<?xml version="1.0" encoding="UTF-8"?>
<testsuites name="RAD_UI_TestSuite" time="347.231" tests="1" failures="1" errors="0">
   <testsuite name="RAD_UI_TestSuite" tests="1" failures="1" errors="0" time="347.231" skipped="0" timestamp="2023-09-27 11:45:02" hostname="imtiaz - DESKTOP-B2QI6NS.govolution.com" id="Test Suites/RAD_TestSuite/RAD_UI_TestSuite">
      <properties>
         <property name="deviceName" value=""/>
         <property name="devicePlatform" value=""/>
         <property name="logFolder" value="E:\\Cloned-Project-Katalon\\VPS-Katalon\\Reports\\20230927_114456\\RAD_TestSuite\\RAD_UI_TestSuite\\20230927_114456"/>
         <property name="logFiles" value="E:\\Cloned-Project-Katalon\\VPS-Katalon\\Reports\\20230927_114456\\RAD_TestSuite\\RAD_UI_TestSuite\\20230927_114456\\execution0.log"/>
         <property name="attachments" value="E:\\Cloned-Project-Katalon\\VPS-Katalon\\Reports\\20230927_114456\\RAD_TestSuite\\RAD_UI_TestSuite\\20230927_114456\\1695829552343.png, E:\\Cloned-Project-Katalon\\VPS-Katalon\\Reports\\20230927_114456\\RAD_TestSuite\\RAD_UI_TestSuite\\20230927_114456\\1695829553038.png, E:\\Cloned-Project-Katalon\\VPS-Katalon\\Reports\\20230927_114456\\RAD_TestSuite\\RAD_UI_TestSuite\\20230927_114456\\1695829564842.png, E:\\Cloned-Project-Katalon\\VPS-Katalon\\Reports\\20230927_114456\\RAD_TestSuite\\RAD_UI_TestSuite\\20230927_114456\\1695829565471.png, E:\\Cloned-Project-Katalon\\VPS-Katalon\\Reports\\20230927_114456\\RAD_TestSuite\\RAD_UI_TestSuite\\20230927_114456\\1695829627156.png, E:\\Cloned-Project-Katalon\\VPS-Katalon\\Reports\\20230927_114456\\RAD_TestSuite\\RAD_UI_TestSuite\\20230927_114456\\1695829627796.png, E:\\Cloned-Project-Katalon\\VPS-Katalon\\Reports\\20230927_114456\\RAD_TestSuite\\RAD_UI_TestSuite\\20230927_114456\\1695829639000.png, E:\\Cloned-Project-Katalon\\VPS-Katalon\\Reports\\20230927_114456\\RAD_TestSuite\\RAD_UI_TestSuite\\20230927_114456\\1695829639621.png"/>
         <property name="hostName" value="imtiaz - DESKTOP-B2QI6NS.govolution.com"/>
         <property name="os" value="Windows 10 64bit"/>
         <property name="katalonVersion" value="8.6.6.208"/>
         <property name="browser" value="Chrome 117.0.0.0"/>
         <property name="hostAddress" value="172.31.253.139"/>
         <property name="sessionId" value="484b2c27e67cedde3ac5ba7056ccb9a1"/>
         <property name="seleniumVersion" value="3.141.59"/>
         <property name="proxyInformation" value="ProxyInformation { proxyOption=NO_PROXY, proxyServerType=HTTP, username=, password=********, proxyServerAddress=, proxyServerPort=0, executionList=&quot;&quot;, isApplyToDesiredCapabilities=true }"/>
         <property name="platform" value="Windows 10"/>
      </properties>
      <testcase name="Test Cases/RAD_TestCases/Negative_TestCases/FEINmismatchError" time="346.826" classname="Test Cases/RAD_TestCases/Negative_TestCases/FEINmismatchError" status="FAILED">
         <failure type="FAILED" message="Test Cases/RAD_TestCases/Negative_TestCases/FEINmismatchError FAILED.
Reason:
com.kms.katalon.core.exception.StepFailedException: Unable to set encrypted text for object 'Object Repository/RAD_Pages/TaxInfo_Page/input_TaxInformation_feinSsn' (Root cause: com.kms.katalon.core.exception.StepFailedException: Unable to set encrypted text for object 'Object Repository/RAD_Pages/TaxInfo_Page/input_TaxInformation_feinSsn'
	at com.kms.katalon.core.webui.keyword.internal.WebUIKeywordMain.stepFailed(WebUIKeywordMain.groovy:64)
	at com.kms.katalon.core.webui.keyword.internal.WebUIKeywordMain.runKeyword(WebUIKeywordMain.groovy:26)
	at com.kms.katalon.core.webui.keyword.builtin.SetEncryptedTextKeyword.setEncryptedText(SetEncryptedTextKeyword.groovy:65)
	at com.kms.katalon.core.webui.keyword.builtin.SetEncryptedTextKeyword.execute(SetEncryptedTextKeyword.groovy:34)
	at com.kms.katalon.core.keyword.internal.KeywordExecutor.executeKeywordForPlatform(KeywordExecutor.groovy:74)
	at com.kms.katalon.core.webui.keyword.WebUiBuiltInKeywords.setEncryptedText(WebUiBuiltInKeywords.groovy:1011)
	at com.kms.katalon.core.webui.keyword.WebUiBuiltInKeywords$setEncryptedText$4.call(Unknown Source)
	at FEINmismatchError.run(FEINmismatchError:143)
	at com.kms.katalon.core.main.ScriptEngine.run(ScriptEngine.java:194)
	at com.kms.katalon.core.main.ScriptEngine.runScriptAsRawText(ScriptEngine.java:119)
	at com.kms.katalon.core.main.TestCaseExecutor.runScript(TestCaseExecutor.java:448)
	at com.kms.katalon.core.main.TestCaseExecutor.doExecute(TestCaseExecutor.java:439)
	at com.kms.katalon.core.main.TestCaseExecutor.processExecutionPhase(TestCaseExecutor.java:418)
	at com.kms.katalon.core.main.TestCaseExecutor.accessMainPhase(TestCaseExecutor.java:410)
	at com.kms.katalon.core.main.TestCaseExecutor.execute(TestCaseExecutor.java:285)
	at com.kms.katalon.core.common.CommonExecutor.accessTestCaseMainPhase(CommonExecutor.java:65)
	at com.kms.katalon.core.main.TestSuiteExecutor.accessTestSuiteMainPhase(TestSuiteExecutor.java:148)
	at com.kms.katalon.core.main.TestSuiteExecutor.execute(TestSuiteExecutor.java:106)
	at com.kms.katalon.core.main.TestCaseMain.startTestSuite(TestCaseMain.java:187)
	at com.kms.katalon.core.main.TestCaseMain$startTestSuite$0.call(Unknown Source)
	at TempTestSuite1695829496928.run(TempTestSuite1695829496928.groovy:36)
Caused by: org.openqa.selenium.ElementNotInteractableException: element not interactable
  (Session info: chrome=117.0.5938.92)
Build info: version: '3.141.59', revision: 'e82be7d358', time: '2018-11-14T08:25:53'
System info: host: 'DESKTOP-B2QI6NS', ip: '172.31.253.139', os.name: 'Windows 10', os.arch: 'amd64', os.version: '10.0', java.version: '1.8.0_181'
Driver info: com.kms.katalon.selenium.driver.CChromeDriver
Capabilities {acceptInsecureCerts: true, browserName: chrome, browserVersion: 117.0.5938.92, chrome: {chromedriverVersion: 116.0.5845.96 (1a3918166880..., userDataDir: C:\Users\imtiaz\AppData\Loc...}, fedcm:accounts: true, goog:chromeOptions: {debuggerAddress: localhost:62364}, javascriptEnabled: true, networkConnectionEnabled: false, pageLoadStrategy: normal, platform: WINDOWS, platformName: WINDOWS, proxy: Proxy(), setWindowRect: true, strictFileInteractability: false, timeouts: {implicit: 0, pageLoad: 300000, script: 30000}, unhandledPromptBehavior: dismiss and notify, webauthn:extension:credBlob: true, webauthn:extension:largeBlob: true, webauthn:extension:minPinLength: true, webauthn:extension:prf: true, webauthn:virtualAuthenticators: true}
Session ID: dcf7be3eb9dc531847b522123ea8b6cc
	at org.openqa.selenium.remote.http.W3CHttpResponseCodec.createException(W3CHttpResponseCodec.java:187)
	at org.openqa.selenium.remote.http.W3CHttpResponseCodec.decode(W3CHttpResponseCodec.java:122)
	at org.openqa.selenium.remote.http.W3CHttpResponseCodec.decode(W3CHttpResponseCodec.java:49)
	at org.openqa.selenium.remote.HttpCommandExecutor.execute(HttpCommandExecutor.java:158)
	at org.openqa.selenium.remote.service.DriverCommandExecutor.execute(DriverCommandExecutor.java:83)
	at org.openqa.selenium.remote.RemoteWebDriver.execute(RemoteWebDriver.java:552)
	at com.kms.katalon.selenium.driver.CChromeDriver.execute(CChromeDriver.java:19)
	at org.openqa.selenium.remote.RemoteWebElement.execute(RemoteWebElement.java:285)
	at org.openqa.selenium.remote.RemoteWebElement.clear(RemoteWebElement.java:124)
	at org.openqa.selenium.support.events.EventFiringWebDriver$EventFiringWebElement.lambda$new$0(EventFiringWebDriver.java:404)
	at com.sun.proxy.$Proxy11.clear(Unknown Source)
	at org.openqa.selenium.support.events.EventFiringWebDriver$EventFiringWebElement.clear(EventFiringWebDriver.java:436)
	at com.kms.katalon.core.webui.keyword.builtin.SetEncryptedTextKeyword$_setEncryptedText_closure1.doCall(SetEncryptedTextKeyword.groovy:54)
	at com.kms.katalon.core.webui.keyword.builtin.SetEncryptedTextKeyword$_setEncryptedText_closure1.call(SetEncryptedTextKeyword.groovy)
	at com.kms.katalon.core.webui.keyword.internal.WebUIKeywordMain.runKeyword(WebUIKeywordMain.groovy:20)
	at com.kms.katalon.core.webui.keyword.builtin.SetEncryptedTextKeyword.setEncryptedText(SetEncryptedTextKeyword.groovy:65)
	at com.kms.katalon.core.webui.keyword.builtin.SetEncryptedTextKeyword.execute(SetEncryptedTextKeyword.groovy:34)
	at com.kms.katalon.core.keyword.internal.KeywordExecutor.executeKeywordForPlatform(KeywordExecutor.groovy:74)
	at com.kms.katalon.core.webui.keyword.WebUiBuiltInKeywords.setEncryptedText(WebUiBuiltInKeywords.groovy:1011)
	at com.kms.katalon.core.webui.keyword.WebUiBuiltInKeywords$setEncryptedText$4.call(Unknown Source)
	at Script1693763256792.run(Script1693763256792.groovy:143)
	... 13 more
)
	at com.kms.katalon.core.keyword.internal.KeywordMain.stepFailed(KeywordMain.groovy:39)
	at com.kms.katalon.core.webui.keyword.internal.WebUIKeywordMain.stepFailed(WebUIKeywordMain.groovy:64)
	at com.kms.katalon.core.webui.keyword.internal.WebUIKeywordMain.runKeyword(WebUIKeywordMain.groovy:26)
	at com.kms.katalon.core.webui.keyword.builtin.SetEncryptedTextKeyword.setEncryptedText(SetEncryptedTextKeyword.groovy:65)
	at com.kms.katalon.core.webui.keyword.builtin.SetEncryptedTextKeyword.execute(SetEncryptedTextKeyword.groovy:34)
	at com.kms.katalon.core.keyword.internal.KeywordExecutor.executeKeywordForPlatform(KeywordExecutor.groovy:74)
	at com.kms.katalon.core.webui.keyword.WebUiBuiltInKeywords.setEncryptedText(WebUiBuiltInKeywords.groovy:1011)
	at com.kms.katalon.core.webui.keyword.WebUiBuiltInKeywords$setEncryptedText$4.call(Unknown Source)
	at FEINmismatchError.run(FEINmismatchError:143)
	at com.kms.katalon.core.main.ScriptEngine.run(ScriptEngine.java:194)
	at com.kms.katalon.core.main.ScriptEngine.runScriptAsRawText(ScriptEngine.java:119)
	at com.kms.katalon.core.main.TestCaseExecutor.runScript(TestCaseExecutor.java:448)
	at com.kms.katalon.core.main.TestCaseExecutor.doExecute(TestCaseExecutor.java:439)
	at com.kms.katalon.core.main.TestCaseExecutor.processExecutionPhase(TestCaseExecutor.java:418)
	at com.kms.katalon.core.main.TestCaseExecutor.accessMainPhase(TestCaseExecutor.java:410)
	at com.kms.katalon.core.main.TestCaseExecutor.execute(TestCaseExecutor.java:285)
	at com.kms.katalon.core.common.CommonExecutor.accessTestCaseMainPhase(CommonExecutor.java:65)
	at com.kms.katalon.core.main.TestSuiteExecutor.accessTestSuiteMainPhase(TestSuiteExecutor.java:148)
	at com.kms.katalon.core.main.TestSuiteExecutor.execute(TestSuiteExecutor.java:106)
	at com.kms.katalon.core.main.TestCaseMain.startTestSuite(TestCaseMain.java:187)
	at com.kms.katalon.core.main.TestCaseMain$startTestSuite$0.call(Unknown Source)
	at TempTestSuite1695829496928.run(TempTestSuite1695829496928.groovy:36)
Caused by: com.kms.katalon.core.exception.StepFailedException: Unable to set encrypted text for object 'Object Repository/RAD_Pages/TaxInfo_Page/input_TaxInformation_feinSsn'
	... 21 more
Caused by: org.openqa.selenium.ElementNotInteractableException: element not interactable
  (Session info: chrome=117.0.5938.92)
Build info: version: '3.141.59', revision: 'e82be7d358', time: '2018-11-14T08:25:53'
System info: host: 'DESKTOP-B2QI6NS', ip: '172.31.253.139', os.name: 'Windows 10', os.arch: 'amd64', os.version: '10.0', java.version: '1.8.0_181'
Driver info: com.kms.katalon.selenium.driver.CChromeDriver
Capabilities {acceptInsecureCerts: true, browserName: chrome, browserVersion: 117.0.5938.92, chrome: {chromedriverVersion: 116.0.5845.96 (1a3918166880..., userDataDir: C:\Users\imtiaz\AppData\Loc...}, fedcm:accounts: true, goog:chromeOptions: {debuggerAddress: localhost:62364}, javascriptEnabled: true, networkConnectionEnabled: false, pageLoadStrategy: normal, platform: WINDOWS, platformName: WINDOWS, proxy: Proxy(), setWindowRect: true, strictFileInteractability: false, timeouts: {implicit: 0, pageLoad: 300000, script: 30000}, unhandledPromptBehavior: dismiss and notify, webauthn:extension:credBlob: true, webauthn:extension:largeBlob: true, webauthn:extension:minPinLength: true, webauthn:extension:prf: true, webauthn:virtualAuthenticators: true}
Session ID: dcf7be3eb9dc531847b522123ea8b6cc
	at org.openqa.selenium.remote.http.W3CHttpResponseCodec.createException(W3CHttpResponseCodec.java:187)
	at org.openqa.selenium.remote.http.W3CHttpResponseCodec.decode(W3CHttpResponseCodec.java:122)
	at org.openqa.selenium.remote.http.W3CHttpResponseCodec.decode(W3CHttpResponseCodec.java:49)
	at org.openqa.selenium.remote.HttpCommandExecutor.execute(HttpCommandExecutor.java:158)
	at org.openqa.selenium.remote.service.DriverCommandExecutor.execute(DriverCommandExecutor.java:83)
	at org.openqa.selenium.remote.RemoteWebDriver.execute(RemoteWebDriver.java:552)
	at com.kms.katalon.selenium.driver.CChromeDriver.execute(CChromeDriver.java:19)
	at org.openqa.selenium.remote.RemoteWebElement.execute(RemoteWebElement.java:285)
	at org.openqa.selenium.remote.RemoteWebElement.clear(RemoteWebElement.java:124)
	at org.openqa.selenium.support.events.EventFiringWebDriver$EventFiringWebElement.lambda$new$0(EventFiringWebDriver.java:404)
	at com.sun.proxy.$Proxy11.clear(Unknown Source)
	at org.openqa.selenium.support.events.EventFiringWebDriver$EventFiringWebElement.clear(EventFiringWebDriver.java:436)
	at com.kms.katalon.core.webui.keyword.builtin.SetEncryptedTextKeyword$_setEncryptedText_closure1.doCall(SetEncryptedTextKeyword.groovy:54)
	at com.kms.katalon.core.webui.keyword.builtin.SetEncryptedTextKeyword$_setEncryptedText_closure1.call(SetEncryptedTextKeyword.groovy)
	at com.kms.katalon.core.webui.keyword.internal.WebUIKeywordMain.runKeyword(WebUIKeywordMain.groovy:20)
	... 19 more
"/>
         <system-out><![CDATA[2023-09-27 11:45:02 - [TEST_CASE][FAILED] - Test Cases/RAD_TestCases/Negative_TestCases/FEINmismatchError: Test Cases/RAD_TestCases/Negative_TestCases/FEINmismatchError FAILED.
Reason:
com.kms.katalon.core.exception.StepFailedException: Unable to set encrypted text for object 'Object Repository/RAD_Pages/TaxInfo_Page/input_TaxInformation_feinSsn' (Root cause: com.kms.katalon.core.exception.StepFailedException: Unable to set encrypted text for object 'Object Repository/RAD_Pages/TaxInfo_Page/input_TaxInformation_feinSsn'
	at com.kms.katalon.core.webui.keyword.internal.WebUIKeywordMain.stepFailed(WebUIKeywordMain.groovy:64)
	at com.kms.katalon.core.webui.keyword.internal.WebUIKeywordMain.runKeyword(WebUIKeywordMain.groovy:26)
	at com.kms.katalon.core.webui.keyword.builtin.SetEncryptedTextKeyword.setEncryptedText(SetEncryptedTextKeyword.groovy:65)
	at com.kms.katalon.core.webui.keyword.builtin.SetEncryptedTextKeyword.execute(SetEncryptedTextKeyword.groovy:34)
	at com.kms.katalon.core.keyword.internal.KeywordExecutor.executeKeywordForPlatform(KeywordExecutor.groovy:74)
	at com.kms.katalon.core.webui.keyword.WebUiBuiltInKeywords.setEncryptedText(WebUiBuiltInKeywords.groovy:1011)
	at com.kms.katalon.core.webui.keyword.WebUiBuiltInKeywords$setEncryptedText$4.call(Unknown Source)
	at FEINmismatchError.run(FEINmismatchError:143)
	at com.kms.katalon.core.main.ScriptEngine.run(ScriptEngine.java:194)
	at com.kms.katalon.core.main.ScriptEngine.runScriptAsRawText(ScriptEngine.java:119)
	at com.kms.katalon.core.main.TestCaseExecutor.runScript(TestCaseExecutor.java:448)
	at com.kms.katalon.core.main.TestCaseExecutor.doExecute(TestCaseExecutor.java:439)
	at com.kms.katalon.core.main.TestCaseExecutor.processExecutionPhase(TestCaseExecutor.java:418)
	at com.kms.katalon.core.main.TestCaseExecutor.accessMainPhase(TestCaseExecutor.java:410)
	at com.kms.katalon.core.main.TestCaseExecutor.execute(TestCaseExecutor.java:285)
	at com.kms.katalon.core.common.CommonExecutor.accessTestCaseMainPhase(CommonExecutor.java:65)
	at com.kms.katalon.core.main.TestSuiteExecutor.accessTestSuiteMainPhase(TestSuiteExecutor.java:148)
	at com.kms.katalon.core.main.TestSuiteExecutor.execute(TestSuiteExecutor.java:106)
	at com.kms.katalon.core.main.TestCaseMain.startTestSuite(TestCaseMain.java:187)
	at com.kms.katalon.core.main.TestCaseMain$startTestSuite$0.call(Unknown Source)
	at TempTestSuite1695829496928.run(TempTestSuite1695829496928.groovy:36)
Caused by: org.openqa.selenium.ElementNotInteractableException: element not interactable
  (Session info: chrome=117.0.5938.92)
Build info: version: '3.141.59', revision: 'e82be7d358', time: '2018-11-14T08:25:53'
System info: host: 'DESKTOP-B2QI6NS', ip: '172.31.253.139', os.name: 'Windows 10', os.arch: 'amd64', os.version: '10.0', java.version: '1.8.0_181'
Driver info: com.kms.katalon.selenium.driver.CChromeDriver
Capabilities {acceptInsecureCerts: true, browserName: chrome, browserVersion: 117.0.5938.92, chrome: {chromedriverVersion: 116.0.5845.96 (1a3918166880..., userDataDir: C:\Users\imtiaz\AppData\Loc...}, fedcm:accounts: true, goog:chromeOptions: {debuggerAddress: localhost:62364}, javascriptEnabled: true, networkConnectionEnabled: false, pageLoadStrategy: normal, platform: WINDOWS, platformName: WINDOWS, proxy: Proxy(), setWindowRect: true, strictFileInteractability: false, timeouts: {implicit: 0, pageLoad: 300000, script: 30000}, unhandledPromptBehavior: dismiss and notify, webauthn:extension:credBlob: true, webauthn:extension:largeBlob: true, webauthn:extension:minPinLength: true, webauthn:extension:prf: true, webauthn:virtualAuthenticators: true}
Session ID: dcf7be3eb9dc531847b522123ea8b6cc
	at org.openqa.selenium.remote.http.W3CHttpResponseCodec.createException(W3CHttpResponseCodec.java:187)
	at org.openqa.selenium.remote.http.W3CHttpResponseCodec.decode(W3CHttpResponseCodec.java:122)
	at org.openqa.selenium.remote.http.W3CHttpResponseCodec.decode(W3CHttpResponseCodec.java:49)
	at org.openqa.selenium.remote.HttpCommandExecutor.execute(HttpCommandExecutor.java:158)
	at org.openqa.selenium.remote.service.DriverCommandExecutor.execute(DriverCommandExecutor.java:83)
	at org.openqa.selenium.remote.RemoteWebDriver.execute(RemoteWebDriver.java:552)
	at com.kms.katalon.selenium.driver.CChromeDriver.execute(CChromeDriver.java:19)
	at org.openqa.selenium.remote.RemoteWebElement.execute(RemoteWebElement.java:285)
	at org.openqa.selenium.remote.RemoteWebElement.clear(RemoteWebElement.java:124)
	at org.openqa.selenium.support.events.EventFiringWebDriver$EventFiringWebElement.lambda$new$0(EventFiringWebDriver.java:404)
	at com.sun.proxy.$Proxy11.clear(Unknown Source)
	at org.openqa.selenium.support.events.EventFiringWebDriver$EventFiringWebElement.clear(EventFiringWebDriver.java:436)
	at com.kms.katalon.core.webui.keyword.builtin.SetEncryptedTextKeyword$_setEncryptedText_closure1.doCall(SetEncryptedTextKeyword.groovy:54)
	at com.kms.katalon.core.webui.keyword.builtin.SetEncryptedTextKeyword$_setEncryptedText_closure1.call(SetEncryptedTextKeyword.groovy)
	at com.kms.katalon.core.webui.keyword.internal.WebUIKeywordMain.runKeyword(WebUIKeywordMain.groovy:20)
	at com.kms.katalon.core.webui.keyword.builtin.SetEncryptedTextKeyword.setEncryptedText(SetEncryptedTextKeyword.groovy:65)
	at com.kms.katalon.core.webui.keyword.builtin.SetEncryptedTextKeyword.execute(SetEncryptedTextKeyword.groovy:34)
	at com.kms.katalon.core.keyword.internal.KeywordExecutor.executeKeywordForPlatform(KeywordExecutor.groovy:74)
	at com.kms.katalon.core.webui.keyword.WebUiBuiltInKeywords.setEncryptedText(WebUiBuiltInKeywords.groovy:1011)
	at com.kms.katalon.core.webui.keyword.WebUiBuiltInKeywords$setEncryptedText$4.call(Unknown Source)
	at Script1693763256792.run(Script1693763256792.groovy:143)
	... 13 more
)
	at com.kms.katalon.core.keyword.internal.KeywordMain.stepFailed(KeywordMain.groovy:39)
	at com.kms.katalon.core.webui.keyword.internal.WebUIKeywordMain.stepFailed(WebUIKeywordMain.groovy:64)
	at com.kms.katalon.core.webui.keyword.internal.WebUIKeywordMain.runKeyword(WebUIKeywordMain.groovy:26)
	at com.kms.katalon.core.webui.keyword.builtin.SetEncryptedTextKeyword.setEncryptedText(SetEncryptedTextKeyword.groovy:65)
	at com.kms.katalon.core.webui.keyword.builtin.SetEncryptedTextKeyword.execute(SetEncryptedTextKeyword.groovy:34)
	at com.kms.katalon.core.keyword.internal.KeywordExecutor.executeKeywordForPlatform(KeywordExecutor.groovy:74)
	at com.kms.katalon.core.webui.keyword.WebUiBuiltInKeywords.setEncryptedText(WebUiBuiltInKeywords.groovy:1011)
	at com.kms.katalon.core.webui.keyword.WebUiBuiltInKeywords$setEncryptedText$4.call(Unknown Source)
	at FEINmismatchError.run(FEINmismatchError:143)
	at com.kms.katalon.core.main.ScriptEngine.run(ScriptEngine.java:194)
	at com.kms.katalon.core.main.ScriptEngine.runScriptAsRawText(ScriptEngine.java:119)
	at com.kms.katalon.core.main.TestCaseExecutor.runScript(TestCaseExecutor.java:448)
	at com.kms.katalon.core.main.TestCaseExecutor.doExecute(TestCaseExecutor.java:439)
	at com.kms.katalon.core.main.TestCaseExecutor.processExecutionPhase(TestCaseExecutor.java:418)
	at com.kms.katalon.core.main.TestCaseExecutor.accessMainPhase(TestCaseExecutor.java:410)
	at com.kms.katalon.core.main.TestCaseExecutor.execute(TestCaseExecutor.java:285)
	at com.kms.katalon.core.common.CommonExecutor.accessTestCaseMainPhase(CommonExecutor.java:65)
	at com.kms.katalon.core.main.TestSuiteExecutor.accessTestSuiteMainPhase(TestSuiteExecutor.java:148)
	at com.kms.katalon.core.main.TestSuiteExecutor.execute(TestSuiteExecutor.java:106)
	at com.kms.katalon.core.main.TestCaseMain.startTestSuite(TestCaseMain.java:187)
	at com.kms.katalon.core.main.TestCaseMain$startTestSuite$0.call(Unknown Source)
	at TempTestSuite1695829496928.run(TempTestSuite1695829496928.groovy:36)
Caused by: com.kms.katalon.core.exception.StepFailedException: Unable to set encrypted text for object 'Object Repository/RAD_Pages/TaxInfo_Page/input_TaxInformation_feinSsn'
	... 21 more
Caused by: org.openqa.selenium.ElementNotInteractableException: element not interactable
  (Session info: chrome=117.0.5938.92)
Build info: version: '3.141.59', revision: 'e82be7d358', time: '2018-11-14T08:25:53'
System info: host: 'DESKTOP-B2QI6NS', ip: '172.31.253.139', os.name: 'Windows 10', os.arch: 'amd64', os.version: '10.0', java.version: '1.8.0_181'
Driver info: com.kms.katalon.selenium.driver.CChromeDriver
Capabilities {acceptInsecureCerts: true, browserName: chrome, browserVersion: 117.0.5938.92, chrome: {chromedriverVersion: 116.0.5845.96 (1a3918166880..., userDataDir: C:\Users\imtiaz\AppData\Loc...}, fedcm:accounts: true, goog:chromeOptions: {debuggerAddress: localhost:62364}, javascriptEnabled: true, networkConnectionEnabled: false, pageLoadStrategy: normal, platform: WINDOWS, platformName: WINDOWS, proxy: Proxy(), setWindowRect: true, strictFileInteractability: false, timeouts: {implicit: 0, pageLoad: 300000, script: 30000}, unhandledPromptBehavior: dismiss and notify, webauthn:extension:credBlob: true, webauthn:extension:largeBlob: true, webauthn:extension:minPinLength: true, webauthn:extension:prf: true, webauthn:virtualAuthenticators: true}
Session ID: dcf7be3eb9dc531847b522123ea8b6cc
	at org.openqa.selenium.remote.http.W3CHttpResponseCodec.createException(W3CHttpResponseCodec.java:187)
	at org.openqa.selenium.remote.http.W3CHttpResponseCodec.decode(W3CHttpResponseCodec.java:122)
	at org.openqa.selenium.remote.http.W3CHttpResponseCodec.decode(W3CHttpResponseCodec.java:49)
	at org.openqa.selenium.remote.HttpCommandExecutor.execute(HttpCommandExecutor.java:158)
	at org.openqa.selenium.remote.service.DriverCommandExecutor.execute(DriverCommandExecutor.java:83)
	at org.openqa.selenium.remote.RemoteWebDriver.execute(RemoteWebDriver.java:552)
	at com.kms.katalon.selenium.driver.CChromeDriver.execute(CChromeDriver.java:19)
	at org.openqa.selenium.remote.RemoteWebElement.execute(RemoteWebElement.java:285)
	at org.openqa.selenium.remote.RemoteWebElement.clear(RemoteWebElement.java:124)
	at org.openqa.selenium.support.events.EventFiringWebDriver$EventFiringWebElement.lambda$new$0(EventFiringWebDriver.java:404)
	at com.sun.proxy.$Proxy11.clear(Unknown Source)
	at org.openqa.selenium.support.events.EventFiringWebDriver$EventFiringWebElement.clear(EventFiringWebDriver.java:436)
	at com.kms.katalon.core.webui.keyword.builtin.SetEncryptedTextKeyword$_setEncryptedText_closure1.doCall(SetEncryptedTextKeyword.groovy:54)
	at com.kms.katalon.core.webui.keyword.builtin.SetEncryptedTextKeyword$_setEncryptedText_closure1.call(SetEncryptedTextKeyword.groovy)
	at com.kms.katalon.core.webui.keyword.internal.WebUIKeywordMain.runKeyword(WebUIKeywordMain.groovy:20)
	... 19 more


2023-09-27 11:45:03 - [TEST_STEP][PASSED] - resText = "Fail": null

2023-09-27 11:45:03 - [TEST_STEP][PASSED] - resColumn = "Result": null

2023-09-27 11:45:03 - [TEST_STEP][PASSED] - datCloumn = "Date": null

2023-09-27 11:45:03 - [TEST_STEP][PASSED] - fileLoc = "KatalonData/RADTestData/FEINmismatch.xlsx": null

2023-09-27 11:45:03 - [TEST_STEP][PASSED] - nameSheet = "FEINmismatch": null

2023-09-27 11:45:03 - [TEST_STEP][PASSED] - dataFile = "RADTestData/FEINmismatch": null

2023-09-27 11:45:03 - [TEST_STEP][PASSED] - ExecuteTC = <not implemented yet for class: org.codehaus.groovy.ast.expr.EmptyExpression>: null

2023-09-27 11:45:03 - [TEST_STEP][PASSED] - Taxtype = <not implemented yet for class: org.codehaus.groovy.ast.expr.EmptyExpression>: null

2023-09-27 11:45:03 - [TEST_STEP][PASSED] - Paymenttype = <not implemented yet for class: org.codehaus.groovy.ast.expr.EmptyExpression>: null

2023-09-27 11:45:03 - [TEST_STEP][PASSED] - feinSSN = <not implemented yet for class: org.codehaus.groovy.ast.expr.EmptyExpression>: null

2023-09-27 11:45:03 - [TEST_STEP][PASSED] - numOfRows = findTestData(dataFile).getRowNumbers(): null

2023-09-27 11:45:04 - [TEST_STEP][PASSED] - println("Number of Records: " + numOfRows): null

2023-09-27 11:45:04 - [TEST_STEP][FAILED] - for ([row = 1, row <= numOfRows, (row++)]): null

2023-09-27 11:45:04 - [TEST_STEP][PASSED] - ExecuteTC = findTestData(dataFile).getValue("Execute", row): null

2023-09-27 11:45:04 - [TEST_STEP][PASSED] - Taxtype = findTestData(dataFile).getValue("TaxType", row): null

2023-09-27 11:45:04 - [TEST_STEP][PASSED] - Paymenttype = findTestData(dataFile).getValue("PaymentType", row): null

2023-09-27 11:45:04 - [TEST_STEP][PASSED] - feinSSN = findTestData(dataFile).getValue("FeinSsn", row): null

2023-09-27 11:45:04 - [TEST_STEP][PASSED] - out.println("Value of Execute is : " + ExecuteTC): null

2023-09-27 11:45:04 - [TEST_STEP][PASSED] - if (ExecuteTC.equalsIgnoreCase("Y")): null

2023-09-27 11:45:04 - [TEST_STEP][PASSED] - out.println("Begin Record Number: " + row): null

2023-09-27 11:45:04 - [TEST_STEP][PASSED] - today = new java.util.Date(): null

2023-09-27 11:45:04 - [TEST_STEP][PASSED] - println(today): null

2023-09-27 11:45:04 - [TEST_STEP][PASSED] - datText = today: null

2023-09-27 11:45:04 - [TEST_STEP][PASSED] - Taxtype = findTestData(dataFile).getValue("TaxType", row): null

2023-09-27 11:45:04 - [TEST_STEP][PASSED] - out.println("Taxtype value is : " + Taxtype): null

2023-09-27 11:45:04 - [TEST_STEP][PASSED] - openBrowser(""): Browser is opened with url: ''

2023-09-27 11:45:04 - [MESSAGE][INFO] - Starting 'Chrome' driver

2023-09-27 11:45:04 - [MESSAGE][INFO] - User set preference: ['acceptInsecureCerts', 'true']

2023-09-27 11:45:04 - [MESSAGE][INFO] - Action delay is set to 0 milliseconds

2023-09-27 11:45:07 - [MESSAGE][PASSED] - Browser is opened with url: ''

2023-09-27 11:45:07 - [TEST_STEP][PASSED] - maximizeWindow(): Current window maximized

2023-09-27 11:45:07 - [MESSAGE][PASSED] - Current window maximized

2023-09-27 11:45:07 - [TEST_STEP][PASSED] - navigateToUrl(RADurl): Navigate to 'https://qa2.velocitypayment.com/client/rad/index.html' successfully

2023-09-27 11:45:09 - [MESSAGE][PASSED] - Navigate to 'https://qa2.velocitypayment.com/client/rad/index.html' successfully

2023-09-27 11:45:09 - [TEST_STEP][PASSED] - orPath_Landing = "Object Repository/RAD_Pages/Landing_Page": null

2023-09-27 11:45:09 - [TEST_STEP][PASSED] - orPath_TaxTypeFilingYear = "Object Repository/RAD_Pages/TaxTypeFilingYear_Page": null

2023-09-27 11:45:09 - [TEST_STEP][PASSED] - orPath_TaxPayer = "Object Repository/RAD_Pages/Taxpayer_Page": null

2023-09-27 11:45:09 - [TEST_STEP][PASSED] - orPath_AddressContact = "Object Repository/RAD_Pages/AddressAndContactInfo_Page": null

2023-09-27 11:45:09 - [TEST_STEP][PASSED] - orPath_FilingStatus = "Object Repository/RAD_Pages/FilingStatus_Page": null

2023-09-27 11:45:09 - [TEST_STEP][PASSED] - orPath_Amount = "Object Repository/RAD_Pages/PaymentAmount_Page": null

2023-09-27 11:45:09 - [TEST_STEP][PASSED] - orPath_TaxInfo = "Object Repository/RAD_Pages/TaxInfo_Page": null

2023-09-27 11:45:09 - [TEST_STEP][PASSED] - orPath_Withholding = "Object Repository/RAD_Pages/Withholding_Page": null

2023-09-27 11:45:09 - [TEST_STEP][PASSED] - orPath_Summary = "Object Repository/RAD_Pages/Summary_Page": null

2023-09-27 11:45:09 - [TEST_STEP][PASSED] - orPath_PaymentReady = "Object Repository/RAD_Pages/PaymentReady_Page": null

2023-09-27 11:45:09 - [TEST_STEP][PASSED] - orPath_PaymentEntry = "Object Repository/RAD_Pages/PaymentEntry_Page": null

2023-09-27 11:45:09 - [TEST_STEP][PASSED] - orPath_PaymentConfirmation = "Object Repository/RAD_Pages/PaymentConfirmation_Page": null

2023-09-27 11:45:09 - [TEST_STEP][PASSED] - orPath_ServiceFeesAccept = "Object Repository/RAD_Pages/ServiceFeeAccept_Page": null

2023-09-27 11:45:09 - [TEST_STEP][PASSED] - selectOptionByLabel(findTestObject(orPath_Landing + "/dd_TaxType"), Paymenttype, false): All options with label 'Existing Liability w/Notice Number' are selected in object 'Object Repository/RAD_Pages/Landing_Page/dd_TaxType' 

2023-09-27 11:45:10 - [MESSAGE][PASSED] - All options with label 'Existing Liability w/Notice Number' are selected in object 'Object Repository/RAD_Pages/Landing_Page/dd_TaxType' 

2023-09-27 11:45:10 - [TEST_STEP][PASSED] - delay(1): Delayed 1 second(s)

2023-09-27 11:45:11 - [MESSAGE][PASSED] - Delayed 1 second(s)

2023-09-27 11:45:11 - [TEST_STEP][PASSED] - switch (Paymenttype): null

2023-09-27 11:45:11 - [TEST_STEP][PASSED] - case "Existing Liability w/Notice Number":: null

2023-09-27 11:45:11 - [TEST_STEP][PASSED] - selectOptionByLabel(findTestObject(orPath_TaxTypeFilingYear + "/select_TaxType_ExistingLiability"), Taxtype, false): All options with label 'Bay Restoration Fee' are selected in object 'Object Repository/RAD_Pages/TaxTypeFilingYear_Page/select_TaxType_ExistingLiability' 

2023-09-27 11:45:12 - [MESSAGE][PASSED] - All options with label 'Bay Restoration Fee' are selected in object 'Object Repository/RAD_Pages/TaxTypeFilingYear_Page/select_TaxType_ExistingLiability' 

2023-09-27 11:45:12 - [TEST_STEP][PASSED] - break: null

2023-09-27 11:45:12 - [TEST_STEP][PASSED] - delay(1): Delayed 1 second(s)

2023-09-27 11:45:13 - [MESSAGE][PASSED] - Delayed 1 second(s)

2023-09-27 11:45:13 - [TEST_STEP][PASSED] - scrollToElement(findTestObject(orPath_Amount + "/input__paymentAmount"), 2, CONTINUE_ON_FAILURE): Scroll to object 'Object Repository/RAD_Pages/PaymentAmount_Page/input__paymentAmount' successfully

2023-09-27 11:45:13 - [MESSAGE][PASSED] - Scroll to object 'Object Repository/RAD_Pages/PaymentAmount_Page/input__paymentAmount' successfully

2023-09-27 11:45:13 - [TEST_STEP][PASSED] - switch (Paymenttype): null

2023-09-27 11:45:13 - [TEST_STEP][PASSED] - case "Existing Liability w/Notice Number":: null

2023-09-27 11:45:13 - [TEST_STEP][PASSED] - if (feinSSN.equalsIgnoreCase("Y")): null

2023-09-27 11:45:13 - [TEST_STEP][PASSED] - else: Text ****** has been set on object 'Object Repository/RAD_RecordAndPlay/input_Existing_RetypeFEIN'

2023-09-27 11:45:13 - [TEST_STEP][PASSED] - setEncryptedText(findTestObject("Object Repository/RAD_RecordAndPlay/input_Existing_FEIN"), "RigbBhfdqODKcAsiUrg+1Q=="): Text ****** has been set on object 'Object Repository/RAD_RecordAndPlay/input_Existing_FEIN'

2023-09-27 11:45:14 - [MESSAGE][PASSED] - Text ****** has been set on object 'Object Repository/RAD_RecordAndPlay/input_Existing_FEIN'

2023-09-27 11:45:15 - [TEST_STEP][PASSED] - setEncryptedText(findTestObject("Object Repository/RAD_RecordAndPlay/input_Existing_RetypeFEIN"), "RigbBhfdqOBBGbZqm4oFJQ=="): Text ****** has been set on object 'Object Repository/RAD_RecordAndPlay/input_Existing_RetypeFEIN'

2023-09-27 11:45:16 - [MESSAGE][PASSED] - Text ****** has been set on object 'Object Repository/RAD_RecordAndPlay/input_Existing_RetypeFEIN'

2023-09-27 11:45:16 - [TEST_STEP][PASSED] - break: null

2023-09-27 11:45:16 - [TEST_STEP][PASSED] - setText(findTestObject(orPath_Amount + "/input__paymentAmount"), ""): Text '' is set on object 'Object Repository/RAD_Pages/PaymentAmount_Page/input__paymentAmount'

2023-09-27 11:45:16 - [MESSAGE][PASSED] - Text '' is set on object 'Object Repository/RAD_Pages/PaymentAmount_Page/input__paymentAmount'

2023-09-27 11:45:16 - [TEST_STEP][PASSED] - verifyTextPresent("The FEIN and Re-type FEIN do not match", true): Text 'The FEIN and Re-type FEIN do not match' is present on page  using regular expression

2023-09-27 11:45:17 - [MESSAGE][PASSED] - Text 'The FEIN and Re-type FEIN do not match' is present on page  using regular expression

2023-09-27 11:45:17 - [TEST_STEP][PASSED] - if (verifyTextPresent("The FEIN and Re-type FEIN do not match", true)): null

2023-09-27 11:45:17 - [MESSAGE][PASSED] - Text 'The FEIN and Re-type FEIN do not match' is present on page  using regular expression

2023-09-27 11:45:17 - [TEST_STEP][PASSED] - println("Error Message is present on the page"): null

2023-09-27 11:45:17 - [TEST_STEP][PASSED] - out.println("Pass Record Number: " + row): null

2023-09-27 11:45:17 - [TEST_STEP][PASSED] - resText = "Pass": null

2023-09-27 11:45:17 - [TEST_STEP][PASSED] - pages.WriteExcel.demoKey(resText, datText, resColumn, datCloumn, fileLoc, nameSheet, row): pages.WriteExcel.demoKey is PASSED

2023-09-27 11:45:18 - [MESSAGE][PASSED] - pages.WriteExcel.demoKey is PASSED

2023-09-27 11:45:18 - [TEST_STEP][PASSED] - ExecuteTC = findTestData(dataFile).getValue("Execute", row): null

2023-09-27 11:45:18 - [TEST_STEP][PASSED] - Taxtype = findTestData(dataFile).getValue("TaxType", row): null

2023-09-27 11:45:18 - [TEST_STEP][PASSED] - Paymenttype = findTestData(dataFile).getValue("PaymentType", row): null

2023-09-27 11:45:18 - [TEST_STEP][PASSED] - feinSSN = findTestData(dataFile).getValue("FeinSsn", row): null

2023-09-27 11:45:18 - [TEST_STEP][PASSED] - out.println("Value of Execute is : " + ExecuteTC): null

2023-09-27 11:45:18 - [TEST_STEP][PASSED] - if (ExecuteTC.equalsIgnoreCase("Y")): null

2023-09-27 11:45:18 - [TEST_STEP][PASSED] - out.println("Begin Record Number: " + row): null

2023-09-27 11:45:18 - [TEST_STEP][PASSED] - today = new java.util.Date(): null

2023-09-27 11:45:18 - [TEST_STEP][PASSED] - println(today): null

2023-09-27 11:45:18 - [TEST_STEP][PASSED] - datText = today: null

2023-09-27 11:45:18 - [TEST_STEP][PASSED] - Taxtype = findTestData(dataFile).getValue("TaxType", row): null

2023-09-27 11:45:18 - [TEST_STEP][PASSED] - out.println("Taxtype value is : " + Taxtype): null

2023-09-27 11:45:18 - [TEST_STEP][PASSED] - openBrowser(""): Browser is opened with url: ''

2023-09-27 11:45:18 - [MESSAGE][WARNING] - A browser is already opened. Closing browser and opening a new one

2023-09-27 11:45:20 - [MESSAGE][INFO] - Starting 'Chrome' driver

2023-09-27 11:45:20 - [MESSAGE][INFO] - User set preference: ['acceptInsecureCerts', 'true']

2023-09-27 11:45:20 - [MESSAGE][INFO] - Action delay is set to 0 milliseconds

2023-09-27 11:45:21 - [MESSAGE][PASSED] - Browser is opened with url: ''

2023-09-27 11:45:21 - [TEST_STEP][PASSED] - maximizeWindow(): Current window maximized

2023-09-27 11:45:21 - [MESSAGE][PASSED] - Current window maximized

2023-09-27 11:45:21 - [TEST_STEP][PASSED] - navigateToUrl(RADurl): Navigate to 'https://qa2.velocitypayment.com/client/rad/index.html' successfully

2023-09-27 11:45:23 - [MESSAGE][PASSED] - Navigate to 'https://qa2.velocitypayment.com/client/rad/index.html' successfully

2023-09-27 11:45:23 - [TEST_STEP][PASSED] - orPath_Landing = "Object Repository/RAD_Pages/Landing_Page": null

2023-09-27 11:45:23 - [TEST_STEP][PASSED] - orPath_TaxTypeFilingYear = "Object Repository/RAD_Pages/TaxTypeFilingYear_Page": null

2023-09-27 11:45:23 - [TEST_STEP][PASSED] - orPath_TaxPayer = "Object Repository/RAD_Pages/Taxpayer_Page": null

2023-09-27 11:45:23 - [TEST_STEP][PASSED] - orPath_AddressContact = "Object Repository/RAD_Pages/AddressAndContactInfo_Page": null

2023-09-27 11:45:23 - [TEST_STEP][PASSED] - orPath_FilingStatus = "Object Repository/RAD_Pages/FilingStatus_Page": null

2023-09-27 11:45:23 - [TEST_STEP][PASSED] - orPath_Amount = "Object Repository/RAD_Pages/PaymentAmount_Page": null

2023-09-27 11:45:23 - [TEST_STEP][PASSED] - orPath_TaxInfo = "Object Repository/RAD_Pages/TaxInfo_Page": null

2023-09-27 11:45:23 - [TEST_STEP][PASSED] - orPath_Withholding = "Object Repository/RAD_Pages/Withholding_Page": null

2023-09-27 11:45:23 - [TEST_STEP][PASSED] - orPath_Summary = "Object Repository/RAD_Pages/Summary_Page": null

2023-09-27 11:45:23 - [TEST_STEP][PASSED] - orPath_PaymentReady = "Object Repository/RAD_Pages/PaymentReady_Page": null

2023-09-27 11:45:23 - [TEST_STEP][PASSED] - orPath_PaymentEntry = "Object Repository/RAD_Pages/PaymentEntry_Page": null

2023-09-27 11:45:23 - [TEST_STEP][PASSED] - orPath_PaymentConfirmation = "Object Repository/RAD_Pages/PaymentConfirmation_Page": null

2023-09-27 11:45:23 - [TEST_STEP][PASSED] - orPath_ServiceFeesAccept = "Object Repository/RAD_Pages/ServiceFeeAccept_Page": null

2023-09-27 11:45:23 - [TEST_STEP][PASSED] - selectOptionByLabel(findTestObject(orPath_Landing + "/dd_TaxType"), Paymenttype, false): All options with label 'Existing Liability w/Notice Number' are selected in object 'Object Repository/RAD_Pages/Landing_Page/dd_TaxType' 

2023-09-27 11:45:24 - [MESSAGE][PASSED] - All options with label 'Existing Liability w/Notice Number' are selected in object 'Object Repository/RAD_Pages/Landing_Page/dd_TaxType' 

2023-09-27 11:45:24 - [TEST_STEP][PASSED] - delay(1): Delayed 1 second(s)

2023-09-27 11:45:25 - [MESSAGE][PASSED] - Delayed 1 second(s)

2023-09-27 11:45:25 - [TEST_STEP][PASSED] - switch (Paymenttype): null

2023-09-27 11:45:25 - [TEST_STEP][PASSED] - case "Existing Liability w/Notice Number":: null

2023-09-27 11:45:25 - [TEST_STEP][PASSED] - selectOptionByLabel(findTestObject(orPath_TaxTypeFilingYear + "/select_TaxType_ExistingLiability"), Taxtype, false): All options with label 'Corporate Income Tax' are selected in object 'Object Repository/RAD_Pages/TaxTypeFilingYear_Page/select_TaxType_ExistingLiability' 

2023-09-27 11:45:25 - [MESSAGE][PASSED] - All options with label 'Corporate Income Tax' are selected in object 'Object Repository/RAD_Pages/TaxTypeFilingYear_Page/select_TaxType_ExistingLiability' 

2023-09-27 11:45:25 - [TEST_STEP][PASSED] - break: null

2023-09-27 11:45:25 - [TEST_STEP][PASSED] - delay(1): Delayed 1 second(s)

2023-09-27 11:45:26 - [MESSAGE][PASSED] - Delayed 1 second(s)

2023-09-27 11:45:26 - [TEST_STEP][PASSED] - scrollToElement(findTestObject(orPath_Amount + "/input__paymentAmount"), 2, CONTINUE_ON_FAILURE): Scroll to object 'Object Repository/RAD_Pages/PaymentAmount_Page/input__paymentAmount' successfully

2023-09-27 11:45:27 - [MESSAGE][PASSED] - Scroll to object 'Object Repository/RAD_Pages/PaymentAmount_Page/input__paymentAmount' successfully

2023-09-27 11:45:27 - [TEST_STEP][PASSED] - switch (Paymenttype): null

2023-09-27 11:45:27 - [TEST_STEP][PASSED] - case "Existing Liability w/Notice Number":: null

2023-09-27 11:45:27 - [TEST_STEP][PASSED] - if (feinSSN.equalsIgnoreCase("Y")): null

2023-09-27 11:45:27 - [TEST_STEP][PASSED] - else: Text ****** has been set on object 'Object Repository/RAD_RecordAndPlay/input_Existing_RetypeFEIN'

2023-09-27 11:45:27 - [TEST_STEP][PASSED] - setEncryptedText(findTestObject("Object Repository/RAD_RecordAndPlay/input_Existing_FEIN"), "RigbBhfdqODKcAsiUrg+1Q=="): Text ****** has been set on object 'Object Repository/RAD_RecordAndPlay/input_Existing_FEIN'

2023-09-27 11:45:28 - [MESSAGE][PASSED] - Text ****** has been set on object 'Object Repository/RAD_RecordAndPlay/input_Existing_FEIN'

2023-09-27 11:45:28 - [TEST_STEP][PASSED] - setEncryptedText(findTestObject("Object Repository/RAD_RecordAndPlay/input_Existing_RetypeFEIN"), "RigbBhfdqOBBGbZqm4oFJQ=="): Text ****** has been set on object 'Object Repository/RAD_RecordAndPlay/input_Existing_RetypeFEIN'

2023-09-27 11:45:29 - [MESSAGE][PASSED] - Text ****** has been set on object 'Object Repository/RAD_RecordAndPlay/input_Existing_RetypeFEIN'

2023-09-27 11:45:29 - [TEST_STEP][PASSED] - break: null

2023-09-27 11:45:29 - [TEST_STEP][PASSED] - setText(findTestObject(orPath_Amount + "/input__paymentAmount"), ""): Text '' is set on object 'Object Repository/RAD_Pages/PaymentAmount_Page/input__paymentAmount'

2023-09-27 11:45:30 - [MESSAGE][PASSED] - Text '' is set on object 'Object Repository/RAD_Pages/PaymentAmount_Page/input__paymentAmount'

2023-09-27 11:45:30 - [TEST_STEP][PASSED] - verifyTextPresent("The FEIN and Re-type FEIN do not match", true): Text 'The FEIN and Re-type FEIN do not match' is present on page  using regular expression

2023-09-27 11:45:30 - [MESSAGE][PASSED] - Text 'The FEIN and Re-type FEIN do not match' is present on page  using regular expression

2023-09-27 11:45:30 - [TEST_STEP][PASSED] - if (verifyTextPresent("The FEIN and Re-type FEIN do not match", true)): null

2023-09-27 11:45:31 - [MESSAGE][PASSED] - Text 'The FEIN and Re-type FEIN do not match' is present on page  using regular expression

2023-09-27 11:45:31 - [TEST_STEP][PASSED] - println("Error Message is present on the page"): null

2023-09-27 11:45:31 - [TEST_STEP][PASSED] - out.println("Pass Record Number: " + row): null

2023-09-27 11:45:31 - [TEST_STEP][PASSED] - resText = "Pass": null

2023-09-27 11:45:31 - [TEST_STEP][PASSED] - pages.WriteExcel.demoKey(resText, datText, resColumn, datCloumn, fileLoc, nameSheet, row): pages.WriteExcel.demoKey is PASSED

2023-09-27 11:45:31 - [MESSAGE][PASSED] - pages.WriteExcel.demoKey is PASSED

2023-09-27 11:45:31 - [TEST_STEP][PASSED] - ExecuteTC = findTestData(dataFile).getValue("Execute", row): null

2023-09-27 11:45:31 - [TEST_STEP][PASSED] - Taxtype = findTestData(dataFile).getValue("TaxType", row): null

2023-09-27 11:45:31 - [TEST_STEP][PASSED] - Paymenttype = findTestData(dataFile).getValue("PaymentType", row): null

2023-09-27 11:45:31 - [TEST_STEP][PASSED] - feinSSN = findTestData(dataFile).getValue("FeinSsn", row): null

2023-09-27 11:45:31 - [TEST_STEP][PASSED] - out.println("Value of Execute is : " + ExecuteTC): null

2023-09-27 11:45:31 - [TEST_STEP][PASSED] - if (ExecuteTC.equalsIgnoreCase("Y")): null

2023-09-27 11:45:31 - [TEST_STEP][PASSED] - out.println("Begin Record Number: " + row): null

2023-09-27 11:45:31 - [TEST_STEP][PASSED] - today = new java.util.Date(): null

2023-09-27 11:45:31 - [TEST_STEP][PASSED] - println(today): null

2023-09-27 11:45:31 - [TEST_STEP][PASSED] - datText = today: null

2023-09-27 11:45:31 - [TEST_STEP][PASSED] - Taxtype = findTestData(dataFile).getValue("TaxType", row): null

2023-09-27 11:45:31 - [TEST_STEP][PASSED] - out.println("Taxtype value is : " + Taxtype): null

2023-09-27 11:45:31 - [TEST_STEP][PASSED] - openBrowser(""): Browser is opened with url: ''

2023-09-27 11:45:31 - [MESSAGE][WARNING] - A browser is already opened. Closing browser and opening a new one

2023-09-27 11:45:32 - [MESSAGE][INFO] - Starting 'Chrome' driver

2023-09-27 11:45:32 - [MESSAGE][INFO] - User set preference: ['acceptInsecureCerts', 'true']

2023-09-27 11:45:32 - [MESSAGE][INFO] - Action delay is set to 0 milliseconds

2023-09-27 11:45:34 - [MESSAGE][PASSED] - Browser is opened with url: ''

2023-09-27 11:45:34 - [TEST_STEP][PASSED] - maximizeWindow(): Current window maximized

2023-09-27 11:45:34 - [MESSAGE][PASSED] - Current window maximized

2023-09-27 11:45:34 - [TEST_STEP][PASSED] - navigateToUrl(RADurl): Navigate to 'https://qa2.velocitypayment.com/client/rad/index.html' successfully

2023-09-27 11:45:35 - [MESSAGE][PASSED] - Navigate to 'https://qa2.velocitypayment.com/client/rad/index.html' successfully

2023-09-27 11:45:35 - [TEST_STEP][PASSED] - orPath_Landing = "Object Repository/RAD_Pages/Landing_Page": null

2023-09-27 11:45:35 - [TEST_STEP][PASSED] - orPath_TaxTypeFilingYear = "Object Repository/RAD_Pages/TaxTypeFilingYear_Page": null

2023-09-27 11:45:35 - [TEST_STEP][PASSED] - orPath_TaxPayer = "Object Repository/RAD_Pages/Taxpayer_Page": null

2023-09-27 11:45:35 - [TEST_STEP][PASSED] - orPath_AddressContact = "Object Repository/RAD_Pages/AddressAndContactInfo_Page": null

2023-09-27 11:45:35 - [TEST_STEP][PASSED] - orPath_FilingStatus = "Object Repository/RAD_Pages/FilingStatus_Page": null

2023-09-27 11:45:35 - [TEST_STEP][PASSED] - orPath_Amount = "Object Repository/RAD_Pages/PaymentAmount_Page": null

2023-09-27 11:45:35 - [TEST_STEP][PASSED] - orPath_TaxInfo = "Object Repository/RAD_Pages/TaxInfo_Page": null

2023-09-27 11:45:35 - [TEST_STEP][PASSED] - orPath_Withholding = "Object Repository/RAD_Pages/Withholding_Page": null

2023-09-27 11:45:35 - [TEST_STEP][PASSED] - orPath_Summary = "Object Repository/RAD_Pages/Summary_Page": null

2023-09-27 11:45:35 - [TEST_STEP][PASSED] - orPath_PaymentReady = "Object Repository/RAD_Pages/PaymentReady_Page": null

2023-09-27 11:45:35 - [TEST_STEP][PASSED] - orPath_PaymentEntry = "Object Repository/RAD_Pages/PaymentEntry_Page": null

2023-09-27 11:45:35 - [TEST_STEP][PASSED] - orPath_PaymentConfirmation = "Object Repository/RAD_Pages/PaymentConfirmation_Page": null

2023-09-27 11:45:35 - [TEST_STEP][PASSED] - orPath_ServiceFeesAccept = "Object Repository/RAD_Pages/ServiceFeeAccept_Page": null

2023-09-27 11:45:35 - [TEST_STEP][PASSED] - selectOptionByLabel(findTestObject(orPath_Landing + "/dd_TaxType"), Paymenttype, false): All options with label 'Existing Liability w/Notice Number' are selected in object 'Object Repository/RAD_Pages/Landing_Page/dd_TaxType' 

2023-09-27 11:45:36 - [MESSAGE][PASSED] - All options with label 'Existing Liability w/Notice Number' are selected in object 'Object Repository/RAD_Pages/Landing_Page/dd_TaxType' 

2023-09-27 11:45:36 - [TEST_STEP][PASSED] - delay(1): Delayed 1 second(s)

2023-09-27 11:45:37 - [MESSAGE][PASSED] - Delayed 1 second(s)

2023-09-27 11:45:37 - [TEST_STEP][PASSED] - switch (Paymenttype): null

2023-09-27 11:45:37 - [TEST_STEP][PASSED] - case "Existing Liability w/Notice Number":: null

2023-09-27 11:45:37 - [TEST_STEP][PASSED] - selectOptionByLabel(findTestObject(orPath_TaxTypeFilingYear + "/select_TaxType_ExistingLiability"), Taxtype, false): All options with label 'Fiduciary Tax' are selected in object 'Object Repository/RAD_Pages/TaxTypeFilingYear_Page/select_TaxType_ExistingLiability' 

2023-09-27 11:45:38 - [MESSAGE][PASSED] - All options with label 'Fiduciary Tax' are selected in object 'Object Repository/RAD_Pages/TaxTypeFilingYear_Page/select_TaxType_ExistingLiability' 

2023-09-27 11:45:38 - [TEST_STEP][PASSED] - break: null

2023-09-27 11:45:38 - [TEST_STEP][PASSED] - delay(1): Delayed 1 second(s)

2023-09-27 11:45:39 - [MESSAGE][PASSED] - Delayed 1 second(s)

2023-09-27 11:45:39 - [TEST_STEP][PASSED] - scrollToElement(findTestObject(orPath_Amount + "/input__paymentAmount"), 2, CONTINUE_ON_FAILURE): Scroll to object 'Object Repository/RAD_Pages/PaymentAmount_Page/input__paymentAmount' successfully

2023-09-27 11:45:39 - [MESSAGE][PASSED] - Scroll to object 'Object Repository/RAD_Pages/PaymentAmount_Page/input__paymentAmount' successfully

2023-09-27 11:45:39 - [TEST_STEP][PASSED] - switch (Paymenttype): null

2023-09-27 11:45:39 - [TEST_STEP][PASSED] - case "Existing Liability w/Notice Number":: null

2023-09-27 11:45:39 - [TEST_STEP][PASSED] - if (feinSSN.equalsIgnoreCase("Y")): null

2023-09-27 11:45:39 - [TEST_STEP][PASSED] - else: Text ****** has been set on object 'Object Repository/RAD_RecordAndPlay/input_Existing_RetypeFEIN'

2023-09-27 11:45:39 - [TEST_STEP][PASSED] - setEncryptedText(findTestObject("Object Repository/RAD_RecordAndPlay/input_Existing_FEIN"), "RigbBhfdqODKcAsiUrg+1Q=="): Text ****** has been set on object 'Object Repository/RAD_RecordAndPlay/input_Existing_FEIN'

2023-09-27 11:45:40 - [MESSAGE][PASSED] - Text ****** has been set on object 'Object Repository/RAD_RecordAndPlay/input_Existing_FEIN'

2023-09-27 11:45:41 - [TEST_STEP][PASSED] - setEncryptedText(findTestObject("Object Repository/RAD_RecordAndPlay/input_Existing_RetypeFEIN"), "RigbBhfdqOBBGbZqm4oFJQ=="): Text ****** has been set on object 'Object Repository/RAD_RecordAndPlay/input_Existing_RetypeFEIN'

2023-09-27 11:45:41 - [MESSAGE][PASSED] - Text ****** has been set on object 'Object Repository/RAD_RecordAndPlay/input_Existing_RetypeFEIN'

2023-09-27 11:45:41 - [TEST_STEP][PASSED] - break: null

2023-09-27 11:45:41 - [TEST_STEP][PASSED] - setText(findTestObject(orPath_Amount + "/input__paymentAmount"), ""): Text '' is set on object 'Object Repository/RAD_Pages/PaymentAmount_Page/input__paymentAmount'

2023-09-27 11:45:42 - [MESSAGE][PASSED] - Text '' is set on object 'Object Repository/RAD_Pages/PaymentAmount_Page/input__paymentAmount'

2023-09-27 11:45:42 - [TEST_STEP][PASSED] - verifyTextPresent("The FEIN and Re-type FEIN do not match", true): Text 'The FEIN and Re-type FEIN do not match' is present on page  using regular expression

2023-09-27 11:45:43 - [MESSAGE][PASSED] - Text 'The FEIN and Re-type FEIN do not match' is present on page  using regular expression

2023-09-27 11:45:43 - [TEST_STEP][PASSED] - if (verifyTextPresent("The FEIN and Re-type FEIN do not match", true)): null

2023-09-27 11:45:43 - [MESSAGE][PASSED] - Text 'The FEIN and Re-type FEIN do not match' is present on page  using regular expression

2023-09-27 11:45:43 - [TEST_STEP][PASSED] - println("Error Message is present on the page"): null

2023-09-27 11:45:43 - [TEST_STEP][PASSED] - out.println("Pass Record Number: " + row): null

2023-09-27 11:45:43 - [TEST_STEP][PASSED] - resText = "Pass": null

2023-09-27 11:45:43 - [TEST_STEP][PASSED] - pages.WriteExcel.demoKey(resText, datText, resColumn, datCloumn, fileLoc, nameSheet, row): pages.WriteExcel.demoKey is PASSED

2023-09-27 11:45:43 - [MESSAGE][PASSED] - pages.WriteExcel.demoKey is PASSED

2023-09-27 11:45:43 - [TEST_STEP][PASSED] - ExecuteTC = findTestData(dataFile).getValue("Execute", row): null

2023-09-27 11:45:43 - [TEST_STEP][PASSED] - Taxtype = findTestData(dataFile).getValue("TaxType", row): null

2023-09-27 11:45:43 - [TEST_STEP][PASSED] - Paymenttype = findTestData(dataFile).getValue("PaymentType", row): null

2023-09-27 11:45:43 - [TEST_STEP][PASSED] - feinSSN = findTestData(dataFile).getValue("FeinSsn", row): null

2023-09-27 11:45:43 - [TEST_STEP][PASSED] - out.println("Value of Execute is : " + ExecuteTC): null

2023-09-27 11:45:43 - [TEST_STEP][FAILED] - if (ExecuteTC.equalsIgnoreCase("Y")): null

2023-09-27 11:45:43 - [TEST_STEP][PASSED] - out.println("Begin Record Number: " + row): null

2023-09-27 11:45:43 - [TEST_STEP][PASSED] - today = new java.util.Date(): null

2023-09-27 11:45:43 - [TEST_STEP][PASSED] - println(today): null

2023-09-27 11:45:43 - [TEST_STEP][PASSED] - datText = today: null

2023-09-27 11:45:43 - [TEST_STEP][PASSED] - Taxtype = findTestData(dataFile).getValue("TaxType", row): null

2023-09-27 11:45:43 - [TEST_STEP][PASSED] - out.println("Taxtype value is : " + Taxtype): null

2023-09-27 11:45:43 - [TEST_STEP][PASSED] - openBrowser(""): Browser is opened with url: ''

2023-09-27 11:45:43 - [MESSAGE][WARNING] - A browser is already opened. Closing browser and opening a new one

2023-09-27 11:45:45 - [MESSAGE][INFO] - Starting 'Chrome' driver

2023-09-27 11:45:45 - [MESSAGE][INFO] - User set preference: ['acceptInsecureCerts', 'true']

2023-09-27 11:45:45 - [MESSAGE][INFO] - Action delay is set to 0 milliseconds

2023-09-27 11:45:46 - [MESSAGE][PASSED] - Browser is opened with url: ''

2023-09-27 11:45:46 - [TEST_STEP][PASSED] - maximizeWindow(): Current window maximized

2023-09-27 11:45:46 - [MESSAGE][PASSED] - Current window maximized

2023-09-27 11:45:46 - [TEST_STEP][PASSED] - navigateToUrl(RADurl): Navigate to 'https://qa2.velocitypayment.com/client/rad/index.html' successfully

2023-09-27 11:45:48 - [MESSAGE][PASSED] - Navigate to 'https://qa2.velocitypayment.com/client/rad/index.html' successfully

2023-09-27 11:45:48 - [TEST_STEP][PASSED] - orPath_Landing = "Object Repository/RAD_Pages/Landing_Page": null

2023-09-27 11:45:48 - [TEST_STEP][PASSED] - orPath_TaxTypeFilingYear = "Object Repository/RAD_Pages/TaxTypeFilingYear_Page": null

2023-09-27 11:45:48 - [TEST_STEP][PASSED] - orPath_TaxPayer = "Object Repository/RAD_Pages/Taxpayer_Page": null

2023-09-27 11:45:48 - [TEST_STEP][PASSED] - orPath_AddressContact = "Object Repository/RAD_Pages/AddressAndContactInfo_Page": null

2023-09-27 11:45:48 - [TEST_STEP][PASSED] - orPath_FilingStatus = "Object Repository/RAD_Pages/FilingStatus_Page": null

2023-09-27 11:45:48 - [TEST_STEP][PASSED] - orPath_Amount = "Object Repository/RAD_Pages/PaymentAmount_Page": null

2023-09-27 11:45:48 - [TEST_STEP][PASSED] - orPath_TaxInfo = "Object Repository/RAD_Pages/TaxInfo_Page": null

2023-09-27 11:45:48 - [TEST_STEP][PASSED] - orPath_Withholding = "Object Repository/RAD_Pages/Withholding_Page": null

2023-09-27 11:45:48 - [TEST_STEP][PASSED] - orPath_Summary = "Object Repository/RAD_Pages/Summary_Page": null

2023-09-27 11:45:48 - [TEST_STEP][PASSED] - orPath_PaymentReady = "Object Repository/RAD_Pages/PaymentReady_Page": null

2023-09-27 11:45:48 - [TEST_STEP][PASSED] - orPath_PaymentEntry = "Object Repository/RAD_Pages/PaymentEntry_Page": null

2023-09-27 11:45:48 - [TEST_STEP][PASSED] - orPath_PaymentConfirmation = "Object Repository/RAD_Pages/PaymentConfirmation_Page": null

2023-09-27 11:45:48 - [TEST_STEP][PASSED] - orPath_ServiceFeesAccept = "Object Repository/RAD_Pages/ServiceFeeAccept_Page": null

2023-09-27 11:45:48 - [TEST_STEP][PASSED] - selectOptionByLabel(findTestObject(orPath_Landing + "/dd_TaxType"), Paymenttype, false): All options with label 'Existing Liability w/Notice Number' are selected in object 'Object Repository/RAD_Pages/Landing_Page/dd_TaxType' 

2023-09-27 11:45:48 - [MESSAGE][PASSED] - All options with label 'Existing Liability w/Notice Number' are selected in object 'Object Repository/RAD_Pages/Landing_Page/dd_TaxType' 

2023-09-27 11:45:48 - [TEST_STEP][PASSED] - delay(1): Delayed 1 second(s)

2023-09-27 11:45:49 - [MESSAGE][PASSED] - Delayed 1 second(s)

2023-09-27 11:45:49 - [TEST_STEP][PASSED] - switch (Paymenttype): null

2023-09-27 11:45:49 - [TEST_STEP][PASSED] - case "Existing Liability w/Notice Number":: null

2023-09-27 11:45:49 - [TEST_STEP][PASSED] - selectOptionByLabel(findTestObject(orPath_TaxTypeFilingYear + "/select_TaxType_ExistingLiability"), Taxtype, false): All options with label 'PTE Non-Electing Non-S Corp' are selected in object 'Object Repository/RAD_Pages/TaxTypeFilingYear_Page/select_TaxType_ExistingLiability' 

2023-09-27 11:45:50 - [MESSAGE][PASSED] - All options with label 'PTE Non-Electing Non-S Corp' are selected in object 'Object Repository/RAD_Pages/TaxTypeFilingYear_Page/select_TaxType_ExistingLiability' 

2023-09-27 11:45:50 - [TEST_STEP][PASSED] - break: null

2023-09-27 11:45:50 - [TEST_STEP][PASSED] - delay(1): Delayed 1 second(s)

2023-09-27 11:45:51 - [MESSAGE][PASSED] - Delayed 1 second(s)

2023-09-27 11:45:51 - [TEST_STEP][PASSED] - scrollToElement(findTestObject(orPath_Amount + "/input__paymentAmount"), 2, CONTINUE_ON_FAILURE): Scroll to object 'Object Repository/RAD_Pages/PaymentAmount_Page/input__paymentAmount' successfully

2023-09-27 11:45:51 - [MESSAGE][PASSED] - Scroll to object 'Object Repository/RAD_Pages/PaymentAmount_Page/input__paymentAmount' successfully

2023-09-27 11:45:51 - [TEST_STEP][FAILED] - switch (Paymenttype): null

2023-09-27 11:45:51 - [TEST_STEP][FAILED] - case "Existing Liability w/Notice Number":: null

2023-09-27 11:45:51 - [TEST_STEP][FAILED] - if (feinSSN.equalsIgnoreCase("Y")): null

2023-09-27 11:45:51 - [TEST_STEP][FAILED] - setEncryptedText(findTestObject(orPath_TaxInfo + "/input_TaxInformation_feinSsn"), "RigbBhfdqODKcAsiUrg+1Q=="): Unable to set encrypted text for object 'Object Repository/RAD_Pages/TaxInfo_Page/input_TaxInformation_feinSsn' (Root cause: com.kms.katalon.core.exception.StepFailedException: Unable to set encrypted text for object 'Object Repository/RAD_Pages/TaxInfo_Page/input_TaxInformation_feinSsn'
	at com.kms.katalon.core.webui.keyword.internal.WebUIKeywordMain.stepFailed(WebUIKeywordMain.groovy:64)
	at com.kms.katalon.core.webui.keyword.internal.WebUIKeywordMain.runKeyword(WebUIKeywordMain.groovy:26)
	at com.kms.katalon.core.webui.keyword.builtin.SetEncryptedTextKeyword.setEncryptedText(SetEncryptedTextKeyword.groovy:65)
	at com.kms.katalon.core.webui.keyword.builtin.SetEncryptedTextKeyword.execute(SetEncryptedTextKeyword.groovy:34)
	at com.kms.katalon.core.keyword.internal.KeywordExecutor.executeKeywordForPlatform(KeywordExecutor.groovy:74)
	at com.kms.katalon.core.webui.keyword.WebUiBuiltInKeywords.setEncryptedText(WebUiBuiltInKeywords.groovy:1011)
	at com.kms.katalon.core.webui.keyword.WebUiBuiltInKeywords$setEncryptedText$4.call(Unknown Source)
	at FEINmismatchError.run(FEINmismatchError:143)
	at com.kms.katalon.core.main.ScriptEngine.run(ScriptEngine.java:194)
	at com.kms.katalon.core.main.ScriptEngine.runScriptAsRawText(ScriptEngine.java:119)
	at com.kms.katalon.core.main.TestCaseExecutor.runScript(TestCaseExecutor.java:448)
	at com.kms.katalon.core.main.TestCaseExecutor.doExecute(TestCaseExecutor.java:439)
	at com.kms.katalon.core.main.TestCaseExecutor.processExecutionPhase(TestCaseExecutor.java:418)
	at com.kms.katalon.core.main.TestCaseExecutor.accessMainPhase(TestCaseExecutor.java:410)
	at com.kms.katalon.core.main.TestCaseExecutor.execute(TestCaseExecutor.java:285)
	at com.kms.katalon.core.common.CommonExecutor.accessTestCaseMainPhase(CommonExecutor.java:65)
	at com.kms.katalon.core.main.TestSuiteExecutor.accessTestSuiteMainPhase(TestSuiteExecutor.java:148)
	at com.kms.katalon.core.main.TestSuiteExecutor.execute(TestSuiteExecutor.java:106)
	at com.kms.katalon.core.main.TestCaseMain.startTestSuite(TestCaseMain.java:187)
	at com.kms.katalon.core.main.TestCaseMain$startTestSuite$0.call(Unknown Source)
	at TempTestSuite1695829496928.run(TempTestSuite1695829496928.groovy:36)
Caused by: org.openqa.selenium.ElementNotInteractableException: element not interactable
  (Session info: chrome=117.0.5938.92)
Build info: version: '3.141.59', revision: 'e82be7d358', time: '2018-11-14T08:25:53'
System info: host: 'DESKTOP-B2QI6NS', ip: '172.31.253.139', os.name: 'Windows 10', os.arch: 'amd64', os.version: '10.0', java.version: '1.8.0_181'
Driver info: com.kms.katalon.selenium.driver.CChromeDriver
Capabilities {acceptInsecureCerts: true, browserName: chrome, browserVersion: 117.0.5938.92, chrome: {chromedriverVersion: 116.0.5845.96 (1a3918166880..., userDataDir: C:\Users\imtiaz\AppData\Loc...}, fedcm:accounts: true, goog:chromeOptions: {debuggerAddress: localhost:62364}, javascriptEnabled: true, networkConnectionEnabled: false, pageLoadStrategy: normal, platform: WINDOWS, platformName: WINDOWS, proxy: Proxy(), setWindowRect: true, strictFileInteractability: false, timeouts: {implicit: 0, pageLoad: 300000, script: 30000}, unhandledPromptBehavior: dismiss and notify, webauthn:extension:credBlob: true, webauthn:extension:largeBlob: true, webauthn:extension:minPinLength: true, webauthn:extension:prf: true, webauthn:virtualAuthenticators: true}
Session ID: dcf7be3eb9dc531847b522123ea8b6cc
	at org.openqa.selenium.remote.http.W3CHttpResponseCodec.createException(W3CHttpResponseCodec.java:187)
	at org.openqa.selenium.remote.http.W3CHttpResponseCodec.decode(W3CHttpResponseCodec.java:122)
	at org.openqa.selenium.remote.http.W3CHttpResponseCodec.decode(W3CHttpResponseCodec.java:49)
	at org.openqa.selenium.remote.HttpCommandExecutor.execute(HttpCommandExecutor.java:158)
	at org.openqa.selenium.remote.service.DriverCommandExecutor.execute(DriverCommandExecutor.java:83)
	at org.openqa.selenium.remote.RemoteWebDriver.execute(RemoteWebDriver.java:552)
	at com.kms.katalon.selenium.driver.CChromeDriver.execute(CChromeDriver.java:19)
	at org.openqa.selenium.remote.RemoteWebElement.execute(RemoteWebElement.java:285)
	at org.openqa.selenium.remote.RemoteWebElement.clear(RemoteWebElement.java:124)
	at org.openqa.selenium.support.events.EventFiringWebDriver$EventFiringWebElement.lambda$new$0(EventFiringWebDriver.java:404)
	at com.sun.proxy.$Proxy11.clear(Unknown Source)
	at org.openqa.selenium.support.events.EventFiringWebDriver$EventFiringWebElement.clear(EventFiringWebDriver.java:436)
	at com.kms.katalon.core.webui.keyword.builtin.SetEncryptedTextKeyword$_setEncryptedText_closure1.doCall(SetEncryptedTextKeyword.groovy:54)
	at com.kms.katalon.core.webui.keyword.builtin.SetEncryptedTextKeyword$_setEncryptedText_closure1.call(SetEncryptedTextKeyword.groovy)
	at com.kms.katalon.core.webui.keyword.internal.WebUIKeywordMain.runKeyword(WebUIKeywordMain.groovy:20)
	at com.kms.katalon.core.webui.keyword.builtin.SetEncryptedTextKeyword.setEncryptedText(SetEncryptedTextKeyword.groovy:65)
	at com.kms.katalon.core.webui.keyword.builtin.SetEncryptedTextKeyword.execute(SetEncryptedTextKeyword.groovy:34)
	at com.kms.katalon.core.keyword.internal.KeywordExecutor.executeKeywordForPlatform(KeywordExecutor.groovy:74)
	at com.kms.katalon.core.webui.keyword.WebUiBuiltInKeywords.setEncryptedText(WebUiBuiltInKeywords.groovy:1011)
	at com.kms.katalon.core.webui.keyword.WebUiBuiltInKeywords$setEncryptedText$4.call(Unknown Source)
	at Script1693763256792.run(Script1693763256792.groovy:143)
	... 13 more
)

2023-09-27 11:45:52 - [MESSAGE][FAILED] - Unable to set encrypted text for object 'Object Repository/RAD_Pages/TaxInfo_Page/input_TaxInformation_feinSsn' (Root cause: com.kms.katalon.core.exception.StepFailedException: Unable to set encrypted text for object 'Object Repository/RAD_Pages/TaxInfo_Page/input_TaxInformation_feinSsn'
	at com.kms.katalon.core.webui.keyword.internal.WebUIKeywordMain.stepFailed(WebUIKeywordMain.groovy:64)
	at com.kms.katalon.core.webui.keyword.internal.WebUIKeywordMain.runKeyword(WebUIKeywordMain.groovy:26)
	at com.kms.katalon.core.webui.keyword.builtin.SetEncryptedTextKeyword.setEncryptedText(SetEncryptedTextKeyword.groovy:65)
	at com.kms.katalon.core.webui.keyword.builtin.SetEncryptedTextKeyword.execute(SetEncryptedTextKeyword.groovy:34)
	at com.kms.katalon.core.keyword.internal.KeywordExecutor.executeKeywordForPlatform(KeywordExecutor.groovy:74)
	at com.kms.katalon.core.webui.keyword.WebUiBuiltInKeywords.setEncryptedText(WebUiBuiltInKeywords.groovy:1011)
	at com.kms.katalon.core.webui.keyword.WebUiBuiltInKeywords$setEncryptedText$4.call(Unknown Source)
	at FEINmismatchError.run(FEINmismatchError:143)
	at com.kms.katalon.core.main.ScriptEngine.run(ScriptEngine.java:194)
	at com.kms.katalon.core.main.ScriptEngine.runScriptAsRawText(ScriptEngine.java:119)
	at com.kms.katalon.core.main.TestCaseExecutor.runScript(TestCaseExecutor.java:448)
	at com.kms.katalon.core.main.TestCaseExecutor.doExecute(TestCaseExecutor.java:439)
	at com.kms.katalon.core.main.TestCaseExecutor.processExecutionPhase(TestCaseExecutor.java:418)
	at com.kms.katalon.core.main.TestCaseExecutor.accessMainPhase(TestCaseExecutor.java:410)
	at com.kms.katalon.core.main.TestCaseExecutor.execute(TestCaseExecutor.java:285)
	at com.kms.katalon.core.common.CommonExecutor.accessTestCaseMainPhase(CommonExecutor.java:65)
	at com.kms.katalon.core.main.TestSuiteExecutor.accessTestSuiteMainPhase(TestSuiteExecutor.java:148)
	at com.kms.katalon.core.main.TestSuiteExecutor.execute(TestSuiteExecutor.java:106)
	at com.kms.katalon.core.main.TestCaseMain.startTestSuite(TestCaseMain.java:187)
	at com.kms.katalon.core.main.TestCaseMain$startTestSuite$0.call(Unknown Source)
	at TempTestSuite1695829496928.run(TempTestSuite1695829496928.groovy:36)
Caused by: org.openqa.selenium.ElementNotInteractableException: element not interactable
  (Session info: chrome=117.0.5938.92)
Build info: version: '3.141.59', revision: 'e82be7d358', time: '2018-11-14T08:25:53'
System info: host: 'DESKTOP-B2QI6NS', ip: '172.31.253.139', os.name: 'Windows 10', os.arch: 'amd64', os.version: '10.0', java.version: '1.8.0_181'
Driver info: com.kms.katalon.selenium.driver.CChromeDriver
Capabilities {acceptInsecureCerts: true, browserName: chrome, browserVersion: 117.0.5938.92, chrome: {chromedriverVersion: 116.0.5845.96 (1a3918166880..., userDataDir: C:\Users\imtiaz\AppData\Loc...}, fedcm:accounts: true, goog:chromeOptions: {debuggerAddress: localhost:62364}, javascriptEnabled: true, networkConnectionEnabled: false, pageLoadStrategy: normal, platform: WINDOWS, platformName: WINDOWS, proxy: Proxy(), setWindowRect: true, strictFileInteractability: false, timeouts: {implicit: 0, pageLoad: 300000, script: 30000}, unhandledPromptBehavior: dismiss and notify, webauthn:extension:credBlob: true, webauthn:extension:largeBlob: true, webauthn:extension:minPinLength: true, webauthn:extension:prf: true, webauthn:virtualAuthenticators: true}
Session ID: dcf7be3eb9dc531847b522123ea8b6cc
	at org.openqa.selenium.remote.http.W3CHttpResponseCodec.createException(W3CHttpResponseCodec.java:187)
	at org.openqa.selenium.remote.http.W3CHttpResponseCodec.decode(W3CHttpResponseCodec.java:122)
	at org.openqa.selenium.remote.http.W3CHttpResponseCodec.decode(W3CHttpResponseCodec.java:49)
	at org.openqa.selenium.remote.HttpCommandExecutor.execute(HttpCommandExecutor.java:158)
	at org.openqa.selenium.remote.service.DriverCommandExecutor.execute(DriverCommandExecutor.java:83)
	at org.openqa.selenium.remote.RemoteWebDriver.execute(RemoteWebDriver.java:552)
	at com.kms.katalon.selenium.driver.CChromeDriver.execute(CChromeDriver.java:19)
	at org.openqa.selenium.remote.RemoteWebElement.execute(RemoteWebElement.java:285)
	at org.openqa.selenium.remote.RemoteWebElement.clear(RemoteWebElement.java:124)
	at org.openqa.selenium.support.events.EventFiringWebDriver$EventFiringWebElement.lambda$new$0(EventFiringWebDriver.java:404)
	at com.sun.proxy.$Proxy11.clear(Unknown Source)
	at org.openqa.selenium.support.events.EventFiringWebDriver$EventFiringWebElement.clear(EventFiringWebDriver.java:436)
	at com.kms.katalon.core.webui.keyword.builtin.SetEncryptedTextKeyword$_setEncryptedText_closure1.doCall(SetEncryptedTextKeyword.groovy:54)
	at com.kms.katalon.core.webui.keyword.builtin.SetEncryptedTextKeyword$_setEncryptedText_closure1.call(SetEncryptedTextKeyword.groovy)
	at com.kms.katalon.core.webui.keyword.internal.WebUIKeywordMain.runKeyword(WebUIKeywordMain.groovy:20)
	at com.kms.katalon.core.webui.keyword.builtin.SetEncryptedTextKeyword.setEncryptedText(SetEncryptedTextKeyword.groovy:65)
	at com.kms.katalon.core.webui.keyword.builtin.SetEncryptedTextKeyword.execute(SetEncryptedTextKeyword.groovy:34)
	at com.kms.katalon.core.keyword.internal.KeywordExecutor.executeKeywordForPlatform(KeywordExecutor.groovy:74)
	at com.kms.katalon.core.webui.keyword.WebUiBuiltInKeywords.setEncryptedText(WebUiBuiltInKeywords.groovy:1011)
	at com.kms.katalon.core.webui.keyword.WebUiBuiltInKeywords$setEncryptedText$4.call(Unknown Source)
	at Script1693763256792.run(Script1693763256792.groovy:143)
	... 13 more
)
[[ATTACHMENT|E:\\Cloned-Project-Katalon\\VPS-Katalon\\Reports\\20230927_114456\\RAD_TestSuite\\RAD_UI_TestSuite\\20230927_114456\\1695829552343.png]]

2023-09-27 11:45:52 - [TEST_STEP][FAILED] - setEncryptedText(findTestObject(orPath_TaxInfo + "/input_TaxInformation_RefeinSsn"), "RigbBhfdqOD+04WBHw5iKw=="): Unable to set encrypted text for object 'Object Repository/RAD_Pages/TaxInfo_Page/input_TaxInformation_RefeinSsn' (Root cause: com.kms.katalon.core.exception.StepFailedException: Unable to set encrypted text for object 'Object Repository/RAD_Pages/TaxInfo_Page/input_TaxInformation_RefeinSsn'
	at com.kms.katalon.core.webui.keyword.internal.WebUIKeywordMain.stepFailed(WebUIKeywordMain.groovy:64)
	at com.kms.katalon.core.webui.keyword.internal.WebUIKeywordMain.runKeyword(WebUIKeywordMain.groovy:26)
	at com.kms.katalon.core.webui.keyword.builtin.SetEncryptedTextKeyword.setEncryptedText(SetEncryptedTextKeyword.groovy:65)
	at com.kms.katalon.core.webui.keyword.builtin.SetEncryptedTextKeyword.execute(SetEncryptedTextKeyword.groovy:34)
	at com.kms.katalon.core.keyword.internal.KeywordExecutor.executeKeywordForPlatform(KeywordExecutor.groovy:74)
	at com.kms.katalon.core.webui.keyword.WebUiBuiltInKeywords.setEncryptedText(WebUiBuiltInKeywords.groovy:1011)
	at com.kms.katalon.core.webui.keyword.WebUiBuiltInKeywords$setEncryptedText$4.call(Unknown Source)
	at FEINmismatchError.run(FEINmismatchError:144)
	at com.kms.katalon.core.main.ScriptEngine.run(ScriptEngine.java:194)
	at com.kms.katalon.core.main.ScriptEngine.runScriptAsRawText(ScriptEngine.java:119)
	at com.kms.katalon.core.main.TestCaseExecutor.runScript(TestCaseExecutor.java:448)
	at com.kms.katalon.core.main.TestCaseExecutor.doExecute(TestCaseExecutor.java:439)
	at com.kms.katalon.core.main.TestCaseExecutor.processExecutionPhase(TestCaseExecutor.java:418)
	at com.kms.katalon.core.main.TestCaseExecutor.accessMainPhase(TestCaseExecutor.java:410)
	at com.kms.katalon.core.main.TestCaseExecutor.execute(TestCaseExecutor.java:285)
	at com.kms.katalon.core.common.CommonExecutor.accessTestCaseMainPhase(CommonExecutor.java:65)
	at com.kms.katalon.core.main.TestSuiteExecutor.accessTestSuiteMainPhase(TestSuiteExecutor.java:148)
	at com.kms.katalon.core.main.TestSuiteExecutor.execute(TestSuiteExecutor.java:106)
	at com.kms.katalon.core.main.TestCaseMain.startTestSuite(TestCaseMain.java:187)
	at com.kms.katalon.core.main.TestCaseMain$startTestSuite$0.call(Unknown Source)
	at TempTestSuite1695829496928.run(TempTestSuite1695829496928.groovy:36)
Caused by: org.openqa.selenium.ElementNotInteractableException: element not interactable
  (Session info: chrome=117.0.5938.92)
Build info: version: '3.141.59', revision: 'e82be7d358', time: '2018-11-14T08:25:53'
System info: host: 'DESKTOP-B2QI6NS', ip: '172.31.253.139', os.name: 'Windows 10', os.arch: 'amd64', os.version: '10.0', java.version: '1.8.0_181'
Driver info: com.kms.katalon.selenium.driver.CChromeDriver
Capabilities {acceptInsecureCerts: true, browserName: chrome, browserVersion: 117.0.5938.92, chrome: {chromedriverVersion: 116.0.5845.96 (1a3918166880..., userDataDir: C:\Users\imtiaz\AppData\Loc...}, fedcm:accounts: true, goog:chromeOptions: {debuggerAddress: localhost:62364}, javascriptEnabled: true, networkConnectionEnabled: false, pageLoadStrategy: normal, platform: WINDOWS, platformName: WINDOWS, proxy: Proxy(), setWindowRect: true, strictFileInteractability: false, timeouts: {implicit: 0, pageLoad: 300000, script: 30000}, unhandledPromptBehavior: dismiss and notify, webauthn:extension:credBlob: true, webauthn:extension:largeBlob: true, webauthn:extension:minPinLength: true, webauthn:extension:prf: true, webauthn:virtualAuthenticators: true}
Session ID: dcf7be3eb9dc531847b522123ea8b6cc
	at org.openqa.selenium.remote.http.W3CHttpResponseCodec.createException(W3CHttpResponseCodec.java:187)
	at org.openqa.selenium.remote.http.W3CHttpResponseCodec.decode(W3CHttpResponseCodec.java:122)
	at org.openqa.selenium.remote.http.W3CHttpResponseCodec.decode(W3CHttpResponseCodec.java:49)
	at org.openqa.selenium.remote.HttpCommandExecutor.execute(HttpCommandExecutor.java:158)
	at org.openqa.selenium.remote.service.DriverCommandExecutor.execute(DriverCommandExecutor.java:83)
	at org.openqa.selenium.remote.RemoteWebDriver.execute(RemoteWebDriver.java:552)
	at com.kms.katalon.selenium.driver.CChromeDriver.execute(CChromeDriver.java:19)
	at org.openqa.selenium.remote.RemoteWebElement.execute(RemoteWebElement.java:285)
	at org.openqa.selenium.remote.RemoteWebElement.clear(RemoteWebElement.java:124)
	at org.openqa.selenium.support.events.EventFiringWebDriver$EventFiringWebElement.lambda$new$0(EventFiringWebDriver.java:404)
	at com.sun.proxy.$Proxy11.clear(Unknown Source)
	at org.openqa.selenium.support.events.EventFiringWebDriver$EventFiringWebElement.clear(EventFiringWebDriver.java:436)
	at com.kms.katalon.core.webui.keyword.builtin.SetEncryptedTextKeyword$_setEncryptedText_closure1.doCall(SetEncryptedTextKeyword.groovy:54)
	at com.kms.katalon.core.webui.keyword.builtin.SetEncryptedTextKeyword$_setEncryptedText_closure1.call(SetEncryptedTextKeyword.groovy)
	at com.kms.katalon.core.webui.keyword.internal.WebUIKeywordMain.runKeyword(WebUIKeywordMain.groovy:20)
	at com.kms.katalon.core.webui.keyword.builtin.SetEncryptedTextKeyword.setEncryptedText(SetEncryptedTextKeyword.groovy:65)
	at com.kms.katalon.core.webui.keyword.builtin.SetEncryptedTextKeyword.execute(SetEncryptedTextKeyword.groovy:34)
	at com.kms.katalon.core.keyword.internal.KeywordExecutor.executeKeywordForPlatform(KeywordExecutor.groovy:74)
	at com.kms.katalon.core.webui.keyword.WebUiBuiltInKeywords.setEncryptedText(WebUiBuiltInKeywords.groovy:1011)
	at com.kms.katalon.core.webui.keyword.WebUiBuiltInKeywords$setEncryptedText$4.call(Unknown Source)
	at Script1693763256792.run(Script1693763256792.groovy:144)
	... 13 more
)

2023-09-27 11:45:53 - [MESSAGE][FAILED] - Unable to set encrypted text for object 'Object Repository/RAD_Pages/TaxInfo_Page/input_TaxInformation_RefeinSsn' (Root cause: com.kms.katalon.core.exception.StepFailedException: Unable to set encrypted text for object 'Object Repository/RAD_Pages/TaxInfo_Page/input_TaxInformation_RefeinSsn'
	at com.kms.katalon.core.webui.keyword.internal.WebUIKeywordMain.stepFailed(WebUIKeywordMain.groovy:64)
	at com.kms.katalon.core.webui.keyword.internal.WebUIKeywordMain.runKeyword(WebUIKeywordMain.groovy:26)
	at com.kms.katalon.core.webui.keyword.builtin.SetEncryptedTextKeyword.setEncryptedText(SetEncryptedTextKeyword.groovy:65)
	at com.kms.katalon.core.webui.keyword.builtin.SetEncryptedTextKeyword.execute(SetEncryptedTextKeyword.groovy:34)
	at com.kms.katalon.core.keyword.internal.KeywordExecutor.executeKeywordForPlatform(KeywordExecutor.groovy:74)
	at com.kms.katalon.core.webui.keyword.WebUiBuiltInKeywords.setEncryptedText(WebUiBuiltInKeywords.groovy:1011)
	at com.kms.katalon.core.webui.keyword.WebUiBuiltInKeywords$setEncryptedText$4.call(Unknown Source)
	at FEINmismatchError.run(FEINmismatchError:144)
	at com.kms.katalon.core.main.ScriptEngine.run(ScriptEngine.java:194)
	at com.kms.katalon.core.main.ScriptEngine.runScriptAsRawText(ScriptEngine.java:119)
	at com.kms.katalon.core.main.TestCaseExecutor.runScript(TestCaseExecutor.java:448)
	at com.kms.katalon.core.main.TestCaseExecutor.doExecute(TestCaseExecutor.java:439)
	at com.kms.katalon.core.main.TestCaseExecutor.processExecutionPhase(TestCaseExecutor.java:418)
	at com.kms.katalon.core.main.TestCaseExecutor.accessMainPhase(TestCaseExecutor.java:410)
	at com.kms.katalon.core.main.TestCaseExecutor.execute(TestCaseExecutor.java:285)
	at com.kms.katalon.core.common.CommonExecutor.accessTestCaseMainPhase(CommonExecutor.java:65)
	at com.kms.katalon.core.main.TestSuiteExecutor.accessTestSuiteMainPhase(TestSuiteExecutor.java:148)
	at com.kms.katalon.core.main.TestSuiteExecutor.execute(TestSuiteExecutor.java:106)
	at com.kms.katalon.core.main.TestCaseMain.startTestSuite(TestCaseMain.java:187)
	at com.kms.katalon.core.main.TestCaseMain$startTestSuite$0.call(Unknown Source)
	at TempTestSuite1695829496928.run(TempTestSuite1695829496928.groovy:36)
Caused by: org.openqa.selenium.ElementNotInteractableException: element not interactable
  (Session info: chrome=117.0.5938.92)
Build info: version: '3.141.59', revision: 'e82be7d358', time: '2018-11-14T08:25:53'
System info: host: 'DESKTOP-B2QI6NS', ip: '172.31.253.139', os.name: 'Windows 10', os.arch: 'amd64', os.version: '10.0', java.version: '1.8.0_181'
Driver info: com.kms.katalon.selenium.driver.CChromeDriver
Capabilities {acceptInsecureCerts: true, browserName: chrome, browserVersion: 117.0.5938.92, chrome: {chromedriverVersion: 116.0.5845.96 (1a3918166880..., userDataDir: C:\Users\imtiaz\AppData\Loc...}, fedcm:accounts: true, goog:chromeOptions: {debuggerAddress: localhost:62364}, javascriptEnabled: true, networkConnectionEnabled: false, pageLoadStrategy: normal, platform: WINDOWS, platformName: WINDOWS, proxy: Proxy(), setWindowRect: true, strictFileInteractability: false, timeouts: {implicit: 0, pageLoad: 300000, script: 30000}, unhandledPromptBehavior: dismiss and notify, webauthn:extension:credBlob: true, webauthn:extension:largeBlob: true, webauthn:extension:minPinLength: true, webauthn:extension:prf: true, webauthn:virtualAuthenticators: true}
Session ID: dcf7be3eb9dc531847b522123ea8b6cc
	at org.openqa.selenium.remote.http.W3CHttpResponseCodec.createException(W3CHttpResponseCodec.java:187)
	at org.openqa.selenium.remote.http.W3CHttpResponseCodec.decode(W3CHttpResponseCodec.java:122)
	at org.openqa.selenium.remote.http.W3CHttpResponseCodec.decode(W3CHttpResponseCodec.java:49)
	at org.openqa.selenium.remote.HttpCommandExecutor.execute(HttpCommandExecutor.java:158)
	at org.openqa.selenium.remote.service.DriverCommandExecutor.execute(DriverCommandExecutor.java:83)
	at org.openqa.selenium.remote.RemoteWebDriver.execute(RemoteWebDriver.java:552)
	at com.kms.katalon.selenium.driver.CChromeDriver.execute(CChromeDriver.java:19)
	at org.openqa.selenium.remote.RemoteWebElement.execute(RemoteWebElement.java:285)
	at org.openqa.selenium.remote.RemoteWebElement.clear(RemoteWebElement.java:124)
	at org.openqa.selenium.support.events.EventFiringWebDriver$EventFiringWebElement.lambda$new$0(EventFiringWebDriver.java:404)
	at com.sun.proxy.$Proxy11.clear(Unknown Source)
	at org.openqa.selenium.support.events.EventFiringWebDriver$EventFiringWebElement.clear(EventFiringWebDriver.java:436)
	at com.kms.katalon.core.webui.keyword.builtin.SetEncryptedTextKeyword$_setEncryptedText_closure1.doCall(SetEncryptedTextKeyword.groovy:54)
	at com.kms.katalon.core.webui.keyword.builtin.SetEncryptedTextKeyword$_setEncryptedText_closure1.call(SetEncryptedTextKeyword.groovy)
	at com.kms.katalon.core.webui.keyword.internal.WebUIKeywordMain.runKeyword(WebUIKeywordMain.groovy:20)
	at com.kms.katalon.core.webui.keyword.builtin.SetEncryptedTextKeyword.setEncryptedText(SetEncryptedTextKeyword.groovy:65)
	at com.kms.katalon.core.webui.keyword.builtin.SetEncryptedTextKeyword.execute(SetEncryptedTextKeyword.groovy:34)
	at com.kms.katalon.core.keyword.internal.KeywordExecutor.executeKeywordForPlatform(KeywordExecutor.groovy:74)
	at com.kms.katalon.core.webui.keyword.WebUiBuiltInKeywords.setEncryptedText(WebUiBuiltInKeywords.groovy:1011)
	at com.kms.katalon.core.webui.keyword.WebUiBuiltInKeywords$setEncryptedText$4.call(Unknown Source)
	at Script1693763256792.run(Script1693763256792.groovy:144)
	... 13 more
)
[[ATTACHMENT|E:\\Cloned-Project-Katalon\\VPS-Katalon\\Reports\\20230927_114456\\RAD_TestSuite\\RAD_UI_TestSuite\\20230927_114456\\1695829553038.png]]

2023-09-27 11:45:53 - [TEST_STEP][PASSED] - break: null

2023-09-27 11:45:53 - [TEST_STEP][PASSED] - setText(findTestObject(orPath_Amount + "/input__paymentAmount"), ""): Text '' is set on object 'Object Repository/RAD_Pages/PaymentAmount_Page/input__paymentAmount'

2023-09-27 11:45:53 - [MESSAGE][PASSED] - Text '' is set on object 'Object Repository/RAD_Pages/PaymentAmount_Page/input__paymentAmount'

2023-09-27 11:45:53 - [TEST_STEP][FAILED] - verifyTextPresent("The FEIN and Re-type FEIN do not match", true): Text 'The FEIN and Re-type FEIN do not match' is not present on page  using regular expression (Root cause: com.kms.katalon.core.exception.StepFailedException: Text 'The FEIN and Re-type FEIN do not match' is not present on page  using regular expression
	at com.kms.katalon.core.webui.keyword.internal.WebUIKeywordMain.stepFailed(WebUIKeywordMain.groovy:64)
	at com.kms.katalon.core.webui.keyword.builtin.VerifyTextPresentKeyword$_verifyTextPresent_closure1.doCall(VerifyTextPresentKeyword.groovy:79)
	at com.kms.katalon.core.webui.keyword.builtin.VerifyTextPresentKeyword$_verifyTextPresent_closure1.call(VerifyTextPresentKeyword.groovy)
	at com.kms.katalon.core.webui.keyword.internal.WebUIKeywordMain.runKeyword(WebUIKeywordMain.groovy:20)
	at com.kms.katalon.core.webui.keyword.builtin.VerifyTextPresentKeyword.verifyTextPresent(VerifyTextPresentKeyword.groovy:83)
	at com.kms.katalon.core.webui.keyword.builtin.VerifyTextPresentKeyword.execute(VerifyTextPresentKeyword.groovy:68)
	at com.kms.katalon.core.keyword.internal.KeywordExecutor.executeKeywordForPlatform(KeywordExecutor.groovy:74)
	at com.kms.katalon.core.webui.keyword.WebUiBuiltInKeywords.verifyTextPresent(WebUiBuiltInKeywords.groovy:1723)
	at com.kms.katalon.core.webui.keyword.WebUiBuiltInKeywords$verifyTextPresent$6.call(Unknown Source)
	at FEINmismatchError.run(FEINmismatchError:212)
	at com.kms.katalon.core.main.ScriptEngine.run(ScriptEngine.java:194)
	at com.kms.katalon.core.main.ScriptEngine.runScriptAsRawText(ScriptEngine.java:119)
	at com.kms.katalon.core.main.TestCaseExecutor.runScript(TestCaseExecutor.java:448)
	at com.kms.katalon.core.main.TestCaseExecutor.doExecute(TestCaseExecutor.java:439)
	at com.kms.katalon.core.main.TestCaseExecutor.processExecutionPhase(TestCaseExecutor.java:418)
	at com.kms.katalon.core.main.TestCaseExecutor.accessMainPhase(TestCaseExecutor.java:410)
	at com.kms.katalon.core.main.TestCaseExecutor.execute(TestCaseExecutor.java:285)
	at com.kms.katalon.core.common.CommonExecutor.accessTestCaseMainPhase(CommonExecutor.java:65)
	at com.kms.katalon.core.main.TestSuiteExecutor.accessTestSuiteMainPhase(TestSuiteExecutor.java:148)
	at com.kms.katalon.core.main.TestSuiteExecutor.execute(TestSuiteExecutor.java:106)
	at com.kms.katalon.core.main.TestCaseMain.startTestSuite(TestCaseMain.java:187)
	at com.kms.katalon.core.main.TestCaseMain$startTestSuite$0.call(Unknown Source)
	at TempTestSuite1695829496928.run(TempTestSuite1695829496928.groovy:36)
)

2023-09-27 11:45:55 - [MESSAGE][FAILED] - Text 'The FEIN and Re-type FEIN do not match' is not present on page  using regular expression (Root cause: com.kms.katalon.core.exception.StepFailedException: Text 'The FEIN and Re-type FEIN do not match' is not present on page  using regular expression
	at com.kms.katalon.core.webui.keyword.internal.WebUIKeywordMain.stepFailed(WebUIKeywordMain.groovy:64)
	at com.kms.katalon.core.webui.keyword.builtin.VerifyTextPresentKeyword$_verifyTextPresent_closure1.doCall(VerifyTextPresentKeyword.groovy:79)
	at com.kms.katalon.core.webui.keyword.builtin.VerifyTextPresentKeyword$_verifyTextPresent_closure1.call(VerifyTextPresentKeyword.groovy)
	at com.kms.katalon.core.webui.keyword.internal.WebUIKeywordMain.runKeyword(WebUIKeywordMain.groovy:20)
	at com.kms.katalon.core.webui.keyword.builtin.VerifyTextPresentKeyword.verifyTextPresent(VerifyTextPresentKeyword.groovy:83)
	at com.kms.katalon.core.webui.keyword.builtin.VerifyTextPresentKeyword.execute(VerifyTextPresentKeyword.groovy:68)
	at com.kms.katalon.core.keyword.internal.KeywordExecutor.executeKeywordForPlatform(KeywordExecutor.groovy:74)
	at com.kms.katalon.core.webui.keyword.WebUiBuiltInKeywords.verifyTextPresent(WebUiBuiltInKeywords.groovy:1723)
	at com.kms.katalon.core.webui.keyword.WebUiBuiltInKeywords$verifyTextPresent$6.call(Unknown Source)
	at FEINmismatchError.run(FEINmismatchError:212)
	at com.kms.katalon.core.main.ScriptEngine.run(ScriptEngine.java:194)
	at com.kms.katalon.core.main.ScriptEngine.runScriptAsRawText(ScriptEngine.java:119)
	at com.kms.katalon.core.main.TestCaseExecutor.runScript(TestCaseExecutor.java:448)
	at com.kms.katalon.core.main.TestCaseExecutor.doExecute(TestCaseExecutor.java:439)
	at com.kms.katalon.core.main.TestCaseExecutor.processExecutionPhase(TestCaseExecutor.java:418)
	at com.kms.katalon.core.main.TestCaseExecutor.accessMainPhase(TestCaseExecutor.java:410)
	at com.kms.katalon.core.main.TestCaseExecutor.execute(TestCaseExecutor.java:285)
	at com.kms.katalon.core.common.CommonExecutor.accessTestCaseMainPhase(CommonExecutor.java:65)
	at com.kms.katalon.core.main.TestSuiteExecutor.accessTestSuiteMainPhase(TestSuiteExecutor.java:148)
	at com.kms.katalon.core.main.TestSuiteExecutor.execute(TestSuiteExecutor.java:106)
	at com.kms.katalon.core.main.TestCaseMain.startTestSuite(TestCaseMain.java:187)
	at com.kms.katalon.core.main.TestCaseMain$startTestSuite$0.call(Unknown Source)
	at TempTestSuite1695829496928.run(TempTestSuite1695829496928.groovy:36)
)

2023-09-27 11:45:55 - [TEST_STEP][FAILED] - if (verifyTextPresent("The FEIN and Re-type FEIN do not match", true)): Text 'The FEIN and Re-type FEIN do not match' is not present on page  using regular expression (Root cause: com.kms.katalon.core.exception.StepFailedException: Text 'The FEIN and Re-type FEIN do not match' is not present on page  using regular expression
	at com.kms.katalon.core.webui.keyword.internal.WebUIKeywordMain.stepFailed(WebUIKeywordMain.groovy:64)
	at com.kms.katalon.core.webui.keyword.builtin.VerifyTextPresentKeyword$_verifyTextPresent_closure1.doCall(VerifyTextPresentKeyword.groovy:79)
	at com.kms.katalon.core.webui.keyword.builtin.VerifyTextPresentKeyword$_verifyTextPresent_closure1.call(VerifyTextPresentKeyword.groovy)
	at com.kms.katalon.core.webui.keyword.internal.WebUIKeywordMain.runKeyword(WebUIKeywordMain.groovy:20)
	at com.kms.katalon.core.webui.keyword.builtin.VerifyTextPresentKeyword.verifyTextPresent(VerifyTextPresentKeyword.groovy:83)
	at com.kms.katalon.core.webui.keyword.builtin.VerifyTextPresentKeyword.execute(VerifyTextPresentKeyword.groovy:68)
	at com.kms.katalon.core.keyword.internal.KeywordExecutor.executeKeywordForPlatform(KeywordExecutor.groovy:74)
	at com.kms.katalon.core.webui.keyword.WebUiBuiltInKeywords.verifyTextPresent(WebUiBuiltInKeywords.groovy:1723)
	at com.kms.katalon.core.webui.keyword.WebUiBuiltInKeywords$verifyTextPresent$6.call(Unknown Source)
	at FEINmismatchError.run(FEINmismatchError:214)
	at com.kms.katalon.core.main.ScriptEngine.run(ScriptEngine.java:194)
	at com.kms.katalon.core.main.ScriptEngine.runScriptAsRawText(ScriptEngine.java:119)
	at com.kms.katalon.core.main.TestCaseExecutor.runScript(TestCaseExecutor.java:448)
	at com.kms.katalon.core.main.TestCaseExecutor.doExecute(TestCaseExecutor.java:439)
	at com.kms.katalon.core.main.TestCaseExecutor.processExecutionPhase(TestCaseExecutor.java:418)
	at com.kms.katalon.core.main.TestCaseExecutor.accessMainPhase(TestCaseExecutor.java:410)
	at com.kms.katalon.core.main.TestCaseExecutor.execute(TestCaseExecutor.java:285)
	at com.kms.katalon.core.common.CommonExecutor.accessTestCaseMainPhase(CommonExecutor.java:65)
	at com.kms.katalon.core.main.TestSuiteExecutor.accessTestSuiteMainPhase(TestSuiteExecutor.java:148)
	at com.kms.katalon.core.main.TestSuiteExecutor.execute(TestSuiteExecutor.java:106)
	at com.kms.katalon.core.main.TestCaseMain.startTestSuite(TestCaseMain.java:187)
	at com.kms.katalon.core.main.TestCaseMain$startTestSuite$0.call(Unknown Source)
	at TempTestSuite1695829496928.run(TempTestSuite1695829496928.groovy:36)
)

2023-09-27 11:45:55 - [MESSAGE][FAILED] - Text 'The FEIN and Re-type FEIN do not match' is not present on page  using regular expression (Root cause: com.kms.katalon.core.exception.StepFailedException: Text 'The FEIN and Re-type FEIN do not match' is not present on page  using regular expression
	at com.kms.katalon.core.webui.keyword.internal.WebUIKeywordMain.stepFailed(WebUIKeywordMain.groovy:64)
	at com.kms.katalon.core.webui.keyword.builtin.VerifyTextPresentKeyword$_verifyTextPresent_closure1.doCall(VerifyTextPresentKeyword.groovy:79)
	at com.kms.katalon.core.webui.keyword.builtin.VerifyTextPresentKeyword$_verifyTextPresent_closure1.call(VerifyTextPresentKeyword.groovy)
	at com.kms.katalon.core.webui.keyword.internal.WebUIKeywordMain.runKeyword(WebUIKeywordMain.groovy:20)
	at com.kms.katalon.core.webui.keyword.builtin.VerifyTextPresentKeyword.verifyTextPresent(VerifyTextPresentKeyword.groovy:83)
	at com.kms.katalon.core.webui.keyword.builtin.VerifyTextPresentKeyword.execute(VerifyTextPresentKeyword.groovy:68)
	at com.kms.katalon.core.keyword.internal.KeywordExecutor.executeKeywordForPlatform(KeywordExecutor.groovy:74)
	at com.kms.katalon.core.webui.keyword.WebUiBuiltInKeywords.verifyTextPresent(WebUiBuiltInKeywords.groovy:1723)
	at com.kms.katalon.core.webui.keyword.WebUiBuiltInKeywords$verifyTextPresent$6.call(Unknown Source)
	at FEINmismatchError.run(FEINmismatchError:214)
	at com.kms.katalon.core.main.ScriptEngine.run(ScriptEngine.java:194)
	at com.kms.katalon.core.main.ScriptEngine.runScriptAsRawText(ScriptEngine.java:119)
	at com.kms.katalon.core.main.TestCaseExecutor.runScript(TestCaseExecutor.java:448)
	at com.kms.katalon.core.main.TestCaseExecutor.doExecute(TestCaseExecutor.java:439)
	at com.kms.katalon.core.main.TestCaseExecutor.processExecutionPhase(TestCaseExecutor.java:418)
	at com.kms.katalon.core.main.TestCaseExecutor.accessMainPhase(TestCaseExecutor.java:410)
	at com.kms.katalon.core.main.TestCaseExecutor.execute(TestCaseExecutor.java:285)
	at com.kms.katalon.core.common.CommonExecutor.accessTestCaseMainPhase(CommonExecutor.java:65)
	at com.kms.katalon.core.main.TestSuiteExecutor.accessTestSuiteMainPhase(TestSuiteExecutor.java:148)
	at com.kms.katalon.core.main.TestSuiteExecutor.execute(TestSuiteExecutor.java:106)
	at com.kms.katalon.core.main.TestCaseMain.startTestSuite(TestCaseMain.java:187)
	at com.kms.katalon.core.main.TestCaseMain$startTestSuite$0.call(Unknown Source)
	at TempTestSuite1695829496928.run(TempTestSuite1695829496928.groovy:36)
)

2023-09-27 11:45:55 - [TEST_STEP][PASSED] - else: pages.WriteExcel.demoKey is PASSED

2023-09-27 11:45:55 - [TEST_STEP][PASSED] - println("Error Message is NOT present on the page"): null

2023-09-27 11:45:55 - [TEST_STEP][PASSED] - out.println("Fail Record Number: " + row): null

2023-09-27 11:45:55 - [TEST_STEP][PASSED] - resText = "Fail": null

2023-09-27 11:45:55 - [TEST_STEP][PASSED] - pages.WriteExcel.demoKey(resText, datText, resColumn, datCloumn, fileLoc, nameSheet, row): pages.WriteExcel.demoKey is PASSED

2023-09-27 11:45:55 - [MESSAGE][PASSED] - pages.WriteExcel.demoKey is PASSED

2023-09-27 11:45:55 - [TEST_STEP][PASSED] - ExecuteTC = findTestData(dataFile).getValue("Execute", row): null

2023-09-27 11:45:55 - [TEST_STEP][PASSED] - Taxtype = findTestData(dataFile).getValue("TaxType", row): null

2023-09-27 11:45:55 - [TEST_STEP][PASSED] - Paymenttype = findTestData(dataFile).getValue("PaymentType", row): null

2023-09-27 11:45:56 - [TEST_STEP][PASSED] - feinSSN = findTestData(dataFile).getValue("FeinSsn", row): null

2023-09-27 11:45:56 - [TEST_STEP][PASSED] - out.println("Value of Execute is : " + ExecuteTC): null

2023-09-27 11:45:56 - [TEST_STEP][FAILED] - if (ExecuteTC.equalsIgnoreCase("Y")): null

2023-09-27 11:45:56 - [TEST_STEP][PASSED] - out.println("Begin Record Number: " + row): null

2023-09-27 11:45:56 - [TEST_STEP][PASSED] - today = new java.util.Date(): null

2023-09-27 11:45:56 - [TEST_STEP][PASSED] - println(today): null

2023-09-27 11:45:56 - [TEST_STEP][PASSED] - datText = today: null

2023-09-27 11:45:56 - [TEST_STEP][PASSED] - Taxtype = findTestData(dataFile).getValue("TaxType", row): null

2023-09-27 11:45:56 - [TEST_STEP][PASSED] - out.println("Taxtype value is : " + Taxtype): null

2023-09-27 11:45:56 - [TEST_STEP][PASSED] - openBrowser(""): Browser is opened with url: ''

2023-09-27 11:45:56 - [MESSAGE][WARNING] - A browser is already opened. Closing browser and opening a new one

2023-09-27 11:45:57 - [MESSAGE][INFO] - Starting 'Chrome' driver

2023-09-27 11:45:57 - [MESSAGE][INFO] - User set preference: ['acceptInsecureCerts', 'true']

2023-09-27 11:45:57 - [MESSAGE][INFO] - Action delay is set to 0 milliseconds

2023-09-27 11:45:59 - [MESSAGE][PASSED] - Browser is opened with url: ''

2023-09-27 11:45:59 - [TEST_STEP][PASSED] - maximizeWindow(): Current window maximized

2023-09-27 11:45:59 - [MESSAGE][PASSED] - Current window maximized

2023-09-27 11:45:59 - [TEST_STEP][PASSED] - navigateToUrl(RADurl): Navigate to 'https://qa2.velocitypayment.com/client/rad/index.html' successfully

2023-09-27 11:46:00 - [MESSAGE][PASSED] - Navigate to 'https://qa2.velocitypayment.com/client/rad/index.html' successfully

2023-09-27 11:46:00 - [TEST_STEP][PASSED] - orPath_Landing = "Object Repository/RAD_Pages/Landing_Page": null

2023-09-27 11:46:00 - [TEST_STEP][PASSED] - orPath_TaxTypeFilingYear = "Object Repository/RAD_Pages/TaxTypeFilingYear_Page": null

2023-09-27 11:46:00 - [TEST_STEP][PASSED] - orPath_TaxPayer = "Object Repository/RAD_Pages/Taxpayer_Page": null

2023-09-27 11:46:00 - [TEST_STEP][PASSED] - orPath_AddressContact = "Object Repository/RAD_Pages/AddressAndContactInfo_Page": null

2023-09-27 11:46:00 - [TEST_STEP][PASSED] - orPath_FilingStatus = "Object Repository/RAD_Pages/FilingStatus_Page": null

2023-09-27 11:46:00 - [TEST_STEP][PASSED] - orPath_Amount = "Object Repository/RAD_Pages/PaymentAmount_Page": null

2023-09-27 11:46:00 - [TEST_STEP][PASSED] - orPath_TaxInfo = "Object Repository/RAD_Pages/TaxInfo_Page": null

2023-09-27 11:46:00 - [TEST_STEP][PASSED] - orPath_Withholding = "Object Repository/RAD_Pages/Withholding_Page": null

2023-09-27 11:46:00 - [TEST_STEP][PASSED] - orPath_Summary = "Object Repository/RAD_Pages/Summary_Page": null

2023-09-27 11:46:00 - [TEST_STEP][PASSED] - orPath_PaymentReady = "Object Repository/RAD_Pages/PaymentReady_Page": null

2023-09-27 11:46:00 - [TEST_STEP][PASSED] - orPath_PaymentEntry = "Object Repository/RAD_Pages/PaymentEntry_Page": null

2023-09-27 11:46:00 - [TEST_STEP][PASSED] - orPath_PaymentConfirmation = "Object Repository/RAD_Pages/PaymentConfirmation_Page": null

2023-09-27 11:46:00 - [TEST_STEP][PASSED] - orPath_ServiceFeesAccept = "Object Repository/RAD_Pages/ServiceFeeAccept_Page": null

2023-09-27 11:46:00 - [TEST_STEP][PASSED] - selectOptionByLabel(findTestObject(orPath_Landing + "/dd_TaxType"), Paymenttype, false): All options with label 'Existing Liability w/Notice Number' are selected in object 'Object Repository/RAD_Pages/Landing_Page/dd_TaxType' 

2023-09-27 11:46:01 - [MESSAGE][PASSED] - All options with label 'Existing Liability w/Notice Number' are selected in object 'Object Repository/RAD_Pages/Landing_Page/dd_TaxType' 

2023-09-27 11:46:01 - [TEST_STEP][PASSED] - delay(1): Delayed 1 second(s)

2023-09-27 11:46:02 - [MESSAGE][PASSED] - Delayed 1 second(s)

2023-09-27 11:46:02 - [TEST_STEP][PASSED] - switch (Paymenttype): null

2023-09-27 11:46:02 - [TEST_STEP][PASSED] - case "Existing Liability w/Notice Number":: null

2023-09-27 11:46:02 - [TEST_STEP][PASSED] - selectOptionByLabel(findTestObject(orPath_TaxTypeFilingYear + "/select_TaxType_ExistingLiability"), Taxtype, false): All options with label 'PTE Non-Electing S Corp' are selected in object 'Object Repository/RAD_Pages/TaxTypeFilingYear_Page/select_TaxType_ExistingLiability' 

2023-09-27 11:46:03 - [MESSAGE][PASSED] - All options with label 'PTE Non-Electing S Corp' are selected in object 'Object Repository/RAD_Pages/TaxTypeFilingYear_Page/select_TaxType_ExistingLiability' 

2023-09-27 11:46:03 - [TEST_STEP][PASSED] - break: null

2023-09-27 11:46:03 - [TEST_STEP][PASSED] - delay(1): Delayed 1 second(s)

2023-09-27 11:46:04 - [MESSAGE][PASSED] - Delayed 1 second(s)

2023-09-27 11:46:04 - [TEST_STEP][PASSED] - scrollToElement(findTestObject(orPath_Amount + "/input__paymentAmount"), 2, CONTINUE_ON_FAILURE): Scroll to object 'Object Repository/RAD_Pages/PaymentAmount_Page/input__paymentAmount' successfully

2023-09-27 11:46:04 - [MESSAGE][PASSED] - Scroll to object 'Object Repository/RAD_Pages/PaymentAmount_Page/input__paymentAmount' successfully

2023-09-27 11:46:04 - [TEST_STEP][FAILED] - switch (Paymenttype): null

2023-09-27 11:46:04 - [TEST_STEP][FAILED] - case "Existing Liability w/Notice Number":: null

2023-09-27 11:46:04 - [TEST_STEP][FAILED] - if (feinSSN.equalsIgnoreCase("Y")): null

2023-09-27 11:46:04 - [TEST_STEP][FAILED] - setEncryptedText(findTestObject(orPath_TaxInfo + "/input_TaxInformation_feinSsn"), "RigbBhfdqODKcAsiUrg+1Q=="): Unable to set encrypted text for object 'Object Repository/RAD_Pages/TaxInfo_Page/input_TaxInformation_feinSsn' (Root cause: com.kms.katalon.core.exception.StepFailedException: Unable to set encrypted text for object 'Object Repository/RAD_Pages/TaxInfo_Page/input_TaxInformation_feinSsn'
	at com.kms.katalon.core.webui.keyword.internal.WebUIKeywordMain.stepFailed(WebUIKeywordMain.groovy:64)
	at com.kms.katalon.core.webui.keyword.internal.WebUIKeywordMain.runKeyword(WebUIKeywordMain.groovy:26)
	at com.kms.katalon.core.webui.keyword.builtin.SetEncryptedTextKeyword.setEncryptedText(SetEncryptedTextKeyword.groovy:65)
	at com.kms.katalon.core.webui.keyword.builtin.SetEncryptedTextKeyword.execute(SetEncryptedTextKeyword.groovy:34)
	at com.kms.katalon.core.keyword.internal.KeywordExecutor.executeKeywordForPlatform(KeywordExecutor.groovy:74)
	at com.kms.katalon.core.webui.keyword.WebUiBuiltInKeywords.setEncryptedText(WebUiBuiltInKeywords.groovy:1011)
	at com.kms.katalon.core.webui.keyword.WebUiBuiltInKeywords$setEncryptedText$4.call(Unknown Source)
	at FEINmismatchError.run(FEINmismatchError:143)
	at com.kms.katalon.core.main.ScriptEngine.run(ScriptEngine.java:194)
	at com.kms.katalon.core.main.ScriptEngine.runScriptAsRawText(ScriptEngine.java:119)
	at com.kms.katalon.core.main.TestCaseExecutor.runScript(TestCaseExecutor.java:448)
	at com.kms.katalon.core.main.TestCaseExecutor.doExecute(TestCaseExecutor.java:439)
	at com.kms.katalon.core.main.TestCaseExecutor.processExecutionPhase(TestCaseExecutor.java:418)
	at com.kms.katalon.core.main.TestCaseExecutor.accessMainPhase(TestCaseExecutor.java:410)
	at com.kms.katalon.core.main.TestCaseExecutor.execute(TestCaseExecutor.java:285)
	at com.kms.katalon.core.common.CommonExecutor.accessTestCaseMainPhase(CommonExecutor.java:65)
	at com.kms.katalon.core.main.TestSuiteExecutor.accessTestSuiteMainPhase(TestSuiteExecutor.java:148)
	at com.kms.katalon.core.main.TestSuiteExecutor.execute(TestSuiteExecutor.java:106)
	at com.kms.katalon.core.main.TestCaseMain.startTestSuite(TestCaseMain.java:187)
	at com.kms.katalon.core.main.TestCaseMain$startTestSuite$0.call(Unknown Source)
	at TempTestSuite1695829496928.run(TempTestSuite1695829496928.groovy:36)
Caused by: org.openqa.selenium.ElementNotInteractableException: element not interactable
  (Session info: chrome=117.0.5938.92)
Build info: version: '3.141.59', revision: 'e82be7d358', time: '2018-11-14T08:25:53'
System info: host: 'DESKTOP-B2QI6NS', ip: '172.31.253.139', os.name: 'Windows 10', os.arch: 'amd64', os.version: '10.0', java.version: '1.8.0_181'
Driver info: com.kms.katalon.selenium.driver.CChromeDriver
Capabilities {acceptInsecureCerts: true, browserName: chrome, browserVersion: 117.0.5938.92, chrome: {chromedriverVersion: 116.0.5845.96 (1a3918166880..., userDataDir: C:\Users\imtiaz\AppData\Loc...}, fedcm:accounts: true, goog:chromeOptions: {debuggerAddress: localhost:62460}, javascriptEnabled: true, networkConnectionEnabled: false, pageLoadStrategy: normal, platform: WINDOWS, platformName: WINDOWS, proxy: Proxy(), setWindowRect: true, strictFileInteractability: false, timeouts: {implicit: 0, pageLoad: 300000, script: 30000}, unhandledPromptBehavior: dismiss and notify, webauthn:extension:credBlob: true, webauthn:extension:largeBlob: true, webauthn:extension:minPinLength: true, webauthn:extension:prf: true, webauthn:virtualAuthenticators: true}
Session ID: f63cab6d3c1c43ed859c392411c822f7
	at org.openqa.selenium.remote.http.W3CHttpResponseCodec.createException(W3CHttpResponseCodec.java:187)
	at org.openqa.selenium.remote.http.W3CHttpResponseCodec.decode(W3CHttpResponseCodec.java:122)
	at org.openqa.selenium.remote.http.W3CHttpResponseCodec.decode(W3CHttpResponseCodec.java:49)
	at org.openqa.selenium.remote.HttpCommandExecutor.execute(HttpCommandExecutor.java:158)
	at org.openqa.selenium.remote.service.DriverCommandExecutor.execute(DriverCommandExecutor.java:83)
	at org.openqa.selenium.remote.RemoteWebDriver.execute(RemoteWebDriver.java:552)
	at com.kms.katalon.selenium.driver.CChromeDriver.execute(CChromeDriver.java:19)
	at org.openqa.selenium.remote.RemoteWebElement.execute(RemoteWebElement.java:285)
	at org.openqa.selenium.remote.RemoteWebElement.clear(RemoteWebElement.java:124)
	at org.openqa.selenium.support.events.EventFiringWebDriver$EventFiringWebElement.lambda$new$0(EventFiringWebDriver.java:404)
	at com.sun.proxy.$Proxy11.clear(Unknown Source)
	at org.openqa.selenium.support.events.EventFiringWebDriver$EventFiringWebElement.clear(EventFiringWebDriver.java:436)
	at com.kms.katalon.core.webui.keyword.builtin.SetEncryptedTextKeyword$_setEncryptedText_closure1.doCall(SetEncryptedTextKeyword.groovy:54)
	at com.kms.katalon.core.webui.keyword.builtin.SetEncryptedTextKeyword$_setEncryptedText_closure1.call(SetEncryptedTextKeyword.groovy)
	at com.kms.katalon.core.webui.keyword.internal.WebUIKeywordMain.runKeyword(WebUIKeywordMain.groovy:20)
	at com.kms.katalon.core.webui.keyword.builtin.SetEncryptedTextKeyword.setEncryptedText(SetEncryptedTextKeyword.groovy:65)
	at com.kms.katalon.core.webui.keyword.builtin.SetEncryptedTextKeyword.execute(SetEncryptedTextKeyword.groovy:34)
	at com.kms.katalon.core.keyword.internal.KeywordExecutor.executeKeywordForPlatform(KeywordExecutor.groovy:74)
	at com.kms.katalon.core.webui.keyword.WebUiBuiltInKeywords.setEncryptedText(WebUiBuiltInKeywords.groovy:1011)
	at com.kms.katalon.core.webui.keyword.WebUiBuiltInKeywords$setEncryptedText$4.call(Unknown Source)
	at Script1693763256792.run(Script1693763256792.groovy:143)
	... 13 more
)

2023-09-27 11:46:05 - [MESSAGE][FAILED] - Unable to set encrypted text for object 'Object Repository/RAD_Pages/TaxInfo_Page/input_TaxInformation_feinSsn' (Root cause: com.kms.katalon.core.exception.StepFailedException: Unable to set encrypted text for object 'Object Repository/RAD_Pages/TaxInfo_Page/input_TaxInformation_feinSsn'
	at com.kms.katalon.core.webui.keyword.internal.WebUIKeywordMain.stepFailed(WebUIKeywordMain.groovy:64)
	at com.kms.katalon.core.webui.keyword.internal.WebUIKeywordMain.runKeyword(WebUIKeywordMain.groovy:26)
	at com.kms.katalon.core.webui.keyword.builtin.SetEncryptedTextKeyword.setEncryptedText(SetEncryptedTextKeyword.groovy:65)
	at com.kms.katalon.core.webui.keyword.builtin.SetEncryptedTextKeyword.execute(SetEncryptedTextKeyword.groovy:34)
	at com.kms.katalon.core.keyword.internal.KeywordExecutor.executeKeywordForPlatform(KeywordExecutor.groovy:74)
	at com.kms.katalon.core.webui.keyword.WebUiBuiltInKeywords.setEncryptedText(WebUiBuiltInKeywords.groovy:1011)
	at com.kms.katalon.core.webui.keyword.WebUiBuiltInKeywords$setEncryptedText$4.call(Unknown Source)
	at FEINmismatchError.run(FEINmismatchError:143)
	at com.kms.katalon.core.main.ScriptEngine.run(ScriptEngine.java:194)
	at com.kms.katalon.core.main.ScriptEngine.runScriptAsRawText(ScriptEngine.java:119)
	at com.kms.katalon.core.main.TestCaseExecutor.runScript(TestCaseExecutor.java:448)
	at com.kms.katalon.core.main.TestCaseExecutor.doExecute(TestCaseExecutor.java:439)
	at com.kms.katalon.core.main.TestCaseExecutor.processExecutionPhase(TestCaseExecutor.java:418)
	at com.kms.katalon.core.main.TestCaseExecutor.accessMainPhase(TestCaseExecutor.java:410)
	at com.kms.katalon.core.main.TestCaseExecutor.execute(TestCaseExecutor.java:285)
	at com.kms.katalon.core.common.CommonExecutor.accessTestCaseMainPhase(CommonExecutor.java:65)
	at com.kms.katalon.core.main.TestSuiteExecutor.accessTestSuiteMainPhase(TestSuiteExecutor.java:148)
	at com.kms.katalon.core.main.TestSuiteExecutor.execute(TestSuiteExecutor.java:106)
	at com.kms.katalon.core.main.TestCaseMain.startTestSuite(TestCaseMain.java:187)
	at com.kms.katalon.core.main.TestCaseMain$startTestSuite$0.call(Unknown Source)
	at TempTestSuite1695829496928.run(TempTestSuite1695829496928.groovy:36)
Caused by: org.openqa.selenium.ElementNotInteractableException: element not interactable
  (Session info: chrome=117.0.5938.92)
Build info: version: '3.141.59', revision: 'e82be7d358', time: '2018-11-14T08:25:53'
System info: host: 'DESKTOP-B2QI6NS', ip: '172.31.253.139', os.name: 'Windows 10', os.arch: 'amd64', os.version: '10.0', java.version: '1.8.0_181'
Driver info: com.kms.katalon.selenium.driver.CChromeDriver
Capabilities {acceptInsecureCerts: true, browserName: chrome, browserVersion: 117.0.5938.92, chrome: {chromedriverVersion: 116.0.5845.96 (1a3918166880..., userDataDir: C:\Users\imtiaz\AppData\Loc...}, fedcm:accounts: true, goog:chromeOptions: {debuggerAddress: localhost:62460}, javascriptEnabled: true, networkConnectionEnabled: false, pageLoadStrategy: normal, platform: WINDOWS, platformName: WINDOWS, proxy: Proxy(), setWindowRect: true, strictFileInteractability: false, timeouts: {implicit: 0, pageLoad: 300000, script: 30000}, unhandledPromptBehavior: dismiss and notify, webauthn:extension:credBlob: true, webauthn:extension:largeBlob: true, webauthn:extension:minPinLength: true, webauthn:extension:prf: true, webauthn:virtualAuthenticators: true}
Session ID: f63cab6d3c1c43ed859c392411c822f7
	at org.openqa.selenium.remote.http.W3CHttpResponseCodec.createException(W3CHttpResponseCodec.java:187)
	at org.openqa.selenium.remote.http.W3CHttpResponseCodec.decode(W3CHttpResponseCodec.java:122)
	at org.openqa.selenium.remote.http.W3CHttpResponseCodec.decode(W3CHttpResponseCodec.java:49)
	at org.openqa.selenium.remote.HttpCommandExecutor.execute(HttpCommandExecutor.java:158)
	at org.openqa.selenium.remote.service.DriverCommandExecutor.execute(DriverCommandExecutor.java:83)
	at org.openqa.selenium.remote.RemoteWebDriver.execute(RemoteWebDriver.java:552)
	at com.kms.katalon.selenium.driver.CChromeDriver.execute(CChromeDriver.java:19)
	at org.openqa.selenium.remote.RemoteWebElement.execute(RemoteWebElement.java:285)
	at org.openqa.selenium.remote.RemoteWebElement.clear(RemoteWebElement.java:124)
	at org.openqa.selenium.support.events.EventFiringWebDriver$EventFiringWebElement.lambda$new$0(EventFiringWebDriver.java:404)
	at com.sun.proxy.$Proxy11.clear(Unknown Source)
	at org.openqa.selenium.support.events.EventFiringWebDriver$EventFiringWebElement.clear(EventFiringWebDriver.java:436)
	at com.kms.katalon.core.webui.keyword.builtin.SetEncryptedTextKeyword$_setEncryptedText_closure1.doCall(SetEncryptedTextKeyword.groovy:54)
	at com.kms.katalon.core.webui.keyword.builtin.SetEncryptedTextKeyword$_setEncryptedText_closure1.call(SetEncryptedTextKeyword.groovy)
	at com.kms.katalon.core.webui.keyword.internal.WebUIKeywordMain.runKeyword(WebUIKeywordMain.groovy:20)
	at com.kms.katalon.core.webui.keyword.builtin.SetEncryptedTextKeyword.setEncryptedText(SetEncryptedTextKeyword.groovy:65)
	at com.kms.katalon.core.webui.keyword.builtin.SetEncryptedTextKeyword.execute(SetEncryptedTextKeyword.groovy:34)
	at com.kms.katalon.core.keyword.internal.KeywordExecutor.executeKeywordForPlatform(KeywordExecutor.groovy:74)
	at com.kms.katalon.core.webui.keyword.WebUiBuiltInKeywords.setEncryptedText(WebUiBuiltInKeywords.groovy:1011)
	at com.kms.katalon.core.webui.keyword.WebUiBuiltInKeywords$setEncryptedText$4.call(Unknown Source)
	at Script1693763256792.run(Script1693763256792.groovy:143)
	... 13 more
)
[[ATTACHMENT|E:\\Cloned-Project-Katalon\\VPS-Katalon\\Reports\\20230927_114456\\RAD_TestSuite\\RAD_UI_TestSuite\\20230927_114456\\1695829564842.png]]

2023-09-27 11:46:05 - [TEST_STEP][FAILED] - setEncryptedText(findTestObject(orPath_TaxInfo + "/input_TaxInformation_RefeinSsn"), "RigbBhfdqOD+04WBHw5iKw=="): Unable to set encrypted text for object 'Object Repository/RAD_Pages/TaxInfo_Page/input_TaxInformation_RefeinSsn' (Root cause: com.kms.katalon.core.exception.StepFailedException: Unable to set encrypted text for object 'Object Repository/RAD_Pages/TaxInfo_Page/input_TaxInformation_RefeinSsn'
	at com.kms.katalon.core.webui.keyword.internal.WebUIKeywordMain.stepFailed(WebUIKeywordMain.groovy:64)
	at com.kms.katalon.core.webui.keyword.internal.WebUIKeywordMain.runKeyword(WebUIKeywordMain.groovy:26)
	at com.kms.katalon.core.webui.keyword.builtin.SetEncryptedTextKeyword.setEncryptedText(SetEncryptedTextKeyword.groovy:65)
	at com.kms.katalon.core.webui.keyword.builtin.SetEncryptedTextKeyword.execute(SetEncryptedTextKeyword.groovy:34)
	at com.kms.katalon.core.keyword.internal.KeywordExecutor.executeKeywordForPlatform(KeywordExecutor.groovy:74)
	at com.kms.katalon.core.webui.keyword.WebUiBuiltInKeywords.setEncryptedText(WebUiBuiltInKeywords.groovy:1011)
	at com.kms.katalon.core.webui.keyword.WebUiBuiltInKeywords$setEncryptedText$4.call(Unknown Source)
	at FEINmismatchError.run(FEINmismatchError:144)
	at com.kms.katalon.core.main.ScriptEngine.run(ScriptEngine.java:194)
	at com.kms.katalon.core.main.ScriptEngine.runScriptAsRawText(ScriptEngine.java:119)
	at com.kms.katalon.core.main.TestCaseExecutor.runScript(TestCaseExecutor.java:448)
	at com.kms.katalon.core.main.TestCaseExecutor.doExecute(TestCaseExecutor.java:439)
	at com.kms.katalon.core.main.TestCaseExecutor.processExecutionPhase(TestCaseExecutor.java:418)
	at com.kms.katalon.core.main.TestCaseExecutor.accessMainPhase(TestCaseExecutor.java:410)
	at com.kms.katalon.core.main.TestCaseExecutor.execute(TestCaseExecutor.java:285)
	at com.kms.katalon.core.common.CommonExecutor.accessTestCaseMainPhase(CommonExecutor.java:65)
	at com.kms.katalon.core.main.TestSuiteExecutor.accessTestSuiteMainPhase(TestSuiteExecutor.java:148)
	at com.kms.katalon.core.main.TestSuiteExecutor.execute(TestSuiteExecutor.java:106)
	at com.kms.katalon.core.main.TestCaseMain.startTestSuite(TestCaseMain.java:187)
	at com.kms.katalon.core.main.TestCaseMain$startTestSuite$0.call(Unknown Source)
	at TempTestSuite1695829496928.run(TempTestSuite1695829496928.groovy:36)
Caused by: org.openqa.selenium.ElementNotInteractableException: element not interactable
  (Session info: chrome=117.0.5938.92)
Build info: version: '3.141.59', revision: 'e82be7d358', time: '2018-11-14T08:25:53'
System info: host: 'DESKTOP-B2QI6NS', ip: '172.31.253.139', os.name: 'Windows 10', os.arch: 'amd64', os.version: '10.0', java.version: '1.8.0_181'
Driver info: com.kms.katalon.selenium.driver.CChromeDriver
Capabilities {acceptInsecureCerts: true, browserName: chrome, browserVersion: 117.0.5938.92, chrome: {chromedriverVersion: 116.0.5845.96 (1a3918166880..., userDataDir: C:\Users\imtiaz\AppData\Loc...}, fedcm:accounts: true, goog:chromeOptions: {debuggerAddress: localhost:62460}, javascriptEnabled: true, networkConnectionEnabled: false, pageLoadStrategy: normal, platform: WINDOWS, platformName: WINDOWS, proxy: Proxy(), setWindowRect: true, strictFileInteractability: false, timeouts: {implicit: 0, pageLoad: 300000, script: 30000}, unhandledPromptBehavior: dismiss and notify, webauthn:extension:credBlob: true, webauthn:extension:largeBlob: true, webauthn:extension:minPinLength: true, webauthn:extension:prf: true, webauthn:virtualAuthenticators: true}
Session ID: f63cab6d3c1c43ed859c392411c822f7
	at org.openqa.selenium.remote.http.W3CHttpResponseCodec.createException(W3CHttpResponseCodec.java:187)
	at org.openqa.selenium.remote.http.W3CHttpResponseCodec.decode(W3CHttpResponseCodec.java:122)
	at org.openqa.selenium.remote.http.W3CHttpResponseCodec.decode(W3CHttpResponseCodec.java:49)
	at org.openqa.selenium.remote.HttpCommandExecutor.execute(HttpCommandExecutor.java:158)
	at org.openqa.selenium.remote.service.DriverCommandExecutor.execute(DriverCommandExecutor.java:83)
	at org.openqa.selenium.remote.RemoteWebDriver.execute(RemoteWebDriver.java:552)
	at com.kms.katalon.selenium.driver.CChromeDriver.execute(CChromeDriver.java:19)
	at org.openqa.selenium.remote.RemoteWebElement.execute(RemoteWebElement.java:285)
	at org.openqa.selenium.remote.RemoteWebElement.clear(RemoteWebElement.java:124)
	at org.openqa.selenium.support.events.EventFiringWebDriver$EventFiringWebElement.lambda$new$0(EventFiringWebDriver.java:404)
	at com.sun.proxy.$Proxy11.clear(Unknown Source)
	at org.openqa.selenium.support.events.EventFiringWebDriver$EventFiringWebElement.clear(EventFiringWebDriver.java:436)
	at com.kms.katalon.core.webui.keyword.builtin.SetEncryptedTextKeyword$_setEncryptedText_closure1.doCall(SetEncryptedTextKeyword.groovy:54)
	at com.kms.katalon.core.webui.keyword.builtin.SetEncryptedTextKeyword$_setEncryptedText_closure1.call(SetEncryptedTextKeyword.groovy)
	at com.kms.katalon.core.webui.keyword.internal.WebUIKeywordMain.runKeyword(WebUIKeywordMain.groovy:20)
	at com.kms.katalon.core.webui.keyword.builtin.SetEncryptedTextKeyword.setEncryptedText(SetEncryptedTextKeyword.groovy:65)
	at com.kms.katalon.core.webui.keyword.builtin.SetEncryptedTextKeyword.execute(SetEncryptedTextKeyword.groovy:34)
	at com.kms.katalon.core.keyword.internal.KeywordExecutor.executeKeywordForPlatform(KeywordExecutor.groovy:74)
	at com.kms.katalon.core.webui.keyword.WebUiBuiltInKeywords.setEncryptedText(WebUiBuiltInKeywords.groovy:1011)
	at com.kms.katalon.core.webui.keyword.WebUiBuiltInKeywords$setEncryptedText$4.call(Unknown Source)
	at Script1693763256792.run(Script1693763256792.groovy:144)
	... 13 more
)

2023-09-27 11:46:05 - [MESSAGE][FAILED] - Unable to set encrypted text for object 'Object Repository/RAD_Pages/TaxInfo_Page/input_TaxInformation_RefeinSsn' (Root cause: com.kms.katalon.core.exception.StepFailedException: Unable to set encrypted text for object 'Object Repository/RAD_Pages/TaxInfo_Page/input_TaxInformation_RefeinSsn'
	at com.kms.katalon.core.webui.keyword.internal.WebUIKeywordMain.stepFailed(WebUIKeywordMain.groovy:64)
	at com.kms.katalon.core.webui.keyword.internal.WebUIKeywordMain.runKeyword(WebUIKeywordMain.groovy:26)
	at com.kms.katalon.core.webui.keyword.builtin.SetEncryptedTextKeyword.setEncryptedText(SetEncryptedTextKeyword.groovy:65)
	at com.kms.katalon.core.webui.keyword.builtin.SetEncryptedTextKeyword.execute(SetEncryptedTextKeyword.groovy:34)
	at com.kms.katalon.core.keyword.internal.KeywordExecutor.executeKeywordForPlatform(KeywordExecutor.groovy:74)
	at com.kms.katalon.core.webui.keyword.WebUiBuiltInKeywords.setEncryptedText(WebUiBuiltInKeywords.groovy:1011)
	at com.kms.katalon.core.webui.keyword.WebUiBuiltInKeywords$setEncryptedText$4.call(Unknown Source)
	at FEINmismatchError.run(FEINmismatchError:144)
	at com.kms.katalon.core.main.ScriptEngine.run(ScriptEngine.java:194)
	at com.kms.katalon.core.main.ScriptEngine.runScriptAsRawText(ScriptEngine.java:119)
	at com.kms.katalon.core.main.TestCaseExecutor.runScript(TestCaseExecutor.java:448)
	at com.kms.katalon.core.main.TestCaseExecutor.doExecute(TestCaseExecutor.java:439)
	at com.kms.katalon.core.main.TestCaseExecutor.processExecutionPhase(TestCaseExecutor.java:418)
	at com.kms.katalon.core.main.TestCaseExecutor.accessMainPhase(TestCaseExecutor.java:410)
	at com.kms.katalon.core.main.TestCaseExecutor.execute(TestCaseExecutor.java:285)
	at com.kms.katalon.core.common.CommonExecutor.accessTestCaseMainPhase(CommonExecutor.java:65)
	at com.kms.katalon.core.main.TestSuiteExecutor.accessTestSuiteMainPhase(TestSuiteExecutor.java:148)
	at com.kms.katalon.core.main.TestSuiteExecutor.execute(TestSuiteExecutor.java:106)
	at com.kms.katalon.core.main.TestCaseMain.startTestSuite(TestCaseMain.java:187)
	at com.kms.katalon.core.main.TestCaseMain$startTestSuite$0.call(Unknown Source)
	at TempTestSuite1695829496928.run(TempTestSuite1695829496928.groovy:36)
Caused by: org.openqa.selenium.ElementNotInteractableException: element not interactable
  (Session info: chrome=117.0.5938.92)
Build info: version: '3.141.59', revision: 'e82be7d358', time: '2018-11-14T08:25:53'
System info: host: 'DESKTOP-B2QI6NS', ip: '172.31.253.139', os.name: 'Windows 10', os.arch: 'amd64', os.version: '10.0', java.version: '1.8.0_181'
Driver info: com.kms.katalon.selenium.driver.CChromeDriver
Capabilities {acceptInsecureCerts: true, browserName: chrome, browserVersion: 117.0.5938.92, chrome: {chromedriverVersion: 116.0.5845.96 (1a3918166880..., userDataDir: C:\Users\imtiaz\AppData\Loc...}, fedcm:accounts: true, goog:chromeOptions: {debuggerAddress: localhost:62460}, javascriptEnabled: true, networkConnectionEnabled: false, pageLoadStrategy: normal, platform: WINDOWS, platformName: WINDOWS, proxy: Proxy(), setWindowRect: true, strictFileInteractability: false, timeouts: {implicit: 0, pageLoad: 300000, script: 30000}, unhandledPromptBehavior: dismiss and notify, webauthn:extension:credBlob: true, webauthn:extension:largeBlob: true, webauthn:extension:minPinLength: true, webauthn:extension:prf: true, webauthn:virtualAuthenticators: true}
Session ID: f63cab6d3c1c43ed859c392411c822f7
	at org.openqa.selenium.remote.http.W3CHttpResponseCodec.createException(W3CHttpResponseCodec.java:187)
	at org.openqa.selenium.remote.http.W3CHttpResponseCodec.decode(W3CHttpResponseCodec.java:122)
	at org.openqa.selenium.remote.http.W3CHttpResponseCodec.decode(W3CHttpResponseCodec.java:49)
	at org.openqa.selenium.remote.HttpCommandExecutor.execute(HttpCommandExecutor.java:158)
	at org.openqa.selenium.remote.service.DriverCommandExecutor.execute(DriverCommandExecutor.java:83)
	at org.openqa.selenium.remote.RemoteWebDriver.execute(RemoteWebDriver.java:552)
	at com.kms.katalon.selenium.driver.CChromeDriver.execute(CChromeDriver.java:19)
	at org.openqa.selenium.remote.RemoteWebElement.execute(RemoteWebElement.java:285)
	at org.openqa.selenium.remote.RemoteWebElement.clear(RemoteWebElement.java:124)
	at org.openqa.selenium.support.events.EventFiringWebDriver$EventFiringWebElement.lambda$new$0(EventFiringWebDriver.java:404)
	at com.sun.proxy.$Proxy11.clear(Unknown Source)
	at org.openqa.selenium.support.events.EventFiringWebDriver$EventFiringWebElement.clear(EventFiringWebDriver.java:436)
	at com.kms.katalon.core.webui.keyword.builtin.SetEncryptedTextKeyword$_setEncryptedText_closure1.doCall(SetEncryptedTextKeyword.groovy:54)
	at com.kms.katalon.core.webui.keyword.builtin.SetEncryptedTextKeyword$_setEncryptedText_closure1.call(SetEncryptedTextKeyword.groovy)
	at com.kms.katalon.core.webui.keyword.internal.WebUIKeywordMain.runKeyword(WebUIKeywordMain.groovy:20)
	at com.kms.katalon.core.webui.keyword.builtin.SetEncryptedTextKeyword.setEncryptedText(SetEncryptedTextKeyword.groovy:65)
	at com.kms.katalon.core.webui.keyword.builtin.SetEncryptedTextKeyword.execute(SetEncryptedTextKeyword.groovy:34)
	at com.kms.katalon.core.keyword.internal.KeywordExecutor.executeKeywordForPlatform(KeywordExecutor.groovy:74)
	at com.kms.katalon.core.webui.keyword.WebUiBuiltInKeywords.setEncryptedText(WebUiBuiltInKeywords.groovy:1011)
	at com.kms.katalon.core.webui.keyword.WebUiBuiltInKeywords$setEncryptedText$4.call(Unknown Source)
	at Script1693763256792.run(Script1693763256792.groovy:144)
	... 13 more
)
[[ATTACHMENT|E:\\Cloned-Project-Katalon\\VPS-Katalon\\Reports\\20230927_114456\\RAD_TestSuite\\RAD_UI_TestSuite\\20230927_114456\\1695829565471.png]]

2023-09-27 11:46:05 - [TEST_STEP][PASSED] - break: null

2023-09-27 11:46:05 - [TEST_STEP][PASSED] - setText(findTestObject(orPath_Amount + "/input__paymentAmount"), ""): Text '' is set on object 'Object Repository/RAD_Pages/PaymentAmount_Page/input__paymentAmount'

2023-09-27 11:46:06 - [MESSAGE][PASSED] - Text '' is set on object 'Object Repository/RAD_Pages/PaymentAmount_Page/input__paymentAmount'

2023-09-27 11:46:06 - [TEST_STEP][FAILED] - verifyTextPresent("The FEIN and Re-type FEIN do not match", true): Text 'The FEIN and Re-type FEIN do not match' is not present on page  using regular expression (Root cause: com.kms.katalon.core.exception.StepFailedException: Text 'The FEIN and Re-type FEIN do not match' is not present on page  using regular expression
	at com.kms.katalon.core.webui.keyword.internal.WebUIKeywordMain.stepFailed(WebUIKeywordMain.groovy:64)
	at com.kms.katalon.core.webui.keyword.builtin.VerifyTextPresentKeyword$_verifyTextPresent_closure1.doCall(VerifyTextPresentKeyword.groovy:79)
	at com.kms.katalon.core.webui.keyword.builtin.VerifyTextPresentKeyword$_verifyTextPresent_closure1.call(VerifyTextPresentKeyword.groovy)
	at com.kms.katalon.core.webui.keyword.internal.WebUIKeywordMain.runKeyword(WebUIKeywordMain.groovy:20)
	at com.kms.katalon.core.webui.keyword.builtin.VerifyTextPresentKeyword.verifyTextPresent(VerifyTextPresentKeyword.groovy:83)
	at com.kms.katalon.core.webui.keyword.builtin.VerifyTextPresentKeyword.execute(VerifyTextPresentKeyword.groovy:68)
	at com.kms.katalon.core.keyword.internal.KeywordExecutor.executeKeywordForPlatform(KeywordExecutor.groovy:74)
	at com.kms.katalon.core.webui.keyword.WebUiBuiltInKeywords.verifyTextPresent(WebUiBuiltInKeywords.groovy:1723)
	at com.kms.katalon.core.webui.keyword.WebUiBuiltInKeywords$verifyTextPresent$6.call(Unknown Source)
	at FEINmismatchError.run(FEINmismatchError:212)
	at com.kms.katalon.core.main.ScriptEngine.run(ScriptEngine.java:194)
	at com.kms.katalon.core.main.ScriptEngine.runScriptAsRawText(ScriptEngine.java:119)
	at com.kms.katalon.core.main.TestCaseExecutor.runScript(TestCaseExecutor.java:448)
	at com.kms.katalon.core.main.TestCaseExecutor.doExecute(TestCaseExecutor.java:439)
	at com.kms.katalon.core.main.TestCaseExecutor.processExecutionPhase(TestCaseExecutor.java:418)
	at com.kms.katalon.core.main.TestCaseExecutor.accessMainPhase(TestCaseExecutor.java:410)
	at com.kms.katalon.core.main.TestCaseExecutor.execute(TestCaseExecutor.java:285)
	at com.kms.katalon.core.common.CommonExecutor.accessTestCaseMainPhase(CommonExecutor.java:65)
	at com.kms.katalon.core.main.TestSuiteExecutor.accessTestSuiteMainPhase(TestSuiteExecutor.java:148)
	at com.kms.katalon.core.main.TestSuiteExecutor.execute(TestSuiteExecutor.java:106)
	at com.kms.katalon.core.main.TestCaseMain.startTestSuite(TestCaseMain.java:187)
	at com.kms.katalon.core.main.TestCaseMain$startTestSuite$0.call(Unknown Source)
	at TempTestSuite1695829496928.run(TempTestSuite1695829496928.groovy:36)
)

2023-09-27 11:46:07 - [MESSAGE][FAILED] - Text 'The FEIN and Re-type FEIN do not match' is not present on page  using regular expression (Root cause: com.kms.katalon.core.exception.StepFailedException: Text 'The FEIN and Re-type FEIN do not match' is not present on page  using regular expression
	at com.kms.katalon.core.webui.keyword.internal.WebUIKeywordMain.stepFailed(WebUIKeywordMain.groovy:64)
	at com.kms.katalon.core.webui.keyword.builtin.VerifyTextPresentKeyword$_verifyTextPresent_closure1.doCall(VerifyTextPresentKeyword.groovy:79)
	at com.kms.katalon.core.webui.keyword.builtin.VerifyTextPresentKeyword$_verifyTextPresent_closure1.call(VerifyTextPresentKeyword.groovy)
	at com.kms.katalon.core.webui.keyword.internal.WebUIKeywordMain.runKeyword(WebUIKeywordMain.groovy:20)
	at com.kms.katalon.core.webui.keyword.builtin.VerifyTextPresentKeyword.verifyTextPresent(VerifyTextPresentKeyword.groovy:83)
	at com.kms.katalon.core.webui.keyword.builtin.VerifyTextPresentKeyword.execute(VerifyTextPresentKeyword.groovy:68)
	at com.kms.katalon.core.keyword.internal.KeywordExecutor.executeKeywordForPlatform(KeywordExecutor.groovy:74)
	at com.kms.katalon.core.webui.keyword.WebUiBuiltInKeywords.verifyTextPresent(WebUiBuiltInKeywords.groovy:1723)
	at com.kms.katalon.core.webui.keyword.WebUiBuiltInKeywords$verifyTextPresent$6.call(Unknown Source)
	at FEINmismatchError.run(FEINmismatchError:212)
	at com.kms.katalon.core.main.ScriptEngine.run(ScriptEngine.java:194)
	at com.kms.katalon.core.main.ScriptEngine.runScriptAsRawText(ScriptEngine.java:119)
	at com.kms.katalon.core.main.TestCaseExecutor.runScript(TestCaseExecutor.java:448)
	at com.kms.katalon.core.main.TestCaseExecutor.doExecute(TestCaseExecutor.java:439)
	at com.kms.katalon.core.main.TestCaseExecutor.processExecutionPhase(TestCaseExecutor.java:418)
	at com.kms.katalon.core.main.TestCaseExecutor.accessMainPhase(TestCaseExecutor.java:410)
	at com.kms.katalon.core.main.TestCaseExecutor.execute(TestCaseExecutor.java:285)
	at com.kms.katalon.core.common.CommonExecutor.accessTestCaseMainPhase(CommonExecutor.java:65)
	at com.kms.katalon.core.main.TestSuiteExecutor.accessTestSuiteMainPhase(TestSuiteExecutor.java:148)
	at com.kms.katalon.core.main.TestSuiteExecutor.execute(TestSuiteExecutor.java:106)
	at com.kms.katalon.core.main.TestCaseMain.startTestSuite(TestCaseMain.java:187)
	at com.kms.katalon.core.main.TestCaseMain$startTestSuite$0.call(Unknown Source)
	at TempTestSuite1695829496928.run(TempTestSuite1695829496928.groovy:36)
)

2023-09-27 11:46:07 - [TEST_STEP][FAILED] - if (verifyTextPresent("The FEIN and Re-type FEIN do not match", true)): Text 'The FEIN and Re-type FEIN do not match' is not present on page  using regular expression (Root cause: com.kms.katalon.core.exception.StepFailedException: Text 'The FEIN and Re-type FEIN do not match' is not present on page  using regular expression
	at com.kms.katalon.core.webui.keyword.internal.WebUIKeywordMain.stepFailed(WebUIKeywordMain.groovy:64)
	at com.kms.katalon.core.webui.keyword.builtin.VerifyTextPresentKeyword$_verifyTextPresent_closure1.doCall(VerifyTextPresentKeyword.groovy:79)
	at com.kms.katalon.core.webui.keyword.builtin.VerifyTextPresentKeyword$_verifyTextPresent_closure1.call(VerifyTextPresentKeyword.groovy)
	at com.kms.katalon.core.webui.keyword.internal.WebUIKeywordMain.runKeyword(WebUIKeywordMain.groovy:20)
	at com.kms.katalon.core.webui.keyword.builtin.VerifyTextPresentKeyword.verifyTextPresent(VerifyTextPresentKeyword.groovy:83)
	at com.kms.katalon.core.webui.keyword.builtin.VerifyTextPresentKeyword.execute(VerifyTextPresentKeyword.groovy:68)
	at com.kms.katalon.core.keyword.internal.KeywordExecutor.executeKeywordForPlatform(KeywordExecutor.groovy:74)
	at com.kms.katalon.core.webui.keyword.WebUiBuiltInKeywords.verifyTextPresent(WebUiBuiltInKeywords.groovy:1723)
	at com.kms.katalon.core.webui.keyword.WebUiBuiltInKeywords$verifyTextPresent$6.call(Unknown Source)
	at FEINmismatchError.run(FEINmismatchError:214)
	at com.kms.katalon.core.main.ScriptEngine.run(ScriptEngine.java:194)
	at com.kms.katalon.core.main.ScriptEngine.runScriptAsRawText(ScriptEngine.java:119)
	at com.kms.katalon.core.main.TestCaseExecutor.runScript(TestCaseExecutor.java:448)
	at com.kms.katalon.core.main.TestCaseExecutor.doExecute(TestCaseExecutor.java:439)
	at com.kms.katalon.core.main.TestCaseExecutor.processExecutionPhase(TestCaseExecutor.java:418)
	at com.kms.katalon.core.main.TestCaseExecutor.accessMainPhase(TestCaseExecutor.java:410)
	at com.kms.katalon.core.main.TestCaseExecutor.execute(TestCaseExecutor.java:285)
	at com.kms.katalon.core.common.CommonExecutor.accessTestCaseMainPhase(CommonExecutor.java:65)
	at com.kms.katalon.core.main.TestSuiteExecutor.accessTestSuiteMainPhase(TestSuiteExecutor.java:148)
	at com.kms.katalon.core.main.TestSuiteExecutor.execute(TestSuiteExecutor.java:106)
	at com.kms.katalon.core.main.TestCaseMain.startTestSuite(TestCaseMain.java:187)
	at com.kms.katalon.core.main.TestCaseMain$startTestSuite$0.call(Unknown Source)
	at TempTestSuite1695829496928.run(TempTestSuite1695829496928.groovy:36)
)

2023-09-27 11:46:08 - [MESSAGE][FAILED] - Text 'The FEIN and Re-type FEIN do not match' is not present on page  using regular expression (Root cause: com.kms.katalon.core.exception.StepFailedException: Text 'The FEIN and Re-type FEIN do not match' is not present on page  using regular expression
	at com.kms.katalon.core.webui.keyword.internal.WebUIKeywordMain.stepFailed(WebUIKeywordMain.groovy:64)
	at com.kms.katalon.core.webui.keyword.builtin.VerifyTextPresentKeyword$_verifyTextPresent_closure1.doCall(VerifyTextPresentKeyword.groovy:79)
	at com.kms.katalon.core.webui.keyword.builtin.VerifyTextPresentKeyword$_verifyTextPresent_closure1.call(VerifyTextPresentKeyword.groovy)
	at com.kms.katalon.core.webui.keyword.internal.WebUIKeywordMain.runKeyword(WebUIKeywordMain.groovy:20)
	at com.kms.katalon.core.webui.keyword.builtin.VerifyTextPresentKeyword.verifyTextPresent(VerifyTextPresentKeyword.groovy:83)
	at com.kms.katalon.core.webui.keyword.builtin.VerifyTextPresentKeyword.execute(VerifyTextPresentKeyword.groovy:68)
	at com.kms.katalon.core.keyword.internal.KeywordExecutor.executeKeywordForPlatform(KeywordExecutor.groovy:74)
	at com.kms.katalon.core.webui.keyword.WebUiBuiltInKeywords.verifyTextPresent(WebUiBuiltInKeywords.groovy:1723)
	at com.kms.katalon.core.webui.keyword.WebUiBuiltInKeywords$verifyTextPresent$6.call(Unknown Source)
	at FEINmismatchError.run(FEINmismatchError:214)
	at com.kms.katalon.core.main.ScriptEngine.run(ScriptEngine.java:194)
	at com.kms.katalon.core.main.ScriptEngine.runScriptAsRawText(ScriptEngine.java:119)
	at com.kms.katalon.core.main.TestCaseExecutor.runScript(TestCaseExecutor.java:448)
	at com.kms.katalon.core.main.TestCaseExecutor.doExecute(TestCaseExecutor.java:439)
	at com.kms.katalon.core.main.TestCaseExecutor.processExecutionPhase(TestCaseExecutor.java:418)
	at com.kms.katalon.core.main.TestCaseExecutor.accessMainPhase(TestCaseExecutor.java:410)
	at com.kms.katalon.core.main.TestCaseExecutor.execute(TestCaseExecutor.java:285)
	at com.kms.katalon.core.common.CommonExecutor.accessTestCaseMainPhase(CommonExecutor.java:65)
	at com.kms.katalon.core.main.TestSuiteExecutor.accessTestSuiteMainPhase(TestSuiteExecutor.java:148)
	at com.kms.katalon.core.main.TestSuiteExecutor.execute(TestSuiteExecutor.java:106)
	at com.kms.katalon.core.main.TestCaseMain.startTestSuite(TestCaseMain.java:187)
	at com.kms.katalon.core.main.TestCaseMain$startTestSuite$0.call(Unknown Source)
	at TempTestSuite1695829496928.run(TempTestSuite1695829496928.groovy:36)
)

2023-09-27 11:46:08 - [TEST_STEP][PASSED] - else: pages.WriteExcel.demoKey is PASSED

2023-09-27 11:46:08 - [TEST_STEP][PASSED] - println("Error Message is NOT present on the page"): null

2023-09-27 11:46:08 - [TEST_STEP][PASSED] - out.println("Fail Record Number: " + row): null

2023-09-27 11:46:08 - [TEST_STEP][PASSED] - resText = "Fail": null

2023-09-27 11:46:08 - [TEST_STEP][PASSED] - pages.WriteExcel.demoKey(resText, datText, resColumn, datCloumn, fileLoc, nameSheet, row): pages.WriteExcel.demoKey is PASSED

2023-09-27 11:46:08 - [MESSAGE][PASSED] - pages.WriteExcel.demoKey is PASSED

2023-09-27 11:46:08 - [TEST_STEP][PASSED] - ExecuteTC = findTestData(dataFile).getValue("Execute", row): null

2023-09-27 11:46:08 - [TEST_STEP][PASSED] - Taxtype = findTestData(dataFile).getValue("TaxType", row): null

2023-09-27 11:46:08 - [TEST_STEP][PASSED] - Paymenttype = findTestData(dataFile).getValue("PaymentType", row): null

2023-09-27 11:46:08 - [TEST_STEP][PASSED] - feinSSN = findTestData(dataFile).getValue("FeinSsn", row): null

2023-09-27 11:46:08 - [TEST_STEP][PASSED] - out.println("Value of Execute is : " + ExecuteTC): null

2023-09-27 11:46:08 - [TEST_STEP][PASSED] - if (ExecuteTC.equalsIgnoreCase("Y")): null

2023-09-27 11:46:08 - [TEST_STEP][PASSED] - out.println("Begin Record Number: " + row): null

2023-09-27 11:46:08 - [TEST_STEP][PASSED] - today = new java.util.Date(): null

2023-09-27 11:46:08 - [TEST_STEP][PASSED] - println(today): null

2023-09-27 11:46:08 - [TEST_STEP][PASSED] - datText = today: null

2023-09-27 11:46:08 - [TEST_STEP][PASSED] - Taxtype = findTestData(dataFile).getValue("TaxType", row): null

2023-09-27 11:46:08 - [TEST_STEP][PASSED] - out.println("Taxtype value is : " + Taxtype): null

2023-09-27 11:46:08 - [TEST_STEP][PASSED] - openBrowser(""): Browser is opened with url: ''

2023-09-27 11:46:08 - [MESSAGE][WARNING] - A browser is already opened. Closing browser and opening a new one

2023-09-27 11:46:09 - [MESSAGE][INFO] - Starting 'Chrome' driver

2023-09-27 11:46:09 - [MESSAGE][INFO] - User set preference: ['acceptInsecureCerts', 'true']

2023-09-27 11:46:09 - [MESSAGE][INFO] - Action delay is set to 0 milliseconds

2023-09-27 11:46:10 - [MESSAGE][PASSED] - Browser is opened with url: ''

2023-09-27 11:46:10 - [TEST_STEP][PASSED] - maximizeWindow(): Current window maximized

2023-09-27 11:46:10 - [MESSAGE][PASSED] - Current window maximized

2023-09-27 11:46:10 - [TEST_STEP][PASSED] - navigateToUrl(RADurl): Navigate to 'https://qa2.velocitypayment.com/client/rad/index.html' successfully

2023-09-27 11:46:13 - [MESSAGE][PASSED] - Navigate to 'https://qa2.velocitypayment.com/client/rad/index.html' successfully

2023-09-27 11:46:13 - [TEST_STEP][PASSED] - orPath_Landing = "Object Repository/RAD_Pages/Landing_Page": null

2023-09-27 11:46:13 - [TEST_STEP][PASSED] - orPath_TaxTypeFilingYear = "Object Repository/RAD_Pages/TaxTypeFilingYear_Page": null

2023-09-27 11:46:13 - [TEST_STEP][PASSED] - orPath_TaxPayer = "Object Repository/RAD_Pages/Taxpayer_Page": null

2023-09-27 11:46:13 - [TEST_STEP][PASSED] - orPath_AddressContact = "Object Repository/RAD_Pages/AddressAndContactInfo_Page": null

2023-09-27 11:46:13 - [TEST_STEP][PASSED] - orPath_FilingStatus = "Object Repository/RAD_Pages/FilingStatus_Page": null

2023-09-27 11:46:13 - [TEST_STEP][PASSED] - orPath_Amount = "Object Repository/RAD_Pages/PaymentAmount_Page": null

2023-09-27 11:46:13 - [TEST_STEP][PASSED] - orPath_TaxInfo = "Object Repository/RAD_Pages/TaxInfo_Page": null

2023-09-27 11:46:13 - [TEST_STEP][PASSED] - orPath_Withholding = "Object Repository/RAD_Pages/Withholding_Page": null

2023-09-27 11:46:13 - [TEST_STEP][PASSED] - orPath_Summary = "Object Repository/RAD_Pages/Summary_Page": null

2023-09-27 11:46:13 - [TEST_STEP][PASSED] - orPath_PaymentReady = "Object Repository/RAD_Pages/PaymentReady_Page": null

2023-09-27 11:46:13 - [TEST_STEP][PASSED] - orPath_PaymentEntry = "Object Repository/RAD_Pages/PaymentEntry_Page": null

2023-09-27 11:46:13 - [TEST_STEP][PASSED] - orPath_PaymentConfirmation = "Object Repository/RAD_Pages/PaymentConfirmation_Page": null

2023-09-27 11:46:13 - [TEST_STEP][PASSED] - orPath_ServiceFeesAccept = "Object Repository/RAD_Pages/ServiceFeeAccept_Page": null

2023-09-27 11:46:13 - [TEST_STEP][PASSED] - selectOptionByLabel(findTestObject(orPath_Landing + "/dd_TaxType"), Paymenttype, false): All options with label 'Existing Liability w/Notice Number' are selected in object 'Object Repository/RAD_Pages/Landing_Page/dd_TaxType' 

2023-09-27 11:46:13 - [MESSAGE][PASSED] - All options with label 'Existing Liability w/Notice Number' are selected in object 'Object Repository/RAD_Pages/Landing_Page/dd_TaxType' 

2023-09-27 11:46:13 - [TEST_STEP][PASSED] - delay(1): Delayed 1 second(s)

2023-09-27 11:46:14 - [MESSAGE][PASSED] - Delayed 1 second(s)

2023-09-27 11:46:14 - [TEST_STEP][PASSED] - switch (Paymenttype): null

2023-09-27 11:46:14 - [TEST_STEP][PASSED] - case "Existing Liability w/Notice Number":: null

2023-09-27 11:46:14 - [TEST_STEP][PASSED] - selectOptionByLabel(findTestObject(orPath_TaxTypeFilingYear + "/select_TaxType_ExistingLiability"), Taxtype, false): All options with label 'Sales & Use Tax' are selected in object 'Object Repository/RAD_Pages/TaxTypeFilingYear_Page/select_TaxType_ExistingLiability' 

2023-09-27 11:46:15 - [MESSAGE][PASSED] - All options with label 'Sales & Use Tax' are selected in object 'Object Repository/RAD_Pages/TaxTypeFilingYear_Page/select_TaxType_ExistingLiability' 

2023-09-27 11:46:15 - [TEST_STEP][PASSED] - break: null

2023-09-27 11:46:15 - [TEST_STEP][PASSED] - delay(1): Delayed 1 second(s)

2023-09-27 11:46:16 - [MESSAGE][PASSED] - Delayed 1 second(s)

2023-09-27 11:46:16 - [TEST_STEP][PASSED] - scrollToElement(findTestObject(orPath_Amount + "/input__paymentAmount"), 2, CONTINUE_ON_FAILURE): Scroll to object 'Object Repository/RAD_Pages/PaymentAmount_Page/input__paymentAmount' successfully

2023-09-27 11:46:17 - [MESSAGE][PASSED] - Scroll to object 'Object Repository/RAD_Pages/PaymentAmount_Page/input__paymentAmount' successfully

2023-09-27 11:46:17 - [TEST_STEP][PASSED] - switch (Paymenttype): null

2023-09-27 11:46:17 - [TEST_STEP][PASSED] - case "Existing Liability w/Notice Number":: null

2023-09-27 11:46:17 - [TEST_STEP][PASSED] - if (feinSSN.equalsIgnoreCase("Y")): null

2023-09-27 11:46:17 - [TEST_STEP][PASSED] - else: Text ****** has been set on object 'Object Repository/RAD_RecordAndPlay/input_Existing_RetypeFEIN'

2023-09-27 11:46:17 - [TEST_STEP][PASSED] - setEncryptedText(findTestObject("Object Repository/RAD_RecordAndPlay/input_Existing_FEIN"), "RigbBhfdqODKcAsiUrg+1Q=="): Text ****** has been set on object 'Object Repository/RAD_RecordAndPlay/input_Existing_FEIN'

2023-09-27 11:46:18 - [MESSAGE][PASSED] - Text ****** has been set on object 'Object Repository/RAD_RecordAndPlay/input_Existing_FEIN'

2023-09-27 11:46:18 - [TEST_STEP][PASSED] - setEncryptedText(findTestObject("Object Repository/RAD_RecordAndPlay/input_Existing_RetypeFEIN"), "RigbBhfdqOBBGbZqm4oFJQ=="): Text ****** has been set on object 'Object Repository/RAD_RecordAndPlay/input_Existing_RetypeFEIN'

2023-09-27 11:46:19 - [MESSAGE][PASSED] - Text ****** has been set on object 'Object Repository/RAD_RecordAndPlay/input_Existing_RetypeFEIN'

2023-09-27 11:46:19 - [TEST_STEP][PASSED] - break: null

2023-09-27 11:46:19 - [TEST_STEP][PASSED] - setText(findTestObject(orPath_Amount + "/input__paymentAmount"), ""): Text '' is set on object 'Object Repository/RAD_Pages/PaymentAmount_Page/input__paymentAmount'

2023-09-27 11:46:20 - [MESSAGE][PASSED] - Text '' is set on object 'Object Repository/RAD_Pages/PaymentAmount_Page/input__paymentAmount'

2023-09-27 11:46:20 - [TEST_STEP][PASSED] - verifyTextPresent("The FEIN and Re-type FEIN do not match", true): Text 'The FEIN and Re-type FEIN do not match' is present on page  using regular expression

2023-09-27 11:46:20 - [MESSAGE][PASSED] - Text 'The FEIN and Re-type FEIN do not match' is present on page  using regular expression

2023-09-27 11:46:20 - [TEST_STEP][PASSED] - if (verifyTextPresent("The FEIN and Re-type FEIN do not match", true)): null

2023-09-27 11:46:21 - [MESSAGE][PASSED] - Text 'The FEIN and Re-type FEIN do not match' is present on page  using regular expression

2023-09-27 11:46:21 - [TEST_STEP][PASSED] - println("Error Message is present on the page"): null

2023-09-27 11:46:21 - [TEST_STEP][PASSED] - out.println("Pass Record Number: " + row): null

2023-09-27 11:46:21 - [TEST_STEP][PASSED] - resText = "Pass": null

2023-09-27 11:46:21 - [TEST_STEP][PASSED] - pages.WriteExcel.demoKey(resText, datText, resColumn, datCloumn, fileLoc, nameSheet, row): pages.WriteExcel.demoKey is PASSED

2023-09-27 11:46:21 - [MESSAGE][PASSED] - pages.WriteExcel.demoKey is PASSED

2023-09-27 11:46:21 - [TEST_STEP][PASSED] - ExecuteTC = findTestData(dataFile).getValue("Execute", row): null

2023-09-27 11:46:21 - [TEST_STEP][PASSED] - Taxtype = findTestData(dataFile).getValue("TaxType", row): null

2023-09-27 11:46:21 - [TEST_STEP][PASSED] - Paymenttype = findTestData(dataFile).getValue("PaymentType", row): null

2023-09-27 11:46:21 - [TEST_STEP][PASSED] - feinSSN = findTestData(dataFile).getValue("FeinSsn", row): null

2023-09-27 11:46:21 - [TEST_STEP][PASSED] - out.println("Value of Execute is : " + ExecuteTC): null

2023-09-27 11:46:21 - [TEST_STEP][PASSED] - if (ExecuteTC.equalsIgnoreCase("Y")): null

2023-09-27 11:46:21 - [TEST_STEP][PASSED] - out.println("Begin Record Number: " + row): null

2023-09-27 11:46:21 - [TEST_STEP][PASSED] - today = new java.util.Date(): null

2023-09-27 11:46:21 - [TEST_STEP][PASSED] - println(today): null

2023-09-27 11:46:21 - [TEST_STEP][PASSED] - datText = today: null

2023-09-27 11:46:21 - [TEST_STEP][PASSED] - Taxtype = findTestData(dataFile).getValue("TaxType", row): null

2023-09-27 11:46:21 - [TEST_STEP][PASSED] - out.println("Taxtype value is : " + Taxtype): null

2023-09-27 11:46:21 - [TEST_STEP][PASSED] - openBrowser(""): Browser is opened with url: ''

2023-09-27 11:46:21 - [MESSAGE][WARNING] - A browser is already opened. Closing browser and opening a new one

2023-09-27 11:46:22 - [MESSAGE][INFO] - Starting 'Chrome' driver

2023-09-27 11:46:22 - [MESSAGE][INFO] - User set preference: ['acceptInsecureCerts', 'true']

2023-09-27 11:46:22 - [MESSAGE][INFO] - Action delay is set to 0 milliseconds

2023-09-27 11:46:24 - [MESSAGE][PASSED] - Browser is opened with url: ''

2023-09-27 11:46:24 - [TEST_STEP][PASSED] - maximizeWindow(): Current window maximized

2023-09-27 11:46:24 - [MESSAGE][PASSED] - Current window maximized

2023-09-27 11:46:24 - [TEST_STEP][PASSED] - navigateToUrl(RADurl): Navigate to 'https://qa2.velocitypayment.com/client/rad/index.html' successfully

2023-09-27 11:46:25 - [MESSAGE][PASSED] - Navigate to 'https://qa2.velocitypayment.com/client/rad/index.html' successfully

2023-09-27 11:46:25 - [TEST_STEP][PASSED] - orPath_Landing = "Object Repository/RAD_Pages/Landing_Page": null

2023-09-27 11:46:25 - [TEST_STEP][PASSED] - orPath_TaxTypeFilingYear = "Object Repository/RAD_Pages/TaxTypeFilingYear_Page": null

2023-09-27 11:46:25 - [TEST_STEP][PASSED] - orPath_TaxPayer = "Object Repository/RAD_Pages/Taxpayer_Page": null

2023-09-27 11:46:25 - [TEST_STEP][PASSED] - orPath_AddressContact = "Object Repository/RAD_Pages/AddressAndContactInfo_Page": null

2023-09-27 11:46:25 - [TEST_STEP][PASSED] - orPath_FilingStatus = "Object Repository/RAD_Pages/FilingStatus_Page": null

2023-09-27 11:46:25 - [TEST_STEP][PASSED] - orPath_Amount = "Object Repository/RAD_Pages/PaymentAmount_Page": null

2023-09-27 11:46:25 - [TEST_STEP][PASSED] - orPath_TaxInfo = "Object Repository/RAD_Pages/TaxInfo_Page": null

2023-09-27 11:46:25 - [TEST_STEP][PASSED] - orPath_Withholding = "Object Repository/RAD_Pages/Withholding_Page": null

2023-09-27 11:46:25 - [TEST_STEP][PASSED] - orPath_Summary = "Object Repository/RAD_Pages/Summary_Page": null

2023-09-27 11:46:25 - [TEST_STEP][PASSED] - orPath_PaymentReady = "Object Repository/RAD_Pages/PaymentReady_Page": null

2023-09-27 11:46:25 - [TEST_STEP][PASSED] - orPath_PaymentEntry = "Object Repository/RAD_Pages/PaymentEntry_Page": null

2023-09-27 11:46:25 - [TEST_STEP][PASSED] - orPath_PaymentConfirmation = "Object Repository/RAD_Pages/PaymentConfirmation_Page": null

2023-09-27 11:46:25 - [TEST_STEP][PASSED] - orPath_ServiceFeesAccept = "Object Repository/RAD_Pages/ServiceFeeAccept_Page": null

2023-09-27 11:46:25 - [TEST_STEP][PASSED] - selectOptionByLabel(findTestObject(orPath_Landing + "/dd_TaxType"), Paymenttype, false): All options with label 'Existing Liability w/Notice Number' are selected in object 'Object Repository/RAD_Pages/Landing_Page/dd_TaxType' 

2023-09-27 11:46:26 - [MESSAGE][PASSED] - All options with label 'Existing Liability w/Notice Number' are selected in object 'Object Repository/RAD_Pages/Landing_Page/dd_TaxType' 

2023-09-27 11:46:26 - [TEST_STEP][PASSED] - delay(1): Delayed 1 second(s)

2023-09-27 11:46:27 - [MESSAGE][PASSED] - Delayed 1 second(s)

2023-09-27 11:46:27 - [TEST_STEP][PASSED] - switch (Paymenttype): null

2023-09-27 11:46:27 - [TEST_STEP][PASSED] - case "Existing Liability w/Notice Number":: null

2023-09-27 11:46:27 - [TEST_STEP][PASSED] - selectOptionByLabel(findTestObject(orPath_TaxTypeFilingYear + "/select_TaxType_ExistingLiability"), Taxtype, false): All options with label 'Tire Recycling Fee' are selected in object 'Object Repository/RAD_Pages/TaxTypeFilingYear_Page/select_TaxType_ExistingLiability' 

2023-09-27 11:46:28 - [MESSAGE][PASSED] - All options with label 'Tire Recycling Fee' are selected in object 'Object Repository/RAD_Pages/TaxTypeFilingYear_Page/select_TaxType_ExistingLiability' 

2023-09-27 11:46:28 - [TEST_STEP][PASSED] - break: null

2023-09-27 11:46:28 - [TEST_STEP][PASSED] - delay(1): Delayed 1 second(s)

2023-09-27 11:46:29 - [MESSAGE][PASSED] - Delayed 1 second(s)

2023-09-27 11:46:29 - [TEST_STEP][PASSED] - scrollToElement(findTestObject(orPath_Amount + "/input__paymentAmount"), 2, CONTINUE_ON_FAILURE): Scroll to object 'Object Repository/RAD_Pages/PaymentAmount_Page/input__paymentAmount' successfully

2023-09-27 11:46:29 - [MESSAGE][PASSED] - Scroll to object 'Object Repository/RAD_Pages/PaymentAmount_Page/input__paymentAmount' successfully

2023-09-27 11:46:29 - [TEST_STEP][PASSED] - switch (Paymenttype): null

2023-09-27 11:46:29 - [TEST_STEP][PASSED] - case "Existing Liability w/Notice Number":: null

2023-09-27 11:46:29 - [TEST_STEP][PASSED] - if (feinSSN.equalsIgnoreCase("Y")): null

2023-09-27 11:46:29 - [TEST_STEP][PASSED] - else: Text ****** has been set on object 'Object Repository/RAD_RecordAndPlay/input_Existing_RetypeFEIN'

2023-09-27 11:46:29 - [TEST_STEP][PASSED] - setEncryptedText(findTestObject("Object Repository/RAD_RecordAndPlay/input_Existing_FEIN"), "RigbBhfdqODKcAsiUrg+1Q=="): Text ****** has been set on object 'Object Repository/RAD_RecordAndPlay/input_Existing_FEIN'

2023-09-27 11:46:30 - [MESSAGE][PASSED] - Text ****** has been set on object 'Object Repository/RAD_RecordAndPlay/input_Existing_FEIN'

2023-09-27 11:46:31 - [TEST_STEP][PASSED] - setEncryptedText(findTestObject("Object Repository/RAD_RecordAndPlay/input_Existing_RetypeFEIN"), "RigbBhfdqOBBGbZqm4oFJQ=="): Text ****** has been set on object 'Object Repository/RAD_RecordAndPlay/input_Existing_RetypeFEIN'

2023-09-27 11:46:31 - [MESSAGE][PASSED] - Text ****** has been set on object 'Object Repository/RAD_RecordAndPlay/input_Existing_RetypeFEIN'

2023-09-27 11:46:31 - [TEST_STEP][PASSED] - break: null

2023-09-27 11:46:31 - [TEST_STEP][PASSED] - setText(findTestObject(orPath_Amount + "/input__paymentAmount"), ""): Text '' is set on object 'Object Repository/RAD_Pages/PaymentAmount_Page/input__paymentAmount'

2023-09-27 11:46:32 - [MESSAGE][PASSED] - Text '' is set on object 'Object Repository/RAD_Pages/PaymentAmount_Page/input__paymentAmount'

2023-09-27 11:46:32 - [TEST_STEP][PASSED] - verifyTextPresent("The FEIN and Re-type FEIN do not match", true): Text 'The FEIN and Re-type FEIN do not match' is present on page  using regular expression

2023-09-27 11:46:33 - [MESSAGE][PASSED] - Text 'The FEIN and Re-type FEIN do not match' is present on page  using regular expression

2023-09-27 11:46:33 - [TEST_STEP][PASSED] - if (verifyTextPresent("The FEIN and Re-type FEIN do not match", true)): null

2023-09-27 11:46:33 - [MESSAGE][PASSED] - Text 'The FEIN and Re-type FEIN do not match' is present on page  using regular expression

2023-09-27 11:46:33 - [TEST_STEP][PASSED] - println("Error Message is present on the page"): null

2023-09-27 11:46:33 - [TEST_STEP][PASSED] - out.println("Pass Record Number: " + row): null

2023-09-27 11:46:33 - [TEST_STEP][PASSED] - resText = "Pass": null

2023-09-27 11:46:33 - [TEST_STEP][PASSED] - pages.WriteExcel.demoKey(resText, datText, resColumn, datCloumn, fileLoc, nameSheet, row): pages.WriteExcel.demoKey is PASSED

2023-09-27 11:46:33 - [MESSAGE][PASSED] - pages.WriteExcel.demoKey is PASSED

2023-09-27 11:46:33 - [TEST_STEP][PASSED] - ExecuteTC = findTestData(dataFile).getValue("Execute", row): null

2023-09-27 11:46:33 - [TEST_STEP][PASSED] - Taxtype = findTestData(dataFile).getValue("TaxType", row): null

2023-09-27 11:46:33 - [TEST_STEP][PASSED] - Paymenttype = findTestData(dataFile).getValue("PaymentType", row): null

2023-09-27 11:46:33 - [TEST_STEP][PASSED] - feinSSN = findTestData(dataFile).getValue("FeinSsn", row): null

2023-09-27 11:46:33 - [TEST_STEP][PASSED] - out.println("Value of Execute is : " + ExecuteTC): null

2023-09-27 11:46:33 - [TEST_STEP][PASSED] - if (ExecuteTC.equalsIgnoreCase("Y")): null

2023-09-27 11:46:33 - [TEST_STEP][PASSED] - out.println("Begin Record Number: " + row): null

2023-09-27 11:46:33 - [TEST_STEP][PASSED] - today = new java.util.Date(): null

2023-09-27 11:46:33 - [TEST_STEP][PASSED] - println(today): null

2023-09-27 11:46:33 - [TEST_STEP][PASSED] - datText = today: null

2023-09-27 11:46:33 - [TEST_STEP][PASSED] - Taxtype = findTestData(dataFile).getValue("TaxType", row): null

2023-09-27 11:46:33 - [TEST_STEP][PASSED] - out.println("Taxtype value is : " + Taxtype): null

2023-09-27 11:46:33 - [TEST_STEP][PASSED] - openBrowser(""): Browser is opened with url: ''

2023-09-27 11:46:33 - [MESSAGE][WARNING] - A browser is already opened. Closing browser and opening a new one

2023-09-27 11:46:35 - [MESSAGE][INFO] - Starting 'Chrome' driver

2023-09-27 11:46:35 - [MESSAGE][INFO] - User set preference: ['acceptInsecureCerts', 'true']

2023-09-27 11:46:35 - [MESSAGE][INFO] - Action delay is set to 0 milliseconds

2023-09-27 11:46:36 - [MESSAGE][PASSED] - Browser is opened with url: ''

2023-09-27 11:46:36 - [TEST_STEP][PASSED] - maximizeWindow(): Current window maximized

2023-09-27 11:46:36 - [MESSAGE][PASSED] - Current window maximized

2023-09-27 11:46:36 - [TEST_STEP][PASSED] - navigateToUrl(RADurl): Navigate to 'https://qa2.velocitypayment.com/client/rad/index.html' successfully

2023-09-27 11:46:38 - [MESSAGE][PASSED] - Navigate to 'https://qa2.velocitypayment.com/client/rad/index.html' successfully

2023-09-27 11:46:38 - [TEST_STEP][PASSED] - orPath_Landing = "Object Repository/RAD_Pages/Landing_Page": null

2023-09-27 11:46:38 - [TEST_STEP][PASSED] - orPath_TaxTypeFilingYear = "Object Repository/RAD_Pages/TaxTypeFilingYear_Page": null

2023-09-27 11:46:38 - [TEST_STEP][PASSED] - orPath_TaxPayer = "Object Repository/RAD_Pages/Taxpayer_Page": null

2023-09-27 11:46:38 - [TEST_STEP][PASSED] - orPath_AddressContact = "Object Repository/RAD_Pages/AddressAndContactInfo_Page": null

2023-09-27 11:46:38 - [TEST_STEP][PASSED] - orPath_FilingStatus = "Object Repository/RAD_Pages/FilingStatus_Page": null

2023-09-27 11:46:38 - [TEST_STEP][PASSED] - orPath_Amount = "Object Repository/RAD_Pages/PaymentAmount_Page": null

2023-09-27 11:46:38 - [TEST_STEP][PASSED] - orPath_TaxInfo = "Object Repository/RAD_Pages/TaxInfo_Page": null

2023-09-27 11:46:38 - [TEST_STEP][PASSED] - orPath_Withholding = "Object Repository/RAD_Pages/Withholding_Page": null

2023-09-27 11:46:38 - [TEST_STEP][PASSED] - orPath_Summary = "Object Repository/RAD_Pages/Summary_Page": null

2023-09-27 11:46:38 - [TEST_STEP][PASSED] - orPath_PaymentReady = "Object Repository/RAD_Pages/PaymentReady_Page": null

2023-09-27 11:46:38 - [TEST_STEP][PASSED] - orPath_PaymentEntry = "Object Repository/RAD_Pages/PaymentEntry_Page": null

2023-09-27 11:46:38 - [TEST_STEP][PASSED] - orPath_PaymentConfirmation = "Object Repository/RAD_Pages/PaymentConfirmation_Page": null

2023-09-27 11:46:38 - [TEST_STEP][PASSED] - orPath_ServiceFeesAccept = "Object Repository/RAD_Pages/ServiceFeeAccept_Page": null

2023-09-27 11:46:38 - [TEST_STEP][PASSED] - selectOptionByLabel(findTestObject(orPath_Landing + "/dd_TaxType"), Paymenttype, false): All options with label 'Existing Liability w/Notice Number' are selected in object 'Object Repository/RAD_Pages/Landing_Page/dd_TaxType' 

2023-09-27 11:46:39 - [MESSAGE][PASSED] - All options with label 'Existing Liability w/Notice Number' are selected in object 'Object Repository/RAD_Pages/Landing_Page/dd_TaxType' 

2023-09-27 11:46:39 - [TEST_STEP][PASSED] - delay(1): Delayed 1 second(s)

2023-09-27 11:46:40 - [MESSAGE][PASSED] - Delayed 1 second(s)

2023-09-27 11:46:40 - [TEST_STEP][PASSED] - switch (Paymenttype): null

2023-09-27 11:46:40 - [TEST_STEP][PASSED] - case "Existing Liability w/Notice Number":: null

2023-09-27 11:46:40 - [TEST_STEP][PASSED] - selectOptionByLabel(findTestObject(orPath_TaxTypeFilingYear + "/select_TaxType_ExistingLiability"), Taxtype, false): All options with label 'Withholding Tax' are selected in object 'Object Repository/RAD_Pages/TaxTypeFilingYear_Page/select_TaxType_ExistingLiability' 

2023-09-27 11:46:40 - [MESSAGE][PASSED] - All options with label 'Withholding Tax' are selected in object 'Object Repository/RAD_Pages/TaxTypeFilingYear_Page/select_TaxType_ExistingLiability' 

2023-09-27 11:46:40 - [TEST_STEP][PASSED] - break: null

2023-09-27 11:46:40 - [TEST_STEP][PASSED] - delay(1): Delayed 1 second(s)

2023-09-27 11:46:41 - [MESSAGE][PASSED] - Delayed 1 second(s)

2023-09-27 11:46:41 - [TEST_STEP][PASSED] - scrollToElement(findTestObject(orPath_Amount + "/input__paymentAmount"), 2, CONTINUE_ON_FAILURE): Scroll to object 'Object Repository/RAD_Pages/PaymentAmount_Page/input__paymentAmount' successfully

2023-09-27 11:46:42 - [MESSAGE][PASSED] - Scroll to object 'Object Repository/RAD_Pages/PaymentAmount_Page/input__paymentAmount' successfully

2023-09-27 11:46:42 - [TEST_STEP][PASSED] - switch (Paymenttype): null

2023-09-27 11:46:42 - [TEST_STEP][PASSED] - case "Existing Liability w/Notice Number":: null

2023-09-27 11:46:42 - [TEST_STEP][PASSED] - if (feinSSN.equalsIgnoreCase("Y")): null

2023-09-27 11:46:42 - [TEST_STEP][PASSED] - else: Text ****** has been set on object 'Object Repository/RAD_RecordAndPlay/input_Existing_RetypeFEIN'

2023-09-27 11:46:42 - [TEST_STEP][PASSED] - setEncryptedText(findTestObject("Object Repository/RAD_RecordAndPlay/input_Existing_FEIN"), "RigbBhfdqODKcAsiUrg+1Q=="): Text ****** has been set on object 'Object Repository/RAD_RecordAndPlay/input_Existing_FEIN'

2023-09-27 11:46:44 - [MESSAGE][PASSED] - Text ****** has been set on object 'Object Repository/RAD_RecordAndPlay/input_Existing_FEIN'

2023-09-27 11:46:44 - [TEST_STEP][PASSED] - setEncryptedText(findTestObject("Object Repository/RAD_RecordAndPlay/input_Existing_RetypeFEIN"), "RigbBhfdqOBBGbZqm4oFJQ=="): Text ****** has been set on object 'Object Repository/RAD_RecordAndPlay/input_Existing_RetypeFEIN'

2023-09-27 11:46:44 - [MESSAGE][PASSED] - Text ****** has been set on object 'Object Repository/RAD_RecordAndPlay/input_Existing_RetypeFEIN'

2023-09-27 11:46:44 - [TEST_STEP][PASSED] - break: null

2023-09-27 11:46:44 - [TEST_STEP][PASSED] - setText(findTestObject(orPath_Amount + "/input__paymentAmount"), ""): Text '' is set on object 'Object Repository/RAD_Pages/PaymentAmount_Page/input__paymentAmount'

2023-09-27 11:46:45 - [MESSAGE][PASSED] - Text '' is set on object 'Object Repository/RAD_Pages/PaymentAmount_Page/input__paymentAmount'

2023-09-27 11:46:45 - [TEST_STEP][PASSED] - verifyTextPresent("The FEIN and Re-type FEIN do not match", true): Text 'The FEIN and Re-type FEIN do not match' is present on page  using regular expression

2023-09-27 11:46:46 - [MESSAGE][PASSED] - Text 'The FEIN and Re-type FEIN do not match' is present on page  using regular expression

2023-09-27 11:46:46 - [TEST_STEP][PASSED] - if (verifyTextPresent("The FEIN and Re-type FEIN do not match", true)): null

2023-09-27 11:46:46 - [MESSAGE][PASSED] - Text 'The FEIN and Re-type FEIN do not match' is present on page  using regular expression

2023-09-27 11:46:46 - [TEST_STEP][PASSED] - println("Error Message is present on the page"): null

2023-09-27 11:46:46 - [TEST_STEP][PASSED] - out.println("Pass Record Number: " + row): null

2023-09-27 11:46:46 - [TEST_STEP][PASSED] - resText = "Pass": null

2023-09-27 11:46:46 - [TEST_STEP][PASSED] - pages.WriteExcel.demoKey(resText, datText, resColumn, datCloumn, fileLoc, nameSheet, row): pages.WriteExcel.demoKey is PASSED

2023-09-27 11:46:46 - [MESSAGE][PASSED] - pages.WriteExcel.demoKey is PASSED

2023-09-27 11:46:46 - [TEST_STEP][PASSED] - ExecuteTC = findTestData(dataFile).getValue("Execute", row): null

2023-09-27 11:46:46 - [TEST_STEP][PASSED] - Taxtype = findTestData(dataFile).getValue("TaxType", row): null

2023-09-27 11:46:46 - [TEST_STEP][PASSED] - Paymenttype = findTestData(dataFile).getValue("PaymentType", row): null

2023-09-27 11:46:46 - [TEST_STEP][PASSED] - feinSSN = findTestData(dataFile).getValue("FeinSsn", row): null

2023-09-27 11:46:46 - [TEST_STEP][PASSED] - out.println("Value of Execute is : " + ExecuteTC): null

2023-09-27 11:46:46 - [TEST_STEP][PASSED] - if (ExecuteTC.equalsIgnoreCase("Y")): null

2023-09-27 11:46:46 - [TEST_STEP][PASSED] - out.println("Begin Record Number: " + row): null

2023-09-27 11:46:46 - [TEST_STEP][PASSED] - today = new java.util.Date(): null

2023-09-27 11:46:46 - [TEST_STEP][PASSED] - println(today): null

2023-09-27 11:46:46 - [TEST_STEP][PASSED] - datText = today: null

2023-09-27 11:46:46 - [TEST_STEP][PASSED] - Taxtype = findTestData(dataFile).getValue("TaxType", row): null

2023-09-27 11:46:46 - [TEST_STEP][PASSED] - out.println("Taxtype value is : " + Taxtype): null

2023-09-27 11:46:46 - [TEST_STEP][PASSED] - openBrowser(""): Browser is opened with url: ''

2023-09-27 11:46:46 - [MESSAGE][WARNING] - A browser is already opened. Closing browser and opening a new one

2023-09-27 11:46:47 - [MESSAGE][INFO] - Starting 'Chrome' driver

2023-09-27 11:46:47 - [MESSAGE][INFO] - User set preference: ['acceptInsecureCerts', 'true']

2023-09-27 11:46:47 - [MESSAGE][INFO] - Action delay is set to 0 milliseconds

2023-09-27 11:46:49 - [MESSAGE][PASSED] - Browser is opened with url: ''

2023-09-27 11:46:49 - [TEST_STEP][PASSED] - maximizeWindow(): Current window maximized

2023-09-27 11:46:49 - [MESSAGE][PASSED] - Current window maximized

2023-09-27 11:46:49 - [TEST_STEP][PASSED] - navigateToUrl(RADurl): Navigate to 'https://qa2.velocitypayment.com/client/rad/index.html' successfully

2023-09-27 11:46:50 - [MESSAGE][PASSED] - Navigate to 'https://qa2.velocitypayment.com/client/rad/index.html' successfully

2023-09-27 11:46:50 - [TEST_STEP][PASSED] - orPath_Landing = "Object Repository/RAD_Pages/Landing_Page": null

2023-09-27 11:46:50 - [TEST_STEP][PASSED] - orPath_TaxTypeFilingYear = "Object Repository/RAD_Pages/TaxTypeFilingYear_Page": null

2023-09-27 11:46:50 - [TEST_STEP][PASSED] - orPath_TaxPayer = "Object Repository/RAD_Pages/Taxpayer_Page": null

2023-09-27 11:46:50 - [TEST_STEP][PASSED] - orPath_AddressContact = "Object Repository/RAD_Pages/AddressAndContactInfo_Page": null

2023-09-27 11:46:50 - [TEST_STEP][PASSED] - orPath_FilingStatus = "Object Repository/RAD_Pages/FilingStatus_Page": null

2023-09-27 11:46:50 - [TEST_STEP][PASSED] - orPath_Amount = "Object Repository/RAD_Pages/PaymentAmount_Page": null

2023-09-27 11:46:50 - [TEST_STEP][PASSED] - orPath_TaxInfo = "Object Repository/RAD_Pages/TaxInfo_Page": null

2023-09-27 11:46:50 - [TEST_STEP][PASSED] - orPath_Withholding = "Object Repository/RAD_Pages/Withholding_Page": null

2023-09-27 11:46:50 - [TEST_STEP][PASSED] - orPath_Summary = "Object Repository/RAD_Pages/Summary_Page": null

2023-09-27 11:46:50 - [TEST_STEP][PASSED] - orPath_PaymentReady = "Object Repository/RAD_Pages/PaymentReady_Page": null

2023-09-27 11:46:50 - [TEST_STEP][PASSED] - orPath_PaymentEntry = "Object Repository/RAD_Pages/PaymentEntry_Page": null

2023-09-27 11:46:50 - [TEST_STEP][PASSED] - orPath_PaymentConfirmation = "Object Repository/RAD_Pages/PaymentConfirmation_Page": null

2023-09-27 11:46:50 - [TEST_STEP][PASSED] - orPath_ServiceFeesAccept = "Object Repository/RAD_Pages/ServiceFeeAccept_Page": null

2023-09-27 11:46:50 - [TEST_STEP][PASSED] - selectOptionByLabel(findTestObject(orPath_Landing + "/dd_TaxType"), Paymenttype, false): All options with label 'Existing Liability w/Notice Number' are selected in object 'Object Repository/RAD_Pages/Landing_Page/dd_TaxType' 

2023-09-27 11:46:51 - [MESSAGE][PASSED] - All options with label 'Existing Liability w/Notice Number' are selected in object 'Object Repository/RAD_Pages/Landing_Page/dd_TaxType' 

2023-09-27 11:46:51 - [TEST_STEP][PASSED] - delay(1): Delayed 1 second(s)

2023-09-27 11:46:52 - [MESSAGE][PASSED] - Delayed 1 second(s)

2023-09-27 11:46:52 - [TEST_STEP][PASSED] - switch (Paymenttype): null

2023-09-27 11:46:52 - [TEST_STEP][PASSED] - case "Existing Liability w/Notice Number":: null

2023-09-27 11:46:52 - [TEST_STEP][PASSED] - selectOptionByLabel(findTestObject(orPath_TaxTypeFilingYear + "/select_TaxType_ExistingLiability"), Taxtype, false): All options with label 'Alcohol Tax' are selected in object 'Object Repository/RAD_Pages/TaxTypeFilingYear_Page/select_TaxType_ExistingLiability' 

2023-09-27 11:46:53 - [MESSAGE][PASSED] - All options with label 'Alcohol Tax' are selected in object 'Object Repository/RAD_Pages/TaxTypeFilingYear_Page/select_TaxType_ExistingLiability' 

2023-09-27 11:46:53 - [TEST_STEP][PASSED] - break: null

2023-09-27 11:46:53 - [TEST_STEP][PASSED] - delay(1): Delayed 1 second(s)

2023-09-27 11:46:54 - [MESSAGE][PASSED] - Delayed 1 second(s)

2023-09-27 11:46:54 - [TEST_STEP][PASSED] - scrollToElement(findTestObject(orPath_Amount + "/input__paymentAmount"), 2, CONTINUE_ON_FAILURE): Scroll to object 'Object Repository/RAD_Pages/PaymentAmount_Page/input__paymentAmount' successfully

2023-09-27 11:46:54 - [MESSAGE][PASSED] - Scroll to object 'Object Repository/RAD_Pages/PaymentAmount_Page/input__paymentAmount' successfully

2023-09-27 11:46:54 - [TEST_STEP][PASSED] - switch (Paymenttype): null

2023-09-27 11:46:54 - [TEST_STEP][PASSED] - case "Existing Liability w/Notice Number":: null

2023-09-27 11:46:54 - [TEST_STEP][PASSED] - if (feinSSN.equalsIgnoreCase("Y")): null

2023-09-27 11:46:54 - [TEST_STEP][PASSED] - else: Text ****** has been set on object 'Object Repository/RAD_RecordAndPlay/input_Existing_RetypeFEIN'

2023-09-27 11:46:54 - [TEST_STEP][PASSED] - setEncryptedText(findTestObject("Object Repository/RAD_RecordAndPlay/input_Existing_FEIN"), "RigbBhfdqODKcAsiUrg+1Q=="): Text ****** has been set on object 'Object Repository/RAD_RecordAndPlay/input_Existing_FEIN'

2023-09-27 11:46:55 - [MESSAGE][PASSED] - Text ****** has been set on object 'Object Repository/RAD_RecordAndPlay/input_Existing_FEIN'

2023-09-27 11:46:56 - [TEST_STEP][PASSED] - setEncryptedText(findTestObject("Object Repository/RAD_RecordAndPlay/input_Existing_RetypeFEIN"), "RigbBhfdqOBBGbZqm4oFJQ=="): Text ****** has been set on object 'Object Repository/RAD_RecordAndPlay/input_Existing_RetypeFEIN'

2023-09-27 11:46:56 - [MESSAGE][PASSED] - Text ****** has been set on object 'Object Repository/RAD_RecordAndPlay/input_Existing_RetypeFEIN'

2023-09-27 11:46:56 - [TEST_STEP][PASSED] - break: null

2023-09-27 11:46:56 - [TEST_STEP][PASSED] - setText(findTestObject(orPath_Amount + "/input__paymentAmount"), ""): Text '' is set on object 'Object Repository/RAD_Pages/PaymentAmount_Page/input__paymentAmount'

2023-09-27 11:46:57 - [MESSAGE][PASSED] - Text '' is set on object 'Object Repository/RAD_Pages/PaymentAmount_Page/input__paymentAmount'

2023-09-27 11:46:57 - [TEST_STEP][PASSED] - verifyTextPresent("The FEIN and Re-type FEIN do not match", true): Text 'The FEIN and Re-type FEIN do not match' is present on page  using regular expression

2023-09-27 11:46:58 - [MESSAGE][PASSED] - Text 'The FEIN and Re-type FEIN do not match' is present on page  using regular expression

2023-09-27 11:46:58 - [TEST_STEP][PASSED] - if (verifyTextPresent("The FEIN and Re-type FEIN do not match", true)): null

2023-09-27 11:46:58 - [MESSAGE][PASSED] - Text 'The FEIN and Re-type FEIN do not match' is present on page  using regular expression

2023-09-27 11:46:58 - [TEST_STEP][PASSED] - println("Error Message is present on the page"): null

2023-09-27 11:46:58 - [TEST_STEP][PASSED] - out.println("Pass Record Number: " + row): null

2023-09-27 11:46:58 - [TEST_STEP][PASSED] - resText = "Pass": null

2023-09-27 11:46:58 - [TEST_STEP][PASSED] - pages.WriteExcel.demoKey(resText, datText, resColumn, datCloumn, fileLoc, nameSheet, row): pages.WriteExcel.demoKey is PASSED

2023-09-27 11:46:58 - [MESSAGE][PASSED] - pages.WriteExcel.demoKey is PASSED

2023-09-27 11:46:58 - [TEST_STEP][PASSED] - ExecuteTC = findTestData(dataFile).getValue("Execute", row): null

2023-09-27 11:46:58 - [TEST_STEP][PASSED] - Taxtype = findTestData(dataFile).getValue("TaxType", row): null

2023-09-27 11:46:58 - [TEST_STEP][PASSED] - Paymenttype = findTestData(dataFile).getValue("PaymentType", row): null

2023-09-27 11:46:58 - [TEST_STEP][PASSED] - feinSSN = findTestData(dataFile).getValue("FeinSsn", row): null

2023-09-27 11:46:58 - [TEST_STEP][PASSED] - out.println("Value of Execute is : " + ExecuteTC): null

2023-09-27 11:46:58 - [TEST_STEP][FAILED] - if (ExecuteTC.equalsIgnoreCase("Y")): null

2023-09-27 11:46:58 - [TEST_STEP][PASSED] - out.println("Begin Record Number: " + row): null

2023-09-27 11:46:58 - [TEST_STEP][PASSED] - today = new java.util.Date(): null

2023-09-27 11:46:58 - [TEST_STEP][PASSED] - println(today): null

2023-09-27 11:46:58 - [TEST_STEP][PASSED] - datText = today: null

2023-09-27 11:46:58 - [TEST_STEP][PASSED] - Taxtype = findTestData(dataFile).getValue("TaxType", row): null

2023-09-27 11:46:58 - [TEST_STEP][PASSED] - out.println("Taxtype value is : " + Taxtype): null

2023-09-27 11:46:58 - [TEST_STEP][PASSED] - openBrowser(""): Browser is opened with url: ''

2023-09-27 11:46:58 - [MESSAGE][WARNING] - A browser is already opened. Closing browser and opening a new one

2023-09-27 11:46:59 - [MESSAGE][INFO] - Starting 'Chrome' driver

2023-09-27 11:46:59 - [MESSAGE][INFO] - User set preference: ['acceptInsecureCerts', 'true']

2023-09-27 11:46:59 - [MESSAGE][INFO] - Action delay is set to 0 milliseconds

2023-09-27 11:47:01 - [MESSAGE][PASSED] - Browser is opened with url: ''

2023-09-27 11:47:01 - [TEST_STEP][PASSED] - maximizeWindow(): Current window maximized

2023-09-27 11:47:01 - [MESSAGE][PASSED] - Current window maximized

2023-09-27 11:47:01 - [TEST_STEP][PASSED] - navigateToUrl(RADurl): Navigate to 'https://qa2.velocitypayment.com/client/rad/index.html' successfully

2023-09-27 11:47:03 - [MESSAGE][PASSED] - Navigate to 'https://qa2.velocitypayment.com/client/rad/index.html' successfully

2023-09-27 11:47:03 - [TEST_STEP][PASSED] - orPath_Landing = "Object Repository/RAD_Pages/Landing_Page": null

2023-09-27 11:47:03 - [TEST_STEP][PASSED] - orPath_TaxTypeFilingYear = "Object Repository/RAD_Pages/TaxTypeFilingYear_Page": null

2023-09-27 11:47:03 - [TEST_STEP][PASSED] - orPath_TaxPayer = "Object Repository/RAD_Pages/Taxpayer_Page": null

2023-09-27 11:47:03 - [TEST_STEP][PASSED] - orPath_AddressContact = "Object Repository/RAD_Pages/AddressAndContactInfo_Page": null

2023-09-27 11:47:03 - [TEST_STEP][PASSED] - orPath_FilingStatus = "Object Repository/RAD_Pages/FilingStatus_Page": null

2023-09-27 11:47:03 - [TEST_STEP][PASSED] - orPath_Amount = "Object Repository/RAD_Pages/PaymentAmount_Page": null

2023-09-27 11:47:03 - [TEST_STEP][PASSED] - orPath_TaxInfo = "Object Repository/RAD_Pages/TaxInfo_Page": null

2023-09-27 11:47:03 - [TEST_STEP][PASSED] - orPath_Withholding = "Object Repository/RAD_Pages/Withholding_Page": null

2023-09-27 11:47:03 - [TEST_STEP][PASSED] - orPath_Summary = "Object Repository/RAD_Pages/Summary_Page": null

2023-09-27 11:47:03 - [TEST_STEP][PASSED] - orPath_PaymentReady = "Object Repository/RAD_Pages/PaymentReady_Page": null

2023-09-27 11:47:03 - [TEST_STEP][PASSED] - orPath_PaymentEntry = "Object Repository/RAD_Pages/PaymentEntry_Page": null

2023-09-27 11:47:03 - [TEST_STEP][PASSED] - orPath_PaymentConfirmation = "Object Repository/RAD_Pages/PaymentConfirmation_Page": null

2023-09-27 11:47:03 - [TEST_STEP][PASSED] - orPath_ServiceFeesAccept = "Object Repository/RAD_Pages/ServiceFeeAccept_Page": null

2023-09-27 11:47:03 - [TEST_STEP][PASSED] - selectOptionByLabel(findTestObject(orPath_Landing + "/dd_TaxType"), Paymenttype, false): All options with label 'Existing Liability w/Notice Number' are selected in object 'Object Repository/RAD_Pages/Landing_Page/dd_TaxType' 

2023-09-27 11:47:03 - [MESSAGE][PASSED] - All options with label 'Existing Liability w/Notice Number' are selected in object 'Object Repository/RAD_Pages/Landing_Page/dd_TaxType' 

2023-09-27 11:47:03 - [TEST_STEP][PASSED] - delay(1): Delayed 1 second(s)

2023-09-27 11:47:04 - [MESSAGE][PASSED] - Delayed 1 second(s)

2023-09-27 11:47:04 - [TEST_STEP][PASSED] - switch (Paymenttype): null

2023-09-27 11:47:04 - [TEST_STEP][PASSED] - case "Existing Liability w/Notice Number":: null

2023-09-27 11:47:04 - [TEST_STEP][PASSED] - selectOptionByLabel(findTestObject(orPath_TaxTypeFilingYear + "/select_TaxType_ExistingLiability"), Taxtype, false): All options with label 'PTE Tax Electing Non-S Corp' are selected in object 'Object Repository/RAD_Pages/TaxTypeFilingYear_Page/select_TaxType_ExistingLiability' 

2023-09-27 11:47:05 - [MESSAGE][PASSED] - All options with label 'PTE Tax Electing Non-S Corp' are selected in object 'Object Repository/RAD_Pages/TaxTypeFilingYear_Page/select_TaxType_ExistingLiability' 

2023-09-27 11:47:05 - [TEST_STEP][PASSED] - break: null

2023-09-27 11:47:05 - [TEST_STEP][PASSED] - delay(1): Delayed 1 second(s)

2023-09-27 11:47:06 - [MESSAGE][PASSED] - Delayed 1 second(s)

2023-09-27 11:47:06 - [TEST_STEP][PASSED] - scrollToElement(findTestObject(orPath_Amount + "/input__paymentAmount"), 2, CONTINUE_ON_FAILURE): Scroll to object 'Object Repository/RAD_Pages/PaymentAmount_Page/input__paymentAmount' successfully

2023-09-27 11:47:06 - [MESSAGE][PASSED] - Scroll to object 'Object Repository/RAD_Pages/PaymentAmount_Page/input__paymentAmount' successfully

2023-09-27 11:47:06 - [TEST_STEP][FAILED] - switch (Paymenttype): null

2023-09-27 11:47:06 - [TEST_STEP][FAILED] - case "Existing Liability w/Notice Number":: null

2023-09-27 11:47:06 - [TEST_STEP][FAILED] - if (feinSSN.equalsIgnoreCase("Y")): null

2023-09-27 11:47:06 - [TEST_STEP][FAILED] - setEncryptedText(findTestObject(orPath_TaxInfo + "/input_TaxInformation_feinSsn"), "RigbBhfdqODKcAsiUrg+1Q=="): Unable to set encrypted text for object 'Object Repository/RAD_Pages/TaxInfo_Page/input_TaxInformation_feinSsn' (Root cause: com.kms.katalon.core.exception.StepFailedException: Unable to set encrypted text for object 'Object Repository/RAD_Pages/TaxInfo_Page/input_TaxInformation_feinSsn'
	at com.kms.katalon.core.webui.keyword.internal.WebUIKeywordMain.stepFailed(WebUIKeywordMain.groovy:64)
	at com.kms.katalon.core.webui.keyword.internal.WebUIKeywordMain.runKeyword(WebUIKeywordMain.groovy:26)
	at com.kms.katalon.core.webui.keyword.builtin.SetEncryptedTextKeyword.setEncryptedText(SetEncryptedTextKeyword.groovy:65)
	at com.kms.katalon.core.webui.keyword.builtin.SetEncryptedTextKeyword.execute(SetEncryptedTextKeyword.groovy:34)
	at com.kms.katalon.core.keyword.internal.KeywordExecutor.executeKeywordForPlatform(KeywordExecutor.groovy:74)
	at com.kms.katalon.core.webui.keyword.WebUiBuiltInKeywords.setEncryptedText(WebUiBuiltInKeywords.groovy:1011)
	at com.kms.katalon.core.webui.keyword.WebUiBuiltInKeywords$setEncryptedText$4.call(Unknown Source)
	at FEINmismatchError.run(FEINmismatchError:143)
	at com.kms.katalon.core.main.ScriptEngine.run(ScriptEngine.java:194)
	at com.kms.katalon.core.main.ScriptEngine.runScriptAsRawText(ScriptEngine.java:119)
	at com.kms.katalon.core.main.TestCaseExecutor.runScript(TestCaseExecutor.java:448)
	at com.kms.katalon.core.main.TestCaseExecutor.doExecute(TestCaseExecutor.java:439)
	at com.kms.katalon.core.main.TestCaseExecutor.processExecutionPhase(TestCaseExecutor.java:418)
	at com.kms.katalon.core.main.TestCaseExecutor.accessMainPhase(TestCaseExecutor.java:410)
	at com.kms.katalon.core.main.TestCaseExecutor.execute(TestCaseExecutor.java:285)
	at com.kms.katalon.core.common.CommonExecutor.accessTestCaseMainPhase(CommonExecutor.java:65)
	at com.kms.katalon.core.main.TestSuiteExecutor.accessTestSuiteMainPhase(TestSuiteExecutor.java:148)
	at com.kms.katalon.core.main.TestSuiteExecutor.execute(TestSuiteExecutor.java:106)
	at com.kms.katalon.core.main.TestCaseMain.startTestSuite(TestCaseMain.java:187)
	at com.kms.katalon.core.main.TestCaseMain$startTestSuite$0.call(Unknown Source)
	at TempTestSuite1695829496928.run(TempTestSuite1695829496928.groovy:36)
Caused by: org.openqa.selenium.ElementNotInteractableException: element not interactable
  (Session info: chrome=117.0.5938.92)
Build info: version: '3.141.59', revision: 'e82be7d358', time: '2018-11-14T08:25:53'
System info: host: 'DESKTOP-B2QI6NS', ip: '172.31.253.139', os.name: 'Windows 10', os.arch: 'amd64', os.version: '10.0', java.version: '1.8.0_181'
Driver info: com.kms.katalon.selenium.driver.CChromeDriver
Capabilities {acceptInsecureCerts: true, browserName: chrome, browserVersion: 117.0.5938.92, chrome: {chromedriverVersion: 116.0.5845.96 (1a3918166880..., userDataDir: C:\Users\imtiaz\AppData\Loc...}, fedcm:accounts: true, goog:chromeOptions: {debuggerAddress: localhost:62920}, javascriptEnabled: true, networkConnectionEnabled: false, pageLoadStrategy: normal, platform: WINDOWS, platformName: WINDOWS, proxy: Proxy(), setWindowRect: true, strictFileInteractability: false, timeouts: {implicit: 0, pageLoad: 300000, script: 30000}, unhandledPromptBehavior: dismiss and notify, webauthn:extension:credBlob: true, webauthn:extension:largeBlob: true, webauthn:extension:minPinLength: true, webauthn:extension:prf: true, webauthn:virtualAuthenticators: true}
Session ID: 019bbaead5cbca10b7b2dac4834f6e0a
	at org.openqa.selenium.remote.http.W3CHttpResponseCodec.createException(W3CHttpResponseCodec.java:187)
	at org.openqa.selenium.remote.http.W3CHttpResponseCodec.decode(W3CHttpResponseCodec.java:122)
	at org.openqa.selenium.remote.http.W3CHttpResponseCodec.decode(W3CHttpResponseCodec.java:49)
	at org.openqa.selenium.remote.HttpCommandExecutor.execute(HttpCommandExecutor.java:158)
	at org.openqa.selenium.remote.service.DriverCommandExecutor.execute(DriverCommandExecutor.java:83)
	at org.openqa.selenium.remote.RemoteWebDriver.execute(RemoteWebDriver.java:552)
	at com.kms.katalon.selenium.driver.CChromeDriver.execute(CChromeDriver.java:19)
	at org.openqa.selenium.remote.RemoteWebElement.execute(RemoteWebElement.java:285)
	at org.openqa.selenium.remote.RemoteWebElement.clear(RemoteWebElement.java:124)
	at org.openqa.selenium.support.events.EventFiringWebDriver$EventFiringWebElement.lambda$new$0(EventFiringWebDriver.java:404)
	at com.sun.proxy.$Proxy11.clear(Unknown Source)
	at org.openqa.selenium.support.events.EventFiringWebDriver$EventFiringWebElement.clear(EventFiringWebDriver.java:436)
	at com.kms.katalon.core.webui.keyword.builtin.SetEncryptedTextKeyword$_setEncryptedText_closure1.doCall(SetEncryptedTextKeyword.groovy:54)
	at com.kms.katalon.core.webui.keyword.builtin.SetEncryptedTextKeyword$_setEncryptedText_closure1.call(SetEncryptedTextKeyword.groovy)
	at com.kms.katalon.core.webui.keyword.internal.WebUIKeywordMain.runKeyword(WebUIKeywordMain.groovy:20)
	at com.kms.katalon.core.webui.keyword.builtin.SetEncryptedTextKeyword.setEncryptedText(SetEncryptedTextKeyword.groovy:65)
	at com.kms.katalon.core.webui.keyword.builtin.SetEncryptedTextKeyword.execute(SetEncryptedTextKeyword.groovy:34)
	at com.kms.katalon.core.keyword.internal.KeywordExecutor.executeKeywordForPlatform(KeywordExecutor.groovy:74)
	at com.kms.katalon.core.webui.keyword.WebUiBuiltInKeywords.setEncryptedText(WebUiBuiltInKeywords.groovy:1011)
	at com.kms.katalon.core.webui.keyword.WebUiBuiltInKeywords$setEncryptedText$4.call(Unknown Source)
	at Script1693763256792.run(Script1693763256792.groovy:143)
	... 13 more
)

2023-09-27 11:47:07 - [MESSAGE][FAILED] - Unable to set encrypted text for object 'Object Repository/RAD_Pages/TaxInfo_Page/input_TaxInformation_feinSsn' (Root cause: com.kms.katalon.core.exception.StepFailedException: Unable to set encrypted text for object 'Object Repository/RAD_Pages/TaxInfo_Page/input_TaxInformation_feinSsn'
	at com.kms.katalon.core.webui.keyword.internal.WebUIKeywordMain.stepFailed(WebUIKeywordMain.groovy:64)
	at com.kms.katalon.core.webui.keyword.internal.WebUIKeywordMain.runKeyword(WebUIKeywordMain.groovy:26)
	at com.kms.katalon.core.webui.keyword.builtin.SetEncryptedTextKeyword.setEncryptedText(SetEncryptedTextKeyword.groovy:65)
	at com.kms.katalon.core.webui.keyword.builtin.SetEncryptedTextKeyword.execute(SetEncryptedTextKeyword.groovy:34)
	at com.kms.katalon.core.keyword.internal.KeywordExecutor.executeKeywordForPlatform(KeywordExecutor.groovy:74)
	at com.kms.katalon.core.webui.keyword.WebUiBuiltInKeywords.setEncryptedText(WebUiBuiltInKeywords.groovy:1011)
	at com.kms.katalon.core.webui.keyword.WebUiBuiltInKeywords$setEncryptedText$4.call(Unknown Source)
	at FEINmismatchError.run(FEINmismatchError:143)
	at com.kms.katalon.core.main.ScriptEngine.run(ScriptEngine.java:194)
	at com.kms.katalon.core.main.ScriptEngine.runScriptAsRawText(ScriptEngine.java:119)
	at com.kms.katalon.core.main.TestCaseExecutor.runScript(TestCaseExecutor.java:448)
	at com.kms.katalon.core.main.TestCaseExecutor.doExecute(TestCaseExecutor.java:439)
	at com.kms.katalon.core.main.TestCaseExecutor.processExecutionPhase(TestCaseExecutor.java:418)
	at com.kms.katalon.core.main.TestCaseExecutor.accessMainPhase(TestCaseExecutor.java:410)
	at com.kms.katalon.core.main.TestCaseExecutor.execute(TestCaseExecutor.java:285)
	at com.kms.katalon.core.common.CommonExecutor.accessTestCaseMainPhase(CommonExecutor.java:65)
	at com.kms.katalon.core.main.TestSuiteExecutor.accessTestSuiteMainPhase(TestSuiteExecutor.java:148)
	at com.kms.katalon.core.main.TestSuiteExecutor.execute(TestSuiteExecutor.java:106)
	at com.kms.katalon.core.main.TestCaseMain.startTestSuite(TestCaseMain.java:187)
	at com.kms.katalon.core.main.TestCaseMain$startTestSuite$0.call(Unknown Source)
	at TempTestSuite1695829496928.run(TempTestSuite1695829496928.groovy:36)
Caused by: org.openqa.selenium.ElementNotInteractableException: element not interactable
  (Session info: chrome=117.0.5938.92)
Build info: version: '3.141.59', revision: 'e82be7d358', time: '2018-11-14T08:25:53'
System info: host: 'DESKTOP-B2QI6NS', ip: '172.31.253.139', os.name: 'Windows 10', os.arch: 'amd64', os.version: '10.0', java.version: '1.8.0_181'
Driver info: com.kms.katalon.selenium.driver.CChromeDriver
Capabilities {acceptInsecureCerts: true, browserName: chrome, browserVersion: 117.0.5938.92, chrome: {chromedriverVersion: 116.0.5845.96 (1a3918166880..., userDataDir: C:\Users\imtiaz\AppData\Loc...}, fedcm:accounts: true, goog:chromeOptions: {debuggerAddress: localhost:62920}, javascriptEnabled: true, networkConnectionEnabled: false, pageLoadStrategy: normal, platform: WINDOWS, platformName: WINDOWS, proxy: Proxy(), setWindowRect: true, strictFileInteractability: false, timeouts: {implicit: 0, pageLoad: 300000, script: 30000}, unhandledPromptBehavior: dismiss and notify, webauthn:extension:credBlob: true, webauthn:extension:largeBlob: true, webauthn:extension:minPinLength: true, webauthn:extension:prf: true, webauthn:virtualAuthenticators: true}
Session ID: 019bbaead5cbca10b7b2dac4834f6e0a
	at org.openqa.selenium.remote.http.W3CHttpResponseCodec.createException(W3CHttpResponseCodec.java:187)
	at org.openqa.selenium.remote.http.W3CHttpResponseCodec.decode(W3CHttpResponseCodec.java:122)
	at org.openqa.selenium.remote.http.W3CHttpResponseCodec.decode(W3CHttpResponseCodec.java:49)
	at org.openqa.selenium.remote.HttpCommandExecutor.execute(HttpCommandExecutor.java:158)
	at org.openqa.selenium.remote.service.DriverCommandExecutor.execute(DriverCommandExecutor.java:83)
	at org.openqa.selenium.remote.RemoteWebDriver.execute(RemoteWebDriver.java:552)
	at com.kms.katalon.selenium.driver.CChromeDriver.execute(CChromeDriver.java:19)
	at org.openqa.selenium.remote.RemoteWebElement.execute(RemoteWebElement.java:285)
	at org.openqa.selenium.remote.RemoteWebElement.clear(RemoteWebElement.java:124)
	at org.openqa.selenium.support.events.EventFiringWebDriver$EventFiringWebElement.lambda$new$0(EventFiringWebDriver.java:404)
	at com.sun.proxy.$Proxy11.clear(Unknown Source)
	at org.openqa.selenium.support.events.EventFiringWebDriver$EventFiringWebElement.clear(EventFiringWebDriver.java:436)
	at com.kms.katalon.core.webui.keyword.builtin.SetEncryptedTextKeyword$_setEncryptedText_closure1.doCall(SetEncryptedTextKeyword.groovy:54)
	at com.kms.katalon.core.webui.keyword.builtin.SetEncryptedTextKeyword$_setEncryptedText_closure1.call(SetEncryptedTextKeyword.groovy)
	at com.kms.katalon.core.webui.keyword.internal.WebUIKeywordMain.runKeyword(WebUIKeywordMain.groovy:20)
	at com.kms.katalon.core.webui.keyword.builtin.SetEncryptedTextKeyword.setEncryptedText(SetEncryptedTextKeyword.groovy:65)
	at com.kms.katalon.core.webui.keyword.builtin.SetEncryptedTextKeyword.execute(SetEncryptedTextKeyword.groovy:34)
	at com.kms.katalon.core.keyword.internal.KeywordExecutor.executeKeywordForPlatform(KeywordExecutor.groovy:74)
	at com.kms.katalon.core.webui.keyword.WebUiBuiltInKeywords.setEncryptedText(WebUiBuiltInKeywords.groovy:1011)
	at com.kms.katalon.core.webui.keyword.WebUiBuiltInKeywords$setEncryptedText$4.call(Unknown Source)
	at Script1693763256792.run(Script1693763256792.groovy:143)
	... 13 more
)
[[ATTACHMENT|E:\\Cloned-Project-Katalon\\VPS-Katalon\\Reports\\20230927_114456\\RAD_TestSuite\\RAD_UI_TestSuite\\20230927_114456\\1695829627156.png]]

2023-09-27 11:47:07 - [TEST_STEP][FAILED] - setEncryptedText(findTestObject(orPath_TaxInfo + "/input_TaxInformation_RefeinSsn"), "RigbBhfdqOD+04WBHw5iKw=="): Unable to set encrypted text for object 'Object Repository/RAD_Pages/TaxInfo_Page/input_TaxInformation_RefeinSsn' (Root cause: com.kms.katalon.core.exception.StepFailedException: Unable to set encrypted text for object 'Object Repository/RAD_Pages/TaxInfo_Page/input_TaxInformation_RefeinSsn'
	at com.kms.katalon.core.webui.keyword.internal.WebUIKeywordMain.stepFailed(WebUIKeywordMain.groovy:64)
	at com.kms.katalon.core.webui.keyword.internal.WebUIKeywordMain.runKeyword(WebUIKeywordMain.groovy:26)
	at com.kms.katalon.core.webui.keyword.builtin.SetEncryptedTextKeyword.setEncryptedText(SetEncryptedTextKeyword.groovy:65)
	at com.kms.katalon.core.webui.keyword.builtin.SetEncryptedTextKeyword.execute(SetEncryptedTextKeyword.groovy:34)
	at com.kms.katalon.core.keyword.internal.KeywordExecutor.executeKeywordForPlatform(KeywordExecutor.groovy:74)
	at com.kms.katalon.core.webui.keyword.WebUiBuiltInKeywords.setEncryptedText(WebUiBuiltInKeywords.groovy:1011)
	at com.kms.katalon.core.webui.keyword.WebUiBuiltInKeywords$setEncryptedText$4.call(Unknown Source)
	at FEINmismatchError.run(FEINmismatchError:144)
	at com.kms.katalon.core.main.ScriptEngine.run(ScriptEngine.java:194)
	at com.kms.katalon.core.main.ScriptEngine.runScriptAsRawText(ScriptEngine.java:119)
	at com.kms.katalon.core.main.TestCaseExecutor.runScript(TestCaseExecutor.java:448)
	at com.kms.katalon.core.main.TestCaseExecutor.doExecute(TestCaseExecutor.java:439)
	at com.kms.katalon.core.main.TestCaseExecutor.processExecutionPhase(TestCaseExecutor.java:418)
	at com.kms.katalon.core.main.TestCaseExecutor.accessMainPhase(TestCaseExecutor.java:410)
	at com.kms.katalon.core.main.TestCaseExecutor.execute(TestCaseExecutor.java:285)
	at com.kms.katalon.core.common.CommonExecutor.accessTestCaseMainPhase(CommonExecutor.java:65)
	at com.kms.katalon.core.main.TestSuiteExecutor.accessTestSuiteMainPhase(TestSuiteExecutor.java:148)
	at com.kms.katalon.core.main.TestSuiteExecutor.execute(TestSuiteExecutor.java:106)
	at com.kms.katalon.core.main.TestCaseMain.startTestSuite(TestCaseMain.java:187)
	at com.kms.katalon.core.main.TestCaseMain$startTestSuite$0.call(Unknown Source)
	at TempTestSuite1695829496928.run(TempTestSuite1695829496928.groovy:36)
Caused by: org.openqa.selenium.ElementNotInteractableException: element not interactable
  (Session info: chrome=117.0.5938.92)
Build info: version: '3.141.59', revision: 'e82be7d358', time: '2018-11-14T08:25:53'
System info: host: 'DESKTOP-B2QI6NS', ip: '172.31.253.139', os.name: 'Windows 10', os.arch: 'amd64', os.version: '10.0', java.version: '1.8.0_181'
Driver info: com.kms.katalon.selenium.driver.CChromeDriver
Capabilities {acceptInsecureCerts: true, browserName: chrome, browserVersion: 117.0.5938.92, chrome: {chromedriverVersion: 116.0.5845.96 (1a3918166880..., userDataDir: C:\Users\imtiaz\AppData\Loc...}, fedcm:accounts: true, goog:chromeOptions: {debuggerAddress: localhost:62920}, javascriptEnabled: true, networkConnectionEnabled: false, pageLoadStrategy: normal, platform: WINDOWS, platformName: WINDOWS, proxy: Proxy(), setWindowRect: true, strictFileInteractability: false, timeouts: {implicit: 0, pageLoad: 300000, script: 30000}, unhandledPromptBehavior: dismiss and notify, webauthn:extension:credBlob: true, webauthn:extension:largeBlob: true, webauthn:extension:minPinLength: true, webauthn:extension:prf: true, webauthn:virtualAuthenticators: true}
Session ID: 019bbaead5cbca10b7b2dac4834f6e0a
	at org.openqa.selenium.remote.http.W3CHttpResponseCodec.createException(W3CHttpResponseCodec.java:187)
	at org.openqa.selenium.remote.http.W3CHttpResponseCodec.decode(W3CHttpResponseCodec.java:122)
	at org.openqa.selenium.remote.http.W3CHttpResponseCodec.decode(W3CHttpResponseCodec.java:49)
	at org.openqa.selenium.remote.HttpCommandExecutor.execute(HttpCommandExecutor.java:158)
	at org.openqa.selenium.remote.service.DriverCommandExecutor.execute(DriverCommandExecutor.java:83)
	at org.openqa.selenium.remote.RemoteWebDriver.execute(RemoteWebDriver.java:552)
	at com.kms.katalon.selenium.driver.CChromeDriver.execute(CChromeDriver.java:19)
	at org.openqa.selenium.remote.RemoteWebElement.execute(RemoteWebElement.java:285)
	at org.openqa.selenium.remote.RemoteWebElement.clear(RemoteWebElement.java:124)
	at org.openqa.selenium.support.events.EventFiringWebDriver$EventFiringWebElement.lambda$new$0(EventFiringWebDriver.java:404)
	at com.sun.proxy.$Proxy11.clear(Unknown Source)
	at org.openqa.selenium.support.events.EventFiringWebDriver$EventFiringWebElement.clear(EventFiringWebDriver.java:436)
	at com.kms.katalon.core.webui.keyword.builtin.SetEncryptedTextKeyword$_setEncryptedText_closure1.doCall(SetEncryptedTextKeyword.groovy:54)
	at com.kms.katalon.core.webui.keyword.builtin.SetEncryptedTextKeyword$_setEncryptedText_closure1.call(SetEncryptedTextKeyword.groovy)
	at com.kms.katalon.core.webui.keyword.internal.WebUIKeywordMain.runKeyword(WebUIKeywordMain.groovy:20)
	at com.kms.katalon.core.webui.keyword.builtin.SetEncryptedTextKeyword.setEncryptedText(SetEncryptedTextKeyword.groovy:65)
	at com.kms.katalon.core.webui.keyword.builtin.SetEncryptedTextKeyword.execute(SetEncryptedTextKeyword.groovy:34)
	at com.kms.katalon.core.keyword.internal.KeywordExecutor.executeKeywordForPlatform(KeywordExecutor.groovy:74)
	at com.kms.katalon.core.webui.keyword.WebUiBuiltInKeywords.setEncryptedText(WebUiBuiltInKeywords.groovy:1011)
	at com.kms.katalon.core.webui.keyword.WebUiBuiltInKeywords$setEncryptedText$4.call(Unknown Source)
	at Script1693763256792.run(Script1693763256792.groovy:144)
	... 13 more
)

2023-09-27 11:47:08 - [MESSAGE][FAILED] - Unable to set encrypted text for object 'Object Repository/RAD_Pages/TaxInfo_Page/input_TaxInformation_RefeinSsn' (Root cause: com.kms.katalon.core.exception.StepFailedException: Unable to set encrypted text for object 'Object Repository/RAD_Pages/TaxInfo_Page/input_TaxInformation_RefeinSsn'
	at com.kms.katalon.core.webui.keyword.internal.WebUIKeywordMain.stepFailed(WebUIKeywordMain.groovy:64)
	at com.kms.katalon.core.webui.keyword.internal.WebUIKeywordMain.runKeyword(WebUIKeywordMain.groovy:26)
	at com.kms.katalon.core.webui.keyword.builtin.SetEncryptedTextKeyword.setEncryptedText(SetEncryptedTextKeyword.groovy:65)
	at com.kms.katalon.core.webui.keyword.builtin.SetEncryptedTextKeyword.execute(SetEncryptedTextKeyword.groovy:34)
	at com.kms.katalon.core.keyword.internal.KeywordExecutor.executeKeywordForPlatform(KeywordExecutor.groovy:74)
	at com.kms.katalon.core.webui.keyword.WebUiBuiltInKeywords.setEncryptedText(WebUiBuiltInKeywords.groovy:1011)
	at com.kms.katalon.core.webui.keyword.WebUiBuiltInKeywords$setEncryptedText$4.call(Unknown Source)
	at FEINmismatchError.run(FEINmismatchError:144)
	at com.kms.katalon.core.main.ScriptEngine.run(ScriptEngine.java:194)
	at com.kms.katalon.core.main.ScriptEngine.runScriptAsRawText(ScriptEngine.java:119)
	at com.kms.katalon.core.main.TestCaseExecutor.runScript(TestCaseExecutor.java:448)
	at com.kms.katalon.core.main.TestCaseExecutor.doExecute(TestCaseExecutor.java:439)
	at com.kms.katalon.core.main.TestCaseExecutor.processExecutionPhase(TestCaseExecutor.java:418)
	at com.kms.katalon.core.main.TestCaseExecutor.accessMainPhase(TestCaseExecutor.java:410)
	at com.kms.katalon.core.main.TestCaseExecutor.execute(TestCaseExecutor.java:285)
	at com.kms.katalon.core.common.CommonExecutor.accessTestCaseMainPhase(CommonExecutor.java:65)
	at com.kms.katalon.core.main.TestSuiteExecutor.accessTestSuiteMainPhase(TestSuiteExecutor.java:148)
	at com.kms.katalon.core.main.TestSuiteExecutor.execute(TestSuiteExecutor.java:106)
	at com.kms.katalon.core.main.TestCaseMain.startTestSuite(TestCaseMain.java:187)
	at com.kms.katalon.core.main.TestCaseMain$startTestSuite$0.call(Unknown Source)
	at TempTestSuite1695829496928.run(TempTestSuite1695829496928.groovy:36)
Caused by: org.openqa.selenium.ElementNotInteractableException: element not interactable
  (Session info: chrome=117.0.5938.92)
Build info: version: '3.141.59', revision: 'e82be7d358', time: '2018-11-14T08:25:53'
System info: host: 'DESKTOP-B2QI6NS', ip: '172.31.253.139', os.name: 'Windows 10', os.arch: 'amd64', os.version: '10.0', java.version: '1.8.0_181'
Driver info: com.kms.katalon.selenium.driver.CChromeDriver
Capabilities {acceptInsecureCerts: true, browserName: chrome, browserVersion: 117.0.5938.92, chrome: {chromedriverVersion: 116.0.5845.96 (1a3918166880..., userDataDir: C:\Users\imtiaz\AppData\Loc...}, fedcm:accounts: true, goog:chromeOptions: {debuggerAddress: localhost:62920}, javascriptEnabled: true, networkConnectionEnabled: false, pageLoadStrategy: normal, platform: WINDOWS, platformName: WINDOWS, proxy: Proxy(), setWindowRect: true, strictFileInteractability: false, timeouts: {implicit: 0, pageLoad: 300000, script: 30000}, unhandledPromptBehavior: dismiss and notify, webauthn:extension:credBlob: true, webauthn:extension:largeBlob: true, webauthn:extension:minPinLength: true, webauthn:extension:prf: true, webauthn:virtualAuthenticators: true}
Session ID: 019bbaead5cbca10b7b2dac4834f6e0a
	at org.openqa.selenium.remote.http.W3CHttpResponseCodec.createException(W3CHttpResponseCodec.java:187)
	at org.openqa.selenium.remote.http.W3CHttpResponseCodec.decode(W3CHttpResponseCodec.java:122)
	at org.openqa.selenium.remote.http.W3CHttpResponseCodec.decode(W3CHttpResponseCodec.java:49)
	at org.openqa.selenium.remote.HttpCommandExecutor.execute(HttpCommandExecutor.java:158)
	at org.openqa.selenium.remote.service.DriverCommandExecutor.execute(DriverCommandExecutor.java:83)
	at org.openqa.selenium.remote.RemoteWebDriver.execute(RemoteWebDriver.java:552)
	at com.kms.katalon.selenium.driver.CChromeDriver.execute(CChromeDriver.java:19)
	at org.openqa.selenium.remote.RemoteWebElement.execute(RemoteWebElement.java:285)
	at org.openqa.selenium.remote.RemoteWebElement.clear(RemoteWebElement.java:124)
	at org.openqa.selenium.support.events.EventFiringWebDriver$EventFiringWebElement.lambda$new$0(EventFiringWebDriver.java:404)
	at com.sun.proxy.$Proxy11.clear(Unknown Source)
	at org.openqa.selenium.support.events.EventFiringWebDriver$EventFiringWebElement.clear(EventFiringWebDriver.java:436)
	at com.kms.katalon.core.webui.keyword.builtin.SetEncryptedTextKeyword$_setEncryptedText_closure1.doCall(SetEncryptedTextKeyword.groovy:54)
	at com.kms.katalon.core.webui.keyword.builtin.SetEncryptedTextKeyword$_setEncryptedText_closure1.call(SetEncryptedTextKeyword.groovy)
	at com.kms.katalon.core.webui.keyword.internal.WebUIKeywordMain.runKeyword(WebUIKeywordMain.groovy:20)
	at com.kms.katalon.core.webui.keyword.builtin.SetEncryptedTextKeyword.setEncryptedText(SetEncryptedTextKeyword.groovy:65)
	at com.kms.katalon.core.webui.keyword.builtin.SetEncryptedTextKeyword.execute(SetEncryptedTextKeyword.groovy:34)
	at com.kms.katalon.core.keyword.internal.KeywordExecutor.executeKeywordForPlatform(KeywordExecutor.groovy:74)
	at com.kms.katalon.core.webui.keyword.WebUiBuiltInKeywords.setEncryptedText(WebUiBuiltInKeywords.groovy:1011)
	at com.kms.katalon.core.webui.keyword.WebUiBuiltInKeywords$setEncryptedText$4.call(Unknown Source)
	at Script1693763256792.run(Script1693763256792.groovy:144)
	... 13 more
)
[[ATTACHMENT|E:\\Cloned-Project-Katalon\\VPS-Katalon\\Reports\\20230927_114456\\RAD_TestSuite\\RAD_UI_TestSuite\\20230927_114456\\1695829627796.png]]

2023-09-27 11:47:08 - [TEST_STEP][PASSED] - break: null

2023-09-27 11:47:08 - [TEST_STEP][PASSED] - setText(findTestObject(orPath_Amount + "/input__paymentAmount"), ""): Text '' is set on object 'Object Repository/RAD_Pages/PaymentAmount_Page/input__paymentAmount'

2023-09-27 11:47:08 - [MESSAGE][PASSED] - Text '' is set on object 'Object Repository/RAD_Pages/PaymentAmount_Page/input__paymentAmount'

2023-09-27 11:47:08 - [TEST_STEP][FAILED] - verifyTextPresent("The FEIN and Re-type FEIN do not match", true): Text 'The FEIN and Re-type FEIN do not match' is not present on page  using regular expression (Root cause: com.kms.katalon.core.exception.StepFailedException: Text 'The FEIN and Re-type FEIN do not match' is not present on page  using regular expression
	at com.kms.katalon.core.webui.keyword.internal.WebUIKeywordMain.stepFailed(WebUIKeywordMain.groovy:64)
	at com.kms.katalon.core.webui.keyword.builtin.VerifyTextPresentKeyword$_verifyTextPresent_closure1.doCall(VerifyTextPresentKeyword.groovy:79)
	at com.kms.katalon.core.webui.keyword.builtin.VerifyTextPresentKeyword$_verifyTextPresent_closure1.call(VerifyTextPresentKeyword.groovy)
	at com.kms.katalon.core.webui.keyword.internal.WebUIKeywordMain.runKeyword(WebUIKeywordMain.groovy:20)
	at com.kms.katalon.core.webui.keyword.builtin.VerifyTextPresentKeyword.verifyTextPresent(VerifyTextPresentKeyword.groovy:83)
	at com.kms.katalon.core.webui.keyword.builtin.VerifyTextPresentKeyword.execute(VerifyTextPresentKeyword.groovy:68)
	at com.kms.katalon.core.keyword.internal.KeywordExecutor.executeKeywordForPlatform(KeywordExecutor.groovy:74)
	at com.kms.katalon.core.webui.keyword.WebUiBuiltInKeywords.verifyTextPresent(WebUiBuiltInKeywords.groovy:1723)
	at com.kms.katalon.core.webui.keyword.WebUiBuiltInKeywords$verifyTextPresent$6.call(Unknown Source)
	at FEINmismatchError.run(FEINmismatchError:212)
	at com.kms.katalon.core.main.ScriptEngine.run(ScriptEngine.java:194)
	at com.kms.katalon.core.main.ScriptEngine.runScriptAsRawText(ScriptEngine.java:119)
	at com.kms.katalon.core.main.TestCaseExecutor.runScript(TestCaseExecutor.java:448)
	at com.kms.katalon.core.main.TestCaseExecutor.doExecute(TestCaseExecutor.java:439)
	at com.kms.katalon.core.main.TestCaseExecutor.processExecutionPhase(TestCaseExecutor.java:418)
	at com.kms.katalon.core.main.TestCaseExecutor.accessMainPhase(TestCaseExecutor.java:410)
	at com.kms.katalon.core.main.TestCaseExecutor.execute(TestCaseExecutor.java:285)
	at com.kms.katalon.core.common.CommonExecutor.accessTestCaseMainPhase(CommonExecutor.java:65)
	at com.kms.katalon.core.main.TestSuiteExecutor.accessTestSuiteMainPhase(TestSuiteExecutor.java:148)
	at com.kms.katalon.core.main.TestSuiteExecutor.execute(TestSuiteExecutor.java:106)
	at com.kms.katalon.core.main.TestCaseMain.startTestSuite(TestCaseMain.java:187)
	at com.kms.katalon.core.main.TestCaseMain$startTestSuite$0.call(Unknown Source)
	at TempTestSuite1695829496928.run(TempTestSuite1695829496928.groovy:36)
)

2023-09-27 11:47:10 - [MESSAGE][FAILED] - Text 'The FEIN and Re-type FEIN do not match' is not present on page  using regular expression (Root cause: com.kms.katalon.core.exception.StepFailedException: Text 'The FEIN and Re-type FEIN do not match' is not present on page  using regular expression
	at com.kms.katalon.core.webui.keyword.internal.WebUIKeywordMain.stepFailed(WebUIKeywordMain.groovy:64)
	at com.kms.katalon.core.webui.keyword.builtin.VerifyTextPresentKeyword$_verifyTextPresent_closure1.doCall(VerifyTextPresentKeyword.groovy:79)
	at com.kms.katalon.core.webui.keyword.builtin.VerifyTextPresentKeyword$_verifyTextPresent_closure1.call(VerifyTextPresentKeyword.groovy)
	at com.kms.katalon.core.webui.keyword.internal.WebUIKeywordMain.runKeyword(WebUIKeywordMain.groovy:20)
	at com.kms.katalon.core.webui.keyword.builtin.VerifyTextPresentKeyword.verifyTextPresent(VerifyTextPresentKeyword.groovy:83)
	at com.kms.katalon.core.webui.keyword.builtin.VerifyTextPresentKeyword.execute(VerifyTextPresentKeyword.groovy:68)
	at com.kms.katalon.core.keyword.internal.KeywordExecutor.executeKeywordForPlatform(KeywordExecutor.groovy:74)
	at com.kms.katalon.core.webui.keyword.WebUiBuiltInKeywords.verifyTextPresent(WebUiBuiltInKeywords.groovy:1723)
	at com.kms.katalon.core.webui.keyword.WebUiBuiltInKeywords$verifyTextPresent$6.call(Unknown Source)
	at FEINmismatchError.run(FEINmismatchError:212)
	at com.kms.katalon.core.main.ScriptEngine.run(ScriptEngine.java:194)
	at com.kms.katalon.core.main.ScriptEngine.runScriptAsRawText(ScriptEngine.java:119)
	at com.kms.katalon.core.main.TestCaseExecutor.runScript(TestCaseExecutor.java:448)
	at com.kms.katalon.core.main.TestCaseExecutor.doExecute(TestCaseExecutor.java:439)
	at com.kms.katalon.core.main.TestCaseExecutor.processExecutionPhase(TestCaseExecutor.java:418)
	at com.kms.katalon.core.main.TestCaseExecutor.accessMainPhase(TestCaseExecutor.java:410)
	at com.kms.katalon.core.main.TestCaseExecutor.execute(TestCaseExecutor.java:285)
	at com.kms.katalon.core.common.CommonExecutor.accessTestCaseMainPhase(CommonExecutor.java:65)
	at com.kms.katalon.core.main.TestSuiteExecutor.accessTestSuiteMainPhase(TestSuiteExecutor.java:148)
	at com.kms.katalon.core.main.TestSuiteExecutor.execute(TestSuiteExecutor.java:106)
	at com.kms.katalon.core.main.TestCaseMain.startTestSuite(TestCaseMain.java:187)
	at com.kms.katalon.core.main.TestCaseMain$startTestSuite$0.call(Unknown Source)
	at TempTestSuite1695829496928.run(TempTestSuite1695829496928.groovy:36)
)

2023-09-27 11:47:10 - [TEST_STEP][FAILED] - if (verifyTextPresent("The FEIN and Re-type FEIN do not match", true)): Text 'The FEIN and Re-type FEIN do not match' is not present on page  using regular expression (Root cause: com.kms.katalon.core.exception.StepFailedException: Text 'The FEIN and Re-type FEIN do not match' is not present on page  using regular expression
	at com.kms.katalon.core.webui.keyword.internal.WebUIKeywordMain.stepFailed(WebUIKeywordMain.groovy:64)
	at com.kms.katalon.core.webui.keyword.builtin.VerifyTextPresentKeyword$_verifyTextPresent_closure1.doCall(VerifyTextPresentKeyword.groovy:79)
	at com.kms.katalon.core.webui.keyword.builtin.VerifyTextPresentKeyword$_verifyTextPresent_closure1.call(VerifyTextPresentKeyword.groovy)
	at com.kms.katalon.core.webui.keyword.internal.WebUIKeywordMain.runKeyword(WebUIKeywordMain.groovy:20)
	at com.kms.katalon.core.webui.keyword.builtin.VerifyTextPresentKeyword.verifyTextPresent(VerifyTextPresentKeyword.groovy:83)
	at com.kms.katalon.core.webui.keyword.builtin.VerifyTextPresentKeyword.execute(VerifyTextPresentKeyword.groovy:68)
	at com.kms.katalon.core.keyword.internal.KeywordExecutor.executeKeywordForPlatform(KeywordExecutor.groovy:74)
	at com.kms.katalon.core.webui.keyword.WebUiBuiltInKeywords.verifyTextPresent(WebUiBuiltInKeywords.groovy:1723)
	at com.kms.katalon.core.webui.keyword.WebUiBuiltInKeywords$verifyTextPresent$6.call(Unknown Source)
	at FEINmismatchError.run(FEINmismatchError:214)
	at com.kms.katalon.core.main.ScriptEngine.run(ScriptEngine.java:194)
	at com.kms.katalon.core.main.ScriptEngine.runScriptAsRawText(ScriptEngine.java:119)
	at com.kms.katalon.core.main.TestCaseExecutor.runScript(TestCaseExecutor.java:448)
	at com.kms.katalon.core.main.TestCaseExecutor.doExecute(TestCaseExecutor.java:439)
	at com.kms.katalon.core.main.TestCaseExecutor.processExecutionPhase(TestCaseExecutor.java:418)
	at com.kms.katalon.core.main.TestCaseExecutor.accessMainPhase(TestCaseExecutor.java:410)
	at com.kms.katalon.core.main.TestCaseExecutor.execute(TestCaseExecutor.java:285)
	at com.kms.katalon.core.common.CommonExecutor.accessTestCaseMainPhase(CommonExecutor.java:65)
	at com.kms.katalon.core.main.TestSuiteExecutor.accessTestSuiteMainPhase(TestSuiteExecutor.java:148)
	at com.kms.katalon.core.main.TestSuiteExecutor.execute(TestSuiteExecutor.java:106)
	at com.kms.katalon.core.main.TestCaseMain.startTestSuite(TestCaseMain.java:187)
	at com.kms.katalon.core.main.TestCaseMain$startTestSuite$0.call(Unknown Source)
	at TempTestSuite1695829496928.run(TempTestSuite1695829496928.groovy:36)
)

2023-09-27 11:47:10 - [MESSAGE][FAILED] - Text 'The FEIN and Re-type FEIN do not match' is not present on page  using regular expression (Root cause: com.kms.katalon.core.exception.StepFailedException: Text 'The FEIN and Re-type FEIN do not match' is not present on page  using regular expression
	at com.kms.katalon.core.webui.keyword.internal.WebUIKeywordMain.stepFailed(WebUIKeywordMain.groovy:64)
	at com.kms.katalon.core.webui.keyword.builtin.VerifyTextPresentKeyword$_verifyTextPresent_closure1.doCall(VerifyTextPresentKeyword.groovy:79)
	at com.kms.katalon.core.webui.keyword.builtin.VerifyTextPresentKeyword$_verifyTextPresent_closure1.call(VerifyTextPresentKeyword.groovy)
	at com.kms.katalon.core.webui.keyword.internal.WebUIKeywordMain.runKeyword(WebUIKeywordMain.groovy:20)
	at com.kms.katalon.core.webui.keyword.builtin.VerifyTextPresentKeyword.verifyTextPresent(VerifyTextPresentKeyword.groovy:83)
	at com.kms.katalon.core.webui.keyword.builtin.VerifyTextPresentKeyword.execute(VerifyTextPresentKeyword.groovy:68)
	at com.kms.katalon.core.keyword.internal.KeywordExecutor.executeKeywordForPlatform(KeywordExecutor.groovy:74)
	at com.kms.katalon.core.webui.keyword.WebUiBuiltInKeywords.verifyTextPresent(WebUiBuiltInKeywords.groovy:1723)
	at com.kms.katalon.core.webui.keyword.WebUiBuiltInKeywords$verifyTextPresent$6.call(Unknown Source)
	at FEINmismatchError.run(FEINmismatchError:214)
	at com.kms.katalon.core.main.ScriptEngine.run(ScriptEngine.java:194)
	at com.kms.katalon.core.main.ScriptEngine.runScriptAsRawText(ScriptEngine.java:119)
	at com.kms.katalon.core.main.TestCaseExecutor.runScript(TestCaseExecutor.java:448)
	at com.kms.katalon.core.main.TestCaseExecutor.doExecute(TestCaseExecutor.java:439)
	at com.kms.katalon.core.main.TestCaseExecutor.processExecutionPhase(TestCaseExecutor.java:418)
	at com.kms.katalon.core.main.TestCaseExecutor.accessMainPhase(TestCaseExecutor.java:410)
	at com.kms.katalon.core.main.TestCaseExecutor.execute(TestCaseExecutor.java:285)
	at com.kms.katalon.core.common.CommonExecutor.accessTestCaseMainPhase(CommonExecutor.java:65)
	at com.kms.katalon.core.main.TestSuiteExecutor.accessTestSuiteMainPhase(TestSuiteExecutor.java:148)
	at com.kms.katalon.core.main.TestSuiteExecutor.execute(TestSuiteExecutor.java:106)
	at com.kms.katalon.core.main.TestCaseMain.startTestSuite(TestCaseMain.java:187)
	at com.kms.katalon.core.main.TestCaseMain$startTestSuite$0.call(Unknown Source)
	at TempTestSuite1695829496928.run(TempTestSuite1695829496928.groovy:36)
)

2023-09-27 11:47:10 - [TEST_STEP][PASSED] - else: pages.WriteExcel.demoKey is PASSED

2023-09-27 11:47:10 - [TEST_STEP][PASSED] - println("Error Message is NOT present on the page"): null

2023-09-27 11:47:10 - [TEST_STEP][PASSED] - out.println("Fail Record Number: " + row): null

2023-09-27 11:47:10 - [TEST_STEP][PASSED] - resText = "Fail": null

2023-09-27 11:47:10 - [TEST_STEP][PASSED] - pages.WriteExcel.demoKey(resText, datText, resColumn, datCloumn, fileLoc, nameSheet, row): pages.WriteExcel.demoKey is PASSED

2023-09-27 11:47:10 - [MESSAGE][PASSED] - pages.WriteExcel.demoKey is PASSED

2023-09-27 11:47:10 - [TEST_STEP][PASSED] - ExecuteTC = findTestData(dataFile).getValue("Execute", row): null

2023-09-27 11:47:10 - [TEST_STEP][PASSED] - Taxtype = findTestData(dataFile).getValue("TaxType", row): null

2023-09-27 11:47:10 - [TEST_STEP][PASSED] - Paymenttype = findTestData(dataFile).getValue("PaymentType", row): null

2023-09-27 11:47:10 - [TEST_STEP][PASSED] - feinSSN = findTestData(dataFile).getValue("FeinSsn", row): null

2023-09-27 11:47:10 - [TEST_STEP][PASSED] - out.println("Value of Execute is : " + ExecuteTC): null

2023-09-27 11:47:10 - [TEST_STEP][FAILED] - if (ExecuteTC.equalsIgnoreCase("Y")): null

2023-09-27 11:47:10 - [TEST_STEP][PASSED] - out.println("Begin Record Number: " + row): null

2023-09-27 11:47:10 - [TEST_STEP][PASSED] - today = new java.util.Date(): null

2023-09-27 11:47:10 - [TEST_STEP][PASSED] - println(today): null

2023-09-27 11:47:10 - [TEST_STEP][PASSED] - datText = today: null

2023-09-27 11:47:10 - [TEST_STEP][PASSED] - Taxtype = findTestData(dataFile).getValue("TaxType", row): null

2023-09-27 11:47:10 - [TEST_STEP][PASSED] - out.println("Taxtype value is : " + Taxtype): null

2023-09-27 11:47:10 - [TEST_STEP][PASSED] - openBrowser(""): Browser is opened with url: ''

2023-09-27 11:47:10 - [MESSAGE][WARNING] - A browser is already opened. Closing browser and opening a new one

2023-09-27 11:47:11 - [MESSAGE][INFO] - Starting 'Chrome' driver

2023-09-27 11:47:11 - [MESSAGE][INFO] - User set preference: ['acceptInsecureCerts', 'true']

2023-09-27 11:47:11 - [MESSAGE][INFO] - Action delay is set to 0 milliseconds

2023-09-27 11:47:13 - [MESSAGE][PASSED] - Browser is opened with url: ''

2023-09-27 11:47:13 - [TEST_STEP][PASSED] - maximizeWindow(): Current window maximized

2023-09-27 11:47:13 - [MESSAGE][PASSED] - Current window maximized

2023-09-27 11:47:13 - [TEST_STEP][PASSED] - navigateToUrl(RADurl): Navigate to 'https://qa2.velocitypayment.com/client/rad/index.html' successfully

2023-09-27 11:47:14 - [MESSAGE][PASSED] - Navigate to 'https://qa2.velocitypayment.com/client/rad/index.html' successfully

2023-09-27 11:47:14 - [TEST_STEP][PASSED] - orPath_Landing = "Object Repository/RAD_Pages/Landing_Page": null

2023-09-27 11:47:14 - [TEST_STEP][PASSED] - orPath_TaxTypeFilingYear = "Object Repository/RAD_Pages/TaxTypeFilingYear_Page": null

2023-09-27 11:47:14 - [TEST_STEP][PASSED] - orPath_TaxPayer = "Object Repository/RAD_Pages/Taxpayer_Page": null

2023-09-27 11:47:14 - [TEST_STEP][PASSED] - orPath_AddressContact = "Object Repository/RAD_Pages/AddressAndContactInfo_Page": null

2023-09-27 11:47:14 - [TEST_STEP][PASSED] - orPath_FilingStatus = "Object Repository/RAD_Pages/FilingStatus_Page": null

2023-09-27 11:47:14 - [TEST_STEP][PASSED] - orPath_Amount = "Object Repository/RAD_Pages/PaymentAmount_Page": null

2023-09-27 11:47:14 - [TEST_STEP][PASSED] - orPath_TaxInfo = "Object Repository/RAD_Pages/TaxInfo_Page": null

2023-09-27 11:47:14 - [TEST_STEP][PASSED] - orPath_Withholding = "Object Repository/RAD_Pages/Withholding_Page": null

2023-09-27 11:47:14 - [TEST_STEP][PASSED] - orPath_Summary = "Object Repository/RAD_Pages/Summary_Page": null

2023-09-27 11:47:14 - [TEST_STEP][PASSED] - orPath_PaymentReady = "Object Repository/RAD_Pages/PaymentReady_Page": null

2023-09-27 11:47:14 - [TEST_STEP][PASSED] - orPath_PaymentEntry = "Object Repository/RAD_Pages/PaymentEntry_Page": null

2023-09-27 11:47:14 - [TEST_STEP][PASSED] - orPath_PaymentConfirmation = "Object Repository/RAD_Pages/PaymentConfirmation_Page": null

2023-09-27 11:47:14 - [TEST_STEP][PASSED] - orPath_ServiceFeesAccept = "Object Repository/RAD_Pages/ServiceFeeAccept_Page": null

2023-09-27 11:47:14 - [TEST_STEP][PASSED] - selectOptionByLabel(findTestObject(orPath_Landing + "/dd_TaxType"), Paymenttype, false): All options with label 'Existing Liability w/Notice Number' are selected in object 'Object Repository/RAD_Pages/Landing_Page/dd_TaxType' 

2023-09-27 11:47:15 - [MESSAGE][PASSED] - All options with label 'Existing Liability w/Notice Number' are selected in object 'Object Repository/RAD_Pages/Landing_Page/dd_TaxType' 

2023-09-27 11:47:15 - [TEST_STEP][PASSED] - delay(1): Delayed 1 second(s)

2023-09-27 11:47:16 - [MESSAGE][PASSED] - Delayed 1 second(s)

2023-09-27 11:47:16 - [TEST_STEP][PASSED] - switch (Paymenttype): null

2023-09-27 11:47:16 - [TEST_STEP][PASSED] - case "Existing Liability w/Notice Number":: null

2023-09-27 11:47:16 - [TEST_STEP][PASSED] - selectOptionByLabel(findTestObject(orPath_TaxTypeFilingYear + "/select_TaxType_ExistingLiability"), Taxtype, false): All options with label 'PTE Tax Electing S Corp' are selected in object 'Object Repository/RAD_Pages/TaxTypeFilingYear_Page/select_TaxType_ExistingLiability' 

2023-09-27 11:47:17 - [MESSAGE][PASSED] - All options with label 'PTE Tax Electing S Corp' are selected in object 'Object Repository/RAD_Pages/TaxTypeFilingYear_Page/select_TaxType_ExistingLiability' 

2023-09-27 11:47:17 - [TEST_STEP][PASSED] - break: null

2023-09-27 11:47:17 - [TEST_STEP][PASSED] - delay(1): Delayed 1 second(s)

2023-09-27 11:47:18 - [MESSAGE][PASSED] - Delayed 1 second(s)

2023-09-27 11:47:18 - [TEST_STEP][PASSED] - scrollToElement(findTestObject(orPath_Amount + "/input__paymentAmount"), 2, CONTINUE_ON_FAILURE): Scroll to object 'Object Repository/RAD_Pages/PaymentAmount_Page/input__paymentAmount' successfully

2023-09-27 11:47:18 - [MESSAGE][PASSED] - Scroll to object 'Object Repository/RAD_Pages/PaymentAmount_Page/input__paymentAmount' successfully

2023-09-27 11:47:18 - [TEST_STEP][FAILED] - switch (Paymenttype): null

2023-09-27 11:47:18 - [TEST_STEP][FAILED] - case "Existing Liability w/Notice Number":: null

2023-09-27 11:47:18 - [TEST_STEP][FAILED] - if (feinSSN.equalsIgnoreCase("Y")): null

2023-09-27 11:47:18 - [TEST_STEP][FAILED] - setEncryptedText(findTestObject(orPath_TaxInfo + "/input_TaxInformation_feinSsn"), "RigbBhfdqODKcAsiUrg+1Q=="): Unable to set encrypted text for object 'Object Repository/RAD_Pages/TaxInfo_Page/input_TaxInformation_feinSsn' (Root cause: com.kms.katalon.core.exception.StepFailedException: Unable to set encrypted text for object 'Object Repository/RAD_Pages/TaxInfo_Page/input_TaxInformation_feinSsn'
	at com.kms.katalon.core.webui.keyword.internal.WebUIKeywordMain.stepFailed(WebUIKeywordMain.groovy:64)
	at com.kms.katalon.core.webui.keyword.internal.WebUIKeywordMain.runKeyword(WebUIKeywordMain.groovy:26)
	at com.kms.katalon.core.webui.keyword.builtin.SetEncryptedTextKeyword.setEncryptedText(SetEncryptedTextKeyword.groovy:65)
	at com.kms.katalon.core.webui.keyword.builtin.SetEncryptedTextKeyword.execute(SetEncryptedTextKeyword.groovy:34)
	at com.kms.katalon.core.keyword.internal.KeywordExecutor.executeKeywordForPlatform(KeywordExecutor.groovy:74)
	at com.kms.katalon.core.webui.keyword.WebUiBuiltInKeywords.setEncryptedText(WebUiBuiltInKeywords.groovy:1011)
	at com.kms.katalon.core.webui.keyword.WebUiBuiltInKeywords$setEncryptedText$4.call(Unknown Source)
	at FEINmismatchError.run(FEINmismatchError:143)
	at com.kms.katalon.core.main.ScriptEngine.run(ScriptEngine.java:194)
	at com.kms.katalon.core.main.ScriptEngine.runScriptAsRawText(ScriptEngine.java:119)
	at com.kms.katalon.core.main.TestCaseExecutor.runScript(TestCaseExecutor.java:448)
	at com.kms.katalon.core.main.TestCaseExecutor.doExecute(TestCaseExecutor.java:439)
	at com.kms.katalon.core.main.TestCaseExecutor.processExecutionPhase(TestCaseExecutor.java:418)
	at com.kms.katalon.core.main.TestCaseExecutor.accessMainPhase(TestCaseExecutor.java:410)
	at com.kms.katalon.core.main.TestCaseExecutor.execute(TestCaseExecutor.java:285)
	at com.kms.katalon.core.common.CommonExecutor.accessTestCaseMainPhase(CommonExecutor.java:65)
	at com.kms.katalon.core.main.TestSuiteExecutor.accessTestSuiteMainPhase(TestSuiteExecutor.java:148)
	at com.kms.katalon.core.main.TestSuiteExecutor.execute(TestSuiteExecutor.java:106)
	at com.kms.katalon.core.main.TestCaseMain.startTestSuite(TestCaseMain.java:187)
	at com.kms.katalon.core.main.TestCaseMain$startTestSuite$0.call(Unknown Source)
	at TempTestSuite1695829496928.run(TempTestSuite1695829496928.groovy:36)
Caused by: org.openqa.selenium.ElementNotInteractableException: element not interactable
  (Session info: chrome=117.0.5938.92)
Build info: version: '3.141.59', revision: 'e82be7d358', time: '2018-11-14T08:25:53'
System info: host: 'DESKTOP-B2QI6NS', ip: '172.31.253.139', os.name: 'Windows 10', os.arch: 'amd64', os.version: '10.0', java.version: '1.8.0_181'
Driver info: com.kms.katalon.selenium.driver.CChromeDriver
Capabilities {acceptInsecureCerts: true, browserName: chrome, browserVersion: 117.0.5938.92, chrome: {chromedriverVersion: 116.0.5845.96 (1a3918166880..., userDataDir: C:\Users\imtiaz\AppData\Loc...}, fedcm:accounts: true, goog:chromeOptions: {debuggerAddress: localhost:63009}, javascriptEnabled: true, networkConnectionEnabled: false, pageLoadStrategy: normal, platform: WINDOWS, platformName: WINDOWS, proxy: Proxy(), setWindowRect: true, strictFileInteractability: false, timeouts: {implicit: 0, pageLoad: 300000, script: 30000}, unhandledPromptBehavior: dismiss and notify, webauthn:extension:credBlob: true, webauthn:extension:largeBlob: true, webauthn:extension:minPinLength: true, webauthn:extension:prf: true, webauthn:virtualAuthenticators: true}
Session ID: ef3935e6567d4a9fc3d060128a958aff
	at org.openqa.selenium.remote.http.W3CHttpResponseCodec.createException(W3CHttpResponseCodec.java:187)
	at org.openqa.selenium.remote.http.W3CHttpResponseCodec.decode(W3CHttpResponseCodec.java:122)
	at org.openqa.selenium.remote.http.W3CHttpResponseCodec.decode(W3CHttpResponseCodec.java:49)
	at org.openqa.selenium.remote.HttpCommandExecutor.execute(HttpCommandExecutor.java:158)
	at org.openqa.selenium.remote.service.DriverCommandExecutor.execute(DriverCommandExecutor.java:83)
	at org.openqa.selenium.remote.RemoteWebDriver.execute(RemoteWebDriver.java:552)
	at com.kms.katalon.selenium.driver.CChromeDriver.execute(CChromeDriver.java:19)
	at org.openqa.selenium.remote.RemoteWebElement.execute(RemoteWebElement.java:285)
	at org.openqa.selenium.remote.RemoteWebElement.clear(RemoteWebElement.java:124)
	at org.openqa.selenium.support.events.EventFiringWebDriver$EventFiringWebElement.lambda$new$0(EventFiringWebDriver.java:404)
	at com.sun.proxy.$Proxy11.clear(Unknown Source)
	at org.openqa.selenium.support.events.EventFiringWebDriver$EventFiringWebElement.clear(EventFiringWebDriver.java:436)
	at com.kms.katalon.core.webui.keyword.builtin.SetEncryptedTextKeyword$_setEncryptedText_closure1.doCall(SetEncryptedTextKeyword.groovy:54)
	at com.kms.katalon.core.webui.keyword.builtin.SetEncryptedTextKeyword$_setEncryptedText_closure1.call(SetEncryptedTextKeyword.groovy)
	at com.kms.katalon.core.webui.keyword.internal.WebUIKeywordMain.runKeyword(WebUIKeywordMain.groovy:20)
	at com.kms.katalon.core.webui.keyword.builtin.SetEncryptedTextKeyword.setEncryptedText(SetEncryptedTextKeyword.groovy:65)
	at com.kms.katalon.core.webui.keyword.builtin.SetEncryptedTextKeyword.execute(SetEncryptedTextKeyword.groovy:34)
	at com.kms.katalon.core.keyword.internal.KeywordExecutor.executeKeywordForPlatform(KeywordExecutor.groovy:74)
	at com.kms.katalon.core.webui.keyword.WebUiBuiltInKeywords.setEncryptedText(WebUiBuiltInKeywords.groovy:1011)
	at com.kms.katalon.core.webui.keyword.WebUiBuiltInKeywords$setEncryptedText$4.call(Unknown Source)
	at Script1693763256792.run(Script1693763256792.groovy:143)
	... 13 more
)

2023-09-27 11:47:19 - [MESSAGE][FAILED] - Unable to set encrypted text for object 'Object Repository/RAD_Pages/TaxInfo_Page/input_TaxInformation_feinSsn' (Root cause: com.kms.katalon.core.exception.StepFailedException: Unable to set encrypted text for object 'Object Repository/RAD_Pages/TaxInfo_Page/input_TaxInformation_feinSsn'
	at com.kms.katalon.core.webui.keyword.internal.WebUIKeywordMain.stepFailed(WebUIKeywordMain.groovy:64)
	at com.kms.katalon.core.webui.keyword.internal.WebUIKeywordMain.runKeyword(WebUIKeywordMain.groovy:26)
	at com.kms.katalon.core.webui.keyword.builtin.SetEncryptedTextKeyword.setEncryptedText(SetEncryptedTextKeyword.groovy:65)
	at com.kms.katalon.core.webui.keyword.builtin.SetEncryptedTextKeyword.execute(SetEncryptedTextKeyword.groovy:34)
	at com.kms.katalon.core.keyword.internal.KeywordExecutor.executeKeywordForPlatform(KeywordExecutor.groovy:74)
	at com.kms.katalon.core.webui.keyword.WebUiBuiltInKeywords.setEncryptedText(WebUiBuiltInKeywords.groovy:1011)
	at com.kms.katalon.core.webui.keyword.WebUiBuiltInKeywords$setEncryptedText$4.call(Unknown Source)
	at FEINmismatchError.run(FEINmismatchError:143)
	at com.kms.katalon.core.main.ScriptEngine.run(ScriptEngine.java:194)
	at com.kms.katalon.core.main.ScriptEngine.runScriptAsRawText(ScriptEngine.java:119)
	at com.kms.katalon.core.main.TestCaseExecutor.runScript(TestCaseExecutor.java:448)
	at com.kms.katalon.core.main.TestCaseExecutor.doExecute(TestCaseExecutor.java:439)
	at com.kms.katalon.core.main.TestCaseExecutor.processExecutionPhase(TestCaseExecutor.java:418)
	at com.kms.katalon.core.main.TestCaseExecutor.accessMainPhase(TestCaseExecutor.java:410)
	at com.kms.katalon.core.main.TestCaseExecutor.execute(TestCaseExecutor.java:285)
	at com.kms.katalon.core.common.CommonExecutor.accessTestCaseMainPhase(CommonExecutor.java:65)
	at com.kms.katalon.core.main.TestSuiteExecutor.accessTestSuiteMainPhase(TestSuiteExecutor.java:148)
	at com.kms.katalon.core.main.TestSuiteExecutor.execute(TestSuiteExecutor.java:106)
	at com.kms.katalon.core.main.TestCaseMain.startTestSuite(TestCaseMain.java:187)
	at com.kms.katalon.core.main.TestCaseMain$startTestSuite$0.call(Unknown Source)
	at TempTestSuite1695829496928.run(TempTestSuite1695829496928.groovy:36)
Caused by: org.openqa.selenium.ElementNotInteractableException: element not interactable
  (Session info: chrome=117.0.5938.92)
Build info: version: '3.141.59', revision: 'e82be7d358', time: '2018-11-14T08:25:53'
System info: host: 'DESKTOP-B2QI6NS', ip: '172.31.253.139', os.name: 'Windows 10', os.arch: 'amd64', os.version: '10.0', java.version: '1.8.0_181'
Driver info: com.kms.katalon.selenium.driver.CChromeDriver
Capabilities {acceptInsecureCerts: true, browserName: chrome, browserVersion: 117.0.5938.92, chrome: {chromedriverVersion: 116.0.5845.96 (1a3918166880..., userDataDir: C:\Users\imtiaz\AppData\Loc...}, fedcm:accounts: true, goog:chromeOptions: {debuggerAddress: localhost:63009}, javascriptEnabled: true, networkConnectionEnabled: false, pageLoadStrategy: normal, platform: WINDOWS, platformName: WINDOWS, proxy: Proxy(), setWindowRect: true, strictFileInteractability: false, timeouts: {implicit: 0, pageLoad: 300000, script: 30000}, unhandledPromptBehavior: dismiss and notify, webauthn:extension:credBlob: true, webauthn:extension:largeBlob: true, webauthn:extension:minPinLength: true, webauthn:extension:prf: true, webauthn:virtualAuthenticators: true}
Session ID: ef3935e6567d4a9fc3d060128a958aff
	at org.openqa.selenium.remote.http.W3CHttpResponseCodec.createException(W3CHttpResponseCodec.java:187)
	at org.openqa.selenium.remote.http.W3CHttpResponseCodec.decode(W3CHttpResponseCodec.java:122)
	at org.openqa.selenium.remote.http.W3CHttpResponseCodec.decode(W3CHttpResponseCodec.java:49)
	at org.openqa.selenium.remote.HttpCommandExecutor.execute(HttpCommandExecutor.java:158)
	at org.openqa.selenium.remote.service.DriverCommandExecutor.execute(DriverCommandExecutor.java:83)
	at org.openqa.selenium.remote.RemoteWebDriver.execute(RemoteWebDriver.java:552)
	at com.kms.katalon.selenium.driver.CChromeDriver.execute(CChromeDriver.java:19)
	at org.openqa.selenium.remote.RemoteWebElement.execute(RemoteWebElement.java:285)
	at org.openqa.selenium.remote.RemoteWebElement.clear(RemoteWebElement.java:124)
	at org.openqa.selenium.support.events.EventFiringWebDriver$EventFiringWebElement.lambda$new$0(EventFiringWebDriver.java:404)
	at com.sun.proxy.$Proxy11.clear(Unknown Source)
	at org.openqa.selenium.support.events.EventFiringWebDriver$EventFiringWebElement.clear(EventFiringWebDriver.java:436)
	at com.kms.katalon.core.webui.keyword.builtin.SetEncryptedTextKeyword$_setEncryptedText_closure1.doCall(SetEncryptedTextKeyword.groovy:54)
	at com.kms.katalon.core.webui.keyword.builtin.SetEncryptedTextKeyword$_setEncryptedText_closure1.call(SetEncryptedTextKeyword.groovy)
	at com.kms.katalon.core.webui.keyword.internal.WebUIKeywordMain.runKeyword(WebUIKeywordMain.groovy:20)
	at com.kms.katalon.core.webui.keyword.builtin.SetEncryptedTextKeyword.setEncryptedText(SetEncryptedTextKeyword.groovy:65)
	at com.kms.katalon.core.webui.keyword.builtin.SetEncryptedTextKeyword.execute(SetEncryptedTextKeyword.groovy:34)
	at com.kms.katalon.core.keyword.internal.KeywordExecutor.executeKeywordForPlatform(KeywordExecutor.groovy:74)
	at com.kms.katalon.core.webui.keyword.WebUiBuiltInKeywords.setEncryptedText(WebUiBuiltInKeywords.groovy:1011)
	at com.kms.katalon.core.webui.keyword.WebUiBuiltInKeywords$setEncryptedText$4.call(Unknown Source)
	at Script1693763256792.run(Script1693763256792.groovy:143)
	... 13 more
)
[[ATTACHMENT|E:\\Cloned-Project-Katalon\\VPS-Katalon\\Reports\\20230927_114456\\RAD_TestSuite\\RAD_UI_TestSuite\\20230927_114456\\1695829639000.png]]

2023-09-27 11:47:19 - [TEST_STEP][FAILED] - setEncryptedText(findTestObject(orPath_TaxInfo + "/input_TaxInformation_RefeinSsn"), "RigbBhfdqOD+04WBHw5iKw=="): Unable to set encrypted text for object 'Object Repository/RAD_Pages/TaxInfo_Page/input_TaxInformation_RefeinSsn' (Root cause: com.kms.katalon.core.exception.StepFailedException: Unable to set encrypted text for object 'Object Repository/RAD_Pages/TaxInfo_Page/input_TaxInformation_RefeinSsn'
	at com.kms.katalon.core.webui.keyword.internal.WebUIKeywordMain.stepFailed(WebUIKeywordMain.groovy:64)
	at com.kms.katalon.core.webui.keyword.internal.WebUIKeywordMain.runKeyword(WebUIKeywordMain.groovy:26)
	at com.kms.katalon.core.webui.keyword.builtin.SetEncryptedTextKeyword.setEncryptedText(SetEncryptedTextKeyword.groovy:65)
	at com.kms.katalon.core.webui.keyword.builtin.SetEncryptedTextKeyword.execute(SetEncryptedTextKeyword.groovy:34)
	at com.kms.katalon.core.keyword.internal.KeywordExecutor.executeKeywordForPlatform(KeywordExecutor.groovy:74)
	at com.kms.katalon.core.webui.keyword.WebUiBuiltInKeywords.setEncryptedText(WebUiBuiltInKeywords.groovy:1011)
	at com.kms.katalon.core.webui.keyword.WebUiBuiltInKeywords$setEncryptedText$4.call(Unknown Source)
	at FEINmismatchError.run(FEINmismatchError:144)
	at com.kms.katalon.core.main.ScriptEngine.run(ScriptEngine.java:194)
	at com.kms.katalon.core.main.ScriptEngine.runScriptAsRawText(ScriptEngine.java:119)
	at com.kms.katalon.core.main.TestCaseExecutor.runScript(TestCaseExecutor.java:448)
	at com.kms.katalon.core.main.TestCaseExecutor.doExecute(TestCaseExecutor.java:439)
	at com.kms.katalon.core.main.TestCaseExecutor.processExecutionPhase(TestCaseExecutor.java:418)
	at com.kms.katalon.core.main.TestCaseExecutor.accessMainPhase(TestCaseExecutor.java:410)
	at com.kms.katalon.core.main.TestCaseExecutor.execute(TestCaseExecutor.java:285)
	at com.kms.katalon.core.common.CommonExecutor.accessTestCaseMainPhase(CommonExecutor.java:65)
	at com.kms.katalon.core.main.TestSuiteExecutor.accessTestSuiteMainPhase(TestSuiteExecutor.java:148)
	at com.kms.katalon.core.main.TestSuiteExecutor.execute(TestSuiteExecutor.java:106)
	at com.kms.katalon.core.main.TestCaseMain.startTestSuite(TestCaseMain.java:187)
	at com.kms.katalon.core.main.TestCaseMain$startTestSuite$0.call(Unknown Source)
	at TempTestSuite1695829496928.run(TempTestSuite1695829496928.groovy:36)
Caused by: org.openqa.selenium.ElementNotInteractableException: element not interactable
  (Session info: chrome=117.0.5938.92)
Build info: version: '3.141.59', revision: 'e82be7d358', time: '2018-11-14T08:25:53'
System info: host: 'DESKTOP-B2QI6NS', ip: '172.31.253.139', os.name: 'Windows 10', os.arch: 'amd64', os.version: '10.0', java.version: '1.8.0_181'
Driver info: com.kms.katalon.selenium.driver.CChromeDriver
Capabilities {acceptInsecureCerts: true, browserName: chrome, browserVersion: 117.0.5938.92, chrome: {chromedriverVersion: 116.0.5845.96 (1a3918166880..., userDataDir: C:\Users\imtiaz\AppData\Loc...}, fedcm:accounts: true, goog:chromeOptions: {debuggerAddress: localhost:63009}, javascriptEnabled: true, networkConnectionEnabled: false, pageLoadStrategy: normal, platform: WINDOWS, platformName: WINDOWS, proxy: Proxy(), setWindowRect: true, strictFileInteractability: false, timeouts: {implicit: 0, pageLoad: 300000, script: 30000}, unhandledPromptBehavior: dismiss and notify, webauthn:extension:credBlob: true, webauthn:extension:largeBlob: true, webauthn:extension:minPinLength: true, webauthn:extension:prf: true, webauthn:virtualAuthenticators: true}
Session ID: ef3935e6567d4a9fc3d060128a958aff
	at org.openqa.selenium.remote.http.W3CHttpResponseCodec.createException(W3CHttpResponseCodec.java:187)
	at org.openqa.selenium.remote.http.W3CHttpResponseCodec.decode(W3CHttpResponseCodec.java:122)
	at org.openqa.selenium.remote.http.W3CHttpResponseCodec.decode(W3CHttpResponseCodec.java:49)
	at org.openqa.selenium.remote.HttpCommandExecutor.execute(HttpCommandExecutor.java:158)
	at org.openqa.selenium.remote.service.DriverCommandExecutor.execute(DriverCommandExecutor.java:83)
	at org.openqa.selenium.remote.RemoteWebDriver.execute(RemoteWebDriver.java:552)
	at com.kms.katalon.selenium.driver.CChromeDriver.execute(CChromeDriver.java:19)
	at org.openqa.selenium.remote.RemoteWebElement.execute(RemoteWebElement.java:285)
	at org.openqa.selenium.remote.RemoteWebElement.clear(RemoteWebElement.java:124)
	at org.openqa.selenium.support.events.EventFiringWebDriver$EventFiringWebElement.lambda$new$0(EventFiringWebDriver.java:404)
	at com.sun.proxy.$Proxy11.clear(Unknown Source)
	at org.openqa.selenium.support.events.EventFiringWebDriver$EventFiringWebElement.clear(EventFiringWebDriver.java:436)
	at com.kms.katalon.core.webui.keyword.builtin.SetEncryptedTextKeyword$_setEncryptedText_closure1.doCall(SetEncryptedTextKeyword.groovy:54)
	at com.kms.katalon.core.webui.keyword.builtin.SetEncryptedTextKeyword$_setEncryptedText_closure1.call(SetEncryptedTextKeyword.groovy)
	at com.kms.katalon.core.webui.keyword.internal.WebUIKeywordMain.runKeyword(WebUIKeywordMain.groovy:20)
	at com.kms.katalon.core.webui.keyword.builtin.SetEncryptedTextKeyword.setEncryptedText(SetEncryptedTextKeyword.groovy:65)
	at com.kms.katalon.core.webui.keyword.builtin.SetEncryptedTextKeyword.execute(SetEncryptedTextKeyword.groovy:34)
	at com.kms.katalon.core.keyword.internal.KeywordExecutor.executeKeywordForPlatform(KeywordExecutor.groovy:74)
	at com.kms.katalon.core.webui.keyword.WebUiBuiltInKeywords.setEncryptedText(WebUiBuiltInKeywords.groovy:1011)
	at com.kms.katalon.core.webui.keyword.WebUiBuiltInKeywords$setEncryptedText$4.call(Unknown Source)
	at Script1693763256792.run(Script1693763256792.groovy:144)
	... 13 more
)

2023-09-27 11:47:19 - [MESSAGE][FAILED] - Unable to set encrypted text for object 'Object Repository/RAD_Pages/TaxInfo_Page/input_TaxInformation_RefeinSsn' (Root cause: com.kms.katalon.core.exception.StepFailedException: Unable to set encrypted text for object 'Object Repository/RAD_Pages/TaxInfo_Page/input_TaxInformation_RefeinSsn'
	at com.kms.katalon.core.webui.keyword.internal.WebUIKeywordMain.stepFailed(WebUIKeywordMain.groovy:64)
	at com.kms.katalon.core.webui.keyword.internal.WebUIKeywordMain.runKeyword(WebUIKeywordMain.groovy:26)
	at com.kms.katalon.core.webui.keyword.builtin.SetEncryptedTextKeyword.setEncryptedText(SetEncryptedTextKeyword.groovy:65)
	at com.kms.katalon.core.webui.keyword.builtin.SetEncryptedTextKeyword.execute(SetEncryptedTextKeyword.groovy:34)
	at com.kms.katalon.core.keyword.internal.KeywordExecutor.executeKeywordForPlatform(KeywordExecutor.groovy:74)
	at com.kms.katalon.core.webui.keyword.WebUiBuiltInKeywords.setEncryptedText(WebUiBuiltInKeywords.groovy:1011)
	at com.kms.katalon.core.webui.keyword.WebUiBuiltInKeywords$setEncryptedText$4.call(Unknown Source)
	at FEINmismatchError.run(FEINmismatchError:144)
	at com.kms.katalon.core.main.ScriptEngine.run(ScriptEngine.java:194)
	at com.kms.katalon.core.main.ScriptEngine.runScriptAsRawText(ScriptEngine.java:119)
	at com.kms.katalon.core.main.TestCaseExecutor.runScript(TestCaseExecutor.java:448)
	at com.kms.katalon.core.main.TestCaseExecutor.doExecute(TestCaseExecutor.java:439)
	at com.kms.katalon.core.main.TestCaseExecutor.processExecutionPhase(TestCaseExecutor.java:418)
	at com.kms.katalon.core.main.TestCaseExecutor.accessMainPhase(TestCaseExecutor.java:410)
	at com.kms.katalon.core.main.TestCaseExecutor.execute(TestCaseExecutor.java:285)
	at com.kms.katalon.core.common.CommonExecutor.accessTestCaseMainPhase(CommonExecutor.java:65)
	at com.kms.katalon.core.main.TestSuiteExecutor.accessTestSuiteMainPhase(TestSuiteExecutor.java:148)
	at com.kms.katalon.core.main.TestSuiteExecutor.execute(TestSuiteExecutor.java:106)
	at com.kms.katalon.core.main.TestCaseMain.startTestSuite(TestCaseMain.java:187)
	at com.kms.katalon.core.main.TestCaseMain$startTestSuite$0.call(Unknown Source)
	at TempTestSuite1695829496928.run(TempTestSuite1695829496928.groovy:36)
Caused by: org.openqa.selenium.ElementNotInteractableException: element not interactable
  (Session info: chrome=117.0.5938.92)
Build info: version: '3.141.59', revision: 'e82be7d358', time: '2018-11-14T08:25:53'
System info: host: 'DESKTOP-B2QI6NS', ip: '172.31.253.139', os.name: 'Windows 10', os.arch: 'amd64', os.version: '10.0', java.version: '1.8.0_181'
Driver info: com.kms.katalon.selenium.driver.CChromeDriver
Capabilities {acceptInsecureCerts: true, browserName: chrome, browserVersion: 117.0.5938.92, chrome: {chromedriverVersion: 116.0.5845.96 (1a3918166880..., userDataDir: C:\Users\imtiaz\AppData\Loc...}, fedcm:accounts: true, goog:chromeOptions: {debuggerAddress: localhost:63009}, javascriptEnabled: true, networkConnectionEnabled: false, pageLoadStrategy: normal, platform: WINDOWS, platformName: WINDOWS, proxy: Proxy(), setWindowRect: true, strictFileInteractability: false, timeouts: {implicit: 0, pageLoad: 300000, script: 30000}, unhandledPromptBehavior: dismiss and notify, webauthn:extension:credBlob: true, webauthn:extension:largeBlob: true, webauthn:extension:minPinLength: true, webauthn:extension:prf: true, webauthn:virtualAuthenticators: true}
Session ID: ef3935e6567d4a9fc3d060128a958aff
	at org.openqa.selenium.remote.http.W3CHttpResponseCodec.createException(W3CHttpResponseCodec.java:187)
	at org.openqa.selenium.remote.http.W3CHttpResponseCodec.decode(W3CHttpResponseCodec.java:122)
	at org.openqa.selenium.remote.http.W3CHttpResponseCodec.decode(W3CHttpResponseCodec.java:49)
	at org.openqa.selenium.remote.HttpCommandExecutor.execute(HttpCommandExecutor.java:158)
	at org.openqa.selenium.remote.service.DriverCommandExecutor.execute(DriverCommandExecutor.java:83)
	at org.openqa.selenium.remote.RemoteWebDriver.execute(RemoteWebDriver.java:552)
	at com.kms.katalon.selenium.driver.CChromeDriver.execute(CChromeDriver.java:19)
	at org.openqa.selenium.remote.RemoteWebElement.execute(RemoteWebElement.java:285)
	at org.openqa.selenium.remote.RemoteWebElement.clear(RemoteWebElement.java:124)
	at org.openqa.selenium.support.events.EventFiringWebDriver$EventFiringWebElement.lambda$new$0(EventFiringWebDriver.java:404)
	at com.sun.proxy.$Proxy11.clear(Unknown Source)
	at org.openqa.selenium.support.events.EventFiringWebDriver$EventFiringWebElement.clear(EventFiringWebDriver.java:436)
	at com.kms.katalon.core.webui.keyword.builtin.SetEncryptedTextKeyword$_setEncryptedText_closure1.doCall(SetEncryptedTextKeyword.groovy:54)
	at com.kms.katalon.core.webui.keyword.builtin.SetEncryptedTextKeyword$_setEncryptedText_closure1.call(SetEncryptedTextKeyword.groovy)
	at com.kms.katalon.core.webui.keyword.internal.WebUIKeywordMain.runKeyword(WebUIKeywordMain.groovy:20)
	at com.kms.katalon.core.webui.keyword.builtin.SetEncryptedTextKeyword.setEncryptedText(SetEncryptedTextKeyword.groovy:65)
	at com.kms.katalon.core.webui.keyword.builtin.SetEncryptedTextKeyword.execute(SetEncryptedTextKeyword.groovy:34)
	at com.kms.katalon.core.keyword.internal.KeywordExecutor.executeKeywordForPlatform(KeywordExecutor.groovy:74)
	at com.kms.katalon.core.webui.keyword.WebUiBuiltInKeywords.setEncryptedText(WebUiBuiltInKeywords.groovy:1011)
	at com.kms.katalon.core.webui.keyword.WebUiBuiltInKeywords$setEncryptedText$4.call(Unknown Source)
	at Script1693763256792.run(Script1693763256792.groovy:144)
	... 13 more
)
[[ATTACHMENT|E:\\Cloned-Project-Katalon\\VPS-Katalon\\Reports\\20230927_114456\\RAD_TestSuite\\RAD_UI_TestSuite\\20230927_114456\\1695829639621.png]]

2023-09-27 11:47:19 - [TEST_STEP][PASSED] - break: null

2023-09-27 11:47:19 - [TEST_STEP][PASSED] - setText(findTestObject(orPath_Amount + "/input__paymentAmount"), ""): Text '' is set on object 'Object Repository/RAD_Pages/PaymentAmount_Page/input__paymentAmount'

2023-09-27 11:47:20 - [MESSAGE][PASSED] - Text '' is set on object 'Object Repository/RAD_Pages/PaymentAmount_Page/input__paymentAmount'

2023-09-27 11:47:20 - [TEST_STEP][FAILED] - verifyTextPresent("The FEIN and Re-type FEIN do not match", true): Text 'The FEIN and Re-type FEIN do not match' is not present on page  using regular expression (Root cause: com.kms.katalon.core.exception.StepFailedException: Text 'The FEIN and Re-type FEIN do not match' is not present on page  using regular expression
	at com.kms.katalon.core.webui.keyword.internal.WebUIKeywordMain.stepFailed(WebUIKeywordMain.groovy:64)
	at com.kms.katalon.core.webui.keyword.builtin.VerifyTextPresentKeyword$_verifyTextPresent_closure1.doCall(VerifyTextPresentKeyword.groovy:79)
	at com.kms.katalon.core.webui.keyword.builtin.VerifyTextPresentKeyword$_verifyTextPresent_closure1.call(VerifyTextPresentKeyword.groovy)
	at com.kms.katalon.core.webui.keyword.internal.WebUIKeywordMain.runKeyword(WebUIKeywordMain.groovy:20)
	at com.kms.katalon.core.webui.keyword.builtin.VerifyTextPresentKeyword.verifyTextPresent(VerifyTextPresentKeyword.groovy:83)
	at com.kms.katalon.core.webui.keyword.builtin.VerifyTextPresentKeyword.execute(VerifyTextPresentKeyword.groovy:68)
	at com.kms.katalon.core.keyword.internal.KeywordExecutor.executeKeywordForPlatform(KeywordExecutor.groovy:74)
	at com.kms.katalon.core.webui.keyword.WebUiBuiltInKeywords.verifyTextPresent(WebUiBuiltInKeywords.groovy:1723)
	at com.kms.katalon.core.webui.keyword.WebUiBuiltInKeywords$verifyTextPresent$6.call(Unknown Source)
	at FEINmismatchError.run(FEINmismatchError:212)
	at com.kms.katalon.core.main.ScriptEngine.run(ScriptEngine.java:194)
	at com.kms.katalon.core.main.ScriptEngine.runScriptAsRawText(ScriptEngine.java:119)
	at com.kms.katalon.core.main.TestCaseExecutor.runScript(TestCaseExecutor.java:448)
	at com.kms.katalon.core.main.TestCaseExecutor.doExecute(TestCaseExecutor.java:439)
	at com.kms.katalon.core.main.TestCaseExecutor.processExecutionPhase(TestCaseExecutor.java:418)
	at com.kms.katalon.core.main.TestCaseExecutor.accessMainPhase(TestCaseExecutor.java:410)
	at com.kms.katalon.core.main.TestCaseExecutor.execute(TestCaseExecutor.java:285)
	at com.kms.katalon.core.common.CommonExecutor.accessTestCaseMainPhase(CommonExecutor.java:65)
	at com.kms.katalon.core.main.TestSuiteExecutor.accessTestSuiteMainPhase(TestSuiteExecutor.java:148)
	at com.kms.katalon.core.main.TestSuiteExecutor.execute(TestSuiteExecutor.java:106)
	at com.kms.katalon.core.main.TestCaseMain.startTestSuite(TestCaseMain.java:187)
	at com.kms.katalon.core.main.TestCaseMain$startTestSuite$0.call(Unknown Source)
	at TempTestSuite1695829496928.run(TempTestSuite1695829496928.groovy:36)
)

2023-09-27 11:47:21 - [MESSAGE][FAILED] - Text 'The FEIN and Re-type FEIN do not match' is not present on page  using regular expression (Root cause: com.kms.katalon.core.exception.StepFailedException: Text 'The FEIN and Re-type FEIN do not match' is not present on page  using regular expression
	at com.kms.katalon.core.webui.keyword.internal.WebUIKeywordMain.stepFailed(WebUIKeywordMain.groovy:64)
	at com.kms.katalon.core.webui.keyword.builtin.VerifyTextPresentKeyword$_verifyTextPresent_closure1.doCall(VerifyTextPresentKeyword.groovy:79)
	at com.kms.katalon.core.webui.keyword.builtin.VerifyTextPresentKeyword$_verifyTextPresent_closure1.call(VerifyTextPresentKeyword.groovy)
	at com.kms.katalon.core.webui.keyword.internal.WebUIKeywordMain.runKeyword(WebUIKeywordMain.groovy:20)
	at com.kms.katalon.core.webui.keyword.builtin.VerifyTextPresentKeyword.verifyTextPresent(VerifyTextPresentKeyword.groovy:83)
	at com.kms.katalon.core.webui.keyword.builtin.VerifyTextPresentKeyword.execute(VerifyTextPresentKeyword.groovy:68)
	at com.kms.katalon.core.keyword.internal.KeywordExecutor.executeKeywordForPlatform(KeywordExecutor.groovy:74)
	at com.kms.katalon.core.webui.keyword.WebUiBuiltInKeywords.verifyTextPresent(WebUiBuiltInKeywords.groovy:1723)
	at com.kms.katalon.core.webui.keyword.WebUiBuiltInKeywords$verifyTextPresent$6.call(Unknown Source)
	at FEINmismatchError.run(FEINmismatchError:212)
	at com.kms.katalon.core.main.ScriptEngine.run(ScriptEngine.java:194)
	at com.kms.katalon.core.main.ScriptEngine.runScriptAsRawText(ScriptEngine.java:119)
	at com.kms.katalon.core.main.TestCaseExecutor.runScript(TestCaseExecutor.java:448)
	at com.kms.katalon.core.main.TestCaseExecutor.doExecute(TestCaseExecutor.java:439)
	at com.kms.katalon.core.main.TestCaseExecutor.processExecutionPhase(TestCaseExecutor.java:418)
	at com.kms.katalon.core.main.TestCaseExecutor.accessMainPhase(TestCaseExecutor.java:410)
	at com.kms.katalon.core.main.TestCaseExecutor.execute(TestCaseExecutor.java:285)
	at com.kms.katalon.core.common.CommonExecutor.accessTestCaseMainPhase(CommonExecutor.java:65)
	at com.kms.katalon.core.main.TestSuiteExecutor.accessTestSuiteMainPhase(TestSuiteExecutor.java:148)
	at com.kms.katalon.core.main.TestSuiteExecutor.execute(TestSuiteExecutor.java:106)
	at com.kms.katalon.core.main.TestCaseMain.startTestSuite(TestCaseMain.java:187)
	at com.kms.katalon.core.main.TestCaseMain$startTestSuite$0.call(Unknown Source)
	at TempTestSuite1695829496928.run(TempTestSuite1695829496928.groovy:36)
)

2023-09-27 11:47:21 - [TEST_STEP][FAILED] - if (verifyTextPresent("The FEIN and Re-type FEIN do not match", true)): Text 'The FEIN and Re-type FEIN do not match' is not present on page  using regular expression (Root cause: com.kms.katalon.core.exception.StepFailedException: Text 'The FEIN and Re-type FEIN do not match' is not present on page  using regular expression
	at com.kms.katalon.core.webui.keyword.internal.WebUIKeywordMain.stepFailed(WebUIKeywordMain.groovy:64)
	at com.kms.katalon.core.webui.keyword.builtin.VerifyTextPresentKeyword$_verifyTextPresent_closure1.doCall(VerifyTextPresentKeyword.groovy:79)
	at com.kms.katalon.core.webui.keyword.builtin.VerifyTextPresentKeyword$_verifyTextPresent_closure1.call(VerifyTextPresentKeyword.groovy)
	at com.kms.katalon.core.webui.keyword.internal.WebUIKeywordMain.runKeyword(WebUIKeywordMain.groovy:20)
	at com.kms.katalon.core.webui.keyword.builtin.VerifyTextPresentKeyword.verifyTextPresent(VerifyTextPresentKeyword.groovy:83)
	at com.kms.katalon.core.webui.keyword.builtin.VerifyTextPresentKeyword.execute(VerifyTextPresentKeyword.groovy:68)
	at com.kms.katalon.core.keyword.internal.KeywordExecutor.executeKeywordForPlatform(KeywordExecutor.groovy:74)
	at com.kms.katalon.core.webui.keyword.WebUiBuiltInKeywords.verifyTextPresent(WebUiBuiltInKeywords.groovy:1723)
	at com.kms.katalon.core.webui.keyword.WebUiBuiltInKeywords$verifyTextPresent$6.call(Unknown Source)
	at FEINmismatchError.run(FEINmismatchError:214)
	at com.kms.katalon.core.main.ScriptEngine.run(ScriptEngine.java:194)
	at com.kms.katalon.core.main.ScriptEngine.runScriptAsRawText(ScriptEngine.java:119)
	at com.kms.katalon.core.main.TestCaseExecutor.runScript(TestCaseExecutor.java:448)
	at com.kms.katalon.core.main.TestCaseExecutor.doExecute(TestCaseExecutor.java:439)
	at com.kms.katalon.core.main.TestCaseExecutor.processExecutionPhase(TestCaseExecutor.java:418)
	at com.kms.katalon.core.main.TestCaseExecutor.accessMainPhase(TestCaseExecutor.java:410)
	at com.kms.katalon.core.main.TestCaseExecutor.execute(TestCaseExecutor.java:285)
	at com.kms.katalon.core.common.CommonExecutor.accessTestCaseMainPhase(CommonExecutor.java:65)
	at com.kms.katalon.core.main.TestSuiteExecutor.accessTestSuiteMainPhase(TestSuiteExecutor.java:148)
	at com.kms.katalon.core.main.TestSuiteExecutor.execute(TestSuiteExecutor.java:106)
	at com.kms.katalon.core.main.TestCaseMain.startTestSuite(TestCaseMain.java:187)
	at com.kms.katalon.core.main.TestCaseMain$startTestSuite$0.call(Unknown Source)
	at TempTestSuite1695829496928.run(TempTestSuite1695829496928.groovy:36)
)

2023-09-27 11:47:22 - [MESSAGE][FAILED] - Text 'The FEIN and Re-type FEIN do not match' is not present on page  using regular expression (Root cause: com.kms.katalon.core.exception.StepFailedException: Text 'The FEIN and Re-type FEIN do not match' is not present on page  using regular expression
	at com.kms.katalon.core.webui.keyword.internal.WebUIKeywordMain.stepFailed(WebUIKeywordMain.groovy:64)
	at com.kms.katalon.core.webui.keyword.builtin.VerifyTextPresentKeyword$_verifyTextPresent_closure1.doCall(VerifyTextPresentKeyword.groovy:79)
	at com.kms.katalon.core.webui.keyword.builtin.VerifyTextPresentKeyword$_verifyTextPresent_closure1.call(VerifyTextPresentKeyword.groovy)
	at com.kms.katalon.core.webui.keyword.internal.WebUIKeywordMain.runKeyword(WebUIKeywordMain.groovy:20)
	at com.kms.katalon.core.webui.keyword.builtin.VerifyTextPresentKeyword.verifyTextPresent(VerifyTextPresentKeyword.groovy:83)
	at com.kms.katalon.core.webui.keyword.builtin.VerifyTextPresentKeyword.execute(VerifyTextPresentKeyword.groovy:68)
	at com.kms.katalon.core.keyword.internal.KeywordExecutor.executeKeywordForPlatform(KeywordExecutor.groovy:74)
	at com.kms.katalon.core.webui.keyword.WebUiBuiltInKeywords.verifyTextPresent(WebUiBuiltInKeywords.groovy:1723)
	at com.kms.katalon.core.webui.keyword.WebUiBuiltInKeywords$verifyTextPresent$6.call(Unknown Source)
	at FEINmismatchError.run(FEINmismatchError:214)
	at com.kms.katalon.core.main.ScriptEngine.run(ScriptEngine.java:194)
	at com.kms.katalon.core.main.ScriptEngine.runScriptAsRawText(ScriptEngine.java:119)
	at com.kms.katalon.core.main.TestCaseExecutor.runScript(TestCaseExecutor.java:448)
	at com.kms.katalon.core.main.TestCaseExecutor.doExecute(TestCaseExecutor.java:439)
	at com.kms.katalon.core.main.TestCaseExecutor.processExecutionPhase(TestCaseExecutor.java:418)
	at com.kms.katalon.core.main.TestCaseExecutor.accessMainPhase(TestCaseExecutor.java:410)
	at com.kms.katalon.core.main.TestCaseExecutor.execute(TestCaseExecutor.java:285)
	at com.kms.katalon.core.common.CommonExecutor.accessTestCaseMainPhase(CommonExecutor.java:65)
	at com.kms.katalon.core.main.TestSuiteExecutor.accessTestSuiteMainPhase(TestSuiteExecutor.java:148)
	at com.kms.katalon.core.main.TestSuiteExecutor.execute(TestSuiteExecutor.java:106)
	at com.kms.katalon.core.main.TestCaseMain.startTestSuite(TestCaseMain.java:187)
	at com.kms.katalon.core.main.TestCaseMain$startTestSuite$0.call(Unknown Source)
	at TempTestSuite1695829496928.run(TempTestSuite1695829496928.groovy:36)
)

2023-09-27 11:47:22 - [TEST_STEP][PASSED] - else: pages.WriteExcel.demoKey is PASSED

2023-09-27 11:47:22 - [TEST_STEP][PASSED] - println("Error Message is NOT present on the page"): null

2023-09-27 11:47:22 - [TEST_STEP][PASSED] - out.println("Fail Record Number: " + row): null

2023-09-27 11:47:22 - [TEST_STEP][PASSED] - resText = "Fail": null

2023-09-27 11:47:22 - [TEST_STEP][PASSED] - pages.WriteExcel.demoKey(resText, datText, resColumn, datCloumn, fileLoc, nameSheet, row): pages.WriteExcel.demoKey is PASSED

2023-09-27 11:47:22 - [MESSAGE][PASSED] - pages.WriteExcel.demoKey is PASSED

2023-09-27 11:47:22 - [TEST_STEP][PASSED] - ExecuteTC = findTestData(dataFile).getValue("Execute", row): null

2023-09-27 11:47:22 - [TEST_STEP][PASSED] - Taxtype = findTestData(dataFile).getValue("TaxType", row): null

2023-09-27 11:47:22 - [TEST_STEP][PASSED] - Paymenttype = findTestData(dataFile).getValue("PaymentType", row): null

2023-09-27 11:47:22 - [TEST_STEP][PASSED] - feinSSN = findTestData(dataFile).getValue("FeinSsn", row): null

2023-09-27 11:47:22 - [TEST_STEP][PASSED] - out.println("Value of Execute is : " + ExecuteTC): null

2023-09-27 11:47:22 - [TEST_STEP][PASSED] - if (ExecuteTC.equalsIgnoreCase("Y")): null

2023-09-27 11:47:22 - [TEST_STEP][PASSED] - out.println("Begin Record Number: " + row): null

2023-09-27 11:47:22 - [TEST_STEP][PASSED] - today = new java.util.Date(): null

2023-09-27 11:47:22 - [TEST_STEP][PASSED] - println(today): null

2023-09-27 11:47:22 - [TEST_STEP][PASSED] - datText = today: null

2023-09-27 11:47:22 - [TEST_STEP][PASSED] - Taxtype = findTestData(dataFile).getValue("TaxType", row): null

2023-09-27 11:47:22 - [TEST_STEP][PASSED] - out.println("Taxtype value is : " + Taxtype): null

2023-09-27 11:47:22 - [TEST_STEP][PASSED] - openBrowser(""): Browser is opened with url: ''

2023-09-27 11:47:22 - [MESSAGE][WARNING] - A browser is already opened. Closing browser and opening a new one

2023-09-27 11:47:23 - [MESSAGE][INFO] - Starting 'Chrome' driver

2023-09-27 11:47:23 - [MESSAGE][INFO] - User set preference: ['acceptInsecureCerts', 'true']

2023-09-27 11:47:23 - [MESSAGE][INFO] - Action delay is set to 0 milliseconds

2023-09-27 11:47:25 - [MESSAGE][PASSED] - Browser is opened with url: ''

2023-09-27 11:47:25 - [TEST_STEP][PASSED] - maximizeWindow(): Current window maximized

2023-09-27 11:47:25 - [MESSAGE][PASSED] - Current window maximized

2023-09-27 11:47:25 - [TEST_STEP][PASSED] - navigateToUrl(RADurl): Navigate to 'https://qa2.velocitypayment.com/client/rad/index.html' successfully

2023-09-27 11:47:27 - [MESSAGE][PASSED] - Navigate to 'https://qa2.velocitypayment.com/client/rad/index.html' successfully

2023-09-27 11:47:27 - [TEST_STEP][PASSED] - orPath_Landing = "Object Repository/RAD_Pages/Landing_Page": null

2023-09-27 11:47:27 - [TEST_STEP][PASSED] - orPath_TaxTypeFilingYear = "Object Repository/RAD_Pages/TaxTypeFilingYear_Page": null

2023-09-27 11:47:27 - [TEST_STEP][PASSED] - orPath_TaxPayer = "Object Repository/RAD_Pages/Taxpayer_Page": null

2023-09-27 11:47:27 - [TEST_STEP][PASSED] - orPath_AddressContact = "Object Repository/RAD_Pages/AddressAndContactInfo_Page": null

2023-09-27 11:47:27 - [TEST_STEP][PASSED] - orPath_FilingStatus = "Object Repository/RAD_Pages/FilingStatus_Page": null

2023-09-27 11:47:27 - [TEST_STEP][PASSED] - orPath_Amount = "Object Repository/RAD_Pages/PaymentAmount_Page": null

2023-09-27 11:47:27 - [TEST_STEP][PASSED] - orPath_TaxInfo = "Object Repository/RAD_Pages/TaxInfo_Page": null

2023-09-27 11:47:27 - [TEST_STEP][PASSED] - orPath_Withholding = "Object Repository/RAD_Pages/Withholding_Page": null

2023-09-27 11:47:27 - [TEST_STEP][PASSED] - orPath_Summary = "Object Repository/RAD_Pages/Summary_Page": null

2023-09-27 11:47:27 - [TEST_STEP][PASSED] - orPath_PaymentReady = "Object Repository/RAD_Pages/PaymentReady_Page": null

2023-09-27 11:47:27 - [TEST_STEP][PASSED] - orPath_PaymentEntry = "Object Repository/RAD_Pages/PaymentEntry_Page": null

2023-09-27 11:47:27 - [TEST_STEP][PASSED] - orPath_PaymentConfirmation = "Object Repository/RAD_Pages/PaymentConfirmation_Page": null

2023-09-27 11:47:27 - [TEST_STEP][PASSED] - orPath_ServiceFeesAccept = "Object Repository/RAD_Pages/ServiceFeeAccept_Page": null

2023-09-27 11:47:27 - [TEST_STEP][PASSED] - selectOptionByLabel(findTestObject(orPath_Landing + "/dd_TaxType"), Paymenttype, false): All options with label 'Quarterly Estimated Tax' are selected in object 'Object Repository/RAD_Pages/Landing_Page/dd_TaxType' 

2023-09-27 11:47:27 - [MESSAGE][PASSED] - All options with label 'Quarterly Estimated Tax' are selected in object 'Object Repository/RAD_Pages/Landing_Page/dd_TaxType' 

2023-09-27 11:47:27 - [TEST_STEP][PASSED] - delay(1): Delayed 1 second(s)

2023-09-27 11:47:28 - [MESSAGE][PASSED] - Delayed 1 second(s)

2023-09-27 11:47:28 - [TEST_STEP][PASSED] - switch (Paymenttype): null

2023-09-27 11:47:28 - [TEST_STEP][PASSED] - case "Quarterly Estimated Tax":: null

2023-09-27 11:47:28 - [TEST_STEP][PASSED] - selectOptionByLabel(findTestObject(orPath_TaxTypeFilingYear + "/select_PaymentType"), Taxtype, false): All options with label 'Corporate Income Tax' are selected in object 'Object Repository/RAD_Pages/TaxTypeFilingYear_Page/select_PaymentType' 

2023-09-27 11:47:29 - [MESSAGE][PASSED] - All options with label 'Corporate Income Tax' are selected in object 'Object Repository/RAD_Pages/TaxTypeFilingYear_Page/select_PaymentType' 

2023-09-27 11:47:29 - [TEST_STEP][PASSED] - break: null

2023-09-27 11:47:29 - [TEST_STEP][PASSED] - delay(1): Delayed 1 second(s)

2023-09-27 11:47:30 - [MESSAGE][PASSED] - Delayed 1 second(s)

2023-09-27 11:47:30 - [TEST_STEP][PASSED] - scrollToElement(findTestObject(orPath_Amount + "/input__paymentAmount"), 2, CONTINUE_ON_FAILURE): Scroll to object 'Object Repository/RAD_Pages/PaymentAmount_Page/input__paymentAmount' successfully

2023-09-27 11:47:30 - [MESSAGE][PASSED] - Scroll to object 'Object Repository/RAD_Pages/PaymentAmount_Page/input__paymentAmount' successfully

2023-09-27 11:47:30 - [TEST_STEP][PASSED] - switch (Paymenttype): null

2023-09-27 11:47:30 - [TEST_STEP][PASSED] - case "Quarterly Estimated Tax":: null

2023-09-27 11:47:30 - [TEST_STEP][PASSED] - if (feinSSN.equalsIgnoreCase("Y")): null

2023-09-27 11:47:30 - [TEST_STEP][PASSED] - else: Text ****** has been set on object 'Object Repository/RAD_Pages/TaxInfo_Page/input_FederalEIN_ReEnter'

2023-09-27 11:47:30 - [TEST_STEP][PASSED] - setEncryptedText(findTestObject(orPath_TaxInfo + "/input_FederalEIN"), "RigbBhfdqODKcAsiUrg+1Q=="): Text ****** has been set on object 'Object Repository/RAD_Pages/TaxInfo_Page/input_FederalEIN'

2023-09-27 11:47:32 - [MESSAGE][PASSED] - Text ****** has been set on object 'Object Repository/RAD_Pages/TaxInfo_Page/input_FederalEIN'

2023-09-27 11:47:32 - [TEST_STEP][PASSED] - setEncryptedText(findTestObject(orPath_TaxInfo + "/input_FederalEIN_ReEnter"), "RigbBhfdqOBBGbZqm4oFJQ=="): Text ****** has been set on object 'Object Repository/RAD_Pages/TaxInfo_Page/input_FederalEIN_ReEnter'

2023-09-27 11:47:33 - [MESSAGE][PASSED] - Text ****** has been set on object 'Object Repository/RAD_Pages/TaxInfo_Page/input_FederalEIN_ReEnter'

2023-09-27 11:47:33 - [TEST_STEP][PASSED] - break: null

2023-09-27 11:47:33 - [TEST_STEP][PASSED] - setText(findTestObject(orPath_Amount + "/input__paymentAmount"), ""): Text '' is set on object 'Object Repository/RAD_Pages/PaymentAmount_Page/input__paymentAmount'

2023-09-27 11:47:33 - [MESSAGE][PASSED] - Text '' is set on object 'Object Repository/RAD_Pages/PaymentAmount_Page/input__paymentAmount'

2023-09-27 11:47:33 - [TEST_STEP][PASSED] - verifyTextPresent("The FEIN and Re-type FEIN do not match", true): Text 'The FEIN and Re-type FEIN do not match' is present on page  using regular expression

2023-09-27 11:47:34 - [MESSAGE][PASSED] - Text 'The FEIN and Re-type FEIN do not match' is present on page  using regular expression

2023-09-27 11:47:34 - [TEST_STEP][PASSED] - if (verifyTextPresent("The FEIN and Re-type FEIN do not match", true)): null

2023-09-27 11:47:35 - [MESSAGE][PASSED] - Text 'The FEIN and Re-type FEIN do not match' is present on page  using regular expression

2023-09-27 11:47:35 - [TEST_STEP][PASSED] - println("Error Message is present on the page"): null

2023-09-27 11:47:35 - [TEST_STEP][PASSED] - out.println("Pass Record Number: " + row): null

2023-09-27 11:47:35 - [TEST_STEP][PASSED] - resText = "Pass": null

2023-09-27 11:47:35 - [TEST_STEP][PASSED] - pages.WriteExcel.demoKey(resText, datText, resColumn, datCloumn, fileLoc, nameSheet, row): pages.WriteExcel.demoKey is PASSED

2023-09-27 11:47:35 - [MESSAGE][PASSED] - pages.WriteExcel.demoKey is PASSED

2023-09-27 11:47:35 - [TEST_STEP][PASSED] - ExecuteTC = findTestData(dataFile).getValue("Execute", row): null

2023-09-27 11:47:35 - [TEST_STEP][PASSED] - Taxtype = findTestData(dataFile).getValue("TaxType", row): null

2023-09-27 11:47:35 - [TEST_STEP][PASSED] - Paymenttype = findTestData(dataFile).getValue("PaymentType", row): null

2023-09-27 11:47:35 - [TEST_STEP][PASSED] - feinSSN = findTestData(dataFile).getValue("FeinSsn", row): null

2023-09-27 11:47:35 - [TEST_STEP][PASSED] - out.println("Value of Execute is : " + ExecuteTC): null

2023-09-27 11:47:35 - [TEST_STEP][PASSED] - if (ExecuteTC.equalsIgnoreCase("Y")): null

2023-09-27 11:47:35 - [TEST_STEP][PASSED] - out.println("Begin Record Number: " + row): null

2023-09-27 11:47:35 - [TEST_STEP][PASSED] - today = new java.util.Date(): null

2023-09-27 11:47:35 - [TEST_STEP][PASSED] - println(today): null

2023-09-27 11:47:35 - [TEST_STEP][PASSED] - datText = today: null

2023-09-27 11:47:35 - [TEST_STEP][PASSED] - Taxtype = findTestData(dataFile).getValue("TaxType", row): null

2023-09-27 11:47:35 - [TEST_STEP][PASSED] - out.println("Taxtype value is : " + Taxtype): null

2023-09-27 11:47:35 - [TEST_STEP][PASSED] - openBrowser(""): Browser is opened with url: ''

2023-09-27 11:47:35 - [MESSAGE][WARNING] - A browser is already opened. Closing browser and opening a new one

2023-09-27 11:47:36 - [MESSAGE][INFO] - Starting 'Chrome' driver

2023-09-27 11:47:36 - [MESSAGE][INFO] - User set preference: ['acceptInsecureCerts', 'true']

2023-09-27 11:47:36 - [MESSAGE][INFO] - Action delay is set to 0 milliseconds

2023-09-27 11:47:38 - [MESSAGE][PASSED] - Browser is opened with url: ''

2023-09-27 11:47:38 - [TEST_STEP][PASSED] - maximizeWindow(): Current window maximized

2023-09-27 11:47:38 - [MESSAGE][PASSED] - Current window maximized

2023-09-27 11:47:38 - [TEST_STEP][PASSED] - navigateToUrl(RADurl): Navigate to 'https://qa2.velocitypayment.com/client/rad/index.html' successfully

2023-09-27 11:47:40 - [MESSAGE][PASSED] - Navigate to 'https://qa2.velocitypayment.com/client/rad/index.html' successfully

2023-09-27 11:47:40 - [TEST_STEP][PASSED] - orPath_Landing = "Object Repository/RAD_Pages/Landing_Page": null

2023-09-27 11:47:40 - [TEST_STEP][PASSED] - orPath_TaxTypeFilingYear = "Object Repository/RAD_Pages/TaxTypeFilingYear_Page": null

2023-09-27 11:47:40 - [TEST_STEP][PASSED] - orPath_TaxPayer = "Object Repository/RAD_Pages/Taxpayer_Page": null

2023-09-27 11:47:40 - [TEST_STEP][PASSED] - orPath_AddressContact = "Object Repository/RAD_Pages/AddressAndContactInfo_Page": null

2023-09-27 11:47:40 - [TEST_STEP][PASSED] - orPath_FilingStatus = "Object Repository/RAD_Pages/FilingStatus_Page": null

2023-09-27 11:47:40 - [TEST_STEP][PASSED] - orPath_Amount = "Object Repository/RAD_Pages/PaymentAmount_Page": null

2023-09-27 11:47:40 - [TEST_STEP][PASSED] - orPath_TaxInfo = "Object Repository/RAD_Pages/TaxInfo_Page": null

2023-09-27 11:47:40 - [TEST_STEP][PASSED] - orPath_Withholding = "Object Repository/RAD_Pages/Withholding_Page": null

2023-09-27 11:47:40 - [TEST_STEP][PASSED] - orPath_Summary = "Object Repository/RAD_Pages/Summary_Page": null

2023-09-27 11:47:40 - [TEST_STEP][PASSED] - orPath_PaymentReady = "Object Repository/RAD_Pages/PaymentReady_Page": null

2023-09-27 11:47:40 - [TEST_STEP][PASSED] - orPath_PaymentEntry = "Object Repository/RAD_Pages/PaymentEntry_Page": null

2023-09-27 11:47:40 - [TEST_STEP][PASSED] - orPath_PaymentConfirmation = "Object Repository/RAD_Pages/PaymentConfirmation_Page": null

2023-09-27 11:47:40 - [TEST_STEP][PASSED] - orPath_ServiceFeesAccept = "Object Repository/RAD_Pages/ServiceFeeAccept_Page": null

2023-09-27 11:47:40 - [TEST_STEP][PASSED] - selectOptionByLabel(findTestObject(orPath_Landing + "/dd_TaxType"), Paymenttype, false): All options with label 'Quarterly Estimated Tax' are selected in object 'Object Repository/RAD_Pages/Landing_Page/dd_TaxType' 

2023-09-27 11:47:40 - [MESSAGE][PASSED] - All options with label 'Quarterly Estimated Tax' are selected in object 'Object Repository/RAD_Pages/Landing_Page/dd_TaxType' 

2023-09-27 11:47:40 - [TEST_STEP][PASSED] - delay(1): Delayed 1 second(s)

2023-09-27 11:47:41 - [MESSAGE][PASSED] - Delayed 1 second(s)

2023-09-27 11:47:41 - [TEST_STEP][PASSED] - switch (Paymenttype): null

2023-09-27 11:47:41 - [TEST_STEP][PASSED] - case "Quarterly Estimated Tax":: null

2023-09-27 11:47:41 - [TEST_STEP][PASSED] - selectOptionByLabel(findTestObject(orPath_TaxTypeFilingYear + "/select_PaymentType"), Taxtype, false): All options with label 'Fiduciary Tax' are selected in object 'Object Repository/RAD_Pages/TaxTypeFilingYear_Page/select_PaymentType' 

2023-09-27 11:47:42 - [MESSAGE][PASSED] - All options with label 'Fiduciary Tax' are selected in object 'Object Repository/RAD_Pages/TaxTypeFilingYear_Page/select_PaymentType' 

2023-09-27 11:47:42 - [TEST_STEP][PASSED] - break: null

2023-09-27 11:47:42 - [TEST_STEP][PASSED] - delay(1): Delayed 1 second(s)

2023-09-27 11:47:43 - [MESSAGE][PASSED] - Delayed 1 second(s)

2023-09-27 11:47:43 - [TEST_STEP][PASSED] - scrollToElement(findTestObject(orPath_Amount + "/input__paymentAmount"), 2, CONTINUE_ON_FAILURE): Scroll to object 'Object Repository/RAD_Pages/PaymentAmount_Page/input__paymentAmount' successfully

2023-09-27 11:47:43 - [MESSAGE][PASSED] - Scroll to object 'Object Repository/RAD_Pages/PaymentAmount_Page/input__paymentAmount' successfully

2023-09-27 11:47:43 - [TEST_STEP][PASSED] - switch (Paymenttype): null

2023-09-27 11:47:43 - [TEST_STEP][PASSED] - case "Quarterly Estimated Tax":: null

2023-09-27 11:47:43 - [TEST_STEP][PASSED] - if (feinSSN.equalsIgnoreCase("Y")): null

2023-09-27 11:47:43 - [TEST_STEP][PASSED] - else: Text ****** has been set on object 'Object Repository/RAD_Pages/TaxInfo_Page/input_FederalEIN_ReEnter'

2023-09-27 11:47:43 - [TEST_STEP][PASSED] - setEncryptedText(findTestObject(orPath_TaxInfo + "/input_FederalEIN"), "RigbBhfdqODKcAsiUrg+1Q=="): Text ****** has been set on object 'Object Repository/RAD_Pages/TaxInfo_Page/input_FederalEIN'

2023-09-27 11:47:44 - [MESSAGE][PASSED] - Text ****** has been set on object 'Object Repository/RAD_Pages/TaxInfo_Page/input_FederalEIN'

2023-09-27 11:47:45 - [TEST_STEP][PASSED] - setEncryptedText(findTestObject(orPath_TaxInfo + "/input_FederalEIN_ReEnter"), "RigbBhfdqOBBGbZqm4oFJQ=="): Text ****** has been set on object 'Object Repository/RAD_Pages/TaxInfo_Page/input_FederalEIN_ReEnter'

2023-09-27 11:47:45 - [MESSAGE][PASSED] - Text ****** has been set on object 'Object Repository/RAD_Pages/TaxInfo_Page/input_FederalEIN_ReEnter'

2023-09-27 11:47:45 - [TEST_STEP][PASSED] - break: null

2023-09-27 11:47:45 - [TEST_STEP][PASSED] - setText(findTestObject(orPath_Amount + "/input__paymentAmount"), ""): Text '' is set on object 'Object Repository/RAD_Pages/PaymentAmount_Page/input__paymentAmount'

2023-09-27 11:47:46 - [MESSAGE][PASSED] - Text '' is set on object 'Object Repository/RAD_Pages/PaymentAmount_Page/input__paymentAmount'

2023-09-27 11:47:46 - [TEST_STEP][PASSED] - verifyTextPresent("The FEIN and Re-type FEIN do not match", true): Text 'The FEIN and Re-type FEIN do not match' is present on page  using regular expression

2023-09-27 11:47:47 - [MESSAGE][PASSED] - Text 'The FEIN and Re-type FEIN do not match' is present on page  using regular expression

2023-09-27 11:47:47 - [TEST_STEP][PASSED] - if (verifyTextPresent("The FEIN and Re-type FEIN do not match", true)): null

2023-09-27 11:47:47 - [MESSAGE][PASSED] - Text 'The FEIN and Re-type FEIN do not match' is present on page  using regular expression

2023-09-27 11:47:47 - [TEST_STEP][PASSED] - println("Error Message is present on the page"): null

2023-09-27 11:47:47 - [TEST_STEP][PASSED] - out.println("Pass Record Number: " + row): null

2023-09-27 11:47:47 - [TEST_STEP][PASSED] - resText = "Pass": null

2023-09-27 11:47:47 - [TEST_STEP][PASSED] - pages.WriteExcel.demoKey(resText, datText, resColumn, datCloumn, fileLoc, nameSheet, row): pages.WriteExcel.demoKey is PASSED

2023-09-27 11:47:47 - [MESSAGE][PASSED] - pages.WriteExcel.demoKey is PASSED

2023-09-27 11:47:47 - [TEST_STEP][PASSED] - ExecuteTC = findTestData(dataFile).getValue("Execute", row): null

2023-09-27 11:47:47 - [TEST_STEP][PASSED] - Taxtype = findTestData(dataFile).getValue("TaxType", row): null

2023-09-27 11:47:47 - [TEST_STEP][PASSED] - Paymenttype = findTestData(dataFile).getValue("PaymentType", row): null

2023-09-27 11:47:47 - [TEST_STEP][PASSED] - feinSSN = findTestData(dataFile).getValue("FeinSsn", row): null

2023-09-27 11:47:47 - [TEST_STEP][PASSED] - out.println("Value of Execute is : " + ExecuteTC): null

2023-09-27 11:47:47 - [TEST_STEP][FAILED] - if (ExecuteTC.equalsIgnoreCase("Y")): null

2023-09-27 11:47:47 - [TEST_STEP][PASSED] - out.println("Begin Record Number: " + row): null

2023-09-27 11:47:47 - [TEST_STEP][PASSED] - today = new java.util.Date(): null

2023-09-27 11:47:47 - [TEST_STEP][PASSED] - println(today): null

2023-09-27 11:47:47 - [TEST_STEP][PASSED] - datText = today: null

2023-09-27 11:47:47 - [TEST_STEP][PASSED] - Taxtype = findTestData(dataFile).getValue("TaxType", row): null

2023-09-27 11:47:48 - [TEST_STEP][PASSED] - out.println("Taxtype value is : " + Taxtype): null

2023-09-27 11:47:48 - [TEST_STEP][PASSED] - openBrowser(""): Browser is opened with url: ''

2023-09-27 11:47:48 - [MESSAGE][WARNING] - A browser is already opened. Closing browser and opening a new one

2023-09-27 11:47:49 - [MESSAGE][INFO] - Starting 'Chrome' driver

2023-09-27 11:47:49 - [MESSAGE][INFO] - User set preference: ['acceptInsecureCerts', 'true']

2023-09-27 11:47:49 - [MESSAGE][INFO] - Action delay is set to 0 milliseconds

2023-09-27 11:47:50 - [MESSAGE][PASSED] - Browser is opened with url: ''

2023-09-27 11:47:50 - [TEST_STEP][PASSED] - maximizeWindow(): Current window maximized

2023-09-27 11:47:50 - [MESSAGE][PASSED] - Current window maximized

2023-09-27 11:47:50 - [TEST_STEP][PASSED] - navigateToUrl(RADurl): Navigate to 'https://qa2.velocitypayment.com/client/rad/index.html' successfully

2023-09-27 11:47:52 - [MESSAGE][PASSED] - Navigate to 'https://qa2.velocitypayment.com/client/rad/index.html' successfully

2023-09-27 11:47:52 - [TEST_STEP][PASSED] - orPath_Landing = "Object Repository/RAD_Pages/Landing_Page": null

2023-09-27 11:47:52 - [TEST_STEP][PASSED] - orPath_TaxTypeFilingYear = "Object Repository/RAD_Pages/TaxTypeFilingYear_Page": null

2023-09-27 11:47:52 - [TEST_STEP][PASSED] - orPath_TaxPayer = "Object Repository/RAD_Pages/Taxpayer_Page": null

2023-09-27 11:47:52 - [TEST_STEP][PASSED] - orPath_AddressContact = "Object Repository/RAD_Pages/AddressAndContactInfo_Page": null

2023-09-27 11:47:52 - [TEST_STEP][PASSED] - orPath_FilingStatus = "Object Repository/RAD_Pages/FilingStatus_Page": null

2023-09-27 11:47:52 - [TEST_STEP][PASSED] - orPath_Amount = "Object Repository/RAD_Pages/PaymentAmount_Page": null

2023-09-27 11:47:52 - [TEST_STEP][PASSED] - orPath_TaxInfo = "Object Repository/RAD_Pages/TaxInfo_Page": null

2023-09-27 11:47:52 - [TEST_STEP][PASSED] - orPath_Withholding = "Object Repository/RAD_Pages/Withholding_Page": null

2023-09-27 11:47:52 - [TEST_STEP][PASSED] - orPath_Summary = "Object Repository/RAD_Pages/Summary_Page": null

2023-09-27 11:47:52 - [TEST_STEP][PASSED] - orPath_PaymentReady = "Object Repository/RAD_Pages/PaymentReady_Page": null

2023-09-27 11:47:52 - [TEST_STEP][PASSED] - orPath_PaymentEntry = "Object Repository/RAD_Pages/PaymentEntry_Page": null

2023-09-27 11:47:52 - [TEST_STEP][PASSED] - orPath_PaymentConfirmation = "Object Repository/RAD_Pages/PaymentConfirmation_Page": null

2023-09-27 11:47:52 - [TEST_STEP][PASSED] - orPath_ServiceFeesAccept = "Object Repository/RAD_Pages/ServiceFeeAccept_Page": null

2023-09-27 11:47:52 - [TEST_STEP][PASSED] - selectOptionByLabel(findTestObject(orPath_Landing + "/dd_TaxType"), Paymenttype, false): All options with label 'Quarterly Estimated Tax' are selected in object 'Object Repository/RAD_Pages/Landing_Page/dd_TaxType' 

2023-09-27 11:47:53 - [MESSAGE][PASSED] - All options with label 'Quarterly Estimated Tax' are selected in object 'Object Repository/RAD_Pages/Landing_Page/dd_TaxType' 

2023-09-27 11:47:53 - [TEST_STEP][PASSED] - delay(1): Delayed 1 second(s)

2023-09-27 11:47:54 - [MESSAGE][PASSED] - Delayed 1 second(s)

2023-09-27 11:47:54 - [TEST_STEP][PASSED] - switch (Paymenttype): null

2023-09-27 11:47:54 - [TEST_STEP][PASSED] - case "Quarterly Estimated Tax":: null

2023-09-27 11:47:54 - [TEST_STEP][PASSED] - selectOptionByLabel(findTestObject(orPath_TaxTypeFilingYear + "/select_PaymentType"), Taxtype, false): All options with label 'PTE Non-Electing Non-S Corp' are selected in object 'Object Repository/RAD_Pages/TaxTypeFilingYear_Page/select_PaymentType' 

2023-09-27 11:47:54 - [MESSAGE][PASSED] - All options with label 'PTE Non-Electing Non-S Corp' are selected in object 'Object Repository/RAD_Pages/TaxTypeFilingYear_Page/select_PaymentType' 

2023-09-27 11:47:54 - [TEST_STEP][PASSED] - break: null

2023-09-27 11:47:54 - [TEST_STEP][PASSED] - delay(1): Delayed 1 second(s)

2023-09-27 11:47:55 - [MESSAGE][PASSED] - Delayed 1 second(s)

2023-09-27 11:47:55 - [TEST_STEP][PASSED] - scrollToElement(findTestObject(orPath_Amount + "/input__paymentAmount"), 2, CONTINUE_ON_FAILURE): Scroll to object 'Object Repository/RAD_Pages/PaymentAmount_Page/input__paymentAmount' successfully

2023-09-27 11:47:56 - [MESSAGE][PASSED] - Scroll to object 'Object Repository/RAD_Pages/PaymentAmount_Page/input__paymentAmount' successfully

2023-09-27 11:47:56 - [TEST_STEP][PASSED] - switch (Paymenttype): null

2023-09-27 11:47:56 - [TEST_STEP][PASSED] - case "Quarterly Estimated Tax":: null

2023-09-27 11:47:56 - [TEST_STEP][PASSED] - if (feinSSN.equalsIgnoreCase("Y")): Text ****** has been set on object 'Object Repository/RAD_Pages/TaxInfo_Page/input_TaxInformation_RefeinSsn'

2023-09-27 11:47:56 - [TEST_STEP][PASSED] - setEncryptedText(findTestObject(orPath_TaxInfo + "/input_TaxInformation_feinSsn"), "RigbBhfdqODKcAsiUrg+1Q=="): Text ****** has been set on object 'Object Repository/RAD_Pages/TaxInfo_Page/input_TaxInformation_feinSsn'

2023-09-27 11:47:56 - [MESSAGE][PASSED] - Text ****** has been set on object 'Object Repository/RAD_Pages/TaxInfo_Page/input_TaxInformation_feinSsn'

2023-09-27 11:47:56 - [TEST_STEP][PASSED] - setEncryptedText(findTestObject(orPath_TaxInfo + "/input_TaxInformation_RefeinSsn"), "RigbBhfdqOD+04WBHw5iKw=="): Text ****** has been set on object 'Object Repository/RAD_Pages/TaxInfo_Page/input_TaxInformation_RefeinSsn'

2023-09-27 11:47:58 - [MESSAGE][PASSED] - Text ****** has been set on object 'Object Repository/RAD_Pages/TaxInfo_Page/input_TaxInformation_RefeinSsn'

2023-09-27 11:47:58 - [TEST_STEP][PASSED] - break: null

2023-09-27 11:47:58 - [TEST_STEP][PASSED] - setText(findTestObject(orPath_Amount + "/input__paymentAmount"), ""): Text '' is set on object 'Object Repository/RAD_Pages/PaymentAmount_Page/input__paymentAmount'

2023-09-27 11:47:58 - [MESSAGE][PASSED] - Text '' is set on object 'Object Repository/RAD_Pages/PaymentAmount_Page/input__paymentAmount'

2023-09-27 11:47:58 - [TEST_STEP][FAILED] - verifyTextPresent("The FEIN and Re-type FEIN do not match", true): Text 'The FEIN and Re-type FEIN do not match' is not present on page  using regular expression (Root cause: com.kms.katalon.core.exception.StepFailedException: Text 'The FEIN and Re-type FEIN do not match' is not present on page  using regular expression
	at com.kms.katalon.core.webui.keyword.internal.WebUIKeywordMain.stepFailed(WebUIKeywordMain.groovy:64)
	at com.kms.katalon.core.webui.keyword.builtin.VerifyTextPresentKeyword$_verifyTextPresent_closure1.doCall(VerifyTextPresentKeyword.groovy:79)
	at com.kms.katalon.core.webui.keyword.builtin.VerifyTextPresentKeyword$_verifyTextPresent_closure1.call(VerifyTextPresentKeyword.groovy)
	at com.kms.katalon.core.webui.keyword.internal.WebUIKeywordMain.runKeyword(WebUIKeywordMain.groovy:20)
	at com.kms.katalon.core.webui.keyword.builtin.VerifyTextPresentKeyword.verifyTextPresent(VerifyTextPresentKeyword.groovy:83)
	at com.kms.katalon.core.webui.keyword.builtin.VerifyTextPresentKeyword.execute(VerifyTextPresentKeyword.groovy:68)
	at com.kms.katalon.core.keyword.internal.KeywordExecutor.executeKeywordForPlatform(KeywordExecutor.groovy:74)
	at com.kms.katalon.core.webui.keyword.WebUiBuiltInKeywords.verifyTextPresent(WebUiBuiltInKeywords.groovy:1723)
	at com.kms.katalon.core.webui.keyword.WebUiBuiltInKeywords$verifyTextPresent$6.call(Unknown Source)
	at FEINmismatchError.run(FEINmismatchError:212)
	at com.kms.katalon.core.main.ScriptEngine.run(ScriptEngine.java:194)
	at com.kms.katalon.core.main.ScriptEngine.runScriptAsRawText(ScriptEngine.java:119)
	at com.kms.katalon.core.main.TestCaseExecutor.runScript(TestCaseExecutor.java:448)
	at com.kms.katalon.core.main.TestCaseExecutor.doExecute(TestCaseExecutor.java:439)
	at com.kms.katalon.core.main.TestCaseExecutor.processExecutionPhase(TestCaseExecutor.java:418)
	at com.kms.katalon.core.main.TestCaseExecutor.accessMainPhase(TestCaseExecutor.java:410)
	at com.kms.katalon.core.main.TestCaseExecutor.execute(TestCaseExecutor.java:285)
	at com.kms.katalon.core.common.CommonExecutor.accessTestCaseMainPhase(CommonExecutor.java:65)
	at com.kms.katalon.core.main.TestSuiteExecutor.accessTestSuiteMainPhase(TestSuiteExecutor.java:148)
	at com.kms.katalon.core.main.TestSuiteExecutor.execute(TestSuiteExecutor.java:106)
	at com.kms.katalon.core.main.TestCaseMain.startTestSuite(TestCaseMain.java:187)
	at com.kms.katalon.core.main.TestCaseMain$startTestSuite$0.call(Unknown Source)
	at TempTestSuite1695829496928.run(TempTestSuite1695829496928.groovy:36)
)

2023-09-27 11:47:59 - [MESSAGE][FAILED] - Text 'The FEIN and Re-type FEIN do not match' is not present on page  using regular expression (Root cause: com.kms.katalon.core.exception.StepFailedException: Text 'The FEIN and Re-type FEIN do not match' is not present on page  using regular expression
	at com.kms.katalon.core.webui.keyword.internal.WebUIKeywordMain.stepFailed(WebUIKeywordMain.groovy:64)
	at com.kms.katalon.core.webui.keyword.builtin.VerifyTextPresentKeyword$_verifyTextPresent_closure1.doCall(VerifyTextPresentKeyword.groovy:79)
	at com.kms.katalon.core.webui.keyword.builtin.VerifyTextPresentKeyword$_verifyTextPresent_closure1.call(VerifyTextPresentKeyword.groovy)
	at com.kms.katalon.core.webui.keyword.internal.WebUIKeywordMain.runKeyword(WebUIKeywordMain.groovy:20)
	at com.kms.katalon.core.webui.keyword.builtin.VerifyTextPresentKeyword.verifyTextPresent(VerifyTextPresentKeyword.groovy:83)
	at com.kms.katalon.core.webui.keyword.builtin.VerifyTextPresentKeyword.execute(VerifyTextPresentKeyword.groovy:68)
	at com.kms.katalon.core.keyword.internal.KeywordExecutor.executeKeywordForPlatform(KeywordExecutor.groovy:74)
	at com.kms.katalon.core.webui.keyword.WebUiBuiltInKeywords.verifyTextPresent(WebUiBuiltInKeywords.groovy:1723)
	at com.kms.katalon.core.webui.keyword.WebUiBuiltInKeywords$verifyTextPresent$6.call(Unknown Source)
	at FEINmismatchError.run(FEINmismatchError:212)
	at com.kms.katalon.core.main.ScriptEngine.run(ScriptEngine.java:194)
	at com.kms.katalon.core.main.ScriptEngine.runScriptAsRawText(ScriptEngine.java:119)
	at com.kms.katalon.core.main.TestCaseExecutor.runScript(TestCaseExecutor.java:448)
	at com.kms.katalon.core.main.TestCaseExecutor.doExecute(TestCaseExecutor.java:439)
	at com.kms.katalon.core.main.TestCaseExecutor.processExecutionPhase(TestCaseExecutor.java:418)
	at com.kms.katalon.core.main.TestCaseExecutor.accessMainPhase(TestCaseExecutor.java:410)
	at com.kms.katalon.core.main.TestCaseExecutor.execute(TestCaseExecutor.java:285)
	at com.kms.katalon.core.common.CommonExecutor.accessTestCaseMainPhase(CommonExecutor.java:65)
	at com.kms.katalon.core.main.TestSuiteExecutor.accessTestSuiteMainPhase(TestSuiteExecutor.java:148)
	at com.kms.katalon.core.main.TestSuiteExecutor.execute(TestSuiteExecutor.java:106)
	at com.kms.katalon.core.main.TestCaseMain.startTestSuite(TestCaseMain.java:187)
	at com.kms.katalon.core.main.TestCaseMain$startTestSuite$0.call(Unknown Source)
	at TempTestSuite1695829496928.run(TempTestSuite1695829496928.groovy:36)
)

2023-09-27 11:47:59 - [TEST_STEP][FAILED] - if (verifyTextPresent("The FEIN and Re-type FEIN do not match", true)): Text 'The FEIN and Re-type FEIN do not match' is not present on page  using regular expression (Root cause: com.kms.katalon.core.exception.StepFailedException: Text 'The FEIN and Re-type FEIN do not match' is not present on page  using regular expression
	at com.kms.katalon.core.webui.keyword.internal.WebUIKeywordMain.stepFailed(WebUIKeywordMain.groovy:64)
	at com.kms.katalon.core.webui.keyword.builtin.VerifyTextPresentKeyword$_verifyTextPresent_closure1.doCall(VerifyTextPresentKeyword.groovy:79)
	at com.kms.katalon.core.webui.keyword.builtin.VerifyTextPresentKeyword$_verifyTextPresent_closure1.call(VerifyTextPresentKeyword.groovy)
	at com.kms.katalon.core.webui.keyword.internal.WebUIKeywordMain.runKeyword(WebUIKeywordMain.groovy:20)
	at com.kms.katalon.core.webui.keyword.builtin.VerifyTextPresentKeyword.verifyTextPresent(VerifyTextPresentKeyword.groovy:83)
	at com.kms.katalon.core.webui.keyword.builtin.VerifyTextPresentKeyword.execute(VerifyTextPresentKeyword.groovy:68)
	at com.kms.katalon.core.keyword.internal.KeywordExecutor.executeKeywordForPlatform(KeywordExecutor.groovy:74)
	at com.kms.katalon.core.webui.keyword.WebUiBuiltInKeywords.verifyTextPresent(WebUiBuiltInKeywords.groovy:1723)
	at com.kms.katalon.core.webui.keyword.WebUiBuiltInKeywords$verifyTextPresent$6.call(Unknown Source)
	at FEINmismatchError.run(FEINmismatchError:214)
	at com.kms.katalon.core.main.ScriptEngine.run(ScriptEngine.java:194)
	at com.kms.katalon.core.main.ScriptEngine.runScriptAsRawText(ScriptEngine.java:119)
	at com.kms.katalon.core.main.TestCaseExecutor.runScript(TestCaseExecutor.java:448)
	at com.kms.katalon.core.main.TestCaseExecutor.doExecute(TestCaseExecutor.java:439)
	at com.kms.katalon.core.main.TestCaseExecutor.processExecutionPhase(TestCaseExecutor.java:418)
	at com.kms.katalon.core.main.TestCaseExecutor.accessMainPhase(TestCaseExecutor.java:410)
	at com.kms.katalon.core.main.TestCaseExecutor.execute(TestCaseExecutor.java:285)
	at com.kms.katalon.core.common.CommonExecutor.accessTestCaseMainPhase(CommonExecutor.java:65)
	at com.kms.katalon.core.main.TestSuiteExecutor.accessTestSuiteMainPhase(TestSuiteExecutor.java:148)
	at com.kms.katalon.core.main.TestSuiteExecutor.execute(TestSuiteExecutor.java:106)
	at com.kms.katalon.core.main.TestCaseMain.startTestSuite(TestCaseMain.java:187)
	at com.kms.katalon.core.main.TestCaseMain$startTestSuite$0.call(Unknown Source)
	at TempTestSuite1695829496928.run(TempTestSuite1695829496928.groovy:36)
)

2023-09-27 11:47:59 - [MESSAGE][FAILED] - Text 'The FEIN and Re-type FEIN do not match' is not present on page  using regular expression (Root cause: com.kms.katalon.core.exception.StepFailedException: Text 'The FEIN and Re-type FEIN do not match' is not present on page  using regular expression
	at com.kms.katalon.core.webui.keyword.internal.WebUIKeywordMain.stepFailed(WebUIKeywordMain.groovy:64)
	at com.kms.katalon.core.webui.keyword.builtin.VerifyTextPresentKeyword$_verifyTextPresent_closure1.doCall(VerifyTextPresentKeyword.groovy:79)
	at com.kms.katalon.core.webui.keyword.builtin.VerifyTextPresentKeyword$_verifyTextPresent_closure1.call(VerifyTextPresentKeyword.groovy)
	at com.kms.katalon.core.webui.keyword.internal.WebUIKeywordMain.runKeyword(WebUIKeywordMain.groovy:20)
	at com.kms.katalon.core.webui.keyword.builtin.VerifyTextPresentKeyword.verifyTextPresent(VerifyTextPresentKeyword.groovy:83)
	at com.kms.katalon.core.webui.keyword.builtin.VerifyTextPresentKeyword.execute(VerifyTextPresentKeyword.groovy:68)
	at com.kms.katalon.core.keyword.internal.KeywordExecutor.executeKeywordForPlatform(KeywordExecutor.groovy:74)
	at com.kms.katalon.core.webui.keyword.WebUiBuiltInKeywords.verifyTextPresent(WebUiBuiltInKeywords.groovy:1723)
	at com.kms.katalon.core.webui.keyword.WebUiBuiltInKeywords$verifyTextPresent$6.call(Unknown Source)
	at FEINmismatchError.run(FEINmismatchError:214)
	at com.kms.katalon.core.main.ScriptEngine.run(ScriptEngine.java:194)
	at com.kms.katalon.core.main.ScriptEngine.runScriptAsRawText(ScriptEngine.java:119)
	at com.kms.katalon.core.main.TestCaseExecutor.runScript(TestCaseExecutor.java:448)
	at com.kms.katalon.core.main.TestCaseExecutor.doExecute(TestCaseExecutor.java:439)
	at com.kms.katalon.core.main.TestCaseExecutor.processExecutionPhase(TestCaseExecutor.java:418)
	at com.kms.katalon.core.main.TestCaseExecutor.accessMainPhase(TestCaseExecutor.java:410)
	at com.kms.katalon.core.main.TestCaseExecutor.execute(TestCaseExecutor.java:285)
	at com.kms.katalon.core.common.CommonExecutor.accessTestCaseMainPhase(CommonExecutor.java:65)
	at com.kms.katalon.core.main.TestSuiteExecutor.accessTestSuiteMainPhase(TestSuiteExecutor.java:148)
	at com.kms.katalon.core.main.TestSuiteExecutor.execute(TestSuiteExecutor.java:106)
	at com.kms.katalon.core.main.TestCaseMain.startTestSuite(TestCaseMain.java:187)
	at com.kms.katalon.core.main.TestCaseMain$startTestSuite$0.call(Unknown Source)
	at TempTestSuite1695829496928.run(TempTestSuite1695829496928.groovy:36)
)

2023-09-27 11:47:59 - [TEST_STEP][PASSED] - else: pages.WriteExcel.demoKey is PASSED

2023-09-27 11:47:59 - [TEST_STEP][PASSED] - println("Error Message is NOT present on the page"): null

2023-09-27 11:47:59 - [TEST_STEP][PASSED] - out.println("Fail Record Number: " + row): null

2023-09-27 11:47:59 - [TEST_STEP][PASSED] - resText = "Fail": null

2023-09-27 11:47:59 - [TEST_STEP][PASSED] - pages.WriteExcel.demoKey(resText, datText, resColumn, datCloumn, fileLoc, nameSheet, row): pages.WriteExcel.demoKey is PASSED

2023-09-27 11:47:59 - [MESSAGE][PASSED] - pages.WriteExcel.demoKey is PASSED

2023-09-27 11:47:59 - [TEST_STEP][PASSED] - ExecuteTC = findTestData(dataFile).getValue("Execute", row): null

2023-09-27 11:47:59 - [TEST_STEP][PASSED] - Taxtype = findTestData(dataFile).getValue("TaxType", row): null

2023-09-27 11:47:59 - [TEST_STEP][PASSED] - Paymenttype = findTestData(dataFile).getValue("PaymentType", row): null

2023-09-27 11:47:59 - [TEST_STEP][PASSED] - feinSSN = findTestData(dataFile).getValue("FeinSsn", row): null

2023-09-27 11:48:00 - [TEST_STEP][PASSED] - out.println("Value of Execute is : " + ExecuteTC): null

2023-09-27 11:48:00 - [TEST_STEP][FAILED] - if (ExecuteTC.equalsIgnoreCase("Y")): null

2023-09-27 11:48:00 - [TEST_STEP][PASSED] - out.println("Begin Record Number: " + row): null

2023-09-27 11:48:00 - [TEST_STEP][PASSED] - today = new java.util.Date(): null

2023-09-27 11:48:00 - [TEST_STEP][PASSED] - println(today): null

2023-09-27 11:48:00 - [TEST_STEP][PASSED] - datText = today: null

2023-09-27 11:48:00 - [TEST_STEP][PASSED] - Taxtype = findTestData(dataFile).getValue("TaxType", row): null

2023-09-27 11:48:00 - [TEST_STEP][PASSED] - out.println("Taxtype value is : " + Taxtype): null

2023-09-27 11:48:00 - [TEST_STEP][PASSED] - openBrowser(""): Browser is opened with url: ''

2023-09-27 11:48:00 - [MESSAGE][WARNING] - A browser is already opened. Closing browser and opening a new one

2023-09-27 11:48:01 - [MESSAGE][INFO] - Starting 'Chrome' driver

2023-09-27 11:48:01 - [MESSAGE][INFO] - User set preference: ['acceptInsecureCerts', 'true']

2023-09-27 11:48:01 - [MESSAGE][INFO] - Action delay is set to 0 milliseconds

2023-09-27 11:48:02 - [MESSAGE][PASSED] - Browser is opened with url: ''

2023-09-27 11:48:02 - [TEST_STEP][PASSED] - maximizeWindow(): Current window maximized

2023-09-27 11:48:02 - [MESSAGE][PASSED] - Current window maximized

2023-09-27 11:48:02 - [TEST_STEP][PASSED] - navigateToUrl(RADurl): Navigate to 'https://qa2.velocitypayment.com/client/rad/index.html' successfully

2023-09-27 11:48:04 - [MESSAGE][PASSED] - Navigate to 'https://qa2.velocitypayment.com/client/rad/index.html' successfully

2023-09-27 11:48:04 - [TEST_STEP][PASSED] - orPath_Landing = "Object Repository/RAD_Pages/Landing_Page": null

2023-09-27 11:48:04 - [TEST_STEP][PASSED] - orPath_TaxTypeFilingYear = "Object Repository/RAD_Pages/TaxTypeFilingYear_Page": null

2023-09-27 11:48:04 - [TEST_STEP][PASSED] - orPath_TaxPayer = "Object Repository/RAD_Pages/Taxpayer_Page": null

2023-09-27 11:48:04 - [TEST_STEP][PASSED] - orPath_AddressContact = "Object Repository/RAD_Pages/AddressAndContactInfo_Page": null

2023-09-27 11:48:04 - [TEST_STEP][PASSED] - orPath_FilingStatus = "Object Repository/RAD_Pages/FilingStatus_Page": null

2023-09-27 11:48:04 - [TEST_STEP][PASSED] - orPath_Amount = "Object Repository/RAD_Pages/PaymentAmount_Page": null

2023-09-27 11:48:04 - [TEST_STEP][PASSED] - orPath_TaxInfo = "Object Repository/RAD_Pages/TaxInfo_Page": null

2023-09-27 11:48:04 - [TEST_STEP][PASSED] - orPath_Withholding = "Object Repository/RAD_Pages/Withholding_Page": null

2023-09-27 11:48:04 - [TEST_STEP][PASSED] - orPath_Summary = "Object Repository/RAD_Pages/Summary_Page": null

2023-09-27 11:48:04 - [TEST_STEP][PASSED] - orPath_PaymentReady = "Object Repository/RAD_Pages/PaymentReady_Page": null

2023-09-27 11:48:04 - [TEST_STEP][PASSED] - orPath_PaymentEntry = "Object Repository/RAD_Pages/PaymentEntry_Page": null

2023-09-27 11:48:04 - [TEST_STEP][PASSED] - orPath_PaymentConfirmation = "Object Repository/RAD_Pages/PaymentConfirmation_Page": null

2023-09-27 11:48:04 - [TEST_STEP][PASSED] - orPath_ServiceFeesAccept = "Object Repository/RAD_Pages/ServiceFeeAccept_Page": null

2023-09-27 11:48:04 - [TEST_STEP][PASSED] - selectOptionByLabel(findTestObject(orPath_Landing + "/dd_TaxType"), Paymenttype, false): All options with label 'Quarterly Estimated Tax' are selected in object 'Object Repository/RAD_Pages/Landing_Page/dd_TaxType' 

2023-09-27 11:48:05 - [MESSAGE][PASSED] - All options with label 'Quarterly Estimated Tax' are selected in object 'Object Repository/RAD_Pages/Landing_Page/dd_TaxType' 

2023-09-27 11:48:05 - [TEST_STEP][PASSED] - delay(1): Delayed 1 second(s)

2023-09-27 11:48:06 - [MESSAGE][PASSED] - Delayed 1 second(s)

2023-09-27 11:48:06 - [TEST_STEP][PASSED] - switch (Paymenttype): null

2023-09-27 11:48:06 - [TEST_STEP][PASSED] - case "Quarterly Estimated Tax":: null

2023-09-27 11:48:06 - [TEST_STEP][PASSED] - selectOptionByLabel(findTestObject(orPath_TaxTypeFilingYear + "/select_PaymentType"), Taxtype, false): All options with label 'PTE Non-Electing S Corp' are selected in object 'Object Repository/RAD_Pages/TaxTypeFilingYear_Page/select_PaymentType' 

2023-09-27 11:48:07 - [MESSAGE][PASSED] - All options with label 'PTE Non-Electing S Corp' are selected in object 'Object Repository/RAD_Pages/TaxTypeFilingYear_Page/select_PaymentType' 

2023-09-27 11:48:07 - [TEST_STEP][PASSED] - break: null

2023-09-27 11:48:07 - [TEST_STEP][PASSED] - delay(1): Delayed 1 second(s)

2023-09-27 11:48:08 - [MESSAGE][PASSED] - Delayed 1 second(s)

2023-09-27 11:48:08 - [TEST_STEP][PASSED] - scrollToElement(findTestObject(orPath_Amount + "/input__paymentAmount"), 2, CONTINUE_ON_FAILURE): Scroll to object 'Object Repository/RAD_Pages/PaymentAmount_Page/input__paymentAmount' successfully

2023-09-27 11:48:08 - [MESSAGE][PASSED] - Scroll to object 'Object Repository/RAD_Pages/PaymentAmount_Page/input__paymentAmount' successfully

2023-09-27 11:48:08 - [TEST_STEP][PASSED] - switch (Paymenttype): null

2023-09-27 11:48:08 - [TEST_STEP][PASSED] - case "Quarterly Estimated Tax":: null

2023-09-27 11:48:08 - [TEST_STEP][PASSED] - if (feinSSN.equalsIgnoreCase("Y")): Text ****** has been set on object 'Object Repository/RAD_Pages/TaxInfo_Page/input_TaxInformation_RefeinSsn'

2023-09-27 11:48:08 - [TEST_STEP][PASSED] - setEncryptedText(findTestObject(orPath_TaxInfo + "/input_TaxInformation_feinSsn"), "RigbBhfdqODKcAsiUrg+1Q=="): Text ****** has been set on object 'Object Repository/RAD_Pages/TaxInfo_Page/input_TaxInformation_feinSsn'

2023-09-27 11:48:09 - [MESSAGE][PASSED] - Text ****** has been set on object 'Object Repository/RAD_Pages/TaxInfo_Page/input_TaxInformation_feinSsn'

2023-09-27 11:48:09 - [TEST_STEP][PASSED] - setEncryptedText(findTestObject(orPath_TaxInfo + "/input_TaxInformation_RefeinSsn"), "RigbBhfdqOD+04WBHw5iKw=="): Text ****** has been set on object 'Object Repository/RAD_Pages/TaxInfo_Page/input_TaxInformation_RefeinSsn'

2023-09-27 11:48:10 - [MESSAGE][PASSED] - Text ****** has been set on object 'Object Repository/RAD_Pages/TaxInfo_Page/input_TaxInformation_RefeinSsn'

2023-09-27 11:48:10 - [TEST_STEP][PASSED] - break: null

2023-09-27 11:48:10 - [TEST_STEP][PASSED] - setText(findTestObject(orPath_Amount + "/input__paymentAmount"), ""): Text '' is set on object 'Object Repository/RAD_Pages/PaymentAmount_Page/input__paymentAmount'

2023-09-27 11:48:11 - [MESSAGE][PASSED] - Text '' is set on object 'Object Repository/RAD_Pages/PaymentAmount_Page/input__paymentAmount'

2023-09-27 11:48:11 - [TEST_STEP][FAILED] - verifyTextPresent("The FEIN and Re-type FEIN do not match", true): Text 'The FEIN and Re-type FEIN do not match' is not present on page  using regular expression (Root cause: com.kms.katalon.core.exception.StepFailedException: Text 'The FEIN and Re-type FEIN do not match' is not present on page  using regular expression
	at com.kms.katalon.core.webui.keyword.internal.WebUIKeywordMain.stepFailed(WebUIKeywordMain.groovy:64)
	at com.kms.katalon.core.webui.keyword.builtin.VerifyTextPresentKeyword$_verifyTextPresent_closure1.doCall(VerifyTextPresentKeyword.groovy:79)
	at com.kms.katalon.core.webui.keyword.builtin.VerifyTextPresentKeyword$_verifyTextPresent_closure1.call(VerifyTextPresentKeyword.groovy)
	at com.kms.katalon.core.webui.keyword.internal.WebUIKeywordMain.runKeyword(WebUIKeywordMain.groovy:20)
	at com.kms.katalon.core.webui.keyword.builtin.VerifyTextPresentKeyword.verifyTextPresent(VerifyTextPresentKeyword.groovy:83)
	at com.kms.katalon.core.webui.keyword.builtin.VerifyTextPresentKeyword.execute(VerifyTextPresentKeyword.groovy:68)
	at com.kms.katalon.core.keyword.internal.KeywordExecutor.executeKeywordForPlatform(KeywordExecutor.groovy:74)
	at com.kms.katalon.core.webui.keyword.WebUiBuiltInKeywords.verifyTextPresent(WebUiBuiltInKeywords.groovy:1723)
	at com.kms.katalon.core.webui.keyword.WebUiBuiltInKeywords$verifyTextPresent$6.call(Unknown Source)
	at FEINmismatchError.run(FEINmismatchError:212)
	at com.kms.katalon.core.main.ScriptEngine.run(ScriptEngine.java:194)
	at com.kms.katalon.core.main.ScriptEngine.runScriptAsRawText(ScriptEngine.java:119)
	at com.kms.katalon.core.main.TestCaseExecutor.runScript(TestCaseExecutor.java:448)
	at com.kms.katalon.core.main.TestCaseExecutor.doExecute(TestCaseExecutor.java:439)
	at com.kms.katalon.core.main.TestCaseExecutor.processExecutionPhase(TestCaseExecutor.java:418)
	at com.kms.katalon.core.main.TestCaseExecutor.accessMainPhase(TestCaseExecutor.java:410)
	at com.kms.katalon.core.main.TestCaseExecutor.execute(TestCaseExecutor.java:285)
	at com.kms.katalon.core.common.CommonExecutor.accessTestCaseMainPhase(CommonExecutor.java:65)
	at com.kms.katalon.core.main.TestSuiteExecutor.accessTestSuiteMainPhase(TestSuiteExecutor.java:148)
	at com.kms.katalon.core.main.TestSuiteExecutor.execute(TestSuiteExecutor.java:106)
	at com.kms.katalon.core.main.TestCaseMain.startTestSuite(TestCaseMain.java:187)
	at com.kms.katalon.core.main.TestCaseMain$startTestSuite$0.call(Unknown Source)
	at TempTestSuite1695829496928.run(TempTestSuite1695829496928.groovy:36)
)

2023-09-27 11:48:12 - [MESSAGE][FAILED] - Text 'The FEIN and Re-type FEIN do not match' is not present on page  using regular expression (Root cause: com.kms.katalon.core.exception.StepFailedException: Text 'The FEIN and Re-type FEIN do not match' is not present on page  using regular expression
	at com.kms.katalon.core.webui.keyword.internal.WebUIKeywordMain.stepFailed(WebUIKeywordMain.groovy:64)
	at com.kms.katalon.core.webui.keyword.builtin.VerifyTextPresentKeyword$_verifyTextPresent_closure1.doCall(VerifyTextPresentKeyword.groovy:79)
	at com.kms.katalon.core.webui.keyword.builtin.VerifyTextPresentKeyword$_verifyTextPresent_closure1.call(VerifyTextPresentKeyword.groovy)
	at com.kms.katalon.core.webui.keyword.internal.WebUIKeywordMain.runKeyword(WebUIKeywordMain.groovy:20)
	at com.kms.katalon.core.webui.keyword.builtin.VerifyTextPresentKeyword.verifyTextPresent(VerifyTextPresentKeyword.groovy:83)
	at com.kms.katalon.core.webui.keyword.builtin.VerifyTextPresentKeyword.execute(VerifyTextPresentKeyword.groovy:68)
	at com.kms.katalon.core.keyword.internal.KeywordExecutor.executeKeywordForPlatform(KeywordExecutor.groovy:74)
	at com.kms.katalon.core.webui.keyword.WebUiBuiltInKeywords.verifyTextPresent(WebUiBuiltInKeywords.groovy:1723)
	at com.kms.katalon.core.webui.keyword.WebUiBuiltInKeywords$verifyTextPresent$6.call(Unknown Source)
	at FEINmismatchError.run(FEINmismatchError:212)
	at com.kms.katalon.core.main.ScriptEngine.run(ScriptEngine.java:194)
	at com.kms.katalon.core.main.ScriptEngine.runScriptAsRawText(ScriptEngine.java:119)
	at com.kms.katalon.core.main.TestCaseExecutor.runScript(TestCaseExecutor.java:448)
	at com.kms.katalon.core.main.TestCaseExecutor.doExecute(TestCaseExecutor.java:439)
	at com.kms.katalon.core.main.TestCaseExecutor.processExecutionPhase(TestCaseExecutor.java:418)
	at com.kms.katalon.core.main.TestCaseExecutor.accessMainPhase(TestCaseExecutor.java:410)
	at com.kms.katalon.core.main.TestCaseExecutor.execute(TestCaseExecutor.java:285)
	at com.kms.katalon.core.common.CommonExecutor.accessTestCaseMainPhase(CommonExecutor.java:65)
	at com.kms.katalon.core.main.TestSuiteExecutor.accessTestSuiteMainPhase(TestSuiteExecutor.java:148)
	at com.kms.katalon.core.main.TestSuiteExecutor.execute(TestSuiteExecutor.java:106)
	at com.kms.katalon.core.main.TestCaseMain.startTestSuite(TestCaseMain.java:187)
	at com.kms.katalon.core.main.TestCaseMain$startTestSuite$0.call(Unknown Source)
	at TempTestSuite1695829496928.run(TempTestSuite1695829496928.groovy:36)
)

2023-09-27 11:48:12 - [TEST_STEP][FAILED] - if (verifyTextPresent("The FEIN and Re-type FEIN do not match", true)): Text 'The FEIN and Re-type FEIN do not match' is not present on page  using regular expression (Root cause: com.kms.katalon.core.exception.StepFailedException: Text 'The FEIN and Re-type FEIN do not match' is not present on page  using regular expression
	at com.kms.katalon.core.webui.keyword.internal.WebUIKeywordMain.stepFailed(WebUIKeywordMain.groovy:64)
	at com.kms.katalon.core.webui.keyword.builtin.VerifyTextPresentKeyword$_verifyTextPresent_closure1.doCall(VerifyTextPresentKeyword.groovy:79)
	at com.kms.katalon.core.webui.keyword.builtin.VerifyTextPresentKeyword$_verifyTextPresent_closure1.call(VerifyTextPresentKeyword.groovy)
	at com.kms.katalon.core.webui.keyword.internal.WebUIKeywordMain.runKeyword(WebUIKeywordMain.groovy:20)
	at com.kms.katalon.core.webui.keyword.builtin.VerifyTextPresentKeyword.verifyTextPresent(VerifyTextPresentKeyword.groovy:83)
	at com.kms.katalon.core.webui.keyword.builtin.VerifyTextPresentKeyword.execute(VerifyTextPresentKeyword.groovy:68)
	at com.kms.katalon.core.keyword.internal.KeywordExecutor.executeKeywordForPlatform(KeywordExecutor.groovy:74)
	at com.kms.katalon.core.webui.keyword.WebUiBuiltInKeywords.verifyTextPresent(WebUiBuiltInKeywords.groovy:1723)
	at com.kms.katalon.core.webui.keyword.WebUiBuiltInKeywords$verifyTextPresent$6.call(Unknown Source)
	at FEINmismatchError.run(FEINmismatchError:214)
	at com.kms.katalon.core.main.ScriptEngine.run(ScriptEngine.java:194)
	at com.kms.katalon.core.main.ScriptEngine.runScriptAsRawText(ScriptEngine.java:119)
	at com.kms.katalon.core.main.TestCaseExecutor.runScript(TestCaseExecutor.java:448)
	at com.kms.katalon.core.main.TestCaseExecutor.doExecute(TestCaseExecutor.java:439)
	at com.kms.katalon.core.main.TestCaseExecutor.processExecutionPhase(TestCaseExecutor.java:418)
	at com.kms.katalon.core.main.TestCaseExecutor.accessMainPhase(TestCaseExecutor.java:410)
	at com.kms.katalon.core.main.TestCaseExecutor.execute(TestCaseExecutor.java:285)
	at com.kms.katalon.core.common.CommonExecutor.accessTestCaseMainPhase(CommonExecutor.java:65)
	at com.kms.katalon.core.main.TestSuiteExecutor.accessTestSuiteMainPhase(TestSuiteExecutor.java:148)
	at com.kms.katalon.core.main.TestSuiteExecutor.execute(TestSuiteExecutor.java:106)
	at com.kms.katalon.core.main.TestCaseMain.startTestSuite(TestCaseMain.java:187)
	at com.kms.katalon.core.main.TestCaseMain$startTestSuite$0.call(Unknown Source)
	at TempTestSuite1695829496928.run(TempTestSuite1695829496928.groovy:36)
)

2023-09-27 11:48:12 - [MESSAGE][FAILED] - Text 'The FEIN and Re-type FEIN do not match' is not present on page  using regular expression (Root cause: com.kms.katalon.core.exception.StepFailedException: Text 'The FEIN and Re-type FEIN do not match' is not present on page  using regular expression
	at com.kms.katalon.core.webui.keyword.internal.WebUIKeywordMain.stepFailed(WebUIKeywordMain.groovy:64)
	at com.kms.katalon.core.webui.keyword.builtin.VerifyTextPresentKeyword$_verifyTextPresent_closure1.doCall(VerifyTextPresentKeyword.groovy:79)
	at com.kms.katalon.core.webui.keyword.builtin.VerifyTextPresentKeyword$_verifyTextPresent_closure1.call(VerifyTextPresentKeyword.groovy)
	at com.kms.katalon.core.webui.keyword.internal.WebUIKeywordMain.runKeyword(WebUIKeywordMain.groovy:20)
	at com.kms.katalon.core.webui.keyword.builtin.VerifyTextPresentKeyword.verifyTextPresent(VerifyTextPresentKeyword.groovy:83)
	at com.kms.katalon.core.webui.keyword.builtin.VerifyTextPresentKeyword.execute(VerifyTextPresentKeyword.groovy:68)
	at com.kms.katalon.core.keyword.internal.KeywordExecutor.executeKeywordForPlatform(KeywordExecutor.groovy:74)
	at com.kms.katalon.core.webui.keyword.WebUiBuiltInKeywords.verifyTextPresent(WebUiBuiltInKeywords.groovy:1723)
	at com.kms.katalon.core.webui.keyword.WebUiBuiltInKeywords$verifyTextPresent$6.call(Unknown Source)
	at FEINmismatchError.run(FEINmismatchError:214)
	at com.kms.katalon.core.main.ScriptEngine.run(ScriptEngine.java:194)
	at com.kms.katalon.core.main.ScriptEngine.runScriptAsRawText(ScriptEngine.java:119)
	at com.kms.katalon.core.main.TestCaseExecutor.runScript(TestCaseExecutor.java:448)
	at com.kms.katalon.core.main.TestCaseExecutor.doExecute(TestCaseExecutor.java:439)
	at com.kms.katalon.core.main.TestCaseExecutor.processExecutionPhase(TestCaseExecutor.java:418)
	at com.kms.katalon.core.main.TestCaseExecutor.accessMainPhase(TestCaseExecutor.java:410)
	at com.kms.katalon.core.main.TestCaseExecutor.execute(TestCaseExecutor.java:285)
	at com.kms.katalon.core.common.CommonExecutor.accessTestCaseMainPhase(CommonExecutor.java:65)
	at com.kms.katalon.core.main.TestSuiteExecutor.accessTestSuiteMainPhase(TestSuiteExecutor.java:148)
	at com.kms.katalon.core.main.TestSuiteExecutor.execute(TestSuiteExecutor.java:106)
	at com.kms.katalon.core.main.TestCaseMain.startTestSuite(TestCaseMain.java:187)
	at com.kms.katalon.core.main.TestCaseMain$startTestSuite$0.call(Unknown Source)
	at TempTestSuite1695829496928.run(TempTestSuite1695829496928.groovy:36)
)

2023-09-27 11:48:12 - [TEST_STEP][PASSED] - else: pages.WriteExcel.demoKey is PASSED

2023-09-27 11:48:12 - [TEST_STEP][PASSED] - println("Error Message is NOT present on the page"): null

2023-09-27 11:48:12 - [TEST_STEP][PASSED] - out.println("Fail Record Number: " + row): null

2023-09-27 11:48:12 - [TEST_STEP][PASSED] - resText = "Fail": null

2023-09-27 11:48:12 - [TEST_STEP][PASSED] - pages.WriteExcel.demoKey(resText, datText, resColumn, datCloumn, fileLoc, nameSheet, row): pages.WriteExcel.demoKey is PASSED

2023-09-27 11:48:12 - [MESSAGE][PASSED] - pages.WriteExcel.demoKey is PASSED

2023-09-27 11:48:12 - [TEST_STEP][PASSED] - ExecuteTC = findTestData(dataFile).getValue("Execute", row): null

2023-09-27 11:48:12 - [TEST_STEP][PASSED] - Taxtype = findTestData(dataFile).getValue("TaxType", row): null

2023-09-27 11:48:12 - [TEST_STEP][PASSED] - Paymenttype = findTestData(dataFile).getValue("PaymentType", row): null

2023-09-27 11:48:12 - [TEST_STEP][PASSED] - feinSSN = findTestData(dataFile).getValue("FeinSsn", row): null

2023-09-27 11:48:12 - [TEST_STEP][PASSED] - out.println("Value of Execute is : " + ExecuteTC): null

2023-09-27 11:48:12 - [TEST_STEP][FAILED] - if (ExecuteTC.equalsIgnoreCase("Y")): null

2023-09-27 11:48:12 - [TEST_STEP][PASSED] - out.println("Begin Record Number: " + row): null

2023-09-27 11:48:12 - [TEST_STEP][PASSED] - today = new java.util.Date(): null

2023-09-27 11:48:12 - [TEST_STEP][PASSED] - println(today): null

2023-09-27 11:48:12 - [TEST_STEP][PASSED] - datText = today: null

2023-09-27 11:48:12 - [TEST_STEP][PASSED] - Taxtype = findTestData(dataFile).getValue("TaxType", row): null

2023-09-27 11:48:12 - [TEST_STEP][PASSED] - out.println("Taxtype value is : " + Taxtype): null

2023-09-27 11:48:12 - [TEST_STEP][PASSED] - openBrowser(""): Browser is opened with url: ''

2023-09-27 11:48:12 - [MESSAGE][WARNING] - A browser is already opened. Closing browser and opening a new one

2023-09-27 11:48:13 - [MESSAGE][INFO] - Starting 'Chrome' driver

2023-09-27 11:48:13 - [MESSAGE][INFO] - User set preference: ['acceptInsecureCerts', 'true']

2023-09-27 11:48:13 - [MESSAGE][INFO] - Action delay is set to 0 milliseconds

2023-09-27 11:48:15 - [MESSAGE][PASSED] - Browser is opened with url: ''

2023-09-27 11:48:15 - [TEST_STEP][PASSED] - maximizeWindow(): Current window maximized

2023-09-27 11:48:15 - [MESSAGE][PASSED] - Current window maximized

2023-09-27 11:48:15 - [TEST_STEP][PASSED] - navigateToUrl(RADurl): Navigate to 'https://qa2.velocitypayment.com/client/rad/index.html' successfully

2023-09-27 11:48:16 - [MESSAGE][PASSED] - Navigate to 'https://qa2.velocitypayment.com/client/rad/index.html' successfully

2023-09-27 11:48:16 - [TEST_STEP][PASSED] - orPath_Landing = "Object Repository/RAD_Pages/Landing_Page": null

2023-09-27 11:48:16 - [TEST_STEP][PASSED] - orPath_TaxTypeFilingYear = "Object Repository/RAD_Pages/TaxTypeFilingYear_Page": null

2023-09-27 11:48:16 - [TEST_STEP][PASSED] - orPath_TaxPayer = "Object Repository/RAD_Pages/Taxpayer_Page": null

2023-09-27 11:48:16 - [TEST_STEP][PASSED] - orPath_AddressContact = "Object Repository/RAD_Pages/AddressAndContactInfo_Page": null

2023-09-27 11:48:16 - [TEST_STEP][PASSED] - orPath_FilingStatus = "Object Repository/RAD_Pages/FilingStatus_Page": null

2023-09-27 11:48:16 - [TEST_STEP][PASSED] - orPath_Amount = "Object Repository/RAD_Pages/PaymentAmount_Page": null

2023-09-27 11:48:16 - [TEST_STEP][PASSED] - orPath_TaxInfo = "Object Repository/RAD_Pages/TaxInfo_Page": null

2023-09-27 11:48:16 - [TEST_STEP][PASSED] - orPath_Withholding = "Object Repository/RAD_Pages/Withholding_Page": null

2023-09-27 11:48:16 - [TEST_STEP][PASSED] - orPath_Summary = "Object Repository/RAD_Pages/Summary_Page": null

2023-09-27 11:48:16 - [TEST_STEP][PASSED] - orPath_PaymentReady = "Object Repository/RAD_Pages/PaymentReady_Page": null

2023-09-27 11:48:16 - [TEST_STEP][PASSED] - orPath_PaymentEntry = "Object Repository/RAD_Pages/PaymentEntry_Page": null

2023-09-27 11:48:16 - [TEST_STEP][PASSED] - orPath_PaymentConfirmation = "Object Repository/RAD_Pages/PaymentConfirmation_Page": null

2023-09-27 11:48:16 - [TEST_STEP][PASSED] - orPath_ServiceFeesAccept = "Object Repository/RAD_Pages/ServiceFeeAccept_Page": null

2023-09-27 11:48:16 - [TEST_STEP][PASSED] - selectOptionByLabel(findTestObject(orPath_Landing + "/dd_TaxType"), Paymenttype, false): All options with label 'Quarterly Estimated Tax' are selected in object 'Object Repository/RAD_Pages/Landing_Page/dd_TaxType' 

2023-09-27 11:48:17 - [MESSAGE][PASSED] - All options with label 'Quarterly Estimated Tax' are selected in object 'Object Repository/RAD_Pages/Landing_Page/dd_TaxType' 

2023-09-27 11:48:17 - [TEST_STEP][PASSED] - delay(1): Delayed 1 second(s)

2023-09-27 11:48:18 - [MESSAGE][PASSED] - Delayed 1 second(s)

2023-09-27 11:48:18 - [TEST_STEP][PASSED] - switch (Paymenttype): null

2023-09-27 11:48:18 - [TEST_STEP][PASSED] - case "Quarterly Estimated Tax":: null

2023-09-27 11:48:18 - [TEST_STEP][PASSED] - selectOptionByLabel(findTestObject(orPath_TaxTypeFilingYear + "/select_PaymentType"), Taxtype, false): All options with label 'PTE Tax Electing Non-S Corp' are selected in object 'Object Repository/RAD_Pages/TaxTypeFilingYear_Page/select_PaymentType' 

2023-09-27 11:48:19 - [MESSAGE][PASSED] - All options with label 'PTE Tax Electing Non-S Corp' are selected in object 'Object Repository/RAD_Pages/TaxTypeFilingYear_Page/select_PaymentType' 

2023-09-27 11:48:19 - [TEST_STEP][PASSED] - break: null

2023-09-27 11:48:19 - [TEST_STEP][PASSED] - delay(1): Delayed 1 second(s)

2023-09-27 11:48:20 - [MESSAGE][PASSED] - Delayed 1 second(s)

2023-09-27 11:48:20 - [TEST_STEP][PASSED] - scrollToElement(findTestObject(orPath_Amount + "/input__paymentAmount"), 2, CONTINUE_ON_FAILURE): Scroll to object 'Object Repository/RAD_Pages/PaymentAmount_Page/input__paymentAmount' successfully

2023-09-27 11:48:20 - [MESSAGE][PASSED] - Scroll to object 'Object Repository/RAD_Pages/PaymentAmount_Page/input__paymentAmount' successfully

2023-09-27 11:48:20 - [TEST_STEP][PASSED] - switch (Paymenttype): null

2023-09-27 11:48:20 - [TEST_STEP][PASSED] - case "Quarterly Estimated Tax":: null

2023-09-27 11:48:20 - [TEST_STEP][PASSED] - if (feinSSN.equalsIgnoreCase("Y")): Text ****** has been set on object 'Object Repository/RAD_Pages/TaxInfo_Page/input_TaxInformation_RefeinSsn'

2023-09-27 11:48:20 - [TEST_STEP][PASSED] - setEncryptedText(findTestObject(orPath_TaxInfo + "/input_TaxInformation_feinSsn"), "RigbBhfdqODKcAsiUrg+1Q=="): Text ****** has been set on object 'Object Repository/RAD_Pages/TaxInfo_Page/input_TaxInformation_feinSsn'

2023-09-27 11:48:21 - [MESSAGE][PASSED] - Text ****** has been set on object 'Object Repository/RAD_Pages/TaxInfo_Page/input_TaxInformation_feinSsn'

2023-09-27 11:48:21 - [TEST_STEP][PASSED] - setEncryptedText(findTestObject(orPath_TaxInfo + "/input_TaxInformation_RefeinSsn"), "RigbBhfdqOD+04WBHw5iKw=="): Text ****** has been set on object 'Object Repository/RAD_Pages/TaxInfo_Page/input_TaxInformation_RefeinSsn'

2023-09-27 11:48:22 - [MESSAGE][PASSED] - Text ****** has been set on object 'Object Repository/RAD_Pages/TaxInfo_Page/input_TaxInformation_RefeinSsn'

2023-09-27 11:48:22 - [TEST_STEP][PASSED] - break: null

2023-09-27 11:48:22 - [TEST_STEP][PASSED] - setText(findTestObject(orPath_Amount + "/input__paymentAmount"), ""): Text '' is set on object 'Object Repository/RAD_Pages/PaymentAmount_Page/input__paymentAmount'

2023-09-27 11:48:23 - [MESSAGE][PASSED] - Text '' is set on object 'Object Repository/RAD_Pages/PaymentAmount_Page/input__paymentAmount'

2023-09-27 11:48:23 - [TEST_STEP][FAILED] - verifyTextPresent("The FEIN and Re-type FEIN do not match", true): Text 'The FEIN and Re-type FEIN do not match' is not present on page  using regular expression (Root cause: com.kms.katalon.core.exception.StepFailedException: Text 'The FEIN and Re-type FEIN do not match' is not present on page  using regular expression
	at com.kms.katalon.core.webui.keyword.internal.WebUIKeywordMain.stepFailed(WebUIKeywordMain.groovy:64)
	at com.kms.katalon.core.webui.keyword.builtin.VerifyTextPresentKeyword$_verifyTextPresent_closure1.doCall(VerifyTextPresentKeyword.groovy:79)
	at com.kms.katalon.core.webui.keyword.builtin.VerifyTextPresentKeyword$_verifyTextPresent_closure1.call(VerifyTextPresentKeyword.groovy)
	at com.kms.katalon.core.webui.keyword.internal.WebUIKeywordMain.runKeyword(WebUIKeywordMain.groovy:20)
	at com.kms.katalon.core.webui.keyword.builtin.VerifyTextPresentKeyword.verifyTextPresent(VerifyTextPresentKeyword.groovy:83)
	at com.kms.katalon.core.webui.keyword.builtin.VerifyTextPresentKeyword.execute(VerifyTextPresentKeyword.groovy:68)
	at com.kms.katalon.core.keyword.internal.KeywordExecutor.executeKeywordForPlatform(KeywordExecutor.groovy:74)
	at com.kms.katalon.core.webui.keyword.WebUiBuiltInKeywords.verifyTextPresent(WebUiBuiltInKeywords.groovy:1723)
	at com.kms.katalon.core.webui.keyword.WebUiBuiltInKeywords$verifyTextPresent$6.call(Unknown Source)
	at FEINmismatchError.run(FEINmismatchError:212)
	at com.kms.katalon.core.main.ScriptEngine.run(ScriptEngine.java:194)
	at com.kms.katalon.core.main.ScriptEngine.runScriptAsRawText(ScriptEngine.java:119)
	at com.kms.katalon.core.main.TestCaseExecutor.runScript(TestCaseExecutor.java:448)
	at com.kms.katalon.core.main.TestCaseExecutor.doExecute(TestCaseExecutor.java:439)
	at com.kms.katalon.core.main.TestCaseExecutor.processExecutionPhase(TestCaseExecutor.java:418)
	at com.kms.katalon.core.main.TestCaseExecutor.accessMainPhase(TestCaseExecutor.java:410)
	at com.kms.katalon.core.main.TestCaseExecutor.execute(TestCaseExecutor.java:285)
	at com.kms.katalon.core.common.CommonExecutor.accessTestCaseMainPhase(CommonExecutor.java:65)
	at com.kms.katalon.core.main.TestSuiteExecutor.accessTestSuiteMainPhase(TestSuiteExecutor.java:148)
	at com.kms.katalon.core.main.TestSuiteExecutor.execute(TestSuiteExecutor.java:106)
	at com.kms.katalon.core.main.TestCaseMain.startTestSuite(TestCaseMain.java:187)
	at com.kms.katalon.core.main.TestCaseMain$startTestSuite$0.call(Unknown Source)
	at TempTestSuite1695829496928.run(TempTestSuite1695829496928.groovy:36)
)

2023-09-27 11:48:24 - [MESSAGE][FAILED] - Text 'The FEIN and Re-type FEIN do not match' is not present on page  using regular expression (Root cause: com.kms.katalon.core.exception.StepFailedException: Text 'The FEIN and Re-type FEIN do not match' is not present on page  using regular expression
	at com.kms.katalon.core.webui.keyword.internal.WebUIKeywordMain.stepFailed(WebUIKeywordMain.groovy:64)
	at com.kms.katalon.core.webui.keyword.builtin.VerifyTextPresentKeyword$_verifyTextPresent_closure1.doCall(VerifyTextPresentKeyword.groovy:79)
	at com.kms.katalon.core.webui.keyword.builtin.VerifyTextPresentKeyword$_verifyTextPresent_closure1.call(VerifyTextPresentKeyword.groovy)
	at com.kms.katalon.core.webui.keyword.internal.WebUIKeywordMain.runKeyword(WebUIKeywordMain.groovy:20)
	at com.kms.katalon.core.webui.keyword.builtin.VerifyTextPresentKeyword.verifyTextPresent(VerifyTextPresentKeyword.groovy:83)
	at com.kms.katalon.core.webui.keyword.builtin.VerifyTextPresentKeyword.execute(VerifyTextPresentKeyword.groovy:68)
	at com.kms.katalon.core.keyword.internal.KeywordExecutor.executeKeywordForPlatform(KeywordExecutor.groovy:74)
	at com.kms.katalon.core.webui.keyword.WebUiBuiltInKeywords.verifyTextPresent(WebUiBuiltInKeywords.groovy:1723)
	at com.kms.katalon.core.webui.keyword.WebUiBuiltInKeywords$verifyTextPresent$6.call(Unknown Source)
	at FEINmismatchError.run(FEINmismatchError:212)
	at com.kms.katalon.core.main.ScriptEngine.run(ScriptEngine.java:194)
	at com.kms.katalon.core.main.ScriptEngine.runScriptAsRawText(ScriptEngine.java:119)
	at com.kms.katalon.core.main.TestCaseExecutor.runScript(TestCaseExecutor.java:448)
	at com.kms.katalon.core.main.TestCaseExecutor.doExecute(TestCaseExecutor.java:439)
	at com.kms.katalon.core.main.TestCaseExecutor.processExecutionPhase(TestCaseExecutor.java:418)
	at com.kms.katalon.core.main.TestCaseExecutor.accessMainPhase(TestCaseExecutor.java:410)
	at com.kms.katalon.core.main.TestCaseExecutor.execute(TestCaseExecutor.java:285)
	at com.kms.katalon.core.common.CommonExecutor.accessTestCaseMainPhase(CommonExecutor.java:65)
	at com.kms.katalon.core.main.TestSuiteExecutor.accessTestSuiteMainPhase(TestSuiteExecutor.java:148)
	at com.kms.katalon.core.main.TestSuiteExecutor.execute(TestSuiteExecutor.java:106)
	at com.kms.katalon.core.main.TestCaseMain.startTestSuite(TestCaseMain.java:187)
	at com.kms.katalon.core.main.TestCaseMain$startTestSuite$0.call(Unknown Source)
	at TempTestSuite1695829496928.run(TempTestSuite1695829496928.groovy:36)
)

2023-09-27 11:48:24 - [TEST_STEP][FAILED] - if (verifyTextPresent("The FEIN and Re-type FEIN do not match", true)): Text 'The FEIN and Re-type FEIN do not match' is not present on page  using regular expression (Root cause: com.kms.katalon.core.exception.StepFailedException: Text 'The FEIN and Re-type FEIN do not match' is not present on page  using regular expression
	at com.kms.katalon.core.webui.keyword.internal.WebUIKeywordMain.stepFailed(WebUIKeywordMain.groovy:64)
	at com.kms.katalon.core.webui.keyword.builtin.VerifyTextPresentKeyword$_verifyTextPresent_closure1.doCall(VerifyTextPresentKeyword.groovy:79)
	at com.kms.katalon.core.webui.keyword.builtin.VerifyTextPresentKeyword$_verifyTextPresent_closure1.call(VerifyTextPresentKeyword.groovy)
	at com.kms.katalon.core.webui.keyword.internal.WebUIKeywordMain.runKeyword(WebUIKeywordMain.groovy:20)
	at com.kms.katalon.core.webui.keyword.builtin.VerifyTextPresentKeyword.verifyTextPresent(VerifyTextPresentKeyword.groovy:83)
	at com.kms.katalon.core.webui.keyword.builtin.VerifyTextPresentKeyword.execute(VerifyTextPresentKeyword.groovy:68)
	at com.kms.katalon.core.keyword.internal.KeywordExecutor.executeKeywordForPlatform(KeywordExecutor.groovy:74)
	at com.kms.katalon.core.webui.keyword.WebUiBuiltInKeywords.verifyTextPresent(WebUiBuiltInKeywords.groovy:1723)
	at com.kms.katalon.core.webui.keyword.WebUiBuiltInKeywords$verifyTextPresent$6.call(Unknown Source)
	at FEINmismatchError.run(FEINmismatchError:214)
	at com.kms.katalon.core.main.ScriptEngine.run(ScriptEngine.java:194)
	at com.kms.katalon.core.main.ScriptEngine.runScriptAsRawText(ScriptEngine.java:119)
	at com.kms.katalon.core.main.TestCaseExecutor.runScript(TestCaseExecutor.java:448)
	at com.kms.katalon.core.main.TestCaseExecutor.doExecute(TestCaseExecutor.java:439)
	at com.kms.katalon.core.main.TestCaseExecutor.processExecutionPhase(TestCaseExecutor.java:418)
	at com.kms.katalon.core.main.TestCaseExecutor.accessMainPhase(TestCaseExecutor.java:410)
	at com.kms.katalon.core.main.TestCaseExecutor.execute(TestCaseExecutor.java:285)
	at com.kms.katalon.core.common.CommonExecutor.accessTestCaseMainPhase(CommonExecutor.java:65)
	at com.kms.katalon.core.main.TestSuiteExecutor.accessTestSuiteMainPhase(TestSuiteExecutor.java:148)
	at com.kms.katalon.core.main.TestSuiteExecutor.execute(TestSuiteExecutor.java:106)
	at com.kms.katalon.core.main.TestCaseMain.startTestSuite(TestCaseMain.java:187)
	at com.kms.katalon.core.main.TestCaseMain$startTestSuite$0.call(Unknown Source)
	at TempTestSuite1695829496928.run(TempTestSuite1695829496928.groovy:36)
)

2023-09-27 11:48:24 - [MESSAGE][FAILED] - Text 'The FEIN and Re-type FEIN do not match' is not present on page  using regular expression (Root cause: com.kms.katalon.core.exception.StepFailedException: Text 'The FEIN and Re-type FEIN do not match' is not present on page  using regular expression
	at com.kms.katalon.core.webui.keyword.internal.WebUIKeywordMain.stepFailed(WebUIKeywordMain.groovy:64)
	at com.kms.katalon.core.webui.keyword.builtin.VerifyTextPresentKeyword$_verifyTextPresent_closure1.doCall(VerifyTextPresentKeyword.groovy:79)
	at com.kms.katalon.core.webui.keyword.builtin.VerifyTextPresentKeyword$_verifyTextPresent_closure1.call(VerifyTextPresentKeyword.groovy)
	at com.kms.katalon.core.webui.keyword.internal.WebUIKeywordMain.runKeyword(WebUIKeywordMain.groovy:20)
	at com.kms.katalon.core.webui.keyword.builtin.VerifyTextPresentKeyword.verifyTextPresent(VerifyTextPresentKeyword.groovy:83)
	at com.kms.katalon.core.webui.keyword.builtin.VerifyTextPresentKeyword.execute(VerifyTextPresentKeyword.groovy:68)
	at com.kms.katalon.core.keyword.internal.KeywordExecutor.executeKeywordForPlatform(KeywordExecutor.groovy:74)
	at com.kms.katalon.core.webui.keyword.WebUiBuiltInKeywords.verifyTextPresent(WebUiBuiltInKeywords.groovy:1723)
	at com.kms.katalon.core.webui.keyword.WebUiBuiltInKeywords$verifyTextPresent$6.call(Unknown Source)
	at FEINmismatchError.run(FEINmismatchError:214)
	at com.kms.katalon.core.main.ScriptEngine.run(ScriptEngine.java:194)
	at com.kms.katalon.core.main.ScriptEngine.runScriptAsRawText(ScriptEngine.java:119)
	at com.kms.katalon.core.main.TestCaseExecutor.runScript(TestCaseExecutor.java:448)
	at com.kms.katalon.core.main.TestCaseExecutor.doExecute(TestCaseExecutor.java:439)
	at com.kms.katalon.core.main.TestCaseExecutor.processExecutionPhase(TestCaseExecutor.java:418)
	at com.kms.katalon.core.main.TestCaseExecutor.accessMainPhase(TestCaseExecutor.java:410)
	at com.kms.katalon.core.main.TestCaseExecutor.execute(TestCaseExecutor.java:285)
	at com.kms.katalon.core.common.CommonExecutor.accessTestCaseMainPhase(CommonExecutor.java:65)
	at com.kms.katalon.core.main.TestSuiteExecutor.accessTestSuiteMainPhase(TestSuiteExecutor.java:148)
	at com.kms.katalon.core.main.TestSuiteExecutor.execute(TestSuiteExecutor.java:106)
	at com.kms.katalon.core.main.TestCaseMain.startTestSuite(TestCaseMain.java:187)
	at com.kms.katalon.core.main.TestCaseMain$startTestSuite$0.call(Unknown Source)
	at TempTestSuite1695829496928.run(TempTestSuite1695829496928.groovy:36)
)

2023-09-27 11:48:24 - [TEST_STEP][PASSED] - else: pages.WriteExcel.demoKey is PASSED

2023-09-27 11:48:24 - [TEST_STEP][PASSED] - println("Error Message is NOT present on the page"): null

2023-09-27 11:48:24 - [TEST_STEP][PASSED] - out.println("Fail Record Number: " + row): null

2023-09-27 11:48:24 - [TEST_STEP][PASSED] - resText = "Fail": null

2023-09-27 11:48:24 - [TEST_STEP][PASSED] - pages.WriteExcel.demoKey(resText, datText, resColumn, datCloumn, fileLoc, nameSheet, row): pages.WriteExcel.demoKey is PASSED

2023-09-27 11:48:24 - [MESSAGE][PASSED] - pages.WriteExcel.demoKey is PASSED

2023-09-27 11:48:24 - [TEST_STEP][PASSED] - ExecuteTC = findTestData(dataFile).getValue("Execute", row): null

2023-09-27 11:48:24 - [TEST_STEP][PASSED] - Taxtype = findTestData(dataFile).getValue("TaxType", row): null

2023-09-27 11:48:24 - [TEST_STEP][PASSED] - Paymenttype = findTestData(dataFile).getValue("PaymentType", row): null

2023-09-27 11:48:24 - [TEST_STEP][PASSED] - feinSSN = findTestData(dataFile).getValue("FeinSsn", row): null

2023-09-27 11:48:24 - [TEST_STEP][PASSED] - out.println("Value of Execute is : " + ExecuteTC): null

2023-09-27 11:48:24 - [TEST_STEP][FAILED] - if (ExecuteTC.equalsIgnoreCase("Y")): null

2023-09-27 11:48:24 - [TEST_STEP][PASSED] - out.println("Begin Record Number: " + row): null

2023-09-27 11:48:24 - [TEST_STEP][PASSED] - today = new java.util.Date(): null

2023-09-27 11:48:24 - [TEST_STEP][PASSED] - println(today): null

2023-09-27 11:48:24 - [TEST_STEP][PASSED] - datText = today: null

2023-09-27 11:48:24 - [TEST_STEP][PASSED] - Taxtype = findTestData(dataFile).getValue("TaxType", row): null

2023-09-27 11:48:24 - [TEST_STEP][PASSED] - out.println("Taxtype value is : " + Taxtype): null

2023-09-27 11:48:24 - [TEST_STEP][PASSED] - openBrowser(""): Browser is opened with url: ''

2023-09-27 11:48:24 - [MESSAGE][WARNING] - A browser is already opened. Closing browser and opening a new one

2023-09-27 11:48:25 - [MESSAGE][INFO] - Starting 'Chrome' driver

2023-09-27 11:48:25 - [MESSAGE][INFO] - User set preference: ['acceptInsecureCerts', 'true']

2023-09-27 11:48:25 - [MESSAGE][INFO] - Action delay is set to 0 milliseconds

2023-09-27 11:48:27 - [MESSAGE][PASSED] - Browser is opened with url: ''

2023-09-27 11:48:27 - [TEST_STEP][PASSED] - maximizeWindow(): Current window maximized

2023-09-27 11:48:27 - [MESSAGE][PASSED] - Current window maximized

2023-09-27 11:48:27 - [TEST_STEP][PASSED] - navigateToUrl(RADurl): Navigate to 'https://qa2.velocitypayment.com/client/rad/index.html' successfully

2023-09-27 11:48:28 - [MESSAGE][PASSED] - Navigate to 'https://qa2.velocitypayment.com/client/rad/index.html' successfully

2023-09-27 11:48:28 - [TEST_STEP][PASSED] - orPath_Landing = "Object Repository/RAD_Pages/Landing_Page": null

2023-09-27 11:48:28 - [TEST_STEP][PASSED] - orPath_TaxTypeFilingYear = "Object Repository/RAD_Pages/TaxTypeFilingYear_Page": null

2023-09-27 11:48:28 - [TEST_STEP][PASSED] - orPath_TaxPayer = "Object Repository/RAD_Pages/Taxpayer_Page": null

2023-09-27 11:48:28 - [TEST_STEP][PASSED] - orPath_AddressContact = "Object Repository/RAD_Pages/AddressAndContactInfo_Page": null

2023-09-27 11:48:28 - [TEST_STEP][PASSED] - orPath_FilingStatus = "Object Repository/RAD_Pages/FilingStatus_Page": null

2023-09-27 11:48:28 - [TEST_STEP][PASSED] - orPath_Amount = "Object Repository/RAD_Pages/PaymentAmount_Page": null

2023-09-27 11:48:28 - [TEST_STEP][PASSED] - orPath_TaxInfo = "Object Repository/RAD_Pages/TaxInfo_Page": null

2023-09-27 11:48:28 - [TEST_STEP][PASSED] - orPath_Withholding = "Object Repository/RAD_Pages/Withholding_Page": null

2023-09-27 11:48:28 - [TEST_STEP][PASSED] - orPath_Summary = "Object Repository/RAD_Pages/Summary_Page": null

2023-09-27 11:48:28 - [TEST_STEP][PASSED] - orPath_PaymentReady = "Object Repository/RAD_Pages/PaymentReady_Page": null

2023-09-27 11:48:28 - [TEST_STEP][PASSED] - orPath_PaymentEntry = "Object Repository/RAD_Pages/PaymentEntry_Page": null

2023-09-27 11:48:28 - [TEST_STEP][PASSED] - orPath_PaymentConfirmation = "Object Repository/RAD_Pages/PaymentConfirmation_Page": null

2023-09-27 11:48:28 - [TEST_STEP][PASSED] - orPath_ServiceFeesAccept = "Object Repository/RAD_Pages/ServiceFeeAccept_Page": null

2023-09-27 11:48:28 - [TEST_STEP][PASSED] - selectOptionByLabel(findTestObject(orPath_Landing + "/dd_TaxType"), Paymenttype, false): All options with label 'Quarterly Estimated Tax' are selected in object 'Object Repository/RAD_Pages/Landing_Page/dd_TaxType' 

2023-09-27 11:48:29 - [MESSAGE][PASSED] - All options with label 'Quarterly Estimated Tax' are selected in object 'Object Repository/RAD_Pages/Landing_Page/dd_TaxType' 

2023-09-27 11:48:29 - [TEST_STEP][PASSED] - delay(1): Delayed 1 second(s)

2023-09-27 11:48:30 - [MESSAGE][PASSED] - Delayed 1 second(s)

2023-09-27 11:48:30 - [TEST_STEP][PASSED] - switch (Paymenttype): null

2023-09-27 11:48:30 - [TEST_STEP][PASSED] - case "Quarterly Estimated Tax":: null

2023-09-27 11:48:30 - [TEST_STEP][PASSED] - selectOptionByLabel(findTestObject(orPath_TaxTypeFilingYear + "/select_PaymentType"), Taxtype, false): All options with label 'PTE Tax Electing S Corp' are selected in object 'Object Repository/RAD_Pages/TaxTypeFilingYear_Page/select_PaymentType' 

2023-09-27 11:48:31 - [MESSAGE][PASSED] - All options with label 'PTE Tax Electing S Corp' are selected in object 'Object Repository/RAD_Pages/TaxTypeFilingYear_Page/select_PaymentType' 

2023-09-27 11:48:31 - [TEST_STEP][PASSED] - break: null

2023-09-27 11:48:31 - [TEST_STEP][PASSED] - delay(1): Delayed 1 second(s)

2023-09-27 11:48:32 - [MESSAGE][PASSED] - Delayed 1 second(s)

2023-09-27 11:48:32 - [TEST_STEP][PASSED] - scrollToElement(findTestObject(orPath_Amount + "/input__paymentAmount"), 2, CONTINUE_ON_FAILURE): Scroll to object 'Object Repository/RAD_Pages/PaymentAmount_Page/input__paymentAmount' successfully

2023-09-27 11:48:32 - [MESSAGE][PASSED] - Scroll to object 'Object Repository/RAD_Pages/PaymentAmount_Page/input__paymentAmount' successfully

2023-09-27 11:48:32 - [TEST_STEP][PASSED] - switch (Paymenttype): null

2023-09-27 11:48:32 - [TEST_STEP][PASSED] - case "Quarterly Estimated Tax":: null

2023-09-27 11:48:32 - [TEST_STEP][PASSED] - if (feinSSN.equalsIgnoreCase("Y")): Text ****** has been set on object 'Object Repository/RAD_Pages/TaxInfo_Page/input_TaxInformation_RefeinSsn'

2023-09-27 11:48:32 - [TEST_STEP][PASSED] - setEncryptedText(findTestObject(orPath_TaxInfo + "/input_TaxInformation_feinSsn"), "RigbBhfdqODKcAsiUrg+1Q=="): Text ****** has been set on object 'Object Repository/RAD_Pages/TaxInfo_Page/input_TaxInformation_feinSsn'

2023-09-27 11:48:33 - [MESSAGE][PASSED] - Text ****** has been set on object 'Object Repository/RAD_Pages/TaxInfo_Page/input_TaxInformation_feinSsn'

2023-09-27 11:48:33 - [TEST_STEP][PASSED] - setEncryptedText(findTestObject(orPath_TaxInfo + "/input_TaxInformation_RefeinSsn"), "RigbBhfdqOD+04WBHw5iKw=="): Text ****** has been set on object 'Object Repository/RAD_Pages/TaxInfo_Page/input_TaxInformation_RefeinSsn'

2023-09-27 11:48:34 - [MESSAGE][PASSED] - Text ****** has been set on object 'Object Repository/RAD_Pages/TaxInfo_Page/input_TaxInformation_RefeinSsn'

2023-09-27 11:48:34 - [TEST_STEP][PASSED] - break: null

2023-09-27 11:48:34 - [TEST_STEP][PASSED] - setText(findTestObject(orPath_Amount + "/input__paymentAmount"), ""): Text '' is set on object 'Object Repository/RAD_Pages/PaymentAmount_Page/input__paymentAmount'

2023-09-27 11:48:35 - [MESSAGE][PASSED] - Text '' is set on object 'Object Repository/RAD_Pages/PaymentAmount_Page/input__paymentAmount'

2023-09-27 11:48:35 - [TEST_STEP][FAILED] - verifyTextPresent("The FEIN and Re-type FEIN do not match", true): Text 'The FEIN and Re-type FEIN do not match' is not present on page  using regular expression (Root cause: com.kms.katalon.core.exception.StepFailedException: Text 'The FEIN and Re-type FEIN do not match' is not present on page  using regular expression
	at com.kms.katalon.core.webui.keyword.internal.WebUIKeywordMain.stepFailed(WebUIKeywordMain.groovy:64)
	at com.kms.katalon.core.webui.keyword.builtin.VerifyTextPresentKeyword$_verifyTextPresent_closure1.doCall(VerifyTextPresentKeyword.groovy:79)
	at com.kms.katalon.core.webui.keyword.builtin.VerifyTextPresentKeyword$_verifyTextPresent_closure1.call(VerifyTextPresentKeyword.groovy)
	at com.kms.katalon.core.webui.keyword.internal.WebUIKeywordMain.runKeyword(WebUIKeywordMain.groovy:20)
	at com.kms.katalon.core.webui.keyword.builtin.VerifyTextPresentKeyword.verifyTextPresent(VerifyTextPresentKeyword.groovy:83)
	at com.kms.katalon.core.webui.keyword.builtin.VerifyTextPresentKeyword.execute(VerifyTextPresentKeyword.groovy:68)
	at com.kms.katalon.core.keyword.internal.KeywordExecutor.executeKeywordForPlatform(KeywordExecutor.groovy:74)
	at com.kms.katalon.core.webui.keyword.WebUiBuiltInKeywords.verifyTextPresent(WebUiBuiltInKeywords.groovy:1723)
	at com.kms.katalon.core.webui.keyword.WebUiBuiltInKeywords$verifyTextPresent$6.call(Unknown Source)
	at FEINmismatchError.run(FEINmismatchError:212)
	at com.kms.katalon.core.main.ScriptEngine.run(ScriptEngine.java:194)
	at com.kms.katalon.core.main.ScriptEngine.runScriptAsRawText(ScriptEngine.java:119)
	at com.kms.katalon.core.main.TestCaseExecutor.runScript(TestCaseExecutor.java:448)
	at com.kms.katalon.core.main.TestCaseExecutor.doExecute(TestCaseExecutor.java:439)
	at com.kms.katalon.core.main.TestCaseExecutor.processExecutionPhase(TestCaseExecutor.java:418)
	at com.kms.katalon.core.main.TestCaseExecutor.accessMainPhase(TestCaseExecutor.java:410)
	at com.kms.katalon.core.main.TestCaseExecutor.execute(TestCaseExecutor.java:285)
	at com.kms.katalon.core.common.CommonExecutor.accessTestCaseMainPhase(CommonExecutor.java:65)
	at com.kms.katalon.core.main.TestSuiteExecutor.accessTestSuiteMainPhase(TestSuiteExecutor.java:148)
	at com.kms.katalon.core.main.TestSuiteExecutor.execute(TestSuiteExecutor.java:106)
	at com.kms.katalon.core.main.TestCaseMain.startTestSuite(TestCaseMain.java:187)
	at com.kms.katalon.core.main.TestCaseMain$startTestSuite$0.call(Unknown Source)
	at TempTestSuite1695829496928.run(TempTestSuite1695829496928.groovy:36)
)

2023-09-27 11:48:35 - [MESSAGE][FAILED] - Text 'The FEIN and Re-type FEIN do not match' is not present on page  using regular expression (Root cause: com.kms.katalon.core.exception.StepFailedException: Text 'The FEIN and Re-type FEIN do not match' is not present on page  using regular expression
	at com.kms.katalon.core.webui.keyword.internal.WebUIKeywordMain.stepFailed(WebUIKeywordMain.groovy:64)
	at com.kms.katalon.core.webui.keyword.builtin.VerifyTextPresentKeyword$_verifyTextPresent_closure1.doCall(VerifyTextPresentKeyword.groovy:79)
	at com.kms.katalon.core.webui.keyword.builtin.VerifyTextPresentKeyword$_verifyTextPresent_closure1.call(VerifyTextPresentKeyword.groovy)
	at com.kms.katalon.core.webui.keyword.internal.WebUIKeywordMain.runKeyword(WebUIKeywordMain.groovy:20)
	at com.kms.katalon.core.webui.keyword.builtin.VerifyTextPresentKeyword.verifyTextPresent(VerifyTextPresentKeyword.groovy:83)
	at com.kms.katalon.core.webui.keyword.builtin.VerifyTextPresentKeyword.execute(VerifyTextPresentKeyword.groovy:68)
	at com.kms.katalon.core.keyword.internal.KeywordExecutor.executeKeywordForPlatform(KeywordExecutor.groovy:74)
	at com.kms.katalon.core.webui.keyword.WebUiBuiltInKeywords.verifyTextPresent(WebUiBuiltInKeywords.groovy:1723)
	at com.kms.katalon.core.webui.keyword.WebUiBuiltInKeywords$verifyTextPresent$6.call(Unknown Source)
	at FEINmismatchError.run(FEINmismatchError:212)
	at com.kms.katalon.core.main.ScriptEngine.run(ScriptEngine.java:194)
	at com.kms.katalon.core.main.ScriptEngine.runScriptAsRawText(ScriptEngine.java:119)
	at com.kms.katalon.core.main.TestCaseExecutor.runScript(TestCaseExecutor.java:448)
	at com.kms.katalon.core.main.TestCaseExecutor.doExecute(TestCaseExecutor.java:439)
	at com.kms.katalon.core.main.TestCaseExecutor.processExecutionPhase(TestCaseExecutor.java:418)
	at com.kms.katalon.core.main.TestCaseExecutor.accessMainPhase(TestCaseExecutor.java:410)
	at com.kms.katalon.core.main.TestCaseExecutor.execute(TestCaseExecutor.java:285)
	at com.kms.katalon.core.common.CommonExecutor.accessTestCaseMainPhase(CommonExecutor.java:65)
	at com.kms.katalon.core.main.TestSuiteExecutor.accessTestSuiteMainPhase(TestSuiteExecutor.java:148)
	at com.kms.katalon.core.main.TestSuiteExecutor.execute(TestSuiteExecutor.java:106)
	at com.kms.katalon.core.main.TestCaseMain.startTestSuite(TestCaseMain.java:187)
	at com.kms.katalon.core.main.TestCaseMain$startTestSuite$0.call(Unknown Source)
	at TempTestSuite1695829496928.run(TempTestSuite1695829496928.groovy:36)
)

2023-09-27 11:48:35 - [TEST_STEP][FAILED] - if (verifyTextPresent("The FEIN and Re-type FEIN do not match", true)): Text 'The FEIN and Re-type FEIN do not match' is not present on page  using regular expression (Root cause: com.kms.katalon.core.exception.StepFailedException: Text 'The FEIN and Re-type FEIN do not match' is not present on page  using regular expression
	at com.kms.katalon.core.webui.keyword.internal.WebUIKeywordMain.stepFailed(WebUIKeywordMain.groovy:64)
	at com.kms.katalon.core.webui.keyword.builtin.VerifyTextPresentKeyword$_verifyTextPresent_closure1.doCall(VerifyTextPresentKeyword.groovy:79)
	at com.kms.katalon.core.webui.keyword.builtin.VerifyTextPresentKeyword$_verifyTextPresent_closure1.call(VerifyTextPresentKeyword.groovy)
	at com.kms.katalon.core.webui.keyword.internal.WebUIKeywordMain.runKeyword(WebUIKeywordMain.groovy:20)
	at com.kms.katalon.core.webui.keyword.builtin.VerifyTextPresentKeyword.verifyTextPresent(VerifyTextPresentKeyword.groovy:83)
	at com.kms.katalon.core.webui.keyword.builtin.VerifyTextPresentKeyword.execute(VerifyTextPresentKeyword.groovy:68)
	at com.kms.katalon.core.keyword.internal.KeywordExecutor.executeKeywordForPlatform(KeywordExecutor.groovy:74)
	at com.kms.katalon.core.webui.keyword.WebUiBuiltInKeywords.verifyTextPresent(WebUiBuiltInKeywords.groovy:1723)
	at com.kms.katalon.core.webui.keyword.WebUiBuiltInKeywords$verifyTextPresent$6.call(Unknown Source)
	at FEINmismatchError.run(FEINmismatchError:214)
	at com.kms.katalon.core.main.ScriptEngine.run(ScriptEngine.java:194)
	at com.kms.katalon.core.main.ScriptEngine.runScriptAsRawText(ScriptEngine.java:119)
	at com.kms.katalon.core.main.TestCaseExecutor.runScript(TestCaseExecutor.java:448)
	at com.kms.katalon.core.main.TestCaseExecutor.doExecute(TestCaseExecutor.java:439)
	at com.kms.katalon.core.main.TestCaseExecutor.processExecutionPhase(TestCaseExecutor.java:418)
	at com.kms.katalon.core.main.TestCaseExecutor.accessMainPhase(TestCaseExecutor.java:410)
	at com.kms.katalon.core.main.TestCaseExecutor.execute(TestCaseExecutor.java:285)
	at com.kms.katalon.core.common.CommonExecutor.accessTestCaseMainPhase(CommonExecutor.java:65)
	at com.kms.katalon.core.main.TestSuiteExecutor.accessTestSuiteMainPhase(TestSuiteExecutor.java:148)
	at com.kms.katalon.core.main.TestSuiteExecutor.execute(TestSuiteExecutor.java:106)
	at com.kms.katalon.core.main.TestCaseMain.startTestSuite(TestCaseMain.java:187)
	at com.kms.katalon.core.main.TestCaseMain$startTestSuite$0.call(Unknown Source)
	at TempTestSuite1695829496928.run(TempTestSuite1695829496928.groovy:36)
)

2023-09-27 11:48:36 - [MESSAGE][FAILED] - Text 'The FEIN and Re-type FEIN do not match' is not present on page  using regular expression (Root cause: com.kms.katalon.core.exception.StepFailedException: Text 'The FEIN and Re-type FEIN do not match' is not present on page  using regular expression
	at com.kms.katalon.core.webui.keyword.internal.WebUIKeywordMain.stepFailed(WebUIKeywordMain.groovy:64)
	at com.kms.katalon.core.webui.keyword.builtin.VerifyTextPresentKeyword$_verifyTextPresent_closure1.doCall(VerifyTextPresentKeyword.groovy:79)
	at com.kms.katalon.core.webui.keyword.builtin.VerifyTextPresentKeyword$_verifyTextPresent_closure1.call(VerifyTextPresentKeyword.groovy)
	at com.kms.katalon.core.webui.keyword.internal.WebUIKeywordMain.runKeyword(WebUIKeywordMain.groovy:20)
	at com.kms.katalon.core.webui.keyword.builtin.VerifyTextPresentKeyword.verifyTextPresent(VerifyTextPresentKeyword.groovy:83)
	at com.kms.katalon.core.webui.keyword.builtin.VerifyTextPresentKeyword.execute(VerifyTextPresentKeyword.groovy:68)
	at com.kms.katalon.core.keyword.internal.KeywordExecutor.executeKeywordForPlatform(KeywordExecutor.groovy:74)
	at com.kms.katalon.core.webui.keyword.WebUiBuiltInKeywords.verifyTextPresent(WebUiBuiltInKeywords.groovy:1723)
	at com.kms.katalon.core.webui.keyword.WebUiBuiltInKeywords$verifyTextPresent$6.call(Unknown Source)
	at FEINmismatchError.run(FEINmismatchError:214)
	at com.kms.katalon.core.main.ScriptEngine.run(ScriptEngine.java:194)
	at com.kms.katalon.core.main.ScriptEngine.runScriptAsRawText(ScriptEngine.java:119)
	at com.kms.katalon.core.main.TestCaseExecutor.runScript(TestCaseExecutor.java:448)
	at com.kms.katalon.core.main.TestCaseExecutor.doExecute(TestCaseExecutor.java:439)
	at com.kms.katalon.core.main.TestCaseExecutor.processExecutionPhase(TestCaseExecutor.java:418)
	at com.kms.katalon.core.main.TestCaseExecutor.accessMainPhase(TestCaseExecutor.java:410)
	at com.kms.katalon.core.main.TestCaseExecutor.execute(TestCaseExecutor.java:285)
	at com.kms.katalon.core.common.CommonExecutor.accessTestCaseMainPhase(CommonExecutor.java:65)
	at com.kms.katalon.core.main.TestSuiteExecutor.accessTestSuiteMainPhase(TestSuiteExecutor.java:148)
	at com.kms.katalon.core.main.TestSuiteExecutor.execute(TestSuiteExecutor.java:106)
	at com.kms.katalon.core.main.TestCaseMain.startTestSuite(TestCaseMain.java:187)
	at com.kms.katalon.core.main.TestCaseMain$startTestSuite$0.call(Unknown Source)
	at TempTestSuite1695829496928.run(TempTestSuite1695829496928.groovy:36)
)

2023-09-27 11:48:36 - [TEST_STEP][PASSED] - else: pages.WriteExcel.demoKey is PASSED

2023-09-27 11:48:36 - [TEST_STEP][PASSED] - println("Error Message is NOT present on the page"): null

2023-09-27 11:48:36 - [TEST_STEP][PASSED] - out.println("Fail Record Number: " + row): null

2023-09-27 11:48:36 - [TEST_STEP][PASSED] - resText = "Fail": null

2023-09-27 11:48:36 - [TEST_STEP][PASSED] - pages.WriteExcel.demoKey(resText, datText, resColumn, datCloumn, fileLoc, nameSheet, row): pages.WriteExcel.demoKey is PASSED

2023-09-27 11:48:36 - [MESSAGE][PASSED] - pages.WriteExcel.demoKey is PASSED

2023-09-27 11:48:36 - [TEST_STEP][PASSED] - ExecuteTC = findTestData(dataFile).getValue("Execute", row): null

2023-09-27 11:48:36 - [TEST_STEP][PASSED] - Taxtype = findTestData(dataFile).getValue("TaxType", row): null

2023-09-27 11:48:36 - [TEST_STEP][PASSED] - Paymenttype = findTestData(dataFile).getValue("PaymentType", row): null

2023-09-27 11:48:36 - [TEST_STEP][PASSED] - feinSSN = findTestData(dataFile).getValue("FeinSsn", row): null

2023-09-27 11:48:36 - [TEST_STEP][PASSED] - out.println("Value of Execute is : " + ExecuteTC): null

2023-09-27 11:48:36 - [TEST_STEP][PASSED] - if (ExecuteTC.equalsIgnoreCase("Y")): null

2023-09-27 11:48:36 - [TEST_STEP][PASSED] - out.println("Begin Record Number: " + row): null

2023-09-27 11:48:36 - [TEST_STEP][PASSED] - today = new java.util.Date(): null

2023-09-27 11:48:36 - [TEST_STEP][PASSED] - println(today): null

2023-09-27 11:48:36 - [TEST_STEP][PASSED] - datText = today: null

2023-09-27 11:48:36 - [TEST_STEP][PASSED] - Taxtype = findTestData(dataFile).getValue("TaxType", row): null

2023-09-27 11:48:36 - [TEST_STEP][PASSED] - out.println("Taxtype value is : " + Taxtype): null

2023-09-27 11:48:36 - [TEST_STEP][PASSED] - openBrowser(""): Browser is opened with url: ''

2023-09-27 11:48:36 - [MESSAGE][WARNING] - A browser is already opened. Closing browser and opening a new one

2023-09-27 11:48:37 - [MESSAGE][INFO] - Starting 'Chrome' driver

2023-09-27 11:48:37 - [MESSAGE][INFO] - User set preference: ['acceptInsecureCerts', 'true']

2023-09-27 11:48:37 - [MESSAGE][INFO] - Action delay is set to 0 milliseconds

2023-09-27 11:48:38 - [MESSAGE][PASSED] - Browser is opened with url: ''

2023-09-27 11:48:38 - [TEST_STEP][PASSED] - maximizeWindow(): Current window maximized

2023-09-27 11:48:39 - [MESSAGE][PASSED] - Current window maximized

2023-09-27 11:48:39 - [TEST_STEP][PASSED] - navigateToUrl(RADurl): Navigate to 'https://qa2.velocitypayment.com/client/rad/index.html' successfully

2023-09-27 11:48:40 - [MESSAGE][PASSED] - Navigate to 'https://qa2.velocitypayment.com/client/rad/index.html' successfully

2023-09-27 11:48:40 - [TEST_STEP][PASSED] - orPath_Landing = "Object Repository/RAD_Pages/Landing_Page": null

2023-09-27 11:48:40 - [TEST_STEP][PASSED] - orPath_TaxTypeFilingYear = "Object Repository/RAD_Pages/TaxTypeFilingYear_Page": null

2023-09-27 11:48:40 - [TEST_STEP][PASSED] - orPath_TaxPayer = "Object Repository/RAD_Pages/Taxpayer_Page": null

2023-09-27 11:48:40 - [TEST_STEP][PASSED] - orPath_AddressContact = "Object Repository/RAD_Pages/AddressAndContactInfo_Page": null

2023-09-27 11:48:40 - [TEST_STEP][PASSED] - orPath_FilingStatus = "Object Repository/RAD_Pages/FilingStatus_Page": null

2023-09-27 11:48:40 - [TEST_STEP][PASSED] - orPath_Amount = "Object Repository/RAD_Pages/PaymentAmount_Page": null

2023-09-27 11:48:40 - [TEST_STEP][PASSED] - orPath_TaxInfo = "Object Repository/RAD_Pages/TaxInfo_Page": null

2023-09-27 11:48:40 - [TEST_STEP][PASSED] - orPath_Withholding = "Object Repository/RAD_Pages/Withholding_Page": null

2023-09-27 11:48:40 - [TEST_STEP][PASSED] - orPath_Summary = "Object Repository/RAD_Pages/Summary_Page": null

2023-09-27 11:48:40 - [TEST_STEP][PASSED] - orPath_PaymentReady = "Object Repository/RAD_Pages/PaymentReady_Page": null

2023-09-27 11:48:40 - [TEST_STEP][PASSED] - orPath_PaymentEntry = "Object Repository/RAD_Pages/PaymentEntry_Page": null

2023-09-27 11:48:40 - [TEST_STEP][PASSED] - orPath_PaymentConfirmation = "Object Repository/RAD_Pages/PaymentConfirmation_Page": null

2023-09-27 11:48:40 - [TEST_STEP][PASSED] - orPath_ServiceFeesAccept = "Object Repository/RAD_Pages/ServiceFeeAccept_Page": null

2023-09-27 11:48:40 - [TEST_STEP][PASSED] - selectOptionByLabel(findTestObject(orPath_Landing + "/dd_TaxType"), Paymenttype, false): All options with label 'Extension Payments' are selected in object 'Object Repository/RAD_Pages/Landing_Page/dd_TaxType' 

2023-09-27 11:48:41 - [MESSAGE][PASSED] - All options with label 'Extension Payments' are selected in object 'Object Repository/RAD_Pages/Landing_Page/dd_TaxType' 

2023-09-27 11:48:41 - [TEST_STEP][PASSED] - delay(1): Delayed 1 second(s)

2023-09-27 11:48:42 - [MESSAGE][PASSED] - Delayed 1 second(s)

2023-09-27 11:48:42 - [TEST_STEP][PASSED] - switch (Paymenttype): null

2023-09-27 11:48:42 - [TEST_STEP][PASSED] - case "Extension Payments":: null

2023-09-27 11:48:42 - [TEST_STEP][PASSED] - selectOptionByLabel(findTestObject(orPath_TaxTypeFilingYear + "/select_PaymentType"), Taxtype, false): All options with label 'Corporate Income Tax' are selected in object 'Object Repository/RAD_Pages/TaxTypeFilingYear_Page/select_PaymentType' 

2023-09-27 11:48:42 - [MESSAGE][PASSED] - All options with label 'Corporate Income Tax' are selected in object 'Object Repository/RAD_Pages/TaxTypeFilingYear_Page/select_PaymentType' 

2023-09-27 11:48:42 - [TEST_STEP][PASSED] - break: null

2023-09-27 11:48:42 - [TEST_STEP][PASSED] - delay(1): Delayed 1 second(s)

2023-09-27 11:48:43 - [MESSAGE][PASSED] - Delayed 1 second(s)

2023-09-27 11:48:43 - [TEST_STEP][PASSED] - scrollToElement(findTestObject(orPath_Amount + "/input__paymentAmount"), 2, CONTINUE_ON_FAILURE): Scroll to object 'Object Repository/RAD_Pages/PaymentAmount_Page/input__paymentAmount' successfully

2023-09-27 11:48:44 - [MESSAGE][PASSED] - Scroll to object 'Object Repository/RAD_Pages/PaymentAmount_Page/input__paymentAmount' successfully

2023-09-27 11:48:44 - [TEST_STEP][PASSED] - switch (Paymenttype): null

2023-09-27 11:48:44 - [TEST_STEP][PASSED] - case "Extension Payments":: null

2023-09-27 11:48:44 - [TEST_STEP][PASSED] - if (feinSSN.equalsIgnoreCase("Y")): null

2023-09-27 11:48:44 - [TEST_STEP][PASSED] - else: Text ****** has been set on object 'Object Repository/RAD_Pages/TaxInfo_Page/input_FederalEIN_ReEnter'

2023-09-27 11:48:44 - [TEST_STEP][PASSED] - setEncryptedText(findTestObject(orPath_TaxInfo + "/input_FederalEIN"), "RigbBhfdqODKcAsiUrg+1Q=="): Text ****** has been set on object 'Object Repository/RAD_Pages/TaxInfo_Page/input_FederalEIN'

2023-09-27 11:48:45 - [MESSAGE][PASSED] - Text ****** has been set on object 'Object Repository/RAD_Pages/TaxInfo_Page/input_FederalEIN'

2023-09-27 11:48:45 - [TEST_STEP][PASSED] - setEncryptedText(findTestObject(orPath_TaxInfo + "/input_FederalEIN_ReEnter"), "RigbBhfdqOBBGbZqm4oFJQ=="): Text ****** has been set on object 'Object Repository/RAD_Pages/TaxInfo_Page/input_FederalEIN_ReEnter'

2023-09-27 11:48:46 - [MESSAGE][PASSED] - Text ****** has been set on object 'Object Repository/RAD_Pages/TaxInfo_Page/input_FederalEIN_ReEnter'

2023-09-27 11:48:46 - [TEST_STEP][PASSED] - break: null

2023-09-27 11:48:46 - [TEST_STEP][PASSED] - setText(findTestObject(orPath_Amount + "/input__paymentAmount"), ""): Text '' is set on object 'Object Repository/RAD_Pages/PaymentAmount_Page/input__paymentAmount'

2023-09-27 11:48:47 - [MESSAGE][PASSED] - Text '' is set on object 'Object Repository/RAD_Pages/PaymentAmount_Page/input__paymentAmount'

2023-09-27 11:48:47 - [TEST_STEP][PASSED] - verifyTextPresent("The FEIN and Re-type FEIN do not match", true): Text 'The FEIN and Re-type FEIN do not match' is present on page  using regular expression

2023-09-27 11:48:47 - [MESSAGE][PASSED] - Text 'The FEIN and Re-type FEIN do not match' is present on page  using regular expression

2023-09-27 11:48:47 - [TEST_STEP][PASSED] - if (verifyTextPresent("The FEIN and Re-type FEIN do not match", true)): null

2023-09-27 11:48:48 - [MESSAGE][PASSED] - Text 'The FEIN and Re-type FEIN do not match' is present on page  using regular expression

2023-09-27 11:48:48 - [TEST_STEP][PASSED] - println("Error Message is present on the page"): null

2023-09-27 11:48:48 - [TEST_STEP][PASSED] - out.println("Pass Record Number: " + row): null

2023-09-27 11:48:48 - [TEST_STEP][PASSED] - resText = "Pass": null

2023-09-27 11:48:48 - [TEST_STEP][PASSED] - pages.WriteExcel.demoKey(resText, datText, resColumn, datCloumn, fileLoc, nameSheet, row): pages.WriteExcel.demoKey is PASSED

2023-09-27 11:48:48 - [MESSAGE][PASSED] - pages.WriteExcel.demoKey is PASSED

2023-09-27 11:48:48 - [TEST_STEP][PASSED] - ExecuteTC = findTestData(dataFile).getValue("Execute", row): null

2023-09-27 11:48:48 - [TEST_STEP][PASSED] - Taxtype = findTestData(dataFile).getValue("TaxType", row): null

2023-09-27 11:48:48 - [TEST_STEP][PASSED] - Paymenttype = findTestData(dataFile).getValue("PaymentType", row): null

2023-09-27 11:48:48 - [TEST_STEP][PASSED] - feinSSN = findTestData(dataFile).getValue("FeinSsn", row): null

2023-09-27 11:48:48 - [TEST_STEP][PASSED] - out.println("Value of Execute is : " + ExecuteTC): null

2023-09-27 11:48:48 - [TEST_STEP][PASSED] - if (ExecuteTC.equalsIgnoreCase("Y")): null

2023-09-27 11:48:48 - [TEST_STEP][PASSED] - out.println("Begin Record Number: " + row): null

2023-09-27 11:48:48 - [TEST_STEP][PASSED] - today = new java.util.Date(): null

2023-09-27 11:48:48 - [TEST_STEP][PASSED] - println(today): null

2023-09-27 11:48:48 - [TEST_STEP][PASSED] - datText = today: null

2023-09-27 11:48:48 - [TEST_STEP][PASSED] - Taxtype = findTestData(dataFile).getValue("TaxType", row): null

2023-09-27 11:48:48 - [TEST_STEP][PASSED] - out.println("Taxtype value is : " + Taxtype): null

2023-09-27 11:48:48 - [TEST_STEP][PASSED] - openBrowser(""): Browser is opened with url: ''

2023-09-27 11:48:48 - [MESSAGE][WARNING] - A browser is already opened. Closing browser and opening a new one

2023-09-27 11:48:49 - [MESSAGE][INFO] - Starting 'Chrome' driver

2023-09-27 11:48:49 - [MESSAGE][INFO] - User set preference: ['acceptInsecureCerts', 'true']

2023-09-27 11:48:49 - [MESSAGE][INFO] - Action delay is set to 0 milliseconds

2023-09-27 11:48:50 - [MESSAGE][PASSED] - Browser is opened with url: ''

2023-09-27 11:48:50 - [TEST_STEP][PASSED] - maximizeWindow(): Current window maximized

2023-09-27 11:48:51 - [MESSAGE][PASSED] - Current window maximized

2023-09-27 11:48:51 - [TEST_STEP][PASSED] - navigateToUrl(RADurl): Navigate to 'https://qa2.velocitypayment.com/client/rad/index.html' successfully

2023-09-27 11:48:52 - [MESSAGE][PASSED] - Navigate to 'https://qa2.velocitypayment.com/client/rad/index.html' successfully

2023-09-27 11:48:52 - [TEST_STEP][PASSED] - orPath_Landing = "Object Repository/RAD_Pages/Landing_Page": null

2023-09-27 11:48:52 - [TEST_STEP][PASSED] - orPath_TaxTypeFilingYear = "Object Repository/RAD_Pages/TaxTypeFilingYear_Page": null

2023-09-27 11:48:52 - [TEST_STEP][PASSED] - orPath_TaxPayer = "Object Repository/RAD_Pages/Taxpayer_Page": null

2023-09-27 11:48:52 - [TEST_STEP][PASSED] - orPath_AddressContact = "Object Repository/RAD_Pages/AddressAndContactInfo_Page": null

2023-09-27 11:48:52 - [TEST_STEP][PASSED] - orPath_FilingStatus = "Object Repository/RAD_Pages/FilingStatus_Page": null

2023-09-27 11:48:52 - [TEST_STEP][PASSED] - orPath_Amount = "Object Repository/RAD_Pages/PaymentAmount_Page": null

2023-09-27 11:48:52 - [TEST_STEP][PASSED] - orPath_TaxInfo = "Object Repository/RAD_Pages/TaxInfo_Page": null

2023-09-27 11:48:52 - [TEST_STEP][PASSED] - orPath_Withholding = "Object Repository/RAD_Pages/Withholding_Page": null

2023-09-27 11:48:52 - [TEST_STEP][PASSED] - orPath_Summary = "Object Repository/RAD_Pages/Summary_Page": null

2023-09-27 11:48:52 - [TEST_STEP][PASSED] - orPath_PaymentReady = "Object Repository/RAD_Pages/PaymentReady_Page": null

2023-09-27 11:48:52 - [TEST_STEP][PASSED] - orPath_PaymentEntry = "Object Repository/RAD_Pages/PaymentEntry_Page": null

2023-09-27 11:48:52 - [TEST_STEP][PASSED] - orPath_PaymentConfirmation = "Object Repository/RAD_Pages/PaymentConfirmation_Page": null

2023-09-27 11:48:52 - [TEST_STEP][PASSED] - orPath_ServiceFeesAccept = "Object Repository/RAD_Pages/ServiceFeeAccept_Page": null

2023-09-27 11:48:52 - [TEST_STEP][PASSED] - selectOptionByLabel(findTestObject(orPath_Landing + "/dd_TaxType"), Paymenttype, false): All options with label 'Extension Payments' are selected in object 'Object Repository/RAD_Pages/Landing_Page/dd_TaxType' 

2023-09-27 11:48:53 - [MESSAGE][PASSED] - All options with label 'Extension Payments' are selected in object 'Object Repository/RAD_Pages/Landing_Page/dd_TaxType' 

2023-09-27 11:48:53 - [TEST_STEP][PASSED] - delay(1): Delayed 1 second(s)

2023-09-27 11:48:54 - [MESSAGE][PASSED] - Delayed 1 second(s)

2023-09-27 11:48:54 - [TEST_STEP][PASSED] - switch (Paymenttype): null

2023-09-27 11:48:54 - [TEST_STEP][PASSED] - case "Extension Payments":: null

2023-09-27 11:48:54 - [TEST_STEP][PASSED] - selectOptionByLabel(findTestObject(orPath_TaxTypeFilingYear + "/select_PaymentType"), Taxtype, false): All options with label 'Fiduciary Tax' are selected in object 'Object Repository/RAD_Pages/TaxTypeFilingYear_Page/select_PaymentType' 

2023-09-27 11:48:54 - [MESSAGE][PASSED] - All options with label 'Fiduciary Tax' are selected in object 'Object Repository/RAD_Pages/TaxTypeFilingYear_Page/select_PaymentType' 

2023-09-27 11:48:54 - [TEST_STEP][PASSED] - break: null

2023-09-27 11:48:54 - [TEST_STEP][PASSED] - delay(1): Delayed 1 second(s)

2023-09-27 11:48:55 - [MESSAGE][PASSED] - Delayed 1 second(s)

2023-09-27 11:48:55 - [TEST_STEP][PASSED] - scrollToElement(findTestObject(orPath_Amount + "/input__paymentAmount"), 2, CONTINUE_ON_FAILURE): Scroll to object 'Object Repository/RAD_Pages/PaymentAmount_Page/input__paymentAmount' successfully

2023-09-27 11:48:56 - [MESSAGE][PASSED] - Scroll to object 'Object Repository/RAD_Pages/PaymentAmount_Page/input__paymentAmount' successfully

2023-09-27 11:48:56 - [TEST_STEP][PASSED] - switch (Paymenttype): null

2023-09-27 11:48:56 - [TEST_STEP][PASSED] - case "Extension Payments":: null

2023-09-27 11:48:56 - [TEST_STEP][PASSED] - if (feinSSN.equalsIgnoreCase("Y")): null

2023-09-27 11:48:56 - [TEST_STEP][PASSED] - else: Text ****** has been set on object 'Object Repository/RAD_Pages/TaxInfo_Page/input_FederalEIN_ReEnter'

2023-09-27 11:48:56 - [TEST_STEP][PASSED] - setEncryptedText(findTestObject(orPath_TaxInfo + "/input_FederalEIN"), "RigbBhfdqODKcAsiUrg+1Q=="): Text ****** has been set on object 'Object Repository/RAD_Pages/TaxInfo_Page/input_FederalEIN'

2023-09-27 11:48:57 - [MESSAGE][PASSED] - Text ****** has been set on object 'Object Repository/RAD_Pages/TaxInfo_Page/input_FederalEIN'

2023-09-27 11:48:57 - [TEST_STEP][PASSED] - setEncryptedText(findTestObject(orPath_TaxInfo + "/input_FederalEIN_ReEnter"), "RigbBhfdqOBBGbZqm4oFJQ=="): Text ****** has been set on object 'Object Repository/RAD_Pages/TaxInfo_Page/input_FederalEIN_ReEnter'

2023-09-27 11:48:58 - [MESSAGE][PASSED] - Text ****** has been set on object 'Object Repository/RAD_Pages/TaxInfo_Page/input_FederalEIN_ReEnter'

2023-09-27 11:48:58 - [TEST_STEP][PASSED] - break: null

2023-09-27 11:48:58 - [TEST_STEP][PASSED] - setText(findTestObject(orPath_Amount + "/input__paymentAmount"), ""): Text '' is set on object 'Object Repository/RAD_Pages/PaymentAmount_Page/input__paymentAmount'

2023-09-27 11:48:59 - [MESSAGE][PASSED] - Text '' is set on object 'Object Repository/RAD_Pages/PaymentAmount_Page/input__paymentAmount'

2023-09-27 11:48:59 - [TEST_STEP][PASSED] - verifyTextPresent("The FEIN and Re-type FEIN do not match", true): Text 'The FEIN and Re-type FEIN do not match' is present on page  using regular expression

2023-09-27 11:48:59 - [MESSAGE][PASSED] - Text 'The FEIN and Re-type FEIN do not match' is present on page  using regular expression

2023-09-27 11:48:59 - [TEST_STEP][PASSED] - if (verifyTextPresent("The FEIN and Re-type FEIN do not match", true)): null

2023-09-27 11:49:00 - [MESSAGE][PASSED] - Text 'The FEIN and Re-type FEIN do not match' is present on page  using regular expression

2023-09-27 11:49:00 - [TEST_STEP][PASSED] - println("Error Message is present on the page"): null

2023-09-27 11:49:00 - [TEST_STEP][PASSED] - out.println("Pass Record Number: " + row): null

2023-09-27 11:49:00 - [TEST_STEP][PASSED] - resText = "Pass": null

2023-09-27 11:49:00 - [TEST_STEP][PASSED] - pages.WriteExcel.demoKey(resText, datText, resColumn, datCloumn, fileLoc, nameSheet, row): pages.WriteExcel.demoKey is PASSED

2023-09-27 11:49:00 - [MESSAGE][PASSED] - pages.WriteExcel.demoKey is PASSED

2023-09-27 11:49:00 - [TEST_STEP][PASSED] - ExecuteTC = findTestData(dataFile).getValue("Execute", row): null

2023-09-27 11:49:00 - [TEST_STEP][PASSED] - Taxtype = findTestData(dataFile).getValue("TaxType", row): null

2023-09-27 11:49:00 - [TEST_STEP][PASSED] - Paymenttype = findTestData(dataFile).getValue("PaymentType", row): null

2023-09-27 11:49:00 - [TEST_STEP][PASSED] - feinSSN = findTestData(dataFile).getValue("FeinSsn", row): null

2023-09-27 11:49:00 - [TEST_STEP][PASSED] - out.println("Value of Execute is : " + ExecuteTC): null

2023-09-27 11:49:00 - [TEST_STEP][FAILED] - if (ExecuteTC.equalsIgnoreCase("Y")): null

2023-09-27 11:49:00 - [TEST_STEP][PASSED] - out.println("Begin Record Number: " + row): null

2023-09-27 11:49:00 - [TEST_STEP][PASSED] - today = new java.util.Date(): null

2023-09-27 11:49:00 - [TEST_STEP][PASSED] - println(today): null

2023-09-27 11:49:00 - [TEST_STEP][PASSED] - datText = today: null

2023-09-27 11:49:00 - [TEST_STEP][PASSED] - Taxtype = findTestData(dataFile).getValue("TaxType", row): null

2023-09-27 11:49:00 - [TEST_STEP][PASSED] - out.println("Taxtype value is : " + Taxtype): null

2023-09-27 11:49:00 - [TEST_STEP][PASSED] - openBrowser(""): Browser is opened with url: ''

2023-09-27 11:49:00 - [MESSAGE][WARNING] - A browser is already opened. Closing browser and opening a new one

2023-09-27 11:49:01 - [MESSAGE][INFO] - Starting 'Chrome' driver

2023-09-27 11:49:01 - [MESSAGE][INFO] - User set preference: ['acceptInsecureCerts', 'true']

2023-09-27 11:49:01 - [MESSAGE][INFO] - Action delay is set to 0 milliseconds

2023-09-27 11:49:03 - [MESSAGE][PASSED] - Browser is opened with url: ''

2023-09-27 11:49:03 - [TEST_STEP][PASSED] - maximizeWindow(): Current window maximized

2023-09-27 11:49:03 - [MESSAGE][PASSED] - Current window maximized

2023-09-27 11:49:03 - [TEST_STEP][PASSED] - navigateToUrl(RADurl): Navigate to 'https://qa2.velocitypayment.com/client/rad/index.html' successfully

2023-09-27 11:49:04 - [MESSAGE][PASSED] - Navigate to 'https://qa2.velocitypayment.com/client/rad/index.html' successfully

2023-09-27 11:49:04 - [TEST_STEP][PASSED] - orPath_Landing = "Object Repository/RAD_Pages/Landing_Page": null

2023-09-27 11:49:04 - [TEST_STEP][PASSED] - orPath_TaxTypeFilingYear = "Object Repository/RAD_Pages/TaxTypeFilingYear_Page": null

2023-09-27 11:49:04 - [TEST_STEP][PASSED] - orPath_TaxPayer = "Object Repository/RAD_Pages/Taxpayer_Page": null

2023-09-27 11:49:04 - [TEST_STEP][PASSED] - orPath_AddressContact = "Object Repository/RAD_Pages/AddressAndContactInfo_Page": null

2023-09-27 11:49:04 - [TEST_STEP][PASSED] - orPath_FilingStatus = "Object Repository/RAD_Pages/FilingStatus_Page": null

2023-09-27 11:49:04 - [TEST_STEP][PASSED] - orPath_Amount = "Object Repository/RAD_Pages/PaymentAmount_Page": null

2023-09-27 11:49:04 - [TEST_STEP][PASSED] - orPath_TaxInfo = "Object Repository/RAD_Pages/TaxInfo_Page": null

2023-09-27 11:49:04 - [TEST_STEP][PASSED] - orPath_Withholding = "Object Repository/RAD_Pages/Withholding_Page": null

2023-09-27 11:49:04 - [TEST_STEP][PASSED] - orPath_Summary = "Object Repository/RAD_Pages/Summary_Page": null

2023-09-27 11:49:04 - [TEST_STEP][PASSED] - orPath_PaymentReady = "Object Repository/RAD_Pages/PaymentReady_Page": null

2023-09-27 11:49:04 - [TEST_STEP][PASSED] - orPath_PaymentEntry = "Object Repository/RAD_Pages/PaymentEntry_Page": null

2023-09-27 11:49:04 - [TEST_STEP][PASSED] - orPath_PaymentConfirmation = "Object Repository/RAD_Pages/PaymentConfirmation_Page": null

2023-09-27 11:49:04 - [TEST_STEP][PASSED] - orPath_ServiceFeesAccept = "Object Repository/RAD_Pages/ServiceFeeAccept_Page": null

2023-09-27 11:49:04 - [TEST_STEP][PASSED] - selectOptionByLabel(findTestObject(orPath_Landing + "/dd_TaxType"), Paymenttype, false): All options with label 'Extension Payments' are selected in object 'Object Repository/RAD_Pages/Landing_Page/dd_TaxType' 

2023-09-27 11:49:05 - [MESSAGE][PASSED] - All options with label 'Extension Payments' are selected in object 'Object Repository/RAD_Pages/Landing_Page/dd_TaxType' 

2023-09-27 11:49:05 - [TEST_STEP][PASSED] - delay(1): Delayed 1 second(s)

2023-09-27 11:49:06 - [MESSAGE][PASSED] - Delayed 1 second(s)

2023-09-27 11:49:06 - [TEST_STEP][PASSED] - switch (Paymenttype): null

2023-09-27 11:49:06 - [TEST_STEP][PASSED] - case "Extension Payments":: null

2023-09-27 11:49:06 - [TEST_STEP][PASSED] - selectOptionByLabel(findTestObject(orPath_TaxTypeFilingYear + "/select_PaymentType"), Taxtype, false): All options with label 'PTE Non-Electing Non-S Corp' are selected in object 'Object Repository/RAD_Pages/TaxTypeFilingYear_Page/select_PaymentType' 

2023-09-27 11:49:07 - [MESSAGE][PASSED] - All options with label 'PTE Non-Electing Non-S Corp' are selected in object 'Object Repository/RAD_Pages/TaxTypeFilingYear_Page/select_PaymentType' 

2023-09-27 11:49:07 - [TEST_STEP][PASSED] - break: null

2023-09-27 11:49:07 - [TEST_STEP][PASSED] - delay(1): Delayed 1 second(s)

2023-09-27 11:49:08 - [MESSAGE][PASSED] - Delayed 1 second(s)

2023-09-27 11:49:08 - [TEST_STEP][PASSED] - scrollToElement(findTestObject(orPath_Amount + "/input__paymentAmount"), 2, CONTINUE_ON_FAILURE): Scroll to object 'Object Repository/RAD_Pages/PaymentAmount_Page/input__paymentAmount' successfully

2023-09-27 11:49:08 - [MESSAGE][PASSED] - Scroll to object 'Object Repository/RAD_Pages/PaymentAmount_Page/input__paymentAmount' successfully

2023-09-27 11:49:08 - [TEST_STEP][PASSED] - switch (Paymenttype): null

2023-09-27 11:49:08 - [TEST_STEP][PASSED] - case "Extension Payments":: null

2023-09-27 11:49:08 - [TEST_STEP][PASSED] - if (feinSSN.equalsIgnoreCase("Y")): Text ****** has been set on object 'Object Repository/RAD_Pages/TaxInfo_Page/input_TaxInformation_RefeinSsn'

2023-09-27 11:49:08 - [TEST_STEP][PASSED] - setEncryptedText(findTestObject(orPath_TaxInfo + "/input_TaxInformation_feinSsn"), "RigbBhfdqODKcAsiUrg+1Q=="): Text ****** has been set on object 'Object Repository/RAD_Pages/TaxInfo_Page/input_TaxInformation_feinSsn'

2023-09-27 11:49:09 - [MESSAGE][PASSED] - Text ****** has been set on object 'Object Repository/RAD_Pages/TaxInfo_Page/input_TaxInformation_feinSsn'

2023-09-27 11:49:09 - [TEST_STEP][PASSED] - setEncryptedText(findTestObject(orPath_TaxInfo + "/input_TaxInformation_RefeinSsn"), "RigbBhfdqOD+04WBHw5iKw=="): Text ****** has been set on object 'Object Repository/RAD_Pages/TaxInfo_Page/input_TaxInformation_RefeinSsn'

2023-09-27 11:49:10 - [MESSAGE][PASSED] - Text ****** has been set on object 'Object Repository/RAD_Pages/TaxInfo_Page/input_TaxInformation_RefeinSsn'

2023-09-27 11:49:10 - [TEST_STEP][PASSED] - break: null

2023-09-27 11:49:10 - [TEST_STEP][PASSED] - setText(findTestObject(orPath_Amount + "/input__paymentAmount"), ""): Text '' is set on object 'Object Repository/RAD_Pages/PaymentAmount_Page/input__paymentAmount'

2023-09-27 11:49:11 - [MESSAGE][PASSED] - Text '' is set on object 'Object Repository/RAD_Pages/PaymentAmount_Page/input__paymentAmount'

2023-09-27 11:49:11 - [TEST_STEP][FAILED] - verifyTextPresent("The FEIN and Re-type FEIN do not match", true): Text 'The FEIN and Re-type FEIN do not match' is not present on page  using regular expression (Root cause: com.kms.katalon.core.exception.StepFailedException: Text 'The FEIN and Re-type FEIN do not match' is not present on page  using regular expression
	at com.kms.katalon.core.webui.keyword.internal.WebUIKeywordMain.stepFailed(WebUIKeywordMain.groovy:64)
	at com.kms.katalon.core.webui.keyword.builtin.VerifyTextPresentKeyword$_verifyTextPresent_closure1.doCall(VerifyTextPresentKeyword.groovy:79)
	at com.kms.katalon.core.webui.keyword.builtin.VerifyTextPresentKeyword$_verifyTextPresent_closure1.call(VerifyTextPresentKeyword.groovy)
	at com.kms.katalon.core.webui.keyword.internal.WebUIKeywordMain.runKeyword(WebUIKeywordMain.groovy:20)
	at com.kms.katalon.core.webui.keyword.builtin.VerifyTextPresentKeyword.verifyTextPresent(VerifyTextPresentKeyword.groovy:83)
	at com.kms.katalon.core.webui.keyword.builtin.VerifyTextPresentKeyword.execute(VerifyTextPresentKeyword.groovy:68)
	at com.kms.katalon.core.keyword.internal.KeywordExecutor.executeKeywordForPlatform(KeywordExecutor.groovy:74)
	at com.kms.katalon.core.webui.keyword.WebUiBuiltInKeywords.verifyTextPresent(WebUiBuiltInKeywords.groovy:1723)
	at com.kms.katalon.core.webui.keyword.WebUiBuiltInKeywords$verifyTextPresent$6.call(Unknown Source)
	at FEINmismatchError.run(FEINmismatchError:212)
	at com.kms.katalon.core.main.ScriptEngine.run(ScriptEngine.java:194)
	at com.kms.katalon.core.main.ScriptEngine.runScriptAsRawText(ScriptEngine.java:119)
	at com.kms.katalon.core.main.TestCaseExecutor.runScript(TestCaseExecutor.java:448)
	at com.kms.katalon.core.main.TestCaseExecutor.doExecute(TestCaseExecutor.java:439)
	at com.kms.katalon.core.main.TestCaseExecutor.processExecutionPhase(TestCaseExecutor.java:418)
	at com.kms.katalon.core.main.TestCaseExecutor.accessMainPhase(TestCaseExecutor.java:410)
	at com.kms.katalon.core.main.TestCaseExecutor.execute(TestCaseExecutor.java:285)
	at com.kms.katalon.core.common.CommonExecutor.accessTestCaseMainPhase(CommonExecutor.java:65)
	at com.kms.katalon.core.main.TestSuiteExecutor.accessTestSuiteMainPhase(TestSuiteExecutor.java:148)
	at com.kms.katalon.core.main.TestSuiteExecutor.execute(TestSuiteExecutor.java:106)
	at com.kms.katalon.core.main.TestCaseMain.startTestSuite(TestCaseMain.java:187)
	at com.kms.katalon.core.main.TestCaseMain$startTestSuite$0.call(Unknown Source)
	at TempTestSuite1695829496928.run(TempTestSuite1695829496928.groovy:36)
)

2023-09-27 11:49:12 - [MESSAGE][FAILED] - Text 'The FEIN and Re-type FEIN do not match' is not present on page  using regular expression (Root cause: com.kms.katalon.core.exception.StepFailedException: Text 'The FEIN and Re-type FEIN do not match' is not present on page  using regular expression
	at com.kms.katalon.core.webui.keyword.internal.WebUIKeywordMain.stepFailed(WebUIKeywordMain.groovy:64)
	at com.kms.katalon.core.webui.keyword.builtin.VerifyTextPresentKeyword$_verifyTextPresent_closure1.doCall(VerifyTextPresentKeyword.groovy:79)
	at com.kms.katalon.core.webui.keyword.builtin.VerifyTextPresentKeyword$_verifyTextPresent_closure1.call(VerifyTextPresentKeyword.groovy)
	at com.kms.katalon.core.webui.keyword.internal.WebUIKeywordMain.runKeyword(WebUIKeywordMain.groovy:20)
	at com.kms.katalon.core.webui.keyword.builtin.VerifyTextPresentKeyword.verifyTextPresent(VerifyTextPresentKeyword.groovy:83)
	at com.kms.katalon.core.webui.keyword.builtin.VerifyTextPresentKeyword.execute(VerifyTextPresentKeyword.groovy:68)
	at com.kms.katalon.core.keyword.internal.KeywordExecutor.executeKeywordForPlatform(KeywordExecutor.groovy:74)
	at com.kms.katalon.core.webui.keyword.WebUiBuiltInKeywords.verifyTextPresent(WebUiBuiltInKeywords.groovy:1723)
	at com.kms.katalon.core.webui.keyword.WebUiBuiltInKeywords$verifyTextPresent$6.call(Unknown Source)
	at FEINmismatchError.run(FEINmismatchError:212)
	at com.kms.katalon.core.main.ScriptEngine.run(ScriptEngine.java:194)
	at com.kms.katalon.core.main.ScriptEngine.runScriptAsRawText(ScriptEngine.java:119)
	at com.kms.katalon.core.main.TestCaseExecutor.runScript(TestCaseExecutor.java:448)
	at com.kms.katalon.core.main.TestCaseExecutor.doExecute(TestCaseExecutor.java:439)
	at com.kms.katalon.core.main.TestCaseExecutor.processExecutionPhase(TestCaseExecutor.java:418)
	at com.kms.katalon.core.main.TestCaseExecutor.accessMainPhase(TestCaseExecutor.java:410)
	at com.kms.katalon.core.main.TestCaseExecutor.execute(TestCaseExecutor.java:285)
	at com.kms.katalon.core.common.CommonExecutor.accessTestCaseMainPhase(CommonExecutor.java:65)
	at com.kms.katalon.core.main.TestSuiteExecutor.accessTestSuiteMainPhase(TestSuiteExecutor.java:148)
	at com.kms.katalon.core.main.TestSuiteExecutor.execute(TestSuiteExecutor.java:106)
	at com.kms.katalon.core.main.TestCaseMain.startTestSuite(TestCaseMain.java:187)
	at com.kms.katalon.core.main.TestCaseMain$startTestSuite$0.call(Unknown Source)
	at TempTestSuite1695829496928.run(TempTestSuite1695829496928.groovy:36)
)

2023-09-27 11:49:12 - [TEST_STEP][FAILED] - if (verifyTextPresent("The FEIN and Re-type FEIN do not match", true)): Text 'The FEIN and Re-type FEIN do not match' is not present on page  using regular expression (Root cause: com.kms.katalon.core.exception.StepFailedException: Text 'The FEIN and Re-type FEIN do not match' is not present on page  using regular expression
	at com.kms.katalon.core.webui.keyword.internal.WebUIKeywordMain.stepFailed(WebUIKeywordMain.groovy:64)
	at com.kms.katalon.core.webui.keyword.builtin.VerifyTextPresentKeyword$_verifyTextPresent_closure1.doCall(VerifyTextPresentKeyword.groovy:79)
	at com.kms.katalon.core.webui.keyword.builtin.VerifyTextPresentKeyword$_verifyTextPresent_closure1.call(VerifyTextPresentKeyword.groovy)
	at com.kms.katalon.core.webui.keyword.internal.WebUIKeywordMain.runKeyword(WebUIKeywordMain.groovy:20)
	at com.kms.katalon.core.webui.keyword.builtin.VerifyTextPresentKeyword.verifyTextPresent(VerifyTextPresentKeyword.groovy:83)
	at com.kms.katalon.core.webui.keyword.builtin.VerifyTextPresentKeyword.execute(VerifyTextPresentKeyword.groovy:68)
	at com.kms.katalon.core.keyword.internal.KeywordExecutor.executeKeywordForPlatform(KeywordExecutor.groovy:74)
	at com.kms.katalon.core.webui.keyword.WebUiBuiltInKeywords.verifyTextPresent(WebUiBuiltInKeywords.groovy:1723)
	at com.kms.katalon.core.webui.keyword.WebUiBuiltInKeywords$verifyTextPresent$6.call(Unknown Source)
	at FEINmismatchError.run(FEINmismatchError:214)
	at com.kms.katalon.core.main.ScriptEngine.run(ScriptEngine.java:194)
	at com.kms.katalon.core.main.ScriptEngine.runScriptAsRawText(ScriptEngine.java:119)
	at com.kms.katalon.core.main.TestCaseExecutor.runScript(TestCaseExecutor.java:448)
	at com.kms.katalon.core.main.TestCaseExecutor.doExecute(TestCaseExecutor.java:439)
	at com.kms.katalon.core.main.TestCaseExecutor.processExecutionPhase(TestCaseExecutor.java:418)
	at com.kms.katalon.core.main.TestCaseExecutor.accessMainPhase(TestCaseExecutor.java:410)
	at com.kms.katalon.core.main.TestCaseExecutor.execute(TestCaseExecutor.java:285)
	at com.kms.katalon.core.common.CommonExecutor.accessTestCaseMainPhase(CommonExecutor.java:65)
	at com.kms.katalon.core.main.TestSuiteExecutor.accessTestSuiteMainPhase(TestSuiteExecutor.java:148)
	at com.kms.katalon.core.main.TestSuiteExecutor.execute(TestSuiteExecutor.java:106)
	at com.kms.katalon.core.main.TestCaseMain.startTestSuite(TestCaseMain.java:187)
	at com.kms.katalon.core.main.TestCaseMain$startTestSuite$0.call(Unknown Source)
	at TempTestSuite1695829496928.run(TempTestSuite1695829496928.groovy:36)
)

2023-09-27 11:49:12 - [MESSAGE][FAILED] - Text 'The FEIN and Re-type FEIN do not match' is not present on page  using regular expression (Root cause: com.kms.katalon.core.exception.StepFailedException: Text 'The FEIN and Re-type FEIN do not match' is not present on page  using regular expression
	at com.kms.katalon.core.webui.keyword.internal.WebUIKeywordMain.stepFailed(WebUIKeywordMain.groovy:64)
	at com.kms.katalon.core.webui.keyword.builtin.VerifyTextPresentKeyword$_verifyTextPresent_closure1.doCall(VerifyTextPresentKeyword.groovy:79)
	at com.kms.katalon.core.webui.keyword.builtin.VerifyTextPresentKeyword$_verifyTextPresent_closure1.call(VerifyTextPresentKeyword.groovy)
	at com.kms.katalon.core.webui.keyword.internal.WebUIKeywordMain.runKeyword(WebUIKeywordMain.groovy:20)
	at com.kms.katalon.core.webui.keyword.builtin.VerifyTextPresentKeyword.verifyTextPresent(VerifyTextPresentKeyword.groovy:83)
	at com.kms.katalon.core.webui.keyword.builtin.VerifyTextPresentKeyword.execute(VerifyTextPresentKeyword.groovy:68)
	at com.kms.katalon.core.keyword.internal.KeywordExecutor.executeKeywordForPlatform(KeywordExecutor.groovy:74)
	at com.kms.katalon.core.webui.keyword.WebUiBuiltInKeywords.verifyTextPresent(WebUiBuiltInKeywords.groovy:1723)
	at com.kms.katalon.core.webui.keyword.WebUiBuiltInKeywords$verifyTextPresent$6.call(Unknown Source)
	at FEINmismatchError.run(FEINmismatchError:214)
	at com.kms.katalon.core.main.ScriptEngine.run(ScriptEngine.java:194)
	at com.kms.katalon.core.main.ScriptEngine.runScriptAsRawText(ScriptEngine.java:119)
	at com.kms.katalon.core.main.TestCaseExecutor.runScript(TestCaseExecutor.java:448)
	at com.kms.katalon.core.main.TestCaseExecutor.doExecute(TestCaseExecutor.java:439)
	at com.kms.katalon.core.main.TestCaseExecutor.processExecutionPhase(TestCaseExecutor.java:418)
	at com.kms.katalon.core.main.TestCaseExecutor.accessMainPhase(TestCaseExecutor.java:410)
	at com.kms.katalon.core.main.TestCaseExecutor.execute(TestCaseExecutor.java:285)
	at com.kms.katalon.core.common.CommonExecutor.accessTestCaseMainPhase(CommonExecutor.java:65)
	at com.kms.katalon.core.main.TestSuiteExecutor.accessTestSuiteMainPhase(TestSuiteExecutor.java:148)
	at com.kms.katalon.core.main.TestSuiteExecutor.execute(TestSuiteExecutor.java:106)
	at com.kms.katalon.core.main.TestCaseMain.startTestSuite(TestCaseMain.java:187)
	at com.kms.katalon.core.main.TestCaseMain$startTestSuite$0.call(Unknown Source)
	at TempTestSuite1695829496928.run(TempTestSuite1695829496928.groovy:36)
)

2023-09-27 11:49:12 - [TEST_STEP][PASSED] - else: pages.WriteExcel.demoKey is PASSED

2023-09-27 11:49:12 - [TEST_STEP][PASSED] - println("Error Message is NOT present on the page"): null

2023-09-27 11:49:12 - [TEST_STEP][PASSED] - out.println("Fail Record Number: " + row): null

2023-09-27 11:49:12 - [TEST_STEP][PASSED] - resText = "Fail": null

2023-09-27 11:49:12 - [TEST_STEP][PASSED] - pages.WriteExcel.demoKey(resText, datText, resColumn, datCloumn, fileLoc, nameSheet, row): pages.WriteExcel.demoKey is PASSED

2023-09-27 11:49:12 - [MESSAGE][PASSED] - pages.WriteExcel.demoKey is PASSED

2023-09-27 11:49:12 - [TEST_STEP][PASSED] - ExecuteTC = findTestData(dataFile).getValue("Execute", row): null

2023-09-27 11:49:12 - [TEST_STEP][PASSED] - Taxtype = findTestData(dataFile).getValue("TaxType", row): null

2023-09-27 11:49:12 - [TEST_STEP][PASSED] - Paymenttype = findTestData(dataFile).getValue("PaymentType", row): null

2023-09-27 11:49:12 - [TEST_STEP][PASSED] - feinSSN = findTestData(dataFile).getValue("FeinSsn", row): null

2023-09-27 11:49:12 - [TEST_STEP][PASSED] - out.println("Value of Execute is : " + ExecuteTC): null

2023-09-27 11:49:12 - [TEST_STEP][FAILED] - if (ExecuteTC.equalsIgnoreCase("Y")): null

2023-09-27 11:49:12 - [TEST_STEP][PASSED] - out.println("Begin Record Number: " + row): null

2023-09-27 11:49:12 - [TEST_STEP][PASSED] - today = new java.util.Date(): null

2023-09-27 11:49:12 - [TEST_STEP][PASSED] - println(today): null

2023-09-27 11:49:12 - [TEST_STEP][PASSED] - datText = today: null

2023-09-27 11:49:12 - [TEST_STEP][PASSED] - Taxtype = findTestData(dataFile).getValue("TaxType", row): null

2023-09-27 11:49:12 - [TEST_STEP][PASSED] - out.println("Taxtype value is : " + Taxtype): null

2023-09-27 11:49:12 - [TEST_STEP][PASSED] - openBrowser(""): Browser is opened with url: ''

2023-09-27 11:49:12 - [MESSAGE][WARNING] - A browser is already opened. Closing browser and opening a new one

2023-09-27 11:49:13 - [MESSAGE][INFO] - Starting 'Chrome' driver

2023-09-27 11:49:13 - [MESSAGE][INFO] - User set preference: ['acceptInsecureCerts', 'true']

2023-09-27 11:49:13 - [MESSAGE][INFO] - Action delay is set to 0 milliseconds

2023-09-27 11:49:15 - [MESSAGE][PASSED] - Browser is opened with url: ''

2023-09-27 11:49:15 - [TEST_STEP][PASSED] - maximizeWindow(): Current window maximized

2023-09-27 11:49:15 - [MESSAGE][PASSED] - Current window maximized

2023-09-27 11:49:15 - [TEST_STEP][PASSED] - navigateToUrl(RADurl): Navigate to 'https://qa2.velocitypayment.com/client/rad/index.html' successfully

2023-09-27 11:49:16 - [MESSAGE][PASSED] - Navigate to 'https://qa2.velocitypayment.com/client/rad/index.html' successfully

2023-09-27 11:49:16 - [TEST_STEP][PASSED] - orPath_Landing = "Object Repository/RAD_Pages/Landing_Page": null

2023-09-27 11:49:16 - [TEST_STEP][PASSED] - orPath_TaxTypeFilingYear = "Object Repository/RAD_Pages/TaxTypeFilingYear_Page": null

2023-09-27 11:49:16 - [TEST_STEP][PASSED] - orPath_TaxPayer = "Object Repository/RAD_Pages/Taxpayer_Page": null

2023-09-27 11:49:16 - [TEST_STEP][PASSED] - orPath_AddressContact = "Object Repository/RAD_Pages/AddressAndContactInfo_Page": null

2023-09-27 11:49:16 - [TEST_STEP][PASSED] - orPath_FilingStatus = "Object Repository/RAD_Pages/FilingStatus_Page": null

2023-09-27 11:49:16 - [TEST_STEP][PASSED] - orPath_Amount = "Object Repository/RAD_Pages/PaymentAmount_Page": null

2023-09-27 11:49:16 - [TEST_STEP][PASSED] - orPath_TaxInfo = "Object Repository/RAD_Pages/TaxInfo_Page": null

2023-09-27 11:49:16 - [TEST_STEP][PASSED] - orPath_Withholding = "Object Repository/RAD_Pages/Withholding_Page": null

2023-09-27 11:49:16 - [TEST_STEP][PASSED] - orPath_Summary = "Object Repository/RAD_Pages/Summary_Page": null

2023-09-27 11:49:16 - [TEST_STEP][PASSED] - orPath_PaymentReady = "Object Repository/RAD_Pages/PaymentReady_Page": null

2023-09-27 11:49:16 - [TEST_STEP][PASSED] - orPath_PaymentEntry = "Object Repository/RAD_Pages/PaymentEntry_Page": null

2023-09-27 11:49:16 - [TEST_STEP][PASSED] - orPath_PaymentConfirmation = "Object Repository/RAD_Pages/PaymentConfirmation_Page": null

2023-09-27 11:49:16 - [TEST_STEP][PASSED] - orPath_ServiceFeesAccept = "Object Repository/RAD_Pages/ServiceFeeAccept_Page": null

2023-09-27 11:49:16 - [TEST_STEP][PASSED] - selectOptionByLabel(findTestObject(orPath_Landing + "/dd_TaxType"), Paymenttype, false): All options with label 'Extension Payments' are selected in object 'Object Repository/RAD_Pages/Landing_Page/dd_TaxType' 

2023-09-27 11:49:17 - [MESSAGE][PASSED] - All options with label 'Extension Payments' are selected in object 'Object Repository/RAD_Pages/Landing_Page/dd_TaxType' 

2023-09-27 11:49:17 - [TEST_STEP][PASSED] - delay(1): Delayed 1 second(s)

2023-09-27 11:49:18 - [MESSAGE][PASSED] - Delayed 1 second(s)

2023-09-27 11:49:18 - [TEST_STEP][PASSED] - switch (Paymenttype): null

2023-09-27 11:49:18 - [TEST_STEP][PASSED] - case "Extension Payments":: null

2023-09-27 11:49:18 - [TEST_STEP][PASSED] - selectOptionByLabel(findTestObject(orPath_TaxTypeFilingYear + "/select_PaymentType"), Taxtype, false): All options with label 'PTE Non-Electing S Corp' are selected in object 'Object Repository/RAD_Pages/TaxTypeFilingYear_Page/select_PaymentType' 

2023-09-27 11:49:19 - [MESSAGE][PASSED] - All options with label 'PTE Non-Electing S Corp' are selected in object 'Object Repository/RAD_Pages/TaxTypeFilingYear_Page/select_PaymentType' 

2023-09-27 11:49:19 - [TEST_STEP][PASSED] - break: null

2023-09-27 11:49:19 - [TEST_STEP][PASSED] - delay(1): Delayed 1 second(s)

2023-09-27 11:49:20 - [MESSAGE][PASSED] - Delayed 1 second(s)

2023-09-27 11:49:20 - [TEST_STEP][PASSED] - scrollToElement(findTestObject(orPath_Amount + "/input__paymentAmount"), 2, CONTINUE_ON_FAILURE): Scroll to object 'Object Repository/RAD_Pages/PaymentAmount_Page/input__paymentAmount' successfully

2023-09-27 11:49:20 - [MESSAGE][PASSED] - Scroll to object 'Object Repository/RAD_Pages/PaymentAmount_Page/input__paymentAmount' successfully

2023-09-27 11:49:20 - [TEST_STEP][PASSED] - switch (Paymenttype): null

2023-09-27 11:49:20 - [TEST_STEP][PASSED] - case "Extension Payments":: null

2023-09-27 11:49:20 - [TEST_STEP][PASSED] - if (feinSSN.equalsIgnoreCase("Y")): Text ****** has been set on object 'Object Repository/RAD_Pages/TaxInfo_Page/input_TaxInformation_RefeinSsn'

2023-09-27 11:49:20 - [TEST_STEP][PASSED] - setEncryptedText(findTestObject(orPath_TaxInfo + "/input_TaxInformation_feinSsn"), "RigbBhfdqODKcAsiUrg+1Q=="): Text ****** has been set on object 'Object Repository/RAD_Pages/TaxInfo_Page/input_TaxInformation_feinSsn'

2023-09-27 11:49:21 - [MESSAGE][PASSED] - Text ****** has been set on object 'Object Repository/RAD_Pages/TaxInfo_Page/input_TaxInformation_feinSsn'

2023-09-27 11:49:21 - [TEST_STEP][PASSED] - setEncryptedText(findTestObject(orPath_TaxInfo + "/input_TaxInformation_RefeinSsn"), "RigbBhfdqOD+04WBHw5iKw=="): Text ****** has been set on object 'Object Repository/RAD_Pages/TaxInfo_Page/input_TaxInformation_RefeinSsn'

2023-09-27 11:49:22 - [MESSAGE][PASSED] - Text ****** has been set on object 'Object Repository/RAD_Pages/TaxInfo_Page/input_TaxInformation_RefeinSsn'

2023-09-27 11:49:22 - [TEST_STEP][PASSED] - break: null

2023-09-27 11:49:22 - [TEST_STEP][PASSED] - setText(findTestObject(orPath_Amount + "/input__paymentAmount"), ""): Text '' is set on object 'Object Repository/RAD_Pages/PaymentAmount_Page/input__paymentAmount'

2023-09-27 11:49:23 - [MESSAGE][PASSED] - Text '' is set on object 'Object Repository/RAD_Pages/PaymentAmount_Page/input__paymentAmount'

2023-09-27 11:49:23 - [TEST_STEP][FAILED] - verifyTextPresent("The FEIN and Re-type FEIN do not match", true): Text 'The FEIN and Re-type FEIN do not match' is not present on page  using regular expression (Root cause: com.kms.katalon.core.exception.StepFailedException: Text 'The FEIN and Re-type FEIN do not match' is not present on page  using regular expression
	at com.kms.katalon.core.webui.keyword.internal.WebUIKeywordMain.stepFailed(WebUIKeywordMain.groovy:64)
	at com.kms.katalon.core.webui.keyword.builtin.VerifyTextPresentKeyword$_verifyTextPresent_closure1.doCall(VerifyTextPresentKeyword.groovy:79)
	at com.kms.katalon.core.webui.keyword.builtin.VerifyTextPresentKeyword$_verifyTextPresent_closure1.call(VerifyTextPresentKeyword.groovy)
	at com.kms.katalon.core.webui.keyword.internal.WebUIKeywordMain.runKeyword(WebUIKeywordMain.groovy:20)
	at com.kms.katalon.core.webui.keyword.builtin.VerifyTextPresentKeyword.verifyTextPresent(VerifyTextPresentKeyword.groovy:83)
	at com.kms.katalon.core.webui.keyword.builtin.VerifyTextPresentKeyword.execute(VerifyTextPresentKeyword.groovy:68)
	at com.kms.katalon.core.keyword.internal.KeywordExecutor.executeKeywordForPlatform(KeywordExecutor.groovy:74)
	at com.kms.katalon.core.webui.keyword.WebUiBuiltInKeywords.verifyTextPresent(WebUiBuiltInKeywords.groovy:1723)
	at com.kms.katalon.core.webui.keyword.WebUiBuiltInKeywords$verifyTextPresent$6.call(Unknown Source)
	at FEINmismatchError.run(FEINmismatchError:212)
	at com.kms.katalon.core.main.ScriptEngine.run(ScriptEngine.java:194)
	at com.kms.katalon.core.main.ScriptEngine.runScriptAsRawText(ScriptEngine.java:119)
	at com.kms.katalon.core.main.TestCaseExecutor.runScript(TestCaseExecutor.java:448)
	at com.kms.katalon.core.main.TestCaseExecutor.doExecute(TestCaseExecutor.java:439)
	at com.kms.katalon.core.main.TestCaseExecutor.processExecutionPhase(TestCaseExecutor.java:418)
	at com.kms.katalon.core.main.TestCaseExecutor.accessMainPhase(TestCaseExecutor.java:410)
	at com.kms.katalon.core.main.TestCaseExecutor.execute(TestCaseExecutor.java:285)
	at com.kms.katalon.core.common.CommonExecutor.accessTestCaseMainPhase(CommonExecutor.java:65)
	at com.kms.katalon.core.main.TestSuiteExecutor.accessTestSuiteMainPhase(TestSuiteExecutor.java:148)
	at com.kms.katalon.core.main.TestSuiteExecutor.execute(TestSuiteExecutor.java:106)
	at com.kms.katalon.core.main.TestCaseMain.startTestSuite(TestCaseMain.java:187)
	at com.kms.katalon.core.main.TestCaseMain$startTestSuite$0.call(Unknown Source)
	at TempTestSuite1695829496928.run(TempTestSuite1695829496928.groovy:36)
)

2023-09-27 11:49:23 - [MESSAGE][FAILED] - Text 'The FEIN and Re-type FEIN do not match' is not present on page  using regular expression (Root cause: com.kms.katalon.core.exception.StepFailedException: Text 'The FEIN and Re-type FEIN do not match' is not present on page  using regular expression
	at com.kms.katalon.core.webui.keyword.internal.WebUIKeywordMain.stepFailed(WebUIKeywordMain.groovy:64)
	at com.kms.katalon.core.webui.keyword.builtin.VerifyTextPresentKeyword$_verifyTextPresent_closure1.doCall(VerifyTextPresentKeyword.groovy:79)
	at com.kms.katalon.core.webui.keyword.builtin.VerifyTextPresentKeyword$_verifyTextPresent_closure1.call(VerifyTextPresentKeyword.groovy)
	at com.kms.katalon.core.webui.keyword.internal.WebUIKeywordMain.runKeyword(WebUIKeywordMain.groovy:20)
	at com.kms.katalon.core.webui.keyword.builtin.VerifyTextPresentKeyword.verifyTextPresent(VerifyTextPresentKeyword.groovy:83)
	at com.kms.katalon.core.webui.keyword.builtin.VerifyTextPresentKeyword.execute(VerifyTextPresentKeyword.groovy:68)
	at com.kms.katalon.core.keyword.internal.KeywordExecutor.executeKeywordForPlatform(KeywordExecutor.groovy:74)
	at com.kms.katalon.core.webui.keyword.WebUiBuiltInKeywords.verifyTextPresent(WebUiBuiltInKeywords.groovy:1723)
	at com.kms.katalon.core.webui.keyword.WebUiBuiltInKeywords$verifyTextPresent$6.call(Unknown Source)
	at FEINmismatchError.run(FEINmismatchError:212)
	at com.kms.katalon.core.main.ScriptEngine.run(ScriptEngine.java:194)
	at com.kms.katalon.core.main.ScriptEngine.runScriptAsRawText(ScriptEngine.java:119)
	at com.kms.katalon.core.main.TestCaseExecutor.runScript(TestCaseExecutor.java:448)
	at com.kms.katalon.core.main.TestCaseExecutor.doExecute(TestCaseExecutor.java:439)
	at com.kms.katalon.core.main.TestCaseExecutor.processExecutionPhase(TestCaseExecutor.java:418)
	at com.kms.katalon.core.main.TestCaseExecutor.accessMainPhase(TestCaseExecutor.java:410)
	at com.kms.katalon.core.main.TestCaseExecutor.execute(TestCaseExecutor.java:285)
	at com.kms.katalon.core.common.CommonExecutor.accessTestCaseMainPhase(CommonExecutor.java:65)
	at com.kms.katalon.core.main.TestSuiteExecutor.accessTestSuiteMainPhase(TestSuiteExecutor.java:148)
	at com.kms.katalon.core.main.TestSuiteExecutor.execute(TestSuiteExecutor.java:106)
	at com.kms.katalon.core.main.TestCaseMain.startTestSuite(TestCaseMain.java:187)
	at com.kms.katalon.core.main.TestCaseMain$startTestSuite$0.call(Unknown Source)
	at TempTestSuite1695829496928.run(TempTestSuite1695829496928.groovy:36)
)

2023-09-27 11:49:23 - [TEST_STEP][FAILED] - if (verifyTextPresent("The FEIN and Re-type FEIN do not match", true)): Text 'The FEIN and Re-type FEIN do not match' is not present on page  using regular expression (Root cause: com.kms.katalon.core.exception.StepFailedException: Text 'The FEIN and Re-type FEIN do not match' is not present on page  using regular expression
	at com.kms.katalon.core.webui.keyword.internal.WebUIKeywordMain.stepFailed(WebUIKeywordMain.groovy:64)
	at com.kms.katalon.core.webui.keyword.builtin.VerifyTextPresentKeyword$_verifyTextPresent_closure1.doCall(VerifyTextPresentKeyword.groovy:79)
	at com.kms.katalon.core.webui.keyword.builtin.VerifyTextPresentKeyword$_verifyTextPresent_closure1.call(VerifyTextPresentKeyword.groovy)
	at com.kms.katalon.core.webui.keyword.internal.WebUIKeywordMain.runKeyword(WebUIKeywordMain.groovy:20)
	at com.kms.katalon.core.webui.keyword.builtin.VerifyTextPresentKeyword.verifyTextPresent(VerifyTextPresentKeyword.groovy:83)
	at com.kms.katalon.core.webui.keyword.builtin.VerifyTextPresentKeyword.execute(VerifyTextPresentKeyword.groovy:68)
	at com.kms.katalon.core.keyword.internal.KeywordExecutor.executeKeywordForPlatform(KeywordExecutor.groovy:74)
	at com.kms.katalon.core.webui.keyword.WebUiBuiltInKeywords.verifyTextPresent(WebUiBuiltInKeywords.groovy:1723)
	at com.kms.katalon.core.webui.keyword.WebUiBuiltInKeywords$verifyTextPresent$6.call(Unknown Source)
	at FEINmismatchError.run(FEINmismatchError:214)
	at com.kms.katalon.core.main.ScriptEngine.run(ScriptEngine.java:194)
	at com.kms.katalon.core.main.ScriptEngine.runScriptAsRawText(ScriptEngine.java:119)
	at com.kms.katalon.core.main.TestCaseExecutor.runScript(TestCaseExecutor.java:448)
	at com.kms.katalon.core.main.TestCaseExecutor.doExecute(TestCaseExecutor.java:439)
	at com.kms.katalon.core.main.TestCaseExecutor.processExecutionPhase(TestCaseExecutor.java:418)
	at com.kms.katalon.core.main.TestCaseExecutor.accessMainPhase(TestCaseExecutor.java:410)
	at com.kms.katalon.core.main.TestCaseExecutor.execute(TestCaseExecutor.java:285)
	at com.kms.katalon.core.common.CommonExecutor.accessTestCaseMainPhase(CommonExecutor.java:65)
	at com.kms.katalon.core.main.TestSuiteExecutor.accessTestSuiteMainPhase(TestSuiteExecutor.java:148)
	at com.kms.katalon.core.main.TestSuiteExecutor.execute(TestSuiteExecutor.java:106)
	at com.kms.katalon.core.main.TestCaseMain.startTestSuite(TestCaseMain.java:187)
	at com.kms.katalon.core.main.TestCaseMain$startTestSuite$0.call(Unknown Source)
	at TempTestSuite1695829496928.run(TempTestSuite1695829496928.groovy:36)
)

2023-09-27 11:49:24 - [MESSAGE][FAILED] - Text 'The FEIN and Re-type FEIN do not match' is not present on page  using regular expression (Root cause: com.kms.katalon.core.exception.StepFailedException: Text 'The FEIN and Re-type FEIN do not match' is not present on page  using regular expression
	at com.kms.katalon.core.webui.keyword.internal.WebUIKeywordMain.stepFailed(WebUIKeywordMain.groovy:64)
	at com.kms.katalon.core.webui.keyword.builtin.VerifyTextPresentKeyword$_verifyTextPresent_closure1.doCall(VerifyTextPresentKeyword.groovy:79)
	at com.kms.katalon.core.webui.keyword.builtin.VerifyTextPresentKeyword$_verifyTextPresent_closure1.call(VerifyTextPresentKeyword.groovy)
	at com.kms.katalon.core.webui.keyword.internal.WebUIKeywordMain.runKeyword(WebUIKeywordMain.groovy:20)
	at com.kms.katalon.core.webui.keyword.builtin.VerifyTextPresentKeyword.verifyTextPresent(VerifyTextPresentKeyword.groovy:83)
	at com.kms.katalon.core.webui.keyword.builtin.VerifyTextPresentKeyword.execute(VerifyTextPresentKeyword.groovy:68)
	at com.kms.katalon.core.keyword.internal.KeywordExecutor.executeKeywordForPlatform(KeywordExecutor.groovy:74)
	at com.kms.katalon.core.webui.keyword.WebUiBuiltInKeywords.verifyTextPresent(WebUiBuiltInKeywords.groovy:1723)
	at com.kms.katalon.core.webui.keyword.WebUiBuiltInKeywords$verifyTextPresent$6.call(Unknown Source)
	at FEINmismatchError.run(FEINmismatchError:214)
	at com.kms.katalon.core.main.ScriptEngine.run(ScriptEngine.java:194)
	at com.kms.katalon.core.main.ScriptEngine.runScriptAsRawText(ScriptEngine.java:119)
	at com.kms.katalon.core.main.TestCaseExecutor.runScript(TestCaseExecutor.java:448)
	at com.kms.katalon.core.main.TestCaseExecutor.doExecute(TestCaseExecutor.java:439)
	at com.kms.katalon.core.main.TestCaseExecutor.processExecutionPhase(TestCaseExecutor.java:418)
	at com.kms.katalon.core.main.TestCaseExecutor.accessMainPhase(TestCaseExecutor.java:410)
	at com.kms.katalon.core.main.TestCaseExecutor.execute(TestCaseExecutor.java:285)
	at com.kms.katalon.core.common.CommonExecutor.accessTestCaseMainPhase(CommonExecutor.java:65)
	at com.kms.katalon.core.main.TestSuiteExecutor.accessTestSuiteMainPhase(TestSuiteExecutor.java:148)
	at com.kms.katalon.core.main.TestSuiteExecutor.execute(TestSuiteExecutor.java:106)
	at com.kms.katalon.core.main.TestCaseMain.startTestSuite(TestCaseMain.java:187)
	at com.kms.katalon.core.main.TestCaseMain$startTestSuite$0.call(Unknown Source)
	at TempTestSuite1695829496928.run(TempTestSuite1695829496928.groovy:36)
)

2023-09-27 11:49:24 - [TEST_STEP][PASSED] - else: pages.WriteExcel.demoKey is PASSED

2023-09-27 11:49:24 - [TEST_STEP][PASSED] - println("Error Message is NOT present on the page"): null

2023-09-27 11:49:24 - [TEST_STEP][PASSED] - out.println("Fail Record Number: " + row): null

2023-09-27 11:49:24 - [TEST_STEP][PASSED] - resText = "Fail": null

2023-09-27 11:49:24 - [TEST_STEP][PASSED] - pages.WriteExcel.demoKey(resText, datText, resColumn, datCloumn, fileLoc, nameSheet, row): pages.WriteExcel.demoKey is PASSED

2023-09-27 11:49:24 - [MESSAGE][PASSED] - pages.WriteExcel.demoKey is PASSED

2023-09-27 11:49:24 - [TEST_STEP][PASSED] - ExecuteTC = findTestData(dataFile).getValue("Execute", row): null

2023-09-27 11:49:24 - [TEST_STEP][PASSED] - Taxtype = findTestData(dataFile).getValue("TaxType", row): null

2023-09-27 11:49:24 - [TEST_STEP][PASSED] - Paymenttype = findTestData(dataFile).getValue("PaymentType", row): null

2023-09-27 11:49:24 - [TEST_STEP][PASSED] - feinSSN = findTestData(dataFile).getValue("FeinSsn", row): null

2023-09-27 11:49:24 - [TEST_STEP][PASSED] - out.println("Value of Execute is : " + ExecuteTC): null

2023-09-27 11:49:24 - [TEST_STEP][FAILED] - if (ExecuteTC.equalsIgnoreCase("Y")): null

2023-09-27 11:49:24 - [TEST_STEP][PASSED] - out.println("Begin Record Number: " + row): null

2023-09-27 11:49:24 - [TEST_STEP][PASSED] - today = new java.util.Date(): null

2023-09-27 11:49:24 - [TEST_STEP][PASSED] - println(today): null

2023-09-27 11:49:24 - [TEST_STEP][PASSED] - datText = today: null

2023-09-27 11:49:24 - [TEST_STEP][PASSED] - Taxtype = findTestData(dataFile).getValue("TaxType", row): null

2023-09-27 11:49:24 - [TEST_STEP][PASSED] - out.println("Taxtype value is : " + Taxtype): null

2023-09-27 11:49:24 - [TEST_STEP][PASSED] - openBrowser(""): Browser is opened with url: ''

2023-09-27 11:49:24 - [MESSAGE][WARNING] - A browser is already opened. Closing browser and opening a new one

2023-09-27 11:49:25 - [MESSAGE][INFO] - Starting 'Chrome' driver

2023-09-27 11:49:25 - [MESSAGE][INFO] - User set preference: ['acceptInsecureCerts', 'true']

2023-09-27 11:49:25 - [MESSAGE][INFO] - Action delay is set to 0 milliseconds

2023-09-27 11:49:26 - [MESSAGE][PASSED] - Browser is opened with url: ''

2023-09-27 11:49:26 - [TEST_STEP][PASSED] - maximizeWindow(): Current window maximized

2023-09-27 11:49:26 - [MESSAGE][PASSED] - Current window maximized

2023-09-27 11:49:26 - [TEST_STEP][PASSED] - navigateToUrl(RADurl): Navigate to 'https://qa2.velocitypayment.com/client/rad/index.html' successfully

2023-09-27 11:49:28 - [MESSAGE][PASSED] - Navigate to 'https://qa2.velocitypayment.com/client/rad/index.html' successfully

2023-09-27 11:49:28 - [TEST_STEP][PASSED] - orPath_Landing = "Object Repository/RAD_Pages/Landing_Page": null

2023-09-27 11:49:28 - [TEST_STEP][PASSED] - orPath_TaxTypeFilingYear = "Object Repository/RAD_Pages/TaxTypeFilingYear_Page": null

2023-09-27 11:49:28 - [TEST_STEP][PASSED] - orPath_TaxPayer = "Object Repository/RAD_Pages/Taxpayer_Page": null

2023-09-27 11:49:28 - [TEST_STEP][PASSED] - orPath_AddressContact = "Object Repository/RAD_Pages/AddressAndContactInfo_Page": null

2023-09-27 11:49:28 - [TEST_STEP][PASSED] - orPath_FilingStatus = "Object Repository/RAD_Pages/FilingStatus_Page": null

2023-09-27 11:49:28 - [TEST_STEP][PASSED] - orPath_Amount = "Object Repository/RAD_Pages/PaymentAmount_Page": null

2023-09-27 11:49:28 - [TEST_STEP][PASSED] - orPath_TaxInfo = "Object Repository/RAD_Pages/TaxInfo_Page": null

2023-09-27 11:49:28 - [TEST_STEP][PASSED] - orPath_Withholding = "Object Repository/RAD_Pages/Withholding_Page": null

2023-09-27 11:49:28 - [TEST_STEP][PASSED] - orPath_Summary = "Object Repository/RAD_Pages/Summary_Page": null

2023-09-27 11:49:28 - [TEST_STEP][PASSED] - orPath_PaymentReady = "Object Repository/RAD_Pages/PaymentReady_Page": null

2023-09-27 11:49:28 - [TEST_STEP][PASSED] - orPath_PaymentEntry = "Object Repository/RAD_Pages/PaymentEntry_Page": null

2023-09-27 11:49:28 - [TEST_STEP][PASSED] - orPath_PaymentConfirmation = "Object Repository/RAD_Pages/PaymentConfirmation_Page": null

2023-09-27 11:49:28 - [TEST_STEP][PASSED] - orPath_ServiceFeesAccept = "Object Repository/RAD_Pages/ServiceFeeAccept_Page": null

2023-09-27 11:49:28 - [TEST_STEP][PASSED] - selectOptionByLabel(findTestObject(orPath_Landing + "/dd_TaxType"), Paymenttype, false): All options with label 'Extension Payments' are selected in object 'Object Repository/RAD_Pages/Landing_Page/dd_TaxType' 

2023-09-27 11:49:29 - [MESSAGE][PASSED] - All options with label 'Extension Payments' are selected in object 'Object Repository/RAD_Pages/Landing_Page/dd_TaxType' 

2023-09-27 11:49:29 - [TEST_STEP][PASSED] - delay(1): Delayed 1 second(s)

2023-09-27 11:49:30 - [MESSAGE][PASSED] - Delayed 1 second(s)

2023-09-27 11:49:30 - [TEST_STEP][PASSED] - switch (Paymenttype): null

2023-09-27 11:49:30 - [TEST_STEP][PASSED] - case "Extension Payments":: null

2023-09-27 11:49:30 - [TEST_STEP][PASSED] - selectOptionByLabel(findTestObject(orPath_TaxTypeFilingYear + "/select_PaymentType"), Taxtype, false): All options with label 'PTE Tax Electing Non-S Corp' are selected in object 'Object Repository/RAD_Pages/TaxTypeFilingYear_Page/select_PaymentType' 

2023-09-27 11:49:30 - [MESSAGE][PASSED] - All options with label 'PTE Tax Electing Non-S Corp' are selected in object 'Object Repository/RAD_Pages/TaxTypeFilingYear_Page/select_PaymentType' 

2023-09-27 11:49:30 - [TEST_STEP][PASSED] - break: null

2023-09-27 11:49:30 - [TEST_STEP][PASSED] - delay(1): Delayed 1 second(s)

2023-09-27 11:49:31 - [MESSAGE][PASSED] - Delayed 1 second(s)

2023-09-27 11:49:31 - [TEST_STEP][PASSED] - scrollToElement(findTestObject(orPath_Amount + "/input__paymentAmount"), 2, CONTINUE_ON_FAILURE): Scroll to object 'Object Repository/RAD_Pages/PaymentAmount_Page/input__paymentAmount' successfully

2023-09-27 11:49:32 - [MESSAGE][PASSED] - Scroll to object 'Object Repository/RAD_Pages/PaymentAmount_Page/input__paymentAmount' successfully

2023-09-27 11:49:32 - [TEST_STEP][PASSED] - switch (Paymenttype): null

2023-09-27 11:49:32 - [TEST_STEP][PASSED] - case "Extension Payments":: null

2023-09-27 11:49:32 - [TEST_STEP][PASSED] - if (feinSSN.equalsIgnoreCase("Y")): Text ****** has been set on object 'Object Repository/RAD_Pages/TaxInfo_Page/input_TaxInformation_RefeinSsn'

2023-09-27 11:49:32 - [TEST_STEP][PASSED] - setEncryptedText(findTestObject(orPath_TaxInfo + "/input_TaxInformation_feinSsn"), "RigbBhfdqODKcAsiUrg+1Q=="): Text ****** has been set on object 'Object Repository/RAD_Pages/TaxInfo_Page/input_TaxInformation_feinSsn'

2023-09-27 11:49:32 - [MESSAGE][PASSED] - Text ****** has been set on object 'Object Repository/RAD_Pages/TaxInfo_Page/input_TaxInformation_feinSsn'

2023-09-27 11:49:32 - [TEST_STEP][PASSED] - setEncryptedText(findTestObject(orPath_TaxInfo + "/input_TaxInformation_RefeinSsn"), "RigbBhfdqOD+04WBHw5iKw=="): Text ****** has been set on object 'Object Repository/RAD_Pages/TaxInfo_Page/input_TaxInformation_RefeinSsn'

2023-09-27 11:49:34 - [MESSAGE][PASSED] - Text ****** has been set on object 'Object Repository/RAD_Pages/TaxInfo_Page/input_TaxInformation_RefeinSsn'

2023-09-27 11:49:34 - [TEST_STEP][PASSED] - break: null

2023-09-27 11:49:34 - [TEST_STEP][PASSED] - setText(findTestObject(orPath_Amount + "/input__paymentAmount"), ""): Text '' is set on object 'Object Repository/RAD_Pages/PaymentAmount_Page/input__paymentAmount'

2023-09-27 11:49:34 - [MESSAGE][PASSED] - Text '' is set on object 'Object Repository/RAD_Pages/PaymentAmount_Page/input__paymentAmount'

2023-09-27 11:49:34 - [TEST_STEP][FAILED] - verifyTextPresent("The FEIN and Re-type FEIN do not match", true): Text 'The FEIN and Re-type FEIN do not match' is not present on page  using regular expression (Root cause: com.kms.katalon.core.exception.StepFailedException: Text 'The FEIN and Re-type FEIN do not match' is not present on page  using regular expression
	at com.kms.katalon.core.webui.keyword.internal.WebUIKeywordMain.stepFailed(WebUIKeywordMain.groovy:64)
	at com.kms.katalon.core.webui.keyword.builtin.VerifyTextPresentKeyword$_verifyTextPresent_closure1.doCall(VerifyTextPresentKeyword.groovy:79)
	at com.kms.katalon.core.webui.keyword.builtin.VerifyTextPresentKeyword$_verifyTextPresent_closure1.call(VerifyTextPresentKeyword.groovy)
	at com.kms.katalon.core.webui.keyword.internal.WebUIKeywordMain.runKeyword(WebUIKeywordMain.groovy:20)
	at com.kms.katalon.core.webui.keyword.builtin.VerifyTextPresentKeyword.verifyTextPresent(VerifyTextPresentKeyword.groovy:83)
	at com.kms.katalon.core.webui.keyword.builtin.VerifyTextPresentKeyword.execute(VerifyTextPresentKeyword.groovy:68)
	at com.kms.katalon.core.keyword.internal.KeywordExecutor.executeKeywordForPlatform(KeywordExecutor.groovy:74)
	at com.kms.katalon.core.webui.keyword.WebUiBuiltInKeywords.verifyTextPresent(WebUiBuiltInKeywords.groovy:1723)
	at com.kms.katalon.core.webui.keyword.WebUiBuiltInKeywords$verifyTextPresent$6.call(Unknown Source)
	at FEINmismatchError.run(FEINmismatchError:212)
	at com.kms.katalon.core.main.ScriptEngine.run(ScriptEngine.java:194)
	at com.kms.katalon.core.main.ScriptEngine.runScriptAsRawText(ScriptEngine.java:119)
	at com.kms.katalon.core.main.TestCaseExecutor.runScript(TestCaseExecutor.java:448)
	at com.kms.katalon.core.main.TestCaseExecutor.doExecute(TestCaseExecutor.java:439)
	at com.kms.katalon.core.main.TestCaseExecutor.processExecutionPhase(TestCaseExecutor.java:418)
	at com.kms.katalon.core.main.TestCaseExecutor.accessMainPhase(TestCaseExecutor.java:410)
	at com.kms.katalon.core.main.TestCaseExecutor.execute(TestCaseExecutor.java:285)
	at com.kms.katalon.core.common.CommonExecutor.accessTestCaseMainPhase(CommonExecutor.java:65)
	at com.kms.katalon.core.main.TestSuiteExecutor.accessTestSuiteMainPhase(TestSuiteExecutor.java:148)
	at com.kms.katalon.core.main.TestSuiteExecutor.execute(TestSuiteExecutor.java:106)
	at com.kms.katalon.core.main.TestCaseMain.startTestSuite(TestCaseMain.java:187)
	at com.kms.katalon.core.main.TestCaseMain$startTestSuite$0.call(Unknown Source)
	at TempTestSuite1695829496928.run(TempTestSuite1695829496928.groovy:36)
)

2023-09-27 11:49:35 - [MESSAGE][FAILED] - Text 'The FEIN and Re-type FEIN do not match' is not present on page  using regular expression (Root cause: com.kms.katalon.core.exception.StepFailedException: Text 'The FEIN and Re-type FEIN do not match' is not present on page  using regular expression
	at com.kms.katalon.core.webui.keyword.internal.WebUIKeywordMain.stepFailed(WebUIKeywordMain.groovy:64)
	at com.kms.katalon.core.webui.keyword.builtin.VerifyTextPresentKeyword$_verifyTextPresent_closure1.doCall(VerifyTextPresentKeyword.groovy:79)
	at com.kms.katalon.core.webui.keyword.builtin.VerifyTextPresentKeyword$_verifyTextPresent_closure1.call(VerifyTextPresentKeyword.groovy)
	at com.kms.katalon.core.webui.keyword.internal.WebUIKeywordMain.runKeyword(WebUIKeywordMain.groovy:20)
	at com.kms.katalon.core.webui.keyword.builtin.VerifyTextPresentKeyword.verifyTextPresent(VerifyTextPresentKeyword.groovy:83)
	at com.kms.katalon.core.webui.keyword.builtin.VerifyTextPresentKeyword.execute(VerifyTextPresentKeyword.groovy:68)
	at com.kms.katalon.core.keyword.internal.KeywordExecutor.executeKeywordForPlatform(KeywordExecutor.groovy:74)
	at com.kms.katalon.core.webui.keyword.WebUiBuiltInKeywords.verifyTextPresent(WebUiBuiltInKeywords.groovy:1723)
	at com.kms.katalon.core.webui.keyword.WebUiBuiltInKeywords$verifyTextPresent$6.call(Unknown Source)
	at FEINmismatchError.run(FEINmismatchError:212)
	at com.kms.katalon.core.main.ScriptEngine.run(ScriptEngine.java:194)
	at com.kms.katalon.core.main.ScriptEngine.runScriptAsRawText(ScriptEngine.java:119)
	at com.kms.katalon.core.main.TestCaseExecutor.runScript(TestCaseExecutor.java:448)
	at com.kms.katalon.core.main.TestCaseExecutor.doExecute(TestCaseExecutor.java:439)
	at com.kms.katalon.core.main.TestCaseExecutor.processExecutionPhase(TestCaseExecutor.java:418)
	at com.kms.katalon.core.main.TestCaseExecutor.accessMainPhase(TestCaseExecutor.java:410)
	at com.kms.katalon.core.main.TestCaseExecutor.execute(TestCaseExecutor.java:285)
	at com.kms.katalon.core.common.CommonExecutor.accessTestCaseMainPhase(CommonExecutor.java:65)
	at com.kms.katalon.core.main.TestSuiteExecutor.accessTestSuiteMainPhase(TestSuiteExecutor.java:148)
	at com.kms.katalon.core.main.TestSuiteExecutor.execute(TestSuiteExecutor.java:106)
	at com.kms.katalon.core.main.TestCaseMain.startTestSuite(TestCaseMain.java:187)
	at com.kms.katalon.core.main.TestCaseMain$startTestSuite$0.call(Unknown Source)
	at TempTestSuite1695829496928.run(TempTestSuite1695829496928.groovy:36)
)

2023-09-27 11:49:35 - [TEST_STEP][FAILED] - if (verifyTextPresent("The FEIN and Re-type FEIN do not match", true)): Text 'The FEIN and Re-type FEIN do not match' is not present on page  using regular expression (Root cause: com.kms.katalon.core.exception.StepFailedException: Text 'The FEIN and Re-type FEIN do not match' is not present on page  using regular expression
	at com.kms.katalon.core.webui.keyword.internal.WebUIKeywordMain.stepFailed(WebUIKeywordMain.groovy:64)
	at com.kms.katalon.core.webui.keyword.builtin.VerifyTextPresentKeyword$_verifyTextPresent_closure1.doCall(VerifyTextPresentKeyword.groovy:79)
	at com.kms.katalon.core.webui.keyword.builtin.VerifyTextPresentKeyword$_verifyTextPresent_closure1.call(VerifyTextPresentKeyword.groovy)
	at com.kms.katalon.core.webui.keyword.internal.WebUIKeywordMain.runKeyword(WebUIKeywordMain.groovy:20)
	at com.kms.katalon.core.webui.keyword.builtin.VerifyTextPresentKeyword.verifyTextPresent(VerifyTextPresentKeyword.groovy:83)
	at com.kms.katalon.core.webui.keyword.builtin.VerifyTextPresentKeyword.execute(VerifyTextPresentKeyword.groovy:68)
	at com.kms.katalon.core.keyword.internal.KeywordExecutor.executeKeywordForPlatform(KeywordExecutor.groovy:74)
	at com.kms.katalon.core.webui.keyword.WebUiBuiltInKeywords.verifyTextPresent(WebUiBuiltInKeywords.groovy:1723)
	at com.kms.katalon.core.webui.keyword.WebUiBuiltInKeywords$verifyTextPresent$6.call(Unknown Source)
	at FEINmismatchError.run(FEINmismatchError:214)
	at com.kms.katalon.core.main.ScriptEngine.run(ScriptEngine.java:194)
	at com.kms.katalon.core.main.ScriptEngine.runScriptAsRawText(ScriptEngine.java:119)
	at com.kms.katalon.core.main.TestCaseExecutor.runScript(TestCaseExecutor.java:448)
	at com.kms.katalon.core.main.TestCaseExecutor.doExecute(TestCaseExecutor.java:439)
	at com.kms.katalon.core.main.TestCaseExecutor.processExecutionPhase(TestCaseExecutor.java:418)
	at com.kms.katalon.core.main.TestCaseExecutor.accessMainPhase(TestCaseExecutor.java:410)
	at com.kms.katalon.core.main.TestCaseExecutor.execute(TestCaseExecutor.java:285)
	at com.kms.katalon.core.common.CommonExecutor.accessTestCaseMainPhase(CommonExecutor.java:65)
	at com.kms.katalon.core.main.TestSuiteExecutor.accessTestSuiteMainPhase(TestSuiteExecutor.java:148)
	at com.kms.katalon.core.main.TestSuiteExecutor.execute(TestSuiteExecutor.java:106)
	at com.kms.katalon.core.main.TestCaseMain.startTestSuite(TestCaseMain.java:187)
	at com.kms.katalon.core.main.TestCaseMain$startTestSuite$0.call(Unknown Source)
	at TempTestSuite1695829496928.run(TempTestSuite1695829496928.groovy:36)
)

2023-09-27 11:49:35 - [MESSAGE][FAILED] - Text 'The FEIN and Re-type FEIN do not match' is not present on page  using regular expression (Root cause: com.kms.katalon.core.exception.StepFailedException: Text 'The FEIN and Re-type FEIN do not match' is not present on page  using regular expression
	at com.kms.katalon.core.webui.keyword.internal.WebUIKeywordMain.stepFailed(WebUIKeywordMain.groovy:64)
	at com.kms.katalon.core.webui.keyword.builtin.VerifyTextPresentKeyword$_verifyTextPresent_closure1.doCall(VerifyTextPresentKeyword.groovy:79)
	at com.kms.katalon.core.webui.keyword.builtin.VerifyTextPresentKeyword$_verifyTextPresent_closure1.call(VerifyTextPresentKeyword.groovy)
	at com.kms.katalon.core.webui.keyword.internal.WebUIKeywordMain.runKeyword(WebUIKeywordMain.groovy:20)
	at com.kms.katalon.core.webui.keyword.builtin.VerifyTextPresentKeyword.verifyTextPresent(VerifyTextPresentKeyword.groovy:83)
	at com.kms.katalon.core.webui.keyword.builtin.VerifyTextPresentKeyword.execute(VerifyTextPresentKeyword.groovy:68)
	at com.kms.katalon.core.keyword.internal.KeywordExecutor.executeKeywordForPlatform(KeywordExecutor.groovy:74)
	at com.kms.katalon.core.webui.keyword.WebUiBuiltInKeywords.verifyTextPresent(WebUiBuiltInKeywords.groovy:1723)
	at com.kms.katalon.core.webui.keyword.WebUiBuiltInKeywords$verifyTextPresent$6.call(Unknown Source)
	at FEINmismatchError.run(FEINmismatchError:214)
	at com.kms.katalon.core.main.ScriptEngine.run(ScriptEngine.java:194)
	at com.kms.katalon.core.main.ScriptEngine.runScriptAsRawText(ScriptEngine.java:119)
	at com.kms.katalon.core.main.TestCaseExecutor.runScript(TestCaseExecutor.java:448)
	at com.kms.katalon.core.main.TestCaseExecutor.doExecute(TestCaseExecutor.java:439)
	at com.kms.katalon.core.main.TestCaseExecutor.processExecutionPhase(TestCaseExecutor.java:418)
	at com.kms.katalon.core.main.TestCaseExecutor.accessMainPhase(TestCaseExecutor.java:410)
	at com.kms.katalon.core.main.TestCaseExecutor.execute(TestCaseExecutor.java:285)
	at com.kms.katalon.core.common.CommonExecutor.accessTestCaseMainPhase(CommonExecutor.java:65)
	at com.kms.katalon.core.main.TestSuiteExecutor.accessTestSuiteMainPhase(TestSuiteExecutor.java:148)
	at com.kms.katalon.core.main.TestSuiteExecutor.execute(TestSuiteExecutor.java:106)
	at com.kms.katalon.core.main.TestCaseMain.startTestSuite(TestCaseMain.java:187)
	at com.kms.katalon.core.main.TestCaseMain$startTestSuite$0.call(Unknown Source)
	at TempTestSuite1695829496928.run(TempTestSuite1695829496928.groovy:36)
)

2023-09-27 11:49:35 - [TEST_STEP][PASSED] - else: pages.WriteExcel.demoKey is PASSED

2023-09-27 11:49:35 - [TEST_STEP][PASSED] - println("Error Message is NOT present on the page"): null

2023-09-27 11:49:35 - [TEST_STEP][PASSED] - out.println("Fail Record Number: " + row): null

2023-09-27 11:49:35 - [TEST_STEP][PASSED] - resText = "Fail": null

2023-09-27 11:49:35 - [TEST_STEP][PASSED] - pages.WriteExcel.demoKey(resText, datText, resColumn, datCloumn, fileLoc, nameSheet, row): pages.WriteExcel.demoKey is PASSED

2023-09-27 11:49:36 - [MESSAGE][PASSED] - pages.WriteExcel.demoKey is PASSED

2023-09-27 11:49:36 - [TEST_STEP][PASSED] - ExecuteTC = findTestData(dataFile).getValue("Execute", row): null

2023-09-27 11:49:36 - [TEST_STEP][PASSED] - Taxtype = findTestData(dataFile).getValue("TaxType", row): null

2023-09-27 11:49:36 - [TEST_STEP][PASSED] - Paymenttype = findTestData(dataFile).getValue("PaymentType", row): null

2023-09-27 11:49:36 - [TEST_STEP][PASSED] - feinSSN = findTestData(dataFile).getValue("FeinSsn", row): null

2023-09-27 11:49:36 - [TEST_STEP][PASSED] - out.println("Value of Execute is : " + ExecuteTC): null

2023-09-27 11:49:36 - [TEST_STEP][FAILED] - if (ExecuteTC.equalsIgnoreCase("Y")): null

2023-09-27 11:49:36 - [TEST_STEP][PASSED] - out.println("Begin Record Number: " + row): null

2023-09-27 11:49:36 - [TEST_STEP][PASSED] - today = new java.util.Date(): null

2023-09-27 11:49:36 - [TEST_STEP][PASSED] - println(today): null

2023-09-27 11:49:36 - [TEST_STEP][PASSED] - datText = today: null

2023-09-27 11:49:36 - [TEST_STEP][PASSED] - Taxtype = findTestData(dataFile).getValue("TaxType", row): null

2023-09-27 11:49:36 - [TEST_STEP][PASSED] - out.println("Taxtype value is : " + Taxtype): null

2023-09-27 11:49:36 - [TEST_STEP][PASSED] - openBrowser(""): Browser is opened with url: ''

2023-09-27 11:49:36 - [MESSAGE][WARNING] - A browser is already opened. Closing browser and opening a new one

2023-09-27 11:49:37 - [MESSAGE][INFO] - Starting 'Chrome' driver

2023-09-27 11:49:37 - [MESSAGE][INFO] - User set preference: ['acceptInsecureCerts', 'true']

2023-09-27 11:49:37 - [MESSAGE][INFO] - Action delay is set to 0 milliseconds

2023-09-27 11:49:39 - [MESSAGE][PASSED] - Browser is opened with url: ''

2023-09-27 11:49:39 - [TEST_STEP][PASSED] - maximizeWindow(): Current window maximized

2023-09-27 11:49:39 - [MESSAGE][PASSED] - Current window maximized

2023-09-27 11:49:39 - [TEST_STEP][PASSED] - navigateToUrl(RADurl): Navigate to 'https://qa2.velocitypayment.com/client/rad/index.html' successfully

2023-09-27 11:49:41 - [MESSAGE][PASSED] - Navigate to 'https://qa2.velocitypayment.com/client/rad/index.html' successfully

2023-09-27 11:49:41 - [TEST_STEP][PASSED] - orPath_Landing = "Object Repository/RAD_Pages/Landing_Page": null

2023-09-27 11:49:41 - [TEST_STEP][PASSED] - orPath_TaxTypeFilingYear = "Object Repository/RAD_Pages/TaxTypeFilingYear_Page": null

2023-09-27 11:49:41 - [TEST_STEP][PASSED] - orPath_TaxPayer = "Object Repository/RAD_Pages/Taxpayer_Page": null

2023-09-27 11:49:41 - [TEST_STEP][PASSED] - orPath_AddressContact = "Object Repository/RAD_Pages/AddressAndContactInfo_Page": null

2023-09-27 11:49:41 - [TEST_STEP][PASSED] - orPath_FilingStatus = "Object Repository/RAD_Pages/FilingStatus_Page": null

2023-09-27 11:49:41 - [TEST_STEP][PASSED] - orPath_Amount = "Object Repository/RAD_Pages/PaymentAmount_Page": null

2023-09-27 11:49:41 - [TEST_STEP][PASSED] - orPath_TaxInfo = "Object Repository/RAD_Pages/TaxInfo_Page": null

2023-09-27 11:49:41 - [TEST_STEP][PASSED] - orPath_Withholding = "Object Repository/RAD_Pages/Withholding_Page": null

2023-09-27 11:49:41 - [TEST_STEP][PASSED] - orPath_Summary = "Object Repository/RAD_Pages/Summary_Page": null

2023-09-27 11:49:41 - [TEST_STEP][PASSED] - orPath_PaymentReady = "Object Repository/RAD_Pages/PaymentReady_Page": null

2023-09-27 11:49:41 - [TEST_STEP][PASSED] - orPath_PaymentEntry = "Object Repository/RAD_Pages/PaymentEntry_Page": null

2023-09-27 11:49:41 - [TEST_STEP][PASSED] - orPath_PaymentConfirmation = "Object Repository/RAD_Pages/PaymentConfirmation_Page": null

2023-09-27 11:49:41 - [TEST_STEP][PASSED] - orPath_ServiceFeesAccept = "Object Repository/RAD_Pages/ServiceFeeAccept_Page": null

2023-09-27 11:49:41 - [TEST_STEP][PASSED] - selectOptionByLabel(findTestObject(orPath_Landing + "/dd_TaxType"), Paymenttype, false): All options with label 'Extension Payments' are selected in object 'Object Repository/RAD_Pages/Landing_Page/dd_TaxType' 

2023-09-27 11:49:41 - [MESSAGE][PASSED] - All options with label 'Extension Payments' are selected in object 'Object Repository/RAD_Pages/Landing_Page/dd_TaxType' 

2023-09-27 11:49:41 - [TEST_STEP][PASSED] - delay(1): Delayed 1 second(s)

2023-09-27 11:49:42 - [MESSAGE][PASSED] - Delayed 1 second(s)

2023-09-27 11:49:42 - [TEST_STEP][PASSED] - switch (Paymenttype): null

2023-09-27 11:49:42 - [TEST_STEP][PASSED] - case "Extension Payments":: null

2023-09-27 11:49:42 - [TEST_STEP][PASSED] - selectOptionByLabel(findTestObject(orPath_TaxTypeFilingYear + "/select_PaymentType"), Taxtype, false): All options with label 'PTE Tax Electing S Corp' are selected in object 'Object Repository/RAD_Pages/TaxTypeFilingYear_Page/select_PaymentType' 

2023-09-27 11:49:43 - [MESSAGE][PASSED] - All options with label 'PTE Tax Electing S Corp' are selected in object 'Object Repository/RAD_Pages/TaxTypeFilingYear_Page/select_PaymentType' 

2023-09-27 11:49:43 - [TEST_STEP][PASSED] - break: null

2023-09-27 11:49:43 - [TEST_STEP][PASSED] - delay(1): Delayed 1 second(s)

2023-09-27 11:49:44 - [MESSAGE][PASSED] - Delayed 1 second(s)

2023-09-27 11:49:44 - [TEST_STEP][PASSED] - scrollToElement(findTestObject(orPath_Amount + "/input__paymentAmount"), 2, CONTINUE_ON_FAILURE): Scroll to object 'Object Repository/RAD_Pages/PaymentAmount_Page/input__paymentAmount' successfully

2023-09-27 11:49:44 - [MESSAGE][PASSED] - Scroll to object 'Object Repository/RAD_Pages/PaymentAmount_Page/input__paymentAmount' successfully

2023-09-27 11:49:44 - [TEST_STEP][PASSED] - switch (Paymenttype): null

2023-09-27 11:49:44 - [TEST_STEP][PASSED] - case "Extension Payments":: null

2023-09-27 11:49:44 - [TEST_STEP][PASSED] - if (feinSSN.equalsIgnoreCase("Y")): Text ****** has been set on object 'Object Repository/RAD_Pages/TaxInfo_Page/input_TaxInformation_RefeinSsn'

2023-09-27 11:49:44 - [TEST_STEP][PASSED] - setEncryptedText(findTestObject(orPath_TaxInfo + "/input_TaxInformation_feinSsn"), "RigbBhfdqODKcAsiUrg+1Q=="): Text ****** has been set on object 'Object Repository/RAD_Pages/TaxInfo_Page/input_TaxInformation_feinSsn'

2023-09-27 11:49:45 - [MESSAGE][PASSED] - Text ****** has been set on object 'Object Repository/RAD_Pages/TaxInfo_Page/input_TaxInformation_feinSsn'

2023-09-27 11:49:45 - [TEST_STEP][PASSED] - setEncryptedText(findTestObject(orPath_TaxInfo + "/input_TaxInformation_RefeinSsn"), "RigbBhfdqOD+04WBHw5iKw=="): Text ****** has been set on object 'Object Repository/RAD_Pages/TaxInfo_Page/input_TaxInformation_RefeinSsn'

2023-09-27 11:49:46 - [MESSAGE][PASSED] - Text ****** has been set on object 'Object Repository/RAD_Pages/TaxInfo_Page/input_TaxInformation_RefeinSsn'

2023-09-27 11:49:46 - [TEST_STEP][PASSED] - break: null

2023-09-27 11:49:46 - [TEST_STEP][PASSED] - setText(findTestObject(orPath_Amount + "/input__paymentAmount"), ""): Text '' is set on object 'Object Repository/RAD_Pages/PaymentAmount_Page/input__paymentAmount'

2023-09-27 11:49:47 - [MESSAGE][PASSED] - Text '' is set on object 'Object Repository/RAD_Pages/PaymentAmount_Page/input__paymentAmount'

2023-09-27 11:49:47 - [TEST_STEP][FAILED] - verifyTextPresent("The FEIN and Re-type FEIN do not match", true): Text 'The FEIN and Re-type FEIN do not match' is not present on page  using regular expression (Root cause: com.kms.katalon.core.exception.StepFailedException: Text 'The FEIN and Re-type FEIN do not match' is not present on page  using regular expression
	at com.kms.katalon.core.webui.keyword.internal.WebUIKeywordMain.stepFailed(WebUIKeywordMain.groovy:64)
	at com.kms.katalon.core.webui.keyword.builtin.VerifyTextPresentKeyword$_verifyTextPresent_closure1.doCall(VerifyTextPresentKeyword.groovy:79)
	at com.kms.katalon.core.webui.keyword.builtin.VerifyTextPresentKeyword$_verifyTextPresent_closure1.call(VerifyTextPresentKeyword.groovy)
	at com.kms.katalon.core.webui.keyword.internal.WebUIKeywordMain.runKeyword(WebUIKeywordMain.groovy:20)
	at com.kms.katalon.core.webui.keyword.builtin.VerifyTextPresentKeyword.verifyTextPresent(VerifyTextPresentKeyword.groovy:83)
	at com.kms.katalon.core.webui.keyword.builtin.VerifyTextPresentKeyword.execute(VerifyTextPresentKeyword.groovy:68)
	at com.kms.katalon.core.keyword.internal.KeywordExecutor.executeKeywordForPlatform(KeywordExecutor.groovy:74)
	at com.kms.katalon.core.webui.keyword.WebUiBuiltInKeywords.verifyTextPresent(WebUiBuiltInKeywords.groovy:1723)
	at com.kms.katalon.core.webui.keyword.WebUiBuiltInKeywords$verifyTextPresent$6.call(Unknown Source)
	at FEINmismatchError.run(FEINmismatchError:212)
	at com.kms.katalon.core.main.ScriptEngine.run(ScriptEngine.java:194)
	at com.kms.katalon.core.main.ScriptEngine.runScriptAsRawText(ScriptEngine.java:119)
	at com.kms.katalon.core.main.TestCaseExecutor.runScript(TestCaseExecutor.java:448)
	at com.kms.katalon.core.main.TestCaseExecutor.doExecute(TestCaseExecutor.java:439)
	at com.kms.katalon.core.main.TestCaseExecutor.processExecutionPhase(TestCaseExecutor.java:418)
	at com.kms.katalon.core.main.TestCaseExecutor.accessMainPhase(TestCaseExecutor.java:410)
	at com.kms.katalon.core.main.TestCaseExecutor.execute(TestCaseExecutor.java:285)
	at com.kms.katalon.core.common.CommonExecutor.accessTestCaseMainPhase(CommonExecutor.java:65)
	at com.kms.katalon.core.main.TestSuiteExecutor.accessTestSuiteMainPhase(TestSuiteExecutor.java:148)
	at com.kms.katalon.core.main.TestSuiteExecutor.execute(TestSuiteExecutor.java:106)
	at com.kms.katalon.core.main.TestCaseMain.startTestSuite(TestCaseMain.java:187)
	at com.kms.katalon.core.main.TestCaseMain$startTestSuite$0.call(Unknown Source)
	at TempTestSuite1695829496928.run(TempTestSuite1695829496928.groovy:36)
)

2023-09-27 11:49:48 - [MESSAGE][FAILED] - Text 'The FEIN and Re-type FEIN do not match' is not present on page  using regular expression (Root cause: com.kms.katalon.core.exception.StepFailedException: Text 'The FEIN and Re-type FEIN do not match' is not present on page  using regular expression
	at com.kms.katalon.core.webui.keyword.internal.WebUIKeywordMain.stepFailed(WebUIKeywordMain.groovy:64)
	at com.kms.katalon.core.webui.keyword.builtin.VerifyTextPresentKeyword$_verifyTextPresent_closure1.doCall(VerifyTextPresentKeyword.groovy:79)
	at com.kms.katalon.core.webui.keyword.builtin.VerifyTextPresentKeyword$_verifyTextPresent_closure1.call(VerifyTextPresentKeyword.groovy)
	at com.kms.katalon.core.webui.keyword.internal.WebUIKeywordMain.runKeyword(WebUIKeywordMain.groovy:20)
	at com.kms.katalon.core.webui.keyword.builtin.VerifyTextPresentKeyword.verifyTextPresent(VerifyTextPresentKeyword.groovy:83)
	at com.kms.katalon.core.webui.keyword.builtin.VerifyTextPresentKeyword.execute(VerifyTextPresentKeyword.groovy:68)
	at com.kms.katalon.core.keyword.internal.KeywordExecutor.executeKeywordForPlatform(KeywordExecutor.groovy:74)
	at com.kms.katalon.core.webui.keyword.WebUiBuiltInKeywords.verifyTextPresent(WebUiBuiltInKeywords.groovy:1723)
	at com.kms.katalon.core.webui.keyword.WebUiBuiltInKeywords$verifyTextPresent$6.call(Unknown Source)
	at FEINmismatchError.run(FEINmismatchError:212)
	at com.kms.katalon.core.main.ScriptEngine.run(ScriptEngine.java:194)
	at com.kms.katalon.core.main.ScriptEngine.runScriptAsRawText(ScriptEngine.java:119)
	at com.kms.katalon.core.main.TestCaseExecutor.runScript(TestCaseExecutor.java:448)
	at com.kms.katalon.core.main.TestCaseExecutor.doExecute(TestCaseExecutor.java:439)
	at com.kms.katalon.core.main.TestCaseExecutor.processExecutionPhase(TestCaseExecutor.java:418)
	at com.kms.katalon.core.main.TestCaseExecutor.accessMainPhase(TestCaseExecutor.java:410)
	at com.kms.katalon.core.main.TestCaseExecutor.execute(TestCaseExecutor.java:285)
	at com.kms.katalon.core.common.CommonExecutor.accessTestCaseMainPhase(CommonExecutor.java:65)
	at com.kms.katalon.core.main.TestSuiteExecutor.accessTestSuiteMainPhase(TestSuiteExecutor.java:148)
	at com.kms.katalon.core.main.TestSuiteExecutor.execute(TestSuiteExecutor.java:106)
	at com.kms.katalon.core.main.TestCaseMain.startTestSuite(TestCaseMain.java:187)
	at com.kms.katalon.core.main.TestCaseMain$startTestSuite$0.call(Unknown Source)
	at TempTestSuite1695829496928.run(TempTestSuite1695829496928.groovy:36)
)

2023-09-27 11:49:48 - [TEST_STEP][FAILED] - if (verifyTextPresent("The FEIN and Re-type FEIN do not match", true)): Text 'The FEIN and Re-type FEIN do not match' is not present on page  using regular expression (Root cause: com.kms.katalon.core.exception.StepFailedException: Text 'The FEIN and Re-type FEIN do not match' is not present on page  using regular expression
	at com.kms.katalon.core.webui.keyword.internal.WebUIKeywordMain.stepFailed(WebUIKeywordMain.groovy:64)
	at com.kms.katalon.core.webui.keyword.builtin.VerifyTextPresentKeyword$_verifyTextPresent_closure1.doCall(VerifyTextPresentKeyword.groovy:79)
	at com.kms.katalon.core.webui.keyword.builtin.VerifyTextPresentKeyword$_verifyTextPresent_closure1.call(VerifyTextPresentKeyword.groovy)
	at com.kms.katalon.core.webui.keyword.internal.WebUIKeywordMain.runKeyword(WebUIKeywordMain.groovy:20)
	at com.kms.katalon.core.webui.keyword.builtin.VerifyTextPresentKeyword.verifyTextPresent(VerifyTextPresentKeyword.groovy:83)
	at com.kms.katalon.core.webui.keyword.builtin.VerifyTextPresentKeyword.execute(VerifyTextPresentKeyword.groovy:68)
	at com.kms.katalon.core.keyword.internal.KeywordExecutor.executeKeywordForPlatform(KeywordExecutor.groovy:74)
	at com.kms.katalon.core.webui.keyword.WebUiBuiltInKeywords.verifyTextPresent(WebUiBuiltInKeywords.groovy:1723)
	at com.kms.katalon.core.webui.keyword.WebUiBuiltInKeywords$verifyTextPresent$6.call(Unknown Source)
	at FEINmismatchError.run(FEINmismatchError:214)
	at com.kms.katalon.core.main.ScriptEngine.run(ScriptEngine.java:194)
	at com.kms.katalon.core.main.ScriptEngine.runScriptAsRawText(ScriptEngine.java:119)
	at com.kms.katalon.core.main.TestCaseExecutor.runScript(TestCaseExecutor.java:448)
	at com.kms.katalon.core.main.TestCaseExecutor.doExecute(TestCaseExecutor.java:439)
	at com.kms.katalon.core.main.TestCaseExecutor.processExecutionPhase(TestCaseExecutor.java:418)
	at com.kms.katalon.core.main.TestCaseExecutor.accessMainPhase(TestCaseExecutor.java:410)
	at com.kms.katalon.core.main.TestCaseExecutor.execute(TestCaseExecutor.java:285)
	at com.kms.katalon.core.common.CommonExecutor.accessTestCaseMainPhase(CommonExecutor.java:65)
	at com.kms.katalon.core.main.TestSuiteExecutor.accessTestSuiteMainPhase(TestSuiteExecutor.java:148)
	at com.kms.katalon.core.main.TestSuiteExecutor.execute(TestSuiteExecutor.java:106)
	at com.kms.katalon.core.main.TestCaseMain.startTestSuite(TestCaseMain.java:187)
	at com.kms.katalon.core.main.TestCaseMain$startTestSuite$0.call(Unknown Source)
	at TempTestSuite1695829496928.run(TempTestSuite1695829496928.groovy:36)
)

2023-09-27 11:49:48 - [MESSAGE][FAILED] - Text 'The FEIN and Re-type FEIN do not match' is not present on page  using regular expression (Root cause: com.kms.katalon.core.exception.StepFailedException: Text 'The FEIN and Re-type FEIN do not match' is not present on page  using regular expression
	at com.kms.katalon.core.webui.keyword.internal.WebUIKeywordMain.stepFailed(WebUIKeywordMain.groovy:64)
	at com.kms.katalon.core.webui.keyword.builtin.VerifyTextPresentKeyword$_verifyTextPresent_closure1.doCall(VerifyTextPresentKeyword.groovy:79)
	at com.kms.katalon.core.webui.keyword.builtin.VerifyTextPresentKeyword$_verifyTextPresent_closure1.call(VerifyTextPresentKeyword.groovy)
	at com.kms.katalon.core.webui.keyword.internal.WebUIKeywordMain.runKeyword(WebUIKeywordMain.groovy:20)
	at com.kms.katalon.core.webui.keyword.builtin.VerifyTextPresentKeyword.verifyTextPresent(VerifyTextPresentKeyword.groovy:83)
	at com.kms.katalon.core.webui.keyword.builtin.VerifyTextPresentKeyword.execute(VerifyTextPresentKeyword.groovy:68)
	at com.kms.katalon.core.keyword.internal.KeywordExecutor.executeKeywordForPlatform(KeywordExecutor.groovy:74)
	at com.kms.katalon.core.webui.keyword.WebUiBuiltInKeywords.verifyTextPresent(WebUiBuiltInKeywords.groovy:1723)
	at com.kms.katalon.core.webui.keyword.WebUiBuiltInKeywords$verifyTextPresent$6.call(Unknown Source)
	at FEINmismatchError.run(FEINmismatchError:214)
	at com.kms.katalon.core.main.ScriptEngine.run(ScriptEngine.java:194)
	at com.kms.katalon.core.main.ScriptEngine.runScriptAsRawText(ScriptEngine.java:119)
	at com.kms.katalon.core.main.TestCaseExecutor.runScript(TestCaseExecutor.java:448)
	at com.kms.katalon.core.main.TestCaseExecutor.doExecute(TestCaseExecutor.java:439)
	at com.kms.katalon.core.main.TestCaseExecutor.processExecutionPhase(TestCaseExecutor.java:418)
	at com.kms.katalon.core.main.TestCaseExecutor.accessMainPhase(TestCaseExecutor.java:410)
	at com.kms.katalon.core.main.TestCaseExecutor.execute(TestCaseExecutor.java:285)
	at com.kms.katalon.core.common.CommonExecutor.accessTestCaseMainPhase(CommonExecutor.java:65)
	at com.kms.katalon.core.main.TestSuiteExecutor.accessTestSuiteMainPhase(TestSuiteExecutor.java:148)
	at com.kms.katalon.core.main.TestSuiteExecutor.execute(TestSuiteExecutor.java:106)
	at com.kms.katalon.core.main.TestCaseMain.startTestSuite(TestCaseMain.java:187)
	at com.kms.katalon.core.main.TestCaseMain$startTestSuite$0.call(Unknown Source)
	at TempTestSuite1695829496928.run(TempTestSuite1695829496928.groovy:36)
)

2023-09-27 11:49:48 - [TEST_STEP][PASSED] - else: pages.WriteExcel.demoKey is PASSED

2023-09-27 11:49:48 - [TEST_STEP][PASSED] - println("Error Message is NOT present on the page"): null

2023-09-27 11:49:48 - [TEST_STEP][PASSED] - out.println("Fail Record Number: " + row): null

2023-09-27 11:49:48 - [TEST_STEP][PASSED] - resText = "Fail": null

2023-09-27 11:49:48 - [TEST_STEP][PASSED] - pages.WriteExcel.demoKey(resText, datText, resColumn, datCloumn, fileLoc, nameSheet, row): pages.WriteExcel.demoKey is PASSED

2023-09-27 11:49:48 - [MESSAGE][PASSED] - pages.WriteExcel.demoKey is PASSED

2023-09-27 11:49:48 - [TEST_STEP][PASSED] - ExecuteTC = findTestData(dataFile).getValue("Execute", row): null

2023-09-27 11:49:48 - [TEST_STEP][PASSED] - Taxtype = findTestData(dataFile).getValue("TaxType", row): null

2023-09-27 11:49:48 - [TEST_STEP][PASSED] - Paymenttype = findTestData(dataFile).getValue("PaymentType", row): null

2023-09-27 11:49:48 - [TEST_STEP][PASSED] - feinSSN = findTestData(dataFile).getValue("FeinSsn", row): null

2023-09-27 11:49:48 - [TEST_STEP][PASSED] - out.println("Value of Execute is : " + ExecuteTC): null

2023-09-27 11:49:48 - [TEST_STEP][PASSED] - if (ExecuteTC.equalsIgnoreCase("Y")): null

2023-09-27 11:49:48 - [TEST_STEP][PASSED] - out.println("Begin Record Number: " + row): null

2023-09-27 11:49:48 - [TEST_STEP][PASSED] - today = new java.util.Date(): null

2023-09-27 11:49:48 - [TEST_STEP][PASSED] - println(today): null

2023-09-27 11:49:48 - [TEST_STEP][PASSED] - datText = today: null

2023-09-27 11:49:48 - [TEST_STEP][PASSED] - Taxtype = findTestData(dataFile).getValue("TaxType", row): null

2023-09-27 11:49:48 - [TEST_STEP][PASSED] - out.println("Taxtype value is : " + Taxtype): null

2023-09-27 11:49:48 - [TEST_STEP][PASSED] - openBrowser(""): Browser is opened with url: ''

2023-09-27 11:49:48 - [MESSAGE][WARNING] - A browser is already opened. Closing browser and opening a new one

2023-09-27 11:49:49 - [MESSAGE][INFO] - Starting 'Chrome' driver

2023-09-27 11:49:49 - [MESSAGE][INFO] - User set preference: ['acceptInsecureCerts', 'true']

2023-09-27 11:49:49 - [MESSAGE][INFO] - Action delay is set to 0 milliseconds

2023-09-27 11:49:51 - [MESSAGE][PASSED] - Browser is opened with url: ''

2023-09-27 11:49:51 - [TEST_STEP][PASSED] - maximizeWindow(): Current window maximized

2023-09-27 11:49:51 - [MESSAGE][PASSED] - Current window maximized

2023-09-27 11:49:51 - [TEST_STEP][PASSED] - navigateToUrl(RADurl): Navigate to 'https://qa2.velocitypayment.com/client/rad/index.html' successfully

2023-09-27 11:49:53 - [MESSAGE][PASSED] - Navigate to 'https://qa2.velocitypayment.com/client/rad/index.html' successfully

2023-09-27 11:49:53 - [TEST_STEP][PASSED] - orPath_Landing = "Object Repository/RAD_Pages/Landing_Page": null

2023-09-27 11:49:53 - [TEST_STEP][PASSED] - orPath_TaxTypeFilingYear = "Object Repository/RAD_Pages/TaxTypeFilingYear_Page": null

2023-09-27 11:49:53 - [TEST_STEP][PASSED] - orPath_TaxPayer = "Object Repository/RAD_Pages/Taxpayer_Page": null

2023-09-27 11:49:53 - [TEST_STEP][PASSED] - orPath_AddressContact = "Object Repository/RAD_Pages/AddressAndContactInfo_Page": null

2023-09-27 11:49:53 - [TEST_STEP][PASSED] - orPath_FilingStatus = "Object Repository/RAD_Pages/FilingStatus_Page": null

2023-09-27 11:49:53 - [TEST_STEP][PASSED] - orPath_Amount = "Object Repository/RAD_Pages/PaymentAmount_Page": null

2023-09-27 11:49:53 - [TEST_STEP][PASSED] - orPath_TaxInfo = "Object Repository/RAD_Pages/TaxInfo_Page": null

2023-09-27 11:49:53 - [TEST_STEP][PASSED] - orPath_Withholding = "Object Repository/RAD_Pages/Withholding_Page": null

2023-09-27 11:49:53 - [TEST_STEP][PASSED] - orPath_Summary = "Object Repository/RAD_Pages/Summary_Page": null

2023-09-27 11:49:53 - [TEST_STEP][PASSED] - orPath_PaymentReady = "Object Repository/RAD_Pages/PaymentReady_Page": null

2023-09-27 11:49:53 - [TEST_STEP][PASSED] - orPath_PaymentEntry = "Object Repository/RAD_Pages/PaymentEntry_Page": null

2023-09-27 11:49:53 - [TEST_STEP][PASSED] - orPath_PaymentConfirmation = "Object Repository/RAD_Pages/PaymentConfirmation_Page": null

2023-09-27 11:49:53 - [TEST_STEP][PASSED] - orPath_ServiceFeesAccept = "Object Repository/RAD_Pages/ServiceFeeAccept_Page": null

2023-09-27 11:49:53 - [TEST_STEP][PASSED] - selectOptionByLabel(findTestObject(orPath_Landing + "/dd_TaxType"), Paymenttype, false): All options with label 'New Tax Return Amount Due' are selected in object 'Object Repository/RAD_Pages/Landing_Page/dd_TaxType' 

2023-09-27 11:49:53 - [MESSAGE][PASSED] - All options with label 'New Tax Return Amount Due' are selected in object 'Object Repository/RAD_Pages/Landing_Page/dd_TaxType' 

2023-09-27 11:49:53 - [TEST_STEP][PASSED] - delay(1): Delayed 1 second(s)

2023-09-27 11:49:54 - [MESSAGE][PASSED] - Delayed 1 second(s)

2023-09-27 11:49:54 - [TEST_STEP][PASSED] - switch (Paymenttype): null

2023-09-27 11:49:54 - [TEST_STEP][PASSED] - case "New Tax Return Amount Due":: null

2023-09-27 11:49:54 - [TEST_STEP][PASSED] - selectOptionByLabel(findTestObject("Object Repository/RAD_Pages/Landing_Page/select_NewTaxReturnAmountDue_TaxType"), Taxtype, false): All options with label 'Fiduciary Tax' are selected in object 'Object Repository/RAD_Pages/Landing_Page/select_NewTaxReturnAmountDue_TaxType' 

2023-09-27 11:49:55 - [MESSAGE][PASSED] - All options with label 'Fiduciary Tax' are selected in object 'Object Repository/RAD_Pages/Landing_Page/select_NewTaxReturnAmountDue_TaxType' 

2023-09-27 11:49:55 - [TEST_STEP][PASSED] - break: null

2023-09-27 11:49:55 - [TEST_STEP][PASSED] - delay(1): Delayed 1 second(s)

2023-09-27 11:49:56 - [MESSAGE][PASSED] - Delayed 1 second(s)

2023-09-27 11:49:56 - [TEST_STEP][PASSED] - scrollToElement(findTestObject(orPath_Amount + "/input__paymentAmount"), 2, CONTINUE_ON_FAILURE): Scroll to object 'Object Repository/RAD_Pages/PaymentAmount_Page/input__paymentAmount' successfully

2023-09-27 11:49:56 - [MESSAGE][PASSED] - Scroll to object 'Object Repository/RAD_Pages/PaymentAmount_Page/input__paymentAmount' successfully

2023-09-27 11:49:56 - [TEST_STEP][PASSED] - switch (Paymenttype): null

2023-09-27 11:49:56 - [TEST_STEP][PASSED] - case "New Tax Return Amount Due":: null

2023-09-27 11:49:56 - [TEST_STEP][PASSED] - if (feinSSN.equalsIgnoreCase("Y")): null

2023-09-27 11:49:56 - [TEST_STEP][PASSED] - else: Text ****** has been set on object 'Object Repository/RAD_Pages/TaxInfo_Page/input_FederalEIN_ReEnter-2'

2023-09-27 11:49:56 - [TEST_STEP][PASSED] - setEncryptedText(findTestObject(orPath_TaxInfo + "/input_FederalEIN-2"), "RigbBhfdqODKcAsiUrg+1Q=="): Text ****** has been set on object 'Object Repository/RAD_Pages/TaxInfo_Page/input_FederalEIN-2'

2023-09-27 11:49:57 - [MESSAGE][PASSED] - Text ****** has been set on object 'Object Repository/RAD_Pages/TaxInfo_Page/input_FederalEIN-2'

2023-09-27 11:49:58 - [TEST_STEP][PASSED] - setEncryptedText(findTestObject(orPath_TaxInfo + "/input_FederalEIN_ReEnter-2"), "RigbBhfdqOBBGbZqm4oFJQ=="): Text ****** has been set on object 'Object Repository/RAD_Pages/TaxInfo_Page/input_FederalEIN_ReEnter-2'

2023-09-27 11:49:59 - [MESSAGE][PASSED] - Text ****** has been set on object 'Object Repository/RAD_Pages/TaxInfo_Page/input_FederalEIN_ReEnter-2'

2023-09-27 11:49:59 - [TEST_STEP][PASSED] - break: null

2023-09-27 11:49:59 - [TEST_STEP][PASSED] - setText(findTestObject(orPath_Amount + "/input__paymentAmount"), ""): Text '' is set on object 'Object Repository/RAD_Pages/PaymentAmount_Page/input__paymentAmount'

2023-09-27 11:49:59 - [MESSAGE][PASSED] - Text '' is set on object 'Object Repository/RAD_Pages/PaymentAmount_Page/input__paymentAmount'

2023-09-27 11:49:59 - [TEST_STEP][PASSED] - verifyTextPresent("The FEIN and Re-type FEIN do not match", true): Text 'The FEIN and Re-type FEIN do not match' is present on page  using regular expression

2023-09-27 11:50:00 - [MESSAGE][PASSED] - Text 'The FEIN and Re-type FEIN do not match' is present on page  using regular expression

2023-09-27 11:50:00 - [TEST_STEP][PASSED] - if (verifyTextPresent("The FEIN and Re-type FEIN do not match", true)): null

2023-09-27 11:50:00 - [MESSAGE][PASSED] - Text 'The FEIN and Re-type FEIN do not match' is present on page  using regular expression

2023-09-27 11:50:00 - [TEST_STEP][PASSED] - println("Error Message is present on the page"): null

2023-09-27 11:50:00 - [TEST_STEP][PASSED] - out.println("Pass Record Number: " + row): null

2023-09-27 11:50:00 - [TEST_STEP][PASSED] - resText = "Pass": null

2023-09-27 11:50:00 - [TEST_STEP][PASSED] - pages.WriteExcel.demoKey(resText, datText, resColumn, datCloumn, fileLoc, nameSheet, row): pages.WriteExcel.demoKey is PASSED

2023-09-27 11:50:00 - [MESSAGE][PASSED] - pages.WriteExcel.demoKey is PASSED

2023-09-27 11:50:00 - [TEST_STEP][PASSED] - ExecuteTC = findTestData(dataFile).getValue("Execute", row): null

2023-09-27 11:50:01 - [TEST_STEP][PASSED] - Taxtype = findTestData(dataFile).getValue("TaxType", row): null

2023-09-27 11:50:01 - [TEST_STEP][PASSED] - Paymenttype = findTestData(dataFile).getValue("PaymentType", row): null

2023-09-27 11:50:01 - [TEST_STEP][PASSED] - feinSSN = findTestData(dataFile).getValue("FeinSsn", row): null

2023-09-27 11:50:01 - [TEST_STEP][PASSED] - out.println("Value of Execute is : " + ExecuteTC): null

2023-09-27 11:50:01 - [TEST_STEP][FAILED] - if (ExecuteTC.equalsIgnoreCase("Y")): null

2023-09-27 11:50:01 - [TEST_STEP][PASSED] - out.println("Begin Record Number: " + row): null

2023-09-27 11:50:01 - [TEST_STEP][PASSED] - today = new java.util.Date(): null

2023-09-27 11:50:01 - [TEST_STEP][PASSED] - println(today): null

2023-09-27 11:50:01 - [TEST_STEP][PASSED] - datText = today: null

2023-09-27 11:50:01 - [TEST_STEP][PASSED] - Taxtype = findTestData(dataFile).getValue("TaxType", row): null

2023-09-27 11:50:01 - [TEST_STEP][PASSED] - out.println("Taxtype value is : " + Taxtype): null

2023-09-27 11:50:01 - [TEST_STEP][PASSED] - openBrowser(""): Browser is opened with url: ''

2023-09-27 11:50:01 - [MESSAGE][WARNING] - A browser is already opened. Closing browser and opening a new one

2023-09-27 11:50:02 - [MESSAGE][INFO] - Starting 'Chrome' driver

2023-09-27 11:50:02 - [MESSAGE][INFO] - User set preference: ['acceptInsecureCerts', 'true']

2023-09-27 11:50:02 - [MESSAGE][INFO] - Action delay is set to 0 milliseconds

2023-09-27 11:50:03 - [MESSAGE][PASSED] - Browser is opened with url: ''

2023-09-27 11:50:03 - [TEST_STEP][PASSED] - maximizeWindow(): Current window maximized

2023-09-27 11:50:03 - [MESSAGE][PASSED] - Current window maximized

2023-09-27 11:50:03 - [TEST_STEP][PASSED] - navigateToUrl(RADurl): Navigate to 'https://qa2.velocitypayment.com/client/rad/index.html' successfully

2023-09-27 11:50:05 - [MESSAGE][PASSED] - Navigate to 'https://qa2.velocitypayment.com/client/rad/index.html' successfully

2023-09-27 11:50:05 - [TEST_STEP][PASSED] - orPath_Landing = "Object Repository/RAD_Pages/Landing_Page": null

2023-09-27 11:50:05 - [TEST_STEP][PASSED] - orPath_TaxTypeFilingYear = "Object Repository/RAD_Pages/TaxTypeFilingYear_Page": null

2023-09-27 11:50:05 - [TEST_STEP][PASSED] - orPath_TaxPayer = "Object Repository/RAD_Pages/Taxpayer_Page": null

2023-09-27 11:50:05 - [TEST_STEP][PASSED] - orPath_AddressContact = "Object Repository/RAD_Pages/AddressAndContactInfo_Page": null

2023-09-27 11:50:05 - [TEST_STEP][PASSED] - orPath_FilingStatus = "Object Repository/RAD_Pages/FilingStatus_Page": null

2023-09-27 11:50:05 - [TEST_STEP][PASSED] - orPath_Amount = "Object Repository/RAD_Pages/PaymentAmount_Page": null

2023-09-27 11:50:05 - [TEST_STEP][PASSED] - orPath_TaxInfo = "Object Repository/RAD_Pages/TaxInfo_Page": null

2023-09-27 11:50:05 - [TEST_STEP][PASSED] - orPath_Withholding = "Object Repository/RAD_Pages/Withholding_Page": null

2023-09-27 11:50:05 - [TEST_STEP][PASSED] - orPath_Summary = "Object Repository/RAD_Pages/Summary_Page": null

2023-09-27 11:50:05 - [TEST_STEP][PASSED] - orPath_PaymentReady = "Object Repository/RAD_Pages/PaymentReady_Page": null

2023-09-27 11:50:05 - [TEST_STEP][PASSED] - orPath_PaymentEntry = "Object Repository/RAD_Pages/PaymentEntry_Page": null

2023-09-27 11:50:05 - [TEST_STEP][PASSED] - orPath_PaymentConfirmation = "Object Repository/RAD_Pages/PaymentConfirmation_Page": null

2023-09-27 11:50:05 - [TEST_STEP][PASSED] - orPath_ServiceFeesAccept = "Object Repository/RAD_Pages/ServiceFeeAccept_Page": null

2023-09-27 11:50:05 - [TEST_STEP][PASSED] - selectOptionByLabel(findTestObject(orPath_Landing + "/dd_TaxType"), Paymenttype, false): All options with label 'New Tax Return Amount Due' are selected in object 'Object Repository/RAD_Pages/Landing_Page/dd_TaxType' 

2023-09-27 11:50:06 - [MESSAGE][PASSED] - All options with label 'New Tax Return Amount Due' are selected in object 'Object Repository/RAD_Pages/Landing_Page/dd_TaxType' 

2023-09-27 11:50:06 - [TEST_STEP][PASSED] - delay(1): Delayed 1 second(s)

2023-09-27 11:50:07 - [MESSAGE][PASSED] - Delayed 1 second(s)

2023-09-27 11:50:07 - [TEST_STEP][PASSED] - switch (Paymenttype): null

2023-09-27 11:50:07 - [TEST_STEP][PASSED] - case "New Tax Return Amount Due":: null

2023-09-27 11:50:07 - [TEST_STEP][PASSED] - selectOptionByLabel(findTestObject("Object Repository/RAD_Pages/Landing_Page/select_NewTaxReturnAmountDue_TaxType"), Taxtype, false): All options with label 'PTE Non-Electing Non-S Corp' are selected in object 'Object Repository/RAD_Pages/Landing_Page/select_NewTaxReturnAmountDue_TaxType' 

2023-09-27 11:50:07 - [MESSAGE][PASSED] - All options with label 'PTE Non-Electing Non-S Corp' are selected in object 'Object Repository/RAD_Pages/Landing_Page/select_NewTaxReturnAmountDue_TaxType' 

2023-09-27 11:50:07 - [TEST_STEP][PASSED] - break: null

2023-09-27 11:50:07 - [TEST_STEP][PASSED] - delay(1): Delayed 1 second(s)

2023-09-27 11:50:08 - [MESSAGE][PASSED] - Delayed 1 second(s)

2023-09-27 11:50:08 - [TEST_STEP][PASSED] - scrollToElement(findTestObject(orPath_Amount + "/input__paymentAmount"), 2, CONTINUE_ON_FAILURE): Scroll to object 'Object Repository/RAD_Pages/PaymentAmount_Page/input__paymentAmount' successfully

2023-09-27 11:50:09 - [MESSAGE][PASSED] - Scroll to object 'Object Repository/RAD_Pages/PaymentAmount_Page/input__paymentAmount' successfully

2023-09-27 11:50:09 - [TEST_STEP][PASSED] - switch (Paymenttype): null

2023-09-27 11:50:09 - [TEST_STEP][PASSED] - case "New Tax Return Amount Due":: null

2023-09-27 11:50:09 - [TEST_STEP][PASSED] - if (feinSSN.equalsIgnoreCase("Y")): Text ****** has been set on object 'Object Repository/RAD_Pages/TaxInfo_Page/input_TaxInformation_RefeinSsn'

2023-09-27 11:50:09 - [TEST_STEP][PASSED] - setEncryptedText(findTestObject(orPath_TaxInfo + "/input_TaxInformation_feinSsn"), "RigbBhfdqODKcAsiUrg+1Q=="): Text ****** has been set on object 'Object Repository/RAD_Pages/TaxInfo_Page/input_TaxInformation_feinSsn'

2023-09-27 11:50:09 - [MESSAGE][PASSED] - Text ****** has been set on object 'Object Repository/RAD_Pages/TaxInfo_Page/input_TaxInformation_feinSsn'

2023-09-27 11:50:09 - [TEST_STEP][PASSED] - setEncryptedText(findTestObject(orPath_TaxInfo + "/input_TaxInformation_RefeinSsn"), "RigbBhfdqOD+04WBHw5iKw=="): Text ****** has been set on object 'Object Repository/RAD_Pages/TaxInfo_Page/input_TaxInformation_RefeinSsn'

2023-09-27 11:50:11 - [MESSAGE][PASSED] - Text ****** has been set on object 'Object Repository/RAD_Pages/TaxInfo_Page/input_TaxInformation_RefeinSsn'

2023-09-27 11:50:11 - [TEST_STEP][PASSED] - break: null

2023-09-27 11:50:11 - [TEST_STEP][PASSED] - setText(findTestObject(orPath_Amount + "/input__paymentAmount"), ""): Text '' is set on object 'Object Repository/RAD_Pages/PaymentAmount_Page/input__paymentAmount'

2023-09-27 11:50:11 - [MESSAGE][PASSED] - Text '' is set on object 'Object Repository/RAD_Pages/PaymentAmount_Page/input__paymentAmount'

2023-09-27 11:50:11 - [TEST_STEP][FAILED] - verifyTextPresent("The FEIN and Re-type FEIN do not match", true): Text 'The FEIN and Re-type FEIN do not match' is not present on page  using regular expression (Root cause: com.kms.katalon.core.exception.StepFailedException: Text 'The FEIN and Re-type FEIN do not match' is not present on page  using regular expression
	at com.kms.katalon.core.webui.keyword.internal.WebUIKeywordMain.stepFailed(WebUIKeywordMain.groovy:64)
	at com.kms.katalon.core.webui.keyword.builtin.VerifyTextPresentKeyword$_verifyTextPresent_closure1.doCall(VerifyTextPresentKeyword.groovy:79)
	at com.kms.katalon.core.webui.keyword.builtin.VerifyTextPresentKeyword$_verifyTextPresent_closure1.call(VerifyTextPresentKeyword.groovy)
	at com.kms.katalon.core.webui.keyword.internal.WebUIKeywordMain.runKeyword(WebUIKeywordMain.groovy:20)
	at com.kms.katalon.core.webui.keyword.builtin.VerifyTextPresentKeyword.verifyTextPresent(VerifyTextPresentKeyword.groovy:83)
	at com.kms.katalon.core.webui.keyword.builtin.VerifyTextPresentKeyword.execute(VerifyTextPresentKeyword.groovy:68)
	at com.kms.katalon.core.keyword.internal.KeywordExecutor.executeKeywordForPlatform(KeywordExecutor.groovy:74)
	at com.kms.katalon.core.webui.keyword.WebUiBuiltInKeywords.verifyTextPresent(WebUiBuiltInKeywords.groovy:1723)
	at com.kms.katalon.core.webui.keyword.WebUiBuiltInKeywords$verifyTextPresent$6.call(Unknown Source)
	at FEINmismatchError.run(FEINmismatchError:212)
	at com.kms.katalon.core.main.ScriptEngine.run(ScriptEngine.java:194)
	at com.kms.katalon.core.main.ScriptEngine.runScriptAsRawText(ScriptEngine.java:119)
	at com.kms.katalon.core.main.TestCaseExecutor.runScript(TestCaseExecutor.java:448)
	at com.kms.katalon.core.main.TestCaseExecutor.doExecute(TestCaseExecutor.java:439)
	at com.kms.katalon.core.main.TestCaseExecutor.processExecutionPhase(TestCaseExecutor.java:418)
	at com.kms.katalon.core.main.TestCaseExecutor.accessMainPhase(TestCaseExecutor.java:410)
	at com.kms.katalon.core.main.TestCaseExecutor.execute(TestCaseExecutor.java:285)
	at com.kms.katalon.core.common.CommonExecutor.accessTestCaseMainPhase(CommonExecutor.java:65)
	at com.kms.katalon.core.main.TestSuiteExecutor.accessTestSuiteMainPhase(TestSuiteExecutor.java:148)
	at com.kms.katalon.core.main.TestSuiteExecutor.execute(TestSuiteExecutor.java:106)
	at com.kms.katalon.core.main.TestCaseMain.startTestSuite(TestCaseMain.java:187)
	at com.kms.katalon.core.main.TestCaseMain$startTestSuite$0.call(Unknown Source)
	at TempTestSuite1695829496928.run(TempTestSuite1695829496928.groovy:36)
)

2023-09-27 11:50:12 - [MESSAGE][FAILED] - Text 'The FEIN and Re-type FEIN do not match' is not present on page  using regular expression (Root cause: com.kms.katalon.core.exception.StepFailedException: Text 'The FEIN and Re-type FEIN do not match' is not present on page  using regular expression
	at com.kms.katalon.core.webui.keyword.internal.WebUIKeywordMain.stepFailed(WebUIKeywordMain.groovy:64)
	at com.kms.katalon.core.webui.keyword.builtin.VerifyTextPresentKeyword$_verifyTextPresent_closure1.doCall(VerifyTextPresentKeyword.groovy:79)
	at com.kms.katalon.core.webui.keyword.builtin.VerifyTextPresentKeyword$_verifyTextPresent_closure1.call(VerifyTextPresentKeyword.groovy)
	at com.kms.katalon.core.webui.keyword.internal.WebUIKeywordMain.runKeyword(WebUIKeywordMain.groovy:20)
	at com.kms.katalon.core.webui.keyword.builtin.VerifyTextPresentKeyword.verifyTextPresent(VerifyTextPresentKeyword.groovy:83)
	at com.kms.katalon.core.webui.keyword.builtin.VerifyTextPresentKeyword.execute(VerifyTextPresentKeyword.groovy:68)
	at com.kms.katalon.core.keyword.internal.KeywordExecutor.executeKeywordForPlatform(KeywordExecutor.groovy:74)
	at com.kms.katalon.core.webui.keyword.WebUiBuiltInKeywords.verifyTextPresent(WebUiBuiltInKeywords.groovy:1723)
	at com.kms.katalon.core.webui.keyword.WebUiBuiltInKeywords$verifyTextPresent$6.call(Unknown Source)
	at FEINmismatchError.run(FEINmismatchError:212)
	at com.kms.katalon.core.main.ScriptEngine.run(ScriptEngine.java:194)
	at com.kms.katalon.core.main.ScriptEngine.runScriptAsRawText(ScriptEngine.java:119)
	at com.kms.katalon.core.main.TestCaseExecutor.runScript(TestCaseExecutor.java:448)
	at com.kms.katalon.core.main.TestCaseExecutor.doExecute(TestCaseExecutor.java:439)
	at com.kms.katalon.core.main.TestCaseExecutor.processExecutionPhase(TestCaseExecutor.java:418)
	at com.kms.katalon.core.main.TestCaseExecutor.accessMainPhase(TestCaseExecutor.java:410)
	at com.kms.katalon.core.main.TestCaseExecutor.execute(TestCaseExecutor.java:285)
	at com.kms.katalon.core.common.CommonExecutor.accessTestCaseMainPhase(CommonExecutor.java:65)
	at com.kms.katalon.core.main.TestSuiteExecutor.accessTestSuiteMainPhase(TestSuiteExecutor.java:148)
	at com.kms.katalon.core.main.TestSuiteExecutor.execute(TestSuiteExecutor.java:106)
	at com.kms.katalon.core.main.TestCaseMain.startTestSuite(TestCaseMain.java:187)
	at com.kms.katalon.core.main.TestCaseMain$startTestSuite$0.call(Unknown Source)
	at TempTestSuite1695829496928.run(TempTestSuite1695829496928.groovy:36)
)

2023-09-27 11:50:12 - [TEST_STEP][FAILED] - if (verifyTextPresent("The FEIN and Re-type FEIN do not match", true)): Text 'The FEIN and Re-type FEIN do not match' is not present on page  using regular expression (Root cause: com.kms.katalon.core.exception.StepFailedException: Text 'The FEIN and Re-type FEIN do not match' is not present on page  using regular expression
	at com.kms.katalon.core.webui.keyword.internal.WebUIKeywordMain.stepFailed(WebUIKeywordMain.groovy:64)
	at com.kms.katalon.core.webui.keyword.builtin.VerifyTextPresentKeyword$_verifyTextPresent_closure1.doCall(VerifyTextPresentKeyword.groovy:79)
	at com.kms.katalon.core.webui.keyword.builtin.VerifyTextPresentKeyword$_verifyTextPresent_closure1.call(VerifyTextPresentKeyword.groovy)
	at com.kms.katalon.core.webui.keyword.internal.WebUIKeywordMain.runKeyword(WebUIKeywordMain.groovy:20)
	at com.kms.katalon.core.webui.keyword.builtin.VerifyTextPresentKeyword.verifyTextPresent(VerifyTextPresentKeyword.groovy:83)
	at com.kms.katalon.core.webui.keyword.builtin.VerifyTextPresentKeyword.execute(VerifyTextPresentKeyword.groovy:68)
	at com.kms.katalon.core.keyword.internal.KeywordExecutor.executeKeywordForPlatform(KeywordExecutor.groovy:74)
	at com.kms.katalon.core.webui.keyword.WebUiBuiltInKeywords.verifyTextPresent(WebUiBuiltInKeywords.groovy:1723)
	at com.kms.katalon.core.webui.keyword.WebUiBuiltInKeywords$verifyTextPresent$6.call(Unknown Source)
	at FEINmismatchError.run(FEINmismatchError:214)
	at com.kms.katalon.core.main.ScriptEngine.run(ScriptEngine.java:194)
	at com.kms.katalon.core.main.ScriptEngine.runScriptAsRawText(ScriptEngine.java:119)
	at com.kms.katalon.core.main.TestCaseExecutor.runScript(TestCaseExecutor.java:448)
	at com.kms.katalon.core.main.TestCaseExecutor.doExecute(TestCaseExecutor.java:439)
	at com.kms.katalon.core.main.TestCaseExecutor.processExecutionPhase(TestCaseExecutor.java:418)
	at com.kms.katalon.core.main.TestCaseExecutor.accessMainPhase(TestCaseExecutor.java:410)
	at com.kms.katalon.core.main.TestCaseExecutor.execute(TestCaseExecutor.java:285)
	at com.kms.katalon.core.common.CommonExecutor.accessTestCaseMainPhase(CommonExecutor.java:65)
	at com.kms.katalon.core.main.TestSuiteExecutor.accessTestSuiteMainPhase(TestSuiteExecutor.java:148)
	at com.kms.katalon.core.main.TestSuiteExecutor.execute(TestSuiteExecutor.java:106)
	at com.kms.katalon.core.main.TestCaseMain.startTestSuite(TestCaseMain.java:187)
	at com.kms.katalon.core.main.TestCaseMain$startTestSuite$0.call(Unknown Source)
	at TempTestSuite1695829496928.run(TempTestSuite1695829496928.groovy:36)
)

2023-09-27 11:50:12 - [MESSAGE][FAILED] - Text 'The FEIN and Re-type FEIN do not match' is not present on page  using regular expression (Root cause: com.kms.katalon.core.exception.StepFailedException: Text 'The FEIN and Re-type FEIN do not match' is not present on page  using regular expression
	at com.kms.katalon.core.webui.keyword.internal.WebUIKeywordMain.stepFailed(WebUIKeywordMain.groovy:64)
	at com.kms.katalon.core.webui.keyword.builtin.VerifyTextPresentKeyword$_verifyTextPresent_closure1.doCall(VerifyTextPresentKeyword.groovy:79)
	at com.kms.katalon.core.webui.keyword.builtin.VerifyTextPresentKeyword$_verifyTextPresent_closure1.call(VerifyTextPresentKeyword.groovy)
	at com.kms.katalon.core.webui.keyword.internal.WebUIKeywordMain.runKeyword(WebUIKeywordMain.groovy:20)
	at com.kms.katalon.core.webui.keyword.builtin.VerifyTextPresentKeyword.verifyTextPresent(VerifyTextPresentKeyword.groovy:83)
	at com.kms.katalon.core.webui.keyword.builtin.VerifyTextPresentKeyword.execute(VerifyTextPresentKeyword.groovy:68)
	at com.kms.katalon.core.keyword.internal.KeywordExecutor.executeKeywordForPlatform(KeywordExecutor.groovy:74)
	at com.kms.katalon.core.webui.keyword.WebUiBuiltInKeywords.verifyTextPresent(WebUiBuiltInKeywords.groovy:1723)
	at com.kms.katalon.core.webui.keyword.WebUiBuiltInKeywords$verifyTextPresent$6.call(Unknown Source)
	at FEINmismatchError.run(FEINmismatchError:214)
	at com.kms.katalon.core.main.ScriptEngine.run(ScriptEngine.java:194)
	at com.kms.katalon.core.main.ScriptEngine.runScriptAsRawText(ScriptEngine.java:119)
	at com.kms.katalon.core.main.TestCaseExecutor.runScript(TestCaseExecutor.java:448)
	at com.kms.katalon.core.main.TestCaseExecutor.doExecute(TestCaseExecutor.java:439)
	at com.kms.katalon.core.main.TestCaseExecutor.processExecutionPhase(TestCaseExecutor.java:418)
	at com.kms.katalon.core.main.TestCaseExecutor.accessMainPhase(TestCaseExecutor.java:410)
	at com.kms.katalon.core.main.TestCaseExecutor.execute(TestCaseExecutor.java:285)
	at com.kms.katalon.core.common.CommonExecutor.accessTestCaseMainPhase(CommonExecutor.java:65)
	at com.kms.katalon.core.main.TestSuiteExecutor.accessTestSuiteMainPhase(TestSuiteExecutor.java:148)
	at com.kms.katalon.core.main.TestSuiteExecutor.execute(TestSuiteExecutor.java:106)
	at com.kms.katalon.core.main.TestCaseMain.startTestSuite(TestCaseMain.java:187)
	at com.kms.katalon.core.main.TestCaseMain$startTestSuite$0.call(Unknown Source)
	at TempTestSuite1695829496928.run(TempTestSuite1695829496928.groovy:36)
)

2023-09-27 11:50:12 - [TEST_STEP][PASSED] - else: pages.WriteExcel.demoKey is PASSED

2023-09-27 11:50:12 - [TEST_STEP][PASSED] - println("Error Message is NOT present on the page"): null

2023-09-27 11:50:12 - [TEST_STEP][PASSED] - out.println("Fail Record Number: " + row): null

2023-09-27 11:50:12 - [TEST_STEP][PASSED] - resText = "Fail": null

2023-09-27 11:50:12 - [TEST_STEP][PASSED] - pages.WriteExcel.demoKey(resText, datText, resColumn, datCloumn, fileLoc, nameSheet, row): pages.WriteExcel.demoKey is PASSED

2023-09-27 11:50:12 - [MESSAGE][PASSED] - pages.WriteExcel.demoKey is PASSED

2023-09-27 11:50:12 - [TEST_STEP][PASSED] - ExecuteTC = findTestData(dataFile).getValue("Execute", row): null

2023-09-27 11:50:13 - [TEST_STEP][PASSED] - Taxtype = findTestData(dataFile).getValue("TaxType", row): null

2023-09-27 11:50:13 - [TEST_STEP][PASSED] - Paymenttype = findTestData(dataFile).getValue("PaymentType", row): null

2023-09-27 11:50:13 - [TEST_STEP][PASSED] - feinSSN = findTestData(dataFile).getValue("FeinSsn", row): null

2023-09-27 11:50:13 - [TEST_STEP][PASSED] - out.println("Value of Execute is : " + ExecuteTC): null

2023-09-27 11:50:13 - [TEST_STEP][FAILED] - if (ExecuteTC.equalsIgnoreCase("Y")): null

2023-09-27 11:50:13 - [TEST_STEP][PASSED] - out.println("Begin Record Number: " + row): null

2023-09-27 11:50:13 - [TEST_STEP][PASSED] - today = new java.util.Date(): null

2023-09-27 11:50:13 - [TEST_STEP][PASSED] - println(today): null

2023-09-27 11:50:13 - [TEST_STEP][PASSED] - datText = today: null

2023-09-27 11:50:13 - [TEST_STEP][PASSED] - Taxtype = findTestData(dataFile).getValue("TaxType", row): null

2023-09-27 11:50:13 - [TEST_STEP][PASSED] - out.println("Taxtype value is : " + Taxtype): null

2023-09-27 11:50:13 - [TEST_STEP][PASSED] - openBrowser(""): Browser is opened with url: ''

2023-09-27 11:50:13 - [MESSAGE][WARNING] - A browser is already opened. Closing browser and opening a new one

2023-09-27 11:50:14 - [MESSAGE][INFO] - Starting 'Chrome' driver

2023-09-27 11:50:14 - [MESSAGE][INFO] - User set preference: ['acceptInsecureCerts', 'true']

2023-09-27 11:50:14 - [MESSAGE][INFO] - Action delay is set to 0 milliseconds

2023-09-27 11:50:15 - [MESSAGE][PASSED] - Browser is opened with url: ''

2023-09-27 11:50:15 - [TEST_STEP][PASSED] - maximizeWindow(): Current window maximized

2023-09-27 11:50:15 - [MESSAGE][PASSED] - Current window maximized

2023-09-27 11:50:15 - [TEST_STEP][PASSED] - navigateToUrl(RADurl): Navigate to 'https://qa2.velocitypayment.com/client/rad/index.html' successfully

2023-09-27 11:50:17 - [MESSAGE][PASSED] - Navigate to 'https://qa2.velocitypayment.com/client/rad/index.html' successfully

2023-09-27 11:50:17 - [TEST_STEP][PASSED] - orPath_Landing = "Object Repository/RAD_Pages/Landing_Page": null

2023-09-27 11:50:17 - [TEST_STEP][PASSED] - orPath_TaxTypeFilingYear = "Object Repository/RAD_Pages/TaxTypeFilingYear_Page": null

2023-09-27 11:50:17 - [TEST_STEP][PASSED] - orPath_TaxPayer = "Object Repository/RAD_Pages/Taxpayer_Page": null

2023-09-27 11:50:17 - [TEST_STEP][PASSED] - orPath_AddressContact = "Object Repository/RAD_Pages/AddressAndContactInfo_Page": null

2023-09-27 11:50:17 - [TEST_STEP][PASSED] - orPath_FilingStatus = "Object Repository/RAD_Pages/FilingStatus_Page": null

2023-09-27 11:50:17 - [TEST_STEP][PASSED] - orPath_Amount = "Object Repository/RAD_Pages/PaymentAmount_Page": null

2023-09-27 11:50:17 - [TEST_STEP][PASSED] - orPath_TaxInfo = "Object Repository/RAD_Pages/TaxInfo_Page": null

2023-09-27 11:50:17 - [TEST_STEP][PASSED] - orPath_Withholding = "Object Repository/RAD_Pages/Withholding_Page": null

2023-09-27 11:50:17 - [TEST_STEP][PASSED] - orPath_Summary = "Object Repository/RAD_Pages/Summary_Page": null

2023-09-27 11:50:17 - [TEST_STEP][PASSED] - orPath_PaymentReady = "Object Repository/RAD_Pages/PaymentReady_Page": null

2023-09-27 11:50:17 - [TEST_STEP][PASSED] - orPath_PaymentEntry = "Object Repository/RAD_Pages/PaymentEntry_Page": null

2023-09-27 11:50:17 - [TEST_STEP][PASSED] - orPath_PaymentConfirmation = "Object Repository/RAD_Pages/PaymentConfirmation_Page": null

2023-09-27 11:50:17 - [TEST_STEP][PASSED] - orPath_ServiceFeesAccept = "Object Repository/RAD_Pages/ServiceFeeAccept_Page": null

2023-09-27 11:50:17 - [TEST_STEP][PASSED] - selectOptionByLabel(findTestObject(orPath_Landing + "/dd_TaxType"), Paymenttype, false): All options with label 'New Tax Return Amount Due' are selected in object 'Object Repository/RAD_Pages/Landing_Page/dd_TaxType' 

2023-09-27 11:50:18 - [MESSAGE][PASSED] - All options with label 'New Tax Return Amount Due' are selected in object 'Object Repository/RAD_Pages/Landing_Page/dd_TaxType' 

2023-09-27 11:50:18 - [TEST_STEP][PASSED] - delay(1): Delayed 1 second(s)

2023-09-27 11:50:19 - [MESSAGE][PASSED] - Delayed 1 second(s)

2023-09-27 11:50:19 - [TEST_STEP][PASSED] - switch (Paymenttype): null

2023-09-27 11:50:19 - [TEST_STEP][PASSED] - case "New Tax Return Amount Due":: null

2023-09-27 11:50:19 - [TEST_STEP][PASSED] - selectOptionByLabel(findTestObject("Object Repository/RAD_Pages/Landing_Page/select_NewTaxReturnAmountDue_TaxType"), Taxtype, false): All options with label 'PTE Non-Electing S Corp' are selected in object 'Object Repository/RAD_Pages/Landing_Page/select_NewTaxReturnAmountDue_TaxType' 

2023-09-27 11:50:19 - [MESSAGE][PASSED] - All options with label 'PTE Non-Electing S Corp' are selected in object 'Object Repository/RAD_Pages/Landing_Page/select_NewTaxReturnAmountDue_TaxType' 

2023-09-27 11:50:19 - [TEST_STEP][PASSED] - break: null

2023-09-27 11:50:19 - [TEST_STEP][PASSED] - delay(1): Delayed 1 second(s)

2023-09-27 11:50:20 - [MESSAGE][PASSED] - Delayed 1 second(s)

2023-09-27 11:50:20 - [TEST_STEP][PASSED] - scrollToElement(findTestObject(orPath_Amount + "/input__paymentAmount"), 2, CONTINUE_ON_FAILURE): Scroll to object 'Object Repository/RAD_Pages/PaymentAmount_Page/input__paymentAmount' successfully

2023-09-27 11:50:20 - [MESSAGE][PASSED] - Scroll to object 'Object Repository/RAD_Pages/PaymentAmount_Page/input__paymentAmount' successfully

2023-09-27 11:50:20 - [TEST_STEP][PASSED] - switch (Paymenttype): null

2023-09-27 11:50:20 - [TEST_STEP][PASSED] - case "New Tax Return Amount Due":: null

2023-09-27 11:50:20 - [TEST_STEP][PASSED] - if (feinSSN.equalsIgnoreCase("Y")): Text ****** has been set on object 'Object Repository/RAD_Pages/TaxInfo_Page/input_TaxInformation_RefeinSsn'

2023-09-27 11:50:20 - [TEST_STEP][PASSED] - setEncryptedText(findTestObject(orPath_TaxInfo + "/input_TaxInformation_feinSsn"), "RigbBhfdqODKcAsiUrg+1Q=="): Text ****** has been set on object 'Object Repository/RAD_Pages/TaxInfo_Page/input_TaxInformation_feinSsn'

2023-09-27 11:50:21 - [MESSAGE][PASSED] - Text ****** has been set on object 'Object Repository/RAD_Pages/TaxInfo_Page/input_TaxInformation_feinSsn'

2023-09-27 11:50:21 - [TEST_STEP][PASSED] - setEncryptedText(findTestObject(orPath_TaxInfo + "/input_TaxInformation_RefeinSsn"), "RigbBhfdqOD+04WBHw5iKw=="): Text ****** has been set on object 'Object Repository/RAD_Pages/TaxInfo_Page/input_TaxInformation_RefeinSsn'

2023-09-27 11:50:22 - [MESSAGE][PASSED] - Text ****** has been set on object 'Object Repository/RAD_Pages/TaxInfo_Page/input_TaxInformation_RefeinSsn'

2023-09-27 11:50:22 - [TEST_STEP][PASSED] - break: null

2023-09-27 11:50:22 - [TEST_STEP][PASSED] - setText(findTestObject(orPath_Amount + "/input__paymentAmount"), ""): Text '' is set on object 'Object Repository/RAD_Pages/PaymentAmount_Page/input__paymentAmount'

2023-09-27 11:50:23 - [MESSAGE][PASSED] - Text '' is set on object 'Object Repository/RAD_Pages/PaymentAmount_Page/input__paymentAmount'

2023-09-27 11:50:23 - [TEST_STEP][FAILED] - verifyTextPresent("The FEIN and Re-type FEIN do not match", true): Text 'The FEIN and Re-type FEIN do not match' is not present on page  using regular expression (Root cause: com.kms.katalon.core.exception.StepFailedException: Text 'The FEIN and Re-type FEIN do not match' is not present on page  using regular expression
	at com.kms.katalon.core.webui.keyword.internal.WebUIKeywordMain.stepFailed(WebUIKeywordMain.groovy:64)
	at com.kms.katalon.core.webui.keyword.builtin.VerifyTextPresentKeyword$_verifyTextPresent_closure1.doCall(VerifyTextPresentKeyword.groovy:79)
	at com.kms.katalon.core.webui.keyword.builtin.VerifyTextPresentKeyword$_verifyTextPresent_closure1.call(VerifyTextPresentKeyword.groovy)
	at com.kms.katalon.core.webui.keyword.internal.WebUIKeywordMain.runKeyword(WebUIKeywordMain.groovy:20)
	at com.kms.katalon.core.webui.keyword.builtin.VerifyTextPresentKeyword.verifyTextPresent(VerifyTextPresentKeyword.groovy:83)
	at com.kms.katalon.core.webui.keyword.builtin.VerifyTextPresentKeyword.execute(VerifyTextPresentKeyword.groovy:68)
	at com.kms.katalon.core.keyword.internal.KeywordExecutor.executeKeywordForPlatform(KeywordExecutor.groovy:74)
	at com.kms.katalon.core.webui.keyword.WebUiBuiltInKeywords.verifyTextPresent(WebUiBuiltInKeywords.groovy:1723)
	at com.kms.katalon.core.webui.keyword.WebUiBuiltInKeywords$verifyTextPresent$6.call(Unknown Source)
	at FEINmismatchError.run(FEINmismatchError:212)
	at com.kms.katalon.core.main.ScriptEngine.run(ScriptEngine.java:194)
	at com.kms.katalon.core.main.ScriptEngine.runScriptAsRawText(ScriptEngine.java:119)
	at com.kms.katalon.core.main.TestCaseExecutor.runScript(TestCaseExecutor.java:448)
	at com.kms.katalon.core.main.TestCaseExecutor.doExecute(TestCaseExecutor.java:439)
	at com.kms.katalon.core.main.TestCaseExecutor.processExecutionPhase(TestCaseExecutor.java:418)
	at com.kms.katalon.core.main.TestCaseExecutor.accessMainPhase(TestCaseExecutor.java:410)
	at com.kms.katalon.core.main.TestCaseExecutor.execute(TestCaseExecutor.java:285)
	at com.kms.katalon.core.common.CommonExecutor.accessTestCaseMainPhase(CommonExecutor.java:65)
	at com.kms.katalon.core.main.TestSuiteExecutor.accessTestSuiteMainPhase(TestSuiteExecutor.java:148)
	at com.kms.katalon.core.main.TestSuiteExecutor.execute(TestSuiteExecutor.java:106)
	at com.kms.katalon.core.main.TestCaseMain.startTestSuite(TestCaseMain.java:187)
	at com.kms.katalon.core.main.TestCaseMain$startTestSuite$0.call(Unknown Source)
	at TempTestSuite1695829496928.run(TempTestSuite1695829496928.groovy:36)
)

2023-09-27 11:50:24 - [MESSAGE][FAILED] - Text 'The FEIN and Re-type FEIN do not match' is not present on page  using regular expression (Root cause: com.kms.katalon.core.exception.StepFailedException: Text 'The FEIN and Re-type FEIN do not match' is not present on page  using regular expression
	at com.kms.katalon.core.webui.keyword.internal.WebUIKeywordMain.stepFailed(WebUIKeywordMain.groovy:64)
	at com.kms.katalon.core.webui.keyword.builtin.VerifyTextPresentKeyword$_verifyTextPresent_closure1.doCall(VerifyTextPresentKeyword.groovy:79)
	at com.kms.katalon.core.webui.keyword.builtin.VerifyTextPresentKeyword$_verifyTextPresent_closure1.call(VerifyTextPresentKeyword.groovy)
	at com.kms.katalon.core.webui.keyword.internal.WebUIKeywordMain.runKeyword(WebUIKeywordMain.groovy:20)
	at com.kms.katalon.core.webui.keyword.builtin.VerifyTextPresentKeyword.verifyTextPresent(VerifyTextPresentKeyword.groovy:83)
	at com.kms.katalon.core.webui.keyword.builtin.VerifyTextPresentKeyword.execute(VerifyTextPresentKeyword.groovy:68)
	at com.kms.katalon.core.keyword.internal.KeywordExecutor.executeKeywordForPlatform(KeywordExecutor.groovy:74)
	at com.kms.katalon.core.webui.keyword.WebUiBuiltInKeywords.verifyTextPresent(WebUiBuiltInKeywords.groovy:1723)
	at com.kms.katalon.core.webui.keyword.WebUiBuiltInKeywords$verifyTextPresent$6.call(Unknown Source)
	at FEINmismatchError.run(FEINmismatchError:212)
	at com.kms.katalon.core.main.ScriptEngine.run(ScriptEngine.java:194)
	at com.kms.katalon.core.main.ScriptEngine.runScriptAsRawText(ScriptEngine.java:119)
	at com.kms.katalon.core.main.TestCaseExecutor.runScript(TestCaseExecutor.java:448)
	at com.kms.katalon.core.main.TestCaseExecutor.doExecute(TestCaseExecutor.java:439)
	at com.kms.katalon.core.main.TestCaseExecutor.processExecutionPhase(TestCaseExecutor.java:418)
	at com.kms.katalon.core.main.TestCaseExecutor.accessMainPhase(TestCaseExecutor.java:410)
	at com.kms.katalon.core.main.TestCaseExecutor.execute(TestCaseExecutor.java:285)
	at com.kms.katalon.core.common.CommonExecutor.accessTestCaseMainPhase(CommonExecutor.java:65)
	at com.kms.katalon.core.main.TestSuiteExecutor.accessTestSuiteMainPhase(TestSuiteExecutor.java:148)
	at com.kms.katalon.core.main.TestSuiteExecutor.execute(TestSuiteExecutor.java:106)
	at com.kms.katalon.core.main.TestCaseMain.startTestSuite(TestCaseMain.java:187)
	at com.kms.katalon.core.main.TestCaseMain$startTestSuite$0.call(Unknown Source)
	at TempTestSuite1695829496928.run(TempTestSuite1695829496928.groovy:36)
)

2023-09-27 11:50:24 - [TEST_STEP][FAILED] - if (verifyTextPresent("The FEIN and Re-type FEIN do not match", true)): Text 'The FEIN and Re-type FEIN do not match' is not present on page  using regular expression (Root cause: com.kms.katalon.core.exception.StepFailedException: Text 'The FEIN and Re-type FEIN do not match' is not present on page  using regular expression
	at com.kms.katalon.core.webui.keyword.internal.WebUIKeywordMain.stepFailed(WebUIKeywordMain.groovy:64)
	at com.kms.katalon.core.webui.keyword.builtin.VerifyTextPresentKeyword$_verifyTextPresent_closure1.doCall(VerifyTextPresentKeyword.groovy:79)
	at com.kms.katalon.core.webui.keyword.builtin.VerifyTextPresentKeyword$_verifyTextPresent_closure1.call(VerifyTextPresentKeyword.groovy)
	at com.kms.katalon.core.webui.keyword.internal.WebUIKeywordMain.runKeyword(WebUIKeywordMain.groovy:20)
	at com.kms.katalon.core.webui.keyword.builtin.VerifyTextPresentKeyword.verifyTextPresent(VerifyTextPresentKeyword.groovy:83)
	at com.kms.katalon.core.webui.keyword.builtin.VerifyTextPresentKeyword.execute(VerifyTextPresentKeyword.groovy:68)
	at com.kms.katalon.core.keyword.internal.KeywordExecutor.executeKeywordForPlatform(KeywordExecutor.groovy:74)
	at com.kms.katalon.core.webui.keyword.WebUiBuiltInKeywords.verifyTextPresent(WebUiBuiltInKeywords.groovy:1723)
	at com.kms.katalon.core.webui.keyword.WebUiBuiltInKeywords$verifyTextPresent$6.call(Unknown Source)
	at FEINmismatchError.run(FEINmismatchError:214)
	at com.kms.katalon.core.main.ScriptEngine.run(ScriptEngine.java:194)
	at com.kms.katalon.core.main.ScriptEngine.runScriptAsRawText(ScriptEngine.java:119)
	at com.kms.katalon.core.main.TestCaseExecutor.runScript(TestCaseExecutor.java:448)
	at com.kms.katalon.core.main.TestCaseExecutor.doExecute(TestCaseExecutor.java:439)
	at com.kms.katalon.core.main.TestCaseExecutor.processExecutionPhase(TestCaseExecutor.java:418)
	at com.kms.katalon.core.main.TestCaseExecutor.accessMainPhase(TestCaseExecutor.java:410)
	at com.kms.katalon.core.main.TestCaseExecutor.execute(TestCaseExecutor.java:285)
	at com.kms.katalon.core.common.CommonExecutor.accessTestCaseMainPhase(CommonExecutor.java:65)
	at com.kms.katalon.core.main.TestSuiteExecutor.accessTestSuiteMainPhase(TestSuiteExecutor.java:148)
	at com.kms.katalon.core.main.TestSuiteExecutor.execute(TestSuiteExecutor.java:106)
	at com.kms.katalon.core.main.TestCaseMain.startTestSuite(TestCaseMain.java:187)
	at com.kms.katalon.core.main.TestCaseMain$startTestSuite$0.call(Unknown Source)
	at TempTestSuite1695829496928.run(TempTestSuite1695829496928.groovy:36)
)

2023-09-27 11:50:24 - [MESSAGE][FAILED] - Text 'The FEIN and Re-type FEIN do not match' is not present on page  using regular expression (Root cause: com.kms.katalon.core.exception.StepFailedException: Text 'The FEIN and Re-type FEIN do not match' is not present on page  using regular expression
	at com.kms.katalon.core.webui.keyword.internal.WebUIKeywordMain.stepFailed(WebUIKeywordMain.groovy:64)
	at com.kms.katalon.core.webui.keyword.builtin.VerifyTextPresentKeyword$_verifyTextPresent_closure1.doCall(VerifyTextPresentKeyword.groovy:79)
	at com.kms.katalon.core.webui.keyword.builtin.VerifyTextPresentKeyword$_verifyTextPresent_closure1.call(VerifyTextPresentKeyword.groovy)
	at com.kms.katalon.core.webui.keyword.internal.WebUIKeywordMain.runKeyword(WebUIKeywordMain.groovy:20)
	at com.kms.katalon.core.webui.keyword.builtin.VerifyTextPresentKeyword.verifyTextPresent(VerifyTextPresentKeyword.groovy:83)
	at com.kms.katalon.core.webui.keyword.builtin.VerifyTextPresentKeyword.execute(VerifyTextPresentKeyword.groovy:68)
	at com.kms.katalon.core.keyword.internal.KeywordExecutor.executeKeywordForPlatform(KeywordExecutor.groovy:74)
	at com.kms.katalon.core.webui.keyword.WebUiBuiltInKeywords.verifyTextPresent(WebUiBuiltInKeywords.groovy:1723)
	at com.kms.katalon.core.webui.keyword.WebUiBuiltInKeywords$verifyTextPresent$6.call(Unknown Source)
	at FEINmismatchError.run(FEINmismatchError:214)
	at com.kms.katalon.core.main.ScriptEngine.run(ScriptEngine.java:194)
	at com.kms.katalon.core.main.ScriptEngine.runScriptAsRawText(ScriptEngine.java:119)
	at com.kms.katalon.core.main.TestCaseExecutor.runScript(TestCaseExecutor.java:448)
	at com.kms.katalon.core.main.TestCaseExecutor.doExecute(TestCaseExecutor.java:439)
	at com.kms.katalon.core.main.TestCaseExecutor.processExecutionPhase(TestCaseExecutor.java:418)
	at com.kms.katalon.core.main.TestCaseExecutor.accessMainPhase(TestCaseExecutor.java:410)
	at com.kms.katalon.core.main.TestCaseExecutor.execute(TestCaseExecutor.java:285)
	at com.kms.katalon.core.common.CommonExecutor.accessTestCaseMainPhase(CommonExecutor.java:65)
	at com.kms.katalon.core.main.TestSuiteExecutor.accessTestSuiteMainPhase(TestSuiteExecutor.java:148)
	at com.kms.katalon.core.main.TestSuiteExecutor.execute(TestSuiteExecutor.java:106)
	at com.kms.katalon.core.main.TestCaseMain.startTestSuite(TestCaseMain.java:187)
	at com.kms.katalon.core.main.TestCaseMain$startTestSuite$0.call(Unknown Source)
	at TempTestSuite1695829496928.run(TempTestSuite1695829496928.groovy:36)
)

2023-09-27 11:50:24 - [TEST_STEP][PASSED] - else: pages.WriteExcel.demoKey is PASSED

2023-09-27 11:50:24 - [TEST_STEP][PASSED] - println("Error Message is NOT present on the page"): null

2023-09-27 11:50:24 - [TEST_STEP][PASSED] - out.println("Fail Record Number: " + row): null

2023-09-27 11:50:24 - [TEST_STEP][PASSED] - resText = "Fail": null

2023-09-27 11:50:24 - [TEST_STEP][PASSED] - pages.WriteExcel.demoKey(resText, datText, resColumn, datCloumn, fileLoc, nameSheet, row): pages.WriteExcel.demoKey is PASSED

2023-09-27 11:50:24 - [MESSAGE][PASSED] - pages.WriteExcel.demoKey is PASSED

2023-09-27 11:50:24 - [TEST_STEP][PASSED] - ExecuteTC = findTestData(dataFile).getValue("Execute", row): null

2023-09-27 11:50:24 - [TEST_STEP][PASSED] - Taxtype = findTestData(dataFile).getValue("TaxType", row): null

2023-09-27 11:50:24 - [TEST_STEP][PASSED] - Paymenttype = findTestData(dataFile).getValue("PaymentType", row): null

2023-09-27 11:50:24 - [TEST_STEP][PASSED] - feinSSN = findTestData(dataFile).getValue("FeinSsn", row): null

2023-09-27 11:50:24 - [TEST_STEP][PASSED] - out.println("Value of Execute is : " + ExecuteTC): null

2023-09-27 11:50:24 - [TEST_STEP][FAILED] - if (ExecuteTC.equalsIgnoreCase("Y")): null

2023-09-27 11:50:24 - [TEST_STEP][PASSED] - out.println("Begin Record Number: " + row): null

2023-09-27 11:50:24 - [TEST_STEP][PASSED] - today = new java.util.Date(): null

2023-09-27 11:50:24 - [TEST_STEP][PASSED] - println(today): null

2023-09-27 11:50:24 - [TEST_STEP][PASSED] - datText = today: null

2023-09-27 11:50:24 - [TEST_STEP][PASSED] - Taxtype = findTestData(dataFile).getValue("TaxType", row): null

2023-09-27 11:50:24 - [TEST_STEP][PASSED] - out.println("Taxtype value is : " + Taxtype): null

2023-09-27 11:50:24 - [TEST_STEP][PASSED] - openBrowser(""): Browser is opened with url: ''

2023-09-27 11:50:24 - [MESSAGE][WARNING] - A browser is already opened. Closing browser and opening a new one

2023-09-27 11:50:25 - [MESSAGE][INFO] - Starting 'Chrome' driver

2023-09-27 11:50:25 - [MESSAGE][INFO] - User set preference: ['acceptInsecureCerts', 'true']

2023-09-27 11:50:25 - [MESSAGE][INFO] - Action delay is set to 0 milliseconds

2023-09-27 11:50:27 - [MESSAGE][PASSED] - Browser is opened with url: ''

2023-09-27 11:50:27 - [TEST_STEP][PASSED] - maximizeWindow(): Current window maximized

2023-09-27 11:50:27 - [MESSAGE][PASSED] - Current window maximized

2023-09-27 11:50:27 - [TEST_STEP][PASSED] - navigateToUrl(RADurl): Navigate to 'https://qa2.velocitypayment.com/client/rad/index.html' successfully

2023-09-27 11:50:29 - [MESSAGE][PASSED] - Navigate to 'https://qa2.velocitypayment.com/client/rad/index.html' successfully

2023-09-27 11:50:29 - [TEST_STEP][PASSED] - orPath_Landing = "Object Repository/RAD_Pages/Landing_Page": null

2023-09-27 11:50:29 - [TEST_STEP][PASSED] - orPath_TaxTypeFilingYear = "Object Repository/RAD_Pages/TaxTypeFilingYear_Page": null

2023-09-27 11:50:29 - [TEST_STEP][PASSED] - orPath_TaxPayer = "Object Repository/RAD_Pages/Taxpayer_Page": null

2023-09-27 11:50:29 - [TEST_STEP][PASSED] - orPath_AddressContact = "Object Repository/RAD_Pages/AddressAndContactInfo_Page": null

2023-09-27 11:50:29 - [TEST_STEP][PASSED] - orPath_FilingStatus = "Object Repository/RAD_Pages/FilingStatus_Page": null

2023-09-27 11:50:29 - [TEST_STEP][PASSED] - orPath_Amount = "Object Repository/RAD_Pages/PaymentAmount_Page": null

2023-09-27 11:50:29 - [TEST_STEP][PASSED] - orPath_TaxInfo = "Object Repository/RAD_Pages/TaxInfo_Page": null

2023-09-27 11:50:29 - [TEST_STEP][PASSED] - orPath_Withholding = "Object Repository/RAD_Pages/Withholding_Page": null

2023-09-27 11:50:29 - [TEST_STEP][PASSED] - orPath_Summary = "Object Repository/RAD_Pages/Summary_Page": null

2023-09-27 11:50:29 - [TEST_STEP][PASSED] - orPath_PaymentReady = "Object Repository/RAD_Pages/PaymentReady_Page": null

2023-09-27 11:50:29 - [TEST_STEP][PASSED] - orPath_PaymentEntry = "Object Repository/RAD_Pages/PaymentEntry_Page": null

2023-09-27 11:50:29 - [TEST_STEP][PASSED] - orPath_PaymentConfirmation = "Object Repository/RAD_Pages/PaymentConfirmation_Page": null

2023-09-27 11:50:29 - [TEST_STEP][PASSED] - orPath_ServiceFeesAccept = "Object Repository/RAD_Pages/ServiceFeeAccept_Page": null

2023-09-27 11:50:29 - [TEST_STEP][PASSED] - selectOptionByLabel(findTestObject(orPath_Landing + "/dd_TaxType"), Paymenttype, false): All options with label 'New Tax Return Amount Due' are selected in object 'Object Repository/RAD_Pages/Landing_Page/dd_TaxType' 

2023-09-27 11:50:30 - [MESSAGE][PASSED] - All options with label 'New Tax Return Amount Due' are selected in object 'Object Repository/RAD_Pages/Landing_Page/dd_TaxType' 

2023-09-27 11:50:30 - [TEST_STEP][PASSED] - delay(1): Delayed 1 second(s)

2023-09-27 11:50:31 - [MESSAGE][PASSED] - Delayed 1 second(s)

2023-09-27 11:50:31 - [TEST_STEP][PASSED] - switch (Paymenttype): null

2023-09-27 11:50:31 - [TEST_STEP][PASSED] - case "New Tax Return Amount Due":: null

2023-09-27 11:50:31 - [TEST_STEP][PASSED] - selectOptionByLabel(findTestObject("Object Repository/RAD_Pages/Landing_Page/select_NewTaxReturnAmountDue_TaxType"), Taxtype, false): All options with label 'PTE Tax Electing Non-S Corp' are selected in object 'Object Repository/RAD_Pages/Landing_Page/select_NewTaxReturnAmountDue_TaxType' 

2023-09-27 11:50:31 - [MESSAGE][PASSED] - All options with label 'PTE Tax Electing Non-S Corp' are selected in object 'Object Repository/RAD_Pages/Landing_Page/select_NewTaxReturnAmountDue_TaxType' 

2023-09-27 11:50:31 - [TEST_STEP][PASSED] - break: null

2023-09-27 11:50:31 - [TEST_STEP][PASSED] - delay(1): Delayed 1 second(s)

2023-09-27 11:50:32 - [MESSAGE][PASSED] - Delayed 1 second(s)

2023-09-27 11:50:32 - [TEST_STEP][PASSED] - scrollToElement(findTestObject(orPath_Amount + "/input__paymentAmount"), 2, CONTINUE_ON_FAILURE): Scroll to object 'Object Repository/RAD_Pages/PaymentAmount_Page/input__paymentAmount' successfully

2023-09-27 11:50:33 - [MESSAGE][PASSED] - Scroll to object 'Object Repository/RAD_Pages/PaymentAmount_Page/input__paymentAmount' successfully

2023-09-27 11:50:33 - [TEST_STEP][PASSED] - switch (Paymenttype): null

2023-09-27 11:50:33 - [TEST_STEP][PASSED] - case "New Tax Return Amount Due":: null

2023-09-27 11:50:33 - [TEST_STEP][PASSED] - if (feinSSN.equalsIgnoreCase("Y")): Text ****** has been set on object 'Object Repository/RAD_Pages/TaxInfo_Page/input_TaxInformation_RefeinSsn'

2023-09-27 11:50:33 - [TEST_STEP][PASSED] - setEncryptedText(findTestObject(orPath_TaxInfo + "/input_TaxInformation_feinSsn"), "RigbBhfdqODKcAsiUrg+1Q=="): Text ****** has been set on object 'Object Repository/RAD_Pages/TaxInfo_Page/input_TaxInformation_feinSsn'

2023-09-27 11:50:34 - [MESSAGE][PASSED] - Text ****** has been set on object 'Object Repository/RAD_Pages/TaxInfo_Page/input_TaxInformation_feinSsn'

2023-09-27 11:50:34 - [TEST_STEP][PASSED] - setEncryptedText(findTestObject(orPath_TaxInfo + "/input_TaxInformation_RefeinSsn"), "RigbBhfdqOD+04WBHw5iKw=="): Text ****** has been set on object 'Object Repository/RAD_Pages/TaxInfo_Page/input_TaxInformation_RefeinSsn'

2023-09-27 11:50:35 - [MESSAGE][PASSED] - Text ****** has been set on object 'Object Repository/RAD_Pages/TaxInfo_Page/input_TaxInformation_RefeinSsn'

2023-09-27 11:50:35 - [TEST_STEP][PASSED] - break: null

2023-09-27 11:50:35 - [TEST_STEP][PASSED] - setText(findTestObject(orPath_Amount + "/input__paymentAmount"), ""): Text '' is set on object 'Object Repository/RAD_Pages/PaymentAmount_Page/input__paymentAmount'

2023-09-27 11:50:35 - [MESSAGE][PASSED] - Text '' is set on object 'Object Repository/RAD_Pages/PaymentAmount_Page/input__paymentAmount'

2023-09-27 11:50:35 - [TEST_STEP][FAILED] - verifyTextPresent("The FEIN and Re-type FEIN do not match", true): Text 'The FEIN and Re-type FEIN do not match' is not present on page  using regular expression (Root cause: com.kms.katalon.core.exception.StepFailedException: Text 'The FEIN and Re-type FEIN do not match' is not present on page  using regular expression
	at com.kms.katalon.core.webui.keyword.internal.WebUIKeywordMain.stepFailed(WebUIKeywordMain.groovy:64)
	at com.kms.katalon.core.webui.keyword.builtin.VerifyTextPresentKeyword$_verifyTextPresent_closure1.doCall(VerifyTextPresentKeyword.groovy:79)
	at com.kms.katalon.core.webui.keyword.builtin.VerifyTextPresentKeyword$_verifyTextPresent_closure1.call(VerifyTextPresentKeyword.groovy)
	at com.kms.katalon.core.webui.keyword.internal.WebUIKeywordMain.runKeyword(WebUIKeywordMain.groovy:20)
	at com.kms.katalon.core.webui.keyword.builtin.VerifyTextPresentKeyword.verifyTextPresent(VerifyTextPresentKeyword.groovy:83)
	at com.kms.katalon.core.webui.keyword.builtin.VerifyTextPresentKeyword.execute(VerifyTextPresentKeyword.groovy:68)
	at com.kms.katalon.core.keyword.internal.KeywordExecutor.executeKeywordForPlatform(KeywordExecutor.groovy:74)
	at com.kms.katalon.core.webui.keyword.WebUiBuiltInKeywords.verifyTextPresent(WebUiBuiltInKeywords.groovy:1723)
	at com.kms.katalon.core.webui.keyword.WebUiBuiltInKeywords$verifyTextPresent$6.call(Unknown Source)
	at FEINmismatchError.run(FEINmismatchError:212)
	at com.kms.katalon.core.main.ScriptEngine.run(ScriptEngine.java:194)
	at com.kms.katalon.core.main.ScriptEngine.runScriptAsRawText(ScriptEngine.java:119)
	at com.kms.katalon.core.main.TestCaseExecutor.runScript(TestCaseExecutor.java:448)
	at com.kms.katalon.core.main.TestCaseExecutor.doExecute(TestCaseExecutor.java:439)
	at com.kms.katalon.core.main.TestCaseExecutor.processExecutionPhase(TestCaseExecutor.java:418)
	at com.kms.katalon.core.main.TestCaseExecutor.accessMainPhase(TestCaseExecutor.java:410)
	at com.kms.katalon.core.main.TestCaseExecutor.execute(TestCaseExecutor.java:285)
	at com.kms.katalon.core.common.CommonExecutor.accessTestCaseMainPhase(CommonExecutor.java:65)
	at com.kms.katalon.core.main.TestSuiteExecutor.accessTestSuiteMainPhase(TestSuiteExecutor.java:148)
	at com.kms.katalon.core.main.TestSuiteExecutor.execute(TestSuiteExecutor.java:106)
	at com.kms.katalon.core.main.TestCaseMain.startTestSuite(TestCaseMain.java:187)
	at com.kms.katalon.core.main.TestCaseMain$startTestSuite$0.call(Unknown Source)
	at TempTestSuite1695829496928.run(TempTestSuite1695829496928.groovy:36)
)

2023-09-27 11:50:36 - [MESSAGE][FAILED] - Text 'The FEIN and Re-type FEIN do not match' is not present on page  using regular expression (Root cause: com.kms.katalon.core.exception.StepFailedException: Text 'The FEIN and Re-type FEIN do not match' is not present on page  using regular expression
	at com.kms.katalon.core.webui.keyword.internal.WebUIKeywordMain.stepFailed(WebUIKeywordMain.groovy:64)
	at com.kms.katalon.core.webui.keyword.builtin.VerifyTextPresentKeyword$_verifyTextPresent_closure1.doCall(VerifyTextPresentKeyword.groovy:79)
	at com.kms.katalon.core.webui.keyword.builtin.VerifyTextPresentKeyword$_verifyTextPresent_closure1.call(VerifyTextPresentKeyword.groovy)
	at com.kms.katalon.core.webui.keyword.internal.WebUIKeywordMain.runKeyword(WebUIKeywordMain.groovy:20)
	at com.kms.katalon.core.webui.keyword.builtin.VerifyTextPresentKeyword.verifyTextPresent(VerifyTextPresentKeyword.groovy:83)
	at com.kms.katalon.core.webui.keyword.builtin.VerifyTextPresentKeyword.execute(VerifyTextPresentKeyword.groovy:68)
	at com.kms.katalon.core.keyword.internal.KeywordExecutor.executeKeywordForPlatform(KeywordExecutor.groovy:74)
	at com.kms.katalon.core.webui.keyword.WebUiBuiltInKeywords.verifyTextPresent(WebUiBuiltInKeywords.groovy:1723)
	at com.kms.katalon.core.webui.keyword.WebUiBuiltInKeywords$verifyTextPresent$6.call(Unknown Source)
	at FEINmismatchError.run(FEINmismatchError:212)
	at com.kms.katalon.core.main.ScriptEngine.run(ScriptEngine.java:194)
	at com.kms.katalon.core.main.ScriptEngine.runScriptAsRawText(ScriptEngine.java:119)
	at com.kms.katalon.core.main.TestCaseExecutor.runScript(TestCaseExecutor.java:448)
	at com.kms.katalon.core.main.TestCaseExecutor.doExecute(TestCaseExecutor.java:439)
	at com.kms.katalon.core.main.TestCaseExecutor.processExecutionPhase(TestCaseExecutor.java:418)
	at com.kms.katalon.core.main.TestCaseExecutor.accessMainPhase(TestCaseExecutor.java:410)
	at com.kms.katalon.core.main.TestCaseExecutor.execute(TestCaseExecutor.java:285)
	at com.kms.katalon.core.common.CommonExecutor.accessTestCaseMainPhase(CommonExecutor.java:65)
	at com.kms.katalon.core.main.TestSuiteExecutor.accessTestSuiteMainPhase(TestSuiteExecutor.java:148)
	at com.kms.katalon.core.main.TestSuiteExecutor.execute(TestSuiteExecutor.java:106)
	at com.kms.katalon.core.main.TestCaseMain.startTestSuite(TestCaseMain.java:187)
	at com.kms.katalon.core.main.TestCaseMain$startTestSuite$0.call(Unknown Source)
	at TempTestSuite1695829496928.run(TempTestSuite1695829496928.groovy:36)
)

2023-09-27 11:50:36 - [TEST_STEP][FAILED] - if (verifyTextPresent("The FEIN and Re-type FEIN do not match", true)): Text 'The FEIN and Re-type FEIN do not match' is not present on page  using regular expression (Root cause: com.kms.katalon.core.exception.StepFailedException: Text 'The FEIN and Re-type FEIN do not match' is not present on page  using regular expression
	at com.kms.katalon.core.webui.keyword.internal.WebUIKeywordMain.stepFailed(WebUIKeywordMain.groovy:64)
	at com.kms.katalon.core.webui.keyword.builtin.VerifyTextPresentKeyword$_verifyTextPresent_closure1.doCall(VerifyTextPresentKeyword.groovy:79)
	at com.kms.katalon.core.webui.keyword.builtin.VerifyTextPresentKeyword$_verifyTextPresent_closure1.call(VerifyTextPresentKeyword.groovy)
	at com.kms.katalon.core.webui.keyword.internal.WebUIKeywordMain.runKeyword(WebUIKeywordMain.groovy:20)
	at com.kms.katalon.core.webui.keyword.builtin.VerifyTextPresentKeyword.verifyTextPresent(VerifyTextPresentKeyword.groovy:83)
	at com.kms.katalon.core.webui.keyword.builtin.VerifyTextPresentKeyword.execute(VerifyTextPresentKeyword.groovy:68)
	at com.kms.katalon.core.keyword.internal.KeywordExecutor.executeKeywordForPlatform(KeywordExecutor.groovy:74)
	at com.kms.katalon.core.webui.keyword.WebUiBuiltInKeywords.verifyTextPresent(WebUiBuiltInKeywords.groovy:1723)
	at com.kms.katalon.core.webui.keyword.WebUiBuiltInKeywords$verifyTextPresent$6.call(Unknown Source)
	at FEINmismatchError.run(FEINmismatchError:214)
	at com.kms.katalon.core.main.ScriptEngine.run(ScriptEngine.java:194)
	at com.kms.katalon.core.main.ScriptEngine.runScriptAsRawText(ScriptEngine.java:119)
	at com.kms.katalon.core.main.TestCaseExecutor.runScript(TestCaseExecutor.java:448)
	at com.kms.katalon.core.main.TestCaseExecutor.doExecute(TestCaseExecutor.java:439)
	at com.kms.katalon.core.main.TestCaseExecutor.processExecutionPhase(TestCaseExecutor.java:418)
	at com.kms.katalon.core.main.TestCaseExecutor.accessMainPhase(TestCaseExecutor.java:410)
	at com.kms.katalon.core.main.TestCaseExecutor.execute(TestCaseExecutor.java:285)
	at com.kms.katalon.core.common.CommonExecutor.accessTestCaseMainPhase(CommonExecutor.java:65)
	at com.kms.katalon.core.main.TestSuiteExecutor.accessTestSuiteMainPhase(TestSuiteExecutor.java:148)
	at com.kms.katalon.core.main.TestSuiteExecutor.execute(TestSuiteExecutor.java:106)
	at com.kms.katalon.core.main.TestCaseMain.startTestSuite(TestCaseMain.java:187)
	at com.kms.katalon.core.main.TestCaseMain$startTestSuite$0.call(Unknown Source)
	at TempTestSuite1695829496928.run(TempTestSuite1695829496928.groovy:36)
)

2023-09-27 11:50:36 - [MESSAGE][FAILED] - Text 'The FEIN and Re-type FEIN do not match' is not present on page  using regular expression (Root cause: com.kms.katalon.core.exception.StepFailedException: Text 'The FEIN and Re-type FEIN do not match' is not present on page  using regular expression
	at com.kms.katalon.core.webui.keyword.internal.WebUIKeywordMain.stepFailed(WebUIKeywordMain.groovy:64)
	at com.kms.katalon.core.webui.keyword.builtin.VerifyTextPresentKeyword$_verifyTextPresent_closure1.doCall(VerifyTextPresentKeyword.groovy:79)
	at com.kms.katalon.core.webui.keyword.builtin.VerifyTextPresentKeyword$_verifyTextPresent_closure1.call(VerifyTextPresentKeyword.groovy)
	at com.kms.katalon.core.webui.keyword.internal.WebUIKeywordMain.runKeyword(WebUIKeywordMain.groovy:20)
	at com.kms.katalon.core.webui.keyword.builtin.VerifyTextPresentKeyword.verifyTextPresent(VerifyTextPresentKeyword.groovy:83)
	at com.kms.katalon.core.webui.keyword.builtin.VerifyTextPresentKeyword.execute(VerifyTextPresentKeyword.groovy:68)
	at com.kms.katalon.core.keyword.internal.KeywordExecutor.executeKeywordForPlatform(KeywordExecutor.groovy:74)
	at com.kms.katalon.core.webui.keyword.WebUiBuiltInKeywords.verifyTextPresent(WebUiBuiltInKeywords.groovy:1723)
	at com.kms.katalon.core.webui.keyword.WebUiBuiltInKeywords$verifyTextPresent$6.call(Unknown Source)
	at FEINmismatchError.run(FEINmismatchError:214)
	at com.kms.katalon.core.main.ScriptEngine.run(ScriptEngine.java:194)
	at com.kms.katalon.core.main.ScriptEngine.runScriptAsRawText(ScriptEngine.java:119)
	at com.kms.katalon.core.main.TestCaseExecutor.runScript(TestCaseExecutor.java:448)
	at com.kms.katalon.core.main.TestCaseExecutor.doExecute(TestCaseExecutor.java:439)
	at com.kms.katalon.core.main.TestCaseExecutor.processExecutionPhase(TestCaseExecutor.java:418)
	at com.kms.katalon.core.main.TestCaseExecutor.accessMainPhase(TestCaseExecutor.java:410)
	at com.kms.katalon.core.main.TestCaseExecutor.execute(TestCaseExecutor.java:285)
	at com.kms.katalon.core.common.CommonExecutor.accessTestCaseMainPhase(CommonExecutor.java:65)
	at com.kms.katalon.core.main.TestSuiteExecutor.accessTestSuiteMainPhase(TestSuiteExecutor.java:148)
	at com.kms.katalon.core.main.TestSuiteExecutor.execute(TestSuiteExecutor.java:106)
	at com.kms.katalon.core.main.TestCaseMain.startTestSuite(TestCaseMain.java:187)
	at com.kms.katalon.core.main.TestCaseMain$startTestSuite$0.call(Unknown Source)
	at TempTestSuite1695829496928.run(TempTestSuite1695829496928.groovy:36)
)

2023-09-27 11:50:36 - [TEST_STEP][PASSED] - else: pages.WriteExcel.demoKey is PASSED

2023-09-27 11:50:36 - [TEST_STEP][PASSED] - println("Error Message is NOT present on the page"): null

2023-09-27 11:50:36 - [TEST_STEP][PASSED] - out.println("Fail Record Number: " + row): null

2023-09-27 11:50:36 - [TEST_STEP][PASSED] - resText = "Fail": null

2023-09-27 11:50:36 - [TEST_STEP][PASSED] - pages.WriteExcel.demoKey(resText, datText, resColumn, datCloumn, fileLoc, nameSheet, row): pages.WriteExcel.demoKey is PASSED

2023-09-27 11:50:37 - [MESSAGE][PASSED] - pages.WriteExcel.demoKey is PASSED

2023-09-27 11:50:37 - [TEST_STEP][PASSED] - ExecuteTC = findTestData(dataFile).getValue("Execute", row): null

2023-09-27 11:50:37 - [TEST_STEP][PASSED] - Taxtype = findTestData(dataFile).getValue("TaxType", row): null

2023-09-27 11:50:37 - [TEST_STEP][PASSED] - Paymenttype = findTestData(dataFile).getValue("PaymentType", row): null

2023-09-27 11:50:37 - [TEST_STEP][PASSED] - feinSSN = findTestData(dataFile).getValue("FeinSsn", row): null

2023-09-27 11:50:37 - [TEST_STEP][PASSED] - out.println("Value of Execute is : " + ExecuteTC): null

2023-09-27 11:50:37 - [TEST_STEP][FAILED] - if (ExecuteTC.equalsIgnoreCase("Y")): null

2023-09-27 11:50:37 - [TEST_STEP][PASSED] - out.println("Begin Record Number: " + row): null

2023-09-27 11:50:37 - [TEST_STEP][PASSED] - today = new java.util.Date(): null

2023-09-27 11:50:37 - [TEST_STEP][PASSED] - println(today): null

2023-09-27 11:50:37 - [TEST_STEP][PASSED] - datText = today: null

2023-09-27 11:50:37 - [TEST_STEP][PASSED] - Taxtype = findTestData(dataFile).getValue("TaxType", row): null

2023-09-27 11:50:37 - [TEST_STEP][PASSED] - out.println("Taxtype value is : " + Taxtype): null

2023-09-27 11:50:37 - [TEST_STEP][PASSED] - openBrowser(""): Browser is opened with url: ''

2023-09-27 11:50:37 - [MESSAGE][WARNING] - A browser is already opened. Closing browser and opening a new one

2023-09-27 11:50:38 - [MESSAGE][INFO] - Starting 'Chrome' driver

2023-09-27 11:50:38 - [MESSAGE][INFO] - User set preference: ['acceptInsecureCerts', 'true']

2023-09-27 11:50:38 - [MESSAGE][INFO] - Action delay is set to 0 milliseconds

2023-09-27 11:50:39 - [MESSAGE][PASSED] - Browser is opened with url: ''

2023-09-27 11:50:39 - [TEST_STEP][PASSED] - maximizeWindow(): Current window maximized

2023-09-27 11:50:39 - [MESSAGE][PASSED] - Current window maximized

2023-09-27 11:50:39 - [TEST_STEP][PASSED] - navigateToUrl(RADurl): Navigate to 'https://qa2.velocitypayment.com/client/rad/index.html' successfully

2023-09-27 11:50:42 - [MESSAGE][PASSED] - Navigate to 'https://qa2.velocitypayment.com/client/rad/index.html' successfully

2023-09-27 11:50:42 - [TEST_STEP][PASSED] - orPath_Landing = "Object Repository/RAD_Pages/Landing_Page": null

2023-09-27 11:50:42 - [TEST_STEP][PASSED] - orPath_TaxTypeFilingYear = "Object Repository/RAD_Pages/TaxTypeFilingYear_Page": null

2023-09-27 11:50:42 - [TEST_STEP][PASSED] - orPath_TaxPayer = "Object Repository/RAD_Pages/Taxpayer_Page": null

2023-09-27 11:50:42 - [TEST_STEP][PASSED] - orPath_AddressContact = "Object Repository/RAD_Pages/AddressAndContactInfo_Page": null

2023-09-27 11:50:42 - [TEST_STEP][PASSED] - orPath_FilingStatus = "Object Repository/RAD_Pages/FilingStatus_Page": null

2023-09-27 11:50:42 - [TEST_STEP][PASSED] - orPath_Amount = "Object Repository/RAD_Pages/PaymentAmount_Page": null

2023-09-27 11:50:42 - [TEST_STEP][PASSED] - orPath_TaxInfo = "Object Repository/RAD_Pages/TaxInfo_Page": null

2023-09-27 11:50:42 - [TEST_STEP][PASSED] - orPath_Withholding = "Object Repository/RAD_Pages/Withholding_Page": null

2023-09-27 11:50:42 - [TEST_STEP][PASSED] - orPath_Summary = "Object Repository/RAD_Pages/Summary_Page": null

2023-09-27 11:50:42 - [TEST_STEP][PASSED] - orPath_PaymentReady = "Object Repository/RAD_Pages/PaymentReady_Page": null

2023-09-27 11:50:42 - [TEST_STEP][PASSED] - orPath_PaymentEntry = "Object Repository/RAD_Pages/PaymentEntry_Page": null

2023-09-27 11:50:42 - [TEST_STEP][PASSED] - orPath_PaymentConfirmation = "Object Repository/RAD_Pages/PaymentConfirmation_Page": null

2023-09-27 11:50:42 - [TEST_STEP][PASSED] - orPath_ServiceFeesAccept = "Object Repository/RAD_Pages/ServiceFeeAccept_Page": null

2023-09-27 11:50:42 - [TEST_STEP][PASSED] - selectOptionByLabel(findTestObject(orPath_Landing + "/dd_TaxType"), Paymenttype, false): All options with label 'New Tax Return Amount Due' are selected in object 'Object Repository/RAD_Pages/Landing_Page/dd_TaxType' 

2023-09-27 11:50:42 - [MESSAGE][PASSED] - All options with label 'New Tax Return Amount Due' are selected in object 'Object Repository/RAD_Pages/Landing_Page/dd_TaxType' 

2023-09-27 11:50:42 - [TEST_STEP][PASSED] - delay(1): Delayed 1 second(s)

2023-09-27 11:50:43 - [MESSAGE][PASSED] - Delayed 1 second(s)

2023-09-27 11:50:43 - [TEST_STEP][PASSED] - switch (Paymenttype): null

2023-09-27 11:50:43 - [TEST_STEP][PASSED] - case "New Tax Return Amount Due":: null

2023-09-27 11:50:43 - [TEST_STEP][PASSED] - selectOptionByLabel(findTestObject("Object Repository/RAD_Pages/Landing_Page/select_NewTaxReturnAmountDue_TaxType"), Taxtype, false): All options with label 'PTE Tax Electing S Corp' are selected in object 'Object Repository/RAD_Pages/Landing_Page/select_NewTaxReturnAmountDue_TaxType' 

2023-09-27 11:50:44 - [MESSAGE][PASSED] - All options with label 'PTE Tax Electing S Corp' are selected in object 'Object Repository/RAD_Pages/Landing_Page/select_NewTaxReturnAmountDue_TaxType' 

2023-09-27 11:50:44 - [TEST_STEP][PASSED] - break: null

2023-09-27 11:50:44 - [TEST_STEP][PASSED] - delay(1): Delayed 1 second(s)

2023-09-27 11:50:45 - [MESSAGE][PASSED] - Delayed 1 second(s)

2023-09-27 11:50:45 - [TEST_STEP][PASSED] - scrollToElement(findTestObject(orPath_Amount + "/input__paymentAmount"), 2, CONTINUE_ON_FAILURE): Scroll to object 'Object Repository/RAD_Pages/PaymentAmount_Page/input__paymentAmount' successfully

2023-09-27 11:50:45 - [MESSAGE][PASSED] - Scroll to object 'Object Repository/RAD_Pages/PaymentAmount_Page/input__paymentAmount' successfully

2023-09-27 11:50:45 - [TEST_STEP][PASSED] - switch (Paymenttype): null

2023-09-27 11:50:45 - [TEST_STEP][PASSED] - case "New Tax Return Amount Due":: null

2023-09-27 11:50:45 - [TEST_STEP][PASSED] - if (feinSSN.equalsIgnoreCase("Y")): Text ****** has been set on object 'Object Repository/RAD_Pages/TaxInfo_Page/input_TaxInformation_RefeinSsn'

2023-09-27 11:50:45 - [TEST_STEP][PASSED] - setEncryptedText(findTestObject(orPath_TaxInfo + "/input_TaxInformation_feinSsn"), "RigbBhfdqODKcAsiUrg+1Q=="): Text ****** has been set on object 'Object Repository/RAD_Pages/TaxInfo_Page/input_TaxInformation_feinSsn'

2023-09-27 11:50:47 - [MESSAGE][PASSED] - Text ****** has been set on object 'Object Repository/RAD_Pages/TaxInfo_Page/input_TaxInformation_feinSsn'

2023-09-27 11:50:47 - [TEST_STEP][PASSED] - setEncryptedText(findTestObject(orPath_TaxInfo + "/input_TaxInformation_RefeinSsn"), "RigbBhfdqOD+04WBHw5iKw=="): Text ****** has been set on object 'Object Repository/RAD_Pages/TaxInfo_Page/input_TaxInformation_RefeinSsn'

2023-09-27 11:50:47 - [MESSAGE][PASSED] - Text ****** has been set on object 'Object Repository/RAD_Pages/TaxInfo_Page/input_TaxInformation_RefeinSsn'

2023-09-27 11:50:47 - [TEST_STEP][PASSED] - break: null

2023-09-27 11:50:47 - [TEST_STEP][PASSED] - setText(findTestObject(orPath_Amount + "/input__paymentAmount"), ""): Text '' is set on object 'Object Repository/RAD_Pages/PaymentAmount_Page/input__paymentAmount'

2023-09-27 11:50:48 - [MESSAGE][PASSED] - Text '' is set on object 'Object Repository/RAD_Pages/PaymentAmount_Page/input__paymentAmount'

2023-09-27 11:50:48 - [TEST_STEP][FAILED] - verifyTextPresent("The FEIN and Re-type FEIN do not match", true): Text 'The FEIN and Re-type FEIN do not match' is not present on page  using regular expression (Root cause: com.kms.katalon.core.exception.StepFailedException: Text 'The FEIN and Re-type FEIN do not match' is not present on page  using regular expression
	at com.kms.katalon.core.webui.keyword.internal.WebUIKeywordMain.stepFailed(WebUIKeywordMain.groovy:64)
	at com.kms.katalon.core.webui.keyword.builtin.VerifyTextPresentKeyword$_verifyTextPresent_closure1.doCall(VerifyTextPresentKeyword.groovy:79)
	at com.kms.katalon.core.webui.keyword.builtin.VerifyTextPresentKeyword$_verifyTextPresent_closure1.call(VerifyTextPresentKeyword.groovy)
	at com.kms.katalon.core.webui.keyword.internal.WebUIKeywordMain.runKeyword(WebUIKeywordMain.groovy:20)
	at com.kms.katalon.core.webui.keyword.builtin.VerifyTextPresentKeyword.verifyTextPresent(VerifyTextPresentKeyword.groovy:83)
	at com.kms.katalon.core.webui.keyword.builtin.VerifyTextPresentKeyword.execute(VerifyTextPresentKeyword.groovy:68)
	at com.kms.katalon.core.keyword.internal.KeywordExecutor.executeKeywordForPlatform(KeywordExecutor.groovy:74)
	at com.kms.katalon.core.webui.keyword.WebUiBuiltInKeywords.verifyTextPresent(WebUiBuiltInKeywords.groovy:1723)
	at com.kms.katalon.core.webui.keyword.WebUiBuiltInKeywords$verifyTextPresent$6.call(Unknown Source)
	at FEINmismatchError.run(FEINmismatchError:212)
	at com.kms.katalon.core.main.ScriptEngine.run(ScriptEngine.java:194)
	at com.kms.katalon.core.main.ScriptEngine.runScriptAsRawText(ScriptEngine.java:119)
	at com.kms.katalon.core.main.TestCaseExecutor.runScript(TestCaseExecutor.java:448)
	at com.kms.katalon.core.main.TestCaseExecutor.doExecute(TestCaseExecutor.java:439)
	at com.kms.katalon.core.main.TestCaseExecutor.processExecutionPhase(TestCaseExecutor.java:418)
	at com.kms.katalon.core.main.TestCaseExecutor.accessMainPhase(TestCaseExecutor.java:410)
	at com.kms.katalon.core.main.TestCaseExecutor.execute(TestCaseExecutor.java:285)
	at com.kms.katalon.core.common.CommonExecutor.accessTestCaseMainPhase(CommonExecutor.java:65)
	at com.kms.katalon.core.main.TestSuiteExecutor.accessTestSuiteMainPhase(TestSuiteExecutor.java:148)
	at com.kms.katalon.core.main.TestSuiteExecutor.execute(TestSuiteExecutor.java:106)
	at com.kms.katalon.core.main.TestCaseMain.startTestSuite(TestCaseMain.java:187)
	at com.kms.katalon.core.main.TestCaseMain$startTestSuite$0.call(Unknown Source)
	at TempTestSuite1695829496928.run(TempTestSuite1695829496928.groovy:36)
)

2023-09-27 11:50:49 - [MESSAGE][FAILED] - Text 'The FEIN and Re-type FEIN do not match' is not present on page  using regular expression (Root cause: com.kms.katalon.core.exception.StepFailedException: Text 'The FEIN and Re-type FEIN do not match' is not present on page  using regular expression
	at com.kms.katalon.core.webui.keyword.internal.WebUIKeywordMain.stepFailed(WebUIKeywordMain.groovy:64)
	at com.kms.katalon.core.webui.keyword.builtin.VerifyTextPresentKeyword$_verifyTextPresent_closure1.doCall(VerifyTextPresentKeyword.groovy:79)
	at com.kms.katalon.core.webui.keyword.builtin.VerifyTextPresentKeyword$_verifyTextPresent_closure1.call(VerifyTextPresentKeyword.groovy)
	at com.kms.katalon.core.webui.keyword.internal.WebUIKeywordMain.runKeyword(WebUIKeywordMain.groovy:20)
	at com.kms.katalon.core.webui.keyword.builtin.VerifyTextPresentKeyword.verifyTextPresent(VerifyTextPresentKeyword.groovy:83)
	at com.kms.katalon.core.webui.keyword.builtin.VerifyTextPresentKeyword.execute(VerifyTextPresentKeyword.groovy:68)
	at com.kms.katalon.core.keyword.internal.KeywordExecutor.executeKeywordForPlatform(KeywordExecutor.groovy:74)
	at com.kms.katalon.core.webui.keyword.WebUiBuiltInKeywords.verifyTextPresent(WebUiBuiltInKeywords.groovy:1723)
	at com.kms.katalon.core.webui.keyword.WebUiBuiltInKeywords$verifyTextPresent$6.call(Unknown Source)
	at FEINmismatchError.run(FEINmismatchError:212)
	at com.kms.katalon.core.main.ScriptEngine.run(ScriptEngine.java:194)
	at com.kms.katalon.core.main.ScriptEngine.runScriptAsRawText(ScriptEngine.java:119)
	at com.kms.katalon.core.main.TestCaseExecutor.runScript(TestCaseExecutor.java:448)
	at com.kms.katalon.core.main.TestCaseExecutor.doExecute(TestCaseExecutor.java:439)
	at com.kms.katalon.core.main.TestCaseExecutor.processExecutionPhase(TestCaseExecutor.java:418)
	at com.kms.katalon.core.main.TestCaseExecutor.accessMainPhase(TestCaseExecutor.java:410)
	at com.kms.katalon.core.main.TestCaseExecutor.execute(TestCaseExecutor.java:285)
	at com.kms.katalon.core.common.CommonExecutor.accessTestCaseMainPhase(CommonExecutor.java:65)
	at com.kms.katalon.core.main.TestSuiteExecutor.accessTestSuiteMainPhase(TestSuiteExecutor.java:148)
	at com.kms.katalon.core.main.TestSuiteExecutor.execute(TestSuiteExecutor.java:106)
	at com.kms.katalon.core.main.TestCaseMain.startTestSuite(TestCaseMain.java:187)
	at com.kms.katalon.core.main.TestCaseMain$startTestSuite$0.call(Unknown Source)
	at TempTestSuite1695829496928.run(TempTestSuite1695829496928.groovy:36)
)

2023-09-27 11:50:49 - [TEST_STEP][FAILED] - if (verifyTextPresent("The FEIN and Re-type FEIN do not match", true)): Text 'The FEIN and Re-type FEIN do not match' is not present on page  using regular expression (Root cause: com.kms.katalon.core.exception.StepFailedException: Text 'The FEIN and Re-type FEIN do not match' is not present on page  using regular expression
	at com.kms.katalon.core.webui.keyword.internal.WebUIKeywordMain.stepFailed(WebUIKeywordMain.groovy:64)
	at com.kms.katalon.core.webui.keyword.builtin.VerifyTextPresentKeyword$_verifyTextPresent_closure1.doCall(VerifyTextPresentKeyword.groovy:79)
	at com.kms.katalon.core.webui.keyword.builtin.VerifyTextPresentKeyword$_verifyTextPresent_closure1.call(VerifyTextPresentKeyword.groovy)
	at com.kms.katalon.core.webui.keyword.internal.WebUIKeywordMain.runKeyword(WebUIKeywordMain.groovy:20)
	at com.kms.katalon.core.webui.keyword.builtin.VerifyTextPresentKeyword.verifyTextPresent(VerifyTextPresentKeyword.groovy:83)
	at com.kms.katalon.core.webui.keyword.builtin.VerifyTextPresentKeyword.execute(VerifyTextPresentKeyword.groovy:68)
	at com.kms.katalon.core.keyword.internal.KeywordExecutor.executeKeywordForPlatform(KeywordExecutor.groovy:74)
	at com.kms.katalon.core.webui.keyword.WebUiBuiltInKeywords.verifyTextPresent(WebUiBuiltInKeywords.groovy:1723)
	at com.kms.katalon.core.webui.keyword.WebUiBuiltInKeywords$verifyTextPresent$6.call(Unknown Source)
	at FEINmismatchError.run(FEINmismatchError:214)
	at com.kms.katalon.core.main.ScriptEngine.run(ScriptEngine.java:194)
	at com.kms.katalon.core.main.ScriptEngine.runScriptAsRawText(ScriptEngine.java:119)
	at com.kms.katalon.core.main.TestCaseExecutor.runScript(TestCaseExecutor.java:448)
	at com.kms.katalon.core.main.TestCaseExecutor.doExecute(TestCaseExecutor.java:439)
	at com.kms.katalon.core.main.TestCaseExecutor.processExecutionPhase(TestCaseExecutor.java:418)
	at com.kms.katalon.core.main.TestCaseExecutor.accessMainPhase(TestCaseExecutor.java:410)
	at com.kms.katalon.core.main.TestCaseExecutor.execute(TestCaseExecutor.java:285)
	at com.kms.katalon.core.common.CommonExecutor.accessTestCaseMainPhase(CommonExecutor.java:65)
	at com.kms.katalon.core.main.TestSuiteExecutor.accessTestSuiteMainPhase(TestSuiteExecutor.java:148)
	at com.kms.katalon.core.main.TestSuiteExecutor.execute(TestSuiteExecutor.java:106)
	at com.kms.katalon.core.main.TestCaseMain.startTestSuite(TestCaseMain.java:187)
	at com.kms.katalon.core.main.TestCaseMain$startTestSuite$0.call(Unknown Source)
	at TempTestSuite1695829496928.run(TempTestSuite1695829496928.groovy:36)
)

2023-09-27 11:50:49 - [MESSAGE][FAILED] - Text 'The FEIN and Re-type FEIN do not match' is not present on page  using regular expression (Root cause: com.kms.katalon.core.exception.StepFailedException: Text 'The FEIN and Re-type FEIN do not match' is not present on page  using regular expression
	at com.kms.katalon.core.webui.keyword.internal.WebUIKeywordMain.stepFailed(WebUIKeywordMain.groovy:64)
	at com.kms.katalon.core.webui.keyword.builtin.VerifyTextPresentKeyword$_verifyTextPresent_closure1.doCall(VerifyTextPresentKeyword.groovy:79)
	at com.kms.katalon.core.webui.keyword.builtin.VerifyTextPresentKeyword$_verifyTextPresent_closure1.call(VerifyTextPresentKeyword.groovy)
	at com.kms.katalon.core.webui.keyword.internal.WebUIKeywordMain.runKeyword(WebUIKeywordMain.groovy:20)
	at com.kms.katalon.core.webui.keyword.builtin.VerifyTextPresentKeyword.verifyTextPresent(VerifyTextPresentKeyword.groovy:83)
	at com.kms.katalon.core.webui.keyword.builtin.VerifyTextPresentKeyword.execute(VerifyTextPresentKeyword.groovy:68)
	at com.kms.katalon.core.keyword.internal.KeywordExecutor.executeKeywordForPlatform(KeywordExecutor.groovy:74)
	at com.kms.katalon.core.webui.keyword.WebUiBuiltInKeywords.verifyTextPresent(WebUiBuiltInKeywords.groovy:1723)
	at com.kms.katalon.core.webui.keyword.WebUiBuiltInKeywords$verifyTextPresent$6.call(Unknown Source)
	at FEINmismatchError.run(FEINmismatchError:214)
	at com.kms.katalon.core.main.ScriptEngine.run(ScriptEngine.java:194)
	at com.kms.katalon.core.main.ScriptEngine.runScriptAsRawText(ScriptEngine.java:119)
	at com.kms.katalon.core.main.TestCaseExecutor.runScript(TestCaseExecutor.java:448)
	at com.kms.katalon.core.main.TestCaseExecutor.doExecute(TestCaseExecutor.java:439)
	at com.kms.katalon.core.main.TestCaseExecutor.processExecutionPhase(TestCaseExecutor.java:418)
	at com.kms.katalon.core.main.TestCaseExecutor.accessMainPhase(TestCaseExecutor.java:410)
	at com.kms.katalon.core.main.TestCaseExecutor.execute(TestCaseExecutor.java:285)
	at com.kms.katalon.core.common.CommonExecutor.accessTestCaseMainPhase(CommonExecutor.java:65)
	at com.kms.katalon.core.main.TestSuiteExecutor.accessTestSuiteMainPhase(TestSuiteExecutor.java:148)
	at com.kms.katalon.core.main.TestSuiteExecutor.execute(TestSuiteExecutor.java:106)
	at com.kms.katalon.core.main.TestCaseMain.startTestSuite(TestCaseMain.java:187)
	at com.kms.katalon.core.main.TestCaseMain$startTestSuite$0.call(Unknown Source)
	at TempTestSuite1695829496928.run(TempTestSuite1695829496928.groovy:36)
)

2023-09-27 11:50:49 - [TEST_STEP][PASSED] - else: pages.WriteExcel.demoKey is PASSED

2023-09-27 11:50:49 - [TEST_STEP][PASSED] - println("Error Message is NOT present on the page"): null

2023-09-27 11:50:49 - [TEST_STEP][PASSED] - out.println("Fail Record Number: " + row): null

2023-09-27 11:50:49 - [TEST_STEP][PASSED] - resText = "Fail": null

2023-09-27 11:50:49 - [TEST_STEP][PASSED] - pages.WriteExcel.demoKey(resText, datText, resColumn, datCloumn, fileLoc, nameSheet, row): pages.WriteExcel.demoKey is PASSED

2023-09-27 11:50:49 - [MESSAGE][PASSED] - pages.WriteExcel.demoKey is PASSED]]></system-out>
         <system-err><![CDATA[2023-09-27 11:45:02 - [TEST_CASE][FAILED] - Test Cases/RAD_TestCases/Negative_TestCases/FEINmismatchError: Test Cases/RAD_TestCases/Negative_TestCases/FEINmismatchError FAILED.
Reason:
com.kms.katalon.core.exception.StepFailedException: Unable to set encrypted text for object 'Object Repository/RAD_Pages/TaxInfo_Page/input_TaxInformation_feinSsn' (Root cause: com.kms.katalon.core.exception.StepFailedException: Unable to set encrypted text for object 'Object Repository/RAD_Pages/TaxInfo_Page/input_TaxInformation_feinSsn'
	at com.kms.katalon.core.webui.keyword.internal.WebUIKeywordMain.stepFailed(WebUIKeywordMain.groovy:64)
	at com.kms.katalon.core.webui.keyword.internal.WebUIKeywordMain.runKeyword(WebUIKeywordMain.groovy:26)
	at com.kms.katalon.core.webui.keyword.builtin.SetEncryptedTextKeyword.setEncryptedText(SetEncryptedTextKeyword.groovy:65)
	at com.kms.katalon.core.webui.keyword.builtin.SetEncryptedTextKeyword.execute(SetEncryptedTextKeyword.groovy:34)
	at com.kms.katalon.core.keyword.internal.KeywordExecutor.executeKeywordForPlatform(KeywordExecutor.groovy:74)
	at com.kms.katalon.core.webui.keyword.WebUiBuiltInKeywords.setEncryptedText(WebUiBuiltInKeywords.groovy:1011)
	at com.kms.katalon.core.webui.keyword.WebUiBuiltInKeywords$setEncryptedText$4.call(Unknown Source)
	at FEINmismatchError.run(FEINmismatchError:143)
	at com.kms.katalon.core.main.ScriptEngine.run(ScriptEngine.java:194)
	at com.kms.katalon.core.main.ScriptEngine.runScriptAsRawText(ScriptEngine.java:119)
	at com.kms.katalon.core.main.TestCaseExecutor.runScript(TestCaseExecutor.java:448)
	at com.kms.katalon.core.main.TestCaseExecutor.doExecute(TestCaseExecutor.java:439)
	at com.kms.katalon.core.main.TestCaseExecutor.processExecutionPhase(TestCaseExecutor.java:418)
	at com.kms.katalon.core.main.TestCaseExecutor.accessMainPhase(TestCaseExecutor.java:410)
	at com.kms.katalon.core.main.TestCaseExecutor.execute(TestCaseExecutor.java:285)
	at com.kms.katalon.core.common.CommonExecutor.accessTestCaseMainPhase(CommonExecutor.java:65)
	at com.kms.katalon.core.main.TestSuiteExecutor.accessTestSuiteMainPhase(TestSuiteExecutor.java:148)
	at com.kms.katalon.core.main.TestSuiteExecutor.execute(TestSuiteExecutor.java:106)
	at com.kms.katalon.core.main.TestCaseMain.startTestSuite(TestCaseMain.java:187)
	at com.kms.katalon.core.main.TestCaseMain$startTestSuite$0.call(Unknown Source)
	at TempTestSuite1695829496928.run(TempTestSuite1695829496928.groovy:36)
Caused by: org.openqa.selenium.ElementNotInteractableException: element not interactable
  (Session info: chrome=117.0.5938.92)
Build info: version: '3.141.59', revision: 'e82be7d358', time: '2018-11-14T08:25:53'
System info: host: 'DESKTOP-B2QI6NS', ip: '172.31.253.139', os.name: 'Windows 10', os.arch: 'amd64', os.version: '10.0', java.version: '1.8.0_181'
Driver info: com.kms.katalon.selenium.driver.CChromeDriver
Capabilities {acceptInsecureCerts: true, browserName: chrome, browserVersion: 117.0.5938.92, chrome: {chromedriverVersion: 116.0.5845.96 (1a3918166880..., userDataDir: C:\Users\imtiaz\AppData\Loc...}, fedcm:accounts: true, goog:chromeOptions: {debuggerAddress: localhost:62364}, javascriptEnabled: true, networkConnectionEnabled: false, pageLoadStrategy: normal, platform: WINDOWS, platformName: WINDOWS, proxy: Proxy(), setWindowRect: true, strictFileInteractability: false, timeouts: {implicit: 0, pageLoad: 300000, script: 30000}, unhandledPromptBehavior: dismiss and notify, webauthn:extension:credBlob: true, webauthn:extension:largeBlob: true, webauthn:extension:minPinLength: true, webauthn:extension:prf: true, webauthn:virtualAuthenticators: true}
Session ID: dcf7be3eb9dc531847b522123ea8b6cc
	at org.openqa.selenium.remote.http.W3CHttpResponseCodec.createException(W3CHttpResponseCodec.java:187)
	at org.openqa.selenium.remote.http.W3CHttpResponseCodec.decode(W3CHttpResponseCodec.java:122)
	at org.openqa.selenium.remote.http.W3CHttpResponseCodec.decode(W3CHttpResponseCodec.java:49)
	at org.openqa.selenium.remote.HttpCommandExecutor.execute(HttpCommandExecutor.java:158)
	at org.openqa.selenium.remote.service.DriverCommandExecutor.execute(DriverCommandExecutor.java:83)
	at org.openqa.selenium.remote.RemoteWebDriver.execute(RemoteWebDriver.java:552)
	at com.kms.katalon.selenium.driver.CChromeDriver.execute(CChromeDriver.java:19)
	at org.openqa.selenium.remote.RemoteWebElement.execute(RemoteWebElement.java:285)
	at org.openqa.selenium.remote.RemoteWebElement.clear(RemoteWebElement.java:124)
	at org.openqa.selenium.support.events.EventFiringWebDriver$EventFiringWebElement.lambda$new$0(EventFiringWebDriver.java:404)
	at com.sun.proxy.$Proxy11.clear(Unknown Source)
	at org.openqa.selenium.support.events.EventFiringWebDriver$EventFiringWebElement.clear(EventFiringWebDriver.java:436)
	at com.kms.katalon.core.webui.keyword.builtin.SetEncryptedTextKeyword$_setEncryptedText_closure1.doCall(SetEncryptedTextKeyword.groovy:54)
	at com.kms.katalon.core.webui.keyword.builtin.SetEncryptedTextKeyword$_setEncryptedText_closure1.call(SetEncryptedTextKeyword.groovy)
	at com.kms.katalon.core.webui.keyword.internal.WebUIKeywordMain.runKeyword(WebUIKeywordMain.groovy:20)
	at com.kms.katalon.core.webui.keyword.builtin.SetEncryptedTextKeyword.setEncryptedText(SetEncryptedTextKeyword.groovy:65)
	at com.kms.katalon.core.webui.keyword.builtin.SetEncryptedTextKeyword.execute(SetEncryptedTextKeyword.groovy:34)
	at com.kms.katalon.core.keyword.internal.KeywordExecutor.executeKeywordForPlatform(KeywordExecutor.groovy:74)
	at com.kms.katalon.core.webui.keyword.WebUiBuiltInKeywords.setEncryptedText(WebUiBuiltInKeywords.groovy:1011)
	at com.kms.katalon.core.webui.keyword.WebUiBuiltInKeywords$setEncryptedText$4.call(Unknown Source)
	at Script1693763256792.run(Script1693763256792.groovy:143)
	... 13 more
)
	at com.kms.katalon.core.keyword.internal.KeywordMain.stepFailed(KeywordMain.groovy:39)
	at com.kms.katalon.core.webui.keyword.internal.WebUIKeywordMain.stepFailed(WebUIKeywordMain.groovy:64)
	at com.kms.katalon.core.webui.keyword.internal.WebUIKeywordMain.runKeyword(WebUIKeywordMain.groovy:26)
	at com.kms.katalon.core.webui.keyword.builtin.SetEncryptedTextKeyword.setEncryptedText(SetEncryptedTextKeyword.groovy:65)
	at com.kms.katalon.core.webui.keyword.builtin.SetEncryptedTextKeyword.execute(SetEncryptedTextKeyword.groovy:34)
	at com.kms.katalon.core.keyword.internal.KeywordExecutor.executeKeywordForPlatform(KeywordExecutor.groovy:74)
	at com.kms.katalon.core.webui.keyword.WebUiBuiltInKeywords.setEncryptedText(WebUiBuiltInKeywords.groovy:1011)
	at com.kms.katalon.core.webui.keyword.WebUiBuiltInKeywords$setEncryptedText$4.call(Unknown Source)
	at FEINmismatchError.run(FEINmismatchError:143)
	at com.kms.katalon.core.main.ScriptEngine.run(ScriptEngine.java:194)
	at com.kms.katalon.core.main.ScriptEngine.runScriptAsRawText(ScriptEngine.java:119)
	at com.kms.katalon.core.main.TestCaseExecutor.runScript(TestCaseExecutor.java:448)
	at com.kms.katalon.core.main.TestCaseExecutor.doExecute(TestCaseExecutor.java:439)
	at com.kms.katalon.core.main.TestCaseExecutor.processExecutionPhase(TestCaseExecutor.java:418)
	at com.kms.katalon.core.main.TestCaseExecutor.accessMainPhase(TestCaseExecutor.java:410)
	at com.kms.katalon.core.main.TestCaseExecutor.execute(TestCaseExecutor.java:285)
	at com.kms.katalon.core.common.CommonExecutor.accessTestCaseMainPhase(CommonExecutor.java:65)
	at com.kms.katalon.core.main.TestSuiteExecutor.accessTestSuiteMainPhase(TestSuiteExecutor.java:148)
	at com.kms.katalon.core.main.TestSuiteExecutor.execute(TestSuiteExecutor.java:106)
	at com.kms.katalon.core.main.TestCaseMain.startTestSuite(TestCaseMain.java:187)
	at com.kms.katalon.core.main.TestCaseMain$startTestSuite$0.call(Unknown Source)
	at TempTestSuite1695829496928.run(TempTestSuite1695829496928.groovy:36)
Caused by: com.kms.katalon.core.exception.StepFailedException: Unable to set encrypted text for object 'Object Repository/RAD_Pages/TaxInfo_Page/input_TaxInformation_feinSsn'
	... 21 more
Caused by: org.openqa.selenium.ElementNotInteractableException: element not interactable
  (Session info: chrome=117.0.5938.92)
Build info: version: '3.141.59', revision: 'e82be7d358', time: '2018-11-14T08:25:53'
System info: host: 'DESKTOP-B2QI6NS', ip: '172.31.253.139', os.name: 'Windows 10', os.arch: 'amd64', os.version: '10.0', java.version: '1.8.0_181'
Driver info: com.kms.katalon.selenium.driver.CChromeDriver
Capabilities {acceptInsecureCerts: true, browserName: chrome, browserVersion: 117.0.5938.92, chrome: {chromedriverVersion: 116.0.5845.96 (1a3918166880..., userDataDir: C:\Users\imtiaz\AppData\Loc...}, fedcm:accounts: true, goog:chromeOptions: {debuggerAddress: localhost:62364}, javascriptEnabled: true, networkConnectionEnabled: false, pageLoadStrategy: normal, platform: WINDOWS, platformName: WINDOWS, proxy: Proxy(), setWindowRect: true, strictFileInteractability: false, timeouts: {implicit: 0, pageLoad: 300000, script: 30000}, unhandledPromptBehavior: dismiss and notify, webauthn:extension:credBlob: true, webauthn:extension:largeBlob: true, webauthn:extension:minPinLength: true, webauthn:extension:prf: true, webauthn:virtualAuthenticators: true}
Session ID: dcf7be3eb9dc531847b522123ea8b6cc
	at org.openqa.selenium.remote.http.W3CHttpResponseCodec.createException(W3CHttpResponseCodec.java:187)
	at org.openqa.selenium.remote.http.W3CHttpResponseCodec.decode(W3CHttpResponseCodec.java:122)
	at org.openqa.selenium.remote.http.W3CHttpResponseCodec.decode(W3CHttpResponseCodec.java:49)
	at org.openqa.selenium.remote.HttpCommandExecutor.execute(HttpCommandExecutor.java:158)
	at org.openqa.selenium.remote.service.DriverCommandExecutor.execute(DriverCommandExecutor.java:83)
	at org.openqa.selenium.remote.RemoteWebDriver.execute(RemoteWebDriver.java:552)
	at com.kms.katalon.selenium.driver.CChromeDriver.execute(CChromeDriver.java:19)
	at org.openqa.selenium.remote.RemoteWebElement.execute(RemoteWebElement.java:285)
	at org.openqa.selenium.remote.RemoteWebElement.clear(RemoteWebElement.java:124)
	at org.openqa.selenium.support.events.EventFiringWebDriver$EventFiringWebElement.lambda$new$0(EventFiringWebDriver.java:404)
	at com.sun.proxy.$Proxy11.clear(Unknown Source)
	at org.openqa.selenium.support.events.EventFiringWebDriver$EventFiringWebElement.clear(EventFiringWebDriver.java:436)
	at com.kms.katalon.core.webui.keyword.builtin.SetEncryptedTextKeyword$_setEncryptedText_closure1.doCall(SetEncryptedTextKeyword.groovy:54)
	at com.kms.katalon.core.webui.keyword.builtin.SetEncryptedTextKeyword$_setEncryptedText_closure1.call(SetEncryptedTextKeyword.groovy)
	at com.kms.katalon.core.webui.keyword.internal.WebUIKeywordMain.runKeyword(WebUIKeywordMain.groovy:20)
	... 19 more]]></system-err>
      </testcase>
      <system-out><![CDATA[2023-09-27 11:45:02 - [TEST_SUITE][FAILED] - RAD_UI_TestSuite: Test Cases/RAD_TestCases/Negative_TestCases/FEINmismatchError FAILED.
Reason:
com.kms.katalon.core.exception.StepFailedException: Unable to set encrypted text for object 'Object Repository/RAD_Pages/TaxInfo_Page/input_TaxInformation_feinSsn' (Root cause: com.kms.katalon.core.exception.StepFailedException: Unable to set encrypted text for object 'Object Repository/RAD_Pages/TaxInfo_Page/input_TaxInformation_feinSsn'
	at com.kms.katalon.core.webui.keyword.internal.WebUIKeywordMain.stepFailed(WebUIKeywordMain.groovy:64)
	at com.kms.katalon.core.webui.keyword.internal.WebUIKeywordMain.runKeyword(WebUIKeywordMain.groovy:26)
	at com.kms.katalon.core.webui.keyword.builtin.SetEncryptedTextKeyword.setEncryptedText(SetEncryptedTextKeyword.groovy:65)
	at com.kms.katalon.core.webui.keyword.builtin.SetEncryptedTextKeyword.execute(SetEncryptedTextKeyword.groovy:34)
	at com.kms.katalon.core.keyword.internal.KeywordExecutor.executeKeywordForPlatform(KeywordExecutor.groovy:74)
	at com.kms.katalon.core.webui.keyword.WebUiBuiltInKeywords.setEncryptedText(WebUiBuiltInKeywords.groovy:1011)
	at com.kms.katalon.core.webui.keyword.WebUiBuiltInKeywords$setEncryptedText$4.call(Unknown Source)
	at FEINmismatchError.run(FEINmismatchError:143)
	at com.kms.katalon.core.main.ScriptEngine.run(ScriptEngine.java:194)
	at com.kms.katalon.core.main.ScriptEngine.runScriptAsRawText(ScriptEngine.java:119)
	at com.kms.katalon.core.main.TestCaseExecutor.runScript(TestCaseExecutor.java:448)
	at com.kms.katalon.core.main.TestCaseExecutor.doExecute(TestCaseExecutor.java:439)
	at com.kms.katalon.core.main.TestCaseExecutor.processExecutionPhase(TestCaseExecutor.java:418)
	at com.kms.katalon.core.main.TestCaseExecutor.accessMainPhase(TestCaseExecutor.java:410)
	at com.kms.katalon.core.main.TestCaseExecutor.execute(TestCaseExecutor.java:285)
	at com.kms.katalon.core.common.CommonExecutor.accessTestCaseMainPhase(CommonExecutor.java:65)
	at com.kms.katalon.core.main.TestSuiteExecutor.accessTestSuiteMainPhase(TestSuiteExecutor.java:148)
	at com.kms.katalon.core.main.TestSuiteExecutor.execute(TestSuiteExecutor.java:106)
	at com.kms.katalon.core.main.TestCaseMain.startTestSuite(TestCaseMain.java:187)
	at com.kms.katalon.core.main.TestCaseMain$startTestSuite$0.call(Unknown Source)
	at TempTestSuite1695829496928.run(TempTestSuite1695829496928.groovy:36)
Caused by: org.openqa.selenium.ElementNotInteractableException: element not interactable
  (Session info: chrome=117.0.5938.92)
Build info: version: '3.141.59', revision: 'e82be7d358', time: '2018-11-14T08:25:53'
System info: host: 'DESKTOP-B2QI6NS', ip: '172.31.253.139', os.name: 'Windows 10', os.arch: 'amd64', os.version: '10.0', java.version: '1.8.0_181'
Driver info: com.kms.katalon.selenium.driver.CChromeDriver
Capabilities {acceptInsecureCerts: true, browserName: chrome, browserVersion: 117.0.5938.92, chrome: {chromedriverVersion: 116.0.5845.96 (1a3918166880..., userDataDir: C:\Users\imtiaz\AppData\Loc...}, fedcm:accounts: true, goog:chromeOptions: {debuggerAddress: localhost:62364}, javascriptEnabled: true, networkConnectionEnabled: false, pageLoadStrategy: normal, platform: WINDOWS, platformName: WINDOWS, proxy: Proxy(), setWindowRect: true, strictFileInteractability: false, timeouts: {implicit: 0, pageLoad: 300000, script: 30000}, unhandledPromptBehavior: dismiss and notify, webauthn:extension:credBlob: true, webauthn:extension:largeBlob: true, webauthn:extension:minPinLength: true, webauthn:extension:prf: true, webauthn:virtualAuthenticators: true}
Session ID: dcf7be3eb9dc531847b522123ea8b6cc
	at org.openqa.selenium.remote.http.W3CHttpResponseCodec.createException(W3CHttpResponseCodec.java:187)
	at org.openqa.selenium.remote.http.W3CHttpResponseCodec.decode(W3CHttpResponseCodec.java:122)
	at org.openqa.selenium.remote.http.W3CHttpResponseCodec.decode(W3CHttpResponseCodec.java:49)
	at org.openqa.selenium.remote.HttpCommandExecutor.execute(HttpCommandExecutor.java:158)
	at org.openqa.selenium.remote.service.DriverCommandExecutor.execute(DriverCommandExecutor.java:83)
	at org.openqa.selenium.remote.RemoteWebDriver.execute(RemoteWebDriver.java:552)
	at com.kms.katalon.selenium.driver.CChromeDriver.execute(CChromeDriver.java:19)
	at org.openqa.selenium.remote.RemoteWebElement.execute(RemoteWebElement.java:285)
	at org.openqa.selenium.remote.RemoteWebElement.clear(RemoteWebElement.java:124)
	at org.openqa.selenium.support.events.EventFiringWebDriver$EventFiringWebElement.lambda$new$0(EventFiringWebDriver.java:404)
	at com.sun.proxy.$Proxy11.clear(Unknown Source)
	at org.openqa.selenium.support.events.EventFiringWebDriver$EventFiringWebElement.clear(EventFiringWebDriver.java:436)
	at com.kms.katalon.core.webui.keyword.builtin.SetEncryptedTextKeyword$_setEncryptedText_closure1.doCall(SetEncryptedTextKeyword.groovy:54)
	at com.kms.katalon.core.webui.keyword.builtin.SetEncryptedTextKeyword$_setEncryptedText_closure1.call(SetEncryptedTextKeyword.groovy)
	at com.kms.katalon.core.webui.keyword.internal.WebUIKeywordMain.runKeyword(WebUIKeywordMain.groovy:20)
	at com.kms.katalon.core.webui.keyword.builtin.SetEncryptedTextKeyword.setEncryptedText(SetEncryptedTextKeyword.groovy:65)
	at com.kms.katalon.core.webui.keyword.builtin.SetEncryptedTextKeyword.execute(SetEncryptedTextKeyword.groovy:34)
	at com.kms.katalon.core.keyword.internal.KeywordExecutor.executeKeywordForPlatform(KeywordExecutor.groovy:74)
	at com.kms.katalon.core.webui.keyword.WebUiBuiltInKeywords.setEncryptedText(WebUiBuiltInKeywords.groovy:1011)
	at com.kms.katalon.core.webui.keyword.WebUiBuiltInKeywords$setEncryptedText$4.call(Unknown Source)
	at Script1693763256792.run(Script1693763256792.groovy:143)
	... 13 more
)
	at com.kms.katalon.core.keyword.internal.KeywordMain.stepFailed(KeywordMain.groovy:39)
	at com.kms.katalon.core.webui.keyword.internal.WebUIKeywordMain.stepFailed(WebUIKeywordMain.groovy:64)
	at com.kms.katalon.core.webui.keyword.internal.WebUIKeywordMain.runKeyword(WebUIKeywordMain.groovy:26)
	at com.kms.katalon.core.webui.keyword.builtin.SetEncryptedTextKeyword.setEncryptedText(SetEncryptedTextKeyword.groovy:65)
	at com.kms.katalon.core.webui.keyword.builtin.SetEncryptedTextKeyword.execute(SetEncryptedTextKeyword.groovy:34)
	at com.kms.katalon.core.keyword.internal.KeywordExecutor.executeKeywordForPlatform(KeywordExecutor.groovy:74)
	at com.kms.katalon.core.webui.keyword.WebUiBuiltInKeywords.setEncryptedText(WebUiBuiltInKeywords.groovy:1011)
	at com.kms.katalon.core.webui.keyword.WebUiBuiltInKeywords$setEncryptedText$4.call(Unknown Source)
	at FEINmismatchError.run(FEINmismatchError:143)
	at com.kms.katalon.core.main.ScriptEngine.run(ScriptEngine.java:194)
	at com.kms.katalon.core.main.ScriptEngine.runScriptAsRawText(ScriptEngine.java:119)
	at com.kms.katalon.core.main.TestCaseExecutor.runScript(TestCaseExecutor.java:448)
	at com.kms.katalon.core.main.TestCaseExecutor.doExecute(TestCaseExecutor.java:439)
	at com.kms.katalon.core.main.TestCaseExecutor.processExecutionPhase(TestCaseExecutor.java:418)
	at com.kms.katalon.core.main.TestCaseExecutor.accessMainPhase(TestCaseExecutor.java:410)
	at com.kms.katalon.core.main.TestCaseExecutor.execute(TestCaseExecutor.java:285)
	at com.kms.katalon.core.common.CommonExecutor.accessTestCaseMainPhase(CommonExecutor.java:65)
	at com.kms.katalon.core.main.TestSuiteExecutor.accessTestSuiteMainPhase(TestSuiteExecutor.java:148)
	at com.kms.katalon.core.main.TestSuiteExecutor.execute(TestSuiteExecutor.java:106)
	at com.kms.katalon.core.main.TestCaseMain.startTestSuite(TestCaseMain.java:187)
	at com.kms.katalon.core.main.TestCaseMain$startTestSuite$0.call(Unknown Source)
	at TempTestSuite1695829496928.run(TempTestSuite1695829496928.groovy:36)
Caused by: com.kms.katalon.core.exception.StepFailedException: Unable to set encrypted text for object 'Object Repository/RAD_Pages/TaxInfo_Page/input_TaxInformation_feinSsn'
	... 21 more
Caused by: org.openqa.selenium.ElementNotInteractableException: element not interactable
  (Session info: chrome=117.0.5938.92)
Build info: version: '3.141.59', revision: 'e82be7d358', time: '2018-11-14T08:25:53'
System info: host: 'DESKTOP-B2QI6NS', ip: '172.31.253.139', os.name: 'Windows 10', os.arch: 'amd64', os.version: '10.0', java.version: '1.8.0_181'
Driver info: com.kms.katalon.selenium.driver.CChromeDriver
Capabilities {acceptInsecureCerts: true, browserName: chrome, browserVersion: 117.0.5938.92, chrome: {chromedriverVersion: 116.0.5845.96 (1a3918166880..., userDataDir: C:\Users\imtiaz\AppData\Loc...}, fedcm:accounts: true, goog:chromeOptions: {debuggerAddress: localhost:62364}, javascriptEnabled: true, networkConnectionEnabled: false, pageLoadStrategy: normal, platform: WINDOWS, platformName: WINDOWS, proxy: Proxy(), setWindowRect: true, strictFileInteractability: false, timeouts: {implicit: 0, pageLoad: 300000, script: 30000}, unhandledPromptBehavior: dismiss and notify, webauthn:extension:credBlob: true, webauthn:extension:largeBlob: true, webauthn:extension:minPinLength: true, webauthn:extension:prf: true, webauthn:virtualAuthenticators: true}
Session ID: dcf7be3eb9dc531847b522123ea8b6cc
	at org.openqa.selenium.remote.http.W3CHttpResponseCodec.createException(W3CHttpResponseCodec.java:187)
	at org.openqa.selenium.remote.http.W3CHttpResponseCodec.decode(W3CHttpResponseCodec.java:122)
	at org.openqa.selenium.remote.http.W3CHttpResponseCodec.decode(W3CHttpResponseCodec.java:49)
	at org.openqa.selenium.remote.HttpCommandExecutor.execute(HttpCommandExecutor.java:158)
	at org.openqa.selenium.remote.service.DriverCommandExecutor.execute(DriverCommandExecutor.java:83)
	at org.openqa.selenium.remote.RemoteWebDriver.execute(RemoteWebDriver.java:552)
	at com.kms.katalon.selenium.driver.CChromeDriver.execute(CChromeDriver.java:19)
	at org.openqa.selenium.remote.RemoteWebElement.execute(RemoteWebElement.java:285)
	at org.openqa.selenium.remote.RemoteWebElement.clear(RemoteWebElement.java:124)
	at org.openqa.selenium.support.events.EventFiringWebDriver$EventFiringWebElement.lambda$new$0(EventFiringWebDriver.java:404)
	at com.sun.proxy.$Proxy11.clear(Unknown Source)
	at org.openqa.selenium.support.events.EventFiringWebDriver$EventFiringWebElement.clear(EventFiringWebDriver.java:436)
	at com.kms.katalon.core.webui.keyword.builtin.SetEncryptedTextKeyword$_setEncryptedText_closure1.doCall(SetEncryptedTextKeyword.groovy:54)
	at com.kms.katalon.core.webui.keyword.builtin.SetEncryptedTextKeyword$_setEncryptedText_closure1.call(SetEncryptedTextKeyword.groovy)
	at com.kms.katalon.core.webui.keyword.internal.WebUIKeywordMain.runKeyword(WebUIKeywordMain.groovy:20)
	... 19 more]]></system-out>
      <system-err><![CDATA[2023-09-27 11:45:02 - [TEST_SUITE][FAILED] - RAD_UI_TestSuite: Test Cases/RAD_TestCases/Negative_TestCases/FEINmismatchError FAILED.
Reason:
com.kms.katalon.core.exception.StepFailedException: Unable to set encrypted text for object 'Object Repository/RAD_Pages/TaxInfo_Page/input_TaxInformation_feinSsn' (Root cause: com.kms.katalon.core.exception.StepFailedException: Unable to set encrypted text for object 'Object Repository/RAD_Pages/TaxInfo_Page/input_TaxInformation_feinSsn'
	at com.kms.katalon.core.webui.keyword.internal.WebUIKeywordMain.stepFailed(WebUIKeywordMain.groovy:64)
	at com.kms.katalon.core.webui.keyword.internal.WebUIKeywordMain.runKeyword(WebUIKeywordMain.groovy:26)
	at com.kms.katalon.core.webui.keyword.builtin.SetEncryptedTextKeyword.setEncryptedText(SetEncryptedTextKeyword.groovy:65)
	at com.kms.katalon.core.webui.keyword.builtin.SetEncryptedTextKeyword.execute(SetEncryptedTextKeyword.groovy:34)
	at com.kms.katalon.core.keyword.internal.KeywordExecutor.executeKeywordForPlatform(KeywordExecutor.groovy:74)
	at com.kms.katalon.core.webui.keyword.WebUiBuiltInKeywords.setEncryptedText(WebUiBuiltInKeywords.groovy:1011)
	at com.kms.katalon.core.webui.keyword.WebUiBuiltInKeywords$setEncryptedText$4.call(Unknown Source)
	at FEINmismatchError.run(FEINmismatchError:143)
	at com.kms.katalon.core.main.ScriptEngine.run(ScriptEngine.java:194)
	at com.kms.katalon.core.main.ScriptEngine.runScriptAsRawText(ScriptEngine.java:119)
	at com.kms.katalon.core.main.TestCaseExecutor.runScript(TestCaseExecutor.java:448)
	at com.kms.katalon.core.main.TestCaseExecutor.doExecute(TestCaseExecutor.java:439)
	at com.kms.katalon.core.main.TestCaseExecutor.processExecutionPhase(TestCaseExecutor.java:418)
	at com.kms.katalon.core.main.TestCaseExecutor.accessMainPhase(TestCaseExecutor.java:410)
	at com.kms.katalon.core.main.TestCaseExecutor.execute(TestCaseExecutor.java:285)
	at com.kms.katalon.core.common.CommonExecutor.accessTestCaseMainPhase(CommonExecutor.java:65)
	at com.kms.katalon.core.main.TestSuiteExecutor.accessTestSuiteMainPhase(TestSuiteExecutor.java:148)
	at com.kms.katalon.core.main.TestSuiteExecutor.execute(TestSuiteExecutor.java:106)
	at com.kms.katalon.core.main.TestCaseMain.startTestSuite(TestCaseMain.java:187)
	at com.kms.katalon.core.main.TestCaseMain$startTestSuite$0.call(Unknown Source)
	at TempTestSuite1695829496928.run(TempTestSuite1695829496928.groovy:36)
Caused by: org.openqa.selenium.ElementNotInteractableException: element not interactable
  (Session info: chrome=117.0.5938.92)
Build info: version: '3.141.59', revision: 'e82be7d358', time: '2018-11-14T08:25:53'
System info: host: 'DESKTOP-B2QI6NS', ip: '172.31.253.139', os.name: 'Windows 10', os.arch: 'amd64', os.version: '10.0', java.version: '1.8.0_181'
Driver info: com.kms.katalon.selenium.driver.CChromeDriver
Capabilities {acceptInsecureCerts: true, browserName: chrome, browserVersion: 117.0.5938.92, chrome: {chromedriverVersion: 116.0.5845.96 (1a3918166880..., userDataDir: C:\Users\imtiaz\AppData\Loc...}, fedcm:accounts: true, goog:chromeOptions: {debuggerAddress: localhost:62364}, javascriptEnabled: true, networkConnectionEnabled: false, pageLoadStrategy: normal, platform: WINDOWS, platformName: WINDOWS, proxy: Proxy(), setWindowRect: true, strictFileInteractability: false, timeouts: {implicit: 0, pageLoad: 300000, script: 30000}, unhandledPromptBehavior: dismiss and notify, webauthn:extension:credBlob: true, webauthn:extension:largeBlob: true, webauthn:extension:minPinLength: true, webauthn:extension:prf: true, webauthn:virtualAuthenticators: true}
Session ID: dcf7be3eb9dc531847b522123ea8b6cc
	at org.openqa.selenium.remote.http.W3CHttpResponseCodec.createException(W3CHttpResponseCodec.java:187)
	at org.openqa.selenium.remote.http.W3CHttpResponseCodec.decode(W3CHttpResponseCodec.java:122)
	at org.openqa.selenium.remote.http.W3CHttpResponseCodec.decode(W3CHttpResponseCodec.java:49)
	at org.openqa.selenium.remote.HttpCommandExecutor.execute(HttpCommandExecutor.java:158)
	at org.openqa.selenium.remote.service.DriverCommandExecutor.execute(DriverCommandExecutor.java:83)
	at org.openqa.selenium.remote.RemoteWebDriver.execute(RemoteWebDriver.java:552)
	at com.kms.katalon.selenium.driver.CChromeDriver.execute(CChromeDriver.java:19)
	at org.openqa.selenium.remote.RemoteWebElement.execute(RemoteWebElement.java:285)
	at org.openqa.selenium.remote.RemoteWebElement.clear(RemoteWebElement.java:124)
	at org.openqa.selenium.support.events.EventFiringWebDriver$EventFiringWebElement.lambda$new$0(EventFiringWebDriver.java:404)
	at com.sun.proxy.$Proxy11.clear(Unknown Source)
	at org.openqa.selenium.support.events.EventFiringWebDriver$EventFiringWebElement.clear(EventFiringWebDriver.java:436)
	at com.kms.katalon.core.webui.keyword.builtin.SetEncryptedTextKeyword$_setEncryptedText_closure1.doCall(SetEncryptedTextKeyword.groovy:54)
	at com.kms.katalon.core.webui.keyword.builtin.SetEncryptedTextKeyword$_setEncryptedText_closure1.call(SetEncryptedTextKeyword.groovy)
	at com.kms.katalon.core.webui.keyword.internal.WebUIKeywordMain.runKeyword(WebUIKeywordMain.groovy:20)
	at com.kms.katalon.core.webui.keyword.builtin.SetEncryptedTextKeyword.setEncryptedText(SetEncryptedTextKeyword.groovy:65)
	at com.kms.katalon.core.webui.keyword.builtin.SetEncryptedTextKeyword.execute(SetEncryptedTextKeyword.groovy:34)
	at com.kms.katalon.core.keyword.internal.KeywordExecutor.executeKeywordForPlatform(KeywordExecutor.groovy:74)
	at com.kms.katalon.core.webui.keyword.WebUiBuiltInKeywords.setEncryptedText(WebUiBuiltInKeywords.groovy:1011)
	at com.kms.katalon.core.webui.keyword.WebUiBuiltInKeywords$setEncryptedText$4.call(Unknown Source)
	at Script1693763256792.run(Script1693763256792.groovy:143)
	... 13 more
)
	at com.kms.katalon.core.keyword.internal.KeywordMain.stepFailed(KeywordMain.groovy:39)
	at com.kms.katalon.core.webui.keyword.internal.WebUIKeywordMain.stepFailed(WebUIKeywordMain.groovy:64)
	at com.kms.katalon.core.webui.keyword.internal.WebUIKeywordMain.runKeyword(WebUIKeywordMain.groovy:26)
	at com.kms.katalon.core.webui.keyword.builtin.SetEncryptedTextKeyword.setEncryptedText(SetEncryptedTextKeyword.groovy:65)
	at com.kms.katalon.core.webui.keyword.builtin.SetEncryptedTextKeyword.execute(SetEncryptedTextKeyword.groovy:34)
	at com.kms.katalon.core.keyword.internal.KeywordExecutor.executeKeywordForPlatform(KeywordExecutor.groovy:74)
	at com.kms.katalon.core.webui.keyword.WebUiBuiltInKeywords.setEncryptedText(WebUiBuiltInKeywords.groovy:1011)
	at com.kms.katalon.core.webui.keyword.WebUiBuiltInKeywords$setEncryptedText$4.call(Unknown Source)
	at FEINmismatchError.run(FEINmismatchError:143)
	at com.kms.katalon.core.main.ScriptEngine.run(ScriptEngine.java:194)
	at com.kms.katalon.core.main.ScriptEngine.runScriptAsRawText(ScriptEngine.java:119)
	at com.kms.katalon.core.main.TestCaseExecutor.runScript(TestCaseExecutor.java:448)
	at com.kms.katalon.core.main.TestCaseExecutor.doExecute(TestCaseExecutor.java:439)
	at com.kms.katalon.core.main.TestCaseExecutor.processExecutionPhase(TestCaseExecutor.java:418)
	at com.kms.katalon.core.main.TestCaseExecutor.accessMainPhase(TestCaseExecutor.java:410)
	at com.kms.katalon.core.main.TestCaseExecutor.execute(TestCaseExecutor.java:285)
	at com.kms.katalon.core.common.CommonExecutor.accessTestCaseMainPhase(CommonExecutor.java:65)
	at com.kms.katalon.core.main.TestSuiteExecutor.accessTestSuiteMainPhase(TestSuiteExecutor.java:148)
	at com.kms.katalon.core.main.TestSuiteExecutor.execute(TestSuiteExecutor.java:106)
	at com.kms.katalon.core.main.TestCaseMain.startTestSuite(TestCaseMain.java:187)
	at com.kms.katalon.core.main.TestCaseMain$startTestSuite$0.call(Unknown Source)
	at TempTestSuite1695829496928.run(TempTestSuite1695829496928.groovy:36)
Caused by: com.kms.katalon.core.exception.StepFailedException: Unable to set encrypted text for object 'Object Repository/RAD_Pages/TaxInfo_Page/input_TaxInformation_feinSsn'
	... 21 more
Caused by: org.openqa.selenium.ElementNotInteractableException: element not interactable
  (Session info: chrome=117.0.5938.92)
Build info: version: '3.141.59', revision: 'e82be7d358', time: '2018-11-14T08:25:53'
System info: host: 'DESKTOP-B2QI6NS', ip: '172.31.253.139', os.name: 'Windows 10', os.arch: 'amd64', os.version: '10.0', java.version: '1.8.0_181'
Driver info: com.kms.katalon.selenium.driver.CChromeDriver
Capabilities {acceptInsecureCerts: true, browserName: chrome, browserVersion: 117.0.5938.92, chrome: {chromedriverVersion: 116.0.5845.96 (1a3918166880..., userDataDir: C:\Users\imtiaz\AppData\Loc...}, fedcm:accounts: true, goog:chromeOptions: {debuggerAddress: localhost:62364}, javascriptEnabled: true, networkConnectionEnabled: false, pageLoadStrategy: normal, platform: WINDOWS, platformName: WINDOWS, proxy: Proxy(), setWindowRect: true, strictFileInteractability: false, timeouts: {implicit: 0, pageLoad: 300000, script: 30000}, unhandledPromptBehavior: dismiss and notify, webauthn:extension:credBlob: true, webauthn:extension:largeBlob: true, webauthn:extension:minPinLength: true, webauthn:extension:prf: true, webauthn:virtualAuthenticators: true}
Session ID: dcf7be3eb9dc531847b522123ea8b6cc
	at org.openqa.selenium.remote.http.W3CHttpResponseCodec.createException(W3CHttpResponseCodec.java:187)
	at org.openqa.selenium.remote.http.W3CHttpResponseCodec.decode(W3CHttpResponseCodec.java:122)
	at org.openqa.selenium.remote.http.W3CHttpResponseCodec.decode(W3CHttpResponseCodec.java:49)
	at org.openqa.selenium.remote.HttpCommandExecutor.execute(HttpCommandExecutor.java:158)
	at org.openqa.selenium.remote.service.DriverCommandExecutor.execute(DriverCommandExecutor.java:83)
	at org.openqa.selenium.remote.RemoteWebDriver.execute(RemoteWebDriver.java:552)
	at com.kms.katalon.selenium.driver.CChromeDriver.execute(CChromeDriver.java:19)
	at org.openqa.selenium.remote.RemoteWebElement.execute(RemoteWebElement.java:285)
	at org.openqa.selenium.remote.RemoteWebElement.clear(RemoteWebElement.java:124)
	at org.openqa.selenium.support.events.EventFiringWebDriver$EventFiringWebElement.lambda$new$0(EventFiringWebDriver.java:404)
	at com.sun.proxy.$Proxy11.clear(Unknown Source)
	at org.openqa.selenium.support.events.EventFiringWebDriver$EventFiringWebElement.clear(EventFiringWebDriver.java:436)
	at com.kms.katalon.core.webui.keyword.builtin.SetEncryptedTextKeyword$_setEncryptedText_closure1.doCall(SetEncryptedTextKeyword.groovy:54)
	at com.kms.katalon.core.webui.keyword.builtin.SetEncryptedTextKeyword$_setEncryptedText_closure1.call(SetEncryptedTextKeyword.groovy)
	at com.kms.katalon.core.webui.keyword.internal.WebUIKeywordMain.runKeyword(WebUIKeywordMain.groovy:20)
	... 19 more]]></system-err>
   </testsuite>
</testsuites>
