<?xml version="1.0" encoding="UTF-8"?>
<testsuites name="UM-TestSuite-QA" time="2062.833" tests="18" failures="2" errors="0">
   <testsuite name="UM-TestSuite-QA" tests="18" failures="2" errors="0" time="2062.833" skipped="0" timestamp="2024-07-12 18:51:41" hostname="imtiaz - DESKTOP-B2QI6NS.govolution.com" id="Test Suites/QA/UM-Bootstrap/UM-TestSuite-QA">
      <properties>
         <property name="deviceName" value=""/>
         <property name="devicePlatform" value=""/>
         <property name="logFolder" value="E:\\Cloned-Project-Katalon\\VPS-Katalon\\Reports\\20240712_185135\\QA\\UM-Bootstrap\\UM-TestSuite-QA\\20240712_185135"/>
         <property name="logFiles" value="E:\\Cloned-Project-Katalon\\VPS-Katalon\\Reports\\20240712_185135\\QA\\UM-Bootstrap\\UM-TestSuite-QA\\20240712_185135\\execution0.log"/>
         <property name="attachments" value="E:\\Cloned-Project-Katalon\\VPS-Katalon\\Reports\\20240712_185135\\QA\\UM-Bootstrap\\UM-TestSuite-QA\\20240712_185135\\1720825964916.png"/>
         <property name="hostName" value="imtiaz - DESKTOP-B2QI6NS.govolution.com"/>
         <property name="os" value="Windows 10 64bit"/>
         <property name="katalonVersion" value="8.6.9.208"/>
         <property name="browser" value="Chrome 126.0.0.0"/>
         <property name="hostAddress" value="172.31.253.185"/>
         <property name="sessionId" value="894568afc2b5241e420a4fc05860c8c2"/>
         <property name="seleniumVersion" value="3.141.59"/>
         <property name="proxyInformation" value="ProxyInformation { proxyOption=NO_PROXY, proxyServerType=HTTP, username=, password=********, proxyServerAddress=, proxyServerPort=0, executionList=&quot;&quot;, isApplyToDesiredCapabilities=true }"/>
         <property name="platform" value="Windows 10"/>
      </properties>
      <testcase name="Test Cases/Admin Suite Bootstrap/UM_TestCases/Users/AddDeleteUser" time="101.446" classname="Test Cases/Admin Suite Bootstrap/UM_TestCases/Users/AddDeleteUser" status="PASSED">
         <system-out><![CDATA[2024-07-12 18:51:41 - [TEST_CASE][PASSED] - Test Cases/Admin Suite Bootstrap/UM_TestCases/Users/AddDeleteUser: Test Cases/Admin Suite Bootstrap/UM_TestCases/Users/AddDeleteUser

2024-07-12 18:51:42 - [TEST_STEP][PASSED] - path_Dashboard = "Object Repository/AdminSuiteBootstrap_Pages/Dashboard_Bootstrap/": null

2024-07-12 18:51:42 - [TEST_STEP][PASSED] - path_Users = "Object Repository/AdminSuiteBootstrap_Pages/UM_Bootstrap/Users/": null

2024-07-12 18:51:42 - [TEST_STEP][PASSED] - path_UserView = "Object Repository/AdminSuiteBootstrap_Pages/UM_Bootstrap/UserView/": null

2024-07-12 18:51:42 - [TEST_STEP][PASSED] - path_DeleteUser = "Object Repository/AdminSuiteBootstrap_Pages/UM_Bootstrap/DeleteUser/": null

2024-07-12 18:51:42 - [TEST_STEP][PASSED] - executionProfile = getExecutionProfile(): null

2024-07-12 18:51:42 - [TEST_STEP][PASSED] - out.println("executionProfile : " + executionProfile): null

2024-07-12 18:51:42 - [TEST_STEP][PASSED] - appName = <not implemented yet for class: org.codehaus.groovy.ast.expr.EmptyExpression>: null

2024-07-12 18:51:42 - [TEST_STEP][PASSED] - appID = <not implemented yet for class: org.codehaus.groovy.ast.expr.EmptyExpression>: null

2024-07-12 18:51:42 - [TEST_STEP][PASSED] - cardNameV = <not implemented yet for class: org.codehaus.groovy.ast.expr.EmptyExpression>: null

2024-07-12 18:51:42 - [TEST_STEP][PASSED] - al1V = <not implemented yet for class: org.codehaus.groovy.ast.expr.EmptyExpression>: null

2024-07-12 18:51:42 - [TEST_STEP][PASSED] - al2V = <not implemented yet for class: org.codehaus.groovy.ast.expr.EmptyExpression>: null

2024-07-12 18:51:42 - [TEST_STEP][PASSED] - zipV = <not implemented yet for class: org.codehaus.groovy.ast.expr.EmptyExpression>: null

2024-07-12 18:51:42 - [TEST_STEP][PASSED] - cardTypeV = <not implemented yet for class: org.codehaus.groovy.ast.expr.EmptyExpression>: null

2024-07-12 18:51:42 - [TEST_STEP][PASSED] - resText = "Fail": null

2024-07-12 18:51:42 - [TEST_STEP][PASSED] - resColumn = "Result": null

2024-07-12 18:51:42 - [TEST_STEP][PASSED] - datCloumn = "Date": null

2024-07-12 18:51:42 - [TEST_STEP][PASSED] - fileLoc = "KatalonData/Bootstrap/UM-Data.xlsx": null

2024-07-12 18:51:42 - [TEST_STEP][PASSED] - numOfRows = <not implemented yet for class: org.codehaus.groovy.ast.expr.EmptyExpression>: null

2024-07-12 18:51:42 - [TEST_STEP][PASSED] - dataFile = <not implemented yet for class: org.codehaus.groovy.ast.expr.EmptyExpression>: null

2024-07-12 18:51:42 - [TEST_STEP][PASSED] - nameSheet = <not implemented yet for class: org.codehaus.groovy.ast.expr.EmptyExpression>: null

2024-07-12 18:51:42 - [TEST_STEP][PASSED] - dataFileEmulator = <not implemented yet for class: org.codehaus.groovy.ast.expr.EmptyExpression>: null

2024-07-12 18:51:42 - [TEST_STEP][PASSED] - nameSheet = "CreateUser": null

2024-07-12 18:51:42 - [TEST_STEP][PASSED] - dataFile = "QA/Bootstrap/UM-TestData/CreateUser": null

2024-07-12 18:51:42 - [TEST_STEP][PASSED] - numOfRows = findTestData("QA/Bootstrap/UM-TestData/CreateUser").getRowNumbers(): null

2024-07-12 18:51:43 - [TEST_STEP][PASSED] - println("Number of Records: " + numOfRows): null

2024-07-12 18:51:43 - [TEST_STEP][PASSED] - for ([row = 1, row <= numOfRows, (row++)]): Browser is closed

2024-07-12 18:51:43 - [TEST_STEP][PASSED] - ExecuteTC = findTestData(dataFile).getValue("Execute", row): null

2024-07-12 18:51:43 - [TEST_STEP][PASSED] - out.println("Value of Execute is : " + ExecuteTC): null

2024-07-12 18:51:44 - [TEST_STEP][PASSED] - if (ExecuteTC.equalsIgnoreCase("Y")): Browser is closed

2024-07-12 18:51:44 - [TEST_STEP][PASSED] - out.println("Begin Record Number: " + row): null

2024-07-12 18:51:44 - [TEST_STEP][PASSED] - today = new java.util.Date(): null

2024-07-12 18:51:44 - [TEST_STEP][PASSED] - println(today): null

2024-07-12 18:51:44 - [TEST_STEP][PASSED] - datText = today: null

2024-07-12 18:51:44 - [TEST_STEP][PASSED] - adminSuiteBootstrap.loginFunctionality.login_AdminSuite(): adminSuiteBootstrap.loginFunctionality.login_AdminSuite is PASSED

2024-07-12 18:51:44 - [MESSAGE][INFO] - Starting 'Chrome' driver

2024-07-12 18:51:45 - [MESSAGE][INFO] - User set preference: ['acceptInsecureCerts', 'true']

2024-07-12 18:51:45 - [MESSAGE][INFO] - Action delay is set to 0 milliseconds

2024-07-12 18:51:49 - [MESSAGE][PASSED] - Browser is opened with url: 'https://qa2.velocitypayment.com/admin/imtiaz'

2024-07-12 18:51:49 - [MESSAGE][PASSED] - Current window maximized

2024-07-12 18:51:50 - [MESSAGE][PASSED] - Object 'Object Repository/Login_Page/Login_Username_Okta' is present

2024-07-12 18:51:51 - [MESSAGE][PASSED] - Text 'iahmed' is set on object 'Object Repository/Login_Page/Login_Username_Okta'

2024-07-12 18:51:52 - [MESSAGE][PASSED] - Text 'Hello!6666666' is set on object 'Object Repository/Login_Page/Login_Password_Okta'

2024-07-12 18:51:53 - [MESSAGE][PASSED] - Object: 'Object Repository/Login_Page/Login_Submit_Okta' is clicked on

2024-07-12 18:51:53 - [MESSAGE][PASSED] - adminSuiteBootstrap.loginFunctionality.login_AdminSuite is PASSED

2024-07-12 18:51:53 - [TEST_STEP][PASSED] - click(findTestObject(path_Dashboard + "a_Access User Management")): Object: 'Object Repository/AdminSuiteBootstrap_Pages/Dashboard_Bootstrap/a_Access User Management' is clicked on

2024-07-12 18:52:01 - [MESSAGE][PASSED] - Object: 'Object Repository/AdminSuiteBootstrap_Pages/Dashboard_Bootstrap/a_Access User Management' is clicked on

2024-07-12 18:52:01 - [TEST_STEP][PASSED] - click(findTestObject(path_Users + "a_Add User")): Object: 'Object Repository/AdminSuiteBootstrap_Pages/UM_Bootstrap/Users/a_Add User' is clicked on

2024-07-12 18:52:02 - [MESSAGE][PASSED] - Object: 'Object Repository/AdminSuiteBootstrap_Pages/UM_Bootstrap/Users/a_Add User' is clicked on

2024-07-12 18:52:02 - [TEST_STEP][PASSED] - adminSuiteBootstrap.addUser.setDataAddUser(row, dataFile): adminSuiteBootstrap.addUser.setDataAddUser is PASSED

2024-07-12 18:52:03 - [MESSAGE][PASSED] - Text 'iahmed@govolution.com' is set on object 'Object Repository/AdminSuiteBootstrap_Pages/UM_Bootstrap/AddUser/input_EmailAddress'

2024-07-12 18:52:04 - [MESSAGE][PASSED] - Text 'hOdOOdaoN' is set on object 'Object Repository/AdminSuiteBootstrap_Pages/UM_Bootstrap/AddUser/input_Username'

2024-07-12 18:52:05 - [MESSAGE][PASSED] - Text 'ZOwTYLWIg' is set on object 'Object Repository/AdminSuiteBootstrap_Pages/UM_Bootstrap/AddUser/input_FirstName'

2024-07-12 18:52:06 - [MESSAGE][PASSED] - Text 'IAtDRosCo' is set on object 'Object Repository/AdminSuiteBootstrap_Pages/UM_Bootstrap/AddUser/input_LastName'

2024-07-12 18:52:06 - [MESSAGE][PASSED] - Text 'Hello@5555555' is set on object 'Object Repository/AdminSuiteBootstrap_Pages/UM_Bootstrap/AddUser/input_Password'

2024-07-12 18:52:07 - [MESSAGE][PASSED] - Text 'Hello@5555555' is set on object 'Object Repository/AdminSuiteBootstrap_Pages/UM_Bootstrap/AddUser/input_ConfirmPassword'

2024-07-12 18:52:08 - [MESSAGE][PASSED] - Object 'Object Repository/AdminSuiteBootstrap_Pages/UM_Bootstrap/AddUser/input_No_lock' is checked

2024-07-12 18:52:14 - [MESSAGE][PASSED] - Object: 'Object Repository/AdminSuiteBootstrap_Pages/UM_Bootstrap/AddUser/button_Create' is clicked on

2024-07-12 18:52:14 - [MESSAGE][PASSED] - adminSuiteBootstrap.addUser.setDataAddUser is PASSED

2024-07-12 18:52:14 - [TEST_STEP][PASSED] - if (verifyTextPresent("User Account Created A user account for", true)): null

2024-07-12 18:52:15 - [MESSAGE][PASSED] - Text 'User Account Created A user account for' is present on page  using regular expression

2024-07-12 18:52:15 - [TEST_STEP][PASSED] - verifyTextPresent("was successfully created", true): Text 'was successfully created' is present on page  using regular expression

2024-07-12 18:52:15 - [MESSAGE][PASSED] - Text 'was successfully created' is present on page  using regular expression

2024-07-12 18:52:15 - [TEST_STEP][PASSED] - click(findTestObject(path_UserView + "button_Delete")): Object: 'Object Repository/AdminSuiteBootstrap_Pages/UM_Bootstrap/UserView/button_Delete' is clicked on

2024-07-12 18:52:16 - [MESSAGE][PASSED] - Object: 'Object Repository/AdminSuiteBootstrap_Pages/UM_Bootstrap/UserView/button_Delete' is clicked on

2024-07-12 18:52:16 - [TEST_STEP][PASSED] - click(findTestObject("Object Repository/AdminSuiteBootstrap_Pages/UM_Bootstrap/DeleteUser/button_2209_Delete")): Object: 'Object Repository/AdminSuiteBootstrap_Pages/UM_Bootstrap/DeleteUser/button_2209_Delete' is clicked on

2024-07-12 18:52:16 - [MESSAGE][PASSED] - Object: 'Object Repository/AdminSuiteBootstrap_Pages/UM_Bootstrap/DeleteUser/button_2209_Delete' is clicked on

2024-07-12 18:52:16 - [TEST_STEP][PASSED] - click(findTestObject(path_DeleteUser + "button_Okay_Last")): Object: 'Object Repository/AdminSuiteBootstrap_Pages/UM_Bootstrap/DeleteUser/button_Okay_Last' is clicked on

2024-07-12 18:52:18 - [MESSAGE][PASSED] - Object: 'Object Repository/AdminSuiteBootstrap_Pages/UM_Bootstrap/DeleteUser/button_Okay_Last' is clicked on

2024-07-12 18:52:18 - [TEST_STEP][PASSED] - markPassed("User was Created and Deleted Successfully"): User was Created and Deleted Successfully

2024-07-12 18:52:18 - [MESSAGE][PASSED] - User was Created and Deleted Successfully

2024-07-12 18:52:18 - [TEST_STEP][PASSED] - resText = "Pass": null

2024-07-12 18:52:18 - [TEST_STEP][PASSED] - pages.WriteExcel.demoKey(resText, datText, resColumn, datCloumn, fileLoc, nameSheet, row): pages.WriteExcel.demoKey is PASSED

2024-07-12 18:52:18 - [MESSAGE][PASSED] - pages.WriteExcel.demoKey is PASSED

2024-07-12 18:52:18 - [TEST_STEP][PASSED] - closeBrowser(): Browser is closed

2024-07-12 18:52:20 - [MESSAGE][PASSED] - Browser is closed

2024-07-12 18:52:20 - [TEST_STEP][PASSED] - ExecuteTC = findTestData(dataFile).getValue("Execute", row): null

2024-07-12 18:52:20 - [TEST_STEP][PASSED] - out.println("Value of Execute is : " + ExecuteTC): null

2024-07-12 18:52:20 - [TEST_STEP][PASSED] - if (ExecuteTC.equalsIgnoreCase("Y")): Browser is closed

2024-07-12 18:52:20 - [TEST_STEP][PASSED] - out.println("Begin Record Number: " + row): null

2024-07-12 18:52:20 - [TEST_STEP][PASSED] - today = new java.util.Date(): null

2024-07-12 18:52:20 - [TEST_STEP][PASSED] - println(today): null

2024-07-12 18:52:20 - [TEST_STEP][PASSED] - datText = today: null

2024-07-12 18:52:20 - [TEST_STEP][PASSED] - adminSuiteBootstrap.loginFunctionality.login_AdminSuite(): adminSuiteBootstrap.loginFunctionality.login_AdminSuite is PASSED

2024-07-12 18:52:20 - [MESSAGE][INFO] - Starting 'Chrome' driver

2024-07-12 18:52:20 - [MESSAGE][INFO] - User set preference: ['acceptInsecureCerts', 'true']

2024-07-12 18:52:20 - [MESSAGE][INFO] - Action delay is set to 0 milliseconds

2024-07-12 18:52:22 - [MESSAGE][PASSED] - Browser is opened with url: 'https://qa2.velocitypayment.com/admin/imtiaz'

2024-07-12 18:52:23 - [MESSAGE][PASSED] - Current window maximized

2024-07-12 18:52:23 - [MESSAGE][PASSED] - Object 'Object Repository/Login_Page/Login_Username_Okta' is present

2024-07-12 18:52:24 - [MESSAGE][PASSED] - Text 'iahmed' is set on object 'Object Repository/Login_Page/Login_Username_Okta'

2024-07-12 18:52:25 - [MESSAGE][PASSED] - Text 'Hello!6666666' is set on object 'Object Repository/Login_Page/Login_Password_Okta'

2024-07-12 18:52:26 - [MESSAGE][PASSED] - Object: 'Object Repository/Login_Page/Login_Submit_Okta' is clicked on

2024-07-12 18:52:26 - [MESSAGE][PASSED] - adminSuiteBootstrap.loginFunctionality.login_AdminSuite is PASSED

2024-07-12 18:52:26 - [TEST_STEP][PASSED] - click(findTestObject(path_Dashboard + "a_Access User Management")): Object: 'Object Repository/AdminSuiteBootstrap_Pages/Dashboard_Bootstrap/a_Access User Management' is clicked on

2024-07-12 18:52:35 - [MESSAGE][PASSED] - Object: 'Object Repository/AdminSuiteBootstrap_Pages/Dashboard_Bootstrap/a_Access User Management' is clicked on

2024-07-12 18:52:35 - [TEST_STEP][PASSED] - click(findTestObject(path_Users + "a_Add User")): Object: 'Object Repository/AdminSuiteBootstrap_Pages/UM_Bootstrap/Users/a_Add User' is clicked on

2024-07-12 18:52:36 - [MESSAGE][PASSED] - Object: 'Object Repository/AdminSuiteBootstrap_Pages/UM_Bootstrap/Users/a_Add User' is clicked on

2024-07-12 18:52:36 - [TEST_STEP][PASSED] - adminSuiteBootstrap.addUser.setDataAddUser(row, dataFile): adminSuiteBootstrap.addUser.setDataAddUser is PASSED

2024-07-12 18:52:37 - [MESSAGE][PASSED] - Text 'iahmed@govolution.com' is set on object 'Object Repository/AdminSuiteBootstrap_Pages/UM_Bootstrap/AddUser/input_EmailAddress'

2024-07-12 18:52:38 - [MESSAGE][PASSED] - Text '7wHo5SEW2' is set on object 'Object Repository/AdminSuiteBootstrap_Pages/UM_Bootstrap/AddUser/input_Username'

2024-07-12 18:52:39 - [MESSAGE][PASSED] - Text 'yqtHwTWTX' is set on object 'Object Repository/AdminSuiteBootstrap_Pages/UM_Bootstrap/AddUser/input_FirstName'

2024-07-12 18:52:40 - [MESSAGE][PASSED] - Text 'oBVXvRfjQ' is set on object 'Object Repository/AdminSuiteBootstrap_Pages/UM_Bootstrap/AddUser/input_LastName'

2024-07-12 18:52:40 - [MESSAGE][PASSED] - Text 'Hello@5555555' is set on object 'Object Repository/AdminSuiteBootstrap_Pages/UM_Bootstrap/AddUser/input_Password'

2024-07-12 18:52:41 - [MESSAGE][PASSED] - Text 'Hello@5555555' is set on object 'Object Repository/AdminSuiteBootstrap_Pages/UM_Bootstrap/AddUser/input_ConfirmPassword'

2024-07-12 18:52:41 - [MESSAGE][PASSED] - Object 'Object Repository/AdminSuiteBootstrap_Pages/UM_Bootstrap/AddUser/input_No_lock' is checked

2024-07-12 18:52:47 - [MESSAGE][PASSED] - Object: 'Object Repository/AdminSuiteBootstrap_Pages/UM_Bootstrap/AddUser/button_Create' is clicked on

2024-07-12 18:52:47 - [MESSAGE][PASSED] - adminSuiteBootstrap.addUser.setDataAddUser is PASSED

2024-07-12 18:52:47 - [TEST_STEP][PASSED] - if (verifyTextPresent("User Account Created A user account for", true)): null

2024-07-12 18:52:48 - [MESSAGE][PASSED] - Text 'User Account Created A user account for' is present on page  using regular expression

2024-07-12 18:52:48 - [TEST_STEP][PASSED] - verifyTextPresent("was successfully created", true): Text 'was successfully created' is present on page  using regular expression

2024-07-12 18:52:48 - [MESSAGE][PASSED] - Text 'was successfully created' is present on page  using regular expression

2024-07-12 18:52:48 - [TEST_STEP][PASSED] - click(findTestObject(path_UserView + "button_Delete")): Object: 'Object Repository/AdminSuiteBootstrap_Pages/UM_Bootstrap/UserView/button_Delete' is clicked on

2024-07-12 18:52:48 - [MESSAGE][PASSED] - Object: 'Object Repository/AdminSuiteBootstrap_Pages/UM_Bootstrap/UserView/button_Delete' is clicked on

2024-07-12 18:52:48 - [TEST_STEP][PASSED] - click(findTestObject("Object Repository/AdminSuiteBootstrap_Pages/UM_Bootstrap/DeleteUser/button_2209_Delete")): Object: 'Object Repository/AdminSuiteBootstrap_Pages/UM_Bootstrap/DeleteUser/button_2209_Delete' is clicked on

2024-07-12 18:52:49 - [MESSAGE][PASSED] - Object: 'Object Repository/AdminSuiteBootstrap_Pages/UM_Bootstrap/DeleteUser/button_2209_Delete' is clicked on

2024-07-12 18:52:49 - [TEST_STEP][PASSED] - click(findTestObject(path_DeleteUser + "button_Okay_Last")): Object: 'Object Repository/AdminSuiteBootstrap_Pages/UM_Bootstrap/DeleteUser/button_Okay_Last' is clicked on

2024-07-12 18:52:50 - [MESSAGE][PASSED] - Object: 'Object Repository/AdminSuiteBootstrap_Pages/UM_Bootstrap/DeleteUser/button_Okay_Last' is clicked on

2024-07-12 18:52:50 - [TEST_STEP][PASSED] - markPassed("User was Created and Deleted Successfully"): User was Created and Deleted Successfully

2024-07-12 18:52:50 - [MESSAGE][PASSED] - User was Created and Deleted Successfully

2024-07-12 18:52:50 - [TEST_STEP][PASSED] - resText = "Pass": null

2024-07-12 18:52:50 - [TEST_STEP][PASSED] - pages.WriteExcel.demoKey(resText, datText, resColumn, datCloumn, fileLoc, nameSheet, row): pages.WriteExcel.demoKey is PASSED

2024-07-12 18:52:51 - [MESSAGE][PASSED] - pages.WriteExcel.demoKey is PASSED

2024-07-12 18:52:51 - [TEST_STEP][PASSED] - closeBrowser(): Browser is closed

2024-07-12 18:52:52 - [MESSAGE][PASSED] - Browser is closed

2024-07-12 18:52:52 - [TEST_STEP][PASSED] - ExecuteTC = findTestData(dataFile).getValue("Execute", row): null

2024-07-12 18:52:52 - [TEST_STEP][PASSED] - out.println("Value of Execute is : " + ExecuteTC): null

2024-07-12 18:52:52 - [TEST_STEP][PASSED] - if (ExecuteTC.equalsIgnoreCase("Y")): Browser is closed

2024-07-12 18:52:52 - [TEST_STEP][PASSED] - out.println("Begin Record Number: " + row): null

2024-07-12 18:52:52 - [TEST_STEP][PASSED] - today = new java.util.Date(): null

2024-07-12 18:52:52 - [TEST_STEP][PASSED] - println(today): null

2024-07-12 18:52:52 - [TEST_STEP][PASSED] - datText = today: null

2024-07-12 18:52:52 - [TEST_STEP][PASSED] - adminSuiteBootstrap.loginFunctionality.login_AdminSuite(): adminSuiteBootstrap.loginFunctionality.login_AdminSuite is PASSED

2024-07-12 18:52:52 - [MESSAGE][INFO] - Starting 'Chrome' driver

2024-07-12 18:52:52 - [MESSAGE][INFO] - User set preference: ['acceptInsecureCerts', 'true']

2024-07-12 18:52:52 - [MESSAGE][INFO] - Action delay is set to 0 milliseconds

2024-07-12 18:52:54 - [MESSAGE][PASSED] - Browser is opened with url: 'https://qa2.velocitypayment.com/admin/imtiaz'

2024-07-12 18:52:55 - [MESSAGE][PASSED] - Current window maximized

2024-07-12 18:52:56 - [MESSAGE][PASSED] - Object 'Object Repository/Login_Page/Login_Username_Okta' is present

2024-07-12 18:52:56 - [MESSAGE][PASSED] - Text 'iahmed' is set on object 'Object Repository/Login_Page/Login_Username_Okta'

2024-07-12 18:52:57 - [MESSAGE][PASSED] - Text 'Hello!6666666' is set on object 'Object Repository/Login_Page/Login_Password_Okta'

2024-07-12 18:52:58 - [MESSAGE][PASSED] - Object: 'Object Repository/Login_Page/Login_Submit_Okta' is clicked on

2024-07-12 18:52:58 - [MESSAGE][PASSED] - adminSuiteBootstrap.loginFunctionality.login_AdminSuite is PASSED

2024-07-12 18:52:58 - [TEST_STEP][PASSED] - click(findTestObject(path_Dashboard + "a_Access User Management")): Object: 'Object Repository/AdminSuiteBootstrap_Pages/Dashboard_Bootstrap/a_Access User Management' is clicked on

2024-07-12 18:53:06 - [MESSAGE][PASSED] - Object: 'Object Repository/AdminSuiteBootstrap_Pages/Dashboard_Bootstrap/a_Access User Management' is clicked on

2024-07-12 18:53:06 - [TEST_STEP][PASSED] - click(findTestObject(path_Users + "a_Add User")): Object: 'Object Repository/AdminSuiteBootstrap_Pages/UM_Bootstrap/Users/a_Add User' is clicked on

2024-07-12 18:53:07 - [MESSAGE][PASSED] - Object: 'Object Repository/AdminSuiteBootstrap_Pages/UM_Bootstrap/Users/a_Add User' is clicked on

2024-07-12 18:53:07 - [TEST_STEP][PASSED] - adminSuiteBootstrap.addUser.setDataAddUser(row, dataFile): adminSuiteBootstrap.addUser.setDataAddUser is PASSED

2024-07-12 18:53:08 - [MESSAGE][PASSED] - Text 'iahmed@govolution.com' is set on object 'Object Repository/AdminSuiteBootstrap_Pages/UM_Bootstrap/AddUser/input_EmailAddress'

2024-07-12 18:53:09 - [MESSAGE][PASSED] - Text '955914904' is set on object 'Object Repository/AdminSuiteBootstrap_Pages/UM_Bootstrap/AddUser/input_Username'

2024-07-12 18:53:10 - [MESSAGE][PASSED] - Text 'OoLFUnhbb' is set on object 'Object Repository/AdminSuiteBootstrap_Pages/UM_Bootstrap/AddUser/input_FirstName'

2024-07-12 18:53:10 - [MESSAGE][PASSED] - Text 'FFDzgYHuD' is set on object 'Object Repository/AdminSuiteBootstrap_Pages/UM_Bootstrap/AddUser/input_LastName'

2024-07-12 18:53:11 - [MESSAGE][PASSED] - Text 'Hello@5555555' is set on object 'Object Repository/AdminSuiteBootstrap_Pages/UM_Bootstrap/AddUser/input_Password'

2024-07-12 18:53:12 - [MESSAGE][PASSED] - Text 'Hello@5555555' is set on object 'Object Repository/AdminSuiteBootstrap_Pages/UM_Bootstrap/AddUser/input_ConfirmPassword'

2024-07-12 18:53:12 - [MESSAGE][PASSED] - Object 'Object Repository/AdminSuiteBootstrap_Pages/UM_Bootstrap/AddUser/input_No_lock' is checked

2024-07-12 18:53:18 - [MESSAGE][PASSED] - Object: 'Object Repository/AdminSuiteBootstrap_Pages/UM_Bootstrap/AddUser/button_Create' is clicked on

2024-07-12 18:53:18 - [MESSAGE][PASSED] - adminSuiteBootstrap.addUser.setDataAddUser is PASSED

2024-07-12 18:53:18 - [TEST_STEP][PASSED] - if (verifyTextPresent("User Account Created A user account for", true)): null

2024-07-12 18:53:19 - [MESSAGE][PASSED] - Text 'User Account Created A user account for' is present on page  using regular expression

2024-07-12 18:53:19 - [TEST_STEP][PASSED] - verifyTextPresent("was successfully created", true): Text 'was successfully created' is present on page  using regular expression

2024-07-12 18:53:19 - [MESSAGE][PASSED] - Text 'was successfully created' is present on page  using regular expression

2024-07-12 18:53:19 - [TEST_STEP][PASSED] - click(findTestObject(path_UserView + "button_Delete")): Object: 'Object Repository/AdminSuiteBootstrap_Pages/UM_Bootstrap/UserView/button_Delete' is clicked on

2024-07-12 18:53:19 - [MESSAGE][PASSED] - Object: 'Object Repository/AdminSuiteBootstrap_Pages/UM_Bootstrap/UserView/button_Delete' is clicked on

2024-07-12 18:53:19 - [TEST_STEP][PASSED] - click(findTestObject("Object Repository/AdminSuiteBootstrap_Pages/UM_Bootstrap/DeleteUser/button_2209_Delete")): Object: 'Object Repository/AdminSuiteBootstrap_Pages/UM_Bootstrap/DeleteUser/button_2209_Delete' is clicked on

2024-07-12 18:53:20 - [MESSAGE][PASSED] - Object: 'Object Repository/AdminSuiteBootstrap_Pages/UM_Bootstrap/DeleteUser/button_2209_Delete' is clicked on

2024-07-12 18:53:20 - [TEST_STEP][PASSED] - click(findTestObject(path_DeleteUser + "button_Okay_Last")): Object: 'Object Repository/AdminSuiteBootstrap_Pages/UM_Bootstrap/DeleteUser/button_Okay_Last' is clicked on

2024-07-12 18:53:21 - [MESSAGE][PASSED] - Object: 'Object Repository/AdminSuiteBootstrap_Pages/UM_Bootstrap/DeleteUser/button_Okay_Last' is clicked on

2024-07-12 18:53:21 - [TEST_STEP][PASSED] - markPassed("User was Created and Deleted Successfully"): User was Created and Deleted Successfully

2024-07-12 18:53:21 - [MESSAGE][PASSED] - User was Created and Deleted Successfully

2024-07-12 18:53:21 - [TEST_STEP][PASSED] - resText = "Pass": null

2024-07-12 18:53:21 - [TEST_STEP][PASSED] - pages.WriteExcel.demoKey(resText, datText, resColumn, datCloumn, fileLoc, nameSheet, row): pages.WriteExcel.demoKey is PASSED

2024-07-12 18:53:22 - [MESSAGE][PASSED] - pages.WriteExcel.demoKey is PASSED

2024-07-12 18:53:22 - [TEST_STEP][PASSED] - closeBrowser(): Browser is closed

2024-07-12 18:53:23 - [MESSAGE][PASSED] - Browser is closed]]></system-out>
         <system-err><![CDATA[]]></system-err>
      </testcase>
      <testcase name="Test Cases/Admin Suite Bootstrap/UM_TestCases/Users/AddUserSpecialChar" time="92.107" classname="Test Cases/Admin Suite Bootstrap/UM_TestCases/Users/AddUserSpecialChar" status="PASSED">
         <system-out><![CDATA[2024-07-12 18:53:23 - [TEST_CASE][PASSED] - Test Cases/Admin Suite Bootstrap/UM_TestCases/Users/AddUserSpecialChar: Test Cases/Admin Suite Bootstrap/UM_TestCases/Users/AddUserSpecialChar

2024-07-12 18:53:24 - [TEST_STEP][PASSED] - path_Dashboard = "Object Repository/AdminSuiteBootstrap_Pages/Dashboard_Bootstrap/": null

2024-07-12 18:53:24 - [TEST_STEP][PASSED] - path_Users = "Object Repository/AdminSuiteBootstrap_Pages/UM_Bootstrap/Users/": null

2024-07-12 18:53:24 - [TEST_STEP][PASSED] - path_UserView = "Object Repository/AdminSuiteBootstrap_Pages/UM_Bootstrap/UserView/": null

2024-07-12 18:53:24 - [TEST_STEP][PASSED] - path_DeleteUser = "Object Repository/AdminSuiteBootstrap_Pages/UM_Bootstrap/DeleteUser/": null

2024-07-12 18:53:24 - [TEST_STEP][PASSED] - path_AddUser = "Object Repository/AdminSuiteBootstrap_Pages/UM_Bootstrap/AddUser/": null

2024-07-12 18:53:24 - [TEST_STEP][PASSED] - executionProfile = getExecutionProfile(): null

2024-07-12 18:53:24 - [TEST_STEP][PASSED] - out.println("executionProfile : " + executionProfile): null

2024-07-12 18:53:24 - [TEST_STEP][PASSED] - appName = <not implemented yet for class: org.codehaus.groovy.ast.expr.EmptyExpression>: null

2024-07-12 18:53:24 - [TEST_STEP][PASSED] - appID = <not implemented yet for class: org.codehaus.groovy.ast.expr.EmptyExpression>: null

2024-07-12 18:53:24 - [TEST_STEP][PASSED] - spUsername = <not implemented yet for class: org.codehaus.groovy.ast.expr.EmptyExpression>: null

2024-07-12 18:53:24 - [TEST_STEP][PASSED] - resText = "Fail": null

2024-07-12 18:53:24 - [TEST_STEP][PASSED] - resColumn = "Result": null

2024-07-12 18:53:24 - [TEST_STEP][PASSED] - datCloumn = "Date": null

2024-07-12 18:53:24 - [TEST_STEP][PASSED] - fileLoc = "KatalonData/Bootstrap/UM-Data.xlsx": null

2024-07-12 18:53:24 - [TEST_STEP][PASSED] - numOfRows = <not implemented yet for class: org.codehaus.groovy.ast.expr.EmptyExpression>: null

2024-07-12 18:53:24 - [TEST_STEP][PASSED] - dataFile = <not implemented yet for class: org.codehaus.groovy.ast.expr.EmptyExpression>: null

2024-07-12 18:53:24 - [TEST_STEP][PASSED] - nameSheet = <not implemented yet for class: org.codehaus.groovy.ast.expr.EmptyExpression>: null

2024-07-12 18:53:24 - [TEST_STEP][PASSED] - dataFileEmulator = <not implemented yet for class: org.codehaus.groovy.ast.expr.EmptyExpression>: null

2024-07-12 18:53:24 - [TEST_STEP][PASSED] - nameSheet = "CreateUserSpChar": null

2024-07-12 18:53:24 - [TEST_STEP][PASSED] - dataFile = "QA/Bootstrap/UM-TestData/CreateUserSpChar": null

2024-07-12 18:53:24 - [TEST_STEP][PASSED] - numOfRows = findTestData("QA/Bootstrap/UM-TestData/CreateUserSpChar").getRowNumbers(): null

2024-07-12 18:53:24 - [TEST_STEP][PASSED] - println("Number of Records: " + numOfRows): null

2024-07-12 18:53:24 - [TEST_STEP][PASSED] - for ([row = 1, row <= numOfRows, (row++)]): Browser is closed

2024-07-12 18:53:24 - [TEST_STEP][PASSED] - ExecuteTC = findTestData(dataFile).getValue("Execute", row): null

2024-07-12 18:53:24 - [TEST_STEP][PASSED] - out.println("Value of Execute is : " + ExecuteTC): null

2024-07-12 18:53:24 - [TEST_STEP][PASSED] - if (ExecuteTC.equalsIgnoreCase("Y")): Browser is closed

2024-07-12 18:53:24 - [TEST_STEP][PASSED] - out.println("Begin Record Number: " + row): null

2024-07-12 18:53:24 - [TEST_STEP][PASSED] - today = new java.util.Date(): null

2024-07-12 18:53:24 - [TEST_STEP][PASSED] - println(today): null

2024-07-12 18:53:24 - [TEST_STEP][PASSED] - datText = today: null

2024-07-12 18:53:24 - [TEST_STEP][PASSED] - adminSuiteBootstrap.loginFunctionality.login_AdminSuite(): adminSuiteBootstrap.loginFunctionality.login_AdminSuite is PASSED

2024-07-12 18:53:24 - [MESSAGE][INFO] - Starting 'Chrome' driver

2024-07-12 18:53:24 - [MESSAGE][INFO] - User set preference: ['acceptInsecureCerts', 'true']

2024-07-12 18:53:24 - [MESSAGE][INFO] - Action delay is set to 0 milliseconds

2024-07-12 18:53:26 - [MESSAGE][PASSED] - Browser is opened with url: 'https://qa2.velocitypayment.com/admin/imtiaz'

2024-07-12 18:53:27 - [MESSAGE][PASSED] - Current window maximized

2024-07-12 18:53:27 - [MESSAGE][PASSED] - Object 'Object Repository/Login_Page/Login_Username_Okta' is present

2024-07-12 18:53:28 - [MESSAGE][PASSED] - Text 'iahmed' is set on object 'Object Repository/Login_Page/Login_Username_Okta'

2024-07-12 18:53:29 - [MESSAGE][PASSED] - Text 'Hello!6666666' is set on object 'Object Repository/Login_Page/Login_Password_Okta'

2024-07-12 18:53:30 - [MESSAGE][PASSED] - Object: 'Object Repository/Login_Page/Login_Submit_Okta' is clicked on

2024-07-12 18:53:30 - [MESSAGE][PASSED] - adminSuiteBootstrap.loginFunctionality.login_AdminSuite is PASSED

2024-07-12 18:53:30 - [TEST_STEP][PASSED] - click(findTestObject(path_Dashboard + "a_Access User Management")): Object: 'Object Repository/AdminSuiteBootstrap_Pages/Dashboard_Bootstrap/a_Access User Management' is clicked on

2024-07-12 18:53:38 - [MESSAGE][PASSED] - Object: 'Object Repository/AdminSuiteBootstrap_Pages/Dashboard_Bootstrap/a_Access User Management' is clicked on

2024-07-12 18:53:38 - [TEST_STEP][PASSED] - click(findTestObject(path_Users + "a_Add User")): Object: 'Object Repository/AdminSuiteBootstrap_Pages/UM_Bootstrap/Users/a_Add User' is clicked on

2024-07-12 18:53:39 - [MESSAGE][PASSED] - Object: 'Object Repository/AdminSuiteBootstrap_Pages/UM_Bootstrap/Users/a_Add User' is clicked on

2024-07-12 18:53:39 - [TEST_STEP][PASSED] - buildUsername = pages.GenerateRandom.getRandomAlpha(): pages.GenerateRandom.getRandomAlpha is PASSED

2024-07-12 18:53:39 - [MESSAGE][PASSED] - pages.GenerateRandom.getRandomAlpha is PASSED

2024-07-12 18:53:39 - [TEST_STEP][PASSED] - prefixUsername = findTestData(dataFile).getValue("Username", row): null

2024-07-12 18:53:39 - [TEST_STEP][PASSED] - spUsername = buildUsername + prefixUsername + buildUsername: null

2024-07-12 18:53:39 - [TEST_STEP][PASSED] - setText(findTestObject(path_AddUser + "input_EmailAddress"), "iahmed@govolution.com"): Text 'iahmed@govolution.com' is set on object 'Object Repository/AdminSuiteBootstrap_Pages/UM_Bootstrap/AddUser/input_EmailAddress'

2024-07-12 18:53:40 - [MESSAGE][PASSED] - Text 'iahmed@govolution.com' is set on object 'Object Repository/AdminSuiteBootstrap_Pages/UM_Bootstrap/AddUser/input_EmailAddress'

2024-07-12 18:53:40 - [TEST_STEP][PASSED] - setText(findTestObject(path_AddUser + "input_Username"), spUsername): Text 'rNhLZWHnS_rNhLZWHnS' is set on object 'Object Repository/AdminSuiteBootstrap_Pages/UM_Bootstrap/AddUser/input_Username'

2024-07-12 18:53:40 - [MESSAGE][PASSED] - Text 'rNhLZWHnS_rNhLZWHnS' is set on object 'Object Repository/AdminSuiteBootstrap_Pages/UM_Bootstrap/AddUser/input_Username'

2024-07-12 18:53:40 - [TEST_STEP][PASSED] - setText(findTestObject(path_AddUser + "input_FirstName"), "Ashley"): Text 'Ashley' is set on object 'Object Repository/AdminSuiteBootstrap_Pages/UM_Bootstrap/AddUser/input_FirstName'

2024-07-12 18:53:41 - [MESSAGE][PASSED] - Text 'Ashley' is set on object 'Object Repository/AdminSuiteBootstrap_Pages/UM_Bootstrap/AddUser/input_FirstName'

2024-07-12 18:53:41 - [TEST_STEP][PASSED] - setText(findTestObject(path_AddUser + "input_LastName"), "Luka"): Text 'Luka' is set on object 'Object Repository/AdminSuiteBootstrap_Pages/UM_Bootstrap/AddUser/input_LastName'

2024-07-12 18:53:42 - [MESSAGE][PASSED] - Text 'Luka' is set on object 'Object Repository/AdminSuiteBootstrap_Pages/UM_Bootstrap/AddUser/input_LastName'

2024-07-12 18:53:42 - [TEST_STEP][PASSED] - setText(findTestObject(path_AddUser + "input_Password"), "Hello@6666666"): Text 'Hello@6666666' is set on object 'Object Repository/AdminSuiteBootstrap_Pages/UM_Bootstrap/AddUser/input_Password'

2024-07-12 18:53:43 - [MESSAGE][PASSED] - Text 'Hello@6666666' is set on object 'Object Repository/AdminSuiteBootstrap_Pages/UM_Bootstrap/AddUser/input_Password'

2024-07-12 18:53:43 - [TEST_STEP][PASSED] - setText(findTestObject(path_AddUser + "input_ConfirmPassword"), "Hello@6666666"): Text 'Hello@6666666' is set on object 'Object Repository/AdminSuiteBootstrap_Pages/UM_Bootstrap/AddUser/input_ConfirmPassword'

2024-07-12 18:53:43 - [MESSAGE][PASSED] - Text 'Hello@6666666' is set on object 'Object Repository/AdminSuiteBootstrap_Pages/UM_Bootstrap/AddUser/input_ConfirmPassword'

2024-07-12 18:53:43 - [TEST_STEP][PASSED] - check(findTestObject(path_AddUser + "input_No_lock")): Object 'Object Repository/AdminSuiteBootstrap_Pages/UM_Bootstrap/AddUser/input_No_lock' is checked

2024-07-12 18:53:44 - [MESSAGE][PASSED] - Object 'Object Repository/AdminSuiteBootstrap_Pages/UM_Bootstrap/AddUser/input_No_lock' is checked

2024-07-12 18:53:44 - [TEST_STEP][PASSED] - click(findTestObject(path_AddUser + "button_Create")): Object: 'Object Repository/AdminSuiteBootstrap_Pages/UM_Bootstrap/AddUser/button_Create' is clicked on

2024-07-12 18:53:49 - [MESSAGE][PASSED] - Object: 'Object Repository/AdminSuiteBootstrap_Pages/UM_Bootstrap/AddUser/button_Create' is clicked on

2024-07-12 18:53:49 - [TEST_STEP][PASSED] - if (verifyTextPresent("User Account Created A user account for", true)): null

2024-07-12 18:53:49 - [MESSAGE][PASSED] - Text 'User Account Created A user account for' is present on page  using regular expression

2024-07-12 18:53:49 - [TEST_STEP][PASSED] - verifyTextPresent("was successfully created", true): Text 'was successfully created' is present on page  using regular expression

2024-07-12 18:53:50 - [MESSAGE][PASSED] - Text 'was successfully created' is present on page  using regular expression

2024-07-12 18:53:50 - [TEST_STEP][PASSED] - markPassed("User was successfully created"): User was successfully created

2024-07-12 18:53:50 - [MESSAGE][PASSED] - User was successfully created

2024-07-12 18:53:50 - [TEST_STEP][PASSED] - resText = "Pass": null

2024-07-12 18:53:50 - [TEST_STEP][PASSED] - pages.WriteExcel.demoKey(resText, datText, resColumn, datCloumn, fileLoc, nameSheet, row): pages.WriteExcel.demoKey is PASSED

2024-07-12 18:53:50 - [MESSAGE][PASSED] - pages.WriteExcel.demoKey is PASSED

2024-07-12 18:53:50 - [TEST_STEP][PASSED] - click(findTestObject(path_UserView + "button_Delete")): Object: 'Object Repository/AdminSuiteBootstrap_Pages/UM_Bootstrap/UserView/button_Delete' is clicked on

2024-07-12 18:53:50 - [MESSAGE][PASSED] - Object: 'Object Repository/AdminSuiteBootstrap_Pages/UM_Bootstrap/UserView/button_Delete' is clicked on

2024-07-12 18:53:50 - [TEST_STEP][PASSED] - click(findTestObject("Object Repository/AdminSuiteBootstrap_Pages/UM_Bootstrap/DeleteUser/button_2209_Delete")): Object: 'Object Repository/AdminSuiteBootstrap_Pages/UM_Bootstrap/DeleteUser/button_2209_Delete' is clicked on

2024-07-12 18:53:51 - [MESSAGE][PASSED] - Object: 'Object Repository/AdminSuiteBootstrap_Pages/UM_Bootstrap/DeleteUser/button_2209_Delete' is clicked on

2024-07-12 18:53:51 - [TEST_STEP][PASSED] - click(findTestObject(path_DeleteUser + "button_Okay_Last")): Object: 'Object Repository/AdminSuiteBootstrap_Pages/UM_Bootstrap/DeleteUser/button_Okay_Last' is clicked on

2024-07-12 18:53:52 - [MESSAGE][PASSED] - Object: 'Object Repository/AdminSuiteBootstrap_Pages/UM_Bootstrap/DeleteUser/button_Okay_Last' is clicked on

2024-07-12 18:53:52 - [TEST_STEP][PASSED] - closeBrowser(): Browser is closed

2024-07-12 18:53:54 - [MESSAGE][PASSED] - Browser is closed

2024-07-12 18:53:54 - [TEST_STEP][PASSED] - ExecuteTC = findTestData(dataFile).getValue("Execute", row): null

2024-07-12 18:53:54 - [TEST_STEP][PASSED] - out.println("Value of Execute is : " + ExecuteTC): null

2024-07-12 18:53:54 - [TEST_STEP][PASSED] - if (ExecuteTC.equalsIgnoreCase("Y")): Browser is closed

2024-07-12 18:53:54 - [TEST_STEP][PASSED] - out.println("Begin Record Number: " + row): null

2024-07-12 18:53:54 - [TEST_STEP][PASSED] - today = new java.util.Date(): null

2024-07-12 18:53:54 - [TEST_STEP][PASSED] - println(today): null

2024-07-12 18:53:54 - [TEST_STEP][PASSED] - datText = today: null

2024-07-12 18:53:54 - [TEST_STEP][PASSED] - adminSuiteBootstrap.loginFunctionality.login_AdminSuite(): adminSuiteBootstrap.loginFunctionality.login_AdminSuite is PASSED

2024-07-12 18:53:54 - [MESSAGE][INFO] - Starting 'Chrome' driver

2024-07-12 18:53:54 - [MESSAGE][INFO] - User set preference: ['acceptInsecureCerts', 'true']

2024-07-12 18:53:54 - [MESSAGE][INFO] - Action delay is set to 0 milliseconds

2024-07-12 18:53:56 - [MESSAGE][PASSED] - Browser is opened with url: 'https://qa2.velocitypayment.com/admin/imtiaz'

2024-07-12 18:53:57 - [MESSAGE][PASSED] - Current window maximized

2024-07-12 18:53:57 - [MESSAGE][PASSED] - Object 'Object Repository/Login_Page/Login_Username_Okta' is present

2024-07-12 18:53:58 - [MESSAGE][PASSED] - Text 'iahmed' is set on object 'Object Repository/Login_Page/Login_Username_Okta'

2024-07-12 18:53:59 - [MESSAGE][PASSED] - Text 'Hello!6666666' is set on object 'Object Repository/Login_Page/Login_Password_Okta'

2024-07-12 18:54:00 - [MESSAGE][PASSED] - Object: 'Object Repository/Login_Page/Login_Submit_Okta' is clicked on

2024-07-12 18:54:00 - [MESSAGE][PASSED] - adminSuiteBootstrap.loginFunctionality.login_AdminSuite is PASSED

2024-07-12 18:54:00 - [TEST_STEP][PASSED] - click(findTestObject(path_Dashboard + "a_Access User Management")): Object: 'Object Repository/AdminSuiteBootstrap_Pages/Dashboard_Bootstrap/a_Access User Management' is clicked on

2024-07-12 18:54:08 - [MESSAGE][PASSED] - Object: 'Object Repository/AdminSuiteBootstrap_Pages/Dashboard_Bootstrap/a_Access User Management' is clicked on

2024-07-12 18:54:08 - [TEST_STEP][PASSED] - click(findTestObject(path_Users + "a_Add User")): Object: 'Object Repository/AdminSuiteBootstrap_Pages/UM_Bootstrap/Users/a_Add User' is clicked on

2024-07-12 18:54:09 - [MESSAGE][PASSED] - Object: 'Object Repository/AdminSuiteBootstrap_Pages/UM_Bootstrap/Users/a_Add User' is clicked on

2024-07-12 18:54:09 - [TEST_STEP][PASSED] - buildUsername = pages.GenerateRandom.getRandomAlpha(): pages.GenerateRandom.getRandomAlpha is PASSED

2024-07-12 18:54:09 - [MESSAGE][PASSED] - pages.GenerateRandom.getRandomAlpha is PASSED

2024-07-12 18:54:09 - [TEST_STEP][PASSED] - prefixUsername = findTestData(dataFile).getValue("Username", row): null

2024-07-12 18:54:09 - [TEST_STEP][PASSED] - spUsername = buildUsername + prefixUsername + buildUsername: null

2024-07-12 18:54:09 - [TEST_STEP][PASSED] - setText(findTestObject(path_AddUser + "input_EmailAddress"), "iahmed@govolution.com"): Text 'iahmed@govolution.com' is set on object 'Object Repository/AdminSuiteBootstrap_Pages/UM_Bootstrap/AddUser/input_EmailAddress'

2024-07-12 18:54:10 - [MESSAGE][PASSED] - Text 'iahmed@govolution.com' is set on object 'Object Repository/AdminSuiteBootstrap_Pages/UM_Bootstrap/AddUser/input_EmailAddress'

2024-07-12 18:54:10 - [TEST_STEP][PASSED] - setText(findTestObject(path_AddUser + "input_Username"), spUsername): Text 'QtFMyouqh.QtFMyouqh' is set on object 'Object Repository/AdminSuiteBootstrap_Pages/UM_Bootstrap/AddUser/input_Username'

2024-07-12 18:54:10 - [MESSAGE][PASSED] - Text 'QtFMyouqh.QtFMyouqh' is set on object 'Object Repository/AdminSuiteBootstrap_Pages/UM_Bootstrap/AddUser/input_Username'

2024-07-12 18:54:10 - [TEST_STEP][PASSED] - setText(findTestObject(path_AddUser + "input_FirstName"), "Ashley"): Text 'Ashley' is set on object 'Object Repository/AdminSuiteBootstrap_Pages/UM_Bootstrap/AddUser/input_FirstName'

2024-07-12 18:54:11 - [MESSAGE][PASSED] - Text 'Ashley' is set on object 'Object Repository/AdminSuiteBootstrap_Pages/UM_Bootstrap/AddUser/input_FirstName'

2024-07-12 18:54:11 - [TEST_STEP][PASSED] - setText(findTestObject(path_AddUser + "input_LastName"), "Luka"): Text 'Luka' is set on object 'Object Repository/AdminSuiteBootstrap_Pages/UM_Bootstrap/AddUser/input_LastName'

2024-07-12 18:54:12 - [MESSAGE][PASSED] - Text 'Luka' is set on object 'Object Repository/AdminSuiteBootstrap_Pages/UM_Bootstrap/AddUser/input_LastName'

2024-07-12 18:54:12 - [TEST_STEP][PASSED] - setText(findTestObject(path_AddUser + "input_Password"), "Hello@6666666"): Text 'Hello@6666666' is set on object 'Object Repository/AdminSuiteBootstrap_Pages/UM_Bootstrap/AddUser/input_Password'

2024-07-12 18:54:13 - [MESSAGE][PASSED] - Text 'Hello@6666666' is set on object 'Object Repository/AdminSuiteBootstrap_Pages/UM_Bootstrap/AddUser/input_Password'

2024-07-12 18:54:13 - [TEST_STEP][PASSED] - setText(findTestObject(path_AddUser + "input_ConfirmPassword"), "Hello@6666666"): Text 'Hello@6666666' is set on object 'Object Repository/AdminSuiteBootstrap_Pages/UM_Bootstrap/AddUser/input_ConfirmPassword'

2024-07-12 18:54:13 - [MESSAGE][PASSED] - Text 'Hello@6666666' is set on object 'Object Repository/AdminSuiteBootstrap_Pages/UM_Bootstrap/AddUser/input_ConfirmPassword'

2024-07-12 18:54:13 - [TEST_STEP][PASSED] - check(findTestObject(path_AddUser + "input_No_lock")): Object 'Object Repository/AdminSuiteBootstrap_Pages/UM_Bootstrap/AddUser/input_No_lock' is checked

2024-07-12 18:54:14 - [MESSAGE][PASSED] - Object 'Object Repository/AdminSuiteBootstrap_Pages/UM_Bootstrap/AddUser/input_No_lock' is checked

2024-07-12 18:54:14 - [TEST_STEP][PASSED] - click(findTestObject(path_AddUser + "button_Create")): Object: 'Object Repository/AdminSuiteBootstrap_Pages/UM_Bootstrap/AddUser/button_Create' is clicked on

2024-07-12 18:54:20 - [MESSAGE][PASSED] - Object: 'Object Repository/AdminSuiteBootstrap_Pages/UM_Bootstrap/AddUser/button_Create' is clicked on

2024-07-12 18:54:20 - [TEST_STEP][PASSED] - if (verifyTextPresent("User Account Created A user account for", true)): null

2024-07-12 18:54:21 - [MESSAGE][PASSED] - Text 'User Account Created A user account for' is present on page  using regular expression

2024-07-12 18:54:21 - [TEST_STEP][PASSED] - verifyTextPresent("was successfully created", true): Text 'was successfully created' is present on page  using regular expression

2024-07-12 18:54:21 - [MESSAGE][PASSED] - Text 'was successfully created' is present on page  using regular expression

2024-07-12 18:54:21 - [TEST_STEP][PASSED] - markPassed("User was successfully created"): User was successfully created

2024-07-12 18:54:21 - [MESSAGE][PASSED] - User was successfully created

2024-07-12 18:54:21 - [TEST_STEP][PASSED] - resText = "Pass": null

2024-07-12 18:54:21 - [TEST_STEP][PASSED] - pages.WriteExcel.demoKey(resText, datText, resColumn, datCloumn, fileLoc, nameSheet, row): pages.WriteExcel.demoKey is PASSED

2024-07-12 18:54:21 - [MESSAGE][PASSED] - pages.WriteExcel.demoKey is PASSED

2024-07-12 18:54:21 - [TEST_STEP][PASSED] - click(findTestObject(path_UserView + "button_Delete")): Object: 'Object Repository/AdminSuiteBootstrap_Pages/UM_Bootstrap/UserView/button_Delete' is clicked on

2024-07-12 18:54:21 - [MESSAGE][PASSED] - Object: 'Object Repository/AdminSuiteBootstrap_Pages/UM_Bootstrap/UserView/button_Delete' is clicked on

2024-07-12 18:54:21 - [TEST_STEP][PASSED] - click(findTestObject("Object Repository/AdminSuiteBootstrap_Pages/UM_Bootstrap/DeleteUser/button_2209_Delete")): Object: 'Object Repository/AdminSuiteBootstrap_Pages/UM_Bootstrap/DeleteUser/button_2209_Delete' is clicked on

2024-07-12 18:54:22 - [MESSAGE][PASSED] - Object: 'Object Repository/AdminSuiteBootstrap_Pages/UM_Bootstrap/DeleteUser/button_2209_Delete' is clicked on

2024-07-12 18:54:22 - [TEST_STEP][PASSED] - click(findTestObject(path_DeleteUser + "button_Okay_Last")): Object: 'Object Repository/AdminSuiteBootstrap_Pages/UM_Bootstrap/DeleteUser/button_Okay_Last' is clicked on

2024-07-12 18:54:23 - [MESSAGE][PASSED] - Object: 'Object Repository/AdminSuiteBootstrap_Pages/UM_Bootstrap/DeleteUser/button_Okay_Last' is clicked on

2024-07-12 18:54:23 - [TEST_STEP][PASSED] - closeBrowser(): Browser is closed

2024-07-12 18:54:25 - [MESSAGE][PASSED] - Browser is closed

2024-07-12 18:54:25 - [TEST_STEP][PASSED] - ExecuteTC = findTestData(dataFile).getValue("Execute", row): null

2024-07-12 18:54:25 - [TEST_STEP][PASSED] - out.println("Value of Execute is : " + ExecuteTC): null

2024-07-12 18:54:25 - [TEST_STEP][PASSED] - if (ExecuteTC.equalsIgnoreCase("Y")): Browser is closed

2024-07-12 18:54:25 - [TEST_STEP][PASSED] - out.println("Begin Record Number: " + row): null

2024-07-12 18:54:25 - [TEST_STEP][PASSED] - today = new java.util.Date(): null

2024-07-12 18:54:25 - [TEST_STEP][PASSED] - println(today): null

2024-07-12 18:54:25 - [TEST_STEP][PASSED] - datText = today: null

2024-07-12 18:54:25 - [TEST_STEP][PASSED] - adminSuiteBootstrap.loginFunctionality.login_AdminSuite(): adminSuiteBootstrap.loginFunctionality.login_AdminSuite is PASSED

2024-07-12 18:54:25 - [MESSAGE][INFO] - Starting 'Chrome' driver

2024-07-12 18:54:25 - [MESSAGE][INFO] - User set preference: ['acceptInsecureCerts', 'true']

2024-07-12 18:54:25 - [MESSAGE][INFO] - Action delay is set to 0 milliseconds

2024-07-12 18:54:27 - [MESSAGE][PASSED] - Browser is opened with url: 'https://qa2.velocitypayment.com/admin/imtiaz'

2024-07-12 18:54:28 - [MESSAGE][PASSED] - Current window maximized

2024-07-12 18:54:28 - [MESSAGE][PASSED] - Object 'Object Repository/Login_Page/Login_Username_Okta' is present

2024-07-12 18:54:29 - [MESSAGE][PASSED] - Text 'iahmed' is set on object 'Object Repository/Login_Page/Login_Username_Okta'

2024-07-12 18:54:30 - [MESSAGE][PASSED] - Text 'Hello!6666666' is set on object 'Object Repository/Login_Page/Login_Password_Okta'

2024-07-12 18:54:31 - [MESSAGE][PASSED] - Object: 'Object Repository/Login_Page/Login_Submit_Okta' is clicked on

2024-07-12 18:54:31 - [MESSAGE][PASSED] - adminSuiteBootstrap.loginFunctionality.login_AdminSuite is PASSED

2024-07-12 18:54:31 - [TEST_STEP][PASSED] - click(findTestObject(path_Dashboard + "a_Access User Management")): Object: 'Object Repository/AdminSuiteBootstrap_Pages/Dashboard_Bootstrap/a_Access User Management' is clicked on

2024-07-12 18:54:39 - [MESSAGE][PASSED] - Object: 'Object Repository/AdminSuiteBootstrap_Pages/Dashboard_Bootstrap/a_Access User Management' is clicked on

2024-07-12 18:54:39 - [TEST_STEP][PASSED] - click(findTestObject(path_Users + "a_Add User")): Object: 'Object Repository/AdminSuiteBootstrap_Pages/UM_Bootstrap/Users/a_Add User' is clicked on

2024-07-12 18:54:40 - [MESSAGE][PASSED] - Object: 'Object Repository/AdminSuiteBootstrap_Pages/UM_Bootstrap/Users/a_Add User' is clicked on

2024-07-12 18:54:40 - [TEST_STEP][PASSED] - buildUsername = pages.GenerateRandom.getRandomAlpha(): pages.GenerateRandom.getRandomAlpha is PASSED

2024-07-12 18:54:40 - [MESSAGE][PASSED] - pages.GenerateRandom.getRandomAlpha is PASSED

2024-07-12 18:54:40 - [TEST_STEP][PASSED] - prefixUsername = findTestData(dataFile).getValue("Username", row): null

2024-07-12 18:54:40 - [TEST_STEP][PASSED] - spUsername = buildUsername + prefixUsername + buildUsername: null

2024-07-12 18:54:40 - [TEST_STEP][PASSED] - setText(findTestObject(path_AddUser + "input_EmailAddress"), "iahmed@govolution.com"): Text 'iahmed@govolution.com' is set on object 'Object Repository/AdminSuiteBootstrap_Pages/UM_Bootstrap/AddUser/input_EmailAddress'

2024-07-12 18:54:41 - [MESSAGE][PASSED] - Text 'iahmed@govolution.com' is set on object 'Object Repository/AdminSuiteBootstrap_Pages/UM_Bootstrap/AddUser/input_EmailAddress'

2024-07-12 18:54:41 - [TEST_STEP][PASSED] - setText(findTestObject(path_AddUser + "input_Username"), spUsername): Text 'xqBAbJuaA@xqBAbJuaA' is set on object 'Object Repository/AdminSuiteBootstrap_Pages/UM_Bootstrap/AddUser/input_Username'

2024-07-12 18:54:41 - [MESSAGE][PASSED] - Text 'xqBAbJuaA@xqBAbJuaA' is set on object 'Object Repository/AdminSuiteBootstrap_Pages/UM_Bootstrap/AddUser/input_Username'

2024-07-12 18:54:41 - [TEST_STEP][PASSED] - setText(findTestObject(path_AddUser + "input_FirstName"), "Ashley"): Text 'Ashley' is set on object 'Object Repository/AdminSuiteBootstrap_Pages/UM_Bootstrap/AddUser/input_FirstName'

2024-07-12 18:54:42 - [MESSAGE][PASSED] - Text 'Ashley' is set on object 'Object Repository/AdminSuiteBootstrap_Pages/UM_Bootstrap/AddUser/input_FirstName'

2024-07-12 18:54:42 - [TEST_STEP][PASSED] - setText(findTestObject(path_AddUser + "input_LastName"), "Luka"): Text 'Luka' is set on object 'Object Repository/AdminSuiteBootstrap_Pages/UM_Bootstrap/AddUser/input_LastName'

2024-07-12 18:54:43 - [MESSAGE][PASSED] - Text 'Luka' is set on object 'Object Repository/AdminSuiteBootstrap_Pages/UM_Bootstrap/AddUser/input_LastName'

2024-07-12 18:54:43 - [TEST_STEP][PASSED] - setText(findTestObject(path_AddUser + "input_Password"), "Hello@6666666"): Text 'Hello@6666666' is set on object 'Object Repository/AdminSuiteBootstrap_Pages/UM_Bootstrap/AddUser/input_Password'

2024-07-12 18:54:44 - [MESSAGE][PASSED] - Text 'Hello@6666666' is set on object 'Object Repository/AdminSuiteBootstrap_Pages/UM_Bootstrap/AddUser/input_Password'

2024-07-12 18:54:44 - [TEST_STEP][PASSED] - setText(findTestObject(path_AddUser + "input_ConfirmPassword"), "Hello@6666666"): Text 'Hello@6666666' is set on object 'Object Repository/AdminSuiteBootstrap_Pages/UM_Bootstrap/AddUser/input_ConfirmPassword'

2024-07-12 18:54:44 - [MESSAGE][PASSED] - Text 'Hello@6666666' is set on object 'Object Repository/AdminSuiteBootstrap_Pages/UM_Bootstrap/AddUser/input_ConfirmPassword'

2024-07-12 18:54:44 - [TEST_STEP][PASSED] - check(findTestObject(path_AddUser + "input_No_lock")): Object 'Object Repository/AdminSuiteBootstrap_Pages/UM_Bootstrap/AddUser/input_No_lock' is checked

2024-07-12 18:54:45 - [MESSAGE][PASSED] - Object 'Object Repository/AdminSuiteBootstrap_Pages/UM_Bootstrap/AddUser/input_No_lock' is checked

2024-07-12 18:54:45 - [TEST_STEP][PASSED] - click(findTestObject(path_AddUser + "button_Create")): Object: 'Object Repository/AdminSuiteBootstrap_Pages/UM_Bootstrap/AddUser/button_Create' is clicked on

2024-07-12 18:54:50 - [MESSAGE][PASSED] - Object: 'Object Repository/AdminSuiteBootstrap_Pages/UM_Bootstrap/AddUser/button_Create' is clicked on

2024-07-12 18:54:50 - [TEST_STEP][PASSED] - if (verifyTextPresent("User Account Created A user account for", true)): null

2024-07-12 18:54:51 - [MESSAGE][PASSED] - Text 'User Account Created A user account for' is present on page  using regular expression

2024-07-12 18:54:51 - [TEST_STEP][PASSED] - verifyTextPresent("was successfully created", true): Text 'was successfully created' is present on page  using regular expression

2024-07-12 18:54:51 - [MESSAGE][PASSED] - Text 'was successfully created' is present on page  using regular expression

2024-07-12 18:54:51 - [TEST_STEP][PASSED] - markPassed("User was successfully created"): User was successfully created

2024-07-12 18:54:51 - [MESSAGE][PASSED] - User was successfully created

2024-07-12 18:54:51 - [TEST_STEP][PASSED] - resText = "Pass": null

2024-07-12 18:54:51 - [TEST_STEP][PASSED] - pages.WriteExcel.demoKey(resText, datText, resColumn, datCloumn, fileLoc, nameSheet, row): pages.WriteExcel.demoKey is PASSED

2024-07-12 18:54:52 - [MESSAGE][PASSED] - pages.WriteExcel.demoKey is PASSED

2024-07-12 18:54:52 - [TEST_STEP][PASSED] - click(findTestObject(path_UserView + "button_Delete")): Object: 'Object Repository/AdminSuiteBootstrap_Pages/UM_Bootstrap/UserView/button_Delete' is clicked on

2024-07-12 18:54:52 - [MESSAGE][PASSED] - Object: 'Object Repository/AdminSuiteBootstrap_Pages/UM_Bootstrap/UserView/button_Delete' is clicked on

2024-07-12 18:54:52 - [TEST_STEP][PASSED] - click(findTestObject("Object Repository/AdminSuiteBootstrap_Pages/UM_Bootstrap/DeleteUser/button_2209_Delete")): Object: 'Object Repository/AdminSuiteBootstrap_Pages/UM_Bootstrap/DeleteUser/button_2209_Delete' is clicked on

2024-07-12 18:54:52 - [MESSAGE][PASSED] - Object: 'Object Repository/AdminSuiteBootstrap_Pages/UM_Bootstrap/DeleteUser/button_2209_Delete' is clicked on

2024-07-12 18:54:52 - [TEST_STEP][PASSED] - click(findTestObject(path_DeleteUser + "button_Okay_Last")): Object: 'Object Repository/AdminSuiteBootstrap_Pages/UM_Bootstrap/DeleteUser/button_Okay_Last' is clicked on

2024-07-12 18:54:54 - [MESSAGE][PASSED] - Object: 'Object Repository/AdminSuiteBootstrap_Pages/UM_Bootstrap/DeleteUser/button_Okay_Last' is clicked on

2024-07-12 18:54:54 - [TEST_STEP][PASSED] - closeBrowser(): Browser is closed

2024-07-12 18:54:55 - [MESSAGE][PASSED] - Browser is closed]]></system-out>
         <system-err><![CDATA[]]></system-err>
      </testcase>
      <testcase name="Test Cases/Admin Suite Bootstrap/UM_TestCases/UsersErrors/AddUserSpecialCharError" time="137.422" classname="Test Cases/Admin Suite Bootstrap/UM_TestCases/UsersErrors/AddUserSpecialCharError" status="PASSED">
         <system-out><![CDATA[2024-07-12 18:54:55 - [TEST_CASE][PASSED] - Test Cases/Admin Suite Bootstrap/UM_TestCases/UsersErrors/AddUserSpecialCharError: Test Cases/Admin Suite Bootstrap/UM_TestCases/UsersErrors/AddUserSpecialCharError

2024-07-12 18:54:56 - [TEST_STEP][PASSED] - path_Dashboard = "Object Repository/AdminSuiteBootstrap_Pages/Dashboard_Bootstrap/": null

2024-07-12 18:54:56 - [TEST_STEP][PASSED] - path_Users = "Object Repository/AdminSuiteBootstrap_Pages/UM_Bootstrap/Users/": null

2024-07-12 18:54:56 - [TEST_STEP][PASSED] - path_UserView = "Object Repository/AdminSuiteBootstrap_Pages/UM_Bootstrap/UserView/": null

2024-07-12 18:54:56 - [TEST_STEP][PASSED] - path_DeleteUser = "Object Repository/AdminSuiteBootstrap_Pages/UM_Bootstrap/DeleteUser/": null

2024-07-12 18:54:56 - [TEST_STEP][PASSED] - path_AddUser = "Object Repository/AdminSuiteBootstrap_Pages/UM_Bootstrap/AddUser/": null

2024-07-12 18:54:56 - [TEST_STEP][PASSED] - executionProfile = getExecutionProfile(): null

2024-07-12 18:54:56 - [TEST_STEP][PASSED] - out.println("executionProfile : " + executionProfile): null

2024-07-12 18:54:56 - [TEST_STEP][PASSED] - appName = <not implemented yet for class: org.codehaus.groovy.ast.expr.EmptyExpression>: null

2024-07-12 18:54:56 - [TEST_STEP][PASSED] - appID = <not implemented yet for class: org.codehaus.groovy.ast.expr.EmptyExpression>: null

2024-07-12 18:54:56 - [TEST_STEP][PASSED] - spUsername = <not implemented yet for class: org.codehaus.groovy.ast.expr.EmptyExpression>: null

2024-07-12 18:54:56 - [TEST_STEP][PASSED] - resText = "Fail": null

2024-07-12 18:54:56 - [TEST_STEP][PASSED] - resColumn = "Result": null

2024-07-12 18:54:56 - [TEST_STEP][PASSED] - datCloumn = "Date": null

2024-07-12 18:54:56 - [TEST_STEP][PASSED] - fileLoc = "KatalonData/Bootstrap/UM-Data.xlsx": null

2024-07-12 18:54:56 - [TEST_STEP][PASSED] - numOfRows = <not implemented yet for class: org.codehaus.groovy.ast.expr.EmptyExpression>: null

2024-07-12 18:54:56 - [TEST_STEP][PASSED] - dataFile = <not implemented yet for class: org.codehaus.groovy.ast.expr.EmptyExpression>: null

2024-07-12 18:54:56 - [TEST_STEP][PASSED] - nameSheet = <not implemented yet for class: org.codehaus.groovy.ast.expr.EmptyExpression>: null

2024-07-12 18:54:56 - [TEST_STEP][PASSED] - dataFileEmulator = <not implemented yet for class: org.codehaus.groovy.ast.expr.EmptyExpression>: null

2024-07-12 18:54:56 - [TEST_STEP][PASSED] - nameSheet = "CreateUserSpCharError": null

2024-07-12 18:54:56 - [TEST_STEP][PASSED] - dataFile = "QA/Bootstrap/UM-TestData/CreateUserSpCharError": null

2024-07-12 18:54:56 - [TEST_STEP][PASSED] - numOfRows = findTestData("QA/Bootstrap/UM-TestData/CreateUserSpCharError").getRowNumbers(): null

2024-07-12 18:54:56 - [TEST_STEP][PASSED] - println("Number of Records: " + numOfRows): null

2024-07-12 18:54:56 - [TEST_STEP][PASSED] - for ([row = 1, row <= numOfRows, (row++)]): null

2024-07-12 18:54:56 - [TEST_STEP][PASSED] - ExecuteTC = findTestData(dataFile).getValue("Execute", row): null

2024-07-12 18:54:56 - [TEST_STEP][PASSED] - out.println("Value of Execute is : " + ExecuteTC): null

2024-07-12 18:54:56 - [TEST_STEP][PASSED] - if (ExecuteTC.equalsIgnoreCase("Y")): null

2024-07-12 18:54:56 - [TEST_STEP][PASSED] - out.println("Begin Record Number: " + row): null

2024-07-12 18:54:56 - [TEST_STEP][PASSED] - today = new java.util.Date(): null

2024-07-12 18:54:56 - [TEST_STEP][PASSED] - println(today): null

2024-07-12 18:54:56 - [TEST_STEP][PASSED] - datText = today: null

2024-07-12 18:54:56 - [TEST_STEP][PASSED] - adminSuiteBootstrap.loginFunctionality.login_AdminSuite(): adminSuiteBootstrap.loginFunctionality.login_AdminSuite is PASSED

2024-07-12 18:54:56 - [MESSAGE][INFO] - Starting 'Chrome' driver

2024-07-12 18:54:56 - [MESSAGE][INFO] - User set preference: ['acceptInsecureCerts', 'true']

2024-07-12 18:54:56 - [MESSAGE][INFO] - Action delay is set to 0 milliseconds

2024-07-12 18:54:58 - [MESSAGE][PASSED] - Browser is opened with url: 'https://qa2.velocitypayment.com/admin/imtiaz'

2024-07-12 18:54:59 - [MESSAGE][PASSED] - Current window maximized

2024-07-12 18:54:59 - [MESSAGE][PASSED] - Object 'Object Repository/Login_Page/Login_Username_Okta' is present

2024-07-12 18:55:00 - [MESSAGE][PASSED] - Text 'iahmed' is set on object 'Object Repository/Login_Page/Login_Username_Okta'

2024-07-12 18:55:01 - [MESSAGE][PASSED] - Text 'Hello!6666666' is set on object 'Object Repository/Login_Page/Login_Password_Okta'

2024-07-12 18:55:02 - [MESSAGE][PASSED] - Object: 'Object Repository/Login_Page/Login_Submit_Okta' is clicked on

2024-07-12 18:55:02 - [MESSAGE][PASSED] - adminSuiteBootstrap.loginFunctionality.login_AdminSuite is PASSED

2024-07-12 18:55:02 - [TEST_STEP][PASSED] - click(findTestObject(path_Dashboard + "a_Access User Management")): Object: 'Object Repository/AdminSuiteBootstrap_Pages/Dashboard_Bootstrap/a_Access User Management' is clicked on

2024-07-12 18:55:10 - [MESSAGE][PASSED] - Object: 'Object Repository/AdminSuiteBootstrap_Pages/Dashboard_Bootstrap/a_Access User Management' is clicked on

2024-07-12 18:55:10 - [TEST_STEP][PASSED] - click(findTestObject(path_Users + "a_Add User")): Object: 'Object Repository/AdminSuiteBootstrap_Pages/UM_Bootstrap/Users/a_Add User' is clicked on

2024-07-12 18:55:11 - [MESSAGE][PASSED] - Object: 'Object Repository/AdminSuiteBootstrap_Pages/UM_Bootstrap/Users/a_Add User' is clicked on

2024-07-12 18:55:11 - [TEST_STEP][PASSED] - buildUsername = pages.GenerateRandom.getRandomAlpha(): pages.GenerateRandom.getRandomAlpha is PASSED

2024-07-12 18:55:11 - [MESSAGE][PASSED] - pages.GenerateRandom.getRandomAlpha is PASSED

2024-07-12 18:55:11 - [TEST_STEP][PASSED] - prefixUsername = findTestData(dataFile).getValue("Username", row): null

2024-07-12 18:55:11 - [TEST_STEP][PASSED] - prefixOrMiddle = findTestData(dataFile).getValue("Prefix", row): null

2024-07-12 18:55:11 - [TEST_STEP][PASSED] - if (prefixOrMiddle.equalsIgnoreCase("Y")): null

2024-07-12 18:55:11 - [TEST_STEP][PASSED] - spUsername = prefixUsername + buildUsername: null

2024-07-12 18:55:11 - [TEST_STEP][PASSED] - setText(findTestObject(path_AddUser + "input_EmailAddress"), "iahmed@govolution.com"): Text 'iahmed@govolution.com' is set on object 'Object Repository/AdminSuiteBootstrap_Pages/UM_Bootstrap/AddUser/input_EmailAddress'

2024-07-12 18:55:12 - [MESSAGE][PASSED] - Text 'iahmed@govolution.com' is set on object 'Object Repository/AdminSuiteBootstrap_Pages/UM_Bootstrap/AddUser/input_EmailAddress'

2024-07-12 18:55:12 - [TEST_STEP][PASSED] - setText(findTestObject(path_AddUser + "input_Username"), spUsername): Text '=syNtqydGK' is set on object 'Object Repository/AdminSuiteBootstrap_Pages/UM_Bootstrap/AddUser/input_Username'

2024-07-12 18:55:13 - [MESSAGE][PASSED] - Text '=syNtqydGK' is set on object 'Object Repository/AdminSuiteBootstrap_Pages/UM_Bootstrap/AddUser/input_Username'

2024-07-12 18:55:13 - [TEST_STEP][PASSED] - setText(findTestObject(path_AddUser + "input_FirstName"), "Ashley"): Text 'Ashley' is set on object 'Object Repository/AdminSuiteBootstrap_Pages/UM_Bootstrap/AddUser/input_FirstName'

2024-07-12 18:55:14 - [MESSAGE][PASSED] - Text 'Ashley' is set on object 'Object Repository/AdminSuiteBootstrap_Pages/UM_Bootstrap/AddUser/input_FirstName'

2024-07-12 18:55:14 - [TEST_STEP][PASSED] - setText(findTestObject(path_AddUser + "input_LastName"), "Luka"): Text 'Luka' is set on object 'Object Repository/AdminSuiteBootstrap_Pages/UM_Bootstrap/AddUser/input_LastName'

2024-07-12 18:55:14 - [MESSAGE][PASSED] - Text 'Luka' is set on object 'Object Repository/AdminSuiteBootstrap_Pages/UM_Bootstrap/AddUser/input_LastName'

2024-07-12 18:55:14 - [TEST_STEP][PASSED] - setText(findTestObject(path_AddUser + "input_Password"), "Hello@6666666"): Text 'Hello@6666666' is set on object 'Object Repository/AdminSuiteBootstrap_Pages/UM_Bootstrap/AddUser/input_Password'

2024-07-12 18:55:15 - [MESSAGE][PASSED] - Text 'Hello@6666666' is set on object 'Object Repository/AdminSuiteBootstrap_Pages/UM_Bootstrap/AddUser/input_Password'

2024-07-12 18:55:15 - [TEST_STEP][PASSED] - setText(findTestObject(path_AddUser + "input_ConfirmPassword"), "Hello@6666666"): Text 'Hello@6666666' is set on object 'Object Repository/AdminSuiteBootstrap_Pages/UM_Bootstrap/AddUser/input_ConfirmPassword'

2024-07-12 18:55:16 - [MESSAGE][PASSED] - Text 'Hello@6666666' is set on object 'Object Repository/AdminSuiteBootstrap_Pages/UM_Bootstrap/AddUser/input_ConfirmPassword'

2024-07-12 18:55:16 - [TEST_STEP][PASSED] - check(findTestObject(path_AddUser + "input_No_lock")): Object 'Object Repository/AdminSuiteBootstrap_Pages/UM_Bootstrap/AddUser/input_No_lock' is checked

2024-07-12 18:55:16 - [MESSAGE][PASSED] - Object 'Object Repository/AdminSuiteBootstrap_Pages/UM_Bootstrap/AddUser/input_No_lock' is checked

2024-07-12 18:55:16 - [TEST_STEP][PASSED] - click(findTestObject(path_AddUser + "button_Create")): Object: 'Object Repository/AdminSuiteBootstrap_Pages/UM_Bootstrap/AddUser/button_Create' is clicked on

2024-07-12 18:55:17 - [MESSAGE][PASSED] - Object: 'Object Repository/AdminSuiteBootstrap_Pages/UM_Bootstrap/AddUser/button_Create' is clicked on

2024-07-12 18:55:17 - [TEST_STEP][PASSED] - if (verifyTextPresent("Error! Please provide the following required information as indicated below", true)): null

2024-07-12 18:55:18 - [MESSAGE][PASSED] - Text 'Error! Please provide the following required information as indicated below' is present on page  using regular expression

2024-07-12 18:55:18 - [TEST_STEP][PASSED] - verifyTextPresent("Username may only be comprised of alphanumeric characters, the underscore "_" character and period "."", true): Text 'Username may only be comprised of alphanumeric characters, the underscore "_" character and period "."' is present on page  using regular expression

2024-07-12 18:55:18 - [MESSAGE][PASSED] - Text 'Username may only be comprised of alphanumeric characters, the underscore "_" character and period "."' is present on page  using regular expression

2024-07-12 18:55:18 - [TEST_STEP][PASSED] - markPassed("Error Message is correct"): Error Message is correct

2024-07-12 18:55:18 - [MESSAGE][PASSED] - Error Message is correct

2024-07-12 18:55:18 - [TEST_STEP][PASSED] - resText = "Pass": null

2024-07-12 18:55:18 - [TEST_STEP][PASSED] - pages.WriteExcel.demoKey(resText, datText, resColumn, datCloumn, fileLoc, nameSheet, row): pages.WriteExcel.demoKey is PASSED

2024-07-12 18:55:19 - [MESSAGE][PASSED] - pages.WriteExcel.demoKey is PASSED

2024-07-12 18:55:19 - [TEST_STEP][PASSED] - ExecuteTC = findTestData(dataFile).getValue("Execute", row): null

2024-07-12 18:55:19 - [TEST_STEP][PASSED] - out.println("Value of Execute is : " + ExecuteTC): null

2024-07-12 18:55:19 - [TEST_STEP][PASSED] - if (ExecuteTC.equalsIgnoreCase("Y")): null

2024-07-12 18:55:19 - [TEST_STEP][PASSED] - out.println("Begin Record Number: " + row): null

2024-07-12 18:55:19 - [TEST_STEP][PASSED] - today = new java.util.Date(): null

2024-07-12 18:55:19 - [TEST_STEP][PASSED] - println(today): null

2024-07-12 18:55:19 - [TEST_STEP][PASSED] - datText = today: null

2024-07-12 18:55:19 - [TEST_STEP][PASSED] - adminSuiteBootstrap.loginFunctionality.login_AdminSuite(): adminSuiteBootstrap.loginFunctionality.login_AdminSuite is PASSED

2024-07-12 18:55:19 - [MESSAGE][WARNING] - A browser is already opened. Closing browser and opening a new one

2024-07-12 18:55:20 - [MESSAGE][INFO] - Starting 'Chrome' driver

2024-07-12 18:55:20 - [MESSAGE][INFO] - User set preference: ['acceptInsecureCerts', 'true']

2024-07-12 18:55:20 - [MESSAGE][INFO] - Action delay is set to 0 milliseconds

2024-07-12 18:55:22 - [MESSAGE][PASSED] - Browser is opened with url: 'https://qa2.velocitypayment.com/admin/imtiaz'

2024-07-12 18:55:23 - [MESSAGE][PASSED] - Current window maximized

2024-07-12 18:55:23 - [MESSAGE][PASSED] - Object 'Object Repository/Login_Page/Login_Username_Okta' is present

2024-07-12 18:55:24 - [MESSAGE][PASSED] - Text 'iahmed' is set on object 'Object Repository/Login_Page/Login_Username_Okta'

2024-07-12 18:55:25 - [MESSAGE][PASSED] - Text 'Hello!6666666' is set on object 'Object Repository/Login_Page/Login_Password_Okta'

2024-07-12 18:55:25 - [MESSAGE][PASSED] - Object: 'Object Repository/Login_Page/Login_Submit_Okta' is clicked on

2024-07-12 18:55:25 - [MESSAGE][PASSED] - adminSuiteBootstrap.loginFunctionality.login_AdminSuite is PASSED

2024-07-12 18:55:25 - [TEST_STEP][PASSED] - click(findTestObject(path_Dashboard + "a_Access User Management")): Object: 'Object Repository/AdminSuiteBootstrap_Pages/Dashboard_Bootstrap/a_Access User Management' is clicked on

2024-07-12 18:55:34 - [MESSAGE][PASSED] - Object: 'Object Repository/AdminSuiteBootstrap_Pages/Dashboard_Bootstrap/a_Access User Management' is clicked on

2024-07-12 18:55:34 - [TEST_STEP][PASSED] - click(findTestObject(path_Users + "a_Add User")): Object: 'Object Repository/AdminSuiteBootstrap_Pages/UM_Bootstrap/Users/a_Add User' is clicked on

2024-07-12 18:55:35 - [MESSAGE][PASSED] - Object: 'Object Repository/AdminSuiteBootstrap_Pages/UM_Bootstrap/Users/a_Add User' is clicked on

2024-07-12 18:55:35 - [TEST_STEP][PASSED] - buildUsername = pages.GenerateRandom.getRandomAlpha(): pages.GenerateRandom.getRandomAlpha is PASSED

2024-07-12 18:55:35 - [MESSAGE][PASSED] - pages.GenerateRandom.getRandomAlpha is PASSED

2024-07-12 18:55:35 - [TEST_STEP][PASSED] - prefixUsername = findTestData(dataFile).getValue("Username", row): null

2024-07-12 18:55:35 - [TEST_STEP][PASSED] - prefixOrMiddle = findTestData(dataFile).getValue("Prefix", row): null

2024-07-12 18:55:35 - [TEST_STEP][PASSED] - if (prefixOrMiddle.equalsIgnoreCase("Y")): null

2024-07-12 18:55:35 - [TEST_STEP][PASSED] - spUsername = prefixUsername + buildUsername: null

2024-07-12 18:55:35 - [TEST_STEP][PASSED] - setText(findTestObject(path_AddUser + "input_EmailAddress"), "iahmed@govolution.com"): Text 'iahmed@govolution.com' is set on object 'Object Repository/AdminSuiteBootstrap_Pages/UM_Bootstrap/AddUser/input_EmailAddress'

2024-07-12 18:55:36 - [MESSAGE][PASSED] - Text 'iahmed@govolution.com' is set on object 'Object Repository/AdminSuiteBootstrap_Pages/UM_Bootstrap/AddUser/input_EmailAddress'

2024-07-12 18:55:36 - [TEST_STEP][PASSED] - setText(findTestObject(path_AddUser + "input_Username"), spUsername): Text '-rLqcQvnBn' is set on object 'Object Repository/AdminSuiteBootstrap_Pages/UM_Bootstrap/AddUser/input_Username'

2024-07-12 18:55:36 - [MESSAGE][PASSED] - Text '-rLqcQvnBn' is set on object 'Object Repository/AdminSuiteBootstrap_Pages/UM_Bootstrap/AddUser/input_Username'

2024-07-12 18:55:36 - [TEST_STEP][PASSED] - setText(findTestObject(path_AddUser + "input_FirstName"), "Ashley"): Text 'Ashley' is set on object 'Object Repository/AdminSuiteBootstrap_Pages/UM_Bootstrap/AddUser/input_FirstName'

2024-07-12 18:55:37 - [MESSAGE][PASSED] - Text 'Ashley' is set on object 'Object Repository/AdminSuiteBootstrap_Pages/UM_Bootstrap/AddUser/input_FirstName'

2024-07-12 18:55:37 - [TEST_STEP][PASSED] - setText(findTestObject(path_AddUser + "input_LastName"), "Luka"): Text 'Luka' is set on object 'Object Repository/AdminSuiteBootstrap_Pages/UM_Bootstrap/AddUser/input_LastName'

2024-07-12 18:55:38 - [MESSAGE][PASSED] - Text 'Luka' is set on object 'Object Repository/AdminSuiteBootstrap_Pages/UM_Bootstrap/AddUser/input_LastName'

2024-07-12 18:55:38 - [TEST_STEP][PASSED] - setText(findTestObject(path_AddUser + "input_Password"), "Hello@6666666"): Text 'Hello@6666666' is set on object 'Object Repository/AdminSuiteBootstrap_Pages/UM_Bootstrap/AddUser/input_Password'

2024-07-12 18:55:38 - [MESSAGE][PASSED] - Text 'Hello@6666666' is set on object 'Object Repository/AdminSuiteBootstrap_Pages/UM_Bootstrap/AddUser/input_Password'

2024-07-12 18:55:38 - [TEST_STEP][PASSED] - setText(findTestObject(path_AddUser + "input_ConfirmPassword"), "Hello@6666666"): Text 'Hello@6666666' is set on object 'Object Repository/AdminSuiteBootstrap_Pages/UM_Bootstrap/AddUser/input_ConfirmPassword'

2024-07-12 18:55:39 - [MESSAGE][PASSED] - Text 'Hello@6666666' is set on object 'Object Repository/AdminSuiteBootstrap_Pages/UM_Bootstrap/AddUser/input_ConfirmPassword'

2024-07-12 18:55:39 - [TEST_STEP][PASSED] - check(findTestObject(path_AddUser + "input_No_lock")): Object 'Object Repository/AdminSuiteBootstrap_Pages/UM_Bootstrap/AddUser/input_No_lock' is checked

2024-07-12 18:55:40 - [MESSAGE][PASSED] - Object 'Object Repository/AdminSuiteBootstrap_Pages/UM_Bootstrap/AddUser/input_No_lock' is checked

2024-07-12 18:55:40 - [TEST_STEP][PASSED] - click(findTestObject(path_AddUser + "button_Create")): Object: 'Object Repository/AdminSuiteBootstrap_Pages/UM_Bootstrap/AddUser/button_Create' is clicked on

2024-07-12 18:55:41 - [MESSAGE][PASSED] - Object: 'Object Repository/AdminSuiteBootstrap_Pages/UM_Bootstrap/AddUser/button_Create' is clicked on

2024-07-12 18:55:41 - [TEST_STEP][PASSED] - if (verifyTextPresent("Error! Please provide the following required information as indicated below", true)): null

2024-07-12 18:55:41 - [MESSAGE][PASSED] - Text 'Error! Please provide the following required information as indicated below' is present on page  using regular expression

2024-07-12 18:55:41 - [TEST_STEP][PASSED] - verifyTextPresent("Username may only be comprised of alphanumeric characters, the underscore "_" character and period "."", true): Text 'Username may only be comprised of alphanumeric characters, the underscore "_" character and period "."' is present on page  using regular expression

2024-07-12 18:55:41 - [MESSAGE][PASSED] - Text 'Username may only be comprised of alphanumeric characters, the underscore "_" character and period "."' is present on page  using regular expression

2024-07-12 18:55:41 - [TEST_STEP][PASSED] - markPassed("Error Message is correct"): Error Message is correct

2024-07-12 18:55:41 - [MESSAGE][PASSED] - Error Message is correct

2024-07-12 18:55:41 - [TEST_STEP][PASSED] - resText = "Pass": null

2024-07-12 18:55:41 - [TEST_STEP][PASSED] - pages.WriteExcel.demoKey(resText, datText, resColumn, datCloumn, fileLoc, nameSheet, row): pages.WriteExcel.demoKey is PASSED

2024-07-12 18:55:42 - [MESSAGE][PASSED] - pages.WriteExcel.demoKey is PASSED

2024-07-12 18:55:42 - [TEST_STEP][PASSED] - ExecuteTC = findTestData(dataFile).getValue("Execute", row): null

2024-07-12 18:55:42 - [TEST_STEP][PASSED] - out.println("Value of Execute is : " + ExecuteTC): null

2024-07-12 18:55:42 - [TEST_STEP][PASSED] - if (ExecuteTC.equalsIgnoreCase("Y")): null

2024-07-12 18:55:42 - [TEST_STEP][PASSED] - out.println("Begin Record Number: " + row): null

2024-07-12 18:55:42 - [TEST_STEP][PASSED] - today = new java.util.Date(): null

2024-07-12 18:55:42 - [TEST_STEP][PASSED] - println(today): null

2024-07-12 18:55:42 - [TEST_STEP][PASSED] - datText = today: null

2024-07-12 18:55:42 - [TEST_STEP][PASSED] - adminSuiteBootstrap.loginFunctionality.login_AdminSuite(): adminSuiteBootstrap.loginFunctionality.login_AdminSuite is PASSED

2024-07-12 18:55:42 - [MESSAGE][WARNING] - A browser is already opened. Closing browser and opening a new one

2024-07-12 18:55:43 - [MESSAGE][INFO] - Starting 'Chrome' driver

2024-07-12 18:55:43 - [MESSAGE][INFO] - User set preference: ['acceptInsecureCerts', 'true']

2024-07-12 18:55:43 - [MESSAGE][INFO] - Action delay is set to 0 milliseconds

2024-07-12 18:55:45 - [MESSAGE][PASSED] - Browser is opened with url: 'https://qa2.velocitypayment.com/admin/imtiaz'

2024-07-12 18:55:46 - [MESSAGE][PASSED] - Current window maximized

2024-07-12 18:55:46 - [MESSAGE][PASSED] - Object 'Object Repository/Login_Page/Login_Username_Okta' is present

2024-07-12 18:55:47 - [MESSAGE][PASSED] - Text 'iahmed' is set on object 'Object Repository/Login_Page/Login_Username_Okta'

2024-07-12 18:55:48 - [MESSAGE][PASSED] - Text 'Hello!6666666' is set on object 'Object Repository/Login_Page/Login_Password_Okta'

2024-07-12 18:55:48 - [MESSAGE][PASSED] - Object: 'Object Repository/Login_Page/Login_Submit_Okta' is clicked on

2024-07-12 18:55:48 - [MESSAGE][PASSED] - adminSuiteBootstrap.loginFunctionality.login_AdminSuite is PASSED

2024-07-12 18:55:48 - [TEST_STEP][PASSED] - click(findTestObject(path_Dashboard + "a_Access User Management")): Object: 'Object Repository/AdminSuiteBootstrap_Pages/Dashboard_Bootstrap/a_Access User Management' is clicked on

2024-07-12 18:55:56 - [MESSAGE][PASSED] - Object: 'Object Repository/AdminSuiteBootstrap_Pages/Dashboard_Bootstrap/a_Access User Management' is clicked on

2024-07-12 18:55:56 - [TEST_STEP][PASSED] - click(findTestObject(path_Users + "a_Add User")): Object: 'Object Repository/AdminSuiteBootstrap_Pages/UM_Bootstrap/Users/a_Add User' is clicked on

2024-07-12 18:55:57 - [MESSAGE][PASSED] - Object: 'Object Repository/AdminSuiteBootstrap_Pages/UM_Bootstrap/Users/a_Add User' is clicked on

2024-07-12 18:55:57 - [TEST_STEP][PASSED] - buildUsername = pages.GenerateRandom.getRandomAlpha(): pages.GenerateRandom.getRandomAlpha is PASSED

2024-07-12 18:55:57 - [MESSAGE][PASSED] - pages.GenerateRandom.getRandomAlpha is PASSED

2024-07-12 18:55:57 - [TEST_STEP][PASSED] - prefixUsername = findTestData(dataFile).getValue("Username", row): null

2024-07-12 18:55:57 - [TEST_STEP][PASSED] - prefixOrMiddle = findTestData(dataFile).getValue("Prefix", row): null

2024-07-12 18:55:57 - [TEST_STEP][PASSED] - if (prefixOrMiddle.equalsIgnoreCase("Y")): null

2024-07-12 18:55:57 - [TEST_STEP][PASSED] - spUsername = prefixUsername + buildUsername: null

2024-07-12 18:55:57 - [TEST_STEP][PASSED] - setText(findTestObject(path_AddUser + "input_EmailAddress"), "iahmed@govolution.com"): Text 'iahmed@govolution.com' is set on object 'Object Repository/AdminSuiteBootstrap_Pages/UM_Bootstrap/AddUser/input_EmailAddress'

2024-07-12 18:55:58 - [MESSAGE][PASSED] - Text 'iahmed@govolution.com' is set on object 'Object Repository/AdminSuiteBootstrap_Pages/UM_Bootstrap/AddUser/input_EmailAddress'

2024-07-12 18:55:58 - [TEST_STEP][PASSED] - setText(findTestObject(path_AddUser + "input_Username"), spUsername): Text '+xQNJYofvg' is set on object 'Object Repository/AdminSuiteBootstrap_Pages/UM_Bootstrap/AddUser/input_Username'

2024-07-12 18:55:59 - [MESSAGE][PASSED] - Text '+xQNJYofvg' is set on object 'Object Repository/AdminSuiteBootstrap_Pages/UM_Bootstrap/AddUser/input_Username'

2024-07-12 18:55:59 - [TEST_STEP][PASSED] - setText(findTestObject(path_AddUser + "input_FirstName"), "Ashley"): Text 'Ashley' is set on object 'Object Repository/AdminSuiteBootstrap_Pages/UM_Bootstrap/AddUser/input_FirstName'

2024-07-12 18:55:59 - [MESSAGE][PASSED] - Text 'Ashley' is set on object 'Object Repository/AdminSuiteBootstrap_Pages/UM_Bootstrap/AddUser/input_FirstName'

2024-07-12 18:55:59 - [TEST_STEP][PASSED] - setText(findTestObject(path_AddUser + "input_LastName"), "Luka"): Text 'Luka' is set on object 'Object Repository/AdminSuiteBootstrap_Pages/UM_Bootstrap/AddUser/input_LastName'

2024-07-12 18:56:00 - [MESSAGE][PASSED] - Text 'Luka' is set on object 'Object Repository/AdminSuiteBootstrap_Pages/UM_Bootstrap/AddUser/input_LastName'

2024-07-12 18:56:00 - [TEST_STEP][PASSED] - setText(findTestObject(path_AddUser + "input_Password"), "Hello@6666666"): Text 'Hello@6666666' is set on object 'Object Repository/AdminSuiteBootstrap_Pages/UM_Bootstrap/AddUser/input_Password'

2024-07-12 18:56:01 - [MESSAGE][PASSED] - Text 'Hello@6666666' is set on object 'Object Repository/AdminSuiteBootstrap_Pages/UM_Bootstrap/AddUser/input_Password'

2024-07-12 18:56:01 - [TEST_STEP][PASSED] - setText(findTestObject(path_AddUser + "input_ConfirmPassword"), "Hello@6666666"): Text 'Hello@6666666' is set on object 'Object Repository/AdminSuiteBootstrap_Pages/UM_Bootstrap/AddUser/input_ConfirmPassword'

2024-07-12 18:56:02 - [MESSAGE][PASSED] - Text 'Hello@6666666' is set on object 'Object Repository/AdminSuiteBootstrap_Pages/UM_Bootstrap/AddUser/input_ConfirmPassword'

2024-07-12 18:56:02 - [TEST_STEP][PASSED] - check(findTestObject(path_AddUser + "input_No_lock")): Object 'Object Repository/AdminSuiteBootstrap_Pages/UM_Bootstrap/AddUser/input_No_lock' is checked

2024-07-12 18:56:02 - [MESSAGE][PASSED] - Object 'Object Repository/AdminSuiteBootstrap_Pages/UM_Bootstrap/AddUser/input_No_lock' is checked

2024-07-12 18:56:02 - [TEST_STEP][PASSED] - click(findTestObject(path_AddUser + "button_Create")): Object: 'Object Repository/AdminSuiteBootstrap_Pages/UM_Bootstrap/AddUser/button_Create' is clicked on

2024-07-12 18:56:03 - [MESSAGE][PASSED] - Object: 'Object Repository/AdminSuiteBootstrap_Pages/UM_Bootstrap/AddUser/button_Create' is clicked on

2024-07-12 18:56:03 - [TEST_STEP][PASSED] - if (verifyTextPresent("Error! Please provide the following required information as indicated below", true)): null

2024-07-12 18:56:03 - [MESSAGE][PASSED] - Text 'Error! Please provide the following required information as indicated below' is present on page  using regular expression

2024-07-12 18:56:03 - [TEST_STEP][PASSED] - verifyTextPresent("Username may only be comprised of alphanumeric characters, the underscore "_" character and period "."", true): Text 'Username may only be comprised of alphanumeric characters, the underscore "_" character and period "."' is present on page  using regular expression

2024-07-12 18:56:04 - [MESSAGE][PASSED] - Text 'Username may only be comprised of alphanumeric characters, the underscore "_" character and period "."' is present on page  using regular expression

2024-07-12 18:56:04 - [TEST_STEP][PASSED] - markPassed("Error Message is correct"): Error Message is correct

2024-07-12 18:56:04 - [MESSAGE][PASSED] - Error Message is correct

2024-07-12 18:56:04 - [TEST_STEP][PASSED] - resText = "Pass": null

2024-07-12 18:56:04 - [TEST_STEP][PASSED] - pages.WriteExcel.demoKey(resText, datText, resColumn, datCloumn, fileLoc, nameSheet, row): pages.WriteExcel.demoKey is PASSED

2024-07-12 18:56:04 - [MESSAGE][PASSED] - pages.WriteExcel.demoKey is PASSED

2024-07-12 18:56:04 - [TEST_STEP][PASSED] - ExecuteTC = findTestData(dataFile).getValue("Execute", row): null

2024-07-12 18:56:04 - [TEST_STEP][PASSED] - out.println("Value of Execute is : " + ExecuteTC): null

2024-07-12 18:56:04 - [TEST_STEP][PASSED] - if (ExecuteTC.equalsIgnoreCase("Y")): null

2024-07-12 18:56:04 - [TEST_STEP][PASSED] - out.println("Begin Record Number: " + row): null

2024-07-12 18:56:04 - [TEST_STEP][PASSED] - today = new java.util.Date(): null

2024-07-12 18:56:04 - [TEST_STEP][PASSED] - println(today): null

2024-07-12 18:56:04 - [TEST_STEP][PASSED] - datText = today: null

2024-07-12 18:56:04 - [TEST_STEP][PASSED] - adminSuiteBootstrap.loginFunctionality.login_AdminSuite(): adminSuiteBootstrap.loginFunctionality.login_AdminSuite is PASSED

2024-07-12 18:56:04 - [MESSAGE][WARNING] - A browser is already opened. Closing browser and opening a new one

2024-07-12 18:56:05 - [MESSAGE][INFO] - Starting 'Chrome' driver

2024-07-12 18:56:05 - [MESSAGE][INFO] - User set preference: ['acceptInsecureCerts', 'true']

2024-07-12 18:56:05 - [MESSAGE][INFO] - Action delay is set to 0 milliseconds

2024-07-12 18:56:09 - [MESSAGE][PASSED] - Browser is opened with url: 'https://qa2.velocitypayment.com/admin/imtiaz'

2024-07-12 18:56:09 - [MESSAGE][PASSED] - Current window maximized

2024-07-12 18:56:09 - [MESSAGE][PASSED] - Object 'Object Repository/Login_Page/Login_Username_Okta' is present

2024-07-12 18:56:10 - [MESSAGE][PASSED] - Text 'iahmed' is set on object 'Object Repository/Login_Page/Login_Username_Okta'

2024-07-12 18:56:11 - [MESSAGE][PASSED] - Text 'Hello!6666666' is set on object 'Object Repository/Login_Page/Login_Password_Okta'

2024-07-12 18:56:11 - [MESSAGE][PASSED] - Object: 'Object Repository/Login_Page/Login_Submit_Okta' is clicked on

2024-07-12 18:56:11 - [MESSAGE][PASSED] - adminSuiteBootstrap.loginFunctionality.login_AdminSuite is PASSED

2024-07-12 18:56:11 - [TEST_STEP][PASSED] - click(findTestObject(path_Dashboard + "a_Access User Management")): Object: 'Object Repository/AdminSuiteBootstrap_Pages/Dashboard_Bootstrap/a_Access User Management' is clicked on

2024-07-12 18:56:20 - [MESSAGE][PASSED] - Object: 'Object Repository/AdminSuiteBootstrap_Pages/Dashboard_Bootstrap/a_Access User Management' is clicked on

2024-07-12 18:56:20 - [TEST_STEP][PASSED] - click(findTestObject(path_Users + "a_Add User")): Object: 'Object Repository/AdminSuiteBootstrap_Pages/UM_Bootstrap/Users/a_Add User' is clicked on

2024-07-12 18:56:20 - [MESSAGE][PASSED] - Object: 'Object Repository/AdminSuiteBootstrap_Pages/UM_Bootstrap/Users/a_Add User' is clicked on

2024-07-12 18:56:20 - [TEST_STEP][PASSED] - buildUsername = pages.GenerateRandom.getRandomAlpha(): pages.GenerateRandom.getRandomAlpha is PASSED

2024-07-12 18:56:20 - [MESSAGE][PASSED] - pages.GenerateRandom.getRandomAlpha is PASSED

2024-07-12 18:56:20 - [TEST_STEP][PASSED] - prefixUsername = findTestData(dataFile).getValue("Username", row): null

2024-07-12 18:56:20 - [TEST_STEP][PASSED] - prefixOrMiddle = findTestData(dataFile).getValue("Prefix", row): null

2024-07-12 18:56:20 - [TEST_STEP][PASSED] - if (prefixOrMiddle.equalsIgnoreCase("Y")): null

2024-07-12 18:56:20 - [TEST_STEP][PASSED] - else if (prefixOrMiddle.equalsIgnoreCase("N")): null

2024-07-12 18:56:20 - [TEST_STEP][PASSED] - spUsername = buildUsername + prefixUsername + buildUsername: null

2024-07-12 18:56:20 - [TEST_STEP][PASSED] - setText(findTestObject(path_AddUser + "input_EmailAddress"), "iahmed@govolution.com"): Text 'iahmed@govolution.com' is set on object 'Object Repository/AdminSuiteBootstrap_Pages/UM_Bootstrap/AddUser/input_EmailAddress'

2024-07-12 18:56:21 - [MESSAGE][PASSED] - Text 'iahmed@govolution.com' is set on object 'Object Repository/AdminSuiteBootstrap_Pages/UM_Bootstrap/AddUser/input_EmailAddress'

2024-07-12 18:56:21 - [TEST_STEP][PASSED] - setText(findTestObject(path_AddUser + "input_Username"), spUsername): Text 'PDanNhHha=PDanNhHha' is set on object 'Object Repository/AdminSuiteBootstrap_Pages/UM_Bootstrap/AddUser/input_Username'

2024-07-12 18:56:22 - [MESSAGE][PASSED] - Text 'PDanNhHha=PDanNhHha' is set on object 'Object Repository/AdminSuiteBootstrap_Pages/UM_Bootstrap/AddUser/input_Username'

2024-07-12 18:56:22 - [TEST_STEP][PASSED] - setText(findTestObject(path_AddUser + "input_FirstName"), "Ashley"): Text 'Ashley' is set on object 'Object Repository/AdminSuiteBootstrap_Pages/UM_Bootstrap/AddUser/input_FirstName'

2024-07-12 18:56:23 - [MESSAGE][PASSED] - Text 'Ashley' is set on object 'Object Repository/AdminSuiteBootstrap_Pages/UM_Bootstrap/AddUser/input_FirstName'

2024-07-12 18:56:23 - [TEST_STEP][PASSED] - setText(findTestObject(path_AddUser + "input_LastName"), "Luka"): Text 'Luka' is set on object 'Object Repository/AdminSuiteBootstrap_Pages/UM_Bootstrap/AddUser/input_LastName'

2024-07-12 18:56:23 - [MESSAGE][PASSED] - Text 'Luka' is set on object 'Object Repository/AdminSuiteBootstrap_Pages/UM_Bootstrap/AddUser/input_LastName'

2024-07-12 18:56:23 - [TEST_STEP][PASSED] - setText(findTestObject(path_AddUser + "input_Password"), "Hello@6666666"): Text 'Hello@6666666' is set on object 'Object Repository/AdminSuiteBootstrap_Pages/UM_Bootstrap/AddUser/input_Password'

2024-07-12 18:56:24 - [MESSAGE][PASSED] - Text 'Hello@6666666' is set on object 'Object Repository/AdminSuiteBootstrap_Pages/UM_Bootstrap/AddUser/input_Password'

2024-07-12 18:56:24 - [TEST_STEP][PASSED] - setText(findTestObject(path_AddUser + "input_ConfirmPassword"), "Hello@6666666"): Text 'Hello@6666666' is set on object 'Object Repository/AdminSuiteBootstrap_Pages/UM_Bootstrap/AddUser/input_ConfirmPassword'

2024-07-12 18:56:25 - [MESSAGE][PASSED] - Text 'Hello@6666666' is set on object 'Object Repository/AdminSuiteBootstrap_Pages/UM_Bootstrap/AddUser/input_ConfirmPassword'

2024-07-12 18:56:25 - [TEST_STEP][PASSED] - check(findTestObject(path_AddUser + "input_No_lock")): Object 'Object Repository/AdminSuiteBootstrap_Pages/UM_Bootstrap/AddUser/input_No_lock' is checked

2024-07-12 18:56:25 - [MESSAGE][PASSED] - Object 'Object Repository/AdminSuiteBootstrap_Pages/UM_Bootstrap/AddUser/input_No_lock' is checked

2024-07-12 18:56:25 - [TEST_STEP][PASSED] - click(findTestObject(path_AddUser + "button_Create")): Object: 'Object Repository/AdminSuiteBootstrap_Pages/UM_Bootstrap/AddUser/button_Create' is clicked on

2024-07-12 18:56:26 - [MESSAGE][PASSED] - Object: 'Object Repository/AdminSuiteBootstrap_Pages/UM_Bootstrap/AddUser/button_Create' is clicked on

2024-07-12 18:56:26 - [TEST_STEP][PASSED] - if (verifyTextPresent("Error! Please provide the following required information as indicated below", true)): null

2024-07-12 18:56:27 - [MESSAGE][PASSED] - Text 'Error! Please provide the following required information as indicated below' is present on page  using regular expression

2024-07-12 18:56:27 - [TEST_STEP][PASSED] - verifyTextPresent("Username may only be comprised of alphanumeric characters, the underscore "_" character and period "."", true): Text 'Username may only be comprised of alphanumeric characters, the underscore "_" character and period "."' is present on page  using regular expression

2024-07-12 18:56:27 - [MESSAGE][PASSED] - Text 'Username may only be comprised of alphanumeric characters, the underscore "_" character and period "."' is present on page  using regular expression

2024-07-12 18:56:27 - [TEST_STEP][PASSED] - markPassed("Error Message is correct"): Error Message is correct

2024-07-12 18:56:27 - [MESSAGE][PASSED] - Error Message is correct

2024-07-12 18:56:27 - [TEST_STEP][PASSED] - resText = "Pass": null

2024-07-12 18:56:27 - [TEST_STEP][PASSED] - pages.WriteExcel.demoKey(resText, datText, resColumn, datCloumn, fileLoc, nameSheet, row): pages.WriteExcel.demoKey is PASSED

2024-07-12 18:56:27 - [MESSAGE][PASSED] - pages.WriteExcel.demoKey is PASSED

2024-07-12 18:56:27 - [TEST_STEP][PASSED] - ExecuteTC = findTestData(dataFile).getValue("Execute", row): null

2024-07-12 18:56:27 - [TEST_STEP][PASSED] - out.println("Value of Execute is : " + ExecuteTC): null

2024-07-12 18:56:27 - [TEST_STEP][PASSED] - if (ExecuteTC.equalsIgnoreCase("Y")): null

2024-07-12 18:56:27 - [TEST_STEP][PASSED] - out.println("Begin Record Number: " + row): null

2024-07-12 18:56:27 - [TEST_STEP][PASSED] - today = new java.util.Date(): null

2024-07-12 18:56:27 - [TEST_STEP][PASSED] - println(today): null

2024-07-12 18:56:27 - [TEST_STEP][PASSED] - datText = today: null

2024-07-12 18:56:27 - [TEST_STEP][PASSED] - adminSuiteBootstrap.loginFunctionality.login_AdminSuite(): adminSuiteBootstrap.loginFunctionality.login_AdminSuite is PASSED

2024-07-12 18:56:27 - [MESSAGE][WARNING] - A browser is already opened. Closing browser and opening a new one

2024-07-12 18:56:29 - [MESSAGE][INFO] - Starting 'Chrome' driver

2024-07-12 18:56:29 - [MESSAGE][INFO] - User set preference: ['acceptInsecureCerts', 'true']

2024-07-12 18:56:29 - [MESSAGE][INFO] - Action delay is set to 0 milliseconds

2024-07-12 18:56:30 - [MESSAGE][PASSED] - Browser is opened with url: 'https://qa2.velocitypayment.com/admin/imtiaz'

2024-07-12 18:56:31 - [MESSAGE][PASSED] - Current window maximized

2024-07-12 18:56:32 - [MESSAGE][PASSED] - Object 'Object Repository/Login_Page/Login_Username_Okta' is present

2024-07-12 18:56:33 - [MESSAGE][PASSED] - Text 'iahmed' is set on object 'Object Repository/Login_Page/Login_Username_Okta'

2024-07-12 18:56:33 - [MESSAGE][PASSED] - Text 'Hello!6666666' is set on object 'Object Repository/Login_Page/Login_Password_Okta'

2024-07-12 18:56:34 - [MESSAGE][PASSED] - Object: 'Object Repository/Login_Page/Login_Submit_Okta' is clicked on

2024-07-12 18:56:34 - [MESSAGE][PASSED] - adminSuiteBootstrap.loginFunctionality.login_AdminSuite is PASSED

2024-07-12 18:56:34 - [TEST_STEP][PASSED] - click(findTestObject(path_Dashboard + "a_Access User Management")): Object: 'Object Repository/AdminSuiteBootstrap_Pages/Dashboard_Bootstrap/a_Access User Management' is clicked on

2024-07-12 18:56:42 - [MESSAGE][PASSED] - Object: 'Object Repository/AdminSuiteBootstrap_Pages/Dashboard_Bootstrap/a_Access User Management' is clicked on

2024-07-12 18:56:42 - [TEST_STEP][PASSED] - click(findTestObject(path_Users + "a_Add User")): Object: 'Object Repository/AdminSuiteBootstrap_Pages/UM_Bootstrap/Users/a_Add User' is clicked on

2024-07-12 18:56:43 - [MESSAGE][PASSED] - Object: 'Object Repository/AdminSuiteBootstrap_Pages/UM_Bootstrap/Users/a_Add User' is clicked on

2024-07-12 18:56:43 - [TEST_STEP][PASSED] - buildUsername = pages.GenerateRandom.getRandomAlpha(): pages.GenerateRandom.getRandomAlpha is PASSED

2024-07-12 18:56:43 - [MESSAGE][PASSED] - pages.GenerateRandom.getRandomAlpha is PASSED

2024-07-12 18:56:43 - [TEST_STEP][PASSED] - prefixUsername = findTestData(dataFile).getValue("Username", row): null

2024-07-12 18:56:43 - [TEST_STEP][PASSED] - prefixOrMiddle = findTestData(dataFile).getValue("Prefix", row): null

2024-07-12 18:56:43 - [TEST_STEP][PASSED] - if (prefixOrMiddle.equalsIgnoreCase("Y")): null

2024-07-12 18:56:43 - [TEST_STEP][PASSED] - else if (prefixOrMiddle.equalsIgnoreCase("N")): null

2024-07-12 18:56:43 - [TEST_STEP][PASSED] - spUsername = buildUsername + prefixUsername + buildUsername: null

2024-07-12 18:56:43 - [TEST_STEP][PASSED] - setText(findTestObject(path_AddUser + "input_EmailAddress"), "iahmed@govolution.com"): Text 'iahmed@govolution.com' is set on object 'Object Repository/AdminSuiteBootstrap_Pages/UM_Bootstrap/AddUser/input_EmailAddress'

2024-07-12 18:56:44 - [MESSAGE][PASSED] - Text 'iahmed@govolution.com' is set on object 'Object Repository/AdminSuiteBootstrap_Pages/UM_Bootstrap/AddUser/input_EmailAddress'

2024-07-12 18:56:44 - [TEST_STEP][PASSED] - setText(findTestObject(path_AddUser + "input_Username"), spUsername): Text 'gNnKlcZwl-gNnKlcZwl' is set on object 'Object Repository/AdminSuiteBootstrap_Pages/UM_Bootstrap/AddUser/input_Username'

2024-07-12 18:56:45 - [MESSAGE][PASSED] - Text 'gNnKlcZwl-gNnKlcZwl' is set on object 'Object Repository/AdminSuiteBootstrap_Pages/UM_Bootstrap/AddUser/input_Username'

2024-07-12 18:56:45 - [TEST_STEP][PASSED] - setText(findTestObject(path_AddUser + "input_FirstName"), "Ashley"): Text 'Ashley' is set on object 'Object Repository/AdminSuiteBootstrap_Pages/UM_Bootstrap/AddUser/input_FirstName'

2024-07-12 18:56:46 - [MESSAGE][PASSED] - Text 'Ashley' is set on object 'Object Repository/AdminSuiteBootstrap_Pages/UM_Bootstrap/AddUser/input_FirstName'

2024-07-12 18:56:46 - [TEST_STEP][PASSED] - setText(findTestObject(path_AddUser + "input_LastName"), "Luka"): Text 'Luka' is set on object 'Object Repository/AdminSuiteBootstrap_Pages/UM_Bootstrap/AddUser/input_LastName'

2024-07-12 18:56:46 - [MESSAGE][PASSED] - Text 'Luka' is set on object 'Object Repository/AdminSuiteBootstrap_Pages/UM_Bootstrap/AddUser/input_LastName'

2024-07-12 18:56:46 - [TEST_STEP][PASSED] - setText(findTestObject(path_AddUser + "input_Password"), "Hello@6666666"): Text 'Hello@6666666' is set on object 'Object Repository/AdminSuiteBootstrap_Pages/UM_Bootstrap/AddUser/input_Password'

2024-07-12 18:56:47 - [MESSAGE][PASSED] - Text 'Hello@6666666' is set on object 'Object Repository/AdminSuiteBootstrap_Pages/UM_Bootstrap/AddUser/input_Password'

2024-07-12 18:56:47 - [TEST_STEP][PASSED] - setText(findTestObject(path_AddUser + "input_ConfirmPassword"), "Hello@6666666"): Text 'Hello@6666666' is set on object 'Object Repository/AdminSuiteBootstrap_Pages/UM_Bootstrap/AddUser/input_ConfirmPassword'

2024-07-12 18:56:48 - [MESSAGE][PASSED] - Text 'Hello@6666666' is set on object 'Object Repository/AdminSuiteBootstrap_Pages/UM_Bootstrap/AddUser/input_ConfirmPassword'

2024-07-12 18:56:48 - [TEST_STEP][PASSED] - check(findTestObject(path_AddUser + "input_No_lock")): Object 'Object Repository/AdminSuiteBootstrap_Pages/UM_Bootstrap/AddUser/input_No_lock' is checked

2024-07-12 18:56:48 - [MESSAGE][PASSED] - Object 'Object Repository/AdminSuiteBootstrap_Pages/UM_Bootstrap/AddUser/input_No_lock' is checked

2024-07-12 18:56:48 - [TEST_STEP][PASSED] - click(findTestObject(path_AddUser + "button_Create")): Object: 'Object Repository/AdminSuiteBootstrap_Pages/UM_Bootstrap/AddUser/button_Create' is clicked on

2024-07-12 18:56:49 - [MESSAGE][PASSED] - Object: 'Object Repository/AdminSuiteBootstrap_Pages/UM_Bootstrap/AddUser/button_Create' is clicked on

2024-07-12 18:56:49 - [TEST_STEP][PASSED] - if (verifyTextPresent("Error! Please provide the following required information as indicated below", true)): null

2024-07-12 18:56:50 - [MESSAGE][PASSED] - Text 'Error! Please provide the following required information as indicated below' is present on page  using regular expression

2024-07-12 18:56:50 - [TEST_STEP][PASSED] - verifyTextPresent("Username may only be comprised of alphanumeric characters, the underscore "_" character and period "."", true): Text 'Username may only be comprised of alphanumeric characters, the underscore "_" character and period "."' is present on page  using regular expression

2024-07-12 18:56:50 - [MESSAGE][PASSED] - Text 'Username may only be comprised of alphanumeric characters, the underscore "_" character and period "."' is present on page  using regular expression

2024-07-12 18:56:50 - [TEST_STEP][PASSED] - markPassed("Error Message is correct"): Error Message is correct

2024-07-12 18:56:50 - [MESSAGE][PASSED] - Error Message is correct

2024-07-12 18:56:50 - [TEST_STEP][PASSED] - resText = "Pass": null

2024-07-12 18:56:50 - [TEST_STEP][PASSED] - pages.WriteExcel.demoKey(resText, datText, resColumn, datCloumn, fileLoc, nameSheet, row): pages.WriteExcel.demoKey is PASSED

2024-07-12 18:56:50 - [MESSAGE][PASSED] - pages.WriteExcel.demoKey is PASSED

2024-07-12 18:56:50 - [TEST_STEP][PASSED] - ExecuteTC = findTestData(dataFile).getValue("Execute", row): null

2024-07-12 18:56:50 - [TEST_STEP][PASSED] - out.println("Value of Execute is : " + ExecuteTC): null

2024-07-12 18:56:50 - [TEST_STEP][PASSED] - if (ExecuteTC.equalsIgnoreCase("Y")): null

2024-07-12 18:56:50 - [TEST_STEP][PASSED] - out.println("Begin Record Number: " + row): null

2024-07-12 18:56:50 - [TEST_STEP][PASSED] - today = new java.util.Date(): null

2024-07-12 18:56:50 - [TEST_STEP][PASSED] - println(today): null

2024-07-12 18:56:50 - [TEST_STEP][PASSED] - datText = today: null

2024-07-12 18:56:50 - [TEST_STEP][PASSED] - adminSuiteBootstrap.loginFunctionality.login_AdminSuite(): adminSuiteBootstrap.loginFunctionality.login_AdminSuite is PASSED

2024-07-12 18:56:50 - [MESSAGE][WARNING] - A browser is already opened. Closing browser and opening a new one

2024-07-12 18:56:51 - [MESSAGE][INFO] - Starting 'Chrome' driver

2024-07-12 18:56:51 - [MESSAGE][INFO] - User set preference: ['acceptInsecureCerts', 'true']

2024-07-12 18:56:51 - [MESSAGE][INFO] - Action delay is set to 0 milliseconds

2024-07-12 18:56:54 - [MESSAGE][PASSED] - Browser is opened with url: 'https://qa2.velocitypayment.com/admin/imtiaz'

2024-07-12 18:56:54 - [MESSAGE][PASSED] - Current window maximized

2024-07-12 18:56:55 - [MESSAGE][PASSED] - Object 'Object Repository/Login_Page/Login_Username_Okta' is present

2024-07-12 18:56:56 - [MESSAGE][PASSED] - Text 'iahmed' is set on object 'Object Repository/Login_Page/Login_Username_Okta'

2024-07-12 18:56:56 - [MESSAGE][PASSED] - Text 'Hello!6666666' is set on object 'Object Repository/Login_Page/Login_Password_Okta'

2024-07-12 18:56:57 - [MESSAGE][PASSED] - Object: 'Object Repository/Login_Page/Login_Submit_Okta' is clicked on

2024-07-12 18:56:57 - [MESSAGE][PASSED] - adminSuiteBootstrap.loginFunctionality.login_AdminSuite is PASSED

2024-07-12 18:56:57 - [TEST_STEP][PASSED] - click(findTestObject(path_Dashboard + "a_Access User Management")): Object: 'Object Repository/AdminSuiteBootstrap_Pages/Dashboard_Bootstrap/a_Access User Management' is clicked on

2024-07-12 18:57:05 - [MESSAGE][PASSED] - Object: 'Object Repository/AdminSuiteBootstrap_Pages/Dashboard_Bootstrap/a_Access User Management' is clicked on

2024-07-12 18:57:05 - [TEST_STEP][PASSED] - click(findTestObject(path_Users + "a_Add User")): Object: 'Object Repository/AdminSuiteBootstrap_Pages/UM_Bootstrap/Users/a_Add User' is clicked on

2024-07-12 18:57:05 - [MESSAGE][PASSED] - Object: 'Object Repository/AdminSuiteBootstrap_Pages/UM_Bootstrap/Users/a_Add User' is clicked on

2024-07-12 18:57:05 - [TEST_STEP][PASSED] - buildUsername = pages.GenerateRandom.getRandomAlpha(): pages.GenerateRandom.getRandomAlpha is PASSED

2024-07-12 18:57:05 - [MESSAGE][PASSED] - pages.GenerateRandom.getRandomAlpha is PASSED

2024-07-12 18:57:05 - [TEST_STEP][PASSED] - prefixUsername = findTestData(dataFile).getValue("Username", row): null

2024-07-12 18:57:06 - [TEST_STEP][PASSED] - prefixOrMiddle = findTestData(dataFile).getValue("Prefix", row): null

2024-07-12 18:57:06 - [TEST_STEP][PASSED] - if (prefixOrMiddle.equalsIgnoreCase("Y")): null

2024-07-12 18:57:06 - [TEST_STEP][PASSED] - else if (prefixOrMiddle.equalsIgnoreCase("N")): null

2024-07-12 18:57:06 - [TEST_STEP][PASSED] - spUsername = buildUsername + prefixUsername + buildUsername: null

2024-07-12 18:57:06 - [TEST_STEP][PASSED] - setText(findTestObject(path_AddUser + "input_EmailAddress"), "iahmed@govolution.com"): Text 'iahmed@govolution.com' is set on object 'Object Repository/AdminSuiteBootstrap_Pages/UM_Bootstrap/AddUser/input_EmailAddress'

2024-07-12 18:57:06 - [MESSAGE][PASSED] - Text 'iahmed@govolution.com' is set on object 'Object Repository/AdminSuiteBootstrap_Pages/UM_Bootstrap/AddUser/input_EmailAddress'

2024-07-12 18:57:06 - [TEST_STEP][PASSED] - setText(findTestObject(path_AddUser + "input_Username"), spUsername): Text 'RQOvIYTBI+RQOvIYTBI' is set on object 'Object Repository/AdminSuiteBootstrap_Pages/UM_Bootstrap/AddUser/input_Username'

2024-07-12 18:57:07 - [MESSAGE][PASSED] - Text 'RQOvIYTBI+RQOvIYTBI' is set on object 'Object Repository/AdminSuiteBootstrap_Pages/UM_Bootstrap/AddUser/input_Username'

2024-07-12 18:57:07 - [TEST_STEP][PASSED] - setText(findTestObject(path_AddUser + "input_FirstName"), "Ashley"): Text 'Ashley' is set on object 'Object Repository/AdminSuiteBootstrap_Pages/UM_Bootstrap/AddUser/input_FirstName'

2024-07-12 18:57:08 - [MESSAGE][PASSED] - Text 'Ashley' is set on object 'Object Repository/AdminSuiteBootstrap_Pages/UM_Bootstrap/AddUser/input_FirstName'

2024-07-12 18:57:08 - [TEST_STEP][PASSED] - setText(findTestObject(path_AddUser + "input_LastName"), "Luka"): Text 'Luka' is set on object 'Object Repository/AdminSuiteBootstrap_Pages/UM_Bootstrap/AddUser/input_LastName'

2024-07-12 18:57:09 - [MESSAGE][PASSED] - Text 'Luka' is set on object 'Object Repository/AdminSuiteBootstrap_Pages/UM_Bootstrap/AddUser/input_LastName'

2024-07-12 18:57:09 - [TEST_STEP][PASSED] - setText(findTestObject(path_AddUser + "input_Password"), "Hello@6666666"): Text 'Hello@6666666' is set on object 'Object Repository/AdminSuiteBootstrap_Pages/UM_Bootstrap/AddUser/input_Password'

2024-07-12 18:57:09 - [MESSAGE][PASSED] - Text 'Hello@6666666' is set on object 'Object Repository/AdminSuiteBootstrap_Pages/UM_Bootstrap/AddUser/input_Password'

2024-07-12 18:57:09 - [TEST_STEP][PASSED] - setText(findTestObject(path_AddUser + "input_ConfirmPassword"), "Hello@6666666"): Text 'Hello@6666666' is set on object 'Object Repository/AdminSuiteBootstrap_Pages/UM_Bootstrap/AddUser/input_ConfirmPassword'

2024-07-12 18:57:10 - [MESSAGE][PASSED] - Text 'Hello@6666666' is set on object 'Object Repository/AdminSuiteBootstrap_Pages/UM_Bootstrap/AddUser/input_ConfirmPassword'

2024-07-12 18:57:10 - [TEST_STEP][PASSED] - check(findTestObject(path_AddUser + "input_No_lock")): Object 'Object Repository/AdminSuiteBootstrap_Pages/UM_Bootstrap/AddUser/input_No_lock' is checked

2024-07-12 18:57:11 - [MESSAGE][PASSED] - Object 'Object Repository/AdminSuiteBootstrap_Pages/UM_Bootstrap/AddUser/input_No_lock' is checked

2024-07-12 18:57:11 - [TEST_STEP][PASSED] - click(findTestObject(path_AddUser + "button_Create")): Object: 'Object Repository/AdminSuiteBootstrap_Pages/UM_Bootstrap/AddUser/button_Create' is clicked on

2024-07-12 18:57:11 - [MESSAGE][PASSED] - Object: 'Object Repository/AdminSuiteBootstrap_Pages/UM_Bootstrap/AddUser/button_Create' is clicked on

2024-07-12 18:57:11 - [TEST_STEP][PASSED] - if (verifyTextPresent("Error! Please provide the following required information as indicated below", true)): null

2024-07-12 18:57:12 - [MESSAGE][PASSED] - Text 'Error! Please provide the following required information as indicated below' is present on page  using regular expression

2024-07-12 18:57:12 - [TEST_STEP][PASSED] - verifyTextPresent("Username may only be comprised of alphanumeric characters, the underscore "_" character and period "."", true): Text 'Username may only be comprised of alphanumeric characters, the underscore "_" character and period "."' is present on page  using regular expression

2024-07-12 18:57:12 - [MESSAGE][PASSED] - Text 'Username may only be comprised of alphanumeric characters, the underscore "_" character and period "."' is present on page  using regular expression

2024-07-12 18:57:12 - [TEST_STEP][PASSED] - markPassed("Error Message is correct"): Error Message is correct

2024-07-12 18:57:12 - [MESSAGE][PASSED] - Error Message is correct

2024-07-12 18:57:12 - [TEST_STEP][PASSED] - resText = "Pass": null

2024-07-12 18:57:12 - [TEST_STEP][PASSED] - pages.WriteExcel.demoKey(resText, datText, resColumn, datCloumn, fileLoc, nameSheet, row): pages.WriteExcel.demoKey is PASSED

2024-07-12 18:57:12 - [MESSAGE][PASSED] - pages.WriteExcel.demoKey is PASSED]]></system-out>
         <system-err><![CDATA[]]></system-err>
      </testcase>
      <testcase name="Test Cases/Admin Suite Bootstrap/UM_TestCases/Users/FindUser" time="317.36" classname="Test Cases/Admin Suite Bootstrap/UM_TestCases/Users/FindUser" status="PASSED">
         <system-out><![CDATA[2024-07-12 18:57:12 - [TEST_CASE][PASSED] - Test Cases/Admin Suite Bootstrap/UM_TestCases/Users/FindUser: Test Cases/Admin Suite Bootstrap/UM_TestCases/Users/FindUser

2024-07-12 18:57:13 - [TEST_STEP][PASSED] - path_Dashboard = "Object Repository/AdminSuiteBootstrap_Pages/Dashboard_Bootstrap/": null

2024-07-12 18:57:13 - [TEST_STEP][PASSED] - path_Users = "Object Repository/AdminSuiteBootstrap_Pages/UM_Bootstrap/Users/": null

2024-07-12 18:57:13 - [TEST_STEP][PASSED] - path_UserView = "Object Repository/AdminSuiteBootstrap_Pages/UM_Bootstrap/UserView/": null

2024-07-12 18:57:13 - [TEST_STEP][PASSED] - executionProfile = getExecutionProfile(): null

2024-07-12 18:57:13 - [TEST_STEP][PASSED] - out.println("executionProfile : " + executionProfile): null

2024-07-12 18:57:13 - [TEST_STEP][PASSED] - appName = <not implemented yet for class: org.codehaus.groovy.ast.expr.EmptyExpression>: null

2024-07-12 18:57:13 - [TEST_STEP][PASSED] - appID = <not implemented yet for class: org.codehaus.groovy.ast.expr.EmptyExpression>: null

2024-07-12 18:57:13 - [TEST_STEP][PASSED] - cardNameV = <not implemented yet for class: org.codehaus.groovy.ast.expr.EmptyExpression>: null

2024-07-12 18:57:13 - [TEST_STEP][PASSED] - al1V = <not implemented yet for class: org.codehaus.groovy.ast.expr.EmptyExpression>: null

2024-07-12 18:57:13 - [TEST_STEP][PASSED] - al2V = <not implemented yet for class: org.codehaus.groovy.ast.expr.EmptyExpression>: null

2024-07-12 18:57:13 - [TEST_STEP][PASSED] - zipV = <not implemented yet for class: org.codehaus.groovy.ast.expr.EmptyExpression>: null

2024-07-12 18:57:13 - [TEST_STEP][PASSED] - cardTypeV = <not implemented yet for class: org.codehaus.groovy.ast.expr.EmptyExpression>: null

2024-07-12 18:57:13 - [TEST_STEP][PASSED] - resText = "Fail": null

2024-07-12 18:57:13 - [TEST_STEP][PASSED] - resColumn = "Result": null

2024-07-12 18:57:13 - [TEST_STEP][PASSED] - datCloumn = "Date": null

2024-07-12 18:57:13 - [TEST_STEP][PASSED] - fileLoc = "KatalonData/Bootstrap/UM-Data.xlsx": null

2024-07-12 18:57:13 - [TEST_STEP][PASSED] - numOfRows = <not implemented yet for class: org.codehaus.groovy.ast.expr.EmptyExpression>: null

2024-07-12 18:57:13 - [TEST_STEP][PASSED] - dataFile = <not implemented yet for class: org.codehaus.groovy.ast.expr.EmptyExpression>: null

2024-07-12 18:57:13 - [TEST_STEP][PASSED] - nameSheet = <not implemented yet for class: org.codehaus.groovy.ast.expr.EmptyExpression>: null

2024-07-12 18:57:13 - [TEST_STEP][PASSED] - dataFileEmulator = <not implemented yet for class: org.codehaus.groovy.ast.expr.EmptyExpression>: null

2024-07-12 18:57:13 - [TEST_STEP][PASSED] - nameSheet = "FindUser": null

2024-07-12 18:57:13 - [TEST_STEP][PASSED] - dataFile = "QA/Bootstrap/UM-TestData/FindUser": null

2024-07-12 18:57:13 - [TEST_STEP][PASSED] - numOfRows = findTestData("QA/Bootstrap/UM-TestData/FindUser").getRowNumbers(): null

2024-07-12 18:57:13 - [TEST_STEP][PASSED] - println("Number of Records: " + numOfRows): null

2024-07-12 18:57:13 - [TEST_STEP][PASSED] - for ([row = 1, row <= numOfRows, (row++)]): Browser is closed

2024-07-12 18:57:13 - [TEST_STEP][PASSED] - ExecuteTC = findTestData(dataFile).getValue("Execute", row): null

2024-07-12 18:57:13 - [TEST_STEP][PASSED] - out.println("Value of Execute is : " + ExecuteTC): null

2024-07-12 18:57:13 - [TEST_STEP][PASSED] - if (ExecuteTC.equalsIgnoreCase("Y")): Browser is closed

2024-07-12 18:57:13 - [TEST_STEP][PASSED] - out.println("Begin Record Number: " + row): null

2024-07-12 18:57:13 - [TEST_STEP][PASSED] - today = new java.util.Date(): null

2024-07-12 18:57:13 - [TEST_STEP][PASSED] - println(today): null

2024-07-12 18:57:13 - [TEST_STEP][PASSED] - datText = today: null

2024-07-12 18:57:13 - [TEST_STEP][PASSED] - adminSuiteBootstrap.loginFunctionality.login_AdminSuite(): adminSuiteBootstrap.loginFunctionality.login_AdminSuite is PASSED

2024-07-12 18:57:13 - [MESSAGE][WARNING] - A browser is already opened. Closing browser and opening a new one

2024-07-12 18:57:14 - [MESSAGE][INFO] - Starting 'Chrome' driver

2024-07-12 18:57:14 - [MESSAGE][INFO] - User set preference: ['acceptInsecureCerts', 'true']

2024-07-12 18:57:15 - [MESSAGE][INFO] - Action delay is set to 0 milliseconds

2024-07-12 18:57:17 - [MESSAGE][PASSED] - Browser is opened with url: 'https://qa2.velocitypayment.com/admin/imtiaz'

2024-07-12 18:57:17 - [MESSAGE][PASSED] - Current window maximized

2024-07-12 18:57:18 - [MESSAGE][PASSED] - Object 'Object Repository/Login_Page/Login_Username_Okta' is present

2024-07-12 18:57:19 - [MESSAGE][PASSED] - Text 'iahmed' is set on object 'Object Repository/Login_Page/Login_Username_Okta'

2024-07-12 18:57:20 - [MESSAGE][PASSED] - Text 'Hello!6666666' is set on object 'Object Repository/Login_Page/Login_Password_Okta'

2024-07-12 18:57:20 - [MESSAGE][PASSED] - Object: 'Object Repository/Login_Page/Login_Submit_Okta' is clicked on

2024-07-12 18:57:20 - [MESSAGE][PASSED] - adminSuiteBootstrap.loginFunctionality.login_AdminSuite is PASSED

2024-07-12 18:57:20 - [TEST_STEP][PASSED] - click(findTestObject(path_Dashboard + "a_Access User Management")): Object: 'Object Repository/AdminSuiteBootstrap_Pages/Dashboard_Bootstrap/a_Access User Management' is clicked on

2024-07-12 18:57:31 - [MESSAGE][PASSED] - Object: 'Object Repository/AdminSuiteBootstrap_Pages/Dashboard_Bootstrap/a_Access User Management' is clicked on

2024-07-12 18:57:31 - [TEST_STEP][PASSED] - click(findTestObject(path_Users + "a_Find User")): Object: 'Object Repository/AdminSuiteBootstrap_Pages/UM_Bootstrap/Users/a_Find User' is clicked on

2024-07-12 18:57:32 - [MESSAGE][PASSED] - Object: 'Object Repository/AdminSuiteBootstrap_Pages/UM_Bootstrap/Users/a_Find User' is clicked on

2024-07-12 18:57:32 - [TEST_STEP][PASSED] - adminSuiteBootstrap.findUser.findUser_DD(row, dataFile): adminSuiteBootstrap.findUser.findUser_DD is PASSED

2024-07-12 18:57:33 - [MESSAGE][PASSED] - Text 'chraguis' is set on object 'Object Repository/AdminSuiteBootstrap_Pages/UM_Bootstrap/FindUser/input_Username'

2024-07-12 18:57:34 - [MESSAGE][PASSED] - Text '' is set on object 'Object Repository/AdminSuiteBootstrap_Pages/UM_Bootstrap/FindUser/input_FirstName'

2024-07-12 18:57:34 - [MESSAGE][PASSED] - Text '' is set on object 'Object Repository/AdminSuiteBootstrap_Pages/UM_Bootstrap/FindUser/input_LastName'

2024-07-12 18:57:35 - [MESSAGE][PASSED] - All options with label 'Exact Match' are selected in object 'Object Repository/AdminSuiteBootstrap_Pages/UM_Bootstrap/FindUser/select_SearchType' 

2024-07-12 18:57:39 - [MESSAGE][PASSED] - Object: 'Object Repository/AdminSuiteBootstrap_Pages/UM_Bootstrap/FindUser/button_Search' is clicked on

2024-07-12 18:57:39 - [MESSAGE][PASSED] - adminSuiteBootstrap.findUser.findUser_DD is PASSED

2024-07-12 18:57:39 - [TEST_STEP][PASSED] - if (verifyElementPresent(findTestObject(path_UserView + "button_Modify"), 30)): null

2024-07-12 18:57:39 - [MESSAGE][PASSED] - Object 'Object Repository/AdminSuiteBootstrap_Pages/UM_Bootstrap/UserView/button_Modify' is present

2024-07-12 18:57:39 - [TEST_STEP][PASSED] - verifyTextPresent("Email Address", true): Text 'Email Address' is present on page  using regular expression

2024-07-12 18:57:39 - [MESSAGE][PASSED] - Text 'Email Address' is present on page  using regular expression

2024-07-12 18:57:39 - [TEST_STEP][PASSED] - verifyTextPresent("iahmed@govolution.com", true): Text 'iahmed@govolution.com' is present on page  using regular expression

2024-07-12 18:57:40 - [MESSAGE][PASSED] - Text 'iahmed@govolution.com' is present on page  using regular expression

2024-07-12 18:57:40 - [TEST_STEP][PASSED] - verifyTextPresent("Username", true): Text 'Username' is present on page  using regular expression

2024-07-12 18:57:40 - [MESSAGE][PASSED] - Text 'Username' is present on page  using regular expression

2024-07-12 18:57:40 - [TEST_STEP][PASSED] - verifyTextPresent("chragui", true): Text 'chragui' is present on page  using regular expression

2024-07-12 18:57:40 - [MESSAGE][PASSED] - Text 'chragui' is present on page  using regular expression

2024-07-12 18:57:40 - [TEST_STEP][PASSED] - verifyTextPresent("Account Status", true): Text 'Account Status' is present on page  using regular expression

2024-07-12 18:57:41 - [MESSAGE][PASSED] - Text 'Account Status' is present on page  using regular expression

2024-07-12 18:57:41 - [TEST_STEP][PASSED] - verifyTextPresent("Active", true): Text 'Active' is present on page  using regular expression

2024-07-12 18:57:41 - [MESSAGE][PASSED] - Text 'Active' is present on page  using regular expression

2024-07-12 18:57:41 - [TEST_STEP][PASSED] - verifyTextPresent("Christinado Aguillerezo", true): Text 'Christinado Aguillerezo' is present on page  using regular expression

2024-07-12 18:57:42 - [MESSAGE][PASSED] - Text 'Christinado Aguillerezo' is present on page  using regular expression

2024-07-12 18:57:42 - [TEST_STEP][PASSED] - pages.CustomLogger.log_Logger("User was found", "Pass"): pages.CustomLogger.log_Logger is PASSED

2024-07-12 18:57:42 - [MESSAGE][PASSED] - User was found

2024-07-12 18:57:42 - [MESSAGE][PASSED] - pages.CustomLogger.log_Logger is PASSED

2024-07-12 18:57:42 - [TEST_STEP][PASSED] - markPassed("User was found"): User was found

2024-07-12 18:57:42 - [MESSAGE][PASSED] - User was found

2024-07-12 18:57:42 - [TEST_STEP][PASSED] - resText = "Pass": null

2024-07-12 18:57:42 - [TEST_STEP][PASSED] - pages.WriteExcel.demoKey(resText, datText, resColumn, datCloumn, fileLoc, nameSheet, row): pages.WriteExcel.demoKey is PASSED

2024-07-12 18:57:42 - [MESSAGE][PASSED] - pages.WriteExcel.demoKey is PASSED

2024-07-12 18:57:42 - [TEST_STEP][PASSED] - closeBrowser(): Browser is closed

2024-07-12 18:57:43 - [MESSAGE][PASSED] - Browser is closed

2024-07-12 18:57:43 - [TEST_STEP][PASSED] - ExecuteTC = findTestData(dataFile).getValue("Execute", row): null

2024-07-12 18:57:43 - [TEST_STEP][PASSED] - out.println("Value of Execute is : " + ExecuteTC): null

2024-07-12 18:57:43 - [TEST_STEP][PASSED] - if (ExecuteTC.equalsIgnoreCase("Y")): Browser is closed

2024-07-12 18:57:43 - [TEST_STEP][PASSED] - out.println("Begin Record Number: " + row): null

2024-07-12 18:57:43 - [TEST_STEP][PASSED] - today = new java.util.Date(): null

2024-07-12 18:57:43 - [TEST_STEP][PASSED] - println(today): null

2024-07-12 18:57:43 - [TEST_STEP][PASSED] - datText = today: null

2024-07-12 18:57:43 - [TEST_STEP][PASSED] - adminSuiteBootstrap.loginFunctionality.login_AdminSuite(): adminSuiteBootstrap.loginFunctionality.login_AdminSuite is PASSED

2024-07-12 18:57:43 - [MESSAGE][INFO] - Starting 'Chrome' driver

2024-07-12 18:57:43 - [MESSAGE][INFO] - User set preference: ['acceptInsecureCerts', 'true']

2024-07-12 18:57:43 - [MESSAGE][INFO] - Action delay is set to 0 milliseconds

2024-07-12 18:57:45 - [MESSAGE][PASSED] - Browser is opened with url: 'https://qa2.velocitypayment.com/admin/imtiaz'

2024-07-12 18:57:46 - [MESSAGE][PASSED] - Current window maximized

2024-07-12 18:57:46 - [MESSAGE][PASSED] - Object 'Object Repository/Login_Page/Login_Username_Okta' is present

2024-07-12 18:57:47 - [MESSAGE][PASSED] - Text 'iahmed' is set on object 'Object Repository/Login_Page/Login_Username_Okta'

2024-07-12 18:57:48 - [MESSAGE][PASSED] - Text 'Hello!6666666' is set on object 'Object Repository/Login_Page/Login_Password_Okta'

2024-07-12 18:57:49 - [MESSAGE][PASSED] - Object: 'Object Repository/Login_Page/Login_Submit_Okta' is clicked on

2024-07-12 18:57:49 - [MESSAGE][PASSED] - adminSuiteBootstrap.loginFunctionality.login_AdminSuite is PASSED

2024-07-12 18:57:49 - [TEST_STEP][PASSED] - click(findTestObject(path_Dashboard + "a_Access User Management")): Object: 'Object Repository/AdminSuiteBootstrap_Pages/Dashboard_Bootstrap/a_Access User Management' is clicked on

2024-07-12 18:57:57 - [MESSAGE][PASSED] - Object: 'Object Repository/AdminSuiteBootstrap_Pages/Dashboard_Bootstrap/a_Access User Management' is clicked on

2024-07-12 18:57:57 - [TEST_STEP][PASSED] - click(findTestObject(path_Users + "a_Find User")): Object: 'Object Repository/AdminSuiteBootstrap_Pages/UM_Bootstrap/Users/a_Find User' is clicked on

2024-07-12 18:57:57 - [MESSAGE][PASSED] - Object: 'Object Repository/AdminSuiteBootstrap_Pages/UM_Bootstrap/Users/a_Find User' is clicked on

2024-07-12 18:57:57 - [TEST_STEP][PASSED] - adminSuiteBootstrap.findUser.findUser_DD(row, dataFile): adminSuiteBootstrap.findUser.findUser_DD is PASSED

2024-07-12 18:57:59 - [MESSAGE][PASSED] - Text 'chra' is set on object 'Object Repository/AdminSuiteBootstrap_Pages/UM_Bootstrap/FindUser/input_Username'

2024-07-12 18:57:59 - [MESSAGE][PASSED] - Text '' is set on object 'Object Repository/AdminSuiteBootstrap_Pages/UM_Bootstrap/FindUser/input_FirstName'

2024-07-12 18:58:00 - [MESSAGE][PASSED] - Text '' is set on object 'Object Repository/AdminSuiteBootstrap_Pages/UM_Bootstrap/FindUser/input_LastName'

2024-07-12 18:58:01 - [MESSAGE][PASSED] - All options with label 'Starts With' are selected in object 'Object Repository/AdminSuiteBootstrap_Pages/UM_Bootstrap/FindUser/select_SearchType' 

2024-07-12 18:58:04 - [MESSAGE][PASSED] - Object: 'Object Repository/AdminSuiteBootstrap_Pages/UM_Bootstrap/FindUser/button_Search' is clicked on

2024-07-12 18:58:04 - [MESSAGE][PASSED] - adminSuiteBootstrap.findUser.findUser_DD is PASSED

2024-07-12 18:58:04 - [TEST_STEP][PASSED] - if (verifyElementPresent(findTestObject(path_UserView + "button_Modify"), 30)): null

2024-07-12 18:58:05 - [MESSAGE][PASSED] - Object 'Object Repository/AdminSuiteBootstrap_Pages/UM_Bootstrap/UserView/button_Modify' is present

2024-07-12 18:58:05 - [TEST_STEP][PASSED] - verifyTextPresent("Email Address", true): Text 'Email Address' is present on page  using regular expression

2024-07-12 18:58:05 - [MESSAGE][PASSED] - Text 'Email Address' is present on page  using regular expression

2024-07-12 18:58:05 - [TEST_STEP][PASSED] - verifyTextPresent("iahmed@govolution.com", true): Text 'iahmed@govolution.com' is present on page  using regular expression

2024-07-12 18:58:05 - [MESSAGE][PASSED] - Text 'iahmed@govolution.com' is present on page  using regular expression

2024-07-12 18:58:05 - [TEST_STEP][PASSED] - verifyTextPresent("Username", true): Text 'Username' is present on page  using regular expression

2024-07-12 18:58:06 - [MESSAGE][PASSED] - Text 'Username' is present on page  using regular expression

2024-07-12 18:58:06 - [TEST_STEP][PASSED] - verifyTextPresent("chragui", true): Text 'chragui' is present on page  using regular expression

2024-07-12 18:58:06 - [MESSAGE][PASSED] - Text 'chragui' is present on page  using regular expression

2024-07-12 18:58:06 - [TEST_STEP][PASSED] - verifyTextPresent("Account Status", true): Text 'Account Status' is present on page  using regular expression

2024-07-12 18:58:06 - [MESSAGE][PASSED] - Text 'Account Status' is present on page  using regular expression

2024-07-12 18:58:06 - [TEST_STEP][PASSED] - verifyTextPresent("Active", true): Text 'Active' is present on page  using regular expression

2024-07-12 18:58:07 - [MESSAGE][PASSED] - Text 'Active' is present on page  using regular expression

2024-07-12 18:58:07 - [TEST_STEP][PASSED] - verifyTextPresent("Christinado Aguillerezo", true): Text 'Christinado Aguillerezo' is present on page  using regular expression

2024-07-12 18:58:07 - [MESSAGE][PASSED] - Text 'Christinado Aguillerezo' is present on page  using regular expression

2024-07-12 18:58:07 - [TEST_STEP][PASSED] - pages.CustomLogger.log_Logger("User was found", "Pass"): pages.CustomLogger.log_Logger is PASSED

2024-07-12 18:58:07 - [MESSAGE][PASSED] - User was found

2024-07-12 18:58:07 - [MESSAGE][PASSED] - pages.CustomLogger.log_Logger is PASSED

2024-07-12 18:58:07 - [TEST_STEP][PASSED] - markPassed("User was found"): User was found

2024-07-12 18:58:07 - [MESSAGE][PASSED] - User was found

2024-07-12 18:58:07 - [TEST_STEP][PASSED] - resText = "Pass": null

2024-07-12 18:58:07 - [TEST_STEP][PASSED] - pages.WriteExcel.demoKey(resText, datText, resColumn, datCloumn, fileLoc, nameSheet, row): pages.WriteExcel.demoKey is PASSED

2024-07-12 18:58:07 - [MESSAGE][PASSED] - pages.WriteExcel.demoKey is PASSED

2024-07-12 18:58:07 - [TEST_STEP][PASSED] - closeBrowser(): Browser is closed

2024-07-12 18:58:08 - [MESSAGE][PASSED] - Browser is closed

2024-07-12 18:58:08 - [TEST_STEP][PASSED] - ExecuteTC = findTestData(dataFile).getValue("Execute", row): null

2024-07-12 18:58:09 - [TEST_STEP][PASSED] - out.println("Value of Execute is : " + ExecuteTC): null

2024-07-12 18:58:09 - [TEST_STEP][PASSED] - if (ExecuteTC.equalsIgnoreCase("Y")): Browser is closed

2024-07-12 18:58:09 - [TEST_STEP][PASSED] - out.println("Begin Record Number: " + row): null

2024-07-12 18:58:09 - [TEST_STEP][PASSED] - today = new java.util.Date(): null

2024-07-12 18:58:09 - [TEST_STEP][PASSED] - println(today): null

2024-07-12 18:58:09 - [TEST_STEP][PASSED] - datText = today: null

2024-07-12 18:58:09 - [TEST_STEP][PASSED] - adminSuiteBootstrap.loginFunctionality.login_AdminSuite(): adminSuiteBootstrap.loginFunctionality.login_AdminSuite is PASSED

2024-07-12 18:58:09 - [MESSAGE][INFO] - Starting 'Chrome' driver

2024-07-12 18:58:09 - [MESSAGE][INFO] - User set preference: ['acceptInsecureCerts', 'true']

2024-07-12 18:58:09 - [MESSAGE][INFO] - Action delay is set to 0 milliseconds

2024-07-12 18:58:11 - [MESSAGE][PASSED] - Browser is opened with url: 'https://qa2.velocitypayment.com/admin/imtiaz'

2024-07-12 18:58:12 - [MESSAGE][PASSED] - Current window maximized

2024-07-12 18:58:13 - [MESSAGE][PASSED] - Object 'Object Repository/Login_Page/Login_Username_Okta' is present

2024-07-12 18:58:13 - [MESSAGE][PASSED] - Text 'iahmed' is set on object 'Object Repository/Login_Page/Login_Username_Okta'

2024-07-12 18:58:14 - [MESSAGE][PASSED] - Text 'Hello!6666666' is set on object 'Object Repository/Login_Page/Login_Password_Okta'

2024-07-12 18:58:15 - [MESSAGE][PASSED] - Object: 'Object Repository/Login_Page/Login_Submit_Okta' is clicked on

2024-07-12 18:58:15 - [MESSAGE][PASSED] - adminSuiteBootstrap.loginFunctionality.login_AdminSuite is PASSED

2024-07-12 18:58:15 - [TEST_STEP][PASSED] - click(findTestObject(path_Dashboard + "a_Access User Management")): Object: 'Object Repository/AdminSuiteBootstrap_Pages/Dashboard_Bootstrap/a_Access User Management' is clicked on

2024-07-12 18:58:23 - [MESSAGE][PASSED] - Object: 'Object Repository/AdminSuiteBootstrap_Pages/Dashboard_Bootstrap/a_Access User Management' is clicked on

2024-07-12 18:58:23 - [TEST_STEP][PASSED] - click(findTestObject(path_Users + "a_Find User")): Object: 'Object Repository/AdminSuiteBootstrap_Pages/UM_Bootstrap/Users/a_Find User' is clicked on

2024-07-12 18:58:24 - [MESSAGE][PASSED] - Object: 'Object Repository/AdminSuiteBootstrap_Pages/UM_Bootstrap/Users/a_Find User' is clicked on

2024-07-12 18:58:24 - [TEST_STEP][PASSED] - adminSuiteBootstrap.findUser.findUser_DD(row, dataFile): adminSuiteBootstrap.findUser.findUser_DD is PASSED

2024-07-12 18:58:25 - [MESSAGE][PASSED] - Text 'aguis' is set on object 'Object Repository/AdminSuiteBootstrap_Pages/UM_Bootstrap/FindUser/input_Username'

2024-07-12 18:58:26 - [MESSAGE][PASSED] - Text '' is set on object 'Object Repository/AdminSuiteBootstrap_Pages/UM_Bootstrap/FindUser/input_FirstName'

2024-07-12 18:58:27 - [MESSAGE][PASSED] - Text '' is set on object 'Object Repository/AdminSuiteBootstrap_Pages/UM_Bootstrap/FindUser/input_LastName'

2024-07-12 18:58:27 - [MESSAGE][PASSED] - All options with label 'Ends With' are selected in object 'Object Repository/AdminSuiteBootstrap_Pages/UM_Bootstrap/FindUser/select_SearchType' 

2024-07-12 18:58:31 - [MESSAGE][PASSED] - Object: 'Object Repository/AdminSuiteBootstrap_Pages/UM_Bootstrap/FindUser/button_Search' is clicked on

2024-07-12 18:58:31 - [MESSAGE][PASSED] - adminSuiteBootstrap.findUser.findUser_DD is PASSED

2024-07-12 18:58:31 - [TEST_STEP][PASSED] - if (verifyElementPresent(findTestObject(path_UserView + "button_Modify"), 30)): null

2024-07-12 18:58:31 - [MESSAGE][PASSED] - Object 'Object Repository/AdminSuiteBootstrap_Pages/UM_Bootstrap/UserView/button_Modify' is present

2024-07-12 18:58:31 - [TEST_STEP][PASSED] - verifyTextPresent("Email Address", true): Text 'Email Address' is present on page  using regular expression

2024-07-12 18:58:31 - [MESSAGE][PASSED] - Text 'Email Address' is present on page  using regular expression

2024-07-12 18:58:31 - [TEST_STEP][PASSED] - verifyTextPresent("iahmed@govolution.com", true): Text 'iahmed@govolution.com' is present on page  using regular expression

2024-07-12 18:58:32 - [MESSAGE][PASSED] - Text 'iahmed@govolution.com' is present on page  using regular expression

2024-07-12 18:58:32 - [TEST_STEP][PASSED] - verifyTextPresent("Username", true): Text 'Username' is present on page  using regular expression

2024-07-12 18:58:32 - [MESSAGE][PASSED] - Text 'Username' is present on page  using regular expression

2024-07-12 18:58:32 - [TEST_STEP][PASSED] - verifyTextPresent("chragui", true): Text 'chragui' is present on page  using regular expression

2024-07-12 18:58:32 - [MESSAGE][PASSED] - Text 'chragui' is present on page  using regular expression

2024-07-12 18:58:32 - [TEST_STEP][PASSED] - verifyTextPresent("Account Status", true): Text 'Account Status' is present on page  using regular expression

2024-07-12 18:58:33 - [MESSAGE][PASSED] - Text 'Account Status' is present on page  using regular expression

2024-07-12 18:58:33 - [TEST_STEP][PASSED] - verifyTextPresent("Active", true): Text 'Active' is present on page  using regular expression

2024-07-12 18:58:33 - [MESSAGE][PASSED] - Text 'Active' is present on page  using regular expression

2024-07-12 18:58:33 - [TEST_STEP][PASSED] - verifyTextPresent("Christinado Aguillerezo", true): Text 'Christinado Aguillerezo' is present on page  using regular expression

2024-07-12 18:58:34 - [MESSAGE][PASSED] - Text 'Christinado Aguillerezo' is present on page  using regular expression

2024-07-12 18:58:34 - [TEST_STEP][PASSED] - pages.CustomLogger.log_Logger("User was found", "Pass"): pages.CustomLogger.log_Logger is PASSED

2024-07-12 18:58:34 - [MESSAGE][PASSED] - User was found

2024-07-12 18:58:34 - [MESSAGE][PASSED] - pages.CustomLogger.log_Logger is PASSED

2024-07-12 18:58:34 - [TEST_STEP][PASSED] - markPassed("User was found"): User was found

2024-07-12 18:58:34 - [MESSAGE][PASSED] - User was found

2024-07-12 18:58:34 - [TEST_STEP][PASSED] - resText = "Pass": null

2024-07-12 18:58:34 - [TEST_STEP][PASSED] - pages.WriteExcel.demoKey(resText, datText, resColumn, datCloumn, fileLoc, nameSheet, row): pages.WriteExcel.demoKey is PASSED

2024-07-12 18:58:34 - [MESSAGE][PASSED] - pages.WriteExcel.demoKey is PASSED

2024-07-12 18:58:34 - [TEST_STEP][PASSED] - closeBrowser(): Browser is closed

2024-07-12 18:58:35 - [MESSAGE][PASSED] - Browser is closed

2024-07-12 18:58:35 - [TEST_STEP][PASSED] - ExecuteTC = findTestData(dataFile).getValue("Execute", row): null

2024-07-12 18:58:35 - [TEST_STEP][PASSED] - out.println("Value of Execute is : " + ExecuteTC): null

2024-07-12 18:58:35 - [TEST_STEP][PASSED] - if (ExecuteTC.equalsIgnoreCase("Y")): Browser is closed

2024-07-12 18:58:35 - [TEST_STEP][PASSED] - out.println("Begin Record Number: " + row): null

2024-07-12 18:58:35 - [TEST_STEP][PASSED] - today = new java.util.Date(): null

2024-07-12 18:58:35 - [TEST_STEP][PASSED] - println(today): null

2024-07-12 18:58:35 - [TEST_STEP][PASSED] - datText = today: null

2024-07-12 18:58:35 - [TEST_STEP][PASSED] - adminSuiteBootstrap.loginFunctionality.login_AdminSuite(): adminSuiteBootstrap.loginFunctionality.login_AdminSuite is PASSED

2024-07-12 18:58:35 - [MESSAGE][INFO] - Starting 'Chrome' driver

2024-07-12 18:58:35 - [MESSAGE][INFO] - User set preference: ['acceptInsecureCerts', 'true']

2024-07-12 18:58:35 - [MESSAGE][INFO] - Action delay is set to 0 milliseconds

2024-07-12 18:58:37 - [MESSAGE][PASSED] - Browser is opened with url: 'https://qa2.velocitypayment.com/admin/imtiaz'

2024-07-12 18:58:38 - [MESSAGE][PASSED] - Current window maximized

2024-07-12 18:58:38 - [MESSAGE][PASSED] - Object 'Object Repository/Login_Page/Login_Username_Okta' is present

2024-07-12 18:58:39 - [MESSAGE][PASSED] - Text 'iahmed' is set on object 'Object Repository/Login_Page/Login_Username_Okta'

2024-07-12 18:58:40 - [MESSAGE][PASSED] - Text 'Hello!6666666' is set on object 'Object Repository/Login_Page/Login_Password_Okta'

2024-07-12 18:58:40 - [MESSAGE][PASSED] - Object: 'Object Repository/Login_Page/Login_Submit_Okta' is clicked on

2024-07-12 18:58:40 - [MESSAGE][PASSED] - adminSuiteBootstrap.loginFunctionality.login_AdminSuite is PASSED

2024-07-12 18:58:40 - [TEST_STEP][PASSED] - click(findTestObject(path_Dashboard + "a_Access User Management")): Object: 'Object Repository/AdminSuiteBootstrap_Pages/Dashboard_Bootstrap/a_Access User Management' is clicked on

2024-07-12 18:58:51 - [MESSAGE][PASSED] - Object: 'Object Repository/AdminSuiteBootstrap_Pages/Dashboard_Bootstrap/a_Access User Management' is clicked on

2024-07-12 18:58:51 - [TEST_STEP][PASSED] - click(findTestObject(path_Users + "a_Find User")): Object: 'Object Repository/AdminSuiteBootstrap_Pages/UM_Bootstrap/Users/a_Find User' is clicked on

2024-07-12 18:58:52 - [MESSAGE][PASSED] - Object: 'Object Repository/AdminSuiteBootstrap_Pages/UM_Bootstrap/Users/a_Find User' is clicked on

2024-07-12 18:58:52 - [TEST_STEP][PASSED] - adminSuiteBootstrap.findUser.findUser_DD(row, dataFile): adminSuiteBootstrap.findUser.findUser_DD is PASSED

2024-07-12 18:58:53 - [MESSAGE][PASSED] - Text 'hragu' is set on object 'Object Repository/AdminSuiteBootstrap_Pages/UM_Bootstrap/FindUser/input_Username'

2024-07-12 18:58:54 - [MESSAGE][PASSED] - Text '' is set on object 'Object Repository/AdminSuiteBootstrap_Pages/UM_Bootstrap/FindUser/input_FirstName'

2024-07-12 18:58:55 - [MESSAGE][PASSED] - Text '' is set on object 'Object Repository/AdminSuiteBootstrap_Pages/UM_Bootstrap/FindUser/input_LastName'

2024-07-12 18:58:55 - [MESSAGE][PASSED] - All options with label 'Contains' are selected in object 'Object Repository/AdminSuiteBootstrap_Pages/UM_Bootstrap/FindUser/select_SearchType' 

2024-07-12 18:58:58 - [MESSAGE][PASSED] - Object: 'Object Repository/AdminSuiteBootstrap_Pages/UM_Bootstrap/FindUser/button_Search' is clicked on

2024-07-12 18:58:58 - [MESSAGE][PASSED] - adminSuiteBootstrap.findUser.findUser_DD is PASSED

2024-07-12 18:58:58 - [TEST_STEP][PASSED] - if (verifyElementPresent(findTestObject(path_UserView + "button_Modify"), 30)): null

2024-07-12 18:58:59 - [MESSAGE][PASSED] - Object 'Object Repository/AdminSuiteBootstrap_Pages/UM_Bootstrap/UserView/button_Modify' is present

2024-07-12 18:58:59 - [TEST_STEP][PASSED] - verifyTextPresent("Email Address", true): Text 'Email Address' is present on page  using regular expression

2024-07-12 18:58:59 - [MESSAGE][PASSED] - Text 'Email Address' is present on page  using regular expression

2024-07-12 18:58:59 - [TEST_STEP][PASSED] - verifyTextPresent("iahmed@govolution.com", true): Text 'iahmed@govolution.com' is present on page  using regular expression

2024-07-12 18:59:00 - [MESSAGE][PASSED] - Text 'iahmed@govolution.com' is present on page  using regular expression

2024-07-12 18:59:00 - [TEST_STEP][PASSED] - verifyTextPresent("Username", true): Text 'Username' is present on page  using regular expression

2024-07-12 18:59:00 - [MESSAGE][PASSED] - Text 'Username' is present on page  using regular expression

2024-07-12 18:59:00 - [TEST_STEP][PASSED] - verifyTextPresent("chragui", true): Text 'chragui' is present on page  using regular expression

2024-07-12 18:59:00 - [MESSAGE][PASSED] - Text 'chragui' is present on page  using regular expression

2024-07-12 18:59:00 - [TEST_STEP][PASSED] - verifyTextPresent("Account Status", true): Text 'Account Status' is present on page  using regular expression

2024-07-12 18:59:01 - [MESSAGE][PASSED] - Text 'Account Status' is present on page  using regular expression

2024-07-12 18:59:01 - [TEST_STEP][PASSED] - verifyTextPresent("Active", true): Text 'Active' is present on page  using regular expression

2024-07-12 18:59:01 - [MESSAGE][PASSED] - Text 'Active' is present on page  using regular expression

2024-07-12 18:59:01 - [TEST_STEP][PASSED] - verifyTextPresent("Christinado Aguillerezo", true): Text 'Christinado Aguillerezo' is present on page  using regular expression

2024-07-12 18:59:01 - [MESSAGE][PASSED] - Text 'Christinado Aguillerezo' is present on page  using regular expression

2024-07-12 18:59:01 - [TEST_STEP][PASSED] - pages.CustomLogger.log_Logger("User was found", "Pass"): pages.CustomLogger.log_Logger is PASSED

2024-07-12 18:59:01 - [MESSAGE][PASSED] - User was found

2024-07-12 18:59:01 - [MESSAGE][PASSED] - pages.CustomLogger.log_Logger is PASSED

2024-07-12 18:59:01 - [TEST_STEP][PASSED] - markPassed("User was found"): User was found

2024-07-12 18:59:01 - [MESSAGE][PASSED] - User was found

2024-07-12 18:59:01 - [TEST_STEP][PASSED] - resText = "Pass": null

2024-07-12 18:59:01 - [TEST_STEP][PASSED] - pages.WriteExcel.demoKey(resText, datText, resColumn, datCloumn, fileLoc, nameSheet, row): pages.WriteExcel.demoKey is PASSED

2024-07-12 18:59:01 - [MESSAGE][PASSED] - pages.WriteExcel.demoKey is PASSED

2024-07-12 18:59:01 - [TEST_STEP][PASSED] - closeBrowser(): Browser is closed

2024-07-12 18:59:03 - [MESSAGE][PASSED] - Browser is closed

2024-07-12 18:59:03 - [TEST_STEP][PASSED] - ExecuteTC = findTestData(dataFile).getValue("Execute", row): null

2024-07-12 18:59:03 - [TEST_STEP][PASSED] - out.println("Value of Execute is : " + ExecuteTC): null

2024-07-12 18:59:03 - [TEST_STEP][PASSED] - if (ExecuteTC.equalsIgnoreCase("Y")): Browser is closed

2024-07-12 18:59:03 - [TEST_STEP][PASSED] - out.println("Begin Record Number: " + row): null

2024-07-12 18:59:03 - [TEST_STEP][PASSED] - today = new java.util.Date(): null

2024-07-12 18:59:03 - [TEST_STEP][PASSED] - println(today): null

2024-07-12 18:59:03 - [TEST_STEP][PASSED] - datText = today: null

2024-07-12 18:59:03 - [TEST_STEP][PASSED] - adminSuiteBootstrap.loginFunctionality.login_AdminSuite(): adminSuiteBootstrap.loginFunctionality.login_AdminSuite is PASSED

2024-07-12 18:59:03 - [MESSAGE][INFO] - Starting 'Chrome' driver

2024-07-12 18:59:03 - [MESSAGE][INFO] - User set preference: ['acceptInsecureCerts', 'true']

2024-07-12 18:59:03 - [MESSAGE][INFO] - Action delay is set to 0 milliseconds

2024-07-12 18:59:05 - [MESSAGE][PASSED] - Browser is opened with url: 'https://qa2.velocitypayment.com/admin/imtiaz'

2024-07-12 18:59:05 - [MESSAGE][PASSED] - Current window maximized

2024-07-12 18:59:06 - [MESSAGE][PASSED] - Object 'Object Repository/Login_Page/Login_Username_Okta' is present

2024-07-12 18:59:07 - [MESSAGE][PASSED] - Text 'iahmed' is set on object 'Object Repository/Login_Page/Login_Username_Okta'

2024-07-12 18:59:08 - [MESSAGE][PASSED] - Text 'Hello!6666666' is set on object 'Object Repository/Login_Page/Login_Password_Okta'

2024-07-12 18:59:08 - [MESSAGE][PASSED] - Object: 'Object Repository/Login_Page/Login_Submit_Okta' is clicked on

2024-07-12 18:59:08 - [MESSAGE][PASSED] - adminSuiteBootstrap.loginFunctionality.login_AdminSuite is PASSED

2024-07-12 18:59:08 - [TEST_STEP][PASSED] - click(findTestObject(path_Dashboard + "a_Access User Management")): Object: 'Object Repository/AdminSuiteBootstrap_Pages/Dashboard_Bootstrap/a_Access User Management' is clicked on

2024-07-12 18:59:16 - [MESSAGE][PASSED] - Object: 'Object Repository/AdminSuiteBootstrap_Pages/Dashboard_Bootstrap/a_Access User Management' is clicked on

2024-07-12 18:59:16 - [TEST_STEP][PASSED] - click(findTestObject(path_Users + "a_Find User")): Object: 'Object Repository/AdminSuiteBootstrap_Pages/UM_Bootstrap/Users/a_Find User' is clicked on

2024-07-12 18:59:16 - [MESSAGE][PASSED] - Object: 'Object Repository/AdminSuiteBootstrap_Pages/UM_Bootstrap/Users/a_Find User' is clicked on

2024-07-12 18:59:16 - [TEST_STEP][PASSED] - adminSuiteBootstrap.findUser.findUser_DD(row, dataFile): adminSuiteBootstrap.findUser.findUser_DD is PASSED

2024-07-12 18:59:18 - [MESSAGE][PASSED] - Text '' is set on object 'Object Repository/AdminSuiteBootstrap_Pages/UM_Bootstrap/FindUser/input_Username'

2024-07-12 18:59:18 - [MESSAGE][PASSED] - Text 'Christinado' is set on object 'Object Repository/AdminSuiteBootstrap_Pages/UM_Bootstrap/FindUser/input_FirstName'

2024-07-12 18:59:19 - [MESSAGE][PASSED] - Text '' is set on object 'Object Repository/AdminSuiteBootstrap_Pages/UM_Bootstrap/FindUser/input_LastName'

2024-07-12 18:59:20 - [MESSAGE][PASSED] - All options with label 'Exact Match' are selected in object 'Object Repository/AdminSuiteBootstrap_Pages/UM_Bootstrap/FindUser/select_SearchType' 

2024-07-12 18:59:23 - [MESSAGE][PASSED] - Object: 'Object Repository/AdminSuiteBootstrap_Pages/UM_Bootstrap/FindUser/button_Search' is clicked on

2024-07-12 18:59:23 - [MESSAGE][PASSED] - adminSuiteBootstrap.findUser.findUser_DD is PASSED

2024-07-12 18:59:23 - [TEST_STEP][PASSED] - if (verifyElementPresent(findTestObject(path_UserView + "button_Modify"), 30)): null

2024-07-12 18:59:23 - [MESSAGE][PASSED] - Object 'Object Repository/AdminSuiteBootstrap_Pages/UM_Bootstrap/UserView/button_Modify' is present

2024-07-12 18:59:23 - [TEST_STEP][PASSED] - verifyTextPresent("Email Address", true): Text 'Email Address' is present on page  using regular expression

2024-07-12 18:59:24 - [MESSAGE][PASSED] - Text 'Email Address' is present on page  using regular expression

2024-07-12 18:59:24 - [TEST_STEP][PASSED] - verifyTextPresent("iahmed@govolution.com", true): Text 'iahmed@govolution.com' is present on page  using regular expression

2024-07-12 18:59:24 - [MESSAGE][PASSED] - Text 'iahmed@govolution.com' is present on page  using regular expression

2024-07-12 18:59:24 - [TEST_STEP][PASSED] - verifyTextPresent("Username", true): Text 'Username' is present on page  using regular expression

2024-07-12 18:59:24 - [MESSAGE][PASSED] - Text 'Username' is present on page  using regular expression

2024-07-12 18:59:24 - [TEST_STEP][PASSED] - verifyTextPresent("chragui", true): Text 'chragui' is present on page  using regular expression

2024-07-12 18:59:25 - [MESSAGE][PASSED] - Text 'chragui' is present on page  using regular expression

2024-07-12 18:59:25 - [TEST_STEP][PASSED] - verifyTextPresent("Account Status", true): Text 'Account Status' is present on page  using regular expression

2024-07-12 18:59:25 - [MESSAGE][PASSED] - Text 'Account Status' is present on page  using regular expression

2024-07-12 18:59:25 - [TEST_STEP][PASSED] - verifyTextPresent("Active", true): Text 'Active' is present on page  using regular expression

2024-07-12 18:59:25 - [MESSAGE][PASSED] - Text 'Active' is present on page  using regular expression

2024-07-12 18:59:25 - [TEST_STEP][PASSED] - verifyTextPresent("Christinado Aguillerezo", true): Text 'Christinado Aguillerezo' is present on page  using regular expression

2024-07-12 18:59:26 - [MESSAGE][PASSED] - Text 'Christinado Aguillerezo' is present on page  using regular expression

2024-07-12 18:59:26 - [TEST_STEP][PASSED] - pages.CustomLogger.log_Logger("User was found", "Pass"): pages.CustomLogger.log_Logger is PASSED

2024-07-12 18:59:26 - [MESSAGE][PASSED] - User was found

2024-07-12 18:59:26 - [MESSAGE][PASSED] - pages.CustomLogger.log_Logger is PASSED

2024-07-12 18:59:26 - [TEST_STEP][PASSED] - markPassed("User was found"): User was found

2024-07-12 18:59:26 - [MESSAGE][PASSED] - User was found

2024-07-12 18:59:26 - [TEST_STEP][PASSED] - resText = "Pass": null

2024-07-12 18:59:26 - [TEST_STEP][PASSED] - pages.WriteExcel.demoKey(resText, datText, resColumn, datCloumn, fileLoc, nameSheet, row): pages.WriteExcel.demoKey is PASSED

2024-07-12 18:59:26 - [MESSAGE][PASSED] - pages.WriteExcel.demoKey is PASSED

2024-07-12 18:59:26 - [TEST_STEP][PASSED] - closeBrowser(): Browser is closed

2024-07-12 18:59:27 - [MESSAGE][PASSED] - Browser is closed

2024-07-12 18:59:27 - [TEST_STEP][PASSED] - ExecuteTC = findTestData(dataFile).getValue("Execute", row): null

2024-07-12 18:59:27 - [TEST_STEP][PASSED] - out.println("Value of Execute is : " + ExecuteTC): null

2024-07-12 18:59:27 - [TEST_STEP][PASSED] - if (ExecuteTC.equalsIgnoreCase("Y")): Browser is closed

2024-07-12 18:59:27 - [TEST_STEP][PASSED] - out.println("Begin Record Number: " + row): null

2024-07-12 18:59:27 - [TEST_STEP][PASSED] - today = new java.util.Date(): null

2024-07-12 18:59:27 - [TEST_STEP][PASSED] - println(today): null

2024-07-12 18:59:27 - [TEST_STEP][PASSED] - datText = today: null

2024-07-12 18:59:27 - [TEST_STEP][PASSED] - adminSuiteBootstrap.loginFunctionality.login_AdminSuite(): adminSuiteBootstrap.loginFunctionality.login_AdminSuite is PASSED

2024-07-12 18:59:27 - [MESSAGE][INFO] - Starting 'Chrome' driver

2024-07-12 18:59:27 - [MESSAGE][INFO] - User set preference: ['acceptInsecureCerts', 'true']

2024-07-12 18:59:27 - [MESSAGE][INFO] - Action delay is set to 0 milliseconds

2024-07-12 18:59:30 - [MESSAGE][PASSED] - Browser is opened with url: 'https://qa2.velocitypayment.com/admin/imtiaz'

2024-07-12 18:59:30 - [MESSAGE][PASSED] - Current window maximized

2024-07-12 18:59:31 - [MESSAGE][PASSED] - Object 'Object Repository/Login_Page/Login_Username_Okta' is present

2024-07-12 18:59:31 - [MESSAGE][PASSED] - Text 'iahmed' is set on object 'Object Repository/Login_Page/Login_Username_Okta'

2024-07-12 18:59:32 - [MESSAGE][PASSED] - Text 'Hello!6666666' is set on object 'Object Repository/Login_Page/Login_Password_Okta'

2024-07-12 18:59:33 - [MESSAGE][PASSED] - Object: 'Object Repository/Login_Page/Login_Submit_Okta' is clicked on

2024-07-12 18:59:33 - [MESSAGE][PASSED] - adminSuiteBootstrap.loginFunctionality.login_AdminSuite is PASSED

2024-07-12 18:59:33 - [TEST_STEP][PASSED] - click(findTestObject(path_Dashboard + "a_Access User Management")): Object: 'Object Repository/AdminSuiteBootstrap_Pages/Dashboard_Bootstrap/a_Access User Management' is clicked on

2024-07-12 18:59:41 - [MESSAGE][PASSED] - Object: 'Object Repository/AdminSuiteBootstrap_Pages/Dashboard_Bootstrap/a_Access User Management' is clicked on

2024-07-12 18:59:41 - [TEST_STEP][PASSED] - click(findTestObject(path_Users + "a_Find User")): Object: 'Object Repository/AdminSuiteBootstrap_Pages/UM_Bootstrap/Users/a_Find User' is clicked on

2024-07-12 18:59:41 - [MESSAGE][PASSED] - Object: 'Object Repository/AdminSuiteBootstrap_Pages/UM_Bootstrap/Users/a_Find User' is clicked on

2024-07-12 18:59:41 - [TEST_STEP][PASSED] - adminSuiteBootstrap.findUser.findUser_DD(row, dataFile): adminSuiteBootstrap.findUser.findUser_DD is PASSED

2024-07-12 18:59:43 - [MESSAGE][PASSED] - Text '' is set on object 'Object Repository/AdminSuiteBootstrap_Pages/UM_Bootstrap/FindUser/input_Username'

2024-07-12 18:59:43 - [MESSAGE][PASSED] - Text 'Christin' is set on object 'Object Repository/AdminSuiteBootstrap_Pages/UM_Bootstrap/FindUser/input_FirstName'

2024-07-12 18:59:44 - [MESSAGE][PASSED] - Text '' is set on object 'Object Repository/AdminSuiteBootstrap_Pages/UM_Bootstrap/FindUser/input_LastName'

2024-07-12 18:59:45 - [MESSAGE][PASSED] - All options with label 'Starts With' are selected in object 'Object Repository/AdminSuiteBootstrap_Pages/UM_Bootstrap/FindUser/select_SearchType' 

2024-07-12 18:59:49 - [MESSAGE][PASSED] - Object: 'Object Repository/AdminSuiteBootstrap_Pages/UM_Bootstrap/FindUser/button_Search' is clicked on

2024-07-12 18:59:49 - [MESSAGE][PASSED] - adminSuiteBootstrap.findUser.findUser_DD is PASSED

2024-07-12 18:59:49 - [TEST_STEP][PASSED] - if (verifyElementPresent(findTestObject(path_UserView + "button_Modify"), 30)): null

2024-07-12 18:59:49 - [MESSAGE][PASSED] - Object 'Object Repository/AdminSuiteBootstrap_Pages/UM_Bootstrap/UserView/button_Modify' is present

2024-07-12 18:59:49 - [TEST_STEP][PASSED] - verifyTextPresent("Email Address", true): Text 'Email Address' is present on page  using regular expression

2024-07-12 18:59:49 - [MESSAGE][PASSED] - Text 'Email Address' is present on page  using regular expression

2024-07-12 18:59:49 - [TEST_STEP][PASSED] - verifyTextPresent("iahmed@govolution.com", true): Text 'iahmed@govolution.com' is present on page  using regular expression

2024-07-12 18:59:50 - [MESSAGE][PASSED] - Text 'iahmed@govolution.com' is present on page  using regular expression

2024-07-12 18:59:50 - [TEST_STEP][PASSED] - verifyTextPresent("Username", true): Text 'Username' is present on page  using regular expression

2024-07-12 18:59:50 - [MESSAGE][PASSED] - Text 'Username' is present on page  using regular expression

2024-07-12 18:59:50 - [TEST_STEP][PASSED] - verifyTextPresent("chragui", true): Text 'chragui' is present on page  using regular expression

2024-07-12 18:59:50 - [MESSAGE][PASSED] - Text 'chragui' is present on page  using regular expression

2024-07-12 18:59:50 - [TEST_STEP][PASSED] - verifyTextPresent("Account Status", true): Text 'Account Status' is present on page  using regular expression

2024-07-12 18:59:51 - [MESSAGE][PASSED] - Text 'Account Status' is present on page  using regular expression

2024-07-12 18:59:51 - [TEST_STEP][PASSED] - verifyTextPresent("Active", true): Text 'Active' is present on page  using regular expression

2024-07-12 18:59:51 - [MESSAGE][PASSED] - Text 'Active' is present on page  using regular expression

2024-07-12 18:59:51 - [TEST_STEP][PASSED] - verifyTextPresent("Christinado Aguillerezo", true): Text 'Christinado Aguillerezo' is present on page  using regular expression

2024-07-12 18:59:52 - [MESSAGE][PASSED] - Text 'Christinado Aguillerezo' is present on page  using regular expression

2024-07-12 18:59:52 - [TEST_STEP][PASSED] - pages.CustomLogger.log_Logger("User was found", "Pass"): pages.CustomLogger.log_Logger is PASSED

2024-07-12 18:59:52 - [MESSAGE][PASSED] - User was found

2024-07-12 18:59:52 - [MESSAGE][PASSED] - pages.CustomLogger.log_Logger is PASSED

2024-07-12 18:59:52 - [TEST_STEP][PASSED] - markPassed("User was found"): User was found

2024-07-12 18:59:52 - [MESSAGE][PASSED] - User was found

2024-07-12 18:59:52 - [TEST_STEP][PASSED] - resText = "Pass": null

2024-07-12 18:59:52 - [TEST_STEP][PASSED] - pages.WriteExcel.demoKey(resText, datText, resColumn, datCloumn, fileLoc, nameSheet, row): pages.WriteExcel.demoKey is PASSED

2024-07-12 18:59:52 - [MESSAGE][PASSED] - pages.WriteExcel.demoKey is PASSED

2024-07-12 18:59:52 - [TEST_STEP][PASSED] - closeBrowser(): Browser is closed

2024-07-12 18:59:53 - [MESSAGE][PASSED] - Browser is closed

2024-07-12 18:59:53 - [TEST_STEP][PASSED] - ExecuteTC = findTestData(dataFile).getValue("Execute", row): null

2024-07-12 18:59:53 - [TEST_STEP][PASSED] - out.println("Value of Execute is : " + ExecuteTC): null

2024-07-12 18:59:53 - [TEST_STEP][PASSED] - if (ExecuteTC.equalsIgnoreCase("Y")): Browser is closed

2024-07-12 18:59:53 - [TEST_STEP][PASSED] - out.println("Begin Record Number: " + row): null

2024-07-12 18:59:53 - [TEST_STEP][PASSED] - today = new java.util.Date(): null

2024-07-12 18:59:53 - [TEST_STEP][PASSED] - println(today): null

2024-07-12 18:59:53 - [TEST_STEP][PASSED] - datText = today: null

2024-07-12 18:59:53 - [TEST_STEP][PASSED] - adminSuiteBootstrap.loginFunctionality.login_AdminSuite(): adminSuiteBootstrap.loginFunctionality.login_AdminSuite is PASSED

2024-07-12 18:59:53 - [MESSAGE][INFO] - Starting 'Chrome' driver

2024-07-12 18:59:53 - [MESSAGE][INFO] - User set preference: ['acceptInsecureCerts', 'true']

2024-07-12 18:59:53 - [MESSAGE][INFO] - Action delay is set to 0 milliseconds

2024-07-12 18:59:55 - [MESSAGE][PASSED] - Browser is opened with url: 'https://qa2.velocitypayment.com/admin/imtiaz'

2024-07-12 18:59:56 - [MESSAGE][PASSED] - Current window maximized

2024-07-12 18:59:56 - [MESSAGE][PASSED] - Object 'Object Repository/Login_Page/Login_Username_Okta' is present

2024-07-12 18:59:57 - [MESSAGE][PASSED] - Text 'iahmed' is set on object 'Object Repository/Login_Page/Login_Username_Okta'

2024-07-12 18:59:58 - [MESSAGE][PASSED] - Text 'Hello!6666666' is set on object 'Object Repository/Login_Page/Login_Password_Okta'

2024-07-12 18:59:59 - [MESSAGE][PASSED] - Object: 'Object Repository/Login_Page/Login_Submit_Okta' is clicked on

2024-07-12 18:59:59 - [MESSAGE][PASSED] - adminSuiteBootstrap.loginFunctionality.login_AdminSuite is PASSED

2024-07-12 18:59:59 - [TEST_STEP][PASSED] - click(findTestObject(path_Dashboard + "a_Access User Management")): Object: 'Object Repository/AdminSuiteBootstrap_Pages/Dashboard_Bootstrap/a_Access User Management' is clicked on

2024-07-12 19:00:08 - [MESSAGE][PASSED] - Object: 'Object Repository/AdminSuiteBootstrap_Pages/Dashboard_Bootstrap/a_Access User Management' is clicked on

2024-07-12 19:00:08 - [TEST_STEP][PASSED] - click(findTestObject(path_Users + "a_Find User")): Object: 'Object Repository/AdminSuiteBootstrap_Pages/UM_Bootstrap/Users/a_Find User' is clicked on

2024-07-12 19:00:08 - [MESSAGE][PASSED] - Object: 'Object Repository/AdminSuiteBootstrap_Pages/UM_Bootstrap/Users/a_Find User' is clicked on

2024-07-12 19:00:08 - [TEST_STEP][PASSED] - adminSuiteBootstrap.findUser.findUser_DD(row, dataFile): adminSuiteBootstrap.findUser.findUser_DD is PASSED

2024-07-12 19:00:10 - [MESSAGE][PASSED] - Text '' is set on object 'Object Repository/AdminSuiteBootstrap_Pages/UM_Bootstrap/FindUser/input_Username'

2024-07-12 19:00:10 - [MESSAGE][PASSED] - Text 'ristinado' is set on object 'Object Repository/AdminSuiteBootstrap_Pages/UM_Bootstrap/FindUser/input_FirstName'

2024-07-12 19:00:11 - [MESSAGE][PASSED] - Text '' is set on object 'Object Repository/AdminSuiteBootstrap_Pages/UM_Bootstrap/FindUser/input_LastName'

2024-07-12 19:00:12 - [MESSAGE][PASSED] - All options with label 'Ends With' are selected in object 'Object Repository/AdminSuiteBootstrap_Pages/UM_Bootstrap/FindUser/select_SearchType' 

2024-07-12 19:00:15 - [MESSAGE][PASSED] - Object: 'Object Repository/AdminSuiteBootstrap_Pages/UM_Bootstrap/FindUser/button_Search' is clicked on

2024-07-12 19:00:15 - [MESSAGE][PASSED] - adminSuiteBootstrap.findUser.findUser_DD is PASSED

2024-07-12 19:00:15 - [TEST_STEP][PASSED] - if (verifyElementPresent(findTestObject(path_UserView + "button_Modify"), 30)): null

2024-07-12 19:00:15 - [MESSAGE][PASSED] - Object 'Object Repository/AdminSuiteBootstrap_Pages/UM_Bootstrap/UserView/button_Modify' is present

2024-07-12 19:00:15 - [TEST_STEP][PASSED] - verifyTextPresent("Email Address", true): Text 'Email Address' is present on page  using regular expression

2024-07-12 19:00:16 - [MESSAGE][PASSED] - Text 'Email Address' is present on page  using regular expression

2024-07-12 19:00:16 - [TEST_STEP][PASSED] - verifyTextPresent("iahmed@govolution.com", true): Text 'iahmed@govolution.com' is present on page  using regular expression

2024-07-12 19:00:16 - [MESSAGE][PASSED] - Text 'iahmed@govolution.com' is present on page  using regular expression

2024-07-12 19:00:16 - [TEST_STEP][PASSED] - verifyTextPresent("Username", true): Text 'Username' is present on page  using regular expression

2024-07-12 19:00:17 - [MESSAGE][PASSED] - Text 'Username' is present on page  using regular expression

2024-07-12 19:00:17 - [TEST_STEP][PASSED] - verifyTextPresent("chragui", true): Text 'chragui' is present on page  using regular expression

2024-07-12 19:00:17 - [MESSAGE][PASSED] - Text 'chragui' is present on page  using regular expression

2024-07-12 19:00:17 - [TEST_STEP][PASSED] - verifyTextPresent("Account Status", true): Text 'Account Status' is present on page  using regular expression

2024-07-12 19:00:17 - [MESSAGE][PASSED] - Text 'Account Status' is present on page  using regular expression

2024-07-12 19:00:17 - [TEST_STEP][PASSED] - verifyTextPresent("Active", true): Text 'Active' is present on page  using regular expression

2024-07-12 19:00:18 - [MESSAGE][PASSED] - Text 'Active' is present on page  using regular expression

2024-07-12 19:00:18 - [TEST_STEP][PASSED] - verifyTextPresent("Christinado Aguillerezo", true): Text 'Christinado Aguillerezo' is present on page  using regular expression

2024-07-12 19:00:18 - [MESSAGE][PASSED] - Text 'Christinado Aguillerezo' is present on page  using regular expression

2024-07-12 19:00:18 - [TEST_STEP][PASSED] - pages.CustomLogger.log_Logger("User was found", "Pass"): pages.CustomLogger.log_Logger is PASSED

2024-07-12 19:00:18 - [MESSAGE][PASSED] - User was found

2024-07-12 19:00:18 - [MESSAGE][PASSED] - pages.CustomLogger.log_Logger is PASSED

2024-07-12 19:00:18 - [TEST_STEP][PASSED] - markPassed("User was found"): User was found

2024-07-12 19:00:18 - [MESSAGE][PASSED] - User was found

2024-07-12 19:00:18 - [TEST_STEP][PASSED] - resText = "Pass": null

2024-07-12 19:00:18 - [TEST_STEP][PASSED] - pages.WriteExcel.demoKey(resText, datText, resColumn, datCloumn, fileLoc, nameSheet, row): pages.WriteExcel.demoKey is PASSED

2024-07-12 19:00:18 - [MESSAGE][PASSED] - pages.WriteExcel.demoKey is PASSED

2024-07-12 19:00:18 - [TEST_STEP][PASSED] - closeBrowser(): Browser is closed

2024-07-12 19:00:19 - [MESSAGE][PASSED] - Browser is closed

2024-07-12 19:00:19 - [TEST_STEP][PASSED] - ExecuteTC = findTestData(dataFile).getValue("Execute", row): null

2024-07-12 19:00:19 - [TEST_STEP][PASSED] - out.println("Value of Execute is : " + ExecuteTC): null

2024-07-12 19:00:19 - [TEST_STEP][PASSED] - if (ExecuteTC.equalsIgnoreCase("Y")): Browser is closed

2024-07-12 19:00:19 - [TEST_STEP][PASSED] - out.println("Begin Record Number: " + row): null

2024-07-12 19:00:19 - [TEST_STEP][PASSED] - today = new java.util.Date(): null

2024-07-12 19:00:19 - [TEST_STEP][PASSED] - println(today): null

2024-07-12 19:00:19 - [TEST_STEP][PASSED] - datText = today: null

2024-07-12 19:00:19 - [TEST_STEP][PASSED] - adminSuiteBootstrap.loginFunctionality.login_AdminSuite(): adminSuiteBootstrap.loginFunctionality.login_AdminSuite is PASSED

2024-07-12 19:00:19 - [MESSAGE][INFO] - Starting 'Chrome' driver

2024-07-12 19:00:19 - [MESSAGE][INFO] - User set preference: ['acceptInsecureCerts', 'true']

2024-07-12 19:00:19 - [MESSAGE][INFO] - Action delay is set to 0 milliseconds

2024-07-12 19:00:21 - [MESSAGE][PASSED] - Browser is opened with url: 'https://qa2.velocitypayment.com/admin/imtiaz'

2024-07-12 19:00:22 - [MESSAGE][PASSED] - Current window maximized

2024-07-12 19:00:23 - [MESSAGE][PASSED] - Object 'Object Repository/Login_Page/Login_Username_Okta' is present

2024-07-12 19:00:24 - [MESSAGE][PASSED] - Text 'iahmed' is set on object 'Object Repository/Login_Page/Login_Username_Okta'

2024-07-12 19:00:24 - [MESSAGE][PASSED] - Text 'Hello!6666666' is set on object 'Object Repository/Login_Page/Login_Password_Okta'

2024-07-12 19:00:25 - [MESSAGE][PASSED] - Object: 'Object Repository/Login_Page/Login_Submit_Okta' is clicked on

2024-07-12 19:00:25 - [MESSAGE][PASSED] - adminSuiteBootstrap.loginFunctionality.login_AdminSuite is PASSED

2024-07-12 19:00:25 - [TEST_STEP][PASSED] - click(findTestObject(path_Dashboard + "a_Access User Management")): Object: 'Object Repository/AdminSuiteBootstrap_Pages/Dashboard_Bootstrap/a_Access User Management' is clicked on

2024-07-12 19:00:34 - [MESSAGE][PASSED] - Object: 'Object Repository/AdminSuiteBootstrap_Pages/Dashboard_Bootstrap/a_Access User Management' is clicked on

2024-07-12 19:00:34 - [TEST_STEP][PASSED] - click(findTestObject(path_Users + "a_Find User")): Object: 'Object Repository/AdminSuiteBootstrap_Pages/UM_Bootstrap/Users/a_Find User' is clicked on

2024-07-12 19:00:35 - [MESSAGE][PASSED] - Object: 'Object Repository/AdminSuiteBootstrap_Pages/UM_Bootstrap/Users/a_Find User' is clicked on

2024-07-12 19:00:35 - [TEST_STEP][PASSED] - adminSuiteBootstrap.findUser.findUser_DD(row, dataFile): adminSuiteBootstrap.findUser.findUser_DD is PASSED

2024-07-12 19:00:36 - [MESSAGE][PASSED] - Text '' is set on object 'Object Repository/AdminSuiteBootstrap_Pages/UM_Bootstrap/FindUser/input_Username'

2024-07-12 19:00:37 - [MESSAGE][PASSED] - Text 'hristina' is set on object 'Object Repository/AdminSuiteBootstrap_Pages/UM_Bootstrap/FindUser/input_FirstName'

2024-07-12 19:00:38 - [MESSAGE][PASSED] - Text '' is set on object 'Object Repository/AdminSuiteBootstrap_Pages/UM_Bootstrap/FindUser/input_LastName'

2024-07-12 19:00:38 - [MESSAGE][PASSED] - All options with label 'Contains' are selected in object 'Object Repository/AdminSuiteBootstrap_Pages/UM_Bootstrap/FindUser/select_SearchType' 

2024-07-12 19:00:42 - [MESSAGE][PASSED] - Object: 'Object Repository/AdminSuiteBootstrap_Pages/UM_Bootstrap/FindUser/button_Search' is clicked on

2024-07-12 19:00:42 - [MESSAGE][PASSED] - adminSuiteBootstrap.findUser.findUser_DD is PASSED

2024-07-12 19:00:42 - [TEST_STEP][PASSED] - if (verifyElementPresent(findTestObject(path_UserView + "button_Modify"), 30)): null

2024-07-12 19:00:42 - [MESSAGE][PASSED] - Object 'Object Repository/AdminSuiteBootstrap_Pages/UM_Bootstrap/UserView/button_Modify' is present

2024-07-12 19:00:42 - [TEST_STEP][PASSED] - verifyTextPresent("Email Address", true): Text 'Email Address' is present on page  using regular expression

2024-07-12 19:00:43 - [MESSAGE][PASSED] - Text 'Email Address' is present on page  using regular expression

2024-07-12 19:00:43 - [TEST_STEP][PASSED] - verifyTextPresent("iahmed@govolution.com", true): Text 'iahmed@govolution.com' is present on page  using regular expression

2024-07-12 19:00:43 - [MESSAGE][PASSED] - Text 'iahmed@govolution.com' is present on page  using regular expression

2024-07-12 19:00:43 - [TEST_STEP][PASSED] - verifyTextPresent("Username", true): Text 'Username' is present on page  using regular expression

2024-07-12 19:00:43 - [MESSAGE][PASSED] - Text 'Username' is present on page  using regular expression

2024-07-12 19:00:43 - [TEST_STEP][PASSED] - verifyTextPresent("chragui", true): Text 'chragui' is present on page  using regular expression

2024-07-12 19:00:44 - [MESSAGE][PASSED] - Text 'chragui' is present on page  using regular expression

2024-07-12 19:00:44 - [TEST_STEP][PASSED] - verifyTextPresent("Account Status", true): Text 'Account Status' is present on page  using regular expression

2024-07-12 19:00:44 - [MESSAGE][PASSED] - Text 'Account Status' is present on page  using regular expression

2024-07-12 19:00:44 - [TEST_STEP][PASSED] - verifyTextPresent("Active", true): Text 'Active' is present on page  using regular expression

2024-07-12 19:00:45 - [MESSAGE][PASSED] - Text 'Active' is present on page  using regular expression

2024-07-12 19:00:45 - [TEST_STEP][PASSED] - verifyTextPresent("Christinado Aguillerezo", true): Text 'Christinado Aguillerezo' is present on page  using regular expression

2024-07-12 19:00:45 - [MESSAGE][PASSED] - Text 'Christinado Aguillerezo' is present on page  using regular expression

2024-07-12 19:00:45 - [TEST_STEP][PASSED] - pages.CustomLogger.log_Logger("User was found", "Pass"): pages.CustomLogger.log_Logger is PASSED

2024-07-12 19:00:45 - [MESSAGE][PASSED] - User was found

2024-07-12 19:00:45 - [MESSAGE][PASSED] - pages.CustomLogger.log_Logger is PASSED

2024-07-12 19:00:45 - [TEST_STEP][PASSED] - markPassed("User was found"): User was found

2024-07-12 19:00:45 - [MESSAGE][PASSED] - User was found

2024-07-12 19:00:45 - [TEST_STEP][PASSED] - resText = "Pass": null

2024-07-12 19:00:45 - [TEST_STEP][PASSED] - pages.WriteExcel.demoKey(resText, datText, resColumn, datCloumn, fileLoc, nameSheet, row): pages.WriteExcel.demoKey is PASSED

2024-07-12 19:00:45 - [MESSAGE][PASSED] - pages.WriteExcel.demoKey is PASSED

2024-07-12 19:00:45 - [TEST_STEP][PASSED] - closeBrowser(): Browser is closed

2024-07-12 19:00:46 - [MESSAGE][PASSED] - Browser is closed

2024-07-12 19:00:46 - [TEST_STEP][PASSED] - ExecuteTC = findTestData(dataFile).getValue("Execute", row): null

2024-07-12 19:00:46 - [TEST_STEP][PASSED] - out.println("Value of Execute is : " + ExecuteTC): null

2024-07-12 19:00:46 - [TEST_STEP][PASSED] - if (ExecuteTC.equalsIgnoreCase("Y")): Browser is closed

2024-07-12 19:00:46 - [TEST_STEP][PASSED] - out.println("Begin Record Number: " + row): null

2024-07-12 19:00:46 - [TEST_STEP][PASSED] - today = new java.util.Date(): null

2024-07-12 19:00:46 - [TEST_STEP][PASSED] - println(today): null

2024-07-12 19:00:46 - [TEST_STEP][PASSED] - datText = today: null

2024-07-12 19:00:46 - [TEST_STEP][PASSED] - adminSuiteBootstrap.loginFunctionality.login_AdminSuite(): adminSuiteBootstrap.loginFunctionality.login_AdminSuite is PASSED

2024-07-12 19:00:46 - [MESSAGE][INFO] - Starting 'Chrome' driver

2024-07-12 19:00:46 - [MESSAGE][INFO] - User set preference: ['acceptInsecureCerts', 'true']

2024-07-12 19:00:46 - [MESSAGE][INFO] - Action delay is set to 0 milliseconds

2024-07-12 19:00:48 - [MESSAGE][PASSED] - Browser is opened with url: 'https://qa2.velocitypayment.com/admin/imtiaz'

2024-07-12 19:00:49 - [MESSAGE][PASSED] - Current window maximized

2024-07-12 19:00:50 - [MESSAGE][PASSED] - Object 'Object Repository/Login_Page/Login_Username_Okta' is present

2024-07-12 19:00:50 - [MESSAGE][PASSED] - Text 'iahmed' is set on object 'Object Repository/Login_Page/Login_Username_Okta'

2024-07-12 19:00:51 - [MESSAGE][PASSED] - Text 'Hello!6666666' is set on object 'Object Repository/Login_Page/Login_Password_Okta'

2024-07-12 19:00:52 - [MESSAGE][PASSED] - Object: 'Object Repository/Login_Page/Login_Submit_Okta' is clicked on

2024-07-12 19:00:52 - [MESSAGE][PASSED] - adminSuiteBootstrap.loginFunctionality.login_AdminSuite is PASSED

2024-07-12 19:00:52 - [TEST_STEP][PASSED] - click(findTestObject(path_Dashboard + "a_Access User Management")): Object: 'Object Repository/AdminSuiteBootstrap_Pages/Dashboard_Bootstrap/a_Access User Management' is clicked on

2024-07-12 19:01:01 - [MESSAGE][PASSED] - Object: 'Object Repository/AdminSuiteBootstrap_Pages/Dashboard_Bootstrap/a_Access User Management' is clicked on

2024-07-12 19:01:01 - [TEST_STEP][PASSED] - click(findTestObject(path_Users + "a_Find User")): Object: 'Object Repository/AdminSuiteBootstrap_Pages/UM_Bootstrap/Users/a_Find User' is clicked on

2024-07-12 19:01:02 - [MESSAGE][PASSED] - Object: 'Object Repository/AdminSuiteBootstrap_Pages/UM_Bootstrap/Users/a_Find User' is clicked on

2024-07-12 19:01:02 - [TEST_STEP][PASSED] - adminSuiteBootstrap.findUser.findUser_DD(row, dataFile): adminSuiteBootstrap.findUser.findUser_DD is PASSED

2024-07-12 19:01:03 - [MESSAGE][PASSED] - Text '' is set on object 'Object Repository/AdminSuiteBootstrap_Pages/UM_Bootstrap/FindUser/input_Username'

2024-07-12 19:01:04 - [MESSAGE][PASSED] - Text '' is set on object 'Object Repository/AdminSuiteBootstrap_Pages/UM_Bootstrap/FindUser/input_FirstName'

2024-07-12 19:01:05 - [MESSAGE][PASSED] - Text 'Aguillerezo' is set on object 'Object Repository/AdminSuiteBootstrap_Pages/UM_Bootstrap/FindUser/input_LastName'

2024-07-12 19:01:05 - [MESSAGE][PASSED] - All options with label 'Exact Match' are selected in object 'Object Repository/AdminSuiteBootstrap_Pages/UM_Bootstrap/FindUser/select_SearchType' 

2024-07-12 19:01:09 - [MESSAGE][PASSED] - Object: 'Object Repository/AdminSuiteBootstrap_Pages/UM_Bootstrap/FindUser/button_Search' is clicked on

2024-07-12 19:01:09 - [MESSAGE][PASSED] - adminSuiteBootstrap.findUser.findUser_DD is PASSED

2024-07-12 19:01:09 - [TEST_STEP][PASSED] - if (verifyElementPresent(findTestObject(path_UserView + "button_Modify"), 30)): null

2024-07-12 19:01:10 - [MESSAGE][PASSED] - Object 'Object Repository/AdminSuiteBootstrap_Pages/UM_Bootstrap/UserView/button_Modify' is present

2024-07-12 19:01:10 - [TEST_STEP][PASSED] - verifyTextPresent("Email Address", true): Text 'Email Address' is present on page  using regular expression

2024-07-12 19:01:10 - [MESSAGE][PASSED] - Text 'Email Address' is present on page  using regular expression

2024-07-12 19:01:10 - [TEST_STEP][PASSED] - verifyTextPresent("iahmed@govolution.com", true): Text 'iahmed@govolution.com' is present on page  using regular expression

2024-07-12 19:01:10 - [MESSAGE][PASSED] - Text 'iahmed@govolution.com' is present on page  using regular expression

2024-07-12 19:01:10 - [TEST_STEP][PASSED] - verifyTextPresent("Username", true): Text 'Username' is present on page  using regular expression

2024-07-12 19:01:11 - [MESSAGE][PASSED] - Text 'Username' is present on page  using regular expression

2024-07-12 19:01:11 - [TEST_STEP][PASSED] - verifyTextPresent("chragui", true): Text 'chragui' is present on page  using regular expression

2024-07-12 19:01:11 - [MESSAGE][PASSED] - Text 'chragui' is present on page  using regular expression

2024-07-12 19:01:11 - [TEST_STEP][PASSED] - verifyTextPresent("Account Status", true): Text 'Account Status' is present on page  using regular expression

2024-07-12 19:01:12 - [MESSAGE][PASSED] - Text 'Account Status' is present on page  using regular expression

2024-07-12 19:01:12 - [TEST_STEP][PASSED] - verifyTextPresent("Active", true): Text 'Active' is present on page  using regular expression

2024-07-12 19:01:12 - [MESSAGE][PASSED] - Text 'Active' is present on page  using regular expression

2024-07-12 19:01:12 - [TEST_STEP][PASSED] - verifyTextPresent("Christinado Aguillerezo", true): Text 'Christinado Aguillerezo' is present on page  using regular expression

2024-07-12 19:01:12 - [MESSAGE][PASSED] - Text 'Christinado Aguillerezo' is present on page  using regular expression

2024-07-12 19:01:12 - [TEST_STEP][PASSED] - pages.CustomLogger.log_Logger("User was found", "Pass"): pages.CustomLogger.log_Logger is PASSED

2024-07-12 19:01:12 - [MESSAGE][PASSED] - User was found

2024-07-12 19:01:12 - [MESSAGE][PASSED] - pages.CustomLogger.log_Logger is PASSED

2024-07-12 19:01:12 - [TEST_STEP][PASSED] - markPassed("User was found"): User was found

2024-07-12 19:01:12 - [MESSAGE][PASSED] - User was found

2024-07-12 19:01:12 - [TEST_STEP][PASSED] - resText = "Pass": null

2024-07-12 19:01:12 - [TEST_STEP][PASSED] - pages.WriteExcel.demoKey(resText, datText, resColumn, datCloumn, fileLoc, nameSheet, row): pages.WriteExcel.demoKey is PASSED

2024-07-12 19:01:12 - [MESSAGE][PASSED] - pages.WriteExcel.demoKey is PASSED

2024-07-12 19:01:12 - [TEST_STEP][PASSED] - closeBrowser(): Browser is closed

2024-07-12 19:01:14 - [MESSAGE][PASSED] - Browser is closed

2024-07-12 19:01:14 - [TEST_STEP][PASSED] - ExecuteTC = findTestData(dataFile).getValue("Execute", row): null

2024-07-12 19:01:14 - [TEST_STEP][PASSED] - out.println("Value of Execute is : " + ExecuteTC): null

2024-07-12 19:01:14 - [TEST_STEP][PASSED] - if (ExecuteTC.equalsIgnoreCase("Y")): Browser is closed

2024-07-12 19:01:14 - [TEST_STEP][PASSED] - out.println("Begin Record Number: " + row): null

2024-07-12 19:01:14 - [TEST_STEP][PASSED] - today = new java.util.Date(): null

2024-07-12 19:01:14 - [TEST_STEP][PASSED] - println(today): null

2024-07-12 19:01:14 - [TEST_STEP][PASSED] - datText = today: null

2024-07-12 19:01:14 - [TEST_STEP][PASSED] - adminSuiteBootstrap.loginFunctionality.login_AdminSuite(): adminSuiteBootstrap.loginFunctionality.login_AdminSuite is PASSED

2024-07-12 19:01:14 - [MESSAGE][INFO] - Starting 'Chrome' driver

2024-07-12 19:01:14 - [MESSAGE][INFO] - User set preference: ['acceptInsecureCerts', 'true']

2024-07-12 19:01:14 - [MESSAGE][INFO] - Action delay is set to 0 milliseconds

2024-07-12 19:01:17 - [MESSAGE][PASSED] - Browser is opened with url: 'https://qa2.velocitypayment.com/admin/imtiaz'

2024-07-12 19:01:17 - [MESSAGE][PASSED] - Current window maximized

2024-07-12 19:01:17 - [MESSAGE][PASSED] - Object 'Object Repository/Login_Page/Login_Username_Okta' is present

2024-07-12 19:01:18 - [MESSAGE][PASSED] - Text 'iahmed' is set on object 'Object Repository/Login_Page/Login_Username_Okta'

2024-07-12 19:01:19 - [MESSAGE][PASSED] - Text 'Hello!6666666' is set on object 'Object Repository/Login_Page/Login_Password_Okta'

2024-07-12 19:01:19 - [MESSAGE][PASSED] - Object: 'Object Repository/Login_Page/Login_Submit_Okta' is clicked on

2024-07-12 19:01:19 - [MESSAGE][PASSED] - adminSuiteBootstrap.loginFunctionality.login_AdminSuite is PASSED

2024-07-12 19:01:19 - [TEST_STEP][PASSED] - click(findTestObject(path_Dashboard + "a_Access User Management")): Object: 'Object Repository/AdminSuiteBootstrap_Pages/Dashboard_Bootstrap/a_Access User Management' is clicked on

2024-07-12 19:01:27 - [MESSAGE][PASSED] - Object: 'Object Repository/AdminSuiteBootstrap_Pages/Dashboard_Bootstrap/a_Access User Management' is clicked on

2024-07-12 19:01:27 - [TEST_STEP][PASSED] - click(findTestObject(path_Users + "a_Find User")): Object: 'Object Repository/AdminSuiteBootstrap_Pages/UM_Bootstrap/Users/a_Find User' is clicked on

2024-07-12 19:01:28 - [MESSAGE][PASSED] - Object: 'Object Repository/AdminSuiteBootstrap_Pages/UM_Bootstrap/Users/a_Find User' is clicked on

2024-07-12 19:01:28 - [TEST_STEP][PASSED] - adminSuiteBootstrap.findUser.findUser_DD(row, dataFile): adminSuiteBootstrap.findUser.findUser_DD is PASSED

2024-07-12 19:01:29 - [MESSAGE][PASSED] - Text '' is set on object 'Object Repository/AdminSuiteBootstrap_Pages/UM_Bootstrap/FindUser/input_Username'

2024-07-12 19:01:30 - [MESSAGE][PASSED] - Text '' is set on object 'Object Repository/AdminSuiteBootstrap_Pages/UM_Bootstrap/FindUser/input_FirstName'

2024-07-12 19:01:31 - [MESSAGE][PASSED] - Text 'Aguille' is set on object 'Object Repository/AdminSuiteBootstrap_Pages/UM_Bootstrap/FindUser/input_LastName'

2024-07-12 19:01:31 - [MESSAGE][PASSED] - All options with label 'Starts With' are selected in object 'Object Repository/AdminSuiteBootstrap_Pages/UM_Bootstrap/FindUser/select_SearchType' 

2024-07-12 19:01:35 - [MESSAGE][PASSED] - Object: 'Object Repository/AdminSuiteBootstrap_Pages/UM_Bootstrap/FindUser/button_Search' is clicked on

2024-07-12 19:01:35 - [MESSAGE][PASSED] - adminSuiteBootstrap.findUser.findUser_DD is PASSED

2024-07-12 19:01:35 - [TEST_STEP][PASSED] - if (verifyElementPresent(findTestObject(path_UserView + "button_Modify"), 30)): null

2024-07-12 19:01:35 - [MESSAGE][PASSED] - Object 'Object Repository/AdminSuiteBootstrap_Pages/UM_Bootstrap/UserView/button_Modify' is present

2024-07-12 19:01:35 - [TEST_STEP][PASSED] - verifyTextPresent("Email Address", true): Text 'Email Address' is present on page  using regular expression

2024-07-12 19:01:36 - [MESSAGE][PASSED] - Text 'Email Address' is present on page  using regular expression

2024-07-12 19:01:36 - [TEST_STEP][PASSED] - verifyTextPresent("iahmed@govolution.com", true): Text 'iahmed@govolution.com' is present on page  using regular expression

2024-07-12 19:01:36 - [MESSAGE][PASSED] - Text 'iahmed@govolution.com' is present on page  using regular expression

2024-07-12 19:01:36 - [TEST_STEP][PASSED] - verifyTextPresent("Username", true): Text 'Username' is present on page  using regular expression

2024-07-12 19:01:36 - [MESSAGE][PASSED] - Text 'Username' is present on page  using regular expression

2024-07-12 19:01:36 - [TEST_STEP][PASSED] - verifyTextPresent("chragui", true): Text 'chragui' is present on page  using regular expression

2024-07-12 19:01:37 - [MESSAGE][PASSED] - Text 'chragui' is present on page  using regular expression

2024-07-12 19:01:37 - [TEST_STEP][PASSED] - verifyTextPresent("Account Status", true): Text 'Account Status' is present on page  using regular expression

2024-07-12 19:01:37 - [MESSAGE][PASSED] - Text 'Account Status' is present on page  using regular expression

2024-07-12 19:01:37 - [TEST_STEP][PASSED] - verifyTextPresent("Active", true): Text 'Active' is present on page  using regular expression

2024-07-12 19:01:37 - [MESSAGE][PASSED] - Text 'Active' is present on page  using regular expression

2024-07-12 19:01:37 - [TEST_STEP][PASSED] - verifyTextPresent("Christinado Aguillerezo", true): Text 'Christinado Aguillerezo' is present on page  using regular expression

2024-07-12 19:01:38 - [MESSAGE][PASSED] - Text 'Christinado Aguillerezo' is present on page  using regular expression

2024-07-12 19:01:38 - [TEST_STEP][PASSED] - pages.CustomLogger.log_Logger("User was found", "Pass"): pages.CustomLogger.log_Logger is PASSED

2024-07-12 19:01:38 - [MESSAGE][PASSED] - User was found

2024-07-12 19:01:38 - [MESSAGE][PASSED] - pages.CustomLogger.log_Logger is PASSED

2024-07-12 19:01:38 - [TEST_STEP][PASSED] - markPassed("User was found"): User was found

2024-07-12 19:01:38 - [MESSAGE][PASSED] - User was found

2024-07-12 19:01:38 - [TEST_STEP][PASSED] - resText = "Pass": null

2024-07-12 19:01:38 - [TEST_STEP][PASSED] - pages.WriteExcel.demoKey(resText, datText, resColumn, datCloumn, fileLoc, nameSheet, row): pages.WriteExcel.demoKey is PASSED

2024-07-12 19:01:38 - [MESSAGE][PASSED] - pages.WriteExcel.demoKey is PASSED

2024-07-12 19:01:38 - [TEST_STEP][PASSED] - closeBrowser(): Browser is closed

2024-07-12 19:01:39 - [MESSAGE][PASSED] - Browser is closed

2024-07-12 19:01:39 - [TEST_STEP][PASSED] - ExecuteTC = findTestData(dataFile).getValue("Execute", row): null

2024-07-12 19:01:39 - [TEST_STEP][PASSED] - out.println("Value of Execute is : " + ExecuteTC): null

2024-07-12 19:01:39 - [TEST_STEP][PASSED] - if (ExecuteTC.equalsIgnoreCase("Y")): Browser is closed

2024-07-12 19:01:39 - [TEST_STEP][PASSED] - out.println("Begin Record Number: " + row): null

2024-07-12 19:01:39 - [TEST_STEP][PASSED] - today = new java.util.Date(): null

2024-07-12 19:01:39 - [TEST_STEP][PASSED] - println(today): null

2024-07-12 19:01:39 - [TEST_STEP][PASSED] - datText = today: null

2024-07-12 19:01:39 - [TEST_STEP][PASSED] - adminSuiteBootstrap.loginFunctionality.login_AdminSuite(): adminSuiteBootstrap.loginFunctionality.login_AdminSuite is PASSED

2024-07-12 19:01:39 - [MESSAGE][INFO] - Starting 'Chrome' driver

2024-07-12 19:01:39 - [MESSAGE][INFO] - User set preference: ['acceptInsecureCerts', 'true']

2024-07-12 19:01:39 - [MESSAGE][INFO] - Action delay is set to 0 milliseconds

2024-07-12 19:01:42 - [MESSAGE][PASSED] - Browser is opened with url: 'https://qa2.velocitypayment.com/admin/imtiaz'

2024-07-12 19:01:42 - [MESSAGE][PASSED] - Current window maximized

2024-07-12 19:01:43 - [MESSAGE][PASSED] - Object 'Object Repository/Login_Page/Login_Username_Okta' is present

2024-07-12 19:01:43 - [MESSAGE][PASSED] - Text 'iahmed' is set on object 'Object Repository/Login_Page/Login_Username_Okta'

2024-07-12 19:01:44 - [MESSAGE][PASSED] - Text 'Hello!6666666' is set on object 'Object Repository/Login_Page/Login_Password_Okta'

2024-07-12 19:01:45 - [MESSAGE][PASSED] - Object: 'Object Repository/Login_Page/Login_Submit_Okta' is clicked on

2024-07-12 19:01:45 - [MESSAGE][PASSED] - adminSuiteBootstrap.loginFunctionality.login_AdminSuite is PASSED

2024-07-12 19:01:45 - [TEST_STEP][PASSED] - click(findTestObject(path_Dashboard + "a_Access User Management")): Object: 'Object Repository/AdminSuiteBootstrap_Pages/Dashboard_Bootstrap/a_Access User Management' is clicked on

2024-07-12 19:01:53 - [MESSAGE][PASSED] - Object: 'Object Repository/AdminSuiteBootstrap_Pages/Dashboard_Bootstrap/a_Access User Management' is clicked on

2024-07-12 19:01:53 - [TEST_STEP][PASSED] - click(findTestObject(path_Users + "a_Find User")): Object: 'Object Repository/AdminSuiteBootstrap_Pages/UM_Bootstrap/Users/a_Find User' is clicked on

2024-07-12 19:01:53 - [MESSAGE][PASSED] - Object: 'Object Repository/AdminSuiteBootstrap_Pages/UM_Bootstrap/Users/a_Find User' is clicked on

2024-07-12 19:01:53 - [TEST_STEP][PASSED] - adminSuiteBootstrap.findUser.findUser_DD(row, dataFile): adminSuiteBootstrap.findUser.findUser_DD is PASSED

2024-07-12 19:01:55 - [MESSAGE][PASSED] - Text '' is set on object 'Object Repository/AdminSuiteBootstrap_Pages/UM_Bootstrap/FindUser/input_Username'

2024-07-12 19:01:55 - [MESSAGE][PASSED] - Text '' is set on object 'Object Repository/AdminSuiteBootstrap_Pages/UM_Bootstrap/FindUser/input_FirstName'

2024-07-12 19:01:56 - [MESSAGE][PASSED] - Text 'uillerezo' is set on object 'Object Repository/AdminSuiteBootstrap_Pages/UM_Bootstrap/FindUser/input_LastName'

2024-07-12 19:01:57 - [MESSAGE][PASSED] - All options with label 'Ends With' are selected in object 'Object Repository/AdminSuiteBootstrap_Pages/UM_Bootstrap/FindUser/select_SearchType' 

2024-07-12 19:02:00 - [MESSAGE][PASSED] - Object: 'Object Repository/AdminSuiteBootstrap_Pages/UM_Bootstrap/FindUser/button_Search' is clicked on

2024-07-12 19:02:00 - [MESSAGE][PASSED] - adminSuiteBootstrap.findUser.findUser_DD is PASSED

2024-07-12 19:02:00 - [TEST_STEP][PASSED] - if (verifyElementPresent(findTestObject(path_UserView + "button_Modify"), 30)): null

2024-07-12 19:02:01 - [MESSAGE][PASSED] - Object 'Object Repository/AdminSuiteBootstrap_Pages/UM_Bootstrap/UserView/button_Modify' is present

2024-07-12 19:02:01 - [TEST_STEP][PASSED] - verifyTextPresent("Email Address", true): Text 'Email Address' is present on page  using regular expression

2024-07-12 19:02:01 - [MESSAGE][PASSED] - Text 'Email Address' is present on page  using regular expression

2024-07-12 19:02:01 - [TEST_STEP][PASSED] - verifyTextPresent("iahmed@govolution.com", true): Text 'iahmed@govolution.com' is present on page  using regular expression

2024-07-12 19:02:02 - [MESSAGE][PASSED] - Text 'iahmed@govolution.com' is present on page  using regular expression

2024-07-12 19:02:02 - [TEST_STEP][PASSED] - verifyTextPresent("Username", true): Text 'Username' is present on page  using regular expression

2024-07-12 19:02:02 - [MESSAGE][PASSED] - Text 'Username' is present on page  using regular expression

2024-07-12 19:02:02 - [TEST_STEP][PASSED] - verifyTextPresent("chragui", true): Text 'chragui' is present on page  using regular expression

2024-07-12 19:02:02 - [MESSAGE][PASSED] - Text 'chragui' is present on page  using regular expression

2024-07-12 19:02:02 - [TEST_STEP][PASSED] - verifyTextPresent("Account Status", true): Text 'Account Status' is present on page  using regular expression

2024-07-12 19:02:03 - [MESSAGE][PASSED] - Text 'Account Status' is present on page  using regular expression

2024-07-12 19:02:03 - [TEST_STEP][PASSED] - verifyTextPresent("Active", true): Text 'Active' is present on page  using regular expression

2024-07-12 19:02:03 - [MESSAGE][PASSED] - Text 'Active' is present on page  using regular expression

2024-07-12 19:02:03 - [TEST_STEP][PASSED] - verifyTextPresent("Christinado Aguillerezo", true): Text 'Christinado Aguillerezo' is present on page  using regular expression

2024-07-12 19:02:03 - [MESSAGE][PASSED] - Text 'Christinado Aguillerezo' is present on page  using regular expression

2024-07-12 19:02:03 - [TEST_STEP][PASSED] - pages.CustomLogger.log_Logger("User was found", "Pass"): pages.CustomLogger.log_Logger is PASSED

2024-07-12 19:02:03 - [MESSAGE][PASSED] - User was found

2024-07-12 19:02:03 - [MESSAGE][PASSED] - pages.CustomLogger.log_Logger is PASSED

2024-07-12 19:02:03 - [TEST_STEP][PASSED] - markPassed("User was found"): User was found

2024-07-12 19:02:03 - [MESSAGE][PASSED] - User was found

2024-07-12 19:02:03 - [TEST_STEP][PASSED] - resText = "Pass": null

2024-07-12 19:02:03 - [TEST_STEP][PASSED] - pages.WriteExcel.demoKey(resText, datText, resColumn, datCloumn, fileLoc, nameSheet, row): pages.WriteExcel.demoKey is PASSED

2024-07-12 19:02:04 - [MESSAGE][PASSED] - pages.WriteExcel.demoKey is PASSED

2024-07-12 19:02:04 - [TEST_STEP][PASSED] - closeBrowser(): Browser is closed

2024-07-12 19:02:05 - [MESSAGE][PASSED] - Browser is closed

2024-07-12 19:02:05 - [TEST_STEP][PASSED] - ExecuteTC = findTestData(dataFile).getValue("Execute", row): null

2024-07-12 19:02:05 - [TEST_STEP][PASSED] - out.println("Value of Execute is : " + ExecuteTC): null

2024-07-12 19:02:05 - [TEST_STEP][PASSED] - if (ExecuteTC.equalsIgnoreCase("Y")): Browser is closed

2024-07-12 19:02:05 - [TEST_STEP][PASSED] - out.println("Begin Record Number: " + row): null

2024-07-12 19:02:05 - [TEST_STEP][PASSED] - today = new java.util.Date(): null

2024-07-12 19:02:05 - [TEST_STEP][PASSED] - println(today): null

2024-07-12 19:02:05 - [TEST_STEP][PASSED] - datText = today: null

2024-07-12 19:02:05 - [TEST_STEP][PASSED] - adminSuiteBootstrap.loginFunctionality.login_AdminSuite(): adminSuiteBootstrap.loginFunctionality.login_AdminSuite is PASSED

2024-07-12 19:02:05 - [MESSAGE][INFO] - Starting 'Chrome' driver

2024-07-12 19:02:05 - [MESSAGE][INFO] - User set preference: ['acceptInsecureCerts', 'true']

2024-07-12 19:02:05 - [MESSAGE][INFO] - Action delay is set to 0 milliseconds

2024-07-12 19:02:08 - [MESSAGE][PASSED] - Browser is opened with url: 'https://qa2.velocitypayment.com/admin/imtiaz'

2024-07-12 19:02:08 - [MESSAGE][PASSED] - Current window maximized

2024-07-12 19:02:09 - [MESSAGE][PASSED] - Object 'Object Repository/Login_Page/Login_Username_Okta' is present

2024-07-12 19:02:09 - [MESSAGE][PASSED] - Text 'iahmed' is set on object 'Object Repository/Login_Page/Login_Username_Okta'

2024-07-12 19:02:10 - [MESSAGE][PASSED] - Text 'Hello!6666666' is set on object 'Object Repository/Login_Page/Login_Password_Okta'

2024-07-12 19:02:11 - [MESSAGE][PASSED] - Object: 'Object Repository/Login_Page/Login_Submit_Okta' is clicked on

2024-07-12 19:02:11 - [MESSAGE][PASSED] - adminSuiteBootstrap.loginFunctionality.login_AdminSuite is PASSED

2024-07-12 19:02:11 - [TEST_STEP][PASSED] - click(findTestObject(path_Dashboard + "a_Access User Management")): Object: 'Object Repository/AdminSuiteBootstrap_Pages/Dashboard_Bootstrap/a_Access User Management' is clicked on

2024-07-12 19:02:19 - [MESSAGE][PASSED] - Object: 'Object Repository/AdminSuiteBootstrap_Pages/Dashboard_Bootstrap/a_Access User Management' is clicked on

2024-07-12 19:02:19 - [TEST_STEP][PASSED] - click(findTestObject(path_Users + "a_Find User")): Object: 'Object Repository/AdminSuiteBootstrap_Pages/UM_Bootstrap/Users/a_Find User' is clicked on

2024-07-12 19:02:19 - [MESSAGE][PASSED] - Object: 'Object Repository/AdminSuiteBootstrap_Pages/UM_Bootstrap/Users/a_Find User' is clicked on

2024-07-12 19:02:19 - [TEST_STEP][PASSED] - adminSuiteBootstrap.findUser.findUser_DD(row, dataFile): adminSuiteBootstrap.findUser.findUser_DD is PASSED

2024-07-12 19:02:20 - [MESSAGE][PASSED] - Text '' is set on object 'Object Repository/AdminSuiteBootstrap_Pages/UM_Bootstrap/FindUser/input_Username'

2024-07-12 19:02:21 - [MESSAGE][PASSED] - Text '' is set on object 'Object Repository/AdminSuiteBootstrap_Pages/UM_Bootstrap/FindUser/input_FirstName'

2024-07-12 19:02:22 - [MESSAGE][PASSED] - Text 'uillere' is set on object 'Object Repository/AdminSuiteBootstrap_Pages/UM_Bootstrap/FindUser/input_LastName'

2024-07-12 19:02:22 - [MESSAGE][PASSED] - All options with label 'Contains' are selected in object 'Object Repository/AdminSuiteBootstrap_Pages/UM_Bootstrap/FindUser/select_SearchType' 

2024-07-12 19:02:26 - [MESSAGE][PASSED] - Object: 'Object Repository/AdminSuiteBootstrap_Pages/UM_Bootstrap/FindUser/button_Search' is clicked on

2024-07-12 19:02:26 - [MESSAGE][PASSED] - adminSuiteBootstrap.findUser.findUser_DD is PASSED

2024-07-12 19:02:26 - [TEST_STEP][PASSED] - if (verifyElementPresent(findTestObject(path_UserView + "button_Modify"), 30)): null

2024-07-12 19:02:26 - [MESSAGE][PASSED] - Object 'Object Repository/AdminSuiteBootstrap_Pages/UM_Bootstrap/UserView/button_Modify' is present

2024-07-12 19:02:26 - [TEST_STEP][PASSED] - verifyTextPresent("Email Address", true): Text 'Email Address' is present on page  using regular expression

2024-07-12 19:02:26 - [MESSAGE][PASSED] - Text 'Email Address' is present on page  using regular expression

2024-07-12 19:02:26 - [TEST_STEP][PASSED] - verifyTextPresent("iahmed@govolution.com", true): Text 'iahmed@govolution.com' is present on page  using regular expression

2024-07-12 19:02:27 - [MESSAGE][PASSED] - Text 'iahmed@govolution.com' is present on page  using regular expression

2024-07-12 19:02:27 - [TEST_STEP][PASSED] - verifyTextPresent("Username", true): Text 'Username' is present on page  using regular expression

2024-07-12 19:02:27 - [MESSAGE][PASSED] - Text 'Username' is present on page  using regular expression

2024-07-12 19:02:27 - [TEST_STEP][PASSED] - verifyTextPresent("chragui", true): Text 'chragui' is present on page  using regular expression

2024-07-12 19:02:27 - [MESSAGE][PASSED] - Text 'chragui' is present on page  using regular expression

2024-07-12 19:02:27 - [TEST_STEP][PASSED] - verifyTextPresent("Account Status", true): Text 'Account Status' is present on page  using regular expression

2024-07-12 19:02:28 - [MESSAGE][PASSED] - Text 'Account Status' is present on page  using regular expression

2024-07-12 19:02:28 - [TEST_STEP][PASSED] - verifyTextPresent("Active", true): Text 'Active' is present on page  using regular expression

2024-07-12 19:02:28 - [MESSAGE][PASSED] - Text 'Active' is present on page  using regular expression

2024-07-12 19:02:28 - [TEST_STEP][PASSED] - verifyTextPresent("Christinado Aguillerezo", true): Text 'Christinado Aguillerezo' is present on page  using regular expression

2024-07-12 19:02:28 - [MESSAGE][PASSED] - Text 'Christinado Aguillerezo' is present on page  using regular expression

2024-07-12 19:02:28 - [TEST_STEP][PASSED] - pages.CustomLogger.log_Logger("User was found", "Pass"): pages.CustomLogger.log_Logger is PASSED

2024-07-12 19:02:28 - [MESSAGE][PASSED] - User was found

2024-07-12 19:02:28 - [MESSAGE][PASSED] - pages.CustomLogger.log_Logger is PASSED

2024-07-12 19:02:28 - [TEST_STEP][PASSED] - markPassed("User was found"): User was found

2024-07-12 19:02:28 - [MESSAGE][PASSED] - User was found

2024-07-12 19:02:28 - [TEST_STEP][PASSED] - resText = "Pass": null

2024-07-12 19:02:28 - [TEST_STEP][PASSED] - pages.WriteExcel.demoKey(resText, datText, resColumn, datCloumn, fileLoc, nameSheet, row): pages.WriteExcel.demoKey is PASSED

2024-07-12 19:02:29 - [MESSAGE][PASSED] - pages.WriteExcel.demoKey is PASSED

2024-07-12 19:02:29 - [TEST_STEP][PASSED] - closeBrowser(): Browser is closed

2024-07-12 19:02:30 - [MESSAGE][PASSED] - Browser is closed]]></system-out>
         <system-err><![CDATA[]]></system-err>
      </testcase>
      <testcase name="Test Cases/Admin Suite Bootstrap/UM_TestCases/Users/PasswordCaseSen" time="9.208" classname="Test Cases/Admin Suite Bootstrap/UM_TestCases/Users/PasswordCaseSen" status="PASSED">
         <system-out><![CDATA[2024-07-12 19:02:30 - [TEST_CASE][PASSED] - Test Cases/Admin Suite Bootstrap/UM_TestCases/Users/PasswordCaseSen: Test Cases/Admin Suite Bootstrap/UM_TestCases/Users/PasswordCaseSen

2024-07-12 19:02:30 - [TEST_STEP][PASSED] - path_Dashboard = "Object Repository/AdminSuiteBootstrap_Pages/Dashboard_Bootstrap/": null

2024-07-12 19:02:30 - [TEST_STEP][PASSED] - executionProfile = getExecutionProfile(): null

2024-07-12 19:02:30 - [TEST_STEP][PASSED] - out.println("executionProfile : " + executionProfile): null

2024-07-12 19:02:30 - [TEST_STEP][PASSED] - appName = <not implemented yet for class: org.codehaus.groovy.ast.expr.EmptyExpression>: null

2024-07-12 19:02:30 - [TEST_STEP][PASSED] - appID = <not implemented yet for class: org.codehaus.groovy.ast.expr.EmptyExpression>: null

2024-07-12 19:02:30 - [TEST_STEP][PASSED] - username_from = <not implemented yet for class: org.codehaus.groovy.ast.expr.EmptyExpression>: null

2024-07-12 19:02:30 - [TEST_STEP][PASSED] - password_from = <not implemented yet for class: org.codehaus.groovy.ast.expr.EmptyExpression>: null

2024-07-12 19:02:30 - [TEST_STEP][PASSED] - resText = "Fail": null

2024-07-12 19:02:30 - [TEST_STEP][PASSED] - resColumn = "Result": null

2024-07-12 19:02:30 - [TEST_STEP][PASSED] - datCloumn = "Date": null

2024-07-12 19:02:30 - [TEST_STEP][PASSED] - fileLoc = "KatalonData/Bootstrap/UM-Data.xlsx": null

2024-07-12 19:02:30 - [TEST_STEP][PASSED] - numOfRows = <not implemented yet for class: org.codehaus.groovy.ast.expr.EmptyExpression>: null

2024-07-12 19:02:30 - [TEST_STEP][PASSED] - dataFile = <not implemented yet for class: org.codehaus.groovy.ast.expr.EmptyExpression>: null

2024-07-12 19:02:30 - [TEST_STEP][PASSED] - nameSheet = <not implemented yet for class: org.codehaus.groovy.ast.expr.EmptyExpression>: null

2024-07-12 19:02:30 - [TEST_STEP][PASSED] - dataFileEmulator = <not implemented yet for class: org.codehaus.groovy.ast.expr.EmptyExpression>: null

2024-07-12 19:02:30 - [TEST_STEP][PASSED] - nameSheet = "PassCase": null

2024-07-12 19:02:30 - [TEST_STEP][PASSED] - dataFile = "QA/Bootstrap/UM-TestData/PassCase": null

2024-07-12 19:02:30 - [TEST_STEP][PASSED] - numOfRows = findTestData("QA/Bootstrap/UM-TestData/PassCase").getRowNumbers(): null

2024-07-12 19:02:30 - [TEST_STEP][PASSED] - println("Number of Records: " + numOfRows): null

2024-07-12 19:02:30 - [TEST_STEP][PASSED] - for ([row = 1, row <= numOfRows, (row++)]): Browser is closed

2024-07-12 19:02:30 - [TEST_STEP][PASSED] - ExecuteTC = findTestData(dataFile).getValue("Execute", row): null

2024-07-12 19:02:31 - [TEST_STEP][PASSED] - out.println("Value of Execute is : " + ExecuteTC): null

2024-07-12 19:02:31 - [TEST_STEP][PASSED] - if (ExecuteTC.equalsIgnoreCase("Y")): Browser is closed

2024-07-12 19:02:31 - [TEST_STEP][PASSED] - out.println("Begin Record Number: " + row): null

2024-07-12 19:02:31 - [TEST_STEP][PASSED] - today = new java.util.Date(): null

2024-07-12 19:02:31 - [TEST_STEP][PASSED] - println(today): null

2024-07-12 19:02:31 - [TEST_STEP][PASSED] - datText = today: null

2024-07-12 19:02:31 - [TEST_STEP][PASSED] - username_from = findTestData(dataFile).getValue("Username", row): null

2024-07-12 19:02:31 - [TEST_STEP][PASSED] - password_from = findTestData(dataFile).getValue("Password", row): null

2024-07-12 19:02:31 - [TEST_STEP][PASSED] - adminSuiteBootstrap.loginFunctionality.login_AdminSuite_DD(username_from, password_from): adminSuiteBootstrap.loginFunctionality.login_AdminSuite_DD is PASSED

2024-07-12 19:02:31 - [MESSAGE][INFO] - Starting 'Chrome' driver

2024-07-12 19:02:31 - [MESSAGE][INFO] - User set preference: ['acceptInsecureCerts', 'true']

2024-07-12 19:02:31 - [MESSAGE][INFO] - Action delay is set to 0 milliseconds

2024-07-12 19:02:34 - [MESSAGE][PASSED] - Browser is opened with url: 'https://qa2.velocitypayment.com/admin/imtiaz'

2024-07-12 19:02:34 - [MESSAGE][PASSED] - Current window maximized

2024-07-12 19:02:34 - [MESSAGE][PASSED] - Object 'Object Repository/Login_Page/Login_Username_Okta' is present

2024-07-12 19:02:35 - [MESSAGE][PASSED] - Text 'CASEuser' is set on object 'Object Repository/Login_Page/Login_Username_Okta'

2024-07-12 19:02:36 - [MESSAGE][PASSED] - Text 'HELLO@2222' is set on object 'Object Repository/Login_Page/Login_Password_Okta'

2024-07-12 19:02:36 - [MESSAGE][PASSED] - Object: 'Object Repository/Login_Page/Login_Submit_Okta' is clicked on

2024-07-12 19:02:36 - [MESSAGE][PASSED] - adminSuiteBootstrap.loginFunctionality.login_AdminSuite_DD is PASSED

2024-07-12 19:02:36 - [TEST_STEP][PASSED] - if (verifyTextPresent("Unable to sign in", true)): null

2024-07-12 19:02:38 - [MESSAGE][PASSED] - Text 'Unable to sign in' is present on page  using regular expression

2024-07-12 19:02:38 - [TEST_STEP][PASSED] - pages.CustomLogger.log_Logger("User was not able to login, Password is case sensitive", "Pass"): pages.CustomLogger.log_Logger is PASSED

2024-07-12 19:02:38 - [MESSAGE][PASSED] - User was not able to login, Password is case sensitive

2024-07-12 19:02:38 - [MESSAGE][PASSED] - pages.CustomLogger.log_Logger is PASSED

2024-07-12 19:02:38 - [TEST_STEP][PASSED] - markPassed("Unable to sign in, Password is case sensitive"): Unable to sign in, Password is case sensitive

2024-07-12 19:02:38 - [MESSAGE][PASSED] - Unable to sign in, Password is case sensitive

2024-07-12 19:02:38 - [TEST_STEP][PASSED] - resText = "Pass": null

2024-07-12 19:02:38 - [TEST_STEP][PASSED] - pages.WriteExcel.demoKey(resText, datText, resColumn, datCloumn, fileLoc, nameSheet, row): pages.WriteExcel.demoKey is PASSED

2024-07-12 19:02:38 - [MESSAGE][PASSED] - pages.WriteExcel.demoKey is PASSED

2024-07-12 19:02:38 - [TEST_STEP][PASSED] - closeBrowser(): Browser is closed

2024-07-12 19:02:39 - [MESSAGE][PASSED] - Browser is closed]]></system-out>
         <system-err><![CDATA[]]></system-err>
      </testcase>
      <testcase name="Test Cases/Admin Suite Bootstrap/UM_TestCases/Users/UsernameNotCaseSen" time="45.768" classname="Test Cases/Admin Suite Bootstrap/UM_TestCases/Users/UsernameNotCaseSen" status="PASSED">
         <system-out><![CDATA[2024-07-12 19:02:39 - [TEST_CASE][PASSED] - Test Cases/Admin Suite Bootstrap/UM_TestCases/Users/UsernameNotCaseSen: Test Cases/Admin Suite Bootstrap/UM_TestCases/Users/UsernameNotCaseSen

2024-07-12 19:02:40 - [TEST_STEP][PASSED] - path_Dashboard = "Object Repository/AdminSuiteBootstrap_Pages/Dashboard_Bootstrap/": null

2024-07-12 19:02:40 - [TEST_STEP][PASSED] - executionProfile = getExecutionProfile(): null

2024-07-12 19:02:40 - [TEST_STEP][PASSED] - out.println("executionProfile : " + executionProfile): null

2024-07-12 19:02:40 - [TEST_STEP][PASSED] - appName = <not implemented yet for class: org.codehaus.groovy.ast.expr.EmptyExpression>: null

2024-07-12 19:02:40 - [TEST_STEP][PASSED] - appID = <not implemented yet for class: org.codehaus.groovy.ast.expr.EmptyExpression>: null

2024-07-12 19:02:40 - [TEST_STEP][PASSED] - username_from = <not implemented yet for class: org.codehaus.groovy.ast.expr.EmptyExpression>: null

2024-07-12 19:02:40 - [TEST_STEP][PASSED] - password_from = <not implemented yet for class: org.codehaus.groovy.ast.expr.EmptyExpression>: null

2024-07-12 19:02:40 - [TEST_STEP][PASSED] - resText = "Fail": null

2024-07-12 19:02:40 - [TEST_STEP][PASSED] - resColumn = "Result": null

2024-07-12 19:02:40 - [TEST_STEP][PASSED] - datCloumn = "Date": null

2024-07-12 19:02:40 - [TEST_STEP][PASSED] - fileLoc = "KatalonData/Bootstrap/UM-Data.xlsx": null

2024-07-12 19:02:40 - [TEST_STEP][PASSED] - numOfRows = <not implemented yet for class: org.codehaus.groovy.ast.expr.EmptyExpression>: null

2024-07-12 19:02:40 - [TEST_STEP][PASSED] - dataFile = <not implemented yet for class: org.codehaus.groovy.ast.expr.EmptyExpression>: null

2024-07-12 19:02:40 - [TEST_STEP][PASSED] - nameSheet = <not implemented yet for class: org.codehaus.groovy.ast.expr.EmptyExpression>: null

2024-07-12 19:02:40 - [TEST_STEP][PASSED] - dataFileEmulator = <not implemented yet for class: org.codehaus.groovy.ast.expr.EmptyExpression>: null

2024-07-12 19:02:40 - [TEST_STEP][PASSED] - nameSheet = "UsernameCase": null

2024-07-12 19:02:40 - [TEST_STEP][PASSED] - dataFile = "QA/Bootstrap/UM-TestData/UsernameCase": null

2024-07-12 19:02:40 - [TEST_STEP][PASSED] - numOfRows = findTestData("QA/Bootstrap/UM-TestData/UsernameCase").getRowNumbers(): null

2024-07-12 19:02:40 - [TEST_STEP][PASSED] - println("Number of Records: " + numOfRows): null

2024-07-12 19:02:40 - [TEST_STEP][PASSED] - for ([row = 1, row <= numOfRows, (row++)]): Browser is closed

2024-07-12 19:02:40 - [TEST_STEP][PASSED] - ExecuteTC = findTestData(dataFile).getValue("Execute", row): null

2024-07-12 19:02:40 - [TEST_STEP][PASSED] - out.println("Value of Execute is : " + ExecuteTC): null

2024-07-12 19:02:40 - [TEST_STEP][PASSED] - if (ExecuteTC.equalsIgnoreCase("Y")): Browser is closed

2024-07-12 19:02:40 - [TEST_STEP][PASSED] - out.println("Begin Record Number: " + row): null

2024-07-12 19:02:40 - [TEST_STEP][PASSED] - today = new java.util.Date(): null

2024-07-12 19:02:40 - [TEST_STEP][PASSED] - println(today): null

2024-07-12 19:02:40 - [TEST_STEP][PASSED] - datText = today: null

2024-07-12 19:02:40 - [TEST_STEP][PASSED] - username_from = findTestData(dataFile).getValue("Username", row): null

2024-07-12 19:02:40 - [TEST_STEP][PASSED] - password_from = findTestData(dataFile).getValue("Password", row): null

2024-07-12 19:02:40 - [TEST_STEP][PASSED] - adminSuiteBootstrap.loginFunctionality.login_AdminSuite_DD(username_from, password_from): adminSuiteBootstrap.loginFunctionality.login_AdminSuite_DD is PASSED

2024-07-12 19:02:40 - [MESSAGE][INFO] - Starting 'Chrome' driver

2024-07-12 19:02:40 - [MESSAGE][INFO] - User set preference: ['acceptInsecureCerts', 'true']

2024-07-12 19:02:40 - [MESSAGE][INFO] - Action delay is set to 0 milliseconds

2024-07-12 19:02:42 - [MESSAGE][PASSED] - Browser is opened with url: 'https://qa2.velocitypayment.com/admin/imtiaz'

2024-07-12 19:02:43 - [MESSAGE][PASSED] - Current window maximized

2024-07-12 19:02:43 - [MESSAGE][PASSED] - Object 'Object Repository/Login_Page/Login_Username_Okta' is present

2024-07-12 19:02:44 - [MESSAGE][PASSED] - Text 'CASEuser' is set on object 'Object Repository/Login_Page/Login_Username_Okta'

2024-07-12 19:02:45 - [MESSAGE][PASSED] - Text 'Hello@2222' is set on object 'Object Repository/Login_Page/Login_Password_Okta'

2024-07-12 19:02:45 - [MESSAGE][PASSED] - Object: 'Object Repository/Login_Page/Login_Submit_Okta' is clicked on

2024-07-12 19:02:45 - [MESSAGE][PASSED] - adminSuiteBootstrap.loginFunctionality.login_AdminSuite_DD is PASSED

2024-07-12 19:02:45 - [TEST_STEP][PASSED] - if (verifyElementPresent(findTestObject(path_Dashboard + "a_Access User Management"), 30)): null

2024-07-12 19:02:53 - [MESSAGE][PASSED] - Object 'Object Repository/AdminSuiteBootstrap_Pages/Dashboard_Bootstrap/a_Access User Management' is present

2024-07-12 19:02:53 - [TEST_STEP][PASSED] - pages.CustomLogger.log_Logger("User was able to login, Username is not case sensitive", "Pass"): pages.CustomLogger.log_Logger is PASSED

2024-07-12 19:02:53 - [MESSAGE][PASSED] - User was able to login, Username is not case sensitive

2024-07-12 19:02:53 - [MESSAGE][PASSED] - pages.CustomLogger.log_Logger is PASSED

2024-07-12 19:02:53 - [TEST_STEP][PASSED] - markPassed("User was able to login, Username is not case sensitive"): User was able to login, Username is not case sensitive

2024-07-12 19:02:53 - [MESSAGE][PASSED] - User was able to login, Username is not case sensitive

2024-07-12 19:02:53 - [TEST_STEP][PASSED] - resText = "Pass": null

2024-07-12 19:02:53 - [TEST_STEP][PASSED] - pages.WriteExcel.demoKey(resText, datText, resColumn, datCloumn, fileLoc, nameSheet, row): pages.WriteExcel.demoKey is PASSED

2024-07-12 19:02:53 - [MESSAGE][PASSED] - pages.WriteExcel.demoKey is PASSED

2024-07-12 19:02:53 - [TEST_STEP][PASSED] - closeBrowser(): Browser is closed

2024-07-12 19:02:54 - [MESSAGE][PASSED] - Browser is closed

2024-07-12 19:02:54 - [TEST_STEP][PASSED] - ExecuteTC = findTestData(dataFile).getValue("Execute", row): null

2024-07-12 19:02:55 - [TEST_STEP][PASSED] - out.println("Value of Execute is : " + ExecuteTC): null

2024-07-12 19:02:55 - [TEST_STEP][PASSED] - if (ExecuteTC.equalsIgnoreCase("Y")): Browser is closed

2024-07-12 19:02:55 - [TEST_STEP][PASSED] - out.println("Begin Record Number: " + row): null

2024-07-12 19:02:55 - [TEST_STEP][PASSED] - today = new java.util.Date(): null

2024-07-12 19:02:55 - [TEST_STEP][PASSED] - println(today): null

2024-07-12 19:02:55 - [TEST_STEP][PASSED] - datText = today: null

2024-07-12 19:02:55 - [TEST_STEP][PASSED] - username_from = findTestData(dataFile).getValue("Username", row): null

2024-07-12 19:02:55 - [TEST_STEP][PASSED] - password_from = findTestData(dataFile).getValue("Password", row): null

2024-07-12 19:02:55 - [TEST_STEP][PASSED] - adminSuiteBootstrap.loginFunctionality.login_AdminSuite_DD(username_from, password_from): adminSuiteBootstrap.loginFunctionality.login_AdminSuite_DD is PASSED

2024-07-12 19:02:55 - [MESSAGE][INFO] - Starting 'Chrome' driver

2024-07-12 19:02:55 - [MESSAGE][INFO] - User set preference: ['acceptInsecureCerts', 'true']

2024-07-12 19:02:55 - [MESSAGE][INFO] - Action delay is set to 0 milliseconds

2024-07-12 19:02:57 - [MESSAGE][PASSED] - Browser is opened with url: 'https://qa2.velocitypayment.com/admin/imtiaz'

2024-07-12 19:02:58 - [MESSAGE][PASSED] - Current window maximized

2024-07-12 19:02:58 - [MESSAGE][PASSED] - Object 'Object Repository/Login_Page/Login_Username_Okta' is present

2024-07-12 19:02:59 - [MESSAGE][PASSED] - Text 'caseuser' is set on object 'Object Repository/Login_Page/Login_Username_Okta'

2024-07-12 19:03:00 - [MESSAGE][PASSED] - Text 'Hello@2222' is set on object 'Object Repository/Login_Page/Login_Password_Okta'

2024-07-12 19:03:00 - [MESSAGE][PASSED] - Object: 'Object Repository/Login_Page/Login_Submit_Okta' is clicked on

2024-07-12 19:03:00 - [MESSAGE][PASSED] - adminSuiteBootstrap.loginFunctionality.login_AdminSuite_DD is PASSED

2024-07-12 19:03:00 - [TEST_STEP][PASSED] - if (verifyElementPresent(findTestObject(path_Dashboard + "a_Access User Management"), 30)): null

2024-07-12 19:03:08 - [MESSAGE][PASSED] - Object 'Object Repository/AdminSuiteBootstrap_Pages/Dashboard_Bootstrap/a_Access User Management' is present

2024-07-12 19:03:08 - [TEST_STEP][PASSED] - pages.CustomLogger.log_Logger("User was able to login, Username is not case sensitive", "Pass"): pages.CustomLogger.log_Logger is PASSED

2024-07-12 19:03:08 - [MESSAGE][PASSED] - User was able to login, Username is not case sensitive

2024-07-12 19:03:08 - [MESSAGE][PASSED] - pages.CustomLogger.log_Logger is PASSED

2024-07-12 19:03:08 - [TEST_STEP][PASSED] - markPassed("User was able to login, Username is not case sensitive"): User was able to login, Username is not case sensitive

2024-07-12 19:03:08 - [MESSAGE][PASSED] - User was able to login, Username is not case sensitive

2024-07-12 19:03:08 - [TEST_STEP][PASSED] - resText = "Pass": null

2024-07-12 19:03:08 - [TEST_STEP][PASSED] - pages.WriteExcel.demoKey(resText, datText, resColumn, datCloumn, fileLoc, nameSheet, row): pages.WriteExcel.demoKey is PASSED

2024-07-12 19:03:08 - [MESSAGE][PASSED] - pages.WriteExcel.demoKey is PASSED

2024-07-12 19:03:08 - [TEST_STEP][PASSED] - closeBrowser(): Browser is closed

2024-07-12 19:03:10 - [MESSAGE][PASSED] - Browser is closed

2024-07-12 19:03:10 - [TEST_STEP][PASSED] - ExecuteTC = findTestData(dataFile).getValue("Execute", row): null

2024-07-12 19:03:10 - [TEST_STEP][PASSED] - out.println("Value of Execute is : " + ExecuteTC): null

2024-07-12 19:03:10 - [TEST_STEP][PASSED] - if (ExecuteTC.equalsIgnoreCase("Y")): Browser is closed

2024-07-12 19:03:10 - [TEST_STEP][PASSED] - out.println("Begin Record Number: " + row): null

2024-07-12 19:03:10 - [TEST_STEP][PASSED] - today = new java.util.Date(): null

2024-07-12 19:03:10 - [TEST_STEP][PASSED] - println(today): null

2024-07-12 19:03:10 - [TEST_STEP][PASSED] - datText = today: null

2024-07-12 19:03:10 - [TEST_STEP][PASSED] - username_from = findTestData(dataFile).getValue("Username", row): null

2024-07-12 19:03:10 - [TEST_STEP][PASSED] - password_from = findTestData(dataFile).getValue("Password", row): null

2024-07-12 19:03:10 - [TEST_STEP][PASSED] - adminSuiteBootstrap.loginFunctionality.login_AdminSuite_DD(username_from, password_from): adminSuiteBootstrap.loginFunctionality.login_AdminSuite_DD is PASSED

2024-07-12 19:03:10 - [MESSAGE][INFO] - Starting 'Chrome' driver

2024-07-12 19:03:10 - [MESSAGE][INFO] - User set preference: ['acceptInsecureCerts', 'true']

2024-07-12 19:03:10 - [MESSAGE][INFO] - Action delay is set to 0 milliseconds

2024-07-12 19:03:13 - [MESSAGE][PASSED] - Browser is opened with url: 'https://qa2.velocitypayment.com/admin/imtiaz'

2024-07-12 19:03:13 - [MESSAGE][PASSED] - Current window maximized

2024-07-12 19:03:13 - [MESSAGE][PASSED] - Object 'Object Repository/Login_Page/Login_Username_Okta' is present

2024-07-12 19:03:14 - [MESSAGE][PASSED] - Text 'CASEUSER' is set on object 'Object Repository/Login_Page/Login_Username_Okta'

2024-07-12 19:03:15 - [MESSAGE][PASSED] - Text 'Hello@2222' is set on object 'Object Repository/Login_Page/Login_Password_Okta'

2024-07-12 19:03:16 - [MESSAGE][PASSED] - Object: 'Object Repository/Login_Page/Login_Submit_Okta' is clicked on

2024-07-12 19:03:16 - [MESSAGE][PASSED] - adminSuiteBootstrap.loginFunctionality.login_AdminSuite_DD is PASSED

2024-07-12 19:03:16 - [TEST_STEP][PASSED] - if (verifyElementPresent(findTestObject(path_Dashboard + "a_Access User Management"), 30)): null

2024-07-12 19:03:23 - [MESSAGE][PASSED] - Object 'Object Repository/AdminSuiteBootstrap_Pages/Dashboard_Bootstrap/a_Access User Management' is present

2024-07-12 19:03:23 - [TEST_STEP][PASSED] - pages.CustomLogger.log_Logger("User was able to login, Username is not case sensitive", "Pass"): pages.CustomLogger.log_Logger is PASSED

2024-07-12 19:03:23 - [MESSAGE][PASSED] - User was able to login, Username is not case sensitive

2024-07-12 19:03:23 - [MESSAGE][PASSED] - pages.CustomLogger.log_Logger is PASSED

2024-07-12 19:03:23 - [TEST_STEP][PASSED] - markPassed("User was able to login, Username is not case sensitive"): User was able to login, Username is not case sensitive

2024-07-12 19:03:23 - [MESSAGE][PASSED] - User was able to login, Username is not case sensitive

2024-07-12 19:03:23 - [TEST_STEP][PASSED] - resText = "Pass": null

2024-07-12 19:03:23 - [TEST_STEP][PASSED] - pages.WriteExcel.demoKey(resText, datText, resColumn, datCloumn, fileLoc, nameSheet, row): pages.WriteExcel.demoKey is PASSED

2024-07-12 19:03:24 - [MESSAGE][PASSED] - pages.WriteExcel.demoKey is PASSED

2024-07-12 19:03:24 - [TEST_STEP][PASSED] - closeBrowser(): Browser is closed

2024-07-12 19:03:25 - [MESSAGE][PASSED] - Browser is closed]]></system-out>
         <system-err><![CDATA[]]></system-err>
      </testcase>
      <testcase name="Test Cases/Admin Suite Bootstrap/UM_TestCases/Users/AddDeleteUserPasswordSpChar" time="478.56" classname="Test Cases/Admin Suite Bootstrap/UM_TestCases/Users/AddDeleteUserPasswordSpChar" status="PASSED">
         <system-out><![CDATA[2024-07-12 19:03:25 - [TEST_CASE][PASSED] - Test Cases/Admin Suite Bootstrap/UM_TestCases/Users/AddDeleteUserPasswordSpChar: Test Cases/Admin Suite Bootstrap/UM_TestCases/Users/AddDeleteUserPasswordSpChar

2024-07-12 19:03:25 - [TEST_STEP][PASSED] - path_Dashboard = "Object Repository/AdminSuiteBootstrap_Pages/Dashboard_Bootstrap/": null

2024-07-12 19:03:25 - [TEST_STEP][PASSED] - path_Users = "Object Repository/AdminSuiteBootstrap_Pages/UM_Bootstrap/Users/": null

2024-07-12 19:03:25 - [TEST_STEP][PASSED] - path_UserView = "Object Repository/AdminSuiteBootstrap_Pages/UM_Bootstrap/UserView/": null

2024-07-12 19:03:25 - [TEST_STEP][PASSED] - path_DeleteUser = "Object Repository/AdminSuiteBootstrap_Pages/UM_Bootstrap/DeleteUser/": null

2024-07-12 19:03:25 - [TEST_STEP][PASSED] - path_AddUser = "Object Repository/AdminSuiteBootstrap_Pages/UM_Bootstrap/AddUser/": null

2024-07-12 19:03:25 - [TEST_STEP][PASSED] - executionProfile = getExecutionProfile(): null

2024-07-12 19:03:25 - [TEST_STEP][PASSED] - out.println("executionProfile : " + executionProfile): null

2024-07-12 19:03:25 - [TEST_STEP][PASSED] - appName = <not implemented yet for class: org.codehaus.groovy.ast.expr.EmptyExpression>: null

2024-07-12 19:03:25 - [TEST_STEP][PASSED] - appID = <not implemented yet for class: org.codehaus.groovy.ast.expr.EmptyExpression>: null

2024-07-12 19:03:25 - [TEST_STEP][PASSED] - spUsername = <not implemented yet for class: org.codehaus.groovy.ast.expr.EmptyExpression>: null

2024-07-12 19:03:25 - [TEST_STEP][PASSED] - resText = "Fail": null

2024-07-12 19:03:25 - [TEST_STEP][PASSED] - resColumn = "Result": null

2024-07-12 19:03:25 - [TEST_STEP][PASSED] - datCloumn = "Date": null

2024-07-12 19:03:25 - [TEST_STEP][PASSED] - fileLoc = "KatalonData/Bootstrap/UM-Data.xlsx": null

2024-07-12 19:03:25 - [TEST_STEP][PASSED] - numOfRows = <not implemented yet for class: org.codehaus.groovy.ast.expr.EmptyExpression>: null

2024-07-12 19:03:25 - [TEST_STEP][PASSED] - dataFile = <not implemented yet for class: org.codehaus.groovy.ast.expr.EmptyExpression>: null

2024-07-12 19:03:25 - [TEST_STEP][PASSED] - nameSheet = <not implemented yet for class: org.codehaus.groovy.ast.expr.EmptyExpression>: null

2024-07-12 19:03:25 - [TEST_STEP][PASSED] - dataFileEmulator = <not implemented yet for class: org.codehaus.groovy.ast.expr.EmptyExpression>: null

2024-07-12 19:03:25 - [TEST_STEP][PASSED] - nameSheet = "CreateUserPasswordSpChar": null

2024-07-12 19:03:25 - [TEST_STEP][PASSED] - dataFile = "QA/Bootstrap/UM-TestData/CreateUserPasswordSpChar": null

2024-07-12 19:03:25 - [TEST_STEP][PASSED] - numOfRows = findTestData("QA/Bootstrap/UM-TestData/CreateUserPasswordSpChar").getRowNumbers(): null

2024-07-12 19:03:25 - [TEST_STEP][PASSED] - println("Number of Records: " + numOfRows): null

2024-07-12 19:03:25 - [TEST_STEP][PASSED] - for ([row = 1, row <= numOfRows, (row++)]): Browser is closed

2024-07-12 19:03:25 - [TEST_STEP][PASSED] - ExecuteTC = findTestData(dataFile).getValue("Execute", row): null

2024-07-12 19:03:26 - [TEST_STEP][PASSED] - out.println("Value of Execute is : " + ExecuteTC): null

2024-07-12 19:03:26 - [TEST_STEP][PASSED] - if (ExecuteTC.equalsIgnoreCase("Y")): Browser is closed

2024-07-12 19:03:26 - [TEST_STEP][PASSED] - out.println("Begin Record Number: " + row): null

2024-07-12 19:03:26 - [TEST_STEP][PASSED] - today = new java.util.Date(): null

2024-07-12 19:03:26 - [TEST_STEP][PASSED] - println(today): null

2024-07-12 19:03:26 - [TEST_STEP][PASSED] - datText = today: null

2024-07-12 19:03:26 - [TEST_STEP][PASSED] - adminSuiteBootstrap.loginFunctionality.login_AdminSuite(): adminSuiteBootstrap.loginFunctionality.login_AdminSuite is PASSED

2024-07-12 19:03:26 - [MESSAGE][INFO] - Starting 'Chrome' driver

2024-07-12 19:03:26 - [MESSAGE][INFO] - User set preference: ['acceptInsecureCerts', 'true']

2024-07-12 19:03:26 - [MESSAGE][INFO] - Action delay is set to 0 milliseconds

2024-07-12 19:03:29 - [MESSAGE][PASSED] - Browser is opened with url: 'https://qa2.velocitypayment.com/admin/imtiaz'

2024-07-12 19:03:29 - [MESSAGE][PASSED] - Current window maximized

2024-07-12 19:03:29 - [MESSAGE][PASSED] - Object 'Object Repository/Login_Page/Login_Username_Okta' is present

2024-07-12 19:03:30 - [MESSAGE][PASSED] - Text 'iahmed' is set on object 'Object Repository/Login_Page/Login_Username_Okta'

2024-07-12 19:03:31 - [MESSAGE][PASSED] - Text 'Hello!6666666' is set on object 'Object Repository/Login_Page/Login_Password_Okta'

2024-07-12 19:03:31 - [MESSAGE][PASSED] - Object: 'Object Repository/Login_Page/Login_Submit_Okta' is clicked on

2024-07-12 19:03:31 - [MESSAGE][PASSED] - adminSuiteBootstrap.loginFunctionality.login_AdminSuite is PASSED

2024-07-12 19:03:31 - [TEST_STEP][PASSED] - click(findTestObject(path_Dashboard + "a_Access User Management")): Object: 'Object Repository/AdminSuiteBootstrap_Pages/Dashboard_Bootstrap/a_Access User Management' is clicked on

2024-07-12 19:03:39 - [MESSAGE][PASSED] - Object: 'Object Repository/AdminSuiteBootstrap_Pages/Dashboard_Bootstrap/a_Access User Management' is clicked on

2024-07-12 19:03:39 - [TEST_STEP][PASSED] - click(findTestObject(path_Users + "a_Add User")): Object: 'Object Repository/AdminSuiteBootstrap_Pages/UM_Bootstrap/Users/a_Add User' is clicked on

2024-07-12 19:03:40 - [MESSAGE][PASSED] - Object: 'Object Repository/AdminSuiteBootstrap_Pages/UM_Bootstrap/Users/a_Add User' is clicked on

2024-07-12 19:03:40 - [TEST_STEP][PASSED] - PasswordSpChar = findTestData(dataFile).getValue("PasswordSpChar", row): null

2024-07-12 19:03:40 - [TEST_STEP][PASSED] - PasswordLength = findTestData(dataFile).getValue("PasswordLength", row): null

2024-07-12 19:03:40 - [TEST_STEP][PASSED] - lenPassword = Integer.parseInt(PasswordLength): null

2024-07-12 19:03:40 - [TEST_STEP][PASSED] - buildFName = pages.GenerateRandom.getRandomAlpha(): pages.GenerateRandom.getRandomAlpha is PASSED

2024-07-12 19:03:40 - [MESSAGE][PASSED] - pages.GenerateRandom.getRandomAlpha is PASSED

2024-07-12 19:03:40 - [TEST_STEP][PASSED] - BuildLName = pages.GenerateRandom.getRandomAlpha(): pages.GenerateRandom.getRandomAlpha is PASSED

2024-07-12 19:03:40 - [MESSAGE][PASSED] - pages.GenerateRandom.getRandomAlpha is PASSED

2024-07-12 19:03:40 - [TEST_STEP][PASSED] - buildUsername = pages.GenerateRandom.getRandomAlpha(): pages.GenerateRandom.getRandomAlpha is PASSED

2024-07-12 19:03:40 - [MESSAGE][PASSED] - pages.GenerateRandom.getRandomAlpha is PASSED

2024-07-12 19:03:40 - [TEST_STEP][PASSED] - buildPassword = pages.GenerateRandom.getRandomAlphaNumCustomLength(lenPassword): pages.GenerateRandom.getRandomAlphaNumCustomLength is PASSED

2024-07-12 19:03:40 - [MESSAGE][PASSED] - pages.GenerateRandom.getRandomAlphaNumCustomLength is PASSED

2024-07-12 19:03:40 - [TEST_STEP][PASSED] - FinalPassword = buildPassword + PasswordSpChar: null

2024-07-12 19:03:40 - [TEST_STEP][PASSED] - println("Final Password is : " + FinalPassword): null

2024-07-12 19:03:40 - [TEST_STEP][PASSED] - setText(findTestObject(path_AddUser + "input_EmailAddress"), "iahmed@govolution.com"): Text 'iahmed@govolution.com' is set on object 'Object Repository/AdminSuiteBootstrap_Pages/UM_Bootstrap/AddUser/input_EmailAddress'

2024-07-12 19:03:41 - [MESSAGE][PASSED] - Text 'iahmed@govolution.com' is set on object 'Object Repository/AdminSuiteBootstrap_Pages/UM_Bootstrap/AddUser/input_EmailAddress'

2024-07-12 19:03:41 - [TEST_STEP][PASSED] - setText(findTestObject(path_AddUser + "input_Username"), buildUsername): Text 'fEqMTLdqj' is set on object 'Object Repository/AdminSuiteBootstrap_Pages/UM_Bootstrap/AddUser/input_Username'

2024-07-12 19:03:41 - [MESSAGE][PASSED] - Text 'fEqMTLdqj' is set on object 'Object Repository/AdminSuiteBootstrap_Pages/UM_Bootstrap/AddUser/input_Username'

2024-07-12 19:03:41 - [TEST_STEP][PASSED] - setText(findTestObject(path_AddUser + "input_FirstName"), buildFName): Text 'qwifyRahR' is set on object 'Object Repository/AdminSuiteBootstrap_Pages/UM_Bootstrap/AddUser/input_FirstName'

2024-07-12 19:03:42 - [MESSAGE][PASSED] - Text 'qwifyRahR' is set on object 'Object Repository/AdminSuiteBootstrap_Pages/UM_Bootstrap/AddUser/input_FirstName'

2024-07-12 19:03:42 - [TEST_STEP][PASSED] - setText(findTestObject(path_AddUser + "input_LastName"), BuildLName): Text 'aXMSuFtyE' is set on object 'Object Repository/AdminSuiteBootstrap_Pages/UM_Bootstrap/AddUser/input_LastName'

2024-07-12 19:03:43 - [MESSAGE][PASSED] - Text 'aXMSuFtyE' is set on object 'Object Repository/AdminSuiteBootstrap_Pages/UM_Bootstrap/AddUser/input_LastName'

2024-07-12 19:03:43 - [TEST_STEP][PASSED] - setText(findTestObject(path_AddUser + "input_Password"), FinalPassword): Text 'T0ENzxDWV!Aa1' is set on object 'Object Repository/AdminSuiteBootstrap_Pages/UM_Bootstrap/AddUser/input_Password'

2024-07-12 19:03:44 - [MESSAGE][PASSED] - Text 'T0ENzxDWV!Aa1' is set on object 'Object Repository/AdminSuiteBootstrap_Pages/UM_Bootstrap/AddUser/input_Password'

2024-07-12 19:03:44 - [TEST_STEP][PASSED] - setText(findTestObject(path_AddUser + "input_ConfirmPassword"), FinalPassword): Text 'T0ENzxDWV!Aa1' is set on object 'Object Repository/AdminSuiteBootstrap_Pages/UM_Bootstrap/AddUser/input_ConfirmPassword'

2024-07-12 19:03:44 - [MESSAGE][PASSED] - Text 'T0ENzxDWV!Aa1' is set on object 'Object Repository/AdminSuiteBootstrap_Pages/UM_Bootstrap/AddUser/input_ConfirmPassword'

2024-07-12 19:03:44 - [TEST_STEP][PASSED] - check(findTestObject(path_AddUser + "input_No_lock")): Object 'Object Repository/AdminSuiteBootstrap_Pages/UM_Bootstrap/AddUser/input_No_lock' is checked

2024-07-12 19:03:45 - [MESSAGE][PASSED] - Object 'Object Repository/AdminSuiteBootstrap_Pages/UM_Bootstrap/AddUser/input_No_lock' is checked

2024-07-12 19:03:45 - [TEST_STEP][PASSED] - click(findTestObject(path_AddUser + "button_Create")): Object: 'Object Repository/AdminSuiteBootstrap_Pages/UM_Bootstrap/AddUser/button_Create' is clicked on

2024-07-12 19:03:50 - [MESSAGE][PASSED] - Object: 'Object Repository/AdminSuiteBootstrap_Pages/UM_Bootstrap/AddUser/button_Create' is clicked on

2024-07-12 19:03:50 - [TEST_STEP][PASSED] - if (verifyTextPresent("User Account Created A user account for", true)): null

2024-07-12 19:03:51 - [MESSAGE][PASSED] - Text 'User Account Created A user account for' is present on page  using regular expression

2024-07-12 19:03:51 - [TEST_STEP][PASSED] - verifyTextPresent("was successfully created", true): Text 'was successfully created' is present on page  using regular expression

2024-07-12 19:03:51 - [MESSAGE][PASSED] - Text 'was successfully created' is present on page  using regular expression

2024-07-12 19:03:51 - [TEST_STEP][PASSED] - click(findTestObject(path_UserView + "button_Delete")): Object: 'Object Repository/AdminSuiteBootstrap_Pages/UM_Bootstrap/UserView/button_Delete' is clicked on

2024-07-12 19:03:52 - [MESSAGE][PASSED] - Object: 'Object Repository/AdminSuiteBootstrap_Pages/UM_Bootstrap/UserView/button_Delete' is clicked on

2024-07-12 19:03:52 - [TEST_STEP][PASSED] - click(findTestObject(path_DeleteUser + "button_DeleteUser_Delete")): Object: 'Object Repository/AdminSuiteBootstrap_Pages/UM_Bootstrap/DeleteUser/button_DeleteUser_Delete' is clicked on

2024-07-12 19:03:52 - [MESSAGE][PASSED] - Object: 'Object Repository/AdminSuiteBootstrap_Pages/UM_Bootstrap/DeleteUser/button_DeleteUser_Delete' is clicked on

2024-07-12 19:03:52 - [TEST_STEP][PASSED] - click(findTestObject(path_DeleteUser + "button_DeleteUser_Okay")): Object: 'Object Repository/AdminSuiteBootstrap_Pages/UM_Bootstrap/DeleteUser/button_DeleteUser_Okay' is clicked on

2024-07-12 19:03:54 - [MESSAGE][PASSED] - Object: 'Object Repository/AdminSuiteBootstrap_Pages/UM_Bootstrap/DeleteUser/button_DeleteUser_Okay' is clicked on

2024-07-12 19:03:54 - [TEST_STEP][PASSED] - markPassed("User was created and deleted"): User was created and deleted

2024-07-12 19:03:54 - [MESSAGE][PASSED] - User was created and deleted

2024-07-12 19:03:54 - [TEST_STEP][PASSED] - resText = "Pass": null

2024-07-12 19:03:54 - [TEST_STEP][PASSED] - pages.WriteExcel.demoKey(resText, datText, resColumn, datCloumn, fileLoc, nameSheet, row): pages.WriteExcel.demoKey is PASSED

2024-07-12 19:03:54 - [MESSAGE][PASSED] - pages.WriteExcel.demoKey is PASSED

2024-07-12 19:03:54 - [TEST_STEP][PASSED] - closeBrowser(): Browser is closed

2024-07-12 19:03:55 - [MESSAGE][PASSED] - Browser is closed

2024-07-12 19:03:55 - [TEST_STEP][PASSED] - ExecuteTC = findTestData(dataFile).getValue("Execute", row): null

2024-07-12 19:03:55 - [TEST_STEP][PASSED] - out.println("Value of Execute is : " + ExecuteTC): null

2024-07-12 19:03:55 - [TEST_STEP][PASSED] - if (ExecuteTC.equalsIgnoreCase("Y")): Browser is closed

2024-07-12 19:03:55 - [TEST_STEP][PASSED] - out.println("Begin Record Number: " + row): null

2024-07-12 19:03:55 - [TEST_STEP][PASSED] - today = new java.util.Date(): null

2024-07-12 19:03:55 - [TEST_STEP][PASSED] - println(today): null

2024-07-12 19:03:55 - [TEST_STEP][PASSED] - datText = today: null

2024-07-12 19:03:55 - [TEST_STEP][PASSED] - adminSuiteBootstrap.loginFunctionality.login_AdminSuite(): adminSuiteBootstrap.loginFunctionality.login_AdminSuite is PASSED

2024-07-12 19:03:55 - [MESSAGE][INFO] - Starting 'Chrome' driver

2024-07-12 19:03:55 - [MESSAGE][INFO] - User set preference: ['acceptInsecureCerts', 'true']

2024-07-12 19:03:55 - [MESSAGE][INFO] - Action delay is set to 0 milliseconds

2024-07-12 19:03:58 - [MESSAGE][PASSED] - Browser is opened with url: 'https://qa2.velocitypayment.com/admin/imtiaz'

2024-07-12 19:03:58 - [MESSAGE][PASSED] - Current window maximized

2024-07-12 19:03:59 - [MESSAGE][PASSED] - Object 'Object Repository/Login_Page/Login_Username_Okta' is present

2024-07-12 19:04:00 - [MESSAGE][PASSED] - Text 'iahmed' is set on object 'Object Repository/Login_Page/Login_Username_Okta'

2024-07-12 19:04:00 - [MESSAGE][PASSED] - Text 'Hello!6666666' is set on object 'Object Repository/Login_Page/Login_Password_Okta'

2024-07-12 19:04:01 - [MESSAGE][PASSED] - Object: 'Object Repository/Login_Page/Login_Submit_Okta' is clicked on

2024-07-12 19:04:01 - [MESSAGE][PASSED] - adminSuiteBootstrap.loginFunctionality.login_AdminSuite is PASSED

2024-07-12 19:04:01 - [TEST_STEP][PASSED] - click(findTestObject(path_Dashboard + "a_Access User Management")): Object: 'Object Repository/AdminSuiteBootstrap_Pages/Dashboard_Bootstrap/a_Access User Management' is clicked on

2024-07-12 19:04:09 - [MESSAGE][PASSED] - Object: 'Object Repository/AdminSuiteBootstrap_Pages/Dashboard_Bootstrap/a_Access User Management' is clicked on

2024-07-12 19:04:09 - [TEST_STEP][PASSED] - click(findTestObject(path_Users + "a_Add User")): Object: 'Object Repository/AdminSuiteBootstrap_Pages/UM_Bootstrap/Users/a_Add User' is clicked on

2024-07-12 19:04:10 - [MESSAGE][PASSED] - Object: 'Object Repository/AdminSuiteBootstrap_Pages/UM_Bootstrap/Users/a_Add User' is clicked on

2024-07-12 19:04:10 - [TEST_STEP][PASSED] - PasswordSpChar = findTestData(dataFile).getValue("PasswordSpChar", row): null

2024-07-12 19:04:10 - [TEST_STEP][PASSED] - PasswordLength = findTestData(dataFile).getValue("PasswordLength", row): null

2024-07-12 19:04:10 - [TEST_STEP][PASSED] - lenPassword = Integer.parseInt(PasswordLength): null

2024-07-12 19:04:10 - [TEST_STEP][PASSED] - buildFName = pages.GenerateRandom.getRandomAlpha(): pages.GenerateRandom.getRandomAlpha is PASSED

2024-07-12 19:04:10 - [MESSAGE][PASSED] - pages.GenerateRandom.getRandomAlpha is PASSED

2024-07-12 19:04:10 - [TEST_STEP][PASSED] - BuildLName = pages.GenerateRandom.getRandomAlpha(): pages.GenerateRandom.getRandomAlpha is PASSED

2024-07-12 19:04:10 - [MESSAGE][PASSED] - pages.GenerateRandom.getRandomAlpha is PASSED

2024-07-12 19:04:10 - [TEST_STEP][PASSED] - buildUsername = pages.GenerateRandom.getRandomAlpha(): pages.GenerateRandom.getRandomAlpha is PASSED

2024-07-12 19:04:10 - [MESSAGE][PASSED] - pages.GenerateRandom.getRandomAlpha is PASSED

2024-07-12 19:04:10 - [TEST_STEP][PASSED] - buildPassword = pages.GenerateRandom.getRandomAlphaNumCustomLength(lenPassword): pages.GenerateRandom.getRandomAlphaNumCustomLength is PASSED

2024-07-12 19:04:10 - [MESSAGE][PASSED] - pages.GenerateRandom.getRandomAlphaNumCustomLength is PASSED

2024-07-12 19:04:10 - [TEST_STEP][PASSED] - FinalPassword = buildPassword + PasswordSpChar: null

2024-07-12 19:04:10 - [TEST_STEP][PASSED] - println("Final Password is : " + FinalPassword): null

2024-07-12 19:04:10 - [TEST_STEP][PASSED] - setText(findTestObject(path_AddUser + "input_EmailAddress"), "iahmed@govolution.com"): Text 'iahmed@govolution.com' is set on object 'Object Repository/AdminSuiteBootstrap_Pages/UM_Bootstrap/AddUser/input_EmailAddress'

2024-07-12 19:04:11 - [MESSAGE][PASSED] - Text 'iahmed@govolution.com' is set on object 'Object Repository/AdminSuiteBootstrap_Pages/UM_Bootstrap/AddUser/input_EmailAddress'

2024-07-12 19:04:11 - [TEST_STEP][PASSED] - setText(findTestObject(path_AddUser + "input_Username"), buildUsername): Text 'ilSwXTxLp' is set on object 'Object Repository/AdminSuiteBootstrap_Pages/UM_Bootstrap/AddUser/input_Username'

2024-07-12 19:04:12 - [MESSAGE][PASSED] - Text 'ilSwXTxLp' is set on object 'Object Repository/AdminSuiteBootstrap_Pages/UM_Bootstrap/AddUser/input_Username'

2024-07-12 19:04:12 - [TEST_STEP][PASSED] - setText(findTestObject(path_AddUser + "input_FirstName"), buildFName): Text 'WVlFDFYzb' is set on object 'Object Repository/AdminSuiteBootstrap_Pages/UM_Bootstrap/AddUser/input_FirstName'

2024-07-12 19:04:13 - [MESSAGE][PASSED] - Text 'WVlFDFYzb' is set on object 'Object Repository/AdminSuiteBootstrap_Pages/UM_Bootstrap/AddUser/input_FirstName'

2024-07-12 19:04:13 - [TEST_STEP][PASSED] - setText(findTestObject(path_AddUser + "input_LastName"), BuildLName): Text 'JsrhfCRRp' is set on object 'Object Repository/AdminSuiteBootstrap_Pages/UM_Bootstrap/AddUser/input_LastName'

2024-07-12 19:04:13 - [MESSAGE][PASSED] - Text 'JsrhfCRRp' is set on object 'Object Repository/AdminSuiteBootstrap_Pages/UM_Bootstrap/AddUser/input_LastName'

2024-07-12 19:04:13 - [TEST_STEP][PASSED] - setText(findTestObject(path_AddUser + "input_Password"), FinalPassword): Text 'KzH5WLvvs@Bb2' is set on object 'Object Repository/AdminSuiteBootstrap_Pages/UM_Bootstrap/AddUser/input_Password'

2024-07-12 19:04:14 - [MESSAGE][PASSED] - Text 'KzH5WLvvs@Bb2' is set on object 'Object Repository/AdminSuiteBootstrap_Pages/UM_Bootstrap/AddUser/input_Password'

2024-07-12 19:04:14 - [TEST_STEP][PASSED] - setText(findTestObject(path_AddUser + "input_ConfirmPassword"), FinalPassword): Text 'KzH5WLvvs@Bb2' is set on object 'Object Repository/AdminSuiteBootstrap_Pages/UM_Bootstrap/AddUser/input_ConfirmPassword'

2024-07-12 19:04:15 - [MESSAGE][PASSED] - Text 'KzH5WLvvs@Bb2' is set on object 'Object Repository/AdminSuiteBootstrap_Pages/UM_Bootstrap/AddUser/input_ConfirmPassword'

2024-07-12 19:04:15 - [TEST_STEP][PASSED] - check(findTestObject(path_AddUser + "input_No_lock")): Object 'Object Repository/AdminSuiteBootstrap_Pages/UM_Bootstrap/AddUser/input_No_lock' is checked

2024-07-12 19:04:15 - [MESSAGE][PASSED] - Object 'Object Repository/AdminSuiteBootstrap_Pages/UM_Bootstrap/AddUser/input_No_lock' is checked

2024-07-12 19:04:15 - [TEST_STEP][PASSED] - click(findTestObject(path_AddUser + "button_Create")): Object: 'Object Repository/AdminSuiteBootstrap_Pages/UM_Bootstrap/AddUser/button_Create' is clicked on

2024-07-12 19:04:20 - [MESSAGE][PASSED] - Object: 'Object Repository/AdminSuiteBootstrap_Pages/UM_Bootstrap/AddUser/button_Create' is clicked on

2024-07-12 19:04:20 - [TEST_STEP][PASSED] - if (verifyTextPresent("User Account Created A user account for", true)): null

2024-07-12 19:04:21 - [MESSAGE][PASSED] - Text 'User Account Created A user account for' is present on page  using regular expression

2024-07-12 19:04:21 - [TEST_STEP][PASSED] - verifyTextPresent("was successfully created", true): Text 'was successfully created' is present on page  using regular expression

2024-07-12 19:04:21 - [MESSAGE][PASSED] - Text 'was successfully created' is present on page  using regular expression

2024-07-12 19:04:21 - [TEST_STEP][PASSED] - click(findTestObject(path_UserView + "button_Delete")): Object: 'Object Repository/AdminSuiteBootstrap_Pages/UM_Bootstrap/UserView/button_Delete' is clicked on

2024-07-12 19:04:22 - [MESSAGE][PASSED] - Object: 'Object Repository/AdminSuiteBootstrap_Pages/UM_Bootstrap/UserView/button_Delete' is clicked on

2024-07-12 19:04:22 - [TEST_STEP][PASSED] - click(findTestObject(path_DeleteUser + "button_DeleteUser_Delete")): Object: 'Object Repository/AdminSuiteBootstrap_Pages/UM_Bootstrap/DeleteUser/button_DeleteUser_Delete' is clicked on

2024-07-12 19:04:22 - [MESSAGE][PASSED] - Object: 'Object Repository/AdminSuiteBootstrap_Pages/UM_Bootstrap/DeleteUser/button_DeleteUser_Delete' is clicked on

2024-07-12 19:04:22 - [TEST_STEP][PASSED] - click(findTestObject(path_DeleteUser + "button_DeleteUser_Okay")): Object: 'Object Repository/AdminSuiteBootstrap_Pages/UM_Bootstrap/DeleteUser/button_DeleteUser_Okay' is clicked on

2024-07-12 19:04:24 - [MESSAGE][PASSED] - Object: 'Object Repository/AdminSuiteBootstrap_Pages/UM_Bootstrap/DeleteUser/button_DeleteUser_Okay' is clicked on

2024-07-12 19:04:24 - [TEST_STEP][PASSED] - markPassed("User was created and deleted"): User was created and deleted

2024-07-12 19:04:24 - [MESSAGE][PASSED] - User was created and deleted

2024-07-12 19:04:24 - [TEST_STEP][PASSED] - resText = "Pass": null

2024-07-12 19:04:24 - [TEST_STEP][PASSED] - pages.WriteExcel.demoKey(resText, datText, resColumn, datCloumn, fileLoc, nameSheet, row): pages.WriteExcel.demoKey is PASSED

2024-07-12 19:04:24 - [MESSAGE][PASSED] - pages.WriteExcel.demoKey is PASSED

2024-07-12 19:04:24 - [TEST_STEP][PASSED] - closeBrowser(): Browser is closed

2024-07-12 19:04:25 - [MESSAGE][PASSED] - Browser is closed

2024-07-12 19:04:25 - [TEST_STEP][PASSED] - ExecuteTC = findTestData(dataFile).getValue("Execute", row): null

2024-07-12 19:04:25 - [TEST_STEP][PASSED] - out.println("Value of Execute is : " + ExecuteTC): null

2024-07-12 19:04:25 - [TEST_STEP][PASSED] - if (ExecuteTC.equalsIgnoreCase("Y")): Browser is closed

2024-07-12 19:04:25 - [TEST_STEP][PASSED] - out.println("Begin Record Number: " + row): null

2024-07-12 19:04:25 - [TEST_STEP][PASSED] - today = new java.util.Date(): null

2024-07-12 19:04:25 - [TEST_STEP][PASSED] - println(today): null

2024-07-12 19:04:25 - [TEST_STEP][PASSED] - datText = today: null

2024-07-12 19:04:25 - [TEST_STEP][PASSED] - adminSuiteBootstrap.loginFunctionality.login_AdminSuite(): adminSuiteBootstrap.loginFunctionality.login_AdminSuite is PASSED

2024-07-12 19:04:25 - [MESSAGE][INFO] - Starting 'Chrome' driver

2024-07-12 19:04:25 - [MESSAGE][INFO] - User set preference: ['acceptInsecureCerts', 'true']

2024-07-12 19:04:25 - [MESSAGE][INFO] - Action delay is set to 0 milliseconds

2024-07-12 19:04:28 - [MESSAGE][PASSED] - Browser is opened with url: 'https://qa2.velocitypayment.com/admin/imtiaz'

2024-07-12 19:04:28 - [MESSAGE][PASSED] - Current window maximized

2024-07-12 19:04:29 - [MESSAGE][PASSED] - Object 'Object Repository/Login_Page/Login_Username_Okta' is present

2024-07-12 19:04:29 - [MESSAGE][PASSED] - Text 'iahmed' is set on object 'Object Repository/Login_Page/Login_Username_Okta'

2024-07-12 19:04:30 - [MESSAGE][PASSED] - Text 'Hello!6666666' is set on object 'Object Repository/Login_Page/Login_Password_Okta'

2024-07-12 19:04:31 - [MESSAGE][PASSED] - Object: 'Object Repository/Login_Page/Login_Submit_Okta' is clicked on

2024-07-12 19:04:31 - [MESSAGE][PASSED] - adminSuiteBootstrap.loginFunctionality.login_AdminSuite is PASSED

2024-07-12 19:04:31 - [TEST_STEP][PASSED] - click(findTestObject(path_Dashboard + "a_Access User Management")): Object: 'Object Repository/AdminSuiteBootstrap_Pages/Dashboard_Bootstrap/a_Access User Management' is clicked on

2024-07-12 19:04:39 - [MESSAGE][PASSED] - Object: 'Object Repository/AdminSuiteBootstrap_Pages/Dashboard_Bootstrap/a_Access User Management' is clicked on

2024-07-12 19:04:39 - [TEST_STEP][PASSED] - click(findTestObject(path_Users + "a_Add User")): Object: 'Object Repository/AdminSuiteBootstrap_Pages/UM_Bootstrap/Users/a_Add User' is clicked on

2024-07-12 19:04:39 - [MESSAGE][PASSED] - Object: 'Object Repository/AdminSuiteBootstrap_Pages/UM_Bootstrap/Users/a_Add User' is clicked on

2024-07-12 19:04:39 - [TEST_STEP][PASSED] - PasswordSpChar = findTestData(dataFile).getValue("PasswordSpChar", row): null

2024-07-12 19:04:39 - [TEST_STEP][PASSED] - PasswordLength = findTestData(dataFile).getValue("PasswordLength", row): null

2024-07-12 19:04:39 - [TEST_STEP][PASSED] - lenPassword = Integer.parseInt(PasswordLength): null

2024-07-12 19:04:39 - [TEST_STEP][PASSED] - buildFName = pages.GenerateRandom.getRandomAlpha(): pages.GenerateRandom.getRandomAlpha is PASSED

2024-07-12 19:04:39 - [MESSAGE][PASSED] - pages.GenerateRandom.getRandomAlpha is PASSED

2024-07-12 19:04:39 - [TEST_STEP][PASSED] - BuildLName = pages.GenerateRandom.getRandomAlpha(): pages.GenerateRandom.getRandomAlpha is PASSED

2024-07-12 19:04:39 - [MESSAGE][PASSED] - pages.GenerateRandom.getRandomAlpha is PASSED

2024-07-12 19:04:39 - [TEST_STEP][PASSED] - buildUsername = pages.GenerateRandom.getRandomAlpha(): pages.GenerateRandom.getRandomAlpha is PASSED

2024-07-12 19:04:39 - [MESSAGE][PASSED] - pages.GenerateRandom.getRandomAlpha is PASSED

2024-07-12 19:04:39 - [TEST_STEP][PASSED] - buildPassword = pages.GenerateRandom.getRandomAlphaNumCustomLength(lenPassword): pages.GenerateRandom.getRandomAlphaNumCustomLength is PASSED

2024-07-12 19:04:39 - [MESSAGE][PASSED] - pages.GenerateRandom.getRandomAlphaNumCustomLength is PASSED

2024-07-12 19:04:39 - [TEST_STEP][PASSED] - FinalPassword = buildPassword + PasswordSpChar: null

2024-07-12 19:04:39 - [TEST_STEP][PASSED] - println("Final Password is : " + FinalPassword): null

2024-07-12 19:04:39 - [TEST_STEP][PASSED] - setText(findTestObject(path_AddUser + "input_EmailAddress"), "iahmed@govolution.com"): Text 'iahmed@govolution.com' is set on object 'Object Repository/AdminSuiteBootstrap_Pages/UM_Bootstrap/AddUser/input_EmailAddress'

2024-07-12 19:04:40 - [MESSAGE][PASSED] - Text 'iahmed@govolution.com' is set on object 'Object Repository/AdminSuiteBootstrap_Pages/UM_Bootstrap/AddUser/input_EmailAddress'

2024-07-12 19:04:40 - [TEST_STEP][PASSED] - setText(findTestObject(path_AddUser + "input_Username"), buildUsername): Text 'neJojFVvJ' is set on object 'Object Repository/AdminSuiteBootstrap_Pages/UM_Bootstrap/AddUser/input_Username'

2024-07-12 19:04:41 - [MESSAGE][PASSED] - Text 'neJojFVvJ' is set on object 'Object Repository/AdminSuiteBootstrap_Pages/UM_Bootstrap/AddUser/input_Username'

2024-07-12 19:04:41 - [TEST_STEP][PASSED] - setText(findTestObject(path_AddUser + "input_FirstName"), buildFName): Text 'UOVAKUUJi' is set on object 'Object Repository/AdminSuiteBootstrap_Pages/UM_Bootstrap/AddUser/input_FirstName'

2024-07-12 19:04:42 - [MESSAGE][PASSED] - Text 'UOVAKUUJi' is set on object 'Object Repository/AdminSuiteBootstrap_Pages/UM_Bootstrap/AddUser/input_FirstName'

2024-07-12 19:04:42 - [TEST_STEP][PASSED] - setText(findTestObject(path_AddUser + "input_LastName"), BuildLName): Text 'qvPyMQJHt' is set on object 'Object Repository/AdminSuiteBootstrap_Pages/UM_Bootstrap/AddUser/input_LastName'

2024-07-12 19:04:42 - [MESSAGE][PASSED] - Text 'qvPyMQJHt' is set on object 'Object Repository/AdminSuiteBootstrap_Pages/UM_Bootstrap/AddUser/input_LastName'

2024-07-12 19:04:42 - [TEST_STEP][PASSED] - setText(findTestObject(path_AddUser + "input_Password"), FinalPassword): Text 'SjkLo300t#Cc3' is set on object 'Object Repository/AdminSuiteBootstrap_Pages/UM_Bootstrap/AddUser/input_Password'

2024-07-12 19:04:43 - [MESSAGE][PASSED] - Text 'SjkLo300t#Cc3' is set on object 'Object Repository/AdminSuiteBootstrap_Pages/UM_Bootstrap/AddUser/input_Password'

2024-07-12 19:04:43 - [TEST_STEP][PASSED] - setText(findTestObject(path_AddUser + "input_ConfirmPassword"), FinalPassword): Text 'SjkLo300t#Cc3' is set on object 'Object Repository/AdminSuiteBootstrap_Pages/UM_Bootstrap/AddUser/input_ConfirmPassword'

2024-07-12 19:04:44 - [MESSAGE][PASSED] - Text 'SjkLo300t#Cc3' is set on object 'Object Repository/AdminSuiteBootstrap_Pages/UM_Bootstrap/AddUser/input_ConfirmPassword'

2024-07-12 19:04:44 - [TEST_STEP][PASSED] - check(findTestObject(path_AddUser + "input_No_lock")): Object 'Object Repository/AdminSuiteBootstrap_Pages/UM_Bootstrap/AddUser/input_No_lock' is checked

2024-07-12 19:04:44 - [MESSAGE][PASSED] - Object 'Object Repository/AdminSuiteBootstrap_Pages/UM_Bootstrap/AddUser/input_No_lock' is checked

2024-07-12 19:04:44 - [TEST_STEP][PASSED] - click(findTestObject(path_AddUser + "button_Create")): Object: 'Object Repository/AdminSuiteBootstrap_Pages/UM_Bootstrap/AddUser/button_Create' is clicked on

2024-07-12 19:04:49 - [MESSAGE][PASSED] - Object: 'Object Repository/AdminSuiteBootstrap_Pages/UM_Bootstrap/AddUser/button_Create' is clicked on

2024-07-12 19:04:49 - [TEST_STEP][PASSED] - if (verifyTextPresent("User Account Created A user account for", true)): null

2024-07-12 19:04:50 - [MESSAGE][PASSED] - Text 'User Account Created A user account for' is present on page  using regular expression

2024-07-12 19:04:50 - [TEST_STEP][PASSED] - verifyTextPresent("was successfully created", true): Text 'was successfully created' is present on page  using regular expression

2024-07-12 19:04:50 - [MESSAGE][PASSED] - Text 'was successfully created' is present on page  using regular expression

2024-07-12 19:04:50 - [TEST_STEP][PASSED] - click(findTestObject(path_UserView + "button_Delete")): Object: 'Object Repository/AdminSuiteBootstrap_Pages/UM_Bootstrap/UserView/button_Delete' is clicked on

2024-07-12 19:04:50 - [MESSAGE][PASSED] - Object: 'Object Repository/AdminSuiteBootstrap_Pages/UM_Bootstrap/UserView/button_Delete' is clicked on

2024-07-12 19:04:50 - [TEST_STEP][PASSED] - click(findTestObject(path_DeleteUser + "button_DeleteUser_Delete")): Object: 'Object Repository/AdminSuiteBootstrap_Pages/UM_Bootstrap/DeleteUser/button_DeleteUser_Delete' is clicked on

2024-07-12 19:04:51 - [MESSAGE][PASSED] - Object: 'Object Repository/AdminSuiteBootstrap_Pages/UM_Bootstrap/DeleteUser/button_DeleteUser_Delete' is clicked on

2024-07-12 19:04:51 - [TEST_STEP][PASSED] - click(findTestObject(path_DeleteUser + "button_DeleteUser_Okay")): Object: 'Object Repository/AdminSuiteBootstrap_Pages/UM_Bootstrap/DeleteUser/button_DeleteUser_Okay' is clicked on

2024-07-12 19:04:52 - [MESSAGE][PASSED] - Object: 'Object Repository/AdminSuiteBootstrap_Pages/UM_Bootstrap/DeleteUser/button_DeleteUser_Okay' is clicked on

2024-07-12 19:04:52 - [TEST_STEP][PASSED] - markPassed("User was created and deleted"): User was created and deleted

2024-07-12 19:04:52 - [MESSAGE][PASSED] - User was created and deleted

2024-07-12 19:04:52 - [TEST_STEP][PASSED] - resText = "Pass": null

2024-07-12 19:04:52 - [TEST_STEP][PASSED] - pages.WriteExcel.demoKey(resText, datText, resColumn, datCloumn, fileLoc, nameSheet, row): pages.WriteExcel.demoKey is PASSED

2024-07-12 19:04:53 - [MESSAGE][PASSED] - pages.WriteExcel.demoKey is PASSED

2024-07-12 19:04:53 - [TEST_STEP][PASSED] - closeBrowser(): Browser is closed

2024-07-12 19:04:54 - [MESSAGE][PASSED] - Browser is closed

2024-07-12 19:04:54 - [TEST_STEP][PASSED] - ExecuteTC = findTestData(dataFile).getValue("Execute", row): null

2024-07-12 19:04:54 - [TEST_STEP][PASSED] - out.println("Value of Execute is : " + ExecuteTC): null

2024-07-12 19:04:54 - [TEST_STEP][PASSED] - if (ExecuteTC.equalsIgnoreCase("Y")): Browser is closed

2024-07-12 19:04:54 - [TEST_STEP][PASSED] - out.println("Begin Record Number: " + row): null

2024-07-12 19:04:54 - [TEST_STEP][PASSED] - today = new java.util.Date(): null

2024-07-12 19:04:54 - [TEST_STEP][PASSED] - println(today): null

2024-07-12 19:04:54 - [TEST_STEP][PASSED] - datText = today: null

2024-07-12 19:04:54 - [TEST_STEP][PASSED] - adminSuiteBootstrap.loginFunctionality.login_AdminSuite(): adminSuiteBootstrap.loginFunctionality.login_AdminSuite is PASSED

2024-07-12 19:04:54 - [MESSAGE][INFO] - Starting 'Chrome' driver

2024-07-12 19:04:54 - [MESSAGE][INFO] - User set preference: ['acceptInsecureCerts', 'true']

2024-07-12 19:04:54 - [MESSAGE][INFO] - Action delay is set to 0 milliseconds

2024-07-12 19:04:56 - [MESSAGE][PASSED] - Browser is opened with url: 'https://qa2.velocitypayment.com/admin/imtiaz'

2024-07-12 19:04:57 - [MESSAGE][PASSED] - Current window maximized

2024-07-12 19:04:57 - [MESSAGE][PASSED] - Object 'Object Repository/Login_Page/Login_Username_Okta' is present

2024-07-12 19:04:58 - [MESSAGE][PASSED] - Text 'iahmed' is set on object 'Object Repository/Login_Page/Login_Username_Okta'

2024-07-12 19:04:59 - [MESSAGE][PASSED] - Text 'Hello!6666666' is set on object 'Object Repository/Login_Page/Login_Password_Okta'

2024-07-12 19:04:59 - [MESSAGE][PASSED] - Object: 'Object Repository/Login_Page/Login_Submit_Okta' is clicked on

2024-07-12 19:04:59 - [MESSAGE][PASSED] - adminSuiteBootstrap.loginFunctionality.login_AdminSuite is PASSED

2024-07-12 19:04:59 - [TEST_STEP][PASSED] - click(findTestObject(path_Dashboard + "a_Access User Management")): Object: 'Object Repository/AdminSuiteBootstrap_Pages/Dashboard_Bootstrap/a_Access User Management' is clicked on

2024-07-12 19:05:08 - [MESSAGE][PASSED] - Object: 'Object Repository/AdminSuiteBootstrap_Pages/Dashboard_Bootstrap/a_Access User Management' is clicked on

2024-07-12 19:05:08 - [TEST_STEP][PASSED] - click(findTestObject(path_Users + "a_Add User")): Object: 'Object Repository/AdminSuiteBootstrap_Pages/UM_Bootstrap/Users/a_Add User' is clicked on

2024-07-12 19:05:09 - [MESSAGE][PASSED] - Object: 'Object Repository/AdminSuiteBootstrap_Pages/UM_Bootstrap/Users/a_Add User' is clicked on

2024-07-12 19:05:09 - [TEST_STEP][PASSED] - PasswordSpChar = findTestData(dataFile).getValue("PasswordSpChar", row): null

2024-07-12 19:05:09 - [TEST_STEP][PASSED] - PasswordLength = findTestData(dataFile).getValue("PasswordLength", row): null

2024-07-12 19:05:09 - [TEST_STEP][PASSED] - lenPassword = Integer.parseInt(PasswordLength): null

2024-07-12 19:05:09 - [TEST_STEP][PASSED] - buildFName = pages.GenerateRandom.getRandomAlpha(): pages.GenerateRandom.getRandomAlpha is PASSED

2024-07-12 19:05:09 - [MESSAGE][PASSED] - pages.GenerateRandom.getRandomAlpha is PASSED

2024-07-12 19:05:09 - [TEST_STEP][PASSED] - BuildLName = pages.GenerateRandom.getRandomAlpha(): pages.GenerateRandom.getRandomAlpha is PASSED

2024-07-12 19:05:09 - [MESSAGE][PASSED] - pages.GenerateRandom.getRandomAlpha is PASSED

2024-07-12 19:05:09 - [TEST_STEP][PASSED] - buildUsername = pages.GenerateRandom.getRandomAlpha(): pages.GenerateRandom.getRandomAlpha is PASSED

2024-07-12 19:05:09 - [MESSAGE][PASSED] - pages.GenerateRandom.getRandomAlpha is PASSED

2024-07-12 19:05:09 - [TEST_STEP][PASSED] - buildPassword = pages.GenerateRandom.getRandomAlphaNumCustomLength(lenPassword): pages.GenerateRandom.getRandomAlphaNumCustomLength is PASSED

2024-07-12 19:05:09 - [MESSAGE][PASSED] - pages.GenerateRandom.getRandomAlphaNumCustomLength is PASSED

2024-07-12 19:05:09 - [TEST_STEP][PASSED] - FinalPassword = buildPassword + PasswordSpChar: null

2024-07-12 19:05:09 - [TEST_STEP][PASSED] - println("Final Password is : " + FinalPassword): null

2024-07-12 19:05:09 - [TEST_STEP][PASSED] - setText(findTestObject(path_AddUser + "input_EmailAddress"), "iahmed@govolution.com"): Text 'iahmed@govolution.com' is set on object 'Object Repository/AdminSuiteBootstrap_Pages/UM_Bootstrap/AddUser/input_EmailAddress'

2024-07-12 19:05:10 - [MESSAGE][PASSED] - Text 'iahmed@govolution.com' is set on object 'Object Repository/AdminSuiteBootstrap_Pages/UM_Bootstrap/AddUser/input_EmailAddress'

2024-07-12 19:05:10 - [TEST_STEP][PASSED] - setText(findTestObject(path_AddUser + "input_Username"), buildUsername): Text 'zBSUAxhoL' is set on object 'Object Repository/AdminSuiteBootstrap_Pages/UM_Bootstrap/AddUser/input_Username'

2024-07-12 19:05:11 - [MESSAGE][PASSED] - Text 'zBSUAxhoL' is set on object 'Object Repository/AdminSuiteBootstrap_Pages/UM_Bootstrap/AddUser/input_Username'

2024-07-12 19:05:11 - [TEST_STEP][PASSED] - setText(findTestObject(path_AddUser + "input_FirstName"), buildFName): Text 'ztBGkYrFa' is set on object 'Object Repository/AdminSuiteBootstrap_Pages/UM_Bootstrap/AddUser/input_FirstName'

2024-07-12 19:05:11 - [MESSAGE][PASSED] - Text 'ztBGkYrFa' is set on object 'Object Repository/AdminSuiteBootstrap_Pages/UM_Bootstrap/AddUser/input_FirstName'

2024-07-12 19:05:11 - [TEST_STEP][PASSED] - setText(findTestObject(path_AddUser + "input_LastName"), BuildLName): Text 'GukLhFUhf' is set on object 'Object Repository/AdminSuiteBootstrap_Pages/UM_Bootstrap/AddUser/input_LastName'

2024-07-12 19:05:12 - [MESSAGE][PASSED] - Text 'GukLhFUhf' is set on object 'Object Repository/AdminSuiteBootstrap_Pages/UM_Bootstrap/AddUser/input_LastName'

2024-07-12 19:05:12 - [TEST_STEP][PASSED] - setText(findTestObject(path_AddUser + "input_Password"), FinalPassword): Text 'AWc3oLyXw$Dd4' is set on object 'Object Repository/AdminSuiteBootstrap_Pages/UM_Bootstrap/AddUser/input_Password'

2024-07-12 19:05:13 - [MESSAGE][PASSED] - Text 'AWc3oLyXw$Dd4' is set on object 'Object Repository/AdminSuiteBootstrap_Pages/UM_Bootstrap/AddUser/input_Password'

2024-07-12 19:05:13 - [TEST_STEP][PASSED] - setText(findTestObject(path_AddUser + "input_ConfirmPassword"), FinalPassword): Text 'AWc3oLyXw$Dd4' is set on object 'Object Repository/AdminSuiteBootstrap_Pages/UM_Bootstrap/AddUser/input_ConfirmPassword'

2024-07-12 19:05:13 - [MESSAGE][PASSED] - Text 'AWc3oLyXw$Dd4' is set on object 'Object Repository/AdminSuiteBootstrap_Pages/UM_Bootstrap/AddUser/input_ConfirmPassword'

2024-07-12 19:05:13 - [TEST_STEP][PASSED] - check(findTestObject(path_AddUser + "input_No_lock")): Object 'Object Repository/AdminSuiteBootstrap_Pages/UM_Bootstrap/AddUser/input_No_lock' is checked

2024-07-12 19:05:14 - [MESSAGE][PASSED] - Object 'Object Repository/AdminSuiteBootstrap_Pages/UM_Bootstrap/AddUser/input_No_lock' is checked

2024-07-12 19:05:14 - [TEST_STEP][PASSED] - click(findTestObject(path_AddUser + "button_Create")): Object: 'Object Repository/AdminSuiteBootstrap_Pages/UM_Bootstrap/AddUser/button_Create' is clicked on

2024-07-12 19:05:19 - [MESSAGE][PASSED] - Object: 'Object Repository/AdminSuiteBootstrap_Pages/UM_Bootstrap/AddUser/button_Create' is clicked on

2024-07-12 19:05:19 - [TEST_STEP][PASSED] - if (verifyTextPresent("User Account Created A user account for", true)): null

2024-07-12 19:05:20 - [MESSAGE][PASSED] - Text 'User Account Created A user account for' is present on page  using regular expression

2024-07-12 19:05:20 - [TEST_STEP][PASSED] - verifyTextPresent("was successfully created", true): Text 'was successfully created' is present on page  using regular expression

2024-07-12 19:05:20 - [MESSAGE][PASSED] - Text 'was successfully created' is present on page  using regular expression

2024-07-12 19:05:20 - [TEST_STEP][PASSED] - click(findTestObject(path_UserView + "button_Delete")): Object: 'Object Repository/AdminSuiteBootstrap_Pages/UM_Bootstrap/UserView/button_Delete' is clicked on

2024-07-12 19:05:20 - [MESSAGE][PASSED] - Object: 'Object Repository/AdminSuiteBootstrap_Pages/UM_Bootstrap/UserView/button_Delete' is clicked on

2024-07-12 19:05:20 - [TEST_STEP][PASSED] - click(findTestObject(path_DeleteUser + "button_DeleteUser_Delete")): Object: 'Object Repository/AdminSuiteBootstrap_Pages/UM_Bootstrap/DeleteUser/button_DeleteUser_Delete' is clicked on

2024-07-12 19:05:21 - [MESSAGE][PASSED] - Object: 'Object Repository/AdminSuiteBootstrap_Pages/UM_Bootstrap/DeleteUser/button_DeleteUser_Delete' is clicked on

2024-07-12 19:05:21 - [TEST_STEP][PASSED] - click(findTestObject(path_DeleteUser + "button_DeleteUser_Okay")): Object: 'Object Repository/AdminSuiteBootstrap_Pages/UM_Bootstrap/DeleteUser/button_DeleteUser_Okay' is clicked on

2024-07-12 19:05:22 - [MESSAGE][PASSED] - Object: 'Object Repository/AdminSuiteBootstrap_Pages/UM_Bootstrap/DeleteUser/button_DeleteUser_Okay' is clicked on

2024-07-12 19:05:22 - [TEST_STEP][PASSED] - markPassed("User was created and deleted"): User was created and deleted

2024-07-12 19:05:22 - [MESSAGE][PASSED] - User was created and deleted

2024-07-12 19:05:22 - [TEST_STEP][PASSED] - resText = "Pass": null

2024-07-12 19:05:22 - [TEST_STEP][PASSED] - pages.WriteExcel.demoKey(resText, datText, resColumn, datCloumn, fileLoc, nameSheet, row): pages.WriteExcel.demoKey is PASSED

2024-07-12 19:05:22 - [MESSAGE][PASSED] - pages.WriteExcel.demoKey is PASSED

2024-07-12 19:05:22 - [TEST_STEP][PASSED] - closeBrowser(): Browser is closed

2024-07-12 19:05:24 - [MESSAGE][PASSED] - Browser is closed

2024-07-12 19:05:24 - [TEST_STEP][PASSED] - ExecuteTC = findTestData(dataFile).getValue("Execute", row): null

2024-07-12 19:05:24 - [TEST_STEP][PASSED] - out.println("Value of Execute is : " + ExecuteTC): null

2024-07-12 19:05:24 - [TEST_STEP][PASSED] - if (ExecuteTC.equalsIgnoreCase("Y")): Browser is closed

2024-07-12 19:05:24 - [TEST_STEP][PASSED] - out.println("Begin Record Number: " + row): null

2024-07-12 19:05:24 - [TEST_STEP][PASSED] - today = new java.util.Date(): null

2024-07-12 19:05:24 - [TEST_STEP][PASSED] - println(today): null

2024-07-12 19:05:24 - [TEST_STEP][PASSED] - datText = today: null

2024-07-12 19:05:24 - [TEST_STEP][PASSED] - adminSuiteBootstrap.loginFunctionality.login_AdminSuite(): adminSuiteBootstrap.loginFunctionality.login_AdminSuite is PASSED

2024-07-12 19:05:24 - [MESSAGE][INFO] - Starting 'Chrome' driver

2024-07-12 19:05:24 - [MESSAGE][INFO] - User set preference: ['acceptInsecureCerts', 'true']

2024-07-12 19:05:24 - [MESSAGE][INFO] - Action delay is set to 0 milliseconds

2024-07-12 19:05:27 - [MESSAGE][PASSED] - Browser is opened with url: 'https://qa2.velocitypayment.com/admin/imtiaz'

2024-07-12 19:05:27 - [MESSAGE][PASSED] - Current window maximized

2024-07-12 19:05:27 - [MESSAGE][PASSED] - Object 'Object Repository/Login_Page/Login_Username_Okta' is present

2024-07-12 19:05:28 - [MESSAGE][PASSED] - Text 'iahmed' is set on object 'Object Repository/Login_Page/Login_Username_Okta'

2024-07-12 19:05:29 - [MESSAGE][PASSED] - Text 'Hello!6666666' is set on object 'Object Repository/Login_Page/Login_Password_Okta'

2024-07-12 19:05:29 - [MESSAGE][PASSED] - Object: 'Object Repository/Login_Page/Login_Submit_Okta' is clicked on

2024-07-12 19:05:29 - [MESSAGE][PASSED] - adminSuiteBootstrap.loginFunctionality.login_AdminSuite is PASSED

2024-07-12 19:05:29 - [TEST_STEP][PASSED] - click(findTestObject(path_Dashboard + "a_Access User Management")): Object: 'Object Repository/AdminSuiteBootstrap_Pages/Dashboard_Bootstrap/a_Access User Management' is clicked on

2024-07-12 19:05:38 - [MESSAGE][PASSED] - Object: 'Object Repository/AdminSuiteBootstrap_Pages/Dashboard_Bootstrap/a_Access User Management' is clicked on

2024-07-12 19:05:38 - [TEST_STEP][PASSED] - click(findTestObject(path_Users + "a_Add User")): Object: 'Object Repository/AdminSuiteBootstrap_Pages/UM_Bootstrap/Users/a_Add User' is clicked on

2024-07-12 19:05:39 - [MESSAGE][PASSED] - Object: 'Object Repository/AdminSuiteBootstrap_Pages/UM_Bootstrap/Users/a_Add User' is clicked on

2024-07-12 19:05:39 - [TEST_STEP][PASSED] - PasswordSpChar = findTestData(dataFile).getValue("PasswordSpChar", row): null

2024-07-12 19:05:39 - [TEST_STEP][PASSED] - PasswordLength = findTestData(dataFile).getValue("PasswordLength", row): null

2024-07-12 19:05:39 - [TEST_STEP][PASSED] - lenPassword = Integer.parseInt(PasswordLength): null

2024-07-12 19:05:39 - [TEST_STEP][PASSED] - buildFName = pages.GenerateRandom.getRandomAlpha(): pages.GenerateRandom.getRandomAlpha is PASSED

2024-07-12 19:05:39 - [MESSAGE][PASSED] - pages.GenerateRandom.getRandomAlpha is PASSED

2024-07-12 19:05:39 - [TEST_STEP][PASSED] - BuildLName = pages.GenerateRandom.getRandomAlpha(): pages.GenerateRandom.getRandomAlpha is PASSED

2024-07-12 19:05:39 - [MESSAGE][PASSED] - pages.GenerateRandom.getRandomAlpha is PASSED

2024-07-12 19:05:39 - [TEST_STEP][PASSED] - buildUsername = pages.GenerateRandom.getRandomAlpha(): pages.GenerateRandom.getRandomAlpha is PASSED

2024-07-12 19:05:39 - [MESSAGE][PASSED] - pages.GenerateRandom.getRandomAlpha is PASSED

2024-07-12 19:05:39 - [TEST_STEP][PASSED] - buildPassword = pages.GenerateRandom.getRandomAlphaNumCustomLength(lenPassword): pages.GenerateRandom.getRandomAlphaNumCustomLength is PASSED

2024-07-12 19:05:39 - [MESSAGE][PASSED] - pages.GenerateRandom.getRandomAlphaNumCustomLength is PASSED

2024-07-12 19:05:39 - [TEST_STEP][PASSED] - FinalPassword = buildPassword + PasswordSpChar: null

2024-07-12 19:05:39 - [TEST_STEP][PASSED] - println("Final Password is : " + FinalPassword): null

2024-07-12 19:05:39 - [TEST_STEP][PASSED] - setText(findTestObject(path_AddUser + "input_EmailAddress"), "iahmed@govolution.com"): Text 'iahmed@govolution.com' is set on object 'Object Repository/AdminSuiteBootstrap_Pages/UM_Bootstrap/AddUser/input_EmailAddress'

2024-07-12 19:05:40 - [MESSAGE][PASSED] - Text 'iahmed@govolution.com' is set on object 'Object Repository/AdminSuiteBootstrap_Pages/UM_Bootstrap/AddUser/input_EmailAddress'

2024-07-12 19:05:40 - [TEST_STEP][PASSED] - setText(findTestObject(path_AddUser + "input_Username"), buildUsername): Text 'hDONwSDQo' is set on object 'Object Repository/AdminSuiteBootstrap_Pages/UM_Bootstrap/AddUser/input_Username'

2024-07-12 19:05:41 - [MESSAGE][PASSED] - Text 'hDONwSDQo' is set on object 'Object Repository/AdminSuiteBootstrap_Pages/UM_Bootstrap/AddUser/input_Username'

2024-07-12 19:05:41 - [TEST_STEP][PASSED] - setText(findTestObject(path_AddUser + "input_FirstName"), buildFName): Text 'NXPLcpLbN' is set on object 'Object Repository/AdminSuiteBootstrap_Pages/UM_Bootstrap/AddUser/input_FirstName'

2024-07-12 19:05:41 - [MESSAGE][PASSED] - Text 'NXPLcpLbN' is set on object 'Object Repository/AdminSuiteBootstrap_Pages/UM_Bootstrap/AddUser/input_FirstName'

2024-07-12 19:05:41 - [TEST_STEP][PASSED] - setText(findTestObject(path_AddUser + "input_LastName"), BuildLName): Text 'SByvURXCS' is set on object 'Object Repository/AdminSuiteBootstrap_Pages/UM_Bootstrap/AddUser/input_LastName'

2024-07-12 19:05:42 - [MESSAGE][PASSED] - Text 'SByvURXCS' is set on object 'Object Repository/AdminSuiteBootstrap_Pages/UM_Bootstrap/AddUser/input_LastName'

2024-07-12 19:05:42 - [TEST_STEP][PASSED] - setText(findTestObject(path_AddUser + "input_Password"), FinalPassword): Text 'u2gVozq61%Ee5' is set on object 'Object Repository/AdminSuiteBootstrap_Pages/UM_Bootstrap/AddUser/input_Password'

2024-07-12 19:05:43 - [MESSAGE][PASSED] - Text 'u2gVozq61%Ee5' is set on object 'Object Repository/AdminSuiteBootstrap_Pages/UM_Bootstrap/AddUser/input_Password'

2024-07-12 19:05:43 - [TEST_STEP][PASSED] - setText(findTestObject(path_AddUser + "input_ConfirmPassword"), FinalPassword): Text 'u2gVozq61%Ee5' is set on object 'Object Repository/AdminSuiteBootstrap_Pages/UM_Bootstrap/AddUser/input_ConfirmPassword'

2024-07-12 19:05:44 - [MESSAGE][PASSED] - Text 'u2gVozq61%Ee5' is set on object 'Object Repository/AdminSuiteBootstrap_Pages/UM_Bootstrap/AddUser/input_ConfirmPassword'

2024-07-12 19:05:44 - [TEST_STEP][PASSED] - check(findTestObject(path_AddUser + "input_No_lock")): Object 'Object Repository/AdminSuiteBootstrap_Pages/UM_Bootstrap/AddUser/input_No_lock' is checked

2024-07-12 19:05:44 - [MESSAGE][PASSED] - Object 'Object Repository/AdminSuiteBootstrap_Pages/UM_Bootstrap/AddUser/input_No_lock' is checked

2024-07-12 19:05:44 - [TEST_STEP][PASSED] - click(findTestObject(path_AddUser + "button_Create")): Object: 'Object Repository/AdminSuiteBootstrap_Pages/UM_Bootstrap/AddUser/button_Create' is clicked on

2024-07-12 19:05:49 - [MESSAGE][PASSED] - Object: 'Object Repository/AdminSuiteBootstrap_Pages/UM_Bootstrap/AddUser/button_Create' is clicked on

2024-07-12 19:05:49 - [TEST_STEP][PASSED] - if (verifyTextPresent("User Account Created A user account for", true)): null

2024-07-12 19:05:50 - [MESSAGE][PASSED] - Text 'User Account Created A user account for' is present on page  using regular expression

2024-07-12 19:05:50 - [TEST_STEP][PASSED] - verifyTextPresent("was successfully created", true): Text 'was successfully created' is present on page  using regular expression

2024-07-12 19:05:50 - [MESSAGE][PASSED] - Text 'was successfully created' is present on page  using regular expression

2024-07-12 19:05:50 - [TEST_STEP][PASSED] - click(findTestObject(path_UserView + "button_Delete")): Object: 'Object Repository/AdminSuiteBootstrap_Pages/UM_Bootstrap/UserView/button_Delete' is clicked on

2024-07-12 19:05:50 - [MESSAGE][PASSED] - Object: 'Object Repository/AdminSuiteBootstrap_Pages/UM_Bootstrap/UserView/button_Delete' is clicked on

2024-07-12 19:05:50 - [TEST_STEP][PASSED] - click(findTestObject(path_DeleteUser + "button_DeleteUser_Delete")): Object: 'Object Repository/AdminSuiteBootstrap_Pages/UM_Bootstrap/DeleteUser/button_DeleteUser_Delete' is clicked on

2024-07-12 19:05:51 - [MESSAGE][PASSED] - Object: 'Object Repository/AdminSuiteBootstrap_Pages/UM_Bootstrap/DeleteUser/button_DeleteUser_Delete' is clicked on

2024-07-12 19:05:51 - [TEST_STEP][PASSED] - click(findTestObject(path_DeleteUser + "button_DeleteUser_Okay")): Object: 'Object Repository/AdminSuiteBootstrap_Pages/UM_Bootstrap/DeleteUser/button_DeleteUser_Okay' is clicked on

2024-07-12 19:05:52 - [MESSAGE][PASSED] - Object: 'Object Repository/AdminSuiteBootstrap_Pages/UM_Bootstrap/DeleteUser/button_DeleteUser_Okay' is clicked on

2024-07-12 19:05:52 - [TEST_STEP][PASSED] - markPassed("User was created and deleted"): User was created and deleted

2024-07-12 19:05:52 - [MESSAGE][PASSED] - User was created and deleted

2024-07-12 19:05:52 - [TEST_STEP][PASSED] - resText = "Pass": null

2024-07-12 19:05:52 - [TEST_STEP][PASSED] - pages.WriteExcel.demoKey(resText, datText, resColumn, datCloumn, fileLoc, nameSheet, row): pages.WriteExcel.demoKey is PASSED

2024-07-12 19:05:53 - [MESSAGE][PASSED] - pages.WriteExcel.demoKey is PASSED

2024-07-12 19:05:53 - [TEST_STEP][PASSED] - closeBrowser(): Browser is closed

2024-07-12 19:05:54 - [MESSAGE][PASSED] - Browser is closed

2024-07-12 19:05:54 - [TEST_STEP][PASSED] - ExecuteTC = findTestData(dataFile).getValue("Execute", row): null

2024-07-12 19:05:54 - [TEST_STEP][PASSED] - out.println("Value of Execute is : " + ExecuteTC): null

2024-07-12 19:05:54 - [TEST_STEP][PASSED] - if (ExecuteTC.equalsIgnoreCase("Y")): Browser is closed

2024-07-12 19:05:54 - [TEST_STEP][PASSED] - out.println("Begin Record Number: " + row): null

2024-07-12 19:05:54 - [TEST_STEP][PASSED] - today = new java.util.Date(): null

2024-07-12 19:05:54 - [TEST_STEP][PASSED] - println(today): null

2024-07-12 19:05:54 - [TEST_STEP][PASSED] - datText = today: null

2024-07-12 19:05:54 - [TEST_STEP][PASSED] - adminSuiteBootstrap.loginFunctionality.login_AdminSuite(): adminSuiteBootstrap.loginFunctionality.login_AdminSuite is PASSED

2024-07-12 19:05:54 - [MESSAGE][INFO] - Starting 'Chrome' driver

2024-07-12 19:05:54 - [MESSAGE][INFO] - User set preference: ['acceptInsecureCerts', 'true']

2024-07-12 19:05:54 - [MESSAGE][INFO] - Action delay is set to 0 milliseconds

2024-07-12 19:05:56 - [MESSAGE][PASSED] - Browser is opened with url: 'https://qa2.velocitypayment.com/admin/imtiaz'

2024-07-12 19:05:57 - [MESSAGE][PASSED] - Current window maximized

2024-07-12 19:05:57 - [MESSAGE][PASSED] - Object 'Object Repository/Login_Page/Login_Username_Okta' is present

2024-07-12 19:05:58 - [MESSAGE][PASSED] - Text 'iahmed' is set on object 'Object Repository/Login_Page/Login_Username_Okta'

2024-07-12 19:05:59 - [MESSAGE][PASSED] - Text 'Hello!6666666' is set on object 'Object Repository/Login_Page/Login_Password_Okta'

2024-07-12 19:05:59 - [MESSAGE][PASSED] - Object: 'Object Repository/Login_Page/Login_Submit_Okta' is clicked on

2024-07-12 19:05:59 - [MESSAGE][PASSED] - adminSuiteBootstrap.loginFunctionality.login_AdminSuite is PASSED

2024-07-12 19:05:59 - [TEST_STEP][PASSED] - click(findTestObject(path_Dashboard + "a_Access User Management")): Object: 'Object Repository/AdminSuiteBootstrap_Pages/Dashboard_Bootstrap/a_Access User Management' is clicked on

2024-07-12 19:06:07 - [MESSAGE][PASSED] - Object: 'Object Repository/AdminSuiteBootstrap_Pages/Dashboard_Bootstrap/a_Access User Management' is clicked on

2024-07-12 19:06:07 - [TEST_STEP][PASSED] - click(findTestObject(path_Users + "a_Add User")): Object: 'Object Repository/AdminSuiteBootstrap_Pages/UM_Bootstrap/Users/a_Add User' is clicked on

2024-07-12 19:06:08 - [MESSAGE][PASSED] - Object: 'Object Repository/AdminSuiteBootstrap_Pages/UM_Bootstrap/Users/a_Add User' is clicked on

2024-07-12 19:06:08 - [TEST_STEP][PASSED] - PasswordSpChar = findTestData(dataFile).getValue("PasswordSpChar", row): null

2024-07-12 19:06:08 - [TEST_STEP][PASSED] - PasswordLength = findTestData(dataFile).getValue("PasswordLength", row): null

2024-07-12 19:06:08 - [TEST_STEP][PASSED] - lenPassword = Integer.parseInt(PasswordLength): null

2024-07-12 19:06:08 - [TEST_STEP][PASSED] - buildFName = pages.GenerateRandom.getRandomAlpha(): pages.GenerateRandom.getRandomAlpha is PASSED

2024-07-12 19:06:08 - [MESSAGE][PASSED] - pages.GenerateRandom.getRandomAlpha is PASSED

2024-07-12 19:06:08 - [TEST_STEP][PASSED] - BuildLName = pages.GenerateRandom.getRandomAlpha(): pages.GenerateRandom.getRandomAlpha is PASSED

2024-07-12 19:06:08 - [MESSAGE][PASSED] - pages.GenerateRandom.getRandomAlpha is PASSED

2024-07-12 19:06:08 - [TEST_STEP][PASSED] - buildUsername = pages.GenerateRandom.getRandomAlpha(): pages.GenerateRandom.getRandomAlpha is PASSED

2024-07-12 19:06:08 - [MESSAGE][PASSED] - pages.GenerateRandom.getRandomAlpha is PASSED

2024-07-12 19:06:08 - [TEST_STEP][PASSED] - buildPassword = pages.GenerateRandom.getRandomAlphaNumCustomLength(lenPassword): pages.GenerateRandom.getRandomAlphaNumCustomLength is PASSED

2024-07-12 19:06:08 - [MESSAGE][PASSED] - pages.GenerateRandom.getRandomAlphaNumCustomLength is PASSED

2024-07-12 19:06:08 - [TEST_STEP][PASSED] - FinalPassword = buildPassword + PasswordSpChar: null

2024-07-12 19:06:08 - [TEST_STEP][PASSED] - println("Final Password is : " + FinalPassword): null

2024-07-12 19:06:08 - [TEST_STEP][PASSED] - setText(findTestObject(path_AddUser + "input_EmailAddress"), "iahmed@govolution.com"): Text 'iahmed@govolution.com' is set on object 'Object Repository/AdminSuiteBootstrap_Pages/UM_Bootstrap/AddUser/input_EmailAddress'

2024-07-12 19:06:09 - [MESSAGE][PASSED] - Text 'iahmed@govolution.com' is set on object 'Object Repository/AdminSuiteBootstrap_Pages/UM_Bootstrap/AddUser/input_EmailAddress'

2024-07-12 19:06:09 - [TEST_STEP][PASSED] - setText(findTestObject(path_AddUser + "input_Username"), buildUsername): Text 'aGOvEyknd' is set on object 'Object Repository/AdminSuiteBootstrap_Pages/UM_Bootstrap/AddUser/input_Username'

2024-07-12 19:06:10 - [MESSAGE][PASSED] - Text 'aGOvEyknd' is set on object 'Object Repository/AdminSuiteBootstrap_Pages/UM_Bootstrap/AddUser/input_Username'

2024-07-12 19:06:10 - [TEST_STEP][PASSED] - setText(findTestObject(path_AddUser + "input_FirstName"), buildFName): Text 'RsXIAnoCY' is set on object 'Object Repository/AdminSuiteBootstrap_Pages/UM_Bootstrap/AddUser/input_FirstName'

2024-07-12 19:06:11 - [MESSAGE][PASSED] - Text 'RsXIAnoCY' is set on object 'Object Repository/AdminSuiteBootstrap_Pages/UM_Bootstrap/AddUser/input_FirstName'

2024-07-12 19:06:11 - [TEST_STEP][PASSED] - setText(findTestObject(path_AddUser + "input_LastName"), BuildLName): Text 'logqMZCaz' is set on object 'Object Repository/AdminSuiteBootstrap_Pages/UM_Bootstrap/AddUser/input_LastName'

2024-07-12 19:06:11 - [MESSAGE][PASSED] - Text 'logqMZCaz' is set on object 'Object Repository/AdminSuiteBootstrap_Pages/UM_Bootstrap/AddUser/input_LastName'

2024-07-12 19:06:11 - [TEST_STEP][PASSED] - setText(findTestObject(path_AddUser + "input_Password"), FinalPassword): Text 'fxe9rsfCA^Ff6' is set on object 'Object Repository/AdminSuiteBootstrap_Pages/UM_Bootstrap/AddUser/input_Password'

2024-07-12 19:06:12 - [MESSAGE][PASSED] - Text 'fxe9rsfCA^Ff6' is set on object 'Object Repository/AdminSuiteBootstrap_Pages/UM_Bootstrap/AddUser/input_Password'

2024-07-12 19:06:12 - [TEST_STEP][PASSED] - setText(findTestObject(path_AddUser + "input_ConfirmPassword"), FinalPassword): Text 'fxe9rsfCA^Ff6' is set on object 'Object Repository/AdminSuiteBootstrap_Pages/UM_Bootstrap/AddUser/input_ConfirmPassword'

2024-07-12 19:06:13 - [MESSAGE][PASSED] - Text 'fxe9rsfCA^Ff6' is set on object 'Object Repository/AdminSuiteBootstrap_Pages/UM_Bootstrap/AddUser/input_ConfirmPassword'

2024-07-12 19:06:13 - [TEST_STEP][PASSED] - check(findTestObject(path_AddUser + "input_No_lock")): Object 'Object Repository/AdminSuiteBootstrap_Pages/UM_Bootstrap/AddUser/input_No_lock' is checked

2024-07-12 19:06:13 - [MESSAGE][PASSED] - Object 'Object Repository/AdminSuiteBootstrap_Pages/UM_Bootstrap/AddUser/input_No_lock' is checked

2024-07-12 19:06:13 - [TEST_STEP][PASSED] - click(findTestObject(path_AddUser + "button_Create")): Object: 'Object Repository/AdminSuiteBootstrap_Pages/UM_Bootstrap/AddUser/button_Create' is clicked on

2024-07-12 19:06:19 - [MESSAGE][PASSED] - Object: 'Object Repository/AdminSuiteBootstrap_Pages/UM_Bootstrap/AddUser/button_Create' is clicked on

2024-07-12 19:06:19 - [TEST_STEP][PASSED] - if (verifyTextPresent("User Account Created A user account for", true)): null

2024-07-12 19:06:19 - [MESSAGE][PASSED] - Text 'User Account Created A user account for' is present on page  using regular expression

2024-07-12 19:06:19 - [TEST_STEP][PASSED] - verifyTextPresent("was successfully created", true): Text 'was successfully created' is present on page  using regular expression

2024-07-12 19:06:20 - [MESSAGE][PASSED] - Text 'was successfully created' is present on page  using regular expression

2024-07-12 19:06:20 - [TEST_STEP][PASSED] - click(findTestObject(path_UserView + "button_Delete")): Object: 'Object Repository/AdminSuiteBootstrap_Pages/UM_Bootstrap/UserView/button_Delete' is clicked on

2024-07-12 19:06:20 - [MESSAGE][PASSED] - Object: 'Object Repository/AdminSuiteBootstrap_Pages/UM_Bootstrap/UserView/button_Delete' is clicked on

2024-07-12 19:06:20 - [TEST_STEP][PASSED] - click(findTestObject(path_DeleteUser + "button_DeleteUser_Delete")): Object: 'Object Repository/AdminSuiteBootstrap_Pages/UM_Bootstrap/DeleteUser/button_DeleteUser_Delete' is clicked on

2024-07-12 19:06:21 - [MESSAGE][PASSED] - Object: 'Object Repository/AdminSuiteBootstrap_Pages/UM_Bootstrap/DeleteUser/button_DeleteUser_Delete' is clicked on

2024-07-12 19:06:21 - [TEST_STEP][PASSED] - click(findTestObject(path_DeleteUser + "button_DeleteUser_Okay")): Object: 'Object Repository/AdminSuiteBootstrap_Pages/UM_Bootstrap/DeleteUser/button_DeleteUser_Okay' is clicked on

2024-07-12 19:06:22 - [MESSAGE][PASSED] - Object: 'Object Repository/AdminSuiteBootstrap_Pages/UM_Bootstrap/DeleteUser/button_DeleteUser_Okay' is clicked on

2024-07-12 19:06:22 - [TEST_STEP][PASSED] - markPassed("User was created and deleted"): User was created and deleted

2024-07-12 19:06:22 - [MESSAGE][PASSED] - User was created and deleted

2024-07-12 19:06:22 - [TEST_STEP][PASSED] - resText = "Pass": null

2024-07-12 19:06:22 - [TEST_STEP][PASSED] - pages.WriteExcel.demoKey(resText, datText, resColumn, datCloumn, fileLoc, nameSheet, row): pages.WriteExcel.demoKey is PASSED

2024-07-12 19:06:22 - [MESSAGE][PASSED] - pages.WriteExcel.demoKey is PASSED

2024-07-12 19:06:22 - [TEST_STEP][PASSED] - closeBrowser(): Browser is closed

2024-07-12 19:06:24 - [MESSAGE][PASSED] - Browser is closed

2024-07-12 19:06:24 - [TEST_STEP][PASSED] - ExecuteTC = findTestData(dataFile).getValue("Execute", row): null

2024-07-12 19:06:24 - [TEST_STEP][PASSED] - out.println("Value of Execute is : " + ExecuteTC): null

2024-07-12 19:06:24 - [TEST_STEP][PASSED] - if (ExecuteTC.equalsIgnoreCase("Y")): Browser is closed

2024-07-12 19:06:24 - [TEST_STEP][PASSED] - out.println("Begin Record Number: " + row): null

2024-07-12 19:06:24 - [TEST_STEP][PASSED] - today = new java.util.Date(): null

2024-07-12 19:06:24 - [TEST_STEP][PASSED] - println(today): null

2024-07-12 19:06:24 - [TEST_STEP][PASSED] - datText = today: null

2024-07-12 19:06:24 - [TEST_STEP][PASSED] - adminSuiteBootstrap.loginFunctionality.login_AdminSuite(): adminSuiteBootstrap.loginFunctionality.login_AdminSuite is PASSED

2024-07-12 19:06:24 - [MESSAGE][INFO] - Starting 'Chrome' driver

2024-07-12 19:06:24 - [MESSAGE][INFO] - User set preference: ['acceptInsecureCerts', 'true']

2024-07-12 19:06:24 - [MESSAGE][INFO] - Action delay is set to 0 milliseconds

2024-07-12 19:06:27 - [MESSAGE][PASSED] - Browser is opened with url: 'https://qa2.velocitypayment.com/admin/imtiaz'

2024-07-12 19:06:27 - [MESSAGE][PASSED] - Current window maximized

2024-07-12 19:06:27 - [MESSAGE][PASSED] - Object 'Object Repository/Login_Page/Login_Username_Okta' is present

2024-07-12 19:06:28 - [MESSAGE][PASSED] - Text 'iahmed' is set on object 'Object Repository/Login_Page/Login_Username_Okta'

2024-07-12 19:06:29 - [MESSAGE][PASSED] - Text 'Hello!6666666' is set on object 'Object Repository/Login_Page/Login_Password_Okta'

2024-07-12 19:06:29 - [MESSAGE][PASSED] - Object: 'Object Repository/Login_Page/Login_Submit_Okta' is clicked on

2024-07-12 19:06:29 - [MESSAGE][PASSED] - adminSuiteBootstrap.loginFunctionality.login_AdminSuite is PASSED

2024-07-12 19:06:29 - [TEST_STEP][PASSED] - click(findTestObject(path_Dashboard + "a_Access User Management")): Object: 'Object Repository/AdminSuiteBootstrap_Pages/Dashboard_Bootstrap/a_Access User Management' is clicked on

2024-07-12 19:06:38 - [MESSAGE][PASSED] - Object: 'Object Repository/AdminSuiteBootstrap_Pages/Dashboard_Bootstrap/a_Access User Management' is clicked on

2024-07-12 19:06:38 - [TEST_STEP][PASSED] - click(findTestObject(path_Users + "a_Add User")): Object: 'Object Repository/AdminSuiteBootstrap_Pages/UM_Bootstrap/Users/a_Add User' is clicked on

2024-07-12 19:06:38 - [MESSAGE][PASSED] - Object: 'Object Repository/AdminSuiteBootstrap_Pages/UM_Bootstrap/Users/a_Add User' is clicked on

2024-07-12 19:06:38 - [TEST_STEP][PASSED] - PasswordSpChar = findTestData(dataFile).getValue("PasswordSpChar", row): null

2024-07-12 19:06:38 - [TEST_STEP][PASSED] - PasswordLength = findTestData(dataFile).getValue("PasswordLength", row): null

2024-07-12 19:06:38 - [TEST_STEP][PASSED] - lenPassword = Integer.parseInt(PasswordLength): null

2024-07-12 19:06:38 - [TEST_STEP][PASSED] - buildFName = pages.GenerateRandom.getRandomAlpha(): pages.GenerateRandom.getRandomAlpha is PASSED

2024-07-12 19:06:38 - [MESSAGE][PASSED] - pages.GenerateRandom.getRandomAlpha is PASSED

2024-07-12 19:06:38 - [TEST_STEP][PASSED] - BuildLName = pages.GenerateRandom.getRandomAlpha(): pages.GenerateRandom.getRandomAlpha is PASSED

2024-07-12 19:06:38 - [MESSAGE][PASSED] - pages.GenerateRandom.getRandomAlpha is PASSED

2024-07-12 19:06:38 - [TEST_STEP][PASSED] - buildUsername = pages.GenerateRandom.getRandomAlpha(): pages.GenerateRandom.getRandomAlpha is PASSED

2024-07-12 19:06:38 - [MESSAGE][PASSED] - pages.GenerateRandom.getRandomAlpha is PASSED

2024-07-12 19:06:38 - [TEST_STEP][PASSED] - buildPassword = pages.GenerateRandom.getRandomAlphaNumCustomLength(lenPassword): pages.GenerateRandom.getRandomAlphaNumCustomLength is PASSED

2024-07-12 19:06:38 - [MESSAGE][PASSED] - pages.GenerateRandom.getRandomAlphaNumCustomLength is PASSED

2024-07-12 19:06:38 - [TEST_STEP][PASSED] - FinalPassword = buildPassword + PasswordSpChar: null

2024-07-12 19:06:38 - [TEST_STEP][PASSED] - println("Final Password is : " + FinalPassword): null

2024-07-12 19:06:38 - [TEST_STEP][PASSED] - setText(findTestObject(path_AddUser + "input_EmailAddress"), "iahmed@govolution.com"): Text 'iahmed@govolution.com' is set on object 'Object Repository/AdminSuiteBootstrap_Pages/UM_Bootstrap/AddUser/input_EmailAddress'

2024-07-12 19:06:39 - [MESSAGE][PASSED] - Text 'iahmed@govolution.com' is set on object 'Object Repository/AdminSuiteBootstrap_Pages/UM_Bootstrap/AddUser/input_EmailAddress'

2024-07-12 19:06:39 - [TEST_STEP][PASSED] - setText(findTestObject(path_AddUser + "input_Username"), buildUsername): Text 'zphvOdTXp' is set on object 'Object Repository/AdminSuiteBootstrap_Pages/UM_Bootstrap/AddUser/input_Username'

2024-07-12 19:06:40 - [MESSAGE][PASSED] - Text 'zphvOdTXp' is set on object 'Object Repository/AdminSuiteBootstrap_Pages/UM_Bootstrap/AddUser/input_Username'

2024-07-12 19:06:40 - [TEST_STEP][PASSED] - setText(findTestObject(path_AddUser + "input_FirstName"), buildFName): Text 'ZNdUGUpSi' is set on object 'Object Repository/AdminSuiteBootstrap_Pages/UM_Bootstrap/AddUser/input_FirstName'

2024-07-12 19:06:41 - [MESSAGE][PASSED] - Text 'ZNdUGUpSi' is set on object 'Object Repository/AdminSuiteBootstrap_Pages/UM_Bootstrap/AddUser/input_FirstName'

2024-07-12 19:06:41 - [TEST_STEP][PASSED] - setText(findTestObject(path_AddUser + "input_LastName"), BuildLName): Text 'YPqnWWOPQ' is set on object 'Object Repository/AdminSuiteBootstrap_Pages/UM_Bootstrap/AddUser/input_LastName'

2024-07-12 19:06:41 - [MESSAGE][PASSED] - Text 'YPqnWWOPQ' is set on object 'Object Repository/AdminSuiteBootstrap_Pages/UM_Bootstrap/AddUser/input_LastName'

2024-07-12 19:06:41 - [TEST_STEP][PASSED] - setText(findTestObject(path_AddUser + "input_Password"), FinalPassword): Text 'hQNeJtu0E&Gg7' is set on object 'Object Repository/AdminSuiteBootstrap_Pages/UM_Bootstrap/AddUser/input_Password'

2024-07-12 19:06:42 - [MESSAGE][PASSED] - Text 'hQNeJtu0E&Gg7' is set on object 'Object Repository/AdminSuiteBootstrap_Pages/UM_Bootstrap/AddUser/input_Password'

2024-07-12 19:06:42 - [TEST_STEP][PASSED] - setText(findTestObject(path_AddUser + "input_ConfirmPassword"), FinalPassword): Text 'hQNeJtu0E&Gg7' is set on object 'Object Repository/AdminSuiteBootstrap_Pages/UM_Bootstrap/AddUser/input_ConfirmPassword'

2024-07-12 19:06:43 - [MESSAGE][PASSED] - Text 'hQNeJtu0E&Gg7' is set on object 'Object Repository/AdminSuiteBootstrap_Pages/UM_Bootstrap/AddUser/input_ConfirmPassword'

2024-07-12 19:06:43 - [TEST_STEP][PASSED] - check(findTestObject(path_AddUser + "input_No_lock")): Object 'Object Repository/AdminSuiteBootstrap_Pages/UM_Bootstrap/AddUser/input_No_lock' is checked

2024-07-12 19:06:43 - [MESSAGE][PASSED] - Object 'Object Repository/AdminSuiteBootstrap_Pages/UM_Bootstrap/AddUser/input_No_lock' is checked

2024-07-12 19:06:43 - [TEST_STEP][PASSED] - click(findTestObject(path_AddUser + "button_Create")): Object: 'Object Repository/AdminSuiteBootstrap_Pages/UM_Bootstrap/AddUser/button_Create' is clicked on

2024-07-12 19:06:49 - [MESSAGE][PASSED] - Object: 'Object Repository/AdminSuiteBootstrap_Pages/UM_Bootstrap/AddUser/button_Create' is clicked on

2024-07-12 19:06:49 - [TEST_STEP][PASSED] - if (verifyTextPresent("User Account Created A user account for", true)): null

2024-07-12 19:06:49 - [MESSAGE][PASSED] - Text 'User Account Created A user account for' is present on page  using regular expression

2024-07-12 19:06:49 - [TEST_STEP][PASSED] - verifyTextPresent("was successfully created", true): Text 'was successfully created' is present on page  using regular expression

2024-07-12 19:06:50 - [MESSAGE][PASSED] - Text 'was successfully created' is present on page  using regular expression

2024-07-12 19:06:50 - [TEST_STEP][PASSED] - click(findTestObject(path_UserView + "button_Delete")): Object: 'Object Repository/AdminSuiteBootstrap_Pages/UM_Bootstrap/UserView/button_Delete' is clicked on

2024-07-12 19:06:50 - [MESSAGE][PASSED] - Object: 'Object Repository/AdminSuiteBootstrap_Pages/UM_Bootstrap/UserView/button_Delete' is clicked on

2024-07-12 19:06:50 - [TEST_STEP][PASSED] - click(findTestObject(path_DeleteUser + "button_DeleteUser_Delete")): Object: 'Object Repository/AdminSuiteBootstrap_Pages/UM_Bootstrap/DeleteUser/button_DeleteUser_Delete' is clicked on

2024-07-12 19:06:51 - [MESSAGE][PASSED] - Object: 'Object Repository/AdminSuiteBootstrap_Pages/UM_Bootstrap/DeleteUser/button_DeleteUser_Delete' is clicked on

2024-07-12 19:06:51 - [TEST_STEP][PASSED] - click(findTestObject(path_DeleteUser + "button_DeleteUser_Okay")): Object: 'Object Repository/AdminSuiteBootstrap_Pages/UM_Bootstrap/DeleteUser/button_DeleteUser_Okay' is clicked on

2024-07-12 19:06:52 - [MESSAGE][PASSED] - Object: 'Object Repository/AdminSuiteBootstrap_Pages/UM_Bootstrap/DeleteUser/button_DeleteUser_Okay' is clicked on

2024-07-12 19:06:52 - [TEST_STEP][PASSED] - markPassed("User was created and deleted"): User was created and deleted

2024-07-12 19:06:52 - [MESSAGE][PASSED] - User was created and deleted

2024-07-12 19:06:52 - [TEST_STEP][PASSED] - resText = "Pass": null

2024-07-12 19:06:52 - [TEST_STEP][PASSED] - pages.WriteExcel.demoKey(resText, datText, resColumn, datCloumn, fileLoc, nameSheet, row): pages.WriteExcel.demoKey is PASSED

2024-07-12 19:06:53 - [MESSAGE][PASSED] - pages.WriteExcel.demoKey is PASSED

2024-07-12 19:06:53 - [TEST_STEP][PASSED] - closeBrowser(): Browser is closed

2024-07-12 19:06:54 - [MESSAGE][PASSED] - Browser is closed

2024-07-12 19:06:54 - [TEST_STEP][PASSED] - ExecuteTC = findTestData(dataFile).getValue("Execute", row): null

2024-07-12 19:06:54 - [TEST_STEP][PASSED] - out.println("Value of Execute is : " + ExecuteTC): null

2024-07-12 19:06:54 - [TEST_STEP][PASSED] - if (ExecuteTC.equalsIgnoreCase("Y")): Browser is closed

2024-07-12 19:06:54 - [TEST_STEP][PASSED] - out.println("Begin Record Number: " + row): null

2024-07-12 19:06:54 - [TEST_STEP][PASSED] - today = new java.util.Date(): null

2024-07-12 19:06:54 - [TEST_STEP][PASSED] - println(today): null

2024-07-12 19:06:54 - [TEST_STEP][PASSED] - datText = today: null

2024-07-12 19:06:54 - [TEST_STEP][PASSED] - adminSuiteBootstrap.loginFunctionality.login_AdminSuite(): adminSuiteBootstrap.loginFunctionality.login_AdminSuite is PASSED

2024-07-12 19:06:54 - [MESSAGE][INFO] - Starting 'Chrome' driver

2024-07-12 19:06:54 - [MESSAGE][INFO] - User set preference: ['acceptInsecureCerts', 'true']

2024-07-12 19:06:54 - [MESSAGE][INFO] - Action delay is set to 0 milliseconds

2024-07-12 19:06:56 - [MESSAGE][PASSED] - Browser is opened with url: 'https://qa2.velocitypayment.com/admin/imtiaz'

2024-07-12 19:06:57 - [MESSAGE][PASSED] - Current window maximized

2024-07-12 19:06:57 - [MESSAGE][PASSED] - Object 'Object Repository/Login_Page/Login_Username_Okta' is present

2024-07-12 19:06:58 - [MESSAGE][PASSED] - Text 'iahmed' is set on object 'Object Repository/Login_Page/Login_Username_Okta'

2024-07-12 19:06:59 - [MESSAGE][PASSED] - Text 'Hello!6666666' is set on object 'Object Repository/Login_Page/Login_Password_Okta'

2024-07-12 19:07:00 - [MESSAGE][PASSED] - Object: 'Object Repository/Login_Page/Login_Submit_Okta' is clicked on

2024-07-12 19:07:00 - [MESSAGE][PASSED] - adminSuiteBootstrap.loginFunctionality.login_AdminSuite is PASSED

2024-07-12 19:07:00 - [TEST_STEP][PASSED] - click(findTestObject(path_Dashboard + "a_Access User Management")): Object: 'Object Repository/AdminSuiteBootstrap_Pages/Dashboard_Bootstrap/a_Access User Management' is clicked on

2024-07-12 19:07:07 - [MESSAGE][PASSED] - Object: 'Object Repository/AdminSuiteBootstrap_Pages/Dashboard_Bootstrap/a_Access User Management' is clicked on

2024-07-12 19:07:07 - [TEST_STEP][PASSED] - click(findTestObject(path_Users + "a_Add User")): Object: 'Object Repository/AdminSuiteBootstrap_Pages/UM_Bootstrap/Users/a_Add User' is clicked on

2024-07-12 19:07:08 - [MESSAGE][PASSED] - Object: 'Object Repository/AdminSuiteBootstrap_Pages/UM_Bootstrap/Users/a_Add User' is clicked on

2024-07-12 19:07:08 - [TEST_STEP][PASSED] - PasswordSpChar = findTestData(dataFile).getValue("PasswordSpChar", row): null

2024-07-12 19:07:08 - [TEST_STEP][PASSED] - PasswordLength = findTestData(dataFile).getValue("PasswordLength", row): null

2024-07-12 19:07:08 - [TEST_STEP][PASSED] - lenPassword = Integer.parseInt(PasswordLength): null

2024-07-12 19:07:08 - [TEST_STEP][PASSED] - buildFName = pages.GenerateRandom.getRandomAlpha(): pages.GenerateRandom.getRandomAlpha is PASSED

2024-07-12 19:07:08 - [MESSAGE][PASSED] - pages.GenerateRandom.getRandomAlpha is PASSED

2024-07-12 19:07:08 - [TEST_STEP][PASSED] - BuildLName = pages.GenerateRandom.getRandomAlpha(): pages.GenerateRandom.getRandomAlpha is PASSED

2024-07-12 19:07:08 - [MESSAGE][PASSED] - pages.GenerateRandom.getRandomAlpha is PASSED

2024-07-12 19:07:08 - [TEST_STEP][PASSED] - buildUsername = pages.GenerateRandom.getRandomAlpha(): pages.GenerateRandom.getRandomAlpha is PASSED

2024-07-12 19:07:08 - [MESSAGE][PASSED] - pages.GenerateRandom.getRandomAlpha is PASSED

2024-07-12 19:07:08 - [TEST_STEP][PASSED] - buildPassword = pages.GenerateRandom.getRandomAlphaNumCustomLength(lenPassword): pages.GenerateRandom.getRandomAlphaNumCustomLength is PASSED

2024-07-12 19:07:08 - [MESSAGE][PASSED] - pages.GenerateRandom.getRandomAlphaNumCustomLength is PASSED

2024-07-12 19:07:08 - [TEST_STEP][PASSED] - FinalPassword = buildPassword + PasswordSpChar: null

2024-07-12 19:07:08 - [TEST_STEP][PASSED] - println("Final Password is : " + FinalPassword): null

2024-07-12 19:07:08 - [TEST_STEP][PASSED] - setText(findTestObject(path_AddUser + "input_EmailAddress"), "iahmed@govolution.com"): Text 'iahmed@govolution.com' is set on object 'Object Repository/AdminSuiteBootstrap_Pages/UM_Bootstrap/AddUser/input_EmailAddress'

2024-07-12 19:07:09 - [MESSAGE][PASSED] - Text 'iahmed@govolution.com' is set on object 'Object Repository/AdminSuiteBootstrap_Pages/UM_Bootstrap/AddUser/input_EmailAddress'

2024-07-12 19:07:09 - [TEST_STEP][PASSED] - setText(findTestObject(path_AddUser + "input_Username"), buildUsername): Text 'KnEEitWAx' is set on object 'Object Repository/AdminSuiteBootstrap_Pages/UM_Bootstrap/AddUser/input_Username'

2024-07-12 19:07:10 - [MESSAGE][PASSED] - Text 'KnEEitWAx' is set on object 'Object Repository/AdminSuiteBootstrap_Pages/UM_Bootstrap/AddUser/input_Username'

2024-07-12 19:07:10 - [TEST_STEP][PASSED] - setText(findTestObject(path_AddUser + "input_FirstName"), buildFName): Text 'zPdKdPgpw' is set on object 'Object Repository/AdminSuiteBootstrap_Pages/UM_Bootstrap/AddUser/input_FirstName'

2024-07-12 19:07:10 - [MESSAGE][PASSED] - Text 'zPdKdPgpw' is set on object 'Object Repository/AdminSuiteBootstrap_Pages/UM_Bootstrap/AddUser/input_FirstName'

2024-07-12 19:07:10 - [TEST_STEP][PASSED] - setText(findTestObject(path_AddUser + "input_LastName"), BuildLName): Text 'HEHOpXDSq' is set on object 'Object Repository/AdminSuiteBootstrap_Pages/UM_Bootstrap/AddUser/input_LastName'

2024-07-12 19:07:11 - [MESSAGE][PASSED] - Text 'HEHOpXDSq' is set on object 'Object Repository/AdminSuiteBootstrap_Pages/UM_Bootstrap/AddUser/input_LastName'

2024-07-12 19:07:11 - [TEST_STEP][PASSED] - setText(findTestObject(path_AddUser + "input_Password"), FinalPassword): Text 'T3RECcvCu*Hh8' is set on object 'Object Repository/AdminSuiteBootstrap_Pages/UM_Bootstrap/AddUser/input_Password'

2024-07-12 19:07:12 - [MESSAGE][PASSED] - Text 'T3RECcvCu*Hh8' is set on object 'Object Repository/AdminSuiteBootstrap_Pages/UM_Bootstrap/AddUser/input_Password'

2024-07-12 19:07:12 - [TEST_STEP][PASSED] - setText(findTestObject(path_AddUser + "input_ConfirmPassword"), FinalPassword): Text 'T3RECcvCu*Hh8' is set on object 'Object Repository/AdminSuiteBootstrap_Pages/UM_Bootstrap/AddUser/input_ConfirmPassword'

2024-07-12 19:07:13 - [MESSAGE][PASSED] - Text 'T3RECcvCu*Hh8' is set on object 'Object Repository/AdminSuiteBootstrap_Pages/UM_Bootstrap/AddUser/input_ConfirmPassword'

2024-07-12 19:07:13 - [TEST_STEP][PASSED] - check(findTestObject(path_AddUser + "input_No_lock")): Object 'Object Repository/AdminSuiteBootstrap_Pages/UM_Bootstrap/AddUser/input_No_lock' is checked

2024-07-12 19:07:13 - [MESSAGE][PASSED] - Object 'Object Repository/AdminSuiteBootstrap_Pages/UM_Bootstrap/AddUser/input_No_lock' is checked

2024-07-12 19:07:13 - [TEST_STEP][PASSED] - click(findTestObject(path_AddUser + "button_Create")): Object: 'Object Repository/AdminSuiteBootstrap_Pages/UM_Bootstrap/AddUser/button_Create' is clicked on

2024-07-12 19:07:19 - [MESSAGE][PASSED] - Object: 'Object Repository/AdminSuiteBootstrap_Pages/UM_Bootstrap/AddUser/button_Create' is clicked on

2024-07-12 19:07:19 - [TEST_STEP][PASSED] - if (verifyTextPresent("User Account Created A user account for", true)): null

2024-07-12 19:07:19 - [MESSAGE][PASSED] - Text 'User Account Created A user account for' is present on page  using regular expression

2024-07-12 19:07:19 - [TEST_STEP][PASSED] - verifyTextPresent("was successfully created", true): Text 'was successfully created' is present on page  using regular expression

2024-07-12 19:07:20 - [MESSAGE][PASSED] - Text 'was successfully created' is present on page  using regular expression

2024-07-12 19:07:20 - [TEST_STEP][PASSED] - click(findTestObject(path_UserView + "button_Delete")): Object: 'Object Repository/AdminSuiteBootstrap_Pages/UM_Bootstrap/UserView/button_Delete' is clicked on

2024-07-12 19:07:20 - [MESSAGE][PASSED] - Object: 'Object Repository/AdminSuiteBootstrap_Pages/UM_Bootstrap/UserView/button_Delete' is clicked on

2024-07-12 19:07:20 - [TEST_STEP][PASSED] - click(findTestObject(path_DeleteUser + "button_DeleteUser_Delete")): Object: 'Object Repository/AdminSuiteBootstrap_Pages/UM_Bootstrap/DeleteUser/button_DeleteUser_Delete' is clicked on

2024-07-12 19:07:21 - [MESSAGE][PASSED] - Object: 'Object Repository/AdminSuiteBootstrap_Pages/UM_Bootstrap/DeleteUser/button_DeleteUser_Delete' is clicked on

2024-07-12 19:07:21 - [TEST_STEP][PASSED] - click(findTestObject(path_DeleteUser + "button_DeleteUser_Okay")): Object: 'Object Repository/AdminSuiteBootstrap_Pages/UM_Bootstrap/DeleteUser/button_DeleteUser_Okay' is clicked on

2024-07-12 19:07:22 - [MESSAGE][PASSED] - Object: 'Object Repository/AdminSuiteBootstrap_Pages/UM_Bootstrap/DeleteUser/button_DeleteUser_Okay' is clicked on

2024-07-12 19:07:22 - [TEST_STEP][PASSED] - markPassed("User was created and deleted"): User was created and deleted

2024-07-12 19:07:22 - [MESSAGE][PASSED] - User was created and deleted

2024-07-12 19:07:22 - [TEST_STEP][PASSED] - resText = "Pass": null

2024-07-12 19:07:22 - [TEST_STEP][PASSED] - pages.WriteExcel.demoKey(resText, datText, resColumn, datCloumn, fileLoc, nameSheet, row): pages.WriteExcel.demoKey is PASSED

2024-07-12 19:07:22 - [MESSAGE][PASSED] - pages.WriteExcel.demoKey is PASSED

2024-07-12 19:07:22 - [TEST_STEP][PASSED] - closeBrowser(): Browser is closed

2024-07-12 19:07:24 - [MESSAGE][PASSED] - Browser is closed

2024-07-12 19:07:24 - [TEST_STEP][PASSED] - ExecuteTC = findTestData(dataFile).getValue("Execute", row): null

2024-07-12 19:07:24 - [TEST_STEP][PASSED] - out.println("Value of Execute is : " + ExecuteTC): null

2024-07-12 19:07:24 - [TEST_STEP][PASSED] - if (ExecuteTC.equalsIgnoreCase("Y")): Browser is closed

2024-07-12 19:07:24 - [TEST_STEP][PASSED] - out.println("Begin Record Number: " + row): null

2024-07-12 19:07:24 - [TEST_STEP][PASSED] - today = new java.util.Date(): null

2024-07-12 19:07:24 - [TEST_STEP][PASSED] - println(today): null

2024-07-12 19:07:24 - [TEST_STEP][PASSED] - datText = today: null

2024-07-12 19:07:24 - [TEST_STEP][PASSED] - adminSuiteBootstrap.loginFunctionality.login_AdminSuite(): adminSuiteBootstrap.loginFunctionality.login_AdminSuite is PASSED

2024-07-12 19:07:24 - [MESSAGE][INFO] - Starting 'Chrome' driver

2024-07-12 19:07:24 - [MESSAGE][INFO] - User set preference: ['acceptInsecureCerts', 'true']

2024-07-12 19:07:24 - [MESSAGE][INFO] - Action delay is set to 0 milliseconds

2024-07-12 19:07:26 - [MESSAGE][PASSED] - Browser is opened with url: 'https://qa2.velocitypayment.com/admin/imtiaz'

2024-07-12 19:07:27 - [MESSAGE][PASSED] - Current window maximized

2024-07-12 19:07:27 - [MESSAGE][PASSED] - Object 'Object Repository/Login_Page/Login_Username_Okta' is present

2024-07-12 19:07:28 - [MESSAGE][PASSED] - Text 'iahmed' is set on object 'Object Repository/Login_Page/Login_Username_Okta'

2024-07-12 19:07:29 - [MESSAGE][PASSED] - Text 'Hello!6666666' is set on object 'Object Repository/Login_Page/Login_Password_Okta'

2024-07-12 19:07:29 - [MESSAGE][PASSED] - Object: 'Object Repository/Login_Page/Login_Submit_Okta' is clicked on

2024-07-12 19:07:29 - [MESSAGE][PASSED] - adminSuiteBootstrap.loginFunctionality.login_AdminSuite is PASSED

2024-07-12 19:07:29 - [TEST_STEP][PASSED] - click(findTestObject(path_Dashboard + "a_Access User Management")): Object: 'Object Repository/AdminSuiteBootstrap_Pages/Dashboard_Bootstrap/a_Access User Management' is clicked on

2024-07-12 19:07:37 - [MESSAGE][PASSED] - Object: 'Object Repository/AdminSuiteBootstrap_Pages/Dashboard_Bootstrap/a_Access User Management' is clicked on

2024-07-12 19:07:37 - [TEST_STEP][PASSED] - click(findTestObject(path_Users + "a_Add User")): Object: 'Object Repository/AdminSuiteBootstrap_Pages/UM_Bootstrap/Users/a_Add User' is clicked on

2024-07-12 19:07:38 - [MESSAGE][PASSED] - Object: 'Object Repository/AdminSuiteBootstrap_Pages/UM_Bootstrap/Users/a_Add User' is clicked on

2024-07-12 19:07:38 - [TEST_STEP][PASSED] - PasswordSpChar = findTestData(dataFile).getValue("PasswordSpChar", row): null

2024-07-12 19:07:38 - [TEST_STEP][PASSED] - PasswordLength = findTestData(dataFile).getValue("PasswordLength", row): null

2024-07-12 19:07:38 - [TEST_STEP][PASSED] - lenPassword = Integer.parseInt(PasswordLength): null

2024-07-12 19:07:38 - [TEST_STEP][PASSED] - buildFName = pages.GenerateRandom.getRandomAlpha(): pages.GenerateRandom.getRandomAlpha is PASSED

2024-07-12 19:07:38 - [MESSAGE][PASSED] - pages.GenerateRandom.getRandomAlpha is PASSED

2024-07-12 19:07:38 - [TEST_STEP][PASSED] - BuildLName = pages.GenerateRandom.getRandomAlpha(): pages.GenerateRandom.getRandomAlpha is PASSED

2024-07-12 19:07:38 - [MESSAGE][PASSED] - pages.GenerateRandom.getRandomAlpha is PASSED

2024-07-12 19:07:38 - [TEST_STEP][PASSED] - buildUsername = pages.GenerateRandom.getRandomAlpha(): pages.GenerateRandom.getRandomAlpha is PASSED

2024-07-12 19:07:38 - [MESSAGE][PASSED] - pages.GenerateRandom.getRandomAlpha is PASSED

2024-07-12 19:07:38 - [TEST_STEP][PASSED] - buildPassword = pages.GenerateRandom.getRandomAlphaNumCustomLength(lenPassword): pages.GenerateRandom.getRandomAlphaNumCustomLength is PASSED

2024-07-12 19:07:38 - [MESSAGE][PASSED] - pages.GenerateRandom.getRandomAlphaNumCustomLength is PASSED

2024-07-12 19:07:38 - [TEST_STEP][PASSED] - FinalPassword = buildPassword + PasswordSpChar: null

2024-07-12 19:07:38 - [TEST_STEP][PASSED] - println("Final Password is : " + FinalPassword): null

2024-07-12 19:07:38 - [TEST_STEP][PASSED] - setText(findTestObject(path_AddUser + "input_EmailAddress"), "iahmed@govolution.com"): Text 'iahmed@govolution.com' is set on object 'Object Repository/AdminSuiteBootstrap_Pages/UM_Bootstrap/AddUser/input_EmailAddress'

2024-07-12 19:07:39 - [MESSAGE][PASSED] - Text 'iahmed@govolution.com' is set on object 'Object Repository/AdminSuiteBootstrap_Pages/UM_Bootstrap/AddUser/input_EmailAddress'

2024-07-12 19:07:39 - [TEST_STEP][PASSED] - setText(findTestObject(path_AddUser + "input_Username"), buildUsername): Text 'ZFxhFzayB' is set on object 'Object Repository/AdminSuiteBootstrap_Pages/UM_Bootstrap/AddUser/input_Username'

2024-07-12 19:07:40 - [MESSAGE][PASSED] - Text 'ZFxhFzayB' is set on object 'Object Repository/AdminSuiteBootstrap_Pages/UM_Bootstrap/AddUser/input_Username'

2024-07-12 19:07:40 - [TEST_STEP][PASSED] - setText(findTestObject(path_AddUser + "input_FirstName"), buildFName): Text 'XZKQLgWxE' is set on object 'Object Repository/AdminSuiteBootstrap_Pages/UM_Bootstrap/AddUser/input_FirstName'

2024-07-12 19:07:40 - [MESSAGE][PASSED] - Text 'XZKQLgWxE' is set on object 'Object Repository/AdminSuiteBootstrap_Pages/UM_Bootstrap/AddUser/input_FirstName'

2024-07-12 19:07:40 - [TEST_STEP][PASSED] - setText(findTestObject(path_AddUser + "input_LastName"), BuildLName): Text 'FxRIAYyzc' is set on object 'Object Repository/AdminSuiteBootstrap_Pages/UM_Bootstrap/AddUser/input_LastName'

2024-07-12 19:07:41 - [MESSAGE][PASSED] - Text 'FxRIAYyzc' is set on object 'Object Repository/AdminSuiteBootstrap_Pages/UM_Bootstrap/AddUser/input_LastName'

2024-07-12 19:07:41 - [TEST_STEP][PASSED] - setText(findTestObject(path_AddUser + "input_Password"), FinalPassword): Text 'tl8RaNhv6l!Ii9' is set on object 'Object Repository/AdminSuiteBootstrap_Pages/UM_Bootstrap/AddUser/input_Password'

2024-07-12 19:07:42 - [MESSAGE][PASSED] - Text 'tl8RaNhv6l!Ii9' is set on object 'Object Repository/AdminSuiteBootstrap_Pages/UM_Bootstrap/AddUser/input_Password'

2024-07-12 19:07:42 - [TEST_STEP][PASSED] - setText(findTestObject(path_AddUser + "input_ConfirmPassword"), FinalPassword): Text 'tl8RaNhv6l!Ii9' is set on object 'Object Repository/AdminSuiteBootstrap_Pages/UM_Bootstrap/AddUser/input_ConfirmPassword'

2024-07-12 19:07:43 - [MESSAGE][PASSED] - Text 'tl8RaNhv6l!Ii9' is set on object 'Object Repository/AdminSuiteBootstrap_Pages/UM_Bootstrap/AddUser/input_ConfirmPassword'

2024-07-12 19:07:43 - [TEST_STEP][PASSED] - check(findTestObject(path_AddUser + "input_No_lock")): Object 'Object Repository/AdminSuiteBootstrap_Pages/UM_Bootstrap/AddUser/input_No_lock' is checked

2024-07-12 19:07:43 - [MESSAGE][PASSED] - Object 'Object Repository/AdminSuiteBootstrap_Pages/UM_Bootstrap/AddUser/input_No_lock' is checked

2024-07-12 19:07:43 - [TEST_STEP][PASSED] - click(findTestObject(path_AddUser + "button_Create")): Object: 'Object Repository/AdminSuiteBootstrap_Pages/UM_Bootstrap/AddUser/button_Create' is clicked on

2024-07-12 19:07:49 - [MESSAGE][PASSED] - Object: 'Object Repository/AdminSuiteBootstrap_Pages/UM_Bootstrap/AddUser/button_Create' is clicked on

2024-07-12 19:07:49 - [TEST_STEP][PASSED] - if (verifyTextPresent("User Account Created A user account for", true)): null

2024-07-12 19:07:50 - [MESSAGE][PASSED] - Text 'User Account Created A user account for' is present on page  using regular expression

2024-07-12 19:07:50 - [TEST_STEP][PASSED] - verifyTextPresent("was successfully created", true): Text 'was successfully created' is present on page  using regular expression

2024-07-12 19:07:50 - [MESSAGE][PASSED] - Text 'was successfully created' is present on page  using regular expression

2024-07-12 19:07:50 - [TEST_STEP][PASSED] - click(findTestObject(path_UserView + "button_Delete")): Object: 'Object Repository/AdminSuiteBootstrap_Pages/UM_Bootstrap/UserView/button_Delete' is clicked on

2024-07-12 19:07:50 - [MESSAGE][PASSED] - Object: 'Object Repository/AdminSuiteBootstrap_Pages/UM_Bootstrap/UserView/button_Delete' is clicked on

2024-07-12 19:07:50 - [TEST_STEP][PASSED] - click(findTestObject(path_DeleteUser + "button_DeleteUser_Delete")): Object: 'Object Repository/AdminSuiteBootstrap_Pages/UM_Bootstrap/DeleteUser/button_DeleteUser_Delete' is clicked on

2024-07-12 19:07:51 - [MESSAGE][PASSED] - Object: 'Object Repository/AdminSuiteBootstrap_Pages/UM_Bootstrap/DeleteUser/button_DeleteUser_Delete' is clicked on

2024-07-12 19:07:51 - [TEST_STEP][PASSED] - click(findTestObject(path_DeleteUser + "button_DeleteUser_Okay")): Object: 'Object Repository/AdminSuiteBootstrap_Pages/UM_Bootstrap/DeleteUser/button_DeleteUser_Okay' is clicked on

2024-07-12 19:07:52 - [MESSAGE][PASSED] - Object: 'Object Repository/AdminSuiteBootstrap_Pages/UM_Bootstrap/DeleteUser/button_DeleteUser_Okay' is clicked on

2024-07-12 19:07:52 - [TEST_STEP][PASSED] - markPassed("User was created and deleted"): User was created and deleted

2024-07-12 19:07:52 - [MESSAGE][PASSED] - User was created and deleted

2024-07-12 19:07:52 - [TEST_STEP][PASSED] - resText = "Pass": null

2024-07-12 19:07:52 - [TEST_STEP][PASSED] - pages.WriteExcel.demoKey(resText, datText, resColumn, datCloumn, fileLoc, nameSheet, row): pages.WriteExcel.demoKey is PASSED

2024-07-12 19:07:53 - [MESSAGE][PASSED] - pages.WriteExcel.demoKey is PASSED

2024-07-12 19:07:53 - [TEST_STEP][PASSED] - closeBrowser(): Browser is closed

2024-07-12 19:07:54 - [MESSAGE][PASSED] - Browser is closed

2024-07-12 19:07:54 - [TEST_STEP][PASSED] - ExecuteTC = findTestData(dataFile).getValue("Execute", row): null

2024-07-12 19:07:54 - [TEST_STEP][PASSED] - out.println("Value of Execute is : " + ExecuteTC): null

2024-07-12 19:07:54 - [TEST_STEP][PASSED] - if (ExecuteTC.equalsIgnoreCase("Y")): Browser is closed

2024-07-12 19:07:54 - [TEST_STEP][PASSED] - out.println("Begin Record Number: " + row): null

2024-07-12 19:07:54 - [TEST_STEP][PASSED] - today = new java.util.Date(): null

2024-07-12 19:07:54 - [TEST_STEP][PASSED] - println(today): null

2024-07-12 19:07:54 - [TEST_STEP][PASSED] - datText = today: null

2024-07-12 19:07:54 - [TEST_STEP][PASSED] - adminSuiteBootstrap.loginFunctionality.login_AdminSuite(): adminSuiteBootstrap.loginFunctionality.login_AdminSuite is PASSED

2024-07-12 19:07:54 - [MESSAGE][INFO] - Starting 'Chrome' driver

2024-07-12 19:07:54 - [MESSAGE][INFO] - User set preference: ['acceptInsecureCerts', 'true']

2024-07-12 19:07:54 - [MESSAGE][INFO] - Action delay is set to 0 milliseconds

2024-07-12 19:07:57 - [MESSAGE][PASSED] - Browser is opened with url: 'https://qa2.velocitypayment.com/admin/imtiaz'

2024-07-12 19:07:57 - [MESSAGE][PASSED] - Current window maximized

2024-07-12 19:07:57 - [MESSAGE][PASSED] - Object 'Object Repository/Login_Page/Login_Username_Okta' is present

2024-07-12 19:07:58 - [MESSAGE][PASSED] - Text 'iahmed' is set on object 'Object Repository/Login_Page/Login_Username_Okta'

2024-07-12 19:07:59 - [MESSAGE][PASSED] - Text 'Hello!6666666' is set on object 'Object Repository/Login_Page/Login_Password_Okta'

2024-07-12 19:07:59 - [MESSAGE][PASSED] - Object: 'Object Repository/Login_Page/Login_Submit_Okta' is clicked on

2024-07-12 19:07:59 - [MESSAGE][PASSED] - adminSuiteBootstrap.loginFunctionality.login_AdminSuite is PASSED

2024-07-12 19:07:59 - [TEST_STEP][PASSED] - click(findTestObject(path_Dashboard + "a_Access User Management")): Object: 'Object Repository/AdminSuiteBootstrap_Pages/Dashboard_Bootstrap/a_Access User Management' is clicked on

2024-07-12 19:08:07 - [MESSAGE][PASSED] - Object: 'Object Repository/AdminSuiteBootstrap_Pages/Dashboard_Bootstrap/a_Access User Management' is clicked on

2024-07-12 19:08:07 - [TEST_STEP][PASSED] - click(findTestObject(path_Users + "a_Add User")): Object: 'Object Repository/AdminSuiteBootstrap_Pages/UM_Bootstrap/Users/a_Add User' is clicked on

2024-07-12 19:08:08 - [MESSAGE][PASSED] - Object: 'Object Repository/AdminSuiteBootstrap_Pages/UM_Bootstrap/Users/a_Add User' is clicked on

2024-07-12 19:08:08 - [TEST_STEP][PASSED] - PasswordSpChar = findTestData(dataFile).getValue("PasswordSpChar", row): null

2024-07-12 19:08:08 - [TEST_STEP][PASSED] - PasswordLength = findTestData(dataFile).getValue("PasswordLength", row): null

2024-07-12 19:08:08 - [TEST_STEP][PASSED] - lenPassword = Integer.parseInt(PasswordLength): null

2024-07-12 19:08:08 - [TEST_STEP][PASSED] - buildFName = pages.GenerateRandom.getRandomAlpha(): pages.GenerateRandom.getRandomAlpha is PASSED

2024-07-12 19:08:08 - [MESSAGE][PASSED] - pages.GenerateRandom.getRandomAlpha is PASSED

2024-07-12 19:08:08 - [TEST_STEP][PASSED] - BuildLName = pages.GenerateRandom.getRandomAlpha(): pages.GenerateRandom.getRandomAlpha is PASSED

2024-07-12 19:08:08 - [MESSAGE][PASSED] - pages.GenerateRandom.getRandomAlpha is PASSED

2024-07-12 19:08:08 - [TEST_STEP][PASSED] - buildUsername = pages.GenerateRandom.getRandomAlpha(): pages.GenerateRandom.getRandomAlpha is PASSED

2024-07-12 19:08:08 - [MESSAGE][PASSED] - pages.GenerateRandom.getRandomAlpha is PASSED

2024-07-12 19:08:08 - [TEST_STEP][PASSED] - buildPassword = pages.GenerateRandom.getRandomAlphaNumCustomLength(lenPassword): pages.GenerateRandom.getRandomAlphaNumCustomLength is PASSED

2024-07-12 19:08:08 - [MESSAGE][PASSED] - pages.GenerateRandom.getRandomAlphaNumCustomLength is PASSED

2024-07-12 19:08:08 - [TEST_STEP][PASSED] - FinalPassword = buildPassword + PasswordSpChar: null

2024-07-12 19:08:08 - [TEST_STEP][PASSED] - println("Final Password is : " + FinalPassword): null

2024-07-12 19:08:08 - [TEST_STEP][PASSED] - setText(findTestObject(path_AddUser + "input_EmailAddress"), "iahmed@govolution.com"): Text 'iahmed@govolution.com' is set on object 'Object Repository/AdminSuiteBootstrap_Pages/UM_Bootstrap/AddUser/input_EmailAddress'

2024-07-12 19:08:09 - [MESSAGE][PASSED] - Text 'iahmed@govolution.com' is set on object 'Object Repository/AdminSuiteBootstrap_Pages/UM_Bootstrap/AddUser/input_EmailAddress'

2024-07-12 19:08:09 - [TEST_STEP][PASSED] - setText(findTestObject(path_AddUser + "input_Username"), buildUsername): Text 'KOXVpcqGV' is set on object 'Object Repository/AdminSuiteBootstrap_Pages/UM_Bootstrap/AddUser/input_Username'

2024-07-12 19:08:09 - [MESSAGE][PASSED] - Text 'KOXVpcqGV' is set on object 'Object Repository/AdminSuiteBootstrap_Pages/UM_Bootstrap/AddUser/input_Username'

2024-07-12 19:08:09 - [TEST_STEP][PASSED] - setText(findTestObject(path_AddUser + "input_FirstName"), buildFName): Text 'EoWufdWeF' is set on object 'Object Repository/AdminSuiteBootstrap_Pages/UM_Bootstrap/AddUser/input_FirstName'

2024-07-12 19:08:10 - [MESSAGE][PASSED] - Text 'EoWufdWeF' is set on object 'Object Repository/AdminSuiteBootstrap_Pages/UM_Bootstrap/AddUser/input_FirstName'

2024-07-12 19:08:10 - [TEST_STEP][PASSED] - setText(findTestObject(path_AddUser + "input_LastName"), BuildLName): Text 'bwRsdReiG' is set on object 'Object Repository/AdminSuiteBootstrap_Pages/UM_Bootstrap/AddUser/input_LastName'

2024-07-12 19:08:11 - [MESSAGE][PASSED] - Text 'bwRsdReiG' is set on object 'Object Repository/AdminSuiteBootstrap_Pages/UM_Bootstrap/AddUser/input_LastName'

2024-07-12 19:08:11 - [TEST_STEP][PASSED] - setText(findTestObject(path_AddUser + "input_Password"), FinalPassword): Text 'ercbvladoN@Jj0' is set on object 'Object Repository/AdminSuiteBootstrap_Pages/UM_Bootstrap/AddUser/input_Password'

2024-07-12 19:08:12 - [MESSAGE][PASSED] - Text 'ercbvladoN@Jj0' is set on object 'Object Repository/AdminSuiteBootstrap_Pages/UM_Bootstrap/AddUser/input_Password'

2024-07-12 19:08:12 - [TEST_STEP][PASSED] - setText(findTestObject(path_AddUser + "input_ConfirmPassword"), FinalPassword): Text 'ercbvladoN@Jj0' is set on object 'Object Repository/AdminSuiteBootstrap_Pages/UM_Bootstrap/AddUser/input_ConfirmPassword'

2024-07-12 19:08:12 - [MESSAGE][PASSED] - Text 'ercbvladoN@Jj0' is set on object 'Object Repository/AdminSuiteBootstrap_Pages/UM_Bootstrap/AddUser/input_ConfirmPassword'

2024-07-12 19:08:12 - [TEST_STEP][PASSED] - check(findTestObject(path_AddUser + "input_No_lock")): Object 'Object Repository/AdminSuiteBootstrap_Pages/UM_Bootstrap/AddUser/input_No_lock' is checked

2024-07-12 19:08:13 - [MESSAGE][PASSED] - Object 'Object Repository/AdminSuiteBootstrap_Pages/UM_Bootstrap/AddUser/input_No_lock' is checked

2024-07-12 19:08:13 - [TEST_STEP][PASSED] - click(findTestObject(path_AddUser + "button_Create")): Object: 'Object Repository/AdminSuiteBootstrap_Pages/UM_Bootstrap/AddUser/button_Create' is clicked on

2024-07-12 19:08:18 - [MESSAGE][PASSED] - Object: 'Object Repository/AdminSuiteBootstrap_Pages/UM_Bootstrap/AddUser/button_Create' is clicked on

2024-07-12 19:08:18 - [TEST_STEP][PASSED] - if (verifyTextPresent("User Account Created A user account for", true)): null

2024-07-12 19:08:19 - [MESSAGE][PASSED] - Text 'User Account Created A user account for' is present on page  using regular expression

2024-07-12 19:08:19 - [TEST_STEP][PASSED] - verifyTextPresent("was successfully created", true): Text 'was successfully created' is present on page  using regular expression

2024-07-12 19:08:19 - [MESSAGE][PASSED] - Text 'was successfully created' is present on page  using regular expression

2024-07-12 19:08:19 - [TEST_STEP][PASSED] - click(findTestObject(path_UserView + "button_Delete")): Object: 'Object Repository/AdminSuiteBootstrap_Pages/UM_Bootstrap/UserView/button_Delete' is clicked on

2024-07-12 19:08:20 - [MESSAGE][PASSED] - Object: 'Object Repository/AdminSuiteBootstrap_Pages/UM_Bootstrap/UserView/button_Delete' is clicked on

2024-07-12 19:08:20 - [TEST_STEP][PASSED] - click(findTestObject(path_DeleteUser + "button_DeleteUser_Delete")): Object: 'Object Repository/AdminSuiteBootstrap_Pages/UM_Bootstrap/DeleteUser/button_DeleteUser_Delete' is clicked on

2024-07-12 19:08:20 - [MESSAGE][PASSED] - Object: 'Object Repository/AdminSuiteBootstrap_Pages/UM_Bootstrap/DeleteUser/button_DeleteUser_Delete' is clicked on

2024-07-12 19:08:20 - [TEST_STEP][PASSED] - click(findTestObject(path_DeleteUser + "button_DeleteUser_Okay")): Object: 'Object Repository/AdminSuiteBootstrap_Pages/UM_Bootstrap/DeleteUser/button_DeleteUser_Okay' is clicked on

2024-07-12 19:08:21 - [MESSAGE][PASSED] - Object: 'Object Repository/AdminSuiteBootstrap_Pages/UM_Bootstrap/DeleteUser/button_DeleteUser_Okay' is clicked on

2024-07-12 19:08:21 - [TEST_STEP][PASSED] - markPassed("User was created and deleted"): User was created and deleted

2024-07-12 19:08:21 - [MESSAGE][PASSED] - User was created and deleted

2024-07-12 19:08:21 - [TEST_STEP][PASSED] - resText = "Pass": null

2024-07-12 19:08:21 - [TEST_STEP][PASSED] - pages.WriteExcel.demoKey(resText, datText, resColumn, datCloumn, fileLoc, nameSheet, row): pages.WriteExcel.demoKey is PASSED

2024-07-12 19:08:22 - [MESSAGE][PASSED] - pages.WriteExcel.demoKey is PASSED

2024-07-12 19:08:22 - [TEST_STEP][PASSED] - closeBrowser(): Browser is closed

2024-07-12 19:08:23 - [MESSAGE][PASSED] - Browser is closed

2024-07-12 19:08:23 - [TEST_STEP][PASSED] - ExecuteTC = findTestData(dataFile).getValue("Execute", row): null

2024-07-12 19:08:23 - [TEST_STEP][PASSED] - out.println("Value of Execute is : " + ExecuteTC): null

2024-07-12 19:08:23 - [TEST_STEP][PASSED] - if (ExecuteTC.equalsIgnoreCase("Y")): Browser is closed

2024-07-12 19:08:23 - [TEST_STEP][PASSED] - out.println("Begin Record Number: " + row): null

2024-07-12 19:08:23 - [TEST_STEP][PASSED] - today = new java.util.Date(): null

2024-07-12 19:08:23 - [TEST_STEP][PASSED] - println(today): null

2024-07-12 19:08:23 - [TEST_STEP][PASSED] - datText = today: null

2024-07-12 19:08:23 - [TEST_STEP][PASSED] - adminSuiteBootstrap.loginFunctionality.login_AdminSuite(): adminSuiteBootstrap.loginFunctionality.login_AdminSuite is PASSED

2024-07-12 19:08:23 - [MESSAGE][INFO] - Starting 'Chrome' driver

2024-07-12 19:08:23 - [MESSAGE][INFO] - User set preference: ['acceptInsecureCerts', 'true']

2024-07-12 19:08:23 - [MESSAGE][INFO] - Action delay is set to 0 milliseconds

2024-07-12 19:08:25 - [MESSAGE][PASSED] - Browser is opened with url: 'https://qa2.velocitypayment.com/admin/imtiaz'

2024-07-12 19:08:26 - [MESSAGE][PASSED] - Current window maximized

2024-07-12 19:08:27 - [MESSAGE][PASSED] - Object 'Object Repository/Login_Page/Login_Username_Okta' is present

2024-07-12 19:08:27 - [MESSAGE][PASSED] - Text 'iahmed' is set on object 'Object Repository/Login_Page/Login_Username_Okta'

2024-07-12 19:08:28 - [MESSAGE][PASSED] - Text 'Hello!6666666' is set on object 'Object Repository/Login_Page/Login_Password_Okta'

2024-07-12 19:08:29 - [MESSAGE][PASSED] - Object: 'Object Repository/Login_Page/Login_Submit_Okta' is clicked on

2024-07-12 19:08:29 - [MESSAGE][PASSED] - adminSuiteBootstrap.loginFunctionality.login_AdminSuite is PASSED

2024-07-12 19:08:29 - [TEST_STEP][PASSED] - click(findTestObject(path_Dashboard + "a_Access User Management")): Object: 'Object Repository/AdminSuiteBootstrap_Pages/Dashboard_Bootstrap/a_Access User Management' is clicked on

2024-07-12 19:08:37 - [MESSAGE][PASSED] - Object: 'Object Repository/AdminSuiteBootstrap_Pages/Dashboard_Bootstrap/a_Access User Management' is clicked on

2024-07-12 19:08:37 - [TEST_STEP][PASSED] - click(findTestObject(path_Users + "a_Add User")): Object: 'Object Repository/AdminSuiteBootstrap_Pages/UM_Bootstrap/Users/a_Add User' is clicked on

2024-07-12 19:08:38 - [MESSAGE][PASSED] - Object: 'Object Repository/AdminSuiteBootstrap_Pages/UM_Bootstrap/Users/a_Add User' is clicked on

2024-07-12 19:08:38 - [TEST_STEP][PASSED] - PasswordSpChar = findTestData(dataFile).getValue("PasswordSpChar", row): null

2024-07-12 19:08:38 - [TEST_STEP][PASSED] - PasswordLength = findTestData(dataFile).getValue("PasswordLength", row): null

2024-07-12 19:08:38 - [TEST_STEP][PASSED] - lenPassword = Integer.parseInt(PasswordLength): null

2024-07-12 19:08:38 - [TEST_STEP][PASSED] - buildFName = pages.GenerateRandom.getRandomAlpha(): pages.GenerateRandom.getRandomAlpha is PASSED

2024-07-12 19:08:38 - [MESSAGE][PASSED] - pages.GenerateRandom.getRandomAlpha is PASSED

2024-07-12 19:08:38 - [TEST_STEP][PASSED] - BuildLName = pages.GenerateRandom.getRandomAlpha(): pages.GenerateRandom.getRandomAlpha is PASSED

2024-07-12 19:08:38 - [MESSAGE][PASSED] - pages.GenerateRandom.getRandomAlpha is PASSED

2024-07-12 19:08:38 - [TEST_STEP][PASSED] - buildUsername = pages.GenerateRandom.getRandomAlpha(): pages.GenerateRandom.getRandomAlpha is PASSED

2024-07-12 19:08:38 - [MESSAGE][PASSED] - pages.GenerateRandom.getRandomAlpha is PASSED

2024-07-12 19:08:38 - [TEST_STEP][PASSED] - buildPassword = pages.GenerateRandom.getRandomAlphaNumCustomLength(lenPassword): pages.GenerateRandom.getRandomAlphaNumCustomLength is PASSED

2024-07-12 19:08:38 - [MESSAGE][PASSED] - pages.GenerateRandom.getRandomAlphaNumCustomLength is PASSED

2024-07-12 19:08:38 - [TEST_STEP][PASSED] - FinalPassword = buildPassword + PasswordSpChar: null

2024-07-12 19:08:38 - [TEST_STEP][PASSED] - println("Final Password is : " + FinalPassword): null

2024-07-12 19:08:38 - [TEST_STEP][PASSED] - setText(findTestObject(path_AddUser + "input_EmailAddress"), "iahmed@govolution.com"): Text 'iahmed@govolution.com' is set on object 'Object Repository/AdminSuiteBootstrap_Pages/UM_Bootstrap/AddUser/input_EmailAddress'

2024-07-12 19:08:39 - [MESSAGE][PASSED] - Text 'iahmed@govolution.com' is set on object 'Object Repository/AdminSuiteBootstrap_Pages/UM_Bootstrap/AddUser/input_EmailAddress'

2024-07-12 19:08:39 - [TEST_STEP][PASSED] - setText(findTestObject(path_AddUser + "input_Username"), buildUsername): Text 'gjInaKYGN' is set on object 'Object Repository/AdminSuiteBootstrap_Pages/UM_Bootstrap/AddUser/input_Username'

2024-07-12 19:08:39 - [MESSAGE][PASSED] - Text 'gjInaKYGN' is set on object 'Object Repository/AdminSuiteBootstrap_Pages/UM_Bootstrap/AddUser/input_Username'

2024-07-12 19:08:39 - [TEST_STEP][PASSED] - setText(findTestObject(path_AddUser + "input_FirstName"), buildFName): Text 'UZVMtILeZ' is set on object 'Object Repository/AdminSuiteBootstrap_Pages/UM_Bootstrap/AddUser/input_FirstName'

2024-07-12 19:08:40 - [MESSAGE][PASSED] - Text 'UZVMtILeZ' is set on object 'Object Repository/AdminSuiteBootstrap_Pages/UM_Bootstrap/AddUser/input_FirstName'

2024-07-12 19:08:40 - [TEST_STEP][PASSED] - setText(findTestObject(path_AddUser + "input_LastName"), BuildLName): Text 'iLxHSEOos' is set on object 'Object Repository/AdminSuiteBootstrap_Pages/UM_Bootstrap/AddUser/input_LastName'

2024-07-12 19:08:41 - [MESSAGE][PASSED] - Text 'iLxHSEOos' is set on object 'Object Repository/AdminSuiteBootstrap_Pages/UM_Bootstrap/AddUser/input_LastName'

2024-07-12 19:08:41 - [TEST_STEP][PASSED] - setText(findTestObject(path_AddUser + "input_Password"), FinalPassword): Text 'wtlSYI1GCy#Kk1' is set on object 'Object Repository/AdminSuiteBootstrap_Pages/UM_Bootstrap/AddUser/input_Password'

2024-07-12 19:08:42 - [MESSAGE][PASSED] - Text 'wtlSYI1GCy#Kk1' is set on object 'Object Repository/AdminSuiteBootstrap_Pages/UM_Bootstrap/AddUser/input_Password'

2024-07-12 19:08:42 - [TEST_STEP][PASSED] - setText(findTestObject(path_AddUser + "input_ConfirmPassword"), FinalPassword): Text 'wtlSYI1GCy#Kk1' is set on object 'Object Repository/AdminSuiteBootstrap_Pages/UM_Bootstrap/AddUser/input_ConfirmPassword'

2024-07-12 19:08:42 - [MESSAGE][PASSED] - Text 'wtlSYI1GCy#Kk1' is set on object 'Object Repository/AdminSuiteBootstrap_Pages/UM_Bootstrap/AddUser/input_ConfirmPassword'

2024-07-12 19:08:42 - [TEST_STEP][PASSED] - check(findTestObject(path_AddUser + "input_No_lock")): Object 'Object Repository/AdminSuiteBootstrap_Pages/UM_Bootstrap/AddUser/input_No_lock' is checked

2024-07-12 19:08:43 - [MESSAGE][PASSED] - Object 'Object Repository/AdminSuiteBootstrap_Pages/UM_Bootstrap/AddUser/input_No_lock' is checked

2024-07-12 19:08:43 - [TEST_STEP][PASSED] - click(findTestObject(path_AddUser + "button_Create")): Object: 'Object Repository/AdminSuiteBootstrap_Pages/UM_Bootstrap/AddUser/button_Create' is clicked on

2024-07-12 19:08:48 - [MESSAGE][PASSED] - Object: 'Object Repository/AdminSuiteBootstrap_Pages/UM_Bootstrap/AddUser/button_Create' is clicked on

2024-07-12 19:08:48 - [TEST_STEP][PASSED] - if (verifyTextPresent("User Account Created A user account for", true)): null

2024-07-12 19:08:48 - [MESSAGE][PASSED] - Text 'User Account Created A user account for' is present on page  using regular expression

2024-07-12 19:08:48 - [TEST_STEP][PASSED] - verifyTextPresent("was successfully created", true): Text 'was successfully created' is present on page  using regular expression

2024-07-12 19:08:49 - [MESSAGE][PASSED] - Text 'was successfully created' is present on page  using regular expression

2024-07-12 19:08:49 - [TEST_STEP][PASSED] - click(findTestObject(path_UserView + "button_Delete")): Object: 'Object Repository/AdminSuiteBootstrap_Pages/UM_Bootstrap/UserView/button_Delete' is clicked on

2024-07-12 19:08:49 - [MESSAGE][PASSED] - Object: 'Object Repository/AdminSuiteBootstrap_Pages/UM_Bootstrap/UserView/button_Delete' is clicked on

2024-07-12 19:08:49 - [TEST_STEP][PASSED] - click(findTestObject(path_DeleteUser + "button_DeleteUser_Delete")): Object: 'Object Repository/AdminSuiteBootstrap_Pages/UM_Bootstrap/DeleteUser/button_DeleteUser_Delete' is clicked on

2024-07-12 19:08:50 - [MESSAGE][PASSED] - Object: 'Object Repository/AdminSuiteBootstrap_Pages/UM_Bootstrap/DeleteUser/button_DeleteUser_Delete' is clicked on

2024-07-12 19:08:50 - [TEST_STEP][PASSED] - click(findTestObject(path_DeleteUser + "button_DeleteUser_Okay")): Object: 'Object Repository/AdminSuiteBootstrap_Pages/UM_Bootstrap/DeleteUser/button_DeleteUser_Okay' is clicked on

2024-07-12 19:08:51 - [MESSAGE][PASSED] - Object: 'Object Repository/AdminSuiteBootstrap_Pages/UM_Bootstrap/DeleteUser/button_DeleteUser_Okay' is clicked on

2024-07-12 19:08:51 - [TEST_STEP][PASSED] - markPassed("User was created and deleted"): User was created and deleted

2024-07-12 19:08:51 - [MESSAGE][PASSED] - User was created and deleted

2024-07-12 19:08:51 - [TEST_STEP][PASSED] - resText = "Pass": null

2024-07-12 19:08:51 - [TEST_STEP][PASSED] - pages.WriteExcel.demoKey(resText, datText, resColumn, datCloumn, fileLoc, nameSheet, row): pages.WriteExcel.demoKey is PASSED

2024-07-12 19:08:51 - [MESSAGE][PASSED] - pages.WriteExcel.demoKey is PASSED

2024-07-12 19:08:51 - [TEST_STEP][PASSED] - closeBrowser(): Browser is closed

2024-07-12 19:08:53 - [MESSAGE][PASSED] - Browser is closed

2024-07-12 19:08:53 - [TEST_STEP][PASSED] - ExecuteTC = findTestData(dataFile).getValue("Execute", row): null

2024-07-12 19:08:53 - [TEST_STEP][PASSED] - out.println("Value of Execute is : " + ExecuteTC): null

2024-07-12 19:08:53 - [TEST_STEP][PASSED] - if (ExecuteTC.equalsIgnoreCase("Y")): Browser is closed

2024-07-12 19:08:53 - [TEST_STEP][PASSED] - out.println("Begin Record Number: " + row): null

2024-07-12 19:08:53 - [TEST_STEP][PASSED] - today = new java.util.Date(): null

2024-07-12 19:08:53 - [TEST_STEP][PASSED] - println(today): null

2024-07-12 19:08:53 - [TEST_STEP][PASSED] - datText = today: null

2024-07-12 19:08:53 - [TEST_STEP][PASSED] - adminSuiteBootstrap.loginFunctionality.login_AdminSuite(): adminSuiteBootstrap.loginFunctionality.login_AdminSuite is PASSED

2024-07-12 19:08:53 - [MESSAGE][INFO] - Starting 'Chrome' driver

2024-07-12 19:08:53 - [MESSAGE][INFO] - User set preference: ['acceptInsecureCerts', 'true']

2024-07-12 19:08:53 - [MESSAGE][INFO] - Action delay is set to 0 milliseconds

2024-07-12 19:08:56 - [MESSAGE][PASSED] - Browser is opened with url: 'https://qa2.velocitypayment.com/admin/imtiaz'

2024-07-12 19:08:56 - [MESSAGE][PASSED] - Current window maximized

2024-07-12 19:08:56 - [MESSAGE][PASSED] - Object 'Object Repository/Login_Page/Login_Username_Okta' is present

2024-07-12 19:08:57 - [MESSAGE][PASSED] - Text 'iahmed' is set on object 'Object Repository/Login_Page/Login_Username_Okta'

2024-07-12 19:08:58 - [MESSAGE][PASSED] - Text 'Hello!6666666' is set on object 'Object Repository/Login_Page/Login_Password_Okta'

2024-07-12 19:08:58 - [MESSAGE][PASSED] - Object: 'Object Repository/Login_Page/Login_Submit_Okta' is clicked on

2024-07-12 19:08:58 - [MESSAGE][PASSED] - adminSuiteBootstrap.loginFunctionality.login_AdminSuite is PASSED

2024-07-12 19:08:58 - [TEST_STEP][PASSED] - click(findTestObject(path_Dashboard + "a_Access User Management")): Object: 'Object Repository/AdminSuiteBootstrap_Pages/Dashboard_Bootstrap/a_Access User Management' is clicked on

2024-07-12 19:09:07 - [MESSAGE][PASSED] - Object: 'Object Repository/AdminSuiteBootstrap_Pages/Dashboard_Bootstrap/a_Access User Management' is clicked on

2024-07-12 19:09:07 - [TEST_STEP][PASSED] - click(findTestObject(path_Users + "a_Add User")): Object: 'Object Repository/AdminSuiteBootstrap_Pages/UM_Bootstrap/Users/a_Add User' is clicked on

2024-07-12 19:09:07 - [MESSAGE][PASSED] - Object: 'Object Repository/AdminSuiteBootstrap_Pages/UM_Bootstrap/Users/a_Add User' is clicked on

2024-07-12 19:09:07 - [TEST_STEP][PASSED] - PasswordSpChar = findTestData(dataFile).getValue("PasswordSpChar", row): null

2024-07-12 19:09:07 - [TEST_STEP][PASSED] - PasswordLength = findTestData(dataFile).getValue("PasswordLength", row): null

2024-07-12 19:09:08 - [TEST_STEP][PASSED] - lenPassword = Integer.parseInt(PasswordLength): null

2024-07-12 19:09:08 - [TEST_STEP][PASSED] - buildFName = pages.GenerateRandom.getRandomAlpha(): pages.GenerateRandom.getRandomAlpha is PASSED

2024-07-12 19:09:08 - [MESSAGE][PASSED] - pages.GenerateRandom.getRandomAlpha is PASSED

2024-07-12 19:09:08 - [TEST_STEP][PASSED] - BuildLName = pages.GenerateRandom.getRandomAlpha(): pages.GenerateRandom.getRandomAlpha is PASSED

2024-07-12 19:09:08 - [MESSAGE][PASSED] - pages.GenerateRandom.getRandomAlpha is PASSED

2024-07-12 19:09:08 - [TEST_STEP][PASSED] - buildUsername = pages.GenerateRandom.getRandomAlpha(): pages.GenerateRandom.getRandomAlpha is PASSED

2024-07-12 19:09:08 - [MESSAGE][PASSED] - pages.GenerateRandom.getRandomAlpha is PASSED

2024-07-12 19:09:08 - [TEST_STEP][PASSED] - buildPassword = pages.GenerateRandom.getRandomAlphaNumCustomLength(lenPassword): pages.GenerateRandom.getRandomAlphaNumCustomLength is PASSED

2024-07-12 19:09:08 - [MESSAGE][PASSED] - pages.GenerateRandom.getRandomAlphaNumCustomLength is PASSED

2024-07-12 19:09:08 - [TEST_STEP][PASSED] - FinalPassword = buildPassword + PasswordSpChar: null

2024-07-12 19:09:08 - [TEST_STEP][PASSED] - println("Final Password is : " + FinalPassword): null

2024-07-12 19:09:08 - [TEST_STEP][PASSED] - setText(findTestObject(path_AddUser + "input_EmailAddress"), "iahmed@govolution.com"): Text 'iahmed@govolution.com' is set on object 'Object Repository/AdminSuiteBootstrap_Pages/UM_Bootstrap/AddUser/input_EmailAddress'

2024-07-12 19:09:08 - [MESSAGE][PASSED] - Text 'iahmed@govolution.com' is set on object 'Object Repository/AdminSuiteBootstrap_Pages/UM_Bootstrap/AddUser/input_EmailAddress'

2024-07-12 19:09:08 - [TEST_STEP][PASSED] - setText(findTestObject(path_AddUser + "input_Username"), buildUsername): Text 'fTZmTpItN' is set on object 'Object Repository/AdminSuiteBootstrap_Pages/UM_Bootstrap/AddUser/input_Username'

2024-07-12 19:09:09 - [MESSAGE][PASSED] - Text 'fTZmTpItN' is set on object 'Object Repository/AdminSuiteBootstrap_Pages/UM_Bootstrap/AddUser/input_Username'

2024-07-12 19:09:09 - [TEST_STEP][PASSED] - setText(findTestObject(path_AddUser + "input_FirstName"), buildFName): Text 'prHfEAkmO' is set on object 'Object Repository/AdminSuiteBootstrap_Pages/UM_Bootstrap/AddUser/input_FirstName'

2024-07-12 19:09:10 - [MESSAGE][PASSED] - Text 'prHfEAkmO' is set on object 'Object Repository/AdminSuiteBootstrap_Pages/UM_Bootstrap/AddUser/input_FirstName'

2024-07-12 19:09:10 - [TEST_STEP][PASSED] - setText(findTestObject(path_AddUser + "input_LastName"), BuildLName): Text 'OMRiyyEPy' is set on object 'Object Repository/AdminSuiteBootstrap_Pages/UM_Bootstrap/AddUser/input_LastName'

2024-07-12 19:09:11 - [MESSAGE][PASSED] - Text 'OMRiyyEPy' is set on object 'Object Repository/AdminSuiteBootstrap_Pages/UM_Bootstrap/AddUser/input_LastName'

2024-07-12 19:09:11 - [TEST_STEP][PASSED] - setText(findTestObject(path_AddUser + "input_Password"), FinalPassword): Text 'U1Xsp289oR$Ll2' is set on object 'Object Repository/AdminSuiteBootstrap_Pages/UM_Bootstrap/AddUser/input_Password'

2024-07-12 19:09:11 - [MESSAGE][PASSED] - Text 'U1Xsp289oR$Ll2' is set on object 'Object Repository/AdminSuiteBootstrap_Pages/UM_Bootstrap/AddUser/input_Password'

2024-07-12 19:09:11 - [TEST_STEP][PASSED] - setText(findTestObject(path_AddUser + "input_ConfirmPassword"), FinalPassword): Text 'U1Xsp289oR$Ll2' is set on object 'Object Repository/AdminSuiteBootstrap_Pages/UM_Bootstrap/AddUser/input_ConfirmPassword'

2024-07-12 19:09:12 - [MESSAGE][PASSED] - Text 'U1Xsp289oR$Ll2' is set on object 'Object Repository/AdminSuiteBootstrap_Pages/UM_Bootstrap/AddUser/input_ConfirmPassword'

2024-07-12 19:09:12 - [TEST_STEP][PASSED] - check(findTestObject(path_AddUser + "input_No_lock")): Object 'Object Repository/AdminSuiteBootstrap_Pages/UM_Bootstrap/AddUser/input_No_lock' is checked

2024-07-12 19:09:12 - [MESSAGE][PASSED] - Object 'Object Repository/AdminSuiteBootstrap_Pages/UM_Bootstrap/AddUser/input_No_lock' is checked

2024-07-12 19:09:12 - [TEST_STEP][PASSED] - click(findTestObject(path_AddUser + "button_Create")): Object: 'Object Repository/AdminSuiteBootstrap_Pages/UM_Bootstrap/AddUser/button_Create' is clicked on

2024-07-12 19:09:17 - [MESSAGE][PASSED] - Object: 'Object Repository/AdminSuiteBootstrap_Pages/UM_Bootstrap/AddUser/button_Create' is clicked on

2024-07-12 19:09:18 - [TEST_STEP][PASSED] - if (verifyTextPresent("User Account Created A user account for", true)): null

2024-07-12 19:09:18 - [MESSAGE][PASSED] - Text 'User Account Created A user account for' is present on page  using regular expression

2024-07-12 19:09:18 - [TEST_STEP][PASSED] - verifyTextPresent("was successfully created", true): Text 'was successfully created' is present on page  using regular expression

2024-07-12 19:09:18 - [MESSAGE][PASSED] - Text 'was successfully created' is present on page  using regular expression

2024-07-12 19:09:18 - [TEST_STEP][PASSED] - click(findTestObject(path_UserView + "button_Delete")): Object: 'Object Repository/AdminSuiteBootstrap_Pages/UM_Bootstrap/UserView/button_Delete' is clicked on

2024-07-12 19:09:19 - [MESSAGE][PASSED] - Object: 'Object Repository/AdminSuiteBootstrap_Pages/UM_Bootstrap/UserView/button_Delete' is clicked on

2024-07-12 19:09:19 - [TEST_STEP][PASSED] - click(findTestObject(path_DeleteUser + "button_DeleteUser_Delete")): Object: 'Object Repository/AdminSuiteBootstrap_Pages/UM_Bootstrap/DeleteUser/button_DeleteUser_Delete' is clicked on

2024-07-12 19:09:19 - [MESSAGE][PASSED] - Object: 'Object Repository/AdminSuiteBootstrap_Pages/UM_Bootstrap/DeleteUser/button_DeleteUser_Delete' is clicked on

2024-07-12 19:09:19 - [TEST_STEP][PASSED] - click(findTestObject(path_DeleteUser + "button_DeleteUser_Okay")): Object: 'Object Repository/AdminSuiteBootstrap_Pages/UM_Bootstrap/DeleteUser/button_DeleteUser_Okay' is clicked on

2024-07-12 19:09:21 - [MESSAGE][PASSED] - Object: 'Object Repository/AdminSuiteBootstrap_Pages/UM_Bootstrap/DeleteUser/button_DeleteUser_Okay' is clicked on

2024-07-12 19:09:21 - [TEST_STEP][PASSED] - markPassed("User was created and deleted"): User was created and deleted

2024-07-12 19:09:21 - [MESSAGE][PASSED] - User was created and deleted

2024-07-12 19:09:21 - [TEST_STEP][PASSED] - resText = "Pass": null

2024-07-12 19:09:21 - [TEST_STEP][PASSED] - pages.WriteExcel.demoKey(resText, datText, resColumn, datCloumn, fileLoc, nameSheet, row): pages.WriteExcel.demoKey is PASSED

2024-07-12 19:09:21 - [MESSAGE][PASSED] - pages.WriteExcel.demoKey is PASSED

2024-07-12 19:09:21 - [TEST_STEP][PASSED] - closeBrowser(): Browser is closed

2024-07-12 19:09:22 - [MESSAGE][PASSED] - Browser is closed

2024-07-12 19:09:22 - [TEST_STEP][PASSED] - ExecuteTC = findTestData(dataFile).getValue("Execute", row): null

2024-07-12 19:09:22 - [TEST_STEP][PASSED] - out.println("Value of Execute is : " + ExecuteTC): null

2024-07-12 19:09:22 - [TEST_STEP][PASSED] - if (ExecuteTC.equalsIgnoreCase("Y")): Browser is closed

2024-07-12 19:09:22 - [TEST_STEP][PASSED] - out.println("Begin Record Number: " + row): null

2024-07-12 19:09:22 - [TEST_STEP][PASSED] - today = new java.util.Date(): null

2024-07-12 19:09:22 - [TEST_STEP][PASSED] - println(today): null

2024-07-12 19:09:22 - [TEST_STEP][PASSED] - datText = today: null

2024-07-12 19:09:22 - [TEST_STEP][PASSED] - adminSuiteBootstrap.loginFunctionality.login_AdminSuite(): adminSuiteBootstrap.loginFunctionality.login_AdminSuite is PASSED

2024-07-12 19:09:22 - [MESSAGE][INFO] - Starting 'Chrome' driver

2024-07-12 19:09:22 - [MESSAGE][INFO] - User set preference: ['acceptInsecureCerts', 'true']

2024-07-12 19:09:22 - [MESSAGE][INFO] - Action delay is set to 0 milliseconds

2024-07-12 19:09:24 - [MESSAGE][PASSED] - Browser is opened with url: 'https://qa2.velocitypayment.com/admin/imtiaz'

2024-07-12 19:09:25 - [MESSAGE][PASSED] - Current window maximized

2024-07-12 19:09:26 - [MESSAGE][PASSED] - Object 'Object Repository/Login_Page/Login_Username_Okta' is present

2024-07-12 19:09:26 - [MESSAGE][PASSED] - Text 'iahmed' is set on object 'Object Repository/Login_Page/Login_Username_Okta'

2024-07-12 19:09:27 - [MESSAGE][PASSED] - Text 'Hello!6666666' is set on object 'Object Repository/Login_Page/Login_Password_Okta'

2024-07-12 19:09:28 - [MESSAGE][PASSED] - Object: 'Object Repository/Login_Page/Login_Submit_Okta' is clicked on

2024-07-12 19:09:28 - [MESSAGE][PASSED] - adminSuiteBootstrap.loginFunctionality.login_AdminSuite is PASSED

2024-07-12 19:09:28 - [TEST_STEP][PASSED] - click(findTestObject(path_Dashboard + "a_Access User Management")): Object: 'Object Repository/AdminSuiteBootstrap_Pages/Dashboard_Bootstrap/a_Access User Management' is clicked on

2024-07-12 19:09:36 - [MESSAGE][PASSED] - Object: 'Object Repository/AdminSuiteBootstrap_Pages/Dashboard_Bootstrap/a_Access User Management' is clicked on

2024-07-12 19:09:36 - [TEST_STEP][PASSED] - click(findTestObject(path_Users + "a_Add User")): Object: 'Object Repository/AdminSuiteBootstrap_Pages/UM_Bootstrap/Users/a_Add User' is clicked on

2024-07-12 19:09:37 - [MESSAGE][PASSED] - Object: 'Object Repository/AdminSuiteBootstrap_Pages/UM_Bootstrap/Users/a_Add User' is clicked on

2024-07-12 19:09:37 - [TEST_STEP][PASSED] - PasswordSpChar = findTestData(dataFile).getValue("PasswordSpChar", row): null

2024-07-12 19:09:37 - [TEST_STEP][PASSED] - PasswordLength = findTestData(dataFile).getValue("PasswordLength", row): null

2024-07-12 19:09:37 - [TEST_STEP][PASSED] - lenPassword = Integer.parseInt(PasswordLength): null

2024-07-12 19:09:37 - [TEST_STEP][PASSED] - buildFName = pages.GenerateRandom.getRandomAlpha(): pages.GenerateRandom.getRandomAlpha is PASSED

2024-07-12 19:09:37 - [MESSAGE][PASSED] - pages.GenerateRandom.getRandomAlpha is PASSED

2024-07-12 19:09:37 - [TEST_STEP][PASSED] - BuildLName = pages.GenerateRandom.getRandomAlpha(): pages.GenerateRandom.getRandomAlpha is PASSED

2024-07-12 19:09:37 - [MESSAGE][PASSED] - pages.GenerateRandom.getRandomAlpha is PASSED

2024-07-12 19:09:37 - [TEST_STEP][PASSED] - buildUsername = pages.GenerateRandom.getRandomAlpha(): pages.GenerateRandom.getRandomAlpha is PASSED

2024-07-12 19:09:37 - [MESSAGE][PASSED] - pages.GenerateRandom.getRandomAlpha is PASSED

2024-07-12 19:09:37 - [TEST_STEP][PASSED] - buildPassword = pages.GenerateRandom.getRandomAlphaNumCustomLength(lenPassword): pages.GenerateRandom.getRandomAlphaNumCustomLength is PASSED

2024-07-12 19:09:37 - [MESSAGE][PASSED] - pages.GenerateRandom.getRandomAlphaNumCustomLength is PASSED

2024-07-12 19:09:37 - [TEST_STEP][PASSED] - FinalPassword = buildPassword + PasswordSpChar: null

2024-07-12 19:09:37 - [TEST_STEP][PASSED] - println("Final Password is : " + FinalPassword): null

2024-07-12 19:09:37 - [TEST_STEP][PASSED] - setText(findTestObject(path_AddUser + "input_EmailAddress"), "iahmed@govolution.com"): Text 'iahmed@govolution.com' is set on object 'Object Repository/AdminSuiteBootstrap_Pages/UM_Bootstrap/AddUser/input_EmailAddress'

2024-07-12 19:09:38 - [MESSAGE][PASSED] - Text 'iahmed@govolution.com' is set on object 'Object Repository/AdminSuiteBootstrap_Pages/UM_Bootstrap/AddUser/input_EmailAddress'

2024-07-12 19:09:38 - [TEST_STEP][PASSED] - setText(findTestObject(path_AddUser + "input_Username"), buildUsername): Text 'UkoyzBEMV' is set on object 'Object Repository/AdminSuiteBootstrap_Pages/UM_Bootstrap/AddUser/input_Username'

2024-07-12 19:09:39 - [MESSAGE][PASSED] - Text 'UkoyzBEMV' is set on object 'Object Repository/AdminSuiteBootstrap_Pages/UM_Bootstrap/AddUser/input_Username'

2024-07-12 19:09:39 - [TEST_STEP][PASSED] - setText(findTestObject(path_AddUser + "input_FirstName"), buildFName): Text 'VjGjQqpJX' is set on object 'Object Repository/AdminSuiteBootstrap_Pages/UM_Bootstrap/AddUser/input_FirstName'

2024-07-12 19:09:39 - [MESSAGE][PASSED] - Text 'VjGjQqpJX' is set on object 'Object Repository/AdminSuiteBootstrap_Pages/UM_Bootstrap/AddUser/input_FirstName'

2024-07-12 19:09:39 - [TEST_STEP][PASSED] - setText(findTestObject(path_AddUser + "input_LastName"), BuildLName): Text 'dIvpSFxWc' is set on object 'Object Repository/AdminSuiteBootstrap_Pages/UM_Bootstrap/AddUser/input_LastName'

2024-07-12 19:09:40 - [MESSAGE][PASSED] - Text 'dIvpSFxWc' is set on object 'Object Repository/AdminSuiteBootstrap_Pages/UM_Bootstrap/AddUser/input_LastName'

2024-07-12 19:09:40 - [TEST_STEP][PASSED] - setText(findTestObject(path_AddUser + "input_Password"), FinalPassword): Text 'qq3vJybYL3%Mm3' is set on object 'Object Repository/AdminSuiteBootstrap_Pages/UM_Bootstrap/AddUser/input_Password'

2024-07-12 19:09:41 - [MESSAGE][PASSED] - Text 'qq3vJybYL3%Mm3' is set on object 'Object Repository/AdminSuiteBootstrap_Pages/UM_Bootstrap/AddUser/input_Password'

2024-07-12 19:09:41 - [TEST_STEP][PASSED] - setText(findTestObject(path_AddUser + "input_ConfirmPassword"), FinalPassword): Text 'qq3vJybYL3%Mm3' is set on object 'Object Repository/AdminSuiteBootstrap_Pages/UM_Bootstrap/AddUser/input_ConfirmPassword'

2024-07-12 19:09:42 - [MESSAGE][PASSED] - Text 'qq3vJybYL3%Mm3' is set on object 'Object Repository/AdminSuiteBootstrap_Pages/UM_Bootstrap/AddUser/input_ConfirmPassword'

2024-07-12 19:09:42 - [TEST_STEP][PASSED] - check(findTestObject(path_AddUser + "input_No_lock")): Object 'Object Repository/AdminSuiteBootstrap_Pages/UM_Bootstrap/AddUser/input_No_lock' is checked

2024-07-12 19:09:42 - [MESSAGE][PASSED] - Object 'Object Repository/AdminSuiteBootstrap_Pages/UM_Bootstrap/AddUser/input_No_lock' is checked

2024-07-12 19:09:42 - [TEST_STEP][PASSED] - click(findTestObject(path_AddUser + "button_Create")): Object: 'Object Repository/AdminSuiteBootstrap_Pages/UM_Bootstrap/AddUser/button_Create' is clicked on

2024-07-12 19:09:48 - [MESSAGE][PASSED] - Object: 'Object Repository/AdminSuiteBootstrap_Pages/UM_Bootstrap/AddUser/button_Create' is clicked on

2024-07-12 19:09:48 - [TEST_STEP][PASSED] - if (verifyTextPresent("User Account Created A user account for", true)): null

2024-07-12 19:09:48 - [MESSAGE][PASSED] - Text 'User Account Created A user account for' is present on page  using regular expression

2024-07-12 19:09:48 - [TEST_STEP][PASSED] - verifyTextPresent("was successfully created", true): Text 'was successfully created' is present on page  using regular expression

2024-07-12 19:09:49 - [MESSAGE][PASSED] - Text 'was successfully created' is present on page  using regular expression

2024-07-12 19:09:49 - [TEST_STEP][PASSED] - click(findTestObject(path_UserView + "button_Delete")): Object: 'Object Repository/AdminSuiteBootstrap_Pages/UM_Bootstrap/UserView/button_Delete' is clicked on

2024-07-12 19:09:49 - [MESSAGE][PASSED] - Object: 'Object Repository/AdminSuiteBootstrap_Pages/UM_Bootstrap/UserView/button_Delete' is clicked on

2024-07-12 19:09:49 - [TEST_STEP][PASSED] - click(findTestObject(path_DeleteUser + "button_DeleteUser_Delete")): Object: 'Object Repository/AdminSuiteBootstrap_Pages/UM_Bootstrap/DeleteUser/button_DeleteUser_Delete' is clicked on

2024-07-12 19:09:50 - [MESSAGE][PASSED] - Object: 'Object Repository/AdminSuiteBootstrap_Pages/UM_Bootstrap/DeleteUser/button_DeleteUser_Delete' is clicked on

2024-07-12 19:09:50 - [TEST_STEP][PASSED] - click(findTestObject(path_DeleteUser + "button_DeleteUser_Okay")): Object: 'Object Repository/AdminSuiteBootstrap_Pages/UM_Bootstrap/DeleteUser/button_DeleteUser_Okay' is clicked on

2024-07-12 19:09:51 - [MESSAGE][PASSED] - Object: 'Object Repository/AdminSuiteBootstrap_Pages/UM_Bootstrap/DeleteUser/button_DeleteUser_Okay' is clicked on

2024-07-12 19:09:51 - [TEST_STEP][PASSED] - markPassed("User was created and deleted"): User was created and deleted

2024-07-12 19:09:51 - [MESSAGE][PASSED] - User was created and deleted

2024-07-12 19:09:51 - [TEST_STEP][PASSED] - resText = "Pass": null

2024-07-12 19:09:51 - [TEST_STEP][PASSED] - pages.WriteExcel.demoKey(resText, datText, resColumn, datCloumn, fileLoc, nameSheet, row): pages.WriteExcel.demoKey is PASSED

2024-07-12 19:09:51 - [MESSAGE][PASSED] - pages.WriteExcel.demoKey is PASSED

2024-07-12 19:09:51 - [TEST_STEP][PASSED] - closeBrowser(): Browser is closed

2024-07-12 19:09:52 - [MESSAGE][PASSED] - Browser is closed

2024-07-12 19:09:52 - [TEST_STEP][PASSED] - ExecuteTC = findTestData(dataFile).getValue("Execute", row): null

2024-07-12 19:09:53 - [TEST_STEP][PASSED] - out.println("Value of Execute is : " + ExecuteTC): null

2024-07-12 19:09:53 - [TEST_STEP][PASSED] - if (ExecuteTC.equalsIgnoreCase("Y")): Browser is closed

2024-07-12 19:09:53 - [TEST_STEP][PASSED] - out.println("Begin Record Number: " + row): null

2024-07-12 19:09:53 - [TEST_STEP][PASSED] - today = new java.util.Date(): null

2024-07-12 19:09:53 - [TEST_STEP][PASSED] - println(today): null

2024-07-12 19:09:53 - [TEST_STEP][PASSED] - datText = today: null

2024-07-12 19:09:53 - [TEST_STEP][PASSED] - adminSuiteBootstrap.loginFunctionality.login_AdminSuite(): adminSuiteBootstrap.loginFunctionality.login_AdminSuite is PASSED

2024-07-12 19:09:53 - [MESSAGE][INFO] - Starting 'Chrome' driver

2024-07-12 19:09:53 - [MESSAGE][INFO] - User set preference: ['acceptInsecureCerts', 'true']

2024-07-12 19:09:53 - [MESSAGE][INFO] - Action delay is set to 0 milliseconds

2024-07-12 19:09:54 - [MESSAGE][PASSED] - Browser is opened with url: 'https://qa2.velocitypayment.com/admin/imtiaz'

2024-07-12 19:09:55 - [MESSAGE][PASSED] - Current window maximized

2024-07-12 19:09:56 - [MESSAGE][PASSED] - Object 'Object Repository/Login_Page/Login_Username_Okta' is present

2024-07-12 19:09:57 - [MESSAGE][PASSED] - Text 'iahmed' is set on object 'Object Repository/Login_Page/Login_Username_Okta'

2024-07-12 19:09:57 - [MESSAGE][PASSED] - Text 'Hello!6666666' is set on object 'Object Repository/Login_Page/Login_Password_Okta'

2024-07-12 19:09:58 - [MESSAGE][PASSED] - Object: 'Object Repository/Login_Page/Login_Submit_Okta' is clicked on

2024-07-12 19:09:58 - [MESSAGE][PASSED] - adminSuiteBootstrap.loginFunctionality.login_AdminSuite is PASSED

2024-07-12 19:09:58 - [TEST_STEP][PASSED] - click(findTestObject(path_Dashboard + "a_Access User Management")): Object: 'Object Repository/AdminSuiteBootstrap_Pages/Dashboard_Bootstrap/a_Access User Management' is clicked on

2024-07-12 19:10:06 - [MESSAGE][PASSED] - Object: 'Object Repository/AdminSuiteBootstrap_Pages/Dashboard_Bootstrap/a_Access User Management' is clicked on

2024-07-12 19:10:06 - [TEST_STEP][PASSED] - click(findTestObject(path_Users + "a_Add User")): Object: 'Object Repository/AdminSuiteBootstrap_Pages/UM_Bootstrap/Users/a_Add User' is clicked on

2024-07-12 19:10:06 - [MESSAGE][PASSED] - Object: 'Object Repository/AdminSuiteBootstrap_Pages/UM_Bootstrap/Users/a_Add User' is clicked on

2024-07-12 19:10:06 - [TEST_STEP][PASSED] - PasswordSpChar = findTestData(dataFile).getValue("PasswordSpChar", row): null

2024-07-12 19:10:07 - [TEST_STEP][PASSED] - PasswordLength = findTestData(dataFile).getValue("PasswordLength", row): null

2024-07-12 19:10:07 - [TEST_STEP][PASSED] - lenPassword = Integer.parseInt(PasswordLength): null

2024-07-12 19:10:07 - [TEST_STEP][PASSED] - buildFName = pages.GenerateRandom.getRandomAlpha(): pages.GenerateRandom.getRandomAlpha is PASSED

2024-07-12 19:10:07 - [MESSAGE][PASSED] - pages.GenerateRandom.getRandomAlpha is PASSED

2024-07-12 19:10:07 - [TEST_STEP][PASSED] - BuildLName = pages.GenerateRandom.getRandomAlpha(): pages.GenerateRandom.getRandomAlpha is PASSED

2024-07-12 19:10:07 - [MESSAGE][PASSED] - pages.GenerateRandom.getRandomAlpha is PASSED

2024-07-12 19:10:07 - [TEST_STEP][PASSED] - buildUsername = pages.GenerateRandom.getRandomAlpha(): pages.GenerateRandom.getRandomAlpha is PASSED

2024-07-12 19:10:07 - [MESSAGE][PASSED] - pages.GenerateRandom.getRandomAlpha is PASSED

2024-07-12 19:10:07 - [TEST_STEP][PASSED] - buildPassword = pages.GenerateRandom.getRandomAlphaNumCustomLength(lenPassword): pages.GenerateRandom.getRandomAlphaNumCustomLength is PASSED

2024-07-12 19:10:07 - [MESSAGE][PASSED] - pages.GenerateRandom.getRandomAlphaNumCustomLength is PASSED

2024-07-12 19:10:07 - [TEST_STEP][PASSED] - FinalPassword = buildPassword + PasswordSpChar: null

2024-07-12 19:10:07 - [TEST_STEP][PASSED] - println("Final Password is : " + FinalPassword): null

2024-07-12 19:10:07 - [TEST_STEP][PASSED] - setText(findTestObject(path_AddUser + "input_EmailAddress"), "iahmed@govolution.com"): Text 'iahmed@govolution.com' is set on object 'Object Repository/AdminSuiteBootstrap_Pages/UM_Bootstrap/AddUser/input_EmailAddress'

2024-07-12 19:10:08 - [MESSAGE][PASSED] - Text 'iahmed@govolution.com' is set on object 'Object Repository/AdminSuiteBootstrap_Pages/UM_Bootstrap/AddUser/input_EmailAddress'

2024-07-12 19:10:08 - [TEST_STEP][PASSED] - setText(findTestObject(path_AddUser + "input_Username"), buildUsername): Text 'QfNLhKxtq' is set on object 'Object Repository/AdminSuiteBootstrap_Pages/UM_Bootstrap/AddUser/input_Username'

2024-07-12 19:10:08 - [MESSAGE][PASSED] - Text 'QfNLhKxtq' is set on object 'Object Repository/AdminSuiteBootstrap_Pages/UM_Bootstrap/AddUser/input_Username'

2024-07-12 19:10:08 - [TEST_STEP][PASSED] - setText(findTestObject(path_AddUser + "input_FirstName"), buildFName): Text 'AwkGaWSZo' is set on object 'Object Repository/AdminSuiteBootstrap_Pages/UM_Bootstrap/AddUser/input_FirstName'

2024-07-12 19:10:09 - [MESSAGE][PASSED] - Text 'AwkGaWSZo' is set on object 'Object Repository/AdminSuiteBootstrap_Pages/UM_Bootstrap/AddUser/input_FirstName'

2024-07-12 19:10:09 - [TEST_STEP][PASSED] - setText(findTestObject(path_AddUser + "input_LastName"), BuildLName): Text 'idzDIdCSa' is set on object 'Object Repository/AdminSuiteBootstrap_Pages/UM_Bootstrap/AddUser/input_LastName'

2024-07-12 19:10:10 - [MESSAGE][PASSED] - Text 'idzDIdCSa' is set on object 'Object Repository/AdminSuiteBootstrap_Pages/UM_Bootstrap/AddUser/input_LastName'

2024-07-12 19:10:10 - [TEST_STEP][PASSED] - setText(findTestObject(path_AddUser + "input_Password"), FinalPassword): Text 'nsWDR8sRQ0^Nn4' is set on object 'Object Repository/AdminSuiteBootstrap_Pages/UM_Bootstrap/AddUser/input_Password'

2024-07-12 19:10:11 - [MESSAGE][PASSED] - Text 'nsWDR8sRQ0^Nn4' is set on object 'Object Repository/AdminSuiteBootstrap_Pages/UM_Bootstrap/AddUser/input_Password'

2024-07-12 19:10:11 - [TEST_STEP][PASSED] - setText(findTestObject(path_AddUser + "input_ConfirmPassword"), FinalPassword): Text 'nsWDR8sRQ0^Nn4' is set on object 'Object Repository/AdminSuiteBootstrap_Pages/UM_Bootstrap/AddUser/input_ConfirmPassword'

2024-07-12 19:10:11 - [MESSAGE][PASSED] - Text 'nsWDR8sRQ0^Nn4' is set on object 'Object Repository/AdminSuiteBootstrap_Pages/UM_Bootstrap/AddUser/input_ConfirmPassword'

2024-07-12 19:10:11 - [TEST_STEP][PASSED] - check(findTestObject(path_AddUser + "input_No_lock")): Object 'Object Repository/AdminSuiteBootstrap_Pages/UM_Bootstrap/AddUser/input_No_lock' is checked

2024-07-12 19:10:12 - [MESSAGE][PASSED] - Object 'Object Repository/AdminSuiteBootstrap_Pages/UM_Bootstrap/AddUser/input_No_lock' is checked

2024-07-12 19:10:12 - [TEST_STEP][PASSED] - click(findTestObject(path_AddUser + "button_Create")): Object: 'Object Repository/AdminSuiteBootstrap_Pages/UM_Bootstrap/AddUser/button_Create' is clicked on

2024-07-12 19:10:17 - [MESSAGE][PASSED] - Object: 'Object Repository/AdminSuiteBootstrap_Pages/UM_Bootstrap/AddUser/button_Create' is clicked on

2024-07-12 19:10:17 - [TEST_STEP][PASSED] - if (verifyTextPresent("User Account Created A user account for", true)): null

2024-07-12 19:10:17 - [MESSAGE][PASSED] - Text 'User Account Created A user account for' is present on page  using regular expression

2024-07-12 19:10:17 - [TEST_STEP][PASSED] - verifyTextPresent("was successfully created", true): Text 'was successfully created' is present on page  using regular expression

2024-07-12 19:10:18 - [MESSAGE][PASSED] - Text 'was successfully created' is present on page  using regular expression

2024-07-12 19:10:18 - [TEST_STEP][PASSED] - click(findTestObject(path_UserView + "button_Delete")): Object: 'Object Repository/AdminSuiteBootstrap_Pages/UM_Bootstrap/UserView/button_Delete' is clicked on

2024-07-12 19:10:18 - [MESSAGE][PASSED] - Object: 'Object Repository/AdminSuiteBootstrap_Pages/UM_Bootstrap/UserView/button_Delete' is clicked on

2024-07-12 19:10:18 - [TEST_STEP][PASSED] - click(findTestObject(path_DeleteUser + "button_DeleteUser_Delete")): Object: 'Object Repository/AdminSuiteBootstrap_Pages/UM_Bootstrap/DeleteUser/button_DeleteUser_Delete' is clicked on

2024-07-12 19:10:19 - [MESSAGE][PASSED] - Object: 'Object Repository/AdminSuiteBootstrap_Pages/UM_Bootstrap/DeleteUser/button_DeleteUser_Delete' is clicked on

2024-07-12 19:10:19 - [TEST_STEP][PASSED] - click(findTestObject(path_DeleteUser + "button_DeleteUser_Okay")): Object: 'Object Repository/AdminSuiteBootstrap_Pages/UM_Bootstrap/DeleteUser/button_DeleteUser_Okay' is clicked on

2024-07-12 19:10:20 - [MESSAGE][PASSED] - Object: 'Object Repository/AdminSuiteBootstrap_Pages/UM_Bootstrap/DeleteUser/button_DeleteUser_Okay' is clicked on

2024-07-12 19:10:20 - [TEST_STEP][PASSED] - markPassed("User was created and deleted"): User was created and deleted

2024-07-12 19:10:20 - [MESSAGE][PASSED] - User was created and deleted

2024-07-12 19:10:20 - [TEST_STEP][PASSED] - resText = "Pass": null

2024-07-12 19:10:20 - [TEST_STEP][PASSED] - pages.WriteExcel.demoKey(resText, datText, resColumn, datCloumn, fileLoc, nameSheet, row): pages.WriteExcel.demoKey is PASSED

2024-07-12 19:10:20 - [MESSAGE][PASSED] - pages.WriteExcel.demoKey is PASSED

2024-07-12 19:10:20 - [TEST_STEP][PASSED] - closeBrowser(): Browser is closed

2024-07-12 19:10:22 - [MESSAGE][PASSED] - Browser is closed

2024-07-12 19:10:22 - [TEST_STEP][PASSED] - ExecuteTC = findTestData(dataFile).getValue("Execute", row): null

2024-07-12 19:10:22 - [TEST_STEP][PASSED] - out.println("Value of Execute is : " + ExecuteTC): null

2024-07-12 19:10:22 - [TEST_STEP][PASSED] - if (ExecuteTC.equalsIgnoreCase("Y")): Browser is closed

2024-07-12 19:10:22 - [TEST_STEP][PASSED] - out.println("Begin Record Number: " + row): null

2024-07-12 19:10:22 - [TEST_STEP][PASSED] - today = new java.util.Date(): null

2024-07-12 19:10:22 - [TEST_STEP][PASSED] - println(today): null

2024-07-12 19:10:22 - [TEST_STEP][PASSED] - datText = today: null

2024-07-12 19:10:22 - [TEST_STEP][PASSED] - adminSuiteBootstrap.loginFunctionality.login_AdminSuite(): adminSuiteBootstrap.loginFunctionality.login_AdminSuite is PASSED

2024-07-12 19:10:22 - [MESSAGE][INFO] - Starting 'Chrome' driver

2024-07-12 19:10:22 - [MESSAGE][INFO] - User set preference: ['acceptInsecureCerts', 'true']

2024-07-12 19:10:22 - [MESSAGE][INFO] - Action delay is set to 0 milliseconds

2024-07-12 19:10:25 - [MESSAGE][PASSED] - Browser is opened with url: 'https://qa2.velocitypayment.com/admin/imtiaz'

2024-07-12 19:10:25 - [MESSAGE][PASSED] - Current window maximized

2024-07-12 19:10:25 - [MESSAGE][PASSED] - Object 'Object Repository/Login_Page/Login_Username_Okta' is present

2024-07-12 19:10:26 - [MESSAGE][PASSED] - Text 'iahmed' is set on object 'Object Repository/Login_Page/Login_Username_Okta'

2024-07-12 19:10:27 - [MESSAGE][PASSED] - Text 'Hello!6666666' is set on object 'Object Repository/Login_Page/Login_Password_Okta'

2024-07-12 19:10:27 - [MESSAGE][PASSED] - Object: 'Object Repository/Login_Page/Login_Submit_Okta' is clicked on

2024-07-12 19:10:27 - [MESSAGE][PASSED] - adminSuiteBootstrap.loginFunctionality.login_AdminSuite is PASSED

2024-07-12 19:10:27 - [TEST_STEP][PASSED] - click(findTestObject(path_Dashboard + "a_Access User Management")): Object: 'Object Repository/AdminSuiteBootstrap_Pages/Dashboard_Bootstrap/a_Access User Management' is clicked on

2024-07-12 19:10:37 - [MESSAGE][PASSED] - Object: 'Object Repository/AdminSuiteBootstrap_Pages/Dashboard_Bootstrap/a_Access User Management' is clicked on

2024-07-12 19:10:37 - [TEST_STEP][PASSED] - click(findTestObject(path_Users + "a_Add User")): Object: 'Object Repository/AdminSuiteBootstrap_Pages/UM_Bootstrap/Users/a_Add User' is clicked on

2024-07-12 19:10:38 - [MESSAGE][PASSED] - Object: 'Object Repository/AdminSuiteBootstrap_Pages/UM_Bootstrap/Users/a_Add User' is clicked on

2024-07-12 19:10:38 - [TEST_STEP][PASSED] - PasswordSpChar = findTestData(dataFile).getValue("PasswordSpChar", row): null

2024-07-12 19:10:38 - [TEST_STEP][PASSED] - PasswordLength = findTestData(dataFile).getValue("PasswordLength", row): null

2024-07-12 19:10:38 - [TEST_STEP][PASSED] - lenPassword = Integer.parseInt(PasswordLength): null

2024-07-12 19:10:38 - [TEST_STEP][PASSED] - buildFName = pages.GenerateRandom.getRandomAlpha(): pages.GenerateRandom.getRandomAlpha is PASSED

2024-07-12 19:10:38 - [MESSAGE][PASSED] - pages.GenerateRandom.getRandomAlpha is PASSED

2024-07-12 19:10:38 - [TEST_STEP][PASSED] - BuildLName = pages.GenerateRandom.getRandomAlpha(): pages.GenerateRandom.getRandomAlpha is PASSED

2024-07-12 19:10:38 - [MESSAGE][PASSED] - pages.GenerateRandom.getRandomAlpha is PASSED

2024-07-12 19:10:38 - [TEST_STEP][PASSED] - buildUsername = pages.GenerateRandom.getRandomAlpha(): pages.GenerateRandom.getRandomAlpha is PASSED

2024-07-12 19:10:38 - [MESSAGE][PASSED] - pages.GenerateRandom.getRandomAlpha is PASSED

2024-07-12 19:10:38 - [TEST_STEP][PASSED] - buildPassword = pages.GenerateRandom.getRandomAlphaNumCustomLength(lenPassword): pages.GenerateRandom.getRandomAlphaNumCustomLength is PASSED

2024-07-12 19:10:38 - [MESSAGE][PASSED] - pages.GenerateRandom.getRandomAlphaNumCustomLength is PASSED

2024-07-12 19:10:38 - [TEST_STEP][PASSED] - FinalPassword = buildPassword + PasswordSpChar: null

2024-07-12 19:10:38 - [TEST_STEP][PASSED] - println("Final Password is : " + FinalPassword): null

2024-07-12 19:10:38 - [TEST_STEP][PASSED] - setText(findTestObject(path_AddUser + "input_EmailAddress"), "iahmed@govolution.com"): Text 'iahmed@govolution.com' is set on object 'Object Repository/AdminSuiteBootstrap_Pages/UM_Bootstrap/AddUser/input_EmailAddress'

2024-07-12 19:10:39 - [MESSAGE][PASSED] - Text 'iahmed@govolution.com' is set on object 'Object Repository/AdminSuiteBootstrap_Pages/UM_Bootstrap/AddUser/input_EmailAddress'

2024-07-12 19:10:39 - [TEST_STEP][PASSED] - setText(findTestObject(path_AddUser + "input_Username"), buildUsername): Text 'NRSwpZgvc' is set on object 'Object Repository/AdminSuiteBootstrap_Pages/UM_Bootstrap/AddUser/input_Username'

2024-07-12 19:10:40 - [MESSAGE][PASSED] - Text 'NRSwpZgvc' is set on object 'Object Repository/AdminSuiteBootstrap_Pages/UM_Bootstrap/AddUser/input_Username'

2024-07-12 19:10:40 - [TEST_STEP][PASSED] - setText(findTestObject(path_AddUser + "input_FirstName"), buildFName): Text 'ofTXqEzKq' is set on object 'Object Repository/AdminSuiteBootstrap_Pages/UM_Bootstrap/AddUser/input_FirstName'

2024-07-12 19:10:41 - [MESSAGE][PASSED] - Text 'ofTXqEzKq' is set on object 'Object Repository/AdminSuiteBootstrap_Pages/UM_Bootstrap/AddUser/input_FirstName'

2024-07-12 19:10:41 - [TEST_STEP][PASSED] - setText(findTestObject(path_AddUser + "input_LastName"), BuildLName): Text 'JVhpKZIyt' is set on object 'Object Repository/AdminSuiteBootstrap_Pages/UM_Bootstrap/AddUser/input_LastName'

2024-07-12 19:10:41 - [MESSAGE][PASSED] - Text 'JVhpKZIyt' is set on object 'Object Repository/AdminSuiteBootstrap_Pages/UM_Bootstrap/AddUser/input_LastName'

2024-07-12 19:10:41 - [TEST_STEP][PASSED] - setText(findTestObject(path_AddUser + "input_Password"), FinalPassword): Text 'iMFgK4FHXN&Oo5' is set on object 'Object Repository/AdminSuiteBootstrap_Pages/UM_Bootstrap/AddUser/input_Password'

2024-07-12 19:10:42 - [MESSAGE][PASSED] - Text 'iMFgK4FHXN&Oo5' is set on object 'Object Repository/AdminSuiteBootstrap_Pages/UM_Bootstrap/AddUser/input_Password'

2024-07-12 19:10:42 - [TEST_STEP][PASSED] - setText(findTestObject(path_AddUser + "input_ConfirmPassword"), FinalPassword): Text 'iMFgK4FHXN&Oo5' is set on object 'Object Repository/AdminSuiteBootstrap_Pages/UM_Bootstrap/AddUser/input_ConfirmPassword'

2024-07-12 19:10:43 - [MESSAGE][PASSED] - Text 'iMFgK4FHXN&Oo5' is set on object 'Object Repository/AdminSuiteBootstrap_Pages/UM_Bootstrap/AddUser/input_ConfirmPassword'

2024-07-12 19:10:43 - [TEST_STEP][PASSED] - check(findTestObject(path_AddUser + "input_No_lock")): Object 'Object Repository/AdminSuiteBootstrap_Pages/UM_Bootstrap/AddUser/input_No_lock' is checked

2024-07-12 19:10:43 - [MESSAGE][PASSED] - Object 'Object Repository/AdminSuiteBootstrap_Pages/UM_Bootstrap/AddUser/input_No_lock' is checked

2024-07-12 19:10:43 - [TEST_STEP][PASSED] - click(findTestObject(path_AddUser + "button_Create")): Object: 'Object Repository/AdminSuiteBootstrap_Pages/UM_Bootstrap/AddUser/button_Create' is clicked on

2024-07-12 19:10:49 - [MESSAGE][PASSED] - Object: 'Object Repository/AdminSuiteBootstrap_Pages/UM_Bootstrap/AddUser/button_Create' is clicked on

2024-07-12 19:10:49 - [TEST_STEP][PASSED] - if (verifyTextPresent("User Account Created A user account for", true)): null

2024-07-12 19:10:49 - [MESSAGE][PASSED] - Text 'User Account Created A user account for' is present on page  using regular expression

2024-07-12 19:10:49 - [TEST_STEP][PASSED] - verifyTextPresent("was successfully created", true): Text 'was successfully created' is present on page  using regular expression

2024-07-12 19:10:50 - [MESSAGE][PASSED] - Text 'was successfully created' is present on page  using regular expression

2024-07-12 19:10:50 - [TEST_STEP][PASSED] - click(findTestObject(path_UserView + "button_Delete")): Object: 'Object Repository/AdminSuiteBootstrap_Pages/UM_Bootstrap/UserView/button_Delete' is clicked on

2024-07-12 19:10:50 - [MESSAGE][PASSED] - Object: 'Object Repository/AdminSuiteBootstrap_Pages/UM_Bootstrap/UserView/button_Delete' is clicked on

2024-07-12 19:10:50 - [TEST_STEP][PASSED] - click(findTestObject(path_DeleteUser + "button_DeleteUser_Delete")): Object: 'Object Repository/AdminSuiteBootstrap_Pages/UM_Bootstrap/DeleteUser/button_DeleteUser_Delete' is clicked on

2024-07-12 19:10:51 - [MESSAGE][PASSED] - Object: 'Object Repository/AdminSuiteBootstrap_Pages/UM_Bootstrap/DeleteUser/button_DeleteUser_Delete' is clicked on

2024-07-12 19:10:51 - [TEST_STEP][PASSED] - click(findTestObject(path_DeleteUser + "button_DeleteUser_Okay")): Object: 'Object Repository/AdminSuiteBootstrap_Pages/UM_Bootstrap/DeleteUser/button_DeleteUser_Okay' is clicked on

2024-07-12 19:10:52 - [MESSAGE][PASSED] - Object: 'Object Repository/AdminSuiteBootstrap_Pages/UM_Bootstrap/DeleteUser/button_DeleteUser_Okay' is clicked on

2024-07-12 19:10:52 - [TEST_STEP][PASSED] - markPassed("User was created and deleted"): User was created and deleted

2024-07-12 19:10:52 - [MESSAGE][PASSED] - User was created and deleted

2024-07-12 19:10:52 - [TEST_STEP][PASSED] - resText = "Pass": null

2024-07-12 19:10:52 - [TEST_STEP][PASSED] - pages.WriteExcel.demoKey(resText, datText, resColumn, datCloumn, fileLoc, nameSheet, row): pages.WriteExcel.demoKey is PASSED

2024-07-12 19:10:52 - [MESSAGE][PASSED] - pages.WriteExcel.demoKey is PASSED

2024-07-12 19:10:52 - [TEST_STEP][PASSED] - closeBrowser(): Browser is closed

2024-07-12 19:10:54 - [MESSAGE][PASSED] - Browser is closed

2024-07-12 19:10:54 - [TEST_STEP][PASSED] - ExecuteTC = findTestData(dataFile).getValue("Execute", row): null

2024-07-12 19:10:54 - [TEST_STEP][PASSED] - out.println("Value of Execute is : " + ExecuteTC): null

2024-07-12 19:10:54 - [TEST_STEP][PASSED] - if (ExecuteTC.equalsIgnoreCase("Y")): Browser is closed

2024-07-12 19:10:54 - [TEST_STEP][PASSED] - out.println("Begin Record Number: " + row): null

2024-07-12 19:10:54 - [TEST_STEP][PASSED] - today = new java.util.Date(): null

2024-07-12 19:10:54 - [TEST_STEP][PASSED] - println(today): null

2024-07-12 19:10:54 - [TEST_STEP][PASSED] - datText = today: null

2024-07-12 19:10:54 - [TEST_STEP][PASSED] - adminSuiteBootstrap.loginFunctionality.login_AdminSuite(): adminSuiteBootstrap.loginFunctionality.login_AdminSuite is PASSED

2024-07-12 19:10:54 - [MESSAGE][INFO] - Starting 'Chrome' driver

2024-07-12 19:10:54 - [MESSAGE][INFO] - User set preference: ['acceptInsecureCerts', 'true']

2024-07-12 19:10:54 - [MESSAGE][INFO] - Action delay is set to 0 milliseconds

2024-07-12 19:10:56 - [MESSAGE][PASSED] - Browser is opened with url: 'https://qa2.velocitypayment.com/admin/imtiaz'

2024-07-12 19:10:57 - [MESSAGE][PASSED] - Current window maximized

2024-07-12 19:10:58 - [MESSAGE][PASSED] - Object 'Object Repository/Login_Page/Login_Username_Okta' is present

2024-07-12 19:10:59 - [MESSAGE][PASSED] - Text 'iahmed' is set on object 'Object Repository/Login_Page/Login_Username_Okta'

2024-07-12 19:11:00 - [MESSAGE][PASSED] - Text 'Hello!6666666' is set on object 'Object Repository/Login_Page/Login_Password_Okta'

2024-07-12 19:11:00 - [MESSAGE][PASSED] - Object: 'Object Repository/Login_Page/Login_Submit_Okta' is clicked on

2024-07-12 19:11:00 - [MESSAGE][PASSED] - adminSuiteBootstrap.loginFunctionality.login_AdminSuite is PASSED

2024-07-12 19:11:00 - [TEST_STEP][PASSED] - click(findTestObject(path_Dashboard + "a_Access User Management")): Object: 'Object Repository/AdminSuiteBootstrap_Pages/Dashboard_Bootstrap/a_Access User Management' is clicked on

2024-07-12 19:11:08 - [MESSAGE][PASSED] - Object: 'Object Repository/AdminSuiteBootstrap_Pages/Dashboard_Bootstrap/a_Access User Management' is clicked on

2024-07-12 19:11:08 - [TEST_STEP][PASSED] - click(findTestObject(path_Users + "a_Add User")): Object: 'Object Repository/AdminSuiteBootstrap_Pages/UM_Bootstrap/Users/a_Add User' is clicked on

2024-07-12 19:11:09 - [MESSAGE][PASSED] - Object: 'Object Repository/AdminSuiteBootstrap_Pages/UM_Bootstrap/Users/a_Add User' is clicked on

2024-07-12 19:11:09 - [TEST_STEP][PASSED] - PasswordSpChar = findTestData(dataFile).getValue("PasswordSpChar", row): null

2024-07-12 19:11:09 - [TEST_STEP][PASSED] - PasswordLength = findTestData(dataFile).getValue("PasswordLength", row): null

2024-07-12 19:11:09 - [TEST_STEP][PASSED] - lenPassword = Integer.parseInt(PasswordLength): null

2024-07-12 19:11:09 - [TEST_STEP][PASSED] - buildFName = pages.GenerateRandom.getRandomAlpha(): pages.GenerateRandom.getRandomAlpha is PASSED

2024-07-12 19:11:09 - [MESSAGE][PASSED] - pages.GenerateRandom.getRandomAlpha is PASSED

2024-07-12 19:11:09 - [TEST_STEP][PASSED] - BuildLName = pages.GenerateRandom.getRandomAlpha(): pages.GenerateRandom.getRandomAlpha is PASSED

2024-07-12 19:11:09 - [MESSAGE][PASSED] - pages.GenerateRandom.getRandomAlpha is PASSED

2024-07-12 19:11:09 - [TEST_STEP][PASSED] - buildUsername = pages.GenerateRandom.getRandomAlpha(): pages.GenerateRandom.getRandomAlpha is PASSED

2024-07-12 19:11:09 - [MESSAGE][PASSED] - pages.GenerateRandom.getRandomAlpha is PASSED

2024-07-12 19:11:09 - [TEST_STEP][PASSED] - buildPassword = pages.GenerateRandom.getRandomAlphaNumCustomLength(lenPassword): pages.GenerateRandom.getRandomAlphaNumCustomLength is PASSED

2024-07-12 19:11:09 - [MESSAGE][PASSED] - pages.GenerateRandom.getRandomAlphaNumCustomLength is PASSED

2024-07-12 19:11:09 - [TEST_STEP][PASSED] - FinalPassword = buildPassword + PasswordSpChar: null

2024-07-12 19:11:09 - [TEST_STEP][PASSED] - println("Final Password is : " + FinalPassword): null

2024-07-12 19:11:09 - [TEST_STEP][PASSED] - setText(findTestObject(path_AddUser + "input_EmailAddress"), "iahmed@govolution.com"): Text 'iahmed@govolution.com' is set on object 'Object Repository/AdminSuiteBootstrap_Pages/UM_Bootstrap/AddUser/input_EmailAddress'

2024-07-12 19:11:10 - [MESSAGE][PASSED] - Text 'iahmed@govolution.com' is set on object 'Object Repository/AdminSuiteBootstrap_Pages/UM_Bootstrap/AddUser/input_EmailAddress'

2024-07-12 19:11:10 - [TEST_STEP][PASSED] - setText(findTestObject(path_AddUser + "input_Username"), buildUsername): Text 'fMNJafUff' is set on object 'Object Repository/AdminSuiteBootstrap_Pages/UM_Bootstrap/AddUser/input_Username'

2024-07-12 19:11:10 - [MESSAGE][PASSED] - Text 'fMNJafUff' is set on object 'Object Repository/AdminSuiteBootstrap_Pages/UM_Bootstrap/AddUser/input_Username'

2024-07-12 19:11:10 - [TEST_STEP][PASSED] - setText(findTestObject(path_AddUser + "input_FirstName"), buildFName): Text 'yemJWFnlU' is set on object 'Object Repository/AdminSuiteBootstrap_Pages/UM_Bootstrap/AddUser/input_FirstName'

2024-07-12 19:11:11 - [MESSAGE][PASSED] - Text 'yemJWFnlU' is set on object 'Object Repository/AdminSuiteBootstrap_Pages/UM_Bootstrap/AddUser/input_FirstName'

2024-07-12 19:11:11 - [TEST_STEP][PASSED] - setText(findTestObject(path_AddUser + "input_LastName"), BuildLName): Text 'OqEZueiMo' is set on object 'Object Repository/AdminSuiteBootstrap_Pages/UM_Bootstrap/AddUser/input_LastName'

2024-07-12 19:11:12 - [MESSAGE][PASSED] - Text 'OqEZueiMo' is set on object 'Object Repository/AdminSuiteBootstrap_Pages/UM_Bootstrap/AddUser/input_LastName'

2024-07-12 19:11:12 - [TEST_STEP][PASSED] - setText(findTestObject(path_AddUser + "input_Password"), FinalPassword): Text '0ZEaej0Wd5*Pp5' is set on object 'Object Repository/AdminSuiteBootstrap_Pages/UM_Bootstrap/AddUser/input_Password'

2024-07-12 19:11:12 - [MESSAGE][PASSED] - Text '0ZEaej0Wd5*Pp5' is set on object 'Object Repository/AdminSuiteBootstrap_Pages/UM_Bootstrap/AddUser/input_Password'

2024-07-12 19:11:12 - [TEST_STEP][PASSED] - setText(findTestObject(path_AddUser + "input_ConfirmPassword"), FinalPassword): Text '0ZEaej0Wd5*Pp5' is set on object 'Object Repository/AdminSuiteBootstrap_Pages/UM_Bootstrap/AddUser/input_ConfirmPassword'

2024-07-12 19:11:13 - [MESSAGE][PASSED] - Text '0ZEaej0Wd5*Pp5' is set on object 'Object Repository/AdminSuiteBootstrap_Pages/UM_Bootstrap/AddUser/input_ConfirmPassword'

2024-07-12 19:11:13 - [TEST_STEP][PASSED] - check(findTestObject(path_AddUser + "input_No_lock")): Object 'Object Repository/AdminSuiteBootstrap_Pages/UM_Bootstrap/AddUser/input_No_lock' is checked

2024-07-12 19:11:14 - [MESSAGE][PASSED] - Object 'Object Repository/AdminSuiteBootstrap_Pages/UM_Bootstrap/AddUser/input_No_lock' is checked

2024-07-12 19:11:14 - [TEST_STEP][PASSED] - click(findTestObject(path_AddUser + "button_Create")): Object: 'Object Repository/AdminSuiteBootstrap_Pages/UM_Bootstrap/AddUser/button_Create' is clicked on

2024-07-12 19:11:19 - [MESSAGE][PASSED] - Object: 'Object Repository/AdminSuiteBootstrap_Pages/UM_Bootstrap/AddUser/button_Create' is clicked on

2024-07-12 19:11:19 - [TEST_STEP][PASSED] - if (verifyTextPresent("User Account Created A user account for", true)): null

2024-07-12 19:11:19 - [MESSAGE][PASSED] - Text 'User Account Created A user account for' is present on page  using regular expression

2024-07-12 19:11:19 - [TEST_STEP][PASSED] - verifyTextPresent("was successfully created", true): Text 'was successfully created' is present on page  using regular expression

2024-07-12 19:11:20 - [MESSAGE][PASSED] - Text 'was successfully created' is present on page  using regular expression

2024-07-12 19:11:20 - [TEST_STEP][PASSED] - click(findTestObject(path_UserView + "button_Delete")): Object: 'Object Repository/AdminSuiteBootstrap_Pages/UM_Bootstrap/UserView/button_Delete' is clicked on

2024-07-12 19:11:20 - [MESSAGE][PASSED] - Object: 'Object Repository/AdminSuiteBootstrap_Pages/UM_Bootstrap/UserView/button_Delete' is clicked on

2024-07-12 19:11:20 - [TEST_STEP][PASSED] - click(findTestObject(path_DeleteUser + "button_DeleteUser_Delete")): Object: 'Object Repository/AdminSuiteBootstrap_Pages/UM_Bootstrap/DeleteUser/button_DeleteUser_Delete' is clicked on

2024-07-12 19:11:20 - [MESSAGE][PASSED] - Object: 'Object Repository/AdminSuiteBootstrap_Pages/UM_Bootstrap/DeleteUser/button_DeleteUser_Delete' is clicked on

2024-07-12 19:11:20 - [TEST_STEP][PASSED] - click(findTestObject(path_DeleteUser + "button_DeleteUser_Okay")): Object: 'Object Repository/AdminSuiteBootstrap_Pages/UM_Bootstrap/DeleteUser/button_DeleteUser_Okay' is clicked on

2024-07-12 19:11:22 - [MESSAGE][PASSED] - Object: 'Object Repository/AdminSuiteBootstrap_Pages/UM_Bootstrap/DeleteUser/button_DeleteUser_Okay' is clicked on

2024-07-12 19:11:22 - [TEST_STEP][PASSED] - markPassed("User was created and deleted"): User was created and deleted

2024-07-12 19:11:22 - [MESSAGE][PASSED] - User was created and deleted

2024-07-12 19:11:22 - [TEST_STEP][PASSED] - resText = "Pass": null

2024-07-12 19:11:22 - [TEST_STEP][PASSED] - pages.WriteExcel.demoKey(resText, datText, resColumn, datCloumn, fileLoc, nameSheet, row): pages.WriteExcel.demoKey is PASSED

2024-07-12 19:11:22 - [MESSAGE][PASSED] - pages.WriteExcel.demoKey is PASSED

2024-07-12 19:11:22 - [TEST_STEP][PASSED] - closeBrowser(): Browser is closed

2024-07-12 19:11:23 - [MESSAGE][PASSED] - Browser is closed]]></system-out>
         <system-err><![CDATA[]]></system-err>
      </testcase>
      <testcase name="Test Cases/Admin Suite Bootstrap/UM_TestCases/Users/VerifyUsersLinks_UI_TC" time="84.733" classname="Test Cases/Admin Suite Bootstrap/UM_TestCases/Users/VerifyUsersLinks_UI_TC" status="FAILED">
         <failure type="FAILED" message="Test Cases/Admin Suite Bootstrap/UM_TestCases/Users/VerifyUsersLinks_UI_TC FAILED.
Reason:
com.kms.katalon.core.exception.StepFailedException: com.kms.katalon.core.webui.exception.WebElementNotFoundException: Web element with id: 'Object Repository/AdminSuiteBootstrap_Pages/UM_Bootstrap/a_CASEuser' located by '//*[@href = '/admin/imtiaz/bootstrap/vadministrator/users/view.do?uid=1100' and (text() = '[CASEuser]' or . = '[CASEuser]')]' not found (Root cause: com.kms.katalon.core.exception.StepFailedException: com.kms.katalon.core.webui.exception.WebElementNotFoundException: Web element with id: 'Object Repository/AdminSuiteBootstrap_Pages/UM_Bootstrap/a_CASEuser' located by '//*[@href = '/admin/imtiaz/bootstrap/vadministrator/users/view.do?uid=1100' and (text() = '[CASEuser]' or . = '[CASEuser]')]' not found
	at com.kms.katalon.core.webui.keyword.internal.WebUIKeywordMain.stepFailed(WebUIKeywordMain.groovy:64)
	at com.kms.katalon.core.webui.keyword.builtin.VerifyElementPresentKeyword$_verifyElementPresent_closure1.doCall(VerifyElementPresentKeyword.groovy:85)
	at com.kms.katalon.core.webui.keyword.builtin.VerifyElementPresentKeyword$_verifyElementPresent_closure1.call(VerifyElementPresentKeyword.groovy)
	at com.kms.katalon.core.webui.keyword.internal.WebUIKeywordMain.runKeyword(WebUIKeywordMain.groovy:20)
	at com.kms.katalon.core.webui.keyword.builtin.VerifyElementPresentKeyword.verifyElementPresent(VerifyElementPresentKeyword.groovy:92)
	at com.kms.katalon.core.webui.keyword.builtin.VerifyElementPresentKeyword.execute(VerifyElementPresentKeyword.groovy:68)
	at com.kms.katalon.core.keyword.internal.KeywordExecutor.executeKeywordForPlatform(KeywordExecutor.groovy:74)
	at com.kms.katalon.core.webui.keyword.WebUiBuiltInKeywords.verifyElementPresent(WebUiBuiltInKeywords.groovy:1464)
	at com.kms.katalon.core.webui.keyword.WebUiBuiltInKeywords$verifyElementPresent$1.call(Unknown Source)
	at VerifyUsersLinks_UI_TC.run(VerifyUsersLinks_UI_TC:46)
	at com.kms.katalon.core.main.ScriptEngine.run(ScriptEngine.java:194)
	at com.kms.katalon.core.main.ScriptEngine.runScriptAsRawText(ScriptEngine.java:119)
	at com.kms.katalon.core.main.TestCaseExecutor.runScript(TestCaseExecutor.java:448)
	at com.kms.katalon.core.main.TestCaseExecutor.doExecute(TestCaseExecutor.java:439)
	at com.kms.katalon.core.main.TestCaseExecutor.processExecutionPhase(TestCaseExecutor.java:418)
	at com.kms.katalon.core.main.TestCaseExecutor.accessMainPhase(TestCaseExecutor.java:410)
	at com.kms.katalon.core.main.TestCaseExecutor.execute(TestCaseExecutor.java:285)
	at com.kms.katalon.core.common.CommonExecutor.accessTestCaseMainPhase(CommonExecutor.java:65)
	at com.kms.katalon.core.main.TestSuiteExecutor.accessTestSuiteMainPhase(TestSuiteExecutor.java:148)
	at com.kms.katalon.core.main.TestSuiteExecutor.execute(TestSuiteExecutor.java:106)
	at com.kms.katalon.core.main.TestCaseMain.startTestSuite(TestCaseMain.java:187)
	at com.kms.katalon.core.main.TestCaseMain$startTestSuite$0.call(Unknown Source)
	at TempTestSuite1720824695139.run(TempTestSuite1720824695139.groovy:35)
)
	at com.kms.katalon.core.keyword.internal.KeywordMain.stepFailed(KeywordMain.groovy:39)
	at com.kms.katalon.core.webui.keyword.internal.WebUIKeywordMain.stepFailed(WebUIKeywordMain.groovy:64)
	at com.kms.katalon.core.webui.keyword.builtin.VerifyElementPresentKeyword$_verifyElementPresent_closure1.doCall(VerifyElementPresentKeyword.groovy:85)
	at com.kms.katalon.core.webui.keyword.builtin.VerifyElementPresentKeyword$_verifyElementPresent_closure1.call(VerifyElementPresentKeyword.groovy)
	at com.kms.katalon.core.webui.keyword.internal.WebUIKeywordMain.runKeyword(WebUIKeywordMain.groovy:20)
	at com.kms.katalon.core.webui.keyword.builtin.VerifyElementPresentKeyword.verifyElementPresent(VerifyElementPresentKeyword.groovy:92)
	at com.kms.katalon.core.webui.keyword.builtin.VerifyElementPresentKeyword.execute(VerifyElementPresentKeyword.groovy:68)
	at com.kms.katalon.core.keyword.internal.KeywordExecutor.executeKeywordForPlatform(KeywordExecutor.groovy:74)
	at com.kms.katalon.core.webui.keyword.WebUiBuiltInKeywords.verifyElementPresent(WebUiBuiltInKeywords.groovy:1464)
	at com.kms.katalon.core.webui.keyword.WebUiBuiltInKeywords$verifyElementPresent$1.call(Unknown Source)
	at VerifyUsersLinks_UI_TC.run(VerifyUsersLinks_UI_TC:46)
	at com.kms.katalon.core.main.ScriptEngine.run(ScriptEngine.java:194)
	at com.kms.katalon.core.main.ScriptEngine.runScriptAsRawText(ScriptEngine.java:119)
	at com.kms.katalon.core.main.TestCaseExecutor.runScript(TestCaseExecutor.java:448)
	at com.kms.katalon.core.main.TestCaseExecutor.doExecute(TestCaseExecutor.java:439)
	at com.kms.katalon.core.main.TestCaseExecutor.processExecutionPhase(TestCaseExecutor.java:418)
	at com.kms.katalon.core.main.TestCaseExecutor.accessMainPhase(TestCaseExecutor.java:410)
	at com.kms.katalon.core.main.TestCaseExecutor.execute(TestCaseExecutor.java:285)
	at com.kms.katalon.core.common.CommonExecutor.accessTestCaseMainPhase(CommonExecutor.java:65)
	at com.kms.katalon.core.main.TestSuiteExecutor.accessTestSuiteMainPhase(TestSuiteExecutor.java:148)
	at com.kms.katalon.core.main.TestSuiteExecutor.execute(TestSuiteExecutor.java:106)
	at com.kms.katalon.core.main.TestCaseMain.startTestSuite(TestCaseMain.java:187)
	at com.kms.katalon.core.main.TestCaseMain$startTestSuite$0.call(Unknown Source)
	at TempTestSuite1720824695139.run(TempTestSuite1720824695139.groovy:35)
Caused by: com.kms.katalon.core.exception.StepFailedException: com.kms.katalon.core.webui.exception.WebElementNotFoundException: Web element with id: 'Object Repository/AdminSuiteBootstrap_Pages/UM_Bootstrap/a_CASEuser' located by '//*[@href = '/admin/imtiaz/bootstrap/vadministrator/users/view.do?uid=1100' and (text() = '[CASEuser]' or . = '[CASEuser]')]' not found
	... 23 more
"/>
         <system-out><![CDATA[2024-07-12 19:11:23 - [TEST_CASE][FAILED] - Test Cases/Admin Suite Bootstrap/UM_TestCases/Users/VerifyUsersLinks_UI_TC: Test Cases/Admin Suite Bootstrap/UM_TestCases/Users/VerifyUsersLinks_UI_TC FAILED.
Reason:
com.kms.katalon.core.exception.StepFailedException: com.kms.katalon.core.webui.exception.WebElementNotFoundException: Web element with id: 'Object Repository/AdminSuiteBootstrap_Pages/UM_Bootstrap/a_CASEuser' located by '//*[@href = '/admin/imtiaz/bootstrap/vadministrator/users/view.do?uid=1100' and (text() = '[CASEuser]' or . = '[CASEuser]')]' not found (Root cause: com.kms.katalon.core.exception.StepFailedException: com.kms.katalon.core.webui.exception.WebElementNotFoundException: Web element with id: 'Object Repository/AdminSuiteBootstrap_Pages/UM_Bootstrap/a_CASEuser' located by '//*[@href = '/admin/imtiaz/bootstrap/vadministrator/users/view.do?uid=1100' and (text() = '[CASEuser]' or . = '[CASEuser]')]' not found
	at com.kms.katalon.core.webui.keyword.internal.WebUIKeywordMain.stepFailed(WebUIKeywordMain.groovy:64)
	at com.kms.katalon.core.webui.keyword.builtin.VerifyElementPresentKeyword$_verifyElementPresent_closure1.doCall(VerifyElementPresentKeyword.groovy:85)
	at com.kms.katalon.core.webui.keyword.builtin.VerifyElementPresentKeyword$_verifyElementPresent_closure1.call(VerifyElementPresentKeyword.groovy)
	at com.kms.katalon.core.webui.keyword.internal.WebUIKeywordMain.runKeyword(WebUIKeywordMain.groovy:20)
	at com.kms.katalon.core.webui.keyword.builtin.VerifyElementPresentKeyword.verifyElementPresent(VerifyElementPresentKeyword.groovy:92)
	at com.kms.katalon.core.webui.keyword.builtin.VerifyElementPresentKeyword.execute(VerifyElementPresentKeyword.groovy:68)
	at com.kms.katalon.core.keyword.internal.KeywordExecutor.executeKeywordForPlatform(KeywordExecutor.groovy:74)
	at com.kms.katalon.core.webui.keyword.WebUiBuiltInKeywords.verifyElementPresent(WebUiBuiltInKeywords.groovy:1464)
	at com.kms.katalon.core.webui.keyword.WebUiBuiltInKeywords$verifyElementPresent$1.call(Unknown Source)
	at VerifyUsersLinks_UI_TC.run(VerifyUsersLinks_UI_TC:46)
	at com.kms.katalon.core.main.ScriptEngine.run(ScriptEngine.java:194)
	at com.kms.katalon.core.main.ScriptEngine.runScriptAsRawText(ScriptEngine.java:119)
	at com.kms.katalon.core.main.TestCaseExecutor.runScript(TestCaseExecutor.java:448)
	at com.kms.katalon.core.main.TestCaseExecutor.doExecute(TestCaseExecutor.java:439)
	at com.kms.katalon.core.main.TestCaseExecutor.processExecutionPhase(TestCaseExecutor.java:418)
	at com.kms.katalon.core.main.TestCaseExecutor.accessMainPhase(TestCaseExecutor.java:410)
	at com.kms.katalon.core.main.TestCaseExecutor.execute(TestCaseExecutor.java:285)
	at com.kms.katalon.core.common.CommonExecutor.accessTestCaseMainPhase(CommonExecutor.java:65)
	at com.kms.katalon.core.main.TestSuiteExecutor.accessTestSuiteMainPhase(TestSuiteExecutor.java:148)
	at com.kms.katalon.core.main.TestSuiteExecutor.execute(TestSuiteExecutor.java:106)
	at com.kms.katalon.core.main.TestCaseMain.startTestSuite(TestCaseMain.java:187)
	at com.kms.katalon.core.main.TestCaseMain$startTestSuite$0.call(Unknown Source)
	at TempTestSuite1720824695139.run(TempTestSuite1720824695139.groovy:35)
)
	at com.kms.katalon.core.keyword.internal.KeywordMain.stepFailed(KeywordMain.groovy:39)
	at com.kms.katalon.core.webui.keyword.internal.WebUIKeywordMain.stepFailed(WebUIKeywordMain.groovy:64)
	at com.kms.katalon.core.webui.keyword.builtin.VerifyElementPresentKeyword$_verifyElementPresent_closure1.doCall(VerifyElementPresentKeyword.groovy:85)
	at com.kms.katalon.core.webui.keyword.builtin.VerifyElementPresentKeyword$_verifyElementPresent_closure1.call(VerifyElementPresentKeyword.groovy)
	at com.kms.katalon.core.webui.keyword.internal.WebUIKeywordMain.runKeyword(WebUIKeywordMain.groovy:20)
	at com.kms.katalon.core.webui.keyword.builtin.VerifyElementPresentKeyword.verifyElementPresent(VerifyElementPresentKeyword.groovy:92)
	at com.kms.katalon.core.webui.keyword.builtin.VerifyElementPresentKeyword.execute(VerifyElementPresentKeyword.groovy:68)
	at com.kms.katalon.core.keyword.internal.KeywordExecutor.executeKeywordForPlatform(KeywordExecutor.groovy:74)
	at com.kms.katalon.core.webui.keyword.WebUiBuiltInKeywords.verifyElementPresent(WebUiBuiltInKeywords.groovy:1464)
	at com.kms.katalon.core.webui.keyword.WebUiBuiltInKeywords$verifyElementPresent$1.call(Unknown Source)
	at VerifyUsersLinks_UI_TC.run(VerifyUsersLinks_UI_TC:46)
	at com.kms.katalon.core.main.ScriptEngine.run(ScriptEngine.java:194)
	at com.kms.katalon.core.main.ScriptEngine.runScriptAsRawText(ScriptEngine.java:119)
	at com.kms.katalon.core.main.TestCaseExecutor.runScript(TestCaseExecutor.java:448)
	at com.kms.katalon.core.main.TestCaseExecutor.doExecute(TestCaseExecutor.java:439)
	at com.kms.katalon.core.main.TestCaseExecutor.processExecutionPhase(TestCaseExecutor.java:418)
	at com.kms.katalon.core.main.TestCaseExecutor.accessMainPhase(TestCaseExecutor.java:410)
	at com.kms.katalon.core.main.TestCaseExecutor.execute(TestCaseExecutor.java:285)
	at com.kms.katalon.core.common.CommonExecutor.accessTestCaseMainPhase(CommonExecutor.java:65)
	at com.kms.katalon.core.main.TestSuiteExecutor.accessTestSuiteMainPhase(TestSuiteExecutor.java:148)
	at com.kms.katalon.core.main.TestSuiteExecutor.execute(TestSuiteExecutor.java:106)
	at com.kms.katalon.core.main.TestCaseMain.startTestSuite(TestCaseMain.java:187)
	at com.kms.katalon.core.main.TestCaseMain$startTestSuite$0.call(Unknown Source)
	at TempTestSuite1720824695139.run(TempTestSuite1720824695139.groovy:35)
Caused by: com.kms.katalon.core.exception.StepFailedException: com.kms.katalon.core.webui.exception.WebElementNotFoundException: Web element with id: 'Object Repository/AdminSuiteBootstrap_Pages/UM_Bootstrap/a_CASEuser' located by '//*[@href = '/admin/imtiaz/bootstrap/vadministrator/users/view.do?uid=1100' and (text() = '[CASEuser]' or . = '[CASEuser]')]' not found
	... 23 more


2024-07-12 19:11:24 - [TEST_STEP][PASSED] - path_Dashboard = "Object Repository/AdminSuiteBootstrap_Pages/Dashboard_Bootstrap/": null

2024-07-12 19:11:24 - [TEST_STEP][PASSED] - path_VT = "Object Repository/AdminSuiteBootstrap_Pages/VT_Bootstrap/": null

2024-07-12 19:11:24 - [TEST_STEP][PASSED] - path_UM = "Object Repository/AdminSuiteBootstrap_Pages/UM_Bootstrap/": null

2024-07-12 19:11:24 - [TEST_STEP][PASSED] - adminSuiteBootstrap.loginFunctionality.login_AdminSuite(): adminSuiteBootstrap.loginFunctionality.login_AdminSuite is PASSED

2024-07-12 19:11:24 - [MESSAGE][INFO] - Starting 'Chrome' driver

2024-07-12 19:11:24 - [MESSAGE][INFO] - User set preference: ['acceptInsecureCerts', 'true']

2024-07-12 19:11:24 - [MESSAGE][INFO] - Action delay is set to 0 milliseconds

2024-07-12 19:11:26 - [MESSAGE][PASSED] - Browser is opened with url: 'https://qa2.velocitypayment.com/admin/imtiaz'

2024-07-12 19:11:27 - [MESSAGE][PASSED] - Current window maximized

2024-07-12 19:11:27 - [MESSAGE][PASSED] - Object 'Object Repository/Login_Page/Login_Username_Okta' is present

2024-07-12 19:11:28 - [MESSAGE][PASSED] - Text 'iahmed' is set on object 'Object Repository/Login_Page/Login_Username_Okta'

2024-07-12 19:11:29 - [MESSAGE][PASSED] - Text 'Hello!6666666' is set on object 'Object Repository/Login_Page/Login_Password_Okta'

2024-07-12 19:11:29 - [MESSAGE][PASSED] - Object: 'Object Repository/Login_Page/Login_Submit_Okta' is clicked on

2024-07-12 19:11:29 - [MESSAGE][PASSED] - adminSuiteBootstrap.loginFunctionality.login_AdminSuite is PASSED

2024-07-12 19:11:29 - [TEST_STEP][PASSED] - click(findTestObject(path_Dashboard + "span_User Management")): Object: 'Object Repository/AdminSuiteBootstrap_Pages/Dashboard_Bootstrap/span_User Management' is clicked on

2024-07-12 19:11:37 - [MESSAGE][PASSED] - Object: 'Object Repository/AdminSuiteBootstrap_Pages/Dashboard_Bootstrap/span_User Management' is clicked on

2024-07-12 19:11:37 - [TEST_STEP][PASSED] - click(findTestObject(path_Dashboard + "a_Users")): Object: 'Object Repository/AdminSuiteBootstrap_Pages/Dashboard_Bootstrap/a_Users' is clicked on

2024-07-12 19:11:38 - [MESSAGE][PASSED] - Object: 'Object Repository/AdminSuiteBootstrap_Pages/Dashboard_Bootstrap/a_Users' is clicked on

2024-07-12 19:11:38 - [TEST_STEP][PASSED] - verifyTextPresent("Users", true): Text 'Users' is present on page  using regular expression

2024-07-12 19:11:38 - [MESSAGE][PASSED] - Text 'Users' is present on page  using regular expression

2024-07-12 19:11:38 - [TEST_STEP][PASSED] - verifyTextPresent("Total Users", true): Text 'Total Users' is present on page  using regular expression

2024-07-12 19:11:38 - [MESSAGE][PASSED] - Text 'Total Users' is present on page  using regular expression

2024-07-12 19:11:38 - [TEST_STEP][PASSED] - verifyTextPresent("User Name", true): Text 'User Name' is present on page  using regular expression

2024-07-12 19:11:39 - [MESSAGE][PASSED] - Text 'User Name' is present on page  using regular expression

2024-07-12 19:11:39 - [TEST_STEP][PASSED] - verifyTextPresent("User ID", true): Text 'User ID' is present on page  using regular expression

2024-07-12 19:11:39 - [MESSAGE][PASSED] - Text 'User ID' is present on page  using regular expression

2024-07-12 19:11:39 - [TEST_STEP][PASSED] - verifyElementVisible(findTestObject(path_UM + "button_Export_New")): Object 'Object Repository/AdminSuiteBootstrap_Pages/UM_Bootstrap/button_Export_New' is visible

2024-07-12 19:11:40 - [MESSAGE][PASSED] - Object 'Object Repository/AdminSuiteBootstrap_Pages/UM_Bootstrap/button_Export_New' is visible

2024-07-12 19:11:40 - [TEST_STEP][PASSED] - verifyElementPresent(findTestObject(path_UM + "button_Export_New"), 30): Object 'Object Repository/AdminSuiteBootstrap_Pages/UM_Bootstrap/button_Export_New' is present

2024-07-12 19:11:40 - [MESSAGE][PASSED] - Object 'Object Repository/AdminSuiteBootstrap_Pages/UM_Bootstrap/button_Export_New' is present

2024-07-12 19:11:40 - [TEST_STEP][PASSED] - verifyElementVisible(findTestObject(path_UM + "a_Find User")): Object 'Object Repository/AdminSuiteBootstrap_Pages/UM_Bootstrap/a_Find User' is visible

2024-07-12 19:11:40 - [MESSAGE][PASSED] - Object 'Object Repository/AdminSuiteBootstrap_Pages/UM_Bootstrap/a_Find User' is visible

2024-07-12 19:11:40 - [TEST_STEP][PASSED] - verifyElementPresent(findTestObject(path_UM + "a_Find User"), 30): Object 'Object Repository/AdminSuiteBootstrap_Pages/UM_Bootstrap/a_Find User' is present

2024-07-12 19:11:41 - [MESSAGE][PASSED] - Object 'Object Repository/AdminSuiteBootstrap_Pages/UM_Bootstrap/a_Find User' is present

2024-07-12 19:11:41 - [TEST_STEP][PASSED] - verifyElementVisible(findTestObject(path_UM + "a_Add User")): Object 'Object Repository/AdminSuiteBootstrap_Pages/UM_Bootstrap/a_Add User' is visible

2024-07-12 19:11:41 - [MESSAGE][PASSED] - Object 'Object Repository/AdminSuiteBootstrap_Pages/UM_Bootstrap/a_Add User' is visible

2024-07-12 19:11:41 - [TEST_STEP][PASSED] - verifyElementPresent(findTestObject(path_UM + "a_Add User"), 30): Object 'Object Repository/AdminSuiteBootstrap_Pages/UM_Bootstrap/a_Add User' is present

2024-07-12 19:11:41 - [MESSAGE][PASSED] - Object 'Object Repository/AdminSuiteBootstrap_Pages/UM_Bootstrap/a_Add User' is present

2024-07-12 19:11:41 - [TEST_STEP][PASSED] - verifyElementVisible(findTestObject(path_UM + "a_CASEuser")): Object 'Object Repository/AdminSuiteBootstrap_Pages/UM_Bootstrap/a_CASEuser' is visible

2024-07-12 19:12:13 - [MESSAGE][INFO] - Unable to find the element located by 'By.xpath: //*[@href = '/admin/imtiaz/bootstrap/vadministrator/users/view.do?uid=1100' and (text() = '[CASEuser]' or . = '[CASEuser]')]'. Please recheck the objects properties to make sure the desired element is located. 

2024-07-12 19:12:13 - [MESSAGE][WARNING] - [SELF-HEALING] Failed to find element with id 'Object Repository/AdminSuiteBootstrap_Pages/UM_Bootstrap/a_CASEuser'. Try using Self-healing.

2024-07-12 19:12:13 - [MESSAGE][INFO] - [SELF-HEALING] Screenshot: E:/Cloned-Project-Katalon/VPS-Katalon/Reports/Self-healing/Object Repository/AdminSuiteBootstrap_Pages/UM_Bootstrap/a_CASEuser_XPATH.png

2024-07-12 19:12:13 - [MESSAGE][WARNING] - [SELF-HEALING] The current locator of test object 'Object Repository/AdminSuiteBootstrap_Pages/UM_Bootstrap/a_CASEuser' was broken. Propose an alternative one: '//tbody[@id='loadUser']/tr/td[2]/a'.

2024-07-12 19:12:13 - [MESSAGE][PASSED] - Object 'Object Repository/AdminSuiteBootstrap_Pages/UM_Bootstrap/a_CASEuser' is visible

2024-07-12 19:12:13 - [TEST_STEP][FAILED] - verifyElementPresent(findTestObject(path_UM + "a_CASEuser"), 30): com.kms.katalon.core.webui.exception.WebElementNotFoundException: Web element with id: 'Object Repository/AdminSuiteBootstrap_Pages/UM_Bootstrap/a_CASEuser' located by '//*[@href = '/admin/imtiaz/bootstrap/vadministrator/users/view.do?uid=1100' and (text() = '[CASEuser]' or . = '[CASEuser]')]' not found (Root cause: com.kms.katalon.core.exception.StepFailedException: com.kms.katalon.core.webui.exception.WebElementNotFoundException: Web element with id: 'Object Repository/AdminSuiteBootstrap_Pages/UM_Bootstrap/a_CASEuser' located by '//*[@href = '/admin/imtiaz/bootstrap/vadministrator/users/view.do?uid=1100' and (text() = '[CASEuser]' or . = '[CASEuser]')]' not found
	at com.kms.katalon.core.webui.keyword.internal.WebUIKeywordMain.stepFailed(WebUIKeywordMain.groovy:64)
	at com.kms.katalon.core.webui.keyword.builtin.VerifyElementPresentKeyword$_verifyElementPresent_closure1.doCall(VerifyElementPresentKeyword.groovy:85)
	at com.kms.katalon.core.webui.keyword.builtin.VerifyElementPresentKeyword$_verifyElementPresent_closure1.call(VerifyElementPresentKeyword.groovy)
	at com.kms.katalon.core.webui.keyword.internal.WebUIKeywordMain.runKeyword(WebUIKeywordMain.groovy:20)
	at com.kms.katalon.core.webui.keyword.builtin.VerifyElementPresentKeyword.verifyElementPresent(VerifyElementPresentKeyword.groovy:92)
	at com.kms.katalon.core.webui.keyword.builtin.VerifyElementPresentKeyword.execute(VerifyElementPresentKeyword.groovy:68)
	at com.kms.katalon.core.keyword.internal.KeywordExecutor.executeKeywordForPlatform(KeywordExecutor.groovy:74)
	at com.kms.katalon.core.webui.keyword.WebUiBuiltInKeywords.verifyElementPresent(WebUiBuiltInKeywords.groovy:1464)
	at com.kms.katalon.core.webui.keyword.WebUiBuiltInKeywords$verifyElementPresent$1.call(Unknown Source)
	at VerifyUsersLinks_UI_TC.run(VerifyUsersLinks_UI_TC:46)
	at com.kms.katalon.core.main.ScriptEngine.run(ScriptEngine.java:194)
	at com.kms.katalon.core.main.ScriptEngine.runScriptAsRawText(ScriptEngine.java:119)
	at com.kms.katalon.core.main.TestCaseExecutor.runScript(TestCaseExecutor.java:448)
	at com.kms.katalon.core.main.TestCaseExecutor.doExecute(TestCaseExecutor.java:439)
	at com.kms.katalon.core.main.TestCaseExecutor.processExecutionPhase(TestCaseExecutor.java:418)
	at com.kms.katalon.core.main.TestCaseExecutor.accessMainPhase(TestCaseExecutor.java:410)
	at com.kms.katalon.core.main.TestCaseExecutor.execute(TestCaseExecutor.java:285)
	at com.kms.katalon.core.common.CommonExecutor.accessTestCaseMainPhase(CommonExecutor.java:65)
	at com.kms.katalon.core.main.TestSuiteExecutor.accessTestSuiteMainPhase(TestSuiteExecutor.java:148)
	at com.kms.katalon.core.main.TestSuiteExecutor.execute(TestSuiteExecutor.java:106)
	at com.kms.katalon.core.main.TestCaseMain.startTestSuite(TestCaseMain.java:187)
	at com.kms.katalon.core.main.TestCaseMain$startTestSuite$0.call(Unknown Source)
	at TempTestSuite1720824695139.run(TempTestSuite1720824695139.groovy:35)
)

2024-07-12 19:12:44 - [MESSAGE][INFO] - Unable to find the element located by 'By.xpath: //*[@href = '/admin/imtiaz/bootstrap/vadministrator/users/view.do?uid=1100' and (text() = '[CASEuser]' or . = '[CASEuser]')]'. Please recheck the objects properties to make sure the desired element is located. 

2024-07-12 19:12:45 - [MESSAGE][FAILED] - com.kms.katalon.core.webui.exception.WebElementNotFoundException: Web element with id: 'Object Repository/AdminSuiteBootstrap_Pages/UM_Bootstrap/a_CASEuser' located by '//*[@href = '/admin/imtiaz/bootstrap/vadministrator/users/view.do?uid=1100' and (text() = '[CASEuser]' or . = '[CASEuser]')]' not found (Root cause: com.kms.katalon.core.exception.StepFailedException: com.kms.katalon.core.webui.exception.WebElementNotFoundException: Web element with id: 'Object Repository/AdminSuiteBootstrap_Pages/UM_Bootstrap/a_CASEuser' located by '//*[@href = '/admin/imtiaz/bootstrap/vadministrator/users/view.do?uid=1100' and (text() = '[CASEuser]' or . = '[CASEuser]')]' not found
	at com.kms.katalon.core.webui.keyword.internal.WebUIKeywordMain.stepFailed(WebUIKeywordMain.groovy:64)
	at com.kms.katalon.core.webui.keyword.builtin.VerifyElementPresentKeyword$_verifyElementPresent_closure1.doCall(VerifyElementPresentKeyword.groovy:85)
	at com.kms.katalon.core.webui.keyword.builtin.VerifyElementPresentKeyword$_verifyElementPresent_closure1.call(VerifyElementPresentKeyword.groovy)
	at com.kms.katalon.core.webui.keyword.internal.WebUIKeywordMain.runKeyword(WebUIKeywordMain.groovy:20)
	at com.kms.katalon.core.webui.keyword.builtin.VerifyElementPresentKeyword.verifyElementPresent(VerifyElementPresentKeyword.groovy:92)
	at com.kms.katalon.core.webui.keyword.builtin.VerifyElementPresentKeyword.execute(VerifyElementPresentKeyword.groovy:68)
	at com.kms.katalon.core.keyword.internal.KeywordExecutor.executeKeywordForPlatform(KeywordExecutor.groovy:74)
	at com.kms.katalon.core.webui.keyword.WebUiBuiltInKeywords.verifyElementPresent(WebUiBuiltInKeywords.groovy:1464)
	at com.kms.katalon.core.webui.keyword.WebUiBuiltInKeywords$verifyElementPresent$1.call(Unknown Source)
	at VerifyUsersLinks_UI_TC.run(VerifyUsersLinks_UI_TC:46)
	at com.kms.katalon.core.main.ScriptEngine.run(ScriptEngine.java:194)
	at com.kms.katalon.core.main.ScriptEngine.runScriptAsRawText(ScriptEngine.java:119)
	at com.kms.katalon.core.main.TestCaseExecutor.runScript(TestCaseExecutor.java:448)
	at com.kms.katalon.core.main.TestCaseExecutor.doExecute(TestCaseExecutor.java:439)
	at com.kms.katalon.core.main.TestCaseExecutor.processExecutionPhase(TestCaseExecutor.java:418)
	at com.kms.katalon.core.main.TestCaseExecutor.accessMainPhase(TestCaseExecutor.java:410)
	at com.kms.katalon.core.main.TestCaseExecutor.execute(TestCaseExecutor.java:285)
	at com.kms.katalon.core.common.CommonExecutor.accessTestCaseMainPhase(CommonExecutor.java:65)
	at com.kms.katalon.core.main.TestSuiteExecutor.accessTestSuiteMainPhase(TestSuiteExecutor.java:148)
	at com.kms.katalon.core.main.TestSuiteExecutor.execute(TestSuiteExecutor.java:106)
	at com.kms.katalon.core.main.TestCaseMain.startTestSuite(TestCaseMain.java:187)
	at com.kms.katalon.core.main.TestCaseMain$startTestSuite$0.call(Unknown Source)
	at TempTestSuite1720824695139.run(TempTestSuite1720824695139.groovy:35)
)
[[ATTACHMENT|E:\\Cloned-Project-Katalon\\VPS-Katalon\\Reports\\20240712_185135\\QA\\UM-Bootstrap\\UM-TestSuite-QA\\20240712_185135\\1720825964916.png]]

2024-07-12 19:12:45 - [TEST_STEP][PASSED] - verifyElementVisible(findTestObject(path_UM + "li_First")): Object 'Object Repository/AdminSuiteBootstrap_Pages/UM_Bootstrap/li_First' is visible

2024-07-12 19:12:45 - [MESSAGE][PASSED] - Object 'Object Repository/AdminSuiteBootstrap_Pages/UM_Bootstrap/li_First' is visible

2024-07-12 19:12:45 - [TEST_STEP][PASSED] - verifyElementPresent(findTestObject(path_UM + "li_First"), 30): Object 'Object Repository/AdminSuiteBootstrap_Pages/UM_Bootstrap/li_First' is present

2024-07-12 19:12:45 - [MESSAGE][PASSED] - Object 'Object Repository/AdminSuiteBootstrap_Pages/UM_Bootstrap/li_First' is present

2024-07-12 19:12:45 - [TEST_STEP][PASSED] - verifyElementVisible(findTestObject(path_UM + "li_Prev")): Object 'Object Repository/AdminSuiteBootstrap_Pages/UM_Bootstrap/li_Prev' is visible

2024-07-12 19:12:46 - [MESSAGE][PASSED] - Object 'Object Repository/AdminSuiteBootstrap_Pages/UM_Bootstrap/li_Prev' is visible

2024-07-12 19:12:46 - [TEST_STEP][PASSED] - verifyElementPresent(findTestObject(path_UM + "li_Prev"), 30): Object 'Object Repository/AdminSuiteBootstrap_Pages/UM_Bootstrap/li_Prev' is present

2024-07-12 19:12:46 - [MESSAGE][PASSED] - Object 'Object Repository/AdminSuiteBootstrap_Pages/UM_Bootstrap/li_Prev' is present

2024-07-12 19:12:46 - [TEST_STEP][PASSED] - verifyElementVisible(findTestObject(path_UM + "a_1")): Object 'Object Repository/AdminSuiteBootstrap_Pages/UM_Bootstrap/a_1' is visible

2024-07-12 19:12:46 - [MESSAGE][PASSED] - Object 'Object Repository/AdminSuiteBootstrap_Pages/UM_Bootstrap/a_1' is visible

2024-07-12 19:12:46 - [TEST_STEP][PASSED] - verifyElementPresent(findTestObject(path_UM + "a_1"), 30): Object 'Object Repository/AdminSuiteBootstrap_Pages/UM_Bootstrap/a_1' is present

2024-07-12 19:12:47 - [MESSAGE][PASSED] - Object 'Object Repository/AdminSuiteBootstrap_Pages/UM_Bootstrap/a_1' is present

2024-07-12 19:12:47 - [TEST_STEP][PASSED] - verifyElementVisible(findTestObject(path_UM + "a_Next")): Object 'Object Repository/AdminSuiteBootstrap_Pages/UM_Bootstrap/a_Next' is visible

2024-07-12 19:12:47 - [MESSAGE][PASSED] - Object 'Object Repository/AdminSuiteBootstrap_Pages/UM_Bootstrap/a_Next' is visible

2024-07-12 19:12:47 - [TEST_STEP][PASSED] - verifyElementPresent(findTestObject(path_UM + "a_Next"), 30): Object 'Object Repository/AdminSuiteBootstrap_Pages/UM_Bootstrap/a_Next' is present

2024-07-12 19:12:47 - [MESSAGE][PASSED] - Object 'Object Repository/AdminSuiteBootstrap_Pages/UM_Bootstrap/a_Next' is present

2024-07-12 19:12:47 - [TEST_STEP][PASSED] - verifyElementVisible(findTestObject(path_UM + "a_Last")): Object 'Object Repository/AdminSuiteBootstrap_Pages/UM_Bootstrap/a_Last' is visible

2024-07-12 19:12:48 - [MESSAGE][PASSED] - Object 'Object Repository/AdminSuiteBootstrap_Pages/UM_Bootstrap/a_Last' is visible

2024-07-12 19:12:48 - [TEST_STEP][PASSED] - verifyElementPresent(findTestObject(path_UM + "a_Last"), 30): Object 'Object Repository/AdminSuiteBootstrap_Pages/UM_Bootstrap/a_Last' is present

2024-07-12 19:12:48 - [MESSAGE][PASSED] - Object 'Object Repository/AdminSuiteBootstrap_Pages/UM_Bootstrap/a_Last' is present]]></system-out>
         <system-err><![CDATA[2024-07-12 19:11:23 - [TEST_CASE][FAILED] - Test Cases/Admin Suite Bootstrap/UM_TestCases/Users/VerifyUsersLinks_UI_TC: Test Cases/Admin Suite Bootstrap/UM_TestCases/Users/VerifyUsersLinks_UI_TC FAILED.
Reason:
com.kms.katalon.core.exception.StepFailedException: com.kms.katalon.core.webui.exception.WebElementNotFoundException: Web element with id: 'Object Repository/AdminSuiteBootstrap_Pages/UM_Bootstrap/a_CASEuser' located by '//*[@href = '/admin/imtiaz/bootstrap/vadministrator/users/view.do?uid=1100' and (text() = '[CASEuser]' or . = '[CASEuser]')]' not found (Root cause: com.kms.katalon.core.exception.StepFailedException: com.kms.katalon.core.webui.exception.WebElementNotFoundException: Web element with id: 'Object Repository/AdminSuiteBootstrap_Pages/UM_Bootstrap/a_CASEuser' located by '//*[@href = '/admin/imtiaz/bootstrap/vadministrator/users/view.do?uid=1100' and (text() = '[CASEuser]' or . = '[CASEuser]')]' not found
	at com.kms.katalon.core.webui.keyword.internal.WebUIKeywordMain.stepFailed(WebUIKeywordMain.groovy:64)
	at com.kms.katalon.core.webui.keyword.builtin.VerifyElementPresentKeyword$_verifyElementPresent_closure1.doCall(VerifyElementPresentKeyword.groovy:85)
	at com.kms.katalon.core.webui.keyword.builtin.VerifyElementPresentKeyword$_verifyElementPresent_closure1.call(VerifyElementPresentKeyword.groovy)
	at com.kms.katalon.core.webui.keyword.internal.WebUIKeywordMain.runKeyword(WebUIKeywordMain.groovy:20)
	at com.kms.katalon.core.webui.keyword.builtin.VerifyElementPresentKeyword.verifyElementPresent(VerifyElementPresentKeyword.groovy:92)
	at com.kms.katalon.core.webui.keyword.builtin.VerifyElementPresentKeyword.execute(VerifyElementPresentKeyword.groovy:68)
	at com.kms.katalon.core.keyword.internal.KeywordExecutor.executeKeywordForPlatform(KeywordExecutor.groovy:74)
	at com.kms.katalon.core.webui.keyword.WebUiBuiltInKeywords.verifyElementPresent(WebUiBuiltInKeywords.groovy:1464)
	at com.kms.katalon.core.webui.keyword.WebUiBuiltInKeywords$verifyElementPresent$1.call(Unknown Source)
	at VerifyUsersLinks_UI_TC.run(VerifyUsersLinks_UI_TC:46)
	at com.kms.katalon.core.main.ScriptEngine.run(ScriptEngine.java:194)
	at com.kms.katalon.core.main.ScriptEngine.runScriptAsRawText(ScriptEngine.java:119)
	at com.kms.katalon.core.main.TestCaseExecutor.runScript(TestCaseExecutor.java:448)
	at com.kms.katalon.core.main.TestCaseExecutor.doExecute(TestCaseExecutor.java:439)
	at com.kms.katalon.core.main.TestCaseExecutor.processExecutionPhase(TestCaseExecutor.java:418)
	at com.kms.katalon.core.main.TestCaseExecutor.accessMainPhase(TestCaseExecutor.java:410)
	at com.kms.katalon.core.main.TestCaseExecutor.execute(TestCaseExecutor.java:285)
	at com.kms.katalon.core.common.CommonExecutor.accessTestCaseMainPhase(CommonExecutor.java:65)
	at com.kms.katalon.core.main.TestSuiteExecutor.accessTestSuiteMainPhase(TestSuiteExecutor.java:148)
	at com.kms.katalon.core.main.TestSuiteExecutor.execute(TestSuiteExecutor.java:106)
	at com.kms.katalon.core.main.TestCaseMain.startTestSuite(TestCaseMain.java:187)
	at com.kms.katalon.core.main.TestCaseMain$startTestSuite$0.call(Unknown Source)
	at TempTestSuite1720824695139.run(TempTestSuite1720824695139.groovy:35)
)
	at com.kms.katalon.core.keyword.internal.KeywordMain.stepFailed(KeywordMain.groovy:39)
	at com.kms.katalon.core.webui.keyword.internal.WebUIKeywordMain.stepFailed(WebUIKeywordMain.groovy:64)
	at com.kms.katalon.core.webui.keyword.builtin.VerifyElementPresentKeyword$_verifyElementPresent_closure1.doCall(VerifyElementPresentKeyword.groovy:85)
	at com.kms.katalon.core.webui.keyword.builtin.VerifyElementPresentKeyword$_verifyElementPresent_closure1.call(VerifyElementPresentKeyword.groovy)
	at com.kms.katalon.core.webui.keyword.internal.WebUIKeywordMain.runKeyword(WebUIKeywordMain.groovy:20)
	at com.kms.katalon.core.webui.keyword.builtin.VerifyElementPresentKeyword.verifyElementPresent(VerifyElementPresentKeyword.groovy:92)
	at com.kms.katalon.core.webui.keyword.builtin.VerifyElementPresentKeyword.execute(VerifyElementPresentKeyword.groovy:68)
	at com.kms.katalon.core.keyword.internal.KeywordExecutor.executeKeywordForPlatform(KeywordExecutor.groovy:74)
	at com.kms.katalon.core.webui.keyword.WebUiBuiltInKeywords.verifyElementPresent(WebUiBuiltInKeywords.groovy:1464)
	at com.kms.katalon.core.webui.keyword.WebUiBuiltInKeywords$verifyElementPresent$1.call(Unknown Source)
	at VerifyUsersLinks_UI_TC.run(VerifyUsersLinks_UI_TC:46)
	at com.kms.katalon.core.main.ScriptEngine.run(ScriptEngine.java:194)
	at com.kms.katalon.core.main.ScriptEngine.runScriptAsRawText(ScriptEngine.java:119)
	at com.kms.katalon.core.main.TestCaseExecutor.runScript(TestCaseExecutor.java:448)
	at com.kms.katalon.core.main.TestCaseExecutor.doExecute(TestCaseExecutor.java:439)
	at com.kms.katalon.core.main.TestCaseExecutor.processExecutionPhase(TestCaseExecutor.java:418)
	at com.kms.katalon.core.main.TestCaseExecutor.accessMainPhase(TestCaseExecutor.java:410)
	at com.kms.katalon.core.main.TestCaseExecutor.execute(TestCaseExecutor.java:285)
	at com.kms.katalon.core.common.CommonExecutor.accessTestCaseMainPhase(CommonExecutor.java:65)
	at com.kms.katalon.core.main.TestSuiteExecutor.accessTestSuiteMainPhase(TestSuiteExecutor.java:148)
	at com.kms.katalon.core.main.TestSuiteExecutor.execute(TestSuiteExecutor.java:106)
	at com.kms.katalon.core.main.TestCaseMain.startTestSuite(TestCaseMain.java:187)
	at com.kms.katalon.core.main.TestCaseMain$startTestSuite$0.call(Unknown Source)
	at TempTestSuite1720824695139.run(TempTestSuite1720824695139.groovy:35)
Caused by: com.kms.katalon.core.exception.StepFailedException: com.kms.katalon.core.webui.exception.WebElementNotFoundException: Web element with id: 'Object Repository/AdminSuiteBootstrap_Pages/UM_Bootstrap/a_CASEuser' located by '//*[@href = '/admin/imtiaz/bootstrap/vadministrator/users/view.do?uid=1100' and (text() = '[CASEuser]' or . = '[CASEuser]')]' not found
	... 23 more]]></system-err>
      </testcase>
      <testcase name="Test Cases/Admin Suite Bootstrap/UM_TestCases/Users/ModifyUserPassword" time="219.145" classname="Test Cases/Admin Suite Bootstrap/UM_TestCases/Users/ModifyUserPassword" status="FAILED">
         <failure type="FAILED" message="Test Cases/Admin Suite Bootstrap/UM_TestCases/Users/ModifyUserPassword FAILED.
Reason:
com.kms.katalon.core.exception.StepFailedException: Text 'User Account Modified The user account for' is not present on page  using regular expression (Root cause: com.kms.katalon.core.exception.StepFailedException: Text 'User Account Modified The user account for' is not present on page  using regular expression
	at com.kms.katalon.core.webui.keyword.internal.WebUIKeywordMain.stepFailed(WebUIKeywordMain.groovy:64)
	at com.kms.katalon.core.webui.keyword.builtin.VerifyTextPresentKeyword$_verifyTextPresent_closure1.doCall(VerifyTextPresentKeyword.groovy:79)
	at com.kms.katalon.core.webui.keyword.builtin.VerifyTextPresentKeyword$_verifyTextPresent_closure1.call(VerifyTextPresentKeyword.groovy)
	at com.kms.katalon.core.webui.keyword.internal.WebUIKeywordMain.runKeyword(WebUIKeywordMain.groovy:20)
	at com.kms.katalon.core.webui.keyword.builtin.VerifyTextPresentKeyword.verifyTextPresent(VerifyTextPresentKeyword.groovy:83)
	at com.kms.katalon.core.webui.keyword.builtin.VerifyTextPresentKeyword.execute(VerifyTextPresentKeyword.groovy:68)
	at com.kms.katalon.core.keyword.internal.KeywordExecutor.executeKeywordForPlatform(KeywordExecutor.groovy:74)
	at com.kms.katalon.core.webui.keyword.WebUiBuiltInKeywords.verifyTextPresent(WebUiBuiltInKeywords.groovy:1723)
	at com.kms.katalon.core.webui.keyword.WebUiBuiltInKeywords$verifyTextPresent$5.call(Unknown Source)
	at ModifyUserPassword.run(ModifyUserPassword:114)
	at com.kms.katalon.core.main.ScriptEngine.run(ScriptEngine.java:194)
	at com.kms.katalon.core.main.ScriptEngine.runScriptAsRawText(ScriptEngine.java:119)
	at com.kms.katalon.core.main.TestCaseExecutor.runScript(TestCaseExecutor.java:448)
	at com.kms.katalon.core.main.TestCaseExecutor.doExecute(TestCaseExecutor.java:439)
	at com.kms.katalon.core.main.TestCaseExecutor.processExecutionPhase(TestCaseExecutor.java:418)
	at com.kms.katalon.core.main.TestCaseExecutor.accessMainPhase(TestCaseExecutor.java:410)
	at com.kms.katalon.core.main.TestCaseExecutor.execute(TestCaseExecutor.java:285)
	at com.kms.katalon.core.common.CommonExecutor.accessTestCaseMainPhase(CommonExecutor.java:65)
	at com.kms.katalon.core.main.TestSuiteExecutor.accessTestSuiteMainPhase(TestSuiteExecutor.java:148)
	at com.kms.katalon.core.main.TestSuiteExecutor.execute(TestSuiteExecutor.java:106)
	at com.kms.katalon.core.main.TestCaseMain.startTestSuite(TestCaseMain.java:187)
	at com.kms.katalon.core.main.TestCaseMain$startTestSuite$0.call(Unknown Source)
	at TempTestSuite1720824695139.run(TempTestSuite1720824695139.groovy:35)
)
	at com.kms.katalon.core.keyword.internal.KeywordMain.stepFailed(KeywordMain.groovy:39)
	at com.kms.katalon.core.webui.keyword.internal.WebUIKeywordMain.stepFailed(WebUIKeywordMain.groovy:64)
	at com.kms.katalon.core.webui.keyword.builtin.VerifyTextPresentKeyword$_verifyTextPresent_closure1.doCall(VerifyTextPresentKeyword.groovy:79)
	at com.kms.katalon.core.webui.keyword.builtin.VerifyTextPresentKeyword$_verifyTextPresent_closure1.call(VerifyTextPresentKeyword.groovy)
	at com.kms.katalon.core.webui.keyword.internal.WebUIKeywordMain.runKeyword(WebUIKeywordMain.groovy:20)
	at com.kms.katalon.core.webui.keyword.builtin.VerifyTextPresentKeyword.verifyTextPresent(VerifyTextPresentKeyword.groovy:83)
	at com.kms.katalon.core.webui.keyword.builtin.VerifyTextPresentKeyword.execute(VerifyTextPresentKeyword.groovy:68)
	at com.kms.katalon.core.keyword.internal.KeywordExecutor.executeKeywordForPlatform(KeywordExecutor.groovy:74)
	at com.kms.katalon.core.webui.keyword.WebUiBuiltInKeywords.verifyTextPresent(WebUiBuiltInKeywords.groovy:1723)
	at com.kms.katalon.core.webui.keyword.WebUiBuiltInKeywords$verifyTextPresent$5.call(Unknown Source)
	at ModifyUserPassword.run(ModifyUserPassword:114)
	at com.kms.katalon.core.main.ScriptEngine.run(ScriptEngine.java:194)
	at com.kms.katalon.core.main.ScriptEngine.runScriptAsRawText(ScriptEngine.java:119)
	at com.kms.katalon.core.main.TestCaseExecutor.runScript(TestCaseExecutor.java:448)
	at com.kms.katalon.core.main.TestCaseExecutor.doExecute(TestCaseExecutor.java:439)
	at com.kms.katalon.core.main.TestCaseExecutor.processExecutionPhase(TestCaseExecutor.java:418)
	at com.kms.katalon.core.main.TestCaseExecutor.accessMainPhase(TestCaseExecutor.java:410)
	at com.kms.katalon.core.main.TestCaseExecutor.execute(TestCaseExecutor.java:285)
	at com.kms.katalon.core.common.CommonExecutor.accessTestCaseMainPhase(CommonExecutor.java:65)
	at com.kms.katalon.core.main.TestSuiteExecutor.accessTestSuiteMainPhase(TestSuiteExecutor.java:148)
	at com.kms.katalon.core.main.TestSuiteExecutor.execute(TestSuiteExecutor.java:106)
	at com.kms.katalon.core.main.TestCaseMain.startTestSuite(TestCaseMain.java:187)
	at com.kms.katalon.core.main.TestCaseMain$startTestSuite$0.call(Unknown Source)
	at TempTestSuite1720824695139.run(TempTestSuite1720824695139.groovy:35)
Caused by: com.kms.katalon.core.exception.StepFailedException: Text 'User Account Modified The user account for' is not present on page  using regular expression
	... 23 more
"/>
         <system-out><![CDATA[2024-07-12 19:12:48 - [TEST_CASE][FAILED] - Test Cases/Admin Suite Bootstrap/UM_TestCases/Users/ModifyUserPassword: Test Cases/Admin Suite Bootstrap/UM_TestCases/Users/ModifyUserPassword FAILED.
Reason:
com.kms.katalon.core.exception.StepFailedException: Text 'User Account Modified The user account for' is not present on page  using regular expression (Root cause: com.kms.katalon.core.exception.StepFailedException: Text 'User Account Modified The user account for' is not present on page  using regular expression
	at com.kms.katalon.core.webui.keyword.internal.WebUIKeywordMain.stepFailed(WebUIKeywordMain.groovy:64)
	at com.kms.katalon.core.webui.keyword.builtin.VerifyTextPresentKeyword$_verifyTextPresent_closure1.doCall(VerifyTextPresentKeyword.groovy:79)
	at com.kms.katalon.core.webui.keyword.builtin.VerifyTextPresentKeyword$_verifyTextPresent_closure1.call(VerifyTextPresentKeyword.groovy)
	at com.kms.katalon.core.webui.keyword.internal.WebUIKeywordMain.runKeyword(WebUIKeywordMain.groovy:20)
	at com.kms.katalon.core.webui.keyword.builtin.VerifyTextPresentKeyword.verifyTextPresent(VerifyTextPresentKeyword.groovy:83)
	at com.kms.katalon.core.webui.keyword.builtin.VerifyTextPresentKeyword.execute(VerifyTextPresentKeyword.groovy:68)
	at com.kms.katalon.core.keyword.internal.KeywordExecutor.executeKeywordForPlatform(KeywordExecutor.groovy:74)
	at com.kms.katalon.core.webui.keyword.WebUiBuiltInKeywords.verifyTextPresent(WebUiBuiltInKeywords.groovy:1723)
	at com.kms.katalon.core.webui.keyword.WebUiBuiltInKeywords$verifyTextPresent$5.call(Unknown Source)
	at ModifyUserPassword.run(ModifyUserPassword:114)
	at com.kms.katalon.core.main.ScriptEngine.run(ScriptEngine.java:194)
	at com.kms.katalon.core.main.ScriptEngine.runScriptAsRawText(ScriptEngine.java:119)
	at com.kms.katalon.core.main.TestCaseExecutor.runScript(TestCaseExecutor.java:448)
	at com.kms.katalon.core.main.TestCaseExecutor.doExecute(TestCaseExecutor.java:439)
	at com.kms.katalon.core.main.TestCaseExecutor.processExecutionPhase(TestCaseExecutor.java:418)
	at com.kms.katalon.core.main.TestCaseExecutor.accessMainPhase(TestCaseExecutor.java:410)
	at com.kms.katalon.core.main.TestCaseExecutor.execute(TestCaseExecutor.java:285)
	at com.kms.katalon.core.common.CommonExecutor.accessTestCaseMainPhase(CommonExecutor.java:65)
	at com.kms.katalon.core.main.TestSuiteExecutor.accessTestSuiteMainPhase(TestSuiteExecutor.java:148)
	at com.kms.katalon.core.main.TestSuiteExecutor.execute(TestSuiteExecutor.java:106)
	at com.kms.katalon.core.main.TestCaseMain.startTestSuite(TestCaseMain.java:187)
	at com.kms.katalon.core.main.TestCaseMain$startTestSuite$0.call(Unknown Source)
	at TempTestSuite1720824695139.run(TempTestSuite1720824695139.groovy:35)
)
	at com.kms.katalon.core.keyword.internal.KeywordMain.stepFailed(KeywordMain.groovy:39)
	at com.kms.katalon.core.webui.keyword.internal.WebUIKeywordMain.stepFailed(WebUIKeywordMain.groovy:64)
	at com.kms.katalon.core.webui.keyword.builtin.VerifyTextPresentKeyword$_verifyTextPresent_closure1.doCall(VerifyTextPresentKeyword.groovy:79)
	at com.kms.katalon.core.webui.keyword.builtin.VerifyTextPresentKeyword$_verifyTextPresent_closure1.call(VerifyTextPresentKeyword.groovy)
	at com.kms.katalon.core.webui.keyword.internal.WebUIKeywordMain.runKeyword(WebUIKeywordMain.groovy:20)
	at com.kms.katalon.core.webui.keyword.builtin.VerifyTextPresentKeyword.verifyTextPresent(VerifyTextPresentKeyword.groovy:83)
	at com.kms.katalon.core.webui.keyword.builtin.VerifyTextPresentKeyword.execute(VerifyTextPresentKeyword.groovy:68)
	at com.kms.katalon.core.keyword.internal.KeywordExecutor.executeKeywordForPlatform(KeywordExecutor.groovy:74)
	at com.kms.katalon.core.webui.keyword.WebUiBuiltInKeywords.verifyTextPresent(WebUiBuiltInKeywords.groovy:1723)
	at com.kms.katalon.core.webui.keyword.WebUiBuiltInKeywords$verifyTextPresent$5.call(Unknown Source)
	at ModifyUserPassword.run(ModifyUserPassword:114)
	at com.kms.katalon.core.main.ScriptEngine.run(ScriptEngine.java:194)
	at com.kms.katalon.core.main.ScriptEngine.runScriptAsRawText(ScriptEngine.java:119)
	at com.kms.katalon.core.main.TestCaseExecutor.runScript(TestCaseExecutor.java:448)
	at com.kms.katalon.core.main.TestCaseExecutor.doExecute(TestCaseExecutor.java:439)
	at com.kms.katalon.core.main.TestCaseExecutor.processExecutionPhase(TestCaseExecutor.java:418)
	at com.kms.katalon.core.main.TestCaseExecutor.accessMainPhase(TestCaseExecutor.java:410)
	at com.kms.katalon.core.main.TestCaseExecutor.execute(TestCaseExecutor.java:285)
	at com.kms.katalon.core.common.CommonExecutor.accessTestCaseMainPhase(CommonExecutor.java:65)
	at com.kms.katalon.core.main.TestSuiteExecutor.accessTestSuiteMainPhase(TestSuiteExecutor.java:148)
	at com.kms.katalon.core.main.TestSuiteExecutor.execute(TestSuiteExecutor.java:106)
	at com.kms.katalon.core.main.TestCaseMain.startTestSuite(TestCaseMain.java:187)
	at com.kms.katalon.core.main.TestCaseMain$startTestSuite$0.call(Unknown Source)
	at TempTestSuite1720824695139.run(TempTestSuite1720824695139.groovy:35)
Caused by: com.kms.katalon.core.exception.StepFailedException: Text 'User Account Modified The user account for' is not present on page  using regular expression
	... 23 more


2024-07-12 19:12:49 - [TEST_STEP][PASSED] - path_Dashboard = "Object Repository/AdminSuiteBootstrap_Pages/Dashboard_Bootstrap/": null

2024-07-12 19:12:49 - [TEST_STEP][PASSED] - path_Users = "Object Repository/AdminSuiteBootstrap_Pages/UM_Bootstrap/Users/": null

2024-07-12 19:12:49 - [TEST_STEP][PASSED] - path_UserView = "Object Repository/AdminSuiteBootstrap_Pages/UM_Bootstrap/UserView/": null

2024-07-12 19:12:49 - [TEST_STEP][PASSED] - path_ModifyUser = "Object Repository/AdminSuiteBootstrap_Pages/UM_Bootstrap/ModifyUser/": null

2024-07-12 19:12:49 - [TEST_STEP][PASSED] - executionProfile = getExecutionProfile(): null

2024-07-12 19:12:49 - [TEST_STEP][PASSED] - out.println("executionProfile : " + executionProfile): null

2024-07-12 19:12:49 - [TEST_STEP][PASSED] - appName = <not implemented yet for class: org.codehaus.groovy.ast.expr.EmptyExpression>: null

2024-07-12 19:12:49 - [TEST_STEP][PASSED] - appID = <not implemented yet for class: org.codehaus.groovy.ast.expr.EmptyExpression>: null

2024-07-12 19:12:49 - [TEST_STEP][PASSED] - cardNameV = <not implemented yet for class: org.codehaus.groovy.ast.expr.EmptyExpression>: null

2024-07-12 19:12:49 - [TEST_STEP][PASSED] - al1V = <not implemented yet for class: org.codehaus.groovy.ast.expr.EmptyExpression>: null

2024-07-12 19:12:49 - [TEST_STEP][PASSED] - al2V = <not implemented yet for class: org.codehaus.groovy.ast.expr.EmptyExpression>: null

2024-07-12 19:12:49 - [TEST_STEP][PASSED] - zipV = <not implemented yet for class: org.codehaus.groovy.ast.expr.EmptyExpression>: null

2024-07-12 19:12:49 - [TEST_STEP][PASSED] - cardTypeV = <not implemented yet for class: org.codehaus.groovy.ast.expr.EmptyExpression>: null

2024-07-12 19:12:49 - [TEST_STEP][PASSED] - resText = "Fail": null

2024-07-12 19:12:49 - [TEST_STEP][PASSED] - resColumn = "Result": null

2024-07-12 19:12:49 - [TEST_STEP][PASSED] - datCloumn = "Date": null

2024-07-12 19:12:49 - [TEST_STEP][PASSED] - fileLoc = "KatalonData/Bootstrap/UM-Data.xlsx": null

2024-07-12 19:12:49 - [TEST_STEP][PASSED] - numOfRows = <not implemented yet for class: org.codehaus.groovy.ast.expr.EmptyExpression>: null

2024-07-12 19:12:49 - [TEST_STEP][PASSED] - dataFile = <not implemented yet for class: org.codehaus.groovy.ast.expr.EmptyExpression>: null

2024-07-12 19:12:49 - [TEST_STEP][PASSED] - nameSheet = <not implemented yet for class: org.codehaus.groovy.ast.expr.EmptyExpression>: null

2024-07-12 19:12:49 - [TEST_STEP][PASSED] - dataFileEmulator = <not implemented yet for class: org.codehaus.groovy.ast.expr.EmptyExpression>: null

2024-07-12 19:12:49 - [TEST_STEP][PASSED] - nameSheet = "ModifyUserPwd": null

2024-07-12 19:12:49 - [TEST_STEP][PASSED] - dataFile = "QA/Bootstrap/UM-TestData/ModifyUserPwd": null

2024-07-12 19:12:49 - [TEST_STEP][PASSED] - numOfRows = findTestData("QA/Bootstrap/UM-TestData/ModifyUserPwd").getRowNumbers(): null

2024-07-12 19:12:49 - [TEST_STEP][PASSED] - println("Number of Records: " + numOfRows): null

2024-07-12 19:12:49 - [TEST_STEP][PASSED] - for ([row = 1, row <= numOfRows, (row++)]): Browser is closed

2024-07-12 19:12:49 - [TEST_STEP][PASSED] - ExecuteTC = findTestData(dataFile).getValue("Execute", row): null

2024-07-12 19:12:49 - [TEST_STEP][PASSED] - out.println("Value of Execute is : " + ExecuteTC): null

2024-07-12 19:12:49 - [TEST_STEP][PASSED] - if (ExecuteTC.equalsIgnoreCase("Y")): Browser is closed

2024-07-12 19:12:49 - [TEST_STEP][PASSED] - out.println("Begin Record Number: " + row): null

2024-07-12 19:12:49 - [TEST_STEP][PASSED] - today = new java.util.Date(): null

2024-07-12 19:12:49 - [TEST_STEP][PASSED] - println(today): null

2024-07-12 19:12:49 - [TEST_STEP][PASSED] - datText = today: null

2024-07-12 19:12:49 - [TEST_STEP][PASSED] - adminSuiteBootstrap.loginFunctionality.login_AdminSuite(): adminSuiteBootstrap.loginFunctionality.login_AdminSuite is PASSED

2024-07-12 19:12:49 - [MESSAGE][WARNING] - A browser is already opened. Closing browser and opening a new one

2024-07-12 19:12:50 - [MESSAGE][INFO] - Starting 'Chrome' driver

2024-07-12 19:12:50 - [MESSAGE][INFO] - User set preference: ['acceptInsecureCerts', 'true']

2024-07-12 19:12:50 - [MESSAGE][INFO] - Action delay is set to 0 milliseconds

2024-07-12 19:12:53 - [MESSAGE][PASSED] - Browser is opened with url: 'https://qa2.velocitypayment.com/admin/imtiaz'

2024-07-12 19:12:53 - [MESSAGE][PASSED] - Current window maximized

2024-07-12 19:12:54 - [MESSAGE][PASSED] - Object 'Object Repository/Login_Page/Login_Username_Okta' is present

2024-07-12 19:12:54 - [MESSAGE][PASSED] - Text 'iahmed' is set on object 'Object Repository/Login_Page/Login_Username_Okta'

2024-07-12 19:12:55 - [MESSAGE][PASSED] - Text 'Hello!6666666' is set on object 'Object Repository/Login_Page/Login_Password_Okta'

2024-07-12 19:12:56 - [MESSAGE][PASSED] - Object: 'Object Repository/Login_Page/Login_Submit_Okta' is clicked on

2024-07-12 19:12:56 - [MESSAGE][PASSED] - adminSuiteBootstrap.loginFunctionality.login_AdminSuite is PASSED

2024-07-12 19:12:56 - [TEST_STEP][PASSED] - click(findTestObject(path_Dashboard + "a_Access User Management")): Object: 'Object Repository/AdminSuiteBootstrap_Pages/Dashboard_Bootstrap/a_Access User Management' is clicked on

2024-07-12 19:13:06 - [MESSAGE][PASSED] - Object: 'Object Repository/AdminSuiteBootstrap_Pages/Dashboard_Bootstrap/a_Access User Management' is clicked on

2024-07-12 19:13:06 - [TEST_STEP][PASSED] - click(findTestObject(path_Users + "a_Find User")): Object: 'Object Repository/AdminSuiteBootstrap_Pages/UM_Bootstrap/Users/a_Find User' is clicked on

2024-07-12 19:13:07 - [MESSAGE][PASSED] - Object: 'Object Repository/AdminSuiteBootstrap_Pages/UM_Bootstrap/Users/a_Find User' is clicked on

2024-07-12 19:13:07 - [TEST_STEP][PASSED] - adminSuiteBootstrap.findUser.findUser_DD(row, dataFile): adminSuiteBootstrap.findUser.findUser_DD is PASSED

2024-07-12 19:13:08 - [MESSAGE][PASSED] - Text 'ToBeModUser' is set on object 'Object Repository/AdminSuiteBootstrap_Pages/UM_Bootstrap/FindUser/input_Username'

2024-07-12 19:13:09 - [MESSAGE][PASSED] - Text '' is set on object 'Object Repository/AdminSuiteBootstrap_Pages/UM_Bootstrap/FindUser/input_FirstName'

2024-07-12 19:13:10 - [MESSAGE][PASSED] - Text '' is set on object 'Object Repository/AdminSuiteBootstrap_Pages/UM_Bootstrap/FindUser/input_LastName'

2024-07-12 19:13:10 - [MESSAGE][PASSED] - All options with label 'Exact Match' are selected in object 'Object Repository/AdminSuiteBootstrap_Pages/UM_Bootstrap/FindUser/select_SearchType' 

2024-07-12 19:13:14 - [MESSAGE][PASSED] - Object: 'Object Repository/AdminSuiteBootstrap_Pages/UM_Bootstrap/FindUser/button_Search' is clicked on

2024-07-12 19:13:14 - [MESSAGE][PASSED] - adminSuiteBootstrap.findUser.findUser_DD is PASSED

2024-07-12 19:13:14 - [TEST_STEP][PASSED] - if (verifyElementPresent(findTestObject(path_UserView + "button_Modify"), 30)): null

2024-07-12 19:13:14 - [MESSAGE][PASSED] - Object 'Object Repository/AdminSuiteBootstrap_Pages/UM_Bootstrap/UserView/button_Modify' is present

2024-07-12 19:13:14 - [TEST_STEP][PASSED] - verifyTextPresent("ToBeModUser", true): Text 'ToBeModUser' is present on page  using regular expression

2024-07-12 19:13:15 - [MESSAGE][PASSED] - Text 'ToBeModUser' is present on page  using regular expression

2024-07-12 19:13:15 - [TEST_STEP][PASSED] - click(findTestObject(path_ModifyUser + "button_Modify_UserView")): Object: 'Object Repository/AdminSuiteBootstrap_Pages/UM_Bootstrap/ModifyUser/button_Modify_UserView' is clicked on

2024-07-12 19:13:16 - [MESSAGE][PASSED] - Object: 'Object Repository/AdminSuiteBootstrap_Pages/UM_Bootstrap/ModifyUser/button_Modify_UserView' is clicked on

2024-07-12 19:13:16 - [TEST_STEP][PASSED] - check(findTestObject(path_ModifyUser + "input_Yes_changePassword")): Object 'Object Repository/AdminSuiteBootstrap_Pages/UM_Bootstrap/ModifyUser/input_Yes_changePassword' is checked

2024-07-12 19:13:17 - [MESSAGE][PASSED] - Object 'Object Repository/AdminSuiteBootstrap_Pages/UM_Bootstrap/ModifyUser/input_Yes_changePassword' is checked

2024-07-12 19:13:17 - [TEST_STEP][PASSED] - PasswordSpChar = findTestData(dataFile).getValue("PasswordSpChar", row): null

2024-07-12 19:13:17 - [TEST_STEP][PASSED] - PasswordLength = findTestData(dataFile).getValue("PasswordLength", row): null

2024-07-12 19:13:17 - [TEST_STEP][PASSED] - lenPassword = Integer.parseInt(PasswordLength): null

2024-07-12 19:13:17 - [TEST_STEP][PASSED] - buildPassword = pages.GenerateRandom.getRandomAlphaNumCustomLength(lenPassword): pages.GenerateRandom.getRandomAlphaNumCustomLength is PASSED

2024-07-12 19:13:17 - [MESSAGE][PASSED] - pages.GenerateRandom.getRandomAlphaNumCustomLength is PASSED

2024-07-12 19:13:17 - [TEST_STEP][PASSED] - FinalPassword = buildPassword + PasswordSpChar: null

2024-07-12 19:13:17 - [TEST_STEP][PASSED] - println("Final Password is : " + FinalPassword): null

2024-07-12 19:13:17 - [TEST_STEP][PASSED] - setText(findTestObject(path_ModifyUser + "input_New Password"), FinalPassword): Text 'U0XP5IxhS!Aa1' is set on object 'Object Repository/AdminSuiteBootstrap_Pages/UM_Bootstrap/ModifyUser/input_New Password'

2024-07-12 19:13:18 - [MESSAGE][PASSED] - Text 'U0XP5IxhS!Aa1' is set on object 'Object Repository/AdminSuiteBootstrap_Pages/UM_Bootstrap/ModifyUser/input_New Password'

2024-07-12 19:13:18 - [TEST_STEP][PASSED] - setText(findTestObject(path_ModifyUser + "input_Confirm Password"), FinalPassword): Text 'U0XP5IxhS!Aa1' is set on object 'Object Repository/AdminSuiteBootstrap_Pages/UM_Bootstrap/ModifyUser/input_Confirm Password'

2024-07-12 19:13:18 - [MESSAGE][PASSED] - Text 'U0XP5IxhS!Aa1' is set on object 'Object Repository/AdminSuiteBootstrap_Pages/UM_Bootstrap/ModifyUser/input_Confirm Password'

2024-07-12 19:13:18 - [TEST_STEP][PASSED] - click(findTestObject(path_ModifyUser + "button_Update")): Object: 'Object Repository/AdminSuiteBootstrap_Pages/UM_Bootstrap/ModifyUser/button_Update' is clicked on

2024-07-12 19:13:19 - [MESSAGE][PASSED] - Object: 'Object Repository/AdminSuiteBootstrap_Pages/UM_Bootstrap/ModifyUser/button_Update' is clicked on

2024-07-12 19:13:19 - [TEST_STEP][FAILED] - if (verifyTextPresent("User Account Modified The user account for", true)): Text 'User Account Modified The user account for' is not present on page  using regular expression (Root cause: com.kms.katalon.core.exception.StepFailedException: Text 'User Account Modified The user account for' is not present on page  using regular expression
	at com.kms.katalon.core.webui.keyword.internal.WebUIKeywordMain.stepFailed(WebUIKeywordMain.groovy:64)
	at com.kms.katalon.core.webui.keyword.builtin.VerifyTextPresentKeyword$_verifyTextPresent_closure1.doCall(VerifyTextPresentKeyword.groovy:79)
	at com.kms.katalon.core.webui.keyword.builtin.VerifyTextPresentKeyword$_verifyTextPresent_closure1.call(VerifyTextPresentKeyword.groovy)
	at com.kms.katalon.core.webui.keyword.internal.WebUIKeywordMain.runKeyword(WebUIKeywordMain.groovy:20)
	at com.kms.katalon.core.webui.keyword.builtin.VerifyTextPresentKeyword.verifyTextPresent(VerifyTextPresentKeyword.groovy:83)
	at com.kms.katalon.core.webui.keyword.builtin.VerifyTextPresentKeyword.execute(VerifyTextPresentKeyword.groovy:68)
	at com.kms.katalon.core.keyword.internal.KeywordExecutor.executeKeywordForPlatform(KeywordExecutor.groovy:74)
	at com.kms.katalon.core.webui.keyword.WebUiBuiltInKeywords.verifyTextPresent(WebUiBuiltInKeywords.groovy:1723)
	at com.kms.katalon.core.webui.keyword.WebUiBuiltInKeywords$verifyTextPresent$5.call(Unknown Source)
	at ModifyUserPassword.run(ModifyUserPassword:114)
	at com.kms.katalon.core.main.ScriptEngine.run(ScriptEngine.java:194)
	at com.kms.katalon.core.main.ScriptEngine.runScriptAsRawText(ScriptEngine.java:119)
	at com.kms.katalon.core.main.TestCaseExecutor.runScript(TestCaseExecutor.java:448)
	at com.kms.katalon.core.main.TestCaseExecutor.doExecute(TestCaseExecutor.java:439)
	at com.kms.katalon.core.main.TestCaseExecutor.processExecutionPhase(TestCaseExecutor.java:418)
	at com.kms.katalon.core.main.TestCaseExecutor.accessMainPhase(TestCaseExecutor.java:410)
	at com.kms.katalon.core.main.TestCaseExecutor.execute(TestCaseExecutor.java:285)
	at com.kms.katalon.core.common.CommonExecutor.accessTestCaseMainPhase(CommonExecutor.java:65)
	at com.kms.katalon.core.main.TestSuiteExecutor.accessTestSuiteMainPhase(TestSuiteExecutor.java:148)
	at com.kms.katalon.core.main.TestSuiteExecutor.execute(TestSuiteExecutor.java:106)
	at com.kms.katalon.core.main.TestCaseMain.startTestSuite(TestCaseMain.java:187)
	at com.kms.katalon.core.main.TestCaseMain$startTestSuite$0.call(Unknown Source)
	at TempTestSuite1720824695139.run(TempTestSuite1720824695139.groovy:35)
)

2024-07-12 19:13:20 - [MESSAGE][FAILED] - Text 'User Account Modified The user account for' is not present on page  using regular expression (Root cause: com.kms.katalon.core.exception.StepFailedException: Text 'User Account Modified The user account for' is not present on page  using regular expression
	at com.kms.katalon.core.webui.keyword.internal.WebUIKeywordMain.stepFailed(WebUIKeywordMain.groovy:64)
	at com.kms.katalon.core.webui.keyword.builtin.VerifyTextPresentKeyword$_verifyTextPresent_closure1.doCall(VerifyTextPresentKeyword.groovy:79)
	at com.kms.katalon.core.webui.keyword.builtin.VerifyTextPresentKeyword$_verifyTextPresent_closure1.call(VerifyTextPresentKeyword.groovy)
	at com.kms.katalon.core.webui.keyword.internal.WebUIKeywordMain.runKeyword(WebUIKeywordMain.groovy:20)
	at com.kms.katalon.core.webui.keyword.builtin.VerifyTextPresentKeyword.verifyTextPresent(VerifyTextPresentKeyword.groovy:83)
	at com.kms.katalon.core.webui.keyword.builtin.VerifyTextPresentKeyword.execute(VerifyTextPresentKeyword.groovy:68)
	at com.kms.katalon.core.keyword.internal.KeywordExecutor.executeKeywordForPlatform(KeywordExecutor.groovy:74)
	at com.kms.katalon.core.webui.keyword.WebUiBuiltInKeywords.verifyTextPresent(WebUiBuiltInKeywords.groovy:1723)
	at com.kms.katalon.core.webui.keyword.WebUiBuiltInKeywords$verifyTextPresent$5.call(Unknown Source)
	at ModifyUserPassword.run(ModifyUserPassword:114)
	at com.kms.katalon.core.main.ScriptEngine.run(ScriptEngine.java:194)
	at com.kms.katalon.core.main.ScriptEngine.runScriptAsRawText(ScriptEngine.java:119)
	at com.kms.katalon.core.main.TestCaseExecutor.runScript(TestCaseExecutor.java:448)
	at com.kms.katalon.core.main.TestCaseExecutor.doExecute(TestCaseExecutor.java:439)
	at com.kms.katalon.core.main.TestCaseExecutor.processExecutionPhase(TestCaseExecutor.java:418)
	at com.kms.katalon.core.main.TestCaseExecutor.accessMainPhase(TestCaseExecutor.java:410)
	at com.kms.katalon.core.main.TestCaseExecutor.execute(TestCaseExecutor.java:285)
	at com.kms.katalon.core.common.CommonExecutor.accessTestCaseMainPhase(CommonExecutor.java:65)
	at com.kms.katalon.core.main.TestSuiteExecutor.accessTestSuiteMainPhase(TestSuiteExecutor.java:148)
	at com.kms.katalon.core.main.TestSuiteExecutor.execute(TestSuiteExecutor.java:106)
	at com.kms.katalon.core.main.TestCaseMain.startTestSuite(TestCaseMain.java:187)
	at com.kms.katalon.core.main.TestCaseMain$startTestSuite$0.call(Unknown Source)
	at TempTestSuite1720824695139.run(TempTestSuite1720824695139.groovy:35)
)

2024-07-12 19:13:20 - [TEST_STEP][PASSED] - else: pages.WriteExcel.demoKey is PASSED

2024-07-12 19:13:20 - [TEST_STEP][PASSED] - markPassed("User Password was NOT Modified"): User Password was NOT Modified

2024-07-12 19:13:20 - [MESSAGE][PASSED] - User Password was NOT Modified

2024-07-12 19:13:20 - [TEST_STEP][PASSED] - resText = "Fail": null

2024-07-12 19:13:20 - [TEST_STEP][PASSED] - pages.WriteExcel.demoKey(resText, datText, resColumn, datCloumn, fileLoc, nameSheet, row): pages.WriteExcel.demoKey is PASSED

2024-07-12 19:13:20 - [MESSAGE][PASSED] - pages.WriteExcel.demoKey is PASSED

2024-07-12 19:13:20 - [TEST_STEP][PASSED] - closeBrowser(): Browser is closed

2024-07-12 19:13:21 - [MESSAGE][PASSED] - Browser is closed

2024-07-12 19:13:21 - [TEST_STEP][PASSED] - ExecuteTC = findTestData(dataFile).getValue("Execute", row): null

2024-07-12 19:13:21 - [TEST_STEP][PASSED] - out.println("Value of Execute is : " + ExecuteTC): null

2024-07-12 19:13:21 - [TEST_STEP][PASSED] - if (ExecuteTC.equalsIgnoreCase("Y")): Browser is closed

2024-07-12 19:13:21 - [TEST_STEP][PASSED] - out.println("Begin Record Number: " + row): null

2024-07-12 19:13:21 - [TEST_STEP][PASSED] - today = new java.util.Date(): null

2024-07-12 19:13:21 - [TEST_STEP][PASSED] - println(today): null

2024-07-12 19:13:21 - [TEST_STEP][PASSED] - datText = today: null

2024-07-12 19:13:21 - [TEST_STEP][PASSED] - adminSuiteBootstrap.loginFunctionality.login_AdminSuite(): adminSuiteBootstrap.loginFunctionality.login_AdminSuite is PASSED

2024-07-12 19:13:21 - [MESSAGE][INFO] - Starting 'Chrome' driver

2024-07-12 19:13:21 - [MESSAGE][INFO] - User set preference: ['acceptInsecureCerts', 'true']

2024-07-12 19:13:21 - [MESSAGE][INFO] - Action delay is set to 0 milliseconds

2024-07-12 19:13:23 - [MESSAGE][PASSED] - Browser is opened with url: 'https://qa2.velocitypayment.com/admin/imtiaz'

2024-07-12 19:13:24 - [MESSAGE][PASSED] - Current window maximized

2024-07-12 19:13:25 - [MESSAGE][PASSED] - Object 'Object Repository/Login_Page/Login_Username_Okta' is present

2024-07-12 19:13:26 - [MESSAGE][PASSED] - Text 'iahmed' is set on object 'Object Repository/Login_Page/Login_Username_Okta'

2024-07-12 19:13:27 - [MESSAGE][PASSED] - Text 'Hello!6666666' is set on object 'Object Repository/Login_Page/Login_Password_Okta'

2024-07-12 19:13:27 - [MESSAGE][PASSED] - Object: 'Object Repository/Login_Page/Login_Submit_Okta' is clicked on

2024-07-12 19:13:27 - [MESSAGE][PASSED] - adminSuiteBootstrap.loginFunctionality.login_AdminSuite is PASSED

2024-07-12 19:13:27 - [TEST_STEP][PASSED] - click(findTestObject(path_Dashboard + "a_Access User Management")): Object: 'Object Repository/AdminSuiteBootstrap_Pages/Dashboard_Bootstrap/a_Access User Management' is clicked on

2024-07-12 19:13:36 - [MESSAGE][PASSED] - Object: 'Object Repository/AdminSuiteBootstrap_Pages/Dashboard_Bootstrap/a_Access User Management' is clicked on

2024-07-12 19:13:36 - [TEST_STEP][PASSED] - click(findTestObject(path_Users + "a_Find User")): Object: 'Object Repository/AdminSuiteBootstrap_Pages/UM_Bootstrap/Users/a_Find User' is clicked on

2024-07-12 19:13:36 - [MESSAGE][PASSED] - Object: 'Object Repository/AdminSuiteBootstrap_Pages/UM_Bootstrap/Users/a_Find User' is clicked on

2024-07-12 19:13:36 - [TEST_STEP][PASSED] - adminSuiteBootstrap.findUser.findUser_DD(row, dataFile): adminSuiteBootstrap.findUser.findUser_DD is PASSED

2024-07-12 19:13:37 - [MESSAGE][PASSED] - Text 'ToBeModUser' is set on object 'Object Repository/AdminSuiteBootstrap_Pages/UM_Bootstrap/FindUser/input_Username'

2024-07-12 19:13:38 - [MESSAGE][PASSED] - Text '' is set on object 'Object Repository/AdminSuiteBootstrap_Pages/UM_Bootstrap/FindUser/input_FirstName'

2024-07-12 19:13:39 - [MESSAGE][PASSED] - Text '' is set on object 'Object Repository/AdminSuiteBootstrap_Pages/UM_Bootstrap/FindUser/input_LastName'

2024-07-12 19:13:39 - [MESSAGE][PASSED] - All options with label 'Exact Match' are selected in object 'Object Repository/AdminSuiteBootstrap_Pages/UM_Bootstrap/FindUser/select_SearchType' 

2024-07-12 19:13:42 - [MESSAGE][PASSED] - Object: 'Object Repository/AdminSuiteBootstrap_Pages/UM_Bootstrap/FindUser/button_Search' is clicked on

2024-07-12 19:13:42 - [MESSAGE][PASSED] - adminSuiteBootstrap.findUser.findUser_DD is PASSED

2024-07-12 19:13:42 - [TEST_STEP][PASSED] - if (verifyElementPresent(findTestObject(path_UserView + "button_Modify"), 30)): null

2024-07-12 19:13:43 - [MESSAGE][PASSED] - Object 'Object Repository/AdminSuiteBootstrap_Pages/UM_Bootstrap/UserView/button_Modify' is present

2024-07-12 19:13:43 - [TEST_STEP][PASSED] - verifyTextPresent("ToBeModUser", true): Text 'ToBeModUser' is present on page  using regular expression

2024-07-12 19:13:43 - [MESSAGE][PASSED] - Text 'ToBeModUser' is present on page  using regular expression

2024-07-12 19:13:43 - [TEST_STEP][PASSED] - click(findTestObject(path_ModifyUser + "button_Modify_UserView")): Object: 'Object Repository/AdminSuiteBootstrap_Pages/UM_Bootstrap/ModifyUser/button_Modify_UserView' is clicked on

2024-07-12 19:13:44 - [MESSAGE][PASSED] - Object: 'Object Repository/AdminSuiteBootstrap_Pages/UM_Bootstrap/ModifyUser/button_Modify_UserView' is clicked on

2024-07-12 19:13:44 - [TEST_STEP][PASSED] - check(findTestObject(path_ModifyUser + "input_Yes_changePassword")): Object 'Object Repository/AdminSuiteBootstrap_Pages/UM_Bootstrap/ModifyUser/input_Yes_changePassword' is checked

2024-07-12 19:13:45 - [MESSAGE][PASSED] - Object 'Object Repository/AdminSuiteBootstrap_Pages/UM_Bootstrap/ModifyUser/input_Yes_changePassword' is checked

2024-07-12 19:13:45 - [TEST_STEP][PASSED] - PasswordSpChar = findTestData(dataFile).getValue("PasswordSpChar", row): null

2024-07-12 19:13:45 - [TEST_STEP][PASSED] - PasswordLength = findTestData(dataFile).getValue("PasswordLength", row): null

2024-07-12 19:13:45 - [TEST_STEP][PASSED] - lenPassword = Integer.parseInt(PasswordLength): null

2024-07-12 19:13:45 - [TEST_STEP][PASSED] - buildPassword = pages.GenerateRandom.getRandomAlphaNumCustomLength(lenPassword): pages.GenerateRandom.getRandomAlphaNumCustomLength is PASSED

2024-07-12 19:13:45 - [MESSAGE][PASSED] - pages.GenerateRandom.getRandomAlphaNumCustomLength is PASSED

2024-07-12 19:13:45 - [TEST_STEP][PASSED] - FinalPassword = buildPassword + PasswordSpChar: null

2024-07-12 19:13:45 - [TEST_STEP][PASSED] - println("Final Password is : " + FinalPassword): null

2024-07-12 19:13:45 - [TEST_STEP][PASSED] - setText(findTestObject(path_ModifyUser + "input_New Password"), FinalPassword): Text 'F53wHSbOf@Bb2' is set on object 'Object Repository/AdminSuiteBootstrap_Pages/UM_Bootstrap/ModifyUser/input_New Password'

2024-07-12 19:13:45 - [MESSAGE][PASSED] - Text 'F53wHSbOf@Bb2' is set on object 'Object Repository/AdminSuiteBootstrap_Pages/UM_Bootstrap/ModifyUser/input_New Password'

2024-07-12 19:13:45 - [TEST_STEP][PASSED] - setText(findTestObject(path_ModifyUser + "input_Confirm Password"), FinalPassword): Text 'F53wHSbOf@Bb2' is set on object 'Object Repository/AdminSuiteBootstrap_Pages/UM_Bootstrap/ModifyUser/input_Confirm Password'

2024-07-12 19:13:46 - [MESSAGE][PASSED] - Text 'F53wHSbOf@Bb2' is set on object 'Object Repository/AdminSuiteBootstrap_Pages/UM_Bootstrap/ModifyUser/input_Confirm Password'

2024-07-12 19:13:46 - [TEST_STEP][PASSED] - click(findTestObject(path_ModifyUser + "button_Update")): Object: 'Object Repository/AdminSuiteBootstrap_Pages/UM_Bootstrap/ModifyUser/button_Update' is clicked on

2024-07-12 19:13:50 - [MESSAGE][PASSED] - Object: 'Object Repository/AdminSuiteBootstrap_Pages/UM_Bootstrap/ModifyUser/button_Update' is clicked on

2024-07-12 19:13:50 - [TEST_STEP][PASSED] - if (verifyTextPresent("User Account Modified The user account for", true)): null

2024-07-12 19:13:51 - [MESSAGE][PASSED] - Text 'User Account Modified The user account for' is present on page  using regular expression

2024-07-12 19:13:51 - [TEST_STEP][PASSED] - verifyTextPresent("was successfully modified", true): Text 'was successfully modified' is present on page  using regular expression

2024-07-12 19:13:51 - [MESSAGE][PASSED] - Text 'was successfully modified' is present on page  using regular expression

2024-07-12 19:13:51 - [TEST_STEP][PASSED] - markPassed("User Password was Modified Successfully"): User Password was Modified Successfully

2024-07-12 19:13:51 - [MESSAGE][PASSED] - User Password was Modified Successfully

2024-07-12 19:13:51 - [TEST_STEP][PASSED] - resText = "Pass": null

2024-07-12 19:13:51 - [TEST_STEP][PASSED] - pages.WriteExcel.demoKey(resText, datText, resColumn, datCloumn, fileLoc, nameSheet, row): pages.WriteExcel.demoKey is PASSED

2024-07-12 19:13:52 - [MESSAGE][PASSED] - pages.WriteExcel.demoKey is PASSED

2024-07-12 19:13:52 - [TEST_STEP][PASSED] - closeBrowser(): Browser is closed

2024-07-12 19:13:53 - [MESSAGE][PASSED] - Browser is closed

2024-07-12 19:13:53 - [TEST_STEP][PASSED] - ExecuteTC = findTestData(dataFile).getValue("Execute", row): null

2024-07-12 19:13:53 - [TEST_STEP][PASSED] - out.println("Value of Execute is : " + ExecuteTC): null

2024-07-12 19:13:53 - [TEST_STEP][PASSED] - if (ExecuteTC.equalsIgnoreCase("Y")): Browser is closed

2024-07-12 19:13:53 - [TEST_STEP][PASSED] - out.println("Begin Record Number: " + row): null

2024-07-12 19:13:53 - [TEST_STEP][PASSED] - today = new java.util.Date(): null

2024-07-12 19:13:53 - [TEST_STEP][PASSED] - println(today): null

2024-07-12 19:13:53 - [TEST_STEP][PASSED] - datText = today: null

2024-07-12 19:13:53 - [TEST_STEP][PASSED] - adminSuiteBootstrap.loginFunctionality.login_AdminSuite(): adminSuiteBootstrap.loginFunctionality.login_AdminSuite is PASSED

2024-07-12 19:13:53 - [MESSAGE][INFO] - Starting 'Chrome' driver

2024-07-12 19:13:53 - [MESSAGE][INFO] - User set preference: ['acceptInsecureCerts', 'true']

2024-07-12 19:13:53 - [MESSAGE][INFO] - Action delay is set to 0 milliseconds

2024-07-12 19:13:55 - [MESSAGE][PASSED] - Browser is opened with url: 'https://qa2.velocitypayment.com/admin/imtiaz'

2024-07-12 19:13:56 - [MESSAGE][PASSED] - Current window maximized

2024-07-12 19:13:56 - [MESSAGE][PASSED] - Object 'Object Repository/Login_Page/Login_Username_Okta' is present

2024-07-12 19:13:57 - [MESSAGE][PASSED] - Text 'iahmed' is set on object 'Object Repository/Login_Page/Login_Username_Okta'

2024-07-12 19:13:58 - [MESSAGE][PASSED] - Text 'Hello!6666666' is set on object 'Object Repository/Login_Page/Login_Password_Okta'

2024-07-12 19:13:59 - [MESSAGE][PASSED] - Object: 'Object Repository/Login_Page/Login_Submit_Okta' is clicked on

2024-07-12 19:13:59 - [MESSAGE][PASSED] - adminSuiteBootstrap.loginFunctionality.login_AdminSuite is PASSED

2024-07-12 19:13:59 - [TEST_STEP][PASSED] - click(findTestObject(path_Dashboard + "a_Access User Management")): Object: 'Object Repository/AdminSuiteBootstrap_Pages/Dashboard_Bootstrap/a_Access User Management' is clicked on

2024-07-12 19:14:07 - [MESSAGE][PASSED] - Object: 'Object Repository/AdminSuiteBootstrap_Pages/Dashboard_Bootstrap/a_Access User Management' is clicked on

2024-07-12 19:14:07 - [TEST_STEP][PASSED] - click(findTestObject(path_Users + "a_Find User")): Object: 'Object Repository/AdminSuiteBootstrap_Pages/UM_Bootstrap/Users/a_Find User' is clicked on

2024-07-12 19:14:08 - [MESSAGE][PASSED] - Object: 'Object Repository/AdminSuiteBootstrap_Pages/UM_Bootstrap/Users/a_Find User' is clicked on

2024-07-12 19:14:08 - [TEST_STEP][PASSED] - adminSuiteBootstrap.findUser.findUser_DD(row, dataFile): adminSuiteBootstrap.findUser.findUser_DD is PASSED

2024-07-12 19:14:09 - [MESSAGE][PASSED] - Text 'ToBeModUser' is set on object 'Object Repository/AdminSuiteBootstrap_Pages/UM_Bootstrap/FindUser/input_Username'

2024-07-12 19:14:10 - [MESSAGE][PASSED] - Text '' is set on object 'Object Repository/AdminSuiteBootstrap_Pages/UM_Bootstrap/FindUser/input_FirstName'

2024-07-12 19:14:11 - [MESSAGE][PASSED] - Text '' is set on object 'Object Repository/AdminSuiteBootstrap_Pages/UM_Bootstrap/FindUser/input_LastName'

2024-07-12 19:14:11 - [MESSAGE][PASSED] - All options with label 'Exact Match' are selected in object 'Object Repository/AdminSuiteBootstrap_Pages/UM_Bootstrap/FindUser/select_SearchType' 

2024-07-12 19:14:14 - [MESSAGE][PASSED] - Object: 'Object Repository/AdminSuiteBootstrap_Pages/UM_Bootstrap/FindUser/button_Search' is clicked on

2024-07-12 19:14:14 - [MESSAGE][PASSED] - adminSuiteBootstrap.findUser.findUser_DD is PASSED

2024-07-12 19:14:14 - [TEST_STEP][PASSED] - if (verifyElementPresent(findTestObject(path_UserView + "button_Modify"), 30)): null

2024-07-12 19:14:15 - [MESSAGE][PASSED] - Object 'Object Repository/AdminSuiteBootstrap_Pages/UM_Bootstrap/UserView/button_Modify' is present

2024-07-12 19:14:15 - [TEST_STEP][PASSED] - verifyTextPresent("ToBeModUser", true): Text 'ToBeModUser' is present on page  using regular expression

2024-07-12 19:14:15 - [MESSAGE][PASSED] - Text 'ToBeModUser' is present on page  using regular expression

2024-07-12 19:14:15 - [TEST_STEP][PASSED] - click(findTestObject(path_ModifyUser + "button_Modify_UserView")): Object: 'Object Repository/AdminSuiteBootstrap_Pages/UM_Bootstrap/ModifyUser/button_Modify_UserView' is clicked on

2024-07-12 19:14:16 - [MESSAGE][PASSED] - Object: 'Object Repository/AdminSuiteBootstrap_Pages/UM_Bootstrap/ModifyUser/button_Modify_UserView' is clicked on

2024-07-12 19:14:16 - [TEST_STEP][PASSED] - check(findTestObject(path_ModifyUser + "input_Yes_changePassword")): Object 'Object Repository/AdminSuiteBootstrap_Pages/UM_Bootstrap/ModifyUser/input_Yes_changePassword' is checked

2024-07-12 19:14:17 - [MESSAGE][PASSED] - Object 'Object Repository/AdminSuiteBootstrap_Pages/UM_Bootstrap/ModifyUser/input_Yes_changePassword' is checked

2024-07-12 19:14:17 - [TEST_STEP][PASSED] - PasswordSpChar = findTestData(dataFile).getValue("PasswordSpChar", row): null

2024-07-12 19:14:17 - [TEST_STEP][PASSED] - PasswordLength = findTestData(dataFile).getValue("PasswordLength", row): null

2024-07-12 19:14:17 - [TEST_STEP][PASSED] - lenPassword = Integer.parseInt(PasswordLength): null

2024-07-12 19:14:17 - [TEST_STEP][PASSED] - buildPassword = pages.GenerateRandom.getRandomAlphaNumCustomLength(lenPassword): pages.GenerateRandom.getRandomAlphaNumCustomLength is PASSED

2024-07-12 19:14:17 - [MESSAGE][PASSED] - pages.GenerateRandom.getRandomAlphaNumCustomLength is PASSED

2024-07-12 19:14:17 - [TEST_STEP][PASSED] - FinalPassword = buildPassword + PasswordSpChar: null

2024-07-12 19:14:17 - [TEST_STEP][PASSED] - println("Final Password is : " + FinalPassword): null

2024-07-12 19:14:17 - [TEST_STEP][PASSED] - setText(findTestObject(path_ModifyUser + "input_New Password"), FinalPassword): Text 'QRd9Ulefx#Cc3' is set on object 'Object Repository/AdminSuiteBootstrap_Pages/UM_Bootstrap/ModifyUser/input_New Password'

2024-07-12 19:14:17 - [MESSAGE][PASSED] - Text 'QRd9Ulefx#Cc3' is set on object 'Object Repository/AdminSuiteBootstrap_Pages/UM_Bootstrap/ModifyUser/input_New Password'

2024-07-12 19:14:17 - [TEST_STEP][PASSED] - setText(findTestObject(path_ModifyUser + "input_Confirm Password"), FinalPassword): Text 'QRd9Ulefx#Cc3' is set on object 'Object Repository/AdminSuiteBootstrap_Pages/UM_Bootstrap/ModifyUser/input_Confirm Password'

2024-07-12 19:14:18 - [MESSAGE][PASSED] - Text 'QRd9Ulefx#Cc3' is set on object 'Object Repository/AdminSuiteBootstrap_Pages/UM_Bootstrap/ModifyUser/input_Confirm Password'

2024-07-12 19:14:18 - [TEST_STEP][PASSED] - click(findTestObject(path_ModifyUser + "button_Update")): Object: 'Object Repository/AdminSuiteBootstrap_Pages/UM_Bootstrap/ModifyUser/button_Update' is clicked on

2024-07-12 19:14:23 - [MESSAGE][PASSED] - Object: 'Object Repository/AdminSuiteBootstrap_Pages/UM_Bootstrap/ModifyUser/button_Update' is clicked on

2024-07-12 19:14:23 - [TEST_STEP][PASSED] - if (verifyTextPresent("User Account Modified The user account for", true)): null

2024-07-12 19:14:23 - [MESSAGE][PASSED] - Text 'User Account Modified The user account for' is present on page  using regular expression

2024-07-12 19:14:23 - [TEST_STEP][PASSED] - verifyTextPresent("was successfully modified", true): Text 'was successfully modified' is present on page  using regular expression

2024-07-12 19:14:24 - [MESSAGE][PASSED] - Text 'was successfully modified' is present on page  using regular expression

2024-07-12 19:14:24 - [TEST_STEP][PASSED] - markPassed("User Password was Modified Successfully"): User Password was Modified Successfully

2024-07-12 19:14:24 - [MESSAGE][PASSED] - User Password was Modified Successfully

2024-07-12 19:14:24 - [TEST_STEP][PASSED] - resText = "Pass": null

2024-07-12 19:14:24 - [TEST_STEP][PASSED] - pages.WriteExcel.demoKey(resText, datText, resColumn, datCloumn, fileLoc, nameSheet, row): pages.WriteExcel.demoKey is PASSED

2024-07-12 19:14:24 - [MESSAGE][PASSED] - pages.WriteExcel.demoKey is PASSED

2024-07-12 19:14:24 - [TEST_STEP][PASSED] - closeBrowser(): Browser is closed

2024-07-12 19:14:25 - [MESSAGE][PASSED] - Browser is closed

2024-07-12 19:14:25 - [TEST_STEP][PASSED] - ExecuteTC = findTestData(dataFile).getValue("Execute", row): null

2024-07-12 19:14:25 - [TEST_STEP][PASSED] - out.println("Value of Execute is : " + ExecuteTC): null

2024-07-12 19:14:25 - [TEST_STEP][PASSED] - if (ExecuteTC.equalsIgnoreCase("Y")): Browser is closed

2024-07-12 19:14:25 - [TEST_STEP][PASSED] - out.println("Begin Record Number: " + row): null

2024-07-12 19:14:25 - [TEST_STEP][PASSED] - today = new java.util.Date(): null

2024-07-12 19:14:25 - [TEST_STEP][PASSED] - println(today): null

2024-07-12 19:14:25 - [TEST_STEP][PASSED] - datText = today: null

2024-07-12 19:14:25 - [TEST_STEP][PASSED] - adminSuiteBootstrap.loginFunctionality.login_AdminSuite(): adminSuiteBootstrap.loginFunctionality.login_AdminSuite is PASSED

2024-07-12 19:14:25 - [MESSAGE][INFO] - Starting 'Chrome' driver

2024-07-12 19:14:25 - [MESSAGE][INFO] - User set preference: ['acceptInsecureCerts', 'true']

2024-07-12 19:14:25 - [MESSAGE][INFO] - Action delay is set to 0 milliseconds

2024-07-12 19:14:28 - [MESSAGE][PASSED] - Browser is opened with url: 'https://qa2.velocitypayment.com/admin/imtiaz'

2024-07-12 19:14:28 - [MESSAGE][PASSED] - Current window maximized

2024-07-12 19:14:29 - [MESSAGE][PASSED] - Object 'Object Repository/Login_Page/Login_Username_Okta' is present

2024-07-12 19:14:29 - [MESSAGE][PASSED] - Text 'iahmed' is set on object 'Object Repository/Login_Page/Login_Username_Okta'

2024-07-12 19:14:30 - [MESSAGE][PASSED] - Text 'Hello!6666666' is set on object 'Object Repository/Login_Page/Login_Password_Okta'

2024-07-12 19:14:31 - [MESSAGE][PASSED] - Object: 'Object Repository/Login_Page/Login_Submit_Okta' is clicked on

2024-07-12 19:14:31 - [MESSAGE][PASSED] - adminSuiteBootstrap.loginFunctionality.login_AdminSuite is PASSED

2024-07-12 19:14:31 - [TEST_STEP][PASSED] - click(findTestObject(path_Dashboard + "a_Access User Management")): Object: 'Object Repository/AdminSuiteBootstrap_Pages/Dashboard_Bootstrap/a_Access User Management' is clicked on

2024-07-12 19:14:39 - [MESSAGE][PASSED] - Object: 'Object Repository/AdminSuiteBootstrap_Pages/Dashboard_Bootstrap/a_Access User Management' is clicked on

2024-07-12 19:14:39 - [TEST_STEP][PASSED] - click(findTestObject(path_Users + "a_Find User")): Object: 'Object Repository/AdminSuiteBootstrap_Pages/UM_Bootstrap/Users/a_Find User' is clicked on

2024-07-12 19:14:39 - [MESSAGE][PASSED] - Object: 'Object Repository/AdminSuiteBootstrap_Pages/UM_Bootstrap/Users/a_Find User' is clicked on

2024-07-12 19:14:39 - [TEST_STEP][PASSED] - adminSuiteBootstrap.findUser.findUser_DD(row, dataFile): adminSuiteBootstrap.findUser.findUser_DD is PASSED

2024-07-12 19:14:41 - [MESSAGE][PASSED] - Text 'ToBeModUser' is set on object 'Object Repository/AdminSuiteBootstrap_Pages/UM_Bootstrap/FindUser/input_Username'

2024-07-12 19:14:41 - [MESSAGE][PASSED] - Text '' is set on object 'Object Repository/AdminSuiteBootstrap_Pages/UM_Bootstrap/FindUser/input_FirstName'

2024-07-12 19:14:42 - [MESSAGE][PASSED] - Text '' is set on object 'Object Repository/AdminSuiteBootstrap_Pages/UM_Bootstrap/FindUser/input_LastName'

2024-07-12 19:14:43 - [MESSAGE][PASSED] - All options with label 'Exact Match' are selected in object 'Object Repository/AdminSuiteBootstrap_Pages/UM_Bootstrap/FindUser/select_SearchType' 

2024-07-12 19:14:46 - [MESSAGE][PASSED] - Object: 'Object Repository/AdminSuiteBootstrap_Pages/UM_Bootstrap/FindUser/button_Search' is clicked on

2024-07-12 19:14:46 - [MESSAGE][PASSED] - adminSuiteBootstrap.findUser.findUser_DD is PASSED

2024-07-12 19:14:46 - [TEST_STEP][PASSED] - if (verifyElementPresent(findTestObject(path_UserView + "button_Modify"), 30)): null

2024-07-12 19:14:47 - [MESSAGE][PASSED] - Object 'Object Repository/AdminSuiteBootstrap_Pages/UM_Bootstrap/UserView/button_Modify' is present

2024-07-12 19:14:47 - [TEST_STEP][PASSED] - verifyTextPresent("ToBeModUser", true): Text 'ToBeModUser' is present on page  using regular expression

2024-07-12 19:14:47 - [MESSAGE][PASSED] - Text 'ToBeModUser' is present on page  using regular expression

2024-07-12 19:14:47 - [TEST_STEP][PASSED] - click(findTestObject(path_ModifyUser + "button_Modify_UserView")): Object: 'Object Repository/AdminSuiteBootstrap_Pages/UM_Bootstrap/ModifyUser/button_Modify_UserView' is clicked on

2024-07-12 19:14:48 - [MESSAGE][PASSED] - Object: 'Object Repository/AdminSuiteBootstrap_Pages/UM_Bootstrap/ModifyUser/button_Modify_UserView' is clicked on

2024-07-12 19:14:48 - [TEST_STEP][PASSED] - check(findTestObject(path_ModifyUser + "input_Yes_changePassword")): Object 'Object Repository/AdminSuiteBootstrap_Pages/UM_Bootstrap/ModifyUser/input_Yes_changePassword' is checked

2024-07-12 19:14:48 - [MESSAGE][PASSED] - Object 'Object Repository/AdminSuiteBootstrap_Pages/UM_Bootstrap/ModifyUser/input_Yes_changePassword' is checked

2024-07-12 19:14:48 - [TEST_STEP][PASSED] - PasswordSpChar = findTestData(dataFile).getValue("PasswordSpChar", row): null

2024-07-12 19:14:48 - [TEST_STEP][PASSED] - PasswordLength = findTestData(dataFile).getValue("PasswordLength", row): null

2024-07-12 19:14:48 - [TEST_STEP][PASSED] - lenPassword = Integer.parseInt(PasswordLength): null

2024-07-12 19:14:48 - [TEST_STEP][PASSED] - buildPassword = pages.GenerateRandom.getRandomAlphaNumCustomLength(lenPassword): pages.GenerateRandom.getRandomAlphaNumCustomLength is PASSED

2024-07-12 19:14:48 - [MESSAGE][PASSED] - pages.GenerateRandom.getRandomAlphaNumCustomLength is PASSED

2024-07-12 19:14:48 - [TEST_STEP][PASSED] - FinalPassword = buildPassword + PasswordSpChar: null

2024-07-12 19:14:48 - [TEST_STEP][PASSED] - println("Final Password is : " + FinalPassword): null

2024-07-12 19:14:48 - [TEST_STEP][PASSED] - setText(findTestObject(path_ModifyUser + "input_New Password"), FinalPassword): Text 'sy2WGftcE$Dd4' is set on object 'Object Repository/AdminSuiteBootstrap_Pages/UM_Bootstrap/ModifyUser/input_New Password'

2024-07-12 19:14:49 - [MESSAGE][PASSED] - Text 'sy2WGftcE$Dd4' is set on object 'Object Repository/AdminSuiteBootstrap_Pages/UM_Bootstrap/ModifyUser/input_New Password'

2024-07-12 19:14:49 - [TEST_STEP][PASSED] - setText(findTestObject(path_ModifyUser + "input_Confirm Password"), FinalPassword): Text 'sy2WGftcE$Dd4' is set on object 'Object Repository/AdminSuiteBootstrap_Pages/UM_Bootstrap/ModifyUser/input_Confirm Password'

2024-07-12 19:14:50 - [MESSAGE][PASSED] - Text 'sy2WGftcE$Dd4' is set on object 'Object Repository/AdminSuiteBootstrap_Pages/UM_Bootstrap/ModifyUser/input_Confirm Password'

2024-07-12 19:14:50 - [TEST_STEP][PASSED] - click(findTestObject(path_ModifyUser + "button_Update")): Object: 'Object Repository/AdminSuiteBootstrap_Pages/UM_Bootstrap/ModifyUser/button_Update' is clicked on

2024-07-12 19:14:54 - [MESSAGE][PASSED] - Object: 'Object Repository/AdminSuiteBootstrap_Pages/UM_Bootstrap/ModifyUser/button_Update' is clicked on

2024-07-12 19:14:54 - [TEST_STEP][PASSED] - if (verifyTextPresent("User Account Modified The user account for", true)): null

2024-07-12 19:14:55 - [MESSAGE][PASSED] - Text 'User Account Modified The user account for' is present on page  using regular expression

2024-07-12 19:14:55 - [TEST_STEP][PASSED] - verifyTextPresent("was successfully modified", true): Text 'was successfully modified' is present on page  using regular expression

2024-07-12 19:14:55 - [MESSAGE][PASSED] - Text 'was successfully modified' is present on page  using regular expression

2024-07-12 19:14:55 - [TEST_STEP][PASSED] - markPassed("User Password was Modified Successfully"): User Password was Modified Successfully

2024-07-12 19:14:55 - [MESSAGE][PASSED] - User Password was Modified Successfully

2024-07-12 19:14:55 - [TEST_STEP][PASSED] - resText = "Pass": null

2024-07-12 19:14:55 - [TEST_STEP][PASSED] - pages.WriteExcel.demoKey(resText, datText, resColumn, datCloumn, fileLoc, nameSheet, row): pages.WriteExcel.demoKey is PASSED

2024-07-12 19:14:55 - [MESSAGE][PASSED] - pages.WriteExcel.demoKey is PASSED

2024-07-12 19:14:55 - [TEST_STEP][PASSED] - closeBrowser(): Browser is closed

2024-07-12 19:14:56 - [MESSAGE][PASSED] - Browser is closed

2024-07-12 19:14:56 - [TEST_STEP][PASSED] - ExecuteTC = findTestData(dataFile).getValue("Execute", row): null

2024-07-12 19:14:57 - [TEST_STEP][PASSED] - out.println("Value of Execute is : " + ExecuteTC): null

2024-07-12 19:14:57 - [TEST_STEP][PASSED] - if (ExecuteTC.equalsIgnoreCase("Y")): Browser is closed

2024-07-12 19:14:57 - [TEST_STEP][PASSED] - out.println("Begin Record Number: " + row): null

2024-07-12 19:14:57 - [TEST_STEP][PASSED] - today = new java.util.Date(): null

2024-07-12 19:14:57 - [TEST_STEP][PASSED] - println(today): null

2024-07-12 19:14:57 - [TEST_STEP][PASSED] - datText = today: null

2024-07-12 19:14:57 - [TEST_STEP][PASSED] - adminSuiteBootstrap.loginFunctionality.login_AdminSuite(): adminSuiteBootstrap.loginFunctionality.login_AdminSuite is PASSED

2024-07-12 19:14:57 - [MESSAGE][INFO] - Starting 'Chrome' driver

2024-07-12 19:14:57 - [MESSAGE][INFO] - User set preference: ['acceptInsecureCerts', 'true']

2024-07-12 19:14:57 - [MESSAGE][INFO] - Action delay is set to 0 milliseconds

2024-07-12 19:14:59 - [MESSAGE][PASSED] - Browser is opened with url: 'https://qa2.velocitypayment.com/admin/imtiaz'

2024-07-12 19:14:59 - [MESSAGE][PASSED] - Current window maximized

2024-07-12 19:15:00 - [MESSAGE][PASSED] - Object 'Object Repository/Login_Page/Login_Username_Okta' is present

2024-07-12 19:15:01 - [MESSAGE][PASSED] - Text 'iahmed' is set on object 'Object Repository/Login_Page/Login_Username_Okta'

2024-07-12 19:15:02 - [MESSAGE][PASSED] - Text 'Hello!6666666' is set on object 'Object Repository/Login_Page/Login_Password_Okta'

2024-07-12 19:15:02 - [MESSAGE][PASSED] - Object: 'Object Repository/Login_Page/Login_Submit_Okta' is clicked on

2024-07-12 19:15:02 - [MESSAGE][PASSED] - adminSuiteBootstrap.loginFunctionality.login_AdminSuite is PASSED

2024-07-12 19:15:02 - [TEST_STEP][PASSED] - click(findTestObject(path_Dashboard + "a_Access User Management")): Object: 'Object Repository/AdminSuiteBootstrap_Pages/Dashboard_Bootstrap/a_Access User Management' is clicked on

2024-07-12 19:15:10 - [MESSAGE][PASSED] - Object: 'Object Repository/AdminSuiteBootstrap_Pages/Dashboard_Bootstrap/a_Access User Management' is clicked on

2024-07-12 19:15:10 - [TEST_STEP][PASSED] - click(findTestObject(path_Users + "a_Find User")): Object: 'Object Repository/AdminSuiteBootstrap_Pages/UM_Bootstrap/Users/a_Find User' is clicked on

2024-07-12 19:15:11 - [MESSAGE][PASSED] - Object: 'Object Repository/AdminSuiteBootstrap_Pages/UM_Bootstrap/Users/a_Find User' is clicked on

2024-07-12 19:15:11 - [TEST_STEP][PASSED] - adminSuiteBootstrap.findUser.findUser_DD(row, dataFile): adminSuiteBootstrap.findUser.findUser_DD is PASSED

2024-07-12 19:15:12 - [MESSAGE][PASSED] - Text 'ToBeModUser' is set on object 'Object Repository/AdminSuiteBootstrap_Pages/UM_Bootstrap/FindUser/input_Username'

2024-07-12 19:15:13 - [MESSAGE][PASSED] - Text '' is set on object 'Object Repository/AdminSuiteBootstrap_Pages/UM_Bootstrap/FindUser/input_FirstName'

2024-07-12 19:15:14 - [MESSAGE][PASSED] - Text '' is set on object 'Object Repository/AdminSuiteBootstrap_Pages/UM_Bootstrap/FindUser/input_LastName'

2024-07-12 19:15:14 - [MESSAGE][PASSED] - All options with label 'Exact Match' are selected in object 'Object Repository/AdminSuiteBootstrap_Pages/UM_Bootstrap/FindUser/select_SearchType' 

2024-07-12 19:15:17 - [MESSAGE][PASSED] - Object: 'Object Repository/AdminSuiteBootstrap_Pages/UM_Bootstrap/FindUser/button_Search' is clicked on

2024-07-12 19:15:17 - [MESSAGE][PASSED] - adminSuiteBootstrap.findUser.findUser_DD is PASSED

2024-07-12 19:15:17 - [TEST_STEP][PASSED] - if (verifyElementPresent(findTestObject(path_UserView + "button_Modify"), 30)): null

2024-07-12 19:15:18 - [MESSAGE][PASSED] - Object 'Object Repository/AdminSuiteBootstrap_Pages/UM_Bootstrap/UserView/button_Modify' is present

2024-07-12 19:15:18 - [TEST_STEP][PASSED] - verifyTextPresent("ToBeModUser", true): Text 'ToBeModUser' is present on page  using regular expression

2024-07-12 19:15:18 - [MESSAGE][PASSED] - Text 'ToBeModUser' is present on page  using regular expression

2024-07-12 19:15:18 - [TEST_STEP][PASSED] - click(findTestObject(path_ModifyUser + "button_Modify_UserView")): Object: 'Object Repository/AdminSuiteBootstrap_Pages/UM_Bootstrap/ModifyUser/button_Modify_UserView' is clicked on

2024-07-12 19:15:19 - [MESSAGE][PASSED] - Object: 'Object Repository/AdminSuiteBootstrap_Pages/UM_Bootstrap/ModifyUser/button_Modify_UserView' is clicked on

2024-07-12 19:15:19 - [TEST_STEP][PASSED] - check(findTestObject(path_ModifyUser + "input_Yes_changePassword")): Object 'Object Repository/AdminSuiteBootstrap_Pages/UM_Bootstrap/ModifyUser/input_Yes_changePassword' is checked

2024-07-12 19:15:20 - [MESSAGE][PASSED] - Object 'Object Repository/AdminSuiteBootstrap_Pages/UM_Bootstrap/ModifyUser/input_Yes_changePassword' is checked

2024-07-12 19:15:20 - [TEST_STEP][PASSED] - PasswordSpChar = findTestData(dataFile).getValue("PasswordSpChar", row): null

2024-07-12 19:15:20 - [TEST_STEP][PASSED] - PasswordLength = findTestData(dataFile).getValue("PasswordLength", row): null

2024-07-12 19:15:20 - [TEST_STEP][PASSED] - lenPassword = Integer.parseInt(PasswordLength): null

2024-07-12 19:15:20 - [TEST_STEP][PASSED] - buildPassword = pages.GenerateRandom.getRandomAlphaNumCustomLength(lenPassword): pages.GenerateRandom.getRandomAlphaNumCustomLength is PASSED

2024-07-12 19:15:20 - [MESSAGE][PASSED] - pages.GenerateRandom.getRandomAlphaNumCustomLength is PASSED

2024-07-12 19:15:20 - [TEST_STEP][PASSED] - FinalPassword = buildPassword + PasswordSpChar: null

2024-07-12 19:15:20 - [TEST_STEP][PASSED] - println("Final Password is : " + FinalPassword): null

2024-07-12 19:15:20 - [TEST_STEP][PASSED] - setText(findTestObject(path_ModifyUser + "input_New Password"), FinalPassword): Text 'c7NjOOzFJ%Ee5' is set on object 'Object Repository/AdminSuiteBootstrap_Pages/UM_Bootstrap/ModifyUser/input_New Password'

2024-07-12 19:15:21 - [MESSAGE][PASSED] - Text 'c7NjOOzFJ%Ee5' is set on object 'Object Repository/AdminSuiteBootstrap_Pages/UM_Bootstrap/ModifyUser/input_New Password'

2024-07-12 19:15:21 - [TEST_STEP][PASSED] - setText(findTestObject(path_ModifyUser + "input_Confirm Password"), FinalPassword): Text 'c7NjOOzFJ%Ee5' is set on object 'Object Repository/AdminSuiteBootstrap_Pages/UM_Bootstrap/ModifyUser/input_Confirm Password'

2024-07-12 19:15:21 - [MESSAGE][PASSED] - Text 'c7NjOOzFJ%Ee5' is set on object 'Object Repository/AdminSuiteBootstrap_Pages/UM_Bootstrap/ModifyUser/input_Confirm Password'

2024-07-12 19:15:21 - [TEST_STEP][PASSED] - click(findTestObject(path_ModifyUser + "button_Update")): Object: 'Object Repository/AdminSuiteBootstrap_Pages/UM_Bootstrap/ModifyUser/button_Update' is clicked on

2024-07-12 19:15:25 - [MESSAGE][PASSED] - Object: 'Object Repository/AdminSuiteBootstrap_Pages/UM_Bootstrap/ModifyUser/button_Update' is clicked on

2024-07-12 19:15:25 - [TEST_STEP][PASSED] - if (verifyTextPresent("User Account Modified The user account for", true)): null

2024-07-12 19:15:26 - [MESSAGE][PASSED] - Text 'User Account Modified The user account for' is present on page  using regular expression

2024-07-12 19:15:26 - [TEST_STEP][PASSED] - verifyTextPresent("was successfully modified", true): Text 'was successfully modified' is present on page  using regular expression

2024-07-12 19:15:26 - [MESSAGE][PASSED] - Text 'was successfully modified' is present on page  using regular expression

2024-07-12 19:15:26 - [TEST_STEP][PASSED] - markPassed("User Password was Modified Successfully"): User Password was Modified Successfully

2024-07-12 19:15:26 - [MESSAGE][PASSED] - User Password was Modified Successfully

2024-07-12 19:15:26 - [TEST_STEP][PASSED] - resText = "Pass": null

2024-07-12 19:15:26 - [TEST_STEP][PASSED] - pages.WriteExcel.demoKey(resText, datText, resColumn, datCloumn, fileLoc, nameSheet, row): pages.WriteExcel.demoKey is PASSED

2024-07-12 19:15:26 - [MESSAGE][PASSED] - pages.WriteExcel.demoKey is PASSED

2024-07-12 19:15:26 - [TEST_STEP][PASSED] - closeBrowser(): Browser is closed

2024-07-12 19:15:28 - [MESSAGE][PASSED] - Browser is closed

2024-07-12 19:15:28 - [TEST_STEP][PASSED] - ExecuteTC = findTestData(dataFile).getValue("Execute", row): null

2024-07-12 19:15:28 - [TEST_STEP][PASSED] - out.println("Value of Execute is : " + ExecuteTC): null

2024-07-12 19:15:28 - [TEST_STEP][PASSED] - if (ExecuteTC.equalsIgnoreCase("Y")): Browser is closed

2024-07-12 19:15:28 - [TEST_STEP][PASSED] - out.println("Begin Record Number: " + row): null

2024-07-12 19:15:28 - [TEST_STEP][PASSED] - today = new java.util.Date(): null

2024-07-12 19:15:28 - [TEST_STEP][PASSED] - println(today): null

2024-07-12 19:15:28 - [TEST_STEP][PASSED] - datText = today: null

2024-07-12 19:15:28 - [TEST_STEP][PASSED] - adminSuiteBootstrap.loginFunctionality.login_AdminSuite(): adminSuiteBootstrap.loginFunctionality.login_AdminSuite is PASSED

2024-07-12 19:15:28 - [MESSAGE][INFO] - Starting 'Chrome' driver

2024-07-12 19:15:28 - [MESSAGE][INFO] - User set preference: ['acceptInsecureCerts', 'true']

2024-07-12 19:15:28 - [MESSAGE][INFO] - Action delay is set to 0 milliseconds

2024-07-12 19:15:30 - [MESSAGE][PASSED] - Browser is opened with url: 'https://qa2.velocitypayment.com/admin/imtiaz'

2024-07-12 19:15:30 - [MESSAGE][PASSED] - Current window maximized

2024-07-12 19:15:31 - [MESSAGE][PASSED] - Object 'Object Repository/Login_Page/Login_Username_Okta' is present

2024-07-12 19:15:32 - [MESSAGE][PASSED] - Text 'iahmed' is set on object 'Object Repository/Login_Page/Login_Username_Okta'

2024-07-12 19:15:33 - [MESSAGE][PASSED] - Text 'Hello!6666666' is set on object 'Object Repository/Login_Page/Login_Password_Okta'

2024-07-12 19:15:33 - [MESSAGE][PASSED] - Object: 'Object Repository/Login_Page/Login_Submit_Okta' is clicked on

2024-07-12 19:15:33 - [MESSAGE][PASSED] - adminSuiteBootstrap.loginFunctionality.login_AdminSuite is PASSED

2024-07-12 19:15:33 - [TEST_STEP][PASSED] - click(findTestObject(path_Dashboard + "a_Access User Management")): Object: 'Object Repository/AdminSuiteBootstrap_Pages/Dashboard_Bootstrap/a_Access User Management' is clicked on

2024-07-12 19:15:41 - [MESSAGE][PASSED] - Object: 'Object Repository/AdminSuiteBootstrap_Pages/Dashboard_Bootstrap/a_Access User Management' is clicked on

2024-07-12 19:15:41 - [TEST_STEP][PASSED] - click(findTestObject(path_Users + "a_Find User")): Object: 'Object Repository/AdminSuiteBootstrap_Pages/UM_Bootstrap/Users/a_Find User' is clicked on

2024-07-12 19:15:41 - [MESSAGE][PASSED] - Object: 'Object Repository/AdminSuiteBootstrap_Pages/UM_Bootstrap/Users/a_Find User' is clicked on

2024-07-12 19:15:41 - [TEST_STEP][PASSED] - adminSuiteBootstrap.findUser.findUser_DD(row, dataFile): adminSuiteBootstrap.findUser.findUser_DD is PASSED

2024-07-12 19:15:42 - [MESSAGE][PASSED] - Text 'ToBeModUser' is set on object 'Object Repository/AdminSuiteBootstrap_Pages/UM_Bootstrap/FindUser/input_Username'

2024-07-12 19:15:43 - [MESSAGE][PASSED] - Text '' is set on object 'Object Repository/AdminSuiteBootstrap_Pages/UM_Bootstrap/FindUser/input_FirstName'

2024-07-12 19:15:44 - [MESSAGE][PASSED] - Text '' is set on object 'Object Repository/AdminSuiteBootstrap_Pages/UM_Bootstrap/FindUser/input_LastName'

2024-07-12 19:15:44 - [MESSAGE][PASSED] - All options with label 'Exact Match' are selected in object 'Object Repository/AdminSuiteBootstrap_Pages/UM_Bootstrap/FindUser/select_SearchType' 

2024-07-12 19:15:48 - [MESSAGE][PASSED] - Object: 'Object Repository/AdminSuiteBootstrap_Pages/UM_Bootstrap/FindUser/button_Search' is clicked on

2024-07-12 19:15:48 - [MESSAGE][PASSED] - adminSuiteBootstrap.findUser.findUser_DD is PASSED

2024-07-12 19:15:48 - [TEST_STEP][PASSED] - if (verifyElementPresent(findTestObject(path_UserView + "button_Modify"), 30)): null

2024-07-12 19:15:48 - [MESSAGE][PASSED] - Object 'Object Repository/AdminSuiteBootstrap_Pages/UM_Bootstrap/UserView/button_Modify' is present

2024-07-12 19:15:48 - [TEST_STEP][PASSED] - verifyTextPresent("ToBeModUser", true): Text 'ToBeModUser' is present on page  using regular expression

2024-07-12 19:15:49 - [MESSAGE][PASSED] - Text 'ToBeModUser' is present on page  using regular expression

2024-07-12 19:15:49 - [TEST_STEP][PASSED] - click(findTestObject(path_ModifyUser + "button_Modify_UserView")): Object: 'Object Repository/AdminSuiteBootstrap_Pages/UM_Bootstrap/ModifyUser/button_Modify_UserView' is clicked on

2024-07-12 19:15:49 - [MESSAGE][PASSED] - Object: 'Object Repository/AdminSuiteBootstrap_Pages/UM_Bootstrap/ModifyUser/button_Modify_UserView' is clicked on

2024-07-12 19:15:49 - [TEST_STEP][PASSED] - check(findTestObject(path_ModifyUser + "input_Yes_changePassword")): Object 'Object Repository/AdminSuiteBootstrap_Pages/UM_Bootstrap/ModifyUser/input_Yes_changePassword' is checked

2024-07-12 19:15:50 - [MESSAGE][PASSED] - Object 'Object Repository/AdminSuiteBootstrap_Pages/UM_Bootstrap/ModifyUser/input_Yes_changePassword' is checked

2024-07-12 19:15:50 - [TEST_STEP][PASSED] - PasswordSpChar = findTestData(dataFile).getValue("PasswordSpChar", row): null

2024-07-12 19:15:50 - [TEST_STEP][PASSED] - PasswordLength = findTestData(dataFile).getValue("PasswordLength", row): null

2024-07-12 19:15:50 - [TEST_STEP][PASSED] - lenPassword = Integer.parseInt(PasswordLength): null

2024-07-12 19:15:50 - [TEST_STEP][PASSED] - buildPassword = pages.GenerateRandom.getRandomAlphaNumCustomLength(lenPassword): pages.GenerateRandom.getRandomAlphaNumCustomLength is PASSED

2024-07-12 19:15:50 - [MESSAGE][PASSED] - pages.GenerateRandom.getRandomAlphaNumCustomLength is PASSED

2024-07-12 19:15:50 - [TEST_STEP][PASSED] - FinalPassword = buildPassword + PasswordSpChar: null

2024-07-12 19:15:50 - [TEST_STEP][PASSED] - println("Final Password is : " + FinalPassword): null

2024-07-12 19:15:50 - [TEST_STEP][PASSED] - setText(findTestObject(path_ModifyUser + "input_New Password"), FinalPassword): Text 'aHK4Sh5Ws!Ii9' is set on object 'Object Repository/AdminSuiteBootstrap_Pages/UM_Bootstrap/ModifyUser/input_New Password'

2024-07-12 19:15:51 - [MESSAGE][PASSED] - Text 'aHK4Sh5Ws!Ii9' is set on object 'Object Repository/AdminSuiteBootstrap_Pages/UM_Bootstrap/ModifyUser/input_New Password'

2024-07-12 19:15:51 - [TEST_STEP][PASSED] - setText(findTestObject(path_ModifyUser + "input_Confirm Password"), FinalPassword): Text 'aHK4Sh5Ws!Ii9' is set on object 'Object Repository/AdminSuiteBootstrap_Pages/UM_Bootstrap/ModifyUser/input_Confirm Password'

2024-07-12 19:15:52 - [MESSAGE][PASSED] - Text 'aHK4Sh5Ws!Ii9' is set on object 'Object Repository/AdminSuiteBootstrap_Pages/UM_Bootstrap/ModifyUser/input_Confirm Password'

2024-07-12 19:15:52 - [TEST_STEP][PASSED] - click(findTestObject(path_ModifyUser + "button_Update")): Object: 'Object Repository/AdminSuiteBootstrap_Pages/UM_Bootstrap/ModifyUser/button_Update' is clicked on

2024-07-12 19:15:52 - [MESSAGE][PASSED] - Object: 'Object Repository/AdminSuiteBootstrap_Pages/UM_Bootstrap/ModifyUser/button_Update' is clicked on

2024-07-12 19:15:52 - [TEST_STEP][FAILED] - if (verifyTextPresent("User Account Modified The user account for", true)): Text 'User Account Modified The user account for' is not present on page  using regular expression (Root cause: com.kms.katalon.core.exception.StepFailedException: Text 'User Account Modified The user account for' is not present on page  using regular expression
	at com.kms.katalon.core.webui.keyword.internal.WebUIKeywordMain.stepFailed(WebUIKeywordMain.groovy:64)
	at com.kms.katalon.core.webui.keyword.builtin.VerifyTextPresentKeyword$_verifyTextPresent_closure1.doCall(VerifyTextPresentKeyword.groovy:79)
	at com.kms.katalon.core.webui.keyword.builtin.VerifyTextPresentKeyword$_verifyTextPresent_closure1.call(VerifyTextPresentKeyword.groovy)
	at com.kms.katalon.core.webui.keyword.internal.WebUIKeywordMain.runKeyword(WebUIKeywordMain.groovy:20)
	at com.kms.katalon.core.webui.keyword.builtin.VerifyTextPresentKeyword.verifyTextPresent(VerifyTextPresentKeyword.groovy:83)
	at com.kms.katalon.core.webui.keyword.builtin.VerifyTextPresentKeyword.execute(VerifyTextPresentKeyword.groovy:68)
	at com.kms.katalon.core.keyword.internal.KeywordExecutor.executeKeywordForPlatform(KeywordExecutor.groovy:74)
	at com.kms.katalon.core.webui.keyword.WebUiBuiltInKeywords.verifyTextPresent(WebUiBuiltInKeywords.groovy:1723)
	at com.kms.katalon.core.webui.keyword.WebUiBuiltInKeywords$verifyTextPresent$5.call(Unknown Source)
	at ModifyUserPassword.run(ModifyUserPassword:114)
	at com.kms.katalon.core.main.ScriptEngine.run(ScriptEngine.java:194)
	at com.kms.katalon.core.main.ScriptEngine.runScriptAsRawText(ScriptEngine.java:119)
	at com.kms.katalon.core.main.TestCaseExecutor.runScript(TestCaseExecutor.java:448)
	at com.kms.katalon.core.main.TestCaseExecutor.doExecute(TestCaseExecutor.java:439)
	at com.kms.katalon.core.main.TestCaseExecutor.processExecutionPhase(TestCaseExecutor.java:418)
	at com.kms.katalon.core.main.TestCaseExecutor.accessMainPhase(TestCaseExecutor.java:410)
	at com.kms.katalon.core.main.TestCaseExecutor.execute(TestCaseExecutor.java:285)
	at com.kms.katalon.core.common.CommonExecutor.accessTestCaseMainPhase(CommonExecutor.java:65)
	at com.kms.katalon.core.main.TestSuiteExecutor.accessTestSuiteMainPhase(TestSuiteExecutor.java:148)
	at com.kms.katalon.core.main.TestSuiteExecutor.execute(TestSuiteExecutor.java:106)
	at com.kms.katalon.core.main.TestCaseMain.startTestSuite(TestCaseMain.java:187)
	at com.kms.katalon.core.main.TestCaseMain$startTestSuite$0.call(Unknown Source)
	at TempTestSuite1720824695139.run(TempTestSuite1720824695139.groovy:35)
)

2024-07-12 19:15:53 - [MESSAGE][FAILED] - Text 'User Account Modified The user account for' is not present on page  using regular expression (Root cause: com.kms.katalon.core.exception.StepFailedException: Text 'User Account Modified The user account for' is not present on page  using regular expression
	at com.kms.katalon.core.webui.keyword.internal.WebUIKeywordMain.stepFailed(WebUIKeywordMain.groovy:64)
	at com.kms.katalon.core.webui.keyword.builtin.VerifyTextPresentKeyword$_verifyTextPresent_closure1.doCall(VerifyTextPresentKeyword.groovy:79)
	at com.kms.katalon.core.webui.keyword.builtin.VerifyTextPresentKeyword$_verifyTextPresent_closure1.call(VerifyTextPresentKeyword.groovy)
	at com.kms.katalon.core.webui.keyword.internal.WebUIKeywordMain.runKeyword(WebUIKeywordMain.groovy:20)
	at com.kms.katalon.core.webui.keyword.builtin.VerifyTextPresentKeyword.verifyTextPresent(VerifyTextPresentKeyword.groovy:83)
	at com.kms.katalon.core.webui.keyword.builtin.VerifyTextPresentKeyword.execute(VerifyTextPresentKeyword.groovy:68)
	at com.kms.katalon.core.keyword.internal.KeywordExecutor.executeKeywordForPlatform(KeywordExecutor.groovy:74)
	at com.kms.katalon.core.webui.keyword.WebUiBuiltInKeywords.verifyTextPresent(WebUiBuiltInKeywords.groovy:1723)
	at com.kms.katalon.core.webui.keyword.WebUiBuiltInKeywords$verifyTextPresent$5.call(Unknown Source)
	at ModifyUserPassword.run(ModifyUserPassword:114)
	at com.kms.katalon.core.main.ScriptEngine.run(ScriptEngine.java:194)
	at com.kms.katalon.core.main.ScriptEngine.runScriptAsRawText(ScriptEngine.java:119)
	at com.kms.katalon.core.main.TestCaseExecutor.runScript(TestCaseExecutor.java:448)
	at com.kms.katalon.core.main.TestCaseExecutor.doExecute(TestCaseExecutor.java:439)
	at com.kms.katalon.core.main.TestCaseExecutor.processExecutionPhase(TestCaseExecutor.java:418)
	at com.kms.katalon.core.main.TestCaseExecutor.accessMainPhase(TestCaseExecutor.java:410)
	at com.kms.katalon.core.main.TestCaseExecutor.execute(TestCaseExecutor.java:285)
	at com.kms.katalon.core.common.CommonExecutor.accessTestCaseMainPhase(CommonExecutor.java:65)
	at com.kms.katalon.core.main.TestSuiteExecutor.accessTestSuiteMainPhase(TestSuiteExecutor.java:148)
	at com.kms.katalon.core.main.TestSuiteExecutor.execute(TestSuiteExecutor.java:106)
	at com.kms.katalon.core.main.TestCaseMain.startTestSuite(TestCaseMain.java:187)
	at com.kms.katalon.core.main.TestCaseMain$startTestSuite$0.call(Unknown Source)
	at TempTestSuite1720824695139.run(TempTestSuite1720824695139.groovy:35)
)

2024-07-12 19:15:53 - [TEST_STEP][PASSED] - else: pages.WriteExcel.demoKey is PASSED

2024-07-12 19:15:53 - [TEST_STEP][PASSED] - markPassed("User Password was NOT Modified"): User Password was NOT Modified

2024-07-12 19:15:53 - [MESSAGE][PASSED] - User Password was NOT Modified

2024-07-12 19:15:53 - [TEST_STEP][PASSED] - resText = "Fail": null

2024-07-12 19:15:53 - [TEST_STEP][PASSED] - pages.WriteExcel.demoKey(resText, datText, resColumn, datCloumn, fileLoc, nameSheet, row): pages.WriteExcel.demoKey is PASSED

2024-07-12 19:15:53 - [MESSAGE][PASSED] - pages.WriteExcel.demoKey is PASSED

2024-07-12 19:15:53 - [TEST_STEP][PASSED] - closeBrowser(): Browser is closed

2024-07-12 19:15:54 - [MESSAGE][PASSED] - Browser is closed

2024-07-12 19:15:54 - [TEST_STEP][PASSED] - ExecuteTC = findTestData(dataFile).getValue("Execute", row): null

2024-07-12 19:15:55 - [TEST_STEP][PASSED] - out.println("Value of Execute is : " + ExecuteTC): null

2024-07-12 19:15:55 - [TEST_STEP][PASSED] - if (ExecuteTC.equalsIgnoreCase("Y")): Browser is closed

2024-07-12 19:15:55 - [TEST_STEP][PASSED] - out.println("Begin Record Number: " + row): null

2024-07-12 19:15:55 - [TEST_STEP][PASSED] - today = new java.util.Date(): null

2024-07-12 19:15:55 - [TEST_STEP][PASSED] - println(today): null

2024-07-12 19:15:55 - [TEST_STEP][PASSED] - datText = today: null

2024-07-12 19:15:55 - [TEST_STEP][PASSED] - adminSuiteBootstrap.loginFunctionality.login_AdminSuite(): adminSuiteBootstrap.loginFunctionality.login_AdminSuite is PASSED

2024-07-12 19:15:55 - [MESSAGE][INFO] - Starting 'Chrome' driver

2024-07-12 19:15:55 - [MESSAGE][INFO] - User set preference: ['acceptInsecureCerts', 'true']

2024-07-12 19:15:55 - [MESSAGE][INFO] - Action delay is set to 0 milliseconds

2024-07-12 19:15:57 - [MESSAGE][PASSED] - Browser is opened with url: 'https://qa2.velocitypayment.com/admin/imtiaz'

2024-07-12 19:15:57 - [MESSAGE][PASSED] - Current window maximized

2024-07-12 19:15:58 - [MESSAGE][PASSED] - Object 'Object Repository/Login_Page/Login_Username_Okta' is present

2024-07-12 19:15:59 - [MESSAGE][PASSED] - Text 'iahmed' is set on object 'Object Repository/Login_Page/Login_Username_Okta'

2024-07-12 19:16:00 - [MESSAGE][PASSED] - Text 'Hello!6666666' is set on object 'Object Repository/Login_Page/Login_Password_Okta'

2024-07-12 19:16:00 - [MESSAGE][PASSED] - Object: 'Object Repository/Login_Page/Login_Submit_Okta' is clicked on

2024-07-12 19:16:00 - [MESSAGE][PASSED] - adminSuiteBootstrap.loginFunctionality.login_AdminSuite is PASSED

2024-07-12 19:16:00 - [TEST_STEP][PASSED] - click(findTestObject(path_Dashboard + "a_Access User Management")): Object: 'Object Repository/AdminSuiteBootstrap_Pages/Dashboard_Bootstrap/a_Access User Management' is clicked on

2024-07-12 19:16:09 - [MESSAGE][PASSED] - Object: 'Object Repository/AdminSuiteBootstrap_Pages/Dashboard_Bootstrap/a_Access User Management' is clicked on

2024-07-12 19:16:09 - [TEST_STEP][PASSED] - click(findTestObject(path_Users + "a_Find User")): Object: 'Object Repository/AdminSuiteBootstrap_Pages/UM_Bootstrap/Users/a_Find User' is clicked on

2024-07-12 19:16:09 - [MESSAGE][PASSED] - Object: 'Object Repository/AdminSuiteBootstrap_Pages/UM_Bootstrap/Users/a_Find User' is clicked on

2024-07-12 19:16:09 - [TEST_STEP][PASSED] - adminSuiteBootstrap.findUser.findUser_DD(row, dataFile): adminSuiteBootstrap.findUser.findUser_DD is PASSED

2024-07-12 19:16:11 - [MESSAGE][PASSED] - Text 'ToBeModUser' is set on object 'Object Repository/AdminSuiteBootstrap_Pages/UM_Bootstrap/FindUser/input_Username'

2024-07-12 19:16:11 - [MESSAGE][PASSED] - Text '' is set on object 'Object Repository/AdminSuiteBootstrap_Pages/UM_Bootstrap/FindUser/input_FirstName'

2024-07-12 19:16:12 - [MESSAGE][PASSED] - Text '' is set on object 'Object Repository/AdminSuiteBootstrap_Pages/UM_Bootstrap/FindUser/input_LastName'

2024-07-12 19:16:13 - [MESSAGE][PASSED] - All options with label 'Exact Match' are selected in object 'Object Repository/AdminSuiteBootstrap_Pages/UM_Bootstrap/FindUser/select_SearchType' 

2024-07-12 19:16:16 - [MESSAGE][PASSED] - Object: 'Object Repository/AdminSuiteBootstrap_Pages/UM_Bootstrap/FindUser/button_Search' is clicked on

2024-07-12 19:16:16 - [MESSAGE][PASSED] - adminSuiteBootstrap.findUser.findUser_DD is PASSED

2024-07-12 19:16:16 - [TEST_STEP][PASSED] - if (verifyElementPresent(findTestObject(path_UserView + "button_Modify"), 30)): null

2024-07-12 19:16:17 - [MESSAGE][PASSED] - Object 'Object Repository/AdminSuiteBootstrap_Pages/UM_Bootstrap/UserView/button_Modify' is present

2024-07-12 19:16:17 - [TEST_STEP][PASSED] - verifyTextPresent("ToBeModUser", true): Text 'ToBeModUser' is present on page  using regular expression

2024-07-12 19:16:17 - [MESSAGE][PASSED] - Text 'ToBeModUser' is present on page  using regular expression

2024-07-12 19:16:17 - [TEST_STEP][PASSED] - click(findTestObject(path_ModifyUser + "button_Modify_UserView")): Object: 'Object Repository/AdminSuiteBootstrap_Pages/UM_Bootstrap/ModifyUser/button_Modify_UserView' is clicked on

2024-07-12 19:16:18 - [MESSAGE][PASSED] - Object: 'Object Repository/AdminSuiteBootstrap_Pages/UM_Bootstrap/ModifyUser/button_Modify_UserView' is clicked on

2024-07-12 19:16:18 - [TEST_STEP][PASSED] - check(findTestObject(path_ModifyUser + "input_Yes_changePassword")): Object 'Object Repository/AdminSuiteBootstrap_Pages/UM_Bootstrap/ModifyUser/input_Yes_changePassword' is checked

2024-07-12 19:16:18 - [MESSAGE][PASSED] - Object 'Object Repository/AdminSuiteBootstrap_Pages/UM_Bootstrap/ModifyUser/input_Yes_changePassword' is checked

2024-07-12 19:16:19 - [TEST_STEP][PASSED] - PasswordSpChar = findTestData(dataFile).getValue("PasswordSpChar", row): null

2024-07-12 19:16:19 - [TEST_STEP][PASSED] - PasswordLength = findTestData(dataFile).getValue("PasswordLength", row): null

2024-07-12 19:16:19 - [TEST_STEP][PASSED] - lenPassword = Integer.parseInt(PasswordLength): null

2024-07-12 19:16:19 - [TEST_STEP][PASSED] - buildPassword = pages.GenerateRandom.getRandomAlphaNumCustomLength(lenPassword): pages.GenerateRandom.getRandomAlphaNumCustomLength is PASSED

2024-07-12 19:16:19 - [MESSAGE][PASSED] - pages.GenerateRandom.getRandomAlphaNumCustomLength is PASSED

2024-07-12 19:16:19 - [TEST_STEP][PASSED] - FinalPassword = buildPassword + PasswordSpChar: null

2024-07-12 19:16:19 - [TEST_STEP][PASSED] - println("Final Password is : " + FinalPassword): null

2024-07-12 19:16:19 - [TEST_STEP][PASSED] - setText(findTestObject(path_ModifyUser + "input_New Password"), FinalPassword): Text 'tKIQm0F0r@Jj0' is set on object 'Object Repository/AdminSuiteBootstrap_Pages/UM_Bootstrap/ModifyUser/input_New Password'

2024-07-12 19:16:19 - [MESSAGE][PASSED] - Text 'tKIQm0F0r@Jj0' is set on object 'Object Repository/AdminSuiteBootstrap_Pages/UM_Bootstrap/ModifyUser/input_New Password'

2024-07-12 19:16:19 - [TEST_STEP][PASSED] - setText(findTestObject(path_ModifyUser + "input_Confirm Password"), FinalPassword): Text 'tKIQm0F0r@Jj0' is set on object 'Object Repository/AdminSuiteBootstrap_Pages/UM_Bootstrap/ModifyUser/input_Confirm Password'

2024-07-12 19:16:20 - [MESSAGE][PASSED] - Text 'tKIQm0F0r@Jj0' is set on object 'Object Repository/AdminSuiteBootstrap_Pages/UM_Bootstrap/ModifyUser/input_Confirm Password'

2024-07-12 19:16:20 - [TEST_STEP][PASSED] - click(findTestObject(path_ModifyUser + "button_Update")): Object: 'Object Repository/AdminSuiteBootstrap_Pages/UM_Bootstrap/ModifyUser/button_Update' is clicked on

2024-07-12 19:16:25 - [MESSAGE][PASSED] - Object: 'Object Repository/AdminSuiteBootstrap_Pages/UM_Bootstrap/ModifyUser/button_Update' is clicked on

2024-07-12 19:16:25 - [TEST_STEP][PASSED] - if (verifyTextPresent("User Account Modified The user account for", true)): null

2024-07-12 19:16:26 - [MESSAGE][PASSED] - Text 'User Account Modified The user account for' is present on page  using regular expression

2024-07-12 19:16:26 - [TEST_STEP][PASSED] - verifyTextPresent("was successfully modified", true): Text 'was successfully modified' is present on page  using regular expression

2024-07-12 19:16:26 - [MESSAGE][PASSED] - Text 'was successfully modified' is present on page  using regular expression

2024-07-12 19:16:26 - [TEST_STEP][PASSED] - markPassed("User Password was Modified Successfully"): User Password was Modified Successfully

2024-07-12 19:16:26 - [MESSAGE][PASSED] - User Password was Modified Successfully

2024-07-12 19:16:26 - [TEST_STEP][PASSED] - resText = "Pass": null

2024-07-12 19:16:26 - [TEST_STEP][PASSED] - pages.WriteExcel.demoKey(resText, datText, resColumn, datCloumn, fileLoc, nameSheet, row): pages.WriteExcel.demoKey is PASSED

2024-07-12 19:16:26 - [MESSAGE][PASSED] - pages.WriteExcel.demoKey is PASSED

2024-07-12 19:16:26 - [TEST_STEP][PASSED] - closeBrowser(): Browser is closed

2024-07-12 19:16:27 - [MESSAGE][PASSED] - Browser is closed]]></system-out>
         <system-err><![CDATA[2024-07-12 19:12:48 - [TEST_CASE][FAILED] - Test Cases/Admin Suite Bootstrap/UM_TestCases/Users/ModifyUserPassword: Test Cases/Admin Suite Bootstrap/UM_TestCases/Users/ModifyUserPassword FAILED.
Reason:
com.kms.katalon.core.exception.StepFailedException: Text 'User Account Modified The user account for' is not present on page  using regular expression (Root cause: com.kms.katalon.core.exception.StepFailedException: Text 'User Account Modified The user account for' is not present on page  using regular expression
	at com.kms.katalon.core.webui.keyword.internal.WebUIKeywordMain.stepFailed(WebUIKeywordMain.groovy:64)
	at com.kms.katalon.core.webui.keyword.builtin.VerifyTextPresentKeyword$_verifyTextPresent_closure1.doCall(VerifyTextPresentKeyword.groovy:79)
	at com.kms.katalon.core.webui.keyword.builtin.VerifyTextPresentKeyword$_verifyTextPresent_closure1.call(VerifyTextPresentKeyword.groovy)
	at com.kms.katalon.core.webui.keyword.internal.WebUIKeywordMain.runKeyword(WebUIKeywordMain.groovy:20)
	at com.kms.katalon.core.webui.keyword.builtin.VerifyTextPresentKeyword.verifyTextPresent(VerifyTextPresentKeyword.groovy:83)
	at com.kms.katalon.core.webui.keyword.builtin.VerifyTextPresentKeyword.execute(VerifyTextPresentKeyword.groovy:68)
	at com.kms.katalon.core.keyword.internal.KeywordExecutor.executeKeywordForPlatform(KeywordExecutor.groovy:74)
	at com.kms.katalon.core.webui.keyword.WebUiBuiltInKeywords.verifyTextPresent(WebUiBuiltInKeywords.groovy:1723)
	at com.kms.katalon.core.webui.keyword.WebUiBuiltInKeywords$verifyTextPresent$5.call(Unknown Source)
	at ModifyUserPassword.run(ModifyUserPassword:114)
	at com.kms.katalon.core.main.ScriptEngine.run(ScriptEngine.java:194)
	at com.kms.katalon.core.main.ScriptEngine.runScriptAsRawText(ScriptEngine.java:119)
	at com.kms.katalon.core.main.TestCaseExecutor.runScript(TestCaseExecutor.java:448)
	at com.kms.katalon.core.main.TestCaseExecutor.doExecute(TestCaseExecutor.java:439)
	at com.kms.katalon.core.main.TestCaseExecutor.processExecutionPhase(TestCaseExecutor.java:418)
	at com.kms.katalon.core.main.TestCaseExecutor.accessMainPhase(TestCaseExecutor.java:410)
	at com.kms.katalon.core.main.TestCaseExecutor.execute(TestCaseExecutor.java:285)
	at com.kms.katalon.core.common.CommonExecutor.accessTestCaseMainPhase(CommonExecutor.java:65)
	at com.kms.katalon.core.main.TestSuiteExecutor.accessTestSuiteMainPhase(TestSuiteExecutor.java:148)
	at com.kms.katalon.core.main.TestSuiteExecutor.execute(TestSuiteExecutor.java:106)
	at com.kms.katalon.core.main.TestCaseMain.startTestSuite(TestCaseMain.java:187)
	at com.kms.katalon.core.main.TestCaseMain$startTestSuite$0.call(Unknown Source)
	at TempTestSuite1720824695139.run(TempTestSuite1720824695139.groovy:35)
)
	at com.kms.katalon.core.keyword.internal.KeywordMain.stepFailed(KeywordMain.groovy:39)
	at com.kms.katalon.core.webui.keyword.internal.WebUIKeywordMain.stepFailed(WebUIKeywordMain.groovy:64)
	at com.kms.katalon.core.webui.keyword.builtin.VerifyTextPresentKeyword$_verifyTextPresent_closure1.doCall(VerifyTextPresentKeyword.groovy:79)
	at com.kms.katalon.core.webui.keyword.builtin.VerifyTextPresentKeyword$_verifyTextPresent_closure1.call(VerifyTextPresentKeyword.groovy)
	at com.kms.katalon.core.webui.keyword.internal.WebUIKeywordMain.runKeyword(WebUIKeywordMain.groovy:20)
	at com.kms.katalon.core.webui.keyword.builtin.VerifyTextPresentKeyword.verifyTextPresent(VerifyTextPresentKeyword.groovy:83)
	at com.kms.katalon.core.webui.keyword.builtin.VerifyTextPresentKeyword.execute(VerifyTextPresentKeyword.groovy:68)
	at com.kms.katalon.core.keyword.internal.KeywordExecutor.executeKeywordForPlatform(KeywordExecutor.groovy:74)
	at com.kms.katalon.core.webui.keyword.WebUiBuiltInKeywords.verifyTextPresent(WebUiBuiltInKeywords.groovy:1723)
	at com.kms.katalon.core.webui.keyword.WebUiBuiltInKeywords$verifyTextPresent$5.call(Unknown Source)
	at ModifyUserPassword.run(ModifyUserPassword:114)
	at com.kms.katalon.core.main.ScriptEngine.run(ScriptEngine.java:194)
	at com.kms.katalon.core.main.ScriptEngine.runScriptAsRawText(ScriptEngine.java:119)
	at com.kms.katalon.core.main.TestCaseExecutor.runScript(TestCaseExecutor.java:448)
	at com.kms.katalon.core.main.TestCaseExecutor.doExecute(TestCaseExecutor.java:439)
	at com.kms.katalon.core.main.TestCaseExecutor.processExecutionPhase(TestCaseExecutor.java:418)
	at com.kms.katalon.core.main.TestCaseExecutor.accessMainPhase(TestCaseExecutor.java:410)
	at com.kms.katalon.core.main.TestCaseExecutor.execute(TestCaseExecutor.java:285)
	at com.kms.katalon.core.common.CommonExecutor.accessTestCaseMainPhase(CommonExecutor.java:65)
	at com.kms.katalon.core.main.TestSuiteExecutor.accessTestSuiteMainPhase(TestSuiteExecutor.java:148)
	at com.kms.katalon.core.main.TestSuiteExecutor.execute(TestSuiteExecutor.java:106)
	at com.kms.katalon.core.main.TestCaseMain.startTestSuite(TestCaseMain.java:187)
	at com.kms.katalon.core.main.TestCaseMain$startTestSuite$0.call(Unknown Source)
	at TempTestSuite1720824695139.run(TempTestSuite1720824695139.groovy:35)
Caused by: com.kms.katalon.core.exception.StepFailedException: Text 'User Account Modified The user account for' is not present on page  using regular expression
	... 23 more]]></system-err>
      </testcase>
      <testcase name="Test Cases/Admin Suite Bootstrap/UM_TestCases/Users/ModifyUser" time="80.61" classname="Test Cases/Admin Suite Bootstrap/UM_TestCases/Users/ModifyUser" status="PASSED">
         <system-out><![CDATA[2024-07-12 19:16:27 - [TEST_CASE][PASSED] - Test Cases/Admin Suite Bootstrap/UM_TestCases/Users/ModifyUser: Test Cases/Admin Suite Bootstrap/UM_TestCases/Users/ModifyUser

2024-07-12 19:16:28 - [TEST_STEP][PASSED] - path_Dashboard = "Object Repository/AdminSuiteBootstrap_Pages/Dashboard_Bootstrap/": null

2024-07-12 19:16:28 - [TEST_STEP][PASSED] - path_Users = "Object Repository/AdminSuiteBootstrap_Pages/UM_Bootstrap/Users/": null

2024-07-12 19:16:28 - [TEST_STEP][PASSED] - path_UserView = "Object Repository/AdminSuiteBootstrap_Pages/UM_Bootstrap/UserView/": null

2024-07-12 19:16:28 - [TEST_STEP][PASSED] - path_DeleteUser = "Object Repository/AdminSuiteBootstrap_Pages/UM_Bootstrap/DeleteUser/": null

2024-07-12 19:16:28 - [TEST_STEP][PASSED] - path_ModifyUser = "Object Repository/AdminSuiteBootstrap_Pages/UM_Bootstrap/ModifyUser/": null

2024-07-12 19:16:28 - [TEST_STEP][PASSED] - executionProfile = getExecutionProfile(): null

2024-07-12 19:16:28 - [TEST_STEP][PASSED] - out.println("executionProfile : " + executionProfile): null

2024-07-12 19:16:28 - [TEST_STEP][PASSED] - appName = <not implemented yet for class: org.codehaus.groovy.ast.expr.EmptyExpression>: null

2024-07-12 19:16:28 - [TEST_STEP][PASSED] - appID = <not implemented yet for class: org.codehaus.groovy.ast.expr.EmptyExpression>: null

2024-07-12 19:16:28 - [TEST_STEP][PASSED] - cardNameV = <not implemented yet for class: org.codehaus.groovy.ast.expr.EmptyExpression>: null

2024-07-12 19:16:28 - [TEST_STEP][PASSED] - al1V = <not implemented yet for class: org.codehaus.groovy.ast.expr.EmptyExpression>: null

2024-07-12 19:16:28 - [TEST_STEP][PASSED] - al2V = <not implemented yet for class: org.codehaus.groovy.ast.expr.EmptyExpression>: null

2024-07-12 19:16:28 - [TEST_STEP][PASSED] - zipV = <not implemented yet for class: org.codehaus.groovy.ast.expr.EmptyExpression>: null

2024-07-12 19:16:28 - [TEST_STEP][PASSED] - cardTypeV = <not implemented yet for class: org.codehaus.groovy.ast.expr.EmptyExpression>: null

2024-07-12 19:16:28 - [TEST_STEP][PASSED] - resText = "Fail": null

2024-07-12 19:16:28 - [TEST_STEP][PASSED] - resColumn = "Result": null

2024-07-12 19:16:28 - [TEST_STEP][PASSED] - datCloumn = "Date": null

2024-07-12 19:16:28 - [TEST_STEP][PASSED] - fileLoc = "KatalonData/Bootstrap/UM-Data.xlsx": null

2024-07-12 19:16:28 - [TEST_STEP][PASSED] - numOfRows = <not implemented yet for class: org.codehaus.groovy.ast.expr.EmptyExpression>: null

2024-07-12 19:16:28 - [TEST_STEP][PASSED] - dataFile = <not implemented yet for class: org.codehaus.groovy.ast.expr.EmptyExpression>: null

2024-07-12 19:16:28 - [TEST_STEP][PASSED] - nameSheet = <not implemented yet for class: org.codehaus.groovy.ast.expr.EmptyExpression>: null

2024-07-12 19:16:28 - [TEST_STEP][PASSED] - dataFileEmulator = <not implemented yet for class: org.codehaus.groovy.ast.expr.EmptyExpression>: null

2024-07-12 19:16:28 - [TEST_STEP][PASSED] - nameSheet = "ModifyUser": null

2024-07-12 19:16:28 - [TEST_STEP][PASSED] - dataFile = "QA/Bootstrap/UM-TestData/ModifyUser": null

2024-07-12 19:16:28 - [TEST_STEP][PASSED] - numOfRows = findTestData("QA/Bootstrap/UM-TestData/ModifyUser").getRowNumbers(): null

2024-07-12 19:16:28 - [TEST_STEP][PASSED] - println("Number of Records: " + numOfRows): null

2024-07-12 19:16:28 - [TEST_STEP][PASSED] - for ([row = 1, row <= numOfRows, (row++)]): Browser is closed

2024-07-12 19:16:28 - [TEST_STEP][PASSED] - ExecuteTC = findTestData(dataFile).getValue("Execute", row): null

2024-07-12 19:16:28 - [TEST_STEP][PASSED] - out.println("Value of Execute is : " + ExecuteTC): null

2024-07-12 19:16:28 - [TEST_STEP][PASSED] - if (ExecuteTC.equalsIgnoreCase("Y")): Browser is closed

2024-07-12 19:16:28 - [TEST_STEP][PASSED] - out.println("Begin Record Number: " + row): null

2024-07-12 19:16:28 - [TEST_STEP][PASSED] - today = new java.util.Date(): null

2024-07-12 19:16:28 - [TEST_STEP][PASSED] - println(today): null

2024-07-12 19:16:28 - [TEST_STEP][PASSED] - datText = today: null

2024-07-12 19:16:28 - [TEST_STEP][PASSED] - adminSuiteBootstrap.loginFunctionality.login_AdminSuite(): adminSuiteBootstrap.loginFunctionality.login_AdminSuite is PASSED

2024-07-12 19:16:28 - [MESSAGE][INFO] - Starting 'Chrome' driver

2024-07-12 19:16:28 - [MESSAGE][INFO] - User set preference: ['acceptInsecureCerts', 'true']

2024-07-12 19:16:28 - [MESSAGE][INFO] - Action delay is set to 0 milliseconds

2024-07-12 19:16:31 - [MESSAGE][PASSED] - Browser is opened with url: 'https://qa2.velocitypayment.com/admin/imtiaz'

2024-07-12 19:16:31 - [MESSAGE][PASSED] - Current window maximized

2024-07-12 19:16:32 - [MESSAGE][PASSED] - Object 'Object Repository/Login_Page/Login_Username_Okta' is present

2024-07-12 19:16:32 - [MESSAGE][PASSED] - Text 'iahmed' is set on object 'Object Repository/Login_Page/Login_Username_Okta'

2024-07-12 19:16:33 - [MESSAGE][PASSED] - Text 'Hello!6666666' is set on object 'Object Repository/Login_Page/Login_Password_Okta'

2024-07-12 19:16:34 - [MESSAGE][PASSED] - Object: 'Object Repository/Login_Page/Login_Submit_Okta' is clicked on

2024-07-12 19:16:34 - [MESSAGE][PASSED] - adminSuiteBootstrap.loginFunctionality.login_AdminSuite is PASSED

2024-07-12 19:16:34 - [TEST_STEP][PASSED] - click(findTestObject(path_Dashboard + "a_Access User Management")): Object: 'Object Repository/AdminSuiteBootstrap_Pages/Dashboard_Bootstrap/a_Access User Management' is clicked on

2024-07-12 19:16:42 - [MESSAGE][PASSED] - Object: 'Object Repository/AdminSuiteBootstrap_Pages/Dashboard_Bootstrap/a_Access User Management' is clicked on

2024-07-12 19:16:42 - [TEST_STEP][PASSED] - click(findTestObject(path_Users + "a_Add User")): Object: 'Object Repository/AdminSuiteBootstrap_Pages/UM_Bootstrap/Users/a_Add User' is clicked on

2024-07-12 19:16:42 - [MESSAGE][PASSED] - Object: 'Object Repository/AdminSuiteBootstrap_Pages/UM_Bootstrap/Users/a_Add User' is clicked on

2024-07-12 19:16:42 - [TEST_STEP][PASSED] - adminSuiteBootstrap.addUser.setDataAddUser(row, dataFile): adminSuiteBootstrap.addUser.setDataAddUser is PASSED

2024-07-12 19:16:43 - [MESSAGE][PASSED] - Text 'iahmed@govolution.com' is set on object 'Object Repository/AdminSuiteBootstrap_Pages/UM_Bootstrap/AddUser/input_EmailAddress'

2024-07-12 19:16:44 - [MESSAGE][PASSED] - Text 'BjjHaFwzs' is set on object 'Object Repository/AdminSuiteBootstrap_Pages/UM_Bootstrap/AddUser/input_Username'

2024-07-12 19:16:45 - [MESSAGE][PASSED] - Text 'eKhitpujo' is set on object 'Object Repository/AdminSuiteBootstrap_Pages/UM_Bootstrap/AddUser/input_FirstName'

2024-07-12 19:16:46 - [MESSAGE][PASSED] - Text 'ncdFieisL' is set on object 'Object Repository/AdminSuiteBootstrap_Pages/UM_Bootstrap/AddUser/input_LastName'

2024-07-12 19:16:46 - [MESSAGE][PASSED] - Text 'Hello@5555555' is set on object 'Object Repository/AdminSuiteBootstrap_Pages/UM_Bootstrap/AddUser/input_Password'

2024-07-12 19:16:47 - [MESSAGE][PASSED] - Text 'Hello@5555555' is set on object 'Object Repository/AdminSuiteBootstrap_Pages/UM_Bootstrap/AddUser/input_ConfirmPassword'

2024-07-12 19:16:47 - [MESSAGE][PASSED] - Object 'Object Repository/AdminSuiteBootstrap_Pages/UM_Bootstrap/AddUser/input_No_lock' is checked

2024-07-12 19:16:53 - [MESSAGE][PASSED] - Object: 'Object Repository/AdminSuiteBootstrap_Pages/UM_Bootstrap/AddUser/button_Create' is clicked on

2024-07-12 19:16:53 - [MESSAGE][PASSED] - adminSuiteBootstrap.addUser.setDataAddUser is PASSED

2024-07-12 19:16:53 - [TEST_STEP][PASSED] - if (verifyTextPresent("User Account Created A user account for", true)): null

2024-07-12 19:16:54 - [MESSAGE][PASSED] - Text 'User Account Created A user account for' is present on page  using regular expression

2024-07-12 19:16:54 - [TEST_STEP][PASSED] - verifyTextPresent("was successfully created", true): Text 'was successfully created' is present on page  using regular expression

2024-07-12 19:16:54 - [MESSAGE][PASSED] - Text 'was successfully created' is present on page  using regular expression

2024-07-12 19:16:54 - [TEST_STEP][PASSED] - click(findTestObject(path_ModifyUser + "button_Modify_UserView")): Object: 'Object Repository/AdminSuiteBootstrap_Pages/UM_Bootstrap/ModifyUser/button_Modify_UserView' is clicked on

2024-07-12 19:16:55 - [MESSAGE][PASSED] - Object: 'Object Repository/AdminSuiteBootstrap_Pages/UM_Bootstrap/ModifyUser/button_Modify_UserView' is clicked on

2024-07-12 19:16:55 - [TEST_STEP][PASSED] - setText(findTestObject(path_ModifyUser + "input_First Name_firstName"), "ModifiedFname"): Text 'ModifiedFname' is set on object 'Object Repository/AdminSuiteBootstrap_Pages/UM_Bootstrap/ModifyUser/input_First Name_firstName'

2024-07-12 19:16:56 - [MESSAGE][PASSED] - Text 'ModifiedFname' is set on object 'Object Repository/AdminSuiteBootstrap_Pages/UM_Bootstrap/ModifyUser/input_First Name_firstName'

2024-07-12 19:16:56 - [TEST_STEP][PASSED] - setText(findTestObject(path_ModifyUser + "input_Last Name_lastName"), "ModifiedLname"): Text 'ModifiedLname' is set on object 'Object Repository/AdminSuiteBootstrap_Pages/UM_Bootstrap/ModifyUser/input_Last Name_lastName'

2024-07-12 19:16:56 - [MESSAGE][PASSED] - Text 'ModifiedLname' is set on object 'Object Repository/AdminSuiteBootstrap_Pages/UM_Bootstrap/ModifyUser/input_Last Name_lastName'

2024-07-12 19:16:56 - [TEST_STEP][PASSED] - setText(findTestObject(path_ModifyUser + "input_Email Address_emailAddress"), "imtiazster@gmail.com"): Text 'imtiazster@gmail.com' is set on object 'Object Repository/AdminSuiteBootstrap_Pages/UM_Bootstrap/ModifyUser/input_Email Address_emailAddress'

2024-07-12 19:16:57 - [MESSAGE][PASSED] - Text 'imtiazster@gmail.com' is set on object 'Object Repository/AdminSuiteBootstrap_Pages/UM_Bootstrap/ModifyUser/input_Email Address_emailAddress'

2024-07-12 19:16:57 - [TEST_STEP][PASSED] - setText(findTestObject(path_ModifyUser + "input_Cell Phone Number_cellPhoneNumber"), "7038945000"): Text '7038945000' is set on object 'Object Repository/AdminSuiteBootstrap_Pages/UM_Bootstrap/ModifyUser/input_Cell Phone Number_cellPhoneNumber'

2024-07-12 19:16:58 - [MESSAGE][PASSED] - Text '7038945000' is set on object 'Object Repository/AdminSuiteBootstrap_Pages/UM_Bootstrap/ModifyUser/input_Cell Phone Number_cellPhoneNumber'

2024-07-12 19:16:58 - [TEST_STEP][PASSED] - click(findTestObject(path_ModifyUser + "button_Update")): Object: 'Object Repository/AdminSuiteBootstrap_Pages/UM_Bootstrap/ModifyUser/button_Update' is clicked on

2024-07-12 19:17:02 - [MESSAGE][PASSED] - Object: 'Object Repository/AdminSuiteBootstrap_Pages/UM_Bootstrap/ModifyUser/button_Update' is clicked on

2024-07-12 19:17:02 - [TEST_STEP][PASSED] - if (verifyTextPresent("User Account Modified The user account for", true)): null

2024-07-12 19:17:02 - [MESSAGE][PASSED] - Text 'User Account Modified The user account for' is present on page  using regular expression

2024-07-12 19:17:02 - [TEST_STEP][PASSED] - verifyTextPresent("was successfully modified", true): Text 'was successfully modified' is present on page  using regular expression

2024-07-12 19:17:03 - [MESSAGE][PASSED] - Text 'was successfully modified' is present on page  using regular expression

2024-07-12 19:17:03 - [TEST_STEP][PASSED] - verifyTextPresent("ModifiedFname", true): Text 'ModifiedFname' is present on page  using regular expression

2024-07-12 19:17:03 - [MESSAGE][PASSED] - Text 'ModifiedFname' is present on page  using regular expression

2024-07-12 19:17:03 - [TEST_STEP][PASSED] - verifyTextPresent("ModifiedLname", true): Text 'ModifiedLname' is present on page  using regular expression

2024-07-12 19:17:04 - [MESSAGE][PASSED] - Text 'ModifiedLname' is present on page  using regular expression

2024-07-12 19:17:04 - [TEST_STEP][PASSED] - verifyTextPresent("imtiazster@gmail.com", true): Text 'imtiazster@gmail.com' is present on page  using regular expression

2024-07-12 19:17:04 - [MESSAGE][PASSED] - Text 'imtiazster@gmail.com' is present on page  using regular expression

2024-07-12 19:17:04 - [TEST_STEP][PASSED] - markPassed("User was Modified Successfully"): User was Modified Successfully

2024-07-12 19:17:04 - [MESSAGE][PASSED] - User was Modified Successfully

2024-07-12 19:17:04 - [TEST_STEP][PASSED] - resText = "Pass": null

2024-07-12 19:17:04 - [TEST_STEP][PASSED] - pages.WriteExcel.demoKey(resText, datText, resColumn, datCloumn, fileLoc, nameSheet, row): pages.WriteExcel.demoKey is PASSED

2024-07-12 19:17:04 - [MESSAGE][PASSED] - pages.WriteExcel.demoKey is PASSED

2024-07-12 19:17:04 - [TEST_STEP][PASSED] - click(findTestObject(path_UserView + "button_Delete")): Object: 'Object Repository/AdminSuiteBootstrap_Pages/UM_Bootstrap/UserView/button_Delete' is clicked on

2024-07-12 19:17:04 - [MESSAGE][PASSED] - Object: 'Object Repository/AdminSuiteBootstrap_Pages/UM_Bootstrap/UserView/button_Delete' is clicked on

2024-07-12 19:17:04 - [TEST_STEP][PASSED] - click(findTestObject(path_DeleteUser + "button_DeleteUser_Delete")): Object: 'Object Repository/AdminSuiteBootstrap_Pages/UM_Bootstrap/DeleteUser/button_DeleteUser_Delete' is clicked on

2024-07-12 19:17:05 - [MESSAGE][PASSED] - Object: 'Object Repository/AdminSuiteBootstrap_Pages/UM_Bootstrap/DeleteUser/button_DeleteUser_Delete' is clicked on

2024-07-12 19:17:05 - [TEST_STEP][PASSED] - click(findTestObject(path_DeleteUser + "button_DeleteUser_Okay")): Object: 'Object Repository/AdminSuiteBootstrap_Pages/UM_Bootstrap/DeleteUser/button_DeleteUser_Okay' is clicked on

2024-07-12 19:17:06 - [MESSAGE][PASSED] - Object: 'Object Repository/AdminSuiteBootstrap_Pages/UM_Bootstrap/DeleteUser/button_DeleteUser_Okay' is clicked on

2024-07-12 19:17:06 - [TEST_STEP][PASSED] - closeBrowser(): Browser is closed

2024-07-12 19:17:08 - [MESSAGE][PASSED] - Browser is closed

2024-07-12 19:17:08 - [TEST_STEP][PASSED] - ExecuteTC = findTestData(dataFile).getValue("Execute", row): null

2024-07-12 19:17:08 - [TEST_STEP][PASSED] - out.println("Value of Execute is : " + ExecuteTC): null

2024-07-12 19:17:08 - [TEST_STEP][PASSED] - if (ExecuteTC.equalsIgnoreCase("Y")): Browser is closed

2024-07-12 19:17:08 - [TEST_STEP][PASSED] - out.println("Begin Record Number: " + row): null

2024-07-12 19:17:08 - [TEST_STEP][PASSED] - today = new java.util.Date(): null

2024-07-12 19:17:08 - [TEST_STEP][PASSED] - println(today): null

2024-07-12 19:17:08 - [TEST_STEP][PASSED] - datText = today: null

2024-07-12 19:17:08 - [TEST_STEP][PASSED] - adminSuiteBootstrap.loginFunctionality.login_AdminSuite(): adminSuiteBootstrap.loginFunctionality.login_AdminSuite is PASSED

2024-07-12 19:17:08 - [MESSAGE][INFO] - Starting 'Chrome' driver

2024-07-12 19:17:08 - [MESSAGE][INFO] - User set preference: ['acceptInsecureCerts', 'true']

2024-07-12 19:17:08 - [MESSAGE][INFO] - Action delay is set to 0 milliseconds

2024-07-12 19:17:11 - [MESSAGE][PASSED] - Browser is opened with url: 'https://qa2.velocitypayment.com/admin/imtiaz'

2024-07-12 19:17:11 - [MESSAGE][PASSED] - Current window maximized

2024-07-12 19:17:11 - [MESSAGE][PASSED] - Object 'Object Repository/Login_Page/Login_Username_Okta' is present

2024-07-12 19:17:12 - [MESSAGE][PASSED] - Text 'iahmed' is set on object 'Object Repository/Login_Page/Login_Username_Okta'

2024-07-12 19:17:13 - [MESSAGE][PASSED] - Text 'Hello!6666666' is set on object 'Object Repository/Login_Page/Login_Password_Okta'

2024-07-12 19:17:13 - [MESSAGE][PASSED] - Object: 'Object Repository/Login_Page/Login_Submit_Okta' is clicked on

2024-07-12 19:17:13 - [MESSAGE][PASSED] - adminSuiteBootstrap.loginFunctionality.login_AdminSuite is PASSED

2024-07-12 19:17:13 - [TEST_STEP][PASSED] - click(findTestObject(path_Dashboard + "a_Access User Management")): Object: 'Object Repository/AdminSuiteBootstrap_Pages/Dashboard_Bootstrap/a_Access User Management' is clicked on

2024-07-12 19:17:21 - [MESSAGE][PASSED] - Object: 'Object Repository/AdminSuiteBootstrap_Pages/Dashboard_Bootstrap/a_Access User Management' is clicked on

2024-07-12 19:17:21 - [TEST_STEP][PASSED] - click(findTestObject(path_Users + "a_Add User")): Object: 'Object Repository/AdminSuiteBootstrap_Pages/UM_Bootstrap/Users/a_Add User' is clicked on

2024-07-12 19:17:22 - [MESSAGE][PASSED] - Object: 'Object Repository/AdminSuiteBootstrap_Pages/UM_Bootstrap/Users/a_Add User' is clicked on

2024-07-12 19:17:22 - [TEST_STEP][PASSED] - adminSuiteBootstrap.addUser.setDataAddUser(row, dataFile): adminSuiteBootstrap.addUser.setDataAddUser is PASSED

2024-07-12 19:17:23 - [MESSAGE][PASSED] - Text 'iahmed@govolution.com' is set on object 'Object Repository/AdminSuiteBootstrap_Pages/UM_Bootstrap/AddUser/input_EmailAddress'

2024-07-12 19:17:24 - [MESSAGE][PASSED] - Text 'bj8EJ9wlo' is set on object 'Object Repository/AdminSuiteBootstrap_Pages/UM_Bootstrap/AddUser/input_Username'

2024-07-12 19:17:25 - [MESSAGE][PASSED] - Text 'fPMCMTHku' is set on object 'Object Repository/AdminSuiteBootstrap_Pages/UM_Bootstrap/AddUser/input_FirstName'

2024-07-12 19:17:26 - [MESSAGE][PASSED] - Text 'UsDpXroik' is set on object 'Object Repository/AdminSuiteBootstrap_Pages/UM_Bootstrap/AddUser/input_LastName'

2024-07-12 19:17:26 - [MESSAGE][PASSED] - Text 'Hello@5555555' is set on object 'Object Repository/AdminSuiteBootstrap_Pages/UM_Bootstrap/AddUser/input_Password'

2024-07-12 19:17:27 - [MESSAGE][PASSED] - Text 'Hello@5555555' is set on object 'Object Repository/AdminSuiteBootstrap_Pages/UM_Bootstrap/AddUser/input_ConfirmPassword'

2024-07-12 19:17:28 - [MESSAGE][PASSED] - Object 'Object Repository/AdminSuiteBootstrap_Pages/UM_Bootstrap/AddUser/input_No_lock' is checked

2024-07-12 19:17:33 - [MESSAGE][PASSED] - Object: 'Object Repository/AdminSuiteBootstrap_Pages/UM_Bootstrap/AddUser/button_Create' is clicked on

2024-07-12 19:17:33 - [MESSAGE][PASSED] - adminSuiteBootstrap.addUser.setDataAddUser is PASSED

2024-07-12 19:17:33 - [TEST_STEP][PASSED] - if (verifyTextPresent("User Account Created A user account for", true)): null

2024-07-12 19:17:34 - [MESSAGE][PASSED] - Text 'User Account Created A user account for' is present on page  using regular expression

2024-07-12 19:17:34 - [TEST_STEP][PASSED] - verifyTextPresent("was successfully created", true): Text 'was successfully created' is present on page  using regular expression

2024-07-12 19:17:34 - [MESSAGE][PASSED] - Text 'was successfully created' is present on page  using regular expression

2024-07-12 19:17:34 - [TEST_STEP][PASSED] - click(findTestObject(path_ModifyUser + "button_Modify_UserView")): Object: 'Object Repository/AdminSuiteBootstrap_Pages/UM_Bootstrap/ModifyUser/button_Modify_UserView' is clicked on

2024-07-12 19:17:35 - [MESSAGE][PASSED] - Object: 'Object Repository/AdminSuiteBootstrap_Pages/UM_Bootstrap/ModifyUser/button_Modify_UserView' is clicked on

2024-07-12 19:17:35 - [TEST_STEP][PASSED] - setText(findTestObject(path_ModifyUser + "input_First Name_firstName"), "ModifiedFname"): Text 'ModifiedFname' is set on object 'Object Repository/AdminSuiteBootstrap_Pages/UM_Bootstrap/ModifyUser/input_First Name_firstName'

2024-07-12 19:17:36 - [MESSAGE][PASSED] - Text 'ModifiedFname' is set on object 'Object Repository/AdminSuiteBootstrap_Pages/UM_Bootstrap/ModifyUser/input_First Name_firstName'

2024-07-12 19:17:36 - [TEST_STEP][PASSED] - setText(findTestObject(path_ModifyUser + "input_Last Name_lastName"), "ModifiedLname"): Text 'ModifiedLname' is set on object 'Object Repository/AdminSuiteBootstrap_Pages/UM_Bootstrap/ModifyUser/input_Last Name_lastName'

2024-07-12 19:17:37 - [MESSAGE][PASSED] - Text 'ModifiedLname' is set on object 'Object Repository/AdminSuiteBootstrap_Pages/UM_Bootstrap/ModifyUser/input_Last Name_lastName'

2024-07-12 19:17:37 - [TEST_STEP][PASSED] - setText(findTestObject(path_ModifyUser + "input_Email Address_emailAddress"), "imtiazster@gmail.com"): Text 'imtiazster@gmail.com' is set on object 'Object Repository/AdminSuiteBootstrap_Pages/UM_Bootstrap/ModifyUser/input_Email Address_emailAddress'

2024-07-12 19:17:38 - [MESSAGE][PASSED] - Text 'imtiazster@gmail.com' is set on object 'Object Repository/AdminSuiteBootstrap_Pages/UM_Bootstrap/ModifyUser/input_Email Address_emailAddress'

2024-07-12 19:17:38 - [TEST_STEP][PASSED] - setText(findTestObject(path_ModifyUser + "input_Cell Phone Number_cellPhoneNumber"), "7038945000"): Text '7038945000' is set on object 'Object Repository/AdminSuiteBootstrap_Pages/UM_Bootstrap/ModifyUser/input_Cell Phone Number_cellPhoneNumber'

2024-07-12 19:17:38 - [MESSAGE][PASSED] - Text '7038945000' is set on object 'Object Repository/AdminSuiteBootstrap_Pages/UM_Bootstrap/ModifyUser/input_Cell Phone Number_cellPhoneNumber'

2024-07-12 19:17:38 - [TEST_STEP][PASSED] - click(findTestObject(path_ModifyUser + "button_Update")): Object: 'Object Repository/AdminSuiteBootstrap_Pages/UM_Bootstrap/ModifyUser/button_Update' is clicked on

2024-07-12 19:17:42 - [MESSAGE][PASSED] - Object: 'Object Repository/AdminSuiteBootstrap_Pages/UM_Bootstrap/ModifyUser/button_Update' is clicked on

2024-07-12 19:17:42 - [TEST_STEP][PASSED] - if (verifyTextPresent("User Account Modified The user account for", true)): null

2024-07-12 19:17:43 - [MESSAGE][PASSED] - Text 'User Account Modified The user account for' is present on page  using regular expression

2024-07-12 19:17:43 - [TEST_STEP][PASSED] - verifyTextPresent("was successfully modified", true): Text 'was successfully modified' is present on page  using regular expression

2024-07-12 19:17:43 - [MESSAGE][PASSED] - Text 'was successfully modified' is present on page  using regular expression

2024-07-12 19:17:43 - [TEST_STEP][PASSED] - verifyTextPresent("ModifiedFname", true): Text 'ModifiedFname' is present on page  using regular expression

2024-07-12 19:17:43 - [MESSAGE][PASSED] - Text 'ModifiedFname' is present on page  using regular expression

2024-07-12 19:17:43 - [TEST_STEP][PASSED] - verifyTextPresent("ModifiedLname", true): Text 'ModifiedLname' is present on page  using regular expression

2024-07-12 19:17:44 - [MESSAGE][PASSED] - Text 'ModifiedLname' is present on page  using regular expression

2024-07-12 19:17:44 - [TEST_STEP][PASSED] - verifyTextPresent("imtiazster@gmail.com", true): Text 'imtiazster@gmail.com' is present on page  using regular expression

2024-07-12 19:17:44 - [MESSAGE][PASSED] - Text 'imtiazster@gmail.com' is present on page  using regular expression

2024-07-12 19:17:44 - [TEST_STEP][PASSED] - markPassed("User was Modified Successfully"): User was Modified Successfully

2024-07-12 19:17:44 - [MESSAGE][PASSED] - User was Modified Successfully

2024-07-12 19:17:44 - [TEST_STEP][PASSED] - resText = "Pass": null

2024-07-12 19:17:44 - [TEST_STEP][PASSED] - pages.WriteExcel.demoKey(resText, datText, resColumn, datCloumn, fileLoc, nameSheet, row): pages.WriteExcel.demoKey is PASSED

2024-07-12 19:17:44 - [MESSAGE][PASSED] - pages.WriteExcel.demoKey is PASSED

2024-07-12 19:17:44 - [TEST_STEP][PASSED] - click(findTestObject(path_UserView + "button_Delete")): Object: 'Object Repository/AdminSuiteBootstrap_Pages/UM_Bootstrap/UserView/button_Delete' is clicked on

2024-07-12 19:17:45 - [MESSAGE][PASSED] - Object: 'Object Repository/AdminSuiteBootstrap_Pages/UM_Bootstrap/UserView/button_Delete' is clicked on

2024-07-12 19:17:45 - [TEST_STEP][PASSED] - click(findTestObject(path_DeleteUser + "button_DeleteUser_Delete")): Object: 'Object Repository/AdminSuiteBootstrap_Pages/UM_Bootstrap/DeleteUser/button_DeleteUser_Delete' is clicked on

2024-07-12 19:17:45 - [MESSAGE][PASSED] - Object: 'Object Repository/AdminSuiteBootstrap_Pages/UM_Bootstrap/DeleteUser/button_DeleteUser_Delete' is clicked on

2024-07-12 19:17:45 - [TEST_STEP][PASSED] - click(findTestObject(path_DeleteUser + "button_DeleteUser_Okay")): Object: 'Object Repository/AdminSuiteBootstrap_Pages/UM_Bootstrap/DeleteUser/button_DeleteUser_Okay' is clicked on

2024-07-12 19:17:47 - [MESSAGE][PASSED] - Object: 'Object Repository/AdminSuiteBootstrap_Pages/UM_Bootstrap/DeleteUser/button_DeleteUser_Okay' is clicked on

2024-07-12 19:17:47 - [TEST_STEP][PASSED] - closeBrowser(): Browser is closed

2024-07-12 19:17:48 - [MESSAGE][PASSED] - Browser is closed]]></system-out>
         <system-err><![CDATA[]]></system-err>
      </testcase>
      <testcase name="Test Cases/Admin Suite Bootstrap/UM_TestCases/UsersErrors/AddUserSpCharFirstNameError" time="91.949" classname="Test Cases/Admin Suite Bootstrap/UM_TestCases/UsersErrors/AddUserSpCharFirstNameError" status="PASSED">
         <system-out><![CDATA[2024-07-12 19:17:48 - [TEST_CASE][PASSED] - Test Cases/Admin Suite Bootstrap/UM_TestCases/UsersErrors/AddUserSpCharFirstNameError: Test Cases/Admin Suite Bootstrap/UM_TestCases/UsersErrors/AddUserSpCharFirstNameError

2024-07-12 19:17:48 - [TEST_STEP][PASSED] - path_Dashboard = "Object Repository/AdminSuiteBootstrap_Pages/Dashboard_Bootstrap/": null

2024-07-12 19:17:48 - [TEST_STEP][PASSED] - path_Users = "Object Repository/AdminSuiteBootstrap_Pages/UM_Bootstrap/Users/": null

2024-07-12 19:17:48 - [TEST_STEP][PASSED] - path_UserView = "Object Repository/AdminSuiteBootstrap_Pages/UM_Bootstrap/UserView/": null

2024-07-12 19:17:48 - [TEST_STEP][PASSED] - path_DeleteUser = "Object Repository/AdminSuiteBootstrap_Pages/UM_Bootstrap/DeleteUser/": null

2024-07-12 19:17:48 - [TEST_STEP][PASSED] - path_AddUser = "Object Repository/AdminSuiteBootstrap_Pages/UM_Bootstrap/AddUser/": null

2024-07-12 19:17:48 - [TEST_STEP][PASSED] - executionProfile = getExecutionProfile(): null

2024-07-12 19:17:48 - [TEST_STEP][PASSED] - out.println("executionProfile : " + executionProfile): null

2024-07-12 19:17:48 - [TEST_STEP][PASSED] - appName = <not implemented yet for class: org.codehaus.groovy.ast.expr.EmptyExpression>: null

2024-07-12 19:17:48 - [TEST_STEP][PASSED] - appID = <not implemented yet for class: org.codehaus.groovy.ast.expr.EmptyExpression>: null

2024-07-12 19:17:48 - [TEST_STEP][PASSED] - spUsername = <not implemented yet for class: org.codehaus.groovy.ast.expr.EmptyExpression>: null

2024-07-12 19:17:48 - [TEST_STEP][PASSED] - resText = "Fail": null

2024-07-12 19:17:48 - [TEST_STEP][PASSED] - resColumn = "Result": null

2024-07-12 19:17:48 - [TEST_STEP][PASSED] - datCloumn = "Date": null

2024-07-12 19:17:48 - [TEST_STEP][PASSED] - fileLoc = "KatalonData/Bootstrap/UM-Data.xlsx": null

2024-07-12 19:17:49 - [TEST_STEP][PASSED] - numOfRows = <not implemented yet for class: org.codehaus.groovy.ast.expr.EmptyExpression>: null

2024-07-12 19:17:49 - [TEST_STEP][PASSED] - dataFile = <not implemented yet for class: org.codehaus.groovy.ast.expr.EmptyExpression>: null

2024-07-12 19:17:49 - [TEST_STEP][PASSED] - nameSheet = <not implemented yet for class: org.codehaus.groovy.ast.expr.EmptyExpression>: null

2024-07-12 19:17:49 - [TEST_STEP][PASSED] - dataFileEmulator = <not implemented yet for class: org.codehaus.groovy.ast.expr.EmptyExpression>: null

2024-07-12 19:17:49 - [TEST_STEP][PASSED] - nameSheet = "CreateUserSCFNameErr": null

2024-07-12 19:17:49 - [TEST_STEP][PASSED] - dataFile = "QA/Bootstrap/UM-TestData/CreateUserSCFNameErr": null

2024-07-12 19:17:49 - [TEST_STEP][PASSED] - numOfRows = findTestData("QA/Bootstrap/UM-TestData/CreateUserSCFNameErr").getRowNumbers(): null

2024-07-12 19:17:49 - [TEST_STEP][PASSED] - println("Number of Records: " + numOfRows): null

2024-07-12 19:17:49 - [TEST_STEP][PASSED] - for ([row = 1, row <= numOfRows, (row++)]): Browser is closed

2024-07-12 19:17:49 - [TEST_STEP][PASSED] - ExecuteTC = findTestData(dataFile).getValue("Execute", row): null

2024-07-12 19:17:49 - [TEST_STEP][PASSED] - out.println("Value of Execute is : " + ExecuteTC): null

2024-07-12 19:17:49 - [TEST_STEP][PASSED] - if (ExecuteTC.equalsIgnoreCase("Y")): Browser is closed

2024-07-12 19:17:49 - [TEST_STEP][PASSED] - out.println("Begin Record Number: " + row): null

2024-07-12 19:17:49 - [TEST_STEP][PASSED] - today = new java.util.Date(): null

2024-07-12 19:17:49 - [TEST_STEP][PASSED] - println(today): null

2024-07-12 19:17:49 - [TEST_STEP][PASSED] - datText = today: null

2024-07-12 19:17:49 - [TEST_STEP][PASSED] - adminSuiteBootstrap.loginFunctionality.login_AdminSuite(): adminSuiteBootstrap.loginFunctionality.login_AdminSuite is PASSED

2024-07-12 19:17:49 - [MESSAGE][INFO] - Starting 'Chrome' driver

2024-07-12 19:17:49 - [MESSAGE][INFO] - User set preference: ['acceptInsecureCerts', 'true']

2024-07-12 19:17:49 - [MESSAGE][INFO] - Action delay is set to 0 milliseconds

2024-07-12 19:17:52 - [MESSAGE][PASSED] - Browser is opened with url: 'https://qa2.velocitypayment.com/admin/imtiaz'

2024-07-12 19:17:52 - [MESSAGE][PASSED] - Current window maximized

2024-07-12 19:17:52 - [MESSAGE][PASSED] - Object 'Object Repository/Login_Page/Login_Username_Okta' is present

2024-07-12 19:17:53 - [MESSAGE][PASSED] - Text 'iahmed' is set on object 'Object Repository/Login_Page/Login_Username_Okta'

2024-07-12 19:17:54 - [MESSAGE][PASSED] - Text 'Hello!6666666' is set on object 'Object Repository/Login_Page/Login_Password_Okta'

2024-07-12 19:17:54 - [MESSAGE][PASSED] - Object: 'Object Repository/Login_Page/Login_Submit_Okta' is clicked on

2024-07-12 19:17:54 - [MESSAGE][PASSED] - adminSuiteBootstrap.loginFunctionality.login_AdminSuite is PASSED

2024-07-12 19:17:54 - [TEST_STEP][PASSED] - click(findTestObject(path_Dashboard + "a_Access User Management")): Object: 'Object Repository/AdminSuiteBootstrap_Pages/Dashboard_Bootstrap/a_Access User Management' is clicked on

2024-07-12 19:18:05 - [MESSAGE][PASSED] - Object: 'Object Repository/AdminSuiteBootstrap_Pages/Dashboard_Bootstrap/a_Access User Management' is clicked on

2024-07-12 19:18:05 - [TEST_STEP][PASSED] - click(findTestObject(path_Users + "a_Add User")): Object: 'Object Repository/AdminSuiteBootstrap_Pages/UM_Bootstrap/Users/a_Add User' is clicked on

2024-07-12 19:18:06 - [MESSAGE][PASSED] - Object: 'Object Repository/AdminSuiteBootstrap_Pages/UM_Bootstrap/Users/a_Add User' is clicked on

2024-07-12 19:18:06 - [TEST_STEP][PASSED] - buildUsername = pages.GenerateRandom.getRandomAlpha(): pages.GenerateRandom.getRandomAlpha is PASSED

2024-07-12 19:18:06 - [MESSAGE][PASSED] - pages.GenerateRandom.getRandomAlpha is PASSED

2024-07-12 19:18:06 - [TEST_STEP][PASSED] - prefixUsername = findTestData(dataFile).getValue("Firstname", row): null

2024-07-12 19:18:06 - [TEST_STEP][PASSED] - spUsername = prefixUsername + buildUsername: null

2024-07-12 19:18:06 - [TEST_STEP][PASSED] - setText(findTestObject(path_AddUser + "input_EmailAddress"), "iahmed@govolution.com"): Text 'iahmed@govolution.com' is set on object 'Object Repository/AdminSuiteBootstrap_Pages/UM_Bootstrap/AddUser/input_EmailAddress'

2024-07-12 19:18:06 - [MESSAGE][PASSED] - Text 'iahmed@govolution.com' is set on object 'Object Repository/AdminSuiteBootstrap_Pages/UM_Bootstrap/AddUser/input_EmailAddress'

2024-07-12 19:18:06 - [TEST_STEP][PASSED] - setText(findTestObject(path_AddUser + "input_Username"), buildUsername): Text 'nXlhCSyHG' is set on object 'Object Repository/AdminSuiteBootstrap_Pages/UM_Bootstrap/AddUser/input_Username'

2024-07-12 19:18:07 - [MESSAGE][PASSED] - Text 'nXlhCSyHG' is set on object 'Object Repository/AdminSuiteBootstrap_Pages/UM_Bootstrap/AddUser/input_Username'

2024-07-12 19:18:07 - [TEST_STEP][PASSED] - setText(findTestObject(path_AddUser + "input_FirstName"), spUsername): Text '=nXlhCSyHG' is set on object 'Object Repository/AdminSuiteBootstrap_Pages/UM_Bootstrap/AddUser/input_FirstName'

2024-07-12 19:18:08 - [MESSAGE][PASSED] - Text '=nXlhCSyHG' is set on object 'Object Repository/AdminSuiteBootstrap_Pages/UM_Bootstrap/AddUser/input_FirstName'

2024-07-12 19:18:08 - [TEST_STEP][PASSED] - setText(findTestObject(path_AddUser + "input_LastName"), "Luka"): Text 'Luka' is set on object 'Object Repository/AdminSuiteBootstrap_Pages/UM_Bootstrap/AddUser/input_LastName'

2024-07-12 19:18:09 - [MESSAGE][PASSED] - Text 'Luka' is set on object 'Object Repository/AdminSuiteBootstrap_Pages/UM_Bootstrap/AddUser/input_LastName'

2024-07-12 19:18:09 - [TEST_STEP][PASSED] - setText(findTestObject(path_AddUser + "input_Password"), "hello6666"): Text 'hello6666' is set on object 'Object Repository/AdminSuiteBootstrap_Pages/UM_Bootstrap/AddUser/input_Password'

2024-07-12 19:18:09 - [MESSAGE][PASSED] - Text 'hello6666' is set on object 'Object Repository/AdminSuiteBootstrap_Pages/UM_Bootstrap/AddUser/input_Password'

2024-07-12 19:18:09 - [TEST_STEP][PASSED] - setText(findTestObject(path_AddUser + "input_ConfirmPassword"), "hello6666"): Text 'hello6666' is set on object 'Object Repository/AdminSuiteBootstrap_Pages/UM_Bootstrap/AddUser/input_ConfirmPassword'

2024-07-12 19:18:10 - [MESSAGE][PASSED] - Text 'hello6666' is set on object 'Object Repository/AdminSuiteBootstrap_Pages/UM_Bootstrap/AddUser/input_ConfirmPassword'

2024-07-12 19:18:10 - [TEST_STEP][PASSED] - check(findTestObject(path_AddUser + "input_No_lock")): Object 'Object Repository/AdminSuiteBootstrap_Pages/UM_Bootstrap/AddUser/input_No_lock' is checked

2024-07-12 19:18:11 - [MESSAGE][PASSED] - Object 'Object Repository/AdminSuiteBootstrap_Pages/UM_Bootstrap/AddUser/input_No_lock' is checked

2024-07-12 19:18:11 - [TEST_STEP][PASSED] - click(findTestObject(path_AddUser + "button_Create")): Object: 'Object Repository/AdminSuiteBootstrap_Pages/UM_Bootstrap/AddUser/button_Create' is clicked on

2024-07-12 19:18:11 - [MESSAGE][PASSED] - Object: 'Object Repository/AdminSuiteBootstrap_Pages/UM_Bootstrap/AddUser/button_Create' is clicked on

2024-07-12 19:18:11 - [TEST_STEP][PASSED] - if (verifyTextPresent("Error! Please provide the following required information as indicated below", true)): null

2024-07-12 19:18:12 - [MESSAGE][PASSED] - Text 'Error! Please provide the following required information as indicated below' is present on page  using regular expression

2024-07-12 19:18:12 - [TEST_STEP][PASSED] - verifyTextPresent("First name can not contain "+"," -", "=" or "@"", false): Text 'First name can not contain "+"," -", "=" or "@"' is present on page 

2024-07-12 19:18:12 - [MESSAGE][PASSED] - Text 'First name can not contain "+"," -", "=" or "@"' is present on page 

2024-07-12 19:18:12 - [TEST_STEP][PASSED] - markPassed("First name can not contain"): First name can not contain

2024-07-12 19:18:12 - [MESSAGE][PASSED] - First name can not contain

2024-07-12 19:18:12 - [TEST_STEP][PASSED] - resText = "Pass": null

2024-07-12 19:18:12 - [TEST_STEP][PASSED] - pages.WriteExcel.demoKey(resText, datText, resColumn, datCloumn, fileLoc, nameSheet, row): pages.WriteExcel.demoKey is PASSED

2024-07-12 19:18:12 - [MESSAGE][PASSED] - pages.WriteExcel.demoKey is PASSED

2024-07-12 19:18:12 - [TEST_STEP][PASSED] - closeBrowser(): Browser is closed

2024-07-12 19:18:14 - [MESSAGE][PASSED] - Browser is closed

2024-07-12 19:18:14 - [TEST_STEP][PASSED] - ExecuteTC = findTestData(dataFile).getValue("Execute", row): null

2024-07-12 19:18:14 - [TEST_STEP][PASSED] - out.println("Value of Execute is : " + ExecuteTC): null

2024-07-12 19:18:14 - [TEST_STEP][PASSED] - if (ExecuteTC.equalsIgnoreCase("Y")): Browser is closed

2024-07-12 19:18:14 - [TEST_STEP][PASSED] - out.println("Begin Record Number: " + row): null

2024-07-12 19:18:14 - [TEST_STEP][PASSED] - today = new java.util.Date(): null

2024-07-12 19:18:14 - [TEST_STEP][PASSED] - println(today): null

2024-07-12 19:18:14 - [TEST_STEP][PASSED] - datText = today: null

2024-07-12 19:18:14 - [TEST_STEP][PASSED] - adminSuiteBootstrap.loginFunctionality.login_AdminSuite(): adminSuiteBootstrap.loginFunctionality.login_AdminSuite is PASSED

2024-07-12 19:18:14 - [MESSAGE][INFO] - Starting 'Chrome' driver

2024-07-12 19:18:14 - [MESSAGE][INFO] - User set preference: ['acceptInsecureCerts', 'true']

2024-07-12 19:18:14 - [MESSAGE][INFO] - Action delay is set to 0 milliseconds

2024-07-12 19:18:16 - [MESSAGE][PASSED] - Browser is opened with url: 'https://qa2.velocitypayment.com/admin/imtiaz'

2024-07-12 19:18:17 - [MESSAGE][PASSED] - Current window maximized

2024-07-12 19:18:17 - [MESSAGE][PASSED] - Object 'Object Repository/Login_Page/Login_Username_Okta' is present

2024-07-12 19:18:18 - [MESSAGE][PASSED] - Text 'iahmed' is set on object 'Object Repository/Login_Page/Login_Username_Okta'

2024-07-12 19:18:19 - [MESSAGE][PASSED] - Text 'Hello!6666666' is set on object 'Object Repository/Login_Page/Login_Password_Okta'

2024-07-12 19:18:19 - [MESSAGE][PASSED] - Object: 'Object Repository/Login_Page/Login_Submit_Okta' is clicked on

2024-07-12 19:18:19 - [MESSAGE][PASSED] - adminSuiteBootstrap.loginFunctionality.login_AdminSuite is PASSED

2024-07-12 19:18:19 - [TEST_STEP][PASSED] - click(findTestObject(path_Dashboard + "a_Access User Management")): Object: 'Object Repository/AdminSuiteBootstrap_Pages/Dashboard_Bootstrap/a_Access User Management' is clicked on

2024-07-12 19:18:27 - [MESSAGE][PASSED] - Object: 'Object Repository/AdminSuiteBootstrap_Pages/Dashboard_Bootstrap/a_Access User Management' is clicked on

2024-07-12 19:18:27 - [TEST_STEP][PASSED] - click(findTestObject(path_Users + "a_Add User")): Object: 'Object Repository/AdminSuiteBootstrap_Pages/UM_Bootstrap/Users/a_Add User' is clicked on

2024-07-12 19:18:28 - [MESSAGE][PASSED] - Object: 'Object Repository/AdminSuiteBootstrap_Pages/UM_Bootstrap/Users/a_Add User' is clicked on

2024-07-12 19:18:28 - [TEST_STEP][PASSED] - buildUsername = pages.GenerateRandom.getRandomAlpha(): pages.GenerateRandom.getRandomAlpha is PASSED

2024-07-12 19:18:28 - [MESSAGE][PASSED] - pages.GenerateRandom.getRandomAlpha is PASSED

2024-07-12 19:18:28 - [TEST_STEP][PASSED] - prefixUsername = findTestData(dataFile).getValue("Firstname", row): null

2024-07-12 19:18:28 - [TEST_STEP][PASSED] - spUsername = prefixUsername + buildUsername: null

2024-07-12 19:18:28 - [TEST_STEP][PASSED] - setText(findTestObject(path_AddUser + "input_EmailAddress"), "iahmed@govolution.com"): Text 'iahmed@govolution.com' is set on object 'Object Repository/AdminSuiteBootstrap_Pages/UM_Bootstrap/AddUser/input_EmailAddress'

2024-07-12 19:18:28 - [MESSAGE][PASSED] - Text 'iahmed@govolution.com' is set on object 'Object Repository/AdminSuiteBootstrap_Pages/UM_Bootstrap/AddUser/input_EmailAddress'

2024-07-12 19:18:28 - [TEST_STEP][PASSED] - setText(findTestObject(path_AddUser + "input_Username"), buildUsername): Text 'srxCFVPLv' is set on object 'Object Repository/AdminSuiteBootstrap_Pages/UM_Bootstrap/AddUser/input_Username'

2024-07-12 19:18:29 - [MESSAGE][PASSED] - Text 'srxCFVPLv' is set on object 'Object Repository/AdminSuiteBootstrap_Pages/UM_Bootstrap/AddUser/input_Username'

2024-07-12 19:18:29 - [TEST_STEP][PASSED] - setText(findTestObject(path_AddUser + "input_FirstName"), spUsername): Text '-srxCFVPLv' is set on object 'Object Repository/AdminSuiteBootstrap_Pages/UM_Bootstrap/AddUser/input_FirstName'

2024-07-12 19:18:30 - [MESSAGE][PASSED] - Text '-srxCFVPLv' is set on object 'Object Repository/AdminSuiteBootstrap_Pages/UM_Bootstrap/AddUser/input_FirstName'

2024-07-12 19:18:30 - [TEST_STEP][PASSED] - setText(findTestObject(path_AddUser + "input_LastName"), "Luka"): Text 'Luka' is set on object 'Object Repository/AdminSuiteBootstrap_Pages/UM_Bootstrap/AddUser/input_LastName'

2024-07-12 19:18:31 - [MESSAGE][PASSED] - Text 'Luka' is set on object 'Object Repository/AdminSuiteBootstrap_Pages/UM_Bootstrap/AddUser/input_LastName'

2024-07-12 19:18:31 - [TEST_STEP][PASSED] - setText(findTestObject(path_AddUser + "input_Password"), "hello6666"): Text 'hello6666' is set on object 'Object Repository/AdminSuiteBootstrap_Pages/UM_Bootstrap/AddUser/input_Password'

2024-07-12 19:18:32 - [MESSAGE][PASSED] - Text 'hello6666' is set on object 'Object Repository/AdminSuiteBootstrap_Pages/UM_Bootstrap/AddUser/input_Password'

2024-07-12 19:18:32 - [TEST_STEP][PASSED] - setText(findTestObject(path_AddUser + "input_ConfirmPassword"), "hello6666"): Text 'hello6666' is set on object 'Object Repository/AdminSuiteBootstrap_Pages/UM_Bootstrap/AddUser/input_ConfirmPassword'

2024-07-12 19:18:32 - [MESSAGE][PASSED] - Text 'hello6666' is set on object 'Object Repository/AdminSuiteBootstrap_Pages/UM_Bootstrap/AddUser/input_ConfirmPassword'

2024-07-12 19:18:32 - [TEST_STEP][PASSED] - check(findTestObject(path_AddUser + "input_No_lock")): Object 'Object Repository/AdminSuiteBootstrap_Pages/UM_Bootstrap/AddUser/input_No_lock' is checked

2024-07-12 19:18:33 - [MESSAGE][PASSED] - Object 'Object Repository/AdminSuiteBootstrap_Pages/UM_Bootstrap/AddUser/input_No_lock' is checked

2024-07-12 19:18:33 - [TEST_STEP][PASSED] - click(findTestObject(path_AddUser + "button_Create")): Object: 'Object Repository/AdminSuiteBootstrap_Pages/UM_Bootstrap/AddUser/button_Create' is clicked on

2024-07-12 19:18:33 - [MESSAGE][PASSED] - Object: 'Object Repository/AdminSuiteBootstrap_Pages/UM_Bootstrap/AddUser/button_Create' is clicked on

2024-07-12 19:18:33 - [TEST_STEP][PASSED] - if (verifyTextPresent("Error! Please provide the following required information as indicated below", true)): null

2024-07-12 19:18:34 - [MESSAGE][PASSED] - Text 'Error! Please provide the following required information as indicated below' is present on page  using regular expression

2024-07-12 19:18:34 - [TEST_STEP][PASSED] - verifyTextPresent("First name can not contain "+"," -", "=" or "@"", false): Text 'First name can not contain "+"," -", "=" or "@"' is present on page 

2024-07-12 19:18:34 - [MESSAGE][PASSED] - Text 'First name can not contain "+"," -", "=" or "@"' is present on page 

2024-07-12 19:18:34 - [TEST_STEP][PASSED] - markPassed("First name can not contain"): First name can not contain

2024-07-12 19:18:34 - [MESSAGE][PASSED] - First name can not contain

2024-07-12 19:18:34 - [TEST_STEP][PASSED] - resText = "Pass": null

2024-07-12 19:18:34 - [TEST_STEP][PASSED] - pages.WriteExcel.demoKey(resText, datText, resColumn, datCloumn, fileLoc, nameSheet, row): pages.WriteExcel.demoKey is PASSED

2024-07-12 19:18:35 - [MESSAGE][PASSED] - pages.WriteExcel.demoKey is PASSED

2024-07-12 19:18:35 - [TEST_STEP][PASSED] - closeBrowser(): Browser is closed

2024-07-12 19:18:36 - [MESSAGE][PASSED] - Browser is closed

2024-07-12 19:18:36 - [TEST_STEP][PASSED] - ExecuteTC = findTestData(dataFile).getValue("Execute", row): null

2024-07-12 19:18:36 - [TEST_STEP][PASSED] - out.println("Value of Execute is : " + ExecuteTC): null

2024-07-12 19:18:36 - [TEST_STEP][PASSED] - if (ExecuteTC.equalsIgnoreCase("Y")): Browser is closed

2024-07-12 19:18:36 - [TEST_STEP][PASSED] - out.println("Begin Record Number: " + row): null

2024-07-12 19:18:36 - [TEST_STEP][PASSED] - today = new java.util.Date(): null

2024-07-12 19:18:36 - [TEST_STEP][PASSED] - println(today): null

2024-07-12 19:18:36 - [TEST_STEP][PASSED] - datText = today: null

2024-07-12 19:18:36 - [TEST_STEP][PASSED] - adminSuiteBootstrap.loginFunctionality.login_AdminSuite(): adminSuiteBootstrap.loginFunctionality.login_AdminSuite is PASSED

2024-07-12 19:18:36 - [MESSAGE][INFO] - Starting 'Chrome' driver

2024-07-12 19:18:36 - [MESSAGE][INFO] - User set preference: ['acceptInsecureCerts', 'true']

2024-07-12 19:18:36 - [MESSAGE][INFO] - Action delay is set to 0 milliseconds

2024-07-12 19:18:38 - [MESSAGE][PASSED] - Browser is opened with url: 'https://qa2.velocitypayment.com/admin/imtiaz'

2024-07-12 19:18:39 - [MESSAGE][PASSED] - Current window maximized

2024-07-12 19:18:39 - [MESSAGE][PASSED] - Object 'Object Repository/Login_Page/Login_Username_Okta' is present

2024-07-12 19:18:40 - [MESSAGE][PASSED] - Text 'iahmed' is set on object 'Object Repository/Login_Page/Login_Username_Okta'

2024-07-12 19:18:41 - [MESSAGE][PASSED] - Text 'Hello!6666666' is set on object 'Object Repository/Login_Page/Login_Password_Okta'

2024-07-12 19:18:41 - [MESSAGE][PASSED] - Object: 'Object Repository/Login_Page/Login_Submit_Okta' is clicked on

2024-07-12 19:18:41 - [MESSAGE][PASSED] - adminSuiteBootstrap.loginFunctionality.login_AdminSuite is PASSED

2024-07-12 19:18:41 - [TEST_STEP][PASSED] - click(findTestObject(path_Dashboard + "a_Access User Management")): Object: 'Object Repository/AdminSuiteBootstrap_Pages/Dashboard_Bootstrap/a_Access User Management' is clicked on

2024-07-12 19:18:49 - [MESSAGE][PASSED] - Object: 'Object Repository/AdminSuiteBootstrap_Pages/Dashboard_Bootstrap/a_Access User Management' is clicked on

2024-07-12 19:18:49 - [TEST_STEP][PASSED] - click(findTestObject(path_Users + "a_Add User")): Object: 'Object Repository/AdminSuiteBootstrap_Pages/UM_Bootstrap/Users/a_Add User' is clicked on

2024-07-12 19:18:50 - [MESSAGE][PASSED] - Object: 'Object Repository/AdminSuiteBootstrap_Pages/UM_Bootstrap/Users/a_Add User' is clicked on

2024-07-12 19:18:50 - [TEST_STEP][PASSED] - buildUsername = pages.GenerateRandom.getRandomAlpha(): pages.GenerateRandom.getRandomAlpha is PASSED

2024-07-12 19:18:50 - [MESSAGE][PASSED] - pages.GenerateRandom.getRandomAlpha is PASSED

2024-07-12 19:18:50 - [TEST_STEP][PASSED] - prefixUsername = findTestData(dataFile).getValue("Firstname", row): null

2024-07-12 19:18:50 - [TEST_STEP][PASSED] - spUsername = prefixUsername + buildUsername: null

2024-07-12 19:18:50 - [TEST_STEP][PASSED] - setText(findTestObject(path_AddUser + "input_EmailAddress"), "iahmed@govolution.com"): Text 'iahmed@govolution.com' is set on object 'Object Repository/AdminSuiteBootstrap_Pages/UM_Bootstrap/AddUser/input_EmailAddress'

2024-07-12 19:18:51 - [MESSAGE][PASSED] - Text 'iahmed@govolution.com' is set on object 'Object Repository/AdminSuiteBootstrap_Pages/UM_Bootstrap/AddUser/input_EmailAddress'

2024-07-12 19:18:51 - [TEST_STEP][PASSED] - setText(findTestObject(path_AddUser + "input_Username"), buildUsername): Text 'BifAmAJKQ' is set on object 'Object Repository/AdminSuiteBootstrap_Pages/UM_Bootstrap/AddUser/input_Username'

2024-07-12 19:18:51 - [MESSAGE][PASSED] - Text 'BifAmAJKQ' is set on object 'Object Repository/AdminSuiteBootstrap_Pages/UM_Bootstrap/AddUser/input_Username'

2024-07-12 19:18:51 - [TEST_STEP][PASSED] - setText(findTestObject(path_AddUser + "input_FirstName"), spUsername): Text '+BifAmAJKQ' is set on object 'Object Repository/AdminSuiteBootstrap_Pages/UM_Bootstrap/AddUser/input_FirstName'

2024-07-12 19:18:52 - [MESSAGE][PASSED] - Text '+BifAmAJKQ' is set on object 'Object Repository/AdminSuiteBootstrap_Pages/UM_Bootstrap/AddUser/input_FirstName'

2024-07-12 19:18:52 - [TEST_STEP][PASSED] - setText(findTestObject(path_AddUser + "input_LastName"), "Luka"): Text 'Luka' is set on object 'Object Repository/AdminSuiteBootstrap_Pages/UM_Bootstrap/AddUser/input_LastName'

2024-07-12 19:18:53 - [MESSAGE][PASSED] - Text 'Luka' is set on object 'Object Repository/AdminSuiteBootstrap_Pages/UM_Bootstrap/AddUser/input_LastName'

2024-07-12 19:18:53 - [TEST_STEP][PASSED] - setText(findTestObject(path_AddUser + "input_Password"), "hello6666"): Text 'hello6666' is set on object 'Object Repository/AdminSuiteBootstrap_Pages/UM_Bootstrap/AddUser/input_Password'

2024-07-12 19:18:54 - [MESSAGE][PASSED] - Text 'hello6666' is set on object 'Object Repository/AdminSuiteBootstrap_Pages/UM_Bootstrap/AddUser/input_Password'

2024-07-12 19:18:54 - [TEST_STEP][PASSED] - setText(findTestObject(path_AddUser + "input_ConfirmPassword"), "hello6666"): Text 'hello6666' is set on object 'Object Repository/AdminSuiteBootstrap_Pages/UM_Bootstrap/AddUser/input_ConfirmPassword'

2024-07-12 19:18:54 - [MESSAGE][PASSED] - Text 'hello6666' is set on object 'Object Repository/AdminSuiteBootstrap_Pages/UM_Bootstrap/AddUser/input_ConfirmPassword'

2024-07-12 19:18:54 - [TEST_STEP][PASSED] - check(findTestObject(path_AddUser + "input_No_lock")): Object 'Object Repository/AdminSuiteBootstrap_Pages/UM_Bootstrap/AddUser/input_No_lock' is checked

2024-07-12 19:18:55 - [MESSAGE][PASSED] - Object 'Object Repository/AdminSuiteBootstrap_Pages/UM_Bootstrap/AddUser/input_No_lock' is checked

2024-07-12 19:18:55 - [TEST_STEP][PASSED] - click(findTestObject(path_AddUser + "button_Create")): Object: 'Object Repository/AdminSuiteBootstrap_Pages/UM_Bootstrap/AddUser/button_Create' is clicked on

2024-07-12 19:18:56 - [MESSAGE][PASSED] - Object: 'Object Repository/AdminSuiteBootstrap_Pages/UM_Bootstrap/AddUser/button_Create' is clicked on

2024-07-12 19:18:56 - [TEST_STEP][PASSED] - if (verifyTextPresent("Error! Please provide the following required information as indicated below", true)): null

2024-07-12 19:18:56 - [MESSAGE][PASSED] - Text 'Error! Please provide the following required information as indicated below' is present on page  using regular expression

2024-07-12 19:18:56 - [TEST_STEP][PASSED] - verifyTextPresent("First name can not contain "+"," -", "=" or "@"", false): Text 'First name can not contain "+"," -", "=" or "@"' is present on page 

2024-07-12 19:18:56 - [MESSAGE][PASSED] - Text 'First name can not contain "+"," -", "=" or "@"' is present on page 

2024-07-12 19:18:56 - [TEST_STEP][PASSED] - markPassed("First name can not contain"): First name can not contain

2024-07-12 19:18:56 - [MESSAGE][PASSED] - First name can not contain

2024-07-12 19:18:56 - [TEST_STEP][PASSED] - resText = "Pass": null

2024-07-12 19:18:56 - [TEST_STEP][PASSED] - pages.WriteExcel.demoKey(resText, datText, resColumn, datCloumn, fileLoc, nameSheet, row): pages.WriteExcel.demoKey is PASSED

2024-07-12 19:18:57 - [MESSAGE][PASSED] - pages.WriteExcel.demoKey is PASSED

2024-07-12 19:18:57 - [TEST_STEP][PASSED] - closeBrowser(): Browser is closed

2024-07-12 19:18:58 - [MESSAGE][PASSED] - Browser is closed

2024-07-12 19:18:58 - [TEST_STEP][PASSED] - ExecuteTC = findTestData(dataFile).getValue("Execute", row): null

2024-07-12 19:18:58 - [TEST_STEP][PASSED] - out.println("Value of Execute is : " + ExecuteTC): null

2024-07-12 19:18:58 - [TEST_STEP][PASSED] - if (ExecuteTC.equalsIgnoreCase("Y")): Browser is closed

2024-07-12 19:18:58 - [TEST_STEP][PASSED] - out.println("Begin Record Number: " + row): null

2024-07-12 19:18:58 - [TEST_STEP][PASSED] - today = new java.util.Date(): null

2024-07-12 19:18:58 - [TEST_STEP][PASSED] - println(today): null

2024-07-12 19:18:58 - [TEST_STEP][PASSED] - datText = today: null

2024-07-12 19:18:58 - [TEST_STEP][PASSED] - adminSuiteBootstrap.loginFunctionality.login_AdminSuite(): adminSuiteBootstrap.loginFunctionality.login_AdminSuite is PASSED

2024-07-12 19:18:58 - [MESSAGE][INFO] - Starting 'Chrome' driver

2024-07-12 19:18:58 - [MESSAGE][INFO] - User set preference: ['acceptInsecureCerts', 'true']

2024-07-12 19:18:58 - [MESSAGE][INFO] - Action delay is set to 0 milliseconds

2024-07-12 19:19:00 - [MESSAGE][PASSED] - Browser is opened with url: 'https://qa2.velocitypayment.com/admin/imtiaz'

2024-07-12 19:19:01 - [MESSAGE][PASSED] - Current window maximized

2024-07-12 19:19:01 - [MESSAGE][PASSED] - Object 'Object Repository/Login_Page/Login_Username_Okta' is present

2024-07-12 19:19:02 - [MESSAGE][PASSED] - Text 'iahmed' is set on object 'Object Repository/Login_Page/Login_Username_Okta'

2024-07-12 19:19:03 - [MESSAGE][PASSED] - Text 'Hello!6666666' is set on object 'Object Repository/Login_Page/Login_Password_Okta'

2024-07-12 19:19:03 - [MESSAGE][PASSED] - Object: 'Object Repository/Login_Page/Login_Submit_Okta' is clicked on

2024-07-12 19:19:03 - [MESSAGE][PASSED] - adminSuiteBootstrap.loginFunctionality.login_AdminSuite is PASSED

2024-07-12 19:19:03 - [TEST_STEP][PASSED] - click(findTestObject(path_Dashboard + "a_Access User Management")): Object: 'Object Repository/AdminSuiteBootstrap_Pages/Dashboard_Bootstrap/a_Access User Management' is clicked on

2024-07-12 19:19:11 - [MESSAGE][PASSED] - Object: 'Object Repository/AdminSuiteBootstrap_Pages/Dashboard_Bootstrap/a_Access User Management' is clicked on

2024-07-12 19:19:11 - [TEST_STEP][PASSED] - click(findTestObject(path_Users + "a_Add User")): Object: 'Object Repository/AdminSuiteBootstrap_Pages/UM_Bootstrap/Users/a_Add User' is clicked on

2024-07-12 19:19:12 - [MESSAGE][PASSED] - Object: 'Object Repository/AdminSuiteBootstrap_Pages/UM_Bootstrap/Users/a_Add User' is clicked on

2024-07-12 19:19:12 - [TEST_STEP][PASSED] - buildUsername = pages.GenerateRandom.getRandomAlpha(): pages.GenerateRandom.getRandomAlpha is PASSED

2024-07-12 19:19:12 - [MESSAGE][PASSED] - pages.GenerateRandom.getRandomAlpha is PASSED

2024-07-12 19:19:12 - [TEST_STEP][PASSED] - prefixUsername = findTestData(dataFile).getValue("Firstname", row): null

2024-07-12 19:19:12 - [TEST_STEP][PASSED] - spUsername = prefixUsername + buildUsername: null

2024-07-12 19:19:12 - [TEST_STEP][PASSED] - setText(findTestObject(path_AddUser + "input_EmailAddress"), "iahmed@govolution.com"): Text 'iahmed@govolution.com' is set on object 'Object Repository/AdminSuiteBootstrap_Pages/UM_Bootstrap/AddUser/input_EmailAddress'

2024-07-12 19:19:13 - [MESSAGE][PASSED] - Text 'iahmed@govolution.com' is set on object 'Object Repository/AdminSuiteBootstrap_Pages/UM_Bootstrap/AddUser/input_EmailAddress'

2024-07-12 19:19:13 - [TEST_STEP][PASSED] - setText(findTestObject(path_AddUser + "input_Username"), buildUsername): Text 'YhYrsTnLA' is set on object 'Object Repository/AdminSuiteBootstrap_Pages/UM_Bootstrap/AddUser/input_Username'

2024-07-12 19:19:13 - [MESSAGE][PASSED] - Text 'YhYrsTnLA' is set on object 'Object Repository/AdminSuiteBootstrap_Pages/UM_Bootstrap/AddUser/input_Username'

2024-07-12 19:19:13 - [TEST_STEP][PASSED] - setText(findTestObject(path_AddUser + "input_FirstName"), spUsername): Text '@YhYrsTnLA' is set on object 'Object Repository/AdminSuiteBootstrap_Pages/UM_Bootstrap/AddUser/input_FirstName'

2024-07-12 19:19:14 - [MESSAGE][PASSED] - Text '@YhYrsTnLA' is set on object 'Object Repository/AdminSuiteBootstrap_Pages/UM_Bootstrap/AddUser/input_FirstName'

2024-07-12 19:19:14 - [TEST_STEP][PASSED] - setText(findTestObject(path_AddUser + "input_LastName"), "Luka"): Text 'Luka' is set on object 'Object Repository/AdminSuiteBootstrap_Pages/UM_Bootstrap/AddUser/input_LastName'

2024-07-12 19:19:15 - [MESSAGE][PASSED] - Text 'Luka' is set on object 'Object Repository/AdminSuiteBootstrap_Pages/UM_Bootstrap/AddUser/input_LastName'

2024-07-12 19:19:15 - [TEST_STEP][PASSED] - setText(findTestObject(path_AddUser + "input_Password"), "hello6666"): Text 'hello6666' is set on object 'Object Repository/AdminSuiteBootstrap_Pages/UM_Bootstrap/AddUser/input_Password'

2024-07-12 19:19:16 - [MESSAGE][PASSED] - Text 'hello6666' is set on object 'Object Repository/AdminSuiteBootstrap_Pages/UM_Bootstrap/AddUser/input_Password'

2024-07-12 19:19:16 - [TEST_STEP][PASSED] - setText(findTestObject(path_AddUser + "input_ConfirmPassword"), "hello6666"): Text 'hello6666' is set on object 'Object Repository/AdminSuiteBootstrap_Pages/UM_Bootstrap/AddUser/input_ConfirmPassword'

2024-07-12 19:19:16 - [MESSAGE][PASSED] - Text 'hello6666' is set on object 'Object Repository/AdminSuiteBootstrap_Pages/UM_Bootstrap/AddUser/input_ConfirmPassword'

2024-07-12 19:19:16 - [TEST_STEP][PASSED] - check(findTestObject(path_AddUser + "input_No_lock")): Object 'Object Repository/AdminSuiteBootstrap_Pages/UM_Bootstrap/AddUser/input_No_lock' is checked

2024-07-12 19:19:17 - [MESSAGE][PASSED] - Object 'Object Repository/AdminSuiteBootstrap_Pages/UM_Bootstrap/AddUser/input_No_lock' is checked

2024-07-12 19:19:17 - [TEST_STEP][PASSED] - click(findTestObject(path_AddUser + "button_Create")): Object: 'Object Repository/AdminSuiteBootstrap_Pages/UM_Bootstrap/AddUser/button_Create' is clicked on

2024-07-12 19:19:18 - [MESSAGE][PASSED] - Object: 'Object Repository/AdminSuiteBootstrap_Pages/UM_Bootstrap/AddUser/button_Create' is clicked on

2024-07-12 19:19:18 - [TEST_STEP][PASSED] - if (verifyTextPresent("Error! Please provide the following required information as indicated below", true)): null

2024-07-12 19:19:18 - [MESSAGE][PASSED] - Text 'Error! Please provide the following required information as indicated below' is present on page  using regular expression

2024-07-12 19:19:18 - [TEST_STEP][PASSED] - verifyTextPresent("First name can not contain "+"," -", "=" or "@"", false): Text 'First name can not contain "+"," -", "=" or "@"' is present on page 

2024-07-12 19:19:18 - [MESSAGE][PASSED] - Text 'First name can not contain "+"," -", "=" or "@"' is present on page 

2024-07-12 19:19:18 - [TEST_STEP][PASSED] - markPassed("First name can not contain"): First name can not contain

2024-07-12 19:19:18 - [MESSAGE][PASSED] - First name can not contain

2024-07-12 19:19:18 - [TEST_STEP][PASSED] - resText = "Pass": null

2024-07-12 19:19:18 - [TEST_STEP][PASSED] - pages.WriteExcel.demoKey(resText, datText, resColumn, datCloumn, fileLoc, nameSheet, row): pages.WriteExcel.demoKey is PASSED

2024-07-12 19:19:19 - [MESSAGE][PASSED] - pages.WriteExcel.demoKey is PASSED

2024-07-12 19:19:19 - [TEST_STEP][PASSED] - closeBrowser(): Browser is closed

2024-07-12 19:19:20 - [MESSAGE][PASSED] - Browser is closed]]></system-out>
         <system-err><![CDATA[]]></system-err>
      </testcase>
      <testcase name="Test Cases/Admin Suite Bootstrap/UM_TestCases/UsersErrors/AddUserSpCharLastNameError" time="92.258" classname="Test Cases/Admin Suite Bootstrap/UM_TestCases/UsersErrors/AddUserSpCharLastNameError" status="PASSED">
         <system-out><![CDATA[2024-07-12 19:19:20 - [TEST_CASE][PASSED] - Test Cases/Admin Suite Bootstrap/UM_TestCases/UsersErrors/AddUserSpCharLastNameError: Test Cases/Admin Suite Bootstrap/UM_TestCases/UsersErrors/AddUserSpCharLastNameError

2024-07-12 19:19:20 - [TEST_STEP][PASSED] - path_Dashboard = "Object Repository/AdminSuiteBootstrap_Pages/Dashboard_Bootstrap/": null

2024-07-12 19:19:20 - [TEST_STEP][PASSED] - path_Users = "Object Repository/AdminSuiteBootstrap_Pages/UM_Bootstrap/Users/": null

2024-07-12 19:19:20 - [TEST_STEP][PASSED] - path_UserView = "Object Repository/AdminSuiteBootstrap_Pages/UM_Bootstrap/UserView/": null

2024-07-12 19:19:20 - [TEST_STEP][PASSED] - path_DeleteUser = "Object Repository/AdminSuiteBootstrap_Pages/UM_Bootstrap/DeleteUser/": null

2024-07-12 19:19:20 - [TEST_STEP][PASSED] - path_AddUser = "Object Repository/AdminSuiteBootstrap_Pages/UM_Bootstrap/AddUser/": null

2024-07-12 19:19:20 - [TEST_STEP][PASSED] - executionProfile = getExecutionProfile(): null

2024-07-12 19:19:20 - [TEST_STEP][PASSED] - out.println("executionProfile : " + executionProfile): null

2024-07-12 19:19:20 - [TEST_STEP][PASSED] - appName = <not implemented yet for class: org.codehaus.groovy.ast.expr.EmptyExpression>: null

2024-07-12 19:19:20 - [TEST_STEP][PASSED] - appID = <not implemented yet for class: org.codehaus.groovy.ast.expr.EmptyExpression>: null

2024-07-12 19:19:20 - [TEST_STEP][PASSED] - spUsername = <not implemented yet for class: org.codehaus.groovy.ast.expr.EmptyExpression>: null

2024-07-12 19:19:20 - [TEST_STEP][PASSED] - resText = "Fail": null

2024-07-12 19:19:20 - [TEST_STEP][PASSED] - resColumn = "Result": null

2024-07-12 19:19:20 - [TEST_STEP][PASSED] - datCloumn = "Date": null

2024-07-12 19:19:20 - [TEST_STEP][PASSED] - fileLoc = "KatalonData/Bootstrap/UM-Data.xlsx": null

2024-07-12 19:19:20 - [TEST_STEP][PASSED] - numOfRows = <not implemented yet for class: org.codehaus.groovy.ast.expr.EmptyExpression>: null

2024-07-12 19:19:20 - [TEST_STEP][PASSED] - dataFile = <not implemented yet for class: org.codehaus.groovy.ast.expr.EmptyExpression>: null

2024-07-12 19:19:20 - [TEST_STEP][PASSED] - nameSheet = <not implemented yet for class: org.codehaus.groovy.ast.expr.EmptyExpression>: null

2024-07-12 19:19:20 - [TEST_STEP][PASSED] - dataFileEmulator = <not implemented yet for class: org.codehaus.groovy.ast.expr.EmptyExpression>: null

2024-07-12 19:19:20 - [TEST_STEP][PASSED] - nameSheet = "CreateUserSCLNameErr": null

2024-07-12 19:19:20 - [TEST_STEP][PASSED] - dataFile = "QA/Bootstrap/UM-TestData/CreateUserSCLNameErr": null

2024-07-12 19:19:20 - [TEST_STEP][PASSED] - numOfRows = findTestData("QA/Bootstrap/UM-TestData/CreateUserSCLNameErr").getRowNumbers(): null

2024-07-12 19:19:21 - [TEST_STEP][PASSED] - println("Number of Records: " + numOfRows): null

2024-07-12 19:19:21 - [TEST_STEP][PASSED] - for ([row = 1, row <= numOfRows, (row++)]): Browser is closed

2024-07-12 19:19:21 - [TEST_STEP][PASSED] - ExecuteTC = findTestData(dataFile).getValue("Execute", row): null

2024-07-12 19:19:21 - [TEST_STEP][PASSED] - out.println("Value of Execute is : " + ExecuteTC): null

2024-07-12 19:19:21 - [TEST_STEP][PASSED] - if (ExecuteTC.equalsIgnoreCase("Y")): Browser is closed

2024-07-12 19:19:21 - [TEST_STEP][PASSED] - out.println("Begin Record Number: " + row): null

2024-07-12 19:19:21 - [TEST_STEP][PASSED] - today = new java.util.Date(): null

2024-07-12 19:19:21 - [TEST_STEP][PASSED] - println(today): null

2024-07-12 19:19:21 - [TEST_STEP][PASSED] - datText = today: null

2024-07-12 19:19:21 - [TEST_STEP][PASSED] - adminSuiteBootstrap.loginFunctionality.login_AdminSuite(): adminSuiteBootstrap.loginFunctionality.login_AdminSuite is PASSED

2024-07-12 19:19:21 - [MESSAGE][INFO] - Starting 'Chrome' driver

2024-07-12 19:19:21 - [MESSAGE][INFO] - User set preference: ['acceptInsecureCerts', 'true']

2024-07-12 19:19:21 - [MESSAGE][INFO] - Action delay is set to 0 milliseconds

2024-07-12 19:19:25 - [MESSAGE][PASSED] - Browser is opened with url: 'https://qa2.velocitypayment.com/admin/imtiaz'

2024-07-12 19:19:25 - [MESSAGE][PASSED] - Current window maximized

2024-07-12 19:19:25 - [MESSAGE][PASSED] - Object 'Object Repository/Login_Page/Login_Username_Okta' is present

2024-07-12 19:19:26 - [MESSAGE][PASSED] - Text 'iahmed' is set on object 'Object Repository/Login_Page/Login_Username_Okta'

2024-07-12 19:19:27 - [MESSAGE][PASSED] - Text 'Hello!6666666' is set on object 'Object Repository/Login_Page/Login_Password_Okta'

2024-07-12 19:19:27 - [MESSAGE][PASSED] - Object: 'Object Repository/Login_Page/Login_Submit_Okta' is clicked on

2024-07-12 19:19:27 - [MESSAGE][PASSED] - adminSuiteBootstrap.loginFunctionality.login_AdminSuite is PASSED

2024-07-12 19:19:27 - [TEST_STEP][PASSED] - click(findTestObject(path_Dashboard + "a_Access User Management")): Object: 'Object Repository/AdminSuiteBootstrap_Pages/Dashboard_Bootstrap/a_Access User Management' is clicked on

2024-07-12 19:19:36 - [MESSAGE][PASSED] - Object: 'Object Repository/AdminSuiteBootstrap_Pages/Dashboard_Bootstrap/a_Access User Management' is clicked on

2024-07-12 19:19:36 - [TEST_STEP][PASSED] - click(findTestObject(path_Users + "a_Add User")): Object: 'Object Repository/AdminSuiteBootstrap_Pages/UM_Bootstrap/Users/a_Add User' is clicked on

2024-07-12 19:19:36 - [MESSAGE][PASSED] - Object: 'Object Repository/AdminSuiteBootstrap_Pages/UM_Bootstrap/Users/a_Add User' is clicked on

2024-07-12 19:19:36 - [TEST_STEP][PASSED] - buildUsername = pages.GenerateRandom.getRandomAlpha(): pages.GenerateRandom.getRandomAlpha is PASSED

2024-07-12 19:19:36 - [MESSAGE][PASSED] - pages.GenerateRandom.getRandomAlpha is PASSED

2024-07-12 19:19:36 - [TEST_STEP][PASSED] - prefixUsername = findTestData(dataFile).getValue("Lastname", row): null

2024-07-12 19:19:36 - [TEST_STEP][PASSED] - spUsername = prefixUsername + buildUsername: null

2024-07-12 19:19:36 - [TEST_STEP][PASSED] - setText(findTestObject(path_AddUser + "input_EmailAddress"), "iahmed@govolution.com"): Text 'iahmed@govolution.com' is set on object 'Object Repository/AdminSuiteBootstrap_Pages/UM_Bootstrap/AddUser/input_EmailAddress'

2024-07-12 19:19:37 - [MESSAGE][PASSED] - Text 'iahmed@govolution.com' is set on object 'Object Repository/AdminSuiteBootstrap_Pages/UM_Bootstrap/AddUser/input_EmailAddress'

2024-07-12 19:19:37 - [TEST_STEP][PASSED] - setText(findTestObject(path_AddUser + "input_Username"), buildUsername): Text 'swqblYIoz' is set on object 'Object Repository/AdminSuiteBootstrap_Pages/UM_Bootstrap/AddUser/input_Username'

2024-07-12 19:19:38 - [MESSAGE][PASSED] - Text 'swqblYIoz' is set on object 'Object Repository/AdminSuiteBootstrap_Pages/UM_Bootstrap/AddUser/input_Username'

2024-07-12 19:19:38 - [TEST_STEP][PASSED] - setText(findTestObject(path_AddUser + "input_FirstName"), "Ashley"): Text 'Ashley' is set on object 'Object Repository/AdminSuiteBootstrap_Pages/UM_Bootstrap/AddUser/input_FirstName'

2024-07-12 19:19:39 - [MESSAGE][PASSED] - Text 'Ashley' is set on object 'Object Repository/AdminSuiteBootstrap_Pages/UM_Bootstrap/AddUser/input_FirstName'

2024-07-12 19:19:39 - [TEST_STEP][PASSED] - setText(findTestObject(path_AddUser + "input_LastName"), spUsername): Text '=swqblYIoz' is set on object 'Object Repository/AdminSuiteBootstrap_Pages/UM_Bootstrap/AddUser/input_LastName'

2024-07-12 19:19:39 - [MESSAGE][PASSED] - Text '=swqblYIoz' is set on object 'Object Repository/AdminSuiteBootstrap_Pages/UM_Bootstrap/AddUser/input_LastName'

2024-07-12 19:19:39 - [TEST_STEP][PASSED] - setText(findTestObject(path_AddUser + "input_Password"), "hello6666"): Text 'hello6666' is set on object 'Object Repository/AdminSuiteBootstrap_Pages/UM_Bootstrap/AddUser/input_Password'

2024-07-12 19:19:40 - [MESSAGE][PASSED] - Text 'hello6666' is set on object 'Object Repository/AdminSuiteBootstrap_Pages/UM_Bootstrap/AddUser/input_Password'

2024-07-12 19:19:40 - [TEST_STEP][PASSED] - setText(findTestObject(path_AddUser + "input_ConfirmPassword"), "hello6666"): Text 'hello6666' is set on object 'Object Repository/AdminSuiteBootstrap_Pages/UM_Bootstrap/AddUser/input_ConfirmPassword'

2024-07-12 19:19:41 - [MESSAGE][PASSED] - Text 'hello6666' is set on object 'Object Repository/AdminSuiteBootstrap_Pages/UM_Bootstrap/AddUser/input_ConfirmPassword'

2024-07-12 19:19:41 - [TEST_STEP][PASSED] - check(findTestObject(path_AddUser + "input_No_lock")): Object 'Object Repository/AdminSuiteBootstrap_Pages/UM_Bootstrap/AddUser/input_No_lock' is checked

2024-07-12 19:19:41 - [MESSAGE][PASSED] - Object 'Object Repository/AdminSuiteBootstrap_Pages/UM_Bootstrap/AddUser/input_No_lock' is checked

2024-07-12 19:19:41 - [TEST_STEP][PASSED] - click(findTestObject(path_AddUser + "button_Create")): Object: 'Object Repository/AdminSuiteBootstrap_Pages/UM_Bootstrap/AddUser/button_Create' is clicked on

2024-07-12 19:19:42 - [MESSAGE][PASSED] - Object: 'Object Repository/AdminSuiteBootstrap_Pages/UM_Bootstrap/AddUser/button_Create' is clicked on

2024-07-12 19:19:42 - [TEST_STEP][PASSED] - if (verifyTextPresent("Error! Please provide the following required information as indicated below", true)): null

2024-07-12 19:19:43 - [MESSAGE][PASSED] - Text 'Error! Please provide the following required information as indicated below' is present on page  using regular expression

2024-07-12 19:19:43 - [TEST_STEP][PASSED] - verifyTextPresent("Last name can not contain "+"," -", "=" or "@"", false): Text 'Last name can not contain "+"," -", "=" or "@"' is present on page 

2024-07-12 19:19:43 - [MESSAGE][PASSED] - Text 'Last name can not contain "+"," -", "=" or "@"' is present on page 

2024-07-12 19:19:43 - [TEST_STEP][PASSED] - markPassed("Last name can not contain"): Last name can not contain

2024-07-12 19:19:43 - [MESSAGE][PASSED] - Last name can not contain

2024-07-12 19:19:43 - [TEST_STEP][PASSED] - resText = "Pass": null

2024-07-12 19:19:43 - [TEST_STEP][PASSED] - pages.WriteExcel.demoKey(resText, datText, resColumn, datCloumn, fileLoc, nameSheet, row): pages.WriteExcel.demoKey is PASSED

2024-07-12 19:19:43 - [MESSAGE][PASSED] - pages.WriteExcel.demoKey is PASSED

2024-07-12 19:19:43 - [TEST_STEP][PASSED] - closeBrowser(): Browser is closed

2024-07-12 19:19:44 - [MESSAGE][PASSED] - Browser is closed

2024-07-12 19:19:44 - [TEST_STEP][PASSED] - ExecuteTC = findTestData(dataFile).getValue("Execute", row): null

2024-07-12 19:19:45 - [TEST_STEP][PASSED] - out.println("Value of Execute is : " + ExecuteTC): null

2024-07-12 19:19:45 - [TEST_STEP][PASSED] - if (ExecuteTC.equalsIgnoreCase("Y")): Browser is closed

2024-07-12 19:19:45 - [TEST_STEP][PASSED] - out.println("Begin Record Number: " + row): null

2024-07-12 19:19:45 - [TEST_STEP][PASSED] - today = new java.util.Date(): null

2024-07-12 19:19:45 - [TEST_STEP][PASSED] - println(today): null

2024-07-12 19:19:45 - [TEST_STEP][PASSED] - datText = today: null

2024-07-12 19:19:45 - [TEST_STEP][PASSED] - adminSuiteBootstrap.loginFunctionality.login_AdminSuite(): adminSuiteBootstrap.loginFunctionality.login_AdminSuite is PASSED

2024-07-12 19:19:45 - [MESSAGE][INFO] - Starting 'Chrome' driver

2024-07-12 19:19:45 - [MESSAGE][INFO] - User set preference: ['acceptInsecureCerts', 'true']

2024-07-12 19:19:45 - [MESSAGE][INFO] - Action delay is set to 0 milliseconds

2024-07-12 19:19:47 - [MESSAGE][PASSED] - Browser is opened with url: 'https://qa2.velocitypayment.com/admin/imtiaz'

2024-07-12 19:19:47 - [MESSAGE][PASSED] - Current window maximized

2024-07-12 19:19:48 - [MESSAGE][PASSED] - Object 'Object Repository/Login_Page/Login_Username_Okta' is present

2024-07-12 19:19:49 - [MESSAGE][PASSED] - Text 'iahmed' is set on object 'Object Repository/Login_Page/Login_Username_Okta'

2024-07-12 19:19:49 - [MESSAGE][PASSED] - Text 'Hello!6666666' is set on object 'Object Repository/Login_Page/Login_Password_Okta'

2024-07-12 19:19:50 - [MESSAGE][PASSED] - Object: 'Object Repository/Login_Page/Login_Submit_Okta' is clicked on

2024-07-12 19:19:50 - [MESSAGE][PASSED] - adminSuiteBootstrap.loginFunctionality.login_AdminSuite is PASSED

2024-07-12 19:19:50 - [TEST_STEP][PASSED] - click(findTestObject(path_Dashboard + "a_Access User Management")): Object: 'Object Repository/AdminSuiteBootstrap_Pages/Dashboard_Bootstrap/a_Access User Management' is clicked on

2024-07-12 19:19:58 - [MESSAGE][PASSED] - Object: 'Object Repository/AdminSuiteBootstrap_Pages/Dashboard_Bootstrap/a_Access User Management' is clicked on

2024-07-12 19:19:58 - [TEST_STEP][PASSED] - click(findTestObject(path_Users + "a_Add User")): Object: 'Object Repository/AdminSuiteBootstrap_Pages/UM_Bootstrap/Users/a_Add User' is clicked on

2024-07-12 19:19:58 - [MESSAGE][PASSED] - Object: 'Object Repository/AdminSuiteBootstrap_Pages/UM_Bootstrap/Users/a_Add User' is clicked on

2024-07-12 19:19:58 - [TEST_STEP][PASSED] - buildUsername = pages.GenerateRandom.getRandomAlpha(): pages.GenerateRandom.getRandomAlpha is PASSED

2024-07-12 19:19:58 - [MESSAGE][PASSED] - pages.GenerateRandom.getRandomAlpha is PASSED

2024-07-12 19:19:58 - [TEST_STEP][PASSED] - prefixUsername = findTestData(dataFile).getValue("Lastname", row): null

2024-07-12 19:19:58 - [TEST_STEP][PASSED] - spUsername = prefixUsername + buildUsername: null

2024-07-12 19:19:58 - [TEST_STEP][PASSED] - setText(findTestObject(path_AddUser + "input_EmailAddress"), "iahmed@govolution.com"): Text 'iahmed@govolution.com' is set on object 'Object Repository/AdminSuiteBootstrap_Pages/UM_Bootstrap/AddUser/input_EmailAddress'

2024-07-12 19:19:59 - [MESSAGE][PASSED] - Text 'iahmed@govolution.com' is set on object 'Object Repository/AdminSuiteBootstrap_Pages/UM_Bootstrap/AddUser/input_EmailAddress'

2024-07-12 19:19:59 - [TEST_STEP][PASSED] - setText(findTestObject(path_AddUser + "input_Username"), buildUsername): Text 'xSIkrrVzV' is set on object 'Object Repository/AdminSuiteBootstrap_Pages/UM_Bootstrap/AddUser/input_Username'

2024-07-12 19:20:00 - [MESSAGE][PASSED] - Text 'xSIkrrVzV' is set on object 'Object Repository/AdminSuiteBootstrap_Pages/UM_Bootstrap/AddUser/input_Username'

2024-07-12 19:20:00 - [TEST_STEP][PASSED] - setText(findTestObject(path_AddUser + "input_FirstName"), "Ashley"): Text 'Ashley' is set on object 'Object Repository/AdminSuiteBootstrap_Pages/UM_Bootstrap/AddUser/input_FirstName'

2024-07-12 19:20:01 - [MESSAGE][PASSED] - Text 'Ashley' is set on object 'Object Repository/AdminSuiteBootstrap_Pages/UM_Bootstrap/AddUser/input_FirstName'

2024-07-12 19:20:01 - [TEST_STEP][PASSED] - setText(findTestObject(path_AddUser + "input_LastName"), spUsername): Text '-xSIkrrVzV' is set on object 'Object Repository/AdminSuiteBootstrap_Pages/UM_Bootstrap/AddUser/input_LastName'

2024-07-12 19:20:01 - [MESSAGE][PASSED] - Text '-xSIkrrVzV' is set on object 'Object Repository/AdminSuiteBootstrap_Pages/UM_Bootstrap/AddUser/input_LastName'

2024-07-12 19:20:01 - [TEST_STEP][PASSED] - setText(findTestObject(path_AddUser + "input_Password"), "hello6666"): Text 'hello6666' is set on object 'Object Repository/AdminSuiteBootstrap_Pages/UM_Bootstrap/AddUser/input_Password'

2024-07-12 19:20:02 - [MESSAGE][PASSED] - Text 'hello6666' is set on object 'Object Repository/AdminSuiteBootstrap_Pages/UM_Bootstrap/AddUser/input_Password'

2024-07-12 19:20:02 - [TEST_STEP][PASSED] - setText(findTestObject(path_AddUser + "input_ConfirmPassword"), "hello6666"): Text 'hello6666' is set on object 'Object Repository/AdminSuiteBootstrap_Pages/UM_Bootstrap/AddUser/input_ConfirmPassword'

2024-07-12 19:20:03 - [MESSAGE][PASSED] - Text 'hello6666' is set on object 'Object Repository/AdminSuiteBootstrap_Pages/UM_Bootstrap/AddUser/input_ConfirmPassword'

2024-07-12 19:20:03 - [TEST_STEP][PASSED] - check(findTestObject(path_AddUser + "input_No_lock")): Object 'Object Repository/AdminSuiteBootstrap_Pages/UM_Bootstrap/AddUser/input_No_lock' is checked

2024-07-12 19:20:03 - [MESSAGE][PASSED] - Object 'Object Repository/AdminSuiteBootstrap_Pages/UM_Bootstrap/AddUser/input_No_lock' is checked

2024-07-12 19:20:03 - [TEST_STEP][PASSED] - click(findTestObject(path_AddUser + "button_Create")): Object: 'Object Repository/AdminSuiteBootstrap_Pages/UM_Bootstrap/AddUser/button_Create' is clicked on

2024-07-12 19:20:04 - [MESSAGE][PASSED] - Object: 'Object Repository/AdminSuiteBootstrap_Pages/UM_Bootstrap/AddUser/button_Create' is clicked on

2024-07-12 19:20:04 - [TEST_STEP][PASSED] - if (verifyTextPresent("Error! Please provide the following required information as indicated below", true)): null

2024-07-12 19:20:05 - [MESSAGE][PASSED] - Text 'Error! Please provide the following required information as indicated below' is present on page  using regular expression

2024-07-12 19:20:05 - [TEST_STEP][PASSED] - verifyTextPresent("Last name can not contain "+"," -", "=" or "@"", false): Text 'Last name can not contain "+"," -", "=" or "@"' is present on page 

2024-07-12 19:20:05 - [MESSAGE][PASSED] - Text 'Last name can not contain "+"," -", "=" or "@"' is present on page 

2024-07-12 19:20:05 - [TEST_STEP][PASSED] - markPassed("Last name can not contain"): Last name can not contain

2024-07-12 19:20:05 - [MESSAGE][PASSED] - Last name can not contain

2024-07-12 19:20:05 - [TEST_STEP][PASSED] - resText = "Pass": null

2024-07-12 19:20:05 - [TEST_STEP][PASSED] - pages.WriteExcel.demoKey(resText, datText, resColumn, datCloumn, fileLoc, nameSheet, row): pages.WriteExcel.demoKey is PASSED

2024-07-12 19:20:05 - [MESSAGE][PASSED] - pages.WriteExcel.demoKey is PASSED

2024-07-12 19:20:05 - [TEST_STEP][PASSED] - closeBrowser(): Browser is closed

2024-07-12 19:20:07 - [MESSAGE][PASSED] - Browser is closed

2024-07-12 19:20:07 - [TEST_STEP][PASSED] - ExecuteTC = findTestData(dataFile).getValue("Execute", row): null

2024-07-12 19:20:07 - [TEST_STEP][PASSED] - out.println("Value of Execute is : " + ExecuteTC): null

2024-07-12 19:20:07 - [TEST_STEP][PASSED] - if (ExecuteTC.equalsIgnoreCase("Y")): Browser is closed

2024-07-12 19:20:07 - [TEST_STEP][PASSED] - out.println("Begin Record Number: " + row): null

2024-07-12 19:20:07 - [TEST_STEP][PASSED] - today = new java.util.Date(): null

2024-07-12 19:20:07 - [TEST_STEP][PASSED] - println(today): null

2024-07-12 19:20:07 - [TEST_STEP][PASSED] - datText = today: null

2024-07-12 19:20:07 - [TEST_STEP][PASSED] - adminSuiteBootstrap.loginFunctionality.login_AdminSuite(): adminSuiteBootstrap.loginFunctionality.login_AdminSuite is PASSED

2024-07-12 19:20:07 - [MESSAGE][INFO] - Starting 'Chrome' driver

2024-07-12 19:20:07 - [MESSAGE][INFO] - User set preference: ['acceptInsecureCerts', 'true']

2024-07-12 19:20:07 - [MESSAGE][INFO] - Action delay is set to 0 milliseconds

2024-07-12 19:20:09 - [MESSAGE][PASSED] - Browser is opened with url: 'https://qa2.velocitypayment.com/admin/imtiaz'

2024-07-12 19:20:09 - [MESSAGE][PASSED] - Current window maximized

2024-07-12 19:20:10 - [MESSAGE][PASSED] - Object 'Object Repository/Login_Page/Login_Username_Okta' is present

2024-07-12 19:20:11 - [MESSAGE][PASSED] - Text 'iahmed' is set on object 'Object Repository/Login_Page/Login_Username_Okta'

2024-07-12 19:20:12 - [MESSAGE][PASSED] - Text 'Hello!6666666' is set on object 'Object Repository/Login_Page/Login_Password_Okta'

2024-07-12 19:20:12 - [MESSAGE][PASSED] - Object: 'Object Repository/Login_Page/Login_Submit_Okta' is clicked on

2024-07-12 19:20:12 - [MESSAGE][PASSED] - adminSuiteBootstrap.loginFunctionality.login_AdminSuite is PASSED

2024-07-12 19:20:12 - [TEST_STEP][PASSED] - click(findTestObject(path_Dashboard + "a_Access User Management")): Object: 'Object Repository/AdminSuiteBootstrap_Pages/Dashboard_Bootstrap/a_Access User Management' is clicked on

2024-07-12 19:20:21 - [MESSAGE][PASSED] - Object: 'Object Repository/AdminSuiteBootstrap_Pages/Dashboard_Bootstrap/a_Access User Management' is clicked on

2024-07-12 19:20:21 - [TEST_STEP][PASSED] - click(findTestObject(path_Users + "a_Add User")): Object: 'Object Repository/AdminSuiteBootstrap_Pages/UM_Bootstrap/Users/a_Add User' is clicked on

2024-07-12 19:20:21 - [MESSAGE][PASSED] - Object: 'Object Repository/AdminSuiteBootstrap_Pages/UM_Bootstrap/Users/a_Add User' is clicked on

2024-07-12 19:20:21 - [TEST_STEP][PASSED] - buildUsername = pages.GenerateRandom.getRandomAlpha(): pages.GenerateRandom.getRandomAlpha is PASSED

2024-07-12 19:20:21 - [MESSAGE][PASSED] - pages.GenerateRandom.getRandomAlpha is PASSED

2024-07-12 19:20:21 - [TEST_STEP][PASSED] - prefixUsername = findTestData(dataFile).getValue("Lastname", row): null

2024-07-12 19:20:21 - [TEST_STEP][PASSED] - spUsername = prefixUsername + buildUsername: null

2024-07-12 19:20:21 - [TEST_STEP][PASSED] - setText(findTestObject(path_AddUser + "input_EmailAddress"), "iahmed@govolution.com"): Text 'iahmed@govolution.com' is set on object 'Object Repository/AdminSuiteBootstrap_Pages/UM_Bootstrap/AddUser/input_EmailAddress'

2024-07-12 19:20:22 - [MESSAGE][PASSED] - Text 'iahmed@govolution.com' is set on object 'Object Repository/AdminSuiteBootstrap_Pages/UM_Bootstrap/AddUser/input_EmailAddress'

2024-07-12 19:20:22 - [TEST_STEP][PASSED] - setText(findTestObject(path_AddUser + "input_Username"), buildUsername): Text 'ldrXtePzy' is set on object 'Object Repository/AdminSuiteBootstrap_Pages/UM_Bootstrap/AddUser/input_Username'

2024-07-12 19:20:23 - [MESSAGE][PASSED] - Text 'ldrXtePzy' is set on object 'Object Repository/AdminSuiteBootstrap_Pages/UM_Bootstrap/AddUser/input_Username'

2024-07-12 19:20:23 - [TEST_STEP][PASSED] - setText(findTestObject(path_AddUser + "input_FirstName"), "Ashley"): Text 'Ashley' is set on object 'Object Repository/AdminSuiteBootstrap_Pages/UM_Bootstrap/AddUser/input_FirstName'

2024-07-12 19:20:24 - [MESSAGE][PASSED] - Text 'Ashley' is set on object 'Object Repository/AdminSuiteBootstrap_Pages/UM_Bootstrap/AddUser/input_FirstName'

2024-07-12 19:20:24 - [TEST_STEP][PASSED] - setText(findTestObject(path_AddUser + "input_LastName"), spUsername): Text '+ldrXtePzy' is set on object 'Object Repository/AdminSuiteBootstrap_Pages/UM_Bootstrap/AddUser/input_LastName'

2024-07-12 19:20:24 - [MESSAGE][PASSED] - Text '+ldrXtePzy' is set on object 'Object Repository/AdminSuiteBootstrap_Pages/UM_Bootstrap/AddUser/input_LastName'

2024-07-12 19:20:24 - [TEST_STEP][PASSED] - setText(findTestObject(path_AddUser + "input_Password"), "hello6666"): Text 'hello6666' is set on object 'Object Repository/AdminSuiteBootstrap_Pages/UM_Bootstrap/AddUser/input_Password'

2024-07-12 19:20:25 - [MESSAGE][PASSED] - Text 'hello6666' is set on object 'Object Repository/AdminSuiteBootstrap_Pages/UM_Bootstrap/AddUser/input_Password'

2024-07-12 19:20:25 - [TEST_STEP][PASSED] - setText(findTestObject(path_AddUser + "input_ConfirmPassword"), "hello6666"): Text 'hello6666' is set on object 'Object Repository/AdminSuiteBootstrap_Pages/UM_Bootstrap/AddUser/input_ConfirmPassword'

2024-07-12 19:20:26 - [MESSAGE][PASSED] - Text 'hello6666' is set on object 'Object Repository/AdminSuiteBootstrap_Pages/UM_Bootstrap/AddUser/input_ConfirmPassword'

2024-07-12 19:20:26 - [TEST_STEP][PASSED] - check(findTestObject(path_AddUser + "input_No_lock")): Object 'Object Repository/AdminSuiteBootstrap_Pages/UM_Bootstrap/AddUser/input_No_lock' is checked

2024-07-12 19:20:26 - [MESSAGE][PASSED] - Object 'Object Repository/AdminSuiteBootstrap_Pages/UM_Bootstrap/AddUser/input_No_lock' is checked

2024-07-12 19:20:26 - [TEST_STEP][PASSED] - click(findTestObject(path_AddUser + "button_Create")): Object: 'Object Repository/AdminSuiteBootstrap_Pages/UM_Bootstrap/AddUser/button_Create' is clicked on

2024-07-12 19:20:27 - [MESSAGE][PASSED] - Object: 'Object Repository/AdminSuiteBootstrap_Pages/UM_Bootstrap/AddUser/button_Create' is clicked on

2024-07-12 19:20:27 - [TEST_STEP][PASSED] - if (verifyTextPresent("Error! Please provide the following required information as indicated below", true)): null

2024-07-12 19:20:28 - [MESSAGE][PASSED] - Text 'Error! Please provide the following required information as indicated below' is present on page  using regular expression

2024-07-12 19:20:28 - [TEST_STEP][PASSED] - verifyTextPresent("Last name can not contain "+"," -", "=" or "@"", false): Text 'Last name can not contain "+"," -", "=" or "@"' is present on page 

2024-07-12 19:20:28 - [MESSAGE][PASSED] - Text 'Last name can not contain "+"," -", "=" or "@"' is present on page 

2024-07-12 19:20:28 - [TEST_STEP][PASSED] - markPassed("Last name can not contain"): Last name can not contain

2024-07-12 19:20:28 - [MESSAGE][PASSED] - Last name can not contain

2024-07-12 19:20:28 - [TEST_STEP][PASSED] - resText = "Pass": null

2024-07-12 19:20:28 - [TEST_STEP][PASSED] - pages.WriteExcel.demoKey(resText, datText, resColumn, datCloumn, fileLoc, nameSheet, row): pages.WriteExcel.demoKey is PASSED

2024-07-12 19:20:28 - [MESSAGE][PASSED] - pages.WriteExcel.demoKey is PASSED

2024-07-12 19:20:28 - [TEST_STEP][PASSED] - closeBrowser(): Browser is closed

2024-07-12 19:20:29 - [MESSAGE][PASSED] - Browser is closed

2024-07-12 19:20:29 - [TEST_STEP][PASSED] - ExecuteTC = findTestData(dataFile).getValue("Execute", row): null

2024-07-12 19:20:30 - [TEST_STEP][PASSED] - out.println("Value of Execute is : " + ExecuteTC): null

2024-07-12 19:20:30 - [TEST_STEP][PASSED] - if (ExecuteTC.equalsIgnoreCase("Y")): Browser is closed

2024-07-12 19:20:30 - [TEST_STEP][PASSED] - out.println("Begin Record Number: " + row): null

2024-07-12 19:20:30 - [TEST_STEP][PASSED] - today = new java.util.Date(): null

2024-07-12 19:20:30 - [TEST_STEP][PASSED] - println(today): null

2024-07-12 19:20:30 - [TEST_STEP][PASSED] - datText = today: null

2024-07-12 19:20:30 - [TEST_STEP][PASSED] - adminSuiteBootstrap.loginFunctionality.login_AdminSuite(): adminSuiteBootstrap.loginFunctionality.login_AdminSuite is PASSED

2024-07-12 19:20:30 - [MESSAGE][INFO] - Starting 'Chrome' driver

2024-07-12 19:20:30 - [MESSAGE][INFO] - User set preference: ['acceptInsecureCerts', 'true']

2024-07-12 19:20:30 - [MESSAGE][INFO] - Action delay is set to 0 milliseconds

2024-07-12 19:20:31 - [MESSAGE][PASSED] - Browser is opened with url: 'https://qa2.velocitypayment.com/admin/imtiaz'

2024-07-12 19:20:33 - [MESSAGE][PASSED] - Current window maximized

2024-07-12 19:20:33 - [MESSAGE][PASSED] - Object 'Object Repository/Login_Page/Login_Username_Okta' is present

2024-07-12 19:20:34 - [MESSAGE][PASSED] - Text 'iahmed' is set on object 'Object Repository/Login_Page/Login_Username_Okta'

2024-07-12 19:20:35 - [MESSAGE][PASSED] - Text 'Hello!6666666' is set on object 'Object Repository/Login_Page/Login_Password_Okta'

2024-07-12 19:20:35 - [MESSAGE][PASSED] - Object: 'Object Repository/Login_Page/Login_Submit_Okta' is clicked on

2024-07-12 19:20:35 - [MESSAGE][PASSED] - adminSuiteBootstrap.loginFunctionality.login_AdminSuite is PASSED

2024-07-12 19:20:35 - [TEST_STEP][PASSED] - click(findTestObject(path_Dashboard + "a_Access User Management")): Object: 'Object Repository/AdminSuiteBootstrap_Pages/Dashboard_Bootstrap/a_Access User Management' is clicked on

2024-07-12 19:20:43 - [MESSAGE][PASSED] - Object: 'Object Repository/AdminSuiteBootstrap_Pages/Dashboard_Bootstrap/a_Access User Management' is clicked on

2024-07-12 19:20:43 - [TEST_STEP][PASSED] - click(findTestObject(path_Users + "a_Add User")): Object: 'Object Repository/AdminSuiteBootstrap_Pages/UM_Bootstrap/Users/a_Add User' is clicked on

2024-07-12 19:20:44 - [MESSAGE][PASSED] - Object: 'Object Repository/AdminSuiteBootstrap_Pages/UM_Bootstrap/Users/a_Add User' is clicked on

2024-07-12 19:20:44 - [TEST_STEP][PASSED] - buildUsername = pages.GenerateRandom.getRandomAlpha(): pages.GenerateRandom.getRandomAlpha is PASSED

2024-07-12 19:20:44 - [MESSAGE][PASSED] - pages.GenerateRandom.getRandomAlpha is PASSED

2024-07-12 19:20:44 - [TEST_STEP][PASSED] - prefixUsername = findTestData(dataFile).getValue("Lastname", row): null

2024-07-12 19:20:44 - [TEST_STEP][PASSED] - spUsername = prefixUsername + buildUsername: null

2024-07-12 19:20:44 - [TEST_STEP][PASSED] - setText(findTestObject(path_AddUser + "input_EmailAddress"), "iahmed@govolution.com"): Text 'iahmed@govolution.com' is set on object 'Object Repository/AdminSuiteBootstrap_Pages/UM_Bootstrap/AddUser/input_EmailAddress'

2024-07-12 19:20:45 - [MESSAGE][PASSED] - Text 'iahmed@govolution.com' is set on object 'Object Repository/AdminSuiteBootstrap_Pages/UM_Bootstrap/AddUser/input_EmailAddress'

2024-07-12 19:20:45 - [TEST_STEP][PASSED] - setText(findTestObject(path_AddUser + "input_Username"), buildUsername): Text 'YZEVzvyGB' is set on object 'Object Repository/AdminSuiteBootstrap_Pages/UM_Bootstrap/AddUser/input_Username'

2024-07-12 19:20:46 - [MESSAGE][PASSED] - Text 'YZEVzvyGB' is set on object 'Object Repository/AdminSuiteBootstrap_Pages/UM_Bootstrap/AddUser/input_Username'

2024-07-12 19:20:46 - [TEST_STEP][PASSED] - setText(findTestObject(path_AddUser + "input_FirstName"), "Ashley"): Text 'Ashley' is set on object 'Object Repository/AdminSuiteBootstrap_Pages/UM_Bootstrap/AddUser/input_FirstName'

2024-07-12 19:20:46 - [MESSAGE][PASSED] - Text 'Ashley' is set on object 'Object Repository/AdminSuiteBootstrap_Pages/UM_Bootstrap/AddUser/input_FirstName'

2024-07-12 19:20:46 - [TEST_STEP][PASSED] - setText(findTestObject(path_AddUser + "input_LastName"), spUsername): Text '@YZEVzvyGB' is set on object 'Object Repository/AdminSuiteBootstrap_Pages/UM_Bootstrap/AddUser/input_LastName'

2024-07-12 19:20:47 - [MESSAGE][PASSED] - Text '@YZEVzvyGB' is set on object 'Object Repository/AdminSuiteBootstrap_Pages/UM_Bootstrap/AddUser/input_LastName'

2024-07-12 19:20:47 - [TEST_STEP][PASSED] - setText(findTestObject(path_AddUser + "input_Password"), "hello6666"): Text 'hello6666' is set on object 'Object Repository/AdminSuiteBootstrap_Pages/UM_Bootstrap/AddUser/input_Password'

2024-07-12 19:20:48 - [MESSAGE][PASSED] - Text 'hello6666' is set on object 'Object Repository/AdminSuiteBootstrap_Pages/UM_Bootstrap/AddUser/input_Password'

2024-07-12 19:20:48 - [TEST_STEP][PASSED] - setText(findTestObject(path_AddUser + "input_ConfirmPassword"), "hello6666"): Text 'hello6666' is set on object 'Object Repository/AdminSuiteBootstrap_Pages/UM_Bootstrap/AddUser/input_ConfirmPassword'

2024-07-12 19:20:49 - [MESSAGE][PASSED] - Text 'hello6666' is set on object 'Object Repository/AdminSuiteBootstrap_Pages/UM_Bootstrap/AddUser/input_ConfirmPassword'

2024-07-12 19:20:49 - [TEST_STEP][PASSED] - check(findTestObject(path_AddUser + "input_No_lock")): Object 'Object Repository/AdminSuiteBootstrap_Pages/UM_Bootstrap/AddUser/input_No_lock' is checked

2024-07-12 19:20:49 - [MESSAGE][PASSED] - Object 'Object Repository/AdminSuiteBootstrap_Pages/UM_Bootstrap/AddUser/input_No_lock' is checked

2024-07-12 19:20:49 - [TEST_STEP][PASSED] - click(findTestObject(path_AddUser + "button_Create")): Object: 'Object Repository/AdminSuiteBootstrap_Pages/UM_Bootstrap/AddUser/button_Create' is clicked on

2024-07-12 19:20:50 - [MESSAGE][PASSED] - Object: 'Object Repository/AdminSuiteBootstrap_Pages/UM_Bootstrap/AddUser/button_Create' is clicked on

2024-07-12 19:20:50 - [TEST_STEP][PASSED] - if (verifyTextPresent("Error! Please provide the following required information as indicated below", true)): null

2024-07-12 19:20:50 - [MESSAGE][PASSED] - Text 'Error! Please provide the following required information as indicated below' is present on page  using regular expression

2024-07-12 19:20:50 - [TEST_STEP][PASSED] - verifyTextPresent("Last name can not contain "+"," -", "=" or "@"", false): Text 'Last name can not contain "+"," -", "=" or "@"' is present on page 

2024-07-12 19:20:51 - [MESSAGE][PASSED] - Text 'Last name can not contain "+"," -", "=" or "@"' is present on page 

2024-07-12 19:20:51 - [TEST_STEP][PASSED] - markPassed("Last name can not contain"): Last name can not contain

2024-07-12 19:20:51 - [MESSAGE][PASSED] - Last name can not contain

2024-07-12 19:20:51 - [TEST_STEP][PASSED] - resText = "Pass": null

2024-07-12 19:20:51 - [TEST_STEP][PASSED] - pages.WriteExcel.demoKey(resText, datText, resColumn, datCloumn, fileLoc, nameSheet, row): pages.WriteExcel.demoKey is PASSED

2024-07-12 19:20:51 - [MESSAGE][PASSED] - pages.WriteExcel.demoKey is PASSED

2024-07-12 19:20:51 - [TEST_STEP][PASSED] - closeBrowser(): Browser is closed

2024-07-12 19:20:52 - [MESSAGE][PASSED] - Browser is closed]]></system-out>
         <system-err><![CDATA[]]></system-err>
      </testcase>
      <testcase name="Test Cases/Admin Suite Bootstrap/UM_TestCases/UsersErrors/CreateUserErrors" time="48.398" classname="Test Cases/Admin Suite Bootstrap/UM_TestCases/UsersErrors/CreateUserErrors" status="PASSED">
         <system-out><![CDATA[2024-07-12 19:20:52 - [TEST_CASE][PASSED] - Test Cases/Admin Suite Bootstrap/UM_TestCases/UsersErrors/CreateUserErrors: Test Cases/Admin Suite Bootstrap/UM_TestCases/UsersErrors/CreateUserErrors

2024-07-12 19:20:53 - [TEST_STEP][PASSED] - path_Dashboard = "Object Repository/AdminSuiteBootstrap_Pages/Dashboard_Bootstrap/": null

2024-07-12 19:20:53 - [TEST_STEP][PASSED] - path_Users = "Object Repository/AdminSuiteBootstrap_Pages/UM_Bootstrap/Users/": null

2024-07-12 19:20:53 - [TEST_STEP][PASSED] - path_UserView = "Object Repository/AdminSuiteBootstrap_Pages/UM_Bootstrap/UserView/": null

2024-07-12 19:20:53 - [TEST_STEP][PASSED] - path_DeleteUser = "Object Repository/AdminSuiteBootstrap_Pages/UM_Bootstrap/DeleteUser/": null

2024-07-12 19:20:53 - [TEST_STEP][PASSED] - path_AddUser = "Object Repository/AdminSuiteBootstrap_Pages/UM_Bootstrap/AddUser/": null

2024-07-12 19:20:53 - [TEST_STEP][PASSED] - executionProfile = getExecutionProfile(): null

2024-07-12 19:20:53 - [TEST_STEP][PASSED] - out.println("executionProfile : " + executionProfile): null

2024-07-12 19:20:53 - [TEST_STEP][PASSED] - appName = <not implemented yet for class: org.codehaus.groovy.ast.expr.EmptyExpression>: null

2024-07-12 19:20:53 - [TEST_STEP][PASSED] - appID = <not implemented yet for class: org.codehaus.groovy.ast.expr.EmptyExpression>: null

2024-07-12 19:20:53 - [TEST_STEP][PASSED] - cardNameV = <not implemented yet for class: org.codehaus.groovy.ast.expr.EmptyExpression>: null

2024-07-12 19:20:53 - [TEST_STEP][PASSED] - al1V = <not implemented yet for class: org.codehaus.groovy.ast.expr.EmptyExpression>: null

2024-07-12 19:20:53 - [TEST_STEP][PASSED] - al2V = <not implemented yet for class: org.codehaus.groovy.ast.expr.EmptyExpression>: null

2024-07-12 19:20:53 - [TEST_STEP][PASSED] - zipV = <not implemented yet for class: org.codehaus.groovy.ast.expr.EmptyExpression>: null

2024-07-12 19:20:53 - [TEST_STEP][PASSED] - cardTypeV = <not implemented yet for class: org.codehaus.groovy.ast.expr.EmptyExpression>: null

2024-07-12 19:20:53 - [TEST_STEP][PASSED] - resText = "Fail": null

2024-07-12 19:20:53 - [TEST_STEP][PASSED] - resColumn = "Result": null

2024-07-12 19:20:53 - [TEST_STEP][PASSED] - datCloumn = "Date": null

2024-07-12 19:20:53 - [TEST_STEP][PASSED] - fileLoc = "KatalonData/Bootstrap/UM-Data.xlsx": null

2024-07-12 19:20:53 - [TEST_STEP][PASSED] - numOfRows = <not implemented yet for class: org.codehaus.groovy.ast.expr.EmptyExpression>: null

2024-07-12 19:20:53 - [TEST_STEP][PASSED] - dataFile = <not implemented yet for class: org.codehaus.groovy.ast.expr.EmptyExpression>: null

2024-07-12 19:20:53 - [TEST_STEP][PASSED] - nameSheet = <not implemented yet for class: org.codehaus.groovy.ast.expr.EmptyExpression>: null

2024-07-12 19:20:53 - [TEST_STEP][PASSED] - dataFileEmulator = <not implemented yet for class: org.codehaus.groovy.ast.expr.EmptyExpression>: null

2024-07-12 19:20:53 - [TEST_STEP][PASSED] - nameSheet = "CreateUserErrors": null

2024-07-12 19:20:53 - [TEST_STEP][PASSED] - dataFile = "QA/Bootstrap/UM-TestData/CreateUserErrors": null

2024-07-12 19:20:53 - [TEST_STEP][PASSED] - numOfRows = findTestData("QA/Bootstrap/UM-TestData/CreateUserErrors").getRowNumbers(): null

2024-07-12 19:20:53 - [TEST_STEP][PASSED] - println("Number of Records: " + numOfRows): null

2024-07-12 19:20:53 - [TEST_STEP][PASSED] - for ([row = 1, row <= numOfRows, (row++)]): null

2024-07-12 19:20:53 - [TEST_STEP][PASSED] - ExecuteTC = findTestData(dataFile).getValue("Execute", row): null

2024-07-12 19:20:53 - [TEST_STEP][PASSED] - out.println("Value of Execute is : " + ExecuteTC): null

2024-07-12 19:20:53 - [TEST_STEP][PASSED] - if (ExecuteTC.equalsIgnoreCase("Y")): null

2024-07-12 19:20:53 - [TEST_STEP][PASSED] - ExecuteTC = findTestData(dataFile).getValue("Execute", row): null

2024-07-12 19:20:53 - [TEST_STEP][PASSED] - out.println("Value of Execute is : " + ExecuteTC): null

2024-07-12 19:20:53 - [TEST_STEP][PASSED] - if (ExecuteTC.equalsIgnoreCase("Y")): null

2024-07-12 19:20:53 - [TEST_STEP][PASSED] - ExecuteTC = findTestData(dataFile).getValue("Execute", row): null

2024-07-12 19:20:53 - [TEST_STEP][PASSED] - out.println("Value of Execute is : " + ExecuteTC): null

2024-07-12 19:20:53 - [TEST_STEP][PASSED] - if (ExecuteTC.equalsIgnoreCase("Y")): null

2024-07-12 19:20:53 - [TEST_STEP][PASSED] - ExecuteTC = findTestData(dataFile).getValue("Execute", row): null

2024-07-12 19:20:53 - [TEST_STEP][PASSED] - out.println("Value of Execute is : " + ExecuteTC): null

2024-07-12 19:20:53 - [TEST_STEP][PASSED] - if (ExecuteTC.equalsIgnoreCase("Y")): null

2024-07-12 19:20:53 - [TEST_STEP][PASSED] - ExecuteTC = findTestData(dataFile).getValue("Execute", row): null

2024-07-12 19:20:53 - [TEST_STEP][PASSED] - out.println("Value of Execute is : " + ExecuteTC): null

2024-07-12 19:20:53 - [TEST_STEP][PASSED] - if (ExecuteTC.equalsIgnoreCase("Y")): null

2024-07-12 19:20:53 - [TEST_STEP][PASSED] - ExecuteTC = findTestData(dataFile).getValue("Execute", row): null

2024-07-12 19:20:53 - [TEST_STEP][PASSED] - out.println("Value of Execute is : " + ExecuteTC): null

2024-07-12 19:20:53 - [TEST_STEP][PASSED] - if (ExecuteTC.equalsIgnoreCase("Y")): null

2024-07-12 19:20:53 - [TEST_STEP][PASSED] - ExecuteTC = findTestData(dataFile).getValue("Execute", row): null

2024-07-12 19:20:53 - [TEST_STEP][PASSED] - out.println("Value of Execute is : " + ExecuteTC): null

2024-07-12 19:20:53 - [TEST_STEP][PASSED] - if (ExecuteTC.equalsIgnoreCase("Y")): null

2024-07-12 19:20:53 - [TEST_STEP][PASSED] - ExecuteTC = findTestData(dataFile).getValue("Execute", row): null

2024-07-12 19:20:54 - [TEST_STEP][PASSED] - out.println("Value of Execute is : " + ExecuteTC): null

2024-07-12 19:20:54 - [TEST_STEP][PASSED] - if (ExecuteTC.equalsIgnoreCase("Y")): null

2024-07-12 19:20:54 - [TEST_STEP][PASSED] - ExecuteTC = findTestData(dataFile).getValue("Execute", row): null

2024-07-12 19:20:54 - [TEST_STEP][PASSED] - out.println("Value of Execute is : " + ExecuteTC): null

2024-07-12 19:20:54 - [TEST_STEP][PASSED] - if (ExecuteTC.equalsIgnoreCase("Y")): null

2024-07-12 19:20:54 - [TEST_STEP][PASSED] - ExecuteTC = findTestData(dataFile).getValue("Execute", row): null

2024-07-12 19:20:54 - [TEST_STEP][PASSED] - out.println("Value of Execute is : " + ExecuteTC): null

2024-07-12 19:20:54 - [TEST_STEP][PASSED] - if (ExecuteTC.equalsIgnoreCase("Y")): null

2024-07-12 19:20:54 - [TEST_STEP][PASSED] - ExecuteTC = findTestData(dataFile).getValue("Execute", row): null

2024-07-12 19:20:54 - [TEST_STEP][PASSED] - out.println("Value of Execute is : " + ExecuteTC): null

2024-07-12 19:20:54 - [TEST_STEP][PASSED] - if (ExecuteTC.equalsIgnoreCase("Y")): null

2024-07-12 19:20:54 - [TEST_STEP][PASSED] - ExecuteTC = findTestData(dataFile).getValue("Execute", row): null

2024-07-12 19:20:54 - [TEST_STEP][PASSED] - out.println("Value of Execute is : " + ExecuteTC): null

2024-07-12 19:20:54 - [TEST_STEP][PASSED] - if (ExecuteTC.equalsIgnoreCase("Y")): null

2024-07-12 19:20:54 - [TEST_STEP][PASSED] - out.println("Begin Record Number: " + row): null

2024-07-12 19:20:54 - [TEST_STEP][PASSED] - today = new java.util.Date(): null

2024-07-12 19:20:54 - [TEST_STEP][PASSED] - println(today): null

2024-07-12 19:20:54 - [TEST_STEP][PASSED] - datText = today: null

2024-07-12 19:20:54 - [TEST_STEP][PASSED] - adminSuiteBootstrap.loginFunctionality.login_AdminSuite(): adminSuiteBootstrap.loginFunctionality.login_AdminSuite is PASSED

2024-07-12 19:20:54 - [MESSAGE][INFO] - Starting 'Chrome' driver

2024-07-12 19:20:54 - [MESSAGE][INFO] - User set preference: ['acceptInsecureCerts', 'true']

2024-07-12 19:20:54 - [MESSAGE][INFO] - Action delay is set to 0 milliseconds

2024-07-12 19:20:57 - [MESSAGE][PASSED] - Browser is opened with url: 'https://qa2.velocitypayment.com/admin/imtiaz'

2024-07-12 19:20:57 - [MESSAGE][PASSED] - Current window maximized

2024-07-12 19:20:57 - [MESSAGE][PASSED] - Object 'Object Repository/Login_Page/Login_Username_Okta' is present

2024-07-12 19:20:58 - [MESSAGE][PASSED] - Text 'iahmed' is set on object 'Object Repository/Login_Page/Login_Username_Okta'

2024-07-12 19:20:59 - [MESSAGE][PASSED] - Text 'Hello!6666666' is set on object 'Object Repository/Login_Page/Login_Password_Okta'

2024-07-12 19:20:59 - [MESSAGE][PASSED] - Object: 'Object Repository/Login_Page/Login_Submit_Okta' is clicked on

2024-07-12 19:20:59 - [MESSAGE][PASSED] - adminSuiteBootstrap.loginFunctionality.login_AdminSuite is PASSED

2024-07-12 19:20:59 - [TEST_STEP][PASSED] - click(findTestObject(path_Dashboard + "a_Access User Management")): Object: 'Object Repository/AdminSuiteBootstrap_Pages/Dashboard_Bootstrap/a_Access User Management' is clicked on

2024-07-12 19:21:07 - [MESSAGE][PASSED] - Object: 'Object Repository/AdminSuiteBootstrap_Pages/Dashboard_Bootstrap/a_Access User Management' is clicked on

2024-07-12 19:21:07 - [TEST_STEP][PASSED] - click(findTestObject(path_Users + "a_Add User")): Object: 'Object Repository/AdminSuiteBootstrap_Pages/UM_Bootstrap/Users/a_Add User' is clicked on

2024-07-12 19:21:07 - [MESSAGE][PASSED] - Object: 'Object Repository/AdminSuiteBootstrap_Pages/UM_Bootstrap/Users/a_Add User' is clicked on

2024-07-12 19:21:07 - [TEST_STEP][PASSED] - userName = findTestData(dataFile).getValue("Username", row): null

2024-07-12 19:21:08 - [TEST_STEP][PASSED] - firstName = findTestData(dataFile).getValue("Firstname", row): null

2024-07-12 19:21:08 - [TEST_STEP][PASSED] - lastName = findTestData(dataFile).getValue("Lastname", row): null

2024-07-12 19:21:08 - [TEST_STEP][PASSED] - email = findTestData(dataFile).getValue("Email", row): null

2024-07-12 19:21:08 - [TEST_STEP][PASSED] - pwd = findTestData(dataFile).getValue("Password", row): null

2024-07-12 19:21:08 - [TEST_STEP][PASSED] - confirPwd = findTestData(dataFile).getValue("ConfirmPassword", row): null

2024-07-12 19:21:08 - [TEST_STEP][PASSED] - lockAC = findTestData(dataFile).getValue("Lock", row): null

2024-07-12 19:21:08 - [TEST_STEP][PASSED] - errorMsg = findTestData(dataFile).getValue("ErrorMsg", row): null

2024-07-12 19:21:08 - [TEST_STEP][PASSED] - setText(findTestObject(path_AddUser + "input_Username"), userName): Text 'username3001' is set on object 'Object Repository/AdminSuiteBootstrap_Pages/UM_Bootstrap/AddUser/input_Username'

2024-07-12 19:21:09 - [MESSAGE][PASSED] - Text 'username3001' is set on object 'Object Repository/AdminSuiteBootstrap_Pages/UM_Bootstrap/AddUser/input_Username'

2024-07-12 19:21:09 - [TEST_STEP][PASSED] - setText(findTestObject(path_AddUser + "input_FirstName"), firstName): Text 'Gorbachovaaaab' is set on object 'Object Repository/AdminSuiteBootstrap_Pages/UM_Bootstrap/AddUser/input_FirstName'

2024-07-12 19:21:10 - [MESSAGE][PASSED] - Text 'Gorbachovaaaab' is set on object 'Object Repository/AdminSuiteBootstrap_Pages/UM_Bootstrap/AddUser/input_FirstName'

2024-07-12 19:21:10 - [TEST_STEP][PASSED] - setText(findTestObject(path_AddUser + "input_LastName"), lastName): Text 'lname' is set on object 'Object Repository/AdminSuiteBootstrap_Pages/UM_Bootstrap/AddUser/input_LastName'

2024-07-12 19:21:10 - [MESSAGE][PASSED] - Text 'lname' is set on object 'Object Repository/AdminSuiteBootstrap_Pages/UM_Bootstrap/AddUser/input_LastName'

2024-07-12 19:21:10 - [TEST_STEP][PASSED] - setText(findTestObject(path_AddUser + "input_EmailAddress"), email): Text 'iahmed@govolution.com' is set on object 'Object Repository/AdminSuiteBootstrap_Pages/UM_Bootstrap/AddUser/input_EmailAddress'

2024-07-12 19:21:11 - [MESSAGE][PASSED] - Text 'iahmed@govolution.com' is set on object 'Object Repository/AdminSuiteBootstrap_Pages/UM_Bootstrap/AddUser/input_EmailAddress'

2024-07-12 19:21:11 - [TEST_STEP][PASSED] - setText(findTestObject(path_AddUser + "input_Password"), pwd): Text 'Gorbachovaaaab@1' is set on object 'Object Repository/AdminSuiteBootstrap_Pages/UM_Bootstrap/AddUser/input_Password'

2024-07-12 19:21:12 - [MESSAGE][PASSED] - Text 'Gorbachovaaaab@1' is set on object 'Object Repository/AdminSuiteBootstrap_Pages/UM_Bootstrap/AddUser/input_Password'

2024-07-12 19:21:12 - [TEST_STEP][PASSED] - setText(findTestObject(path_AddUser + "input_ConfirmPassword"), confirPwd): Text 'Gorbachovaaaab@1' is set on object 'Object Repository/AdminSuiteBootstrap_Pages/UM_Bootstrap/AddUser/input_ConfirmPassword'

2024-07-12 19:21:13 - [MESSAGE][PASSED] - Text 'Gorbachovaaaab@1' is set on object 'Object Repository/AdminSuiteBootstrap_Pages/UM_Bootstrap/AddUser/input_ConfirmPassword'

2024-07-12 19:21:13 - [TEST_STEP][PASSED] - if (lockAC.equalsIgnoreCase("N")): Object 'Object Repository/AdminSuiteBootstrap_Pages/UM_Bootstrap/AddUser/input_No_lock' is checked

2024-07-12 19:21:13 - [TEST_STEP][PASSED] - check(findTestObject(path_AddUser + "input_No_lock")): Object 'Object Repository/AdminSuiteBootstrap_Pages/UM_Bootstrap/AddUser/input_No_lock' is checked

2024-07-12 19:21:13 - [MESSAGE][PASSED] - Object 'Object Repository/AdminSuiteBootstrap_Pages/UM_Bootstrap/AddUser/input_No_lock' is checked

2024-07-12 19:21:13 - [TEST_STEP][PASSED] - click(findTestObject(path_AddUser + "button_Create")): Object: 'Object Repository/AdminSuiteBootstrap_Pages/UM_Bootstrap/AddUser/button_Create' is clicked on

2024-07-12 19:21:15 - [MESSAGE][PASSED] - Object: 'Object Repository/AdminSuiteBootstrap_Pages/UM_Bootstrap/AddUser/button_Create' is clicked on

2024-07-12 19:21:15 - [TEST_STEP][PASSED] - if (verifyTextPresent(errorMsg, true)): null

2024-07-12 19:21:16 - [MESSAGE][PASSED] - Text 'Password is invalid' is present on page  using regular expression

2024-07-12 19:21:16 - [TEST_STEP][PASSED] - pages.CustomLogger.log_Logger("User did not got created, received Error", "Pass"): pages.CustomLogger.log_Logger is PASSED

2024-07-12 19:21:16 - [MESSAGE][PASSED] - User did not got created, received Error

2024-07-12 19:21:16 - [MESSAGE][PASSED] - pages.CustomLogger.log_Logger is PASSED

2024-07-12 19:21:16 - [TEST_STEP][PASSED] - markPassed("User did not got created, received Error"): User did not got created, received Error

2024-07-12 19:21:16 - [MESSAGE][PASSED] - User did not got created, received Error

2024-07-12 19:21:16 - [TEST_STEP][PASSED] - resText = "Pass": null

2024-07-12 19:21:16 - [TEST_STEP][PASSED] - pages.WriteExcel.demoKey(resText, datText, resColumn, datCloumn, fileLoc, nameSheet, row): pages.WriteExcel.demoKey is PASSED

2024-07-12 19:21:16 - [MESSAGE][PASSED] - pages.WriteExcel.demoKey is PASSED

2024-07-12 19:21:16 - [TEST_STEP][PASSED] - ExecuteTC = findTestData(dataFile).getValue("Execute", row): null

2024-07-12 19:21:16 - [TEST_STEP][PASSED] - out.println("Value of Execute is : " + ExecuteTC): null

2024-07-12 19:21:16 - [TEST_STEP][PASSED] - if (ExecuteTC.equalsIgnoreCase("Y")): null

2024-07-12 19:21:16 - [TEST_STEP][PASSED] - out.println("Begin Record Number: " + row): null

2024-07-12 19:21:16 - [TEST_STEP][PASSED] - today = new java.util.Date(): null

2024-07-12 19:21:16 - [TEST_STEP][PASSED] - println(today): null

2024-07-12 19:21:16 - [TEST_STEP][PASSED] - datText = today: null

2024-07-12 19:21:16 - [TEST_STEP][PASSED] - adminSuiteBootstrap.loginFunctionality.login_AdminSuite(): adminSuiteBootstrap.loginFunctionality.login_AdminSuite is PASSED

2024-07-12 19:21:16 - [MESSAGE][WARNING] - A browser is already opened. Closing browser and opening a new one

2024-07-12 19:21:17 - [MESSAGE][INFO] - Starting 'Chrome' driver

2024-07-12 19:21:17 - [MESSAGE][INFO] - User set preference: ['acceptInsecureCerts', 'true']

2024-07-12 19:21:17 - [MESSAGE][INFO] - Action delay is set to 0 milliseconds

2024-07-12 19:21:20 - [MESSAGE][PASSED] - Browser is opened with url: 'https://qa2.velocitypayment.com/admin/imtiaz'

2024-07-12 19:21:20 - [MESSAGE][PASSED] - Current window maximized

2024-07-12 19:21:21 - [MESSAGE][PASSED] - Object 'Object Repository/Login_Page/Login_Username_Okta' is present

2024-07-12 19:21:21 - [MESSAGE][PASSED] - Text 'iahmed' is set on object 'Object Repository/Login_Page/Login_Username_Okta'

2024-07-12 19:21:22 - [MESSAGE][PASSED] - Text 'Hello!6666666' is set on object 'Object Repository/Login_Page/Login_Password_Okta'

2024-07-12 19:21:23 - [MESSAGE][PASSED] - Object: 'Object Repository/Login_Page/Login_Submit_Okta' is clicked on

2024-07-12 19:21:23 - [MESSAGE][PASSED] - adminSuiteBootstrap.loginFunctionality.login_AdminSuite is PASSED

2024-07-12 19:21:23 - [TEST_STEP][PASSED] - click(findTestObject(path_Dashboard + "a_Access User Management")): Object: 'Object Repository/AdminSuiteBootstrap_Pages/Dashboard_Bootstrap/a_Access User Management' is clicked on

2024-07-12 19:21:31 - [MESSAGE][PASSED] - Object: 'Object Repository/AdminSuiteBootstrap_Pages/Dashboard_Bootstrap/a_Access User Management' is clicked on

2024-07-12 19:21:31 - [TEST_STEP][PASSED] - click(findTestObject(path_Users + "a_Add User")): Object: 'Object Repository/AdminSuiteBootstrap_Pages/UM_Bootstrap/Users/a_Add User' is clicked on

2024-07-12 19:21:32 - [MESSAGE][PASSED] - Object: 'Object Repository/AdminSuiteBootstrap_Pages/UM_Bootstrap/Users/a_Add User' is clicked on

2024-07-12 19:21:32 - [TEST_STEP][PASSED] - userName = findTestData(dataFile).getValue("Username", row): null

2024-07-12 19:21:32 - [TEST_STEP][PASSED] - firstName = findTestData(dataFile).getValue("Firstname", row): null

2024-07-12 19:21:32 - [TEST_STEP][PASSED] - lastName = findTestData(dataFile).getValue("Lastname", row): null

2024-07-12 19:21:32 - [TEST_STEP][PASSED] - email = findTestData(dataFile).getValue("Email", row): null

2024-07-12 19:21:32 - [TEST_STEP][PASSED] - pwd = findTestData(dataFile).getValue("Password", row): null

2024-07-12 19:21:32 - [TEST_STEP][PASSED] - confirPwd = findTestData(dataFile).getValue("ConfirmPassword", row): null

2024-07-12 19:21:32 - [TEST_STEP][PASSED] - lockAC = findTestData(dataFile).getValue("Lock", row): null

2024-07-12 19:21:32 - [TEST_STEP][PASSED] - errorMsg = findTestData(dataFile).getValue("ErrorMsg", row): null

2024-07-12 19:21:32 - [TEST_STEP][PASSED] - setText(findTestObject(path_AddUser + "input_Username"), userName): Text 'username2439' is set on object 'Object Repository/AdminSuiteBootstrap_Pages/UM_Bootstrap/AddUser/input_Username'

2024-07-12 19:21:33 - [MESSAGE][PASSED] - Text 'username2439' is set on object 'Object Repository/AdminSuiteBootstrap_Pages/UM_Bootstrap/AddUser/input_Username'

2024-07-12 19:21:33 - [TEST_STEP][PASSED] - setText(findTestObject(path_AddUser + "input_FirstName"), firstName): Text 'Minjas' is set on object 'Object Repository/AdminSuiteBootstrap_Pages/UM_Bootstrap/AddUser/input_FirstName'

2024-07-12 19:21:34 - [MESSAGE][PASSED] - Text 'Minjas' is set on object 'Object Repository/AdminSuiteBootstrap_Pages/UM_Bootstrap/AddUser/input_FirstName'

2024-07-12 19:21:34 - [TEST_STEP][PASSED] - setText(findTestObject(path_AddUser + "input_LastName"), lastName): Text 'Gorbachovaaaa' is set on object 'Object Repository/AdminSuiteBootstrap_Pages/UM_Bootstrap/AddUser/input_LastName'

2024-07-12 19:21:35 - [MESSAGE][PASSED] - Text 'Gorbachovaaaa' is set on object 'Object Repository/AdminSuiteBootstrap_Pages/UM_Bootstrap/AddUser/input_LastName'

2024-07-12 19:21:35 - [TEST_STEP][PASSED] - setText(findTestObject(path_AddUser + "input_EmailAddress"), email): Text 'iahmed@govolution.com' is set on object 'Object Repository/AdminSuiteBootstrap_Pages/UM_Bootstrap/AddUser/input_EmailAddress'

2024-07-12 19:21:35 - [MESSAGE][PASSED] - Text 'iahmed@govolution.com' is set on object 'Object Repository/AdminSuiteBootstrap_Pages/UM_Bootstrap/AddUser/input_EmailAddress'

2024-07-12 19:21:35 - [TEST_STEP][PASSED] - setText(findTestObject(path_AddUser + "input_Password"), pwd): Text 'Gorbachovaaaa@1' is set on object 'Object Repository/AdminSuiteBootstrap_Pages/UM_Bootstrap/AddUser/input_Password'

2024-07-12 19:21:36 - [MESSAGE][PASSED] - Text 'Gorbachovaaaa@1' is set on object 'Object Repository/AdminSuiteBootstrap_Pages/UM_Bootstrap/AddUser/input_Password'

2024-07-12 19:21:36 - [TEST_STEP][PASSED] - setText(findTestObject(path_AddUser + "input_ConfirmPassword"), confirPwd): Text 'Gorbachovaaaa@1' is set on object 'Object Repository/AdminSuiteBootstrap_Pages/UM_Bootstrap/AddUser/input_ConfirmPassword'

2024-07-12 19:21:37 - [MESSAGE][PASSED] - Text 'Gorbachovaaaa@1' is set on object 'Object Repository/AdminSuiteBootstrap_Pages/UM_Bootstrap/AddUser/input_ConfirmPassword'

2024-07-12 19:21:37 - [TEST_STEP][PASSED] - if (lockAC.equalsIgnoreCase("N")): Object 'Object Repository/AdminSuiteBootstrap_Pages/UM_Bootstrap/AddUser/input_No_lock' is checked

2024-07-12 19:21:37 - [TEST_STEP][PASSED] - check(findTestObject(path_AddUser + "input_No_lock")): Object 'Object Repository/AdminSuiteBootstrap_Pages/UM_Bootstrap/AddUser/input_No_lock' is checked

2024-07-12 19:21:37 - [MESSAGE][PASSED] - Object 'Object Repository/AdminSuiteBootstrap_Pages/UM_Bootstrap/AddUser/input_No_lock' is checked

2024-07-12 19:21:37 - [TEST_STEP][PASSED] - click(findTestObject(path_AddUser + "button_Create")): Object: 'Object Repository/AdminSuiteBootstrap_Pages/UM_Bootstrap/AddUser/button_Create' is clicked on

2024-07-12 19:21:39 - [MESSAGE][PASSED] - Object: 'Object Repository/AdminSuiteBootstrap_Pages/UM_Bootstrap/AddUser/button_Create' is clicked on

2024-07-12 19:21:39 - [TEST_STEP][PASSED] - if (verifyTextPresent(errorMsg, true)): null

2024-07-12 19:21:40 - [MESSAGE][PASSED] - Text 'Password is invalid' is present on page  using regular expression

2024-07-12 19:21:40 - [TEST_STEP][PASSED] - pages.CustomLogger.log_Logger("User did not got created, received Error", "Pass"): pages.CustomLogger.log_Logger is PASSED

2024-07-12 19:21:40 - [MESSAGE][PASSED] - User did not got created, received Error

2024-07-12 19:21:40 - [MESSAGE][PASSED] - pages.CustomLogger.log_Logger is PASSED

2024-07-12 19:21:40 - [TEST_STEP][PASSED] - markPassed("User did not got created, received Error"): User did not got created, received Error

2024-07-12 19:21:40 - [MESSAGE][PASSED] - User did not got created, received Error

2024-07-12 19:21:40 - [TEST_STEP][PASSED] - resText = "Pass": null

2024-07-12 19:21:40 - [TEST_STEP][PASSED] - pages.WriteExcel.demoKey(resText, datText, resColumn, datCloumn, fileLoc, nameSheet, row): pages.WriteExcel.demoKey is PASSED

2024-07-12 19:21:40 - [MESSAGE][PASSED] - pages.WriteExcel.demoKey is PASSED

2024-07-12 19:21:40 - [TEST_STEP][PASSED] - ExecuteTC = findTestData(dataFile).getValue("Execute", row): null

2024-07-12 19:21:40 - [TEST_STEP][PASSED] - out.println("Value of Execute is : " + ExecuteTC): null

2024-07-12 19:21:40 - [TEST_STEP][PASSED] - if (ExecuteTC.equalsIgnoreCase("Y")): null

2024-07-12 19:21:40 - [TEST_STEP][PASSED] - ExecuteTC = findTestData(dataFile).getValue("Execute", row): null

2024-07-12 19:21:40 - [TEST_STEP][PASSED] - out.println("Value of Execute is : " + ExecuteTC): null

2024-07-12 19:21:40 - [TEST_STEP][PASSED] - if (ExecuteTC.equalsIgnoreCase("Y")): null

2024-07-12 19:21:40 - [TEST_STEP][PASSED] - ExecuteTC = findTestData(dataFile).getValue("Execute", row): null

2024-07-12 19:21:41 - [TEST_STEP][PASSED] - out.println("Value of Execute is : " + ExecuteTC): null

2024-07-12 19:21:41 - [TEST_STEP][PASSED] - if (ExecuteTC.equalsIgnoreCase("Y")): null]]></system-out>
         <system-err><![CDATA[]]></system-err>
      </testcase>
      <testcase name="Test Cases/Admin Suite Bootstrap/UM_TestCases/UsersErrors/CreateUserMRFErrors" time="19.487" classname="Test Cases/Admin Suite Bootstrap/UM_TestCases/UsersErrors/CreateUserMRFErrors" status="PASSED">
         <system-out><![CDATA[2024-07-12 19:21:41 - [TEST_CASE][PASSED] - Test Cases/Admin Suite Bootstrap/UM_TestCases/UsersErrors/CreateUserMRFErrors: Test Cases/Admin Suite Bootstrap/UM_TestCases/UsersErrors/CreateUserMRFErrors

2024-07-12 19:21:41 - [TEST_STEP][PASSED] - path_Dashboard = "Object Repository/AdminSuiteBootstrap_Pages/Dashboard_Bootstrap/": null

2024-07-12 19:21:41 - [TEST_STEP][PASSED] - path_Users = "Object Repository/AdminSuiteBootstrap_Pages/UM_Bootstrap/Users/": null

2024-07-12 19:21:41 - [TEST_STEP][PASSED] - path_UserView = "Object Repository/AdminSuiteBootstrap_Pages/UM_Bootstrap/UserView/": null

2024-07-12 19:21:41 - [TEST_STEP][PASSED] - path_DeleteUser = "Object Repository/AdminSuiteBootstrap_Pages/UM_Bootstrap/DeleteUser/": null

2024-07-12 19:21:41 - [TEST_STEP][PASSED] - path_AddUser = "Object Repository/AdminSuiteBootstrap_Pages/UM_Bootstrap/AddUser/": null

2024-07-12 19:21:41 - [TEST_STEP][PASSED] - executionProfile = getExecutionProfile(): null

2024-07-12 19:21:41 - [TEST_STEP][PASSED] - out.println("executionProfile : " + executionProfile): null

2024-07-12 19:21:41 - [TEST_STEP][PASSED] - appName = <not implemented yet for class: org.codehaus.groovy.ast.expr.EmptyExpression>: null

2024-07-12 19:21:41 - [TEST_STEP][PASSED] - appID = <not implemented yet for class: org.codehaus.groovy.ast.expr.EmptyExpression>: null

2024-07-12 19:21:41 - [TEST_STEP][PASSED] - cardNameV = <not implemented yet for class: org.codehaus.groovy.ast.expr.EmptyExpression>: null

2024-07-12 19:21:41 - [TEST_STEP][PASSED] - al1V = <not implemented yet for class: org.codehaus.groovy.ast.expr.EmptyExpression>: null

2024-07-12 19:21:41 - [TEST_STEP][PASSED] - al2V = <not implemented yet for class: org.codehaus.groovy.ast.expr.EmptyExpression>: null

2024-07-12 19:21:41 - [TEST_STEP][PASSED] - zipV = <not implemented yet for class: org.codehaus.groovy.ast.expr.EmptyExpression>: null

2024-07-12 19:21:41 - [TEST_STEP][PASSED] - cardTypeV = <not implemented yet for class: org.codehaus.groovy.ast.expr.EmptyExpression>: null

2024-07-12 19:21:41 - [TEST_STEP][PASSED] - adminSuiteBootstrap.loginFunctionality.login_AdminSuite(): adminSuiteBootstrap.loginFunctionality.login_AdminSuite is PASSED

2024-07-12 19:21:41 - [MESSAGE][WARNING] - A browser is already opened. Closing browser and opening a new one

2024-07-12 19:21:42 - [MESSAGE][INFO] - Starting 'Chrome' driver

2024-07-12 19:21:42 - [MESSAGE][INFO] - User set preference: ['acceptInsecureCerts', 'true']

2024-07-12 19:21:42 - [MESSAGE][INFO] - Action delay is set to 0 milliseconds

2024-07-12 19:21:45 - [MESSAGE][PASSED] - Browser is opened with url: 'https://qa2.velocitypayment.com/admin/imtiaz'

2024-07-12 19:21:45 - [MESSAGE][PASSED] - Current window maximized

2024-07-12 19:21:46 - [MESSAGE][PASSED] - Object 'Object Repository/Login_Page/Login_Username_Okta' is present

2024-07-12 19:21:46 - [MESSAGE][PASSED] - Text 'iahmed' is set on object 'Object Repository/Login_Page/Login_Username_Okta'

2024-07-12 19:21:47 - [MESSAGE][PASSED] - Text 'Hello!6666666' is set on object 'Object Repository/Login_Page/Login_Password_Okta'

2024-07-12 19:21:48 - [MESSAGE][PASSED] - Object: 'Object Repository/Login_Page/Login_Submit_Okta' is clicked on

2024-07-12 19:21:48 - [MESSAGE][PASSED] - adminSuiteBootstrap.loginFunctionality.login_AdminSuite is PASSED

2024-07-12 19:21:48 - [TEST_STEP][PASSED] - click(findTestObject(path_Dashboard + "a_Access User Management")): Object: 'Object Repository/AdminSuiteBootstrap_Pages/Dashboard_Bootstrap/a_Access User Management' is clicked on

2024-07-12 19:21:56 - [MESSAGE][PASSED] - Object: 'Object Repository/AdminSuiteBootstrap_Pages/Dashboard_Bootstrap/a_Access User Management' is clicked on

2024-07-12 19:21:56 - [TEST_STEP][PASSED] - click(findTestObject(path_Users + "a_Add User")): Object: 'Object Repository/AdminSuiteBootstrap_Pages/UM_Bootstrap/Users/a_Add User' is clicked on

2024-07-12 19:21:56 - [MESSAGE][PASSED] - Object: 'Object Repository/AdminSuiteBootstrap_Pages/UM_Bootstrap/Users/a_Add User' is clicked on

2024-07-12 19:21:56 - [TEST_STEP][PASSED] - click(findTestObject(path_AddUser + "button_Create")): Object: 'Object Repository/AdminSuiteBootstrap_Pages/UM_Bootstrap/AddUser/button_Create' is clicked on

2024-07-12 19:21:57 - [MESSAGE][PASSED] - Object: 'Object Repository/AdminSuiteBootstrap_Pages/UM_Bootstrap/AddUser/button_Create' is clicked on

2024-07-12 19:21:57 - [TEST_STEP][PASSED] - verifyTextPresent("First name must be provided", true): Text 'First name must be provided' is present on page  using regular expression

2024-07-12 19:21:58 - [MESSAGE][PASSED] - Text 'First name must be provided' is present on page  using regular expression

2024-07-12 19:21:58 - [TEST_STEP][PASSED] - verifyTextPresent("Last name must be provided", true): Text 'Last name must be provided' is present on page  using regular expression

2024-07-12 19:21:58 - [MESSAGE][PASSED] - Text 'Last name must be provided' is present on page  using regular expression

2024-07-12 19:21:58 - [TEST_STEP][PASSED] - verifyTextPresent("Username must be provided", true): Text 'Username must be provided' is present on page  using regular expression

2024-07-12 19:21:58 - [MESSAGE][PASSED] - Text 'Username must be provided' is present on page  using regular expression

2024-07-12 19:21:58 - [TEST_STEP][PASSED] - verifyTextPresent("Email address must be provided", true): Text 'Email address must be provided' is present on page  using regular expression

2024-07-12 19:21:58 - [MESSAGE][PASSED] - Text 'Email address must be provided' is present on page  using regular expression

2024-07-12 19:21:58 - [TEST_STEP][PASSED] - verifyTextPresent("Password must be provided", true): Text 'Password must be provided' is present on page  using regular expression

2024-07-12 19:21:59 - [MESSAGE][PASSED] - Text 'Password must be provided' is present on page  using regular expression

2024-07-12 19:21:59 - [TEST_STEP][PASSED] - closeBrowser(): Browser is closed

2024-07-12 19:22:00 - [MESSAGE][PASSED] - Browser is closed]]></system-out>
         <system-err><![CDATA[]]></system-err>
      </testcase>
      <testcase name="Test Cases/Admin Suite Bootstrap/UM_TestCases/UsersErrors/FindUserNotFoundError" time="19.344" classname="Test Cases/Admin Suite Bootstrap/UM_TestCases/UsersErrors/FindUserNotFoundError" status="PASSED">
         <system-out><![CDATA[2024-07-12 19:22:00 - [TEST_CASE][PASSED] - Test Cases/Admin Suite Bootstrap/UM_TestCases/UsersErrors/FindUserNotFoundError: Test Cases/Admin Suite Bootstrap/UM_TestCases/UsersErrors/FindUserNotFoundError

2024-07-12 19:22:00 - [TEST_STEP][PASSED] - path_Dashboard = "Object Repository/AdminSuiteBootstrap_Pages/Dashboard_Bootstrap/": null

2024-07-12 19:22:00 - [TEST_STEP][PASSED] - path_Users = "Object Repository/AdminSuiteBootstrap_Pages/UM_Bootstrap/Users/": null

2024-07-12 19:22:00 - [TEST_STEP][PASSED] - path_UserView = "Object Repository/AdminSuiteBootstrap_Pages/UM_Bootstrap/UserView/": null

2024-07-12 19:22:00 - [TEST_STEP][PASSED] - path_FindUser = "Object Repository/AdminSuiteBootstrap_Pages/UM_Bootstrap/FindUser/": null

2024-07-12 19:22:00 - [TEST_STEP][PASSED] - executionProfile = getExecutionProfile(): null

2024-07-12 19:22:00 - [TEST_STEP][PASSED] - out.println("executionProfile : " + executionProfile): null

2024-07-12 19:22:00 - [TEST_STEP][PASSED] - appName = <not implemented yet for class: org.codehaus.groovy.ast.expr.EmptyExpression>: null

2024-07-12 19:22:00 - [TEST_STEP][PASSED] - appID = <not implemented yet for class: org.codehaus.groovy.ast.expr.EmptyExpression>: null

2024-07-12 19:22:00 - [TEST_STEP][PASSED] - cardNameV = <not implemented yet for class: org.codehaus.groovy.ast.expr.EmptyExpression>: null

2024-07-12 19:22:00 - [TEST_STEP][PASSED] - al1V = <not implemented yet for class: org.codehaus.groovy.ast.expr.EmptyExpression>: null

2024-07-12 19:22:00 - [TEST_STEP][PASSED] - al2V = <not implemented yet for class: org.codehaus.groovy.ast.expr.EmptyExpression>: null

2024-07-12 19:22:00 - [TEST_STEP][PASSED] - zipV = <not implemented yet for class: org.codehaus.groovy.ast.expr.EmptyExpression>: null

2024-07-12 19:22:00 - [TEST_STEP][PASSED] - cardTypeV = <not implemented yet for class: org.codehaus.groovy.ast.expr.EmptyExpression>: null

2024-07-12 19:22:00 - [TEST_STEP][PASSED] - adminSuiteBootstrap.loginFunctionality.login_AdminSuite(): adminSuiteBootstrap.loginFunctionality.login_AdminSuite is PASSED

2024-07-12 19:22:00 - [MESSAGE][INFO] - Starting 'Chrome' driver

2024-07-12 19:22:00 - [MESSAGE][INFO] - User set preference: ['acceptInsecureCerts', 'true']

2024-07-12 19:22:00 - [MESSAGE][INFO] - Action delay is set to 0 milliseconds

2024-07-12 19:22:03 - [MESSAGE][PASSED] - Browser is opened with url: 'https://qa2.velocitypayment.com/admin/imtiaz'

2024-07-12 19:22:03 - [MESSAGE][PASSED] - Current window maximized

2024-07-12 19:22:04 - [MESSAGE][PASSED] - Object 'Object Repository/Login_Page/Login_Username_Okta' is present

2024-07-12 19:22:05 - [MESSAGE][PASSED] - Text 'iahmed' is set on object 'Object Repository/Login_Page/Login_Username_Okta'

2024-07-12 19:22:06 - [MESSAGE][PASSED] - Text 'Hello!6666666' is set on object 'Object Repository/Login_Page/Login_Password_Okta'

2024-07-12 19:22:06 - [MESSAGE][PASSED] - Object: 'Object Repository/Login_Page/Login_Submit_Okta' is clicked on

2024-07-12 19:22:06 - [MESSAGE][PASSED] - adminSuiteBootstrap.loginFunctionality.login_AdminSuite is PASSED

2024-07-12 19:22:06 - [TEST_STEP][PASSED] - click(findTestObject(path_Dashboard + "a_Access User Management")): Object: 'Object Repository/AdminSuiteBootstrap_Pages/Dashboard_Bootstrap/a_Access User Management' is clicked on

2024-07-12 19:22:14 - [MESSAGE][PASSED] - Object: 'Object Repository/AdminSuiteBootstrap_Pages/Dashboard_Bootstrap/a_Access User Management' is clicked on

2024-07-12 19:22:14 - [TEST_STEP][PASSED] - click(findTestObject(path_Users + "a_Find User")): Object: 'Object Repository/AdminSuiteBootstrap_Pages/UM_Bootstrap/Users/a_Find User' is clicked on

2024-07-12 19:22:14 - [MESSAGE][PASSED] - Object: 'Object Repository/AdminSuiteBootstrap_Pages/UM_Bootstrap/Users/a_Find User' is clicked on

2024-07-12 19:22:14 - [TEST_STEP][PASSED] - setText(findTestObject(path_FindUser + "input_Username"), "dfer564wdf"): Text 'dfer564wdf' is set on object 'Object Repository/AdminSuiteBootstrap_Pages/UM_Bootstrap/FindUser/input_Username'

2024-07-12 19:22:15 - [MESSAGE][PASSED] - Text 'dfer564wdf' is set on object 'Object Repository/AdminSuiteBootstrap_Pages/UM_Bootstrap/FindUser/input_Username'

2024-07-12 19:22:15 - [TEST_STEP][PASSED] - setText(findTestObject(path_FindUser + "input_FirstName"), ""): Text '' is set on object 'Object Repository/AdminSuiteBootstrap_Pages/UM_Bootstrap/FindUser/input_FirstName'

2024-07-12 19:22:16 - [MESSAGE][PASSED] - Text '' is set on object 'Object Repository/AdminSuiteBootstrap_Pages/UM_Bootstrap/FindUser/input_FirstName'

2024-07-12 19:22:16 - [TEST_STEP][PASSED] - setText(findTestObject(path_FindUser + "input_LastName"), ""): Text '' is set on object 'Object Repository/AdminSuiteBootstrap_Pages/UM_Bootstrap/FindUser/input_LastName'

2024-07-12 19:22:17 - [MESSAGE][PASSED] - Text '' is set on object 'Object Repository/AdminSuiteBootstrap_Pages/UM_Bootstrap/FindUser/input_LastName'

2024-07-12 19:22:17 - [TEST_STEP][PASSED] - click(findTestObject(path_FindUser + "button_Search")): Object: 'Object Repository/AdminSuiteBootstrap_Pages/UM_Bootstrap/FindUser/button_Search' is clicked on

2024-07-12 19:22:18 - [MESSAGE][PASSED] - Object: 'Object Repository/AdminSuiteBootstrap_Pages/UM_Bootstrap/FindUser/button_Search' is clicked on

2024-07-12 19:22:18 - [TEST_STEP][PASSED] - verifyTextPresent("INFO! No user accounts were found that have a username of", true): Text 'INFO! No user accounts were found that have a username of' is present on page  using regular expression

2024-07-12 19:22:18 - [MESSAGE][PASSED] - Text 'INFO! No user accounts were found that have a username of' is present on page  using regular expression

2024-07-12 19:22:18 - [TEST_STEP][PASSED] - closeBrowser(): Browser is closed

2024-07-12 19:22:19 - [MESSAGE][PASSED] - Browser is closed]]></system-out>
         <system-err><![CDATA[]]></system-err>
      </testcase>
      <testcase name="Test Cases/Admin Suite Bootstrap/UM_TestCases/UsersErrors/NewPasswordPolicy" time="26.143" classname="Test Cases/Admin Suite Bootstrap/UM_TestCases/UsersErrors/NewPasswordPolicy" status="PASSED">
         <system-out><![CDATA[2024-07-12 19:22:19 - [TEST_CASE][PASSED] - Test Cases/Admin Suite Bootstrap/UM_TestCases/UsersErrors/NewPasswordPolicy: Test Cases/Admin Suite Bootstrap/UM_TestCases/UsersErrors/NewPasswordPolicy

2024-07-12 19:22:20 - [TEST_STEP][PASSED] - path_Dashboard = "Object Repository/AdminSuiteBootstrap_Pages/Dashboard_Bootstrap/": null

2024-07-12 19:22:20 - [TEST_STEP][PASSED] - path_Users = "Object Repository/AdminSuiteBootstrap_Pages/UM_Bootstrap/Users/": null

2024-07-12 19:22:20 - [TEST_STEP][PASSED] - path_UserView = "Object Repository/AdminSuiteBootstrap_Pages/UM_Bootstrap/UserView/": null

2024-07-12 19:22:20 - [TEST_STEP][PASSED] - path_DeleteUser = "Object Repository/AdminSuiteBootstrap_Pages/UM_Bootstrap/DeleteUser/": null

2024-07-12 19:22:20 - [TEST_STEP][PASSED] - path_AddUser = "Object Repository/AdminSuiteBootstrap_Pages/UM_Bootstrap/AddUser/": null

2024-07-12 19:22:20 - [TEST_STEP][PASSED] - executionProfile = getExecutionProfile(): null

2024-07-12 19:22:20 - [TEST_STEP][PASSED] - adminSuiteBootstrap.loginFunctionality.login_AdminSuite(): adminSuiteBootstrap.loginFunctionality.login_AdminSuite is PASSED

2024-07-12 19:22:20 - [MESSAGE][INFO] - Starting 'Chrome' driver

2024-07-12 19:22:20 - [MESSAGE][INFO] - User set preference: ['acceptInsecureCerts', 'true']

2024-07-12 19:22:20 - [MESSAGE][INFO] - Action delay is set to 0 milliseconds

2024-07-12 19:22:22 - [MESSAGE][PASSED] - Browser is opened with url: 'https://qa2.velocitypayment.com/admin/imtiaz'

2024-07-12 19:22:23 - [MESSAGE][PASSED] - Current window maximized

2024-07-12 19:22:23 - [MESSAGE][PASSED] - Object 'Object Repository/Login_Page/Login_Username_Okta' is present

2024-07-12 19:22:24 - [MESSAGE][PASSED] - Text 'iahmed' is set on object 'Object Repository/Login_Page/Login_Username_Okta'

2024-07-12 19:22:25 - [MESSAGE][PASSED] - Text 'Hello!6666666' is set on object 'Object Repository/Login_Page/Login_Password_Okta'

2024-07-12 19:22:26 - [MESSAGE][PASSED] - Object: 'Object Repository/Login_Page/Login_Submit_Okta' is clicked on

2024-07-12 19:22:26 - [MESSAGE][PASSED] - adminSuiteBootstrap.loginFunctionality.login_AdminSuite is PASSED

2024-07-12 19:22:26 - [TEST_STEP][PASSED] - click(findTestObject(path_Dashboard + "a_Access User Management")): Object: 'Object Repository/AdminSuiteBootstrap_Pages/Dashboard_Bootstrap/a_Access User Management' is clicked on

2024-07-12 19:22:34 - [MESSAGE][PASSED] - Object: 'Object Repository/AdminSuiteBootstrap_Pages/Dashboard_Bootstrap/a_Access User Management' is clicked on

2024-07-12 19:22:34 - [TEST_STEP][PASSED] - click(findTestObject(path_Users + "a_Add User")): Object: 'Object Repository/AdminSuiteBootstrap_Pages/UM_Bootstrap/Users/a_Add User' is clicked on

2024-07-12 19:22:34 - [MESSAGE][PASSED] - Object: 'Object Repository/AdminSuiteBootstrap_Pages/UM_Bootstrap/Users/a_Add User' is clicked on

2024-07-12 19:22:34 - [TEST_STEP][PASSED] - setText(findTestObject(path_AddUser + "input_Username"), "username2589"): Text 'username2589' is set on object 'Object Repository/AdminSuiteBootstrap_Pages/UM_Bootstrap/AddUser/input_Username'

2024-07-12 19:22:35 - [MESSAGE][PASSED] - Text 'username2589' is set on object 'Object Repository/AdminSuiteBootstrap_Pages/UM_Bootstrap/AddUser/input_Username'

2024-07-12 19:22:35 - [TEST_STEP][PASSED] - setText(findTestObject(path_AddUser + "input_FirstName"), "fname"): Text 'fname' is set on object 'Object Repository/AdminSuiteBootstrap_Pages/UM_Bootstrap/AddUser/input_FirstName'

2024-07-12 19:22:36 - [MESSAGE][PASSED] - Text 'fname' is set on object 'Object Repository/AdminSuiteBootstrap_Pages/UM_Bootstrap/AddUser/input_FirstName'

2024-07-12 19:22:36 - [TEST_STEP][PASSED] - setText(findTestObject(path_AddUser + "input_LastName"), "lname"): Text 'lname' is set on object 'Object Repository/AdminSuiteBootstrap_Pages/UM_Bootstrap/AddUser/input_LastName'

2024-07-12 19:22:37 - [MESSAGE][PASSED] - Text 'lname' is set on object 'Object Repository/AdminSuiteBootstrap_Pages/UM_Bootstrap/AddUser/input_LastName'

2024-07-12 19:22:37 - [TEST_STEP][PASSED] - setText(findTestObject(path_AddUser + "input_EmailAddress"), "iahmed@govolution.com"): Text 'iahmed@govolution.com' is set on object 'Object Repository/AdminSuiteBootstrap_Pages/UM_Bootstrap/AddUser/input_EmailAddress'

2024-07-12 19:22:37 - [MESSAGE][PASSED] - Text 'iahmed@govolution.com' is set on object 'Object Repository/AdminSuiteBootstrap_Pages/UM_Bootstrap/AddUser/input_EmailAddress'

2024-07-12 19:22:37 - [TEST_STEP][PASSED] - setText(findTestObject(path_AddUser + "input_Password"), "hello1111"): Text 'hello1111' is set on object 'Object Repository/AdminSuiteBootstrap_Pages/UM_Bootstrap/AddUser/input_Password'

2024-07-12 19:22:38 - [MESSAGE][PASSED] - Text 'hello1111' is set on object 'Object Repository/AdminSuiteBootstrap_Pages/UM_Bootstrap/AddUser/input_Password'

2024-07-12 19:22:38 - [TEST_STEP][PASSED] - setText(findTestObject(path_AddUser + "input_ConfirmPassword"), "hello1111"): Text 'hello1111' is set on object 'Object Repository/AdminSuiteBootstrap_Pages/UM_Bootstrap/AddUser/input_ConfirmPassword'

2024-07-12 19:22:39 - [MESSAGE][PASSED] - Text 'hello1111' is set on object 'Object Repository/AdminSuiteBootstrap_Pages/UM_Bootstrap/AddUser/input_ConfirmPassword'

2024-07-12 19:22:39 - [TEST_STEP][PASSED] - check(findTestObject(path_AddUser + "input_No_lock")): Object 'Object Repository/AdminSuiteBootstrap_Pages/UM_Bootstrap/AddUser/input_No_lock' is checked

2024-07-12 19:22:39 - [MESSAGE][PASSED] - Object 'Object Repository/AdminSuiteBootstrap_Pages/UM_Bootstrap/AddUser/input_No_lock' is checked

2024-07-12 19:22:39 - [TEST_STEP][PASSED] - click(findTestObject(path_AddUser + "button_Create")): Object: 'Object Repository/AdminSuiteBootstrap_Pages/UM_Bootstrap/AddUser/button_Create' is clicked on

2024-07-12 19:22:41 - [MESSAGE][PASSED] - Object: 'Object Repository/AdminSuiteBootstrap_Pages/UM_Bootstrap/AddUser/button_Create' is clicked on

2024-07-12 19:22:41 - [TEST_STEP][PASSED] - verifyTextPresent("Error! Please provide the following required information as indicated below", true): Text 'Error! Please provide the following required information as indicated below' is present on page  using regular expression

2024-07-12 19:22:42 - [MESSAGE][PASSED] - Text 'Error! Please provide the following required information as indicated below' is present on page  using regular expression

2024-07-12 19:22:42 - [TEST_STEP][PASSED] - verifyTextPresent("Passwords must be at least 13 character(s) in length", false): Text 'Passwords must be at least 13 character(s) in length' is present on page 

2024-07-12 19:22:42 - [MESSAGE][PASSED] - Text 'Passwords must be at least 13 character(s) in length' is present on page 

2024-07-12 19:22:42 - [TEST_STEP][PASSED] - verifyTextPresent("Passwords must be no longer than 32 character(s) in length", false): Text 'Passwords must be no longer than 32 character(s) in length' is present on page 

2024-07-12 19:22:43 - [MESSAGE][PASSED] - Text 'Passwords must be no longer than 32 character(s) in length' is present on page 

2024-07-12 19:22:43 - [TEST_STEP][PASSED] - verifyTextPresent("Passwords must contain at least one lower case character", true): Text 'Passwords must contain at least one lower case character' is present on page  using regular expression

2024-07-12 19:22:43 - [MESSAGE][PASSED] - Text 'Passwords must contain at least one lower case character' is present on page  using regular expression

2024-07-12 19:22:43 - [TEST_STEP][PASSED] - verifyTextPresent("Passwords must contain at least one upper case character", true): Text 'Passwords must contain at least one upper case character' is present on page  using regular expression

2024-07-12 19:22:43 - [MESSAGE][PASSED] - Text 'Passwords must contain at least one upper case character' is present on page  using regular expression

2024-07-12 19:22:43 - [TEST_STEP][PASSED] - verifyTextPresent("Passwords must contain at least one numeric character", true): Text 'Passwords must contain at least one numeric character' is present on page  using regular expression

2024-07-12 19:22:44 - [MESSAGE][PASSED] - Text 'Passwords must contain at least one numeric character' is present on page  using regular expression

2024-07-12 19:22:44 - [TEST_STEP][PASSED] - verifyTextPresent("Passwords must contain at least one non-alphanumeric character", true): Text 'Passwords must contain at least one non-alphanumeric character' is present on page  using regular expression

2024-07-12 19:22:44 - [MESSAGE][PASSED] - Text 'Passwords must contain at least one non-alphanumeric character' is present on page  using regular expression

2024-07-12 19:22:44 - [TEST_STEP][PASSED] - verifyTextPresent("Passwords must not contain part of username", true): Text 'Passwords must not contain part of username' is present on page  using regular expression

2024-07-12 19:22:44 - [MESSAGE][PASSED] - Text 'Passwords must not contain part of username' is present on page  using regular expression

2024-07-12 19:22:44 - [TEST_STEP][PASSED] - verifyTextPresent("Passwords must not contain first name", true): Text 'Passwords must not contain first name' is present on page  using regular expression

2024-07-12 19:22:45 - [MESSAGE][PASSED] - Text 'Passwords must not contain first name' is present on page  using regular expression

2024-07-12 19:22:45 - [TEST_STEP][PASSED] - verifyTextPresent("Passwords must not be based on a word found in the dictionary", true): Text 'Passwords must not be based on a word found in the dictionary' is present on page  using regular expression

2024-07-12 19:22:45 - [MESSAGE][PASSED] - Text 'Passwords must not be based on a word found in the dictionary' is present on page  using regular expression

2024-07-12 19:22:45 - [TEST_STEP][PASSED] - verifyTextPresent("A password history will be maintained", true): Text 'A password history will be maintained' is present on page  using regular expression

2024-07-12 19:22:45 - [MESSAGE][PASSED] - Text 'A password history will be maintained' is present on page  using regular expression

2024-07-12 19:22:45 - [TEST_STEP][PASSED] - verifyTextPresent("You may not change your password to any one of the previous 4 password(s) used for your account", false): Text 'You may not change your password to any one of the previous 4 password(s) used for your account' is present on page 

2024-07-12 19:22:46 - [MESSAGE][PASSED] - Text 'You may not change your password to any one of the previous 4 password(s) used for your account' is present on page]]></system-out>
         <system-err><![CDATA[]]></system-err>
      </testcase>
      <testcase name="Test Cases/Admin Suite Bootstrap/UM_TestCases/Roles/AddDeleteRole" time="106.19" classname="Test Cases/Admin Suite Bootstrap/UM_TestCases/Roles/AddDeleteRole" status="PASSED">
         <system-out><![CDATA[2024-07-12 19:22:46 - [TEST_CASE][PASSED] - Test Cases/Admin Suite Bootstrap/UM_TestCases/Roles/AddDeleteRole: Test Cases/Admin Suite Bootstrap/UM_TestCases/Roles/AddDeleteRole

2024-07-12 19:22:46 - [TEST_STEP][PASSED] - path_Role = "Object Repository/AdminSuiteBootstrap_Pages/UM_Bootstrap/Role/": null

2024-07-12 19:22:46 - [TEST_STEP][PASSED] - path_Dashboard = "Object Repository/AdminSuiteBootstrap_Pages/Dashboard_Bootstrap/": null

2024-07-12 19:22:46 - [TEST_STEP][PASSED] - executionProfile = getExecutionProfile(): null

2024-07-12 19:22:46 - [TEST_STEP][PASSED] - out.println("executionProfile : " + executionProfile): null

2024-07-12 19:22:46 - [TEST_STEP][PASSED] - resText = "Fail": null

2024-07-12 19:22:46 - [TEST_STEP][PASSED] - resColumn = "Result": null

2024-07-12 19:22:46 - [TEST_STEP][PASSED] - datCloumn = "Date": null

2024-07-12 19:22:46 - [TEST_STEP][PASSED] - fileLoc = "KatalonData/Bootstrap/UM-Data.xlsx": null

2024-07-12 19:22:46 - [TEST_STEP][PASSED] - numOfRows = <not implemented yet for class: org.codehaus.groovy.ast.expr.EmptyExpression>: null

2024-07-12 19:22:46 - [TEST_STEP][PASSED] - dataFile = <not implemented yet for class: org.codehaus.groovy.ast.expr.EmptyExpression>: null

2024-07-12 19:22:46 - [TEST_STEP][PASSED] - nameSheet = <not implemented yet for class: org.codehaus.groovy.ast.expr.EmptyExpression>: null

2024-07-12 19:22:46 - [TEST_STEP][PASSED] - dataFileEmulator = <not implemented yet for class: org.codehaus.groovy.ast.expr.EmptyExpression>: null

2024-07-12 19:22:46 - [TEST_STEP][PASSED] - nameSheet = "AddDeleteRole": null

2024-07-12 19:22:46 - [TEST_STEP][PASSED] - dataFile = "QA/Bootstrap/UM-TestData/AddDeleteRole": null

2024-07-12 19:22:46 - [TEST_STEP][PASSED] - numOfRows = findTestData(dataFile).getRowNumbers(): null

2024-07-12 19:22:46 - [TEST_STEP][PASSED] - println("Number of Records: " + numOfRows): null

2024-07-12 19:22:46 - [TEST_STEP][PASSED] - for ([row = 1, row <= numOfRows, (row++)]): null

2024-07-12 19:22:46 - [TEST_STEP][PASSED] - ExecuteTC = findTestData(dataFile).getValue("Execute", row): null

2024-07-12 19:22:46 - [TEST_STEP][PASSED] - out.println("Value of Execute is : " + ExecuteTC): null

2024-07-12 19:22:46 - [TEST_STEP][PASSED] - if (ExecuteTC.equalsIgnoreCase("Y")): null

2024-07-12 19:22:46 - [TEST_STEP][PASSED] - out.println("Begin Record Number: " + row): null

2024-07-12 19:22:46 - [TEST_STEP][PASSED] - today = new java.util.Date(): null

2024-07-12 19:22:46 - [TEST_STEP][PASSED] - println(today): null

2024-07-12 19:22:46 - [TEST_STEP][PASSED] - datText = today: null

2024-07-12 19:22:46 - [TEST_STEP][PASSED] - adminSuiteBootstrap.loginFunctionality.login_AdminSuite(): adminSuiteBootstrap.loginFunctionality.login_AdminSuite is PASSED

2024-07-12 19:22:46 - [MESSAGE][WARNING] - A browser is already opened. Closing browser and opening a new one

2024-07-12 19:22:47 - [MESSAGE][INFO] - Starting 'Chrome' driver

2024-07-12 19:22:47 - [MESSAGE][INFO] - User set preference: ['acceptInsecureCerts', 'true']

2024-07-12 19:22:47 - [MESSAGE][INFO] - Action delay is set to 0 milliseconds

2024-07-12 19:22:49 - [MESSAGE][PASSED] - Browser is opened with url: 'https://qa2.velocitypayment.com/admin/imtiaz'

2024-07-12 19:22:50 - [MESSAGE][PASSED] - Current window maximized

2024-07-12 19:22:51 - [MESSAGE][PASSED] - Object 'Object Repository/Login_Page/Login_Username_Okta' is present

2024-07-12 19:22:52 - [MESSAGE][PASSED] - Text 'iahmed' is set on object 'Object Repository/Login_Page/Login_Username_Okta'

2024-07-12 19:22:53 - [MESSAGE][PASSED] - Text 'Hello!6666666' is set on object 'Object Repository/Login_Page/Login_Password_Okta'

2024-07-12 19:22:53 - [MESSAGE][PASSED] - Object: 'Object Repository/Login_Page/Login_Submit_Okta' is clicked on

2024-07-12 19:22:53 - [MESSAGE][PASSED] - adminSuiteBootstrap.loginFunctionality.login_AdminSuite is PASSED

2024-07-12 19:22:53 - [TEST_STEP][PASSED] - click(findTestObject(path_Dashboard + "a_Access User Management")): Object: 'Object Repository/AdminSuiteBootstrap_Pages/Dashboard_Bootstrap/a_Access User Management' is clicked on

2024-07-12 19:23:02 - [MESSAGE][PASSED] - Object: 'Object Repository/AdminSuiteBootstrap_Pages/Dashboard_Bootstrap/a_Access User Management' is clicked on

2024-07-12 19:23:02 - [TEST_STEP][PASSED] - click(findTestObject(path_Role + "a_Roles")): Object: 'Object Repository/AdminSuiteBootstrap_Pages/UM_Bootstrap/Role/a_Roles' is clicked on

2024-07-12 19:23:03 - [MESSAGE][PASSED] - Object: 'Object Repository/AdminSuiteBootstrap_Pages/UM_Bootstrap/Role/a_Roles' is clicked on

2024-07-12 19:23:03 - [TEST_STEP][PASSED] - click(findTestObject(path_Role + "a_AddRole")): Object: 'Object Repository/AdminSuiteBootstrap_Pages/UM_Bootstrap/Role/a_AddRole' is clicked on

2024-07-12 19:23:04 - [MESSAGE][PASSED] - Object: 'Object Repository/AdminSuiteBootstrap_Pages/UM_Bootstrap/Role/a_AddRole' is clicked on

2024-07-12 19:23:04 - [TEST_STEP][PASSED] - adminSuiteBootstrap.addRole.setDataAddRole(row, dataFile): adminSuiteBootstrap.addRole.setDataAddRole is PASSED

2024-07-12 19:23:04 - [MESSAGE][PASSED] - Object 'Object Repository/AdminSuiteBootstrap_Pages/UM_Bootstrap/Role/input_roleName' is present

2024-07-12 19:23:05 - [MESSAGE][PASSED] - Text 'Space Role' is set on object 'Object Repository/AdminSuiteBootstrap_Pages/UM_Bootstrap/Role/input_roleName'

2024-07-12 19:23:07 - [MESSAGE][PASSED] - Object: 'Object Repository/AdminSuiteBootstrap_Pages/UM_Bootstrap/Role/button_CreateRole' is clicked on

2024-07-12 19:23:07 - [MESSAGE][PASSED] - adminSuiteBootstrap.addRole.setDataAddRole is PASSED

2024-07-12 19:23:07 - [TEST_STEP][PASSED] - if (verifyTextPresent("Role Created", true)): null

2024-07-12 19:23:08 - [MESSAGE][PASSED] - Text 'Role Created' is present on page  using regular expression

2024-07-12 19:23:08 - [TEST_STEP][PASSED] - markPassed("Role was Created Successfully"): Role was Created Successfully

2024-07-12 19:23:08 - [MESSAGE][PASSED] - Role was Created Successfully

2024-07-12 19:23:08 - [TEST_STEP][PASSED] - resText = "Pass": null

2024-07-12 19:23:08 - [TEST_STEP][PASSED] - pages.WriteExcel.demoKey(resText, datText, resColumn, datCloumn, fileLoc, nameSheet, row): pages.WriteExcel.demoKey is PASSED

2024-07-12 19:23:08 - [MESSAGE][PASSED] - pages.WriteExcel.demoKey is PASSED

2024-07-12 19:23:08 - [TEST_STEP][PASSED] - pages.CustomLogger.log_Logger("Role got created successfully", "Pass"): pages.CustomLogger.log_Logger is PASSED

2024-07-12 19:23:08 - [MESSAGE][PASSED] - Role got created successfully

2024-07-12 19:23:08 - [MESSAGE][PASSED] - pages.CustomLogger.log_Logger is PASSED

2024-07-12 19:23:08 - [TEST_STEP][PASSED] - click(findTestObject(path_Role + "button_DeleteRole")): Object: 'Object Repository/AdminSuiteBootstrap_Pages/UM_Bootstrap/Role/button_DeleteRole' is clicked on

2024-07-12 19:23:09 - [MESSAGE][PASSED] - Object: 'Object Repository/AdminSuiteBootstrap_Pages/UM_Bootstrap/Role/button_DeleteRole' is clicked on

2024-07-12 19:23:09 - [TEST_STEP][PASSED] - click(findTestObject(path_Role + "button_DeletePopup")): Object: 'Object Repository/AdminSuiteBootstrap_Pages/UM_Bootstrap/Role/button_DeletePopup' is clicked on

2024-07-12 19:23:09 - [MESSAGE][PASSED] - Object: 'Object Repository/AdminSuiteBootstrap_Pages/UM_Bootstrap/Role/button_DeletePopup' is clicked on

2024-07-12 19:23:09 - [TEST_STEP][PASSED] - click(findTestObject(path_Role + "button_OkayPopup")): Object: 'Object Repository/AdminSuiteBootstrap_Pages/UM_Bootstrap/Role/button_OkayPopup' is clicked on

2024-07-12 19:23:10 - [MESSAGE][PASSED] - Object: 'Object Repository/AdminSuiteBootstrap_Pages/UM_Bootstrap/Role/button_OkayPopup' is clicked on

2024-07-12 19:23:10 - [TEST_STEP][PASSED] - click(findTestObject(path_Role + "a_FindRole")): Object: 'Object Repository/AdminSuiteBootstrap_Pages/UM_Bootstrap/Role/a_FindRole' is clicked on

2024-07-12 19:23:11 - [MESSAGE][PASSED] - Object: 'Object Repository/AdminSuiteBootstrap_Pages/UM_Bootstrap/Role/a_FindRole' is clicked on

2024-07-12 19:23:11 - [TEST_STEP][PASSED] - adminSuiteBootstrap.findRole.setDataFindRole(row, dataFile): adminSuiteBootstrap.findRole.setDataFindRole is PASSED

2024-07-12 19:23:11 - [MESSAGE][PASSED] - Object 'Object Repository/AdminSuiteBootstrap_Pages/UM_Bootstrap/Role/input_roleName_Find' is present

2024-07-12 19:23:12 - [MESSAGE][PASSED] - Text 'Space Role' is set on object 'Object Repository/AdminSuiteBootstrap_Pages/UM_Bootstrap/Role/input_roleName_Find'

2024-07-12 19:23:13 - [MESSAGE][PASSED] - All options with label 'Exact Match' are selected in object 'Object Repository/AdminSuiteBootstrap_Pages/UM_Bootstrap/Role/select_SearchType' 

2024-07-12 19:23:14 - [MESSAGE][PASSED] - Object: 'Object Repository/AdminSuiteBootstrap_Pages/UM_Bootstrap/Role/button_FindRole' is clicked on

2024-07-12 19:23:14 - [MESSAGE][PASSED] - adminSuiteBootstrap.findRole.setDataFindRole is PASSED

2024-07-12 19:23:14 - [TEST_STEP][PASSED] - verifyTextPresent("No roles with the name", true): Text 'No roles with the name' is present on page  using regular expression

2024-07-12 19:23:14 - [MESSAGE][PASSED] - Text 'No roles with the name' is present on page  using regular expression

2024-07-12 19:23:14 - [TEST_STEP][PASSED] - ExecuteTC = findTestData(dataFile).getValue("Execute", row): null

2024-07-12 19:23:14 - [TEST_STEP][PASSED] - out.println("Value of Execute is : " + ExecuteTC): null

2024-07-12 19:23:14 - [TEST_STEP][PASSED] - if (ExecuteTC.equalsIgnoreCase("Y")): null

2024-07-12 19:23:14 - [TEST_STEP][PASSED] - out.println("Begin Record Number: " + row): null

2024-07-12 19:23:14 - [TEST_STEP][PASSED] - today = new java.util.Date(): null

2024-07-12 19:23:14 - [TEST_STEP][PASSED] - println(today): null

2024-07-12 19:23:14 - [TEST_STEP][PASSED] - datText = today: null

2024-07-12 19:23:14 - [TEST_STEP][PASSED] - adminSuiteBootstrap.loginFunctionality.login_AdminSuite(): adminSuiteBootstrap.loginFunctionality.login_AdminSuite is PASSED

2024-07-12 19:23:14 - [MESSAGE][WARNING] - A browser is already opened. Closing browser and opening a new one

2024-07-12 19:23:15 - [MESSAGE][INFO] - Starting 'Chrome' driver

2024-07-12 19:23:15 - [MESSAGE][INFO] - User set preference: ['acceptInsecureCerts', 'true']

2024-07-12 19:23:15 - [MESSAGE][INFO] - Action delay is set to 0 milliseconds

2024-07-12 19:23:17 - [MESSAGE][PASSED] - Browser is opened with url: 'https://qa2.velocitypayment.com/admin/imtiaz'

2024-07-12 19:23:18 - [MESSAGE][PASSED] - Current window maximized

2024-07-12 19:23:19 - [MESSAGE][PASSED] - Object 'Object Repository/Login_Page/Login_Username_Okta' is present

2024-07-12 19:23:20 - [MESSAGE][PASSED] - Text 'iahmed' is set on object 'Object Repository/Login_Page/Login_Username_Okta'

2024-07-12 19:23:21 - [MESSAGE][PASSED] - Text 'Hello!6666666' is set on object 'Object Repository/Login_Page/Login_Password_Okta'

2024-07-12 19:23:21 - [MESSAGE][PASSED] - Object: 'Object Repository/Login_Page/Login_Submit_Okta' is clicked on

2024-07-12 19:23:21 - [MESSAGE][PASSED] - adminSuiteBootstrap.loginFunctionality.login_AdminSuite is PASSED

2024-07-12 19:23:21 - [TEST_STEP][PASSED] - click(findTestObject(path_Dashboard + "a_Access User Management")): Object: 'Object Repository/AdminSuiteBootstrap_Pages/Dashboard_Bootstrap/a_Access User Management' is clicked on

2024-07-12 19:23:29 - [MESSAGE][PASSED] - Object: 'Object Repository/AdminSuiteBootstrap_Pages/Dashboard_Bootstrap/a_Access User Management' is clicked on

2024-07-12 19:23:29 - [TEST_STEP][PASSED] - click(findTestObject(path_Role + "a_Roles")): Object: 'Object Repository/AdminSuiteBootstrap_Pages/UM_Bootstrap/Role/a_Roles' is clicked on

2024-07-12 19:23:29 - [MESSAGE][PASSED] - Object: 'Object Repository/AdminSuiteBootstrap_Pages/UM_Bootstrap/Role/a_Roles' is clicked on

2024-07-12 19:23:29 - [TEST_STEP][PASSED] - click(findTestObject(path_Role + "a_AddRole")): Object: 'Object Repository/AdminSuiteBootstrap_Pages/UM_Bootstrap/Role/a_AddRole' is clicked on

2024-07-12 19:23:30 - [MESSAGE][PASSED] - Object: 'Object Repository/AdminSuiteBootstrap_Pages/UM_Bootstrap/Role/a_AddRole' is clicked on

2024-07-12 19:23:30 - [TEST_STEP][PASSED] - adminSuiteBootstrap.addRole.setDataAddRole(row, dataFile): adminSuiteBootstrap.addRole.setDataAddRole is PASSED

2024-07-12 19:23:31 - [MESSAGE][PASSED] - Object 'Object Repository/AdminSuiteBootstrap_Pages/UM_Bootstrap/Role/input_roleName' is present

2024-07-12 19:23:31 - [MESSAGE][PASSED] - Text 'JoinedRole' is set on object 'Object Repository/AdminSuiteBootstrap_Pages/UM_Bootstrap/Role/input_roleName'

2024-07-12 19:23:34 - [MESSAGE][PASSED] - Object: 'Object Repository/AdminSuiteBootstrap_Pages/UM_Bootstrap/Role/button_CreateRole' is clicked on

2024-07-12 19:23:34 - [MESSAGE][PASSED] - adminSuiteBootstrap.addRole.setDataAddRole is PASSED

2024-07-12 19:23:34 - [TEST_STEP][PASSED] - if (verifyTextPresent("Role Created", true)): null

2024-07-12 19:23:34 - [MESSAGE][PASSED] - Text 'Role Created' is present on page  using regular expression

2024-07-12 19:23:34 - [TEST_STEP][PASSED] - markPassed("Role was Created Successfully"): Role was Created Successfully

2024-07-12 19:23:34 - [MESSAGE][PASSED] - Role was Created Successfully

2024-07-12 19:23:34 - [TEST_STEP][PASSED] - resText = "Pass": null

2024-07-12 19:23:34 - [TEST_STEP][PASSED] - pages.WriteExcel.demoKey(resText, datText, resColumn, datCloumn, fileLoc, nameSheet, row): pages.WriteExcel.demoKey is PASSED

2024-07-12 19:23:35 - [MESSAGE][PASSED] - pages.WriteExcel.demoKey is PASSED

2024-07-12 19:23:35 - [TEST_STEP][PASSED] - pages.CustomLogger.log_Logger("Role got created successfully", "Pass"): pages.CustomLogger.log_Logger is PASSED

2024-07-12 19:23:35 - [MESSAGE][PASSED] - Role got created successfully

2024-07-12 19:23:35 - [MESSAGE][PASSED] - pages.CustomLogger.log_Logger is PASSED

2024-07-12 19:23:35 - [TEST_STEP][PASSED] - click(findTestObject(path_Role + "button_DeleteRole")): Object: 'Object Repository/AdminSuiteBootstrap_Pages/UM_Bootstrap/Role/button_DeleteRole' is clicked on

2024-07-12 19:23:35 - [MESSAGE][PASSED] - Object: 'Object Repository/AdminSuiteBootstrap_Pages/UM_Bootstrap/Role/button_DeleteRole' is clicked on

2024-07-12 19:23:35 - [TEST_STEP][PASSED] - click(findTestObject(path_Role + "button_DeletePopup")): Object: 'Object Repository/AdminSuiteBootstrap_Pages/UM_Bootstrap/Role/button_DeletePopup' is clicked on

2024-07-12 19:23:35 - [MESSAGE][PASSED] - Object: 'Object Repository/AdminSuiteBootstrap_Pages/UM_Bootstrap/Role/button_DeletePopup' is clicked on

2024-07-12 19:23:35 - [TEST_STEP][PASSED] - click(findTestObject(path_Role + "button_OkayPopup")): Object: 'Object Repository/AdminSuiteBootstrap_Pages/UM_Bootstrap/Role/button_OkayPopup' is clicked on

2024-07-12 19:23:36 - [MESSAGE][PASSED] - Object: 'Object Repository/AdminSuiteBootstrap_Pages/UM_Bootstrap/Role/button_OkayPopup' is clicked on

2024-07-12 19:23:36 - [TEST_STEP][PASSED] - click(findTestObject(path_Role + "a_FindRole")): Object: 'Object Repository/AdminSuiteBootstrap_Pages/UM_Bootstrap/Role/a_FindRole' is clicked on

2024-07-12 19:23:37 - [MESSAGE][PASSED] - Object: 'Object Repository/AdminSuiteBootstrap_Pages/UM_Bootstrap/Role/a_FindRole' is clicked on

2024-07-12 19:23:37 - [TEST_STEP][PASSED] - adminSuiteBootstrap.findRole.setDataFindRole(row, dataFile): adminSuiteBootstrap.findRole.setDataFindRole is PASSED

2024-07-12 19:23:38 - [MESSAGE][PASSED] - Object 'Object Repository/AdminSuiteBootstrap_Pages/UM_Bootstrap/Role/input_roleName_Find' is present

2024-07-12 19:23:38 - [MESSAGE][PASSED] - Text 'JoinedRole' is set on object 'Object Repository/AdminSuiteBootstrap_Pages/UM_Bootstrap/Role/input_roleName_Find'

2024-07-12 19:23:39 - [MESSAGE][PASSED] - All options with label 'Exact Match' are selected in object 'Object Repository/AdminSuiteBootstrap_Pages/UM_Bootstrap/Role/select_SearchType' 

2024-07-12 19:23:39 - [MESSAGE][PASSED] - Object: 'Object Repository/AdminSuiteBootstrap_Pages/UM_Bootstrap/Role/button_FindRole' is clicked on

2024-07-12 19:23:39 - [MESSAGE][PASSED] - adminSuiteBootstrap.findRole.setDataFindRole is PASSED

2024-07-12 19:23:39 - [TEST_STEP][PASSED] - verifyTextPresent("No roles with the name", true): Text 'No roles with the name' is present on page  using regular expression

2024-07-12 19:23:40 - [MESSAGE][PASSED] - Text 'No roles with the name' is present on page  using regular expression

2024-07-12 19:23:40 - [TEST_STEP][PASSED] - ExecuteTC = findTestData(dataFile).getValue("Execute", row): null

2024-07-12 19:23:40 - [TEST_STEP][PASSED] - out.println("Value of Execute is : " + ExecuteTC): null

2024-07-12 19:23:40 - [TEST_STEP][PASSED] - if (ExecuteTC.equalsIgnoreCase("Y")): null

2024-07-12 19:23:40 - [TEST_STEP][PASSED] - out.println("Begin Record Number: " + row): null

2024-07-12 19:23:40 - [TEST_STEP][PASSED] - today = new java.util.Date(): null

2024-07-12 19:23:40 - [TEST_STEP][PASSED] - println(today): null

2024-07-12 19:23:40 - [TEST_STEP][PASSED] - datText = today: null

2024-07-12 19:23:40 - [TEST_STEP][PASSED] - adminSuiteBootstrap.loginFunctionality.login_AdminSuite(): adminSuiteBootstrap.loginFunctionality.login_AdminSuite is PASSED

2024-07-12 19:23:40 - [MESSAGE][WARNING] - A browser is already opened. Closing browser and opening a new one

2024-07-12 19:23:41 - [MESSAGE][INFO] - Starting 'Chrome' driver

2024-07-12 19:23:41 - [MESSAGE][INFO] - User set preference: ['acceptInsecureCerts', 'true']

2024-07-12 19:23:41 - [MESSAGE][INFO] - Action delay is set to 0 milliseconds

2024-07-12 19:23:43 - [MESSAGE][PASSED] - Browser is opened with url: 'https://qa2.velocitypayment.com/admin/imtiaz'

2024-07-12 19:23:44 - [MESSAGE][PASSED] - Current window maximized

2024-07-12 19:23:45 - [MESSAGE][PASSED] - Object 'Object Repository/Login_Page/Login_Username_Okta' is present

2024-07-12 19:23:45 - [MESSAGE][PASSED] - Text 'iahmed' is set on object 'Object Repository/Login_Page/Login_Username_Okta'

2024-07-12 19:23:46 - [MESSAGE][PASSED] - Text 'Hello!6666666' is set on object 'Object Repository/Login_Page/Login_Password_Okta'

2024-07-12 19:23:47 - [MESSAGE][PASSED] - Object: 'Object Repository/Login_Page/Login_Submit_Okta' is clicked on

2024-07-12 19:23:47 - [MESSAGE][PASSED] - adminSuiteBootstrap.loginFunctionality.login_AdminSuite is PASSED

2024-07-12 19:23:47 - [TEST_STEP][PASSED] - click(findTestObject(path_Dashboard + "a_Access User Management")): Object: 'Object Repository/AdminSuiteBootstrap_Pages/Dashboard_Bootstrap/a_Access User Management' is clicked on

2024-07-12 19:23:54 - [MESSAGE][PASSED] - Object: 'Object Repository/AdminSuiteBootstrap_Pages/Dashboard_Bootstrap/a_Access User Management' is clicked on

2024-07-12 19:23:54 - [TEST_STEP][PASSED] - click(findTestObject(path_Role + "a_Roles")): Object: 'Object Repository/AdminSuiteBootstrap_Pages/UM_Bootstrap/Role/a_Roles' is clicked on

2024-07-12 19:23:55 - [MESSAGE][PASSED] - Object: 'Object Repository/AdminSuiteBootstrap_Pages/UM_Bootstrap/Role/a_Roles' is clicked on

2024-07-12 19:23:55 - [TEST_STEP][PASSED] - click(findTestObject(path_Role + "a_AddRole")): Object: 'Object Repository/AdminSuiteBootstrap_Pages/UM_Bootstrap/Role/a_AddRole' is clicked on

2024-07-12 19:23:56 - [MESSAGE][PASSED] - Object: 'Object Repository/AdminSuiteBootstrap_Pages/UM_Bootstrap/Role/a_AddRole' is clicked on

2024-07-12 19:23:56 - [TEST_STEP][PASSED] - adminSuiteBootstrap.addRole.setDataAddRole(row, dataFile): adminSuiteBootstrap.addRole.setDataAddRole is PASSED

2024-07-12 19:23:56 - [MESSAGE][PASSED] - Object 'Object Repository/AdminSuiteBootstrap_Pages/UM_Bootstrap/Role/input_roleName' is present

2024-07-12 19:23:57 - [MESSAGE][PASSED] - Text 'Dashes_in_Role' is set on object 'Object Repository/AdminSuiteBootstrap_Pages/UM_Bootstrap/Role/input_roleName'

2024-07-12 19:23:59 - [MESSAGE][PASSED] - Object: 'Object Repository/AdminSuiteBootstrap_Pages/UM_Bootstrap/Role/button_CreateRole' is clicked on

2024-07-12 19:23:59 - [MESSAGE][PASSED] - adminSuiteBootstrap.addRole.setDataAddRole is PASSED

2024-07-12 19:23:59 - [TEST_STEP][PASSED] - if (verifyTextPresent("Role Created", true)): null

2024-07-12 19:24:00 - [MESSAGE][PASSED] - Text 'Role Created' is present on page  using regular expression

2024-07-12 19:24:00 - [TEST_STEP][PASSED] - markPassed("Role was Created Successfully"): Role was Created Successfully

2024-07-12 19:24:00 - [MESSAGE][PASSED] - Role was Created Successfully

2024-07-12 19:24:00 - [TEST_STEP][PASSED] - resText = "Pass": null

2024-07-12 19:24:00 - [TEST_STEP][PASSED] - pages.WriteExcel.demoKey(resText, datText, resColumn, datCloumn, fileLoc, nameSheet, row): pages.WriteExcel.demoKey is PASSED

2024-07-12 19:24:00 - [MESSAGE][PASSED] - pages.WriteExcel.demoKey is PASSED

2024-07-12 19:24:00 - [TEST_STEP][PASSED] - pages.CustomLogger.log_Logger("Role got created successfully", "Pass"): pages.CustomLogger.log_Logger is PASSED

2024-07-12 19:24:00 - [MESSAGE][PASSED] - Role got created successfully

2024-07-12 19:24:00 - [MESSAGE][PASSED] - pages.CustomLogger.log_Logger is PASSED

2024-07-12 19:24:00 - [TEST_STEP][PASSED] - click(findTestObject(path_Role + "button_DeleteRole")): Object: 'Object Repository/AdminSuiteBootstrap_Pages/UM_Bootstrap/Role/button_DeleteRole' is clicked on

2024-07-12 19:24:01 - [MESSAGE][PASSED] - Object: 'Object Repository/AdminSuiteBootstrap_Pages/UM_Bootstrap/Role/button_DeleteRole' is clicked on

2024-07-12 19:24:01 - [TEST_STEP][PASSED] - click(findTestObject(path_Role + "button_DeletePopup")): Object: 'Object Repository/AdminSuiteBootstrap_Pages/UM_Bootstrap/Role/button_DeletePopup' is clicked on

2024-07-12 19:24:01 - [MESSAGE][PASSED] - Object: 'Object Repository/AdminSuiteBootstrap_Pages/UM_Bootstrap/Role/button_DeletePopup' is clicked on

2024-07-12 19:24:01 - [TEST_STEP][PASSED] - click(findTestObject(path_Role + "button_OkayPopup")): Object: 'Object Repository/AdminSuiteBootstrap_Pages/UM_Bootstrap/Role/button_OkayPopup' is clicked on

2024-07-12 19:24:02 - [MESSAGE][PASSED] - Object: 'Object Repository/AdminSuiteBootstrap_Pages/UM_Bootstrap/Role/button_OkayPopup' is clicked on

2024-07-12 19:24:02 - [TEST_STEP][PASSED] - click(findTestObject(path_Role + "a_FindRole")): Object: 'Object Repository/AdminSuiteBootstrap_Pages/UM_Bootstrap/Role/a_FindRole' is clicked on

2024-07-12 19:24:03 - [MESSAGE][PASSED] - Object: 'Object Repository/AdminSuiteBootstrap_Pages/UM_Bootstrap/Role/a_FindRole' is clicked on

2024-07-12 19:24:03 - [TEST_STEP][PASSED] - adminSuiteBootstrap.findRole.setDataFindRole(row, dataFile): adminSuiteBootstrap.findRole.setDataFindRole is PASSED

2024-07-12 19:24:03 - [MESSAGE][PASSED] - Object 'Object Repository/AdminSuiteBootstrap_Pages/UM_Bootstrap/Role/input_roleName_Find' is present

2024-07-12 19:24:04 - [MESSAGE][PASSED] - Text 'Dashes_in_Role' is set on object 'Object Repository/AdminSuiteBootstrap_Pages/UM_Bootstrap/Role/input_roleName_Find'

2024-07-12 19:24:04 - [MESSAGE][PASSED] - All options with label 'Exact Match' are selected in object 'Object Repository/AdminSuiteBootstrap_Pages/UM_Bootstrap/Role/select_SearchType' 

2024-07-12 19:24:05 - [MESSAGE][PASSED] - Object: 'Object Repository/AdminSuiteBootstrap_Pages/UM_Bootstrap/Role/button_FindRole' is clicked on

2024-07-12 19:24:05 - [MESSAGE][PASSED] - adminSuiteBootstrap.findRole.setDataFindRole is PASSED

2024-07-12 19:24:05 - [TEST_STEP][PASSED] - verifyTextPresent("No roles with the name", true): Text 'No roles with the name' is present on page  using regular expression

2024-07-12 19:24:05 - [MESSAGE][PASSED] - Text 'No roles with the name' is present on page  using regular expression

2024-07-12 19:24:05 - [TEST_STEP][PASSED] - ExecuteTC = findTestData(dataFile).getValue("Execute", row): null

2024-07-12 19:24:06 - [TEST_STEP][PASSED] - out.println("Value of Execute is : " + ExecuteTC): null

2024-07-12 19:24:06 - [TEST_STEP][PASSED] - if (ExecuteTC.equalsIgnoreCase("Y")): null

2024-07-12 19:24:06 - [TEST_STEP][PASSED] - out.println("Begin Record Number: " + row): null

2024-07-12 19:24:06 - [TEST_STEP][PASSED] - today = new java.util.Date(): null

2024-07-12 19:24:06 - [TEST_STEP][PASSED] - println(today): null

2024-07-12 19:24:06 - [TEST_STEP][PASSED] - datText = today: null

2024-07-12 19:24:06 - [TEST_STEP][PASSED] - adminSuiteBootstrap.loginFunctionality.login_AdminSuite(): adminSuiteBootstrap.loginFunctionality.login_AdminSuite is PASSED

2024-07-12 19:24:06 - [MESSAGE][WARNING] - A browser is already opened. Closing browser and opening a new one

2024-07-12 19:24:07 - [MESSAGE][INFO] - Starting 'Chrome' driver

2024-07-12 19:24:07 - [MESSAGE][INFO] - User set preference: ['acceptInsecureCerts', 'true']

2024-07-12 19:24:07 - [MESSAGE][INFO] - Action delay is set to 0 milliseconds

2024-07-12 19:24:09 - [MESSAGE][PASSED] - Browser is opened with url: 'https://qa2.velocitypayment.com/admin/imtiaz'

2024-07-12 19:24:10 - [MESSAGE][PASSED] - Current window maximized

2024-07-12 19:24:10 - [MESSAGE][PASSED] - Object 'Object Repository/Login_Page/Login_Username_Okta' is present

2024-07-12 19:24:11 - [MESSAGE][PASSED] - Text 'iahmed' is set on object 'Object Repository/Login_Page/Login_Username_Okta'

2024-07-12 19:24:12 - [MESSAGE][PASSED] - Text 'Hello!6666666' is set on object 'Object Repository/Login_Page/Login_Password_Okta'

2024-07-12 19:24:13 - [MESSAGE][PASSED] - Object: 'Object Repository/Login_Page/Login_Submit_Okta' is clicked on

2024-07-12 19:24:13 - [MESSAGE][PASSED] - adminSuiteBootstrap.loginFunctionality.login_AdminSuite is PASSED

2024-07-12 19:24:13 - [TEST_STEP][PASSED] - click(findTestObject(path_Dashboard + "a_Access User Management")): Object: 'Object Repository/AdminSuiteBootstrap_Pages/Dashboard_Bootstrap/a_Access User Management' is clicked on

2024-07-12 19:24:20 - [MESSAGE][PASSED] - Object: 'Object Repository/AdminSuiteBootstrap_Pages/Dashboard_Bootstrap/a_Access User Management' is clicked on

2024-07-12 19:24:20 - [TEST_STEP][PASSED] - click(findTestObject(path_Role + "a_Roles")): Object: 'Object Repository/AdminSuiteBootstrap_Pages/UM_Bootstrap/Role/a_Roles' is clicked on

2024-07-12 19:24:21 - [MESSAGE][PASSED] - Object: 'Object Repository/AdminSuiteBootstrap_Pages/UM_Bootstrap/Role/a_Roles' is clicked on

2024-07-12 19:24:21 - [TEST_STEP][PASSED] - click(findTestObject(path_Role + "a_AddRole")): Object: 'Object Repository/AdminSuiteBootstrap_Pages/UM_Bootstrap/Role/a_AddRole' is clicked on

2024-07-12 19:24:22 - [MESSAGE][PASSED] - Object: 'Object Repository/AdminSuiteBootstrap_Pages/UM_Bootstrap/Role/a_AddRole' is clicked on

2024-07-12 19:24:22 - [TEST_STEP][PASSED] - adminSuiteBootstrap.addRole.setDataAddRole(row, dataFile): adminSuiteBootstrap.addRole.setDataAddRole is PASSED

2024-07-12 19:24:23 - [MESSAGE][PASSED] - Object 'Object Repository/AdminSuiteBootstrap_Pages/UM_Bootstrap/Role/input_roleName' is present

2024-07-12 19:24:23 - [MESSAGE][PASSED] - Text 'NumberRole1' is set on object 'Object Repository/AdminSuiteBootstrap_Pages/UM_Bootstrap/Role/input_roleName'

2024-07-12 19:24:26 - [MESSAGE][PASSED] - Object: 'Object Repository/AdminSuiteBootstrap_Pages/UM_Bootstrap/Role/button_CreateRole' is clicked on

2024-07-12 19:24:26 - [MESSAGE][PASSED] - adminSuiteBootstrap.addRole.setDataAddRole is PASSED

2024-07-12 19:24:26 - [TEST_STEP][PASSED] - if (verifyTextPresent("Role Created", true)): null

2024-07-12 19:24:26 - [MESSAGE][PASSED] - Text 'Role Created' is present on page  using regular expression

2024-07-12 19:24:26 - [TEST_STEP][PASSED] - markPassed("Role was Created Successfully"): Role was Created Successfully

2024-07-12 19:24:26 - [MESSAGE][PASSED] - Role was Created Successfully

2024-07-12 19:24:26 - [TEST_STEP][PASSED] - resText = "Pass": null

2024-07-12 19:24:26 - [TEST_STEP][PASSED] - pages.WriteExcel.demoKey(resText, datText, resColumn, datCloumn, fileLoc, nameSheet, row): pages.WriteExcel.demoKey is PASSED

2024-07-12 19:24:26 - [MESSAGE][PASSED] - pages.WriteExcel.demoKey is PASSED

2024-07-12 19:24:26 - [TEST_STEP][PASSED] - pages.CustomLogger.log_Logger("Role got created successfully", "Pass"): pages.CustomLogger.log_Logger is PASSED

2024-07-12 19:24:26 - [MESSAGE][PASSED] - Role got created successfully

2024-07-12 19:24:26 - [MESSAGE][PASSED] - pages.CustomLogger.log_Logger is PASSED

2024-07-12 19:24:26 - [TEST_STEP][PASSED] - click(findTestObject(path_Role + "button_DeleteRole")): Object: 'Object Repository/AdminSuiteBootstrap_Pages/UM_Bootstrap/Role/button_DeleteRole' is clicked on

2024-07-12 19:24:27 - [MESSAGE][PASSED] - Object: 'Object Repository/AdminSuiteBootstrap_Pages/UM_Bootstrap/Role/button_DeleteRole' is clicked on

2024-07-12 19:24:27 - [TEST_STEP][PASSED] - click(findTestObject(path_Role + "button_DeletePopup")): Object: 'Object Repository/AdminSuiteBootstrap_Pages/UM_Bootstrap/Role/button_DeletePopup' is clicked on

2024-07-12 19:24:27 - [MESSAGE][PASSED] - Object: 'Object Repository/AdminSuiteBootstrap_Pages/UM_Bootstrap/Role/button_DeletePopup' is clicked on

2024-07-12 19:24:27 - [TEST_STEP][PASSED] - click(findTestObject(path_Role + "button_OkayPopup")): Object: 'Object Repository/AdminSuiteBootstrap_Pages/UM_Bootstrap/Role/button_OkayPopup' is clicked on

2024-07-12 19:24:28 - [MESSAGE][PASSED] - Object: 'Object Repository/AdminSuiteBootstrap_Pages/UM_Bootstrap/Role/button_OkayPopup' is clicked on

2024-07-12 19:24:28 - [TEST_STEP][PASSED] - click(findTestObject(path_Role + "a_FindRole")): Object: 'Object Repository/AdminSuiteBootstrap_Pages/UM_Bootstrap/Role/a_FindRole' is clicked on

2024-07-12 19:24:29 - [MESSAGE][PASSED] - Object: 'Object Repository/AdminSuiteBootstrap_Pages/UM_Bootstrap/Role/a_FindRole' is clicked on

2024-07-12 19:24:29 - [TEST_STEP][PASSED] - adminSuiteBootstrap.findRole.setDataFindRole(row, dataFile): adminSuiteBootstrap.findRole.setDataFindRole is PASSED

2024-07-12 19:24:29 - [MESSAGE][PASSED] - Object 'Object Repository/AdminSuiteBootstrap_Pages/UM_Bootstrap/Role/input_roleName_Find' is present

2024-07-12 19:24:30 - [MESSAGE][PASSED] - Text 'NumberRole1' is set on object 'Object Repository/AdminSuiteBootstrap_Pages/UM_Bootstrap/Role/input_roleName_Find'

2024-07-12 19:24:31 - [MESSAGE][PASSED] - All options with label 'Exact Match' are selected in object 'Object Repository/AdminSuiteBootstrap_Pages/UM_Bootstrap/Role/select_SearchType' 

2024-07-12 19:24:31 - [MESSAGE][PASSED] - Object: 'Object Repository/AdminSuiteBootstrap_Pages/UM_Bootstrap/Role/button_FindRole' is clicked on

2024-07-12 19:24:31 - [MESSAGE][PASSED] - adminSuiteBootstrap.findRole.setDataFindRole is PASSED

2024-07-12 19:24:31 - [TEST_STEP][PASSED] - verifyTextPresent("No roles with the name", true): Text 'No roles with the name' is present on page  using regular expression

2024-07-12 19:24:32 - [MESSAGE][PASSED] - Text 'No roles with the name' is present on page  using regular expression]]></system-out>
         <system-err><![CDATA[]]></system-err>
      </testcase>
      <testcase name="Test Cases/Admin Suite Bootstrap/UM_TestCases/Roles/SearchRole" time="92.069" classname="Test Cases/Admin Suite Bootstrap/UM_TestCases/Roles/SearchRole" status="PASSED">
         <system-out><![CDATA[2024-07-12 19:24:32 - [TEST_CASE][PASSED] - Test Cases/Admin Suite Bootstrap/UM_TestCases/Roles/SearchRole: Test Cases/Admin Suite Bootstrap/UM_TestCases/Roles/SearchRole

2024-07-12 19:24:32 - [TEST_STEP][PASSED] - path_Role = "Object Repository/AdminSuiteBootstrap_Pages/UM_Bootstrap/Role/": null

2024-07-12 19:24:32 - [TEST_STEP][PASSED] - path_Dashboard = "Object Repository/AdminSuiteBootstrap_Pages/Dashboard_Bootstrap/": null

2024-07-12 19:24:32 - [TEST_STEP][PASSED] - executionProfile = getExecutionProfile(): null

2024-07-12 19:24:32 - [TEST_STEP][PASSED] - out.println("executionProfile : " + executionProfile): null

2024-07-12 19:24:32 - [TEST_STEP][PASSED] - resText = "Fail": null

2024-07-12 19:24:32 - [TEST_STEP][PASSED] - resColumn = "Result": null

2024-07-12 19:24:32 - [TEST_STEP][PASSED] - datCloumn = "Date": null

2024-07-12 19:24:32 - [TEST_STEP][PASSED] - fileLoc = "KatalonData/Bootstrap/UM-Data.xlsx": null

2024-07-12 19:24:32 - [TEST_STEP][PASSED] - numOfRows = <not implemented yet for class: org.codehaus.groovy.ast.expr.EmptyExpression>: null

2024-07-12 19:24:32 - [TEST_STEP][PASSED] - dataFile = <not implemented yet for class: org.codehaus.groovy.ast.expr.EmptyExpression>: null

2024-07-12 19:24:32 - [TEST_STEP][PASSED] - nameSheet = <not implemented yet for class: org.codehaus.groovy.ast.expr.EmptyExpression>: null

2024-07-12 19:24:32 - [TEST_STEP][PASSED] - dataFileEmulator = <not implemented yet for class: org.codehaus.groovy.ast.expr.EmptyExpression>: null

2024-07-12 19:24:32 - [TEST_STEP][PASSED] - nameSheet = "SearchRole": null

2024-07-12 19:24:32 - [TEST_STEP][PASSED] - dataFile = "QA/Bootstrap/UM-TestData/SearchRole": null

2024-07-12 19:24:32 - [TEST_STEP][PASSED] - numOfRows = findTestData(dataFile).getRowNumbers(): null

2024-07-12 19:24:32 - [TEST_STEP][PASSED] - println("Number of Records: " + numOfRows): null

2024-07-12 19:24:32 - [TEST_STEP][PASSED] - for ([row = 1, row <= numOfRows, (row++)]): null

2024-07-12 19:24:32 - [TEST_STEP][PASSED] - ExecuteTC = findTestData(dataFile).getValue("Execute", row): null

2024-07-12 19:24:32 - [TEST_STEP][PASSED] - out.println("Value of Execute is : " + ExecuteTC): null

2024-07-12 19:24:32 - [TEST_STEP][PASSED] - if (ExecuteTC.equalsIgnoreCase("Y")): null

2024-07-12 19:24:32 - [TEST_STEP][PASSED] - out.println("Begin Record Number: " + row): null

2024-07-12 19:24:32 - [TEST_STEP][PASSED] - today = new java.util.Date(): null

2024-07-12 19:24:32 - [TEST_STEP][PASSED] - println(today): null

2024-07-12 19:24:32 - [TEST_STEP][PASSED] - datText = today: null

2024-07-12 19:24:32 - [TEST_STEP][PASSED] - adminSuiteBootstrap.loginFunctionality.login_AdminSuite(): adminSuiteBootstrap.loginFunctionality.login_AdminSuite is PASSED

2024-07-12 19:24:32 - [MESSAGE][WARNING] - A browser is already opened. Closing browser and opening a new one

2024-07-12 19:24:34 - [MESSAGE][INFO] - Starting 'Chrome' driver

2024-07-12 19:24:34 - [MESSAGE][INFO] - User set preference: ['acceptInsecureCerts', 'true']

2024-07-12 19:24:34 - [MESSAGE][INFO] - Action delay is set to 0 milliseconds

2024-07-12 19:24:36 - [MESSAGE][PASSED] - Browser is opened with url: 'https://qa2.velocitypayment.com/admin/imtiaz'

2024-07-12 19:24:37 - [MESSAGE][PASSED] - Current window maximized

2024-07-12 19:24:37 - [MESSAGE][PASSED] - Object 'Object Repository/Login_Page/Login_Username_Okta' is present

2024-07-12 19:24:38 - [MESSAGE][PASSED] - Text 'iahmed' is set on object 'Object Repository/Login_Page/Login_Username_Okta'

2024-07-12 19:24:39 - [MESSAGE][PASSED] - Text 'Hello!6666666' is set on object 'Object Repository/Login_Page/Login_Password_Okta'

2024-07-12 19:24:39 - [MESSAGE][PASSED] - Object: 'Object Repository/Login_Page/Login_Submit_Okta' is clicked on

2024-07-12 19:24:39 - [MESSAGE][PASSED] - adminSuiteBootstrap.loginFunctionality.login_AdminSuite is PASSED

2024-07-12 19:24:39 - [TEST_STEP][PASSED] - click(findTestObject(path_Dashboard + "a_Access User Management")): Object: 'Object Repository/AdminSuiteBootstrap_Pages/Dashboard_Bootstrap/a_Access User Management' is clicked on

2024-07-12 19:24:50 - [MESSAGE][PASSED] - Object: 'Object Repository/AdminSuiteBootstrap_Pages/Dashboard_Bootstrap/a_Access User Management' is clicked on

2024-07-12 19:24:50 - [TEST_STEP][PASSED] - click(findTestObject(path_Role + "a_Roles")): Object: 'Object Repository/AdminSuiteBootstrap_Pages/UM_Bootstrap/Role/a_Roles' is clicked on

2024-07-12 19:24:51 - [MESSAGE][PASSED] - Object: 'Object Repository/AdminSuiteBootstrap_Pages/UM_Bootstrap/Role/a_Roles' is clicked on

2024-07-12 19:24:51 - [TEST_STEP][PASSED] - click(findTestObject(path_Role + "a_FindRole")): Object: 'Object Repository/AdminSuiteBootstrap_Pages/UM_Bootstrap/Role/a_FindRole' is clicked on

2024-07-12 19:24:52 - [MESSAGE][PASSED] - Object: 'Object Repository/AdminSuiteBootstrap_Pages/UM_Bootstrap/Role/a_FindRole' is clicked on

2024-07-12 19:24:52 - [TEST_STEP][PASSED] - adminSuiteBootstrap.findRole.setDataFindRole(row, dataFile): adminSuiteBootstrap.findRole.setDataFindRole is PASSED

2024-07-12 19:24:52 - [MESSAGE][PASSED] - Object 'Object Repository/AdminSuiteBootstrap_Pages/UM_Bootstrap/Role/input_roleName_Find' is present

2024-07-12 19:24:53 - [MESSAGE][PASSED] - Text 'MelancholyKrat' is set on object 'Object Repository/AdminSuiteBootstrap_Pages/UM_Bootstrap/Role/input_roleName_Find'

2024-07-12 19:24:54 - [MESSAGE][PASSED] - All options with label 'Exact Match' are selected in object 'Object Repository/AdminSuiteBootstrap_Pages/UM_Bootstrap/Role/select_SearchType' 

2024-07-12 19:24:56 - [MESSAGE][PASSED] - Object: 'Object Repository/AdminSuiteBootstrap_Pages/UM_Bootstrap/Role/button_FindRole' is clicked on

2024-07-12 19:24:56 - [MESSAGE][PASSED] - adminSuiteBootstrap.findRole.setDataFindRole is PASSED

2024-07-12 19:24:56 - [TEST_STEP][PASSED] - if (verifyElementPresent(findTestObject(path_Role + "button_DeleteRole"), 30)): null

2024-07-12 19:24:56 - [MESSAGE][PASSED] - Object 'Object Repository/AdminSuiteBootstrap_Pages/UM_Bootstrap/Role/button_DeleteRole' is present

2024-07-12 19:24:56 - [TEST_STEP][PASSED] - verifyTextPresent("This role does not have any members", true): Text 'This role does not have any members' is present on page  using regular expression

2024-07-12 19:24:57 - [MESSAGE][PASSED] - Text 'This role does not have any members' is present on page  using regular expression

2024-07-12 19:24:57 - [TEST_STEP][PASSED] - markPassed("Role was searched Successfully"): Role was searched Successfully

2024-07-12 19:24:57 - [MESSAGE][PASSED] - Role was searched Successfully

2024-07-12 19:24:57 - [TEST_STEP][PASSED] - resText = "Pass": null

2024-07-12 19:24:57 - [TEST_STEP][PASSED] - pages.WriteExcel.demoKey(resText, datText, resColumn, datCloumn, fileLoc, nameSheet, row): pages.WriteExcel.demoKey is PASSED

2024-07-12 19:24:57 - [MESSAGE][PASSED] - pages.WriteExcel.demoKey is PASSED

2024-07-12 19:24:57 - [TEST_STEP][PASSED] - pages.CustomLogger.log_Logger("Role got searched successfully", "Pass"): pages.CustomLogger.log_Logger is PASSED

2024-07-12 19:24:57 - [MESSAGE][PASSED] - Role got searched successfully

2024-07-12 19:24:57 - [MESSAGE][PASSED] - pages.CustomLogger.log_Logger is PASSED

2024-07-12 19:24:57 - [TEST_STEP][PASSED] - ExecuteTC = findTestData(dataFile).getValue("Execute", row): null

2024-07-12 19:24:57 - [TEST_STEP][PASSED] - out.println("Value of Execute is : " + ExecuteTC): null

2024-07-12 19:24:57 - [TEST_STEP][PASSED] - if (ExecuteTC.equalsIgnoreCase("Y")): null

2024-07-12 19:24:57 - [TEST_STEP][PASSED] - out.println("Begin Record Number: " + row): null

2024-07-12 19:24:57 - [TEST_STEP][PASSED] - today = new java.util.Date(): null

2024-07-12 19:24:57 - [TEST_STEP][PASSED] - println(today): null

2024-07-12 19:24:57 - [TEST_STEP][PASSED] - datText = today: null

2024-07-12 19:24:57 - [TEST_STEP][PASSED] - adminSuiteBootstrap.loginFunctionality.login_AdminSuite(): adminSuiteBootstrap.loginFunctionality.login_AdminSuite is PASSED

2024-07-12 19:24:57 - [MESSAGE][WARNING] - A browser is already opened. Closing browser and opening a new one

2024-07-12 19:24:58 - [MESSAGE][INFO] - Starting 'Chrome' driver

2024-07-12 19:24:58 - [MESSAGE][INFO] - User set preference: ['acceptInsecureCerts', 'true']

2024-07-12 19:24:58 - [MESSAGE][INFO] - Action delay is set to 0 milliseconds

2024-07-12 19:25:01 - [MESSAGE][PASSED] - Browser is opened with url: 'https://qa2.velocitypayment.com/admin/imtiaz'

2024-07-12 19:25:01 - [MESSAGE][PASSED] - Current window maximized

2024-07-12 19:25:02 - [MESSAGE][PASSED] - Object 'Object Repository/Login_Page/Login_Username_Okta' is present

2024-07-12 19:25:02 - [MESSAGE][PASSED] - Text 'iahmed' is set on object 'Object Repository/Login_Page/Login_Username_Okta'

2024-07-12 19:25:03 - [MESSAGE][PASSED] - Text 'Hello!6666666' is set on object 'Object Repository/Login_Page/Login_Password_Okta'

2024-07-12 19:25:04 - [MESSAGE][PASSED] - Object: 'Object Repository/Login_Page/Login_Submit_Okta' is clicked on

2024-07-12 19:25:04 - [MESSAGE][PASSED] - adminSuiteBootstrap.loginFunctionality.login_AdminSuite is PASSED

2024-07-12 19:25:04 - [TEST_STEP][PASSED] - click(findTestObject(path_Dashboard + "a_Access User Management")): Object: 'Object Repository/AdminSuiteBootstrap_Pages/Dashboard_Bootstrap/a_Access User Management' is clicked on

2024-07-12 19:25:13 - [MESSAGE][PASSED] - Object: 'Object Repository/AdminSuiteBootstrap_Pages/Dashboard_Bootstrap/a_Access User Management' is clicked on

2024-07-12 19:25:13 - [TEST_STEP][PASSED] - click(findTestObject(path_Role + "a_Roles")): Object: 'Object Repository/AdminSuiteBootstrap_Pages/UM_Bootstrap/Role/a_Roles' is clicked on

2024-07-12 19:25:13 - [MESSAGE][PASSED] - Object: 'Object Repository/AdminSuiteBootstrap_Pages/UM_Bootstrap/Role/a_Roles' is clicked on

2024-07-12 19:25:13 - [TEST_STEP][PASSED] - click(findTestObject(path_Role + "a_FindRole")): Object: 'Object Repository/AdminSuiteBootstrap_Pages/UM_Bootstrap/Role/a_FindRole' is clicked on

2024-07-12 19:25:14 - [MESSAGE][PASSED] - Object: 'Object Repository/AdminSuiteBootstrap_Pages/UM_Bootstrap/Role/a_FindRole' is clicked on

2024-07-12 19:25:14 - [TEST_STEP][PASSED] - adminSuiteBootstrap.findRole.setDataFindRole(row, dataFile): adminSuiteBootstrap.findRole.setDataFindRole is PASSED

2024-07-12 19:25:15 - [MESSAGE][PASSED] - Object 'Object Repository/AdminSuiteBootstrap_Pages/UM_Bootstrap/Role/input_roleName_Find' is present

2024-07-12 19:25:15 - [MESSAGE][PASSED] - Text 'Melancho' is set on object 'Object Repository/AdminSuiteBootstrap_Pages/UM_Bootstrap/Role/input_roleName_Find'

2024-07-12 19:25:16 - [MESSAGE][PASSED] - All options with label 'Starts With' are selected in object 'Object Repository/AdminSuiteBootstrap_Pages/UM_Bootstrap/Role/select_SearchType' 

2024-07-12 19:25:18 - [MESSAGE][PASSED] - Object: 'Object Repository/AdminSuiteBootstrap_Pages/UM_Bootstrap/Role/button_FindRole' is clicked on

2024-07-12 19:25:18 - [MESSAGE][PASSED] - adminSuiteBootstrap.findRole.setDataFindRole is PASSED

2024-07-12 19:25:18 - [TEST_STEP][PASSED] - if (verifyElementPresent(findTestObject(path_Role + "button_DeleteRole"), 30)): null

2024-07-12 19:25:19 - [MESSAGE][PASSED] - Object 'Object Repository/AdminSuiteBootstrap_Pages/UM_Bootstrap/Role/button_DeleteRole' is present

2024-07-12 19:25:19 - [TEST_STEP][PASSED] - verifyTextPresent("This role does not have any members", true): Text 'This role does not have any members' is present on page  using regular expression

2024-07-12 19:25:19 - [MESSAGE][PASSED] - Text 'This role does not have any members' is present on page  using regular expression

2024-07-12 19:25:19 - [TEST_STEP][PASSED] - markPassed("Role was searched Successfully"): Role was searched Successfully

2024-07-12 19:25:19 - [MESSAGE][PASSED] - Role was searched Successfully

2024-07-12 19:25:19 - [TEST_STEP][PASSED] - resText = "Pass": null

2024-07-12 19:25:19 - [TEST_STEP][PASSED] - pages.WriteExcel.demoKey(resText, datText, resColumn, datCloumn, fileLoc, nameSheet, row): pages.WriteExcel.demoKey is PASSED

2024-07-12 19:25:19 - [MESSAGE][PASSED] - pages.WriteExcel.demoKey is PASSED

2024-07-12 19:25:19 - [TEST_STEP][PASSED] - pages.CustomLogger.log_Logger("Role got searched successfully", "Pass"): pages.CustomLogger.log_Logger is PASSED

2024-07-12 19:25:19 - [MESSAGE][PASSED] - Role got searched successfully

2024-07-12 19:25:19 - [MESSAGE][PASSED] - pages.CustomLogger.log_Logger is PASSED

2024-07-12 19:25:19 - [TEST_STEP][PASSED] - ExecuteTC = findTestData(dataFile).getValue("Execute", row): null

2024-07-12 19:25:19 - [TEST_STEP][PASSED] - out.println("Value of Execute is : " + ExecuteTC): null

2024-07-12 19:25:19 - [TEST_STEP][PASSED] - if (ExecuteTC.equalsIgnoreCase("Y")): null

2024-07-12 19:25:19 - [TEST_STEP][PASSED] - out.println("Begin Record Number: " + row): null

2024-07-12 19:25:19 - [TEST_STEP][PASSED] - today = new java.util.Date(): null

2024-07-12 19:25:19 - [TEST_STEP][PASSED] - println(today): null

2024-07-12 19:25:19 - [TEST_STEP][PASSED] - datText = today: null

2024-07-12 19:25:19 - [TEST_STEP][PASSED] - adminSuiteBootstrap.loginFunctionality.login_AdminSuite(): adminSuiteBootstrap.loginFunctionality.login_AdminSuite is PASSED

2024-07-12 19:25:19 - [MESSAGE][WARNING] - A browser is already opened. Closing browser and opening a new one

2024-07-12 19:25:21 - [MESSAGE][INFO] - Starting 'Chrome' driver

2024-07-12 19:25:21 - [MESSAGE][INFO] - User set preference: ['acceptInsecureCerts', 'true']

2024-07-12 19:25:21 - [MESSAGE][INFO] - Action delay is set to 0 milliseconds

2024-07-12 19:25:23 - [MESSAGE][PASSED] - Browser is opened with url: 'https://qa2.velocitypayment.com/admin/imtiaz'

2024-07-12 19:25:23 - [MESSAGE][PASSED] - Current window maximized

2024-07-12 19:25:24 - [MESSAGE][PASSED] - Object 'Object Repository/Login_Page/Login_Username_Okta' is present

2024-07-12 19:25:25 - [MESSAGE][PASSED] - Text 'iahmed' is set on object 'Object Repository/Login_Page/Login_Username_Okta'

2024-07-12 19:25:26 - [MESSAGE][PASSED] - Text 'Hello!6666666' is set on object 'Object Repository/Login_Page/Login_Password_Okta'

2024-07-12 19:25:26 - [MESSAGE][PASSED] - Object: 'Object Repository/Login_Page/Login_Submit_Okta' is clicked on

2024-07-12 19:25:26 - [MESSAGE][PASSED] - adminSuiteBootstrap.loginFunctionality.login_AdminSuite is PASSED

2024-07-12 19:25:26 - [TEST_STEP][PASSED] - click(findTestObject(path_Dashboard + "a_Access User Management")): Object: 'Object Repository/AdminSuiteBootstrap_Pages/Dashboard_Bootstrap/a_Access User Management' is clicked on

2024-07-12 19:25:34 - [MESSAGE][PASSED] - Object: 'Object Repository/AdminSuiteBootstrap_Pages/Dashboard_Bootstrap/a_Access User Management' is clicked on

2024-07-12 19:25:34 - [TEST_STEP][PASSED] - click(findTestObject(path_Role + "a_Roles")): Object: 'Object Repository/AdminSuiteBootstrap_Pages/UM_Bootstrap/Role/a_Roles' is clicked on

2024-07-12 19:25:35 - [MESSAGE][PASSED] - Object: 'Object Repository/AdminSuiteBootstrap_Pages/UM_Bootstrap/Role/a_Roles' is clicked on

2024-07-12 19:25:35 - [TEST_STEP][PASSED] - click(findTestObject(path_Role + "a_FindRole")): Object: 'Object Repository/AdminSuiteBootstrap_Pages/UM_Bootstrap/Role/a_FindRole' is clicked on

2024-07-12 19:25:35 - [MESSAGE][PASSED] - Object: 'Object Repository/AdminSuiteBootstrap_Pages/UM_Bootstrap/Role/a_FindRole' is clicked on

2024-07-12 19:25:35 - [TEST_STEP][PASSED] - adminSuiteBootstrap.findRole.setDataFindRole(row, dataFile): adminSuiteBootstrap.findRole.setDataFindRole is PASSED

2024-07-12 19:25:36 - [MESSAGE][PASSED] - Object 'Object Repository/AdminSuiteBootstrap_Pages/UM_Bootstrap/Role/input_roleName_Find' is present

2024-07-12 19:25:37 - [MESSAGE][PASSED] - Text 'cholyKrat' is set on object 'Object Repository/AdminSuiteBootstrap_Pages/UM_Bootstrap/Role/input_roleName_Find'

2024-07-12 19:25:37 - [MESSAGE][PASSED] - All options with label 'Ends With' are selected in object 'Object Repository/AdminSuiteBootstrap_Pages/UM_Bootstrap/Role/select_SearchType' 

2024-07-12 19:25:40 - [MESSAGE][PASSED] - Object: 'Object Repository/AdminSuiteBootstrap_Pages/UM_Bootstrap/Role/button_FindRole' is clicked on

2024-07-12 19:25:40 - [MESSAGE][PASSED] - adminSuiteBootstrap.findRole.setDataFindRole is PASSED

2024-07-12 19:25:40 - [TEST_STEP][PASSED] - if (verifyElementPresent(findTestObject(path_Role + "button_DeleteRole"), 30)): null

2024-07-12 19:25:41 - [MESSAGE][PASSED] - Object 'Object Repository/AdminSuiteBootstrap_Pages/UM_Bootstrap/Role/button_DeleteRole' is present

2024-07-12 19:25:41 - [TEST_STEP][PASSED] - verifyTextPresent("This role does not have any members", true): Text 'This role does not have any members' is present on page  using regular expression

2024-07-12 19:25:41 - [MESSAGE][PASSED] - Text 'This role does not have any members' is present on page  using regular expression

2024-07-12 19:25:41 - [TEST_STEP][PASSED] - markPassed("Role was searched Successfully"): Role was searched Successfully

2024-07-12 19:25:41 - [MESSAGE][PASSED] - Role was searched Successfully

2024-07-12 19:25:41 - [TEST_STEP][PASSED] - resText = "Pass": null

2024-07-12 19:25:41 - [TEST_STEP][PASSED] - pages.WriteExcel.demoKey(resText, datText, resColumn, datCloumn, fileLoc, nameSheet, row): pages.WriteExcel.demoKey is PASSED

2024-07-12 19:25:41 - [MESSAGE][PASSED] - pages.WriteExcel.demoKey is PASSED

2024-07-12 19:25:41 - [TEST_STEP][PASSED] - pages.CustomLogger.log_Logger("Role got searched successfully", "Pass"): pages.CustomLogger.log_Logger is PASSED

2024-07-12 19:25:41 - [MESSAGE][PASSED] - Role got searched successfully

2024-07-12 19:25:41 - [MESSAGE][PASSED] - pages.CustomLogger.log_Logger is PASSED

2024-07-12 19:25:41 - [TEST_STEP][PASSED] - ExecuteTC = findTestData(dataFile).getValue("Execute", row): null

2024-07-12 19:25:41 - [TEST_STEP][PASSED] - out.println("Value of Execute is : " + ExecuteTC): null

2024-07-12 19:25:41 - [TEST_STEP][PASSED] - if (ExecuteTC.equalsIgnoreCase("Y")): null

2024-07-12 19:25:41 - [TEST_STEP][PASSED] - out.println("Begin Record Number: " + row): null

2024-07-12 19:25:41 - [TEST_STEP][PASSED] - today = new java.util.Date(): null

2024-07-12 19:25:41 - [TEST_STEP][PASSED] - println(today): null

2024-07-12 19:25:41 - [TEST_STEP][PASSED] - datText = today: null

2024-07-12 19:25:41 - [TEST_STEP][PASSED] - adminSuiteBootstrap.loginFunctionality.login_AdminSuite(): adminSuiteBootstrap.loginFunctionality.login_AdminSuite is PASSED

2024-07-12 19:25:41 - [MESSAGE][WARNING] - A browser is already opened. Closing browser and opening a new one

2024-07-12 19:25:42 - [MESSAGE][INFO] - Starting 'Chrome' driver

2024-07-12 19:25:42 - [MESSAGE][INFO] - User set preference: ['acceptInsecureCerts', 'true']

2024-07-12 19:25:42 - [MESSAGE][INFO] - Action delay is set to 0 milliseconds

2024-07-12 19:25:45 - [MESSAGE][PASSED] - Browser is opened with url: 'https://qa2.velocitypayment.com/admin/imtiaz'

2024-07-12 19:25:45 - [MESSAGE][PASSED] - Current window maximized

2024-07-12 19:25:46 - [MESSAGE][PASSED] - Object 'Object Repository/Login_Page/Login_Username_Okta' is present

2024-07-12 19:25:47 - [MESSAGE][PASSED] - Text 'iahmed' is set on object 'Object Repository/Login_Page/Login_Username_Okta'

2024-07-12 19:25:47 - [MESSAGE][PASSED] - Text 'Hello!6666666' is set on object 'Object Repository/Login_Page/Login_Password_Okta'

2024-07-12 19:25:48 - [MESSAGE][PASSED] - Object: 'Object Repository/Login_Page/Login_Submit_Okta' is clicked on

2024-07-12 19:25:48 - [MESSAGE][PASSED] - adminSuiteBootstrap.loginFunctionality.login_AdminSuite is PASSED

2024-07-12 19:25:48 - [TEST_STEP][PASSED] - click(findTestObject(path_Dashboard + "a_Access User Management")): Object: 'Object Repository/AdminSuiteBootstrap_Pages/Dashboard_Bootstrap/a_Access User Management' is clicked on

2024-07-12 19:25:57 - [MESSAGE][PASSED] - Object: 'Object Repository/AdminSuiteBootstrap_Pages/Dashboard_Bootstrap/a_Access User Management' is clicked on

2024-07-12 19:25:57 - [TEST_STEP][PASSED] - click(findTestObject(path_Role + "a_Roles")): Object: 'Object Repository/AdminSuiteBootstrap_Pages/UM_Bootstrap/Role/a_Roles' is clicked on

2024-07-12 19:25:58 - [MESSAGE][PASSED] - Object: 'Object Repository/AdminSuiteBootstrap_Pages/UM_Bootstrap/Role/a_Roles' is clicked on

2024-07-12 19:25:58 - [TEST_STEP][PASSED] - click(findTestObject(path_Role + "a_FindRole")): Object: 'Object Repository/AdminSuiteBootstrap_Pages/UM_Bootstrap/Role/a_FindRole' is clicked on

2024-07-12 19:25:59 - [MESSAGE][PASSED] - Object: 'Object Repository/AdminSuiteBootstrap_Pages/UM_Bootstrap/Role/a_FindRole' is clicked on

2024-07-12 19:25:59 - [TEST_STEP][PASSED] - adminSuiteBootstrap.findRole.setDataFindRole(row, dataFile): adminSuiteBootstrap.findRole.setDataFindRole is PASSED

2024-07-12 19:25:59 - [MESSAGE][PASSED] - Object 'Object Repository/AdminSuiteBootstrap_Pages/UM_Bootstrap/Role/input_roleName_Find' is present

2024-07-12 19:26:00 - [MESSAGE][PASSED] - Text 'lancho' is set on object 'Object Repository/AdminSuiteBootstrap_Pages/UM_Bootstrap/Role/input_roleName_Find'

2024-07-12 19:26:01 - [MESSAGE][PASSED] - All options with label 'Contains' are selected in object 'Object Repository/AdminSuiteBootstrap_Pages/UM_Bootstrap/Role/select_SearchType' 

2024-07-12 19:26:03 - [MESSAGE][PASSED] - Object: 'Object Repository/AdminSuiteBootstrap_Pages/UM_Bootstrap/Role/button_FindRole' is clicked on

2024-07-12 19:26:03 - [MESSAGE][PASSED] - adminSuiteBootstrap.findRole.setDataFindRole is PASSED

2024-07-12 19:26:03 - [TEST_STEP][PASSED] - if (verifyElementPresent(findTestObject(path_Role + "button_DeleteRole"), 30)): null

2024-07-12 19:26:03 - [MESSAGE][PASSED] - Object 'Object Repository/AdminSuiteBootstrap_Pages/UM_Bootstrap/Role/button_DeleteRole' is present

2024-07-12 19:26:03 - [TEST_STEP][PASSED] - verifyTextPresent("This role does not have any members", true): Text 'This role does not have any members' is present on page  using regular expression

2024-07-12 19:26:04 - [MESSAGE][PASSED] - Text 'This role does not have any members' is present on page  using regular expression

2024-07-12 19:26:04 - [TEST_STEP][PASSED] - markPassed("Role was searched Successfully"): Role was searched Successfully

2024-07-12 19:26:04 - [MESSAGE][PASSED] - Role was searched Successfully

2024-07-12 19:26:04 - [TEST_STEP][PASSED] - resText = "Pass": null

2024-07-12 19:26:04 - [TEST_STEP][PASSED] - pages.WriteExcel.demoKey(resText, datText, resColumn, datCloumn, fileLoc, nameSheet, row): pages.WriteExcel.demoKey is PASSED

2024-07-12 19:26:04 - [MESSAGE][PASSED] - pages.WriteExcel.demoKey is PASSED

2024-07-12 19:26:04 - [TEST_STEP][PASSED] - pages.CustomLogger.log_Logger("Role got searched successfully", "Pass"): pages.CustomLogger.log_Logger is PASSED

2024-07-12 19:26:04 - [MESSAGE][PASSED] - Role got searched successfully

2024-07-12 19:26:04 - [MESSAGE][PASSED] - pages.CustomLogger.log_Logger is PASSED]]></system-out>
         <system-err><![CDATA[]]></system-err>
      </testcase>
      <system-out><![CDATA[2024-07-12 18:51:41 - [TEST_SUITE][FAILED] - UM-TestSuite-QA: Test Cases/Admin Suite Bootstrap/UM_TestCases/Users/VerifyUsersLinks_UI_TC FAILED.
Reason:
com.kms.katalon.core.exception.StepFailedException: com.kms.katalon.core.webui.exception.WebElementNotFoundException: Web element with id: 'Object Repository/AdminSuiteBootstrap_Pages/UM_Bootstrap/a_CASEuser' located by '//*[@href = '/admin/imtiaz/bootstrap/vadministrator/users/view.do?uid=1100' and (text() = '[CASEuser]' or . = '[CASEuser]')]' not found (Root cause: com.kms.katalon.core.exception.StepFailedException: com.kms.katalon.core.webui.exception.WebElementNotFoundException: Web element with id: 'Object Repository/AdminSuiteBootstrap_Pages/UM_Bootstrap/a_CASEuser' located by '//*[@href = '/admin/imtiaz/bootstrap/vadministrator/users/view.do?uid=1100' and (text() = '[CASEuser]' or . = '[CASEuser]')]' not found
	at com.kms.katalon.core.webui.keyword.internal.WebUIKeywordMain.stepFailed(WebUIKeywordMain.groovy:64)
	at com.kms.katalon.core.webui.keyword.builtin.VerifyElementPresentKeyword$_verifyElementPresent_closure1.doCall(VerifyElementPresentKeyword.groovy:85)
	at com.kms.katalon.core.webui.keyword.builtin.VerifyElementPresentKeyword$_verifyElementPresent_closure1.call(VerifyElementPresentKeyword.groovy)
	at com.kms.katalon.core.webui.keyword.internal.WebUIKeywordMain.runKeyword(WebUIKeywordMain.groovy:20)
	at com.kms.katalon.core.webui.keyword.builtin.VerifyElementPresentKeyword.verifyElementPresent(VerifyElementPresentKeyword.groovy:92)
	at com.kms.katalon.core.webui.keyword.builtin.VerifyElementPresentKeyword.execute(VerifyElementPresentKeyword.groovy:68)
	at com.kms.katalon.core.keyword.internal.KeywordExecutor.executeKeywordForPlatform(KeywordExecutor.groovy:74)
	at com.kms.katalon.core.webui.keyword.WebUiBuiltInKeywords.verifyElementPresent(WebUiBuiltInKeywords.groovy:1464)
	at com.kms.katalon.core.webui.keyword.WebUiBuiltInKeywords$verifyElementPresent$1.call(Unknown Source)
	at VerifyUsersLinks_UI_TC.run(VerifyUsersLinks_UI_TC:46)
	at com.kms.katalon.core.main.ScriptEngine.run(ScriptEngine.java:194)
	at com.kms.katalon.core.main.ScriptEngine.runScriptAsRawText(ScriptEngine.java:119)
	at com.kms.katalon.core.main.TestCaseExecutor.runScript(TestCaseExecutor.java:448)
	at com.kms.katalon.core.main.TestCaseExecutor.doExecute(TestCaseExecutor.java:439)
	at com.kms.katalon.core.main.TestCaseExecutor.processExecutionPhase(TestCaseExecutor.java:418)
	at com.kms.katalon.core.main.TestCaseExecutor.accessMainPhase(TestCaseExecutor.java:410)
	at com.kms.katalon.core.main.TestCaseExecutor.execute(TestCaseExecutor.java:285)
	at com.kms.katalon.core.common.CommonExecutor.accessTestCaseMainPhase(CommonExecutor.java:65)
	at com.kms.katalon.core.main.TestSuiteExecutor.accessTestSuiteMainPhase(TestSuiteExecutor.java:148)
	at com.kms.katalon.core.main.TestSuiteExecutor.execute(TestSuiteExecutor.java:106)
	at com.kms.katalon.core.main.TestCaseMain.startTestSuite(TestCaseMain.java:187)
	at com.kms.katalon.core.main.TestCaseMain$startTestSuite$0.call(Unknown Source)
	at TempTestSuite1720824695139.run(TempTestSuite1720824695139.groovy:35)
)
	at com.kms.katalon.core.keyword.internal.KeywordMain.stepFailed(KeywordMain.groovy:39)
	at com.kms.katalon.core.webui.keyword.internal.WebUIKeywordMain.stepFailed(WebUIKeywordMain.groovy:64)
	at com.kms.katalon.core.webui.keyword.builtin.VerifyElementPresentKeyword$_verifyElementPresent_closure1.doCall(VerifyElementPresentKeyword.groovy:85)
	at com.kms.katalon.core.webui.keyword.builtin.VerifyElementPresentKeyword$_verifyElementPresent_closure1.call(VerifyElementPresentKeyword.groovy)
	at com.kms.katalon.core.webui.keyword.internal.WebUIKeywordMain.runKeyword(WebUIKeywordMain.groovy:20)
	at com.kms.katalon.core.webui.keyword.builtin.VerifyElementPresentKeyword.verifyElementPresent(VerifyElementPresentKeyword.groovy:92)
	at com.kms.katalon.core.webui.keyword.builtin.VerifyElementPresentKeyword.execute(VerifyElementPresentKeyword.groovy:68)
	at com.kms.katalon.core.keyword.internal.KeywordExecutor.executeKeywordForPlatform(KeywordExecutor.groovy:74)
	at com.kms.katalon.core.webui.keyword.WebUiBuiltInKeywords.verifyElementPresent(WebUiBuiltInKeywords.groovy:1464)
	at com.kms.katalon.core.webui.keyword.WebUiBuiltInKeywords$verifyElementPresent$1.call(Unknown Source)
	at VerifyUsersLinks_UI_TC.run(VerifyUsersLinks_UI_TC:46)
	at com.kms.katalon.core.main.ScriptEngine.run(ScriptEngine.java:194)
	at com.kms.katalon.core.main.ScriptEngine.runScriptAsRawText(ScriptEngine.java:119)
	at com.kms.katalon.core.main.TestCaseExecutor.runScript(TestCaseExecutor.java:448)
	at com.kms.katalon.core.main.TestCaseExecutor.doExecute(TestCaseExecutor.java:439)
	at com.kms.katalon.core.main.TestCaseExecutor.processExecutionPhase(TestCaseExecutor.java:418)
	at com.kms.katalon.core.main.TestCaseExecutor.accessMainPhase(TestCaseExecutor.java:410)
	at com.kms.katalon.core.main.TestCaseExecutor.execute(TestCaseExecutor.java:285)
	at com.kms.katalon.core.common.CommonExecutor.accessTestCaseMainPhase(CommonExecutor.java:65)
	at com.kms.katalon.core.main.TestSuiteExecutor.accessTestSuiteMainPhase(TestSuiteExecutor.java:148)
	at com.kms.katalon.core.main.TestSuiteExecutor.execute(TestSuiteExecutor.java:106)
	at com.kms.katalon.core.main.TestCaseMain.startTestSuite(TestCaseMain.java:187)
	at com.kms.katalon.core.main.TestCaseMain$startTestSuite$0.call(Unknown Source)
	at TempTestSuite1720824695139.run(TempTestSuite1720824695139.groovy:35)
Caused by: com.kms.katalon.core.exception.StepFailedException: com.kms.katalon.core.webui.exception.WebElementNotFoundException: Web element with id: 'Object Repository/AdminSuiteBootstrap_Pages/UM_Bootstrap/a_CASEuser' located by '//*[@href = '/admin/imtiaz/bootstrap/vadministrator/users/view.do?uid=1100' and (text() = '[CASEuser]' or . = '[CASEuser]')]' not found
	... 23 more]]></system-out>
      <system-err><![CDATA[2024-07-12 18:51:41 - [TEST_SUITE][FAILED] - UM-TestSuite-QA: Test Cases/Admin Suite Bootstrap/UM_TestCases/Users/VerifyUsersLinks_UI_TC FAILED.
Reason:
com.kms.katalon.core.exception.StepFailedException: com.kms.katalon.core.webui.exception.WebElementNotFoundException: Web element with id: 'Object Repository/AdminSuiteBootstrap_Pages/UM_Bootstrap/a_CASEuser' located by '//*[@href = '/admin/imtiaz/bootstrap/vadministrator/users/view.do?uid=1100' and (text() = '[CASEuser]' or . = '[CASEuser]')]' not found (Root cause: com.kms.katalon.core.exception.StepFailedException: com.kms.katalon.core.webui.exception.WebElementNotFoundException: Web element with id: 'Object Repository/AdminSuiteBootstrap_Pages/UM_Bootstrap/a_CASEuser' located by '//*[@href = '/admin/imtiaz/bootstrap/vadministrator/users/view.do?uid=1100' and (text() = '[CASEuser]' or . = '[CASEuser]')]' not found
	at com.kms.katalon.core.webui.keyword.internal.WebUIKeywordMain.stepFailed(WebUIKeywordMain.groovy:64)
	at com.kms.katalon.core.webui.keyword.builtin.VerifyElementPresentKeyword$_verifyElementPresent_closure1.doCall(VerifyElementPresentKeyword.groovy:85)
	at com.kms.katalon.core.webui.keyword.builtin.VerifyElementPresentKeyword$_verifyElementPresent_closure1.call(VerifyElementPresentKeyword.groovy)
	at com.kms.katalon.core.webui.keyword.internal.WebUIKeywordMain.runKeyword(WebUIKeywordMain.groovy:20)
	at com.kms.katalon.core.webui.keyword.builtin.VerifyElementPresentKeyword.verifyElementPresent(VerifyElementPresentKeyword.groovy:92)
	at com.kms.katalon.core.webui.keyword.builtin.VerifyElementPresentKeyword.execute(VerifyElementPresentKeyword.groovy:68)
	at com.kms.katalon.core.keyword.internal.KeywordExecutor.executeKeywordForPlatform(KeywordExecutor.groovy:74)
	at com.kms.katalon.core.webui.keyword.WebUiBuiltInKeywords.verifyElementPresent(WebUiBuiltInKeywords.groovy:1464)
	at com.kms.katalon.core.webui.keyword.WebUiBuiltInKeywords$verifyElementPresent$1.call(Unknown Source)
	at VerifyUsersLinks_UI_TC.run(VerifyUsersLinks_UI_TC:46)
	at com.kms.katalon.core.main.ScriptEngine.run(ScriptEngine.java:194)
	at com.kms.katalon.core.main.ScriptEngine.runScriptAsRawText(ScriptEngine.java:119)
	at com.kms.katalon.core.main.TestCaseExecutor.runScript(TestCaseExecutor.java:448)
	at com.kms.katalon.core.main.TestCaseExecutor.doExecute(TestCaseExecutor.java:439)
	at com.kms.katalon.core.main.TestCaseExecutor.processExecutionPhase(TestCaseExecutor.java:418)
	at com.kms.katalon.core.main.TestCaseExecutor.accessMainPhase(TestCaseExecutor.java:410)
	at com.kms.katalon.core.main.TestCaseExecutor.execute(TestCaseExecutor.java:285)
	at com.kms.katalon.core.common.CommonExecutor.accessTestCaseMainPhase(CommonExecutor.java:65)
	at com.kms.katalon.core.main.TestSuiteExecutor.accessTestSuiteMainPhase(TestSuiteExecutor.java:148)
	at com.kms.katalon.core.main.TestSuiteExecutor.execute(TestSuiteExecutor.java:106)
	at com.kms.katalon.core.main.TestCaseMain.startTestSuite(TestCaseMain.java:187)
	at com.kms.katalon.core.main.TestCaseMain$startTestSuite$0.call(Unknown Source)
	at TempTestSuite1720824695139.run(TempTestSuite1720824695139.groovy:35)
)
	at com.kms.katalon.core.keyword.internal.KeywordMain.stepFailed(KeywordMain.groovy:39)
	at com.kms.katalon.core.webui.keyword.internal.WebUIKeywordMain.stepFailed(WebUIKeywordMain.groovy:64)
	at com.kms.katalon.core.webui.keyword.builtin.VerifyElementPresentKeyword$_verifyElementPresent_closure1.doCall(VerifyElementPresentKeyword.groovy:85)
	at com.kms.katalon.core.webui.keyword.builtin.VerifyElementPresentKeyword$_verifyElementPresent_closure1.call(VerifyElementPresentKeyword.groovy)
	at com.kms.katalon.core.webui.keyword.internal.WebUIKeywordMain.runKeyword(WebUIKeywordMain.groovy:20)
	at com.kms.katalon.core.webui.keyword.builtin.VerifyElementPresentKeyword.verifyElementPresent(VerifyElementPresentKeyword.groovy:92)
	at com.kms.katalon.core.webui.keyword.builtin.VerifyElementPresentKeyword.execute(VerifyElementPresentKeyword.groovy:68)
	at com.kms.katalon.core.keyword.internal.KeywordExecutor.executeKeywordForPlatform(KeywordExecutor.groovy:74)
	at com.kms.katalon.core.webui.keyword.WebUiBuiltInKeywords.verifyElementPresent(WebUiBuiltInKeywords.groovy:1464)
	at com.kms.katalon.core.webui.keyword.WebUiBuiltInKeywords$verifyElementPresent$1.call(Unknown Source)
	at VerifyUsersLinks_UI_TC.run(VerifyUsersLinks_UI_TC:46)
	at com.kms.katalon.core.main.ScriptEngine.run(ScriptEngine.java:194)
	at com.kms.katalon.core.main.ScriptEngine.runScriptAsRawText(ScriptEngine.java:119)
	at com.kms.katalon.core.main.TestCaseExecutor.runScript(TestCaseExecutor.java:448)
	at com.kms.katalon.core.main.TestCaseExecutor.doExecute(TestCaseExecutor.java:439)
	at com.kms.katalon.core.main.TestCaseExecutor.processExecutionPhase(TestCaseExecutor.java:418)
	at com.kms.katalon.core.main.TestCaseExecutor.accessMainPhase(TestCaseExecutor.java:410)
	at com.kms.katalon.core.main.TestCaseExecutor.execute(TestCaseExecutor.java:285)
	at com.kms.katalon.core.common.CommonExecutor.accessTestCaseMainPhase(CommonExecutor.java:65)
	at com.kms.katalon.core.main.TestSuiteExecutor.accessTestSuiteMainPhase(TestSuiteExecutor.java:148)
	at com.kms.katalon.core.main.TestSuiteExecutor.execute(TestSuiteExecutor.java:106)
	at com.kms.katalon.core.main.TestCaseMain.startTestSuite(TestCaseMain.java:187)
	at com.kms.katalon.core.main.TestCaseMain$startTestSuite$0.call(Unknown Source)
	at TempTestSuite1720824695139.run(TempTestSuite1720824695139.groovy:35)
Caused by: com.kms.katalon.core.exception.StepFailedException: com.kms.katalon.core.webui.exception.WebElementNotFoundException: Web element with id: 'Object Repository/AdminSuiteBootstrap_Pages/UM_Bootstrap/a_CASEuser' located by '//*[@href = '/admin/imtiaz/bootstrap/vadministrator/users/view.do?uid=1100' and (text() = '[CASEuser]' or . = '[CASEuser]')]' not found
	... 23 more]]></system-err>
   </testsuite>
</testsuites>
