<?xml version="1.0" encoding="UTF-8"?>
<testsuites name="Temp" time="247.856" tests="1" failures="0" errors="0">
   <testsuite name="Temp" tests="1" failures="0" errors="0" time="247.856" skipped="0" timestamp="2023-09-14 20:50:17" hostname="imtiaz - DESKTOP-B2QI6NS.govolution.com" id="Test Suites/Temp">
      <properties>
         <property name="deviceName" value=""/>
         <property name="devicePlatform" value=""/>
         <property name="logFolder" value="E:\\Cloned-Project-Katalon\\VPS-Katalon\\Reports\\20230914_205011\\Temp\\20230914_205011"/>
         <property name="logFiles" value="E:\\Cloned-Project-Katalon\\VPS-Katalon\\Reports\\20230914_205011\\Temp\\20230914_205011\\execution0.log"/>
         <property name="attachments" value=""/>
         <property name="hostName" value="imtiaz - DESKTOP-B2QI6NS.govolution.com"/>
         <property name="os" value="Windows 10 64bit"/>
         <property name="katalonVersion" value="8.6.6.208"/>
         <property name="browser" value="Chrome 116.0.0.0"/>
         <property name="hostAddress" value="172.31.253.139"/>
         <property name="sessionId" value="08b07e00ab588b018601e802a1f92f35"/>
         <property name="seleniumVersion" value="3.141.59"/>
         <property name="proxyInformation" value="ProxyInformation { proxyOption=NO_PROXY, proxyServerType=HTTP, username=, password=********, proxyServerAddress=, proxyServerPort=0, executionList=&quot;&quot;, isApplyToDesiredCapabilities=true }"/>
         <property name="platform" value="Windows 10"/>
      </properties>
      <testcase name="Test Cases/RAD_TestCases/BeforePayments_TestCases/Personal_Individual_BeforePayments_TC" time="247.434" classname="Test Cases/RAD_TestCases/BeforePayments_TestCases/Personal_Individual_BeforePayments_TC" status="PASSED">
         <system-out><![CDATA[2023-09-14 20:50:18 - [TEST_CASE][PASSED] - Test Cases/RAD_TestCases/BeforePayments_TestCases/Personal_Individual_BeforePayments_TC: Test Cases/RAD_TestCases/BeforePayments_TestCases/Personal_Individual_BeforePayments_TC

2023-09-14 20:50:18 - [TEST_STEP][PASSED] - resText = "Fail": null

2023-09-14 20:50:18 - [TEST_STEP][PASSED] - resColumn = "Result": null

2023-09-14 20:50:18 - [TEST_STEP][PASSED] - datCloumn = "Date": null

2023-09-14 20:50:18 - [TEST_STEP][PASSED] - fileLoc = "KatalonData/RADTestData/BeforePayments.xlsx": null

2023-09-14 20:50:18 - [TEST_STEP][PASSED] - nameSheet = "Personal_IND": null

2023-09-14 20:50:18 - [TEST_STEP][PASSED] - dataFile = "RADTestData/BeforePayments_Personal_IND": null

2023-09-14 20:50:18 - [TEST_STEP][PASSED] - orPath_Landing = "Object Repository/RAD_Pages/Landing_Page": null

2023-09-14 20:50:18 - [TEST_STEP][PASSED] - orPath_TaxTypeFilingYear = "Object Repository/RAD_Pages/TaxTypeFilingYear_Page": null

2023-09-14 20:50:18 - [TEST_STEP][PASSED] - orPath_Amount = "Object Repository/RAD_Pages/PaymentAmount_Page": null

2023-09-14 20:50:18 - [TEST_STEP][PASSED] - orPath_AddressContact = "Object Repository/RAD_Pages/AddressAndContactInfo_Page": null

2023-09-14 20:50:18 - [TEST_STEP][PASSED] - orPath_Summary = "Object Repository/RAD_Pages/Summary_Page": null

2023-09-14 20:50:18 - [TEST_STEP][PASSED] - orPath_PaymentConfirmation = "Object Repository/RAD_Pages/PaymentConfirmation_Page": null

2023-09-14 20:50:18 - [TEST_STEP][PASSED] - orPath_ServiceFeesAccept = "Object Repository/RAD_Pages/ServiceFeeAccept_Page": null

2023-09-14 20:50:18 - [TEST_STEP][PASSED] - orPath_PaymentEntry = "Object Repository/RAD_Pages/PaymentEntry_Page": null

2023-09-14 20:50:18 - [TEST_STEP][PASSED] - ExecuteTC = <not implemented yet for class: org.codehaus.groovy.ast.expr.EmptyExpression>: null

2023-09-14 20:50:18 - [TEST_STEP][PASSED] - TaxType = <not implemented yet for class: org.codehaus.groovy.ast.expr.EmptyExpression>: null

2023-09-14 20:50:18 - [TEST_STEP][PASSED] - PaymentType = <not implemented yet for class: org.codehaus.groovy.ast.expr.EmptyExpression>: null

2023-09-14 20:50:18 - [TEST_STEP][PASSED] - FilingYear = <not implemented yet for class: org.codehaus.groovy.ast.expr.EmptyExpression>: null

2023-09-14 20:50:18 - [TEST_STEP][PASSED] - PeriodEndingMonth = <not implemented yet for class: org.codehaus.groovy.ast.expr.EmptyExpression>: null

2023-09-14 20:50:18 - [TEST_STEP][PASSED] - numOfRows = findTestData(dataFile).getRowNumbers(): null

2023-09-14 20:50:19 - [TEST_STEP][PASSED] - println("Number of Records: " + numOfRows): null

2023-09-14 20:50:19 - [TEST_STEP][PASSED] - for ([row = 1, row <= numOfRows, (row++)]): Object 'Object Repository/RAD_Pages/ServiceFeeAccept_Page/input_convFeeNotifyAction' is present

2023-09-14 20:50:19 - [TEST_STEP][PASSED] - ExecuteTC = findTestData(dataFile).getValue("Execute", row): null

2023-09-14 20:50:20 - [TEST_STEP][PASSED] - TaxType = findTestData(dataFile).getValue("TaxType", row): null

2023-09-14 20:50:20 - [TEST_STEP][PASSED] - PaymentType = findTestData(dataFile).getValue("PaymentType", row): null

2023-09-14 20:50:20 - [TEST_STEP][PASSED] - FilingYear = findTestData(dataFile).getValue("Year", row): null

2023-09-14 20:50:20 - [TEST_STEP][PASSED] - if (ExecuteTC.equalsIgnoreCase("Y")): Object 'Object Repository/RAD_Pages/ServiceFeeAccept_Page/input_convFeeNotifyAction' is present

2023-09-14 20:50:20 - [TEST_STEP][PASSED] - out.println("Begin Record Number: " + row): null

2023-09-14 20:50:20 - [TEST_STEP][PASSED] - today = new java.util.Date(): null

2023-09-14 20:50:20 - [TEST_STEP][PASSED] - println(today): null

2023-09-14 20:50:20 - [TEST_STEP][PASSED] - datText = today: null

2023-09-14 20:50:20 - [TEST_STEP][PASSED] - logInfo("Payment Type: " + PaymentType): Payment Type: Quarterly Estimated Tax

2023-09-14 20:50:20 - [MESSAGE][INFO] - Payment Type: Quarterly Estimated Tax

2023-09-14 20:50:20 - [TEST_STEP][PASSED] - logInfo("Tax Type: " + TaxType): Tax Type: Personal Income Tax

2023-09-14 20:50:20 - [MESSAGE][INFO] - Tax Type: Personal Income Tax

2023-09-14 20:50:20 - [TEST_STEP][PASSED] - openBrowser(""): Browser is opened with url: ''

2023-09-14 20:50:20 - [MESSAGE][INFO] - Starting 'Chrome' driver

2023-09-14 20:50:20 - [MESSAGE][INFO] - User set preference: ['acceptInsecureCerts', 'true']

2023-09-14 20:50:21 - [MESSAGE][INFO] - Action delay is set to 0 milliseconds

2023-09-14 20:50:23 - [MESSAGE][PASSED] - Browser is opened with url: ''

2023-09-14 20:50:23 - [TEST_STEP][PASSED] - maximizeWindow(): Current window maximized

2023-09-14 20:50:24 - [MESSAGE][PASSED] - Current window maximized

2023-09-14 20:50:24 - [TEST_STEP][PASSED] - navigateToUrl(RADurl): Navigate to 'https://demo.velocitypayment.com/client/rad/index.html' successfully

2023-09-14 20:50:26 - [MESSAGE][PASSED] - Navigate to 'https://demo.velocitypayment.com/client/rad/index.html' successfully

2023-09-14 20:50:26 - [TEST_STEP][PASSED] - selectOptionByLabel(findTestObject(orPath_Landing + "/dd_TaxType"), PaymentType, false): All options with label 'Quarterly Estimated Tax' are selected in object 'Object Repository/RAD_Pages/Landing_Page/dd_TaxType' 

2023-09-14 20:50:27 - [MESSAGE][PASSED] - All options with label 'Quarterly Estimated Tax' are selected in object 'Object Repository/RAD_Pages/Landing_Page/dd_TaxType' 

2023-09-14 20:50:27 - [TEST_STEP][PASSED] - switch (PaymentType): null

2023-09-14 20:50:27 - [TEST_STEP][PASSED] - case "Quarterly Estimated Tax":: null

2023-09-14 20:50:27 - [TEST_STEP][PASSED] - selectOptionByLabel(findTestObject(orPath_TaxTypeFilingYear + "/select_PaymentType"), TaxType, false): All options with label 'Personal Income Tax' are selected in object 'Object Repository/RAD_Pages/TaxTypeFilingYear_Page/select_PaymentType' 

2023-09-14 20:50:27 - [MESSAGE][PASSED] - All options with label 'Personal Income Tax' are selected in object 'Object Repository/RAD_Pages/TaxTypeFilingYear_Page/select_PaymentType' 

2023-09-14 20:50:27 - [TEST_STEP][PASSED] - break: null

2023-09-14 20:50:27 - [TEST_STEP][PASSED] - if (!(FilingYear.isEmpty())): All options with label '2023' are selected in object 'Object Repository/RAD_Pages/TaxTypeFilingYear_Page/select_FilingYear' 

2023-09-14 20:50:27 - [TEST_STEP][PASSED] - selectOptionByLabel(findTestObject(orPath_TaxTypeFilingYear + "/select_FilingYear"), FilingYear, false): All options with label '2023' are selected in object 'Object Repository/RAD_Pages/TaxTypeFilingYear_Page/select_FilingYear' 

2023-09-14 20:50:28 - [MESSAGE][PASSED] - All options with label '2023' are selected in object 'Object Repository/RAD_Pages/TaxTypeFilingYear_Page/select_FilingYear' 

2023-09-14 20:50:28 - [TEST_STEP][PASSED] - rad.getSetDataRAD.setDataRADssnAndName(): rad.getSetDataRAD.setDataRADssnAndName is PASSED

2023-09-14 20:50:29 - [MESSAGE][PASSED] - Text 'Jimmy' is set on object 'Object Repository/RAD_Pages/Taxpayer_Page/input_firstName'

2023-09-14 20:50:31 - [MESSAGE][PASSED] - Text 'btes' is set on object 'Object Repository/RAD_Pages/Taxpayer_Page/input_lastName'

2023-09-14 20:50:31 - [MESSAGE][PASSED] - Text '123456724' is set on object 'Object Repository/RAD_RecordAndPlay/input_concatSSN'

2023-09-14 20:50:32 - [MESSAGE][PASSED] - Text '123456724' is set on object 'Object Repository/RAD_RecordAndPlay/input_concatReSSN'

2023-09-14 20:50:32 - [MESSAGE][PASSED] - rad.getSetDataRAD.setDataRADssnAndName is PASSED

2023-09-14 20:50:32 - [TEST_STEP][PASSED] - rad.getSetDataRAD.setDataRADAddress(): rad.getSetDataRAD.setDataRADAddress is PASSED

2023-09-14 20:50:33 - [MESSAGE][PASSED] - All options with label 'United States' are selected in object 'Object Repository/RAD_Pages/AddressAndContactInfo_Page/select_Country' 

2023-09-14 20:50:34 - [MESSAGE][PASSED] - Text '2508 Mandan Terrace' is set on object 'Object Repository/RAD_Pages/AddressAndContactInfo_Page/input_streetAddress1'

2023-09-14 20:50:35 - [MESSAGE][PASSED] - Text '' is set on object 'Object Repository/RAD_Pages/AddressAndContactInfo_Page/input_streetAddress2'

2023-09-14 20:50:36 - [MESSAGE][PASSED] - Text 'Gambrills' is set on object 'Object Repository/RAD_Pages/AddressAndContactInfo_Page/input_city'

2023-09-14 20:50:36 - [MESSAGE][PASSED] - All options with label 'Maryland' are selected in object 'Object Repository/RAD_Pages/AddressAndContactInfo_Page/select_State' 

2023-09-14 20:50:37 - [MESSAGE][PASSED] - Text '21054' is set on object 'Object Repository/RAD_Pages/AddressAndContactInfo_Page/input_zipCode'

2023-09-14 20:50:38 - [MESSAGE][PASSED] - Text '(703) 894-5000' is set on object 'Object Repository/RAD_Pages/AddressAndContactInfo_Page/input_phoneNumber'

2023-09-14 20:50:39 - [MESSAGE][PASSED] - Text 'iahmed@govolution.com' is set on object 'Object Repository/RAD_Pages/AddressAndContactInfo_Page/input_eMailAddress'

2023-09-14 20:50:40 - [MESSAGE][PASSED] - Text 'iahmed@govolution.com' is set on object 'Object Repository/RAD_Pages/AddressAndContactInfo_Page/input_reEnterEMailAddress'

2023-09-14 20:50:40 - [MESSAGE][PASSED] - rad.getSetDataRAD.setDataRADAddress is PASSED

2023-09-14 20:50:40 - [TEST_STEP][PASSED] - setText(findTestObject(orPath_Amount + "/input__paymentAmount"), "100.00"): Text '100.00' is set on object 'Object Repository/RAD_Pages/PaymentAmount_Page/input__paymentAmount'

2023-09-14 20:50:41 - [MESSAGE][PASSED] - Text '100.00' is set on object 'Object Repository/RAD_Pages/PaymentAmount_Page/input__paymentAmount'

2023-09-14 20:50:41 - [TEST_STEP][PASSED] - setText(findTestObject(orPath_AddressContact + "/input_streetAddress2"), ""): Text '' is set on object 'Object Repository/RAD_Pages/AddressAndContactInfo_Page/input_streetAddress2'

2023-09-14 20:50:42 - [MESSAGE][PASSED] - Text '' is set on object 'Object Repository/RAD_Pages/AddressAndContactInfo_Page/input_streetAddress2'

2023-09-14 20:50:42 - [TEST_STEP][PASSED] - scrollToElement(findTestObject(orPath_Landing + "/button_Continue"), 3): Scroll to object 'Object Repository/RAD_Pages/Landing_Page/button_Continue' successfully

2023-09-14 20:50:42 - [MESSAGE][PASSED] - Scroll to object 'Object Repository/RAD_Pages/Landing_Page/button_Continue' successfully

2023-09-14 20:50:42 - [TEST_STEP][PASSED] - waitForElementClickable(findTestObject(orPath_Landing + "/button_Continue"), 5): Object 'Object Repository/RAD_Pages/Landing_Page/button_Continue' is clickable

2023-09-14 20:50:43 - [MESSAGE][PASSED] - Object 'Object Repository/RAD_Pages/Landing_Page/button_Continue' is clickable

2023-09-14 20:50:43 - [TEST_STEP][PASSED] - click(findTestObject(orPath_Landing + "/button_Continue")): Object: 'Object Repository/RAD_Pages/Landing_Page/button_Continue' is clicked on

2023-09-14 20:50:43 - [MESSAGE][PASSED] - Object: 'Object Repository/RAD_Pages/Landing_Page/button_Continue' is clicked on

2023-09-14 20:50:43 - [TEST_STEP][PASSED] - delay(2): Delayed 2 second(s)

2023-09-14 20:50:45 - [MESSAGE][PASSED] - Delayed 2 second(s)

2023-09-14 20:50:45 - [TEST_STEP][PASSED] - verifyTextPresent("Summary", true): Text 'Summary' is present on page  using regular expression

2023-09-14 20:50:46 - [MESSAGE][PASSED] - Text 'Summary' is present on page  using regular expression

2023-09-14 20:50:46 - [TEST_STEP][PASSED] - verifyTextPresent("Review the information below and make any necessary corrections by clicking the", true): Text 'Review the information below and make any necessary corrections by clicking the' is present on page  using regular expression

2023-09-14 20:50:46 - [MESSAGE][PASSED] - Text 'Review the information below and make any necessary corrections by clicking the' is present on page  using regular expression

2023-09-14 20:50:46 - [TEST_STEP][PASSED] - verifyTextPresent("When you are confident that all the information is correct, click the", true): Text 'When you are confident that all the information is correct, click the' is present on page  using regular expression

2023-09-14 20:50:46 - [MESSAGE][PASSED] - Text 'When you are confident that all the information is correct, click the' is present on page  using regular expression

2023-09-14 20:50:46 - [TEST_STEP][PASSED] - verifyTextPresent("Payment Type/Filing Year", true): Text 'Payment Type/Filing Year' is present on page  using regular expression

2023-09-14 20:50:47 - [MESSAGE][PASSED] - Text 'Payment Type/Filing Year' is present on page  using regular expression

2023-09-14 20:50:47 - [TEST_STEP][PASSED] - verifyTextPresent("Payment Type:", true): Text 'Payment Type:' is present on page  using regular expression

2023-09-14 20:50:47 - [MESSAGE][PASSED] - Text 'Payment Type:' is present on page  using regular expression

2023-09-14 20:50:47 - [TEST_STEP][PASSED] - verifyTextPresent(PaymentType, true): Text 'Quarterly Estimated Tax' is present on page  using regular expression

2023-09-14 20:50:47 - [MESSAGE][PASSED] - Text 'Quarterly Estimated Tax' is present on page  using regular expression

2023-09-14 20:50:47 - [TEST_STEP][PASSED] - verifyTextPresent("Filing Year:", true): Text 'Filing Year:' is present on page  using regular expression

2023-09-14 20:50:48 - [MESSAGE][PASSED] - Text 'Filing Year:' is present on page  using regular expression

2023-09-14 20:50:48 - [TEST_STEP][PASSED] - verifyTextPresent(FilingYear, true): Text '2023' is present on page  using regular expression

2023-09-14 20:50:48 - [MESSAGE][PASSED] - Text '2023' is present on page  using regular expression

2023-09-14 20:50:48 - [TEST_STEP][PASSED] - verifyTextPresent("Payer Information", true): Text 'Payer Information' is present on page  using regular expression

2023-09-14 20:50:49 - [MESSAGE][PASSED] - Text 'Payer Information' is present on page  using regular expression

2023-09-14 20:50:49 - [TEST_STEP][PASSED] - verifyTextPresent("Taxpayer Name:", true): Text 'Taxpayer Name:' is present on page  using regular expression

2023-09-14 20:50:49 - [MESSAGE][PASSED] - Text 'Taxpayer Name:' is present on page  using regular expression

2023-09-14 20:50:49 - [TEST_STEP][PASSED] - verifyTextPresent("Jimmy btes", true): Text 'Jimmy btes' is present on page  using regular expression

2023-09-14 20:50:49 - [MESSAGE][PASSED] - Text 'Jimmy btes' is present on page  using regular expression

2023-09-14 20:50:49 - [TEST_STEP][PASSED] - verifyTextPresent("Taxpayer SSN:", true): Text 'Taxpayer SSN:' is present on page  using regular expression

2023-09-14 20:50:50 - [MESSAGE][PASSED] - Text 'Taxpayer SSN:' is present on page  using regular expression

2023-09-14 20:50:50 - [TEST_STEP][PASSED] - verifyTextPresent("Taxpayer Address:", true): Text 'Taxpayer Address:' is present on page  using regular expression

2023-09-14 20:50:50 - [MESSAGE][PASSED] - Text 'Taxpayer Address:' is present on page  using regular expression

2023-09-14 20:50:50 - [TEST_STEP][PASSED] - verifyTextPresent("2508 Mandan Terrace Gambrills Maryland 21054", true): Text '2508 Mandan Terrace Gambrills Maryland 21054' is present on page  using regular expression

2023-09-14 20:50:50 - [MESSAGE][PASSED] - Text '2508 Mandan Terrace Gambrills Maryland 21054' is present on page  using regular expression

2023-09-14 20:50:50 - [TEST_STEP][PASSED] - verifyTextPresent("Email:", true): Text 'Email:' is present on page  using regular expression

2023-09-14 20:50:51 - [MESSAGE][PASSED] - Text 'Email:' is present on page  using regular expression

2023-09-14 20:50:51 - [TEST_STEP][PASSED] - verifyTextPresent("iahmed@govolution.com", true): Text 'iahmed@govolution.com' is present on page  using regular expression

2023-09-14 20:50:51 - [MESSAGE][PASSED] - Text 'iahmed@govolution.com' is present on page  using regular expression

2023-09-14 20:50:51 - [TEST_STEP][PASSED] - verifyTextPresent("Phone:", true): Text 'Phone:' is present on page  using regular expression

2023-09-14 20:50:52 - [MESSAGE][PASSED] - Text 'Phone:' is present on page  using regular expression

2023-09-14 20:50:52 - [TEST_STEP][PASSED] - verifyTextPresent("(703) 894-5000", false): Text '(703) 894-5000' is present on page 

2023-09-14 20:50:52 - [MESSAGE][PASSED] - Text '(703) 894-5000' is present on page 

2023-09-14 20:50:52 - [TEST_STEP][PASSED] - verifyTextPresent("Tax Information", true): Text 'Tax Information' is present on page  using regular expression

2023-09-14 20:50:52 - [MESSAGE][PASSED] - Text 'Tax Information' is present on page  using regular expression

2023-09-14 20:50:52 - [TEST_STEP][PASSED] - verifyTextPresent("Payment Amount:", true): Text 'Payment Amount:' is present on page  using regular expression

2023-09-14 20:50:53 - [MESSAGE][PASSED] - Text 'Payment Amount:' is present on page  using regular expression

2023-09-14 20:50:53 - [TEST_STEP][PASSED] - verifyTextPresent("100.00", true): Text '100.00' is present on page  using regular expression

2023-09-14 20:50:53 - [MESSAGE][PASSED] - Text '100.00' is present on page  using regular expression

2023-09-14 20:50:53 - [TEST_STEP][PASSED] - click(findTestObject(orPath_Summary + "/button_Proceed to Payment")): Object: 'Object Repository/RAD_Pages/Summary_Page/button_Proceed to Payment' is clicked on

2023-09-14 20:50:55 - [MESSAGE][PASSED] - Object: 'Object Repository/RAD_Pages/Summary_Page/button_Proceed to Payment' is clicked on

2023-09-14 20:50:55 - [TEST_STEP][PASSED] - verifyTextPresent("Comptroller of Maryland", true): Text 'Comptroller of Maryland' is present on page  using regular expression

2023-09-14 20:50:55 - [MESSAGE][PASSED] - Text 'Comptroller of Maryland' is present on page  using regular expression

2023-09-14 20:50:55 - [TEST_STEP][PASSED] - verifyTextPresent("Revenue Administration Division", true): Text 'Revenue Administration Division' is present on page  using regular expression

2023-09-14 20:50:55 - [MESSAGE][PASSED] - Text 'Revenue Administration Division' is present on page  using regular expression

2023-09-14 20:50:55 - [TEST_STEP][PASSED] - verifyTextPresent("Payment Information", true): Text 'Payment Information' is present on page  using regular expression

2023-09-14 20:50:56 - [MESSAGE][PASSED] - Text 'Payment Information' is present on page  using regular expression

2023-09-14 20:50:56 - [TEST_STEP][PASSED] - card_Name = getAttribute(findTestObject("Object Repository/RAD_Pages/PaymentEntry_Page/input__billingName"), "value"): Attribute 'value' of object 'Object Repository/RAD_Pages/PaymentEntry_Page/input__billingName' is: 'Jimmy btes'

2023-09-14 20:50:56 - [MESSAGE][PASSED] - Attribute 'value' of object 'Object Repository/RAD_Pages/PaymentEntry_Page/input__billingName' is: 'Jimmy btes'

2023-09-14 20:50:56 - [TEST_STEP][PASSED] - verifyMatch("Jimmy btes", card_Name, false): Actual text 'Jimmy btes' and expected text 'Jimmy btes' are matched 

2023-09-14 20:50:56 - [MESSAGE][PASSED] - Actual text 'Jimmy btes' and expected text 'Jimmy btes' are matched 

2023-09-14 20:50:56 - [TEST_STEP][PASSED] - AL1 = getAttribute(findTestObject("Object Repository/RAD_Pages/PaymentEntry_Page/input_billingAddress"), "value"): Attribute 'value' of object 'Object Repository/RAD_Pages/PaymentEntry_Page/input_billingAddress' is: '2508 Mandan Terrace'

2023-09-14 20:50:56 - [MESSAGE][PASSED] - Attribute 'value' of object 'Object Repository/RAD_Pages/PaymentEntry_Page/input_billingAddress' is: '2508 Mandan Terrace'

2023-09-14 20:50:56 - [TEST_STEP][PASSED] - verifyMatch("2508 Mandan Terrace", AL1, false): Actual text '2508 Mandan Terrace' and expected text '2508 Mandan Terrace' are matched 

2023-09-14 20:50:56 - [MESSAGE][PASSED] - Actual text '2508 Mandan Terrace' and expected text '2508 Mandan Terrace' are matched 

2023-09-14 20:50:56 - [TEST_STEP][PASSED] - AL2 = getAttribute(findTestObject("Object Repository/RAD_Pages/PaymentEntry_Page/input_billingAddress2"), "value"): Attribute 'value' of object 'Object Repository/RAD_Pages/PaymentEntry_Page/input_billingAddress2' is: ''

2023-09-14 20:50:57 - [MESSAGE][PASSED] - Attribute 'value' of object 'Object Repository/RAD_Pages/PaymentEntry_Page/input_billingAddress2' is: ''

2023-09-14 20:50:57 - [TEST_STEP][PASSED] - verifyMatch("", AL2, false): Actual text '' and expected text '' are matched 

2023-09-14 20:50:57 - [MESSAGE][PASSED] - Actual text '' and expected text '' are matched 

2023-09-14 20:50:57 - [TEST_STEP][PASSED] - zipCode = getAttribute(findTestObject("Object Repository/RAD_Pages/PaymentEntry_Page/input_billingZip"), "value"): Attribute 'value' of object 'Object Repository/RAD_Pages/PaymentEntry_Page/input_billingZip' is: '21054'

2023-09-14 20:50:57 - [MESSAGE][PASSED] - Attribute 'value' of object 'Object Repository/RAD_Pages/PaymentEntry_Page/input_billingZip' is: '21054'

2023-09-14 20:50:57 - [TEST_STEP][PASSED] - verifyMatch("21054", zipCode, false): Actual text '21054' and expected text '21054' are matched 

2023-09-14 20:50:57 - [MESSAGE][PASSED] - Actual text '21054' and expected text '21054' are matched 

2023-09-14 20:50:57 - [TEST_STEP][PASSED] - city = getAttribute(findTestObject("Object Repository/RAD_Pages/PaymentEntry_Page/input_billingCity"), "value"): Attribute 'value' of object 'Object Repository/RAD_Pages/PaymentEntry_Page/input_billingCity' is: 'GAMBRILLS'

2023-09-14 20:50:57 - [MESSAGE][PASSED] - Attribute 'value' of object 'Object Repository/RAD_Pages/PaymentEntry_Page/input_billingCity' is: 'GAMBRILLS'

2023-09-14 20:50:57 - [TEST_STEP][PASSED] - verifyMatch("GAMBRILLS", city, false): Actual text 'GAMBRILLS' and expected text 'GAMBRILLS' are matched 

2023-09-14 20:50:57 - [MESSAGE][PASSED] - Actual text 'GAMBRILLS' and expected text 'GAMBRILLS' are matched 

2023-09-14 20:50:57 - [TEST_STEP][PASSED] - email = getAttribute(findTestObject("Object Repository/RAD_Pages/PaymentEntry_Page/input_emailAddress"), "value"): Attribute 'value' of object 'Object Repository/RAD_Pages/PaymentEntry_Page/input_emailAddress' is: 'iahmed@govolution.com'

2023-09-14 20:50:58 - [MESSAGE][PASSED] - Attribute 'value' of object 'Object Repository/RAD_Pages/PaymentEntry_Page/input_emailAddress' is: 'iahmed@govolution.com'

2023-09-14 20:50:58 - [TEST_STEP][PASSED] - verifyMatch("iahmed@govolution.com", email, false): Actual text 'iahmed@govolution.com' and expected text 'iahmed@govolution.com' are matched 

2023-09-14 20:50:58 - [MESSAGE][PASSED] - Actual text 'iahmed@govolution.com' and expected text 'iahmed@govolution.com' are matched 

2023-09-14 20:50:58 - [TEST_STEP][PASSED] - amount = getAttribute(findTestObject("Object Repository/RAD_Pages/PaymentEntry_Page/input_amount"), "value"): Attribute 'value' of object 'Object Repository/RAD_Pages/PaymentEntry_Page/input_amount' is: '100.00'

2023-09-14 20:50:58 - [MESSAGE][PASSED] - Attribute 'value' of object 'Object Repository/RAD_Pages/PaymentEntry_Page/input_amount' is: '100.00'

2023-09-14 20:50:58 - [TEST_STEP][PASSED] - verifyMatch("100.00", amount, false): Actual text '100.00' and expected text '100.00' are matched 

2023-09-14 20:50:58 - [MESSAGE][PASSED] - Actual text '100.00' and expected text '100.00' are matched 

2023-09-14 20:50:58 - [TEST_STEP][PASSED] - amountReadOnly = getAttribute(findTestObject("Object Repository/RAD_Pages/PaymentEntry_Page/input_amount"), "readonly"): Attribute 'readonly' of object 'Object Repository/RAD_Pages/PaymentEntry_Page/input_amount' is: 'true'

2023-09-14 20:50:58 - [MESSAGE][PASSED] - Attribute 'readonly' of object 'Object Repository/RAD_Pages/PaymentEntry_Page/input_amount' is: 'true'

2023-09-14 20:50:58 - [TEST_STEP][PASSED] - verifyMatch("true", amountReadOnly, false): Actual text 'true' and expected text 'true' are matched 

2023-09-14 20:50:58 - [MESSAGE][PASSED] - Actual text 'true' and expected text 'true' are matched 

2023-09-14 20:50:58 - [TEST_STEP][PASSED] - verifyOptionSelectedByLabel(findTestObject("Object Repository/RAD_Pages/PaymentEntry_Page/select_Country"), "United States", false, 20): All options with label 'United States' are selected in object 'Object Repository/RAD_Pages/PaymentEntry_Page/select_Country' 

2023-09-14 20:51:00 - [MESSAGE][PASSED] - All options with label 'United States' are selected in object 'Object Repository/RAD_Pages/PaymentEntry_Page/select_Country' 

2023-09-14 20:51:00 - [TEST_STEP][PASSED] - verifyOptionSelectedByLabel(findTestObject("Object Repository/RAD_Pages/PaymentEntry_Page/select_State"), "Maryland", false, 20): All options with label 'Maryland' are selected in object 'Object Repository/RAD_Pages/PaymentEntry_Page/select_State' 

2023-09-14 20:51:02 - [MESSAGE][PASSED] - All options with label 'Maryland' are selected in object 'Object Repository/RAD_Pages/PaymentEntry_Page/select_State' 

2023-09-14 20:51:02 - [TEST_STEP][PASSED] - setText(findTestObject(orPath_PaymentEntry + "/input__cardNumber"), "4111111111111111"): Text '4111111111111111' is set on object 'Object Repository/RAD_Pages/PaymentEntry_Page/input__cardNumber'

2023-09-14 20:51:03 - [MESSAGE][PASSED] - Text '4111111111111111' is set on object 'Object Repository/RAD_Pages/PaymentEntry_Page/input__cardNumber'

2023-09-14 20:51:03 - [TEST_STEP][PASSED] - setText(findTestObject(orPath_PaymentEntry + "/input__spc"), "123"): Text '123' is set on object 'Object Repository/RAD_Pages/PaymentEntry_Page/input__spc'

2023-09-14 20:51:04 - [MESSAGE][PASSED] - Text '123' is set on object 'Object Repository/RAD_Pages/PaymentEntry_Page/input__spc'

2023-09-14 20:51:04 - [TEST_STEP][PASSED] - selectOptionByLabel(findTestObject(orPath_PaymentEntry + "/select_MM"), "12", false): All options with label '12' are selected in object 'Object Repository/RAD_Pages/PaymentEntry_Page/select_MM' 

2023-09-14 20:51:04 - [MESSAGE][PASSED] - All options with label '12' are selected in object 'Object Repository/RAD_Pages/PaymentEntry_Page/select_MM' 

2023-09-14 20:51:04 - [TEST_STEP][PASSED] - selectOptionByLabel(findTestObject(orPath_PaymentEntry + "/select_YYYY"), "2028", false): All options with label '2028' are selected in object 'Object Repository/RAD_Pages/PaymentEntry_Page/select_YYYY' 

2023-09-14 20:51:05 - [MESSAGE][PASSED] - All options with label '2028' are selected in object 'Object Repository/RAD_Pages/PaymentEntry_Page/select_YYYY' 

2023-09-14 20:51:05 - [TEST_STEP][PASSED] - click(findTestObject(orPath_PaymentEntry + "/input_Field_ccSubmit")): Object: 'Object Repository/RAD_Pages/PaymentEntry_Page/input_Field_ccSubmit' is clicked on

2023-09-14 20:51:06 - [MESSAGE][PASSED] - Object: 'Object Repository/RAD_Pages/PaymentEntry_Page/input_Field_ccSubmit' is clicked on

2023-09-14 20:51:06 - [TEST_STEP][PASSED] - click(findTestObject(orPath_PaymentConfirmation + "/input_N_confirmNotifyAction")): Object: 'Object Repository/RAD_Pages/PaymentConfirmation_Page/input_N_confirmNotifyAction' is clicked on

2023-09-14 20:51:07 - [MESSAGE][PASSED] - Object: 'Object Repository/RAD_Pages/PaymentConfirmation_Page/input_N_confirmNotifyAction' is clicked on

2023-09-14 20:51:07 - [TEST_STEP][PASSED] - verifyTextPresent("Service Fee Acceptance", true): Text 'Service Fee Acceptance' is present on page  using regular expression

2023-09-14 20:51:08 - [MESSAGE][PASSED] - Text 'Service Fee Acceptance' is present on page  using regular expression

2023-09-14 20:51:08 - [TEST_STEP][PASSED] - verifyTextPresent("This transaction is subject to a Service Fee of ", true): Text 'This transaction is subject to a Service Fee of ' is present on page  using regular expression

2023-09-14 20:51:08 - [MESSAGE][PASSED] - Text 'This transaction is subject to a Service Fee of ' is present on page  using regular expression

2023-09-14 20:51:08 - [TEST_STEP][PASSED] - verifyTextPresent("Payment Amount:", true): Text 'Payment Amount:' is present on page  using regular expression

2023-09-14 20:51:08 - [MESSAGE][PASSED] - Text 'Payment Amount:' is present on page  using regular expression

2023-09-14 20:51:08 - [TEST_STEP][PASSED] - verifyTextPresent("100.00", true): Text '100.00' is present on page  using regular expression

2023-09-14 20:51:08 - [MESSAGE][PASSED] - Text '100.00' is present on page  using regular expression

2023-09-14 20:51:08 - [TEST_STEP][PASSED] - verifyTextPresent("Service Fee:", true): Text 'Service Fee:' is present on page  using regular expression

2023-09-14 20:51:09 - [MESSAGE][PASSED] - Text 'Service Fee:' is present on page  using regular expression

2023-09-14 20:51:09 - [TEST_STEP][PASSED] - verifyTextPresent("2.45", true): Text '2.45' is present on page  using regular expression

2023-09-14 20:51:09 - [MESSAGE][PASSED] - Text '2.45' is present on page  using regular expression

2023-09-14 20:51:09 - [TEST_STEP][PASSED] - verifyTextPresent("Total Amount:", true): Text 'Total Amount:' is present on page  using regular expression

2023-09-14 20:51:09 - [MESSAGE][PASSED] - Text 'Total Amount:' is present on page  using regular expression

2023-09-14 20:51:09 - [TEST_STEP][PASSED] - verifyTextPresent("102.45", true): Text '102.45' is present on page  using regular expression

2023-09-14 20:51:09 - [MESSAGE][PASSED] - Text '102.45' is present on page  using regular expression

2023-09-14 20:51:09 - [TEST_STEP][PASSED] - verifyTextPresent("Two transactions will appear on your bank statement, one in the amount of", true): Text 'Two transactions will appear on your bank statement, one in the amount of' is present on page  using regular expression

2023-09-14 20:51:10 - [MESSAGE][PASSED] - Text 'Two transactions will appear on your bank statement, one in the amount of' is present on page  using regular expression

2023-09-14 20:51:10 - [TEST_STEP][PASSED] - verifyElementPresent(findTestObject(orPath_ServiceFeesAccept + "/input_convFeeNotifyAction"), 30): Object 'Object Repository/RAD_Pages/ServiceFeeAccept_Page/input_convFeeNotifyAction' is present

2023-09-14 20:51:10 - [MESSAGE][PASSED] - Object 'Object Repository/RAD_Pages/ServiceFeeAccept_Page/input_convFeeNotifyAction' is present

2023-09-14 20:51:10 - [TEST_STEP][PASSED] - ExecuteTC = findTestData(dataFile).getValue("Execute", row): null

2023-09-14 20:51:10 - [TEST_STEP][PASSED] - TaxType = findTestData(dataFile).getValue("TaxType", row): null

2023-09-14 20:51:10 - [TEST_STEP][PASSED] - PaymentType = findTestData(dataFile).getValue("PaymentType", row): null

2023-09-14 20:51:10 - [TEST_STEP][PASSED] - FilingYear = findTestData(dataFile).getValue("Year", row): null

2023-09-14 20:51:10 - [TEST_STEP][PASSED] - if (ExecuteTC.equalsIgnoreCase("Y")): Object 'Object Repository/RAD_Pages/ServiceFeeAccept_Page/input_convFeeNotifyAction' is present

2023-09-14 20:51:10 - [TEST_STEP][PASSED] - out.println("Begin Record Number: " + row): null

2023-09-14 20:51:10 - [TEST_STEP][PASSED] - today = new java.util.Date(): null

2023-09-14 20:51:10 - [TEST_STEP][PASSED] - println(today): null

2023-09-14 20:51:10 - [TEST_STEP][PASSED] - datText = today: null

2023-09-14 20:51:10 - [TEST_STEP][PASSED] - logInfo("Payment Type: " + PaymentType): Payment Type: Extension Payments

2023-09-14 20:51:10 - [MESSAGE][INFO] - Payment Type: Extension Payments

2023-09-14 20:51:10 - [TEST_STEP][PASSED] - logInfo("Tax Type: " + TaxType): Tax Type: Personal Income Tax

2023-09-14 20:51:10 - [MESSAGE][INFO] - Tax Type: Personal Income Tax

2023-09-14 20:51:10 - [TEST_STEP][PASSED] - openBrowser(""): Browser is opened with url: ''

2023-09-14 20:51:10 - [MESSAGE][WARNING] - A browser is already opened. Closing browser and opening a new one

2023-09-14 20:51:12 - [MESSAGE][INFO] - Starting 'Chrome' driver

2023-09-14 20:51:12 - [MESSAGE][INFO] - User set preference: ['acceptInsecureCerts', 'true']

2023-09-14 20:51:12 - [MESSAGE][INFO] - Action delay is set to 0 milliseconds

2023-09-14 20:51:13 - [MESSAGE][PASSED] - Browser is opened with url: ''

2023-09-14 20:51:13 - [TEST_STEP][PASSED] - maximizeWindow(): Current window maximized

2023-09-14 20:51:13 - [MESSAGE][PASSED] - Current window maximized

2023-09-14 20:51:13 - [TEST_STEP][PASSED] - navigateToUrl(RADurl): Navigate to 'https://demo.velocitypayment.com/client/rad/index.html' successfully

2023-09-14 20:51:15 - [MESSAGE][PASSED] - Navigate to 'https://demo.velocitypayment.com/client/rad/index.html' successfully

2023-09-14 20:51:15 - [TEST_STEP][PASSED] - selectOptionByLabel(findTestObject(orPath_Landing + "/dd_TaxType"), PaymentType, false): All options with label 'Extension Payments' are selected in object 'Object Repository/RAD_Pages/Landing_Page/dd_TaxType' 

2023-09-14 20:51:15 - [MESSAGE][PASSED] - All options with label 'Extension Payments' are selected in object 'Object Repository/RAD_Pages/Landing_Page/dd_TaxType' 

2023-09-14 20:51:15 - [TEST_STEP][PASSED] - switch (PaymentType): null

2023-09-14 20:51:15 - [TEST_STEP][PASSED] - case "Extension Payments":: null

2023-09-14 20:51:15 - [TEST_STEP][PASSED] - selectOptionByLabel(findTestObject(orPath_TaxTypeFilingYear + "/select_PaymentType"), TaxType, false): All options with label 'Personal Income Tax' are selected in object 'Object Repository/RAD_Pages/TaxTypeFilingYear_Page/select_PaymentType' 

2023-09-14 20:51:16 - [MESSAGE][PASSED] - All options with label 'Personal Income Tax' are selected in object 'Object Repository/RAD_Pages/TaxTypeFilingYear_Page/select_PaymentType' 

2023-09-14 20:51:16 - [TEST_STEP][PASSED] - break: null

2023-09-14 20:51:16 - [TEST_STEP][PASSED] - if (!(FilingYear.isEmpty())): All options with label '2022' are selected in object 'Object Repository/RAD_Pages/TaxTypeFilingYear_Page/select_FilingYear' 

2023-09-14 20:51:16 - [TEST_STEP][PASSED] - selectOptionByLabel(findTestObject(orPath_TaxTypeFilingYear + "/select_FilingYear"), FilingYear, false): All options with label '2022' are selected in object 'Object Repository/RAD_Pages/TaxTypeFilingYear_Page/select_FilingYear' 

2023-09-14 20:51:17 - [MESSAGE][PASSED] - All options with label '2022' are selected in object 'Object Repository/RAD_Pages/TaxTypeFilingYear_Page/select_FilingYear' 

2023-09-14 20:51:17 - [TEST_STEP][PASSED] - rad.getSetDataRAD.setDataRADssnAndName(): rad.getSetDataRAD.setDataRADssnAndName is PASSED

2023-09-14 20:51:18 - [MESSAGE][PASSED] - Text 'Jimmy' is set on object 'Object Repository/RAD_Pages/Taxpayer_Page/input_firstName'

2023-09-14 20:51:19 - [MESSAGE][PASSED] - Text 'btes' is set on object 'Object Repository/RAD_Pages/Taxpayer_Page/input_lastName'

2023-09-14 20:51:20 - [MESSAGE][PASSED] - Text '123456724' is set on object 'Object Repository/RAD_RecordAndPlay/input_concatSSN'

2023-09-14 20:51:21 - [MESSAGE][PASSED] - Text '123456724' is set on object 'Object Repository/RAD_RecordAndPlay/input_concatReSSN'

2023-09-14 20:51:21 - [MESSAGE][PASSED] - rad.getSetDataRAD.setDataRADssnAndName is PASSED

2023-09-14 20:51:21 - [TEST_STEP][PASSED] - rad.getSetDataRAD.setDataRADAddress(): rad.getSetDataRAD.setDataRADAddress is PASSED

2023-09-14 20:51:21 - [MESSAGE][PASSED] - All options with label 'United States' are selected in object 'Object Repository/RAD_Pages/AddressAndContactInfo_Page/select_Country' 

2023-09-14 20:51:22 - [MESSAGE][PASSED] - Text '2508 Mandan Terrace' is set on object 'Object Repository/RAD_Pages/AddressAndContactInfo_Page/input_streetAddress1'

2023-09-14 20:51:23 - [MESSAGE][PASSED] - Text '' is set on object 'Object Repository/RAD_Pages/AddressAndContactInfo_Page/input_streetAddress2'

2023-09-14 20:51:24 - [MESSAGE][PASSED] - Text 'Gambrills' is set on object 'Object Repository/RAD_Pages/AddressAndContactInfo_Page/input_city'

2023-09-14 20:51:25 - [MESSAGE][PASSED] - All options with label 'Maryland' are selected in object 'Object Repository/RAD_Pages/AddressAndContactInfo_Page/select_State' 

2023-09-14 20:51:26 - [MESSAGE][PASSED] - Text '21054' is set on object 'Object Repository/RAD_Pages/AddressAndContactInfo_Page/input_zipCode'

2023-09-14 20:51:27 - [MESSAGE][PASSED] - Text '(703) 894-5000' is set on object 'Object Repository/RAD_Pages/AddressAndContactInfo_Page/input_phoneNumber'

2023-09-14 20:51:28 - [MESSAGE][PASSED] - Text 'iahmed@govolution.com' is set on object 'Object Repository/RAD_Pages/AddressAndContactInfo_Page/input_eMailAddress'

2023-09-14 20:51:29 - [MESSAGE][PASSED] - Text 'iahmed@govolution.com' is set on object 'Object Repository/RAD_Pages/AddressAndContactInfo_Page/input_reEnterEMailAddress'

2023-09-14 20:51:29 - [MESSAGE][PASSED] - rad.getSetDataRAD.setDataRADAddress is PASSED

2023-09-14 20:51:29 - [TEST_STEP][PASSED] - setText(findTestObject(orPath_Amount + "/input__paymentAmount"), "100.00"): Text '100.00' is set on object 'Object Repository/RAD_Pages/PaymentAmount_Page/input__paymentAmount'

2023-09-14 20:51:30 - [MESSAGE][PASSED] - Text '100.00' is set on object 'Object Repository/RAD_Pages/PaymentAmount_Page/input__paymentAmount'

2023-09-14 20:51:30 - [TEST_STEP][PASSED] - setText(findTestObject(orPath_AddressContact + "/input_streetAddress2"), ""): Text '' is set on object 'Object Repository/RAD_Pages/AddressAndContactInfo_Page/input_streetAddress2'

2023-09-14 20:51:31 - [MESSAGE][PASSED] - Text '' is set on object 'Object Repository/RAD_Pages/AddressAndContactInfo_Page/input_streetAddress2'

2023-09-14 20:51:31 - [TEST_STEP][PASSED] - scrollToElement(findTestObject(orPath_Landing + "/button_Continue"), 3): Scroll to object 'Object Repository/RAD_Pages/Landing_Page/button_Continue' successfully

2023-09-14 20:51:31 - [MESSAGE][PASSED] - Scroll to object 'Object Repository/RAD_Pages/Landing_Page/button_Continue' successfully

2023-09-14 20:51:31 - [TEST_STEP][PASSED] - waitForElementClickable(findTestObject(orPath_Landing + "/button_Continue"), 5): Object 'Object Repository/RAD_Pages/Landing_Page/button_Continue' is clickable

2023-09-14 20:51:31 - [MESSAGE][PASSED] - Object 'Object Repository/RAD_Pages/Landing_Page/button_Continue' is clickable

2023-09-14 20:51:31 - [TEST_STEP][PASSED] - click(findTestObject(orPath_Landing + "/button_Continue")): Object: 'Object Repository/RAD_Pages/Landing_Page/button_Continue' is clicked on

2023-09-14 20:51:32 - [MESSAGE][PASSED] - Object: 'Object Repository/RAD_Pages/Landing_Page/button_Continue' is clicked on

2023-09-14 20:51:32 - [TEST_STEP][PASSED] - delay(2): Delayed 2 second(s)

2023-09-14 20:51:34 - [MESSAGE][PASSED] - Delayed 2 second(s)

2023-09-14 20:51:34 - [TEST_STEP][PASSED] - verifyTextPresent("Summary", true): Text 'Summary' is present on page  using regular expression

2023-09-14 20:51:34 - [MESSAGE][PASSED] - Text 'Summary' is present on page  using regular expression

2023-09-14 20:51:34 - [TEST_STEP][PASSED] - verifyTextPresent("Review the information below and make any necessary corrections by clicking the", true): Text 'Review the information below and make any necessary corrections by clicking the' is present on page  using regular expression

2023-09-14 20:51:35 - [MESSAGE][PASSED] - Text 'Review the information below and make any necessary corrections by clicking the' is present on page  using regular expression

2023-09-14 20:51:35 - [TEST_STEP][PASSED] - verifyTextPresent("When you are confident that all the information is correct, click the", true): Text 'When you are confident that all the information is correct, click the' is present on page  using regular expression

2023-09-14 20:51:35 - [MESSAGE][PASSED] - Text 'When you are confident that all the information is correct, click the' is present on page  using regular expression

2023-09-14 20:51:35 - [TEST_STEP][PASSED] - verifyTextPresent("Payment Type/Filing Year", true): Text 'Payment Type/Filing Year' is present on page  using regular expression

2023-09-14 20:51:35 - [MESSAGE][PASSED] - Text 'Payment Type/Filing Year' is present on page  using regular expression

2023-09-14 20:51:35 - [TEST_STEP][PASSED] - verifyTextPresent("Payment Type:", true): Text 'Payment Type:' is present on page  using regular expression

2023-09-14 20:51:36 - [MESSAGE][PASSED] - Text 'Payment Type:' is present on page  using regular expression

2023-09-14 20:51:36 - [TEST_STEP][PASSED] - verifyTextPresent(PaymentType, true): Text 'Extension Payments' is present on page  using regular expression

2023-09-14 20:51:36 - [MESSAGE][PASSED] - Text 'Extension Payments' is present on page  using regular expression

2023-09-14 20:51:36 - [TEST_STEP][PASSED] - verifyTextPresent("Filing Year:", true): Text 'Filing Year:' is present on page  using regular expression

2023-09-14 20:51:37 - [MESSAGE][PASSED] - Text 'Filing Year:' is present on page  using regular expression

2023-09-14 20:51:37 - [TEST_STEP][PASSED] - verifyTextPresent(FilingYear, true): Text '2022' is present on page  using regular expression

2023-09-14 20:51:37 - [MESSAGE][PASSED] - Text '2022' is present on page  using regular expression

2023-09-14 20:51:37 - [TEST_STEP][PASSED] - verifyTextPresent("Payer Information", true): Text 'Payer Information' is present on page  using regular expression

2023-09-14 20:51:37 - [MESSAGE][PASSED] - Text 'Payer Information' is present on page  using regular expression

2023-09-14 20:51:37 - [TEST_STEP][PASSED] - verifyTextPresent("Taxpayer Name:", true): Text 'Taxpayer Name:' is present on page  using regular expression

2023-09-14 20:51:38 - [MESSAGE][PASSED] - Text 'Taxpayer Name:' is present on page  using regular expression

2023-09-14 20:51:38 - [TEST_STEP][PASSED] - verifyTextPresent("Jimmy btes", true): Text 'Jimmy btes' is present on page  using regular expression

2023-09-14 20:51:38 - [MESSAGE][PASSED] - Text 'Jimmy btes' is present on page  using regular expression

2023-09-14 20:51:38 - [TEST_STEP][PASSED] - verifyTextPresent("Taxpayer SSN:", true): Text 'Taxpayer SSN:' is present on page  using regular expression

2023-09-14 20:51:38 - [MESSAGE][PASSED] - Text 'Taxpayer SSN:' is present on page  using regular expression

2023-09-14 20:51:38 - [TEST_STEP][PASSED] - verifyTextPresent("Taxpayer Address:", true): Text 'Taxpayer Address:' is present on page  using regular expression

2023-09-14 20:51:39 - [MESSAGE][PASSED] - Text 'Taxpayer Address:' is present on page  using regular expression

2023-09-14 20:51:39 - [TEST_STEP][PASSED] - verifyTextPresent("2508 Mandan Terrace Gambrills Maryland 21054", true): Text '2508 Mandan Terrace Gambrills Maryland 21054' is present on page  using regular expression

2023-09-14 20:51:39 - [MESSAGE][PASSED] - Text '2508 Mandan Terrace Gambrills Maryland 21054' is present on page  using regular expression

2023-09-14 20:51:39 - [TEST_STEP][PASSED] - verifyTextPresent("Email:", true): Text 'Email:' is present on page  using regular expression

2023-09-14 20:51:39 - [MESSAGE][PASSED] - Text 'Email:' is present on page  using regular expression

2023-09-14 20:51:39 - [TEST_STEP][PASSED] - verifyTextPresent("iahmed@govolution.com", true): Text 'iahmed@govolution.com' is present on page  using regular expression

2023-09-14 20:51:40 - [MESSAGE][PASSED] - Text 'iahmed@govolution.com' is present on page  using regular expression

2023-09-14 20:51:40 - [TEST_STEP][PASSED] - verifyTextPresent("Phone:", true): Text 'Phone:' is present on page  using regular expression

2023-09-14 20:51:40 - [MESSAGE][PASSED] - Text 'Phone:' is present on page  using regular expression

2023-09-14 20:51:40 - [TEST_STEP][PASSED] - verifyTextPresent("(703) 894-5000", false): Text '(703) 894-5000' is present on page 

2023-09-14 20:51:41 - [MESSAGE][PASSED] - Text '(703) 894-5000' is present on page 

2023-09-14 20:51:41 - [TEST_STEP][PASSED] - verifyTextPresent("Tax Information", true): Text 'Tax Information' is present on page  using regular expression

2023-09-14 20:51:41 - [MESSAGE][PASSED] - Text 'Tax Information' is present on page  using regular expression

2023-09-14 20:51:41 - [TEST_STEP][PASSED] - verifyTextPresent("Payment Amount:", true): Text 'Payment Amount:' is present on page  using regular expression

2023-09-14 20:51:41 - [MESSAGE][PASSED] - Text 'Payment Amount:' is present on page  using regular expression

2023-09-14 20:51:41 - [TEST_STEP][PASSED] - verifyTextPresent("100.00", true): Text '100.00' is present on page  using regular expression

2023-09-14 20:51:42 - [MESSAGE][PASSED] - Text '100.00' is present on page  using regular expression

2023-09-14 20:51:42 - [TEST_STEP][PASSED] - click(findTestObject(orPath_Summary + "/button_Proceed to Payment")): Object: 'Object Repository/RAD_Pages/Summary_Page/button_Proceed to Payment' is clicked on

2023-09-14 20:51:43 - [MESSAGE][PASSED] - Object: 'Object Repository/RAD_Pages/Summary_Page/button_Proceed to Payment' is clicked on

2023-09-14 20:51:43 - [TEST_STEP][PASSED] - verifyTextPresent("Comptroller of Maryland", true): Text 'Comptroller of Maryland' is present on page  using regular expression

2023-09-14 20:51:44 - [MESSAGE][PASSED] - Text 'Comptroller of Maryland' is present on page  using regular expression

2023-09-14 20:51:44 - [TEST_STEP][PASSED] - verifyTextPresent("Revenue Administration Division", true): Text 'Revenue Administration Division' is present on page  using regular expression

2023-09-14 20:51:44 - [MESSAGE][PASSED] - Text 'Revenue Administration Division' is present on page  using regular expression

2023-09-14 20:51:44 - [TEST_STEP][PASSED] - verifyTextPresent("Payment Information", true): Text 'Payment Information' is present on page  using regular expression

2023-09-14 20:51:44 - [MESSAGE][PASSED] - Text 'Payment Information' is present on page  using regular expression

2023-09-14 20:51:44 - [TEST_STEP][PASSED] - card_Name = getAttribute(findTestObject("Object Repository/RAD_Pages/PaymentEntry_Page/input__billingName"), "value"): Attribute 'value' of object 'Object Repository/RAD_Pages/PaymentEntry_Page/input__billingName' is: 'Jimmy btes'

2023-09-14 20:51:45 - [MESSAGE][PASSED] - Attribute 'value' of object 'Object Repository/RAD_Pages/PaymentEntry_Page/input__billingName' is: 'Jimmy btes'

2023-09-14 20:51:45 - [TEST_STEP][PASSED] - verifyMatch("Jimmy btes", card_Name, false): Actual text 'Jimmy btes' and expected text 'Jimmy btes' are matched 

2023-09-14 20:51:45 - [MESSAGE][PASSED] - Actual text 'Jimmy btes' and expected text 'Jimmy btes' are matched 

2023-09-14 20:51:45 - [TEST_STEP][PASSED] - AL1 = getAttribute(findTestObject("Object Repository/RAD_Pages/PaymentEntry_Page/input_billingAddress"), "value"): Attribute 'value' of object 'Object Repository/RAD_Pages/PaymentEntry_Page/input_billingAddress' is: '2508 Mandan Terrace'

2023-09-14 20:51:45 - [MESSAGE][PASSED] - Attribute 'value' of object 'Object Repository/RAD_Pages/PaymentEntry_Page/input_billingAddress' is: '2508 Mandan Terrace'

2023-09-14 20:51:45 - [TEST_STEP][PASSED] - verifyMatch("2508 Mandan Terrace", AL1, false): Actual text '2508 Mandan Terrace' and expected text '2508 Mandan Terrace' are matched 

2023-09-14 20:51:45 - [MESSAGE][PASSED] - Actual text '2508 Mandan Terrace' and expected text '2508 Mandan Terrace' are matched 

2023-09-14 20:51:45 - [TEST_STEP][PASSED] - AL2 = getAttribute(findTestObject("Object Repository/RAD_Pages/PaymentEntry_Page/input_billingAddress2"), "value"): Attribute 'value' of object 'Object Repository/RAD_Pages/PaymentEntry_Page/input_billingAddress2' is: ''

2023-09-14 20:51:45 - [MESSAGE][PASSED] - Attribute 'value' of object 'Object Repository/RAD_Pages/PaymentEntry_Page/input_billingAddress2' is: ''

2023-09-14 20:51:45 - [TEST_STEP][PASSED] - verifyMatch("", AL2, false): Actual text '' and expected text '' are matched 

2023-09-14 20:51:45 - [MESSAGE][PASSED] - Actual text '' and expected text '' are matched 

2023-09-14 20:51:45 - [TEST_STEP][PASSED] - zipCode = getAttribute(findTestObject("Object Repository/RAD_Pages/PaymentEntry_Page/input_billingZip"), "value"): Attribute 'value' of object 'Object Repository/RAD_Pages/PaymentEntry_Page/input_billingZip' is: '21054'

2023-09-14 20:51:46 - [MESSAGE][PASSED] - Attribute 'value' of object 'Object Repository/RAD_Pages/PaymentEntry_Page/input_billingZip' is: '21054'

2023-09-14 20:51:46 - [TEST_STEP][PASSED] - verifyMatch("21054", zipCode, false): Actual text '21054' and expected text '21054' are matched 

2023-09-14 20:51:46 - [MESSAGE][PASSED] - Actual text '21054' and expected text '21054' are matched 

2023-09-14 20:51:46 - [TEST_STEP][PASSED] - city = getAttribute(findTestObject("Object Repository/RAD_Pages/PaymentEntry_Page/input_billingCity"), "value"): Attribute 'value' of object 'Object Repository/RAD_Pages/PaymentEntry_Page/input_billingCity' is: 'GAMBRILLS'

2023-09-14 20:51:46 - [MESSAGE][PASSED] - Attribute 'value' of object 'Object Repository/RAD_Pages/PaymentEntry_Page/input_billingCity' is: 'GAMBRILLS'

2023-09-14 20:51:46 - [TEST_STEP][PASSED] - verifyMatch("GAMBRILLS", city, false): Actual text 'GAMBRILLS' and expected text 'GAMBRILLS' are matched 

2023-09-14 20:51:46 - [MESSAGE][PASSED] - Actual text 'GAMBRILLS' and expected text 'GAMBRILLS' are matched 

2023-09-14 20:51:46 - [TEST_STEP][PASSED] - email = getAttribute(findTestObject("Object Repository/RAD_Pages/PaymentEntry_Page/input_emailAddress"), "value"): Attribute 'value' of object 'Object Repository/RAD_Pages/PaymentEntry_Page/input_emailAddress' is: 'iahmed@govolution.com'

2023-09-14 20:51:46 - [MESSAGE][PASSED] - Attribute 'value' of object 'Object Repository/RAD_Pages/PaymentEntry_Page/input_emailAddress' is: 'iahmed@govolution.com'

2023-09-14 20:51:46 - [TEST_STEP][PASSED] - verifyMatch("iahmed@govolution.com", email, false): Actual text 'iahmed@govolution.com' and expected text 'iahmed@govolution.com' are matched 

2023-09-14 20:51:46 - [MESSAGE][PASSED] - Actual text 'iahmed@govolution.com' and expected text 'iahmed@govolution.com' are matched 

2023-09-14 20:51:46 - [TEST_STEP][PASSED] - amount = getAttribute(findTestObject("Object Repository/RAD_Pages/PaymentEntry_Page/input_amount"), "value"): Attribute 'value' of object 'Object Repository/RAD_Pages/PaymentEntry_Page/input_amount' is: '100.00'

2023-09-14 20:51:47 - [MESSAGE][PASSED] - Attribute 'value' of object 'Object Repository/RAD_Pages/PaymentEntry_Page/input_amount' is: '100.00'

2023-09-14 20:51:47 - [TEST_STEP][PASSED] - verifyMatch("100.00", amount, false): Actual text '100.00' and expected text '100.00' are matched 

2023-09-14 20:51:47 - [MESSAGE][PASSED] - Actual text '100.00' and expected text '100.00' are matched 

2023-09-14 20:51:47 - [TEST_STEP][PASSED] - amountReadOnly = getAttribute(findTestObject("Object Repository/RAD_Pages/PaymentEntry_Page/input_amount"), "readonly"): Attribute 'readonly' of object 'Object Repository/RAD_Pages/PaymentEntry_Page/input_amount' is: 'true'

2023-09-14 20:51:47 - [MESSAGE][PASSED] - Attribute 'readonly' of object 'Object Repository/RAD_Pages/PaymentEntry_Page/input_amount' is: 'true'

2023-09-14 20:51:47 - [TEST_STEP][PASSED] - verifyMatch("true", amountReadOnly, false): Actual text 'true' and expected text 'true' are matched 

2023-09-14 20:51:47 - [MESSAGE][PASSED] - Actual text 'true' and expected text 'true' are matched 

2023-09-14 20:51:47 - [TEST_STEP][PASSED] - verifyOptionSelectedByLabel(findTestObject("Object Repository/RAD_Pages/PaymentEntry_Page/select_Country"), "United States", false, 20): All options with label 'United States' are selected in object 'Object Repository/RAD_Pages/PaymentEntry_Page/select_Country' 

2023-09-14 20:51:48 - [MESSAGE][PASSED] - All options with label 'United States' are selected in object 'Object Repository/RAD_Pages/PaymentEntry_Page/select_Country' 

2023-09-14 20:51:48 - [TEST_STEP][PASSED] - verifyOptionSelectedByLabel(findTestObject("Object Repository/RAD_Pages/PaymentEntry_Page/select_State"), "Maryland", false, 20): All options with label 'Maryland' are selected in object 'Object Repository/RAD_Pages/PaymentEntry_Page/select_State' 

2023-09-14 20:51:51 - [MESSAGE][PASSED] - All options with label 'Maryland' are selected in object 'Object Repository/RAD_Pages/PaymentEntry_Page/select_State' 

2023-09-14 20:51:51 - [TEST_STEP][PASSED] - setText(findTestObject(orPath_PaymentEntry + "/input__cardNumber"), "4111111111111111"): Text '4111111111111111' is set on object 'Object Repository/RAD_Pages/PaymentEntry_Page/input__cardNumber'

2023-09-14 20:51:52 - [MESSAGE][PASSED] - Text '4111111111111111' is set on object 'Object Repository/RAD_Pages/PaymentEntry_Page/input__cardNumber'

2023-09-14 20:51:52 - [TEST_STEP][PASSED] - setText(findTestObject(orPath_PaymentEntry + "/input__spc"), "123"): Text '123' is set on object 'Object Repository/RAD_Pages/PaymentEntry_Page/input__spc'

2023-09-14 20:51:52 - [MESSAGE][PASSED] - Text '123' is set on object 'Object Repository/RAD_Pages/PaymentEntry_Page/input__spc'

2023-09-14 20:51:52 - [TEST_STEP][PASSED] - selectOptionByLabel(findTestObject(orPath_PaymentEntry + "/select_MM"), "12", false): All options with label '12' are selected in object 'Object Repository/RAD_Pages/PaymentEntry_Page/select_MM' 

2023-09-14 20:51:53 - [MESSAGE][PASSED] - All options with label '12' are selected in object 'Object Repository/RAD_Pages/PaymentEntry_Page/select_MM' 

2023-09-14 20:51:53 - [TEST_STEP][PASSED] - selectOptionByLabel(findTestObject(orPath_PaymentEntry + "/select_YYYY"), "2028", false): All options with label '2028' are selected in object 'Object Repository/RAD_Pages/PaymentEntry_Page/select_YYYY' 

2023-09-14 20:51:54 - [MESSAGE][PASSED] - All options with label '2028' are selected in object 'Object Repository/RAD_Pages/PaymentEntry_Page/select_YYYY' 

2023-09-14 20:51:54 - [TEST_STEP][PASSED] - click(findTestObject(orPath_PaymentEntry + "/input_Field_ccSubmit")): Object: 'Object Repository/RAD_Pages/PaymentEntry_Page/input_Field_ccSubmit' is clicked on

2023-09-14 20:51:55 - [MESSAGE][PASSED] - Object: 'Object Repository/RAD_Pages/PaymentEntry_Page/input_Field_ccSubmit' is clicked on

2023-09-14 20:51:55 - [TEST_STEP][PASSED] - click(findTestObject(orPath_PaymentConfirmation + "/input_N_confirmNotifyAction")): Object: 'Object Repository/RAD_Pages/PaymentConfirmation_Page/input_N_confirmNotifyAction' is clicked on

2023-09-14 20:51:57 - [MESSAGE][PASSED] - Object: 'Object Repository/RAD_Pages/PaymentConfirmation_Page/input_N_confirmNotifyAction' is clicked on

2023-09-14 20:51:57 - [TEST_STEP][PASSED] - verifyTextPresent("Service Fee Acceptance", true): Text 'Service Fee Acceptance' is present on page  using regular expression

2023-09-14 20:51:57 - [MESSAGE][PASSED] - Text 'Service Fee Acceptance' is present on page  using regular expression

2023-09-14 20:51:57 - [TEST_STEP][PASSED] - verifyTextPresent("This transaction is subject to a Service Fee of ", true): Text 'This transaction is subject to a Service Fee of ' is present on page  using regular expression

2023-09-14 20:51:57 - [MESSAGE][PASSED] - Text 'This transaction is subject to a Service Fee of ' is present on page  using regular expression

2023-09-14 20:51:57 - [TEST_STEP][PASSED] - verifyTextPresent("Payment Amount:", true): Text 'Payment Amount:' is present on page  using regular expression

2023-09-14 20:51:58 - [MESSAGE][PASSED] - Text 'Payment Amount:' is present on page  using regular expression

2023-09-14 20:51:58 - [TEST_STEP][PASSED] - verifyTextPresent("100.00", true): Text '100.00' is present on page  using regular expression

2023-09-14 20:51:58 - [MESSAGE][PASSED] - Text '100.00' is present on page  using regular expression

2023-09-14 20:51:58 - [TEST_STEP][PASSED] - verifyTextPresent("Service Fee:", true): Text 'Service Fee:' is present on page  using regular expression

2023-09-14 20:51:58 - [MESSAGE][PASSED] - Text 'Service Fee:' is present on page  using regular expression

2023-09-14 20:51:58 - [TEST_STEP][PASSED] - verifyTextPresent("2.45", true): Text '2.45' is present on page  using regular expression

2023-09-14 20:51:59 - [MESSAGE][PASSED] - Text '2.45' is present on page  using regular expression

2023-09-14 20:51:59 - [TEST_STEP][PASSED] - verifyTextPresent("Total Amount:", true): Text 'Total Amount:' is present on page  using regular expression

2023-09-14 20:51:59 - [MESSAGE][PASSED] - Text 'Total Amount:' is present on page  using regular expression

2023-09-14 20:51:59 - [TEST_STEP][PASSED] - verifyTextPresent("102.45", true): Text '102.45' is present on page  using regular expression

2023-09-14 20:51:59 - [MESSAGE][PASSED] - Text '102.45' is present on page  using regular expression

2023-09-14 20:51:59 - [TEST_STEP][PASSED] - verifyTextPresent("Two transactions will appear on your bank statement, one in the amount of", true): Text 'Two transactions will appear on your bank statement, one in the amount of' is present on page  using regular expression

2023-09-14 20:51:59 - [MESSAGE][PASSED] - Text 'Two transactions will appear on your bank statement, one in the amount of' is present on page  using regular expression

2023-09-14 20:51:59 - [TEST_STEP][PASSED] - verifyElementPresent(findTestObject(orPath_ServiceFeesAccept + "/input_convFeeNotifyAction"), 30): Object 'Object Repository/RAD_Pages/ServiceFeeAccept_Page/input_convFeeNotifyAction' is present

2023-09-14 20:52:00 - [MESSAGE][PASSED] - Object 'Object Repository/RAD_Pages/ServiceFeeAccept_Page/input_convFeeNotifyAction' is present

2023-09-14 20:52:00 - [TEST_STEP][PASSED] - ExecuteTC = findTestData(dataFile).getValue("Execute", row): null

2023-09-14 20:52:00 - [TEST_STEP][PASSED] - TaxType = findTestData(dataFile).getValue("TaxType", row): null

2023-09-14 20:52:00 - [TEST_STEP][PASSED] - PaymentType = findTestData(dataFile).getValue("PaymentType", row): null

2023-09-14 20:52:00 - [TEST_STEP][PASSED] - FilingYear = findTestData(dataFile).getValue("Year", row): null

2023-09-14 20:52:00 - [TEST_STEP][PASSED] - if (ExecuteTC.equalsIgnoreCase("Y")): Object 'Object Repository/RAD_Pages/ServiceFeeAccept_Page/input_convFeeNotifyAction' is present

2023-09-14 20:52:00 - [TEST_STEP][PASSED] - out.println("Begin Record Number: " + row): null

2023-09-14 20:52:00 - [TEST_STEP][PASSED] - today = new java.util.Date(): null

2023-09-14 20:52:00 - [TEST_STEP][PASSED] - println(today): null

2023-09-14 20:52:00 - [TEST_STEP][PASSED] - datText = today: null

2023-09-14 20:52:00 - [TEST_STEP][PASSED] - logInfo("Payment Type: " + PaymentType): Payment Type: New Tax Return Amount Due

2023-09-14 20:52:00 - [MESSAGE][INFO] - Payment Type: New Tax Return Amount Due

2023-09-14 20:52:00 - [TEST_STEP][PASSED] - logInfo("Tax Type: " + TaxType): Tax Type: Personal Income Tax

2023-09-14 20:52:00 - [MESSAGE][INFO] - Tax Type: Personal Income Tax

2023-09-14 20:52:00 - [TEST_STEP][PASSED] - openBrowser(""): Browser is opened with url: ''

2023-09-14 20:52:00 - [MESSAGE][WARNING] - A browser is already opened. Closing browser and opening a new one

2023-09-14 20:52:01 - [MESSAGE][INFO] - Starting 'Chrome' driver

2023-09-14 20:52:01 - [MESSAGE][INFO] - User set preference: ['acceptInsecureCerts', 'true']

2023-09-14 20:52:01 - [MESSAGE][INFO] - Action delay is set to 0 milliseconds

2023-09-14 20:52:03 - [MESSAGE][PASSED] - Browser is opened with url: ''

2023-09-14 20:52:03 - [TEST_STEP][PASSED] - maximizeWindow(): Current window maximized

2023-09-14 20:52:03 - [MESSAGE][PASSED] - Current window maximized

2023-09-14 20:52:03 - [TEST_STEP][PASSED] - navigateToUrl(RADurl): Navigate to 'https://demo.velocitypayment.com/client/rad/index.html' successfully

2023-09-14 20:52:04 - [MESSAGE][PASSED] - Navigate to 'https://demo.velocitypayment.com/client/rad/index.html' successfully

2023-09-14 20:52:04 - [TEST_STEP][PASSED] - selectOptionByLabel(findTestObject(orPath_Landing + "/dd_TaxType"), PaymentType, false): All options with label 'New Tax Return Amount Due' are selected in object 'Object Repository/RAD_Pages/Landing_Page/dd_TaxType' 

2023-09-14 20:52:05 - [MESSAGE][PASSED] - All options with label 'New Tax Return Amount Due' are selected in object 'Object Repository/RAD_Pages/Landing_Page/dd_TaxType' 

2023-09-14 20:52:05 - [TEST_STEP][PASSED] - switch (PaymentType): null

2023-09-14 20:52:05 - [TEST_STEP][PASSED] - case "New Tax Return Amount Due":: null

2023-09-14 20:52:05 - [TEST_STEP][PASSED] - selectOptionByLabel(findTestObject("Object Repository/RAD_Pages/Landing_Page/select_NewTaxReturnAmountDue_TaxType"), TaxType, false): All options with label 'Personal Income Tax' are selected in object 'Object Repository/RAD_Pages/Landing_Page/select_NewTaxReturnAmountDue_TaxType' 

2023-09-14 20:52:06 - [MESSAGE][PASSED] - All options with label 'Personal Income Tax' are selected in object 'Object Repository/RAD_Pages/Landing_Page/select_NewTaxReturnAmountDue_TaxType' 

2023-09-14 20:52:06 - [TEST_STEP][PASSED] - break: null

2023-09-14 20:52:06 - [TEST_STEP][PASSED] - if (!(FilingYear.isEmpty())): All options with label '2022' are selected in object 'Object Repository/RAD_Pages/TaxTypeFilingYear_Page/select_FilingYear' 

2023-09-14 20:52:06 - [TEST_STEP][PASSED] - selectOptionByLabel(findTestObject(orPath_TaxTypeFilingYear + "/select_FilingYear"), FilingYear, false): All options with label '2022' are selected in object 'Object Repository/RAD_Pages/TaxTypeFilingYear_Page/select_FilingYear' 

2023-09-14 20:52:06 - [MESSAGE][PASSED] - All options with label '2022' are selected in object 'Object Repository/RAD_Pages/TaxTypeFilingYear_Page/select_FilingYear' 

2023-09-14 20:52:06 - [TEST_STEP][PASSED] - rad.getSetDataRAD.setDataRADssnAndName(): rad.getSetDataRAD.setDataRADssnAndName is PASSED

2023-09-14 20:52:07 - [MESSAGE][PASSED] - Text 'Jimmy' is set on object 'Object Repository/RAD_Pages/Taxpayer_Page/input_firstName'

2023-09-14 20:52:09 - [MESSAGE][PASSED] - Text 'btes' is set on object 'Object Repository/RAD_Pages/Taxpayer_Page/input_lastName'

2023-09-14 20:52:10 - [MESSAGE][PASSED] - Text '123456724' is set on object 'Object Repository/RAD_RecordAndPlay/input_concatSSN'

2023-09-14 20:52:10 - [MESSAGE][PASSED] - Text '123456724' is set on object 'Object Repository/RAD_RecordAndPlay/input_concatReSSN'

2023-09-14 20:52:10 - [MESSAGE][PASSED] - rad.getSetDataRAD.setDataRADssnAndName is PASSED

2023-09-14 20:52:10 - [TEST_STEP][PASSED] - rad.getSetDataRAD.setDataRADAddress(): rad.getSetDataRAD.setDataRADAddress is PASSED

2023-09-14 20:52:11 - [MESSAGE][PASSED] - All options with label 'United States' are selected in object 'Object Repository/RAD_Pages/AddressAndContactInfo_Page/select_Country' 

2023-09-14 20:52:12 - [MESSAGE][PASSED] - Text '2508 Mandan Terrace' is set on object 'Object Repository/RAD_Pages/AddressAndContactInfo_Page/input_streetAddress1'

2023-09-14 20:52:13 - [MESSAGE][PASSED] - Text '' is set on object 'Object Repository/RAD_Pages/AddressAndContactInfo_Page/input_streetAddress2'

2023-09-14 20:52:14 - [MESSAGE][PASSED] - Text 'Gambrills' is set on object 'Object Repository/RAD_Pages/AddressAndContactInfo_Page/input_city'

2023-09-14 20:52:15 - [MESSAGE][PASSED] - All options with label 'Maryland' are selected in object 'Object Repository/RAD_Pages/AddressAndContactInfo_Page/select_State' 

2023-09-14 20:52:16 - [MESSAGE][PASSED] - Text '21054' is set on object 'Object Repository/RAD_Pages/AddressAndContactInfo_Page/input_zipCode'

2023-09-14 20:52:17 - [MESSAGE][PASSED] - Text '(703) 894-5000' is set on object 'Object Repository/RAD_Pages/AddressAndContactInfo_Page/input_phoneNumber'

2023-09-14 20:52:18 - [MESSAGE][PASSED] - Text 'iahmed@govolution.com' is set on object 'Object Repository/RAD_Pages/AddressAndContactInfo_Page/input_eMailAddress'

2023-09-14 20:52:19 - [MESSAGE][PASSED] - Text 'iahmed@govolution.com' is set on object 'Object Repository/RAD_Pages/AddressAndContactInfo_Page/input_reEnterEMailAddress'

2023-09-14 20:52:19 - [MESSAGE][PASSED] - rad.getSetDataRAD.setDataRADAddress is PASSED

2023-09-14 20:52:19 - [TEST_STEP][PASSED] - setText(findTestObject(orPath_Amount + "/input__paymentAmount"), "100.00"): Text '100.00' is set on object 'Object Repository/RAD_Pages/PaymentAmount_Page/input__paymentAmount'

2023-09-14 20:52:20 - [MESSAGE][PASSED] - Text '100.00' is set on object 'Object Repository/RAD_Pages/PaymentAmount_Page/input__paymentAmount'

2023-09-14 20:52:20 - [TEST_STEP][PASSED] - setText(findTestObject(orPath_AddressContact + "/input_streetAddress2"), ""): Text '' is set on object 'Object Repository/RAD_Pages/AddressAndContactInfo_Page/input_streetAddress2'

2023-09-14 20:52:20 - [MESSAGE][PASSED] - Text '' is set on object 'Object Repository/RAD_Pages/AddressAndContactInfo_Page/input_streetAddress2'

2023-09-14 20:52:20 - [TEST_STEP][PASSED] - scrollToElement(findTestObject(orPath_Landing + "/button_Continue"), 3): Scroll to object 'Object Repository/RAD_Pages/Landing_Page/button_Continue' successfully

2023-09-14 20:52:21 - [MESSAGE][PASSED] - Scroll to object 'Object Repository/RAD_Pages/Landing_Page/button_Continue' successfully

2023-09-14 20:52:21 - [TEST_STEP][PASSED] - waitForElementClickable(findTestObject(orPath_Landing + "/button_Continue"), 5): Object 'Object Repository/RAD_Pages/Landing_Page/button_Continue' is clickable

2023-09-14 20:52:21 - [MESSAGE][PASSED] - Object 'Object Repository/RAD_Pages/Landing_Page/button_Continue' is clickable

2023-09-14 20:52:21 - [TEST_STEP][PASSED] - click(findTestObject(orPath_Landing + "/button_Continue")): Object: 'Object Repository/RAD_Pages/Landing_Page/button_Continue' is clicked on

2023-09-14 20:52:22 - [MESSAGE][PASSED] - Object: 'Object Repository/RAD_Pages/Landing_Page/button_Continue' is clicked on

2023-09-14 20:52:22 - [TEST_STEP][PASSED] - delay(2): Delayed 2 second(s)

2023-09-14 20:52:24 - [MESSAGE][PASSED] - Delayed 2 second(s)

2023-09-14 20:52:24 - [TEST_STEP][PASSED] - verifyTextPresent("Summary", true): Text 'Summary' is present on page  using regular expression

2023-09-14 20:52:24 - [MESSAGE][PASSED] - Text 'Summary' is present on page  using regular expression

2023-09-14 20:52:24 - [TEST_STEP][PASSED] - verifyTextPresent("Review the information below and make any necessary corrections by clicking the", true): Text 'Review the information below and make any necessary corrections by clicking the' is present on page  using regular expression

2023-09-14 20:52:24 - [MESSAGE][PASSED] - Text 'Review the information below and make any necessary corrections by clicking the' is present on page  using regular expression

2023-09-14 20:52:24 - [TEST_STEP][PASSED] - verifyTextPresent("When you are confident that all the information is correct, click the", true): Text 'When you are confident that all the information is correct, click the' is present on page  using regular expression

2023-09-14 20:52:25 - [MESSAGE][PASSED] - Text 'When you are confident that all the information is correct, click the' is present on page  using regular expression

2023-09-14 20:52:25 - [TEST_STEP][PASSED] - verifyTextPresent("Payment Type/Filing Year", true): Text 'Payment Type/Filing Year' is present on page  using regular expression

2023-09-14 20:52:25 - [MESSAGE][PASSED] - Text 'Payment Type/Filing Year' is present on page  using regular expression

2023-09-14 20:52:25 - [TEST_STEP][PASSED] - verifyTextPresent("Payment Type:", true): Text 'Payment Type:' is present on page  using regular expression

2023-09-14 20:52:26 - [MESSAGE][PASSED] - Text 'Payment Type:' is present on page  using regular expression

2023-09-14 20:52:26 - [TEST_STEP][PASSED] - verifyTextPresent(PaymentType, true): Text 'New Tax Return Amount Due' is present on page  using regular expression

2023-09-14 20:52:26 - [MESSAGE][PASSED] - Text 'New Tax Return Amount Due' is present on page  using regular expression

2023-09-14 20:52:26 - [TEST_STEP][PASSED] - verifyTextPresent("Filing Year:", true): Text 'Filing Year:' is present on page  using regular expression

2023-09-14 20:52:26 - [MESSAGE][PASSED] - Text 'Filing Year:' is present on page  using regular expression

2023-09-14 20:52:26 - [TEST_STEP][PASSED] - verifyTextPresent(FilingYear, true): Text '2022' is present on page  using regular expression

2023-09-14 20:52:27 - [MESSAGE][PASSED] - Text '2022' is present on page  using regular expression

2023-09-14 20:52:27 - [TEST_STEP][PASSED] - verifyTextPresent("Payer Information", true): Text 'Payer Information' is present on page  using regular expression

2023-09-14 20:52:27 - [MESSAGE][PASSED] - Text 'Payer Information' is present on page  using regular expression

2023-09-14 20:52:27 - [TEST_STEP][PASSED] - verifyTextPresent("Taxpayer Name:", true): Text 'Taxpayer Name:' is present on page  using regular expression

2023-09-14 20:52:27 - [MESSAGE][PASSED] - Text 'Taxpayer Name:' is present on page  using regular expression

2023-09-14 20:52:27 - [TEST_STEP][PASSED] - verifyTextPresent("Jimmy btes", true): Text 'Jimmy btes' is present on page  using regular expression

2023-09-14 20:52:28 - [MESSAGE][PASSED] - Text 'Jimmy btes' is present on page  using regular expression

2023-09-14 20:52:28 - [TEST_STEP][PASSED] - verifyTextPresent("Taxpayer SSN:", true): Text 'Taxpayer SSN:' is present on page  using regular expression

2023-09-14 20:52:28 - [MESSAGE][PASSED] - Text 'Taxpayer SSN:' is present on page  using regular expression

2023-09-14 20:52:28 - [TEST_STEP][PASSED] - verifyTextPresent("Taxpayer Address:", true): Text 'Taxpayer Address:' is present on page  using regular expression

2023-09-14 20:52:29 - [MESSAGE][PASSED] - Text 'Taxpayer Address:' is present on page  using regular expression

2023-09-14 20:52:29 - [TEST_STEP][PASSED] - verifyTextPresent("2508 Mandan Terrace Gambrills Maryland 21054", true): Text '2508 Mandan Terrace Gambrills Maryland 21054' is present on page  using regular expression

2023-09-14 20:52:29 - [MESSAGE][PASSED] - Text '2508 Mandan Terrace Gambrills Maryland 21054' is present on page  using regular expression

2023-09-14 20:52:29 - [TEST_STEP][PASSED] - verifyTextPresent("Email:", true): Text 'Email:' is present on page  using regular expression

2023-09-14 20:52:29 - [MESSAGE][PASSED] - Text 'Email:' is present on page  using regular expression

2023-09-14 20:52:29 - [TEST_STEP][PASSED] - verifyTextPresent("iahmed@govolution.com", true): Text 'iahmed@govolution.com' is present on page  using regular expression

2023-09-14 20:52:30 - [MESSAGE][PASSED] - Text 'iahmed@govolution.com' is present on page  using regular expression

2023-09-14 20:52:30 - [TEST_STEP][PASSED] - verifyTextPresent("Phone:", true): Text 'Phone:' is present on page  using regular expression

2023-09-14 20:52:30 - [MESSAGE][PASSED] - Text 'Phone:' is present on page  using regular expression

2023-09-14 20:52:30 - [TEST_STEP][PASSED] - verifyTextPresent("(703) 894-5000", false): Text '(703) 894-5000' is present on page 

2023-09-14 20:52:30 - [MESSAGE][PASSED] - Text '(703) 894-5000' is present on page 

2023-09-14 20:52:30 - [TEST_STEP][PASSED] - verifyTextPresent("Tax Information", true): Text 'Tax Information' is present on page  using regular expression

2023-09-14 20:52:31 - [MESSAGE][PASSED] - Text 'Tax Information' is present on page  using regular expression

2023-09-14 20:52:31 - [TEST_STEP][PASSED] - verifyTextPresent("Payment Amount:", true): Text 'Payment Amount:' is present on page  using regular expression

2023-09-14 20:52:31 - [MESSAGE][PASSED] - Text 'Payment Amount:' is present on page  using regular expression

2023-09-14 20:52:31 - [TEST_STEP][PASSED] - verifyTextPresent("100.00", true): Text '100.00' is present on page  using regular expression

2023-09-14 20:52:31 - [MESSAGE][PASSED] - Text '100.00' is present on page  using regular expression

2023-09-14 20:52:31 - [TEST_STEP][PASSED] - click(findTestObject(orPath_Summary + "/button_Proceed to Payment")): Object: 'Object Repository/RAD_Pages/Summary_Page/button_Proceed to Payment' is clicked on

2023-09-14 20:52:33 - [MESSAGE][PASSED] - Object: 'Object Repository/RAD_Pages/Summary_Page/button_Proceed to Payment' is clicked on

2023-09-14 20:52:33 - [TEST_STEP][PASSED] - verifyTextPresent("Comptroller of Maryland", true): Text 'Comptroller of Maryland' is present on page  using regular expression

2023-09-14 20:52:33 - [MESSAGE][PASSED] - Text 'Comptroller of Maryland' is present on page  using regular expression

2023-09-14 20:52:33 - [TEST_STEP][PASSED] - verifyTextPresent("Revenue Administration Division", true): Text 'Revenue Administration Division' is present on page  using regular expression

2023-09-14 20:52:33 - [MESSAGE][PASSED] - Text 'Revenue Administration Division' is present on page  using regular expression

2023-09-14 20:52:33 - [TEST_STEP][PASSED] - verifyTextPresent("Payment Information", true): Text 'Payment Information' is present on page  using regular expression

2023-09-14 20:52:34 - [MESSAGE][PASSED] - Text 'Payment Information' is present on page  using regular expression

2023-09-14 20:52:34 - [TEST_STEP][PASSED] - card_Name = getAttribute(findTestObject("Object Repository/RAD_Pages/PaymentEntry_Page/input__billingName"), "value"): Attribute 'value' of object 'Object Repository/RAD_Pages/PaymentEntry_Page/input__billingName' is: 'Jimmy btes'

2023-09-14 20:52:34 - [MESSAGE][PASSED] - Attribute 'value' of object 'Object Repository/RAD_Pages/PaymentEntry_Page/input__billingName' is: 'Jimmy btes'

2023-09-14 20:52:34 - [TEST_STEP][PASSED] - verifyMatch("Jimmy btes", card_Name, false): Actual text 'Jimmy btes' and expected text 'Jimmy btes' are matched 

2023-09-14 20:52:34 - [MESSAGE][PASSED] - Actual text 'Jimmy btes' and expected text 'Jimmy btes' are matched 

2023-09-14 20:52:34 - [TEST_STEP][PASSED] - AL1 = getAttribute(findTestObject("Object Repository/RAD_Pages/PaymentEntry_Page/input_billingAddress"), "value"): Attribute 'value' of object 'Object Repository/RAD_Pages/PaymentEntry_Page/input_billingAddress' is: '2508 Mandan Terrace'

2023-09-14 20:52:34 - [MESSAGE][PASSED] - Attribute 'value' of object 'Object Repository/RAD_Pages/PaymentEntry_Page/input_billingAddress' is: '2508 Mandan Terrace'

2023-09-14 20:52:34 - [TEST_STEP][PASSED] - verifyMatch("2508 Mandan Terrace", AL1, false): Actual text '2508 Mandan Terrace' and expected text '2508 Mandan Terrace' are matched 

2023-09-14 20:52:34 - [MESSAGE][PASSED] - Actual text '2508 Mandan Terrace' and expected text '2508 Mandan Terrace' are matched 

2023-09-14 20:52:34 - [TEST_STEP][PASSED] - AL2 = getAttribute(findTestObject("Object Repository/RAD_Pages/PaymentEntry_Page/input_billingAddress2"), "value"): Attribute 'value' of object 'Object Repository/RAD_Pages/PaymentEntry_Page/input_billingAddress2' is: ''

2023-09-14 20:52:35 - [MESSAGE][PASSED] - Attribute 'value' of object 'Object Repository/RAD_Pages/PaymentEntry_Page/input_billingAddress2' is: ''

2023-09-14 20:52:35 - [TEST_STEP][PASSED] - verifyMatch("", AL2, false): Actual text '' and expected text '' are matched 

2023-09-14 20:52:35 - [MESSAGE][PASSED] - Actual text '' and expected text '' are matched 

2023-09-14 20:52:35 - [TEST_STEP][PASSED] - zipCode = getAttribute(findTestObject("Object Repository/RAD_Pages/PaymentEntry_Page/input_billingZip"), "value"): Attribute 'value' of object 'Object Repository/RAD_Pages/PaymentEntry_Page/input_billingZip' is: '21054'

2023-09-14 20:52:35 - [MESSAGE][PASSED] - Attribute 'value' of object 'Object Repository/RAD_Pages/PaymentEntry_Page/input_billingZip' is: '21054'

2023-09-14 20:52:35 - [TEST_STEP][PASSED] - verifyMatch("21054", zipCode, false): Actual text '21054' and expected text '21054' are matched 

2023-09-14 20:52:35 - [MESSAGE][PASSED] - Actual text '21054' and expected text '21054' are matched 

2023-09-14 20:52:35 - [TEST_STEP][PASSED] - city = getAttribute(findTestObject("Object Repository/RAD_Pages/PaymentEntry_Page/input_billingCity"), "value"): Attribute 'value' of object 'Object Repository/RAD_Pages/PaymentEntry_Page/input_billingCity' is: 'GAMBRILLS'

2023-09-14 20:52:35 - [MESSAGE][PASSED] - Attribute 'value' of object 'Object Repository/RAD_Pages/PaymentEntry_Page/input_billingCity' is: 'GAMBRILLS'

2023-09-14 20:52:35 - [TEST_STEP][PASSED] - verifyMatch("GAMBRILLS", city, false): Actual text 'GAMBRILLS' and expected text 'GAMBRILLS' are matched 

2023-09-14 20:52:35 - [MESSAGE][PASSED] - Actual text 'GAMBRILLS' and expected text 'GAMBRILLS' are matched 

2023-09-14 20:52:35 - [TEST_STEP][PASSED] - email = getAttribute(findTestObject("Object Repository/RAD_Pages/PaymentEntry_Page/input_emailAddress"), "value"): Attribute 'value' of object 'Object Repository/RAD_Pages/PaymentEntry_Page/input_emailAddress' is: 'iahmed@govolution.com'

2023-09-14 20:52:36 - [MESSAGE][PASSED] - Attribute 'value' of object 'Object Repository/RAD_Pages/PaymentEntry_Page/input_emailAddress' is: 'iahmed@govolution.com'

2023-09-14 20:52:36 - [TEST_STEP][PASSED] - verifyMatch("iahmed@govolution.com", email, false): Actual text 'iahmed@govolution.com' and expected text 'iahmed@govolution.com' are matched 

2023-09-14 20:52:36 - [MESSAGE][PASSED] - Actual text 'iahmed@govolution.com' and expected text 'iahmed@govolution.com' are matched 

2023-09-14 20:52:36 - [TEST_STEP][PASSED] - amount = getAttribute(findTestObject("Object Repository/RAD_Pages/PaymentEntry_Page/input_amount"), "value"): Attribute 'value' of object 'Object Repository/RAD_Pages/PaymentEntry_Page/input_amount' is: '100.00'

2023-09-14 20:52:36 - [MESSAGE][PASSED] - Attribute 'value' of object 'Object Repository/RAD_Pages/PaymentEntry_Page/input_amount' is: '100.00'

2023-09-14 20:52:36 - [TEST_STEP][PASSED] - verifyMatch("100.00", amount, false): Actual text '100.00' and expected text '100.00' are matched 

2023-09-14 20:52:36 - [MESSAGE][PASSED] - Actual text '100.00' and expected text '100.00' are matched 

2023-09-14 20:52:36 - [TEST_STEP][PASSED] - amountReadOnly = getAttribute(findTestObject("Object Repository/RAD_Pages/PaymentEntry_Page/input_amount"), "readonly"): Attribute 'readonly' of object 'Object Repository/RAD_Pages/PaymentEntry_Page/input_amount' is: 'true'

2023-09-14 20:52:36 - [MESSAGE][PASSED] - Attribute 'readonly' of object 'Object Repository/RAD_Pages/PaymentEntry_Page/input_amount' is: 'true'

2023-09-14 20:52:36 - [TEST_STEP][PASSED] - verifyMatch("true", amountReadOnly, false): Actual text 'true' and expected text 'true' are matched 

2023-09-14 20:52:36 - [MESSAGE][PASSED] - Actual text 'true' and expected text 'true' are matched 

2023-09-14 20:52:36 - [TEST_STEP][PASSED] - verifyOptionSelectedByLabel(findTestObject("Object Repository/RAD_Pages/PaymentEntry_Page/select_Country"), "United States", false, 20): All options with label 'United States' are selected in object 'Object Repository/RAD_Pages/PaymentEntry_Page/select_Country' 

2023-09-14 20:52:37 - [MESSAGE][PASSED] - All options with label 'United States' are selected in object 'Object Repository/RAD_Pages/PaymentEntry_Page/select_Country' 

2023-09-14 20:52:37 - [TEST_STEP][PASSED] - verifyOptionSelectedByLabel(findTestObject("Object Repository/RAD_Pages/PaymentEntry_Page/select_State"), "Maryland", false, 20): All options with label 'Maryland' are selected in object 'Object Repository/RAD_Pages/PaymentEntry_Page/select_State' 

2023-09-14 20:52:40 - [MESSAGE][PASSED] - All options with label 'Maryland' are selected in object 'Object Repository/RAD_Pages/PaymentEntry_Page/select_State' 

2023-09-14 20:52:40 - [TEST_STEP][PASSED] - setText(findTestObject(orPath_PaymentEntry + "/input__cardNumber"), "4111111111111111"): Text '4111111111111111' is set on object 'Object Repository/RAD_Pages/PaymentEntry_Page/input__cardNumber'

2023-09-14 20:52:41 - [MESSAGE][PASSED] - Text '4111111111111111' is set on object 'Object Repository/RAD_Pages/PaymentEntry_Page/input__cardNumber'

2023-09-14 20:52:41 - [TEST_STEP][PASSED] - setText(findTestObject(orPath_PaymentEntry + "/input__spc"), "123"): Text '123' is set on object 'Object Repository/RAD_Pages/PaymentEntry_Page/input__spc'

2023-09-14 20:52:42 - [MESSAGE][PASSED] - Text '123' is set on object 'Object Repository/RAD_Pages/PaymentEntry_Page/input__spc'

2023-09-14 20:52:42 - [TEST_STEP][PASSED] - selectOptionByLabel(findTestObject(orPath_PaymentEntry + "/select_MM"), "12", false): All options with label '12' are selected in object 'Object Repository/RAD_Pages/PaymentEntry_Page/select_MM' 

2023-09-14 20:52:42 - [MESSAGE][PASSED] - All options with label '12' are selected in object 'Object Repository/RAD_Pages/PaymentEntry_Page/select_MM' 

2023-09-14 20:52:42 - [TEST_STEP][PASSED] - selectOptionByLabel(findTestObject(orPath_PaymentEntry + "/select_YYYY"), "2028", false): All options with label '2028' are selected in object 'Object Repository/RAD_Pages/PaymentEntry_Page/select_YYYY' 

2023-09-14 20:52:43 - [MESSAGE][PASSED] - All options with label '2028' are selected in object 'Object Repository/RAD_Pages/PaymentEntry_Page/select_YYYY' 

2023-09-14 20:52:43 - [TEST_STEP][PASSED] - click(findTestObject(orPath_PaymentEntry + "/input_Field_ccSubmit")): Object: 'Object Repository/RAD_Pages/PaymentEntry_Page/input_Field_ccSubmit' is clicked on

2023-09-14 20:52:44 - [MESSAGE][PASSED] - Object: 'Object Repository/RAD_Pages/PaymentEntry_Page/input_Field_ccSubmit' is clicked on

2023-09-14 20:52:44 - [TEST_STEP][PASSED] - click(findTestObject(orPath_PaymentConfirmation + "/input_N_confirmNotifyAction")): Object: 'Object Repository/RAD_Pages/PaymentConfirmation_Page/input_N_confirmNotifyAction' is clicked on

2023-09-14 20:52:45 - [MESSAGE][PASSED] - Object: 'Object Repository/RAD_Pages/PaymentConfirmation_Page/input_N_confirmNotifyAction' is clicked on

2023-09-14 20:52:45 - [TEST_STEP][PASSED] - verifyTextPresent("Service Fee Acceptance", true): Text 'Service Fee Acceptance' is present on page  using regular expression

2023-09-14 20:52:45 - [MESSAGE][PASSED] - Text 'Service Fee Acceptance' is present on page  using regular expression

2023-09-14 20:52:45 - [TEST_STEP][PASSED] - verifyTextPresent("This transaction is subject to a Service Fee of ", true): Text 'This transaction is subject to a Service Fee of ' is present on page  using regular expression

2023-09-14 20:52:46 - [MESSAGE][PASSED] - Text 'This transaction is subject to a Service Fee of ' is present on page  using regular expression

2023-09-14 20:52:46 - [TEST_STEP][PASSED] - verifyTextPresent("Payment Amount:", true): Text 'Payment Amount:' is present on page  using regular expression

2023-09-14 20:52:46 - [MESSAGE][PASSED] - Text 'Payment Amount:' is present on page  using regular expression

2023-09-14 20:52:46 - [TEST_STEP][PASSED] - verifyTextPresent("100.00", true): Text '100.00' is present on page  using regular expression

2023-09-14 20:52:46 - [MESSAGE][PASSED] - Text '100.00' is present on page  using regular expression

2023-09-14 20:52:46 - [TEST_STEP][PASSED] - verifyTextPresent("Service Fee:", true): Text 'Service Fee:' is present on page  using regular expression

2023-09-14 20:52:47 - [MESSAGE][PASSED] - Text 'Service Fee:' is present on page  using regular expression

2023-09-14 20:52:47 - [TEST_STEP][PASSED] - verifyTextPresent("2.45", true): Text '2.45' is present on page  using regular expression

2023-09-14 20:52:47 - [MESSAGE][PASSED] - Text '2.45' is present on page  using regular expression

2023-09-14 20:52:47 - [TEST_STEP][PASSED] - verifyTextPresent("Total Amount:", true): Text 'Total Amount:' is present on page  using regular expression

2023-09-14 20:52:47 - [MESSAGE][PASSED] - Text 'Total Amount:' is present on page  using regular expression

2023-09-14 20:52:47 - [TEST_STEP][PASSED] - verifyTextPresent("102.45", true): Text '102.45' is present on page  using regular expression

2023-09-14 20:52:48 - [MESSAGE][PASSED] - Text '102.45' is present on page  using regular expression

2023-09-14 20:52:48 - [TEST_STEP][PASSED] - verifyTextPresent("Two transactions will appear on your bank statement, one in the amount of", true): Text 'Two transactions will appear on your bank statement, one in the amount of' is present on page  using regular expression

2023-09-14 20:52:48 - [MESSAGE][PASSED] - Text 'Two transactions will appear on your bank statement, one in the amount of' is present on page  using regular expression

2023-09-14 20:52:48 - [TEST_STEP][PASSED] - verifyElementPresent(findTestObject(orPath_ServiceFeesAccept + "/input_convFeeNotifyAction"), 30): Object 'Object Repository/RAD_Pages/ServiceFeeAccept_Page/input_convFeeNotifyAction' is present

2023-09-14 20:52:48 - [MESSAGE][PASSED] - Object 'Object Repository/RAD_Pages/ServiceFeeAccept_Page/input_convFeeNotifyAction' is present

2023-09-14 20:52:48 - [TEST_STEP][PASSED] - ExecuteTC = findTestData(dataFile).getValue("Execute", row): null

2023-09-14 20:52:48 - [TEST_STEP][PASSED] - TaxType = findTestData(dataFile).getValue("TaxType", row): null

2023-09-14 20:52:48 - [TEST_STEP][PASSED] - PaymentType = findTestData(dataFile).getValue("PaymentType", row): null

2023-09-14 20:52:48 - [TEST_STEP][PASSED] - FilingYear = findTestData(dataFile).getValue("Year", row): null

2023-09-14 20:52:48 - [TEST_STEP][PASSED] - if (ExecuteTC.equalsIgnoreCase("Y")): Object 'Object Repository/RAD_Pages/ServiceFeeAccept_Page/input_convFeeNotifyAction' is present

2023-09-14 20:52:48 - [TEST_STEP][PASSED] - out.println("Begin Record Number: " + row): null

2023-09-14 20:52:48 - [TEST_STEP][PASSED] - today = new java.util.Date(): null

2023-09-14 20:52:48 - [TEST_STEP][PASSED] - println(today): null

2023-09-14 20:52:48 - [TEST_STEP][PASSED] - datText = today: null

2023-09-14 20:52:48 - [TEST_STEP][PASSED] - logInfo("Payment Type: " + PaymentType): Payment Type: New Tax Return Amount Due

2023-09-14 20:52:48 - [MESSAGE][INFO] - Payment Type: New Tax Return Amount Due

2023-09-14 20:52:48 - [TEST_STEP][PASSED] - logInfo("Tax Type: " + TaxType): Tax Type: Personal Income Tax

2023-09-14 20:52:48 - [MESSAGE][INFO] - Tax Type: Personal Income Tax

2023-09-14 20:52:48 - [TEST_STEP][PASSED] - openBrowser(""): Browser is opened with url: ''

2023-09-14 20:52:48 - [MESSAGE][WARNING] - A browser is already opened. Closing browser and opening a new one

2023-09-14 20:52:49 - [MESSAGE][INFO] - Starting 'Chrome' driver

2023-09-14 20:52:49 - [MESSAGE][INFO] - User set preference: ['acceptInsecureCerts', 'true']

2023-09-14 20:52:49 - [MESSAGE][INFO] - Action delay is set to 0 milliseconds

2023-09-14 20:52:51 - [MESSAGE][PASSED] - Browser is opened with url: ''

2023-09-14 20:52:51 - [TEST_STEP][PASSED] - maximizeWindow(): Current window maximized

2023-09-14 20:52:51 - [MESSAGE][PASSED] - Current window maximized

2023-09-14 20:52:51 - [TEST_STEP][PASSED] - navigateToUrl(RADurl): Navigate to 'https://demo.velocitypayment.com/client/rad/index.html' successfully

2023-09-14 20:52:52 - [MESSAGE][PASSED] - Navigate to 'https://demo.velocitypayment.com/client/rad/index.html' successfully

2023-09-14 20:52:52 - [TEST_STEP][PASSED] - selectOptionByLabel(findTestObject(orPath_Landing + "/dd_TaxType"), PaymentType, false): All options with label 'New Tax Return Amount Due' are selected in object 'Object Repository/RAD_Pages/Landing_Page/dd_TaxType' 

2023-09-14 20:52:53 - [MESSAGE][PASSED] - All options with label 'New Tax Return Amount Due' are selected in object 'Object Repository/RAD_Pages/Landing_Page/dd_TaxType' 

2023-09-14 20:52:53 - [TEST_STEP][PASSED] - switch (PaymentType): null

2023-09-14 20:52:53 - [TEST_STEP][PASSED] - case "New Tax Return Amount Due":: null

2023-09-14 20:52:53 - [TEST_STEP][PASSED] - selectOptionByLabel(findTestObject("Object Repository/RAD_Pages/Landing_Page/select_NewTaxReturnAmountDue_TaxType"), TaxType, false): All options with label 'Personal Income Tax' are selected in object 'Object Repository/RAD_Pages/Landing_Page/select_NewTaxReturnAmountDue_TaxType' 

2023-09-14 20:52:54 - [MESSAGE][PASSED] - All options with label 'Personal Income Tax' are selected in object 'Object Repository/RAD_Pages/Landing_Page/select_NewTaxReturnAmountDue_TaxType' 

2023-09-14 20:52:54 - [TEST_STEP][PASSED] - break: null

2023-09-14 20:52:54 - [TEST_STEP][PASSED] - if (!(FilingYear.isEmpty())): All options with label '2021' are selected in object 'Object Repository/RAD_Pages/TaxTypeFilingYear_Page/select_FilingYear' 

2023-09-14 20:52:54 - [TEST_STEP][PASSED] - selectOptionByLabel(findTestObject(orPath_TaxTypeFilingYear + "/select_FilingYear"), FilingYear, false): All options with label '2021' are selected in object 'Object Repository/RAD_Pages/TaxTypeFilingYear_Page/select_FilingYear' 

2023-09-14 20:52:55 - [MESSAGE][PASSED] - All options with label '2021' are selected in object 'Object Repository/RAD_Pages/TaxTypeFilingYear_Page/select_FilingYear' 

2023-09-14 20:52:55 - [TEST_STEP][PASSED] - rad.getSetDataRAD.setDataRADssnAndName(): rad.getSetDataRAD.setDataRADssnAndName is PASSED

2023-09-14 20:52:55 - [MESSAGE][PASSED] - Text 'Jimmy' is set on object 'Object Repository/RAD_Pages/Taxpayer_Page/input_firstName'

2023-09-14 20:52:57 - [MESSAGE][PASSED] - Text 'btes' is set on object 'Object Repository/RAD_Pages/Taxpayer_Page/input_lastName'

2023-09-14 20:52:58 - [MESSAGE][PASSED] - Text '123456724' is set on object 'Object Repository/RAD_RecordAndPlay/input_concatSSN'

2023-09-14 20:52:58 - [MESSAGE][PASSED] - Text '123456724' is set on object 'Object Repository/RAD_RecordAndPlay/input_concatReSSN'

2023-09-14 20:52:58 - [MESSAGE][PASSED] - rad.getSetDataRAD.setDataRADssnAndName is PASSED

2023-09-14 20:52:58 - [TEST_STEP][PASSED] - rad.getSetDataRAD.setDataRADAddress(): rad.getSetDataRAD.setDataRADAddress is PASSED

2023-09-14 20:52:59 - [MESSAGE][PASSED] - All options with label 'United States' are selected in object 'Object Repository/RAD_Pages/AddressAndContactInfo_Page/select_Country' 

2023-09-14 20:53:00 - [MESSAGE][PASSED] - Text '2508 Mandan Terrace' is set on object 'Object Repository/RAD_Pages/AddressAndContactInfo_Page/input_streetAddress1'

2023-09-14 20:53:01 - [MESSAGE][PASSED] - Text '' is set on object 'Object Repository/RAD_Pages/AddressAndContactInfo_Page/input_streetAddress2'

2023-09-14 20:53:02 - [MESSAGE][PASSED] - Text 'Gambrills' is set on object 'Object Repository/RAD_Pages/AddressAndContactInfo_Page/input_city'

2023-09-14 20:53:03 - [MESSAGE][PASSED] - All options with label 'Maryland' are selected in object 'Object Repository/RAD_Pages/AddressAndContactInfo_Page/select_State' 

2023-09-14 20:53:04 - [MESSAGE][PASSED] - Text '21054' is set on object 'Object Repository/RAD_Pages/AddressAndContactInfo_Page/input_zipCode'

2023-09-14 20:53:05 - [MESSAGE][PASSED] - Text '(703) 894-5000' is set on object 'Object Repository/RAD_Pages/AddressAndContactInfo_Page/input_phoneNumber'

2023-09-14 20:53:06 - [MESSAGE][PASSED] - Text 'iahmed@govolution.com' is set on object 'Object Repository/RAD_Pages/AddressAndContactInfo_Page/input_eMailAddress'

2023-09-14 20:53:07 - [MESSAGE][PASSED] - Text 'iahmed@govolution.com' is set on object 'Object Repository/RAD_Pages/AddressAndContactInfo_Page/input_reEnterEMailAddress'

2023-09-14 20:53:07 - [MESSAGE][PASSED] - rad.getSetDataRAD.setDataRADAddress is PASSED

2023-09-14 20:53:07 - [TEST_STEP][PASSED] - setText(findTestObject(orPath_Amount + "/input__paymentAmount"), "100.00"): Text '100.00' is set on object 'Object Repository/RAD_Pages/PaymentAmount_Page/input__paymentAmount'

2023-09-14 20:53:08 - [MESSAGE][PASSED] - Text '100.00' is set on object 'Object Repository/RAD_Pages/PaymentAmount_Page/input__paymentAmount'

2023-09-14 20:53:08 - [TEST_STEP][PASSED] - setText(findTestObject(orPath_AddressContact + "/input_streetAddress2"), ""): Text '' is set on object 'Object Repository/RAD_Pages/AddressAndContactInfo_Page/input_streetAddress2'

2023-09-14 20:53:08 - [MESSAGE][PASSED] - Text '' is set on object 'Object Repository/RAD_Pages/AddressAndContactInfo_Page/input_streetAddress2'

2023-09-14 20:53:08 - [TEST_STEP][PASSED] - scrollToElement(findTestObject(orPath_Landing + "/button_Continue"), 3): Scroll to object 'Object Repository/RAD_Pages/Landing_Page/button_Continue' successfully

2023-09-14 20:53:09 - [MESSAGE][PASSED] - Scroll to object 'Object Repository/RAD_Pages/Landing_Page/button_Continue' successfully

2023-09-14 20:53:09 - [TEST_STEP][PASSED] - waitForElementClickable(findTestObject(orPath_Landing + "/button_Continue"), 5): Object 'Object Repository/RAD_Pages/Landing_Page/button_Continue' is clickable

2023-09-14 20:53:09 - [MESSAGE][PASSED] - Object 'Object Repository/RAD_Pages/Landing_Page/button_Continue' is clickable

2023-09-14 20:53:09 - [TEST_STEP][PASSED] - click(findTestObject(orPath_Landing + "/button_Continue")): Object: 'Object Repository/RAD_Pages/Landing_Page/button_Continue' is clicked on

2023-09-14 20:53:10 - [MESSAGE][PASSED] - Object: 'Object Repository/RAD_Pages/Landing_Page/button_Continue' is clicked on

2023-09-14 20:53:10 - [TEST_STEP][PASSED] - delay(2): Delayed 2 second(s)

2023-09-14 20:53:12 - [MESSAGE][PASSED] - Delayed 2 second(s)

2023-09-14 20:53:12 - [TEST_STEP][PASSED] - verifyTextPresent("Summary", true): Text 'Summary' is present on page  using regular expression

2023-09-14 20:53:12 - [MESSAGE][PASSED] - Text 'Summary' is present on page  using regular expression

2023-09-14 20:53:12 - [TEST_STEP][PASSED] - verifyTextPresent("Review the information below and make any necessary corrections by clicking the", true): Text 'Review the information below and make any necessary corrections by clicking the' is present on page  using regular expression

2023-09-14 20:53:12 - [MESSAGE][PASSED] - Text 'Review the information below and make any necessary corrections by clicking the' is present on page  using regular expression

2023-09-14 20:53:12 - [TEST_STEP][PASSED] - verifyTextPresent("When you are confident that all the information is correct, click the", true): Text 'When you are confident that all the information is correct, click the' is present on page  using regular expression

2023-09-14 20:53:13 - [MESSAGE][PASSED] - Text 'When you are confident that all the information is correct, click the' is present on page  using regular expression

2023-09-14 20:53:13 - [TEST_STEP][PASSED] - verifyTextPresent("Payment Type/Filing Year", true): Text 'Payment Type/Filing Year' is present on page  using regular expression

2023-09-14 20:53:13 - [MESSAGE][PASSED] - Text 'Payment Type/Filing Year' is present on page  using regular expression

2023-09-14 20:53:13 - [TEST_STEP][PASSED] - verifyTextPresent("Payment Type:", true): Text 'Payment Type:' is present on page  using regular expression

2023-09-14 20:53:14 - [MESSAGE][PASSED] - Text 'Payment Type:' is present on page  using regular expression

2023-09-14 20:53:14 - [TEST_STEP][PASSED] - verifyTextPresent(PaymentType, true): Text 'New Tax Return Amount Due' is present on page  using regular expression

2023-09-14 20:53:14 - [MESSAGE][PASSED] - Text 'New Tax Return Amount Due' is present on page  using regular expression

2023-09-14 20:53:14 - [TEST_STEP][PASSED] - verifyTextPresent("Filing Year:", true): Text 'Filing Year:' is present on page  using regular expression

2023-09-14 20:53:14 - [MESSAGE][PASSED] - Text 'Filing Year:' is present on page  using regular expression

2023-09-14 20:53:14 - [TEST_STEP][PASSED] - verifyTextPresent(FilingYear, true): Text '2021' is present on page  using regular expression

2023-09-14 20:53:15 - [MESSAGE][PASSED] - Text '2021' is present on page  using regular expression

2023-09-14 20:53:15 - [TEST_STEP][PASSED] - verifyTextPresent("Payer Information", true): Text 'Payer Information' is present on page  using regular expression

2023-09-14 20:53:15 - [MESSAGE][PASSED] - Text 'Payer Information' is present on page  using regular expression

2023-09-14 20:53:15 - [TEST_STEP][PASSED] - verifyTextPresent("Taxpayer Name:", true): Text 'Taxpayer Name:' is present on page  using regular expression

2023-09-14 20:53:15 - [MESSAGE][PASSED] - Text 'Taxpayer Name:' is present on page  using regular expression

2023-09-14 20:53:15 - [TEST_STEP][PASSED] - verifyTextPresent("Jimmy btes", true): Text 'Jimmy btes' is present on page  using regular expression

2023-09-14 20:53:16 - [MESSAGE][PASSED] - Text 'Jimmy btes' is present on page  using regular expression

2023-09-14 20:53:16 - [TEST_STEP][PASSED] - verifyTextPresent("Taxpayer SSN:", true): Text 'Taxpayer SSN:' is present on page  using regular expression

2023-09-14 20:53:16 - [MESSAGE][PASSED] - Text 'Taxpayer SSN:' is present on page  using regular expression

2023-09-14 20:53:16 - [TEST_STEP][PASSED] - verifyTextPresent("Taxpayer Address:", true): Text 'Taxpayer Address:' is present on page  using regular expression

2023-09-14 20:53:17 - [MESSAGE][PASSED] - Text 'Taxpayer Address:' is present on page  using regular expression

2023-09-14 20:53:17 - [TEST_STEP][PASSED] - verifyTextPresent("2508 Mandan Terrace Gambrills Maryland 21054", true): Text '2508 Mandan Terrace Gambrills Maryland 21054' is present on page  using regular expression

2023-09-14 20:53:17 - [MESSAGE][PASSED] - Text '2508 Mandan Terrace Gambrills Maryland 21054' is present on page  using regular expression

2023-09-14 20:53:17 - [TEST_STEP][PASSED] - verifyTextPresent("Email:", true): Text 'Email:' is present on page  using regular expression

2023-09-14 20:53:17 - [MESSAGE][PASSED] - Text 'Email:' is present on page  using regular expression

2023-09-14 20:53:17 - [TEST_STEP][PASSED] - verifyTextPresent("iahmed@govolution.com", true): Text 'iahmed@govolution.com' is present on page  using regular expression

2023-09-14 20:53:18 - [MESSAGE][PASSED] - Text 'iahmed@govolution.com' is present on page  using regular expression

2023-09-14 20:53:18 - [TEST_STEP][PASSED] - verifyTextPresent("Phone:", true): Text 'Phone:' is present on page  using regular expression

2023-09-14 20:53:18 - [MESSAGE][PASSED] - Text 'Phone:' is present on page  using regular expression

2023-09-14 20:53:18 - [TEST_STEP][PASSED] - verifyTextPresent("(703) 894-5000", false): Text '(703) 894-5000' is present on page 

2023-09-14 20:53:18 - [MESSAGE][PASSED] - Text '(703) 894-5000' is present on page 

2023-09-14 20:53:18 - [TEST_STEP][PASSED] - verifyTextPresent("Tax Information", true): Text 'Tax Information' is present on page  using regular expression

2023-09-14 20:53:19 - [MESSAGE][PASSED] - Text 'Tax Information' is present on page  using regular expression

2023-09-14 20:53:19 - [TEST_STEP][PASSED] - verifyTextPresent("Payment Amount:", true): Text 'Payment Amount:' is present on page  using regular expression

2023-09-14 20:53:19 - [MESSAGE][PASSED] - Text 'Payment Amount:' is present on page  using regular expression

2023-09-14 20:53:19 - [TEST_STEP][PASSED] - verifyTextPresent("100.00", true): Text '100.00' is present on page  using regular expression

2023-09-14 20:53:19 - [MESSAGE][PASSED] - Text '100.00' is present on page  using regular expression

2023-09-14 20:53:19 - [TEST_STEP][PASSED] - click(findTestObject(orPath_Summary + "/button_Proceed to Payment")): Object: 'Object Repository/RAD_Pages/Summary_Page/button_Proceed to Payment' is clicked on

2023-09-14 20:53:21 - [MESSAGE][PASSED] - Object: 'Object Repository/RAD_Pages/Summary_Page/button_Proceed to Payment' is clicked on

2023-09-14 20:53:21 - [TEST_STEP][PASSED] - verifyTextPresent("Comptroller of Maryland", true): Text 'Comptroller of Maryland' is present on page  using regular expression

2023-09-14 20:53:21 - [MESSAGE][PASSED] - Text 'Comptroller of Maryland' is present on page  using regular expression

2023-09-14 20:53:21 - [TEST_STEP][PASSED] - verifyTextPresent("Revenue Administration Division", true): Text 'Revenue Administration Division' is present on page  using regular expression

2023-09-14 20:53:22 - [MESSAGE][PASSED] - Text 'Revenue Administration Division' is present on page  using regular expression

2023-09-14 20:53:22 - [TEST_STEP][PASSED] - verifyTextPresent("Payment Information", true): Text 'Payment Information' is present on page  using regular expression

2023-09-14 20:53:22 - [MESSAGE][PASSED] - Text 'Payment Information' is present on page  using regular expression

2023-09-14 20:53:22 - [TEST_STEP][PASSED] - card_Name = getAttribute(findTestObject("Object Repository/RAD_Pages/PaymentEntry_Page/input__billingName"), "value"): Attribute 'value' of object 'Object Repository/RAD_Pages/PaymentEntry_Page/input__billingName' is: 'Jimmy btes'

2023-09-14 20:53:22 - [MESSAGE][PASSED] - Attribute 'value' of object 'Object Repository/RAD_Pages/PaymentEntry_Page/input__billingName' is: 'Jimmy btes'

2023-09-14 20:53:22 - [TEST_STEP][PASSED] - verifyMatch("Jimmy btes", card_Name, false): Actual text 'Jimmy btes' and expected text 'Jimmy btes' are matched 

2023-09-14 20:53:22 - [MESSAGE][PASSED] - Actual text 'Jimmy btes' and expected text 'Jimmy btes' are matched 

2023-09-14 20:53:22 - [TEST_STEP][PASSED] - AL1 = getAttribute(findTestObject("Object Repository/RAD_Pages/PaymentEntry_Page/input_billingAddress"), "value"): Attribute 'value' of object 'Object Repository/RAD_Pages/PaymentEntry_Page/input_billingAddress' is: '2508 Mandan Terrace'

2023-09-14 20:53:23 - [MESSAGE][PASSED] - Attribute 'value' of object 'Object Repository/RAD_Pages/PaymentEntry_Page/input_billingAddress' is: '2508 Mandan Terrace'

2023-09-14 20:53:23 - [TEST_STEP][PASSED] - verifyMatch("2508 Mandan Terrace", AL1, false): Actual text '2508 Mandan Terrace' and expected text '2508 Mandan Terrace' are matched 

2023-09-14 20:53:23 - [MESSAGE][PASSED] - Actual text '2508 Mandan Terrace' and expected text '2508 Mandan Terrace' are matched 

2023-09-14 20:53:23 - [TEST_STEP][PASSED] - AL2 = getAttribute(findTestObject("Object Repository/RAD_Pages/PaymentEntry_Page/input_billingAddress2"), "value"): Attribute 'value' of object 'Object Repository/RAD_Pages/PaymentEntry_Page/input_billingAddress2' is: ''

2023-09-14 20:53:23 - [MESSAGE][PASSED] - Attribute 'value' of object 'Object Repository/RAD_Pages/PaymentEntry_Page/input_billingAddress2' is: ''

2023-09-14 20:53:23 - [TEST_STEP][PASSED] - verifyMatch("", AL2, false): Actual text '' and expected text '' are matched 

2023-09-14 20:53:23 - [MESSAGE][PASSED] - Actual text '' and expected text '' are matched 

2023-09-14 20:53:23 - [TEST_STEP][PASSED] - zipCode = getAttribute(findTestObject("Object Repository/RAD_Pages/PaymentEntry_Page/input_billingZip"), "value"): Attribute 'value' of object 'Object Repository/RAD_Pages/PaymentEntry_Page/input_billingZip' is: '21054'

2023-09-14 20:53:23 - [MESSAGE][PASSED] - Attribute 'value' of object 'Object Repository/RAD_Pages/PaymentEntry_Page/input_billingZip' is: '21054'

2023-09-14 20:53:23 - [TEST_STEP][PASSED] - verifyMatch("21054", zipCode, false): Actual text '21054' and expected text '21054' are matched 

2023-09-14 20:53:23 - [MESSAGE][PASSED] - Actual text '21054' and expected text '21054' are matched 

2023-09-14 20:53:23 - [TEST_STEP][PASSED] - city = getAttribute(findTestObject("Object Repository/RAD_Pages/PaymentEntry_Page/input_billingCity"), "value"): Attribute 'value' of object 'Object Repository/RAD_Pages/PaymentEntry_Page/input_billingCity' is: 'GAMBRILLS'

2023-09-14 20:53:24 - [MESSAGE][PASSED] - Attribute 'value' of object 'Object Repository/RAD_Pages/PaymentEntry_Page/input_billingCity' is: 'GAMBRILLS'

2023-09-14 20:53:24 - [TEST_STEP][PASSED] - verifyMatch("GAMBRILLS", city, false): Actual text 'GAMBRILLS' and expected text 'GAMBRILLS' are matched 

2023-09-14 20:53:24 - [MESSAGE][PASSED] - Actual text 'GAMBRILLS' and expected text 'GAMBRILLS' are matched 

2023-09-14 20:53:24 - [TEST_STEP][PASSED] - email = getAttribute(findTestObject("Object Repository/RAD_Pages/PaymentEntry_Page/input_emailAddress"), "value"): Attribute 'value' of object 'Object Repository/RAD_Pages/PaymentEntry_Page/input_emailAddress' is: 'iahmed@govolution.com'

2023-09-14 20:53:24 - [MESSAGE][PASSED] - Attribute 'value' of object 'Object Repository/RAD_Pages/PaymentEntry_Page/input_emailAddress' is: 'iahmed@govolution.com'

2023-09-14 20:53:24 - [TEST_STEP][PASSED] - verifyMatch("iahmed@govolution.com", email, false): Actual text 'iahmed@govolution.com' and expected text 'iahmed@govolution.com' are matched 

2023-09-14 20:53:24 - [MESSAGE][PASSED] - Actual text 'iahmed@govolution.com' and expected text 'iahmed@govolution.com' are matched 

2023-09-14 20:53:24 - [TEST_STEP][PASSED] - amount = getAttribute(findTestObject("Object Repository/RAD_Pages/PaymentEntry_Page/input_amount"), "value"): Attribute 'value' of object 'Object Repository/RAD_Pages/PaymentEntry_Page/input_amount' is: '100.00'

2023-09-14 20:53:24 - [MESSAGE][PASSED] - Attribute 'value' of object 'Object Repository/RAD_Pages/PaymentEntry_Page/input_amount' is: '100.00'

2023-09-14 20:53:24 - [TEST_STEP][PASSED] - verifyMatch("100.00", amount, false): Actual text '100.00' and expected text '100.00' are matched 

2023-09-14 20:53:24 - [MESSAGE][PASSED] - Actual text '100.00' and expected text '100.00' are matched 

2023-09-14 20:53:24 - [TEST_STEP][PASSED] - amountReadOnly = getAttribute(findTestObject("Object Repository/RAD_Pages/PaymentEntry_Page/input_amount"), "readonly"): Attribute 'readonly' of object 'Object Repository/RAD_Pages/PaymentEntry_Page/input_amount' is: 'true'

2023-09-14 20:53:25 - [MESSAGE][PASSED] - Attribute 'readonly' of object 'Object Repository/RAD_Pages/PaymentEntry_Page/input_amount' is: 'true'

2023-09-14 20:53:25 - [TEST_STEP][PASSED] - verifyMatch("true", amountReadOnly, false): Actual text 'true' and expected text 'true' are matched 

2023-09-14 20:53:25 - [MESSAGE][PASSED] - Actual text 'true' and expected text 'true' are matched 

2023-09-14 20:53:25 - [TEST_STEP][PASSED] - verifyOptionSelectedByLabel(findTestObject("Object Repository/RAD_Pages/PaymentEntry_Page/select_Country"), "United States", false, 20): All options with label 'United States' are selected in object 'Object Repository/RAD_Pages/PaymentEntry_Page/select_Country' 

2023-09-14 20:53:26 - [MESSAGE][PASSED] - All options with label 'United States' are selected in object 'Object Repository/RAD_Pages/PaymentEntry_Page/select_Country' 

2023-09-14 20:53:26 - [TEST_STEP][PASSED] - verifyOptionSelectedByLabel(findTestObject("Object Repository/RAD_Pages/PaymentEntry_Page/select_State"), "Maryland", false, 20): All options with label 'Maryland' are selected in object 'Object Repository/RAD_Pages/PaymentEntry_Page/select_State' 

2023-09-14 20:53:28 - [MESSAGE][PASSED] - All options with label 'Maryland' are selected in object 'Object Repository/RAD_Pages/PaymentEntry_Page/select_State' 

2023-09-14 20:53:28 - [TEST_STEP][PASSED] - setText(findTestObject(orPath_PaymentEntry + "/input__cardNumber"), "4111111111111111"): Text '4111111111111111' is set on object 'Object Repository/RAD_Pages/PaymentEntry_Page/input__cardNumber'

2023-09-14 20:53:29 - [MESSAGE][PASSED] - Text '4111111111111111' is set on object 'Object Repository/RAD_Pages/PaymentEntry_Page/input__cardNumber'

2023-09-14 20:53:29 - [TEST_STEP][PASSED] - setText(findTestObject(orPath_PaymentEntry + "/input__spc"), "123"): Text '123' is set on object 'Object Repository/RAD_Pages/PaymentEntry_Page/input__spc'

2023-09-14 20:53:30 - [MESSAGE][PASSED] - Text '123' is set on object 'Object Repository/RAD_Pages/PaymentEntry_Page/input__spc'

2023-09-14 20:53:30 - [TEST_STEP][PASSED] - selectOptionByLabel(findTestObject(orPath_PaymentEntry + "/select_MM"), "12", false): All options with label '12' are selected in object 'Object Repository/RAD_Pages/PaymentEntry_Page/select_MM' 

2023-09-14 20:53:31 - [MESSAGE][PASSED] - All options with label '12' are selected in object 'Object Repository/RAD_Pages/PaymentEntry_Page/select_MM' 

2023-09-14 20:53:31 - [TEST_STEP][PASSED] - selectOptionByLabel(findTestObject(orPath_PaymentEntry + "/select_YYYY"), "2028", false): All options with label '2028' are selected in object 'Object Repository/RAD_Pages/PaymentEntry_Page/select_YYYY' 

2023-09-14 20:53:31 - [MESSAGE][PASSED] - All options with label '2028' are selected in object 'Object Repository/RAD_Pages/PaymentEntry_Page/select_YYYY' 

2023-09-14 20:53:31 - [TEST_STEP][PASSED] - click(findTestObject(orPath_PaymentEntry + "/input_Field_ccSubmit")): Object: 'Object Repository/RAD_Pages/PaymentEntry_Page/input_Field_ccSubmit' is clicked on

2023-09-14 20:53:32 - [MESSAGE][PASSED] - Object: 'Object Repository/RAD_Pages/PaymentEntry_Page/input_Field_ccSubmit' is clicked on

2023-09-14 20:53:32 - [TEST_STEP][PASSED] - click(findTestObject(orPath_PaymentConfirmation + "/input_N_confirmNotifyAction")): Object: 'Object Repository/RAD_Pages/PaymentConfirmation_Page/input_N_confirmNotifyAction' is clicked on

2023-09-14 20:53:33 - [MESSAGE][PASSED] - Object: 'Object Repository/RAD_Pages/PaymentConfirmation_Page/input_N_confirmNotifyAction' is clicked on

2023-09-14 20:53:33 - [TEST_STEP][PASSED] - verifyTextPresent("Service Fee Acceptance", true): Text 'Service Fee Acceptance' is present on page  using regular expression

2023-09-14 20:53:34 - [MESSAGE][PASSED] - Text 'Service Fee Acceptance' is present on page  using regular expression

2023-09-14 20:53:34 - [TEST_STEP][PASSED] - verifyTextPresent("This transaction is subject to a Service Fee of ", true): Text 'This transaction is subject to a Service Fee of ' is present on page  using regular expression

2023-09-14 20:53:34 - [MESSAGE][PASSED] - Text 'This transaction is subject to a Service Fee of ' is present on page  using regular expression

2023-09-14 20:53:34 - [TEST_STEP][PASSED] - verifyTextPresent("Payment Amount:", true): Text 'Payment Amount:' is present on page  using regular expression

2023-09-14 20:53:34 - [MESSAGE][PASSED] - Text 'Payment Amount:' is present on page  using regular expression

2023-09-14 20:53:34 - [TEST_STEP][PASSED] - verifyTextPresent("100.00", true): Text '100.00' is present on page  using regular expression

2023-09-14 20:53:35 - [MESSAGE][PASSED] - Text '100.00' is present on page  using regular expression

2023-09-14 20:53:35 - [TEST_STEP][PASSED] - verifyTextPresent("Service Fee:", true): Text 'Service Fee:' is present on page  using regular expression

2023-09-14 20:53:35 - [MESSAGE][PASSED] - Text 'Service Fee:' is present on page  using regular expression

2023-09-14 20:53:35 - [TEST_STEP][PASSED] - verifyTextPresent("2.45", true): Text '2.45' is present on page  using regular expression

2023-09-14 20:53:35 - [MESSAGE][PASSED] - Text '2.45' is present on page  using regular expression

2023-09-14 20:53:35 - [TEST_STEP][PASSED] - verifyTextPresent("Total Amount:", true): Text 'Total Amount:' is present on page  using regular expression

2023-09-14 20:53:35 - [MESSAGE][PASSED] - Text 'Total Amount:' is present on page  using regular expression

2023-09-14 20:53:35 - [TEST_STEP][PASSED] - verifyTextPresent("102.45", true): Text '102.45' is present on page  using regular expression

2023-09-14 20:53:36 - [MESSAGE][PASSED] - Text '102.45' is present on page  using regular expression

2023-09-14 20:53:36 - [TEST_STEP][PASSED] - verifyTextPresent("Two transactions will appear on your bank statement, one in the amount of", true): Text 'Two transactions will appear on your bank statement, one in the amount of' is present on page  using regular expression

2023-09-14 20:53:36 - [MESSAGE][PASSED] - Text 'Two transactions will appear on your bank statement, one in the amount of' is present on page  using regular expression

2023-09-14 20:53:36 - [TEST_STEP][PASSED] - verifyElementPresent(findTestObject(orPath_ServiceFeesAccept + "/input_convFeeNotifyAction"), 30): Object 'Object Repository/RAD_Pages/ServiceFeeAccept_Page/input_convFeeNotifyAction' is present

2023-09-14 20:53:36 - [MESSAGE][PASSED] - Object 'Object Repository/RAD_Pages/ServiceFeeAccept_Page/input_convFeeNotifyAction' is present

2023-09-14 20:53:36 - [TEST_STEP][PASSED] - ExecuteTC = findTestData(dataFile).getValue("Execute", row): null

2023-09-14 20:53:36 - [TEST_STEP][PASSED] - TaxType = findTestData(dataFile).getValue("TaxType", row): null

2023-09-14 20:53:37 - [TEST_STEP][PASSED] - PaymentType = findTestData(dataFile).getValue("PaymentType", row): null

2023-09-14 20:53:37 - [TEST_STEP][PASSED] - FilingYear = findTestData(dataFile).getValue("Year", row): null

2023-09-14 20:53:37 - [TEST_STEP][PASSED] - if (ExecuteTC.equalsIgnoreCase("Y")): Object 'Object Repository/RAD_Pages/ServiceFeeAccept_Page/input_convFeeNotifyAction' is present

2023-09-14 20:53:37 - [TEST_STEP][PASSED] - out.println("Begin Record Number: " + row): null

2023-09-14 20:53:37 - [TEST_STEP][PASSED] - today = new java.util.Date(): null

2023-09-14 20:53:37 - [TEST_STEP][PASSED] - println(today): null

2023-09-14 20:53:37 - [TEST_STEP][PASSED] - datText = today: null

2023-09-14 20:53:37 - [TEST_STEP][PASSED] - logInfo("Payment Type: " + PaymentType): Payment Type: New Tax Return Amount Due

2023-09-14 20:53:37 - [MESSAGE][INFO] - Payment Type: New Tax Return Amount Due

2023-09-14 20:53:37 - [TEST_STEP][PASSED] - logInfo("Tax Type: " + TaxType): Tax Type: Personal Income Tax

2023-09-14 20:53:37 - [MESSAGE][INFO] - Tax Type: Personal Income Tax

2023-09-14 20:53:37 - [TEST_STEP][PASSED] - openBrowser(""): Browser is opened with url: ''

2023-09-14 20:53:37 - [MESSAGE][WARNING] - A browser is already opened. Closing browser and opening a new one

2023-09-14 20:53:38 - [MESSAGE][INFO] - Starting 'Chrome' driver

2023-09-14 20:53:38 - [MESSAGE][INFO] - User set preference: ['acceptInsecureCerts', 'true']

2023-09-14 20:53:38 - [MESSAGE][INFO] - Action delay is set to 0 milliseconds

2023-09-14 20:53:39 - [MESSAGE][PASSED] - Browser is opened with url: ''

2023-09-14 20:53:39 - [TEST_STEP][PASSED] - maximizeWindow(): Current window maximized

2023-09-14 20:53:39 - [MESSAGE][PASSED] - Current window maximized

2023-09-14 20:53:39 - [TEST_STEP][PASSED] - navigateToUrl(RADurl): Navigate to 'https://demo.velocitypayment.com/client/rad/index.html' successfully

2023-09-14 20:53:41 - [MESSAGE][PASSED] - Navigate to 'https://demo.velocitypayment.com/client/rad/index.html' successfully

2023-09-14 20:53:41 - [TEST_STEP][PASSED] - selectOptionByLabel(findTestObject(orPath_Landing + "/dd_TaxType"), PaymentType, false): All options with label 'New Tax Return Amount Due' are selected in object 'Object Repository/RAD_Pages/Landing_Page/dd_TaxType' 

2023-09-14 20:53:41 - [MESSAGE][PASSED] - All options with label 'New Tax Return Amount Due' are selected in object 'Object Repository/RAD_Pages/Landing_Page/dd_TaxType' 

2023-09-14 20:53:41 - [TEST_STEP][PASSED] - switch (PaymentType): null

2023-09-14 20:53:41 - [TEST_STEP][PASSED] - case "New Tax Return Amount Due":: null

2023-09-14 20:53:41 - [TEST_STEP][PASSED] - selectOptionByLabel(findTestObject("Object Repository/RAD_Pages/Landing_Page/select_NewTaxReturnAmountDue_TaxType"), TaxType, false): All options with label 'Personal Income Tax' are selected in object 'Object Repository/RAD_Pages/Landing_Page/select_NewTaxReturnAmountDue_TaxType' 

2023-09-14 20:53:42 - [MESSAGE][PASSED] - All options with label 'Personal Income Tax' are selected in object 'Object Repository/RAD_Pages/Landing_Page/select_NewTaxReturnAmountDue_TaxType' 

2023-09-14 20:53:42 - [TEST_STEP][PASSED] - break: null

2023-09-14 20:53:42 - [TEST_STEP][PASSED] - if (!(FilingYear.isEmpty())): All options with label '2020' are selected in object 'Object Repository/RAD_Pages/TaxTypeFilingYear_Page/select_FilingYear' 

2023-09-14 20:53:42 - [TEST_STEP][PASSED] - selectOptionByLabel(findTestObject(orPath_TaxTypeFilingYear + "/select_FilingYear"), FilingYear, false): All options with label '2020' are selected in object 'Object Repository/RAD_Pages/TaxTypeFilingYear_Page/select_FilingYear' 

2023-09-14 20:53:43 - [MESSAGE][PASSED] - All options with label '2020' are selected in object 'Object Repository/RAD_Pages/TaxTypeFilingYear_Page/select_FilingYear' 

2023-09-14 20:53:43 - [TEST_STEP][PASSED] - rad.getSetDataRAD.setDataRADssnAndName(): rad.getSetDataRAD.setDataRADssnAndName is PASSED

2023-09-14 20:53:44 - [MESSAGE][PASSED] - Text 'Jimmy' is set on object 'Object Repository/RAD_Pages/Taxpayer_Page/input_firstName'

2023-09-14 20:53:46 - [MESSAGE][PASSED] - Text 'btes' is set on object 'Object Repository/RAD_Pages/Taxpayer_Page/input_lastName'

2023-09-14 20:53:46 - [MESSAGE][PASSED] - Text '123456724' is set on object 'Object Repository/RAD_RecordAndPlay/input_concatSSN'

2023-09-14 20:53:47 - [MESSAGE][PASSED] - Text '123456724' is set on object 'Object Repository/RAD_RecordAndPlay/input_concatReSSN'

2023-09-14 20:53:47 - [MESSAGE][PASSED] - rad.getSetDataRAD.setDataRADssnAndName is PASSED

2023-09-14 20:53:47 - [TEST_STEP][PASSED] - rad.getSetDataRAD.setDataRADAddress(): rad.getSetDataRAD.setDataRADAddress is PASSED

2023-09-14 20:53:48 - [MESSAGE][PASSED] - All options with label 'United States' are selected in object 'Object Repository/RAD_Pages/AddressAndContactInfo_Page/select_Country' 

2023-09-14 20:53:49 - [MESSAGE][PASSED] - Text '2508 Mandan Terrace' is set on object 'Object Repository/RAD_Pages/AddressAndContactInfo_Page/input_streetAddress1'

2023-09-14 20:53:50 - [MESSAGE][PASSED] - Text '' is set on object 'Object Repository/RAD_Pages/AddressAndContactInfo_Page/input_streetAddress2'

2023-09-14 20:53:51 - [MESSAGE][PASSED] - Text 'Gambrills' is set on object 'Object Repository/RAD_Pages/AddressAndContactInfo_Page/input_city'

2023-09-14 20:53:51 - [MESSAGE][PASSED] - All options with label 'Maryland' are selected in object 'Object Repository/RAD_Pages/AddressAndContactInfo_Page/select_State' 

2023-09-14 20:53:52 - [MESSAGE][PASSED] - Text '21054' is set on object 'Object Repository/RAD_Pages/AddressAndContactInfo_Page/input_zipCode'

2023-09-14 20:53:53 - [MESSAGE][PASSED] - Text '(703) 894-5000' is set on object 'Object Repository/RAD_Pages/AddressAndContactInfo_Page/input_phoneNumber'

2023-09-14 20:53:54 - [MESSAGE][PASSED] - Text 'iahmed@govolution.com' is set on object 'Object Repository/RAD_Pages/AddressAndContactInfo_Page/input_eMailAddress'

2023-09-14 20:53:55 - [MESSAGE][PASSED] - Text 'iahmed@govolution.com' is set on object 'Object Repository/RAD_Pages/AddressAndContactInfo_Page/input_reEnterEMailAddress'

2023-09-14 20:53:55 - [MESSAGE][PASSED] - rad.getSetDataRAD.setDataRADAddress is PASSED

2023-09-14 20:53:55 - [TEST_STEP][PASSED] - setText(findTestObject(orPath_Amount + "/input__paymentAmount"), "100.00"): Text '100.00' is set on object 'Object Repository/RAD_Pages/PaymentAmount_Page/input__paymentAmount'

2023-09-14 20:53:56 - [MESSAGE][PASSED] - Text '100.00' is set on object 'Object Repository/RAD_Pages/PaymentAmount_Page/input__paymentAmount'

2023-09-14 20:53:56 - [TEST_STEP][PASSED] - setText(findTestObject(orPath_AddressContact + "/input_streetAddress2"), ""): Text '' is set on object 'Object Repository/RAD_Pages/AddressAndContactInfo_Page/input_streetAddress2'

2023-09-14 20:53:57 - [MESSAGE][PASSED] - Text '' is set on object 'Object Repository/RAD_Pages/AddressAndContactInfo_Page/input_streetAddress2'

2023-09-14 20:53:57 - [TEST_STEP][PASSED] - scrollToElement(findTestObject(orPath_Landing + "/button_Continue"), 3): Scroll to object 'Object Repository/RAD_Pages/Landing_Page/button_Continue' successfully

2023-09-14 20:53:58 - [MESSAGE][PASSED] - Scroll to object 'Object Repository/RAD_Pages/Landing_Page/button_Continue' successfully

2023-09-14 20:53:58 - [TEST_STEP][PASSED] - waitForElementClickable(findTestObject(orPath_Landing + "/button_Continue"), 5): Object 'Object Repository/RAD_Pages/Landing_Page/button_Continue' is clickable

2023-09-14 20:53:58 - [MESSAGE][PASSED] - Object 'Object Repository/RAD_Pages/Landing_Page/button_Continue' is clickable

2023-09-14 20:53:58 - [TEST_STEP][PASSED] - click(findTestObject(orPath_Landing + "/button_Continue")): Object: 'Object Repository/RAD_Pages/Landing_Page/button_Continue' is clicked on

2023-09-14 20:53:58 - [MESSAGE][PASSED] - Object: 'Object Repository/RAD_Pages/Landing_Page/button_Continue' is clicked on

2023-09-14 20:53:58 - [TEST_STEP][PASSED] - delay(2): Delayed 2 second(s)

2023-09-14 20:54:00 - [MESSAGE][PASSED] - Delayed 2 second(s)

2023-09-14 20:54:00 - [TEST_STEP][PASSED] - verifyTextPresent("Summary", true): Text 'Summary' is present on page  using regular expression

2023-09-14 20:54:01 - [MESSAGE][PASSED] - Text 'Summary' is present on page  using regular expression

2023-09-14 20:54:01 - [TEST_STEP][PASSED] - verifyTextPresent("Review the information below and make any necessary corrections by clicking the", true): Text 'Review the information below and make any necessary corrections by clicking the' is present on page  using regular expression

2023-09-14 20:54:01 - [MESSAGE][PASSED] - Text 'Review the information below and make any necessary corrections by clicking the' is present on page  using regular expression

2023-09-14 20:54:01 - [TEST_STEP][PASSED] - verifyTextPresent("When you are confident that all the information is correct, click the", true): Text 'When you are confident that all the information is correct, click the' is present on page  using regular expression

2023-09-14 20:54:01 - [MESSAGE][PASSED] - Text 'When you are confident that all the information is correct, click the' is present on page  using regular expression

2023-09-14 20:54:01 - [TEST_STEP][PASSED] - verifyTextPresent("Payment Type/Filing Year", true): Text 'Payment Type/Filing Year' is present on page  using regular expression

2023-09-14 20:54:02 - [MESSAGE][PASSED] - Text 'Payment Type/Filing Year' is present on page  using regular expression

2023-09-14 20:54:02 - [TEST_STEP][PASSED] - verifyTextPresent("Payment Type:", true): Text 'Payment Type:' is present on page  using regular expression

2023-09-14 20:54:02 - [MESSAGE][PASSED] - Text 'Payment Type:' is present on page  using regular expression

2023-09-14 20:54:02 - [TEST_STEP][PASSED] - verifyTextPresent(PaymentType, true): Text 'New Tax Return Amount Due' is present on page  using regular expression

2023-09-14 20:54:03 - [MESSAGE][PASSED] - Text 'New Tax Return Amount Due' is present on page  using regular expression

2023-09-14 20:54:03 - [TEST_STEP][PASSED] - verifyTextPresent("Filing Year:", true): Text 'Filing Year:' is present on page  using regular expression

2023-09-14 20:54:03 - [MESSAGE][PASSED] - Text 'Filing Year:' is present on page  using regular expression

2023-09-14 20:54:03 - [TEST_STEP][PASSED] - verifyTextPresent(FilingYear, true): Text '2020' is present on page  using regular expression

2023-09-14 20:54:03 - [MESSAGE][PASSED] - Text '2020' is present on page  using regular expression

2023-09-14 20:54:03 - [TEST_STEP][PASSED] - verifyTextPresent("Payer Information", true): Text 'Payer Information' is present on page  using regular expression

2023-09-14 20:54:04 - [MESSAGE][PASSED] - Text 'Payer Information' is present on page  using regular expression

2023-09-14 20:54:04 - [TEST_STEP][PASSED] - verifyTextPresent("Taxpayer Name:", true): Text 'Taxpayer Name:' is present on page  using regular expression

2023-09-14 20:54:04 - [MESSAGE][PASSED] - Text 'Taxpayer Name:' is present on page  using regular expression

2023-09-14 20:54:04 - [TEST_STEP][PASSED] - verifyTextPresent("Jimmy btes", true): Text 'Jimmy btes' is present on page  using regular expression

2023-09-14 20:54:04 - [MESSAGE][PASSED] - Text 'Jimmy btes' is present on page  using regular expression

2023-09-14 20:54:04 - [TEST_STEP][PASSED] - verifyTextPresent("Taxpayer SSN:", true): Text 'Taxpayer SSN:' is present on page  using regular expression

2023-09-14 20:54:05 - [MESSAGE][PASSED] - Text 'Taxpayer SSN:' is present on page  using regular expression

2023-09-14 20:54:05 - [TEST_STEP][PASSED] - verifyTextPresent("Taxpayer Address:", true): Text 'Taxpayer Address:' is present on page  using regular expression

2023-09-14 20:54:05 - [MESSAGE][PASSED] - Text 'Taxpayer Address:' is present on page  using regular expression

2023-09-14 20:54:05 - [TEST_STEP][PASSED] - verifyTextPresent("2508 Mandan Terrace Gambrills Maryland 21054", true): Text '2508 Mandan Terrace Gambrills Maryland 21054' is present on page  using regular expression

2023-09-14 20:54:06 - [MESSAGE][PASSED] - Text '2508 Mandan Terrace Gambrills Maryland 21054' is present on page  using regular expression

2023-09-14 20:54:06 - [TEST_STEP][PASSED] - verifyTextPresent("Email:", true): Text 'Email:' is present on page  using regular expression

2023-09-14 20:54:06 - [MESSAGE][PASSED] - Text 'Email:' is present on page  using regular expression

2023-09-14 20:54:06 - [TEST_STEP][PASSED] - verifyTextPresent("iahmed@govolution.com", true): Text 'iahmed@govolution.com' is present on page  using regular expression

2023-09-14 20:54:06 - [MESSAGE][PASSED] - Text 'iahmed@govolution.com' is present on page  using regular expression

2023-09-14 20:54:06 - [TEST_STEP][PASSED] - verifyTextPresent("Phone:", true): Text 'Phone:' is present on page  using regular expression

2023-09-14 20:54:07 - [MESSAGE][PASSED] - Text 'Phone:' is present on page  using regular expression

2023-09-14 20:54:07 - [TEST_STEP][PASSED] - verifyTextPresent("(703) 894-5000", false): Text '(703) 894-5000' is present on page 

2023-09-14 20:54:07 - [MESSAGE][PASSED] - Text '(703) 894-5000' is present on page 

2023-09-14 20:54:07 - [TEST_STEP][PASSED] - verifyTextPresent("Tax Information", true): Text 'Tax Information' is present on page  using regular expression

2023-09-14 20:54:07 - [MESSAGE][PASSED] - Text 'Tax Information' is present on page  using regular expression

2023-09-14 20:54:07 - [TEST_STEP][PASSED] - verifyTextPresent("Payment Amount:", true): Text 'Payment Amount:' is present on page  using regular expression

2023-09-14 20:54:08 - [MESSAGE][PASSED] - Text 'Payment Amount:' is present on page  using regular expression

2023-09-14 20:54:08 - [TEST_STEP][PASSED] - verifyTextPresent("100.00", true): Text '100.00' is present on page  using regular expression

2023-09-14 20:54:08 - [MESSAGE][PASSED] - Text '100.00' is present on page  using regular expression

2023-09-14 20:54:08 - [TEST_STEP][PASSED] - click(findTestObject(orPath_Summary + "/button_Proceed to Payment")): Object: 'Object Repository/RAD_Pages/Summary_Page/button_Proceed to Payment' is clicked on

2023-09-14 20:54:09 - [MESSAGE][PASSED] - Object: 'Object Repository/RAD_Pages/Summary_Page/button_Proceed to Payment' is clicked on

2023-09-14 20:54:09 - [TEST_STEP][PASSED] - verifyTextPresent("Comptroller of Maryland", true): Text 'Comptroller of Maryland' is present on page  using regular expression

2023-09-14 20:54:10 - [MESSAGE][PASSED] - Text 'Comptroller of Maryland' is present on page  using regular expression

2023-09-14 20:54:10 - [TEST_STEP][PASSED] - verifyTextPresent("Revenue Administration Division", true): Text 'Revenue Administration Division' is present on page  using regular expression

2023-09-14 20:54:10 - [MESSAGE][PASSED] - Text 'Revenue Administration Division' is present on page  using regular expression

2023-09-14 20:54:10 - [TEST_STEP][PASSED] - verifyTextPresent("Payment Information", true): Text 'Payment Information' is present on page  using regular expression

2023-09-14 20:54:11 - [MESSAGE][PASSED] - Text 'Payment Information' is present on page  using regular expression

2023-09-14 20:54:11 - [TEST_STEP][PASSED] - card_Name = getAttribute(findTestObject("Object Repository/RAD_Pages/PaymentEntry_Page/input__billingName"), "value"): Attribute 'value' of object 'Object Repository/RAD_Pages/PaymentEntry_Page/input__billingName' is: 'Jimmy btes'

2023-09-14 20:54:11 - [MESSAGE][PASSED] - Attribute 'value' of object 'Object Repository/RAD_Pages/PaymentEntry_Page/input__billingName' is: 'Jimmy btes'

2023-09-14 20:54:11 - [TEST_STEP][PASSED] - verifyMatch("Jimmy btes", card_Name, false): Actual text 'Jimmy btes' and expected text 'Jimmy btes' are matched 

2023-09-14 20:54:11 - [MESSAGE][PASSED] - Actual text 'Jimmy btes' and expected text 'Jimmy btes' are matched 

2023-09-14 20:54:11 - [TEST_STEP][PASSED] - AL1 = getAttribute(findTestObject("Object Repository/RAD_Pages/PaymentEntry_Page/input_billingAddress"), "value"): Attribute 'value' of object 'Object Repository/RAD_Pages/PaymentEntry_Page/input_billingAddress' is: '2508 Mandan Terrace'

2023-09-14 20:54:11 - [MESSAGE][PASSED] - Attribute 'value' of object 'Object Repository/RAD_Pages/PaymentEntry_Page/input_billingAddress' is: '2508 Mandan Terrace'

2023-09-14 20:54:11 - [TEST_STEP][PASSED] - verifyMatch("2508 Mandan Terrace", AL1, false): Actual text '2508 Mandan Terrace' and expected text '2508 Mandan Terrace' are matched 

2023-09-14 20:54:11 - [MESSAGE][PASSED] - Actual text '2508 Mandan Terrace' and expected text '2508 Mandan Terrace' are matched 

2023-09-14 20:54:11 - [TEST_STEP][PASSED] - AL2 = getAttribute(findTestObject("Object Repository/RAD_Pages/PaymentEntry_Page/input_billingAddress2"), "value"): Attribute 'value' of object 'Object Repository/RAD_Pages/PaymentEntry_Page/input_billingAddress2' is: ''

2023-09-14 20:54:12 - [MESSAGE][PASSED] - Attribute 'value' of object 'Object Repository/RAD_Pages/PaymentEntry_Page/input_billingAddress2' is: ''

2023-09-14 20:54:12 - [TEST_STEP][PASSED] - verifyMatch("", AL2, false): Actual text '' and expected text '' are matched 

2023-09-14 20:54:12 - [MESSAGE][PASSED] - Actual text '' and expected text '' are matched 

2023-09-14 20:54:12 - [TEST_STEP][PASSED] - zipCode = getAttribute(findTestObject("Object Repository/RAD_Pages/PaymentEntry_Page/input_billingZip"), "value"): Attribute 'value' of object 'Object Repository/RAD_Pages/PaymentEntry_Page/input_billingZip' is: '21054'

2023-09-14 20:54:12 - [MESSAGE][PASSED] - Attribute 'value' of object 'Object Repository/RAD_Pages/PaymentEntry_Page/input_billingZip' is: '21054'

2023-09-14 20:54:12 - [TEST_STEP][PASSED] - verifyMatch("21054", zipCode, false): Actual text '21054' and expected text '21054' are matched 

2023-09-14 20:54:12 - [MESSAGE][PASSED] - Actual text '21054' and expected text '21054' are matched 

2023-09-14 20:54:12 - [TEST_STEP][PASSED] - city = getAttribute(findTestObject("Object Repository/RAD_Pages/PaymentEntry_Page/input_billingCity"), "value"): Attribute 'value' of object 'Object Repository/RAD_Pages/PaymentEntry_Page/input_billingCity' is: 'GAMBRILLS'

2023-09-14 20:54:12 - [MESSAGE][PASSED] - Attribute 'value' of object 'Object Repository/RAD_Pages/PaymentEntry_Page/input_billingCity' is: 'GAMBRILLS'

2023-09-14 20:54:12 - [TEST_STEP][PASSED] - verifyMatch("GAMBRILLS", city, false): Actual text 'GAMBRILLS' and expected text 'GAMBRILLS' are matched 

2023-09-14 20:54:12 - [MESSAGE][PASSED] - Actual text 'GAMBRILLS' and expected text 'GAMBRILLS' are matched 

2023-09-14 20:54:12 - [TEST_STEP][PASSED] - email = getAttribute(findTestObject("Object Repository/RAD_Pages/PaymentEntry_Page/input_emailAddress"), "value"): Attribute 'value' of object 'Object Repository/RAD_Pages/PaymentEntry_Page/input_emailAddress' is: 'iahmed@govolution.com'

2023-09-14 20:54:12 - [MESSAGE][PASSED] - Attribute 'value' of object 'Object Repository/RAD_Pages/PaymentEntry_Page/input_emailAddress' is: 'iahmed@govolution.com'

2023-09-14 20:54:12 - [TEST_STEP][PASSED] - verifyMatch("iahmed@govolution.com", email, false): Actual text 'iahmed@govolution.com' and expected text 'iahmed@govolution.com' are matched 

2023-09-14 20:54:12 - [MESSAGE][PASSED] - Actual text 'iahmed@govolution.com' and expected text 'iahmed@govolution.com' are matched 

2023-09-14 20:54:12 - [TEST_STEP][PASSED] - amount = getAttribute(findTestObject("Object Repository/RAD_Pages/PaymentEntry_Page/input_amount"), "value"): Attribute 'value' of object 'Object Repository/RAD_Pages/PaymentEntry_Page/input_amount' is: '100.00'

2023-09-14 20:54:13 - [MESSAGE][PASSED] - Attribute 'value' of object 'Object Repository/RAD_Pages/PaymentEntry_Page/input_amount' is: '100.00'

2023-09-14 20:54:13 - [TEST_STEP][PASSED] - verifyMatch("100.00", amount, false): Actual text '100.00' and expected text '100.00' are matched 

2023-09-14 20:54:13 - [MESSAGE][PASSED] - Actual text '100.00' and expected text '100.00' are matched 

2023-09-14 20:54:13 - [TEST_STEP][PASSED] - amountReadOnly = getAttribute(findTestObject("Object Repository/RAD_Pages/PaymentEntry_Page/input_amount"), "readonly"): Attribute 'readonly' of object 'Object Repository/RAD_Pages/PaymentEntry_Page/input_amount' is: 'true'

2023-09-14 20:54:13 - [MESSAGE][PASSED] - Attribute 'readonly' of object 'Object Repository/RAD_Pages/PaymentEntry_Page/input_amount' is: 'true'

2023-09-14 20:54:13 - [TEST_STEP][PASSED] - verifyMatch("true", amountReadOnly, false): Actual text 'true' and expected text 'true' are matched 

2023-09-14 20:54:13 - [MESSAGE][PASSED] - Actual text 'true' and expected text 'true' are matched 

2023-09-14 20:54:13 - [TEST_STEP][PASSED] - verifyOptionSelectedByLabel(findTestObject("Object Repository/RAD_Pages/PaymentEntry_Page/select_Country"), "United States", false, 20): All options with label 'United States' are selected in object 'Object Repository/RAD_Pages/PaymentEntry_Page/select_Country' 

2023-09-14 20:54:14 - [MESSAGE][PASSED] - All options with label 'United States' are selected in object 'Object Repository/RAD_Pages/PaymentEntry_Page/select_Country' 

2023-09-14 20:54:14 - [TEST_STEP][PASSED] - verifyOptionSelectedByLabel(findTestObject("Object Repository/RAD_Pages/PaymentEntry_Page/select_State"), "Maryland", false, 20): All options with label 'Maryland' are selected in object 'Object Repository/RAD_Pages/PaymentEntry_Page/select_State' 

2023-09-14 20:54:17 - [MESSAGE][PASSED] - All options with label 'Maryland' are selected in object 'Object Repository/RAD_Pages/PaymentEntry_Page/select_State' 

2023-09-14 20:54:17 - [TEST_STEP][PASSED] - setText(findTestObject(orPath_PaymentEntry + "/input__cardNumber"), "4111111111111111"): Text '4111111111111111' is set on object 'Object Repository/RAD_Pages/PaymentEntry_Page/input__cardNumber'

2023-09-14 20:54:18 - [MESSAGE][PASSED] - Text '4111111111111111' is set on object 'Object Repository/RAD_Pages/PaymentEntry_Page/input__cardNumber'

2023-09-14 20:54:18 - [TEST_STEP][PASSED] - setText(findTestObject(orPath_PaymentEntry + "/input__spc"), "123"): Text '123' is set on object 'Object Repository/RAD_Pages/PaymentEntry_Page/input__spc'

2023-09-14 20:54:19 - [MESSAGE][PASSED] - Text '123' is set on object 'Object Repository/RAD_Pages/PaymentEntry_Page/input__spc'

2023-09-14 20:54:19 - [TEST_STEP][PASSED] - selectOptionByLabel(findTestObject(orPath_PaymentEntry + "/select_MM"), "12", false): All options with label '12' are selected in object 'Object Repository/RAD_Pages/PaymentEntry_Page/select_MM' 

2023-09-14 20:54:20 - [MESSAGE][PASSED] - All options with label '12' are selected in object 'Object Repository/RAD_Pages/PaymentEntry_Page/select_MM' 

2023-09-14 20:54:20 - [TEST_STEP][PASSED] - selectOptionByLabel(findTestObject(orPath_PaymentEntry + "/select_YYYY"), "2028", false): All options with label '2028' are selected in object 'Object Repository/RAD_Pages/PaymentEntry_Page/select_YYYY' 

2023-09-14 20:54:20 - [MESSAGE][PASSED] - All options with label '2028' are selected in object 'Object Repository/RAD_Pages/PaymentEntry_Page/select_YYYY' 

2023-09-14 20:54:20 - [TEST_STEP][PASSED] - click(findTestObject(orPath_PaymentEntry + "/input_Field_ccSubmit")): Object: 'Object Repository/RAD_Pages/PaymentEntry_Page/input_Field_ccSubmit' is clicked on

2023-09-14 20:54:21 - [MESSAGE][PASSED] - Object: 'Object Repository/RAD_Pages/PaymentEntry_Page/input_Field_ccSubmit' is clicked on

2023-09-14 20:54:21 - [TEST_STEP][PASSED] - click(findTestObject(orPath_PaymentConfirmation + "/input_N_confirmNotifyAction")): Object: 'Object Repository/RAD_Pages/PaymentConfirmation_Page/input_N_confirmNotifyAction' is clicked on

2023-09-14 20:54:22 - [MESSAGE][PASSED] - Object: 'Object Repository/RAD_Pages/PaymentConfirmation_Page/input_N_confirmNotifyAction' is clicked on

2023-09-14 20:54:22 - [TEST_STEP][PASSED] - verifyTextPresent("Service Fee Acceptance", true): Text 'Service Fee Acceptance' is present on page  using regular expression

2023-09-14 20:54:23 - [MESSAGE][PASSED] - Text 'Service Fee Acceptance' is present on page  using regular expression

2023-09-14 20:54:23 - [TEST_STEP][PASSED] - verifyTextPresent("This transaction is subject to a Service Fee of ", true): Text 'This transaction is subject to a Service Fee of ' is present on page  using regular expression

2023-09-14 20:54:23 - [MESSAGE][PASSED] - Text 'This transaction is subject to a Service Fee of ' is present on page  using regular expression

2023-09-14 20:54:23 - [TEST_STEP][PASSED] - verifyTextPresent("Payment Amount:", true): Text 'Payment Amount:' is present on page  using regular expression

2023-09-14 20:54:23 - [MESSAGE][PASSED] - Text 'Payment Amount:' is present on page  using regular expression

2023-09-14 20:54:23 - [TEST_STEP][PASSED] - verifyTextPresent("100.00", true): Text '100.00' is present on page  using regular expression

2023-09-14 20:54:23 - [MESSAGE][PASSED] - Text '100.00' is present on page  using regular expression

2023-09-14 20:54:23 - [TEST_STEP][PASSED] - verifyTextPresent("Service Fee:", true): Text 'Service Fee:' is present on page  using regular expression

2023-09-14 20:54:24 - [MESSAGE][PASSED] - Text 'Service Fee:' is present on page  using regular expression

2023-09-14 20:54:24 - [TEST_STEP][PASSED] - verifyTextPresent("2.45", true): Text '2.45' is present on page  using regular expression

2023-09-14 20:54:24 - [MESSAGE][PASSED] - Text '2.45' is present on page  using regular expression

2023-09-14 20:54:24 - [TEST_STEP][PASSED] - verifyTextPresent("Total Amount:", true): Text 'Total Amount:' is present on page  using regular expression

2023-09-14 20:54:24 - [MESSAGE][PASSED] - Text 'Total Amount:' is present on page  using regular expression

2023-09-14 20:54:24 - [TEST_STEP][PASSED] - verifyTextPresent("102.45", true): Text '102.45' is present on page  using regular expression

2023-09-14 20:54:25 - [MESSAGE][PASSED] - Text '102.45' is present on page  using regular expression

2023-09-14 20:54:25 - [TEST_STEP][PASSED] - verifyTextPresent("Two transactions will appear on your bank statement, one in the amount of", true): Text 'Two transactions will appear on your bank statement, one in the amount of' is present on page  using regular expression

2023-09-14 20:54:25 - [MESSAGE][PASSED] - Text 'Two transactions will appear on your bank statement, one in the amount of' is present on page  using regular expression

2023-09-14 20:54:25 - [TEST_STEP][PASSED] - verifyElementPresent(findTestObject(orPath_ServiceFeesAccept + "/input_convFeeNotifyAction"), 30): Object 'Object Repository/RAD_Pages/ServiceFeeAccept_Page/input_convFeeNotifyAction' is present

2023-09-14 20:54:25 - [MESSAGE][PASSED] - Object 'Object Repository/RAD_Pages/ServiceFeeAccept_Page/input_convFeeNotifyAction' is present]]></system-out>
         <system-err><![CDATA[]]></system-err>
      </testcase>
      <system-out><![CDATA[2023-09-14 20:50:17 - [TEST_SUITE][PASSED] - Temp: Test Cases/RAD_TestCases/BeforePayments_TestCases/Personal_Individual_BeforePayments_TC]]></system-out>
      <system-err><![CDATA[]]></system-err>
   </testsuite>
</testsuites>
