<?xml version="1.0" encoding="UTF-8"?>
<testsuites name="IWP30 Smoke TestSuite" time="3350.353" tests="17" failures="7" errors="0">
   <testsuite name="IWP30 Smoke TestSuite" tests="17" failures="7" errors="0" time="3350.353" skipped="0" timestamp="2024-08-28 22:18:31" hostname="imtiaz - DESKTOP-B2QI6NS.govolution.com" id="Test Suites/QA/IWP3.0/IWP30 Smoke TestSuite">
      <properties>
         <property name="deviceName" value=""/>
         <property name="devicePlatform" value=""/>
         <property name="logFolder" value="E:\\Cloned-Project-Katalon\\VPS-Katalon\\Reports\\20240828_221824\\QA\\IWP3.0\\IWP30 Smoke TestSuite\\20240828_221824"/>
         <property name="logFiles" value="E:\\Cloned-Project-Katalon\\VPS-Katalon\\Reports\\20240828_221824\\QA\\IWP3.0\\IWP30 Smoke TestSuite\\20240828_221824\\execution0.log"/>
         <property name="attachments" value="E:\\Cloned-Project-Katalon\\VPS-Katalon\\Reports\\20240828_221824\\QA\\IWP3.0\\IWP30 Smoke TestSuite\\20240828_221824\\1724898226836.png, E:\\Cloned-Project-Katalon\\VPS-Katalon\\Reports\\20240828_221824\\QA\\IWP3.0\\IWP30 Smoke TestSuite\\20240828_221824\\1724898359100.png, E:\\Cloned-Project-Katalon\\VPS-Katalon\\Reports\\20240828_221824\\QA\\IWP3.0\\IWP30 Smoke TestSuite\\20240828_221824\\1724898489912.png, E:\\Cloned-Project-Katalon\\VPS-Katalon\\Reports\\20240828_221824\\QA\\IWP3.0\\IWP30 Smoke TestSuite\\20240828_221824\\1724898620090.png, E:\\Cloned-Project-Katalon\\VPS-Katalon\\Reports\\20240828_221824\\QA\\IWP3.0\\IWP30 Smoke TestSuite\\20240828_221824\\1724898751239.png, E:\\Cloned-Project-Katalon\\VPS-Katalon\\Reports\\20240828_221824\\QA\\IWP3.0\\IWP30 Smoke TestSuite\\20240828_221824\\1724898881566.png, E:\\Cloned-Project-Katalon\\VPS-Katalon\\Reports\\20240828_221824\\QA\\IWP3.0\\IWP30 Smoke TestSuite\\20240828_221824\\1724899011533.png, E:\\Cloned-Project-Katalon\\VPS-Katalon\\Reports\\20240828_221824\\QA\\IWP3.0\\IWP30 Smoke TestSuite\\20240828_221824\\1724899141818.png, E:\\Cloned-Project-Katalon\\VPS-Katalon\\Reports\\20240828_221824\\QA\\IWP3.0\\IWP30 Smoke TestSuite\\20240828_221824\\1724899273118.png, E:\\Cloned-Project-Katalon\\VPS-Katalon\\Reports\\20240828_221824\\QA\\IWP3.0\\IWP30 Smoke TestSuite\\20240828_221824\\1724899359208.png, E:\\Cloned-Project-Katalon\\VPS-Katalon\\Reports\\20240828_221824\\QA\\IWP3.0\\IWP30 Smoke TestSuite\\20240828_221824\\1724899444858.png, E:\\Cloned-Project-Katalon\\VPS-Katalon\\Reports\\20240828_221824\\QA\\IWP3.0\\IWP30 Smoke TestSuite\\20240828_221824\\1724899490375.png, E:\\Cloned-Project-Katalon\\VPS-Katalon\\Reports\\20240828_221824\\QA\\IWP3.0\\IWP30 Smoke TestSuite\\20240828_221824\\1724899525361.png"/>
         <property name="hostName" value="imtiaz - DESKTOP-B2QI6NS.govolution.com"/>
         <property name="os" value="Windows 10 64bit"/>
         <property name="katalonVersion" value="8.6.9.208"/>
         <property name="browser" value="Chrome 127.0.0.0"/>
         <property name="hostAddress" value="172.31.253.185"/>
         <property name="sessionId" value="99c7ab66a908856ab90af64a25406981"/>
         <property name="seleniumVersion" value="3.141.59"/>
         <property name="proxyInformation" value="ProxyInformation { proxyOption=NO_PROXY, proxyServerType=HTTP, username=, password=********, proxyServerAddress=, proxyServerPort=0, executionList=&quot;&quot;, isApplyToDesiredCapabilities=true }"/>
         <property name="platform" value="Windows 10"/>
      </properties>
      <testcase name="Test Cases/IntegratedWeb/IWP30/Payments/PayNowSuccessfulPaymentNoCFCC" time="238.793" classname="Test Cases/IntegratedWeb/IWP30/Payments/PayNowSuccessfulPaymentNoCFCC" status="PASSED">
         <system-out><![CDATA[2024-08-28 22:18:31 - [TEST_CASE][PASSED] - Test Cases/IntegratedWeb/IWP30/Payments/PayNowSuccessfulPaymentNoCFCC: Test Cases/IntegratedWeb/IWP30/Payments/PayNowSuccessfulPaymentNoCFCC

2024-08-28 22:18:32 - [TEST_STEP][PASSED] - resText = "Fail": null

2024-08-28 22:18:32 - [TEST_STEP][PASSED] - resColumn = "Result": null

2024-08-28 22:18:32 - [TEST_STEP][PASSED] - datCloumn = "Date": null

2024-08-28 22:18:32 - [TEST_STEP][PASSED] - fileLoc = "KatalonData/IWPTestData/VRelay30PayNowCC.xlsx": null

2024-08-28 22:18:32 - [TEST_STEP][PASSED] - numOfRows = <not implemented yet for class: org.codehaus.groovy.ast.expr.EmptyExpression>: null

2024-08-28 22:18:32 - [TEST_STEP][PASSED] - dataFile = <not implemented yet for class: org.codehaus.groovy.ast.expr.EmptyExpression>: null

2024-08-28 22:18:32 - [TEST_STEP][PASSED] - nameSheet = <not implemented yet for class: org.codehaus.groovy.ast.expr.EmptyExpression>: null

2024-08-28 22:18:32 - [TEST_STEP][PASSED] - dataFileEmulator = <not implemented yet for class: org.codehaus.groovy.ast.expr.EmptyExpression>: null

2024-08-28 22:18:32 - [TEST_STEP][PASSED] - nameSheet = "PayNowCC": null

2024-08-28 22:18:32 - [TEST_STEP][PASSED] - dataFile = "IWPTestData/PayNowCreditCard": null

2024-08-28 22:18:32 - [TEST_STEP][PASSED] - dataFileEmulator = "IWPTestData/EmulatorData": null

2024-08-28 22:18:32 - [TEST_STEP][PASSED] - numOfRows = findTestData(dataFile).getRowNumbers(): null

2024-08-28 22:18:33 - [TEST_STEP][PASSED] - println("Number of Records: " + numOfRows): null

2024-08-28 22:18:33 - [TEST_STEP][PASSED] - for ([row = 1, row <= numOfRows, (row++)]): Browser is closed

2024-08-28 22:18:33 - [TEST_STEP][PASSED] - ExecuteTC = findTestData(dataFile).getValue("Execute", row): null

2024-08-28 22:18:33 - [TEST_STEP][PASSED] - out.println("Value of Execute is : " + ExecuteTC): null

2024-08-28 22:18:33 - [TEST_STEP][PASSED] - if (ExecuteTC.equalsIgnoreCase("Y")): Browser is closed

2024-08-28 22:18:33 - [TEST_STEP][PASSED] - out.println("Begin Record Number: " + row): null

2024-08-28 22:18:33 - [TEST_STEP][PASSED] - today = new java.util.Date(): null

2024-08-28 22:18:33 - [TEST_STEP][PASSED] - println(today): null

2024-08-28 22:18:33 - [TEST_STEP][PASSED] - datText = today: null

2024-08-28 22:18:33 - [TEST_STEP][PASSED] - EmulatorDataKey = findTestData(dataFile).getValue("EmulatorData", row): null

2024-08-28 22:18:33 - [TEST_STEP][PASSED] - out.println("Value of Emulator Key is : " + EmulatorDataKey): null

2024-08-28 22:18:33 - [TEST_STEP][PASSED] - iwpPages.emulatorIWP30.setDataEmulator_DD(EmulatorDataKey): iwpPages.emulatorIWP30.setDataEmulator_DD is PASSED

2024-08-28 22:18:35 - [MESSAGE][INFO] - Starting 'Chrome' driver

2024-08-28 22:18:36 - [MESSAGE][INFO] - User set preference: ['acceptInsecureCerts', 'true']

2024-08-28 22:18:36 - [MESSAGE][INFO] - Action delay is set to 0 milliseconds

2024-08-28 22:18:39 - [MESSAGE][PASSED] - Browser is opened with url: 'https://qa2.velocitypayment.com/agency/config.do?action=editor&message_version=3_0'

2024-08-28 22:18:39 - [MESSAGE][PASSED] - Current window maximized

2024-08-28 22:18:41 - [MESSAGE][PASSED] - All options with value '3.0' are selected in object 'Object Repository/IWP30/Page_VRelay30Emulator/MV'  using regular expression

2024-08-28 22:18:41 - [MESSAGE][PASSED] - Text '10.50' is set on object 'Object Repository/IWP30/Page_VRelay30Emulator/Amount'

2024-08-28 22:18:42 - [MESSAGE][PASSED] - Text '26412167' is set on object 'Object Repository/IWP30/Page_VRelay30Emulator/CAN'

2024-08-28 22:18:43 - [MESSAGE][PASSED] - Text 'PayNow' is set on object 'Object Repository/IWP30/Page_VRelay30Emulator/Action'

2024-08-28 22:18:44 - [MESSAGE][PASSED] - Text 'en_US' is set on object 'Object Repository/IWP30/Page_VRelay30Emulator/Lang'

2024-08-28 22:18:44 - [MESSAGE][PASSED] - Text 'Elizath' is set on object 'Object Repository/IWP30/Page_VRelay30Emulator/Fname'

2024-08-28 22:18:45 - [MESSAGE][PASSED] - Text 'Christine' is set on object 'Object Repository/IWP30/Page_VRelay30Emulator/Lname'

2024-08-28 22:18:46 - [MESSAGE][PASSED] - Text '258 Underwood rd' is set on object 'Object Repository/IWP30/Page_VRelay30Emulator/AL1'

2024-08-28 22:18:46 - [MESSAGE][PASSED] - Text 'Suite 600' is set on object 'Object Repository/IWP30/Page_VRelay30Emulator/AL2'

2024-08-28 22:18:47 - [MESSAGE][PASSED] - Text '840' is set on object 'Object Repository/IWP30/Page_VRelay30Emulator/Country'

2024-08-28 22:18:48 - [MESSAGE][PASSED] - Text 'Arlington' is set on object 'Object Repository/IWP30/Page_VRelay30Emulator/City'

2024-08-28 22:18:48 - [MESSAGE][PASSED] - Text 'VA' is set on object 'Object Repository/IWP30/Page_VRelay30Emulator/State'

2024-08-28 22:18:49 - [MESSAGE][PASSED] - Text '22201' is set on object 'Object Repository/IWP30/Page_VRelay30Emulator/ZIP'

2024-08-28 22:18:50 - [MESSAGE][PASSED] - Text '' is set on object 'Object Repository/IWP30/Page_VRelay30Emulator/Order'

2024-08-28 22:18:50 - [MESSAGE][PASSED] - Text '' is set on object 'Object Repository/IWP30/Page_VRelay30Emulator/Company'

2024-08-28 22:18:51 - [MESSAGE][PASSED] - Text 'iahmed@govolution.com' is set on object 'Object Repository/IWP30/Page_VRelay30Emulator/Email'

2024-08-28 22:18:52 - [MESSAGE][PASSED] - Text 'udf data 1' is set on object 'Object Repository/IWP30/Page_VRelay30Emulator/UDF1'

2024-08-28 22:18:53 - [MESSAGE][PASSED] - Text 'udf data 2' is set on object 'Object Repository/IWP30/Page_VRelay30Emulator/UDF2'

2024-08-28 22:18:53 - [MESSAGE][PASSED] - Text 'udf data 3' is set on object 'Object Repository/IWP30/Page_VRelay30Emulator/UDF3'

2024-08-28 22:18:54 - [MESSAGE][PASSED] - Text 'udf data 4' is set on object 'Object Repository/IWP30/Page_VRelay30Emulator/UDF4'

2024-08-28 22:18:55 - [MESSAGE][PASSED] - Text 'udf data 5' is set on object 'Object Repository/IWP30/Page_VRelay30Emulator/UDF5'

2024-08-28 22:18:55 - [MESSAGE][PASSED] - Text 'udf data 6' is set on object 'Object Repository/IWP30/Page_VRelay30Emulator/UDF6'

2024-08-28 22:18:56 - [MESSAGE][PASSED] - Text 'Orange' is set on object 'Object Repository/IWP30/Page_VRelay30Emulator/UDF7'

2024-08-28 22:18:57 - [MESSAGE][PASSED] - Text 'Soccer' is set on object 'Object Repository/IWP30/Page_VRelay30Emulator/UDF8'

2024-08-28 22:18:57 - [MESSAGE][PASSED] - Text 'udf data 9' is set on object 'Object Repository/IWP30/Page_VRelay30Emulator/UDF9'

2024-08-28 22:18:58 - [MESSAGE][PASSED] - Text 'udf data 10' is set on object 'Object Repository/IWP30/Page_VRelay30Emulator/UDF10'

2024-08-28 22:18:59 - [MESSAGE][PASSED] - Object: 'Object Repository/IWP30/Page_VRelay30Emulator/Submit' is clicked on

2024-08-28 22:19:04 - [MESSAGE][PASSED] - Browser is closed

2024-08-28 22:19:08 - [MESSAGE][PASSED] - iwpPages.emulatorIWP30.setDataEmulator_DD is PASSED

2024-08-28 22:19:08 - [TEST_STEP][PASSED] - testHarnessURL = urlTestHarness: null

2024-08-28 22:19:08 - [TEST_STEP][PASSED] - openBrowser(testHarnessURL): Browser is opened with url: 'https://dev-algorithm.govolution.com/vrelaytest/QA2/version_2_2/vrelaytest.html'

2024-08-28 22:19:08 - [MESSAGE][INFO] - Starting 'Chrome' driver

2024-08-28 22:19:08 - [MESSAGE][INFO] - User set preference: ['acceptInsecureCerts', 'true']

2024-08-28 22:19:08 - [MESSAGE][INFO] - Action delay is set to 0 milliseconds

2024-08-28 22:19:10 - [MESSAGE][PASSED] - Browser is opened with url: 'https://dev-algorithm.govolution.com/vrelaytest/QA2/version_2_2/vrelaytest.html'

2024-08-28 22:19:10 - [TEST_STEP][PASSED] - maximizeWindow(): Current window maximized

2024-08-28 22:19:10 - [MESSAGE][PASSED] - Current window maximized

2024-08-28 22:19:10 - [TEST_STEP][PASSED] - iwpPages.TestHarnessPage.setDataMethod(row, dataFile): iwpPages.TestHarnessPage.setDataMethod is PASSED

2024-08-28 22:19:11 - [MESSAGE][PASSED] - Object 'Object Repository/IWP30/Page_QATestHarness/RemittanceID' is present

2024-08-28 22:19:11 - [MESSAGE][PASSED] - Text '649' is set on object 'Object Repository/IWP30/Page_QATestHarness/ApplicationID'

2024-08-28 22:19:12 - [MESSAGE][PASSED] - Text '3.0' is set on object 'Object Repository/IWP30/Page_QATestHarness/MessageVersion'

2024-08-28 22:19:13 - [MESSAGE][PASSED] - Text 'dOleiqB6h7PM' is set on object 'Object Repository/IWP30/Page_QATestHarness/RemittanceID'

2024-08-28 22:19:15 - [MESSAGE][PASSED] - Object: 'Object Repository/IWP30/Page_QATestHarness/SubmitButton' is clicked on

2024-08-28 22:19:15 - [MESSAGE][PASSED] - iwpPages.TestHarnessPage.setDataMethod is PASSED

2024-08-28 22:19:15 - [TEST_STEP][PASSED] - check(findTestObject("Object Repository/IWP30/Page_SelectPaymentMethod/PayByCreditCard")): Object 'Object Repository/IWP30/Page_SelectPaymentMethod/PayByCreditCard' is checked

2024-08-28 22:19:15 - [MESSAGE][PASSED] - Object 'Object Repository/IWP30/Page_SelectPaymentMethod/PayByCreditCard' is checked

2024-08-28 22:19:15 - [TEST_STEP][PASSED] - click(findTestObject("Object Repository/IWP30/Page_SelectPaymentMethod/MakePaymentButton")): Object: 'Object Repository/IWP30/Page_SelectPaymentMethod/MakePaymentButton' is clicked on

2024-08-28 22:19:17 - [MESSAGE][PASSED] - Object: 'Object Repository/IWP30/Page_SelectPaymentMethod/MakePaymentButton' is clicked on

2024-08-28 22:19:17 - [TEST_STEP][PASSED] - iwpPages.ccPaymentEntryPage.setDataIWPCreditCard(row, dataFile): iwpPages.ccPaymentEntryPage.setDataIWPCreditCard is PASSED

2024-08-28 22:19:19 - [MESSAGE][PASSED] - Object 'Object Repository/IWP30/Page_CCPaymentEntry/Name' is present

2024-08-28 22:19:19 - [MESSAGE][PASSED] - Text '5146312200000035' is set on object 'Object Repository/IWP30/Page_CCPaymentEntry/CardNumber'

2024-08-28 22:19:20 - [MESSAGE][PASSED] - Text '123' is set on object 'Object Repository/IWP30/Page_CCPaymentEntry/SPC'

2024-08-28 22:19:21 - [MESSAGE][PASSED] - All options with label '09' are selected in object 'Object Repository/IWP30/Page_CCPaymentEntry/Month' 

2024-08-28 22:19:21 - [MESSAGE][PASSED] - All options with label '2028' are selected in object 'Object Repository/IWP30/Page_CCPaymentEntry/Year' 

2024-08-28 22:19:22 - [MESSAGE][PASSED] - Object 'Object Repository/IWP30/Page_CCPaymentEntry/TermCondCheckBox' is present

2024-08-28 22:19:22 - [MESSAGE][PASSED] - Object 'Object Repository/IWP30/Page_CCPaymentEntry/TermCondCheckBox' is checked

2024-08-28 22:19:22 - [MESSAGE][PASSED] - Object 'Object Repository/IWP30/Page_CCPaymentEntry/ContinueButton' is present

2024-08-28 22:19:23 - [MESSAGE][PASSED] - Object: 'Object Repository/IWP30/Page_CCPaymentEntry/ContinueButton' is clicked on

2024-08-28 22:19:23 - [MESSAGE][PASSED] - iwpPages.ccPaymentEntryPage.setDataIWPCreditCard is PASSED

2024-08-28 22:19:23 - [TEST_STEP][PASSED] - click(findTestObject("Object Repository/IWP30/Page_Confirmation/ConfirmButton")): Object: 'Object Repository/IWP30/Page_Confirmation/ConfirmButton' is clicked on

2024-08-28 22:19:25 - [MESSAGE][PASSED] - Object: 'Object Repository/IWP30/Page_Confirmation/ConfirmButton' is clicked on

2024-08-28 22:19:25 - [TEST_STEP][PASSED] - Thread.sleep(10000): null

2024-08-28 22:19:35 - [TEST_STEP][PASSED] - if (verifyTextPresent("Successful Payment Receipt", false)): null

2024-08-28 22:19:35 - [MESSAGE][PASSED] - Text 'Successful Payment Receipt' is present on page 

2024-08-28 22:19:35 - [TEST_STEP][PASSED] - println("Successful Payment Receipt text is present on the Receipt page"): null

2024-08-28 22:19:35 - [TEST_STEP][PASSED] - markPassed("Successful Payment Receipt text is present on the Receipt page"): Successful Payment Receipt text is present on the Receipt page

2024-08-28 22:19:35 - [MESSAGE][PASSED] - Successful Payment Receipt text is present on the Receipt page

2024-08-28 22:19:35 - [TEST_STEP][PASSED] - resText = "Pass": null

2024-08-28 22:19:35 - [TEST_STEP][PASSED] - pages.WriteExcel.demoKey(resText, datText, resColumn, datCloumn, fileLoc, nameSheet, row): pages.WriteExcel.demoKey is PASSED

2024-08-28 22:19:36 - [MESSAGE][PASSED] - pages.WriteExcel.demoKey is PASSED

2024-08-28 22:19:36 - [TEST_STEP][PASSED] - closeBrowser(): Browser is closed

2024-08-28 22:19:37 - [MESSAGE][PASSED] - Browser is closed

2024-08-28 22:19:37 - [TEST_STEP][PASSED] - ExecuteTC = findTestData(dataFile).getValue("Execute", row): null

2024-08-28 22:19:37 - [TEST_STEP][PASSED] - out.println("Value of Execute is : " + ExecuteTC): null

2024-08-28 22:19:37 - [TEST_STEP][PASSED] - if (ExecuteTC.equalsIgnoreCase("Y")): Browser is closed

2024-08-28 22:19:37 - [TEST_STEP][PASSED] - out.println("Begin Record Number: " + row): null

2024-08-28 22:19:37 - [TEST_STEP][PASSED] - today = new java.util.Date(): null

2024-08-28 22:19:37 - [TEST_STEP][PASSED] - println(today): null

2024-08-28 22:19:37 - [TEST_STEP][PASSED] - datText = today: null

2024-08-28 22:19:37 - [TEST_STEP][PASSED] - EmulatorDataKey = findTestData(dataFile).getValue("EmulatorData", row): null

2024-08-28 22:19:37 - [TEST_STEP][PASSED] - out.println("Value of Emulator Key is : " + EmulatorDataKey): null

2024-08-28 22:19:37 - [TEST_STEP][PASSED] - iwpPages.emulatorIWP30.setDataEmulator_DD(EmulatorDataKey): iwpPages.emulatorIWP30.setDataEmulator_DD is PASSED

2024-08-28 22:19:38 - [MESSAGE][INFO] - Starting 'Chrome' driver

2024-08-28 22:19:38 - [MESSAGE][INFO] - User set preference: ['acceptInsecureCerts', 'true']

2024-08-28 22:19:38 - [MESSAGE][INFO] - Action delay is set to 0 milliseconds

2024-08-28 22:19:40 - [MESSAGE][PASSED] - Browser is opened with url: 'https://qa2.velocitypayment.com/agency/config.do?action=editor&message_version=3_0'

2024-08-28 22:19:40 - [MESSAGE][PASSED] - Current window maximized

2024-08-28 22:19:41 - [MESSAGE][PASSED] - All options with value '3.0' are selected in object 'Object Repository/IWP30/Page_VRelay30Emulator/MV'  using regular expression

2024-08-28 22:19:42 - [MESSAGE][PASSED] - Text '10.50' is set on object 'Object Repository/IWP30/Page_VRelay30Emulator/Amount'

2024-08-28 22:19:43 - [MESSAGE][PASSED] - Text '26412167' is set on object 'Object Repository/IWP30/Page_VRelay30Emulator/CAN'

2024-08-28 22:19:43 - [MESSAGE][PASSED] - Text 'PayNow' is set on object 'Object Repository/IWP30/Page_VRelay30Emulator/Action'

2024-08-28 22:19:44 - [MESSAGE][PASSED] - Text 'en_US' is set on object 'Object Repository/IWP30/Page_VRelay30Emulator/Lang'

2024-08-28 22:19:44 - [MESSAGE][PASSED] - Text 'Elizath' is set on object 'Object Repository/IWP30/Page_VRelay30Emulator/Fname'

2024-08-28 22:19:45 - [MESSAGE][PASSED] - Text 'Christine' is set on object 'Object Repository/IWP30/Page_VRelay30Emulator/Lname'

2024-08-28 22:19:46 - [MESSAGE][PASSED] - Text '258 Underwood rd' is set on object 'Object Repository/IWP30/Page_VRelay30Emulator/AL1'

2024-08-28 22:19:46 - [MESSAGE][PASSED] - Text 'Suite 600' is set on object 'Object Repository/IWP30/Page_VRelay30Emulator/AL2'

2024-08-28 22:19:47 - [MESSAGE][PASSED] - Text '840' is set on object 'Object Repository/IWP30/Page_VRelay30Emulator/Country'

2024-08-28 22:19:48 - [MESSAGE][PASSED] - Text 'Arlington' is set on object 'Object Repository/IWP30/Page_VRelay30Emulator/City'

2024-08-28 22:19:48 - [MESSAGE][PASSED] - Text 'VA' is set on object 'Object Repository/IWP30/Page_VRelay30Emulator/State'

2024-08-28 22:19:49 - [MESSAGE][PASSED] - Text '22201' is set on object 'Object Repository/IWP30/Page_VRelay30Emulator/ZIP'

2024-08-28 22:19:50 - [MESSAGE][PASSED] - Text '' is set on object 'Object Repository/IWP30/Page_VRelay30Emulator/Order'

2024-08-28 22:19:50 - [MESSAGE][PASSED] - Text '' is set on object 'Object Repository/IWP30/Page_VRelay30Emulator/Company'

2024-08-28 22:19:51 - [MESSAGE][PASSED] - Text 'iahmed@govolution.com' is set on object 'Object Repository/IWP30/Page_VRelay30Emulator/Email'

2024-08-28 22:19:52 - [MESSAGE][PASSED] - Text 'udf data 1' is set on object 'Object Repository/IWP30/Page_VRelay30Emulator/UDF1'

2024-08-28 22:19:53 - [MESSAGE][PASSED] - Text 'udf data 2' is set on object 'Object Repository/IWP30/Page_VRelay30Emulator/UDF2'

2024-08-28 22:19:53 - [MESSAGE][PASSED] - Text 'udf data 3' is set on object 'Object Repository/IWP30/Page_VRelay30Emulator/UDF3'

2024-08-28 22:19:54 - [MESSAGE][PASSED] - Text 'udf data 4' is set on object 'Object Repository/IWP30/Page_VRelay30Emulator/UDF4'

2024-08-28 22:19:54 - [MESSAGE][PASSED] - Text 'udf data 5' is set on object 'Object Repository/IWP30/Page_VRelay30Emulator/UDF5'

2024-08-28 22:19:55 - [MESSAGE][PASSED] - Text 'udf data 6' is set on object 'Object Repository/IWP30/Page_VRelay30Emulator/UDF6'

2024-08-28 22:19:56 - [MESSAGE][PASSED] - Text 'Orange' is set on object 'Object Repository/IWP30/Page_VRelay30Emulator/UDF7'

2024-08-28 22:19:56 - [MESSAGE][PASSED] - Text 'Soccer' is set on object 'Object Repository/IWP30/Page_VRelay30Emulator/UDF8'

2024-08-28 22:19:57 - [MESSAGE][PASSED] - Text 'udf data 9' is set on object 'Object Repository/IWP30/Page_VRelay30Emulator/UDF9'

2024-08-28 22:19:58 - [MESSAGE][PASSED] - Text 'udf data 10' is set on object 'Object Repository/IWP30/Page_VRelay30Emulator/UDF10'

2024-08-28 22:19:58 - [MESSAGE][PASSED] - Object: 'Object Repository/IWP30/Page_VRelay30Emulator/Submit' is clicked on

2024-08-28 22:20:04 - [MESSAGE][PASSED] - Browser is closed

2024-08-28 22:20:08 - [MESSAGE][PASSED] - iwpPages.emulatorIWP30.setDataEmulator_DD is PASSED

2024-08-28 22:20:08 - [TEST_STEP][PASSED] - testHarnessURL = urlTestHarness: null

2024-08-28 22:20:08 - [TEST_STEP][PASSED] - openBrowser(testHarnessURL): Browser is opened with url: 'https://dev-algorithm.govolution.com/vrelaytest/QA2/version_2_2/vrelaytest.html'

2024-08-28 22:20:08 - [MESSAGE][INFO] - Starting 'Chrome' driver

2024-08-28 22:20:08 - [MESSAGE][INFO] - User set preference: ['acceptInsecureCerts', 'true']

2024-08-28 22:20:08 - [MESSAGE][INFO] - Action delay is set to 0 milliseconds

2024-08-28 22:20:10 - [MESSAGE][PASSED] - Browser is opened with url: 'https://dev-algorithm.govolution.com/vrelaytest/QA2/version_2_2/vrelaytest.html'

2024-08-28 22:20:10 - [TEST_STEP][PASSED] - maximizeWindow(): Current window maximized

2024-08-28 22:20:10 - [MESSAGE][PASSED] - Current window maximized

2024-08-28 22:20:10 - [TEST_STEP][PASSED] - iwpPages.TestHarnessPage.setDataMethod(row, dataFile): iwpPages.TestHarnessPage.setDataMethod is PASSED

2024-08-28 22:20:10 - [MESSAGE][PASSED] - Object 'Object Repository/IWP30/Page_QATestHarness/RemittanceID' is present

2024-08-28 22:20:11 - [MESSAGE][PASSED] - Text '649' is set on object 'Object Repository/IWP30/Page_QATestHarness/ApplicationID'

2024-08-28 22:20:12 - [MESSAGE][PASSED] - Text '3.0' is set on object 'Object Repository/IWP30/Page_QATestHarness/MessageVersion'

2024-08-28 22:20:13 - [MESSAGE][PASSED] - Text 'MbmtEgumnfId' is set on object 'Object Repository/IWP30/Page_QATestHarness/RemittanceID'

2024-08-28 22:20:14 - [MESSAGE][PASSED] - Object: 'Object Repository/IWP30/Page_QATestHarness/SubmitButton' is clicked on

2024-08-28 22:20:14 - [MESSAGE][PASSED] - iwpPages.TestHarnessPage.setDataMethod is PASSED

2024-08-28 22:20:14 - [TEST_STEP][PASSED] - check(findTestObject("Object Repository/IWP30/Page_SelectPaymentMethod/PayByCreditCard")): Object 'Object Repository/IWP30/Page_SelectPaymentMethod/PayByCreditCard' is checked

2024-08-28 22:20:15 - [MESSAGE][PASSED] - Object 'Object Repository/IWP30/Page_SelectPaymentMethod/PayByCreditCard' is checked

2024-08-28 22:20:15 - [TEST_STEP][PASSED] - click(findTestObject("Object Repository/IWP30/Page_SelectPaymentMethod/MakePaymentButton")): Object: 'Object Repository/IWP30/Page_SelectPaymentMethod/MakePaymentButton' is clicked on

2024-08-28 22:20:16 - [MESSAGE][PASSED] - Object: 'Object Repository/IWP30/Page_SelectPaymentMethod/MakePaymentButton' is clicked on

2024-08-28 22:20:16 - [TEST_STEP][PASSED] - iwpPages.ccPaymentEntryPage.setDataIWPCreditCard(row, dataFile): iwpPages.ccPaymentEntryPage.setDataIWPCreditCard is PASSED

2024-08-28 22:20:18 - [MESSAGE][PASSED] - Object 'Object Repository/IWP30/Page_CCPaymentEntry/Name' is present

2024-08-28 22:20:19 - [MESSAGE][PASSED] - Text '4761730000000011' is set on object 'Object Repository/IWP30/Page_CCPaymentEntry/CardNumber'

2024-08-28 22:20:19 - [MESSAGE][PASSED] - Text '123' is set on object 'Object Repository/IWP30/Page_CCPaymentEntry/SPC'

2024-08-28 22:20:20 - [MESSAGE][PASSED] - All options with label '12' are selected in object 'Object Repository/IWP30/Page_CCPaymentEntry/Month' 

2024-08-28 22:20:20 - [MESSAGE][PASSED] - All options with label '2028' are selected in object 'Object Repository/IWP30/Page_CCPaymentEntry/Year' 

2024-08-28 22:20:21 - [MESSAGE][PASSED] - Object 'Object Repository/IWP30/Page_CCPaymentEntry/TermCondCheckBox' is present

2024-08-28 22:20:21 - [MESSAGE][PASSED] - Object 'Object Repository/IWP30/Page_CCPaymentEntry/TermCondCheckBox' is checked

2024-08-28 22:20:21 - [MESSAGE][PASSED] - Object 'Object Repository/IWP30/Page_CCPaymentEntry/ContinueButton' is present

2024-08-28 22:20:22 - [MESSAGE][PASSED] - Object: 'Object Repository/IWP30/Page_CCPaymentEntry/ContinueButton' is clicked on

2024-08-28 22:20:22 - [MESSAGE][PASSED] - iwpPages.ccPaymentEntryPage.setDataIWPCreditCard is PASSED

2024-08-28 22:20:22 - [TEST_STEP][PASSED] - click(findTestObject("Object Repository/IWP30/Page_Confirmation/ConfirmButton")): Object: 'Object Repository/IWP30/Page_Confirmation/ConfirmButton' is clicked on

2024-08-28 22:20:24 - [MESSAGE][PASSED] - Object: 'Object Repository/IWP30/Page_Confirmation/ConfirmButton' is clicked on

2024-08-28 22:20:24 - [TEST_STEP][PASSED] - Thread.sleep(10000): null

2024-08-28 22:20:34 - [TEST_STEP][PASSED] - if (verifyTextPresent("Successful Payment Receipt", false)): null

2024-08-28 22:20:34 - [MESSAGE][PASSED] - Text 'Successful Payment Receipt' is present on page 

2024-08-28 22:20:34 - [TEST_STEP][PASSED] - println("Successful Payment Receipt text is present on the Receipt page"): null

2024-08-28 22:20:34 - [TEST_STEP][PASSED] - markPassed("Successful Payment Receipt text is present on the Receipt page"): Successful Payment Receipt text is present on the Receipt page

2024-08-28 22:20:34 - [MESSAGE][PASSED] - Successful Payment Receipt text is present on the Receipt page

2024-08-28 22:20:34 - [TEST_STEP][PASSED] - resText = "Pass": null

2024-08-28 22:20:34 - [TEST_STEP][PASSED] - pages.WriteExcel.demoKey(resText, datText, resColumn, datCloumn, fileLoc, nameSheet, row): pages.WriteExcel.demoKey is PASSED

2024-08-28 22:20:34 - [MESSAGE][PASSED] - pages.WriteExcel.demoKey is PASSED

2024-08-28 22:20:34 - [TEST_STEP][PASSED] - closeBrowser(): Browser is closed

2024-08-28 22:20:35 - [MESSAGE][PASSED] - Browser is closed

2024-08-28 22:20:35 - [TEST_STEP][PASSED] - ExecuteTC = findTestData(dataFile).getValue("Execute", row): null

2024-08-28 22:20:36 - [TEST_STEP][PASSED] - out.println("Value of Execute is : " + ExecuteTC): null

2024-08-28 22:20:36 - [TEST_STEP][PASSED] - if (ExecuteTC.equalsIgnoreCase("Y")): Browser is closed

2024-08-28 22:20:36 - [TEST_STEP][PASSED] - out.println("Begin Record Number: " + row): null

2024-08-28 22:20:36 - [TEST_STEP][PASSED] - today = new java.util.Date(): null

2024-08-28 22:20:36 - [TEST_STEP][PASSED] - println(today): null

2024-08-28 22:20:36 - [TEST_STEP][PASSED] - datText = today: null

2024-08-28 22:20:36 - [TEST_STEP][PASSED] - EmulatorDataKey = findTestData(dataFile).getValue("EmulatorData", row): null

2024-08-28 22:20:36 - [TEST_STEP][PASSED] - out.println("Value of Emulator Key is : " + EmulatorDataKey): null

2024-08-28 22:20:36 - [TEST_STEP][PASSED] - iwpPages.emulatorIWP30.setDataEmulator_DD(EmulatorDataKey): iwpPages.emulatorIWP30.setDataEmulator_DD is PASSED

2024-08-28 22:20:36 - [MESSAGE][INFO] - Starting 'Chrome' driver

2024-08-28 22:20:36 - [MESSAGE][INFO] - User set preference: ['acceptInsecureCerts', 'true']

2024-08-28 22:20:36 - [MESSAGE][INFO] - Action delay is set to 0 milliseconds

2024-08-28 22:20:38 - [MESSAGE][PASSED] - Browser is opened with url: 'https://qa2.velocitypayment.com/agency/config.do?action=editor&message_version=3_0'

2024-08-28 22:20:39 - [MESSAGE][PASSED] - Current window maximized

2024-08-28 22:20:40 - [MESSAGE][PASSED] - All options with value '3.0' are selected in object 'Object Repository/IWP30/Page_VRelay30Emulator/MV'  using regular expression

2024-08-28 22:20:40 - [MESSAGE][PASSED] - Text '10.50' is set on object 'Object Repository/IWP30/Page_VRelay30Emulator/Amount'

2024-08-28 22:20:41 - [MESSAGE][PASSED] - Text '26412167' is set on object 'Object Repository/IWP30/Page_VRelay30Emulator/CAN'

2024-08-28 22:20:42 - [MESSAGE][PASSED] - Text 'PayNow' is set on object 'Object Repository/IWP30/Page_VRelay30Emulator/Action'

2024-08-28 22:20:42 - [MESSAGE][PASSED] - Text 'en_US' is set on object 'Object Repository/IWP30/Page_VRelay30Emulator/Lang'

2024-08-28 22:20:43 - [MESSAGE][PASSED] - Text 'Elizath' is set on object 'Object Repository/IWP30/Page_VRelay30Emulator/Fname'

2024-08-28 22:20:44 - [MESSAGE][PASSED] - Text 'Christine' is set on object 'Object Repository/IWP30/Page_VRelay30Emulator/Lname'

2024-08-28 22:20:44 - [MESSAGE][PASSED] - Text '258 Underwood rd' is set on object 'Object Repository/IWP30/Page_VRelay30Emulator/AL1'

2024-08-28 22:20:45 - [MESSAGE][PASSED] - Text 'Suite 600' is set on object 'Object Repository/IWP30/Page_VRelay30Emulator/AL2'

2024-08-28 22:20:46 - [MESSAGE][PASSED] - Text '840' is set on object 'Object Repository/IWP30/Page_VRelay30Emulator/Country'

2024-08-28 22:20:46 - [MESSAGE][PASSED] - Text 'Arlington' is set on object 'Object Repository/IWP30/Page_VRelay30Emulator/City'

2024-08-28 22:20:47 - [MESSAGE][PASSED] - Text 'VA' is set on object 'Object Repository/IWP30/Page_VRelay30Emulator/State'

2024-08-28 22:20:48 - [MESSAGE][PASSED] - Text '22201' is set on object 'Object Repository/IWP30/Page_VRelay30Emulator/ZIP'

2024-08-28 22:20:48 - [MESSAGE][PASSED] - Text '' is set on object 'Object Repository/IWP30/Page_VRelay30Emulator/Order'

2024-08-28 22:20:49 - [MESSAGE][PASSED] - Text '' is set on object 'Object Repository/IWP30/Page_VRelay30Emulator/Company'

2024-08-28 22:20:50 - [MESSAGE][PASSED] - Text 'iahmed@govolution.com' is set on object 'Object Repository/IWP30/Page_VRelay30Emulator/Email'

2024-08-28 22:20:50 - [MESSAGE][PASSED] - Text 'udf data 1' is set on object 'Object Repository/IWP30/Page_VRelay30Emulator/UDF1'

2024-08-28 22:20:51 - [MESSAGE][PASSED] - Text 'udf data 2' is set on object 'Object Repository/IWP30/Page_VRelay30Emulator/UDF2'

2024-08-28 22:20:52 - [MESSAGE][PASSED] - Text 'udf data 3' is set on object 'Object Repository/IWP30/Page_VRelay30Emulator/UDF3'

2024-08-28 22:20:52 - [MESSAGE][PASSED] - Text 'udf data 4' is set on object 'Object Repository/IWP30/Page_VRelay30Emulator/UDF4'

2024-08-28 22:20:53 - [MESSAGE][PASSED] - Text 'udf data 5' is set on object 'Object Repository/IWP30/Page_VRelay30Emulator/UDF5'

2024-08-28 22:20:54 - [MESSAGE][PASSED] - Text 'udf data 6' is set on object 'Object Repository/IWP30/Page_VRelay30Emulator/UDF6'

2024-08-28 22:20:54 - [MESSAGE][PASSED] - Text 'Orange' is set on object 'Object Repository/IWP30/Page_VRelay30Emulator/UDF7'

2024-08-28 22:20:55 - [MESSAGE][PASSED] - Text 'Soccer' is set on object 'Object Repository/IWP30/Page_VRelay30Emulator/UDF8'

2024-08-28 22:20:56 - [MESSAGE][PASSED] - Text 'udf data 9' is set on object 'Object Repository/IWP30/Page_VRelay30Emulator/UDF9'

2024-08-28 22:20:56 - [MESSAGE][PASSED] - Text 'udf data 10' is set on object 'Object Repository/IWP30/Page_VRelay30Emulator/UDF10'

2024-08-28 22:20:57 - [MESSAGE][PASSED] - Object: 'Object Repository/IWP30/Page_VRelay30Emulator/Submit' is clicked on

2024-08-28 22:21:02 - [MESSAGE][PASSED] - Browser is closed

2024-08-28 22:21:06 - [MESSAGE][PASSED] - iwpPages.emulatorIWP30.setDataEmulator_DD is PASSED

2024-08-28 22:21:06 - [TEST_STEP][PASSED] - testHarnessURL = urlTestHarness: null

2024-08-28 22:21:06 - [TEST_STEP][PASSED] - openBrowser(testHarnessURL): Browser is opened with url: 'https://dev-algorithm.govolution.com/vrelaytest/QA2/version_2_2/vrelaytest.html'

2024-08-28 22:21:06 - [MESSAGE][INFO] - Starting 'Chrome' driver

2024-08-28 22:21:06 - [MESSAGE][INFO] - User set preference: ['acceptInsecureCerts', 'true']

2024-08-28 22:21:06 - [MESSAGE][INFO] - Action delay is set to 0 milliseconds

2024-08-28 22:21:08 - [MESSAGE][PASSED] - Browser is opened with url: 'https://dev-algorithm.govolution.com/vrelaytest/QA2/version_2_2/vrelaytest.html'

2024-08-28 22:21:08 - [TEST_STEP][PASSED] - maximizeWindow(): Current window maximized

2024-08-28 22:21:08 - [MESSAGE][PASSED] - Current window maximized

2024-08-28 22:21:08 - [TEST_STEP][PASSED] - iwpPages.TestHarnessPage.setDataMethod(row, dataFile): iwpPages.TestHarnessPage.setDataMethod is PASSED

2024-08-28 22:21:09 - [MESSAGE][PASSED] - Object 'Object Repository/IWP30/Page_QATestHarness/RemittanceID' is present

2024-08-28 22:21:10 - [MESSAGE][PASSED] - Text '649' is set on object 'Object Repository/IWP30/Page_QATestHarness/ApplicationID'

2024-08-28 22:21:10 - [MESSAGE][PASSED] - Text '3.0' is set on object 'Object Repository/IWP30/Page_QATestHarness/MessageVersion'

2024-08-28 22:21:11 - [MESSAGE][PASSED] - Text 'W0lwsm6TB1Or' is set on object 'Object Repository/IWP30/Page_QATestHarness/RemittanceID'

2024-08-28 22:21:12 - [MESSAGE][PASSED] - Object: 'Object Repository/IWP30/Page_QATestHarness/SubmitButton' is clicked on

2024-08-28 22:21:12 - [MESSAGE][PASSED] - iwpPages.TestHarnessPage.setDataMethod is PASSED

2024-08-28 22:21:12 - [TEST_STEP][PASSED] - check(findTestObject("Object Repository/IWP30/Page_SelectPaymentMethod/PayByCreditCard")): Object 'Object Repository/IWP30/Page_SelectPaymentMethod/PayByCreditCard' is checked

2024-08-28 22:21:13 - [MESSAGE][PASSED] - Object 'Object Repository/IWP30/Page_SelectPaymentMethod/PayByCreditCard' is checked

2024-08-28 22:21:13 - [TEST_STEP][PASSED] - click(findTestObject("Object Repository/IWP30/Page_SelectPaymentMethod/MakePaymentButton")): Object: 'Object Repository/IWP30/Page_SelectPaymentMethod/MakePaymentButton' is clicked on

2024-08-28 22:21:14 - [MESSAGE][PASSED] - Object: 'Object Repository/IWP30/Page_SelectPaymentMethod/MakePaymentButton' is clicked on

2024-08-28 22:21:14 - [TEST_STEP][PASSED] - iwpPages.ccPaymentEntryPage.setDataIWPCreditCard(row, dataFile): iwpPages.ccPaymentEntryPage.setDataIWPCreditCard is PASSED

2024-08-28 22:21:15 - [MESSAGE][PASSED] - Object 'Object Repository/IWP30/Page_CCPaymentEntry/Name' is present

2024-08-28 22:21:16 - [MESSAGE][PASSED] - Text '6510000000000216' is set on object 'Object Repository/IWP30/Page_CCPaymentEntry/CardNumber'

2024-08-28 22:21:17 - [MESSAGE][PASSED] - Text '123' is set on object 'Object Repository/IWP30/Page_CCPaymentEntry/SPC'

2024-08-28 22:21:17 - [MESSAGE][PASSED] - All options with label '12' are selected in object 'Object Repository/IWP30/Page_CCPaymentEntry/Month' 

2024-08-28 22:21:18 - [MESSAGE][PASSED] - All options with label '2028' are selected in object 'Object Repository/IWP30/Page_CCPaymentEntry/Year' 

2024-08-28 22:21:18 - [MESSAGE][PASSED] - Object 'Object Repository/IWP30/Page_CCPaymentEntry/TermCondCheckBox' is present

2024-08-28 22:21:19 - [MESSAGE][PASSED] - Object 'Object Repository/IWP30/Page_CCPaymentEntry/TermCondCheckBox' is checked

2024-08-28 22:21:19 - [MESSAGE][PASSED] - Object 'Object Repository/IWP30/Page_CCPaymentEntry/ContinueButton' is present

2024-08-28 22:21:20 - [MESSAGE][PASSED] - Object: 'Object Repository/IWP30/Page_CCPaymentEntry/ContinueButton' is clicked on

2024-08-28 22:21:20 - [MESSAGE][PASSED] - iwpPages.ccPaymentEntryPage.setDataIWPCreditCard is PASSED

2024-08-28 22:21:20 - [TEST_STEP][PASSED] - click(findTestObject("Object Repository/IWP30/Page_Confirmation/ConfirmButton")): Object: 'Object Repository/IWP30/Page_Confirmation/ConfirmButton' is clicked on

2024-08-28 22:21:21 - [MESSAGE][PASSED] - Object: 'Object Repository/IWP30/Page_Confirmation/ConfirmButton' is clicked on

2024-08-28 22:21:21 - [TEST_STEP][PASSED] - Thread.sleep(10000): null

2024-08-28 22:21:31 - [TEST_STEP][PASSED] - if (verifyTextPresent("Successful Payment Receipt", false)): null

2024-08-28 22:21:31 - [MESSAGE][PASSED] - Text 'Successful Payment Receipt' is present on page 

2024-08-28 22:21:31 - [TEST_STEP][PASSED] - println("Successful Payment Receipt text is present on the Receipt page"): null

2024-08-28 22:21:31 - [TEST_STEP][PASSED] - markPassed("Successful Payment Receipt text is present on the Receipt page"): Successful Payment Receipt text is present on the Receipt page

2024-08-28 22:21:31 - [MESSAGE][PASSED] - Successful Payment Receipt text is present on the Receipt page

2024-08-28 22:21:31 - [TEST_STEP][PASSED] - resText = "Pass": null

2024-08-28 22:21:31 - [TEST_STEP][PASSED] - pages.WriteExcel.demoKey(resText, datText, resColumn, datCloumn, fileLoc, nameSheet, row): pages.WriteExcel.demoKey is PASSED

2024-08-28 22:21:32 - [MESSAGE][PASSED] - pages.WriteExcel.demoKey is PASSED

2024-08-28 22:21:32 - [TEST_STEP][PASSED] - closeBrowser(): Browser is closed

2024-08-28 22:21:33 - [MESSAGE][PASSED] - Browser is closed

2024-08-28 22:21:33 - [TEST_STEP][PASSED] - ExecuteTC = findTestData(dataFile).getValue("Execute", row): null

2024-08-28 22:21:33 - [TEST_STEP][PASSED] - out.println("Value of Execute is : " + ExecuteTC): null

2024-08-28 22:21:33 - [TEST_STEP][PASSED] - if (ExecuteTC.equalsIgnoreCase("Y")): Browser is closed

2024-08-28 22:21:33 - [TEST_STEP][PASSED] - out.println("Begin Record Number: " + row): null

2024-08-28 22:21:33 - [TEST_STEP][PASSED] - today = new java.util.Date(): null

2024-08-28 22:21:33 - [TEST_STEP][PASSED] - println(today): null

2024-08-28 22:21:33 - [TEST_STEP][PASSED] - datText = today: null

2024-08-28 22:21:33 - [TEST_STEP][PASSED] - EmulatorDataKey = findTestData(dataFile).getValue("EmulatorData", row): null

2024-08-28 22:21:33 - [TEST_STEP][PASSED] - out.println("Value of Emulator Key is : " + EmulatorDataKey): null

2024-08-28 22:21:33 - [TEST_STEP][PASSED] - iwpPages.emulatorIWP30.setDataEmulator_DD(EmulatorDataKey): iwpPages.emulatorIWP30.setDataEmulator_DD is PASSED

2024-08-28 22:21:34 - [MESSAGE][INFO] - Starting 'Chrome' driver

2024-08-28 22:21:34 - [MESSAGE][INFO] - User set preference: ['acceptInsecureCerts', 'true']

2024-08-28 22:21:34 - [MESSAGE][INFO] - Action delay is set to 0 milliseconds

2024-08-28 22:21:36 - [MESSAGE][PASSED] - Browser is opened with url: 'https://qa2.velocitypayment.com/agency/config.do?action=editor&message_version=3_0'

2024-08-28 22:21:36 - [MESSAGE][PASSED] - Current window maximized

2024-08-28 22:21:37 - [MESSAGE][PASSED] - All options with value '3.0' are selected in object 'Object Repository/IWP30/Page_VRelay30Emulator/MV'  using regular expression

2024-08-28 22:21:38 - [MESSAGE][PASSED] - Text '10.50' is set on object 'Object Repository/IWP30/Page_VRelay30Emulator/Amount'

2024-08-28 22:21:38 - [MESSAGE][PASSED] - Text '26412167' is set on object 'Object Repository/IWP30/Page_VRelay30Emulator/CAN'

2024-08-28 22:21:39 - [MESSAGE][PASSED] - Text 'PayNow' is set on object 'Object Repository/IWP30/Page_VRelay30Emulator/Action'

2024-08-28 22:21:40 - [MESSAGE][PASSED] - Text 'en_US' is set on object 'Object Repository/IWP30/Page_VRelay30Emulator/Lang'

2024-08-28 22:21:40 - [MESSAGE][PASSED] - Text 'Elizath' is set on object 'Object Repository/IWP30/Page_VRelay30Emulator/Fname'

2024-08-28 22:21:41 - [MESSAGE][PASSED] - Text 'Christine' is set on object 'Object Repository/IWP30/Page_VRelay30Emulator/Lname'

2024-08-28 22:21:42 - [MESSAGE][PASSED] - Text '258 Underwood rd' is set on object 'Object Repository/IWP30/Page_VRelay30Emulator/AL1'

2024-08-28 22:21:42 - [MESSAGE][PASSED] - Text 'Suite 600' is set on object 'Object Repository/IWP30/Page_VRelay30Emulator/AL2'

2024-08-28 22:21:43 - [MESSAGE][PASSED] - Text '840' is set on object 'Object Repository/IWP30/Page_VRelay30Emulator/Country'

2024-08-28 22:21:44 - [MESSAGE][PASSED] - Text 'Arlington' is set on object 'Object Repository/IWP30/Page_VRelay30Emulator/City'

2024-08-28 22:21:44 - [MESSAGE][PASSED] - Text 'VA' is set on object 'Object Repository/IWP30/Page_VRelay30Emulator/State'

2024-08-28 22:21:45 - [MESSAGE][PASSED] - Text '22201' is set on object 'Object Repository/IWP30/Page_VRelay30Emulator/ZIP'

2024-08-28 22:21:45 - [MESSAGE][PASSED] - Text '' is set on object 'Object Repository/IWP30/Page_VRelay30Emulator/Order'

2024-08-28 22:21:46 - [MESSAGE][PASSED] - Text '' is set on object 'Object Repository/IWP30/Page_VRelay30Emulator/Company'

2024-08-28 22:21:47 - [MESSAGE][PASSED] - Text 'iahmed@govolution.com' is set on object 'Object Repository/IWP30/Page_VRelay30Emulator/Email'

2024-08-28 22:21:48 - [MESSAGE][PASSED] - Text 'udf data 1' is set on object 'Object Repository/IWP30/Page_VRelay30Emulator/UDF1'

2024-08-28 22:21:48 - [MESSAGE][PASSED] - Text 'udf data 2' is set on object 'Object Repository/IWP30/Page_VRelay30Emulator/UDF2'

2024-08-28 22:21:49 - [MESSAGE][PASSED] - Text 'udf data 3' is set on object 'Object Repository/IWP30/Page_VRelay30Emulator/UDF3'

2024-08-28 22:21:50 - [MESSAGE][PASSED] - Text 'udf data 4' is set on object 'Object Repository/IWP30/Page_VRelay30Emulator/UDF4'

2024-08-28 22:21:50 - [MESSAGE][PASSED] - Text 'udf data 5' is set on object 'Object Repository/IWP30/Page_VRelay30Emulator/UDF5'

2024-08-28 22:21:51 - [MESSAGE][PASSED] - Text 'udf data 6' is set on object 'Object Repository/IWP30/Page_VRelay30Emulator/UDF6'

2024-08-28 22:21:51 - [MESSAGE][PASSED] - Text 'Orange' is set on object 'Object Repository/IWP30/Page_VRelay30Emulator/UDF7'

2024-08-28 22:21:52 - [MESSAGE][PASSED] - Text 'Soccer' is set on object 'Object Repository/IWP30/Page_VRelay30Emulator/UDF8'

2024-08-28 22:21:53 - [MESSAGE][PASSED] - Text 'udf data 9' is set on object 'Object Repository/IWP30/Page_VRelay30Emulator/UDF9'

2024-08-28 22:21:53 - [MESSAGE][PASSED] - Text 'udf data 10' is set on object 'Object Repository/IWP30/Page_VRelay30Emulator/UDF10'

2024-08-28 22:21:54 - [MESSAGE][PASSED] - Object: 'Object Repository/IWP30/Page_VRelay30Emulator/Submit' is clicked on

2024-08-28 22:21:59 - [MESSAGE][PASSED] - Browser is closed

2024-08-28 22:22:03 - [MESSAGE][PASSED] - iwpPages.emulatorIWP30.setDataEmulator_DD is PASSED

2024-08-28 22:22:03 - [TEST_STEP][PASSED] - testHarnessURL = urlTestHarness: null

2024-08-28 22:22:03 - [TEST_STEP][PASSED] - openBrowser(testHarnessURL): Browser is opened with url: 'https://dev-algorithm.govolution.com/vrelaytest/QA2/version_2_2/vrelaytest.html'

2024-08-28 22:22:04 - [MESSAGE][INFO] - Starting 'Chrome' driver

2024-08-28 22:22:04 - [MESSAGE][INFO] - User set preference: ['acceptInsecureCerts', 'true']

2024-08-28 22:22:04 - [MESSAGE][INFO] - Action delay is set to 0 milliseconds

2024-08-28 22:22:05 - [MESSAGE][PASSED] - Browser is opened with url: 'https://dev-algorithm.govolution.com/vrelaytest/QA2/version_2_2/vrelaytest.html'

2024-08-28 22:22:05 - [TEST_STEP][PASSED] - maximizeWindow(): Current window maximized

2024-08-28 22:22:05 - [MESSAGE][PASSED] - Current window maximized

2024-08-28 22:22:05 - [TEST_STEP][PASSED] - iwpPages.TestHarnessPage.setDataMethod(row, dataFile): iwpPages.TestHarnessPage.setDataMethod is PASSED

2024-08-28 22:22:06 - [MESSAGE][PASSED] - Object 'Object Repository/IWP30/Page_QATestHarness/RemittanceID' is present

2024-08-28 22:22:07 - [MESSAGE][PASSED] - Text '649' is set on object 'Object Repository/IWP30/Page_QATestHarness/ApplicationID'

2024-08-28 22:22:07 - [MESSAGE][PASSED] - Text '3.0' is set on object 'Object Repository/IWP30/Page_QATestHarness/MessageVersion'

2024-08-28 22:22:08 - [MESSAGE][PASSED] - Text '1KB9nuUM3I11' is set on object 'Object Repository/IWP30/Page_QATestHarness/RemittanceID'

2024-08-28 22:22:09 - [MESSAGE][PASSED] - Object: 'Object Repository/IWP30/Page_QATestHarness/SubmitButton' is clicked on

2024-08-28 22:22:09 - [MESSAGE][PASSED] - iwpPages.TestHarnessPage.setDataMethod is PASSED

2024-08-28 22:22:09 - [TEST_STEP][PASSED] - check(findTestObject("Object Repository/IWP30/Page_SelectPaymentMethod/PayByCreditCard")): Object 'Object Repository/IWP30/Page_SelectPaymentMethod/PayByCreditCard' is checked

2024-08-28 22:22:10 - [MESSAGE][PASSED] - Object 'Object Repository/IWP30/Page_SelectPaymentMethod/PayByCreditCard' is checked

2024-08-28 22:22:10 - [TEST_STEP][PASSED] - click(findTestObject("Object Repository/IWP30/Page_SelectPaymentMethod/MakePaymentButton")): Object: 'Object Repository/IWP30/Page_SelectPaymentMethod/MakePaymentButton' is clicked on

2024-08-28 22:22:11 - [MESSAGE][PASSED] - Object: 'Object Repository/IWP30/Page_SelectPaymentMethod/MakePaymentButton' is clicked on

2024-08-28 22:22:11 - [TEST_STEP][PASSED] - iwpPages.ccPaymentEntryPage.setDataIWPCreditCard(row, dataFile): iwpPages.ccPaymentEntryPage.setDataIWPCreditCard is PASSED

2024-08-28 22:22:12 - [MESSAGE][PASSED] - Object 'Object Repository/IWP30/Page_CCPaymentEntry/Name' is present

2024-08-28 22:22:13 - [MESSAGE][PASSED] - Text '374245002771003' is set on object 'Object Repository/IWP30/Page_CCPaymentEntry/CardNumber'

2024-08-28 22:22:14 - [MESSAGE][PASSED] - Text '1234' is set on object 'Object Repository/IWP30/Page_CCPaymentEntry/SPC'

2024-08-28 22:22:14 - [MESSAGE][PASSED] - All options with label '12' are selected in object 'Object Repository/IWP30/Page_CCPaymentEntry/Month' 

2024-08-28 22:22:15 - [MESSAGE][PASSED] - All options with label '2028' are selected in object 'Object Repository/IWP30/Page_CCPaymentEntry/Year' 

2024-08-28 22:22:15 - [MESSAGE][PASSED] - Object 'Object Repository/IWP30/Page_CCPaymentEntry/TermCondCheckBox' is present

2024-08-28 22:22:16 - [MESSAGE][PASSED] - Object 'Object Repository/IWP30/Page_CCPaymentEntry/TermCondCheckBox' is checked

2024-08-28 22:22:16 - [MESSAGE][PASSED] - Object 'Object Repository/IWP30/Page_CCPaymentEntry/ContinueButton' is present

2024-08-28 22:22:17 - [MESSAGE][PASSED] - Object: 'Object Repository/IWP30/Page_CCPaymentEntry/ContinueButton' is clicked on

2024-08-28 22:22:17 - [MESSAGE][PASSED] - iwpPages.ccPaymentEntryPage.setDataIWPCreditCard is PASSED

2024-08-28 22:22:17 - [TEST_STEP][PASSED] - click(findTestObject("Object Repository/IWP30/Page_Confirmation/ConfirmButton")): Object: 'Object Repository/IWP30/Page_Confirmation/ConfirmButton' is clicked on

2024-08-28 22:22:18 - [MESSAGE][PASSED] - Object: 'Object Repository/IWP30/Page_Confirmation/ConfirmButton' is clicked on

2024-08-28 22:22:18 - [TEST_STEP][PASSED] - Thread.sleep(10000): null

2024-08-28 22:22:28 - [TEST_STEP][PASSED] - if (verifyTextPresent("Successful Payment Receipt", false)): null

2024-08-28 22:22:29 - [MESSAGE][PASSED] - Text 'Successful Payment Receipt' is present on page 

2024-08-28 22:22:29 - [TEST_STEP][PASSED] - println("Successful Payment Receipt text is present on the Receipt page"): null

2024-08-28 22:22:29 - [TEST_STEP][PASSED] - markPassed("Successful Payment Receipt text is present on the Receipt page"): Successful Payment Receipt text is present on the Receipt page

2024-08-28 22:22:29 - [MESSAGE][PASSED] - Successful Payment Receipt text is present on the Receipt page

2024-08-28 22:22:29 - [TEST_STEP][PASSED] - resText = "Pass": null

2024-08-28 22:22:29 - [TEST_STEP][PASSED] - pages.WriteExcel.demoKey(resText, datText, resColumn, datCloumn, fileLoc, nameSheet, row): pages.WriteExcel.demoKey is PASSED

2024-08-28 22:22:29 - [MESSAGE][PASSED] - pages.WriteExcel.demoKey is PASSED

2024-08-28 22:22:29 - [TEST_STEP][PASSED] - closeBrowser(): Browser is closed

2024-08-28 22:22:30 - [MESSAGE][PASSED] - Browser is closed]]></system-out>
         <system-err><![CDATA[]]></system-err>
      </testcase>
      <testcase name="Test Cases/IntegratedWeb/IWP30/Payments/PayNowSuccessfulPaymentSCFCC" time="522.519" classname="Test Cases/IntegratedWeb/IWP30/Payments/PayNowSuccessfulPaymentSCFCC" status="FAILED">
         <failure type="FAILED" message="Test Cases/IntegratedWeb/IWP30/Payments/PayNowSuccessfulPaymentSCFCC FAILED.
Reason:
com.kms.katalon.core.exception.StepFailedException: Unable to click on object 'Object Repository/IWP30/Page_Confirmation/ConfirmButton' (Root cause: com.kms.katalon.core.exception.StepFailedException: Unable to click on object 'Object Repository/IWP30/Page_Confirmation/ConfirmButton'
	at com.kms.katalon.core.webui.keyword.internal.WebUIKeywordMain.stepFailed(WebUIKeywordMain.groovy:64)
	at com.kms.katalon.core.webui.keyword.internal.WebUIKeywordMain.runKeyword(WebUIKeywordMain.groovy:26)
	at com.kms.katalon.core.webui.keyword.builtin.ClickKeyword.click(ClickKeyword.groovy:74)
	at com.kms.katalon.core.webui.keyword.builtin.ClickKeyword.execute(ClickKeyword.groovy:40)
	at com.kms.katalon.core.keyword.internal.KeywordExecutor.executeKeywordForPlatform(KeywordExecutor.groovy:74)
	at com.kms.katalon.core.webui.keyword.WebUiBuiltInKeywords.click(WebUiBuiltInKeywords.groovy:620)
	at com.kms.katalon.core.webui.keyword.WebUiBuiltInKeywords$click$3.call(Unknown Source)
	at PayNowSuccessfulPaymentSCFCC.run(PayNowSuccessfulPaymentSCFCC:84)
	at com.kms.katalon.core.main.ScriptEngine.run(ScriptEngine.java:194)
	at com.kms.katalon.core.main.ScriptEngine.runScriptAsRawText(ScriptEngine.java:119)
	at com.kms.katalon.core.main.TestCaseExecutor.runScript(TestCaseExecutor.java:448)
	at com.kms.katalon.core.main.TestCaseExecutor.doExecute(TestCaseExecutor.java:439)
	at com.kms.katalon.core.main.TestCaseExecutor.processExecutionPhase(TestCaseExecutor.java:418)
	at com.kms.katalon.core.main.TestCaseExecutor.accessMainPhase(TestCaseExecutor.java:410)
	at com.kms.katalon.core.main.TestCaseExecutor.execute(TestCaseExecutor.java:285)
	at com.kms.katalon.core.common.CommonExecutor.accessTestCaseMainPhase(CommonExecutor.java:65)
	at com.kms.katalon.core.main.TestSuiteExecutor.accessTestSuiteMainPhase(TestSuiteExecutor.java:148)
	at com.kms.katalon.core.main.TestSuiteExecutor.execute(TestSuiteExecutor.java:106)
	at com.kms.katalon.core.main.TestCaseMain.startTestSuite(TestCaseMain.java:187)
	at com.kms.katalon.core.main.TestCaseMain$startTestSuite$0.call(Unknown Source)
	at TempTestSuite1724897904035.run(TempTestSuite1724897904035.groovy:35)
Caused by: com.kms.katalon.core.webui.exception.WebElementNotFoundException: Web element with id: 'Object Repository/IWP30/Page_Confirmation/ConfirmButton' located by '//*[@type = 'submit' and @name = 'confirmNotifyAction' and @id = 'submitYes' and @value = 'Confirm']' not found
	at com.kms.katalon.core.webui.common.WebUiCommonHelper.findWebElement(WebUiCommonHelper.java:1381)
	at com.kms.katalon.core.webui.keyword.internal.WebUIAbstractKeyword.findWebElement(WebUIAbstractKeyword.groovy:27)
	at com.kms.katalon.core.webui.keyword.builtin.ClickKeyword$_click_closure1.doCall(ClickKeyword.groovy:65)
	at com.kms.katalon.core.webui.keyword.builtin.ClickKeyword$_click_closure1.call(ClickKeyword.groovy)
	at com.kms.katalon.core.webui.keyword.internal.WebUIKeywordMain.runKeyword(WebUIKeywordMain.groovy:20)
	at com.kms.katalon.core.webui.keyword.builtin.ClickKeyword.click(ClickKeyword.groovy:74)
	at com.kms.katalon.core.webui.keyword.builtin.ClickKeyword.execute(ClickKeyword.groovy:40)
	at com.kms.katalon.core.keyword.internal.KeywordExecutor.executeKeywordForPlatform(KeywordExecutor.groovy:74)
	at com.kms.katalon.core.webui.keyword.WebUiBuiltInKeywords.click(WebUiBuiltInKeywords.groovy:620)
	at com.kms.katalon.core.webui.keyword.WebUiBuiltInKeywords$click$3.call(Unknown Source)
	at Script1686782345568.run(Script1686782345568.groovy:84)
	... 13 more
)
	at com.kms.katalon.core.keyword.internal.KeywordMain.stepFailed(KeywordMain.groovy:39)
	at com.kms.katalon.core.webui.keyword.internal.WebUIKeywordMain.stepFailed(WebUIKeywordMain.groovy:64)
	at com.kms.katalon.core.webui.keyword.internal.WebUIKeywordMain.runKeyword(WebUIKeywordMain.groovy:26)
	at com.kms.katalon.core.webui.keyword.builtin.ClickKeyword.click(ClickKeyword.groovy:74)
	at com.kms.katalon.core.webui.keyword.builtin.ClickKeyword.execute(ClickKeyword.groovy:40)
	at com.kms.katalon.core.keyword.internal.KeywordExecutor.executeKeywordForPlatform(KeywordExecutor.groovy:74)
	at com.kms.katalon.core.webui.keyword.WebUiBuiltInKeywords.click(WebUiBuiltInKeywords.groovy:620)
	at com.kms.katalon.core.webui.keyword.WebUiBuiltInKeywords$click$3.call(Unknown Source)
	at PayNowSuccessfulPaymentSCFCC.run(PayNowSuccessfulPaymentSCFCC:84)
	at com.kms.katalon.core.main.ScriptEngine.run(ScriptEngine.java:194)
	at com.kms.katalon.core.main.ScriptEngine.runScriptAsRawText(ScriptEngine.java:119)
	at com.kms.katalon.core.main.TestCaseExecutor.runScript(TestCaseExecutor.java:448)
	at com.kms.katalon.core.main.TestCaseExecutor.doExecute(TestCaseExecutor.java:439)
	at com.kms.katalon.core.main.TestCaseExecutor.processExecutionPhase(TestCaseExecutor.java:418)
	at com.kms.katalon.core.main.TestCaseExecutor.accessMainPhase(TestCaseExecutor.java:410)
	at com.kms.katalon.core.main.TestCaseExecutor.execute(TestCaseExecutor.java:285)
	at com.kms.katalon.core.common.CommonExecutor.accessTestCaseMainPhase(CommonExecutor.java:65)
	at com.kms.katalon.core.main.TestSuiteExecutor.accessTestSuiteMainPhase(TestSuiteExecutor.java:148)
	at com.kms.katalon.core.main.TestSuiteExecutor.execute(TestSuiteExecutor.java:106)
	at com.kms.katalon.core.main.TestCaseMain.startTestSuite(TestCaseMain.java:187)
	at com.kms.katalon.core.main.TestCaseMain$startTestSuite$0.call(Unknown Source)
	at TempTestSuite1724897904035.run(TempTestSuite1724897904035.groovy:35)
Caused by: com.kms.katalon.core.exception.StepFailedException: Unable to click on object 'Object Repository/IWP30/Page_Confirmation/ConfirmButton'
	... 21 more
Caused by: com.kms.katalon.core.webui.exception.WebElementNotFoundException: Web element with id: 'Object Repository/IWP30/Page_Confirmation/ConfirmButton' located by '//*[@type = 'submit' and @name = 'confirmNotifyAction' and @id = 'submitYes' and @value = 'Confirm']' not found
	at com.kms.katalon.core.webui.common.WebUiCommonHelper.findWebElement(WebUiCommonHelper.java:1381)
	at com.kms.katalon.core.webui.keyword.internal.WebUIAbstractKeyword.findWebElement(WebUIAbstractKeyword.groovy:27)
	at com.kms.katalon.core.webui.keyword.builtin.ClickKeyword$_click_closure1.doCall(ClickKeyword.groovy:65)
	at com.kms.katalon.core.webui.keyword.builtin.ClickKeyword$_click_closure1.call(ClickKeyword.groovy)
	at com.kms.katalon.core.webui.keyword.internal.WebUIKeywordMain.runKeyword(WebUIKeywordMain.groovy:20)
	... 19 more
"/>
         <system-out><![CDATA[2024-08-28 22:22:30 - [TEST_CASE][FAILED] - Test Cases/IntegratedWeb/IWP30/Payments/PayNowSuccessfulPaymentSCFCC: Test Cases/IntegratedWeb/IWP30/Payments/PayNowSuccessfulPaymentSCFCC FAILED.
Reason:
com.kms.katalon.core.exception.StepFailedException: Unable to click on object 'Object Repository/IWP30/Page_Confirmation/ConfirmButton' (Root cause: com.kms.katalon.core.exception.StepFailedException: Unable to click on object 'Object Repository/IWP30/Page_Confirmation/ConfirmButton'
	at com.kms.katalon.core.webui.keyword.internal.WebUIKeywordMain.stepFailed(WebUIKeywordMain.groovy:64)
	at com.kms.katalon.core.webui.keyword.internal.WebUIKeywordMain.runKeyword(WebUIKeywordMain.groovy:26)
	at com.kms.katalon.core.webui.keyword.builtin.ClickKeyword.click(ClickKeyword.groovy:74)
	at com.kms.katalon.core.webui.keyword.builtin.ClickKeyword.execute(ClickKeyword.groovy:40)
	at com.kms.katalon.core.keyword.internal.KeywordExecutor.executeKeywordForPlatform(KeywordExecutor.groovy:74)
	at com.kms.katalon.core.webui.keyword.WebUiBuiltInKeywords.click(WebUiBuiltInKeywords.groovy:620)
	at com.kms.katalon.core.webui.keyword.WebUiBuiltInKeywords$click$3.call(Unknown Source)
	at PayNowSuccessfulPaymentSCFCC.run(PayNowSuccessfulPaymentSCFCC:84)
	at com.kms.katalon.core.main.ScriptEngine.run(ScriptEngine.java:194)
	at com.kms.katalon.core.main.ScriptEngine.runScriptAsRawText(ScriptEngine.java:119)
	at com.kms.katalon.core.main.TestCaseExecutor.runScript(TestCaseExecutor.java:448)
	at com.kms.katalon.core.main.TestCaseExecutor.doExecute(TestCaseExecutor.java:439)
	at com.kms.katalon.core.main.TestCaseExecutor.processExecutionPhase(TestCaseExecutor.java:418)
	at com.kms.katalon.core.main.TestCaseExecutor.accessMainPhase(TestCaseExecutor.java:410)
	at com.kms.katalon.core.main.TestCaseExecutor.execute(TestCaseExecutor.java:285)
	at com.kms.katalon.core.common.CommonExecutor.accessTestCaseMainPhase(CommonExecutor.java:65)
	at com.kms.katalon.core.main.TestSuiteExecutor.accessTestSuiteMainPhase(TestSuiteExecutor.java:148)
	at com.kms.katalon.core.main.TestSuiteExecutor.execute(TestSuiteExecutor.java:106)
	at com.kms.katalon.core.main.TestCaseMain.startTestSuite(TestCaseMain.java:187)
	at com.kms.katalon.core.main.TestCaseMain$startTestSuite$0.call(Unknown Source)
	at TempTestSuite1724897904035.run(TempTestSuite1724897904035.groovy:35)
Caused by: com.kms.katalon.core.webui.exception.WebElementNotFoundException: Web element with id: 'Object Repository/IWP30/Page_Confirmation/ConfirmButton' located by '//*[@type = 'submit' and @name = 'confirmNotifyAction' and @id = 'submitYes' and @value = 'Confirm']' not found
	at com.kms.katalon.core.webui.common.WebUiCommonHelper.findWebElement(WebUiCommonHelper.java:1381)
	at com.kms.katalon.core.webui.keyword.internal.WebUIAbstractKeyword.findWebElement(WebUIAbstractKeyword.groovy:27)
	at com.kms.katalon.core.webui.keyword.builtin.ClickKeyword$_click_closure1.doCall(ClickKeyword.groovy:65)
	at com.kms.katalon.core.webui.keyword.builtin.ClickKeyword$_click_closure1.call(ClickKeyword.groovy)
	at com.kms.katalon.core.webui.keyword.internal.WebUIKeywordMain.runKeyword(WebUIKeywordMain.groovy:20)
	at com.kms.katalon.core.webui.keyword.builtin.ClickKeyword.click(ClickKeyword.groovy:74)
	at com.kms.katalon.core.webui.keyword.builtin.ClickKeyword.execute(ClickKeyword.groovy:40)
	at com.kms.katalon.core.keyword.internal.KeywordExecutor.executeKeywordForPlatform(KeywordExecutor.groovy:74)
	at com.kms.katalon.core.webui.keyword.WebUiBuiltInKeywords.click(WebUiBuiltInKeywords.groovy:620)
	at com.kms.katalon.core.webui.keyword.WebUiBuiltInKeywords$click$3.call(Unknown Source)
	at Script1686782345568.run(Script1686782345568.groovy:84)
	... 13 more
)
	at com.kms.katalon.core.keyword.internal.KeywordMain.stepFailed(KeywordMain.groovy:39)
	at com.kms.katalon.core.webui.keyword.internal.WebUIKeywordMain.stepFailed(WebUIKeywordMain.groovy:64)
	at com.kms.katalon.core.webui.keyword.internal.WebUIKeywordMain.runKeyword(WebUIKeywordMain.groovy:26)
	at com.kms.katalon.core.webui.keyword.builtin.ClickKeyword.click(ClickKeyword.groovy:74)
	at com.kms.katalon.core.webui.keyword.builtin.ClickKeyword.execute(ClickKeyword.groovy:40)
	at com.kms.katalon.core.keyword.internal.KeywordExecutor.executeKeywordForPlatform(KeywordExecutor.groovy:74)
	at com.kms.katalon.core.webui.keyword.WebUiBuiltInKeywords.click(WebUiBuiltInKeywords.groovy:620)
	at com.kms.katalon.core.webui.keyword.WebUiBuiltInKeywords$click$3.call(Unknown Source)
	at PayNowSuccessfulPaymentSCFCC.run(PayNowSuccessfulPaymentSCFCC:84)
	at com.kms.katalon.core.main.ScriptEngine.run(ScriptEngine.java:194)
	at com.kms.katalon.core.main.ScriptEngine.runScriptAsRawText(ScriptEngine.java:119)
	at com.kms.katalon.core.main.TestCaseExecutor.runScript(TestCaseExecutor.java:448)
	at com.kms.katalon.core.main.TestCaseExecutor.doExecute(TestCaseExecutor.java:439)
	at com.kms.katalon.core.main.TestCaseExecutor.processExecutionPhase(TestCaseExecutor.java:418)
	at com.kms.katalon.core.main.TestCaseExecutor.accessMainPhase(TestCaseExecutor.java:410)
	at com.kms.katalon.core.main.TestCaseExecutor.execute(TestCaseExecutor.java:285)
	at com.kms.katalon.core.common.CommonExecutor.accessTestCaseMainPhase(CommonExecutor.java:65)
	at com.kms.katalon.core.main.TestSuiteExecutor.accessTestSuiteMainPhase(TestSuiteExecutor.java:148)
	at com.kms.katalon.core.main.TestSuiteExecutor.execute(TestSuiteExecutor.java:106)
	at com.kms.katalon.core.main.TestCaseMain.startTestSuite(TestCaseMain.java:187)
	at com.kms.katalon.core.main.TestCaseMain$startTestSuite$0.call(Unknown Source)
	at TempTestSuite1724897904035.run(TempTestSuite1724897904035.groovy:35)
Caused by: com.kms.katalon.core.exception.StepFailedException: Unable to click on object 'Object Repository/IWP30/Page_Confirmation/ConfirmButton'
	... 21 more
Caused by: com.kms.katalon.core.webui.exception.WebElementNotFoundException: Web element with id: 'Object Repository/IWP30/Page_Confirmation/ConfirmButton' located by '//*[@type = 'submit' and @name = 'confirmNotifyAction' and @id = 'submitYes' and @value = 'Confirm']' not found
	at com.kms.katalon.core.webui.common.WebUiCommonHelper.findWebElement(WebUiCommonHelper.java:1381)
	at com.kms.katalon.core.webui.keyword.internal.WebUIAbstractKeyword.findWebElement(WebUIAbstractKeyword.groovy:27)
	at com.kms.katalon.core.webui.keyword.builtin.ClickKeyword$_click_closure1.doCall(ClickKeyword.groovy:65)
	at com.kms.katalon.core.webui.keyword.builtin.ClickKeyword$_click_closure1.call(ClickKeyword.groovy)
	at com.kms.katalon.core.webui.keyword.internal.WebUIKeywordMain.runKeyword(WebUIKeywordMain.groovy:20)
	... 19 more


2024-08-28 22:22:31 - [TEST_STEP][PASSED] - resText = "Fail": null

2024-08-28 22:22:31 - [TEST_STEP][PASSED] - resColumn = "Result": null

2024-08-28 22:22:31 - [TEST_STEP][PASSED] - datCloumn = "Date": null

2024-08-28 22:22:31 - [TEST_STEP][PASSED] - fileLoc = "KatalonData/IWPTestData/VRelay30PayNowCC.xlsx": null

2024-08-28 22:22:31 - [TEST_STEP][PASSED] - numOfRows = <not implemented yet for class: org.codehaus.groovy.ast.expr.EmptyExpression>: null

2024-08-28 22:22:31 - [TEST_STEP][PASSED] - dataFile = <not implemented yet for class: org.codehaus.groovy.ast.expr.EmptyExpression>: null

2024-08-28 22:22:31 - [TEST_STEP][PASSED] - nameSheet = <not implemented yet for class: org.codehaus.groovy.ast.expr.EmptyExpression>: null

2024-08-28 22:22:31 - [TEST_STEP][PASSED] - dataFileEmulator = <not implemented yet for class: org.codehaus.groovy.ast.expr.EmptyExpression>: null

2024-08-28 22:22:31 - [TEST_STEP][PASSED] - nameSheet = "PayNowCCSCF": null

2024-08-28 22:22:31 - [TEST_STEP][PASSED] - dataFile = "IWPTestData/PayNowCreditCardSCF": null

2024-08-28 22:22:31 - [TEST_STEP][PASSED] - dataFileEmulator = "IWPTestData/EmulatorData": null

2024-08-28 22:22:31 - [TEST_STEP][PASSED] - numOfRows = findTestData(dataFile).getRowNumbers(): null

2024-08-28 22:22:31 - [TEST_STEP][PASSED] - println("Number of Records: " + numOfRows): null

2024-08-28 22:22:31 - [TEST_STEP][FAILED] - for ([row = 1, row <= numOfRows, (row++)]): null

2024-08-28 22:22:31 - [TEST_STEP][PASSED] - ExecuteTC = findTestData(dataFile).getValue("Execute", row): null

2024-08-28 22:22:31 - [TEST_STEP][PASSED] - out.println("Value of Execute is : " + ExecuteTC): null

2024-08-28 22:22:31 - [TEST_STEP][FAILED] - if (ExecuteTC.equalsIgnoreCase("Y")): null

2024-08-28 22:22:31 - [TEST_STEP][PASSED] - out.println("Begin Record Number: " + row): null

2024-08-28 22:22:31 - [TEST_STEP][PASSED] - today = new java.util.Date(): null

2024-08-28 22:22:31 - [TEST_STEP][PASSED] - println(today): null

2024-08-28 22:22:31 - [TEST_STEP][PASSED] - datText = today: null

2024-08-28 22:22:31 - [TEST_STEP][PASSED] - EmulatorDataKey = findTestData(dataFile).getValue("EmulatorData", row): null

2024-08-28 22:22:31 - [TEST_STEP][PASSED] - out.println("Value of Emulator Key is : " + EmulatorDataKey): null

2024-08-28 22:22:31 - [TEST_STEP][PASSED] - iwpPages.emulatorIWP30.setDataEmulator_DD(EmulatorDataKey): iwpPages.emulatorIWP30.setDataEmulator_DD is PASSED

2024-08-28 22:22:32 - [MESSAGE][INFO] - Starting 'Chrome' driver

2024-08-28 22:22:32 - [MESSAGE][INFO] - User set preference: ['acceptInsecureCerts', 'true']

2024-08-28 22:22:32 - [MESSAGE][INFO] - Action delay is set to 0 milliseconds

2024-08-28 22:22:34 - [MESSAGE][PASSED] - Browser is opened with url: 'https://qa2.velocitypayment.com/agency/config.do?action=editor&message_version=3_0'

2024-08-28 22:22:34 - [MESSAGE][PASSED] - Current window maximized

2024-08-28 22:22:35 - [MESSAGE][PASSED] - All options with value '3.0' are selected in object 'Object Repository/IWP30/Page_VRelay30Emulator/MV'  using regular expression

2024-08-28 22:22:35 - [MESSAGE][PASSED] - Text '10.50' is set on object 'Object Repository/IWP30/Page_VRelay30Emulator/Amount'

2024-08-28 22:22:36 - [MESSAGE][PASSED] - Text '26412167' is set on object 'Object Repository/IWP30/Page_VRelay30Emulator/CAN'

2024-08-28 22:22:37 - [MESSAGE][PASSED] - Text 'PayNow' is set on object 'Object Repository/IWP30/Page_VRelay30Emulator/Action'

2024-08-28 22:22:37 - [MESSAGE][PASSED] - Text 'en_US' is set on object 'Object Repository/IWP30/Page_VRelay30Emulator/Lang'

2024-08-28 22:22:38 - [MESSAGE][PASSED] - Text 'Elizath' is set on object 'Object Repository/IWP30/Page_VRelay30Emulator/Fname'

2024-08-28 22:22:38 - [MESSAGE][PASSED] - Text 'Christine' is set on object 'Object Repository/IWP30/Page_VRelay30Emulator/Lname'

2024-08-28 22:22:39 - [MESSAGE][PASSED] - Text '258 Underwood rd' is set on object 'Object Repository/IWP30/Page_VRelay30Emulator/AL1'

2024-08-28 22:22:40 - [MESSAGE][PASSED] - Text 'Suite 600' is set on object 'Object Repository/IWP30/Page_VRelay30Emulator/AL2'

2024-08-28 22:22:40 - [MESSAGE][PASSED] - Text '840' is set on object 'Object Repository/IWP30/Page_VRelay30Emulator/Country'

2024-08-28 22:22:41 - [MESSAGE][PASSED] - Text 'Arlington' is set on object 'Object Repository/IWP30/Page_VRelay30Emulator/City'

2024-08-28 22:22:42 - [MESSAGE][PASSED] - Text 'VA' is set on object 'Object Repository/IWP30/Page_VRelay30Emulator/State'

2024-08-28 22:22:42 - [MESSAGE][PASSED] - Text '22201' is set on object 'Object Repository/IWP30/Page_VRelay30Emulator/ZIP'

2024-08-28 22:22:43 - [MESSAGE][PASSED] - Text '' is set on object 'Object Repository/IWP30/Page_VRelay30Emulator/Order'

2024-08-28 22:22:44 - [MESSAGE][PASSED] - Text '' is set on object 'Object Repository/IWP30/Page_VRelay30Emulator/Company'

2024-08-28 22:22:44 - [MESSAGE][PASSED] - Text 'iahmed@govolution.com' is set on object 'Object Repository/IWP30/Page_VRelay30Emulator/Email'

2024-08-28 22:22:45 - [MESSAGE][PASSED] - Text 'udf data 1' is set on object 'Object Repository/IWP30/Page_VRelay30Emulator/UDF1'

2024-08-28 22:22:46 - [MESSAGE][PASSED] - Text 'udf data 2' is set on object 'Object Repository/IWP30/Page_VRelay30Emulator/UDF2'

2024-08-28 22:22:47 - [MESSAGE][PASSED] - Text 'udf data 3' is set on object 'Object Repository/IWP30/Page_VRelay30Emulator/UDF3'

2024-08-28 22:22:47 - [MESSAGE][PASSED] - Text 'udf data 4' is set on object 'Object Repository/IWP30/Page_VRelay30Emulator/UDF4'

2024-08-28 22:22:48 - [MESSAGE][PASSED] - Text 'udf data 5' is set on object 'Object Repository/IWP30/Page_VRelay30Emulator/UDF5'

2024-08-28 22:22:48 - [MESSAGE][PASSED] - Text 'udf data 6' is set on object 'Object Repository/IWP30/Page_VRelay30Emulator/UDF6'

2024-08-28 22:22:49 - [MESSAGE][PASSED] - Text 'Orange' is set on object 'Object Repository/IWP30/Page_VRelay30Emulator/UDF7'

2024-08-28 22:22:50 - [MESSAGE][PASSED] - Text 'Soccer' is set on object 'Object Repository/IWP30/Page_VRelay30Emulator/UDF8'

2024-08-28 22:22:50 - [MESSAGE][PASSED] - Text 'udf data 9' is set on object 'Object Repository/IWP30/Page_VRelay30Emulator/UDF9'

2024-08-28 22:22:51 - [MESSAGE][PASSED] - Text 'udf data 10' is set on object 'Object Repository/IWP30/Page_VRelay30Emulator/UDF10'

2024-08-28 22:22:52 - [MESSAGE][PASSED] - Object: 'Object Repository/IWP30/Page_VRelay30Emulator/Submit' is clicked on

2024-08-28 22:22:57 - [MESSAGE][PASSED] - Browser is closed

2024-08-28 22:23:01 - [MESSAGE][PASSED] - iwpPages.emulatorIWP30.setDataEmulator_DD is PASSED

2024-08-28 22:23:01 - [TEST_STEP][PASSED] - testHarnessURL = urlTestHarness: null

2024-08-28 22:23:01 - [TEST_STEP][PASSED] - openBrowser(testHarnessURL): Browser is opened with url: 'https://dev-algorithm.govolution.com/vrelaytest/QA2/version_2_2/vrelaytest.html'

2024-08-28 22:23:01 - [MESSAGE][INFO] - Starting 'Chrome' driver

2024-08-28 22:23:01 - [MESSAGE][INFO] - User set preference: ['acceptInsecureCerts', 'true']

2024-08-28 22:23:01 - [MESSAGE][INFO] - Action delay is set to 0 milliseconds

2024-08-28 22:23:03 - [MESSAGE][PASSED] - Browser is opened with url: 'https://dev-algorithm.govolution.com/vrelaytest/QA2/version_2_2/vrelaytest.html'

2024-08-28 22:23:03 - [TEST_STEP][PASSED] - maximizeWindow(): Current window maximized

2024-08-28 22:23:03 - [MESSAGE][PASSED] - Current window maximized

2024-08-28 22:23:03 - [TEST_STEP][PASSED] - iwpPages.TestHarnessPage.setDataMethod(row, dataFile): iwpPages.TestHarnessPage.setDataMethod is PASSED

2024-08-28 22:23:04 - [MESSAGE][PASSED] - Object 'Object Repository/IWP30/Page_QATestHarness/RemittanceID' is present

2024-08-28 22:23:04 - [MESSAGE][PASSED] - Text '650' is set on object 'Object Repository/IWP30/Page_QATestHarness/ApplicationID'

2024-08-28 22:23:05 - [MESSAGE][PASSED] - Text '3.0' is set on object 'Object Repository/IWP30/Page_QATestHarness/MessageVersion'

2024-08-28 22:23:06 - [MESSAGE][PASSED] - Text '30uoyeonJnjd' is set on object 'Object Repository/IWP30/Page_QATestHarness/RemittanceID'

2024-08-28 22:23:07 - [MESSAGE][PASSED] - Object: 'Object Repository/IWP30/Page_QATestHarness/SubmitButton' is clicked on

2024-08-28 22:23:07 - [MESSAGE][PASSED] - iwpPages.TestHarnessPage.setDataMethod is PASSED

2024-08-28 22:23:07 - [TEST_STEP][PASSED] - check(findTestObject("Object Repository/IWP30/Page_SelectPaymentMethod/PayByCreditCard")): Object 'Object Repository/IWP30/Page_SelectPaymentMethod/PayByCreditCard' is checked

2024-08-28 22:23:08 - [MESSAGE][PASSED] - Object 'Object Repository/IWP30/Page_SelectPaymentMethod/PayByCreditCard' is checked

2024-08-28 22:23:08 - [TEST_STEP][PASSED] - click(findTestObject("Object Repository/IWP30/Page_SelectPaymentMethod/MakePaymentButton")): Object: 'Object Repository/IWP30/Page_SelectPaymentMethod/MakePaymentButton' is clicked on

2024-08-28 22:23:08 - [MESSAGE][PASSED] - Object: 'Object Repository/IWP30/Page_SelectPaymentMethod/MakePaymentButton' is clicked on

2024-08-28 22:23:08 - [TEST_STEP][PASSED] - iwpPages.ccPaymentEntryPage.setDataIWPCreditCard(row, dataFile): iwpPages.ccPaymentEntryPage.setDataIWPCreditCard is PASSED

2024-08-28 22:23:10 - [MESSAGE][PASSED] - Object 'Object Repository/IWP30/Page_CCPaymentEntry/Name' is present

2024-08-28 22:23:11 - [MESSAGE][PASSED] - Text '5146312200000035' is set on object 'Object Repository/IWP30/Page_CCPaymentEntry/CardNumber'

2024-08-28 22:23:12 - [MESSAGE][PASSED] - Text '123' is set on object 'Object Repository/IWP30/Page_CCPaymentEntry/SPC'

2024-08-28 22:23:12 - [MESSAGE][PASSED] - All options with label '09' are selected in object 'Object Repository/IWP30/Page_CCPaymentEntry/Month' 

2024-08-28 22:23:13 - [MESSAGE][PASSED] - All options with label '2028' are selected in object 'Object Repository/IWP30/Page_CCPaymentEntry/Year' 

2024-08-28 22:23:13 - [MESSAGE][PASSED] - Object 'Object Repository/IWP30/Page_CCPaymentEntry/TermCondCheckBox' is present

2024-08-28 22:23:14 - [MESSAGE][PASSED] - Object 'Object Repository/IWP30/Page_CCPaymentEntry/TermCondCheckBox' is checked

2024-08-28 22:23:14 - [MESSAGE][PASSED] - Object 'Object Repository/IWP30/Page_CCPaymentEntry/ContinueButton' is present

2024-08-28 22:23:15 - [MESSAGE][PASSED] - Object: 'Object Repository/IWP30/Page_CCPaymentEntry/ContinueButton' is clicked on

2024-08-28 22:23:15 - [MESSAGE][PASSED] - iwpPages.ccPaymentEntryPage.setDataIWPCreditCard is PASSED

2024-08-28 22:23:15 - [TEST_STEP][FAILED] - click(findTestObject("Object Repository/IWP30/Page_Confirmation/ConfirmButton")): Unable to click on object 'Object Repository/IWP30/Page_Confirmation/ConfirmButton' (Root cause: com.kms.katalon.core.exception.StepFailedException: Unable to click on object 'Object Repository/IWP30/Page_Confirmation/ConfirmButton'
	at com.kms.katalon.core.webui.keyword.internal.WebUIKeywordMain.stepFailed(WebUIKeywordMain.groovy:64)
	at com.kms.katalon.core.webui.keyword.internal.WebUIKeywordMain.runKeyword(WebUIKeywordMain.groovy:26)
	at com.kms.katalon.core.webui.keyword.builtin.ClickKeyword.click(ClickKeyword.groovy:74)
	at com.kms.katalon.core.webui.keyword.builtin.ClickKeyword.execute(ClickKeyword.groovy:40)
	at com.kms.katalon.core.keyword.internal.KeywordExecutor.executeKeywordForPlatform(KeywordExecutor.groovy:74)
	at com.kms.katalon.core.webui.keyword.WebUiBuiltInKeywords.click(WebUiBuiltInKeywords.groovy:620)
	at com.kms.katalon.core.webui.keyword.WebUiBuiltInKeywords$click$3.call(Unknown Source)
	at PayNowSuccessfulPaymentSCFCC.run(PayNowSuccessfulPaymentSCFCC:84)
	at com.kms.katalon.core.main.ScriptEngine.run(ScriptEngine.java:194)
	at com.kms.katalon.core.main.ScriptEngine.runScriptAsRawText(ScriptEngine.java:119)
	at com.kms.katalon.core.main.TestCaseExecutor.runScript(TestCaseExecutor.java:448)
	at com.kms.katalon.core.main.TestCaseExecutor.doExecute(TestCaseExecutor.java:439)
	at com.kms.katalon.core.main.TestCaseExecutor.processExecutionPhase(TestCaseExecutor.java:418)
	at com.kms.katalon.core.main.TestCaseExecutor.accessMainPhase(TestCaseExecutor.java:410)
	at com.kms.katalon.core.main.TestCaseExecutor.execute(TestCaseExecutor.java:285)
	at com.kms.katalon.core.common.CommonExecutor.accessTestCaseMainPhase(CommonExecutor.java:65)
	at com.kms.katalon.core.main.TestSuiteExecutor.accessTestSuiteMainPhase(TestSuiteExecutor.java:148)
	at com.kms.katalon.core.main.TestSuiteExecutor.execute(TestSuiteExecutor.java:106)
	at com.kms.katalon.core.main.TestCaseMain.startTestSuite(TestCaseMain.java:187)
	at com.kms.katalon.core.main.TestCaseMain$startTestSuite$0.call(Unknown Source)
	at TempTestSuite1724897904035.run(TempTestSuite1724897904035.groovy:35)
Caused by: com.kms.katalon.core.webui.exception.WebElementNotFoundException: Web element with id: 'Object Repository/IWP30/Page_Confirmation/ConfirmButton' located by '//*[@type = 'submit' and @name = 'confirmNotifyAction' and @id = 'submitYes' and @value = 'Confirm']' not found
	at com.kms.katalon.core.webui.common.WebUiCommonHelper.findWebElement(WebUiCommonHelper.java:1381)
	at com.kms.katalon.core.webui.keyword.internal.WebUIAbstractKeyword.findWebElement(WebUIAbstractKeyword.groovy:27)
	at com.kms.katalon.core.webui.keyword.builtin.ClickKeyword$_click_closure1.doCall(ClickKeyword.groovy:65)
	at com.kms.katalon.core.webui.keyword.builtin.ClickKeyword$_click_closure1.call(ClickKeyword.groovy)
	at com.kms.katalon.core.webui.keyword.internal.WebUIKeywordMain.runKeyword(WebUIKeywordMain.groovy:20)
	at com.kms.katalon.core.webui.keyword.builtin.ClickKeyword.click(ClickKeyword.groovy:74)
	at com.kms.katalon.core.webui.keyword.builtin.ClickKeyword.execute(ClickKeyword.groovy:40)
	at com.kms.katalon.core.keyword.internal.KeywordExecutor.executeKeywordForPlatform(KeywordExecutor.groovy:74)
	at com.kms.katalon.core.webui.keyword.WebUiBuiltInKeywords.click(WebUiBuiltInKeywords.groovy:620)
	at com.kms.katalon.core.webui.keyword.WebUiBuiltInKeywords$click$3.call(Unknown Source)
	at Script1686782345568.run(Script1686782345568.groovy:84)
	... 13 more
)

2024-08-28 22:23:46 - [MESSAGE][INFO] - Unable to find the element located by 'By.xpath: //*[@type = 'submit' and @name = 'confirmNotifyAction' and @id = 'submitYes' and @value = 'Confirm']'. Please recheck the objects properties to make sure the desired element is located. 

2024-08-28 22:23:46 - [MESSAGE][WARNING] - [SELF-HEALING] Failed to find element with id 'Object Repository/IWP30/Page_Confirmation/ConfirmButton'. Try using Self-healing.

2024-08-28 22:23:46 - [MESSAGE][WARNING] - [SELF-HEALING] Cannot find elements when the XPath is null.

2024-08-28 22:23:46 - [MESSAGE][WARNING] - [SELF-HEALING] Cannot find elements when the selector is null

2024-08-28 22:23:47 - [MESSAGE][FAILED] - Unable to click on object 'Object Repository/IWP30/Page_Confirmation/ConfirmButton' (Root cause: com.kms.katalon.core.exception.StepFailedException: Unable to click on object 'Object Repository/IWP30/Page_Confirmation/ConfirmButton'
	at com.kms.katalon.core.webui.keyword.internal.WebUIKeywordMain.stepFailed(WebUIKeywordMain.groovy:64)
	at com.kms.katalon.core.webui.keyword.internal.WebUIKeywordMain.runKeyword(WebUIKeywordMain.groovy:26)
	at com.kms.katalon.core.webui.keyword.builtin.ClickKeyword.click(ClickKeyword.groovy:74)
	at com.kms.katalon.core.webui.keyword.builtin.ClickKeyword.execute(ClickKeyword.groovy:40)
	at com.kms.katalon.core.keyword.internal.KeywordExecutor.executeKeywordForPlatform(KeywordExecutor.groovy:74)
	at com.kms.katalon.core.webui.keyword.WebUiBuiltInKeywords.click(WebUiBuiltInKeywords.groovy:620)
	at com.kms.katalon.core.webui.keyword.WebUiBuiltInKeywords$click$3.call(Unknown Source)
	at PayNowSuccessfulPaymentSCFCC.run(PayNowSuccessfulPaymentSCFCC:84)
	at com.kms.katalon.core.main.ScriptEngine.run(ScriptEngine.java:194)
	at com.kms.katalon.core.main.ScriptEngine.runScriptAsRawText(ScriptEngine.java:119)
	at com.kms.katalon.core.main.TestCaseExecutor.runScript(TestCaseExecutor.java:448)
	at com.kms.katalon.core.main.TestCaseExecutor.doExecute(TestCaseExecutor.java:439)
	at com.kms.katalon.core.main.TestCaseExecutor.processExecutionPhase(TestCaseExecutor.java:418)
	at com.kms.katalon.core.main.TestCaseExecutor.accessMainPhase(TestCaseExecutor.java:410)
	at com.kms.katalon.core.main.TestCaseExecutor.execute(TestCaseExecutor.java:285)
	at com.kms.katalon.core.common.CommonExecutor.accessTestCaseMainPhase(CommonExecutor.java:65)
	at com.kms.katalon.core.main.TestSuiteExecutor.accessTestSuiteMainPhase(TestSuiteExecutor.java:148)
	at com.kms.katalon.core.main.TestSuiteExecutor.execute(TestSuiteExecutor.java:106)
	at com.kms.katalon.core.main.TestCaseMain.startTestSuite(TestCaseMain.java:187)
	at com.kms.katalon.core.main.TestCaseMain$startTestSuite$0.call(Unknown Source)
	at TempTestSuite1724897904035.run(TempTestSuite1724897904035.groovy:35)
Caused by: com.kms.katalon.core.webui.exception.WebElementNotFoundException: Web element with id: 'Object Repository/IWP30/Page_Confirmation/ConfirmButton' located by '//*[@type = 'submit' and @name = 'confirmNotifyAction' and @id = 'submitYes' and @value = 'Confirm']' not found
	at com.kms.katalon.core.webui.common.WebUiCommonHelper.findWebElement(WebUiCommonHelper.java:1381)
	at com.kms.katalon.core.webui.keyword.internal.WebUIAbstractKeyword.findWebElement(WebUIAbstractKeyword.groovy:27)
	at com.kms.katalon.core.webui.keyword.builtin.ClickKeyword$_click_closure1.doCall(ClickKeyword.groovy:65)
	at com.kms.katalon.core.webui.keyword.builtin.ClickKeyword$_click_closure1.call(ClickKeyword.groovy)
	at com.kms.katalon.core.webui.keyword.internal.WebUIKeywordMain.runKeyword(WebUIKeywordMain.groovy:20)
	at com.kms.katalon.core.webui.keyword.builtin.ClickKeyword.click(ClickKeyword.groovy:74)
	at com.kms.katalon.core.webui.keyword.builtin.ClickKeyword.execute(ClickKeyword.groovy:40)
	at com.kms.katalon.core.keyword.internal.KeywordExecutor.executeKeywordForPlatform(KeywordExecutor.groovy:74)
	at com.kms.katalon.core.webui.keyword.WebUiBuiltInKeywords.click(WebUiBuiltInKeywords.groovy:620)
	at com.kms.katalon.core.webui.keyword.WebUiBuiltInKeywords$click$3.call(Unknown Source)
	at Script1686782345568.run(Script1686782345568.groovy:84)
	... 13 more
)
[[ATTACHMENT|E:\\Cloned-Project-Katalon\\VPS-Katalon\\Reports\\20240828_221824\\QA\\IWP3.0\\IWP30 Smoke TestSuite\\20240828_221824\\1724898226836.png]]

2024-08-28 22:23:47 - [TEST_STEP][PASSED] - Thread.sleep(10000): null

2024-08-28 22:23:57 - [TEST_STEP][PASSED] - click(findTestObject("Object Repository/IWP30/Page_AcceptCF/input_convFeeNotifyAction")): Object: 'Object Repository/IWP30/Page_AcceptCF/input_convFeeNotifyAction' is clicked on

2024-08-28 22:24:28 - [MESSAGE][INFO] - Unable to find the element located by 'By.xpath: //*[@type = 'submit' and @name = 'convFeeNotifyAction' and @id = 'submitYes']'. Please recheck the objects properties to make sure the desired element is located. 

2024-08-28 22:24:28 - [MESSAGE][WARNING] - [SELF-HEALING] Failed to find element with id 'Object Repository/IWP30/Page_AcceptCF/input_convFeeNotifyAction'. Try using Self-healing.

2024-08-28 22:24:29 - [MESSAGE][INFO] - Unable to find the element located by 'By.xpath: //input[@id='submitYes']'. Please recheck the objects properties to make sure the desired element is located. 

2024-08-28 22:24:29 - [MESSAGE][INFO] - [SELF-HEALING] Failed Locator: '//input[@id='submitYes']'.

2024-08-28 22:24:29 - [MESSAGE][INFO] - [SELF-HEALING] Working Locator: '//div/input'.

2024-08-28 22:24:30 - [MESSAGE][INFO] - [SELF-HEALING] Screenshot: E:/Cloned-Project-Katalon/VPS-Katalon/Reports/Self-healing/Object Repository/IWP30/Page_AcceptCF/input_convFeeNotifyAction_position.png

2024-08-28 22:24:30 - [MESSAGE][WARNING] - [SELF-HEALING] The current locator of test object 'Object Repository/IWP30/Page_AcceptCF/input_convFeeNotifyAction' was broken. Propose an alternative one: '//div/input'.

2024-08-28 22:24:30 - [MESSAGE][PASSED] - Object: 'Object Repository/IWP30/Page_AcceptCF/input_convFeeNotifyAction' is clicked on

2024-08-28 22:24:30 - [TEST_STEP][PASSED] - Thread.sleep(10000): null

2024-08-28 22:24:40 - [TEST_STEP][FAILED] - if (verifyTextPresent("Successful Payment Receipt", false)): Text 'Successful Payment Receipt' is not present on page  (Root cause: com.kms.katalon.core.exception.StepFailedException: Text 'Successful Payment Receipt' is not present on page 
	at com.kms.katalon.core.webui.keyword.internal.WebUIKeywordMain.stepFailed(WebUIKeywordMain.groovy:64)
	at com.kms.katalon.core.webui.keyword.builtin.VerifyTextPresentKeyword$_verifyTextPresent_closure1.doCall(VerifyTextPresentKeyword.groovy:79)
	at com.kms.katalon.core.webui.keyword.builtin.VerifyTextPresentKeyword$_verifyTextPresent_closure1.call(VerifyTextPresentKeyword.groovy)
	at com.kms.katalon.core.webui.keyword.internal.WebUIKeywordMain.runKeyword(WebUIKeywordMain.groovy:20)
	at com.kms.katalon.core.webui.keyword.builtin.VerifyTextPresentKeyword.verifyTextPresent(VerifyTextPresentKeyword.groovy:83)
	at com.kms.katalon.core.webui.keyword.builtin.VerifyTextPresentKeyword.execute(VerifyTextPresentKeyword.groovy:68)
	at com.kms.katalon.core.keyword.internal.KeywordExecutor.executeKeywordForPlatform(KeywordExecutor.groovy:74)
	at com.kms.katalon.core.webui.keyword.WebUiBuiltInKeywords.verifyTextPresent(WebUiBuiltInKeywords.groovy:1723)
	at com.kms.katalon.core.webui.keyword.WebUiBuiltInKeywords$verifyTextPresent$8.call(Unknown Source)
	at PayNowSuccessfulPaymentSCFCC.run(PayNowSuccessfulPaymentSCFCC:94)
	at com.kms.katalon.core.main.ScriptEngine.run(ScriptEngine.java:194)
	at com.kms.katalon.core.main.ScriptEngine.runScriptAsRawText(ScriptEngine.java:119)
	at com.kms.katalon.core.main.TestCaseExecutor.runScript(TestCaseExecutor.java:448)
	at com.kms.katalon.core.main.TestCaseExecutor.doExecute(TestCaseExecutor.java:439)
	at com.kms.katalon.core.main.TestCaseExecutor.processExecutionPhase(TestCaseExecutor.java:418)
	at com.kms.katalon.core.main.TestCaseExecutor.accessMainPhase(TestCaseExecutor.java:410)
	at com.kms.katalon.core.main.TestCaseExecutor.execute(TestCaseExecutor.java:285)
	at com.kms.katalon.core.common.CommonExecutor.accessTestCaseMainPhase(CommonExecutor.java:65)
	at com.kms.katalon.core.main.TestSuiteExecutor.accessTestSuiteMainPhase(TestSuiteExecutor.java:148)
	at com.kms.katalon.core.main.TestSuiteExecutor.execute(TestSuiteExecutor.java:106)
	at com.kms.katalon.core.main.TestCaseMain.startTestSuite(TestCaseMain.java:187)
	at com.kms.katalon.core.main.TestCaseMain$startTestSuite$0.call(Unknown Source)
	at TempTestSuite1724897904035.run(TempTestSuite1724897904035.groovy:35)
)

2024-08-28 22:24:40 - [MESSAGE][FAILED] - Text 'Successful Payment Receipt' is not present on page  (Root cause: com.kms.katalon.core.exception.StepFailedException: Text 'Successful Payment Receipt' is not present on page 
	at com.kms.katalon.core.webui.keyword.internal.WebUIKeywordMain.stepFailed(WebUIKeywordMain.groovy:64)
	at com.kms.katalon.core.webui.keyword.builtin.VerifyTextPresentKeyword$_verifyTextPresent_closure1.doCall(VerifyTextPresentKeyword.groovy:79)
	at com.kms.katalon.core.webui.keyword.builtin.VerifyTextPresentKeyword$_verifyTextPresent_closure1.call(VerifyTextPresentKeyword.groovy)
	at com.kms.katalon.core.webui.keyword.internal.WebUIKeywordMain.runKeyword(WebUIKeywordMain.groovy:20)
	at com.kms.katalon.core.webui.keyword.builtin.VerifyTextPresentKeyword.verifyTextPresent(VerifyTextPresentKeyword.groovy:83)
	at com.kms.katalon.core.webui.keyword.builtin.VerifyTextPresentKeyword.execute(VerifyTextPresentKeyword.groovy:68)
	at com.kms.katalon.core.keyword.internal.KeywordExecutor.executeKeywordForPlatform(KeywordExecutor.groovy:74)
	at com.kms.katalon.core.webui.keyword.WebUiBuiltInKeywords.verifyTextPresent(WebUiBuiltInKeywords.groovy:1723)
	at com.kms.katalon.core.webui.keyword.WebUiBuiltInKeywords$verifyTextPresent$8.call(Unknown Source)
	at PayNowSuccessfulPaymentSCFCC.run(PayNowSuccessfulPaymentSCFCC:94)
	at com.kms.katalon.core.main.ScriptEngine.run(ScriptEngine.java:194)
	at com.kms.katalon.core.main.ScriptEngine.runScriptAsRawText(ScriptEngine.java:119)
	at com.kms.katalon.core.main.TestCaseExecutor.runScript(TestCaseExecutor.java:448)
	at com.kms.katalon.core.main.TestCaseExecutor.doExecute(TestCaseExecutor.java:439)
	at com.kms.katalon.core.main.TestCaseExecutor.processExecutionPhase(TestCaseExecutor.java:418)
	at com.kms.katalon.core.main.TestCaseExecutor.accessMainPhase(TestCaseExecutor.java:410)
	at com.kms.katalon.core.main.TestCaseExecutor.execute(TestCaseExecutor.java:285)
	at com.kms.katalon.core.common.CommonExecutor.accessTestCaseMainPhase(CommonExecutor.java:65)
	at com.kms.katalon.core.main.TestSuiteExecutor.accessTestSuiteMainPhase(TestSuiteExecutor.java:148)
	at com.kms.katalon.core.main.TestSuiteExecutor.execute(TestSuiteExecutor.java:106)
	at com.kms.katalon.core.main.TestCaseMain.startTestSuite(TestCaseMain.java:187)
	at com.kms.katalon.core.main.TestCaseMain$startTestSuite$0.call(Unknown Source)
	at TempTestSuite1724897904035.run(TempTestSuite1724897904035.groovy:35)
)

2024-08-28 22:24:40 - [TEST_STEP][FAILED] - else: null

2024-08-28 22:24:40 - [TEST_STEP][PASSED] - println("Successful Payment Receipt text is not present on the Receipt page"): null

2024-08-28 22:24:40 - [TEST_STEP][FAILED] - markFailed("Error on Page is : " + getText(findTestObject("Object Repository/IWP30/Page_Receipt/div_ReceiptSourceCode"))): Error on Page is : Make a Real Estate Payment
Lorem ipsum dolor sit amet, consectetuer adipiscing elit, sed diam nonummy nibh euismod tincidunt ut laoreet dolore magna aliquam erat volutpat. Ut wisi enim ad minim veniam, quis nostrud exerci tation ullamcorper suscipit lobortis nisl ut aliquip ex ea commodo consequat.
  Required fields are highlighted with an asterisk.
  Please enter the following information about your payment:
  Tax Amount: $0.00
  Amount:*  $
  UDF1 Label:  udf data 1
  UDF2 Label: 
  UDF3 Label:* 
  UDF4 Label:*  udf data 4
  UDF6 Label:  udf data 6
  UDF7 Label: 
--Select One--
Orange
Purple

  UDF8 Label:* 
--Select One--
Soccer
Tennis

UDF8 Label is required
  UDF9 Label:*  udf data 9
 
Please enter the following information about your payment method:
  Cardholder's Name:* 
  Cards Accepted: 
  Card Number:* 
  Card Security Code:* 
  Expiration Date:*  
     
MM
  
     01
  
     02
  
     03
  
     04
  
     05
  
     06
  
     07
  
     08
  
     09
  
     10
  
     11
  
     12
  
     
     YYYY
  
     2024
  
     2025
  
     2026
  
     2027
  
     2028
  
     2029
  
     2030
  
     2031
  
     2032
  
     2033
  
     2034
  
     2035
  
     2036
  
     2037
  
     2038
  
     2039
  
    
  Payment Date:*


 
Billing Information:
  Address Line 1:* 
  Address Line 2: 
  Country:*  
      
  
United States
    
  ZIP Code:* 
  City: 
  State:  
     
  
     
  
     
  
     
  
     
  
     
  
     
  
     
  
     
  
     
  
     
  
     
  
     
  
     
  
     
  
     
  
     
  
     
  
     
  
     
  
     
  
     
  
     
  
     
  
     
  
     
  
     
  
     
  
     
  
     
  
     
  
     
  
     
  
     
  
     
  
     
  
     
  
     
  
     
  
     
  
     
  
     
  
     
  
     
  
     
  
     
  
     
  
     
  
     
  
     
  
     
  
     
  
     
  
     
  
     
  
     
  
     
  
     
  
     
  
     
  
     
  
     
  
     
  
     
  
     
  
     
  
    
--Select One--
Armed Forces Americas
Armed Forces Europe
Armed Forces Canada
Armed Forces Africa
Armed Forces Middle East
Armed Forces Pacific
Alabama
Alaska
American Samoa
Arizona
Arkansas
California
Colorado
Connecticut
Delaware
District of Columbia
Federated States of Micronesia
Florida
Georgia
Guam
Hawaii
Idaho
Illinois
Indiana
Iowa
Kansas
Kentucky
Louisiana
Maine
Maryland
Massachusetts
Michigan
Minnesota
Mississippi
Missouri
Montana
Nebraska
Nevada
New Hampshire
New Jersey
New Mexico
New York
North Carolina
North Dakota
Northern Mariana Islands
Ohio
Oklahoma
Oregon
Palau
Pennsylvania
Puerto Rico
Rhode Island
South Carolina
South Dakota
Tennessee
Texas
Utah
Vermont
Virgin Islands
Virginia
Washington
West Virginia
Wisconsin
Wyoming
Marshall Island

 
Receipt Information:
  Email Address:* 
 
  Please check here to store the payment method for future use.

    These are Customer CC Terms
    These are CC Custom HTML

2024-08-28 22:24:41 - [MESSAGE][PASSED] - Text of object 'Object Repository/IWP30/Page_Receipt/div_ReceiptSourceCode' is: 'Make a Real Estate Payment
Lorem ipsum dolor sit amet, consectetuer adipiscing elit, sed diam nonummy nibh euismod tincidunt ut laoreet dolore magna aliquam erat volutpat. Ut wisi enim ad minim veniam, quis nostrud exerci tation ullamcorper suscipit lobortis nisl ut aliquip ex ea commodo consequat.
  Required fields are highlighted with an asterisk.
  Please enter the following information about your payment:
  Tax Amount: $0.00
  Amount:*  $
  UDF1 Label:  udf data 1
  UDF2 Label: 
  UDF3 Label:* 
  UDF4 Label:*  udf data 4
  UDF6 Label:  udf data 6
  UDF7 Label: 
--Select One--
Orange
Purple

  UDF8 Label:* 
--Select One--
Soccer
Tennis

UDF8 Label is required
  UDF9 Label:*  udf data 9
 
Please enter the following information about your payment method:
  Cardholder's Name:* 
  Cards Accepted: 
  Card Number:* 
  Card Security Code:* 
  Expiration Date:*  
     
MM
  
     01
  
     02
  
     03
  
     04
  
     05
  
     06
  
     07
  
     08
  
     09
  
     10
  
     11
  
     12
  
     
     YYYY
  
     2024
  
     2025
  
     2026
  
     2027
  
     2028
  
     2029
  
     2030
  
     2031
  
     2032
  
     2033
  
     2034
  
     2035
  
     2036
  
     2037
  
     2038
  
     2039
  
    
  Payment Date:*


 
Billing Information:
  Address Line 1:* 
  Address Line 2: 
  Country:*  
      
  
United States
    
  ZIP Code:* 
  City: 
  State:  
     
  
     
  
     
  
     
  
     
  
     
  
     
  
     
  
     
  
     
  
     
  
     
  
     
  
     
  
     
  
     
  
     
  
     
  
     
  
     
  
     
  
     
  
     
  
     
  
     
  
     
  
     
  
     
  
     
  
     
  
     
  
     
  
     
  
     
  
     
  
     
  
     
  
     
  
     
  
     
  
     
  
     
  
     
  
     
  
     
  
     
  
     
  
     
  
     
  
     
  
     
  
     
  
     
  
     
  
     
  
     
  
     
  
     
  
     
  
     
  
     
  
     
  
     
  
     
  
     
  
     
  
    
--Select One--
Armed Forces Americas
Armed Forces Europe
Armed Forces Canada
Armed Forces Africa
Armed Forces Middle East
Armed Forces Pacific
Alabama
Alaska
American Samoa
Arizona
Arkansas
California
Colorado
Connecticut
Delaware
District of Columbia
Federated States of Micronesia
Florida
Georgia
Guam
Hawaii
Idaho
Illinois
Indiana
Iowa
Kansas
Kentucky
Louisiana
Maine
Maryland
Massachusetts
Michigan
Minnesota
Mississippi
Missouri
Montana
Nebraska
Nevada
New Hampshire
New Jersey
New Mexico
New York
North Carolina
North Dakota
Northern Mariana Islands
Ohio
Oklahoma
Oregon
Palau
Pennsylvania
Puerto Rico
Rhode Island
South Carolina
South Dakota
Tennessee
Texas
Utah
Vermont
Virgin Islands
Virginia
Washington
West Virginia
Wisconsin
Wyoming
Marshall Island

 
Receipt Information:
  Email Address:* 
 
  Please check here to store the payment method for future use.

    These are Customer CC Terms
    These are CC Custom HTML'

2024-08-28 22:24:41 - [MESSAGE][FAILED] - Error on Page is : Make a Real Estate Payment
Lorem ipsum dolor sit amet, consectetuer adipiscing elit, sed diam nonummy nibh euismod tincidunt ut laoreet dolore magna aliquam erat volutpat. Ut wisi enim ad minim veniam, quis nostrud exerci tation ullamcorper suscipit lobortis nisl ut aliquip ex ea commodo consequat.
  Required fields are highlighted with an asterisk.
  Please enter the following information about your payment:
  Tax Amount: $0.00
  Amount:*  $
  UDF1 Label:  udf data 1
  UDF2 Label: 
  UDF3 Label:* 
  UDF4 Label:*  udf data 4
  UDF6 Label:  udf data 6
  UDF7 Label: 
--Select One--
Orange
Purple

  UDF8 Label:* 
--Select One--
Soccer
Tennis

UDF8 Label is required
  UDF9 Label:*  udf data 9
 
Please enter the following information about your payment method:
  Cardholder's Name:* 
  Cards Accepted: 
  Card Number:* 
  Card Security Code:* 
  Expiration Date:*  
     
MM
  
     01
  
     02
  
     03
  
     04
  
     05
  
     06
  
     07
  
     08
  
     09
  
     10
  
     11
  
     12
  
     
     YYYY
  
     2024
  
     2025
  
     2026
  
     2027
  
     2028
  
     2029
  
     2030
  
     2031
  
     2032
  
     2033
  
     2034
  
     2035
  
     2036
  
     2037
  
     2038
  
     2039
  
    
  Payment Date:*


 
Billing Information:
  Address Line 1:* 
  Address Line 2: 
  Country:*  
      
  
United States
    
  ZIP Code:* 
  City: 
  State:  
     
  
     
  
     
  
     
  
     
  
     
  
     
  
     
  
     
  
     
  
     
  
     
  
     
  
     
  
     
  
     
  
     
  
     
  
     
  
     
  
     
  
     
  
     
  
     
  
     
  
     
  
     
  
     
  
     
  
     
  
     
  
     
  
     
  
     
  
     
  
     
  
     
  
     
  
     
  
     
  
     
  
     
  
     
  
     
  
     
  
     
  
     
  
     
  
     
  
     
  
     
  
     
  
     
  
     
  
     
  
     
  
     
  
     
  
     
  
     
  
     
  
     
  
     
  
     
  
     
  
     
  
    
--Select One--
Armed Forces Americas
Armed Forces Europe
Armed Forces Canada
Armed Forces Africa
Armed Forces Middle East
Armed Forces Pacific
Alabama
Alaska
American Samoa
Arizona
Arkansas
California
Colorado
Connecticut
Delaware
District of Columbia
Federated States of Micronesia
Florida
Georgia
Guam
Hawaii
Idaho
Illinois
Indiana
Iowa
Kansas
Kentucky
Louisiana
Maine
Maryland
Massachusetts
Michigan
Minnesota
Mississippi
Missouri
Montana
Nebraska
Nevada
New Hampshire
New Jersey
New Mexico
New York
North Carolina
North Dakota
Northern Mariana Islands
Ohio
Oklahoma
Oregon
Palau
Pennsylvania
Puerto Rico
Rhode Island
South Carolina
South Dakota
Tennessee
Texas
Utah
Vermont
Virgin Islands
Virginia
Washington
West Virginia
Wisconsin
Wyoming
Marshall Island

 
Receipt Information:
  Email Address:* 
 
  Please check here to store the payment method for future use.

    These are Customer CC Terms
    These are CC Custom HTML

2024-08-28 22:24:41 - [TEST_STEP][PASSED] - resText = "Fail": null

2024-08-28 22:24:41 - [TEST_STEP][PASSED] - pages.WriteExcel.demoKey(resText, datText, resColumn, datCloumn, fileLoc, nameSheet, row): pages.WriteExcel.demoKey is PASSED

2024-08-28 22:24:41 - [MESSAGE][PASSED] - pages.WriteExcel.demoKey is PASSED

2024-08-28 22:24:41 - [TEST_STEP][PASSED] - println(getText(findTestObject("Object Repository/IWP30/Page_Receipt/div_ReceiptSourceCode"))): Text of object 'Object Repository/IWP30/Page_Receipt/div_ReceiptSourceCode' is: 'Make a Real Estate Payment
Lorem ipsum dolor sit amet, consectetuer adipiscing elit, sed diam nonummy nibh euismod tincidunt ut laoreet dolore magna aliquam erat volutpat. Ut wisi enim ad minim veniam, quis nostrud exerci tation ullamcorper suscipit lobortis nisl ut aliquip ex ea commodo consequat.
  Required fields are highlighted with an asterisk.
  Please enter the following information about your payment:
  Tax Amount: $0.00
  Amount:*  $
  UDF1 Label:  udf data 1
  UDF2 Label: 
  UDF3 Label:* 
  UDF4 Label:*  udf data 4
  UDF6 Label:  udf data 6
  UDF7 Label: 
--Select One--
Orange
Purple

  UDF8 Label:* 
--Select One--
Soccer
Tennis

UDF8 Label is required
  UDF9 Label:*  udf data 9
 
Please enter the following information about your payment method:
  Cardholder's Name:* 
  Cards Accepted: 
  Card Number:* 
  Card Security Code:* 
  Expiration Date:*  
     
MM
  
     01
  
     02
  
     03
  
     04
  
     05
  
     06
  
     07
  
     08
  
     09
  
     10
  
     11
  
     12
  
     
     YYYY
  
     2024
  
     2025
  
     2026
  
     2027
  
     2028
  
     2029
  
     2030
  
     2031
  
     2032
  
     2033
  
     2034
  
     2035
  
     2036
  
     2037
  
     2038
  
     2039
  
    
  Payment Date:*


 
Billing Information:
  Address Line 1:* 
  Address Line 2: 
  Country:*  
      
  
United States
    
  ZIP Code:* 
  City: 
  State:  
     
  
     
  
     
  
     
  
     
  
     
  
     
  
     
  
     
  
     
  
     
  
     
  
     
  
     
  
     
  
     
  
     
  
     
  
     
  
     
  
     
  
     
  
     
  
     
  
     
  
     
  
     
  
     
  
     
  
     
  
     
  
     
  
     
  
     
  
     
  
     
  
     
  
     
  
     
  
     
  
     
  
     
  
     
  
     
  
     
  
     
  
     
  
     
  
     
  
     
  
     
  
     
  
     
  
     
  
     
  
     
  
     
  
     
  
     
  
     
  
     
  
     
  
     
  
     
  
     
  
     
  
    
--Select One--
Armed Forces Americas
Armed Forces Europe
Armed Forces Canada
Armed Forces Africa
Armed Forces Middle East
Armed Forces Pacific
Alabama
Alaska
American Samoa
Arizona
Arkansas
California
Colorado
Connecticut
Delaware
District of Columbia
Federated States of Micronesia
Florida
Georgia
Guam
Hawaii
Idaho
Illinois
Indiana
Iowa
Kansas
Kentucky
Louisiana
Maine
Maryland
Massachusetts
Michigan
Minnesota
Mississippi
Missouri
Montana
Nebraska
Nevada
New Hampshire
New Jersey
New Mexico
New York
North Carolina
North Dakota
Northern Mariana Islands
Ohio
Oklahoma
Oregon
Palau
Pennsylvania
Puerto Rico
Rhode Island
South Carolina
South Dakota
Tennessee
Texas
Utah
Vermont
Virgin Islands
Virginia
Washington
West Virginia
Wisconsin
Wyoming
Marshall Island

 
Receipt Information:
  Email Address:* 
 
  Please check here to store the payment method for future use.

    These are Customer CC Terms
    These are CC Custom HTML'

2024-08-28 22:24:41 - [MESSAGE][PASSED] - Text of object 'Object Repository/IWP30/Page_Receipt/div_ReceiptSourceCode' is: 'Make a Real Estate Payment
Lorem ipsum dolor sit amet, consectetuer adipiscing elit, sed diam nonummy nibh euismod tincidunt ut laoreet dolore magna aliquam erat volutpat. Ut wisi enim ad minim veniam, quis nostrud exerci tation ullamcorper suscipit lobortis nisl ut aliquip ex ea commodo consequat.
  Required fields are highlighted with an asterisk.
  Please enter the following information about your payment:
  Tax Amount: $0.00
  Amount:*  $
  UDF1 Label:  udf data 1
  UDF2 Label: 
  UDF3 Label:* 
  UDF4 Label:*  udf data 4
  UDF6 Label:  udf data 6
  UDF7 Label: 
--Select One--
Orange
Purple

  UDF8 Label:* 
--Select One--
Soccer
Tennis

UDF8 Label is required
  UDF9 Label:*  udf data 9
 
Please enter the following information about your payment method:
  Cardholder's Name:* 
  Cards Accepted: 
  Card Number:* 
  Card Security Code:* 
  Expiration Date:*  
     
MM
  
     01
  
     02
  
     03
  
     04
  
     05
  
     06
  
     07
  
     08
  
     09
  
     10
  
     11
  
     12
  
     
     YYYY
  
     2024
  
     2025
  
     2026
  
     2027
  
     2028
  
     2029
  
     2030
  
     2031
  
     2032
  
     2033
  
     2034
  
     2035
  
     2036
  
     2037
  
     2038
  
     2039
  
    
  Payment Date:*


 
Billing Information:
  Address Line 1:* 
  Address Line 2: 
  Country:*  
      
  
United States
    
  ZIP Code:* 
  City: 
  State:  
     
  
     
  
     
  
     
  
     
  
     
  
     
  
     
  
     
  
     
  
     
  
     
  
     
  
     
  
     
  
     
  
     
  
     
  
     
  
     
  
     
  
     
  
     
  
     
  
     
  
     
  
     
  
     
  
     
  
     
  
     
  
     
  
     
  
     
  
     
  
     
  
     
  
     
  
     
  
     
  
     
  
     
  
     
  
     
  
     
  
     
  
     
  
     
  
     
  
     
  
     
  
     
  
     
  
     
  
     
  
     
  
     
  
     
  
     
  
     
  
     
  
     
  
     
  
     
  
     
  
     
  
    
--Select One--
Armed Forces Americas
Armed Forces Europe
Armed Forces Canada
Armed Forces Africa
Armed Forces Middle East
Armed Forces Pacific
Alabama
Alaska
American Samoa
Arizona
Arkansas
California
Colorado
Connecticut
Delaware
District of Columbia
Federated States of Micronesia
Florida
Georgia
Guam
Hawaii
Idaho
Illinois
Indiana
Iowa
Kansas
Kentucky
Louisiana
Maine
Maryland
Massachusetts
Michigan
Minnesota
Mississippi
Missouri
Montana
Nebraska
Nevada
New Hampshire
New Jersey
New Mexico
New York
North Carolina
North Dakota
Northern Mariana Islands
Ohio
Oklahoma
Oregon
Palau
Pennsylvania
Puerto Rico
Rhode Island
South Carolina
South Dakota
Tennessee
Texas
Utah
Vermont
Virgin Islands
Virginia
Washington
West Virginia
Wisconsin
Wyoming
Marshall Island

 
Receipt Information:
  Email Address:* 
 
  Please check here to store the payment method for future use.

    These are Customer CC Terms
    These are CC Custom HTML'

2024-08-28 22:24:41 - [TEST_STEP][PASSED] - ExecuteTC = findTestData(dataFile).getValue("Execute", row): null

2024-08-28 22:24:41 - [TEST_STEP][PASSED] - out.println("Value of Execute is : " + ExecuteTC): null

2024-08-28 22:24:41 - [TEST_STEP][FAILED] - if (ExecuteTC.equalsIgnoreCase("Y")): null

2024-08-28 22:24:41 - [TEST_STEP][PASSED] - out.println("Begin Record Number: " + row): null

2024-08-28 22:24:41 - [TEST_STEP][PASSED] - today = new java.util.Date(): null

2024-08-28 22:24:41 - [TEST_STEP][PASSED] - println(today): null

2024-08-28 22:24:41 - [TEST_STEP][PASSED] - datText = today: null

2024-08-28 22:24:41 - [TEST_STEP][PASSED] - EmulatorDataKey = findTestData(dataFile).getValue("EmulatorData", row): null

2024-08-28 22:24:41 - [TEST_STEP][PASSED] - out.println("Value of Emulator Key is : " + EmulatorDataKey): null

2024-08-28 22:24:41 - [TEST_STEP][PASSED] - iwpPages.emulatorIWP30.setDataEmulator_DD(EmulatorDataKey): iwpPages.emulatorIWP30.setDataEmulator_DD is PASSED

2024-08-28 22:24:42 - [MESSAGE][WARNING] - A browser is already opened. Closing browser and opening a new one

2024-08-28 22:24:43 - [MESSAGE][INFO] - Starting 'Chrome' driver

2024-08-28 22:24:43 - [MESSAGE][INFO] - User set preference: ['acceptInsecureCerts', 'true']

2024-08-28 22:24:43 - [MESSAGE][INFO] - Action delay is set to 0 milliseconds

2024-08-28 22:24:45 - [MESSAGE][PASSED] - Browser is opened with url: 'https://qa2.velocitypayment.com/agency/config.do?action=editor&message_version=3_0'

2024-08-28 22:24:45 - [MESSAGE][PASSED] - Current window maximized

2024-08-28 22:24:47 - [MESSAGE][PASSED] - All options with value '3.0' are selected in object 'Object Repository/IWP30/Page_VRelay30Emulator/MV'  using regular expression

2024-08-28 22:24:47 - [MESSAGE][PASSED] - Text '10.50' is set on object 'Object Repository/IWP30/Page_VRelay30Emulator/Amount'

2024-08-28 22:24:48 - [MESSAGE][PASSED] - Text '26412167' is set on object 'Object Repository/IWP30/Page_VRelay30Emulator/CAN'

2024-08-28 22:24:49 - [MESSAGE][PASSED] - Text 'PayNow' is set on object 'Object Repository/IWP30/Page_VRelay30Emulator/Action'

2024-08-28 22:24:49 - [MESSAGE][PASSED] - Text 'en_US' is set on object 'Object Repository/IWP30/Page_VRelay30Emulator/Lang'

2024-08-28 22:24:50 - [MESSAGE][PASSED] - Text 'Elizath' is set on object 'Object Repository/IWP30/Page_VRelay30Emulator/Fname'

2024-08-28 22:24:50 - [MESSAGE][PASSED] - Text 'Christine' is set on object 'Object Repository/IWP30/Page_VRelay30Emulator/Lname'

2024-08-28 22:24:51 - [MESSAGE][PASSED] - Text '258 Underwood rd' is set on object 'Object Repository/IWP30/Page_VRelay30Emulator/AL1'

2024-08-28 22:24:52 - [MESSAGE][PASSED] - Text 'Suite 600' is set on object 'Object Repository/IWP30/Page_VRelay30Emulator/AL2'

2024-08-28 22:24:52 - [MESSAGE][PASSED] - Text '840' is set on object 'Object Repository/IWP30/Page_VRelay30Emulator/Country'

2024-08-28 22:24:53 - [MESSAGE][PASSED] - Text 'Arlington' is set on object 'Object Repository/IWP30/Page_VRelay30Emulator/City'

2024-08-28 22:24:54 - [MESSAGE][PASSED] - Text 'VA' is set on object 'Object Repository/IWP30/Page_VRelay30Emulator/State'

2024-08-28 22:24:54 - [MESSAGE][PASSED] - Text '22201' is set on object 'Object Repository/IWP30/Page_VRelay30Emulator/ZIP'

2024-08-28 22:24:55 - [MESSAGE][PASSED] - Text '' is set on object 'Object Repository/IWP30/Page_VRelay30Emulator/Order'

2024-08-28 22:24:56 - [MESSAGE][PASSED] - Text '' is set on object 'Object Repository/IWP30/Page_VRelay30Emulator/Company'

2024-08-28 22:24:56 - [MESSAGE][PASSED] - Text 'iahmed@govolution.com' is set on object 'Object Repository/IWP30/Page_VRelay30Emulator/Email'

2024-08-28 22:24:57 - [MESSAGE][PASSED] - Text 'udf data 1' is set on object 'Object Repository/IWP30/Page_VRelay30Emulator/UDF1'

2024-08-28 22:24:58 - [MESSAGE][PASSED] - Text 'udf data 2' is set on object 'Object Repository/IWP30/Page_VRelay30Emulator/UDF2'

2024-08-28 22:24:58 - [MESSAGE][PASSED] - Text 'udf data 3' is set on object 'Object Repository/IWP30/Page_VRelay30Emulator/UDF3'

2024-08-28 22:24:59 - [MESSAGE][PASSED] - Text 'udf data 4' is set on object 'Object Repository/IWP30/Page_VRelay30Emulator/UDF4'

2024-08-28 22:25:00 - [MESSAGE][PASSED] - Text 'udf data 5' is set on object 'Object Repository/IWP30/Page_VRelay30Emulator/UDF5'

2024-08-28 22:25:00 - [MESSAGE][PASSED] - Text 'udf data 6' is set on object 'Object Repository/IWP30/Page_VRelay30Emulator/UDF6'

2024-08-28 22:25:01 - [MESSAGE][PASSED] - Text 'Orange' is set on object 'Object Repository/IWP30/Page_VRelay30Emulator/UDF7'

2024-08-28 22:25:02 - [MESSAGE][PASSED] - Text 'Soccer' is set on object 'Object Repository/IWP30/Page_VRelay30Emulator/UDF8'

2024-08-28 22:25:02 - [MESSAGE][PASSED] - Text 'udf data 9' is set on object 'Object Repository/IWP30/Page_VRelay30Emulator/UDF9'

2024-08-28 22:25:03 - [MESSAGE][PASSED] - Text 'udf data 10' is set on object 'Object Repository/IWP30/Page_VRelay30Emulator/UDF10'

2024-08-28 22:25:03 - [MESSAGE][PASSED] - Object: 'Object Repository/IWP30/Page_VRelay30Emulator/Submit' is clicked on

2024-08-28 22:25:09 - [MESSAGE][PASSED] - Browser is closed

2024-08-28 22:25:13 - [MESSAGE][PASSED] - iwpPages.emulatorIWP30.setDataEmulator_DD is PASSED

2024-08-28 22:25:13 - [TEST_STEP][PASSED] - testHarnessURL = urlTestHarness: null

2024-08-28 22:25:13 - [TEST_STEP][PASSED] - openBrowser(testHarnessURL): Browser is opened with url: 'https://dev-algorithm.govolution.com/vrelaytest/QA2/version_2_2/vrelaytest.html'

2024-08-28 22:25:13 - [MESSAGE][INFO] - Starting 'Chrome' driver

2024-08-28 22:25:13 - [MESSAGE][INFO] - User set preference: ['acceptInsecureCerts', 'true']

2024-08-28 22:25:13 - [MESSAGE][INFO] - Action delay is set to 0 milliseconds

2024-08-28 22:25:15 - [MESSAGE][PASSED] - Browser is opened with url: 'https://dev-algorithm.govolution.com/vrelaytest/QA2/version_2_2/vrelaytest.html'

2024-08-28 22:25:15 - [TEST_STEP][PASSED] - maximizeWindow(): Current window maximized

2024-08-28 22:25:15 - [MESSAGE][PASSED] - Current window maximized

2024-08-28 22:25:15 - [TEST_STEP][PASSED] - iwpPages.TestHarnessPage.setDataMethod(row, dataFile): iwpPages.TestHarnessPage.setDataMethod is PASSED

2024-08-28 22:25:15 - [MESSAGE][PASSED] - Object 'Object Repository/IWP30/Page_QATestHarness/RemittanceID' is present

2024-08-28 22:25:16 - [MESSAGE][PASSED] - Text '650' is set on object 'Object Repository/IWP30/Page_QATestHarness/ApplicationID'

2024-08-28 22:25:17 - [MESSAGE][PASSED] - Text '3.0' is set on object 'Object Repository/IWP30/Page_QATestHarness/MessageVersion'

2024-08-28 22:25:18 - [MESSAGE][PASSED] - Text '9PBDYuF03zTv' is set on object 'Object Repository/IWP30/Page_QATestHarness/RemittanceID'

2024-08-28 22:25:19 - [MESSAGE][PASSED] - Object: 'Object Repository/IWP30/Page_QATestHarness/SubmitButton' is clicked on

2024-08-28 22:25:19 - [MESSAGE][PASSED] - iwpPages.TestHarnessPage.setDataMethod is PASSED

2024-08-28 22:25:19 - [TEST_STEP][PASSED] - check(findTestObject("Object Repository/IWP30/Page_SelectPaymentMethod/PayByCreditCard")): Object 'Object Repository/IWP30/Page_SelectPaymentMethod/PayByCreditCard' is checked

2024-08-28 22:25:20 - [MESSAGE][PASSED] - Object 'Object Repository/IWP30/Page_SelectPaymentMethod/PayByCreditCard' is checked

2024-08-28 22:25:20 - [TEST_STEP][PASSED] - click(findTestObject("Object Repository/IWP30/Page_SelectPaymentMethod/MakePaymentButton")): Object: 'Object Repository/IWP30/Page_SelectPaymentMethod/MakePaymentButton' is clicked on

2024-08-28 22:25:21 - [MESSAGE][PASSED] - Object: 'Object Repository/IWP30/Page_SelectPaymentMethod/MakePaymentButton' is clicked on

2024-08-28 22:25:21 - [TEST_STEP][PASSED] - iwpPages.ccPaymentEntryPage.setDataIWPCreditCard(row, dataFile): iwpPages.ccPaymentEntryPage.setDataIWPCreditCard is PASSED

2024-08-28 22:25:22 - [MESSAGE][PASSED] - Object 'Object Repository/IWP30/Page_CCPaymentEntry/Name' is present

2024-08-28 22:25:23 - [MESSAGE][PASSED] - Text '4761730000000011' is set on object 'Object Repository/IWP30/Page_CCPaymentEntry/CardNumber'

2024-08-28 22:25:24 - [MESSAGE][PASSED] - Text '123' is set on object 'Object Repository/IWP30/Page_CCPaymentEntry/SPC'

2024-08-28 22:25:25 - [MESSAGE][PASSED] - All options with label '12' are selected in object 'Object Repository/IWP30/Page_CCPaymentEntry/Month' 

2024-08-28 22:25:25 - [MESSAGE][PASSED] - All options with label '2028' are selected in object 'Object Repository/IWP30/Page_CCPaymentEntry/Year' 

2024-08-28 22:25:26 - [MESSAGE][PASSED] - Object 'Object Repository/IWP30/Page_CCPaymentEntry/TermCondCheckBox' is present

2024-08-28 22:25:26 - [MESSAGE][PASSED] - Object 'Object Repository/IWP30/Page_CCPaymentEntry/TermCondCheckBox' is checked

2024-08-28 22:25:26 - [MESSAGE][PASSED] - Object 'Object Repository/IWP30/Page_CCPaymentEntry/ContinueButton' is present

2024-08-28 22:25:27 - [MESSAGE][PASSED] - Object: 'Object Repository/IWP30/Page_CCPaymentEntry/ContinueButton' is clicked on

2024-08-28 22:25:27 - [MESSAGE][PASSED] - iwpPages.ccPaymentEntryPage.setDataIWPCreditCard is PASSED

2024-08-28 22:25:27 - [TEST_STEP][FAILED] - click(findTestObject("Object Repository/IWP30/Page_Confirmation/ConfirmButton")): Unable to click on object 'Object Repository/IWP30/Page_Confirmation/ConfirmButton' (Root cause: com.kms.katalon.core.exception.StepFailedException: Unable to click on object 'Object Repository/IWP30/Page_Confirmation/ConfirmButton'
	at com.kms.katalon.core.webui.keyword.internal.WebUIKeywordMain.stepFailed(WebUIKeywordMain.groovy:64)
	at com.kms.katalon.core.webui.keyword.internal.WebUIKeywordMain.runKeyword(WebUIKeywordMain.groovy:26)
	at com.kms.katalon.core.webui.keyword.builtin.ClickKeyword.click(ClickKeyword.groovy:74)
	at com.kms.katalon.core.webui.keyword.builtin.ClickKeyword.execute(ClickKeyword.groovy:40)
	at com.kms.katalon.core.keyword.internal.KeywordExecutor.executeKeywordForPlatform(KeywordExecutor.groovy:74)
	at com.kms.katalon.core.webui.keyword.WebUiBuiltInKeywords.click(WebUiBuiltInKeywords.groovy:620)
	at com.kms.katalon.core.webui.keyword.WebUiBuiltInKeywords$click$3.call(Unknown Source)
	at PayNowSuccessfulPaymentSCFCC.run(PayNowSuccessfulPaymentSCFCC:84)
	at com.kms.katalon.core.main.ScriptEngine.run(ScriptEngine.java:194)
	at com.kms.katalon.core.main.ScriptEngine.runScriptAsRawText(ScriptEngine.java:119)
	at com.kms.katalon.core.main.TestCaseExecutor.runScript(TestCaseExecutor.java:448)
	at com.kms.katalon.core.main.TestCaseExecutor.doExecute(TestCaseExecutor.java:439)
	at com.kms.katalon.core.main.TestCaseExecutor.processExecutionPhase(TestCaseExecutor.java:418)
	at com.kms.katalon.core.main.TestCaseExecutor.accessMainPhase(TestCaseExecutor.java:410)
	at com.kms.katalon.core.main.TestCaseExecutor.execute(TestCaseExecutor.java:285)
	at com.kms.katalon.core.common.CommonExecutor.accessTestCaseMainPhase(CommonExecutor.java:65)
	at com.kms.katalon.core.main.TestSuiteExecutor.accessTestSuiteMainPhase(TestSuiteExecutor.java:148)
	at com.kms.katalon.core.main.TestSuiteExecutor.execute(TestSuiteExecutor.java:106)
	at com.kms.katalon.core.main.TestCaseMain.startTestSuite(TestCaseMain.java:187)
	at com.kms.katalon.core.main.TestCaseMain$startTestSuite$0.call(Unknown Source)
	at TempTestSuite1724897904035.run(TempTestSuite1724897904035.groovy:35)
Caused by: com.kms.katalon.core.webui.exception.WebElementNotFoundException: Web element with id: 'Object Repository/IWP30/Page_Confirmation/ConfirmButton' located by '//*[@type = 'submit' and @name = 'confirmNotifyAction' and @id = 'submitYes' and @value = 'Confirm']' not found
	at com.kms.katalon.core.webui.common.WebUiCommonHelper.findWebElement(WebUiCommonHelper.java:1381)
	at com.kms.katalon.core.webui.keyword.internal.WebUIAbstractKeyword.findWebElement(WebUIAbstractKeyword.groovy:27)
	at com.kms.katalon.core.webui.keyword.builtin.ClickKeyword$_click_closure1.doCall(ClickKeyword.groovy:65)
	at com.kms.katalon.core.webui.keyword.builtin.ClickKeyword$_click_closure1.call(ClickKeyword.groovy)
	at com.kms.katalon.core.webui.keyword.internal.WebUIKeywordMain.runKeyword(WebUIKeywordMain.groovy:20)
	at com.kms.katalon.core.webui.keyword.builtin.ClickKeyword.click(ClickKeyword.groovy:74)
	at com.kms.katalon.core.webui.keyword.builtin.ClickKeyword.execute(ClickKeyword.groovy:40)
	at com.kms.katalon.core.keyword.internal.KeywordExecutor.executeKeywordForPlatform(KeywordExecutor.groovy:74)
	at com.kms.katalon.core.webui.keyword.WebUiBuiltInKeywords.click(WebUiBuiltInKeywords.groovy:620)
	at com.kms.katalon.core.webui.keyword.WebUiBuiltInKeywords$click$3.call(Unknown Source)
	at Script1686782345568.run(Script1686782345568.groovy:84)
	... 13 more
)

2024-08-28 22:25:59 - [MESSAGE][INFO] - Unable to find the element located by 'By.xpath: //*[@type = 'submit' and @name = 'confirmNotifyAction' and @id = 'submitYes' and @value = 'Confirm']'. Please recheck the objects properties to make sure the desired element is located. 

2024-08-28 22:25:59 - [MESSAGE][WARNING] - [SELF-HEALING] Failed to find element with id 'Object Repository/IWP30/Page_Confirmation/ConfirmButton'. Try using Self-healing.

2024-08-28 22:25:59 - [MESSAGE][WARNING] - [SELF-HEALING] Cannot find elements when the XPath is null.

2024-08-28 22:25:59 - [MESSAGE][WARNING] - [SELF-HEALING] Cannot find elements when the selector is null

2024-08-28 22:25:59 - [MESSAGE][FAILED] - Unable to click on object 'Object Repository/IWP30/Page_Confirmation/ConfirmButton' (Root cause: com.kms.katalon.core.exception.StepFailedException: Unable to click on object 'Object Repository/IWP30/Page_Confirmation/ConfirmButton'
	at com.kms.katalon.core.webui.keyword.internal.WebUIKeywordMain.stepFailed(WebUIKeywordMain.groovy:64)
	at com.kms.katalon.core.webui.keyword.internal.WebUIKeywordMain.runKeyword(WebUIKeywordMain.groovy:26)
	at com.kms.katalon.core.webui.keyword.builtin.ClickKeyword.click(ClickKeyword.groovy:74)
	at com.kms.katalon.core.webui.keyword.builtin.ClickKeyword.execute(ClickKeyword.groovy:40)
	at com.kms.katalon.core.keyword.internal.KeywordExecutor.executeKeywordForPlatform(KeywordExecutor.groovy:74)
	at com.kms.katalon.core.webui.keyword.WebUiBuiltInKeywords.click(WebUiBuiltInKeywords.groovy:620)
	at com.kms.katalon.core.webui.keyword.WebUiBuiltInKeywords$click$3.call(Unknown Source)
	at PayNowSuccessfulPaymentSCFCC.run(PayNowSuccessfulPaymentSCFCC:84)
	at com.kms.katalon.core.main.ScriptEngine.run(ScriptEngine.java:194)
	at com.kms.katalon.core.main.ScriptEngine.runScriptAsRawText(ScriptEngine.java:119)
	at com.kms.katalon.core.main.TestCaseExecutor.runScript(TestCaseExecutor.java:448)
	at com.kms.katalon.core.main.TestCaseExecutor.doExecute(TestCaseExecutor.java:439)
	at com.kms.katalon.core.main.TestCaseExecutor.processExecutionPhase(TestCaseExecutor.java:418)
	at com.kms.katalon.core.main.TestCaseExecutor.accessMainPhase(TestCaseExecutor.java:410)
	at com.kms.katalon.core.main.TestCaseExecutor.execute(TestCaseExecutor.java:285)
	at com.kms.katalon.core.common.CommonExecutor.accessTestCaseMainPhase(CommonExecutor.java:65)
	at com.kms.katalon.core.main.TestSuiteExecutor.accessTestSuiteMainPhase(TestSuiteExecutor.java:148)
	at com.kms.katalon.core.main.TestSuiteExecutor.execute(TestSuiteExecutor.java:106)
	at com.kms.katalon.core.main.TestCaseMain.startTestSuite(TestCaseMain.java:187)
	at com.kms.katalon.core.main.TestCaseMain$startTestSuite$0.call(Unknown Source)
	at TempTestSuite1724897904035.run(TempTestSuite1724897904035.groovy:35)
Caused by: com.kms.katalon.core.webui.exception.WebElementNotFoundException: Web element with id: 'Object Repository/IWP30/Page_Confirmation/ConfirmButton' located by '//*[@type = 'submit' and @name = 'confirmNotifyAction' and @id = 'submitYes' and @value = 'Confirm']' not found
	at com.kms.katalon.core.webui.common.WebUiCommonHelper.findWebElement(WebUiCommonHelper.java:1381)
	at com.kms.katalon.core.webui.keyword.internal.WebUIAbstractKeyword.findWebElement(WebUIAbstractKeyword.groovy:27)
	at com.kms.katalon.core.webui.keyword.builtin.ClickKeyword$_click_closure1.doCall(ClickKeyword.groovy:65)
	at com.kms.katalon.core.webui.keyword.builtin.ClickKeyword$_click_closure1.call(ClickKeyword.groovy)
	at com.kms.katalon.core.webui.keyword.internal.WebUIKeywordMain.runKeyword(WebUIKeywordMain.groovy:20)
	at com.kms.katalon.core.webui.keyword.builtin.ClickKeyword.click(ClickKeyword.groovy:74)
	at com.kms.katalon.core.webui.keyword.builtin.ClickKeyword.execute(ClickKeyword.groovy:40)
	at com.kms.katalon.core.keyword.internal.KeywordExecutor.executeKeywordForPlatform(KeywordExecutor.groovy:74)
	at com.kms.katalon.core.webui.keyword.WebUiBuiltInKeywords.click(WebUiBuiltInKeywords.groovy:620)
	at com.kms.katalon.core.webui.keyword.WebUiBuiltInKeywords$click$3.call(Unknown Source)
	at Script1686782345568.run(Script1686782345568.groovy:84)
	... 13 more
)
[[ATTACHMENT|E:\\Cloned-Project-Katalon\\VPS-Katalon\\Reports\\20240828_221824\\QA\\IWP3.0\\IWP30 Smoke TestSuite\\20240828_221824\\1724898359100.png]]

2024-08-28 22:25:59 - [TEST_STEP][PASSED] - Thread.sleep(10000): null

2024-08-28 22:26:09 - [TEST_STEP][PASSED] - click(findTestObject("Object Repository/IWP30/Page_AcceptCF/input_convFeeNotifyAction")): Object: 'Object Repository/IWP30/Page_AcceptCF/input_convFeeNotifyAction' is clicked on

2024-08-28 22:26:40 - [MESSAGE][INFO] - Unable to find the element located by 'By.xpath: //*[@type = 'submit' and @name = 'convFeeNotifyAction' and @id = 'submitYes']'. Please recheck the objects properties to make sure the desired element is located. 

2024-08-28 22:26:40 - [MESSAGE][WARNING] - [SELF-HEALING] Failed to find element with id 'Object Repository/IWP30/Page_AcceptCF/input_convFeeNotifyAction'. Try using Self-healing.

2024-08-28 22:26:40 - [MESSAGE][WARNING] - [SELF-HEALING] The current locator of test object 'Object Repository/IWP30/Page_AcceptCF/input_convFeeNotifyAction' was broken. Propose an alternative one: '//div/input'.

2024-08-28 22:26:40 - [MESSAGE][PASSED] - Object: 'Object Repository/IWP30/Page_AcceptCF/input_convFeeNotifyAction' is clicked on

2024-08-28 22:26:40 - [TEST_STEP][PASSED] - Thread.sleep(10000): null

2024-08-28 22:26:50 - [TEST_STEP][FAILED] - if (verifyTextPresent("Successful Payment Receipt", false)): Text 'Successful Payment Receipt' is not present on page  (Root cause: com.kms.katalon.core.exception.StepFailedException: Text 'Successful Payment Receipt' is not present on page 
	at com.kms.katalon.core.webui.keyword.internal.WebUIKeywordMain.stepFailed(WebUIKeywordMain.groovy:64)
	at com.kms.katalon.core.webui.keyword.builtin.VerifyTextPresentKeyword$_verifyTextPresent_closure1.doCall(VerifyTextPresentKeyword.groovy:79)
	at com.kms.katalon.core.webui.keyword.builtin.VerifyTextPresentKeyword$_verifyTextPresent_closure1.call(VerifyTextPresentKeyword.groovy)
	at com.kms.katalon.core.webui.keyword.internal.WebUIKeywordMain.runKeyword(WebUIKeywordMain.groovy:20)
	at com.kms.katalon.core.webui.keyword.builtin.VerifyTextPresentKeyword.verifyTextPresent(VerifyTextPresentKeyword.groovy:83)
	at com.kms.katalon.core.webui.keyword.builtin.VerifyTextPresentKeyword.execute(VerifyTextPresentKeyword.groovy:68)
	at com.kms.katalon.core.keyword.internal.KeywordExecutor.executeKeywordForPlatform(KeywordExecutor.groovy:74)
	at com.kms.katalon.core.webui.keyword.WebUiBuiltInKeywords.verifyTextPresent(WebUiBuiltInKeywords.groovy:1723)
	at com.kms.katalon.core.webui.keyword.WebUiBuiltInKeywords$verifyTextPresent$8.call(Unknown Source)
	at PayNowSuccessfulPaymentSCFCC.run(PayNowSuccessfulPaymentSCFCC:94)
	at com.kms.katalon.core.main.ScriptEngine.run(ScriptEngine.java:194)
	at com.kms.katalon.core.main.ScriptEngine.runScriptAsRawText(ScriptEngine.java:119)
	at com.kms.katalon.core.main.TestCaseExecutor.runScript(TestCaseExecutor.java:448)
	at com.kms.katalon.core.main.TestCaseExecutor.doExecute(TestCaseExecutor.java:439)
	at com.kms.katalon.core.main.TestCaseExecutor.processExecutionPhase(TestCaseExecutor.java:418)
	at com.kms.katalon.core.main.TestCaseExecutor.accessMainPhase(TestCaseExecutor.java:410)
	at com.kms.katalon.core.main.TestCaseExecutor.execute(TestCaseExecutor.java:285)
	at com.kms.katalon.core.common.CommonExecutor.accessTestCaseMainPhase(CommonExecutor.java:65)
	at com.kms.katalon.core.main.TestSuiteExecutor.accessTestSuiteMainPhase(TestSuiteExecutor.java:148)
	at com.kms.katalon.core.main.TestSuiteExecutor.execute(TestSuiteExecutor.java:106)
	at com.kms.katalon.core.main.TestCaseMain.startTestSuite(TestCaseMain.java:187)
	at com.kms.katalon.core.main.TestCaseMain$startTestSuite$0.call(Unknown Source)
	at TempTestSuite1724897904035.run(TempTestSuite1724897904035.groovy:35)
)

2024-08-28 22:26:51 - [MESSAGE][FAILED] - Text 'Successful Payment Receipt' is not present on page  (Root cause: com.kms.katalon.core.exception.StepFailedException: Text 'Successful Payment Receipt' is not present on page 
	at com.kms.katalon.core.webui.keyword.internal.WebUIKeywordMain.stepFailed(WebUIKeywordMain.groovy:64)
	at com.kms.katalon.core.webui.keyword.builtin.VerifyTextPresentKeyword$_verifyTextPresent_closure1.doCall(VerifyTextPresentKeyword.groovy:79)
	at com.kms.katalon.core.webui.keyword.builtin.VerifyTextPresentKeyword$_verifyTextPresent_closure1.call(VerifyTextPresentKeyword.groovy)
	at com.kms.katalon.core.webui.keyword.internal.WebUIKeywordMain.runKeyword(WebUIKeywordMain.groovy:20)
	at com.kms.katalon.core.webui.keyword.builtin.VerifyTextPresentKeyword.verifyTextPresent(VerifyTextPresentKeyword.groovy:83)
	at com.kms.katalon.core.webui.keyword.builtin.VerifyTextPresentKeyword.execute(VerifyTextPresentKeyword.groovy:68)
	at com.kms.katalon.core.keyword.internal.KeywordExecutor.executeKeywordForPlatform(KeywordExecutor.groovy:74)
	at com.kms.katalon.core.webui.keyword.WebUiBuiltInKeywords.verifyTextPresent(WebUiBuiltInKeywords.groovy:1723)
	at com.kms.katalon.core.webui.keyword.WebUiBuiltInKeywords$verifyTextPresent$8.call(Unknown Source)
	at PayNowSuccessfulPaymentSCFCC.run(PayNowSuccessfulPaymentSCFCC:94)
	at com.kms.katalon.core.main.ScriptEngine.run(ScriptEngine.java:194)
	at com.kms.katalon.core.main.ScriptEngine.runScriptAsRawText(ScriptEngine.java:119)
	at com.kms.katalon.core.main.TestCaseExecutor.runScript(TestCaseExecutor.java:448)
	at com.kms.katalon.core.main.TestCaseExecutor.doExecute(TestCaseExecutor.java:439)
	at com.kms.katalon.core.main.TestCaseExecutor.processExecutionPhase(TestCaseExecutor.java:418)
	at com.kms.katalon.core.main.TestCaseExecutor.accessMainPhase(TestCaseExecutor.java:410)
	at com.kms.katalon.core.main.TestCaseExecutor.execute(TestCaseExecutor.java:285)
	at com.kms.katalon.core.common.CommonExecutor.accessTestCaseMainPhase(CommonExecutor.java:65)
	at com.kms.katalon.core.main.TestSuiteExecutor.accessTestSuiteMainPhase(TestSuiteExecutor.java:148)
	at com.kms.katalon.core.main.TestSuiteExecutor.execute(TestSuiteExecutor.java:106)
	at com.kms.katalon.core.main.TestCaseMain.startTestSuite(TestCaseMain.java:187)
	at com.kms.katalon.core.main.TestCaseMain$startTestSuite$0.call(Unknown Source)
	at TempTestSuite1724897904035.run(TempTestSuite1724897904035.groovy:35)
)

2024-08-28 22:26:51 - [TEST_STEP][FAILED] - else: null

2024-08-28 22:26:51 - [TEST_STEP][PASSED] - println("Successful Payment Receipt text is not present on the Receipt page"): null

2024-08-28 22:26:51 - [TEST_STEP][FAILED] - markFailed("Error on Page is : " + getText(findTestObject("Object Repository/IWP30/Page_Receipt/div_ReceiptSourceCode"))): Error on Page is : Make a Real Estate Payment
Lorem ipsum dolor sit amet, consectetuer adipiscing elit, sed diam nonummy nibh euismod tincidunt ut laoreet dolore magna aliquam erat volutpat. Ut wisi enim ad minim veniam, quis nostrud exerci tation ullamcorper suscipit lobortis nisl ut aliquip ex ea commodo consequat.
  Required fields are highlighted with an asterisk.
  Please enter the following information about your payment:
  Tax Amount: $0.00
  Amount:*  $
  UDF1 Label:  udf data 1
  UDF2 Label: 
  UDF3 Label:* 
  UDF4 Label:*  udf data 4
  UDF6 Label:  udf data 6
  UDF7 Label: 
--Select One--
Orange
Purple

  UDF8 Label:* 
--Select One--
Soccer
Tennis

UDF8 Label is required
  UDF9 Label:*  udf data 9
 
Please enter the following information about your payment method:
  Cardholder's Name:* 
  Cards Accepted: 
  Card Number:* 
  Card Security Code:* 
  Expiration Date:*  
     
MM
  
     01
  
     02
  
     03
  
     04
  
     05
  
     06
  
     07
  
     08
  
     09
  
     10
  
     11
  
     12
  
     
     YYYY
  
     2024
  
     2025
  
     2026
  
     2027
  
     2028
  
     2029
  
     2030
  
     2031
  
     2032
  
     2033
  
     2034
  
     2035
  
     2036
  
     2037
  
     2038
  
     2039
  
    
  Payment Date:*


 
Billing Information:
  Address Line 1:* 
  Address Line 2: 
  Country:*  
      
  
United States
    
  ZIP Code:* 
  City: 
  State:  
     
  
     
  
     
  
     
  
     
  
     
  
     
  
     
  
     
  
     
  
     
  
     
  
     
  
     
  
     
  
     
  
     
  
     
  
     
  
     
  
     
  
     
  
     
  
     
  
     
  
     
  
     
  
     
  
     
  
     
  
     
  
     
  
     
  
     
  
     
  
     
  
     
  
     
  
     
  
     
  
     
  
     
  
     
  
     
  
     
  
     
  
     
  
     
  
     
  
     
  
     
  
     
  
     
  
     
  
     
  
     
  
     
  
     
  
     
  
     
  
     
  
     
  
     
  
     
  
     
  
     
  
    
--Select One--
Armed Forces Americas
Armed Forces Europe
Armed Forces Canada
Armed Forces Africa
Armed Forces Middle East
Armed Forces Pacific
Alabama
Alaska
American Samoa
Arizona
Arkansas
California
Colorado
Connecticut
Delaware
District of Columbia
Federated States of Micronesia
Florida
Georgia
Guam
Hawaii
Idaho
Illinois
Indiana
Iowa
Kansas
Kentucky
Louisiana
Maine
Maryland
Massachusetts
Michigan
Minnesota
Mississippi
Missouri
Montana
Nebraska
Nevada
New Hampshire
New Jersey
New Mexico
New York
North Carolina
North Dakota
Northern Mariana Islands
Ohio
Oklahoma
Oregon
Palau
Pennsylvania
Puerto Rico
Rhode Island
South Carolina
South Dakota
Tennessee
Texas
Utah
Vermont
Virgin Islands
Virginia
Washington
West Virginia
Wisconsin
Wyoming
Marshall Island

 
Receipt Information:
  Email Address:* 
 
  Please check here to store the payment method for future use.

    These are Customer CC Terms
    These are CC Custom HTML

2024-08-28 22:26:51 - [MESSAGE][PASSED] - Text of object 'Object Repository/IWP30/Page_Receipt/div_ReceiptSourceCode' is: 'Make a Real Estate Payment
Lorem ipsum dolor sit amet, consectetuer adipiscing elit, sed diam nonummy nibh euismod tincidunt ut laoreet dolore magna aliquam erat volutpat. Ut wisi enim ad minim veniam, quis nostrud exerci tation ullamcorper suscipit lobortis nisl ut aliquip ex ea commodo consequat.
  Required fields are highlighted with an asterisk.
  Please enter the following information about your payment:
  Tax Amount: $0.00
  Amount:*  $
  UDF1 Label:  udf data 1
  UDF2 Label: 
  UDF3 Label:* 
  UDF4 Label:*  udf data 4
  UDF6 Label:  udf data 6
  UDF7 Label: 
--Select One--
Orange
Purple

  UDF8 Label:* 
--Select One--
Soccer
Tennis

UDF8 Label is required
  UDF9 Label:*  udf data 9
 
Please enter the following information about your payment method:
  Cardholder's Name:* 
  Cards Accepted: 
  Card Number:* 
  Card Security Code:* 
  Expiration Date:*  
     
MM
  
     01
  
     02
  
     03
  
     04
  
     05
  
     06
  
     07
  
     08
  
     09
  
     10
  
     11
  
     12
  
     
     YYYY
  
     2024
  
     2025
  
     2026
  
     2027
  
     2028
  
     2029
  
     2030
  
     2031
  
     2032
  
     2033
  
     2034
  
     2035
  
     2036
  
     2037
  
     2038
  
     2039
  
    
  Payment Date:*


 
Billing Information:
  Address Line 1:* 
  Address Line 2: 
  Country:*  
      
  
United States
    
  ZIP Code:* 
  City: 
  State:  
     
  
     
  
     
  
     
  
     
  
     
  
     
  
     
  
     
  
     
  
     
  
     
  
     
  
     
  
     
  
     
  
     
  
     
  
     
  
     
  
     
  
     
  
     
  
     
  
     
  
     
  
     
  
     
  
     
  
     
  
     
  
     
  
     
  
     
  
     
  
     
  
     
  
     
  
     
  
     
  
     
  
     
  
     
  
     
  
     
  
     
  
     
  
     
  
     
  
     
  
     
  
     
  
     
  
     
  
     
  
     
  
     
  
     
  
     
  
     
  
     
  
     
  
     
  
     
  
     
  
     
  
    
--Select One--
Armed Forces Americas
Armed Forces Europe
Armed Forces Canada
Armed Forces Africa
Armed Forces Middle East
Armed Forces Pacific
Alabama
Alaska
American Samoa
Arizona
Arkansas
California
Colorado
Connecticut
Delaware
District of Columbia
Federated States of Micronesia
Florida
Georgia
Guam
Hawaii
Idaho
Illinois
Indiana
Iowa
Kansas
Kentucky
Louisiana
Maine
Maryland
Massachusetts
Michigan
Minnesota
Mississippi
Missouri
Montana
Nebraska
Nevada
New Hampshire
New Jersey
New Mexico
New York
North Carolina
North Dakota
Northern Mariana Islands
Ohio
Oklahoma
Oregon
Palau
Pennsylvania
Puerto Rico
Rhode Island
South Carolina
South Dakota
Tennessee
Texas
Utah
Vermont
Virgin Islands
Virginia
Washington
West Virginia
Wisconsin
Wyoming
Marshall Island

 
Receipt Information:
  Email Address:* 
 
  Please check here to store the payment method for future use.

    These are Customer CC Terms
    These are CC Custom HTML'

2024-08-28 22:26:51 - [MESSAGE][FAILED] - Error on Page is : Make a Real Estate Payment
Lorem ipsum dolor sit amet, consectetuer adipiscing elit, sed diam nonummy nibh euismod tincidunt ut laoreet dolore magna aliquam erat volutpat. Ut wisi enim ad minim veniam, quis nostrud exerci tation ullamcorper suscipit lobortis nisl ut aliquip ex ea commodo consequat.
  Required fields are highlighted with an asterisk.
  Please enter the following information about your payment:
  Tax Amount: $0.00
  Amount:*  $
  UDF1 Label:  udf data 1
  UDF2 Label: 
  UDF3 Label:* 
  UDF4 Label:*  udf data 4
  UDF6 Label:  udf data 6
  UDF7 Label: 
--Select One--
Orange
Purple

  UDF8 Label:* 
--Select One--
Soccer
Tennis

UDF8 Label is required
  UDF9 Label:*  udf data 9
 
Please enter the following information about your payment method:
  Cardholder's Name:* 
  Cards Accepted: 
  Card Number:* 
  Card Security Code:* 
  Expiration Date:*  
     
MM
  
     01
  
     02
  
     03
  
     04
  
     05
  
     06
  
     07
  
     08
  
     09
  
     10
  
     11
  
     12
  
     
     YYYY
  
     2024
  
     2025
  
     2026
  
     2027
  
     2028
  
     2029
  
     2030
  
     2031
  
     2032
  
     2033
  
     2034
  
     2035
  
     2036
  
     2037
  
     2038
  
     2039
  
    
  Payment Date:*


 
Billing Information:
  Address Line 1:* 
  Address Line 2: 
  Country:*  
      
  
United States
    
  ZIP Code:* 
  City: 
  State:  
     
  
     
  
     
  
     
  
     
  
     
  
     
  
     
  
     
  
     
  
     
  
     
  
     
  
     
  
     
  
     
  
     
  
     
  
     
  
     
  
     
  
     
  
     
  
     
  
     
  
     
  
     
  
     
  
     
  
     
  
     
  
     
  
     
  
     
  
     
  
     
  
     
  
     
  
     
  
     
  
     
  
     
  
     
  
     
  
     
  
     
  
     
  
     
  
     
  
     
  
     
  
     
  
     
  
     
  
     
  
     
  
     
  
     
  
     
  
     
  
     
  
     
  
     
  
     
  
     
  
     
  
    
--Select One--
Armed Forces Americas
Armed Forces Europe
Armed Forces Canada
Armed Forces Africa
Armed Forces Middle East
Armed Forces Pacific
Alabama
Alaska
American Samoa
Arizona
Arkansas
California
Colorado
Connecticut
Delaware
District of Columbia
Federated States of Micronesia
Florida
Georgia
Guam
Hawaii
Idaho
Illinois
Indiana
Iowa
Kansas
Kentucky
Louisiana
Maine
Maryland
Massachusetts
Michigan
Minnesota
Mississippi
Missouri
Montana
Nebraska
Nevada
New Hampshire
New Jersey
New Mexico
New York
North Carolina
North Dakota
Northern Mariana Islands
Ohio
Oklahoma
Oregon
Palau
Pennsylvania
Puerto Rico
Rhode Island
South Carolina
South Dakota
Tennessee
Texas
Utah
Vermont
Virgin Islands
Virginia
Washington
West Virginia
Wisconsin
Wyoming
Marshall Island

 
Receipt Information:
  Email Address:* 
 
  Please check here to store the payment method for future use.

    These are Customer CC Terms
    These are CC Custom HTML

2024-08-28 22:26:51 - [TEST_STEP][PASSED] - resText = "Fail": null

2024-08-28 22:26:51 - [TEST_STEP][PASSED] - pages.WriteExcel.demoKey(resText, datText, resColumn, datCloumn, fileLoc, nameSheet, row): pages.WriteExcel.demoKey is PASSED

2024-08-28 22:26:51 - [MESSAGE][PASSED] - pages.WriteExcel.demoKey is PASSED

2024-08-28 22:26:51 - [TEST_STEP][PASSED] - println(getText(findTestObject("Object Repository/IWP30/Page_Receipt/div_ReceiptSourceCode"))): Text of object 'Object Repository/IWP30/Page_Receipt/div_ReceiptSourceCode' is: 'Make a Real Estate Payment
Lorem ipsum dolor sit amet, consectetuer adipiscing elit, sed diam nonummy nibh euismod tincidunt ut laoreet dolore magna aliquam erat volutpat. Ut wisi enim ad minim veniam, quis nostrud exerci tation ullamcorper suscipit lobortis nisl ut aliquip ex ea commodo consequat.
  Required fields are highlighted with an asterisk.
  Please enter the following information about your payment:
  Tax Amount: $0.00
  Amount:*  $
  UDF1 Label:  udf data 1
  UDF2 Label: 
  UDF3 Label:* 
  UDF4 Label:*  udf data 4
  UDF6 Label:  udf data 6
  UDF7 Label: 
--Select One--
Orange
Purple

  UDF8 Label:* 
--Select One--
Soccer
Tennis

UDF8 Label is required
  UDF9 Label:*  udf data 9
 
Please enter the following information about your payment method:
  Cardholder's Name:* 
  Cards Accepted: 
  Card Number:* 
  Card Security Code:* 
  Expiration Date:*  
     
MM
  
     01
  
     02
  
     03
  
     04
  
     05
  
     06
  
     07
  
     08
  
     09
  
     10
  
     11
  
     12
  
     
     YYYY
  
     2024
  
     2025
  
     2026
  
     2027
  
     2028
  
     2029
  
     2030
  
     2031
  
     2032
  
     2033
  
     2034
  
     2035
  
     2036
  
     2037
  
     2038
  
     2039
  
    
  Payment Date:*


 
Billing Information:
  Address Line 1:* 
  Address Line 2: 
  Country:*  
      
  
United States
    
  ZIP Code:* 
  City: 
  State:  
     
  
     
  
     
  
     
  
     
  
     
  
     
  
     
  
     
  
     
  
     
  
     
  
     
  
     
  
     
  
     
  
     
  
     
  
     
  
     
  
     
  
     
  
     
  
     
  
     
  
     
  
     
  
     
  
     
  
     
  
     
  
     
  
     
  
     
  
     
  
     
  
     
  
     
  
     
  
     
  
     
  
     
  
     
  
     
  
     
  
     
  
     
  
     
  
     
  
     
  
     
  
     
  
     
  
     
  
     
  
     
  
     
  
     
  
     
  
     
  
     
  
     
  
     
  
     
  
     
  
     
  
    
--Select One--
Armed Forces Americas
Armed Forces Europe
Armed Forces Canada
Armed Forces Africa
Armed Forces Middle East
Armed Forces Pacific
Alabama
Alaska
American Samoa
Arizona
Arkansas
California
Colorado
Connecticut
Delaware
District of Columbia
Federated States of Micronesia
Florida
Georgia
Guam
Hawaii
Idaho
Illinois
Indiana
Iowa
Kansas
Kentucky
Louisiana
Maine
Maryland
Massachusetts
Michigan
Minnesota
Mississippi
Missouri
Montana
Nebraska
Nevada
New Hampshire
New Jersey
New Mexico
New York
North Carolina
North Dakota
Northern Mariana Islands
Ohio
Oklahoma
Oregon
Palau
Pennsylvania
Puerto Rico
Rhode Island
South Carolina
South Dakota
Tennessee
Texas
Utah
Vermont
Virgin Islands
Virginia
Washington
West Virginia
Wisconsin
Wyoming
Marshall Island

 
Receipt Information:
  Email Address:* 
 
  Please check here to store the payment method for future use.

    These are Customer CC Terms
    These are CC Custom HTML'

2024-08-28 22:26:52 - [MESSAGE][PASSED] - Text of object 'Object Repository/IWP30/Page_Receipt/div_ReceiptSourceCode' is: 'Make a Real Estate Payment
Lorem ipsum dolor sit amet, consectetuer adipiscing elit, sed diam nonummy nibh euismod tincidunt ut laoreet dolore magna aliquam erat volutpat. Ut wisi enim ad minim veniam, quis nostrud exerci tation ullamcorper suscipit lobortis nisl ut aliquip ex ea commodo consequat.
  Required fields are highlighted with an asterisk.
  Please enter the following information about your payment:
  Tax Amount: $0.00
  Amount:*  $
  UDF1 Label:  udf data 1
  UDF2 Label: 
  UDF3 Label:* 
  UDF4 Label:*  udf data 4
  UDF6 Label:  udf data 6
  UDF7 Label: 
--Select One--
Orange
Purple

  UDF8 Label:* 
--Select One--
Soccer
Tennis

UDF8 Label is required
  UDF9 Label:*  udf data 9
 
Please enter the following information about your payment method:
  Cardholder's Name:* 
  Cards Accepted: 
  Card Number:* 
  Card Security Code:* 
  Expiration Date:*  
     
MM
  
     01
  
     02
  
     03
  
     04
  
     05
  
     06
  
     07
  
     08
  
     09
  
     10
  
     11
  
     12
  
     
     YYYY
  
     2024
  
     2025
  
     2026
  
     2027
  
     2028
  
     2029
  
     2030
  
     2031
  
     2032
  
     2033
  
     2034
  
     2035
  
     2036
  
     2037
  
     2038
  
     2039
  
    
  Payment Date:*


 
Billing Information:
  Address Line 1:* 
  Address Line 2: 
  Country:*  
      
  
United States
    
  ZIP Code:* 
  City: 
  State:  
     
  
     
  
     
  
     
  
     
  
     
  
     
  
     
  
     
  
     
  
     
  
     
  
     
  
     
  
     
  
     
  
     
  
     
  
     
  
     
  
     
  
     
  
     
  
     
  
     
  
     
  
     
  
     
  
     
  
     
  
     
  
     
  
     
  
     
  
     
  
     
  
     
  
     
  
     
  
     
  
     
  
     
  
     
  
     
  
     
  
     
  
     
  
     
  
     
  
     
  
     
  
     
  
     
  
     
  
     
  
     
  
     
  
     
  
     
  
     
  
     
  
     
  
     
  
     
  
     
  
     
  
    
--Select One--
Armed Forces Americas
Armed Forces Europe
Armed Forces Canada
Armed Forces Africa
Armed Forces Middle East
Armed Forces Pacific
Alabama
Alaska
American Samoa
Arizona
Arkansas
California
Colorado
Connecticut
Delaware
District of Columbia
Federated States of Micronesia
Florida
Georgia
Guam
Hawaii
Idaho
Illinois
Indiana
Iowa
Kansas
Kentucky
Louisiana
Maine
Maryland
Massachusetts
Michigan
Minnesota
Mississippi
Missouri
Montana
Nebraska
Nevada
New Hampshire
New Jersey
New Mexico
New York
North Carolina
North Dakota
Northern Mariana Islands
Ohio
Oklahoma
Oregon
Palau
Pennsylvania
Puerto Rico
Rhode Island
South Carolina
South Dakota
Tennessee
Texas
Utah
Vermont
Virgin Islands
Virginia
Washington
West Virginia
Wisconsin
Wyoming
Marshall Island

 
Receipt Information:
  Email Address:* 
 
  Please check here to store the payment method for future use.

    These are Customer CC Terms
    These are CC Custom HTML'

2024-08-28 22:26:52 - [TEST_STEP][PASSED] - ExecuteTC = findTestData(dataFile).getValue("Execute", row): null

2024-08-28 22:26:52 - [TEST_STEP][PASSED] - out.println("Value of Execute is : " + ExecuteTC): null

2024-08-28 22:26:52 - [TEST_STEP][FAILED] - if (ExecuteTC.equalsIgnoreCase("Y")): null

2024-08-28 22:26:52 - [TEST_STEP][PASSED] - out.println("Begin Record Number: " + row): null

2024-08-28 22:26:52 - [TEST_STEP][PASSED] - today = new java.util.Date(): null

2024-08-28 22:26:52 - [TEST_STEP][PASSED] - println(today): null

2024-08-28 22:26:52 - [TEST_STEP][PASSED] - datText = today: null

2024-08-28 22:26:52 - [TEST_STEP][PASSED] - EmulatorDataKey = findTestData(dataFile).getValue("EmulatorData", row): null

2024-08-28 22:26:52 - [TEST_STEP][PASSED] - out.println("Value of Emulator Key is : " + EmulatorDataKey): null

2024-08-28 22:26:52 - [TEST_STEP][PASSED] - iwpPages.emulatorIWP30.setDataEmulator_DD(EmulatorDataKey): iwpPages.emulatorIWP30.setDataEmulator_DD is PASSED

2024-08-28 22:26:53 - [MESSAGE][WARNING] - A browser is already opened. Closing browser and opening a new one

2024-08-28 22:26:54 - [MESSAGE][INFO] - Starting 'Chrome' driver

2024-08-28 22:26:54 - [MESSAGE][INFO] - User set preference: ['acceptInsecureCerts', 'true']

2024-08-28 22:26:54 - [MESSAGE][INFO] - Action delay is set to 0 milliseconds

2024-08-28 22:26:56 - [MESSAGE][PASSED] - Browser is opened with url: 'https://qa2.velocitypayment.com/agency/config.do?action=editor&message_version=3_0'

2024-08-28 22:26:56 - [MESSAGE][PASSED] - Current window maximized

2024-08-28 22:26:57 - [MESSAGE][PASSED] - All options with value '3.0' are selected in object 'Object Repository/IWP30/Page_VRelay30Emulator/MV'  using regular expression

2024-08-28 22:26:57 - [MESSAGE][PASSED] - Text '10.50' is set on object 'Object Repository/IWP30/Page_VRelay30Emulator/Amount'

2024-08-28 22:26:58 - [MESSAGE][PASSED] - Text '26412167' is set on object 'Object Repository/IWP30/Page_VRelay30Emulator/CAN'

2024-08-28 22:26:59 - [MESSAGE][PASSED] - Text 'PayNow' is set on object 'Object Repository/IWP30/Page_VRelay30Emulator/Action'

2024-08-28 22:26:59 - [MESSAGE][PASSED] - Text 'en_US' is set on object 'Object Repository/IWP30/Page_VRelay30Emulator/Lang'

2024-08-28 22:27:00 - [MESSAGE][PASSED] - Text 'Elizath' is set on object 'Object Repository/IWP30/Page_VRelay30Emulator/Fname'

2024-08-28 22:27:01 - [MESSAGE][PASSED] - Text 'Christine' is set on object 'Object Repository/IWP30/Page_VRelay30Emulator/Lname'

2024-08-28 22:27:01 - [MESSAGE][PASSED] - Text '258 Underwood rd' is set on object 'Object Repository/IWP30/Page_VRelay30Emulator/AL1'

2024-08-28 22:27:02 - [MESSAGE][PASSED] - Text 'Suite 600' is set on object 'Object Repository/IWP30/Page_VRelay30Emulator/AL2'

2024-08-28 22:27:03 - [MESSAGE][PASSED] - Text '840' is set on object 'Object Repository/IWP30/Page_VRelay30Emulator/Country'

2024-08-28 22:27:03 - [MESSAGE][PASSED] - Text 'Arlington' is set on object 'Object Repository/IWP30/Page_VRelay30Emulator/City'

2024-08-28 22:27:04 - [MESSAGE][PASSED] - Text 'VA' is set on object 'Object Repository/IWP30/Page_VRelay30Emulator/State'

2024-08-28 22:27:05 - [MESSAGE][PASSED] - Text '22201' is set on object 'Object Repository/IWP30/Page_VRelay30Emulator/ZIP'

2024-08-28 22:27:05 - [MESSAGE][PASSED] - Text '' is set on object 'Object Repository/IWP30/Page_VRelay30Emulator/Order'

2024-08-28 22:27:06 - [MESSAGE][PASSED] - Text '' is set on object 'Object Repository/IWP30/Page_VRelay30Emulator/Company'

2024-08-28 22:27:07 - [MESSAGE][PASSED] - Text 'iahmed@govolution.com' is set on object 'Object Repository/IWP30/Page_VRelay30Emulator/Email'

2024-08-28 22:27:07 - [MESSAGE][PASSED] - Text 'udf data 1' is set on object 'Object Repository/IWP30/Page_VRelay30Emulator/UDF1'

2024-08-28 22:27:08 - [MESSAGE][PASSED] - Text 'udf data 2' is set on object 'Object Repository/IWP30/Page_VRelay30Emulator/UDF2'

2024-08-28 22:27:09 - [MESSAGE][PASSED] - Text 'udf data 3' is set on object 'Object Repository/IWP30/Page_VRelay30Emulator/UDF3'

2024-08-28 22:27:09 - [MESSAGE][PASSED] - Text 'udf data 4' is set on object 'Object Repository/IWP30/Page_VRelay30Emulator/UDF4'

2024-08-28 22:27:10 - [MESSAGE][PASSED] - Text 'udf data 5' is set on object 'Object Repository/IWP30/Page_VRelay30Emulator/UDF5'

2024-08-28 22:27:11 - [MESSAGE][PASSED] - Text 'udf data 6' is set on object 'Object Repository/IWP30/Page_VRelay30Emulator/UDF6'

2024-08-28 22:27:11 - [MESSAGE][PASSED] - Text 'Orange' is set on object 'Object Repository/IWP30/Page_VRelay30Emulator/UDF7'

2024-08-28 22:27:12 - [MESSAGE][PASSED] - Text 'Soccer' is set on object 'Object Repository/IWP30/Page_VRelay30Emulator/UDF8'

2024-08-28 22:27:13 - [MESSAGE][PASSED] - Text 'udf data 9' is set on object 'Object Repository/IWP30/Page_VRelay30Emulator/UDF9'

2024-08-28 22:27:13 - [MESSAGE][PASSED] - Text 'udf data 10' is set on object 'Object Repository/IWP30/Page_VRelay30Emulator/UDF10'

2024-08-28 22:27:14 - [MESSAGE][PASSED] - Object: 'Object Repository/IWP30/Page_VRelay30Emulator/Submit' is clicked on

2024-08-28 22:27:19 - [MESSAGE][PASSED] - Browser is closed

2024-08-28 22:27:23 - [MESSAGE][PASSED] - iwpPages.emulatorIWP30.setDataEmulator_DD is PASSED

2024-08-28 22:27:23 - [TEST_STEP][PASSED] - testHarnessURL = urlTestHarness: null

2024-08-28 22:27:23 - [TEST_STEP][PASSED] - openBrowser(testHarnessURL): Browser is opened with url: 'https://dev-algorithm.govolution.com/vrelaytest/QA2/version_2_2/vrelaytest.html'

2024-08-28 22:27:23 - [MESSAGE][INFO] - Starting 'Chrome' driver

2024-08-28 22:27:23 - [MESSAGE][INFO] - User set preference: ['acceptInsecureCerts', 'true']

2024-08-28 22:27:23 - [MESSAGE][INFO] - Action delay is set to 0 milliseconds

2024-08-28 22:27:25 - [MESSAGE][PASSED] - Browser is opened with url: 'https://dev-algorithm.govolution.com/vrelaytest/QA2/version_2_2/vrelaytest.html'

2024-08-28 22:27:25 - [TEST_STEP][PASSED] - maximizeWindow(): Current window maximized

2024-08-28 22:27:25 - [MESSAGE][PASSED] - Current window maximized

2024-08-28 22:27:25 - [TEST_STEP][PASSED] - iwpPages.TestHarnessPage.setDataMethod(row, dataFile): iwpPages.TestHarnessPage.setDataMethod is PASSED

2024-08-28 22:27:26 - [MESSAGE][PASSED] - Object 'Object Repository/IWP30/Page_QATestHarness/RemittanceID' is present

2024-08-28 22:27:27 - [MESSAGE][PASSED] - Text '650' is set on object 'Object Repository/IWP30/Page_QATestHarness/ApplicationID'

2024-08-28 22:27:27 - [MESSAGE][PASSED] - Text '3.0' is set on object 'Object Repository/IWP30/Page_QATestHarness/MessageVersion'

2024-08-28 22:27:28 - [MESSAGE][PASSED] - Text 'v0URiwAsD4ii' is set on object 'Object Repository/IWP30/Page_QATestHarness/RemittanceID'

2024-08-28 22:27:29 - [MESSAGE][PASSED] - Object: 'Object Repository/IWP30/Page_QATestHarness/SubmitButton' is clicked on

2024-08-28 22:27:29 - [MESSAGE][PASSED] - iwpPages.TestHarnessPage.setDataMethod is PASSED

2024-08-28 22:27:29 - [TEST_STEP][PASSED] - check(findTestObject("Object Repository/IWP30/Page_SelectPaymentMethod/PayByCreditCard")): Object 'Object Repository/IWP30/Page_SelectPaymentMethod/PayByCreditCard' is checked

2024-08-28 22:27:30 - [MESSAGE][PASSED] - Object 'Object Repository/IWP30/Page_SelectPaymentMethod/PayByCreditCard' is checked

2024-08-28 22:27:30 - [TEST_STEP][PASSED] - click(findTestObject("Object Repository/IWP30/Page_SelectPaymentMethod/MakePaymentButton")): Object: 'Object Repository/IWP30/Page_SelectPaymentMethod/MakePaymentButton' is clicked on

2024-08-28 22:27:31 - [MESSAGE][PASSED] - Object: 'Object Repository/IWP30/Page_SelectPaymentMethod/MakePaymentButton' is clicked on

2024-08-28 22:27:31 - [TEST_STEP][PASSED] - iwpPages.ccPaymentEntryPage.setDataIWPCreditCard(row, dataFile): iwpPages.ccPaymentEntryPage.setDataIWPCreditCard is PASSED

2024-08-28 22:27:33 - [MESSAGE][PASSED] - Object 'Object Repository/IWP30/Page_CCPaymentEntry/Name' is present

2024-08-28 22:27:33 - [MESSAGE][PASSED] - Text '6510000000000216' is set on object 'Object Repository/IWP30/Page_CCPaymentEntry/CardNumber'

2024-08-28 22:27:34 - [MESSAGE][PASSED] - Text '123' is set on object 'Object Repository/IWP30/Page_CCPaymentEntry/SPC'

2024-08-28 22:27:35 - [MESSAGE][PASSED] - All options with label '12' are selected in object 'Object Repository/IWP30/Page_CCPaymentEntry/Month' 

2024-08-28 22:27:35 - [MESSAGE][PASSED] - All options with label '2028' are selected in object 'Object Repository/IWP30/Page_CCPaymentEntry/Year' 

2024-08-28 22:27:36 - [MESSAGE][PASSED] - Object 'Object Repository/IWP30/Page_CCPaymentEntry/TermCondCheckBox' is present

2024-08-28 22:27:36 - [MESSAGE][PASSED] - Object 'Object Repository/IWP30/Page_CCPaymentEntry/TermCondCheckBox' is checked

2024-08-28 22:27:36 - [MESSAGE][PASSED] - Object 'Object Repository/IWP30/Page_CCPaymentEntry/ContinueButton' is present

2024-08-28 22:27:38 - [MESSAGE][PASSED] - Object: 'Object Repository/IWP30/Page_CCPaymentEntry/ContinueButton' is clicked on

2024-08-28 22:27:38 - [MESSAGE][PASSED] - iwpPages.ccPaymentEntryPage.setDataIWPCreditCard is PASSED

2024-08-28 22:27:38 - [TEST_STEP][FAILED] - click(findTestObject("Object Repository/IWP30/Page_Confirmation/ConfirmButton")): Unable to click on object 'Object Repository/IWP30/Page_Confirmation/ConfirmButton' (Root cause: com.kms.katalon.core.exception.StepFailedException: Unable to click on object 'Object Repository/IWP30/Page_Confirmation/ConfirmButton'
	at com.kms.katalon.core.webui.keyword.internal.WebUIKeywordMain.stepFailed(WebUIKeywordMain.groovy:64)
	at com.kms.katalon.core.webui.keyword.internal.WebUIKeywordMain.runKeyword(WebUIKeywordMain.groovy:26)
	at com.kms.katalon.core.webui.keyword.builtin.ClickKeyword.click(ClickKeyword.groovy:74)
	at com.kms.katalon.core.webui.keyword.builtin.ClickKeyword.execute(ClickKeyword.groovy:40)
	at com.kms.katalon.core.keyword.internal.KeywordExecutor.executeKeywordForPlatform(KeywordExecutor.groovy:74)
	at com.kms.katalon.core.webui.keyword.WebUiBuiltInKeywords.click(WebUiBuiltInKeywords.groovy:620)
	at com.kms.katalon.core.webui.keyword.WebUiBuiltInKeywords$click$3.call(Unknown Source)
	at PayNowSuccessfulPaymentSCFCC.run(PayNowSuccessfulPaymentSCFCC:84)
	at com.kms.katalon.core.main.ScriptEngine.run(ScriptEngine.java:194)
	at com.kms.katalon.core.main.ScriptEngine.runScriptAsRawText(ScriptEngine.java:119)
	at com.kms.katalon.core.main.TestCaseExecutor.runScript(TestCaseExecutor.java:448)
	at com.kms.katalon.core.main.TestCaseExecutor.doExecute(TestCaseExecutor.java:439)
	at com.kms.katalon.core.main.TestCaseExecutor.processExecutionPhase(TestCaseExecutor.java:418)
	at com.kms.katalon.core.main.TestCaseExecutor.accessMainPhase(TestCaseExecutor.java:410)
	at com.kms.katalon.core.main.TestCaseExecutor.execute(TestCaseExecutor.java:285)
	at com.kms.katalon.core.common.CommonExecutor.accessTestCaseMainPhase(CommonExecutor.java:65)
	at com.kms.katalon.core.main.TestSuiteExecutor.accessTestSuiteMainPhase(TestSuiteExecutor.java:148)
	at com.kms.katalon.core.main.TestSuiteExecutor.execute(TestSuiteExecutor.java:106)
	at com.kms.katalon.core.main.TestCaseMain.startTestSuite(TestCaseMain.java:187)
	at com.kms.katalon.core.main.TestCaseMain$startTestSuite$0.call(Unknown Source)
	at TempTestSuite1724897904035.run(TempTestSuite1724897904035.groovy:35)
Caused by: com.kms.katalon.core.webui.exception.WebElementNotFoundException: Web element with id: 'Object Repository/IWP30/Page_Confirmation/ConfirmButton' located by '//*[@type = 'submit' and @name = 'confirmNotifyAction' and @id = 'submitYes' and @value = 'Confirm']' not found
	at com.kms.katalon.core.webui.common.WebUiCommonHelper.findWebElement(WebUiCommonHelper.java:1381)
	at com.kms.katalon.core.webui.keyword.internal.WebUIAbstractKeyword.findWebElement(WebUIAbstractKeyword.groovy:27)
	at com.kms.katalon.core.webui.keyword.builtin.ClickKeyword$_click_closure1.doCall(ClickKeyword.groovy:65)
	at com.kms.katalon.core.webui.keyword.builtin.ClickKeyword$_click_closure1.call(ClickKeyword.groovy)
	at com.kms.katalon.core.webui.keyword.internal.WebUIKeywordMain.runKeyword(WebUIKeywordMain.groovy:20)
	at com.kms.katalon.core.webui.keyword.builtin.ClickKeyword.click(ClickKeyword.groovy:74)
	at com.kms.katalon.core.webui.keyword.builtin.ClickKeyword.execute(ClickKeyword.groovy:40)
	at com.kms.katalon.core.keyword.internal.KeywordExecutor.executeKeywordForPlatform(KeywordExecutor.groovy:74)
	at com.kms.katalon.core.webui.keyword.WebUiBuiltInKeywords.click(WebUiBuiltInKeywords.groovy:620)
	at com.kms.katalon.core.webui.keyword.WebUiBuiltInKeywords$click$3.call(Unknown Source)
	at Script1686782345568.run(Script1686782345568.groovy:84)
	... 13 more
)

2024-08-28 22:28:09 - [MESSAGE][INFO] - Unable to find the element located by 'By.xpath: //*[@type = 'submit' and @name = 'confirmNotifyAction' and @id = 'submitYes' and @value = 'Confirm']'. Please recheck the objects properties to make sure the desired element is located. 

2024-08-28 22:28:09 - [MESSAGE][WARNING] - [SELF-HEALING] Failed to find element with id 'Object Repository/IWP30/Page_Confirmation/ConfirmButton'. Try using Self-healing.

2024-08-28 22:28:09 - [MESSAGE][WARNING] - [SELF-HEALING] Cannot find elements when the XPath is null.

2024-08-28 22:28:09 - [MESSAGE][WARNING] - [SELF-HEALING] Cannot find elements when the selector is null

2024-08-28 22:28:10 - [MESSAGE][FAILED] - Unable to click on object 'Object Repository/IWP30/Page_Confirmation/ConfirmButton' (Root cause: com.kms.katalon.core.exception.StepFailedException: Unable to click on object 'Object Repository/IWP30/Page_Confirmation/ConfirmButton'
	at com.kms.katalon.core.webui.keyword.internal.WebUIKeywordMain.stepFailed(WebUIKeywordMain.groovy:64)
	at com.kms.katalon.core.webui.keyword.internal.WebUIKeywordMain.runKeyword(WebUIKeywordMain.groovy:26)
	at com.kms.katalon.core.webui.keyword.builtin.ClickKeyword.click(ClickKeyword.groovy:74)
	at com.kms.katalon.core.webui.keyword.builtin.ClickKeyword.execute(ClickKeyword.groovy:40)
	at com.kms.katalon.core.keyword.internal.KeywordExecutor.executeKeywordForPlatform(KeywordExecutor.groovy:74)
	at com.kms.katalon.core.webui.keyword.WebUiBuiltInKeywords.click(WebUiBuiltInKeywords.groovy:620)
	at com.kms.katalon.core.webui.keyword.WebUiBuiltInKeywords$click$3.call(Unknown Source)
	at PayNowSuccessfulPaymentSCFCC.run(PayNowSuccessfulPaymentSCFCC:84)
	at com.kms.katalon.core.main.ScriptEngine.run(ScriptEngine.java:194)
	at com.kms.katalon.core.main.ScriptEngine.runScriptAsRawText(ScriptEngine.java:119)
	at com.kms.katalon.core.main.TestCaseExecutor.runScript(TestCaseExecutor.java:448)
	at com.kms.katalon.core.main.TestCaseExecutor.doExecute(TestCaseExecutor.java:439)
	at com.kms.katalon.core.main.TestCaseExecutor.processExecutionPhase(TestCaseExecutor.java:418)
	at com.kms.katalon.core.main.TestCaseExecutor.accessMainPhase(TestCaseExecutor.java:410)
	at com.kms.katalon.core.main.TestCaseExecutor.execute(TestCaseExecutor.java:285)
	at com.kms.katalon.core.common.CommonExecutor.accessTestCaseMainPhase(CommonExecutor.java:65)
	at com.kms.katalon.core.main.TestSuiteExecutor.accessTestSuiteMainPhase(TestSuiteExecutor.java:148)
	at com.kms.katalon.core.main.TestSuiteExecutor.execute(TestSuiteExecutor.java:106)
	at com.kms.katalon.core.main.TestCaseMain.startTestSuite(TestCaseMain.java:187)
	at com.kms.katalon.core.main.TestCaseMain$startTestSuite$0.call(Unknown Source)
	at TempTestSuite1724897904035.run(TempTestSuite1724897904035.groovy:35)
Caused by: com.kms.katalon.core.webui.exception.WebElementNotFoundException: Web element with id: 'Object Repository/IWP30/Page_Confirmation/ConfirmButton' located by '//*[@type = 'submit' and @name = 'confirmNotifyAction' and @id = 'submitYes' and @value = 'Confirm']' not found
	at com.kms.katalon.core.webui.common.WebUiCommonHelper.findWebElement(WebUiCommonHelper.java:1381)
	at com.kms.katalon.core.webui.keyword.internal.WebUIAbstractKeyword.findWebElement(WebUIAbstractKeyword.groovy:27)
	at com.kms.katalon.core.webui.keyword.builtin.ClickKeyword$_click_closure1.doCall(ClickKeyword.groovy:65)
	at com.kms.katalon.core.webui.keyword.builtin.ClickKeyword$_click_closure1.call(ClickKeyword.groovy)
	at com.kms.katalon.core.webui.keyword.internal.WebUIKeywordMain.runKeyword(WebUIKeywordMain.groovy:20)
	at com.kms.katalon.core.webui.keyword.builtin.ClickKeyword.click(ClickKeyword.groovy:74)
	at com.kms.katalon.core.webui.keyword.builtin.ClickKeyword.execute(ClickKeyword.groovy:40)
	at com.kms.katalon.core.keyword.internal.KeywordExecutor.executeKeywordForPlatform(KeywordExecutor.groovy:74)
	at com.kms.katalon.core.webui.keyword.WebUiBuiltInKeywords.click(WebUiBuiltInKeywords.groovy:620)
	at com.kms.katalon.core.webui.keyword.WebUiBuiltInKeywords$click$3.call(Unknown Source)
	at Script1686782345568.run(Script1686782345568.groovy:84)
	... 13 more
)
[[ATTACHMENT|E:\\Cloned-Project-Katalon\\VPS-Katalon\\Reports\\20240828_221824\\QA\\IWP3.0\\IWP30 Smoke TestSuite\\20240828_221824\\1724898489912.png]]

2024-08-28 22:28:10 - [TEST_STEP][PASSED] - Thread.sleep(10000): null

2024-08-28 22:28:20 - [TEST_STEP][PASSED] - click(findTestObject("Object Repository/IWP30/Page_AcceptCF/input_convFeeNotifyAction")): Object: 'Object Repository/IWP30/Page_AcceptCF/input_convFeeNotifyAction' is clicked on

2024-08-28 22:28:51 - [MESSAGE][INFO] - Unable to find the element located by 'By.xpath: //*[@type = 'submit' and @name = 'convFeeNotifyAction' and @id = 'submitYes']'. Please recheck the objects properties to make sure the desired element is located. 

2024-08-28 22:28:51 - [MESSAGE][WARNING] - [SELF-HEALING] Failed to find element with id 'Object Repository/IWP30/Page_AcceptCF/input_convFeeNotifyAction'. Try using Self-healing.

2024-08-28 22:28:51 - [MESSAGE][WARNING] - [SELF-HEALING] The current locator of test object 'Object Repository/IWP30/Page_AcceptCF/input_convFeeNotifyAction' was broken. Propose an alternative one: '//div/input'.

2024-08-28 22:28:51 - [MESSAGE][PASSED] - Object: 'Object Repository/IWP30/Page_AcceptCF/input_convFeeNotifyAction' is clicked on

2024-08-28 22:28:51 - [TEST_STEP][PASSED] - Thread.sleep(10000): null

2024-08-28 22:29:01 - [TEST_STEP][FAILED] - if (verifyTextPresent("Successful Payment Receipt", false)): Text 'Successful Payment Receipt' is not present on page  (Root cause: com.kms.katalon.core.exception.StepFailedException: Text 'Successful Payment Receipt' is not present on page 
	at com.kms.katalon.core.webui.keyword.internal.WebUIKeywordMain.stepFailed(WebUIKeywordMain.groovy:64)
	at com.kms.katalon.core.webui.keyword.builtin.VerifyTextPresentKeyword$_verifyTextPresent_closure1.doCall(VerifyTextPresentKeyword.groovy:79)
	at com.kms.katalon.core.webui.keyword.builtin.VerifyTextPresentKeyword$_verifyTextPresent_closure1.call(VerifyTextPresentKeyword.groovy)
	at com.kms.katalon.core.webui.keyword.internal.WebUIKeywordMain.runKeyword(WebUIKeywordMain.groovy:20)
	at com.kms.katalon.core.webui.keyword.builtin.VerifyTextPresentKeyword.verifyTextPresent(VerifyTextPresentKeyword.groovy:83)
	at com.kms.katalon.core.webui.keyword.builtin.VerifyTextPresentKeyword.execute(VerifyTextPresentKeyword.groovy:68)
	at com.kms.katalon.core.keyword.internal.KeywordExecutor.executeKeywordForPlatform(KeywordExecutor.groovy:74)
	at com.kms.katalon.core.webui.keyword.WebUiBuiltInKeywords.verifyTextPresent(WebUiBuiltInKeywords.groovy:1723)
	at com.kms.katalon.core.webui.keyword.WebUiBuiltInKeywords$verifyTextPresent$8.call(Unknown Source)
	at PayNowSuccessfulPaymentSCFCC.run(PayNowSuccessfulPaymentSCFCC:94)
	at com.kms.katalon.core.main.ScriptEngine.run(ScriptEngine.java:194)
	at com.kms.katalon.core.main.ScriptEngine.runScriptAsRawText(ScriptEngine.java:119)
	at com.kms.katalon.core.main.TestCaseExecutor.runScript(TestCaseExecutor.java:448)
	at com.kms.katalon.core.main.TestCaseExecutor.doExecute(TestCaseExecutor.java:439)
	at com.kms.katalon.core.main.TestCaseExecutor.processExecutionPhase(TestCaseExecutor.java:418)
	at com.kms.katalon.core.main.TestCaseExecutor.accessMainPhase(TestCaseExecutor.java:410)
	at com.kms.katalon.core.main.TestCaseExecutor.execute(TestCaseExecutor.java:285)
	at com.kms.katalon.core.common.CommonExecutor.accessTestCaseMainPhase(CommonExecutor.java:65)
	at com.kms.katalon.core.main.TestSuiteExecutor.accessTestSuiteMainPhase(TestSuiteExecutor.java:148)
	at com.kms.katalon.core.main.TestSuiteExecutor.execute(TestSuiteExecutor.java:106)
	at com.kms.katalon.core.main.TestCaseMain.startTestSuite(TestCaseMain.java:187)
	at com.kms.katalon.core.main.TestCaseMain$startTestSuite$0.call(Unknown Source)
	at TempTestSuite1724897904035.run(TempTestSuite1724897904035.groovy:35)
)

2024-08-28 22:29:02 - [MESSAGE][FAILED] - Text 'Successful Payment Receipt' is not present on page  (Root cause: com.kms.katalon.core.exception.StepFailedException: Text 'Successful Payment Receipt' is not present on page 
	at com.kms.katalon.core.webui.keyword.internal.WebUIKeywordMain.stepFailed(WebUIKeywordMain.groovy:64)
	at com.kms.katalon.core.webui.keyword.builtin.VerifyTextPresentKeyword$_verifyTextPresent_closure1.doCall(VerifyTextPresentKeyword.groovy:79)
	at com.kms.katalon.core.webui.keyword.builtin.VerifyTextPresentKeyword$_verifyTextPresent_closure1.call(VerifyTextPresentKeyword.groovy)
	at com.kms.katalon.core.webui.keyword.internal.WebUIKeywordMain.runKeyword(WebUIKeywordMain.groovy:20)
	at com.kms.katalon.core.webui.keyword.builtin.VerifyTextPresentKeyword.verifyTextPresent(VerifyTextPresentKeyword.groovy:83)
	at com.kms.katalon.core.webui.keyword.builtin.VerifyTextPresentKeyword.execute(VerifyTextPresentKeyword.groovy:68)
	at com.kms.katalon.core.keyword.internal.KeywordExecutor.executeKeywordForPlatform(KeywordExecutor.groovy:74)
	at com.kms.katalon.core.webui.keyword.WebUiBuiltInKeywords.verifyTextPresent(WebUiBuiltInKeywords.groovy:1723)
	at com.kms.katalon.core.webui.keyword.WebUiBuiltInKeywords$verifyTextPresent$8.call(Unknown Source)
	at PayNowSuccessfulPaymentSCFCC.run(PayNowSuccessfulPaymentSCFCC:94)
	at com.kms.katalon.core.main.ScriptEngine.run(ScriptEngine.java:194)
	at com.kms.katalon.core.main.ScriptEngine.runScriptAsRawText(ScriptEngine.java:119)
	at com.kms.katalon.core.main.TestCaseExecutor.runScript(TestCaseExecutor.java:448)
	at com.kms.katalon.core.main.TestCaseExecutor.doExecute(TestCaseExecutor.java:439)
	at com.kms.katalon.core.main.TestCaseExecutor.processExecutionPhase(TestCaseExecutor.java:418)
	at com.kms.katalon.core.main.TestCaseExecutor.accessMainPhase(TestCaseExecutor.java:410)
	at com.kms.katalon.core.main.TestCaseExecutor.execute(TestCaseExecutor.java:285)
	at com.kms.katalon.core.common.CommonExecutor.accessTestCaseMainPhase(CommonExecutor.java:65)
	at com.kms.katalon.core.main.TestSuiteExecutor.accessTestSuiteMainPhase(TestSuiteExecutor.java:148)
	at com.kms.katalon.core.main.TestSuiteExecutor.execute(TestSuiteExecutor.java:106)
	at com.kms.katalon.core.main.TestCaseMain.startTestSuite(TestCaseMain.java:187)
	at com.kms.katalon.core.main.TestCaseMain$startTestSuite$0.call(Unknown Source)
	at TempTestSuite1724897904035.run(TempTestSuite1724897904035.groovy:35)
)

2024-08-28 22:29:02 - [TEST_STEP][FAILED] - else: null

2024-08-28 22:29:02 - [TEST_STEP][PASSED] - println("Successful Payment Receipt text is not present on the Receipt page"): null

2024-08-28 22:29:02 - [TEST_STEP][FAILED] - markFailed("Error on Page is : " + getText(findTestObject("Object Repository/IWP30/Page_Receipt/div_ReceiptSourceCode"))): Error on Page is : Make a Real Estate Payment
Lorem ipsum dolor sit amet, consectetuer adipiscing elit, sed diam nonummy nibh euismod tincidunt ut laoreet dolore magna aliquam erat volutpat. Ut wisi enim ad minim veniam, quis nostrud exerci tation ullamcorper suscipit lobortis nisl ut aliquip ex ea commodo consequat.
  Required fields are highlighted with an asterisk.
  Please enter the following information about your payment:
  Tax Amount: $0.00
  Amount:*  $
  UDF1 Label:  udf data 1
  UDF2 Label: 
  UDF3 Label:* 
  UDF4 Label:*  udf data 4
  UDF6 Label:  udf data 6
  UDF7 Label: 
--Select One--
Orange
Purple

  UDF8 Label:* 
--Select One--
Soccer
Tennis

UDF8 Label is required
  UDF9 Label:*  udf data 9
 
Please enter the following information about your payment method:
  Cardholder's Name:* 
  Cards Accepted: 
  Card Number:* 
  Card Security Code:* 
  Expiration Date:*  
     
MM
  
     01
  
     02
  
     03
  
     04
  
     05
  
     06
  
     07
  
     08
  
     09
  
     10
  
     11
  
     12
  
     
     YYYY
  
     2024
  
     2025
  
     2026
  
     2027
  
     2028
  
     2029
  
     2030
  
     2031
  
     2032
  
     2033
  
     2034
  
     2035
  
     2036
  
     2037
  
     2038
  
     2039
  
    
  Payment Date:*


 
Billing Information:
  Address Line 1:* 
  Address Line 2: 
  Country:*  
      
  
United States
    
  ZIP Code:* 
  City: 
  State:  
     
  
     
  
     
  
     
  
     
  
     
  
     
  
     
  
     
  
     
  
     
  
     
  
     
  
     
  
     
  
     
  
     
  
     
  
     
  
     
  
     
  
     
  
     
  
     
  
     
  
     
  
     
  
     
  
     
  
     
  
     
  
     
  
     
  
     
  
     
  
     
  
     
  
     
  
     
  
     
  
     
  
     
  
     
  
     
  
     
  
     
  
     
  
     
  
     
  
     
  
     
  
     
  
     
  
     
  
     
  
     
  
     
  
     
  
     
  
     
  
     
  
     
  
     
  
     
  
     
  
     
  
    
--Select One--
Armed Forces Americas
Armed Forces Europe
Armed Forces Canada
Armed Forces Africa
Armed Forces Middle East
Armed Forces Pacific
Alabama
Alaska
American Samoa
Arizona
Arkansas
California
Colorado
Connecticut
Delaware
District of Columbia
Federated States of Micronesia
Florida
Georgia
Guam
Hawaii
Idaho
Illinois
Indiana
Iowa
Kansas
Kentucky
Louisiana
Maine
Maryland
Massachusetts
Michigan
Minnesota
Mississippi
Missouri
Montana
Nebraska
Nevada
New Hampshire
New Jersey
New Mexico
New York
North Carolina
North Dakota
Northern Mariana Islands
Ohio
Oklahoma
Oregon
Palau
Pennsylvania
Puerto Rico
Rhode Island
South Carolina
South Dakota
Tennessee
Texas
Utah
Vermont
Virgin Islands
Virginia
Washington
West Virginia
Wisconsin
Wyoming
Marshall Island

 
Receipt Information:
  Email Address:* 
 
  Please check here to store the payment method for future use.

    These are Customer CC Terms
    These are CC Custom HTML

2024-08-28 22:29:02 - [MESSAGE][PASSED] - Text of object 'Object Repository/IWP30/Page_Receipt/div_ReceiptSourceCode' is: 'Make a Real Estate Payment
Lorem ipsum dolor sit amet, consectetuer adipiscing elit, sed diam nonummy nibh euismod tincidunt ut laoreet dolore magna aliquam erat volutpat. Ut wisi enim ad minim veniam, quis nostrud exerci tation ullamcorper suscipit lobortis nisl ut aliquip ex ea commodo consequat.
  Required fields are highlighted with an asterisk.
  Please enter the following information about your payment:
  Tax Amount: $0.00
  Amount:*  $
  UDF1 Label:  udf data 1
  UDF2 Label: 
  UDF3 Label:* 
  UDF4 Label:*  udf data 4
  UDF6 Label:  udf data 6
  UDF7 Label: 
--Select One--
Orange
Purple

  UDF8 Label:* 
--Select One--
Soccer
Tennis

UDF8 Label is required
  UDF9 Label:*  udf data 9
 
Please enter the following information about your payment method:
  Cardholder's Name:* 
  Cards Accepted: 
  Card Number:* 
  Card Security Code:* 
  Expiration Date:*  
     
MM
  
     01
  
     02
  
     03
  
     04
  
     05
  
     06
  
     07
  
     08
  
     09
  
     10
  
     11
  
     12
  
     
     YYYY
  
     2024
  
     2025
  
     2026
  
     2027
  
     2028
  
     2029
  
     2030
  
     2031
  
     2032
  
     2033
  
     2034
  
     2035
  
     2036
  
     2037
  
     2038
  
     2039
  
    
  Payment Date:*


 
Billing Information:
  Address Line 1:* 
  Address Line 2: 
  Country:*  
      
  
United States
    
  ZIP Code:* 
  City: 
  State:  
     
  
     
  
     
  
     
  
     
  
     
  
     
  
     
  
     
  
     
  
     
  
     
  
     
  
     
  
     
  
     
  
     
  
     
  
     
  
     
  
     
  
     
  
     
  
     
  
     
  
     
  
     
  
     
  
     
  
     
  
     
  
     
  
     
  
     
  
     
  
     
  
     
  
     
  
     
  
     
  
     
  
     
  
     
  
     
  
     
  
     
  
     
  
     
  
     
  
     
  
     
  
     
  
     
  
     
  
     
  
     
  
     
  
     
  
     
  
     
  
     
  
     
  
     
  
     
  
     
  
     
  
    
--Select One--
Armed Forces Americas
Armed Forces Europe
Armed Forces Canada
Armed Forces Africa
Armed Forces Middle East
Armed Forces Pacific
Alabama
Alaska
American Samoa
Arizona
Arkansas
California
Colorado
Connecticut
Delaware
District of Columbia
Federated States of Micronesia
Florida
Georgia
Guam
Hawaii
Idaho
Illinois
Indiana
Iowa
Kansas
Kentucky
Louisiana
Maine
Maryland
Massachusetts
Michigan
Minnesota
Mississippi
Missouri
Montana
Nebraska
Nevada
New Hampshire
New Jersey
New Mexico
New York
North Carolina
North Dakota
Northern Mariana Islands
Ohio
Oklahoma
Oregon
Palau
Pennsylvania
Puerto Rico
Rhode Island
South Carolina
South Dakota
Tennessee
Texas
Utah
Vermont
Virgin Islands
Virginia
Washington
West Virginia
Wisconsin
Wyoming
Marshall Island

 
Receipt Information:
  Email Address:* 
 
  Please check here to store the payment method for future use.

    These are Customer CC Terms
    These are CC Custom HTML'

2024-08-28 22:29:02 - [MESSAGE][FAILED] - Error on Page is : Make a Real Estate Payment
Lorem ipsum dolor sit amet, consectetuer adipiscing elit, sed diam nonummy nibh euismod tincidunt ut laoreet dolore magna aliquam erat volutpat. Ut wisi enim ad minim veniam, quis nostrud exerci tation ullamcorper suscipit lobortis nisl ut aliquip ex ea commodo consequat.
  Required fields are highlighted with an asterisk.
  Please enter the following information about your payment:
  Tax Amount: $0.00
  Amount:*  $
  UDF1 Label:  udf data 1
  UDF2 Label: 
  UDF3 Label:* 
  UDF4 Label:*  udf data 4
  UDF6 Label:  udf data 6
  UDF7 Label: 
--Select One--
Orange
Purple

  UDF8 Label:* 
--Select One--
Soccer
Tennis

UDF8 Label is required
  UDF9 Label:*  udf data 9
 
Please enter the following information about your payment method:
  Cardholder's Name:* 
  Cards Accepted: 
  Card Number:* 
  Card Security Code:* 
  Expiration Date:*  
     
MM
  
     01
  
     02
  
     03
  
     04
  
     05
  
     06
  
     07
  
     08
  
     09
  
     10
  
     11
  
     12
  
     
     YYYY
  
     2024
  
     2025
  
     2026
  
     2027
  
     2028
  
     2029
  
     2030
  
     2031
  
     2032
  
     2033
  
     2034
  
     2035
  
     2036
  
     2037
  
     2038
  
     2039
  
    
  Payment Date:*


 
Billing Information:
  Address Line 1:* 
  Address Line 2: 
  Country:*  
      
  
United States
    
  ZIP Code:* 
  City: 
  State:  
     
  
     
  
     
  
     
  
     
  
     
  
     
  
     
  
     
  
     
  
     
  
     
  
     
  
     
  
     
  
     
  
     
  
     
  
     
  
     
  
     
  
     
  
     
  
     
  
     
  
     
  
     
  
     
  
     
  
     
  
     
  
     
  
     
  
     
  
     
  
     
  
     
  
     
  
     
  
     
  
     
  
     
  
     
  
     
  
     
  
     
  
     
  
     
  
     
  
     
  
     
  
     
  
     
  
     
  
     
  
     
  
     
  
     
  
     
  
     
  
     
  
     
  
     
  
     
  
     
  
     
  
    
--Select One--
Armed Forces Americas
Armed Forces Europe
Armed Forces Canada
Armed Forces Africa
Armed Forces Middle East
Armed Forces Pacific
Alabama
Alaska
American Samoa
Arizona
Arkansas
California
Colorado
Connecticut
Delaware
District of Columbia
Federated States of Micronesia
Florida
Georgia
Guam
Hawaii
Idaho
Illinois
Indiana
Iowa
Kansas
Kentucky
Louisiana
Maine
Maryland
Massachusetts
Michigan
Minnesota
Mississippi
Missouri
Montana
Nebraska
Nevada
New Hampshire
New Jersey
New Mexico
New York
North Carolina
North Dakota
Northern Mariana Islands
Ohio
Oklahoma
Oregon
Palau
Pennsylvania
Puerto Rico
Rhode Island
South Carolina
South Dakota
Tennessee
Texas
Utah
Vermont
Virgin Islands
Virginia
Washington
West Virginia
Wisconsin
Wyoming
Marshall Island

 
Receipt Information:
  Email Address:* 
 
  Please check here to store the payment method for future use.

    These are Customer CC Terms
    These are CC Custom HTML

2024-08-28 22:29:02 - [TEST_STEP][PASSED] - resText = "Fail": null

2024-08-28 22:29:02 - [TEST_STEP][PASSED] - pages.WriteExcel.demoKey(resText, datText, resColumn, datCloumn, fileLoc, nameSheet, row): pages.WriteExcel.demoKey is PASSED

2024-08-28 22:29:02 - [MESSAGE][PASSED] - pages.WriteExcel.demoKey is PASSED

2024-08-28 22:29:02 - [TEST_STEP][PASSED] - println(getText(findTestObject("Object Repository/IWP30/Page_Receipt/div_ReceiptSourceCode"))): Text of object 'Object Repository/IWP30/Page_Receipt/div_ReceiptSourceCode' is: 'Make a Real Estate Payment
Lorem ipsum dolor sit amet, consectetuer adipiscing elit, sed diam nonummy nibh euismod tincidunt ut laoreet dolore magna aliquam erat volutpat. Ut wisi enim ad minim veniam, quis nostrud exerci tation ullamcorper suscipit lobortis nisl ut aliquip ex ea commodo consequat.
  Required fields are highlighted with an asterisk.
  Please enter the following information about your payment:
  Tax Amount: $0.00
  Amount:*  $
  UDF1 Label:  udf data 1
  UDF2 Label: 
  UDF3 Label:* 
  UDF4 Label:*  udf data 4
  UDF6 Label:  udf data 6
  UDF7 Label: 
--Select One--
Orange
Purple

  UDF8 Label:* 
--Select One--
Soccer
Tennis

UDF8 Label is required
  UDF9 Label:*  udf data 9
 
Please enter the following information about your payment method:
  Cardholder's Name:* 
  Cards Accepted: 
  Card Number:* 
  Card Security Code:* 
  Expiration Date:*  
     
MM
  
     01
  
     02
  
     03
  
     04
  
     05
  
     06
  
     07
  
     08
  
     09
  
     10
  
     11
  
     12
  
     
     YYYY
  
     2024
  
     2025
  
     2026
  
     2027
  
     2028
  
     2029
  
     2030
  
     2031
  
     2032
  
     2033
  
     2034
  
     2035
  
     2036
  
     2037
  
     2038
  
     2039
  
    
  Payment Date:*


 
Billing Information:
  Address Line 1:* 
  Address Line 2: 
  Country:*  
      
  
United States
    
  ZIP Code:* 
  City: 
  State:  
     
  
     
  
     
  
     
  
     
  
     
  
     
  
     
  
     
  
     
  
     
  
     
  
     
  
     
  
     
  
     
  
     
  
     
  
     
  
     
  
     
  
     
  
     
  
     
  
     
  
     
  
     
  
     
  
     
  
     
  
     
  
     
  
     
  
     
  
     
  
     
  
     
  
     
  
     
  
     
  
     
  
     
  
     
  
     
  
     
  
     
  
     
  
     
  
     
  
     
  
     
  
     
  
     
  
     
  
     
  
     
  
     
  
     
  
     
  
     
  
     
  
     
  
     
  
     
  
     
  
     
  
    
--Select One--
Armed Forces Americas
Armed Forces Europe
Armed Forces Canada
Armed Forces Africa
Armed Forces Middle East
Armed Forces Pacific
Alabama
Alaska
American Samoa
Arizona
Arkansas
California
Colorado
Connecticut
Delaware
District of Columbia
Federated States of Micronesia
Florida
Georgia
Guam
Hawaii
Idaho
Illinois
Indiana
Iowa
Kansas
Kentucky
Louisiana
Maine
Maryland
Massachusetts
Michigan
Minnesota
Mississippi
Missouri
Montana
Nebraska
Nevada
New Hampshire
New Jersey
New Mexico
New York
North Carolina
North Dakota
Northern Mariana Islands
Ohio
Oklahoma
Oregon
Palau
Pennsylvania
Puerto Rico
Rhode Island
South Carolina
South Dakota
Tennessee
Texas
Utah
Vermont
Virgin Islands
Virginia
Washington
West Virginia
Wisconsin
Wyoming
Marshall Island

 
Receipt Information:
  Email Address:* 
 
  Please check here to store the payment method for future use.

    These are Customer CC Terms
    These are CC Custom HTML'

2024-08-28 22:29:02 - [MESSAGE][PASSED] - Text of object 'Object Repository/IWP30/Page_Receipt/div_ReceiptSourceCode' is: 'Make a Real Estate Payment
Lorem ipsum dolor sit amet, consectetuer adipiscing elit, sed diam nonummy nibh euismod tincidunt ut laoreet dolore magna aliquam erat volutpat. Ut wisi enim ad minim veniam, quis nostrud exerci tation ullamcorper suscipit lobortis nisl ut aliquip ex ea commodo consequat.
  Required fields are highlighted with an asterisk.
  Please enter the following information about your payment:
  Tax Amount: $0.00
  Amount:*  $
  UDF1 Label:  udf data 1
  UDF2 Label: 
  UDF3 Label:* 
  UDF4 Label:*  udf data 4
  UDF6 Label:  udf data 6
  UDF7 Label: 
--Select One--
Orange
Purple

  UDF8 Label:* 
--Select One--
Soccer
Tennis

UDF8 Label is required
  UDF9 Label:*  udf data 9
 
Please enter the following information about your payment method:
  Cardholder's Name:* 
  Cards Accepted: 
  Card Number:* 
  Card Security Code:* 
  Expiration Date:*  
     
MM
  
     01
  
     02
  
     03
  
     04
  
     05
  
     06
  
     07
  
     08
  
     09
  
     10
  
     11
  
     12
  
     
     YYYY
  
     2024
  
     2025
  
     2026
  
     2027
  
     2028
  
     2029
  
     2030
  
     2031
  
     2032
  
     2033
  
     2034
  
     2035
  
     2036
  
     2037
  
     2038
  
     2039
  
    
  Payment Date:*


 
Billing Information:
  Address Line 1:* 
  Address Line 2: 
  Country:*  
      
  
United States
    
  ZIP Code:* 
  City: 
  State:  
     
  
     
  
     
  
     
  
     
  
     
  
     
  
     
  
     
  
     
  
     
  
     
  
     
  
     
  
     
  
     
  
     
  
     
  
     
  
     
  
     
  
     
  
     
  
     
  
     
  
     
  
     
  
     
  
     
  
     
  
     
  
     
  
     
  
     
  
     
  
     
  
     
  
     
  
     
  
     
  
     
  
     
  
     
  
     
  
     
  
     
  
     
  
     
  
     
  
     
  
     
  
     
  
     
  
     
  
     
  
     
  
     
  
     
  
     
  
     
  
     
  
     
  
     
  
     
  
     
  
     
  
    
--Select One--
Armed Forces Americas
Armed Forces Europe
Armed Forces Canada
Armed Forces Africa
Armed Forces Middle East
Armed Forces Pacific
Alabama
Alaska
American Samoa
Arizona
Arkansas
California
Colorado
Connecticut
Delaware
District of Columbia
Federated States of Micronesia
Florida
Georgia
Guam
Hawaii
Idaho
Illinois
Indiana
Iowa
Kansas
Kentucky
Louisiana
Maine
Maryland
Massachusetts
Michigan
Minnesota
Mississippi
Missouri
Montana
Nebraska
Nevada
New Hampshire
New Jersey
New Mexico
New York
North Carolina
North Dakota
Northern Mariana Islands
Ohio
Oklahoma
Oregon
Palau
Pennsylvania
Puerto Rico
Rhode Island
South Carolina
South Dakota
Tennessee
Texas
Utah
Vermont
Virgin Islands
Virginia
Washington
West Virginia
Wisconsin
Wyoming
Marshall Island

 
Receipt Information:
  Email Address:* 
 
  Please check here to store the payment method for future use.

    These are Customer CC Terms
    These are CC Custom HTML'

2024-08-28 22:29:02 - [TEST_STEP][PASSED] - ExecuteTC = findTestData(dataFile).getValue("Execute", row): null

2024-08-28 22:29:02 - [TEST_STEP][PASSED] - out.println("Value of Execute is : " + ExecuteTC): null

2024-08-28 22:29:02 - [TEST_STEP][FAILED] - if (ExecuteTC.equalsIgnoreCase("Y")): null

2024-08-28 22:29:02 - [TEST_STEP][PASSED] - out.println("Begin Record Number: " + row): null

2024-08-28 22:29:02 - [TEST_STEP][PASSED] - today = new java.util.Date(): null

2024-08-28 22:29:02 - [TEST_STEP][PASSED] - println(today): null

2024-08-28 22:29:02 - [TEST_STEP][PASSED] - datText = today: null

2024-08-28 22:29:02 - [TEST_STEP][PASSED] - EmulatorDataKey = findTestData(dataFile).getValue("EmulatorData", row): null

2024-08-28 22:29:03 - [TEST_STEP][PASSED] - out.println("Value of Emulator Key is : " + EmulatorDataKey): null

2024-08-28 22:29:03 - [TEST_STEP][PASSED] - iwpPages.emulatorIWP30.setDataEmulator_DD(EmulatorDataKey): iwpPages.emulatorIWP30.setDataEmulator_DD is PASSED

2024-08-28 22:29:03 - [MESSAGE][WARNING] - A browser is already opened. Closing browser and opening a new one

2024-08-28 22:29:05 - [MESSAGE][INFO] - Starting 'Chrome' driver

2024-08-28 22:29:05 - [MESSAGE][INFO] - User set preference: ['acceptInsecureCerts', 'true']

2024-08-28 22:29:05 - [MESSAGE][INFO] - Action delay is set to 0 milliseconds

2024-08-28 22:29:07 - [MESSAGE][PASSED] - Browser is opened with url: 'https://qa2.velocitypayment.com/agency/config.do?action=editor&message_version=3_0'

2024-08-28 22:29:07 - [MESSAGE][PASSED] - Current window maximized

2024-08-28 22:29:08 - [MESSAGE][PASSED] - All options with value '3.0' are selected in object 'Object Repository/IWP30/Page_VRelay30Emulator/MV'  using regular expression

2024-08-28 22:29:09 - [MESSAGE][PASSED] - Text '10.50' is set on object 'Object Repository/IWP30/Page_VRelay30Emulator/Amount'

2024-08-28 22:29:09 - [MESSAGE][PASSED] - Text '26412167' is set on object 'Object Repository/IWP30/Page_VRelay30Emulator/CAN'

2024-08-28 22:29:10 - [MESSAGE][PASSED] - Text 'PayNow' is set on object 'Object Repository/IWP30/Page_VRelay30Emulator/Action'

2024-08-28 22:29:10 - [MESSAGE][PASSED] - Text 'en_US' is set on object 'Object Repository/IWP30/Page_VRelay30Emulator/Lang'

2024-08-28 22:29:11 - [MESSAGE][PASSED] - Text 'Elizath' is set on object 'Object Repository/IWP30/Page_VRelay30Emulator/Fname'

2024-08-28 22:29:12 - [MESSAGE][PASSED] - Text 'Christine' is set on object 'Object Repository/IWP30/Page_VRelay30Emulator/Lname'

2024-08-28 22:29:12 - [MESSAGE][PASSED] - Text '258 Underwood rd' is set on object 'Object Repository/IWP30/Page_VRelay30Emulator/AL1'

2024-08-28 22:29:13 - [MESSAGE][PASSED] - Text 'Suite 600' is set on object 'Object Repository/IWP30/Page_VRelay30Emulator/AL2'

2024-08-28 22:29:14 - [MESSAGE][PASSED] - Text '840' is set on object 'Object Repository/IWP30/Page_VRelay30Emulator/Country'

2024-08-28 22:29:14 - [MESSAGE][PASSED] - Text 'Arlington' is set on object 'Object Repository/IWP30/Page_VRelay30Emulator/City'

2024-08-28 22:29:15 - [MESSAGE][PASSED] - Text 'VA' is set on object 'Object Repository/IWP30/Page_VRelay30Emulator/State'

2024-08-28 22:29:16 - [MESSAGE][PASSED] - Text '22201' is set on object 'Object Repository/IWP30/Page_VRelay30Emulator/ZIP'

2024-08-28 22:29:16 - [MESSAGE][PASSED] - Text '' is set on object 'Object Repository/IWP30/Page_VRelay30Emulator/Order'

2024-08-28 22:29:17 - [MESSAGE][PASSED] - Text '' is set on object 'Object Repository/IWP30/Page_VRelay30Emulator/Company'

2024-08-28 22:29:18 - [MESSAGE][PASSED] - Text 'iahmed@govolution.com' is set on object 'Object Repository/IWP30/Page_VRelay30Emulator/Email'

2024-08-28 22:29:18 - [MESSAGE][PASSED] - Text 'udf data 1' is set on object 'Object Repository/IWP30/Page_VRelay30Emulator/UDF1'

2024-08-28 22:29:19 - [MESSAGE][PASSED] - Text 'udf data 2' is set on object 'Object Repository/IWP30/Page_VRelay30Emulator/UDF2'

2024-08-28 22:29:20 - [MESSAGE][PASSED] - Text 'udf data 3' is set on object 'Object Repository/IWP30/Page_VRelay30Emulator/UDF3'

2024-08-28 22:29:20 - [MESSAGE][PASSED] - Text 'udf data 4' is set on object 'Object Repository/IWP30/Page_VRelay30Emulator/UDF4'

2024-08-28 22:29:21 - [MESSAGE][PASSED] - Text 'udf data 5' is set on object 'Object Repository/IWP30/Page_VRelay30Emulator/UDF5'

2024-08-28 22:29:21 - [MESSAGE][PASSED] - Text 'udf data 6' is set on object 'Object Repository/IWP30/Page_VRelay30Emulator/UDF6'

2024-08-28 22:29:22 - [MESSAGE][PASSED] - Text 'Orange' is set on object 'Object Repository/IWP30/Page_VRelay30Emulator/UDF7'

2024-08-28 22:29:23 - [MESSAGE][PASSED] - Text 'Soccer' is set on object 'Object Repository/IWP30/Page_VRelay30Emulator/UDF8'

2024-08-28 22:29:24 - [MESSAGE][PASSED] - Text 'udf data 9' is set on object 'Object Repository/IWP30/Page_VRelay30Emulator/UDF9'

2024-08-28 22:29:24 - [MESSAGE][PASSED] - Text 'udf data 10' is set on object 'Object Repository/IWP30/Page_VRelay30Emulator/UDF10'

2024-08-28 22:29:25 - [MESSAGE][PASSED] - Object: 'Object Repository/IWP30/Page_VRelay30Emulator/Submit' is clicked on

2024-08-28 22:29:30 - [MESSAGE][PASSED] - Browser is closed

2024-08-28 22:29:34 - [MESSAGE][PASSED] - iwpPages.emulatorIWP30.setDataEmulator_DD is PASSED

2024-08-28 22:29:34 - [TEST_STEP][PASSED] - testHarnessURL = urlTestHarness: null

2024-08-28 22:29:34 - [TEST_STEP][PASSED] - openBrowser(testHarnessURL): Browser is opened with url: 'https://dev-algorithm.govolution.com/vrelaytest/QA2/version_2_2/vrelaytest.html'

2024-08-28 22:29:34 - [MESSAGE][INFO] - Starting 'Chrome' driver

2024-08-28 22:29:34 - [MESSAGE][INFO] - User set preference: ['acceptInsecureCerts', 'true']

2024-08-28 22:29:34 - [MESSAGE][INFO] - Action delay is set to 0 milliseconds

2024-08-28 22:29:36 - [MESSAGE][PASSED] - Browser is opened with url: 'https://dev-algorithm.govolution.com/vrelaytest/QA2/version_2_2/vrelaytest.html'

2024-08-28 22:29:36 - [TEST_STEP][PASSED] - maximizeWindow(): Current window maximized

2024-08-28 22:29:36 - [MESSAGE][PASSED] - Current window maximized

2024-08-28 22:29:36 - [TEST_STEP][PASSED] - iwpPages.TestHarnessPage.setDataMethod(row, dataFile): iwpPages.TestHarnessPage.setDataMethod is PASSED

2024-08-28 22:29:37 - [MESSAGE][PASSED] - Object 'Object Repository/IWP30/Page_QATestHarness/RemittanceID' is present

2024-08-28 22:29:37 - [MESSAGE][PASSED] - Text '650' is set on object 'Object Repository/IWP30/Page_QATestHarness/ApplicationID'

2024-08-28 22:29:38 - [MESSAGE][PASSED] - Text '3.0' is set on object 'Object Repository/IWP30/Page_QATestHarness/MessageVersion'

2024-08-28 22:29:39 - [MESSAGE][PASSED] - Text 'JmMnZv6eybEm' is set on object 'Object Repository/IWP30/Page_QATestHarness/RemittanceID'

2024-08-28 22:29:40 - [MESSAGE][PASSED] - Object: 'Object Repository/IWP30/Page_QATestHarness/SubmitButton' is clicked on

2024-08-28 22:29:40 - [MESSAGE][PASSED] - iwpPages.TestHarnessPage.setDataMethod is PASSED

2024-08-28 22:29:40 - [TEST_STEP][PASSED] - check(findTestObject("Object Repository/IWP30/Page_SelectPaymentMethod/PayByCreditCard")): Object 'Object Repository/IWP30/Page_SelectPaymentMethod/PayByCreditCard' is checked

2024-08-28 22:29:41 - [MESSAGE][PASSED] - Object 'Object Repository/IWP30/Page_SelectPaymentMethod/PayByCreditCard' is checked

2024-08-28 22:29:41 - [TEST_STEP][PASSED] - click(findTestObject("Object Repository/IWP30/Page_SelectPaymentMethod/MakePaymentButton")): Object: 'Object Repository/IWP30/Page_SelectPaymentMethod/MakePaymentButton' is clicked on

2024-08-28 22:29:42 - [MESSAGE][PASSED] - Object: 'Object Repository/IWP30/Page_SelectPaymentMethod/MakePaymentButton' is clicked on

2024-08-28 22:29:42 - [TEST_STEP][PASSED] - iwpPages.ccPaymentEntryPage.setDataIWPCreditCard(row, dataFile): iwpPages.ccPaymentEntryPage.setDataIWPCreditCard is PASSED

2024-08-28 22:29:44 - [MESSAGE][PASSED] - Object 'Object Repository/IWP30/Page_CCPaymentEntry/Name' is present

2024-08-28 22:29:44 - [MESSAGE][PASSED] - Text '374245002771003' is set on object 'Object Repository/IWP30/Page_CCPaymentEntry/CardNumber'

2024-08-28 22:29:45 - [MESSAGE][PASSED] - Text '1234' is set on object 'Object Repository/IWP30/Page_CCPaymentEntry/SPC'

2024-08-28 22:29:46 - [MESSAGE][PASSED] - All options with label '12' are selected in object 'Object Repository/IWP30/Page_CCPaymentEntry/Month' 

2024-08-28 22:29:46 - [MESSAGE][PASSED] - All options with label '2028' are selected in object 'Object Repository/IWP30/Page_CCPaymentEntry/Year' 

2024-08-28 22:29:46 - [MESSAGE][PASSED] - Object 'Object Repository/IWP30/Page_CCPaymentEntry/TermCondCheckBox' is present

2024-08-28 22:29:47 - [MESSAGE][PASSED] - Object 'Object Repository/IWP30/Page_CCPaymentEntry/TermCondCheckBox' is checked

2024-08-28 22:29:47 - [MESSAGE][PASSED] - Object 'Object Repository/IWP30/Page_CCPaymentEntry/ContinueButton' is present

2024-08-28 22:29:48 - [MESSAGE][PASSED] - Object: 'Object Repository/IWP30/Page_CCPaymentEntry/ContinueButton' is clicked on

2024-08-28 22:29:48 - [MESSAGE][PASSED] - iwpPages.ccPaymentEntryPage.setDataIWPCreditCard is PASSED

2024-08-28 22:29:48 - [TEST_STEP][FAILED] - click(findTestObject("Object Repository/IWP30/Page_Confirmation/ConfirmButton")): Unable to click on object 'Object Repository/IWP30/Page_Confirmation/ConfirmButton' (Root cause: com.kms.katalon.core.exception.StepFailedException: Unable to click on object 'Object Repository/IWP30/Page_Confirmation/ConfirmButton'
	at com.kms.katalon.core.webui.keyword.internal.WebUIKeywordMain.stepFailed(WebUIKeywordMain.groovy:64)
	at com.kms.katalon.core.webui.keyword.internal.WebUIKeywordMain.runKeyword(WebUIKeywordMain.groovy:26)
	at com.kms.katalon.core.webui.keyword.builtin.ClickKeyword.click(ClickKeyword.groovy:74)
	at com.kms.katalon.core.webui.keyword.builtin.ClickKeyword.execute(ClickKeyword.groovy:40)
	at com.kms.katalon.core.keyword.internal.KeywordExecutor.executeKeywordForPlatform(KeywordExecutor.groovy:74)
	at com.kms.katalon.core.webui.keyword.WebUiBuiltInKeywords.click(WebUiBuiltInKeywords.groovy:620)
	at com.kms.katalon.core.webui.keyword.WebUiBuiltInKeywords$click$3.call(Unknown Source)
	at PayNowSuccessfulPaymentSCFCC.run(PayNowSuccessfulPaymentSCFCC:84)
	at com.kms.katalon.core.main.ScriptEngine.run(ScriptEngine.java:194)
	at com.kms.katalon.core.main.ScriptEngine.runScriptAsRawText(ScriptEngine.java:119)
	at com.kms.katalon.core.main.TestCaseExecutor.runScript(TestCaseExecutor.java:448)
	at com.kms.katalon.core.main.TestCaseExecutor.doExecute(TestCaseExecutor.java:439)
	at com.kms.katalon.core.main.TestCaseExecutor.processExecutionPhase(TestCaseExecutor.java:418)
	at com.kms.katalon.core.main.TestCaseExecutor.accessMainPhase(TestCaseExecutor.java:410)
	at com.kms.katalon.core.main.TestCaseExecutor.execute(TestCaseExecutor.java:285)
	at com.kms.katalon.core.common.CommonExecutor.accessTestCaseMainPhase(CommonExecutor.java:65)
	at com.kms.katalon.core.main.TestSuiteExecutor.accessTestSuiteMainPhase(TestSuiteExecutor.java:148)
	at com.kms.katalon.core.main.TestSuiteExecutor.execute(TestSuiteExecutor.java:106)
	at com.kms.katalon.core.main.TestCaseMain.startTestSuite(TestCaseMain.java:187)
	at com.kms.katalon.core.main.TestCaseMain$startTestSuite$0.call(Unknown Source)
	at TempTestSuite1724897904035.run(TempTestSuite1724897904035.groovy:35)
Caused by: com.kms.katalon.core.webui.exception.WebElementNotFoundException: Web element with id: 'Object Repository/IWP30/Page_Confirmation/ConfirmButton' located by '//*[@type = 'submit' and @name = 'confirmNotifyAction' and @id = 'submitYes' and @value = 'Confirm']' not found
	at com.kms.katalon.core.webui.common.WebUiCommonHelper.findWebElement(WebUiCommonHelper.java:1381)
	at com.kms.katalon.core.webui.keyword.internal.WebUIAbstractKeyword.findWebElement(WebUIAbstractKeyword.groovy:27)
	at com.kms.katalon.core.webui.keyword.builtin.ClickKeyword$_click_closure1.doCall(ClickKeyword.groovy:65)
	at com.kms.katalon.core.webui.keyword.builtin.ClickKeyword$_click_closure1.call(ClickKeyword.groovy)
	at com.kms.katalon.core.webui.keyword.internal.WebUIKeywordMain.runKeyword(WebUIKeywordMain.groovy:20)
	at com.kms.katalon.core.webui.keyword.builtin.ClickKeyword.click(ClickKeyword.groovy:74)
	at com.kms.katalon.core.webui.keyword.builtin.ClickKeyword.execute(ClickKeyword.groovy:40)
	at com.kms.katalon.core.keyword.internal.KeywordExecutor.executeKeywordForPlatform(KeywordExecutor.groovy:74)
	at com.kms.katalon.core.webui.keyword.WebUiBuiltInKeywords.click(WebUiBuiltInKeywords.groovy:620)
	at com.kms.katalon.core.webui.keyword.WebUiBuiltInKeywords$click$3.call(Unknown Source)
	at Script1686782345568.run(Script1686782345568.groovy:84)
	... 13 more
)

2024-08-28 22:30:20 - [MESSAGE][INFO] - Unable to find the element located by 'By.xpath: //*[@type = 'submit' and @name = 'confirmNotifyAction' and @id = 'submitYes' and @value = 'Confirm']'. Please recheck the objects properties to make sure the desired element is located. 

2024-08-28 22:30:20 - [MESSAGE][WARNING] - [SELF-HEALING] Failed to find element with id 'Object Repository/IWP30/Page_Confirmation/ConfirmButton'. Try using Self-healing.

2024-08-28 22:30:20 - [MESSAGE][WARNING] - [SELF-HEALING] Cannot find elements when the XPath is null.

2024-08-28 22:30:20 - [MESSAGE][WARNING] - [SELF-HEALING] Cannot find elements when the selector is null

2024-08-28 22:30:20 - [MESSAGE][FAILED] - Unable to click on object 'Object Repository/IWP30/Page_Confirmation/ConfirmButton' (Root cause: com.kms.katalon.core.exception.StepFailedException: Unable to click on object 'Object Repository/IWP30/Page_Confirmation/ConfirmButton'
	at com.kms.katalon.core.webui.keyword.internal.WebUIKeywordMain.stepFailed(WebUIKeywordMain.groovy:64)
	at com.kms.katalon.core.webui.keyword.internal.WebUIKeywordMain.runKeyword(WebUIKeywordMain.groovy:26)
	at com.kms.katalon.core.webui.keyword.builtin.ClickKeyword.click(ClickKeyword.groovy:74)
	at com.kms.katalon.core.webui.keyword.builtin.ClickKeyword.execute(ClickKeyword.groovy:40)
	at com.kms.katalon.core.keyword.internal.KeywordExecutor.executeKeywordForPlatform(KeywordExecutor.groovy:74)
	at com.kms.katalon.core.webui.keyword.WebUiBuiltInKeywords.click(WebUiBuiltInKeywords.groovy:620)
	at com.kms.katalon.core.webui.keyword.WebUiBuiltInKeywords$click$3.call(Unknown Source)
	at PayNowSuccessfulPaymentSCFCC.run(PayNowSuccessfulPaymentSCFCC:84)
	at com.kms.katalon.core.main.ScriptEngine.run(ScriptEngine.java:194)
	at com.kms.katalon.core.main.ScriptEngine.runScriptAsRawText(ScriptEngine.java:119)
	at com.kms.katalon.core.main.TestCaseExecutor.runScript(TestCaseExecutor.java:448)
	at com.kms.katalon.core.main.TestCaseExecutor.doExecute(TestCaseExecutor.java:439)
	at com.kms.katalon.core.main.TestCaseExecutor.processExecutionPhase(TestCaseExecutor.java:418)
	at com.kms.katalon.core.main.TestCaseExecutor.accessMainPhase(TestCaseExecutor.java:410)
	at com.kms.katalon.core.main.TestCaseExecutor.execute(TestCaseExecutor.java:285)
	at com.kms.katalon.core.common.CommonExecutor.accessTestCaseMainPhase(CommonExecutor.java:65)
	at com.kms.katalon.core.main.TestSuiteExecutor.accessTestSuiteMainPhase(TestSuiteExecutor.java:148)
	at com.kms.katalon.core.main.TestSuiteExecutor.execute(TestSuiteExecutor.java:106)
	at com.kms.katalon.core.main.TestCaseMain.startTestSuite(TestCaseMain.java:187)
	at com.kms.katalon.core.main.TestCaseMain$startTestSuite$0.call(Unknown Source)
	at TempTestSuite1724897904035.run(TempTestSuite1724897904035.groovy:35)
Caused by: com.kms.katalon.core.webui.exception.WebElementNotFoundException: Web element with id: 'Object Repository/IWP30/Page_Confirmation/ConfirmButton' located by '//*[@type = 'submit' and @name = 'confirmNotifyAction' and @id = 'submitYes' and @value = 'Confirm']' not found
	at com.kms.katalon.core.webui.common.WebUiCommonHelper.findWebElement(WebUiCommonHelper.java:1381)
	at com.kms.katalon.core.webui.keyword.internal.WebUIAbstractKeyword.findWebElement(WebUIAbstractKeyword.groovy:27)
	at com.kms.katalon.core.webui.keyword.builtin.ClickKeyword$_click_closure1.doCall(ClickKeyword.groovy:65)
	at com.kms.katalon.core.webui.keyword.builtin.ClickKeyword$_click_closure1.call(ClickKeyword.groovy)
	at com.kms.katalon.core.webui.keyword.internal.WebUIKeywordMain.runKeyword(WebUIKeywordMain.groovy:20)
	at com.kms.katalon.core.webui.keyword.builtin.ClickKeyword.click(ClickKeyword.groovy:74)
	at com.kms.katalon.core.webui.keyword.builtin.ClickKeyword.execute(ClickKeyword.groovy:40)
	at com.kms.katalon.core.keyword.internal.KeywordExecutor.executeKeywordForPlatform(KeywordExecutor.groovy:74)
	at com.kms.katalon.core.webui.keyword.WebUiBuiltInKeywords.click(WebUiBuiltInKeywords.groovy:620)
	at com.kms.katalon.core.webui.keyword.WebUiBuiltInKeywords$click$3.call(Unknown Source)
	at Script1686782345568.run(Script1686782345568.groovy:84)
	... 13 more
)
[[ATTACHMENT|E:\\Cloned-Project-Katalon\\VPS-Katalon\\Reports\\20240828_221824\\QA\\IWP3.0\\IWP30 Smoke TestSuite\\20240828_221824\\1724898620090.png]]

2024-08-28 22:30:20 - [TEST_STEP][PASSED] - Thread.sleep(10000): null

2024-08-28 22:30:30 - [TEST_STEP][PASSED] - click(findTestObject("Object Repository/IWP30/Page_AcceptCF/input_convFeeNotifyAction")): Object: 'Object Repository/IWP30/Page_AcceptCF/input_convFeeNotifyAction' is clicked on

2024-08-28 22:31:01 - [MESSAGE][INFO] - Unable to find the element located by 'By.xpath: //*[@type = 'submit' and @name = 'convFeeNotifyAction' and @id = 'submitYes']'. Please recheck the objects properties to make sure the desired element is located. 

2024-08-28 22:31:01 - [MESSAGE][WARNING] - [SELF-HEALING] Failed to find element with id 'Object Repository/IWP30/Page_AcceptCF/input_convFeeNotifyAction'. Try using Self-healing.

2024-08-28 22:31:01 - [MESSAGE][WARNING] - [SELF-HEALING] The current locator of test object 'Object Repository/IWP30/Page_AcceptCF/input_convFeeNotifyAction' was broken. Propose an alternative one: '//div/input'.

2024-08-28 22:31:01 - [MESSAGE][PASSED] - Object: 'Object Repository/IWP30/Page_AcceptCF/input_convFeeNotifyAction' is clicked on

2024-08-28 22:31:01 - [TEST_STEP][PASSED] - Thread.sleep(10000): null

2024-08-28 22:31:11 - [TEST_STEP][FAILED] - if (verifyTextPresent("Successful Payment Receipt", false)): Text 'Successful Payment Receipt' is not present on page  (Root cause: com.kms.katalon.core.exception.StepFailedException: Text 'Successful Payment Receipt' is not present on page 
	at com.kms.katalon.core.webui.keyword.internal.WebUIKeywordMain.stepFailed(WebUIKeywordMain.groovy:64)
	at com.kms.katalon.core.webui.keyword.builtin.VerifyTextPresentKeyword$_verifyTextPresent_closure1.doCall(VerifyTextPresentKeyword.groovy:79)
	at com.kms.katalon.core.webui.keyword.builtin.VerifyTextPresentKeyword$_verifyTextPresent_closure1.call(VerifyTextPresentKeyword.groovy)
	at com.kms.katalon.core.webui.keyword.internal.WebUIKeywordMain.runKeyword(WebUIKeywordMain.groovy:20)
	at com.kms.katalon.core.webui.keyword.builtin.VerifyTextPresentKeyword.verifyTextPresent(VerifyTextPresentKeyword.groovy:83)
	at com.kms.katalon.core.webui.keyword.builtin.VerifyTextPresentKeyword.execute(VerifyTextPresentKeyword.groovy:68)
	at com.kms.katalon.core.keyword.internal.KeywordExecutor.executeKeywordForPlatform(KeywordExecutor.groovy:74)
	at com.kms.katalon.core.webui.keyword.WebUiBuiltInKeywords.verifyTextPresent(WebUiBuiltInKeywords.groovy:1723)
	at com.kms.katalon.core.webui.keyword.WebUiBuiltInKeywords$verifyTextPresent$8.call(Unknown Source)
	at PayNowSuccessfulPaymentSCFCC.run(PayNowSuccessfulPaymentSCFCC:94)
	at com.kms.katalon.core.main.ScriptEngine.run(ScriptEngine.java:194)
	at com.kms.katalon.core.main.ScriptEngine.runScriptAsRawText(ScriptEngine.java:119)
	at com.kms.katalon.core.main.TestCaseExecutor.runScript(TestCaseExecutor.java:448)
	at com.kms.katalon.core.main.TestCaseExecutor.doExecute(TestCaseExecutor.java:439)
	at com.kms.katalon.core.main.TestCaseExecutor.processExecutionPhase(TestCaseExecutor.java:418)
	at com.kms.katalon.core.main.TestCaseExecutor.accessMainPhase(TestCaseExecutor.java:410)
	at com.kms.katalon.core.main.TestCaseExecutor.execute(TestCaseExecutor.java:285)
	at com.kms.katalon.core.common.CommonExecutor.accessTestCaseMainPhase(CommonExecutor.java:65)
	at com.kms.katalon.core.main.TestSuiteExecutor.accessTestSuiteMainPhase(TestSuiteExecutor.java:148)
	at com.kms.katalon.core.main.TestSuiteExecutor.execute(TestSuiteExecutor.java:106)
	at com.kms.katalon.core.main.TestCaseMain.startTestSuite(TestCaseMain.java:187)
	at com.kms.katalon.core.main.TestCaseMain$startTestSuite$0.call(Unknown Source)
	at TempTestSuite1724897904035.run(TempTestSuite1724897904035.groovy:35)
)

2024-08-28 22:31:12 - [MESSAGE][FAILED] - Text 'Successful Payment Receipt' is not present on page  (Root cause: com.kms.katalon.core.exception.StepFailedException: Text 'Successful Payment Receipt' is not present on page 
	at com.kms.katalon.core.webui.keyword.internal.WebUIKeywordMain.stepFailed(WebUIKeywordMain.groovy:64)
	at com.kms.katalon.core.webui.keyword.builtin.VerifyTextPresentKeyword$_verifyTextPresent_closure1.doCall(VerifyTextPresentKeyword.groovy:79)
	at com.kms.katalon.core.webui.keyword.builtin.VerifyTextPresentKeyword$_verifyTextPresent_closure1.call(VerifyTextPresentKeyword.groovy)
	at com.kms.katalon.core.webui.keyword.internal.WebUIKeywordMain.runKeyword(WebUIKeywordMain.groovy:20)
	at com.kms.katalon.core.webui.keyword.builtin.VerifyTextPresentKeyword.verifyTextPresent(VerifyTextPresentKeyword.groovy:83)
	at com.kms.katalon.core.webui.keyword.builtin.VerifyTextPresentKeyword.execute(VerifyTextPresentKeyword.groovy:68)
	at com.kms.katalon.core.keyword.internal.KeywordExecutor.executeKeywordForPlatform(KeywordExecutor.groovy:74)
	at com.kms.katalon.core.webui.keyword.WebUiBuiltInKeywords.verifyTextPresent(WebUiBuiltInKeywords.groovy:1723)
	at com.kms.katalon.core.webui.keyword.WebUiBuiltInKeywords$verifyTextPresent$8.call(Unknown Source)
	at PayNowSuccessfulPaymentSCFCC.run(PayNowSuccessfulPaymentSCFCC:94)
	at com.kms.katalon.core.main.ScriptEngine.run(ScriptEngine.java:194)
	at com.kms.katalon.core.main.ScriptEngine.runScriptAsRawText(ScriptEngine.java:119)
	at com.kms.katalon.core.main.TestCaseExecutor.runScript(TestCaseExecutor.java:448)
	at com.kms.katalon.core.main.TestCaseExecutor.doExecute(TestCaseExecutor.java:439)
	at com.kms.katalon.core.main.TestCaseExecutor.processExecutionPhase(TestCaseExecutor.java:418)
	at com.kms.katalon.core.main.TestCaseExecutor.accessMainPhase(TestCaseExecutor.java:410)
	at com.kms.katalon.core.main.TestCaseExecutor.execute(TestCaseExecutor.java:285)
	at com.kms.katalon.core.common.CommonExecutor.accessTestCaseMainPhase(CommonExecutor.java:65)
	at com.kms.katalon.core.main.TestSuiteExecutor.accessTestSuiteMainPhase(TestSuiteExecutor.java:148)
	at com.kms.katalon.core.main.TestSuiteExecutor.execute(TestSuiteExecutor.java:106)
	at com.kms.katalon.core.main.TestCaseMain.startTestSuite(TestCaseMain.java:187)
	at com.kms.katalon.core.main.TestCaseMain$startTestSuite$0.call(Unknown Source)
	at TempTestSuite1724897904035.run(TempTestSuite1724897904035.groovy:35)
)

2024-08-28 22:31:12 - [TEST_STEP][FAILED] - else: null

2024-08-28 22:31:12 - [TEST_STEP][PASSED] - println("Successful Payment Receipt text is not present on the Receipt page"): null

2024-08-28 22:31:12 - [TEST_STEP][FAILED] - markFailed("Error on Page is : " + getText(findTestObject("Object Repository/IWP30/Page_Receipt/div_ReceiptSourceCode"))): Error on Page is : Make a Real Estate Payment
Lorem ipsum dolor sit amet, consectetuer adipiscing elit, sed diam nonummy nibh euismod tincidunt ut laoreet dolore magna aliquam erat volutpat. Ut wisi enim ad minim veniam, quis nostrud exerci tation ullamcorper suscipit lobortis nisl ut aliquip ex ea commodo consequat.
  Required fields are highlighted with an asterisk.
  Please enter the following information about your payment:
  Tax Amount: $0.00
  Amount:*  $
  UDF1 Label:  udf data 1
  UDF2 Label: 
  UDF3 Label:* 
  UDF4 Label:*  udf data 4
  UDF6 Label:  udf data 6
  UDF7 Label: 
--Select One--
Orange
Purple

  UDF8 Label:* 
--Select One--
Soccer
Tennis

UDF8 Label is required
  UDF9 Label:*  udf data 9
 
Please enter the following information about your payment method:
  Cardholder's Name:* 
  Cards Accepted: 
  Card Number:* 
  Card Security Code:* 
  Expiration Date:*  
     
MM
  
     01
  
     02
  
     03
  
     04
  
     05
  
     06
  
     07
  
     08
  
     09
  
     10
  
     11
  
     12
  
     
     YYYY
  
     2024
  
     2025
  
     2026
  
     2027
  
     2028
  
     2029
  
     2030
  
     2031
  
     2032
  
     2033
  
     2034
  
     2035
  
     2036
  
     2037
  
     2038
  
     2039
  
    
  Payment Date:*


 
Billing Information:
  Address Line 1:* 
  Address Line 2: 
  Country:*  
      
  
United States
    
  ZIP Code:* 
  City: 
  State:  
     
  
     
  
     
  
     
  
     
  
     
  
     
  
     
  
     
  
     
  
     
  
     
  
     
  
     
  
     
  
     
  
     
  
     
  
     
  
     
  
     
  
     
  
     
  
     
  
     
  
     
  
     
  
     
  
     
  
     
  
     
  
     
  
     
  
     
  
     
  
     
  
     
  
     
  
     
  
     
  
     
  
     
  
     
  
     
  
     
  
     
  
     
  
     
  
     
  
     
  
     
  
     
  
     
  
     
  
     
  
     
  
     
  
     
  
     
  
     
  
     
  
     
  
     
  
     
  
     
  
     
  
    
--Select One--
Armed Forces Americas
Armed Forces Europe
Armed Forces Canada
Armed Forces Africa
Armed Forces Middle East
Armed Forces Pacific
Alabama
Alaska
American Samoa
Arizona
Arkansas
California
Colorado
Connecticut
Delaware
District of Columbia
Federated States of Micronesia
Florida
Georgia
Guam
Hawaii
Idaho
Illinois
Indiana
Iowa
Kansas
Kentucky
Louisiana
Maine
Maryland
Massachusetts
Michigan
Minnesota
Mississippi
Missouri
Montana
Nebraska
Nevada
New Hampshire
New Jersey
New Mexico
New York
North Carolina
North Dakota
Northern Mariana Islands
Ohio
Oklahoma
Oregon
Palau
Pennsylvania
Puerto Rico
Rhode Island
South Carolina
South Dakota
Tennessee
Texas
Utah
Vermont
Virgin Islands
Virginia
Washington
West Virginia
Wisconsin
Wyoming
Marshall Island

 
Receipt Information:
  Email Address:* 
 
  Please check here to store the payment method for future use.

    These are Customer CC Terms
    These are CC Custom HTML

2024-08-28 22:31:12 - [MESSAGE][PASSED] - Text of object 'Object Repository/IWP30/Page_Receipt/div_ReceiptSourceCode' is: 'Make a Real Estate Payment
Lorem ipsum dolor sit amet, consectetuer adipiscing elit, sed diam nonummy nibh euismod tincidunt ut laoreet dolore magna aliquam erat volutpat. Ut wisi enim ad minim veniam, quis nostrud exerci tation ullamcorper suscipit lobortis nisl ut aliquip ex ea commodo consequat.
  Required fields are highlighted with an asterisk.
  Please enter the following information about your payment:
  Tax Amount: $0.00
  Amount:*  $
  UDF1 Label:  udf data 1
  UDF2 Label: 
  UDF3 Label:* 
  UDF4 Label:*  udf data 4
  UDF6 Label:  udf data 6
  UDF7 Label: 
--Select One--
Orange
Purple

  UDF8 Label:* 
--Select One--
Soccer
Tennis

UDF8 Label is required
  UDF9 Label:*  udf data 9
 
Please enter the following information about your payment method:
  Cardholder's Name:* 
  Cards Accepted: 
  Card Number:* 
  Card Security Code:* 
  Expiration Date:*  
     
MM
  
     01
  
     02
  
     03
  
     04
  
     05
  
     06
  
     07
  
     08
  
     09
  
     10
  
     11
  
     12
  
     
     YYYY
  
     2024
  
     2025
  
     2026
  
     2027
  
     2028
  
     2029
  
     2030
  
     2031
  
     2032
  
     2033
  
     2034
  
     2035
  
     2036
  
     2037
  
     2038
  
     2039
  
    
  Payment Date:*


 
Billing Information:
  Address Line 1:* 
  Address Line 2: 
  Country:*  
      
  
United States
    
  ZIP Code:* 
  City: 
  State:  
     
  
     
  
     
  
     
  
     
  
     
  
     
  
     
  
     
  
     
  
     
  
     
  
     
  
     
  
     
  
     
  
     
  
     
  
     
  
     
  
     
  
     
  
     
  
     
  
     
  
     
  
     
  
     
  
     
  
     
  
     
  
     
  
     
  
     
  
     
  
     
  
     
  
     
  
     
  
     
  
     
  
     
  
     
  
     
  
     
  
     
  
     
  
     
  
     
  
     
  
     
  
     
  
     
  
     
  
     
  
     
  
     
  
     
  
     
  
     
  
     
  
     
  
     
  
     
  
     
  
     
  
    
--Select One--
Armed Forces Americas
Armed Forces Europe
Armed Forces Canada
Armed Forces Africa
Armed Forces Middle East
Armed Forces Pacific
Alabama
Alaska
American Samoa
Arizona
Arkansas
California
Colorado
Connecticut
Delaware
District of Columbia
Federated States of Micronesia
Florida
Georgia
Guam
Hawaii
Idaho
Illinois
Indiana
Iowa
Kansas
Kentucky
Louisiana
Maine
Maryland
Massachusetts
Michigan
Minnesota
Mississippi
Missouri
Montana
Nebraska
Nevada
New Hampshire
New Jersey
New Mexico
New York
North Carolina
North Dakota
Northern Mariana Islands
Ohio
Oklahoma
Oregon
Palau
Pennsylvania
Puerto Rico
Rhode Island
South Carolina
South Dakota
Tennessee
Texas
Utah
Vermont
Virgin Islands
Virginia
Washington
West Virginia
Wisconsin
Wyoming
Marshall Island

 
Receipt Information:
  Email Address:* 
 
  Please check here to store the payment method for future use.

    These are Customer CC Terms
    These are CC Custom HTML'

2024-08-28 22:31:12 - [MESSAGE][FAILED] - Error on Page is : Make a Real Estate Payment
Lorem ipsum dolor sit amet, consectetuer adipiscing elit, sed diam nonummy nibh euismod tincidunt ut laoreet dolore magna aliquam erat volutpat. Ut wisi enim ad minim veniam, quis nostrud exerci tation ullamcorper suscipit lobortis nisl ut aliquip ex ea commodo consequat.
  Required fields are highlighted with an asterisk.
  Please enter the following information about your payment:
  Tax Amount: $0.00
  Amount:*  $
  UDF1 Label:  udf data 1
  UDF2 Label: 
  UDF3 Label:* 
  UDF4 Label:*  udf data 4
  UDF6 Label:  udf data 6
  UDF7 Label: 
--Select One--
Orange
Purple

  UDF8 Label:* 
--Select One--
Soccer
Tennis

UDF8 Label is required
  UDF9 Label:*  udf data 9
 
Please enter the following information about your payment method:
  Cardholder's Name:* 
  Cards Accepted: 
  Card Number:* 
  Card Security Code:* 
  Expiration Date:*  
     
MM
  
     01
  
     02
  
     03
  
     04
  
     05
  
     06
  
     07
  
     08
  
     09
  
     10
  
     11
  
     12
  
     
     YYYY
  
     2024
  
     2025
  
     2026
  
     2027
  
     2028
  
     2029
  
     2030
  
     2031
  
     2032
  
     2033
  
     2034
  
     2035
  
     2036
  
     2037
  
     2038
  
     2039
  
    
  Payment Date:*


 
Billing Information:
  Address Line 1:* 
  Address Line 2: 
  Country:*  
      
  
United States
    
  ZIP Code:* 
  City: 
  State:  
     
  
     
  
     
  
     
  
     
  
     
  
     
  
     
  
     
  
     
  
     
  
     
  
     
  
     
  
     
  
     
  
     
  
     
  
     
  
     
  
     
  
     
  
     
  
     
  
     
  
     
  
     
  
     
  
     
  
     
  
     
  
     
  
     
  
     
  
     
  
     
  
     
  
     
  
     
  
     
  
     
  
     
  
     
  
     
  
     
  
     
  
     
  
     
  
     
  
     
  
     
  
     
  
     
  
     
  
     
  
     
  
     
  
     
  
     
  
     
  
     
  
     
  
     
  
     
  
     
  
     
  
    
--Select One--
Armed Forces Americas
Armed Forces Europe
Armed Forces Canada
Armed Forces Africa
Armed Forces Middle East
Armed Forces Pacific
Alabama
Alaska
American Samoa
Arizona
Arkansas
California
Colorado
Connecticut
Delaware
District of Columbia
Federated States of Micronesia
Florida
Georgia
Guam
Hawaii
Idaho
Illinois
Indiana
Iowa
Kansas
Kentucky
Louisiana
Maine
Maryland
Massachusetts
Michigan
Minnesota
Mississippi
Missouri
Montana
Nebraska
Nevada
New Hampshire
New Jersey
New Mexico
New York
North Carolina
North Dakota
Northern Mariana Islands
Ohio
Oklahoma
Oregon
Palau
Pennsylvania
Puerto Rico
Rhode Island
South Carolina
South Dakota
Tennessee
Texas
Utah
Vermont
Virgin Islands
Virginia
Washington
West Virginia
Wisconsin
Wyoming
Marshall Island

 
Receipt Information:
  Email Address:* 
 
  Please check here to store the payment method for future use.

    These are Customer CC Terms
    These are CC Custom HTML

2024-08-28 22:31:12 - [TEST_STEP][PASSED] - resText = "Fail": null

2024-08-28 22:31:12 - [TEST_STEP][PASSED] - pages.WriteExcel.demoKey(resText, datText, resColumn, datCloumn, fileLoc, nameSheet, row): pages.WriteExcel.demoKey is PASSED

2024-08-28 22:31:12 - [MESSAGE][PASSED] - pages.WriteExcel.demoKey is PASSED

2024-08-28 22:31:12 - [TEST_STEP][PASSED] - println(getText(findTestObject("Object Repository/IWP30/Page_Receipt/div_ReceiptSourceCode"))): Text of object 'Object Repository/IWP30/Page_Receipt/div_ReceiptSourceCode' is: 'Make a Real Estate Payment
Lorem ipsum dolor sit amet, consectetuer adipiscing elit, sed diam nonummy nibh euismod tincidunt ut laoreet dolore magna aliquam erat volutpat. Ut wisi enim ad minim veniam, quis nostrud exerci tation ullamcorper suscipit lobortis nisl ut aliquip ex ea commodo consequat.
  Required fields are highlighted with an asterisk.
  Please enter the following information about your payment:
  Tax Amount: $0.00
  Amount:*  $
  UDF1 Label:  udf data 1
  UDF2 Label: 
  UDF3 Label:* 
  UDF4 Label:*  udf data 4
  UDF6 Label:  udf data 6
  UDF7 Label: 
--Select One--
Orange
Purple

  UDF8 Label:* 
--Select One--
Soccer
Tennis

UDF8 Label is required
  UDF9 Label:*  udf data 9
 
Please enter the following information about your payment method:
  Cardholder's Name:* 
  Cards Accepted: 
  Card Number:* 
  Card Security Code:* 
  Expiration Date:*  
     
MM
  
     01
  
     02
  
     03
  
     04
  
     05
  
     06
  
     07
  
     08
  
     09
  
     10
  
     11
  
     12
  
     
     YYYY
  
     2024
  
     2025
  
     2026
  
     2027
  
     2028
  
     2029
  
     2030
  
     2031
  
     2032
  
     2033
  
     2034
  
     2035
  
     2036
  
     2037
  
     2038
  
     2039
  
    
  Payment Date:*


 
Billing Information:
  Address Line 1:* 
  Address Line 2: 
  Country:*  
      
  
United States
    
  ZIP Code:* 
  City: 
  State:  
     
  
     
  
     
  
     
  
     
  
     
  
     
  
     
  
     
  
     
  
     
  
     
  
     
  
     
  
     
  
     
  
     
  
     
  
     
  
     
  
     
  
     
  
     
  
     
  
     
  
     
  
     
  
     
  
     
  
     
  
     
  
     
  
     
  
     
  
     
  
     
  
     
  
     
  
     
  
     
  
     
  
     
  
     
  
     
  
     
  
     
  
     
  
     
  
     
  
     
  
     
  
     
  
     
  
     
  
     
  
     
  
     
  
     
  
     
  
     
  
     
  
     
  
     
  
     
  
     
  
     
  
    
--Select One--
Armed Forces Americas
Armed Forces Europe
Armed Forces Canada
Armed Forces Africa
Armed Forces Middle East
Armed Forces Pacific
Alabama
Alaska
American Samoa
Arizona
Arkansas
California
Colorado
Connecticut
Delaware
District of Columbia
Federated States of Micronesia
Florida
Georgia
Guam
Hawaii
Idaho
Illinois
Indiana
Iowa
Kansas
Kentucky
Louisiana
Maine
Maryland
Massachusetts
Michigan
Minnesota
Mississippi
Missouri
Montana
Nebraska
Nevada
New Hampshire
New Jersey
New Mexico
New York
North Carolina
North Dakota
Northern Mariana Islands
Ohio
Oklahoma
Oregon
Palau
Pennsylvania
Puerto Rico
Rhode Island
South Carolina
South Dakota
Tennessee
Texas
Utah
Vermont
Virgin Islands
Virginia
Washington
West Virginia
Wisconsin
Wyoming
Marshall Island

 
Receipt Information:
  Email Address:* 
 
  Please check here to store the payment method for future use.

    These are Customer CC Terms
    These are CC Custom HTML'

2024-08-28 22:31:13 - [MESSAGE][PASSED] - Text of object 'Object Repository/IWP30/Page_Receipt/div_ReceiptSourceCode' is: 'Make a Real Estate Payment
Lorem ipsum dolor sit amet, consectetuer adipiscing elit, sed diam nonummy nibh euismod tincidunt ut laoreet dolore magna aliquam erat volutpat. Ut wisi enim ad minim veniam, quis nostrud exerci tation ullamcorper suscipit lobortis nisl ut aliquip ex ea commodo consequat.
  Required fields are highlighted with an asterisk.
  Please enter the following information about your payment:
  Tax Amount: $0.00
  Amount:*  $
  UDF1 Label:  udf data 1
  UDF2 Label: 
  UDF3 Label:* 
  UDF4 Label:*  udf data 4
  UDF6 Label:  udf data 6
  UDF7 Label: 
--Select One--
Orange
Purple

  UDF8 Label:* 
--Select One--
Soccer
Tennis

UDF8 Label is required
  UDF9 Label:*  udf data 9
 
Please enter the following information about your payment method:
  Cardholder's Name:* 
  Cards Accepted: 
  Card Number:* 
  Card Security Code:* 
  Expiration Date:*  
     
MM
  
     01
  
     02
  
     03
  
     04
  
     05
  
     06
  
     07
  
     08
  
     09
  
     10
  
     11
  
     12
  
     
     YYYY
  
     2024
  
     2025
  
     2026
  
     2027
  
     2028
  
     2029
  
     2030
  
     2031
  
     2032
  
     2033
  
     2034
  
     2035
  
     2036
  
     2037
  
     2038
  
     2039
  
    
  Payment Date:*


 
Billing Information:
  Address Line 1:* 
  Address Line 2: 
  Country:*  
      
  
United States
    
  ZIP Code:* 
  City: 
  State:  
     
  
     
  
     
  
     
  
     
  
     
  
     
  
     
  
     
  
     
  
     
  
     
  
     
  
     
  
     
  
     
  
     
  
     
  
     
  
     
  
     
  
     
  
     
  
     
  
     
  
     
  
     
  
     
  
     
  
     
  
     
  
     
  
     
  
     
  
     
  
     
  
     
  
     
  
     
  
     
  
     
  
     
  
     
  
     
  
     
  
     
  
     
  
     
  
     
  
     
  
     
  
     
  
     
  
     
  
     
  
     
  
     
  
     
  
     
  
     
  
     
  
     
  
     
  
     
  
     
  
     
  
    
--Select One--
Armed Forces Americas
Armed Forces Europe
Armed Forces Canada
Armed Forces Africa
Armed Forces Middle East
Armed Forces Pacific
Alabama
Alaska
American Samoa
Arizona
Arkansas
California
Colorado
Connecticut
Delaware
District of Columbia
Federated States of Micronesia
Florida
Georgia
Guam
Hawaii
Idaho
Illinois
Indiana
Iowa
Kansas
Kentucky
Louisiana
Maine
Maryland
Massachusetts
Michigan
Minnesota
Mississippi
Missouri
Montana
Nebraska
Nevada
New Hampshire
New Jersey
New Mexico
New York
North Carolina
North Dakota
Northern Mariana Islands
Ohio
Oklahoma
Oregon
Palau
Pennsylvania
Puerto Rico
Rhode Island
South Carolina
South Dakota
Tennessee
Texas
Utah
Vermont
Virgin Islands
Virginia
Washington
West Virginia
Wisconsin
Wyoming
Marshall Island

 
Receipt Information:
  Email Address:* 
 
  Please check here to store the payment method for future use.

    These are Customer CC Terms
    These are CC Custom HTML']]></system-out>
         <system-err><![CDATA[2024-08-28 22:22:30 - [TEST_CASE][FAILED] - Test Cases/IntegratedWeb/IWP30/Payments/PayNowSuccessfulPaymentSCFCC: Test Cases/IntegratedWeb/IWP30/Payments/PayNowSuccessfulPaymentSCFCC FAILED.
Reason:
com.kms.katalon.core.exception.StepFailedException: Unable to click on object 'Object Repository/IWP30/Page_Confirmation/ConfirmButton' (Root cause: com.kms.katalon.core.exception.StepFailedException: Unable to click on object 'Object Repository/IWP30/Page_Confirmation/ConfirmButton'
	at com.kms.katalon.core.webui.keyword.internal.WebUIKeywordMain.stepFailed(WebUIKeywordMain.groovy:64)
	at com.kms.katalon.core.webui.keyword.internal.WebUIKeywordMain.runKeyword(WebUIKeywordMain.groovy:26)
	at com.kms.katalon.core.webui.keyword.builtin.ClickKeyword.click(ClickKeyword.groovy:74)
	at com.kms.katalon.core.webui.keyword.builtin.ClickKeyword.execute(ClickKeyword.groovy:40)
	at com.kms.katalon.core.keyword.internal.KeywordExecutor.executeKeywordForPlatform(KeywordExecutor.groovy:74)
	at com.kms.katalon.core.webui.keyword.WebUiBuiltInKeywords.click(WebUiBuiltInKeywords.groovy:620)
	at com.kms.katalon.core.webui.keyword.WebUiBuiltInKeywords$click$3.call(Unknown Source)
	at PayNowSuccessfulPaymentSCFCC.run(PayNowSuccessfulPaymentSCFCC:84)
	at com.kms.katalon.core.main.ScriptEngine.run(ScriptEngine.java:194)
	at com.kms.katalon.core.main.ScriptEngine.runScriptAsRawText(ScriptEngine.java:119)
	at com.kms.katalon.core.main.TestCaseExecutor.runScript(TestCaseExecutor.java:448)
	at com.kms.katalon.core.main.TestCaseExecutor.doExecute(TestCaseExecutor.java:439)
	at com.kms.katalon.core.main.TestCaseExecutor.processExecutionPhase(TestCaseExecutor.java:418)
	at com.kms.katalon.core.main.TestCaseExecutor.accessMainPhase(TestCaseExecutor.java:410)
	at com.kms.katalon.core.main.TestCaseExecutor.execute(TestCaseExecutor.java:285)
	at com.kms.katalon.core.common.CommonExecutor.accessTestCaseMainPhase(CommonExecutor.java:65)
	at com.kms.katalon.core.main.TestSuiteExecutor.accessTestSuiteMainPhase(TestSuiteExecutor.java:148)
	at com.kms.katalon.core.main.TestSuiteExecutor.execute(TestSuiteExecutor.java:106)
	at com.kms.katalon.core.main.TestCaseMain.startTestSuite(TestCaseMain.java:187)
	at com.kms.katalon.core.main.TestCaseMain$startTestSuite$0.call(Unknown Source)
	at TempTestSuite1724897904035.run(TempTestSuite1724897904035.groovy:35)
Caused by: com.kms.katalon.core.webui.exception.WebElementNotFoundException: Web element with id: 'Object Repository/IWP30/Page_Confirmation/ConfirmButton' located by '//*[@type = 'submit' and @name = 'confirmNotifyAction' and @id = 'submitYes' and @value = 'Confirm']' not found
	at com.kms.katalon.core.webui.common.WebUiCommonHelper.findWebElement(WebUiCommonHelper.java:1381)
	at com.kms.katalon.core.webui.keyword.internal.WebUIAbstractKeyword.findWebElement(WebUIAbstractKeyword.groovy:27)
	at com.kms.katalon.core.webui.keyword.builtin.ClickKeyword$_click_closure1.doCall(ClickKeyword.groovy:65)
	at com.kms.katalon.core.webui.keyword.builtin.ClickKeyword$_click_closure1.call(ClickKeyword.groovy)
	at com.kms.katalon.core.webui.keyword.internal.WebUIKeywordMain.runKeyword(WebUIKeywordMain.groovy:20)
	at com.kms.katalon.core.webui.keyword.builtin.ClickKeyword.click(ClickKeyword.groovy:74)
	at com.kms.katalon.core.webui.keyword.builtin.ClickKeyword.execute(ClickKeyword.groovy:40)
	at com.kms.katalon.core.keyword.internal.KeywordExecutor.executeKeywordForPlatform(KeywordExecutor.groovy:74)
	at com.kms.katalon.core.webui.keyword.WebUiBuiltInKeywords.click(WebUiBuiltInKeywords.groovy:620)
	at com.kms.katalon.core.webui.keyword.WebUiBuiltInKeywords$click$3.call(Unknown Source)
	at Script1686782345568.run(Script1686782345568.groovy:84)
	... 13 more
)
	at com.kms.katalon.core.keyword.internal.KeywordMain.stepFailed(KeywordMain.groovy:39)
	at com.kms.katalon.core.webui.keyword.internal.WebUIKeywordMain.stepFailed(WebUIKeywordMain.groovy:64)
	at com.kms.katalon.core.webui.keyword.internal.WebUIKeywordMain.runKeyword(WebUIKeywordMain.groovy:26)
	at com.kms.katalon.core.webui.keyword.builtin.ClickKeyword.click(ClickKeyword.groovy:74)
	at com.kms.katalon.core.webui.keyword.builtin.ClickKeyword.execute(ClickKeyword.groovy:40)
	at com.kms.katalon.core.keyword.internal.KeywordExecutor.executeKeywordForPlatform(KeywordExecutor.groovy:74)
	at com.kms.katalon.core.webui.keyword.WebUiBuiltInKeywords.click(WebUiBuiltInKeywords.groovy:620)
	at com.kms.katalon.core.webui.keyword.WebUiBuiltInKeywords$click$3.call(Unknown Source)
	at PayNowSuccessfulPaymentSCFCC.run(PayNowSuccessfulPaymentSCFCC:84)
	at com.kms.katalon.core.main.ScriptEngine.run(ScriptEngine.java:194)
	at com.kms.katalon.core.main.ScriptEngine.runScriptAsRawText(ScriptEngine.java:119)
	at com.kms.katalon.core.main.TestCaseExecutor.runScript(TestCaseExecutor.java:448)
	at com.kms.katalon.core.main.TestCaseExecutor.doExecute(TestCaseExecutor.java:439)
	at com.kms.katalon.core.main.TestCaseExecutor.processExecutionPhase(TestCaseExecutor.java:418)
	at com.kms.katalon.core.main.TestCaseExecutor.accessMainPhase(TestCaseExecutor.java:410)
	at com.kms.katalon.core.main.TestCaseExecutor.execute(TestCaseExecutor.java:285)
	at com.kms.katalon.core.common.CommonExecutor.accessTestCaseMainPhase(CommonExecutor.java:65)
	at com.kms.katalon.core.main.TestSuiteExecutor.accessTestSuiteMainPhase(TestSuiteExecutor.java:148)
	at com.kms.katalon.core.main.TestSuiteExecutor.execute(TestSuiteExecutor.java:106)
	at com.kms.katalon.core.main.TestCaseMain.startTestSuite(TestCaseMain.java:187)
	at com.kms.katalon.core.main.TestCaseMain$startTestSuite$0.call(Unknown Source)
	at TempTestSuite1724897904035.run(TempTestSuite1724897904035.groovy:35)
Caused by: com.kms.katalon.core.exception.StepFailedException: Unable to click on object 'Object Repository/IWP30/Page_Confirmation/ConfirmButton'
	... 21 more
Caused by: com.kms.katalon.core.webui.exception.WebElementNotFoundException: Web element with id: 'Object Repository/IWP30/Page_Confirmation/ConfirmButton' located by '//*[@type = 'submit' and @name = 'confirmNotifyAction' and @id = 'submitYes' and @value = 'Confirm']' not found
	at com.kms.katalon.core.webui.common.WebUiCommonHelper.findWebElement(WebUiCommonHelper.java:1381)
	at com.kms.katalon.core.webui.keyword.internal.WebUIAbstractKeyword.findWebElement(WebUIAbstractKeyword.groovy:27)
	at com.kms.katalon.core.webui.keyword.builtin.ClickKeyword$_click_closure1.doCall(ClickKeyword.groovy:65)
	at com.kms.katalon.core.webui.keyword.builtin.ClickKeyword$_click_closure1.call(ClickKeyword.groovy)
	at com.kms.katalon.core.webui.keyword.internal.WebUIKeywordMain.runKeyword(WebUIKeywordMain.groovy:20)
	... 19 more]]></system-err>
      </testcase>
      <testcase name="Test Cases/IntegratedWeb/IWP30/Payments/PayNowSuccessfulPaymentDCFCC" time="521.915" classname="Test Cases/IntegratedWeb/IWP30/Payments/PayNowSuccessfulPaymentDCFCC" status="FAILED">
         <failure type="FAILED" message="Test Cases/IntegratedWeb/IWP30/Payments/PayNowSuccessfulPaymentDCFCC FAILED.
Reason:
com.kms.katalon.core.exception.StepFailedException: Unable to click on object 'Object Repository/IWP30/Page_Confirmation/ConfirmButton' (Root cause: com.kms.katalon.core.exception.StepFailedException: Unable to click on object 'Object Repository/IWP30/Page_Confirmation/ConfirmButton'
	at com.kms.katalon.core.webui.keyword.internal.WebUIKeywordMain.stepFailed(WebUIKeywordMain.groovy:64)
	at com.kms.katalon.core.webui.keyword.internal.WebUIKeywordMain.runKeyword(WebUIKeywordMain.groovy:26)
	at com.kms.katalon.core.webui.keyword.builtin.ClickKeyword.click(ClickKeyword.groovy:74)
	at com.kms.katalon.core.webui.keyword.builtin.ClickKeyword.execute(ClickKeyword.groovy:40)
	at com.kms.katalon.core.keyword.internal.KeywordExecutor.executeKeywordForPlatform(KeywordExecutor.groovy:74)
	at com.kms.katalon.core.webui.keyword.WebUiBuiltInKeywords.click(WebUiBuiltInKeywords.groovy:620)
	at com.kms.katalon.core.webui.keyword.WebUiBuiltInKeywords$click$3.call(Unknown Source)
	at PayNowSuccessfulPaymentDCFCC.run(PayNowSuccessfulPaymentDCFCC:84)
	at com.kms.katalon.core.main.ScriptEngine.run(ScriptEngine.java:194)
	at com.kms.katalon.core.main.ScriptEngine.runScriptAsRawText(ScriptEngine.java:119)
	at com.kms.katalon.core.main.TestCaseExecutor.runScript(TestCaseExecutor.java:448)
	at com.kms.katalon.core.main.TestCaseExecutor.doExecute(TestCaseExecutor.java:439)
	at com.kms.katalon.core.main.TestCaseExecutor.processExecutionPhase(TestCaseExecutor.java:418)
	at com.kms.katalon.core.main.TestCaseExecutor.accessMainPhase(TestCaseExecutor.java:410)
	at com.kms.katalon.core.main.TestCaseExecutor.execute(TestCaseExecutor.java:285)
	at com.kms.katalon.core.common.CommonExecutor.accessTestCaseMainPhase(CommonExecutor.java:65)
	at com.kms.katalon.core.main.TestSuiteExecutor.accessTestSuiteMainPhase(TestSuiteExecutor.java:148)
	at com.kms.katalon.core.main.TestSuiteExecutor.execute(TestSuiteExecutor.java:106)
	at com.kms.katalon.core.main.TestCaseMain.startTestSuite(TestCaseMain.java:187)
	at com.kms.katalon.core.main.TestCaseMain$startTestSuite$0.call(Unknown Source)
	at TempTestSuite1724897904035.run(TempTestSuite1724897904035.groovy:35)
Caused by: com.kms.katalon.core.webui.exception.WebElementNotFoundException: Web element with id: 'Object Repository/IWP30/Page_Confirmation/ConfirmButton' located by '//*[@type = 'submit' and @name = 'confirmNotifyAction' and @id = 'submitYes' and @value = 'Confirm']' not found
	at com.kms.katalon.core.webui.common.WebUiCommonHelper.findWebElement(WebUiCommonHelper.java:1381)
	at com.kms.katalon.core.webui.keyword.internal.WebUIAbstractKeyword.findWebElement(WebUIAbstractKeyword.groovy:27)
	at com.kms.katalon.core.webui.keyword.builtin.ClickKeyword$_click_closure1.doCall(ClickKeyword.groovy:65)
	at com.kms.katalon.core.webui.keyword.builtin.ClickKeyword$_click_closure1.call(ClickKeyword.groovy)
	at com.kms.katalon.core.webui.keyword.internal.WebUIKeywordMain.runKeyword(WebUIKeywordMain.groovy:20)
	at com.kms.katalon.core.webui.keyword.builtin.ClickKeyword.click(ClickKeyword.groovy:74)
	at com.kms.katalon.core.webui.keyword.builtin.ClickKeyword.execute(ClickKeyword.groovy:40)
	at com.kms.katalon.core.keyword.internal.KeywordExecutor.executeKeywordForPlatform(KeywordExecutor.groovy:74)
	at com.kms.katalon.core.webui.keyword.WebUiBuiltInKeywords.click(WebUiBuiltInKeywords.groovy:620)
	at com.kms.katalon.core.webui.keyword.WebUiBuiltInKeywords$click$3.call(Unknown Source)
	at Script1686784733865.run(Script1686784733865.groovy:84)
	... 13 more
)
	at com.kms.katalon.core.keyword.internal.KeywordMain.stepFailed(KeywordMain.groovy:39)
	at com.kms.katalon.core.webui.keyword.internal.WebUIKeywordMain.stepFailed(WebUIKeywordMain.groovy:64)
	at com.kms.katalon.core.webui.keyword.internal.WebUIKeywordMain.runKeyword(WebUIKeywordMain.groovy:26)
	at com.kms.katalon.core.webui.keyword.builtin.ClickKeyword.click(ClickKeyword.groovy:74)
	at com.kms.katalon.core.webui.keyword.builtin.ClickKeyword.execute(ClickKeyword.groovy:40)
	at com.kms.katalon.core.keyword.internal.KeywordExecutor.executeKeywordForPlatform(KeywordExecutor.groovy:74)
	at com.kms.katalon.core.webui.keyword.WebUiBuiltInKeywords.click(WebUiBuiltInKeywords.groovy:620)
	at com.kms.katalon.core.webui.keyword.WebUiBuiltInKeywords$click$3.call(Unknown Source)
	at PayNowSuccessfulPaymentDCFCC.run(PayNowSuccessfulPaymentDCFCC:84)
	at com.kms.katalon.core.main.ScriptEngine.run(ScriptEngine.java:194)
	at com.kms.katalon.core.main.ScriptEngine.runScriptAsRawText(ScriptEngine.java:119)
	at com.kms.katalon.core.main.TestCaseExecutor.runScript(TestCaseExecutor.java:448)
	at com.kms.katalon.core.main.TestCaseExecutor.doExecute(TestCaseExecutor.java:439)
	at com.kms.katalon.core.main.TestCaseExecutor.processExecutionPhase(TestCaseExecutor.java:418)
	at com.kms.katalon.core.main.TestCaseExecutor.accessMainPhase(TestCaseExecutor.java:410)
	at com.kms.katalon.core.main.TestCaseExecutor.execute(TestCaseExecutor.java:285)
	at com.kms.katalon.core.common.CommonExecutor.accessTestCaseMainPhase(CommonExecutor.java:65)
	at com.kms.katalon.core.main.TestSuiteExecutor.accessTestSuiteMainPhase(TestSuiteExecutor.java:148)
	at com.kms.katalon.core.main.TestSuiteExecutor.execute(TestSuiteExecutor.java:106)
	at com.kms.katalon.core.main.TestCaseMain.startTestSuite(TestCaseMain.java:187)
	at com.kms.katalon.core.main.TestCaseMain$startTestSuite$0.call(Unknown Source)
	at TempTestSuite1724897904035.run(TempTestSuite1724897904035.groovy:35)
Caused by: com.kms.katalon.core.exception.StepFailedException: Unable to click on object 'Object Repository/IWP30/Page_Confirmation/ConfirmButton'
	... 21 more
Caused by: com.kms.katalon.core.webui.exception.WebElementNotFoundException: Web element with id: 'Object Repository/IWP30/Page_Confirmation/ConfirmButton' located by '//*[@type = 'submit' and @name = 'confirmNotifyAction' and @id = 'submitYes' and @value = 'Confirm']' not found
	at com.kms.katalon.core.webui.common.WebUiCommonHelper.findWebElement(WebUiCommonHelper.java:1381)
	at com.kms.katalon.core.webui.keyword.internal.WebUIAbstractKeyword.findWebElement(WebUIAbstractKeyword.groovy:27)
	at com.kms.katalon.core.webui.keyword.builtin.ClickKeyword$_click_closure1.doCall(ClickKeyword.groovy:65)
	at com.kms.katalon.core.webui.keyword.builtin.ClickKeyword$_click_closure1.call(ClickKeyword.groovy)
	at com.kms.katalon.core.webui.keyword.internal.WebUIKeywordMain.runKeyword(WebUIKeywordMain.groovy:20)
	... 19 more
"/>
         <system-out><![CDATA[2024-08-28 22:31:13 - [TEST_CASE][FAILED] - Test Cases/IntegratedWeb/IWP30/Payments/PayNowSuccessfulPaymentDCFCC: Test Cases/IntegratedWeb/IWP30/Payments/PayNowSuccessfulPaymentDCFCC FAILED.
Reason:
com.kms.katalon.core.exception.StepFailedException: Unable to click on object 'Object Repository/IWP30/Page_Confirmation/ConfirmButton' (Root cause: com.kms.katalon.core.exception.StepFailedException: Unable to click on object 'Object Repository/IWP30/Page_Confirmation/ConfirmButton'
	at com.kms.katalon.core.webui.keyword.internal.WebUIKeywordMain.stepFailed(WebUIKeywordMain.groovy:64)
	at com.kms.katalon.core.webui.keyword.internal.WebUIKeywordMain.runKeyword(WebUIKeywordMain.groovy:26)
	at com.kms.katalon.core.webui.keyword.builtin.ClickKeyword.click(ClickKeyword.groovy:74)
	at com.kms.katalon.core.webui.keyword.builtin.ClickKeyword.execute(ClickKeyword.groovy:40)
	at com.kms.katalon.core.keyword.internal.KeywordExecutor.executeKeywordForPlatform(KeywordExecutor.groovy:74)
	at com.kms.katalon.core.webui.keyword.WebUiBuiltInKeywords.click(WebUiBuiltInKeywords.groovy:620)
	at com.kms.katalon.core.webui.keyword.WebUiBuiltInKeywords$click$3.call(Unknown Source)
	at PayNowSuccessfulPaymentDCFCC.run(PayNowSuccessfulPaymentDCFCC:84)
	at com.kms.katalon.core.main.ScriptEngine.run(ScriptEngine.java:194)
	at com.kms.katalon.core.main.ScriptEngine.runScriptAsRawText(ScriptEngine.java:119)
	at com.kms.katalon.core.main.TestCaseExecutor.runScript(TestCaseExecutor.java:448)
	at com.kms.katalon.core.main.TestCaseExecutor.doExecute(TestCaseExecutor.java:439)
	at com.kms.katalon.core.main.TestCaseExecutor.processExecutionPhase(TestCaseExecutor.java:418)
	at com.kms.katalon.core.main.TestCaseExecutor.accessMainPhase(TestCaseExecutor.java:410)
	at com.kms.katalon.core.main.TestCaseExecutor.execute(TestCaseExecutor.java:285)
	at com.kms.katalon.core.common.CommonExecutor.accessTestCaseMainPhase(CommonExecutor.java:65)
	at com.kms.katalon.core.main.TestSuiteExecutor.accessTestSuiteMainPhase(TestSuiteExecutor.java:148)
	at com.kms.katalon.core.main.TestSuiteExecutor.execute(TestSuiteExecutor.java:106)
	at com.kms.katalon.core.main.TestCaseMain.startTestSuite(TestCaseMain.java:187)
	at com.kms.katalon.core.main.TestCaseMain$startTestSuite$0.call(Unknown Source)
	at TempTestSuite1724897904035.run(TempTestSuite1724897904035.groovy:35)
Caused by: com.kms.katalon.core.webui.exception.WebElementNotFoundException: Web element with id: 'Object Repository/IWP30/Page_Confirmation/ConfirmButton' located by '//*[@type = 'submit' and @name = 'confirmNotifyAction' and @id = 'submitYes' and @value = 'Confirm']' not found
	at com.kms.katalon.core.webui.common.WebUiCommonHelper.findWebElement(WebUiCommonHelper.java:1381)
	at com.kms.katalon.core.webui.keyword.internal.WebUIAbstractKeyword.findWebElement(WebUIAbstractKeyword.groovy:27)
	at com.kms.katalon.core.webui.keyword.builtin.ClickKeyword$_click_closure1.doCall(ClickKeyword.groovy:65)
	at com.kms.katalon.core.webui.keyword.builtin.ClickKeyword$_click_closure1.call(ClickKeyword.groovy)
	at com.kms.katalon.core.webui.keyword.internal.WebUIKeywordMain.runKeyword(WebUIKeywordMain.groovy:20)
	at com.kms.katalon.core.webui.keyword.builtin.ClickKeyword.click(ClickKeyword.groovy:74)
	at com.kms.katalon.core.webui.keyword.builtin.ClickKeyword.execute(ClickKeyword.groovy:40)
	at com.kms.katalon.core.keyword.internal.KeywordExecutor.executeKeywordForPlatform(KeywordExecutor.groovy:74)
	at com.kms.katalon.core.webui.keyword.WebUiBuiltInKeywords.click(WebUiBuiltInKeywords.groovy:620)
	at com.kms.katalon.core.webui.keyword.WebUiBuiltInKeywords$click$3.call(Unknown Source)
	at Script1686784733865.run(Script1686784733865.groovy:84)
	... 13 more
)
	at com.kms.katalon.core.keyword.internal.KeywordMain.stepFailed(KeywordMain.groovy:39)
	at com.kms.katalon.core.webui.keyword.internal.WebUIKeywordMain.stepFailed(WebUIKeywordMain.groovy:64)
	at com.kms.katalon.core.webui.keyword.internal.WebUIKeywordMain.runKeyword(WebUIKeywordMain.groovy:26)
	at com.kms.katalon.core.webui.keyword.builtin.ClickKeyword.click(ClickKeyword.groovy:74)
	at com.kms.katalon.core.webui.keyword.builtin.ClickKeyword.execute(ClickKeyword.groovy:40)
	at com.kms.katalon.core.keyword.internal.KeywordExecutor.executeKeywordForPlatform(KeywordExecutor.groovy:74)
	at com.kms.katalon.core.webui.keyword.WebUiBuiltInKeywords.click(WebUiBuiltInKeywords.groovy:620)
	at com.kms.katalon.core.webui.keyword.WebUiBuiltInKeywords$click$3.call(Unknown Source)
	at PayNowSuccessfulPaymentDCFCC.run(PayNowSuccessfulPaymentDCFCC:84)
	at com.kms.katalon.core.main.ScriptEngine.run(ScriptEngine.java:194)
	at com.kms.katalon.core.main.ScriptEngine.runScriptAsRawText(ScriptEngine.java:119)
	at com.kms.katalon.core.main.TestCaseExecutor.runScript(TestCaseExecutor.java:448)
	at com.kms.katalon.core.main.TestCaseExecutor.doExecute(TestCaseExecutor.java:439)
	at com.kms.katalon.core.main.TestCaseExecutor.processExecutionPhase(TestCaseExecutor.java:418)
	at com.kms.katalon.core.main.TestCaseExecutor.accessMainPhase(TestCaseExecutor.java:410)
	at com.kms.katalon.core.main.TestCaseExecutor.execute(TestCaseExecutor.java:285)
	at com.kms.katalon.core.common.CommonExecutor.accessTestCaseMainPhase(CommonExecutor.java:65)
	at com.kms.katalon.core.main.TestSuiteExecutor.accessTestSuiteMainPhase(TestSuiteExecutor.java:148)
	at com.kms.katalon.core.main.TestSuiteExecutor.execute(TestSuiteExecutor.java:106)
	at com.kms.katalon.core.main.TestCaseMain.startTestSuite(TestCaseMain.java:187)
	at com.kms.katalon.core.main.TestCaseMain$startTestSuite$0.call(Unknown Source)
	at TempTestSuite1724897904035.run(TempTestSuite1724897904035.groovy:35)
Caused by: com.kms.katalon.core.exception.StepFailedException: Unable to click on object 'Object Repository/IWP30/Page_Confirmation/ConfirmButton'
	... 21 more
Caused by: com.kms.katalon.core.webui.exception.WebElementNotFoundException: Web element with id: 'Object Repository/IWP30/Page_Confirmation/ConfirmButton' located by '//*[@type = 'submit' and @name = 'confirmNotifyAction' and @id = 'submitYes' and @value = 'Confirm']' not found
	at com.kms.katalon.core.webui.common.WebUiCommonHelper.findWebElement(WebUiCommonHelper.java:1381)
	at com.kms.katalon.core.webui.keyword.internal.WebUIAbstractKeyword.findWebElement(WebUIAbstractKeyword.groovy:27)
	at com.kms.katalon.core.webui.keyword.builtin.ClickKeyword$_click_closure1.doCall(ClickKeyword.groovy:65)
	at com.kms.katalon.core.webui.keyword.builtin.ClickKeyword$_click_closure1.call(ClickKeyword.groovy)
	at com.kms.katalon.core.webui.keyword.internal.WebUIKeywordMain.runKeyword(WebUIKeywordMain.groovy:20)
	... 19 more


2024-08-28 22:31:13 - [TEST_STEP][PASSED] - resText = "Fail": null

2024-08-28 22:31:13 - [TEST_STEP][PASSED] - resColumn = "Result": null

2024-08-28 22:31:13 - [TEST_STEP][PASSED] - datCloumn = "Date": null

2024-08-28 22:31:13 - [TEST_STEP][PASSED] - fileLoc = "KatalonData/IWPTestData/VRelay30PayNowCC.xlsx": null

2024-08-28 22:31:13 - [TEST_STEP][PASSED] - numOfRows = <not implemented yet for class: org.codehaus.groovy.ast.expr.EmptyExpression>: null

2024-08-28 22:31:13 - [TEST_STEP][PASSED] - dataFile = <not implemented yet for class: org.codehaus.groovy.ast.expr.EmptyExpression>: null

2024-08-28 22:31:13 - [TEST_STEP][PASSED] - nameSheet = <not implemented yet for class: org.codehaus.groovy.ast.expr.EmptyExpression>: null

2024-08-28 22:31:13 - [TEST_STEP][PASSED] - dataFileEmulator = <not implemented yet for class: org.codehaus.groovy.ast.expr.EmptyExpression>: null

2024-08-28 22:31:13 - [TEST_STEP][PASSED] - nameSheet = "PayNowCCDCF": null

2024-08-28 22:31:13 - [TEST_STEP][PASSED] - dataFile = "IWPTestData/PayNowCreditCardDCF": null

2024-08-28 22:31:13 - [TEST_STEP][PASSED] - dataFileEmulator = "IWPTestData/EmulatorData": null

2024-08-28 22:31:13 - [TEST_STEP][PASSED] - numOfRows = findTestData(dataFile).getRowNumbers(): null

2024-08-28 22:31:13 - [TEST_STEP][PASSED] - println("Number of Records: " + numOfRows): null

2024-08-28 22:31:13 - [TEST_STEP][FAILED] - for ([row = 1, row <= numOfRows, (row++)]): null

2024-08-28 22:31:13 - [TEST_STEP][PASSED] - ExecuteTC = findTestData(dataFile).getValue("Execute", row): null

2024-08-28 22:31:13 - [TEST_STEP][PASSED] - out.println("Value of Execute is : " + ExecuteTC): null

2024-08-28 22:31:13 - [TEST_STEP][FAILED] - if (ExecuteTC.equalsIgnoreCase("Y")): null

2024-08-28 22:31:13 - [TEST_STEP][PASSED] - out.println("Begin Record Number: " + row): null

2024-08-28 22:31:13 - [TEST_STEP][PASSED] - today = new java.util.Date(): null

2024-08-28 22:31:13 - [TEST_STEP][PASSED] - println(today): null

2024-08-28 22:31:13 - [TEST_STEP][PASSED] - datText = today: null

2024-08-28 22:31:13 - [TEST_STEP][PASSED] - EmulatorDataKey = findTestData(dataFile).getValue("EmulatorData", row): null

2024-08-28 22:31:13 - [TEST_STEP][PASSED] - out.println("Value of Emulator Key is : " + EmulatorDataKey): null

2024-08-28 22:31:13 - [TEST_STEP][PASSED] - iwpPages.emulatorIWP30.setDataEmulator_DD(EmulatorDataKey): iwpPages.emulatorIWP30.setDataEmulator_DD is PASSED

2024-08-28 22:31:14 - [MESSAGE][WARNING] - A browser is already opened. Closing browser and opening a new one

2024-08-28 22:31:15 - [MESSAGE][INFO] - Starting 'Chrome' driver

2024-08-28 22:31:15 - [MESSAGE][INFO] - User set preference: ['acceptInsecureCerts', 'true']

2024-08-28 22:31:15 - [MESSAGE][INFO] - Action delay is set to 0 milliseconds

2024-08-28 22:31:17 - [MESSAGE][PASSED] - Browser is opened with url: 'https://qa2.velocitypayment.com/agency/config.do?action=editor&message_version=3_0'

2024-08-28 22:31:18 - [MESSAGE][PASSED] - Current window maximized

2024-08-28 22:31:19 - [MESSAGE][PASSED] - All options with value '3.0' are selected in object 'Object Repository/IWP30/Page_VRelay30Emulator/MV'  using regular expression

2024-08-28 22:31:19 - [MESSAGE][PASSED] - Text '10.50' is set on object 'Object Repository/IWP30/Page_VRelay30Emulator/Amount'

2024-08-28 22:31:20 - [MESSAGE][PASSED] - Text '26412167' is set on object 'Object Repository/IWP30/Page_VRelay30Emulator/CAN'

2024-08-28 22:31:21 - [MESSAGE][PASSED] - Text 'PayNow' is set on object 'Object Repository/IWP30/Page_VRelay30Emulator/Action'

2024-08-28 22:31:21 - [MESSAGE][PASSED] - Text 'en_US' is set on object 'Object Repository/IWP30/Page_VRelay30Emulator/Lang'

2024-08-28 22:31:22 - [MESSAGE][PASSED] - Text 'Elizath' is set on object 'Object Repository/IWP30/Page_VRelay30Emulator/Fname'

2024-08-28 22:31:23 - [MESSAGE][PASSED] - Text 'Christine' is set on object 'Object Repository/IWP30/Page_VRelay30Emulator/Lname'

2024-08-28 22:31:23 - [MESSAGE][PASSED] - Text '258 Underwood rd' is set on object 'Object Repository/IWP30/Page_VRelay30Emulator/AL1'

2024-08-28 22:31:24 - [MESSAGE][PASSED] - Text 'Suite 600' is set on object 'Object Repository/IWP30/Page_VRelay30Emulator/AL2'

2024-08-28 22:31:25 - [MESSAGE][PASSED] - Text '840' is set on object 'Object Repository/IWP30/Page_VRelay30Emulator/Country'

2024-08-28 22:31:25 - [MESSAGE][PASSED] - Text 'Arlington' is set on object 'Object Repository/IWP30/Page_VRelay30Emulator/City'

2024-08-28 22:31:26 - [MESSAGE][PASSED] - Text 'VA' is set on object 'Object Repository/IWP30/Page_VRelay30Emulator/State'

2024-08-28 22:31:27 - [MESSAGE][PASSED] - Text '22201' is set on object 'Object Repository/IWP30/Page_VRelay30Emulator/ZIP'

2024-08-28 22:31:27 - [MESSAGE][PASSED] - Text '' is set on object 'Object Repository/IWP30/Page_VRelay30Emulator/Order'

2024-08-28 22:31:28 - [MESSAGE][PASSED] - Text '' is set on object 'Object Repository/IWP30/Page_VRelay30Emulator/Company'

2024-08-28 22:31:29 - [MESSAGE][PASSED] - Text 'iahmed@govolution.com' is set on object 'Object Repository/IWP30/Page_VRelay30Emulator/Email'

2024-08-28 22:31:29 - [MESSAGE][PASSED] - Text 'udf data 1' is set on object 'Object Repository/IWP30/Page_VRelay30Emulator/UDF1'

2024-08-28 22:31:30 - [MESSAGE][PASSED] - Text 'udf data 2' is set on object 'Object Repository/IWP30/Page_VRelay30Emulator/UDF2'

2024-08-28 22:31:31 - [MESSAGE][PASSED] - Text 'udf data 3' is set on object 'Object Repository/IWP30/Page_VRelay30Emulator/UDF3'

2024-08-28 22:31:31 - [MESSAGE][PASSED] - Text 'udf data 4' is set on object 'Object Repository/IWP30/Page_VRelay30Emulator/UDF4'

2024-08-28 22:31:32 - [MESSAGE][PASSED] - Text 'udf data 5' is set on object 'Object Repository/IWP30/Page_VRelay30Emulator/UDF5'

2024-08-28 22:31:33 - [MESSAGE][PASSED] - Text 'udf data 6' is set on object 'Object Repository/IWP30/Page_VRelay30Emulator/UDF6'

2024-08-28 22:31:33 - [MESSAGE][PASSED] - Text 'Orange' is set on object 'Object Repository/IWP30/Page_VRelay30Emulator/UDF7'

2024-08-28 22:31:34 - [MESSAGE][PASSED] - Text 'Soccer' is set on object 'Object Repository/IWP30/Page_VRelay30Emulator/UDF8'

2024-08-28 22:31:35 - [MESSAGE][PASSED] - Text 'udf data 9' is set on object 'Object Repository/IWP30/Page_VRelay30Emulator/UDF9'

2024-08-28 22:31:35 - [MESSAGE][PASSED] - Text 'udf data 10' is set on object 'Object Repository/IWP30/Page_VRelay30Emulator/UDF10'

2024-08-28 22:31:36 - [MESSAGE][PASSED] - Object: 'Object Repository/IWP30/Page_VRelay30Emulator/Submit' is clicked on

2024-08-28 22:31:41 - [MESSAGE][PASSED] - Browser is closed

2024-08-28 22:31:45 - [MESSAGE][PASSED] - iwpPages.emulatorIWP30.setDataEmulator_DD is PASSED

2024-08-28 22:31:45 - [TEST_STEP][PASSED] - testHarnessURL = urlTestHarness: null

2024-08-28 22:31:45 - [TEST_STEP][PASSED] - openBrowser(testHarnessURL): Browser is opened with url: 'https://dev-algorithm.govolution.com/vrelaytest/QA2/version_2_2/vrelaytest.html'

2024-08-28 22:31:45 - [MESSAGE][INFO] - Starting 'Chrome' driver

2024-08-28 22:31:45 - [MESSAGE][INFO] - User set preference: ['acceptInsecureCerts', 'true']

2024-08-28 22:31:45 - [MESSAGE][INFO] - Action delay is set to 0 milliseconds

2024-08-28 22:31:47 - [MESSAGE][PASSED] - Browser is opened with url: 'https://dev-algorithm.govolution.com/vrelaytest/QA2/version_2_2/vrelaytest.html'

2024-08-28 22:31:47 - [TEST_STEP][PASSED] - maximizeWindow(): Current window maximized

2024-08-28 22:31:47 - [MESSAGE][PASSED] - Current window maximized

2024-08-28 22:31:47 - [TEST_STEP][PASSED] - iwpPages.TestHarnessPage.setDataMethod(row, dataFile): iwpPages.TestHarnessPage.setDataMethod is PASSED

2024-08-28 22:31:48 - [MESSAGE][PASSED] - Object 'Object Repository/IWP30/Page_QATestHarness/RemittanceID' is present

2024-08-28 22:31:49 - [MESSAGE][PASSED] - Text '651' is set on object 'Object Repository/IWP30/Page_QATestHarness/ApplicationID'

2024-08-28 22:31:49 - [MESSAGE][PASSED] - Text '3.0' is set on object 'Object Repository/IWP30/Page_QATestHarness/MessageVersion'

2024-08-28 22:31:50 - [MESSAGE][PASSED] - Text 'U0gz22ZOwzAO' is set on object 'Object Repository/IWP30/Page_QATestHarness/RemittanceID'

2024-08-28 22:31:51 - [MESSAGE][PASSED] - Object: 'Object Repository/IWP30/Page_QATestHarness/SubmitButton' is clicked on

2024-08-28 22:31:51 - [MESSAGE][PASSED] - iwpPages.TestHarnessPage.setDataMethod is PASSED

2024-08-28 22:31:51 - [TEST_STEP][PASSED] - check(findTestObject("Object Repository/IWP30/Page_SelectPaymentMethod/PayByCreditCard")): Object 'Object Repository/IWP30/Page_SelectPaymentMethod/PayByCreditCard' is checked

2024-08-28 22:31:52 - [MESSAGE][PASSED] - Object 'Object Repository/IWP30/Page_SelectPaymentMethod/PayByCreditCard' is checked

2024-08-28 22:31:52 - [TEST_STEP][PASSED] - click(findTestObject("Object Repository/IWP30/Page_SelectPaymentMethod/MakePaymentButton")): Object: 'Object Repository/IWP30/Page_SelectPaymentMethod/MakePaymentButton' is clicked on

2024-08-28 22:31:53 - [MESSAGE][PASSED] - Object: 'Object Repository/IWP30/Page_SelectPaymentMethod/MakePaymentButton' is clicked on

2024-08-28 22:31:53 - [TEST_STEP][PASSED] - iwpPages.ccPaymentEntryPage.setDataIWPCreditCard(row, dataFile): iwpPages.ccPaymentEntryPage.setDataIWPCreditCard is PASSED

2024-08-28 22:31:55 - [MESSAGE][PASSED] - Object 'Object Repository/IWP30/Page_CCPaymentEntry/Name' is present

2024-08-28 22:31:55 - [MESSAGE][PASSED] - Text '5146312200000035' is set on object 'Object Repository/IWP30/Page_CCPaymentEntry/CardNumber'

2024-08-28 22:31:56 - [MESSAGE][PASSED] - Text '123' is set on object 'Object Repository/IWP30/Page_CCPaymentEntry/SPC'

2024-08-28 22:31:57 - [MESSAGE][PASSED] - All options with label '09' are selected in object 'Object Repository/IWP30/Page_CCPaymentEntry/Month' 

2024-08-28 22:31:57 - [MESSAGE][PASSED] - All options with label '2028' are selected in object 'Object Repository/IWP30/Page_CCPaymentEntry/Year' 

2024-08-28 22:31:58 - [MESSAGE][PASSED] - Object 'Object Repository/IWP30/Page_CCPaymentEntry/TermCondCheckBox' is present

2024-08-28 22:31:58 - [MESSAGE][PASSED] - Object 'Object Repository/IWP30/Page_CCPaymentEntry/TermCondCheckBox' is checked

2024-08-28 22:31:58 - [MESSAGE][PASSED] - Object 'Object Repository/IWP30/Page_CCPaymentEntry/ContinueButton' is present

2024-08-28 22:31:59 - [MESSAGE][PASSED] - Object: 'Object Repository/IWP30/Page_CCPaymentEntry/ContinueButton' is clicked on

2024-08-28 22:31:59 - [MESSAGE][PASSED] - iwpPages.ccPaymentEntryPage.setDataIWPCreditCard is PASSED

2024-08-28 22:31:59 - [TEST_STEP][FAILED] - click(findTestObject("Object Repository/IWP30/Page_Confirmation/ConfirmButton")): Unable to click on object 'Object Repository/IWP30/Page_Confirmation/ConfirmButton' (Root cause: com.kms.katalon.core.exception.StepFailedException: Unable to click on object 'Object Repository/IWP30/Page_Confirmation/ConfirmButton'
	at com.kms.katalon.core.webui.keyword.internal.WebUIKeywordMain.stepFailed(WebUIKeywordMain.groovy:64)
	at com.kms.katalon.core.webui.keyword.internal.WebUIKeywordMain.runKeyword(WebUIKeywordMain.groovy:26)
	at com.kms.katalon.core.webui.keyword.builtin.ClickKeyword.click(ClickKeyword.groovy:74)
	at com.kms.katalon.core.webui.keyword.builtin.ClickKeyword.execute(ClickKeyword.groovy:40)
	at com.kms.katalon.core.keyword.internal.KeywordExecutor.executeKeywordForPlatform(KeywordExecutor.groovy:74)
	at com.kms.katalon.core.webui.keyword.WebUiBuiltInKeywords.click(WebUiBuiltInKeywords.groovy:620)
	at com.kms.katalon.core.webui.keyword.WebUiBuiltInKeywords$click$3.call(Unknown Source)
	at PayNowSuccessfulPaymentDCFCC.run(PayNowSuccessfulPaymentDCFCC:84)
	at com.kms.katalon.core.main.ScriptEngine.run(ScriptEngine.java:194)
	at com.kms.katalon.core.main.ScriptEngine.runScriptAsRawText(ScriptEngine.java:119)
	at com.kms.katalon.core.main.TestCaseExecutor.runScript(TestCaseExecutor.java:448)
	at com.kms.katalon.core.main.TestCaseExecutor.doExecute(TestCaseExecutor.java:439)
	at com.kms.katalon.core.main.TestCaseExecutor.processExecutionPhase(TestCaseExecutor.java:418)
	at com.kms.katalon.core.main.TestCaseExecutor.accessMainPhase(TestCaseExecutor.java:410)
	at com.kms.katalon.core.main.TestCaseExecutor.execute(TestCaseExecutor.java:285)
	at com.kms.katalon.core.common.CommonExecutor.accessTestCaseMainPhase(CommonExecutor.java:65)
	at com.kms.katalon.core.main.TestSuiteExecutor.accessTestSuiteMainPhase(TestSuiteExecutor.java:148)
	at com.kms.katalon.core.main.TestSuiteExecutor.execute(TestSuiteExecutor.java:106)
	at com.kms.katalon.core.main.TestCaseMain.startTestSuite(TestCaseMain.java:187)
	at com.kms.katalon.core.main.TestCaseMain$startTestSuite$0.call(Unknown Source)
	at TempTestSuite1724897904035.run(TempTestSuite1724897904035.groovy:35)
Caused by: com.kms.katalon.core.webui.exception.WebElementNotFoundException: Web element with id: 'Object Repository/IWP30/Page_Confirmation/ConfirmButton' located by '//*[@type = 'submit' and @name = 'confirmNotifyAction' and @id = 'submitYes' and @value = 'Confirm']' not found
	at com.kms.katalon.core.webui.common.WebUiCommonHelper.findWebElement(WebUiCommonHelper.java:1381)
	at com.kms.katalon.core.webui.keyword.internal.WebUIAbstractKeyword.findWebElement(WebUIAbstractKeyword.groovy:27)
	at com.kms.katalon.core.webui.keyword.builtin.ClickKeyword$_click_closure1.doCall(ClickKeyword.groovy:65)
	at com.kms.katalon.core.webui.keyword.builtin.ClickKeyword$_click_closure1.call(ClickKeyword.groovy)
	at com.kms.katalon.core.webui.keyword.internal.WebUIKeywordMain.runKeyword(WebUIKeywordMain.groovy:20)
	at com.kms.katalon.core.webui.keyword.builtin.ClickKeyword.click(ClickKeyword.groovy:74)
	at com.kms.katalon.core.webui.keyword.builtin.ClickKeyword.execute(ClickKeyword.groovy:40)
	at com.kms.katalon.core.keyword.internal.KeywordExecutor.executeKeywordForPlatform(KeywordExecutor.groovy:74)
	at com.kms.katalon.core.webui.keyword.WebUiBuiltInKeywords.click(WebUiBuiltInKeywords.groovy:620)
	at com.kms.katalon.core.webui.keyword.WebUiBuiltInKeywords$click$3.call(Unknown Source)
	at Script1686784733865.run(Script1686784733865.groovy:84)
	... 13 more
)

2024-08-28 22:32:31 - [MESSAGE][INFO] - Unable to find the element located by 'By.xpath: //*[@type = 'submit' and @name = 'confirmNotifyAction' and @id = 'submitYes' and @value = 'Confirm']'. Please recheck the objects properties to make sure the desired element is located. 

2024-08-28 22:32:31 - [MESSAGE][WARNING] - [SELF-HEALING] Failed to find element with id 'Object Repository/IWP30/Page_Confirmation/ConfirmButton'. Try using Self-healing.

2024-08-28 22:32:31 - [MESSAGE][WARNING] - [SELF-HEALING] Cannot find elements when the XPath is null.

2024-08-28 22:32:31 - [MESSAGE][WARNING] - [SELF-HEALING] Cannot find elements when the selector is null

2024-08-28 22:32:31 - [MESSAGE][FAILED] - Unable to click on object 'Object Repository/IWP30/Page_Confirmation/ConfirmButton' (Root cause: com.kms.katalon.core.exception.StepFailedException: Unable to click on object 'Object Repository/IWP30/Page_Confirmation/ConfirmButton'
	at com.kms.katalon.core.webui.keyword.internal.WebUIKeywordMain.stepFailed(WebUIKeywordMain.groovy:64)
	at com.kms.katalon.core.webui.keyword.internal.WebUIKeywordMain.runKeyword(WebUIKeywordMain.groovy:26)
	at com.kms.katalon.core.webui.keyword.builtin.ClickKeyword.click(ClickKeyword.groovy:74)
	at com.kms.katalon.core.webui.keyword.builtin.ClickKeyword.execute(ClickKeyword.groovy:40)
	at com.kms.katalon.core.keyword.internal.KeywordExecutor.executeKeywordForPlatform(KeywordExecutor.groovy:74)
	at com.kms.katalon.core.webui.keyword.WebUiBuiltInKeywords.click(WebUiBuiltInKeywords.groovy:620)
	at com.kms.katalon.core.webui.keyword.WebUiBuiltInKeywords$click$3.call(Unknown Source)
	at PayNowSuccessfulPaymentDCFCC.run(PayNowSuccessfulPaymentDCFCC:84)
	at com.kms.katalon.core.main.ScriptEngine.run(ScriptEngine.java:194)
	at com.kms.katalon.core.main.ScriptEngine.runScriptAsRawText(ScriptEngine.java:119)
	at com.kms.katalon.core.main.TestCaseExecutor.runScript(TestCaseExecutor.java:448)
	at com.kms.katalon.core.main.TestCaseExecutor.doExecute(TestCaseExecutor.java:439)
	at com.kms.katalon.core.main.TestCaseExecutor.processExecutionPhase(TestCaseExecutor.java:418)
	at com.kms.katalon.core.main.TestCaseExecutor.accessMainPhase(TestCaseExecutor.java:410)
	at com.kms.katalon.core.main.TestCaseExecutor.execute(TestCaseExecutor.java:285)
	at com.kms.katalon.core.common.CommonExecutor.accessTestCaseMainPhase(CommonExecutor.java:65)
	at com.kms.katalon.core.main.TestSuiteExecutor.accessTestSuiteMainPhase(TestSuiteExecutor.java:148)
	at com.kms.katalon.core.main.TestSuiteExecutor.execute(TestSuiteExecutor.java:106)
	at com.kms.katalon.core.main.TestCaseMain.startTestSuite(TestCaseMain.java:187)
	at com.kms.katalon.core.main.TestCaseMain$startTestSuite$0.call(Unknown Source)
	at TempTestSuite1724897904035.run(TempTestSuite1724897904035.groovy:35)
Caused by: com.kms.katalon.core.webui.exception.WebElementNotFoundException: Web element with id: 'Object Repository/IWP30/Page_Confirmation/ConfirmButton' located by '//*[@type = 'submit' and @name = 'confirmNotifyAction' and @id = 'submitYes' and @value = 'Confirm']' not found
	at com.kms.katalon.core.webui.common.WebUiCommonHelper.findWebElement(WebUiCommonHelper.java:1381)
	at com.kms.katalon.core.webui.keyword.internal.WebUIAbstractKeyword.findWebElement(WebUIAbstractKeyword.groovy:27)
	at com.kms.katalon.core.webui.keyword.builtin.ClickKeyword$_click_closure1.doCall(ClickKeyword.groovy:65)
	at com.kms.katalon.core.webui.keyword.builtin.ClickKeyword$_click_closure1.call(ClickKeyword.groovy)
	at com.kms.katalon.core.webui.keyword.internal.WebUIKeywordMain.runKeyword(WebUIKeywordMain.groovy:20)
	at com.kms.katalon.core.webui.keyword.builtin.ClickKeyword.click(ClickKeyword.groovy:74)
	at com.kms.katalon.core.webui.keyword.builtin.ClickKeyword.execute(ClickKeyword.groovy:40)
	at com.kms.katalon.core.keyword.internal.KeywordExecutor.executeKeywordForPlatform(KeywordExecutor.groovy:74)
	at com.kms.katalon.core.webui.keyword.WebUiBuiltInKeywords.click(WebUiBuiltInKeywords.groovy:620)
	at com.kms.katalon.core.webui.keyword.WebUiBuiltInKeywords$click$3.call(Unknown Source)
	at Script1686784733865.run(Script1686784733865.groovy:84)
	... 13 more
)
[[ATTACHMENT|E:\\Cloned-Project-Katalon\\VPS-Katalon\\Reports\\20240828_221824\\QA\\IWP3.0\\IWP30 Smoke TestSuite\\20240828_221824\\1724898751239.png]]

2024-08-28 22:32:31 - [TEST_STEP][PASSED] - Thread.sleep(10000): null

2024-08-28 22:32:41 - [TEST_STEP][PASSED] - click(findTestObject("Object Repository/IWP30/Page_AcceptCF/input_convFeeNotifyAction")): Object: 'Object Repository/IWP30/Page_AcceptCF/input_convFeeNotifyAction' is clicked on

2024-08-28 22:33:12 - [MESSAGE][INFO] - Unable to find the element located by 'By.xpath: //*[@type = 'submit' and @name = 'convFeeNotifyAction' and @id = 'submitYes']'. Please recheck the objects properties to make sure the desired element is located. 

2024-08-28 22:33:12 - [MESSAGE][WARNING] - [SELF-HEALING] Failed to find element with id 'Object Repository/IWP30/Page_AcceptCF/input_convFeeNotifyAction'. Try using Self-healing.

2024-08-28 22:33:12 - [MESSAGE][WARNING] - [SELF-HEALING] The current locator of test object 'Object Repository/IWP30/Page_AcceptCF/input_convFeeNotifyAction' was broken. Propose an alternative one: '//div/input'.

2024-08-28 22:33:13 - [MESSAGE][PASSED] - Object: 'Object Repository/IWP30/Page_AcceptCF/input_convFeeNotifyAction' is clicked on

2024-08-28 22:33:13 - [TEST_STEP][PASSED] - Thread.sleep(10000): null

2024-08-28 22:33:23 - [TEST_STEP][FAILED] - if (verifyTextPresent("Successful Payment Receipt", false)): Text 'Successful Payment Receipt' is not present on page  (Root cause: com.kms.katalon.core.exception.StepFailedException: Text 'Successful Payment Receipt' is not present on page 
	at com.kms.katalon.core.webui.keyword.internal.WebUIKeywordMain.stepFailed(WebUIKeywordMain.groovy:64)
	at com.kms.katalon.core.webui.keyword.builtin.VerifyTextPresentKeyword$_verifyTextPresent_closure1.doCall(VerifyTextPresentKeyword.groovy:79)
	at com.kms.katalon.core.webui.keyword.builtin.VerifyTextPresentKeyword$_verifyTextPresent_closure1.call(VerifyTextPresentKeyword.groovy)
	at com.kms.katalon.core.webui.keyword.internal.WebUIKeywordMain.runKeyword(WebUIKeywordMain.groovy:20)
	at com.kms.katalon.core.webui.keyword.builtin.VerifyTextPresentKeyword.verifyTextPresent(VerifyTextPresentKeyword.groovy:83)
	at com.kms.katalon.core.webui.keyword.builtin.VerifyTextPresentKeyword.execute(VerifyTextPresentKeyword.groovy:68)
	at com.kms.katalon.core.keyword.internal.KeywordExecutor.executeKeywordForPlatform(KeywordExecutor.groovy:74)
	at com.kms.katalon.core.webui.keyword.WebUiBuiltInKeywords.verifyTextPresent(WebUiBuiltInKeywords.groovy:1723)
	at com.kms.katalon.core.webui.keyword.WebUiBuiltInKeywords$verifyTextPresent$8.call(Unknown Source)
	at PayNowSuccessfulPaymentDCFCC.run(PayNowSuccessfulPaymentDCFCC:94)
	at com.kms.katalon.core.main.ScriptEngine.run(ScriptEngine.java:194)
	at com.kms.katalon.core.main.ScriptEngine.runScriptAsRawText(ScriptEngine.java:119)
	at com.kms.katalon.core.main.TestCaseExecutor.runScript(TestCaseExecutor.java:448)
	at com.kms.katalon.core.main.TestCaseExecutor.doExecute(TestCaseExecutor.java:439)
	at com.kms.katalon.core.main.TestCaseExecutor.processExecutionPhase(TestCaseExecutor.java:418)
	at com.kms.katalon.core.main.TestCaseExecutor.accessMainPhase(TestCaseExecutor.java:410)
	at com.kms.katalon.core.main.TestCaseExecutor.execute(TestCaseExecutor.java:285)
	at com.kms.katalon.core.common.CommonExecutor.accessTestCaseMainPhase(CommonExecutor.java:65)
	at com.kms.katalon.core.main.TestSuiteExecutor.accessTestSuiteMainPhase(TestSuiteExecutor.java:148)
	at com.kms.katalon.core.main.TestSuiteExecutor.execute(TestSuiteExecutor.java:106)
	at com.kms.katalon.core.main.TestCaseMain.startTestSuite(TestCaseMain.java:187)
	at com.kms.katalon.core.main.TestCaseMain$startTestSuite$0.call(Unknown Source)
	at TempTestSuite1724897904035.run(TempTestSuite1724897904035.groovy:35)
)

2024-08-28 22:33:23 - [MESSAGE][FAILED] - Text 'Successful Payment Receipt' is not present on page  (Root cause: com.kms.katalon.core.exception.StepFailedException: Text 'Successful Payment Receipt' is not present on page 
	at com.kms.katalon.core.webui.keyword.internal.WebUIKeywordMain.stepFailed(WebUIKeywordMain.groovy:64)
	at com.kms.katalon.core.webui.keyword.builtin.VerifyTextPresentKeyword$_verifyTextPresent_closure1.doCall(VerifyTextPresentKeyword.groovy:79)
	at com.kms.katalon.core.webui.keyword.builtin.VerifyTextPresentKeyword$_verifyTextPresent_closure1.call(VerifyTextPresentKeyword.groovy)
	at com.kms.katalon.core.webui.keyword.internal.WebUIKeywordMain.runKeyword(WebUIKeywordMain.groovy:20)
	at com.kms.katalon.core.webui.keyword.builtin.VerifyTextPresentKeyword.verifyTextPresent(VerifyTextPresentKeyword.groovy:83)
	at com.kms.katalon.core.webui.keyword.builtin.VerifyTextPresentKeyword.execute(VerifyTextPresentKeyword.groovy:68)
	at com.kms.katalon.core.keyword.internal.KeywordExecutor.executeKeywordForPlatform(KeywordExecutor.groovy:74)
	at com.kms.katalon.core.webui.keyword.WebUiBuiltInKeywords.verifyTextPresent(WebUiBuiltInKeywords.groovy:1723)
	at com.kms.katalon.core.webui.keyword.WebUiBuiltInKeywords$verifyTextPresent$8.call(Unknown Source)
	at PayNowSuccessfulPaymentDCFCC.run(PayNowSuccessfulPaymentDCFCC:94)
	at com.kms.katalon.core.main.ScriptEngine.run(ScriptEngine.java:194)
	at com.kms.katalon.core.main.ScriptEngine.runScriptAsRawText(ScriptEngine.java:119)
	at com.kms.katalon.core.main.TestCaseExecutor.runScript(TestCaseExecutor.java:448)
	at com.kms.katalon.core.main.TestCaseExecutor.doExecute(TestCaseExecutor.java:439)
	at com.kms.katalon.core.main.TestCaseExecutor.processExecutionPhase(TestCaseExecutor.java:418)
	at com.kms.katalon.core.main.TestCaseExecutor.accessMainPhase(TestCaseExecutor.java:410)
	at com.kms.katalon.core.main.TestCaseExecutor.execute(TestCaseExecutor.java:285)
	at com.kms.katalon.core.common.CommonExecutor.accessTestCaseMainPhase(CommonExecutor.java:65)
	at com.kms.katalon.core.main.TestSuiteExecutor.accessTestSuiteMainPhase(TestSuiteExecutor.java:148)
	at com.kms.katalon.core.main.TestSuiteExecutor.execute(TestSuiteExecutor.java:106)
	at com.kms.katalon.core.main.TestCaseMain.startTestSuite(TestCaseMain.java:187)
	at com.kms.katalon.core.main.TestCaseMain$startTestSuite$0.call(Unknown Source)
	at TempTestSuite1724897904035.run(TempTestSuite1724897904035.groovy:35)
)

2024-08-28 22:33:23 - [TEST_STEP][FAILED] - else: null

2024-08-28 22:33:23 - [TEST_STEP][PASSED] - println("Successful Payment Receipt text is not present on the Receipt page"): null

2024-08-28 22:33:23 - [TEST_STEP][FAILED] - markFailed("Error on Page is : " + getText(findTestObject("Object Repository/IWP30/Page_Receipt/div_ReceiptSourceCode"))): Error on Page is : Make a Real Estate Payment
Lorem ipsum dolor sit amet, consectetuer adipiscing elit, sed diam nonummy nibh euismod tincidunt ut laoreet dolore magna aliquam erat volutpat. Ut wisi enim ad minim veniam, quis nostrud exerci tation ullamcorper suscipit lobortis nisl ut aliquip ex ea commodo consequat.
  Required fields are highlighted with an asterisk.
  Please enter the following information about your payment:
  Tax Amount: $0.00
  Amount:*  $
  UDF1 Label:  udf data 1
  UDF2 Label: 
  UDF3 Label:* 
  UDF4 Label:*  udf data 4
  UDF6 Label:  udf data 6
  UDF7 Label: 
--Select One--
Orange
Purple

  UDF8 Label:* 
--Select One--
Tennis
Soccer

UDF8 Label is required
  UDF9 Label:*  udf data 9
 
Please enter the following information about your payment method:
  Cardholder's Name:* 
  Cards Accepted: 
  Card Number:* 
  Card Security Code:* 
  Expiration Date:*  
     
MM
  
     01
  
     02
  
     03
  
     04
  
     05
  
     06
  
     07
  
     08
  
     09
  
     10
  
     11
  
     12
  
     
     YYYY
  
     2024
  
     2025
  
     2026
  
     2027
  
     2028
  
     2029
  
     2030
  
     2031
  
     2032
  
     2033
  
     2034
  
     2035
  
     2036
  
     2037
  
     2038
  
     2039
  
    
  Payment Date:*


 
Billing Information:
  Address Line 1:* 
  Address Line 2: 
  Country:*  
      
  
United States
    
  ZIP Code:* 
  City: 
  State:  
     
  
     
  
     
  
     
  
     
  
     
  
     
  
     
  
     
  
     
  
     
  
     
  
     
  
     
  
     
  
     
  
     
  
     
  
     
  
     
  
     
  
     
  
     
  
     
  
     
  
     
  
     
  
     
  
     
  
     
  
     
  
     
  
     
  
     
  
     
  
     
  
     
  
     
  
     
  
     
  
     
  
     
  
     
  
     
  
     
  
     
  
     
  
     
  
     
  
     
  
     
  
     
  
     
  
     
  
     
  
     
  
     
  
     
  
     
  
     
  
     
  
     
  
     
  
     
  
     
  
     
  
    
--Select One--
Armed Forces Americas
Armed Forces Europe
Armed Forces Canada
Armed Forces Africa
Armed Forces Middle East
Armed Forces Pacific
Alabama
Alaska
American Samoa
Arizona
Arkansas
California
Colorado
Connecticut
Delaware
District of Columbia
Federated States of Micronesia
Florida
Georgia
Guam
Hawaii
Idaho
Illinois
Indiana
Iowa
Kansas
Kentucky
Louisiana
Maine
Maryland
Massachusetts
Michigan
Minnesota
Mississippi
Missouri
Montana
Nebraska
Nevada
New Hampshire
New Jersey
New Mexico
New York
North Carolina
North Dakota
Northern Mariana Islands
Ohio
Oklahoma
Oregon
Palau
Pennsylvania
Puerto Rico
Rhode Island
South Carolina
South Dakota
Tennessee
Texas
Utah
Vermont
Virgin Islands
Virginia
Washington
West Virginia
Wisconsin
Wyoming
Marshall Island

 
Receipt Information:
  Email Address:* 
 
  Please check here to store the payment method for future use.

    These are Customer CC Terms
    These are CC Custom HTML

2024-08-28 22:33:23 - [MESSAGE][PASSED] - Text of object 'Object Repository/IWP30/Page_Receipt/div_ReceiptSourceCode' is: 'Make a Real Estate Payment
Lorem ipsum dolor sit amet, consectetuer adipiscing elit, sed diam nonummy nibh euismod tincidunt ut laoreet dolore magna aliquam erat volutpat. Ut wisi enim ad minim veniam, quis nostrud exerci tation ullamcorper suscipit lobortis nisl ut aliquip ex ea commodo consequat.
  Required fields are highlighted with an asterisk.
  Please enter the following information about your payment:
  Tax Amount: $0.00
  Amount:*  $
  UDF1 Label:  udf data 1
  UDF2 Label: 
  UDF3 Label:* 
  UDF4 Label:*  udf data 4
  UDF6 Label:  udf data 6
  UDF7 Label: 
--Select One--
Orange
Purple

  UDF8 Label:* 
--Select One--
Tennis
Soccer

UDF8 Label is required
  UDF9 Label:*  udf data 9
 
Please enter the following information about your payment method:
  Cardholder's Name:* 
  Cards Accepted: 
  Card Number:* 
  Card Security Code:* 
  Expiration Date:*  
     
MM
  
     01
  
     02
  
     03
  
     04
  
     05
  
     06
  
     07
  
     08
  
     09
  
     10
  
     11
  
     12
  
     
     YYYY
  
     2024
  
     2025
  
     2026
  
     2027
  
     2028
  
     2029
  
     2030
  
     2031
  
     2032
  
     2033
  
     2034
  
     2035
  
     2036
  
     2037
  
     2038
  
     2039
  
    
  Payment Date:*


 
Billing Information:
  Address Line 1:* 
  Address Line 2: 
  Country:*  
      
  
United States
    
  ZIP Code:* 
  City: 
  State:  
     
  
     
  
     
  
     
  
     
  
     
  
     
  
     
  
     
  
     
  
     
  
     
  
     
  
     
  
     
  
     
  
     
  
     
  
     
  
     
  
     
  
     
  
     
  
     
  
     
  
     
  
     
  
     
  
     
  
     
  
     
  
     
  
     
  
     
  
     
  
     
  
     
  
     
  
     
  
     
  
     
  
     
  
     
  
     
  
     
  
     
  
     
  
     
  
     
  
     
  
     
  
     
  
     
  
     
  
     
  
     
  
     
  
     
  
     
  
     
  
     
  
     
  
     
  
     
  
     
  
     
  
    
--Select One--
Armed Forces Americas
Armed Forces Europe
Armed Forces Canada
Armed Forces Africa
Armed Forces Middle East
Armed Forces Pacific
Alabama
Alaska
American Samoa
Arizona
Arkansas
California
Colorado
Connecticut
Delaware
District of Columbia
Federated States of Micronesia
Florida
Georgia
Guam
Hawaii
Idaho
Illinois
Indiana
Iowa
Kansas
Kentucky
Louisiana
Maine
Maryland
Massachusetts
Michigan
Minnesota
Mississippi
Missouri
Montana
Nebraska
Nevada
New Hampshire
New Jersey
New Mexico
New York
North Carolina
North Dakota
Northern Mariana Islands
Ohio
Oklahoma
Oregon
Palau
Pennsylvania
Puerto Rico
Rhode Island
South Carolina
South Dakota
Tennessee
Texas
Utah
Vermont
Virgin Islands
Virginia
Washington
West Virginia
Wisconsin
Wyoming
Marshall Island

 
Receipt Information:
  Email Address:* 
 
  Please check here to store the payment method for future use.

    These are Customer CC Terms
    These are CC Custom HTML'

2024-08-28 22:33:23 - [MESSAGE][FAILED] - Error on Page is : Make a Real Estate Payment
Lorem ipsum dolor sit amet, consectetuer adipiscing elit, sed diam nonummy nibh euismod tincidunt ut laoreet dolore magna aliquam erat volutpat. Ut wisi enim ad minim veniam, quis nostrud exerci tation ullamcorper suscipit lobortis nisl ut aliquip ex ea commodo consequat.
  Required fields are highlighted with an asterisk.
  Please enter the following information about your payment:
  Tax Amount: $0.00
  Amount:*  $
  UDF1 Label:  udf data 1
  UDF2 Label: 
  UDF3 Label:* 
  UDF4 Label:*  udf data 4
  UDF6 Label:  udf data 6
  UDF7 Label: 
--Select One--
Orange
Purple

  UDF8 Label:* 
--Select One--
Tennis
Soccer

UDF8 Label is required
  UDF9 Label:*  udf data 9
 
Please enter the following information about your payment method:
  Cardholder's Name:* 
  Cards Accepted: 
  Card Number:* 
  Card Security Code:* 
  Expiration Date:*  
     
MM
  
     01
  
     02
  
     03
  
     04
  
     05
  
     06
  
     07
  
     08
  
     09
  
     10
  
     11
  
     12
  
     
     YYYY
  
     2024
  
     2025
  
     2026
  
     2027
  
     2028
  
     2029
  
     2030
  
     2031
  
     2032
  
     2033
  
     2034
  
     2035
  
     2036
  
     2037
  
     2038
  
     2039
  
    
  Payment Date:*


 
Billing Information:
  Address Line 1:* 
  Address Line 2: 
  Country:*  
      
  
United States
    
  ZIP Code:* 
  City: 
  State:  
     
  
     
  
     
  
     
  
     
  
     
  
     
  
     
  
     
  
     
  
     
  
     
  
     
  
     
  
     
  
     
  
     
  
     
  
     
  
     
  
     
  
     
  
     
  
     
  
     
  
     
  
     
  
     
  
     
  
     
  
     
  
     
  
     
  
     
  
     
  
     
  
     
  
     
  
     
  
     
  
     
  
     
  
     
  
     
  
     
  
     
  
     
  
     
  
     
  
     
  
     
  
     
  
     
  
     
  
     
  
     
  
     
  
     
  
     
  
     
  
     
  
     
  
     
  
     
  
     
  
     
  
    
--Select One--
Armed Forces Americas
Armed Forces Europe
Armed Forces Canada
Armed Forces Africa
Armed Forces Middle East
Armed Forces Pacific
Alabama
Alaska
American Samoa
Arizona
Arkansas
California
Colorado
Connecticut
Delaware
District of Columbia
Federated States of Micronesia
Florida
Georgia
Guam
Hawaii
Idaho
Illinois
Indiana
Iowa
Kansas
Kentucky
Louisiana
Maine
Maryland
Massachusetts
Michigan
Minnesota
Mississippi
Missouri
Montana
Nebraska
Nevada
New Hampshire
New Jersey
New Mexico
New York
North Carolina
North Dakota
Northern Mariana Islands
Ohio
Oklahoma
Oregon
Palau
Pennsylvania
Puerto Rico
Rhode Island
South Carolina
South Dakota
Tennessee
Texas
Utah
Vermont
Virgin Islands
Virginia
Washington
West Virginia
Wisconsin
Wyoming
Marshall Island

 
Receipt Information:
  Email Address:* 
 
  Please check here to store the payment method for future use.

    These are Customer CC Terms
    These are CC Custom HTML

2024-08-28 22:33:23 - [TEST_STEP][PASSED] - resText = "Fail": null

2024-08-28 22:33:23 - [TEST_STEP][PASSED] - pages.WriteExcel.demoKey(resText, datText, resColumn, datCloumn, fileLoc, nameSheet, row): pages.WriteExcel.demoKey is PASSED

2024-08-28 22:33:23 - [MESSAGE][PASSED] - pages.WriteExcel.demoKey is PASSED

2024-08-28 22:33:23 - [TEST_STEP][PASSED] - println(getText(findTestObject("Object Repository/IWP30/Page_Receipt/div_ReceiptSourceCode"))): Text of object 'Object Repository/IWP30/Page_Receipt/div_ReceiptSourceCode' is: 'Make a Real Estate Payment
Lorem ipsum dolor sit amet, consectetuer adipiscing elit, sed diam nonummy nibh euismod tincidunt ut laoreet dolore magna aliquam erat volutpat. Ut wisi enim ad minim veniam, quis nostrud exerci tation ullamcorper suscipit lobortis nisl ut aliquip ex ea commodo consequat.
  Required fields are highlighted with an asterisk.
  Please enter the following information about your payment:
  Tax Amount: $0.00
  Amount:*  $
  UDF1 Label:  udf data 1
  UDF2 Label: 
  UDF3 Label:* 
  UDF4 Label:*  udf data 4
  UDF6 Label:  udf data 6
  UDF7 Label: 
--Select One--
Orange
Purple

  UDF8 Label:* 
--Select One--
Tennis
Soccer

UDF8 Label is required
  UDF9 Label:*  udf data 9
 
Please enter the following information about your payment method:
  Cardholder's Name:* 
  Cards Accepted: 
  Card Number:* 
  Card Security Code:* 
  Expiration Date:*  
     
MM
  
     01
  
     02
  
     03
  
     04
  
     05
  
     06
  
     07
  
     08
  
     09
  
     10
  
     11
  
     12
  
     
     YYYY
  
     2024
  
     2025
  
     2026
  
     2027
  
     2028
  
     2029
  
     2030
  
     2031
  
     2032
  
     2033
  
     2034
  
     2035
  
     2036
  
     2037
  
     2038
  
     2039
  
    
  Payment Date:*


 
Billing Information:
  Address Line 1:* 
  Address Line 2: 
  Country:*  
      
  
United States
    
  ZIP Code:* 
  City: 
  State:  
     
  
     
  
     
  
     
  
     
  
     
  
     
  
     
  
     
  
     
  
     
  
     
  
     
  
     
  
     
  
     
  
     
  
     
  
     
  
     
  
     
  
     
  
     
  
     
  
     
  
     
  
     
  
     
  
     
  
     
  
     
  
     
  
     
  
     
  
     
  
     
  
     
  
     
  
     
  
     
  
     
  
     
  
     
  
     
  
     
  
     
  
     
  
     
  
     
  
     
  
     
  
     
  
     
  
     
  
     
  
     
  
     
  
     
  
     
  
     
  
     
  
     
  
     
  
     
  
     
  
     
  
    
--Select One--
Armed Forces Americas
Armed Forces Europe
Armed Forces Canada
Armed Forces Africa
Armed Forces Middle East
Armed Forces Pacific
Alabama
Alaska
American Samoa
Arizona
Arkansas
California
Colorado
Connecticut
Delaware
District of Columbia
Federated States of Micronesia
Florida
Georgia
Guam
Hawaii
Idaho
Illinois
Indiana
Iowa
Kansas
Kentucky
Louisiana
Maine
Maryland
Massachusetts
Michigan
Minnesota
Mississippi
Missouri
Montana
Nebraska
Nevada
New Hampshire
New Jersey
New Mexico
New York
North Carolina
North Dakota
Northern Mariana Islands
Ohio
Oklahoma
Oregon
Palau
Pennsylvania
Puerto Rico
Rhode Island
South Carolina
South Dakota
Tennessee
Texas
Utah
Vermont
Virgin Islands
Virginia
Washington
West Virginia
Wisconsin
Wyoming
Marshall Island

 
Receipt Information:
  Email Address:* 
 
  Please check here to store the payment method for future use.

    These are Customer CC Terms
    These are CC Custom HTML'

2024-08-28 22:33:24 - [MESSAGE][PASSED] - Text of object 'Object Repository/IWP30/Page_Receipt/div_ReceiptSourceCode' is: 'Make a Real Estate Payment
Lorem ipsum dolor sit amet, consectetuer adipiscing elit, sed diam nonummy nibh euismod tincidunt ut laoreet dolore magna aliquam erat volutpat. Ut wisi enim ad minim veniam, quis nostrud exerci tation ullamcorper suscipit lobortis nisl ut aliquip ex ea commodo consequat.
  Required fields are highlighted with an asterisk.
  Please enter the following information about your payment:
  Tax Amount: $0.00
  Amount:*  $
  UDF1 Label:  udf data 1
  UDF2 Label: 
  UDF3 Label:* 
  UDF4 Label:*  udf data 4
  UDF6 Label:  udf data 6
  UDF7 Label: 
--Select One--
Orange
Purple

  UDF8 Label:* 
--Select One--
Tennis
Soccer

UDF8 Label is required
  UDF9 Label:*  udf data 9
 
Please enter the following information about your payment method:
  Cardholder's Name:* 
  Cards Accepted: 
  Card Number:* 
  Card Security Code:* 
  Expiration Date:*  
     
MM
  
     01
  
     02
  
     03
  
     04
  
     05
  
     06
  
     07
  
     08
  
     09
  
     10
  
     11
  
     12
  
     
     YYYY
  
     2024
  
     2025
  
     2026
  
     2027
  
     2028
  
     2029
  
     2030
  
     2031
  
     2032
  
     2033
  
     2034
  
     2035
  
     2036
  
     2037
  
     2038
  
     2039
  
    
  Payment Date:*


 
Billing Information:
  Address Line 1:* 
  Address Line 2: 
  Country:*  
      
  
United States
    
  ZIP Code:* 
  City: 
  State:  
     
  
     
  
     
  
     
  
     
  
     
  
     
  
     
  
     
  
     
  
     
  
     
  
     
  
     
  
     
  
     
  
     
  
     
  
     
  
     
  
     
  
     
  
     
  
     
  
     
  
     
  
     
  
     
  
     
  
     
  
     
  
     
  
     
  
     
  
     
  
     
  
     
  
     
  
     
  
     
  
     
  
     
  
     
  
     
  
     
  
     
  
     
  
     
  
     
  
     
  
     
  
     
  
     
  
     
  
     
  
     
  
     
  
     
  
     
  
     
  
     
  
     
  
     
  
     
  
     
  
     
  
    
--Select One--
Armed Forces Americas
Armed Forces Europe
Armed Forces Canada
Armed Forces Africa
Armed Forces Middle East
Armed Forces Pacific
Alabama
Alaska
American Samoa
Arizona
Arkansas
California
Colorado
Connecticut
Delaware
District of Columbia
Federated States of Micronesia
Florida
Georgia
Guam
Hawaii
Idaho
Illinois
Indiana
Iowa
Kansas
Kentucky
Louisiana
Maine
Maryland
Massachusetts
Michigan
Minnesota
Mississippi
Missouri
Montana
Nebraska
Nevada
New Hampshire
New Jersey
New Mexico
New York
North Carolina
North Dakota
Northern Mariana Islands
Ohio
Oklahoma
Oregon
Palau
Pennsylvania
Puerto Rico
Rhode Island
South Carolina
South Dakota
Tennessee
Texas
Utah
Vermont
Virgin Islands
Virginia
Washington
West Virginia
Wisconsin
Wyoming
Marshall Island

 
Receipt Information:
  Email Address:* 
 
  Please check here to store the payment method for future use.

    These are Customer CC Terms
    These are CC Custom HTML'

2024-08-28 22:33:24 - [TEST_STEP][PASSED] - ExecuteTC = findTestData(dataFile).getValue("Execute", row): null

2024-08-28 22:33:24 - [TEST_STEP][PASSED] - out.println("Value of Execute is : " + ExecuteTC): null

2024-08-28 22:33:24 - [TEST_STEP][FAILED] - if (ExecuteTC.equalsIgnoreCase("Y")): null

2024-08-28 22:33:24 - [TEST_STEP][PASSED] - out.println("Begin Record Number: " + row): null

2024-08-28 22:33:24 - [TEST_STEP][PASSED] - today = new java.util.Date(): null

2024-08-28 22:33:24 - [TEST_STEP][PASSED] - println(today): null

2024-08-28 22:33:24 - [TEST_STEP][PASSED] - datText = today: null

2024-08-28 22:33:24 - [TEST_STEP][PASSED] - EmulatorDataKey = findTestData(dataFile).getValue("EmulatorData", row): null

2024-08-28 22:33:24 - [TEST_STEP][PASSED] - out.println("Value of Emulator Key is : " + EmulatorDataKey): null

2024-08-28 22:33:24 - [TEST_STEP][PASSED] - iwpPages.emulatorIWP30.setDataEmulator_DD(EmulatorDataKey): iwpPages.emulatorIWP30.setDataEmulator_DD is PASSED

2024-08-28 22:33:25 - [MESSAGE][WARNING] - A browser is already opened. Closing browser and opening a new one

2024-08-28 22:33:26 - [MESSAGE][INFO] - Starting 'Chrome' driver

2024-08-28 22:33:26 - [MESSAGE][INFO] - User set preference: ['acceptInsecureCerts', 'true']

2024-08-28 22:33:26 - [MESSAGE][INFO] - Action delay is set to 0 milliseconds

2024-08-28 22:33:28 - [MESSAGE][PASSED] - Browser is opened with url: 'https://qa2.velocitypayment.com/agency/config.do?action=editor&message_version=3_0'

2024-08-28 22:33:28 - [MESSAGE][PASSED] - Current window maximized

2024-08-28 22:33:29 - [MESSAGE][PASSED] - All options with value '3.0' are selected in object 'Object Repository/IWP30/Page_VRelay30Emulator/MV'  using regular expression

2024-08-28 22:33:30 - [MESSAGE][PASSED] - Text '10.50' is set on object 'Object Repository/IWP30/Page_VRelay30Emulator/Amount'

2024-08-28 22:33:30 - [MESSAGE][PASSED] - Text '26412167' is set on object 'Object Repository/IWP30/Page_VRelay30Emulator/CAN'

2024-08-28 22:33:31 - [MESSAGE][PASSED] - Text 'PayNow' is set on object 'Object Repository/IWP30/Page_VRelay30Emulator/Action'

2024-08-28 22:33:32 - [MESSAGE][PASSED] - Text 'en_US' is set on object 'Object Repository/IWP30/Page_VRelay30Emulator/Lang'

2024-08-28 22:33:32 - [MESSAGE][PASSED] - Text 'Elizath' is set on object 'Object Repository/IWP30/Page_VRelay30Emulator/Fname'

2024-08-28 22:33:33 - [MESSAGE][PASSED] - Text 'Christine' is set on object 'Object Repository/IWP30/Page_VRelay30Emulator/Lname'

2024-08-28 22:33:34 - [MESSAGE][PASSED] - Text '258 Underwood rd' is set on object 'Object Repository/IWP30/Page_VRelay30Emulator/AL1'

2024-08-28 22:33:34 - [MESSAGE][PASSED] - Text 'Suite 600' is set on object 'Object Repository/IWP30/Page_VRelay30Emulator/AL2'

2024-08-28 22:33:35 - [MESSAGE][PASSED] - Text '840' is set on object 'Object Repository/IWP30/Page_VRelay30Emulator/Country'

2024-08-28 22:33:36 - [MESSAGE][PASSED] - Text 'Arlington' is set on object 'Object Repository/IWP30/Page_VRelay30Emulator/City'

2024-08-28 22:33:36 - [MESSAGE][PASSED] - Text 'VA' is set on object 'Object Repository/IWP30/Page_VRelay30Emulator/State'

2024-08-28 22:33:37 - [MESSAGE][PASSED] - Text '22201' is set on object 'Object Repository/IWP30/Page_VRelay30Emulator/ZIP'

2024-08-28 22:33:38 - [MESSAGE][PASSED] - Text '' is set on object 'Object Repository/IWP30/Page_VRelay30Emulator/Order'

2024-08-28 22:33:38 - [MESSAGE][PASSED] - Text '' is set on object 'Object Repository/IWP30/Page_VRelay30Emulator/Company'

2024-08-28 22:33:39 - [MESSAGE][PASSED] - Text 'iahmed@govolution.com' is set on object 'Object Repository/IWP30/Page_VRelay30Emulator/Email'

2024-08-28 22:33:40 - [MESSAGE][PASSED] - Text 'udf data 1' is set on object 'Object Repository/IWP30/Page_VRelay30Emulator/UDF1'

2024-08-28 22:33:40 - [MESSAGE][PASSED] - Text 'udf data 2' is set on object 'Object Repository/IWP30/Page_VRelay30Emulator/UDF2'

2024-08-28 22:33:41 - [MESSAGE][PASSED] - Text 'udf data 3' is set on object 'Object Repository/IWP30/Page_VRelay30Emulator/UDF3'

2024-08-28 22:33:42 - [MESSAGE][PASSED] - Text 'udf data 4' is set on object 'Object Repository/IWP30/Page_VRelay30Emulator/UDF4'

2024-08-28 22:33:42 - [MESSAGE][PASSED] - Text 'udf data 5' is set on object 'Object Repository/IWP30/Page_VRelay30Emulator/UDF5'

2024-08-28 22:33:43 - [MESSAGE][PASSED] - Text 'udf data 6' is set on object 'Object Repository/IWP30/Page_VRelay30Emulator/UDF6'

2024-08-28 22:33:44 - [MESSAGE][PASSED] - Text 'Orange' is set on object 'Object Repository/IWP30/Page_VRelay30Emulator/UDF7'

2024-08-28 22:33:44 - [MESSAGE][PASSED] - Text 'Soccer' is set on object 'Object Repository/IWP30/Page_VRelay30Emulator/UDF8'

2024-08-28 22:33:45 - [MESSAGE][PASSED] - Text 'udf data 9' is set on object 'Object Repository/IWP30/Page_VRelay30Emulator/UDF9'

2024-08-28 22:33:46 - [MESSAGE][PASSED] - Text 'udf data 10' is set on object 'Object Repository/IWP30/Page_VRelay30Emulator/UDF10'

2024-08-28 22:33:46 - [MESSAGE][PASSED] - Object: 'Object Repository/IWP30/Page_VRelay30Emulator/Submit' is clicked on

2024-08-28 22:33:51 - [MESSAGE][PASSED] - Browser is closed

2024-08-28 22:33:56 - [MESSAGE][PASSED] - iwpPages.emulatorIWP30.setDataEmulator_DD is PASSED

2024-08-28 22:33:56 - [TEST_STEP][PASSED] - testHarnessURL = urlTestHarness: null

2024-08-28 22:33:56 - [TEST_STEP][PASSED] - openBrowser(testHarnessURL): Browser is opened with url: 'https://dev-algorithm.govolution.com/vrelaytest/QA2/version_2_2/vrelaytest.html'

2024-08-28 22:33:56 - [MESSAGE][INFO] - Starting 'Chrome' driver

2024-08-28 22:33:56 - [MESSAGE][INFO] - User set preference: ['acceptInsecureCerts', 'true']

2024-08-28 22:33:56 - [MESSAGE][INFO] - Action delay is set to 0 milliseconds

2024-08-28 22:33:58 - [MESSAGE][PASSED] - Browser is opened with url: 'https://dev-algorithm.govolution.com/vrelaytest/QA2/version_2_2/vrelaytest.html'

2024-08-28 22:33:58 - [TEST_STEP][PASSED] - maximizeWindow(): Current window maximized

2024-08-28 22:33:58 - [MESSAGE][PASSED] - Current window maximized

2024-08-28 22:33:58 - [TEST_STEP][PASSED] - iwpPages.TestHarnessPage.setDataMethod(row, dataFile): iwpPages.TestHarnessPage.setDataMethod is PASSED

2024-08-28 22:33:58 - [MESSAGE][PASSED] - Object 'Object Repository/IWP30/Page_QATestHarness/RemittanceID' is present

2024-08-28 22:33:59 - [MESSAGE][PASSED] - Text '651' is set on object 'Object Repository/IWP30/Page_QATestHarness/ApplicationID'

2024-08-28 22:34:00 - [MESSAGE][PASSED] - Text '3.0' is set on object 'Object Repository/IWP30/Page_QATestHarness/MessageVersion'

2024-08-28 22:34:00 - [MESSAGE][PASSED] - Text 'g4pEUqQhP2Q9' is set on object 'Object Repository/IWP30/Page_QATestHarness/RemittanceID'

2024-08-28 22:34:01 - [MESSAGE][PASSED] - Object: 'Object Repository/IWP30/Page_QATestHarness/SubmitButton' is clicked on

2024-08-28 22:34:01 - [MESSAGE][PASSED] - iwpPages.TestHarnessPage.setDataMethod is PASSED

2024-08-28 22:34:01 - [TEST_STEP][PASSED] - check(findTestObject("Object Repository/IWP30/Page_SelectPaymentMethod/PayByCreditCard")): Object 'Object Repository/IWP30/Page_SelectPaymentMethod/PayByCreditCard' is checked

2024-08-28 22:34:02 - [MESSAGE][PASSED] - Object 'Object Repository/IWP30/Page_SelectPaymentMethod/PayByCreditCard' is checked

2024-08-28 22:34:02 - [TEST_STEP][PASSED] - click(findTestObject("Object Repository/IWP30/Page_SelectPaymentMethod/MakePaymentButton")): Object: 'Object Repository/IWP30/Page_SelectPaymentMethod/MakePaymentButton' is clicked on

2024-08-28 22:34:03 - [MESSAGE][PASSED] - Object: 'Object Repository/IWP30/Page_SelectPaymentMethod/MakePaymentButton' is clicked on

2024-08-28 22:34:03 - [TEST_STEP][PASSED] - iwpPages.ccPaymentEntryPage.setDataIWPCreditCard(row, dataFile): iwpPages.ccPaymentEntryPage.setDataIWPCreditCard is PASSED

2024-08-28 22:34:05 - [MESSAGE][PASSED] - Object 'Object Repository/IWP30/Page_CCPaymentEntry/Name' is present

2024-08-28 22:34:05 - [MESSAGE][PASSED] - Text '4761730000000011' is set on object 'Object Repository/IWP30/Page_CCPaymentEntry/CardNumber'

2024-08-28 22:34:06 - [MESSAGE][PASSED] - Text '123' is set on object 'Object Repository/IWP30/Page_CCPaymentEntry/SPC'

2024-08-28 22:34:07 - [MESSAGE][PASSED] - All options with label '12' are selected in object 'Object Repository/IWP30/Page_CCPaymentEntry/Month' 

2024-08-28 22:34:07 - [MESSAGE][PASSED] - All options with label '2028' are selected in object 'Object Repository/IWP30/Page_CCPaymentEntry/Year' 

2024-08-28 22:34:08 - [MESSAGE][PASSED] - Object 'Object Repository/IWP30/Page_CCPaymentEntry/TermCondCheckBox' is present

2024-08-28 22:34:08 - [MESSAGE][PASSED] - Object 'Object Repository/IWP30/Page_CCPaymentEntry/TermCondCheckBox' is checked

2024-08-28 22:34:09 - [MESSAGE][PASSED] - Object 'Object Repository/IWP30/Page_CCPaymentEntry/ContinueButton' is present

2024-08-28 22:34:10 - [MESSAGE][PASSED] - Object: 'Object Repository/IWP30/Page_CCPaymentEntry/ContinueButton' is clicked on

2024-08-28 22:34:10 - [MESSAGE][PASSED] - iwpPages.ccPaymentEntryPage.setDataIWPCreditCard is PASSED

2024-08-28 22:34:10 - [TEST_STEP][FAILED] - click(findTestObject("Object Repository/IWP30/Page_Confirmation/ConfirmButton")): Unable to click on object 'Object Repository/IWP30/Page_Confirmation/ConfirmButton' (Root cause: com.kms.katalon.core.exception.StepFailedException: Unable to click on object 'Object Repository/IWP30/Page_Confirmation/ConfirmButton'
	at com.kms.katalon.core.webui.keyword.internal.WebUIKeywordMain.stepFailed(WebUIKeywordMain.groovy:64)
	at com.kms.katalon.core.webui.keyword.internal.WebUIKeywordMain.runKeyword(WebUIKeywordMain.groovy:26)
	at com.kms.katalon.core.webui.keyword.builtin.ClickKeyword.click(ClickKeyword.groovy:74)
	at com.kms.katalon.core.webui.keyword.builtin.ClickKeyword.execute(ClickKeyword.groovy:40)
	at com.kms.katalon.core.keyword.internal.KeywordExecutor.executeKeywordForPlatform(KeywordExecutor.groovy:74)
	at com.kms.katalon.core.webui.keyword.WebUiBuiltInKeywords.click(WebUiBuiltInKeywords.groovy:620)
	at com.kms.katalon.core.webui.keyword.WebUiBuiltInKeywords$click$3.call(Unknown Source)
	at PayNowSuccessfulPaymentDCFCC.run(PayNowSuccessfulPaymentDCFCC:84)
	at com.kms.katalon.core.main.ScriptEngine.run(ScriptEngine.java:194)
	at com.kms.katalon.core.main.ScriptEngine.runScriptAsRawText(ScriptEngine.java:119)
	at com.kms.katalon.core.main.TestCaseExecutor.runScript(TestCaseExecutor.java:448)
	at com.kms.katalon.core.main.TestCaseExecutor.doExecute(TestCaseExecutor.java:439)
	at com.kms.katalon.core.main.TestCaseExecutor.processExecutionPhase(TestCaseExecutor.java:418)
	at com.kms.katalon.core.main.TestCaseExecutor.accessMainPhase(TestCaseExecutor.java:410)
	at com.kms.katalon.core.main.TestCaseExecutor.execute(TestCaseExecutor.java:285)
	at com.kms.katalon.core.common.CommonExecutor.accessTestCaseMainPhase(CommonExecutor.java:65)
	at com.kms.katalon.core.main.TestSuiteExecutor.accessTestSuiteMainPhase(TestSuiteExecutor.java:148)
	at com.kms.katalon.core.main.TestSuiteExecutor.execute(TestSuiteExecutor.java:106)
	at com.kms.katalon.core.main.TestCaseMain.startTestSuite(TestCaseMain.java:187)
	at com.kms.katalon.core.main.TestCaseMain$startTestSuite$0.call(Unknown Source)
	at TempTestSuite1724897904035.run(TempTestSuite1724897904035.groovy:35)
Caused by: com.kms.katalon.core.webui.exception.WebElementNotFoundException: Web element with id: 'Object Repository/IWP30/Page_Confirmation/ConfirmButton' located by '//*[@type = 'submit' and @name = 'confirmNotifyAction' and @id = 'submitYes' and @value = 'Confirm']' not found
	at com.kms.katalon.core.webui.common.WebUiCommonHelper.findWebElement(WebUiCommonHelper.java:1381)
	at com.kms.katalon.core.webui.keyword.internal.WebUIAbstractKeyword.findWebElement(WebUIAbstractKeyword.groovy:27)
	at com.kms.katalon.core.webui.keyword.builtin.ClickKeyword$_click_closure1.doCall(ClickKeyword.groovy:65)
	at com.kms.katalon.core.webui.keyword.builtin.ClickKeyword$_click_closure1.call(ClickKeyword.groovy)
	at com.kms.katalon.core.webui.keyword.internal.WebUIKeywordMain.runKeyword(WebUIKeywordMain.groovy:20)
	at com.kms.katalon.core.webui.keyword.builtin.ClickKeyword.click(ClickKeyword.groovy:74)
	at com.kms.katalon.core.webui.keyword.builtin.ClickKeyword.execute(ClickKeyword.groovy:40)
	at com.kms.katalon.core.keyword.internal.KeywordExecutor.executeKeywordForPlatform(KeywordExecutor.groovy:74)
	at com.kms.katalon.core.webui.keyword.WebUiBuiltInKeywords.click(WebUiBuiltInKeywords.groovy:620)
	at com.kms.katalon.core.webui.keyword.WebUiBuiltInKeywords$click$3.call(Unknown Source)
	at Script1686784733865.run(Script1686784733865.groovy:84)
	... 13 more
)

2024-08-28 22:34:41 - [MESSAGE][INFO] - Unable to find the element located by 'By.xpath: //*[@type = 'submit' and @name = 'confirmNotifyAction' and @id = 'submitYes' and @value = 'Confirm']'. Please recheck the objects properties to make sure the desired element is located. 

2024-08-28 22:34:41 - [MESSAGE][WARNING] - [SELF-HEALING] Failed to find element with id 'Object Repository/IWP30/Page_Confirmation/ConfirmButton'. Try using Self-healing.

2024-08-28 22:34:41 - [MESSAGE][WARNING] - [SELF-HEALING] Cannot find elements when the XPath is null.

2024-08-28 22:34:41 - [MESSAGE][WARNING] - [SELF-HEALING] Cannot find elements when the selector is null

2024-08-28 22:34:41 - [MESSAGE][FAILED] - Unable to click on object 'Object Repository/IWP30/Page_Confirmation/ConfirmButton' (Root cause: com.kms.katalon.core.exception.StepFailedException: Unable to click on object 'Object Repository/IWP30/Page_Confirmation/ConfirmButton'
	at com.kms.katalon.core.webui.keyword.internal.WebUIKeywordMain.stepFailed(WebUIKeywordMain.groovy:64)
	at com.kms.katalon.core.webui.keyword.internal.WebUIKeywordMain.runKeyword(WebUIKeywordMain.groovy:26)
	at com.kms.katalon.core.webui.keyword.builtin.ClickKeyword.click(ClickKeyword.groovy:74)
	at com.kms.katalon.core.webui.keyword.builtin.ClickKeyword.execute(ClickKeyword.groovy:40)
	at com.kms.katalon.core.keyword.internal.KeywordExecutor.executeKeywordForPlatform(KeywordExecutor.groovy:74)
	at com.kms.katalon.core.webui.keyword.WebUiBuiltInKeywords.click(WebUiBuiltInKeywords.groovy:620)
	at com.kms.katalon.core.webui.keyword.WebUiBuiltInKeywords$click$3.call(Unknown Source)
	at PayNowSuccessfulPaymentDCFCC.run(PayNowSuccessfulPaymentDCFCC:84)
	at com.kms.katalon.core.main.ScriptEngine.run(ScriptEngine.java:194)
	at com.kms.katalon.core.main.ScriptEngine.runScriptAsRawText(ScriptEngine.java:119)
	at com.kms.katalon.core.main.TestCaseExecutor.runScript(TestCaseExecutor.java:448)
	at com.kms.katalon.core.main.TestCaseExecutor.doExecute(TestCaseExecutor.java:439)
	at com.kms.katalon.core.main.TestCaseExecutor.processExecutionPhase(TestCaseExecutor.java:418)
	at com.kms.katalon.core.main.TestCaseExecutor.accessMainPhase(TestCaseExecutor.java:410)
	at com.kms.katalon.core.main.TestCaseExecutor.execute(TestCaseExecutor.java:285)
	at com.kms.katalon.core.common.CommonExecutor.accessTestCaseMainPhase(CommonExecutor.java:65)
	at com.kms.katalon.core.main.TestSuiteExecutor.accessTestSuiteMainPhase(TestSuiteExecutor.java:148)
	at com.kms.katalon.core.main.TestSuiteExecutor.execute(TestSuiteExecutor.java:106)
	at com.kms.katalon.core.main.TestCaseMain.startTestSuite(TestCaseMain.java:187)
	at com.kms.katalon.core.main.TestCaseMain$startTestSuite$0.call(Unknown Source)
	at TempTestSuite1724897904035.run(TempTestSuite1724897904035.groovy:35)
Caused by: com.kms.katalon.core.webui.exception.WebElementNotFoundException: Web element with id: 'Object Repository/IWP30/Page_Confirmation/ConfirmButton' located by '//*[@type = 'submit' and @name = 'confirmNotifyAction' and @id = 'submitYes' and @value = 'Confirm']' not found
	at com.kms.katalon.core.webui.common.WebUiCommonHelper.findWebElement(WebUiCommonHelper.java:1381)
	at com.kms.katalon.core.webui.keyword.internal.WebUIAbstractKeyword.findWebElement(WebUIAbstractKeyword.groovy:27)
	at com.kms.katalon.core.webui.keyword.builtin.ClickKeyword$_click_closure1.doCall(ClickKeyword.groovy:65)
	at com.kms.katalon.core.webui.keyword.builtin.ClickKeyword$_click_closure1.call(ClickKeyword.groovy)
	at com.kms.katalon.core.webui.keyword.internal.WebUIKeywordMain.runKeyword(WebUIKeywordMain.groovy:20)
	at com.kms.katalon.core.webui.keyword.builtin.ClickKeyword.click(ClickKeyword.groovy:74)
	at com.kms.katalon.core.webui.keyword.builtin.ClickKeyword.execute(ClickKeyword.groovy:40)
	at com.kms.katalon.core.keyword.internal.KeywordExecutor.executeKeywordForPlatform(KeywordExecutor.groovy:74)
	at com.kms.katalon.core.webui.keyword.WebUiBuiltInKeywords.click(WebUiBuiltInKeywords.groovy:620)
	at com.kms.katalon.core.webui.keyword.WebUiBuiltInKeywords$click$3.call(Unknown Source)
	at Script1686784733865.run(Script1686784733865.groovy:84)
	... 13 more
)
[[ATTACHMENT|E:\\Cloned-Project-Katalon\\VPS-Katalon\\Reports\\20240828_221824\\QA\\IWP3.0\\IWP30 Smoke TestSuite\\20240828_221824\\1724898881566.png]]

2024-08-28 22:34:41 - [TEST_STEP][PASSED] - Thread.sleep(10000): null

2024-08-28 22:34:51 - [TEST_STEP][PASSED] - click(findTestObject("Object Repository/IWP30/Page_AcceptCF/input_convFeeNotifyAction")): Object: 'Object Repository/IWP30/Page_AcceptCF/input_convFeeNotifyAction' is clicked on

2024-08-28 22:35:23 - [MESSAGE][INFO] - Unable to find the element located by 'By.xpath: //*[@type = 'submit' and @name = 'convFeeNotifyAction' and @id = 'submitYes']'. Please recheck the objects properties to make sure the desired element is located. 

2024-08-28 22:35:23 - [MESSAGE][WARNING] - [SELF-HEALING] Failed to find element with id 'Object Repository/IWP30/Page_AcceptCF/input_convFeeNotifyAction'. Try using Self-healing.

2024-08-28 22:35:23 - [MESSAGE][WARNING] - [SELF-HEALING] The current locator of test object 'Object Repository/IWP30/Page_AcceptCF/input_convFeeNotifyAction' was broken. Propose an alternative one: '//div/input'.

2024-08-28 22:35:23 - [MESSAGE][PASSED] - Object: 'Object Repository/IWP30/Page_AcceptCF/input_convFeeNotifyAction' is clicked on

2024-08-28 22:35:23 - [TEST_STEP][PASSED] - Thread.sleep(10000): null

2024-08-28 22:35:33 - [TEST_STEP][FAILED] - if (verifyTextPresent("Successful Payment Receipt", false)): Text 'Successful Payment Receipt' is not present on page  (Root cause: com.kms.katalon.core.exception.StepFailedException: Text 'Successful Payment Receipt' is not present on page 
	at com.kms.katalon.core.webui.keyword.internal.WebUIKeywordMain.stepFailed(WebUIKeywordMain.groovy:64)
	at com.kms.katalon.core.webui.keyword.builtin.VerifyTextPresentKeyword$_verifyTextPresent_closure1.doCall(VerifyTextPresentKeyword.groovy:79)
	at com.kms.katalon.core.webui.keyword.builtin.VerifyTextPresentKeyword$_verifyTextPresent_closure1.call(VerifyTextPresentKeyword.groovy)
	at com.kms.katalon.core.webui.keyword.internal.WebUIKeywordMain.runKeyword(WebUIKeywordMain.groovy:20)
	at com.kms.katalon.core.webui.keyword.builtin.VerifyTextPresentKeyword.verifyTextPresent(VerifyTextPresentKeyword.groovy:83)
	at com.kms.katalon.core.webui.keyword.builtin.VerifyTextPresentKeyword.execute(VerifyTextPresentKeyword.groovy:68)
	at com.kms.katalon.core.keyword.internal.KeywordExecutor.executeKeywordForPlatform(KeywordExecutor.groovy:74)
	at com.kms.katalon.core.webui.keyword.WebUiBuiltInKeywords.verifyTextPresent(WebUiBuiltInKeywords.groovy:1723)
	at com.kms.katalon.core.webui.keyword.WebUiBuiltInKeywords$verifyTextPresent$8.call(Unknown Source)
	at PayNowSuccessfulPaymentDCFCC.run(PayNowSuccessfulPaymentDCFCC:94)
	at com.kms.katalon.core.main.ScriptEngine.run(ScriptEngine.java:194)
	at com.kms.katalon.core.main.ScriptEngine.runScriptAsRawText(ScriptEngine.java:119)
	at com.kms.katalon.core.main.TestCaseExecutor.runScript(TestCaseExecutor.java:448)
	at com.kms.katalon.core.main.TestCaseExecutor.doExecute(TestCaseExecutor.java:439)
	at com.kms.katalon.core.main.TestCaseExecutor.processExecutionPhase(TestCaseExecutor.java:418)
	at com.kms.katalon.core.main.TestCaseExecutor.accessMainPhase(TestCaseExecutor.java:410)
	at com.kms.katalon.core.main.TestCaseExecutor.execute(TestCaseExecutor.java:285)
	at com.kms.katalon.core.common.CommonExecutor.accessTestCaseMainPhase(CommonExecutor.java:65)
	at com.kms.katalon.core.main.TestSuiteExecutor.accessTestSuiteMainPhase(TestSuiteExecutor.java:148)
	at com.kms.katalon.core.main.TestSuiteExecutor.execute(TestSuiteExecutor.java:106)
	at com.kms.katalon.core.main.TestCaseMain.startTestSuite(TestCaseMain.java:187)
	at com.kms.katalon.core.main.TestCaseMain$startTestSuite$0.call(Unknown Source)
	at TempTestSuite1724897904035.run(TempTestSuite1724897904035.groovy:35)
)

2024-08-28 22:35:33 - [MESSAGE][FAILED] - Text 'Successful Payment Receipt' is not present on page  (Root cause: com.kms.katalon.core.exception.StepFailedException: Text 'Successful Payment Receipt' is not present on page 
	at com.kms.katalon.core.webui.keyword.internal.WebUIKeywordMain.stepFailed(WebUIKeywordMain.groovy:64)
	at com.kms.katalon.core.webui.keyword.builtin.VerifyTextPresentKeyword$_verifyTextPresent_closure1.doCall(VerifyTextPresentKeyword.groovy:79)
	at com.kms.katalon.core.webui.keyword.builtin.VerifyTextPresentKeyword$_verifyTextPresent_closure1.call(VerifyTextPresentKeyword.groovy)
	at com.kms.katalon.core.webui.keyword.internal.WebUIKeywordMain.runKeyword(WebUIKeywordMain.groovy:20)
	at com.kms.katalon.core.webui.keyword.builtin.VerifyTextPresentKeyword.verifyTextPresent(VerifyTextPresentKeyword.groovy:83)
	at com.kms.katalon.core.webui.keyword.builtin.VerifyTextPresentKeyword.execute(VerifyTextPresentKeyword.groovy:68)
	at com.kms.katalon.core.keyword.internal.KeywordExecutor.executeKeywordForPlatform(KeywordExecutor.groovy:74)
	at com.kms.katalon.core.webui.keyword.WebUiBuiltInKeywords.verifyTextPresent(WebUiBuiltInKeywords.groovy:1723)
	at com.kms.katalon.core.webui.keyword.WebUiBuiltInKeywords$verifyTextPresent$8.call(Unknown Source)
	at PayNowSuccessfulPaymentDCFCC.run(PayNowSuccessfulPaymentDCFCC:94)
	at com.kms.katalon.core.main.ScriptEngine.run(ScriptEngine.java:194)
	at com.kms.katalon.core.main.ScriptEngine.runScriptAsRawText(ScriptEngine.java:119)
	at com.kms.katalon.core.main.TestCaseExecutor.runScript(TestCaseExecutor.java:448)
	at com.kms.katalon.core.main.TestCaseExecutor.doExecute(TestCaseExecutor.java:439)
	at com.kms.katalon.core.main.TestCaseExecutor.processExecutionPhase(TestCaseExecutor.java:418)
	at com.kms.katalon.core.main.TestCaseExecutor.accessMainPhase(TestCaseExecutor.java:410)
	at com.kms.katalon.core.main.TestCaseExecutor.execute(TestCaseExecutor.java:285)
	at com.kms.katalon.core.common.CommonExecutor.accessTestCaseMainPhase(CommonExecutor.java:65)
	at com.kms.katalon.core.main.TestSuiteExecutor.accessTestSuiteMainPhase(TestSuiteExecutor.java:148)
	at com.kms.katalon.core.main.TestSuiteExecutor.execute(TestSuiteExecutor.java:106)
	at com.kms.katalon.core.main.TestCaseMain.startTestSuite(TestCaseMain.java:187)
	at com.kms.katalon.core.main.TestCaseMain$startTestSuite$0.call(Unknown Source)
	at TempTestSuite1724897904035.run(TempTestSuite1724897904035.groovy:35)
)

2024-08-28 22:35:33 - [TEST_STEP][FAILED] - else: null

2024-08-28 22:35:33 - [TEST_STEP][PASSED] - println("Successful Payment Receipt text is not present on the Receipt page"): null

2024-08-28 22:35:33 - [TEST_STEP][FAILED] - markFailed("Error on Page is : " + getText(findTestObject("Object Repository/IWP30/Page_Receipt/div_ReceiptSourceCode"))): Error on Page is : Make a Real Estate Payment
Lorem ipsum dolor sit amet, consectetuer adipiscing elit, sed diam nonummy nibh euismod tincidunt ut laoreet dolore magna aliquam erat volutpat. Ut wisi enim ad minim veniam, quis nostrud exerci tation ullamcorper suscipit lobortis nisl ut aliquip ex ea commodo consequat.
  Required fields are highlighted with an asterisk.
  Please enter the following information about your payment:
  Tax Amount: $0.00
  Amount:*  $
  UDF1 Label:  udf data 1
  UDF2 Label: 
  UDF3 Label:* 
  UDF4 Label:*  udf data 4
  UDF6 Label:  udf data 6
  UDF7 Label: 
--Select One--
Orange
Purple

  UDF8 Label:* 
--Select One--
Tennis
Soccer

UDF8 Label is required
  UDF9 Label:*  udf data 9
 
Please enter the following information about your payment method:
  Cardholder's Name:* 
  Cards Accepted: 
  Card Number:* 
  Card Security Code:* 
  Expiration Date:*  
     
MM
  
     01
  
     02
  
     03
  
     04
  
     05
  
     06
  
     07
  
     08
  
     09
  
     10
  
     11
  
     12
  
     
     YYYY
  
     2024
  
     2025
  
     2026
  
     2027
  
     2028
  
     2029
  
     2030
  
     2031
  
     2032
  
     2033
  
     2034
  
     2035
  
     2036
  
     2037
  
     2038
  
     2039
  
    
  Payment Date:*


 
Billing Information:
  Address Line 1:* 
  Address Line 2: 
  Country:*  
      
  
United States
    
  ZIP Code:* 
  City: 
  State:  
     
  
     
  
     
  
     
  
     
  
     
  
     
  
     
  
     
  
     
  
     
  
     
  
     
  
     
  
     
  
     
  
     
  
     
  
     
  
     
  
     
  
     
  
     
  
     
  
     
  
     
  
     
  
     
  
     
  
     
  
     
  
     
  
     
  
     
  
     
  
     
  
     
  
     
  
     
  
     
  
     
  
     
  
     
  
     
  
     
  
     
  
     
  
     
  
     
  
     
  
     
  
     
  
     
  
     
  
     
  
     
  
     
  
     
  
     
  
     
  
     
  
     
  
     
  
     
  
     
  
     
  
    
--Select One--
Armed Forces Americas
Armed Forces Europe
Armed Forces Canada
Armed Forces Africa
Armed Forces Middle East
Armed Forces Pacific
Alabama
Alaska
American Samoa
Arizona
Arkansas
California
Colorado
Connecticut
Delaware
District of Columbia
Federated States of Micronesia
Florida
Georgia
Guam
Hawaii
Idaho
Illinois
Indiana
Iowa
Kansas
Kentucky
Louisiana
Maine
Maryland
Massachusetts
Michigan
Minnesota
Mississippi
Missouri
Montana
Nebraska
Nevada
New Hampshire
New Jersey
New Mexico
New York
North Carolina
North Dakota
Northern Mariana Islands
Ohio
Oklahoma
Oregon
Palau
Pennsylvania
Puerto Rico
Rhode Island
South Carolina
South Dakota
Tennessee
Texas
Utah
Vermont
Virgin Islands
Virginia
Washington
West Virginia
Wisconsin
Wyoming
Marshall Island

 
Receipt Information:
  Email Address:* 
 
  Please check here to store the payment method for future use.

    These are Customer CC Terms
    These are CC Custom HTML

2024-08-28 22:35:34 - [MESSAGE][PASSED] - Text of object 'Object Repository/IWP30/Page_Receipt/div_ReceiptSourceCode' is: 'Make a Real Estate Payment
Lorem ipsum dolor sit amet, consectetuer adipiscing elit, sed diam nonummy nibh euismod tincidunt ut laoreet dolore magna aliquam erat volutpat. Ut wisi enim ad minim veniam, quis nostrud exerci tation ullamcorper suscipit lobortis nisl ut aliquip ex ea commodo consequat.
  Required fields are highlighted with an asterisk.
  Please enter the following information about your payment:
  Tax Amount: $0.00
  Amount:*  $
  UDF1 Label:  udf data 1
  UDF2 Label: 
  UDF3 Label:* 
  UDF4 Label:*  udf data 4
  UDF6 Label:  udf data 6
  UDF7 Label: 
--Select One--
Orange
Purple

  UDF8 Label:* 
--Select One--
Tennis
Soccer

UDF8 Label is required
  UDF9 Label:*  udf data 9
 
Please enter the following information about your payment method:
  Cardholder's Name:* 
  Cards Accepted: 
  Card Number:* 
  Card Security Code:* 
  Expiration Date:*  
     
MM
  
     01
  
     02
  
     03
  
     04
  
     05
  
     06
  
     07
  
     08
  
     09
  
     10
  
     11
  
     12
  
     
     YYYY
  
     2024
  
     2025
  
     2026
  
     2027
  
     2028
  
     2029
  
     2030
  
     2031
  
     2032
  
     2033
  
     2034
  
     2035
  
     2036
  
     2037
  
     2038
  
     2039
  
    
  Payment Date:*


 
Billing Information:
  Address Line 1:* 
  Address Line 2: 
  Country:*  
      
  
United States
    
  ZIP Code:* 
  City: 
  State:  
     
  
     
  
     
  
     
  
     
  
     
  
     
  
     
  
     
  
     
  
     
  
     
  
     
  
     
  
     
  
     
  
     
  
     
  
     
  
     
  
     
  
     
  
     
  
     
  
     
  
     
  
     
  
     
  
     
  
     
  
     
  
     
  
     
  
     
  
     
  
     
  
     
  
     
  
     
  
     
  
     
  
     
  
     
  
     
  
     
  
     
  
     
  
     
  
     
  
     
  
     
  
     
  
     
  
     
  
     
  
     
  
     
  
     
  
     
  
     
  
     
  
     
  
     
  
     
  
     
  
     
  
    
--Select One--
Armed Forces Americas
Armed Forces Europe
Armed Forces Canada
Armed Forces Africa
Armed Forces Middle East
Armed Forces Pacific
Alabama
Alaska
American Samoa
Arizona
Arkansas
California
Colorado
Connecticut
Delaware
District of Columbia
Federated States of Micronesia
Florida
Georgia
Guam
Hawaii
Idaho
Illinois
Indiana
Iowa
Kansas
Kentucky
Louisiana
Maine
Maryland
Massachusetts
Michigan
Minnesota
Mississippi
Missouri
Montana
Nebraska
Nevada
New Hampshire
New Jersey
New Mexico
New York
North Carolina
North Dakota
Northern Mariana Islands
Ohio
Oklahoma
Oregon
Palau
Pennsylvania
Puerto Rico
Rhode Island
South Carolina
South Dakota
Tennessee
Texas
Utah
Vermont
Virgin Islands
Virginia
Washington
West Virginia
Wisconsin
Wyoming
Marshall Island

 
Receipt Information:
  Email Address:* 
 
  Please check here to store the payment method for future use.

    These are Customer CC Terms
    These are CC Custom HTML'

2024-08-28 22:35:34 - [MESSAGE][FAILED] - Error on Page is : Make a Real Estate Payment
Lorem ipsum dolor sit amet, consectetuer adipiscing elit, sed diam nonummy nibh euismod tincidunt ut laoreet dolore magna aliquam erat volutpat. Ut wisi enim ad minim veniam, quis nostrud exerci tation ullamcorper suscipit lobortis nisl ut aliquip ex ea commodo consequat.
  Required fields are highlighted with an asterisk.
  Please enter the following information about your payment:
  Tax Amount: $0.00
  Amount:*  $
  UDF1 Label:  udf data 1
  UDF2 Label: 
  UDF3 Label:* 
  UDF4 Label:*  udf data 4
  UDF6 Label:  udf data 6
  UDF7 Label: 
--Select One--
Orange
Purple

  UDF8 Label:* 
--Select One--
Tennis
Soccer

UDF8 Label is required
  UDF9 Label:*  udf data 9
 
Please enter the following information about your payment method:
  Cardholder's Name:* 
  Cards Accepted: 
  Card Number:* 
  Card Security Code:* 
  Expiration Date:*  
     
MM
  
     01
  
     02
  
     03
  
     04
  
     05
  
     06
  
     07
  
     08
  
     09
  
     10
  
     11
  
     12
  
     
     YYYY
  
     2024
  
     2025
  
     2026
  
     2027
  
     2028
  
     2029
  
     2030
  
     2031
  
     2032
  
     2033
  
     2034
  
     2035
  
     2036
  
     2037
  
     2038
  
     2039
  
    
  Payment Date:*


 
Billing Information:
  Address Line 1:* 
  Address Line 2: 
  Country:*  
      
  
United States
    
  ZIP Code:* 
  City: 
  State:  
     
  
     
  
     
  
     
  
     
  
     
  
     
  
     
  
     
  
     
  
     
  
     
  
     
  
     
  
     
  
     
  
     
  
     
  
     
  
     
  
     
  
     
  
     
  
     
  
     
  
     
  
     
  
     
  
     
  
     
  
     
  
     
  
     
  
     
  
     
  
     
  
     
  
     
  
     
  
     
  
     
  
     
  
     
  
     
  
     
  
     
  
     
  
     
  
     
  
     
  
     
  
     
  
     
  
     
  
     
  
     
  
     
  
     
  
     
  
     
  
     
  
     
  
     
  
     
  
     
  
     
  
    
--Select One--
Armed Forces Americas
Armed Forces Europe
Armed Forces Canada
Armed Forces Africa
Armed Forces Middle East
Armed Forces Pacific
Alabama
Alaska
American Samoa
Arizona
Arkansas
California
Colorado
Connecticut
Delaware
District of Columbia
Federated States of Micronesia
Florida
Georgia
Guam
Hawaii
Idaho
Illinois
Indiana
Iowa
Kansas
Kentucky
Louisiana
Maine
Maryland
Massachusetts
Michigan
Minnesota
Mississippi
Missouri
Montana
Nebraska
Nevada
New Hampshire
New Jersey
New Mexico
New York
North Carolina
North Dakota
Northern Mariana Islands
Ohio
Oklahoma
Oregon
Palau
Pennsylvania
Puerto Rico
Rhode Island
South Carolina
South Dakota
Tennessee
Texas
Utah
Vermont
Virgin Islands
Virginia
Washington
West Virginia
Wisconsin
Wyoming
Marshall Island

 
Receipt Information:
  Email Address:* 
 
  Please check here to store the payment method for future use.

    These are Customer CC Terms
    These are CC Custom HTML

2024-08-28 22:35:34 - [TEST_STEP][PASSED] - resText = "Fail": null

2024-08-28 22:35:34 - [TEST_STEP][PASSED] - pages.WriteExcel.demoKey(resText, datText, resColumn, datCloumn, fileLoc, nameSheet, row): pages.WriteExcel.demoKey is PASSED

2024-08-28 22:35:34 - [MESSAGE][PASSED] - pages.WriteExcel.demoKey is PASSED

2024-08-28 22:35:34 - [TEST_STEP][PASSED] - println(getText(findTestObject("Object Repository/IWP30/Page_Receipt/div_ReceiptSourceCode"))): Text of object 'Object Repository/IWP30/Page_Receipt/div_ReceiptSourceCode' is: 'Make a Real Estate Payment
Lorem ipsum dolor sit amet, consectetuer adipiscing elit, sed diam nonummy nibh euismod tincidunt ut laoreet dolore magna aliquam erat volutpat. Ut wisi enim ad minim veniam, quis nostrud exerci tation ullamcorper suscipit lobortis nisl ut aliquip ex ea commodo consequat.
  Required fields are highlighted with an asterisk.
  Please enter the following information about your payment:
  Tax Amount: $0.00
  Amount:*  $
  UDF1 Label:  udf data 1
  UDF2 Label: 
  UDF3 Label:* 
  UDF4 Label:*  udf data 4
  UDF6 Label:  udf data 6
  UDF7 Label: 
--Select One--
Orange
Purple

  UDF8 Label:* 
--Select One--
Tennis
Soccer

UDF8 Label is required
  UDF9 Label:*  udf data 9
 
Please enter the following information about your payment method:
  Cardholder's Name:* 
  Cards Accepted: 
  Card Number:* 
  Card Security Code:* 
  Expiration Date:*  
     
MM
  
     01
  
     02
  
     03
  
     04
  
     05
  
     06
  
     07
  
     08
  
     09
  
     10
  
     11
  
     12
  
     
     YYYY
  
     2024
  
     2025
  
     2026
  
     2027
  
     2028
  
     2029
  
     2030
  
     2031
  
     2032
  
     2033
  
     2034
  
     2035
  
     2036
  
     2037
  
     2038
  
     2039
  
    
  Payment Date:*


 
Billing Information:
  Address Line 1:* 
  Address Line 2: 
  Country:*  
      
  
United States
    
  ZIP Code:* 
  City: 
  State:  
     
  
     
  
     
  
     
  
     
  
     
  
     
  
     
  
     
  
     
  
     
  
     
  
     
  
     
  
     
  
     
  
     
  
     
  
     
  
     
  
     
  
     
  
     
  
     
  
     
  
     
  
     
  
     
  
     
  
     
  
     
  
     
  
     
  
     
  
     
  
     
  
     
  
     
  
     
  
     
  
     
  
     
  
     
  
     
  
     
  
     
  
     
  
     
  
     
  
     
  
     
  
     
  
     
  
     
  
     
  
     
  
     
  
     
  
     
  
     
  
     
  
     
  
     
  
     
  
     
  
     
  
    
--Select One--
Armed Forces Americas
Armed Forces Europe
Armed Forces Canada
Armed Forces Africa
Armed Forces Middle East
Armed Forces Pacific
Alabama
Alaska
American Samoa
Arizona
Arkansas
California
Colorado
Connecticut
Delaware
District of Columbia
Federated States of Micronesia
Florida
Georgia
Guam
Hawaii
Idaho
Illinois
Indiana
Iowa
Kansas
Kentucky
Louisiana
Maine
Maryland
Massachusetts
Michigan
Minnesota
Mississippi
Missouri
Montana
Nebraska
Nevada
New Hampshire
New Jersey
New Mexico
New York
North Carolina
North Dakota
Northern Mariana Islands
Ohio
Oklahoma
Oregon
Palau
Pennsylvania
Puerto Rico
Rhode Island
South Carolina
South Dakota
Tennessee
Texas
Utah
Vermont
Virgin Islands
Virginia
Washington
West Virginia
Wisconsin
Wyoming
Marshall Island

 
Receipt Information:
  Email Address:* 
 
  Please check here to store the payment method for future use.

    These are Customer CC Terms
    These are CC Custom HTML'

2024-08-28 22:35:34 - [MESSAGE][PASSED] - Text of object 'Object Repository/IWP30/Page_Receipt/div_ReceiptSourceCode' is: 'Make a Real Estate Payment
Lorem ipsum dolor sit amet, consectetuer adipiscing elit, sed diam nonummy nibh euismod tincidunt ut laoreet dolore magna aliquam erat volutpat. Ut wisi enim ad minim veniam, quis nostrud exerci tation ullamcorper suscipit lobortis nisl ut aliquip ex ea commodo consequat.
  Required fields are highlighted with an asterisk.
  Please enter the following information about your payment:
  Tax Amount: $0.00
  Amount:*  $
  UDF1 Label:  udf data 1
  UDF2 Label: 
  UDF3 Label:* 
  UDF4 Label:*  udf data 4
  UDF6 Label:  udf data 6
  UDF7 Label: 
--Select One--
Orange
Purple

  UDF8 Label:* 
--Select One--
Tennis
Soccer

UDF8 Label is required
  UDF9 Label:*  udf data 9
 
Please enter the following information about your payment method:
  Cardholder's Name:* 
  Cards Accepted: 
  Card Number:* 
  Card Security Code:* 
  Expiration Date:*  
     
MM
  
     01
  
     02
  
     03
  
     04
  
     05
  
     06
  
     07
  
     08
  
     09
  
     10
  
     11
  
     12
  
     
     YYYY
  
     2024
  
     2025
  
     2026
  
     2027
  
     2028
  
     2029
  
     2030
  
     2031
  
     2032
  
     2033
  
     2034
  
     2035
  
     2036
  
     2037
  
     2038
  
     2039
  
    
  Payment Date:*


 
Billing Information:
  Address Line 1:* 
  Address Line 2: 
  Country:*  
      
  
United States
    
  ZIP Code:* 
  City: 
  State:  
     
  
     
  
     
  
     
  
     
  
     
  
     
  
     
  
     
  
     
  
     
  
     
  
     
  
     
  
     
  
     
  
     
  
     
  
     
  
     
  
     
  
     
  
     
  
     
  
     
  
     
  
     
  
     
  
     
  
     
  
     
  
     
  
     
  
     
  
     
  
     
  
     
  
     
  
     
  
     
  
     
  
     
  
     
  
     
  
     
  
     
  
     
  
     
  
     
  
     
  
     
  
     
  
     
  
     
  
     
  
     
  
     
  
     
  
     
  
     
  
     
  
     
  
     
  
     
  
     
  
     
  
    
--Select One--
Armed Forces Americas
Armed Forces Europe
Armed Forces Canada
Armed Forces Africa
Armed Forces Middle East
Armed Forces Pacific
Alabama
Alaska
American Samoa
Arizona
Arkansas
California
Colorado
Connecticut
Delaware
District of Columbia
Federated States of Micronesia
Florida
Georgia
Guam
Hawaii
Idaho
Illinois
Indiana
Iowa
Kansas
Kentucky
Louisiana
Maine
Maryland
Massachusetts
Michigan
Minnesota
Mississippi
Missouri
Montana
Nebraska
Nevada
New Hampshire
New Jersey
New Mexico
New York
North Carolina
North Dakota
Northern Mariana Islands
Ohio
Oklahoma
Oregon
Palau
Pennsylvania
Puerto Rico
Rhode Island
South Carolina
South Dakota
Tennessee
Texas
Utah
Vermont
Virgin Islands
Virginia
Washington
West Virginia
Wisconsin
Wyoming
Marshall Island

 
Receipt Information:
  Email Address:* 
 
  Please check here to store the payment method for future use.

    These are Customer CC Terms
    These are CC Custom HTML'

2024-08-28 22:35:34 - [TEST_STEP][PASSED] - ExecuteTC = findTestData(dataFile).getValue("Execute", row): null

2024-08-28 22:35:34 - [TEST_STEP][PASSED] - out.println("Value of Execute is : " + ExecuteTC): null

2024-08-28 22:35:34 - [TEST_STEP][FAILED] - if (ExecuteTC.equalsIgnoreCase("Y")): null

2024-08-28 22:35:34 - [TEST_STEP][PASSED] - out.println("Begin Record Number: " + row): null

2024-08-28 22:35:34 - [TEST_STEP][PASSED] - today = new java.util.Date(): null

2024-08-28 22:35:34 - [TEST_STEP][PASSED] - println(today): null

2024-08-28 22:35:34 - [TEST_STEP][PASSED] - datText = today: null

2024-08-28 22:35:34 - [TEST_STEP][PASSED] - EmulatorDataKey = findTestData(dataFile).getValue("EmulatorData", row): null

2024-08-28 22:35:34 - [TEST_STEP][PASSED] - out.println("Value of Emulator Key is : " + EmulatorDataKey): null

2024-08-28 22:35:34 - [TEST_STEP][PASSED] - iwpPages.emulatorIWP30.setDataEmulator_DD(EmulatorDataKey): iwpPages.emulatorIWP30.setDataEmulator_DD is PASSED

2024-08-28 22:35:35 - [MESSAGE][WARNING] - A browser is already opened. Closing browser and opening a new one

2024-08-28 22:35:36 - [MESSAGE][INFO] - Starting 'Chrome' driver

2024-08-28 22:35:36 - [MESSAGE][INFO] - User set preference: ['acceptInsecureCerts', 'true']

2024-08-28 22:35:36 - [MESSAGE][INFO] - Action delay is set to 0 milliseconds

2024-08-28 22:35:38 - [MESSAGE][PASSED] - Browser is opened with url: 'https://qa2.velocitypayment.com/agency/config.do?action=editor&message_version=3_0'

2024-08-28 22:35:38 - [MESSAGE][PASSED] - Current window maximized

2024-08-28 22:35:39 - [MESSAGE][PASSED] - All options with value '3.0' are selected in object 'Object Repository/IWP30/Page_VRelay30Emulator/MV'  using regular expression

2024-08-28 22:35:40 - [MESSAGE][PASSED] - Text '10.50' is set on object 'Object Repository/IWP30/Page_VRelay30Emulator/Amount'

2024-08-28 22:35:41 - [MESSAGE][PASSED] - Text '26412167' is set on object 'Object Repository/IWP30/Page_VRelay30Emulator/CAN'

2024-08-28 22:35:41 - [MESSAGE][PASSED] - Text 'PayNow' is set on object 'Object Repository/IWP30/Page_VRelay30Emulator/Action'

2024-08-28 22:35:42 - [MESSAGE][PASSED] - Text 'en_US' is set on object 'Object Repository/IWP30/Page_VRelay30Emulator/Lang'

2024-08-28 22:35:43 - [MESSAGE][PASSED] - Text 'Elizath' is set on object 'Object Repository/IWP30/Page_VRelay30Emulator/Fname'

2024-08-28 22:35:43 - [MESSAGE][PASSED] - Text 'Christine' is set on object 'Object Repository/IWP30/Page_VRelay30Emulator/Lname'

2024-08-28 22:35:44 - [MESSAGE][PASSED] - Text '258 Underwood rd' is set on object 'Object Repository/IWP30/Page_VRelay30Emulator/AL1'

2024-08-28 22:35:45 - [MESSAGE][PASSED] - Text 'Suite 600' is set on object 'Object Repository/IWP30/Page_VRelay30Emulator/AL2'

2024-08-28 22:35:45 - [MESSAGE][PASSED] - Text '840' is set on object 'Object Repository/IWP30/Page_VRelay30Emulator/Country'

2024-08-28 22:35:46 - [MESSAGE][PASSED] - Text 'Arlington' is set on object 'Object Repository/IWP30/Page_VRelay30Emulator/City'

2024-08-28 22:35:46 - [MESSAGE][PASSED] - Text 'VA' is set on object 'Object Repository/IWP30/Page_VRelay30Emulator/State'

2024-08-28 22:35:47 - [MESSAGE][PASSED] - Text '22201' is set on object 'Object Repository/IWP30/Page_VRelay30Emulator/ZIP'

2024-08-28 22:35:48 - [MESSAGE][PASSED] - Text '' is set on object 'Object Repository/IWP30/Page_VRelay30Emulator/Order'

2024-08-28 22:35:48 - [MESSAGE][PASSED] - Text '' is set on object 'Object Repository/IWP30/Page_VRelay30Emulator/Company'

2024-08-28 22:35:49 - [MESSAGE][PASSED] - Text 'iahmed@govolution.com' is set on object 'Object Repository/IWP30/Page_VRelay30Emulator/Email'

2024-08-28 22:35:50 - [MESSAGE][PASSED] - Text 'udf data 1' is set on object 'Object Repository/IWP30/Page_VRelay30Emulator/UDF1'

2024-08-28 22:35:51 - [MESSAGE][PASSED] - Text 'udf data 2' is set on object 'Object Repository/IWP30/Page_VRelay30Emulator/UDF2'

2024-08-28 22:35:51 - [MESSAGE][PASSED] - Text 'udf data 3' is set on object 'Object Repository/IWP30/Page_VRelay30Emulator/UDF3'

2024-08-28 22:35:52 - [MESSAGE][PASSED] - Text 'udf data 4' is set on object 'Object Repository/IWP30/Page_VRelay30Emulator/UDF4'

2024-08-28 22:35:52 - [MESSAGE][PASSED] - Text 'udf data 5' is set on object 'Object Repository/IWP30/Page_VRelay30Emulator/UDF5'

2024-08-28 22:35:53 - [MESSAGE][PASSED] - Text 'udf data 6' is set on object 'Object Repository/IWP30/Page_VRelay30Emulator/UDF6'

2024-08-28 22:35:54 - [MESSAGE][PASSED] - Text 'Orange' is set on object 'Object Repository/IWP30/Page_VRelay30Emulator/UDF7'

2024-08-28 22:35:54 - [MESSAGE][PASSED] - Text 'Soccer' is set on object 'Object Repository/IWP30/Page_VRelay30Emulator/UDF8'

2024-08-28 22:35:55 - [MESSAGE][PASSED] - Text 'udf data 9' is set on object 'Object Repository/IWP30/Page_VRelay30Emulator/UDF9'

2024-08-28 22:35:56 - [MESSAGE][PASSED] - Text 'udf data 10' is set on object 'Object Repository/IWP30/Page_VRelay30Emulator/UDF10'

2024-08-28 22:35:56 - [MESSAGE][PASSED] - Object: 'Object Repository/IWP30/Page_VRelay30Emulator/Submit' is clicked on

2024-08-28 22:36:02 - [MESSAGE][PASSED] - Browser is closed

2024-08-28 22:36:06 - [MESSAGE][PASSED] - iwpPages.emulatorIWP30.setDataEmulator_DD is PASSED

2024-08-28 22:36:06 - [TEST_STEP][PASSED] - testHarnessURL = urlTestHarness: null

2024-08-28 22:36:06 - [TEST_STEP][PASSED] - openBrowser(testHarnessURL): Browser is opened with url: 'https://dev-algorithm.govolution.com/vrelaytest/QA2/version_2_2/vrelaytest.html'

2024-08-28 22:36:06 - [MESSAGE][INFO] - Starting 'Chrome' driver

2024-08-28 22:36:06 - [MESSAGE][INFO] - User set preference: ['acceptInsecureCerts', 'true']

2024-08-28 22:36:06 - [MESSAGE][INFO] - Action delay is set to 0 milliseconds

2024-08-28 22:36:08 - [MESSAGE][PASSED] - Browser is opened with url: 'https://dev-algorithm.govolution.com/vrelaytest/QA2/version_2_2/vrelaytest.html'

2024-08-28 22:36:08 - [TEST_STEP][PASSED] - maximizeWindow(): Current window maximized

2024-08-28 22:36:08 - [MESSAGE][PASSED] - Current window maximized

2024-08-28 22:36:08 - [TEST_STEP][PASSED] - iwpPages.TestHarnessPage.setDataMethod(row, dataFile): iwpPages.TestHarnessPage.setDataMethod is PASSED

2024-08-28 22:36:08 - [MESSAGE][PASSED] - Object 'Object Repository/IWP30/Page_QATestHarness/RemittanceID' is present

2024-08-28 22:36:09 - [MESSAGE][PASSED] - Text '651' is set on object 'Object Repository/IWP30/Page_QATestHarness/ApplicationID'

2024-08-28 22:36:10 - [MESSAGE][PASSED] - Text '3.0' is set on object 'Object Repository/IWP30/Page_QATestHarness/MessageVersion'

2024-08-28 22:36:10 - [MESSAGE][PASSED] - Text 'cFP7m2GTP8Nn' is set on object 'Object Repository/IWP30/Page_QATestHarness/RemittanceID'

2024-08-28 22:36:12 - [MESSAGE][PASSED] - Object: 'Object Repository/IWP30/Page_QATestHarness/SubmitButton' is clicked on

2024-08-28 22:36:12 - [MESSAGE][PASSED] - iwpPages.TestHarnessPage.setDataMethod is PASSED

2024-08-28 22:36:12 - [TEST_STEP][PASSED] - check(findTestObject("Object Repository/IWP30/Page_SelectPaymentMethod/PayByCreditCard")): Object 'Object Repository/IWP30/Page_SelectPaymentMethod/PayByCreditCard' is checked

2024-08-28 22:36:12 - [MESSAGE][PASSED] - Object 'Object Repository/IWP30/Page_SelectPaymentMethod/PayByCreditCard' is checked

2024-08-28 22:36:12 - [TEST_STEP][PASSED] - click(findTestObject("Object Repository/IWP30/Page_SelectPaymentMethod/MakePaymentButton")): Object: 'Object Repository/IWP30/Page_SelectPaymentMethod/MakePaymentButton' is clicked on

2024-08-28 22:36:13 - [MESSAGE][PASSED] - Object: 'Object Repository/IWP30/Page_SelectPaymentMethod/MakePaymentButton' is clicked on

2024-08-28 22:36:13 - [TEST_STEP][PASSED] - iwpPages.ccPaymentEntryPage.setDataIWPCreditCard(row, dataFile): iwpPages.ccPaymentEntryPage.setDataIWPCreditCard is PASSED

2024-08-28 22:36:15 - [MESSAGE][PASSED] - Object 'Object Repository/IWP30/Page_CCPaymentEntry/Name' is present

2024-08-28 22:36:15 - [MESSAGE][PASSED] - Text '6510000000000216' is set on object 'Object Repository/IWP30/Page_CCPaymentEntry/CardNumber'

2024-08-28 22:36:16 - [MESSAGE][PASSED] - Text '123' is set on object 'Object Repository/IWP30/Page_CCPaymentEntry/SPC'

2024-08-28 22:36:17 - [MESSAGE][PASSED] - All options with label '12' are selected in object 'Object Repository/IWP30/Page_CCPaymentEntry/Month' 

2024-08-28 22:36:17 - [MESSAGE][PASSED] - All options with label '2028' are selected in object 'Object Repository/IWP30/Page_CCPaymentEntry/Year' 

2024-08-28 22:36:18 - [MESSAGE][PASSED] - Object 'Object Repository/IWP30/Page_CCPaymentEntry/TermCondCheckBox' is present

2024-08-28 22:36:18 - [MESSAGE][PASSED] - Object 'Object Repository/IWP30/Page_CCPaymentEntry/TermCondCheckBox' is checked

2024-08-28 22:36:18 - [MESSAGE][PASSED] - Object 'Object Repository/IWP30/Page_CCPaymentEntry/ContinueButton' is present

2024-08-28 22:36:20 - [MESSAGE][PASSED] - Object: 'Object Repository/IWP30/Page_CCPaymentEntry/ContinueButton' is clicked on

2024-08-28 22:36:20 - [MESSAGE][PASSED] - iwpPages.ccPaymentEntryPage.setDataIWPCreditCard is PASSED

2024-08-28 22:36:20 - [TEST_STEP][FAILED] - click(findTestObject("Object Repository/IWP30/Page_Confirmation/ConfirmButton")): Unable to click on object 'Object Repository/IWP30/Page_Confirmation/ConfirmButton' (Root cause: com.kms.katalon.core.exception.StepFailedException: Unable to click on object 'Object Repository/IWP30/Page_Confirmation/ConfirmButton'
	at com.kms.katalon.core.webui.keyword.internal.WebUIKeywordMain.stepFailed(WebUIKeywordMain.groovy:64)
	at com.kms.katalon.core.webui.keyword.internal.WebUIKeywordMain.runKeyword(WebUIKeywordMain.groovy:26)
	at com.kms.katalon.core.webui.keyword.builtin.ClickKeyword.click(ClickKeyword.groovy:74)
	at com.kms.katalon.core.webui.keyword.builtin.ClickKeyword.execute(ClickKeyword.groovy:40)
	at com.kms.katalon.core.keyword.internal.KeywordExecutor.executeKeywordForPlatform(KeywordExecutor.groovy:74)
	at com.kms.katalon.core.webui.keyword.WebUiBuiltInKeywords.click(WebUiBuiltInKeywords.groovy:620)
	at com.kms.katalon.core.webui.keyword.WebUiBuiltInKeywords$click$3.call(Unknown Source)
	at PayNowSuccessfulPaymentDCFCC.run(PayNowSuccessfulPaymentDCFCC:84)
	at com.kms.katalon.core.main.ScriptEngine.run(ScriptEngine.java:194)
	at com.kms.katalon.core.main.ScriptEngine.runScriptAsRawText(ScriptEngine.java:119)
	at com.kms.katalon.core.main.TestCaseExecutor.runScript(TestCaseExecutor.java:448)
	at com.kms.katalon.core.main.TestCaseExecutor.doExecute(TestCaseExecutor.java:439)
	at com.kms.katalon.core.main.TestCaseExecutor.processExecutionPhase(TestCaseExecutor.java:418)
	at com.kms.katalon.core.main.TestCaseExecutor.accessMainPhase(TestCaseExecutor.java:410)
	at com.kms.katalon.core.main.TestCaseExecutor.execute(TestCaseExecutor.java:285)
	at com.kms.katalon.core.common.CommonExecutor.accessTestCaseMainPhase(CommonExecutor.java:65)
	at com.kms.katalon.core.main.TestSuiteExecutor.accessTestSuiteMainPhase(TestSuiteExecutor.java:148)
	at com.kms.katalon.core.main.TestSuiteExecutor.execute(TestSuiteExecutor.java:106)
	at com.kms.katalon.core.main.TestCaseMain.startTestSuite(TestCaseMain.java:187)
	at com.kms.katalon.core.main.TestCaseMain$startTestSuite$0.call(Unknown Source)
	at TempTestSuite1724897904035.run(TempTestSuite1724897904035.groovy:35)
Caused by: com.kms.katalon.core.webui.exception.WebElementNotFoundException: Web element with id: 'Object Repository/IWP30/Page_Confirmation/ConfirmButton' located by '//*[@type = 'submit' and @name = 'confirmNotifyAction' and @id = 'submitYes' and @value = 'Confirm']' not found
	at com.kms.katalon.core.webui.common.WebUiCommonHelper.findWebElement(WebUiCommonHelper.java:1381)
	at com.kms.katalon.core.webui.keyword.internal.WebUIAbstractKeyword.findWebElement(WebUIAbstractKeyword.groovy:27)
	at com.kms.katalon.core.webui.keyword.builtin.ClickKeyword$_click_closure1.doCall(ClickKeyword.groovy:65)
	at com.kms.katalon.core.webui.keyword.builtin.ClickKeyword$_click_closure1.call(ClickKeyword.groovy)
	at com.kms.katalon.core.webui.keyword.internal.WebUIKeywordMain.runKeyword(WebUIKeywordMain.groovy:20)
	at com.kms.katalon.core.webui.keyword.builtin.ClickKeyword.click(ClickKeyword.groovy:74)
	at com.kms.katalon.core.webui.keyword.builtin.ClickKeyword.execute(ClickKeyword.groovy:40)
	at com.kms.katalon.core.keyword.internal.KeywordExecutor.executeKeywordForPlatform(KeywordExecutor.groovy:74)
	at com.kms.katalon.core.webui.keyword.WebUiBuiltInKeywords.click(WebUiBuiltInKeywords.groovy:620)
	at com.kms.katalon.core.webui.keyword.WebUiBuiltInKeywords$click$3.call(Unknown Source)
	at Script1686784733865.run(Script1686784733865.groovy:84)
	... 13 more
)

2024-08-28 22:36:51 - [MESSAGE][INFO] - Unable to find the element located by 'By.xpath: //*[@type = 'submit' and @name = 'confirmNotifyAction' and @id = 'submitYes' and @value = 'Confirm']'. Please recheck the objects properties to make sure the desired element is located. 

2024-08-28 22:36:51 - [MESSAGE][WARNING] - [SELF-HEALING] Failed to find element with id 'Object Repository/IWP30/Page_Confirmation/ConfirmButton'. Try using Self-healing.

2024-08-28 22:36:51 - [MESSAGE][WARNING] - [SELF-HEALING] Cannot find elements when the XPath is null.

2024-08-28 22:36:51 - [MESSAGE][WARNING] - [SELF-HEALING] Cannot find elements when the selector is null

2024-08-28 22:36:51 - [MESSAGE][FAILED] - Unable to click on object 'Object Repository/IWP30/Page_Confirmation/ConfirmButton' (Root cause: com.kms.katalon.core.exception.StepFailedException: Unable to click on object 'Object Repository/IWP30/Page_Confirmation/ConfirmButton'
	at com.kms.katalon.core.webui.keyword.internal.WebUIKeywordMain.stepFailed(WebUIKeywordMain.groovy:64)
	at com.kms.katalon.core.webui.keyword.internal.WebUIKeywordMain.runKeyword(WebUIKeywordMain.groovy:26)
	at com.kms.katalon.core.webui.keyword.builtin.ClickKeyword.click(ClickKeyword.groovy:74)
	at com.kms.katalon.core.webui.keyword.builtin.ClickKeyword.execute(ClickKeyword.groovy:40)
	at com.kms.katalon.core.keyword.internal.KeywordExecutor.executeKeywordForPlatform(KeywordExecutor.groovy:74)
	at com.kms.katalon.core.webui.keyword.WebUiBuiltInKeywords.click(WebUiBuiltInKeywords.groovy:620)
	at com.kms.katalon.core.webui.keyword.WebUiBuiltInKeywords$click$3.call(Unknown Source)
	at PayNowSuccessfulPaymentDCFCC.run(PayNowSuccessfulPaymentDCFCC:84)
	at com.kms.katalon.core.main.ScriptEngine.run(ScriptEngine.java:194)
	at com.kms.katalon.core.main.ScriptEngine.runScriptAsRawText(ScriptEngine.java:119)
	at com.kms.katalon.core.main.TestCaseExecutor.runScript(TestCaseExecutor.java:448)
	at com.kms.katalon.core.main.TestCaseExecutor.doExecute(TestCaseExecutor.java:439)
	at com.kms.katalon.core.main.TestCaseExecutor.processExecutionPhase(TestCaseExecutor.java:418)
	at com.kms.katalon.core.main.TestCaseExecutor.accessMainPhase(TestCaseExecutor.java:410)
	at com.kms.katalon.core.main.TestCaseExecutor.execute(TestCaseExecutor.java:285)
	at com.kms.katalon.core.common.CommonExecutor.accessTestCaseMainPhase(CommonExecutor.java:65)
	at com.kms.katalon.core.main.TestSuiteExecutor.accessTestSuiteMainPhase(TestSuiteExecutor.java:148)
	at com.kms.katalon.core.main.TestSuiteExecutor.execute(TestSuiteExecutor.java:106)
	at com.kms.katalon.core.main.TestCaseMain.startTestSuite(TestCaseMain.java:187)
	at com.kms.katalon.core.main.TestCaseMain$startTestSuite$0.call(Unknown Source)
	at TempTestSuite1724897904035.run(TempTestSuite1724897904035.groovy:35)
Caused by: com.kms.katalon.core.webui.exception.WebElementNotFoundException: Web element with id: 'Object Repository/IWP30/Page_Confirmation/ConfirmButton' located by '//*[@type = 'submit' and @name = 'confirmNotifyAction' and @id = 'submitYes' and @value = 'Confirm']' not found
	at com.kms.katalon.core.webui.common.WebUiCommonHelper.findWebElement(WebUiCommonHelper.java:1381)
	at com.kms.katalon.core.webui.keyword.internal.WebUIAbstractKeyword.findWebElement(WebUIAbstractKeyword.groovy:27)
	at com.kms.katalon.core.webui.keyword.builtin.ClickKeyword$_click_closure1.doCall(ClickKeyword.groovy:65)
	at com.kms.katalon.core.webui.keyword.builtin.ClickKeyword$_click_closure1.call(ClickKeyword.groovy)
	at com.kms.katalon.core.webui.keyword.internal.WebUIKeywordMain.runKeyword(WebUIKeywordMain.groovy:20)
	at com.kms.katalon.core.webui.keyword.builtin.ClickKeyword.click(ClickKeyword.groovy:74)
	at com.kms.katalon.core.webui.keyword.builtin.ClickKeyword.execute(ClickKeyword.groovy:40)
	at com.kms.katalon.core.keyword.internal.KeywordExecutor.executeKeywordForPlatform(KeywordExecutor.groovy:74)
	at com.kms.katalon.core.webui.keyword.WebUiBuiltInKeywords.click(WebUiBuiltInKeywords.groovy:620)
	at com.kms.katalon.core.webui.keyword.WebUiBuiltInKeywords$click$3.call(Unknown Source)
	at Script1686784733865.run(Script1686784733865.groovy:84)
	... 13 more
)
[[ATTACHMENT|E:\\Cloned-Project-Katalon\\VPS-Katalon\\Reports\\20240828_221824\\QA\\IWP3.0\\IWP30 Smoke TestSuite\\20240828_221824\\1724899011533.png]]

2024-08-28 22:36:51 - [TEST_STEP][PASSED] - Thread.sleep(10000): null

2024-08-28 22:37:01 - [TEST_STEP][PASSED] - click(findTestObject("Object Repository/IWP30/Page_AcceptCF/input_convFeeNotifyAction")): Object: 'Object Repository/IWP30/Page_AcceptCF/input_convFeeNotifyAction' is clicked on

2024-08-28 22:37:32 - [MESSAGE][INFO] - Unable to find the element located by 'By.xpath: //*[@type = 'submit' and @name = 'convFeeNotifyAction' and @id = 'submitYes']'. Please recheck the objects properties to make sure the desired element is located. 

2024-08-28 22:37:32 - [MESSAGE][WARNING] - [SELF-HEALING] Failed to find element with id 'Object Repository/IWP30/Page_AcceptCF/input_convFeeNotifyAction'. Try using Self-healing.

2024-08-28 22:37:33 - [MESSAGE][WARNING] - [SELF-HEALING] The current locator of test object 'Object Repository/IWP30/Page_AcceptCF/input_convFeeNotifyAction' was broken. Propose an alternative one: '//div/input'.

2024-08-28 22:37:33 - [MESSAGE][PASSED] - Object: 'Object Repository/IWP30/Page_AcceptCF/input_convFeeNotifyAction' is clicked on

2024-08-28 22:37:33 - [TEST_STEP][PASSED] - Thread.sleep(10000): null

2024-08-28 22:37:43 - [TEST_STEP][FAILED] - if (verifyTextPresent("Successful Payment Receipt", false)): Text 'Successful Payment Receipt' is not present on page  (Root cause: com.kms.katalon.core.exception.StepFailedException: Text 'Successful Payment Receipt' is not present on page 
	at com.kms.katalon.core.webui.keyword.internal.WebUIKeywordMain.stepFailed(WebUIKeywordMain.groovy:64)
	at com.kms.katalon.core.webui.keyword.builtin.VerifyTextPresentKeyword$_verifyTextPresent_closure1.doCall(VerifyTextPresentKeyword.groovy:79)
	at com.kms.katalon.core.webui.keyword.builtin.VerifyTextPresentKeyword$_verifyTextPresent_closure1.call(VerifyTextPresentKeyword.groovy)
	at com.kms.katalon.core.webui.keyword.internal.WebUIKeywordMain.runKeyword(WebUIKeywordMain.groovy:20)
	at com.kms.katalon.core.webui.keyword.builtin.VerifyTextPresentKeyword.verifyTextPresent(VerifyTextPresentKeyword.groovy:83)
	at com.kms.katalon.core.webui.keyword.builtin.VerifyTextPresentKeyword.execute(VerifyTextPresentKeyword.groovy:68)
	at com.kms.katalon.core.keyword.internal.KeywordExecutor.executeKeywordForPlatform(KeywordExecutor.groovy:74)
	at com.kms.katalon.core.webui.keyword.WebUiBuiltInKeywords.verifyTextPresent(WebUiBuiltInKeywords.groovy:1723)
	at com.kms.katalon.core.webui.keyword.WebUiBuiltInKeywords$verifyTextPresent$8.call(Unknown Source)
	at PayNowSuccessfulPaymentDCFCC.run(PayNowSuccessfulPaymentDCFCC:94)
	at com.kms.katalon.core.main.ScriptEngine.run(ScriptEngine.java:194)
	at com.kms.katalon.core.main.ScriptEngine.runScriptAsRawText(ScriptEngine.java:119)
	at com.kms.katalon.core.main.TestCaseExecutor.runScript(TestCaseExecutor.java:448)
	at com.kms.katalon.core.main.TestCaseExecutor.doExecute(TestCaseExecutor.java:439)
	at com.kms.katalon.core.main.TestCaseExecutor.processExecutionPhase(TestCaseExecutor.java:418)
	at com.kms.katalon.core.main.TestCaseExecutor.accessMainPhase(TestCaseExecutor.java:410)
	at com.kms.katalon.core.main.TestCaseExecutor.execute(TestCaseExecutor.java:285)
	at com.kms.katalon.core.common.CommonExecutor.accessTestCaseMainPhase(CommonExecutor.java:65)
	at com.kms.katalon.core.main.TestSuiteExecutor.accessTestSuiteMainPhase(TestSuiteExecutor.java:148)
	at com.kms.katalon.core.main.TestSuiteExecutor.execute(TestSuiteExecutor.java:106)
	at com.kms.katalon.core.main.TestCaseMain.startTestSuite(TestCaseMain.java:187)
	at com.kms.katalon.core.main.TestCaseMain$startTestSuite$0.call(Unknown Source)
	at TempTestSuite1724897904035.run(TempTestSuite1724897904035.groovy:35)
)

2024-08-28 22:37:43 - [MESSAGE][FAILED] - Text 'Successful Payment Receipt' is not present on page  (Root cause: com.kms.katalon.core.exception.StepFailedException: Text 'Successful Payment Receipt' is not present on page 
	at com.kms.katalon.core.webui.keyword.internal.WebUIKeywordMain.stepFailed(WebUIKeywordMain.groovy:64)
	at com.kms.katalon.core.webui.keyword.builtin.VerifyTextPresentKeyword$_verifyTextPresent_closure1.doCall(VerifyTextPresentKeyword.groovy:79)
	at com.kms.katalon.core.webui.keyword.builtin.VerifyTextPresentKeyword$_verifyTextPresent_closure1.call(VerifyTextPresentKeyword.groovy)
	at com.kms.katalon.core.webui.keyword.internal.WebUIKeywordMain.runKeyword(WebUIKeywordMain.groovy:20)
	at com.kms.katalon.core.webui.keyword.builtin.VerifyTextPresentKeyword.verifyTextPresent(VerifyTextPresentKeyword.groovy:83)
	at com.kms.katalon.core.webui.keyword.builtin.VerifyTextPresentKeyword.execute(VerifyTextPresentKeyword.groovy:68)
	at com.kms.katalon.core.keyword.internal.KeywordExecutor.executeKeywordForPlatform(KeywordExecutor.groovy:74)
	at com.kms.katalon.core.webui.keyword.WebUiBuiltInKeywords.verifyTextPresent(WebUiBuiltInKeywords.groovy:1723)
	at com.kms.katalon.core.webui.keyword.WebUiBuiltInKeywords$verifyTextPresent$8.call(Unknown Source)
	at PayNowSuccessfulPaymentDCFCC.run(PayNowSuccessfulPaymentDCFCC:94)
	at com.kms.katalon.core.main.ScriptEngine.run(ScriptEngine.java:194)
	at com.kms.katalon.core.main.ScriptEngine.runScriptAsRawText(ScriptEngine.java:119)
	at com.kms.katalon.core.main.TestCaseExecutor.runScript(TestCaseExecutor.java:448)
	at com.kms.katalon.core.main.TestCaseExecutor.doExecute(TestCaseExecutor.java:439)
	at com.kms.katalon.core.main.TestCaseExecutor.processExecutionPhase(TestCaseExecutor.java:418)
	at com.kms.katalon.core.main.TestCaseExecutor.accessMainPhase(TestCaseExecutor.java:410)
	at com.kms.katalon.core.main.TestCaseExecutor.execute(TestCaseExecutor.java:285)
	at com.kms.katalon.core.common.CommonExecutor.accessTestCaseMainPhase(CommonExecutor.java:65)
	at com.kms.katalon.core.main.TestSuiteExecutor.accessTestSuiteMainPhase(TestSuiteExecutor.java:148)
	at com.kms.katalon.core.main.TestSuiteExecutor.execute(TestSuiteExecutor.java:106)
	at com.kms.katalon.core.main.TestCaseMain.startTestSuite(TestCaseMain.java:187)
	at com.kms.katalon.core.main.TestCaseMain$startTestSuite$0.call(Unknown Source)
	at TempTestSuite1724897904035.run(TempTestSuite1724897904035.groovy:35)
)

2024-08-28 22:37:43 - [TEST_STEP][FAILED] - else: null

2024-08-28 22:37:43 - [TEST_STEP][PASSED] - println("Successful Payment Receipt text is not present on the Receipt page"): null

2024-08-28 22:37:43 - [TEST_STEP][FAILED] - markFailed("Error on Page is : " + getText(findTestObject("Object Repository/IWP30/Page_Receipt/div_ReceiptSourceCode"))): Error on Page is : Make a Real Estate Payment
Lorem ipsum dolor sit amet, consectetuer adipiscing elit, sed diam nonummy nibh euismod tincidunt ut laoreet dolore magna aliquam erat volutpat. Ut wisi enim ad minim veniam, quis nostrud exerci tation ullamcorper suscipit lobortis nisl ut aliquip ex ea commodo consequat.
  Required fields are highlighted with an asterisk.
  Please enter the following information about your payment:
  Tax Amount: $0.00
  Amount:*  $
  UDF1 Label:  udf data 1
  UDF2 Label: 
  UDF3 Label:* 
  UDF4 Label:*  udf data 4
  UDF6 Label:  udf data 6
  UDF7 Label: 
--Select One--
Orange
Purple

  UDF8 Label:* 
--Select One--
Tennis
Soccer

UDF8 Label is required
  UDF9 Label:*  udf data 9
 
Please enter the following information about your payment method:
  Cardholder's Name:* 
  Cards Accepted: 
  Card Number:* 
  Card Security Code:* 
  Expiration Date:*  
     
MM
  
     01
  
     02
  
     03
  
     04
  
     05
  
     06
  
     07
  
     08
  
     09
  
     10
  
     11
  
     12
  
     
     YYYY
  
     2024
  
     2025
  
     2026
  
     2027
  
     2028
  
     2029
  
     2030
  
     2031
  
     2032
  
     2033
  
     2034
  
     2035
  
     2036
  
     2037
  
     2038
  
     2039
  
    
  Payment Date:*


 
Billing Information:
  Address Line 1:* 
  Address Line 2: 
  Country:*  
      
  
United States
    
  ZIP Code:* 
  City: 
  State:  
     
  
     
  
     
  
     
  
     
  
     
  
     
  
     
  
     
  
     
  
     
  
     
  
     
  
     
  
     
  
     
  
     
  
     
  
     
  
     
  
     
  
     
  
     
  
     
  
     
  
     
  
     
  
     
  
     
  
     
  
     
  
     
  
     
  
     
  
     
  
     
  
     
  
     
  
     
  
     
  
     
  
     
  
     
  
     
  
     
  
     
  
     
  
     
  
     
  
     
  
     
  
     
  
     
  
     
  
     
  
     
  
     
  
     
  
     
  
     
  
     
  
     
  
     
  
     
  
     
  
     
  
    
--Select One--
Armed Forces Americas
Armed Forces Europe
Armed Forces Canada
Armed Forces Africa
Armed Forces Middle East
Armed Forces Pacific
Alabama
Alaska
American Samoa
Arizona
Arkansas
California
Colorado
Connecticut
Delaware
District of Columbia
Federated States of Micronesia
Florida
Georgia
Guam
Hawaii
Idaho
Illinois
Indiana
Iowa
Kansas
Kentucky
Louisiana
Maine
Maryland
Massachusetts
Michigan
Minnesota
Mississippi
Missouri
Montana
Nebraska
Nevada
New Hampshire
New Jersey
New Mexico
New York
North Carolina
North Dakota
Northern Mariana Islands
Ohio
Oklahoma
Oregon
Palau
Pennsylvania
Puerto Rico
Rhode Island
South Carolina
South Dakota
Tennessee
Texas
Utah
Vermont
Virgin Islands
Virginia
Washington
West Virginia
Wisconsin
Wyoming
Marshall Island

 
Receipt Information:
  Email Address:* 
 
  Please check here to store the payment method for future use.

    These are Customer CC Terms
    These are CC Custom HTML

2024-08-28 22:37:44 - [MESSAGE][PASSED] - Text of object 'Object Repository/IWP30/Page_Receipt/div_ReceiptSourceCode' is: 'Make a Real Estate Payment
Lorem ipsum dolor sit amet, consectetuer adipiscing elit, sed diam nonummy nibh euismod tincidunt ut laoreet dolore magna aliquam erat volutpat. Ut wisi enim ad minim veniam, quis nostrud exerci tation ullamcorper suscipit lobortis nisl ut aliquip ex ea commodo consequat.
  Required fields are highlighted with an asterisk.
  Please enter the following information about your payment:
  Tax Amount: $0.00
  Amount:*  $
  UDF1 Label:  udf data 1
  UDF2 Label: 
  UDF3 Label:* 
  UDF4 Label:*  udf data 4
  UDF6 Label:  udf data 6
  UDF7 Label: 
--Select One--
Orange
Purple

  UDF8 Label:* 
--Select One--
Tennis
Soccer

UDF8 Label is required
  UDF9 Label:*  udf data 9
 
Please enter the following information about your payment method:
  Cardholder's Name:* 
  Cards Accepted: 
  Card Number:* 
  Card Security Code:* 
  Expiration Date:*  
     
MM
  
     01
  
     02
  
     03
  
     04
  
     05
  
     06
  
     07
  
     08
  
     09
  
     10
  
     11
  
     12
  
     
     YYYY
  
     2024
  
     2025
  
     2026
  
     2027
  
     2028
  
     2029
  
     2030
  
     2031
  
     2032
  
     2033
  
     2034
  
     2035
  
     2036
  
     2037
  
     2038
  
     2039
  
    
  Payment Date:*


 
Billing Information:
  Address Line 1:* 
  Address Line 2: 
  Country:*  
      
  
United States
    
  ZIP Code:* 
  City: 
  State:  
     
  
     
  
     
  
     
  
     
  
     
  
     
  
     
  
     
  
     
  
     
  
     
  
     
  
     
  
     
  
     
  
     
  
     
  
     
  
     
  
     
  
     
  
     
  
     
  
     
  
     
  
     
  
     
  
     
  
     
  
     
  
     
  
     
  
     
  
     
  
     
  
     
  
     
  
     
  
     
  
     
  
     
  
     
  
     
  
     
  
     
  
     
  
     
  
     
  
     
  
     
  
     
  
     
  
     
  
     
  
     
  
     
  
     
  
     
  
     
  
     
  
     
  
     
  
     
  
     
  
     
  
    
--Select One--
Armed Forces Americas
Armed Forces Europe
Armed Forces Canada
Armed Forces Africa
Armed Forces Middle East
Armed Forces Pacific
Alabama
Alaska
American Samoa
Arizona
Arkansas
California
Colorado
Connecticut
Delaware
District of Columbia
Federated States of Micronesia
Florida
Georgia
Guam
Hawaii
Idaho
Illinois
Indiana
Iowa
Kansas
Kentucky
Louisiana
Maine
Maryland
Massachusetts
Michigan
Minnesota
Mississippi
Missouri
Montana
Nebraska
Nevada
New Hampshire
New Jersey
New Mexico
New York
North Carolina
North Dakota
Northern Mariana Islands
Ohio
Oklahoma
Oregon
Palau
Pennsylvania
Puerto Rico
Rhode Island
South Carolina
South Dakota
Tennessee
Texas
Utah
Vermont
Virgin Islands
Virginia
Washington
West Virginia
Wisconsin
Wyoming
Marshall Island

 
Receipt Information:
  Email Address:* 
 
  Please check here to store the payment method for future use.

    These are Customer CC Terms
    These are CC Custom HTML'

2024-08-28 22:37:44 - [MESSAGE][FAILED] - Error on Page is : Make a Real Estate Payment
Lorem ipsum dolor sit amet, consectetuer adipiscing elit, sed diam nonummy nibh euismod tincidunt ut laoreet dolore magna aliquam erat volutpat. Ut wisi enim ad minim veniam, quis nostrud exerci tation ullamcorper suscipit lobortis nisl ut aliquip ex ea commodo consequat.
  Required fields are highlighted with an asterisk.
  Please enter the following information about your payment:
  Tax Amount: $0.00
  Amount:*  $
  UDF1 Label:  udf data 1
  UDF2 Label: 
  UDF3 Label:* 
  UDF4 Label:*  udf data 4
  UDF6 Label:  udf data 6
  UDF7 Label: 
--Select One--
Orange
Purple

  UDF8 Label:* 
--Select One--
Tennis
Soccer

UDF8 Label is required
  UDF9 Label:*  udf data 9
 
Please enter the following information about your payment method:
  Cardholder's Name:* 
  Cards Accepted: 
  Card Number:* 
  Card Security Code:* 
  Expiration Date:*  
     
MM
  
     01
  
     02
  
     03
  
     04
  
     05
  
     06
  
     07
  
     08
  
     09
  
     10
  
     11
  
     12
  
     
     YYYY
  
     2024
  
     2025
  
     2026
  
     2027
  
     2028
  
     2029
  
     2030
  
     2031
  
     2032
  
     2033
  
     2034
  
     2035
  
     2036
  
     2037
  
     2038
  
     2039
  
    
  Payment Date:*


 
Billing Information:
  Address Line 1:* 
  Address Line 2: 
  Country:*  
      
  
United States
    
  ZIP Code:* 
  City: 
  State:  
     
  
     
  
     
  
     
  
     
  
     
  
     
  
     
  
     
  
     
  
     
  
     
  
     
  
     
  
     
  
     
  
     
  
     
  
     
  
     
  
     
  
     
  
     
  
     
  
     
  
     
  
     
  
     
  
     
  
     
  
     
  
     
  
     
  
     
  
     
  
     
  
     
  
     
  
     
  
     
  
     
  
     
  
     
  
     
  
     
  
     
  
     
  
     
  
     
  
     
  
     
  
     
  
     
  
     
  
     
  
     
  
     
  
     
  
     
  
     
  
     
  
     
  
     
  
     
  
     
  
     
  
    
--Select One--
Armed Forces Americas
Armed Forces Europe
Armed Forces Canada
Armed Forces Africa
Armed Forces Middle East
Armed Forces Pacific
Alabama
Alaska
American Samoa
Arizona
Arkansas
California
Colorado
Connecticut
Delaware
District of Columbia
Federated States of Micronesia
Florida
Georgia
Guam
Hawaii
Idaho
Illinois
Indiana
Iowa
Kansas
Kentucky
Louisiana
Maine
Maryland
Massachusetts
Michigan
Minnesota
Mississippi
Missouri
Montana
Nebraska
Nevada
New Hampshire
New Jersey
New Mexico
New York
North Carolina
North Dakota
Northern Mariana Islands
Ohio
Oklahoma
Oregon
Palau
Pennsylvania
Puerto Rico
Rhode Island
South Carolina
South Dakota
Tennessee
Texas
Utah
Vermont
Virgin Islands
Virginia
Washington
West Virginia
Wisconsin
Wyoming
Marshall Island

 
Receipt Information:
  Email Address:* 
 
  Please check here to store the payment method for future use.

    These are Customer CC Terms
    These are CC Custom HTML

2024-08-28 22:37:44 - [TEST_STEP][PASSED] - resText = "Fail": null

2024-08-28 22:37:44 - [TEST_STEP][PASSED] - pages.WriteExcel.demoKey(resText, datText, resColumn, datCloumn, fileLoc, nameSheet, row): pages.WriteExcel.demoKey is PASSED

2024-08-28 22:37:44 - [MESSAGE][PASSED] - pages.WriteExcel.demoKey is PASSED

2024-08-28 22:37:44 - [TEST_STEP][PASSED] - println(getText(findTestObject("Object Repository/IWP30/Page_Receipt/div_ReceiptSourceCode"))): Text of object 'Object Repository/IWP30/Page_Receipt/div_ReceiptSourceCode' is: 'Make a Real Estate Payment
Lorem ipsum dolor sit amet, consectetuer adipiscing elit, sed diam nonummy nibh euismod tincidunt ut laoreet dolore magna aliquam erat volutpat. Ut wisi enim ad minim veniam, quis nostrud exerci tation ullamcorper suscipit lobortis nisl ut aliquip ex ea commodo consequat.
  Required fields are highlighted with an asterisk.
  Please enter the following information about your payment:
  Tax Amount: $0.00
  Amount:*  $
  UDF1 Label:  udf data 1
  UDF2 Label: 
  UDF3 Label:* 
  UDF4 Label:*  udf data 4
  UDF6 Label:  udf data 6
  UDF7 Label: 
--Select One--
Orange
Purple

  UDF8 Label:* 
--Select One--
Tennis
Soccer

UDF8 Label is required
  UDF9 Label:*  udf data 9
 
Please enter the following information about your payment method:
  Cardholder's Name:* 
  Cards Accepted: 
  Card Number:* 
  Card Security Code:* 
  Expiration Date:*  
     
MM
  
     01
  
     02
  
     03
  
     04
  
     05
  
     06
  
     07
  
     08
  
     09
  
     10
  
     11
  
     12
  
     
     YYYY
  
     2024
  
     2025
  
     2026
  
     2027
  
     2028
  
     2029
  
     2030
  
     2031
  
     2032
  
     2033
  
     2034
  
     2035
  
     2036
  
     2037
  
     2038
  
     2039
  
    
  Payment Date:*


 
Billing Information:
  Address Line 1:* 
  Address Line 2: 
  Country:*  
      
  
United States
    
  ZIP Code:* 
  City: 
  State:  
     
  
     
  
     
  
     
  
     
  
     
  
     
  
     
  
     
  
     
  
     
  
     
  
     
  
     
  
     
  
     
  
     
  
     
  
     
  
     
  
     
  
     
  
     
  
     
  
     
  
     
  
     
  
     
  
     
  
     
  
     
  
     
  
     
  
     
  
     
  
     
  
     
  
     
  
     
  
     
  
     
  
     
  
     
  
     
  
     
  
     
  
     
  
     
  
     
  
     
  
     
  
     
  
     
  
     
  
     
  
     
  
     
  
     
  
     
  
     
  
     
  
     
  
     
  
     
  
     
  
     
  
    
--Select One--
Armed Forces Americas
Armed Forces Europe
Armed Forces Canada
Armed Forces Africa
Armed Forces Middle East
Armed Forces Pacific
Alabama
Alaska
American Samoa
Arizona
Arkansas
California
Colorado
Connecticut
Delaware
District of Columbia
Federated States of Micronesia
Florida
Georgia
Guam
Hawaii
Idaho
Illinois
Indiana
Iowa
Kansas
Kentucky
Louisiana
Maine
Maryland
Massachusetts
Michigan
Minnesota
Mississippi
Missouri
Montana
Nebraska
Nevada
New Hampshire
New Jersey
New Mexico
New York
North Carolina
North Dakota
Northern Mariana Islands
Ohio
Oklahoma
Oregon
Palau
Pennsylvania
Puerto Rico
Rhode Island
South Carolina
South Dakota
Tennessee
Texas
Utah
Vermont
Virgin Islands
Virginia
Washington
West Virginia
Wisconsin
Wyoming
Marshall Island

 
Receipt Information:
  Email Address:* 
 
  Please check here to store the payment method for future use.

    These are Customer CC Terms
    These are CC Custom HTML'

2024-08-28 22:37:44 - [MESSAGE][PASSED] - Text of object 'Object Repository/IWP30/Page_Receipt/div_ReceiptSourceCode' is: 'Make a Real Estate Payment
Lorem ipsum dolor sit amet, consectetuer adipiscing elit, sed diam nonummy nibh euismod tincidunt ut laoreet dolore magna aliquam erat volutpat. Ut wisi enim ad minim veniam, quis nostrud exerci tation ullamcorper suscipit lobortis nisl ut aliquip ex ea commodo consequat.
  Required fields are highlighted with an asterisk.
  Please enter the following information about your payment:
  Tax Amount: $0.00
  Amount:*  $
  UDF1 Label:  udf data 1
  UDF2 Label: 
  UDF3 Label:* 
  UDF4 Label:*  udf data 4
  UDF6 Label:  udf data 6
  UDF7 Label: 
--Select One--
Orange
Purple

  UDF8 Label:* 
--Select One--
Tennis
Soccer

UDF8 Label is required
  UDF9 Label:*  udf data 9
 
Please enter the following information about your payment method:
  Cardholder's Name:* 
  Cards Accepted: 
  Card Number:* 
  Card Security Code:* 
  Expiration Date:*  
     
MM
  
     01
  
     02
  
     03
  
     04
  
     05
  
     06
  
     07
  
     08
  
     09
  
     10
  
     11
  
     12
  
     
     YYYY
  
     2024
  
     2025
  
     2026
  
     2027
  
     2028
  
     2029
  
     2030
  
     2031
  
     2032
  
     2033
  
     2034
  
     2035
  
     2036
  
     2037
  
     2038
  
     2039
  
    
  Payment Date:*


 
Billing Information:
  Address Line 1:* 
  Address Line 2: 
  Country:*  
      
  
United States
    
  ZIP Code:* 
  City: 
  State:  
     
  
     
  
     
  
     
  
     
  
     
  
     
  
     
  
     
  
     
  
     
  
     
  
     
  
     
  
     
  
     
  
     
  
     
  
     
  
     
  
     
  
     
  
     
  
     
  
     
  
     
  
     
  
     
  
     
  
     
  
     
  
     
  
     
  
     
  
     
  
     
  
     
  
     
  
     
  
     
  
     
  
     
  
     
  
     
  
     
  
     
  
     
  
     
  
     
  
     
  
     
  
     
  
     
  
     
  
     
  
     
  
     
  
     
  
     
  
     
  
     
  
     
  
     
  
     
  
     
  
     
  
    
--Select One--
Armed Forces Americas
Armed Forces Europe
Armed Forces Canada
Armed Forces Africa
Armed Forces Middle East
Armed Forces Pacific
Alabama
Alaska
American Samoa
Arizona
Arkansas
California
Colorado
Connecticut
Delaware
District of Columbia
Federated States of Micronesia
Florida
Georgia
Guam
Hawaii
Idaho
Illinois
Indiana
Iowa
Kansas
Kentucky
Louisiana
Maine
Maryland
Massachusetts
Michigan
Minnesota
Mississippi
Missouri
Montana
Nebraska
Nevada
New Hampshire
New Jersey
New Mexico
New York
North Carolina
North Dakota
Northern Mariana Islands
Ohio
Oklahoma
Oregon
Palau
Pennsylvania
Puerto Rico
Rhode Island
South Carolina
South Dakota
Tennessee
Texas
Utah
Vermont
Virgin Islands
Virginia
Washington
West Virginia
Wisconsin
Wyoming
Marshall Island

 
Receipt Information:
  Email Address:* 
 
  Please check here to store the payment method for future use.

    These are Customer CC Terms
    These are CC Custom HTML'

2024-08-28 22:37:44 - [TEST_STEP][PASSED] - ExecuteTC = findTestData(dataFile).getValue("Execute", row): null

2024-08-28 22:37:44 - [TEST_STEP][PASSED] - out.println("Value of Execute is : " + ExecuteTC): null

2024-08-28 22:37:44 - [TEST_STEP][FAILED] - if (ExecuteTC.equalsIgnoreCase("Y")): null

2024-08-28 22:37:44 - [TEST_STEP][PASSED] - out.println("Begin Record Number: " + row): null

2024-08-28 22:37:44 - [TEST_STEP][PASSED] - today = new java.util.Date(): null

2024-08-28 22:37:44 - [TEST_STEP][PASSED] - println(today): null

2024-08-28 22:37:44 - [TEST_STEP][PASSED] - datText = today: null

2024-08-28 22:37:44 - [TEST_STEP][PASSED] - EmulatorDataKey = findTestData(dataFile).getValue("EmulatorData", row): null

2024-08-28 22:37:44 - [TEST_STEP][PASSED] - out.println("Value of Emulator Key is : " + EmulatorDataKey): null

2024-08-28 22:37:44 - [TEST_STEP][PASSED] - iwpPages.emulatorIWP30.setDataEmulator_DD(EmulatorDataKey): iwpPages.emulatorIWP30.setDataEmulator_DD is PASSED

2024-08-28 22:37:45 - [MESSAGE][WARNING] - A browser is already opened. Closing browser and opening a new one

2024-08-28 22:37:46 - [MESSAGE][INFO] - Starting 'Chrome' driver

2024-08-28 22:37:46 - [MESSAGE][INFO] - User set preference: ['acceptInsecureCerts', 'true']

2024-08-28 22:37:46 - [MESSAGE][INFO] - Action delay is set to 0 milliseconds

2024-08-28 22:37:48 - [MESSAGE][PASSED] - Browser is opened with url: 'https://qa2.velocitypayment.com/agency/config.do?action=editor&message_version=3_0'

2024-08-28 22:37:48 - [MESSAGE][PASSED] - Current window maximized

2024-08-28 22:37:49 - [MESSAGE][PASSED] - All options with value '3.0' are selected in object 'Object Repository/IWP30/Page_VRelay30Emulator/MV'  using regular expression

2024-08-28 22:37:50 - [MESSAGE][PASSED] - Text '10.50' is set on object 'Object Repository/IWP30/Page_VRelay30Emulator/Amount'

2024-08-28 22:37:51 - [MESSAGE][PASSED] - Text '26412167' is set on object 'Object Repository/IWP30/Page_VRelay30Emulator/CAN'

2024-08-28 22:37:51 - [MESSAGE][PASSED] - Text 'PayNow' is set on object 'Object Repository/IWP30/Page_VRelay30Emulator/Action'

2024-08-28 22:37:52 - [MESSAGE][PASSED] - Text 'en_US' is set on object 'Object Repository/IWP30/Page_VRelay30Emulator/Lang'

2024-08-28 22:37:53 - [MESSAGE][PASSED] - Text 'Elizath' is set on object 'Object Repository/IWP30/Page_VRelay30Emulator/Fname'

2024-08-28 22:37:53 - [MESSAGE][PASSED] - Text 'Christine' is set on object 'Object Repository/IWP30/Page_VRelay30Emulator/Lname'

2024-08-28 22:37:54 - [MESSAGE][PASSED] - Text '258 Underwood rd' is set on object 'Object Repository/IWP30/Page_VRelay30Emulator/AL1'

2024-08-28 22:37:55 - [MESSAGE][PASSED] - Text 'Suite 600' is set on object 'Object Repository/IWP30/Page_VRelay30Emulator/AL2'

2024-08-28 22:37:55 - [MESSAGE][PASSED] - Text '840' is set on object 'Object Repository/IWP30/Page_VRelay30Emulator/Country'

2024-08-28 22:37:56 - [MESSAGE][PASSED] - Text 'Arlington' is set on object 'Object Repository/IWP30/Page_VRelay30Emulator/City'

2024-08-28 22:37:56 - [MESSAGE][PASSED] - Text 'VA' is set on object 'Object Repository/IWP30/Page_VRelay30Emulator/State'

2024-08-28 22:37:57 - [MESSAGE][PASSED] - Text '22201' is set on object 'Object Repository/IWP30/Page_VRelay30Emulator/ZIP'

2024-08-28 22:37:58 - [MESSAGE][PASSED] - Text '' is set on object 'Object Repository/IWP30/Page_VRelay30Emulator/Order'

2024-08-28 22:37:58 - [MESSAGE][PASSED] - Text '' is set on object 'Object Repository/IWP30/Page_VRelay30Emulator/Company'

2024-08-28 22:37:59 - [MESSAGE][PASSED] - Text 'iahmed@govolution.com' is set on object 'Object Repository/IWP30/Page_VRelay30Emulator/Email'

2024-08-28 22:38:00 - [MESSAGE][PASSED] - Text 'udf data 1' is set on object 'Object Repository/IWP30/Page_VRelay30Emulator/UDF1'

2024-08-28 22:38:01 - [MESSAGE][PASSED] - Text 'udf data 2' is set on object 'Object Repository/IWP30/Page_VRelay30Emulator/UDF2'

2024-08-28 22:38:01 - [MESSAGE][PASSED] - Text 'udf data 3' is set on object 'Object Repository/IWP30/Page_VRelay30Emulator/UDF3'

2024-08-28 22:38:02 - [MESSAGE][PASSED] - Text 'udf data 4' is set on object 'Object Repository/IWP30/Page_VRelay30Emulator/UDF4'

2024-08-28 22:38:03 - [MESSAGE][PASSED] - Text 'udf data 5' is set on object 'Object Repository/IWP30/Page_VRelay30Emulator/UDF5'

2024-08-28 22:38:03 - [MESSAGE][PASSED] - Text 'udf data 6' is set on object 'Object Repository/IWP30/Page_VRelay30Emulator/UDF6'

2024-08-28 22:38:04 - [MESSAGE][PASSED] - Text 'Orange' is set on object 'Object Repository/IWP30/Page_VRelay30Emulator/UDF7'

2024-08-28 22:38:05 - [MESSAGE][PASSED] - Text 'Soccer' is set on object 'Object Repository/IWP30/Page_VRelay30Emulator/UDF8'

2024-08-28 22:38:05 - [MESSAGE][PASSED] - Text 'udf data 9' is set on object 'Object Repository/IWP30/Page_VRelay30Emulator/UDF9'

2024-08-28 22:38:06 - [MESSAGE][PASSED] - Text 'udf data 10' is set on object 'Object Repository/IWP30/Page_VRelay30Emulator/UDF10'

2024-08-28 22:38:07 - [MESSAGE][PASSED] - Object: 'Object Repository/IWP30/Page_VRelay30Emulator/Submit' is clicked on

2024-08-28 22:38:12 - [MESSAGE][PASSED] - Browser is closed

2024-08-28 22:38:16 - [MESSAGE][PASSED] - iwpPages.emulatorIWP30.setDataEmulator_DD is PASSED

2024-08-28 22:38:16 - [TEST_STEP][PASSED] - testHarnessURL = urlTestHarness: null

2024-08-28 22:38:16 - [TEST_STEP][PASSED] - openBrowser(testHarnessURL): Browser is opened with url: 'https://dev-algorithm.govolution.com/vrelaytest/QA2/version_2_2/vrelaytest.html'

2024-08-28 22:38:16 - [MESSAGE][INFO] - Starting 'Chrome' driver

2024-08-28 22:38:16 - [MESSAGE][INFO] - User set preference: ['acceptInsecureCerts', 'true']

2024-08-28 22:38:16 - [MESSAGE][INFO] - Action delay is set to 0 milliseconds

2024-08-28 22:38:18 - [MESSAGE][PASSED] - Browser is opened with url: 'https://dev-algorithm.govolution.com/vrelaytest/QA2/version_2_2/vrelaytest.html'

2024-08-28 22:38:18 - [TEST_STEP][PASSED] - maximizeWindow(): Current window maximized

2024-08-28 22:38:18 - [MESSAGE][PASSED] - Current window maximized

2024-08-28 22:38:18 - [TEST_STEP][PASSED] - iwpPages.TestHarnessPage.setDataMethod(row, dataFile): iwpPages.TestHarnessPage.setDataMethod is PASSED

2024-08-28 22:38:19 - [MESSAGE][PASSED] - Object 'Object Repository/IWP30/Page_QATestHarness/RemittanceID' is present

2024-08-28 22:38:19 - [MESSAGE][PASSED] - Text '651' is set on object 'Object Repository/IWP30/Page_QATestHarness/ApplicationID'

2024-08-28 22:38:20 - [MESSAGE][PASSED] - Text '3.0' is set on object 'Object Repository/IWP30/Page_QATestHarness/MessageVersion'

2024-08-28 22:38:21 - [MESSAGE][PASSED] - Text 'pFrhVR02oYBa' is set on object 'Object Repository/IWP30/Page_QATestHarness/RemittanceID'

2024-08-28 22:38:22 - [MESSAGE][PASSED] - Object: 'Object Repository/IWP30/Page_QATestHarness/SubmitButton' is clicked on

2024-08-28 22:38:22 - [MESSAGE][PASSED] - iwpPages.TestHarnessPage.setDataMethod is PASSED

2024-08-28 22:38:22 - [TEST_STEP][PASSED] - check(findTestObject("Object Repository/IWP30/Page_SelectPaymentMethod/PayByCreditCard")): Object 'Object Repository/IWP30/Page_SelectPaymentMethod/PayByCreditCard' is checked

2024-08-28 22:38:22 - [MESSAGE][PASSED] - Object 'Object Repository/IWP30/Page_SelectPaymentMethod/PayByCreditCard' is checked

2024-08-28 22:38:22 - [TEST_STEP][PASSED] - click(findTestObject("Object Repository/IWP30/Page_SelectPaymentMethod/MakePaymentButton")): Object: 'Object Repository/IWP30/Page_SelectPaymentMethod/MakePaymentButton' is clicked on

2024-08-28 22:38:24 - [MESSAGE][PASSED] - Object: 'Object Repository/IWP30/Page_SelectPaymentMethod/MakePaymentButton' is clicked on

2024-08-28 22:38:24 - [TEST_STEP][PASSED] - iwpPages.ccPaymentEntryPage.setDataIWPCreditCard(row, dataFile): iwpPages.ccPaymentEntryPage.setDataIWPCreditCard is PASSED

2024-08-28 22:38:25 - [MESSAGE][PASSED] - Object 'Object Repository/IWP30/Page_CCPaymentEntry/Name' is present

2024-08-28 22:38:26 - [MESSAGE][PASSED] - Text '374245002771003' is set on object 'Object Repository/IWP30/Page_CCPaymentEntry/CardNumber'

2024-08-28 22:38:27 - [MESSAGE][PASSED] - Text '1234' is set on object 'Object Repository/IWP30/Page_CCPaymentEntry/SPC'

2024-08-28 22:38:27 - [MESSAGE][PASSED] - All options with label '12' are selected in object 'Object Repository/IWP30/Page_CCPaymentEntry/Month' 

2024-08-28 22:38:28 - [MESSAGE][PASSED] - All options with label '2028' are selected in object 'Object Repository/IWP30/Page_CCPaymentEntry/Year' 

2024-08-28 22:38:28 - [MESSAGE][PASSED] - Object 'Object Repository/IWP30/Page_CCPaymentEntry/TermCondCheckBox' is present

2024-08-28 22:38:29 - [MESSAGE][PASSED] - Object 'Object Repository/IWP30/Page_CCPaymentEntry/TermCondCheckBox' is checked

2024-08-28 22:38:29 - [MESSAGE][PASSED] - Object 'Object Repository/IWP30/Page_CCPaymentEntry/ContinueButton' is present

2024-08-28 22:38:30 - [MESSAGE][PASSED] - Object: 'Object Repository/IWP30/Page_CCPaymentEntry/ContinueButton' is clicked on

2024-08-28 22:38:30 - [MESSAGE][PASSED] - iwpPages.ccPaymentEntryPage.setDataIWPCreditCard is PASSED

2024-08-28 22:38:30 - [TEST_STEP][FAILED] - click(findTestObject("Object Repository/IWP30/Page_Confirmation/ConfirmButton")): Unable to click on object 'Object Repository/IWP30/Page_Confirmation/ConfirmButton' (Root cause: com.kms.katalon.core.exception.StepFailedException: Unable to click on object 'Object Repository/IWP30/Page_Confirmation/ConfirmButton'
	at com.kms.katalon.core.webui.keyword.internal.WebUIKeywordMain.stepFailed(WebUIKeywordMain.groovy:64)
	at com.kms.katalon.core.webui.keyword.internal.WebUIKeywordMain.runKeyword(WebUIKeywordMain.groovy:26)
	at com.kms.katalon.core.webui.keyword.builtin.ClickKeyword.click(ClickKeyword.groovy:74)
	at com.kms.katalon.core.webui.keyword.builtin.ClickKeyword.execute(ClickKeyword.groovy:40)
	at com.kms.katalon.core.keyword.internal.KeywordExecutor.executeKeywordForPlatform(KeywordExecutor.groovy:74)
	at com.kms.katalon.core.webui.keyword.WebUiBuiltInKeywords.click(WebUiBuiltInKeywords.groovy:620)
	at com.kms.katalon.core.webui.keyword.WebUiBuiltInKeywords$click$3.call(Unknown Source)
	at PayNowSuccessfulPaymentDCFCC.run(PayNowSuccessfulPaymentDCFCC:84)
	at com.kms.katalon.core.main.ScriptEngine.run(ScriptEngine.java:194)
	at com.kms.katalon.core.main.ScriptEngine.runScriptAsRawText(ScriptEngine.java:119)
	at com.kms.katalon.core.main.TestCaseExecutor.runScript(TestCaseExecutor.java:448)
	at com.kms.katalon.core.main.TestCaseExecutor.doExecute(TestCaseExecutor.java:439)
	at com.kms.katalon.core.main.TestCaseExecutor.processExecutionPhase(TestCaseExecutor.java:418)
	at com.kms.katalon.core.main.TestCaseExecutor.accessMainPhase(TestCaseExecutor.java:410)
	at com.kms.katalon.core.main.TestCaseExecutor.execute(TestCaseExecutor.java:285)
	at com.kms.katalon.core.common.CommonExecutor.accessTestCaseMainPhase(CommonExecutor.java:65)
	at com.kms.katalon.core.main.TestSuiteExecutor.accessTestSuiteMainPhase(TestSuiteExecutor.java:148)
	at com.kms.katalon.core.main.TestSuiteExecutor.execute(TestSuiteExecutor.java:106)
	at com.kms.katalon.core.main.TestCaseMain.startTestSuite(TestCaseMain.java:187)
	at com.kms.katalon.core.main.TestCaseMain$startTestSuite$0.call(Unknown Source)
	at TempTestSuite1724897904035.run(TempTestSuite1724897904035.groovy:35)
Caused by: com.kms.katalon.core.webui.exception.WebElementNotFoundException: Web element with id: 'Object Repository/IWP30/Page_Confirmation/ConfirmButton' located by '//*[@type = 'submit' and @name = 'confirmNotifyAction' and @id = 'submitYes' and @value = 'Confirm']' not found
	at com.kms.katalon.core.webui.common.WebUiCommonHelper.findWebElement(WebUiCommonHelper.java:1381)
	at com.kms.katalon.core.webui.keyword.internal.WebUIAbstractKeyword.findWebElement(WebUIAbstractKeyword.groovy:27)
	at com.kms.katalon.core.webui.keyword.builtin.ClickKeyword$_click_closure1.doCall(ClickKeyword.groovy:65)
	at com.kms.katalon.core.webui.keyword.builtin.ClickKeyword$_click_closure1.call(ClickKeyword.groovy)
	at com.kms.katalon.core.webui.keyword.internal.WebUIKeywordMain.runKeyword(WebUIKeywordMain.groovy:20)
	at com.kms.katalon.core.webui.keyword.builtin.ClickKeyword.click(ClickKeyword.groovy:74)
	at com.kms.katalon.core.webui.keyword.builtin.ClickKeyword.execute(ClickKeyword.groovy:40)
	at com.kms.katalon.core.keyword.internal.KeywordExecutor.executeKeywordForPlatform(KeywordExecutor.groovy:74)
	at com.kms.katalon.core.webui.keyword.WebUiBuiltInKeywords.click(WebUiBuiltInKeywords.groovy:620)
	at com.kms.katalon.core.webui.keyword.WebUiBuiltInKeywords$click$3.call(Unknown Source)
	at Script1686784733865.run(Script1686784733865.groovy:84)
	... 13 more
)

2024-08-28 22:39:01 - [MESSAGE][INFO] - Unable to find the element located by 'By.xpath: //*[@type = 'submit' and @name = 'confirmNotifyAction' and @id = 'submitYes' and @value = 'Confirm']'. Please recheck the objects properties to make sure the desired element is located. 

2024-08-28 22:39:01 - [MESSAGE][WARNING] - [SELF-HEALING] Failed to find element with id 'Object Repository/IWP30/Page_Confirmation/ConfirmButton'. Try using Self-healing.

2024-08-28 22:39:01 - [MESSAGE][WARNING] - [SELF-HEALING] Cannot find elements when the XPath is null.

2024-08-28 22:39:01 - [MESSAGE][WARNING] - [SELF-HEALING] Cannot find elements when the selector is null

2024-08-28 22:39:02 - [MESSAGE][FAILED] - Unable to click on object 'Object Repository/IWP30/Page_Confirmation/ConfirmButton' (Root cause: com.kms.katalon.core.exception.StepFailedException: Unable to click on object 'Object Repository/IWP30/Page_Confirmation/ConfirmButton'
	at com.kms.katalon.core.webui.keyword.internal.WebUIKeywordMain.stepFailed(WebUIKeywordMain.groovy:64)
	at com.kms.katalon.core.webui.keyword.internal.WebUIKeywordMain.runKeyword(WebUIKeywordMain.groovy:26)
	at com.kms.katalon.core.webui.keyword.builtin.ClickKeyword.click(ClickKeyword.groovy:74)
	at com.kms.katalon.core.webui.keyword.builtin.ClickKeyword.execute(ClickKeyword.groovy:40)
	at com.kms.katalon.core.keyword.internal.KeywordExecutor.executeKeywordForPlatform(KeywordExecutor.groovy:74)
	at com.kms.katalon.core.webui.keyword.WebUiBuiltInKeywords.click(WebUiBuiltInKeywords.groovy:620)
	at com.kms.katalon.core.webui.keyword.WebUiBuiltInKeywords$click$3.call(Unknown Source)
	at PayNowSuccessfulPaymentDCFCC.run(PayNowSuccessfulPaymentDCFCC:84)
	at com.kms.katalon.core.main.ScriptEngine.run(ScriptEngine.java:194)
	at com.kms.katalon.core.main.ScriptEngine.runScriptAsRawText(ScriptEngine.java:119)
	at com.kms.katalon.core.main.TestCaseExecutor.runScript(TestCaseExecutor.java:448)
	at com.kms.katalon.core.main.TestCaseExecutor.doExecute(TestCaseExecutor.java:439)
	at com.kms.katalon.core.main.TestCaseExecutor.processExecutionPhase(TestCaseExecutor.java:418)
	at com.kms.katalon.core.main.TestCaseExecutor.accessMainPhase(TestCaseExecutor.java:410)
	at com.kms.katalon.core.main.TestCaseExecutor.execute(TestCaseExecutor.java:285)
	at com.kms.katalon.core.common.CommonExecutor.accessTestCaseMainPhase(CommonExecutor.java:65)
	at com.kms.katalon.core.main.TestSuiteExecutor.accessTestSuiteMainPhase(TestSuiteExecutor.java:148)
	at com.kms.katalon.core.main.TestSuiteExecutor.execute(TestSuiteExecutor.java:106)
	at com.kms.katalon.core.main.TestCaseMain.startTestSuite(TestCaseMain.java:187)
	at com.kms.katalon.core.main.TestCaseMain$startTestSuite$0.call(Unknown Source)
	at TempTestSuite1724897904035.run(TempTestSuite1724897904035.groovy:35)
Caused by: com.kms.katalon.core.webui.exception.WebElementNotFoundException: Web element with id: 'Object Repository/IWP30/Page_Confirmation/ConfirmButton' located by '//*[@type = 'submit' and @name = 'confirmNotifyAction' and @id = 'submitYes' and @value = 'Confirm']' not found
	at com.kms.katalon.core.webui.common.WebUiCommonHelper.findWebElement(WebUiCommonHelper.java:1381)
	at com.kms.katalon.core.webui.keyword.internal.WebUIAbstractKeyword.findWebElement(WebUIAbstractKeyword.groovy:27)
	at com.kms.katalon.core.webui.keyword.builtin.ClickKeyword$_click_closure1.doCall(ClickKeyword.groovy:65)
	at com.kms.katalon.core.webui.keyword.builtin.ClickKeyword$_click_closure1.call(ClickKeyword.groovy)
	at com.kms.katalon.core.webui.keyword.internal.WebUIKeywordMain.runKeyword(WebUIKeywordMain.groovy:20)
	at com.kms.katalon.core.webui.keyword.builtin.ClickKeyword.click(ClickKeyword.groovy:74)
	at com.kms.katalon.core.webui.keyword.builtin.ClickKeyword.execute(ClickKeyword.groovy:40)
	at com.kms.katalon.core.keyword.internal.KeywordExecutor.executeKeywordForPlatform(KeywordExecutor.groovy:74)
	at com.kms.katalon.core.webui.keyword.WebUiBuiltInKeywords.click(WebUiBuiltInKeywords.groovy:620)
	at com.kms.katalon.core.webui.keyword.WebUiBuiltInKeywords$click$3.call(Unknown Source)
	at Script1686784733865.run(Script1686784733865.groovy:84)
	... 13 more
)
[[ATTACHMENT|E:\\Cloned-Project-Katalon\\VPS-Katalon\\Reports\\20240828_221824\\QA\\IWP3.0\\IWP30 Smoke TestSuite\\20240828_221824\\1724899141818.png]]

2024-08-28 22:39:02 - [TEST_STEP][PASSED] - Thread.sleep(10000): null

2024-08-28 22:39:12 - [TEST_STEP][PASSED] - click(findTestObject("Object Repository/IWP30/Page_AcceptCF/input_convFeeNotifyAction")): Object: 'Object Repository/IWP30/Page_AcceptCF/input_convFeeNotifyAction' is clicked on

2024-08-28 22:39:43 - [MESSAGE][INFO] - Unable to find the element located by 'By.xpath: //*[@type = 'submit' and @name = 'convFeeNotifyAction' and @id = 'submitYes']'. Please recheck the objects properties to make sure the desired element is located. 

2024-08-28 22:39:43 - [MESSAGE][WARNING] - [SELF-HEALING] Failed to find element with id 'Object Repository/IWP30/Page_AcceptCF/input_convFeeNotifyAction'. Try using Self-healing.

2024-08-28 22:39:43 - [MESSAGE][WARNING] - [SELF-HEALING] The current locator of test object 'Object Repository/IWP30/Page_AcceptCF/input_convFeeNotifyAction' was broken. Propose an alternative one: '//div/input'.

2024-08-28 22:39:43 - [MESSAGE][PASSED] - Object: 'Object Repository/IWP30/Page_AcceptCF/input_convFeeNotifyAction' is clicked on

2024-08-28 22:39:43 - [TEST_STEP][PASSED] - Thread.sleep(10000): null

2024-08-28 22:39:53 - [TEST_STEP][FAILED] - if (verifyTextPresent("Successful Payment Receipt", false)): Text 'Successful Payment Receipt' is not present on page  (Root cause: com.kms.katalon.core.exception.StepFailedException: Text 'Successful Payment Receipt' is not present on page 
	at com.kms.katalon.core.webui.keyword.internal.WebUIKeywordMain.stepFailed(WebUIKeywordMain.groovy:64)
	at com.kms.katalon.core.webui.keyword.builtin.VerifyTextPresentKeyword$_verifyTextPresent_closure1.doCall(VerifyTextPresentKeyword.groovy:79)
	at com.kms.katalon.core.webui.keyword.builtin.VerifyTextPresentKeyword$_verifyTextPresent_closure1.call(VerifyTextPresentKeyword.groovy)
	at com.kms.katalon.core.webui.keyword.internal.WebUIKeywordMain.runKeyword(WebUIKeywordMain.groovy:20)
	at com.kms.katalon.core.webui.keyword.builtin.VerifyTextPresentKeyword.verifyTextPresent(VerifyTextPresentKeyword.groovy:83)
	at com.kms.katalon.core.webui.keyword.builtin.VerifyTextPresentKeyword.execute(VerifyTextPresentKeyword.groovy:68)
	at com.kms.katalon.core.keyword.internal.KeywordExecutor.executeKeywordForPlatform(KeywordExecutor.groovy:74)
	at com.kms.katalon.core.webui.keyword.WebUiBuiltInKeywords.verifyTextPresent(WebUiBuiltInKeywords.groovy:1723)
	at com.kms.katalon.core.webui.keyword.WebUiBuiltInKeywords$verifyTextPresent$8.call(Unknown Source)
	at PayNowSuccessfulPaymentDCFCC.run(PayNowSuccessfulPaymentDCFCC:94)
	at com.kms.katalon.core.main.ScriptEngine.run(ScriptEngine.java:194)
	at com.kms.katalon.core.main.ScriptEngine.runScriptAsRawText(ScriptEngine.java:119)
	at com.kms.katalon.core.main.TestCaseExecutor.runScript(TestCaseExecutor.java:448)
	at com.kms.katalon.core.main.TestCaseExecutor.doExecute(TestCaseExecutor.java:439)
	at com.kms.katalon.core.main.TestCaseExecutor.processExecutionPhase(TestCaseExecutor.java:418)
	at com.kms.katalon.core.main.TestCaseExecutor.accessMainPhase(TestCaseExecutor.java:410)
	at com.kms.katalon.core.main.TestCaseExecutor.execute(TestCaseExecutor.java:285)
	at com.kms.katalon.core.common.CommonExecutor.accessTestCaseMainPhase(CommonExecutor.java:65)
	at com.kms.katalon.core.main.TestSuiteExecutor.accessTestSuiteMainPhase(TestSuiteExecutor.java:148)
	at com.kms.katalon.core.main.TestSuiteExecutor.execute(TestSuiteExecutor.java:106)
	at com.kms.katalon.core.main.TestCaseMain.startTestSuite(TestCaseMain.java:187)
	at com.kms.katalon.core.main.TestCaseMain$startTestSuite$0.call(Unknown Source)
	at TempTestSuite1724897904035.run(TempTestSuite1724897904035.groovy:35)
)

2024-08-28 22:39:54 - [MESSAGE][FAILED] - Text 'Successful Payment Receipt' is not present on page  (Root cause: com.kms.katalon.core.exception.StepFailedException: Text 'Successful Payment Receipt' is not present on page 
	at com.kms.katalon.core.webui.keyword.internal.WebUIKeywordMain.stepFailed(WebUIKeywordMain.groovy:64)
	at com.kms.katalon.core.webui.keyword.builtin.VerifyTextPresentKeyword$_verifyTextPresent_closure1.doCall(VerifyTextPresentKeyword.groovy:79)
	at com.kms.katalon.core.webui.keyword.builtin.VerifyTextPresentKeyword$_verifyTextPresent_closure1.call(VerifyTextPresentKeyword.groovy)
	at com.kms.katalon.core.webui.keyword.internal.WebUIKeywordMain.runKeyword(WebUIKeywordMain.groovy:20)
	at com.kms.katalon.core.webui.keyword.builtin.VerifyTextPresentKeyword.verifyTextPresent(VerifyTextPresentKeyword.groovy:83)
	at com.kms.katalon.core.webui.keyword.builtin.VerifyTextPresentKeyword.execute(VerifyTextPresentKeyword.groovy:68)
	at com.kms.katalon.core.keyword.internal.KeywordExecutor.executeKeywordForPlatform(KeywordExecutor.groovy:74)
	at com.kms.katalon.core.webui.keyword.WebUiBuiltInKeywords.verifyTextPresent(WebUiBuiltInKeywords.groovy:1723)
	at com.kms.katalon.core.webui.keyword.WebUiBuiltInKeywords$verifyTextPresent$8.call(Unknown Source)
	at PayNowSuccessfulPaymentDCFCC.run(PayNowSuccessfulPaymentDCFCC:94)
	at com.kms.katalon.core.main.ScriptEngine.run(ScriptEngine.java:194)
	at com.kms.katalon.core.main.ScriptEngine.runScriptAsRawText(ScriptEngine.java:119)
	at com.kms.katalon.core.main.TestCaseExecutor.runScript(TestCaseExecutor.java:448)
	at com.kms.katalon.core.main.TestCaseExecutor.doExecute(TestCaseExecutor.java:439)
	at com.kms.katalon.core.main.TestCaseExecutor.processExecutionPhase(TestCaseExecutor.java:418)
	at com.kms.katalon.core.main.TestCaseExecutor.accessMainPhase(TestCaseExecutor.java:410)
	at com.kms.katalon.core.main.TestCaseExecutor.execute(TestCaseExecutor.java:285)
	at com.kms.katalon.core.common.CommonExecutor.accessTestCaseMainPhase(CommonExecutor.java:65)
	at com.kms.katalon.core.main.TestSuiteExecutor.accessTestSuiteMainPhase(TestSuiteExecutor.java:148)
	at com.kms.katalon.core.main.TestSuiteExecutor.execute(TestSuiteExecutor.java:106)
	at com.kms.katalon.core.main.TestCaseMain.startTestSuite(TestCaseMain.java:187)
	at com.kms.katalon.core.main.TestCaseMain$startTestSuite$0.call(Unknown Source)
	at TempTestSuite1724897904035.run(TempTestSuite1724897904035.groovy:35)
)

2024-08-28 22:39:54 - [TEST_STEP][FAILED] - else: null

2024-08-28 22:39:54 - [TEST_STEP][PASSED] - println("Successful Payment Receipt text is not present on the Receipt page"): null

2024-08-28 22:39:54 - [TEST_STEP][FAILED] - markFailed("Error on Page is : " + getText(findTestObject("Object Repository/IWP30/Page_Receipt/div_ReceiptSourceCode"))): Error on Page is : Make a Real Estate Payment
Lorem ipsum dolor sit amet, consectetuer adipiscing elit, sed diam nonummy nibh euismod tincidunt ut laoreet dolore magna aliquam erat volutpat. Ut wisi enim ad minim veniam, quis nostrud exerci tation ullamcorper suscipit lobortis nisl ut aliquip ex ea commodo consequat.
  Required fields are highlighted with an asterisk.
  Please enter the following information about your payment:
  Tax Amount: $0.00
  Amount:*  $
  UDF1 Label:  udf data 1
  UDF2 Label: 
  UDF3 Label:* 
  UDF4 Label:*  udf data 4
  UDF6 Label:  udf data 6
  UDF7 Label: 
--Select One--
Orange
Purple

  UDF8 Label:* 
--Select One--
Tennis
Soccer

UDF8 Label is required
  UDF9 Label:*  udf data 9
 
Please enter the following information about your payment method:
  Cardholder's Name:* 
  Cards Accepted: 
  Card Number:* 
  Card Security Code:* 
  Expiration Date:*  
     
MM
  
     01
  
     02
  
     03
  
     04
  
     05
  
     06
  
     07
  
     08
  
     09
  
     10
  
     11
  
     12
  
     
     YYYY
  
     2024
  
     2025
  
     2026
  
     2027
  
     2028
  
     2029
  
     2030
  
     2031
  
     2032
  
     2033
  
     2034
  
     2035
  
     2036
  
     2037
  
     2038
  
     2039
  
    
  Payment Date:*


 
Billing Information:
  Address Line 1:* 
  Address Line 2: 
  Country:*  
      
  
United States
    
  ZIP Code:* 
  City: 
  State:  
     
  
     
  
     
  
     
  
     
  
     
  
     
  
     
  
     
  
     
  
     
  
     
  
     
  
     
  
     
  
     
  
     
  
     
  
     
  
     
  
     
  
     
  
     
  
     
  
     
  
     
  
     
  
     
  
     
  
     
  
     
  
     
  
     
  
     
  
     
  
     
  
     
  
     
  
     
  
     
  
     
  
     
  
     
  
     
  
     
  
     
  
     
  
     
  
     
  
     
  
     
  
     
  
     
  
     
  
     
  
     
  
     
  
     
  
     
  
     
  
     
  
     
  
     
  
     
  
     
  
     
  
    
--Select One--
Armed Forces Americas
Armed Forces Europe
Armed Forces Canada
Armed Forces Africa
Armed Forces Middle East
Armed Forces Pacific
Alabama
Alaska
American Samoa
Arizona
Arkansas
California
Colorado
Connecticut
Delaware
District of Columbia
Federated States of Micronesia
Florida
Georgia
Guam
Hawaii
Idaho
Illinois
Indiana
Iowa
Kansas
Kentucky
Louisiana
Maine
Maryland
Massachusetts
Michigan
Minnesota
Mississippi
Missouri
Montana
Nebraska
Nevada
New Hampshire
New Jersey
New Mexico
New York
North Carolina
North Dakota
Northern Mariana Islands
Ohio
Oklahoma
Oregon
Palau
Pennsylvania
Puerto Rico
Rhode Island
South Carolina
South Dakota
Tennessee
Texas
Utah
Vermont
Virgin Islands
Virginia
Washington
West Virginia
Wisconsin
Wyoming
Marshall Island

 
Receipt Information:
  Email Address:* 
 
  Please check here to store the payment method for future use.

    These are Customer CC Terms
    These are CC Custom HTML

2024-08-28 22:39:54 - [MESSAGE][PASSED] - Text of object 'Object Repository/IWP30/Page_Receipt/div_ReceiptSourceCode' is: 'Make a Real Estate Payment
Lorem ipsum dolor sit amet, consectetuer adipiscing elit, sed diam nonummy nibh euismod tincidunt ut laoreet dolore magna aliquam erat volutpat. Ut wisi enim ad minim veniam, quis nostrud exerci tation ullamcorper suscipit lobortis nisl ut aliquip ex ea commodo consequat.
  Required fields are highlighted with an asterisk.
  Please enter the following information about your payment:
  Tax Amount: $0.00
  Amount:*  $
  UDF1 Label:  udf data 1
  UDF2 Label: 
  UDF3 Label:* 
  UDF4 Label:*  udf data 4
  UDF6 Label:  udf data 6
  UDF7 Label: 
--Select One--
Orange
Purple

  UDF8 Label:* 
--Select One--
Tennis
Soccer

UDF8 Label is required
  UDF9 Label:*  udf data 9
 
Please enter the following information about your payment method:
  Cardholder's Name:* 
  Cards Accepted: 
  Card Number:* 
  Card Security Code:* 
  Expiration Date:*  
     
MM
  
     01
  
     02
  
     03
  
     04
  
     05
  
     06
  
     07
  
     08
  
     09
  
     10
  
     11
  
     12
  
     
     YYYY
  
     2024
  
     2025
  
     2026
  
     2027
  
     2028
  
     2029
  
     2030
  
     2031
  
     2032
  
     2033
  
     2034
  
     2035
  
     2036
  
     2037
  
     2038
  
     2039
  
    
  Payment Date:*


 
Billing Information:
  Address Line 1:* 
  Address Line 2: 
  Country:*  
      
  
United States
    
  ZIP Code:* 
  City: 
  State:  
     
  
     
  
     
  
     
  
     
  
     
  
     
  
     
  
     
  
     
  
     
  
     
  
     
  
     
  
     
  
     
  
     
  
     
  
     
  
     
  
     
  
     
  
     
  
     
  
     
  
     
  
     
  
     
  
     
  
     
  
     
  
     
  
     
  
     
  
     
  
     
  
     
  
     
  
     
  
     
  
     
  
     
  
     
  
     
  
     
  
     
  
     
  
     
  
     
  
     
  
     
  
     
  
     
  
     
  
     
  
     
  
     
  
     
  
     
  
     
  
     
  
     
  
     
  
     
  
     
  
     
  
    
--Select One--
Armed Forces Americas
Armed Forces Europe
Armed Forces Canada
Armed Forces Africa
Armed Forces Middle East
Armed Forces Pacific
Alabama
Alaska
American Samoa
Arizona
Arkansas
California
Colorado
Connecticut
Delaware
District of Columbia
Federated States of Micronesia
Florida
Georgia
Guam
Hawaii
Idaho
Illinois
Indiana
Iowa
Kansas
Kentucky
Louisiana
Maine
Maryland
Massachusetts
Michigan
Minnesota
Mississippi
Missouri
Montana
Nebraska
Nevada
New Hampshire
New Jersey
New Mexico
New York
North Carolina
North Dakota
Northern Mariana Islands
Ohio
Oklahoma
Oregon
Palau
Pennsylvania
Puerto Rico
Rhode Island
South Carolina
South Dakota
Tennessee
Texas
Utah
Vermont
Virgin Islands
Virginia
Washington
West Virginia
Wisconsin
Wyoming
Marshall Island

 
Receipt Information:
  Email Address:* 
 
  Please check here to store the payment method for future use.

    These are Customer CC Terms
    These are CC Custom HTML'

2024-08-28 22:39:54 - [MESSAGE][FAILED] - Error on Page is : Make a Real Estate Payment
Lorem ipsum dolor sit amet, consectetuer adipiscing elit, sed diam nonummy nibh euismod tincidunt ut laoreet dolore magna aliquam erat volutpat. Ut wisi enim ad minim veniam, quis nostrud exerci tation ullamcorper suscipit lobortis nisl ut aliquip ex ea commodo consequat.
  Required fields are highlighted with an asterisk.
  Please enter the following information about your payment:
  Tax Amount: $0.00
  Amount:*  $
  UDF1 Label:  udf data 1
  UDF2 Label: 
  UDF3 Label:* 
  UDF4 Label:*  udf data 4
  UDF6 Label:  udf data 6
  UDF7 Label: 
--Select One--
Orange
Purple

  UDF8 Label:* 
--Select One--
Tennis
Soccer

UDF8 Label is required
  UDF9 Label:*  udf data 9
 
Please enter the following information about your payment method:
  Cardholder's Name:* 
  Cards Accepted: 
  Card Number:* 
  Card Security Code:* 
  Expiration Date:*  
     
MM
  
     01
  
     02
  
     03
  
     04
  
     05
  
     06
  
     07
  
     08
  
     09
  
     10
  
     11
  
     12
  
     
     YYYY
  
     2024
  
     2025
  
     2026
  
     2027
  
     2028
  
     2029
  
     2030
  
     2031
  
     2032
  
     2033
  
     2034
  
     2035
  
     2036
  
     2037
  
     2038
  
     2039
  
    
  Payment Date:*


 
Billing Information:
  Address Line 1:* 
  Address Line 2: 
  Country:*  
      
  
United States
    
  ZIP Code:* 
  City: 
  State:  
     
  
     
  
     
  
     
  
     
  
     
  
     
  
     
  
     
  
     
  
     
  
     
  
     
  
     
  
     
  
     
  
     
  
     
  
     
  
     
  
     
  
     
  
     
  
     
  
     
  
     
  
     
  
     
  
     
  
     
  
     
  
     
  
     
  
     
  
     
  
     
  
     
  
     
  
     
  
     
  
     
  
     
  
     
  
     
  
     
  
     
  
     
  
     
  
     
  
     
  
     
  
     
  
     
  
     
  
     
  
     
  
     
  
     
  
     
  
     
  
     
  
     
  
     
  
     
  
     
  
     
  
    
--Select One--
Armed Forces Americas
Armed Forces Europe
Armed Forces Canada
Armed Forces Africa
Armed Forces Middle East
Armed Forces Pacific
Alabama
Alaska
American Samoa
Arizona
Arkansas
California
Colorado
Connecticut
Delaware
District of Columbia
Federated States of Micronesia
Florida
Georgia
Guam
Hawaii
Idaho
Illinois
Indiana
Iowa
Kansas
Kentucky
Louisiana
Maine
Maryland
Massachusetts
Michigan
Minnesota
Mississippi
Missouri
Montana
Nebraska
Nevada
New Hampshire
New Jersey
New Mexico
New York
North Carolina
North Dakota
Northern Mariana Islands
Ohio
Oklahoma
Oregon
Palau
Pennsylvania
Puerto Rico
Rhode Island
South Carolina
South Dakota
Tennessee
Texas
Utah
Vermont
Virgin Islands
Virginia
Washington
West Virginia
Wisconsin
Wyoming
Marshall Island

 
Receipt Information:
  Email Address:* 
 
  Please check here to store the payment method for future use.

    These are Customer CC Terms
    These are CC Custom HTML

2024-08-28 22:39:54 - [TEST_STEP][PASSED] - resText = "Fail": null

2024-08-28 22:39:54 - [TEST_STEP][PASSED] - pages.WriteExcel.demoKey(resText, datText, resColumn, datCloumn, fileLoc, nameSheet, row): pages.WriteExcel.demoKey is PASSED

2024-08-28 22:39:54 - [MESSAGE][PASSED] - pages.WriteExcel.demoKey is PASSED

2024-08-28 22:39:54 - [TEST_STEP][PASSED] - println(getText(findTestObject("Object Repository/IWP30/Page_Receipt/div_ReceiptSourceCode"))): Text of object 'Object Repository/IWP30/Page_Receipt/div_ReceiptSourceCode' is: 'Make a Real Estate Payment
Lorem ipsum dolor sit amet, consectetuer adipiscing elit, sed diam nonummy nibh euismod tincidunt ut laoreet dolore magna aliquam erat volutpat. Ut wisi enim ad minim veniam, quis nostrud exerci tation ullamcorper suscipit lobortis nisl ut aliquip ex ea commodo consequat.
  Required fields are highlighted with an asterisk.
  Please enter the following information about your payment:
  Tax Amount: $0.00
  Amount:*  $
  UDF1 Label:  udf data 1
  UDF2 Label: 
  UDF3 Label:* 
  UDF4 Label:*  udf data 4
  UDF6 Label:  udf data 6
  UDF7 Label: 
--Select One--
Orange
Purple

  UDF8 Label:* 
--Select One--
Tennis
Soccer

UDF8 Label is required
  UDF9 Label:*  udf data 9
 
Please enter the following information about your payment method:
  Cardholder's Name:* 
  Cards Accepted: 
  Card Number:* 
  Card Security Code:* 
  Expiration Date:*  
     
MM
  
     01
  
     02
  
     03
  
     04
  
     05
  
     06
  
     07
  
     08
  
     09
  
     10
  
     11
  
     12
  
     
     YYYY
  
     2024
  
     2025
  
     2026
  
     2027
  
     2028
  
     2029
  
     2030
  
     2031
  
     2032
  
     2033
  
     2034
  
     2035
  
     2036
  
     2037
  
     2038
  
     2039
  
    
  Payment Date:*


 
Billing Information:
  Address Line 1:* 
  Address Line 2: 
  Country:*  
      
  
United States
    
  ZIP Code:* 
  City: 
  State:  
     
  
     
  
     
  
     
  
     
  
     
  
     
  
     
  
     
  
     
  
     
  
     
  
     
  
     
  
     
  
     
  
     
  
     
  
     
  
     
  
     
  
     
  
     
  
     
  
     
  
     
  
     
  
     
  
     
  
     
  
     
  
     
  
     
  
     
  
     
  
     
  
     
  
     
  
     
  
     
  
     
  
     
  
     
  
     
  
     
  
     
  
     
  
     
  
     
  
     
  
     
  
     
  
     
  
     
  
     
  
     
  
     
  
     
  
     
  
     
  
     
  
     
  
     
  
     
  
     
  
     
  
    
--Select One--
Armed Forces Americas
Armed Forces Europe
Armed Forces Canada
Armed Forces Africa
Armed Forces Middle East
Armed Forces Pacific
Alabama
Alaska
American Samoa
Arizona
Arkansas
California
Colorado
Connecticut
Delaware
District of Columbia
Federated States of Micronesia
Florida
Georgia
Guam
Hawaii
Idaho
Illinois
Indiana
Iowa
Kansas
Kentucky
Louisiana
Maine
Maryland
Massachusetts
Michigan
Minnesota
Mississippi
Missouri
Montana
Nebraska
Nevada
New Hampshire
New Jersey
New Mexico
New York
North Carolina
North Dakota
Northern Mariana Islands
Ohio
Oklahoma
Oregon
Palau
Pennsylvania
Puerto Rico
Rhode Island
South Carolina
South Dakota
Tennessee
Texas
Utah
Vermont
Virgin Islands
Virginia
Washington
West Virginia
Wisconsin
Wyoming
Marshall Island

 
Receipt Information:
  Email Address:* 
 
  Please check here to store the payment method for future use.

    These are Customer CC Terms
    These are CC Custom HTML'

2024-08-28 22:39:54 - [MESSAGE][PASSED] - Text of object 'Object Repository/IWP30/Page_Receipt/div_ReceiptSourceCode' is: 'Make a Real Estate Payment
Lorem ipsum dolor sit amet, consectetuer adipiscing elit, sed diam nonummy nibh euismod tincidunt ut laoreet dolore magna aliquam erat volutpat. Ut wisi enim ad minim veniam, quis nostrud exerci tation ullamcorper suscipit lobortis nisl ut aliquip ex ea commodo consequat.
  Required fields are highlighted with an asterisk.
  Please enter the following information about your payment:
  Tax Amount: $0.00
  Amount:*  $
  UDF1 Label:  udf data 1
  UDF2 Label: 
  UDF3 Label:* 
  UDF4 Label:*  udf data 4
  UDF6 Label:  udf data 6
  UDF7 Label: 
--Select One--
Orange
Purple

  UDF8 Label:* 
--Select One--
Tennis
Soccer

UDF8 Label is required
  UDF9 Label:*  udf data 9
 
Please enter the following information about your payment method:
  Cardholder's Name:* 
  Cards Accepted: 
  Card Number:* 
  Card Security Code:* 
  Expiration Date:*  
     
MM
  
     01
  
     02
  
     03
  
     04
  
     05
  
     06
  
     07
  
     08
  
     09
  
     10
  
     11
  
     12
  
     
     YYYY
  
     2024
  
     2025
  
     2026
  
     2027
  
     2028
  
     2029
  
     2030
  
     2031
  
     2032
  
     2033
  
     2034
  
     2035
  
     2036
  
     2037
  
     2038
  
     2039
  
    
  Payment Date:*


 
Billing Information:
  Address Line 1:* 
  Address Line 2: 
  Country:*  
      
  
United States
    
  ZIP Code:* 
  City: 
  State:  
     
  
     
  
     
  
     
  
     
  
     
  
     
  
     
  
     
  
     
  
     
  
     
  
     
  
     
  
     
  
     
  
     
  
     
  
     
  
     
  
     
  
     
  
     
  
     
  
     
  
     
  
     
  
     
  
     
  
     
  
     
  
     
  
     
  
     
  
     
  
     
  
     
  
     
  
     
  
     
  
     
  
     
  
     
  
     
  
     
  
     
  
     
  
     
  
     
  
     
  
     
  
     
  
     
  
     
  
     
  
     
  
     
  
     
  
     
  
     
  
     
  
     
  
     
  
     
  
     
  
     
  
    
--Select One--
Armed Forces Americas
Armed Forces Europe
Armed Forces Canada
Armed Forces Africa
Armed Forces Middle East
Armed Forces Pacific
Alabama
Alaska
American Samoa
Arizona
Arkansas
California
Colorado
Connecticut
Delaware
District of Columbia
Federated States of Micronesia
Florida
Georgia
Guam
Hawaii
Idaho
Illinois
Indiana
Iowa
Kansas
Kentucky
Louisiana
Maine
Maryland
Massachusetts
Michigan
Minnesota
Mississippi
Missouri
Montana
Nebraska
Nevada
New Hampshire
New Jersey
New Mexico
New York
North Carolina
North Dakota
Northern Mariana Islands
Ohio
Oklahoma
Oregon
Palau
Pennsylvania
Puerto Rico
Rhode Island
South Carolina
South Dakota
Tennessee
Texas
Utah
Vermont
Virgin Islands
Virginia
Washington
West Virginia
Wisconsin
Wyoming
Marshall Island

 
Receipt Information:
  Email Address:* 
 
  Please check here to store the payment method for future use.

    These are Customer CC Terms
    These are CC Custom HTML']]></system-out>
         <system-err><![CDATA[2024-08-28 22:31:13 - [TEST_CASE][FAILED] - Test Cases/IntegratedWeb/IWP30/Payments/PayNowSuccessfulPaymentDCFCC: Test Cases/IntegratedWeb/IWP30/Payments/PayNowSuccessfulPaymentDCFCC FAILED.
Reason:
com.kms.katalon.core.exception.StepFailedException: Unable to click on object 'Object Repository/IWP30/Page_Confirmation/ConfirmButton' (Root cause: com.kms.katalon.core.exception.StepFailedException: Unable to click on object 'Object Repository/IWP30/Page_Confirmation/ConfirmButton'
	at com.kms.katalon.core.webui.keyword.internal.WebUIKeywordMain.stepFailed(WebUIKeywordMain.groovy:64)
	at com.kms.katalon.core.webui.keyword.internal.WebUIKeywordMain.runKeyword(WebUIKeywordMain.groovy:26)
	at com.kms.katalon.core.webui.keyword.builtin.ClickKeyword.click(ClickKeyword.groovy:74)
	at com.kms.katalon.core.webui.keyword.builtin.ClickKeyword.execute(ClickKeyword.groovy:40)
	at com.kms.katalon.core.keyword.internal.KeywordExecutor.executeKeywordForPlatform(KeywordExecutor.groovy:74)
	at com.kms.katalon.core.webui.keyword.WebUiBuiltInKeywords.click(WebUiBuiltInKeywords.groovy:620)
	at com.kms.katalon.core.webui.keyword.WebUiBuiltInKeywords$click$3.call(Unknown Source)
	at PayNowSuccessfulPaymentDCFCC.run(PayNowSuccessfulPaymentDCFCC:84)
	at com.kms.katalon.core.main.ScriptEngine.run(ScriptEngine.java:194)
	at com.kms.katalon.core.main.ScriptEngine.runScriptAsRawText(ScriptEngine.java:119)
	at com.kms.katalon.core.main.TestCaseExecutor.runScript(TestCaseExecutor.java:448)
	at com.kms.katalon.core.main.TestCaseExecutor.doExecute(TestCaseExecutor.java:439)
	at com.kms.katalon.core.main.TestCaseExecutor.processExecutionPhase(TestCaseExecutor.java:418)
	at com.kms.katalon.core.main.TestCaseExecutor.accessMainPhase(TestCaseExecutor.java:410)
	at com.kms.katalon.core.main.TestCaseExecutor.execute(TestCaseExecutor.java:285)
	at com.kms.katalon.core.common.CommonExecutor.accessTestCaseMainPhase(CommonExecutor.java:65)
	at com.kms.katalon.core.main.TestSuiteExecutor.accessTestSuiteMainPhase(TestSuiteExecutor.java:148)
	at com.kms.katalon.core.main.TestSuiteExecutor.execute(TestSuiteExecutor.java:106)
	at com.kms.katalon.core.main.TestCaseMain.startTestSuite(TestCaseMain.java:187)
	at com.kms.katalon.core.main.TestCaseMain$startTestSuite$0.call(Unknown Source)
	at TempTestSuite1724897904035.run(TempTestSuite1724897904035.groovy:35)
Caused by: com.kms.katalon.core.webui.exception.WebElementNotFoundException: Web element with id: 'Object Repository/IWP30/Page_Confirmation/ConfirmButton' located by '//*[@type = 'submit' and @name = 'confirmNotifyAction' and @id = 'submitYes' and @value = 'Confirm']' not found
	at com.kms.katalon.core.webui.common.WebUiCommonHelper.findWebElement(WebUiCommonHelper.java:1381)
	at com.kms.katalon.core.webui.keyword.internal.WebUIAbstractKeyword.findWebElement(WebUIAbstractKeyword.groovy:27)
	at com.kms.katalon.core.webui.keyword.builtin.ClickKeyword$_click_closure1.doCall(ClickKeyword.groovy:65)
	at com.kms.katalon.core.webui.keyword.builtin.ClickKeyword$_click_closure1.call(ClickKeyword.groovy)
	at com.kms.katalon.core.webui.keyword.internal.WebUIKeywordMain.runKeyword(WebUIKeywordMain.groovy:20)
	at com.kms.katalon.core.webui.keyword.builtin.ClickKeyword.click(ClickKeyword.groovy:74)
	at com.kms.katalon.core.webui.keyword.builtin.ClickKeyword.execute(ClickKeyword.groovy:40)
	at com.kms.katalon.core.keyword.internal.KeywordExecutor.executeKeywordForPlatform(KeywordExecutor.groovy:74)
	at com.kms.katalon.core.webui.keyword.WebUiBuiltInKeywords.click(WebUiBuiltInKeywords.groovy:620)
	at com.kms.katalon.core.webui.keyword.WebUiBuiltInKeywords$click$3.call(Unknown Source)
	at Script1686784733865.run(Script1686784733865.groovy:84)
	... 13 more
)
	at com.kms.katalon.core.keyword.internal.KeywordMain.stepFailed(KeywordMain.groovy:39)
	at com.kms.katalon.core.webui.keyword.internal.WebUIKeywordMain.stepFailed(WebUIKeywordMain.groovy:64)
	at com.kms.katalon.core.webui.keyword.internal.WebUIKeywordMain.runKeyword(WebUIKeywordMain.groovy:26)
	at com.kms.katalon.core.webui.keyword.builtin.ClickKeyword.click(ClickKeyword.groovy:74)
	at com.kms.katalon.core.webui.keyword.builtin.ClickKeyword.execute(ClickKeyword.groovy:40)
	at com.kms.katalon.core.keyword.internal.KeywordExecutor.executeKeywordForPlatform(KeywordExecutor.groovy:74)
	at com.kms.katalon.core.webui.keyword.WebUiBuiltInKeywords.click(WebUiBuiltInKeywords.groovy:620)
	at com.kms.katalon.core.webui.keyword.WebUiBuiltInKeywords$click$3.call(Unknown Source)
	at PayNowSuccessfulPaymentDCFCC.run(PayNowSuccessfulPaymentDCFCC:84)
	at com.kms.katalon.core.main.ScriptEngine.run(ScriptEngine.java:194)
	at com.kms.katalon.core.main.ScriptEngine.runScriptAsRawText(ScriptEngine.java:119)
	at com.kms.katalon.core.main.TestCaseExecutor.runScript(TestCaseExecutor.java:448)
	at com.kms.katalon.core.main.TestCaseExecutor.doExecute(TestCaseExecutor.java:439)
	at com.kms.katalon.core.main.TestCaseExecutor.processExecutionPhase(TestCaseExecutor.java:418)
	at com.kms.katalon.core.main.TestCaseExecutor.accessMainPhase(TestCaseExecutor.java:410)
	at com.kms.katalon.core.main.TestCaseExecutor.execute(TestCaseExecutor.java:285)
	at com.kms.katalon.core.common.CommonExecutor.accessTestCaseMainPhase(CommonExecutor.java:65)
	at com.kms.katalon.core.main.TestSuiteExecutor.accessTestSuiteMainPhase(TestSuiteExecutor.java:148)
	at com.kms.katalon.core.main.TestSuiteExecutor.execute(TestSuiteExecutor.java:106)
	at com.kms.katalon.core.main.TestCaseMain.startTestSuite(TestCaseMain.java:187)
	at com.kms.katalon.core.main.TestCaseMain$startTestSuite$0.call(Unknown Source)
	at TempTestSuite1724897904035.run(TempTestSuite1724897904035.groovy:35)
Caused by: com.kms.katalon.core.exception.StepFailedException: Unable to click on object 'Object Repository/IWP30/Page_Confirmation/ConfirmButton'
	... 21 more
Caused by: com.kms.katalon.core.webui.exception.WebElementNotFoundException: Web element with id: 'Object Repository/IWP30/Page_Confirmation/ConfirmButton' located by '//*[@type = 'submit' and @name = 'confirmNotifyAction' and @id = 'submitYes' and @value = 'Confirm']' not found
	at com.kms.katalon.core.webui.common.WebUiCommonHelper.findWebElement(WebUiCommonHelper.java:1381)
	at com.kms.katalon.core.webui.keyword.internal.WebUIAbstractKeyword.findWebElement(WebUIAbstractKeyword.groovy:27)
	at com.kms.katalon.core.webui.keyword.builtin.ClickKeyword$_click_closure1.doCall(ClickKeyword.groovy:65)
	at com.kms.katalon.core.webui.keyword.builtin.ClickKeyword$_click_closure1.call(ClickKeyword.groovy)
	at com.kms.katalon.core.webui.keyword.internal.WebUIKeywordMain.runKeyword(WebUIKeywordMain.groovy:20)
	... 19 more]]></system-err>
      </testcase>
      <testcase name="Test Cases/IntegratedWeb/IWP30/Payments/VerifyDualCFVerbiage" time="86.263" classname="Test Cases/IntegratedWeb/IWP30/Payments/VerifyDualCFVerbiage" status="FAILED">
         <failure type="FAILED" message="Test Cases/IntegratedWeb/IWP30/Payments/VerifyDualCFVerbiage FAILED.
Reason:
com.kms.katalon.core.exception.StepFailedException: Unable to click on object 'Object Repository/IWP30/Page_Confirmation/ConfirmButton' (Root cause: com.kms.katalon.core.exception.StepFailedException: Unable to click on object 'Object Repository/IWP30/Page_Confirmation/ConfirmButton'
	at com.kms.katalon.core.webui.keyword.internal.WebUIKeywordMain.stepFailed(WebUIKeywordMain.groovy:64)
	at com.kms.katalon.core.webui.keyword.internal.WebUIKeywordMain.runKeyword(WebUIKeywordMain.groovy:26)
	at com.kms.katalon.core.webui.keyword.builtin.ClickKeyword.click(ClickKeyword.groovy:74)
	at com.kms.katalon.core.webui.keyword.builtin.ClickKeyword.execute(ClickKeyword.groovy:40)
	at com.kms.katalon.core.keyword.internal.KeywordExecutor.executeKeywordForPlatform(KeywordExecutor.groovy:74)
	at com.kms.katalon.core.webui.keyword.WebUiBuiltInKeywords.click(WebUiBuiltInKeywords.groovy:620)
	at com.kms.katalon.core.webui.keyword.WebUiBuiltInKeywords$click$3.call(Unknown Source)
	at VerifyDualCFVerbiage.run(VerifyDualCFVerbiage:85)
	at com.kms.katalon.core.main.ScriptEngine.run(ScriptEngine.java:194)
	at com.kms.katalon.core.main.ScriptEngine.runScriptAsRawText(ScriptEngine.java:119)
	at com.kms.katalon.core.main.TestCaseExecutor.runScript(TestCaseExecutor.java:448)
	at com.kms.katalon.core.main.TestCaseExecutor.doExecute(TestCaseExecutor.java:439)
	at com.kms.katalon.core.main.TestCaseExecutor.processExecutionPhase(TestCaseExecutor.java:418)
	at com.kms.katalon.core.main.TestCaseExecutor.accessMainPhase(TestCaseExecutor.java:410)
	at com.kms.katalon.core.main.TestCaseExecutor.execute(TestCaseExecutor.java:285)
	at com.kms.katalon.core.common.CommonExecutor.accessTestCaseMainPhase(CommonExecutor.java:65)
	at com.kms.katalon.core.main.TestSuiteExecutor.accessTestSuiteMainPhase(TestSuiteExecutor.java:148)
	at com.kms.katalon.core.main.TestSuiteExecutor.execute(TestSuiteExecutor.java:106)
	at com.kms.katalon.core.main.TestCaseMain.startTestSuite(TestCaseMain.java:187)
	at com.kms.katalon.core.main.TestCaseMain$startTestSuite$0.call(Unknown Source)
	at TempTestSuite1724897904035.run(TempTestSuite1724897904035.groovy:35)
Caused by: com.kms.katalon.core.webui.exception.WebElementNotFoundException: Web element with id: 'Object Repository/IWP30/Page_Confirmation/ConfirmButton' located by '//*[@type = 'submit' and @name = 'confirmNotifyAction' and @id = 'submitYes' and @value = 'Confirm']' not found
	at com.kms.katalon.core.webui.common.WebUiCommonHelper.findWebElement(WebUiCommonHelper.java:1381)
	at com.kms.katalon.core.webui.keyword.internal.WebUIAbstractKeyword.findWebElement(WebUIAbstractKeyword.groovy:27)
	at com.kms.katalon.core.webui.keyword.builtin.ClickKeyword$_click_closure1.doCall(ClickKeyword.groovy:65)
	at com.kms.katalon.core.webui.keyword.builtin.ClickKeyword$_click_closure1.call(ClickKeyword.groovy)
	at com.kms.katalon.core.webui.keyword.internal.WebUIKeywordMain.runKeyword(WebUIKeywordMain.groovy:20)
	at com.kms.katalon.core.webui.keyword.builtin.ClickKeyword.click(ClickKeyword.groovy:74)
	at com.kms.katalon.core.webui.keyword.builtin.ClickKeyword.execute(ClickKeyword.groovy:40)
	at com.kms.katalon.core.keyword.internal.KeywordExecutor.executeKeywordForPlatform(KeywordExecutor.groovy:74)
	at com.kms.katalon.core.webui.keyword.WebUiBuiltInKeywords.click(WebUiBuiltInKeywords.groovy:620)
	at com.kms.katalon.core.webui.keyword.WebUiBuiltInKeywords$click$3.call(Unknown Source)
	at Script1686864812417.run(Script1686864812417.groovy:85)
	... 13 more
)
	at com.kms.katalon.core.keyword.internal.KeywordMain.stepFailed(KeywordMain.groovy:39)
	at com.kms.katalon.core.webui.keyword.internal.WebUIKeywordMain.stepFailed(WebUIKeywordMain.groovy:64)
	at com.kms.katalon.core.webui.keyword.internal.WebUIKeywordMain.runKeyword(WebUIKeywordMain.groovy:26)
	at com.kms.katalon.core.webui.keyword.builtin.ClickKeyword.click(ClickKeyword.groovy:74)
	at com.kms.katalon.core.webui.keyword.builtin.ClickKeyword.execute(ClickKeyword.groovy:40)
	at com.kms.katalon.core.keyword.internal.KeywordExecutor.executeKeywordForPlatform(KeywordExecutor.groovy:74)
	at com.kms.katalon.core.webui.keyword.WebUiBuiltInKeywords.click(WebUiBuiltInKeywords.groovy:620)
	at com.kms.katalon.core.webui.keyword.WebUiBuiltInKeywords$click$3.call(Unknown Source)
	at VerifyDualCFVerbiage.run(VerifyDualCFVerbiage:85)
	at com.kms.katalon.core.main.ScriptEngine.run(ScriptEngine.java:194)
	at com.kms.katalon.core.main.ScriptEngine.runScriptAsRawText(ScriptEngine.java:119)
	at com.kms.katalon.core.main.TestCaseExecutor.runScript(TestCaseExecutor.java:448)
	at com.kms.katalon.core.main.TestCaseExecutor.doExecute(TestCaseExecutor.java:439)
	at com.kms.katalon.core.main.TestCaseExecutor.processExecutionPhase(TestCaseExecutor.java:418)
	at com.kms.katalon.core.main.TestCaseExecutor.accessMainPhase(TestCaseExecutor.java:410)
	at com.kms.katalon.core.main.TestCaseExecutor.execute(TestCaseExecutor.java:285)
	at com.kms.katalon.core.common.CommonExecutor.accessTestCaseMainPhase(CommonExecutor.java:65)
	at com.kms.katalon.core.main.TestSuiteExecutor.accessTestSuiteMainPhase(TestSuiteExecutor.java:148)
	at com.kms.katalon.core.main.TestSuiteExecutor.execute(TestSuiteExecutor.java:106)
	at com.kms.katalon.core.main.TestCaseMain.startTestSuite(TestCaseMain.java:187)
	at com.kms.katalon.core.main.TestCaseMain$startTestSuite$0.call(Unknown Source)
	at TempTestSuite1724897904035.run(TempTestSuite1724897904035.groovy:35)
Caused by: com.kms.katalon.core.exception.StepFailedException: Unable to click on object 'Object Repository/IWP30/Page_Confirmation/ConfirmButton'
	... 21 more
Caused by: com.kms.katalon.core.webui.exception.WebElementNotFoundException: Web element with id: 'Object Repository/IWP30/Page_Confirmation/ConfirmButton' located by '//*[@type = 'submit' and @name = 'confirmNotifyAction' and @id = 'submitYes' and @value = 'Confirm']' not found
	at com.kms.katalon.core.webui.common.WebUiCommonHelper.findWebElement(WebUiCommonHelper.java:1381)
	at com.kms.katalon.core.webui.keyword.internal.WebUIAbstractKeyword.findWebElement(WebUIAbstractKeyword.groovy:27)
	at com.kms.katalon.core.webui.keyword.builtin.ClickKeyword$_click_closure1.doCall(ClickKeyword.groovy:65)
	at com.kms.katalon.core.webui.keyword.builtin.ClickKeyword$_click_closure1.call(ClickKeyword.groovy)
	at com.kms.katalon.core.webui.keyword.internal.WebUIKeywordMain.runKeyword(WebUIKeywordMain.groovy:20)
	... 19 more
"/>
         <system-out><![CDATA[2024-08-28 22:39:54 - [TEST_CASE][FAILED] - Test Cases/IntegratedWeb/IWP30/Payments/VerifyDualCFVerbiage: Test Cases/IntegratedWeb/IWP30/Payments/VerifyDualCFVerbiage FAILED.
Reason:
com.kms.katalon.core.exception.StepFailedException: Unable to click on object 'Object Repository/IWP30/Page_Confirmation/ConfirmButton' (Root cause: com.kms.katalon.core.exception.StepFailedException: Unable to click on object 'Object Repository/IWP30/Page_Confirmation/ConfirmButton'
	at com.kms.katalon.core.webui.keyword.internal.WebUIKeywordMain.stepFailed(WebUIKeywordMain.groovy:64)
	at com.kms.katalon.core.webui.keyword.internal.WebUIKeywordMain.runKeyword(WebUIKeywordMain.groovy:26)
	at com.kms.katalon.core.webui.keyword.builtin.ClickKeyword.click(ClickKeyword.groovy:74)
	at com.kms.katalon.core.webui.keyword.builtin.ClickKeyword.execute(ClickKeyword.groovy:40)
	at com.kms.katalon.core.keyword.internal.KeywordExecutor.executeKeywordForPlatform(KeywordExecutor.groovy:74)
	at com.kms.katalon.core.webui.keyword.WebUiBuiltInKeywords.click(WebUiBuiltInKeywords.groovy:620)
	at com.kms.katalon.core.webui.keyword.WebUiBuiltInKeywords$click$3.call(Unknown Source)
	at VerifyDualCFVerbiage.run(VerifyDualCFVerbiage:85)
	at com.kms.katalon.core.main.ScriptEngine.run(ScriptEngine.java:194)
	at com.kms.katalon.core.main.ScriptEngine.runScriptAsRawText(ScriptEngine.java:119)
	at com.kms.katalon.core.main.TestCaseExecutor.runScript(TestCaseExecutor.java:448)
	at com.kms.katalon.core.main.TestCaseExecutor.doExecute(TestCaseExecutor.java:439)
	at com.kms.katalon.core.main.TestCaseExecutor.processExecutionPhase(TestCaseExecutor.java:418)
	at com.kms.katalon.core.main.TestCaseExecutor.accessMainPhase(TestCaseExecutor.java:410)
	at com.kms.katalon.core.main.TestCaseExecutor.execute(TestCaseExecutor.java:285)
	at com.kms.katalon.core.common.CommonExecutor.accessTestCaseMainPhase(CommonExecutor.java:65)
	at com.kms.katalon.core.main.TestSuiteExecutor.accessTestSuiteMainPhase(TestSuiteExecutor.java:148)
	at com.kms.katalon.core.main.TestSuiteExecutor.execute(TestSuiteExecutor.java:106)
	at com.kms.katalon.core.main.TestCaseMain.startTestSuite(TestCaseMain.java:187)
	at com.kms.katalon.core.main.TestCaseMain$startTestSuite$0.call(Unknown Source)
	at TempTestSuite1724897904035.run(TempTestSuite1724897904035.groovy:35)
Caused by: com.kms.katalon.core.webui.exception.WebElementNotFoundException: Web element with id: 'Object Repository/IWP30/Page_Confirmation/ConfirmButton' located by '//*[@type = 'submit' and @name = 'confirmNotifyAction' and @id = 'submitYes' and @value = 'Confirm']' not found
	at com.kms.katalon.core.webui.common.WebUiCommonHelper.findWebElement(WebUiCommonHelper.java:1381)
	at com.kms.katalon.core.webui.keyword.internal.WebUIAbstractKeyword.findWebElement(WebUIAbstractKeyword.groovy:27)
	at com.kms.katalon.core.webui.keyword.builtin.ClickKeyword$_click_closure1.doCall(ClickKeyword.groovy:65)
	at com.kms.katalon.core.webui.keyword.builtin.ClickKeyword$_click_closure1.call(ClickKeyword.groovy)
	at com.kms.katalon.core.webui.keyword.internal.WebUIKeywordMain.runKeyword(WebUIKeywordMain.groovy:20)
	at com.kms.katalon.core.webui.keyword.builtin.ClickKeyword.click(ClickKeyword.groovy:74)
	at com.kms.katalon.core.webui.keyword.builtin.ClickKeyword.execute(ClickKeyword.groovy:40)
	at com.kms.katalon.core.keyword.internal.KeywordExecutor.executeKeywordForPlatform(KeywordExecutor.groovy:74)
	at com.kms.katalon.core.webui.keyword.WebUiBuiltInKeywords.click(WebUiBuiltInKeywords.groovy:620)
	at com.kms.katalon.core.webui.keyword.WebUiBuiltInKeywords$click$3.call(Unknown Source)
	at Script1686864812417.run(Script1686864812417.groovy:85)
	... 13 more
)
	at com.kms.katalon.core.keyword.internal.KeywordMain.stepFailed(KeywordMain.groovy:39)
	at com.kms.katalon.core.webui.keyword.internal.WebUIKeywordMain.stepFailed(WebUIKeywordMain.groovy:64)
	at com.kms.katalon.core.webui.keyword.internal.WebUIKeywordMain.runKeyword(WebUIKeywordMain.groovy:26)
	at com.kms.katalon.core.webui.keyword.builtin.ClickKeyword.click(ClickKeyword.groovy:74)
	at com.kms.katalon.core.webui.keyword.builtin.ClickKeyword.execute(ClickKeyword.groovy:40)
	at com.kms.katalon.core.keyword.internal.KeywordExecutor.executeKeywordForPlatform(KeywordExecutor.groovy:74)
	at com.kms.katalon.core.webui.keyword.WebUiBuiltInKeywords.click(WebUiBuiltInKeywords.groovy:620)
	at com.kms.katalon.core.webui.keyword.WebUiBuiltInKeywords$click$3.call(Unknown Source)
	at VerifyDualCFVerbiage.run(VerifyDualCFVerbiage:85)
	at com.kms.katalon.core.main.ScriptEngine.run(ScriptEngine.java:194)
	at com.kms.katalon.core.main.ScriptEngine.runScriptAsRawText(ScriptEngine.java:119)
	at com.kms.katalon.core.main.TestCaseExecutor.runScript(TestCaseExecutor.java:448)
	at com.kms.katalon.core.main.TestCaseExecutor.doExecute(TestCaseExecutor.java:439)
	at com.kms.katalon.core.main.TestCaseExecutor.processExecutionPhase(TestCaseExecutor.java:418)
	at com.kms.katalon.core.main.TestCaseExecutor.accessMainPhase(TestCaseExecutor.java:410)
	at com.kms.katalon.core.main.TestCaseExecutor.execute(TestCaseExecutor.java:285)
	at com.kms.katalon.core.common.CommonExecutor.accessTestCaseMainPhase(CommonExecutor.java:65)
	at com.kms.katalon.core.main.TestSuiteExecutor.accessTestSuiteMainPhase(TestSuiteExecutor.java:148)
	at com.kms.katalon.core.main.TestSuiteExecutor.execute(TestSuiteExecutor.java:106)
	at com.kms.katalon.core.main.TestCaseMain.startTestSuite(TestCaseMain.java:187)
	at com.kms.katalon.core.main.TestCaseMain$startTestSuite$0.call(Unknown Source)
	at TempTestSuite1724897904035.run(TempTestSuite1724897904035.groovy:35)
Caused by: com.kms.katalon.core.exception.StepFailedException: Unable to click on object 'Object Repository/IWP30/Page_Confirmation/ConfirmButton'
	... 21 more
Caused by: com.kms.katalon.core.webui.exception.WebElementNotFoundException: Web element with id: 'Object Repository/IWP30/Page_Confirmation/ConfirmButton' located by '//*[@type = 'submit' and @name = 'confirmNotifyAction' and @id = 'submitYes' and @value = 'Confirm']' not found
	at com.kms.katalon.core.webui.common.WebUiCommonHelper.findWebElement(WebUiCommonHelper.java:1381)
	at com.kms.katalon.core.webui.keyword.internal.WebUIAbstractKeyword.findWebElement(WebUIAbstractKeyword.groovy:27)
	at com.kms.katalon.core.webui.keyword.builtin.ClickKeyword$_click_closure1.doCall(ClickKeyword.groovy:65)
	at com.kms.katalon.core.webui.keyword.builtin.ClickKeyword$_click_closure1.call(ClickKeyword.groovy)
	at com.kms.katalon.core.webui.keyword.internal.WebUIKeywordMain.runKeyword(WebUIKeywordMain.groovy:20)
	... 19 more


2024-08-28 22:39:55 - [TEST_STEP][PASSED] - resText = "Fail": null

2024-08-28 22:39:55 - [TEST_STEP][PASSED] - resColumn = "Result": null

2024-08-28 22:39:55 - [TEST_STEP][PASSED] - datCloumn = "Date": null

2024-08-28 22:39:55 - [TEST_STEP][PASSED] - fileLoc = "KatalonData/IWPTestData/VRelay30PayNowCC.xlsx": null

2024-08-28 22:39:55 - [TEST_STEP][PASSED] - numOfRows = <not implemented yet for class: org.codehaus.groovy.ast.expr.EmptyExpression>: null

2024-08-28 22:39:55 - [TEST_STEP][PASSED] - dataFile = <not implemented yet for class: org.codehaus.groovy.ast.expr.EmptyExpression>: null

2024-08-28 22:39:55 - [TEST_STEP][PASSED] - nameSheet = <not implemented yet for class: org.codehaus.groovy.ast.expr.EmptyExpression>: null

2024-08-28 22:39:55 - [TEST_STEP][PASSED] - dataFileEmulator = <not implemented yet for class: org.codehaus.groovy.ast.expr.EmptyExpression>: null

2024-08-28 22:39:55 - [TEST_STEP][PASSED] - nameSheet = "DCFVerbiage": null

2024-08-28 22:39:55 - [TEST_STEP][PASSED] - dataFile = "IWPTestData/DCFVerbiage": null

2024-08-28 22:39:55 - [TEST_STEP][PASSED] - dataFileEmulator = "IWPTestData/EmulatorData": null

2024-08-28 22:39:55 - [TEST_STEP][PASSED] - numOfRows = findTestData(dataFile).getRowNumbers(): null

2024-08-28 22:39:55 - [TEST_STEP][PASSED] - println("Number of Records: " + numOfRows): null

2024-08-28 22:39:55 - [TEST_STEP][FAILED] - for ([row = 1, row <= numOfRows, (row++)]): null

2024-08-28 22:39:55 - [TEST_STEP][PASSED] - ExecuteTC = findTestData(dataFile).getValue("Execute", row): null

2024-08-28 22:39:55 - [TEST_STEP][PASSED] - out.println("Value of Execute is : " + ExecuteTC): null

2024-08-28 22:39:55 - [TEST_STEP][FAILED] - if (ExecuteTC.equalsIgnoreCase("Y")): null

2024-08-28 22:39:55 - [TEST_STEP][PASSED] - out.println("Begin Record Number: " + row): null

2024-08-28 22:39:55 - [TEST_STEP][PASSED] - today = new java.util.Date(): null

2024-08-28 22:39:55 - [TEST_STEP][PASSED] - println(today): null

2024-08-28 22:39:55 - [TEST_STEP][PASSED] - datText = today: null

2024-08-28 22:39:55 - [TEST_STEP][PASSED] - EmulatorDataKey = findTestData(dataFile).getValue("EmulatorData", row): null

2024-08-28 22:39:55 - [TEST_STEP][PASSED] - out.println("Value of Emulator Key is : " + EmulatorDataKey): null

2024-08-28 22:39:55 - [TEST_STEP][PASSED] - iwpPages.emulatorIWP30.setDataEmulator_DD(EmulatorDataKey): iwpPages.emulatorIWP30.setDataEmulator_DD is PASSED

2024-08-28 22:39:56 - [MESSAGE][WARNING] - A browser is already opened. Closing browser and opening a new one

2024-08-28 22:39:57 - [MESSAGE][INFO] - Starting 'Chrome' driver

2024-08-28 22:39:57 - [MESSAGE][INFO] - User set preference: ['acceptInsecureCerts', 'true']

2024-08-28 22:39:57 - [MESSAGE][INFO] - Action delay is set to 0 milliseconds

2024-08-28 22:39:59 - [MESSAGE][PASSED] - Browser is opened with url: 'https://qa2.velocitypayment.com/agency/config.do?action=editor&message_version=3_0'

2024-08-28 22:39:59 - [MESSAGE][PASSED] - Current window maximized

2024-08-28 22:40:01 - [MESSAGE][PASSED] - All options with value '3.0' are selected in object 'Object Repository/IWP30/Page_VRelay30Emulator/MV'  using regular expression

2024-08-28 22:40:01 - [MESSAGE][PASSED] - Text '10.50' is set on object 'Object Repository/IWP30/Page_VRelay30Emulator/Amount'

2024-08-28 22:40:02 - [MESSAGE][PASSED] - Text '26412167' is set on object 'Object Repository/IWP30/Page_VRelay30Emulator/CAN'

2024-08-28 22:40:03 - [MESSAGE][PASSED] - Text 'PayNow' is set on object 'Object Repository/IWP30/Page_VRelay30Emulator/Action'

2024-08-28 22:40:03 - [MESSAGE][PASSED] - Text 'en_US' is set on object 'Object Repository/IWP30/Page_VRelay30Emulator/Lang'

2024-08-28 22:40:04 - [MESSAGE][PASSED] - Text 'Elizath' is set on object 'Object Repository/IWP30/Page_VRelay30Emulator/Fname'

2024-08-28 22:40:04 - [MESSAGE][PASSED] - Text 'Christine' is set on object 'Object Repository/IWP30/Page_VRelay30Emulator/Lname'

2024-08-28 22:40:05 - [MESSAGE][PASSED] - Text '258 Underwood rd' is set on object 'Object Repository/IWP30/Page_VRelay30Emulator/AL1'

2024-08-28 22:40:06 - [MESSAGE][PASSED] - Text 'Suite 600' is set on object 'Object Repository/IWP30/Page_VRelay30Emulator/AL2'

2024-08-28 22:40:07 - [MESSAGE][PASSED] - Text '840' is set on object 'Object Repository/IWP30/Page_VRelay30Emulator/Country'

2024-08-28 22:40:07 - [MESSAGE][PASSED] - Text 'Arlington' is set on object 'Object Repository/IWP30/Page_VRelay30Emulator/City'

2024-08-28 22:40:08 - [MESSAGE][PASSED] - Text 'VA' is set on object 'Object Repository/IWP30/Page_VRelay30Emulator/State'

2024-08-28 22:40:08 - [MESSAGE][PASSED] - Text '22201' is set on object 'Object Repository/IWP30/Page_VRelay30Emulator/ZIP'

2024-08-28 22:40:09 - [MESSAGE][PASSED] - Text '' is set on object 'Object Repository/IWP30/Page_VRelay30Emulator/Order'

2024-08-28 22:40:10 - [MESSAGE][PASSED] - Text '' is set on object 'Object Repository/IWP30/Page_VRelay30Emulator/Company'

2024-08-28 22:40:11 - [MESSAGE][PASSED] - Text 'iahmed@govolution.com' is set on object 'Object Repository/IWP30/Page_VRelay30Emulator/Email'

2024-08-28 22:40:11 - [MESSAGE][PASSED] - Text 'udf data 1' is set on object 'Object Repository/IWP30/Page_VRelay30Emulator/UDF1'

2024-08-28 22:40:12 - [MESSAGE][PASSED] - Text 'udf data 2' is set on object 'Object Repository/IWP30/Page_VRelay30Emulator/UDF2'

2024-08-28 22:40:13 - [MESSAGE][PASSED] - Text 'udf data 3' is set on object 'Object Repository/IWP30/Page_VRelay30Emulator/UDF3'

2024-08-28 22:40:13 - [MESSAGE][PASSED] - Text 'udf data 4' is set on object 'Object Repository/IWP30/Page_VRelay30Emulator/UDF4'

2024-08-28 22:40:14 - [MESSAGE][PASSED] - Text 'udf data 5' is set on object 'Object Repository/IWP30/Page_VRelay30Emulator/UDF5'

2024-08-28 22:40:14 - [MESSAGE][PASSED] - Text 'udf data 6' is set on object 'Object Repository/IWP30/Page_VRelay30Emulator/UDF6'

2024-08-28 22:40:15 - [MESSAGE][PASSED] - Text 'Orange' is set on object 'Object Repository/IWP30/Page_VRelay30Emulator/UDF7'

2024-08-28 22:40:16 - [MESSAGE][PASSED] - Text 'Soccer' is set on object 'Object Repository/IWP30/Page_VRelay30Emulator/UDF8'

2024-08-28 22:40:16 - [MESSAGE][PASSED] - Text 'udf data 9' is set on object 'Object Repository/IWP30/Page_VRelay30Emulator/UDF9'

2024-08-28 22:40:17 - [MESSAGE][PASSED] - Text 'udf data 10' is set on object 'Object Repository/IWP30/Page_VRelay30Emulator/UDF10'

2024-08-28 22:40:18 - [MESSAGE][PASSED] - Object: 'Object Repository/IWP30/Page_VRelay30Emulator/Submit' is clicked on

2024-08-28 22:40:23 - [MESSAGE][PASSED] - Browser is closed

2024-08-28 22:40:27 - [MESSAGE][PASSED] - iwpPages.emulatorIWP30.setDataEmulator_DD is PASSED

2024-08-28 22:40:27 - [TEST_STEP][PASSED] - testHarnessURL = urlTestHarness: null

2024-08-28 22:40:27 - [TEST_STEP][PASSED] - openBrowser(testHarnessURL): Browser is opened with url: 'https://dev-algorithm.govolution.com/vrelaytest/QA2/version_2_2/vrelaytest.html'

2024-08-28 22:40:27 - [MESSAGE][INFO] - Starting 'Chrome' driver

2024-08-28 22:40:27 - [MESSAGE][INFO] - User set preference: ['acceptInsecureCerts', 'true']

2024-08-28 22:40:27 - [MESSAGE][INFO] - Action delay is set to 0 milliseconds

2024-08-28 22:40:29 - [MESSAGE][PASSED] - Browser is opened with url: 'https://dev-algorithm.govolution.com/vrelaytest/QA2/version_2_2/vrelaytest.html'

2024-08-28 22:40:29 - [TEST_STEP][PASSED] - maximizeWindow(): Current window maximized

2024-08-28 22:40:29 - [MESSAGE][PASSED] - Current window maximized

2024-08-28 22:40:29 - [TEST_STEP][PASSED] - iwpPages.TestHarnessPage.setDataMethod(row, dataFile): iwpPages.TestHarnessPage.setDataMethod is PASSED

2024-08-28 22:40:30 - [MESSAGE][PASSED] - Object 'Object Repository/IWP30/Page_QATestHarness/RemittanceID' is present

2024-08-28 22:40:31 - [MESSAGE][PASSED] - Text '651' is set on object 'Object Repository/IWP30/Page_QATestHarness/ApplicationID'

2024-08-28 22:40:31 - [MESSAGE][PASSED] - Text '3.0' is set on object 'Object Repository/IWP30/Page_QATestHarness/MessageVersion'

2024-08-28 22:40:32 - [MESSAGE][PASSED] - Text 'bZAtFaLKyp2c' is set on object 'Object Repository/IWP30/Page_QATestHarness/RemittanceID'

2024-08-28 22:40:33 - [MESSAGE][PASSED] - Object: 'Object Repository/IWP30/Page_QATestHarness/SubmitButton' is clicked on

2024-08-28 22:40:33 - [MESSAGE][PASSED] - iwpPages.TestHarnessPage.setDataMethod is PASSED

2024-08-28 22:40:33 - [TEST_STEP][PASSED] - check(findTestObject("Object Repository/IWP30/Page_SelectPaymentMethod/PayByCreditCard")): Object 'Object Repository/IWP30/Page_SelectPaymentMethod/PayByCreditCard' is checked

2024-08-28 22:40:34 - [MESSAGE][PASSED] - Object 'Object Repository/IWP30/Page_SelectPaymentMethod/PayByCreditCard' is checked

2024-08-28 22:40:34 - [TEST_STEP][PASSED] - click(findTestObject("Object Repository/IWP30/Page_SelectPaymentMethod/MakePaymentButton")): Object: 'Object Repository/IWP30/Page_SelectPaymentMethod/MakePaymentButton' is clicked on

2024-08-28 22:40:35 - [MESSAGE][PASSED] - Object: 'Object Repository/IWP30/Page_SelectPaymentMethod/MakePaymentButton' is clicked on

2024-08-28 22:40:35 - [TEST_STEP][PASSED] - iwpPages.ccPaymentEntryPage.setDataIWPCreditCard(row, dataFile): iwpPages.ccPaymentEntryPage.setDataIWPCreditCard is PASSED

2024-08-28 22:40:37 - [MESSAGE][PASSED] - Object 'Object Repository/IWP30/Page_CCPaymentEntry/Name' is present

2024-08-28 22:40:37 - [MESSAGE][PASSED] - Text '5146312200000035' is set on object 'Object Repository/IWP30/Page_CCPaymentEntry/CardNumber'

2024-08-28 22:40:38 - [MESSAGE][PASSED] - Text '123' is set on object 'Object Repository/IWP30/Page_CCPaymentEntry/SPC'

2024-08-28 22:40:39 - [MESSAGE][PASSED] - All options with label '09' are selected in object 'Object Repository/IWP30/Page_CCPaymentEntry/Month' 

2024-08-28 22:40:39 - [MESSAGE][PASSED] - All options with label '2028' are selected in object 'Object Repository/IWP30/Page_CCPaymentEntry/Year' 

2024-08-28 22:40:40 - [MESSAGE][PASSED] - Object 'Object Repository/IWP30/Page_CCPaymentEntry/TermCondCheckBox' is present

2024-08-28 22:40:40 - [MESSAGE][PASSED] - Object 'Object Repository/IWP30/Page_CCPaymentEntry/TermCondCheckBox' is checked

2024-08-28 22:40:40 - [MESSAGE][PASSED] - Object 'Object Repository/IWP30/Page_CCPaymentEntry/ContinueButton' is present

2024-08-28 22:40:41 - [MESSAGE][PASSED] - Object: 'Object Repository/IWP30/Page_CCPaymentEntry/ContinueButton' is clicked on

2024-08-28 22:40:41 - [MESSAGE][PASSED] - iwpPages.ccPaymentEntryPage.setDataIWPCreditCard is PASSED

2024-08-28 22:40:41 - [TEST_STEP][FAILED] - click(findTestObject("Object Repository/IWP30/Page_Confirmation/ConfirmButton")): Unable to click on object 'Object Repository/IWP30/Page_Confirmation/ConfirmButton' (Root cause: com.kms.katalon.core.exception.StepFailedException: Unable to click on object 'Object Repository/IWP30/Page_Confirmation/ConfirmButton'
	at com.kms.katalon.core.webui.keyword.internal.WebUIKeywordMain.stepFailed(WebUIKeywordMain.groovy:64)
	at com.kms.katalon.core.webui.keyword.internal.WebUIKeywordMain.runKeyword(WebUIKeywordMain.groovy:26)
	at com.kms.katalon.core.webui.keyword.builtin.ClickKeyword.click(ClickKeyword.groovy:74)
	at com.kms.katalon.core.webui.keyword.builtin.ClickKeyword.execute(ClickKeyword.groovy:40)
	at com.kms.katalon.core.keyword.internal.KeywordExecutor.executeKeywordForPlatform(KeywordExecutor.groovy:74)
	at com.kms.katalon.core.webui.keyword.WebUiBuiltInKeywords.click(WebUiBuiltInKeywords.groovy:620)
	at com.kms.katalon.core.webui.keyword.WebUiBuiltInKeywords$click$3.call(Unknown Source)
	at VerifyDualCFVerbiage.run(VerifyDualCFVerbiage:85)
	at com.kms.katalon.core.main.ScriptEngine.run(ScriptEngine.java:194)
	at com.kms.katalon.core.main.ScriptEngine.runScriptAsRawText(ScriptEngine.java:119)
	at com.kms.katalon.core.main.TestCaseExecutor.runScript(TestCaseExecutor.java:448)
	at com.kms.katalon.core.main.TestCaseExecutor.doExecute(TestCaseExecutor.java:439)
	at com.kms.katalon.core.main.TestCaseExecutor.processExecutionPhase(TestCaseExecutor.java:418)
	at com.kms.katalon.core.main.TestCaseExecutor.accessMainPhase(TestCaseExecutor.java:410)
	at com.kms.katalon.core.main.TestCaseExecutor.execute(TestCaseExecutor.java:285)
	at com.kms.katalon.core.common.CommonExecutor.accessTestCaseMainPhase(CommonExecutor.java:65)
	at com.kms.katalon.core.main.TestSuiteExecutor.accessTestSuiteMainPhase(TestSuiteExecutor.java:148)
	at com.kms.katalon.core.main.TestSuiteExecutor.execute(TestSuiteExecutor.java:106)
	at com.kms.katalon.core.main.TestCaseMain.startTestSuite(TestCaseMain.java:187)
	at com.kms.katalon.core.main.TestCaseMain$startTestSuite$0.call(Unknown Source)
	at TempTestSuite1724897904035.run(TempTestSuite1724897904035.groovy:35)
Caused by: com.kms.katalon.core.webui.exception.WebElementNotFoundException: Web element with id: 'Object Repository/IWP30/Page_Confirmation/ConfirmButton' located by '//*[@type = 'submit' and @name = 'confirmNotifyAction' and @id = 'submitYes' and @value = 'Confirm']' not found
	at com.kms.katalon.core.webui.common.WebUiCommonHelper.findWebElement(WebUiCommonHelper.java:1381)
	at com.kms.katalon.core.webui.keyword.internal.WebUIAbstractKeyword.findWebElement(WebUIAbstractKeyword.groovy:27)
	at com.kms.katalon.core.webui.keyword.builtin.ClickKeyword$_click_closure1.doCall(ClickKeyword.groovy:65)
	at com.kms.katalon.core.webui.keyword.builtin.ClickKeyword$_click_closure1.call(ClickKeyword.groovy)
	at com.kms.katalon.core.webui.keyword.internal.WebUIKeywordMain.runKeyword(WebUIKeywordMain.groovy:20)
	at com.kms.katalon.core.webui.keyword.builtin.ClickKeyword.click(ClickKeyword.groovy:74)
	at com.kms.katalon.core.webui.keyword.builtin.ClickKeyword.execute(ClickKeyword.groovy:40)
	at com.kms.katalon.core.keyword.internal.KeywordExecutor.executeKeywordForPlatform(KeywordExecutor.groovy:74)
	at com.kms.katalon.core.webui.keyword.WebUiBuiltInKeywords.click(WebUiBuiltInKeywords.groovy:620)
	at com.kms.katalon.core.webui.keyword.WebUiBuiltInKeywords$click$3.call(Unknown Source)
	at Script1686864812417.run(Script1686864812417.groovy:85)
	... 13 more
)

2024-08-28 22:41:13 - [MESSAGE][INFO] - Unable to find the element located by 'By.xpath: //*[@type = 'submit' and @name = 'confirmNotifyAction' and @id = 'submitYes' and @value = 'Confirm']'. Please recheck the objects properties to make sure the desired element is located. 

2024-08-28 22:41:13 - [MESSAGE][WARNING] - [SELF-HEALING] Failed to find element with id 'Object Repository/IWP30/Page_Confirmation/ConfirmButton'. Try using Self-healing.

2024-08-28 22:41:13 - [MESSAGE][WARNING] - [SELF-HEALING] Cannot find elements when the XPath is null.

2024-08-28 22:41:13 - [MESSAGE][WARNING] - [SELF-HEALING] Cannot find elements when the selector is null

2024-08-28 22:41:13 - [MESSAGE][FAILED] - Unable to click on object 'Object Repository/IWP30/Page_Confirmation/ConfirmButton' (Root cause: com.kms.katalon.core.exception.StepFailedException: Unable to click on object 'Object Repository/IWP30/Page_Confirmation/ConfirmButton'
	at com.kms.katalon.core.webui.keyword.internal.WebUIKeywordMain.stepFailed(WebUIKeywordMain.groovy:64)
	at com.kms.katalon.core.webui.keyword.internal.WebUIKeywordMain.runKeyword(WebUIKeywordMain.groovy:26)
	at com.kms.katalon.core.webui.keyword.builtin.ClickKeyword.click(ClickKeyword.groovy:74)
	at com.kms.katalon.core.webui.keyword.builtin.ClickKeyword.execute(ClickKeyword.groovy:40)
	at com.kms.katalon.core.keyword.internal.KeywordExecutor.executeKeywordForPlatform(KeywordExecutor.groovy:74)
	at com.kms.katalon.core.webui.keyword.WebUiBuiltInKeywords.click(WebUiBuiltInKeywords.groovy:620)
	at com.kms.katalon.core.webui.keyword.WebUiBuiltInKeywords$click$3.call(Unknown Source)
	at VerifyDualCFVerbiage.run(VerifyDualCFVerbiage:85)
	at com.kms.katalon.core.main.ScriptEngine.run(ScriptEngine.java:194)
	at com.kms.katalon.core.main.ScriptEngine.runScriptAsRawText(ScriptEngine.java:119)
	at com.kms.katalon.core.main.TestCaseExecutor.runScript(TestCaseExecutor.java:448)
	at com.kms.katalon.core.main.TestCaseExecutor.doExecute(TestCaseExecutor.java:439)
	at com.kms.katalon.core.main.TestCaseExecutor.processExecutionPhase(TestCaseExecutor.java:418)
	at com.kms.katalon.core.main.TestCaseExecutor.accessMainPhase(TestCaseExecutor.java:410)
	at com.kms.katalon.core.main.TestCaseExecutor.execute(TestCaseExecutor.java:285)
	at com.kms.katalon.core.common.CommonExecutor.accessTestCaseMainPhase(CommonExecutor.java:65)
	at com.kms.katalon.core.main.TestSuiteExecutor.accessTestSuiteMainPhase(TestSuiteExecutor.java:148)
	at com.kms.katalon.core.main.TestSuiteExecutor.execute(TestSuiteExecutor.java:106)
	at com.kms.katalon.core.main.TestCaseMain.startTestSuite(TestCaseMain.java:187)
	at com.kms.katalon.core.main.TestCaseMain$startTestSuite$0.call(Unknown Source)
	at TempTestSuite1724897904035.run(TempTestSuite1724897904035.groovy:35)
Caused by: com.kms.katalon.core.webui.exception.WebElementNotFoundException: Web element with id: 'Object Repository/IWP30/Page_Confirmation/ConfirmButton' located by '//*[@type = 'submit' and @name = 'confirmNotifyAction' and @id = 'submitYes' and @value = 'Confirm']' not found
	at com.kms.katalon.core.webui.common.WebUiCommonHelper.findWebElement(WebUiCommonHelper.java:1381)
	at com.kms.katalon.core.webui.keyword.internal.WebUIAbstractKeyword.findWebElement(WebUIAbstractKeyword.groovy:27)
	at com.kms.katalon.core.webui.keyword.builtin.ClickKeyword$_click_closure1.doCall(ClickKeyword.groovy:65)
	at com.kms.katalon.core.webui.keyword.builtin.ClickKeyword$_click_closure1.call(ClickKeyword.groovy)
	at com.kms.katalon.core.webui.keyword.internal.WebUIKeywordMain.runKeyword(WebUIKeywordMain.groovy:20)
	at com.kms.katalon.core.webui.keyword.builtin.ClickKeyword.click(ClickKeyword.groovy:74)
	at com.kms.katalon.core.webui.keyword.builtin.ClickKeyword.execute(ClickKeyword.groovy:40)
	at com.kms.katalon.core.keyword.internal.KeywordExecutor.executeKeywordForPlatform(KeywordExecutor.groovy:74)
	at com.kms.katalon.core.webui.keyword.WebUiBuiltInKeywords.click(WebUiBuiltInKeywords.groovy:620)
	at com.kms.katalon.core.webui.keyword.WebUiBuiltInKeywords$click$3.call(Unknown Source)
	at Script1686864812417.run(Script1686864812417.groovy:85)
	... 13 more
)
[[ATTACHMENT|E:\\Cloned-Project-Katalon\\VPS-Katalon\\Reports\\20240828_221824\\QA\\IWP3.0\\IWP30 Smoke TestSuite\\20240828_221824\\1724899273118.png]]

2024-08-28 22:41:13 - [TEST_STEP][PASSED] - Thread.sleep(5000): null

2024-08-28 22:41:18 - [TEST_STEP][FAILED] - verifyTextPresent("This transaction is subject to a Convenience Fees of $2.00", false): Text 'This transaction is subject to a Convenience Fees of $2.00' is not present on page  (Root cause: com.kms.katalon.core.exception.StepFailedException: Text 'This transaction is subject to a Convenience Fees of $2.00' is not present on page 
	at com.kms.katalon.core.webui.keyword.internal.WebUIKeywordMain.stepFailed(WebUIKeywordMain.groovy:64)
	at com.kms.katalon.core.webui.keyword.builtin.VerifyTextPresentKeyword$_verifyTextPresent_closure1.doCall(VerifyTextPresentKeyword.groovy:79)
	at com.kms.katalon.core.webui.keyword.builtin.VerifyTextPresentKeyword$_verifyTextPresent_closure1.call(VerifyTextPresentKeyword.groovy)
	at com.kms.katalon.core.webui.keyword.internal.WebUIKeywordMain.runKeyword(WebUIKeywordMain.groovy:20)
	at com.kms.katalon.core.webui.keyword.builtin.VerifyTextPresentKeyword.verifyTextPresent(VerifyTextPresentKeyword.groovy:83)
	at com.kms.katalon.core.webui.keyword.builtin.VerifyTextPresentKeyword.execute(VerifyTextPresentKeyword.groovy:68)
	at com.kms.katalon.core.keyword.internal.KeywordExecutor.executeKeywordForPlatform(KeywordExecutor.groovy:74)
	at com.kms.katalon.core.webui.keyword.WebUiBuiltInKeywords.verifyTextPresent(WebUiBuiltInKeywords.groovy:1723)
	at com.kms.katalon.core.webui.keyword.WebUiBuiltInKeywords$verifyTextPresent$8.call(Unknown Source)
	at VerifyDualCFVerbiage.run(VerifyDualCFVerbiage:96)
	at com.kms.katalon.core.main.ScriptEngine.run(ScriptEngine.java:194)
	at com.kms.katalon.core.main.ScriptEngine.runScriptAsRawText(ScriptEngine.java:119)
	at com.kms.katalon.core.main.TestCaseExecutor.runScript(TestCaseExecutor.java:448)
	at com.kms.katalon.core.main.TestCaseExecutor.doExecute(TestCaseExecutor.java:439)
	at com.kms.katalon.core.main.TestCaseExecutor.processExecutionPhase(TestCaseExecutor.java:418)
	at com.kms.katalon.core.main.TestCaseExecutor.accessMainPhase(TestCaseExecutor.java:410)
	at com.kms.katalon.core.main.TestCaseExecutor.execute(TestCaseExecutor.java:285)
	at com.kms.katalon.core.common.CommonExecutor.accessTestCaseMainPhase(CommonExecutor.java:65)
	at com.kms.katalon.core.main.TestSuiteExecutor.accessTestSuiteMainPhase(TestSuiteExecutor.java:148)
	at com.kms.katalon.core.main.TestSuiteExecutor.execute(TestSuiteExecutor.java:106)
	at com.kms.katalon.core.main.TestCaseMain.startTestSuite(TestCaseMain.java:187)
	at com.kms.katalon.core.main.TestCaseMain$startTestSuite$0.call(Unknown Source)
	at TempTestSuite1724897904035.run(TempTestSuite1724897904035.groovy:35)
)

2024-08-28 22:41:18 - [MESSAGE][FAILED] - Text 'This transaction is subject to a Convenience Fees of $2.00' is not present on page  (Root cause: com.kms.katalon.core.exception.StepFailedException: Text 'This transaction is subject to a Convenience Fees of $2.00' is not present on page 
	at com.kms.katalon.core.webui.keyword.internal.WebUIKeywordMain.stepFailed(WebUIKeywordMain.groovy:64)
	at com.kms.katalon.core.webui.keyword.builtin.VerifyTextPresentKeyword$_verifyTextPresent_closure1.doCall(VerifyTextPresentKeyword.groovy:79)
	at com.kms.katalon.core.webui.keyword.builtin.VerifyTextPresentKeyword$_verifyTextPresent_closure1.call(VerifyTextPresentKeyword.groovy)
	at com.kms.katalon.core.webui.keyword.internal.WebUIKeywordMain.runKeyword(WebUIKeywordMain.groovy:20)
	at com.kms.katalon.core.webui.keyword.builtin.VerifyTextPresentKeyword.verifyTextPresent(VerifyTextPresentKeyword.groovy:83)
	at com.kms.katalon.core.webui.keyword.builtin.VerifyTextPresentKeyword.execute(VerifyTextPresentKeyword.groovy:68)
	at com.kms.katalon.core.keyword.internal.KeywordExecutor.executeKeywordForPlatform(KeywordExecutor.groovy:74)
	at com.kms.katalon.core.webui.keyword.WebUiBuiltInKeywords.verifyTextPresent(WebUiBuiltInKeywords.groovy:1723)
	at com.kms.katalon.core.webui.keyword.WebUiBuiltInKeywords$verifyTextPresent$8.call(Unknown Source)
	at VerifyDualCFVerbiage.run(VerifyDualCFVerbiage:96)
	at com.kms.katalon.core.main.ScriptEngine.run(ScriptEngine.java:194)
	at com.kms.katalon.core.main.ScriptEngine.runScriptAsRawText(ScriptEngine.java:119)
	at com.kms.katalon.core.main.TestCaseExecutor.runScript(TestCaseExecutor.java:448)
	at com.kms.katalon.core.main.TestCaseExecutor.doExecute(TestCaseExecutor.java:439)
	at com.kms.katalon.core.main.TestCaseExecutor.processExecutionPhase(TestCaseExecutor.java:418)
	at com.kms.katalon.core.main.TestCaseExecutor.accessMainPhase(TestCaseExecutor.java:410)
	at com.kms.katalon.core.main.TestCaseExecutor.execute(TestCaseExecutor.java:285)
	at com.kms.katalon.core.common.CommonExecutor.accessTestCaseMainPhase(CommonExecutor.java:65)
	at com.kms.katalon.core.main.TestSuiteExecutor.accessTestSuiteMainPhase(TestSuiteExecutor.java:148)
	at com.kms.katalon.core.main.TestSuiteExecutor.execute(TestSuiteExecutor.java:106)
	at com.kms.katalon.core.main.TestCaseMain.startTestSuite(TestCaseMain.java:187)
	at com.kms.katalon.core.main.TestCaseMain$startTestSuite$0.call(Unknown Source)
	at TempTestSuite1724897904035.run(TempTestSuite1724897904035.groovy:35)
)

2024-08-28 22:41:18 - [TEST_STEP][FAILED] - verifyTextPresent("Payment Amount", false): Text 'Payment Amount' is not present on page  (Root cause: com.kms.katalon.core.exception.StepFailedException: Text 'Payment Amount' is not present on page 
	at com.kms.katalon.core.webui.keyword.internal.WebUIKeywordMain.stepFailed(WebUIKeywordMain.groovy:64)
	at com.kms.katalon.core.webui.keyword.builtin.VerifyTextPresentKeyword$_verifyTextPresent_closure1.doCall(VerifyTextPresentKeyword.groovy:79)
	at com.kms.katalon.core.webui.keyword.builtin.VerifyTextPresentKeyword$_verifyTextPresent_closure1.call(VerifyTextPresentKeyword.groovy)
	at com.kms.katalon.core.webui.keyword.internal.WebUIKeywordMain.runKeyword(WebUIKeywordMain.groovy:20)
	at com.kms.katalon.core.webui.keyword.builtin.VerifyTextPresentKeyword.verifyTextPresent(VerifyTextPresentKeyword.groovy:83)
	at com.kms.katalon.core.webui.keyword.builtin.VerifyTextPresentKeyword.execute(VerifyTextPresentKeyword.groovy:68)
	at com.kms.katalon.core.keyword.internal.KeywordExecutor.executeKeywordForPlatform(KeywordExecutor.groovy:74)
	at com.kms.katalon.core.webui.keyword.WebUiBuiltInKeywords.verifyTextPresent(WebUiBuiltInKeywords.groovy:1723)
	at com.kms.katalon.core.webui.keyword.WebUiBuiltInKeywords$verifyTextPresent$8.call(Unknown Source)
	at VerifyDualCFVerbiage.run(VerifyDualCFVerbiage:97)
	at com.kms.katalon.core.main.ScriptEngine.run(ScriptEngine.java:194)
	at com.kms.katalon.core.main.ScriptEngine.runScriptAsRawText(ScriptEngine.java:119)
	at com.kms.katalon.core.main.TestCaseExecutor.runScript(TestCaseExecutor.java:448)
	at com.kms.katalon.core.main.TestCaseExecutor.doExecute(TestCaseExecutor.java:439)
	at com.kms.katalon.core.main.TestCaseExecutor.processExecutionPhase(TestCaseExecutor.java:418)
	at com.kms.katalon.core.main.TestCaseExecutor.accessMainPhase(TestCaseExecutor.java:410)
	at com.kms.katalon.core.main.TestCaseExecutor.execute(TestCaseExecutor.java:285)
	at com.kms.katalon.core.common.CommonExecutor.accessTestCaseMainPhase(CommonExecutor.java:65)
	at com.kms.katalon.core.main.TestSuiteExecutor.accessTestSuiteMainPhase(TestSuiteExecutor.java:148)
	at com.kms.katalon.core.main.TestSuiteExecutor.execute(TestSuiteExecutor.java:106)
	at com.kms.katalon.core.main.TestCaseMain.startTestSuite(TestCaseMain.java:187)
	at com.kms.katalon.core.main.TestCaseMain$startTestSuite$0.call(Unknown Source)
	at TempTestSuite1724897904035.run(TempTestSuite1724897904035.groovy:35)
)

2024-08-28 22:41:19 - [MESSAGE][FAILED] - Text 'Payment Amount' is not present on page  (Root cause: com.kms.katalon.core.exception.StepFailedException: Text 'Payment Amount' is not present on page 
	at com.kms.katalon.core.webui.keyword.internal.WebUIKeywordMain.stepFailed(WebUIKeywordMain.groovy:64)
	at com.kms.katalon.core.webui.keyword.builtin.VerifyTextPresentKeyword$_verifyTextPresent_closure1.doCall(VerifyTextPresentKeyword.groovy:79)
	at com.kms.katalon.core.webui.keyword.builtin.VerifyTextPresentKeyword$_verifyTextPresent_closure1.call(VerifyTextPresentKeyword.groovy)
	at com.kms.katalon.core.webui.keyword.internal.WebUIKeywordMain.runKeyword(WebUIKeywordMain.groovy:20)
	at com.kms.katalon.core.webui.keyword.builtin.VerifyTextPresentKeyword.verifyTextPresent(VerifyTextPresentKeyword.groovy:83)
	at com.kms.katalon.core.webui.keyword.builtin.VerifyTextPresentKeyword.execute(VerifyTextPresentKeyword.groovy:68)
	at com.kms.katalon.core.keyword.internal.KeywordExecutor.executeKeywordForPlatform(KeywordExecutor.groovy:74)
	at com.kms.katalon.core.webui.keyword.WebUiBuiltInKeywords.verifyTextPresent(WebUiBuiltInKeywords.groovy:1723)
	at com.kms.katalon.core.webui.keyword.WebUiBuiltInKeywords$verifyTextPresent$8.call(Unknown Source)
	at VerifyDualCFVerbiage.run(VerifyDualCFVerbiage:97)
	at com.kms.katalon.core.main.ScriptEngine.run(ScriptEngine.java:194)
	at com.kms.katalon.core.main.ScriptEngine.runScriptAsRawText(ScriptEngine.java:119)
	at com.kms.katalon.core.main.TestCaseExecutor.runScript(TestCaseExecutor.java:448)
	at com.kms.katalon.core.main.TestCaseExecutor.doExecute(TestCaseExecutor.java:439)
	at com.kms.katalon.core.main.TestCaseExecutor.processExecutionPhase(TestCaseExecutor.java:418)
	at com.kms.katalon.core.main.TestCaseExecutor.accessMainPhase(TestCaseExecutor.java:410)
	at com.kms.katalon.core.main.TestCaseExecutor.execute(TestCaseExecutor.java:285)
	at com.kms.katalon.core.common.CommonExecutor.accessTestCaseMainPhase(CommonExecutor.java:65)
	at com.kms.katalon.core.main.TestSuiteExecutor.accessTestSuiteMainPhase(TestSuiteExecutor.java:148)
	at com.kms.katalon.core.main.TestSuiteExecutor.execute(TestSuiteExecutor.java:106)
	at com.kms.katalon.core.main.TestCaseMain.startTestSuite(TestCaseMain.java:187)
	at com.kms.katalon.core.main.TestCaseMain$startTestSuite$0.call(Unknown Source)
	at TempTestSuite1724897904035.run(TempTestSuite1724897904035.groovy:35)
)

2024-08-28 22:41:19 - [TEST_STEP][FAILED] - verifyTextPresent("Convenience Fees", false): Text 'Convenience Fees' is not present on page  (Root cause: com.kms.katalon.core.exception.StepFailedException: Text 'Convenience Fees' is not present on page 
	at com.kms.katalon.core.webui.keyword.internal.WebUIKeywordMain.stepFailed(WebUIKeywordMain.groovy:64)
	at com.kms.katalon.core.webui.keyword.builtin.VerifyTextPresentKeyword$_verifyTextPresent_closure1.doCall(VerifyTextPresentKeyword.groovy:79)
	at com.kms.katalon.core.webui.keyword.builtin.VerifyTextPresentKeyword$_verifyTextPresent_closure1.call(VerifyTextPresentKeyword.groovy)
	at com.kms.katalon.core.webui.keyword.internal.WebUIKeywordMain.runKeyword(WebUIKeywordMain.groovy:20)
	at com.kms.katalon.core.webui.keyword.builtin.VerifyTextPresentKeyword.verifyTextPresent(VerifyTextPresentKeyword.groovy:83)
	at com.kms.katalon.core.webui.keyword.builtin.VerifyTextPresentKeyword.execute(VerifyTextPresentKeyword.groovy:68)
	at com.kms.katalon.core.keyword.internal.KeywordExecutor.executeKeywordForPlatform(KeywordExecutor.groovy:74)
	at com.kms.katalon.core.webui.keyword.WebUiBuiltInKeywords.verifyTextPresent(WebUiBuiltInKeywords.groovy:1723)
	at com.kms.katalon.core.webui.keyword.WebUiBuiltInKeywords$verifyTextPresent$8.call(Unknown Source)
	at VerifyDualCFVerbiage.run(VerifyDualCFVerbiage:98)
	at com.kms.katalon.core.main.ScriptEngine.run(ScriptEngine.java:194)
	at com.kms.katalon.core.main.ScriptEngine.runScriptAsRawText(ScriptEngine.java:119)
	at com.kms.katalon.core.main.TestCaseExecutor.runScript(TestCaseExecutor.java:448)
	at com.kms.katalon.core.main.TestCaseExecutor.doExecute(TestCaseExecutor.java:439)
	at com.kms.katalon.core.main.TestCaseExecutor.processExecutionPhase(TestCaseExecutor.java:418)
	at com.kms.katalon.core.main.TestCaseExecutor.accessMainPhase(TestCaseExecutor.java:410)
	at com.kms.katalon.core.main.TestCaseExecutor.execute(TestCaseExecutor.java:285)
	at com.kms.katalon.core.common.CommonExecutor.accessTestCaseMainPhase(CommonExecutor.java:65)
	at com.kms.katalon.core.main.TestSuiteExecutor.accessTestSuiteMainPhase(TestSuiteExecutor.java:148)
	at com.kms.katalon.core.main.TestSuiteExecutor.execute(TestSuiteExecutor.java:106)
	at com.kms.katalon.core.main.TestCaseMain.startTestSuite(TestCaseMain.java:187)
	at com.kms.katalon.core.main.TestCaseMain$startTestSuite$0.call(Unknown Source)
	at TempTestSuite1724897904035.run(TempTestSuite1724897904035.groovy:35)
)

2024-08-28 22:41:19 - [MESSAGE][FAILED] - Text 'Convenience Fees' is not present on page  (Root cause: com.kms.katalon.core.exception.StepFailedException: Text 'Convenience Fees' is not present on page 
	at com.kms.katalon.core.webui.keyword.internal.WebUIKeywordMain.stepFailed(WebUIKeywordMain.groovy:64)
	at com.kms.katalon.core.webui.keyword.builtin.VerifyTextPresentKeyword$_verifyTextPresent_closure1.doCall(VerifyTextPresentKeyword.groovy:79)
	at com.kms.katalon.core.webui.keyword.builtin.VerifyTextPresentKeyword$_verifyTextPresent_closure1.call(VerifyTextPresentKeyword.groovy)
	at com.kms.katalon.core.webui.keyword.internal.WebUIKeywordMain.runKeyword(WebUIKeywordMain.groovy:20)
	at com.kms.katalon.core.webui.keyword.builtin.VerifyTextPresentKeyword.verifyTextPresent(VerifyTextPresentKeyword.groovy:83)
	at com.kms.katalon.core.webui.keyword.builtin.VerifyTextPresentKeyword.execute(VerifyTextPresentKeyword.groovy:68)
	at com.kms.katalon.core.keyword.internal.KeywordExecutor.executeKeywordForPlatform(KeywordExecutor.groovy:74)
	at com.kms.katalon.core.webui.keyword.WebUiBuiltInKeywords.verifyTextPresent(WebUiBuiltInKeywords.groovy:1723)
	at com.kms.katalon.core.webui.keyword.WebUiBuiltInKeywords$verifyTextPresent$8.call(Unknown Source)
	at VerifyDualCFVerbiage.run(VerifyDualCFVerbiage:98)
	at com.kms.katalon.core.main.ScriptEngine.run(ScriptEngine.java:194)
	at com.kms.katalon.core.main.ScriptEngine.runScriptAsRawText(ScriptEngine.java:119)
	at com.kms.katalon.core.main.TestCaseExecutor.runScript(TestCaseExecutor.java:448)
	at com.kms.katalon.core.main.TestCaseExecutor.doExecute(TestCaseExecutor.java:439)
	at com.kms.katalon.core.main.TestCaseExecutor.processExecutionPhase(TestCaseExecutor.java:418)
	at com.kms.katalon.core.main.TestCaseExecutor.accessMainPhase(TestCaseExecutor.java:410)
	at com.kms.katalon.core.main.TestCaseExecutor.execute(TestCaseExecutor.java:285)
	at com.kms.katalon.core.common.CommonExecutor.accessTestCaseMainPhase(CommonExecutor.java:65)
	at com.kms.katalon.core.main.TestSuiteExecutor.accessTestSuiteMainPhase(TestSuiteExecutor.java:148)
	at com.kms.katalon.core.main.TestSuiteExecutor.execute(TestSuiteExecutor.java:106)
	at com.kms.katalon.core.main.TestCaseMain.startTestSuite(TestCaseMain.java:187)
	at com.kms.katalon.core.main.TestCaseMain$startTestSuite$0.call(Unknown Source)
	at TempTestSuite1724897904035.run(TempTestSuite1724897904035.groovy:35)
)

2024-08-28 22:41:19 - [TEST_STEP][FAILED] - verifyTextPresent("$10.50", false): Text '$10.50' is not present on page  (Root cause: com.kms.katalon.core.exception.StepFailedException: Text '$10.50' is not present on page 
	at com.kms.katalon.core.webui.keyword.internal.WebUIKeywordMain.stepFailed(WebUIKeywordMain.groovy:64)
	at com.kms.katalon.core.webui.keyword.builtin.VerifyTextPresentKeyword$_verifyTextPresent_closure1.doCall(VerifyTextPresentKeyword.groovy:79)
	at com.kms.katalon.core.webui.keyword.builtin.VerifyTextPresentKeyword$_verifyTextPresent_closure1.call(VerifyTextPresentKeyword.groovy)
	at com.kms.katalon.core.webui.keyword.internal.WebUIKeywordMain.runKeyword(WebUIKeywordMain.groovy:20)
	at com.kms.katalon.core.webui.keyword.builtin.VerifyTextPresentKeyword.verifyTextPresent(VerifyTextPresentKeyword.groovy:83)
	at com.kms.katalon.core.webui.keyword.builtin.VerifyTextPresentKeyword.execute(VerifyTextPresentKeyword.groovy:68)
	at com.kms.katalon.core.keyword.internal.KeywordExecutor.executeKeywordForPlatform(KeywordExecutor.groovy:74)
	at com.kms.katalon.core.webui.keyword.WebUiBuiltInKeywords.verifyTextPresent(WebUiBuiltInKeywords.groovy:1723)
	at com.kms.katalon.core.webui.keyword.WebUiBuiltInKeywords$verifyTextPresent$8.call(Unknown Source)
	at VerifyDualCFVerbiage.run(VerifyDualCFVerbiage:99)
	at com.kms.katalon.core.main.ScriptEngine.run(ScriptEngine.java:194)
	at com.kms.katalon.core.main.ScriptEngine.runScriptAsRawText(ScriptEngine.java:119)
	at com.kms.katalon.core.main.TestCaseExecutor.runScript(TestCaseExecutor.java:448)
	at com.kms.katalon.core.main.TestCaseExecutor.doExecute(TestCaseExecutor.java:439)
	at com.kms.katalon.core.main.TestCaseExecutor.processExecutionPhase(TestCaseExecutor.java:418)
	at com.kms.katalon.core.main.TestCaseExecutor.accessMainPhase(TestCaseExecutor.java:410)
	at com.kms.katalon.core.main.TestCaseExecutor.execute(TestCaseExecutor.java:285)
	at com.kms.katalon.core.common.CommonExecutor.accessTestCaseMainPhase(CommonExecutor.java:65)
	at com.kms.katalon.core.main.TestSuiteExecutor.accessTestSuiteMainPhase(TestSuiteExecutor.java:148)
	at com.kms.katalon.core.main.TestSuiteExecutor.execute(TestSuiteExecutor.java:106)
	at com.kms.katalon.core.main.TestCaseMain.startTestSuite(TestCaseMain.java:187)
	at com.kms.katalon.core.main.TestCaseMain$startTestSuite$0.call(Unknown Source)
	at TempTestSuite1724897904035.run(TempTestSuite1724897904035.groovy:35)
)

2024-08-28 22:41:19 - [MESSAGE][FAILED] - Text '$10.50' is not present on page  (Root cause: com.kms.katalon.core.exception.StepFailedException: Text '$10.50' is not present on page 
	at com.kms.katalon.core.webui.keyword.internal.WebUIKeywordMain.stepFailed(WebUIKeywordMain.groovy:64)
	at com.kms.katalon.core.webui.keyword.builtin.VerifyTextPresentKeyword$_verifyTextPresent_closure1.doCall(VerifyTextPresentKeyword.groovy:79)
	at com.kms.katalon.core.webui.keyword.builtin.VerifyTextPresentKeyword$_verifyTextPresent_closure1.call(VerifyTextPresentKeyword.groovy)
	at com.kms.katalon.core.webui.keyword.internal.WebUIKeywordMain.runKeyword(WebUIKeywordMain.groovy:20)
	at com.kms.katalon.core.webui.keyword.builtin.VerifyTextPresentKeyword.verifyTextPresent(VerifyTextPresentKeyword.groovy:83)
	at com.kms.katalon.core.webui.keyword.builtin.VerifyTextPresentKeyword.execute(VerifyTextPresentKeyword.groovy:68)
	at com.kms.katalon.core.keyword.internal.KeywordExecutor.executeKeywordForPlatform(KeywordExecutor.groovy:74)
	at com.kms.katalon.core.webui.keyword.WebUiBuiltInKeywords.verifyTextPresent(WebUiBuiltInKeywords.groovy:1723)
	at com.kms.katalon.core.webui.keyword.WebUiBuiltInKeywords$verifyTextPresent$8.call(Unknown Source)
	at VerifyDualCFVerbiage.run(VerifyDualCFVerbiage:99)
	at com.kms.katalon.core.main.ScriptEngine.run(ScriptEngine.java:194)
	at com.kms.katalon.core.main.ScriptEngine.runScriptAsRawText(ScriptEngine.java:119)
	at com.kms.katalon.core.main.TestCaseExecutor.runScript(TestCaseExecutor.java:448)
	at com.kms.katalon.core.main.TestCaseExecutor.doExecute(TestCaseExecutor.java:439)
	at com.kms.katalon.core.main.TestCaseExecutor.processExecutionPhase(TestCaseExecutor.java:418)
	at com.kms.katalon.core.main.TestCaseExecutor.accessMainPhase(TestCaseExecutor.java:410)
	at com.kms.katalon.core.main.TestCaseExecutor.execute(TestCaseExecutor.java:285)
	at com.kms.katalon.core.common.CommonExecutor.accessTestCaseMainPhase(CommonExecutor.java:65)
	at com.kms.katalon.core.main.TestSuiteExecutor.accessTestSuiteMainPhase(TestSuiteExecutor.java:148)
	at com.kms.katalon.core.main.TestSuiteExecutor.execute(TestSuiteExecutor.java:106)
	at com.kms.katalon.core.main.TestCaseMain.startTestSuite(TestCaseMain.java:187)
	at com.kms.katalon.core.main.TestCaseMain$startTestSuite$0.call(Unknown Source)
	at TempTestSuite1724897904035.run(TempTestSuite1724897904035.groovy:35)
)

2024-08-28 22:41:19 - [TEST_STEP][FAILED] - verifyTextPresent("$10.50", false): Text '$10.50' is not present on page  (Root cause: com.kms.katalon.core.exception.StepFailedException: Text '$10.50' is not present on page 
	at com.kms.katalon.core.webui.keyword.internal.WebUIKeywordMain.stepFailed(WebUIKeywordMain.groovy:64)
	at com.kms.katalon.core.webui.keyword.builtin.VerifyTextPresentKeyword$_verifyTextPresent_closure1.doCall(VerifyTextPresentKeyword.groovy:79)
	at com.kms.katalon.core.webui.keyword.builtin.VerifyTextPresentKeyword$_verifyTextPresent_closure1.call(VerifyTextPresentKeyword.groovy)
	at com.kms.katalon.core.webui.keyword.internal.WebUIKeywordMain.runKeyword(WebUIKeywordMain.groovy:20)
	at com.kms.katalon.core.webui.keyword.builtin.VerifyTextPresentKeyword.verifyTextPresent(VerifyTextPresentKeyword.groovy:83)
	at com.kms.katalon.core.webui.keyword.builtin.VerifyTextPresentKeyword.execute(VerifyTextPresentKeyword.groovy:68)
	at com.kms.katalon.core.keyword.internal.KeywordExecutor.executeKeywordForPlatform(KeywordExecutor.groovy:74)
	at com.kms.katalon.core.webui.keyword.WebUiBuiltInKeywords.verifyTextPresent(WebUiBuiltInKeywords.groovy:1723)
	at com.kms.katalon.core.webui.keyword.WebUiBuiltInKeywords$verifyTextPresent$8.call(Unknown Source)
	at VerifyDualCFVerbiage.run(VerifyDualCFVerbiage:100)
	at com.kms.katalon.core.main.ScriptEngine.run(ScriptEngine.java:194)
	at com.kms.katalon.core.main.ScriptEngine.runScriptAsRawText(ScriptEngine.java:119)
	at com.kms.katalon.core.main.TestCaseExecutor.runScript(TestCaseExecutor.java:448)
	at com.kms.katalon.core.main.TestCaseExecutor.doExecute(TestCaseExecutor.java:439)
	at com.kms.katalon.core.main.TestCaseExecutor.processExecutionPhase(TestCaseExecutor.java:418)
	at com.kms.katalon.core.main.TestCaseExecutor.accessMainPhase(TestCaseExecutor.java:410)
	at com.kms.katalon.core.main.TestCaseExecutor.execute(TestCaseExecutor.java:285)
	at com.kms.katalon.core.common.CommonExecutor.accessTestCaseMainPhase(CommonExecutor.java:65)
	at com.kms.katalon.core.main.TestSuiteExecutor.accessTestSuiteMainPhase(TestSuiteExecutor.java:148)
	at com.kms.katalon.core.main.TestSuiteExecutor.execute(TestSuiteExecutor.java:106)
	at com.kms.katalon.core.main.TestCaseMain.startTestSuite(TestCaseMain.java:187)
	at com.kms.katalon.core.main.TestCaseMain$startTestSuite$0.call(Unknown Source)
	at TempTestSuite1724897904035.run(TempTestSuite1724897904035.groovy:35)
)

2024-08-28 22:41:20 - [MESSAGE][FAILED] - Text '$10.50' is not present on page  (Root cause: com.kms.katalon.core.exception.StepFailedException: Text '$10.50' is not present on page 
	at com.kms.katalon.core.webui.keyword.internal.WebUIKeywordMain.stepFailed(WebUIKeywordMain.groovy:64)
	at com.kms.katalon.core.webui.keyword.builtin.VerifyTextPresentKeyword$_verifyTextPresent_closure1.doCall(VerifyTextPresentKeyword.groovy:79)
	at com.kms.katalon.core.webui.keyword.builtin.VerifyTextPresentKeyword$_verifyTextPresent_closure1.call(VerifyTextPresentKeyword.groovy)
	at com.kms.katalon.core.webui.keyword.internal.WebUIKeywordMain.runKeyword(WebUIKeywordMain.groovy:20)
	at com.kms.katalon.core.webui.keyword.builtin.VerifyTextPresentKeyword.verifyTextPresent(VerifyTextPresentKeyword.groovy:83)
	at com.kms.katalon.core.webui.keyword.builtin.VerifyTextPresentKeyword.execute(VerifyTextPresentKeyword.groovy:68)
	at com.kms.katalon.core.keyword.internal.KeywordExecutor.executeKeywordForPlatform(KeywordExecutor.groovy:74)
	at com.kms.katalon.core.webui.keyword.WebUiBuiltInKeywords.verifyTextPresent(WebUiBuiltInKeywords.groovy:1723)
	at com.kms.katalon.core.webui.keyword.WebUiBuiltInKeywords$verifyTextPresent$8.call(Unknown Source)
	at VerifyDualCFVerbiage.run(VerifyDualCFVerbiage:100)
	at com.kms.katalon.core.main.ScriptEngine.run(ScriptEngine.java:194)
	at com.kms.katalon.core.main.ScriptEngine.runScriptAsRawText(ScriptEngine.java:119)
	at com.kms.katalon.core.main.TestCaseExecutor.runScript(TestCaseExecutor.java:448)
	at com.kms.katalon.core.main.TestCaseExecutor.doExecute(TestCaseExecutor.java:439)
	at com.kms.katalon.core.main.TestCaseExecutor.processExecutionPhase(TestCaseExecutor.java:418)
	at com.kms.katalon.core.main.TestCaseExecutor.accessMainPhase(TestCaseExecutor.java:410)
	at com.kms.katalon.core.main.TestCaseExecutor.execute(TestCaseExecutor.java:285)
	at com.kms.katalon.core.common.CommonExecutor.accessTestCaseMainPhase(CommonExecutor.java:65)
	at com.kms.katalon.core.main.TestSuiteExecutor.accessTestSuiteMainPhase(TestSuiteExecutor.java:148)
	at com.kms.katalon.core.main.TestSuiteExecutor.execute(TestSuiteExecutor.java:106)
	at com.kms.katalon.core.main.TestCaseMain.startTestSuite(TestCaseMain.java:187)
	at com.kms.katalon.core.main.TestCaseMain$startTestSuite$0.call(Unknown Source)
	at TempTestSuite1724897904035.run(TempTestSuite1724897904035.groovy:35)
)

2024-08-28 22:41:20 - [TEST_STEP][FAILED] - verifyTextPresent("Total Amount", false): Text 'Total Amount' is not present on page  (Root cause: com.kms.katalon.core.exception.StepFailedException: Text 'Total Amount' is not present on page 
	at com.kms.katalon.core.webui.keyword.internal.WebUIKeywordMain.stepFailed(WebUIKeywordMain.groovy:64)
	at com.kms.katalon.core.webui.keyword.builtin.VerifyTextPresentKeyword$_verifyTextPresent_closure1.doCall(VerifyTextPresentKeyword.groovy:79)
	at com.kms.katalon.core.webui.keyword.builtin.VerifyTextPresentKeyword$_verifyTextPresent_closure1.call(VerifyTextPresentKeyword.groovy)
	at com.kms.katalon.core.webui.keyword.internal.WebUIKeywordMain.runKeyword(WebUIKeywordMain.groovy:20)
	at com.kms.katalon.core.webui.keyword.builtin.VerifyTextPresentKeyword.verifyTextPresent(VerifyTextPresentKeyword.groovy:83)
	at com.kms.katalon.core.webui.keyword.builtin.VerifyTextPresentKeyword.execute(VerifyTextPresentKeyword.groovy:68)
	at com.kms.katalon.core.keyword.internal.KeywordExecutor.executeKeywordForPlatform(KeywordExecutor.groovy:74)
	at com.kms.katalon.core.webui.keyword.WebUiBuiltInKeywords.verifyTextPresent(WebUiBuiltInKeywords.groovy:1723)
	at com.kms.katalon.core.webui.keyword.WebUiBuiltInKeywords$verifyTextPresent$8.call(Unknown Source)
	at VerifyDualCFVerbiage.run(VerifyDualCFVerbiage:101)
	at com.kms.katalon.core.main.ScriptEngine.run(ScriptEngine.java:194)
	at com.kms.katalon.core.main.ScriptEngine.runScriptAsRawText(ScriptEngine.java:119)
	at com.kms.katalon.core.main.TestCaseExecutor.runScript(TestCaseExecutor.java:448)
	at com.kms.katalon.core.main.TestCaseExecutor.doExecute(TestCaseExecutor.java:439)
	at com.kms.katalon.core.main.TestCaseExecutor.processExecutionPhase(TestCaseExecutor.java:418)
	at com.kms.katalon.core.main.TestCaseExecutor.accessMainPhase(TestCaseExecutor.java:410)
	at com.kms.katalon.core.main.TestCaseExecutor.execute(TestCaseExecutor.java:285)
	at com.kms.katalon.core.common.CommonExecutor.accessTestCaseMainPhase(CommonExecutor.java:65)
	at com.kms.katalon.core.main.TestSuiteExecutor.accessTestSuiteMainPhase(TestSuiteExecutor.java:148)
	at com.kms.katalon.core.main.TestSuiteExecutor.execute(TestSuiteExecutor.java:106)
	at com.kms.katalon.core.main.TestCaseMain.startTestSuite(TestCaseMain.java:187)
	at com.kms.katalon.core.main.TestCaseMain$startTestSuite$0.call(Unknown Source)
	at TempTestSuite1724897904035.run(TempTestSuite1724897904035.groovy:35)
)

2024-08-28 22:41:20 - [MESSAGE][FAILED] - Text 'Total Amount' is not present on page  (Root cause: com.kms.katalon.core.exception.StepFailedException: Text 'Total Amount' is not present on page 
	at com.kms.katalon.core.webui.keyword.internal.WebUIKeywordMain.stepFailed(WebUIKeywordMain.groovy:64)
	at com.kms.katalon.core.webui.keyword.builtin.VerifyTextPresentKeyword$_verifyTextPresent_closure1.doCall(VerifyTextPresentKeyword.groovy:79)
	at com.kms.katalon.core.webui.keyword.builtin.VerifyTextPresentKeyword$_verifyTextPresent_closure1.call(VerifyTextPresentKeyword.groovy)
	at com.kms.katalon.core.webui.keyword.internal.WebUIKeywordMain.runKeyword(WebUIKeywordMain.groovy:20)
	at com.kms.katalon.core.webui.keyword.builtin.VerifyTextPresentKeyword.verifyTextPresent(VerifyTextPresentKeyword.groovy:83)
	at com.kms.katalon.core.webui.keyword.builtin.VerifyTextPresentKeyword.execute(VerifyTextPresentKeyword.groovy:68)
	at com.kms.katalon.core.keyword.internal.KeywordExecutor.executeKeywordForPlatform(KeywordExecutor.groovy:74)
	at com.kms.katalon.core.webui.keyword.WebUiBuiltInKeywords.verifyTextPresent(WebUiBuiltInKeywords.groovy:1723)
	at com.kms.katalon.core.webui.keyword.WebUiBuiltInKeywords$verifyTextPresent$8.call(Unknown Source)
	at VerifyDualCFVerbiage.run(VerifyDualCFVerbiage:101)
	at com.kms.katalon.core.main.ScriptEngine.run(ScriptEngine.java:194)
	at com.kms.katalon.core.main.ScriptEngine.runScriptAsRawText(ScriptEngine.java:119)
	at com.kms.katalon.core.main.TestCaseExecutor.runScript(TestCaseExecutor.java:448)
	at com.kms.katalon.core.main.TestCaseExecutor.doExecute(TestCaseExecutor.java:439)
	at com.kms.katalon.core.main.TestCaseExecutor.processExecutionPhase(TestCaseExecutor.java:418)
	at com.kms.katalon.core.main.TestCaseExecutor.accessMainPhase(TestCaseExecutor.java:410)
	at com.kms.katalon.core.main.TestCaseExecutor.execute(TestCaseExecutor.java:285)
	at com.kms.katalon.core.common.CommonExecutor.accessTestCaseMainPhase(CommonExecutor.java:65)
	at com.kms.katalon.core.main.TestSuiteExecutor.accessTestSuiteMainPhase(TestSuiteExecutor.java:148)
	at com.kms.katalon.core.main.TestSuiteExecutor.execute(TestSuiteExecutor.java:106)
	at com.kms.katalon.core.main.TestCaseMain.startTestSuite(TestCaseMain.java:187)
	at com.kms.katalon.core.main.TestCaseMain$startTestSuite$0.call(Unknown Source)
	at TempTestSuite1724897904035.run(TempTestSuite1724897904035.groovy:35)
)

2024-08-28 22:41:20 - [TEST_STEP][FAILED] - verifyTextPresent("$12.50", false): Text '$12.50' is not present on page  (Root cause: com.kms.katalon.core.exception.StepFailedException: Text '$12.50' is not present on page 
	at com.kms.katalon.core.webui.keyword.internal.WebUIKeywordMain.stepFailed(WebUIKeywordMain.groovy:64)
	at com.kms.katalon.core.webui.keyword.builtin.VerifyTextPresentKeyword$_verifyTextPresent_closure1.doCall(VerifyTextPresentKeyword.groovy:79)
	at com.kms.katalon.core.webui.keyword.builtin.VerifyTextPresentKeyword$_verifyTextPresent_closure1.call(VerifyTextPresentKeyword.groovy)
	at com.kms.katalon.core.webui.keyword.internal.WebUIKeywordMain.runKeyword(WebUIKeywordMain.groovy:20)
	at com.kms.katalon.core.webui.keyword.builtin.VerifyTextPresentKeyword.verifyTextPresent(VerifyTextPresentKeyword.groovy:83)
	at com.kms.katalon.core.webui.keyword.builtin.VerifyTextPresentKeyword.execute(VerifyTextPresentKeyword.groovy:68)
	at com.kms.katalon.core.keyword.internal.KeywordExecutor.executeKeywordForPlatform(KeywordExecutor.groovy:74)
	at com.kms.katalon.core.webui.keyword.WebUiBuiltInKeywords.verifyTextPresent(WebUiBuiltInKeywords.groovy:1723)
	at com.kms.katalon.core.webui.keyword.WebUiBuiltInKeywords$verifyTextPresent$8.call(Unknown Source)
	at VerifyDualCFVerbiage.run(VerifyDualCFVerbiage:102)
	at com.kms.katalon.core.main.ScriptEngine.run(ScriptEngine.java:194)
	at com.kms.katalon.core.main.ScriptEngine.runScriptAsRawText(ScriptEngine.java:119)
	at com.kms.katalon.core.main.TestCaseExecutor.runScript(TestCaseExecutor.java:448)
	at com.kms.katalon.core.main.TestCaseExecutor.doExecute(TestCaseExecutor.java:439)
	at com.kms.katalon.core.main.TestCaseExecutor.processExecutionPhase(TestCaseExecutor.java:418)
	at com.kms.katalon.core.main.TestCaseExecutor.accessMainPhase(TestCaseExecutor.java:410)
	at com.kms.katalon.core.main.TestCaseExecutor.execute(TestCaseExecutor.java:285)
	at com.kms.katalon.core.common.CommonExecutor.accessTestCaseMainPhase(CommonExecutor.java:65)
	at com.kms.katalon.core.main.TestSuiteExecutor.accessTestSuiteMainPhase(TestSuiteExecutor.java:148)
	at com.kms.katalon.core.main.TestSuiteExecutor.execute(TestSuiteExecutor.java:106)
	at com.kms.katalon.core.main.TestCaseMain.startTestSuite(TestCaseMain.java:187)
	at com.kms.katalon.core.main.TestCaseMain$startTestSuite$0.call(Unknown Source)
	at TempTestSuite1724897904035.run(TempTestSuite1724897904035.groovy:35)
)

2024-08-28 22:41:20 - [MESSAGE][FAILED] - Text '$12.50' is not present on page  (Root cause: com.kms.katalon.core.exception.StepFailedException: Text '$12.50' is not present on page 
	at com.kms.katalon.core.webui.keyword.internal.WebUIKeywordMain.stepFailed(WebUIKeywordMain.groovy:64)
	at com.kms.katalon.core.webui.keyword.builtin.VerifyTextPresentKeyword$_verifyTextPresent_closure1.doCall(VerifyTextPresentKeyword.groovy:79)
	at com.kms.katalon.core.webui.keyword.builtin.VerifyTextPresentKeyword$_verifyTextPresent_closure1.call(VerifyTextPresentKeyword.groovy)
	at com.kms.katalon.core.webui.keyword.internal.WebUIKeywordMain.runKeyword(WebUIKeywordMain.groovy:20)
	at com.kms.katalon.core.webui.keyword.builtin.VerifyTextPresentKeyword.verifyTextPresent(VerifyTextPresentKeyword.groovy:83)
	at com.kms.katalon.core.webui.keyword.builtin.VerifyTextPresentKeyword.execute(VerifyTextPresentKeyword.groovy:68)
	at com.kms.katalon.core.keyword.internal.KeywordExecutor.executeKeywordForPlatform(KeywordExecutor.groovy:74)
	at com.kms.katalon.core.webui.keyword.WebUiBuiltInKeywords.verifyTextPresent(WebUiBuiltInKeywords.groovy:1723)
	at com.kms.katalon.core.webui.keyword.WebUiBuiltInKeywords$verifyTextPresent$8.call(Unknown Source)
	at VerifyDualCFVerbiage.run(VerifyDualCFVerbiage:102)
	at com.kms.katalon.core.main.ScriptEngine.run(ScriptEngine.java:194)
	at com.kms.katalon.core.main.ScriptEngine.runScriptAsRawText(ScriptEngine.java:119)
	at com.kms.katalon.core.main.TestCaseExecutor.runScript(TestCaseExecutor.java:448)
	at com.kms.katalon.core.main.TestCaseExecutor.doExecute(TestCaseExecutor.java:439)
	at com.kms.katalon.core.main.TestCaseExecutor.processExecutionPhase(TestCaseExecutor.java:418)
	at com.kms.katalon.core.main.TestCaseExecutor.accessMainPhase(TestCaseExecutor.java:410)
	at com.kms.katalon.core.main.TestCaseExecutor.execute(TestCaseExecutor.java:285)
	at com.kms.katalon.core.common.CommonExecutor.accessTestCaseMainPhase(CommonExecutor.java:65)
	at com.kms.katalon.core.main.TestSuiteExecutor.accessTestSuiteMainPhase(TestSuiteExecutor.java:148)
	at com.kms.katalon.core.main.TestSuiteExecutor.execute(TestSuiteExecutor.java:106)
	at com.kms.katalon.core.main.TestCaseMain.startTestSuite(TestCaseMain.java:187)
	at com.kms.katalon.core.main.TestCaseMain$startTestSuite$0.call(Unknown Source)
	at TempTestSuite1724897904035.run(TempTestSuite1724897904035.groovy:35)
)

2024-08-28 22:41:20 - [TEST_STEP][FAILED] - verifyTextPresent("Two transactions will appear on your bank statement, one in the amount of $10.50 and one in the amount of $2.00", false): Text 'Two transactions will appear on your bank statement, one in the amount of $10.50 and one in the amount of $2.00' is not present on page  (Root cause: com.kms.katalon.core.exception.StepFailedException: Text 'Two transactions will appear on your bank statement, one in the amount of $10.50 and one in the amount of $2.00' is not present on page 
	at com.kms.katalon.core.webui.keyword.internal.WebUIKeywordMain.stepFailed(WebUIKeywordMain.groovy:64)
	at com.kms.katalon.core.webui.keyword.builtin.VerifyTextPresentKeyword$_verifyTextPresent_closure1.doCall(VerifyTextPresentKeyword.groovy:79)
	at com.kms.katalon.core.webui.keyword.builtin.VerifyTextPresentKeyword$_verifyTextPresent_closure1.call(VerifyTextPresentKeyword.groovy)
	at com.kms.katalon.core.webui.keyword.internal.WebUIKeywordMain.runKeyword(WebUIKeywordMain.groovy:20)
	at com.kms.katalon.core.webui.keyword.builtin.VerifyTextPresentKeyword.verifyTextPresent(VerifyTextPresentKeyword.groovy:83)
	at com.kms.katalon.core.webui.keyword.builtin.VerifyTextPresentKeyword.execute(VerifyTextPresentKeyword.groovy:68)
	at com.kms.katalon.core.keyword.internal.KeywordExecutor.executeKeywordForPlatform(KeywordExecutor.groovy:74)
	at com.kms.katalon.core.webui.keyword.WebUiBuiltInKeywords.verifyTextPresent(WebUiBuiltInKeywords.groovy:1723)
	at com.kms.katalon.core.webui.keyword.WebUiBuiltInKeywords$verifyTextPresent$8.call(Unknown Source)
	at VerifyDualCFVerbiage.run(VerifyDualCFVerbiage:103)
	at com.kms.katalon.core.main.ScriptEngine.run(ScriptEngine.java:194)
	at com.kms.katalon.core.main.ScriptEngine.runScriptAsRawText(ScriptEngine.java:119)
	at com.kms.katalon.core.main.TestCaseExecutor.runScript(TestCaseExecutor.java:448)
	at com.kms.katalon.core.main.TestCaseExecutor.doExecute(TestCaseExecutor.java:439)
	at com.kms.katalon.core.main.TestCaseExecutor.processExecutionPhase(TestCaseExecutor.java:418)
	at com.kms.katalon.core.main.TestCaseExecutor.accessMainPhase(TestCaseExecutor.java:410)
	at com.kms.katalon.core.main.TestCaseExecutor.execute(TestCaseExecutor.java:285)
	at com.kms.katalon.core.common.CommonExecutor.accessTestCaseMainPhase(CommonExecutor.java:65)
	at com.kms.katalon.core.main.TestSuiteExecutor.accessTestSuiteMainPhase(TestSuiteExecutor.java:148)
	at com.kms.katalon.core.main.TestSuiteExecutor.execute(TestSuiteExecutor.java:106)
	at com.kms.katalon.core.main.TestCaseMain.startTestSuite(TestCaseMain.java:187)
	at com.kms.katalon.core.main.TestCaseMain$startTestSuite$0.call(Unknown Source)
	at TempTestSuite1724897904035.run(TempTestSuite1724897904035.groovy:35)
)

2024-08-28 22:41:21 - [MESSAGE][FAILED] - Text 'Two transactions will appear on your bank statement, one in the amount of $10.50 and one in the amount of $2.00' is not present on page  (Root cause: com.kms.katalon.core.exception.StepFailedException: Text 'Two transactions will appear on your bank statement, one in the amount of $10.50 and one in the amount of $2.00' is not present on page 
	at com.kms.katalon.core.webui.keyword.internal.WebUIKeywordMain.stepFailed(WebUIKeywordMain.groovy:64)
	at com.kms.katalon.core.webui.keyword.builtin.VerifyTextPresentKeyword$_verifyTextPresent_closure1.doCall(VerifyTextPresentKeyword.groovy:79)
	at com.kms.katalon.core.webui.keyword.builtin.VerifyTextPresentKeyword$_verifyTextPresent_closure1.call(VerifyTextPresentKeyword.groovy)
	at com.kms.katalon.core.webui.keyword.internal.WebUIKeywordMain.runKeyword(WebUIKeywordMain.groovy:20)
	at com.kms.katalon.core.webui.keyword.builtin.VerifyTextPresentKeyword.verifyTextPresent(VerifyTextPresentKeyword.groovy:83)
	at com.kms.katalon.core.webui.keyword.builtin.VerifyTextPresentKeyword.execute(VerifyTextPresentKeyword.groovy:68)
	at com.kms.katalon.core.keyword.internal.KeywordExecutor.executeKeywordForPlatform(KeywordExecutor.groovy:74)
	at com.kms.katalon.core.webui.keyword.WebUiBuiltInKeywords.verifyTextPresent(WebUiBuiltInKeywords.groovy:1723)
	at com.kms.katalon.core.webui.keyword.WebUiBuiltInKeywords$verifyTextPresent$8.call(Unknown Source)
	at VerifyDualCFVerbiage.run(VerifyDualCFVerbiage:103)
	at com.kms.katalon.core.main.ScriptEngine.run(ScriptEngine.java:194)
	at com.kms.katalon.core.main.ScriptEngine.runScriptAsRawText(ScriptEngine.java:119)
	at com.kms.katalon.core.main.TestCaseExecutor.runScript(TestCaseExecutor.java:448)
	at com.kms.katalon.core.main.TestCaseExecutor.doExecute(TestCaseExecutor.java:439)
	at com.kms.katalon.core.main.TestCaseExecutor.processExecutionPhase(TestCaseExecutor.java:418)
	at com.kms.katalon.core.main.TestCaseExecutor.accessMainPhase(TestCaseExecutor.java:410)
	at com.kms.katalon.core.main.TestCaseExecutor.execute(TestCaseExecutor.java:285)
	at com.kms.katalon.core.common.CommonExecutor.accessTestCaseMainPhase(CommonExecutor.java:65)
	at com.kms.katalon.core.main.TestSuiteExecutor.accessTestSuiteMainPhase(TestSuiteExecutor.java:148)
	at com.kms.katalon.core.main.TestSuiteExecutor.execute(TestSuiteExecutor.java:106)
	at com.kms.katalon.core.main.TestCaseMain.startTestSuite(TestCaseMain.java:187)
	at com.kms.katalon.core.main.TestCaseMain$startTestSuite$0.call(Unknown Source)
	at TempTestSuite1724897904035.run(TempTestSuite1724897904035.groovy:35)
)

2024-08-28 22:41:21 - [TEST_STEP][PASSED] - ExecuteTC = findTestData(dataFile).getValue("Execute", row): null

2024-08-28 22:41:21 - [TEST_STEP][PASSED] - out.println("Value of Execute is : " + ExecuteTC): null

2024-08-28 22:41:21 - [TEST_STEP][PASSED] - if (ExecuteTC.equalsIgnoreCase("Y")): null

2024-08-28 22:41:21 - [TEST_STEP][PASSED] - ExecuteTC = findTestData(dataFile).getValue("Execute", row): null

2024-08-28 22:41:21 - [TEST_STEP][PASSED] - out.println("Value of Execute is : " + ExecuteTC): null

2024-08-28 22:41:21 - [TEST_STEP][PASSED] - if (ExecuteTC.equalsIgnoreCase("Y")): null

2024-08-28 22:41:21 - [TEST_STEP][PASSED] - ExecuteTC = findTestData(dataFile).getValue("Execute", row): null

2024-08-28 22:41:21 - [TEST_STEP][PASSED] - out.println("Value of Execute is : " + ExecuteTC): null

2024-08-28 22:41:21 - [TEST_STEP][PASSED] - if (ExecuteTC.equalsIgnoreCase("Y")): null]]></system-out>
         <system-err><![CDATA[2024-08-28 22:39:54 - [TEST_CASE][FAILED] - Test Cases/IntegratedWeb/IWP30/Payments/VerifyDualCFVerbiage: Test Cases/IntegratedWeb/IWP30/Payments/VerifyDualCFVerbiage FAILED.
Reason:
com.kms.katalon.core.exception.StepFailedException: Unable to click on object 'Object Repository/IWP30/Page_Confirmation/ConfirmButton' (Root cause: com.kms.katalon.core.exception.StepFailedException: Unable to click on object 'Object Repository/IWP30/Page_Confirmation/ConfirmButton'
	at com.kms.katalon.core.webui.keyword.internal.WebUIKeywordMain.stepFailed(WebUIKeywordMain.groovy:64)
	at com.kms.katalon.core.webui.keyword.internal.WebUIKeywordMain.runKeyword(WebUIKeywordMain.groovy:26)
	at com.kms.katalon.core.webui.keyword.builtin.ClickKeyword.click(ClickKeyword.groovy:74)
	at com.kms.katalon.core.webui.keyword.builtin.ClickKeyword.execute(ClickKeyword.groovy:40)
	at com.kms.katalon.core.keyword.internal.KeywordExecutor.executeKeywordForPlatform(KeywordExecutor.groovy:74)
	at com.kms.katalon.core.webui.keyword.WebUiBuiltInKeywords.click(WebUiBuiltInKeywords.groovy:620)
	at com.kms.katalon.core.webui.keyword.WebUiBuiltInKeywords$click$3.call(Unknown Source)
	at VerifyDualCFVerbiage.run(VerifyDualCFVerbiage:85)
	at com.kms.katalon.core.main.ScriptEngine.run(ScriptEngine.java:194)
	at com.kms.katalon.core.main.ScriptEngine.runScriptAsRawText(ScriptEngine.java:119)
	at com.kms.katalon.core.main.TestCaseExecutor.runScript(TestCaseExecutor.java:448)
	at com.kms.katalon.core.main.TestCaseExecutor.doExecute(TestCaseExecutor.java:439)
	at com.kms.katalon.core.main.TestCaseExecutor.processExecutionPhase(TestCaseExecutor.java:418)
	at com.kms.katalon.core.main.TestCaseExecutor.accessMainPhase(TestCaseExecutor.java:410)
	at com.kms.katalon.core.main.TestCaseExecutor.execute(TestCaseExecutor.java:285)
	at com.kms.katalon.core.common.CommonExecutor.accessTestCaseMainPhase(CommonExecutor.java:65)
	at com.kms.katalon.core.main.TestSuiteExecutor.accessTestSuiteMainPhase(TestSuiteExecutor.java:148)
	at com.kms.katalon.core.main.TestSuiteExecutor.execute(TestSuiteExecutor.java:106)
	at com.kms.katalon.core.main.TestCaseMain.startTestSuite(TestCaseMain.java:187)
	at com.kms.katalon.core.main.TestCaseMain$startTestSuite$0.call(Unknown Source)
	at TempTestSuite1724897904035.run(TempTestSuite1724897904035.groovy:35)
Caused by: com.kms.katalon.core.webui.exception.WebElementNotFoundException: Web element with id: 'Object Repository/IWP30/Page_Confirmation/ConfirmButton' located by '//*[@type = 'submit' and @name = 'confirmNotifyAction' and @id = 'submitYes' and @value = 'Confirm']' not found
	at com.kms.katalon.core.webui.common.WebUiCommonHelper.findWebElement(WebUiCommonHelper.java:1381)
	at com.kms.katalon.core.webui.keyword.internal.WebUIAbstractKeyword.findWebElement(WebUIAbstractKeyword.groovy:27)
	at com.kms.katalon.core.webui.keyword.builtin.ClickKeyword$_click_closure1.doCall(ClickKeyword.groovy:65)
	at com.kms.katalon.core.webui.keyword.builtin.ClickKeyword$_click_closure1.call(ClickKeyword.groovy)
	at com.kms.katalon.core.webui.keyword.internal.WebUIKeywordMain.runKeyword(WebUIKeywordMain.groovy:20)
	at com.kms.katalon.core.webui.keyword.builtin.ClickKeyword.click(ClickKeyword.groovy:74)
	at com.kms.katalon.core.webui.keyword.builtin.ClickKeyword.execute(ClickKeyword.groovy:40)
	at com.kms.katalon.core.keyword.internal.KeywordExecutor.executeKeywordForPlatform(KeywordExecutor.groovy:74)
	at com.kms.katalon.core.webui.keyword.WebUiBuiltInKeywords.click(WebUiBuiltInKeywords.groovy:620)
	at com.kms.katalon.core.webui.keyword.WebUiBuiltInKeywords$click$3.call(Unknown Source)
	at Script1686864812417.run(Script1686864812417.groovy:85)
	... 13 more
)
	at com.kms.katalon.core.keyword.internal.KeywordMain.stepFailed(KeywordMain.groovy:39)
	at com.kms.katalon.core.webui.keyword.internal.WebUIKeywordMain.stepFailed(WebUIKeywordMain.groovy:64)
	at com.kms.katalon.core.webui.keyword.internal.WebUIKeywordMain.runKeyword(WebUIKeywordMain.groovy:26)
	at com.kms.katalon.core.webui.keyword.builtin.ClickKeyword.click(ClickKeyword.groovy:74)
	at com.kms.katalon.core.webui.keyword.builtin.ClickKeyword.execute(ClickKeyword.groovy:40)
	at com.kms.katalon.core.keyword.internal.KeywordExecutor.executeKeywordForPlatform(KeywordExecutor.groovy:74)
	at com.kms.katalon.core.webui.keyword.WebUiBuiltInKeywords.click(WebUiBuiltInKeywords.groovy:620)
	at com.kms.katalon.core.webui.keyword.WebUiBuiltInKeywords$click$3.call(Unknown Source)
	at VerifyDualCFVerbiage.run(VerifyDualCFVerbiage:85)
	at com.kms.katalon.core.main.ScriptEngine.run(ScriptEngine.java:194)
	at com.kms.katalon.core.main.ScriptEngine.runScriptAsRawText(ScriptEngine.java:119)
	at com.kms.katalon.core.main.TestCaseExecutor.runScript(TestCaseExecutor.java:448)
	at com.kms.katalon.core.main.TestCaseExecutor.doExecute(TestCaseExecutor.java:439)
	at com.kms.katalon.core.main.TestCaseExecutor.processExecutionPhase(TestCaseExecutor.java:418)
	at com.kms.katalon.core.main.TestCaseExecutor.accessMainPhase(TestCaseExecutor.java:410)
	at com.kms.katalon.core.main.TestCaseExecutor.execute(TestCaseExecutor.java:285)
	at com.kms.katalon.core.common.CommonExecutor.accessTestCaseMainPhase(CommonExecutor.java:65)
	at com.kms.katalon.core.main.TestSuiteExecutor.accessTestSuiteMainPhase(TestSuiteExecutor.java:148)
	at com.kms.katalon.core.main.TestSuiteExecutor.execute(TestSuiteExecutor.java:106)
	at com.kms.katalon.core.main.TestCaseMain.startTestSuite(TestCaseMain.java:187)
	at com.kms.katalon.core.main.TestCaseMain$startTestSuite$0.call(Unknown Source)
	at TempTestSuite1724897904035.run(TempTestSuite1724897904035.groovy:35)
Caused by: com.kms.katalon.core.exception.StepFailedException: Unable to click on object 'Object Repository/IWP30/Page_Confirmation/ConfirmButton'
	... 21 more
Caused by: com.kms.katalon.core.webui.exception.WebElementNotFoundException: Web element with id: 'Object Repository/IWP30/Page_Confirmation/ConfirmButton' located by '//*[@type = 'submit' and @name = 'confirmNotifyAction' and @id = 'submitYes' and @value = 'Confirm']' not found
	at com.kms.katalon.core.webui.common.WebUiCommonHelper.findWebElement(WebUiCommonHelper.java:1381)
	at com.kms.katalon.core.webui.keyword.internal.WebUIAbstractKeyword.findWebElement(WebUIAbstractKeyword.groovy:27)
	at com.kms.katalon.core.webui.keyword.builtin.ClickKeyword$_click_closure1.doCall(ClickKeyword.groovy:65)
	at com.kms.katalon.core.webui.keyword.builtin.ClickKeyword$_click_closure1.call(ClickKeyword.groovy)
	at com.kms.katalon.core.webui.keyword.internal.WebUIKeywordMain.runKeyword(WebUIKeywordMain.groovy:20)
	... 19 more]]></system-err>
      </testcase>
      <testcase name="Test Cases/IntegratedWeb/IWP30/Payments/VerifySingleCFVerbiage" time="86.077" classname="Test Cases/IntegratedWeb/IWP30/Payments/VerifySingleCFVerbiage" status="FAILED">
         <failure type="FAILED" message="Test Cases/IntegratedWeb/IWP30/Payments/VerifySingleCFVerbiage FAILED.
Reason:
com.kms.katalon.core.exception.StepFailedException: Unable to click on object 'Object Repository/IWP30/Page_Confirmation/ConfirmButton' (Root cause: com.kms.katalon.core.exception.StepFailedException: Unable to click on object 'Object Repository/IWP30/Page_Confirmation/ConfirmButton'
	at com.kms.katalon.core.webui.keyword.internal.WebUIKeywordMain.stepFailed(WebUIKeywordMain.groovy:64)
	at com.kms.katalon.core.webui.keyword.internal.WebUIKeywordMain.runKeyword(WebUIKeywordMain.groovy:26)
	at com.kms.katalon.core.webui.keyword.builtin.ClickKeyword.click(ClickKeyword.groovy:74)
	at com.kms.katalon.core.webui.keyword.builtin.ClickKeyword.execute(ClickKeyword.groovy:40)
	at com.kms.katalon.core.keyword.internal.KeywordExecutor.executeKeywordForPlatform(KeywordExecutor.groovy:74)
	at com.kms.katalon.core.webui.keyword.WebUiBuiltInKeywords.click(WebUiBuiltInKeywords.groovy:620)
	at com.kms.katalon.core.webui.keyword.WebUiBuiltInKeywords$click$3.call(Unknown Source)
	at VerifySingleCFVerbiage.run(VerifySingleCFVerbiage:84)
	at com.kms.katalon.core.main.ScriptEngine.run(ScriptEngine.java:194)
	at com.kms.katalon.core.main.ScriptEngine.runScriptAsRawText(ScriptEngine.java:119)
	at com.kms.katalon.core.main.TestCaseExecutor.runScript(TestCaseExecutor.java:448)
	at com.kms.katalon.core.main.TestCaseExecutor.doExecute(TestCaseExecutor.java:439)
	at com.kms.katalon.core.main.TestCaseExecutor.processExecutionPhase(TestCaseExecutor.java:418)
	at com.kms.katalon.core.main.TestCaseExecutor.accessMainPhase(TestCaseExecutor.java:410)
	at com.kms.katalon.core.main.TestCaseExecutor.execute(TestCaseExecutor.java:285)
	at com.kms.katalon.core.common.CommonExecutor.accessTestCaseMainPhase(CommonExecutor.java:65)
	at com.kms.katalon.core.main.TestSuiteExecutor.accessTestSuiteMainPhase(TestSuiteExecutor.java:148)
	at com.kms.katalon.core.main.TestSuiteExecutor.execute(TestSuiteExecutor.java:106)
	at com.kms.katalon.core.main.TestCaseMain.startTestSuite(TestCaseMain.java:187)
	at com.kms.katalon.core.main.TestCaseMain$startTestSuite$0.call(Unknown Source)
	at TempTestSuite1724897904035.run(TempTestSuite1724897904035.groovy:35)
Caused by: com.kms.katalon.core.webui.exception.WebElementNotFoundException: Web element with id: 'Object Repository/IWP30/Page_Confirmation/ConfirmButton' located by '//*[@type = 'submit' and @name = 'confirmNotifyAction' and @id = 'submitYes' and @value = 'Confirm']' not found
	at com.kms.katalon.core.webui.common.WebUiCommonHelper.findWebElement(WebUiCommonHelper.java:1381)
	at com.kms.katalon.core.webui.keyword.internal.WebUIAbstractKeyword.findWebElement(WebUIAbstractKeyword.groovy:27)
	at com.kms.katalon.core.webui.keyword.builtin.ClickKeyword$_click_closure1.doCall(ClickKeyword.groovy:65)
	at com.kms.katalon.core.webui.keyword.builtin.ClickKeyword$_click_closure1.call(ClickKeyword.groovy)
	at com.kms.katalon.core.webui.keyword.internal.WebUIKeywordMain.runKeyword(WebUIKeywordMain.groovy:20)
	at com.kms.katalon.core.webui.keyword.builtin.ClickKeyword.click(ClickKeyword.groovy:74)
	at com.kms.katalon.core.webui.keyword.builtin.ClickKeyword.execute(ClickKeyword.groovy:40)
	at com.kms.katalon.core.keyword.internal.KeywordExecutor.executeKeywordForPlatform(KeywordExecutor.groovy:74)
	at com.kms.katalon.core.webui.keyword.WebUiBuiltInKeywords.click(WebUiBuiltInKeywords.groovy:620)
	at com.kms.katalon.core.webui.keyword.WebUiBuiltInKeywords$click$3.call(Unknown Source)
	at Script1686862963967.run(Script1686862963967.groovy:84)
	... 13 more
)
	at com.kms.katalon.core.keyword.internal.KeywordMain.stepFailed(KeywordMain.groovy:39)
	at com.kms.katalon.core.webui.keyword.internal.WebUIKeywordMain.stepFailed(WebUIKeywordMain.groovy:64)
	at com.kms.katalon.core.webui.keyword.internal.WebUIKeywordMain.runKeyword(WebUIKeywordMain.groovy:26)
	at com.kms.katalon.core.webui.keyword.builtin.ClickKeyword.click(ClickKeyword.groovy:74)
	at com.kms.katalon.core.webui.keyword.builtin.ClickKeyword.execute(ClickKeyword.groovy:40)
	at com.kms.katalon.core.keyword.internal.KeywordExecutor.executeKeywordForPlatform(KeywordExecutor.groovy:74)
	at com.kms.katalon.core.webui.keyword.WebUiBuiltInKeywords.click(WebUiBuiltInKeywords.groovy:620)
	at com.kms.katalon.core.webui.keyword.WebUiBuiltInKeywords$click$3.call(Unknown Source)
	at VerifySingleCFVerbiage.run(VerifySingleCFVerbiage:84)
	at com.kms.katalon.core.main.ScriptEngine.run(ScriptEngine.java:194)
	at com.kms.katalon.core.main.ScriptEngine.runScriptAsRawText(ScriptEngine.java:119)
	at com.kms.katalon.core.main.TestCaseExecutor.runScript(TestCaseExecutor.java:448)
	at com.kms.katalon.core.main.TestCaseExecutor.doExecute(TestCaseExecutor.java:439)
	at com.kms.katalon.core.main.TestCaseExecutor.processExecutionPhase(TestCaseExecutor.java:418)
	at com.kms.katalon.core.main.TestCaseExecutor.accessMainPhase(TestCaseExecutor.java:410)
	at com.kms.katalon.core.main.TestCaseExecutor.execute(TestCaseExecutor.java:285)
	at com.kms.katalon.core.common.CommonExecutor.accessTestCaseMainPhase(CommonExecutor.java:65)
	at com.kms.katalon.core.main.TestSuiteExecutor.accessTestSuiteMainPhase(TestSuiteExecutor.java:148)
	at com.kms.katalon.core.main.TestSuiteExecutor.execute(TestSuiteExecutor.java:106)
	at com.kms.katalon.core.main.TestCaseMain.startTestSuite(TestCaseMain.java:187)
	at com.kms.katalon.core.main.TestCaseMain$startTestSuite$0.call(Unknown Source)
	at TempTestSuite1724897904035.run(TempTestSuite1724897904035.groovy:35)
Caused by: com.kms.katalon.core.exception.StepFailedException: Unable to click on object 'Object Repository/IWP30/Page_Confirmation/ConfirmButton'
	... 21 more
Caused by: com.kms.katalon.core.webui.exception.WebElementNotFoundException: Web element with id: 'Object Repository/IWP30/Page_Confirmation/ConfirmButton' located by '//*[@type = 'submit' and @name = 'confirmNotifyAction' and @id = 'submitYes' and @value = 'Confirm']' not found
	at com.kms.katalon.core.webui.common.WebUiCommonHelper.findWebElement(WebUiCommonHelper.java:1381)
	at com.kms.katalon.core.webui.keyword.internal.WebUIAbstractKeyword.findWebElement(WebUIAbstractKeyword.groovy:27)
	at com.kms.katalon.core.webui.keyword.builtin.ClickKeyword$_click_closure1.doCall(ClickKeyword.groovy:65)
	at com.kms.katalon.core.webui.keyword.builtin.ClickKeyword$_click_closure1.call(ClickKeyword.groovy)
	at com.kms.katalon.core.webui.keyword.internal.WebUIKeywordMain.runKeyword(WebUIKeywordMain.groovy:20)
	... 19 more
"/>
         <system-out><![CDATA[2024-08-28 22:41:21 - [TEST_CASE][FAILED] - Test Cases/IntegratedWeb/IWP30/Payments/VerifySingleCFVerbiage: Test Cases/IntegratedWeb/IWP30/Payments/VerifySingleCFVerbiage FAILED.
Reason:
com.kms.katalon.core.exception.StepFailedException: Unable to click on object 'Object Repository/IWP30/Page_Confirmation/ConfirmButton' (Root cause: com.kms.katalon.core.exception.StepFailedException: Unable to click on object 'Object Repository/IWP30/Page_Confirmation/ConfirmButton'
	at com.kms.katalon.core.webui.keyword.internal.WebUIKeywordMain.stepFailed(WebUIKeywordMain.groovy:64)
	at com.kms.katalon.core.webui.keyword.internal.WebUIKeywordMain.runKeyword(WebUIKeywordMain.groovy:26)
	at com.kms.katalon.core.webui.keyword.builtin.ClickKeyword.click(ClickKeyword.groovy:74)
	at com.kms.katalon.core.webui.keyword.builtin.ClickKeyword.execute(ClickKeyword.groovy:40)
	at com.kms.katalon.core.keyword.internal.KeywordExecutor.executeKeywordForPlatform(KeywordExecutor.groovy:74)
	at com.kms.katalon.core.webui.keyword.WebUiBuiltInKeywords.click(WebUiBuiltInKeywords.groovy:620)
	at com.kms.katalon.core.webui.keyword.WebUiBuiltInKeywords$click$3.call(Unknown Source)
	at VerifySingleCFVerbiage.run(VerifySingleCFVerbiage:84)
	at com.kms.katalon.core.main.ScriptEngine.run(ScriptEngine.java:194)
	at com.kms.katalon.core.main.ScriptEngine.runScriptAsRawText(ScriptEngine.java:119)
	at com.kms.katalon.core.main.TestCaseExecutor.runScript(TestCaseExecutor.java:448)
	at com.kms.katalon.core.main.TestCaseExecutor.doExecute(TestCaseExecutor.java:439)
	at com.kms.katalon.core.main.TestCaseExecutor.processExecutionPhase(TestCaseExecutor.java:418)
	at com.kms.katalon.core.main.TestCaseExecutor.accessMainPhase(TestCaseExecutor.java:410)
	at com.kms.katalon.core.main.TestCaseExecutor.execute(TestCaseExecutor.java:285)
	at com.kms.katalon.core.common.CommonExecutor.accessTestCaseMainPhase(CommonExecutor.java:65)
	at com.kms.katalon.core.main.TestSuiteExecutor.accessTestSuiteMainPhase(TestSuiteExecutor.java:148)
	at com.kms.katalon.core.main.TestSuiteExecutor.execute(TestSuiteExecutor.java:106)
	at com.kms.katalon.core.main.TestCaseMain.startTestSuite(TestCaseMain.java:187)
	at com.kms.katalon.core.main.TestCaseMain$startTestSuite$0.call(Unknown Source)
	at TempTestSuite1724897904035.run(TempTestSuite1724897904035.groovy:35)
Caused by: com.kms.katalon.core.webui.exception.WebElementNotFoundException: Web element with id: 'Object Repository/IWP30/Page_Confirmation/ConfirmButton' located by '//*[@type = 'submit' and @name = 'confirmNotifyAction' and @id = 'submitYes' and @value = 'Confirm']' not found
	at com.kms.katalon.core.webui.common.WebUiCommonHelper.findWebElement(WebUiCommonHelper.java:1381)
	at com.kms.katalon.core.webui.keyword.internal.WebUIAbstractKeyword.findWebElement(WebUIAbstractKeyword.groovy:27)
	at com.kms.katalon.core.webui.keyword.builtin.ClickKeyword$_click_closure1.doCall(ClickKeyword.groovy:65)
	at com.kms.katalon.core.webui.keyword.builtin.ClickKeyword$_click_closure1.call(ClickKeyword.groovy)
	at com.kms.katalon.core.webui.keyword.internal.WebUIKeywordMain.runKeyword(WebUIKeywordMain.groovy:20)
	at com.kms.katalon.core.webui.keyword.builtin.ClickKeyword.click(ClickKeyword.groovy:74)
	at com.kms.katalon.core.webui.keyword.builtin.ClickKeyword.execute(ClickKeyword.groovy:40)
	at com.kms.katalon.core.keyword.internal.KeywordExecutor.executeKeywordForPlatform(KeywordExecutor.groovy:74)
	at com.kms.katalon.core.webui.keyword.WebUiBuiltInKeywords.click(WebUiBuiltInKeywords.groovy:620)
	at com.kms.katalon.core.webui.keyword.WebUiBuiltInKeywords$click$3.call(Unknown Source)
	at Script1686862963967.run(Script1686862963967.groovy:84)
	... 13 more
)
	at com.kms.katalon.core.keyword.internal.KeywordMain.stepFailed(KeywordMain.groovy:39)
	at com.kms.katalon.core.webui.keyword.internal.WebUIKeywordMain.stepFailed(WebUIKeywordMain.groovy:64)
	at com.kms.katalon.core.webui.keyword.internal.WebUIKeywordMain.runKeyword(WebUIKeywordMain.groovy:26)
	at com.kms.katalon.core.webui.keyword.builtin.ClickKeyword.click(ClickKeyword.groovy:74)
	at com.kms.katalon.core.webui.keyword.builtin.ClickKeyword.execute(ClickKeyword.groovy:40)
	at com.kms.katalon.core.keyword.internal.KeywordExecutor.executeKeywordForPlatform(KeywordExecutor.groovy:74)
	at com.kms.katalon.core.webui.keyword.WebUiBuiltInKeywords.click(WebUiBuiltInKeywords.groovy:620)
	at com.kms.katalon.core.webui.keyword.WebUiBuiltInKeywords$click$3.call(Unknown Source)
	at VerifySingleCFVerbiage.run(VerifySingleCFVerbiage:84)
	at com.kms.katalon.core.main.ScriptEngine.run(ScriptEngine.java:194)
	at com.kms.katalon.core.main.ScriptEngine.runScriptAsRawText(ScriptEngine.java:119)
	at com.kms.katalon.core.main.TestCaseExecutor.runScript(TestCaseExecutor.java:448)
	at com.kms.katalon.core.main.TestCaseExecutor.doExecute(TestCaseExecutor.java:439)
	at com.kms.katalon.core.main.TestCaseExecutor.processExecutionPhase(TestCaseExecutor.java:418)
	at com.kms.katalon.core.main.TestCaseExecutor.accessMainPhase(TestCaseExecutor.java:410)
	at com.kms.katalon.core.main.TestCaseExecutor.execute(TestCaseExecutor.java:285)
	at com.kms.katalon.core.common.CommonExecutor.accessTestCaseMainPhase(CommonExecutor.java:65)
	at com.kms.katalon.core.main.TestSuiteExecutor.accessTestSuiteMainPhase(TestSuiteExecutor.java:148)
	at com.kms.katalon.core.main.TestSuiteExecutor.execute(TestSuiteExecutor.java:106)
	at com.kms.katalon.core.main.TestCaseMain.startTestSuite(TestCaseMain.java:187)
	at com.kms.katalon.core.main.TestCaseMain$startTestSuite$0.call(Unknown Source)
	at TempTestSuite1724897904035.run(TempTestSuite1724897904035.groovy:35)
Caused by: com.kms.katalon.core.exception.StepFailedException: Unable to click on object 'Object Repository/IWP30/Page_Confirmation/ConfirmButton'
	... 21 more
Caused by: com.kms.katalon.core.webui.exception.WebElementNotFoundException: Web element with id: 'Object Repository/IWP30/Page_Confirmation/ConfirmButton' located by '//*[@type = 'submit' and @name = 'confirmNotifyAction' and @id = 'submitYes' and @value = 'Confirm']' not found
	at com.kms.katalon.core.webui.common.WebUiCommonHelper.findWebElement(WebUiCommonHelper.java:1381)
	at com.kms.katalon.core.webui.keyword.internal.WebUIAbstractKeyword.findWebElement(WebUIAbstractKeyword.groovy:27)
	at com.kms.katalon.core.webui.keyword.builtin.ClickKeyword$_click_closure1.doCall(ClickKeyword.groovy:65)
	at com.kms.katalon.core.webui.keyword.builtin.ClickKeyword$_click_closure1.call(ClickKeyword.groovy)
	at com.kms.katalon.core.webui.keyword.internal.WebUIKeywordMain.runKeyword(WebUIKeywordMain.groovy:20)
	... 19 more


2024-08-28 22:41:21 - [TEST_STEP][PASSED] - resText = "Fail": null

2024-08-28 22:41:21 - [TEST_STEP][PASSED] - resColumn = "Result": null

2024-08-28 22:41:21 - [TEST_STEP][PASSED] - datCloumn = "Date": null

2024-08-28 22:41:21 - [TEST_STEP][PASSED] - fileLoc = "KatalonData/IWPTestData/VRelay30PayNowCC.xlsx": null

2024-08-28 22:41:21 - [TEST_STEP][PASSED] - numOfRows = <not implemented yet for class: org.codehaus.groovy.ast.expr.EmptyExpression>: null

2024-08-28 22:41:21 - [TEST_STEP][PASSED] - dataFile = <not implemented yet for class: org.codehaus.groovy.ast.expr.EmptyExpression>: null

2024-08-28 22:41:21 - [TEST_STEP][PASSED] - nameSheet = <not implemented yet for class: org.codehaus.groovy.ast.expr.EmptyExpression>: null

2024-08-28 22:41:21 - [TEST_STEP][PASSED] - dataFileEmulator = <not implemented yet for class: org.codehaus.groovy.ast.expr.EmptyExpression>: null

2024-08-28 22:41:21 - [TEST_STEP][PASSED] - nameSheet = "SCFVerbiage": null

2024-08-28 22:41:21 - [TEST_STEP][PASSED] - dataFile = "IWPTestData/SCFVerbiage": null

2024-08-28 22:41:21 - [TEST_STEP][PASSED] - dataFileEmulator = "IWPTestData/EmulatorData": null

2024-08-28 22:41:21 - [TEST_STEP][PASSED] - numOfRows = findTestData(dataFile).getRowNumbers(): null

2024-08-28 22:41:21 - [TEST_STEP][PASSED] - println("Number of Records: " + numOfRows): null

2024-08-28 22:41:21 - [TEST_STEP][FAILED] - for ([row = 1, row <= numOfRows, (row++)]): null

2024-08-28 22:41:21 - [TEST_STEP][PASSED] - ExecuteTC = findTestData(dataFile).getValue("Execute", row): null

2024-08-28 22:41:21 - [TEST_STEP][PASSED] - out.println("Value of Execute is : " + ExecuteTC): null

2024-08-28 22:41:21 - [TEST_STEP][FAILED] - if (ExecuteTC.equalsIgnoreCase("Y")): null

2024-08-28 22:41:21 - [TEST_STEP][PASSED] - out.println("Begin Record Number: " + row): null

2024-08-28 22:41:21 - [TEST_STEP][PASSED] - today = new java.util.Date(): null

2024-08-28 22:41:21 - [TEST_STEP][PASSED] - println(today): null

2024-08-28 22:41:21 - [TEST_STEP][PASSED] - datText = today: null

2024-08-28 22:41:21 - [TEST_STEP][PASSED] - EmulatorDataKey = findTestData(dataFile).getValue("EmulatorData", row): null

2024-08-28 22:41:21 - [TEST_STEP][PASSED] - out.println("Value of Emulator Key is : " + EmulatorDataKey): null

2024-08-28 22:41:21 - [TEST_STEP][PASSED] - iwpPages.emulatorIWP30.setDataEmulator_DD(EmulatorDataKey): iwpPages.emulatorIWP30.setDataEmulator_DD is PASSED

2024-08-28 22:41:22 - [MESSAGE][WARNING] - A browser is already opened. Closing browser and opening a new one

2024-08-28 22:41:24 - [MESSAGE][INFO] - Starting 'Chrome' driver

2024-08-28 22:41:24 - [MESSAGE][INFO] - User set preference: ['acceptInsecureCerts', 'true']

2024-08-28 22:41:24 - [MESSAGE][INFO] - Action delay is set to 0 milliseconds

2024-08-28 22:41:26 - [MESSAGE][PASSED] - Browser is opened with url: 'https://qa2.velocitypayment.com/agency/config.do?action=editor&message_version=3_0'

2024-08-28 22:41:26 - [MESSAGE][PASSED] - Current window maximized

2024-08-28 22:41:27 - [MESSAGE][PASSED] - All options with value '3.0' are selected in object 'Object Repository/IWP30/Page_VRelay30Emulator/MV'  using regular expression

2024-08-28 22:41:27 - [MESSAGE][PASSED] - Text '10.50' is set on object 'Object Repository/IWP30/Page_VRelay30Emulator/Amount'

2024-08-28 22:41:28 - [MESSAGE][PASSED] - Text '26412167' is set on object 'Object Repository/IWP30/Page_VRelay30Emulator/CAN'

2024-08-28 22:41:29 - [MESSAGE][PASSED] - Text 'PayNow' is set on object 'Object Repository/IWP30/Page_VRelay30Emulator/Action'

2024-08-28 22:41:29 - [MESSAGE][PASSED] - Text 'en_US' is set on object 'Object Repository/IWP30/Page_VRelay30Emulator/Lang'

2024-08-28 22:41:30 - [MESSAGE][PASSED] - Text 'Elizath' is set on object 'Object Repository/IWP30/Page_VRelay30Emulator/Fname'

2024-08-28 22:41:31 - [MESSAGE][PASSED] - Text 'Christine' is set on object 'Object Repository/IWP30/Page_VRelay30Emulator/Lname'

2024-08-28 22:41:31 - [MESSAGE][PASSED] - Text '258 Underwood rd' is set on object 'Object Repository/IWP30/Page_VRelay30Emulator/AL1'

2024-08-28 22:41:32 - [MESSAGE][PASSED] - Text 'Suite 600' is set on object 'Object Repository/IWP30/Page_VRelay30Emulator/AL2'

2024-08-28 22:41:33 - [MESSAGE][PASSED] - Text '840' is set on object 'Object Repository/IWP30/Page_VRelay30Emulator/Country'

2024-08-28 22:41:33 - [MESSAGE][PASSED] - Text 'Arlington' is set on object 'Object Repository/IWP30/Page_VRelay30Emulator/City'

2024-08-28 22:41:34 - [MESSAGE][PASSED] - Text 'VA' is set on object 'Object Repository/IWP30/Page_VRelay30Emulator/State'

2024-08-28 22:41:35 - [MESSAGE][PASSED] - Text '22201' is set on object 'Object Repository/IWP30/Page_VRelay30Emulator/ZIP'

2024-08-28 22:41:35 - [MESSAGE][PASSED] - Text '' is set on object 'Object Repository/IWP30/Page_VRelay30Emulator/Order'

2024-08-28 22:41:36 - [MESSAGE][PASSED] - Text '' is set on object 'Object Repository/IWP30/Page_VRelay30Emulator/Company'

2024-08-28 22:41:37 - [MESSAGE][PASSED] - Text 'iahmed@govolution.com' is set on object 'Object Repository/IWP30/Page_VRelay30Emulator/Email'

2024-08-28 22:41:37 - [MESSAGE][PASSED] - Text 'udf data 1' is set on object 'Object Repository/IWP30/Page_VRelay30Emulator/UDF1'

2024-08-28 22:41:38 - [MESSAGE][PASSED] - Text 'udf data 2' is set on object 'Object Repository/IWP30/Page_VRelay30Emulator/UDF2'

2024-08-28 22:41:39 - [MESSAGE][PASSED] - Text 'udf data 3' is set on object 'Object Repository/IWP30/Page_VRelay30Emulator/UDF3'

2024-08-28 22:41:39 - [MESSAGE][PASSED] - Text 'udf data 4' is set on object 'Object Repository/IWP30/Page_VRelay30Emulator/UDF4'

2024-08-28 22:41:40 - [MESSAGE][PASSED] - Text 'udf data 5' is set on object 'Object Repository/IWP30/Page_VRelay30Emulator/UDF5'

2024-08-28 22:41:41 - [MESSAGE][PASSED] - Text 'udf data 6' is set on object 'Object Repository/IWP30/Page_VRelay30Emulator/UDF6'

2024-08-28 22:41:41 - [MESSAGE][PASSED] - Text 'Orange' is set on object 'Object Repository/IWP30/Page_VRelay30Emulator/UDF7'

2024-08-28 22:41:42 - [MESSAGE][PASSED] - Text 'Soccer' is set on object 'Object Repository/IWP30/Page_VRelay30Emulator/UDF8'

2024-08-28 22:41:43 - [MESSAGE][PASSED] - Text 'udf data 9' is set on object 'Object Repository/IWP30/Page_VRelay30Emulator/UDF9'

2024-08-28 22:41:43 - [MESSAGE][PASSED] - Text 'udf data 10' is set on object 'Object Repository/IWP30/Page_VRelay30Emulator/UDF10'

2024-08-28 22:41:44 - [MESSAGE][PASSED] - Object: 'Object Repository/IWP30/Page_VRelay30Emulator/Submit' is clicked on

2024-08-28 22:41:49 - [MESSAGE][PASSED] - Browser is closed

2024-08-28 22:41:53 - [MESSAGE][PASSED] - iwpPages.emulatorIWP30.setDataEmulator_DD is PASSED

2024-08-28 22:41:53 - [TEST_STEP][PASSED] - testHarnessURL = urlTestHarness: null

2024-08-28 22:41:53 - [TEST_STEP][PASSED] - openBrowser(testHarnessURL): Browser is opened with url: 'https://dev-algorithm.govolution.com/vrelaytest/QA2/version_2_2/vrelaytest.html'

2024-08-28 22:41:53 - [MESSAGE][INFO] - Starting 'Chrome' driver

2024-08-28 22:41:53 - [MESSAGE][INFO] - User set preference: ['acceptInsecureCerts', 'true']

2024-08-28 22:41:53 - [MESSAGE][INFO] - Action delay is set to 0 milliseconds

2024-08-28 22:41:55 - [MESSAGE][PASSED] - Browser is opened with url: 'https://dev-algorithm.govolution.com/vrelaytest/QA2/version_2_2/vrelaytest.html'

2024-08-28 22:41:55 - [TEST_STEP][PASSED] - maximizeWindow(): Current window maximized

2024-08-28 22:41:55 - [MESSAGE][PASSED] - Current window maximized

2024-08-28 22:41:55 - [TEST_STEP][PASSED] - iwpPages.TestHarnessPage.setDataMethod(row, dataFile): iwpPages.TestHarnessPage.setDataMethod is PASSED

2024-08-28 22:41:56 - [MESSAGE][PASSED] - Object 'Object Repository/IWP30/Page_QATestHarness/RemittanceID' is present

2024-08-28 22:41:57 - [MESSAGE][PASSED] - Text '650' is set on object 'Object Repository/IWP30/Page_QATestHarness/ApplicationID'

2024-08-28 22:41:57 - [MESSAGE][PASSED] - Text '3.0' is set on object 'Object Repository/IWP30/Page_QATestHarness/MessageVersion'

2024-08-28 22:41:58 - [MESSAGE][PASSED] - Text '2JkEw7NpMQ2k' is set on object 'Object Repository/IWP30/Page_QATestHarness/RemittanceID'

2024-08-28 22:41:59 - [MESSAGE][PASSED] - Object: 'Object Repository/IWP30/Page_QATestHarness/SubmitButton' is clicked on

2024-08-28 22:41:59 - [MESSAGE][PASSED] - iwpPages.TestHarnessPage.setDataMethod is PASSED

2024-08-28 22:41:59 - [TEST_STEP][PASSED] - check(findTestObject("Object Repository/IWP30/Page_SelectPaymentMethod/PayByCreditCard")): Object 'Object Repository/IWP30/Page_SelectPaymentMethod/PayByCreditCard' is checked

2024-08-28 22:42:00 - [MESSAGE][PASSED] - Object 'Object Repository/IWP30/Page_SelectPaymentMethod/PayByCreditCard' is checked

2024-08-28 22:42:00 - [TEST_STEP][PASSED] - click(findTestObject("Object Repository/IWP30/Page_SelectPaymentMethod/MakePaymentButton")): Object: 'Object Repository/IWP30/Page_SelectPaymentMethod/MakePaymentButton' is clicked on

2024-08-28 22:42:01 - [MESSAGE][PASSED] - Object: 'Object Repository/IWP30/Page_SelectPaymentMethod/MakePaymentButton' is clicked on

2024-08-28 22:42:01 - [TEST_STEP][PASSED] - iwpPages.ccPaymentEntryPage.setDataIWPCreditCard(row, dataFile): iwpPages.ccPaymentEntryPage.setDataIWPCreditCard is PASSED

2024-08-28 22:42:03 - [MESSAGE][PASSED] - Object 'Object Repository/IWP30/Page_CCPaymentEntry/Name' is present

2024-08-28 22:42:03 - [MESSAGE][PASSED] - Text '5146312200000035' is set on object 'Object Repository/IWP30/Page_CCPaymentEntry/CardNumber'

2024-08-28 22:42:04 - [MESSAGE][PASSED] - Text '123' is set on object 'Object Repository/IWP30/Page_CCPaymentEntry/SPC'

2024-08-28 22:42:05 - [MESSAGE][PASSED] - All options with label '09' are selected in object 'Object Repository/IWP30/Page_CCPaymentEntry/Month' 

2024-08-28 22:42:05 - [MESSAGE][PASSED] - All options with label '2028' are selected in object 'Object Repository/IWP30/Page_CCPaymentEntry/Year' 

2024-08-28 22:42:06 - [MESSAGE][PASSED] - Object 'Object Repository/IWP30/Page_CCPaymentEntry/TermCondCheckBox' is present

2024-08-28 22:42:06 - [MESSAGE][PASSED] - Object 'Object Repository/IWP30/Page_CCPaymentEntry/TermCondCheckBox' is checked

2024-08-28 22:42:06 - [MESSAGE][PASSED] - Object 'Object Repository/IWP30/Page_CCPaymentEntry/ContinueButton' is present

2024-08-28 22:42:07 - [MESSAGE][PASSED] - Object: 'Object Repository/IWP30/Page_CCPaymentEntry/ContinueButton' is clicked on

2024-08-28 22:42:07 - [MESSAGE][PASSED] - iwpPages.ccPaymentEntryPage.setDataIWPCreditCard is PASSED

2024-08-28 22:42:07 - [TEST_STEP][FAILED] - click(findTestObject("Object Repository/IWP30/Page_Confirmation/ConfirmButton")): Unable to click on object 'Object Repository/IWP30/Page_Confirmation/ConfirmButton' (Root cause: com.kms.katalon.core.exception.StepFailedException: Unable to click on object 'Object Repository/IWP30/Page_Confirmation/ConfirmButton'
	at com.kms.katalon.core.webui.keyword.internal.WebUIKeywordMain.stepFailed(WebUIKeywordMain.groovy:64)
	at com.kms.katalon.core.webui.keyword.internal.WebUIKeywordMain.runKeyword(WebUIKeywordMain.groovy:26)
	at com.kms.katalon.core.webui.keyword.builtin.ClickKeyword.click(ClickKeyword.groovy:74)
	at com.kms.katalon.core.webui.keyword.builtin.ClickKeyword.execute(ClickKeyword.groovy:40)
	at com.kms.katalon.core.keyword.internal.KeywordExecutor.executeKeywordForPlatform(KeywordExecutor.groovy:74)
	at com.kms.katalon.core.webui.keyword.WebUiBuiltInKeywords.click(WebUiBuiltInKeywords.groovy:620)
	at com.kms.katalon.core.webui.keyword.WebUiBuiltInKeywords$click$3.call(Unknown Source)
	at VerifySingleCFVerbiage.run(VerifySingleCFVerbiage:84)
	at com.kms.katalon.core.main.ScriptEngine.run(ScriptEngine.java:194)
	at com.kms.katalon.core.main.ScriptEngine.runScriptAsRawText(ScriptEngine.java:119)
	at com.kms.katalon.core.main.TestCaseExecutor.runScript(TestCaseExecutor.java:448)
	at com.kms.katalon.core.main.TestCaseExecutor.doExecute(TestCaseExecutor.java:439)
	at com.kms.katalon.core.main.TestCaseExecutor.processExecutionPhase(TestCaseExecutor.java:418)
	at com.kms.katalon.core.main.TestCaseExecutor.accessMainPhase(TestCaseExecutor.java:410)
	at com.kms.katalon.core.main.TestCaseExecutor.execute(TestCaseExecutor.java:285)
	at com.kms.katalon.core.common.CommonExecutor.accessTestCaseMainPhase(CommonExecutor.java:65)
	at com.kms.katalon.core.main.TestSuiteExecutor.accessTestSuiteMainPhase(TestSuiteExecutor.java:148)
	at com.kms.katalon.core.main.TestSuiteExecutor.execute(TestSuiteExecutor.java:106)
	at com.kms.katalon.core.main.TestCaseMain.startTestSuite(TestCaseMain.java:187)
	at com.kms.katalon.core.main.TestCaseMain$startTestSuite$0.call(Unknown Source)
	at TempTestSuite1724897904035.run(TempTestSuite1724897904035.groovy:35)
Caused by: com.kms.katalon.core.webui.exception.WebElementNotFoundException: Web element with id: 'Object Repository/IWP30/Page_Confirmation/ConfirmButton' located by '//*[@type = 'submit' and @name = 'confirmNotifyAction' and @id = 'submitYes' and @value = 'Confirm']' not found
	at com.kms.katalon.core.webui.common.WebUiCommonHelper.findWebElement(WebUiCommonHelper.java:1381)
	at com.kms.katalon.core.webui.keyword.internal.WebUIAbstractKeyword.findWebElement(WebUIAbstractKeyword.groovy:27)
	at com.kms.katalon.core.webui.keyword.builtin.ClickKeyword$_click_closure1.doCall(ClickKeyword.groovy:65)
	at com.kms.katalon.core.webui.keyword.builtin.ClickKeyword$_click_closure1.call(ClickKeyword.groovy)
	at com.kms.katalon.core.webui.keyword.internal.WebUIKeywordMain.runKeyword(WebUIKeywordMain.groovy:20)
	at com.kms.katalon.core.webui.keyword.builtin.ClickKeyword.click(ClickKeyword.groovy:74)
	at com.kms.katalon.core.webui.keyword.builtin.ClickKeyword.execute(ClickKeyword.groovy:40)
	at com.kms.katalon.core.keyword.internal.KeywordExecutor.executeKeywordForPlatform(KeywordExecutor.groovy:74)
	at com.kms.katalon.core.webui.keyword.WebUiBuiltInKeywords.click(WebUiBuiltInKeywords.groovy:620)
	at com.kms.katalon.core.webui.keyword.WebUiBuiltInKeywords$click$3.call(Unknown Source)
	at Script1686862963967.run(Script1686862963967.groovy:84)
	... 13 more
)

2024-08-28 22:42:39 - [MESSAGE][INFO] - Unable to find the element located by 'By.xpath: //*[@type = 'submit' and @name = 'confirmNotifyAction' and @id = 'submitYes' and @value = 'Confirm']'. Please recheck the objects properties to make sure the desired element is located. 

2024-08-28 22:42:39 - [MESSAGE][WARNING] - [SELF-HEALING] Failed to find element with id 'Object Repository/IWP30/Page_Confirmation/ConfirmButton'. Try using Self-healing.

2024-08-28 22:42:39 - [MESSAGE][WARNING] - [SELF-HEALING] Cannot find elements when the XPath is null.

2024-08-28 22:42:39 - [MESSAGE][WARNING] - [SELF-HEALING] Cannot find elements when the selector is null

2024-08-28 22:42:39 - [MESSAGE][FAILED] - Unable to click on object 'Object Repository/IWP30/Page_Confirmation/ConfirmButton' (Root cause: com.kms.katalon.core.exception.StepFailedException: Unable to click on object 'Object Repository/IWP30/Page_Confirmation/ConfirmButton'
	at com.kms.katalon.core.webui.keyword.internal.WebUIKeywordMain.stepFailed(WebUIKeywordMain.groovy:64)
	at com.kms.katalon.core.webui.keyword.internal.WebUIKeywordMain.runKeyword(WebUIKeywordMain.groovy:26)
	at com.kms.katalon.core.webui.keyword.builtin.ClickKeyword.click(ClickKeyword.groovy:74)
	at com.kms.katalon.core.webui.keyword.builtin.ClickKeyword.execute(ClickKeyword.groovy:40)
	at com.kms.katalon.core.keyword.internal.KeywordExecutor.executeKeywordForPlatform(KeywordExecutor.groovy:74)
	at com.kms.katalon.core.webui.keyword.WebUiBuiltInKeywords.click(WebUiBuiltInKeywords.groovy:620)
	at com.kms.katalon.core.webui.keyword.WebUiBuiltInKeywords$click$3.call(Unknown Source)
	at VerifySingleCFVerbiage.run(VerifySingleCFVerbiage:84)
	at com.kms.katalon.core.main.ScriptEngine.run(ScriptEngine.java:194)
	at com.kms.katalon.core.main.ScriptEngine.runScriptAsRawText(ScriptEngine.java:119)
	at com.kms.katalon.core.main.TestCaseExecutor.runScript(TestCaseExecutor.java:448)
	at com.kms.katalon.core.main.TestCaseExecutor.doExecute(TestCaseExecutor.java:439)
	at com.kms.katalon.core.main.TestCaseExecutor.processExecutionPhase(TestCaseExecutor.java:418)
	at com.kms.katalon.core.main.TestCaseExecutor.accessMainPhase(TestCaseExecutor.java:410)
	at com.kms.katalon.core.main.TestCaseExecutor.execute(TestCaseExecutor.java:285)
	at com.kms.katalon.core.common.CommonExecutor.accessTestCaseMainPhase(CommonExecutor.java:65)
	at com.kms.katalon.core.main.TestSuiteExecutor.accessTestSuiteMainPhase(TestSuiteExecutor.java:148)
	at com.kms.katalon.core.main.TestSuiteExecutor.execute(TestSuiteExecutor.java:106)
	at com.kms.katalon.core.main.TestCaseMain.startTestSuite(TestCaseMain.java:187)
	at com.kms.katalon.core.main.TestCaseMain$startTestSuite$0.call(Unknown Source)
	at TempTestSuite1724897904035.run(TempTestSuite1724897904035.groovy:35)
Caused by: com.kms.katalon.core.webui.exception.WebElementNotFoundException: Web element with id: 'Object Repository/IWP30/Page_Confirmation/ConfirmButton' located by '//*[@type = 'submit' and @name = 'confirmNotifyAction' and @id = 'submitYes' and @value = 'Confirm']' not found
	at com.kms.katalon.core.webui.common.WebUiCommonHelper.findWebElement(WebUiCommonHelper.java:1381)
	at com.kms.katalon.core.webui.keyword.internal.WebUIAbstractKeyword.findWebElement(WebUIAbstractKeyword.groovy:27)
	at com.kms.katalon.core.webui.keyword.builtin.ClickKeyword$_click_closure1.doCall(ClickKeyword.groovy:65)
	at com.kms.katalon.core.webui.keyword.builtin.ClickKeyword$_click_closure1.call(ClickKeyword.groovy)
	at com.kms.katalon.core.webui.keyword.internal.WebUIKeywordMain.runKeyword(WebUIKeywordMain.groovy:20)
	at com.kms.katalon.core.webui.keyword.builtin.ClickKeyword.click(ClickKeyword.groovy:74)
	at com.kms.katalon.core.webui.keyword.builtin.ClickKeyword.execute(ClickKeyword.groovy:40)
	at com.kms.katalon.core.keyword.internal.KeywordExecutor.executeKeywordForPlatform(KeywordExecutor.groovy:74)
	at com.kms.katalon.core.webui.keyword.WebUiBuiltInKeywords.click(WebUiBuiltInKeywords.groovy:620)
	at com.kms.katalon.core.webui.keyword.WebUiBuiltInKeywords$click$3.call(Unknown Source)
	at Script1686862963967.run(Script1686862963967.groovy:84)
	... 13 more
)
[[ATTACHMENT|E:\\Cloned-Project-Katalon\\VPS-Katalon\\Reports\\20240828_221824\\QA\\IWP3.0\\IWP30 Smoke TestSuite\\20240828_221824\\1724899359208.png]]

2024-08-28 22:42:39 - [TEST_STEP][PASSED] - Thread.sleep(5000): null

2024-08-28 22:42:44 - [TEST_STEP][FAILED] - verifyTextPresent("This transaction is subject to a Convenience Fees of $2.00", false): Text 'This transaction is subject to a Convenience Fees of $2.00' is not present on page  (Root cause: com.kms.katalon.core.exception.StepFailedException: Text 'This transaction is subject to a Convenience Fees of $2.00' is not present on page 
	at com.kms.katalon.core.webui.keyword.internal.WebUIKeywordMain.stepFailed(WebUIKeywordMain.groovy:64)
	at com.kms.katalon.core.webui.keyword.builtin.VerifyTextPresentKeyword$_verifyTextPresent_closure1.doCall(VerifyTextPresentKeyword.groovy:79)
	at com.kms.katalon.core.webui.keyword.builtin.VerifyTextPresentKeyword$_verifyTextPresent_closure1.call(VerifyTextPresentKeyword.groovy)
	at com.kms.katalon.core.webui.keyword.internal.WebUIKeywordMain.runKeyword(WebUIKeywordMain.groovy:20)
	at com.kms.katalon.core.webui.keyword.builtin.VerifyTextPresentKeyword.verifyTextPresent(VerifyTextPresentKeyword.groovy:83)
	at com.kms.katalon.core.webui.keyword.builtin.VerifyTextPresentKeyword.execute(VerifyTextPresentKeyword.groovy:68)
	at com.kms.katalon.core.keyword.internal.KeywordExecutor.executeKeywordForPlatform(KeywordExecutor.groovy:74)
	at com.kms.katalon.core.webui.keyword.WebUiBuiltInKeywords.verifyTextPresent(WebUiBuiltInKeywords.groovy:1723)
	at com.kms.katalon.core.webui.keyword.WebUiBuiltInKeywords$verifyTextPresent$8.call(Unknown Source)
	at VerifySingleCFVerbiage.run(VerifySingleCFVerbiage:95)
	at com.kms.katalon.core.main.ScriptEngine.run(ScriptEngine.java:194)
	at com.kms.katalon.core.main.ScriptEngine.runScriptAsRawText(ScriptEngine.java:119)
	at com.kms.katalon.core.main.TestCaseExecutor.runScript(TestCaseExecutor.java:448)
	at com.kms.katalon.core.main.TestCaseExecutor.doExecute(TestCaseExecutor.java:439)
	at com.kms.katalon.core.main.TestCaseExecutor.processExecutionPhase(TestCaseExecutor.java:418)
	at com.kms.katalon.core.main.TestCaseExecutor.accessMainPhase(TestCaseExecutor.java:410)
	at com.kms.katalon.core.main.TestCaseExecutor.execute(TestCaseExecutor.java:285)
	at com.kms.katalon.core.common.CommonExecutor.accessTestCaseMainPhase(CommonExecutor.java:65)
	at com.kms.katalon.core.main.TestSuiteExecutor.accessTestSuiteMainPhase(TestSuiteExecutor.java:148)
	at com.kms.katalon.core.main.TestSuiteExecutor.execute(TestSuiteExecutor.java:106)
	at com.kms.katalon.core.main.TestCaseMain.startTestSuite(TestCaseMain.java:187)
	at com.kms.katalon.core.main.TestCaseMain$startTestSuite$0.call(Unknown Source)
	at TempTestSuite1724897904035.run(TempTestSuite1724897904035.groovy:35)
)

2024-08-28 22:42:44 - [MESSAGE][FAILED] - Text 'This transaction is subject to a Convenience Fees of $2.00' is not present on page  (Root cause: com.kms.katalon.core.exception.StepFailedException: Text 'This transaction is subject to a Convenience Fees of $2.00' is not present on page 
	at com.kms.katalon.core.webui.keyword.internal.WebUIKeywordMain.stepFailed(WebUIKeywordMain.groovy:64)
	at com.kms.katalon.core.webui.keyword.builtin.VerifyTextPresentKeyword$_verifyTextPresent_closure1.doCall(VerifyTextPresentKeyword.groovy:79)
	at com.kms.katalon.core.webui.keyword.builtin.VerifyTextPresentKeyword$_verifyTextPresent_closure1.call(VerifyTextPresentKeyword.groovy)
	at com.kms.katalon.core.webui.keyword.internal.WebUIKeywordMain.runKeyword(WebUIKeywordMain.groovy:20)
	at com.kms.katalon.core.webui.keyword.builtin.VerifyTextPresentKeyword.verifyTextPresent(VerifyTextPresentKeyword.groovy:83)
	at com.kms.katalon.core.webui.keyword.builtin.VerifyTextPresentKeyword.execute(VerifyTextPresentKeyword.groovy:68)
	at com.kms.katalon.core.keyword.internal.KeywordExecutor.executeKeywordForPlatform(KeywordExecutor.groovy:74)
	at com.kms.katalon.core.webui.keyword.WebUiBuiltInKeywords.verifyTextPresent(WebUiBuiltInKeywords.groovy:1723)
	at com.kms.katalon.core.webui.keyword.WebUiBuiltInKeywords$verifyTextPresent$8.call(Unknown Source)
	at VerifySingleCFVerbiage.run(VerifySingleCFVerbiage:95)
	at com.kms.katalon.core.main.ScriptEngine.run(ScriptEngine.java:194)
	at com.kms.katalon.core.main.ScriptEngine.runScriptAsRawText(ScriptEngine.java:119)
	at com.kms.katalon.core.main.TestCaseExecutor.runScript(TestCaseExecutor.java:448)
	at com.kms.katalon.core.main.TestCaseExecutor.doExecute(TestCaseExecutor.java:439)
	at com.kms.katalon.core.main.TestCaseExecutor.processExecutionPhase(TestCaseExecutor.java:418)
	at com.kms.katalon.core.main.TestCaseExecutor.accessMainPhase(TestCaseExecutor.java:410)
	at com.kms.katalon.core.main.TestCaseExecutor.execute(TestCaseExecutor.java:285)
	at com.kms.katalon.core.common.CommonExecutor.accessTestCaseMainPhase(CommonExecutor.java:65)
	at com.kms.katalon.core.main.TestSuiteExecutor.accessTestSuiteMainPhase(TestSuiteExecutor.java:148)
	at com.kms.katalon.core.main.TestSuiteExecutor.execute(TestSuiteExecutor.java:106)
	at com.kms.katalon.core.main.TestCaseMain.startTestSuite(TestCaseMain.java:187)
	at com.kms.katalon.core.main.TestCaseMain$startTestSuite$0.call(Unknown Source)
	at TempTestSuite1724897904035.run(TempTestSuite1724897904035.groovy:35)
)

2024-08-28 22:42:44 - [TEST_STEP][FAILED] - verifyTextPresent("Payment Amount", false): Text 'Payment Amount' is not present on page  (Root cause: com.kms.katalon.core.exception.StepFailedException: Text 'Payment Amount' is not present on page 
	at com.kms.katalon.core.webui.keyword.internal.WebUIKeywordMain.stepFailed(WebUIKeywordMain.groovy:64)
	at com.kms.katalon.core.webui.keyword.builtin.VerifyTextPresentKeyword$_verifyTextPresent_closure1.doCall(VerifyTextPresentKeyword.groovy:79)
	at com.kms.katalon.core.webui.keyword.builtin.VerifyTextPresentKeyword$_verifyTextPresent_closure1.call(VerifyTextPresentKeyword.groovy)
	at com.kms.katalon.core.webui.keyword.internal.WebUIKeywordMain.runKeyword(WebUIKeywordMain.groovy:20)
	at com.kms.katalon.core.webui.keyword.builtin.VerifyTextPresentKeyword.verifyTextPresent(VerifyTextPresentKeyword.groovy:83)
	at com.kms.katalon.core.webui.keyword.builtin.VerifyTextPresentKeyword.execute(VerifyTextPresentKeyword.groovy:68)
	at com.kms.katalon.core.keyword.internal.KeywordExecutor.executeKeywordForPlatform(KeywordExecutor.groovy:74)
	at com.kms.katalon.core.webui.keyword.WebUiBuiltInKeywords.verifyTextPresent(WebUiBuiltInKeywords.groovy:1723)
	at com.kms.katalon.core.webui.keyword.WebUiBuiltInKeywords$verifyTextPresent$8.call(Unknown Source)
	at VerifySingleCFVerbiage.run(VerifySingleCFVerbiage:96)
	at com.kms.katalon.core.main.ScriptEngine.run(ScriptEngine.java:194)
	at com.kms.katalon.core.main.ScriptEngine.runScriptAsRawText(ScriptEngine.java:119)
	at com.kms.katalon.core.main.TestCaseExecutor.runScript(TestCaseExecutor.java:448)
	at com.kms.katalon.core.main.TestCaseExecutor.doExecute(TestCaseExecutor.java:439)
	at com.kms.katalon.core.main.TestCaseExecutor.processExecutionPhase(TestCaseExecutor.java:418)
	at com.kms.katalon.core.main.TestCaseExecutor.accessMainPhase(TestCaseExecutor.java:410)
	at com.kms.katalon.core.main.TestCaseExecutor.execute(TestCaseExecutor.java:285)
	at com.kms.katalon.core.common.CommonExecutor.accessTestCaseMainPhase(CommonExecutor.java:65)
	at com.kms.katalon.core.main.TestSuiteExecutor.accessTestSuiteMainPhase(TestSuiteExecutor.java:148)
	at com.kms.katalon.core.main.TestSuiteExecutor.execute(TestSuiteExecutor.java:106)
	at com.kms.katalon.core.main.TestCaseMain.startTestSuite(TestCaseMain.java:187)
	at com.kms.katalon.core.main.TestCaseMain$startTestSuite$0.call(Unknown Source)
	at TempTestSuite1724897904035.run(TempTestSuite1724897904035.groovy:35)
)

2024-08-28 22:42:45 - [MESSAGE][FAILED] - Text 'Payment Amount' is not present on page  (Root cause: com.kms.katalon.core.exception.StepFailedException: Text 'Payment Amount' is not present on page 
	at com.kms.katalon.core.webui.keyword.internal.WebUIKeywordMain.stepFailed(WebUIKeywordMain.groovy:64)
	at com.kms.katalon.core.webui.keyword.builtin.VerifyTextPresentKeyword$_verifyTextPresent_closure1.doCall(VerifyTextPresentKeyword.groovy:79)
	at com.kms.katalon.core.webui.keyword.builtin.VerifyTextPresentKeyword$_verifyTextPresent_closure1.call(VerifyTextPresentKeyword.groovy)
	at com.kms.katalon.core.webui.keyword.internal.WebUIKeywordMain.runKeyword(WebUIKeywordMain.groovy:20)
	at com.kms.katalon.core.webui.keyword.builtin.VerifyTextPresentKeyword.verifyTextPresent(VerifyTextPresentKeyword.groovy:83)
	at com.kms.katalon.core.webui.keyword.builtin.VerifyTextPresentKeyword.execute(VerifyTextPresentKeyword.groovy:68)
	at com.kms.katalon.core.keyword.internal.KeywordExecutor.executeKeywordForPlatform(KeywordExecutor.groovy:74)
	at com.kms.katalon.core.webui.keyword.WebUiBuiltInKeywords.verifyTextPresent(WebUiBuiltInKeywords.groovy:1723)
	at com.kms.katalon.core.webui.keyword.WebUiBuiltInKeywords$verifyTextPresent$8.call(Unknown Source)
	at VerifySingleCFVerbiage.run(VerifySingleCFVerbiage:96)
	at com.kms.katalon.core.main.ScriptEngine.run(ScriptEngine.java:194)
	at com.kms.katalon.core.main.ScriptEngine.runScriptAsRawText(ScriptEngine.java:119)
	at com.kms.katalon.core.main.TestCaseExecutor.runScript(TestCaseExecutor.java:448)
	at com.kms.katalon.core.main.TestCaseExecutor.doExecute(TestCaseExecutor.java:439)
	at com.kms.katalon.core.main.TestCaseExecutor.processExecutionPhase(TestCaseExecutor.java:418)
	at com.kms.katalon.core.main.TestCaseExecutor.accessMainPhase(TestCaseExecutor.java:410)
	at com.kms.katalon.core.main.TestCaseExecutor.execute(TestCaseExecutor.java:285)
	at com.kms.katalon.core.common.CommonExecutor.accessTestCaseMainPhase(CommonExecutor.java:65)
	at com.kms.katalon.core.main.TestSuiteExecutor.accessTestSuiteMainPhase(TestSuiteExecutor.java:148)
	at com.kms.katalon.core.main.TestSuiteExecutor.execute(TestSuiteExecutor.java:106)
	at com.kms.katalon.core.main.TestCaseMain.startTestSuite(TestCaseMain.java:187)
	at com.kms.katalon.core.main.TestCaseMain$startTestSuite$0.call(Unknown Source)
	at TempTestSuite1724897904035.run(TempTestSuite1724897904035.groovy:35)
)

2024-08-28 22:42:45 - [TEST_STEP][FAILED] - verifyTextPresent("Convenience Fees", false): Text 'Convenience Fees' is not present on page  (Root cause: com.kms.katalon.core.exception.StepFailedException: Text 'Convenience Fees' is not present on page 
	at com.kms.katalon.core.webui.keyword.internal.WebUIKeywordMain.stepFailed(WebUIKeywordMain.groovy:64)
	at com.kms.katalon.core.webui.keyword.builtin.VerifyTextPresentKeyword$_verifyTextPresent_closure1.doCall(VerifyTextPresentKeyword.groovy:79)
	at com.kms.katalon.core.webui.keyword.builtin.VerifyTextPresentKeyword$_verifyTextPresent_closure1.call(VerifyTextPresentKeyword.groovy)
	at com.kms.katalon.core.webui.keyword.internal.WebUIKeywordMain.runKeyword(WebUIKeywordMain.groovy:20)
	at com.kms.katalon.core.webui.keyword.builtin.VerifyTextPresentKeyword.verifyTextPresent(VerifyTextPresentKeyword.groovy:83)
	at com.kms.katalon.core.webui.keyword.builtin.VerifyTextPresentKeyword.execute(VerifyTextPresentKeyword.groovy:68)
	at com.kms.katalon.core.keyword.internal.KeywordExecutor.executeKeywordForPlatform(KeywordExecutor.groovy:74)
	at com.kms.katalon.core.webui.keyword.WebUiBuiltInKeywords.verifyTextPresent(WebUiBuiltInKeywords.groovy:1723)
	at com.kms.katalon.core.webui.keyword.WebUiBuiltInKeywords$verifyTextPresent$8.call(Unknown Source)
	at VerifySingleCFVerbiage.run(VerifySingleCFVerbiage:97)
	at com.kms.katalon.core.main.ScriptEngine.run(ScriptEngine.java:194)
	at com.kms.katalon.core.main.ScriptEngine.runScriptAsRawText(ScriptEngine.java:119)
	at com.kms.katalon.core.main.TestCaseExecutor.runScript(TestCaseExecutor.java:448)
	at com.kms.katalon.core.main.TestCaseExecutor.doExecute(TestCaseExecutor.java:439)
	at com.kms.katalon.core.main.TestCaseExecutor.processExecutionPhase(TestCaseExecutor.java:418)
	at com.kms.katalon.core.main.TestCaseExecutor.accessMainPhase(TestCaseExecutor.java:410)
	at com.kms.katalon.core.main.TestCaseExecutor.execute(TestCaseExecutor.java:285)
	at com.kms.katalon.core.common.CommonExecutor.accessTestCaseMainPhase(CommonExecutor.java:65)
	at com.kms.katalon.core.main.TestSuiteExecutor.accessTestSuiteMainPhase(TestSuiteExecutor.java:148)
	at com.kms.katalon.core.main.TestSuiteExecutor.execute(TestSuiteExecutor.java:106)
	at com.kms.katalon.core.main.TestCaseMain.startTestSuite(TestCaseMain.java:187)
	at com.kms.katalon.core.main.TestCaseMain$startTestSuite$0.call(Unknown Source)
	at TempTestSuite1724897904035.run(TempTestSuite1724897904035.groovy:35)
)

2024-08-28 22:42:45 - [MESSAGE][FAILED] - Text 'Convenience Fees' is not present on page  (Root cause: com.kms.katalon.core.exception.StepFailedException: Text 'Convenience Fees' is not present on page 
	at com.kms.katalon.core.webui.keyword.internal.WebUIKeywordMain.stepFailed(WebUIKeywordMain.groovy:64)
	at com.kms.katalon.core.webui.keyword.builtin.VerifyTextPresentKeyword$_verifyTextPresent_closure1.doCall(VerifyTextPresentKeyword.groovy:79)
	at com.kms.katalon.core.webui.keyword.builtin.VerifyTextPresentKeyword$_verifyTextPresent_closure1.call(VerifyTextPresentKeyword.groovy)
	at com.kms.katalon.core.webui.keyword.internal.WebUIKeywordMain.runKeyword(WebUIKeywordMain.groovy:20)
	at com.kms.katalon.core.webui.keyword.builtin.VerifyTextPresentKeyword.verifyTextPresent(VerifyTextPresentKeyword.groovy:83)
	at com.kms.katalon.core.webui.keyword.builtin.VerifyTextPresentKeyword.execute(VerifyTextPresentKeyword.groovy:68)
	at com.kms.katalon.core.keyword.internal.KeywordExecutor.executeKeywordForPlatform(KeywordExecutor.groovy:74)
	at com.kms.katalon.core.webui.keyword.WebUiBuiltInKeywords.verifyTextPresent(WebUiBuiltInKeywords.groovy:1723)
	at com.kms.katalon.core.webui.keyword.WebUiBuiltInKeywords$verifyTextPresent$8.call(Unknown Source)
	at VerifySingleCFVerbiage.run(VerifySingleCFVerbiage:97)
	at com.kms.katalon.core.main.ScriptEngine.run(ScriptEngine.java:194)
	at com.kms.katalon.core.main.ScriptEngine.runScriptAsRawText(ScriptEngine.java:119)
	at com.kms.katalon.core.main.TestCaseExecutor.runScript(TestCaseExecutor.java:448)
	at com.kms.katalon.core.main.TestCaseExecutor.doExecute(TestCaseExecutor.java:439)
	at com.kms.katalon.core.main.TestCaseExecutor.processExecutionPhase(TestCaseExecutor.java:418)
	at com.kms.katalon.core.main.TestCaseExecutor.accessMainPhase(TestCaseExecutor.java:410)
	at com.kms.katalon.core.main.TestCaseExecutor.execute(TestCaseExecutor.java:285)
	at com.kms.katalon.core.common.CommonExecutor.accessTestCaseMainPhase(CommonExecutor.java:65)
	at com.kms.katalon.core.main.TestSuiteExecutor.accessTestSuiteMainPhase(TestSuiteExecutor.java:148)
	at com.kms.katalon.core.main.TestSuiteExecutor.execute(TestSuiteExecutor.java:106)
	at com.kms.katalon.core.main.TestCaseMain.startTestSuite(TestCaseMain.java:187)
	at com.kms.katalon.core.main.TestCaseMain$startTestSuite$0.call(Unknown Source)
	at TempTestSuite1724897904035.run(TempTestSuite1724897904035.groovy:35)
)

2024-08-28 22:42:45 - [TEST_STEP][FAILED] - verifyTextPresent("$10.50", false): Text '$10.50' is not present on page  (Root cause: com.kms.katalon.core.exception.StepFailedException: Text '$10.50' is not present on page 
	at com.kms.katalon.core.webui.keyword.internal.WebUIKeywordMain.stepFailed(WebUIKeywordMain.groovy:64)
	at com.kms.katalon.core.webui.keyword.builtin.VerifyTextPresentKeyword$_verifyTextPresent_closure1.doCall(VerifyTextPresentKeyword.groovy:79)
	at com.kms.katalon.core.webui.keyword.builtin.VerifyTextPresentKeyword$_verifyTextPresent_closure1.call(VerifyTextPresentKeyword.groovy)
	at com.kms.katalon.core.webui.keyword.internal.WebUIKeywordMain.runKeyword(WebUIKeywordMain.groovy:20)
	at com.kms.katalon.core.webui.keyword.builtin.VerifyTextPresentKeyword.verifyTextPresent(VerifyTextPresentKeyword.groovy:83)
	at com.kms.katalon.core.webui.keyword.builtin.VerifyTextPresentKeyword.execute(VerifyTextPresentKeyword.groovy:68)
	at com.kms.katalon.core.keyword.internal.KeywordExecutor.executeKeywordForPlatform(KeywordExecutor.groovy:74)
	at com.kms.katalon.core.webui.keyword.WebUiBuiltInKeywords.verifyTextPresent(WebUiBuiltInKeywords.groovy:1723)
	at com.kms.katalon.core.webui.keyword.WebUiBuiltInKeywords$verifyTextPresent$8.call(Unknown Source)
	at VerifySingleCFVerbiage.run(VerifySingleCFVerbiage:98)
	at com.kms.katalon.core.main.ScriptEngine.run(ScriptEngine.java:194)
	at com.kms.katalon.core.main.ScriptEngine.runScriptAsRawText(ScriptEngine.java:119)
	at com.kms.katalon.core.main.TestCaseExecutor.runScript(TestCaseExecutor.java:448)
	at com.kms.katalon.core.main.TestCaseExecutor.doExecute(TestCaseExecutor.java:439)
	at com.kms.katalon.core.main.TestCaseExecutor.processExecutionPhase(TestCaseExecutor.java:418)
	at com.kms.katalon.core.main.TestCaseExecutor.accessMainPhase(TestCaseExecutor.java:410)
	at com.kms.katalon.core.main.TestCaseExecutor.execute(TestCaseExecutor.java:285)
	at com.kms.katalon.core.common.CommonExecutor.accessTestCaseMainPhase(CommonExecutor.java:65)
	at com.kms.katalon.core.main.TestSuiteExecutor.accessTestSuiteMainPhase(TestSuiteExecutor.java:148)
	at com.kms.katalon.core.main.TestSuiteExecutor.execute(TestSuiteExecutor.java:106)
	at com.kms.katalon.core.main.TestCaseMain.startTestSuite(TestCaseMain.java:187)
	at com.kms.katalon.core.main.TestCaseMain$startTestSuite$0.call(Unknown Source)
	at TempTestSuite1724897904035.run(TempTestSuite1724897904035.groovy:35)
)

2024-08-28 22:42:45 - [MESSAGE][FAILED] - Text '$10.50' is not present on page  (Root cause: com.kms.katalon.core.exception.StepFailedException: Text '$10.50' is not present on page 
	at com.kms.katalon.core.webui.keyword.internal.WebUIKeywordMain.stepFailed(WebUIKeywordMain.groovy:64)
	at com.kms.katalon.core.webui.keyword.builtin.VerifyTextPresentKeyword$_verifyTextPresent_closure1.doCall(VerifyTextPresentKeyword.groovy:79)
	at com.kms.katalon.core.webui.keyword.builtin.VerifyTextPresentKeyword$_verifyTextPresent_closure1.call(VerifyTextPresentKeyword.groovy)
	at com.kms.katalon.core.webui.keyword.internal.WebUIKeywordMain.runKeyword(WebUIKeywordMain.groovy:20)
	at com.kms.katalon.core.webui.keyword.builtin.VerifyTextPresentKeyword.verifyTextPresent(VerifyTextPresentKeyword.groovy:83)
	at com.kms.katalon.core.webui.keyword.builtin.VerifyTextPresentKeyword.execute(VerifyTextPresentKeyword.groovy:68)
	at com.kms.katalon.core.keyword.internal.KeywordExecutor.executeKeywordForPlatform(KeywordExecutor.groovy:74)
	at com.kms.katalon.core.webui.keyword.WebUiBuiltInKeywords.verifyTextPresent(WebUiBuiltInKeywords.groovy:1723)
	at com.kms.katalon.core.webui.keyword.WebUiBuiltInKeywords$verifyTextPresent$8.call(Unknown Source)
	at VerifySingleCFVerbiage.run(VerifySingleCFVerbiage:98)
	at com.kms.katalon.core.main.ScriptEngine.run(ScriptEngine.java:194)
	at com.kms.katalon.core.main.ScriptEngine.runScriptAsRawText(ScriptEngine.java:119)
	at com.kms.katalon.core.main.TestCaseExecutor.runScript(TestCaseExecutor.java:448)
	at com.kms.katalon.core.main.TestCaseExecutor.doExecute(TestCaseExecutor.java:439)
	at com.kms.katalon.core.main.TestCaseExecutor.processExecutionPhase(TestCaseExecutor.java:418)
	at com.kms.katalon.core.main.TestCaseExecutor.accessMainPhase(TestCaseExecutor.java:410)
	at com.kms.katalon.core.main.TestCaseExecutor.execute(TestCaseExecutor.java:285)
	at com.kms.katalon.core.common.CommonExecutor.accessTestCaseMainPhase(CommonExecutor.java:65)
	at com.kms.katalon.core.main.TestSuiteExecutor.accessTestSuiteMainPhase(TestSuiteExecutor.java:148)
	at com.kms.katalon.core.main.TestSuiteExecutor.execute(TestSuiteExecutor.java:106)
	at com.kms.katalon.core.main.TestCaseMain.startTestSuite(TestCaseMain.java:187)
	at com.kms.katalon.core.main.TestCaseMain$startTestSuite$0.call(Unknown Source)
	at TempTestSuite1724897904035.run(TempTestSuite1724897904035.groovy:35)
)

2024-08-28 22:42:45 - [TEST_STEP][FAILED] - verifyTextPresent("$10.50", false): Text '$10.50' is not present on page  (Root cause: com.kms.katalon.core.exception.StepFailedException: Text '$10.50' is not present on page 
	at com.kms.katalon.core.webui.keyword.internal.WebUIKeywordMain.stepFailed(WebUIKeywordMain.groovy:64)
	at com.kms.katalon.core.webui.keyword.builtin.VerifyTextPresentKeyword$_verifyTextPresent_closure1.doCall(VerifyTextPresentKeyword.groovy:79)
	at com.kms.katalon.core.webui.keyword.builtin.VerifyTextPresentKeyword$_verifyTextPresent_closure1.call(VerifyTextPresentKeyword.groovy)
	at com.kms.katalon.core.webui.keyword.internal.WebUIKeywordMain.runKeyword(WebUIKeywordMain.groovy:20)
	at com.kms.katalon.core.webui.keyword.builtin.VerifyTextPresentKeyword.verifyTextPresent(VerifyTextPresentKeyword.groovy:83)
	at com.kms.katalon.core.webui.keyword.builtin.VerifyTextPresentKeyword.execute(VerifyTextPresentKeyword.groovy:68)
	at com.kms.katalon.core.keyword.internal.KeywordExecutor.executeKeywordForPlatform(KeywordExecutor.groovy:74)
	at com.kms.katalon.core.webui.keyword.WebUiBuiltInKeywords.verifyTextPresent(WebUiBuiltInKeywords.groovy:1723)
	at com.kms.katalon.core.webui.keyword.WebUiBuiltInKeywords$verifyTextPresent$8.call(Unknown Source)
	at VerifySingleCFVerbiage.run(VerifySingleCFVerbiage:99)
	at com.kms.katalon.core.main.ScriptEngine.run(ScriptEngine.java:194)
	at com.kms.katalon.core.main.ScriptEngine.runScriptAsRawText(ScriptEngine.java:119)
	at com.kms.katalon.core.main.TestCaseExecutor.runScript(TestCaseExecutor.java:448)
	at com.kms.katalon.core.main.TestCaseExecutor.doExecute(TestCaseExecutor.java:439)
	at com.kms.katalon.core.main.TestCaseExecutor.processExecutionPhase(TestCaseExecutor.java:418)
	at com.kms.katalon.core.main.TestCaseExecutor.accessMainPhase(TestCaseExecutor.java:410)
	at com.kms.katalon.core.main.TestCaseExecutor.execute(TestCaseExecutor.java:285)
	at com.kms.katalon.core.common.CommonExecutor.accessTestCaseMainPhase(CommonExecutor.java:65)
	at com.kms.katalon.core.main.TestSuiteExecutor.accessTestSuiteMainPhase(TestSuiteExecutor.java:148)
	at com.kms.katalon.core.main.TestSuiteExecutor.execute(TestSuiteExecutor.java:106)
	at com.kms.katalon.core.main.TestCaseMain.startTestSuite(TestCaseMain.java:187)
	at com.kms.katalon.core.main.TestCaseMain$startTestSuite$0.call(Unknown Source)
	at TempTestSuite1724897904035.run(TempTestSuite1724897904035.groovy:35)
)

2024-08-28 22:42:46 - [MESSAGE][FAILED] - Text '$10.50' is not present on page  (Root cause: com.kms.katalon.core.exception.StepFailedException: Text '$10.50' is not present on page 
	at com.kms.katalon.core.webui.keyword.internal.WebUIKeywordMain.stepFailed(WebUIKeywordMain.groovy:64)
	at com.kms.katalon.core.webui.keyword.builtin.VerifyTextPresentKeyword$_verifyTextPresent_closure1.doCall(VerifyTextPresentKeyword.groovy:79)
	at com.kms.katalon.core.webui.keyword.builtin.VerifyTextPresentKeyword$_verifyTextPresent_closure1.call(VerifyTextPresentKeyword.groovy)
	at com.kms.katalon.core.webui.keyword.internal.WebUIKeywordMain.runKeyword(WebUIKeywordMain.groovy:20)
	at com.kms.katalon.core.webui.keyword.builtin.VerifyTextPresentKeyword.verifyTextPresent(VerifyTextPresentKeyword.groovy:83)
	at com.kms.katalon.core.webui.keyword.builtin.VerifyTextPresentKeyword.execute(VerifyTextPresentKeyword.groovy:68)
	at com.kms.katalon.core.keyword.internal.KeywordExecutor.executeKeywordForPlatform(KeywordExecutor.groovy:74)
	at com.kms.katalon.core.webui.keyword.WebUiBuiltInKeywords.verifyTextPresent(WebUiBuiltInKeywords.groovy:1723)
	at com.kms.katalon.core.webui.keyword.WebUiBuiltInKeywords$verifyTextPresent$8.call(Unknown Source)
	at VerifySingleCFVerbiage.run(VerifySingleCFVerbiage:99)
	at com.kms.katalon.core.main.ScriptEngine.run(ScriptEngine.java:194)
	at com.kms.katalon.core.main.ScriptEngine.runScriptAsRawText(ScriptEngine.java:119)
	at com.kms.katalon.core.main.TestCaseExecutor.runScript(TestCaseExecutor.java:448)
	at com.kms.katalon.core.main.TestCaseExecutor.doExecute(TestCaseExecutor.java:439)
	at com.kms.katalon.core.main.TestCaseExecutor.processExecutionPhase(TestCaseExecutor.java:418)
	at com.kms.katalon.core.main.TestCaseExecutor.accessMainPhase(TestCaseExecutor.java:410)
	at com.kms.katalon.core.main.TestCaseExecutor.execute(TestCaseExecutor.java:285)
	at com.kms.katalon.core.common.CommonExecutor.accessTestCaseMainPhase(CommonExecutor.java:65)
	at com.kms.katalon.core.main.TestSuiteExecutor.accessTestSuiteMainPhase(TestSuiteExecutor.java:148)
	at com.kms.katalon.core.main.TestSuiteExecutor.execute(TestSuiteExecutor.java:106)
	at com.kms.katalon.core.main.TestCaseMain.startTestSuite(TestCaseMain.java:187)
	at com.kms.katalon.core.main.TestCaseMain$startTestSuite$0.call(Unknown Source)
	at TempTestSuite1724897904035.run(TempTestSuite1724897904035.groovy:35)
)

2024-08-28 22:42:46 - [TEST_STEP][FAILED] - verifyTextPresent("Total Amount", false): Text 'Total Amount' is not present on page  (Root cause: com.kms.katalon.core.exception.StepFailedException: Text 'Total Amount' is not present on page 
	at com.kms.katalon.core.webui.keyword.internal.WebUIKeywordMain.stepFailed(WebUIKeywordMain.groovy:64)
	at com.kms.katalon.core.webui.keyword.builtin.VerifyTextPresentKeyword$_verifyTextPresent_closure1.doCall(VerifyTextPresentKeyword.groovy:79)
	at com.kms.katalon.core.webui.keyword.builtin.VerifyTextPresentKeyword$_verifyTextPresent_closure1.call(VerifyTextPresentKeyword.groovy)
	at com.kms.katalon.core.webui.keyword.internal.WebUIKeywordMain.runKeyword(WebUIKeywordMain.groovy:20)
	at com.kms.katalon.core.webui.keyword.builtin.VerifyTextPresentKeyword.verifyTextPresent(VerifyTextPresentKeyword.groovy:83)
	at com.kms.katalon.core.webui.keyword.builtin.VerifyTextPresentKeyword.execute(VerifyTextPresentKeyword.groovy:68)
	at com.kms.katalon.core.keyword.internal.KeywordExecutor.executeKeywordForPlatform(KeywordExecutor.groovy:74)
	at com.kms.katalon.core.webui.keyword.WebUiBuiltInKeywords.verifyTextPresent(WebUiBuiltInKeywords.groovy:1723)
	at com.kms.katalon.core.webui.keyword.WebUiBuiltInKeywords$verifyTextPresent$8.call(Unknown Source)
	at VerifySingleCFVerbiage.run(VerifySingleCFVerbiage:100)
	at com.kms.katalon.core.main.ScriptEngine.run(ScriptEngine.java:194)
	at com.kms.katalon.core.main.ScriptEngine.runScriptAsRawText(ScriptEngine.java:119)
	at com.kms.katalon.core.main.TestCaseExecutor.runScript(TestCaseExecutor.java:448)
	at com.kms.katalon.core.main.TestCaseExecutor.doExecute(TestCaseExecutor.java:439)
	at com.kms.katalon.core.main.TestCaseExecutor.processExecutionPhase(TestCaseExecutor.java:418)
	at com.kms.katalon.core.main.TestCaseExecutor.accessMainPhase(TestCaseExecutor.java:410)
	at com.kms.katalon.core.main.TestCaseExecutor.execute(TestCaseExecutor.java:285)
	at com.kms.katalon.core.common.CommonExecutor.accessTestCaseMainPhase(CommonExecutor.java:65)
	at com.kms.katalon.core.main.TestSuiteExecutor.accessTestSuiteMainPhase(TestSuiteExecutor.java:148)
	at com.kms.katalon.core.main.TestSuiteExecutor.execute(TestSuiteExecutor.java:106)
	at com.kms.katalon.core.main.TestCaseMain.startTestSuite(TestCaseMain.java:187)
	at com.kms.katalon.core.main.TestCaseMain$startTestSuite$0.call(Unknown Source)
	at TempTestSuite1724897904035.run(TempTestSuite1724897904035.groovy:35)
)

2024-08-28 22:42:46 - [MESSAGE][FAILED] - Text 'Total Amount' is not present on page  (Root cause: com.kms.katalon.core.exception.StepFailedException: Text 'Total Amount' is not present on page 
	at com.kms.katalon.core.webui.keyword.internal.WebUIKeywordMain.stepFailed(WebUIKeywordMain.groovy:64)
	at com.kms.katalon.core.webui.keyword.builtin.VerifyTextPresentKeyword$_verifyTextPresent_closure1.doCall(VerifyTextPresentKeyword.groovy:79)
	at com.kms.katalon.core.webui.keyword.builtin.VerifyTextPresentKeyword$_verifyTextPresent_closure1.call(VerifyTextPresentKeyword.groovy)
	at com.kms.katalon.core.webui.keyword.internal.WebUIKeywordMain.runKeyword(WebUIKeywordMain.groovy:20)
	at com.kms.katalon.core.webui.keyword.builtin.VerifyTextPresentKeyword.verifyTextPresent(VerifyTextPresentKeyword.groovy:83)
	at com.kms.katalon.core.webui.keyword.builtin.VerifyTextPresentKeyword.execute(VerifyTextPresentKeyword.groovy:68)
	at com.kms.katalon.core.keyword.internal.KeywordExecutor.executeKeywordForPlatform(KeywordExecutor.groovy:74)
	at com.kms.katalon.core.webui.keyword.WebUiBuiltInKeywords.verifyTextPresent(WebUiBuiltInKeywords.groovy:1723)
	at com.kms.katalon.core.webui.keyword.WebUiBuiltInKeywords$verifyTextPresent$8.call(Unknown Source)
	at VerifySingleCFVerbiage.run(VerifySingleCFVerbiage:100)
	at com.kms.katalon.core.main.ScriptEngine.run(ScriptEngine.java:194)
	at com.kms.katalon.core.main.ScriptEngine.runScriptAsRawText(ScriptEngine.java:119)
	at com.kms.katalon.core.main.TestCaseExecutor.runScript(TestCaseExecutor.java:448)
	at com.kms.katalon.core.main.TestCaseExecutor.doExecute(TestCaseExecutor.java:439)
	at com.kms.katalon.core.main.TestCaseExecutor.processExecutionPhase(TestCaseExecutor.java:418)
	at com.kms.katalon.core.main.TestCaseExecutor.accessMainPhase(TestCaseExecutor.java:410)
	at com.kms.katalon.core.main.TestCaseExecutor.execute(TestCaseExecutor.java:285)
	at com.kms.katalon.core.common.CommonExecutor.accessTestCaseMainPhase(CommonExecutor.java:65)
	at com.kms.katalon.core.main.TestSuiteExecutor.accessTestSuiteMainPhase(TestSuiteExecutor.java:148)
	at com.kms.katalon.core.main.TestSuiteExecutor.execute(TestSuiteExecutor.java:106)
	at com.kms.katalon.core.main.TestCaseMain.startTestSuite(TestCaseMain.java:187)
	at com.kms.katalon.core.main.TestCaseMain$startTestSuite$0.call(Unknown Source)
	at TempTestSuite1724897904035.run(TempTestSuite1724897904035.groovy:35)
)

2024-08-28 22:42:46 - [TEST_STEP][FAILED] - verifyTextPresent("$12.50", false): Text '$12.50' is not present on page  (Root cause: com.kms.katalon.core.exception.StepFailedException: Text '$12.50' is not present on page 
	at com.kms.katalon.core.webui.keyword.internal.WebUIKeywordMain.stepFailed(WebUIKeywordMain.groovy:64)
	at com.kms.katalon.core.webui.keyword.builtin.VerifyTextPresentKeyword$_verifyTextPresent_closure1.doCall(VerifyTextPresentKeyword.groovy:79)
	at com.kms.katalon.core.webui.keyword.builtin.VerifyTextPresentKeyword$_verifyTextPresent_closure1.call(VerifyTextPresentKeyword.groovy)
	at com.kms.katalon.core.webui.keyword.internal.WebUIKeywordMain.runKeyword(WebUIKeywordMain.groovy:20)
	at com.kms.katalon.core.webui.keyword.builtin.VerifyTextPresentKeyword.verifyTextPresent(VerifyTextPresentKeyword.groovy:83)
	at com.kms.katalon.core.webui.keyword.builtin.VerifyTextPresentKeyword.execute(VerifyTextPresentKeyword.groovy:68)
	at com.kms.katalon.core.keyword.internal.KeywordExecutor.executeKeywordForPlatform(KeywordExecutor.groovy:74)
	at com.kms.katalon.core.webui.keyword.WebUiBuiltInKeywords.verifyTextPresent(WebUiBuiltInKeywords.groovy:1723)
	at com.kms.katalon.core.webui.keyword.WebUiBuiltInKeywords$verifyTextPresent$8.call(Unknown Source)
	at VerifySingleCFVerbiage.run(VerifySingleCFVerbiage:101)
	at com.kms.katalon.core.main.ScriptEngine.run(ScriptEngine.java:194)
	at com.kms.katalon.core.main.ScriptEngine.runScriptAsRawText(ScriptEngine.java:119)
	at com.kms.katalon.core.main.TestCaseExecutor.runScript(TestCaseExecutor.java:448)
	at com.kms.katalon.core.main.TestCaseExecutor.doExecute(TestCaseExecutor.java:439)
	at com.kms.katalon.core.main.TestCaseExecutor.processExecutionPhase(TestCaseExecutor.java:418)
	at com.kms.katalon.core.main.TestCaseExecutor.accessMainPhase(TestCaseExecutor.java:410)
	at com.kms.katalon.core.main.TestCaseExecutor.execute(TestCaseExecutor.java:285)
	at com.kms.katalon.core.common.CommonExecutor.accessTestCaseMainPhase(CommonExecutor.java:65)
	at com.kms.katalon.core.main.TestSuiteExecutor.accessTestSuiteMainPhase(TestSuiteExecutor.java:148)
	at com.kms.katalon.core.main.TestSuiteExecutor.execute(TestSuiteExecutor.java:106)
	at com.kms.katalon.core.main.TestCaseMain.startTestSuite(TestCaseMain.java:187)
	at com.kms.katalon.core.main.TestCaseMain$startTestSuite$0.call(Unknown Source)
	at TempTestSuite1724897904035.run(TempTestSuite1724897904035.groovy:35)
)

2024-08-28 22:42:46 - [MESSAGE][FAILED] - Text '$12.50' is not present on page  (Root cause: com.kms.katalon.core.exception.StepFailedException: Text '$12.50' is not present on page 
	at com.kms.katalon.core.webui.keyword.internal.WebUIKeywordMain.stepFailed(WebUIKeywordMain.groovy:64)
	at com.kms.katalon.core.webui.keyword.builtin.VerifyTextPresentKeyword$_verifyTextPresent_closure1.doCall(VerifyTextPresentKeyword.groovy:79)
	at com.kms.katalon.core.webui.keyword.builtin.VerifyTextPresentKeyword$_verifyTextPresent_closure1.call(VerifyTextPresentKeyword.groovy)
	at com.kms.katalon.core.webui.keyword.internal.WebUIKeywordMain.runKeyword(WebUIKeywordMain.groovy:20)
	at com.kms.katalon.core.webui.keyword.builtin.VerifyTextPresentKeyword.verifyTextPresent(VerifyTextPresentKeyword.groovy:83)
	at com.kms.katalon.core.webui.keyword.builtin.VerifyTextPresentKeyword.execute(VerifyTextPresentKeyword.groovy:68)
	at com.kms.katalon.core.keyword.internal.KeywordExecutor.executeKeywordForPlatform(KeywordExecutor.groovy:74)
	at com.kms.katalon.core.webui.keyword.WebUiBuiltInKeywords.verifyTextPresent(WebUiBuiltInKeywords.groovy:1723)
	at com.kms.katalon.core.webui.keyword.WebUiBuiltInKeywords$verifyTextPresent$8.call(Unknown Source)
	at VerifySingleCFVerbiage.run(VerifySingleCFVerbiage:101)
	at com.kms.katalon.core.main.ScriptEngine.run(ScriptEngine.java:194)
	at com.kms.katalon.core.main.ScriptEngine.runScriptAsRawText(ScriptEngine.java:119)
	at com.kms.katalon.core.main.TestCaseExecutor.runScript(TestCaseExecutor.java:448)
	at com.kms.katalon.core.main.TestCaseExecutor.doExecute(TestCaseExecutor.java:439)
	at com.kms.katalon.core.main.TestCaseExecutor.processExecutionPhase(TestCaseExecutor.java:418)
	at com.kms.katalon.core.main.TestCaseExecutor.accessMainPhase(TestCaseExecutor.java:410)
	at com.kms.katalon.core.main.TestCaseExecutor.execute(TestCaseExecutor.java:285)
	at com.kms.katalon.core.common.CommonExecutor.accessTestCaseMainPhase(CommonExecutor.java:65)
	at com.kms.katalon.core.main.TestSuiteExecutor.accessTestSuiteMainPhase(TestSuiteExecutor.java:148)
	at com.kms.katalon.core.main.TestSuiteExecutor.execute(TestSuiteExecutor.java:106)
	at com.kms.katalon.core.main.TestCaseMain.startTestSuite(TestCaseMain.java:187)
	at com.kms.katalon.core.main.TestCaseMain$startTestSuite$0.call(Unknown Source)
	at TempTestSuite1724897904035.run(TempTestSuite1724897904035.groovy:35)
)

2024-08-28 22:42:46 - [TEST_STEP][FAILED] - verifyTextPresent("One transaction in the amount of $12.50 will appear on your bank statement", false): Text 'One transaction in the amount of $12.50 will appear on your bank statement' is not present on page  (Root cause: com.kms.katalon.core.exception.StepFailedException: Text 'One transaction in the amount of $12.50 will appear on your bank statement' is not present on page 
	at com.kms.katalon.core.webui.keyword.internal.WebUIKeywordMain.stepFailed(WebUIKeywordMain.groovy:64)
	at com.kms.katalon.core.webui.keyword.builtin.VerifyTextPresentKeyword$_verifyTextPresent_closure1.doCall(VerifyTextPresentKeyword.groovy:79)
	at com.kms.katalon.core.webui.keyword.builtin.VerifyTextPresentKeyword$_verifyTextPresent_closure1.call(VerifyTextPresentKeyword.groovy)
	at com.kms.katalon.core.webui.keyword.internal.WebUIKeywordMain.runKeyword(WebUIKeywordMain.groovy:20)
	at com.kms.katalon.core.webui.keyword.builtin.VerifyTextPresentKeyword.verifyTextPresent(VerifyTextPresentKeyword.groovy:83)
	at com.kms.katalon.core.webui.keyword.builtin.VerifyTextPresentKeyword.execute(VerifyTextPresentKeyword.groovy:68)
	at com.kms.katalon.core.keyword.internal.KeywordExecutor.executeKeywordForPlatform(KeywordExecutor.groovy:74)
	at com.kms.katalon.core.webui.keyword.WebUiBuiltInKeywords.verifyTextPresent(WebUiBuiltInKeywords.groovy:1723)
	at com.kms.katalon.core.webui.keyword.WebUiBuiltInKeywords$verifyTextPresent$8.call(Unknown Source)
	at VerifySingleCFVerbiage.run(VerifySingleCFVerbiage:102)
	at com.kms.katalon.core.main.ScriptEngine.run(ScriptEngine.java:194)
	at com.kms.katalon.core.main.ScriptEngine.runScriptAsRawText(ScriptEngine.java:119)
	at com.kms.katalon.core.main.TestCaseExecutor.runScript(TestCaseExecutor.java:448)
	at com.kms.katalon.core.main.TestCaseExecutor.doExecute(TestCaseExecutor.java:439)
	at com.kms.katalon.core.main.TestCaseExecutor.processExecutionPhase(TestCaseExecutor.java:418)
	at com.kms.katalon.core.main.TestCaseExecutor.accessMainPhase(TestCaseExecutor.java:410)
	at com.kms.katalon.core.main.TestCaseExecutor.execute(TestCaseExecutor.java:285)
	at com.kms.katalon.core.common.CommonExecutor.accessTestCaseMainPhase(CommonExecutor.java:65)
	at com.kms.katalon.core.main.TestSuiteExecutor.accessTestSuiteMainPhase(TestSuiteExecutor.java:148)
	at com.kms.katalon.core.main.TestSuiteExecutor.execute(TestSuiteExecutor.java:106)
	at com.kms.katalon.core.main.TestCaseMain.startTestSuite(TestCaseMain.java:187)
	at com.kms.katalon.core.main.TestCaseMain$startTestSuite$0.call(Unknown Source)
	at TempTestSuite1724897904035.run(TempTestSuite1724897904035.groovy:35)
)

2024-08-28 22:42:47 - [MESSAGE][FAILED] - Text 'One transaction in the amount of $12.50 will appear on your bank statement' is not present on page  (Root cause: com.kms.katalon.core.exception.StepFailedException: Text 'One transaction in the amount of $12.50 will appear on your bank statement' is not present on page 
	at com.kms.katalon.core.webui.keyword.internal.WebUIKeywordMain.stepFailed(WebUIKeywordMain.groovy:64)
	at com.kms.katalon.core.webui.keyword.builtin.VerifyTextPresentKeyword$_verifyTextPresent_closure1.doCall(VerifyTextPresentKeyword.groovy:79)
	at com.kms.katalon.core.webui.keyword.builtin.VerifyTextPresentKeyword$_verifyTextPresent_closure1.call(VerifyTextPresentKeyword.groovy)
	at com.kms.katalon.core.webui.keyword.internal.WebUIKeywordMain.runKeyword(WebUIKeywordMain.groovy:20)
	at com.kms.katalon.core.webui.keyword.builtin.VerifyTextPresentKeyword.verifyTextPresent(VerifyTextPresentKeyword.groovy:83)
	at com.kms.katalon.core.webui.keyword.builtin.VerifyTextPresentKeyword.execute(VerifyTextPresentKeyword.groovy:68)
	at com.kms.katalon.core.keyword.internal.KeywordExecutor.executeKeywordForPlatform(KeywordExecutor.groovy:74)
	at com.kms.katalon.core.webui.keyword.WebUiBuiltInKeywords.verifyTextPresent(WebUiBuiltInKeywords.groovy:1723)
	at com.kms.katalon.core.webui.keyword.WebUiBuiltInKeywords$verifyTextPresent$8.call(Unknown Source)
	at VerifySingleCFVerbiage.run(VerifySingleCFVerbiage:102)
	at com.kms.katalon.core.main.ScriptEngine.run(ScriptEngine.java:194)
	at com.kms.katalon.core.main.ScriptEngine.runScriptAsRawText(ScriptEngine.java:119)
	at com.kms.katalon.core.main.TestCaseExecutor.runScript(TestCaseExecutor.java:448)
	at com.kms.katalon.core.main.TestCaseExecutor.doExecute(TestCaseExecutor.java:439)
	at com.kms.katalon.core.main.TestCaseExecutor.processExecutionPhase(TestCaseExecutor.java:418)
	at com.kms.katalon.core.main.TestCaseExecutor.accessMainPhase(TestCaseExecutor.java:410)
	at com.kms.katalon.core.main.TestCaseExecutor.execute(TestCaseExecutor.java:285)
	at com.kms.katalon.core.common.CommonExecutor.accessTestCaseMainPhase(CommonExecutor.java:65)
	at com.kms.katalon.core.main.TestSuiteExecutor.accessTestSuiteMainPhase(TestSuiteExecutor.java:148)
	at com.kms.katalon.core.main.TestSuiteExecutor.execute(TestSuiteExecutor.java:106)
	at com.kms.katalon.core.main.TestCaseMain.startTestSuite(TestCaseMain.java:187)
	at com.kms.katalon.core.main.TestCaseMain$startTestSuite$0.call(Unknown Source)
	at TempTestSuite1724897904035.run(TempTestSuite1724897904035.groovy:35)
)

2024-08-28 22:42:47 - [TEST_STEP][PASSED] - ExecuteTC = findTestData(dataFile).getValue("Execute", row): null

2024-08-28 22:42:47 - [TEST_STEP][PASSED] - out.println("Value of Execute is : " + ExecuteTC): null

2024-08-28 22:42:47 - [TEST_STEP][PASSED] - if (ExecuteTC.equalsIgnoreCase("Y")): null

2024-08-28 22:42:47 - [TEST_STEP][PASSED] - ExecuteTC = findTestData(dataFile).getValue("Execute", row): null

2024-08-28 22:42:47 - [TEST_STEP][PASSED] - out.println("Value of Execute is : " + ExecuteTC): null

2024-08-28 22:42:47 - [TEST_STEP][PASSED] - if (ExecuteTC.equalsIgnoreCase("Y")): null

2024-08-28 22:42:47 - [TEST_STEP][PASSED] - ExecuteTC = findTestData(dataFile).getValue("Execute", row): null

2024-08-28 22:42:47 - [TEST_STEP][PASSED] - out.println("Value of Execute is : " + ExecuteTC): null

2024-08-28 22:42:47 - [TEST_STEP][PASSED] - if (ExecuteTC.equalsIgnoreCase("Y")): null]]></system-out>
         <system-err><![CDATA[2024-08-28 22:41:21 - [TEST_CASE][FAILED] - Test Cases/IntegratedWeb/IWP30/Payments/VerifySingleCFVerbiage: Test Cases/IntegratedWeb/IWP30/Payments/VerifySingleCFVerbiage FAILED.
Reason:
com.kms.katalon.core.exception.StepFailedException: Unable to click on object 'Object Repository/IWP30/Page_Confirmation/ConfirmButton' (Root cause: com.kms.katalon.core.exception.StepFailedException: Unable to click on object 'Object Repository/IWP30/Page_Confirmation/ConfirmButton'
	at com.kms.katalon.core.webui.keyword.internal.WebUIKeywordMain.stepFailed(WebUIKeywordMain.groovy:64)
	at com.kms.katalon.core.webui.keyword.internal.WebUIKeywordMain.runKeyword(WebUIKeywordMain.groovy:26)
	at com.kms.katalon.core.webui.keyword.builtin.ClickKeyword.click(ClickKeyword.groovy:74)
	at com.kms.katalon.core.webui.keyword.builtin.ClickKeyword.execute(ClickKeyword.groovy:40)
	at com.kms.katalon.core.keyword.internal.KeywordExecutor.executeKeywordForPlatform(KeywordExecutor.groovy:74)
	at com.kms.katalon.core.webui.keyword.WebUiBuiltInKeywords.click(WebUiBuiltInKeywords.groovy:620)
	at com.kms.katalon.core.webui.keyword.WebUiBuiltInKeywords$click$3.call(Unknown Source)
	at VerifySingleCFVerbiage.run(VerifySingleCFVerbiage:84)
	at com.kms.katalon.core.main.ScriptEngine.run(ScriptEngine.java:194)
	at com.kms.katalon.core.main.ScriptEngine.runScriptAsRawText(ScriptEngine.java:119)
	at com.kms.katalon.core.main.TestCaseExecutor.runScript(TestCaseExecutor.java:448)
	at com.kms.katalon.core.main.TestCaseExecutor.doExecute(TestCaseExecutor.java:439)
	at com.kms.katalon.core.main.TestCaseExecutor.processExecutionPhase(TestCaseExecutor.java:418)
	at com.kms.katalon.core.main.TestCaseExecutor.accessMainPhase(TestCaseExecutor.java:410)
	at com.kms.katalon.core.main.TestCaseExecutor.execute(TestCaseExecutor.java:285)
	at com.kms.katalon.core.common.CommonExecutor.accessTestCaseMainPhase(CommonExecutor.java:65)
	at com.kms.katalon.core.main.TestSuiteExecutor.accessTestSuiteMainPhase(TestSuiteExecutor.java:148)
	at com.kms.katalon.core.main.TestSuiteExecutor.execute(TestSuiteExecutor.java:106)
	at com.kms.katalon.core.main.TestCaseMain.startTestSuite(TestCaseMain.java:187)
	at com.kms.katalon.core.main.TestCaseMain$startTestSuite$0.call(Unknown Source)
	at TempTestSuite1724897904035.run(TempTestSuite1724897904035.groovy:35)
Caused by: com.kms.katalon.core.webui.exception.WebElementNotFoundException: Web element with id: 'Object Repository/IWP30/Page_Confirmation/ConfirmButton' located by '//*[@type = 'submit' and @name = 'confirmNotifyAction' and @id = 'submitYes' and @value = 'Confirm']' not found
	at com.kms.katalon.core.webui.common.WebUiCommonHelper.findWebElement(WebUiCommonHelper.java:1381)
	at com.kms.katalon.core.webui.keyword.internal.WebUIAbstractKeyword.findWebElement(WebUIAbstractKeyword.groovy:27)
	at com.kms.katalon.core.webui.keyword.builtin.ClickKeyword$_click_closure1.doCall(ClickKeyword.groovy:65)
	at com.kms.katalon.core.webui.keyword.builtin.ClickKeyword$_click_closure1.call(ClickKeyword.groovy)
	at com.kms.katalon.core.webui.keyword.internal.WebUIKeywordMain.runKeyword(WebUIKeywordMain.groovy:20)
	at com.kms.katalon.core.webui.keyword.builtin.ClickKeyword.click(ClickKeyword.groovy:74)
	at com.kms.katalon.core.webui.keyword.builtin.ClickKeyword.execute(ClickKeyword.groovy:40)
	at com.kms.katalon.core.keyword.internal.KeywordExecutor.executeKeywordForPlatform(KeywordExecutor.groovy:74)
	at com.kms.katalon.core.webui.keyword.WebUiBuiltInKeywords.click(WebUiBuiltInKeywords.groovy:620)
	at com.kms.katalon.core.webui.keyword.WebUiBuiltInKeywords$click$3.call(Unknown Source)
	at Script1686862963967.run(Script1686862963967.groovy:84)
	... 13 more
)
	at com.kms.katalon.core.keyword.internal.KeywordMain.stepFailed(KeywordMain.groovy:39)
	at com.kms.katalon.core.webui.keyword.internal.WebUIKeywordMain.stepFailed(WebUIKeywordMain.groovy:64)
	at com.kms.katalon.core.webui.keyword.internal.WebUIKeywordMain.runKeyword(WebUIKeywordMain.groovy:26)
	at com.kms.katalon.core.webui.keyword.builtin.ClickKeyword.click(ClickKeyword.groovy:74)
	at com.kms.katalon.core.webui.keyword.builtin.ClickKeyword.execute(ClickKeyword.groovy:40)
	at com.kms.katalon.core.keyword.internal.KeywordExecutor.executeKeywordForPlatform(KeywordExecutor.groovy:74)
	at com.kms.katalon.core.webui.keyword.WebUiBuiltInKeywords.click(WebUiBuiltInKeywords.groovy:620)
	at com.kms.katalon.core.webui.keyword.WebUiBuiltInKeywords$click$3.call(Unknown Source)
	at VerifySingleCFVerbiage.run(VerifySingleCFVerbiage:84)
	at com.kms.katalon.core.main.ScriptEngine.run(ScriptEngine.java:194)
	at com.kms.katalon.core.main.ScriptEngine.runScriptAsRawText(ScriptEngine.java:119)
	at com.kms.katalon.core.main.TestCaseExecutor.runScript(TestCaseExecutor.java:448)
	at com.kms.katalon.core.main.TestCaseExecutor.doExecute(TestCaseExecutor.java:439)
	at com.kms.katalon.core.main.TestCaseExecutor.processExecutionPhase(TestCaseExecutor.java:418)
	at com.kms.katalon.core.main.TestCaseExecutor.accessMainPhase(TestCaseExecutor.java:410)
	at com.kms.katalon.core.main.TestCaseExecutor.execute(TestCaseExecutor.java:285)
	at com.kms.katalon.core.common.CommonExecutor.accessTestCaseMainPhase(CommonExecutor.java:65)
	at com.kms.katalon.core.main.TestSuiteExecutor.accessTestSuiteMainPhase(TestSuiteExecutor.java:148)
	at com.kms.katalon.core.main.TestSuiteExecutor.execute(TestSuiteExecutor.java:106)
	at com.kms.katalon.core.main.TestCaseMain.startTestSuite(TestCaseMain.java:187)
	at com.kms.katalon.core.main.TestCaseMain$startTestSuite$0.call(Unknown Source)
	at TempTestSuite1724897904035.run(TempTestSuite1724897904035.groovy:35)
Caused by: com.kms.katalon.core.exception.StepFailedException: Unable to click on object 'Object Repository/IWP30/Page_Confirmation/ConfirmButton'
	... 21 more
Caused by: com.kms.katalon.core.webui.exception.WebElementNotFoundException: Web element with id: 'Object Repository/IWP30/Page_Confirmation/ConfirmButton' located by '//*[@type = 'submit' and @name = 'confirmNotifyAction' and @id = 'submitYes' and @value = 'Confirm']' not found
	at com.kms.katalon.core.webui.common.WebUiCommonHelper.findWebElement(WebUiCommonHelper.java:1381)
	at com.kms.katalon.core.webui.keyword.internal.WebUIAbstractKeyword.findWebElement(WebUIAbstractKeyword.groovy:27)
	at com.kms.katalon.core.webui.keyword.builtin.ClickKeyword$_click_closure1.doCall(ClickKeyword.groovy:65)
	at com.kms.katalon.core.webui.keyword.builtin.ClickKeyword$_click_closure1.call(ClickKeyword.groovy)
	at com.kms.katalon.core.webui.keyword.internal.WebUIKeywordMain.runKeyword(WebUIKeywordMain.groovy:20)
	... 19 more]]></system-err>
      </testcase>
      <testcase name="Test Cases/IntegratedWeb/IWP30/Payments/NoModifyAmountCC" time="159.539" classname="Test Cases/IntegratedWeb/IWP30/Payments/NoModifyAmountCC" status="FAILED">
         <failure type="FAILED" message="Test Cases/IntegratedWeb/IWP30/Payments/NoModifyAmountCC FAILED.
Reason:
com.kms.katalon.core.exception.StepFailedException: Unable to click on object 'Object Repository/IWP30/Page_Confirmation/ConfirmButton' (Root cause: com.kms.katalon.core.exception.StepFailedException: Unable to click on object 'Object Repository/IWP30/Page_Confirmation/ConfirmButton'
	at com.kms.katalon.core.webui.keyword.internal.WebUIKeywordMain.stepFailed(WebUIKeywordMain.groovy:64)
	at com.kms.katalon.core.webui.keyword.internal.WebUIKeywordMain.runKeyword(WebUIKeywordMain.groovy:26)
	at com.kms.katalon.core.webui.keyword.builtin.ClickKeyword.click(ClickKeyword.groovy:74)
	at com.kms.katalon.core.webui.keyword.builtin.ClickKeyword.execute(ClickKeyword.groovy:40)
	at com.kms.katalon.core.keyword.internal.KeywordExecutor.executeKeywordForPlatform(KeywordExecutor.groovy:74)
	at com.kms.katalon.core.webui.keyword.WebUiBuiltInKeywords.click(WebUiBuiltInKeywords.groovy:620)
	at com.kms.katalon.core.webui.keyword.WebUiBuiltInKeywords$click$3.call(Unknown Source)
	at NoModifyAmountCC.run(NoModifyAmountCC:84)
	at com.kms.katalon.core.main.ScriptEngine.run(ScriptEngine.java:194)
	at com.kms.katalon.core.main.ScriptEngine.runScriptAsRawText(ScriptEngine.java:119)
	at com.kms.katalon.core.main.TestCaseExecutor.runScript(TestCaseExecutor.java:448)
	at com.kms.katalon.core.main.TestCaseExecutor.doExecute(TestCaseExecutor.java:439)
	at com.kms.katalon.core.main.TestCaseExecutor.processExecutionPhase(TestCaseExecutor.java:418)
	at com.kms.katalon.core.main.TestCaseExecutor.accessMainPhase(TestCaseExecutor.java:410)
	at com.kms.katalon.core.main.TestCaseExecutor.execute(TestCaseExecutor.java:285)
	at com.kms.katalon.core.common.CommonExecutor.accessTestCaseMainPhase(CommonExecutor.java:65)
	at com.kms.katalon.core.main.TestSuiteExecutor.accessTestSuiteMainPhase(TestSuiteExecutor.java:148)
	at com.kms.katalon.core.main.TestSuiteExecutor.execute(TestSuiteExecutor.java:106)
	at com.kms.katalon.core.main.TestCaseMain.startTestSuite(TestCaseMain.java:187)
	at com.kms.katalon.core.main.TestCaseMain$startTestSuite$0.call(Unknown Source)
	at TempTestSuite1724897904035.run(TempTestSuite1724897904035.groovy:35)
Caused by: com.kms.katalon.core.webui.exception.WebElementNotFoundException: Web element with id: 'Object Repository/IWP30/Page_Confirmation/ConfirmButton' located by '//*[@type = 'submit' and @name = 'confirmNotifyAction' and @id = 'submitYes' and @value = 'Confirm']' not found
	at com.kms.katalon.core.webui.common.WebUiCommonHelper.findWebElement(WebUiCommonHelper.java:1381)
	at com.kms.katalon.core.webui.keyword.internal.WebUIAbstractKeyword.findWebElement(WebUIAbstractKeyword.groovy:27)
	at com.kms.katalon.core.webui.keyword.builtin.ClickKeyword$_click_closure1.doCall(ClickKeyword.groovy:65)
	at com.kms.katalon.core.webui.keyword.builtin.ClickKeyword$_click_closure1.call(ClickKeyword.groovy)
	at com.kms.katalon.core.webui.keyword.internal.WebUIKeywordMain.runKeyword(WebUIKeywordMain.groovy:20)
	at com.kms.katalon.core.webui.keyword.builtin.ClickKeyword.click(ClickKeyword.groovy:74)
	at com.kms.katalon.core.webui.keyword.builtin.ClickKeyword.execute(ClickKeyword.groovy:40)
	at com.kms.katalon.core.keyword.internal.KeywordExecutor.executeKeywordForPlatform(KeywordExecutor.groovy:74)
	at com.kms.katalon.core.webui.keyword.WebUiBuiltInKeywords.click(WebUiBuiltInKeywords.groovy:620)
	at com.kms.katalon.core.webui.keyword.WebUiBuiltInKeywords$click$3.call(Unknown Source)
	at Script1688676105506.run(Script1688676105506.groovy:84)
	... 13 more
)
	at com.kms.katalon.core.keyword.internal.KeywordMain.stepFailed(KeywordMain.groovy:39)
	at com.kms.katalon.core.webui.keyword.internal.WebUIKeywordMain.stepFailed(WebUIKeywordMain.groovy:64)
	at com.kms.katalon.core.webui.keyword.internal.WebUIKeywordMain.runKeyword(WebUIKeywordMain.groovy:26)
	at com.kms.katalon.core.webui.keyword.builtin.ClickKeyword.click(ClickKeyword.groovy:74)
	at com.kms.katalon.core.webui.keyword.builtin.ClickKeyword.execute(ClickKeyword.groovy:40)
	at com.kms.katalon.core.keyword.internal.KeywordExecutor.executeKeywordForPlatform(KeywordExecutor.groovy:74)
	at com.kms.katalon.core.webui.keyword.WebUiBuiltInKeywords.click(WebUiBuiltInKeywords.groovy:620)
	at com.kms.katalon.core.webui.keyword.WebUiBuiltInKeywords$click$3.call(Unknown Source)
	at NoModifyAmountCC.run(NoModifyAmountCC:84)
	at com.kms.katalon.core.main.ScriptEngine.run(ScriptEngine.java:194)
	at com.kms.katalon.core.main.ScriptEngine.runScriptAsRawText(ScriptEngine.java:119)
	at com.kms.katalon.core.main.TestCaseExecutor.runScript(TestCaseExecutor.java:448)
	at com.kms.katalon.core.main.TestCaseExecutor.doExecute(TestCaseExecutor.java:439)
	at com.kms.katalon.core.main.TestCaseExecutor.processExecutionPhase(TestCaseExecutor.java:418)
	at com.kms.katalon.core.main.TestCaseExecutor.accessMainPhase(TestCaseExecutor.java:410)
	at com.kms.katalon.core.main.TestCaseExecutor.execute(TestCaseExecutor.java:285)
	at com.kms.katalon.core.common.CommonExecutor.accessTestCaseMainPhase(CommonExecutor.java:65)
	at com.kms.katalon.core.main.TestSuiteExecutor.accessTestSuiteMainPhase(TestSuiteExecutor.java:148)
	at com.kms.katalon.core.main.TestSuiteExecutor.execute(TestSuiteExecutor.java:106)
	at com.kms.katalon.core.main.TestCaseMain.startTestSuite(TestCaseMain.java:187)
	at com.kms.katalon.core.main.TestCaseMain$startTestSuite$0.call(Unknown Source)
	at TempTestSuite1724897904035.run(TempTestSuite1724897904035.groovy:35)
Caused by: com.kms.katalon.core.exception.StepFailedException: Unable to click on object 'Object Repository/IWP30/Page_Confirmation/ConfirmButton'
	... 21 more
Caused by: com.kms.katalon.core.webui.exception.WebElementNotFoundException: Web element with id: 'Object Repository/IWP30/Page_Confirmation/ConfirmButton' located by '//*[@type = 'submit' and @name = 'confirmNotifyAction' and @id = 'submitYes' and @value = 'Confirm']' not found
	at com.kms.katalon.core.webui.common.WebUiCommonHelper.findWebElement(WebUiCommonHelper.java:1381)
	at com.kms.katalon.core.webui.keyword.internal.WebUIAbstractKeyword.findWebElement(WebUIAbstractKeyword.groovy:27)
	at com.kms.katalon.core.webui.keyword.builtin.ClickKeyword$_click_closure1.doCall(ClickKeyword.groovy:65)
	at com.kms.katalon.core.webui.keyword.builtin.ClickKeyword$_click_closure1.call(ClickKeyword.groovy)
	at com.kms.katalon.core.webui.keyword.internal.WebUIKeywordMain.runKeyword(WebUIKeywordMain.groovy:20)
	... 19 more
"/>
         <system-out><![CDATA[2024-08-28 22:42:47 - [TEST_CASE][FAILED] - Test Cases/IntegratedWeb/IWP30/Payments/NoModifyAmountCC: Test Cases/IntegratedWeb/IWP30/Payments/NoModifyAmountCC FAILED.
Reason:
com.kms.katalon.core.exception.StepFailedException: Unable to click on object 'Object Repository/IWP30/Page_Confirmation/ConfirmButton' (Root cause: com.kms.katalon.core.exception.StepFailedException: Unable to click on object 'Object Repository/IWP30/Page_Confirmation/ConfirmButton'
	at com.kms.katalon.core.webui.keyword.internal.WebUIKeywordMain.stepFailed(WebUIKeywordMain.groovy:64)
	at com.kms.katalon.core.webui.keyword.internal.WebUIKeywordMain.runKeyword(WebUIKeywordMain.groovy:26)
	at com.kms.katalon.core.webui.keyword.builtin.ClickKeyword.click(ClickKeyword.groovy:74)
	at com.kms.katalon.core.webui.keyword.builtin.ClickKeyword.execute(ClickKeyword.groovy:40)
	at com.kms.katalon.core.keyword.internal.KeywordExecutor.executeKeywordForPlatform(KeywordExecutor.groovy:74)
	at com.kms.katalon.core.webui.keyword.WebUiBuiltInKeywords.click(WebUiBuiltInKeywords.groovy:620)
	at com.kms.katalon.core.webui.keyword.WebUiBuiltInKeywords$click$3.call(Unknown Source)
	at NoModifyAmountCC.run(NoModifyAmountCC:84)
	at com.kms.katalon.core.main.ScriptEngine.run(ScriptEngine.java:194)
	at com.kms.katalon.core.main.ScriptEngine.runScriptAsRawText(ScriptEngine.java:119)
	at com.kms.katalon.core.main.TestCaseExecutor.runScript(TestCaseExecutor.java:448)
	at com.kms.katalon.core.main.TestCaseExecutor.doExecute(TestCaseExecutor.java:439)
	at com.kms.katalon.core.main.TestCaseExecutor.processExecutionPhase(TestCaseExecutor.java:418)
	at com.kms.katalon.core.main.TestCaseExecutor.accessMainPhase(TestCaseExecutor.java:410)
	at com.kms.katalon.core.main.TestCaseExecutor.execute(TestCaseExecutor.java:285)
	at com.kms.katalon.core.common.CommonExecutor.accessTestCaseMainPhase(CommonExecutor.java:65)
	at com.kms.katalon.core.main.TestSuiteExecutor.accessTestSuiteMainPhase(TestSuiteExecutor.java:148)
	at com.kms.katalon.core.main.TestSuiteExecutor.execute(TestSuiteExecutor.java:106)
	at com.kms.katalon.core.main.TestCaseMain.startTestSuite(TestCaseMain.java:187)
	at com.kms.katalon.core.main.TestCaseMain$startTestSuite$0.call(Unknown Source)
	at TempTestSuite1724897904035.run(TempTestSuite1724897904035.groovy:35)
Caused by: com.kms.katalon.core.webui.exception.WebElementNotFoundException: Web element with id: 'Object Repository/IWP30/Page_Confirmation/ConfirmButton' located by '//*[@type = 'submit' and @name = 'confirmNotifyAction' and @id = 'submitYes' and @value = 'Confirm']' not found
	at com.kms.katalon.core.webui.common.WebUiCommonHelper.findWebElement(WebUiCommonHelper.java:1381)
	at com.kms.katalon.core.webui.keyword.internal.WebUIAbstractKeyword.findWebElement(WebUIAbstractKeyword.groovy:27)
	at com.kms.katalon.core.webui.keyword.builtin.ClickKeyword$_click_closure1.doCall(ClickKeyword.groovy:65)
	at com.kms.katalon.core.webui.keyword.builtin.ClickKeyword$_click_closure1.call(ClickKeyword.groovy)
	at com.kms.katalon.core.webui.keyword.internal.WebUIKeywordMain.runKeyword(WebUIKeywordMain.groovy:20)
	at com.kms.katalon.core.webui.keyword.builtin.ClickKeyword.click(ClickKeyword.groovy:74)
	at com.kms.katalon.core.webui.keyword.builtin.ClickKeyword.execute(ClickKeyword.groovy:40)
	at com.kms.katalon.core.keyword.internal.KeywordExecutor.executeKeywordForPlatform(KeywordExecutor.groovy:74)
	at com.kms.katalon.core.webui.keyword.WebUiBuiltInKeywords.click(WebUiBuiltInKeywords.groovy:620)
	at com.kms.katalon.core.webui.keyword.WebUiBuiltInKeywords$click$3.call(Unknown Source)
	at Script1688676105506.run(Script1688676105506.groovy:84)
	... 13 more
)
	at com.kms.katalon.core.keyword.internal.KeywordMain.stepFailed(KeywordMain.groovy:39)
	at com.kms.katalon.core.webui.keyword.internal.WebUIKeywordMain.stepFailed(WebUIKeywordMain.groovy:64)
	at com.kms.katalon.core.webui.keyword.internal.WebUIKeywordMain.runKeyword(WebUIKeywordMain.groovy:26)
	at com.kms.katalon.core.webui.keyword.builtin.ClickKeyword.click(ClickKeyword.groovy:74)
	at com.kms.katalon.core.webui.keyword.builtin.ClickKeyword.execute(ClickKeyword.groovy:40)
	at com.kms.katalon.core.keyword.internal.KeywordExecutor.executeKeywordForPlatform(KeywordExecutor.groovy:74)
	at com.kms.katalon.core.webui.keyword.WebUiBuiltInKeywords.click(WebUiBuiltInKeywords.groovy:620)
	at com.kms.katalon.core.webui.keyword.WebUiBuiltInKeywords$click$3.call(Unknown Source)
	at NoModifyAmountCC.run(NoModifyAmountCC:84)
	at com.kms.katalon.core.main.ScriptEngine.run(ScriptEngine.java:194)
	at com.kms.katalon.core.main.ScriptEngine.runScriptAsRawText(ScriptEngine.java:119)
	at com.kms.katalon.core.main.TestCaseExecutor.runScript(TestCaseExecutor.java:448)
	at com.kms.katalon.core.main.TestCaseExecutor.doExecute(TestCaseExecutor.java:439)
	at com.kms.katalon.core.main.TestCaseExecutor.processExecutionPhase(TestCaseExecutor.java:418)
	at com.kms.katalon.core.main.TestCaseExecutor.accessMainPhase(TestCaseExecutor.java:410)
	at com.kms.katalon.core.main.TestCaseExecutor.execute(TestCaseExecutor.java:285)
	at com.kms.katalon.core.common.CommonExecutor.accessTestCaseMainPhase(CommonExecutor.java:65)
	at com.kms.katalon.core.main.TestSuiteExecutor.accessTestSuiteMainPhase(TestSuiteExecutor.java:148)
	at com.kms.katalon.core.main.TestSuiteExecutor.execute(TestSuiteExecutor.java:106)
	at com.kms.katalon.core.main.TestCaseMain.startTestSuite(TestCaseMain.java:187)
	at com.kms.katalon.core.main.TestCaseMain$startTestSuite$0.call(Unknown Source)
	at TempTestSuite1724897904035.run(TempTestSuite1724897904035.groovy:35)
Caused by: com.kms.katalon.core.exception.StepFailedException: Unable to click on object 'Object Repository/IWP30/Page_Confirmation/ConfirmButton'
	... 21 more
Caused by: com.kms.katalon.core.webui.exception.WebElementNotFoundException: Web element with id: 'Object Repository/IWP30/Page_Confirmation/ConfirmButton' located by '//*[@type = 'submit' and @name = 'confirmNotifyAction' and @id = 'submitYes' and @value = 'Confirm']' not found
	at com.kms.katalon.core.webui.common.WebUiCommonHelper.findWebElement(WebUiCommonHelper.java:1381)
	at com.kms.katalon.core.webui.keyword.internal.WebUIAbstractKeyword.findWebElement(WebUIAbstractKeyword.groovy:27)
	at com.kms.katalon.core.webui.keyword.builtin.ClickKeyword$_click_closure1.doCall(ClickKeyword.groovy:65)
	at com.kms.katalon.core.webui.keyword.builtin.ClickKeyword$_click_closure1.call(ClickKeyword.groovy)
	at com.kms.katalon.core.webui.keyword.internal.WebUIKeywordMain.runKeyword(WebUIKeywordMain.groovy:20)
	... 19 more


2024-08-28 22:42:47 - [TEST_STEP][PASSED] - resText = "Fail": null

2024-08-28 22:42:47 - [TEST_STEP][PASSED] - resColumn = "Result": null

2024-08-28 22:42:47 - [TEST_STEP][PASSED] - datCloumn = "Date": null

2024-08-28 22:42:47 - [TEST_STEP][PASSED] - fileLoc = "KatalonData/IWPTestData/VRelay30PayNowCC.xlsx": null

2024-08-28 22:42:47 - [TEST_STEP][PASSED] - numOfRows = <not implemented yet for class: org.codehaus.groovy.ast.expr.EmptyExpression>: null

2024-08-28 22:42:47 - [TEST_STEP][PASSED] - dataFile = <not implemented yet for class: org.codehaus.groovy.ast.expr.EmptyExpression>: null

2024-08-28 22:42:47 - [TEST_STEP][PASSED] - nameSheet = <not implemented yet for class: org.codehaus.groovy.ast.expr.EmptyExpression>: null

2024-08-28 22:42:47 - [TEST_STEP][PASSED] - dataFileEmulator = <not implemented yet for class: org.codehaus.groovy.ast.expr.EmptyExpression>: null

2024-08-28 22:42:47 - [TEST_STEP][PASSED] - nameSheet = "NoModifyAmount": null

2024-08-28 22:42:47 - [TEST_STEP][PASSED] - dataFile = "IWPTestData/NoModifyAmount": null

2024-08-28 22:42:47 - [TEST_STEP][PASSED] - dataFileEmulator = "IWPTestData/EmulatorData": null

2024-08-28 22:42:47 - [TEST_STEP][PASSED] - numOfRows = findTestData(dataFile).getRowNumbers(): null

2024-08-28 22:42:47 - [TEST_STEP][PASSED] - println("Number of Records: " + numOfRows): null

2024-08-28 22:42:47 - [TEST_STEP][FAILED] - for ([row = 1, row <= numOfRows, (row++)]): null

2024-08-28 22:42:47 - [TEST_STEP][PASSED] - ExecuteTC = findTestData(dataFile).getValue("Execute", row): null

2024-08-28 22:42:47 - [TEST_STEP][PASSED] - out.println("Value of Execute is : " + ExecuteTC): null

2024-08-28 22:42:47 - [TEST_STEP][FAILED] - if (ExecuteTC.equalsIgnoreCase("Y")): null

2024-08-28 22:42:47 - [TEST_STEP][PASSED] - out.println("Begin Record Number: " + row): null

2024-08-28 22:42:47 - [TEST_STEP][PASSED] - today = new java.util.Date(): null

2024-08-28 22:42:47 - [TEST_STEP][PASSED] - println(today): null

2024-08-28 22:42:47 - [TEST_STEP][PASSED] - datText = today: null

2024-08-28 22:42:47 - [TEST_STEP][PASSED] - EmulatorDataKey = findTestData(dataFile).getValue("EmulatorData", row): null

2024-08-28 22:42:48 - [TEST_STEP][PASSED] - out.println("Value of Emulator Key is : " + EmulatorDataKey): null

2024-08-28 22:42:48 - [TEST_STEP][PASSED] - iwpPages.emulatorIWP30.setDataEmulator_DD(EmulatorDataKey): iwpPages.emulatorIWP30.setDataEmulator_DD is PASSED

2024-08-28 22:42:48 - [MESSAGE][WARNING] - A browser is already opened. Closing browser and opening a new one

2024-08-28 22:42:50 - [MESSAGE][INFO] - Starting 'Chrome' driver

2024-08-28 22:42:50 - [MESSAGE][INFO] - User set preference: ['acceptInsecureCerts', 'true']

2024-08-28 22:42:50 - [MESSAGE][INFO] - Action delay is set to 0 milliseconds

2024-08-28 22:42:52 - [MESSAGE][PASSED] - Browser is opened with url: 'https://qa2.velocitypayment.com/agency/config.do?action=editor&message_version=3_0'

2024-08-28 22:42:52 - [MESSAGE][PASSED] - Current window maximized

2024-08-28 22:42:53 - [MESSAGE][PASSED] - All options with value '3.0' are selected in object 'Object Repository/IWP30/Page_VRelay30Emulator/MV'  using regular expression

2024-08-28 22:42:53 - [MESSAGE][PASSED] - Text '10.50' is set on object 'Object Repository/IWP30/Page_VRelay30Emulator/Amount'

2024-08-28 22:42:54 - [MESSAGE][PASSED] - Text '26412167' is set on object 'Object Repository/IWP30/Page_VRelay30Emulator/CAN'

2024-08-28 22:42:55 - [MESSAGE][PASSED] - Text 'PayNow' is set on object 'Object Repository/IWP30/Page_VRelay30Emulator/Action'

2024-08-28 22:42:56 - [MESSAGE][PASSED] - Text 'en_US' is set on object 'Object Repository/IWP30/Page_VRelay30Emulator/Lang'

2024-08-28 22:42:56 - [MESSAGE][PASSED] - Text 'Elizath' is set on object 'Object Repository/IWP30/Page_VRelay30Emulator/Fname'

2024-08-28 22:42:57 - [MESSAGE][PASSED] - Text 'Christine' is set on object 'Object Repository/IWP30/Page_VRelay30Emulator/Lname'

2024-08-28 22:42:57 - [MESSAGE][PASSED] - Text '258 Underwood rd' is set on object 'Object Repository/IWP30/Page_VRelay30Emulator/AL1'

2024-08-28 22:42:58 - [MESSAGE][PASSED] - Text 'Suite 600' is set on object 'Object Repository/IWP30/Page_VRelay30Emulator/AL2'

2024-08-28 22:42:59 - [MESSAGE][PASSED] - Text '840' is set on object 'Object Repository/IWP30/Page_VRelay30Emulator/Country'

2024-08-28 22:43:00 - [MESSAGE][PASSED] - Text 'Arlington' is set on object 'Object Repository/IWP30/Page_VRelay30Emulator/City'

2024-08-28 22:43:00 - [MESSAGE][PASSED] - Text 'VA' is set on object 'Object Repository/IWP30/Page_VRelay30Emulator/State'

2024-08-28 22:43:01 - [MESSAGE][PASSED] - Text '22201' is set on object 'Object Repository/IWP30/Page_VRelay30Emulator/ZIP'

2024-08-28 22:43:01 - [MESSAGE][PASSED] - Text '' is set on object 'Object Repository/IWP30/Page_VRelay30Emulator/Order'

2024-08-28 22:43:02 - [MESSAGE][PASSED] - Text '' is set on object 'Object Repository/IWP30/Page_VRelay30Emulator/Company'

2024-08-28 22:43:03 - [MESSAGE][PASSED] - Text 'iahmed@govolution.com' is set on object 'Object Repository/IWP30/Page_VRelay30Emulator/Email'

2024-08-28 22:43:04 - [MESSAGE][PASSED] - Text 'udf data 1' is set on object 'Object Repository/IWP30/Page_VRelay30Emulator/UDF1'

2024-08-28 22:43:04 - [MESSAGE][PASSED] - Text 'udf data 2' is set on object 'Object Repository/IWP30/Page_VRelay30Emulator/UDF2'

2024-08-28 22:43:05 - [MESSAGE][PASSED] - Text 'udf data 3' is set on object 'Object Repository/IWP30/Page_VRelay30Emulator/UDF3'

2024-08-28 22:43:05 - [MESSAGE][PASSED] - Text 'udf data 4' is set on object 'Object Repository/IWP30/Page_VRelay30Emulator/UDF4'

2024-08-28 22:43:06 - [MESSAGE][PASSED] - Text 'udf data 5' is set on object 'Object Repository/IWP30/Page_VRelay30Emulator/UDF5'

2024-08-28 22:43:07 - [MESSAGE][PASSED] - Text 'udf data 6' is set on object 'Object Repository/IWP30/Page_VRelay30Emulator/UDF6'

2024-08-28 22:43:08 - [MESSAGE][PASSED] - Text 'Orange' is set on object 'Object Repository/IWP30/Page_VRelay30Emulator/UDF7'

2024-08-28 22:43:08 - [MESSAGE][PASSED] - Text 'Soccer' is set on object 'Object Repository/IWP30/Page_VRelay30Emulator/UDF8'

2024-08-28 22:43:09 - [MESSAGE][PASSED] - Text 'udf data 9' is set on object 'Object Repository/IWP30/Page_VRelay30Emulator/UDF9'

2024-08-28 22:43:10 - [MESSAGE][PASSED] - Text 'udf data 10' is set on object 'Object Repository/IWP30/Page_VRelay30Emulator/UDF10'

2024-08-28 22:43:10 - [MESSAGE][PASSED] - Object: 'Object Repository/IWP30/Page_VRelay30Emulator/Submit' is clicked on

2024-08-28 22:43:15 - [MESSAGE][PASSED] - Browser is closed

2024-08-28 22:43:20 - [MESSAGE][PASSED] - iwpPages.emulatorIWP30.setDataEmulator_DD is PASSED

2024-08-28 22:43:20 - [TEST_STEP][PASSED] - testHarnessURL = urlTestHarness: null

2024-08-28 22:43:20 - [TEST_STEP][PASSED] - openBrowser(testHarnessURL): Browser is opened with url: 'https://dev-algorithm.govolution.com/vrelaytest/QA2/version_2_2/vrelaytest.html'

2024-08-28 22:43:20 - [MESSAGE][INFO] - Starting 'Chrome' driver

2024-08-28 22:43:20 - [MESSAGE][INFO] - User set preference: ['acceptInsecureCerts', 'true']

2024-08-28 22:43:20 - [MESSAGE][INFO] - Action delay is set to 0 milliseconds

2024-08-28 22:43:21 - [MESSAGE][PASSED] - Browser is opened with url: 'https://dev-algorithm.govolution.com/vrelaytest/QA2/version_2_2/vrelaytest.html'

2024-08-28 22:43:21 - [TEST_STEP][PASSED] - maximizeWindow(): Current window maximized

2024-08-28 22:43:21 - [MESSAGE][PASSED] - Current window maximized

2024-08-28 22:43:21 - [TEST_STEP][PASSED] - iwpPages.TestHarnessPage.setDataMethod(row, dataFile): iwpPages.TestHarnessPage.setDataMethod is PASSED

2024-08-28 22:43:22 - [MESSAGE][PASSED] - Object 'Object Repository/IWP30/Page_QATestHarness/RemittanceID' is present

2024-08-28 22:43:23 - [MESSAGE][PASSED] - Text '824' is set on object 'Object Repository/IWP30/Page_QATestHarness/ApplicationID'

2024-08-28 22:43:23 - [MESSAGE][PASSED] - Text '3.0' is set on object 'Object Repository/IWP30/Page_QATestHarness/MessageVersion'

2024-08-28 22:43:24 - [MESSAGE][PASSED] - Text 'F29YfBl9qsKe' is set on object 'Object Repository/IWP30/Page_QATestHarness/RemittanceID'

2024-08-28 22:43:25 - [MESSAGE][PASSED] - Object: 'Object Repository/IWP30/Page_QATestHarness/SubmitButton' is clicked on

2024-08-28 22:43:25 - [MESSAGE][PASSED] - iwpPages.TestHarnessPage.setDataMethod is PASSED

2024-08-28 22:43:25 - [TEST_STEP][PASSED] - check(findTestObject("Object Repository/IWP30/Page_SelectPaymentMethod/PayByCreditCard")): Object 'Object Repository/IWP30/Page_SelectPaymentMethod/PayByCreditCard' is checked

2024-08-28 22:43:26 - [MESSAGE][PASSED] - Object 'Object Repository/IWP30/Page_SelectPaymentMethod/PayByCreditCard' is checked

2024-08-28 22:43:26 - [TEST_STEP][PASSED] - click(findTestObject("Object Repository/IWP30/Page_SelectPaymentMethod/MakePaymentButton")): Object: 'Object Repository/IWP30/Page_SelectPaymentMethod/MakePaymentButton' is clicked on

2024-08-28 22:43:27 - [MESSAGE][PASSED] - Object: 'Object Repository/IWP30/Page_SelectPaymentMethod/MakePaymentButton' is clicked on

2024-08-28 22:43:27 - [TEST_STEP][PASSED] - iwpPages.ccPaymentEntryPage.setDataIWPCreditCard(row, dataFile): iwpPages.ccPaymentEntryPage.setDataIWPCreditCard is PASSED

2024-08-28 22:43:28 - [MESSAGE][PASSED] - Object 'Object Repository/IWP30/Page_CCPaymentEntry/Name' is present

2024-08-28 22:43:29 - [MESSAGE][PASSED] - Text '5146312200000035' is set on object 'Object Repository/IWP30/Page_CCPaymentEntry/CardNumber'

2024-08-28 22:43:30 - [MESSAGE][PASSED] - Text '123' is set on object 'Object Repository/IWP30/Page_CCPaymentEntry/SPC'

2024-08-28 22:43:30 - [MESSAGE][PASSED] - All options with label '09' are selected in object 'Object Repository/IWP30/Page_CCPaymentEntry/Month' 

2024-08-28 22:43:31 - [MESSAGE][PASSED] - All options with label '2028' are selected in object 'Object Repository/IWP30/Page_CCPaymentEntry/Year' 

2024-08-28 22:43:31 - [MESSAGE][PASSED] - Object 'Object Repository/IWP30/Page_CCPaymentEntry/TermCondCheckBox' is present

2024-08-28 22:43:32 - [MESSAGE][PASSED] - Object 'Object Repository/IWP30/Page_CCPaymentEntry/TermCondCheckBox' is checked

2024-08-28 22:43:32 - [MESSAGE][PASSED] - Object 'Object Repository/IWP30/Page_CCPaymentEntry/ContinueButton' is present

2024-08-28 22:43:33 - [MESSAGE][PASSED] - Object: 'Object Repository/IWP30/Page_CCPaymentEntry/ContinueButton' is clicked on

2024-08-28 22:43:33 - [MESSAGE][PASSED] - iwpPages.ccPaymentEntryPage.setDataIWPCreditCard is PASSED

2024-08-28 22:43:33 - [TEST_STEP][FAILED] - click(findTestObject("Object Repository/IWP30/Page_Confirmation/ConfirmButton")): Unable to click on object 'Object Repository/IWP30/Page_Confirmation/ConfirmButton' (Root cause: com.kms.katalon.core.exception.StepFailedException: Unable to click on object 'Object Repository/IWP30/Page_Confirmation/ConfirmButton'
	at com.kms.katalon.core.webui.keyword.internal.WebUIKeywordMain.stepFailed(WebUIKeywordMain.groovy:64)
	at com.kms.katalon.core.webui.keyword.internal.WebUIKeywordMain.runKeyword(WebUIKeywordMain.groovy:26)
	at com.kms.katalon.core.webui.keyword.builtin.ClickKeyword.click(ClickKeyword.groovy:74)
	at com.kms.katalon.core.webui.keyword.builtin.ClickKeyword.execute(ClickKeyword.groovy:40)
	at com.kms.katalon.core.keyword.internal.KeywordExecutor.executeKeywordForPlatform(KeywordExecutor.groovy:74)
	at com.kms.katalon.core.webui.keyword.WebUiBuiltInKeywords.click(WebUiBuiltInKeywords.groovy:620)
	at com.kms.katalon.core.webui.keyword.WebUiBuiltInKeywords$click$3.call(Unknown Source)
	at NoModifyAmountCC.run(NoModifyAmountCC:84)
	at com.kms.katalon.core.main.ScriptEngine.run(ScriptEngine.java:194)
	at com.kms.katalon.core.main.ScriptEngine.runScriptAsRawText(ScriptEngine.java:119)
	at com.kms.katalon.core.main.TestCaseExecutor.runScript(TestCaseExecutor.java:448)
	at com.kms.katalon.core.main.TestCaseExecutor.doExecute(TestCaseExecutor.java:439)
	at com.kms.katalon.core.main.TestCaseExecutor.processExecutionPhase(TestCaseExecutor.java:418)
	at com.kms.katalon.core.main.TestCaseExecutor.accessMainPhase(TestCaseExecutor.java:410)
	at com.kms.katalon.core.main.TestCaseExecutor.execute(TestCaseExecutor.java:285)
	at com.kms.katalon.core.common.CommonExecutor.accessTestCaseMainPhase(CommonExecutor.java:65)
	at com.kms.katalon.core.main.TestSuiteExecutor.accessTestSuiteMainPhase(TestSuiteExecutor.java:148)
	at com.kms.katalon.core.main.TestSuiteExecutor.execute(TestSuiteExecutor.java:106)
	at com.kms.katalon.core.main.TestCaseMain.startTestSuite(TestCaseMain.java:187)
	at com.kms.katalon.core.main.TestCaseMain$startTestSuite$0.call(Unknown Source)
	at TempTestSuite1724897904035.run(TempTestSuite1724897904035.groovy:35)
Caused by: com.kms.katalon.core.webui.exception.WebElementNotFoundException: Web element with id: 'Object Repository/IWP30/Page_Confirmation/ConfirmButton' located by '//*[@type = 'submit' and @name = 'confirmNotifyAction' and @id = 'submitYes' and @value = 'Confirm']' not found
	at com.kms.katalon.core.webui.common.WebUiCommonHelper.findWebElement(WebUiCommonHelper.java:1381)
	at com.kms.katalon.core.webui.keyword.internal.WebUIAbstractKeyword.findWebElement(WebUIAbstractKeyword.groovy:27)
	at com.kms.katalon.core.webui.keyword.builtin.ClickKeyword$_click_closure1.doCall(ClickKeyword.groovy:65)
	at com.kms.katalon.core.webui.keyword.builtin.ClickKeyword$_click_closure1.call(ClickKeyword.groovy)
	at com.kms.katalon.core.webui.keyword.internal.WebUIKeywordMain.runKeyword(WebUIKeywordMain.groovy:20)
	at com.kms.katalon.core.webui.keyword.builtin.ClickKeyword.click(ClickKeyword.groovy:74)
	at com.kms.katalon.core.webui.keyword.builtin.ClickKeyword.execute(ClickKeyword.groovy:40)
	at com.kms.katalon.core.keyword.internal.KeywordExecutor.executeKeywordForPlatform(KeywordExecutor.groovy:74)
	at com.kms.katalon.core.webui.keyword.WebUiBuiltInKeywords.click(WebUiBuiltInKeywords.groovy:620)
	at com.kms.katalon.core.webui.keyword.WebUiBuiltInKeywords$click$3.call(Unknown Source)
	at Script1688676105506.run(Script1688676105506.groovy:84)
	... 13 more
)

2024-08-28 22:44:04 - [MESSAGE][INFO] - Unable to find the element located by 'By.xpath: //*[@type = 'submit' and @name = 'confirmNotifyAction' and @id = 'submitYes' and @value = 'Confirm']'. Please recheck the objects properties to make sure the desired element is located. 

2024-08-28 22:44:04 - [MESSAGE][WARNING] - [SELF-HEALING] Failed to find element with id 'Object Repository/IWP30/Page_Confirmation/ConfirmButton'. Try using Self-healing.

2024-08-28 22:44:04 - [MESSAGE][WARNING] - [SELF-HEALING] Cannot find elements when the XPath is null.

2024-08-28 22:44:04 - [MESSAGE][WARNING] - [SELF-HEALING] Cannot find elements when the selector is null

2024-08-28 22:44:05 - [MESSAGE][FAILED] - Unable to click on object 'Object Repository/IWP30/Page_Confirmation/ConfirmButton' (Root cause: com.kms.katalon.core.exception.StepFailedException: Unable to click on object 'Object Repository/IWP30/Page_Confirmation/ConfirmButton'
	at com.kms.katalon.core.webui.keyword.internal.WebUIKeywordMain.stepFailed(WebUIKeywordMain.groovy:64)
	at com.kms.katalon.core.webui.keyword.internal.WebUIKeywordMain.runKeyword(WebUIKeywordMain.groovy:26)
	at com.kms.katalon.core.webui.keyword.builtin.ClickKeyword.click(ClickKeyword.groovy:74)
	at com.kms.katalon.core.webui.keyword.builtin.ClickKeyword.execute(ClickKeyword.groovy:40)
	at com.kms.katalon.core.keyword.internal.KeywordExecutor.executeKeywordForPlatform(KeywordExecutor.groovy:74)
	at com.kms.katalon.core.webui.keyword.WebUiBuiltInKeywords.click(WebUiBuiltInKeywords.groovy:620)
	at com.kms.katalon.core.webui.keyword.WebUiBuiltInKeywords$click$3.call(Unknown Source)
	at NoModifyAmountCC.run(NoModifyAmountCC:84)
	at com.kms.katalon.core.main.ScriptEngine.run(ScriptEngine.java:194)
	at com.kms.katalon.core.main.ScriptEngine.runScriptAsRawText(ScriptEngine.java:119)
	at com.kms.katalon.core.main.TestCaseExecutor.runScript(TestCaseExecutor.java:448)
	at com.kms.katalon.core.main.TestCaseExecutor.doExecute(TestCaseExecutor.java:439)
	at com.kms.katalon.core.main.TestCaseExecutor.processExecutionPhase(TestCaseExecutor.java:418)
	at com.kms.katalon.core.main.TestCaseExecutor.accessMainPhase(TestCaseExecutor.java:410)
	at com.kms.katalon.core.main.TestCaseExecutor.execute(TestCaseExecutor.java:285)
	at com.kms.katalon.core.common.CommonExecutor.accessTestCaseMainPhase(CommonExecutor.java:65)
	at com.kms.katalon.core.main.TestSuiteExecutor.accessTestSuiteMainPhase(TestSuiteExecutor.java:148)
	at com.kms.katalon.core.main.TestSuiteExecutor.execute(TestSuiteExecutor.java:106)
	at com.kms.katalon.core.main.TestCaseMain.startTestSuite(TestCaseMain.java:187)
	at com.kms.katalon.core.main.TestCaseMain$startTestSuite$0.call(Unknown Source)
	at TempTestSuite1724897904035.run(TempTestSuite1724897904035.groovy:35)
Caused by: com.kms.katalon.core.webui.exception.WebElementNotFoundException: Web element with id: 'Object Repository/IWP30/Page_Confirmation/ConfirmButton' located by '//*[@type = 'submit' and @name = 'confirmNotifyAction' and @id = 'submitYes' and @value = 'Confirm']' not found
	at com.kms.katalon.core.webui.common.WebUiCommonHelper.findWebElement(WebUiCommonHelper.java:1381)
	at com.kms.katalon.core.webui.keyword.internal.WebUIAbstractKeyword.findWebElement(WebUIAbstractKeyword.groovy:27)
	at com.kms.katalon.core.webui.keyword.builtin.ClickKeyword$_click_closure1.doCall(ClickKeyword.groovy:65)
	at com.kms.katalon.core.webui.keyword.builtin.ClickKeyword$_click_closure1.call(ClickKeyword.groovy)
	at com.kms.katalon.core.webui.keyword.internal.WebUIKeywordMain.runKeyword(WebUIKeywordMain.groovy:20)
	at com.kms.katalon.core.webui.keyword.builtin.ClickKeyword.click(ClickKeyword.groovy:74)
	at com.kms.katalon.core.webui.keyword.builtin.ClickKeyword.execute(ClickKeyword.groovy:40)
	at com.kms.katalon.core.keyword.internal.KeywordExecutor.executeKeywordForPlatform(KeywordExecutor.groovy:74)
	at com.kms.katalon.core.webui.keyword.WebUiBuiltInKeywords.click(WebUiBuiltInKeywords.groovy:620)
	at com.kms.katalon.core.webui.keyword.WebUiBuiltInKeywords$click$3.call(Unknown Source)
	at Script1688676105506.run(Script1688676105506.groovy:84)
	... 13 more
)
[[ATTACHMENT|E:\\Cloned-Project-Katalon\\VPS-Katalon\\Reports\\20240828_221824\\QA\\IWP3.0\\IWP30 Smoke TestSuite\\20240828_221824\\1724899444858.png]]

2024-08-28 22:44:05 - [TEST_STEP][PASSED] - Thread.sleep(10000): null

2024-08-28 22:44:15 - [TEST_STEP][FAILED] - if (verifyTextPresent("Successful Payment Receipt", false)): Text 'Successful Payment Receipt' is not present on page  (Root cause: com.kms.katalon.core.exception.StepFailedException: Text 'Successful Payment Receipt' is not present on page 
	at com.kms.katalon.core.webui.keyword.internal.WebUIKeywordMain.stepFailed(WebUIKeywordMain.groovy:64)
	at com.kms.katalon.core.webui.keyword.builtin.VerifyTextPresentKeyword$_verifyTextPresent_closure1.doCall(VerifyTextPresentKeyword.groovy:79)
	at com.kms.katalon.core.webui.keyword.builtin.VerifyTextPresentKeyword$_verifyTextPresent_closure1.call(VerifyTextPresentKeyword.groovy)
	at com.kms.katalon.core.webui.keyword.internal.WebUIKeywordMain.runKeyword(WebUIKeywordMain.groovy:20)
	at com.kms.katalon.core.webui.keyword.builtin.VerifyTextPresentKeyword.verifyTextPresent(VerifyTextPresentKeyword.groovy:83)
	at com.kms.katalon.core.webui.keyword.builtin.VerifyTextPresentKeyword.execute(VerifyTextPresentKeyword.groovy:68)
	at com.kms.katalon.core.keyword.internal.KeywordExecutor.executeKeywordForPlatform(KeywordExecutor.groovy:74)
	at com.kms.katalon.core.webui.keyword.WebUiBuiltInKeywords.verifyTextPresent(WebUiBuiltInKeywords.groovy:1723)
	at com.kms.katalon.core.webui.keyword.WebUiBuiltInKeywords$verifyTextPresent$8.call(Unknown Source)
	at NoModifyAmountCC.run(NoModifyAmountCC:89)
	at com.kms.katalon.core.main.ScriptEngine.run(ScriptEngine.java:194)
	at com.kms.katalon.core.main.ScriptEngine.runScriptAsRawText(ScriptEngine.java:119)
	at com.kms.katalon.core.main.TestCaseExecutor.runScript(TestCaseExecutor.java:448)
	at com.kms.katalon.core.main.TestCaseExecutor.doExecute(TestCaseExecutor.java:439)
	at com.kms.katalon.core.main.TestCaseExecutor.processExecutionPhase(TestCaseExecutor.java:418)
	at com.kms.katalon.core.main.TestCaseExecutor.accessMainPhase(TestCaseExecutor.java:410)
	at com.kms.katalon.core.main.TestCaseExecutor.execute(TestCaseExecutor.java:285)
	at com.kms.katalon.core.common.CommonExecutor.accessTestCaseMainPhase(CommonExecutor.java:65)
	at com.kms.katalon.core.main.TestSuiteExecutor.accessTestSuiteMainPhase(TestSuiteExecutor.java:148)
	at com.kms.katalon.core.main.TestSuiteExecutor.execute(TestSuiteExecutor.java:106)
	at com.kms.katalon.core.main.TestCaseMain.startTestSuite(TestCaseMain.java:187)
	at com.kms.katalon.core.main.TestCaseMain$startTestSuite$0.call(Unknown Source)
	at TempTestSuite1724897904035.run(TempTestSuite1724897904035.groovy:35)
)

2024-08-28 22:44:15 - [MESSAGE][FAILED] - Text 'Successful Payment Receipt' is not present on page  (Root cause: com.kms.katalon.core.exception.StepFailedException: Text 'Successful Payment Receipt' is not present on page 
	at com.kms.katalon.core.webui.keyword.internal.WebUIKeywordMain.stepFailed(WebUIKeywordMain.groovy:64)
	at com.kms.katalon.core.webui.keyword.builtin.VerifyTextPresentKeyword$_verifyTextPresent_closure1.doCall(VerifyTextPresentKeyword.groovy:79)
	at com.kms.katalon.core.webui.keyword.builtin.VerifyTextPresentKeyword$_verifyTextPresent_closure1.call(VerifyTextPresentKeyword.groovy)
	at com.kms.katalon.core.webui.keyword.internal.WebUIKeywordMain.runKeyword(WebUIKeywordMain.groovy:20)
	at com.kms.katalon.core.webui.keyword.builtin.VerifyTextPresentKeyword.verifyTextPresent(VerifyTextPresentKeyword.groovy:83)
	at com.kms.katalon.core.webui.keyword.builtin.VerifyTextPresentKeyword.execute(VerifyTextPresentKeyword.groovy:68)
	at com.kms.katalon.core.keyword.internal.KeywordExecutor.executeKeywordForPlatform(KeywordExecutor.groovy:74)
	at com.kms.katalon.core.webui.keyword.WebUiBuiltInKeywords.verifyTextPresent(WebUiBuiltInKeywords.groovy:1723)
	at com.kms.katalon.core.webui.keyword.WebUiBuiltInKeywords$verifyTextPresent$8.call(Unknown Source)
	at NoModifyAmountCC.run(NoModifyAmountCC:89)
	at com.kms.katalon.core.main.ScriptEngine.run(ScriptEngine.java:194)
	at com.kms.katalon.core.main.ScriptEngine.runScriptAsRawText(ScriptEngine.java:119)
	at com.kms.katalon.core.main.TestCaseExecutor.runScript(TestCaseExecutor.java:448)
	at com.kms.katalon.core.main.TestCaseExecutor.doExecute(TestCaseExecutor.java:439)
	at com.kms.katalon.core.main.TestCaseExecutor.processExecutionPhase(TestCaseExecutor.java:418)
	at com.kms.katalon.core.main.TestCaseExecutor.accessMainPhase(TestCaseExecutor.java:410)
	at com.kms.katalon.core.main.TestCaseExecutor.execute(TestCaseExecutor.java:285)
	at com.kms.katalon.core.common.CommonExecutor.accessTestCaseMainPhase(CommonExecutor.java:65)
	at com.kms.katalon.core.main.TestSuiteExecutor.accessTestSuiteMainPhase(TestSuiteExecutor.java:148)
	at com.kms.katalon.core.main.TestSuiteExecutor.execute(TestSuiteExecutor.java:106)
	at com.kms.katalon.core.main.TestCaseMain.startTestSuite(TestCaseMain.java:187)
	at com.kms.katalon.core.main.TestCaseMain$startTestSuite$0.call(Unknown Source)
	at TempTestSuite1724897904035.run(TempTestSuite1724897904035.groovy:35)
)

2024-08-28 22:44:15 - [TEST_STEP][FAILED] - else: null

2024-08-28 22:44:15 - [TEST_STEP][PASSED] - println("Successful Payment Receipt text is not present on the Receipt page"): null

2024-08-28 22:44:15 - [TEST_STEP][FAILED] - markFailed("Error on Page is : " + getText(findTestObject("Object Repository/IWP30/Page_Receipt/div_ReceiptSourceCode"))): Error on Page is : null

2024-08-28 22:44:46 - [MESSAGE][INFO] - Unable to find the element located by 'By.xpath: /html[1]/body[1]/div[@class="wrapper"]/div[@class="main_col"][count(. | //div[@class = 'main_col']) = count(//div[@class = 'main_col'])]'. Please recheck the objects properties to make sure the desired element is located. 

2024-08-28 22:44:46 - [MESSAGE][WARNING] - [SELF-HEALING] Failed to find element with id 'Object Repository/IWP30/Page_Receipt/div_ReceiptSourceCode'. Try using Self-healing.

2024-08-28 22:44:47 - [MESSAGE][INFO] - Unable to find the element located by 'By.xpath: //div[2]/div[3]'. Please recheck the objects properties to make sure the desired element is located. 

2024-08-28 22:44:48 - [MESSAGE][INFO] - [SELF-HEALING] Failed Locator: '//div[2]/div[3]'.

2024-08-28 22:44:48 - [MESSAGE][INFO] - [SELF-HEALING] Failed Locator: '//div[(text() = '
 
   Make a Real Estate Payment
   
   Lorem ipsum dolor sit amet, consectetuer adipiscing elit, sed diam nonummy nibh euismod tincidunt ut laoreet dolore magna aliquam erat volutpat. Ut wisi enim ad minim veniam, quis nostrud exerci tation ullamcorper suscipit lobortis nisl ut aliquip ex ea commodo consequat.Successful Payment ReceiptPlease print this receipt for your recordsRemittance ID: ddsf435sdfsdfPayment ID: 12133187Received: June 14, 2023 07:27PM EDTUDF1 Label: udf data 1UDF2 Label: udf data 2UDF3 Label: udf data 3UDF4 Label: udf data 4UDF6 Label: udf data 6UDF7 Label: OrangeUDF8 Label: SoccerUDF9 Label: udf data 9Amount:  $10.50Convenience Fees:  $2.00Convenience Fees Type:  Dual TransactionTax Amount: $0.00Total Amount: $12.50Transaction Type: Authorization and CaptureCard Information: VisaELIZATH CHRISTINE************1111Billing Information: Address Line 1: 258 Underwood rdAddress Line 2: Suite 600Country: United StatesCity: ARLINGTONState: VAZIP Code: 22201
Please click here to make another payment.
' or . = '
 
   Make a Real Estate Payment
   
   Lorem ipsum dolor sit amet, consectetuer adipiscing elit, sed diam nonummy nibh euismod tincidunt ut laoreet dolore magna aliquam erat volutpat. Ut wisi enim ad minim veniam, quis nostrud exerci tation ullamcorper suscipit lobortis nisl ut aliquip ex ea commodo consequat.Successful Payment ReceiptPlease print this receipt for your recordsRemittance ID: ddsf435sdfsdfPayment ID: 12133187Received: June 14, 2023 07:27PM EDTUDF1 Label: udf data 1UDF2 Label: udf data 2UDF3 Label: udf data 3UDF4 Label: udf data 4UDF6 Label: udf data 6UDF7 Label: OrangeUDF8 Label: SoccerUDF9 Label: udf data 9Amount:  $10.50Convenience Fees:  $2.00Convenience Fees Type:  Dual TransactionTax Amount: $0.00Total Amount: $12.50Transaction Type: Authorization and CaptureCard Information: VisaELIZATH CHRISTINE************1111Billing Information: Address Line 1: 258 Underwood rdAddress Line 2: Suite 600Country: United StatesCity: ARLINGTONState: VAZIP Code: 22201
Please click here to make another payment.
')]'.

2024-08-28 22:44:48 - [MESSAGE][INFO] - [SELF-HEALING] Failed Locator: '//div[2]/div[3]'.

2024-08-28 22:44:48 - [MESSAGE][INFO] - [SELF-HEALING] Failed Locator: '//div[(text() = '
 
   Make a Real Estate Payment
   
   Lorem ipsum dolor sit amet, consectetuer adipiscing elit, sed diam nonummy nibh euismod tincidunt ut laoreet dolore magna aliquam erat volutpat. Ut wisi enim ad minim veniam, quis nostrud exerci tation ullamcorper suscipit lobortis nisl ut aliquip ex ea commodo consequat.Successful Payment ReceiptPlease print this receipt for your recordsRemittance ID: ddsf435sdfsdfPayment ID: 12133187Received: June 14, 2023 07:27PM EDTUDF1 Label: udf data 1UDF2 Label: udf data 2UDF3 Label: udf data 3UDF4 Label: udf data 4UDF6 Label: udf data 6UDF7 Label: OrangeUDF8 Label: SoccerUDF9 Label: udf data 9Amount:  $10.50Convenience Fees:  $2.00Convenience Fees Type:  Dual TransactionTax Amount: $0.00Total Amount: $12.50Transaction Type: Authorization and CaptureCard Information: VisaELIZATH CHRISTINE************1111Billing Information: Address Line 1: 258 Underwood rdAddress Line 2: Suite 600Country: United StatesCity: ARLINGTONState: VAZIP Code: 22201
Please click here to make another payment.
' or . = '
 
   Make a Real Estate Payment
   
   Lorem ipsum dolor sit amet, consectetuer adipiscing elit, sed diam nonummy nibh euismod tincidunt ut laoreet dolore magna aliquam erat volutpat. Ut wisi enim ad minim veniam, quis nostrud exerci tation ullamcorper suscipit lobortis nisl ut aliquip ex ea commodo consequat.Successful Payment ReceiptPlease print this receipt for your recordsRemittance ID: ddsf435sdfsdfPayment ID: 12133187Received: June 14, 2023 07:27PM EDTUDF1 Label: udf data 1UDF2 Label: udf data 2UDF3 Label: udf data 3UDF4 Label: udf data 4UDF6 Label: udf data 6UDF7 Label: OrangeUDF8 Label: SoccerUDF9 Label: udf data 9Amount:  $10.50Convenience Fees:  $2.00Convenience Fees Type:  Dual TransactionTax Amount: $0.00Total Amount: $12.50Transaction Type: Authorization and CaptureCard Information: VisaELIZATH CHRISTINE************1111Billing Information: Address Line 1: 258 Underwood rdAddress Line 2: Suite 600Country: United StatesCity: ARLINGTONState: VAZIP Code: 22201
Please click here to make another payment.
')]'.

2024-08-28 22:44:49 - [MESSAGE][INFO] - [SELF-HEALING] Failed Locator: '//div[2]/div[3]'.

2024-08-28 22:44:49 - [MESSAGE][INFO] - [SELF-HEALING] Failed Locator: '//div[(text() = '
 
   Make a Real Estate Payment
   
   Lorem ipsum dolor sit amet, consectetuer adipiscing elit, sed diam nonummy nibh euismod tincidunt ut laoreet dolore magna aliquam erat volutpat. Ut wisi enim ad minim veniam, quis nostrud exerci tation ullamcorper suscipit lobortis nisl ut aliquip ex ea commodo consequat.Successful Payment ReceiptPlease print this receipt for your recordsRemittance ID: ddsf435sdfsdfPayment ID: 12133187Received: June 14, 2023 07:27PM EDTUDF1 Label: udf data 1UDF2 Label: udf data 2UDF3 Label: udf data 3UDF4 Label: udf data 4UDF6 Label: udf data 6UDF7 Label: OrangeUDF8 Label: SoccerUDF9 Label: udf data 9Amount:  $10.50Convenience Fees:  $2.00Convenience Fees Type:  Dual TransactionTax Amount: $0.00Total Amount: $12.50Transaction Type: Authorization and CaptureCard Information: VisaELIZATH CHRISTINE************1111Billing Information: Address Line 1: 258 Underwood rdAddress Line 2: Suite 600Country: United StatesCity: ARLINGTONState: VAZIP Code: 22201
Please click here to make another payment.
' or . = '
 
   Make a Real Estate Payment
   
   Lorem ipsum dolor sit amet, consectetuer adipiscing elit, sed diam nonummy nibh euismod tincidunt ut laoreet dolore magna aliquam erat volutpat. Ut wisi enim ad minim veniam, quis nostrud exerci tation ullamcorper suscipit lobortis nisl ut aliquip ex ea commodo consequat.Successful Payment ReceiptPlease print this receipt for your recordsRemittance ID: ddsf435sdfsdfPayment ID: 12133187Received: June 14, 2023 07:27PM EDTUDF1 Label: udf data 1UDF2 Label: udf data 2UDF3 Label: udf data 3UDF4 Label: udf data 4UDF6 Label: udf data 6UDF7 Label: OrangeUDF8 Label: SoccerUDF9 Label: udf data 9Amount:  $10.50Convenience Fees:  $2.00Convenience Fees Type:  Dual TransactionTax Amount: $0.00Total Amount: $12.50Transaction Type: Authorization and CaptureCard Information: VisaELIZATH CHRISTINE************1111Billing Information: Address Line 1: 258 Underwood rdAddress Line 2: Suite 600Country: United StatesCity: ARLINGTONState: VAZIP Code: 22201
Please click here to make another payment.
')]'.

2024-08-28 22:44:50 - [MESSAGE][INFO] - Unable to find the element located by 'By.cssSelector: div.main_col'. Please recheck the objects properties to make sure the desired element is located. 

2024-08-28 22:44:50 - [MESSAGE][FAILED] - Unable to get text of object 'Object Repository/IWP30/Page_Receipt/div_ReceiptSourceCode' (Root cause: com.kms.katalon.core.exception.StepFailedException: Unable to get text of object 'Object Repository/IWP30/Page_Receipt/div_ReceiptSourceCode'
	at com.kms.katalon.core.webui.keyword.internal.WebUIKeywordMain.stepFailed(WebUIKeywordMain.groovy:64)
	at com.kms.katalon.core.webui.keyword.internal.WebUIKeywordMain.runKeyword(WebUIKeywordMain.groovy:26)
	at com.kms.katalon.core.webui.keyword.builtin.GetTextKeyword.getText(GetTextKeyword.groovy:88)
	at com.kms.katalon.core.webui.keyword.builtin.GetTextKeyword.execute(GetTextKeyword.groovy:67)
	at com.kms.katalon.core.keyword.internal.KeywordExecutor.executeKeywordForPlatform(KeywordExecutor.groovy:74)
	at com.kms.katalon.core.webui.keyword.WebUiBuiltInKeywords.getText(WebUiBuiltInKeywords.groovy:918)
	at com.kms.katalon.core.webui.keyword.WebUiBuiltInKeywords$getText$9.call(Unknown Source)
	at NoModifyAmountCC.run(NoModifyAmountCC:100)
	at com.kms.katalon.core.main.ScriptEngine.run(ScriptEngine.java:194)
	at com.kms.katalon.core.main.ScriptEngine.runScriptAsRawText(ScriptEngine.java:119)
	at com.kms.katalon.core.main.TestCaseExecutor.runScript(TestCaseExecutor.java:448)
	at com.kms.katalon.core.main.TestCaseExecutor.doExecute(TestCaseExecutor.java:439)
	at com.kms.katalon.core.main.TestCaseExecutor.processExecutionPhase(TestCaseExecutor.java:418)
	at com.kms.katalon.core.main.TestCaseExecutor.accessMainPhase(TestCaseExecutor.java:410)
	at com.kms.katalon.core.main.TestCaseExecutor.execute(TestCaseExecutor.java:285)
	at com.kms.katalon.core.common.CommonExecutor.accessTestCaseMainPhase(CommonExecutor.java:65)
	at com.kms.katalon.core.main.TestSuiteExecutor.accessTestSuiteMainPhase(TestSuiteExecutor.java:148)
	at com.kms.katalon.core.main.TestSuiteExecutor.execute(TestSuiteExecutor.java:106)
	at com.kms.katalon.core.main.TestCaseMain.startTestSuite(TestCaseMain.java:187)
	at com.kms.katalon.core.main.TestCaseMain$startTestSuite$0.call(Unknown Source)
	at TempTestSuite1724897904035.run(TempTestSuite1724897904035.groovy:35)
Caused by: com.kms.katalon.core.webui.exception.WebElementNotFoundException: Web element with id: 'Object Repository/IWP30/Page_Receipt/div_ReceiptSourceCode' located by '/html[1]/body[1]/div[@class="wrapper"]/div[@class="main_col"][count(. | //div[@class = 'main_col']) = count(//div[@class = 'main_col'])]' not found
	at com.kms.katalon.core.webui.common.WebUiCommonHelper.findWebElement(WebUiCommonHelper.java:1381)
	at com.kms.katalon.core.webui.keyword.internal.WebUIAbstractKeyword.findWebElement(WebUIAbstractKeyword.groovy:27)
	at com.kms.katalon.core.webui.keyword.internal.WebUIAbstractKeyword.findWebElement(WebUIAbstractKeyword.groovy:26)
	at com.kms.katalon.core.webui.keyword.builtin.GetTextKeyword$_getText_closure1.doCall(GetTextKeyword.groovy:78)
	at com.kms.katalon.core.webui.keyword.builtin.GetTextKeyword$_getText_closure1.call(GetTextKeyword.groovy)
	at com.kms.katalon.core.webui.keyword.internal.WebUIKeywordMain.runKeyword(WebUIKeywordMain.groovy:20)
	at com.kms.katalon.core.webui.keyword.builtin.GetTextKeyword.getText(GetTextKeyword.groovy:88)
	at com.kms.katalon.core.webui.keyword.builtin.GetTextKeyword.execute(GetTextKeyword.groovy:67)
	at com.kms.katalon.core.keyword.internal.KeywordExecutor.executeKeywordForPlatform(KeywordExecutor.groovy:74)
	at com.kms.katalon.core.webui.keyword.WebUiBuiltInKeywords.getText(WebUiBuiltInKeywords.groovy:918)
	at com.kms.katalon.core.webui.keyword.WebUiBuiltInKeywords$getText$9.call(Unknown Source)
	at Script1688676105506.run(Script1688676105506.groovy:100)
	... 13 more
)
[[ATTACHMENT|E:\\Cloned-Project-Katalon\\VPS-Katalon\\Reports\\20240828_221824\\QA\\IWP3.0\\IWP30 Smoke TestSuite\\20240828_221824\\1724899490375.png]]

2024-08-28 22:44:50 - [MESSAGE][FAILED] - Error on Page is : null

2024-08-28 22:44:50 - [TEST_STEP][PASSED] - resText = "Fail": null

2024-08-28 22:44:50 - [TEST_STEP][PASSED] - pages.WriteExcel.demoKey(resText, datText, resColumn, datCloumn, fileLoc, nameSheet, row): pages.WriteExcel.demoKey is PASSED

2024-08-28 22:44:50 - [MESSAGE][PASSED] - pages.WriteExcel.demoKey is PASSED

2024-08-28 22:44:50 - [TEST_STEP][FAILED] - println(getText(findTestObject("Object Repository/IWP30/Page_Receipt/div_ReceiptSourceCode"))): Unable to get text of object 'Object Repository/IWP30/Page_Receipt/div_ReceiptSourceCode' (Root cause: com.kms.katalon.core.exception.StepFailedException: Unable to get text of object 'Object Repository/IWP30/Page_Receipt/div_ReceiptSourceCode'
	at com.kms.katalon.core.webui.keyword.internal.WebUIKeywordMain.stepFailed(WebUIKeywordMain.groovy:64)
	at com.kms.katalon.core.webui.keyword.internal.WebUIKeywordMain.runKeyword(WebUIKeywordMain.groovy:26)
	at com.kms.katalon.core.webui.keyword.builtin.GetTextKeyword.getText(GetTextKeyword.groovy:88)
	at com.kms.katalon.core.webui.keyword.builtin.GetTextKeyword.execute(GetTextKeyword.groovy:67)
	at com.kms.katalon.core.keyword.internal.KeywordExecutor.executeKeywordForPlatform(KeywordExecutor.groovy:74)
	at com.kms.katalon.core.webui.keyword.WebUiBuiltInKeywords.getText(WebUiBuiltInKeywords.groovy:918)
	at com.kms.katalon.core.webui.keyword.WebUiBuiltInKeywords$getText$9.call(Unknown Source)
	at NoModifyAmountCC.run(NoModifyAmountCC:103)
	at com.kms.katalon.core.main.ScriptEngine.run(ScriptEngine.java:194)
	at com.kms.katalon.core.main.ScriptEngine.runScriptAsRawText(ScriptEngine.java:119)
	at com.kms.katalon.core.main.TestCaseExecutor.runScript(TestCaseExecutor.java:448)
	at com.kms.katalon.core.main.TestCaseExecutor.doExecute(TestCaseExecutor.java:439)
	at com.kms.katalon.core.main.TestCaseExecutor.processExecutionPhase(TestCaseExecutor.java:418)
	at com.kms.katalon.core.main.TestCaseExecutor.accessMainPhase(TestCaseExecutor.java:410)
	at com.kms.katalon.core.main.TestCaseExecutor.execute(TestCaseExecutor.java:285)
	at com.kms.katalon.core.common.CommonExecutor.accessTestCaseMainPhase(CommonExecutor.java:65)
	at com.kms.katalon.core.main.TestSuiteExecutor.accessTestSuiteMainPhase(TestSuiteExecutor.java:148)
	at com.kms.katalon.core.main.TestSuiteExecutor.execute(TestSuiteExecutor.java:106)
	at com.kms.katalon.core.main.TestCaseMain.startTestSuite(TestCaseMain.java:187)
	at com.kms.katalon.core.main.TestCaseMain$startTestSuite$0.call(Unknown Source)
	at TempTestSuite1724897904035.run(TempTestSuite1724897904035.groovy:35)
Caused by: com.kms.katalon.core.webui.exception.WebElementNotFoundException: Web element with id: 'Object Repository/IWP30/Page_Receipt/div_ReceiptSourceCode' located by '/html[1]/body[1]/div[@class="wrapper"]/div[@class="main_col"][count(. | //div[@class = 'main_col']) = count(//div[@class = 'main_col'])]' not found
	at com.kms.katalon.core.webui.common.WebUiCommonHelper.findWebElement(WebUiCommonHelper.java:1381)
	at com.kms.katalon.core.webui.keyword.internal.WebUIAbstractKeyword.findWebElement(WebUIAbstractKeyword.groovy:27)
	at com.kms.katalon.core.webui.keyword.internal.WebUIAbstractKeyword.findWebElement(WebUIAbstractKeyword.groovy:26)
	at com.kms.katalon.core.webui.keyword.builtin.GetTextKeyword$_getText_closure1.doCall(GetTextKeyword.groovy:78)
	at com.kms.katalon.core.webui.keyword.builtin.GetTextKeyword$_getText_closure1.call(GetTextKeyword.groovy)
	at com.kms.katalon.core.webui.keyword.internal.WebUIKeywordMain.runKeyword(WebUIKeywordMain.groovy:20)
	at com.kms.katalon.core.webui.keyword.builtin.GetTextKeyword.getText(GetTextKeyword.groovy:88)
	at com.kms.katalon.core.webui.keyword.builtin.GetTextKeyword.execute(GetTextKeyword.groovy:67)
	at com.kms.katalon.core.keyword.internal.KeywordExecutor.executeKeywordForPlatform(KeywordExecutor.groovy:74)
	at com.kms.katalon.core.webui.keyword.WebUiBuiltInKeywords.getText(WebUiBuiltInKeywords.groovy:918)
	at com.kms.katalon.core.webui.keyword.WebUiBuiltInKeywords$getText$9.call(Unknown Source)
	at Script1688676105506.run(Script1688676105506.groovy:103)
	... 13 more
)

2024-08-28 22:45:21 - [MESSAGE][INFO] - Unable to find the element located by 'By.xpath: /html[1]/body[1]/div[@class="wrapper"]/div[@class="main_col"][count(. | //div[@class = 'main_col']) = count(//div[@class = 'main_col'])]'. Please recheck the objects properties to make sure the desired element is located. 

2024-08-28 22:45:21 - [MESSAGE][WARNING] - [SELF-HEALING] Failed to find element with id 'Object Repository/IWP30/Page_Receipt/div_ReceiptSourceCode'. Try using Self-healing.

2024-08-28 22:45:23 - [MESSAGE][INFO] - Unable to find the element located by 'By.xpath: //div[2]/div[3]'. Please recheck the objects properties to make sure the desired element is located. 

2024-08-28 22:45:23 - [MESSAGE][INFO] - [SELF-HEALING] Failed Locator: '//div[2]/div[3]'.

2024-08-28 22:45:23 - [MESSAGE][INFO] - [SELF-HEALING] Failed Locator: '//div[(text() = '
 
   Make a Real Estate Payment
   
   Lorem ipsum dolor sit amet, consectetuer adipiscing elit, sed diam nonummy nibh euismod tincidunt ut laoreet dolore magna aliquam erat volutpat. Ut wisi enim ad minim veniam, quis nostrud exerci tation ullamcorper suscipit lobortis nisl ut aliquip ex ea commodo consequat.Successful Payment ReceiptPlease print this receipt for your recordsRemittance ID: ddsf435sdfsdfPayment ID: 12133187Received: June 14, 2023 07:27PM EDTUDF1 Label: udf data 1UDF2 Label: udf data 2UDF3 Label: udf data 3UDF4 Label: udf data 4UDF6 Label: udf data 6UDF7 Label: OrangeUDF8 Label: SoccerUDF9 Label: udf data 9Amount:  $10.50Convenience Fees:  $2.00Convenience Fees Type:  Dual TransactionTax Amount: $0.00Total Amount: $12.50Transaction Type: Authorization and CaptureCard Information: VisaELIZATH CHRISTINE************1111Billing Information: Address Line 1: 258 Underwood rdAddress Line 2: Suite 600Country: United StatesCity: ARLINGTONState: VAZIP Code: 22201
Please click here to make another payment.
' or . = '
 
   Make a Real Estate Payment
   
   Lorem ipsum dolor sit amet, consectetuer adipiscing elit, sed diam nonummy nibh euismod tincidunt ut laoreet dolore magna aliquam erat volutpat. Ut wisi enim ad minim veniam, quis nostrud exerci tation ullamcorper suscipit lobortis nisl ut aliquip ex ea commodo consequat.Successful Payment ReceiptPlease print this receipt for your recordsRemittance ID: ddsf435sdfsdfPayment ID: 12133187Received: June 14, 2023 07:27PM EDTUDF1 Label: udf data 1UDF2 Label: udf data 2UDF3 Label: udf data 3UDF4 Label: udf data 4UDF6 Label: udf data 6UDF7 Label: OrangeUDF8 Label: SoccerUDF9 Label: udf data 9Amount:  $10.50Convenience Fees:  $2.00Convenience Fees Type:  Dual TransactionTax Amount: $0.00Total Amount: $12.50Transaction Type: Authorization and CaptureCard Information: VisaELIZATH CHRISTINE************1111Billing Information: Address Line 1: 258 Underwood rdAddress Line 2: Suite 600Country: United StatesCity: ARLINGTONState: VAZIP Code: 22201
Please click here to make another payment.
')]'.

2024-08-28 22:45:23 - [MESSAGE][INFO] - [SELF-HEALING] Failed Locator: '//div[2]/div[3]'.

2024-08-28 22:45:24 - [MESSAGE][INFO] - [SELF-HEALING] Failed Locator: '//div[(text() = '
 
   Make a Real Estate Payment
   
   Lorem ipsum dolor sit amet, consectetuer adipiscing elit, sed diam nonummy nibh euismod tincidunt ut laoreet dolore magna aliquam erat volutpat. Ut wisi enim ad minim veniam, quis nostrud exerci tation ullamcorper suscipit lobortis nisl ut aliquip ex ea commodo consequat.Successful Payment ReceiptPlease print this receipt for your recordsRemittance ID: ddsf435sdfsdfPayment ID: 12133187Received: June 14, 2023 07:27PM EDTUDF1 Label: udf data 1UDF2 Label: udf data 2UDF3 Label: udf data 3UDF4 Label: udf data 4UDF6 Label: udf data 6UDF7 Label: OrangeUDF8 Label: SoccerUDF9 Label: udf data 9Amount:  $10.50Convenience Fees:  $2.00Convenience Fees Type:  Dual TransactionTax Amount: $0.00Total Amount: $12.50Transaction Type: Authorization and CaptureCard Information: VisaELIZATH CHRISTINE************1111Billing Information: Address Line 1: 258 Underwood rdAddress Line 2: Suite 600Country: United StatesCity: ARLINGTONState: VAZIP Code: 22201
Please click here to make another payment.
' or . = '
 
   Make a Real Estate Payment
   
   Lorem ipsum dolor sit amet, consectetuer adipiscing elit, sed diam nonummy nibh euismod tincidunt ut laoreet dolore magna aliquam erat volutpat. Ut wisi enim ad minim veniam, quis nostrud exerci tation ullamcorper suscipit lobortis nisl ut aliquip ex ea commodo consequat.Successful Payment ReceiptPlease print this receipt for your recordsRemittance ID: ddsf435sdfsdfPayment ID: 12133187Received: June 14, 2023 07:27PM EDTUDF1 Label: udf data 1UDF2 Label: udf data 2UDF3 Label: udf data 3UDF4 Label: udf data 4UDF6 Label: udf data 6UDF7 Label: OrangeUDF8 Label: SoccerUDF9 Label: udf data 9Amount:  $10.50Convenience Fees:  $2.00Convenience Fees Type:  Dual TransactionTax Amount: $0.00Total Amount: $12.50Transaction Type: Authorization and CaptureCard Information: VisaELIZATH CHRISTINE************1111Billing Information: Address Line 1: 258 Underwood rdAddress Line 2: Suite 600Country: United StatesCity: ARLINGTONState: VAZIP Code: 22201
Please click here to make another payment.
')]'.

2024-08-28 22:45:25 - [MESSAGE][INFO] - Unable to find the element located by 'By.cssSelector: div.main_col'. Please recheck the objects properties to make sure the desired element is located. 

2024-08-28 22:45:25 - [MESSAGE][FAILED] - Unable to get text of object 'Object Repository/IWP30/Page_Receipt/div_ReceiptSourceCode' (Root cause: com.kms.katalon.core.exception.StepFailedException: Unable to get text of object 'Object Repository/IWP30/Page_Receipt/div_ReceiptSourceCode'
	at com.kms.katalon.core.webui.keyword.internal.WebUIKeywordMain.stepFailed(WebUIKeywordMain.groovy:64)
	at com.kms.katalon.core.webui.keyword.internal.WebUIKeywordMain.runKeyword(WebUIKeywordMain.groovy:26)
	at com.kms.katalon.core.webui.keyword.builtin.GetTextKeyword.getText(GetTextKeyword.groovy:88)
	at com.kms.katalon.core.webui.keyword.builtin.GetTextKeyword.execute(GetTextKeyword.groovy:67)
	at com.kms.katalon.core.keyword.internal.KeywordExecutor.executeKeywordForPlatform(KeywordExecutor.groovy:74)
	at com.kms.katalon.core.webui.keyword.WebUiBuiltInKeywords.getText(WebUiBuiltInKeywords.groovy:918)
	at com.kms.katalon.core.webui.keyword.WebUiBuiltInKeywords$getText$9.call(Unknown Source)
	at NoModifyAmountCC.run(NoModifyAmountCC:103)
	at com.kms.katalon.core.main.ScriptEngine.run(ScriptEngine.java:194)
	at com.kms.katalon.core.main.ScriptEngine.runScriptAsRawText(ScriptEngine.java:119)
	at com.kms.katalon.core.main.TestCaseExecutor.runScript(TestCaseExecutor.java:448)
	at com.kms.katalon.core.main.TestCaseExecutor.doExecute(TestCaseExecutor.java:439)
	at com.kms.katalon.core.main.TestCaseExecutor.processExecutionPhase(TestCaseExecutor.java:418)
	at com.kms.katalon.core.main.TestCaseExecutor.accessMainPhase(TestCaseExecutor.java:410)
	at com.kms.katalon.core.main.TestCaseExecutor.execute(TestCaseExecutor.java:285)
	at com.kms.katalon.core.common.CommonExecutor.accessTestCaseMainPhase(CommonExecutor.java:65)
	at com.kms.katalon.core.main.TestSuiteExecutor.accessTestSuiteMainPhase(TestSuiteExecutor.java:148)
	at com.kms.katalon.core.main.TestSuiteExecutor.execute(TestSuiteExecutor.java:106)
	at com.kms.katalon.core.main.TestCaseMain.startTestSuite(TestCaseMain.java:187)
	at com.kms.katalon.core.main.TestCaseMain$startTestSuite$0.call(Unknown Source)
	at TempTestSuite1724897904035.run(TempTestSuite1724897904035.groovy:35)
Caused by: com.kms.katalon.core.webui.exception.WebElementNotFoundException: Web element with id: 'Object Repository/IWP30/Page_Receipt/div_ReceiptSourceCode' located by '/html[1]/body[1]/div[@class="wrapper"]/div[@class="main_col"][count(. | //div[@class = 'main_col']) = count(//div[@class = 'main_col'])]' not found
	at com.kms.katalon.core.webui.common.WebUiCommonHelper.findWebElement(WebUiCommonHelper.java:1381)
	at com.kms.katalon.core.webui.keyword.internal.WebUIAbstractKeyword.findWebElement(WebUIAbstractKeyword.groovy:27)
	at com.kms.katalon.core.webui.keyword.internal.WebUIAbstractKeyword.findWebElement(WebUIAbstractKeyword.groovy:26)
	at com.kms.katalon.core.webui.keyword.builtin.GetTextKeyword$_getText_closure1.doCall(GetTextKeyword.groovy:78)
	at com.kms.katalon.core.webui.keyword.builtin.GetTextKeyword$_getText_closure1.call(GetTextKeyword.groovy)
	at com.kms.katalon.core.webui.keyword.internal.WebUIKeywordMain.runKeyword(WebUIKeywordMain.groovy:20)
	at com.kms.katalon.core.webui.keyword.builtin.GetTextKeyword.getText(GetTextKeyword.groovy:88)
	at com.kms.katalon.core.webui.keyword.builtin.GetTextKeyword.execute(GetTextKeyword.groovy:67)
	at com.kms.katalon.core.keyword.internal.KeywordExecutor.executeKeywordForPlatform(KeywordExecutor.groovy:74)
	at com.kms.katalon.core.webui.keyword.WebUiBuiltInKeywords.getText(WebUiBuiltInKeywords.groovy:918)
	at com.kms.katalon.core.webui.keyword.WebUiBuiltInKeywords$getText$9.call(Unknown Source)
	at Script1688676105506.run(Script1688676105506.groovy:103)
	... 13 more
)
[[ATTACHMENT|E:\\Cloned-Project-Katalon\\VPS-Katalon\\Reports\\20240828_221824\\QA\\IWP3.0\\IWP30 Smoke TestSuite\\20240828_221824\\1724899525361.png]]

2024-08-28 22:45:25 - [TEST_STEP][PASSED] - closeBrowser(): Browser is closed

2024-08-28 22:45:26 - [MESSAGE][PASSED] - Browser is closed]]></system-out>
         <system-err><![CDATA[2024-08-28 22:42:47 - [TEST_CASE][FAILED] - Test Cases/IntegratedWeb/IWP30/Payments/NoModifyAmountCC: Test Cases/IntegratedWeb/IWP30/Payments/NoModifyAmountCC FAILED.
Reason:
com.kms.katalon.core.exception.StepFailedException: Unable to click on object 'Object Repository/IWP30/Page_Confirmation/ConfirmButton' (Root cause: com.kms.katalon.core.exception.StepFailedException: Unable to click on object 'Object Repository/IWP30/Page_Confirmation/ConfirmButton'
	at com.kms.katalon.core.webui.keyword.internal.WebUIKeywordMain.stepFailed(WebUIKeywordMain.groovy:64)
	at com.kms.katalon.core.webui.keyword.internal.WebUIKeywordMain.runKeyword(WebUIKeywordMain.groovy:26)
	at com.kms.katalon.core.webui.keyword.builtin.ClickKeyword.click(ClickKeyword.groovy:74)
	at com.kms.katalon.core.webui.keyword.builtin.ClickKeyword.execute(ClickKeyword.groovy:40)
	at com.kms.katalon.core.keyword.internal.KeywordExecutor.executeKeywordForPlatform(KeywordExecutor.groovy:74)
	at com.kms.katalon.core.webui.keyword.WebUiBuiltInKeywords.click(WebUiBuiltInKeywords.groovy:620)
	at com.kms.katalon.core.webui.keyword.WebUiBuiltInKeywords$click$3.call(Unknown Source)
	at NoModifyAmountCC.run(NoModifyAmountCC:84)
	at com.kms.katalon.core.main.ScriptEngine.run(ScriptEngine.java:194)
	at com.kms.katalon.core.main.ScriptEngine.runScriptAsRawText(ScriptEngine.java:119)
	at com.kms.katalon.core.main.TestCaseExecutor.runScript(TestCaseExecutor.java:448)
	at com.kms.katalon.core.main.TestCaseExecutor.doExecute(TestCaseExecutor.java:439)
	at com.kms.katalon.core.main.TestCaseExecutor.processExecutionPhase(TestCaseExecutor.java:418)
	at com.kms.katalon.core.main.TestCaseExecutor.accessMainPhase(TestCaseExecutor.java:410)
	at com.kms.katalon.core.main.TestCaseExecutor.execute(TestCaseExecutor.java:285)
	at com.kms.katalon.core.common.CommonExecutor.accessTestCaseMainPhase(CommonExecutor.java:65)
	at com.kms.katalon.core.main.TestSuiteExecutor.accessTestSuiteMainPhase(TestSuiteExecutor.java:148)
	at com.kms.katalon.core.main.TestSuiteExecutor.execute(TestSuiteExecutor.java:106)
	at com.kms.katalon.core.main.TestCaseMain.startTestSuite(TestCaseMain.java:187)
	at com.kms.katalon.core.main.TestCaseMain$startTestSuite$0.call(Unknown Source)
	at TempTestSuite1724897904035.run(TempTestSuite1724897904035.groovy:35)
Caused by: com.kms.katalon.core.webui.exception.WebElementNotFoundException: Web element with id: 'Object Repository/IWP30/Page_Confirmation/ConfirmButton' located by '//*[@type = 'submit' and @name = 'confirmNotifyAction' and @id = 'submitYes' and @value = 'Confirm']' not found
	at com.kms.katalon.core.webui.common.WebUiCommonHelper.findWebElement(WebUiCommonHelper.java:1381)
	at com.kms.katalon.core.webui.keyword.internal.WebUIAbstractKeyword.findWebElement(WebUIAbstractKeyword.groovy:27)
	at com.kms.katalon.core.webui.keyword.builtin.ClickKeyword$_click_closure1.doCall(ClickKeyword.groovy:65)
	at com.kms.katalon.core.webui.keyword.builtin.ClickKeyword$_click_closure1.call(ClickKeyword.groovy)
	at com.kms.katalon.core.webui.keyword.internal.WebUIKeywordMain.runKeyword(WebUIKeywordMain.groovy:20)
	at com.kms.katalon.core.webui.keyword.builtin.ClickKeyword.click(ClickKeyword.groovy:74)
	at com.kms.katalon.core.webui.keyword.builtin.ClickKeyword.execute(ClickKeyword.groovy:40)
	at com.kms.katalon.core.keyword.internal.KeywordExecutor.executeKeywordForPlatform(KeywordExecutor.groovy:74)
	at com.kms.katalon.core.webui.keyword.WebUiBuiltInKeywords.click(WebUiBuiltInKeywords.groovy:620)
	at com.kms.katalon.core.webui.keyword.WebUiBuiltInKeywords$click$3.call(Unknown Source)
	at Script1688676105506.run(Script1688676105506.groovy:84)
	... 13 more
)
	at com.kms.katalon.core.keyword.internal.KeywordMain.stepFailed(KeywordMain.groovy:39)
	at com.kms.katalon.core.webui.keyword.internal.WebUIKeywordMain.stepFailed(WebUIKeywordMain.groovy:64)
	at com.kms.katalon.core.webui.keyword.internal.WebUIKeywordMain.runKeyword(WebUIKeywordMain.groovy:26)
	at com.kms.katalon.core.webui.keyword.builtin.ClickKeyword.click(ClickKeyword.groovy:74)
	at com.kms.katalon.core.webui.keyword.builtin.ClickKeyword.execute(ClickKeyword.groovy:40)
	at com.kms.katalon.core.keyword.internal.KeywordExecutor.executeKeywordForPlatform(KeywordExecutor.groovy:74)
	at com.kms.katalon.core.webui.keyword.WebUiBuiltInKeywords.click(WebUiBuiltInKeywords.groovy:620)
	at com.kms.katalon.core.webui.keyword.WebUiBuiltInKeywords$click$3.call(Unknown Source)
	at NoModifyAmountCC.run(NoModifyAmountCC:84)
	at com.kms.katalon.core.main.ScriptEngine.run(ScriptEngine.java:194)
	at com.kms.katalon.core.main.ScriptEngine.runScriptAsRawText(ScriptEngine.java:119)
	at com.kms.katalon.core.main.TestCaseExecutor.runScript(TestCaseExecutor.java:448)
	at com.kms.katalon.core.main.TestCaseExecutor.doExecute(TestCaseExecutor.java:439)
	at com.kms.katalon.core.main.TestCaseExecutor.processExecutionPhase(TestCaseExecutor.java:418)
	at com.kms.katalon.core.main.TestCaseExecutor.accessMainPhase(TestCaseExecutor.java:410)
	at com.kms.katalon.core.main.TestCaseExecutor.execute(TestCaseExecutor.java:285)
	at com.kms.katalon.core.common.CommonExecutor.accessTestCaseMainPhase(CommonExecutor.java:65)
	at com.kms.katalon.core.main.TestSuiteExecutor.accessTestSuiteMainPhase(TestSuiteExecutor.java:148)
	at com.kms.katalon.core.main.TestSuiteExecutor.execute(TestSuiteExecutor.java:106)
	at com.kms.katalon.core.main.TestCaseMain.startTestSuite(TestCaseMain.java:187)
	at com.kms.katalon.core.main.TestCaseMain$startTestSuite$0.call(Unknown Source)
	at TempTestSuite1724897904035.run(TempTestSuite1724897904035.groovy:35)
Caused by: com.kms.katalon.core.exception.StepFailedException: Unable to click on object 'Object Repository/IWP30/Page_Confirmation/ConfirmButton'
	... 21 more
Caused by: com.kms.katalon.core.webui.exception.WebElementNotFoundException: Web element with id: 'Object Repository/IWP30/Page_Confirmation/ConfirmButton' located by '//*[@type = 'submit' and @name = 'confirmNotifyAction' and @id = 'submitYes' and @value = 'Confirm']' not found
	at com.kms.katalon.core.webui.common.WebUiCommonHelper.findWebElement(WebUiCommonHelper.java:1381)
	at com.kms.katalon.core.webui.keyword.internal.WebUIAbstractKeyword.findWebElement(WebUIAbstractKeyword.groovy:27)
	at com.kms.katalon.core.webui.keyword.builtin.ClickKeyword$_click_closure1.doCall(ClickKeyword.groovy:65)
	at com.kms.katalon.core.webui.keyword.builtin.ClickKeyword$_click_closure1.call(ClickKeyword.groovy)
	at com.kms.katalon.core.webui.keyword.internal.WebUIKeywordMain.runKeyword(WebUIKeywordMain.groovy:20)
	... 19 more]]></system-err>
      </testcase>
      <testcase name="Test Cases/IntegratedWeb/IWP30/Payments/PayNowReqFieldsCC" time="140.606" classname="Test Cases/IntegratedWeb/IWP30/Payments/PayNowReqFieldsCC" status="PASSED">
         <system-out><![CDATA[2024-08-28 22:45:26 - [TEST_CASE][PASSED] - Test Cases/IntegratedWeb/IWP30/Payments/PayNowReqFieldsCC: Test Cases/IntegratedWeb/IWP30/Payments/PayNowReqFieldsCC

2024-08-28 22:45:27 - [TEST_STEP][PASSED] - resText = "Fail": null

2024-08-28 22:45:27 - [TEST_STEP][PASSED] - resColumn = "Result": null

2024-08-28 22:45:27 - [TEST_STEP][PASSED] - datCloumn = "Date": null

2024-08-28 22:45:27 - [TEST_STEP][PASSED] - fileLoc = "KatalonData/VRelay30PayNow.xlsx": null

2024-08-28 22:45:27 - [TEST_STEP][PASSED] - nameSheet = "PayNowCC": null

2024-08-28 22:45:27 - [TEST_STEP][PASSED] - dataFile = "IWPTestData/IWP30PayNowCC": null

2024-08-28 22:45:27 - [TEST_STEP][PASSED] - numOfRows = findTestData("IWPTestData/IWP30PayNowCC").getRowNumbers(): null

2024-08-28 22:45:27 - [TEST_STEP][PASSED] - println(numOfRows): null

2024-08-28 22:45:27 - [TEST_STEP][PASSED] - for ([row = 1, row <= numOfRows, (row++)]): Browser is closed

2024-08-28 22:45:27 - [TEST_STEP][PASSED] - ExecuteTC = findTestData("IWPTestData/IWP30PayNowCC").getValue("Execute", row): null

2024-08-28 22:45:27 - [TEST_STEP][PASSED] - out.println("Value of Execute is : " + ExecuteTC): null

2024-08-28 22:45:27 - [TEST_STEP][PASSED] - if (ExecuteTC.equalsIgnoreCase("Y")): null

2024-08-28 22:45:27 - [TEST_STEP][PASSED] - ExecuteTC = findTestData("IWPTestData/IWP30PayNowCC").getValue("Execute", row): null

2024-08-28 22:45:27 - [TEST_STEP][PASSED] - out.println("Value of Execute is : " + ExecuteTC): null

2024-08-28 22:45:27 - [TEST_STEP][PASSED] - if (ExecuteTC.equalsIgnoreCase("Y")): null

2024-08-28 22:45:27 - [TEST_STEP][PASSED] - ExecuteTC = findTestData("IWPTestData/IWP30PayNowCC").getValue("Execute", row): null

2024-08-28 22:45:27 - [TEST_STEP][PASSED] - out.println("Value of Execute is : " + ExecuteTC): null

2024-08-28 22:45:27 - [TEST_STEP][PASSED] - if (ExecuteTC.equalsIgnoreCase("Y")): null

2024-08-28 22:45:27 - [TEST_STEP][PASSED] - ExecuteTC = findTestData("IWPTestData/IWP30PayNowCC").getValue("Execute", row): null

2024-08-28 22:45:27 - [TEST_STEP][PASSED] - out.println("Value of Execute is : " + ExecuteTC): null

2024-08-28 22:45:27 - [TEST_STEP][PASSED] - if (ExecuteTC.equalsIgnoreCase("Y")): null

2024-08-28 22:45:27 - [TEST_STEP][PASSED] - ExecuteTC = findTestData("IWPTestData/IWP30PayNowCC").getValue("Execute", row): null

2024-08-28 22:45:27 - [TEST_STEP][PASSED] - out.println("Value of Execute is : " + ExecuteTC): null

2024-08-28 22:45:27 - [TEST_STEP][PASSED] - if (ExecuteTC.equalsIgnoreCase("Y")): null

2024-08-28 22:45:27 - [TEST_STEP][PASSED] - ExecuteTC = findTestData("IWPTestData/IWP30PayNowCC").getValue("Execute", row): null

2024-08-28 22:45:27 - [TEST_STEP][PASSED] - out.println("Value of Execute is : " + ExecuteTC): null

2024-08-28 22:45:27 - [TEST_STEP][PASSED] - if (ExecuteTC.equalsIgnoreCase("Y")): null

2024-08-28 22:45:27 - [TEST_STEP][PASSED] - ExecuteTC = findTestData("IWPTestData/IWP30PayNowCC").getValue("Execute", row): null

2024-08-28 22:45:27 - [TEST_STEP][PASSED] - out.println("Value of Execute is : " + ExecuteTC): null

2024-08-28 22:45:27 - [TEST_STEP][PASSED] - if (ExecuteTC.equalsIgnoreCase("Y")): null

2024-08-28 22:45:27 - [TEST_STEP][PASSED] - ExecuteTC = findTestData("IWPTestData/IWP30PayNowCC").getValue("Execute", row): null

2024-08-28 22:45:27 - [TEST_STEP][PASSED] - out.println("Value of Execute is : " + ExecuteTC): null

2024-08-28 22:45:27 - [TEST_STEP][PASSED] - if (ExecuteTC.equalsIgnoreCase("Y")): Browser is closed

2024-08-28 22:45:27 - [TEST_STEP][PASSED] - out.println("Begin Record Number: " + row): null

2024-08-28 22:45:27 - [TEST_STEP][PASSED] - today = new java.util.Date(): null

2024-08-28 22:45:27 - [TEST_STEP][PASSED] - println(today): null

2024-08-28 22:45:27 - [TEST_STEP][PASSED] - datText = today: null

2024-08-28 22:45:27 - [TEST_STEP][PASSED] - try: null

2024-08-28 22:45:27 - [TEST_STEP][PASSED] - MV = findTestData("IWPTestData/IWP30PayNowCC").getValue("MV", row): null

2024-08-28 22:45:27 - [TEST_STEP][PASSED] - println(MV): null

2024-08-28 22:45:27 - [TEST_STEP][PASSED] - Amount = findTestData("IWPTestData/IWP30PayNowCC").getValue("Amount", row): null

2024-08-28 22:45:27 - [TEST_STEP][PASSED] - println(Amount): null

2024-08-28 22:45:27 - [TEST_STEP][PASSED] - CAN = findTestData("IWPTestData/IWP30PayNowCC").getValue("CAN", row): null

2024-08-28 22:45:28 - [TEST_STEP][PASSED] - println(CAN): null

2024-08-28 22:45:28 - [TEST_STEP][PASSED] - Action = findTestData("IWPTestData/IWP30PayNowCC").getValue("Action", row): null

2024-08-28 22:45:28 - [TEST_STEP][PASSED] - println(Action): null

2024-08-28 22:45:28 - [TEST_STEP][PASSED] - Lang = findTestData("IWPTestData/IWP30PayNowCC").getValue("Lang", row): null

2024-08-28 22:45:28 - [TEST_STEP][PASSED] - println(Lang): null

2024-08-28 22:45:28 - [TEST_STEP][PASSED] - Fname = findTestData("IWPTestData/IWP30PayNowCC").getValue("Fname", row): null

2024-08-28 22:45:28 - [TEST_STEP][PASSED] - println(Fname): null

2024-08-28 22:45:28 - [TEST_STEP][PASSED] - Lname = findTestData("IWPTestData/IWP30PayNowCC").getValue("Lname", row): null

2024-08-28 22:45:28 - [TEST_STEP][PASSED] - println(Lname): null

2024-08-28 22:45:28 - [TEST_STEP][PASSED] - AL1 = findTestData("IWPTestData/IWP30PayNowCC").getValue("AL1", row): null

2024-08-28 22:45:28 - [TEST_STEP][PASSED] - println(AL1): null

2024-08-28 22:45:28 - [TEST_STEP][PASSED] - AL2 = findTestData("IWPTestData/IWP30PayNowCC").getValue("AL2", row): null

2024-08-28 22:45:28 - [TEST_STEP][PASSED] - println(AL2): null

2024-08-28 22:45:28 - [TEST_STEP][PASSED] - Country = findTestData("IWPTestData/IWP30PayNowCC").getValue("Country", row): null

2024-08-28 22:45:28 - [TEST_STEP][PASSED] - println(Country): null

2024-08-28 22:45:28 - [TEST_STEP][PASSED] - City = findTestData("IWPTestData/IWP30PayNowCC").getValue("City", row): null

2024-08-28 22:45:28 - [TEST_STEP][PASSED] - println(City): null

2024-08-28 22:45:28 - [TEST_STEP][PASSED] - State = findTestData("IWPTestData/IWP30PayNowCC").getValue("State", row): null

2024-08-28 22:45:28 - [TEST_STEP][PASSED] - println(State): null

2024-08-28 22:45:28 - [TEST_STEP][PASSED] - ZIP = findTestData("IWPTestData/IWP30PayNowCC").getValue("ZIP", row): null

2024-08-28 22:45:28 - [TEST_STEP][PASSED] - println(ZIP): null

2024-08-28 22:45:28 - [TEST_STEP][PASSED] - Order = findTestData("IWPTestData/IWP30PayNowCC").getValue("Order", row): null

2024-08-28 22:45:28 - [TEST_STEP][PASSED] - println(Order): null

2024-08-28 22:45:28 - [TEST_STEP][PASSED] - CompanyName = findTestData("IWPTestData/IWP30PayNowCC").getValue("CompanyName", row): null

2024-08-28 22:45:28 - [TEST_STEP][PASSED] - println(CompanyName): null

2024-08-28 22:45:28 - [TEST_STEP][PASSED] - Email = findTestData("IWPTestData/IWP30PayNowCC").getValue("Email", row): null

2024-08-28 22:45:28 - [TEST_STEP][PASSED] - println(Email): null

2024-08-28 22:45:28 - [TEST_STEP][PASSED] - UDF1 = findTestData("IWPTestData/IWP30PayNowCC").getValue("UDF1", row): null

2024-08-28 22:45:28 - [TEST_STEP][PASSED] - println(UDF1): null

2024-08-28 22:45:28 - [TEST_STEP][PASSED] - UDF2 = findTestData("IWPTestData/IWP30PayNowCC").getValue("UDF2", row): null

2024-08-28 22:45:28 - [TEST_STEP][PASSED] - println(UDF2): null

2024-08-28 22:45:28 - [TEST_STEP][PASSED] - UDF3 = findTestData("IWPTestData/IWP30PayNowCC").getValue("UDF3", row): null

2024-08-28 22:45:28 - [TEST_STEP][PASSED] - println(UDF3): null

2024-08-28 22:45:28 - [TEST_STEP][PASSED] - UDF4 = findTestData("IWPTestData/IWP30PayNowCC").getValue("UDF4", row): null

2024-08-28 22:45:28 - [TEST_STEP][PASSED] - println(UDF4): null

2024-08-28 22:45:28 - [TEST_STEP][PASSED] - UDF5 = findTestData("IWPTestData/IWP30PayNowCC").getValue("UDF5", row): null

2024-08-28 22:45:28 - [TEST_STEP][PASSED] - println(UDF5): null

2024-08-28 22:45:28 - [TEST_STEP][PASSED] - UDF6 = findTestData("IWPTestData/IWP30PayNowCC").getValue("UDF6", row): null

2024-08-28 22:45:28 - [TEST_STEP][PASSED] - println(UDF6): null

2024-08-28 22:45:28 - [TEST_STEP][PASSED] - UDF7 = findTestData("IWPTestData/IWP30PayNowCC").getValue("UDF7", row): null

2024-08-28 22:45:28 - [TEST_STEP][PASSED] - println(UDF7): null

2024-08-28 22:45:28 - [TEST_STEP][PASSED] - UDF8 = findTestData("IWPTestData/IWP30PayNowCC").getValue("UDF8", row): null

2024-08-28 22:45:28 - [TEST_STEP][PASSED] - println(UDF8): null

2024-08-28 22:45:28 - [TEST_STEP][PASSED] - UDF9 = findTestData("IWPTestData/IWP30PayNowCC").getValue("UDF9", row): null

2024-08-28 22:45:29 - [TEST_STEP][PASSED] - println(UDF9): null

2024-08-28 22:45:29 - [TEST_STEP][PASSED] - UDF10 = findTestData("IWPTestData/IWP30PayNowCC").getValue("UDF10", row): null

2024-08-28 22:45:29 - [TEST_STEP][PASSED] - println(UDF10): null

2024-08-28 22:45:29 - [TEST_STEP][PASSED] - AppID = findTestData("IWPTestData/IWP30PayNowCC").getValue("AppID", row): null

2024-08-28 22:45:29 - [TEST_STEP][PASSED] - println(AppID): null

2024-08-28 22:45:29 - [TEST_STEP][PASSED] - MessageVersion = findTestData("IWPTestData/IWP30PayNowCC").getValue("MessageVersion", row): null

2024-08-28 22:45:29 - [TEST_STEP][PASSED] - println(MessageVersion): null

2024-08-28 22:45:29 - [TEST_STEP][PASSED] - CCAmount = findTestData("IWPTestData/IWP30PayNowCC").getValue("CCAmount", row): null

2024-08-28 22:45:29 - [TEST_STEP][PASSED] - println(CCAmount): null

2024-08-28 22:45:29 - [TEST_STEP][PASSED] - CCUDF1 = findTestData("IWPTestData/IWP30PayNowCC").getValue("CCUDF1", row): null

2024-08-28 22:45:29 - [TEST_STEP][PASSED] - println(CCUDF1): null

2024-08-28 22:45:29 - [TEST_STEP][PASSED] - CCUDF2 = findTestData("IWPTestData/IWP30PayNowCC").getValue("CCUDF2", row): null

2024-08-28 22:45:29 - [TEST_STEP][PASSED] - println(CCUDF2): null

2024-08-28 22:45:29 - [TEST_STEP][PASSED] - CCUDF3 = findTestData("IWPTestData/IWP30PayNowCC").getValue("CCUDF3", row): null

2024-08-28 22:45:29 - [TEST_STEP][PASSED] - println(CCUDF3): null

2024-08-28 22:45:29 - [TEST_STEP][PASSED] - CCUDF4 = findTestData("IWPTestData/IWP30PayNowCC").getValue("CCUDF4", row): null

2024-08-28 22:45:29 - [TEST_STEP][PASSED] - println(CCUDF4): null

2024-08-28 22:45:29 - [TEST_STEP][PASSED] - CCUDF5 = findTestData("IWPTestData/IWP30PayNowCC").getValue("CCUDF5", row): null

2024-08-28 22:45:29 - [TEST_STEP][PASSED] - println(CCUDF5): null

2024-08-28 22:45:29 - [TEST_STEP][PASSED] - CCUDF6 = findTestData("IWPTestData/IWP30PayNowCC").getValue("CCUDF6", row): null

2024-08-28 22:45:29 - [TEST_STEP][PASSED] - println(CCUDF6): null

2024-08-28 22:45:29 - [TEST_STEP][PASSED] - CCUDF7 = findTestData("IWPTestData/IWP30PayNowCC").getValue("CCUDF7", row): null

2024-08-28 22:45:29 - [TEST_STEP][PASSED] - println(CCUDF7): null

2024-08-28 22:45:29 - [TEST_STEP][PASSED] - CCUDF8 = findTestData("IWPTestData/IWP30PayNowCC").getValue("CCUDF8", row): null

2024-08-28 22:45:29 - [TEST_STEP][PASSED] - println(CCUDF8): null

2024-08-28 22:45:29 - [TEST_STEP][PASSED] - CCUDF9 = findTestData("IWPTestData/IWP30PayNowCC").getValue("CCUDF9", row): null

2024-08-28 22:45:29 - [TEST_STEP][PASSED] - println(CCUDF9): null

2024-08-28 22:45:29 - [TEST_STEP][PASSED] - CCUDF10 = findTestData("IWPTestData/IWP30PayNowCC").getValue("CCUDF10", row): null

2024-08-28 22:45:29 - [TEST_STEP][PASSED] - println(CCUDF10): null

2024-08-28 22:45:29 - [TEST_STEP][PASSED] - CCName = findTestData("IWPTestData/IWP30PayNowCC").getValue("CCName", row): null

2024-08-28 22:45:29 - [TEST_STEP][PASSED] - println(CCName): null

2024-08-28 22:45:29 - [TEST_STEP][PASSED] - CCCardNum = findTestData("IWPTestData/IWP30PayNowCC").getValue("CCCardNum", row): null

2024-08-28 22:45:29 - [TEST_STEP][PASSED] - println(CCCardNum): null

2024-08-28 22:45:29 - [TEST_STEP][PASSED] - CCSPC = findTestData("IWPTestData/IWP30PayNowCC").getValue("CCSPC", row): null

2024-08-28 22:45:29 - [TEST_STEP][PASSED] - println(CCSPC): null

2024-08-28 22:45:29 - [TEST_STEP][PASSED] - CCExpM = findTestData("IWPTestData/IWP30PayNowCC").getValue("CCExpM", row): null

2024-08-28 22:45:29 - [TEST_STEP][PASSED] - println(CCExpM): null

2024-08-28 22:45:29 - [TEST_STEP][PASSED] - CCExpY = findTestData("IWPTestData/IWP30PayNowCC").getValue("CCExpY", row): null

2024-08-28 22:45:29 - [TEST_STEP][PASSED] - println(CCExpY): null

2024-08-28 22:45:29 - [TEST_STEP][PASSED] - CCDate = findTestData("IWPTestData/IWP30PayNowCC").getValue("CCDate", row): null

2024-08-28 22:45:29 - [TEST_STEP][PASSED] - println(CCDate): null

2024-08-28 22:45:29 - [TEST_STEP][PASSED] - CCAL1 = findTestData("IWPTestData/IWP30PayNowCC").getValue("CCAL1", row): null

2024-08-28 22:45:29 - [TEST_STEP][PASSED] - println(CCAL1): null

2024-08-28 22:45:29 - [TEST_STEP][PASSED] - CCAL2 = findTestData("IWPTestData/IWP30PayNowCC").getValue("CCAL2", row): null

2024-08-28 22:45:30 - [TEST_STEP][PASSED] - println(CCAL2): null

2024-08-28 22:45:30 - [TEST_STEP][PASSED] - CCZIP = findTestData("IWPTestData/IWP30PayNowCC").getValue("CCZIP", row): null

2024-08-28 22:45:30 - [TEST_STEP][PASSED] - println(CCZIP): null

2024-08-28 22:45:30 - [TEST_STEP][PASSED] - CCEmail = findTestData("IWPTestData/IWP30PayNowCC").getValue("CCEmail", row): null

2024-08-28 22:45:30 - [TEST_STEP][PASSED] - println(CCEmail): null

2024-08-28 22:45:30 - [TEST_STEP][PASSED] - openBrowser(urlEmulator): Browser is opened with url: 'https://qa2.velocitypayment.com/agency/config.do?action=editor'

2024-08-28 22:45:30 - [MESSAGE][INFO] - Starting 'Chrome' driver

2024-08-28 22:45:30 - [MESSAGE][INFO] - User set preference: ['acceptInsecureCerts', 'true']

2024-08-28 22:45:30 - [MESSAGE][INFO] - Action delay is set to 0 milliseconds

2024-08-28 22:45:31 - [MESSAGE][PASSED] - Browser is opened with url: 'https://qa2.velocitypayment.com/agency/config.do?action=editor'

2024-08-28 22:45:31 - [TEST_STEP][PASSED] - maximizeWindow(): Current window maximized

2024-08-28 22:45:32 - [MESSAGE][PASSED] - Current window maximized

2024-08-28 22:45:32 - [TEST_STEP][PASSED] - selectOptionByValue(findTestObject("IWP30/Page_VRelay30Emulator/MV"), MV, true): All options with value '3.0' are selected in object 'Object Repository/IWP30/Page_VRelay30Emulator/MV'  using regular expression

2024-08-28 22:45:33 - [MESSAGE][PASSED] - All options with value '3.0' are selected in object 'Object Repository/IWP30/Page_VRelay30Emulator/MV'  using regular expression

2024-08-28 22:45:33 - [TEST_STEP][PASSED] - setText(findTestObject("IWP30/Page_VRelay30Emulator/Amount"), Amount): Text '35.50' is set on object 'Object Repository/IWP30/Page_VRelay30Emulator/Amount'

2024-08-28 22:45:34 - [MESSAGE][PASSED] - Text '35.50' is set on object 'Object Repository/IWP30/Page_VRelay30Emulator/Amount'

2024-08-28 22:45:34 - [TEST_STEP][PASSED] - setText(findTestObject("IWP30/Page_VRelay30Emulator/CAN"), CAN): Text '26412109' is set on object 'Object Repository/IWP30/Page_VRelay30Emulator/CAN'

2024-08-28 22:45:34 - [MESSAGE][PASSED] - Text '26412109' is set on object 'Object Repository/IWP30/Page_VRelay30Emulator/CAN'

2024-08-28 22:45:34 - [TEST_STEP][PASSED] - setText(findTestObject("IWP30/Page_VRelay30Emulator/Action"), Action): Text 'PayNow' is set on object 'Object Repository/IWP30/Page_VRelay30Emulator/Action'

2024-08-28 22:45:35 - [MESSAGE][PASSED] - Text 'PayNow' is set on object 'Object Repository/IWP30/Page_VRelay30Emulator/Action'

2024-08-28 22:45:35 - [TEST_STEP][PASSED] - setText(findTestObject("IWP30/Page_VRelay30Emulator/Lang"), Lang): Text 'en_US' is set on object 'Object Repository/IWP30/Page_VRelay30Emulator/Lang'

2024-08-28 22:45:36 - [MESSAGE][PASSED] - Text 'en_US' is set on object 'Object Repository/IWP30/Page_VRelay30Emulator/Lang'

2024-08-28 22:45:36 - [TEST_STEP][PASSED] - setText(findTestObject("IWP30/Page_VRelay30Emulator/Fname"), Fname): Text 'Jonty' is set on object 'Object Repository/IWP30/Page_VRelay30Emulator/Fname'

2024-08-28 22:45:36 - [MESSAGE][PASSED] - Text 'Jonty' is set on object 'Object Repository/IWP30/Page_VRelay30Emulator/Fname'

2024-08-28 22:45:36 - [TEST_STEP][PASSED] - setText(findTestObject("IWP30/Page_VRelay30Emulator/Lname"), Lname): Text 'Smith' is set on object 'Object Repository/IWP30/Page_VRelay30Emulator/Lname'

2024-08-28 22:45:37 - [MESSAGE][PASSED] - Text 'Smith' is set on object 'Object Repository/IWP30/Page_VRelay30Emulator/Lname'

2024-08-28 22:45:37 - [TEST_STEP][PASSED] - setText(findTestObject("IWP30/Page_VRelay30Emulator/AL1"), AL1): Text '15 Elm St' is set on object 'Object Repository/IWP30/Page_VRelay30Emulator/AL1'

2024-08-28 22:45:38 - [MESSAGE][PASSED] - Text '15 Elm St' is set on object 'Object Repository/IWP30/Page_VRelay30Emulator/AL1'

2024-08-28 22:45:38 - [TEST_STEP][PASSED] - setText(findTestObject("IWP30/Page_VRelay30Emulator/AL2"), AL2): Text 'Suite 600' is set on object 'Object Repository/IWP30/Page_VRelay30Emulator/AL2'

2024-08-28 22:45:38 - [MESSAGE][PASSED] - Text 'Suite 600' is set on object 'Object Repository/IWP30/Page_VRelay30Emulator/AL2'

2024-08-28 22:45:38 - [TEST_STEP][PASSED] - setText(findTestObject("IWP30/Page_VRelay30Emulator/Country"), Country): Text '840' is set on object 'Object Repository/IWP30/Page_VRelay30Emulator/Country'

2024-08-28 22:45:39 - [MESSAGE][PASSED] - Text '840' is set on object 'Object Repository/IWP30/Page_VRelay30Emulator/Country'

2024-08-28 22:45:39 - [TEST_STEP][PASSED] - setText(findTestObject("IWP30/Page_VRelay30Emulator/City"), City): Text 'Gambrills' is set on object 'Object Repository/IWP30/Page_VRelay30Emulator/City'

2024-08-28 22:45:40 - [MESSAGE][PASSED] - Text 'Gambrills' is set on object 'Object Repository/IWP30/Page_VRelay30Emulator/City'

2024-08-28 22:45:40 - [TEST_STEP][PASSED] - setText(findTestObject("IWP30/Page_VRelay30Emulator/State"), State): Text 'MD' is set on object 'Object Repository/IWP30/Page_VRelay30Emulator/State'

2024-08-28 22:45:40 - [MESSAGE][PASSED] - Text 'MD' is set on object 'Object Repository/IWP30/Page_VRelay30Emulator/State'

2024-08-28 22:45:40 - [TEST_STEP][PASSED] - setText(findTestObject("IWP30/Page_VRelay30Emulator/ZIP"), ZIP): Text '21054' is set on object 'Object Repository/IWP30/Page_VRelay30Emulator/ZIP'

2024-08-28 22:45:41 - [MESSAGE][PASSED] - Text '21054' is set on object 'Object Repository/IWP30/Page_VRelay30Emulator/ZIP'

2024-08-28 22:45:41 - [TEST_STEP][PASSED] - setText(findTestObject("IWP30/Page_VRelay30Emulator/Order"), Order): Text '' is set on object 'Object Repository/IWP30/Page_VRelay30Emulator/Order'

2024-08-28 22:45:42 - [MESSAGE][PASSED] - Text '' is set on object 'Object Repository/IWP30/Page_VRelay30Emulator/Order'

2024-08-28 22:45:42 - [TEST_STEP][PASSED] - setText(findTestObject("IWP30/Page_VRelay30Emulator/Company"), CompanyName): Text '' is set on object 'Object Repository/IWP30/Page_VRelay30Emulator/Company'

2024-08-28 22:45:43 - [MESSAGE][PASSED] - Text '' is set on object 'Object Repository/IWP30/Page_VRelay30Emulator/Company'

2024-08-28 22:45:43 - [TEST_STEP][PASSED] - setText(findTestObject("IWP30/Page_VRelay30Emulator/Email"), Email): Text 'iahmed@govolution.com' is set on object 'Object Repository/IWP30/Page_VRelay30Emulator/Email'

2024-08-28 22:45:43 - [MESSAGE][PASSED] - Text 'iahmed@govolution.com' is set on object 'Object Repository/IWP30/Page_VRelay30Emulator/Email'

2024-08-28 22:45:43 - [TEST_STEP][PASSED] - setText(findTestObject("IWP30/Page_VRelay30Emulator/UDF1"), UDF1): Text 'udf data 1' is set on object 'Object Repository/IWP30/Page_VRelay30Emulator/UDF1'

2024-08-28 22:45:44 - [MESSAGE][PASSED] - Text 'udf data 1' is set on object 'Object Repository/IWP30/Page_VRelay30Emulator/UDF1'

2024-08-28 22:45:44 - [TEST_STEP][PASSED] - setText(findTestObject("IWP30/Page_VRelay30Emulator/UDF2"), UDF2): Text 'udf data 2' is set on object 'Object Repository/IWP30/Page_VRelay30Emulator/UDF2'

2024-08-28 22:45:45 - [MESSAGE][PASSED] - Text 'udf data 2' is set on object 'Object Repository/IWP30/Page_VRelay30Emulator/UDF2'

2024-08-28 22:45:45 - [TEST_STEP][PASSED] - setText(findTestObject("IWP30/Page_VRelay30Emulator/UDF3"), UDF3): Text 'udf data 3' is set on object 'Object Repository/IWP30/Page_VRelay30Emulator/UDF3'

2024-08-28 22:45:45 - [MESSAGE][PASSED] - Text 'udf data 3' is set on object 'Object Repository/IWP30/Page_VRelay30Emulator/UDF3'

2024-08-28 22:45:45 - [TEST_STEP][PASSED] - setText(findTestObject("IWP30/Page_VRelay30Emulator/UDF4"), UDF4): Text 'udf data 4' is set on object 'Object Repository/IWP30/Page_VRelay30Emulator/UDF4'

2024-08-28 22:45:46 - [MESSAGE][PASSED] - Text 'udf data 4' is set on object 'Object Repository/IWP30/Page_VRelay30Emulator/UDF4'

2024-08-28 22:45:46 - [TEST_STEP][PASSED] - setText(findTestObject("IWP30/Page_VRelay30Emulator/UDF5"), UDF5): Text 'udf data 5' is set on object 'Object Repository/IWP30/Page_VRelay30Emulator/UDF5'

2024-08-28 22:45:47 - [MESSAGE][PASSED] - Text 'udf data 5' is set on object 'Object Repository/IWP30/Page_VRelay30Emulator/UDF5'

2024-08-28 22:45:47 - [TEST_STEP][PASSED] - setText(findTestObject("IWP30/Page_VRelay30Emulator/UDF6"), UDF6): Text 'udf data 6' is set on object 'Object Repository/IWP30/Page_VRelay30Emulator/UDF6'

2024-08-28 22:45:47 - [MESSAGE][PASSED] - Text 'udf data 6' is set on object 'Object Repository/IWP30/Page_VRelay30Emulator/UDF6'

2024-08-28 22:45:47 - [TEST_STEP][PASSED] - setText(findTestObject("IWP30/Page_VRelay30Emulator/UDF7"), UDF7): Text 'Orange' is set on object 'Object Repository/IWP30/Page_VRelay30Emulator/UDF7'

2024-08-28 22:45:48 - [MESSAGE][PASSED] - Text 'Orange' is set on object 'Object Repository/IWP30/Page_VRelay30Emulator/UDF7'

2024-08-28 22:45:48 - [TEST_STEP][PASSED] - setText(findTestObject("IWP30/Page_VRelay30Emulator/UDF8"), UDF8): Text 'Soccer' is set on object 'Object Repository/IWP30/Page_VRelay30Emulator/UDF8'

2024-08-28 22:45:49 - [MESSAGE][PASSED] - Text 'Soccer' is set on object 'Object Repository/IWP30/Page_VRelay30Emulator/UDF8'

2024-08-28 22:45:49 - [TEST_STEP][PASSED] - setText(findTestObject("IWP30/Page_VRelay30Emulator/UDF9"), UDF9): Text 'udf data 9' is set on object 'Object Repository/IWP30/Page_VRelay30Emulator/UDF9'

2024-08-28 22:45:49 - [MESSAGE][PASSED] - Text 'udf data 9' is set on object 'Object Repository/IWP30/Page_VRelay30Emulator/UDF9'

2024-08-28 22:45:49 - [TEST_STEP][PASSED] - setText(findTestObject("IWP30/Page_VRelay30Emulator/UDF10"), UDF10): Text 'udf data 10' is set on object 'Object Repository/IWP30/Page_VRelay30Emulator/UDF10'

2024-08-28 22:45:50 - [MESSAGE][PASSED] - Text 'udf data 10' is set on object 'Object Repository/IWP30/Page_VRelay30Emulator/UDF10'

2024-08-28 22:45:50 - [TEST_STEP][PASSED] - Thread.sleep(5000): null

2024-08-28 22:45:55 - [TEST_STEP][PASSED] - click(findTestObject("IWP30/Page_VRelay30Emulator/Submit")): Object: 'Object Repository/IWP30/Page_VRelay30Emulator/Submit' is clicked on

2024-08-28 22:45:56 - [MESSAGE][PASSED] - Object: 'Object Repository/IWP30/Page_VRelay30Emulator/Submit' is clicked on

2024-08-28 22:45:56 - [TEST_STEP][PASSED] - closeBrowser(): Browser is closed

2024-08-28 22:45:57 - [MESSAGE][PASSED] - Browser is closed

2024-08-28 22:45:57 - [TEST_STEP][PASSED] - openBrowser(urlTestHarness): Browser is opened with url: 'https://dev-algorithm.govolution.com/vrelaytest/QA2/version_2_2/vrelaytest.html'

2024-08-28 22:45:57 - [MESSAGE][INFO] - Starting 'Chrome' driver

2024-08-28 22:45:57 - [MESSAGE][INFO] - User set preference: ['acceptInsecureCerts', 'true']

2024-08-28 22:45:57 - [MESSAGE][INFO] - Action delay is set to 0 milliseconds

2024-08-28 22:45:59 - [MESSAGE][PASSED] - Browser is opened with url: 'https://dev-algorithm.govolution.com/vrelaytest/QA2/version_2_2/vrelaytest.html'

2024-08-28 22:45:59 - [TEST_STEP][PASSED] - maximizeWindow(): Current window maximized

2024-08-28 22:45:59 - [MESSAGE][PASSED] - Current window maximized

2024-08-28 22:45:59 - [TEST_STEP][PASSED] - genRemIDVoid = RandomStringUtils.random(12, true, true): null

2024-08-28 22:45:59 - [TEST_STEP][PASSED] - if (verifyElementPresent(findTestObject("Object Repository/IWP30/Page_QATestHarness/RemittanceID"), 30)): null

2024-08-28 22:45:59 - [MESSAGE][PASSED] - Object 'Object Repository/IWP30/Page_QATestHarness/RemittanceID' is present

2024-08-28 22:45:59 - [TEST_STEP][PASSED] - println("We are on Test Harness page, start populating"): null

2024-08-28 22:45:59 - [TEST_STEP][PASSED] - setText(findTestObject("Object Repository/IWP30/Page_QATestHarness/ApplicationID"), AppID): Text '649' is set on object 'Object Repository/IWP30/Page_QATestHarness/ApplicationID'

2024-08-28 22:46:00 - [MESSAGE][PASSED] - Text '649' is set on object 'Object Repository/IWP30/Page_QATestHarness/ApplicationID'

2024-08-28 22:46:00 - [TEST_STEP][PASSED] - setText(findTestObject("Object Repository/IWP30/Page_QATestHarness/MessageVersion"), MessageVersion): Text '3.0' is set on object 'Object Repository/IWP30/Page_QATestHarness/MessageVersion'

2024-08-28 22:46:01 - [MESSAGE][PASSED] - Text '3.0' is set on object 'Object Repository/IWP30/Page_QATestHarness/MessageVersion'

2024-08-28 22:46:01 - [TEST_STEP][PASSED] - setText(findTestObject("Object Repository/IWP30/Page_QATestHarness/RemittanceID"), genRemIDVoid): Text 'j4YqhfPp52hB' is set on object 'Object Repository/IWP30/Page_QATestHarness/RemittanceID'

2024-08-28 22:46:01 - [MESSAGE][PASSED] - Text 'j4YqhfPp52hB' is set on object 'Object Repository/IWP30/Page_QATestHarness/RemittanceID'

2024-08-28 22:46:01 - [TEST_STEP][PASSED] - click(findTestObject("Object Repository/IWP30/Page_QATestHarness/SubmitButton")): Object: 'Object Repository/IWP30/Page_QATestHarness/SubmitButton' is clicked on

2024-08-28 22:46:03 - [MESSAGE][PASSED] - Object: 'Object Repository/IWP30/Page_QATestHarness/SubmitButton' is clicked on

2024-08-28 22:46:03 - [TEST_STEP][PASSED] - if (verifyElementPresent(findTestObject("Object Repository/IWP30/Page_SelectPaymentMethod/PayByCreditCard"), 30)): null

2024-08-28 22:46:03 - [MESSAGE][PASSED] - Object 'Object Repository/IWP30/Page_SelectPaymentMethod/PayByCreditCard' is present

2024-08-28 22:46:03 - [TEST_STEP][PASSED] - println("We are on Select Payment Method page, start populating"): null

2024-08-28 22:46:03 - [TEST_STEP][PASSED] - check(findTestObject("Object Repository/IWP30/Page_SelectPaymentMethod/PayByCreditCard")): Object 'Object Repository/IWP30/Page_SelectPaymentMethod/PayByCreditCard' is checked

2024-08-28 22:46:03 - [MESSAGE][PASSED] - Object 'Object Repository/IWP30/Page_SelectPaymentMethod/PayByCreditCard' is checked

2024-08-28 22:46:03 - [TEST_STEP][PASSED] - Thread.sleep(1000): null

2024-08-28 22:46:04 - [TEST_STEP][PASSED] - click(findTestObject("Object Repository/IWP30/Page_SelectPaymentMethod/MakePaymentButton")): Object: 'Object Repository/IWP30/Page_SelectPaymentMethod/MakePaymentButton' is clicked on

2024-08-28 22:46:05 - [MESSAGE][PASSED] - Object: 'Object Repository/IWP30/Page_SelectPaymentMethod/MakePaymentButton' is clicked on

2024-08-28 22:46:05 - [TEST_STEP][PASSED] - if (verifyElementPresent(findTestObject("Object Repository/IWP30/Page_CCPaymentEntry/Name"), 30)): null

2024-08-28 22:46:06 - [MESSAGE][PASSED] - Object 'Object Repository/IWP30/Page_CCPaymentEntry/Name' is present

2024-08-28 22:46:06 - [TEST_STEP][PASSED] - println("We are on Credit Card Payment Entry page, start populating"): null

2024-08-28 22:46:06 - [TEST_STEP][PASSED] - if (verifyElementPresent(findTestObject("Object Repository/IWP30/Page_CCPaymentEntry/Amount"), 30)): null

2024-08-28 22:46:06 - [MESSAGE][PASSED] - Object 'Object Repository/IWP30/Page_CCPaymentEntry/Amount' is present

2024-08-28 22:46:06 - [TEST_STEP][PASSED] - if (!(CCAmount.isEmpty())): Text '42.50' is set on object 'Object Repository/IWP30/Page_CCPaymentEntry/Amount'

2024-08-28 22:46:06 - [TEST_STEP][PASSED] - setText(findTestObject("Object Repository/IWP30/Page_CCPaymentEntry/Amount"), CCAmount): Text '42.50' is set on object 'Object Repository/IWP30/Page_CCPaymentEntry/Amount'

2024-08-28 22:46:07 - [MESSAGE][PASSED] - Text '42.50' is set on object 'Object Repository/IWP30/Page_CCPaymentEntry/Amount'

2024-08-28 22:46:07 - [TEST_STEP][PASSED] - if (verifyElementPresent(findTestObject("Object Repository/IWP30/Page_CCPaymentEntry/UserDefined2"), 30)): null

2024-08-28 22:46:08 - [MESSAGE][PASSED] - Object 'Object Repository/IWP30/Page_CCPaymentEntry/UserDefined2' is present

2024-08-28 22:46:08 - [TEST_STEP][PASSED] - if (!(CCUDF2.isEmpty())): Text 'Circle' is set on object 'Object Repository/IWP30/Page_CCPaymentEntry/UserDefined2'

2024-08-28 22:46:08 - [TEST_STEP][PASSED] - setText(findTestObject("Object Repository/IWP30/Page_CCPaymentEntry/UserDefined2"), CCUDF2): Text 'Circle' is set on object 'Object Repository/IWP30/Page_CCPaymentEntry/UserDefined2'

2024-08-28 22:46:08 - [MESSAGE][PASSED] - Text 'Circle' is set on object 'Object Repository/IWP30/Page_CCPaymentEntry/UserDefined2'

2024-08-28 22:46:08 - [TEST_STEP][PASSED] - if (verifyElementPresent(findTestObject("Object Repository/IWP30/Page_CCPaymentEntry/UserDefined3"), 30)): null

2024-08-28 22:46:09 - [MESSAGE][PASSED] - Object 'Object Repository/IWP30/Page_CCPaymentEntry/UserDefined3' is present

2024-08-28 22:46:09 - [TEST_STEP][PASSED] - if (!(CCUDF3.isEmpty())): Text 'Triangle' is set on object 'Object Repository/IWP30/Page_CCPaymentEntry/UserDefined3'

2024-08-28 22:46:09 - [TEST_STEP][PASSED] - setText(findTestObject("Object Repository/IWP30/Page_CCPaymentEntry/UserDefined3"), CCUDF3): Text 'Triangle' is set on object 'Object Repository/IWP30/Page_CCPaymentEntry/UserDefined3'

2024-08-28 22:46:09 - [MESSAGE][PASSED] - Text 'Triangle' is set on object 'Object Repository/IWP30/Page_CCPaymentEntry/UserDefined3'

2024-08-28 22:46:09 - [TEST_STEP][PASSED] - if (verifyElementPresent(findTestObject("Object Repository/IWP30/Page_CCPaymentEntry/UserDefined7"), 30)): null

2024-08-28 22:46:10 - [MESSAGE][PASSED] - Object 'Object Repository/IWP30/Page_CCPaymentEntry/UserDefined7' is present

2024-08-28 22:46:10 - [TEST_STEP][PASSED] - if (!(CCUDF7.isEmpty())): All options with label 'Purple' are selected in object 'Object Repository/IWP30/Page_CCPaymentEntry/UserDefined7' 

2024-08-28 22:46:10 - [TEST_STEP][PASSED] - selectOptionByLabel(findTestObject("Object Repository/IWP30/Page_CCPaymentEntry/UserDefined7"), CCUDF7, false): All options with label 'Purple' are selected in object 'Object Repository/IWP30/Page_CCPaymentEntry/UserDefined7' 

2024-08-28 22:46:10 - [MESSAGE][PASSED] - All options with label 'Purple' are selected in object 'Object Repository/IWP30/Page_CCPaymentEntry/UserDefined7' 

2024-08-28 22:46:10 - [TEST_STEP][PASSED] - if (verifyElementPresent(findTestObject("Object Repository/IWP30/Page_CCPaymentEntry/UserDefined8"), 30)): null

2024-08-28 22:46:11 - [MESSAGE][PASSED] - Object 'Object Repository/IWP30/Page_CCPaymentEntry/UserDefined8' is present

2024-08-28 22:46:11 - [TEST_STEP][PASSED] - if (!(CCUDF8.isEmpty())): All options with label 'Tennis' are selected in object 'Object Repository/IWP30/Page_CCPaymentEntry/UserDefined8' 

2024-08-28 22:46:11 - [TEST_STEP][PASSED] - selectOptionByLabel(findTestObject("Object Repository/IWP30/Page_CCPaymentEntry/UserDefined8"), CCUDF8, false): All options with label 'Tennis' are selected in object 'Object Repository/IWP30/Page_CCPaymentEntry/UserDefined8' 

2024-08-28 22:46:11 - [MESSAGE][PASSED] - All options with label 'Tennis' are selected in object 'Object Repository/IWP30/Page_CCPaymentEntry/UserDefined8' 

2024-08-28 22:46:11 - [TEST_STEP][PASSED] - if (verifyElementPresent(findTestObject("Object Repository/IWP30/Page_CCPaymentEntry/Name"), 30)): null

2024-08-28 22:46:11 - [MESSAGE][PASSED] - Object 'Object Repository/IWP30/Page_CCPaymentEntry/Name' is present

2024-08-28 22:46:11 - [TEST_STEP][PASSED] - if (!(CCName.isEmpty())): Text 'Alan Donald' is set on object 'Object Repository/IWP30/Page_CCPaymentEntry/Name'

2024-08-28 22:46:11 - [TEST_STEP][PASSED] - setText(findTestObject("Object Repository/IWP30/Page_CCPaymentEntry/Name"), CCName): Text 'Alan Donald' is set on object 'Object Repository/IWP30/Page_CCPaymentEntry/Name'

2024-08-28 22:46:12 - [MESSAGE][PASSED] - Text 'Alan Donald' is set on object 'Object Repository/IWP30/Page_CCPaymentEntry/Name'

2024-08-28 22:46:12 - [TEST_STEP][PASSED] - if (verifyElementPresent(findTestObject("Object Repository/IWP30/Page_CCPaymentEntry/CardNumber"), 30)): null

2024-08-28 22:46:13 - [MESSAGE][PASSED] - Object 'Object Repository/IWP30/Page_CCPaymentEntry/CardNumber' is present

2024-08-28 22:46:13 - [TEST_STEP][PASSED] - if (!(CCCardNum.isEmpty())): Text '4111111111111111' is set on object 'Object Repository/IWP30/Page_CCPaymentEntry/CardNumber'

2024-08-28 22:46:13 - [TEST_STEP][PASSED] - setText(findTestObject("Object Repository/IWP30/Page_CCPaymentEntry/CardNumber"), CCCardNum): Text '4111111111111111' is set on object 'Object Repository/IWP30/Page_CCPaymentEntry/CardNumber'

2024-08-28 22:46:13 - [MESSAGE][PASSED] - Text '4111111111111111' is set on object 'Object Repository/IWP30/Page_CCPaymentEntry/CardNumber'

2024-08-28 22:46:13 - [TEST_STEP][PASSED] - if (verifyElementPresent(findTestObject("Object Repository/IWP30/Page_CCPaymentEntry/SPC"), 30)): null

2024-08-28 22:46:14 - [MESSAGE][PASSED] - Object 'Object Repository/IWP30/Page_CCPaymentEntry/SPC' is present

2024-08-28 22:46:14 - [TEST_STEP][PASSED] - if (!(CCSPC.isEmpty())): Text '258' is set on object 'Object Repository/IWP30/Page_CCPaymentEntry/SPC'

2024-08-28 22:46:14 - [TEST_STEP][PASSED] - setText(findTestObject("Object Repository/IWP30/Page_CCPaymentEntry/SPC"), CCSPC): Text '258' is set on object 'Object Repository/IWP30/Page_CCPaymentEntry/SPC'

2024-08-28 22:46:14 - [MESSAGE][PASSED] - Text '258' is set on object 'Object Repository/IWP30/Page_CCPaymentEntry/SPC'

2024-08-28 22:46:14 - [TEST_STEP][PASSED] - if (verifyElementPresent(findTestObject("Object Repository/IWP30/Page_CCPaymentEntry/Month"), 30)): null

2024-08-28 22:46:14 - [MESSAGE][PASSED] - Object 'Object Repository/IWP30/Page_CCPaymentEntry/Month' is present

2024-08-28 22:46:14 - [TEST_STEP][PASSED] - if (!(CCExpM.isEmpty())): All options with label '10' are selected in object 'Object Repository/IWP30/Page_CCPaymentEntry/Month' 

2024-08-28 22:46:14 - [TEST_STEP][PASSED] - selectOptionByLabel(findTestObject("Object Repository/IWP30/Page_CCPaymentEntry/Month"), CCExpM, false): All options with label '10' are selected in object 'Object Repository/IWP30/Page_CCPaymentEntry/Month' 

2024-08-28 22:46:15 - [MESSAGE][PASSED] - All options with label '10' are selected in object 'Object Repository/IWP30/Page_CCPaymentEntry/Month' 

2024-08-28 22:46:15 - [TEST_STEP][PASSED] - if (verifyElementPresent(findTestObject("Object Repository/IWP30/Page_CCPaymentEntry/Year"), 30)): null

2024-08-28 22:46:15 - [MESSAGE][PASSED] - Object 'Object Repository/IWP30/Page_CCPaymentEntry/Year' is present

2024-08-28 22:46:15 - [TEST_STEP][PASSED] - if (!(CCExpY.isEmpty())): All options with label '2028' are selected in object 'Object Repository/IWP30/Page_CCPaymentEntry/Year' 

2024-08-28 22:46:15 - [TEST_STEP][PASSED] - selectOptionByLabel(findTestObject("Object Repository/IWP30/Page_CCPaymentEntry/Year"), CCExpY, false): All options with label '2028' are selected in object 'Object Repository/IWP30/Page_CCPaymentEntry/Year' 

2024-08-28 22:46:16 - [MESSAGE][PASSED] - All options with label '2028' are selected in object 'Object Repository/IWP30/Page_CCPaymentEntry/Year' 

2024-08-28 22:46:16 - [TEST_STEP][PASSED] - if (verifyElementPresent(findTestObject("Object Repository/IWP30/Page_CCPaymentEntry/ProcessDate"), 30)): null

2024-08-28 22:46:16 - [MESSAGE][PASSED] - Object 'Object Repository/IWP30/Page_CCPaymentEntry/ProcessDate' is present

2024-08-28 22:46:16 - [TEST_STEP][PASSED] - if (!(CCDate.isEmpty())): null

2024-08-28 22:46:16 - [TEST_STEP][PASSED] - else: null

2024-08-28 22:46:16 - [TEST_STEP][PASSED] - println("CCDate is not present in the Excel Spreadsheet"): null

2024-08-28 22:46:16 - [TEST_STEP][PASSED] - if (verifyElementPresent(findTestObject("Object Repository/IWP30/Page_CCPaymentEntry/AL1"), 30)): null

2024-08-28 22:46:17 - [MESSAGE][PASSED] - Object 'Object Repository/IWP30/Page_CCPaymentEntry/AL1' is present

2024-08-28 22:46:17 - [TEST_STEP][PASSED] - if (!(CCAL1.isEmpty())): Text 'Mera AL1' is set on object 'Object Repository/IWP30/Page_CCPaymentEntry/AL1'

2024-08-28 22:46:17 - [TEST_STEP][PASSED] - setText(findTestObject("Object Repository/IWP30/Page_CCPaymentEntry/AL1"), CCAL1): Text 'Mera AL1' is set on object 'Object Repository/IWP30/Page_CCPaymentEntry/AL1'

2024-08-28 22:46:17 - [MESSAGE][PASSED] - Text 'Mera AL1' is set on object 'Object Repository/IWP30/Page_CCPaymentEntry/AL1'

2024-08-28 22:46:17 - [TEST_STEP][PASSED] - if (verifyElementPresent(findTestObject("Object Repository/IWP30/Page_CCPaymentEntry/AL2"), 30)): null

2024-08-28 22:46:18 - [MESSAGE][PASSED] - Object 'Object Repository/IWP30/Page_CCPaymentEntry/AL2' is present

2024-08-28 22:46:18 - [TEST_STEP][PASSED] - if (!(CCAL2.isEmpty())): Text 'Mera AL2' is set on object 'Object Repository/IWP30/Page_CCPaymentEntry/AL2'

2024-08-28 22:46:18 - [TEST_STEP][PASSED] - setText(findTestObject("Object Repository/IWP30/Page_CCPaymentEntry/AL2"), CCAL2): Text 'Mera AL2' is set on object 'Object Repository/IWP30/Page_CCPaymentEntry/AL2'

2024-08-28 22:46:18 - [MESSAGE][PASSED] - Text 'Mera AL2' is set on object 'Object Repository/IWP30/Page_CCPaymentEntry/AL2'

2024-08-28 22:46:18 - [TEST_STEP][PASSED] - if (verifyElementPresent(findTestObject("Object Repository/IWP30/Page_CCPaymentEntry/ZIP"), 30)): null

2024-08-28 22:46:19 - [MESSAGE][PASSED] - Object 'Object Repository/IWP30/Page_CCPaymentEntry/ZIP' is present

2024-08-28 22:46:19 - [TEST_STEP][PASSED] - if (!(CCZIP.isEmpty())): Text '21054' is set on object 'Object Repository/IWP30/Page_CCPaymentEntry/ZIP'

2024-08-28 22:46:19 - [TEST_STEP][PASSED] - setText(findTestObject("Object Repository/IWP30/Page_CCPaymentEntry/ZIP"), CCZIP): Text '21054' is set on object 'Object Repository/IWP30/Page_CCPaymentEntry/ZIP'

2024-08-28 22:46:20 - [MESSAGE][PASSED] - Text '21054' is set on object 'Object Repository/IWP30/Page_CCPaymentEntry/ZIP'

2024-08-28 22:46:20 - [TEST_STEP][PASSED] - if (verifyElementPresent(findTestObject("Object Repository/IWP30/Page_CCPaymentEntry/EmailAddress"), 30)): null

2024-08-28 22:46:20 - [MESSAGE][PASSED] - Object 'Object Repository/IWP30/Page_CCPaymentEntry/EmailAddress' is present

2024-08-28 22:46:20 - [TEST_STEP][PASSED] - if (!(CCEmail.isEmpty())): Text 'merae@gmail.com' is set on object 'Object Repository/IWP30/Page_CCPaymentEntry/EmailAddress'

2024-08-28 22:46:20 - [TEST_STEP][PASSED] - setText(findTestObject("Object Repository/IWP30/Page_CCPaymentEntry/EmailAddress"), CCEmail): Text 'merae@gmail.com' is set on object 'Object Repository/IWP30/Page_CCPaymentEntry/EmailAddress'

2024-08-28 22:46:21 - [MESSAGE][PASSED] - Text 'merae@gmail.com' is set on object 'Object Repository/IWP30/Page_CCPaymentEntry/EmailAddress'

2024-08-28 22:46:21 - [TEST_STEP][PASSED] - if (verifyElementPresent(findTestObject("Object Repository/IWP30/Page_CCPaymentEntry/TermCondCheckBox"), 30)): null

2024-08-28 22:46:21 - [MESSAGE][PASSED] - Object 'Object Repository/IWP30/Page_CCPaymentEntry/TermCondCheckBox' is present

2024-08-28 22:46:21 - [TEST_STEP][PASSED] - check(findTestObject("Object Repository/IWP30/Page_CCPaymentEntry/TermCondCheckBox")): Object 'Object Repository/IWP30/Page_CCPaymentEntry/TermCondCheckBox' is checked

2024-08-28 22:46:22 - [MESSAGE][PASSED] - Object 'Object Repository/IWP30/Page_CCPaymentEntry/TermCondCheckBox' is checked

2024-08-28 22:46:22 - [TEST_STEP][PASSED] - if (verifyElementPresent(findTestObject("Object Repository/IWP30/Page_CCPaymentEntry/ContinueButton"), 30)): null

2024-08-28 22:46:22 - [MESSAGE][PASSED] - Object 'Object Repository/IWP30/Page_CCPaymentEntry/ContinueButton' is present

2024-08-28 22:46:22 - [TEST_STEP][PASSED] - click(findTestObject("Object Repository/IWP30/Page_CCPaymentEntry/ContinueButton")): Object: 'Object Repository/IWP30/Page_CCPaymentEntry/ContinueButton' is clicked on

2024-08-28 22:46:23 - [MESSAGE][PASSED] - Object: 'Object Repository/IWP30/Page_CCPaymentEntry/ContinueButton' is clicked on

2024-08-28 22:46:23 - [TEST_STEP][PASSED] - if (verifyTextPresent("Please verify the following information", false)): null

2024-08-28 22:46:24 - [MESSAGE][PASSED] - Text 'Please verify the following information' is present on page 

2024-08-28 22:46:24 - [TEST_STEP][PASSED] - println("Please verify the following information text is present on the Confirmation page"): null

2024-08-28 22:46:24 - [TEST_STEP][PASSED] - if (verifyTextPresent("Is this information correct?", false)): null

2024-08-28 22:46:24 - [MESSAGE][PASSED] - Text 'Is this information correct?' is present on page 

2024-08-28 22:46:24 - [TEST_STEP][PASSED] - println("Is this information correct text is present on the Confirmation page"): null

2024-08-28 22:46:24 - [TEST_STEP][PASSED] - if (verifyElementPresent(findTestObject("Object Repository/IWP30/Page_Confirmation/ConfirmButton"), 30)): null

2024-08-28 22:46:24 - [MESSAGE][PASSED] - Object 'Object Repository/IWP30/Page_Confirmation/ConfirmButton' is present

2024-08-28 22:46:24 - [TEST_STEP][PASSED] - click(findTestObject("Object Repository/IWP30/Page_Confirmation/ConfirmButton")): Object: 'Object Repository/IWP30/Page_Confirmation/ConfirmButton' is clicked on

2024-08-28 22:46:25 - [MESSAGE][PASSED] - Object: 'Object Repository/IWP30/Page_Confirmation/ConfirmButton' is clicked on

2024-08-28 22:46:25 - [TEST_STEP][PASSED] - Thread.sleep(10000): null

2024-08-28 22:46:35 - [TEST_STEP][PASSED] - if (verifyTextPresent("Successful Payment Receipt", false)): null

2024-08-28 22:46:35 - [MESSAGE][PASSED] - Text 'Successful Payment Receipt' is present on page 

2024-08-28 22:46:35 - [TEST_STEP][PASSED] - println("Successful Payment Receipt text is present on the Receipt page"): null

2024-08-28 22:46:35 - [TEST_STEP][PASSED] - if (verifyTextPresent("Please print this receipt for your records", false)): null

2024-08-28 22:46:36 - [MESSAGE][PASSED] - Text 'Please print this receipt for your records' is present on page 

2024-08-28 22:46:36 - [TEST_STEP][PASSED] - println("Please print this receipt for your records text is present on the Receipt page"): null

2024-08-28 22:46:36 - [TEST_STEP][PASSED] - if (verifyElementPresent(findTestObject("Object Repository/IWP30/Page_Receipt/ExitButton"), 30)): null

2024-08-28 22:46:36 - [MESSAGE][PASSED] - Object 'Object Repository/IWP30/Page_Receipt/ExitButton' is present

2024-08-28 22:46:36 - [TEST_STEP][PASSED] - println("Exit Button is present on the Receipt page"): null

2024-08-28 22:46:36 - [TEST_STEP][PASSED] - resText = "Pass": null

2024-08-28 22:46:36 - [TEST_STEP][PASSED] - pages.WriteExcel.demoKey(resText, datText, resColumn, datCloumn, fileLoc, nameSheet, row): pages.WriteExcel.demoKey is PASSED

2024-08-28 22:46:36 - [MESSAGE][PASSED] - pages.WriteExcel.demoKey is PASSED

2024-08-28 22:46:36 - [TEST_STEP][PASSED] - closeBrowser(): Browser is closed

2024-08-28 22:46:38 - [MESSAGE][PASSED] - Browser is closed

2024-08-28 22:46:38 - [TEST_STEP][PASSED] - ExecuteTC = findTestData("IWPTestData/IWP30PayNowCC").getValue("Execute", row): null

2024-08-28 22:46:38 - [TEST_STEP][PASSED] - out.println("Value of Execute is : " + ExecuteTC): null

2024-08-28 22:46:38 - [TEST_STEP][PASSED] - if (ExecuteTC.equalsIgnoreCase("Y")): Browser is closed

2024-08-28 22:46:38 - [TEST_STEP][PASSED] - out.println("Begin Record Number: " + row): null

2024-08-28 22:46:38 - [TEST_STEP][PASSED] - today = new java.util.Date(): null

2024-08-28 22:46:38 - [TEST_STEP][PASSED] - println(today): null

2024-08-28 22:46:38 - [TEST_STEP][PASSED] - datText = today: null

2024-08-28 22:46:38 - [TEST_STEP][PASSED] - try: null

2024-08-28 22:46:38 - [TEST_STEP][PASSED] - MV = findTestData("IWPTestData/IWP30PayNowCC").getValue("MV", row): null

2024-08-28 22:46:38 - [TEST_STEP][PASSED] - println(MV): null

2024-08-28 22:46:38 - [TEST_STEP][PASSED] - Amount = findTestData("IWPTestData/IWP30PayNowCC").getValue("Amount", row): null

2024-08-28 22:46:38 - [TEST_STEP][PASSED] - println(Amount): null

2024-08-28 22:46:38 - [TEST_STEP][PASSED] - CAN = findTestData("IWPTestData/IWP30PayNowCC").getValue("CAN", row): null

2024-08-28 22:46:38 - [TEST_STEP][PASSED] - println(CAN): null

2024-08-28 22:46:38 - [TEST_STEP][PASSED] - Action = findTestData("IWPTestData/IWP30PayNowCC").getValue("Action", row): null

2024-08-28 22:46:38 - [TEST_STEP][PASSED] - println(Action): null

2024-08-28 22:46:38 - [TEST_STEP][PASSED] - Lang = findTestData("IWPTestData/IWP30PayNowCC").getValue("Lang", row): null

2024-08-28 22:46:38 - [TEST_STEP][PASSED] - println(Lang): null

2024-08-28 22:46:38 - [TEST_STEP][PASSED] - Fname = findTestData("IWPTestData/IWP30PayNowCC").getValue("Fname", row): null

2024-08-28 22:46:38 - [TEST_STEP][PASSED] - println(Fname): null

2024-08-28 22:46:38 - [TEST_STEP][PASSED] - Lname = findTestData("IWPTestData/IWP30PayNowCC").getValue("Lname", row): null

2024-08-28 22:46:38 - [TEST_STEP][PASSED] - println(Lname): null

2024-08-28 22:46:38 - [TEST_STEP][PASSED] - AL1 = findTestData("IWPTestData/IWP30PayNowCC").getValue("AL1", row): null

2024-08-28 22:46:38 - [TEST_STEP][PASSED] - println(AL1): null

2024-08-28 22:46:38 - [TEST_STEP][PASSED] - AL2 = findTestData("IWPTestData/IWP30PayNowCC").getValue("AL2", row): null

2024-08-28 22:46:38 - [TEST_STEP][PASSED] - println(AL2): null

2024-08-28 22:46:38 - [TEST_STEP][PASSED] - Country = findTestData("IWPTestData/IWP30PayNowCC").getValue("Country", row): null

2024-08-28 22:46:38 - [TEST_STEP][PASSED] - println(Country): null

2024-08-28 22:46:38 - [TEST_STEP][PASSED] - City = findTestData("IWPTestData/IWP30PayNowCC").getValue("City", row): null

2024-08-28 22:46:38 - [TEST_STEP][PASSED] - println(City): null

2024-08-28 22:46:38 - [TEST_STEP][PASSED] - State = findTestData("IWPTestData/IWP30PayNowCC").getValue("State", row): null

2024-08-28 22:46:38 - [TEST_STEP][PASSED] - println(State): null

2024-08-28 22:46:38 - [TEST_STEP][PASSED] - ZIP = findTestData("IWPTestData/IWP30PayNowCC").getValue("ZIP", row): null

2024-08-28 22:46:38 - [TEST_STEP][PASSED] - println(ZIP): null

2024-08-28 22:46:38 - [TEST_STEP][PASSED] - Order = findTestData("IWPTestData/IWP30PayNowCC").getValue("Order", row): null

2024-08-28 22:46:38 - [TEST_STEP][PASSED] - println(Order): null

2024-08-28 22:46:38 - [TEST_STEP][PASSED] - CompanyName = findTestData("IWPTestData/IWP30PayNowCC").getValue("CompanyName", row): null

2024-08-28 22:46:38 - [TEST_STEP][PASSED] - println(CompanyName): null

2024-08-28 22:46:38 - [TEST_STEP][PASSED] - Email = findTestData("IWPTestData/IWP30PayNowCC").getValue("Email", row): null

2024-08-28 22:46:38 - [TEST_STEP][PASSED] - println(Email): null

2024-08-28 22:46:38 - [TEST_STEP][PASSED] - UDF1 = findTestData("IWPTestData/IWP30PayNowCC").getValue("UDF1", row): null

2024-08-28 22:46:38 - [TEST_STEP][PASSED] - println(UDF1): null

2024-08-28 22:46:38 - [TEST_STEP][PASSED] - UDF2 = findTestData("IWPTestData/IWP30PayNowCC").getValue("UDF2", row): null

2024-08-28 22:46:38 - [TEST_STEP][PASSED] - println(UDF2): null

2024-08-28 22:46:38 - [TEST_STEP][PASSED] - UDF3 = findTestData("IWPTestData/IWP30PayNowCC").getValue("UDF3", row): null

2024-08-28 22:46:38 - [TEST_STEP][PASSED] - println(UDF3): null

2024-08-28 22:46:38 - [TEST_STEP][PASSED] - UDF4 = findTestData("IWPTestData/IWP30PayNowCC").getValue("UDF4", row): null

2024-08-28 22:46:38 - [TEST_STEP][PASSED] - println(UDF4): null

2024-08-28 22:46:38 - [TEST_STEP][PASSED] - UDF5 = findTestData("IWPTestData/IWP30PayNowCC").getValue("UDF5", row): null

2024-08-28 22:46:39 - [TEST_STEP][PASSED] - println(UDF5): null

2024-08-28 22:46:39 - [TEST_STEP][PASSED] - UDF6 = findTestData("IWPTestData/IWP30PayNowCC").getValue("UDF6", row): null

2024-08-28 22:46:39 - [TEST_STEP][PASSED] - println(UDF6): null

2024-08-28 22:46:39 - [TEST_STEP][PASSED] - UDF7 = findTestData("IWPTestData/IWP30PayNowCC").getValue("UDF7", row): null

2024-08-28 22:46:39 - [TEST_STEP][PASSED] - println(UDF7): null

2024-08-28 22:46:39 - [TEST_STEP][PASSED] - UDF8 = findTestData("IWPTestData/IWP30PayNowCC").getValue("UDF8", row): null

2024-08-28 22:46:39 - [TEST_STEP][PASSED] - println(UDF8): null

2024-08-28 22:46:39 - [TEST_STEP][PASSED] - UDF9 = findTestData("IWPTestData/IWP30PayNowCC").getValue("UDF9", row): null

2024-08-28 22:46:39 - [TEST_STEP][PASSED] - println(UDF9): null

2024-08-28 22:46:39 - [TEST_STEP][PASSED] - UDF10 = findTestData("IWPTestData/IWP30PayNowCC").getValue("UDF10", row): null

2024-08-28 22:46:39 - [TEST_STEP][PASSED] - println(UDF10): null

2024-08-28 22:46:39 - [TEST_STEP][PASSED] - AppID = findTestData("IWPTestData/IWP30PayNowCC").getValue("AppID", row): null

2024-08-28 22:46:39 - [TEST_STEP][PASSED] - println(AppID): null

2024-08-28 22:46:39 - [TEST_STEP][PASSED] - MessageVersion = findTestData("IWPTestData/IWP30PayNowCC").getValue("MessageVersion", row): null

2024-08-28 22:46:39 - [TEST_STEP][PASSED] - println(MessageVersion): null

2024-08-28 22:46:39 - [TEST_STEP][PASSED] - CCAmount = findTestData("IWPTestData/IWP30PayNowCC").getValue("CCAmount", row): null

2024-08-28 22:46:39 - [TEST_STEP][PASSED] - println(CCAmount): null

2024-08-28 22:46:39 - [TEST_STEP][PASSED] - CCUDF1 = findTestData("IWPTestData/IWP30PayNowCC").getValue("CCUDF1", row): null

2024-08-28 22:46:39 - [TEST_STEP][PASSED] - println(CCUDF1): null

2024-08-28 22:46:39 - [TEST_STEP][PASSED] - CCUDF2 = findTestData("IWPTestData/IWP30PayNowCC").getValue("CCUDF2", row): null

2024-08-28 22:46:39 - [TEST_STEP][PASSED] - println(CCUDF2): null

2024-08-28 22:46:39 - [TEST_STEP][PASSED] - CCUDF3 = findTestData("IWPTestData/IWP30PayNowCC").getValue("CCUDF3", row): null

2024-08-28 22:46:39 - [TEST_STEP][PASSED] - println(CCUDF3): null

2024-08-28 22:46:39 - [TEST_STEP][PASSED] - CCUDF4 = findTestData("IWPTestData/IWP30PayNowCC").getValue("CCUDF4", row): null

2024-08-28 22:46:39 - [TEST_STEP][PASSED] - println(CCUDF4): null

2024-08-28 22:46:39 - [TEST_STEP][PASSED] - CCUDF5 = findTestData("IWPTestData/IWP30PayNowCC").getValue("CCUDF5", row): null

2024-08-28 22:46:39 - [TEST_STEP][PASSED] - println(CCUDF5): null

2024-08-28 22:46:39 - [TEST_STEP][PASSED] - CCUDF6 = findTestData("IWPTestData/IWP30PayNowCC").getValue("CCUDF6", row): null

2024-08-28 22:46:39 - [TEST_STEP][PASSED] - println(CCUDF6): null

2024-08-28 22:46:39 - [TEST_STEP][PASSED] - CCUDF7 = findTestData("IWPTestData/IWP30PayNowCC").getValue("CCUDF7", row): null

2024-08-28 22:46:39 - [TEST_STEP][PASSED] - println(CCUDF7): null

2024-08-28 22:46:39 - [TEST_STEP][PASSED] - CCUDF8 = findTestData("IWPTestData/IWP30PayNowCC").getValue("CCUDF8", row): null

2024-08-28 22:46:39 - [TEST_STEP][PASSED] - println(CCUDF8): null

2024-08-28 22:46:39 - [TEST_STEP][PASSED] - CCUDF9 = findTestData("IWPTestData/IWP30PayNowCC").getValue("CCUDF9", row): null

2024-08-28 22:46:39 - [TEST_STEP][PASSED] - println(CCUDF9): null

2024-08-28 22:46:39 - [TEST_STEP][PASSED] - CCUDF10 = findTestData("IWPTestData/IWP30PayNowCC").getValue("CCUDF10", row): null

2024-08-28 22:46:39 - [TEST_STEP][PASSED] - println(CCUDF10): null

2024-08-28 22:46:39 - [TEST_STEP][PASSED] - CCName = findTestData("IWPTestData/IWP30PayNowCC").getValue("CCName", row): null

2024-08-28 22:46:39 - [TEST_STEP][PASSED] - println(CCName): null

2024-08-28 22:46:39 - [TEST_STEP][PASSED] - CCCardNum = findTestData("IWPTestData/IWP30PayNowCC").getValue("CCCardNum", row): null

2024-08-28 22:46:39 - [TEST_STEP][PASSED] - println(CCCardNum): null

2024-08-28 22:46:39 - [TEST_STEP][PASSED] - CCSPC = findTestData("IWPTestData/IWP30PayNowCC").getValue("CCSPC", row): null

2024-08-28 22:46:39 - [TEST_STEP][PASSED] - println(CCSPC): null

2024-08-28 22:46:39 - [TEST_STEP][PASSED] - CCExpM = findTestData("IWPTestData/IWP30PayNowCC").getValue("CCExpM", row): null

2024-08-28 22:46:39 - [TEST_STEP][PASSED] - println(CCExpM): null

2024-08-28 22:46:39 - [TEST_STEP][PASSED] - CCExpY = findTestData("IWPTestData/IWP30PayNowCC").getValue("CCExpY", row): null

2024-08-28 22:46:40 - [TEST_STEP][PASSED] - println(CCExpY): null

2024-08-28 22:46:40 - [TEST_STEP][PASSED] - CCDate = findTestData("IWPTestData/IWP30PayNowCC").getValue("CCDate", row): null

2024-08-28 22:46:40 - [TEST_STEP][PASSED] - println(CCDate): null

2024-08-28 22:46:40 - [TEST_STEP][PASSED] - CCAL1 = findTestData("IWPTestData/IWP30PayNowCC").getValue("CCAL1", row): null

2024-08-28 22:46:40 - [TEST_STEP][PASSED] - println(CCAL1): null

2024-08-28 22:46:40 - [TEST_STEP][PASSED] - CCAL2 = findTestData("IWPTestData/IWP30PayNowCC").getValue("CCAL2", row): null

2024-08-28 22:46:40 - [TEST_STEP][PASSED] - println(CCAL2): null

2024-08-28 22:46:40 - [TEST_STEP][PASSED] - CCZIP = findTestData("IWPTestData/IWP30PayNowCC").getValue("CCZIP", row): null

2024-08-28 22:46:40 - [TEST_STEP][PASSED] - println(CCZIP): null

2024-08-28 22:46:40 - [TEST_STEP][PASSED] - CCEmail = findTestData("IWPTestData/IWP30PayNowCC").getValue("CCEmail", row): null

2024-08-28 22:46:40 - [TEST_STEP][PASSED] - println(CCEmail): null

2024-08-28 22:46:40 - [TEST_STEP][PASSED] - openBrowser(urlEmulator): Browser is opened with url: 'https://qa2.velocitypayment.com/agency/config.do?action=editor'

2024-08-28 22:46:40 - [MESSAGE][INFO] - Starting 'Chrome' driver

2024-08-28 22:46:40 - [MESSAGE][INFO] - User set preference: ['acceptInsecureCerts', 'true']

2024-08-28 22:46:40 - [MESSAGE][INFO] - Action delay is set to 0 milliseconds

2024-08-28 22:46:42 - [MESSAGE][PASSED] - Browser is opened with url: 'https://qa2.velocitypayment.com/agency/config.do?action=editor'

2024-08-28 22:46:42 - [TEST_STEP][PASSED] - maximizeWindow(): Current window maximized

2024-08-28 22:46:42 - [MESSAGE][PASSED] - Current window maximized

2024-08-28 22:46:42 - [TEST_STEP][PASSED] - selectOptionByValue(findTestObject("IWP30/Page_VRelay30Emulator/MV"), MV, true): All options with value '3.0' are selected in object 'Object Repository/IWP30/Page_VRelay30Emulator/MV'  using regular expression

2024-08-28 22:46:43 - [MESSAGE][PASSED] - All options with value '3.0' are selected in object 'Object Repository/IWP30/Page_VRelay30Emulator/MV'  using regular expression

2024-08-28 22:46:43 - [TEST_STEP][PASSED] - setText(findTestObject("IWP30/Page_VRelay30Emulator/Amount"), Amount): Text '41.50' is set on object 'Object Repository/IWP30/Page_VRelay30Emulator/Amount'

2024-08-28 22:46:44 - [MESSAGE][PASSED] - Text '41.50' is set on object 'Object Repository/IWP30/Page_VRelay30Emulator/Amount'

2024-08-28 22:46:44 - [TEST_STEP][PASSED] - setText(findTestObject("IWP30/Page_VRelay30Emulator/CAN"), CAN): Text '26412109' is set on object 'Object Repository/IWP30/Page_VRelay30Emulator/CAN'

2024-08-28 22:46:44 - [MESSAGE][PASSED] - Text '26412109' is set on object 'Object Repository/IWP30/Page_VRelay30Emulator/CAN'

2024-08-28 22:46:44 - [TEST_STEP][PASSED] - setText(findTestObject("IWP30/Page_VRelay30Emulator/Action"), Action): Text 'PayNow' is set on object 'Object Repository/IWP30/Page_VRelay30Emulator/Action'

2024-08-28 22:46:45 - [MESSAGE][PASSED] - Text 'PayNow' is set on object 'Object Repository/IWP30/Page_VRelay30Emulator/Action'

2024-08-28 22:46:45 - [TEST_STEP][PASSED] - setText(findTestObject("IWP30/Page_VRelay30Emulator/Lang"), Lang): Text 'en_US' is set on object 'Object Repository/IWP30/Page_VRelay30Emulator/Lang'

2024-08-28 22:46:45 - [MESSAGE][PASSED] - Text 'en_US' is set on object 'Object Repository/IWP30/Page_VRelay30Emulator/Lang'

2024-08-28 22:46:45 - [TEST_STEP][PASSED] - setText(findTestObject("IWP30/Page_VRelay30Emulator/Fname"), Fname): Text 'Jonty' is set on object 'Object Repository/IWP30/Page_VRelay30Emulator/Fname'

2024-08-28 22:46:46 - [MESSAGE][PASSED] - Text 'Jonty' is set on object 'Object Repository/IWP30/Page_VRelay30Emulator/Fname'

2024-08-28 22:46:46 - [TEST_STEP][PASSED] - setText(findTestObject("IWP30/Page_VRelay30Emulator/Lname"), Lname): Text 'Smith' is set on object 'Object Repository/IWP30/Page_VRelay30Emulator/Lname'

2024-08-28 22:46:47 - [MESSAGE][PASSED] - Text 'Smith' is set on object 'Object Repository/IWP30/Page_VRelay30Emulator/Lname'

2024-08-28 22:46:47 - [TEST_STEP][PASSED] - setText(findTestObject("IWP30/Page_VRelay30Emulator/AL1"), AL1): Text '15 Elm St' is set on object 'Object Repository/IWP30/Page_VRelay30Emulator/AL1'

2024-08-28 22:46:48 - [MESSAGE][PASSED] - Text '15 Elm St' is set on object 'Object Repository/IWP30/Page_VRelay30Emulator/AL1'

2024-08-28 22:46:48 - [TEST_STEP][PASSED] - setText(findTestObject("IWP30/Page_VRelay30Emulator/AL2"), AL2): Text 'Suite 600' is set on object 'Object Repository/IWP30/Page_VRelay30Emulator/AL2'

2024-08-28 22:46:48 - [MESSAGE][PASSED] - Text 'Suite 600' is set on object 'Object Repository/IWP30/Page_VRelay30Emulator/AL2'

2024-08-28 22:46:48 - [TEST_STEP][PASSED] - setText(findTestObject("IWP30/Page_VRelay30Emulator/Country"), Country): Text '840' is set on object 'Object Repository/IWP30/Page_VRelay30Emulator/Country'

2024-08-28 22:46:49 - [MESSAGE][PASSED] - Text '840' is set on object 'Object Repository/IWP30/Page_VRelay30Emulator/Country'

2024-08-28 22:46:49 - [TEST_STEP][PASSED] - setText(findTestObject("IWP30/Page_VRelay30Emulator/City"), City): Text 'Gambrills' is set on object 'Object Repository/IWP30/Page_VRelay30Emulator/City'

2024-08-28 22:46:50 - [MESSAGE][PASSED] - Text 'Gambrills' is set on object 'Object Repository/IWP30/Page_VRelay30Emulator/City'

2024-08-28 22:46:50 - [TEST_STEP][PASSED] - setText(findTestObject("IWP30/Page_VRelay30Emulator/State"), State): Text 'MD' is set on object 'Object Repository/IWP30/Page_VRelay30Emulator/State'

2024-08-28 22:46:50 - [MESSAGE][PASSED] - Text 'MD' is set on object 'Object Repository/IWP30/Page_VRelay30Emulator/State'

2024-08-28 22:46:50 - [TEST_STEP][PASSED] - setText(findTestObject("IWP30/Page_VRelay30Emulator/ZIP"), ZIP): Text '21054' is set on object 'Object Repository/IWP30/Page_VRelay30Emulator/ZIP'

2024-08-28 22:46:51 - [MESSAGE][PASSED] - Text '21054' is set on object 'Object Repository/IWP30/Page_VRelay30Emulator/ZIP'

2024-08-28 22:46:51 - [TEST_STEP][PASSED] - setText(findTestObject("IWP30/Page_VRelay30Emulator/Order"), Order): Text '' is set on object 'Object Repository/IWP30/Page_VRelay30Emulator/Order'

2024-08-28 22:46:52 - [MESSAGE][PASSED] - Text '' is set on object 'Object Repository/IWP30/Page_VRelay30Emulator/Order'

2024-08-28 22:46:52 - [TEST_STEP][PASSED] - setText(findTestObject("IWP30/Page_VRelay30Emulator/Company"), CompanyName): Text '' is set on object 'Object Repository/IWP30/Page_VRelay30Emulator/Company'

2024-08-28 22:46:52 - [MESSAGE][PASSED] - Text '' is set on object 'Object Repository/IWP30/Page_VRelay30Emulator/Company'

2024-08-28 22:46:52 - [TEST_STEP][PASSED] - setText(findTestObject("IWP30/Page_VRelay30Emulator/Email"), Email): Text 'iahmed@govolution.com' is set on object 'Object Repository/IWP30/Page_VRelay30Emulator/Email'

2024-08-28 22:46:53 - [MESSAGE][PASSED] - Text 'iahmed@govolution.com' is set on object 'Object Repository/IWP30/Page_VRelay30Emulator/Email'

2024-08-28 22:46:53 - [TEST_STEP][PASSED] - setText(findTestObject("IWP30/Page_VRelay30Emulator/UDF1"), UDF1): Text 'udf data 1' is set on object 'Object Repository/IWP30/Page_VRelay30Emulator/UDF1'

2024-08-28 22:46:54 - [MESSAGE][PASSED] - Text 'udf data 1' is set on object 'Object Repository/IWP30/Page_VRelay30Emulator/UDF1'

2024-08-28 22:46:54 - [TEST_STEP][PASSED] - setText(findTestObject("IWP30/Page_VRelay30Emulator/UDF2"), UDF2): Text 'udf data 2' is set on object 'Object Repository/IWP30/Page_VRelay30Emulator/UDF2'

2024-08-28 22:46:54 - [MESSAGE][PASSED] - Text 'udf data 2' is set on object 'Object Repository/IWP30/Page_VRelay30Emulator/UDF2'

2024-08-28 22:46:54 - [TEST_STEP][PASSED] - setText(findTestObject("IWP30/Page_VRelay30Emulator/UDF3"), UDF3): Text 'udf data 3' is set on object 'Object Repository/IWP30/Page_VRelay30Emulator/UDF3'

2024-08-28 22:46:55 - [MESSAGE][PASSED] - Text 'udf data 3' is set on object 'Object Repository/IWP30/Page_VRelay30Emulator/UDF3'

2024-08-28 22:46:55 - [TEST_STEP][PASSED] - setText(findTestObject("IWP30/Page_VRelay30Emulator/UDF4"), UDF4): Text 'udf data 4' is set on object 'Object Repository/IWP30/Page_VRelay30Emulator/UDF4'

2024-08-28 22:46:56 - [MESSAGE][PASSED] - Text 'udf data 4' is set on object 'Object Repository/IWP30/Page_VRelay30Emulator/UDF4'

2024-08-28 22:46:56 - [TEST_STEP][PASSED] - setText(findTestObject("IWP30/Page_VRelay30Emulator/UDF5"), UDF5): Text 'udf data 5' is set on object 'Object Repository/IWP30/Page_VRelay30Emulator/UDF5'

2024-08-28 22:46:56 - [MESSAGE][PASSED] - Text 'udf data 5' is set on object 'Object Repository/IWP30/Page_VRelay30Emulator/UDF5'

2024-08-28 22:46:56 - [TEST_STEP][PASSED] - setText(findTestObject("IWP30/Page_VRelay30Emulator/UDF6"), UDF6): Text 'udf data 6' is set on object 'Object Repository/IWP30/Page_VRelay30Emulator/UDF6'

2024-08-28 22:46:57 - [MESSAGE][PASSED] - Text 'udf data 6' is set on object 'Object Repository/IWP30/Page_VRelay30Emulator/UDF6'

2024-08-28 22:46:57 - [TEST_STEP][PASSED] - setText(findTestObject("IWP30/Page_VRelay30Emulator/UDF7"), UDF7): Text 'Orange' is set on object 'Object Repository/IWP30/Page_VRelay30Emulator/UDF7'

2024-08-28 22:46:58 - [MESSAGE][PASSED] - Text 'Orange' is set on object 'Object Repository/IWP30/Page_VRelay30Emulator/UDF7'

2024-08-28 22:46:58 - [TEST_STEP][PASSED] - setText(findTestObject("IWP30/Page_VRelay30Emulator/UDF8"), UDF8): Text 'Soccer' is set on object 'Object Repository/IWP30/Page_VRelay30Emulator/UDF8'

2024-08-28 22:46:58 - [MESSAGE][PASSED] - Text 'Soccer' is set on object 'Object Repository/IWP30/Page_VRelay30Emulator/UDF8'

2024-08-28 22:46:58 - [TEST_STEP][PASSED] - setText(findTestObject("IWP30/Page_VRelay30Emulator/UDF9"), UDF9): Text 'udf data 9' is set on object 'Object Repository/IWP30/Page_VRelay30Emulator/UDF9'

2024-08-28 22:46:59 - [MESSAGE][PASSED] - Text 'udf data 9' is set on object 'Object Repository/IWP30/Page_VRelay30Emulator/UDF9'

2024-08-28 22:46:59 - [TEST_STEP][PASSED] - setText(findTestObject("IWP30/Page_VRelay30Emulator/UDF10"), UDF10): Text 'udf data 10' is set on object 'Object Repository/IWP30/Page_VRelay30Emulator/UDF10'

2024-08-28 22:47:00 - [MESSAGE][PASSED] - Text 'udf data 10' is set on object 'Object Repository/IWP30/Page_VRelay30Emulator/UDF10'

2024-08-28 22:47:00 - [TEST_STEP][PASSED] - Thread.sleep(5000): null

2024-08-28 22:47:05 - [TEST_STEP][PASSED] - click(findTestObject("IWP30/Page_VRelay30Emulator/Submit")): Object: 'Object Repository/IWP30/Page_VRelay30Emulator/Submit' is clicked on

2024-08-28 22:47:05 - [MESSAGE][PASSED] - Object: 'Object Repository/IWP30/Page_VRelay30Emulator/Submit' is clicked on

2024-08-28 22:47:05 - [TEST_STEP][PASSED] - closeBrowser(): Browser is closed

2024-08-28 22:47:06 - [MESSAGE][PASSED] - Browser is closed

2024-08-28 22:47:06 - [TEST_STEP][PASSED] - openBrowser(urlTestHarness): Browser is opened with url: 'https://dev-algorithm.govolution.com/vrelaytest/QA2/version_2_2/vrelaytest.html'

2024-08-28 22:47:06 - [MESSAGE][INFO] - Starting 'Chrome' driver

2024-08-28 22:47:06 - [MESSAGE][INFO] - User set preference: ['acceptInsecureCerts', 'true']

2024-08-28 22:47:06 - [MESSAGE][INFO] - Action delay is set to 0 milliseconds

2024-08-28 22:47:08 - [MESSAGE][PASSED] - Browser is opened with url: 'https://dev-algorithm.govolution.com/vrelaytest/QA2/version_2_2/vrelaytest.html'

2024-08-28 22:47:08 - [TEST_STEP][PASSED] - maximizeWindow(): Current window maximized

2024-08-28 22:47:08 - [MESSAGE][PASSED] - Current window maximized

2024-08-28 22:47:08 - [TEST_STEP][PASSED] - genRemIDVoid = RandomStringUtils.random(12, true, true): null

2024-08-28 22:47:08 - [TEST_STEP][PASSED] - if (verifyElementPresent(findTestObject("Object Repository/IWP30/Page_QATestHarness/RemittanceID"), 30)): null

2024-08-28 22:47:09 - [MESSAGE][PASSED] - Object 'Object Repository/IWP30/Page_QATestHarness/RemittanceID' is present

2024-08-28 22:47:09 - [TEST_STEP][PASSED] - println("We are on Test Harness page, start populating"): null

2024-08-28 22:47:09 - [TEST_STEP][PASSED] - setText(findTestObject("Object Repository/IWP30/Page_QATestHarness/ApplicationID"), AppID): Text '649' is set on object 'Object Repository/IWP30/Page_QATestHarness/ApplicationID'

2024-08-28 22:47:09 - [MESSAGE][PASSED] - Text '649' is set on object 'Object Repository/IWP30/Page_QATestHarness/ApplicationID'

2024-08-28 22:47:09 - [TEST_STEP][PASSED] - setText(findTestObject("Object Repository/IWP30/Page_QATestHarness/MessageVersion"), MessageVersion): Text '3.0' is set on object 'Object Repository/IWP30/Page_QATestHarness/MessageVersion'

2024-08-28 22:47:10 - [MESSAGE][PASSED] - Text '3.0' is set on object 'Object Repository/IWP30/Page_QATestHarness/MessageVersion'

2024-08-28 22:47:10 - [TEST_STEP][PASSED] - setText(findTestObject("Object Repository/IWP30/Page_QATestHarness/RemittanceID"), genRemIDVoid): Text '83DJgmwCZSQe' is set on object 'Object Repository/IWP30/Page_QATestHarness/RemittanceID'

2024-08-28 22:47:11 - [MESSAGE][PASSED] - Text '83DJgmwCZSQe' is set on object 'Object Repository/IWP30/Page_QATestHarness/RemittanceID'

2024-08-28 22:47:11 - [TEST_STEP][PASSED] - click(findTestObject("Object Repository/IWP30/Page_QATestHarness/SubmitButton")): Object: 'Object Repository/IWP30/Page_QATestHarness/SubmitButton' is clicked on

2024-08-28 22:47:12 - [MESSAGE][PASSED] - Object: 'Object Repository/IWP30/Page_QATestHarness/SubmitButton' is clicked on

2024-08-28 22:47:12 - [TEST_STEP][PASSED] - if (verifyElementPresent(findTestObject("Object Repository/IWP30/Page_SelectPaymentMethod/PayByCreditCard"), 30)): null

2024-08-28 22:47:13 - [MESSAGE][PASSED] - Object 'Object Repository/IWP30/Page_SelectPaymentMethod/PayByCreditCard' is present

2024-08-28 22:47:13 - [TEST_STEP][PASSED] - println("We are on Select Payment Method page, start populating"): null

2024-08-28 22:47:13 - [TEST_STEP][PASSED] - check(findTestObject("Object Repository/IWP30/Page_SelectPaymentMethod/PayByCreditCard")): Object 'Object Repository/IWP30/Page_SelectPaymentMethod/PayByCreditCard' is checked

2024-08-28 22:47:13 - [MESSAGE][PASSED] - Object 'Object Repository/IWP30/Page_SelectPaymentMethod/PayByCreditCard' is checked

2024-08-28 22:47:13 - [TEST_STEP][PASSED] - Thread.sleep(1000): null

2024-08-28 22:47:14 - [TEST_STEP][PASSED] - click(findTestObject("Object Repository/IWP30/Page_SelectPaymentMethod/MakePaymentButton")): Object: 'Object Repository/IWP30/Page_SelectPaymentMethod/MakePaymentButton' is clicked on

2024-08-28 22:47:15 - [MESSAGE][PASSED] - Object: 'Object Repository/IWP30/Page_SelectPaymentMethod/MakePaymentButton' is clicked on

2024-08-28 22:47:15 - [TEST_STEP][PASSED] - if (verifyElementPresent(findTestObject("Object Repository/IWP30/Page_CCPaymentEntry/Name"), 30)): null

2024-08-28 22:47:16 - [MESSAGE][PASSED] - Object 'Object Repository/IWP30/Page_CCPaymentEntry/Name' is present

2024-08-28 22:47:16 - [TEST_STEP][PASSED] - println("We are on Credit Card Payment Entry page, start populating"): null

2024-08-28 22:47:16 - [TEST_STEP][PASSED] - if (verifyElementPresent(findTestObject("Object Repository/IWP30/Page_CCPaymentEntry/Amount"), 30)): null

2024-08-28 22:47:16 - [MESSAGE][PASSED] - Object 'Object Repository/IWP30/Page_CCPaymentEntry/Amount' is present

2024-08-28 22:47:16 - [TEST_STEP][PASSED] - if (!(CCAmount.isEmpty())): Text '40.50' is set on object 'Object Repository/IWP30/Page_CCPaymentEntry/Amount'

2024-08-28 22:47:16 - [TEST_STEP][PASSED] - setText(findTestObject("Object Repository/IWP30/Page_CCPaymentEntry/Amount"), CCAmount): Text '40.50' is set on object 'Object Repository/IWP30/Page_CCPaymentEntry/Amount'

2024-08-28 22:47:17 - [MESSAGE][PASSED] - Text '40.50' is set on object 'Object Repository/IWP30/Page_CCPaymentEntry/Amount'

2024-08-28 22:47:17 - [TEST_STEP][PASSED] - if (verifyElementPresent(findTestObject("Object Repository/IWP30/Page_CCPaymentEntry/UserDefined2"), 30)): null

2024-08-28 22:47:17 - [MESSAGE][PASSED] - Object 'Object Repository/IWP30/Page_CCPaymentEntry/UserDefined2' is present

2024-08-28 22:47:17 - [TEST_STEP][PASSED] - if (!(CCUDF2.isEmpty())): Text 'Circle' is set on object 'Object Repository/IWP30/Page_CCPaymentEntry/UserDefined2'

2024-08-28 22:47:17 - [TEST_STEP][PASSED] - setText(findTestObject("Object Repository/IWP30/Page_CCPaymentEntry/UserDefined2"), CCUDF2): Text 'Circle' is set on object 'Object Repository/IWP30/Page_CCPaymentEntry/UserDefined2'

2024-08-28 22:47:18 - [MESSAGE][PASSED] - Text 'Circle' is set on object 'Object Repository/IWP30/Page_CCPaymentEntry/UserDefined2'

2024-08-28 22:47:18 - [TEST_STEP][PASSED] - if (verifyElementPresent(findTestObject("Object Repository/IWP30/Page_CCPaymentEntry/UserDefined3"), 30)): null

2024-08-28 22:47:18 - [MESSAGE][PASSED] - Object 'Object Repository/IWP30/Page_CCPaymentEntry/UserDefined3' is present

2024-08-28 22:47:18 - [TEST_STEP][PASSED] - if (!(CCUDF3.isEmpty())): Text 'Triangle' is set on object 'Object Repository/IWP30/Page_CCPaymentEntry/UserDefined3'

2024-08-28 22:47:18 - [TEST_STEP][PASSED] - setText(findTestObject("Object Repository/IWP30/Page_CCPaymentEntry/UserDefined3"), CCUDF3): Text 'Triangle' is set on object 'Object Repository/IWP30/Page_CCPaymentEntry/UserDefined3'

2024-08-28 22:47:19 - [MESSAGE][PASSED] - Text 'Triangle' is set on object 'Object Repository/IWP30/Page_CCPaymentEntry/UserDefined3'

2024-08-28 22:47:19 - [TEST_STEP][PASSED] - if (verifyElementPresent(findTestObject("Object Repository/IWP30/Page_CCPaymentEntry/UserDefined7"), 30)): null

2024-08-28 22:47:19 - [MESSAGE][PASSED] - Object 'Object Repository/IWP30/Page_CCPaymentEntry/UserDefined7' is present

2024-08-28 22:47:19 - [TEST_STEP][PASSED] - if (!(CCUDF7.isEmpty())): All options with label 'Purple' are selected in object 'Object Repository/IWP30/Page_CCPaymentEntry/UserDefined7' 

2024-08-28 22:47:19 - [TEST_STEP][PASSED] - selectOptionByLabel(findTestObject("Object Repository/IWP30/Page_CCPaymentEntry/UserDefined7"), CCUDF7, false): All options with label 'Purple' are selected in object 'Object Repository/IWP30/Page_CCPaymentEntry/UserDefined7' 

2024-08-28 22:47:20 - [MESSAGE][PASSED] - All options with label 'Purple' are selected in object 'Object Repository/IWP30/Page_CCPaymentEntry/UserDefined7' 

2024-08-28 22:47:20 - [TEST_STEP][PASSED] - if (verifyElementPresent(findTestObject("Object Repository/IWP30/Page_CCPaymentEntry/UserDefined8"), 30)): null

2024-08-28 22:47:20 - [MESSAGE][PASSED] - Object 'Object Repository/IWP30/Page_CCPaymentEntry/UserDefined8' is present

2024-08-28 22:47:20 - [TEST_STEP][PASSED] - if (!(CCUDF8.isEmpty())): All options with label 'Tennis' are selected in object 'Object Repository/IWP30/Page_CCPaymentEntry/UserDefined8' 

2024-08-28 22:47:20 - [TEST_STEP][PASSED] - selectOptionByLabel(findTestObject("Object Repository/IWP30/Page_CCPaymentEntry/UserDefined8"), CCUDF8, false): All options with label 'Tennis' are selected in object 'Object Repository/IWP30/Page_CCPaymentEntry/UserDefined8' 

2024-08-28 22:47:21 - [MESSAGE][PASSED] - All options with label 'Tennis' are selected in object 'Object Repository/IWP30/Page_CCPaymentEntry/UserDefined8' 

2024-08-28 22:47:21 - [TEST_STEP][PASSED] - if (verifyElementPresent(findTestObject("Object Repository/IWP30/Page_CCPaymentEntry/Name"), 30)): null

2024-08-28 22:47:21 - [MESSAGE][PASSED] - Object 'Object Repository/IWP30/Page_CCPaymentEntry/Name' is present

2024-08-28 22:47:21 - [TEST_STEP][PASSED] - if (!(CCName.isEmpty())): Text 'Alan Donald' is set on object 'Object Repository/IWP30/Page_CCPaymentEntry/Name'

2024-08-28 22:47:21 - [TEST_STEP][PASSED] - setText(findTestObject("Object Repository/IWP30/Page_CCPaymentEntry/Name"), CCName): Text 'Alan Donald' is set on object 'Object Repository/IWP30/Page_CCPaymentEntry/Name'

2024-08-28 22:47:22 - [MESSAGE][PASSED] - Text 'Alan Donald' is set on object 'Object Repository/IWP30/Page_CCPaymentEntry/Name'

2024-08-28 22:47:22 - [TEST_STEP][PASSED] - if (verifyElementPresent(findTestObject("Object Repository/IWP30/Page_CCPaymentEntry/CardNumber"), 30)): null

2024-08-28 22:47:22 - [MESSAGE][PASSED] - Object 'Object Repository/IWP30/Page_CCPaymentEntry/CardNumber' is present

2024-08-28 22:47:22 - [TEST_STEP][PASSED] - if (!(CCCardNum.isEmpty())): Text '4111111111111111' is set on object 'Object Repository/IWP30/Page_CCPaymentEntry/CardNumber'

2024-08-28 22:47:22 - [TEST_STEP][PASSED] - setText(findTestObject("Object Repository/IWP30/Page_CCPaymentEntry/CardNumber"), CCCardNum): Text '4111111111111111' is set on object 'Object Repository/IWP30/Page_CCPaymentEntry/CardNumber'

2024-08-28 22:47:23 - [MESSAGE][PASSED] - Text '4111111111111111' is set on object 'Object Repository/IWP30/Page_CCPaymentEntry/CardNumber'

2024-08-28 22:47:23 - [TEST_STEP][PASSED] - if (verifyElementPresent(findTestObject("Object Repository/IWP30/Page_CCPaymentEntry/SPC"), 30)): null

2024-08-28 22:47:23 - [MESSAGE][PASSED] - Object 'Object Repository/IWP30/Page_CCPaymentEntry/SPC' is present

2024-08-28 22:47:23 - [TEST_STEP][PASSED] - if (!(CCSPC.isEmpty())): Text '258' is set on object 'Object Repository/IWP30/Page_CCPaymentEntry/SPC'

2024-08-28 22:47:23 - [TEST_STEP][PASSED] - setText(findTestObject("Object Repository/IWP30/Page_CCPaymentEntry/SPC"), CCSPC): Text '258' is set on object 'Object Repository/IWP30/Page_CCPaymentEntry/SPC'

2024-08-28 22:47:24 - [MESSAGE][PASSED] - Text '258' is set on object 'Object Repository/IWP30/Page_CCPaymentEntry/SPC'

2024-08-28 22:47:24 - [TEST_STEP][PASSED] - if (verifyElementPresent(findTestObject("Object Repository/IWP30/Page_CCPaymentEntry/Month"), 30)): null

2024-08-28 22:47:24 - [MESSAGE][PASSED] - Object 'Object Repository/IWP30/Page_CCPaymentEntry/Month' is present

2024-08-28 22:47:24 - [TEST_STEP][PASSED] - if (!(CCExpM.isEmpty())): All options with label '10' are selected in object 'Object Repository/IWP30/Page_CCPaymentEntry/Month' 

2024-08-28 22:47:24 - [TEST_STEP][PASSED] - selectOptionByLabel(findTestObject("Object Repository/IWP30/Page_CCPaymentEntry/Month"), CCExpM, false): All options with label '10' are selected in object 'Object Repository/IWP30/Page_CCPaymentEntry/Month' 

2024-08-28 22:47:25 - [MESSAGE][PASSED] - All options with label '10' are selected in object 'Object Repository/IWP30/Page_CCPaymentEntry/Month' 

2024-08-28 22:47:25 - [TEST_STEP][PASSED] - if (verifyElementPresent(findTestObject("Object Repository/IWP30/Page_CCPaymentEntry/Year"), 30)): null

2024-08-28 22:47:25 - [MESSAGE][PASSED] - Object 'Object Repository/IWP30/Page_CCPaymentEntry/Year' is present

2024-08-28 22:47:25 - [TEST_STEP][PASSED] - if (!(CCExpY.isEmpty())): All options with label '2028' are selected in object 'Object Repository/IWP30/Page_CCPaymentEntry/Year' 

2024-08-28 22:47:25 - [TEST_STEP][PASSED] - selectOptionByLabel(findTestObject("Object Repository/IWP30/Page_CCPaymentEntry/Year"), CCExpY, false): All options with label '2028' are selected in object 'Object Repository/IWP30/Page_CCPaymentEntry/Year' 

2024-08-28 22:47:26 - [MESSAGE][PASSED] - All options with label '2028' are selected in object 'Object Repository/IWP30/Page_CCPaymentEntry/Year' 

2024-08-28 22:47:26 - [TEST_STEP][PASSED] - if (verifyElementPresent(findTestObject("Object Repository/IWP30/Page_CCPaymentEntry/ProcessDate"), 30)): null

2024-08-28 22:47:26 - [MESSAGE][PASSED] - Object 'Object Repository/IWP30/Page_CCPaymentEntry/ProcessDate' is present

2024-08-28 22:47:26 - [TEST_STEP][PASSED] - if (!(CCDate.isEmpty())): null

2024-08-28 22:47:26 - [TEST_STEP][PASSED] - else: null

2024-08-28 22:47:26 - [TEST_STEP][PASSED] - println("CCDate is not present in the Excel Spreadsheet"): null

2024-08-28 22:47:26 - [TEST_STEP][PASSED] - if (verifyElementPresent(findTestObject("Object Repository/IWP30/Page_CCPaymentEntry/AL1"), 30)): null

2024-08-28 22:47:26 - [MESSAGE][PASSED] - Object 'Object Repository/IWP30/Page_CCPaymentEntry/AL1' is present

2024-08-28 22:47:26 - [TEST_STEP][PASSED] - if (!(CCAL1.isEmpty())): Text 'Mera AL1' is set on object 'Object Repository/IWP30/Page_CCPaymentEntry/AL1'

2024-08-28 22:47:26 - [TEST_STEP][PASSED] - setText(findTestObject("Object Repository/IWP30/Page_CCPaymentEntry/AL1"), CCAL1): Text 'Mera AL1' is set on object 'Object Repository/IWP30/Page_CCPaymentEntry/AL1'

2024-08-28 22:47:27 - [MESSAGE][PASSED] - Text 'Mera AL1' is set on object 'Object Repository/IWP30/Page_CCPaymentEntry/AL1'

2024-08-28 22:47:27 - [TEST_STEP][PASSED] - if (verifyElementPresent(findTestObject("Object Repository/IWP30/Page_CCPaymentEntry/AL2"), 30)): null

2024-08-28 22:47:27 - [MESSAGE][PASSED] - Object 'Object Repository/IWP30/Page_CCPaymentEntry/AL2' is present

2024-08-28 22:47:27 - [TEST_STEP][PASSED] - if (!(CCAL2.isEmpty())): Text 'Mera AL2' is set on object 'Object Repository/IWP30/Page_CCPaymentEntry/AL2'

2024-08-28 22:47:27 - [TEST_STEP][PASSED] - setText(findTestObject("Object Repository/IWP30/Page_CCPaymentEntry/AL2"), CCAL2): Text 'Mera AL2' is set on object 'Object Repository/IWP30/Page_CCPaymentEntry/AL2'

2024-08-28 22:47:28 - [MESSAGE][PASSED] - Text 'Mera AL2' is set on object 'Object Repository/IWP30/Page_CCPaymentEntry/AL2'

2024-08-28 22:47:28 - [TEST_STEP][PASSED] - if (verifyElementPresent(findTestObject("Object Repository/IWP30/Page_CCPaymentEntry/ZIP"), 30)): null

2024-08-28 22:47:28 - [MESSAGE][PASSED] - Object 'Object Repository/IWP30/Page_CCPaymentEntry/ZIP' is present

2024-08-28 22:47:28 - [TEST_STEP][PASSED] - if (!(CCZIP.isEmpty())): Text '21054' is set on object 'Object Repository/IWP30/Page_CCPaymentEntry/ZIP'

2024-08-28 22:47:28 - [TEST_STEP][PASSED] - setText(findTestObject("Object Repository/IWP30/Page_CCPaymentEntry/ZIP"), CCZIP): Text '21054' is set on object 'Object Repository/IWP30/Page_CCPaymentEntry/ZIP'

2024-08-28 22:47:29 - [MESSAGE][PASSED] - Text '21054' is set on object 'Object Repository/IWP30/Page_CCPaymentEntry/ZIP'

2024-08-28 22:47:29 - [TEST_STEP][PASSED] - if (verifyElementPresent(findTestObject("Object Repository/IWP30/Page_CCPaymentEntry/EmailAddress"), 30)): null

2024-08-28 22:47:30 - [MESSAGE][PASSED] - Object 'Object Repository/IWP30/Page_CCPaymentEntry/EmailAddress' is present

2024-08-28 22:47:30 - [TEST_STEP][PASSED] - if (!(CCEmail.isEmpty())): Text 'merae@gmail.com' is set on object 'Object Repository/IWP30/Page_CCPaymentEntry/EmailAddress'

2024-08-28 22:47:30 - [TEST_STEP][PASSED] - setText(findTestObject("Object Repository/IWP30/Page_CCPaymentEntry/EmailAddress"), CCEmail): Text 'merae@gmail.com' is set on object 'Object Repository/IWP30/Page_CCPaymentEntry/EmailAddress'

2024-08-28 22:47:31 - [MESSAGE][PASSED] - Text 'merae@gmail.com' is set on object 'Object Repository/IWP30/Page_CCPaymentEntry/EmailAddress'

2024-08-28 22:47:31 - [TEST_STEP][PASSED] - if (verifyElementPresent(findTestObject("Object Repository/IWP30/Page_CCPaymentEntry/TermCondCheckBox"), 30)): null

2024-08-28 22:47:31 - [MESSAGE][PASSED] - Object 'Object Repository/IWP30/Page_CCPaymentEntry/TermCondCheckBox' is present

2024-08-28 22:47:31 - [TEST_STEP][PASSED] - check(findTestObject("Object Repository/IWP30/Page_CCPaymentEntry/TermCondCheckBox")): Object 'Object Repository/IWP30/Page_CCPaymentEntry/TermCondCheckBox' is checked

2024-08-28 22:47:31 - [MESSAGE][PASSED] - Object 'Object Repository/IWP30/Page_CCPaymentEntry/TermCondCheckBox' is checked

2024-08-28 22:47:31 - [TEST_STEP][PASSED] - if (verifyElementPresent(findTestObject("Object Repository/IWP30/Page_CCPaymentEntry/ContinueButton"), 30)): null

2024-08-28 22:47:32 - [MESSAGE][PASSED] - Object 'Object Repository/IWP30/Page_CCPaymentEntry/ContinueButton' is present

2024-08-28 22:47:32 - [TEST_STEP][PASSED] - click(findTestObject("Object Repository/IWP30/Page_CCPaymentEntry/ContinueButton")): Object: 'Object Repository/IWP30/Page_CCPaymentEntry/ContinueButton' is clicked on

2024-08-28 22:47:33 - [MESSAGE][PASSED] - Object: 'Object Repository/IWP30/Page_CCPaymentEntry/ContinueButton' is clicked on

2024-08-28 22:47:33 - [TEST_STEP][PASSED] - if (verifyTextPresent("Please verify the following information", false)): null

2024-08-28 22:47:33 - [MESSAGE][PASSED] - Text 'Please verify the following information' is present on page 

2024-08-28 22:47:33 - [TEST_STEP][PASSED] - println("Please verify the following information text is present on the Confirmation page"): null

2024-08-28 22:47:33 - [TEST_STEP][PASSED] - if (verifyTextPresent("Is this information correct?", false)): null

2024-08-28 22:47:33 - [MESSAGE][PASSED] - Text 'Is this information correct?' is present on page 

2024-08-28 22:47:33 - [TEST_STEP][PASSED] - println("Is this information correct text is present on the Confirmation page"): null

2024-08-28 22:47:33 - [TEST_STEP][PASSED] - if (verifyElementPresent(findTestObject("Object Repository/IWP30/Page_Confirmation/ConfirmButton"), 30)): null

2024-08-28 22:47:34 - [MESSAGE][PASSED] - Object 'Object Repository/IWP30/Page_Confirmation/ConfirmButton' is present

2024-08-28 22:47:34 - [TEST_STEP][PASSED] - click(findTestObject("Object Repository/IWP30/Page_Confirmation/ConfirmButton")): Object: 'Object Repository/IWP30/Page_Confirmation/ConfirmButton' is clicked on

2024-08-28 22:47:35 - [MESSAGE][PASSED] - Object: 'Object Repository/IWP30/Page_Confirmation/ConfirmButton' is clicked on

2024-08-28 22:47:35 - [TEST_STEP][PASSED] - Thread.sleep(10000): null

2024-08-28 22:47:45 - [TEST_STEP][PASSED] - if (verifyTextPresent("Successful Payment Receipt", false)): null

2024-08-28 22:47:45 - [MESSAGE][PASSED] - Text 'Successful Payment Receipt' is present on page 

2024-08-28 22:47:45 - [TEST_STEP][PASSED] - println("Successful Payment Receipt text is present on the Receipt page"): null

2024-08-28 22:47:45 - [TEST_STEP][PASSED] - if (verifyTextPresent("Please print this receipt for your records", false)): null

2024-08-28 22:47:45 - [MESSAGE][PASSED] - Text 'Please print this receipt for your records' is present on page 

2024-08-28 22:47:45 - [TEST_STEP][PASSED] - println("Please print this receipt for your records text is present on the Receipt page"): null

2024-08-28 22:47:45 - [TEST_STEP][PASSED] - if (verifyElementPresent(findTestObject("Object Repository/IWP30/Page_Receipt/ExitButton"), 30)): null

2024-08-28 22:47:46 - [MESSAGE][PASSED] - Object 'Object Repository/IWP30/Page_Receipt/ExitButton' is present

2024-08-28 22:47:46 - [TEST_STEP][PASSED] - println("Exit Button is present on the Receipt page"): null

2024-08-28 22:47:46 - [TEST_STEP][PASSED] - resText = "Pass": null

2024-08-28 22:47:46 - [TEST_STEP][PASSED] - pages.WriteExcel.demoKey(resText, datText, resColumn, datCloumn, fileLoc, nameSheet, row): pages.WriteExcel.demoKey is PASSED

2024-08-28 22:47:46 - [MESSAGE][PASSED] - pages.WriteExcel.demoKey is PASSED

2024-08-28 22:47:46 - [TEST_STEP][PASSED] - closeBrowser(): Browser is closed

2024-08-28 22:47:47 - [MESSAGE][PASSED] - Browser is closed]]></system-out>
         <system-err><![CDATA[]]></system-err>
      </testcase>
      <testcase name="Test Cases/IntegratedWeb/IWP30/Payments/VerifyUINoCFCC" time="474.756" classname="Test Cases/IntegratedWeb/IWP30/Payments/VerifyUINoCFCC" status="PASSED">
         <system-out><![CDATA[2024-08-28 22:47:47 - [TEST_CASE][PASSED] - Test Cases/IntegratedWeb/IWP30/Payments/VerifyUINoCFCC: Test Cases/IntegratedWeb/IWP30/Payments/VerifyUINoCFCC

2024-08-28 22:47:48 - [TEST_STEP][PASSED] - numOfRows = findTestData("IWPTestData/VerifyUINoCFCCTestData").getRowNumbers(): null

2024-08-28 22:47:48 - [TEST_STEP][PASSED] - println(numOfRows): null

2024-08-28 22:47:48 - [TEST_STEP][PASSED] - dataFile = "IWPTestData/VerifyUINoCFCCTestData": null

2024-08-28 22:47:48 - [TEST_STEP][PASSED] - for ([row = 1, row <= numOfRows, (row++)]): Browser is closed

2024-08-28 22:47:48 - [TEST_STEP][PASSED] - openBrowser(urlEmulator): Browser is opened with url: 'https://qa2.velocitypayment.com/agency/config.do?action=editor'

2024-08-28 22:47:48 - [MESSAGE][INFO] - Starting 'Chrome' driver

2024-08-28 22:47:48 - [MESSAGE][INFO] - User set preference: ['acceptInsecureCerts', 'true']

2024-08-28 22:47:48 - [MESSAGE][INFO] - Action delay is set to 0 milliseconds

2024-08-28 22:47:50 - [MESSAGE][PASSED] - Browser is opened with url: 'https://qa2.velocitypayment.com/agency/config.do?action=editor'

2024-08-28 22:47:50 - [TEST_STEP][PASSED] - maximizeWindow(): Current window maximized

2024-08-28 22:47:50 - [MESSAGE][PASSED] - Current window maximized

2024-08-28 22:47:50 - [TEST_STEP][PASSED] - iwpPages.emulatorIWP30.setDataEmulatorStandard(): iwpPages.emulatorIWP30.setDataEmulatorStandard is PASSED

2024-08-28 22:47:50 - [MESSAGE][PASSED] - Object 'Object Repository/IWP30/Page_VRelay30Emulator/Amount' is present

2024-08-28 22:47:51 - [MESSAGE][PASSED] - All options with value '3.0' are selected in object 'Object Repository/IWP30/Page_VRelay30Emulator/MV'  using regular expression

2024-08-28 22:47:52 - [MESSAGE][PASSED] - Text '10.50' is set on object 'Object Repository/IWP30/Page_VRelay30Emulator/Amount'

2024-08-28 22:47:52 - [MESSAGE][PASSED] - Text '54654701' is set on object 'Object Repository/IWP30/Page_VRelay30Emulator/CAN'

2024-08-28 22:47:53 - [MESSAGE][PASSED] - Text 'PayNow' is set on object 'Object Repository/IWP30/Page_VRelay30Emulator/Action'

2024-08-28 22:47:54 - [MESSAGE][PASSED] - Text 'en_US' is set on object 'Object Repository/IWP30/Page_VRelay30Emulator/Lang'

2024-08-28 22:47:54 - [MESSAGE][PASSED] - Text '' is set on object 'Object Repository/IWP30/Page_VRelay30Emulator/Fname'

2024-08-28 22:47:55 - [MESSAGE][PASSED] - Text '' is set on object 'Object Repository/IWP30/Page_VRelay30Emulator/Lname'

2024-08-28 22:47:56 - [MESSAGE][PASSED] - Text '' is set on object 'Object Repository/IWP30/Page_VRelay30Emulator/AL1'

2024-08-28 22:47:56 - [MESSAGE][PASSED] - Text '' is set on object 'Object Repository/IWP30/Page_VRelay30Emulator/AL2'

2024-08-28 22:47:57 - [MESSAGE][PASSED] - Text '' is set on object 'Object Repository/IWP30/Page_VRelay30Emulator/Country'

2024-08-28 22:47:57 - [MESSAGE][PASSED] - Text '' is set on object 'Object Repository/IWP30/Page_VRelay30Emulator/City'

2024-08-28 22:47:58 - [MESSAGE][PASSED] - Text '' is set on object 'Object Repository/IWP30/Page_VRelay30Emulator/State'

2024-08-28 22:47:59 - [MESSAGE][PASSED] - Text '' is set on object 'Object Repository/IWP30/Page_VRelay30Emulator/ZIP'

2024-08-28 22:47:59 - [MESSAGE][PASSED] - Text '' is set on object 'Object Repository/IWP30/Page_VRelay30Emulator/Order'

2024-08-28 22:48:00 - [MESSAGE][PASSED] - Text '' is set on object 'Object Repository/IWP30/Page_VRelay30Emulator/Company'

2024-08-28 22:48:01 - [MESSAGE][PASSED] - Text '' is set on object 'Object Repository/IWP30/Page_VRelay30Emulator/Email'

2024-08-28 22:48:01 - [MESSAGE][PASSED] - Text '' is set on object 'Object Repository/IWP30/Page_VRelay30Emulator/UDF1'

2024-08-28 22:48:02 - [MESSAGE][PASSED] - Text '' is set on object 'Object Repository/IWP30/Page_VRelay30Emulator/UDF2'

2024-08-28 22:48:03 - [MESSAGE][PASSED] - Text 'data 3' is set on object 'Object Repository/IWP30/Page_VRelay30Emulator/UDF3'

2024-08-28 22:48:03 - [MESSAGE][PASSED] - Text 'data 4' is set on object 'Object Repository/IWP30/Page_VRelay30Emulator/UDF4'

2024-08-28 22:48:04 - [MESSAGE][PASSED] - Text 'data 5' is set on object 'Object Repository/IWP30/Page_VRelay30Emulator/UDF5'

2024-08-28 22:48:05 - [MESSAGE][PASSED] - Text 'data 6' is set on object 'Object Repository/IWP30/Page_VRelay30Emulator/UDF6'

2024-08-28 22:48:05 - [MESSAGE][PASSED] - Text 'Orange' is set on object 'Object Repository/IWP30/Page_VRelay30Emulator/UDF7'

2024-08-28 22:48:06 - [MESSAGE][PASSED] - Text 'Soccer' is set on object 'Object Repository/IWP30/Page_VRelay30Emulator/UDF8'

2024-08-28 22:48:07 - [MESSAGE][PASSED] - Text 'data 9' is set on object 'Object Repository/IWP30/Page_VRelay30Emulator/UDF9'

2024-08-28 22:48:07 - [MESSAGE][PASSED] - Text 'data 10' is set on object 'Object Repository/IWP30/Page_VRelay30Emulator/UDF10'

2024-08-28 22:48:10 - [MESSAGE][PASSED] - Object: 'Object Repository/IWP30/Page_VRelay30Emulator/Submit' is clicked on

2024-08-28 22:48:16 - [MESSAGE][PASSED] - Browser is closed

2024-08-28 22:48:16 - [MESSAGE][PASSED] - iwpPages.emulatorIWP30.setDataEmulatorStandard is PASSED

2024-08-28 22:48:16 - [TEST_STEP][PASSED] - openBrowser(urlTestHarness): Browser is opened with url: 'https://dev-algorithm.govolution.com/vrelaytest/QA2/version_2_2/vrelaytest.html'

2024-08-28 22:48:16 - [MESSAGE][INFO] - Starting 'Chrome' driver

2024-08-28 22:48:16 - [MESSAGE][INFO] - User set preference: ['acceptInsecureCerts', 'true']

2024-08-28 22:48:16 - [MESSAGE][INFO] - Action delay is set to 0 milliseconds

2024-08-28 22:48:18 - [MESSAGE][PASSED] - Browser is opened with url: 'https://dev-algorithm.govolution.com/vrelaytest/QA2/version_2_2/vrelaytest.html'

2024-08-28 22:48:18 - [TEST_STEP][PASSED] - maximizeWindow(): Current window maximized

2024-08-28 22:48:18 - [MESSAGE][PASSED] - Current window maximized

2024-08-28 22:48:18 - [TEST_STEP][PASSED] - genRemIDVoid = RandomStringUtils.random(12, true, true): null

2024-08-28 22:48:18 - [TEST_STEP][PASSED] - if (verifyElementPresent(findTestObject("Object Repository/IWP30/Page_QATestHarness/RemittanceID"), 30)): null

2024-08-28 22:48:18 - [MESSAGE][PASSED] - Object 'Object Repository/IWP30/Page_QATestHarness/RemittanceID' is present

2024-08-28 22:48:18 - [TEST_STEP][PASSED] - println("We are on Test Harness page, start populating"): null

2024-08-28 22:48:18 - [TEST_STEP][PASSED] - setText(findTestObject("Object Repository/IWP30/Page_QATestHarness/ApplicationID"), "649"): Text '649' is set on object 'Object Repository/IWP30/Page_QATestHarness/ApplicationID'

2024-08-28 22:48:19 - [MESSAGE][PASSED] - Text '649' is set on object 'Object Repository/IWP30/Page_QATestHarness/ApplicationID'

2024-08-28 22:48:19 - [TEST_STEP][PASSED] - setText(findTestObject("Object Repository/IWP30/Page_QATestHarness/MessageVersion"), "3.0"): Text '3.0' is set on object 'Object Repository/IWP30/Page_QATestHarness/MessageVersion'

2024-08-28 22:48:20 - [MESSAGE][PASSED] - Text '3.0' is set on object 'Object Repository/IWP30/Page_QATestHarness/MessageVersion'

2024-08-28 22:48:20 - [TEST_STEP][PASSED] - setText(findTestObject("Object Repository/IWP30/Page_QATestHarness/RemittanceID"), genRemIDVoid): Text 'Om6Yjoif2CYu' is set on object 'Object Repository/IWP30/Page_QATestHarness/RemittanceID'

2024-08-28 22:48:20 - [MESSAGE][PASSED] - Text 'Om6Yjoif2CYu' is set on object 'Object Repository/IWP30/Page_QATestHarness/RemittanceID'

2024-08-28 22:48:20 - [TEST_STEP][PASSED] - click(findTestObject("Object Repository/IWP30/Page_QATestHarness/SubmitButton")): Object: 'Object Repository/IWP30/Page_QATestHarness/SubmitButton' is clicked on

2024-08-28 22:48:22 - [MESSAGE][PASSED] - Object: 'Object Repository/IWP30/Page_QATestHarness/SubmitButton' is clicked on

2024-08-28 22:48:22 - [TEST_STEP][PASSED] - verifyTextPresent("Select Payment Method", false): Text 'Select Payment Method' is present on page 

2024-08-28 22:48:22 - [MESSAGE][PASSED] - Text 'Select Payment Method' is present on page 

2024-08-28 22:48:22 - [TEST_STEP][PASSED] - verifyTextPresent("Please Choose the Method of Payment", false): Text 'Please Choose the Method of Payment' is present on page 

2024-08-28 22:48:23 - [MESSAGE][PASSED] - Text 'Please Choose the Method of Payment' is present on page 

2024-08-28 22:48:23 - [TEST_STEP][PASSED] - verifyElementPresent(findTestObject("Object Repository/IWP30/Page_SelectPaymentMethod/PayByCreditCard"), 30): Object 'Object Repository/IWP30/Page_SelectPaymentMethod/PayByCreditCard' is present

2024-08-28 22:48:23 - [MESSAGE][PASSED] - Object 'Object Repository/IWP30/Page_SelectPaymentMethod/PayByCreditCard' is present

2024-08-28 22:48:23 - [TEST_STEP][PASSED] - verifyElementPresent(findTestObject("Object Repository/IWP30/Page_SelectPaymentMethod/PayByCorporateCheck"), 30): Object 'Object Repository/IWP30/Page_SelectPaymentMethod/PayByCorporateCheck' is present

2024-08-28 22:48:23 - [MESSAGE][PASSED] - Object 'Object Repository/IWP30/Page_SelectPaymentMethod/PayByCorporateCheck' is present

2024-08-28 22:48:23 - [TEST_STEP][PASSED] - verifyElementPresent(findTestObject("Object Repository/IWP30/Page_SelectPaymentMethod/PayByPersonalCheck"), 30): Object 'Object Repository/IWP30/Page_SelectPaymentMethod/PayByPersonalCheck' is present

2024-08-28 22:48:24 - [MESSAGE][PASSED] - Object 'Object Repository/IWP30/Page_SelectPaymentMethod/PayByPersonalCheck' is present

2024-08-28 22:48:24 - [TEST_STEP][PASSED] - verifyElementPresent(findTestObject("Object Repository/IWP30/Page_SelectPaymentMethod/ExitButton"), 30): Object 'Object Repository/IWP30/Page_SelectPaymentMethod/ExitButton' is present

2024-08-28 22:48:24 - [MESSAGE][PASSED] - Object 'Object Repository/IWP30/Page_SelectPaymentMethod/ExitButton' is present

2024-08-28 22:48:24 - [TEST_STEP][PASSED] - if (verifyElementPresent(findTestObject("Object Repository/IWP30/Page_SelectPaymentMethod/PayByCreditCard"), 30)): null

2024-08-28 22:48:24 - [MESSAGE][PASSED] - Object 'Object Repository/IWP30/Page_SelectPaymentMethod/PayByCreditCard' is present

2024-08-28 22:48:24 - [TEST_STEP][PASSED] - println("We are on Select Payment Method page, start populating"): null

2024-08-28 22:48:24 - [TEST_STEP][PASSED] - check(findTestObject("Object Repository/IWP30/Page_SelectPaymentMethod/PayByCreditCard")): Object 'Object Repository/IWP30/Page_SelectPaymentMethod/PayByCreditCard' is checked

2024-08-28 22:48:25 - [MESSAGE][PASSED] - Object 'Object Repository/IWP30/Page_SelectPaymentMethod/PayByCreditCard' is checked

2024-08-28 22:48:25 - [TEST_STEP][PASSED] - Thread.sleep(1000): null

2024-08-28 22:48:26 - [TEST_STEP][PASSED] - click(findTestObject("Object Repository/IWP30/Page_SelectPaymentMethod/MakePaymentButton")): Object: 'Object Repository/IWP30/Page_SelectPaymentMethod/MakePaymentButton' is clicked on

2024-08-28 22:48:27 - [MESSAGE][PASSED] - Object: 'Object Repository/IWP30/Page_SelectPaymentMethod/MakePaymentButton' is clicked on

2024-08-28 22:48:27 - [TEST_STEP][PASSED] - verifyTextPresent("Required fields are highlighted with an asterisk", false): Text 'Required fields are highlighted with an asterisk' is present on page 

2024-08-28 22:48:27 - [MESSAGE][PASSED] - Text 'Required fields are highlighted with an asterisk' is present on page 

2024-08-28 22:48:27 - [TEST_STEP][PASSED] - verifyTextPresent("Please enter the following information about your payment", false): Text 'Please enter the following information about your payment' is present on page 

2024-08-28 22:48:28 - [MESSAGE][PASSED] - Text 'Please enter the following information about your payment' is present on page 

2024-08-28 22:48:28 - [TEST_STEP][PASSED] - verifyTextPresent("CAN Label", false): Text 'CAN Label' is present on page 

2024-08-28 22:48:28 - [MESSAGE][PASSED] - Text 'CAN Label' is present on page 

2024-08-28 22:48:28 - [TEST_STEP][PASSED] - verifyTextPresent("Tax Amount", false): Text 'Tax Amount' is present on page 

2024-08-28 22:48:28 - [MESSAGE][PASSED] - Text 'Tax Amount' is present on page 

2024-08-28 22:48:28 - [TEST_STEP][PASSED] - verifyTextPresent("Amount", false): Text 'Amount' is present on page 

2024-08-28 22:48:29 - [MESSAGE][PASSED] - Text 'Amount' is present on page 

2024-08-28 22:48:29 - [TEST_STEP][PASSED] - verifyTextPresent("UDF1 Label", false): Text 'UDF1 Label' is present on page 

2024-08-28 22:48:29 - [MESSAGE][PASSED] - Text 'UDF1 Label' is present on page 

2024-08-28 22:48:29 - [TEST_STEP][PASSED] - verifyTextPresent("UDF2 Label", false): Text 'UDF2 Label' is present on page 

2024-08-28 22:48:29 - [MESSAGE][PASSED] - Text 'UDF2 Label' is present on page 

2024-08-28 22:48:29 - [TEST_STEP][PASSED] - verifyTextPresent("UDF3 Label", false): Text 'UDF3 Label' is present on page 

2024-08-28 22:48:30 - [MESSAGE][PASSED] - Text 'UDF3 Label' is present on page 

2024-08-28 22:48:30 - [TEST_STEP][PASSED] - verifyTextPresent("UDF4 Label", false): Text 'UDF4 Label' is present on page 

2024-08-28 22:48:30 - [MESSAGE][PASSED] - Text 'UDF4 Label' is present on page 

2024-08-28 22:48:30 - [TEST_STEP][PASSED] - verifyTextPresent("UDF6 Label", false): Text 'UDF6 Label' is present on page 

2024-08-28 22:48:30 - [MESSAGE][PASSED] - Text 'UDF6 Label' is present on page 

2024-08-28 22:48:30 - [TEST_STEP][PASSED] - verifyTextPresent("UDF7 Label", false): Text 'UDF7 Label' is present on page 

2024-08-28 22:48:31 - [MESSAGE][PASSED] - Text 'UDF7 Label' is present on page 

2024-08-28 22:48:31 - [TEST_STEP][PASSED] - verifyTextPresent("UDF8 Label", false): Text 'UDF8 Label' is present on page 

2024-08-28 22:48:31 - [MESSAGE][PASSED] - Text 'UDF8 Label' is present on page 

2024-08-28 22:48:31 - [TEST_STEP][PASSED] - verifyTextPresent("UDF9 Label", false): Text 'UDF9 Label' is present on page 

2024-08-28 22:48:31 - [MESSAGE][PASSED] - Text 'UDF9 Label' is present on page 

2024-08-28 22:48:31 - [TEST_STEP][PASSED] - verifyTextPresent("Please enter the following information about your payment method", false): Text 'Please enter the following information about your payment method' is present on page 

2024-08-28 22:48:32 - [MESSAGE][PASSED] - Text 'Please enter the following information about your payment method' is present on page 

2024-08-28 22:48:32 - [TEST_STEP][PASSED] - verifyTextPresent("Cardholder's Name", false): Text 'Cardholder's Name' is present on page 

2024-08-28 22:48:32 - [MESSAGE][PASSED] - Text 'Cardholder's Name' is present on page 

2024-08-28 22:48:32 - [TEST_STEP][PASSED] - verifyTextPresent("Cards Accepted", false): Text 'Cards Accepted' is present on page 

2024-08-28 22:48:32 - [MESSAGE][PASSED] - Text 'Cards Accepted' is present on page 

2024-08-28 22:48:32 - [TEST_STEP][PASSED] - verifyTextPresent("Card Number", false): Text 'Card Number' is present on page 

2024-08-28 22:48:32 - [MESSAGE][PASSED] - Text 'Card Number' is present on page 

2024-08-28 22:48:32 - [TEST_STEP][PASSED] - verifyTextPresent("Card Security Code", false): Text 'Card Security Code' is present on page 

2024-08-28 22:48:33 - [MESSAGE][PASSED] - Text 'Card Security Code' is present on page 

2024-08-28 22:48:33 - [TEST_STEP][PASSED] - verifyTextPresent("Expiration Date", false): Text 'Expiration Date' is present on page 

2024-08-28 22:48:33 - [MESSAGE][PASSED] - Text 'Expiration Date' is present on page 

2024-08-28 22:48:33 - [TEST_STEP][PASSED] - verifyTextPresent("Payment Date", false): Text 'Payment Date' is present on page 

2024-08-28 22:48:33 - [MESSAGE][PASSED] - Text 'Payment Date' is present on page 

2024-08-28 22:48:33 - [TEST_STEP][PASSED] - verifyTextPresent("Billing Information", false): Text 'Billing Information' is present on page 

2024-08-28 22:48:34 - [MESSAGE][PASSED] - Text 'Billing Information' is present on page 

2024-08-28 22:48:34 - [TEST_STEP][PASSED] - verifyTextPresent("Address Line 1", false): Text 'Address Line 1' is present on page 

2024-08-28 22:48:34 - [MESSAGE][PASSED] - Text 'Address Line 1' is present on page 

2024-08-28 22:48:34 - [TEST_STEP][PASSED] - verifyTextPresent("Address Line 2", false): Text 'Address Line 2' is present on page 

2024-08-28 22:48:34 - [MESSAGE][PASSED] - Text 'Address Line 2' is present on page 

2024-08-28 22:48:34 - [TEST_STEP][PASSED] - verifyTextPresent("Country", false): Text 'Country' is present on page 

2024-08-28 22:48:35 - [MESSAGE][PASSED] - Text 'Country' is present on page 

2024-08-28 22:48:35 - [TEST_STEP][PASSED] - verifyTextPresent("ZIP Code", false): Text 'ZIP Code' is present on page 

2024-08-28 22:48:35 - [MESSAGE][PASSED] - Text 'ZIP Code' is present on page 

2024-08-28 22:48:35 - [TEST_STEP][PASSED] - verifyTextPresent("City", false): Text 'City' is present on page 

2024-08-28 22:48:35 - [MESSAGE][PASSED] - Text 'City' is present on page 

2024-08-28 22:48:35 - [TEST_STEP][PASSED] - verifyTextPresent("State", false): Text 'State' is present on page 

2024-08-28 22:48:36 - [MESSAGE][PASSED] - Text 'State' is present on page 

2024-08-28 22:48:36 - [TEST_STEP][PASSED] - verifyTextPresent("Receipt Information", false): Text 'Receipt Information' is present on page 

2024-08-28 22:48:36 - [MESSAGE][PASSED] - Text 'Receipt Information' is present on page 

2024-08-28 22:48:36 - [TEST_STEP][PASSED] - verifyTextPresent("Email Address", false): Text 'Email Address' is present on page 

2024-08-28 22:48:36 - [MESSAGE][PASSED] - Text 'Email Address' is present on page 

2024-08-28 22:48:36 - [TEST_STEP][PASSED] - verifyTextPresent("Please check here to store the payment method for future use", false): Text 'Please check here to store the payment method for future use' is present on page 

2024-08-28 22:48:37 - [MESSAGE][PASSED] - Text 'Please check here to store the payment method for future use' is present on page 

2024-08-28 22:48:37 - [TEST_STEP][PASSED] - verifyTextPresent("These are Customer CC Terms", false): Text 'These are Customer CC Terms' is present on page 

2024-08-28 22:48:37 - [MESSAGE][PASSED] - Text 'These are Customer CC Terms' is present on page 

2024-08-28 22:48:37 - [TEST_STEP][PASSED] - verifyTextPresent("These are CC Custom HTML", false): Text 'These are CC Custom HTML' is present on page 

2024-08-28 22:48:37 - [MESSAGE][PASSED] - Text 'These are CC Custom HTML' is present on page 

2024-08-28 22:48:37 - [TEST_STEP][PASSED] - verifyTextPresent("54654701", false): Text '54654701' is present on page 

2024-08-28 22:48:38 - [MESSAGE][PASSED] - Text '54654701' is present on page 

2024-08-28 22:48:38 - [TEST_STEP][PASSED] - verifyTextPresent("data 4", false): Text 'data 4' is present on page 

2024-08-28 22:48:38 - [MESSAGE][PASSED] - Text 'data 4' is present on page 

2024-08-28 22:48:38 - [TEST_STEP][PASSED] - verifyTextPresent("data 6", false): Text 'data 6' is present on page 

2024-08-28 22:48:38 - [MESSAGE][PASSED] - Text 'data 6' is present on page 

2024-08-28 22:48:38 - [TEST_STEP][PASSED] - verifyTextPresent("data 9", false): Text 'data 9' is present on page 

2024-08-28 22:48:39 - [MESSAGE][PASSED] - Text 'data 9' is present on page 

2024-08-28 22:48:39 - [TEST_STEP][PASSED] - verifyTextNotPresent("UDF5 Label", false): Text 'UDF5 Label' is not present on page

2024-08-28 22:48:39 - [MESSAGE][PASSED] - Text 'UDF5 Label' is not present on page

2024-08-28 22:48:39 - [TEST_STEP][PASSED] - verifyTextNotPresent("UDF10 Label", false): Text 'UDF10 Label' is not present on page

2024-08-28 22:48:39 - [MESSAGE][PASSED] - Text 'UDF10 Label' is not present on page

2024-08-28 22:48:39 - [TEST_STEP][PASSED] - verifyElementPresent(findTestObject("Object Repository/IWP30/Page_CCPaymentEntry/Amount"), 30): Object 'Object Repository/IWP30/Page_CCPaymentEntry/Amount' is present

2024-08-28 22:48:40 - [MESSAGE][PASSED] - Object 'Object Repository/IWP30/Page_CCPaymentEntry/Amount' is present

2024-08-28 22:48:40 - [TEST_STEP][PASSED] - verifyElementPresent(findTestObject("Object Repository/IWP30/Page_CCPaymentEntry/UserDefined2"), 30): Object 'Object Repository/IWP30/Page_CCPaymentEntry/UserDefined2' is present

2024-08-28 22:48:40 - [MESSAGE][PASSED] - Object 'Object Repository/IWP30/Page_CCPaymentEntry/UserDefined2' is present

2024-08-28 22:48:40 - [TEST_STEP][PASSED] - verifyElementPresent(findTestObject("Object Repository/IWP30/Page_CCPaymentEntry/UserDefined3"), 30): Object 'Object Repository/IWP30/Page_CCPaymentEntry/UserDefined3' is present

2024-08-28 22:48:40 - [MESSAGE][PASSED] - Object 'Object Repository/IWP30/Page_CCPaymentEntry/UserDefined3' is present

2024-08-28 22:48:40 - [TEST_STEP][PASSED] - verifyElementPresent(findTestObject("Object Repository/IWP30/Page_CCPaymentEntry/UserDefined7"), 30): Object 'Object Repository/IWP30/Page_CCPaymentEntry/UserDefined7' is present

2024-08-28 22:48:41 - [MESSAGE][PASSED] - Object 'Object Repository/IWP30/Page_CCPaymentEntry/UserDefined7' is present

2024-08-28 22:48:41 - [TEST_STEP][PASSED] - verifyElementPresent(findTestObject("Object Repository/IWP30/Page_CCPaymentEntry/UserDefined8"), 30): Object 'Object Repository/IWP30/Page_CCPaymentEntry/UserDefined8' is present

2024-08-28 22:48:41 - [MESSAGE][PASSED] - Object 'Object Repository/IWP30/Page_CCPaymentEntry/UserDefined8' is present

2024-08-28 22:48:41 - [TEST_STEP][PASSED] - verifyElementPresent(findTestObject("Object Repository/IWP30/Page_CCPaymentEntry/Name"), 30): Object 'Object Repository/IWP30/Page_CCPaymentEntry/Name' is present

2024-08-28 22:48:41 - [MESSAGE][PASSED] - Object 'Object Repository/IWP30/Page_CCPaymentEntry/Name' is present

2024-08-28 22:48:41 - [TEST_STEP][PASSED] - verifyElementPresent(findTestObject("Object Repository/IWP30/Page_CCPaymentEntry/CardNumber"), 30): Object 'Object Repository/IWP30/Page_CCPaymentEntry/CardNumber' is present

2024-08-28 22:48:42 - [MESSAGE][PASSED] - Object 'Object Repository/IWP30/Page_CCPaymentEntry/CardNumber' is present

2024-08-28 22:48:42 - [TEST_STEP][PASSED] - verifyElementPresent(findTestObject("Object Repository/IWP30/Page_CCPaymentEntry/SPC"), 30): Object 'Object Repository/IWP30/Page_CCPaymentEntry/SPC' is present

2024-08-28 22:48:42 - [MESSAGE][PASSED] - Object 'Object Repository/IWP30/Page_CCPaymentEntry/SPC' is present

2024-08-28 22:48:42 - [TEST_STEP][PASSED] - verifyElementPresent(findTestObject("Object Repository/IWP30/Page_CCPaymentEntry/Month"), 30): Object 'Object Repository/IWP30/Page_CCPaymentEntry/Month' is present

2024-08-28 22:48:42 - [MESSAGE][PASSED] - Object 'Object Repository/IWP30/Page_CCPaymentEntry/Month' is present

2024-08-28 22:48:42 - [TEST_STEP][PASSED] - verifyElementPresent(findTestObject("Object Repository/IWP30/Page_CCPaymentEntry/Year"), 30): Object 'Object Repository/IWP30/Page_CCPaymentEntry/Year' is present

2024-08-28 22:48:42 - [MESSAGE][PASSED] - Object 'Object Repository/IWP30/Page_CCPaymentEntry/Year' is present

2024-08-28 22:48:42 - [TEST_STEP][PASSED] - verifyElementPresent(findTestObject("Object Repository/IWP30/Page_CCPaymentEntry/ProcessDate"), 30): Object 'Object Repository/IWP30/Page_CCPaymentEntry/ProcessDate' is present

2024-08-28 22:48:43 - [MESSAGE][PASSED] - Object 'Object Repository/IWP30/Page_CCPaymentEntry/ProcessDate' is present

2024-08-28 22:48:43 - [TEST_STEP][PASSED] - verifyElementPresent(findTestObject("Object Repository/IWP30/Page_CCPaymentEntry/AL1"), 30): Object 'Object Repository/IWP30/Page_CCPaymentEntry/AL1' is present

2024-08-28 22:48:43 - [MESSAGE][PASSED] - Object 'Object Repository/IWP30/Page_CCPaymentEntry/AL1' is present

2024-08-28 22:48:43 - [TEST_STEP][PASSED] - verifyElementPresent(findTestObject("Object Repository/IWP30/Page_CCPaymentEntry/AL2"), 30): Object 'Object Repository/IWP30/Page_CCPaymentEntry/AL2' is present

2024-08-28 22:48:43 - [MESSAGE][PASSED] - Object 'Object Repository/IWP30/Page_CCPaymentEntry/AL2' is present

2024-08-28 22:48:43 - [TEST_STEP][PASSED] - verifyElementPresent(findTestObject("Object Repository/IWP30/Page_CCPaymentEntry/CountryDropDown"), 30): Object 'Object Repository/IWP30/Page_CCPaymentEntry/CountryDropDown' is present

2024-08-28 22:48:44 - [MESSAGE][PASSED] - Object 'Object Repository/IWP30/Page_CCPaymentEntry/CountryDropDown' is present

2024-08-28 22:48:44 - [TEST_STEP][PASSED] - verifyElementPresent(findTestObject("Object Repository/IWP30/Page_CCPaymentEntry/ZIP"), 30): Object 'Object Repository/IWP30/Page_CCPaymentEntry/ZIP' is present

2024-08-28 22:48:44 - [MESSAGE][PASSED] - Object 'Object Repository/IWP30/Page_CCPaymentEntry/ZIP' is present

2024-08-28 22:48:44 - [TEST_STEP][PASSED] - verifyElementPresent(findTestObject("Object Repository/IWP30/Page_CCPaymentEntry/City"), 30): Object 'Object Repository/IWP30/Page_CCPaymentEntry/City' is present

2024-08-28 22:48:44 - [MESSAGE][PASSED] - Object 'Object Repository/IWP30/Page_CCPaymentEntry/City' is present

2024-08-28 22:48:44 - [TEST_STEP][PASSED] - verifyElementPresent(findTestObject("Object Repository/IWP30/Page_CCPaymentEntry/State"), 30): Object 'Object Repository/IWP30/Page_CCPaymentEntry/State' is present

2024-08-28 22:48:45 - [MESSAGE][PASSED] - Object 'Object Repository/IWP30/Page_CCPaymentEntry/State' is present

2024-08-28 22:48:45 - [TEST_STEP][PASSED] - verifyElementPresent(findTestObject("Object Repository/IWP30/Page_CCPaymentEntry/EmailAddress"), 30): Object 'Object Repository/IWP30/Page_CCPaymentEntry/EmailAddress' is present

2024-08-28 22:48:45 - [MESSAGE][PASSED] - Object 'Object Repository/IWP30/Page_CCPaymentEntry/EmailAddress' is present

2024-08-28 22:48:45 - [TEST_STEP][PASSED] - verifyElementPresent(findTestObject("Object Repository/IWP30/Page_CCPaymentEntry/StorePaymentMethodCheckBox"), 30): Object 'Object Repository/IWP30/Page_CCPaymentEntry/StorePaymentMethodCheckBox' is present

2024-08-28 22:48:45 - [MESSAGE][PASSED] - Object 'Object Repository/IWP30/Page_CCPaymentEntry/StorePaymentMethodCheckBox' is present

2024-08-28 22:48:45 - [TEST_STEP][PASSED] - verifyElementPresent(findTestObject("Object Repository/IWP30/Page_CCPaymentEntry/TermCondCheckBox"), 30): Object 'Object Repository/IWP30/Page_CCPaymentEntry/TermCondCheckBox' is present

2024-08-28 22:48:46 - [MESSAGE][PASSED] - Object 'Object Repository/IWP30/Page_CCPaymentEntry/TermCondCheckBox' is present

2024-08-28 22:48:46 - [TEST_STEP][PASSED] - verifyElementPresent(findTestObject("Object Repository/IWP30/Page_CCPaymentEntry/ContinueButton"), 30): Object 'Object Repository/IWP30/Page_CCPaymentEntry/ContinueButton' is present

2024-08-28 22:48:46 - [MESSAGE][PASSED] - Object 'Object Repository/IWP30/Page_CCPaymentEntry/ContinueButton' is present

2024-08-28 22:48:46 - [TEST_STEP][PASSED] - verifyElementPresent(findTestObject("Object Repository/IWP30/Page_CCPaymentEntry/ChangePaymentMethodButton"), 30): Object 'Object Repository/IWP30/Page_CCPaymentEntry/ChangePaymentMethodButton' is present

2024-08-28 22:48:46 - [MESSAGE][PASSED] - Object 'Object Repository/IWP30/Page_CCPaymentEntry/ChangePaymentMethodButton' is present

2024-08-28 22:48:46 - [TEST_STEP][PASSED] - verifyElementPresent(findTestObject("Object Repository/IWP30/Page_CCPaymentEntry/ExitButton"), 30): Object 'Object Repository/IWP30/Page_CCPaymentEntry/ExitButton' is present

2024-08-28 22:48:47 - [MESSAGE][PASSED] - Object 'Object Repository/IWP30/Page_CCPaymentEntry/ExitButton' is present

2024-08-28 22:48:47 - [TEST_STEP][PASSED] - iwpPages.ccPaymentEntryPage.setDataCCPM(row, dataFile): iwpPages.ccPaymentEntryPage.setDataCCPM is PASSED

2024-08-28 22:48:48 - [MESSAGE][PASSED] - Object 'Object Repository/IWP30/Page_CCPaymentEntry/Name' is present

2024-08-28 22:48:48 - [MESSAGE][PASSED] - Object 'Object Repository/IWP30/Page_CCPaymentEntry/Amount' is present

2024-08-28 22:48:49 - [MESSAGE][PASSED] - Text '23.50' is set on object 'Object Repository/IWP30/Page_CCPaymentEntry/Amount'

2024-08-28 22:48:49 - [MESSAGE][PASSED] - Object 'Object Repository/IWP30/Page_CCPaymentEntry/UserDefined2' is present

2024-08-28 22:48:50 - [MESSAGE][PASSED] - Text 'Some Data 2' is set on object 'Object Repository/IWP30/Page_CCPaymentEntry/UserDefined2'

2024-08-28 22:48:50 - [MESSAGE][PASSED] - Object 'Object Repository/IWP30/Page_CCPaymentEntry/UserDefined3' is present

2024-08-28 22:48:51 - [MESSAGE][PASSED] - Text 'Some Data 3' is set on object 'Object Repository/IWP30/Page_CCPaymentEntry/UserDefined3'

2024-08-28 22:48:51 - [MESSAGE][PASSED] - Object 'Object Repository/IWP30/Page_CCPaymentEntry/UserDefined7' is present

2024-08-28 22:48:52 - [MESSAGE][PASSED] - All options with label 'Orange' are selected in object 'Object Repository/IWP30/Page_CCPaymentEntry/UserDefined7' 

2024-08-28 22:48:52 - [MESSAGE][PASSED] - Object 'Object Repository/IWP30/Page_CCPaymentEntry/UserDefined8' is present

2024-08-28 22:48:53 - [MESSAGE][PASSED] - All options with label 'Tennis' are selected in object 'Object Repository/IWP30/Page_CCPaymentEntry/UserDefined8' 

2024-08-28 22:48:53 - [MESSAGE][PASSED] - Object 'Object Repository/IWP30/Page_CCPaymentEntry/Name' is present

2024-08-28 22:48:54 - [MESSAGE][PASSED] - Text 'Horath Tungsten' is set on object 'Object Repository/IWP30/Page_CCPaymentEntry/Name'

2024-08-28 22:48:54 - [MESSAGE][PASSED] - Object 'Object Repository/IWP30/Page_CCPaymentEntry/CardNumber' is present

2024-08-28 22:48:55 - [MESSAGE][PASSED] - Text '4111111111111111' is set on object 'Object Repository/IWP30/Page_CCPaymentEntry/CardNumber'

2024-08-28 22:48:55 - [MESSAGE][PASSED] - Object 'Object Repository/IWP30/Page_CCPaymentEntry/SPC' is present

2024-08-28 22:48:56 - [MESSAGE][PASSED] - Text '147' is set on object 'Object Repository/IWP30/Page_CCPaymentEntry/SPC'

2024-08-28 22:48:56 - [MESSAGE][PASSED] - Object 'Object Repository/IWP30/Page_CCPaymentEntry/Month' is present

2024-08-28 22:48:57 - [MESSAGE][PASSED] - All options with label '12' are selected in object 'Object Repository/IWP30/Page_CCPaymentEntry/Month' 

2024-08-28 22:48:57 - [MESSAGE][PASSED] - Object 'Object Repository/IWP30/Page_CCPaymentEntry/Year' is present

2024-08-28 22:48:58 - [MESSAGE][PASSED] - All options with label '2025' are selected in object 'Object Repository/IWP30/Page_CCPaymentEntry/Year' 

2024-08-28 22:48:58 - [MESSAGE][PASSED] - Object 'Object Repository/IWP30/Page_CCPaymentEntry/ProcessDate' is present

2024-08-28 22:48:58 - [MESSAGE][PASSED] - Object 'Object Repository/IWP30/Page_CCPaymentEntry/AL1' is present

2024-08-28 22:48:59 - [MESSAGE][PASSED] - Text '9563 Elm Street' is set on object 'Object Repository/IWP30/Page_CCPaymentEntry/AL1'

2024-08-28 22:48:59 - [MESSAGE][PASSED] - Object 'Object Repository/IWP30/Page_CCPaymentEntry/AL2' is present

2024-08-28 22:49:00 - [MESSAGE][PASSED] - Text 'Room 3659' is set on object 'Object Repository/IWP30/Page_CCPaymentEntry/AL2'

2024-08-28 22:49:00 - [MESSAGE][PASSED] - Object 'Object Repository/IWP30/Page_CCPaymentEntry/ZIP' is present

2024-08-28 22:49:01 - [MESSAGE][PASSED] - Text '22201' is set on object 'Object Repository/IWP30/Page_CCPaymentEntry/ZIP'

2024-08-28 22:49:01 - [MESSAGE][PASSED] - Object 'Object Repository/IWP30/Page_CCPaymentEntry/EmailAddress' is present

2024-08-28 22:49:02 - [MESSAGE][PASSED] - Text 'myemail@gmail.com' is set on object 'Object Repository/IWP30/Page_CCPaymentEntry/EmailAddress'

2024-08-28 22:49:03 - [MESSAGE][PASSED] - Object 'Object Repository/IWP30/Page_CCPaymentEntry/TermCondCheckBox' is present

2024-08-28 22:49:03 - [MESSAGE][PASSED] - Object 'Object Repository/IWP30/Page_CCPaymentEntry/TermCondCheckBox' is checked

2024-08-28 22:49:03 - [MESSAGE][PASSED] - Object 'Object Repository/IWP30/Page_CCPaymentEntry/ContinueButton' is present

2024-08-28 22:49:04 - [MESSAGE][PASSED] - Object: 'Object Repository/IWP30/Page_CCPaymentEntry/ContinueButton' is clicked on

2024-08-28 22:49:04 - [MESSAGE][PASSED] - iwpPages.ccPaymentEntryPage.setDataCCPM is PASSED

2024-08-28 22:49:04 - [TEST_STEP][PASSED] - Amount = findTestData("IWPTestData/VerifyUINoCFCCTestData").getValue("CCAmount", row): null

2024-08-28 22:49:05 - [TEST_STEP][PASSED] - UDF2 = findTestData("IWPTestData/VerifyUINoCFCCTestData").getValue("CCUDF2", row): null

2024-08-28 22:49:05 - [TEST_STEP][PASSED] - UDF3 = findTestData("IWPTestData/VerifyUINoCFCCTestData").getValue("CCUDF3", row): null

2024-08-28 22:49:05 - [TEST_STEP][PASSED] - UDF7 = findTestData("IWPTestData/VerifyUINoCFCCTestData").getValue("CCUDF7", row): null

2024-08-28 22:49:05 - [TEST_STEP][PASSED] - UDF8 = findTestData("IWPTestData/VerifyUINoCFCCTestData").getValue("CCUDF8", row): null

2024-08-28 22:49:05 - [TEST_STEP][PASSED] - CName = findTestData("IWPTestData/VerifyUINoCFCCTestData").getValue("CCName", row): null

2024-08-28 22:49:05 - [TEST_STEP][PASSED] - CardType = findTestData("IWPTestData/VerifyUINoCFCCTestData").getValue("VerCardType", row): null

2024-08-28 22:49:05 - [TEST_STEP][PASSED] - Last4 = findTestData("IWPTestData/VerifyUINoCFCCTestData").getValue("VerLast4", row): null

2024-08-28 22:49:05 - [TEST_STEP][PASSED] - CExp = findTestData("IWPTestData/VerifyUINoCFCCTestData").getValue("VerExp", row): null

2024-08-28 22:49:05 - [TEST_STEP][PASSED] - AL1 = findTestData("IWPTestData/VerifyUINoCFCCTestData").getValue("CCAL1", row): null

2024-08-28 22:49:05 - [TEST_STEP][PASSED] - AL2 = findTestData("IWPTestData/VerifyUINoCFCCTestData").getValue("CCAL2", row): null

2024-08-28 22:49:05 - [TEST_STEP][PASSED] - City = findTestData("IWPTestData/VerifyUINoCFCCTestData").getValue("VerCity", row): null

2024-08-28 22:49:05 - [TEST_STEP][PASSED] - State = findTestData("IWPTestData/VerifyUINoCFCCTestData").getValue("VerState", row): null

2024-08-28 22:49:05 - [TEST_STEP][PASSED] - CZIP = findTestData("IWPTestData/VerifyUINoCFCCTestData").getValue("CCZIP", row): null

2024-08-28 22:49:05 - [TEST_STEP][PASSED] - Email = findTestData("IWPTestData/VerifyUINoCFCCTestData").getValue("CCEmail", row): null

2024-08-28 22:49:05 - [TEST_STEP][PASSED] - State2 = findTestData("IWPTestData/VerifyUINoCFCCTestData").getValue("VerState2", row): null

2024-08-28 22:49:05 - [TEST_STEP][PASSED] - CName2 = findTestData("IWPTestData/VerifyUINoCFCCTestData").getValue("VerCCName", row): null

2024-08-28 22:49:05 - [TEST_STEP][PASSED] - verifyTextPresent("Please verify the following information", false): Text 'Please verify the following information' is present on page 

2024-08-28 22:49:05 - [MESSAGE][PASSED] - Text 'Please verify the following information' is present on page 

2024-08-28 22:49:05 - [TEST_STEP][PASSED] - verifyTextPresent("CAN Label", false): Text 'CAN Label' is present on page 

2024-08-28 22:49:06 - [MESSAGE][PASSED] - Text 'CAN Label' is present on page 

2024-08-28 22:49:06 - [TEST_STEP][PASSED] - verifyTextPresent("54654701", false): Text '54654701' is present on page 

2024-08-28 22:49:06 - [MESSAGE][PASSED] - Text '54654701' is present on page 

2024-08-28 22:49:06 - [TEST_STEP][PASSED] - verifyTextPresent("Tax Amount", false): Text 'Tax Amount' is present on page 

2024-08-28 22:49:06 - [MESSAGE][PASSED] - Text 'Tax Amount' is present on page 

2024-08-28 22:49:06 - [TEST_STEP][PASSED] - verifyTextPresent("$0.00", false): Text '$0.00' is present on page 

2024-08-28 22:49:07 - [MESSAGE][PASSED] - Text '$0.00' is present on page 

2024-08-28 22:49:07 - [TEST_STEP][PASSED] - verifyTextPresent("Amount", false): Text 'Amount' is present on page 

2024-08-28 22:49:07 - [MESSAGE][PASSED] - Text 'Amount' is present on page 

2024-08-28 22:49:07 - [TEST_STEP][PASSED] - verifyTextPresent(Amount, false): Text '23.50' is present on page 

2024-08-28 22:49:07 - [MESSAGE][PASSED] - Text '23.50' is present on page 

2024-08-28 22:49:07 - [TEST_STEP][PASSED] - verifyTextPresent("UDF2 Label", false): Text 'UDF2 Label' is present on page 

2024-08-28 22:49:07 - [MESSAGE][PASSED] - Text 'UDF2 Label' is present on page 

2024-08-28 22:49:07 - [TEST_STEP][PASSED] - verifyTextPresent(UDF2, false): Text 'Some Data 2' is present on page 

2024-08-28 22:49:08 - [MESSAGE][PASSED] - Text 'Some Data 2' is present on page 

2024-08-28 22:49:08 - [TEST_STEP][PASSED] - verifyTextPresent("UDF3 Label", false): Text 'UDF3 Label' is present on page 

2024-08-28 22:49:08 - [MESSAGE][PASSED] - Text 'UDF3 Label' is present on page 

2024-08-28 22:49:08 - [TEST_STEP][PASSED] - verifyTextPresent(UDF3, false): Text 'Some Data 3' is present on page 

2024-08-28 22:49:08 - [MESSAGE][PASSED] - Text 'Some Data 3' is present on page 

2024-08-28 22:49:08 - [TEST_STEP][PASSED] - verifyTextPresent("UDF4 Label", false): Text 'UDF4 Label' is present on page 

2024-08-28 22:49:09 - [MESSAGE][PASSED] - Text 'UDF4 Label' is present on page 

2024-08-28 22:49:09 - [TEST_STEP][PASSED] - verifyTextPresent("data 4", false): Text 'data 4' is present on page 

2024-08-28 22:49:09 - [MESSAGE][PASSED] - Text 'data 4' is present on page 

2024-08-28 22:49:09 - [TEST_STEP][PASSED] - verifyTextPresent("UDF6 Label", false): Text 'UDF6 Label' is present on page 

2024-08-28 22:49:09 - [MESSAGE][PASSED] - Text 'UDF6 Label' is present on page 

2024-08-28 22:49:09 - [TEST_STEP][PASSED] - verifyTextPresent("data 6", false): Text 'data 6' is present on page 

2024-08-28 22:49:10 - [MESSAGE][PASSED] - Text 'data 6' is present on page 

2024-08-28 22:49:10 - [TEST_STEP][PASSED] - verifyTextPresent("UDF7 Label", false): Text 'UDF7 Label' is present on page 

2024-08-28 22:49:10 - [MESSAGE][PASSED] - Text 'UDF7 Label' is present on page 

2024-08-28 22:49:10 - [TEST_STEP][PASSED] - verifyTextPresent(UDF7, false): Text 'Orange' is present on page 

2024-08-28 22:49:10 - [MESSAGE][PASSED] - Text 'Orange' is present on page 

2024-08-28 22:49:10 - [TEST_STEP][PASSED] - verifyTextPresent("UDF8 Label", false): Text 'UDF8 Label' is present on page 

2024-08-28 22:49:10 - [MESSAGE][PASSED] - Text 'UDF8 Label' is present on page 

2024-08-28 22:49:10 - [TEST_STEP][PASSED] - verifyTextPresent(UDF8, false): Text 'Tennis' is present on page 

2024-08-28 22:49:11 - [MESSAGE][PASSED] - Text 'Tennis' is present on page 

2024-08-28 22:49:11 - [TEST_STEP][PASSED] - verifyTextPresent("UDF9 Label", false): Text 'UDF9 Label' is present on page 

2024-08-28 22:49:11 - [MESSAGE][PASSED] - Text 'UDF9 Label' is present on page 

2024-08-28 22:49:11 - [TEST_STEP][PASSED] - verifyTextPresent("data 9", false): Text 'data 9' is present on page 

2024-08-28 22:49:11 - [MESSAGE][PASSED] - Text 'data 9' is present on page 

2024-08-28 22:49:11 - [TEST_STEP][PASSED] - verifyTextPresent("Card Information", false): Text 'Card Information' is present on page 

2024-08-28 22:49:12 - [MESSAGE][PASSED] - Text 'Card Information' is present on page 

2024-08-28 22:49:12 - [TEST_STEP][PASSED] - verifyTextPresent("Cardholder's Name", false): Text 'Cardholder's Name' is present on page 

2024-08-28 22:49:12 - [MESSAGE][PASSED] - Text 'Cardholder's Name' is present on page 

2024-08-28 22:49:12 - [TEST_STEP][PASSED] - verifyTextPresent(CName, false): Text 'Horath Tungsten' is present on page 

2024-08-28 22:49:12 - [MESSAGE][PASSED] - Text 'Horath Tungsten' is present on page 

2024-08-28 22:49:12 - [TEST_STEP][PASSED] - verifyTextPresent("Card Type", false): Text 'Card Type' is present on page 

2024-08-28 22:49:12 - [MESSAGE][PASSED] - Text 'Card Type' is present on page 

2024-08-28 22:49:12 - [TEST_STEP][PASSED] - verifyTextPresent(CardType, false): Text 'Visa' is present on page 

2024-08-28 22:49:13 - [MESSAGE][PASSED] - Text 'Visa' is present on page 

2024-08-28 22:49:13 - [TEST_STEP][PASSED] - verifyTextPresent("Card Number", false): Text 'Card Number' is present on page 

2024-08-28 22:49:13 - [MESSAGE][PASSED] - Text 'Card Number' is present on page 

2024-08-28 22:49:13 - [TEST_STEP][PASSED] - verifyTextPresent(Last4, false): Text '1111' is present on page 

2024-08-28 22:49:13 - [MESSAGE][PASSED] - Text '1111' is present on page 

2024-08-28 22:49:13 - [TEST_STEP][PASSED] - verifyTextPresent("Card Security Code", false): Text 'Card Security Code' is present on page 

2024-08-28 22:49:14 - [MESSAGE][PASSED] - Text 'Card Security Code' is present on page 

2024-08-28 22:49:14 - [TEST_STEP][PASSED] - verifyTextPresent("Expiration Date", false): Text 'Expiration Date' is present on page 

2024-08-28 22:49:14 - [MESSAGE][PASSED] - Text 'Expiration Date' is present on page 

2024-08-28 22:49:14 - [TEST_STEP][PASSED] - verifyTextPresent(CExp, false): Text '12/2025' is present on page 

2024-08-28 22:49:14 - [MESSAGE][PASSED] - Text '12/2025' is present on page 

2024-08-28 22:49:14 - [TEST_STEP][PASSED] - verifyTextPresent("Payment Date", false): Text 'Payment Date' is present on page 

2024-08-28 22:49:15 - [MESSAGE][PASSED] - Text 'Payment Date' is present on page 

2024-08-28 22:49:15 - [TEST_STEP][PASSED] - verifyTextPresent("Billing Information", false): Text 'Billing Information' is present on page 

2024-08-28 22:49:15 - [MESSAGE][PASSED] - Text 'Billing Information' is present on page 

2024-08-28 22:49:15 - [TEST_STEP][PASSED] - verifyTextPresent("Address Line 1", false): Text 'Address Line 1' is present on page 

2024-08-28 22:49:15 - [MESSAGE][PASSED] - Text 'Address Line 1' is present on page 

2024-08-28 22:49:15 - [TEST_STEP][PASSED] - verifyTextPresent(AL1, false): Text '9563 Elm Street' is present on page 

2024-08-28 22:49:15 - [MESSAGE][PASSED] - Text '9563 Elm Street' is present on page 

2024-08-28 22:49:15 - [TEST_STEP][PASSED] - verifyTextPresent("Address Line 2", false): Text 'Address Line 2' is present on page 

2024-08-28 22:49:16 - [MESSAGE][PASSED] - Text 'Address Line 2' is present on page 

2024-08-28 22:49:16 - [TEST_STEP][PASSED] - verifyTextPresent(AL2, false): Text 'Room 3659' is present on page 

2024-08-28 22:49:16 - [MESSAGE][PASSED] - Text 'Room 3659' is present on page 

2024-08-28 22:49:16 - [TEST_STEP][PASSED] - verifyTextPresent("Country", false): Text 'Country' is present on page 

2024-08-28 22:49:16 - [MESSAGE][PASSED] - Text 'Country' is present on page 

2024-08-28 22:49:16 - [TEST_STEP][PASSED] - verifyTextPresent("United States", false): Text 'United States' is present on page 

2024-08-28 22:49:17 - [MESSAGE][PASSED] - Text 'United States' is present on page 

2024-08-28 22:49:17 - [TEST_STEP][PASSED] - verifyTextPresent("City", false): Text 'City' is present on page 

2024-08-28 22:49:17 - [MESSAGE][PASSED] - Text 'City' is present on page 

2024-08-28 22:49:17 - [TEST_STEP][PASSED] - verifyTextPresent(City, false): Text 'ARLINGTON' is present on page 

2024-08-28 22:49:17 - [MESSAGE][PASSED] - Text 'ARLINGTON' is present on page 

2024-08-28 22:49:17 - [TEST_STEP][PASSED] - verifyTextPresent("State", false): Text 'State' is present on page 

2024-08-28 22:49:18 - [MESSAGE][PASSED] - Text 'State' is present on page 

2024-08-28 22:49:18 - [TEST_STEP][PASSED] - verifyTextPresent(State, false): Text 'Virginia' is present on page 

2024-08-28 22:49:18 - [MESSAGE][PASSED] - Text 'Virginia' is present on page 

2024-08-28 22:49:18 - [TEST_STEP][PASSED] - verifyTextPresent("ZIP Code", false): Text 'ZIP Code' is present on page 

2024-08-28 22:49:18 - [MESSAGE][PASSED] - Text 'ZIP Code' is present on page 

2024-08-28 22:49:18 - [TEST_STEP][PASSED] - verifyTextPresent(CZIP, false): Text '22201' is present on page 

2024-08-28 22:49:19 - [MESSAGE][PASSED] - Text '22201' is present on page 

2024-08-28 22:49:19 - [TEST_STEP][PASSED] - verifyTextPresent("Email Address", false): Text 'Email Address' is present on page 

2024-08-28 22:49:19 - [MESSAGE][PASSED] - Text 'Email Address' is present on page 

2024-08-28 22:49:19 - [TEST_STEP][PASSED] - verifyTextPresent(Email, false): Text 'myemail@gmail.com' is present on page 

2024-08-28 22:49:19 - [MESSAGE][PASSED] - Text 'myemail@gmail.com' is present on page 

2024-08-28 22:49:19 - [TEST_STEP][PASSED] - verifyTextPresent("Is this information correct", false): Text 'Is this information correct' is present on page 

2024-08-28 22:49:19 - [MESSAGE][PASSED] - Text 'Is this information correct' is present on page 

2024-08-28 22:49:19 - [TEST_STEP][PASSED] - verifyTextPresent("These are CC Custom HTML", false): Text 'These are CC Custom HTML' is present on page 

2024-08-28 22:49:20 - [MESSAGE][PASSED] - Text 'These are CC Custom HTML' is present on page 

2024-08-28 22:49:20 - [TEST_STEP][PASSED] - verifyElementPresent(findTestObject("Object Repository/IWP30/Page_Confirmation/ChangePaymentMethodButton"), 30): Object 'Object Repository/IWP30/Page_Confirmation/ChangePaymentMethodButton' is present

2024-08-28 22:49:20 - [MESSAGE][PASSED] - Object 'Object Repository/IWP30/Page_Confirmation/ChangePaymentMethodButton' is present

2024-08-28 22:49:20 - [TEST_STEP][PASSED] - verifyElementPresent(findTestObject("Object Repository/IWP30/Page_Confirmation/ConfirmButton"), 30): Object 'Object Repository/IWP30/Page_Confirmation/ConfirmButton' is present

2024-08-28 22:49:20 - [MESSAGE][PASSED] - Object 'Object Repository/IWP30/Page_Confirmation/ConfirmButton' is present

2024-08-28 22:49:20 - [TEST_STEP][PASSED] - verifyElementPresent(findTestObject("Object Repository/IWP30/Page_Confirmation/ExitButton"), 30): Object 'Object Repository/IWP30/Page_Confirmation/ExitButton' is present

2024-08-28 22:49:21 - [MESSAGE][PASSED] - Object 'Object Repository/IWP30/Page_Confirmation/ExitButton' is present

2024-08-28 22:49:21 - [TEST_STEP][PASSED] - verifyElementPresent(findTestObject("Object Repository/IWP30/Page_Confirmation/ModifyButton"), 30): Object 'Object Repository/IWP30/Page_Confirmation/ModifyButton' is present

2024-08-28 22:49:21 - [MESSAGE][PASSED] - Object 'Object Repository/IWP30/Page_Confirmation/ModifyButton' is present

2024-08-28 22:49:21 - [TEST_STEP][PASSED] - click(findTestObject("Object Repository/IWP30/Page_Confirmation/ConfirmButton")): Object: 'Object Repository/IWP30/Page_Confirmation/ConfirmButton' is clicked on

2024-08-28 22:49:22 - [MESSAGE][PASSED] - Object: 'Object Repository/IWP30/Page_Confirmation/ConfirmButton' is clicked on

2024-08-28 22:49:22 - [TEST_STEP][PASSED] - Thread.sleep(10000): null

2024-08-28 22:49:32 - [TEST_STEP][PASSED] - verifyTextPresent("Successful Payment Receipt", false): Text 'Successful Payment Receipt' is present on page 

2024-08-28 22:49:33 - [MESSAGE][PASSED] - Text 'Successful Payment Receipt' is present on page 

2024-08-28 22:49:33 - [TEST_STEP][PASSED] - verifyTextPresent("Please print this receipt for your records", false): Text 'Please print this receipt for your records' is present on page 

2024-08-28 22:49:33 - [MESSAGE][PASSED] - Text 'Please print this receipt for your records' is present on page 

2024-08-28 22:49:33 - [TEST_STEP][PASSED] - verifyTextPresent("Remittance ID", false): Text 'Remittance ID' is present on page 

2024-08-28 22:49:33 - [MESSAGE][PASSED] - Text 'Remittance ID' is present on page 

2024-08-28 22:49:33 - [TEST_STEP][PASSED] - verifyTextPresent("CAN Label", false): Text 'CAN Label' is present on page 

2024-08-28 22:49:33 - [MESSAGE][PASSED] - Text 'CAN Label' is present on page 

2024-08-28 22:49:33 - [TEST_STEP][PASSED] - verifyTextPresent("54654701", false): Text '54654701' is present on page 

2024-08-28 22:49:34 - [MESSAGE][PASSED] - Text '54654701' is present on page 

2024-08-28 22:49:34 - [TEST_STEP][PASSED] - verifyTextPresent("Received", false): Text 'Received' is present on page 

2024-08-28 22:49:34 - [MESSAGE][PASSED] - Text 'Received' is present on page 

2024-08-28 22:49:34 - [TEST_STEP][PASSED] - verifyTextPresent("UDF1 Label", false): Text 'UDF1 Label' is present on page 

2024-08-28 22:49:34 - [MESSAGE][PASSED] - Text 'UDF1 Label' is present on page 

2024-08-28 22:49:34 - [TEST_STEP][PASSED] - verifyTextPresent("UDF2 Label", false): Text 'UDF2 Label' is present on page 

2024-08-28 22:49:34 - [MESSAGE][PASSED] - Text 'UDF2 Label' is present on page 

2024-08-28 22:49:34 - [TEST_STEP][PASSED] - verifyTextPresent(UDF2, false): Text 'Some Data 2' is present on page 

2024-08-28 22:49:35 - [MESSAGE][PASSED] - Text 'Some Data 2' is present on page 

2024-08-28 22:49:35 - [TEST_STEP][PASSED] - verifyTextPresent("UDF3 Label", false): Text 'UDF3 Label' is present on page 

2024-08-28 22:49:35 - [MESSAGE][PASSED] - Text 'UDF3 Label' is present on page 

2024-08-28 22:49:35 - [TEST_STEP][PASSED] - verifyTextPresent(UDF3, false): Text 'Some Data 3' is present on page 

2024-08-28 22:49:35 - [MESSAGE][PASSED] - Text 'Some Data 3' is present on page 

2024-08-28 22:49:35 - [TEST_STEP][PASSED] - verifyTextPresent("UDF4 Label", false): Text 'UDF4 Label' is present on page 

2024-08-28 22:49:36 - [MESSAGE][PASSED] - Text 'UDF4 Label' is present on page 

2024-08-28 22:49:36 - [TEST_STEP][PASSED] - verifyTextPresent("data 4", false): Text 'data 4' is present on page 

2024-08-28 22:49:36 - [MESSAGE][PASSED] - Text 'data 4' is present on page 

2024-08-28 22:49:36 - [TEST_STEP][PASSED] - verifyTextPresent("UDF6 Label", false): Text 'UDF6 Label' is present on page 

2024-08-28 22:49:36 - [MESSAGE][PASSED] - Text 'UDF6 Label' is present on page 

2024-08-28 22:49:36 - [TEST_STEP][PASSED] - verifyTextPresent("data 6", false): Text 'data 6' is present on page 

2024-08-28 22:49:36 - [MESSAGE][PASSED] - Text 'data 6' is present on page 

2024-08-28 22:49:36 - [TEST_STEP][PASSED] - verifyTextPresent("UDF7 Label", false): Text 'UDF7 Label' is present on page 

2024-08-28 22:49:37 - [MESSAGE][PASSED] - Text 'UDF7 Label' is present on page 

2024-08-28 22:49:37 - [TEST_STEP][PASSED] - verifyTextPresent(UDF7, false): Text 'Orange' is present on page 

2024-08-28 22:49:37 - [MESSAGE][PASSED] - Text 'Orange' is present on page 

2024-08-28 22:49:37 - [TEST_STEP][PASSED] - verifyTextPresent("UDF8 Label", false): Text 'UDF8 Label' is present on page 

2024-08-28 22:49:37 - [MESSAGE][PASSED] - Text 'UDF8 Label' is present on page 

2024-08-28 22:49:37 - [TEST_STEP][PASSED] - verifyTextPresent(UDF8, false): Text 'Tennis' is present on page 

2024-08-28 22:49:38 - [MESSAGE][PASSED] - Text 'Tennis' is present on page 

2024-08-28 22:49:38 - [TEST_STEP][PASSED] - verifyTextPresent("UDF9 Label", false): Text 'UDF9 Label' is present on page 

2024-08-28 22:49:38 - [MESSAGE][PASSED] - Text 'UDF9 Label' is present on page 

2024-08-28 22:49:38 - [TEST_STEP][PASSED] - verifyTextPresent("data 9", false): Text 'data 9' is present on page 

2024-08-28 22:49:38 - [MESSAGE][PASSED] - Text 'data 9' is present on page 

2024-08-28 22:49:38 - [TEST_STEP][PASSED] - verifyTextPresent("Tax Amount", false): Text 'Tax Amount' is present on page 

2024-08-28 22:49:38 - [MESSAGE][PASSED] - Text 'Tax Amount' is present on page 

2024-08-28 22:49:38 - [TEST_STEP][PASSED] - verifyTextPresent("$0.00", false): Text '$0.00' is present on page 

2024-08-28 22:49:39 - [MESSAGE][PASSED] - Text '$0.00' is present on page 

2024-08-28 22:49:39 - [TEST_STEP][PASSED] - verifyTextPresent("Amount", false): Text 'Amount' is present on page 

2024-08-28 22:49:39 - [MESSAGE][PASSED] - Text 'Amount' is present on page 

2024-08-28 22:49:39 - [TEST_STEP][PASSED] - verifyTextPresent(Amount, false): Text '23.50' is present on page 

2024-08-28 22:49:39 - [MESSAGE][PASSED] - Text '23.50' is present on page 

2024-08-28 22:49:39 - [TEST_STEP][PASSED] - verifyTextPresent("Transaction Type", false): Text 'Transaction Type' is present on page 

2024-08-28 22:49:39 - [MESSAGE][PASSED] - Text 'Transaction Type' is present on page 

2024-08-28 22:49:39 - [TEST_STEP][PASSED] - verifyTextPresent("Authorization and Capture", false): Text 'Authorization and Capture' is present on page 

2024-08-28 22:49:40 - [MESSAGE][PASSED] - Text 'Authorization and Capture' is present on page 

2024-08-28 22:49:40 - [TEST_STEP][PASSED] - verifyTextPresent("Card Information", false): Text 'Card Information' is present on page 

2024-08-28 22:49:40 - [MESSAGE][PASSED] - Text 'Card Information' is present on page 

2024-08-28 22:49:40 - [TEST_STEP][PASSED] - verifyTextPresent(CardType, false): Text 'Visa' is present on page 

2024-08-28 22:49:40 - [MESSAGE][PASSED] - Text 'Visa' is present on page 

2024-08-28 22:49:40 - [TEST_STEP][PASSED] - verifyTextPresent(CName2, false): Text 'HORATH TUNGSTEN' is present on page 

2024-08-28 22:49:41 - [MESSAGE][PASSED] - Text 'HORATH TUNGSTEN' is present on page 

2024-08-28 22:49:41 - [TEST_STEP][PASSED] - verifyTextPresent(Last4, false): Text '1111' is present on page 

2024-08-28 22:49:41 - [MESSAGE][PASSED] - Text '1111' is present on page 

2024-08-28 22:49:41 - [TEST_STEP][PASSED] - verifyTextPresent("Billing Information", false): Text 'Billing Information' is present on page 

2024-08-28 22:49:41 - [MESSAGE][PASSED] - Text 'Billing Information' is present on page 

2024-08-28 22:49:41 - [TEST_STEP][PASSED] - verifyTextPresent("Address Line 1", false): Text 'Address Line 1' is present on page 

2024-08-28 22:49:42 - [MESSAGE][PASSED] - Text 'Address Line 1' is present on page 

2024-08-28 22:49:42 - [TEST_STEP][PASSED] - verifyTextPresent(AL1, false): Text '9563 Elm Street' is present on page 

2024-08-28 22:49:42 - [MESSAGE][PASSED] - Text '9563 Elm Street' is present on page 

2024-08-28 22:49:42 - [TEST_STEP][PASSED] - verifyTextPresent("Address Line 2", false): Text 'Address Line 2' is present on page 

2024-08-28 22:49:42 - [MESSAGE][PASSED] - Text 'Address Line 2' is present on page 

2024-08-28 22:49:42 - [TEST_STEP][PASSED] - verifyTextPresent(AL2, false): Text 'Room 3659' is present on page 

2024-08-28 22:49:42 - [MESSAGE][PASSED] - Text 'Room 3659' is present on page 

2024-08-28 22:49:42 - [TEST_STEP][PASSED] - verifyTextPresent("Country", false): Text 'Country' is present on page 

2024-08-28 22:49:43 - [MESSAGE][PASSED] - Text 'Country' is present on page 

2024-08-28 22:49:43 - [TEST_STEP][PASSED] - verifyTextPresent("United States", false): Text 'United States' is present on page 

2024-08-28 22:49:43 - [MESSAGE][PASSED] - Text 'United States' is present on page 

2024-08-28 22:49:43 - [TEST_STEP][PASSED] - verifyTextPresent("City", false): Text 'City' is present on page 

2024-08-28 22:49:43 - [MESSAGE][PASSED] - Text 'City' is present on page 

2024-08-28 22:49:43 - [TEST_STEP][PASSED] - verifyTextPresent(City, false): Text 'ARLINGTON' is present on page 

2024-08-28 22:49:43 - [MESSAGE][PASSED] - Text 'ARLINGTON' is present on page 

2024-08-28 22:49:43 - [TEST_STEP][PASSED] - verifyTextPresent("State", false): Text 'State' is present on page 

2024-08-28 22:49:44 - [MESSAGE][PASSED] - Text 'State' is present on page 

2024-08-28 22:49:44 - [TEST_STEP][PASSED] - verifyTextPresent(State2, false): Text 'VA' is present on page 

2024-08-28 22:49:44 - [MESSAGE][PASSED] - Text 'VA' is present on page 

2024-08-28 22:49:44 - [TEST_STEP][PASSED] - verifyTextPresent("ZIP Code", false): Text 'ZIP Code' is present on page 

2024-08-28 22:49:44 - [MESSAGE][PASSED] - Text 'ZIP Code' is present on page 

2024-08-28 22:49:44 - [TEST_STEP][PASSED] - verifyTextPresent(CZIP, false): Text '22201' is present on page 

2024-08-28 22:49:45 - [MESSAGE][PASSED] - Text '22201' is present on page 

2024-08-28 22:49:45 - [TEST_STEP][PASSED] - verifyElementPresent(findTestObject("Object Repository/IWP30/Page_Receipt/ExitButton"), 30): Object 'Object Repository/IWP30/Page_Receipt/ExitButton' is present

2024-08-28 22:49:45 - [MESSAGE][PASSED] - Object 'Object Repository/IWP30/Page_Receipt/ExitButton' is present

2024-08-28 22:49:45 - [TEST_STEP][PASSED] - closeBrowser(): Browser is closed

2024-08-28 22:49:46 - [MESSAGE][PASSED] - Browser is closed

2024-08-28 22:49:46 - [TEST_STEP][PASSED] - openBrowser(urlEmulator): Browser is opened with url: 'https://qa2.velocitypayment.com/agency/config.do?action=editor'

2024-08-28 22:49:46 - [MESSAGE][INFO] - Starting 'Chrome' driver

2024-08-28 22:49:46 - [MESSAGE][INFO] - User set preference: ['acceptInsecureCerts', 'true']

2024-08-28 22:49:46 - [MESSAGE][INFO] - Action delay is set to 0 milliseconds

2024-08-28 22:49:48 - [MESSAGE][PASSED] - Browser is opened with url: 'https://qa2.velocitypayment.com/agency/config.do?action=editor'

2024-08-28 22:49:48 - [TEST_STEP][PASSED] - maximizeWindow(): Current window maximized

2024-08-28 22:49:48 - [MESSAGE][PASSED] - Current window maximized

2024-08-28 22:49:48 - [TEST_STEP][PASSED] - iwpPages.emulatorIWP30.setDataEmulatorStandard(): iwpPages.emulatorIWP30.setDataEmulatorStandard is PASSED

2024-08-28 22:49:49 - [MESSAGE][PASSED] - Object 'Object Repository/IWP30/Page_VRelay30Emulator/Amount' is present

2024-08-28 22:49:50 - [MESSAGE][PASSED] - All options with value '3.0' are selected in object 'Object Repository/IWP30/Page_VRelay30Emulator/MV'  using regular expression

2024-08-28 22:49:50 - [MESSAGE][PASSED] - Text '10.50' is set on object 'Object Repository/IWP30/Page_VRelay30Emulator/Amount'

2024-08-28 22:49:51 - [MESSAGE][PASSED] - Text '54654701' is set on object 'Object Repository/IWP30/Page_VRelay30Emulator/CAN'

2024-08-28 22:49:52 - [MESSAGE][PASSED] - Text 'PayNow' is set on object 'Object Repository/IWP30/Page_VRelay30Emulator/Action'

2024-08-28 22:49:52 - [MESSAGE][PASSED] - Text 'en_US' is set on object 'Object Repository/IWP30/Page_VRelay30Emulator/Lang'

2024-08-28 22:49:53 - [MESSAGE][PASSED] - Text '' is set on object 'Object Repository/IWP30/Page_VRelay30Emulator/Fname'

2024-08-28 22:49:54 - [MESSAGE][PASSED] - Text '' is set on object 'Object Repository/IWP30/Page_VRelay30Emulator/Lname'

2024-08-28 22:49:54 - [MESSAGE][PASSED] - Text '' is set on object 'Object Repository/IWP30/Page_VRelay30Emulator/AL1'

2024-08-28 22:49:55 - [MESSAGE][PASSED] - Text '' is set on object 'Object Repository/IWP30/Page_VRelay30Emulator/AL2'

2024-08-28 22:49:56 - [MESSAGE][PASSED] - Text '' is set on object 'Object Repository/IWP30/Page_VRelay30Emulator/Country'

2024-08-28 22:49:56 - [MESSAGE][PASSED] - Text '' is set on object 'Object Repository/IWP30/Page_VRelay30Emulator/City'

2024-08-28 22:49:57 - [MESSAGE][PASSED] - Text '' is set on object 'Object Repository/IWP30/Page_VRelay30Emulator/State'

2024-08-28 22:49:58 - [MESSAGE][PASSED] - Text '' is set on object 'Object Repository/IWP30/Page_VRelay30Emulator/ZIP'

2024-08-28 22:49:58 - [MESSAGE][PASSED] - Text '' is set on object 'Object Repository/IWP30/Page_VRelay30Emulator/Order'

2024-08-28 22:49:59 - [MESSAGE][PASSED] - Text '' is set on object 'Object Repository/IWP30/Page_VRelay30Emulator/Company'

2024-08-28 22:50:00 - [MESSAGE][PASSED] - Text '' is set on object 'Object Repository/IWP30/Page_VRelay30Emulator/Email'

2024-08-28 22:50:00 - [MESSAGE][PASSED] - Text '' is set on object 'Object Repository/IWP30/Page_VRelay30Emulator/UDF1'

2024-08-28 22:50:01 - [MESSAGE][PASSED] - Text '' is set on object 'Object Repository/IWP30/Page_VRelay30Emulator/UDF2'

2024-08-28 22:50:02 - [MESSAGE][PASSED] - Text 'data 3' is set on object 'Object Repository/IWP30/Page_VRelay30Emulator/UDF3'

2024-08-28 22:50:02 - [MESSAGE][PASSED] - Text 'data 4' is set on object 'Object Repository/IWP30/Page_VRelay30Emulator/UDF4'

2024-08-28 22:50:03 - [MESSAGE][PASSED] - Text 'data 5' is set on object 'Object Repository/IWP30/Page_VRelay30Emulator/UDF5'

2024-08-28 22:50:03 - [MESSAGE][PASSED] - Text 'data 6' is set on object 'Object Repository/IWP30/Page_VRelay30Emulator/UDF6'

2024-08-28 22:50:04 - [MESSAGE][PASSED] - Text 'Orange' is set on object 'Object Repository/IWP30/Page_VRelay30Emulator/UDF7'

2024-08-28 22:50:05 - [MESSAGE][PASSED] - Text 'Soccer' is set on object 'Object Repository/IWP30/Page_VRelay30Emulator/UDF8'

2024-08-28 22:50:06 - [MESSAGE][PASSED] - Text 'data 9' is set on object 'Object Repository/IWP30/Page_VRelay30Emulator/UDF9'

2024-08-28 22:50:06 - [MESSAGE][PASSED] - Text 'data 10' is set on object 'Object Repository/IWP30/Page_VRelay30Emulator/UDF10'

2024-08-28 22:50:09 - [MESSAGE][PASSED] - Object: 'Object Repository/IWP30/Page_VRelay30Emulator/Submit' is clicked on

2024-08-28 22:50:15 - [MESSAGE][PASSED] - Browser is closed

2024-08-28 22:50:15 - [MESSAGE][PASSED] - iwpPages.emulatorIWP30.setDataEmulatorStandard is PASSED

2024-08-28 22:50:15 - [TEST_STEP][PASSED] - openBrowser(urlTestHarness): Browser is opened with url: 'https://dev-algorithm.govolution.com/vrelaytest/QA2/version_2_2/vrelaytest.html'

2024-08-28 22:50:15 - [MESSAGE][INFO] - Starting 'Chrome' driver

2024-08-28 22:50:15 - [MESSAGE][INFO] - User set preference: ['acceptInsecureCerts', 'true']

2024-08-28 22:50:15 - [MESSAGE][INFO] - Action delay is set to 0 milliseconds

2024-08-28 22:50:17 - [MESSAGE][PASSED] - Browser is opened with url: 'https://dev-algorithm.govolution.com/vrelaytest/QA2/version_2_2/vrelaytest.html'

2024-08-28 22:50:17 - [TEST_STEP][PASSED] - maximizeWindow(): Current window maximized

2024-08-28 22:50:17 - [MESSAGE][PASSED] - Current window maximized

2024-08-28 22:50:17 - [TEST_STEP][PASSED] - genRemIDVoid = RandomStringUtils.random(12, true, true): null

2024-08-28 22:50:17 - [TEST_STEP][PASSED] - if (verifyElementPresent(findTestObject("Object Repository/IWP30/Page_QATestHarness/RemittanceID"), 30)): null

2024-08-28 22:50:17 - [MESSAGE][PASSED] - Object 'Object Repository/IWP30/Page_QATestHarness/RemittanceID' is present

2024-08-28 22:50:17 - [TEST_STEP][PASSED] - println("We are on Test Harness page, start populating"): null

2024-08-28 22:50:17 - [TEST_STEP][PASSED] - setText(findTestObject("Object Repository/IWP30/Page_QATestHarness/ApplicationID"), "649"): Text '649' is set on object 'Object Repository/IWP30/Page_QATestHarness/ApplicationID'

2024-08-28 22:50:18 - [MESSAGE][PASSED] - Text '649' is set on object 'Object Repository/IWP30/Page_QATestHarness/ApplicationID'

2024-08-28 22:50:18 - [TEST_STEP][PASSED] - setText(findTestObject("Object Repository/IWP30/Page_QATestHarness/MessageVersion"), "3.0"): Text '3.0' is set on object 'Object Repository/IWP30/Page_QATestHarness/MessageVersion'

2024-08-28 22:50:19 - [MESSAGE][PASSED] - Text '3.0' is set on object 'Object Repository/IWP30/Page_QATestHarness/MessageVersion'

2024-08-28 22:50:19 - [TEST_STEP][PASSED] - setText(findTestObject("Object Repository/IWP30/Page_QATestHarness/RemittanceID"), genRemIDVoid): Text 'dkOoGlgkj8kr' is set on object 'Object Repository/IWP30/Page_QATestHarness/RemittanceID'

2024-08-28 22:50:19 - [MESSAGE][PASSED] - Text 'dkOoGlgkj8kr' is set on object 'Object Repository/IWP30/Page_QATestHarness/RemittanceID'

2024-08-28 22:50:19 - [TEST_STEP][PASSED] - click(findTestObject("Object Repository/IWP30/Page_QATestHarness/SubmitButton")): Object: 'Object Repository/IWP30/Page_QATestHarness/SubmitButton' is clicked on

2024-08-28 22:50:21 - [MESSAGE][PASSED] - Object: 'Object Repository/IWP30/Page_QATestHarness/SubmitButton' is clicked on

2024-08-28 22:50:21 - [TEST_STEP][PASSED] - verifyTextPresent("Select Payment Method", false): Text 'Select Payment Method' is present on page 

2024-08-28 22:50:21 - [MESSAGE][PASSED] - Text 'Select Payment Method' is present on page 

2024-08-28 22:50:21 - [TEST_STEP][PASSED] - verifyTextPresent("Please Choose the Method of Payment", false): Text 'Please Choose the Method of Payment' is present on page 

2024-08-28 22:50:22 - [MESSAGE][PASSED] - Text 'Please Choose the Method of Payment' is present on page 

2024-08-28 22:50:22 - [TEST_STEP][PASSED] - verifyElementPresent(findTestObject("Object Repository/IWP30/Page_SelectPaymentMethod/PayByCreditCard"), 30): Object 'Object Repository/IWP30/Page_SelectPaymentMethod/PayByCreditCard' is present

2024-08-28 22:50:22 - [MESSAGE][PASSED] - Object 'Object Repository/IWP30/Page_SelectPaymentMethod/PayByCreditCard' is present

2024-08-28 22:50:22 - [TEST_STEP][PASSED] - verifyElementPresent(findTestObject("Object Repository/IWP30/Page_SelectPaymentMethod/PayByCorporateCheck"), 30): Object 'Object Repository/IWP30/Page_SelectPaymentMethod/PayByCorporateCheck' is present

2024-08-28 22:50:22 - [MESSAGE][PASSED] - Object 'Object Repository/IWP30/Page_SelectPaymentMethod/PayByCorporateCheck' is present

2024-08-28 22:50:22 - [TEST_STEP][PASSED] - verifyElementPresent(findTestObject("Object Repository/IWP30/Page_SelectPaymentMethod/PayByPersonalCheck"), 30): Object 'Object Repository/IWP30/Page_SelectPaymentMethod/PayByPersonalCheck' is present

2024-08-28 22:50:23 - [MESSAGE][PASSED] - Object 'Object Repository/IWP30/Page_SelectPaymentMethod/PayByPersonalCheck' is present

2024-08-28 22:50:23 - [TEST_STEP][PASSED] - verifyElementPresent(findTestObject("Object Repository/IWP30/Page_SelectPaymentMethod/ExitButton"), 30): Object 'Object Repository/IWP30/Page_SelectPaymentMethod/ExitButton' is present

2024-08-28 22:50:23 - [MESSAGE][PASSED] - Object 'Object Repository/IWP30/Page_SelectPaymentMethod/ExitButton' is present

2024-08-28 22:50:23 - [TEST_STEP][PASSED] - if (verifyElementPresent(findTestObject("Object Repository/IWP30/Page_SelectPaymentMethod/PayByCreditCard"), 30)): null

2024-08-28 22:50:23 - [MESSAGE][PASSED] - Object 'Object Repository/IWP30/Page_SelectPaymentMethod/PayByCreditCard' is present

2024-08-28 22:50:23 - [TEST_STEP][PASSED] - println("We are on Select Payment Method page, start populating"): null

2024-08-28 22:50:23 - [TEST_STEP][PASSED] - check(findTestObject("Object Repository/IWP30/Page_SelectPaymentMethod/PayByCreditCard")): Object 'Object Repository/IWP30/Page_SelectPaymentMethod/PayByCreditCard' is checked

2024-08-28 22:50:24 - [MESSAGE][PASSED] - Object 'Object Repository/IWP30/Page_SelectPaymentMethod/PayByCreditCard' is checked

2024-08-28 22:50:24 - [TEST_STEP][PASSED] - Thread.sleep(1000): null

2024-08-28 22:50:25 - [TEST_STEP][PASSED] - click(findTestObject("Object Repository/IWP30/Page_SelectPaymentMethod/MakePaymentButton")): Object: 'Object Repository/IWP30/Page_SelectPaymentMethod/MakePaymentButton' is clicked on

2024-08-28 22:50:26 - [MESSAGE][PASSED] - Object: 'Object Repository/IWP30/Page_SelectPaymentMethod/MakePaymentButton' is clicked on

2024-08-28 22:50:26 - [TEST_STEP][PASSED] - verifyTextPresent("Required fields are highlighted with an asterisk", false): Text 'Required fields are highlighted with an asterisk' is present on page 

2024-08-28 22:50:26 - [MESSAGE][PASSED] - Text 'Required fields are highlighted with an asterisk' is present on page 

2024-08-28 22:50:26 - [TEST_STEP][PASSED] - verifyTextPresent("Please enter the following information about your payment", false): Text 'Please enter the following information about your payment' is present on page 

2024-08-28 22:50:27 - [MESSAGE][PASSED] - Text 'Please enter the following information about your payment' is present on page 

2024-08-28 22:50:27 - [TEST_STEP][PASSED] - verifyTextPresent("CAN Label", false): Text 'CAN Label' is present on page 

2024-08-28 22:50:27 - [MESSAGE][PASSED] - Text 'CAN Label' is present on page 

2024-08-28 22:50:27 - [TEST_STEP][PASSED] - verifyTextPresent("Tax Amount", false): Text 'Tax Amount' is present on page 

2024-08-28 22:50:27 - [MESSAGE][PASSED] - Text 'Tax Amount' is present on page 

2024-08-28 22:50:27 - [TEST_STEP][PASSED] - verifyTextPresent("Amount", false): Text 'Amount' is present on page 

2024-08-28 22:50:28 - [MESSAGE][PASSED] - Text 'Amount' is present on page 

2024-08-28 22:50:28 - [TEST_STEP][PASSED] - verifyTextPresent("UDF1 Label", false): Text 'UDF1 Label' is present on page 

2024-08-28 22:50:28 - [MESSAGE][PASSED] - Text 'UDF1 Label' is present on page 

2024-08-28 22:50:28 - [TEST_STEP][PASSED] - verifyTextPresent("UDF2 Label", false): Text 'UDF2 Label' is present on page 

2024-08-28 22:50:28 - [MESSAGE][PASSED] - Text 'UDF2 Label' is present on page 

2024-08-28 22:50:28 - [TEST_STEP][PASSED] - verifyTextPresent("UDF3 Label", false): Text 'UDF3 Label' is present on page 

2024-08-28 22:50:29 - [MESSAGE][PASSED] - Text 'UDF3 Label' is present on page 

2024-08-28 22:50:29 - [TEST_STEP][PASSED] - verifyTextPresent("UDF4 Label", false): Text 'UDF4 Label' is present on page 

2024-08-28 22:50:29 - [MESSAGE][PASSED] - Text 'UDF4 Label' is present on page 

2024-08-28 22:50:29 - [TEST_STEP][PASSED] - verifyTextPresent("UDF6 Label", false): Text 'UDF6 Label' is present on page 

2024-08-28 22:50:29 - [MESSAGE][PASSED] - Text 'UDF6 Label' is present on page 

2024-08-28 22:50:29 - [TEST_STEP][PASSED] - verifyTextPresent("UDF7 Label", false): Text 'UDF7 Label' is present on page 

2024-08-28 22:50:30 - [MESSAGE][PASSED] - Text 'UDF7 Label' is present on page 

2024-08-28 22:50:30 - [TEST_STEP][PASSED] - verifyTextPresent("UDF8 Label", false): Text 'UDF8 Label' is present on page 

2024-08-28 22:50:30 - [MESSAGE][PASSED] - Text 'UDF8 Label' is present on page 

2024-08-28 22:50:30 - [TEST_STEP][PASSED] - verifyTextPresent("UDF9 Label", false): Text 'UDF9 Label' is present on page 

2024-08-28 22:50:30 - [MESSAGE][PASSED] - Text 'UDF9 Label' is present on page 

2024-08-28 22:50:30 - [TEST_STEP][PASSED] - verifyTextPresent("Please enter the following information about your payment method", false): Text 'Please enter the following information about your payment method' is present on page 

2024-08-28 22:50:31 - [MESSAGE][PASSED] - Text 'Please enter the following information about your payment method' is present on page 

2024-08-28 22:50:31 - [TEST_STEP][PASSED] - verifyTextPresent("Cardholder's Name", false): Text 'Cardholder's Name' is present on page 

2024-08-28 22:50:31 - [MESSAGE][PASSED] - Text 'Cardholder's Name' is present on page 

2024-08-28 22:50:31 - [TEST_STEP][PASSED] - verifyTextPresent("Cards Accepted", false): Text 'Cards Accepted' is present on page 

2024-08-28 22:50:31 - [MESSAGE][PASSED] - Text 'Cards Accepted' is present on page 

2024-08-28 22:50:31 - [TEST_STEP][PASSED] - verifyTextPresent("Card Number", false): Text 'Card Number' is present on page 

2024-08-28 22:50:32 - [MESSAGE][PASSED] - Text 'Card Number' is present on page 

2024-08-28 22:50:32 - [TEST_STEP][PASSED] - verifyTextPresent("Card Security Code", false): Text 'Card Security Code' is present on page 

2024-08-28 22:50:32 - [MESSAGE][PASSED] - Text 'Card Security Code' is present on page 

2024-08-28 22:50:32 - [TEST_STEP][PASSED] - verifyTextPresent("Expiration Date", false): Text 'Expiration Date' is present on page 

2024-08-28 22:50:32 - [MESSAGE][PASSED] - Text 'Expiration Date' is present on page 

2024-08-28 22:50:32 - [TEST_STEP][PASSED] - verifyTextPresent("Payment Date", false): Text 'Payment Date' is present on page 

2024-08-28 22:50:33 - [MESSAGE][PASSED] - Text 'Payment Date' is present on page 

2024-08-28 22:50:33 - [TEST_STEP][PASSED] - verifyTextPresent("Billing Information", false): Text 'Billing Information' is present on page 

2024-08-28 22:50:33 - [MESSAGE][PASSED] - Text 'Billing Information' is present on page 

2024-08-28 22:50:33 - [TEST_STEP][PASSED] - verifyTextPresent("Address Line 1", false): Text 'Address Line 1' is present on page 

2024-08-28 22:50:33 - [MESSAGE][PASSED] - Text 'Address Line 1' is present on page 

2024-08-28 22:50:33 - [TEST_STEP][PASSED] - verifyTextPresent("Address Line 2", false): Text 'Address Line 2' is present on page 

2024-08-28 22:50:34 - [MESSAGE][PASSED] - Text 'Address Line 2' is present on page 

2024-08-28 22:50:34 - [TEST_STEP][PASSED] - verifyTextPresent("Country", false): Text 'Country' is present on page 

2024-08-28 22:50:34 - [MESSAGE][PASSED] - Text 'Country' is present on page 

2024-08-28 22:50:34 - [TEST_STEP][PASSED] - verifyTextPresent("ZIP Code", false): Text 'ZIP Code' is present on page 

2024-08-28 22:50:34 - [MESSAGE][PASSED] - Text 'ZIP Code' is present on page 

2024-08-28 22:50:34 - [TEST_STEP][PASSED] - verifyTextPresent("City", false): Text 'City' is present on page 

2024-08-28 22:50:34 - [MESSAGE][PASSED] - Text 'City' is present on page 

2024-08-28 22:50:34 - [TEST_STEP][PASSED] - verifyTextPresent("State", false): Text 'State' is present on page 

2024-08-28 22:50:35 - [MESSAGE][PASSED] - Text 'State' is present on page 

2024-08-28 22:50:35 - [TEST_STEP][PASSED] - verifyTextPresent("Receipt Information", false): Text 'Receipt Information' is present on page 

2024-08-28 22:50:35 - [MESSAGE][PASSED] - Text 'Receipt Information' is present on page 

2024-08-28 22:50:35 - [TEST_STEP][PASSED] - verifyTextPresent("Email Address", false): Text 'Email Address' is present on page 

2024-08-28 22:50:35 - [MESSAGE][PASSED] - Text 'Email Address' is present on page 

2024-08-28 22:50:35 - [TEST_STEP][PASSED] - verifyTextPresent("Please check here to store the payment method for future use", false): Text 'Please check here to store the payment method for future use' is present on page 

2024-08-28 22:50:36 - [MESSAGE][PASSED] - Text 'Please check here to store the payment method for future use' is present on page 

2024-08-28 22:50:36 - [TEST_STEP][PASSED] - verifyTextPresent("These are Customer CC Terms", false): Text 'These are Customer CC Terms' is present on page 

2024-08-28 22:50:36 - [MESSAGE][PASSED] - Text 'These are Customer CC Terms' is present on page 

2024-08-28 22:50:36 - [TEST_STEP][PASSED] - verifyTextPresent("These are CC Custom HTML", false): Text 'These are CC Custom HTML' is present on page 

2024-08-28 22:50:36 - [MESSAGE][PASSED] - Text 'These are CC Custom HTML' is present on page 

2024-08-28 22:50:36 - [TEST_STEP][PASSED] - verifyTextPresent("54654701", false): Text '54654701' is present on page 

2024-08-28 22:50:37 - [MESSAGE][PASSED] - Text '54654701' is present on page 

2024-08-28 22:50:37 - [TEST_STEP][PASSED] - verifyTextPresent("data 4", false): Text 'data 4' is present on page 

2024-08-28 22:50:37 - [MESSAGE][PASSED] - Text 'data 4' is present on page 

2024-08-28 22:50:37 - [TEST_STEP][PASSED] - verifyTextPresent("data 6", false): Text 'data 6' is present on page 

2024-08-28 22:50:37 - [MESSAGE][PASSED] - Text 'data 6' is present on page 

2024-08-28 22:50:37 - [TEST_STEP][PASSED] - verifyTextPresent("data 9", false): Text 'data 9' is present on page 

2024-08-28 22:50:38 - [MESSAGE][PASSED] - Text 'data 9' is present on page 

2024-08-28 22:50:38 - [TEST_STEP][PASSED] - verifyTextNotPresent("UDF5 Label", false): Text 'UDF5 Label' is not present on page

2024-08-28 22:50:38 - [MESSAGE][PASSED] - Text 'UDF5 Label' is not present on page

2024-08-28 22:50:38 - [TEST_STEP][PASSED] - verifyTextNotPresent("UDF10 Label", false): Text 'UDF10 Label' is not present on page

2024-08-28 22:50:38 - [MESSAGE][PASSED] - Text 'UDF10 Label' is not present on page

2024-08-28 22:50:38 - [TEST_STEP][PASSED] - verifyElementPresent(findTestObject("Object Repository/IWP30/Page_CCPaymentEntry/Amount"), 30): Object 'Object Repository/IWP30/Page_CCPaymentEntry/Amount' is present

2024-08-28 22:50:39 - [MESSAGE][PASSED] - Object 'Object Repository/IWP30/Page_CCPaymentEntry/Amount' is present

2024-08-28 22:50:39 - [TEST_STEP][PASSED] - verifyElementPresent(findTestObject("Object Repository/IWP30/Page_CCPaymentEntry/UserDefined2"), 30): Object 'Object Repository/IWP30/Page_CCPaymentEntry/UserDefined2' is present

2024-08-28 22:50:39 - [MESSAGE][PASSED] - Object 'Object Repository/IWP30/Page_CCPaymentEntry/UserDefined2' is present

2024-08-28 22:50:39 - [TEST_STEP][PASSED] - verifyElementPresent(findTestObject("Object Repository/IWP30/Page_CCPaymentEntry/UserDefined3"), 30): Object 'Object Repository/IWP30/Page_CCPaymentEntry/UserDefined3' is present

2024-08-28 22:50:39 - [MESSAGE][PASSED] - Object 'Object Repository/IWP30/Page_CCPaymentEntry/UserDefined3' is present

2024-08-28 22:50:39 - [TEST_STEP][PASSED] - verifyElementPresent(findTestObject("Object Repository/IWP30/Page_CCPaymentEntry/UserDefined7"), 30): Object 'Object Repository/IWP30/Page_CCPaymentEntry/UserDefined7' is present

2024-08-28 22:50:40 - [MESSAGE][PASSED] - Object 'Object Repository/IWP30/Page_CCPaymentEntry/UserDefined7' is present

2024-08-28 22:50:40 - [TEST_STEP][PASSED] - verifyElementPresent(findTestObject("Object Repository/IWP30/Page_CCPaymentEntry/UserDefined8"), 30): Object 'Object Repository/IWP30/Page_CCPaymentEntry/UserDefined8' is present

2024-08-28 22:50:40 - [MESSAGE][PASSED] - Object 'Object Repository/IWP30/Page_CCPaymentEntry/UserDefined8' is present

2024-08-28 22:50:40 - [TEST_STEP][PASSED] - verifyElementPresent(findTestObject("Object Repository/IWP30/Page_CCPaymentEntry/Name"), 30): Object 'Object Repository/IWP30/Page_CCPaymentEntry/Name' is present

2024-08-28 22:50:40 - [MESSAGE][PASSED] - Object 'Object Repository/IWP30/Page_CCPaymentEntry/Name' is present

2024-08-28 22:50:40 - [TEST_STEP][PASSED] - verifyElementPresent(findTestObject("Object Repository/IWP30/Page_CCPaymentEntry/CardNumber"), 30): Object 'Object Repository/IWP30/Page_CCPaymentEntry/CardNumber' is present

2024-08-28 22:50:41 - [MESSAGE][PASSED] - Object 'Object Repository/IWP30/Page_CCPaymentEntry/CardNumber' is present

2024-08-28 22:50:41 - [TEST_STEP][PASSED] - verifyElementPresent(findTestObject("Object Repository/IWP30/Page_CCPaymentEntry/SPC"), 30): Object 'Object Repository/IWP30/Page_CCPaymentEntry/SPC' is present

2024-08-28 22:50:41 - [MESSAGE][PASSED] - Object 'Object Repository/IWP30/Page_CCPaymentEntry/SPC' is present

2024-08-28 22:50:41 - [TEST_STEP][PASSED] - verifyElementPresent(findTestObject("Object Repository/IWP30/Page_CCPaymentEntry/Month"), 30): Object 'Object Repository/IWP30/Page_CCPaymentEntry/Month' is present

2024-08-28 22:50:41 - [MESSAGE][PASSED] - Object 'Object Repository/IWP30/Page_CCPaymentEntry/Month' is present

2024-08-28 22:50:41 - [TEST_STEP][PASSED] - verifyElementPresent(findTestObject("Object Repository/IWP30/Page_CCPaymentEntry/Year"), 30): Object 'Object Repository/IWP30/Page_CCPaymentEntry/Year' is present

2024-08-28 22:50:42 - [MESSAGE][PASSED] - Object 'Object Repository/IWP30/Page_CCPaymentEntry/Year' is present

2024-08-28 22:50:42 - [TEST_STEP][PASSED] - verifyElementPresent(findTestObject("Object Repository/IWP30/Page_CCPaymentEntry/ProcessDate"), 30): Object 'Object Repository/IWP30/Page_CCPaymentEntry/ProcessDate' is present

2024-08-28 22:50:42 - [MESSAGE][PASSED] - Object 'Object Repository/IWP30/Page_CCPaymentEntry/ProcessDate' is present

2024-08-28 22:50:42 - [TEST_STEP][PASSED] - verifyElementPresent(findTestObject("Object Repository/IWP30/Page_CCPaymentEntry/AL1"), 30): Object 'Object Repository/IWP30/Page_CCPaymentEntry/AL1' is present

2024-08-28 22:50:42 - [MESSAGE][PASSED] - Object 'Object Repository/IWP30/Page_CCPaymentEntry/AL1' is present

2024-08-28 22:50:42 - [TEST_STEP][PASSED] - verifyElementPresent(findTestObject("Object Repository/IWP30/Page_CCPaymentEntry/AL2"), 30): Object 'Object Repository/IWP30/Page_CCPaymentEntry/AL2' is present

2024-08-28 22:50:43 - [MESSAGE][PASSED] - Object 'Object Repository/IWP30/Page_CCPaymentEntry/AL2' is present

2024-08-28 22:50:43 - [TEST_STEP][PASSED] - verifyElementPresent(findTestObject("Object Repository/IWP30/Page_CCPaymentEntry/CountryDropDown"), 30): Object 'Object Repository/IWP30/Page_CCPaymentEntry/CountryDropDown' is present

2024-08-28 22:50:43 - [MESSAGE][PASSED] - Object 'Object Repository/IWP30/Page_CCPaymentEntry/CountryDropDown' is present

2024-08-28 22:50:43 - [TEST_STEP][PASSED] - verifyElementPresent(findTestObject("Object Repository/IWP30/Page_CCPaymentEntry/ZIP"), 30): Object 'Object Repository/IWP30/Page_CCPaymentEntry/ZIP' is present

2024-08-28 22:50:43 - [MESSAGE][PASSED] - Object 'Object Repository/IWP30/Page_CCPaymentEntry/ZIP' is present

2024-08-28 22:50:43 - [TEST_STEP][PASSED] - verifyElementPresent(findTestObject("Object Repository/IWP30/Page_CCPaymentEntry/City"), 30): Object 'Object Repository/IWP30/Page_CCPaymentEntry/City' is present

2024-08-28 22:50:43 - [MESSAGE][PASSED] - Object 'Object Repository/IWP30/Page_CCPaymentEntry/City' is present

2024-08-28 22:50:43 - [TEST_STEP][PASSED] - verifyElementPresent(findTestObject("Object Repository/IWP30/Page_CCPaymentEntry/State"), 30): Object 'Object Repository/IWP30/Page_CCPaymentEntry/State' is present

2024-08-28 22:50:44 - [MESSAGE][PASSED] - Object 'Object Repository/IWP30/Page_CCPaymentEntry/State' is present

2024-08-28 22:50:44 - [TEST_STEP][PASSED] - verifyElementPresent(findTestObject("Object Repository/IWP30/Page_CCPaymentEntry/EmailAddress"), 30): Object 'Object Repository/IWP30/Page_CCPaymentEntry/EmailAddress' is present

2024-08-28 22:50:44 - [MESSAGE][PASSED] - Object 'Object Repository/IWP30/Page_CCPaymentEntry/EmailAddress' is present

2024-08-28 22:50:44 - [TEST_STEP][PASSED] - verifyElementPresent(findTestObject("Object Repository/IWP30/Page_CCPaymentEntry/StorePaymentMethodCheckBox"), 30): Object 'Object Repository/IWP30/Page_CCPaymentEntry/StorePaymentMethodCheckBox' is present

2024-08-28 22:50:44 - [MESSAGE][PASSED] - Object 'Object Repository/IWP30/Page_CCPaymentEntry/StorePaymentMethodCheckBox' is present

2024-08-28 22:50:44 - [TEST_STEP][PASSED] - verifyElementPresent(findTestObject("Object Repository/IWP30/Page_CCPaymentEntry/TermCondCheckBox"), 30): Object 'Object Repository/IWP30/Page_CCPaymentEntry/TermCondCheckBox' is present

2024-08-28 22:50:45 - [MESSAGE][PASSED] - Object 'Object Repository/IWP30/Page_CCPaymentEntry/TermCondCheckBox' is present

2024-08-28 22:50:45 - [TEST_STEP][PASSED] - verifyElementPresent(findTestObject("Object Repository/IWP30/Page_CCPaymentEntry/ContinueButton"), 30): Object 'Object Repository/IWP30/Page_CCPaymentEntry/ContinueButton' is present

2024-08-28 22:50:45 - [MESSAGE][PASSED] - Object 'Object Repository/IWP30/Page_CCPaymentEntry/ContinueButton' is present

2024-08-28 22:50:45 - [TEST_STEP][PASSED] - verifyElementPresent(findTestObject("Object Repository/IWP30/Page_CCPaymentEntry/ChangePaymentMethodButton"), 30): Object 'Object Repository/IWP30/Page_CCPaymentEntry/ChangePaymentMethodButton' is present

2024-08-28 22:50:45 - [MESSAGE][PASSED] - Object 'Object Repository/IWP30/Page_CCPaymentEntry/ChangePaymentMethodButton' is present

2024-08-28 22:50:45 - [TEST_STEP][PASSED] - verifyElementPresent(findTestObject("Object Repository/IWP30/Page_CCPaymentEntry/ExitButton"), 30): Object 'Object Repository/IWP30/Page_CCPaymentEntry/ExitButton' is present

2024-08-28 22:50:46 - [MESSAGE][PASSED] - Object 'Object Repository/IWP30/Page_CCPaymentEntry/ExitButton' is present

2024-08-28 22:50:46 - [TEST_STEP][PASSED] - iwpPages.ccPaymentEntryPage.setDataCCPM(row, dataFile): iwpPages.ccPaymentEntryPage.setDataCCPM is PASSED

2024-08-28 22:50:47 - [MESSAGE][PASSED] - Object 'Object Repository/IWP30/Page_CCPaymentEntry/Name' is present

2024-08-28 22:50:47 - [MESSAGE][PASSED] - Object 'Object Repository/IWP30/Page_CCPaymentEntry/Amount' is present

2024-08-28 22:50:48 - [MESSAGE][PASSED] - Text '27.50' is set on object 'Object Repository/IWP30/Page_CCPaymentEntry/Amount'

2024-08-28 22:50:48 - [MESSAGE][PASSED] - Object 'Object Repository/IWP30/Page_CCPaymentEntry/UserDefined2' is present

2024-08-28 22:50:49 - [MESSAGE][PASSED] - Text 'Agneepath' is set on object 'Object Repository/IWP30/Page_CCPaymentEntry/UserDefined2'

2024-08-28 22:50:49 - [MESSAGE][PASSED] - Object 'Object Repository/IWP30/Page_CCPaymentEntry/UserDefined3' is present

2024-08-28 22:50:50 - [MESSAGE][PASSED] - Text 'Kaho Na' is set on object 'Object Repository/IWP30/Page_CCPaymentEntry/UserDefined3'

2024-08-28 22:50:50 - [MESSAGE][PASSED] - Object 'Object Repository/IWP30/Page_CCPaymentEntry/UserDefined7' is present

2024-08-28 22:50:51 - [MESSAGE][PASSED] - All options with label 'Purple' are selected in object 'Object Repository/IWP30/Page_CCPaymentEntry/UserDefined7' 

2024-08-28 22:50:51 - [MESSAGE][PASSED] - Object 'Object Repository/IWP30/Page_CCPaymentEntry/UserDefined8' is present

2024-08-28 22:50:52 - [MESSAGE][PASSED] - All options with label 'Soccer' are selected in object 'Object Repository/IWP30/Page_CCPaymentEntry/UserDefined8' 

2024-08-28 22:50:52 - [MESSAGE][PASSED] - Object 'Object Repository/IWP30/Page_CCPaymentEntry/Name' is present

2024-08-28 22:50:53 - [MESSAGE][PASSED] - Text 'Hritik Roshan' is set on object 'Object Repository/IWP30/Page_CCPaymentEntry/Name'

2024-08-28 22:50:53 - [MESSAGE][PASSED] - Object 'Object Repository/IWP30/Page_CCPaymentEntry/CardNumber' is present

2024-08-28 22:50:54 - [MESSAGE][PASSED] - Text '5424000000000015' is set on object 'Object Repository/IWP30/Page_CCPaymentEntry/CardNumber'

2024-08-28 22:50:54 - [MESSAGE][PASSED] - Object 'Object Repository/IWP30/Page_CCPaymentEntry/SPC' is present

2024-08-28 22:50:55 - [MESSAGE][PASSED] - Text '159' is set on object 'Object Repository/IWP30/Page_CCPaymentEntry/SPC'

2024-08-28 22:50:55 - [MESSAGE][PASSED] - Object 'Object Repository/IWP30/Page_CCPaymentEntry/Month' is present

2024-08-28 22:50:56 - [MESSAGE][PASSED] - All options with label '06' are selected in object 'Object Repository/IWP30/Page_CCPaymentEntry/Month' 

2024-08-28 22:50:56 - [MESSAGE][PASSED] - Object 'Object Repository/IWP30/Page_CCPaymentEntry/Year' is present

2024-08-28 22:50:57 - [MESSAGE][PASSED] - All options with label '2026' are selected in object 'Object Repository/IWP30/Page_CCPaymentEntry/Year' 

2024-08-28 22:50:57 - [MESSAGE][PASSED] - Object 'Object Repository/IWP30/Page_CCPaymentEntry/ProcessDate' is present

2024-08-28 22:50:57 - [MESSAGE][PASSED] - Object 'Object Repository/IWP30/Page_CCPaymentEntry/AL1' is present

2024-08-28 22:50:58 - [MESSAGE][PASSED] - Text '1638 Juhu road' is set on object 'Object Repository/IWP30/Page_CCPaymentEntry/AL1'

2024-08-28 22:50:58 - [MESSAGE][PASSED] - Object 'Object Repository/IWP30/Page_CCPaymentEntry/AL2' is present

2024-08-28 22:50:59 - [MESSAGE][PASSED] - Text 'Build 99' is set on object 'Object Repository/IWP30/Page_CCPaymentEntry/AL2'

2024-08-28 22:50:59 - [MESSAGE][PASSED] - Object 'Object Repository/IWP30/Page_CCPaymentEntry/ZIP' is present

2024-08-28 22:51:00 - [MESSAGE][PASSED] - Text '21054' is set on object 'Object Repository/IWP30/Page_CCPaymentEntry/ZIP'

2024-08-28 22:51:00 - [MESSAGE][PASSED] - Object 'Object Repository/IWP30/Page_CCPaymentEntry/EmailAddress' is present

2024-08-28 22:51:01 - [MESSAGE][PASSED] - Text 'youremail@gmail.com' is set on object 'Object Repository/IWP30/Page_CCPaymentEntry/EmailAddress'

2024-08-28 22:51:01 - [MESSAGE][PASSED] - Object 'Object Repository/IWP30/Page_CCPaymentEntry/TermCondCheckBox' is present

2024-08-28 22:51:02 - [MESSAGE][PASSED] - Object 'Object Repository/IWP30/Page_CCPaymentEntry/TermCondCheckBox' is checked

2024-08-28 22:51:02 - [MESSAGE][PASSED] - Object 'Object Repository/IWP30/Page_CCPaymentEntry/ContinueButton' is present

2024-08-28 22:51:03 - [MESSAGE][PASSED] - Object: 'Object Repository/IWP30/Page_CCPaymentEntry/ContinueButton' is clicked on

2024-08-28 22:51:03 - [MESSAGE][PASSED] - iwpPages.ccPaymentEntryPage.setDataCCPM is PASSED

2024-08-28 22:51:03 - [TEST_STEP][PASSED] - Amount = findTestData("IWPTestData/VerifyUINoCFCCTestData").getValue("CCAmount", row): null

2024-08-28 22:51:03 - [TEST_STEP][PASSED] - UDF2 = findTestData("IWPTestData/VerifyUINoCFCCTestData").getValue("CCUDF2", row): null

2024-08-28 22:51:03 - [TEST_STEP][PASSED] - UDF3 = findTestData("IWPTestData/VerifyUINoCFCCTestData").getValue("CCUDF3", row): null

2024-08-28 22:51:03 - [TEST_STEP][PASSED] - UDF7 = findTestData("IWPTestData/VerifyUINoCFCCTestData").getValue("CCUDF7", row): null

2024-08-28 22:51:03 - [TEST_STEP][PASSED] - UDF8 = findTestData("IWPTestData/VerifyUINoCFCCTestData").getValue("CCUDF8", row): null

2024-08-28 22:51:03 - [TEST_STEP][PASSED] - CName = findTestData("IWPTestData/VerifyUINoCFCCTestData").getValue("CCName", row): null

2024-08-28 22:51:04 - [TEST_STEP][PASSED] - CardType = findTestData("IWPTestData/VerifyUINoCFCCTestData").getValue("VerCardType", row): null

2024-08-28 22:51:04 - [TEST_STEP][PASSED] - Last4 = findTestData("IWPTestData/VerifyUINoCFCCTestData").getValue("VerLast4", row): null

2024-08-28 22:51:04 - [TEST_STEP][PASSED] - CExp = findTestData("IWPTestData/VerifyUINoCFCCTestData").getValue("VerExp", row): null

2024-08-28 22:51:04 - [TEST_STEP][PASSED] - AL1 = findTestData("IWPTestData/VerifyUINoCFCCTestData").getValue("CCAL1", row): null

2024-08-28 22:51:04 - [TEST_STEP][PASSED] - AL2 = findTestData("IWPTestData/VerifyUINoCFCCTestData").getValue("CCAL2", row): null

2024-08-28 22:51:04 - [TEST_STEP][PASSED] - City = findTestData("IWPTestData/VerifyUINoCFCCTestData").getValue("VerCity", row): null

2024-08-28 22:51:04 - [TEST_STEP][PASSED] - State = findTestData("IWPTestData/VerifyUINoCFCCTestData").getValue("VerState", row): null

2024-08-28 22:51:04 - [TEST_STEP][PASSED] - CZIP = findTestData("IWPTestData/VerifyUINoCFCCTestData").getValue("CCZIP", row): null

2024-08-28 22:51:04 - [TEST_STEP][PASSED] - Email = findTestData("IWPTestData/VerifyUINoCFCCTestData").getValue("CCEmail", row): null

2024-08-28 22:51:04 - [TEST_STEP][PASSED] - State2 = findTestData("IWPTestData/VerifyUINoCFCCTestData").getValue("VerState2", row): null

2024-08-28 22:51:04 - [TEST_STEP][PASSED] - CName2 = findTestData("IWPTestData/VerifyUINoCFCCTestData").getValue("VerCCName", row): null

2024-08-28 22:51:04 - [TEST_STEP][PASSED] - verifyTextPresent("Please verify the following information", false): Text 'Please verify the following information' is present on page 

2024-08-28 22:51:04 - [MESSAGE][PASSED] - Text 'Please verify the following information' is present on page 

2024-08-28 22:51:04 - [TEST_STEP][PASSED] - verifyTextPresent("CAN Label", false): Text 'CAN Label' is present on page 

2024-08-28 22:51:05 - [MESSAGE][PASSED] - Text 'CAN Label' is present on page 

2024-08-28 22:51:05 - [TEST_STEP][PASSED] - verifyTextPresent("54654701", false): Text '54654701' is present on page 

2024-08-28 22:51:05 - [MESSAGE][PASSED] - Text '54654701' is present on page 

2024-08-28 22:51:05 - [TEST_STEP][PASSED] - verifyTextPresent("Tax Amount", false): Text 'Tax Amount' is present on page 

2024-08-28 22:51:05 - [MESSAGE][PASSED] - Text 'Tax Amount' is present on page 

2024-08-28 22:51:05 - [TEST_STEP][PASSED] - verifyTextPresent("$0.00", false): Text '$0.00' is present on page 

2024-08-28 22:51:05 - [MESSAGE][PASSED] - Text '$0.00' is present on page 

2024-08-28 22:51:05 - [TEST_STEP][PASSED] - verifyTextPresent("Amount", false): Text 'Amount' is present on page 

2024-08-28 22:51:06 - [MESSAGE][PASSED] - Text 'Amount' is present on page 

2024-08-28 22:51:06 - [TEST_STEP][PASSED] - verifyTextPresent(Amount, false): Text '27.50' is present on page 

2024-08-28 22:51:06 - [MESSAGE][PASSED] - Text '27.50' is present on page 

2024-08-28 22:51:06 - [TEST_STEP][PASSED] - verifyTextPresent("UDF2 Label", false): Text 'UDF2 Label' is present on page 

2024-08-28 22:51:06 - [MESSAGE][PASSED] - Text 'UDF2 Label' is present on page 

2024-08-28 22:51:06 - [TEST_STEP][PASSED] - verifyTextPresent(UDF2, false): Text 'Agneepath' is present on page 

2024-08-28 22:51:07 - [MESSAGE][PASSED] - Text 'Agneepath' is present on page 

2024-08-28 22:51:07 - [TEST_STEP][PASSED] - verifyTextPresent("UDF3 Label", false): Text 'UDF3 Label' is present on page 

2024-08-28 22:51:07 - [MESSAGE][PASSED] - Text 'UDF3 Label' is present on page 

2024-08-28 22:51:07 - [TEST_STEP][PASSED] - verifyTextPresent(UDF3, false): Text 'Kaho Na' is present on page 

2024-08-28 22:51:07 - [MESSAGE][PASSED] - Text 'Kaho Na' is present on page 

2024-08-28 22:51:07 - [TEST_STEP][PASSED] - verifyTextPresent("UDF4 Label", false): Text 'UDF4 Label' is present on page 

2024-08-28 22:51:08 - [MESSAGE][PASSED] - Text 'UDF4 Label' is present on page 

2024-08-28 22:51:08 - [TEST_STEP][PASSED] - verifyTextPresent("data 4", false): Text 'data 4' is present on page 

2024-08-28 22:51:08 - [MESSAGE][PASSED] - Text 'data 4' is present on page 

2024-08-28 22:51:08 - [TEST_STEP][PASSED] - verifyTextPresent("UDF6 Label", false): Text 'UDF6 Label' is present on page 

2024-08-28 22:51:08 - [MESSAGE][PASSED] - Text 'UDF6 Label' is present on page 

2024-08-28 22:51:08 - [TEST_STEP][PASSED] - verifyTextPresent("data 6", false): Text 'data 6' is present on page 

2024-08-28 22:51:08 - [MESSAGE][PASSED] - Text 'data 6' is present on page 

2024-08-28 22:51:08 - [TEST_STEP][PASSED] - verifyTextPresent("UDF7 Label", false): Text 'UDF7 Label' is present on page 

2024-08-28 22:51:09 - [MESSAGE][PASSED] - Text 'UDF7 Label' is present on page 

2024-08-28 22:51:09 - [TEST_STEP][PASSED] - verifyTextPresent(UDF7, false): Text 'Purple' is present on page 

2024-08-28 22:51:09 - [MESSAGE][PASSED] - Text 'Purple' is present on page 

2024-08-28 22:51:09 - [TEST_STEP][PASSED] - verifyTextPresent("UDF8 Label", false): Text 'UDF8 Label' is present on page 

2024-08-28 22:51:09 - [MESSAGE][PASSED] - Text 'UDF8 Label' is present on page 

2024-08-28 22:51:09 - [TEST_STEP][PASSED] - verifyTextPresent(UDF8, false): Text 'Soccer' is present on page 

2024-08-28 22:51:10 - [MESSAGE][PASSED] - Text 'Soccer' is present on page 

2024-08-28 22:51:10 - [TEST_STEP][PASSED] - verifyTextPresent("UDF9 Label", false): Text 'UDF9 Label' is present on page 

2024-08-28 22:51:10 - [MESSAGE][PASSED] - Text 'UDF9 Label' is present on page 

2024-08-28 22:51:10 - [TEST_STEP][PASSED] - verifyTextPresent("data 9", false): Text 'data 9' is present on page 

2024-08-28 22:51:10 - [MESSAGE][PASSED] - Text 'data 9' is present on page 

2024-08-28 22:51:10 - [TEST_STEP][PASSED] - verifyTextPresent("Card Information", false): Text 'Card Information' is present on page 

2024-08-28 22:51:10 - [MESSAGE][PASSED] - Text 'Card Information' is present on page 

2024-08-28 22:51:10 - [TEST_STEP][PASSED] - verifyTextPresent("Cardholder's Name", false): Text 'Cardholder's Name' is present on page 

2024-08-28 22:51:11 - [MESSAGE][PASSED] - Text 'Cardholder's Name' is present on page 

2024-08-28 22:51:11 - [TEST_STEP][PASSED] - verifyTextPresent(CName, false): Text 'Hritik Roshan' is present on page 

2024-08-28 22:51:11 - [MESSAGE][PASSED] - Text 'Hritik Roshan' is present on page 

2024-08-28 22:51:11 - [TEST_STEP][PASSED] - verifyTextPresent("Card Type", false): Text 'Card Type' is present on page 

2024-08-28 22:51:11 - [MESSAGE][PASSED] - Text 'Card Type' is present on page 

2024-08-28 22:51:11 - [TEST_STEP][PASSED] - verifyTextPresent(CardType, false): Text 'MasterCard' is present on page 

2024-08-28 22:51:12 - [MESSAGE][PASSED] - Text 'MasterCard' is present on page 

2024-08-28 22:51:12 - [TEST_STEP][PASSED] - verifyTextPresent("Card Number", false): Text 'Card Number' is present on page 

2024-08-28 22:51:12 - [MESSAGE][PASSED] - Text 'Card Number' is present on page 

2024-08-28 22:51:12 - [TEST_STEP][PASSED] - verifyTextPresent(Last4, false): Text '0015' is present on page 

2024-08-28 22:51:12 - [MESSAGE][PASSED] - Text '0015' is present on page 

2024-08-28 22:51:12 - [TEST_STEP][PASSED] - verifyTextPresent("Card Security Code", false): Text 'Card Security Code' is present on page 

2024-08-28 22:51:13 - [MESSAGE][PASSED] - Text 'Card Security Code' is present on page 

2024-08-28 22:51:13 - [TEST_STEP][PASSED] - verifyTextPresent("Expiration Date", false): Text 'Expiration Date' is present on page 

2024-08-28 22:51:13 - [MESSAGE][PASSED] - Text 'Expiration Date' is present on page 

2024-08-28 22:51:13 - [TEST_STEP][PASSED] - verifyTextPresent(CExp, false): Text '6/2026' is present on page 

2024-08-28 22:51:13 - [MESSAGE][PASSED] - Text '6/2026' is present on page 

2024-08-28 22:51:13 - [TEST_STEP][PASSED] - verifyTextPresent("Payment Date", false): Text 'Payment Date' is present on page 

2024-08-28 22:51:13 - [MESSAGE][PASSED] - Text 'Payment Date' is present on page 

2024-08-28 22:51:13 - [TEST_STEP][PASSED] - verifyTextPresent("Billing Information", false): Text 'Billing Information' is present on page 

2024-08-28 22:51:14 - [MESSAGE][PASSED] - Text 'Billing Information' is present on page 

2024-08-28 22:51:14 - [TEST_STEP][PASSED] - verifyTextPresent("Address Line 1", false): Text 'Address Line 1' is present on page 

2024-08-28 22:51:14 - [MESSAGE][PASSED] - Text 'Address Line 1' is present on page 

2024-08-28 22:51:14 - [TEST_STEP][PASSED] - verifyTextPresent(AL1, false): Text '1638 Juhu road' is present on page 

2024-08-28 22:51:14 - [MESSAGE][PASSED] - Text '1638 Juhu road' is present on page 

2024-08-28 22:51:14 - [TEST_STEP][PASSED] - verifyTextPresent("Address Line 2", false): Text 'Address Line 2' is present on page 

2024-08-28 22:51:15 - [MESSAGE][PASSED] - Text 'Address Line 2' is present on page 

2024-08-28 22:51:15 - [TEST_STEP][PASSED] - verifyTextPresent(AL2, false): Text 'Build 99' is present on page 

2024-08-28 22:51:15 - [MESSAGE][PASSED] - Text 'Build 99' is present on page 

2024-08-28 22:51:15 - [TEST_STEP][PASSED] - verifyTextPresent("Country", false): Text 'Country' is present on page 

2024-08-28 22:51:15 - [MESSAGE][PASSED] - Text 'Country' is present on page 

2024-08-28 22:51:15 - [TEST_STEP][PASSED] - verifyTextPresent("United States", false): Text 'United States' is present on page 

2024-08-28 22:51:16 - [MESSAGE][PASSED] - Text 'United States' is present on page 

2024-08-28 22:51:16 - [TEST_STEP][PASSED] - verifyTextPresent("City", false): Text 'City' is present on page 

2024-08-28 22:51:16 - [MESSAGE][PASSED] - Text 'City' is present on page 

2024-08-28 22:51:16 - [TEST_STEP][PASSED] - verifyTextPresent(City, false): Text 'GAMBRILLS' is present on page 

2024-08-28 22:51:16 - [MESSAGE][PASSED] - Text 'GAMBRILLS' is present on page 

2024-08-28 22:51:16 - [TEST_STEP][PASSED] - verifyTextPresent("State", false): Text 'State' is present on page 

2024-08-28 22:51:16 - [MESSAGE][PASSED] - Text 'State' is present on page 

2024-08-28 22:51:16 - [TEST_STEP][PASSED] - verifyTextPresent(State, false): Text 'Maryland' is present on page 

2024-08-28 22:51:17 - [MESSAGE][PASSED] - Text 'Maryland' is present on page 

2024-08-28 22:51:17 - [TEST_STEP][PASSED] - verifyTextPresent("ZIP Code", false): Text 'ZIP Code' is present on page 

2024-08-28 22:51:17 - [MESSAGE][PASSED] - Text 'ZIP Code' is present on page 

2024-08-28 22:51:17 - [TEST_STEP][PASSED] - verifyTextPresent(CZIP, false): Text '21054' is present on page 

2024-08-28 22:51:17 - [MESSAGE][PASSED] - Text '21054' is present on page 

2024-08-28 22:51:17 - [TEST_STEP][PASSED] - verifyTextPresent("Email Address", false): Text 'Email Address' is present on page 

2024-08-28 22:51:18 - [MESSAGE][PASSED] - Text 'Email Address' is present on page 

2024-08-28 22:51:18 - [TEST_STEP][PASSED] - verifyTextPresent(Email, false): Text 'youremail@gmail.com' is present on page 

2024-08-28 22:51:18 - [MESSAGE][PASSED] - Text 'youremail@gmail.com' is present on page 

2024-08-28 22:51:18 - [TEST_STEP][PASSED] - verifyTextPresent("Is this information correct", false): Text 'Is this information correct' is present on page 

2024-08-28 22:51:18 - [MESSAGE][PASSED] - Text 'Is this information correct' is present on page 

2024-08-28 22:51:18 - [TEST_STEP][PASSED] - verifyTextPresent("These are CC Custom HTML", false): Text 'These are CC Custom HTML' is present on page 

2024-08-28 22:51:18 - [MESSAGE][PASSED] - Text 'These are CC Custom HTML' is present on page 

2024-08-28 22:51:18 - [TEST_STEP][PASSED] - verifyElementPresent(findTestObject("Object Repository/IWP30/Page_Confirmation/ChangePaymentMethodButton"), 30): Object 'Object Repository/IWP30/Page_Confirmation/ChangePaymentMethodButton' is present

2024-08-28 22:51:19 - [MESSAGE][PASSED] - Object 'Object Repository/IWP30/Page_Confirmation/ChangePaymentMethodButton' is present

2024-08-28 22:51:19 - [TEST_STEP][PASSED] - verifyElementPresent(findTestObject("Object Repository/IWP30/Page_Confirmation/ConfirmButton"), 30): Object 'Object Repository/IWP30/Page_Confirmation/ConfirmButton' is present

2024-08-28 22:51:19 - [MESSAGE][PASSED] - Object 'Object Repository/IWP30/Page_Confirmation/ConfirmButton' is present

2024-08-28 22:51:19 - [TEST_STEP][PASSED] - verifyElementPresent(findTestObject("Object Repository/IWP30/Page_Confirmation/ExitButton"), 30): Object 'Object Repository/IWP30/Page_Confirmation/ExitButton' is present

2024-08-28 22:51:19 - [MESSAGE][PASSED] - Object 'Object Repository/IWP30/Page_Confirmation/ExitButton' is present

2024-08-28 22:51:19 - [TEST_STEP][PASSED] - verifyElementPresent(findTestObject("Object Repository/IWP30/Page_Confirmation/ModifyButton"), 30): Object 'Object Repository/IWP30/Page_Confirmation/ModifyButton' is present

2024-08-28 22:51:20 - [MESSAGE][PASSED] - Object 'Object Repository/IWP30/Page_Confirmation/ModifyButton' is present

2024-08-28 22:51:20 - [TEST_STEP][PASSED] - click(findTestObject("Object Repository/IWP30/Page_Confirmation/ConfirmButton")): Object: 'Object Repository/IWP30/Page_Confirmation/ConfirmButton' is clicked on

2024-08-28 22:51:21 - [MESSAGE][PASSED] - Object: 'Object Repository/IWP30/Page_Confirmation/ConfirmButton' is clicked on

2024-08-28 22:51:21 - [TEST_STEP][PASSED] - Thread.sleep(10000): null

2024-08-28 22:51:31 - [TEST_STEP][PASSED] - verifyTextPresent("Successful Payment Receipt", false): Text 'Successful Payment Receipt' is present on page 

2024-08-28 22:51:31 - [MESSAGE][PASSED] - Text 'Successful Payment Receipt' is present on page 

2024-08-28 22:51:31 - [TEST_STEP][PASSED] - verifyTextPresent("Please print this receipt for your records", false): Text 'Please print this receipt for your records' is present on page 

2024-08-28 22:51:31 - [MESSAGE][PASSED] - Text 'Please print this receipt for your records' is present on page 

2024-08-28 22:51:31 - [TEST_STEP][PASSED] - verifyTextPresent("Remittance ID", false): Text 'Remittance ID' is present on page 

2024-08-28 22:51:32 - [MESSAGE][PASSED] - Text 'Remittance ID' is present on page 

2024-08-28 22:51:32 - [TEST_STEP][PASSED] - verifyTextPresent("CAN Label", false): Text 'CAN Label' is present on page 

2024-08-28 22:51:32 - [MESSAGE][PASSED] - Text 'CAN Label' is present on page 

2024-08-28 22:51:32 - [TEST_STEP][PASSED] - verifyTextPresent("54654701", false): Text '54654701' is present on page 

2024-08-28 22:51:32 - [MESSAGE][PASSED] - Text '54654701' is present on page 

2024-08-28 22:51:32 - [TEST_STEP][PASSED] - verifyTextPresent("Received", false): Text 'Received' is present on page 

2024-08-28 22:51:32 - [MESSAGE][PASSED] - Text 'Received' is present on page 

2024-08-28 22:51:32 - [TEST_STEP][PASSED] - verifyTextPresent("UDF1 Label", false): Text 'UDF1 Label' is present on page 

2024-08-28 22:51:33 - [MESSAGE][PASSED] - Text 'UDF1 Label' is present on page 

2024-08-28 22:51:33 - [TEST_STEP][PASSED] - verifyTextPresent("UDF2 Label", false): Text 'UDF2 Label' is present on page 

2024-08-28 22:51:33 - [MESSAGE][PASSED] - Text 'UDF2 Label' is present on page 

2024-08-28 22:51:33 - [TEST_STEP][PASSED] - verifyTextPresent(UDF2, false): Text 'Agneepath' is present on page 

2024-08-28 22:51:33 - [MESSAGE][PASSED] - Text 'Agneepath' is present on page 

2024-08-28 22:51:33 - [TEST_STEP][PASSED] - verifyTextPresent("UDF3 Label", false): Text 'UDF3 Label' is present on page 

2024-08-28 22:51:33 - [MESSAGE][PASSED] - Text 'UDF3 Label' is present on page 

2024-08-28 22:51:33 - [TEST_STEP][PASSED] - verifyTextPresent(UDF3, false): Text 'Kaho Na' is present on page 

2024-08-28 22:51:34 - [MESSAGE][PASSED] - Text 'Kaho Na' is present on page 

2024-08-28 22:51:34 - [TEST_STEP][PASSED] - verifyTextPresent("UDF4 Label", false): Text 'UDF4 Label' is present on page 

2024-08-28 22:51:34 - [MESSAGE][PASSED] - Text 'UDF4 Label' is present on page 

2024-08-28 22:51:34 - [TEST_STEP][PASSED] - verifyTextPresent("data 4", false): Text 'data 4' is present on page 

2024-08-28 22:51:34 - [MESSAGE][PASSED] - Text 'data 4' is present on page 

2024-08-28 22:51:34 - [TEST_STEP][PASSED] - verifyTextPresent("UDF6 Label", false): Text 'UDF6 Label' is present on page 

2024-08-28 22:51:35 - [MESSAGE][PASSED] - Text 'UDF6 Label' is present on page 

2024-08-28 22:51:35 - [TEST_STEP][PASSED] - verifyTextPresent("data 6", false): Text 'data 6' is present on page 

2024-08-28 22:51:35 - [MESSAGE][PASSED] - Text 'data 6' is present on page 

2024-08-28 22:51:35 - [TEST_STEP][PASSED] - verifyTextPresent("UDF7 Label", false): Text 'UDF7 Label' is present on page 

2024-08-28 22:51:35 - [MESSAGE][PASSED] - Text 'UDF7 Label' is present on page 

2024-08-28 22:51:35 - [TEST_STEP][PASSED] - verifyTextPresent(UDF7, false): Text 'Purple' is present on page 

2024-08-28 22:51:35 - [MESSAGE][PASSED] - Text 'Purple' is present on page 

2024-08-28 22:51:35 - [TEST_STEP][PASSED] - verifyTextPresent("UDF8 Label", false): Text 'UDF8 Label' is present on page 

2024-08-28 22:51:36 - [MESSAGE][PASSED] - Text 'UDF8 Label' is present on page 

2024-08-28 22:51:36 - [TEST_STEP][PASSED] - verifyTextPresent(UDF8, false): Text 'Soccer' is present on page 

2024-08-28 22:51:36 - [MESSAGE][PASSED] - Text 'Soccer' is present on page 

2024-08-28 22:51:36 - [TEST_STEP][PASSED] - verifyTextPresent("UDF9 Label", false): Text 'UDF9 Label' is present on page 

2024-08-28 22:51:36 - [MESSAGE][PASSED] - Text 'UDF9 Label' is present on page 

2024-08-28 22:51:36 - [TEST_STEP][PASSED] - verifyTextPresent("data 9", false): Text 'data 9' is present on page 

2024-08-28 22:51:37 - [MESSAGE][PASSED] - Text 'data 9' is present on page 

2024-08-28 22:51:37 - [TEST_STEP][PASSED] - verifyTextPresent("Tax Amount", false): Text 'Tax Amount' is present on page 

2024-08-28 22:51:37 - [MESSAGE][PASSED] - Text 'Tax Amount' is present on page 

2024-08-28 22:51:37 - [TEST_STEP][PASSED] - verifyTextPresent("$0.00", false): Text '$0.00' is present on page 

2024-08-28 22:51:37 - [MESSAGE][PASSED] - Text '$0.00' is present on page 

2024-08-28 22:51:37 - [TEST_STEP][PASSED] - verifyTextPresent("Amount", false): Text 'Amount' is present on page 

2024-08-28 22:51:37 - [MESSAGE][PASSED] - Text 'Amount' is present on page 

2024-08-28 22:51:37 - [TEST_STEP][PASSED] - verifyTextPresent(Amount, false): Text '27.50' is present on page 

2024-08-28 22:51:38 - [MESSAGE][PASSED] - Text '27.50' is present on page 

2024-08-28 22:51:38 - [TEST_STEP][PASSED] - verifyTextPresent("Transaction Type", false): Text 'Transaction Type' is present on page 

2024-08-28 22:51:38 - [MESSAGE][PASSED] - Text 'Transaction Type' is present on page 

2024-08-28 22:51:38 - [TEST_STEP][PASSED] - verifyTextPresent("Authorization and Capture", false): Text 'Authorization and Capture' is present on page 

2024-08-28 22:51:38 - [MESSAGE][PASSED] - Text 'Authorization and Capture' is present on page 

2024-08-28 22:51:38 - [TEST_STEP][PASSED] - verifyTextPresent("Card Information", false): Text 'Card Information' is present on page 

2024-08-28 22:51:38 - [MESSAGE][PASSED] - Text 'Card Information' is present on page 

2024-08-28 22:51:38 - [TEST_STEP][PASSED] - verifyTextPresent(CardType, false): Text 'MasterCard' is present on page 

2024-08-28 22:51:39 - [MESSAGE][PASSED] - Text 'MasterCard' is present on page 

2024-08-28 22:51:39 - [TEST_STEP][PASSED] - verifyTextPresent(CName2, false): Text 'HRITIK ROSHAN' is present on page 

2024-08-28 22:51:39 - [MESSAGE][PASSED] - Text 'HRITIK ROSHAN' is present on page 

2024-08-28 22:51:39 - [TEST_STEP][PASSED] - verifyTextPresent(Last4, false): Text '0015' is present on page 

2024-08-28 22:51:39 - [MESSAGE][PASSED] - Text '0015' is present on page 

2024-08-28 22:51:39 - [TEST_STEP][PASSED] - verifyTextPresent("Billing Information", false): Text 'Billing Information' is present on page 

2024-08-28 22:51:40 - [MESSAGE][PASSED] - Text 'Billing Information' is present on page 

2024-08-28 22:51:40 - [TEST_STEP][PASSED] - verifyTextPresent("Address Line 1", false): Text 'Address Line 1' is present on page 

2024-08-28 22:51:40 - [MESSAGE][PASSED] - Text 'Address Line 1' is present on page 

2024-08-28 22:51:40 - [TEST_STEP][PASSED] - verifyTextPresent(AL1, false): Text '1638 Juhu road' is present on page 

2024-08-28 22:51:40 - [MESSAGE][PASSED] - Text '1638 Juhu road' is present on page 

2024-08-28 22:51:40 - [TEST_STEP][PASSED] - verifyTextPresent("Address Line 2", false): Text 'Address Line 2' is present on page 

2024-08-28 22:51:40 - [MESSAGE][PASSED] - Text 'Address Line 2' is present on page 

2024-08-28 22:51:40 - [TEST_STEP][PASSED] - verifyTextPresent(AL2, false): Text 'Build 99' is present on page 

2024-08-28 22:51:41 - [MESSAGE][PASSED] - Text 'Build 99' is present on page 

2024-08-28 22:51:41 - [TEST_STEP][PASSED] - verifyTextPresent("Country", false): Text 'Country' is present on page 

2024-08-28 22:51:41 - [MESSAGE][PASSED] - Text 'Country' is present on page 

2024-08-28 22:51:41 - [TEST_STEP][PASSED] - verifyTextPresent("United States", false): Text 'United States' is present on page 

2024-08-28 22:51:41 - [MESSAGE][PASSED] - Text 'United States' is present on page 

2024-08-28 22:51:41 - [TEST_STEP][PASSED] - verifyTextPresent("City", false): Text 'City' is present on page 

2024-08-28 22:51:41 - [MESSAGE][PASSED] - Text 'City' is present on page 

2024-08-28 22:51:41 - [TEST_STEP][PASSED] - verifyTextPresent(City, false): Text 'GAMBRILLS' is present on page 

2024-08-28 22:51:42 - [MESSAGE][PASSED] - Text 'GAMBRILLS' is present on page 

2024-08-28 22:51:42 - [TEST_STEP][PASSED] - verifyTextPresent("State", false): Text 'State' is present on page 

2024-08-28 22:51:42 - [MESSAGE][PASSED] - Text 'State' is present on page 

2024-08-28 22:51:42 - [TEST_STEP][PASSED] - verifyTextPresent(State2, false): Text 'MD' is present on page 

2024-08-28 22:51:42 - [MESSAGE][PASSED] - Text 'MD' is present on page 

2024-08-28 22:51:42 - [TEST_STEP][PASSED] - verifyTextPresent("ZIP Code", false): Text 'ZIP Code' is present on page 

2024-08-28 22:51:42 - [MESSAGE][PASSED] - Text 'ZIP Code' is present on page 

2024-08-28 22:51:42 - [TEST_STEP][PASSED] - verifyTextPresent(CZIP, false): Text '21054' is present on page 

2024-08-28 22:51:43 - [MESSAGE][PASSED] - Text '21054' is present on page 

2024-08-28 22:51:43 - [TEST_STEP][PASSED] - verifyElementPresent(findTestObject("Object Repository/IWP30/Page_Receipt/ExitButton"), 30): Object 'Object Repository/IWP30/Page_Receipt/ExitButton' is present

2024-08-28 22:51:43 - [MESSAGE][PASSED] - Object 'Object Repository/IWP30/Page_Receipt/ExitButton' is present

2024-08-28 22:51:43 - [TEST_STEP][PASSED] - closeBrowser(): Browser is closed

2024-08-28 22:51:44 - [MESSAGE][PASSED] - Browser is closed

2024-08-28 22:51:44 - [TEST_STEP][PASSED] - openBrowser(urlEmulator): Browser is opened with url: 'https://qa2.velocitypayment.com/agency/config.do?action=editor'

2024-08-28 22:51:44 - [MESSAGE][INFO] - Starting 'Chrome' driver

2024-08-28 22:51:44 - [MESSAGE][INFO] - User set preference: ['acceptInsecureCerts', 'true']

2024-08-28 22:51:44 - [MESSAGE][INFO] - Action delay is set to 0 milliseconds

2024-08-28 22:51:46 - [MESSAGE][PASSED] - Browser is opened with url: 'https://qa2.velocitypayment.com/agency/config.do?action=editor'

2024-08-28 22:51:46 - [TEST_STEP][PASSED] - maximizeWindow(): Current window maximized

2024-08-28 22:51:46 - [MESSAGE][PASSED] - Current window maximized

2024-08-28 22:51:46 - [TEST_STEP][PASSED] - iwpPages.emulatorIWP30.setDataEmulatorStandard(): iwpPages.emulatorIWP30.setDataEmulatorStandard is PASSED

2024-08-28 22:51:47 - [MESSAGE][PASSED] - Object 'Object Repository/IWP30/Page_VRelay30Emulator/Amount' is present

2024-08-28 22:51:48 - [MESSAGE][PASSED] - All options with value '3.0' are selected in object 'Object Repository/IWP30/Page_VRelay30Emulator/MV'  using regular expression

2024-08-28 22:51:49 - [MESSAGE][PASSED] - Text '10.50' is set on object 'Object Repository/IWP30/Page_VRelay30Emulator/Amount'

2024-08-28 22:51:49 - [MESSAGE][PASSED] - Text '54654701' is set on object 'Object Repository/IWP30/Page_VRelay30Emulator/CAN'

2024-08-28 22:51:50 - [MESSAGE][PASSED] - Text 'PayNow' is set on object 'Object Repository/IWP30/Page_VRelay30Emulator/Action'

2024-08-28 22:51:51 - [MESSAGE][PASSED] - Text 'en_US' is set on object 'Object Repository/IWP30/Page_VRelay30Emulator/Lang'

2024-08-28 22:51:51 - [MESSAGE][PASSED] - Text '' is set on object 'Object Repository/IWP30/Page_VRelay30Emulator/Fname'

2024-08-28 22:51:52 - [MESSAGE][PASSED] - Text '' is set on object 'Object Repository/IWP30/Page_VRelay30Emulator/Lname'

2024-08-28 22:51:53 - [MESSAGE][PASSED] - Text '' is set on object 'Object Repository/IWP30/Page_VRelay30Emulator/AL1'

2024-08-28 22:51:53 - [MESSAGE][PASSED] - Text '' is set on object 'Object Repository/IWP30/Page_VRelay30Emulator/AL2'

2024-08-28 22:51:54 - [MESSAGE][PASSED] - Text '' is set on object 'Object Repository/IWP30/Page_VRelay30Emulator/Country'

2024-08-28 22:51:55 - [MESSAGE][PASSED] - Text '' is set on object 'Object Repository/IWP30/Page_VRelay30Emulator/City'

2024-08-28 22:51:55 - [MESSAGE][PASSED] - Text '' is set on object 'Object Repository/IWP30/Page_VRelay30Emulator/State'

2024-08-28 22:51:56 - [MESSAGE][PASSED] - Text '' is set on object 'Object Repository/IWP30/Page_VRelay30Emulator/ZIP'

2024-08-28 22:51:57 - [MESSAGE][PASSED] - Text '' is set on object 'Object Repository/IWP30/Page_VRelay30Emulator/Order'

2024-08-28 22:51:57 - [MESSAGE][PASSED] - Text '' is set on object 'Object Repository/IWP30/Page_VRelay30Emulator/Company'

2024-08-28 22:51:58 - [MESSAGE][PASSED] - Text '' is set on object 'Object Repository/IWP30/Page_VRelay30Emulator/Email'

2024-08-28 22:51:59 - [MESSAGE][PASSED] - Text '' is set on object 'Object Repository/IWP30/Page_VRelay30Emulator/UDF1'

2024-08-28 22:51:59 - [MESSAGE][PASSED] - Text '' is set on object 'Object Repository/IWP30/Page_VRelay30Emulator/UDF2'

2024-08-28 22:52:00 - [MESSAGE][PASSED] - Text 'data 3' is set on object 'Object Repository/IWP30/Page_VRelay30Emulator/UDF3'

2024-08-28 22:52:01 - [MESSAGE][PASSED] - Text 'data 4' is set on object 'Object Repository/IWP30/Page_VRelay30Emulator/UDF4'

2024-08-28 22:52:01 - [MESSAGE][PASSED] - Text 'data 5' is set on object 'Object Repository/IWP30/Page_VRelay30Emulator/UDF5'

2024-08-28 22:52:02 - [MESSAGE][PASSED] - Text 'data 6' is set on object 'Object Repository/IWP30/Page_VRelay30Emulator/UDF6'

2024-08-28 22:52:03 - [MESSAGE][PASSED] - Text 'Orange' is set on object 'Object Repository/IWP30/Page_VRelay30Emulator/UDF7'

2024-08-28 22:52:04 - [MESSAGE][PASSED] - Text 'Soccer' is set on object 'Object Repository/IWP30/Page_VRelay30Emulator/UDF8'

2024-08-28 22:52:04 - [MESSAGE][PASSED] - Text 'data 9' is set on object 'Object Repository/IWP30/Page_VRelay30Emulator/UDF9'

2024-08-28 22:52:05 - [MESSAGE][PASSED] - Text 'data 10' is set on object 'Object Repository/IWP30/Page_VRelay30Emulator/UDF10'

2024-08-28 22:52:07 - [MESSAGE][PASSED] - Object: 'Object Repository/IWP30/Page_VRelay30Emulator/Submit' is clicked on

2024-08-28 22:52:14 - [MESSAGE][PASSED] - Browser is closed

2024-08-28 22:52:14 - [MESSAGE][PASSED] - iwpPages.emulatorIWP30.setDataEmulatorStandard is PASSED

2024-08-28 22:52:14 - [TEST_STEP][PASSED] - openBrowser(urlTestHarness): Browser is opened with url: 'https://dev-algorithm.govolution.com/vrelaytest/QA2/version_2_2/vrelaytest.html'

2024-08-28 22:52:14 - [MESSAGE][INFO] - Starting 'Chrome' driver

2024-08-28 22:52:14 - [MESSAGE][INFO] - User set preference: ['acceptInsecureCerts', 'true']

2024-08-28 22:52:14 - [MESSAGE][INFO] - Action delay is set to 0 milliseconds

2024-08-28 22:52:16 - [MESSAGE][PASSED] - Browser is opened with url: 'https://dev-algorithm.govolution.com/vrelaytest/QA2/version_2_2/vrelaytest.html'

2024-08-28 22:52:16 - [TEST_STEP][PASSED] - maximizeWindow(): Current window maximized

2024-08-28 22:52:16 - [MESSAGE][PASSED] - Current window maximized

2024-08-28 22:52:16 - [TEST_STEP][PASSED] - genRemIDVoid = RandomStringUtils.random(12, true, true): null

2024-08-28 22:52:16 - [TEST_STEP][PASSED] - if (verifyElementPresent(findTestObject("Object Repository/IWP30/Page_QATestHarness/RemittanceID"), 30)): null

2024-08-28 22:52:16 - [MESSAGE][PASSED] - Object 'Object Repository/IWP30/Page_QATestHarness/RemittanceID' is present

2024-08-28 22:52:16 - [TEST_STEP][PASSED] - println("We are on Test Harness page, start populating"): null

2024-08-28 22:52:16 - [TEST_STEP][PASSED] - setText(findTestObject("Object Repository/IWP30/Page_QATestHarness/ApplicationID"), "649"): Text '649' is set on object 'Object Repository/IWP30/Page_QATestHarness/ApplicationID'

2024-08-28 22:52:17 - [MESSAGE][PASSED] - Text '649' is set on object 'Object Repository/IWP30/Page_QATestHarness/ApplicationID'

2024-08-28 22:52:17 - [TEST_STEP][PASSED] - setText(findTestObject("Object Repository/IWP30/Page_QATestHarness/MessageVersion"), "3.0"): Text '3.0' is set on object 'Object Repository/IWP30/Page_QATestHarness/MessageVersion'

2024-08-28 22:52:17 - [MESSAGE][PASSED] - Text '3.0' is set on object 'Object Repository/IWP30/Page_QATestHarness/MessageVersion'

2024-08-28 22:52:17 - [TEST_STEP][PASSED] - setText(findTestObject("Object Repository/IWP30/Page_QATestHarness/RemittanceID"), genRemIDVoid): Text 'lez17R0WL7tQ' is set on object 'Object Repository/IWP30/Page_QATestHarness/RemittanceID'

2024-08-28 22:52:18 - [MESSAGE][PASSED] - Text 'lez17R0WL7tQ' is set on object 'Object Repository/IWP30/Page_QATestHarness/RemittanceID'

2024-08-28 22:52:18 - [TEST_STEP][PASSED] - click(findTestObject("Object Repository/IWP30/Page_QATestHarness/SubmitButton")): Object: 'Object Repository/IWP30/Page_QATestHarness/SubmitButton' is clicked on

2024-08-28 22:52:20 - [MESSAGE][PASSED] - Object: 'Object Repository/IWP30/Page_QATestHarness/SubmitButton' is clicked on

2024-08-28 22:52:20 - [TEST_STEP][PASSED] - verifyTextPresent("Select Payment Method", false): Text 'Select Payment Method' is present on page 

2024-08-28 22:52:20 - [MESSAGE][PASSED] - Text 'Select Payment Method' is present on page 

2024-08-28 22:52:20 - [TEST_STEP][PASSED] - verifyTextPresent("Please Choose the Method of Payment", false): Text 'Please Choose the Method of Payment' is present on page 

2024-08-28 22:52:21 - [MESSAGE][PASSED] - Text 'Please Choose the Method of Payment' is present on page 

2024-08-28 22:52:21 - [TEST_STEP][PASSED] - verifyElementPresent(findTestObject("Object Repository/IWP30/Page_SelectPaymentMethod/PayByCreditCard"), 30): Object 'Object Repository/IWP30/Page_SelectPaymentMethod/PayByCreditCard' is present

2024-08-28 22:52:21 - [MESSAGE][PASSED] - Object 'Object Repository/IWP30/Page_SelectPaymentMethod/PayByCreditCard' is present

2024-08-28 22:52:21 - [TEST_STEP][PASSED] - verifyElementPresent(findTestObject("Object Repository/IWP30/Page_SelectPaymentMethod/PayByCorporateCheck"), 30): Object 'Object Repository/IWP30/Page_SelectPaymentMethod/PayByCorporateCheck' is present

2024-08-28 22:52:21 - [MESSAGE][PASSED] - Object 'Object Repository/IWP30/Page_SelectPaymentMethod/PayByCorporateCheck' is present

2024-08-28 22:52:21 - [TEST_STEP][PASSED] - verifyElementPresent(findTestObject("Object Repository/IWP30/Page_SelectPaymentMethod/PayByPersonalCheck"), 30): Object 'Object Repository/IWP30/Page_SelectPaymentMethod/PayByPersonalCheck' is present

2024-08-28 22:52:22 - [MESSAGE][PASSED] - Object 'Object Repository/IWP30/Page_SelectPaymentMethod/PayByPersonalCheck' is present

2024-08-28 22:52:22 - [TEST_STEP][PASSED] - verifyElementPresent(findTestObject("Object Repository/IWP30/Page_SelectPaymentMethod/ExitButton"), 30): Object 'Object Repository/IWP30/Page_SelectPaymentMethod/ExitButton' is present

2024-08-28 22:52:22 - [MESSAGE][PASSED] - Object 'Object Repository/IWP30/Page_SelectPaymentMethod/ExitButton' is present

2024-08-28 22:52:22 - [TEST_STEP][PASSED] - if (verifyElementPresent(findTestObject("Object Repository/IWP30/Page_SelectPaymentMethod/PayByCreditCard"), 30)): null

2024-08-28 22:52:22 - [MESSAGE][PASSED] - Object 'Object Repository/IWP30/Page_SelectPaymentMethod/PayByCreditCard' is present

2024-08-28 22:52:22 - [TEST_STEP][PASSED] - println("We are on Select Payment Method page, start populating"): null

2024-08-28 22:52:22 - [TEST_STEP][PASSED] - check(findTestObject("Object Repository/IWP30/Page_SelectPaymentMethod/PayByCreditCard")): Object 'Object Repository/IWP30/Page_SelectPaymentMethod/PayByCreditCard' is checked

2024-08-28 22:52:23 - [MESSAGE][PASSED] - Object 'Object Repository/IWP30/Page_SelectPaymentMethod/PayByCreditCard' is checked

2024-08-28 22:52:23 - [TEST_STEP][PASSED] - Thread.sleep(1000): null

2024-08-28 22:52:24 - [TEST_STEP][PASSED] - click(findTestObject("Object Repository/IWP30/Page_SelectPaymentMethod/MakePaymentButton")): Object: 'Object Repository/IWP30/Page_SelectPaymentMethod/MakePaymentButton' is clicked on

2024-08-28 22:52:25 - [MESSAGE][PASSED] - Object: 'Object Repository/IWP30/Page_SelectPaymentMethod/MakePaymentButton' is clicked on

2024-08-28 22:52:25 - [TEST_STEP][PASSED] - verifyTextPresent("Required fields are highlighted with an asterisk", false): Text 'Required fields are highlighted with an asterisk' is present on page 

2024-08-28 22:52:25 - [MESSAGE][PASSED] - Text 'Required fields are highlighted with an asterisk' is present on page 

2024-08-28 22:52:25 - [TEST_STEP][PASSED] - verifyTextPresent("Please enter the following information about your payment", false): Text 'Please enter the following information about your payment' is present on page 

2024-08-28 22:52:26 - [MESSAGE][PASSED] - Text 'Please enter the following information about your payment' is present on page 

2024-08-28 22:52:26 - [TEST_STEP][PASSED] - verifyTextPresent("CAN Label", false): Text 'CAN Label' is present on page 

2024-08-28 22:52:26 - [MESSAGE][PASSED] - Text 'CAN Label' is present on page 

2024-08-28 22:52:26 - [TEST_STEP][PASSED] - verifyTextPresent("Tax Amount", false): Text 'Tax Amount' is present on page 

2024-08-28 22:52:26 - [MESSAGE][PASSED] - Text 'Tax Amount' is present on page 

2024-08-28 22:52:26 - [TEST_STEP][PASSED] - verifyTextPresent("Amount", false): Text 'Amount' is present on page 

2024-08-28 22:52:27 - [MESSAGE][PASSED] - Text 'Amount' is present on page 

2024-08-28 22:52:27 - [TEST_STEP][PASSED] - verifyTextPresent("UDF1 Label", false): Text 'UDF1 Label' is present on page 

2024-08-28 22:52:27 - [MESSAGE][PASSED] - Text 'UDF1 Label' is present on page 

2024-08-28 22:52:27 - [TEST_STEP][PASSED] - verifyTextPresent("UDF2 Label", false): Text 'UDF2 Label' is present on page 

2024-08-28 22:52:27 - [MESSAGE][PASSED] - Text 'UDF2 Label' is present on page 

2024-08-28 22:52:27 - [TEST_STEP][PASSED] - verifyTextPresent("UDF3 Label", false): Text 'UDF3 Label' is present on page 

2024-08-28 22:52:28 - [MESSAGE][PASSED] - Text 'UDF3 Label' is present on page 

2024-08-28 22:52:28 - [TEST_STEP][PASSED] - verifyTextPresent("UDF4 Label", false): Text 'UDF4 Label' is present on page 

2024-08-28 22:52:28 - [MESSAGE][PASSED] - Text 'UDF4 Label' is present on page 

2024-08-28 22:52:28 - [TEST_STEP][PASSED] - verifyTextPresent("UDF6 Label", false): Text 'UDF6 Label' is present on page 

2024-08-28 22:52:28 - [MESSAGE][PASSED] - Text 'UDF6 Label' is present on page 

2024-08-28 22:52:28 - [TEST_STEP][PASSED] - verifyTextPresent("UDF7 Label", false): Text 'UDF7 Label' is present on page 

2024-08-28 22:52:29 - [MESSAGE][PASSED] - Text 'UDF7 Label' is present on page 

2024-08-28 22:52:29 - [TEST_STEP][PASSED] - verifyTextPresent("UDF8 Label", false): Text 'UDF8 Label' is present on page 

2024-08-28 22:52:29 - [MESSAGE][PASSED] - Text 'UDF8 Label' is present on page 

2024-08-28 22:52:29 - [TEST_STEP][PASSED] - verifyTextPresent("UDF9 Label", false): Text 'UDF9 Label' is present on page 

2024-08-28 22:52:29 - [MESSAGE][PASSED] - Text 'UDF9 Label' is present on page 

2024-08-28 22:52:29 - [TEST_STEP][PASSED] - verifyTextPresent("Please enter the following information about your payment method", false): Text 'Please enter the following information about your payment method' is present on page 

2024-08-28 22:52:30 - [MESSAGE][PASSED] - Text 'Please enter the following information about your payment method' is present on page 

2024-08-28 22:52:30 - [TEST_STEP][PASSED] - verifyTextPresent("Cardholder's Name", false): Text 'Cardholder's Name' is present on page 

2024-08-28 22:52:30 - [MESSAGE][PASSED] - Text 'Cardholder's Name' is present on page 

2024-08-28 22:52:30 - [TEST_STEP][PASSED] - verifyTextPresent("Cards Accepted", false): Text 'Cards Accepted' is present on page 

2024-08-28 22:52:30 - [MESSAGE][PASSED] - Text 'Cards Accepted' is present on page 

2024-08-28 22:52:30 - [TEST_STEP][PASSED] - verifyTextPresent("Card Number", false): Text 'Card Number' is present on page 

2024-08-28 22:52:30 - [MESSAGE][PASSED] - Text 'Card Number' is present on page 

2024-08-28 22:52:30 - [TEST_STEP][PASSED] - verifyTextPresent("Card Security Code", false): Text 'Card Security Code' is present on page 

2024-08-28 22:52:31 - [MESSAGE][PASSED] - Text 'Card Security Code' is present on page 

2024-08-28 22:52:31 - [TEST_STEP][PASSED] - verifyTextPresent("Expiration Date", false): Text 'Expiration Date' is present on page 

2024-08-28 22:52:31 - [MESSAGE][PASSED] - Text 'Expiration Date' is present on page 

2024-08-28 22:52:31 - [TEST_STEP][PASSED] - verifyTextPresent("Payment Date", false): Text 'Payment Date' is present on page 

2024-08-28 22:52:31 - [MESSAGE][PASSED] - Text 'Payment Date' is present on page 

2024-08-28 22:52:31 - [TEST_STEP][PASSED] - verifyTextPresent("Billing Information", false): Text 'Billing Information' is present on page 

2024-08-28 22:52:32 - [MESSAGE][PASSED] - Text 'Billing Information' is present on page 

2024-08-28 22:52:32 - [TEST_STEP][PASSED] - verifyTextPresent("Address Line 1", false): Text 'Address Line 1' is present on page 

2024-08-28 22:52:32 - [MESSAGE][PASSED] - Text 'Address Line 1' is present on page 

2024-08-28 22:52:32 - [TEST_STEP][PASSED] - verifyTextPresent("Address Line 2", false): Text 'Address Line 2' is present on page 

2024-08-28 22:52:32 - [MESSAGE][PASSED] - Text 'Address Line 2' is present on page 

2024-08-28 22:52:32 - [TEST_STEP][PASSED] - verifyTextPresent("Country", false): Text 'Country' is present on page 

2024-08-28 22:52:33 - [MESSAGE][PASSED] - Text 'Country' is present on page 

2024-08-28 22:52:33 - [TEST_STEP][PASSED] - verifyTextPresent("ZIP Code", false): Text 'ZIP Code' is present on page 

2024-08-28 22:52:33 - [MESSAGE][PASSED] - Text 'ZIP Code' is present on page 

2024-08-28 22:52:33 - [TEST_STEP][PASSED] - verifyTextPresent("City", false): Text 'City' is present on page 

2024-08-28 22:52:33 - [MESSAGE][PASSED] - Text 'City' is present on page 

2024-08-28 22:52:33 - [TEST_STEP][PASSED] - verifyTextPresent("State", false): Text 'State' is present on page 

2024-08-28 22:52:34 - [MESSAGE][PASSED] - Text 'State' is present on page 

2024-08-28 22:52:34 - [TEST_STEP][PASSED] - verifyTextPresent("Receipt Information", false): Text 'Receipt Information' is present on page 

2024-08-28 22:52:34 - [MESSAGE][PASSED] - Text 'Receipt Information' is present on page 

2024-08-28 22:52:34 - [TEST_STEP][PASSED] - verifyTextPresent("Email Address", false): Text 'Email Address' is present on page 

2024-08-28 22:52:34 - [MESSAGE][PASSED] - Text 'Email Address' is present on page 

2024-08-28 22:52:34 - [TEST_STEP][PASSED] - verifyTextPresent("Please check here to store the payment method for future use", false): Text 'Please check here to store the payment method for future use' is present on page 

2024-08-28 22:52:35 - [MESSAGE][PASSED] - Text 'Please check here to store the payment method for future use' is present on page 

2024-08-28 22:52:35 - [TEST_STEP][PASSED] - verifyTextPresent("These are Customer CC Terms", false): Text 'These are Customer CC Terms' is present on page 

2024-08-28 22:52:35 - [MESSAGE][PASSED] - Text 'These are Customer CC Terms' is present on page 

2024-08-28 22:52:35 - [TEST_STEP][PASSED] - verifyTextPresent("These are CC Custom HTML", false): Text 'These are CC Custom HTML' is present on page 

2024-08-28 22:52:35 - [MESSAGE][PASSED] - Text 'These are CC Custom HTML' is present on page 

2024-08-28 22:52:35 - [TEST_STEP][PASSED] - verifyTextPresent("54654701", false): Text '54654701' is present on page 

2024-08-28 22:52:36 - [MESSAGE][PASSED] - Text '54654701' is present on page 

2024-08-28 22:52:36 - [TEST_STEP][PASSED] - verifyTextPresent("data 4", false): Text 'data 4' is present on page 

2024-08-28 22:52:36 - [MESSAGE][PASSED] - Text 'data 4' is present on page 

2024-08-28 22:52:36 - [TEST_STEP][PASSED] - verifyTextPresent("data 6", false): Text 'data 6' is present on page 

2024-08-28 22:52:36 - [MESSAGE][PASSED] - Text 'data 6' is present on page 

2024-08-28 22:52:36 - [TEST_STEP][PASSED] - verifyTextPresent("data 9", false): Text 'data 9' is present on page 

2024-08-28 22:52:37 - [MESSAGE][PASSED] - Text 'data 9' is present on page 

2024-08-28 22:52:37 - [TEST_STEP][PASSED] - verifyTextNotPresent("UDF5 Label", false): Text 'UDF5 Label' is not present on page

2024-08-28 22:52:37 - [MESSAGE][PASSED] - Text 'UDF5 Label' is not present on page

2024-08-28 22:52:37 - [TEST_STEP][PASSED] - verifyTextNotPresent("UDF10 Label", false): Text 'UDF10 Label' is not present on page

2024-08-28 22:52:37 - [MESSAGE][PASSED] - Text 'UDF10 Label' is not present on page

2024-08-28 22:52:37 - [TEST_STEP][PASSED] - verifyElementPresent(findTestObject("Object Repository/IWP30/Page_CCPaymentEntry/Amount"), 30): Object 'Object Repository/IWP30/Page_CCPaymentEntry/Amount' is present

2024-08-28 22:52:38 - [MESSAGE][PASSED] - Object 'Object Repository/IWP30/Page_CCPaymentEntry/Amount' is present

2024-08-28 22:52:38 - [TEST_STEP][PASSED] - verifyElementPresent(findTestObject("Object Repository/IWP30/Page_CCPaymentEntry/UserDefined2"), 30): Object 'Object Repository/IWP30/Page_CCPaymentEntry/UserDefined2' is present

2024-08-28 22:52:38 - [MESSAGE][PASSED] - Object 'Object Repository/IWP30/Page_CCPaymentEntry/UserDefined2' is present

2024-08-28 22:52:38 - [TEST_STEP][PASSED] - verifyElementPresent(findTestObject("Object Repository/IWP30/Page_CCPaymentEntry/UserDefined3"), 30): Object 'Object Repository/IWP30/Page_CCPaymentEntry/UserDefined3' is present

2024-08-28 22:52:38 - [MESSAGE][PASSED] - Object 'Object Repository/IWP30/Page_CCPaymentEntry/UserDefined3' is present

2024-08-28 22:52:38 - [TEST_STEP][PASSED] - verifyElementPresent(findTestObject("Object Repository/IWP30/Page_CCPaymentEntry/UserDefined7"), 30): Object 'Object Repository/IWP30/Page_CCPaymentEntry/UserDefined7' is present

2024-08-28 22:52:39 - [MESSAGE][PASSED] - Object 'Object Repository/IWP30/Page_CCPaymentEntry/UserDefined7' is present

2024-08-28 22:52:39 - [TEST_STEP][PASSED] - verifyElementPresent(findTestObject("Object Repository/IWP30/Page_CCPaymentEntry/UserDefined8"), 30): Object 'Object Repository/IWP30/Page_CCPaymentEntry/UserDefined8' is present

2024-08-28 22:52:39 - [MESSAGE][PASSED] - Object 'Object Repository/IWP30/Page_CCPaymentEntry/UserDefined8' is present

2024-08-28 22:52:39 - [TEST_STEP][PASSED] - verifyElementPresent(findTestObject("Object Repository/IWP30/Page_CCPaymentEntry/Name"), 30): Object 'Object Repository/IWP30/Page_CCPaymentEntry/Name' is present

2024-08-28 22:52:39 - [MESSAGE][PASSED] - Object 'Object Repository/IWP30/Page_CCPaymentEntry/Name' is present

2024-08-28 22:52:39 - [TEST_STEP][PASSED] - verifyElementPresent(findTestObject("Object Repository/IWP30/Page_CCPaymentEntry/CardNumber"), 30): Object 'Object Repository/IWP30/Page_CCPaymentEntry/CardNumber' is present

2024-08-28 22:52:40 - [MESSAGE][PASSED] - Object 'Object Repository/IWP30/Page_CCPaymentEntry/CardNumber' is present

2024-08-28 22:52:40 - [TEST_STEP][PASSED] - verifyElementPresent(findTestObject("Object Repository/IWP30/Page_CCPaymentEntry/SPC"), 30): Object 'Object Repository/IWP30/Page_CCPaymentEntry/SPC' is present

2024-08-28 22:52:40 - [MESSAGE][PASSED] - Object 'Object Repository/IWP30/Page_CCPaymentEntry/SPC' is present

2024-08-28 22:52:40 - [TEST_STEP][PASSED] - verifyElementPresent(findTestObject("Object Repository/IWP30/Page_CCPaymentEntry/Month"), 30): Object 'Object Repository/IWP30/Page_CCPaymentEntry/Month' is present

2024-08-28 22:52:40 - [MESSAGE][PASSED] - Object 'Object Repository/IWP30/Page_CCPaymentEntry/Month' is present

2024-08-28 22:52:40 - [TEST_STEP][PASSED] - verifyElementPresent(findTestObject("Object Repository/IWP30/Page_CCPaymentEntry/Year"), 30): Object 'Object Repository/IWP30/Page_CCPaymentEntry/Year' is present

2024-08-28 22:52:41 - [MESSAGE][PASSED] - Object 'Object Repository/IWP30/Page_CCPaymentEntry/Year' is present

2024-08-28 22:52:41 - [TEST_STEP][PASSED] - verifyElementPresent(findTestObject("Object Repository/IWP30/Page_CCPaymentEntry/ProcessDate"), 30): Object 'Object Repository/IWP30/Page_CCPaymentEntry/ProcessDate' is present

2024-08-28 22:52:41 - [MESSAGE][PASSED] - Object 'Object Repository/IWP30/Page_CCPaymentEntry/ProcessDate' is present

2024-08-28 22:52:41 - [TEST_STEP][PASSED] - verifyElementPresent(findTestObject("Object Repository/IWP30/Page_CCPaymentEntry/AL1"), 30): Object 'Object Repository/IWP30/Page_CCPaymentEntry/AL1' is present

2024-08-28 22:52:41 - [MESSAGE][PASSED] - Object 'Object Repository/IWP30/Page_CCPaymentEntry/AL1' is present

2024-08-28 22:52:41 - [TEST_STEP][PASSED] - verifyElementPresent(findTestObject("Object Repository/IWP30/Page_CCPaymentEntry/AL2"), 30): Object 'Object Repository/IWP30/Page_CCPaymentEntry/AL2' is present

2024-08-28 22:52:42 - [MESSAGE][PASSED] - Object 'Object Repository/IWP30/Page_CCPaymentEntry/AL2' is present

2024-08-28 22:52:42 - [TEST_STEP][PASSED] - verifyElementPresent(findTestObject("Object Repository/IWP30/Page_CCPaymentEntry/CountryDropDown"), 30): Object 'Object Repository/IWP30/Page_CCPaymentEntry/CountryDropDown' is present

2024-08-28 22:52:42 - [MESSAGE][PASSED] - Object 'Object Repository/IWP30/Page_CCPaymentEntry/CountryDropDown' is present

2024-08-28 22:52:42 - [TEST_STEP][PASSED] - verifyElementPresent(findTestObject("Object Repository/IWP30/Page_CCPaymentEntry/ZIP"), 30): Object 'Object Repository/IWP30/Page_CCPaymentEntry/ZIP' is present

2024-08-28 22:52:42 - [MESSAGE][PASSED] - Object 'Object Repository/IWP30/Page_CCPaymentEntry/ZIP' is present

2024-08-28 22:52:42 - [TEST_STEP][PASSED] - verifyElementPresent(findTestObject("Object Repository/IWP30/Page_CCPaymentEntry/City"), 30): Object 'Object Repository/IWP30/Page_CCPaymentEntry/City' is present

2024-08-28 22:52:42 - [MESSAGE][PASSED] - Object 'Object Repository/IWP30/Page_CCPaymentEntry/City' is present

2024-08-28 22:52:43 - [TEST_STEP][PASSED] - verifyElementPresent(findTestObject("Object Repository/IWP30/Page_CCPaymentEntry/State"), 30): Object 'Object Repository/IWP30/Page_CCPaymentEntry/State' is present

2024-08-28 22:52:43 - [MESSAGE][PASSED] - Object 'Object Repository/IWP30/Page_CCPaymentEntry/State' is present

2024-08-28 22:52:43 - [TEST_STEP][PASSED] - verifyElementPresent(findTestObject("Object Repository/IWP30/Page_CCPaymentEntry/EmailAddress"), 30): Object 'Object Repository/IWP30/Page_CCPaymentEntry/EmailAddress' is present

2024-08-28 22:52:43 - [MESSAGE][PASSED] - Object 'Object Repository/IWP30/Page_CCPaymentEntry/EmailAddress' is present

2024-08-28 22:52:43 - [TEST_STEP][PASSED] - verifyElementPresent(findTestObject("Object Repository/IWP30/Page_CCPaymentEntry/StorePaymentMethodCheckBox"), 30): Object 'Object Repository/IWP30/Page_CCPaymentEntry/StorePaymentMethodCheckBox' is present

2024-08-28 22:52:43 - [MESSAGE][PASSED] - Object 'Object Repository/IWP30/Page_CCPaymentEntry/StorePaymentMethodCheckBox' is present

2024-08-28 22:52:43 - [TEST_STEP][PASSED] - verifyElementPresent(findTestObject("Object Repository/IWP30/Page_CCPaymentEntry/TermCondCheckBox"), 30): Object 'Object Repository/IWP30/Page_CCPaymentEntry/TermCondCheckBox' is present

2024-08-28 22:52:44 - [MESSAGE][PASSED] - Object 'Object Repository/IWP30/Page_CCPaymentEntry/TermCondCheckBox' is present

2024-08-28 22:52:44 - [TEST_STEP][PASSED] - verifyElementPresent(findTestObject("Object Repository/IWP30/Page_CCPaymentEntry/ContinueButton"), 30): Object 'Object Repository/IWP30/Page_CCPaymentEntry/ContinueButton' is present

2024-08-28 22:52:44 - [MESSAGE][PASSED] - Object 'Object Repository/IWP30/Page_CCPaymentEntry/ContinueButton' is present

2024-08-28 22:52:44 - [TEST_STEP][PASSED] - verifyElementPresent(findTestObject("Object Repository/IWP30/Page_CCPaymentEntry/ChangePaymentMethodButton"), 30): Object 'Object Repository/IWP30/Page_CCPaymentEntry/ChangePaymentMethodButton' is present

2024-08-28 22:52:44 - [MESSAGE][PASSED] - Object 'Object Repository/IWP30/Page_CCPaymentEntry/ChangePaymentMethodButton' is present

2024-08-28 22:52:44 - [TEST_STEP][PASSED] - verifyElementPresent(findTestObject("Object Repository/IWP30/Page_CCPaymentEntry/ExitButton"), 30): Object 'Object Repository/IWP30/Page_CCPaymentEntry/ExitButton' is present

2024-08-28 22:52:45 - [MESSAGE][PASSED] - Object 'Object Repository/IWP30/Page_CCPaymentEntry/ExitButton' is present

2024-08-28 22:52:45 - [TEST_STEP][PASSED] - iwpPages.ccPaymentEntryPage.setDataCCPM(row, dataFile): iwpPages.ccPaymentEntryPage.setDataCCPM is PASSED

2024-08-28 22:52:46 - [MESSAGE][PASSED] - Object 'Object Repository/IWP30/Page_CCPaymentEntry/Name' is present

2024-08-28 22:52:46 - [MESSAGE][PASSED] - Object 'Object Repository/IWP30/Page_CCPaymentEntry/Amount' is present

2024-08-28 22:52:47 - [MESSAGE][PASSED] - Text '33.50' is set on object 'Object Repository/IWP30/Page_CCPaymentEntry/Amount'

2024-08-28 22:52:47 - [MESSAGE][PASSED] - Object 'Object Repository/IWP30/Page_CCPaymentEntry/UserDefined2' is present

2024-08-28 22:52:48 - [MESSAGE][PASSED] - Text 'Paani Da' is set on object 'Object Repository/IWP30/Page_CCPaymentEntry/UserDefined2'

2024-08-28 22:52:48 - [MESSAGE][PASSED] - Object 'Object Repository/IWP30/Page_CCPaymentEntry/UserDefined3' is present

2024-08-28 22:52:49 - [MESSAGE][PASSED] - Text 'Andhadun' is set on object 'Object Repository/IWP30/Page_CCPaymentEntry/UserDefined3'

2024-08-28 22:52:49 - [MESSAGE][PASSED] - Object 'Object Repository/IWP30/Page_CCPaymentEntry/UserDefined7' is present

2024-08-28 22:52:50 - [MESSAGE][PASSED] - All options with label 'Orange' are selected in object 'Object Repository/IWP30/Page_CCPaymentEntry/UserDefined7' 

2024-08-28 22:52:50 - [MESSAGE][PASSED] - Object 'Object Repository/IWP30/Page_CCPaymentEntry/UserDefined8' is present

2024-08-28 22:52:51 - [MESSAGE][PASSED] - All options with label 'Tennis' are selected in object 'Object Repository/IWP30/Page_CCPaymentEntry/UserDefined8' 

2024-08-28 22:52:51 - [MESSAGE][PASSED] - Object 'Object Repository/IWP30/Page_CCPaymentEntry/Name' is present

2024-08-28 22:52:52 - [MESSAGE][PASSED] - Text 'Ayush Khuranna' is set on object 'Object Repository/IWP30/Page_CCPaymentEntry/Name'

2024-08-28 22:52:52 - [MESSAGE][PASSED] - Object 'Object Repository/IWP30/Page_CCPaymentEntry/CardNumber' is present

2024-08-28 22:52:53 - [MESSAGE][PASSED] - Text '370000000000002' is set on object 'Object Repository/IWP30/Page_CCPaymentEntry/CardNumber'

2024-08-28 22:52:53 - [MESSAGE][PASSED] - Object 'Object Repository/IWP30/Page_CCPaymentEntry/SPC' is present

2024-08-28 22:52:54 - [MESSAGE][PASSED] - Text '3698' is set on object 'Object Repository/IWP30/Page_CCPaymentEntry/SPC'

2024-08-28 22:52:54 - [MESSAGE][PASSED] - Object 'Object Repository/IWP30/Page_CCPaymentEntry/Month' is present

2024-08-28 22:52:55 - [MESSAGE][PASSED] - All options with label '08' are selected in object 'Object Repository/IWP30/Page_CCPaymentEntry/Month' 

2024-08-28 22:52:55 - [MESSAGE][PASSED] - Object 'Object Repository/IWP30/Page_CCPaymentEntry/Year' is present

2024-08-28 22:52:56 - [MESSAGE][PASSED] - All options with label '2027' are selected in object 'Object Repository/IWP30/Page_CCPaymentEntry/Year' 

2024-08-28 22:52:56 - [MESSAGE][PASSED] - Object 'Object Repository/IWP30/Page_CCPaymentEntry/ProcessDate' is present

2024-08-28 22:52:56 - [MESSAGE][PASSED] - Object 'Object Repository/IWP30/Page_CCPaymentEntry/AL1' is present

2024-08-28 22:52:57 - [MESSAGE][PASSED] - Text '44 Dadar road' is set on object 'Object Repository/IWP30/Page_CCPaymentEntry/AL1'

2024-08-28 22:52:57 - [MESSAGE][PASSED] - Object 'Object Repository/IWP30/Page_CCPaymentEntry/AL2' is present

2024-08-28 22:52:58 - [MESSAGE][PASSED] - Text 'House 63' is set on object 'Object Repository/IWP30/Page_CCPaymentEntry/AL2'

2024-08-28 22:52:58 - [MESSAGE][PASSED] - Object 'Object Repository/IWP30/Page_CCPaymentEntry/ZIP' is present

2024-08-28 22:52:59 - [MESSAGE][PASSED] - Text '21144' is set on object 'Object Repository/IWP30/Page_CCPaymentEntry/ZIP'

2024-08-28 22:52:59 - [MESSAGE][PASSED] - Object 'Object Repository/IWP30/Page_CCPaymentEntry/EmailAddress' is present

2024-08-28 22:53:00 - [MESSAGE][PASSED] - Text 'someone@gmail.com' is set on object 'Object Repository/IWP30/Page_CCPaymentEntry/EmailAddress'

2024-08-28 22:53:00 - [MESSAGE][PASSED] - Object 'Object Repository/IWP30/Page_CCPaymentEntry/TermCondCheckBox' is present

2024-08-28 22:53:01 - [MESSAGE][PASSED] - Object 'Object Repository/IWP30/Page_CCPaymentEntry/TermCondCheckBox' is checked

2024-08-28 22:53:01 - [MESSAGE][PASSED] - Object 'Object Repository/IWP30/Page_CCPaymentEntry/ContinueButton' is present

2024-08-28 22:53:02 - [MESSAGE][PASSED] - Object: 'Object Repository/IWP30/Page_CCPaymentEntry/ContinueButton' is clicked on

2024-08-28 22:53:02 - [MESSAGE][PASSED] - iwpPages.ccPaymentEntryPage.setDataCCPM is PASSED

2024-08-28 22:53:02 - [TEST_STEP][PASSED] - Amount = findTestData("IWPTestData/VerifyUINoCFCCTestData").getValue("CCAmount", row): null

2024-08-28 22:53:02 - [TEST_STEP][PASSED] - UDF2 = findTestData("IWPTestData/VerifyUINoCFCCTestData").getValue("CCUDF2", row): null

2024-08-28 22:53:02 - [TEST_STEP][PASSED] - UDF3 = findTestData("IWPTestData/VerifyUINoCFCCTestData").getValue("CCUDF3", row): null

2024-08-28 22:53:02 - [TEST_STEP][PASSED] - UDF7 = findTestData("IWPTestData/VerifyUINoCFCCTestData").getValue("CCUDF7", row): null

2024-08-28 22:53:02 - [TEST_STEP][PASSED] - UDF8 = findTestData("IWPTestData/VerifyUINoCFCCTestData").getValue("CCUDF8", row): null

2024-08-28 22:53:02 - [TEST_STEP][PASSED] - CName = findTestData("IWPTestData/VerifyUINoCFCCTestData").getValue("CCName", row): null

2024-08-28 22:53:02 - [TEST_STEP][PASSED] - CardType = findTestData("IWPTestData/VerifyUINoCFCCTestData").getValue("VerCardType", row): null

2024-08-28 22:53:03 - [TEST_STEP][PASSED] - Last4 = findTestData("IWPTestData/VerifyUINoCFCCTestData").getValue("VerLast4", row): null

2024-08-28 22:53:03 - [TEST_STEP][PASSED] - CExp = findTestData("IWPTestData/VerifyUINoCFCCTestData").getValue("VerExp", row): null

2024-08-28 22:53:03 - [TEST_STEP][PASSED] - AL1 = findTestData("IWPTestData/VerifyUINoCFCCTestData").getValue("CCAL1", row): null

2024-08-28 22:53:03 - [TEST_STEP][PASSED] - AL2 = findTestData("IWPTestData/VerifyUINoCFCCTestData").getValue("CCAL2", row): null

2024-08-28 22:53:03 - [TEST_STEP][PASSED] - City = findTestData("IWPTestData/VerifyUINoCFCCTestData").getValue("VerCity", row): null

2024-08-28 22:53:03 - [TEST_STEP][PASSED] - State = findTestData("IWPTestData/VerifyUINoCFCCTestData").getValue("VerState", row): null

2024-08-28 22:53:03 - [TEST_STEP][PASSED] - CZIP = findTestData("IWPTestData/VerifyUINoCFCCTestData").getValue("CCZIP", row): null

2024-08-28 22:53:03 - [TEST_STEP][PASSED] - Email = findTestData("IWPTestData/VerifyUINoCFCCTestData").getValue("CCEmail", row): null

2024-08-28 22:53:03 - [TEST_STEP][PASSED] - State2 = findTestData("IWPTestData/VerifyUINoCFCCTestData").getValue("VerState2", row): null

2024-08-28 22:53:03 - [TEST_STEP][PASSED] - CName2 = findTestData("IWPTestData/VerifyUINoCFCCTestData").getValue("VerCCName", row): null

2024-08-28 22:53:03 - [TEST_STEP][PASSED] - verifyTextPresent("Please verify the following information", false): Text 'Please verify the following information' is present on page 

2024-08-28 22:53:03 - [MESSAGE][PASSED] - Text 'Please verify the following information' is present on page 

2024-08-28 22:53:03 - [TEST_STEP][PASSED] - verifyTextPresent("CAN Label", false): Text 'CAN Label' is present on page 

2024-08-28 22:53:03 - [MESSAGE][PASSED] - Text 'CAN Label' is present on page 

2024-08-28 22:53:03 - [TEST_STEP][PASSED] - verifyTextPresent("54654701", false): Text '54654701' is present on page 

2024-08-28 22:53:04 - [MESSAGE][PASSED] - Text '54654701' is present on page 

2024-08-28 22:53:04 - [TEST_STEP][PASSED] - verifyTextPresent("Tax Amount", false): Text 'Tax Amount' is present on page 

2024-08-28 22:53:04 - [MESSAGE][PASSED] - Text 'Tax Amount' is present on page 

2024-08-28 22:53:04 - [TEST_STEP][PASSED] - verifyTextPresent("$0.00", false): Text '$0.00' is present on page 

2024-08-28 22:53:04 - [MESSAGE][PASSED] - Text '$0.00' is present on page 

2024-08-28 22:53:04 - [TEST_STEP][PASSED] - verifyTextPresent("Amount", false): Text 'Amount' is present on page 

2024-08-28 22:53:05 - [MESSAGE][PASSED] - Text 'Amount' is present on page 

2024-08-28 22:53:05 - [TEST_STEP][PASSED] - verifyTextPresent(Amount, false): Text '33.50' is present on page 

2024-08-28 22:53:05 - [MESSAGE][PASSED] - Text '33.50' is present on page 

2024-08-28 22:53:05 - [TEST_STEP][PASSED] - verifyTextPresent("UDF2 Label", false): Text 'UDF2 Label' is present on page 

2024-08-28 22:53:05 - [MESSAGE][PASSED] - Text 'UDF2 Label' is present on page 

2024-08-28 22:53:05 - [TEST_STEP][PASSED] - verifyTextPresent(UDF2, false): Text 'Paani Da' is present on page 

2024-08-28 22:53:05 - [MESSAGE][PASSED] - Text 'Paani Da' is present on page 

2024-08-28 22:53:05 - [TEST_STEP][PASSED] - verifyTextPresent("UDF3 Label", false): Text 'UDF3 Label' is present on page 

2024-08-28 22:53:06 - [MESSAGE][PASSED] - Text 'UDF3 Label' is present on page 

2024-08-28 22:53:06 - [TEST_STEP][PASSED] - verifyTextPresent(UDF3, false): Text 'Andhadun' is present on page 

2024-08-28 22:53:06 - [MESSAGE][PASSED] - Text 'Andhadun' is present on page 

2024-08-28 22:53:06 - [TEST_STEP][PASSED] - verifyTextPresent("UDF4 Label", false): Text 'UDF4 Label' is present on page 

2024-08-28 22:53:06 - [MESSAGE][PASSED] - Text 'UDF4 Label' is present on page 

2024-08-28 22:53:06 - [TEST_STEP][PASSED] - verifyTextPresent("data 4", false): Text 'data 4' is present on page 

2024-08-28 22:53:07 - [MESSAGE][PASSED] - Text 'data 4' is present on page 

2024-08-28 22:53:07 - [TEST_STEP][PASSED] - verifyTextPresent("UDF6 Label", false): Text 'UDF6 Label' is present on page 

2024-08-28 22:53:07 - [MESSAGE][PASSED] - Text 'UDF6 Label' is present on page 

2024-08-28 22:53:07 - [TEST_STEP][PASSED] - verifyTextPresent("data 6", false): Text 'data 6' is present on page 

2024-08-28 22:53:07 - [MESSAGE][PASSED] - Text 'data 6' is present on page 

2024-08-28 22:53:07 - [TEST_STEP][PASSED] - verifyTextPresent("UDF7 Label", false): Text 'UDF7 Label' is present on page 

2024-08-28 22:53:07 - [MESSAGE][PASSED] - Text 'UDF7 Label' is present on page 

2024-08-28 22:53:07 - [TEST_STEP][PASSED] - verifyTextPresent(UDF7, false): Text 'Orange' is present on page 

2024-08-28 22:53:08 - [MESSAGE][PASSED] - Text 'Orange' is present on page 

2024-08-28 22:53:08 - [TEST_STEP][PASSED] - verifyTextPresent("UDF8 Label", false): Text 'UDF8 Label' is present on page 

2024-08-28 22:53:08 - [MESSAGE][PASSED] - Text 'UDF8 Label' is present on page 

2024-08-28 22:53:08 - [TEST_STEP][PASSED] - verifyTextPresent(UDF8, false): Text 'Tennis' is present on page 

2024-08-28 22:53:08 - [MESSAGE][PASSED] - Text 'Tennis' is present on page 

2024-08-28 22:53:08 - [TEST_STEP][PASSED] - verifyTextPresent("UDF9 Label", false): Text 'UDF9 Label' is present on page 

2024-08-28 22:53:09 - [MESSAGE][PASSED] - Text 'UDF9 Label' is present on page 

2024-08-28 22:53:09 - [TEST_STEP][PASSED] - verifyTextPresent("data 9", false): Text 'data 9' is present on page 

2024-08-28 22:53:09 - [MESSAGE][PASSED] - Text 'data 9' is present on page 

2024-08-28 22:53:09 - [TEST_STEP][PASSED] - verifyTextPresent("Card Information", false): Text 'Card Information' is present on page 

2024-08-28 22:53:09 - [MESSAGE][PASSED] - Text 'Card Information' is present on page 

2024-08-28 22:53:09 - [TEST_STEP][PASSED] - verifyTextPresent("Cardholder's Name", false): Text 'Cardholder's Name' is present on page 

2024-08-28 22:53:10 - [MESSAGE][PASSED] - Text 'Cardholder's Name' is present on page 

2024-08-28 22:53:10 - [TEST_STEP][PASSED] - verifyTextPresent(CName, false): Text 'Ayush Khuranna' is present on page 

2024-08-28 22:53:10 - [MESSAGE][PASSED] - Text 'Ayush Khuranna' is present on page 

2024-08-28 22:53:10 - [TEST_STEP][PASSED] - verifyTextPresent("Card Type", false): Text 'Card Type' is present on page 

2024-08-28 22:53:10 - [MESSAGE][PASSED] - Text 'Card Type' is present on page 

2024-08-28 22:53:10 - [TEST_STEP][PASSED] - verifyTextPresent(CardType, false): Text 'American Express' is present on page 

2024-08-28 22:53:10 - [MESSAGE][PASSED] - Text 'American Express' is present on page 

2024-08-28 22:53:10 - [TEST_STEP][PASSED] - verifyTextPresent("Card Number", false): Text 'Card Number' is present on page 

2024-08-28 22:53:11 - [MESSAGE][PASSED] - Text 'Card Number' is present on page 

2024-08-28 22:53:11 - [TEST_STEP][PASSED] - verifyTextPresent(Last4, false): Text '0002' is present on page 

2024-08-28 22:53:11 - [MESSAGE][PASSED] - Text '0002' is present on page 

2024-08-28 22:53:11 - [TEST_STEP][PASSED] - verifyTextPresent("Card Security Code", false): Text 'Card Security Code' is present on page 

2024-08-28 22:53:11 - [MESSAGE][PASSED] - Text 'Card Security Code' is present on page 

2024-08-28 22:53:11 - [TEST_STEP][PASSED] - verifyTextPresent("Expiration Date", false): Text 'Expiration Date' is present on page 

2024-08-28 22:53:12 - [MESSAGE][PASSED] - Text 'Expiration Date' is present on page 

2024-08-28 22:53:12 - [TEST_STEP][PASSED] - verifyTextPresent(CExp, false): Text '8/2027' is present on page 

2024-08-28 22:53:12 - [MESSAGE][PASSED] - Text '8/2027' is present on page 

2024-08-28 22:53:12 - [TEST_STEP][PASSED] - verifyTextPresent("Payment Date", false): Text 'Payment Date' is present on page 

2024-08-28 22:53:12 - [MESSAGE][PASSED] - Text 'Payment Date' is present on page 

2024-08-28 22:53:12 - [TEST_STEP][PASSED] - verifyTextPresent("Billing Information", false): Text 'Billing Information' is present on page 

2024-08-28 22:53:13 - [MESSAGE][PASSED] - Text 'Billing Information' is present on page 

2024-08-28 22:53:13 - [TEST_STEP][PASSED] - verifyTextPresent("Address Line 1", false): Text 'Address Line 1' is present on page 

2024-08-28 22:53:13 - [MESSAGE][PASSED] - Text 'Address Line 1' is present on page 

2024-08-28 22:53:13 - [TEST_STEP][PASSED] - verifyTextPresent(AL1, false): Text '44 Dadar road' is present on page 

2024-08-28 22:53:13 - [MESSAGE][PASSED] - Text '44 Dadar road' is present on page 

2024-08-28 22:53:13 - [TEST_STEP][PASSED] - verifyTextPresent("Address Line 2", false): Text 'Address Line 2' is present on page 

2024-08-28 22:53:13 - [MESSAGE][PASSED] - Text 'Address Line 2' is present on page 

2024-08-28 22:53:13 - [TEST_STEP][PASSED] - verifyTextPresent(AL2, false): Text 'House 63' is present on page 

2024-08-28 22:53:14 - [MESSAGE][PASSED] - Text 'House 63' is present on page 

2024-08-28 22:53:14 - [TEST_STEP][PASSED] - verifyTextPresent("Country", false): Text 'Country' is present on page 

2024-08-28 22:53:14 - [MESSAGE][PASSED] - Text 'Country' is present on page 

2024-08-28 22:53:14 - [TEST_STEP][PASSED] - verifyTextPresent("United States", false): Text 'United States' is present on page 

2024-08-28 22:53:14 - [MESSAGE][PASSED] - Text 'United States' is present on page 

2024-08-28 22:53:14 - [TEST_STEP][PASSED] - verifyTextPresent("City", false): Text 'City' is present on page 

2024-08-28 22:53:14 - [MESSAGE][PASSED] - Text 'City' is present on page 

2024-08-28 22:53:14 - [TEST_STEP][PASSED] - verifyTextPresent(City, false): Text 'SEVERN' is present on page 

2024-08-28 22:53:15 - [MESSAGE][PASSED] - Text 'SEVERN' is present on page 

2024-08-28 22:53:15 - [TEST_STEP][PASSED] - verifyTextPresent("State", false): Text 'State' is present on page 

2024-08-28 22:53:15 - [MESSAGE][PASSED] - Text 'State' is present on page 

2024-08-28 22:53:15 - [TEST_STEP][PASSED] - verifyTextPresent(State, false): Text 'Maryland' is present on page 

2024-08-28 22:53:15 - [MESSAGE][PASSED] - Text 'Maryland' is present on page 

2024-08-28 22:53:15 - [TEST_STEP][PASSED] - verifyTextPresent("ZIP Code", false): Text 'ZIP Code' is present on page 

2024-08-28 22:53:16 - [MESSAGE][PASSED] - Text 'ZIP Code' is present on page 

2024-08-28 22:53:16 - [TEST_STEP][PASSED] - verifyTextPresent(CZIP, false): Text '21144' is present on page 

2024-08-28 22:53:16 - [MESSAGE][PASSED] - Text '21144' is present on page 

2024-08-28 22:53:16 - [TEST_STEP][PASSED] - verifyTextPresent("Email Address", false): Text 'Email Address' is present on page 

2024-08-28 22:53:16 - [MESSAGE][PASSED] - Text 'Email Address' is present on page 

2024-08-28 22:53:16 - [TEST_STEP][PASSED] - verifyTextPresent(Email, false): Text 'someone@gmail.com' is present on page 

2024-08-28 22:53:16 - [MESSAGE][PASSED] - Text 'someone@gmail.com' is present on page 

2024-08-28 22:53:16 - [TEST_STEP][PASSED] - verifyTextPresent("Is this information correct", false): Text 'Is this information correct' is present on page 

2024-08-28 22:53:17 - [MESSAGE][PASSED] - Text 'Is this information correct' is present on page 

2024-08-28 22:53:17 - [TEST_STEP][PASSED] - verifyTextPresent("These are CC Custom HTML", false): Text 'These are CC Custom HTML' is present on page 

2024-08-28 22:53:17 - [MESSAGE][PASSED] - Text 'These are CC Custom HTML' is present on page 

2024-08-28 22:53:17 - [TEST_STEP][PASSED] - verifyElementPresent(findTestObject("Object Repository/IWP30/Page_Confirmation/ChangePaymentMethodButton"), 30): Object 'Object Repository/IWP30/Page_Confirmation/ChangePaymentMethodButton' is present

2024-08-28 22:53:17 - [MESSAGE][PASSED] - Object 'Object Repository/IWP30/Page_Confirmation/ChangePaymentMethodButton' is present

2024-08-28 22:53:17 - [TEST_STEP][PASSED] - verifyElementPresent(findTestObject("Object Repository/IWP30/Page_Confirmation/ConfirmButton"), 30): Object 'Object Repository/IWP30/Page_Confirmation/ConfirmButton' is present

2024-08-28 22:53:18 - [MESSAGE][PASSED] - Object 'Object Repository/IWP30/Page_Confirmation/ConfirmButton' is present

2024-08-28 22:53:18 - [TEST_STEP][PASSED] - verifyElementPresent(findTestObject("Object Repository/IWP30/Page_Confirmation/ExitButton"), 30): Object 'Object Repository/IWP30/Page_Confirmation/ExitButton' is present

2024-08-28 22:53:18 - [MESSAGE][PASSED] - Object 'Object Repository/IWP30/Page_Confirmation/ExitButton' is present

2024-08-28 22:53:18 - [TEST_STEP][PASSED] - verifyElementPresent(findTestObject("Object Repository/IWP30/Page_Confirmation/ModifyButton"), 30): Object 'Object Repository/IWP30/Page_Confirmation/ModifyButton' is present

2024-08-28 22:53:18 - [MESSAGE][PASSED] - Object 'Object Repository/IWP30/Page_Confirmation/ModifyButton' is present

2024-08-28 22:53:18 - [TEST_STEP][PASSED] - click(findTestObject("Object Repository/IWP30/Page_Confirmation/ConfirmButton")): Object: 'Object Repository/IWP30/Page_Confirmation/ConfirmButton' is clicked on

2024-08-28 22:53:19 - [MESSAGE][PASSED] - Object: 'Object Repository/IWP30/Page_Confirmation/ConfirmButton' is clicked on

2024-08-28 22:53:19 - [TEST_STEP][PASSED] - Thread.sleep(10000): null

2024-08-28 22:53:29 - [TEST_STEP][PASSED] - verifyTextPresent("Successful Payment Receipt", false): Text 'Successful Payment Receipt' is present on page 

2024-08-28 22:53:30 - [MESSAGE][PASSED] - Text 'Successful Payment Receipt' is present on page 

2024-08-28 22:53:30 - [TEST_STEP][PASSED] - verifyTextPresent("Please print this receipt for your records", false): Text 'Please print this receipt for your records' is present on page 

2024-08-28 22:53:30 - [MESSAGE][PASSED] - Text 'Please print this receipt for your records' is present on page 

2024-08-28 22:53:30 - [TEST_STEP][PASSED] - verifyTextPresent("Remittance ID", false): Text 'Remittance ID' is present on page 

2024-08-28 22:53:30 - [MESSAGE][PASSED] - Text 'Remittance ID' is present on page 

2024-08-28 22:53:30 - [TEST_STEP][PASSED] - verifyTextPresent("CAN Label", false): Text 'CAN Label' is present on page 

2024-08-28 22:53:31 - [MESSAGE][PASSED] - Text 'CAN Label' is present on page 

2024-08-28 22:53:31 - [TEST_STEP][PASSED] - verifyTextPresent("54654701", false): Text '54654701' is present on page 

2024-08-28 22:53:31 - [MESSAGE][PASSED] - Text '54654701' is present on page 

2024-08-28 22:53:31 - [TEST_STEP][PASSED] - verifyTextPresent("Received", false): Text 'Received' is present on page 

2024-08-28 22:53:31 - [MESSAGE][PASSED] - Text 'Received' is present on page 

2024-08-28 22:53:31 - [TEST_STEP][PASSED] - verifyTextPresent("UDF1 Label", false): Text 'UDF1 Label' is present on page 

2024-08-28 22:53:31 - [MESSAGE][PASSED] - Text 'UDF1 Label' is present on page 

2024-08-28 22:53:31 - [TEST_STEP][PASSED] - verifyTextPresent("UDF2 Label", false): Text 'UDF2 Label' is present on page 

2024-08-28 22:53:32 - [MESSAGE][PASSED] - Text 'UDF2 Label' is present on page 

2024-08-28 22:53:32 - [TEST_STEP][PASSED] - verifyTextPresent(UDF2, false): Text 'Paani Da' is present on page 

2024-08-28 22:53:32 - [MESSAGE][PASSED] - Text 'Paani Da' is present on page 

2024-08-28 22:53:32 - [TEST_STEP][PASSED] - verifyTextPresent("UDF3 Label", false): Text 'UDF3 Label' is present on page 

2024-08-28 22:53:32 - [MESSAGE][PASSED] - Text 'UDF3 Label' is present on page 

2024-08-28 22:53:32 - [TEST_STEP][PASSED] - verifyTextPresent(UDF3, false): Text 'Andhadun' is present on page 

2024-08-28 22:53:33 - [MESSAGE][PASSED] - Text 'Andhadun' is present on page 

2024-08-28 22:53:33 - [TEST_STEP][PASSED] - verifyTextPresent("UDF4 Label", false): Text 'UDF4 Label' is present on page 

2024-08-28 22:53:33 - [MESSAGE][PASSED] - Text 'UDF4 Label' is present on page 

2024-08-28 22:53:33 - [TEST_STEP][PASSED] - verifyTextPresent("data 4", false): Text 'data 4' is present on page 

2024-08-28 22:53:33 - [MESSAGE][PASSED] - Text 'data 4' is present on page 

2024-08-28 22:53:33 - [TEST_STEP][PASSED] - verifyTextPresent("UDF6 Label", false): Text 'UDF6 Label' is present on page 

2024-08-28 22:53:33 - [MESSAGE][PASSED] - Text 'UDF6 Label' is present on page 

2024-08-28 22:53:33 - [TEST_STEP][PASSED] - verifyTextPresent("data 6", false): Text 'data 6' is present on page 

2024-08-28 22:53:34 - [MESSAGE][PASSED] - Text 'data 6' is present on page 

2024-08-28 22:53:34 - [TEST_STEP][PASSED] - verifyTextPresent("UDF7 Label", false): Text 'UDF7 Label' is present on page 

2024-08-28 22:53:34 - [MESSAGE][PASSED] - Text 'UDF7 Label' is present on page 

2024-08-28 22:53:34 - [TEST_STEP][PASSED] - verifyTextPresent(UDF7, false): Text 'Orange' is present on page 

2024-08-28 22:53:34 - [MESSAGE][PASSED] - Text 'Orange' is present on page 

2024-08-28 22:53:34 - [TEST_STEP][PASSED] - verifyTextPresent("UDF8 Label", false): Text 'UDF8 Label' is present on page 

2024-08-28 22:53:35 - [MESSAGE][PASSED] - Text 'UDF8 Label' is present on page 

2024-08-28 22:53:35 - [TEST_STEP][PASSED] - verifyTextPresent(UDF8, false): Text 'Tennis' is present on page 

2024-08-28 22:53:35 - [MESSAGE][PASSED] - Text 'Tennis' is present on page 

2024-08-28 22:53:35 - [TEST_STEP][PASSED] - verifyTextPresent("UDF9 Label", false): Text 'UDF9 Label' is present on page 

2024-08-28 22:53:35 - [MESSAGE][PASSED] - Text 'UDF9 Label' is present on page 

2024-08-28 22:53:35 - [TEST_STEP][PASSED] - verifyTextPresent("data 9", false): Text 'data 9' is present on page 

2024-08-28 22:53:35 - [MESSAGE][PASSED] - Text 'data 9' is present on page 

2024-08-28 22:53:35 - [TEST_STEP][PASSED] - verifyTextPresent("Tax Amount", false): Text 'Tax Amount' is present on page 

2024-08-28 22:53:36 - [MESSAGE][PASSED] - Text 'Tax Amount' is present on page 

2024-08-28 22:53:36 - [TEST_STEP][PASSED] - verifyTextPresent("$0.00", false): Text '$0.00' is present on page 

2024-08-28 22:53:36 - [MESSAGE][PASSED] - Text '$0.00' is present on page 

2024-08-28 22:53:36 - [TEST_STEP][PASSED] - verifyTextPresent("Amount", false): Text 'Amount' is present on page 

2024-08-28 22:53:36 - [MESSAGE][PASSED] - Text 'Amount' is present on page 

2024-08-28 22:53:36 - [TEST_STEP][PASSED] - verifyTextPresent(Amount, false): Text '33.50' is present on page 

2024-08-28 22:53:37 - [MESSAGE][PASSED] - Text '33.50' is present on page 

2024-08-28 22:53:37 - [TEST_STEP][PASSED] - verifyTextPresent("Transaction Type", false): Text 'Transaction Type' is present on page 

2024-08-28 22:53:37 - [MESSAGE][PASSED] - Text 'Transaction Type' is present on page 

2024-08-28 22:53:37 - [TEST_STEP][PASSED] - verifyTextPresent("Authorization and Capture", false): Text 'Authorization and Capture' is present on page 

2024-08-28 22:53:37 - [MESSAGE][PASSED] - Text 'Authorization and Capture' is present on page 

2024-08-28 22:53:37 - [TEST_STEP][PASSED] - verifyTextPresent("Card Information", false): Text 'Card Information' is present on page 

2024-08-28 22:53:37 - [MESSAGE][PASSED] - Text 'Card Information' is present on page 

2024-08-28 22:53:37 - [TEST_STEP][PASSED] - verifyTextPresent(CardType, false): Text 'American Express' is present on page 

2024-08-28 22:53:38 - [MESSAGE][PASSED] - Text 'American Express' is present on page 

2024-08-28 22:53:38 - [TEST_STEP][PASSED] - verifyTextPresent(CName2, false): Text 'AYUSH KHURANNA' is present on page 

2024-08-28 22:53:38 - [MESSAGE][PASSED] - Text 'AYUSH KHURANNA' is present on page 

2024-08-28 22:53:38 - [TEST_STEP][PASSED] - verifyTextPresent(Last4, false): Text '0002' is present on page 

2024-08-28 22:53:38 - [MESSAGE][PASSED] - Text '0002' is present on page 

2024-08-28 22:53:38 - [TEST_STEP][PASSED] - verifyTextPresent("Billing Information", false): Text 'Billing Information' is present on page 

2024-08-28 22:53:38 - [MESSAGE][PASSED] - Text 'Billing Information' is present on page 

2024-08-28 22:53:38 - [TEST_STEP][PASSED] - verifyTextPresent("Address Line 1", false): Text 'Address Line 1' is present on page 

2024-08-28 22:53:39 - [MESSAGE][PASSED] - Text 'Address Line 1' is present on page 

2024-08-28 22:53:39 - [TEST_STEP][PASSED] - verifyTextPresent(AL1, false): Text '44 Dadar road' is present on page 

2024-08-28 22:53:39 - [MESSAGE][PASSED] - Text '44 Dadar road' is present on page 

2024-08-28 22:53:39 - [TEST_STEP][PASSED] - verifyTextPresent("Address Line 2", false): Text 'Address Line 2' is present on page 

2024-08-28 22:53:39 - [MESSAGE][PASSED] - Text 'Address Line 2' is present on page 

2024-08-28 22:53:39 - [TEST_STEP][PASSED] - verifyTextPresent(AL2, false): Text 'House 63' is present on page 

2024-08-28 22:53:39 - [MESSAGE][PASSED] - Text 'House 63' is present on page 

2024-08-28 22:53:39 - [TEST_STEP][PASSED] - verifyTextPresent("Country", false): Text 'Country' is present on page 

2024-08-28 22:53:40 - [MESSAGE][PASSED] - Text 'Country' is present on page 

2024-08-28 22:53:40 - [TEST_STEP][PASSED] - verifyTextPresent("United States", false): Text 'United States' is present on page 

2024-08-28 22:53:40 - [MESSAGE][PASSED] - Text 'United States' is present on page 

2024-08-28 22:53:40 - [TEST_STEP][PASSED] - verifyTextPresent("City", false): Text 'City' is present on page 

2024-08-28 22:53:40 - [MESSAGE][PASSED] - Text 'City' is present on page 

2024-08-28 22:53:40 - [TEST_STEP][PASSED] - verifyTextPresent(City, false): Text 'SEVERN' is present on page 

2024-08-28 22:53:41 - [MESSAGE][PASSED] - Text 'SEVERN' is present on page 

2024-08-28 22:53:41 - [TEST_STEP][PASSED] - verifyTextPresent("State", false): Text 'State' is present on page 

2024-08-28 22:53:41 - [MESSAGE][PASSED] - Text 'State' is present on page 

2024-08-28 22:53:41 - [TEST_STEP][PASSED] - verifyTextPresent(State2, false): Text 'MD' is present on page 

2024-08-28 22:53:41 - [MESSAGE][PASSED] - Text 'MD' is present on page 

2024-08-28 22:53:41 - [TEST_STEP][PASSED] - verifyTextPresent("ZIP Code", false): Text 'ZIP Code' is present on page 

2024-08-28 22:53:41 - [MESSAGE][PASSED] - Text 'ZIP Code' is present on page 

2024-08-28 22:53:41 - [TEST_STEP][PASSED] - verifyTextPresent(CZIP, false): Text '21144' is present on page 

2024-08-28 22:53:42 - [MESSAGE][PASSED] - Text '21144' is present on page 

2024-08-28 22:53:42 - [TEST_STEP][PASSED] - verifyElementPresent(findTestObject("Object Repository/IWP30/Page_Receipt/ExitButton"), 30): Object 'Object Repository/IWP30/Page_Receipt/ExitButton' is present

2024-08-28 22:53:42 - [MESSAGE][PASSED] - Object 'Object Repository/IWP30/Page_Receipt/ExitButton' is present

2024-08-28 22:53:42 - [TEST_STEP][PASSED] - closeBrowser(): Browser is closed

2024-08-28 22:53:43 - [MESSAGE][PASSED] - Browser is closed

2024-08-28 22:53:43 - [TEST_STEP][PASSED] - openBrowser(urlEmulator): Browser is opened with url: 'https://qa2.velocitypayment.com/agency/config.do?action=editor'

2024-08-28 22:53:43 - [MESSAGE][INFO] - Starting 'Chrome' driver

2024-08-28 22:53:43 - [MESSAGE][INFO] - User set preference: ['acceptInsecureCerts', 'true']

2024-08-28 22:53:43 - [MESSAGE][INFO] - Action delay is set to 0 milliseconds

2024-08-28 22:53:45 - [MESSAGE][PASSED] - Browser is opened with url: 'https://qa2.velocitypayment.com/agency/config.do?action=editor'

2024-08-28 22:53:45 - [TEST_STEP][PASSED] - maximizeWindow(): Current window maximized

2024-08-28 22:53:45 - [MESSAGE][PASSED] - Current window maximized

2024-08-28 22:53:45 - [TEST_STEP][PASSED] - iwpPages.emulatorIWP30.setDataEmulatorStandard(): iwpPages.emulatorIWP30.setDataEmulatorStandard is PASSED

2024-08-28 22:53:46 - [MESSAGE][PASSED] - Object 'Object Repository/IWP30/Page_VRelay30Emulator/Amount' is present

2024-08-28 22:53:47 - [MESSAGE][PASSED] - All options with value '3.0' are selected in object 'Object Repository/IWP30/Page_VRelay30Emulator/MV'  using regular expression

2024-08-28 22:53:48 - [MESSAGE][PASSED] - Text '10.50' is set on object 'Object Repository/IWP30/Page_VRelay30Emulator/Amount'

2024-08-28 22:53:48 - [MESSAGE][PASSED] - Text '54654701' is set on object 'Object Repository/IWP30/Page_VRelay30Emulator/CAN'

2024-08-28 22:53:49 - [MESSAGE][PASSED] - Text 'PayNow' is set on object 'Object Repository/IWP30/Page_VRelay30Emulator/Action'

2024-08-28 22:53:50 - [MESSAGE][PASSED] - Text 'en_US' is set on object 'Object Repository/IWP30/Page_VRelay30Emulator/Lang'

2024-08-28 22:53:50 - [MESSAGE][PASSED] - Text '' is set on object 'Object Repository/IWP30/Page_VRelay30Emulator/Fname'

2024-08-28 22:53:51 - [MESSAGE][PASSED] - Text '' is set on object 'Object Repository/IWP30/Page_VRelay30Emulator/Lname'

2024-08-28 22:53:52 - [MESSAGE][PASSED] - Text '' is set on object 'Object Repository/IWP30/Page_VRelay30Emulator/AL1'

2024-08-28 22:53:52 - [MESSAGE][PASSED] - Text '' is set on object 'Object Repository/IWP30/Page_VRelay30Emulator/AL2'

2024-08-28 22:53:53 - [MESSAGE][PASSED] - Text '' is set on object 'Object Repository/IWP30/Page_VRelay30Emulator/Country'

2024-08-28 22:53:54 - [MESSAGE][PASSED] - Text '' is set on object 'Object Repository/IWP30/Page_VRelay30Emulator/City'

2024-08-28 22:53:54 - [MESSAGE][PASSED] - Text '' is set on object 'Object Repository/IWP30/Page_VRelay30Emulator/State'

2024-08-28 22:53:55 - [MESSAGE][PASSED] - Text '' is set on object 'Object Repository/IWP30/Page_VRelay30Emulator/ZIP'

2024-08-28 22:53:55 - [MESSAGE][PASSED] - Text '' is set on object 'Object Repository/IWP30/Page_VRelay30Emulator/Order'

2024-08-28 22:53:56 - [MESSAGE][PASSED] - Text '' is set on object 'Object Repository/IWP30/Page_VRelay30Emulator/Company'

2024-08-28 22:53:57 - [MESSAGE][PASSED] - Text '' is set on object 'Object Repository/IWP30/Page_VRelay30Emulator/Email'

2024-08-28 22:53:57 - [MESSAGE][PASSED] - Text '' is set on object 'Object Repository/IWP30/Page_VRelay30Emulator/UDF1'

2024-08-28 22:53:58 - [MESSAGE][PASSED] - Text '' is set on object 'Object Repository/IWP30/Page_VRelay30Emulator/UDF2'

2024-08-28 22:53:59 - [MESSAGE][PASSED] - Text 'data 3' is set on object 'Object Repository/IWP30/Page_VRelay30Emulator/UDF3'

2024-08-28 22:53:59 - [MESSAGE][PASSED] - Text 'data 4' is set on object 'Object Repository/IWP30/Page_VRelay30Emulator/UDF4'

2024-08-28 22:54:00 - [MESSAGE][PASSED] - Text 'data 5' is set on object 'Object Repository/IWP30/Page_VRelay30Emulator/UDF5'

2024-08-28 22:54:01 - [MESSAGE][PASSED] - Text 'data 6' is set on object 'Object Repository/IWP30/Page_VRelay30Emulator/UDF6'

2024-08-28 22:54:01 - [MESSAGE][PASSED] - Text 'Orange' is set on object 'Object Repository/IWP30/Page_VRelay30Emulator/UDF7'

2024-08-28 22:54:02 - [MESSAGE][PASSED] - Text 'Soccer' is set on object 'Object Repository/IWP30/Page_VRelay30Emulator/UDF8'

2024-08-28 22:54:03 - [MESSAGE][PASSED] - Text 'data 9' is set on object 'Object Repository/IWP30/Page_VRelay30Emulator/UDF9'

2024-08-28 22:54:04 - [MESSAGE][PASSED] - Text 'data 10' is set on object 'Object Repository/IWP30/Page_VRelay30Emulator/UDF10'

2024-08-28 22:54:06 - [MESSAGE][PASSED] - Object: 'Object Repository/IWP30/Page_VRelay30Emulator/Submit' is clicked on

2024-08-28 22:54:12 - [MESSAGE][PASSED] - Browser is closed

2024-08-28 22:54:12 - [MESSAGE][PASSED] - iwpPages.emulatorIWP30.setDataEmulatorStandard is PASSED

2024-08-28 22:54:12 - [TEST_STEP][PASSED] - openBrowser(urlTestHarness): Browser is opened with url: 'https://dev-algorithm.govolution.com/vrelaytest/QA2/version_2_2/vrelaytest.html'

2024-08-28 22:54:12 - [MESSAGE][INFO] - Starting 'Chrome' driver

2024-08-28 22:54:12 - [MESSAGE][INFO] - User set preference: ['acceptInsecureCerts', 'true']

2024-08-28 22:54:12 - [MESSAGE][INFO] - Action delay is set to 0 milliseconds

2024-08-28 22:54:14 - [MESSAGE][PASSED] - Browser is opened with url: 'https://dev-algorithm.govolution.com/vrelaytest/QA2/version_2_2/vrelaytest.html'

2024-08-28 22:54:14 - [TEST_STEP][PASSED] - maximizeWindow(): Current window maximized

2024-08-28 22:54:14 - [MESSAGE][PASSED] - Current window maximized

2024-08-28 22:54:14 - [TEST_STEP][PASSED] - genRemIDVoid = RandomStringUtils.random(12, true, true): null

2024-08-28 22:54:14 - [TEST_STEP][PASSED] - if (verifyElementPresent(findTestObject("Object Repository/IWP30/Page_QATestHarness/RemittanceID"), 30)): null

2024-08-28 22:54:15 - [MESSAGE][PASSED] - Object 'Object Repository/IWP30/Page_QATestHarness/RemittanceID' is present

2024-08-28 22:54:15 - [TEST_STEP][PASSED] - println("We are on Test Harness page, start populating"): null

2024-08-28 22:54:15 - [TEST_STEP][PASSED] - setText(findTestObject("Object Repository/IWP30/Page_QATestHarness/ApplicationID"), "649"): Text '649' is set on object 'Object Repository/IWP30/Page_QATestHarness/ApplicationID'

2024-08-28 22:54:15 - [MESSAGE][PASSED] - Text '649' is set on object 'Object Repository/IWP30/Page_QATestHarness/ApplicationID'

2024-08-28 22:54:15 - [TEST_STEP][PASSED] - setText(findTestObject("Object Repository/IWP30/Page_QATestHarness/MessageVersion"), "3.0"): Text '3.0' is set on object 'Object Repository/IWP30/Page_QATestHarness/MessageVersion'

2024-08-28 22:54:16 - [MESSAGE][PASSED] - Text '3.0' is set on object 'Object Repository/IWP30/Page_QATestHarness/MessageVersion'

2024-08-28 22:54:16 - [TEST_STEP][PASSED] - setText(findTestObject("Object Repository/IWP30/Page_QATestHarness/RemittanceID"), genRemIDVoid): Text 'Da5fBraX6uvM' is set on object 'Object Repository/IWP30/Page_QATestHarness/RemittanceID'

2024-08-28 22:54:17 - [MESSAGE][PASSED] - Text 'Da5fBraX6uvM' is set on object 'Object Repository/IWP30/Page_QATestHarness/RemittanceID'

2024-08-28 22:54:17 - [TEST_STEP][PASSED] - click(findTestObject("Object Repository/IWP30/Page_QATestHarness/SubmitButton")): Object: 'Object Repository/IWP30/Page_QATestHarness/SubmitButton' is clicked on

2024-08-28 22:54:18 - [MESSAGE][PASSED] - Object: 'Object Repository/IWP30/Page_QATestHarness/SubmitButton' is clicked on

2024-08-28 22:54:18 - [TEST_STEP][PASSED] - verifyTextPresent("Select Payment Method", false): Text 'Select Payment Method' is present on page 

2024-08-28 22:54:19 - [MESSAGE][PASSED] - Text 'Select Payment Method' is present on page 

2024-08-28 22:54:19 - [TEST_STEP][PASSED] - verifyTextPresent("Please Choose the Method of Payment", false): Text 'Please Choose the Method of Payment' is present on page 

2024-08-28 22:54:19 - [MESSAGE][PASSED] - Text 'Please Choose the Method of Payment' is present on page 

2024-08-28 22:54:19 - [TEST_STEP][PASSED] - verifyElementPresent(findTestObject("Object Repository/IWP30/Page_SelectPaymentMethod/PayByCreditCard"), 30): Object 'Object Repository/IWP30/Page_SelectPaymentMethod/PayByCreditCard' is present

2024-08-28 22:54:19 - [MESSAGE][PASSED] - Object 'Object Repository/IWP30/Page_SelectPaymentMethod/PayByCreditCard' is present

2024-08-28 22:54:19 - [TEST_STEP][PASSED] - verifyElementPresent(findTestObject("Object Repository/IWP30/Page_SelectPaymentMethod/PayByCorporateCheck"), 30): Object 'Object Repository/IWP30/Page_SelectPaymentMethod/PayByCorporateCheck' is present

2024-08-28 22:54:20 - [MESSAGE][PASSED] - Object 'Object Repository/IWP30/Page_SelectPaymentMethod/PayByCorporateCheck' is present

2024-08-28 22:54:20 - [TEST_STEP][PASSED] - verifyElementPresent(findTestObject("Object Repository/IWP30/Page_SelectPaymentMethod/PayByPersonalCheck"), 30): Object 'Object Repository/IWP30/Page_SelectPaymentMethod/PayByPersonalCheck' is present

2024-08-28 22:54:20 - [MESSAGE][PASSED] - Object 'Object Repository/IWP30/Page_SelectPaymentMethod/PayByPersonalCheck' is present

2024-08-28 22:54:20 - [TEST_STEP][PASSED] - verifyElementPresent(findTestObject("Object Repository/IWP30/Page_SelectPaymentMethod/ExitButton"), 30): Object 'Object Repository/IWP30/Page_SelectPaymentMethod/ExitButton' is present

2024-08-28 22:54:20 - [MESSAGE][PASSED] - Object 'Object Repository/IWP30/Page_SelectPaymentMethod/ExitButton' is present

2024-08-28 22:54:20 - [TEST_STEP][PASSED] - if (verifyElementPresent(findTestObject("Object Repository/IWP30/Page_SelectPaymentMethod/PayByCreditCard"), 30)): null

2024-08-28 22:54:21 - [MESSAGE][PASSED] - Object 'Object Repository/IWP30/Page_SelectPaymentMethod/PayByCreditCard' is present

2024-08-28 22:54:21 - [TEST_STEP][PASSED] - println("We are on Select Payment Method page, start populating"): null

2024-08-28 22:54:21 - [TEST_STEP][PASSED] - check(findTestObject("Object Repository/IWP30/Page_SelectPaymentMethod/PayByCreditCard")): Object 'Object Repository/IWP30/Page_SelectPaymentMethod/PayByCreditCard' is checked

2024-08-28 22:54:21 - [MESSAGE][PASSED] - Object 'Object Repository/IWP30/Page_SelectPaymentMethod/PayByCreditCard' is checked

2024-08-28 22:54:21 - [TEST_STEP][PASSED] - Thread.sleep(1000): null

2024-08-28 22:54:22 - [TEST_STEP][PASSED] - click(findTestObject("Object Repository/IWP30/Page_SelectPaymentMethod/MakePaymentButton")): Object: 'Object Repository/IWP30/Page_SelectPaymentMethod/MakePaymentButton' is clicked on

2024-08-28 22:54:23 - [MESSAGE][PASSED] - Object: 'Object Repository/IWP30/Page_SelectPaymentMethod/MakePaymentButton' is clicked on

2024-08-28 22:54:23 - [TEST_STEP][PASSED] - verifyTextPresent("Required fields are highlighted with an asterisk", false): Text 'Required fields are highlighted with an asterisk' is present on page 

2024-08-28 22:54:24 - [MESSAGE][PASSED] - Text 'Required fields are highlighted with an asterisk' is present on page 

2024-08-28 22:54:24 - [TEST_STEP][PASSED] - verifyTextPresent("Please enter the following information about your payment", false): Text 'Please enter the following information about your payment' is present on page 

2024-08-28 22:54:24 - [MESSAGE][PASSED] - Text 'Please enter the following information about your payment' is present on page 

2024-08-28 22:54:24 - [TEST_STEP][PASSED] - verifyTextPresent("CAN Label", false): Text 'CAN Label' is present on page 

2024-08-28 22:54:25 - [MESSAGE][PASSED] - Text 'CAN Label' is present on page 

2024-08-28 22:54:25 - [TEST_STEP][PASSED] - verifyTextPresent("Tax Amount", false): Text 'Tax Amount' is present on page 

2024-08-28 22:54:25 - [MESSAGE][PASSED] - Text 'Tax Amount' is present on page 

2024-08-28 22:54:25 - [TEST_STEP][PASSED] - verifyTextPresent("Amount", false): Text 'Amount' is present on page 

2024-08-28 22:54:25 - [MESSAGE][PASSED] - Text 'Amount' is present on page 

2024-08-28 22:54:25 - [TEST_STEP][PASSED] - verifyTextPresent("UDF1 Label", false): Text 'UDF1 Label' is present on page 

2024-08-28 22:54:26 - [MESSAGE][PASSED] - Text 'UDF1 Label' is present on page 

2024-08-28 22:54:26 - [TEST_STEP][PASSED] - verifyTextPresent("UDF2 Label", false): Text 'UDF2 Label' is present on page 

2024-08-28 22:54:26 - [MESSAGE][PASSED] - Text 'UDF2 Label' is present on page 

2024-08-28 22:54:26 - [TEST_STEP][PASSED] - verifyTextPresent("UDF3 Label", false): Text 'UDF3 Label' is present on page 

2024-08-28 22:54:26 - [MESSAGE][PASSED] - Text 'UDF3 Label' is present on page 

2024-08-28 22:54:26 - [TEST_STEP][PASSED] - verifyTextPresent("UDF4 Label", false): Text 'UDF4 Label' is present on page 

2024-08-28 22:54:26 - [MESSAGE][PASSED] - Text 'UDF4 Label' is present on page 

2024-08-28 22:54:26 - [TEST_STEP][PASSED] - verifyTextPresent("UDF6 Label", false): Text 'UDF6 Label' is present on page 

2024-08-28 22:54:27 - [MESSAGE][PASSED] - Text 'UDF6 Label' is present on page 

2024-08-28 22:54:27 - [TEST_STEP][PASSED] - verifyTextPresent("UDF7 Label", false): Text 'UDF7 Label' is present on page 

2024-08-28 22:54:27 - [MESSAGE][PASSED] - Text 'UDF7 Label' is present on page 

2024-08-28 22:54:27 - [TEST_STEP][PASSED] - verifyTextPresent("UDF8 Label", false): Text 'UDF8 Label' is present on page 

2024-08-28 22:54:27 - [MESSAGE][PASSED] - Text 'UDF8 Label' is present on page 

2024-08-28 22:54:27 - [TEST_STEP][PASSED] - verifyTextPresent("UDF9 Label", false): Text 'UDF9 Label' is present on page 

2024-08-28 22:54:28 - [MESSAGE][PASSED] - Text 'UDF9 Label' is present on page 

2024-08-28 22:54:28 - [TEST_STEP][PASSED] - verifyTextPresent("Please enter the following information about your payment method", false): Text 'Please enter the following information about your payment method' is present on page 

2024-08-28 22:54:28 - [MESSAGE][PASSED] - Text 'Please enter the following information about your payment method' is present on page 

2024-08-28 22:54:28 - [TEST_STEP][PASSED] - verifyTextPresent("Cardholder's Name", false): Text 'Cardholder's Name' is present on page 

2024-08-28 22:54:28 - [MESSAGE][PASSED] - Text 'Cardholder's Name' is present on page 

2024-08-28 22:54:28 - [TEST_STEP][PASSED] - verifyTextPresent("Cards Accepted", false): Text 'Cards Accepted' is present on page 

2024-08-28 22:54:29 - [MESSAGE][PASSED] - Text 'Cards Accepted' is present on page 

2024-08-28 22:54:29 - [TEST_STEP][PASSED] - verifyTextPresent("Card Number", false): Text 'Card Number' is present on page 

2024-08-28 22:54:29 - [MESSAGE][PASSED] - Text 'Card Number' is present on page 

2024-08-28 22:54:29 - [TEST_STEP][PASSED] - verifyTextPresent("Card Security Code", false): Text 'Card Security Code' is present on page 

2024-08-28 22:54:29 - [MESSAGE][PASSED] - Text 'Card Security Code' is present on page 

2024-08-28 22:54:29 - [TEST_STEP][PASSED] - verifyTextPresent("Expiration Date", false): Text 'Expiration Date' is present on page 

2024-08-28 22:54:30 - [MESSAGE][PASSED] - Text 'Expiration Date' is present on page 

2024-08-28 22:54:30 - [TEST_STEP][PASSED] - verifyTextPresent("Payment Date", false): Text 'Payment Date' is present on page 

2024-08-28 22:54:30 - [MESSAGE][PASSED] - Text 'Payment Date' is present on page 

2024-08-28 22:54:30 - [TEST_STEP][PASSED] - verifyTextPresent("Billing Information", false): Text 'Billing Information' is present on page 

2024-08-28 22:54:30 - [MESSAGE][PASSED] - Text 'Billing Information' is present on page 

2024-08-28 22:54:30 - [TEST_STEP][PASSED] - verifyTextPresent("Address Line 1", false): Text 'Address Line 1' is present on page 

2024-08-28 22:54:31 - [MESSAGE][PASSED] - Text 'Address Line 1' is present on page 

2024-08-28 22:54:31 - [TEST_STEP][PASSED] - verifyTextPresent("Address Line 2", false): Text 'Address Line 2' is present on page 

2024-08-28 22:54:31 - [MESSAGE][PASSED] - Text 'Address Line 2' is present on page 

2024-08-28 22:54:31 - [TEST_STEP][PASSED] - verifyTextPresent("Country", false): Text 'Country' is present on page 

2024-08-28 22:54:31 - [MESSAGE][PASSED] - Text 'Country' is present on page 

2024-08-28 22:54:31 - [TEST_STEP][PASSED] - verifyTextPresent("ZIP Code", false): Text 'ZIP Code' is present on page 

2024-08-28 22:54:32 - [MESSAGE][PASSED] - Text 'ZIP Code' is present on page 

2024-08-28 22:54:32 - [TEST_STEP][PASSED] - verifyTextPresent("City", false): Text 'City' is present on page 

2024-08-28 22:54:32 - [MESSAGE][PASSED] - Text 'City' is present on page 

2024-08-28 22:54:32 - [TEST_STEP][PASSED] - verifyTextPresent("State", false): Text 'State' is present on page 

2024-08-28 22:54:32 - [MESSAGE][PASSED] - Text 'State' is present on page 

2024-08-28 22:54:32 - [TEST_STEP][PASSED] - verifyTextPresent("Receipt Information", false): Text 'Receipt Information' is present on page 

2024-08-28 22:54:33 - [MESSAGE][PASSED] - Text 'Receipt Information' is present on page 

2024-08-28 22:54:33 - [TEST_STEP][PASSED] - verifyTextPresent("Email Address", false): Text 'Email Address' is present on page 

2024-08-28 22:54:33 - [MESSAGE][PASSED] - Text 'Email Address' is present on page 

2024-08-28 22:54:33 - [TEST_STEP][PASSED] - verifyTextPresent("Please check here to store the payment method for future use", false): Text 'Please check here to store the payment method for future use' is present on page 

2024-08-28 22:54:33 - [MESSAGE][PASSED] - Text 'Please check here to store the payment method for future use' is present on page 

2024-08-28 22:54:33 - [TEST_STEP][PASSED] - verifyTextPresent("These are Customer CC Terms", false): Text 'These are Customer CC Terms' is present on page 

2024-08-28 22:54:33 - [MESSAGE][PASSED] - Text 'These are Customer CC Terms' is present on page 

2024-08-28 22:54:33 - [TEST_STEP][PASSED] - verifyTextPresent("These are CC Custom HTML", false): Text 'These are CC Custom HTML' is present on page 

2024-08-28 22:54:34 - [MESSAGE][PASSED] - Text 'These are CC Custom HTML' is present on page 

2024-08-28 22:54:34 - [TEST_STEP][PASSED] - verifyTextPresent("54654701", false): Text '54654701' is present on page 

2024-08-28 22:54:34 - [MESSAGE][PASSED] - Text '54654701' is present on page 

2024-08-28 22:54:34 - [TEST_STEP][PASSED] - verifyTextPresent("data 4", false): Text 'data 4' is present on page 

2024-08-28 22:54:34 - [MESSAGE][PASSED] - Text 'data 4' is present on page 

2024-08-28 22:54:34 - [TEST_STEP][PASSED] - verifyTextPresent("data 6", false): Text 'data 6' is present on page 

2024-08-28 22:54:35 - [MESSAGE][PASSED] - Text 'data 6' is present on page 

2024-08-28 22:54:35 - [TEST_STEP][PASSED] - verifyTextPresent("data 9", false): Text 'data 9' is present on page 

2024-08-28 22:54:35 - [MESSAGE][PASSED] - Text 'data 9' is present on page 

2024-08-28 22:54:35 - [TEST_STEP][PASSED] - verifyTextNotPresent("UDF5 Label", false): Text 'UDF5 Label' is not present on page

2024-08-28 22:54:35 - [MESSAGE][PASSED] - Text 'UDF5 Label' is not present on page

2024-08-28 22:54:35 - [TEST_STEP][PASSED] - verifyTextNotPresent("UDF10 Label", false): Text 'UDF10 Label' is not present on page

2024-08-28 22:54:36 - [MESSAGE][PASSED] - Text 'UDF10 Label' is not present on page

2024-08-28 22:54:36 - [TEST_STEP][PASSED] - verifyElementPresent(findTestObject("Object Repository/IWP30/Page_CCPaymentEntry/Amount"), 30): Object 'Object Repository/IWP30/Page_CCPaymentEntry/Amount' is present

2024-08-28 22:54:36 - [MESSAGE][PASSED] - Object 'Object Repository/IWP30/Page_CCPaymentEntry/Amount' is present

2024-08-28 22:54:36 - [TEST_STEP][PASSED] - verifyElementPresent(findTestObject("Object Repository/IWP30/Page_CCPaymentEntry/UserDefined2"), 30): Object 'Object Repository/IWP30/Page_CCPaymentEntry/UserDefined2' is present

2024-08-28 22:54:36 - [MESSAGE][PASSED] - Object 'Object Repository/IWP30/Page_CCPaymentEntry/UserDefined2' is present

2024-08-28 22:54:36 - [TEST_STEP][PASSED] - verifyElementPresent(findTestObject("Object Repository/IWP30/Page_CCPaymentEntry/UserDefined3"), 30): Object 'Object Repository/IWP30/Page_CCPaymentEntry/UserDefined3' is present

2024-08-28 22:54:37 - [MESSAGE][PASSED] - Object 'Object Repository/IWP30/Page_CCPaymentEntry/UserDefined3' is present

2024-08-28 22:54:37 - [TEST_STEP][PASSED] - verifyElementPresent(findTestObject("Object Repository/IWP30/Page_CCPaymentEntry/UserDefined7"), 30): Object 'Object Repository/IWP30/Page_CCPaymentEntry/UserDefined7' is present

2024-08-28 22:54:37 - [MESSAGE][PASSED] - Object 'Object Repository/IWP30/Page_CCPaymentEntry/UserDefined7' is present

2024-08-28 22:54:37 - [TEST_STEP][PASSED] - verifyElementPresent(findTestObject("Object Repository/IWP30/Page_CCPaymentEntry/UserDefined8"), 30): Object 'Object Repository/IWP30/Page_CCPaymentEntry/UserDefined8' is present

2024-08-28 22:54:37 - [MESSAGE][PASSED] - Object 'Object Repository/IWP30/Page_CCPaymentEntry/UserDefined8' is present

2024-08-28 22:54:37 - [TEST_STEP][PASSED] - verifyElementPresent(findTestObject("Object Repository/IWP30/Page_CCPaymentEntry/Name"), 30): Object 'Object Repository/IWP30/Page_CCPaymentEntry/Name' is present

2024-08-28 22:54:38 - [MESSAGE][PASSED] - Object 'Object Repository/IWP30/Page_CCPaymentEntry/Name' is present

2024-08-28 22:54:38 - [TEST_STEP][PASSED] - verifyElementPresent(findTestObject("Object Repository/IWP30/Page_CCPaymentEntry/CardNumber"), 30): Object 'Object Repository/IWP30/Page_CCPaymentEntry/CardNumber' is present

2024-08-28 22:54:38 - [MESSAGE][PASSED] - Object 'Object Repository/IWP30/Page_CCPaymentEntry/CardNumber' is present

2024-08-28 22:54:38 - [TEST_STEP][PASSED] - verifyElementPresent(findTestObject("Object Repository/IWP30/Page_CCPaymentEntry/SPC"), 30): Object 'Object Repository/IWP30/Page_CCPaymentEntry/SPC' is present

2024-08-28 22:54:38 - [MESSAGE][PASSED] - Object 'Object Repository/IWP30/Page_CCPaymentEntry/SPC' is present

2024-08-28 22:54:38 - [TEST_STEP][PASSED] - verifyElementPresent(findTestObject("Object Repository/IWP30/Page_CCPaymentEntry/Month"), 30): Object 'Object Repository/IWP30/Page_CCPaymentEntry/Month' is present

2024-08-28 22:54:39 - [MESSAGE][PASSED] - Object 'Object Repository/IWP30/Page_CCPaymentEntry/Month' is present

2024-08-28 22:54:39 - [TEST_STEP][PASSED] - verifyElementPresent(findTestObject("Object Repository/IWP30/Page_CCPaymentEntry/Year"), 30): Object 'Object Repository/IWP30/Page_CCPaymentEntry/Year' is present

2024-08-28 22:54:39 - [MESSAGE][PASSED] - Object 'Object Repository/IWP30/Page_CCPaymentEntry/Year' is present

2024-08-28 22:54:39 - [TEST_STEP][PASSED] - verifyElementPresent(findTestObject("Object Repository/IWP30/Page_CCPaymentEntry/ProcessDate"), 30): Object 'Object Repository/IWP30/Page_CCPaymentEntry/ProcessDate' is present

2024-08-28 22:54:39 - [MESSAGE][PASSED] - Object 'Object Repository/IWP30/Page_CCPaymentEntry/ProcessDate' is present

2024-08-28 22:54:39 - [TEST_STEP][PASSED] - verifyElementPresent(findTestObject("Object Repository/IWP30/Page_CCPaymentEntry/AL1"), 30): Object 'Object Repository/IWP30/Page_CCPaymentEntry/AL1' is present

2024-08-28 22:54:40 - [MESSAGE][PASSED] - Object 'Object Repository/IWP30/Page_CCPaymentEntry/AL1' is present

2024-08-28 22:54:40 - [TEST_STEP][PASSED] - verifyElementPresent(findTestObject("Object Repository/IWP30/Page_CCPaymentEntry/AL2"), 30): Object 'Object Repository/IWP30/Page_CCPaymentEntry/AL2' is present

2024-08-28 22:54:40 - [MESSAGE][PASSED] - Object 'Object Repository/IWP30/Page_CCPaymentEntry/AL2' is present

2024-08-28 22:54:40 - [TEST_STEP][PASSED] - verifyElementPresent(findTestObject("Object Repository/IWP30/Page_CCPaymentEntry/CountryDropDown"), 30): Object 'Object Repository/IWP30/Page_CCPaymentEntry/CountryDropDown' is present

2024-08-28 22:54:40 - [MESSAGE][PASSED] - Object 'Object Repository/IWP30/Page_CCPaymentEntry/CountryDropDown' is present

2024-08-28 22:54:40 - [TEST_STEP][PASSED] - verifyElementPresent(findTestObject("Object Repository/IWP30/Page_CCPaymentEntry/ZIP"), 30): Object 'Object Repository/IWP30/Page_CCPaymentEntry/ZIP' is present

2024-08-28 22:54:41 - [MESSAGE][PASSED] - Object 'Object Repository/IWP30/Page_CCPaymentEntry/ZIP' is present

2024-08-28 22:54:41 - [TEST_STEP][PASSED] - verifyElementPresent(findTestObject("Object Repository/IWP30/Page_CCPaymentEntry/City"), 30): Object 'Object Repository/IWP30/Page_CCPaymentEntry/City' is present

2024-08-28 22:54:41 - [MESSAGE][PASSED] - Object 'Object Repository/IWP30/Page_CCPaymentEntry/City' is present

2024-08-28 22:54:41 - [TEST_STEP][PASSED] - verifyElementPresent(findTestObject("Object Repository/IWP30/Page_CCPaymentEntry/State"), 30): Object 'Object Repository/IWP30/Page_CCPaymentEntry/State' is present

2024-08-28 22:54:41 - [MESSAGE][PASSED] - Object 'Object Repository/IWP30/Page_CCPaymentEntry/State' is present

2024-08-28 22:54:41 - [TEST_STEP][PASSED] - verifyElementPresent(findTestObject("Object Repository/IWP30/Page_CCPaymentEntry/EmailAddress"), 30): Object 'Object Repository/IWP30/Page_CCPaymentEntry/EmailAddress' is present

2024-08-28 22:54:42 - [MESSAGE][PASSED] - Object 'Object Repository/IWP30/Page_CCPaymentEntry/EmailAddress' is present

2024-08-28 22:54:42 - [TEST_STEP][PASSED] - verifyElementPresent(findTestObject("Object Repository/IWP30/Page_CCPaymentEntry/StorePaymentMethodCheckBox"), 30): Object 'Object Repository/IWP30/Page_CCPaymentEntry/StorePaymentMethodCheckBox' is present

2024-08-28 22:54:42 - [MESSAGE][PASSED] - Object 'Object Repository/IWP30/Page_CCPaymentEntry/StorePaymentMethodCheckBox' is present

2024-08-28 22:54:42 - [TEST_STEP][PASSED] - verifyElementPresent(findTestObject("Object Repository/IWP30/Page_CCPaymentEntry/TermCondCheckBox"), 30): Object 'Object Repository/IWP30/Page_CCPaymentEntry/TermCondCheckBox' is present

2024-08-28 22:54:42 - [MESSAGE][PASSED] - Object 'Object Repository/IWP30/Page_CCPaymentEntry/TermCondCheckBox' is present

2024-08-28 22:54:42 - [TEST_STEP][PASSED] - verifyElementPresent(findTestObject("Object Repository/IWP30/Page_CCPaymentEntry/ContinueButton"), 30): Object 'Object Repository/IWP30/Page_CCPaymentEntry/ContinueButton' is present

2024-08-28 22:54:43 - [MESSAGE][PASSED] - Object 'Object Repository/IWP30/Page_CCPaymentEntry/ContinueButton' is present

2024-08-28 22:54:43 - [TEST_STEP][PASSED] - verifyElementPresent(findTestObject("Object Repository/IWP30/Page_CCPaymentEntry/ChangePaymentMethodButton"), 30): Object 'Object Repository/IWP30/Page_CCPaymentEntry/ChangePaymentMethodButton' is present

2024-08-28 22:54:43 - [MESSAGE][PASSED] - Object 'Object Repository/IWP30/Page_CCPaymentEntry/ChangePaymentMethodButton' is present

2024-08-28 22:54:43 - [TEST_STEP][PASSED] - verifyElementPresent(findTestObject("Object Repository/IWP30/Page_CCPaymentEntry/ExitButton"), 30): Object 'Object Repository/IWP30/Page_CCPaymentEntry/ExitButton' is present

2024-08-28 22:54:43 - [MESSAGE][PASSED] - Object 'Object Repository/IWP30/Page_CCPaymentEntry/ExitButton' is present

2024-08-28 22:54:43 - [TEST_STEP][PASSED] - iwpPages.ccPaymentEntryPage.setDataCCPM(row, dataFile): iwpPages.ccPaymentEntryPage.setDataCCPM is PASSED

2024-08-28 22:54:44 - [MESSAGE][PASSED] - Object 'Object Repository/IWP30/Page_CCPaymentEntry/Name' is present

2024-08-28 22:54:45 - [MESSAGE][PASSED] - Object 'Object Repository/IWP30/Page_CCPaymentEntry/Amount' is present

2024-08-28 22:54:45 - [MESSAGE][PASSED] - Text '99.50' is set on object 'Object Repository/IWP30/Page_CCPaymentEntry/Amount'

2024-08-28 22:54:46 - [MESSAGE][PASSED] - Object 'Object Repository/IWP30/Page_CCPaymentEntry/UserDefined2' is present

2024-08-28 22:54:46 - [MESSAGE][PASSED] - Text 'Newton' is set on object 'Object Repository/IWP30/Page_CCPaymentEntry/UserDefined2'

2024-08-28 22:54:47 - [MESSAGE][PASSED] - Object 'Object Repository/IWP30/Page_CCPaymentEntry/UserDefined3' is present

2024-08-28 22:54:47 - [MESSAGE][PASSED] - Text 'Stree' is set on object 'Object Repository/IWP30/Page_CCPaymentEntry/UserDefined3'

2024-08-28 22:54:48 - [MESSAGE][PASSED] - Object 'Object Repository/IWP30/Page_CCPaymentEntry/UserDefined7' is present

2024-08-28 22:54:48 - [MESSAGE][PASSED] - All options with label 'Purple' are selected in object 'Object Repository/IWP30/Page_CCPaymentEntry/UserDefined7' 

2024-08-28 22:54:48 - [MESSAGE][PASSED] - Object 'Object Repository/IWP30/Page_CCPaymentEntry/UserDefined8' is present

2024-08-28 22:54:49 - [MESSAGE][PASSED] - All options with label 'Soccer' are selected in object 'Object Repository/IWP30/Page_CCPaymentEntry/UserDefined8' 

2024-08-28 22:54:49 - [MESSAGE][PASSED] - Object 'Object Repository/IWP30/Page_CCPaymentEntry/Name' is present

2024-08-28 22:54:50 - [MESSAGE][PASSED] - Text 'Raj Kumar Rao' is set on object 'Object Repository/IWP30/Page_CCPaymentEntry/Name'

2024-08-28 22:54:50 - [MESSAGE][PASSED] - Object 'Object Repository/IWP30/Page_CCPaymentEntry/CardNumber' is present

2024-08-28 22:54:51 - [MESSAGE][PASSED] - Text '6011000000000004' is set on object 'Object Repository/IWP30/Page_CCPaymentEntry/CardNumber'

2024-08-28 22:54:51 - [MESSAGE][PASSED] - Object 'Object Repository/IWP30/Page_CCPaymentEntry/SPC' is present

2024-08-28 22:54:52 - [MESSAGE][PASSED] - Text '358' is set on object 'Object Repository/IWP30/Page_CCPaymentEntry/SPC'

2024-08-28 22:54:53 - [MESSAGE][PASSED] - Object 'Object Repository/IWP30/Page_CCPaymentEntry/Month' is present

2024-08-28 22:54:53 - [MESSAGE][PASSED] - All options with label '02' are selected in object 'Object Repository/IWP30/Page_CCPaymentEntry/Month' 

2024-08-28 22:54:53 - [MESSAGE][PASSED] - Object 'Object Repository/IWP30/Page_CCPaymentEntry/Year' is present

2024-08-28 22:54:54 - [MESSAGE][PASSED] - All options with label '2028' are selected in object 'Object Repository/IWP30/Page_CCPaymentEntry/Year' 

2024-08-28 22:54:54 - [MESSAGE][PASSED] - Object 'Object Repository/IWP30/Page_CCPaymentEntry/ProcessDate' is present

2024-08-28 22:54:55 - [MESSAGE][PASSED] - Object 'Object Repository/IWP30/Page_CCPaymentEntry/AL1' is present

2024-08-28 22:54:55 - [MESSAGE][PASSED] - Text '654 Kali terrace' is set on object 'Object Repository/IWP30/Page_CCPaymentEntry/AL1'

2024-08-28 22:54:56 - [MESSAGE][PASSED] - Object 'Object Repository/IWP30/Page_CCPaymentEntry/AL2' is present

2024-08-28 22:54:56 - [MESSAGE][PASSED] - Text 'Suite 159' is set on object 'Object Repository/IWP30/Page_CCPaymentEntry/AL2'

2024-08-28 22:54:57 - [MESSAGE][PASSED] - Object 'Object Repository/IWP30/Page_CCPaymentEntry/ZIP' is present

2024-08-28 22:54:57 - [MESSAGE][PASSED] - Text '21114' is set on object 'Object Repository/IWP30/Page_CCPaymentEntry/ZIP'

2024-08-28 22:54:58 - [MESSAGE][PASSED] - Object 'Object Repository/IWP30/Page_CCPaymentEntry/EmailAddress' is present

2024-08-28 22:54:58 - [MESSAGE][PASSED] - Text 'koiho@gmail.com' is set on object 'Object Repository/IWP30/Page_CCPaymentEntry/EmailAddress'

2024-08-28 22:54:59 - [MESSAGE][PASSED] - Object 'Object Repository/IWP30/Page_CCPaymentEntry/TermCondCheckBox' is present

2024-08-28 22:54:59 - [MESSAGE][PASSED] - Object 'Object Repository/IWP30/Page_CCPaymentEntry/TermCondCheckBox' is checked

2024-08-28 22:55:00 - [MESSAGE][PASSED] - Object 'Object Repository/IWP30/Page_CCPaymentEntry/ContinueButton' is present

2024-08-28 22:55:01 - [MESSAGE][PASSED] - Object: 'Object Repository/IWP30/Page_CCPaymentEntry/ContinueButton' is clicked on

2024-08-28 22:55:01 - [MESSAGE][PASSED] - iwpPages.ccPaymentEntryPage.setDataCCPM is PASSED

2024-08-28 22:55:01 - [TEST_STEP][PASSED] - Amount = findTestData("IWPTestData/VerifyUINoCFCCTestData").getValue("CCAmount", row): null

2024-08-28 22:55:01 - [TEST_STEP][PASSED] - UDF2 = findTestData("IWPTestData/VerifyUINoCFCCTestData").getValue("CCUDF2", row): null

2024-08-28 22:55:01 - [TEST_STEP][PASSED] - UDF3 = findTestData("IWPTestData/VerifyUINoCFCCTestData").getValue("CCUDF3", row): null

2024-08-28 22:55:01 - [TEST_STEP][PASSED] - UDF7 = findTestData("IWPTestData/VerifyUINoCFCCTestData").getValue("CCUDF7", row): null

2024-08-28 22:55:01 - [TEST_STEP][PASSED] - UDF8 = findTestData("IWPTestData/VerifyUINoCFCCTestData").getValue("CCUDF8", row): null

2024-08-28 22:55:01 - [TEST_STEP][PASSED] - CName = findTestData("IWPTestData/VerifyUINoCFCCTestData").getValue("CCName", row): null

2024-08-28 22:55:01 - [TEST_STEP][PASSED] - CardType = findTestData("IWPTestData/VerifyUINoCFCCTestData").getValue("VerCardType", row): null

2024-08-28 22:55:01 - [TEST_STEP][PASSED] - Last4 = findTestData("IWPTestData/VerifyUINoCFCCTestData").getValue("VerLast4", row): null

2024-08-28 22:55:01 - [TEST_STEP][PASSED] - CExp = findTestData("IWPTestData/VerifyUINoCFCCTestData").getValue("VerExp", row): null

2024-08-28 22:55:01 - [TEST_STEP][PASSED] - AL1 = findTestData("IWPTestData/VerifyUINoCFCCTestData").getValue("CCAL1", row): null

2024-08-28 22:55:01 - [TEST_STEP][PASSED] - AL2 = findTestData("IWPTestData/VerifyUINoCFCCTestData").getValue("CCAL2", row): null

2024-08-28 22:55:01 - [TEST_STEP][PASSED] - City = findTestData("IWPTestData/VerifyUINoCFCCTestData").getValue("VerCity", row): null

2024-08-28 22:55:01 - [TEST_STEP][PASSED] - State = findTestData("IWPTestData/VerifyUINoCFCCTestData").getValue("VerState", row): null

2024-08-28 22:55:01 - [TEST_STEP][PASSED] - CZIP = findTestData("IWPTestData/VerifyUINoCFCCTestData").getValue("CCZIP", row): null

2024-08-28 22:55:01 - [TEST_STEP][PASSED] - Email = findTestData("IWPTestData/VerifyUINoCFCCTestData").getValue("CCEmail", row): null

2024-08-28 22:55:01 - [TEST_STEP][PASSED] - State2 = findTestData("IWPTestData/VerifyUINoCFCCTestData").getValue("VerState2", row): null

2024-08-28 22:55:01 - [TEST_STEP][PASSED] - CName2 = findTestData("IWPTestData/VerifyUINoCFCCTestData").getValue("VerCCName", row): null

2024-08-28 22:55:01 - [TEST_STEP][PASSED] - verifyTextPresent("Please verify the following information", false): Text 'Please verify the following information' is present on page 

2024-08-28 22:55:02 - [MESSAGE][PASSED] - Text 'Please verify the following information' is present on page 

2024-08-28 22:55:02 - [TEST_STEP][PASSED] - verifyTextPresent("CAN Label", false): Text 'CAN Label' is present on page 

2024-08-28 22:55:02 - [MESSAGE][PASSED] - Text 'CAN Label' is present on page 

2024-08-28 22:55:02 - [TEST_STEP][PASSED] - verifyTextPresent("54654701", false): Text '54654701' is present on page 

2024-08-28 22:55:02 - [MESSAGE][PASSED] - Text '54654701' is present on page 

2024-08-28 22:55:02 - [TEST_STEP][PASSED] - verifyTextPresent("Tax Amount", false): Text 'Tax Amount' is present on page 

2024-08-28 22:55:03 - [MESSAGE][PASSED] - Text 'Tax Amount' is present on page 

2024-08-28 22:55:03 - [TEST_STEP][PASSED] - verifyTextPresent("$0.00", false): Text '$0.00' is present on page 

2024-08-28 22:55:03 - [MESSAGE][PASSED] - Text '$0.00' is present on page 

2024-08-28 22:55:03 - [TEST_STEP][PASSED] - verifyTextPresent("Amount", false): Text 'Amount' is present on page 

2024-08-28 22:55:03 - [MESSAGE][PASSED] - Text 'Amount' is present on page 

2024-08-28 22:55:03 - [TEST_STEP][PASSED] - verifyTextPresent(Amount, false): Text '99.50' is present on page 

2024-08-28 22:55:04 - [MESSAGE][PASSED] - Text '99.50' is present on page 

2024-08-28 22:55:04 - [TEST_STEP][PASSED] - verifyTextPresent("UDF2 Label", false): Text 'UDF2 Label' is present on page 

2024-08-28 22:55:04 - [MESSAGE][PASSED] - Text 'UDF2 Label' is present on page 

2024-08-28 22:55:04 - [TEST_STEP][PASSED] - verifyTextPresent(UDF2, false): Text 'Newton' is present on page 

2024-08-28 22:55:04 - [MESSAGE][PASSED] - Text 'Newton' is present on page 

2024-08-28 22:55:04 - [TEST_STEP][PASSED] - verifyTextPresent("UDF3 Label", false): Text 'UDF3 Label' is present on page 

2024-08-28 22:55:04 - [MESSAGE][PASSED] - Text 'UDF3 Label' is present on page 

2024-08-28 22:55:04 - [TEST_STEP][PASSED] - verifyTextPresent(UDF3, false): Text 'Stree' is present on page 

2024-08-28 22:55:05 - [MESSAGE][PASSED] - Text 'Stree' is present on page 

2024-08-28 22:55:05 - [TEST_STEP][PASSED] - verifyTextPresent("UDF4 Label", false): Text 'UDF4 Label' is present on page 

2024-08-28 22:55:05 - [MESSAGE][PASSED] - Text 'UDF4 Label' is present on page 

2024-08-28 22:55:05 - [TEST_STEP][PASSED] - verifyTextPresent("data 4", false): Text 'data 4' is present on page 

2024-08-28 22:55:05 - [MESSAGE][PASSED] - Text 'data 4' is present on page 

2024-08-28 22:55:05 - [TEST_STEP][PASSED] - verifyTextPresent("UDF6 Label", false): Text 'UDF6 Label' is present on page 

2024-08-28 22:55:06 - [MESSAGE][PASSED] - Text 'UDF6 Label' is present on page 

2024-08-28 22:55:06 - [TEST_STEP][PASSED] - verifyTextPresent("data 6", false): Text 'data 6' is present on page 

2024-08-28 22:55:06 - [MESSAGE][PASSED] - Text 'data 6' is present on page 

2024-08-28 22:55:06 - [TEST_STEP][PASSED] - verifyTextPresent("UDF7 Label", false): Text 'UDF7 Label' is present on page 

2024-08-28 22:55:06 - [MESSAGE][PASSED] - Text 'UDF7 Label' is present on page 

2024-08-28 22:55:06 - [TEST_STEP][PASSED] - verifyTextPresent(UDF7, false): Text 'Purple' is present on page 

2024-08-28 22:55:06 - [MESSAGE][PASSED] - Text 'Purple' is present on page 

2024-08-28 22:55:06 - [TEST_STEP][PASSED] - verifyTextPresent("UDF8 Label", false): Text 'UDF8 Label' is present on page 

2024-08-28 22:55:07 - [MESSAGE][PASSED] - Text 'UDF8 Label' is present on page 

2024-08-28 22:55:07 - [TEST_STEP][PASSED] - verifyTextPresent(UDF8, false): Text 'Soccer' is present on page 

2024-08-28 22:55:07 - [MESSAGE][PASSED] - Text 'Soccer' is present on page 

2024-08-28 22:55:07 - [TEST_STEP][PASSED] - verifyTextPresent("UDF9 Label", false): Text 'UDF9 Label' is present on page 

2024-08-28 22:55:07 - [MESSAGE][PASSED] - Text 'UDF9 Label' is present on page 

2024-08-28 22:55:07 - [TEST_STEP][PASSED] - verifyTextPresent("data 9", false): Text 'data 9' is present on page 

2024-08-28 22:55:08 - [MESSAGE][PASSED] - Text 'data 9' is present on page 

2024-08-28 22:55:08 - [TEST_STEP][PASSED] - verifyTextPresent("Card Information", false): Text 'Card Information' is present on page 

2024-08-28 22:55:08 - [MESSAGE][PASSED] - Text 'Card Information' is present on page 

2024-08-28 22:55:08 - [TEST_STEP][PASSED] - verifyTextPresent("Cardholder's Name", false): Text 'Cardholder's Name' is present on page 

2024-08-28 22:55:08 - [MESSAGE][PASSED] - Text 'Cardholder's Name' is present on page 

2024-08-28 22:55:08 - [TEST_STEP][PASSED] - verifyTextPresent(CName, false): Text 'Raj Kumar Rao' is present on page 

2024-08-28 22:55:08 - [MESSAGE][PASSED] - Text 'Raj Kumar Rao' is present on page 

2024-08-28 22:55:08 - [TEST_STEP][PASSED] - verifyTextPresent("Card Type", false): Text 'Card Type' is present on page 

2024-08-28 22:55:09 - [MESSAGE][PASSED] - Text 'Card Type' is present on page 

2024-08-28 22:55:09 - [TEST_STEP][PASSED] - verifyTextPresent(CardType, false): Text 'Discover' is present on page 

2024-08-28 22:55:09 - [MESSAGE][PASSED] - Text 'Discover' is present on page 

2024-08-28 22:55:09 - [TEST_STEP][PASSED] - verifyTextPresent("Card Number", false): Text 'Card Number' is present on page 

2024-08-28 22:55:09 - [MESSAGE][PASSED] - Text 'Card Number' is present on page 

2024-08-28 22:55:09 - [TEST_STEP][PASSED] - verifyTextPresent(Last4, false): Text '0004' is present on page 

2024-08-28 22:55:10 - [MESSAGE][PASSED] - Text '0004' is present on page 

2024-08-28 22:55:10 - [TEST_STEP][PASSED] - verifyTextPresent("Card Security Code", false): Text 'Card Security Code' is present on page 

2024-08-28 22:55:10 - [MESSAGE][PASSED] - Text 'Card Security Code' is present on page 

2024-08-28 22:55:10 - [TEST_STEP][PASSED] - verifyTextPresent("Expiration Date", false): Text 'Expiration Date' is present on page 

2024-08-28 22:55:10 - [MESSAGE][PASSED] - Text 'Expiration Date' is present on page 

2024-08-28 22:55:10 - [TEST_STEP][PASSED] - verifyTextPresent(CExp, false): Text '2/2028' is present on page 

2024-08-28 22:55:10 - [MESSAGE][PASSED] - Text '2/2028' is present on page 

2024-08-28 22:55:10 - [TEST_STEP][PASSED] - verifyTextPresent("Payment Date", false): Text 'Payment Date' is present on page 

2024-08-28 22:55:11 - [MESSAGE][PASSED] - Text 'Payment Date' is present on page 

2024-08-28 22:55:11 - [TEST_STEP][PASSED] - verifyTextPresent("Billing Information", false): Text 'Billing Information' is present on page 

2024-08-28 22:55:11 - [MESSAGE][PASSED] - Text 'Billing Information' is present on page 

2024-08-28 22:55:11 - [TEST_STEP][PASSED] - verifyTextPresent("Address Line 1", false): Text 'Address Line 1' is present on page 

2024-08-28 22:55:11 - [MESSAGE][PASSED] - Text 'Address Line 1' is present on page 

2024-08-28 22:55:11 - [TEST_STEP][PASSED] - verifyTextPresent(AL1, false): Text '654 Kali terrace' is present on page 

2024-08-28 22:55:11 - [MESSAGE][PASSED] - Text '654 Kali terrace' is present on page 

2024-08-28 22:55:11 - [TEST_STEP][PASSED] - verifyTextPresent("Address Line 2", false): Text 'Address Line 2' is present on page 

2024-08-28 22:55:12 - [MESSAGE][PASSED] - Text 'Address Line 2' is present on page 

2024-08-28 22:55:12 - [TEST_STEP][PASSED] - verifyTextPresent(AL2, false): Text 'Suite 159' is present on page 

2024-08-28 22:55:12 - [MESSAGE][PASSED] - Text 'Suite 159' is present on page 

2024-08-28 22:55:12 - [TEST_STEP][PASSED] - verifyTextPresent("Country", false): Text 'Country' is present on page 

2024-08-28 22:55:12 - [MESSAGE][PASSED] - Text 'Country' is present on page 

2024-08-28 22:55:12 - [TEST_STEP][PASSED] - verifyTextPresent("United States", false): Text 'United States' is present on page 

2024-08-28 22:55:13 - [MESSAGE][PASSED] - Text 'United States' is present on page 

2024-08-28 22:55:13 - [TEST_STEP][PASSED] - verifyTextPresent("City", false): Text 'City' is present on page 

2024-08-28 22:55:13 - [MESSAGE][PASSED] - Text 'City' is present on page 

2024-08-28 22:55:13 - [TEST_STEP][PASSED] - verifyTextPresent(City, false): Text 'CROFTON' is present on page 

2024-08-28 22:55:13 - [MESSAGE][PASSED] - Text 'CROFTON' is present on page 

2024-08-28 22:55:13 - [TEST_STEP][PASSED] - verifyTextPresent("State", false): Text 'State' is present on page 

2024-08-28 22:55:14 - [MESSAGE][PASSED] - Text 'State' is present on page 

2024-08-28 22:55:14 - [TEST_STEP][PASSED] - verifyTextPresent(State, false): Text 'Maryland' is present on page 

2024-08-28 22:55:14 - [MESSAGE][PASSED] - Text 'Maryland' is present on page 

2024-08-28 22:55:14 - [TEST_STEP][PASSED] - verifyTextPresent("ZIP Code", false): Text 'ZIP Code' is present on page 

2024-08-28 22:55:14 - [MESSAGE][PASSED] - Text 'ZIP Code' is present on page 

2024-08-28 22:55:14 - [TEST_STEP][PASSED] - verifyTextPresent(CZIP, false): Text '21114' is present on page 

2024-08-28 22:55:14 - [MESSAGE][PASSED] - Text '21114' is present on page 

2024-08-28 22:55:14 - [TEST_STEP][PASSED] - verifyTextPresent("Email Address", false): Text 'Email Address' is present on page 

2024-08-28 22:55:15 - [MESSAGE][PASSED] - Text 'Email Address' is present on page 

2024-08-28 22:55:15 - [TEST_STEP][PASSED] - verifyTextPresent(Email, false): Text 'koiho@gmail.com' is present on page 

2024-08-28 22:55:15 - [MESSAGE][PASSED] - Text 'koiho@gmail.com' is present on page 

2024-08-28 22:55:15 - [TEST_STEP][PASSED] - verifyTextPresent("Is this information correct", false): Text 'Is this information correct' is present on page 

2024-08-28 22:55:15 - [MESSAGE][PASSED] - Text 'Is this information correct' is present on page 

2024-08-28 22:55:15 - [TEST_STEP][PASSED] - verifyTextPresent("These are CC Custom HTML", false): Text 'These are CC Custom HTML' is present on page 

2024-08-28 22:55:16 - [MESSAGE][PASSED] - Text 'These are CC Custom HTML' is present on page 

2024-08-28 22:55:16 - [TEST_STEP][PASSED] - verifyElementPresent(findTestObject("Object Repository/IWP30/Page_Confirmation/ChangePaymentMethodButton"), 30): Object 'Object Repository/IWP30/Page_Confirmation/ChangePaymentMethodButton' is present

2024-08-28 22:55:16 - [MESSAGE][PASSED] - Object 'Object Repository/IWP30/Page_Confirmation/ChangePaymentMethodButton' is present

2024-08-28 22:55:16 - [TEST_STEP][PASSED] - verifyElementPresent(findTestObject("Object Repository/IWP30/Page_Confirmation/ConfirmButton"), 30): Object 'Object Repository/IWP30/Page_Confirmation/ConfirmButton' is present

2024-08-28 22:55:16 - [MESSAGE][PASSED] - Object 'Object Repository/IWP30/Page_Confirmation/ConfirmButton' is present

2024-08-28 22:55:16 - [TEST_STEP][PASSED] - verifyElementPresent(findTestObject("Object Repository/IWP30/Page_Confirmation/ExitButton"), 30): Object 'Object Repository/IWP30/Page_Confirmation/ExitButton' is present

2024-08-28 22:55:17 - [MESSAGE][PASSED] - Object 'Object Repository/IWP30/Page_Confirmation/ExitButton' is present

2024-08-28 22:55:17 - [TEST_STEP][PASSED] - verifyElementPresent(findTestObject("Object Repository/IWP30/Page_Confirmation/ModifyButton"), 30): Object 'Object Repository/IWP30/Page_Confirmation/ModifyButton' is present

2024-08-28 22:55:17 - [MESSAGE][PASSED] - Object 'Object Repository/IWP30/Page_Confirmation/ModifyButton' is present

2024-08-28 22:55:17 - [TEST_STEP][PASSED] - click(findTestObject("Object Repository/IWP30/Page_Confirmation/ConfirmButton")): Object: 'Object Repository/IWP30/Page_Confirmation/ConfirmButton' is clicked on

2024-08-28 22:55:18 - [MESSAGE][PASSED] - Object: 'Object Repository/IWP30/Page_Confirmation/ConfirmButton' is clicked on

2024-08-28 22:55:18 - [TEST_STEP][PASSED] - Thread.sleep(10000): null

2024-08-28 22:55:28 - [TEST_STEP][PASSED] - verifyTextPresent("Successful Payment Receipt", false): Text 'Successful Payment Receipt' is present on page 

2024-08-28 22:55:28 - [MESSAGE][PASSED] - Text 'Successful Payment Receipt' is present on page 

2024-08-28 22:55:28 - [TEST_STEP][PASSED] - verifyTextPresent("Please print this receipt for your records", false): Text 'Please print this receipt for your records' is present on page 

2024-08-28 22:55:28 - [MESSAGE][PASSED] - Text 'Please print this receipt for your records' is present on page 

2024-08-28 22:55:28 - [TEST_STEP][PASSED] - verifyTextPresent("Remittance ID", false): Text 'Remittance ID' is present on page 

2024-08-28 22:55:29 - [MESSAGE][PASSED] - Text 'Remittance ID' is present on page 

2024-08-28 22:55:29 - [TEST_STEP][PASSED] - verifyTextPresent("CAN Label", false): Text 'CAN Label' is present on page 

2024-08-28 22:55:29 - [MESSAGE][PASSED] - Text 'CAN Label' is present on page 

2024-08-28 22:55:29 - [TEST_STEP][PASSED] - verifyTextPresent("54654701", false): Text '54654701' is present on page 

2024-08-28 22:55:29 - [MESSAGE][PASSED] - Text '54654701' is present on page 

2024-08-28 22:55:29 - [TEST_STEP][PASSED] - verifyTextPresent("Received", false): Text 'Received' is present on page 

2024-08-28 22:55:29 - [MESSAGE][PASSED] - Text 'Received' is present on page 

2024-08-28 22:55:29 - [TEST_STEP][PASSED] - verifyTextPresent("UDF1 Label", false): Text 'UDF1 Label' is present on page 

2024-08-28 22:55:30 - [MESSAGE][PASSED] - Text 'UDF1 Label' is present on page 

2024-08-28 22:55:30 - [TEST_STEP][PASSED] - verifyTextPresent("UDF2 Label", false): Text 'UDF2 Label' is present on page 

2024-08-28 22:55:30 - [MESSAGE][PASSED] - Text 'UDF2 Label' is present on page 

2024-08-28 22:55:30 - [TEST_STEP][PASSED] - verifyTextPresent(UDF2, false): Text 'Newton' is present on page 

2024-08-28 22:55:30 - [MESSAGE][PASSED] - Text 'Newton' is present on page 

2024-08-28 22:55:30 - [TEST_STEP][PASSED] - verifyTextPresent("UDF3 Label", false): Text 'UDF3 Label' is present on page 

2024-08-28 22:55:31 - [MESSAGE][PASSED] - Text 'UDF3 Label' is present on page 

2024-08-28 22:55:31 - [TEST_STEP][PASSED] - verifyTextPresent(UDF3, false): Text 'Stree' is present on page 

2024-08-28 22:55:31 - [MESSAGE][PASSED] - Text 'Stree' is present on page 

2024-08-28 22:55:31 - [TEST_STEP][PASSED] - verifyTextPresent("UDF4 Label", false): Text 'UDF4 Label' is present on page 

2024-08-28 22:55:31 - [MESSAGE][PASSED] - Text 'UDF4 Label' is present on page 

2024-08-28 22:55:31 - [TEST_STEP][PASSED] - verifyTextPresent("data 4", false): Text 'data 4' is present on page 

2024-08-28 22:55:31 - [MESSAGE][PASSED] - Text 'data 4' is present on page 

2024-08-28 22:55:31 - [TEST_STEP][PASSED] - verifyTextPresent("UDF6 Label", false): Text 'UDF6 Label' is present on page 

2024-08-28 22:55:32 - [MESSAGE][PASSED] - Text 'UDF6 Label' is present on page 

2024-08-28 22:55:32 - [TEST_STEP][PASSED] - verifyTextPresent("data 6", false): Text 'data 6' is present on page 

2024-08-28 22:55:32 - [MESSAGE][PASSED] - Text 'data 6' is present on page 

2024-08-28 22:55:32 - [TEST_STEP][PASSED] - verifyTextPresent("UDF7 Label", false): Text 'UDF7 Label' is present on page 

2024-08-28 22:55:32 - [MESSAGE][PASSED] - Text 'UDF7 Label' is present on page 

2024-08-28 22:55:32 - [TEST_STEP][PASSED] - verifyTextPresent(UDF7, false): Text 'Purple' is present on page 

2024-08-28 22:55:33 - [MESSAGE][PASSED] - Text 'Purple' is present on page 

2024-08-28 22:55:33 - [TEST_STEP][PASSED] - verifyTextPresent("UDF8 Label", false): Text 'UDF8 Label' is present on page 

2024-08-28 22:55:33 - [MESSAGE][PASSED] - Text 'UDF8 Label' is present on page 

2024-08-28 22:55:33 - [TEST_STEP][PASSED] - verifyTextPresent(UDF8, false): Text 'Soccer' is present on page 

2024-08-28 22:55:33 - [MESSAGE][PASSED] - Text 'Soccer' is present on page 

2024-08-28 22:55:33 - [TEST_STEP][PASSED] - verifyTextPresent("UDF9 Label", false): Text 'UDF9 Label' is present on page 

2024-08-28 22:55:33 - [MESSAGE][PASSED] - Text 'UDF9 Label' is present on page 

2024-08-28 22:55:33 - [TEST_STEP][PASSED] - verifyTextPresent("data 9", false): Text 'data 9' is present on page 

2024-08-28 22:55:34 - [MESSAGE][PASSED] - Text 'data 9' is present on page 

2024-08-28 22:55:34 - [TEST_STEP][PASSED] - verifyTextPresent("Tax Amount", false): Text 'Tax Amount' is present on page 

2024-08-28 22:55:34 - [MESSAGE][PASSED] - Text 'Tax Amount' is present on page 

2024-08-28 22:55:34 - [TEST_STEP][PASSED] - verifyTextPresent("$0.00", false): Text '$0.00' is present on page 

2024-08-28 22:55:34 - [MESSAGE][PASSED] - Text '$0.00' is present on page 

2024-08-28 22:55:34 - [TEST_STEP][PASSED] - verifyTextPresent("Amount", false): Text 'Amount' is present on page 

2024-08-28 22:55:35 - [MESSAGE][PASSED] - Text 'Amount' is present on page 

2024-08-28 22:55:35 - [TEST_STEP][PASSED] - verifyTextPresent(Amount, false): Text '99.50' is present on page 

2024-08-28 22:55:35 - [MESSAGE][PASSED] - Text '99.50' is present on page 

2024-08-28 22:55:35 - [TEST_STEP][PASSED] - verifyTextPresent("Transaction Type", false): Text 'Transaction Type' is present on page 

2024-08-28 22:55:35 - [MESSAGE][PASSED] - Text 'Transaction Type' is present on page 

2024-08-28 22:55:35 - [TEST_STEP][PASSED] - verifyTextPresent("Authorization and Capture", false): Text 'Authorization and Capture' is present on page 

2024-08-28 22:55:35 - [MESSAGE][PASSED] - Text 'Authorization and Capture' is present on page 

2024-08-28 22:55:35 - [TEST_STEP][PASSED] - verifyTextPresent("Card Information", false): Text 'Card Information' is present on page 

2024-08-28 22:55:36 - [MESSAGE][PASSED] - Text 'Card Information' is present on page 

2024-08-28 22:55:36 - [TEST_STEP][PASSED] - verifyTextPresent(CardType, false): Text 'Discover' is present on page 

2024-08-28 22:55:36 - [MESSAGE][PASSED] - Text 'Discover' is present on page 

2024-08-28 22:55:36 - [TEST_STEP][PASSED] - verifyTextPresent(CName2, false): Text 'RAJ KUMAR RAO' is present on page 

2024-08-28 22:55:36 - [MESSAGE][PASSED] - Text 'RAJ KUMAR RAO' is present on page 

2024-08-28 22:55:36 - [TEST_STEP][PASSED] - verifyTextPresent(Last4, false): Text '0004' is present on page 

2024-08-28 22:55:36 - [MESSAGE][PASSED] - Text '0004' is present on page 

2024-08-28 22:55:36 - [TEST_STEP][PASSED] - verifyTextPresent("Billing Information", false): Text 'Billing Information' is present on page 

2024-08-28 22:55:37 - [MESSAGE][PASSED] - Text 'Billing Information' is present on page 

2024-08-28 22:55:37 - [TEST_STEP][PASSED] - verifyTextPresent("Address Line 1", false): Text 'Address Line 1' is present on page 

2024-08-28 22:55:37 - [MESSAGE][PASSED] - Text 'Address Line 1' is present on page 

2024-08-28 22:55:37 - [TEST_STEP][PASSED] - verifyTextPresent(AL1, false): Text '654 Kali terrace' is present on page 

2024-08-28 22:55:37 - [MESSAGE][PASSED] - Text '654 Kali terrace' is present on page 

2024-08-28 22:55:37 - [TEST_STEP][PASSED] - verifyTextPresent("Address Line 2", false): Text 'Address Line 2' is present on page 

2024-08-28 22:55:38 - [MESSAGE][PASSED] - Text 'Address Line 2' is present on page 

2024-08-28 22:55:38 - [TEST_STEP][PASSED] - verifyTextPresent(AL2, false): Text 'Suite 159' is present on page 

2024-08-28 22:55:38 - [MESSAGE][PASSED] - Text 'Suite 159' is present on page 

2024-08-28 22:55:38 - [TEST_STEP][PASSED] - verifyTextPresent("Country", false): Text 'Country' is present on page 

2024-08-28 22:55:38 - [MESSAGE][PASSED] - Text 'Country' is present on page 

2024-08-28 22:55:38 - [TEST_STEP][PASSED] - verifyTextPresent("United States", false): Text 'United States' is present on page 

2024-08-28 22:55:38 - [MESSAGE][PASSED] - Text 'United States' is present on page 

2024-08-28 22:55:38 - [TEST_STEP][PASSED] - verifyTextPresent("City", false): Text 'City' is present on page 

2024-08-28 22:55:39 - [MESSAGE][PASSED] - Text 'City' is present on page 

2024-08-28 22:55:39 - [TEST_STEP][PASSED] - verifyTextPresent(City, false): Text 'CROFTON' is present on page 

2024-08-28 22:55:39 - [MESSAGE][PASSED] - Text 'CROFTON' is present on page 

2024-08-28 22:55:39 - [TEST_STEP][PASSED] - verifyTextPresent("State", false): Text 'State' is present on page 

2024-08-28 22:55:39 - [MESSAGE][PASSED] - Text 'State' is present on page 

2024-08-28 22:55:39 - [TEST_STEP][PASSED] - verifyTextPresent(State2, false): Text 'MD' is present on page 

2024-08-28 22:55:40 - [MESSAGE][PASSED] - Text 'MD' is present on page 

2024-08-28 22:55:40 - [TEST_STEP][PASSED] - verifyTextPresent("ZIP Code", false): Text 'ZIP Code' is present on page 

2024-08-28 22:55:40 - [MESSAGE][PASSED] - Text 'ZIP Code' is present on page 

2024-08-28 22:55:40 - [TEST_STEP][PASSED] - verifyTextPresent(CZIP, false): Text '21114' is present on page 

2024-08-28 22:55:40 - [MESSAGE][PASSED] - Text '21114' is present on page 

2024-08-28 22:55:40 - [TEST_STEP][PASSED] - verifyElementPresent(findTestObject("Object Repository/IWP30/Page_Receipt/ExitButton"), 30): Object 'Object Repository/IWP30/Page_Receipt/ExitButton' is present

2024-08-28 22:55:40 - [MESSAGE][PASSED] - Object 'Object Repository/IWP30/Page_Receipt/ExitButton' is present

2024-08-28 22:55:40 - [TEST_STEP][PASSED] - closeBrowser(): Browser is closed

2024-08-28 22:55:42 - [MESSAGE][PASSED] - Browser is closed]]></system-out>
         <system-err><![CDATA[]]></system-err>
      </testcase>
      <testcase name="Test Cases/IntegratedWeb/IWP30/Errors/Error-OverAndUnderPay" time="93.934" classname="Test Cases/IntegratedWeb/IWP30/Errors/Error-OverAndUnderPay" status="PASSED">
         <system-out><![CDATA[2024-08-28 22:55:42 - [TEST_CASE][PASSED] - Test Cases/IntegratedWeb/IWP30/Errors/Error-OverAndUnderPay: Test Cases/IntegratedWeb/IWP30/Errors/Error-OverAndUnderPay

2024-08-28 22:55:42 - [TEST_STEP][PASSED] - resText = "Fail": null

2024-08-28 22:55:42 - [TEST_STEP][PASSED] - resColumn = "Result": null

2024-08-28 22:55:42 - [TEST_STEP][PASSED] - datCloumn = "Date": null

2024-08-28 22:55:42 - [TEST_STEP][PASSED] - fileLoc = "KatalonData/IWPTestData/VRelay30PayNowCC.xlsx": null

2024-08-28 22:55:42 - [TEST_STEP][PASSED] - numOfRows = <not implemented yet for class: org.codehaus.groovy.ast.expr.EmptyExpression>: null

2024-08-28 22:55:42 - [TEST_STEP][PASSED] - dataFile = <not implemented yet for class: org.codehaus.groovy.ast.expr.EmptyExpression>: null

2024-08-28 22:55:42 - [TEST_STEP][PASSED] - nameSheet = <not implemented yet for class: org.codehaus.groovy.ast.expr.EmptyExpression>: null

2024-08-28 22:55:42 - [TEST_STEP][PASSED] - dataFileEmulator = <not implemented yet for class: org.codehaus.groovy.ast.expr.EmptyExpression>: null

2024-08-28 22:55:42 - [TEST_STEP][PASSED] - nameSheet = "OverUnderPay": null

2024-08-28 22:55:42 - [TEST_STEP][PASSED] - dataFile = "IWPTestData/OverAndUnderPay": null

2024-08-28 22:55:42 - [TEST_STEP][PASSED] - dataFileEmulator = "IWPTestData/EmulatorData": null

2024-08-28 22:55:42 - [TEST_STEP][PASSED] - numOfRows = findTestData(dataFile).getRowNumbers(): null

2024-08-28 22:55:42 - [TEST_STEP][PASSED] - println("Number of Records: " + numOfRows): null

2024-08-28 22:55:42 - [TEST_STEP][PASSED] - for ([row = 1, row <= numOfRows, (row++)]): null

2024-08-28 22:55:42 - [TEST_STEP][PASSED] - ExecuteTC = findTestData(dataFile).getValue("Execute", row): null

2024-08-28 22:55:42 - [TEST_STEP][PASSED] - out.println("Value of Execute is : " + ExecuteTC): null

2024-08-28 22:55:42 - [TEST_STEP][PASSED] - if (ExecuteTC.equalsIgnoreCase("Y")): null

2024-08-28 22:55:42 - [TEST_STEP][PASSED] - out.println("Begin Record Number: " + row): null

2024-08-28 22:55:42 - [TEST_STEP][PASSED] - today = new java.util.Date(): null

2024-08-28 22:55:42 - [TEST_STEP][PASSED] - println(today): null

2024-08-28 22:55:42 - [TEST_STEP][PASSED] - datText = today: null

2024-08-28 22:55:42 - [TEST_STEP][PASSED] - EmulatorDataKey = findTestData(dataFile).getValue("EmulatorData", row): null

2024-08-28 22:55:42 - [TEST_STEP][PASSED] - out.println("Value of Emulator Key is : " + EmulatorDataKey): null

2024-08-28 22:55:42 - [TEST_STEP][PASSED] - iwpPages.emulatorIWP30.setDataEmulator_DD(EmulatorDataKey): iwpPages.emulatorIWP30.setDataEmulator_DD is PASSED

2024-08-28 22:55:43 - [MESSAGE][INFO] - Starting 'Chrome' driver

2024-08-28 22:55:43 - [MESSAGE][INFO] - User set preference: ['acceptInsecureCerts', 'true']

2024-08-28 22:55:43 - [MESSAGE][INFO] - Action delay is set to 0 milliseconds

2024-08-28 22:55:45 - [MESSAGE][PASSED] - Browser is opened with url: 'https://qa2.velocitypayment.com/agency/config.do?action=editor&message_version=3_0'

2024-08-28 22:55:45 - [MESSAGE][PASSED] - Current window maximized

2024-08-28 22:55:46 - [MESSAGE][PASSED] - All options with value '3.0' are selected in object 'Object Repository/IWP30/Page_VRelay30Emulator/MV'  using regular expression

2024-08-28 22:55:47 - [MESSAGE][PASSED] - Text '10.50' is set on object 'Object Repository/IWP30/Page_VRelay30Emulator/Amount'

2024-08-28 22:55:48 - [MESSAGE][PASSED] - Text '26412167' is set on object 'Object Repository/IWP30/Page_VRelay30Emulator/CAN'

2024-08-28 22:55:48 - [MESSAGE][PASSED] - Text 'PayNow' is set on object 'Object Repository/IWP30/Page_VRelay30Emulator/Action'

2024-08-28 22:55:49 - [MESSAGE][PASSED] - Text 'en_US' is set on object 'Object Repository/IWP30/Page_VRelay30Emulator/Lang'

2024-08-28 22:55:50 - [MESSAGE][PASSED] - Text 'Elizath' is set on object 'Object Repository/IWP30/Page_VRelay30Emulator/Fname'

2024-08-28 22:55:50 - [MESSAGE][PASSED] - Text 'Christine' is set on object 'Object Repository/IWP30/Page_VRelay30Emulator/Lname'

2024-08-28 22:55:51 - [MESSAGE][PASSED] - Text '258 Underwood rd' is set on object 'Object Repository/IWP30/Page_VRelay30Emulator/AL1'

2024-08-28 22:55:52 - [MESSAGE][PASSED] - Text 'Suite 600' is set on object 'Object Repository/IWP30/Page_VRelay30Emulator/AL2'

2024-08-28 22:55:52 - [MESSAGE][PASSED] - Text '840' is set on object 'Object Repository/IWP30/Page_VRelay30Emulator/Country'

2024-08-28 22:55:53 - [MESSAGE][PASSED] - Text 'Arlington' is set on object 'Object Repository/IWP30/Page_VRelay30Emulator/City'

2024-08-28 22:55:54 - [MESSAGE][PASSED] - Text 'VA' is set on object 'Object Repository/IWP30/Page_VRelay30Emulator/State'

2024-08-28 22:55:54 - [MESSAGE][PASSED] - Text '22201' is set on object 'Object Repository/IWP30/Page_VRelay30Emulator/ZIP'

2024-08-28 22:55:55 - [MESSAGE][PASSED] - Text '' is set on object 'Object Repository/IWP30/Page_VRelay30Emulator/Order'

2024-08-28 22:55:56 - [MESSAGE][PASSED] - Text '' is set on object 'Object Repository/IWP30/Page_VRelay30Emulator/Company'

2024-08-28 22:55:56 - [MESSAGE][PASSED] - Text 'iahmed@govolution.com' is set on object 'Object Repository/IWP30/Page_VRelay30Emulator/Email'

2024-08-28 22:55:57 - [MESSAGE][PASSED] - Text 'udf data 1' is set on object 'Object Repository/IWP30/Page_VRelay30Emulator/UDF1'

2024-08-28 22:55:58 - [MESSAGE][PASSED] - Text 'udf data 2' is set on object 'Object Repository/IWP30/Page_VRelay30Emulator/UDF2'

2024-08-28 22:55:58 - [MESSAGE][PASSED] - Text 'udf data 3' is set on object 'Object Repository/IWP30/Page_VRelay30Emulator/UDF3'

2024-08-28 22:55:59 - [MESSAGE][PASSED] - Text 'udf data 4' is set on object 'Object Repository/IWP30/Page_VRelay30Emulator/UDF4'

2024-08-28 22:56:00 - [MESSAGE][PASSED] - Text 'udf data 5' is set on object 'Object Repository/IWP30/Page_VRelay30Emulator/UDF5'

2024-08-28 22:56:00 - [MESSAGE][PASSED] - Text 'udf data 6' is set on object 'Object Repository/IWP30/Page_VRelay30Emulator/UDF6'

2024-08-28 22:56:01 - [MESSAGE][PASSED] - Text 'Orange' is set on object 'Object Repository/IWP30/Page_VRelay30Emulator/UDF7'

2024-08-28 22:56:02 - [MESSAGE][PASSED] - Text 'Soccer' is set on object 'Object Repository/IWP30/Page_VRelay30Emulator/UDF8'

2024-08-28 22:56:02 - [MESSAGE][PASSED] - Text 'udf data 9' is set on object 'Object Repository/IWP30/Page_VRelay30Emulator/UDF9'

2024-08-28 22:56:03 - [MESSAGE][PASSED] - Text 'udf data 10' is set on object 'Object Repository/IWP30/Page_VRelay30Emulator/UDF10'

2024-08-28 22:56:04 - [MESSAGE][PASSED] - Object: 'Object Repository/IWP30/Page_VRelay30Emulator/Submit' is clicked on

2024-08-28 22:56:09 - [MESSAGE][PASSED] - Browser is closed

2024-08-28 22:56:13 - [MESSAGE][PASSED] - iwpPages.emulatorIWP30.setDataEmulator_DD is PASSED

2024-08-28 22:56:13 - [TEST_STEP][PASSED] - testHarnessURL = urlTestHarness: null

2024-08-28 22:56:13 - [TEST_STEP][PASSED] - openBrowser(testHarnessURL): Browser is opened with url: 'https://dev-algorithm.govolution.com/vrelaytest/QA2/version_2_2/vrelaytest.html'

2024-08-28 22:56:13 - [MESSAGE][INFO] - Starting 'Chrome' driver

2024-08-28 22:56:13 - [MESSAGE][INFO] - User set preference: ['acceptInsecureCerts', 'true']

2024-08-28 22:56:13 - [MESSAGE][INFO] - Action delay is set to 0 milliseconds

2024-08-28 22:56:15 - [MESSAGE][PASSED] - Browser is opened with url: 'https://dev-algorithm.govolution.com/vrelaytest/QA2/version_2_2/vrelaytest.html'

2024-08-28 22:56:15 - [TEST_STEP][PASSED] - maximizeWindow(): Current window maximized

2024-08-28 22:56:15 - [MESSAGE][PASSED] - Current window maximized

2024-08-28 22:56:15 - [TEST_STEP][PASSED] - iwpPages.TestHarnessPage.setDataMethod(row, dataFile): iwpPages.TestHarnessPage.setDataMethod is PASSED

2024-08-28 22:56:16 - [MESSAGE][PASSED] - Object 'Object Repository/IWP30/Page_QATestHarness/RemittanceID' is present

2024-08-28 22:56:17 - [MESSAGE][PASSED] - Text '649' is set on object 'Object Repository/IWP30/Page_QATestHarness/ApplicationID'

2024-08-28 22:56:17 - [MESSAGE][PASSED] - Text '3.0' is set on object 'Object Repository/IWP30/Page_QATestHarness/MessageVersion'

2024-08-28 22:56:18 - [MESSAGE][PASSED] - Text '15yz2w7PvOmk' is set on object 'Object Repository/IWP30/Page_QATestHarness/RemittanceID'

2024-08-28 22:56:19 - [MESSAGE][PASSED] - Object: 'Object Repository/IWP30/Page_QATestHarness/SubmitButton' is clicked on

2024-08-28 22:56:19 - [MESSAGE][PASSED] - iwpPages.TestHarnessPage.setDataMethod is PASSED

2024-08-28 22:56:19 - [TEST_STEP][PASSED] - check(findTestObject("Object Repository/IWP30/Page_SelectPaymentMethod/PayByCreditCard")): Object 'Object Repository/IWP30/Page_SelectPaymentMethod/PayByCreditCard' is checked

2024-08-28 22:56:20 - [MESSAGE][PASSED] - Object 'Object Repository/IWP30/Page_SelectPaymentMethod/PayByCreditCard' is checked

2024-08-28 22:56:20 - [TEST_STEP][PASSED] - click(findTestObject("Object Repository/IWP30/Page_SelectPaymentMethod/MakePaymentButton")): Object: 'Object Repository/IWP30/Page_SelectPaymentMethod/MakePaymentButton' is clicked on

2024-08-28 22:56:21 - [MESSAGE][PASSED] - Object: 'Object Repository/IWP30/Page_SelectPaymentMethod/MakePaymentButton' is clicked on

2024-08-28 22:56:21 - [TEST_STEP][PASSED] - iwpPages.ccPaymentEntryPage.setDataIWPCreditCard(row, dataFile): iwpPages.ccPaymentEntryPage.setDataIWPCreditCard is PASSED

2024-08-28 22:56:22 - [MESSAGE][PASSED] - Object 'Object Repository/IWP30/Page_CCPaymentEntry/Name' is present

2024-08-28 22:56:23 - [MESSAGE][PASSED] - Text '2001.50' is set on object 'Object Repository/IWP30/Page_CCPaymentEntry/Amount'

2024-08-28 22:56:24 - [MESSAGE][PASSED] - Text '5146312200000035' is set on object 'Object Repository/IWP30/Page_CCPaymentEntry/CardNumber'

2024-08-28 22:56:24 - [MESSAGE][PASSED] - Text '123' is set on object 'Object Repository/IWP30/Page_CCPaymentEntry/SPC'

2024-08-28 22:56:25 - [MESSAGE][PASSED] - All options with label '09' are selected in object 'Object Repository/IWP30/Page_CCPaymentEntry/Month' 

2024-08-28 22:56:26 - [MESSAGE][PASSED] - All options with label '2028' are selected in object 'Object Repository/IWP30/Page_CCPaymentEntry/Year' 

2024-08-28 22:56:26 - [MESSAGE][PASSED] - Object 'Object Repository/IWP30/Page_CCPaymentEntry/TermCondCheckBox' is present

2024-08-28 22:56:26 - [MESSAGE][PASSED] - Object 'Object Repository/IWP30/Page_CCPaymentEntry/TermCondCheckBox' is checked

2024-08-28 22:56:27 - [MESSAGE][PASSED] - Object 'Object Repository/IWP30/Page_CCPaymentEntry/ContinueButton' is present

2024-08-28 22:56:28 - [MESSAGE][PASSED] - Object: 'Object Repository/IWP30/Page_CCPaymentEntry/ContinueButton' is clicked on

2024-08-28 22:56:28 - [MESSAGE][PASSED] - iwpPages.ccPaymentEntryPage.setDataIWPCreditCard is PASSED

2024-08-28 22:56:28 - [TEST_STEP][PASSED] - ErrorMessage = findTestData(dataFile).getValue("ErrMsg", row): null

2024-08-28 22:56:28 - [TEST_STEP][PASSED] - if (verifyTextPresent(ErrorMessage, false)): null

2024-08-28 22:56:28 - [MESSAGE][PASSED] - Text 'Amount is greater than maximum' is present on page 

2024-08-28 22:56:28 - [TEST_STEP][PASSED] - println("The following Error Message is present : " + ErrorMessage): null

2024-08-28 22:56:28 - [TEST_STEP][PASSED] - markPassed("Error Message is present : " + ErrorMessage): Error Message is present : Amount is greater than maximum

2024-08-28 22:56:28 - [MESSAGE][PASSED] - Error Message is present : Amount is greater than maximum

2024-08-28 22:56:28 - [TEST_STEP][PASSED] - resText = "Pass": null

2024-08-28 22:56:28 - [TEST_STEP][PASSED] - pages.WriteExcel.demoKey(resText, datText, resColumn, datCloumn, fileLoc, nameSheet, row): pages.WriteExcel.demoKey is PASSED

2024-08-28 22:56:29 - [MESSAGE][PASSED] - pages.WriteExcel.demoKey is PASSED

2024-08-28 22:56:29 - [TEST_STEP][PASSED] - ExecuteTC = findTestData(dataFile).getValue("Execute", row): null

2024-08-28 22:56:29 - [TEST_STEP][PASSED] - out.println("Value of Execute is : " + ExecuteTC): null

2024-08-28 22:56:29 - [TEST_STEP][PASSED] - if (ExecuteTC.equalsIgnoreCase("Y")): null

2024-08-28 22:56:29 - [TEST_STEP][PASSED] - out.println("Begin Record Number: " + row): null

2024-08-28 22:56:29 - [TEST_STEP][PASSED] - today = new java.util.Date(): null

2024-08-28 22:56:29 - [TEST_STEP][PASSED] - println(today): null

2024-08-28 22:56:29 - [TEST_STEP][PASSED] - datText = today: null

2024-08-28 22:56:29 - [TEST_STEP][PASSED] - EmulatorDataKey = findTestData(dataFile).getValue("EmulatorData", row): null

2024-08-28 22:56:29 - [TEST_STEP][PASSED] - out.println("Value of Emulator Key is : " + EmulatorDataKey): null

2024-08-28 22:56:29 - [TEST_STEP][PASSED] - iwpPages.emulatorIWP30.setDataEmulator_DD(EmulatorDataKey): iwpPages.emulatorIWP30.setDataEmulator_DD is PASSED

2024-08-28 22:56:30 - [MESSAGE][WARNING] - A browser is already opened. Closing browser and opening a new one

2024-08-28 22:56:31 - [MESSAGE][INFO] - Starting 'Chrome' driver

2024-08-28 22:56:31 - [MESSAGE][INFO] - User set preference: ['acceptInsecureCerts', 'true']

2024-08-28 22:56:31 - [MESSAGE][INFO] - Action delay is set to 0 milliseconds

2024-08-28 22:56:33 - [MESSAGE][PASSED] - Browser is opened with url: 'https://qa2.velocitypayment.com/agency/config.do?action=editor&message_version=3_0'

2024-08-28 22:56:33 - [MESSAGE][PASSED] - Current window maximized

2024-08-28 22:56:34 - [MESSAGE][PASSED] - All options with value '3.0' are selected in object 'Object Repository/IWP30/Page_VRelay30Emulator/MV'  using regular expression

2024-08-28 22:56:34 - [MESSAGE][PASSED] - Text '10.50' is set on object 'Object Repository/IWP30/Page_VRelay30Emulator/Amount'

2024-08-28 22:56:35 - [MESSAGE][PASSED] - Text '26412167' is set on object 'Object Repository/IWP30/Page_VRelay30Emulator/CAN'

2024-08-28 22:56:36 - [MESSAGE][PASSED] - Text 'PayNow' is set on object 'Object Repository/IWP30/Page_VRelay30Emulator/Action'

2024-08-28 22:56:36 - [MESSAGE][PASSED] - Text 'en_US' is set on object 'Object Repository/IWP30/Page_VRelay30Emulator/Lang'

2024-08-28 22:56:37 - [MESSAGE][PASSED] - Text 'Elizath' is set on object 'Object Repository/IWP30/Page_VRelay30Emulator/Fname'

2024-08-28 22:56:37 - [MESSAGE][PASSED] - Text 'Christine' is set on object 'Object Repository/IWP30/Page_VRelay30Emulator/Lname'

2024-08-28 22:56:38 - [MESSAGE][PASSED] - Text '258 Underwood rd' is set on object 'Object Repository/IWP30/Page_VRelay30Emulator/AL1'

2024-08-28 22:56:39 - [MESSAGE][PASSED] - Text 'Suite 600' is set on object 'Object Repository/IWP30/Page_VRelay30Emulator/AL2'

2024-08-28 22:56:39 - [MESSAGE][PASSED] - Text '840' is set on object 'Object Repository/IWP30/Page_VRelay30Emulator/Country'

2024-08-28 22:56:40 - [MESSAGE][PASSED] - Text 'Arlington' is set on object 'Object Repository/IWP30/Page_VRelay30Emulator/City'

2024-08-28 22:56:41 - [MESSAGE][PASSED] - Text 'VA' is set on object 'Object Repository/IWP30/Page_VRelay30Emulator/State'

2024-08-28 22:56:41 - [MESSAGE][PASSED] - Text '22201' is set on object 'Object Repository/IWP30/Page_VRelay30Emulator/ZIP'

2024-08-28 22:56:42 - [MESSAGE][PASSED] - Text '' is set on object 'Object Repository/IWP30/Page_VRelay30Emulator/Order'

2024-08-28 22:56:43 - [MESSAGE][PASSED] - Text '' is set on object 'Object Repository/IWP30/Page_VRelay30Emulator/Company'

2024-08-28 22:56:43 - [MESSAGE][PASSED] - Text 'iahmed@govolution.com' is set on object 'Object Repository/IWP30/Page_VRelay30Emulator/Email'

2024-08-28 22:56:44 - [MESSAGE][PASSED] - Text 'udf data 1' is set on object 'Object Repository/IWP30/Page_VRelay30Emulator/UDF1'

2024-08-28 22:56:45 - [MESSAGE][PASSED] - Text 'udf data 2' is set on object 'Object Repository/IWP30/Page_VRelay30Emulator/UDF2'

2024-08-28 22:56:45 - [MESSAGE][PASSED] - Text 'udf data 3' is set on object 'Object Repository/IWP30/Page_VRelay30Emulator/UDF3'

2024-08-28 22:56:46 - [MESSAGE][PASSED] - Text 'udf data 4' is set on object 'Object Repository/IWP30/Page_VRelay30Emulator/UDF4'

2024-08-28 22:56:47 - [MESSAGE][PASSED] - Text 'udf data 5' is set on object 'Object Repository/IWP30/Page_VRelay30Emulator/UDF5'

2024-08-28 22:56:47 - [MESSAGE][PASSED] - Text 'udf data 6' is set on object 'Object Repository/IWP30/Page_VRelay30Emulator/UDF6'

2024-08-28 22:56:48 - [MESSAGE][PASSED] - Text 'Orange' is set on object 'Object Repository/IWP30/Page_VRelay30Emulator/UDF7'

2024-08-28 22:56:49 - [MESSAGE][PASSED] - Text 'Soccer' is set on object 'Object Repository/IWP30/Page_VRelay30Emulator/UDF8'

2024-08-28 22:56:49 - [MESSAGE][PASSED] - Text 'udf data 9' is set on object 'Object Repository/IWP30/Page_VRelay30Emulator/UDF9'

2024-08-28 22:56:50 - [MESSAGE][PASSED] - Text 'udf data 10' is set on object 'Object Repository/IWP30/Page_VRelay30Emulator/UDF10'

2024-08-28 22:56:50 - [MESSAGE][PASSED] - Object: 'Object Repository/IWP30/Page_VRelay30Emulator/Submit' is clicked on

2024-08-28 22:56:56 - [MESSAGE][PASSED] - Browser is closed

2024-08-28 22:57:00 - [MESSAGE][PASSED] - iwpPages.emulatorIWP30.setDataEmulator_DD is PASSED

2024-08-28 22:57:00 - [TEST_STEP][PASSED] - testHarnessURL = urlTestHarness: null

2024-08-28 22:57:00 - [TEST_STEP][PASSED] - openBrowser(testHarnessURL): Browser is opened with url: 'https://dev-algorithm.govolution.com/vrelaytest/QA2/version_2_2/vrelaytest.html'

2024-08-28 22:57:00 - [MESSAGE][INFO] - Starting 'Chrome' driver

2024-08-28 22:57:00 - [MESSAGE][INFO] - User set preference: ['acceptInsecureCerts', 'true']

2024-08-28 22:57:00 - [MESSAGE][INFO] - Action delay is set to 0 milliseconds

2024-08-28 22:57:02 - [MESSAGE][PASSED] - Browser is opened with url: 'https://dev-algorithm.govolution.com/vrelaytest/QA2/version_2_2/vrelaytest.html'

2024-08-28 22:57:02 - [TEST_STEP][PASSED] - maximizeWindow(): Current window maximized

2024-08-28 22:57:02 - [MESSAGE][PASSED] - Current window maximized

2024-08-28 22:57:02 - [TEST_STEP][PASSED] - iwpPages.TestHarnessPage.setDataMethod(row, dataFile): iwpPages.TestHarnessPage.setDataMethod is PASSED

2024-08-28 22:57:03 - [MESSAGE][PASSED] - Object 'Object Repository/IWP30/Page_QATestHarness/RemittanceID' is present

2024-08-28 22:57:03 - [MESSAGE][PASSED] - Text '649' is set on object 'Object Repository/IWP30/Page_QATestHarness/ApplicationID'

2024-08-28 22:57:04 - [MESSAGE][PASSED] - Text '3.0' is set on object 'Object Repository/IWP30/Page_QATestHarness/MessageVersion'

2024-08-28 22:57:05 - [MESSAGE][PASSED] - Text 'c2MnvULc6Pwk' is set on object 'Object Repository/IWP30/Page_QATestHarness/RemittanceID'

2024-08-28 22:57:06 - [MESSAGE][PASSED] - Object: 'Object Repository/IWP30/Page_QATestHarness/SubmitButton' is clicked on

2024-08-28 22:57:06 - [MESSAGE][PASSED] - iwpPages.TestHarnessPage.setDataMethod is PASSED

2024-08-28 22:57:06 - [TEST_STEP][PASSED] - check(findTestObject("Object Repository/IWP30/Page_SelectPaymentMethod/PayByCreditCard")): Object 'Object Repository/IWP30/Page_SelectPaymentMethod/PayByCreditCard' is checked

2024-08-28 22:57:07 - [MESSAGE][PASSED] - Object 'Object Repository/IWP30/Page_SelectPaymentMethod/PayByCreditCard' is checked

2024-08-28 22:57:07 - [TEST_STEP][PASSED] - click(findTestObject("Object Repository/IWP30/Page_SelectPaymentMethod/MakePaymentButton")): Object: 'Object Repository/IWP30/Page_SelectPaymentMethod/MakePaymentButton' is clicked on

2024-08-28 22:57:08 - [MESSAGE][PASSED] - Object: 'Object Repository/IWP30/Page_SelectPaymentMethod/MakePaymentButton' is clicked on

2024-08-28 22:57:08 - [TEST_STEP][PASSED] - iwpPages.ccPaymentEntryPage.setDataIWPCreditCard(row, dataFile): iwpPages.ccPaymentEntryPage.setDataIWPCreditCard is PASSED

2024-08-28 22:57:09 - [MESSAGE][PASSED] - Object 'Object Repository/IWP30/Page_CCPaymentEntry/Name' is present

2024-08-28 22:57:10 - [MESSAGE][PASSED] - Text '1.50' is set on object 'Object Repository/IWP30/Page_CCPaymentEntry/Amount'

2024-08-28 22:57:11 - [MESSAGE][PASSED] - Text '4761730000000011' is set on object 'Object Repository/IWP30/Page_CCPaymentEntry/CardNumber'

2024-08-28 22:57:11 - [MESSAGE][PASSED] - Text '123' is set on object 'Object Repository/IWP30/Page_CCPaymentEntry/SPC'

2024-08-28 22:57:12 - [MESSAGE][PASSED] - All options with label '12' are selected in object 'Object Repository/IWP30/Page_CCPaymentEntry/Month' 

2024-08-28 22:57:13 - [MESSAGE][PASSED] - All options with label '2028' are selected in object 'Object Repository/IWP30/Page_CCPaymentEntry/Year' 

2024-08-28 22:57:13 - [MESSAGE][PASSED] - Object 'Object Repository/IWP30/Page_CCPaymentEntry/TermCondCheckBox' is present

2024-08-28 22:57:13 - [MESSAGE][PASSED] - Object 'Object Repository/IWP30/Page_CCPaymentEntry/TermCondCheckBox' is checked

2024-08-28 22:57:14 - [MESSAGE][PASSED] - Object 'Object Repository/IWP30/Page_CCPaymentEntry/ContinueButton' is present

2024-08-28 22:57:15 - [MESSAGE][PASSED] - Object: 'Object Repository/IWP30/Page_CCPaymentEntry/ContinueButton' is clicked on

2024-08-28 22:57:15 - [MESSAGE][PASSED] - iwpPages.ccPaymentEntryPage.setDataIWPCreditCard is PASSED

2024-08-28 22:57:15 - [TEST_STEP][PASSED] - ErrorMessage = findTestData(dataFile).getValue("ErrMsg", row): null

2024-08-28 22:57:15 - [TEST_STEP][PASSED] - if (verifyTextPresent(ErrorMessage, false)): null

2024-08-28 22:57:15 - [MESSAGE][PASSED] - Text 'Amount is less than minimum' is present on page 

2024-08-28 22:57:15 - [TEST_STEP][PASSED] - println("The following Error Message is present : " + ErrorMessage): null

2024-08-28 22:57:15 - [TEST_STEP][PASSED] - markPassed("Error Message is present : " + ErrorMessage): Error Message is present : Amount is less than minimum

2024-08-28 22:57:15 - [MESSAGE][PASSED] - Error Message is present : Amount is less than minimum

2024-08-28 22:57:15 - [TEST_STEP][PASSED] - resText = "Pass": null

2024-08-28 22:57:15 - [TEST_STEP][PASSED] - pages.WriteExcel.demoKey(resText, datText, resColumn, datCloumn, fileLoc, nameSheet, row): pages.WriteExcel.demoKey is PASSED

2024-08-28 22:57:15 - [MESSAGE][PASSED] - pages.WriteExcel.demoKey is PASSED

2024-08-28 22:57:15 - [TEST_STEP][PASSED] - ExecuteTC = findTestData(dataFile).getValue("Execute", row): null

2024-08-28 22:57:16 - [TEST_STEP][PASSED] - out.println("Value of Execute is : " + ExecuteTC): null

2024-08-28 22:57:16 - [TEST_STEP][PASSED] - if (ExecuteTC.equalsIgnoreCase("Y")): null

2024-08-28 22:57:16 - [TEST_STEP][PASSED] - ExecuteTC = findTestData(dataFile).getValue("Execute", row): null

2024-08-28 22:57:16 - [TEST_STEP][PASSED] - out.println("Value of Execute is : " + ExecuteTC): null

2024-08-28 22:57:16 - [TEST_STEP][PASSED] - if (ExecuteTC.equalsIgnoreCase("Y")): null]]></system-out>
         <system-err><![CDATA[]]></system-err>
      </testcase>
      <testcase name="Test Cases/IntegratedWeb/IWP30/Misc" time="660.189" classname="Test Cases/IntegratedWeb/IWP30/Misc" status="PASSED">
         <system-out><![CDATA[2024-08-28 22:57:16 - [TEST_CASE][PASSED] - Test Cases/IntegratedWeb/IWP30/Misc: Test Cases/IntegratedWeb/IWP30/Misc

2024-08-28 22:57:16 - [TEST_STEP][PASSED] - numOfRows = findTestData("IWPTestData/IWP30PayNowCC").getRowNumbers(): null

2024-08-28 22:57:16 - [TEST_STEP][PASSED] - println(numOfRows): null

2024-08-28 22:57:16 - [TEST_STEP][PASSED] - dataFile = "IWPTestData/IWP30PayNowCC": null

2024-08-28 22:57:16 - [TEST_STEP][PASSED] - for ([row = 1, row <= numOfRows, (row++)]): Browser is closed

2024-08-28 22:57:16 - [TEST_STEP][PASSED] - openBrowser(urlEmulator): Browser is opened with url: 'https://qa2.velocitypayment.com/agency/config.do?action=editor'

2024-08-28 22:57:16 - [MESSAGE][WARNING] - A browser is already opened. Closing browser and opening a new one

2024-08-28 22:57:17 - [MESSAGE][INFO] - Starting 'Chrome' driver

2024-08-28 22:57:17 - [MESSAGE][INFO] - User set preference: ['acceptInsecureCerts', 'true']

2024-08-28 22:57:17 - [MESSAGE][INFO] - Action delay is set to 0 milliseconds

2024-08-28 22:57:19 - [MESSAGE][PASSED] - Browser is opened with url: 'https://qa2.velocitypayment.com/agency/config.do?action=editor'

2024-08-28 22:57:19 - [TEST_STEP][PASSED] - maximizeWindow(): Current window maximized

2024-08-28 22:57:20 - [MESSAGE][PASSED] - Current window maximized

2024-08-28 22:57:20 - [TEST_STEP][PASSED] - iwpPages.emulatorIWP30.getSetData(row, dataFile): iwpPages.emulatorIWP30.getSetData is PASSED

2024-08-28 22:57:22 - [MESSAGE][PASSED] - All options with value '3.0' are selected in object 'Object Repository/IWP30/Page_VRelay30Emulator/MV'  using regular expression

2024-08-28 22:57:23 - [MESSAGE][PASSED] - Text '10.50' is set on object 'Object Repository/IWP30/Page_VRelay30Emulator/Amount'

2024-08-28 22:57:23 - [MESSAGE][PASSED] - Text '26411005' is set on object 'Object Repository/IWP30/Page_VRelay30Emulator/CAN'

2024-08-28 22:57:24 - [MESSAGE][PASSED] - Text 'PayNow' is set on object 'Object Repository/IWP30/Page_VRelay30Emulator/Action'

2024-08-28 22:57:24 - [MESSAGE][PASSED] - Text 'en_US' is set on object 'Object Repository/IWP30/Page_VRelay30Emulator/Lang'

2024-08-28 22:57:25 - [MESSAGE][PASSED] - Text '' is set on object 'Object Repository/IWP30/Page_VRelay30Emulator/Fname'

2024-08-28 22:57:26 - [MESSAGE][PASSED] - Text '' is set on object 'Object Repository/IWP30/Page_VRelay30Emulator/Lname'

2024-08-28 22:57:26 - [MESSAGE][PASSED] - Text '' is set on object 'Object Repository/IWP30/Page_VRelay30Emulator/AL1'

2024-08-28 22:57:27 - [MESSAGE][PASSED] - Text '' is set on object 'Object Repository/IWP30/Page_VRelay30Emulator/AL2'

2024-08-28 22:57:28 - [MESSAGE][PASSED] - Text '840' is set on object 'Object Repository/IWP30/Page_VRelay30Emulator/Country'

2024-08-28 22:57:28 - [MESSAGE][PASSED] - Text '' is set on object 'Object Repository/IWP30/Page_VRelay30Emulator/City'

2024-08-28 22:57:29 - [MESSAGE][PASSED] - Text '' is set on object 'Object Repository/IWP30/Page_VRelay30Emulator/State'

2024-08-28 22:57:30 - [MESSAGE][PASSED] - Text '' is set on object 'Object Repository/IWP30/Page_VRelay30Emulator/ZIP'

2024-08-28 22:57:30 - [MESSAGE][PASSED] - Text '' is set on object 'Object Repository/IWP30/Page_VRelay30Emulator/Order'

2024-08-28 22:57:31 - [MESSAGE][PASSED] - Text '' is set on object 'Object Repository/IWP30/Page_VRelay30Emulator/Company'

2024-08-28 22:57:32 - [MESSAGE][PASSED] - Text '' is set on object 'Object Repository/IWP30/Page_VRelay30Emulator/Email'

2024-08-28 22:57:32 - [MESSAGE][PASSED] - Text '' is set on object 'Object Repository/IWP30/Page_VRelay30Emulator/UDF1'

2024-08-28 22:57:33 - [MESSAGE][PASSED] - Text '' is set on object 'Object Repository/IWP30/Page_VRelay30Emulator/UDF2'

2024-08-28 22:57:34 - [MESSAGE][PASSED] - Text '' is set on object 'Object Repository/IWP30/Page_VRelay30Emulator/UDF3'

2024-08-28 22:57:34 - [MESSAGE][PASSED] - Text 'udf data 4' is set on object 'Object Repository/IWP30/Page_VRelay30Emulator/UDF4'

2024-08-28 22:57:35 - [MESSAGE][PASSED] - Text 'udf data 5' is set on object 'Object Repository/IWP30/Page_VRelay30Emulator/UDF5'

2024-08-28 22:57:36 - [MESSAGE][PASSED] - Text '' is set on object 'Object Repository/IWP30/Page_VRelay30Emulator/UDF6'

2024-08-28 22:57:36 - [MESSAGE][PASSED] - Text '' is set on object 'Object Repository/IWP30/Page_VRelay30Emulator/UDF7'

2024-08-28 22:57:37 - [MESSAGE][PASSED] - Text '' is set on object 'Object Repository/IWP30/Page_VRelay30Emulator/UDF8'

2024-08-28 22:57:38 - [MESSAGE][PASSED] - Text 'udf data 9' is set on object 'Object Repository/IWP30/Page_VRelay30Emulator/UDF9'

2024-08-28 22:57:38 - [MESSAGE][PASSED] - Text 'udf data 10' is set on object 'Object Repository/IWP30/Page_VRelay30Emulator/UDF10'

2024-08-28 22:57:49 - [MESSAGE][PASSED] - Object: 'Object Repository/IWP30/Page_VRelay30Emulator/Submit' is clicked on

2024-08-28 22:57:49 - [MESSAGE][PASSED] - iwpPages.emulatorIWP30.getSetData is PASSED

2024-08-28 22:57:49 - [TEST_STEP][PASSED] - closeBrowser(): Browser is closed

2024-08-28 22:57:50 - [MESSAGE][PASSED] - Browser is closed

2024-08-28 22:57:50 - [TEST_STEP][PASSED] - openBrowser(urlTestHarness): Browser is opened with url: 'https://dev-algorithm.govolution.com/vrelaytest/QA2/version_2_2/vrelaytest.html'

2024-08-28 22:57:50 - [MESSAGE][INFO] - Starting 'Chrome' driver

2024-08-28 22:57:50 - [MESSAGE][INFO] - User set preference: ['acceptInsecureCerts', 'true']

2024-08-28 22:57:50 - [MESSAGE][INFO] - Action delay is set to 0 milliseconds

2024-08-28 22:57:52 - [MESSAGE][PASSED] - Browser is opened with url: 'https://dev-algorithm.govolution.com/vrelaytest/QA2/version_2_2/vrelaytest.html'

2024-08-28 22:57:52 - [TEST_STEP][PASSED] - maximizeWindow(): Current window maximized

2024-08-28 22:57:52 - [MESSAGE][PASSED] - Current window maximized

2024-08-28 22:57:52 - [TEST_STEP][PASSED] - iwpPages.TestHarnessPage.setDataMethod(row, dataFile): iwpPages.TestHarnessPage.setDataMethod is PASSED

2024-08-28 22:57:53 - [MESSAGE][PASSED] - Object 'Object Repository/IWP30/Page_QATestHarness/RemittanceID' is present

2024-08-28 22:57:53 - [MESSAGE][PASSED] - Text '649' is set on object 'Object Repository/IWP30/Page_QATestHarness/ApplicationID'

2024-08-28 22:57:54 - [MESSAGE][PASSED] - Text '3.0' is set on object 'Object Repository/IWP30/Page_QATestHarness/MessageVersion'

2024-08-28 22:57:55 - [MESSAGE][PASSED] - Text 'rjcFF5D71sh5' is set on object 'Object Repository/IWP30/Page_QATestHarness/RemittanceID'

2024-08-28 22:57:56 - [MESSAGE][PASSED] - Object: 'Object Repository/IWP30/Page_QATestHarness/SubmitButton' is clicked on

2024-08-28 22:57:56 - [MESSAGE][PASSED] - iwpPages.TestHarnessPage.setDataMethod is PASSED

2024-08-28 22:57:56 - [TEST_STEP][PASSED] - if (verifyElementPresent(findTestObject("Object Repository/IWP30/Page_SelectPaymentMethod/PayByCreditCard"), 30)): null

2024-08-28 22:57:56 - [MESSAGE][PASSED] - Object 'Object Repository/IWP30/Page_SelectPaymentMethod/PayByCreditCard' is present

2024-08-28 22:57:56 - [TEST_STEP][PASSED] - println("We are on Select Payment Method page, start populating"): null

2024-08-28 22:57:56 - [TEST_STEP][PASSED] - check(findTestObject("Object Repository/IWP30/Page_SelectPaymentMethod/PayByCreditCard")): Object 'Object Repository/IWP30/Page_SelectPaymentMethod/PayByCreditCard' is checked

2024-08-28 22:57:57 - [MESSAGE][PASSED] - Object 'Object Repository/IWP30/Page_SelectPaymentMethod/PayByCreditCard' is checked

2024-08-28 22:57:57 - [TEST_STEP][PASSED] - Thread.sleep(1000): null

2024-08-28 22:57:58 - [TEST_STEP][PASSED] - click(findTestObject("Object Repository/IWP30/Page_SelectPaymentMethod/MakePaymentButton")): Object: 'Object Repository/IWP30/Page_SelectPaymentMethod/MakePaymentButton' is clicked on

2024-08-28 22:57:59 - [MESSAGE][PASSED] - Object: 'Object Repository/IWP30/Page_SelectPaymentMethod/MakePaymentButton' is clicked on

2024-08-28 22:57:59 - [TEST_STEP][PASSED] - iwpPages.ccPaymentEntryPage.setDataCCPM(row, dataFile): iwpPages.ccPaymentEntryPage.setDataCCPM is PASSED

2024-08-28 22:58:00 - [MESSAGE][PASSED] - Object 'Object Repository/IWP30/Page_CCPaymentEntry/Name' is present

2024-08-28 22:58:00 - [MESSAGE][PASSED] - Object 'Object Repository/IWP30/Page_CCPaymentEntry/Amount' is present

2024-08-28 22:58:01 - [MESSAGE][PASSED] - Text '20.50' is set on object 'Object Repository/IWP30/Page_CCPaymentEntry/Amount'

2024-08-28 22:58:01 - [MESSAGE][PASSED] - Object 'Object Repository/IWP30/Page_CCPaymentEntry/UserDefined2' is present

2024-08-28 22:58:02 - [MESSAGE][PASSED] - Text 'Number 2' is set on object 'Object Repository/IWP30/Page_CCPaymentEntry/UserDefined2'

2024-08-28 22:58:02 - [MESSAGE][PASSED] - Object 'Object Repository/IWP30/Page_CCPaymentEntry/UserDefined3' is present

2024-08-28 22:58:03 - [MESSAGE][PASSED] - Text 'Number 3' is set on object 'Object Repository/IWP30/Page_CCPaymentEntry/UserDefined3'

2024-08-28 22:58:04 - [MESSAGE][PASSED] - Object 'Object Repository/IWP30/Page_CCPaymentEntry/UserDefined7' is present

2024-08-28 22:58:04 - [MESSAGE][PASSED] - All options with label 'Orange' are selected in object 'Object Repository/IWP30/Page_CCPaymentEntry/UserDefined7' 

2024-08-28 22:58:05 - [MESSAGE][PASSED] - Object 'Object Repository/IWP30/Page_CCPaymentEntry/UserDefined8' is present

2024-08-28 22:58:05 - [MESSAGE][PASSED] - All options with label 'Tennis' are selected in object 'Object Repository/IWP30/Page_CCPaymentEntry/UserDefined8' 

2024-08-28 22:58:05 - [MESSAGE][PASSED] - Object 'Object Repository/IWP30/Page_CCPaymentEntry/Name' is present

2024-08-28 22:58:06 - [MESSAGE][PASSED] - Text 'Mera Naam' is set on object 'Object Repository/IWP30/Page_CCPaymentEntry/Name'

2024-08-28 22:58:06 - [MESSAGE][PASSED] - Object 'Object Repository/IWP30/Page_CCPaymentEntry/CardNumber' is present

2024-08-28 22:58:07 - [MESSAGE][PASSED] - Text '4111111111111111' is set on object 'Object Repository/IWP30/Page_CCPaymentEntry/CardNumber'

2024-08-28 22:58:07 - [MESSAGE][PASSED] - Object 'Object Repository/IWP30/Page_CCPaymentEntry/SPC' is present

2024-08-28 22:58:08 - [MESSAGE][PASSED] - Text '123' is set on object 'Object Repository/IWP30/Page_CCPaymentEntry/SPC'

2024-08-28 22:58:08 - [MESSAGE][PASSED] - Object 'Object Repository/IWP30/Page_CCPaymentEntry/Month' is present

2024-08-28 22:58:09 - [MESSAGE][PASSED] - All options with label '09' are selected in object 'Object Repository/IWP30/Page_CCPaymentEntry/Month' 

2024-08-28 22:58:09 - [MESSAGE][PASSED] - Object 'Object Repository/IWP30/Page_CCPaymentEntry/Year' is present

2024-08-28 22:58:10 - [MESSAGE][PASSED] - All options with label '2028' are selected in object 'Object Repository/IWP30/Page_CCPaymentEntry/Year' 

2024-08-28 22:58:10 - [MESSAGE][PASSED] - Object 'Object Repository/IWP30/Page_CCPaymentEntry/ProcessDate' is present

2024-08-28 22:58:11 - [MESSAGE][PASSED] - Object 'Object Repository/IWP30/Page_CCPaymentEntry/AL1' is present

2024-08-28 22:58:11 - [MESSAGE][PASSED] - Text 'Mera AL1' is set on object 'Object Repository/IWP30/Page_CCPaymentEntry/AL1'

2024-08-28 22:58:12 - [MESSAGE][PASSED] - Object 'Object Repository/IWP30/Page_CCPaymentEntry/AL2' is present

2024-08-28 22:58:12 - [MESSAGE][PASSED] - Text 'Mera AL2' is set on object 'Object Repository/IWP30/Page_CCPaymentEntry/AL2'

2024-08-28 22:58:13 - [MESSAGE][PASSED] - Object 'Object Repository/IWP30/Page_CCPaymentEntry/ZIP' is present

2024-08-28 22:58:13 - [MESSAGE][PASSED] - Text '21054' is set on object 'Object Repository/IWP30/Page_CCPaymentEntry/ZIP'

2024-08-28 22:58:14 - [MESSAGE][PASSED] - Object 'Object Repository/IWP30/Page_CCPaymentEntry/EmailAddress' is present

2024-08-28 22:58:14 - [MESSAGE][PASSED] - Text 'merae@gmail.com' is set on object 'Object Repository/IWP30/Page_CCPaymentEntry/EmailAddress'

2024-08-28 22:58:15 - [MESSAGE][PASSED] - Object 'Object Repository/IWP30/Page_CCPaymentEntry/TermCondCheckBox' is present

2024-08-28 22:58:15 - [MESSAGE][PASSED] - Object 'Object Repository/IWP30/Page_CCPaymentEntry/TermCondCheckBox' is checked

2024-08-28 22:58:16 - [MESSAGE][PASSED] - Object 'Object Repository/IWP30/Page_CCPaymentEntry/ContinueButton' is present

2024-08-28 22:58:17 - [MESSAGE][PASSED] - Object: 'Object Repository/IWP30/Page_CCPaymentEntry/ContinueButton' is clicked on

2024-08-28 22:58:17 - [MESSAGE][PASSED] - iwpPages.ccPaymentEntryPage.setDataCCPM is PASSED

2024-08-28 22:58:17 - [TEST_STEP][PASSED] - if (verifyTextPresent("Please verify the following information", false)): null

2024-08-28 22:58:17 - [MESSAGE][PASSED] - Text 'Please verify the following information' is present on page 

2024-08-28 22:58:17 - [TEST_STEP][PASSED] - println("Please verify the following information text is present on the Confirmation page"): null

2024-08-28 22:58:17 - [TEST_STEP][PASSED] - if (verifyTextPresent("Is this information correct?", false)): null

2024-08-28 22:58:17 - [MESSAGE][PASSED] - Text 'Is this information correct?' is present on page 

2024-08-28 22:58:17 - [TEST_STEP][PASSED] - println("Is this information correct text is present on the Confirmation page"): null

2024-08-28 22:58:17 - [TEST_STEP][PASSED] - if (verifyElementPresent(findTestObject("Object Repository/IWP30/Page_Confirmation/ConfirmButton"), 30)): null

2024-08-28 22:58:18 - [MESSAGE][PASSED] - Object 'Object Repository/IWP30/Page_Confirmation/ConfirmButton' is present

2024-08-28 22:58:18 - [TEST_STEP][PASSED] - click(findTestObject("Object Repository/IWP30/Page_Confirmation/ConfirmButton")): Object: 'Object Repository/IWP30/Page_Confirmation/ConfirmButton' is clicked on

2024-08-28 22:58:19 - [MESSAGE][PASSED] - Object: 'Object Repository/IWP30/Page_Confirmation/ConfirmButton' is clicked on

2024-08-28 22:58:19 - [TEST_STEP][PASSED] - Thread.sleep(10000): null

2024-08-28 22:58:29 - [TEST_STEP][PASSED] - if (verifyTextPresent("Successful Payment Receipt", false)): null

2024-08-28 22:58:29 - [MESSAGE][PASSED] - Text 'Successful Payment Receipt' is present on page 

2024-08-28 22:58:29 - [TEST_STEP][PASSED] - println("Successful Payment Receipt text is present on the Receipt page"): null

2024-08-28 22:58:29 - [TEST_STEP][PASSED] - if (verifyTextPresent("Please print this receipt for your records", false)): null

2024-08-28 22:58:29 - [MESSAGE][PASSED] - Text 'Please print this receipt for your records' is present on page 

2024-08-28 22:58:29 - [TEST_STEP][PASSED] - println("Please print this receipt for your records text is present on the Receipt page"): null

2024-08-28 22:58:29 - [TEST_STEP][PASSED] - if (verifyElementPresent(findTestObject("Object Repository/IWP30/Page_Receipt/ExitButton"), 30)): null

2024-08-28 22:58:30 - [MESSAGE][PASSED] - Object 'Object Repository/IWP30/Page_Receipt/ExitButton' is present

2024-08-28 22:58:30 - [TEST_STEP][PASSED] - println("Exit Button is present on the Receipt page"): null

2024-08-28 22:58:30 - [TEST_STEP][PASSED] - closeBrowser(): Browser is closed

2024-08-28 22:58:31 - [MESSAGE][PASSED] - Browser is closed

2024-08-28 22:58:31 - [TEST_STEP][PASSED] - openBrowser(urlEmulator): Browser is opened with url: 'https://qa2.velocitypayment.com/agency/config.do?action=editor'

2024-08-28 22:58:31 - [MESSAGE][INFO] - Starting 'Chrome' driver

2024-08-28 22:58:31 - [MESSAGE][INFO] - User set preference: ['acceptInsecureCerts', 'true']

2024-08-28 22:58:31 - [MESSAGE][INFO] - Action delay is set to 0 milliseconds

2024-08-28 22:58:33 - [MESSAGE][PASSED] - Browser is opened with url: 'https://qa2.velocitypayment.com/agency/config.do?action=editor'

2024-08-28 22:58:33 - [TEST_STEP][PASSED] - maximizeWindow(): Current window maximized

2024-08-28 22:58:33 - [MESSAGE][PASSED] - Current window maximized

2024-08-28 22:58:33 - [TEST_STEP][PASSED] - iwpPages.emulatorIWP30.getSetData(row, dataFile): iwpPages.emulatorIWP30.getSetData is PASSED

2024-08-28 22:58:35 - [MESSAGE][PASSED] - All options with value '3.0' are selected in object 'Object Repository/IWP30/Page_VRelay30Emulator/MV'  using regular expression

2024-08-28 22:58:36 - [MESSAGE][PASSED] - Text '10.50' is set on object 'Object Repository/IWP30/Page_VRelay30Emulator/Amount'

2024-08-28 22:58:37 - [MESSAGE][PASSED] - Text '26411005' is set on object 'Object Repository/IWP30/Page_VRelay30Emulator/CAN'

2024-08-28 22:58:37 - [MESSAGE][PASSED] - Text 'PayNow' is set on object 'Object Repository/IWP30/Page_VRelay30Emulator/Action'

2024-08-28 22:58:38 - [MESSAGE][PASSED] - Text 'en_US' is set on object 'Object Repository/IWP30/Page_VRelay30Emulator/Lang'

2024-08-28 22:58:39 - [MESSAGE][PASSED] - Text 'Marty' is set on object 'Object Repository/IWP30/Page_VRelay30Emulator/Fname'

2024-08-28 22:58:39 - [MESSAGE][PASSED] - Text 'Jones' is set on object 'Object Repository/IWP30/Page_VRelay30Emulator/Lname'

2024-08-28 22:58:40 - [MESSAGE][PASSED] - Text '2311 York road' is set on object 'Object Repository/IWP30/Page_VRelay30Emulator/AL1'

2024-08-28 22:58:41 - [MESSAGE][PASSED] - Text 'Suite 600' is set on object 'Object Repository/IWP30/Page_VRelay30Emulator/AL2'

2024-08-28 22:58:41 - [MESSAGE][PASSED] - Text '840' is set on object 'Object Repository/IWP30/Page_VRelay30Emulator/Country'

2024-08-28 22:58:42 - [MESSAGE][PASSED] - Text 'Arlington' is set on object 'Object Repository/IWP30/Page_VRelay30Emulator/City'

2024-08-28 22:58:43 - [MESSAGE][PASSED] - Text 'VA' is set on object 'Object Repository/IWP30/Page_VRelay30Emulator/State'

2024-08-28 22:58:43 - [MESSAGE][PASSED] - Text '22201' is set on object 'Object Repository/IWP30/Page_VRelay30Emulator/ZIP'

2024-08-28 22:58:44 - [MESSAGE][PASSED] - Text '' is set on object 'Object Repository/IWP30/Page_VRelay30Emulator/Order'

2024-08-28 22:58:45 - [MESSAGE][PASSED] - Text '' is set on object 'Object Repository/IWP30/Page_VRelay30Emulator/Company'

2024-08-28 22:58:45 - [MESSAGE][PASSED] - Text 'iahmed@govolution.com' is set on object 'Object Repository/IWP30/Page_VRelay30Emulator/Email'

2024-08-28 22:58:46 - [MESSAGE][PASSED] - Text 'udf data 1' is set on object 'Object Repository/IWP30/Page_VRelay30Emulator/UDF1'

2024-08-28 22:58:47 - [MESSAGE][PASSED] - Text 'udf data 2' is set on object 'Object Repository/IWP30/Page_VRelay30Emulator/UDF2'

2024-08-28 22:58:47 - [MESSAGE][PASSED] - Text 'udf data 3' is set on object 'Object Repository/IWP30/Page_VRelay30Emulator/UDF3'

2024-08-28 22:58:48 - [MESSAGE][PASSED] - Text 'udf data 4' is set on object 'Object Repository/IWP30/Page_VRelay30Emulator/UDF4'

2024-08-28 22:58:49 - [MESSAGE][PASSED] - Text 'udf data 5' is set on object 'Object Repository/IWP30/Page_VRelay30Emulator/UDF5'

2024-08-28 22:58:49 - [MESSAGE][PASSED] - Text 'udf data 6' is set on object 'Object Repository/IWP30/Page_VRelay30Emulator/UDF6'

2024-08-28 22:58:50 - [MESSAGE][PASSED] - Text 'Purple' is set on object 'Object Repository/IWP30/Page_VRelay30Emulator/UDF7'

2024-08-28 22:58:51 - [MESSAGE][PASSED] - Text 'Tennis' is set on object 'Object Repository/IWP30/Page_VRelay30Emulator/UDF8'

2024-08-28 22:58:51 - [MESSAGE][PASSED] - Text 'udf data 9' is set on object 'Object Repository/IWP30/Page_VRelay30Emulator/UDF9'

2024-08-28 22:58:52 - [MESSAGE][PASSED] - Text 'udf data 10' is set on object 'Object Repository/IWP30/Page_VRelay30Emulator/UDF10'

2024-08-28 22:59:03 - [MESSAGE][PASSED] - Object: 'Object Repository/IWP30/Page_VRelay30Emulator/Submit' is clicked on

2024-08-28 22:59:03 - [MESSAGE][PASSED] - iwpPages.emulatorIWP30.getSetData is PASSED

2024-08-28 22:59:03 - [TEST_STEP][PASSED] - closeBrowser(): Browser is closed

2024-08-28 22:59:04 - [MESSAGE][PASSED] - Browser is closed

2024-08-28 22:59:04 - [TEST_STEP][PASSED] - openBrowser(urlTestHarness): Browser is opened with url: 'https://dev-algorithm.govolution.com/vrelaytest/QA2/version_2_2/vrelaytest.html'

2024-08-28 22:59:04 - [MESSAGE][INFO] - Starting 'Chrome' driver

2024-08-28 22:59:04 - [MESSAGE][INFO] - User set preference: ['acceptInsecureCerts', 'true']

2024-08-28 22:59:04 - [MESSAGE][INFO] - Action delay is set to 0 milliseconds

2024-08-28 22:59:06 - [MESSAGE][PASSED] - Browser is opened with url: 'https://dev-algorithm.govolution.com/vrelaytest/QA2/version_2_2/vrelaytest.html'

2024-08-28 22:59:06 - [TEST_STEP][PASSED] - maximizeWindow(): Current window maximized

2024-08-28 22:59:06 - [MESSAGE][PASSED] - Current window maximized

2024-08-28 22:59:06 - [TEST_STEP][PASSED] - iwpPages.TestHarnessPage.setDataMethod(row, dataFile): iwpPages.TestHarnessPage.setDataMethod is PASSED

2024-08-28 22:59:06 - [MESSAGE][PASSED] - Object 'Object Repository/IWP30/Page_QATestHarness/RemittanceID' is present

2024-08-28 22:59:07 - [MESSAGE][PASSED] - Text '649' is set on object 'Object Repository/IWP30/Page_QATestHarness/ApplicationID'

2024-08-28 22:59:08 - [MESSAGE][PASSED] - Text '3.0' is set on object 'Object Repository/IWP30/Page_QATestHarness/MessageVersion'

2024-08-28 22:59:08 - [MESSAGE][PASSED] - Text 'BLmdq2zEEpCU' is set on object 'Object Repository/IWP30/Page_QATestHarness/RemittanceID'

2024-08-28 22:59:10 - [MESSAGE][PASSED] - Object: 'Object Repository/IWP30/Page_QATestHarness/SubmitButton' is clicked on

2024-08-28 22:59:10 - [MESSAGE][PASSED] - iwpPages.TestHarnessPage.setDataMethod is PASSED

2024-08-28 22:59:10 - [TEST_STEP][PASSED] - if (verifyElementPresent(findTestObject("Object Repository/IWP30/Page_SelectPaymentMethod/PayByCreditCard"), 30)): null

2024-08-28 22:59:10 - [MESSAGE][PASSED] - Object 'Object Repository/IWP30/Page_SelectPaymentMethod/PayByCreditCard' is present

2024-08-28 22:59:10 - [TEST_STEP][PASSED] - println("We are on Select Payment Method page, start populating"): null

2024-08-28 22:59:10 - [TEST_STEP][PASSED] - check(findTestObject("Object Repository/IWP30/Page_SelectPaymentMethod/PayByCreditCard")): Object 'Object Repository/IWP30/Page_SelectPaymentMethod/PayByCreditCard' is checked

2024-08-28 22:59:10 - [MESSAGE][PASSED] - Object 'Object Repository/IWP30/Page_SelectPaymentMethod/PayByCreditCard' is checked

2024-08-28 22:59:10 - [TEST_STEP][PASSED] - Thread.sleep(1000): null

2024-08-28 22:59:11 - [TEST_STEP][PASSED] - click(findTestObject("Object Repository/IWP30/Page_SelectPaymentMethod/MakePaymentButton")): Object: 'Object Repository/IWP30/Page_SelectPaymentMethod/MakePaymentButton' is clicked on

2024-08-28 22:59:13 - [MESSAGE][PASSED] - Object: 'Object Repository/IWP30/Page_SelectPaymentMethod/MakePaymentButton' is clicked on

2024-08-28 22:59:13 - [TEST_STEP][PASSED] - iwpPages.ccPaymentEntryPage.setDataCCPM(row, dataFile): iwpPages.ccPaymentEntryPage.setDataCCPM is PASSED

2024-08-28 22:59:14 - [MESSAGE][PASSED] - Object 'Object Repository/IWP30/Page_CCPaymentEntry/Name' is present

2024-08-28 22:59:14 - [MESSAGE][PASSED] - Object 'Object Repository/IWP30/Page_CCPaymentEntry/Amount' is present

2024-08-28 22:59:15 - [MESSAGE][PASSED] - Object 'Object Repository/IWP30/Page_CCPaymentEntry/UserDefined2' is present

2024-08-28 22:59:15 - [MESSAGE][PASSED] - Object 'Object Repository/IWP30/Page_CCPaymentEntry/UserDefined3' is present

2024-08-28 22:59:15 - [MESSAGE][PASSED] - Object 'Object Repository/IWP30/Page_CCPaymentEntry/UserDefined7' is present

2024-08-28 22:59:15 - [MESSAGE][PASSED] - Object 'Object Repository/IWP30/Page_CCPaymentEntry/UserDefined8' is present

2024-08-28 22:59:16 - [MESSAGE][PASSED] - Object 'Object Repository/IWP30/Page_CCPaymentEntry/Name' is present

2024-08-28 22:59:16 - [MESSAGE][PASSED] - Object 'Object Repository/IWP30/Page_CCPaymentEntry/CardNumber' is present

2024-08-28 22:59:17 - [MESSAGE][PASSED] - Text '4111111111111111' is set on object 'Object Repository/IWP30/Page_CCPaymentEntry/CardNumber'

2024-08-28 22:59:17 - [MESSAGE][PASSED] - Object 'Object Repository/IWP30/Page_CCPaymentEntry/SPC' is present

2024-08-28 22:59:18 - [MESSAGE][PASSED] - Text '123' is set on object 'Object Repository/IWP30/Page_CCPaymentEntry/SPC'

2024-08-28 22:59:18 - [MESSAGE][PASSED] - Object 'Object Repository/IWP30/Page_CCPaymentEntry/Month' is present

2024-08-28 22:59:19 - [MESSAGE][PASSED] - All options with label '09' are selected in object 'Object Repository/IWP30/Page_CCPaymentEntry/Month' 

2024-08-28 22:59:19 - [MESSAGE][PASSED] - Object 'Object Repository/IWP30/Page_CCPaymentEntry/Year' is present

2024-08-28 22:59:20 - [MESSAGE][PASSED] - All options with label '2028' are selected in object 'Object Repository/IWP30/Page_CCPaymentEntry/Year' 

2024-08-28 22:59:20 - [MESSAGE][PASSED] - Object 'Object Repository/IWP30/Page_CCPaymentEntry/ProcessDate' is present

2024-08-28 22:59:21 - [MESSAGE][PASSED] - Object 'Object Repository/IWP30/Page_CCPaymentEntry/AL1' is present

2024-08-28 22:59:21 - [MESSAGE][PASSED] - Object 'Object Repository/IWP30/Page_CCPaymentEntry/AL2' is present

2024-08-28 22:59:21 - [MESSAGE][PASSED] - Object 'Object Repository/IWP30/Page_CCPaymentEntry/ZIP' is present

2024-08-28 22:59:22 - [MESSAGE][PASSED] - Object 'Object Repository/IWP30/Page_CCPaymentEntry/EmailAddress' is present

2024-08-28 22:59:22 - [MESSAGE][PASSED] - Object 'Object Repository/IWP30/Page_CCPaymentEntry/TermCondCheckBox' is present

2024-08-28 22:59:22 - [MESSAGE][PASSED] - Object 'Object Repository/IWP30/Page_CCPaymentEntry/TermCondCheckBox' is checked

2024-08-28 22:59:23 - [MESSAGE][PASSED] - Object 'Object Repository/IWP30/Page_CCPaymentEntry/ContinueButton' is present

2024-08-28 22:59:24 - [MESSAGE][PASSED] - Object: 'Object Repository/IWP30/Page_CCPaymentEntry/ContinueButton' is clicked on

2024-08-28 22:59:24 - [MESSAGE][PASSED] - iwpPages.ccPaymentEntryPage.setDataCCPM is PASSED

2024-08-28 22:59:24 - [TEST_STEP][PASSED] - if (verifyTextPresent("Please verify the following information", false)): null

2024-08-28 22:59:24 - [MESSAGE][PASSED] - Text 'Please verify the following information' is present on page 

2024-08-28 22:59:24 - [TEST_STEP][PASSED] - println("Please verify the following information text is present on the Confirmation page"): null

2024-08-28 22:59:24 - [TEST_STEP][PASSED] - if (verifyTextPresent("Is this information correct?", false)): null

2024-08-28 22:59:24 - [MESSAGE][PASSED] - Text 'Is this information correct?' is present on page 

2024-08-28 22:59:24 - [TEST_STEP][PASSED] - println("Is this information correct text is present on the Confirmation page"): null

2024-08-28 22:59:24 - [TEST_STEP][PASSED] - if (verifyElementPresent(findTestObject("Object Repository/IWP30/Page_Confirmation/ConfirmButton"), 30)): null

2024-08-28 22:59:25 - [MESSAGE][PASSED] - Object 'Object Repository/IWP30/Page_Confirmation/ConfirmButton' is present

2024-08-28 22:59:25 - [TEST_STEP][PASSED] - click(findTestObject("Object Repository/IWP30/Page_Confirmation/ConfirmButton")): Object: 'Object Repository/IWP30/Page_Confirmation/ConfirmButton' is clicked on

2024-08-28 22:59:26 - [MESSAGE][PASSED] - Object: 'Object Repository/IWP30/Page_Confirmation/ConfirmButton' is clicked on

2024-08-28 22:59:26 - [TEST_STEP][PASSED] - Thread.sleep(10000): null

2024-08-28 22:59:36 - [TEST_STEP][PASSED] - if (verifyTextPresent("Successful Payment Receipt", false)): null

2024-08-28 22:59:36 - [MESSAGE][PASSED] - Text 'Successful Payment Receipt' is present on page 

2024-08-28 22:59:36 - [TEST_STEP][PASSED] - println("Successful Payment Receipt text is present on the Receipt page"): null

2024-08-28 22:59:36 - [TEST_STEP][PASSED] - if (verifyTextPresent("Please print this receipt for your records", false)): null

2024-08-28 22:59:36 - [MESSAGE][PASSED] - Text 'Please print this receipt for your records' is present on page 

2024-08-28 22:59:36 - [TEST_STEP][PASSED] - println("Please print this receipt for your records text is present on the Receipt page"): null

2024-08-28 22:59:36 - [TEST_STEP][PASSED] - if (verifyElementPresent(findTestObject("Object Repository/IWP30/Page_Receipt/ExitButton"), 30)): null

2024-08-28 22:59:37 - [MESSAGE][PASSED] - Object 'Object Repository/IWP30/Page_Receipt/ExitButton' is present

2024-08-28 22:59:37 - [TEST_STEP][PASSED] - println("Exit Button is present on the Receipt page"): null

2024-08-28 22:59:37 - [TEST_STEP][PASSED] - closeBrowser(): Browser is closed

2024-08-28 22:59:38 - [MESSAGE][PASSED] - Browser is closed

2024-08-28 22:59:38 - [TEST_STEP][PASSED] - openBrowser(urlEmulator): Browser is opened with url: 'https://qa2.velocitypayment.com/agency/config.do?action=editor'

2024-08-28 22:59:38 - [MESSAGE][INFO] - Starting 'Chrome' driver

2024-08-28 22:59:38 - [MESSAGE][INFO] - User set preference: ['acceptInsecureCerts', 'true']

2024-08-28 22:59:38 - [MESSAGE][INFO] - Action delay is set to 0 milliseconds

2024-08-28 22:59:40 - [MESSAGE][PASSED] - Browser is opened with url: 'https://qa2.velocitypayment.com/agency/config.do?action=editor'

2024-08-28 22:59:40 - [TEST_STEP][PASSED] - maximizeWindow(): Current window maximized

2024-08-28 22:59:40 - [MESSAGE][PASSED] - Current window maximized

2024-08-28 22:59:40 - [TEST_STEP][PASSED] - iwpPages.emulatorIWP30.getSetData(row, dataFile): iwpPages.emulatorIWP30.getSetData is PASSED

2024-08-28 22:59:42 - [MESSAGE][PASSED] - All options with value '3.0' are selected in object 'Object Repository/IWP30/Page_VRelay30Emulator/MV'  using regular expression

2024-08-28 22:59:43 - [MESSAGE][PASSED] - Text '29.50' is set on object 'Object Repository/IWP30/Page_VRelay30Emulator/Amount'

2024-08-28 22:59:44 - [MESSAGE][PASSED] - Text '26412109' is set on object 'Object Repository/IWP30/Page_VRelay30Emulator/CAN'

2024-08-28 22:59:44 - [MESSAGE][PASSED] - Text 'PayNow' is set on object 'Object Repository/IWP30/Page_VRelay30Emulator/Action'

2024-08-28 22:59:45 - [MESSAGE][PASSED] - Text 'en_US' is set on object 'Object Repository/IWP30/Page_VRelay30Emulator/Lang'

2024-08-28 22:59:46 - [MESSAGE][PASSED] - Text 'Jonty' is set on object 'Object Repository/IWP30/Page_VRelay30Emulator/Fname'

2024-08-28 22:59:46 - [MESSAGE][PASSED] - Text 'Smith' is set on object 'Object Repository/IWP30/Page_VRelay30Emulator/Lname'

2024-08-28 22:59:47 - [MESSAGE][PASSED] - Text '15 Elm St' is set on object 'Object Repository/IWP30/Page_VRelay30Emulator/AL1'

2024-08-28 22:59:48 - [MESSAGE][PASSED] - Text 'Suite 600' is set on object 'Object Repository/IWP30/Page_VRelay30Emulator/AL2'

2024-08-28 22:59:48 - [MESSAGE][PASSED] - Text '840' is set on object 'Object Repository/IWP30/Page_VRelay30Emulator/Country'

2024-08-28 22:59:49 - [MESSAGE][PASSED] - Text 'Gambrills' is set on object 'Object Repository/IWP30/Page_VRelay30Emulator/City'

2024-08-28 22:59:50 - [MESSAGE][PASSED] - Text 'MD' is set on object 'Object Repository/IWP30/Page_VRelay30Emulator/State'

2024-08-28 22:59:50 - [MESSAGE][PASSED] - Text '21054' is set on object 'Object Repository/IWP30/Page_VRelay30Emulator/ZIP'

2024-08-28 22:59:51 - [MESSAGE][PASSED] - Text '' is set on object 'Object Repository/IWP30/Page_VRelay30Emulator/Order'

2024-08-28 22:59:52 - [MESSAGE][PASSED] - Text '' is set on object 'Object Repository/IWP30/Page_VRelay30Emulator/Company'

2024-08-28 22:59:52 - [MESSAGE][PASSED] - Text 'iahmed@govolution.com' is set on object 'Object Repository/IWP30/Page_VRelay30Emulator/Email'

2024-08-28 22:59:53 - [MESSAGE][PASSED] - Text 'udf data 1' is set on object 'Object Repository/IWP30/Page_VRelay30Emulator/UDF1'

2024-08-28 22:59:54 - [MESSAGE][PASSED] - Text 'udf data 2' is set on object 'Object Repository/IWP30/Page_VRelay30Emulator/UDF2'

2024-08-28 22:59:54 - [MESSAGE][PASSED] - Text 'udf data 3' is set on object 'Object Repository/IWP30/Page_VRelay30Emulator/UDF3'

2024-08-28 22:59:55 - [MESSAGE][PASSED] - Text 'udf data 4' is set on object 'Object Repository/IWP30/Page_VRelay30Emulator/UDF4'

2024-08-28 22:59:56 - [MESSAGE][PASSED] - Text 'udf data 5' is set on object 'Object Repository/IWP30/Page_VRelay30Emulator/UDF5'

2024-08-28 22:59:56 - [MESSAGE][PASSED] - Text 'udf data 6' is set on object 'Object Repository/IWP30/Page_VRelay30Emulator/UDF6'

2024-08-28 22:59:57 - [MESSAGE][PASSED] - Text 'Orange' is set on object 'Object Repository/IWP30/Page_VRelay30Emulator/UDF7'

2024-08-28 22:59:58 - [MESSAGE][PASSED] - Text 'Soccer' is set on object 'Object Repository/IWP30/Page_VRelay30Emulator/UDF8'

2024-08-28 22:59:58 - [MESSAGE][PASSED] - Text 'udf data 9' is set on object 'Object Repository/IWP30/Page_VRelay30Emulator/UDF9'

2024-08-28 22:59:59 - [MESSAGE][PASSED] - Text 'udf data 10' is set on object 'Object Repository/IWP30/Page_VRelay30Emulator/UDF10'

2024-08-28 23:00:10 - [MESSAGE][PASSED] - Object: 'Object Repository/IWP30/Page_VRelay30Emulator/Submit' is clicked on

2024-08-28 23:00:10 - [MESSAGE][PASSED] - iwpPages.emulatorIWP30.getSetData is PASSED

2024-08-28 23:00:10 - [TEST_STEP][PASSED] - closeBrowser(): Browser is closed

2024-08-28 23:00:11 - [MESSAGE][PASSED] - Browser is closed

2024-08-28 23:00:11 - [TEST_STEP][PASSED] - openBrowser(urlTestHarness): Browser is opened with url: 'https://dev-algorithm.govolution.com/vrelaytest/QA2/version_2_2/vrelaytest.html'

2024-08-28 23:00:11 - [MESSAGE][INFO] - Starting 'Chrome' driver

2024-08-28 23:00:11 - [MESSAGE][INFO] - User set preference: ['acceptInsecureCerts', 'true']

2024-08-28 23:00:11 - [MESSAGE][INFO] - Action delay is set to 0 milliseconds

2024-08-28 23:00:13 - [MESSAGE][PASSED] - Browser is opened with url: 'https://dev-algorithm.govolution.com/vrelaytest/QA2/version_2_2/vrelaytest.html'

2024-08-28 23:00:13 - [TEST_STEP][PASSED] - maximizeWindow(): Current window maximized

2024-08-28 23:00:13 - [MESSAGE][PASSED] - Current window maximized

2024-08-28 23:00:13 - [TEST_STEP][PASSED] - iwpPages.TestHarnessPage.setDataMethod(row, dataFile): iwpPages.TestHarnessPage.setDataMethod is PASSED

2024-08-28 23:00:13 - [MESSAGE][PASSED] - Object 'Object Repository/IWP30/Page_QATestHarness/RemittanceID' is present

2024-08-28 23:00:14 - [MESSAGE][PASSED] - Text '649' is set on object 'Object Repository/IWP30/Page_QATestHarness/ApplicationID'

2024-08-28 23:00:15 - [MESSAGE][PASSED] - Text '3.0' is set on object 'Object Repository/IWP30/Page_QATestHarness/MessageVersion'

2024-08-28 23:00:15 - [MESSAGE][PASSED] - Text 'bxMbmp4836Uj' is set on object 'Object Repository/IWP30/Page_QATestHarness/RemittanceID'

2024-08-28 23:00:17 - [MESSAGE][PASSED] - Object: 'Object Repository/IWP30/Page_QATestHarness/SubmitButton' is clicked on

2024-08-28 23:00:17 - [MESSAGE][PASSED] - iwpPages.TestHarnessPage.setDataMethod is PASSED

2024-08-28 23:00:17 - [TEST_STEP][PASSED] - if (verifyElementPresent(findTestObject("Object Repository/IWP30/Page_SelectPaymentMethod/PayByCreditCard"), 30)): null

2024-08-28 23:00:17 - [MESSAGE][PASSED] - Object 'Object Repository/IWP30/Page_SelectPaymentMethod/PayByCreditCard' is present

2024-08-28 23:00:17 - [TEST_STEP][PASSED] - println("We are on Select Payment Method page, start populating"): null

2024-08-28 23:00:17 - [TEST_STEP][PASSED] - check(findTestObject("Object Repository/IWP30/Page_SelectPaymentMethod/PayByCreditCard")): Object 'Object Repository/IWP30/Page_SelectPaymentMethod/PayByCreditCard' is checked

2024-08-28 23:00:17 - [MESSAGE][PASSED] - Object 'Object Repository/IWP30/Page_SelectPaymentMethod/PayByCreditCard' is checked

2024-08-28 23:00:17 - [TEST_STEP][PASSED] - Thread.sleep(1000): null

2024-08-28 23:00:18 - [TEST_STEP][PASSED] - click(findTestObject("Object Repository/IWP30/Page_SelectPaymentMethod/MakePaymentButton")): Object: 'Object Repository/IWP30/Page_SelectPaymentMethod/MakePaymentButton' is clicked on

2024-08-28 23:00:19 - [MESSAGE][PASSED] - Object: 'Object Repository/IWP30/Page_SelectPaymentMethod/MakePaymentButton' is clicked on

2024-08-28 23:00:19 - [TEST_STEP][PASSED] - iwpPages.ccPaymentEntryPage.setDataCCPM(row, dataFile): iwpPages.ccPaymentEntryPage.setDataCCPM is PASSED

2024-08-28 23:00:21 - [MESSAGE][PASSED] - Object 'Object Repository/IWP30/Page_CCPaymentEntry/Name' is present

2024-08-28 23:00:21 - [MESSAGE][PASSED] - Object 'Object Repository/IWP30/Page_CCPaymentEntry/Amount' is present

2024-08-28 23:00:22 - [MESSAGE][PASSED] - Text '20.50' is set on object 'Object Repository/IWP30/Page_CCPaymentEntry/Amount'

2024-08-28 23:00:22 - [MESSAGE][PASSED] - Object 'Object Repository/IWP30/Page_CCPaymentEntry/UserDefined2' is present

2024-08-28 23:00:23 - [MESSAGE][PASSED] - Text 'Circle' is set on object 'Object Repository/IWP30/Page_CCPaymentEntry/UserDefined2'

2024-08-28 23:00:23 - [MESSAGE][PASSED] - Object 'Object Repository/IWP30/Page_CCPaymentEntry/UserDefined3' is present

2024-08-28 23:00:24 - [MESSAGE][PASSED] - Text 'Triangle' is set on object 'Object Repository/IWP30/Page_CCPaymentEntry/UserDefined3'

2024-08-28 23:00:24 - [MESSAGE][PASSED] - Object 'Object Repository/IWP30/Page_CCPaymentEntry/UserDefined7' is present

2024-08-28 23:00:25 - [MESSAGE][PASSED] - All options with label 'Purple' are selected in object 'Object Repository/IWP30/Page_CCPaymentEntry/UserDefined7' 

2024-08-28 23:00:25 - [MESSAGE][PASSED] - Object 'Object Repository/IWP30/Page_CCPaymentEntry/UserDefined8' is present

2024-08-28 23:00:26 - [MESSAGE][PASSED] - All options with label 'Tennis' are selected in object 'Object Repository/IWP30/Page_CCPaymentEntry/UserDefined8' 

2024-08-28 23:00:26 - [MESSAGE][PASSED] - Object 'Object Repository/IWP30/Page_CCPaymentEntry/Name' is present

2024-08-28 23:00:27 - [MESSAGE][PASSED] - Text 'Alan Donald' is set on object 'Object Repository/IWP30/Page_CCPaymentEntry/Name'

2024-08-28 23:00:27 - [MESSAGE][PASSED] - Object 'Object Repository/IWP30/Page_CCPaymentEntry/CardNumber' is present

2024-08-28 23:00:28 - [MESSAGE][PASSED] - Text '4111111111111111' is set on object 'Object Repository/IWP30/Page_CCPaymentEntry/CardNumber'

2024-08-28 23:00:28 - [MESSAGE][PASSED] - Object 'Object Repository/IWP30/Page_CCPaymentEntry/SPC' is present

2024-08-28 23:00:29 - [MESSAGE][PASSED] - Text '258' is set on object 'Object Repository/IWP30/Page_CCPaymentEntry/SPC'

2024-08-28 23:00:29 - [MESSAGE][PASSED] - Object 'Object Repository/IWP30/Page_CCPaymentEntry/Month' is present

2024-08-28 23:00:29 - [MESSAGE][PASSED] - All options with label '10' are selected in object 'Object Repository/IWP30/Page_CCPaymentEntry/Month' 

2024-08-28 23:00:30 - [MESSAGE][PASSED] - Object 'Object Repository/IWP30/Page_CCPaymentEntry/Year' is present

2024-08-28 23:00:30 - [MESSAGE][PASSED] - All options with label '2028' are selected in object 'Object Repository/IWP30/Page_CCPaymentEntry/Year' 

2024-08-28 23:00:31 - [MESSAGE][PASSED] - Object 'Object Repository/IWP30/Page_CCPaymentEntry/ProcessDate' is present

2024-08-28 23:00:31 - [MESSAGE][PASSED] - Object 'Object Repository/IWP30/Page_CCPaymentEntry/AL1' is present

2024-08-28 23:00:32 - [MESSAGE][PASSED] - Text 'Mera AL1' is set on object 'Object Repository/IWP30/Page_CCPaymentEntry/AL1'

2024-08-28 23:00:32 - [MESSAGE][PASSED] - Object 'Object Repository/IWP30/Page_CCPaymentEntry/AL2' is present

2024-08-28 23:00:33 - [MESSAGE][PASSED] - Text 'Mera AL2' is set on object 'Object Repository/IWP30/Page_CCPaymentEntry/AL2'

2024-08-28 23:00:33 - [MESSAGE][PASSED] - Object 'Object Repository/IWP30/Page_CCPaymentEntry/ZIP' is present

2024-08-28 23:00:34 - [MESSAGE][PASSED] - Text '21054' is set on object 'Object Repository/IWP30/Page_CCPaymentEntry/ZIP'

2024-08-28 23:00:34 - [MESSAGE][PASSED] - Object 'Object Repository/IWP30/Page_CCPaymentEntry/EmailAddress' is present

2024-08-28 23:00:35 - [MESSAGE][PASSED] - Text 'merae@gmail.com' is set on object 'Object Repository/IWP30/Page_CCPaymentEntry/EmailAddress'

2024-08-28 23:00:36 - [MESSAGE][PASSED] - Object 'Object Repository/IWP30/Page_CCPaymentEntry/TermCondCheckBox' is present

2024-08-28 23:00:36 - [MESSAGE][PASSED] - Object 'Object Repository/IWP30/Page_CCPaymentEntry/TermCondCheckBox' is checked

2024-08-28 23:00:36 - [MESSAGE][PASSED] - Object 'Object Repository/IWP30/Page_CCPaymentEntry/ContinueButton' is present

2024-08-28 23:00:37 - [MESSAGE][PASSED] - Object: 'Object Repository/IWP30/Page_CCPaymentEntry/ContinueButton' is clicked on

2024-08-28 23:00:37 - [MESSAGE][PASSED] - iwpPages.ccPaymentEntryPage.setDataCCPM is PASSED

2024-08-28 23:00:37 - [TEST_STEP][PASSED] - if (verifyTextPresent("Please verify the following information", false)): null

2024-08-28 23:00:38 - [MESSAGE][PASSED] - Text 'Please verify the following information' is present on page 

2024-08-28 23:00:38 - [TEST_STEP][PASSED] - println("Please verify the following information text is present on the Confirmation page"): null

2024-08-28 23:00:38 - [TEST_STEP][PASSED] - if (verifyTextPresent("Is this information correct?", false)): null

2024-08-28 23:00:38 - [MESSAGE][PASSED] - Text 'Is this information correct?' is present on page 

2024-08-28 23:00:38 - [TEST_STEP][PASSED] - println("Is this information correct text is present on the Confirmation page"): null

2024-08-28 23:00:38 - [TEST_STEP][PASSED] - if (verifyElementPresent(findTestObject("Object Repository/IWP30/Page_Confirmation/ConfirmButton"), 30)): null

2024-08-28 23:00:38 - [MESSAGE][PASSED] - Object 'Object Repository/IWP30/Page_Confirmation/ConfirmButton' is present

2024-08-28 23:00:38 - [TEST_STEP][PASSED] - click(findTestObject("Object Repository/IWP30/Page_Confirmation/ConfirmButton")): Object: 'Object Repository/IWP30/Page_Confirmation/ConfirmButton' is clicked on

2024-08-28 23:00:39 - [MESSAGE][PASSED] - Object: 'Object Repository/IWP30/Page_Confirmation/ConfirmButton' is clicked on

2024-08-28 23:00:39 - [TEST_STEP][PASSED] - Thread.sleep(10000): null

2024-08-28 23:00:49 - [TEST_STEP][PASSED] - if (verifyTextPresent("Successful Payment Receipt", false)): null

2024-08-28 23:00:50 - [MESSAGE][PASSED] - Text 'Successful Payment Receipt' is present on page 

2024-08-28 23:00:50 - [TEST_STEP][PASSED] - println("Successful Payment Receipt text is present on the Receipt page"): null

2024-08-28 23:00:50 - [TEST_STEP][PASSED] - if (verifyTextPresent("Please print this receipt for your records", false)): null

2024-08-28 23:00:50 - [MESSAGE][PASSED] - Text 'Please print this receipt for your records' is present on page 

2024-08-28 23:00:50 - [TEST_STEP][PASSED] - println("Please print this receipt for your records text is present on the Receipt page"): null

2024-08-28 23:00:50 - [TEST_STEP][PASSED] - if (verifyElementPresent(findTestObject("Object Repository/IWP30/Page_Receipt/ExitButton"), 30)): null

2024-08-28 23:00:50 - [MESSAGE][PASSED] - Object 'Object Repository/IWP30/Page_Receipt/ExitButton' is present

2024-08-28 23:00:50 - [TEST_STEP][PASSED] - println("Exit Button is present on the Receipt page"): null

2024-08-28 23:00:50 - [TEST_STEP][PASSED] - closeBrowser(): Browser is closed

2024-08-28 23:00:52 - [MESSAGE][PASSED] - Browser is closed

2024-08-28 23:00:52 - [TEST_STEP][PASSED] - openBrowser(urlEmulator): Browser is opened with url: 'https://qa2.velocitypayment.com/agency/config.do?action=editor'

2024-08-28 23:00:52 - [MESSAGE][INFO] - Starting 'Chrome' driver

2024-08-28 23:00:52 - [MESSAGE][INFO] - User set preference: ['acceptInsecureCerts', 'true']

2024-08-28 23:00:52 - [MESSAGE][INFO] - Action delay is set to 0 milliseconds

2024-08-28 23:00:54 - [MESSAGE][PASSED] - Browser is opened with url: 'https://qa2.velocitypayment.com/agency/config.do?action=editor'

2024-08-28 23:00:54 - [TEST_STEP][PASSED] - maximizeWindow(): Current window maximized

2024-08-28 23:00:54 - [MESSAGE][PASSED] - Current window maximized

2024-08-28 23:00:54 - [TEST_STEP][PASSED] - iwpPages.emulatorIWP30.getSetData(row, dataFile): iwpPages.emulatorIWP30.getSetData is PASSED

2024-08-28 23:00:56 - [MESSAGE][PASSED] - All options with value '3.0' are selected in object 'Object Repository/IWP30/Page_VRelay30Emulator/MV'  using regular expression

2024-08-28 23:00:57 - [MESSAGE][PASSED] - Text '10.50' is set on object 'Object Repository/IWP30/Page_VRelay30Emulator/Amount'

2024-08-28 23:00:57 - [MESSAGE][PASSED] - Text '26411005' is set on object 'Object Repository/IWP30/Page_VRelay30Emulator/CAN'

2024-08-28 23:00:58 - [MESSAGE][PASSED] - Text 'PayNow' is set on object 'Object Repository/IWP30/Page_VRelay30Emulator/Action'

2024-08-28 23:00:59 - [MESSAGE][PASSED] - Text 'en_US' is set on object 'Object Repository/IWP30/Page_VRelay30Emulator/Lang'

2024-08-28 23:00:59 - [MESSAGE][PASSED] - Text '' is set on object 'Object Repository/IWP30/Page_VRelay30Emulator/Fname'

2024-08-28 23:01:00 - [MESSAGE][PASSED] - Text '' is set on object 'Object Repository/IWP30/Page_VRelay30Emulator/Lname'

2024-08-28 23:01:01 - [MESSAGE][PASSED] - Text '' is set on object 'Object Repository/IWP30/Page_VRelay30Emulator/AL1'

2024-08-28 23:01:01 - [MESSAGE][PASSED] - Text '' is set on object 'Object Repository/IWP30/Page_VRelay30Emulator/AL2'

2024-08-28 23:01:02 - [MESSAGE][PASSED] - Text '840' is set on object 'Object Repository/IWP30/Page_VRelay30Emulator/Country'

2024-08-28 23:01:03 - [MESSAGE][PASSED] - Text '' is set on object 'Object Repository/IWP30/Page_VRelay30Emulator/City'

2024-08-28 23:01:03 - [MESSAGE][PASSED] - Text '' is set on object 'Object Repository/IWP30/Page_VRelay30Emulator/State'

2024-08-28 23:01:04 - [MESSAGE][PASSED] - Text '' is set on object 'Object Repository/IWP30/Page_VRelay30Emulator/ZIP'

2024-08-28 23:01:05 - [MESSAGE][PASSED] - Text '' is set on object 'Object Repository/IWP30/Page_VRelay30Emulator/Order'

2024-08-28 23:01:05 - [MESSAGE][PASSED] - Text '' is set on object 'Object Repository/IWP30/Page_VRelay30Emulator/Company'

2024-08-28 23:01:06 - [MESSAGE][PASSED] - Text '' is set on object 'Object Repository/IWP30/Page_VRelay30Emulator/Email'

2024-08-28 23:01:07 - [MESSAGE][PASSED] - Text '' is set on object 'Object Repository/IWP30/Page_VRelay30Emulator/UDF1'

2024-08-28 23:01:07 - [MESSAGE][PASSED] - Text '' is set on object 'Object Repository/IWP30/Page_VRelay30Emulator/UDF2'

2024-08-28 23:01:08 - [MESSAGE][PASSED] - Text '' is set on object 'Object Repository/IWP30/Page_VRelay30Emulator/UDF3'

2024-08-28 23:01:09 - [MESSAGE][PASSED] - Text 'udf data 4' is set on object 'Object Repository/IWP30/Page_VRelay30Emulator/UDF4'

2024-08-28 23:01:09 - [MESSAGE][PASSED] - Text 'udf data 5' is set on object 'Object Repository/IWP30/Page_VRelay30Emulator/UDF5'

2024-08-28 23:01:10 - [MESSAGE][PASSED] - Text '' is set on object 'Object Repository/IWP30/Page_VRelay30Emulator/UDF6'

2024-08-28 23:01:11 - [MESSAGE][PASSED] - Text '' is set on object 'Object Repository/IWP30/Page_VRelay30Emulator/UDF7'

2024-08-28 23:01:11 - [MESSAGE][PASSED] - Text '' is set on object 'Object Repository/IWP30/Page_VRelay30Emulator/UDF8'

2024-08-28 23:01:12 - [MESSAGE][PASSED] - Text 'udf data 9' is set on object 'Object Repository/IWP30/Page_VRelay30Emulator/UDF9'

2024-08-28 23:01:13 - [MESSAGE][PASSED] - Text 'udf data 10' is set on object 'Object Repository/IWP30/Page_VRelay30Emulator/UDF10'

2024-08-28 23:01:23 - [MESSAGE][PASSED] - Object: 'Object Repository/IWP30/Page_VRelay30Emulator/Submit' is clicked on

2024-08-28 23:01:23 - [MESSAGE][PASSED] - iwpPages.emulatorIWP30.getSetData is PASSED

2024-08-28 23:01:23 - [TEST_STEP][PASSED] - closeBrowser(): Browser is closed

2024-08-28 23:01:25 - [MESSAGE][PASSED] - Browser is closed

2024-08-28 23:01:25 - [TEST_STEP][PASSED] - openBrowser(urlTestHarness): Browser is opened with url: 'https://dev-algorithm.govolution.com/vrelaytest/QA2/version_2_2/vrelaytest.html'

2024-08-28 23:01:25 - [MESSAGE][INFO] - Starting 'Chrome' driver

2024-08-28 23:01:25 - [MESSAGE][INFO] - User set preference: ['acceptInsecureCerts', 'true']

2024-08-28 23:01:25 - [MESSAGE][INFO] - Action delay is set to 0 milliseconds

2024-08-28 23:01:27 - [MESSAGE][PASSED] - Browser is opened with url: 'https://dev-algorithm.govolution.com/vrelaytest/QA2/version_2_2/vrelaytest.html'

2024-08-28 23:01:27 - [TEST_STEP][PASSED] - maximizeWindow(): Current window maximized

2024-08-28 23:01:27 - [MESSAGE][PASSED] - Current window maximized

2024-08-28 23:01:27 - [TEST_STEP][PASSED] - iwpPages.TestHarnessPage.setDataMethod(row, dataFile): iwpPages.TestHarnessPage.setDataMethod is PASSED

2024-08-28 23:01:27 - [MESSAGE][PASSED] - Object 'Object Repository/IWP30/Page_QATestHarness/RemittanceID' is present

2024-08-28 23:01:28 - [MESSAGE][PASSED] - Text '649' is set on object 'Object Repository/IWP30/Page_QATestHarness/ApplicationID'

2024-08-28 23:01:29 - [MESSAGE][PASSED] - Text '3.0' is set on object 'Object Repository/IWP30/Page_QATestHarness/MessageVersion'

2024-08-28 23:01:29 - [MESSAGE][PASSED] - Text '1Bdfh2YES2Tt' is set on object 'Object Repository/IWP30/Page_QATestHarness/RemittanceID'

2024-08-28 23:01:31 - [MESSAGE][PASSED] - Object: 'Object Repository/IWP30/Page_QATestHarness/SubmitButton' is clicked on

2024-08-28 23:01:31 - [MESSAGE][PASSED] - iwpPages.TestHarnessPage.setDataMethod is PASSED

2024-08-28 23:01:31 - [TEST_STEP][PASSED] - if (verifyElementPresent(findTestObject("Object Repository/IWP30/Page_SelectPaymentMethod/PayByCreditCard"), 30)): null

2024-08-28 23:01:31 - [MESSAGE][PASSED] - Object 'Object Repository/IWP30/Page_SelectPaymentMethod/PayByCreditCard' is present

2024-08-28 23:01:31 - [TEST_STEP][PASSED] - println("We are on Select Payment Method page, start populating"): null

2024-08-28 23:01:31 - [TEST_STEP][PASSED] - check(findTestObject("Object Repository/IWP30/Page_SelectPaymentMethod/PayByCreditCard")): Object 'Object Repository/IWP30/Page_SelectPaymentMethod/PayByCreditCard' is checked

2024-08-28 23:01:32 - [MESSAGE][PASSED] - Object 'Object Repository/IWP30/Page_SelectPaymentMethod/PayByCreditCard' is checked

2024-08-28 23:01:32 - [TEST_STEP][PASSED] - Thread.sleep(1000): null

2024-08-28 23:01:33 - [TEST_STEP][PASSED] - click(findTestObject("Object Repository/IWP30/Page_SelectPaymentMethod/MakePaymentButton")): Object: 'Object Repository/IWP30/Page_SelectPaymentMethod/MakePaymentButton' is clicked on

2024-08-28 23:01:34 - [MESSAGE][PASSED] - Object: 'Object Repository/IWP30/Page_SelectPaymentMethod/MakePaymentButton' is clicked on

2024-08-28 23:01:34 - [TEST_STEP][PASSED] - iwpPages.ccPaymentEntryPage.setDataCCPM(row, dataFile): iwpPages.ccPaymentEntryPage.setDataCCPM is PASSED

2024-08-28 23:01:35 - [MESSAGE][PASSED] - Object 'Object Repository/IWP30/Page_CCPaymentEntry/Name' is present

2024-08-28 23:01:35 - [MESSAGE][PASSED] - Object 'Object Repository/IWP30/Page_CCPaymentEntry/Amount' is present

2024-08-28 23:01:36 - [MESSAGE][PASSED] - Text '20.50' is set on object 'Object Repository/IWP30/Page_CCPaymentEntry/Amount'

2024-08-28 23:01:36 - [MESSAGE][PASSED] - Object 'Object Repository/IWP30/Page_CCPaymentEntry/UserDefined2' is present

2024-08-28 23:01:37 - [MESSAGE][PASSED] - Text 'Number 2' is set on object 'Object Repository/IWP30/Page_CCPaymentEntry/UserDefined2'

2024-08-28 23:01:38 - [MESSAGE][PASSED] - Object 'Object Repository/IWP30/Page_CCPaymentEntry/UserDefined3' is present

2024-08-28 23:01:38 - [MESSAGE][PASSED] - Text 'Number 3' is set on object 'Object Repository/IWP30/Page_CCPaymentEntry/UserDefined3'

2024-08-28 23:01:39 - [MESSAGE][PASSED] - Object 'Object Repository/IWP30/Page_CCPaymentEntry/UserDefined7' is present

2024-08-28 23:01:39 - [MESSAGE][PASSED] - All options with label 'Orange' are selected in object 'Object Repository/IWP30/Page_CCPaymentEntry/UserDefined7' 

2024-08-28 23:01:40 - [MESSAGE][PASSED] - Object 'Object Repository/IWP30/Page_CCPaymentEntry/UserDefined8' is present

2024-08-28 23:01:40 - [MESSAGE][PASSED] - All options with label 'Tennis' are selected in object 'Object Repository/IWP30/Page_CCPaymentEntry/UserDefined8' 

2024-08-28 23:01:41 - [MESSAGE][PASSED] - Object 'Object Repository/IWP30/Page_CCPaymentEntry/Name' is present

2024-08-28 23:01:41 - [MESSAGE][PASSED] - Text 'Mera Naam' is set on object 'Object Repository/IWP30/Page_CCPaymentEntry/Name'

2024-08-28 23:01:42 - [MESSAGE][PASSED] - Object 'Object Repository/IWP30/Page_CCPaymentEntry/CardNumber' is present

2024-08-28 23:01:42 - [MESSAGE][PASSED] - Text '5424000000000015' is set on object 'Object Repository/IWP30/Page_CCPaymentEntry/CardNumber'

2024-08-28 23:01:43 - [MESSAGE][PASSED] - Object 'Object Repository/IWP30/Page_CCPaymentEntry/SPC' is present

2024-08-28 23:01:43 - [MESSAGE][PASSED] - Text '123' is set on object 'Object Repository/IWP30/Page_CCPaymentEntry/SPC'

2024-08-28 23:01:44 - [MESSAGE][PASSED] - Object 'Object Repository/IWP30/Page_CCPaymentEntry/Month' is present

2024-08-28 23:01:44 - [MESSAGE][PASSED] - All options with label '09' are selected in object 'Object Repository/IWP30/Page_CCPaymentEntry/Month' 

2024-08-28 23:01:44 - [MESSAGE][PASSED] - Object 'Object Repository/IWP30/Page_CCPaymentEntry/Year' is present

2024-08-28 23:01:45 - [MESSAGE][PASSED] - All options with label '2028' are selected in object 'Object Repository/IWP30/Page_CCPaymentEntry/Year' 

2024-08-28 23:01:45 - [MESSAGE][PASSED] - Object 'Object Repository/IWP30/Page_CCPaymentEntry/ProcessDate' is present

2024-08-28 23:01:46 - [MESSAGE][PASSED] - Object 'Object Repository/IWP30/Page_CCPaymentEntry/AL1' is present

2024-08-28 23:01:46 - [MESSAGE][PASSED] - Text 'Mera AL1' is set on object 'Object Repository/IWP30/Page_CCPaymentEntry/AL1'

2024-08-28 23:01:46 - [MESSAGE][PASSED] - Object 'Object Repository/IWP30/Page_CCPaymentEntry/AL2' is present

2024-08-28 23:01:47 - [MESSAGE][PASSED] - Text 'Mera AL2' is set on object 'Object Repository/IWP30/Page_CCPaymentEntry/AL2'

2024-08-28 23:01:47 - [MESSAGE][PASSED] - Object 'Object Repository/IWP30/Page_CCPaymentEntry/ZIP' is present

2024-08-28 23:01:48 - [MESSAGE][PASSED] - Text '21054' is set on object 'Object Repository/IWP30/Page_CCPaymentEntry/ZIP'

2024-08-28 23:01:48 - [MESSAGE][PASSED] - Object 'Object Repository/IWP30/Page_CCPaymentEntry/EmailAddress' is present

2024-08-28 23:01:49 - [MESSAGE][PASSED] - Text 'merae@gmail.com' is set on object 'Object Repository/IWP30/Page_CCPaymentEntry/EmailAddress'

2024-08-28 23:01:50 - [MESSAGE][PASSED] - Object 'Object Repository/IWP30/Page_CCPaymentEntry/TermCondCheckBox' is present

2024-08-28 23:01:50 - [MESSAGE][PASSED] - Object 'Object Repository/IWP30/Page_CCPaymentEntry/TermCondCheckBox' is checked

2024-08-28 23:01:50 - [MESSAGE][PASSED] - Object 'Object Repository/IWP30/Page_CCPaymentEntry/ContinueButton' is present

2024-08-28 23:01:51 - [MESSAGE][PASSED] - Object: 'Object Repository/IWP30/Page_CCPaymentEntry/ContinueButton' is clicked on

2024-08-28 23:01:51 - [MESSAGE][PASSED] - iwpPages.ccPaymentEntryPage.setDataCCPM is PASSED

2024-08-28 23:01:51 - [TEST_STEP][PASSED] - if (verifyTextPresent("Please verify the following information", false)): null

2024-08-28 23:01:51 - [MESSAGE][PASSED] - Text 'Please verify the following information' is present on page 

2024-08-28 23:01:51 - [TEST_STEP][PASSED] - println("Please verify the following information text is present on the Confirmation page"): null

2024-08-28 23:01:51 - [TEST_STEP][PASSED] - if (verifyTextPresent("Is this information correct?", false)): null

2024-08-28 23:01:52 - [MESSAGE][PASSED] - Text 'Is this information correct?' is present on page 

2024-08-28 23:01:52 - [TEST_STEP][PASSED] - println("Is this information correct text is present on the Confirmation page"): null

2024-08-28 23:01:52 - [TEST_STEP][PASSED] - if (verifyElementPresent(findTestObject("Object Repository/IWP30/Page_Confirmation/ConfirmButton"), 30)): null

2024-08-28 23:01:52 - [MESSAGE][PASSED] - Object 'Object Repository/IWP30/Page_Confirmation/ConfirmButton' is present

2024-08-28 23:01:52 - [TEST_STEP][PASSED] - click(findTestObject("Object Repository/IWP30/Page_Confirmation/ConfirmButton")): Object: 'Object Repository/IWP30/Page_Confirmation/ConfirmButton' is clicked on

2024-08-28 23:01:53 - [MESSAGE][PASSED] - Object: 'Object Repository/IWP30/Page_Confirmation/ConfirmButton' is clicked on

2024-08-28 23:01:53 - [TEST_STEP][PASSED] - Thread.sleep(10000): null

2024-08-28 23:02:03 - [TEST_STEP][PASSED] - if (verifyTextPresent("Successful Payment Receipt", false)): null

2024-08-28 23:02:03 - [MESSAGE][PASSED] - Text 'Successful Payment Receipt' is present on page 

2024-08-28 23:02:03 - [TEST_STEP][PASSED] - println("Successful Payment Receipt text is present on the Receipt page"): null

2024-08-28 23:02:03 - [TEST_STEP][PASSED] - if (verifyTextPresent("Please print this receipt for your records", false)): null

2024-08-28 23:02:04 - [MESSAGE][PASSED] - Text 'Please print this receipt for your records' is present on page 

2024-08-28 23:02:04 - [TEST_STEP][PASSED] - println("Please print this receipt for your records text is present on the Receipt page"): null

2024-08-28 23:02:04 - [TEST_STEP][PASSED] - if (verifyElementPresent(findTestObject("Object Repository/IWP30/Page_Receipt/ExitButton"), 30)): null

2024-08-28 23:02:04 - [MESSAGE][PASSED] - Object 'Object Repository/IWP30/Page_Receipt/ExitButton' is present

2024-08-28 23:02:04 - [TEST_STEP][PASSED] - println("Exit Button is present on the Receipt page"): null

2024-08-28 23:02:04 - [TEST_STEP][PASSED] - closeBrowser(): Browser is closed

2024-08-28 23:02:05 - [MESSAGE][PASSED] - Browser is closed

2024-08-28 23:02:05 - [TEST_STEP][PASSED] - openBrowser(urlEmulator): Browser is opened with url: 'https://qa2.velocitypayment.com/agency/config.do?action=editor'

2024-08-28 23:02:05 - [MESSAGE][INFO] - Starting 'Chrome' driver

2024-08-28 23:02:05 - [MESSAGE][INFO] - User set preference: ['acceptInsecureCerts', 'true']

2024-08-28 23:02:05 - [MESSAGE][INFO] - Action delay is set to 0 milliseconds

2024-08-28 23:02:07 - [MESSAGE][PASSED] - Browser is opened with url: 'https://qa2.velocitypayment.com/agency/config.do?action=editor'

2024-08-28 23:02:07 - [TEST_STEP][PASSED] - maximizeWindow(): Current window maximized

2024-08-28 23:02:07 - [MESSAGE][PASSED] - Current window maximized

2024-08-28 23:02:07 - [TEST_STEP][PASSED] - iwpPages.emulatorIWP30.getSetData(row, dataFile): iwpPages.emulatorIWP30.getSetData is PASSED

2024-08-28 23:02:10 - [MESSAGE][PASSED] - All options with value '3.0' are selected in object 'Object Repository/IWP30/Page_VRelay30Emulator/MV'  using regular expression

2024-08-28 23:02:11 - [MESSAGE][PASSED] - Text '10.50' is set on object 'Object Repository/IWP30/Page_VRelay30Emulator/Amount'

2024-08-28 23:02:11 - [MESSAGE][PASSED] - Text '26411005' is set on object 'Object Repository/IWP30/Page_VRelay30Emulator/CAN'

2024-08-28 23:02:12 - [MESSAGE][PASSED] - Text 'PayNow' is set on object 'Object Repository/IWP30/Page_VRelay30Emulator/Action'

2024-08-28 23:02:13 - [MESSAGE][PASSED] - Text 'en_US' is set on object 'Object Repository/IWP30/Page_VRelay30Emulator/Lang'

2024-08-28 23:02:13 - [MESSAGE][PASSED] - Text '' is set on object 'Object Repository/IWP30/Page_VRelay30Emulator/Fname'

2024-08-28 23:02:14 - [MESSAGE][PASSED] - Text '' is set on object 'Object Repository/IWP30/Page_VRelay30Emulator/Lname'

2024-08-28 23:02:14 - [MESSAGE][PASSED] - Text '' is set on object 'Object Repository/IWP30/Page_VRelay30Emulator/AL1'

2024-08-28 23:02:15 - [MESSAGE][PASSED] - Text '' is set on object 'Object Repository/IWP30/Page_VRelay30Emulator/AL2'

2024-08-28 23:02:16 - [MESSAGE][PASSED] - Text '840' is set on object 'Object Repository/IWP30/Page_VRelay30Emulator/Country'

2024-08-28 23:02:16 - [MESSAGE][PASSED] - Text '' is set on object 'Object Repository/IWP30/Page_VRelay30Emulator/City'

2024-08-28 23:02:17 - [MESSAGE][PASSED] - Text '' is set on object 'Object Repository/IWP30/Page_VRelay30Emulator/State'

2024-08-28 23:02:18 - [MESSAGE][PASSED] - Text '' is set on object 'Object Repository/IWP30/Page_VRelay30Emulator/ZIP'

2024-08-28 23:02:18 - [MESSAGE][PASSED] - Text '' is set on object 'Object Repository/IWP30/Page_VRelay30Emulator/Order'

2024-08-28 23:02:19 - [MESSAGE][PASSED] - Text '' is set on object 'Object Repository/IWP30/Page_VRelay30Emulator/Company'

2024-08-28 23:02:20 - [MESSAGE][PASSED] - Text '' is set on object 'Object Repository/IWP30/Page_VRelay30Emulator/Email'

2024-08-28 23:02:20 - [MESSAGE][PASSED] - Text '' is set on object 'Object Repository/IWP30/Page_VRelay30Emulator/UDF1'

2024-08-28 23:02:21 - [MESSAGE][PASSED] - Text '' is set on object 'Object Repository/IWP30/Page_VRelay30Emulator/UDF2'

2024-08-28 23:02:22 - [MESSAGE][PASSED] - Text '' is set on object 'Object Repository/IWP30/Page_VRelay30Emulator/UDF3'

2024-08-28 23:02:22 - [MESSAGE][PASSED] - Text 'udf data 4' is set on object 'Object Repository/IWP30/Page_VRelay30Emulator/UDF4'

2024-08-28 23:02:23 - [MESSAGE][PASSED] - Text 'udf data 5' is set on object 'Object Repository/IWP30/Page_VRelay30Emulator/UDF5'

2024-08-28 23:02:24 - [MESSAGE][PASSED] - Text '' is set on object 'Object Repository/IWP30/Page_VRelay30Emulator/UDF6'

2024-08-28 23:02:24 - [MESSAGE][PASSED] - Text '' is set on object 'Object Repository/IWP30/Page_VRelay30Emulator/UDF7'

2024-08-28 23:02:25 - [MESSAGE][PASSED] - Text '' is set on object 'Object Repository/IWP30/Page_VRelay30Emulator/UDF8'

2024-08-28 23:02:26 - [MESSAGE][PASSED] - Text 'udf data 9' is set on object 'Object Repository/IWP30/Page_VRelay30Emulator/UDF9'

2024-08-28 23:02:26 - [MESSAGE][PASSED] - Text 'udf data 10' is set on object 'Object Repository/IWP30/Page_VRelay30Emulator/UDF10'

2024-08-28 23:02:37 - [MESSAGE][PASSED] - Object: 'Object Repository/IWP30/Page_VRelay30Emulator/Submit' is clicked on

2024-08-28 23:02:37 - [MESSAGE][PASSED] - iwpPages.emulatorIWP30.getSetData is PASSED

2024-08-28 23:02:37 - [TEST_STEP][PASSED] - closeBrowser(): Browser is closed

2024-08-28 23:02:38 - [MESSAGE][PASSED] - Browser is closed

2024-08-28 23:02:38 - [TEST_STEP][PASSED] - openBrowser(urlTestHarness): Browser is opened with url: 'https://dev-algorithm.govolution.com/vrelaytest/QA2/version_2_2/vrelaytest.html'

2024-08-28 23:02:38 - [MESSAGE][INFO] - Starting 'Chrome' driver

2024-08-28 23:02:38 - [MESSAGE][INFO] - User set preference: ['acceptInsecureCerts', 'true']

2024-08-28 23:02:38 - [MESSAGE][INFO] - Action delay is set to 0 milliseconds

2024-08-28 23:02:40 - [MESSAGE][PASSED] - Browser is opened with url: 'https://dev-algorithm.govolution.com/vrelaytest/QA2/version_2_2/vrelaytest.html'

2024-08-28 23:02:40 - [TEST_STEP][PASSED] - maximizeWindow(): Current window maximized

2024-08-28 23:02:40 - [MESSAGE][PASSED] - Current window maximized

2024-08-28 23:02:40 - [TEST_STEP][PASSED] - iwpPages.TestHarnessPage.setDataMethod(row, dataFile): iwpPages.TestHarnessPage.setDataMethod is PASSED

2024-08-28 23:02:41 - [MESSAGE][PASSED] - Object 'Object Repository/IWP30/Page_QATestHarness/RemittanceID' is present

2024-08-28 23:02:41 - [MESSAGE][PASSED] - Text '649' is set on object 'Object Repository/IWP30/Page_QATestHarness/ApplicationID'

2024-08-28 23:02:42 - [MESSAGE][PASSED] - Text '3.0' is set on object 'Object Repository/IWP30/Page_QATestHarness/MessageVersion'

2024-08-28 23:02:43 - [MESSAGE][PASSED] - Text 'PRwxLdwtNrxA' is set on object 'Object Repository/IWP30/Page_QATestHarness/RemittanceID'

2024-08-28 23:02:44 - [MESSAGE][PASSED] - Object: 'Object Repository/IWP30/Page_QATestHarness/SubmitButton' is clicked on

2024-08-28 23:02:44 - [MESSAGE][PASSED] - iwpPages.TestHarnessPage.setDataMethod is PASSED

2024-08-28 23:02:44 - [TEST_STEP][PASSED] - if (verifyElementPresent(findTestObject("Object Repository/IWP30/Page_SelectPaymentMethod/PayByCreditCard"), 30)): null

2024-08-28 23:02:45 - [MESSAGE][PASSED] - Object 'Object Repository/IWP30/Page_SelectPaymentMethod/PayByCreditCard' is present

2024-08-28 23:02:45 - [TEST_STEP][PASSED] - println("We are on Select Payment Method page, start populating"): null

2024-08-28 23:02:45 - [TEST_STEP][PASSED] - check(findTestObject("Object Repository/IWP30/Page_SelectPaymentMethod/PayByCreditCard")): Object 'Object Repository/IWP30/Page_SelectPaymentMethod/PayByCreditCard' is checked

2024-08-28 23:02:45 - [MESSAGE][PASSED] - Object 'Object Repository/IWP30/Page_SelectPaymentMethod/PayByCreditCard' is checked

2024-08-28 23:02:45 - [TEST_STEP][PASSED] - Thread.sleep(1000): null

2024-08-28 23:02:46 - [TEST_STEP][PASSED] - click(findTestObject("Object Repository/IWP30/Page_SelectPaymentMethod/MakePaymentButton")): Object: 'Object Repository/IWP30/Page_SelectPaymentMethod/MakePaymentButton' is clicked on

2024-08-28 23:02:47 - [MESSAGE][PASSED] - Object: 'Object Repository/IWP30/Page_SelectPaymentMethod/MakePaymentButton' is clicked on

2024-08-28 23:02:47 - [TEST_STEP][PASSED] - iwpPages.ccPaymentEntryPage.setDataCCPM(row, dataFile): iwpPages.ccPaymentEntryPage.setDataCCPM is PASSED

2024-08-28 23:02:48 - [MESSAGE][PASSED] - Object 'Object Repository/IWP30/Page_CCPaymentEntry/Name' is present

2024-08-28 23:02:49 - [MESSAGE][PASSED] - Object 'Object Repository/IWP30/Page_CCPaymentEntry/Amount' is present

2024-08-28 23:02:49 - [MESSAGE][PASSED] - Text '20.50' is set on object 'Object Repository/IWP30/Page_CCPaymentEntry/Amount'

2024-08-28 23:02:50 - [MESSAGE][PASSED] - Object 'Object Repository/IWP30/Page_CCPaymentEntry/UserDefined2' is present

2024-08-28 23:02:50 - [MESSAGE][PASSED] - Text 'Number 2' is set on object 'Object Repository/IWP30/Page_CCPaymentEntry/UserDefined2'

2024-08-28 23:02:51 - [MESSAGE][PASSED] - Object 'Object Repository/IWP30/Page_CCPaymentEntry/UserDefined3' is present

2024-08-28 23:02:51 - [MESSAGE][PASSED] - Text 'Number 3' is set on object 'Object Repository/IWP30/Page_CCPaymentEntry/UserDefined3'

2024-08-28 23:02:52 - [MESSAGE][PASSED] - Object 'Object Repository/IWP30/Page_CCPaymentEntry/UserDefined7' is present

2024-08-28 23:02:52 - [MESSAGE][PASSED] - All options with label 'Orange' are selected in object 'Object Repository/IWP30/Page_CCPaymentEntry/UserDefined7' 

2024-08-28 23:02:53 - [MESSAGE][PASSED] - Object 'Object Repository/IWP30/Page_CCPaymentEntry/UserDefined8' is present

2024-08-28 23:02:53 - [MESSAGE][PASSED] - All options with label 'Tennis' are selected in object 'Object Repository/IWP30/Page_CCPaymentEntry/UserDefined8' 

2024-08-28 23:02:54 - [MESSAGE][PASSED] - Object 'Object Repository/IWP30/Page_CCPaymentEntry/Name' is present

2024-08-28 23:02:54 - [MESSAGE][PASSED] - Text 'Mera Naam' is set on object 'Object Repository/IWP30/Page_CCPaymentEntry/Name'

2024-08-28 23:02:55 - [MESSAGE][PASSED] - Object 'Object Repository/IWP30/Page_CCPaymentEntry/CardNumber' is present

2024-08-28 23:02:55 - [MESSAGE][PASSED] - Text '370000000000002' is set on object 'Object Repository/IWP30/Page_CCPaymentEntry/CardNumber'

2024-08-28 23:02:56 - [MESSAGE][PASSED] - Object 'Object Repository/IWP30/Page_CCPaymentEntry/SPC' is present

2024-08-28 23:02:56 - [MESSAGE][PASSED] - Text '1234' is set on object 'Object Repository/IWP30/Page_CCPaymentEntry/SPC'

2024-08-28 23:02:57 - [MESSAGE][PASSED] - Object 'Object Repository/IWP30/Page_CCPaymentEntry/Month' is present

2024-08-28 23:02:57 - [MESSAGE][PASSED] - All options with label '09' are selected in object 'Object Repository/IWP30/Page_CCPaymentEntry/Month' 

2024-08-28 23:02:58 - [MESSAGE][PASSED] - Object 'Object Repository/IWP30/Page_CCPaymentEntry/Year' is present

2024-08-28 23:02:58 - [MESSAGE][PASSED] - All options with label '2028' are selected in object 'Object Repository/IWP30/Page_CCPaymentEntry/Year' 

2024-08-28 23:02:59 - [MESSAGE][PASSED] - Object 'Object Repository/IWP30/Page_CCPaymentEntry/ProcessDate' is present

2024-08-28 23:02:59 - [MESSAGE][PASSED] - Object 'Object Repository/IWP30/Page_CCPaymentEntry/AL1' is present

2024-08-28 23:03:00 - [MESSAGE][PASSED] - Text 'Mera AL1' is set on object 'Object Repository/IWP30/Page_CCPaymentEntry/AL1'

2024-08-28 23:03:00 - [MESSAGE][PASSED] - Object 'Object Repository/IWP30/Page_CCPaymentEntry/AL2' is present

2024-08-28 23:03:01 - [MESSAGE][PASSED] - Text 'Mera AL2' is set on object 'Object Repository/IWP30/Page_CCPaymentEntry/AL2'

2024-08-28 23:03:01 - [MESSAGE][PASSED] - Object 'Object Repository/IWP30/Page_CCPaymentEntry/ZIP' is present

2024-08-28 23:03:02 - [MESSAGE][PASSED] - Text '21054' is set on object 'Object Repository/IWP30/Page_CCPaymentEntry/ZIP'

2024-08-28 23:03:02 - [MESSAGE][PASSED] - Object 'Object Repository/IWP30/Page_CCPaymentEntry/EmailAddress' is present

2024-08-28 23:03:03 - [MESSAGE][PASSED] - Text 'merae@gmail.com' is set on object 'Object Repository/IWP30/Page_CCPaymentEntry/EmailAddress'

2024-08-28 23:03:03 - [MESSAGE][PASSED] - Object 'Object Repository/IWP30/Page_CCPaymentEntry/TermCondCheckBox' is present

2024-08-28 23:03:04 - [MESSAGE][PASSED] - Object 'Object Repository/IWP30/Page_CCPaymentEntry/TermCondCheckBox' is checked

2024-08-28 23:03:04 - [MESSAGE][PASSED] - Object 'Object Repository/IWP30/Page_CCPaymentEntry/ContinueButton' is present

2024-08-28 23:03:05 - [MESSAGE][PASSED] - Object: 'Object Repository/IWP30/Page_CCPaymentEntry/ContinueButton' is clicked on

2024-08-28 23:03:05 - [MESSAGE][PASSED] - iwpPages.ccPaymentEntryPage.setDataCCPM is PASSED

2024-08-28 23:03:05 - [TEST_STEP][PASSED] - if (verifyTextPresent("Please verify the following information", false)): null

2024-08-28 23:03:05 - [MESSAGE][PASSED] - Text 'Please verify the following information' is present on page 

2024-08-28 23:03:05 - [TEST_STEP][PASSED] - println("Please verify the following information text is present on the Confirmation page"): null

2024-08-28 23:03:05 - [TEST_STEP][PASSED] - if (verifyTextPresent("Is this information correct?", false)): null

2024-08-28 23:03:06 - [MESSAGE][PASSED] - Text 'Is this information correct?' is present on page 

2024-08-28 23:03:06 - [TEST_STEP][PASSED] - println("Is this information correct text is present on the Confirmation page"): null

2024-08-28 23:03:06 - [TEST_STEP][PASSED] - if (verifyElementPresent(findTestObject("Object Repository/IWP30/Page_Confirmation/ConfirmButton"), 30)): null

2024-08-28 23:03:06 - [MESSAGE][PASSED] - Object 'Object Repository/IWP30/Page_Confirmation/ConfirmButton' is present

2024-08-28 23:03:06 - [TEST_STEP][PASSED] - click(findTestObject("Object Repository/IWP30/Page_Confirmation/ConfirmButton")): Object: 'Object Repository/IWP30/Page_Confirmation/ConfirmButton' is clicked on

2024-08-28 23:03:07 - [MESSAGE][PASSED] - Object: 'Object Repository/IWP30/Page_Confirmation/ConfirmButton' is clicked on

2024-08-28 23:03:07 - [TEST_STEP][PASSED] - Thread.sleep(10000): null

2024-08-28 23:03:17 - [TEST_STEP][PASSED] - if (verifyTextPresent("Successful Payment Receipt", false)): null

2024-08-28 23:03:17 - [MESSAGE][PASSED] - Text 'Successful Payment Receipt' is present on page 

2024-08-28 23:03:17 - [TEST_STEP][PASSED] - println("Successful Payment Receipt text is present on the Receipt page"): null

2024-08-28 23:03:17 - [TEST_STEP][PASSED] - if (verifyTextPresent("Please print this receipt for your records", false)): null

2024-08-28 23:03:17 - [MESSAGE][PASSED] - Text 'Please print this receipt for your records' is present on page 

2024-08-28 23:03:17 - [TEST_STEP][PASSED] - println("Please print this receipt for your records text is present on the Receipt page"): null

2024-08-28 23:03:17 - [TEST_STEP][PASSED] - if (verifyElementPresent(findTestObject("Object Repository/IWP30/Page_Receipt/ExitButton"), 30)): null

2024-08-28 23:03:18 - [MESSAGE][PASSED] - Object 'Object Repository/IWP30/Page_Receipt/ExitButton' is present

2024-08-28 23:03:18 - [TEST_STEP][PASSED] - println("Exit Button is present on the Receipt page"): null

2024-08-28 23:03:18 - [TEST_STEP][PASSED] - closeBrowser(): Browser is closed

2024-08-28 23:03:19 - [MESSAGE][PASSED] - Browser is closed

2024-08-28 23:03:19 - [TEST_STEP][PASSED] - openBrowser(urlEmulator): Browser is opened with url: 'https://qa2.velocitypayment.com/agency/config.do?action=editor'

2024-08-28 23:03:19 - [MESSAGE][INFO] - Starting 'Chrome' driver

2024-08-28 23:03:19 - [MESSAGE][INFO] - User set preference: ['acceptInsecureCerts', 'true']

2024-08-28 23:03:19 - [MESSAGE][INFO] - Action delay is set to 0 milliseconds

2024-08-28 23:03:21 - [MESSAGE][PASSED] - Browser is opened with url: 'https://qa2.velocitypayment.com/agency/config.do?action=editor'

2024-08-28 23:03:21 - [TEST_STEP][PASSED] - maximizeWindow(): Current window maximized

2024-08-28 23:03:21 - [MESSAGE][PASSED] - Current window maximized

2024-08-28 23:03:21 - [TEST_STEP][PASSED] - iwpPages.emulatorIWP30.getSetData(row, dataFile): iwpPages.emulatorIWP30.getSetData is PASSED

2024-08-28 23:03:24 - [MESSAGE][PASSED] - All options with value '3.0' are selected in object 'Object Repository/IWP30/Page_VRelay30Emulator/MV'  using regular expression

2024-08-28 23:03:24 - [MESSAGE][PASSED] - Text '10.50' is set on object 'Object Repository/IWP30/Page_VRelay30Emulator/Amount'

2024-08-28 23:03:25 - [MESSAGE][PASSED] - Text '26411005' is set on object 'Object Repository/IWP30/Page_VRelay30Emulator/CAN'

2024-08-28 23:03:26 - [MESSAGE][PASSED] - Text 'PayNow' is set on object 'Object Repository/IWP30/Page_VRelay30Emulator/Action'

2024-08-28 23:03:26 - [MESSAGE][PASSED] - Text 'en_US' is set on object 'Object Repository/IWP30/Page_VRelay30Emulator/Lang'

2024-08-28 23:03:27 - [MESSAGE][PASSED] - Text '' is set on object 'Object Repository/IWP30/Page_VRelay30Emulator/Fname'

2024-08-28 23:03:28 - [MESSAGE][PASSED] - Text '' is set on object 'Object Repository/IWP30/Page_VRelay30Emulator/Lname'

2024-08-28 23:03:28 - [MESSAGE][PASSED] - Text '' is set on object 'Object Repository/IWP30/Page_VRelay30Emulator/AL1'

2024-08-28 23:03:29 - [MESSAGE][PASSED] - Text '' is set on object 'Object Repository/IWP30/Page_VRelay30Emulator/AL2'

2024-08-28 23:03:30 - [MESSAGE][PASSED] - Text '840' is set on object 'Object Repository/IWP30/Page_VRelay30Emulator/Country'

2024-08-28 23:03:30 - [MESSAGE][PASSED] - Text '' is set on object 'Object Repository/IWP30/Page_VRelay30Emulator/City'

2024-08-28 23:03:31 - [MESSAGE][PASSED] - Text '' is set on object 'Object Repository/IWP30/Page_VRelay30Emulator/State'

2024-08-28 23:03:32 - [MESSAGE][PASSED] - Text '' is set on object 'Object Repository/IWP30/Page_VRelay30Emulator/ZIP'

2024-08-28 23:03:32 - [MESSAGE][PASSED] - Text '' is set on object 'Object Repository/IWP30/Page_VRelay30Emulator/Order'

2024-08-28 23:03:33 - [MESSAGE][PASSED] - Text '' is set on object 'Object Repository/IWP30/Page_VRelay30Emulator/Company'

2024-08-28 23:03:34 - [MESSAGE][PASSED] - Text '' is set on object 'Object Repository/IWP30/Page_VRelay30Emulator/Email'

2024-08-28 23:03:34 - [MESSAGE][PASSED] - Text '' is set on object 'Object Repository/IWP30/Page_VRelay30Emulator/UDF1'

2024-08-28 23:03:35 - [MESSAGE][PASSED] - Text '' is set on object 'Object Repository/IWP30/Page_VRelay30Emulator/UDF2'

2024-08-28 23:03:35 - [MESSAGE][PASSED] - Text '' is set on object 'Object Repository/IWP30/Page_VRelay30Emulator/UDF3'

2024-08-28 23:03:36 - [MESSAGE][PASSED] - Text 'udf data 4' is set on object 'Object Repository/IWP30/Page_VRelay30Emulator/UDF4'

2024-08-28 23:03:37 - [MESSAGE][PASSED] - Text 'udf data 5' is set on object 'Object Repository/IWP30/Page_VRelay30Emulator/UDF5'

2024-08-28 23:03:37 - [MESSAGE][PASSED] - Text '' is set on object 'Object Repository/IWP30/Page_VRelay30Emulator/UDF6'

2024-08-28 23:03:38 - [MESSAGE][PASSED] - Text '' is set on object 'Object Repository/IWP30/Page_VRelay30Emulator/UDF7'

2024-08-28 23:03:39 - [MESSAGE][PASSED] - Text '' is set on object 'Object Repository/IWP30/Page_VRelay30Emulator/UDF8'

2024-08-28 23:03:39 - [MESSAGE][PASSED] - Text 'udf data 9' is set on object 'Object Repository/IWP30/Page_VRelay30Emulator/UDF9'

2024-08-28 23:03:40 - [MESSAGE][PASSED] - Text 'udf data 10' is set on object 'Object Repository/IWP30/Page_VRelay30Emulator/UDF10'

2024-08-28 23:03:51 - [MESSAGE][PASSED] - Object: 'Object Repository/IWP30/Page_VRelay30Emulator/Submit' is clicked on

2024-08-28 23:03:51 - [MESSAGE][PASSED] - iwpPages.emulatorIWP30.getSetData is PASSED

2024-08-28 23:03:51 - [TEST_STEP][PASSED] - closeBrowser(): Browser is closed

2024-08-28 23:03:52 - [MESSAGE][PASSED] - Browser is closed

2024-08-28 23:03:52 - [TEST_STEP][PASSED] - openBrowser(urlTestHarness): Browser is opened with url: 'https://dev-algorithm.govolution.com/vrelaytest/QA2/version_2_2/vrelaytest.html'

2024-08-28 23:03:52 - [MESSAGE][INFO] - Starting 'Chrome' driver

2024-08-28 23:03:52 - [MESSAGE][INFO] - User set preference: ['acceptInsecureCerts', 'true']

2024-08-28 23:03:52 - [MESSAGE][INFO] - Action delay is set to 0 milliseconds

2024-08-28 23:03:54 - [MESSAGE][PASSED] - Browser is opened with url: 'https://dev-algorithm.govolution.com/vrelaytest/QA2/version_2_2/vrelaytest.html'

2024-08-28 23:03:54 - [TEST_STEP][PASSED] - maximizeWindow(): Current window maximized

2024-08-28 23:03:54 - [MESSAGE][PASSED] - Current window maximized

2024-08-28 23:03:54 - [TEST_STEP][PASSED] - iwpPages.TestHarnessPage.setDataMethod(row, dataFile): iwpPages.TestHarnessPage.setDataMethod is PASSED

2024-08-28 23:03:55 - [MESSAGE][PASSED] - Object 'Object Repository/IWP30/Page_QATestHarness/RemittanceID' is present

2024-08-28 23:03:55 - [MESSAGE][PASSED] - Text '649' is set on object 'Object Repository/IWP30/Page_QATestHarness/ApplicationID'

2024-08-28 23:03:56 - [MESSAGE][PASSED] - Text '3.0' is set on object 'Object Repository/IWP30/Page_QATestHarness/MessageVersion'

2024-08-28 23:03:57 - [MESSAGE][PASSED] - Text '6gHYyhUZI0k2' is set on object 'Object Repository/IWP30/Page_QATestHarness/RemittanceID'

2024-08-28 23:03:58 - [MESSAGE][PASSED] - Object: 'Object Repository/IWP30/Page_QATestHarness/SubmitButton' is clicked on

2024-08-28 23:03:58 - [MESSAGE][PASSED] - iwpPages.TestHarnessPage.setDataMethod is PASSED

2024-08-28 23:03:58 - [TEST_STEP][PASSED] - if (verifyElementPresent(findTestObject("Object Repository/IWP30/Page_SelectPaymentMethod/PayByCreditCard"), 30)): null

2024-08-28 23:03:58 - [MESSAGE][PASSED] - Object 'Object Repository/IWP30/Page_SelectPaymentMethod/PayByCreditCard' is present

2024-08-28 23:03:58 - [TEST_STEP][PASSED] - println("We are on Select Payment Method page, start populating"): null

2024-08-28 23:03:58 - [TEST_STEP][PASSED] - check(findTestObject("Object Repository/IWP30/Page_SelectPaymentMethod/PayByCreditCard")): Object 'Object Repository/IWP30/Page_SelectPaymentMethod/PayByCreditCard' is checked

2024-08-28 23:03:59 - [MESSAGE][PASSED] - Object 'Object Repository/IWP30/Page_SelectPaymentMethod/PayByCreditCard' is checked

2024-08-28 23:03:59 - [TEST_STEP][PASSED] - Thread.sleep(1000): null

2024-08-28 23:04:00 - [TEST_STEP][PASSED] - click(findTestObject("Object Repository/IWP30/Page_SelectPaymentMethod/MakePaymentButton")): Object: 'Object Repository/IWP30/Page_SelectPaymentMethod/MakePaymentButton' is clicked on

2024-08-28 23:04:01 - [MESSAGE][PASSED] - Object: 'Object Repository/IWP30/Page_SelectPaymentMethod/MakePaymentButton' is clicked on

2024-08-28 23:04:01 - [TEST_STEP][PASSED] - iwpPages.ccPaymentEntryPage.setDataCCPM(row, dataFile): iwpPages.ccPaymentEntryPage.setDataCCPM is PASSED

2024-08-28 23:04:02 - [MESSAGE][PASSED] - Object 'Object Repository/IWP30/Page_CCPaymentEntry/Name' is present

2024-08-28 23:04:03 - [MESSAGE][PASSED] - Object 'Object Repository/IWP30/Page_CCPaymentEntry/Amount' is present

2024-08-28 23:04:03 - [MESSAGE][PASSED] - Text '20.50' is set on object 'Object Repository/IWP30/Page_CCPaymentEntry/Amount'

2024-08-28 23:04:03 - [MESSAGE][PASSED] - Object 'Object Repository/IWP30/Page_CCPaymentEntry/UserDefined2' is present

2024-08-28 23:04:04 - [MESSAGE][PASSED] - Text 'Number 2' is set on object 'Object Repository/IWP30/Page_CCPaymentEntry/UserDefined2'

2024-08-28 23:04:05 - [MESSAGE][PASSED] - Object 'Object Repository/IWP30/Page_CCPaymentEntry/UserDefined3' is present

2024-08-28 23:04:05 - [MESSAGE][PASSED] - Text 'Number 3' is set on object 'Object Repository/IWP30/Page_CCPaymentEntry/UserDefined3'

2024-08-28 23:04:06 - [MESSAGE][PASSED] - Object 'Object Repository/IWP30/Page_CCPaymentEntry/UserDefined7' is present

2024-08-28 23:04:06 - [MESSAGE][PASSED] - All options with label 'Orange' are selected in object 'Object Repository/IWP30/Page_CCPaymentEntry/UserDefined7' 

2024-08-28 23:04:07 - [MESSAGE][PASSED] - Object 'Object Repository/IWP30/Page_CCPaymentEntry/UserDefined8' is present

2024-08-28 23:04:07 - [MESSAGE][PASSED] - All options with label 'Tennis' are selected in object 'Object Repository/IWP30/Page_CCPaymentEntry/UserDefined8' 

2024-08-28 23:04:07 - [MESSAGE][PASSED] - Object 'Object Repository/IWP30/Page_CCPaymentEntry/Name' is present

2024-08-28 23:04:08 - [MESSAGE][PASSED] - Text 'Mera Naam' is set on object 'Object Repository/IWP30/Page_CCPaymentEntry/Name'

2024-08-28 23:04:08 - [MESSAGE][PASSED] - Object 'Object Repository/IWP30/Page_CCPaymentEntry/CardNumber' is present

2024-08-28 23:04:09 - [MESSAGE][PASSED] - Text '6011000000000004' is set on object 'Object Repository/IWP30/Page_CCPaymentEntry/CardNumber'

2024-08-28 23:04:09 - [MESSAGE][PASSED] - Object 'Object Repository/IWP30/Page_CCPaymentEntry/SPC' is present

2024-08-28 23:04:10 - [MESSAGE][PASSED] - Text '123' is set on object 'Object Repository/IWP30/Page_CCPaymentEntry/SPC'

2024-08-28 23:04:10 - [MESSAGE][PASSED] - Object 'Object Repository/IWP30/Page_CCPaymentEntry/Month' is present

2024-08-28 23:04:11 - [MESSAGE][PASSED] - All options with label '09' are selected in object 'Object Repository/IWP30/Page_CCPaymentEntry/Month' 

2024-08-28 23:04:11 - [MESSAGE][PASSED] - Object 'Object Repository/IWP30/Page_CCPaymentEntry/Year' is present

2024-08-28 23:04:12 - [MESSAGE][PASSED] - All options with label '2028' are selected in object 'Object Repository/IWP30/Page_CCPaymentEntry/Year' 

2024-08-28 23:04:12 - [MESSAGE][PASSED] - Object 'Object Repository/IWP30/Page_CCPaymentEntry/ProcessDate' is present

2024-08-28 23:04:13 - [MESSAGE][PASSED] - Object 'Object Repository/IWP30/Page_CCPaymentEntry/AL1' is present

2024-08-28 23:04:13 - [MESSAGE][PASSED] - Text 'Mera AL1' is set on object 'Object Repository/IWP30/Page_CCPaymentEntry/AL1'

2024-08-28 23:04:14 - [MESSAGE][PASSED] - Object 'Object Repository/IWP30/Page_CCPaymentEntry/AL2' is present

2024-08-28 23:04:14 - [MESSAGE][PASSED] - Text 'Mera AL2' is set on object 'Object Repository/IWP30/Page_CCPaymentEntry/AL2'

2024-08-28 23:04:15 - [MESSAGE][PASSED] - Object 'Object Repository/IWP30/Page_CCPaymentEntry/ZIP' is present

2024-08-28 23:04:15 - [MESSAGE][PASSED] - Text '21054' is set on object 'Object Repository/IWP30/Page_CCPaymentEntry/ZIP'

2024-08-28 23:04:16 - [MESSAGE][PASSED] - Object 'Object Repository/IWP30/Page_CCPaymentEntry/EmailAddress' is present

2024-08-28 23:04:16 - [MESSAGE][PASSED] - Text 'merae@gmail.com' is set on object 'Object Repository/IWP30/Page_CCPaymentEntry/EmailAddress'

2024-08-28 23:04:17 - [MESSAGE][PASSED] - Object 'Object Repository/IWP30/Page_CCPaymentEntry/TermCondCheckBox' is present

2024-08-28 23:04:17 - [MESSAGE][PASSED] - Object 'Object Repository/IWP30/Page_CCPaymentEntry/TermCondCheckBox' is checked

2024-08-28 23:04:17 - [MESSAGE][PASSED] - Object 'Object Repository/IWP30/Page_CCPaymentEntry/ContinueButton' is present

2024-08-28 23:04:18 - [MESSAGE][PASSED] - Object: 'Object Repository/IWP30/Page_CCPaymentEntry/ContinueButton' is clicked on

2024-08-28 23:04:18 - [MESSAGE][PASSED] - iwpPages.ccPaymentEntryPage.setDataCCPM is PASSED

2024-08-28 23:04:18 - [TEST_STEP][PASSED] - if (verifyTextPresent("Please verify the following information", false)): null

2024-08-28 23:04:19 - [MESSAGE][PASSED] - Text 'Please verify the following information' is present on page 

2024-08-28 23:04:19 - [TEST_STEP][PASSED] - println("Please verify the following information text is present on the Confirmation page"): null

2024-08-28 23:04:19 - [TEST_STEP][PASSED] - if (verifyTextPresent("Is this information correct?", false)): null

2024-08-28 23:04:19 - [MESSAGE][PASSED] - Text 'Is this information correct?' is present on page 

2024-08-28 23:04:19 - [TEST_STEP][PASSED] - println("Is this information correct text is present on the Confirmation page"): null

2024-08-28 23:04:19 - [TEST_STEP][PASSED] - if (verifyElementPresent(findTestObject("Object Repository/IWP30/Page_Confirmation/ConfirmButton"), 30)): null

2024-08-28 23:04:20 - [MESSAGE][PASSED] - Object 'Object Repository/IWP30/Page_Confirmation/ConfirmButton' is present

2024-08-28 23:04:20 - [TEST_STEP][PASSED] - click(findTestObject("Object Repository/IWP30/Page_Confirmation/ConfirmButton")): Object: 'Object Repository/IWP30/Page_Confirmation/ConfirmButton' is clicked on

2024-08-28 23:04:21 - [MESSAGE][PASSED] - Object: 'Object Repository/IWP30/Page_Confirmation/ConfirmButton' is clicked on

2024-08-28 23:04:21 - [TEST_STEP][PASSED] - Thread.sleep(10000): null

2024-08-28 23:04:31 - [TEST_STEP][PASSED] - if (verifyTextPresent("Successful Payment Receipt", false)): null

2024-08-28 23:04:31 - [MESSAGE][PASSED] - Text 'Successful Payment Receipt' is present on page 

2024-08-28 23:04:31 - [TEST_STEP][PASSED] - println("Successful Payment Receipt text is present on the Receipt page"): null

2024-08-28 23:04:31 - [TEST_STEP][PASSED] - if (verifyTextPresent("Please print this receipt for your records", false)): null

2024-08-28 23:04:31 - [MESSAGE][PASSED] - Text 'Please print this receipt for your records' is present on page 

2024-08-28 23:04:31 - [TEST_STEP][PASSED] - println("Please print this receipt for your records text is present on the Receipt page"): null

2024-08-28 23:04:31 - [TEST_STEP][PASSED] - if (verifyElementPresent(findTestObject("Object Repository/IWP30/Page_Receipt/ExitButton"), 30)): null

2024-08-28 23:04:31 - [MESSAGE][PASSED] - Object 'Object Repository/IWP30/Page_Receipt/ExitButton' is present

2024-08-28 23:04:31 - [TEST_STEP][PASSED] - println("Exit Button is present on the Receipt page"): null

2024-08-28 23:04:31 - [TEST_STEP][PASSED] - closeBrowser(): Browser is closed

2024-08-28 23:04:33 - [MESSAGE][PASSED] - Browser is closed

2024-08-28 23:04:33 - [TEST_STEP][PASSED] - openBrowser(urlEmulator): Browser is opened with url: 'https://qa2.velocitypayment.com/agency/config.do?action=editor'

2024-08-28 23:04:33 - [MESSAGE][INFO] - Starting 'Chrome' driver

2024-08-28 23:04:33 - [MESSAGE][INFO] - User set preference: ['acceptInsecureCerts', 'true']

2024-08-28 23:04:33 - [MESSAGE][INFO] - Action delay is set to 0 milliseconds

2024-08-28 23:04:35 - [MESSAGE][PASSED] - Browser is opened with url: 'https://qa2.velocitypayment.com/agency/config.do?action=editor'

2024-08-28 23:04:35 - [TEST_STEP][PASSED] - maximizeWindow(): Current window maximized

2024-08-28 23:04:35 - [MESSAGE][PASSED] - Current window maximized

2024-08-28 23:04:35 - [TEST_STEP][PASSED] - iwpPages.emulatorIWP30.getSetData(row, dataFile): iwpPages.emulatorIWP30.getSetData is PASSED

2024-08-28 23:04:37 - [MESSAGE][PASSED] - All options with value '3.0' are selected in object 'Object Repository/IWP30/Page_VRelay30Emulator/MV'  using regular expression

2024-08-28 23:04:38 - [MESSAGE][PASSED] - Text '10.50' is set on object 'Object Repository/IWP30/Page_VRelay30Emulator/Amount'

2024-08-28 23:04:38 - [MESSAGE][PASSED] - Text '26411005' is set on object 'Object Repository/IWP30/Page_VRelay30Emulator/CAN'

2024-08-28 23:04:39 - [MESSAGE][PASSED] - Text 'PayNow' is set on object 'Object Repository/IWP30/Page_VRelay30Emulator/Action'

2024-08-28 23:04:40 - [MESSAGE][PASSED] - Text 'en_US' is set on object 'Object Repository/IWP30/Page_VRelay30Emulator/Lang'

2024-08-28 23:04:40 - [MESSAGE][PASSED] - Text '' is set on object 'Object Repository/IWP30/Page_VRelay30Emulator/Fname'

2024-08-28 23:04:41 - [MESSAGE][PASSED] - Text '' is set on object 'Object Repository/IWP30/Page_VRelay30Emulator/Lname'

2024-08-28 23:04:42 - [MESSAGE][PASSED] - Text '' is set on object 'Object Repository/IWP30/Page_VRelay30Emulator/AL1'

2024-08-28 23:04:42 - [MESSAGE][PASSED] - Text '' is set on object 'Object Repository/IWP30/Page_VRelay30Emulator/AL2'

2024-08-28 23:04:43 - [MESSAGE][PASSED] - Text '840' is set on object 'Object Repository/IWP30/Page_VRelay30Emulator/Country'

2024-08-28 23:04:44 - [MESSAGE][PASSED] - Text '' is set on object 'Object Repository/IWP30/Page_VRelay30Emulator/City'

2024-08-28 23:04:44 - [MESSAGE][PASSED] - Text '' is set on object 'Object Repository/IWP30/Page_VRelay30Emulator/State'

2024-08-28 23:04:45 - [MESSAGE][PASSED] - Text '' is set on object 'Object Repository/IWP30/Page_VRelay30Emulator/ZIP'

2024-08-28 23:04:46 - [MESSAGE][PASSED] - Text '' is set on object 'Object Repository/IWP30/Page_VRelay30Emulator/Order'

2024-08-28 23:04:46 - [MESSAGE][PASSED] - Text '' is set on object 'Object Repository/IWP30/Page_VRelay30Emulator/Company'

2024-08-28 23:04:47 - [MESSAGE][PASSED] - Text '' is set on object 'Object Repository/IWP30/Page_VRelay30Emulator/Email'

2024-08-28 23:04:48 - [MESSAGE][PASSED] - Text '' is set on object 'Object Repository/IWP30/Page_VRelay30Emulator/UDF1'

2024-08-28 23:04:48 - [MESSAGE][PASSED] - Text '' is set on object 'Object Repository/IWP30/Page_VRelay30Emulator/UDF2'

2024-08-28 23:04:49 - [MESSAGE][PASSED] - Text '' is set on object 'Object Repository/IWP30/Page_VRelay30Emulator/UDF3'

2024-08-28 23:04:50 - [MESSAGE][PASSED] - Text 'udf data 4' is set on object 'Object Repository/IWP30/Page_VRelay30Emulator/UDF4'

2024-08-28 23:04:50 - [MESSAGE][PASSED] - Text 'udf data 5' is set on object 'Object Repository/IWP30/Page_VRelay30Emulator/UDF5'

2024-08-28 23:04:51 - [MESSAGE][PASSED] - Text '' is set on object 'Object Repository/IWP30/Page_VRelay30Emulator/UDF6'

2024-08-28 23:04:52 - [MESSAGE][PASSED] - Text '' is set on object 'Object Repository/IWP30/Page_VRelay30Emulator/UDF7'

2024-08-28 23:04:52 - [MESSAGE][PASSED] - Text '' is set on object 'Object Repository/IWP30/Page_VRelay30Emulator/UDF8'

2024-08-28 23:04:53 - [MESSAGE][PASSED] - Text 'udf data 9' is set on object 'Object Repository/IWP30/Page_VRelay30Emulator/UDF9'

2024-08-28 23:04:54 - [MESSAGE][PASSED] - Text 'udf data 10' is set on object 'Object Repository/IWP30/Page_VRelay30Emulator/UDF10'

2024-08-28 23:05:04 - [MESSAGE][PASSED] - Object: 'Object Repository/IWP30/Page_VRelay30Emulator/Submit' is clicked on

2024-08-28 23:05:04 - [MESSAGE][PASSED] - iwpPages.emulatorIWP30.getSetData is PASSED

2024-08-28 23:05:04 - [TEST_STEP][PASSED] - closeBrowser(): Browser is closed

2024-08-28 23:05:05 - [MESSAGE][PASSED] - Browser is closed

2024-08-28 23:05:05 - [TEST_STEP][PASSED] - openBrowser(urlTestHarness): Browser is opened with url: 'https://dev-algorithm.govolution.com/vrelaytest/QA2/version_2_2/vrelaytest.html'

2024-08-28 23:05:06 - [MESSAGE][INFO] - Starting 'Chrome' driver

2024-08-28 23:05:06 - [MESSAGE][INFO] - User set preference: ['acceptInsecureCerts', 'true']

2024-08-28 23:05:06 - [MESSAGE][INFO] - Action delay is set to 0 milliseconds

2024-08-28 23:05:07 - [MESSAGE][PASSED] - Browser is opened with url: 'https://dev-algorithm.govolution.com/vrelaytest/QA2/version_2_2/vrelaytest.html'

2024-08-28 23:05:07 - [TEST_STEP][PASSED] - maximizeWindow(): Current window maximized

2024-08-28 23:05:07 - [MESSAGE][PASSED] - Current window maximized

2024-08-28 23:05:07 - [TEST_STEP][PASSED] - iwpPages.TestHarnessPage.setDataMethod(row, dataFile): iwpPages.TestHarnessPage.setDataMethod is PASSED

2024-08-28 23:05:08 - [MESSAGE][PASSED] - Object 'Object Repository/IWP30/Page_QATestHarness/RemittanceID' is present

2024-08-28 23:05:09 - [MESSAGE][PASSED] - Text '649' is set on object 'Object Repository/IWP30/Page_QATestHarness/ApplicationID'

2024-08-28 23:05:09 - [MESSAGE][PASSED] - Text '3.0' is set on object 'Object Repository/IWP30/Page_QATestHarness/MessageVersion'

2024-08-28 23:05:10 - [MESSAGE][PASSED] - Text 'MXZ6CLE3nuJc' is set on object 'Object Repository/IWP30/Page_QATestHarness/RemittanceID'

2024-08-28 23:05:11 - [MESSAGE][PASSED] - Object: 'Object Repository/IWP30/Page_QATestHarness/SubmitButton' is clicked on

2024-08-28 23:05:11 - [MESSAGE][PASSED] - iwpPages.TestHarnessPage.setDataMethod is PASSED

2024-08-28 23:05:11 - [TEST_STEP][PASSED] - if (verifyElementPresent(findTestObject("Object Repository/IWP30/Page_SelectPaymentMethod/PayByCreditCard"), 30)): null

2024-08-28 23:05:12 - [MESSAGE][PASSED] - Object 'Object Repository/IWP30/Page_SelectPaymentMethod/PayByCreditCard' is present

2024-08-28 23:05:12 - [TEST_STEP][PASSED] - println("We are on Select Payment Method page, start populating"): null

2024-08-28 23:05:12 - [TEST_STEP][PASSED] - check(findTestObject("Object Repository/IWP30/Page_SelectPaymentMethod/PayByCreditCard")): Object 'Object Repository/IWP30/Page_SelectPaymentMethod/PayByCreditCard' is checked

2024-08-28 23:05:12 - [MESSAGE][PASSED] - Object 'Object Repository/IWP30/Page_SelectPaymentMethod/PayByCreditCard' is checked

2024-08-28 23:05:12 - [TEST_STEP][PASSED] - Thread.sleep(1000): null

2024-08-28 23:05:13 - [TEST_STEP][PASSED] - click(findTestObject("Object Repository/IWP30/Page_SelectPaymentMethod/MakePaymentButton")): Object: 'Object Repository/IWP30/Page_SelectPaymentMethod/MakePaymentButton' is clicked on

2024-08-28 23:05:14 - [MESSAGE][PASSED] - Object: 'Object Repository/IWP30/Page_SelectPaymentMethod/MakePaymentButton' is clicked on

2024-08-28 23:05:14 - [TEST_STEP][PASSED] - iwpPages.ccPaymentEntryPage.setDataCCPM(row, dataFile): iwpPages.ccPaymentEntryPage.setDataCCPM is PASSED

2024-08-28 23:05:15 - [MESSAGE][PASSED] - Object 'Object Repository/IWP30/Page_CCPaymentEntry/Name' is present

2024-08-28 23:05:16 - [MESSAGE][PASSED] - Object 'Object Repository/IWP30/Page_CCPaymentEntry/Amount' is present

2024-08-28 23:05:16 - [MESSAGE][PASSED] - Text '20.50' is set on object 'Object Repository/IWP30/Page_CCPaymentEntry/Amount'

2024-08-28 23:05:17 - [MESSAGE][PASSED] - Object 'Object Repository/IWP30/Page_CCPaymentEntry/UserDefined2' is present

2024-08-28 23:05:17 - [MESSAGE][PASSED] - Text 'Number 2' is set on object 'Object Repository/IWP30/Page_CCPaymentEntry/UserDefined2'

2024-08-28 23:05:18 - [MESSAGE][PASSED] - Object 'Object Repository/IWP30/Page_CCPaymentEntry/UserDefined3' is present

2024-08-28 23:05:18 - [MESSAGE][PASSED] - Text 'Number 3' is set on object 'Object Repository/IWP30/Page_CCPaymentEntry/UserDefined3'

2024-08-28 23:05:19 - [MESSAGE][PASSED] - Object 'Object Repository/IWP30/Page_CCPaymentEntry/UserDefined7' is present

2024-08-28 23:05:19 - [MESSAGE][PASSED] - All options with label 'Orange' are selected in object 'Object Repository/IWP30/Page_CCPaymentEntry/UserDefined7' 

2024-08-28 23:05:20 - [MESSAGE][PASSED] - Object 'Object Repository/IWP30/Page_CCPaymentEntry/UserDefined8' is present

2024-08-28 23:05:20 - [MESSAGE][PASSED] - All options with label 'Tennis' are selected in object 'Object Repository/IWP30/Page_CCPaymentEntry/UserDefined8' 

2024-08-28 23:05:21 - [MESSAGE][PASSED] - Object 'Object Repository/IWP30/Page_CCPaymentEntry/Name' is present

2024-08-28 23:05:21 - [MESSAGE][PASSED] - Text 'Mera Naam' is set on object 'Object Repository/IWP30/Page_CCPaymentEntry/Name'

2024-08-28 23:05:22 - [MESSAGE][PASSED] - Object 'Object Repository/IWP30/Page_CCPaymentEntry/CardNumber' is present

2024-08-28 23:05:22 - [MESSAGE][PASSED] - Text '4922222222222223' is set on object 'Object Repository/IWP30/Page_CCPaymentEntry/CardNumber'

2024-08-28 23:05:23 - [MESSAGE][PASSED] - Object 'Object Repository/IWP30/Page_CCPaymentEntry/SPC' is present

2024-08-28 23:05:23 - [MESSAGE][PASSED] - Text '123' is set on object 'Object Repository/IWP30/Page_CCPaymentEntry/SPC'

2024-08-28 23:05:24 - [MESSAGE][PASSED] - Object 'Object Repository/IWP30/Page_CCPaymentEntry/Month' is present

2024-08-28 23:05:24 - [MESSAGE][PASSED] - All options with label '09' are selected in object 'Object Repository/IWP30/Page_CCPaymentEntry/Month' 

2024-08-28 23:05:25 - [MESSAGE][PASSED] - Object 'Object Repository/IWP30/Page_CCPaymentEntry/Year' is present

2024-08-28 23:05:25 - [MESSAGE][PASSED] - All options with label '2028' are selected in object 'Object Repository/IWP30/Page_CCPaymentEntry/Year' 

2024-08-28 23:05:26 - [MESSAGE][PASSED] - Object 'Object Repository/IWP30/Page_CCPaymentEntry/ProcessDate' is present

2024-08-28 23:05:26 - [MESSAGE][PASSED] - Object 'Object Repository/IWP30/Page_CCPaymentEntry/AL1' is present

2024-08-28 23:05:27 - [MESSAGE][PASSED] - Text 'Mera AL1' is set on object 'Object Repository/IWP30/Page_CCPaymentEntry/AL1'

2024-08-28 23:05:27 - [MESSAGE][PASSED] - Object 'Object Repository/IWP30/Page_CCPaymentEntry/AL2' is present

2024-08-28 23:05:28 - [MESSAGE][PASSED] - Text 'Mera AL2' is set on object 'Object Repository/IWP30/Page_CCPaymentEntry/AL2'

2024-08-28 23:05:28 - [MESSAGE][PASSED] - Object 'Object Repository/IWP30/Page_CCPaymentEntry/ZIP' is present

2024-08-28 23:05:29 - [MESSAGE][PASSED] - Text '21054' is set on object 'Object Repository/IWP30/Page_CCPaymentEntry/ZIP'

2024-08-28 23:05:29 - [MESSAGE][PASSED] - Object 'Object Repository/IWP30/Page_CCPaymentEntry/EmailAddress' is present

2024-08-28 23:05:30 - [MESSAGE][PASSED] - Text 'merae@gmail.com' is set on object 'Object Repository/IWP30/Page_CCPaymentEntry/EmailAddress'

2024-08-28 23:05:30 - [MESSAGE][PASSED] - Object 'Object Repository/IWP30/Page_CCPaymentEntry/TermCondCheckBox' is present

2024-08-28 23:05:31 - [MESSAGE][PASSED] - Object 'Object Repository/IWP30/Page_CCPaymentEntry/TermCondCheckBox' is checked

2024-08-28 23:05:31 - [MESSAGE][PASSED] - Object 'Object Repository/IWP30/Page_CCPaymentEntry/ContinueButton' is present

2024-08-28 23:05:32 - [MESSAGE][PASSED] - Object: 'Object Repository/IWP30/Page_CCPaymentEntry/ContinueButton' is clicked on

2024-08-28 23:05:32 - [MESSAGE][PASSED] - iwpPages.ccPaymentEntryPage.setDataCCPM is PASSED

2024-08-28 23:05:32 - [TEST_STEP][PASSED] - if (verifyTextPresent("Please verify the following information", false)): null

2024-08-28 23:05:32 - [MESSAGE][PASSED] - Text 'Please verify the following information' is present on page 

2024-08-28 23:05:32 - [TEST_STEP][PASSED] - println("Please verify the following information text is present on the Confirmation page"): null

2024-08-28 23:05:32 - [TEST_STEP][PASSED] - if (verifyTextPresent("Is this information correct?", false)): null

2024-08-28 23:05:33 - [MESSAGE][PASSED] - Text 'Is this information correct?' is present on page 

2024-08-28 23:05:33 - [TEST_STEP][PASSED] - println("Is this information correct text is present on the Confirmation page"): null

2024-08-28 23:05:33 - [TEST_STEP][PASSED] - if (verifyElementPresent(findTestObject("Object Repository/IWP30/Page_Confirmation/ConfirmButton"), 30)): null

2024-08-28 23:05:33 - [MESSAGE][PASSED] - Object 'Object Repository/IWP30/Page_Confirmation/ConfirmButton' is present

2024-08-28 23:05:33 - [TEST_STEP][PASSED] - click(findTestObject("Object Repository/IWP30/Page_Confirmation/ConfirmButton")): Object: 'Object Repository/IWP30/Page_Confirmation/ConfirmButton' is clicked on

2024-08-28 23:05:34 - [MESSAGE][PASSED] - Object: 'Object Repository/IWP30/Page_Confirmation/ConfirmButton' is clicked on

2024-08-28 23:05:34 - [TEST_STEP][PASSED] - Thread.sleep(10000): null

2024-08-28 23:05:44 - [TEST_STEP][PASSED] - if (verifyTextPresent("Successful Payment Receipt", false)): null

2024-08-28 23:05:44 - [MESSAGE][PASSED] - Text 'Successful Payment Receipt' is present on page 

2024-08-28 23:05:44 - [TEST_STEP][PASSED] - println("Successful Payment Receipt text is present on the Receipt page"): null

2024-08-28 23:05:44 - [TEST_STEP][PASSED] - if (verifyTextPresent("Please print this receipt for your records", false)): null

2024-08-28 23:05:45 - [MESSAGE][PASSED] - Text 'Please print this receipt for your records' is present on page 

2024-08-28 23:05:45 - [TEST_STEP][PASSED] - println("Please print this receipt for your records text is present on the Receipt page"): null

2024-08-28 23:05:45 - [TEST_STEP][PASSED] - if (verifyElementPresent(findTestObject("Object Repository/IWP30/Page_Receipt/ExitButton"), 30)): null

2024-08-28 23:05:45 - [MESSAGE][PASSED] - Object 'Object Repository/IWP30/Page_Receipt/ExitButton' is present

2024-08-28 23:05:45 - [TEST_STEP][PASSED] - println("Exit Button is present on the Receipt page"): null

2024-08-28 23:05:45 - [TEST_STEP][PASSED] - closeBrowser(): Browser is closed

2024-08-28 23:05:46 - [MESSAGE][PASSED] - Browser is closed

2024-08-28 23:05:46 - [TEST_STEP][PASSED] - openBrowser(urlEmulator): Browser is opened with url: 'https://qa2.velocitypayment.com/agency/config.do?action=editor'

2024-08-28 23:05:46 - [MESSAGE][INFO] - Starting 'Chrome' driver

2024-08-28 23:05:46 - [MESSAGE][INFO] - User set preference: ['acceptInsecureCerts', 'true']

2024-08-28 23:05:46 - [MESSAGE][INFO] - Action delay is set to 0 milliseconds

2024-08-28 23:05:48 - [MESSAGE][PASSED] - Browser is opened with url: 'https://qa2.velocitypayment.com/agency/config.do?action=editor'

2024-08-28 23:05:48 - [TEST_STEP][PASSED] - maximizeWindow(): Current window maximized

2024-08-28 23:05:48 - [MESSAGE][PASSED] - Current window maximized

2024-08-28 23:05:48 - [TEST_STEP][PASSED] - iwpPages.emulatorIWP30.getSetData(row, dataFile): iwpPages.emulatorIWP30.getSetData is PASSED

2024-08-28 23:05:50 - [MESSAGE][PASSED] - All options with value '3.0' are selected in object 'Object Repository/IWP30/Page_VRelay30Emulator/MV'  using regular expression

2024-08-28 23:05:51 - [MESSAGE][PASSED] - Text '35.50' is set on object 'Object Repository/IWP30/Page_VRelay30Emulator/Amount'

2024-08-28 23:05:52 - [MESSAGE][PASSED] - Text '26412109' is set on object 'Object Repository/IWP30/Page_VRelay30Emulator/CAN'

2024-08-28 23:05:53 - [MESSAGE][PASSED] - Text 'PayNow' is set on object 'Object Repository/IWP30/Page_VRelay30Emulator/Action'

2024-08-28 23:05:53 - [MESSAGE][PASSED] - Text 'en_US' is set on object 'Object Repository/IWP30/Page_VRelay30Emulator/Lang'

2024-08-28 23:05:54 - [MESSAGE][PASSED] - Text 'Jonty' is set on object 'Object Repository/IWP30/Page_VRelay30Emulator/Fname'

2024-08-28 23:05:55 - [MESSAGE][PASSED] - Text 'Smith' is set on object 'Object Repository/IWP30/Page_VRelay30Emulator/Lname'

2024-08-28 23:05:55 - [MESSAGE][PASSED] - Text '15 Elm St' is set on object 'Object Repository/IWP30/Page_VRelay30Emulator/AL1'

2024-08-28 23:05:56 - [MESSAGE][PASSED] - Text 'Suite 600' is set on object 'Object Repository/IWP30/Page_VRelay30Emulator/AL2'

2024-08-28 23:05:57 - [MESSAGE][PASSED] - Text '840' is set on object 'Object Repository/IWP30/Page_VRelay30Emulator/Country'

2024-08-28 23:05:57 - [MESSAGE][PASSED] - Text 'Gambrills' is set on object 'Object Repository/IWP30/Page_VRelay30Emulator/City'

2024-08-28 23:05:58 - [MESSAGE][PASSED] - Text 'MD' is set on object 'Object Repository/IWP30/Page_VRelay30Emulator/State'

2024-08-28 23:05:59 - [MESSAGE][PASSED] - Text '21054' is set on object 'Object Repository/IWP30/Page_VRelay30Emulator/ZIP'

2024-08-28 23:05:59 - [MESSAGE][PASSED] - Text '' is set on object 'Object Repository/IWP30/Page_VRelay30Emulator/Order'

2024-08-28 23:06:00 - [MESSAGE][PASSED] - Text '' is set on object 'Object Repository/IWP30/Page_VRelay30Emulator/Company'

2024-08-28 23:06:01 - [MESSAGE][PASSED] - Text 'iahmed@govolution.com' is set on object 'Object Repository/IWP30/Page_VRelay30Emulator/Email'

2024-08-28 23:06:01 - [MESSAGE][PASSED] - Text 'udf data 1' is set on object 'Object Repository/IWP30/Page_VRelay30Emulator/UDF1'

2024-08-28 23:06:02 - [MESSAGE][PASSED] - Text 'udf data 2' is set on object 'Object Repository/IWP30/Page_VRelay30Emulator/UDF2'

2024-08-28 23:06:03 - [MESSAGE][PASSED] - Text 'udf data 3' is set on object 'Object Repository/IWP30/Page_VRelay30Emulator/UDF3'

2024-08-28 23:06:03 - [MESSAGE][PASSED] - Text 'udf data 4' is set on object 'Object Repository/IWP30/Page_VRelay30Emulator/UDF4'

2024-08-28 23:06:04 - [MESSAGE][PASSED] - Text 'udf data 5' is set on object 'Object Repository/IWP30/Page_VRelay30Emulator/UDF5'

2024-08-28 23:06:05 - [MESSAGE][PASSED] - Text 'udf data 6' is set on object 'Object Repository/IWP30/Page_VRelay30Emulator/UDF6'

2024-08-28 23:06:05 - [MESSAGE][PASSED] - Text 'Orange' is set on object 'Object Repository/IWP30/Page_VRelay30Emulator/UDF7'

2024-08-28 23:06:06 - [MESSAGE][PASSED] - Text 'Soccer' is set on object 'Object Repository/IWP30/Page_VRelay30Emulator/UDF8'

2024-08-28 23:06:07 - [MESSAGE][PASSED] - Text 'udf data 9' is set on object 'Object Repository/IWP30/Page_VRelay30Emulator/UDF9'

2024-08-28 23:06:07 - [MESSAGE][PASSED] - Text 'udf data 10' is set on object 'Object Repository/IWP30/Page_VRelay30Emulator/UDF10'

2024-08-28 23:06:18 - [MESSAGE][PASSED] - Object: 'Object Repository/IWP30/Page_VRelay30Emulator/Submit' is clicked on

2024-08-28 23:06:18 - [MESSAGE][PASSED] - iwpPages.emulatorIWP30.getSetData is PASSED

2024-08-28 23:06:18 - [TEST_STEP][PASSED] - closeBrowser(): Browser is closed

2024-08-28 23:06:19 - [MESSAGE][PASSED] - Browser is closed

2024-08-28 23:06:19 - [TEST_STEP][PASSED] - openBrowser(urlTestHarness): Browser is opened with url: 'https://dev-algorithm.govolution.com/vrelaytest/QA2/version_2_2/vrelaytest.html'

2024-08-28 23:06:19 - [MESSAGE][INFO] - Starting 'Chrome' driver

2024-08-28 23:06:19 - [MESSAGE][INFO] - User set preference: ['acceptInsecureCerts', 'true']

2024-08-28 23:06:19 - [MESSAGE][INFO] - Action delay is set to 0 milliseconds

2024-08-28 23:06:21 - [MESSAGE][PASSED] - Browser is opened with url: 'https://dev-algorithm.govolution.com/vrelaytest/QA2/version_2_2/vrelaytest.html'

2024-08-28 23:06:21 - [TEST_STEP][PASSED] - maximizeWindow(): Current window maximized

2024-08-28 23:06:21 - [MESSAGE][PASSED] - Current window maximized

2024-08-28 23:06:21 - [TEST_STEP][PASSED] - iwpPages.TestHarnessPage.setDataMethod(row, dataFile): iwpPages.TestHarnessPage.setDataMethod is PASSED

2024-08-28 23:06:22 - [MESSAGE][PASSED] - Object 'Object Repository/IWP30/Page_QATestHarness/RemittanceID' is present

2024-08-28 23:06:22 - [MESSAGE][PASSED] - Text '649' is set on object 'Object Repository/IWP30/Page_QATestHarness/ApplicationID'

2024-08-28 23:06:23 - [MESSAGE][PASSED] - Text '3.0' is set on object 'Object Repository/IWP30/Page_QATestHarness/MessageVersion'

2024-08-28 23:06:24 - [MESSAGE][PASSED] - Text 'HiepYSHAkByt' is set on object 'Object Repository/IWP30/Page_QATestHarness/RemittanceID'

2024-08-28 23:06:25 - [MESSAGE][PASSED] - Object: 'Object Repository/IWP30/Page_QATestHarness/SubmitButton' is clicked on

2024-08-28 23:06:25 - [MESSAGE][PASSED] - iwpPages.TestHarnessPage.setDataMethod is PASSED

2024-08-28 23:06:25 - [TEST_STEP][PASSED] - if (verifyElementPresent(findTestObject("Object Repository/IWP30/Page_SelectPaymentMethod/PayByCreditCard"), 30)): null

2024-08-28 23:06:26 - [MESSAGE][PASSED] - Object 'Object Repository/IWP30/Page_SelectPaymentMethod/PayByCreditCard' is present

2024-08-28 23:06:26 - [TEST_STEP][PASSED] - println("We are on Select Payment Method page, start populating"): null

2024-08-28 23:06:26 - [TEST_STEP][PASSED] - check(findTestObject("Object Repository/IWP30/Page_SelectPaymentMethod/PayByCreditCard")): Object 'Object Repository/IWP30/Page_SelectPaymentMethod/PayByCreditCard' is checked

2024-08-28 23:06:26 - [MESSAGE][PASSED] - Object 'Object Repository/IWP30/Page_SelectPaymentMethod/PayByCreditCard' is checked

2024-08-28 23:06:26 - [TEST_STEP][PASSED] - Thread.sleep(1000): null

2024-08-28 23:06:27 - [TEST_STEP][PASSED] - click(findTestObject("Object Repository/IWP30/Page_SelectPaymentMethod/MakePaymentButton")): Object: 'Object Repository/IWP30/Page_SelectPaymentMethod/MakePaymentButton' is clicked on

2024-08-28 23:06:28 - [MESSAGE][PASSED] - Object: 'Object Repository/IWP30/Page_SelectPaymentMethod/MakePaymentButton' is clicked on

2024-08-28 23:06:28 - [TEST_STEP][PASSED] - iwpPages.ccPaymentEntryPage.setDataCCPM(row, dataFile): iwpPages.ccPaymentEntryPage.setDataCCPM is PASSED

2024-08-28 23:06:29 - [MESSAGE][PASSED] - Object 'Object Repository/IWP30/Page_CCPaymentEntry/Name' is present

2024-08-28 23:06:30 - [MESSAGE][PASSED] - Object 'Object Repository/IWP30/Page_CCPaymentEntry/Amount' is present

2024-08-28 23:06:30 - [MESSAGE][PASSED] - Text '42.50' is set on object 'Object Repository/IWP30/Page_CCPaymentEntry/Amount'

2024-08-28 23:06:31 - [MESSAGE][PASSED] - Object 'Object Repository/IWP30/Page_CCPaymentEntry/UserDefined2' is present

2024-08-28 23:06:31 - [MESSAGE][PASSED] - Text 'Circle' is set on object 'Object Repository/IWP30/Page_CCPaymentEntry/UserDefined2'

2024-08-28 23:06:32 - [MESSAGE][PASSED] - Object 'Object Repository/IWP30/Page_CCPaymentEntry/UserDefined3' is present

2024-08-28 23:06:32 - [MESSAGE][PASSED] - Text 'Triangle' is set on object 'Object Repository/IWP30/Page_CCPaymentEntry/UserDefined3'

2024-08-28 23:06:33 - [MESSAGE][PASSED] - Object 'Object Repository/IWP30/Page_CCPaymentEntry/UserDefined7' is present

2024-08-28 23:06:33 - [MESSAGE][PASSED] - All options with label 'Purple' are selected in object 'Object Repository/IWP30/Page_CCPaymentEntry/UserDefined7' 

2024-08-28 23:06:34 - [MESSAGE][PASSED] - Object 'Object Repository/IWP30/Page_CCPaymentEntry/UserDefined8' is present

2024-08-28 23:06:34 - [MESSAGE][PASSED] - All options with label 'Tennis' are selected in object 'Object Repository/IWP30/Page_CCPaymentEntry/UserDefined8' 

2024-08-28 23:06:35 - [MESSAGE][PASSED] - Object 'Object Repository/IWP30/Page_CCPaymentEntry/Name' is present

2024-08-28 23:06:35 - [MESSAGE][PASSED] - Text 'Alan Donald' is set on object 'Object Repository/IWP30/Page_CCPaymentEntry/Name'

2024-08-28 23:06:36 - [MESSAGE][PASSED] - Object 'Object Repository/IWP30/Page_CCPaymentEntry/CardNumber' is present

2024-08-28 23:06:36 - [MESSAGE][PASSED] - Text '4111111111111111' is set on object 'Object Repository/IWP30/Page_CCPaymentEntry/CardNumber'

2024-08-28 23:06:37 - [MESSAGE][PASSED] - Object 'Object Repository/IWP30/Page_CCPaymentEntry/SPC' is present

2024-08-28 23:06:37 - [MESSAGE][PASSED] - Text '258' is set on object 'Object Repository/IWP30/Page_CCPaymentEntry/SPC'

2024-08-28 23:06:38 - [MESSAGE][PASSED] - Object 'Object Repository/IWP30/Page_CCPaymentEntry/Month' is present

2024-08-28 23:06:38 - [MESSAGE][PASSED] - All options with label '10' are selected in object 'Object Repository/IWP30/Page_CCPaymentEntry/Month' 

2024-08-28 23:06:39 - [MESSAGE][PASSED] - Object 'Object Repository/IWP30/Page_CCPaymentEntry/Year' is present

2024-08-28 23:06:39 - [MESSAGE][PASSED] - All options with label '2028' are selected in object 'Object Repository/IWP30/Page_CCPaymentEntry/Year' 

2024-08-28 23:06:40 - [MESSAGE][PASSED] - Object 'Object Repository/IWP30/Page_CCPaymentEntry/ProcessDate' is present

2024-08-28 23:06:40 - [MESSAGE][PASSED] - Object 'Object Repository/IWP30/Page_CCPaymentEntry/AL1' is present

2024-08-28 23:06:41 - [MESSAGE][PASSED] - Text 'Mera AL1' is set on object 'Object Repository/IWP30/Page_CCPaymentEntry/AL1'

2024-08-28 23:06:41 - [MESSAGE][PASSED] - Object 'Object Repository/IWP30/Page_CCPaymentEntry/AL2' is present

2024-08-28 23:06:42 - [MESSAGE][PASSED] - Text 'Mera AL2' is set on object 'Object Repository/IWP30/Page_CCPaymentEntry/AL2'

2024-08-28 23:06:42 - [MESSAGE][PASSED] - Object 'Object Repository/IWP30/Page_CCPaymentEntry/ZIP' is present

2024-08-28 23:06:43 - [MESSAGE][PASSED] - Text '21054' is set on object 'Object Repository/IWP30/Page_CCPaymentEntry/ZIP'

2024-08-28 23:06:43 - [MESSAGE][PASSED] - Object 'Object Repository/IWP30/Page_CCPaymentEntry/EmailAddress' is present

2024-08-28 23:06:44 - [MESSAGE][PASSED] - Text 'merae@gmail.com' is set on object 'Object Repository/IWP30/Page_CCPaymentEntry/EmailAddress'

2024-08-28 23:06:44 - [MESSAGE][PASSED] - Object 'Object Repository/IWP30/Page_CCPaymentEntry/TermCondCheckBox' is present

2024-08-28 23:06:45 - [MESSAGE][PASSED] - Object 'Object Repository/IWP30/Page_CCPaymentEntry/TermCondCheckBox' is checked

2024-08-28 23:06:45 - [MESSAGE][PASSED] - Object 'Object Repository/IWP30/Page_CCPaymentEntry/ContinueButton' is present

2024-08-28 23:06:46 - [MESSAGE][PASSED] - Object: 'Object Repository/IWP30/Page_CCPaymentEntry/ContinueButton' is clicked on

2024-08-28 23:06:46 - [MESSAGE][PASSED] - iwpPages.ccPaymentEntryPage.setDataCCPM is PASSED

2024-08-28 23:06:46 - [TEST_STEP][PASSED] - if (verifyTextPresent("Please verify the following information", false)): null

2024-08-28 23:06:47 - [MESSAGE][PASSED] - Text 'Please verify the following information' is present on page 

2024-08-28 23:06:47 - [TEST_STEP][PASSED] - println("Please verify the following information text is present on the Confirmation page"): null

2024-08-28 23:06:47 - [TEST_STEP][PASSED] - if (verifyTextPresent("Is this information correct?", false)): null

2024-08-28 23:06:47 - [MESSAGE][PASSED] - Text 'Is this information correct?' is present on page 

2024-08-28 23:06:47 - [TEST_STEP][PASSED] - println("Is this information correct text is present on the Confirmation page"): null

2024-08-28 23:06:47 - [TEST_STEP][PASSED] - if (verifyElementPresent(findTestObject("Object Repository/IWP30/Page_Confirmation/ConfirmButton"), 30)): null

2024-08-28 23:06:47 - [MESSAGE][PASSED] - Object 'Object Repository/IWP30/Page_Confirmation/ConfirmButton' is present

2024-08-28 23:06:47 - [TEST_STEP][PASSED] - click(findTestObject("Object Repository/IWP30/Page_Confirmation/ConfirmButton")): Object: 'Object Repository/IWP30/Page_Confirmation/ConfirmButton' is clicked on

2024-08-28 23:06:48 - [MESSAGE][PASSED] - Object: 'Object Repository/IWP30/Page_Confirmation/ConfirmButton' is clicked on

2024-08-28 23:06:48 - [TEST_STEP][PASSED] - Thread.sleep(10000): null

2024-08-28 23:06:58 - [TEST_STEP][PASSED] - if (verifyTextPresent("Successful Payment Receipt", false)): null

2024-08-28 23:06:58 - [MESSAGE][PASSED] - Text 'Successful Payment Receipt' is present on page 

2024-08-28 23:06:58 - [TEST_STEP][PASSED] - println("Successful Payment Receipt text is present on the Receipt page"): null

2024-08-28 23:06:58 - [TEST_STEP][PASSED] - if (verifyTextPresent("Please print this receipt for your records", false)): null

2024-08-28 23:06:59 - [MESSAGE][PASSED] - Text 'Please print this receipt for your records' is present on page 

2024-08-28 23:06:59 - [TEST_STEP][PASSED] - println("Please print this receipt for your records text is present on the Receipt page"): null

2024-08-28 23:06:59 - [TEST_STEP][PASSED] - if (verifyElementPresent(findTestObject("Object Repository/IWP30/Page_Receipt/ExitButton"), 30)): null

2024-08-28 23:06:59 - [MESSAGE][PASSED] - Object 'Object Repository/IWP30/Page_Receipt/ExitButton' is present

2024-08-28 23:06:59 - [TEST_STEP][PASSED] - println("Exit Button is present on the Receipt page"): null

2024-08-28 23:06:59 - [TEST_STEP][PASSED] - closeBrowser(): Browser is closed

2024-08-28 23:07:00 - [MESSAGE][PASSED] - Browser is closed

2024-08-28 23:07:00 - [TEST_STEP][PASSED] - openBrowser(urlEmulator): Browser is opened with url: 'https://qa2.velocitypayment.com/agency/config.do?action=editor'

2024-08-28 23:07:00 - [MESSAGE][INFO] - Starting 'Chrome' driver

2024-08-28 23:07:00 - [MESSAGE][INFO] - User set preference: ['acceptInsecureCerts', 'true']

2024-08-28 23:07:00 - [MESSAGE][INFO] - Action delay is set to 0 milliseconds

2024-08-28 23:07:02 - [MESSAGE][PASSED] - Browser is opened with url: 'https://qa2.velocitypayment.com/agency/config.do?action=editor'

2024-08-28 23:07:02 - [TEST_STEP][PASSED] - maximizeWindow(): Current window maximized

2024-08-28 23:07:02 - [MESSAGE][PASSED] - Current window maximized

2024-08-28 23:07:02 - [TEST_STEP][PASSED] - iwpPages.emulatorIWP30.getSetData(row, dataFile): iwpPages.emulatorIWP30.getSetData is PASSED

2024-08-28 23:07:05 - [MESSAGE][PASSED] - All options with value '3.0' are selected in object 'Object Repository/IWP30/Page_VRelay30Emulator/MV'  using regular expression

2024-08-28 23:07:05 - [MESSAGE][PASSED] - Text '41.50' is set on object 'Object Repository/IWP30/Page_VRelay30Emulator/Amount'

2024-08-28 23:07:06 - [MESSAGE][PASSED] - Text '26412109' is set on object 'Object Repository/IWP30/Page_VRelay30Emulator/CAN'

2024-08-28 23:07:07 - [MESSAGE][PASSED] - Text 'PayNow' is set on object 'Object Repository/IWP30/Page_VRelay30Emulator/Action'

2024-08-28 23:07:07 - [MESSAGE][PASSED] - Text 'en_US' is set on object 'Object Repository/IWP30/Page_VRelay30Emulator/Lang'

2024-08-28 23:07:08 - [MESSAGE][PASSED] - Text 'Jonty' is set on object 'Object Repository/IWP30/Page_VRelay30Emulator/Fname'

2024-08-28 23:07:09 - [MESSAGE][PASSED] - Text 'Smith' is set on object 'Object Repository/IWP30/Page_VRelay30Emulator/Lname'

2024-08-28 23:07:09 - [MESSAGE][PASSED] - Text '15 Elm St' is set on object 'Object Repository/IWP30/Page_VRelay30Emulator/AL1'

2024-08-28 23:07:10 - [MESSAGE][PASSED] - Text 'Suite 600' is set on object 'Object Repository/IWP30/Page_VRelay30Emulator/AL2'

2024-08-28 23:07:11 - [MESSAGE][PASSED] - Text '840' is set on object 'Object Repository/IWP30/Page_VRelay30Emulator/Country'

2024-08-28 23:07:11 - [MESSAGE][PASSED] - Text 'Gambrills' is set on object 'Object Repository/IWP30/Page_VRelay30Emulator/City'

2024-08-28 23:07:12 - [MESSAGE][PASSED] - Text 'MD' is set on object 'Object Repository/IWP30/Page_VRelay30Emulator/State'

2024-08-28 23:07:13 - [MESSAGE][PASSED] - Text '21054' is set on object 'Object Repository/IWP30/Page_VRelay30Emulator/ZIP'

2024-08-28 23:07:13 - [MESSAGE][PASSED] - Text '' is set on object 'Object Repository/IWP30/Page_VRelay30Emulator/Order'

2024-08-28 23:07:14 - [MESSAGE][PASSED] - Text '' is set on object 'Object Repository/IWP30/Page_VRelay30Emulator/Company'

2024-08-28 23:07:15 - [MESSAGE][PASSED] - Text 'iahmed@govolution.com' is set on object 'Object Repository/IWP30/Page_VRelay30Emulator/Email'

2024-08-28 23:07:15 - [MESSAGE][PASSED] - Text 'udf data 1' is set on object 'Object Repository/IWP30/Page_VRelay30Emulator/UDF1'

2024-08-28 23:07:16 - [MESSAGE][PASSED] - Text 'udf data 2' is set on object 'Object Repository/IWP30/Page_VRelay30Emulator/UDF2'

2024-08-28 23:07:17 - [MESSAGE][PASSED] - Text 'udf data 3' is set on object 'Object Repository/IWP30/Page_VRelay30Emulator/UDF3'

2024-08-28 23:07:17 - [MESSAGE][PASSED] - Text 'udf data 4' is set on object 'Object Repository/IWP30/Page_VRelay30Emulator/UDF4'

2024-08-28 23:07:18 - [MESSAGE][PASSED] - Text 'udf data 5' is set on object 'Object Repository/IWP30/Page_VRelay30Emulator/UDF5'

2024-08-28 23:07:19 - [MESSAGE][PASSED] - Text 'udf data 6' is set on object 'Object Repository/IWP30/Page_VRelay30Emulator/UDF6'

2024-08-28 23:07:19 - [MESSAGE][PASSED] - Text 'Orange' is set on object 'Object Repository/IWP30/Page_VRelay30Emulator/UDF7'

2024-08-28 23:07:20 - [MESSAGE][PASSED] - Text 'Soccer' is set on object 'Object Repository/IWP30/Page_VRelay30Emulator/UDF8'

2024-08-28 23:07:21 - [MESSAGE][PASSED] - Text 'udf data 9' is set on object 'Object Repository/IWP30/Page_VRelay30Emulator/UDF9'

2024-08-28 23:07:21 - [MESSAGE][PASSED] - Text 'udf data 10' is set on object 'Object Repository/IWP30/Page_VRelay30Emulator/UDF10'

2024-08-28 23:07:32 - [MESSAGE][PASSED] - Object: 'Object Repository/IWP30/Page_VRelay30Emulator/Submit' is clicked on

2024-08-28 23:07:32 - [MESSAGE][PASSED] - iwpPages.emulatorIWP30.getSetData is PASSED

2024-08-28 23:07:32 - [TEST_STEP][PASSED] - closeBrowser(): Browser is closed

2024-08-28 23:07:33 - [MESSAGE][PASSED] - Browser is closed

2024-08-28 23:07:33 - [TEST_STEP][PASSED] - openBrowser(urlTestHarness): Browser is opened with url: 'https://dev-algorithm.govolution.com/vrelaytest/QA2/version_2_2/vrelaytest.html'

2024-08-28 23:07:33 - [MESSAGE][INFO] - Starting 'Chrome' driver

2024-08-28 23:07:33 - [MESSAGE][INFO] - User set preference: ['acceptInsecureCerts', 'true']

2024-08-28 23:07:33 - [MESSAGE][INFO] - Action delay is set to 0 milliseconds

2024-08-28 23:07:35 - [MESSAGE][PASSED] - Browser is opened with url: 'https://dev-algorithm.govolution.com/vrelaytest/QA2/version_2_2/vrelaytest.html'

2024-08-28 23:07:35 - [TEST_STEP][PASSED] - maximizeWindow(): Current window maximized

2024-08-28 23:07:35 - [MESSAGE][PASSED] - Current window maximized

2024-08-28 23:07:35 - [TEST_STEP][PASSED] - iwpPages.TestHarnessPage.setDataMethod(row, dataFile): iwpPages.TestHarnessPage.setDataMethod is PASSED

2024-08-28 23:07:36 - [MESSAGE][PASSED] - Object 'Object Repository/IWP30/Page_QATestHarness/RemittanceID' is present

2024-08-28 23:07:37 - [MESSAGE][PASSED] - Text '649' is set on object 'Object Repository/IWP30/Page_QATestHarness/ApplicationID'

2024-08-28 23:07:37 - [MESSAGE][PASSED] - Text '3.0' is set on object 'Object Repository/IWP30/Page_QATestHarness/MessageVersion'

2024-08-28 23:07:38 - [MESSAGE][PASSED] - Text 'xALyan5bzegI' is set on object 'Object Repository/IWP30/Page_QATestHarness/RemittanceID'

2024-08-28 23:07:40 - [MESSAGE][PASSED] - Object: 'Object Repository/IWP30/Page_QATestHarness/SubmitButton' is clicked on

2024-08-28 23:07:40 - [MESSAGE][PASSED] - iwpPages.TestHarnessPage.setDataMethod is PASSED

2024-08-28 23:07:40 - [TEST_STEP][PASSED] - if (verifyElementPresent(findTestObject("Object Repository/IWP30/Page_SelectPaymentMethod/PayByCreditCard"), 30)): null

2024-08-28 23:07:40 - [MESSAGE][PASSED] - Object 'Object Repository/IWP30/Page_SelectPaymentMethod/PayByCreditCard' is present

2024-08-28 23:07:40 - [TEST_STEP][PASSED] - println("We are on Select Payment Method page, start populating"): null

2024-08-28 23:07:40 - [TEST_STEP][PASSED] - check(findTestObject("Object Repository/IWP30/Page_SelectPaymentMethod/PayByCreditCard")): Object 'Object Repository/IWP30/Page_SelectPaymentMethod/PayByCreditCard' is checked

2024-08-28 23:07:41 - [MESSAGE][PASSED] - Object 'Object Repository/IWP30/Page_SelectPaymentMethod/PayByCreditCard' is checked

2024-08-28 23:07:41 - [TEST_STEP][PASSED] - Thread.sleep(1000): null

2024-08-28 23:07:42 - [TEST_STEP][PASSED] - click(findTestObject("Object Repository/IWP30/Page_SelectPaymentMethod/MakePaymentButton")): Object: 'Object Repository/IWP30/Page_SelectPaymentMethod/MakePaymentButton' is clicked on

2024-08-28 23:07:43 - [MESSAGE][PASSED] - Object: 'Object Repository/IWP30/Page_SelectPaymentMethod/MakePaymentButton' is clicked on

2024-08-28 23:07:43 - [TEST_STEP][PASSED] - iwpPages.ccPaymentEntryPage.setDataCCPM(row, dataFile): iwpPages.ccPaymentEntryPage.setDataCCPM is PASSED

2024-08-28 23:07:44 - [MESSAGE][PASSED] - Object 'Object Repository/IWP30/Page_CCPaymentEntry/Name' is present

2024-08-28 23:07:45 - [MESSAGE][PASSED] - Object 'Object Repository/IWP30/Page_CCPaymentEntry/Amount' is present

2024-08-28 23:07:45 - [MESSAGE][PASSED] - Text '40.50' is set on object 'Object Repository/IWP30/Page_CCPaymentEntry/Amount'

2024-08-28 23:07:46 - [MESSAGE][PASSED] - Object 'Object Repository/IWP30/Page_CCPaymentEntry/UserDefined2' is present

2024-08-28 23:07:46 - [MESSAGE][PASSED] - Text 'Circle' is set on object 'Object Repository/IWP30/Page_CCPaymentEntry/UserDefined2'

2024-08-28 23:07:47 - [MESSAGE][PASSED] - Object 'Object Repository/IWP30/Page_CCPaymentEntry/UserDefined3' is present

2024-08-28 23:07:47 - [MESSAGE][PASSED] - Text 'Triangle' is set on object 'Object Repository/IWP30/Page_CCPaymentEntry/UserDefined3'

2024-08-28 23:07:48 - [MESSAGE][PASSED] - Object 'Object Repository/IWP30/Page_CCPaymentEntry/UserDefined7' is present

2024-08-28 23:07:49 - [MESSAGE][PASSED] - All options with label 'Purple' are selected in object 'Object Repository/IWP30/Page_CCPaymentEntry/UserDefined7' 

2024-08-28 23:07:49 - [MESSAGE][PASSED] - Object 'Object Repository/IWP30/Page_CCPaymentEntry/UserDefined8' is present

2024-08-28 23:07:50 - [MESSAGE][PASSED] - All options with label 'Tennis' are selected in object 'Object Repository/IWP30/Page_CCPaymentEntry/UserDefined8' 

2024-08-28 23:07:50 - [MESSAGE][PASSED] - Object 'Object Repository/IWP30/Page_CCPaymentEntry/Name' is present

2024-08-28 23:07:51 - [MESSAGE][PASSED] - Text 'Alan Donald' is set on object 'Object Repository/IWP30/Page_CCPaymentEntry/Name'

2024-08-28 23:07:51 - [MESSAGE][PASSED] - Object 'Object Repository/IWP30/Page_CCPaymentEntry/CardNumber' is present

2024-08-28 23:07:52 - [MESSAGE][PASSED] - Text '4111111111111111' is set on object 'Object Repository/IWP30/Page_CCPaymentEntry/CardNumber'

2024-08-28 23:07:52 - [MESSAGE][PASSED] - Object 'Object Repository/IWP30/Page_CCPaymentEntry/SPC' is present

2024-08-28 23:07:53 - [MESSAGE][PASSED] - Text '258' is set on object 'Object Repository/IWP30/Page_CCPaymentEntry/SPC'

2024-08-28 23:07:53 - [MESSAGE][PASSED] - Object 'Object Repository/IWP30/Page_CCPaymentEntry/Month' is present

2024-08-28 23:07:54 - [MESSAGE][PASSED] - All options with label '10' are selected in object 'Object Repository/IWP30/Page_CCPaymentEntry/Month' 

2024-08-28 23:07:54 - [MESSAGE][PASSED] - Object 'Object Repository/IWP30/Page_CCPaymentEntry/Year' is present

2024-08-28 23:07:55 - [MESSAGE][PASSED] - All options with label '2028' are selected in object 'Object Repository/IWP30/Page_CCPaymentEntry/Year' 

2024-08-28 23:07:55 - [MESSAGE][PASSED] - Object 'Object Repository/IWP30/Page_CCPaymentEntry/ProcessDate' is present

2024-08-28 23:07:55 - [MESSAGE][PASSED] - Object 'Object Repository/IWP30/Page_CCPaymentEntry/AL1' is present

2024-08-28 23:07:56 - [MESSAGE][PASSED] - Text 'Mera AL1' is set on object 'Object Repository/IWP30/Page_CCPaymentEntry/AL1'

2024-08-28 23:07:56 - [MESSAGE][PASSED] - Object 'Object Repository/IWP30/Page_CCPaymentEntry/AL2' is present

2024-08-28 23:07:57 - [MESSAGE][PASSED] - Text 'Mera AL2' is set on object 'Object Repository/IWP30/Page_CCPaymentEntry/AL2'

2024-08-28 23:07:57 - [MESSAGE][PASSED] - Object 'Object Repository/IWP30/Page_CCPaymentEntry/ZIP' is present

2024-08-28 23:07:58 - [MESSAGE][PASSED] - Text '21054' is set on object 'Object Repository/IWP30/Page_CCPaymentEntry/ZIP'

2024-08-28 23:07:59 - [MESSAGE][PASSED] - Object 'Object Repository/IWP30/Page_CCPaymentEntry/EmailAddress' is present

2024-08-28 23:08:00 - [MESSAGE][PASSED] - Text 'merae@gmail.com' is set on object 'Object Repository/IWP30/Page_CCPaymentEntry/EmailAddress'

2024-08-28 23:08:00 - [MESSAGE][PASSED] - Object 'Object Repository/IWP30/Page_CCPaymentEntry/TermCondCheckBox' is present

2024-08-28 23:08:00 - [MESSAGE][PASSED] - Object 'Object Repository/IWP30/Page_CCPaymentEntry/TermCondCheckBox' is checked

2024-08-28 23:08:01 - [MESSAGE][PASSED] - Object 'Object Repository/IWP30/Page_CCPaymentEntry/ContinueButton' is present

2024-08-28 23:08:01 - [MESSAGE][PASSED] - Object: 'Object Repository/IWP30/Page_CCPaymentEntry/ContinueButton' is clicked on

2024-08-28 23:08:01 - [MESSAGE][PASSED] - iwpPages.ccPaymentEntryPage.setDataCCPM is PASSED

2024-08-28 23:08:01 - [TEST_STEP][PASSED] - if (verifyTextPresent("Please verify the following information", false)): null

2024-08-28 23:08:02 - [MESSAGE][PASSED] - Text 'Please verify the following information' is present on page 

2024-08-28 23:08:02 - [TEST_STEP][PASSED] - println("Please verify the following information text is present on the Confirmation page"): null

2024-08-28 23:08:02 - [TEST_STEP][PASSED] - if (verifyTextPresent("Is this information correct?", false)): null

2024-08-28 23:08:02 - [MESSAGE][PASSED] - Text 'Is this information correct?' is present on page 

2024-08-28 23:08:02 - [TEST_STEP][PASSED] - println("Is this information correct text is present on the Confirmation page"): null

2024-08-28 23:08:02 - [TEST_STEP][PASSED] - if (verifyElementPresent(findTestObject("Object Repository/IWP30/Page_Confirmation/ConfirmButton"), 30)): null

2024-08-28 23:08:03 - [MESSAGE][PASSED] - Object 'Object Repository/IWP30/Page_Confirmation/ConfirmButton' is present

2024-08-28 23:08:03 - [TEST_STEP][PASSED] - click(findTestObject("Object Repository/IWP30/Page_Confirmation/ConfirmButton")): Object: 'Object Repository/IWP30/Page_Confirmation/ConfirmButton' is clicked on

2024-08-28 23:08:04 - [MESSAGE][PASSED] - Object: 'Object Repository/IWP30/Page_Confirmation/ConfirmButton' is clicked on

2024-08-28 23:08:04 - [TEST_STEP][PASSED] - Thread.sleep(10000): null

2024-08-28 23:08:14 - [TEST_STEP][PASSED] - if (verifyTextPresent("Successful Payment Receipt", false)): null

2024-08-28 23:08:14 - [MESSAGE][PASSED] - Text 'Successful Payment Receipt' is present on page 

2024-08-28 23:08:14 - [TEST_STEP][PASSED] - println("Successful Payment Receipt text is present on the Receipt page"): null

2024-08-28 23:08:14 - [TEST_STEP][PASSED] - if (verifyTextPresent("Please print this receipt for your records", false)): null

2024-08-28 23:08:14 - [MESSAGE][PASSED] - Text 'Please print this receipt for your records' is present on page 

2024-08-28 23:08:14 - [TEST_STEP][PASSED] - println("Please print this receipt for your records text is present on the Receipt page"): null

2024-08-28 23:08:14 - [TEST_STEP][PASSED] - if (verifyElementPresent(findTestObject("Object Repository/IWP30/Page_Receipt/ExitButton"), 30)): null

2024-08-28 23:08:15 - [MESSAGE][PASSED] - Object 'Object Repository/IWP30/Page_Receipt/ExitButton' is present

2024-08-28 23:08:15 - [TEST_STEP][PASSED] - println("Exit Button is present on the Receipt page"): null

2024-08-28 23:08:15 - [TEST_STEP][PASSED] - closeBrowser(): Browser is closed

2024-08-28 23:08:16 - [MESSAGE][PASSED] - Browser is closed]]></system-out>
         <system-err><![CDATA[]]></system-err>
      </testcase>
      <testcase name="Test Cases/IntegratedWeb/IWP30/Errors/AmountLessThanMinCC" time="57.127" classname="Test Cases/IntegratedWeb/IWP30/Errors/AmountLessThanMinCC" status="PASSED">
         <system-out><![CDATA[2024-08-28 23:08:16 - [TEST_CASE][PASSED] - Test Cases/IntegratedWeb/IWP30/Errors/AmountLessThanMinCC: Test Cases/IntegratedWeb/IWP30/Errors/AmountLessThanMinCC

2024-08-28 23:08:16 - [TEST_STEP][PASSED] - openBrowser(urlEmulator): Browser is opened with url: 'https://qa2.velocitypayment.com/agency/config.do?action=editor'

2024-08-28 23:08:16 - [MESSAGE][INFO] - Starting 'Chrome' driver

2024-08-28 23:08:16 - [MESSAGE][INFO] - User set preference: ['acceptInsecureCerts', 'true']

2024-08-28 23:08:16 - [MESSAGE][INFO] - Action delay is set to 0 milliseconds

2024-08-28 23:08:18 - [MESSAGE][PASSED] - Browser is opened with url: 'https://qa2.velocitypayment.com/agency/config.do?action=editor'

2024-08-28 23:08:18 - [TEST_STEP][PASSED] - maximizeWindow(): Current window maximized

2024-08-28 23:08:18 - [MESSAGE][PASSED] - Current window maximized

2024-08-28 23:08:18 - [TEST_STEP][PASSED] - iwpPages.emulatorIWP30.setDataEmulatorStandard(): iwpPages.emulatorIWP30.setDataEmulatorStandard is PASSED

2024-08-28 23:08:19 - [MESSAGE][PASSED] - Object 'Object Repository/IWP30/Page_VRelay30Emulator/Amount' is present

2024-08-28 23:08:20 - [MESSAGE][PASSED] - All options with value '3.0' are selected in object 'Object Repository/IWP30/Page_VRelay30Emulator/MV'  using regular expression

2024-08-28 23:08:21 - [MESSAGE][PASSED] - Text '10.50' is set on object 'Object Repository/IWP30/Page_VRelay30Emulator/Amount'

2024-08-28 23:08:22 - [MESSAGE][PASSED] - Text '54654701' is set on object 'Object Repository/IWP30/Page_VRelay30Emulator/CAN'

2024-08-28 23:08:22 - [MESSAGE][PASSED] - Text 'PayNow' is set on object 'Object Repository/IWP30/Page_VRelay30Emulator/Action'

2024-08-28 23:08:23 - [MESSAGE][PASSED] - Text 'en_US' is set on object 'Object Repository/IWP30/Page_VRelay30Emulator/Lang'

2024-08-28 23:08:24 - [MESSAGE][PASSED] - Text '' is set on object 'Object Repository/IWP30/Page_VRelay30Emulator/Fname'

2024-08-28 23:08:24 - [MESSAGE][PASSED] - Text '' is set on object 'Object Repository/IWP30/Page_VRelay30Emulator/Lname'

2024-08-28 23:08:25 - [MESSAGE][PASSED] - Text '' is set on object 'Object Repository/IWP30/Page_VRelay30Emulator/AL1'

2024-08-28 23:08:26 - [MESSAGE][PASSED] - Text '' is set on object 'Object Repository/IWP30/Page_VRelay30Emulator/AL2'

2024-08-28 23:08:26 - [MESSAGE][PASSED] - Text '' is set on object 'Object Repository/IWP30/Page_VRelay30Emulator/Country'

2024-08-28 23:08:27 - [MESSAGE][PASSED] - Text '' is set on object 'Object Repository/IWP30/Page_VRelay30Emulator/City'

2024-08-28 23:08:28 - [MESSAGE][PASSED] - Text '' is set on object 'Object Repository/IWP30/Page_VRelay30Emulator/State'

2024-08-28 23:08:28 - [MESSAGE][PASSED] - Text '' is set on object 'Object Repository/IWP30/Page_VRelay30Emulator/ZIP'

2024-08-28 23:08:29 - [MESSAGE][PASSED] - Text '' is set on object 'Object Repository/IWP30/Page_VRelay30Emulator/Order'

2024-08-28 23:08:30 - [MESSAGE][PASSED] - Text '' is set on object 'Object Repository/IWP30/Page_VRelay30Emulator/Company'

2024-08-28 23:08:30 - [MESSAGE][PASSED] - Text '' is set on object 'Object Repository/IWP30/Page_VRelay30Emulator/Email'

2024-08-28 23:08:31 - [MESSAGE][PASSED] - Text '' is set on object 'Object Repository/IWP30/Page_VRelay30Emulator/UDF1'

2024-08-28 23:08:32 - [MESSAGE][PASSED] - Text '' is set on object 'Object Repository/IWP30/Page_VRelay30Emulator/UDF2'

2024-08-28 23:08:32 - [MESSAGE][PASSED] - Text 'data 3' is set on object 'Object Repository/IWP30/Page_VRelay30Emulator/UDF3'

2024-08-28 23:08:33 - [MESSAGE][PASSED] - Text 'data 4' is set on object 'Object Repository/IWP30/Page_VRelay30Emulator/UDF4'

2024-08-28 23:08:34 - [MESSAGE][PASSED] - Text 'data 5' is set on object 'Object Repository/IWP30/Page_VRelay30Emulator/UDF5'

2024-08-28 23:08:34 - [MESSAGE][PASSED] - Text 'data 6' is set on object 'Object Repository/IWP30/Page_VRelay30Emulator/UDF6'

2024-08-28 23:08:35 - [MESSAGE][PASSED] - Text 'Orange' is set on object 'Object Repository/IWP30/Page_VRelay30Emulator/UDF7'

2024-08-28 23:08:36 - [MESSAGE][PASSED] - Text 'Soccer' is set on object 'Object Repository/IWP30/Page_VRelay30Emulator/UDF8'

2024-08-28 23:08:36 - [MESSAGE][PASSED] - Text 'data 9' is set on object 'Object Repository/IWP30/Page_VRelay30Emulator/UDF9'

2024-08-28 23:08:37 - [MESSAGE][PASSED] - Text 'data 10' is set on object 'Object Repository/IWP30/Page_VRelay30Emulator/UDF10'

2024-08-28 23:08:39 - [MESSAGE][PASSED] - Object: 'Object Repository/IWP30/Page_VRelay30Emulator/Submit' is clicked on

2024-08-28 23:08:46 - [MESSAGE][PASSED] - Browser is closed

2024-08-28 23:08:46 - [MESSAGE][PASSED] - iwpPages.emulatorIWP30.setDataEmulatorStandard is PASSED

2024-08-28 23:08:46 - [TEST_STEP][PASSED] - openBrowser(urlTestHarness): Browser is opened with url: 'https://dev-algorithm.govolution.com/vrelaytest/QA2/version_2_2/vrelaytest.html'

2024-08-28 23:08:46 - [MESSAGE][INFO] - Starting 'Chrome' driver

2024-08-28 23:08:46 - [MESSAGE][INFO] - User set preference: ['acceptInsecureCerts', 'true']

2024-08-28 23:08:46 - [MESSAGE][INFO] - Action delay is set to 0 milliseconds

2024-08-28 23:08:47 - [MESSAGE][PASSED] - Browser is opened with url: 'https://dev-algorithm.govolution.com/vrelaytest/QA2/version_2_2/vrelaytest.html'

2024-08-28 23:08:47 - [TEST_STEP][PASSED] - maximizeWindow(): Current window maximized

2024-08-28 23:08:48 - [MESSAGE][PASSED] - Current window maximized

2024-08-28 23:08:48 - [TEST_STEP][PASSED] - genRemIDVoid = RandomStringUtils.random(12, true, true): null

2024-08-28 23:08:48 - [TEST_STEP][PASSED] - if (verifyElementPresent(findTestObject("Object Repository/IWP30/Page_QATestHarness/RemittanceID"), 30)): null

2024-08-28 23:08:48 - [MESSAGE][PASSED] - Object 'Object Repository/IWP30/Page_QATestHarness/RemittanceID' is present

2024-08-28 23:08:48 - [TEST_STEP][PASSED] - println("We are on Test Harness page, start populating"): null

2024-08-28 23:08:48 - [TEST_STEP][PASSED] - setText(findTestObject("Object Repository/IWP30/Page_QATestHarness/ApplicationID"), "649"): Text '649' is set on object 'Object Repository/IWP30/Page_QATestHarness/ApplicationID'

2024-08-28 23:08:49 - [MESSAGE][PASSED] - Text '649' is set on object 'Object Repository/IWP30/Page_QATestHarness/ApplicationID'

2024-08-28 23:08:49 - [TEST_STEP][PASSED] - setText(findTestObject("Object Repository/IWP30/Page_QATestHarness/MessageVersion"), "3.0"): Text '3.0' is set on object 'Object Repository/IWP30/Page_QATestHarness/MessageVersion'

2024-08-28 23:08:49 - [MESSAGE][PASSED] - Text '3.0' is set on object 'Object Repository/IWP30/Page_QATestHarness/MessageVersion'

2024-08-28 23:08:49 - [TEST_STEP][PASSED] - setText(findTestObject("Object Repository/IWP30/Page_QATestHarness/RemittanceID"), genRemIDVoid): Text '5FS1bE79dzBr' is set on object 'Object Repository/IWP30/Page_QATestHarness/RemittanceID'

2024-08-28 23:08:50 - [MESSAGE][PASSED] - Text '5FS1bE79dzBr' is set on object 'Object Repository/IWP30/Page_QATestHarness/RemittanceID'

2024-08-28 23:08:50 - [TEST_STEP][PASSED] - click(findTestObject("Object Repository/IWP30/Page_QATestHarness/SubmitButton")): Object: 'Object Repository/IWP30/Page_QATestHarness/SubmitButton' is clicked on

2024-08-28 23:08:51 - [MESSAGE][PASSED] - Object: 'Object Repository/IWP30/Page_QATestHarness/SubmitButton' is clicked on

2024-08-28 23:08:51 - [TEST_STEP][PASSED] - if (verifyElementPresent(findTestObject("Object Repository/IWP30/Page_SelectPaymentMethod/PayByCreditCard"), 30)): null

2024-08-28 23:08:52 - [MESSAGE][PASSED] - Object 'Object Repository/IWP30/Page_SelectPaymentMethod/PayByCreditCard' is present

2024-08-28 23:08:52 - [TEST_STEP][PASSED] - println("We are on Select Payment Method page, start populating"): null

2024-08-28 23:08:52 - [TEST_STEP][PASSED] - check(findTestObject("Object Repository/IWP30/Page_SelectPaymentMethod/PayByCreditCard")): Object 'Object Repository/IWP30/Page_SelectPaymentMethod/PayByCreditCard' is checked

2024-08-28 23:08:52 - [MESSAGE][PASSED] - Object 'Object Repository/IWP30/Page_SelectPaymentMethod/PayByCreditCard' is checked

2024-08-28 23:08:52 - [TEST_STEP][PASSED] - Thread.sleep(1000): null

2024-08-28 23:08:53 - [TEST_STEP][PASSED] - click(findTestObject("Object Repository/IWP30/Page_SelectPaymentMethod/MakePaymentButton")): Object: 'Object Repository/IWP30/Page_SelectPaymentMethod/MakePaymentButton' is clicked on

2024-08-28 23:08:55 - [MESSAGE][PASSED] - Object: 'Object Repository/IWP30/Page_SelectPaymentMethod/MakePaymentButton' is clicked on

2024-08-28 23:08:55 - [TEST_STEP][PASSED] - if (verifyElementPresent(findTestObject("Object Repository/IWP30/Page_CCPaymentEntry/Name"), 30)): null

2024-08-28 23:08:55 - [MESSAGE][PASSED] - Object 'Object Repository/IWP30/Page_CCPaymentEntry/Name' is present

2024-08-28 23:08:55 - [TEST_STEP][PASSED] - println("We are on Credit Card Payment Entry page, start populating"): null

2024-08-28 23:08:55 - [TEST_STEP][PASSED] - if (verifyElementPresent(findTestObject("Object Repository/IWP30/Page_CCPaymentEntry/Amount"), 30)): null

2024-08-28 23:08:55 - [MESSAGE][PASSED] - Object 'Object Repository/IWP30/Page_CCPaymentEntry/Amount' is present

2024-08-28 23:08:55 - [TEST_STEP][PASSED] - setText(findTestObject("Object Repository/IWP30/Page_CCPaymentEntry/Amount"), "1.50"): Text '1.50' is set on object 'Object Repository/IWP30/Page_CCPaymentEntry/Amount'

2024-08-28 23:08:56 - [MESSAGE][PASSED] - Text '1.50' is set on object 'Object Repository/IWP30/Page_CCPaymentEntry/Amount'

2024-08-28 23:08:56 - [TEST_STEP][PASSED] - if (verifyElementPresent(findTestObject("Object Repository/IWP30/Page_CCPaymentEntry/UserDefined2"), 30)): null

2024-08-28 23:08:56 - [MESSAGE][PASSED] - Object 'Object Repository/IWP30/Page_CCPaymentEntry/UserDefined2' is present

2024-08-28 23:08:56 - [TEST_STEP][PASSED] - setText(findTestObject("Object Repository/IWP30/Page_CCPaymentEntry/UserDefined2"), ""): Text '' is set on object 'Object Repository/IWP30/Page_CCPaymentEntry/UserDefined2'

2024-08-28 23:08:57 - [MESSAGE][PASSED] - Text '' is set on object 'Object Repository/IWP30/Page_CCPaymentEntry/UserDefined2'

2024-08-28 23:08:57 - [TEST_STEP][PASSED] - if (verifyElementPresent(findTestObject("Object Repository/IWP30/Page_CCPaymentEntry/UserDefined3"), 30)): null

2024-08-28 23:08:57 - [MESSAGE][PASSED] - Object 'Object Repository/IWP30/Page_CCPaymentEntry/UserDefined3' is present

2024-08-28 23:08:57 - [TEST_STEP][PASSED] - setText(findTestObject("Object Repository/IWP30/Page_CCPaymentEntry/UserDefined3"), "data 3"): Text 'data 3' is set on object 'Object Repository/IWP30/Page_CCPaymentEntry/UserDefined3'

2024-08-28 23:08:58 - [MESSAGE][PASSED] - Text 'data 3' is set on object 'Object Repository/IWP30/Page_CCPaymentEntry/UserDefined3'

2024-08-28 23:08:58 - [TEST_STEP][PASSED] - if (verifyElementPresent(findTestObject("Object Repository/IWP30/Page_CCPaymentEntry/UserDefined7"), 30)): null

2024-08-28 23:08:58 - [MESSAGE][PASSED] - Object 'Object Repository/IWP30/Page_CCPaymentEntry/UserDefined7' is present

2024-08-28 23:08:58 - [TEST_STEP][PASSED] - selectOptionByLabel(findTestObject("Object Repository/IWP30/Page_CCPaymentEntry/UserDefined7"), "Orange", false): All options with label 'Orange' are selected in object 'Object Repository/IWP30/Page_CCPaymentEntry/UserDefined7' 

2024-08-28 23:08:59 - [MESSAGE][PASSED] - All options with label 'Orange' are selected in object 'Object Repository/IWP30/Page_CCPaymentEntry/UserDefined7' 

2024-08-28 23:08:59 - [TEST_STEP][PASSED] - if (verifyElementPresent(findTestObject("Object Repository/IWP30/Page_CCPaymentEntry/UserDefined8"), 30)): null

2024-08-28 23:08:59 - [MESSAGE][PASSED] - Object 'Object Repository/IWP30/Page_CCPaymentEntry/UserDefined8' is present

2024-08-28 23:08:59 - [TEST_STEP][PASSED] - selectOptionByLabel(findTestObject("Object Repository/IWP30/Page_CCPaymentEntry/UserDefined8"), "Tennis", false): All options with label 'Tennis' are selected in object 'Object Repository/IWP30/Page_CCPaymentEntry/UserDefined8' 

2024-08-28 23:09:00 - [MESSAGE][PASSED] - All options with label 'Tennis' are selected in object 'Object Repository/IWP30/Page_CCPaymentEntry/UserDefined8' 

2024-08-28 23:09:00 - [TEST_STEP][PASSED] - if (verifyElementPresent(findTestObject("Object Repository/IWP30/Page_CCPaymentEntry/Name"), 30)): null

2024-08-28 23:09:00 - [MESSAGE][PASSED] - Object 'Object Repository/IWP30/Page_CCPaymentEntry/Name' is present

2024-08-28 23:09:00 - [TEST_STEP][PASSED] - setText(findTestObject("Object Repository/IWP30/Page_CCPaymentEntry/Name"), "Jonathan Lewis"): Text 'Jonathan Lewis' is set on object 'Object Repository/IWP30/Page_CCPaymentEntry/Name'

2024-08-28 23:09:01 - [MESSAGE][PASSED] - Text 'Jonathan Lewis' is set on object 'Object Repository/IWP30/Page_CCPaymentEntry/Name'

2024-08-28 23:09:01 - [TEST_STEP][PASSED] - if (verifyElementPresent(findTestObject("Object Repository/IWP30/Page_CCPaymentEntry/CardNumber"), 30)): null

2024-08-28 23:09:01 - [MESSAGE][PASSED] - Object 'Object Repository/IWP30/Page_CCPaymentEntry/CardNumber' is present

2024-08-28 23:09:01 - [TEST_STEP][PASSED] - setText(findTestObject("Object Repository/IWP30/Page_CCPaymentEntry/CardNumber"), "4111111111111111"): Text '4111111111111111' is set on object 'Object Repository/IWP30/Page_CCPaymentEntry/CardNumber'

2024-08-28 23:09:02 - [MESSAGE][PASSED] - Text '4111111111111111' is set on object 'Object Repository/IWP30/Page_CCPaymentEntry/CardNumber'

2024-08-28 23:09:02 - [TEST_STEP][PASSED] - if (verifyElementPresent(findTestObject("Object Repository/IWP30/Page_CCPaymentEntry/SPC"), 30)): null

2024-08-28 23:09:02 - [MESSAGE][PASSED] - Object 'Object Repository/IWP30/Page_CCPaymentEntry/SPC' is present

2024-08-28 23:09:02 - [TEST_STEP][PASSED] - setText(findTestObject("Object Repository/IWP30/Page_CCPaymentEntry/SPC"), "147"): Text '147' is set on object 'Object Repository/IWP30/Page_CCPaymentEntry/SPC'

2024-08-28 23:09:03 - [MESSAGE][PASSED] - Text '147' is set on object 'Object Repository/IWP30/Page_CCPaymentEntry/SPC'

2024-08-28 23:09:03 - [TEST_STEP][PASSED] - if (verifyElementPresent(findTestObject("Object Repository/IWP30/Page_CCPaymentEntry/Month"), 30)): null

2024-08-28 23:09:03 - [MESSAGE][PASSED] - Object 'Object Repository/IWP30/Page_CCPaymentEntry/Month' is present

2024-08-28 23:09:03 - [TEST_STEP][PASSED] - selectOptionByLabel(findTestObject("Object Repository/IWP30/Page_CCPaymentEntry/Month"), "07", false): All options with label '07' are selected in object 'Object Repository/IWP30/Page_CCPaymentEntry/Month' 

2024-08-28 23:09:04 - [MESSAGE][PASSED] - All options with label '07' are selected in object 'Object Repository/IWP30/Page_CCPaymentEntry/Month' 

2024-08-28 23:09:04 - [TEST_STEP][PASSED] - if (verifyElementPresent(findTestObject("Object Repository/IWP30/Page_CCPaymentEntry/Year"), 30)): null

2024-08-28 23:09:04 - [MESSAGE][PASSED] - Object 'Object Repository/IWP30/Page_CCPaymentEntry/Year' is present

2024-08-28 23:09:04 - [TEST_STEP][PASSED] - selectOptionByLabel(findTestObject("Object Repository/IWP30/Page_CCPaymentEntry/Year"), "2025", false): All options with label '2025' are selected in object 'Object Repository/IWP30/Page_CCPaymentEntry/Year' 

2024-08-28 23:09:05 - [MESSAGE][PASSED] - All options with label '2025' are selected in object 'Object Repository/IWP30/Page_CCPaymentEntry/Year' 

2024-08-28 23:09:05 - [TEST_STEP][PASSED] - if (verifyElementPresent(findTestObject("Object Repository/IWP30/Page_CCPaymentEntry/AL1"), 30)): null

2024-08-28 23:09:05 - [MESSAGE][PASSED] - Object 'Object Repository/IWP30/Page_CCPaymentEntry/AL1' is present

2024-08-28 23:09:05 - [TEST_STEP][PASSED] - setText(findTestObject("Object Repository/IWP30/Page_CCPaymentEntry/AL1"), "18 Manhattan road"): Text '18 Manhattan road' is set on object 'Object Repository/IWP30/Page_CCPaymentEntry/AL1'

2024-08-28 23:09:06 - [MESSAGE][PASSED] - Text '18 Manhattan road' is set on object 'Object Repository/IWP30/Page_CCPaymentEntry/AL1'

2024-08-28 23:09:06 - [TEST_STEP][PASSED] - if (verifyElementPresent(findTestObject("Object Repository/IWP30/Page_CCPaymentEntry/AL2"), 30)): null

2024-08-28 23:09:06 - [MESSAGE][PASSED] - Object 'Object Repository/IWP30/Page_CCPaymentEntry/AL2' is present

2024-08-28 23:09:06 - [TEST_STEP][PASSED] - setText(findTestObject("Object Repository/IWP30/Page_CCPaymentEntry/AL2"), "Room 1"): Text 'Room 1' is set on object 'Object Repository/IWP30/Page_CCPaymentEntry/AL2'

2024-08-28 23:09:07 - [MESSAGE][PASSED] - Text 'Room 1' is set on object 'Object Repository/IWP30/Page_CCPaymentEntry/AL2'

2024-08-28 23:09:07 - [TEST_STEP][PASSED] - if (verifyElementPresent(findTestObject("Object Repository/IWP30/Page_CCPaymentEntry/ZIP"), 30)): null

2024-08-28 23:09:07 - [MESSAGE][PASSED] - Object 'Object Repository/IWP30/Page_CCPaymentEntry/ZIP' is present

2024-08-28 23:09:07 - [TEST_STEP][PASSED] - setText(findTestObject("Object Repository/IWP30/Page_CCPaymentEntry/ZIP"), "22201"): Text '22201' is set on object 'Object Repository/IWP30/Page_CCPaymentEntry/ZIP'

2024-08-28 23:09:08 - [MESSAGE][PASSED] - Text '22201' is set on object 'Object Repository/IWP30/Page_CCPaymentEntry/ZIP'

2024-08-28 23:09:08 - [TEST_STEP][PASSED] - if (verifyElementPresent(findTestObject("Object Repository/IWP30/Page_CCPaymentEntry/EmailAddress"), 30)): null

2024-08-28 23:09:08 - [MESSAGE][PASSED] - Object 'Object Repository/IWP30/Page_CCPaymentEntry/EmailAddress' is present

2024-08-28 23:09:08 - [TEST_STEP][PASSED] - setText(findTestObject("Object Repository/IWP30/Page_CCPaymentEntry/EmailAddress"), "Myemail@email.com"): Text 'Myemail@email.com' is set on object 'Object Repository/IWP30/Page_CCPaymentEntry/EmailAddress'

2024-08-28 23:09:09 - [MESSAGE][PASSED] - Text 'Myemail@email.com' is set on object 'Object Repository/IWP30/Page_CCPaymentEntry/EmailAddress'

2024-08-28 23:09:09 - [TEST_STEP][PASSED] - if (verifyElementPresent(findTestObject("Object Repository/IWP30/Page_CCPaymentEntry/TermCondCheckBox"), 30)): null

2024-08-28 23:09:09 - [MESSAGE][PASSED] - Object 'Object Repository/IWP30/Page_CCPaymentEntry/TermCondCheckBox' is present

2024-08-28 23:09:09 - [TEST_STEP][PASSED] - check(findTestObject("Object Repository/IWP30/Page_CCPaymentEntry/TermCondCheckBox")): Object 'Object Repository/IWP30/Page_CCPaymentEntry/TermCondCheckBox' is checked

2024-08-28 23:09:10 - [MESSAGE][PASSED] - Object 'Object Repository/IWP30/Page_CCPaymentEntry/TermCondCheckBox' is checked

2024-08-28 23:09:10 - [TEST_STEP][PASSED] - if (verifyElementPresent(findTestObject("Object Repository/IWP30/Page_CCPaymentEntry/ContinueButton"), 30)): null

2024-08-28 23:09:10 - [MESSAGE][PASSED] - Object 'Object Repository/IWP30/Page_CCPaymentEntry/ContinueButton' is present

2024-08-28 23:09:10 - [TEST_STEP][PASSED] - click(findTestObject("Object Repository/IWP30/Page_CCPaymentEntry/ContinueButton")): Object: 'Object Repository/IWP30/Page_CCPaymentEntry/ContinueButton' is clicked on

2024-08-28 23:09:11 - [MESSAGE][PASSED] - Object: 'Object Repository/IWP30/Page_CCPaymentEntry/ContinueButton' is clicked on

2024-08-28 23:09:11 - [TEST_STEP][PASSED] - verifyTextPresent("Amount is less than minimum", false): Text 'Amount is less than minimum' is present on page 

2024-08-28 23:09:12 - [MESSAGE][PASSED] - Text 'Amount is less than minimum' is present on page 

2024-08-28 23:09:12 - [TEST_STEP][PASSED] - closeBrowser(): Browser is closed

2024-08-28 23:09:13 - [MESSAGE][PASSED] - Browser is closed]]></system-out>
         <system-err><![CDATA[]]></system-err>
      </testcase>
      <testcase name="Test Cases/IntegratedWeb/IWP30/Errors/AmountMoreThanMaxCC" time="56.386" classname="Test Cases/IntegratedWeb/IWP30/Errors/AmountMoreThanMaxCC" status="PASSED">
         <system-out><![CDATA[2024-08-28 23:09:13 - [TEST_CASE][PASSED] - Test Cases/IntegratedWeb/IWP30/Errors/AmountMoreThanMaxCC: Test Cases/IntegratedWeb/IWP30/Errors/AmountMoreThanMaxCC

2024-08-28 23:09:13 - [TEST_STEP][PASSED] - openBrowser(urlEmulator): Browser is opened with url: 'https://qa2.velocitypayment.com/agency/config.do?action=editor'

2024-08-28 23:09:13 - [MESSAGE][INFO] - Starting 'Chrome' driver

2024-08-28 23:09:13 - [MESSAGE][INFO] - User set preference: ['acceptInsecureCerts', 'true']

2024-08-28 23:09:13 - [MESSAGE][INFO] - Action delay is set to 0 milliseconds

2024-08-28 23:09:15 - [MESSAGE][PASSED] - Browser is opened with url: 'https://qa2.velocitypayment.com/agency/config.do?action=editor'

2024-08-28 23:09:15 - [TEST_STEP][PASSED] - maximizeWindow(): Current window maximized

2024-08-28 23:09:16 - [MESSAGE][PASSED] - Current window maximized

2024-08-28 23:09:16 - [TEST_STEP][PASSED] - iwpPages.emulatorIWP30.setDataEmulatorStandard(): iwpPages.emulatorIWP30.setDataEmulatorStandard is PASSED

2024-08-28 23:09:16 - [MESSAGE][PASSED] - Object 'Object Repository/IWP30/Page_VRelay30Emulator/Amount' is present

2024-08-28 23:09:17 - [MESSAGE][PASSED] - All options with value '3.0' are selected in object 'Object Repository/IWP30/Page_VRelay30Emulator/MV'  using regular expression

2024-08-28 23:09:18 - [MESSAGE][PASSED] - Text '10.50' is set on object 'Object Repository/IWP30/Page_VRelay30Emulator/Amount'

2024-08-28 23:09:18 - [MESSAGE][PASSED] - Text '54654701' is set on object 'Object Repository/IWP30/Page_VRelay30Emulator/CAN'

2024-08-28 23:09:19 - [MESSAGE][PASSED] - Text 'PayNow' is set on object 'Object Repository/IWP30/Page_VRelay30Emulator/Action'

2024-08-28 23:09:20 - [MESSAGE][PASSED] - Text 'en_US' is set on object 'Object Repository/IWP30/Page_VRelay30Emulator/Lang'

2024-08-28 23:09:20 - [MESSAGE][PASSED] - Text '' is set on object 'Object Repository/IWP30/Page_VRelay30Emulator/Fname'

2024-08-28 23:09:21 - [MESSAGE][PASSED] - Text '' is set on object 'Object Repository/IWP30/Page_VRelay30Emulator/Lname'

2024-08-28 23:09:22 - [MESSAGE][PASSED] - Text '' is set on object 'Object Repository/IWP30/Page_VRelay30Emulator/AL1'

2024-08-28 23:09:22 - [MESSAGE][PASSED] - Text '' is set on object 'Object Repository/IWP30/Page_VRelay30Emulator/AL2'

2024-08-28 23:09:23 - [MESSAGE][PASSED] - Text '' is set on object 'Object Repository/IWP30/Page_VRelay30Emulator/Country'

2024-08-28 23:09:24 - [MESSAGE][PASSED] - Text '' is set on object 'Object Repository/IWP30/Page_VRelay30Emulator/City'

2024-08-28 23:09:24 - [MESSAGE][PASSED] - Text '' is set on object 'Object Repository/IWP30/Page_VRelay30Emulator/State'

2024-08-28 23:09:25 - [MESSAGE][PASSED] - Text '' is set on object 'Object Repository/IWP30/Page_VRelay30Emulator/ZIP'

2024-08-28 23:09:26 - [MESSAGE][PASSED] - Text '' is set on object 'Object Repository/IWP30/Page_VRelay30Emulator/Order'

2024-08-28 23:09:26 - [MESSAGE][PASSED] - Text '' is set on object 'Object Repository/IWP30/Page_VRelay30Emulator/Company'

2024-08-28 23:09:27 - [MESSAGE][PASSED] - Text '' is set on object 'Object Repository/IWP30/Page_VRelay30Emulator/Email'

2024-08-28 23:09:28 - [MESSAGE][PASSED] - Text '' is set on object 'Object Repository/IWP30/Page_VRelay30Emulator/UDF1'

2024-08-28 23:09:28 - [MESSAGE][PASSED] - Text '' is set on object 'Object Repository/IWP30/Page_VRelay30Emulator/UDF2'

2024-08-28 23:09:29 - [MESSAGE][PASSED] - Text 'data 3' is set on object 'Object Repository/IWP30/Page_VRelay30Emulator/UDF3'

2024-08-28 23:09:30 - [MESSAGE][PASSED] - Text 'data 4' is set on object 'Object Repository/IWP30/Page_VRelay30Emulator/UDF4'

2024-08-28 23:09:30 - [MESSAGE][PASSED] - Text 'data 5' is set on object 'Object Repository/IWP30/Page_VRelay30Emulator/UDF5'

2024-08-28 23:09:31 - [MESSAGE][PASSED] - Text 'data 6' is set on object 'Object Repository/IWP30/Page_VRelay30Emulator/UDF6'

2024-08-28 23:09:32 - [MESSAGE][PASSED] - Text 'Orange' is set on object 'Object Repository/IWP30/Page_VRelay30Emulator/UDF7'

2024-08-28 23:09:32 - [MESSAGE][PASSED] - Text 'Soccer' is set on object 'Object Repository/IWP30/Page_VRelay30Emulator/UDF8'

2024-08-28 23:09:33 - [MESSAGE][PASSED] - Text 'data 9' is set on object 'Object Repository/IWP30/Page_VRelay30Emulator/UDF9'

2024-08-28 23:09:34 - [MESSAGE][PASSED] - Text 'data 10' is set on object 'Object Repository/IWP30/Page_VRelay30Emulator/UDF10'

2024-08-28 23:09:36 - [MESSAGE][PASSED] - Object: 'Object Repository/IWP30/Page_VRelay30Emulator/Submit' is clicked on

2024-08-28 23:09:42 - [MESSAGE][PASSED] - Browser is closed

2024-08-28 23:09:42 - [MESSAGE][PASSED] - iwpPages.emulatorIWP30.setDataEmulatorStandard is PASSED

2024-08-28 23:09:42 - [TEST_STEP][PASSED] - openBrowser(urlTestHarness): Browser is opened with url: 'https://dev-algorithm.govolution.com/vrelaytest/QA2/version_2_2/vrelaytest.html'

2024-08-28 23:09:42 - [MESSAGE][INFO] - Starting 'Chrome' driver

2024-08-28 23:09:42 - [MESSAGE][INFO] - User set preference: ['acceptInsecureCerts', 'true']

2024-08-28 23:09:42 - [MESSAGE][INFO] - Action delay is set to 0 milliseconds

2024-08-28 23:09:44 - [MESSAGE][PASSED] - Browser is opened with url: 'https://dev-algorithm.govolution.com/vrelaytest/QA2/version_2_2/vrelaytest.html'

2024-08-28 23:09:44 - [TEST_STEP][PASSED] - maximizeWindow(): Current window maximized

2024-08-28 23:09:44 - [MESSAGE][PASSED] - Current window maximized

2024-08-28 23:09:44 - [TEST_STEP][PASSED] - genRemIDVoid = RandomStringUtils.random(12, true, true): null

2024-08-28 23:09:44 - [TEST_STEP][PASSED] - if (verifyElementPresent(findTestObject("Object Repository/IWP30/Page_QATestHarness/RemittanceID"), 30)): null

2024-08-28 23:09:45 - [MESSAGE][PASSED] - Object 'Object Repository/IWP30/Page_QATestHarness/RemittanceID' is present

2024-08-28 23:09:45 - [TEST_STEP][PASSED] - println("We are on Test Harness page, start populating"): null

2024-08-28 23:09:45 - [TEST_STEP][PASSED] - setText(findTestObject("Object Repository/IWP30/Page_QATestHarness/ApplicationID"), "649"): Text '649' is set on object 'Object Repository/IWP30/Page_QATestHarness/ApplicationID'

2024-08-28 23:09:45 - [MESSAGE][PASSED] - Text '649' is set on object 'Object Repository/IWP30/Page_QATestHarness/ApplicationID'

2024-08-28 23:09:45 - [TEST_STEP][PASSED] - setText(findTestObject("Object Repository/IWP30/Page_QATestHarness/MessageVersion"), "3.0"): Text '3.0' is set on object 'Object Repository/IWP30/Page_QATestHarness/MessageVersion'

2024-08-28 23:09:46 - [MESSAGE][PASSED] - Text '3.0' is set on object 'Object Repository/IWP30/Page_QATestHarness/MessageVersion'

2024-08-28 23:09:46 - [TEST_STEP][PASSED] - setText(findTestObject("Object Repository/IWP30/Page_QATestHarness/RemittanceID"), genRemIDVoid): Text 'rDjbHcCXonsx' is set on object 'Object Repository/IWP30/Page_QATestHarness/RemittanceID'

2024-08-28 23:09:47 - [MESSAGE][PASSED] - Text 'rDjbHcCXonsx' is set on object 'Object Repository/IWP30/Page_QATestHarness/RemittanceID'

2024-08-28 23:09:47 - [TEST_STEP][PASSED] - click(findTestObject("Object Repository/IWP30/Page_QATestHarness/SubmitButton")): Object: 'Object Repository/IWP30/Page_QATestHarness/SubmitButton' is clicked on

2024-08-28 23:09:48 - [MESSAGE][PASSED] - Object: 'Object Repository/IWP30/Page_QATestHarness/SubmitButton' is clicked on

2024-08-28 23:09:48 - [TEST_STEP][PASSED] - if (verifyElementPresent(findTestObject("Object Repository/IWP30/Page_SelectPaymentMethod/PayByCreditCard"), 30)): null

2024-08-28 23:09:49 - [MESSAGE][PASSED] - Object 'Object Repository/IWP30/Page_SelectPaymentMethod/PayByCreditCard' is present

2024-08-28 23:09:49 - [TEST_STEP][PASSED] - println("We are on Select Payment Method page, start populating"): null

2024-08-28 23:09:49 - [TEST_STEP][PASSED] - check(findTestObject("Object Repository/IWP30/Page_SelectPaymentMethod/PayByCreditCard")): Object 'Object Repository/IWP30/Page_SelectPaymentMethod/PayByCreditCard' is checked

2024-08-28 23:09:49 - [MESSAGE][PASSED] - Object 'Object Repository/IWP30/Page_SelectPaymentMethod/PayByCreditCard' is checked

2024-08-28 23:09:49 - [TEST_STEP][PASSED] - Thread.sleep(1000): null

2024-08-28 23:09:50 - [TEST_STEP][PASSED] - click(findTestObject("Object Repository/IWP30/Page_SelectPaymentMethod/MakePaymentButton")): Object: 'Object Repository/IWP30/Page_SelectPaymentMethod/MakePaymentButton' is clicked on

2024-08-28 23:09:51 - [MESSAGE][PASSED] - Object: 'Object Repository/IWP30/Page_SelectPaymentMethod/MakePaymentButton' is clicked on

2024-08-28 23:09:51 - [TEST_STEP][PASSED] - if (verifyElementPresent(findTestObject("Object Repository/IWP30/Page_CCPaymentEntry/Name"), 30)): null

2024-08-28 23:09:52 - [MESSAGE][PASSED] - Object 'Object Repository/IWP30/Page_CCPaymentEntry/Name' is present

2024-08-28 23:09:52 - [TEST_STEP][PASSED] - println("We are on Credit Card Payment Entry page, start populating"): null

2024-08-28 23:09:52 - [TEST_STEP][PASSED] - if (verifyElementPresent(findTestObject("Object Repository/IWP30/Page_CCPaymentEntry/Amount"), 30)): null

2024-08-28 23:09:52 - [MESSAGE][PASSED] - Object 'Object Repository/IWP30/Page_CCPaymentEntry/Amount' is present

2024-08-28 23:09:52 - [TEST_STEP][PASSED] - setText(findTestObject("Object Repository/IWP30/Page_CCPaymentEntry/Amount"), "2000.50"): Text '2000.50' is set on object 'Object Repository/IWP30/Page_CCPaymentEntry/Amount'

2024-08-28 23:09:53 - [MESSAGE][PASSED] - Text '2000.50' is set on object 'Object Repository/IWP30/Page_CCPaymentEntry/Amount'

2024-08-28 23:09:53 - [TEST_STEP][PASSED] - if (verifyElementPresent(findTestObject("Object Repository/IWP30/Page_CCPaymentEntry/UserDefined2"), 30)): null

2024-08-28 23:09:53 - [MESSAGE][PASSED] - Object 'Object Repository/IWP30/Page_CCPaymentEntry/UserDefined2' is present

2024-08-28 23:09:53 - [TEST_STEP][PASSED] - setText(findTestObject("Object Repository/IWP30/Page_CCPaymentEntry/UserDefined2"), ""): Text '' is set on object 'Object Repository/IWP30/Page_CCPaymentEntry/UserDefined2'

2024-08-28 23:09:54 - [MESSAGE][PASSED] - Text '' is set on object 'Object Repository/IWP30/Page_CCPaymentEntry/UserDefined2'

2024-08-28 23:09:54 - [TEST_STEP][PASSED] - if (verifyElementPresent(findTestObject("Object Repository/IWP30/Page_CCPaymentEntry/UserDefined3"), 30)): null

2024-08-28 23:09:54 - [MESSAGE][PASSED] - Object 'Object Repository/IWP30/Page_CCPaymentEntry/UserDefined3' is present

2024-08-28 23:09:54 - [TEST_STEP][PASSED] - setText(findTestObject("Object Repository/IWP30/Page_CCPaymentEntry/UserDefined3"), "data 3"): Text 'data 3' is set on object 'Object Repository/IWP30/Page_CCPaymentEntry/UserDefined3'

2024-08-28 23:09:55 - [MESSAGE][PASSED] - Text 'data 3' is set on object 'Object Repository/IWP30/Page_CCPaymentEntry/UserDefined3'

2024-08-28 23:09:55 - [TEST_STEP][PASSED] - if (verifyElementPresent(findTestObject("Object Repository/IWP30/Page_CCPaymentEntry/UserDefined7"), 30)): null

2024-08-28 23:09:55 - [MESSAGE][PASSED] - Object 'Object Repository/IWP30/Page_CCPaymentEntry/UserDefined7' is present

2024-08-28 23:09:55 - [TEST_STEP][PASSED] - selectOptionByLabel(findTestObject("Object Repository/IWP30/Page_CCPaymentEntry/UserDefined7"), "Orange", false): All options with label 'Orange' are selected in object 'Object Repository/IWP30/Page_CCPaymentEntry/UserDefined7' 

2024-08-28 23:09:55 - [MESSAGE][PASSED] - All options with label 'Orange' are selected in object 'Object Repository/IWP30/Page_CCPaymentEntry/UserDefined7' 

2024-08-28 23:09:55 - [TEST_STEP][PASSED] - if (verifyElementPresent(findTestObject("Object Repository/IWP30/Page_CCPaymentEntry/UserDefined8"), 30)): null

2024-08-28 23:09:56 - [MESSAGE][PASSED] - Object 'Object Repository/IWP30/Page_CCPaymentEntry/UserDefined8' is present

2024-08-28 23:09:56 - [TEST_STEP][PASSED] - selectOptionByLabel(findTestObject("Object Repository/IWP30/Page_CCPaymentEntry/UserDefined8"), "Tennis", false): All options with label 'Tennis' are selected in object 'Object Repository/IWP30/Page_CCPaymentEntry/UserDefined8' 

2024-08-28 23:09:56 - [MESSAGE][PASSED] - All options with label 'Tennis' are selected in object 'Object Repository/IWP30/Page_CCPaymentEntry/UserDefined8' 

2024-08-28 23:09:56 - [TEST_STEP][PASSED] - if (verifyElementPresent(findTestObject("Object Repository/IWP30/Page_CCPaymentEntry/Name"), 30)): null

2024-08-28 23:09:57 - [MESSAGE][PASSED] - Object 'Object Repository/IWP30/Page_CCPaymentEntry/Name' is present

2024-08-28 23:09:57 - [TEST_STEP][PASSED] - setText(findTestObject("Object Repository/IWP30/Page_CCPaymentEntry/Name"), "Jonathan Lewis"): Text 'Jonathan Lewis' is set on object 'Object Repository/IWP30/Page_CCPaymentEntry/Name'

2024-08-28 23:09:57 - [MESSAGE][PASSED] - Text 'Jonathan Lewis' is set on object 'Object Repository/IWP30/Page_CCPaymentEntry/Name'

2024-08-28 23:09:57 - [TEST_STEP][PASSED] - if (verifyElementPresent(findTestObject("Object Repository/IWP30/Page_CCPaymentEntry/CardNumber"), 30)): null

2024-08-28 23:09:58 - [MESSAGE][PASSED] - Object 'Object Repository/IWP30/Page_CCPaymentEntry/CardNumber' is present

2024-08-28 23:09:58 - [TEST_STEP][PASSED] - setText(findTestObject("Object Repository/IWP30/Page_CCPaymentEntry/CardNumber"), "4111111111111111"): Text '4111111111111111' is set on object 'Object Repository/IWP30/Page_CCPaymentEntry/CardNumber'

2024-08-28 23:09:58 - [MESSAGE][PASSED] - Text '4111111111111111' is set on object 'Object Repository/IWP30/Page_CCPaymentEntry/CardNumber'

2024-08-28 23:09:58 - [TEST_STEP][PASSED] - if (verifyElementPresent(findTestObject("Object Repository/IWP30/Page_CCPaymentEntry/SPC"), 30)): null

2024-08-28 23:09:59 - [MESSAGE][PASSED] - Object 'Object Repository/IWP30/Page_CCPaymentEntry/SPC' is present

2024-08-28 23:09:59 - [TEST_STEP][PASSED] - setText(findTestObject("Object Repository/IWP30/Page_CCPaymentEntry/SPC"), "147"): Text '147' is set on object 'Object Repository/IWP30/Page_CCPaymentEntry/SPC'

2024-08-28 23:09:59 - [MESSAGE][PASSED] - Text '147' is set on object 'Object Repository/IWP30/Page_CCPaymentEntry/SPC'

2024-08-28 23:09:59 - [TEST_STEP][PASSED] - if (verifyElementPresent(findTestObject("Object Repository/IWP30/Page_CCPaymentEntry/Month"), 30)): null

2024-08-28 23:10:00 - [MESSAGE][PASSED] - Object 'Object Repository/IWP30/Page_CCPaymentEntry/Month' is present

2024-08-28 23:10:00 - [TEST_STEP][PASSED] - selectOptionByLabel(findTestObject("Object Repository/IWP30/Page_CCPaymentEntry/Month"), "07", false): All options with label '07' are selected in object 'Object Repository/IWP30/Page_CCPaymentEntry/Month' 

2024-08-28 23:10:00 - [MESSAGE][PASSED] - All options with label '07' are selected in object 'Object Repository/IWP30/Page_CCPaymentEntry/Month' 

2024-08-28 23:10:00 - [TEST_STEP][PASSED] - if (verifyElementPresent(findTestObject("Object Repository/IWP30/Page_CCPaymentEntry/Year"), 30)): null

2024-08-28 23:10:01 - [MESSAGE][PASSED] - Object 'Object Repository/IWP30/Page_CCPaymentEntry/Year' is present

2024-08-28 23:10:01 - [TEST_STEP][PASSED] - selectOptionByLabel(findTestObject("Object Repository/IWP30/Page_CCPaymentEntry/Year"), "2025", false): All options with label '2025' are selected in object 'Object Repository/IWP30/Page_CCPaymentEntry/Year' 

2024-08-28 23:10:01 - [MESSAGE][PASSED] - All options with label '2025' are selected in object 'Object Repository/IWP30/Page_CCPaymentEntry/Year' 

2024-08-28 23:10:01 - [TEST_STEP][PASSED] - if (verifyElementPresent(findTestObject("Object Repository/IWP30/Page_CCPaymentEntry/AL1"), 30)): null

2024-08-28 23:10:02 - [MESSAGE][PASSED] - Object 'Object Repository/IWP30/Page_CCPaymentEntry/AL1' is present

2024-08-28 23:10:02 - [TEST_STEP][PASSED] - setText(findTestObject("Object Repository/IWP30/Page_CCPaymentEntry/AL1"), "18 Manhattan road"): Text '18 Manhattan road' is set on object 'Object Repository/IWP30/Page_CCPaymentEntry/AL1'

2024-08-28 23:10:02 - [MESSAGE][PASSED] - Text '18 Manhattan road' is set on object 'Object Repository/IWP30/Page_CCPaymentEntry/AL1'

2024-08-28 23:10:02 - [TEST_STEP][PASSED] - if (verifyElementPresent(findTestObject("Object Repository/IWP30/Page_CCPaymentEntry/AL2"), 30)): null

2024-08-28 23:10:03 - [MESSAGE][PASSED] - Object 'Object Repository/IWP30/Page_CCPaymentEntry/AL2' is present

2024-08-28 23:10:03 - [TEST_STEP][PASSED] - setText(findTestObject("Object Repository/IWP30/Page_CCPaymentEntry/AL2"), "Room 1"): Text 'Room 1' is set on object 'Object Repository/IWP30/Page_CCPaymentEntry/AL2'

2024-08-28 23:10:03 - [MESSAGE][PASSED] - Text 'Room 1' is set on object 'Object Repository/IWP30/Page_CCPaymentEntry/AL2'

2024-08-28 23:10:03 - [TEST_STEP][PASSED] - if (verifyElementPresent(findTestObject("Object Repository/IWP30/Page_CCPaymentEntry/ZIP"), 30)): null

2024-08-28 23:10:04 - [MESSAGE][PASSED] - Object 'Object Repository/IWP30/Page_CCPaymentEntry/ZIP' is present

2024-08-28 23:10:04 - [TEST_STEP][PASSED] - setText(findTestObject("Object Repository/IWP30/Page_CCPaymentEntry/ZIP"), "22201"): Text '22201' is set on object 'Object Repository/IWP30/Page_CCPaymentEntry/ZIP'

2024-08-28 23:10:04 - [MESSAGE][PASSED] - Text '22201' is set on object 'Object Repository/IWP30/Page_CCPaymentEntry/ZIP'

2024-08-28 23:10:04 - [TEST_STEP][PASSED] - if (verifyElementPresent(findTestObject("Object Repository/IWP30/Page_CCPaymentEntry/EmailAddress"), 30)): null

2024-08-28 23:10:04 - [MESSAGE][PASSED] - Object 'Object Repository/IWP30/Page_CCPaymentEntry/EmailAddress' is present

2024-08-28 23:10:04 - [TEST_STEP][PASSED] - setText(findTestObject("Object Repository/IWP30/Page_CCPaymentEntry/EmailAddress"), "Myemail@email.com"): Text 'Myemail@email.com' is set on object 'Object Repository/IWP30/Page_CCPaymentEntry/EmailAddress'

2024-08-28 23:10:05 - [MESSAGE][PASSED] - Text 'Myemail@email.com' is set on object 'Object Repository/IWP30/Page_CCPaymentEntry/EmailAddress'

2024-08-28 23:10:05 - [TEST_STEP][PASSED] - if (verifyElementPresent(findTestObject("Object Repository/IWP30/Page_CCPaymentEntry/TermCondCheckBox"), 30)): null

2024-08-28 23:10:06 - [MESSAGE][PASSED] - Object 'Object Repository/IWP30/Page_CCPaymentEntry/TermCondCheckBox' is present

2024-08-28 23:10:06 - [TEST_STEP][PASSED] - check(findTestObject("Object Repository/IWP30/Page_CCPaymentEntry/TermCondCheckBox")): Object 'Object Repository/IWP30/Page_CCPaymentEntry/TermCondCheckBox' is checked

2024-08-28 23:10:06 - [MESSAGE][PASSED] - Object 'Object Repository/IWP30/Page_CCPaymentEntry/TermCondCheckBox' is checked

2024-08-28 23:10:06 - [TEST_STEP][PASSED] - if (verifyElementPresent(findTestObject("Object Repository/IWP30/Page_CCPaymentEntry/ContinueButton"), 30)): null

2024-08-28 23:10:06 - [MESSAGE][PASSED] - Object 'Object Repository/IWP30/Page_CCPaymentEntry/ContinueButton' is present

2024-08-28 23:10:06 - [TEST_STEP][PASSED] - click(findTestObject("Object Repository/IWP30/Page_CCPaymentEntry/ContinueButton")): Object: 'Object Repository/IWP30/Page_CCPaymentEntry/ContinueButton' is clicked on

2024-08-28 23:10:08 - [MESSAGE][PASSED] - Object: 'Object Repository/IWP30/Page_CCPaymentEntry/ContinueButton' is clicked on

2024-08-28 23:10:08 - [TEST_STEP][PASSED] - verifyTextPresent("Amount is greater than maximum", false): Text 'Amount is greater than maximum' is present on page 

2024-08-28 23:10:08 - [MESSAGE][PASSED] - Text 'Amount is greater than maximum' is present on page 

2024-08-28 23:10:08 - [TEST_STEP][PASSED] - closeBrowser(): Browser is closed

2024-08-28 23:10:09 - [MESSAGE][PASSED] - Browser is closed]]></system-out>
         <system-err><![CDATA[]]></system-err>
      </testcase>
      <testcase name="Test Cases/IntegratedWeb/IWP30/Errors/MissingReqFieldsCC" time="47.361" classname="Test Cases/IntegratedWeb/IWP30/Errors/MissingReqFieldsCC" status="PASSED">
         <system-out><![CDATA[2024-08-28 23:10:09 - [TEST_CASE][PASSED] - Test Cases/IntegratedWeb/IWP30/Errors/MissingReqFieldsCC: Test Cases/IntegratedWeb/IWP30/Errors/MissingReqFieldsCC

2024-08-28 23:10:10 - [TEST_STEP][PASSED] - openBrowser(urlEmulator): Browser is opened with url: 'https://qa2.velocitypayment.com/agency/config.do?action=editor'

2024-08-28 23:10:10 - [MESSAGE][INFO] - Starting 'Chrome' driver

2024-08-28 23:10:10 - [MESSAGE][INFO] - User set preference: ['acceptInsecureCerts', 'true']

2024-08-28 23:10:10 - [MESSAGE][INFO] - Action delay is set to 0 milliseconds

2024-08-28 23:10:12 - [MESSAGE][PASSED] - Browser is opened with url: 'https://qa2.velocitypayment.com/agency/config.do?action=editor'

2024-08-28 23:10:12 - [TEST_STEP][PASSED] - maximizeWindow(): Current window maximized

2024-08-28 23:10:12 - [MESSAGE][PASSED] - Current window maximized

2024-08-28 23:10:12 - [TEST_STEP][PASSED] - selectOptionByValue(findTestObject("IWP30/Page_VRelay30Emulator/MV"), "3.0", true): All options with value '3.0' are selected in object 'Object Repository/IWP30/Page_VRelay30Emulator/MV'  using regular expression

2024-08-28 23:10:13 - [MESSAGE][PASSED] - All options with value '3.0' are selected in object 'Object Repository/IWP30/Page_VRelay30Emulator/MV'  using regular expression

2024-08-28 23:10:13 - [TEST_STEP][PASSED] - setText(findTestObject("IWP30/Page_VRelay30Emulator/Amount"), "10.50"): Text '10.50' is set on object 'Object Repository/IWP30/Page_VRelay30Emulator/Amount'

2024-08-28 23:10:14 - [MESSAGE][PASSED] - Text '10.50' is set on object 'Object Repository/IWP30/Page_VRelay30Emulator/Amount'

2024-08-28 23:10:14 - [TEST_STEP][PASSED] - setText(findTestObject("IWP30/Page_VRelay30Emulator/CAN"), "5465460"): Text '5465460' is set on object 'Object Repository/IWP30/Page_VRelay30Emulator/CAN'

2024-08-28 23:10:14 - [MESSAGE][PASSED] - Text '5465460' is set on object 'Object Repository/IWP30/Page_VRelay30Emulator/CAN'

2024-08-28 23:10:14 - [TEST_STEP][PASSED] - setText(findTestObject("IWP30/Page_VRelay30Emulator/Action"), "PayNow"): Text 'PayNow' is set on object 'Object Repository/IWP30/Page_VRelay30Emulator/Action'

2024-08-28 23:10:15 - [MESSAGE][PASSED] - Text 'PayNow' is set on object 'Object Repository/IWP30/Page_VRelay30Emulator/Action'

2024-08-28 23:10:15 - [TEST_STEP][PASSED] - setText(findTestObject("IWP30/Page_VRelay30Emulator/Lang"), ""): Text '' is set on object 'Object Repository/IWP30/Page_VRelay30Emulator/Lang'

2024-08-28 23:10:16 - [MESSAGE][PASSED] - Text '' is set on object 'Object Repository/IWP30/Page_VRelay30Emulator/Lang'

2024-08-28 23:10:16 - [TEST_STEP][PASSED] - setText(findTestObject("IWP30/Page_VRelay30Emulator/Fname"), ""): Text '' is set on object 'Object Repository/IWP30/Page_VRelay30Emulator/Fname'

2024-08-28 23:10:16 - [MESSAGE][PASSED] - Text '' is set on object 'Object Repository/IWP30/Page_VRelay30Emulator/Fname'

2024-08-28 23:10:16 - [TEST_STEP][PASSED] - setText(findTestObject("IWP30/Page_VRelay30Emulator/Lname"), ""): Text '' is set on object 'Object Repository/IWP30/Page_VRelay30Emulator/Lname'

2024-08-28 23:10:17 - [MESSAGE][PASSED] - Text '' is set on object 'Object Repository/IWP30/Page_VRelay30Emulator/Lname'

2024-08-28 23:10:17 - [TEST_STEP][PASSED] - setText(findTestObject("IWP30/Page_VRelay30Emulator/AL1"), ""): Text '' is set on object 'Object Repository/IWP30/Page_VRelay30Emulator/AL1'

2024-08-28 23:10:18 - [MESSAGE][PASSED] - Text '' is set on object 'Object Repository/IWP30/Page_VRelay30Emulator/AL1'

2024-08-28 23:10:18 - [TEST_STEP][PASSED] - setText(findTestObject("IWP30/Page_VRelay30Emulator/AL2"), ""): Text '' is set on object 'Object Repository/IWP30/Page_VRelay30Emulator/AL2'

2024-08-28 23:10:18 - [MESSAGE][PASSED] - Text '' is set on object 'Object Repository/IWP30/Page_VRelay30Emulator/AL2'

2024-08-28 23:10:18 - [TEST_STEP][PASSED] - setText(findTestObject("IWP30/Page_VRelay30Emulator/Country"), ""): Text '' is set on object 'Object Repository/IWP30/Page_VRelay30Emulator/Country'

2024-08-28 23:10:19 - [MESSAGE][PASSED] - Text '' is set on object 'Object Repository/IWP30/Page_VRelay30Emulator/Country'

2024-08-28 23:10:19 - [TEST_STEP][PASSED] - setText(findTestObject("IWP30/Page_VRelay30Emulator/City"), ""): Text '' is set on object 'Object Repository/IWP30/Page_VRelay30Emulator/City'

2024-08-28 23:10:20 - [MESSAGE][PASSED] - Text '' is set on object 'Object Repository/IWP30/Page_VRelay30Emulator/City'

2024-08-28 23:10:20 - [TEST_STEP][PASSED] - setText(findTestObject("IWP30/Page_VRelay30Emulator/State"), ""): Text '' is set on object 'Object Repository/IWP30/Page_VRelay30Emulator/State'

2024-08-28 23:10:20 - [MESSAGE][PASSED] - Text '' is set on object 'Object Repository/IWP30/Page_VRelay30Emulator/State'

2024-08-28 23:10:20 - [TEST_STEP][PASSED] - setText(findTestObject("IWP30/Page_VRelay30Emulator/ZIP"), ""): Text '' is set on object 'Object Repository/IWP30/Page_VRelay30Emulator/ZIP'

2024-08-28 23:10:21 - [MESSAGE][PASSED] - Text '' is set on object 'Object Repository/IWP30/Page_VRelay30Emulator/ZIP'

2024-08-28 23:10:21 - [TEST_STEP][PASSED] - setText(findTestObject("IWP30/Page_VRelay30Emulator/Order"), ""): Text '' is set on object 'Object Repository/IWP30/Page_VRelay30Emulator/Order'

2024-08-28 23:10:22 - [MESSAGE][PASSED] - Text '' is set on object 'Object Repository/IWP30/Page_VRelay30Emulator/Order'

2024-08-28 23:10:22 - [TEST_STEP][PASSED] - setText(findTestObject("IWP30/Page_VRelay30Emulator/Company"), ""): Text '' is set on object 'Object Repository/IWP30/Page_VRelay30Emulator/Company'

2024-08-28 23:10:22 - [MESSAGE][PASSED] - Text '' is set on object 'Object Repository/IWP30/Page_VRelay30Emulator/Company'

2024-08-28 23:10:22 - [TEST_STEP][PASSED] - setText(findTestObject("IWP30/Page_VRelay30Emulator/Email"), ""): Text '' is set on object 'Object Repository/IWP30/Page_VRelay30Emulator/Email'

2024-08-28 23:10:23 - [MESSAGE][PASSED] - Text '' is set on object 'Object Repository/IWP30/Page_VRelay30Emulator/Email'

2024-08-28 23:10:23 - [TEST_STEP][PASSED] - setText(findTestObject("IWP30/Page_VRelay30Emulator/UDF1"), ""): Text '' is set on object 'Object Repository/IWP30/Page_VRelay30Emulator/UDF1'

2024-08-28 23:10:24 - [MESSAGE][PASSED] - Text '' is set on object 'Object Repository/IWP30/Page_VRelay30Emulator/UDF1'

2024-08-28 23:10:24 - [TEST_STEP][PASSED] - setText(findTestObject("IWP30/Page_VRelay30Emulator/UDF2"), ""): Text '' is set on object 'Object Repository/IWP30/Page_VRelay30Emulator/UDF2'

2024-08-28 23:10:24 - [MESSAGE][PASSED] - Text '' is set on object 'Object Repository/IWP30/Page_VRelay30Emulator/UDF2'

2024-08-28 23:10:24 - [TEST_STEP][PASSED] - setText(findTestObject("IWP30/Page_VRelay30Emulator/UDF3"), ""): Text '' is set on object 'Object Repository/IWP30/Page_VRelay30Emulator/UDF3'

2024-08-28 23:10:25 - [MESSAGE][PASSED] - Text '' is set on object 'Object Repository/IWP30/Page_VRelay30Emulator/UDF3'

2024-08-28 23:10:25 - [TEST_STEP][PASSED] - setText(findTestObject("IWP30/Page_VRelay30Emulator/UDF4"), "data 4"): Text 'data 4' is set on object 'Object Repository/IWP30/Page_VRelay30Emulator/UDF4'

2024-08-28 23:10:26 - [MESSAGE][PASSED] - Text 'data 4' is set on object 'Object Repository/IWP30/Page_VRelay30Emulator/UDF4'

2024-08-28 23:10:26 - [TEST_STEP][PASSED] - setText(findTestObject("IWP30/Page_VRelay30Emulator/UDF5"), "data 5"): Text 'data 5' is set on object 'Object Repository/IWP30/Page_VRelay30Emulator/UDF5'

2024-08-28 23:10:26 - [MESSAGE][PASSED] - Text 'data 5' is set on object 'Object Repository/IWP30/Page_VRelay30Emulator/UDF5'

2024-08-28 23:10:26 - [TEST_STEP][PASSED] - setText(findTestObject("IWP30/Page_VRelay30Emulator/UDF6"), ""): Text '' is set on object 'Object Repository/IWP30/Page_VRelay30Emulator/UDF6'

2024-08-28 23:10:27 - [MESSAGE][PASSED] - Text '' is set on object 'Object Repository/IWP30/Page_VRelay30Emulator/UDF6'

2024-08-28 23:10:27 - [TEST_STEP][PASSED] - setText(findTestObject("IWP30/Page_VRelay30Emulator/UDF7"), ""): Text '' is set on object 'Object Repository/IWP30/Page_VRelay30Emulator/UDF7'

2024-08-28 23:10:28 - [MESSAGE][PASSED] - Text '' is set on object 'Object Repository/IWP30/Page_VRelay30Emulator/UDF7'

2024-08-28 23:10:28 - [TEST_STEP][PASSED] - setText(findTestObject("IWP30/Page_VRelay30Emulator/UDF8"), ""): Text '' is set on object 'Object Repository/IWP30/Page_VRelay30Emulator/UDF8'

2024-08-28 23:10:28 - [MESSAGE][PASSED] - Text '' is set on object 'Object Repository/IWP30/Page_VRelay30Emulator/UDF8'

2024-08-28 23:10:28 - [TEST_STEP][PASSED] - setText(findTestObject("IWP30/Page_VRelay30Emulator/UDF9"), "data 9"): Text 'data 9' is set on object 'Object Repository/IWP30/Page_VRelay30Emulator/UDF9'

2024-08-28 23:10:29 - [MESSAGE][PASSED] - Text 'data 9' is set on object 'Object Repository/IWP30/Page_VRelay30Emulator/UDF9'

2024-08-28 23:10:29 - [TEST_STEP][PASSED] - setText(findTestObject("IWP30/Page_VRelay30Emulator/UDF10"), "data 10"): Text 'data 10' is set on object 'Object Repository/IWP30/Page_VRelay30Emulator/UDF10'

2024-08-28 23:10:30 - [MESSAGE][PASSED] - Text 'data 10' is set on object 'Object Repository/IWP30/Page_VRelay30Emulator/UDF10'

2024-08-28 23:10:30 - [TEST_STEP][PASSED] - Thread.sleep(5000): null

2024-08-28 23:10:35 - [TEST_STEP][PASSED] - click(findTestObject("IWP30/Page_VRelay30Emulator/Submit")): Object: 'Object Repository/IWP30/Page_VRelay30Emulator/Submit' is clicked on

2024-08-28 23:10:35 - [MESSAGE][PASSED] - Object: 'Object Repository/IWP30/Page_VRelay30Emulator/Submit' is clicked on

2024-08-28 23:10:35 - [TEST_STEP][PASSED] - Thread.sleep(5000): null

2024-08-28 23:10:40 - [TEST_STEP][PASSED] - closeBrowser(): Browser is closed

2024-08-28 23:10:41 - [MESSAGE][PASSED] - Browser is closed

2024-08-28 23:10:41 - [TEST_STEP][PASSED] - openBrowser(urlTestHarness): Browser is opened with url: 'https://dev-algorithm.govolution.com/vrelaytest/QA2/version_2_2/vrelaytest.html'

2024-08-28 23:10:41 - [MESSAGE][INFO] - Starting 'Chrome' driver

2024-08-28 23:10:41 - [MESSAGE][INFO] - User set preference: ['acceptInsecureCerts', 'true']

2024-08-28 23:10:41 - [MESSAGE][INFO] - Action delay is set to 0 milliseconds

2024-08-28 23:10:43 - [MESSAGE][PASSED] - Browser is opened with url: 'https://dev-algorithm.govolution.com/vrelaytest/QA2/version_2_2/vrelaytest.html'

2024-08-28 23:10:43 - [TEST_STEP][PASSED] - maximizeWindow(): Current window maximized

2024-08-28 23:10:43 - [MESSAGE][PASSED] - Current window maximized

2024-08-28 23:10:43 - [TEST_STEP][PASSED] - genRemIDVoid = RandomStringUtils.random(12, true, true): null

2024-08-28 23:10:43 - [TEST_STEP][PASSED] - if (verifyElementPresent(findTestObject("Object Repository/IWP30/Page_QATestHarness/RemittanceID"), 30)): null

2024-08-28 23:10:44 - [MESSAGE][PASSED] - Object 'Object Repository/IWP30/Page_QATestHarness/RemittanceID' is present

2024-08-28 23:10:44 - [TEST_STEP][PASSED] - println("We are on Test Harness page, start populating"): null

2024-08-28 23:10:44 - [TEST_STEP][PASSED] - setText(findTestObject("Object Repository/IWP30/Page_QATestHarness/ApplicationID"), "649"): Text '649' is set on object 'Object Repository/IWP30/Page_QATestHarness/ApplicationID'

2024-08-28 23:10:44 - [MESSAGE][PASSED] - Text '649' is set on object 'Object Repository/IWP30/Page_QATestHarness/ApplicationID'

2024-08-28 23:10:44 - [TEST_STEP][PASSED] - setText(findTestObject("Object Repository/IWP30/Page_QATestHarness/MessageVersion"), "3.0"): Text '3.0' is set on object 'Object Repository/IWP30/Page_QATestHarness/MessageVersion'

2024-08-28 23:10:45 - [MESSAGE][PASSED] - Text '3.0' is set on object 'Object Repository/IWP30/Page_QATestHarness/MessageVersion'

2024-08-28 23:10:45 - [TEST_STEP][PASSED] - setText(findTestObject("Object Repository/IWP30/Page_QATestHarness/RemittanceID"), genRemIDVoid): Text 'OldkKUG7SZai' is set on object 'Object Repository/IWP30/Page_QATestHarness/RemittanceID'

2024-08-28 23:10:46 - [MESSAGE][PASSED] - Text 'OldkKUG7SZai' is set on object 'Object Repository/IWP30/Page_QATestHarness/RemittanceID'

2024-08-28 23:10:46 - [TEST_STEP][PASSED] - click(findTestObject("Object Repository/IWP30/Page_QATestHarness/SubmitButton")): Object: 'Object Repository/IWP30/Page_QATestHarness/SubmitButton' is clicked on

2024-08-28 23:10:47 - [MESSAGE][PASSED] - Object: 'Object Repository/IWP30/Page_QATestHarness/SubmitButton' is clicked on

2024-08-28 23:10:47 - [TEST_STEP][PASSED] - if (verifyElementPresent(findTestObject("Object Repository/IWP30/Page_SelectPaymentMethod/PayByCreditCard"), 30)): null

2024-08-28 23:10:48 - [MESSAGE][PASSED] - Object 'Object Repository/IWP30/Page_SelectPaymentMethod/PayByCreditCard' is present

2024-08-28 23:10:48 - [TEST_STEP][PASSED] - println("We are on Select Payment Method page, start populating"): null

2024-08-28 23:10:48 - [TEST_STEP][PASSED] - check(findTestObject("Object Repository/IWP30/Page_SelectPaymentMethod/PayByCreditCard")): Object 'Object Repository/IWP30/Page_SelectPaymentMethod/PayByCreditCard' is checked

2024-08-28 23:10:48 - [MESSAGE][PASSED] - Object 'Object Repository/IWP30/Page_SelectPaymentMethod/PayByCreditCard' is checked

2024-08-28 23:10:48 - [TEST_STEP][PASSED] - Thread.sleep(1000): null

2024-08-28 23:10:49 - [TEST_STEP][PASSED] - click(findTestObject("Object Repository/IWP30/Page_SelectPaymentMethod/MakePaymentButton")): Object: 'Object Repository/IWP30/Page_SelectPaymentMethod/MakePaymentButton' is clicked on

2024-08-28 23:10:50 - [MESSAGE][PASSED] - Object: 'Object Repository/IWP30/Page_SelectPaymentMethod/MakePaymentButton' is clicked on

2024-08-28 23:10:50 - [TEST_STEP][PASSED] - setText(findTestObject("Object Repository/IWP30/Page_CCPaymentEntry/Amount"), ""): Text '' is set on object 'Object Repository/IWP30/Page_CCPaymentEntry/Amount'

2024-08-28 23:10:51 - [MESSAGE][PASSED] - Text '' is set on object 'Object Repository/IWP30/Page_CCPaymentEntry/Amount'

2024-08-28 23:10:51 - [TEST_STEP][PASSED] - click(findTestObject("Object Repository/IWP30/Page_CCPaymentEntry/ContinueButton")): Object: 'Object Repository/IWP30/Page_CCPaymentEntry/ContinueButton' is clicked on

2024-08-28 23:10:52 - [MESSAGE][PASSED] - Object: 'Object Repository/IWP30/Page_CCPaymentEntry/ContinueButton' is clicked on

2024-08-28 23:10:52 - [TEST_STEP][PASSED] - try: Text 'You must review and accept the Credit Card terms and conditions in order to process a credit transaction' is present on page 

2024-08-28 23:10:52 - [TEST_STEP][PASSED] - verifyTextPresent("Amount is required", false): Text 'Amount is required' is present on page 

2024-08-28 23:10:52 - [MESSAGE][PASSED] - Text 'Amount is required' is present on page 

2024-08-28 23:10:52 - [TEST_STEP][PASSED] - verifyTextPresent("UDF3 Label is required", false): Text 'UDF3 Label is required' is present on page 

2024-08-28 23:10:53 - [MESSAGE][PASSED] - Text 'UDF3 Label is required' is present on page 

2024-08-28 23:10:53 - [TEST_STEP][PASSED] - verifyTextPresent("UDF8 Label is required", false): Text 'UDF8 Label is required' is present on page 

2024-08-28 23:10:53 - [MESSAGE][PASSED] - Text 'UDF8 Label is required' is present on page 

2024-08-28 23:10:53 - [TEST_STEP][PASSED] - verifyTextPresent("Card name is required", false): Text 'Card name is required' is present on page 

2024-08-28 23:10:53 - [MESSAGE][PASSED] - Text 'Card name is required' is present on page 

2024-08-28 23:10:53 - [TEST_STEP][PASSED] - verifyTextPresent("Card number is required", false): Text 'Card number is required' is present on page 

2024-08-28 23:10:54 - [MESSAGE][PASSED] - Text 'Card number is required' is present on page 

2024-08-28 23:10:54 - [TEST_STEP][PASSED] - verifyTextPresent("Card Security Code", false): Text 'Card Security Code' is present on page 

2024-08-28 23:10:54 - [MESSAGE][PASSED] - Text 'Card Security Code' is present on page 

2024-08-28 23:10:54 - [TEST_STEP][PASSED] - verifyTextPresent("Card expiration date is required", false): Text 'Card expiration date is required' is present on page 

2024-08-28 23:10:54 - [MESSAGE][PASSED] - Text 'Card expiration date is required' is present on page 

2024-08-28 23:10:54 - [TEST_STEP][PASSED] - verifyTextPresent("Card address Line 1 is required", false): Text 'Card address Line 1 is required' is present on page 

2024-08-28 23:10:55 - [MESSAGE][PASSED] - Text 'Card address Line 1 is required' is present on page 

2024-08-28 23:10:55 - [TEST_STEP][PASSED] - verifyTextPresent("Card ZIP Code is required", false): Text 'Card ZIP Code is required' is present on page 

2024-08-28 23:10:55 - [MESSAGE][PASSED] - Text 'Card ZIP Code is required' is present on page 

2024-08-28 23:10:55 - [TEST_STEP][PASSED] - verifyTextPresent("Email address is required", false): Text 'Email address is required' is present on page 

2024-08-28 23:10:55 - [MESSAGE][PASSED] - Text 'Email address is required' is present on page 

2024-08-28 23:10:55 - [TEST_STEP][PASSED] - verifyTextPresent("You must review and accept the Credit Card terms and conditions in order to process a credit transaction", false): Text 'You must review and accept the Credit Card terms and conditions in order to process a credit transaction' is present on page 

2024-08-28 23:10:56 - [MESSAGE][PASSED] - Text 'You must review and accept the Credit Card terms and conditions in order to process a credit transaction' is present on page 

2024-08-28 23:10:56 - [TEST_STEP][PASSED] - closeBrowser(): Browser is closed

2024-08-28 23:10:57 - [MESSAGE][PASSED] - Browser is closed]]></system-out>
         <system-err><![CDATA[]]></system-err>
      </testcase>
      <testcase name="Test Cases/IntegratedWeb/IWP30/Errors/CardExpiredErrorCC" time="57.082" classname="Test Cases/IntegratedWeb/IWP30/Errors/CardExpiredErrorCC" status="PASSED">
         <system-out><![CDATA[2024-08-28 23:10:57 - [TEST_CASE][PASSED] - Test Cases/IntegratedWeb/IWP30/Errors/CardExpiredErrorCC: Test Cases/IntegratedWeb/IWP30/Errors/CardExpiredErrorCC

2024-08-28 23:10:57 - [TEST_STEP][PASSED] - openBrowser(urlEmulator): Browser is opened with url: 'https://qa2.velocitypayment.com/agency/config.do?action=editor'

2024-08-28 23:10:57 - [MESSAGE][INFO] - Starting 'Chrome' driver

2024-08-28 23:10:57 - [MESSAGE][INFO] - User set preference: ['acceptInsecureCerts', 'true']

2024-08-28 23:10:57 - [MESSAGE][INFO] - Action delay is set to 0 milliseconds

2024-08-28 23:10:59 - [MESSAGE][PASSED] - Browser is opened with url: 'https://qa2.velocitypayment.com/agency/config.do?action=editor'

2024-08-28 23:10:59 - [TEST_STEP][PASSED] - maximizeWindow(): Current window maximized

2024-08-28 23:10:59 - [MESSAGE][PASSED] - Current window maximized

2024-08-28 23:10:59 - [TEST_STEP][PASSED] - iwpPages.emulatorIWP30.setDataEmulatorStandard(): iwpPages.emulatorIWP30.setDataEmulatorStandard is PASSED

2024-08-28 23:11:00 - [MESSAGE][PASSED] - Object 'Object Repository/IWP30/Page_VRelay30Emulator/Amount' is present

2024-08-28 23:11:01 - [MESSAGE][PASSED] - All options with value '3.0' are selected in object 'Object Repository/IWP30/Page_VRelay30Emulator/MV'  using regular expression

2024-08-28 23:11:02 - [MESSAGE][PASSED] - Text '10.50' is set on object 'Object Repository/IWP30/Page_VRelay30Emulator/Amount'

2024-08-28 23:11:02 - [MESSAGE][PASSED] - Text '54654701' is set on object 'Object Repository/IWP30/Page_VRelay30Emulator/CAN'

2024-08-28 23:11:03 - [MESSAGE][PASSED] - Text 'PayNow' is set on object 'Object Repository/IWP30/Page_VRelay30Emulator/Action'

2024-08-28 23:11:04 - [MESSAGE][PASSED] - Text 'en_US' is set on object 'Object Repository/IWP30/Page_VRelay30Emulator/Lang'

2024-08-28 23:11:04 - [MESSAGE][PASSED] - Text '' is set on object 'Object Repository/IWP30/Page_VRelay30Emulator/Fname'

2024-08-28 23:11:05 - [MESSAGE][PASSED] - Text '' is set on object 'Object Repository/IWP30/Page_VRelay30Emulator/Lname'

2024-08-28 23:11:05 - [MESSAGE][PASSED] - Text '' is set on object 'Object Repository/IWP30/Page_VRelay30Emulator/AL1'

2024-08-28 23:11:06 - [MESSAGE][PASSED] - Text '' is set on object 'Object Repository/IWP30/Page_VRelay30Emulator/AL2'

2024-08-28 23:11:07 - [MESSAGE][PASSED] - Text '' is set on object 'Object Repository/IWP30/Page_VRelay30Emulator/Country'

2024-08-28 23:11:08 - [MESSAGE][PASSED] - Text '' is set on object 'Object Repository/IWP30/Page_VRelay30Emulator/City'

2024-08-28 23:11:08 - [MESSAGE][PASSED] - Text '' is set on object 'Object Repository/IWP30/Page_VRelay30Emulator/State'

2024-08-28 23:11:09 - [MESSAGE][PASSED] - Text '' is set on object 'Object Repository/IWP30/Page_VRelay30Emulator/ZIP'

2024-08-28 23:11:09 - [MESSAGE][PASSED] - Text '' is set on object 'Object Repository/IWP30/Page_VRelay30Emulator/Order'

2024-08-28 23:11:10 - [MESSAGE][PASSED] - Text '' is set on object 'Object Repository/IWP30/Page_VRelay30Emulator/Company'

2024-08-28 23:11:11 - [MESSAGE][PASSED] - Text '' is set on object 'Object Repository/IWP30/Page_VRelay30Emulator/Email'

2024-08-28 23:11:11 - [MESSAGE][PASSED] - Text '' is set on object 'Object Repository/IWP30/Page_VRelay30Emulator/UDF1'

2024-08-28 23:11:12 - [MESSAGE][PASSED] - Text '' is set on object 'Object Repository/IWP30/Page_VRelay30Emulator/UDF2'

2024-08-28 23:11:13 - [MESSAGE][PASSED] - Text 'data 3' is set on object 'Object Repository/IWP30/Page_VRelay30Emulator/UDF3'

2024-08-28 23:11:14 - [MESSAGE][PASSED] - Text 'data 4' is set on object 'Object Repository/IWP30/Page_VRelay30Emulator/UDF4'

2024-08-28 23:11:14 - [MESSAGE][PASSED] - Text 'data 5' is set on object 'Object Repository/IWP30/Page_VRelay30Emulator/UDF5'

2024-08-28 23:11:15 - [MESSAGE][PASSED] - Text 'data 6' is set on object 'Object Repository/IWP30/Page_VRelay30Emulator/UDF6'

2024-08-28 23:11:16 - [MESSAGE][PASSED] - Text 'Orange' is set on object 'Object Repository/IWP30/Page_VRelay30Emulator/UDF7'

2024-08-28 23:11:16 - [MESSAGE][PASSED] - Text 'Soccer' is set on object 'Object Repository/IWP30/Page_VRelay30Emulator/UDF8'

2024-08-28 23:11:17 - [MESSAGE][PASSED] - Text 'data 9' is set on object 'Object Repository/IWP30/Page_VRelay30Emulator/UDF9'

2024-08-28 23:11:17 - [MESSAGE][PASSED] - Text 'data 10' is set on object 'Object Repository/IWP30/Page_VRelay30Emulator/UDF10'

2024-08-28 23:11:20 - [MESSAGE][PASSED] - Object: 'Object Repository/IWP30/Page_VRelay30Emulator/Submit' is clicked on

2024-08-28 23:11:26 - [MESSAGE][PASSED] - Browser is closed

2024-08-28 23:11:26 - [MESSAGE][PASSED] - iwpPages.emulatorIWP30.setDataEmulatorStandard is PASSED

2024-08-28 23:11:26 - [TEST_STEP][PASSED] - openBrowser(urlTestHarness): Browser is opened with url: 'https://dev-algorithm.govolution.com/vrelaytest/QA2/version_2_2/vrelaytest.html'

2024-08-28 23:11:26 - [MESSAGE][INFO] - Starting 'Chrome' driver

2024-08-28 23:11:26 - [MESSAGE][INFO] - User set preference: ['acceptInsecureCerts', 'true']

2024-08-28 23:11:26 - [MESSAGE][INFO] - Action delay is set to 0 milliseconds

2024-08-28 23:11:28 - [MESSAGE][PASSED] - Browser is opened with url: 'https://dev-algorithm.govolution.com/vrelaytest/QA2/version_2_2/vrelaytest.html'

2024-08-28 23:11:28 - [TEST_STEP][PASSED] - maximizeWindow(): Current window maximized

2024-08-28 23:11:28 - [MESSAGE][PASSED] - Current window maximized

2024-08-28 23:11:28 - [TEST_STEP][PASSED] - genRemIDVoid = RandomStringUtils.random(12, true, true): null

2024-08-28 23:11:28 - [TEST_STEP][PASSED] - if (verifyElementPresent(findTestObject("Object Repository/IWP30/Page_QATestHarness/RemittanceID"), 30)): null

2024-08-28 23:11:29 - [MESSAGE][PASSED] - Object 'Object Repository/IWP30/Page_QATestHarness/RemittanceID' is present

2024-08-28 23:11:29 - [TEST_STEP][PASSED] - println("We are on Test Harness page, start populating"): null

2024-08-28 23:11:29 - [TEST_STEP][PASSED] - setText(findTestObject("Object Repository/IWP30/Page_QATestHarness/ApplicationID"), "649"): Text '649' is set on object 'Object Repository/IWP30/Page_QATestHarness/ApplicationID'

2024-08-28 23:11:29 - [MESSAGE][PASSED] - Text '649' is set on object 'Object Repository/IWP30/Page_QATestHarness/ApplicationID'

2024-08-28 23:11:29 - [TEST_STEP][PASSED] - setText(findTestObject("Object Repository/IWP30/Page_QATestHarness/MessageVersion"), "3.0"): Text '3.0' is set on object 'Object Repository/IWP30/Page_QATestHarness/MessageVersion'

2024-08-28 23:11:30 - [MESSAGE][PASSED] - Text '3.0' is set on object 'Object Repository/IWP30/Page_QATestHarness/MessageVersion'

2024-08-28 23:11:30 - [TEST_STEP][PASSED] - setText(findTestObject("Object Repository/IWP30/Page_QATestHarness/RemittanceID"), genRemIDVoid): Text '7bbrVnKWxMFM' is set on object 'Object Repository/IWP30/Page_QATestHarness/RemittanceID'

2024-08-28 23:11:31 - [MESSAGE][PASSED] - Text '7bbrVnKWxMFM' is set on object 'Object Repository/IWP30/Page_QATestHarness/RemittanceID'

2024-08-28 23:11:31 - [TEST_STEP][PASSED] - click(findTestObject("Object Repository/IWP30/Page_QATestHarness/SubmitButton")): Object: 'Object Repository/IWP30/Page_QATestHarness/SubmitButton' is clicked on

2024-08-28 23:11:32 - [MESSAGE][PASSED] - Object: 'Object Repository/IWP30/Page_QATestHarness/SubmitButton' is clicked on

2024-08-28 23:11:32 - [TEST_STEP][PASSED] - if (verifyElementPresent(findTestObject("Object Repository/IWP30/Page_SelectPaymentMethod/PayByCreditCard"), 30)): null

2024-08-28 23:11:32 - [MESSAGE][PASSED] - Object 'Object Repository/IWP30/Page_SelectPaymentMethod/PayByCreditCard' is present

2024-08-28 23:11:32 - [TEST_STEP][PASSED] - println("We are on Select Payment Method page, start populating"): null

2024-08-28 23:11:32 - [TEST_STEP][PASSED] - check(findTestObject("Object Repository/IWP30/Page_SelectPaymentMethod/PayByCreditCard")): Object 'Object Repository/IWP30/Page_SelectPaymentMethod/PayByCreditCard' is checked

2024-08-28 23:11:33 - [MESSAGE][PASSED] - Object 'Object Repository/IWP30/Page_SelectPaymentMethod/PayByCreditCard' is checked

2024-08-28 23:11:33 - [TEST_STEP][PASSED] - Thread.sleep(1000): null

2024-08-28 23:11:34 - [TEST_STEP][PASSED] - click(findTestObject("Object Repository/IWP30/Page_SelectPaymentMethod/MakePaymentButton")): Object: 'Object Repository/IWP30/Page_SelectPaymentMethod/MakePaymentButton' is clicked on

2024-08-28 23:11:35 - [MESSAGE][PASSED] - Object: 'Object Repository/IWP30/Page_SelectPaymentMethod/MakePaymentButton' is clicked on

2024-08-28 23:11:35 - [TEST_STEP][PASSED] - if (verifyElementPresent(findTestObject("Object Repository/IWP30/Page_CCPaymentEntry/Name"), 30)): null

2024-08-28 23:11:36 - [MESSAGE][PASSED] - Object 'Object Repository/IWP30/Page_CCPaymentEntry/Name' is present

2024-08-28 23:11:36 - [TEST_STEP][PASSED] - println("We are on Credit Card Payment Entry page, start populating"): null

2024-08-28 23:11:36 - [TEST_STEP][PASSED] - if (verifyElementPresent(findTestObject("Object Repository/IWP30/Page_CCPaymentEntry/Amount"), 30)): null

2024-08-28 23:11:36 - [MESSAGE][PASSED] - Object 'Object Repository/IWP30/Page_CCPaymentEntry/Amount' is present

2024-08-28 23:11:36 - [TEST_STEP][PASSED] - setText(findTestObject("Object Repository/IWP30/Page_CCPaymentEntry/Amount"), "10.50"): Text '10.50' is set on object 'Object Repository/IWP30/Page_CCPaymentEntry/Amount'

2024-08-28 23:11:37 - [MESSAGE][PASSED] - Text '10.50' is set on object 'Object Repository/IWP30/Page_CCPaymentEntry/Amount'

2024-08-28 23:11:37 - [TEST_STEP][PASSED] - if (verifyElementPresent(findTestObject("Object Repository/IWP30/Page_CCPaymentEntry/UserDefined2"), 30)): null

2024-08-28 23:11:37 - [MESSAGE][PASSED] - Object 'Object Repository/IWP30/Page_CCPaymentEntry/UserDefined2' is present

2024-08-28 23:11:37 - [TEST_STEP][PASSED] - setText(findTestObject("Object Repository/IWP30/Page_CCPaymentEntry/UserDefined2"), ""): Text '' is set on object 'Object Repository/IWP30/Page_CCPaymentEntry/UserDefined2'

2024-08-28 23:11:38 - [MESSAGE][PASSED] - Text '' is set on object 'Object Repository/IWP30/Page_CCPaymentEntry/UserDefined2'

2024-08-28 23:11:38 - [TEST_STEP][PASSED] - if (verifyElementPresent(findTestObject("Object Repository/IWP30/Page_CCPaymentEntry/UserDefined3"), 30)): null

2024-08-28 23:11:38 - [MESSAGE][PASSED] - Object 'Object Repository/IWP30/Page_CCPaymentEntry/UserDefined3' is present

2024-08-28 23:11:38 - [TEST_STEP][PASSED] - setText(findTestObject("Object Repository/IWP30/Page_CCPaymentEntry/UserDefined3"), "data 3"): Text 'data 3' is set on object 'Object Repository/IWP30/Page_CCPaymentEntry/UserDefined3'

2024-08-28 23:11:39 - [MESSAGE][PASSED] - Text 'data 3' is set on object 'Object Repository/IWP30/Page_CCPaymentEntry/UserDefined3'

2024-08-28 23:11:39 - [TEST_STEP][PASSED] - if (verifyElementPresent(findTestObject("Object Repository/IWP30/Page_CCPaymentEntry/UserDefined7"), 30)): null

2024-08-28 23:11:39 - [MESSAGE][PASSED] - Object 'Object Repository/IWP30/Page_CCPaymentEntry/UserDefined7' is present

2024-08-28 23:11:39 - [TEST_STEP][PASSED] - selectOptionByLabel(findTestObject("Object Repository/IWP30/Page_CCPaymentEntry/UserDefined7"), "Orange", false): All options with label 'Orange' are selected in object 'Object Repository/IWP30/Page_CCPaymentEntry/UserDefined7' 

2024-08-28 23:11:40 - [MESSAGE][PASSED] - All options with label 'Orange' are selected in object 'Object Repository/IWP30/Page_CCPaymentEntry/UserDefined7' 

2024-08-28 23:11:40 - [TEST_STEP][PASSED] - if (verifyElementPresent(findTestObject("Object Repository/IWP30/Page_CCPaymentEntry/UserDefined8"), 30)): null

2024-08-28 23:11:40 - [MESSAGE][PASSED] - Object 'Object Repository/IWP30/Page_CCPaymentEntry/UserDefined8' is present

2024-08-28 23:11:40 - [TEST_STEP][PASSED] - selectOptionByLabel(findTestObject("Object Repository/IWP30/Page_CCPaymentEntry/UserDefined8"), "Tennis", false): All options with label 'Tennis' are selected in object 'Object Repository/IWP30/Page_CCPaymentEntry/UserDefined8' 

2024-08-28 23:11:41 - [MESSAGE][PASSED] - All options with label 'Tennis' are selected in object 'Object Repository/IWP30/Page_CCPaymentEntry/UserDefined8' 

2024-08-28 23:11:41 - [TEST_STEP][PASSED] - if (verifyElementPresent(findTestObject("Object Repository/IWP30/Page_CCPaymentEntry/Name"), 30)): null

2024-08-28 23:11:41 - [MESSAGE][PASSED] - Object 'Object Repository/IWP30/Page_CCPaymentEntry/Name' is present

2024-08-28 23:11:41 - [TEST_STEP][PASSED] - setText(findTestObject("Object Repository/IWP30/Page_CCPaymentEntry/Name"), "Jonathan Lewis"): Text 'Jonathan Lewis' is set on object 'Object Repository/IWP30/Page_CCPaymentEntry/Name'

2024-08-28 23:11:42 - [MESSAGE][PASSED] - Text 'Jonathan Lewis' is set on object 'Object Repository/IWP30/Page_CCPaymentEntry/Name'

2024-08-28 23:11:42 - [TEST_STEP][PASSED] - if (verifyElementPresent(findTestObject("Object Repository/IWP30/Page_CCPaymentEntry/CardNumber"), 30)): null

2024-08-28 23:11:42 - [MESSAGE][PASSED] - Object 'Object Repository/IWP30/Page_CCPaymentEntry/CardNumber' is present

2024-08-28 23:11:42 - [TEST_STEP][PASSED] - setText(findTestObject("Object Repository/IWP30/Page_CCPaymentEntry/CardNumber"), "4111111111111111"): Text '4111111111111111' is set on object 'Object Repository/IWP30/Page_CCPaymentEntry/CardNumber'

2024-08-28 23:11:43 - [MESSAGE][PASSED] - Text '4111111111111111' is set on object 'Object Repository/IWP30/Page_CCPaymentEntry/CardNumber'

2024-08-28 23:11:43 - [TEST_STEP][PASSED] - if (verifyElementPresent(findTestObject("Object Repository/IWP30/Page_CCPaymentEntry/SPC"), 30)): null

2024-08-28 23:11:43 - [MESSAGE][PASSED] - Object 'Object Repository/IWP30/Page_CCPaymentEntry/SPC' is present

2024-08-28 23:11:43 - [TEST_STEP][PASSED] - setText(findTestObject("Object Repository/IWP30/Page_CCPaymentEntry/SPC"), "147"): Text '147' is set on object 'Object Repository/IWP30/Page_CCPaymentEntry/SPC'

2024-08-28 23:11:44 - [MESSAGE][PASSED] - Text '147' is set on object 'Object Repository/IWP30/Page_CCPaymentEntry/SPC'

2024-08-28 23:11:44 - [TEST_STEP][PASSED] - if (verifyElementPresent(findTestObject("Object Repository/IWP30/Page_CCPaymentEntry/Month"), 30)): null

2024-08-28 23:11:44 - [MESSAGE][PASSED] - Object 'Object Repository/IWP30/Page_CCPaymentEntry/Month' is present

2024-08-28 23:11:44 - [TEST_STEP][PASSED] - selectOptionByLabel(findTestObject("Object Repository/IWP30/Page_CCPaymentEntry/Month"), "01", false): All options with label '01' are selected in object 'Object Repository/IWP30/Page_CCPaymentEntry/Month' 

2024-08-28 23:11:45 - [MESSAGE][PASSED] - All options with label '01' are selected in object 'Object Repository/IWP30/Page_CCPaymentEntry/Month' 

2024-08-28 23:11:45 - [TEST_STEP][PASSED] - if (verifyElementPresent(findTestObject("Object Repository/IWP30/Page_CCPaymentEntry/Year"), 30)): null

2024-08-28 23:11:45 - [MESSAGE][PASSED] - Object 'Object Repository/IWP30/Page_CCPaymentEntry/Year' is present

2024-08-28 23:11:45 - [TEST_STEP][PASSED] - selectOptionByLabel(findTestObject("Object Repository/IWP30/Page_CCPaymentEntry/Year"), "2024", false): All options with label '2024' are selected in object 'Object Repository/IWP30/Page_CCPaymentEntry/Year' 

2024-08-28 23:11:46 - [MESSAGE][PASSED] - All options with label '2024' are selected in object 'Object Repository/IWP30/Page_CCPaymentEntry/Year' 

2024-08-28 23:11:46 - [TEST_STEP][PASSED] - if (verifyElementPresent(findTestObject("Object Repository/IWP30/Page_CCPaymentEntry/AL1"), 30)): null

2024-08-28 23:11:46 - [MESSAGE][PASSED] - Object 'Object Repository/IWP30/Page_CCPaymentEntry/AL1' is present

2024-08-28 23:11:46 - [TEST_STEP][PASSED] - setText(findTestObject("Object Repository/IWP30/Page_CCPaymentEntry/AL1"), "18 Manhattan road"): Text '18 Manhattan road' is set on object 'Object Repository/IWP30/Page_CCPaymentEntry/AL1'

2024-08-28 23:11:47 - [MESSAGE][PASSED] - Text '18 Manhattan road' is set on object 'Object Repository/IWP30/Page_CCPaymentEntry/AL1'

2024-08-28 23:11:47 - [TEST_STEP][PASSED] - if (verifyElementPresent(findTestObject("Object Repository/IWP30/Page_CCPaymentEntry/AL2"), 30)): null

2024-08-28 23:11:47 - [MESSAGE][PASSED] - Object 'Object Repository/IWP30/Page_CCPaymentEntry/AL2' is present

2024-08-28 23:11:47 - [TEST_STEP][PASSED] - setText(findTestObject("Object Repository/IWP30/Page_CCPaymentEntry/AL2"), "Room 1"): Text 'Room 1' is set on object 'Object Repository/IWP30/Page_CCPaymentEntry/AL2'

2024-08-28 23:11:48 - [MESSAGE][PASSED] - Text 'Room 1' is set on object 'Object Repository/IWP30/Page_CCPaymentEntry/AL2'

2024-08-28 23:11:48 - [TEST_STEP][PASSED] - if (verifyElementPresent(findTestObject("Object Repository/IWP30/Page_CCPaymentEntry/ZIP"), 30)): null

2024-08-28 23:11:48 - [MESSAGE][PASSED] - Object 'Object Repository/IWP30/Page_CCPaymentEntry/ZIP' is present

2024-08-28 23:11:48 - [TEST_STEP][PASSED] - setText(findTestObject("Object Repository/IWP30/Page_CCPaymentEntry/ZIP"), "22201"): Text '22201' is set on object 'Object Repository/IWP30/Page_CCPaymentEntry/ZIP'

2024-08-28 23:11:49 - [MESSAGE][PASSED] - Text '22201' is set on object 'Object Repository/IWP30/Page_CCPaymentEntry/ZIP'

2024-08-28 23:11:49 - [TEST_STEP][PASSED] - if (verifyElementPresent(findTestObject("Object Repository/IWP30/Page_CCPaymentEntry/EmailAddress"), 30)): null

2024-08-28 23:11:49 - [MESSAGE][PASSED] - Object 'Object Repository/IWP30/Page_CCPaymentEntry/EmailAddress' is present

2024-08-28 23:11:49 - [TEST_STEP][PASSED] - setText(findTestObject("Object Repository/IWP30/Page_CCPaymentEntry/EmailAddress"), "Myemail@email.com"): Text 'Myemail@email.com' is set on object 'Object Repository/IWP30/Page_CCPaymentEntry/EmailAddress'

2024-08-28 23:11:50 - [MESSAGE][PASSED] - Text 'Myemail@email.com' is set on object 'Object Repository/IWP30/Page_CCPaymentEntry/EmailAddress'

2024-08-28 23:11:50 - [TEST_STEP][PASSED] - if (verifyElementPresent(findTestObject("Object Repository/IWP30/Page_CCPaymentEntry/TermCondCheckBox"), 30)): null

2024-08-28 23:11:50 - [MESSAGE][PASSED] - Object 'Object Repository/IWP30/Page_CCPaymentEntry/TermCondCheckBox' is present

2024-08-28 23:11:50 - [TEST_STEP][PASSED] - check(findTestObject("Object Repository/IWP30/Page_CCPaymentEntry/TermCondCheckBox")): Object 'Object Repository/IWP30/Page_CCPaymentEntry/TermCondCheckBox' is checked

2024-08-28 23:11:51 - [MESSAGE][PASSED] - Object 'Object Repository/IWP30/Page_CCPaymentEntry/TermCondCheckBox' is checked

2024-08-28 23:11:51 - [TEST_STEP][PASSED] - if (verifyElementPresent(findTestObject("Object Repository/IWP30/Page_CCPaymentEntry/ContinueButton"), 30)): null

2024-08-28 23:11:51 - [MESSAGE][PASSED] - Object 'Object Repository/IWP30/Page_CCPaymentEntry/ContinueButton' is present

2024-08-28 23:11:51 - [TEST_STEP][PASSED] - click(findTestObject("Object Repository/IWP30/Page_CCPaymentEntry/ContinueButton")): Object: 'Object Repository/IWP30/Page_CCPaymentEntry/ContinueButton' is clicked on

2024-08-28 23:11:52 - [MESSAGE][PASSED] - Object: 'Object Repository/IWP30/Page_CCPaymentEntry/ContinueButton' is clicked on

2024-08-28 23:11:52 - [TEST_STEP][PASSED] - verifyTextPresent("Invalid card expiration date", false): Text 'Invalid card expiration date' is present on page 

2024-08-28 23:11:53 - [MESSAGE][PASSED] - Text 'Invalid card expiration date' is present on page 

2024-08-28 23:11:53 - [TEST_STEP][PASSED] - closeBrowser(): Browser is closed

2024-08-28 23:11:54 - [MESSAGE][PASSED] - Browser is closed]]></system-out>
         <system-err><![CDATA[]]></system-err>
      </testcase>
      <testcase name="Test Cases/IntegratedWeb/IWP30/Errors/NoOverPayError" time="47.623" classname="Test Cases/IntegratedWeb/IWP30/Errors/NoOverPayError" status="PASSED">
         <system-out><![CDATA[2024-08-28 23:11:54 - [TEST_CASE][PASSED] - Test Cases/IntegratedWeb/IWP30/Errors/NoOverPayError: Test Cases/IntegratedWeb/IWP30/Errors/NoOverPayError

2024-08-28 23:11:54 - [TEST_STEP][PASSED] - resText = "Fail": null

2024-08-28 23:11:54 - [TEST_STEP][PASSED] - resColumn = "Result": null

2024-08-28 23:11:54 - [TEST_STEP][PASSED] - datCloumn = "Date": null

2024-08-28 23:11:54 - [TEST_STEP][PASSED] - fileLoc = "KatalonData/IWPTestData/VRelay30PayNowCC.xlsx": null

2024-08-28 23:11:54 - [TEST_STEP][PASSED] - numOfRows = <not implemented yet for class: org.codehaus.groovy.ast.expr.EmptyExpression>: null

2024-08-28 23:11:54 - [TEST_STEP][PASSED] - dataFile = <not implemented yet for class: org.codehaus.groovy.ast.expr.EmptyExpression>: null

2024-08-28 23:11:54 - [TEST_STEP][PASSED] - nameSheet = <not implemented yet for class: org.codehaus.groovy.ast.expr.EmptyExpression>: null

2024-08-28 23:11:54 - [TEST_STEP][PASSED] - dataFileEmulator = <not implemented yet for class: org.codehaus.groovy.ast.expr.EmptyExpression>: null

2024-08-28 23:11:54 - [TEST_STEP][PASSED] - nameSheet = "NoOverPay": null

2024-08-28 23:11:54 - [TEST_STEP][PASSED] - dataFile = "IWPTestData/NoOverPay": null

2024-08-28 23:11:54 - [TEST_STEP][PASSED] - dataFileEmulator = "IWPTestData/EmulatorData": null

2024-08-28 23:11:54 - [TEST_STEP][PASSED] - numOfRows = findTestData(dataFile).getRowNumbers(): null

2024-08-28 23:11:55 - [TEST_STEP][PASSED] - println("Number of Records: " + numOfRows): null

2024-08-28 23:11:55 - [TEST_STEP][PASSED] - for ([row = 1, row <= numOfRows, (row++)]): Browser is closed

2024-08-28 23:11:55 - [TEST_STEP][PASSED] - ExecuteTC = findTestData(dataFile).getValue("Execute", row): null

2024-08-28 23:11:55 - [TEST_STEP][PASSED] - out.println("Value of Execute is : " + ExecuteTC): null

2024-08-28 23:11:55 - [TEST_STEP][PASSED] - if (ExecuteTC.equalsIgnoreCase("Y")): Browser is closed

2024-08-28 23:11:55 - [TEST_STEP][PASSED] - out.println("Begin Record Number: " + row): null

2024-08-28 23:11:55 - [TEST_STEP][PASSED] - today = new java.util.Date(): null

2024-08-28 23:11:55 - [TEST_STEP][PASSED] - println(today): null

2024-08-28 23:11:55 - [TEST_STEP][PASSED] - datText = today: null

2024-08-28 23:11:55 - [TEST_STEP][PASSED] - EmulatorDataKey = findTestData(dataFile).getValue("EmulatorData", row): null

2024-08-28 23:11:55 - [TEST_STEP][PASSED] - out.println("Value of Emulator Key is : " + EmulatorDataKey): null

2024-08-28 23:11:55 - [TEST_STEP][PASSED] - iwpPages.emulatorIWP30.setDataEmulator_DD(EmulatorDataKey): iwpPages.emulatorIWP30.setDataEmulator_DD is PASSED

2024-08-28 23:11:56 - [MESSAGE][INFO] - Starting 'Chrome' driver

2024-08-28 23:11:56 - [MESSAGE][INFO] - User set preference: ['acceptInsecureCerts', 'true']

2024-08-28 23:11:56 - [MESSAGE][INFO] - Action delay is set to 0 milliseconds

2024-08-28 23:11:58 - [MESSAGE][PASSED] - Browser is opened with url: 'https://qa2.velocitypayment.com/agency/config.do?action=editor&message_version=3_0'

2024-08-28 23:11:58 - [MESSAGE][PASSED] - Current window maximized

2024-08-28 23:11:59 - [MESSAGE][PASSED] - All options with value '3.0' are selected in object 'Object Repository/IWP30/Page_VRelay30Emulator/MV'  using regular expression

2024-08-28 23:11:59 - [MESSAGE][PASSED] - Text '10.50' is set on object 'Object Repository/IWP30/Page_VRelay30Emulator/Amount'

2024-08-28 23:12:00 - [MESSAGE][PASSED] - Text '26412167' is set on object 'Object Repository/IWP30/Page_VRelay30Emulator/CAN'

2024-08-28 23:12:01 - [MESSAGE][PASSED] - Text 'PayNow' is set on object 'Object Repository/IWP30/Page_VRelay30Emulator/Action'

2024-08-28 23:12:01 - [MESSAGE][PASSED] - Text 'en_US' is set on object 'Object Repository/IWP30/Page_VRelay30Emulator/Lang'

2024-08-28 23:12:02 - [MESSAGE][PASSED] - Text 'Elizath' is set on object 'Object Repository/IWP30/Page_VRelay30Emulator/Fname'

2024-08-28 23:12:03 - [MESSAGE][PASSED] - Text 'Christine' is set on object 'Object Repository/IWP30/Page_VRelay30Emulator/Lname'

2024-08-28 23:12:03 - [MESSAGE][PASSED] - Text '258 Underwood rd' is set on object 'Object Repository/IWP30/Page_VRelay30Emulator/AL1'

2024-08-28 23:12:04 - [MESSAGE][PASSED] - Text 'Suite 600' is set on object 'Object Repository/IWP30/Page_VRelay30Emulator/AL2'

2024-08-28 23:12:05 - [MESSAGE][PASSED] - Text '840' is set on object 'Object Repository/IWP30/Page_VRelay30Emulator/Country'

2024-08-28 23:12:05 - [MESSAGE][PASSED] - Text 'Arlington' is set on object 'Object Repository/IWP30/Page_VRelay30Emulator/City'

2024-08-28 23:12:06 - [MESSAGE][PASSED] - Text 'VA' is set on object 'Object Repository/IWP30/Page_VRelay30Emulator/State'

2024-08-28 23:12:07 - [MESSAGE][PASSED] - Text '22201' is set on object 'Object Repository/IWP30/Page_VRelay30Emulator/ZIP'

2024-08-28 23:12:07 - [MESSAGE][PASSED] - Text '' is set on object 'Object Repository/IWP30/Page_VRelay30Emulator/Order'

2024-08-28 23:12:08 - [MESSAGE][PASSED] - Text '' is set on object 'Object Repository/IWP30/Page_VRelay30Emulator/Company'

2024-08-28 23:12:09 - [MESSAGE][PASSED] - Text 'iahmed@govolution.com' is set on object 'Object Repository/IWP30/Page_VRelay30Emulator/Email'

2024-08-28 23:12:09 - [MESSAGE][PASSED] - Text 'udf data 1' is set on object 'Object Repository/IWP30/Page_VRelay30Emulator/UDF1'

2024-08-28 23:12:10 - [MESSAGE][PASSED] - Text 'udf data 2' is set on object 'Object Repository/IWP30/Page_VRelay30Emulator/UDF2'

2024-08-28 23:12:11 - [MESSAGE][PASSED] - Text 'udf data 3' is set on object 'Object Repository/IWP30/Page_VRelay30Emulator/UDF3'

2024-08-28 23:12:11 - [MESSAGE][PASSED] - Text 'udf data 4' is set on object 'Object Repository/IWP30/Page_VRelay30Emulator/UDF4'

2024-08-28 23:12:12 - [MESSAGE][PASSED] - Text 'udf data 5' is set on object 'Object Repository/IWP30/Page_VRelay30Emulator/UDF5'

2024-08-28 23:12:13 - [MESSAGE][PASSED] - Text 'udf data 6' is set on object 'Object Repository/IWP30/Page_VRelay30Emulator/UDF6'

2024-08-28 23:12:13 - [MESSAGE][PASSED] - Text 'Orange' is set on object 'Object Repository/IWP30/Page_VRelay30Emulator/UDF7'

2024-08-28 23:12:14 - [MESSAGE][PASSED] - Text 'Soccer' is set on object 'Object Repository/IWP30/Page_VRelay30Emulator/UDF8'

2024-08-28 23:12:15 - [MESSAGE][PASSED] - Text 'udf data 9' is set on object 'Object Repository/IWP30/Page_VRelay30Emulator/UDF9'

2024-08-28 23:12:15 - [MESSAGE][PASSED] - Text 'udf data 10' is set on object 'Object Repository/IWP30/Page_VRelay30Emulator/UDF10'

2024-08-28 23:12:16 - [MESSAGE][PASSED] - Object: 'Object Repository/IWP30/Page_VRelay30Emulator/Submit' is clicked on

2024-08-28 23:12:21 - [MESSAGE][PASSED] - Browser is closed

2024-08-28 23:12:25 - [MESSAGE][PASSED] - iwpPages.emulatorIWP30.setDataEmulator_DD is PASSED

2024-08-28 23:12:25 - [TEST_STEP][PASSED] - testHarnessURL = urlTestHarness: null

2024-08-28 23:12:25 - [TEST_STEP][PASSED] - openBrowser(testHarnessURL): Browser is opened with url: 'https://dev-algorithm.govolution.com/vrelaytest/QA2/version_2_2/vrelaytest.html'

2024-08-28 23:12:25 - [MESSAGE][INFO] - Starting 'Chrome' driver

2024-08-28 23:12:25 - [MESSAGE][INFO] - User set preference: ['acceptInsecureCerts', 'true']

2024-08-28 23:12:25 - [MESSAGE][INFO] - Action delay is set to 0 milliseconds

2024-08-28 23:12:27 - [MESSAGE][PASSED] - Browser is opened with url: 'https://dev-algorithm.govolution.com/vrelaytest/QA2/version_2_2/vrelaytest.html'

2024-08-28 23:12:27 - [TEST_STEP][PASSED] - maximizeWindow(): Current window maximized

2024-08-28 23:12:27 - [MESSAGE][PASSED] - Current window maximized

2024-08-28 23:12:27 - [TEST_STEP][PASSED] - iwpPages.TestHarnessPage.setDataMethod(row, dataFile): iwpPages.TestHarnessPage.setDataMethod is PASSED

2024-08-28 23:12:28 - [MESSAGE][PASSED] - Object 'Object Repository/IWP30/Page_QATestHarness/RemittanceID' is present

2024-08-28 23:12:29 - [MESSAGE][PASSED] - Text '825' is set on object 'Object Repository/IWP30/Page_QATestHarness/ApplicationID'

2024-08-28 23:12:29 - [MESSAGE][PASSED] - Text '3.0' is set on object 'Object Repository/IWP30/Page_QATestHarness/MessageVersion'

2024-08-28 23:12:30 - [MESSAGE][PASSED] - Text 'y9C1n7VwhB03' is set on object 'Object Repository/IWP30/Page_QATestHarness/RemittanceID'

2024-08-28 23:12:31 - [MESSAGE][PASSED] - Object: 'Object Repository/IWP30/Page_QATestHarness/SubmitButton' is clicked on

2024-08-28 23:12:31 - [MESSAGE][PASSED] - iwpPages.TestHarnessPage.setDataMethod is PASSED

2024-08-28 23:12:31 - [TEST_STEP][PASSED] - check(findTestObject("Object Repository/IWP30/Page_SelectPaymentMethod/PayByCreditCard")): Object 'Object Repository/IWP30/Page_SelectPaymentMethod/PayByCreditCard' is checked

2024-08-28 23:12:31 - [MESSAGE][PASSED] - Object 'Object Repository/IWP30/Page_SelectPaymentMethod/PayByCreditCard' is checked

2024-08-28 23:12:31 - [TEST_STEP][PASSED] - click(findTestObject("Object Repository/IWP30/Page_SelectPaymentMethod/MakePaymentButton")): Object: 'Object Repository/IWP30/Page_SelectPaymentMethod/MakePaymentButton' is clicked on

2024-08-28 23:12:33 - [MESSAGE][PASSED] - Object: 'Object Repository/IWP30/Page_SelectPaymentMethod/MakePaymentButton' is clicked on

2024-08-28 23:12:33 - [TEST_STEP][PASSED] - iwpPages.ccPaymentEntryPage.setDataIWPCreditCard(row, dataFile): iwpPages.ccPaymentEntryPage.setDataIWPCreditCard is PASSED

2024-08-28 23:12:34 - [MESSAGE][PASSED] - Object 'Object Repository/IWP30/Page_CCPaymentEntry/Name' is present

2024-08-28 23:12:35 - [MESSAGE][PASSED] - Text '11.50' is set on object 'Object Repository/IWP30/Page_CCPaymentEntry/Amount'

2024-08-28 23:12:36 - [MESSAGE][PASSED] - Text '5146312200000035' is set on object 'Object Repository/IWP30/Page_CCPaymentEntry/CardNumber'

2024-08-28 23:12:36 - [MESSAGE][PASSED] - Text '123' is set on object 'Object Repository/IWP30/Page_CCPaymentEntry/SPC'

2024-08-28 23:12:37 - [MESSAGE][PASSED] - All options with label '09' are selected in object 'Object Repository/IWP30/Page_CCPaymentEntry/Month' 

2024-08-28 23:12:38 - [MESSAGE][PASSED] - All options with label '2028' are selected in object 'Object Repository/IWP30/Page_CCPaymentEntry/Year' 

2024-08-28 23:12:38 - [MESSAGE][PASSED] - Object 'Object Repository/IWP30/Page_CCPaymentEntry/TermCondCheckBox' is present

2024-08-28 23:12:38 - [MESSAGE][PASSED] - Object 'Object Repository/IWP30/Page_CCPaymentEntry/TermCondCheckBox' is checked

2024-08-28 23:12:39 - [MESSAGE][PASSED] - Object 'Object Repository/IWP30/Page_CCPaymentEntry/ContinueButton' is present

2024-08-28 23:12:40 - [MESSAGE][PASSED] - Object: 'Object Repository/IWP30/Page_CCPaymentEntry/ContinueButton' is clicked on

2024-08-28 23:12:40 - [MESSAGE][PASSED] - iwpPages.ccPaymentEntryPage.setDataIWPCreditCard is PASSED

2024-08-28 23:12:40 - [TEST_STEP][PASSED] - if (verifyTextPresent("Payment amounts more than 10.50 are not accepted", false)): null

2024-08-28 23:12:40 - [MESSAGE][PASSED] - Text 'Payment amounts more than 10.50 are not accepted' is present on page 

2024-08-28 23:12:40 - [TEST_STEP][PASSED] - println("Payment amounts more than Error is present on the Payment Entry page"): null

2024-08-28 23:12:40 - [TEST_STEP][PASSED] - markPassed("Payment amounts more than Erroris present on the Payment Entry page"): Payment amounts more than Erroris present on the Payment Entry page

2024-08-28 23:12:40 - [MESSAGE][PASSED] - Payment amounts more than Erroris present on the Payment Entry page

2024-08-28 23:12:40 - [TEST_STEP][PASSED] - resText = "Pass": null

2024-08-28 23:12:40 - [TEST_STEP][PASSED] - pages.WriteExcel.demoKey(resText, datText, resColumn, datCloumn, fileLoc, nameSheet, row): pages.WriteExcel.demoKey is PASSED

2024-08-28 23:12:40 - [MESSAGE][PASSED] - pages.WriteExcel.demoKey is PASSED

2024-08-28 23:12:40 - [TEST_STEP][PASSED] - closeBrowser(): Browser is closed

2024-08-28 23:12:42 - [MESSAGE][PASSED] - Browser is closed]]></system-out>
         <system-err><![CDATA[]]></system-err>
      </testcase>
      <testcase name="Test Cases/IntegratedWeb/IWP30/Errors/CardNotAcceptedErrorCC" time="56.997" classname="Test Cases/IntegratedWeb/IWP30/Errors/CardNotAcceptedErrorCC" status="FAILED">
         <failure type="FAILED" message="Test Cases/IntegratedWeb/IWP30/Errors/CardNotAcceptedErrorCC FAILED.
Reason:
com.kms.katalon.core.exception.StepFailedException: Text 'This card type is not accepted, please enter a different credit or debit card number. Only American Express , Discover , MasterCard , Visa Debit and Visa card(s) is(are) accepted' is not present on page  (Root cause: com.kms.katalon.core.exception.StepFailedException: Text 'This card type is not accepted, please enter a different credit or debit card number. Only American Express , Discover , MasterCard , Visa Debit and Visa card(s) is(are) accepted' is not present on page 
	at com.kms.katalon.core.webui.keyword.internal.WebUIKeywordMain.stepFailed(WebUIKeywordMain.groovy:64)
	at com.kms.katalon.core.webui.keyword.builtin.VerifyTextPresentKeyword$_verifyTextPresent_closure1.doCall(VerifyTextPresentKeyword.groovy:79)
	at com.kms.katalon.core.webui.keyword.builtin.VerifyTextPresentKeyword$_verifyTextPresent_closure1.call(VerifyTextPresentKeyword.groovy)
	at com.kms.katalon.core.webui.keyword.internal.WebUIKeywordMain.runKeyword(WebUIKeywordMain.groovy:20)
	at com.kms.katalon.core.webui.keyword.builtin.VerifyTextPresentKeyword.verifyTextPresent(VerifyTextPresentKeyword.groovy:83)
	at com.kms.katalon.core.webui.keyword.builtin.VerifyTextPresentKeyword.execute(VerifyTextPresentKeyword.groovy:68)
	at com.kms.katalon.core.keyword.internal.KeywordExecutor.executeKeywordForPlatform(KeywordExecutor.groovy:74)
	at com.kms.katalon.core.webui.keyword.WebUiBuiltInKeywords.verifyTextPresent(WebUiBuiltInKeywords.groovy:1723)
	at com.kms.katalon.core.webui.keyword.WebUiBuiltInKeywords$verifyTextPresent$8.call(Unknown Source)
	at CardNotAcceptedErrorCC.run(CardNotAcceptedErrorCC:260)
	at com.kms.katalon.core.main.ScriptEngine.run(ScriptEngine.java:194)
	at com.kms.katalon.core.main.ScriptEngine.runScriptAsRawText(ScriptEngine.java:119)
	at com.kms.katalon.core.main.TestCaseExecutor.runScript(TestCaseExecutor.java:448)
	at com.kms.katalon.core.main.TestCaseExecutor.doExecute(TestCaseExecutor.java:439)
	at com.kms.katalon.core.main.TestCaseExecutor.processExecutionPhase(TestCaseExecutor.java:418)
	at com.kms.katalon.core.main.TestCaseExecutor.accessMainPhase(TestCaseExecutor.java:410)
	at com.kms.katalon.core.main.TestCaseExecutor.execute(TestCaseExecutor.java:285)
	at com.kms.katalon.core.common.CommonExecutor.accessTestCaseMainPhase(CommonExecutor.java:65)
	at com.kms.katalon.core.main.TestSuiteExecutor.accessTestSuiteMainPhase(TestSuiteExecutor.java:148)
	at com.kms.katalon.core.main.TestSuiteExecutor.execute(TestSuiteExecutor.java:106)
	at com.kms.katalon.core.main.TestCaseMain.startTestSuite(TestCaseMain.java:187)
	at com.kms.katalon.core.main.TestCaseMain$startTestSuite$0.call(Unknown Source)
	at TempTestSuite1724897904035.run(TempTestSuite1724897904035.groovy:35)
)
	at com.kms.katalon.core.keyword.internal.KeywordMain.stepFailed(KeywordMain.groovy:39)
	at com.kms.katalon.core.webui.keyword.internal.WebUIKeywordMain.stepFailed(WebUIKeywordMain.groovy:64)
	at com.kms.katalon.core.webui.keyword.builtin.VerifyTextPresentKeyword$_verifyTextPresent_closure1.doCall(VerifyTextPresentKeyword.groovy:79)
	at com.kms.katalon.core.webui.keyword.builtin.VerifyTextPresentKeyword$_verifyTextPresent_closure1.call(VerifyTextPresentKeyword.groovy)
	at com.kms.katalon.core.webui.keyword.internal.WebUIKeywordMain.runKeyword(WebUIKeywordMain.groovy:20)
	at com.kms.katalon.core.webui.keyword.builtin.VerifyTextPresentKeyword.verifyTextPresent(VerifyTextPresentKeyword.groovy:83)
	at com.kms.katalon.core.webui.keyword.builtin.VerifyTextPresentKeyword.execute(VerifyTextPresentKeyword.groovy:68)
	at com.kms.katalon.core.keyword.internal.KeywordExecutor.executeKeywordForPlatform(KeywordExecutor.groovy:74)
	at com.kms.katalon.core.webui.keyword.WebUiBuiltInKeywords.verifyTextPresent(WebUiBuiltInKeywords.groovy:1723)
	at com.kms.katalon.core.webui.keyword.WebUiBuiltInKeywords$verifyTextPresent$8.call(Unknown Source)
	at CardNotAcceptedErrorCC.run(CardNotAcceptedErrorCC:260)
	at com.kms.katalon.core.main.ScriptEngine.run(ScriptEngine.java:194)
	at com.kms.katalon.core.main.ScriptEngine.runScriptAsRawText(ScriptEngine.java:119)
	at com.kms.katalon.core.main.TestCaseExecutor.runScript(TestCaseExecutor.java:448)
	at com.kms.katalon.core.main.TestCaseExecutor.doExecute(TestCaseExecutor.java:439)
	at com.kms.katalon.core.main.TestCaseExecutor.processExecutionPhase(TestCaseExecutor.java:418)
	at com.kms.katalon.core.main.TestCaseExecutor.accessMainPhase(TestCaseExecutor.java:410)
	at com.kms.katalon.core.main.TestCaseExecutor.execute(TestCaseExecutor.java:285)
	at com.kms.katalon.core.common.CommonExecutor.accessTestCaseMainPhase(CommonExecutor.java:65)
	at com.kms.katalon.core.main.TestSuiteExecutor.accessTestSuiteMainPhase(TestSuiteExecutor.java:148)
	at com.kms.katalon.core.main.TestSuiteExecutor.execute(TestSuiteExecutor.java:106)
	at com.kms.katalon.core.main.TestCaseMain.startTestSuite(TestCaseMain.java:187)
	at com.kms.katalon.core.main.TestCaseMain$startTestSuite$0.call(Unknown Source)
	at TempTestSuite1724897904035.run(TempTestSuite1724897904035.groovy:35)
Caused by: com.kms.katalon.core.exception.StepFailedException: Text 'This card type is not accepted, please enter a different credit or debit card number. Only American Express , Discover , MasterCard , Visa Debit and Visa card(s) is(are) accepted' is not present on page 
	... 23 more
"/>
         <system-out><![CDATA[2024-08-28 23:12:42 - [TEST_CASE][FAILED] - Test Cases/IntegratedWeb/IWP30/Errors/CardNotAcceptedErrorCC: Test Cases/IntegratedWeb/IWP30/Errors/CardNotAcceptedErrorCC FAILED.
Reason:
com.kms.katalon.core.exception.StepFailedException: Text 'This card type is not accepted, please enter a different credit or debit card number. Only American Express , Discover , MasterCard , Visa Debit and Visa card(s) is(are) accepted' is not present on page  (Root cause: com.kms.katalon.core.exception.StepFailedException: Text 'This card type is not accepted, please enter a different credit or debit card number. Only American Express , Discover , MasterCard , Visa Debit and Visa card(s) is(are) accepted' is not present on page 
	at com.kms.katalon.core.webui.keyword.internal.WebUIKeywordMain.stepFailed(WebUIKeywordMain.groovy:64)
	at com.kms.katalon.core.webui.keyword.builtin.VerifyTextPresentKeyword$_verifyTextPresent_closure1.doCall(VerifyTextPresentKeyword.groovy:79)
	at com.kms.katalon.core.webui.keyword.builtin.VerifyTextPresentKeyword$_verifyTextPresent_closure1.call(VerifyTextPresentKeyword.groovy)
	at com.kms.katalon.core.webui.keyword.internal.WebUIKeywordMain.runKeyword(WebUIKeywordMain.groovy:20)
	at com.kms.katalon.core.webui.keyword.builtin.VerifyTextPresentKeyword.verifyTextPresent(VerifyTextPresentKeyword.groovy:83)
	at com.kms.katalon.core.webui.keyword.builtin.VerifyTextPresentKeyword.execute(VerifyTextPresentKeyword.groovy:68)
	at com.kms.katalon.core.keyword.internal.KeywordExecutor.executeKeywordForPlatform(KeywordExecutor.groovy:74)
	at com.kms.katalon.core.webui.keyword.WebUiBuiltInKeywords.verifyTextPresent(WebUiBuiltInKeywords.groovy:1723)
	at com.kms.katalon.core.webui.keyword.WebUiBuiltInKeywords$verifyTextPresent$8.call(Unknown Source)
	at CardNotAcceptedErrorCC.run(CardNotAcceptedErrorCC:260)
	at com.kms.katalon.core.main.ScriptEngine.run(ScriptEngine.java:194)
	at com.kms.katalon.core.main.ScriptEngine.runScriptAsRawText(ScriptEngine.java:119)
	at com.kms.katalon.core.main.TestCaseExecutor.runScript(TestCaseExecutor.java:448)
	at com.kms.katalon.core.main.TestCaseExecutor.doExecute(TestCaseExecutor.java:439)
	at com.kms.katalon.core.main.TestCaseExecutor.processExecutionPhase(TestCaseExecutor.java:418)
	at com.kms.katalon.core.main.TestCaseExecutor.accessMainPhase(TestCaseExecutor.java:410)
	at com.kms.katalon.core.main.TestCaseExecutor.execute(TestCaseExecutor.java:285)
	at com.kms.katalon.core.common.CommonExecutor.accessTestCaseMainPhase(CommonExecutor.java:65)
	at com.kms.katalon.core.main.TestSuiteExecutor.accessTestSuiteMainPhase(TestSuiteExecutor.java:148)
	at com.kms.katalon.core.main.TestSuiteExecutor.execute(TestSuiteExecutor.java:106)
	at com.kms.katalon.core.main.TestCaseMain.startTestSuite(TestCaseMain.java:187)
	at com.kms.katalon.core.main.TestCaseMain$startTestSuite$0.call(Unknown Source)
	at TempTestSuite1724897904035.run(TempTestSuite1724897904035.groovy:35)
)
	at com.kms.katalon.core.keyword.internal.KeywordMain.stepFailed(KeywordMain.groovy:39)
	at com.kms.katalon.core.webui.keyword.internal.WebUIKeywordMain.stepFailed(WebUIKeywordMain.groovy:64)
	at com.kms.katalon.core.webui.keyword.builtin.VerifyTextPresentKeyword$_verifyTextPresent_closure1.doCall(VerifyTextPresentKeyword.groovy:79)
	at com.kms.katalon.core.webui.keyword.builtin.VerifyTextPresentKeyword$_verifyTextPresent_closure1.call(VerifyTextPresentKeyword.groovy)
	at com.kms.katalon.core.webui.keyword.internal.WebUIKeywordMain.runKeyword(WebUIKeywordMain.groovy:20)
	at com.kms.katalon.core.webui.keyword.builtin.VerifyTextPresentKeyword.verifyTextPresent(VerifyTextPresentKeyword.groovy:83)
	at com.kms.katalon.core.webui.keyword.builtin.VerifyTextPresentKeyword.execute(VerifyTextPresentKeyword.groovy:68)
	at com.kms.katalon.core.keyword.internal.KeywordExecutor.executeKeywordForPlatform(KeywordExecutor.groovy:74)
	at com.kms.katalon.core.webui.keyword.WebUiBuiltInKeywords.verifyTextPresent(WebUiBuiltInKeywords.groovy:1723)
	at com.kms.katalon.core.webui.keyword.WebUiBuiltInKeywords$verifyTextPresent$8.call(Unknown Source)
	at CardNotAcceptedErrorCC.run(CardNotAcceptedErrorCC:260)
	at com.kms.katalon.core.main.ScriptEngine.run(ScriptEngine.java:194)
	at com.kms.katalon.core.main.ScriptEngine.runScriptAsRawText(ScriptEngine.java:119)
	at com.kms.katalon.core.main.TestCaseExecutor.runScript(TestCaseExecutor.java:448)
	at com.kms.katalon.core.main.TestCaseExecutor.doExecute(TestCaseExecutor.java:439)
	at com.kms.katalon.core.main.TestCaseExecutor.processExecutionPhase(TestCaseExecutor.java:418)
	at com.kms.katalon.core.main.TestCaseExecutor.accessMainPhase(TestCaseExecutor.java:410)
	at com.kms.katalon.core.main.TestCaseExecutor.execute(TestCaseExecutor.java:285)
	at com.kms.katalon.core.common.CommonExecutor.accessTestCaseMainPhase(CommonExecutor.java:65)
	at com.kms.katalon.core.main.TestSuiteExecutor.accessTestSuiteMainPhase(TestSuiteExecutor.java:148)
	at com.kms.katalon.core.main.TestSuiteExecutor.execute(TestSuiteExecutor.java:106)
	at com.kms.katalon.core.main.TestCaseMain.startTestSuite(TestCaseMain.java:187)
	at com.kms.katalon.core.main.TestCaseMain$startTestSuite$0.call(Unknown Source)
	at TempTestSuite1724897904035.run(TempTestSuite1724897904035.groovy:35)
Caused by: com.kms.katalon.core.exception.StepFailedException: Text 'This card type is not accepted, please enter a different credit or debit card number. Only American Express , Discover , MasterCard , Visa Debit and Visa card(s) is(are) accepted' is not present on page 
	... 23 more


2024-08-28 23:12:42 - [TEST_STEP][PASSED] - openBrowser(urlEmulator): Browser is opened with url: 'https://qa2.velocitypayment.com/agency/config.do?action=editor'

2024-08-28 23:12:42 - [MESSAGE][INFO] - Starting 'Chrome' driver

2024-08-28 23:12:42 - [MESSAGE][INFO] - User set preference: ['acceptInsecureCerts', 'true']

2024-08-28 23:12:42 - [MESSAGE][INFO] - Action delay is set to 0 milliseconds

2024-08-28 23:12:44 - [MESSAGE][PASSED] - Browser is opened with url: 'https://qa2.velocitypayment.com/agency/config.do?action=editor'

2024-08-28 23:12:44 - [TEST_STEP][PASSED] - maximizeWindow(): Current window maximized

2024-08-28 23:12:44 - [MESSAGE][PASSED] - Current window maximized

2024-08-28 23:12:44 - [TEST_STEP][PASSED] - iwpPages.emulatorIWP30.setDataEmulatorStandard(): iwpPages.emulatorIWP30.setDataEmulatorStandard is PASSED

2024-08-28 23:12:45 - [MESSAGE][PASSED] - Object 'Object Repository/IWP30/Page_VRelay30Emulator/Amount' is present

2024-08-28 23:12:46 - [MESSAGE][PASSED] - All options with value '3.0' are selected in object 'Object Repository/IWP30/Page_VRelay30Emulator/MV'  using regular expression

2024-08-28 23:12:46 - [MESSAGE][PASSED] - Text '10.50' is set on object 'Object Repository/IWP30/Page_VRelay30Emulator/Amount'

2024-08-28 23:12:47 - [MESSAGE][PASSED] - Text '54654701' is set on object 'Object Repository/IWP30/Page_VRelay30Emulator/CAN'

2024-08-28 23:12:48 - [MESSAGE][PASSED] - Text 'PayNow' is set on object 'Object Repository/IWP30/Page_VRelay30Emulator/Action'

2024-08-28 23:12:48 - [MESSAGE][PASSED] - Text 'en_US' is set on object 'Object Repository/IWP30/Page_VRelay30Emulator/Lang'

2024-08-28 23:12:49 - [MESSAGE][PASSED] - Text '' is set on object 'Object Repository/IWP30/Page_VRelay30Emulator/Fname'

2024-08-28 23:12:50 - [MESSAGE][PASSED] - Text '' is set on object 'Object Repository/IWP30/Page_VRelay30Emulator/Lname'

2024-08-28 23:12:50 - [MESSAGE][PASSED] - Text '' is set on object 'Object Repository/IWP30/Page_VRelay30Emulator/AL1'

2024-08-28 23:12:51 - [MESSAGE][PASSED] - Text '' is set on object 'Object Repository/IWP30/Page_VRelay30Emulator/AL2'

2024-08-28 23:12:52 - [MESSAGE][PASSED] - Text '' is set on object 'Object Repository/IWP30/Page_VRelay30Emulator/Country'

2024-08-28 23:12:52 - [MESSAGE][PASSED] - Text '' is set on object 'Object Repository/IWP30/Page_VRelay30Emulator/City'

2024-08-28 23:12:53 - [MESSAGE][PASSED] - Text '' is set on object 'Object Repository/IWP30/Page_VRelay30Emulator/State'

2024-08-28 23:12:54 - [MESSAGE][PASSED] - Text '' is set on object 'Object Repository/IWP30/Page_VRelay30Emulator/ZIP'

2024-08-28 23:12:54 - [MESSAGE][PASSED] - Text '' is set on object 'Object Repository/IWP30/Page_VRelay30Emulator/Order'

2024-08-28 23:12:55 - [MESSAGE][PASSED] - Text '' is set on object 'Object Repository/IWP30/Page_VRelay30Emulator/Company'

2024-08-28 23:12:55 - [MESSAGE][PASSED] - Text '' is set on object 'Object Repository/IWP30/Page_VRelay30Emulator/Email'

2024-08-28 23:12:56 - [MESSAGE][PASSED] - Text '' is set on object 'Object Repository/IWP30/Page_VRelay30Emulator/UDF1'

2024-08-28 23:12:57 - [MESSAGE][PASSED] - Text '' is set on object 'Object Repository/IWP30/Page_VRelay30Emulator/UDF2'

2024-08-28 23:12:57 - [MESSAGE][PASSED] - Text 'data 3' is set on object 'Object Repository/IWP30/Page_VRelay30Emulator/UDF3'

2024-08-28 23:12:58 - [MESSAGE][PASSED] - Text 'data 4' is set on object 'Object Repository/IWP30/Page_VRelay30Emulator/UDF4'

2024-08-28 23:12:59 - [MESSAGE][PASSED] - Text 'data 5' is set on object 'Object Repository/IWP30/Page_VRelay30Emulator/UDF5'

2024-08-28 23:12:59 - [MESSAGE][PASSED] - Text 'data 6' is set on object 'Object Repository/IWP30/Page_VRelay30Emulator/UDF6'

2024-08-28 23:13:00 - [MESSAGE][PASSED] - Text 'Orange' is set on object 'Object Repository/IWP30/Page_VRelay30Emulator/UDF7'

2024-08-28 23:13:01 - [MESSAGE][PASSED] - Text 'Soccer' is set on object 'Object Repository/IWP30/Page_VRelay30Emulator/UDF8'

2024-08-28 23:13:01 - [MESSAGE][PASSED] - Text 'data 9' is set on object 'Object Repository/IWP30/Page_VRelay30Emulator/UDF9'

2024-08-28 23:13:02 - [MESSAGE][PASSED] - Text 'data 10' is set on object 'Object Repository/IWP30/Page_VRelay30Emulator/UDF10'

2024-08-28 23:13:05 - [MESSAGE][PASSED] - Object: 'Object Repository/IWP30/Page_VRelay30Emulator/Submit' is clicked on

2024-08-28 23:13:11 - [MESSAGE][PASSED] - Browser is closed

2024-08-28 23:13:11 - [MESSAGE][PASSED] - iwpPages.emulatorIWP30.setDataEmulatorStandard is PASSED

2024-08-28 23:13:11 - [TEST_STEP][PASSED] - openBrowser(urlTestHarness): Browser is opened with url: 'https://dev-algorithm.govolution.com/vrelaytest/QA2/version_2_2/vrelaytest.html'

2024-08-28 23:13:11 - [MESSAGE][INFO] - Starting 'Chrome' driver

2024-08-28 23:13:11 - [MESSAGE][INFO] - User set preference: ['acceptInsecureCerts', 'true']

2024-08-28 23:13:11 - [MESSAGE][INFO] - Action delay is set to 0 milliseconds

2024-08-28 23:13:13 - [MESSAGE][PASSED] - Browser is opened with url: 'https://dev-algorithm.govolution.com/vrelaytest/QA2/version_2_2/vrelaytest.html'

2024-08-28 23:13:13 - [TEST_STEP][PASSED] - maximizeWindow(): Current window maximized

2024-08-28 23:13:13 - [MESSAGE][PASSED] - Current window maximized

2024-08-28 23:13:13 - [TEST_STEP][PASSED] - genRemIDVoid = RandomStringUtils.random(12, true, true): null

2024-08-28 23:13:13 - [TEST_STEP][PASSED] - if (verifyElementPresent(findTestObject("Object Repository/IWP30/Page_QATestHarness/RemittanceID"), 30)): null

2024-08-28 23:13:13 - [MESSAGE][PASSED] - Object 'Object Repository/IWP30/Page_QATestHarness/RemittanceID' is present

2024-08-28 23:13:13 - [TEST_STEP][PASSED] - println("We are on Test Harness page, start populating"): null

2024-08-28 23:13:13 - [TEST_STEP][PASSED] - setText(findTestObject("Object Repository/IWP30/Page_QATestHarness/ApplicationID"), "649"): Text '649' is set on object 'Object Repository/IWP30/Page_QATestHarness/ApplicationID'

2024-08-28 23:13:14 - [MESSAGE][PASSED] - Text '649' is set on object 'Object Repository/IWP30/Page_QATestHarness/ApplicationID'

2024-08-28 23:13:14 - [TEST_STEP][PASSED] - setText(findTestObject("Object Repository/IWP30/Page_QATestHarness/MessageVersion"), "3.0"): Text '3.0' is set on object 'Object Repository/IWP30/Page_QATestHarness/MessageVersion'

2024-08-28 23:13:15 - [MESSAGE][PASSED] - Text '3.0' is set on object 'Object Repository/IWP30/Page_QATestHarness/MessageVersion'

2024-08-28 23:13:15 - [TEST_STEP][PASSED] - setText(findTestObject("Object Repository/IWP30/Page_QATestHarness/RemittanceID"), genRemIDVoid): Text 'pougQCmYjKxV' is set on object 'Object Repository/IWP30/Page_QATestHarness/RemittanceID'

2024-08-28 23:13:15 - [MESSAGE][PASSED] - Text 'pougQCmYjKxV' is set on object 'Object Repository/IWP30/Page_QATestHarness/RemittanceID'

2024-08-28 23:13:15 - [TEST_STEP][PASSED] - click(findTestObject("Object Repository/IWP30/Page_QATestHarness/SubmitButton")): Object: 'Object Repository/IWP30/Page_QATestHarness/SubmitButton' is clicked on

2024-08-28 23:13:17 - [MESSAGE][PASSED] - Object: 'Object Repository/IWP30/Page_QATestHarness/SubmitButton' is clicked on

2024-08-28 23:13:17 - [TEST_STEP][PASSED] - if (verifyElementPresent(findTestObject("Object Repository/IWP30/Page_SelectPaymentMethod/PayByCreditCard"), 30)): null

2024-08-28 23:13:17 - [MESSAGE][PASSED] - Object 'Object Repository/IWP30/Page_SelectPaymentMethod/PayByCreditCard' is present

2024-08-28 23:13:17 - [TEST_STEP][PASSED] - println("We are on Select Payment Method page, start populating"): null

2024-08-28 23:13:17 - [TEST_STEP][PASSED] - check(findTestObject("Object Repository/IWP30/Page_SelectPaymentMethod/PayByCreditCard")): Object 'Object Repository/IWP30/Page_SelectPaymentMethod/PayByCreditCard' is checked

2024-08-28 23:13:18 - [MESSAGE][PASSED] - Object 'Object Repository/IWP30/Page_SelectPaymentMethod/PayByCreditCard' is checked

2024-08-28 23:13:18 - [TEST_STEP][PASSED] - Thread.sleep(1000): null

2024-08-28 23:13:19 - [TEST_STEP][PASSED] - click(findTestObject("Object Repository/IWP30/Page_SelectPaymentMethod/MakePaymentButton")): Object: 'Object Repository/IWP30/Page_SelectPaymentMethod/MakePaymentButton' is clicked on

2024-08-28 23:13:20 - [MESSAGE][PASSED] - Object: 'Object Repository/IWP30/Page_SelectPaymentMethod/MakePaymentButton' is clicked on

2024-08-28 23:13:20 - [TEST_STEP][PASSED] - if (verifyElementPresent(findTestObject("Object Repository/IWP30/Page_CCPaymentEntry/Name"), 30)): null

2024-08-28 23:13:20 - [MESSAGE][PASSED] - Object 'Object Repository/IWP30/Page_CCPaymentEntry/Name' is present

2024-08-28 23:13:20 - [TEST_STEP][PASSED] - println("We are on Credit Card Payment Entry page, start populating"): null

2024-08-28 23:13:20 - [TEST_STEP][PASSED] - if (verifyElementPresent(findTestObject("Object Repository/IWP30/Page_CCPaymentEntry/Amount"), 30)): null

2024-08-28 23:13:21 - [MESSAGE][PASSED] - Object 'Object Repository/IWP30/Page_CCPaymentEntry/Amount' is present

2024-08-28 23:13:21 - [TEST_STEP][PASSED] - setText(findTestObject("Object Repository/IWP30/Page_CCPaymentEntry/Amount"), "10.50"): Text '10.50' is set on object 'Object Repository/IWP30/Page_CCPaymentEntry/Amount'

2024-08-28 23:13:21 - [MESSAGE][PASSED] - Text '10.50' is set on object 'Object Repository/IWP30/Page_CCPaymentEntry/Amount'

2024-08-28 23:13:21 - [TEST_STEP][PASSED] - if (verifyElementPresent(findTestObject("Object Repository/IWP30/Page_CCPaymentEntry/UserDefined2"), 30)): null

2024-08-28 23:13:22 - [MESSAGE][PASSED] - Object 'Object Repository/IWP30/Page_CCPaymentEntry/UserDefined2' is present

2024-08-28 23:13:22 - [TEST_STEP][PASSED] - setText(findTestObject("Object Repository/IWP30/Page_CCPaymentEntry/UserDefined2"), ""): Text '' is set on object 'Object Repository/IWP30/Page_CCPaymentEntry/UserDefined2'

2024-08-28 23:13:22 - [MESSAGE][PASSED] - Text '' is set on object 'Object Repository/IWP30/Page_CCPaymentEntry/UserDefined2'

2024-08-28 23:13:22 - [TEST_STEP][PASSED] - if (verifyElementPresent(findTestObject("Object Repository/IWP30/Page_CCPaymentEntry/UserDefined3"), 30)): null

2024-08-28 23:13:23 - [MESSAGE][PASSED] - Object 'Object Repository/IWP30/Page_CCPaymentEntry/UserDefined3' is present

2024-08-28 23:13:23 - [TEST_STEP][PASSED] - setText(findTestObject("Object Repository/IWP30/Page_CCPaymentEntry/UserDefined3"), "data 3"): Text 'data 3' is set on object 'Object Repository/IWP30/Page_CCPaymentEntry/UserDefined3'

2024-08-28 23:13:24 - [MESSAGE][PASSED] - Text 'data 3' is set on object 'Object Repository/IWP30/Page_CCPaymentEntry/UserDefined3'

2024-08-28 23:13:24 - [TEST_STEP][PASSED] - if (verifyElementPresent(findTestObject("Object Repository/IWP30/Page_CCPaymentEntry/UserDefined7"), 30)): null

2024-08-28 23:13:24 - [MESSAGE][PASSED] - Object 'Object Repository/IWP30/Page_CCPaymentEntry/UserDefined7' is present

2024-08-28 23:13:24 - [TEST_STEP][PASSED] - selectOptionByLabel(findTestObject("Object Repository/IWP30/Page_CCPaymentEntry/UserDefined7"), "Orange", false): All options with label 'Orange' are selected in object 'Object Repository/IWP30/Page_CCPaymentEntry/UserDefined7' 

2024-08-28 23:13:24 - [MESSAGE][PASSED] - All options with label 'Orange' are selected in object 'Object Repository/IWP30/Page_CCPaymentEntry/UserDefined7' 

2024-08-28 23:13:24 - [TEST_STEP][PASSED] - if (verifyElementPresent(findTestObject("Object Repository/IWP30/Page_CCPaymentEntry/UserDefined8"), 30)): null

2024-08-28 23:13:25 - [MESSAGE][PASSED] - Object 'Object Repository/IWP30/Page_CCPaymentEntry/UserDefined8' is present

2024-08-28 23:13:25 - [TEST_STEP][PASSED] - selectOptionByLabel(findTestObject("Object Repository/IWP30/Page_CCPaymentEntry/UserDefined8"), "Tennis", false): All options with label 'Tennis' are selected in object 'Object Repository/IWP30/Page_CCPaymentEntry/UserDefined8' 

2024-08-28 23:13:25 - [MESSAGE][PASSED] - All options with label 'Tennis' are selected in object 'Object Repository/IWP30/Page_CCPaymentEntry/UserDefined8' 

2024-08-28 23:13:25 - [TEST_STEP][PASSED] - if (verifyElementPresent(findTestObject("Object Repository/IWP30/Page_CCPaymentEntry/Name"), 30)): null

2024-08-28 23:13:26 - [MESSAGE][PASSED] - Object 'Object Repository/IWP30/Page_CCPaymentEntry/Name' is present

2024-08-28 23:13:26 - [TEST_STEP][PASSED] - setText(findTestObject("Object Repository/IWP30/Page_CCPaymentEntry/Name"), "Jonathan Lewis"): Text 'Jonathan Lewis' is set on object 'Object Repository/IWP30/Page_CCPaymentEntry/Name'

2024-08-28 23:13:26 - [MESSAGE][PASSED] - Text 'Jonathan Lewis' is set on object 'Object Repository/IWP30/Page_CCPaymentEntry/Name'

2024-08-28 23:13:26 - [TEST_STEP][PASSED] - if (verifyElementPresent(findTestObject("Object Repository/IWP30/Page_CCPaymentEntry/CardNumber"), 30)): null

2024-08-28 23:13:27 - [MESSAGE][PASSED] - Object 'Object Repository/IWP30/Page_CCPaymentEntry/CardNumber' is present

2024-08-28 23:13:27 - [TEST_STEP][PASSED] - setText(findTestObject("Object Repository/IWP30/Page_CCPaymentEntry/CardNumber"), "5844444444444441"): Text '5844444444444441' is set on object 'Object Repository/IWP30/Page_CCPaymentEntry/CardNumber'

2024-08-28 23:13:27 - [MESSAGE][PASSED] - Text '5844444444444441' is set on object 'Object Repository/IWP30/Page_CCPaymentEntry/CardNumber'

2024-08-28 23:13:27 - [TEST_STEP][PASSED] - if (verifyElementPresent(findTestObject("Object Repository/IWP30/Page_CCPaymentEntry/SPC"), 30)): null

2024-08-28 23:13:28 - [MESSAGE][PASSED] - Object 'Object Repository/IWP30/Page_CCPaymentEntry/SPC' is present

2024-08-28 23:13:28 - [TEST_STEP][PASSED] - setText(findTestObject("Object Repository/IWP30/Page_CCPaymentEntry/SPC"), "147"): Text '147' is set on object 'Object Repository/IWP30/Page_CCPaymentEntry/SPC'

2024-08-28 23:13:28 - [MESSAGE][PASSED] - Text '147' is set on object 'Object Repository/IWP30/Page_CCPaymentEntry/SPC'

2024-08-28 23:13:28 - [TEST_STEP][PASSED] - if (verifyElementPresent(findTestObject("Object Repository/IWP30/Page_CCPaymentEntry/Month"), 30)): null

2024-08-28 23:13:29 - [MESSAGE][PASSED] - Object 'Object Repository/IWP30/Page_CCPaymentEntry/Month' is present

2024-08-28 23:13:29 - [TEST_STEP][PASSED] - selectOptionByLabel(findTestObject("Object Repository/IWP30/Page_CCPaymentEntry/Month"), "07", false): All options with label '07' are selected in object 'Object Repository/IWP30/Page_CCPaymentEntry/Month' 

2024-08-28 23:13:29 - [MESSAGE][PASSED] - All options with label '07' are selected in object 'Object Repository/IWP30/Page_CCPaymentEntry/Month' 

2024-08-28 23:13:29 - [TEST_STEP][PASSED] - if (verifyElementPresent(findTestObject("Object Repository/IWP30/Page_CCPaymentEntry/Year"), 30)): null

2024-08-28 23:13:30 - [MESSAGE][PASSED] - Object 'Object Repository/IWP30/Page_CCPaymentEntry/Year' is present

2024-08-28 23:13:30 - [TEST_STEP][PASSED] - selectOptionByLabel(findTestObject("Object Repository/IWP30/Page_CCPaymentEntry/Year"), "2025", false): All options with label '2025' are selected in object 'Object Repository/IWP30/Page_CCPaymentEntry/Year' 

2024-08-28 23:13:30 - [MESSAGE][PASSED] - All options with label '2025' are selected in object 'Object Repository/IWP30/Page_CCPaymentEntry/Year' 

2024-08-28 23:13:30 - [TEST_STEP][PASSED] - if (verifyElementPresent(findTestObject("Object Repository/IWP30/Page_CCPaymentEntry/AL1"), 30)): null

2024-08-28 23:13:31 - [MESSAGE][PASSED] - Object 'Object Repository/IWP30/Page_CCPaymentEntry/AL1' is present

2024-08-28 23:13:31 - [TEST_STEP][PASSED] - setText(findTestObject("Object Repository/IWP30/Page_CCPaymentEntry/AL1"), "18 Manhattan road"): Text '18 Manhattan road' is set on object 'Object Repository/IWP30/Page_CCPaymentEntry/AL1'

2024-08-28 23:13:31 - [MESSAGE][PASSED] - Text '18 Manhattan road' is set on object 'Object Repository/IWP30/Page_CCPaymentEntry/AL1'

2024-08-28 23:13:31 - [TEST_STEP][PASSED] - if (verifyElementPresent(findTestObject("Object Repository/IWP30/Page_CCPaymentEntry/AL2"), 30)): null

2024-08-28 23:13:32 - [MESSAGE][PASSED] - Object 'Object Repository/IWP30/Page_CCPaymentEntry/AL2' is present

2024-08-28 23:13:32 - [TEST_STEP][PASSED] - setText(findTestObject("Object Repository/IWP30/Page_CCPaymentEntry/AL2"), "Room 1"): Text 'Room 1' is set on object 'Object Repository/IWP30/Page_CCPaymentEntry/AL2'

2024-08-28 23:13:32 - [MESSAGE][PASSED] - Text 'Room 1' is set on object 'Object Repository/IWP30/Page_CCPaymentEntry/AL2'

2024-08-28 23:13:32 - [TEST_STEP][PASSED] - if (verifyElementPresent(findTestObject("Object Repository/IWP30/Page_CCPaymentEntry/ZIP"), 30)): null

2024-08-28 23:13:33 - [MESSAGE][PASSED] - Object 'Object Repository/IWP30/Page_CCPaymentEntry/ZIP' is present

2024-08-28 23:13:33 - [TEST_STEP][PASSED] - setText(findTestObject("Object Repository/IWP30/Page_CCPaymentEntry/ZIP"), "22201"): Text '22201' is set on object 'Object Repository/IWP30/Page_CCPaymentEntry/ZIP'

2024-08-28 23:13:33 - [MESSAGE][PASSED] - Text '22201' is set on object 'Object Repository/IWP30/Page_CCPaymentEntry/ZIP'

2024-08-28 23:13:33 - [TEST_STEP][PASSED] - if (verifyElementPresent(findTestObject("Object Repository/IWP30/Page_CCPaymentEntry/EmailAddress"), 30)): null

2024-08-28 23:13:34 - [MESSAGE][PASSED] - Object 'Object Repository/IWP30/Page_CCPaymentEntry/EmailAddress' is present

2024-08-28 23:13:34 - [TEST_STEP][PASSED] - setText(findTestObject("Object Repository/IWP30/Page_CCPaymentEntry/EmailAddress"), "Myemail@email.com"): Text 'Myemail@email.com' is set on object 'Object Repository/IWP30/Page_CCPaymentEntry/EmailAddress'

2024-08-28 23:13:35 - [MESSAGE][PASSED] - Text 'Myemail@email.com' is set on object 'Object Repository/IWP30/Page_CCPaymentEntry/EmailAddress'

2024-08-28 23:13:35 - [TEST_STEP][PASSED] - if (verifyElementPresent(findTestObject("Object Repository/IWP30/Page_CCPaymentEntry/TermCondCheckBox"), 30)): null

2024-08-28 23:13:35 - [MESSAGE][PASSED] - Object 'Object Repository/IWP30/Page_CCPaymentEntry/TermCondCheckBox' is present

2024-08-28 23:13:35 - [TEST_STEP][PASSED] - check(findTestObject("Object Repository/IWP30/Page_CCPaymentEntry/TermCondCheckBox")): Object 'Object Repository/IWP30/Page_CCPaymentEntry/TermCondCheckBox' is checked

2024-08-28 23:13:35 - [MESSAGE][PASSED] - Object 'Object Repository/IWP30/Page_CCPaymentEntry/TermCondCheckBox' is checked

2024-08-28 23:13:35 - [TEST_STEP][PASSED] - if (verifyElementPresent(findTestObject("Object Repository/IWP30/Page_CCPaymentEntry/ContinueButton"), 30)): null

2024-08-28 23:13:36 - [MESSAGE][PASSED] - Object 'Object Repository/IWP30/Page_CCPaymentEntry/ContinueButton' is present

2024-08-28 23:13:36 - [TEST_STEP][PASSED] - click(findTestObject("Object Repository/IWP30/Page_CCPaymentEntry/ContinueButton")): Object: 'Object Repository/IWP30/Page_CCPaymentEntry/ContinueButton' is clicked on

2024-08-28 23:13:37 - [MESSAGE][PASSED] - Object: 'Object Repository/IWP30/Page_CCPaymentEntry/ContinueButton' is clicked on

2024-08-28 23:13:37 - [TEST_STEP][FAILED] - verifyTextPresent("This card type is not accepted, please enter a different credit or debit card number. Only American Express , Discover , MasterCard , Visa Debit and Visa card(s) is(are) accepted", false): Text 'This card type is not accepted, please enter a different credit or debit card number. Only American Express , Discover , MasterCard , Visa Debit and Visa card(s) is(are) accepted' is not present on page  (Root cause: com.kms.katalon.core.exception.StepFailedException: Text 'This card type is not accepted, please enter a different credit or debit card number. Only American Express , Discover , MasterCard , Visa Debit and Visa card(s) is(are) accepted' is not present on page 
	at com.kms.katalon.core.webui.keyword.internal.WebUIKeywordMain.stepFailed(WebUIKeywordMain.groovy:64)
	at com.kms.katalon.core.webui.keyword.builtin.VerifyTextPresentKeyword$_verifyTextPresent_closure1.doCall(VerifyTextPresentKeyword.groovy:79)
	at com.kms.katalon.core.webui.keyword.builtin.VerifyTextPresentKeyword$_verifyTextPresent_closure1.call(VerifyTextPresentKeyword.groovy)
	at com.kms.katalon.core.webui.keyword.internal.WebUIKeywordMain.runKeyword(WebUIKeywordMain.groovy:20)
	at com.kms.katalon.core.webui.keyword.builtin.VerifyTextPresentKeyword.verifyTextPresent(VerifyTextPresentKeyword.groovy:83)
	at com.kms.katalon.core.webui.keyword.builtin.VerifyTextPresentKeyword.execute(VerifyTextPresentKeyword.groovy:68)
	at com.kms.katalon.core.keyword.internal.KeywordExecutor.executeKeywordForPlatform(KeywordExecutor.groovy:74)
	at com.kms.katalon.core.webui.keyword.WebUiBuiltInKeywords.verifyTextPresent(WebUiBuiltInKeywords.groovy:1723)
	at com.kms.katalon.core.webui.keyword.WebUiBuiltInKeywords$verifyTextPresent$8.call(Unknown Source)
	at CardNotAcceptedErrorCC.run(CardNotAcceptedErrorCC:260)
	at com.kms.katalon.core.main.ScriptEngine.run(ScriptEngine.java:194)
	at com.kms.katalon.core.main.ScriptEngine.runScriptAsRawText(ScriptEngine.java:119)
	at com.kms.katalon.core.main.TestCaseExecutor.runScript(TestCaseExecutor.java:448)
	at com.kms.katalon.core.main.TestCaseExecutor.doExecute(TestCaseExecutor.java:439)
	at com.kms.katalon.core.main.TestCaseExecutor.processExecutionPhase(TestCaseExecutor.java:418)
	at com.kms.katalon.core.main.TestCaseExecutor.accessMainPhase(TestCaseExecutor.java:410)
	at com.kms.katalon.core.main.TestCaseExecutor.execute(TestCaseExecutor.java:285)
	at com.kms.katalon.core.common.CommonExecutor.accessTestCaseMainPhase(CommonExecutor.java:65)
	at com.kms.katalon.core.main.TestSuiteExecutor.accessTestSuiteMainPhase(TestSuiteExecutor.java:148)
	at com.kms.katalon.core.main.TestSuiteExecutor.execute(TestSuiteExecutor.java:106)
	at com.kms.katalon.core.main.TestCaseMain.startTestSuite(TestCaseMain.java:187)
	at com.kms.katalon.core.main.TestCaseMain$startTestSuite$0.call(Unknown Source)
	at TempTestSuite1724897904035.run(TempTestSuite1724897904035.groovy:35)
)

2024-08-28 23:13:37 - [MESSAGE][FAILED] - Text 'This card type is not accepted, please enter a different credit or debit card number. Only American Express , Discover , MasterCard , Visa Debit and Visa card(s) is(are) accepted' is not present on page  (Root cause: com.kms.katalon.core.exception.StepFailedException: Text 'This card type is not accepted, please enter a different credit or debit card number. Only American Express , Discover , MasterCard , Visa Debit and Visa card(s) is(are) accepted' is not present on page 
	at com.kms.katalon.core.webui.keyword.internal.WebUIKeywordMain.stepFailed(WebUIKeywordMain.groovy:64)
	at com.kms.katalon.core.webui.keyword.builtin.VerifyTextPresentKeyword$_verifyTextPresent_closure1.doCall(VerifyTextPresentKeyword.groovy:79)
	at com.kms.katalon.core.webui.keyword.builtin.VerifyTextPresentKeyword$_verifyTextPresent_closure1.call(VerifyTextPresentKeyword.groovy)
	at com.kms.katalon.core.webui.keyword.internal.WebUIKeywordMain.runKeyword(WebUIKeywordMain.groovy:20)
	at com.kms.katalon.core.webui.keyword.builtin.VerifyTextPresentKeyword.verifyTextPresent(VerifyTextPresentKeyword.groovy:83)
	at com.kms.katalon.core.webui.keyword.builtin.VerifyTextPresentKeyword.execute(VerifyTextPresentKeyword.groovy:68)
	at com.kms.katalon.core.keyword.internal.KeywordExecutor.executeKeywordForPlatform(KeywordExecutor.groovy:74)
	at com.kms.katalon.core.webui.keyword.WebUiBuiltInKeywords.verifyTextPresent(WebUiBuiltInKeywords.groovy:1723)
	at com.kms.katalon.core.webui.keyword.WebUiBuiltInKeywords$verifyTextPresent$8.call(Unknown Source)
	at CardNotAcceptedErrorCC.run(CardNotAcceptedErrorCC:260)
	at com.kms.katalon.core.main.ScriptEngine.run(ScriptEngine.java:194)
	at com.kms.katalon.core.main.ScriptEngine.runScriptAsRawText(ScriptEngine.java:119)
	at com.kms.katalon.core.main.TestCaseExecutor.runScript(TestCaseExecutor.java:448)
	at com.kms.katalon.core.main.TestCaseExecutor.doExecute(TestCaseExecutor.java:439)
	at com.kms.katalon.core.main.TestCaseExecutor.processExecutionPhase(TestCaseExecutor.java:418)
	at com.kms.katalon.core.main.TestCaseExecutor.accessMainPhase(TestCaseExecutor.java:410)
	at com.kms.katalon.core.main.TestCaseExecutor.execute(TestCaseExecutor.java:285)
	at com.kms.katalon.core.common.CommonExecutor.accessTestCaseMainPhase(CommonExecutor.java:65)
	at com.kms.katalon.core.main.TestSuiteExecutor.accessTestSuiteMainPhase(TestSuiteExecutor.java:148)
	at com.kms.katalon.core.main.TestSuiteExecutor.execute(TestSuiteExecutor.java:106)
	at com.kms.katalon.core.main.TestCaseMain.startTestSuite(TestCaseMain.java:187)
	at com.kms.katalon.core.main.TestCaseMain$startTestSuite$0.call(Unknown Source)
	at TempTestSuite1724897904035.run(TempTestSuite1724897904035.groovy:35)
)

2024-08-28 23:13:37 - [TEST_STEP][PASSED] - closeBrowser(): Browser is closed

2024-08-28 23:13:39 - [MESSAGE][PASSED] - Browser is closed]]></system-out>
         <system-err><![CDATA[2024-08-28 23:12:42 - [TEST_CASE][FAILED] - Test Cases/IntegratedWeb/IWP30/Errors/CardNotAcceptedErrorCC: Test Cases/IntegratedWeb/IWP30/Errors/CardNotAcceptedErrorCC FAILED.
Reason:
com.kms.katalon.core.exception.StepFailedException: Text 'This card type is not accepted, please enter a different credit or debit card number. Only American Express , Discover , MasterCard , Visa Debit and Visa card(s) is(are) accepted' is not present on page  (Root cause: com.kms.katalon.core.exception.StepFailedException: Text 'This card type is not accepted, please enter a different credit or debit card number. Only American Express , Discover , MasterCard , Visa Debit and Visa card(s) is(are) accepted' is not present on page 
	at com.kms.katalon.core.webui.keyword.internal.WebUIKeywordMain.stepFailed(WebUIKeywordMain.groovy:64)
	at com.kms.katalon.core.webui.keyword.builtin.VerifyTextPresentKeyword$_verifyTextPresent_closure1.doCall(VerifyTextPresentKeyword.groovy:79)
	at com.kms.katalon.core.webui.keyword.builtin.VerifyTextPresentKeyword$_verifyTextPresent_closure1.call(VerifyTextPresentKeyword.groovy)
	at com.kms.katalon.core.webui.keyword.internal.WebUIKeywordMain.runKeyword(WebUIKeywordMain.groovy:20)
	at com.kms.katalon.core.webui.keyword.builtin.VerifyTextPresentKeyword.verifyTextPresent(VerifyTextPresentKeyword.groovy:83)
	at com.kms.katalon.core.webui.keyword.builtin.VerifyTextPresentKeyword.execute(VerifyTextPresentKeyword.groovy:68)
	at com.kms.katalon.core.keyword.internal.KeywordExecutor.executeKeywordForPlatform(KeywordExecutor.groovy:74)
	at com.kms.katalon.core.webui.keyword.WebUiBuiltInKeywords.verifyTextPresent(WebUiBuiltInKeywords.groovy:1723)
	at com.kms.katalon.core.webui.keyword.WebUiBuiltInKeywords$verifyTextPresent$8.call(Unknown Source)
	at CardNotAcceptedErrorCC.run(CardNotAcceptedErrorCC:260)
	at com.kms.katalon.core.main.ScriptEngine.run(ScriptEngine.java:194)
	at com.kms.katalon.core.main.ScriptEngine.runScriptAsRawText(ScriptEngine.java:119)
	at com.kms.katalon.core.main.TestCaseExecutor.runScript(TestCaseExecutor.java:448)
	at com.kms.katalon.core.main.TestCaseExecutor.doExecute(TestCaseExecutor.java:439)
	at com.kms.katalon.core.main.TestCaseExecutor.processExecutionPhase(TestCaseExecutor.java:418)
	at com.kms.katalon.core.main.TestCaseExecutor.accessMainPhase(TestCaseExecutor.java:410)
	at com.kms.katalon.core.main.TestCaseExecutor.execute(TestCaseExecutor.java:285)
	at com.kms.katalon.core.common.CommonExecutor.accessTestCaseMainPhase(CommonExecutor.java:65)
	at com.kms.katalon.core.main.TestSuiteExecutor.accessTestSuiteMainPhase(TestSuiteExecutor.java:148)
	at com.kms.katalon.core.main.TestSuiteExecutor.execute(TestSuiteExecutor.java:106)
	at com.kms.katalon.core.main.TestCaseMain.startTestSuite(TestCaseMain.java:187)
	at com.kms.katalon.core.main.TestCaseMain$startTestSuite$0.call(Unknown Source)
	at TempTestSuite1724897904035.run(TempTestSuite1724897904035.groovy:35)
)
	at com.kms.katalon.core.keyword.internal.KeywordMain.stepFailed(KeywordMain.groovy:39)
	at com.kms.katalon.core.webui.keyword.internal.WebUIKeywordMain.stepFailed(WebUIKeywordMain.groovy:64)
	at com.kms.katalon.core.webui.keyword.builtin.VerifyTextPresentKeyword$_verifyTextPresent_closure1.doCall(VerifyTextPresentKeyword.groovy:79)
	at com.kms.katalon.core.webui.keyword.builtin.VerifyTextPresentKeyword$_verifyTextPresent_closure1.call(VerifyTextPresentKeyword.groovy)
	at com.kms.katalon.core.webui.keyword.internal.WebUIKeywordMain.runKeyword(WebUIKeywordMain.groovy:20)
	at com.kms.katalon.core.webui.keyword.builtin.VerifyTextPresentKeyword.verifyTextPresent(VerifyTextPresentKeyword.groovy:83)
	at com.kms.katalon.core.webui.keyword.builtin.VerifyTextPresentKeyword.execute(VerifyTextPresentKeyword.groovy:68)
	at com.kms.katalon.core.keyword.internal.KeywordExecutor.executeKeywordForPlatform(KeywordExecutor.groovy:74)
	at com.kms.katalon.core.webui.keyword.WebUiBuiltInKeywords.verifyTextPresent(WebUiBuiltInKeywords.groovy:1723)
	at com.kms.katalon.core.webui.keyword.WebUiBuiltInKeywords$verifyTextPresent$8.call(Unknown Source)
	at CardNotAcceptedErrorCC.run(CardNotAcceptedErrorCC:260)
	at com.kms.katalon.core.main.ScriptEngine.run(ScriptEngine.java:194)
	at com.kms.katalon.core.main.ScriptEngine.runScriptAsRawText(ScriptEngine.java:119)
	at com.kms.katalon.core.main.TestCaseExecutor.runScript(TestCaseExecutor.java:448)
	at com.kms.katalon.core.main.TestCaseExecutor.doExecute(TestCaseExecutor.java:439)
	at com.kms.katalon.core.main.TestCaseExecutor.processExecutionPhase(TestCaseExecutor.java:418)
	at com.kms.katalon.core.main.TestCaseExecutor.accessMainPhase(TestCaseExecutor.java:410)
	at com.kms.katalon.core.main.TestCaseExecutor.execute(TestCaseExecutor.java:285)
	at com.kms.katalon.core.common.CommonExecutor.accessTestCaseMainPhase(CommonExecutor.java:65)
	at com.kms.katalon.core.main.TestSuiteExecutor.accessTestSuiteMainPhase(TestSuiteExecutor.java:148)
	at com.kms.katalon.core.main.TestSuiteExecutor.execute(TestSuiteExecutor.java:106)
	at com.kms.katalon.core.main.TestCaseMain.startTestSuite(TestCaseMain.java:187)
	at com.kms.katalon.core.main.TestCaseMain$startTestSuite$0.call(Unknown Source)
	at TempTestSuite1724897904035.run(TempTestSuite1724897904035.groovy:35)
Caused by: com.kms.katalon.core.exception.StepFailedException: Text 'This card type is not accepted, please enter a different credit or debit card number. Only American Express , Discover , MasterCard , Visa Debit and Visa card(s) is(are) accepted' is not present on page 
	... 23 more]]></system-err>
      </testcase>
      <testcase name="Test Cases/IntegratedWeb/IWP30/Errors/DuplicateTransactionCC" time="42.54" classname="Test Cases/IntegratedWeb/IWP30/Errors/DuplicateTransactionCC" status="FAILED">
         <failure type="FAILED" message="Test Cases/IntegratedWeb/IWP30/Errors/DuplicateTransactionCC FAILED.
Reason:
com.kms.katalon.core.exception.StepFailedException: Text 'ransaction cannot be processed [duplicate transaction]' is not present on page  (Root cause: com.kms.katalon.core.exception.StepFailedException: Text 'ransaction cannot be processed [duplicate transaction]' is not present on page 
	at com.kms.katalon.core.webui.keyword.internal.WebUIKeywordMain.stepFailed(WebUIKeywordMain.groovy:64)
	at com.kms.katalon.core.webui.keyword.builtin.VerifyTextPresentKeyword$_verifyTextPresent_closure1.doCall(VerifyTextPresentKeyword.groovy:79)
	at com.kms.katalon.core.webui.keyword.builtin.VerifyTextPresentKeyword$_verifyTextPresent_closure1.call(VerifyTextPresentKeyword.groovy)
	at com.kms.katalon.core.webui.keyword.internal.WebUIKeywordMain.runKeyword(WebUIKeywordMain.groovy:20)
	at com.kms.katalon.core.webui.keyword.builtin.VerifyTextPresentKeyword.verifyTextPresent(VerifyTextPresentKeyword.groovy:83)
	at com.kms.katalon.core.webui.keyword.builtin.VerifyTextPresentKeyword.execute(VerifyTextPresentKeyword.groovy:68)
	at com.kms.katalon.core.keyword.internal.KeywordExecutor.executeKeywordForPlatform(KeywordExecutor.groovy:74)
	at com.kms.katalon.core.webui.keyword.WebUiBuiltInKeywords.verifyTextPresent(WebUiBuiltInKeywords.groovy:1723)
	at com.kms.katalon.core.webui.keyword.WebUiBuiltInKeywords$verifyTextPresent$8.call(Unknown Source)
	at DuplicateTransactionCC.run(DuplicateTransactionCC:63)
	at com.kms.katalon.core.main.ScriptEngine.run(ScriptEngine.java:194)
	at com.kms.katalon.core.main.ScriptEngine.runScriptAsRawText(ScriptEngine.java:119)
	at com.kms.katalon.core.main.TestCaseExecutor.runScript(TestCaseExecutor.java:448)
	at com.kms.katalon.core.main.TestCaseExecutor.doExecute(TestCaseExecutor.java:439)
	at com.kms.katalon.core.main.TestCaseExecutor.processExecutionPhase(TestCaseExecutor.java:418)
	at com.kms.katalon.core.main.TestCaseExecutor.accessMainPhase(TestCaseExecutor.java:410)
	at com.kms.katalon.core.main.TestCaseExecutor.execute(TestCaseExecutor.java:285)
	at com.kms.katalon.core.common.CommonExecutor.accessTestCaseMainPhase(CommonExecutor.java:65)
	at com.kms.katalon.core.main.TestSuiteExecutor.accessTestSuiteMainPhase(TestSuiteExecutor.java:148)
	at com.kms.katalon.core.main.TestSuiteExecutor.execute(TestSuiteExecutor.java:106)
	at com.kms.katalon.core.main.TestCaseMain.startTestSuite(TestCaseMain.java:187)
	at com.kms.katalon.core.main.TestCaseMain$startTestSuite$0.call(Unknown Source)
	at TempTestSuite1724897904035.run(TempTestSuite1724897904035.groovy:35)
)
	at com.kms.katalon.core.keyword.internal.KeywordMain.stepFailed(KeywordMain.groovy:39)
	at com.kms.katalon.core.webui.keyword.internal.WebUIKeywordMain.stepFailed(WebUIKeywordMain.groovy:64)
	at com.kms.katalon.core.webui.keyword.builtin.VerifyTextPresentKeyword$_verifyTextPresent_closure1.doCall(VerifyTextPresentKeyword.groovy:79)
	at com.kms.katalon.core.webui.keyword.builtin.VerifyTextPresentKeyword$_verifyTextPresent_closure1.call(VerifyTextPresentKeyword.groovy)
	at com.kms.katalon.core.webui.keyword.internal.WebUIKeywordMain.runKeyword(WebUIKeywordMain.groovy:20)
	at com.kms.katalon.core.webui.keyword.builtin.VerifyTextPresentKeyword.verifyTextPresent(VerifyTextPresentKeyword.groovy:83)
	at com.kms.katalon.core.webui.keyword.builtin.VerifyTextPresentKeyword.execute(VerifyTextPresentKeyword.groovy:68)
	at com.kms.katalon.core.keyword.internal.KeywordExecutor.executeKeywordForPlatform(KeywordExecutor.groovy:74)
	at com.kms.katalon.core.webui.keyword.WebUiBuiltInKeywords.verifyTextPresent(WebUiBuiltInKeywords.groovy:1723)
	at com.kms.katalon.core.webui.keyword.WebUiBuiltInKeywords$verifyTextPresent$8.call(Unknown Source)
	at DuplicateTransactionCC.run(DuplicateTransactionCC:63)
	at com.kms.katalon.core.main.ScriptEngine.run(ScriptEngine.java:194)
	at com.kms.katalon.core.main.ScriptEngine.runScriptAsRawText(ScriptEngine.java:119)
	at com.kms.katalon.core.main.TestCaseExecutor.runScript(TestCaseExecutor.java:448)
	at com.kms.katalon.core.main.TestCaseExecutor.doExecute(TestCaseExecutor.java:439)
	at com.kms.katalon.core.main.TestCaseExecutor.processExecutionPhase(TestCaseExecutor.java:418)
	at com.kms.katalon.core.main.TestCaseExecutor.accessMainPhase(TestCaseExecutor.java:410)
	at com.kms.katalon.core.main.TestCaseExecutor.execute(TestCaseExecutor.java:285)
	at com.kms.katalon.core.common.CommonExecutor.accessTestCaseMainPhase(CommonExecutor.java:65)
	at com.kms.katalon.core.main.TestSuiteExecutor.accessTestSuiteMainPhase(TestSuiteExecutor.java:148)
	at com.kms.katalon.core.main.TestSuiteExecutor.execute(TestSuiteExecutor.java:106)
	at com.kms.katalon.core.main.TestCaseMain.startTestSuite(TestCaseMain.java:187)
	at com.kms.katalon.core.main.TestCaseMain$startTestSuite$0.call(Unknown Source)
	at TempTestSuite1724897904035.run(TempTestSuite1724897904035.groovy:35)
Caused by: com.kms.katalon.core.exception.StepFailedException: Text 'ransaction cannot be processed [duplicate transaction]' is not present on page 
	... 23 more
"/>
         <system-out><![CDATA[2024-08-28 23:13:39 - [TEST_CASE][FAILED] - Test Cases/IntegratedWeb/IWP30/Errors/DuplicateTransactionCC: Test Cases/IntegratedWeb/IWP30/Errors/DuplicateTransactionCC FAILED.
Reason:
com.kms.katalon.core.exception.StepFailedException: Text 'ransaction cannot be processed [duplicate transaction]' is not present on page  (Root cause: com.kms.katalon.core.exception.StepFailedException: Text 'ransaction cannot be processed [duplicate transaction]' is not present on page 
	at com.kms.katalon.core.webui.keyword.internal.WebUIKeywordMain.stepFailed(WebUIKeywordMain.groovy:64)
	at com.kms.katalon.core.webui.keyword.builtin.VerifyTextPresentKeyword$_verifyTextPresent_closure1.doCall(VerifyTextPresentKeyword.groovy:79)
	at com.kms.katalon.core.webui.keyword.builtin.VerifyTextPresentKeyword$_verifyTextPresent_closure1.call(VerifyTextPresentKeyword.groovy)
	at com.kms.katalon.core.webui.keyword.internal.WebUIKeywordMain.runKeyword(WebUIKeywordMain.groovy:20)
	at com.kms.katalon.core.webui.keyword.builtin.VerifyTextPresentKeyword.verifyTextPresent(VerifyTextPresentKeyword.groovy:83)
	at com.kms.katalon.core.webui.keyword.builtin.VerifyTextPresentKeyword.execute(VerifyTextPresentKeyword.groovy:68)
	at com.kms.katalon.core.keyword.internal.KeywordExecutor.executeKeywordForPlatform(KeywordExecutor.groovy:74)
	at com.kms.katalon.core.webui.keyword.WebUiBuiltInKeywords.verifyTextPresent(WebUiBuiltInKeywords.groovy:1723)
	at com.kms.katalon.core.webui.keyword.WebUiBuiltInKeywords$verifyTextPresent$8.call(Unknown Source)
	at DuplicateTransactionCC.run(DuplicateTransactionCC:63)
	at com.kms.katalon.core.main.ScriptEngine.run(ScriptEngine.java:194)
	at com.kms.katalon.core.main.ScriptEngine.runScriptAsRawText(ScriptEngine.java:119)
	at com.kms.katalon.core.main.TestCaseExecutor.runScript(TestCaseExecutor.java:448)
	at com.kms.katalon.core.main.TestCaseExecutor.doExecute(TestCaseExecutor.java:439)
	at com.kms.katalon.core.main.TestCaseExecutor.processExecutionPhase(TestCaseExecutor.java:418)
	at com.kms.katalon.core.main.TestCaseExecutor.accessMainPhase(TestCaseExecutor.java:410)
	at com.kms.katalon.core.main.TestCaseExecutor.execute(TestCaseExecutor.java:285)
	at com.kms.katalon.core.common.CommonExecutor.accessTestCaseMainPhase(CommonExecutor.java:65)
	at com.kms.katalon.core.main.TestSuiteExecutor.accessTestSuiteMainPhase(TestSuiteExecutor.java:148)
	at com.kms.katalon.core.main.TestSuiteExecutor.execute(TestSuiteExecutor.java:106)
	at com.kms.katalon.core.main.TestCaseMain.startTestSuite(TestCaseMain.java:187)
	at com.kms.katalon.core.main.TestCaseMain$startTestSuite$0.call(Unknown Source)
	at TempTestSuite1724897904035.run(TempTestSuite1724897904035.groovy:35)
)
	at com.kms.katalon.core.keyword.internal.KeywordMain.stepFailed(KeywordMain.groovy:39)
	at com.kms.katalon.core.webui.keyword.internal.WebUIKeywordMain.stepFailed(WebUIKeywordMain.groovy:64)
	at com.kms.katalon.core.webui.keyword.builtin.VerifyTextPresentKeyword$_verifyTextPresent_closure1.doCall(VerifyTextPresentKeyword.groovy:79)
	at com.kms.katalon.core.webui.keyword.builtin.VerifyTextPresentKeyword$_verifyTextPresent_closure1.call(VerifyTextPresentKeyword.groovy)
	at com.kms.katalon.core.webui.keyword.internal.WebUIKeywordMain.runKeyword(WebUIKeywordMain.groovy:20)
	at com.kms.katalon.core.webui.keyword.builtin.VerifyTextPresentKeyword.verifyTextPresent(VerifyTextPresentKeyword.groovy:83)
	at com.kms.katalon.core.webui.keyword.builtin.VerifyTextPresentKeyword.execute(VerifyTextPresentKeyword.groovy:68)
	at com.kms.katalon.core.keyword.internal.KeywordExecutor.executeKeywordForPlatform(KeywordExecutor.groovy:74)
	at com.kms.katalon.core.webui.keyword.WebUiBuiltInKeywords.verifyTextPresent(WebUiBuiltInKeywords.groovy:1723)
	at com.kms.katalon.core.webui.keyword.WebUiBuiltInKeywords$verifyTextPresent$8.call(Unknown Source)
	at DuplicateTransactionCC.run(DuplicateTransactionCC:63)
	at com.kms.katalon.core.main.ScriptEngine.run(ScriptEngine.java:194)
	at com.kms.katalon.core.main.ScriptEngine.runScriptAsRawText(ScriptEngine.java:119)
	at com.kms.katalon.core.main.TestCaseExecutor.runScript(TestCaseExecutor.java:448)
	at com.kms.katalon.core.main.TestCaseExecutor.doExecute(TestCaseExecutor.java:439)
	at com.kms.katalon.core.main.TestCaseExecutor.processExecutionPhase(TestCaseExecutor.java:418)
	at com.kms.katalon.core.main.TestCaseExecutor.accessMainPhase(TestCaseExecutor.java:410)
	at com.kms.katalon.core.main.TestCaseExecutor.execute(TestCaseExecutor.java:285)
	at com.kms.katalon.core.common.CommonExecutor.accessTestCaseMainPhase(CommonExecutor.java:65)
	at com.kms.katalon.core.main.TestSuiteExecutor.accessTestSuiteMainPhase(TestSuiteExecutor.java:148)
	at com.kms.katalon.core.main.TestSuiteExecutor.execute(TestSuiteExecutor.java:106)
	at com.kms.katalon.core.main.TestCaseMain.startTestSuite(TestCaseMain.java:187)
	at com.kms.katalon.core.main.TestCaseMain$startTestSuite$0.call(Unknown Source)
	at TempTestSuite1724897904035.run(TempTestSuite1724897904035.groovy:35)
Caused by: com.kms.katalon.core.exception.StepFailedException: Text 'ransaction cannot be processed [duplicate transaction]' is not present on page 
	... 23 more


2024-08-28 23:13:39 - [TEST_STEP][PASSED] - openBrowser(urlEmulator): Browser is opened with url: 'https://qa2.velocitypayment.com/agency/config.do?action=editor'

2024-08-28 23:13:39 - [MESSAGE][INFO] - Starting 'Chrome' driver

2024-08-28 23:13:39 - [MESSAGE][INFO] - User set preference: ['acceptInsecureCerts', 'true']

2024-08-28 23:13:39 - [MESSAGE][INFO] - Action delay is set to 0 milliseconds

2024-08-28 23:13:41 - [MESSAGE][PASSED] - Browser is opened with url: 'https://qa2.velocitypayment.com/agency/config.do?action=editor'

2024-08-28 23:13:41 - [TEST_STEP][PASSED] - maximizeWindow(): Current window maximized

2024-08-28 23:13:41 - [MESSAGE][PASSED] - Current window maximized

2024-08-28 23:13:41 - [TEST_STEP][PASSED] - iwpPages.emulatorIWP30.setDataEmulatorStandard(): iwpPages.emulatorIWP30.setDataEmulatorStandard is PASSED

2024-08-28 23:13:41 - [MESSAGE][PASSED] - Object 'Object Repository/IWP30/Page_VRelay30Emulator/Amount' is present

2024-08-28 23:13:42 - [MESSAGE][PASSED] - All options with value '3.0' are selected in object 'Object Repository/IWP30/Page_VRelay30Emulator/MV'  using regular expression

2024-08-28 23:13:43 - [MESSAGE][PASSED] - Text '10.50' is set on object 'Object Repository/IWP30/Page_VRelay30Emulator/Amount'

2024-08-28 23:13:44 - [MESSAGE][PASSED] - Text '54654701' is set on object 'Object Repository/IWP30/Page_VRelay30Emulator/CAN'

2024-08-28 23:13:45 - [MESSAGE][PASSED] - Text 'PayNow' is set on object 'Object Repository/IWP30/Page_VRelay30Emulator/Action'

2024-08-28 23:13:45 - [MESSAGE][PASSED] - Text 'en_US' is set on object 'Object Repository/IWP30/Page_VRelay30Emulator/Lang'

2024-08-28 23:13:46 - [MESSAGE][PASSED] - Text '' is set on object 'Object Repository/IWP30/Page_VRelay30Emulator/Fname'

2024-08-28 23:13:47 - [MESSAGE][PASSED] - Text '' is set on object 'Object Repository/IWP30/Page_VRelay30Emulator/Lname'

2024-08-28 23:13:47 - [MESSAGE][PASSED] - Text '' is set on object 'Object Repository/IWP30/Page_VRelay30Emulator/AL1'

2024-08-28 23:13:48 - [MESSAGE][PASSED] - Text '' is set on object 'Object Repository/IWP30/Page_VRelay30Emulator/AL2'

2024-08-28 23:13:48 - [MESSAGE][PASSED] - Text '' is set on object 'Object Repository/IWP30/Page_VRelay30Emulator/Country'

2024-08-28 23:13:49 - [MESSAGE][PASSED] - Text '' is set on object 'Object Repository/IWP30/Page_VRelay30Emulator/City'

2024-08-28 23:13:50 - [MESSAGE][PASSED] - Text '' is set on object 'Object Repository/IWP30/Page_VRelay30Emulator/State'

2024-08-28 23:13:50 - [MESSAGE][PASSED] - Text '' is set on object 'Object Repository/IWP30/Page_VRelay30Emulator/ZIP'

2024-08-28 23:13:51 - [MESSAGE][PASSED] - Text '' is set on object 'Object Repository/IWP30/Page_VRelay30Emulator/Order'

2024-08-28 23:13:52 - [MESSAGE][PASSED] - Text '' is set on object 'Object Repository/IWP30/Page_VRelay30Emulator/Company'

2024-08-28 23:13:53 - [MESSAGE][PASSED] - Text '' is set on object 'Object Repository/IWP30/Page_VRelay30Emulator/Email'

2024-08-28 23:13:53 - [MESSAGE][PASSED] - Text '' is set on object 'Object Repository/IWP30/Page_VRelay30Emulator/UDF1'

2024-08-28 23:13:54 - [MESSAGE][PASSED] - Text '' is set on object 'Object Repository/IWP30/Page_VRelay30Emulator/UDF2'

2024-08-28 23:13:54 - [MESSAGE][PASSED] - Text 'data 3' is set on object 'Object Repository/IWP30/Page_VRelay30Emulator/UDF3'

2024-08-28 23:13:55 - [MESSAGE][PASSED] - Text 'data 4' is set on object 'Object Repository/IWP30/Page_VRelay30Emulator/UDF4'

2024-08-28 23:13:56 - [MESSAGE][PASSED] - Text 'data 5' is set on object 'Object Repository/IWP30/Page_VRelay30Emulator/UDF5'

2024-08-28 23:13:57 - [MESSAGE][PASSED] - Text 'data 6' is set on object 'Object Repository/IWP30/Page_VRelay30Emulator/UDF6'

2024-08-28 23:13:57 - [MESSAGE][PASSED] - Text 'Orange' is set on object 'Object Repository/IWP30/Page_VRelay30Emulator/UDF7'

2024-08-28 23:13:58 - [MESSAGE][PASSED] - Text 'Soccer' is set on object 'Object Repository/IWP30/Page_VRelay30Emulator/UDF8'

2024-08-28 23:13:59 - [MESSAGE][PASSED] - Text 'data 9' is set on object 'Object Repository/IWP30/Page_VRelay30Emulator/UDF9'

2024-08-28 23:13:59 - [MESSAGE][PASSED] - Text 'data 10' is set on object 'Object Repository/IWP30/Page_VRelay30Emulator/UDF10'

2024-08-28 23:14:02 - [MESSAGE][PASSED] - Object: 'Object Repository/IWP30/Page_VRelay30Emulator/Submit' is clicked on

2024-08-28 23:14:08 - [MESSAGE][PASSED] - Browser is closed

2024-08-28 23:14:08 - [MESSAGE][PASSED] - iwpPages.emulatorIWP30.setDataEmulatorStandard is PASSED

2024-08-28 23:14:08 - [TEST_STEP][PASSED] - openBrowser(urlTestHarness): Browser is opened with url: 'https://dev-algorithm.govolution.com/vrelaytest/QA2/version_2_2/vrelaytest.html'

2024-08-28 23:14:08 - [MESSAGE][INFO] - Starting 'Chrome' driver

2024-08-28 23:14:08 - [MESSAGE][INFO] - User set preference: ['acceptInsecureCerts', 'true']

2024-08-28 23:14:08 - [MESSAGE][INFO] - Action delay is set to 0 milliseconds

2024-08-28 23:14:10 - [MESSAGE][PASSED] - Browser is opened with url: 'https://dev-algorithm.govolution.com/vrelaytest/QA2/version_2_2/vrelaytest.html'

2024-08-28 23:14:10 - [TEST_STEP][PASSED] - maximizeWindow(): Current window maximized

2024-08-28 23:14:10 - [MESSAGE][PASSED] - Current window maximized

2024-08-28 23:14:10 - [TEST_STEP][PASSED] - if (verifyElementPresent(findTestObject("Object Repository/IWP30/Page_QATestHarness/RemittanceID"), 30)): null

2024-08-28 23:14:10 - [MESSAGE][PASSED] - Object 'Object Repository/IWP30/Page_QATestHarness/RemittanceID' is present

2024-08-28 23:14:10 - [TEST_STEP][PASSED] - println("We are on Test Harness page, start populating"): null

2024-08-28 23:14:10 - [TEST_STEP][PASSED] - setText(findTestObject("Object Repository/IWP30/Page_QATestHarness/ApplicationID"), "649"): Text '649' is set on object 'Object Repository/IWP30/Page_QATestHarness/ApplicationID'

2024-08-28 23:14:11 - [MESSAGE][PASSED] - Text '649' is set on object 'Object Repository/IWP30/Page_QATestHarness/ApplicationID'

2024-08-28 23:14:11 - [TEST_STEP][PASSED] - setText(findTestObject("Object Repository/IWP30/Page_QATestHarness/MessageVersion"), "3.0"): Text '3.0' is set on object 'Object Repository/IWP30/Page_QATestHarness/MessageVersion'

2024-08-28 23:14:12 - [MESSAGE][PASSED] - Text '3.0' is set on object 'Object Repository/IWP30/Page_QATestHarness/MessageVersion'

2024-08-28 23:14:12 - [TEST_STEP][PASSED] - setText(findTestObject("Object Repository/IWP30/Page_QATestHarness/RemittanceID"), "test05152024101"): Text 'test05152024101' is set on object 'Object Repository/IWP30/Page_QATestHarness/RemittanceID'

2024-08-28 23:14:12 - [MESSAGE][PASSED] - Text 'test05152024101' is set on object 'Object Repository/IWP30/Page_QATestHarness/RemittanceID'

2024-08-28 23:14:12 - [TEST_STEP][PASSED] - click(findTestObject("Object Repository/IWP30/Page_QATestHarness/SubmitButton")): Object: 'Object Repository/IWP30/Page_QATestHarness/SubmitButton' is clicked on

2024-08-28 23:14:13 - [MESSAGE][PASSED] - Object: 'Object Repository/IWP30/Page_QATestHarness/SubmitButton' is clicked on

2024-08-28 23:14:13 - [TEST_STEP][PASSED] - closeBrowser(): Browser is closed

2024-08-28 23:14:14 - [MESSAGE][PASSED] - Browser is closed

2024-08-28 23:14:14 - [TEST_STEP][PASSED] - openBrowser(urlTestHarness): Browser is opened with url: 'https://dev-algorithm.govolution.com/vrelaytest/QA2/version_2_2/vrelaytest.html'

2024-08-28 23:14:14 - [MESSAGE][INFO] - Starting 'Chrome' driver

2024-08-28 23:14:14 - [MESSAGE][INFO] - User set preference: ['acceptInsecureCerts', 'true']

2024-08-28 23:14:14 - [MESSAGE][INFO] - Action delay is set to 0 milliseconds

2024-08-28 23:14:16 - [MESSAGE][PASSED] - Browser is opened with url: 'https://dev-algorithm.govolution.com/vrelaytest/QA2/version_2_2/vrelaytest.html'

2024-08-28 23:14:16 - [TEST_STEP][PASSED] - maximizeWindow(): Current window maximized

2024-08-28 23:14:16 - [MESSAGE][PASSED] - Current window maximized

2024-08-28 23:14:16 - [TEST_STEP][PASSED] - setText(findTestObject("Object Repository/IWP30/Page_QATestHarness/ApplicationID"), "649"): Text '649' is set on object 'Object Repository/IWP30/Page_QATestHarness/ApplicationID'

2024-08-28 23:14:17 - [MESSAGE][PASSED] - Text '649' is set on object 'Object Repository/IWP30/Page_QATestHarness/ApplicationID'

2024-08-28 23:14:17 - [TEST_STEP][PASSED] - setText(findTestObject("Object Repository/IWP30/Page_QATestHarness/MessageVersion"), "3.0"): Text '3.0' is set on object 'Object Repository/IWP30/Page_QATestHarness/MessageVersion'

2024-08-28 23:14:18 - [MESSAGE][PASSED] - Text '3.0' is set on object 'Object Repository/IWP30/Page_QATestHarness/MessageVersion'

2024-08-28 23:14:18 - [TEST_STEP][PASSED] - setText(findTestObject("Object Repository/IWP30/Page_QATestHarness/RemittanceID"), "test05152024101"): Text 'test05152024101' is set on object 'Object Repository/IWP30/Page_QATestHarness/RemittanceID'

2024-08-28 23:14:18 - [MESSAGE][PASSED] - Text 'test05152024101' is set on object 'Object Repository/IWP30/Page_QATestHarness/RemittanceID'

2024-08-28 23:14:18 - [TEST_STEP][PASSED] - click(findTestObject("Object Repository/IWP30/Page_QATestHarness/SubmitButton")): Object: 'Object Repository/IWP30/Page_QATestHarness/SubmitButton' is clicked on

2024-08-28 23:14:19 - [MESSAGE][PASSED] - Object: 'Object Repository/IWP30/Page_QATestHarness/SubmitButton' is clicked on

2024-08-28 23:14:19 - [TEST_STEP][PASSED] - verifyTextPresent("The following error occurred", false): Text 'The following error occurred' is present on page 

2024-08-28 23:14:19 - [MESSAGE][PASSED] - Text 'The following error occurred' is present on page 

2024-08-28 23:14:19 - [TEST_STEP][FAILED] - verifyTextPresent("ransaction cannot be processed [duplicate transaction]", false): Text 'ransaction cannot be processed [duplicate transaction]' is not present on page  (Root cause: com.kms.katalon.core.exception.StepFailedException: Text 'ransaction cannot be processed [duplicate transaction]' is not present on page 
	at com.kms.katalon.core.webui.keyword.internal.WebUIKeywordMain.stepFailed(WebUIKeywordMain.groovy:64)
	at com.kms.katalon.core.webui.keyword.builtin.VerifyTextPresentKeyword$_verifyTextPresent_closure1.doCall(VerifyTextPresentKeyword.groovy:79)
	at com.kms.katalon.core.webui.keyword.builtin.VerifyTextPresentKeyword$_verifyTextPresent_closure1.call(VerifyTextPresentKeyword.groovy)
	at com.kms.katalon.core.webui.keyword.internal.WebUIKeywordMain.runKeyword(WebUIKeywordMain.groovy:20)
	at com.kms.katalon.core.webui.keyword.builtin.VerifyTextPresentKeyword.verifyTextPresent(VerifyTextPresentKeyword.groovy:83)
	at com.kms.katalon.core.webui.keyword.builtin.VerifyTextPresentKeyword.execute(VerifyTextPresentKeyword.groovy:68)
	at com.kms.katalon.core.keyword.internal.KeywordExecutor.executeKeywordForPlatform(KeywordExecutor.groovy:74)
	at com.kms.katalon.core.webui.keyword.WebUiBuiltInKeywords.verifyTextPresent(WebUiBuiltInKeywords.groovy:1723)
	at com.kms.katalon.core.webui.keyword.WebUiBuiltInKeywords$verifyTextPresent$8.call(Unknown Source)
	at DuplicateTransactionCC.run(DuplicateTransactionCC:63)
	at com.kms.katalon.core.main.ScriptEngine.run(ScriptEngine.java:194)
	at com.kms.katalon.core.main.ScriptEngine.runScriptAsRawText(ScriptEngine.java:119)
	at com.kms.katalon.core.main.TestCaseExecutor.runScript(TestCaseExecutor.java:448)
	at com.kms.katalon.core.main.TestCaseExecutor.doExecute(TestCaseExecutor.java:439)
	at com.kms.katalon.core.main.TestCaseExecutor.processExecutionPhase(TestCaseExecutor.java:418)
	at com.kms.katalon.core.main.TestCaseExecutor.accessMainPhase(TestCaseExecutor.java:410)
	at com.kms.katalon.core.main.TestCaseExecutor.execute(TestCaseExecutor.java:285)
	at com.kms.katalon.core.common.CommonExecutor.accessTestCaseMainPhase(CommonExecutor.java:65)
	at com.kms.katalon.core.main.TestSuiteExecutor.accessTestSuiteMainPhase(TestSuiteExecutor.java:148)
	at com.kms.katalon.core.main.TestSuiteExecutor.execute(TestSuiteExecutor.java:106)
	at com.kms.katalon.core.main.TestCaseMain.startTestSuite(TestCaseMain.java:187)
	at com.kms.katalon.core.main.TestCaseMain$startTestSuite$0.call(Unknown Source)
	at TempTestSuite1724897904035.run(TempTestSuite1724897904035.groovy:35)
)

2024-08-28 23:14:20 - [MESSAGE][FAILED] - Text 'ransaction cannot be processed [duplicate transaction]' is not present on page  (Root cause: com.kms.katalon.core.exception.StepFailedException: Text 'ransaction cannot be processed [duplicate transaction]' is not present on page 
	at com.kms.katalon.core.webui.keyword.internal.WebUIKeywordMain.stepFailed(WebUIKeywordMain.groovy:64)
	at com.kms.katalon.core.webui.keyword.builtin.VerifyTextPresentKeyword$_verifyTextPresent_closure1.doCall(VerifyTextPresentKeyword.groovy:79)
	at com.kms.katalon.core.webui.keyword.builtin.VerifyTextPresentKeyword$_verifyTextPresent_closure1.call(VerifyTextPresentKeyword.groovy)
	at com.kms.katalon.core.webui.keyword.internal.WebUIKeywordMain.runKeyword(WebUIKeywordMain.groovy:20)
	at com.kms.katalon.core.webui.keyword.builtin.VerifyTextPresentKeyword.verifyTextPresent(VerifyTextPresentKeyword.groovy:83)
	at com.kms.katalon.core.webui.keyword.builtin.VerifyTextPresentKeyword.execute(VerifyTextPresentKeyword.groovy:68)
	at com.kms.katalon.core.keyword.internal.KeywordExecutor.executeKeywordForPlatform(KeywordExecutor.groovy:74)
	at com.kms.katalon.core.webui.keyword.WebUiBuiltInKeywords.verifyTextPresent(WebUiBuiltInKeywords.groovy:1723)
	at com.kms.katalon.core.webui.keyword.WebUiBuiltInKeywords$verifyTextPresent$8.call(Unknown Source)
	at DuplicateTransactionCC.run(DuplicateTransactionCC:63)
	at com.kms.katalon.core.main.ScriptEngine.run(ScriptEngine.java:194)
	at com.kms.katalon.core.main.ScriptEngine.runScriptAsRawText(ScriptEngine.java:119)
	at com.kms.katalon.core.main.TestCaseExecutor.runScript(TestCaseExecutor.java:448)
	at com.kms.katalon.core.main.TestCaseExecutor.doExecute(TestCaseExecutor.java:439)
	at com.kms.katalon.core.main.TestCaseExecutor.processExecutionPhase(TestCaseExecutor.java:418)
	at com.kms.katalon.core.main.TestCaseExecutor.accessMainPhase(TestCaseExecutor.java:410)
	at com.kms.katalon.core.main.TestCaseExecutor.execute(TestCaseExecutor.java:285)
	at com.kms.katalon.core.common.CommonExecutor.accessTestCaseMainPhase(CommonExecutor.java:65)
	at com.kms.katalon.core.main.TestSuiteExecutor.accessTestSuiteMainPhase(TestSuiteExecutor.java:148)
	at com.kms.katalon.core.main.TestSuiteExecutor.execute(TestSuiteExecutor.java:106)
	at com.kms.katalon.core.main.TestCaseMain.startTestSuite(TestCaseMain.java:187)
	at com.kms.katalon.core.main.TestCaseMain$startTestSuite$0.call(Unknown Source)
	at TempTestSuite1724897904035.run(TempTestSuite1724897904035.groovy:35)
)

2024-08-28 23:14:20 - [TEST_STEP][PASSED] - verifyTextPresent("Please  click here to continue", false): Text 'Please  click here to continue' is present on page 

2024-08-28 23:14:20 - [MESSAGE][PASSED] - Text 'Please  click here to continue' is present on page 

2024-08-28 23:14:20 - [TEST_STEP][PASSED] - closeBrowser(): Browser is closed

2024-08-28 23:14:21 - [MESSAGE][PASSED] - Browser is closed]]></system-out>
         <system-err><![CDATA[2024-08-28 23:13:39 - [TEST_CASE][FAILED] - Test Cases/IntegratedWeb/IWP30/Errors/DuplicateTransactionCC: Test Cases/IntegratedWeb/IWP30/Errors/DuplicateTransactionCC FAILED.
Reason:
com.kms.katalon.core.exception.StepFailedException: Text 'ransaction cannot be processed [duplicate transaction]' is not present on page  (Root cause: com.kms.katalon.core.exception.StepFailedException: Text 'ransaction cannot be processed [duplicate transaction]' is not present on page 
	at com.kms.katalon.core.webui.keyword.internal.WebUIKeywordMain.stepFailed(WebUIKeywordMain.groovy:64)
	at com.kms.katalon.core.webui.keyword.builtin.VerifyTextPresentKeyword$_verifyTextPresent_closure1.doCall(VerifyTextPresentKeyword.groovy:79)
	at com.kms.katalon.core.webui.keyword.builtin.VerifyTextPresentKeyword$_verifyTextPresent_closure1.call(VerifyTextPresentKeyword.groovy)
	at com.kms.katalon.core.webui.keyword.internal.WebUIKeywordMain.runKeyword(WebUIKeywordMain.groovy:20)
	at com.kms.katalon.core.webui.keyword.builtin.VerifyTextPresentKeyword.verifyTextPresent(VerifyTextPresentKeyword.groovy:83)
	at com.kms.katalon.core.webui.keyword.builtin.VerifyTextPresentKeyword.execute(VerifyTextPresentKeyword.groovy:68)
	at com.kms.katalon.core.keyword.internal.KeywordExecutor.executeKeywordForPlatform(KeywordExecutor.groovy:74)
	at com.kms.katalon.core.webui.keyword.WebUiBuiltInKeywords.verifyTextPresent(WebUiBuiltInKeywords.groovy:1723)
	at com.kms.katalon.core.webui.keyword.WebUiBuiltInKeywords$verifyTextPresent$8.call(Unknown Source)
	at DuplicateTransactionCC.run(DuplicateTransactionCC:63)
	at com.kms.katalon.core.main.ScriptEngine.run(ScriptEngine.java:194)
	at com.kms.katalon.core.main.ScriptEngine.runScriptAsRawText(ScriptEngine.java:119)
	at com.kms.katalon.core.main.TestCaseExecutor.runScript(TestCaseExecutor.java:448)
	at com.kms.katalon.core.main.TestCaseExecutor.doExecute(TestCaseExecutor.java:439)
	at com.kms.katalon.core.main.TestCaseExecutor.processExecutionPhase(TestCaseExecutor.java:418)
	at com.kms.katalon.core.main.TestCaseExecutor.accessMainPhase(TestCaseExecutor.java:410)
	at com.kms.katalon.core.main.TestCaseExecutor.execute(TestCaseExecutor.java:285)
	at com.kms.katalon.core.common.CommonExecutor.accessTestCaseMainPhase(CommonExecutor.java:65)
	at com.kms.katalon.core.main.TestSuiteExecutor.accessTestSuiteMainPhase(TestSuiteExecutor.java:148)
	at com.kms.katalon.core.main.TestSuiteExecutor.execute(TestSuiteExecutor.java:106)
	at com.kms.katalon.core.main.TestCaseMain.startTestSuite(TestCaseMain.java:187)
	at com.kms.katalon.core.main.TestCaseMain$startTestSuite$0.call(Unknown Source)
	at TempTestSuite1724897904035.run(TempTestSuite1724897904035.groovy:35)
)
	at com.kms.katalon.core.keyword.internal.KeywordMain.stepFailed(KeywordMain.groovy:39)
	at com.kms.katalon.core.webui.keyword.internal.WebUIKeywordMain.stepFailed(WebUIKeywordMain.groovy:64)
	at com.kms.katalon.core.webui.keyword.builtin.VerifyTextPresentKeyword$_verifyTextPresent_closure1.doCall(VerifyTextPresentKeyword.groovy:79)
	at com.kms.katalon.core.webui.keyword.builtin.VerifyTextPresentKeyword$_verifyTextPresent_closure1.call(VerifyTextPresentKeyword.groovy)
	at com.kms.katalon.core.webui.keyword.internal.WebUIKeywordMain.runKeyword(WebUIKeywordMain.groovy:20)
	at com.kms.katalon.core.webui.keyword.builtin.VerifyTextPresentKeyword.verifyTextPresent(VerifyTextPresentKeyword.groovy:83)
	at com.kms.katalon.core.webui.keyword.builtin.VerifyTextPresentKeyword.execute(VerifyTextPresentKeyword.groovy:68)
	at com.kms.katalon.core.keyword.internal.KeywordExecutor.executeKeywordForPlatform(KeywordExecutor.groovy:74)
	at com.kms.katalon.core.webui.keyword.WebUiBuiltInKeywords.verifyTextPresent(WebUiBuiltInKeywords.groovy:1723)
	at com.kms.katalon.core.webui.keyword.WebUiBuiltInKeywords$verifyTextPresent$8.call(Unknown Source)
	at DuplicateTransactionCC.run(DuplicateTransactionCC:63)
	at com.kms.katalon.core.main.ScriptEngine.run(ScriptEngine.java:194)
	at com.kms.katalon.core.main.ScriptEngine.runScriptAsRawText(ScriptEngine.java:119)
	at com.kms.katalon.core.main.TestCaseExecutor.runScript(TestCaseExecutor.java:448)
	at com.kms.katalon.core.main.TestCaseExecutor.doExecute(TestCaseExecutor.java:439)
	at com.kms.katalon.core.main.TestCaseExecutor.processExecutionPhase(TestCaseExecutor.java:418)
	at com.kms.katalon.core.main.TestCaseExecutor.accessMainPhase(TestCaseExecutor.java:410)
	at com.kms.katalon.core.main.TestCaseExecutor.execute(TestCaseExecutor.java:285)
	at com.kms.katalon.core.common.CommonExecutor.accessTestCaseMainPhase(CommonExecutor.java:65)
	at com.kms.katalon.core.main.TestSuiteExecutor.accessTestSuiteMainPhase(TestSuiteExecutor.java:148)
	at com.kms.katalon.core.main.TestSuiteExecutor.execute(TestSuiteExecutor.java:106)
	at com.kms.katalon.core.main.TestCaseMain.startTestSuite(TestCaseMain.java:187)
	at com.kms.katalon.core.main.TestCaseMain$startTestSuite$0.call(Unknown Source)
	at TempTestSuite1724897904035.run(TempTestSuite1724897904035.groovy:35)
Caused by: com.kms.katalon.core.exception.StepFailedException: Text 'ransaction cannot be processed [duplicate transaction]' is not present on page 
	... 23 more]]></system-err>
      </testcase>
      <system-out><![CDATA[2024-08-28 22:18:31 - [TEST_SUITE][FAILED] - IWP30 Smoke TestSuite: Test Cases/IntegratedWeb/IWP30/Payments/PayNowSuccessfulPaymentSCFCC FAILED.
Reason:
com.kms.katalon.core.exception.StepFailedException: Unable to click on object 'Object Repository/IWP30/Page_Confirmation/ConfirmButton' (Root cause: com.kms.katalon.core.exception.StepFailedException: Unable to click on object 'Object Repository/IWP30/Page_Confirmation/ConfirmButton'
	at com.kms.katalon.core.webui.keyword.internal.WebUIKeywordMain.stepFailed(WebUIKeywordMain.groovy:64)
	at com.kms.katalon.core.webui.keyword.internal.WebUIKeywordMain.runKeyword(WebUIKeywordMain.groovy:26)
	at com.kms.katalon.core.webui.keyword.builtin.ClickKeyword.click(ClickKeyword.groovy:74)
	at com.kms.katalon.core.webui.keyword.builtin.ClickKeyword.execute(ClickKeyword.groovy:40)
	at com.kms.katalon.core.keyword.internal.KeywordExecutor.executeKeywordForPlatform(KeywordExecutor.groovy:74)
	at com.kms.katalon.core.webui.keyword.WebUiBuiltInKeywords.click(WebUiBuiltInKeywords.groovy:620)
	at com.kms.katalon.core.webui.keyword.WebUiBuiltInKeywords$click$3.call(Unknown Source)
	at PayNowSuccessfulPaymentSCFCC.run(PayNowSuccessfulPaymentSCFCC:84)
	at com.kms.katalon.core.main.ScriptEngine.run(ScriptEngine.java:194)
	at com.kms.katalon.core.main.ScriptEngine.runScriptAsRawText(ScriptEngine.java:119)
	at com.kms.katalon.core.main.TestCaseExecutor.runScript(TestCaseExecutor.java:448)
	at com.kms.katalon.core.main.TestCaseExecutor.doExecute(TestCaseExecutor.java:439)
	at com.kms.katalon.core.main.TestCaseExecutor.processExecutionPhase(TestCaseExecutor.java:418)
	at com.kms.katalon.core.main.TestCaseExecutor.accessMainPhase(TestCaseExecutor.java:410)
	at com.kms.katalon.core.main.TestCaseExecutor.execute(TestCaseExecutor.java:285)
	at com.kms.katalon.core.common.CommonExecutor.accessTestCaseMainPhase(CommonExecutor.java:65)
	at com.kms.katalon.core.main.TestSuiteExecutor.accessTestSuiteMainPhase(TestSuiteExecutor.java:148)
	at com.kms.katalon.core.main.TestSuiteExecutor.execute(TestSuiteExecutor.java:106)
	at com.kms.katalon.core.main.TestCaseMain.startTestSuite(TestCaseMain.java:187)
	at com.kms.katalon.core.main.TestCaseMain$startTestSuite$0.call(Unknown Source)
	at TempTestSuite1724897904035.run(TempTestSuite1724897904035.groovy:35)
Caused by: com.kms.katalon.core.webui.exception.WebElementNotFoundException: Web element with id: 'Object Repository/IWP30/Page_Confirmation/ConfirmButton' located by '//*[@type = 'submit' and @name = 'confirmNotifyAction' and @id = 'submitYes' and @value = 'Confirm']' not found
	at com.kms.katalon.core.webui.common.WebUiCommonHelper.findWebElement(WebUiCommonHelper.java:1381)
	at com.kms.katalon.core.webui.keyword.internal.WebUIAbstractKeyword.findWebElement(WebUIAbstractKeyword.groovy:27)
	at com.kms.katalon.core.webui.keyword.builtin.ClickKeyword$_click_closure1.doCall(ClickKeyword.groovy:65)
	at com.kms.katalon.core.webui.keyword.builtin.ClickKeyword$_click_closure1.call(ClickKeyword.groovy)
	at com.kms.katalon.core.webui.keyword.internal.WebUIKeywordMain.runKeyword(WebUIKeywordMain.groovy:20)
	at com.kms.katalon.core.webui.keyword.builtin.ClickKeyword.click(ClickKeyword.groovy:74)
	at com.kms.katalon.core.webui.keyword.builtin.ClickKeyword.execute(ClickKeyword.groovy:40)
	at com.kms.katalon.core.keyword.internal.KeywordExecutor.executeKeywordForPlatform(KeywordExecutor.groovy:74)
	at com.kms.katalon.core.webui.keyword.WebUiBuiltInKeywords.click(WebUiBuiltInKeywords.groovy:620)
	at com.kms.katalon.core.webui.keyword.WebUiBuiltInKeywords$click$3.call(Unknown Source)
	at Script1686782345568.run(Script1686782345568.groovy:84)
	... 13 more
)
	at com.kms.katalon.core.keyword.internal.KeywordMain.stepFailed(KeywordMain.groovy:39)
	at com.kms.katalon.core.webui.keyword.internal.WebUIKeywordMain.stepFailed(WebUIKeywordMain.groovy:64)
	at com.kms.katalon.core.webui.keyword.internal.WebUIKeywordMain.runKeyword(WebUIKeywordMain.groovy:26)
	at com.kms.katalon.core.webui.keyword.builtin.ClickKeyword.click(ClickKeyword.groovy:74)
	at com.kms.katalon.core.webui.keyword.builtin.ClickKeyword.execute(ClickKeyword.groovy:40)
	at com.kms.katalon.core.keyword.internal.KeywordExecutor.executeKeywordForPlatform(KeywordExecutor.groovy:74)
	at com.kms.katalon.core.webui.keyword.WebUiBuiltInKeywords.click(WebUiBuiltInKeywords.groovy:620)
	at com.kms.katalon.core.webui.keyword.WebUiBuiltInKeywords$click$3.call(Unknown Source)
	at PayNowSuccessfulPaymentSCFCC.run(PayNowSuccessfulPaymentSCFCC:84)
	at com.kms.katalon.core.main.ScriptEngine.run(ScriptEngine.java:194)
	at com.kms.katalon.core.main.ScriptEngine.runScriptAsRawText(ScriptEngine.java:119)
	at com.kms.katalon.core.main.TestCaseExecutor.runScript(TestCaseExecutor.java:448)
	at com.kms.katalon.core.main.TestCaseExecutor.doExecute(TestCaseExecutor.java:439)
	at com.kms.katalon.core.main.TestCaseExecutor.processExecutionPhase(TestCaseExecutor.java:418)
	at com.kms.katalon.core.main.TestCaseExecutor.accessMainPhase(TestCaseExecutor.java:410)
	at com.kms.katalon.core.main.TestCaseExecutor.execute(TestCaseExecutor.java:285)
	at com.kms.katalon.core.common.CommonExecutor.accessTestCaseMainPhase(CommonExecutor.java:65)
	at com.kms.katalon.core.main.TestSuiteExecutor.accessTestSuiteMainPhase(TestSuiteExecutor.java:148)
	at com.kms.katalon.core.main.TestSuiteExecutor.execute(TestSuiteExecutor.java:106)
	at com.kms.katalon.core.main.TestCaseMain.startTestSuite(TestCaseMain.java:187)
	at com.kms.katalon.core.main.TestCaseMain$startTestSuite$0.call(Unknown Source)
	at TempTestSuite1724897904035.run(TempTestSuite1724897904035.groovy:35)
Caused by: com.kms.katalon.core.exception.StepFailedException: Unable to click on object 'Object Repository/IWP30/Page_Confirmation/ConfirmButton'
	... 21 more
Caused by: com.kms.katalon.core.webui.exception.WebElementNotFoundException: Web element with id: 'Object Repository/IWP30/Page_Confirmation/ConfirmButton' located by '//*[@type = 'submit' and @name = 'confirmNotifyAction' and @id = 'submitYes' and @value = 'Confirm']' not found
	at com.kms.katalon.core.webui.common.WebUiCommonHelper.findWebElement(WebUiCommonHelper.java:1381)
	at com.kms.katalon.core.webui.keyword.internal.WebUIAbstractKeyword.findWebElement(WebUIAbstractKeyword.groovy:27)
	at com.kms.katalon.core.webui.keyword.builtin.ClickKeyword$_click_closure1.doCall(ClickKeyword.groovy:65)
	at com.kms.katalon.core.webui.keyword.builtin.ClickKeyword$_click_closure1.call(ClickKeyword.groovy)
	at com.kms.katalon.core.webui.keyword.internal.WebUIKeywordMain.runKeyword(WebUIKeywordMain.groovy:20)
	... 19 more]]></system-out>
      <system-err><![CDATA[2024-08-28 22:18:31 - [TEST_SUITE][FAILED] - IWP30 Smoke TestSuite: Test Cases/IntegratedWeb/IWP30/Payments/PayNowSuccessfulPaymentSCFCC FAILED.
Reason:
com.kms.katalon.core.exception.StepFailedException: Unable to click on object 'Object Repository/IWP30/Page_Confirmation/ConfirmButton' (Root cause: com.kms.katalon.core.exception.StepFailedException: Unable to click on object 'Object Repository/IWP30/Page_Confirmation/ConfirmButton'
	at com.kms.katalon.core.webui.keyword.internal.WebUIKeywordMain.stepFailed(WebUIKeywordMain.groovy:64)
	at com.kms.katalon.core.webui.keyword.internal.WebUIKeywordMain.runKeyword(WebUIKeywordMain.groovy:26)
	at com.kms.katalon.core.webui.keyword.builtin.ClickKeyword.click(ClickKeyword.groovy:74)
	at com.kms.katalon.core.webui.keyword.builtin.ClickKeyword.execute(ClickKeyword.groovy:40)
	at com.kms.katalon.core.keyword.internal.KeywordExecutor.executeKeywordForPlatform(KeywordExecutor.groovy:74)
	at com.kms.katalon.core.webui.keyword.WebUiBuiltInKeywords.click(WebUiBuiltInKeywords.groovy:620)
	at com.kms.katalon.core.webui.keyword.WebUiBuiltInKeywords$click$3.call(Unknown Source)
	at PayNowSuccessfulPaymentSCFCC.run(PayNowSuccessfulPaymentSCFCC:84)
	at com.kms.katalon.core.main.ScriptEngine.run(ScriptEngine.java:194)
	at com.kms.katalon.core.main.ScriptEngine.runScriptAsRawText(ScriptEngine.java:119)
	at com.kms.katalon.core.main.TestCaseExecutor.runScript(TestCaseExecutor.java:448)
	at com.kms.katalon.core.main.TestCaseExecutor.doExecute(TestCaseExecutor.java:439)
	at com.kms.katalon.core.main.TestCaseExecutor.processExecutionPhase(TestCaseExecutor.java:418)
	at com.kms.katalon.core.main.TestCaseExecutor.accessMainPhase(TestCaseExecutor.java:410)
	at com.kms.katalon.core.main.TestCaseExecutor.execute(TestCaseExecutor.java:285)
	at com.kms.katalon.core.common.CommonExecutor.accessTestCaseMainPhase(CommonExecutor.java:65)
	at com.kms.katalon.core.main.TestSuiteExecutor.accessTestSuiteMainPhase(TestSuiteExecutor.java:148)
	at com.kms.katalon.core.main.TestSuiteExecutor.execute(TestSuiteExecutor.java:106)
	at com.kms.katalon.core.main.TestCaseMain.startTestSuite(TestCaseMain.java:187)
	at com.kms.katalon.core.main.TestCaseMain$startTestSuite$0.call(Unknown Source)
	at TempTestSuite1724897904035.run(TempTestSuite1724897904035.groovy:35)
Caused by: com.kms.katalon.core.webui.exception.WebElementNotFoundException: Web element with id: 'Object Repository/IWP30/Page_Confirmation/ConfirmButton' located by '//*[@type = 'submit' and @name = 'confirmNotifyAction' and @id = 'submitYes' and @value = 'Confirm']' not found
	at com.kms.katalon.core.webui.common.WebUiCommonHelper.findWebElement(WebUiCommonHelper.java:1381)
	at com.kms.katalon.core.webui.keyword.internal.WebUIAbstractKeyword.findWebElement(WebUIAbstractKeyword.groovy:27)
	at com.kms.katalon.core.webui.keyword.builtin.ClickKeyword$_click_closure1.doCall(ClickKeyword.groovy:65)
	at com.kms.katalon.core.webui.keyword.builtin.ClickKeyword$_click_closure1.call(ClickKeyword.groovy)
	at com.kms.katalon.core.webui.keyword.internal.WebUIKeywordMain.runKeyword(WebUIKeywordMain.groovy:20)
	at com.kms.katalon.core.webui.keyword.builtin.ClickKeyword.click(ClickKeyword.groovy:74)
	at com.kms.katalon.core.webui.keyword.builtin.ClickKeyword.execute(ClickKeyword.groovy:40)
	at com.kms.katalon.core.keyword.internal.KeywordExecutor.executeKeywordForPlatform(KeywordExecutor.groovy:74)
	at com.kms.katalon.core.webui.keyword.WebUiBuiltInKeywords.click(WebUiBuiltInKeywords.groovy:620)
	at com.kms.katalon.core.webui.keyword.WebUiBuiltInKeywords$click$3.call(Unknown Source)
	at Script1686782345568.run(Script1686782345568.groovy:84)
	... 13 more
)
	at com.kms.katalon.core.keyword.internal.KeywordMain.stepFailed(KeywordMain.groovy:39)
	at com.kms.katalon.core.webui.keyword.internal.WebUIKeywordMain.stepFailed(WebUIKeywordMain.groovy:64)
	at com.kms.katalon.core.webui.keyword.internal.WebUIKeywordMain.runKeyword(WebUIKeywordMain.groovy:26)
	at com.kms.katalon.core.webui.keyword.builtin.ClickKeyword.click(ClickKeyword.groovy:74)
	at com.kms.katalon.core.webui.keyword.builtin.ClickKeyword.execute(ClickKeyword.groovy:40)
	at com.kms.katalon.core.keyword.internal.KeywordExecutor.executeKeywordForPlatform(KeywordExecutor.groovy:74)
	at com.kms.katalon.core.webui.keyword.WebUiBuiltInKeywords.click(WebUiBuiltInKeywords.groovy:620)
	at com.kms.katalon.core.webui.keyword.WebUiBuiltInKeywords$click$3.call(Unknown Source)
	at PayNowSuccessfulPaymentSCFCC.run(PayNowSuccessfulPaymentSCFCC:84)
	at com.kms.katalon.core.main.ScriptEngine.run(ScriptEngine.java:194)
	at com.kms.katalon.core.main.ScriptEngine.runScriptAsRawText(ScriptEngine.java:119)
	at com.kms.katalon.core.main.TestCaseExecutor.runScript(TestCaseExecutor.java:448)
	at com.kms.katalon.core.main.TestCaseExecutor.doExecute(TestCaseExecutor.java:439)
	at com.kms.katalon.core.main.TestCaseExecutor.processExecutionPhase(TestCaseExecutor.java:418)
	at com.kms.katalon.core.main.TestCaseExecutor.accessMainPhase(TestCaseExecutor.java:410)
	at com.kms.katalon.core.main.TestCaseExecutor.execute(TestCaseExecutor.java:285)
	at com.kms.katalon.core.common.CommonExecutor.accessTestCaseMainPhase(CommonExecutor.java:65)
	at com.kms.katalon.core.main.TestSuiteExecutor.accessTestSuiteMainPhase(TestSuiteExecutor.java:148)
	at com.kms.katalon.core.main.TestSuiteExecutor.execute(TestSuiteExecutor.java:106)
	at com.kms.katalon.core.main.TestCaseMain.startTestSuite(TestCaseMain.java:187)
	at com.kms.katalon.core.main.TestCaseMain$startTestSuite$0.call(Unknown Source)
	at TempTestSuite1724897904035.run(TempTestSuite1724897904035.groovy:35)
Caused by: com.kms.katalon.core.exception.StepFailedException: Unable to click on object 'Object Repository/IWP30/Page_Confirmation/ConfirmButton'
	... 21 more
Caused by: com.kms.katalon.core.webui.exception.WebElementNotFoundException: Web element with id: 'Object Repository/IWP30/Page_Confirmation/ConfirmButton' located by '//*[@type = 'submit' and @name = 'confirmNotifyAction' and @id = 'submitYes' and @value = 'Confirm']' not found
	at com.kms.katalon.core.webui.common.WebUiCommonHelper.findWebElement(WebUiCommonHelper.java:1381)
	at com.kms.katalon.core.webui.keyword.internal.WebUIAbstractKeyword.findWebElement(WebUIAbstractKeyword.groovy:27)
	at com.kms.katalon.core.webui.keyword.builtin.ClickKeyword$_click_closure1.doCall(ClickKeyword.groovy:65)
	at com.kms.katalon.core.webui.keyword.builtin.ClickKeyword$_click_closure1.call(ClickKeyword.groovy)
	at com.kms.katalon.core.webui.keyword.internal.WebUIKeywordMain.runKeyword(WebUIKeywordMain.groovy:20)
	... 19 more]]></system-err>
   </testsuite>
</testsuites>
