<?xml version="1.0" encoding="UTF-8"?>
<testsuites name="RAD_UI_TestSuite" time="147.076" tests="1" failures="0" errors="0">
   <testsuite name="RAD_UI_TestSuite" tests="1" failures="0" errors="0" time="147.076" skipped="0" timestamp="2021-11-08 21:07:45" hostname="iahmed - DESKTOP-B2QI6NS.govolution.com" id="Test Suites/RAD_TestSuite/RAD_UI_TestSuite">
      <properties>
         <property name="deviceName" value=""/>
         <property name="devicePlatform" value=""/>
         <property name="logFolder" value="E:\\Cloned-Project-Katalon\\VPS-Katalon\\Reports\\20211108_210742\\RAD_TestSuite\\RAD_UI_TestSuite\\20211108_210742"/>
         <property name="logFiles" value="E:\\Cloned-Project-Katalon\\VPS-Katalon\\Reports\\20211108_210742\\RAD_TestSuite\\RAD_UI_TestSuite\\20211108_210742\\execution0.log"/>
         <property name="attachments" value=""/>
         <property name="hostName" value="iahmed - DESKTOP-B2QI6NS.govolution.com"/>
         <property name="os" value="Windows 10 64bit"/>
         <property name="katalonVersion" value="8.1.0.208"/>
         <property name="browser" value="Chrome 95.0.4638.69"/>
         <property name="hostAddress" value="172.30.2.167"/>
         <property name="sessionId" value="b0e300e6a044fb80f22847a8fb73c42c"/>
         <property name="seleniumVersion" value="3.141.59"/>
         <property name="proxyInformation" value="ProxyInformation { proxyOption=NO_PROXY, proxyServerType=HTTP, username=, password=********, proxyServerAddress=, proxyServerPort=0, executionList=&quot;&quot;, isApplyToDesiredCapabilities=true }"/>
         <property name="platform" value="Windows 10"/>
      </properties>
      <testcase name="Test Cases/RAD_TestCases/PaymentsHardCoded/Payments_HC_TC" time="145.257" classname="Test Cases/RAD_TestCases/PaymentsHardCoded/Payments_HC_TC" status="PASSED">
         <system-out><![CDATA[2021-11-08 21:07:46 - [TEST_CASE][PASSED] - Test Cases/RAD_TestCases/PaymentsHardCoded/Payments_HC_TC: Test Cases/RAD_TestCases/PaymentsHardCoded/Payments_HC_TC

2021-11-08 21:07:47 - [TEST_STEP][PASSED] - resText = "Fail": null

2021-11-08 21:07:47 - [TEST_STEP][PASSED] - resColumn = "Result": null

2021-11-08 21:07:47 - [TEST_STEP][PASSED] - datCloumn = "Date": null

2021-11-08 21:07:47 - [TEST_STEP][PASSED] - fileLoc = "C:\KatalonData\RADTestData\PaymentsHardCoded.xlsx": null

2021-11-08 21:07:47 - [TEST_STEP][PASSED] - nameSheet = "Sheet1": null

2021-11-08 21:07:47 - [TEST_STEP][PASSED] - dataFile = "RADTestData/PaymentsHardCoded": null

2021-11-08 21:07:47 - [TEST_STEP][PASSED] - ExecuteTC = <not implemented yet for class: org.codehaus.groovy.ast.expr.EmptyExpression>: null

2021-11-08 21:07:47 - [TEST_STEP][PASSED] - Taxtype = <not implemented yet for class: org.codehaus.groovy.ast.expr.EmptyExpression>: null

2021-11-08 21:07:47 - [TEST_STEP][PASSED] - PaymentType = <not implemented yet for class: org.codehaus.groovy.ast.expr.EmptyExpression>: null

2021-11-08 21:07:47 - [TEST_STEP][PASSED] - FilingYear = <not implemented yet for class: org.codehaus.groovy.ast.expr.EmptyExpression>: null

2021-11-08 21:07:47 - [TEST_STEP][PASSED] - PeriodEnding = <not implemented yet for class: org.codehaus.groovy.ast.expr.EmptyExpression>: null

2021-11-08 21:07:47 - [TEST_STEP][PASSED] - FName = <not implemented yet for class: org.codehaus.groovy.ast.expr.EmptyExpression>: null

2021-11-08 21:07:47 - [TEST_STEP][PASSED] - LName = <not implemented yet for class: org.codehaus.groovy.ast.expr.EmptyExpression>: null

2021-11-08 21:07:47 - [TEST_STEP][PASSED] - SSN = <not implemented yet for class: org.codehaus.groovy.ast.expr.EmptyExpression>: null

2021-11-08 21:07:47 - [TEST_STEP][PASSED] - AL1 = <not implemented yet for class: org.codehaus.groovy.ast.expr.EmptyExpression>: null

2021-11-08 21:07:47 - [TEST_STEP][PASSED] - City = <not implemented yet for class: org.codehaus.groovy.ast.expr.EmptyExpression>: null

2021-11-08 21:07:47 - [TEST_STEP][PASSED] - ZIP = <not implemented yet for class: org.codehaus.groovy.ast.expr.EmptyExpression>: null

2021-11-08 21:07:47 - [TEST_STEP][PASSED] - FilingType = <not implemented yet for class: org.codehaus.groovy.ast.expr.EmptyExpression>: null

2021-11-08 21:07:47 - [TEST_STEP][PASSED] - Withholding = <not implemented yet for class: org.codehaus.groovy.ast.expr.EmptyExpression>: null

2021-11-08 21:07:47 - [TEST_STEP][PASSED] - Amount = <not implemented yet for class: org.codehaus.groovy.ast.expr.EmptyExpression>: null

2021-11-08 21:07:47 - [TEST_STEP][PASSED] - CCNumber = <not implemented yet for class: org.codehaus.groovy.ast.expr.EmptyExpression>: null

2021-11-08 21:07:47 - [TEST_STEP][PASSED] - CVV = <not implemented yet for class: org.codehaus.groovy.ast.expr.EmptyExpression>: null

2021-11-08 21:07:47 - [TEST_STEP][PASSED] - numOfRows = findTestData(dataFile).getRowNumbers(): null

2021-11-08 21:07:47 - [TEST_STEP][PASSED] - println("Number of Records: " + numOfRows): null

2021-11-08 21:07:47 - [TEST_STEP][PASSED] - for ([row = 1, row <= numOfRows, (row++)]): null

2021-11-08 21:07:47 - [TEST_STEP][PASSED] - ExecuteTC = findTestData(dataFile).getValue("Execute", row): null

2021-11-08 21:07:47 - [TEST_STEP][PASSED] - PaymentType = findTestData(dataFile).getValue("PaymentType", row): null

2021-11-08 21:07:47 - [TEST_STEP][PASSED] - FilingYear = findTestData(dataFile).getValue("FilingYear", row): null

2021-11-08 21:07:48 - [TEST_STEP][PASSED] - PeriodEnding = findTestData(dataFile).getValue("PeriodEnding", row): null

2021-11-08 21:07:48 - [TEST_STEP][PASSED] - FName = findTestData(dataFile).getValue("Fname", row): null

2021-11-08 21:07:48 - [TEST_STEP][PASSED] - LName = findTestData(dataFile).getValue("Lname", row): null

2021-11-08 21:07:48 - [TEST_STEP][PASSED] - SSN = findTestData(dataFile).getValue("SSN", row): null

2021-11-08 21:07:48 - [TEST_STEP][PASSED] - BusName = findTestData(dataFile).getValue("BusName", row): null

2021-11-08 21:07:48 - [TEST_STEP][PASSED] - AL1 = findTestData(dataFile).getValue("AL1", row): null

2021-11-08 21:07:48 - [TEST_STEP][PASSED] - City = findTestData(dataFile).getValue("City", row): null

2021-11-08 21:07:48 - [TEST_STEP][PASSED] - ZIP = findTestData(dataFile).getValue("ZIP", row): null

2021-11-08 21:07:48 - [TEST_STEP][PASSED] - FilingType = findTestData(dataFile).getValue("FilingType", row): null

2021-11-08 21:07:48 - [TEST_STEP][PASSED] - Withholding = findTestData(dataFile).getValue("Withholding", row): null

2021-11-08 21:07:48 - [TEST_STEP][PASSED] - Amount = findTestData(dataFile).getValue("Amount", row): null

2021-11-08 21:07:48 - [TEST_STEP][PASSED] - CCNumber = findTestData(dataFile).getValue("CCNumber", row): null

2021-11-08 21:07:48 - [TEST_STEP][PASSED] - CVV = findTestData(dataFile).getValue("CVV", row): null

2021-11-08 21:07:48 - [TEST_STEP][PASSED] - out.println("Value of Execute is : " + ExecuteTC): null

2021-11-08 21:07:48 - [TEST_STEP][PASSED] - if (ExecuteTC.equalsIgnoreCase("Y")): null

2021-11-08 21:07:48 - [TEST_STEP][PASSED] - ExecuteTC = findTestData(dataFile).getValue("Execute", row): null

2021-11-08 21:07:48 - [TEST_STEP][PASSED] - PaymentType = findTestData(dataFile).getValue("PaymentType", row): null

2021-11-08 21:07:48 - [TEST_STEP][PASSED] - FilingYear = findTestData(dataFile).getValue("FilingYear", row): null

2021-11-08 21:07:48 - [TEST_STEP][PASSED] - PeriodEnding = findTestData(dataFile).getValue("PeriodEnding", row): null

2021-11-08 21:07:49 - [TEST_STEP][PASSED] - FName = findTestData(dataFile).getValue("Fname", row): null

2021-11-08 21:07:49 - [TEST_STEP][PASSED] - LName = findTestData(dataFile).getValue("Lname", row): null

2021-11-08 21:07:49 - [TEST_STEP][PASSED] - SSN = findTestData(dataFile).getValue("SSN", row): null

2021-11-08 21:07:49 - [TEST_STEP][PASSED] - BusName = findTestData(dataFile).getValue("BusName", row): null

2021-11-08 21:07:49 - [TEST_STEP][PASSED] - AL1 = findTestData(dataFile).getValue("AL1", row): null

2021-11-08 21:07:49 - [TEST_STEP][PASSED] - City = findTestData(dataFile).getValue("City", row): null

2021-11-08 21:07:49 - [TEST_STEP][PASSED] - ZIP = findTestData(dataFile).getValue("ZIP", row): null

2021-11-08 21:07:49 - [TEST_STEP][PASSED] - FilingType = findTestData(dataFile).getValue("FilingType", row): null

2021-11-08 21:07:49 - [TEST_STEP][PASSED] - Withholding = findTestData(dataFile).getValue("Withholding", row): null

2021-11-08 21:07:49 - [TEST_STEP][PASSED] - Amount = findTestData(dataFile).getValue("Amount", row): null

2021-11-08 21:07:49 - [TEST_STEP][PASSED] - CCNumber = findTestData(dataFile).getValue("CCNumber", row): null

2021-11-08 21:07:49 - [TEST_STEP][PASSED] - CVV = findTestData(dataFile).getValue("CVV", row): null

2021-11-08 21:07:49 - [TEST_STEP][PASSED] - out.println("Value of Execute is : " + ExecuteTC): null

2021-11-08 21:07:49 - [TEST_STEP][PASSED] - if (ExecuteTC.equalsIgnoreCase("Y")): null

2021-11-08 21:07:49 - [TEST_STEP][PASSED] - ExecuteTC = findTestData(dataFile).getValue("Execute", row): null

2021-11-08 21:07:49 - [TEST_STEP][PASSED] - PaymentType = findTestData(dataFile).getValue("PaymentType", row): null

2021-11-08 21:07:49 - [TEST_STEP][PASSED] - FilingYear = findTestData(dataFile).getValue("FilingYear", row): null

2021-11-08 21:07:49 - [TEST_STEP][PASSED] - PeriodEnding = findTestData(dataFile).getValue("PeriodEnding", row): null

2021-11-08 21:07:49 - [TEST_STEP][PASSED] - FName = findTestData(dataFile).getValue("Fname", row): null

2021-11-08 21:07:49 - [TEST_STEP][PASSED] - LName = findTestData(dataFile).getValue("Lname", row): null

2021-11-08 21:07:49 - [TEST_STEP][PASSED] - SSN = findTestData(dataFile).getValue("SSN", row): null

2021-11-08 21:07:49 - [TEST_STEP][PASSED] - BusName = findTestData(dataFile).getValue("BusName", row): null

2021-11-08 21:07:49 - [TEST_STEP][PASSED] - AL1 = findTestData(dataFile).getValue("AL1", row): null

2021-11-08 21:07:50 - [TEST_STEP][PASSED] - City = findTestData(dataFile).getValue("City", row): null

2021-11-08 21:07:50 - [TEST_STEP][PASSED] - ZIP = findTestData(dataFile).getValue("ZIP", row): null

2021-11-08 21:07:50 - [TEST_STEP][PASSED] - FilingType = findTestData(dataFile).getValue("FilingType", row): null

2021-11-08 21:07:50 - [TEST_STEP][PASSED] - Withholding = findTestData(dataFile).getValue("Withholding", row): null

2021-11-08 21:07:50 - [TEST_STEP][PASSED] - Amount = findTestData(dataFile).getValue("Amount", row): null

2021-11-08 21:07:50 - [TEST_STEP][PASSED] - CCNumber = findTestData(dataFile).getValue("CCNumber", row): null

2021-11-08 21:07:50 - [TEST_STEP][PASSED] - CVV = findTestData(dataFile).getValue("CVV", row): null

2021-11-08 21:07:50 - [TEST_STEP][PASSED] - out.println("Value of Execute is : " + ExecuteTC): null

2021-11-08 21:07:50 - [TEST_STEP][PASSED] - if (ExecuteTC.equalsIgnoreCase("Y")): null

2021-11-08 21:07:50 - [TEST_STEP][PASSED] - ExecuteTC = findTestData(dataFile).getValue("Execute", row): null

2021-11-08 21:07:50 - [TEST_STEP][PASSED] - PaymentType = findTestData(dataFile).getValue("PaymentType", row): null

2021-11-08 21:07:50 - [TEST_STEP][PASSED] - FilingYear = findTestData(dataFile).getValue("FilingYear", row): null

2021-11-08 21:07:50 - [TEST_STEP][PASSED] - PeriodEnding = findTestData(dataFile).getValue("PeriodEnding", row): null

2021-11-08 21:07:50 - [TEST_STEP][PASSED] - FName = findTestData(dataFile).getValue("Fname", row): null

2021-11-08 21:07:50 - [TEST_STEP][PASSED] - LName = findTestData(dataFile).getValue("Lname", row): null

2021-11-08 21:07:50 - [TEST_STEP][PASSED] - SSN = findTestData(dataFile).getValue("SSN", row): null

2021-11-08 21:07:50 - [TEST_STEP][PASSED] - BusName = findTestData(dataFile).getValue("BusName", row): null

2021-11-08 21:07:50 - [TEST_STEP][PASSED] - AL1 = findTestData(dataFile).getValue("AL1", row): null

2021-11-08 21:07:50 - [TEST_STEP][PASSED] - City = findTestData(dataFile).getValue("City", row): null

2021-11-08 21:07:50 - [TEST_STEP][PASSED] - ZIP = findTestData(dataFile).getValue("ZIP", row): null

2021-11-08 21:07:50 - [TEST_STEP][PASSED] - FilingType = findTestData(dataFile).getValue("FilingType", row): null

2021-11-08 21:07:50 - [TEST_STEP][PASSED] - Withholding = findTestData(dataFile).getValue("Withholding", row): null

2021-11-08 21:07:50 - [TEST_STEP][PASSED] - Amount = findTestData(dataFile).getValue("Amount", row): null

2021-11-08 21:07:50 - [TEST_STEP][PASSED] - CCNumber = findTestData(dataFile).getValue("CCNumber", row): null

2021-11-08 21:07:51 - [TEST_STEP][PASSED] - CVV = findTestData(dataFile).getValue("CVV", row): null

2021-11-08 21:07:51 - [TEST_STEP][PASSED] - out.println("Value of Execute is : " + ExecuteTC): null

2021-11-08 21:07:51 - [TEST_STEP][PASSED] - if (ExecuteTC.equalsIgnoreCase("Y")): null

2021-11-08 21:07:51 - [TEST_STEP][PASSED] - ExecuteTC = findTestData(dataFile).getValue("Execute", row): null

2021-11-08 21:07:51 - [TEST_STEP][PASSED] - PaymentType = findTestData(dataFile).getValue("PaymentType", row): null

2021-11-08 21:07:51 - [TEST_STEP][PASSED] - FilingYear = findTestData(dataFile).getValue("FilingYear", row): null

2021-11-08 21:07:51 - [TEST_STEP][PASSED] - PeriodEnding = findTestData(dataFile).getValue("PeriodEnding", row): null

2021-11-08 21:07:51 - [TEST_STEP][PASSED] - FName = findTestData(dataFile).getValue("Fname", row): null

2021-11-08 21:07:51 - [TEST_STEP][PASSED] - LName = findTestData(dataFile).getValue("Lname", row): null

2021-11-08 21:07:51 - [TEST_STEP][PASSED] - SSN = findTestData(dataFile).getValue("SSN", row): null

2021-11-08 21:07:51 - [TEST_STEP][PASSED] - BusName = findTestData(dataFile).getValue("BusName", row): null

2021-11-08 21:07:51 - [TEST_STEP][PASSED] - AL1 = findTestData(dataFile).getValue("AL1", row): null

2021-11-08 21:07:51 - [TEST_STEP][PASSED] - City = findTestData(dataFile).getValue("City", row): null

2021-11-08 21:07:51 - [TEST_STEP][PASSED] - ZIP = findTestData(dataFile).getValue("ZIP", row): null

2021-11-08 21:07:51 - [TEST_STEP][PASSED] - FilingType = findTestData(dataFile).getValue("FilingType", row): null

2021-11-08 21:07:51 - [TEST_STEP][PASSED] - Withholding = findTestData(dataFile).getValue("Withholding", row): null

2021-11-08 21:07:51 - [TEST_STEP][PASSED] - Amount = findTestData(dataFile).getValue("Amount", row): null

2021-11-08 21:07:51 - [TEST_STEP][PASSED] - CCNumber = findTestData(dataFile).getValue("CCNumber", row): null

2021-11-08 21:07:51 - [TEST_STEP][PASSED] - CVV = findTestData(dataFile).getValue("CVV", row): null

2021-11-08 21:07:51 - [TEST_STEP][PASSED] - out.println("Value of Execute is : " + ExecuteTC): null

2021-11-08 21:07:51 - [TEST_STEP][PASSED] - if (ExecuteTC.equalsIgnoreCase("Y")): null

2021-11-08 21:07:51 - [TEST_STEP][PASSED] - ExecuteTC = findTestData(dataFile).getValue("Execute", row): null

2021-11-08 21:07:51 - [TEST_STEP][PASSED] - PaymentType = findTestData(dataFile).getValue("PaymentType", row): null

2021-11-08 21:07:51 - [TEST_STEP][PASSED] - FilingYear = findTestData(dataFile).getValue("FilingYear", row): null

2021-11-08 21:07:51 - [TEST_STEP][PASSED] - PeriodEnding = findTestData(dataFile).getValue("PeriodEnding", row): null

2021-11-08 21:07:51 - [TEST_STEP][PASSED] - FName = findTestData(dataFile).getValue("Fname", row): null

2021-11-08 21:07:51 - [TEST_STEP][PASSED] - LName = findTestData(dataFile).getValue("Lname", row): null

2021-11-08 21:07:51 - [TEST_STEP][PASSED] - SSN = findTestData(dataFile).getValue("SSN", row): null

2021-11-08 21:07:51 - [TEST_STEP][PASSED] - BusName = findTestData(dataFile).getValue("BusName", row): null

2021-11-08 21:07:51 - [TEST_STEP][PASSED] - AL1 = findTestData(dataFile).getValue("AL1", row): null

2021-11-08 21:07:51 - [TEST_STEP][PASSED] - City = findTestData(dataFile).getValue("City", row): null

2021-11-08 21:07:52 - [TEST_STEP][PASSED] - ZIP = findTestData(dataFile).getValue("ZIP", row): null

2021-11-08 21:07:52 - [TEST_STEP][PASSED] - FilingType = findTestData(dataFile).getValue("FilingType", row): null

2021-11-08 21:07:52 - [TEST_STEP][PASSED] - Withholding = findTestData(dataFile).getValue("Withholding", row): null

2021-11-08 21:07:52 - [TEST_STEP][PASSED] - Amount = findTestData(dataFile).getValue("Amount", row): null

2021-11-08 21:07:52 - [TEST_STEP][PASSED] - CCNumber = findTestData(dataFile).getValue("CCNumber", row): null

2021-11-08 21:07:52 - [TEST_STEP][PASSED] - CVV = findTestData(dataFile).getValue("CVV", row): null

2021-11-08 21:07:52 - [TEST_STEP][PASSED] - out.println("Value of Execute is : " + ExecuteTC): null

2021-11-08 21:07:52 - [TEST_STEP][PASSED] - if (ExecuteTC.equalsIgnoreCase("Y")): null

2021-11-08 21:07:52 - [TEST_STEP][PASSED] - ExecuteTC = findTestData(dataFile).getValue("Execute", row): null

2021-11-08 21:07:52 - [TEST_STEP][PASSED] - PaymentType = findTestData(dataFile).getValue("PaymentType", row): null

2021-11-08 21:07:52 - [TEST_STEP][PASSED] - FilingYear = findTestData(dataFile).getValue("FilingYear", row): null

2021-11-08 21:07:52 - [TEST_STEP][PASSED] - PeriodEnding = findTestData(dataFile).getValue("PeriodEnding", row): null

2021-11-08 21:07:52 - [TEST_STEP][PASSED] - FName = findTestData(dataFile).getValue("Fname", row): null

2021-11-08 21:07:52 - [TEST_STEP][PASSED] - LName = findTestData(dataFile).getValue("Lname", row): null

2021-11-08 21:07:52 - [TEST_STEP][PASSED] - SSN = findTestData(dataFile).getValue("SSN", row): null

2021-11-08 21:07:52 - [TEST_STEP][PASSED] - BusName = findTestData(dataFile).getValue("BusName", row): null

2021-11-08 21:07:52 - [TEST_STEP][PASSED] - AL1 = findTestData(dataFile).getValue("AL1", row): null

2021-11-08 21:07:52 - [TEST_STEP][PASSED] - City = findTestData(dataFile).getValue("City", row): null

2021-11-08 21:07:52 - [TEST_STEP][PASSED] - ZIP = findTestData(dataFile).getValue("ZIP", row): null

2021-11-08 21:07:52 - [TEST_STEP][PASSED] - FilingType = findTestData(dataFile).getValue("FilingType", row): null

2021-11-08 21:07:52 - [TEST_STEP][PASSED] - Withholding = findTestData(dataFile).getValue("Withholding", row): null

2021-11-08 21:07:52 - [TEST_STEP][PASSED] - Amount = findTestData(dataFile).getValue("Amount", row): null

2021-11-08 21:07:53 - [TEST_STEP][PASSED] - CCNumber = findTestData(dataFile).getValue("CCNumber", row): null

2021-11-08 21:07:53 - [TEST_STEP][PASSED] - CVV = findTestData(dataFile).getValue("CVV", row): null

2021-11-08 21:07:53 - [TEST_STEP][PASSED] - out.println("Value of Execute is : " + ExecuteTC): null

2021-11-08 21:07:53 - [TEST_STEP][PASSED] - if (ExecuteTC.equalsIgnoreCase("Y")): null

2021-11-08 21:07:53 - [TEST_STEP][PASSED] - ExecuteTC = findTestData(dataFile).getValue("Execute", row): null

2021-11-08 21:07:53 - [TEST_STEP][PASSED] - PaymentType = findTestData(dataFile).getValue("PaymentType", row): null

2021-11-08 21:07:53 - [TEST_STEP][PASSED] - FilingYear = findTestData(dataFile).getValue("FilingYear", row): null

2021-11-08 21:07:53 - [TEST_STEP][PASSED] - PeriodEnding = findTestData(dataFile).getValue("PeriodEnding", row): null

2021-11-08 21:07:53 - [TEST_STEP][PASSED] - FName = findTestData(dataFile).getValue("Fname", row): null

2021-11-08 21:07:53 - [TEST_STEP][PASSED] - LName = findTestData(dataFile).getValue("Lname", row): null

2021-11-08 21:07:53 - [TEST_STEP][PASSED] - SSN = findTestData(dataFile).getValue("SSN", row): null

2021-11-08 21:07:53 - [TEST_STEP][PASSED] - BusName = findTestData(dataFile).getValue("BusName", row): null

2021-11-08 21:07:53 - [TEST_STEP][PASSED] - AL1 = findTestData(dataFile).getValue("AL1", row): null

2021-11-08 21:07:53 - [TEST_STEP][PASSED] - City = findTestData(dataFile).getValue("City", row): null

2021-11-08 21:07:53 - [TEST_STEP][PASSED] - ZIP = findTestData(dataFile).getValue("ZIP", row): null

2021-11-08 21:07:53 - [TEST_STEP][PASSED] - FilingType = findTestData(dataFile).getValue("FilingType", row): null

2021-11-08 21:07:53 - [TEST_STEP][PASSED] - Withholding = findTestData(dataFile).getValue("Withholding", row): null

2021-11-08 21:07:53 - [TEST_STEP][PASSED] - Amount = findTestData(dataFile).getValue("Amount", row): null

2021-11-08 21:07:53 - [TEST_STEP][PASSED] - CCNumber = findTestData(dataFile).getValue("CCNumber", row): null

2021-11-08 21:07:53 - [TEST_STEP][PASSED] - CVV = findTestData(dataFile).getValue("CVV", row): null

2021-11-08 21:07:53 - [TEST_STEP][PASSED] - out.println("Value of Execute is : " + ExecuteTC): null

2021-11-08 21:07:53 - [TEST_STEP][PASSED] - if (ExecuteTC.equalsIgnoreCase("Y")): null

2021-11-08 21:07:53 - [TEST_STEP][PASSED] - ExecuteTC = findTestData(dataFile).getValue("Execute", row): null

2021-11-08 21:07:53 - [TEST_STEP][PASSED] - PaymentType = findTestData(dataFile).getValue("PaymentType", row): null

2021-11-08 21:07:53 - [TEST_STEP][PASSED] - FilingYear = findTestData(dataFile).getValue("FilingYear", row): null

2021-11-08 21:07:53 - [TEST_STEP][PASSED] - PeriodEnding = findTestData(dataFile).getValue("PeriodEnding", row): null

2021-11-08 21:07:53 - [TEST_STEP][PASSED] - FName = findTestData(dataFile).getValue("Fname", row): null

2021-11-08 21:07:53 - [TEST_STEP][PASSED] - LName = findTestData(dataFile).getValue("Lname", row): null

2021-11-08 21:07:53 - [TEST_STEP][PASSED] - SSN = findTestData(dataFile).getValue("SSN", row): null

2021-11-08 21:07:53 - [TEST_STEP][PASSED] - BusName = findTestData(dataFile).getValue("BusName", row): null

2021-11-08 21:07:53 - [TEST_STEP][PASSED] - AL1 = findTestData(dataFile).getValue("AL1", row): null

2021-11-08 21:07:53 - [TEST_STEP][PASSED] - City = findTestData(dataFile).getValue("City", row): null

2021-11-08 21:07:53 - [TEST_STEP][PASSED] - ZIP = findTestData(dataFile).getValue("ZIP", row): null

2021-11-08 21:07:53 - [TEST_STEP][PASSED] - FilingType = findTestData(dataFile).getValue("FilingType", row): null

2021-11-08 21:07:53 - [TEST_STEP][PASSED] - Withholding = findTestData(dataFile).getValue("Withholding", row): null

2021-11-08 21:07:54 - [TEST_STEP][PASSED] - Amount = findTestData(dataFile).getValue("Amount", row): null

2021-11-08 21:07:54 - [TEST_STEP][PASSED] - CCNumber = findTestData(dataFile).getValue("CCNumber", row): null

2021-11-08 21:07:54 - [TEST_STEP][PASSED] - CVV = findTestData(dataFile).getValue("CVV", row): null

2021-11-08 21:07:54 - [TEST_STEP][PASSED] - out.println("Value of Execute is : " + ExecuteTC): null

2021-11-08 21:07:54 - [TEST_STEP][PASSED] - if (ExecuteTC.equalsIgnoreCase("Y")): null

2021-11-08 21:07:54 - [TEST_STEP][PASSED] - ExecuteTC = findTestData(dataFile).getValue("Execute", row): null

2021-11-08 21:07:54 - [TEST_STEP][PASSED] - PaymentType = findTestData(dataFile).getValue("PaymentType", row): null

2021-11-08 21:07:54 - [TEST_STEP][PASSED] - FilingYear = findTestData(dataFile).getValue("FilingYear", row): null

2021-11-08 21:07:54 - [TEST_STEP][PASSED] - PeriodEnding = findTestData(dataFile).getValue("PeriodEnding", row): null

2021-11-08 21:07:54 - [TEST_STEP][PASSED] - FName = findTestData(dataFile).getValue("Fname", row): null

2021-11-08 21:07:54 - [TEST_STEP][PASSED] - LName = findTestData(dataFile).getValue("Lname", row): null

2021-11-08 21:07:54 - [TEST_STEP][PASSED] - SSN = findTestData(dataFile).getValue("SSN", row): null

2021-11-08 21:07:54 - [TEST_STEP][PASSED] - BusName = findTestData(dataFile).getValue("BusName", row): null

2021-11-08 21:07:54 - [TEST_STEP][PASSED] - AL1 = findTestData(dataFile).getValue("AL1", row): null

2021-11-08 21:07:54 - [TEST_STEP][PASSED] - City = findTestData(dataFile).getValue("City", row): null

2021-11-08 21:07:54 - [TEST_STEP][PASSED] - ZIP = findTestData(dataFile).getValue("ZIP", row): null

2021-11-08 21:07:54 - [TEST_STEP][PASSED] - FilingType = findTestData(dataFile).getValue("FilingType", row): null

2021-11-08 21:07:54 - [TEST_STEP][PASSED] - Withholding = findTestData(dataFile).getValue("Withholding", row): null

2021-11-08 21:07:54 - [TEST_STEP][PASSED] - Amount = findTestData(dataFile).getValue("Amount", row): null

2021-11-08 21:07:54 - [TEST_STEP][PASSED] - CCNumber = findTestData(dataFile).getValue("CCNumber", row): null

2021-11-08 21:07:54 - [TEST_STEP][PASSED] - CVV = findTestData(dataFile).getValue("CVV", row): null

2021-11-08 21:07:54 - [TEST_STEP][PASSED] - out.println("Value of Execute is : " + ExecuteTC): null

2021-11-08 21:07:54 - [TEST_STEP][PASSED] - if (ExecuteTC.equalsIgnoreCase("Y")): null

2021-11-08 21:07:54 - [TEST_STEP][PASSED] - out.println("Begin Record Number: " + row): null

2021-11-08 21:07:54 - [TEST_STEP][PASSED] - today = new java.util.Date(): null

2021-11-08 21:07:54 - [TEST_STEP][PASSED] - println(today): null

2021-11-08 21:07:54 - [TEST_STEP][PASSED] - datText = today: null

2021-11-08 21:07:54 - [TEST_STEP][PASSED] - Taxtype = findTestData(dataFile).getValue("TaxType", row): null

2021-11-08 21:07:54 - [TEST_STEP][PASSED] - out.println("Taxtype value is : " + Taxtype): null

2021-11-08 21:07:54 - [TEST_STEP][PASSED] - openBrowser(""): Browser is opened with url: ''

2021-11-08 21:07:54 - [MESSAGE][INFO] - Starting 'Chrome' driver

2021-11-08 21:07:54 - [MESSAGE][INFO] - User set preference: ['acceptInsecureCerts', 'true']

2021-11-08 21:07:54 - [MESSAGE][INFO] - Action delay is set to 0 milliseconds

2021-11-08 21:07:57 - [MESSAGE][PASSED] - Browser is opened with url: ''

2021-11-08 21:07:57 - [TEST_STEP][PASSED] - maximizeWindow(): Current window maximized

2021-11-08 21:07:57 - [MESSAGE][PASSED] - Current window maximized

2021-11-08 21:07:57 - [TEST_STEP][PASSED] - navigateToUrl(RADurl): Navigate to 'https://qa.velocitypayment.com/client/rad/index.html' successfully

2021-11-08 21:07:59 - [MESSAGE][PASSED] - Navigate to 'https://qa.velocitypayment.com/client/rad/index.html' successfully

2021-11-08 21:07:59 - [TEST_STEP][PASSED] - orPath_Landing = "Object Repository/RAD_Pages/Landing_Page": null

2021-11-08 21:07:59 - [TEST_STEP][PASSED] - orPath_TaxTypeFilingYear = "Object Repository/RAD_Pages/TaxTypeFilingYear_Page": null

2021-11-08 21:07:59 - [TEST_STEP][PASSED] - orPath_TaxPayer = "Object Repository/RAD_Pages/Taxpayer_Page": null

2021-11-08 21:07:59 - [TEST_STEP][PASSED] - orPath_AddressContact = "Object Repository/RAD_Pages/AddressAndContactInfo_Page": null

2021-11-08 21:07:59 - [TEST_STEP][PASSED] - orPath_FilingStatus = "Object Repository/RAD_Pages/FilingStatus_Page": null

2021-11-08 21:07:59 - [TEST_STEP][PASSED] - orPath_Amount = "Object Repository/RAD_Pages/PaymentAmount_Page": null

2021-11-08 21:07:59 - [TEST_STEP][PASSED] - orPath_TaxInfo = "Object Repository/RAD_Pages/TaxInfo_Page": null

2021-11-08 21:07:59 - [TEST_STEP][PASSED] - orPath_Withholding = "Object Repository/RAD_Pages/Withholding_Page": null

2021-11-08 21:07:59 - [TEST_STEP][PASSED] - orPath_Summary = "Object Repository/RAD_Pages/Summary_Page": null

2021-11-08 21:07:59 - [TEST_STEP][PASSED] - orPath_PaymentReady = "Object Repository/RAD_Pages/PaymentReady_Page": null

2021-11-08 21:07:59 - [TEST_STEP][PASSED] - orPath_PaymentEntry = "Object Repository/RAD_Pages/PaymentEntry_Page": null

2021-11-08 21:07:59 - [TEST_STEP][PASSED] - orPath_PaymentConfirmation = "Object Repository/RAD_Pages/PaymentConfirmation_Page": null

2021-11-08 21:07:59 - [TEST_STEP][PASSED] - orPath_ServiceFeesAccept = "Object Repository/RAD_Pages/ServiceFeeAccept_Page": null

2021-11-08 21:07:59 - [TEST_STEP][PASSED] - selectOptionByLabel(findTestObject(orPath_Landing + "/dd_TaxType"), Taxtype, false): All options with label 'Extension Payments' are selected in object 'Object Repository/RAD_Pages/Landing_Page/dd_TaxType' 

2021-11-08 21:08:00 - [MESSAGE][PASSED] - All options with label 'Extension Payments' are selected in object 'Object Repository/RAD_Pages/Landing_Page/dd_TaxType' 

2021-11-08 21:08:00 - [TEST_STEP][PASSED] - delay(3): Delayed 3 second(s)

2021-11-08 21:08:03 - [MESSAGE][PASSED] - Delayed 3 second(s)

2021-11-08 21:08:03 - [TEST_STEP][PASSED] - switch (Taxtype): null

2021-11-08 21:08:03 - [TEST_STEP][PASSED] - case "Extension Payments":: null

2021-11-08 21:08:03 - [TEST_STEP][PASSED] - selectOptionByLabel(findTestObject(orPath_TaxTypeFilingYear + "/select_PaymentType"), PaymentType, false): All options with label 'Personal' are selected in object 'Object Repository/RAD_Pages/TaxTypeFilingYear_Page/select_PaymentType' 

2021-11-08 21:08:04 - [MESSAGE][PASSED] - All options with label 'Personal' are selected in object 'Object Repository/RAD_Pages/TaxTypeFilingYear_Page/select_PaymentType' 

2021-11-08 21:08:04 - [TEST_STEP][PASSED] - selectOptionByLabel(findTestObject(orPath_TaxTypeFilingYear + "/select_FilingYear"), FilingYear, false): All options with label '2020' are selected in object 'Object Repository/RAD_Pages/TaxTypeFilingYear_Page/select_FilingYear' 

2021-11-08 21:08:04 - [MESSAGE][PASSED] - All options with label '2020' are selected in object 'Object Repository/RAD_Pages/TaxTypeFilingYear_Page/select_FilingYear' 

2021-11-08 21:08:04 - [TEST_STEP][PASSED] - if (PaymentType.equalsIgnoreCase("Personal")): Object 'Object Repository/RAD_Pages/FilingStatus_Page/input_userType_Individual' is checked

2021-11-08 21:08:04 - [TEST_STEP][PASSED] - if (FilingType.equalsIgnoreCase("Y")): Object 'Object Repository/RAD_Pages/FilingStatus_Page/input_userType_Individual' is checked

2021-11-08 21:08:04 - [TEST_STEP][PASSED] - setText(findTestObject(orPath_TaxPayer + "/input_lastName"), LName): Text 'Anderson' is set on object 'Object Repository/RAD_Pages/Taxpayer_Page/input_lastName'

2021-11-08 21:08:05 - [MESSAGE][PASSED] - Text 'Anderson' is set on object 'Object Repository/RAD_Pages/Taxpayer_Page/input_lastName'

2021-11-08 21:08:05 - [TEST_STEP][PASSED] - setText(findTestObject("RAD_RecordAndPlay/input_concatSSN"), SSN): Text '123451234' is set on object 'Object Repository/RAD_RecordAndPlay/input_concatSSN'

2021-11-08 21:08:06 - [MESSAGE][PASSED] - Text '123451234' is set on object 'Object Repository/RAD_RecordAndPlay/input_concatSSN'

2021-11-08 21:08:06 - [TEST_STEP][PASSED] - setText(findTestObject("RAD_RecordAndPlay/input_concatReSSN"), SSN): Text '123451234' is set on object 'Object Repository/RAD_RecordAndPlay/input_concatReSSN'

2021-11-08 21:08:06 - [MESSAGE][PASSED] - Text '123451234' is set on object 'Object Repository/RAD_RecordAndPlay/input_concatReSSN'

2021-11-08 21:08:06 - [TEST_STEP][PASSED] - check(findTestObject(orPath_FilingStatus + "/input_userType_Individual")): Object 'Object Repository/RAD_Pages/FilingStatus_Page/input_userType_Individual' is checked

2021-11-08 21:08:07 - [MESSAGE][PASSED] - Object 'Object Repository/RAD_Pages/FilingStatus_Page/input_userType_Individual' is checked

2021-11-08 21:08:07 - [TEST_STEP][PASSED] - break: null

2021-11-08 21:08:07 - [TEST_STEP][PASSED] - setText(findTestObject(orPath_TaxPayer + "/input_firstName"), FName): Text 'Jimmie' is set on object 'Object Repository/RAD_Pages/Taxpayer_Page/input_firstName'

2021-11-08 21:08:07 - [MESSAGE][PASSED] - Text 'Jimmie' is set on object 'Object Repository/RAD_Pages/Taxpayer_Page/input_firstName'

2021-11-08 21:08:07 - [TEST_STEP][PASSED] - setText(findTestObject(orPath_TaxPayer + "/input_lastName"), LName): Text 'Anderson' is set on object 'Object Repository/RAD_Pages/Taxpayer_Page/input_lastName'

2021-11-08 21:08:08 - [MESSAGE][PASSED] - Text 'Anderson' is set on object 'Object Repository/RAD_Pages/Taxpayer_Page/input_lastName'

2021-11-08 21:08:08 - [TEST_STEP][PASSED] - selectOptionByLabel(findTestObject(orPath_AddressContact + "/select_Country"), "United States", false): All options with label 'United States' are selected in object 'Object Repository/RAD_Pages/AddressAndContactInfo_Page/select_Country' 

2021-11-08 21:08:09 - [MESSAGE][PASSED] - All options with label 'United States' are selected in object 'Object Repository/RAD_Pages/AddressAndContactInfo_Page/select_Country' 

2021-11-08 21:08:09 - [TEST_STEP][PASSED] - setText(findTestObject(orPath_AddressContact + "/input_streetAddress1"), AL1): Text '15 Main Street' is set on object 'Object Repository/RAD_Pages/AddressAndContactInfo_Page/input_streetAddress1'

2021-11-08 21:08:09 - [MESSAGE][PASSED] - Text '15 Main Street' is set on object 'Object Repository/RAD_Pages/AddressAndContactInfo_Page/input_streetAddress1'

2021-11-08 21:08:09 - [TEST_STEP][PASSED] - setText(findTestObject(orPath_AddressContact + "/input_streetAddress2"), ""): Text '' is set on object 'Object Repository/RAD_Pages/AddressAndContactInfo_Page/input_streetAddress2'

2021-11-08 21:08:10 - [MESSAGE][PASSED] - Text '' is set on object 'Object Repository/RAD_Pages/AddressAndContactInfo_Page/input_streetAddress2'

2021-11-08 21:08:10 - [TEST_STEP][PASSED] - setText(findTestObject(orPath_AddressContact + "/input_city"), City): Text 'Gambrills' is set on object 'Object Repository/RAD_Pages/AddressAndContactInfo_Page/input_city'

2021-11-08 21:08:11 - [MESSAGE][PASSED] - Text 'Gambrills' is set on object 'Object Repository/RAD_Pages/AddressAndContactInfo_Page/input_city'

2021-11-08 21:08:11 - [TEST_STEP][PASSED] - selectOptionByLabel(findTestObject(orPath_AddressContact + "/select_State"), "Maryland", false): All options with label 'Maryland' are selected in object 'Object Repository/RAD_Pages/AddressAndContactInfo_Page/select_State' 

2021-11-08 21:08:11 - [MESSAGE][PASSED] - All options with label 'Maryland' are selected in object 'Object Repository/RAD_Pages/AddressAndContactInfo_Page/select_State' 

2021-11-08 21:08:11 - [TEST_STEP][PASSED] - setText(findTestObject(orPath_AddressContact + "/input_zipCode"), ZIP): Text '21054' is set on object 'Object Repository/RAD_Pages/AddressAndContactInfo_Page/input_zipCode'

2021-11-08 21:08:12 - [MESSAGE][PASSED] - Text '21054' is set on object 'Object Repository/RAD_Pages/AddressAndContactInfo_Page/input_zipCode'

2021-11-08 21:08:12 - [TEST_STEP][PASSED] - setText(findTestObject(orPath_AddressContact + "/input_phoneNumber"), "(703) 894-5000"): Text '(703) 894-5000' is set on object 'Object Repository/RAD_Pages/AddressAndContactInfo_Page/input_phoneNumber'

2021-11-08 21:08:13 - [MESSAGE][PASSED] - Text '(703) 894-5000' is set on object 'Object Repository/RAD_Pages/AddressAndContactInfo_Page/input_phoneNumber'

2021-11-08 21:08:13 - [TEST_STEP][PASSED] - setText(findTestObject(orPath_AddressContact + "/input_eMailAddress"), "iahmed@govolution.com"): Text 'iahmed@govolution.com' is set on object 'Object Repository/RAD_Pages/AddressAndContactInfo_Page/input_eMailAddress'

2021-11-08 21:08:14 - [MESSAGE][PASSED] - Text 'iahmed@govolution.com' is set on object 'Object Repository/RAD_Pages/AddressAndContactInfo_Page/input_eMailAddress'

2021-11-08 21:08:14 - [TEST_STEP][PASSED] - setText(findTestObject(orPath_AddressContact + "/input_reEnterEMailAddress"), "iahmed@govolution.com"): Text 'iahmed@govolution.com' is set on object 'Object Repository/RAD_Pages/AddressAndContactInfo_Page/input_reEnterEMailAddress'

2021-11-08 21:08:15 - [MESSAGE][PASSED] - Text 'iahmed@govolution.com' is set on object 'Object Repository/RAD_Pages/AddressAndContactInfo_Page/input_reEnterEMailAddress'

2021-11-08 21:08:15 - [TEST_STEP][PASSED] - setText(findTestObject(orPath_Amount + "/input__paymentAmount"), Amount): Text '100.00' is set on object 'Object Repository/RAD_Pages/PaymentAmount_Page/input__paymentAmount'

2021-11-08 21:08:15 - [MESSAGE][PASSED] - Text '100.00' is set on object 'Object Repository/RAD_Pages/PaymentAmount_Page/input__paymentAmount'

2021-11-08 21:08:15 - [TEST_STEP][PASSED] - scrollToElement(findTestObject(orPath_Landing + "/button_Continue"), 3): Scroll to object 'Object Repository/RAD_Pages/Landing_Page/button_Continue' successfully

2021-11-08 21:08:16 - [MESSAGE][PASSED] - Scroll to object 'Object Repository/RAD_Pages/Landing_Page/button_Continue' successfully

2021-11-08 21:08:16 - [TEST_STEP][PASSED] - waitForElementClickable(findTestObject(orPath_Landing + "/button_Continue"), 5): Object 'Object Repository/RAD_Pages/Landing_Page/button_Continue' is clickable

2021-11-08 21:08:16 - [MESSAGE][PASSED] - Object 'Object Repository/RAD_Pages/Landing_Page/button_Continue' is clickable

2021-11-08 21:08:16 - [TEST_STEP][PASSED] - click(findTestObject(orPath_Landing + "/button_Continue")): Object: 'Object Repository/RAD_Pages/Landing_Page/button_Continue' is clicked on

2021-11-08 21:08:17 - [MESSAGE][PASSED] - Object: 'Object Repository/RAD_Pages/Landing_Page/button_Continue' is clicked on

2021-11-08 21:08:17 - [TEST_STEP][PASSED] - verifyTextPresent("Review the information below and make any necessary corrections by clicking the", true): Text 'Review the information below and make any necessary corrections by clicking the' is present on page  using regular expression

2021-11-08 21:08:17 - [MESSAGE][PASSED] - Text 'Review the information below and make any necessary corrections by clicking the' is present on page  using regular expression

2021-11-08 21:08:17 - [TEST_STEP][PASSED] - verifyTextPresent("When you are confident that all the information is correct", true): Text 'When you are confident that all the information is correct' is present on page  using regular expression

2021-11-08 21:08:18 - [MESSAGE][PASSED] - Text 'When you are confident that all the information is correct' is present on page  using regular expression

2021-11-08 21:08:18 - [TEST_STEP][PASSED] - delay(1): Delayed 1 second(s)

2021-11-08 21:08:19 - [MESSAGE][PASSED] - Delayed 1 second(s)

2021-11-08 21:08:19 - [TEST_STEP][PASSED] - click(findTestObject(orPath_Summary + "/button_Proceed to Payment")): Object: 'Object Repository/RAD_Pages/Summary_Page/button_Proceed to Payment' is clicked on

2021-11-08 21:08:20 - [MESSAGE][PASSED] - Object: 'Object Repository/RAD_Pages/Summary_Page/button_Proceed to Payment' is clicked on

2021-11-08 21:08:20 - [TEST_STEP][PASSED] - setText(findTestObject(orPath_PaymentEntry + "/input__cardNumber"), CCNumber): Text '4012000098765439' is set on object 'Object Repository/RAD_Pages/PaymentEntry_Page/input__cardNumber'

2021-11-08 21:08:21 - [MESSAGE][PASSED] - Text '4012000098765439' is set on object 'Object Repository/RAD_Pages/PaymentEntry_Page/input__cardNumber'

2021-11-08 21:08:21 - [TEST_STEP][PASSED] - setText(findTestObject(orPath_PaymentEntry + "/input__spc"), CVV): Text '123' is set on object 'Object Repository/RAD_Pages/PaymentEntry_Page/input__spc'

2021-11-08 21:08:22 - [MESSAGE][PASSED] - Text '123' is set on object 'Object Repository/RAD_Pages/PaymentEntry_Page/input__spc'

2021-11-08 21:08:22 - [TEST_STEP][PASSED] - selectOptionByLabel(findTestObject(orPath_PaymentEntry + "/select_MM"), "12", false): All options with label '12' are selected in object 'Object Repository/RAD_Pages/PaymentEntry_Page/select_MM' 

2021-11-08 21:08:23 - [MESSAGE][PASSED] - All options with label '12' are selected in object 'Object Repository/RAD_Pages/PaymentEntry_Page/select_MM' 

2021-11-08 21:08:23 - [TEST_STEP][PASSED] - selectOptionByLabel(findTestObject(orPath_PaymentEntry + "/select_YYYY"), "2023", false): All options with label '2023' are selected in object 'Object Repository/RAD_Pages/PaymentEntry_Page/select_YYYY' 

2021-11-08 21:08:23 - [MESSAGE][PASSED] - All options with label '2023' are selected in object 'Object Repository/RAD_Pages/PaymentEntry_Page/select_YYYY' 

2021-11-08 21:08:23 - [TEST_STEP][PASSED] - click(findTestObject(orPath_PaymentEntry + "/input_Field_ccSubmit")): Object: 'Object Repository/RAD_Pages/PaymentEntry_Page/input_Field_ccSubmit' is clicked on

2021-11-08 21:08:24 - [MESSAGE][PASSED] - Object: 'Object Repository/RAD_Pages/PaymentEntry_Page/input_Field_ccSubmit' is clicked on

2021-11-08 21:08:24 - [TEST_STEP][PASSED] - click(findTestObject(orPath_PaymentConfirmation + "/input_N_confirmNotifyAction")): Object: 'Object Repository/RAD_Pages/PaymentConfirmation_Page/input_N_confirmNotifyAction' is clicked on

2021-11-08 21:08:26 - [MESSAGE][PASSED] - Object: 'Object Repository/RAD_Pages/PaymentConfirmation_Page/input_N_confirmNotifyAction' is clicked on

2021-11-08 21:08:26 - [TEST_STEP][PASSED] - click(findTestObject(orPath_ServiceFeesAccept + "/input_convFeeNotifyAction")): Object: 'Object Repository/RAD_Pages/ServiceFeeAccept_Page/input_convFeeNotifyAction' is clicked on

2021-11-08 21:08:27 - [MESSAGE][PASSED] - Object: 'Object Repository/RAD_Pages/ServiceFeeAccept_Page/input_convFeeNotifyAction' is clicked on

2021-11-08 21:08:27 - [TEST_STEP][PASSED] - delay(10): Delayed 10 second(s)

2021-11-08 21:08:37 - [MESSAGE][PASSED] - Delayed 10 second(s)

2021-11-08 21:08:37 - [TEST_STEP][PASSED] - verifyTextPresent("Successful Payment Receipt", true): Text 'Successful Payment Receipt' is present on page  using regular expression

2021-11-08 21:08:37 - [MESSAGE][PASSED] - Text 'Successful Payment Receipt' is present on page  using regular expression

2021-11-08 21:08:37 - [TEST_STEP][PASSED] - if (verifyTextPresent("Successful Payment Receipt", true)): null

2021-11-08 21:08:38 - [MESSAGE][PASSED] - Text 'Successful Payment Receipt' is present on page  using regular expression

2021-11-08 21:08:38 - [TEST_STEP][PASSED] - println("Transaction was Successful"): null

2021-11-08 21:08:38 - [TEST_STEP][PASSED] - out.println("Pass Record Number: " + row): null

2021-11-08 21:08:38 - [TEST_STEP][PASSED] - resText = "Pass": null

2021-11-08 21:08:38 - [TEST_STEP][PASSED] - pages.WriteExcel.demoKey(resText, datText, resColumn, datCloumn, fileLoc, nameSheet, row): pages.WriteExcel.demoKey is PASSED

2021-11-08 21:08:38 - [MESSAGE][PASSED] - pages.WriteExcel.demoKey is PASSED

2021-11-08 21:08:38 - [TEST_STEP][PASSED] - ExecuteTC = findTestData(dataFile).getValue("Execute", row): null

2021-11-08 21:08:38 - [TEST_STEP][PASSED] - PaymentType = findTestData(dataFile).getValue("PaymentType", row): null

2021-11-08 21:08:38 - [TEST_STEP][PASSED] - FilingYear = findTestData(dataFile).getValue("FilingYear", row): null

2021-11-08 21:08:38 - [TEST_STEP][PASSED] - PeriodEnding = findTestData(dataFile).getValue("PeriodEnding", row): null

2021-11-08 21:08:38 - [TEST_STEP][PASSED] - FName = findTestData(dataFile).getValue("Fname", row): null

2021-11-08 21:08:38 - [TEST_STEP][PASSED] - LName = findTestData(dataFile).getValue("Lname", row): null

2021-11-08 21:08:38 - [TEST_STEP][PASSED] - SSN = findTestData(dataFile).getValue("SSN", row): null

2021-11-08 21:08:38 - [TEST_STEP][PASSED] - BusName = findTestData(dataFile).getValue("BusName", row): null

2021-11-08 21:08:38 - [TEST_STEP][PASSED] - AL1 = findTestData(dataFile).getValue("AL1", row): null

2021-11-08 21:08:38 - [TEST_STEP][PASSED] - City = findTestData(dataFile).getValue("City", row): null

2021-11-08 21:08:38 - [TEST_STEP][PASSED] - ZIP = findTestData(dataFile).getValue("ZIP", row): null

2021-11-08 21:08:38 - [TEST_STEP][PASSED] - FilingType = findTestData(dataFile).getValue("FilingType", row): null

2021-11-08 21:08:38 - [TEST_STEP][PASSED] - Withholding = findTestData(dataFile).getValue("Withholding", row): null

2021-11-08 21:08:38 - [TEST_STEP][PASSED] - Amount = findTestData(dataFile).getValue("Amount", row): null

2021-11-08 21:08:38 - [TEST_STEP][PASSED] - CCNumber = findTestData(dataFile).getValue("CCNumber", row): null

2021-11-08 21:08:39 - [TEST_STEP][PASSED] - CVV = findTestData(dataFile).getValue("CVV", row): null

2021-11-08 21:08:39 - [TEST_STEP][PASSED] - out.println("Value of Execute is : " + ExecuteTC): null

2021-11-08 21:08:39 - [TEST_STEP][PASSED] - if (ExecuteTC.equalsIgnoreCase("Y")): null

2021-11-08 21:08:39 - [TEST_STEP][PASSED] - out.println("Begin Record Number: " + row): null

2021-11-08 21:08:39 - [TEST_STEP][PASSED] - today = new java.util.Date(): null

2021-11-08 21:08:39 - [TEST_STEP][PASSED] - println(today): null

2021-11-08 21:08:39 - [TEST_STEP][PASSED] - datText = today: null

2021-11-08 21:08:39 - [TEST_STEP][PASSED] - Taxtype = findTestData(dataFile).getValue("TaxType", row): null

2021-11-08 21:08:39 - [TEST_STEP][PASSED] - out.println("Taxtype value is : " + Taxtype): null

2021-11-08 21:08:39 - [TEST_STEP][PASSED] - openBrowser(""): Browser is opened with url: ''

2021-11-08 21:08:39 - [MESSAGE][WARNING] - A browser is already opened. Closing browser and opening a new one

2021-11-08 21:08:39 - [MESSAGE][INFO] - Starting 'Chrome' driver

2021-11-08 21:08:39 - [MESSAGE][INFO] - User set preference: ['acceptInsecureCerts', 'true']

2021-11-08 21:08:39 - [MESSAGE][INFO] - Action delay is set to 0 milliseconds

2021-11-08 21:08:41 - [MESSAGE][PASSED] - Browser is opened with url: ''

2021-11-08 21:08:41 - [TEST_STEP][PASSED] - maximizeWindow(): Current window maximized

2021-11-08 21:08:41 - [MESSAGE][PASSED] - Current window maximized

2021-11-08 21:08:41 - [TEST_STEP][PASSED] - navigateToUrl(RADurl): Navigate to 'https://qa.velocitypayment.com/client/rad/index.html' successfully

2021-11-08 21:08:43 - [MESSAGE][PASSED] - Navigate to 'https://qa.velocitypayment.com/client/rad/index.html' successfully

2021-11-08 21:08:43 - [TEST_STEP][PASSED] - orPath_Landing = "Object Repository/RAD_Pages/Landing_Page": null

2021-11-08 21:08:43 - [TEST_STEP][PASSED] - orPath_TaxTypeFilingYear = "Object Repository/RAD_Pages/TaxTypeFilingYear_Page": null

2021-11-08 21:08:43 - [TEST_STEP][PASSED] - orPath_TaxPayer = "Object Repository/RAD_Pages/Taxpayer_Page": null

2021-11-08 21:08:43 - [TEST_STEP][PASSED] - orPath_AddressContact = "Object Repository/RAD_Pages/AddressAndContactInfo_Page": null

2021-11-08 21:08:43 - [TEST_STEP][PASSED] - orPath_FilingStatus = "Object Repository/RAD_Pages/FilingStatus_Page": null

2021-11-08 21:08:43 - [TEST_STEP][PASSED] - orPath_Amount = "Object Repository/RAD_Pages/PaymentAmount_Page": null

2021-11-08 21:08:43 - [TEST_STEP][PASSED] - orPath_TaxInfo = "Object Repository/RAD_Pages/TaxInfo_Page": null

2021-11-08 21:08:43 - [TEST_STEP][PASSED] - orPath_Withholding = "Object Repository/RAD_Pages/Withholding_Page": null

2021-11-08 21:08:43 - [TEST_STEP][PASSED] - orPath_Summary = "Object Repository/RAD_Pages/Summary_Page": null

2021-11-08 21:08:43 - [TEST_STEP][PASSED] - orPath_PaymentReady = "Object Repository/RAD_Pages/PaymentReady_Page": null

2021-11-08 21:08:43 - [TEST_STEP][PASSED] - orPath_PaymentEntry = "Object Repository/RAD_Pages/PaymentEntry_Page": null

2021-11-08 21:08:43 - [TEST_STEP][PASSED] - orPath_PaymentConfirmation = "Object Repository/RAD_Pages/PaymentConfirmation_Page": null

2021-11-08 21:08:43 - [TEST_STEP][PASSED] - orPath_ServiceFeesAccept = "Object Repository/RAD_Pages/ServiceFeeAccept_Page": null

2021-11-08 21:08:43 - [TEST_STEP][PASSED] - selectOptionByLabel(findTestObject(orPath_Landing + "/dd_TaxType"), Taxtype, false): All options with label 'Extension Payments' are selected in object 'Object Repository/RAD_Pages/Landing_Page/dd_TaxType' 

2021-11-08 21:08:44 - [MESSAGE][PASSED] - All options with label 'Extension Payments' are selected in object 'Object Repository/RAD_Pages/Landing_Page/dd_TaxType' 

2021-11-08 21:08:44 - [TEST_STEP][PASSED] - delay(3): Delayed 3 second(s)

2021-11-08 21:08:47 - [MESSAGE][PASSED] - Delayed 3 second(s)

2021-11-08 21:08:47 - [TEST_STEP][PASSED] - switch (Taxtype): null

2021-11-08 21:08:47 - [TEST_STEP][PASSED] - case "Extension Payments":: null

2021-11-08 21:08:47 - [TEST_STEP][PASSED] - selectOptionByLabel(findTestObject(orPath_TaxTypeFilingYear + "/select_PaymentType"), PaymentType, false): All options with label 'Personal' are selected in object 'Object Repository/RAD_Pages/TaxTypeFilingYear_Page/select_PaymentType' 

2021-11-08 21:08:47 - [MESSAGE][PASSED] - All options with label 'Personal' are selected in object 'Object Repository/RAD_Pages/TaxTypeFilingYear_Page/select_PaymentType' 

2021-11-08 21:08:47 - [TEST_STEP][PASSED] - selectOptionByLabel(findTestObject(orPath_TaxTypeFilingYear + "/select_FilingYear"), FilingYear, false): All options with label '2020' are selected in object 'Object Repository/RAD_Pages/TaxTypeFilingYear_Page/select_FilingYear' 

2021-11-08 21:08:48 - [MESSAGE][PASSED] - All options with label '2020' are selected in object 'Object Repository/RAD_Pages/TaxTypeFilingYear_Page/select_FilingYear' 

2021-11-08 21:08:48 - [TEST_STEP][PASSED] - if (PaymentType.equalsIgnoreCase("Personal")): Text '123443210' is set on object 'Object Repository/RAD_RecordAndPlay/input_reTypeJointFilerSSN'

2021-11-08 21:08:48 - [TEST_STEP][PASSED] - if (FilingType.equalsIgnoreCase("Y")): null

2021-11-08 21:08:48 - [TEST_STEP][PASSED] - else: Text '123443210' is set on object 'Object Repository/RAD_RecordAndPlay/input_reTypeJointFilerSSN'

2021-11-08 21:08:48 - [TEST_STEP][PASSED] - scrollToElement(findTestObject(orPath_Amount + "/input__paymentAmount"), 3): Scroll to object 'Object Repository/RAD_Pages/PaymentAmount_Page/input__paymentAmount' successfully

2021-11-08 21:08:48 - [MESSAGE][PASSED] - Scroll to object 'Object Repository/RAD_Pages/PaymentAmount_Page/input__paymentAmount' successfully

2021-11-08 21:08:48 - [TEST_STEP][PASSED] - waitForElementClickable(findTestObject(orPath_FilingStatus + "/input_userType_Joint"), 5): Object 'Object Repository/RAD_Pages/FilingStatus_Page/input_userType_Joint' is clickable

2021-11-08 21:08:49 - [MESSAGE][PASSED] - Object 'Object Repository/RAD_Pages/FilingStatus_Page/input_userType_Joint' is clickable

2021-11-08 21:08:49 - [TEST_STEP][PASSED] - check(findTestObject(orPath_FilingStatus + "/input_userType_Joint")): Object 'Object Repository/RAD_Pages/FilingStatus_Page/input_userType_Joint' is checked

2021-11-08 21:08:49 - [MESSAGE][PASSED] - Object 'Object Repository/RAD_Pages/FilingStatus_Page/input_userType_Joint' is checked

2021-11-08 21:08:49 - [TEST_STEP][PASSED] - delay(3): Delayed 3 second(s)

2021-11-08 21:08:52 - [MESSAGE][PASSED] - Delayed 3 second(s)

2021-11-08 21:08:52 - [TEST_STEP][PASSED] - setText(findTestObject(orPath_FilingStatus + "/input_jointFirstName"), "Sam"): Text 'Sam' is set on object 'Object Repository/RAD_Pages/FilingStatus_Page/input_jointFirstName'

2021-11-08 21:08:53 - [MESSAGE][PASSED] - Text 'Sam' is set on object 'Object Repository/RAD_Pages/FilingStatus_Page/input_jointFirstName'

2021-11-08 21:08:53 - [TEST_STEP][PASSED] - setText(findTestObject(orPath_FilingStatus + "/input_jointLastName"), "Stokes"): Text 'Stokes' is set on object 'Object Repository/RAD_Pages/FilingStatus_Page/input_jointLastName'

2021-11-08 21:08:53 - [MESSAGE][PASSED] - Text 'Stokes' is set on object 'Object Repository/RAD_Pages/FilingStatus_Page/input_jointLastName'

2021-11-08 21:08:53 - [TEST_STEP][PASSED] - setText(findTestObject("Object Repository/RAD_RecordAndPlay/input_JointFilerSSN"), "123443210"): Text '123443210' is set on object 'Object Repository/RAD_RecordAndPlay/input_JointFilerSSN'

2021-11-08 21:08:54 - [MESSAGE][PASSED] - Text '123443210' is set on object 'Object Repository/RAD_RecordAndPlay/input_JointFilerSSN'

2021-11-08 21:08:54 - [TEST_STEP][PASSED] - setText(findTestObject("Object Repository/RAD_RecordAndPlay/input_reTypeJointFilerSSN"), "123443210"): Text '123443210' is set on object 'Object Repository/RAD_RecordAndPlay/input_reTypeJointFilerSSN'

2021-11-08 21:08:54 - [MESSAGE][PASSED] - Text '123443210' is set on object 'Object Repository/RAD_RecordAndPlay/input_reTypeJointFilerSSN'

2021-11-08 21:08:54 - [TEST_STEP][PASSED] - break: null

2021-11-08 21:08:54 - [TEST_STEP][PASSED] - setText(findTestObject(orPath_TaxPayer + "/input_firstName"), FName): Text 'Stuart' is set on object 'Object Repository/RAD_Pages/Taxpayer_Page/input_firstName'

2021-11-08 21:08:55 - [MESSAGE][PASSED] - Text 'Stuart' is set on object 'Object Repository/RAD_Pages/Taxpayer_Page/input_firstName'

2021-11-08 21:08:55 - [TEST_STEP][PASSED] - setText(findTestObject(orPath_TaxPayer + "/input_lastName"), LName): Text 'Broad' is set on object 'Object Repository/RAD_Pages/Taxpayer_Page/input_lastName'

2021-11-08 21:08:56 - [MESSAGE][PASSED] - Text 'Broad' is set on object 'Object Repository/RAD_Pages/Taxpayer_Page/input_lastName'

2021-11-08 21:08:56 - [TEST_STEP][PASSED] - selectOptionByLabel(findTestObject(orPath_AddressContact + "/select_Country"), "United States", false): All options with label 'United States' are selected in object 'Object Repository/RAD_Pages/AddressAndContactInfo_Page/select_Country' 

2021-11-08 21:08:57 - [MESSAGE][PASSED] - All options with label 'United States' are selected in object 'Object Repository/RAD_Pages/AddressAndContactInfo_Page/select_Country' 

2021-11-08 21:08:57 - [TEST_STEP][PASSED] - setText(findTestObject(orPath_AddressContact + "/input_streetAddress1"), AL1): Text '15 Main Street' is set on object 'Object Repository/RAD_Pages/AddressAndContactInfo_Page/input_streetAddress1'

2021-11-08 21:08:57 - [MESSAGE][PASSED] - Text '15 Main Street' is set on object 'Object Repository/RAD_Pages/AddressAndContactInfo_Page/input_streetAddress1'

2021-11-08 21:08:57 - [TEST_STEP][PASSED] - setText(findTestObject(orPath_AddressContact + "/input_streetAddress2"), ""): Text '' is set on object 'Object Repository/RAD_Pages/AddressAndContactInfo_Page/input_streetAddress2'

2021-11-08 21:08:58 - [MESSAGE][PASSED] - Text '' is set on object 'Object Repository/RAD_Pages/AddressAndContactInfo_Page/input_streetAddress2'

2021-11-08 21:08:58 - [TEST_STEP][PASSED] - setText(findTestObject(orPath_AddressContact + "/input_city"), City): Text 'Gambrills' is set on object 'Object Repository/RAD_Pages/AddressAndContactInfo_Page/input_city'

2021-11-08 21:08:59 - [MESSAGE][PASSED] - Text 'Gambrills' is set on object 'Object Repository/RAD_Pages/AddressAndContactInfo_Page/input_city'

2021-11-08 21:08:59 - [TEST_STEP][PASSED] - selectOptionByLabel(findTestObject(orPath_AddressContact + "/select_State"), "Maryland", false): All options with label 'Maryland' are selected in object 'Object Repository/RAD_Pages/AddressAndContactInfo_Page/select_State' 

2021-11-08 21:08:59 - [MESSAGE][PASSED] - All options with label 'Maryland' are selected in object 'Object Repository/RAD_Pages/AddressAndContactInfo_Page/select_State' 

2021-11-08 21:08:59 - [TEST_STEP][PASSED] - setText(findTestObject(orPath_AddressContact + "/input_zipCode"), ZIP): Text '21054' is set on object 'Object Repository/RAD_Pages/AddressAndContactInfo_Page/input_zipCode'

2021-11-08 21:09:00 - [MESSAGE][PASSED] - Text '21054' is set on object 'Object Repository/RAD_Pages/AddressAndContactInfo_Page/input_zipCode'

2021-11-08 21:09:00 - [TEST_STEP][PASSED] - setText(findTestObject(orPath_AddressContact + "/input_phoneNumber"), "(703) 894-5000"): Text '(703) 894-5000' is set on object 'Object Repository/RAD_Pages/AddressAndContactInfo_Page/input_phoneNumber'

2021-11-08 21:09:01 - [MESSAGE][PASSED] - Text '(703) 894-5000' is set on object 'Object Repository/RAD_Pages/AddressAndContactInfo_Page/input_phoneNumber'

2021-11-08 21:09:01 - [TEST_STEP][PASSED] - setText(findTestObject(orPath_AddressContact + "/input_eMailAddress"), "iahmed@govolution.com"): Text 'iahmed@govolution.com' is set on object 'Object Repository/RAD_Pages/AddressAndContactInfo_Page/input_eMailAddress'

2021-11-08 21:09:02 - [MESSAGE][PASSED] - Text 'iahmed@govolution.com' is set on object 'Object Repository/RAD_Pages/AddressAndContactInfo_Page/input_eMailAddress'

2021-11-08 21:09:02 - [TEST_STEP][PASSED] - setText(findTestObject(orPath_AddressContact + "/input_reEnterEMailAddress"), "iahmed@govolution.com"): Text 'iahmed@govolution.com' is set on object 'Object Repository/RAD_Pages/AddressAndContactInfo_Page/input_reEnterEMailAddress'

2021-11-08 21:09:02 - [MESSAGE][PASSED] - Text 'iahmed@govolution.com' is set on object 'Object Repository/RAD_Pages/AddressAndContactInfo_Page/input_reEnterEMailAddress'

2021-11-08 21:09:02 - [TEST_STEP][PASSED] - setText(findTestObject(orPath_Amount + "/input__paymentAmount"), Amount): Text '100.00' is set on object 'Object Repository/RAD_Pages/PaymentAmount_Page/input__paymentAmount'

2021-11-08 21:09:03 - [MESSAGE][PASSED] - Text '100.00' is set on object 'Object Repository/RAD_Pages/PaymentAmount_Page/input__paymentAmount'

2021-11-08 21:09:03 - [TEST_STEP][PASSED] - scrollToElement(findTestObject(orPath_Landing + "/button_Continue"), 3): Scroll to object 'Object Repository/RAD_Pages/Landing_Page/button_Continue' successfully

2021-11-08 21:09:04 - [MESSAGE][PASSED] - Scroll to object 'Object Repository/RAD_Pages/Landing_Page/button_Continue' successfully

2021-11-08 21:09:04 - [TEST_STEP][PASSED] - waitForElementClickable(findTestObject(orPath_Landing + "/button_Continue"), 5): Object 'Object Repository/RAD_Pages/Landing_Page/button_Continue' is clickable

2021-11-08 21:09:04 - [MESSAGE][PASSED] - Object 'Object Repository/RAD_Pages/Landing_Page/button_Continue' is clickable

2021-11-08 21:09:04 - [TEST_STEP][PASSED] - click(findTestObject(orPath_Landing + "/button_Continue")): Object: 'Object Repository/RAD_Pages/Landing_Page/button_Continue' is clicked on

2021-11-08 21:09:04 - [MESSAGE][PASSED] - Object: 'Object Repository/RAD_Pages/Landing_Page/button_Continue' is clicked on

2021-11-08 21:09:04 - [TEST_STEP][PASSED] - verifyTextPresent("Review the information below and make any necessary corrections by clicking the", true): Text 'Review the information below and make any necessary corrections by clicking the' is present on page  using regular expression

2021-11-08 21:09:05 - [MESSAGE][PASSED] - Text 'Review the information below and make any necessary corrections by clicking the' is present on page  using regular expression

2021-11-08 21:09:05 - [TEST_STEP][PASSED] - verifyTextPresent("When you are confident that all the information is correct", true): Text 'When you are confident that all the information is correct' is present on page  using regular expression

2021-11-08 21:09:05 - [MESSAGE][PASSED] - Text 'When you are confident that all the information is correct' is present on page  using regular expression

2021-11-08 21:09:05 - [TEST_STEP][PASSED] - delay(1): Delayed 1 second(s)

2021-11-08 21:09:06 - [MESSAGE][PASSED] - Delayed 1 second(s)

2021-11-08 21:09:06 - [TEST_STEP][PASSED] - click(findTestObject(orPath_Summary + "/button_Proceed to Payment")): Object: 'Object Repository/RAD_Pages/Summary_Page/button_Proceed to Payment' is clicked on

2021-11-08 21:09:08 - [MESSAGE][PASSED] - Object: 'Object Repository/RAD_Pages/Summary_Page/button_Proceed to Payment' is clicked on

2021-11-08 21:09:08 - [TEST_STEP][PASSED] - setText(findTestObject(orPath_PaymentEntry + "/input__cardNumber"), CCNumber): Text '5146312200000035' is set on object 'Object Repository/RAD_Pages/PaymentEntry_Page/input__cardNumber'

2021-11-08 21:09:09 - [MESSAGE][PASSED] - Text '5146312200000035' is set on object 'Object Repository/RAD_Pages/PaymentEntry_Page/input__cardNumber'

2021-11-08 21:09:09 - [TEST_STEP][PASSED] - setText(findTestObject(orPath_PaymentEntry + "/input__spc"), CVV): Text '123' is set on object 'Object Repository/RAD_Pages/PaymentEntry_Page/input__spc'

2021-11-08 21:09:10 - [MESSAGE][PASSED] - Text '123' is set on object 'Object Repository/RAD_Pages/PaymentEntry_Page/input__spc'

2021-11-08 21:09:10 - [TEST_STEP][PASSED] - selectOptionByLabel(findTestObject(orPath_PaymentEntry + "/select_MM"), "12", false): All options with label '12' are selected in object 'Object Repository/RAD_Pages/PaymentEntry_Page/select_MM' 

2021-11-08 21:09:10 - [MESSAGE][PASSED] - All options with label '12' are selected in object 'Object Repository/RAD_Pages/PaymentEntry_Page/select_MM' 

2021-11-08 21:09:10 - [TEST_STEP][PASSED] - selectOptionByLabel(findTestObject(orPath_PaymentEntry + "/select_YYYY"), "2023", false): All options with label '2023' are selected in object 'Object Repository/RAD_Pages/PaymentEntry_Page/select_YYYY' 

2021-11-08 21:09:11 - [MESSAGE][PASSED] - All options with label '2023' are selected in object 'Object Repository/RAD_Pages/PaymentEntry_Page/select_YYYY' 

2021-11-08 21:09:11 - [TEST_STEP][PASSED] - click(findTestObject(orPath_PaymentEntry + "/input_Field_ccSubmit")): Object: 'Object Repository/RAD_Pages/PaymentEntry_Page/input_Field_ccSubmit' is clicked on

2021-11-08 21:09:12 - [MESSAGE][PASSED] - Object: 'Object Repository/RAD_Pages/PaymentEntry_Page/input_Field_ccSubmit' is clicked on

2021-11-08 21:09:12 - [TEST_STEP][PASSED] - click(findTestObject(orPath_PaymentConfirmation + "/input_N_confirmNotifyAction")): Object: 'Object Repository/RAD_Pages/PaymentConfirmation_Page/input_N_confirmNotifyAction' is clicked on

2021-11-08 21:09:13 - [MESSAGE][PASSED] - Object: 'Object Repository/RAD_Pages/PaymentConfirmation_Page/input_N_confirmNotifyAction' is clicked on

2021-11-08 21:09:13 - [TEST_STEP][PASSED] - click(findTestObject(orPath_ServiceFeesAccept + "/input_convFeeNotifyAction")): Object: 'Object Repository/RAD_Pages/ServiceFeeAccept_Page/input_convFeeNotifyAction' is clicked on

2021-11-08 21:09:15 - [MESSAGE][PASSED] - Object: 'Object Repository/RAD_Pages/ServiceFeeAccept_Page/input_convFeeNotifyAction' is clicked on

2021-11-08 21:09:15 - [TEST_STEP][PASSED] - delay(10): Delayed 10 second(s)

2021-11-08 21:09:25 - [MESSAGE][PASSED] - Delayed 10 second(s)

2021-11-08 21:09:25 - [TEST_STEP][PASSED] - verifyTextPresent("Successful Payment Receipt", true): Text 'Successful Payment Receipt' is present on page  using regular expression

2021-11-08 21:09:25 - [MESSAGE][PASSED] - Text 'Successful Payment Receipt' is present on page  using regular expression

2021-11-08 21:09:25 - [TEST_STEP][PASSED] - if (verifyTextPresent("Successful Payment Receipt", true)): null

2021-11-08 21:09:25 - [MESSAGE][PASSED] - Text 'Successful Payment Receipt' is present on page  using regular expression

2021-11-08 21:09:25 - [TEST_STEP][PASSED] - println("Transaction was Successful"): null

2021-11-08 21:09:25 - [TEST_STEP][PASSED] - out.println("Pass Record Number: " + row): null

2021-11-08 21:09:25 - [TEST_STEP][PASSED] - resText = "Pass": null

2021-11-08 21:09:25 - [TEST_STEP][PASSED] - pages.WriteExcel.demoKey(resText, datText, resColumn, datCloumn, fileLoc, nameSheet, row): pages.WriteExcel.demoKey is PASSED

2021-11-08 21:09:25 - [MESSAGE][PASSED] - pages.WriteExcel.demoKey is PASSED

2021-11-08 21:09:25 - [TEST_STEP][PASSED] - ExecuteTC = findTestData(dataFile).getValue("Execute", row): null

2021-11-08 21:09:26 - [TEST_STEP][PASSED] - PaymentType = findTestData(dataFile).getValue("PaymentType", row): null

2021-11-08 21:09:26 - [TEST_STEP][PASSED] - FilingYear = findTestData(dataFile).getValue("FilingYear", row): null

2021-11-08 21:09:26 - [TEST_STEP][PASSED] - PeriodEnding = findTestData(dataFile).getValue("PeriodEnding", row): null

2021-11-08 21:09:26 - [TEST_STEP][PASSED] - FName = findTestData(dataFile).getValue("Fname", row): null

2021-11-08 21:09:26 - [TEST_STEP][PASSED] - LName = findTestData(dataFile).getValue("Lname", row): null

2021-11-08 21:09:26 - [TEST_STEP][PASSED] - SSN = findTestData(dataFile).getValue("SSN", row): null

2021-11-08 21:09:26 - [TEST_STEP][PASSED] - BusName = findTestData(dataFile).getValue("BusName", row): null

2021-11-08 21:09:26 - [TEST_STEP][PASSED] - AL1 = findTestData(dataFile).getValue("AL1", row): null

2021-11-08 21:09:26 - [TEST_STEP][PASSED] - City = findTestData(dataFile).getValue("City", row): null

2021-11-08 21:09:26 - [TEST_STEP][PASSED] - ZIP = findTestData(dataFile).getValue("ZIP", row): null

2021-11-08 21:09:26 - [TEST_STEP][PASSED] - FilingType = findTestData(dataFile).getValue("FilingType", row): null

2021-11-08 21:09:26 - [TEST_STEP][PASSED] - Withholding = findTestData(dataFile).getValue("Withholding", row): null

2021-11-08 21:09:26 - [TEST_STEP][PASSED] - Amount = findTestData(dataFile).getValue("Amount", row): null

2021-11-08 21:09:26 - [TEST_STEP][PASSED] - CCNumber = findTestData(dataFile).getValue("CCNumber", row): null

2021-11-08 21:09:26 - [TEST_STEP][PASSED] - CVV = findTestData(dataFile).getValue("CVV", row): null

2021-11-08 21:09:26 - [TEST_STEP][PASSED] - out.println("Value of Execute is : " + ExecuteTC): null

2021-11-08 21:09:26 - [TEST_STEP][PASSED] - if (ExecuteTC.equalsIgnoreCase("Y")): null

2021-11-08 21:09:26 - [TEST_STEP][PASSED] - out.println("Begin Record Number: " + row): null

2021-11-08 21:09:26 - [TEST_STEP][PASSED] - today = new java.util.Date(): null

2021-11-08 21:09:26 - [TEST_STEP][PASSED] - println(today): null

2021-11-08 21:09:26 - [TEST_STEP][PASSED] - datText = today: null

2021-11-08 21:09:26 - [TEST_STEP][PASSED] - Taxtype = findTestData(dataFile).getValue("TaxType", row): null

2021-11-08 21:09:26 - [TEST_STEP][PASSED] - out.println("Taxtype value is : " + Taxtype): null

2021-11-08 21:09:26 - [TEST_STEP][PASSED] - openBrowser(""): Browser is opened with url: ''

2021-11-08 21:09:26 - [MESSAGE][WARNING] - A browser is already opened. Closing browser and opening a new one

2021-11-08 21:09:27 - [MESSAGE][INFO] - Starting 'Chrome' driver

2021-11-08 21:09:27 - [MESSAGE][INFO] - User set preference: ['acceptInsecureCerts', 'true']

2021-11-08 21:09:27 - [MESSAGE][INFO] - Action delay is set to 0 milliseconds

2021-11-08 21:09:28 - [MESSAGE][PASSED] - Browser is opened with url: ''

2021-11-08 21:09:28 - [TEST_STEP][PASSED] - maximizeWindow(): Current window maximized

2021-11-08 21:09:28 - [MESSAGE][PASSED] - Current window maximized

2021-11-08 21:09:28 - [TEST_STEP][PASSED] - navigateToUrl(RADurl): Navigate to 'https://qa.velocitypayment.com/client/rad/index.html' successfully

2021-11-08 21:09:30 - [MESSAGE][PASSED] - Navigate to 'https://qa.velocitypayment.com/client/rad/index.html' successfully

2021-11-08 21:09:30 - [TEST_STEP][PASSED] - orPath_Landing = "Object Repository/RAD_Pages/Landing_Page": null

2021-11-08 21:09:30 - [TEST_STEP][PASSED] - orPath_TaxTypeFilingYear = "Object Repository/RAD_Pages/TaxTypeFilingYear_Page": null

2021-11-08 21:09:30 - [TEST_STEP][PASSED] - orPath_TaxPayer = "Object Repository/RAD_Pages/Taxpayer_Page": null

2021-11-08 21:09:30 - [TEST_STEP][PASSED] - orPath_AddressContact = "Object Repository/RAD_Pages/AddressAndContactInfo_Page": null

2021-11-08 21:09:30 - [TEST_STEP][PASSED] - orPath_FilingStatus = "Object Repository/RAD_Pages/FilingStatus_Page": null

2021-11-08 21:09:30 - [TEST_STEP][PASSED] - orPath_Amount = "Object Repository/RAD_Pages/PaymentAmount_Page": null

2021-11-08 21:09:30 - [TEST_STEP][PASSED] - orPath_TaxInfo = "Object Repository/RAD_Pages/TaxInfo_Page": null

2021-11-08 21:09:30 - [TEST_STEP][PASSED] - orPath_Withholding = "Object Repository/RAD_Pages/Withholding_Page": null

2021-11-08 21:09:30 - [TEST_STEP][PASSED] - orPath_Summary = "Object Repository/RAD_Pages/Summary_Page": null

2021-11-08 21:09:30 - [TEST_STEP][PASSED] - orPath_PaymentReady = "Object Repository/RAD_Pages/PaymentReady_Page": null

2021-11-08 21:09:30 - [TEST_STEP][PASSED] - orPath_PaymentEntry = "Object Repository/RAD_Pages/PaymentEntry_Page": null

2021-11-08 21:09:30 - [TEST_STEP][PASSED] - orPath_PaymentConfirmation = "Object Repository/RAD_Pages/PaymentConfirmation_Page": null

2021-11-08 21:09:30 - [TEST_STEP][PASSED] - orPath_ServiceFeesAccept = "Object Repository/RAD_Pages/ServiceFeeAccept_Page": null

2021-11-08 21:09:30 - [TEST_STEP][PASSED] - selectOptionByLabel(findTestObject(orPath_Landing + "/dd_TaxType"), Taxtype, false): All options with label 'Extension Payments' are selected in object 'Object Repository/RAD_Pages/Landing_Page/dd_TaxType' 

2021-11-08 21:09:31 - [MESSAGE][PASSED] - All options with label 'Extension Payments' are selected in object 'Object Repository/RAD_Pages/Landing_Page/dd_TaxType' 

2021-11-08 21:09:31 - [TEST_STEP][PASSED] - delay(3): Delayed 3 second(s)

2021-11-08 21:09:34 - [MESSAGE][PASSED] - Delayed 3 second(s)

2021-11-08 21:09:34 - [TEST_STEP][PASSED] - switch (Taxtype): null

2021-11-08 21:09:34 - [TEST_STEP][PASSED] - case "Extension Payments":: null

2021-11-08 21:09:34 - [TEST_STEP][PASSED] - selectOptionByLabel(findTestObject(orPath_TaxTypeFilingYear + "/select_PaymentType"), PaymentType, false): All options with label 'Corporate' are selected in object 'Object Repository/RAD_Pages/TaxTypeFilingYear_Page/select_PaymentType' 

2021-11-08 21:09:35 - [MESSAGE][PASSED] - All options with label 'Corporate' are selected in object 'Object Repository/RAD_Pages/TaxTypeFilingYear_Page/select_PaymentType' 

2021-11-08 21:09:35 - [TEST_STEP][PASSED] - selectOptionByLabel(findTestObject(orPath_TaxTypeFilingYear + "/select_FilingYear"), FilingYear, false): All options with label '2020' are selected in object 'Object Repository/RAD_Pages/TaxTypeFilingYear_Page/select_FilingYear' 

2021-11-08 21:09:35 - [MESSAGE][PASSED] - All options with label '2020' are selected in object 'Object Repository/RAD_Pages/TaxTypeFilingYear_Page/select_FilingYear' 

2021-11-08 21:09:35 - [TEST_STEP][PASSED] - if (PaymentType.equalsIgnoreCase("Personal")): null

2021-11-08 21:09:35 - [TEST_STEP][PASSED] - else if (PaymentType.equalsIgnoreCase("Corporate")): Text ****** has been set on object 'Object Repository/RAD_Pages/TaxInfo_Page/input_FederalEIN_ReEnter'

2021-11-08 21:09:35 - [TEST_STEP][PASSED] - setEncryptedText(findTestObject(orPath_TaxInfo + "/input_FederalEIN"), "0fDtEjy4ijeV75Gl5M+mSg=="): Text ****** has been set on object 'Object Repository/RAD_Pages/TaxInfo_Page/input_FederalEIN'

2021-11-08 21:09:36 - [MESSAGE][PASSED] - Text ****** has been set on object 'Object Repository/RAD_Pages/TaxInfo_Page/input_FederalEIN'

2021-11-08 21:09:36 - [TEST_STEP][PASSED] - setEncryptedText(findTestObject(orPath_TaxInfo + "/input_FederalEIN_ReEnter"), "0fDtEjy4ijeV75Gl5M+mSg=="): Text ****** has been set on object 'Object Repository/RAD_Pages/TaxInfo_Page/input_FederalEIN_ReEnter'

2021-11-08 21:09:36 - [MESSAGE][PASSED] - Text ****** has been set on object 'Object Repository/RAD_Pages/TaxInfo_Page/input_FederalEIN_ReEnter'

2021-11-08 21:09:36 - [TEST_STEP][PASSED] - break: null

2021-11-08 21:09:36 - [TEST_STEP][PASSED] - setText(findTestObject(orPath_TaxPayer + "/input_firstName"), FName): Text 'Andrew' is set on object 'Object Repository/RAD_Pages/Taxpayer_Page/input_firstName'

2021-11-08 21:09:37 - [MESSAGE][PASSED] - Text 'Andrew' is set on object 'Object Repository/RAD_Pages/Taxpayer_Page/input_firstName'

2021-11-08 21:09:37 - [TEST_STEP][PASSED] - setText(findTestObject(orPath_TaxPayer + "/input_lastName"), LName): Text 'Cook' is set on object 'Object Repository/RAD_Pages/Taxpayer_Page/input_lastName'

2021-11-08 21:09:38 - [MESSAGE][PASSED] - Text 'Cook' is set on object 'Object Repository/RAD_Pages/Taxpayer_Page/input_lastName'

2021-11-08 21:09:38 - [TEST_STEP][PASSED] - selectOptionByLabel(findTestObject(orPath_AddressContact + "/select_Country"), "United States", false): All options with label 'United States' are selected in object 'Object Repository/RAD_Pages/AddressAndContactInfo_Page/select_Country' 

2021-11-08 21:09:39 - [MESSAGE][PASSED] - All options with label 'United States' are selected in object 'Object Repository/RAD_Pages/AddressAndContactInfo_Page/select_Country' 

2021-11-08 21:09:39 - [TEST_STEP][PASSED] - setText(findTestObject(orPath_AddressContact + "/input_streetAddress1"), AL1): Text '3652 Mandan road' is set on object 'Object Repository/RAD_Pages/AddressAndContactInfo_Page/input_streetAddress1'

2021-11-08 21:09:39 - [MESSAGE][PASSED] - Text '3652 Mandan road' is set on object 'Object Repository/RAD_Pages/AddressAndContactInfo_Page/input_streetAddress1'

2021-11-08 21:09:39 - [TEST_STEP][PASSED] - setText(findTestObject(orPath_AddressContact + "/input_streetAddress2"), ""): Text '' is set on object 'Object Repository/RAD_Pages/AddressAndContactInfo_Page/input_streetAddress2'

2021-11-08 21:09:40 - [MESSAGE][PASSED] - Text '' is set on object 'Object Repository/RAD_Pages/AddressAndContactInfo_Page/input_streetAddress2'

2021-11-08 21:09:40 - [TEST_STEP][PASSED] - setText(findTestObject(orPath_AddressContact + "/input_city"), City): Text 'Crofton' is set on object 'Object Repository/RAD_Pages/AddressAndContactInfo_Page/input_city'

2021-11-08 21:09:41 - [MESSAGE][PASSED] - Text 'Crofton' is set on object 'Object Repository/RAD_Pages/AddressAndContactInfo_Page/input_city'

2021-11-08 21:09:41 - [TEST_STEP][PASSED] - selectOptionByLabel(findTestObject(orPath_AddressContact + "/select_State"), "Maryland", false): All options with label 'Maryland' are selected in object 'Object Repository/RAD_Pages/AddressAndContactInfo_Page/select_State' 

2021-11-08 21:09:41 - [MESSAGE][PASSED] - All options with label 'Maryland' are selected in object 'Object Repository/RAD_Pages/AddressAndContactInfo_Page/select_State' 

2021-11-08 21:09:41 - [TEST_STEP][PASSED] - setText(findTestObject(orPath_AddressContact + "/input_zipCode"), ZIP): Text '21114' is set on object 'Object Repository/RAD_Pages/AddressAndContactInfo_Page/input_zipCode'

2021-11-08 21:09:42 - [MESSAGE][PASSED] - Text '21114' is set on object 'Object Repository/RAD_Pages/AddressAndContactInfo_Page/input_zipCode'

2021-11-08 21:09:42 - [TEST_STEP][PASSED] - setText(findTestObject(orPath_AddressContact + "/input_phoneNumber"), "(703) 894-5000"): Text '(703) 894-5000' is set on object 'Object Repository/RAD_Pages/AddressAndContactInfo_Page/input_phoneNumber'

2021-11-08 21:09:43 - [MESSAGE][PASSED] - Text '(703) 894-5000' is set on object 'Object Repository/RAD_Pages/AddressAndContactInfo_Page/input_phoneNumber'

2021-11-08 21:09:43 - [TEST_STEP][PASSED] - setText(findTestObject(orPath_AddressContact + "/input_eMailAddress"), "iahmed@govolution.com"): Text 'iahmed@govolution.com' is set on object 'Object Repository/RAD_Pages/AddressAndContactInfo_Page/input_eMailAddress'

2021-11-08 21:09:43 - [MESSAGE][PASSED] - Text 'iahmed@govolution.com' is set on object 'Object Repository/RAD_Pages/AddressAndContactInfo_Page/input_eMailAddress'

2021-11-08 21:09:43 - [TEST_STEP][PASSED] - setText(findTestObject(orPath_AddressContact + "/input_reEnterEMailAddress"), "iahmed@govolution.com"): Text 'iahmed@govolution.com' is set on object 'Object Repository/RAD_Pages/AddressAndContactInfo_Page/input_reEnterEMailAddress'

2021-11-08 21:09:44 - [MESSAGE][PASSED] - Text 'iahmed@govolution.com' is set on object 'Object Repository/RAD_Pages/AddressAndContactInfo_Page/input_reEnterEMailAddress'

2021-11-08 21:09:44 - [TEST_STEP][PASSED] - setText(findTestObject(orPath_Amount + "/input__paymentAmount"), Amount): Text '100.00' is set on object 'Object Repository/RAD_Pages/PaymentAmount_Page/input__paymentAmount'

2021-11-08 21:09:45 - [MESSAGE][PASSED] - Text '100.00' is set on object 'Object Repository/RAD_Pages/PaymentAmount_Page/input__paymentAmount'

2021-11-08 21:09:45 - [TEST_STEP][PASSED] - scrollToElement(findTestObject(orPath_Landing + "/button_Continue"), 3): Scroll to object 'Object Repository/RAD_Pages/Landing_Page/button_Continue' successfully

2021-11-08 21:09:45 - [MESSAGE][PASSED] - Scroll to object 'Object Repository/RAD_Pages/Landing_Page/button_Continue' successfully

2021-11-08 21:09:45 - [TEST_STEP][PASSED] - waitForElementClickable(findTestObject(orPath_Landing + "/button_Continue"), 5): Object 'Object Repository/RAD_Pages/Landing_Page/button_Continue' is clickable

2021-11-08 21:09:46 - [MESSAGE][PASSED] - Object 'Object Repository/RAD_Pages/Landing_Page/button_Continue' is clickable

2021-11-08 21:09:46 - [TEST_STEP][PASSED] - click(findTestObject(orPath_Landing + "/button_Continue")): Object: 'Object Repository/RAD_Pages/Landing_Page/button_Continue' is clicked on

2021-11-08 21:09:46 - [MESSAGE][PASSED] - Object: 'Object Repository/RAD_Pages/Landing_Page/button_Continue' is clicked on

2021-11-08 21:09:46 - [TEST_STEP][PASSED] - verifyTextPresent("Review the information below and make any necessary corrections by clicking the", true): Text 'Review the information below and make any necessary corrections by clicking the' is present on page  using regular expression

2021-11-08 21:09:47 - [MESSAGE][PASSED] - Text 'Review the information below and make any necessary corrections by clicking the' is present on page  using regular expression

2021-11-08 21:09:47 - [TEST_STEP][PASSED] - verifyTextPresent("When you are confident that all the information is correct", true): Text 'When you are confident that all the information is correct' is present on page  using regular expression

2021-11-08 21:09:47 - [MESSAGE][PASSED] - Text 'When you are confident that all the information is correct' is present on page  using regular expression

2021-11-08 21:09:47 - [TEST_STEP][PASSED] - delay(1): Delayed 1 second(s)

2021-11-08 21:09:48 - [MESSAGE][PASSED] - Delayed 1 second(s)

2021-11-08 21:09:48 - [TEST_STEP][PASSED] - click(findTestObject(orPath_Summary + "/button_Proceed to Payment")): Object: 'Object Repository/RAD_Pages/Summary_Page/button_Proceed to Payment' is clicked on

2021-11-08 21:09:50 - [MESSAGE][PASSED] - Object: 'Object Repository/RAD_Pages/Summary_Page/button_Proceed to Payment' is clicked on

2021-11-08 21:09:50 - [TEST_STEP][PASSED] - setText(findTestObject(orPath_PaymentEntry + "/input__cardNumber"), CCNumber): Text '4012000098765439' is set on object 'Object Repository/RAD_Pages/PaymentEntry_Page/input__cardNumber'

2021-11-08 21:09:51 - [MESSAGE][PASSED] - Text '4012000098765439' is set on object 'Object Repository/RAD_Pages/PaymentEntry_Page/input__cardNumber'

2021-11-08 21:09:51 - [TEST_STEP][PASSED] - setText(findTestObject(orPath_PaymentEntry + "/input__spc"), CVV): Text '123' is set on object 'Object Repository/RAD_Pages/PaymentEntry_Page/input__spc'

2021-11-08 21:09:51 - [MESSAGE][PASSED] - Text '123' is set on object 'Object Repository/RAD_Pages/PaymentEntry_Page/input__spc'

2021-11-08 21:09:51 - [TEST_STEP][PASSED] - selectOptionByLabel(findTestObject(orPath_PaymentEntry + "/select_MM"), "12", false): All options with label '12' are selected in object 'Object Repository/RAD_Pages/PaymentEntry_Page/select_MM' 

2021-11-08 21:09:52 - [MESSAGE][PASSED] - All options with label '12' are selected in object 'Object Repository/RAD_Pages/PaymentEntry_Page/select_MM' 

2021-11-08 21:09:52 - [TEST_STEP][PASSED] - selectOptionByLabel(findTestObject(orPath_PaymentEntry + "/select_YYYY"), "2023", false): All options with label '2023' are selected in object 'Object Repository/RAD_Pages/PaymentEntry_Page/select_YYYY' 

2021-11-08 21:09:53 - [MESSAGE][PASSED] - All options with label '2023' are selected in object 'Object Repository/RAD_Pages/PaymentEntry_Page/select_YYYY' 

2021-11-08 21:09:53 - [TEST_STEP][PASSED] - click(findTestObject(orPath_PaymentEntry + "/input_Field_ccSubmit")): Object: 'Object Repository/RAD_Pages/PaymentEntry_Page/input_Field_ccSubmit' is clicked on

2021-11-08 21:09:54 - [MESSAGE][PASSED] - Object: 'Object Repository/RAD_Pages/PaymentEntry_Page/input_Field_ccSubmit' is clicked on

2021-11-08 21:09:54 - [TEST_STEP][PASSED] - click(findTestObject(orPath_PaymentConfirmation + "/input_N_confirmNotifyAction")): Object: 'Object Repository/RAD_Pages/PaymentConfirmation_Page/input_N_confirmNotifyAction' is clicked on

2021-11-08 21:09:55 - [MESSAGE][PASSED] - Object: 'Object Repository/RAD_Pages/PaymentConfirmation_Page/input_N_confirmNotifyAction' is clicked on

2021-11-08 21:09:55 - [TEST_STEP][PASSED] - click(findTestObject(orPath_ServiceFeesAccept + "/input_convFeeNotifyAction")): Object: 'Object Repository/RAD_Pages/ServiceFeeAccept_Page/input_convFeeNotifyAction' is clicked on

2021-11-08 21:09:56 - [MESSAGE][PASSED] - Object: 'Object Repository/RAD_Pages/ServiceFeeAccept_Page/input_convFeeNotifyAction' is clicked on

2021-11-08 21:09:56 - [TEST_STEP][PASSED] - delay(10): Delayed 10 second(s)

2021-11-08 21:10:06 - [MESSAGE][PASSED] - Delayed 10 second(s)

2021-11-08 21:10:06 - [TEST_STEP][PASSED] - verifyTextPresent("Successful Payment Receipt", true): Text 'Successful Payment Receipt' is present on page  using regular expression

2021-11-08 21:10:07 - [MESSAGE][PASSED] - Text 'Successful Payment Receipt' is present on page  using regular expression

2021-11-08 21:10:07 - [TEST_STEP][PASSED] - if (verifyTextPresent("Successful Payment Receipt", true)): null

2021-11-08 21:10:07 - [MESSAGE][PASSED] - Text 'Successful Payment Receipt' is present on page  using regular expression

2021-11-08 21:10:07 - [TEST_STEP][PASSED] - println("Transaction was Successful"): null

2021-11-08 21:10:07 - [TEST_STEP][PASSED] - out.println("Pass Record Number: " + row): null

2021-11-08 21:10:07 - [TEST_STEP][PASSED] - resText = "Pass": null

2021-11-08 21:10:07 - [TEST_STEP][PASSED] - pages.WriteExcel.demoKey(resText, datText, resColumn, datCloumn, fileLoc, nameSheet, row): pages.WriteExcel.demoKey is PASSED

2021-11-08 21:10:07 - [MESSAGE][PASSED] - pages.WriteExcel.demoKey is PASSED

2021-11-08 21:10:07 - [TEST_STEP][PASSED] - ExecuteTC = findTestData(dataFile).getValue("Execute", row): null

2021-11-08 21:10:07 - [TEST_STEP][PASSED] - PaymentType = findTestData(dataFile).getValue("PaymentType", row): null

2021-11-08 21:10:07 - [TEST_STEP][PASSED] - FilingYear = findTestData(dataFile).getValue("FilingYear", row): null

2021-11-08 21:10:07 - [TEST_STEP][PASSED] - PeriodEnding = findTestData(dataFile).getValue("PeriodEnding", row): null

2021-11-08 21:10:07 - [TEST_STEP][PASSED] - FName = findTestData(dataFile).getValue("Fname", row): null

2021-11-08 21:10:07 - [TEST_STEP][PASSED] - LName = findTestData(dataFile).getValue("Lname", row): null

2021-11-08 21:10:07 - [TEST_STEP][PASSED] - SSN = findTestData(dataFile).getValue("SSN", row): null

2021-11-08 21:10:07 - [TEST_STEP][PASSED] - BusName = findTestData(dataFile).getValue("BusName", row): null

2021-11-08 21:10:07 - [TEST_STEP][PASSED] - AL1 = findTestData(dataFile).getValue("AL1", row): null

2021-11-08 21:10:07 - [TEST_STEP][PASSED] - City = findTestData(dataFile).getValue("City", row): null

2021-11-08 21:10:07 - [TEST_STEP][PASSED] - ZIP = findTestData(dataFile).getValue("ZIP", row): null

2021-11-08 21:10:07 - [TEST_STEP][PASSED] - FilingType = findTestData(dataFile).getValue("FilingType", row): null

2021-11-08 21:10:07 - [TEST_STEP][PASSED] - Withholding = findTestData(dataFile).getValue("Withholding", row): null

2021-11-08 21:10:07 - [TEST_STEP][PASSED] - Amount = findTestData(dataFile).getValue("Amount", row): null

2021-11-08 21:10:07 - [TEST_STEP][PASSED] - CCNumber = findTestData(dataFile).getValue("CCNumber", row): null

2021-11-08 21:10:07 - [TEST_STEP][PASSED] - CVV = findTestData(dataFile).getValue("CVV", row): null

2021-11-08 21:10:07 - [TEST_STEP][PASSED] - out.println("Value of Execute is : " + ExecuteTC): null

2021-11-08 21:10:07 - [TEST_STEP][PASSED] - if (ExecuteTC.equalsIgnoreCase("Y")): null

2021-11-08 21:10:07 - [TEST_STEP][PASSED] - ExecuteTC = findTestData(dataFile).getValue("Execute", row): null

2021-11-08 21:10:07 - [TEST_STEP][PASSED] - PaymentType = findTestData(dataFile).getValue("PaymentType", row): null

2021-11-08 21:10:08 - [TEST_STEP][PASSED] - FilingYear = findTestData(dataFile).getValue("FilingYear", row): null

2021-11-08 21:10:08 - [TEST_STEP][PASSED] - PeriodEnding = findTestData(dataFile).getValue("PeriodEnding", row): null

2021-11-08 21:10:08 - [TEST_STEP][PASSED] - FName = findTestData(dataFile).getValue("Fname", row): null

2021-11-08 21:10:08 - [TEST_STEP][PASSED] - LName = findTestData(dataFile).getValue("Lname", row): null

2021-11-08 21:10:08 - [TEST_STEP][PASSED] - SSN = findTestData(dataFile).getValue("SSN", row): null

2021-11-08 21:10:08 - [TEST_STEP][PASSED] - BusName = findTestData(dataFile).getValue("BusName", row): null

2021-11-08 21:10:08 - [TEST_STEP][PASSED] - AL1 = findTestData(dataFile).getValue("AL1", row): null

2021-11-08 21:10:08 - [TEST_STEP][PASSED] - City = findTestData(dataFile).getValue("City", row): null

2021-11-08 21:10:08 - [TEST_STEP][PASSED] - ZIP = findTestData(dataFile).getValue("ZIP", row): null

2021-11-08 21:10:08 - [TEST_STEP][PASSED] - FilingType = findTestData(dataFile).getValue("FilingType", row): null

2021-11-08 21:10:08 - [TEST_STEP][PASSED] - Withholding = findTestData(dataFile).getValue("Withholding", row): null

2021-11-08 21:10:08 - [TEST_STEP][PASSED] - Amount = findTestData(dataFile).getValue("Amount", row): null

2021-11-08 21:10:08 - [TEST_STEP][PASSED] - CCNumber = findTestData(dataFile).getValue("CCNumber", row): null

2021-11-08 21:10:08 - [TEST_STEP][PASSED] - CVV = findTestData(dataFile).getValue("CVV", row): null

2021-11-08 21:10:08 - [TEST_STEP][PASSED] - out.println("Value of Execute is : " + ExecuteTC): null

2021-11-08 21:10:08 - [TEST_STEP][PASSED] - if (ExecuteTC.equalsIgnoreCase("Y")): null

2021-11-08 21:10:08 - [TEST_STEP][PASSED] - ExecuteTC = findTestData(dataFile).getValue("Execute", row): null

2021-11-08 21:10:08 - [TEST_STEP][PASSED] - PaymentType = findTestData(dataFile).getValue("PaymentType", row): null

2021-11-08 21:10:08 - [TEST_STEP][PASSED] - FilingYear = findTestData(dataFile).getValue("FilingYear", row): null

2021-11-08 21:10:08 - [TEST_STEP][PASSED] - PeriodEnding = findTestData(dataFile).getValue("PeriodEnding", row): null

2021-11-08 21:10:08 - [TEST_STEP][PASSED] - FName = findTestData(dataFile).getValue("Fname", row): null

2021-11-08 21:10:08 - [TEST_STEP][PASSED] - LName = findTestData(dataFile).getValue("Lname", row): null

2021-11-08 21:10:08 - [TEST_STEP][PASSED] - SSN = findTestData(dataFile).getValue("SSN", row): null

2021-11-08 21:10:08 - [TEST_STEP][PASSED] - BusName = findTestData(dataFile).getValue("BusName", row): null

2021-11-08 21:10:08 - [TEST_STEP][PASSED] - AL1 = findTestData(dataFile).getValue("AL1", row): null

2021-11-08 21:10:08 - [TEST_STEP][PASSED] - City = findTestData(dataFile).getValue("City", row): null

2021-11-08 21:10:08 - [TEST_STEP][PASSED] - ZIP = findTestData(dataFile).getValue("ZIP", row): null

2021-11-08 21:10:08 - [TEST_STEP][PASSED] - FilingType = findTestData(dataFile).getValue("FilingType", row): null

2021-11-08 21:10:08 - [TEST_STEP][PASSED] - Withholding = findTestData(dataFile).getValue("Withholding", row): null

2021-11-08 21:10:08 - [TEST_STEP][PASSED] - Amount = findTestData(dataFile).getValue("Amount", row): null

2021-11-08 21:10:08 - [TEST_STEP][PASSED] - CCNumber = findTestData(dataFile).getValue("CCNumber", row): null

2021-11-08 21:10:08 - [TEST_STEP][PASSED] - CVV = findTestData(dataFile).getValue("CVV", row): null

2021-11-08 21:10:08 - [TEST_STEP][PASSED] - out.println("Value of Execute is : " + ExecuteTC): null

2021-11-08 21:10:08 - [TEST_STEP][PASSED] - if (ExecuteTC.equalsIgnoreCase("Y")): null

2021-11-08 21:10:08 - [TEST_STEP][PASSED] - ExecuteTC = findTestData(dataFile).getValue("Execute", row): null

2021-11-08 21:10:08 - [TEST_STEP][PASSED] - PaymentType = findTestData(dataFile).getValue("PaymentType", row): null

2021-11-08 21:10:08 - [TEST_STEP][PASSED] - FilingYear = findTestData(dataFile).getValue("FilingYear", row): null

2021-11-08 21:10:08 - [TEST_STEP][PASSED] - PeriodEnding = findTestData(dataFile).getValue("PeriodEnding", row): null

2021-11-08 21:10:09 - [TEST_STEP][PASSED] - FName = findTestData(dataFile).getValue("Fname", row): null

2021-11-08 21:10:09 - [TEST_STEP][PASSED] - LName = findTestData(dataFile).getValue("Lname", row): null

2021-11-08 21:10:09 - [TEST_STEP][PASSED] - SSN = findTestData(dataFile).getValue("SSN", row): null

2021-11-08 21:10:09 - [TEST_STEP][PASSED] - BusName = findTestData(dataFile).getValue("BusName", row): null

2021-11-08 21:10:09 - [TEST_STEP][PASSED] - AL1 = findTestData(dataFile).getValue("AL1", row): null

2021-11-08 21:10:09 - [TEST_STEP][PASSED] - City = findTestData(dataFile).getValue("City", row): null

2021-11-08 21:10:09 - [TEST_STEP][PASSED] - ZIP = findTestData(dataFile).getValue("ZIP", row): null

2021-11-08 21:10:09 - [TEST_STEP][PASSED] - FilingType = findTestData(dataFile).getValue("FilingType", row): null

2021-11-08 21:10:09 - [TEST_STEP][PASSED] - Withholding = findTestData(dataFile).getValue("Withholding", row): null

2021-11-08 21:10:09 - [TEST_STEP][PASSED] - Amount = findTestData(dataFile).getValue("Amount", row): null

2021-11-08 21:10:09 - [TEST_STEP][PASSED] - CCNumber = findTestData(dataFile).getValue("CCNumber", row): null

2021-11-08 21:10:09 - [TEST_STEP][PASSED] - CVV = findTestData(dataFile).getValue("CVV", row): null

2021-11-08 21:10:09 - [TEST_STEP][PASSED] - out.println("Value of Execute is : " + ExecuteTC): null

2021-11-08 21:10:09 - [TEST_STEP][PASSED] - if (ExecuteTC.equalsIgnoreCase("Y")): null

2021-11-08 21:10:09 - [TEST_STEP][PASSED] - ExecuteTC = findTestData(dataFile).getValue("Execute", row): null

2021-11-08 21:10:09 - [TEST_STEP][PASSED] - PaymentType = findTestData(dataFile).getValue("PaymentType", row): null

2021-11-08 21:10:09 - [TEST_STEP][PASSED] - FilingYear = findTestData(dataFile).getValue("FilingYear", row): null

2021-11-08 21:10:09 - [TEST_STEP][PASSED] - PeriodEnding = findTestData(dataFile).getValue("PeriodEnding", row): null

2021-11-08 21:10:09 - [TEST_STEP][PASSED] - FName = findTestData(dataFile).getValue("Fname", row): null

2021-11-08 21:10:09 - [TEST_STEP][PASSED] - LName = findTestData(dataFile).getValue("Lname", row): null

2021-11-08 21:10:09 - [TEST_STEP][PASSED] - SSN = findTestData(dataFile).getValue("SSN", row): null

2021-11-08 21:10:09 - [TEST_STEP][PASSED] - BusName = findTestData(dataFile).getValue("BusName", row): null

2021-11-08 21:10:09 - [TEST_STEP][PASSED] - AL1 = findTestData(dataFile).getValue("AL1", row): null

2021-11-08 21:10:09 - [TEST_STEP][PASSED] - City = findTestData(dataFile).getValue("City", row): null

2021-11-08 21:10:09 - [TEST_STEP][PASSED] - ZIP = findTestData(dataFile).getValue("ZIP", row): null

2021-11-08 21:10:09 - [TEST_STEP][PASSED] - FilingType = findTestData(dataFile).getValue("FilingType", row): null

2021-11-08 21:10:09 - [TEST_STEP][PASSED] - Withholding = findTestData(dataFile).getValue("Withholding", row): null

2021-11-08 21:10:09 - [TEST_STEP][PASSED] - Amount = findTestData(dataFile).getValue("Amount", row): null

2021-11-08 21:10:09 - [TEST_STEP][PASSED] - CCNumber = findTestData(dataFile).getValue("CCNumber", row): null

2021-11-08 21:10:09 - [TEST_STEP][PASSED] - CVV = findTestData(dataFile).getValue("CVV", row): null

2021-11-08 21:10:09 - [TEST_STEP][PASSED] - out.println("Value of Execute is : " + ExecuteTC): null

2021-11-08 21:10:09 - [TEST_STEP][PASSED] - if (ExecuteTC.equalsIgnoreCase("Y")): null

2021-11-08 21:10:09 - [TEST_STEP][PASSED] - ExecuteTC = findTestData(dataFile).getValue("Execute", row): null

2021-11-08 21:10:09 - [TEST_STEP][PASSED] - PaymentType = findTestData(dataFile).getValue("PaymentType", row): null

2021-11-08 21:10:09 - [TEST_STEP][PASSED] - FilingYear = findTestData(dataFile).getValue("FilingYear", row): null

2021-11-08 21:10:09 - [TEST_STEP][PASSED] - PeriodEnding = findTestData(dataFile).getValue("PeriodEnding", row): null

2021-11-08 21:10:09 - [TEST_STEP][PASSED] - FName = findTestData(dataFile).getValue("Fname", row): null

2021-11-08 21:10:09 - [TEST_STEP][PASSED] - LName = findTestData(dataFile).getValue("Lname", row): null

2021-11-08 21:10:10 - [TEST_STEP][PASSED] - SSN = findTestData(dataFile).getValue("SSN", row): null

2021-11-08 21:10:10 - [TEST_STEP][PASSED] - BusName = findTestData(dataFile).getValue("BusName", row): null

2021-11-08 21:10:10 - [TEST_STEP][PASSED] - AL1 = findTestData(dataFile).getValue("AL1", row): null

2021-11-08 21:10:10 - [TEST_STEP][PASSED] - City = findTestData(dataFile).getValue("City", row): null

2021-11-08 21:10:10 - [TEST_STEP][PASSED] - ZIP = findTestData(dataFile).getValue("ZIP", row): null

2021-11-08 21:10:10 - [TEST_STEP][PASSED] - FilingType = findTestData(dataFile).getValue("FilingType", row): null

2021-11-08 21:10:10 - [TEST_STEP][PASSED] - Withholding = findTestData(dataFile).getValue("Withholding", row): null

2021-11-08 21:10:10 - [TEST_STEP][PASSED] - Amount = findTestData(dataFile).getValue("Amount", row): null

2021-11-08 21:10:10 - [TEST_STEP][PASSED] - CCNumber = findTestData(dataFile).getValue("CCNumber", row): null

2021-11-08 21:10:10 - [TEST_STEP][PASSED] - CVV = findTestData(dataFile).getValue("CVV", row): null

2021-11-08 21:10:10 - [TEST_STEP][PASSED] - out.println("Value of Execute is : " + ExecuteTC): null

2021-11-08 21:10:10 - [TEST_STEP][PASSED] - if (ExecuteTC.equalsIgnoreCase("Y")): null

2021-11-08 21:10:10 - [TEST_STEP][PASSED] - ExecuteTC = findTestData(dataFile).getValue("Execute", row): null

2021-11-08 21:10:10 - [TEST_STEP][PASSED] - PaymentType = findTestData(dataFile).getValue("PaymentType", row): null

2021-11-08 21:10:10 - [TEST_STEP][PASSED] - FilingYear = findTestData(dataFile).getValue("FilingYear", row): null

2021-11-08 21:10:10 - [TEST_STEP][PASSED] - PeriodEnding = findTestData(dataFile).getValue("PeriodEnding", row): null

2021-11-08 21:10:10 - [TEST_STEP][PASSED] - FName = findTestData(dataFile).getValue("Fname", row): null

2021-11-08 21:10:10 - [TEST_STEP][PASSED] - LName = findTestData(dataFile).getValue("Lname", row): null

2021-11-08 21:10:10 - [TEST_STEP][PASSED] - SSN = findTestData(dataFile).getValue("SSN", row): null

2021-11-08 21:10:10 - [TEST_STEP][PASSED] - BusName = findTestData(dataFile).getValue("BusName", row): null

2021-11-08 21:10:10 - [TEST_STEP][PASSED] - AL1 = findTestData(dataFile).getValue("AL1", row): null

2021-11-08 21:10:10 - [TEST_STEP][PASSED] - City = findTestData(dataFile).getValue("City", row): null

2021-11-08 21:10:10 - [TEST_STEP][PASSED] - ZIP = findTestData(dataFile).getValue("ZIP", row): null

2021-11-08 21:10:10 - [TEST_STEP][PASSED] - FilingType = findTestData(dataFile).getValue("FilingType", row): null

2021-11-08 21:10:10 - [TEST_STEP][PASSED] - Withholding = findTestData(dataFile).getValue("Withholding", row): null

2021-11-08 21:10:10 - [TEST_STEP][PASSED] - Amount = findTestData(dataFile).getValue("Amount", row): null

2021-11-08 21:10:10 - [TEST_STEP][PASSED] - CCNumber = findTestData(dataFile).getValue("CCNumber", row): null

2021-11-08 21:10:10 - [TEST_STEP][PASSED] - CVV = findTestData(dataFile).getValue("CVV", row): null

2021-11-08 21:10:10 - [TEST_STEP][PASSED] - out.println("Value of Execute is : " + ExecuteTC): null

2021-11-08 21:10:10 - [TEST_STEP][PASSED] - if (ExecuteTC.equalsIgnoreCase("Y")): null

2021-11-08 21:10:10 - [TEST_STEP][PASSED] - ExecuteTC = findTestData(dataFile).getValue("Execute", row): null

2021-11-08 21:10:10 - [TEST_STEP][PASSED] - PaymentType = findTestData(dataFile).getValue("PaymentType", row): null

2021-11-08 21:10:10 - [TEST_STEP][PASSED] - FilingYear = findTestData(dataFile).getValue("FilingYear", row): null

2021-11-08 21:10:10 - [TEST_STEP][PASSED] - PeriodEnding = findTestData(dataFile).getValue("PeriodEnding", row): null

2021-11-08 21:10:10 - [TEST_STEP][PASSED] - FName = findTestData(dataFile).getValue("Fname", row): null

2021-11-08 21:10:10 - [TEST_STEP][PASSED] - LName = findTestData(dataFile).getValue("Lname", row): null

2021-11-08 21:10:10 - [TEST_STEP][PASSED] - SSN = findTestData(dataFile).getValue("SSN", row): null

2021-11-08 21:10:10 - [TEST_STEP][PASSED] - BusName = findTestData(dataFile).getValue("BusName", row): null

2021-11-08 21:10:10 - [TEST_STEP][PASSED] - AL1 = findTestData(dataFile).getValue("AL1", row): null

2021-11-08 21:10:11 - [TEST_STEP][PASSED] - City = findTestData(dataFile).getValue("City", row): null

2021-11-08 21:10:11 - [TEST_STEP][PASSED] - ZIP = findTestData(dataFile).getValue("ZIP", row): null

2021-11-08 21:10:11 - [TEST_STEP][PASSED] - FilingType = findTestData(dataFile).getValue("FilingType", row): null

2021-11-08 21:10:11 - [TEST_STEP][PASSED] - Withholding = findTestData(dataFile).getValue("Withholding", row): null

2021-11-08 21:10:11 - [TEST_STEP][PASSED] - Amount = findTestData(dataFile).getValue("Amount", row): null

2021-11-08 21:10:11 - [TEST_STEP][PASSED] - CCNumber = findTestData(dataFile).getValue("CCNumber", row): null

2021-11-08 21:10:11 - [TEST_STEP][PASSED] - CVV = findTestData(dataFile).getValue("CVV", row): null

2021-11-08 21:10:11 - [TEST_STEP][PASSED] - out.println("Value of Execute is : " + ExecuteTC): null

2021-11-08 21:10:11 - [TEST_STEP][PASSED] - if (ExecuteTC.equalsIgnoreCase("Y")): null

2021-11-08 21:10:11 - [TEST_STEP][PASSED] - ExecuteTC = findTestData(dataFile).getValue("Execute", row): null

2021-11-08 21:10:11 - [TEST_STEP][PASSED] - PaymentType = findTestData(dataFile).getValue("PaymentType", row): null

2021-11-08 21:10:11 - [TEST_STEP][PASSED] - FilingYear = findTestData(dataFile).getValue("FilingYear", row): null

2021-11-08 21:10:11 - [TEST_STEP][PASSED] - PeriodEnding = findTestData(dataFile).getValue("PeriodEnding", row): null

2021-11-08 21:10:11 - [TEST_STEP][PASSED] - FName = findTestData(dataFile).getValue("Fname", row): null

2021-11-08 21:10:11 - [TEST_STEP][PASSED] - LName = findTestData(dataFile).getValue("Lname", row): null

2021-11-08 21:10:11 - [TEST_STEP][PASSED] - SSN = findTestData(dataFile).getValue("SSN", row): null

2021-11-08 21:10:11 - [TEST_STEP][PASSED] - BusName = findTestData(dataFile).getValue("BusName", row): null

2021-11-08 21:10:11 - [TEST_STEP][PASSED] - AL1 = findTestData(dataFile).getValue("AL1", row): null

2021-11-08 21:10:11 - [TEST_STEP][PASSED] - City = findTestData(dataFile).getValue("City", row): null

2021-11-08 21:10:11 - [TEST_STEP][PASSED] - ZIP = findTestData(dataFile).getValue("ZIP", row): null

2021-11-08 21:10:11 - [TEST_STEP][PASSED] - FilingType = findTestData(dataFile).getValue("FilingType", row): null

2021-11-08 21:10:11 - [TEST_STEP][PASSED] - Withholding = findTestData(dataFile).getValue("Withholding", row): null

2021-11-08 21:10:11 - [TEST_STEP][PASSED] - Amount = findTestData(dataFile).getValue("Amount", row): null

2021-11-08 21:10:11 - [TEST_STEP][PASSED] - CCNumber = findTestData(dataFile).getValue("CCNumber", row): null

2021-11-08 21:10:11 - [TEST_STEP][PASSED] - CVV = findTestData(dataFile).getValue("CVV", row): null

2021-11-08 21:10:11 - [TEST_STEP][PASSED] - out.println("Value of Execute is : " + ExecuteTC): null

2021-11-08 21:10:11 - [TEST_STEP][PASSED] - if (ExecuteTC.equalsIgnoreCase("Y")): null]]></system-out>
         <system-err><![CDATA[]]></system-err>
      </testcase>
      <system-out><![CDATA[2021-11-08 21:07:45 - [TEST_SUITE][PASSED] - RAD_UI_TestSuite: Test Cases/RAD_TestCases/PaymentsHardCoded/Payments_HC_TC]]></system-out>
      <system-err><![CDATA[]]></system-err>
   </testsuite>
</testsuites>
