<?xml version="1.0" encoding="UTF-8"?>
<testsuites name="QA_Smoke_Test" time="2327.359" tests="2" failures="0" errors="0">
   <testsuite name="QA_Smoke_Test" tests="2" failures="0" errors="0" time="2327.359" skipped="0" timestamp="2023-01-13 18:04:52" hostname="imtiaz - DESKTOP-B2QI6NS.govolution.com" id="Test Suites/QA/VLink/QA_Smoke_Test">
      <properties>
         <property name="deviceName" value=""/>
         <property name="devicePlatform" value=""/>
         <property name="logFolder" value="E:\\Cloned-Project-Katalon\\VPS-Katalon\\Reports\\20230113_180447\\QA\\VLink\\QA_Smoke_Test\\20230113_180447"/>
         <property name="logFiles" value="E:\\Cloned-Project-Katalon\\VPS-Katalon\\Reports\\20230113_180447\\QA\\VLink\\QA_Smoke_Test\\20230113_180447\\execution0.log"/>
         <property name="attachments" value=""/>
         <property name="hostName" value="imtiaz - DESKTOP-B2QI6NS.govolution.com"/>
         <property name="os" value="Windows 10 64bit"/>
         <property name="katalonVersion" value="8.2.5.208"/>
         <property name="browser" value="Chrome 108.0.0.0"/>
         <property name="hostAddress" value="172.31.253.54"/>
         <property name="sessionId" value="b7603240efcc1f60ce09428afa4c5d54"/>
         <property name="seleniumVersion" value="3.141.59"/>
         <property name="proxyInformation" value="ProxyInformation { proxyOption=NO_PROXY, proxyServerType=HTTP, username=, password=********, proxyServerAddress=, proxyServerPort=0, executionList=&quot;&quot;, isApplyToDesiredCapabilities=true }"/>
         <property name="platform" value="Windows 10"/>
      </properties>
      <testcase name="Test Cases/RecAndPlayBk/VLink/Sale-MRF" time="1527.545" classname="Test Cases/RecAndPlayBk/VLink/Sale-MRF" status="PASSED">
         <system-out><![CDATA[2023-01-13 18:04:53 - [TEST_CASE][PASSED] - Test Cases/RecAndPlayBk/VLink/Sale-MRF: Test Cases/RecAndPlayBk/VLink/Sale-MRF

2023-01-13 18:04:53 - [TEST_STEP][PASSED] - resText = "Fail": null

2023-01-13 18:04:53 - [TEST_STEP][PASSED] - resColumn = "Result": null

2023-01-13 18:04:53 - [TEST_STEP][PASSED] - datCloumn = "Date": null

2023-01-13 18:04:53 - [TEST_STEP][PASSED] - fileLoc = "KatalonData/VLinkSmokeData.xlsx": null

2023-01-13 18:04:53 - [TEST_STEP][PASSED] - nameSheet = "Sale-MRF": null

2023-01-13 18:04:53 - [TEST_STEP][PASSED] - executionProfile = getExecutionProfile(): null

2023-01-13 18:04:53 - [TEST_STEP][PASSED] - out.println("executionProfile : " + executionProfile): null

2023-01-13 18:04:53 - [TEST_STEP][PASSED] - numOfRows = findTestData("QA/VLinkTestData/VLinkSaleMRFData").getRowNumbers(): null

2023-01-13 18:04:54 - [TEST_STEP][PASSED] - println("Number of Records: " + numOfRows): null

2023-01-13 18:04:54 - [TEST_STEP][PASSED] - dataFile = "QA/VLinkTestData/VLinkSaleMRFData": null

2023-01-13 18:04:54 - [TEST_STEP][PASSED] - for ([row = 1, row <= numOfRows, (row++)]): null

2023-01-13 18:04:54 - [TEST_STEP][PASSED] - ExecuteTC = findTestData(dataFile).getValue("Execute", row): null

2023-01-13 18:04:54 - [TEST_STEP][PASSED] - out.println("Value of Execute is : " + ExecuteTC): null

2023-01-13 18:04:54 - [TEST_STEP][PASSED] - errorMsg = findTestData(dataFile).getValue("ErrorMsg", row): null

2023-01-13 18:04:55 - [TEST_STEP][PASSED] - if (ExecuteTC.equalsIgnoreCase("Y")): Browser is closed

2023-01-13 18:04:55 - [TEST_STEP][PASSED] - out.println("Begin Record Number: " + row): null

2023-01-13 18:04:55 - [TEST_STEP][PASSED] - today = new java.util.Date(): null

2023-01-13 18:04:55 - [TEST_STEP][PASSED] - println(today): null

2023-01-13 18:04:55 - [TEST_STEP][PASSED] - datText = today: null

2023-01-13 18:04:55 - [TEST_STEP][PASSED] - openBrowser(VLinkURL + "authcap.html"): Browser is opened with url: 'https://dev-algorithm.govolution.com/vlinktest/QA/version_2_0/authcap.html'

2023-01-13 18:04:55 - [MESSAGE][INFO] - Starting 'Chrome' driver

2023-01-13 18:04:55 - [MESSAGE][INFO] - User set preference: ['acceptInsecureCerts', 'true']

2023-01-13 18:04:55 - [MESSAGE][INFO] - Action delay is set to 0 milliseconds

2023-01-13 18:04:58 - [MESSAGE][PASSED] - Browser is opened with url: 'https://dev-algorithm.govolution.com/vlinktest/QA/version_2_0/authcap.html'

2023-01-13 18:04:58 - [TEST_STEP][PASSED] - maximizeWindow(): Current window maximized

2023-01-13 18:04:59 - [MESSAGE][PASSED] - Current window maximized

2023-01-13 18:04:59 - [TEST_STEP][PASSED] - vlinkPages.saleCCPage.setDataSCC(row, dataFile): vlinkPages.saleCCPage.setDataSCC is PASSED

2023-01-13 18:05:03 - [MESSAGE][PASSED] - Object 'Object Repository/VLink/Page_CCSale/txt_CardNumber' is present

2023-01-13 18:05:04 - [MESSAGE][PASSED] - Text '' is set on object 'Object Repository/VLink/Page_CCSale/txt_TransactionType'

2023-01-13 18:05:04 - [MESSAGE][PASSED] - Text '2.0C' is set on object 'Object Repository/VLink/Page_CCSale/txt_MessageVersion'

2023-01-13 18:05:05 - [MESSAGE][PASSED] - Text 'DRpcg4HRaMYE' is set on object 'Object Repository/VLink/Page_CCSale/txt_RemID'

2023-01-13 18:05:06 - [MESSAGE][PASSED] - Text '234' is set on object 'Object Repository/VLink/Page_CCSale/txt_ApplicationId'

2023-01-13 18:05:07 - [MESSAGE][PASSED] - Text 'username' is set on object 'Object Repository/VLink/Page_CCSale/txt_Username'

2023-01-13 18:05:08 - [MESSAGE][PASSED] - Text 'password' is set on object 'Object Repository/VLink/Page_CCSale/txt_Password'

2023-01-13 18:05:09 - [MESSAGE][PASSED] - Text 'fixed_width' is set on object 'Object Repository/VLink/Page_CCSale/txt_ResponseFormat'

2023-01-13 18:05:09 - [MESSAGE][PASSED] - Text 'ECOM' is set on object 'Object Repository/VLink/Page_CCSale/txt_Category'

2023-01-13 18:05:10 - [MESSAGE][PASSED] - Text '' is set on object 'Object Repository/VLink/Page_CCSale/txt_TransactionID'

2023-01-13 18:05:11 - [MESSAGE][PASSED] - Text '' is set on object 'Object Repository/VLink/Page_CCSale/txt_ApprovalCode'

2023-01-13 18:05:12 - [MESSAGE][PASSED] - Text 'Kris Roshan' is set on object 'Object Repository/VLink/Page_CCSale/txt_CardName'

2023-01-13 18:05:13 - [MESSAGE][PASSED] - Text '258 Elm Road' is set on object 'Object Repository/VLink/Page_CCSale/txt_AL1'

2023-01-13 18:05:14 - [MESSAGE][PASSED] - Text 'Suite 56' is set on object 'Object Repository/VLink/Page_CCSale/txt_AL2'

2023-01-13 18:05:15 - [MESSAGE][PASSED] - Text 'Arlington' is set on object 'Object Repository/VLink/Page_CCSale/txt_CardCity'

2023-01-13 18:05:15 - [MESSAGE][PASSED] - Text 'VA' is set on object 'Object Repository/VLink/Page_CCSale/txt_CardState'

2023-01-13 18:05:16 - [MESSAGE][PASSED] - Text '22201' is set on object 'Object Repository/VLink/Page_CCSale/txt_CardZIP'

2023-01-13 18:05:17 - [MESSAGE][PASSED] - Text '840' is set on object 'Object Repository/VLink/Page_CCSale/txt_CountryID'

2023-01-13 18:05:18 - [MESSAGE][PASSED] - Text '1.50' is set on object 'Object Repository/VLink/Page_CCSale/txt_Amount'

2023-01-13 18:05:19 - [MESSAGE][PASSED] - Text '4111111111111111' is set on object 'Object Repository/VLink/Page_CCSale/txt_CardNumber'

2023-01-13 18:05:19 - [MESSAGE][PASSED] - Text '12' is set on object 'Object Repository/VLink/Page_CCSale/txt_ExpMonth'

2023-01-13 18:05:20 - [MESSAGE][PASSED] - Text '2025' is set on object 'Object Repository/VLink/Page_CCSale/txt_ExpYear'

2023-01-13 18:05:21 - [MESSAGE][PASSED] - Text '' is set on object 'Object Repository/VLink/Page_CCSale/txt_CVV'

2023-01-13 18:05:22 - [MESSAGE][PASSED] - Text '' is set on object 'Object Repository/VLink/Page_CCSale/txt_CVVstate'

2023-01-13 18:05:23 - [MESSAGE][PASSED] - Text '' is set on object 'Object Repository/VLink/Page_CCSale/txt_TrackData'

2023-01-13 18:05:23 - [MESSAGE][PASSED] - Text '' is set on object 'Object Repository/VLink/Page_CCSale/txt_Track1Data'

2023-01-13 18:05:24 - [MESSAGE][PASSED] - Text '' is set on object 'Object Repository/VLink/Page_CCSale/txt_Track2Data'

2023-01-13 18:05:25 - [MESSAGE][PASSED] - Text 'manual' is set on object 'Object Repository/VLink/Page_CCSale/txt_POSEntryMode'

2023-01-13 18:05:26 - [MESSAGE][PASSED] - Text 'iahmed@govolution.com' is set on object 'Object Repository/VLink/Page_CCSale/txt_Email'

2023-01-13 18:05:27 - [MESSAGE][PASSED] - Text '2569362' is set on object 'Object Repository/VLink/Page_CCSale/txt_OrderNumber'

2023-01-13 18:05:28 - [MESSAGE][PASSED] - Text '1.15' is set on object 'Object Repository/VLink/Page_CCSale/txt_TaxAmount'

2023-01-13 18:05:29 - [MESSAGE][PASSED] - Text 'Charge Description' is set on object 'Object Repository/VLink/Page_CCSale/txt_ChargeDescription'

2023-01-13 18:05:29 - [MESSAGE][PASSED] - Text '147357' is set on object 'Object Repository/VLink/Page_CCSale/txt_CAN'

2023-01-13 18:05:30 - [MESSAGE][PASSED] - Text '1' is set on object 'Object Repository/VLink/Page_CCSale/txt_BillPaymentIndicator'

2023-01-13 18:05:31 - [MESSAGE][PASSED] - Text 'UDF Data 1' is set on object 'Object Repository/VLink/Page_CCSale/txt_UDF1'

2023-01-13 18:05:32 - [MESSAGE][PASSED] - Text 'UDF Data 2' is set on object 'Object Repository/VLink/Page_CCSale/txt_UDF2'

2023-01-13 18:05:33 - [MESSAGE][PASSED] - Text 'UDF Data 3' is set on object 'Object Repository/VLink/Page_CCSale/txt_UDF3'

2023-01-13 18:05:33 - [MESSAGE][PASSED] - Text 'UDF Data 4' is set on object 'Object Repository/VLink/Page_CCSale/txt_UDF4'

2023-01-13 18:05:34 - [MESSAGE][PASSED] - Text 'UDF Data 5' is set on object 'Object Repository/VLink/Page_CCSale/txt_UDF5'

2023-01-13 18:05:35 - [MESSAGE][PASSED] - Text 'UDF Data 6' is set on object 'Object Repository/VLink/Page_CCSale/txt_UDF6'

2023-01-13 18:05:36 - [MESSAGE][PASSED] - Text 'UDF Data 7' is set on object 'Object Repository/VLink/Page_CCSale/txt_UDF7'

2023-01-13 18:05:37 - [MESSAGE][PASSED] - Text 'UDF Data 8' is set on object 'Object Repository/VLink/Page_CCSale/txt_UDF8'

2023-01-13 18:05:37 - [MESSAGE][PASSED] - Text 'UDF Data 9' is set on object 'Object Repository/VLink/Page_CCSale/txt_UDF9'

2023-01-13 18:05:38 - [MESSAGE][PASSED] - Text 'UDF Data 10' is set on object 'Object Repository/VLink/Page_CCSale/txt_UDF10'

2023-01-13 18:05:39 - [MESSAGE][PASSED] - Object: 'Object Repository/VLink/Page_CCSale/btn_ProcessVLinkTransaction' is clicked on

2023-01-13 18:05:44 - [MESSAGE][PASSED] - vlinkPages.saleCCPage.setDataSCC is PASSED

2023-01-13 18:05:44 - [TEST_STEP][PASSED] - if (verifyTextPresent(errorMsg, true)): null

2023-01-13 18:05:44 - [MESSAGE][PASSED] - Text 'Missing parameter: transaction_type' is present on page  using regular expression

2023-01-13 18:05:44 - [TEST_STEP][PASSED] - println("Transaction Approved, no errors text is present on the Confirmation page"): null

2023-01-13 18:05:44 - [TEST_STEP][PASSED] - out.println("Pass Record Number: " + row): null

2023-01-13 18:05:44 - [TEST_STEP][PASSED] - resText = "Pass": null

2023-01-13 18:05:44 - [TEST_STEP][PASSED] - pages.WriteExcel.demoKey(resText, datText, resColumn, datCloumn, fileLoc, nameSheet, row): pages.WriteExcel.demoKey is PASSED

2023-01-13 18:05:44 - [MESSAGE][PASSED] - pages.WriteExcel.demoKey is PASSED

2023-01-13 18:05:44 - [TEST_STEP][PASSED] - sdfo = getText(findTestObject("Object Repository/Page_VLinkReceipt/pre_STX")): Text of object 'Object Repository/Page_VLinkReceipt/pre_STX' is: '<STX>DRpcg4HRaMYE                                      2  Transaction failed                                20 Missing parameter: transaction_type                                                        <ETX>'

2023-01-13 18:05:45 - [MESSAGE][PASSED] - Text of object 'Object Repository/Page_VLinkReceipt/pre_STX' is: '<STX>DRpcg4HRaMYE                                      2  Transaction failed                                20 Missing parameter: transaction_type                                                        <ETX>'

2023-01-13 18:05:45 - [TEST_STEP][PASSED] - out.println("sdfo: " + sdfo): null

2023-01-13 18:05:45 - [TEST_STEP][PASSED] - remID = substring(5, 35).trim(): null

2023-01-13 18:05:45 - [TEST_STEP][PASSED] - out.println("Remittance ID: " + remID): null

2023-01-13 18:05:45 - [TEST_STEP][PASSED] - traxID = substring(35, 55).trim(): null

2023-01-13 18:05:45 - [TEST_STEP][PASSED] - out.println("Transaction ID: " + traxID): null

2023-01-13 18:05:45 - [TEST_STEP][PASSED] - out.println("End Record Number: " + row): null

2023-01-13 18:05:45 - [TEST_STEP][PASSED] - closeBrowser(): Browser is closed

2023-01-13 18:05:46 - [MESSAGE][PASSED] - Browser is closed

2023-01-13 18:05:46 - [TEST_STEP][PASSED] - ExecuteTC = findTestData(dataFile).getValue("Execute", row): null

2023-01-13 18:05:46 - [TEST_STEP][PASSED] - out.println("Value of Execute is : " + ExecuteTC): null

2023-01-13 18:05:46 - [TEST_STEP][PASSED] - errorMsg = findTestData(dataFile).getValue("ErrorMsg", row): null

2023-01-13 18:05:46 - [TEST_STEP][PASSED] - if (ExecuteTC.equalsIgnoreCase("Y")): Browser is closed

2023-01-13 18:05:46 - [TEST_STEP][PASSED] - out.println("Begin Record Number: " + row): null

2023-01-13 18:05:46 - [TEST_STEP][PASSED] - today = new java.util.Date(): null

2023-01-13 18:05:46 - [TEST_STEP][PASSED] - println(today): null

2023-01-13 18:05:46 - [TEST_STEP][PASSED] - datText = today: null

2023-01-13 18:05:46 - [TEST_STEP][PASSED] - openBrowser(VLinkURL + "authcap.html"): Browser is opened with url: 'https://dev-algorithm.govolution.com/vlinktest/QA/version_2_0/authcap.html'

2023-01-13 18:05:46 - [MESSAGE][INFO] - Starting 'Chrome' driver

2023-01-13 18:05:46 - [MESSAGE][INFO] - User set preference: ['acceptInsecureCerts', 'true']

2023-01-13 18:05:46 - [MESSAGE][INFO] - Action delay is set to 0 milliseconds

2023-01-13 18:05:48 - [MESSAGE][PASSED] - Browser is opened with url: 'https://dev-algorithm.govolution.com/vlinktest/QA/version_2_0/authcap.html'

2023-01-13 18:05:48 - [TEST_STEP][PASSED] - maximizeWindow(): Current window maximized

2023-01-13 18:05:48 - [MESSAGE][PASSED] - Current window maximized

2023-01-13 18:05:48 - [TEST_STEP][PASSED] - vlinkPages.saleCCPage.setDataSCC(row, dataFile): vlinkPages.saleCCPage.setDataSCC is PASSED

2023-01-13 18:05:51 - [MESSAGE][PASSED] - Object 'Object Repository/VLink/Page_CCSale/txt_CardNumber' is present

2023-01-13 18:05:52 - [MESSAGE][PASSED] - Text '' is set on object 'Object Repository/VLink/Page_CCSale/txt_TransactionType'

2023-01-13 18:05:53 - [MESSAGE][PASSED] - Text '2.0C' is set on object 'Object Repository/VLink/Page_CCSale/txt_MessageVersion'

2023-01-13 18:05:54 - [MESSAGE][PASSED] - Text '8fo1wPfq5T2R' is set on object 'Object Repository/VLink/Page_CCSale/txt_RemID'

2023-01-13 18:05:55 - [MESSAGE][PASSED] - Text '234' is set on object 'Object Repository/VLink/Page_CCSale/txt_ApplicationId'

2023-01-13 18:05:56 - [MESSAGE][PASSED] - Text 'username' is set on object 'Object Repository/VLink/Page_CCSale/txt_Username'

2023-01-13 18:05:57 - [MESSAGE][PASSED] - Text 'password' is set on object 'Object Repository/VLink/Page_CCSale/txt_Password'

2023-01-13 18:05:58 - [MESSAGE][PASSED] - Text 'fixed_width' is set on object 'Object Repository/VLink/Page_CCSale/txt_ResponseFormat'

2023-01-13 18:05:58 - [MESSAGE][PASSED] - Text 'MOTO' is set on object 'Object Repository/VLink/Page_CCSale/txt_Category'

2023-01-13 18:05:59 - [MESSAGE][PASSED] - Text '' is set on object 'Object Repository/VLink/Page_CCSale/txt_TransactionID'

2023-01-13 18:06:00 - [MESSAGE][PASSED] - Text '' is set on object 'Object Repository/VLink/Page_CCSale/txt_ApprovalCode'

2023-01-13 18:06:01 - [MESSAGE][PASSED] - Text 'Kris Roshan' is set on object 'Object Repository/VLink/Page_CCSale/txt_CardName'

2023-01-13 18:06:02 - [MESSAGE][PASSED] - Text '258 Elm Road' is set on object 'Object Repository/VLink/Page_CCSale/txt_AL1'

2023-01-13 18:06:03 - [MESSAGE][PASSED] - Text 'Suite 56' is set on object 'Object Repository/VLink/Page_CCSale/txt_AL2'

2023-01-13 18:06:04 - [MESSAGE][PASSED] - Text 'Arlington' is set on object 'Object Repository/VLink/Page_CCSale/txt_CardCity'

2023-01-13 18:06:05 - [MESSAGE][PASSED] - Text 'VA' is set on object 'Object Repository/VLink/Page_CCSale/txt_CardState'

2023-01-13 18:06:05 - [MESSAGE][PASSED] - Text '22201' is set on object 'Object Repository/VLink/Page_CCSale/txt_CardZIP'

2023-01-13 18:06:06 - [MESSAGE][PASSED] - Text '840' is set on object 'Object Repository/VLink/Page_CCSale/txt_CountryID'

2023-01-13 18:06:07 - [MESSAGE][PASSED] - Text '1.50' is set on object 'Object Repository/VLink/Page_CCSale/txt_Amount'

2023-01-13 18:06:08 - [MESSAGE][PASSED] - Text '4111111111111111' is set on object 'Object Repository/VLink/Page_CCSale/txt_CardNumber'

2023-01-13 18:06:09 - [MESSAGE][PASSED] - Text '12' is set on object 'Object Repository/VLink/Page_CCSale/txt_ExpMonth'

2023-01-13 18:06:10 - [MESSAGE][PASSED] - Text '2025' is set on object 'Object Repository/VLink/Page_CCSale/txt_ExpYear'

2023-01-13 18:06:10 - [MESSAGE][PASSED] - Text '' is set on object 'Object Repository/VLink/Page_CCSale/txt_CVV'

2023-01-13 18:06:11 - [MESSAGE][PASSED] - Text '' is set on object 'Object Repository/VLink/Page_CCSale/txt_CVVstate'

2023-01-13 18:06:12 - [MESSAGE][PASSED] - Text '' is set on object 'Object Repository/VLink/Page_CCSale/txt_TrackData'

2023-01-13 18:06:13 - [MESSAGE][PASSED] - Text '' is set on object 'Object Repository/VLink/Page_CCSale/txt_Track1Data'

2023-01-13 18:06:14 - [MESSAGE][PASSED] - Text '' is set on object 'Object Repository/VLink/Page_CCSale/txt_Track2Data'

2023-01-13 18:06:14 - [MESSAGE][PASSED] - Text 'manual' is set on object 'Object Repository/VLink/Page_CCSale/txt_POSEntryMode'

2023-01-13 18:06:15 - [MESSAGE][PASSED] - Text 'iahmed@govolution.com' is set on object 'Object Repository/VLink/Page_CCSale/txt_Email'

2023-01-13 18:06:16 - [MESSAGE][PASSED] - Text '2569362' is set on object 'Object Repository/VLink/Page_CCSale/txt_OrderNumber'

2023-01-13 18:06:17 - [MESSAGE][PASSED] - Text '1.15' is set on object 'Object Repository/VLink/Page_CCSale/txt_TaxAmount'

2023-01-13 18:06:17 - [MESSAGE][PASSED] - Text 'Charge Description' is set on object 'Object Repository/VLink/Page_CCSale/txt_ChargeDescription'

2023-01-13 18:06:18 - [MESSAGE][PASSED] - Text '147357' is set on object 'Object Repository/VLink/Page_CCSale/txt_CAN'

2023-01-13 18:06:19 - [MESSAGE][PASSED] - Text '1' is set on object 'Object Repository/VLink/Page_CCSale/txt_BillPaymentIndicator'

2023-01-13 18:06:20 - [MESSAGE][PASSED] - Text 'UDF Data 1' is set on object 'Object Repository/VLink/Page_CCSale/txt_UDF1'

2023-01-13 18:06:21 - [MESSAGE][PASSED] - Text 'UDF Data 2' is set on object 'Object Repository/VLink/Page_CCSale/txt_UDF2'

2023-01-13 18:06:21 - [MESSAGE][PASSED] - Text 'UDF Data 3' is set on object 'Object Repository/VLink/Page_CCSale/txt_UDF3'

2023-01-13 18:06:22 - [MESSAGE][PASSED] - Text 'UDF Data 4' is set on object 'Object Repository/VLink/Page_CCSale/txt_UDF4'

2023-01-13 18:06:23 - [MESSAGE][PASSED] - Text 'UDF Data 5' is set on object 'Object Repository/VLink/Page_CCSale/txt_UDF5'

2023-01-13 18:06:24 - [MESSAGE][PASSED] - Text 'UDF Data 6' is set on object 'Object Repository/VLink/Page_CCSale/txt_UDF6'

2023-01-13 18:06:24 - [MESSAGE][PASSED] - Text 'UDF Data 7' is set on object 'Object Repository/VLink/Page_CCSale/txt_UDF7'

2023-01-13 18:06:25 - [MESSAGE][PASSED] - Text 'UDF Data 8' is set on object 'Object Repository/VLink/Page_CCSale/txt_UDF8'

2023-01-13 18:06:26 - [MESSAGE][PASSED] - Text 'UDF Data 9' is set on object 'Object Repository/VLink/Page_CCSale/txt_UDF9'

2023-01-13 18:06:26 - [MESSAGE][PASSED] - Text 'UDF Data 10' is set on object 'Object Repository/VLink/Page_CCSale/txt_UDF10'

2023-01-13 18:06:27 - [MESSAGE][PASSED] - Object: 'Object Repository/VLink/Page_CCSale/btn_ProcessVLinkTransaction' is clicked on

2023-01-13 18:06:32 - [MESSAGE][PASSED] - vlinkPages.saleCCPage.setDataSCC is PASSED

2023-01-13 18:06:32 - [TEST_STEP][PASSED] - if (verifyTextPresent(errorMsg, true)): null

2023-01-13 18:06:33 - [MESSAGE][PASSED] - Text 'Missing parameter: transaction_type' is present on page  using regular expression

2023-01-13 18:06:33 - [TEST_STEP][PASSED] - println("Transaction Approved, no errors text is present on the Confirmation page"): null

2023-01-13 18:06:33 - [TEST_STEP][PASSED] - out.println("Pass Record Number: " + row): null

2023-01-13 18:06:33 - [TEST_STEP][PASSED] - resText = "Pass": null

2023-01-13 18:06:33 - [TEST_STEP][PASSED] - pages.WriteExcel.demoKey(resText, datText, resColumn, datCloumn, fileLoc, nameSheet, row): pages.WriteExcel.demoKey is PASSED

2023-01-13 18:06:33 - [MESSAGE][PASSED] - pages.WriteExcel.demoKey is PASSED

2023-01-13 18:06:33 - [TEST_STEP][PASSED] - sdfo = getText(findTestObject("Object Repository/Page_VLinkReceipt/pre_STX")): Text of object 'Object Repository/Page_VLinkReceipt/pre_STX' is: '<STX>8fo1wPfq5T2R                                      2  Transaction failed                                20 Missing parameter: transaction_type                                                        <ETX>'

2023-01-13 18:06:33 - [MESSAGE][PASSED] - Text of object 'Object Repository/Page_VLinkReceipt/pre_STX' is: '<STX>8fo1wPfq5T2R                                      2  Transaction failed                                20 Missing parameter: transaction_type                                                        <ETX>'

2023-01-13 18:06:33 - [TEST_STEP][PASSED] - out.println("sdfo: " + sdfo): null

2023-01-13 18:06:33 - [TEST_STEP][PASSED] - remID = substring(5, 35).trim(): null

2023-01-13 18:06:33 - [TEST_STEP][PASSED] - out.println("Remittance ID: " + remID): null

2023-01-13 18:06:33 - [TEST_STEP][PASSED] - traxID = substring(35, 55).trim(): null

2023-01-13 18:06:33 - [TEST_STEP][PASSED] - out.println("Transaction ID: " + traxID): null

2023-01-13 18:06:33 - [TEST_STEP][PASSED] - out.println("End Record Number: " + row): null

2023-01-13 18:06:33 - [TEST_STEP][PASSED] - closeBrowser(): Browser is closed

2023-01-13 18:06:34 - [MESSAGE][PASSED] - Browser is closed

2023-01-13 18:06:34 - [TEST_STEP][PASSED] - ExecuteTC = findTestData(dataFile).getValue("Execute", row): null

2023-01-13 18:06:34 - [TEST_STEP][PASSED] - out.println("Value of Execute is : " + ExecuteTC): null

2023-01-13 18:06:34 - [TEST_STEP][PASSED] - errorMsg = findTestData(dataFile).getValue("ErrorMsg", row): null

2023-01-13 18:06:34 - [TEST_STEP][PASSED] - if (ExecuteTC.equalsIgnoreCase("Y")): Browser is closed

2023-01-13 18:06:34 - [TEST_STEP][PASSED] - out.println("Begin Record Number: " + row): null

2023-01-13 18:06:34 - [TEST_STEP][PASSED] - today = new java.util.Date(): null

2023-01-13 18:06:34 - [TEST_STEP][PASSED] - println(today): null

2023-01-13 18:06:34 - [TEST_STEP][PASSED] - datText = today: null

2023-01-13 18:06:34 - [TEST_STEP][PASSED] - openBrowser(VLinkURL + "authcap.html"): Browser is opened with url: 'https://dev-algorithm.govolution.com/vlinktest/QA/version_2_0/authcap.html'

2023-01-13 18:06:34 - [MESSAGE][INFO] - Starting 'Chrome' driver

2023-01-13 18:06:34 - [MESSAGE][INFO] - User set preference: ['acceptInsecureCerts', 'true']

2023-01-13 18:06:34 - [MESSAGE][INFO] - Action delay is set to 0 milliseconds

2023-01-13 18:06:36 - [MESSAGE][PASSED] - Browser is opened with url: 'https://dev-algorithm.govolution.com/vlinktest/QA/version_2_0/authcap.html'

2023-01-13 18:06:36 - [TEST_STEP][PASSED] - maximizeWindow(): Current window maximized

2023-01-13 18:06:36 - [MESSAGE][PASSED] - Current window maximized

2023-01-13 18:06:36 - [TEST_STEP][PASSED] - vlinkPages.saleCCPage.setDataSCC(row, dataFile): vlinkPages.saleCCPage.setDataSCC is PASSED

2023-01-13 18:06:39 - [MESSAGE][PASSED] - Object 'Object Repository/VLink/Page_CCSale/txt_CardNumber' is present

2023-01-13 18:06:40 - [MESSAGE][PASSED] - Text '' is set on object 'Object Repository/VLink/Page_CCSale/txt_TransactionType'

2023-01-13 18:06:41 - [MESSAGE][PASSED] - Text '2.0C' is set on object 'Object Repository/VLink/Page_CCSale/txt_MessageVersion'

2023-01-13 18:06:42 - [MESSAGE][PASSED] - Text 'RPBZXJWYAGfF' is set on object 'Object Repository/VLink/Page_CCSale/txt_RemID'

2023-01-13 18:06:43 - [MESSAGE][PASSED] - Text '234' is set on object 'Object Repository/VLink/Page_CCSale/txt_ApplicationId'

2023-01-13 18:06:44 - [MESSAGE][PASSED] - Text 'username' is set on object 'Object Repository/VLink/Page_CCSale/txt_Username'

2023-01-13 18:06:44 - [MESSAGE][PASSED] - Text 'password' is set on object 'Object Repository/VLink/Page_CCSale/txt_Password'

2023-01-13 18:06:45 - [MESSAGE][PASSED] - Text 'fixed_width' is set on object 'Object Repository/VLink/Page_CCSale/txt_ResponseFormat'

2023-01-13 18:06:46 - [MESSAGE][PASSED] - Text 'RETL' is set on object 'Object Repository/VLink/Page_CCSale/txt_Category'

2023-01-13 18:06:47 - [MESSAGE][PASSED] - Text '' is set on object 'Object Repository/VLink/Page_CCSale/txt_TransactionID'

2023-01-13 18:06:48 - [MESSAGE][PASSED] - Text '' is set on object 'Object Repository/VLink/Page_CCSale/txt_ApprovalCode'

2023-01-13 18:06:48 - [MESSAGE][PASSED] - Text 'Kris Roshan' is set on object 'Object Repository/VLink/Page_CCSale/txt_CardName'

2023-01-13 18:06:49 - [MESSAGE][PASSED] - Text '258 Elm Road' is set on object 'Object Repository/VLink/Page_CCSale/txt_AL1'

2023-01-13 18:06:50 - [MESSAGE][PASSED] - Text 'Suite 56' is set on object 'Object Repository/VLink/Page_CCSale/txt_AL2'

2023-01-13 18:06:51 - [MESSAGE][PASSED] - Text 'Arlington' is set on object 'Object Repository/VLink/Page_CCSale/txt_CardCity'

2023-01-13 18:06:52 - [MESSAGE][PASSED] - Text 'VA' is set on object 'Object Repository/VLink/Page_CCSale/txt_CardState'

2023-01-13 18:06:53 - [MESSAGE][PASSED] - Text '22201' is set on object 'Object Repository/VLink/Page_CCSale/txt_CardZIP'

2023-01-13 18:06:54 - [MESSAGE][PASSED] - Text '840' is set on object 'Object Repository/VLink/Page_CCSale/txt_CountryID'

2023-01-13 18:06:54 - [MESSAGE][PASSED] - Text '1.50' is set on object 'Object Repository/VLink/Page_CCSale/txt_Amount'

2023-01-13 18:06:55 - [MESSAGE][PASSED] - Text '4111111111111111' is set on object 'Object Repository/VLink/Page_CCSale/txt_CardNumber'

2023-01-13 18:06:56 - [MESSAGE][PASSED] - Text '12' is set on object 'Object Repository/VLink/Page_CCSale/txt_ExpMonth'

2023-01-13 18:06:57 - [MESSAGE][PASSED] - Text '2025' is set on object 'Object Repository/VLink/Page_CCSale/txt_ExpYear'

2023-01-13 18:06:58 - [MESSAGE][PASSED] - Text '' is set on object 'Object Repository/VLink/Page_CCSale/txt_CVV'

2023-01-13 18:06:58 - [MESSAGE][PASSED] - Text '' is set on object 'Object Repository/VLink/Page_CCSale/txt_CVVstate'

2023-01-13 18:06:59 - [MESSAGE][PASSED] - Text '' is set on object 'Object Repository/VLink/Page_CCSale/txt_TrackData'

2023-01-13 18:07:00 - [MESSAGE][PASSED] - Text '' is set on object 'Object Repository/VLink/Page_CCSale/txt_Track1Data'

2023-01-13 18:07:01 - [MESSAGE][PASSED] - Text '' is set on object 'Object Repository/VLink/Page_CCSale/txt_Track2Data'

2023-01-13 18:07:01 - [MESSAGE][PASSED] - Text 'manual' is set on object 'Object Repository/VLink/Page_CCSale/txt_POSEntryMode'

2023-01-13 18:07:02 - [MESSAGE][PASSED] - Text 'iahmed@govolution.com' is set on object 'Object Repository/VLink/Page_CCSale/txt_Email'

2023-01-13 18:07:03 - [MESSAGE][PASSED] - Text '2569362' is set on object 'Object Repository/VLink/Page_CCSale/txt_OrderNumber'

2023-01-13 18:07:04 - [MESSAGE][PASSED] - Text '1.15' is set on object 'Object Repository/VLink/Page_CCSale/txt_TaxAmount'

2023-01-13 18:07:05 - [MESSAGE][PASSED] - Text 'Charge Description' is set on object 'Object Repository/VLink/Page_CCSale/txt_ChargeDescription'

2023-01-13 18:07:05 - [MESSAGE][PASSED] - Text '147357' is set on object 'Object Repository/VLink/Page_CCSale/txt_CAN'

2023-01-13 18:07:06 - [MESSAGE][PASSED] - Text '1' is set on object 'Object Repository/VLink/Page_CCSale/txt_BillPaymentIndicator'

2023-01-13 18:07:07 - [MESSAGE][PASSED] - Text 'UDF Data 1' is set on object 'Object Repository/VLink/Page_CCSale/txt_UDF1'

2023-01-13 18:07:08 - [MESSAGE][PASSED] - Text 'UDF Data 2' is set on object 'Object Repository/VLink/Page_CCSale/txt_UDF2'

2023-01-13 18:07:08 - [MESSAGE][PASSED] - Text 'UDF Data 3' is set on object 'Object Repository/VLink/Page_CCSale/txt_UDF3'

2023-01-13 18:07:09 - [MESSAGE][PASSED] - Text 'UDF Data 4' is set on object 'Object Repository/VLink/Page_CCSale/txt_UDF4'

2023-01-13 18:07:10 - [MESSAGE][PASSED] - Text 'UDF Data 5' is set on object 'Object Repository/VLink/Page_CCSale/txt_UDF5'

2023-01-13 18:07:11 - [MESSAGE][PASSED] - Text 'UDF Data 6' is set on object 'Object Repository/VLink/Page_CCSale/txt_UDF6'

2023-01-13 18:07:12 - [MESSAGE][PASSED] - Text 'UDF Data 7' is set on object 'Object Repository/VLink/Page_CCSale/txt_UDF7'

2023-01-13 18:07:12 - [MESSAGE][PASSED] - Text 'UDF Data 8' is set on object 'Object Repository/VLink/Page_CCSale/txt_UDF8'

2023-01-13 18:07:13 - [MESSAGE][PASSED] - Text 'UDF Data 9' is set on object 'Object Repository/VLink/Page_CCSale/txt_UDF9'

2023-01-13 18:07:14 - [MESSAGE][PASSED] - Text 'UDF Data 10' is set on object 'Object Repository/VLink/Page_CCSale/txt_UDF10'

2023-01-13 18:07:14 - [MESSAGE][PASSED] - Object: 'Object Repository/VLink/Page_CCSale/btn_ProcessVLinkTransaction' is clicked on

2023-01-13 18:07:19 - [MESSAGE][PASSED] - vlinkPages.saleCCPage.setDataSCC is PASSED

2023-01-13 18:07:19 - [TEST_STEP][PASSED] - if (verifyTextPresent(errorMsg, true)): null

2023-01-13 18:07:20 - [MESSAGE][PASSED] - Text 'Missing parameter: transaction_type' is present on page  using regular expression

2023-01-13 18:07:20 - [TEST_STEP][PASSED] - println("Transaction Approved, no errors text is present on the Confirmation page"): null

2023-01-13 18:07:20 - [TEST_STEP][PASSED] - out.println("Pass Record Number: " + row): null

2023-01-13 18:07:20 - [TEST_STEP][PASSED] - resText = "Pass": null

2023-01-13 18:07:20 - [TEST_STEP][PASSED] - pages.WriteExcel.demoKey(resText, datText, resColumn, datCloumn, fileLoc, nameSheet, row): pages.WriteExcel.demoKey is PASSED

2023-01-13 18:07:20 - [MESSAGE][PASSED] - pages.WriteExcel.demoKey is PASSED

2023-01-13 18:07:20 - [TEST_STEP][PASSED] - sdfo = getText(findTestObject("Object Repository/Page_VLinkReceipt/pre_STX")): Text of object 'Object Repository/Page_VLinkReceipt/pre_STX' is: '<STX>RPBZXJWYAGfF                                      2  Transaction failed                                20 Missing parameter: transaction_type                                                        <ETX>'

2023-01-13 18:07:20 - [MESSAGE][PASSED] - Text of object 'Object Repository/Page_VLinkReceipt/pre_STX' is: '<STX>RPBZXJWYAGfF                                      2  Transaction failed                                20 Missing parameter: transaction_type                                                        <ETX>'

2023-01-13 18:07:20 - [TEST_STEP][PASSED] - out.println("sdfo: " + sdfo): null

2023-01-13 18:07:20 - [TEST_STEP][PASSED] - remID = substring(5, 35).trim(): null

2023-01-13 18:07:20 - [TEST_STEP][PASSED] - out.println("Remittance ID: " + remID): null

2023-01-13 18:07:20 - [TEST_STEP][PASSED] - traxID = substring(35, 55).trim(): null

2023-01-13 18:07:20 - [TEST_STEP][PASSED] - out.println("Transaction ID: " + traxID): null

2023-01-13 18:07:20 - [TEST_STEP][PASSED] - out.println("End Record Number: " + row): null

2023-01-13 18:07:20 - [TEST_STEP][PASSED] - closeBrowser(): Browser is closed

2023-01-13 18:07:21 - [MESSAGE][PASSED] - Browser is closed

2023-01-13 18:07:21 - [TEST_STEP][PASSED] - ExecuteTC = findTestData(dataFile).getValue("Execute", row): null

2023-01-13 18:07:21 - [TEST_STEP][PASSED] - out.println("Value of Execute is : " + ExecuteTC): null

2023-01-13 18:07:21 - [TEST_STEP][PASSED] - errorMsg = findTestData(dataFile).getValue("ErrorMsg", row): null

2023-01-13 18:07:22 - [TEST_STEP][PASSED] - if (ExecuteTC.equalsIgnoreCase("Y")): Browser is closed

2023-01-13 18:07:22 - [TEST_STEP][PASSED] - out.println("Begin Record Number: " + row): null

2023-01-13 18:07:22 - [TEST_STEP][PASSED] - today = new java.util.Date(): null

2023-01-13 18:07:22 - [TEST_STEP][PASSED] - println(today): null

2023-01-13 18:07:22 - [TEST_STEP][PASSED] - datText = today: null

2023-01-13 18:07:22 - [TEST_STEP][PASSED] - openBrowser(VLinkURL + "authcap.html"): Browser is opened with url: 'https://dev-algorithm.govolution.com/vlinktest/QA/version_2_0/authcap.html'

2023-01-13 18:07:22 - [MESSAGE][INFO] - Starting 'Chrome' driver

2023-01-13 18:07:22 - [MESSAGE][INFO] - User set preference: ['acceptInsecureCerts', 'true']

2023-01-13 18:07:22 - [MESSAGE][INFO] - Action delay is set to 0 milliseconds

2023-01-13 18:07:23 - [MESSAGE][PASSED] - Browser is opened with url: 'https://dev-algorithm.govolution.com/vlinktest/QA/version_2_0/authcap.html'

2023-01-13 18:07:23 - [TEST_STEP][PASSED] - maximizeWindow(): Current window maximized

2023-01-13 18:07:23 - [MESSAGE][PASSED] - Current window maximized

2023-01-13 18:07:23 - [TEST_STEP][PASSED] - vlinkPages.saleCCPage.setDataSCC(row, dataFile): vlinkPages.saleCCPage.setDataSCC is PASSED

2023-01-13 18:07:27 - [MESSAGE][PASSED] - Object 'Object Repository/VLink/Page_CCSale/txt_CardNumber' is present

2023-01-13 18:07:27 - [MESSAGE][PASSED] - Text '104' is set on object 'Object Repository/VLink/Page_CCSale/txt_TransactionType'

2023-01-13 18:07:28 - [MESSAGE][PASSED] - Text '' is set on object 'Object Repository/VLink/Page_CCSale/txt_MessageVersion'

2023-01-13 18:07:29 - [MESSAGE][PASSED] - Text 'gvQPkKxhboE0' is set on object 'Object Repository/VLink/Page_CCSale/txt_RemID'

2023-01-13 18:07:30 - [MESSAGE][PASSED] - Text '234' is set on object 'Object Repository/VLink/Page_CCSale/txt_ApplicationId'

2023-01-13 18:07:31 - [MESSAGE][PASSED] - Text 'username' is set on object 'Object Repository/VLink/Page_CCSale/txt_Username'

2023-01-13 18:07:32 - [MESSAGE][PASSED] - Text 'password' is set on object 'Object Repository/VLink/Page_CCSale/txt_Password'

2023-01-13 18:07:33 - [MESSAGE][PASSED] - Text 'fixed_width' is set on object 'Object Repository/VLink/Page_CCSale/txt_ResponseFormat'

2023-01-13 18:07:33 - [MESSAGE][PASSED] - Text 'ECOM' is set on object 'Object Repository/VLink/Page_CCSale/txt_Category'

2023-01-13 18:07:34 - [MESSAGE][PASSED] - Text '' is set on object 'Object Repository/VLink/Page_CCSale/txt_TransactionID'

2023-01-13 18:07:35 - [MESSAGE][PASSED] - Text '' is set on object 'Object Repository/VLink/Page_CCSale/txt_ApprovalCode'

2023-01-13 18:07:36 - [MESSAGE][PASSED] - Text 'Kris Roshan' is set on object 'Object Repository/VLink/Page_CCSale/txt_CardName'

2023-01-13 18:07:37 - [MESSAGE][PASSED] - Text '258 Elm Road' is set on object 'Object Repository/VLink/Page_CCSale/txt_AL1'

2023-01-13 18:07:37 - [MESSAGE][PASSED] - Text 'Suite 56' is set on object 'Object Repository/VLink/Page_CCSale/txt_AL2'

2023-01-13 18:07:38 - [MESSAGE][PASSED] - Text 'Arlington' is set on object 'Object Repository/VLink/Page_CCSale/txt_CardCity'

2023-01-13 18:07:39 - [MESSAGE][PASSED] - Text 'VA' is set on object 'Object Repository/VLink/Page_CCSale/txt_CardState'

2023-01-13 18:07:40 - [MESSAGE][PASSED] - Text '22201' is set on object 'Object Repository/VLink/Page_CCSale/txt_CardZIP'

2023-01-13 18:07:41 - [MESSAGE][PASSED] - Text '840' is set on object 'Object Repository/VLink/Page_CCSale/txt_CountryID'

2023-01-13 18:07:41 - [MESSAGE][PASSED] - Text '1.50' is set on object 'Object Repository/VLink/Page_CCSale/txt_Amount'

2023-01-13 18:07:42 - [MESSAGE][PASSED] - Text '4111111111111111' is set on object 'Object Repository/VLink/Page_CCSale/txt_CardNumber'

2023-01-13 18:07:43 - [MESSAGE][PASSED] - Text '12' is set on object 'Object Repository/VLink/Page_CCSale/txt_ExpMonth'

2023-01-13 18:07:44 - [MESSAGE][PASSED] - Text '2025' is set on object 'Object Repository/VLink/Page_CCSale/txt_ExpYear'

2023-01-13 18:07:45 - [MESSAGE][PASSED] - Text '' is set on object 'Object Repository/VLink/Page_CCSale/txt_CVV'

2023-01-13 18:07:45 - [MESSAGE][PASSED] - Text '' is set on object 'Object Repository/VLink/Page_CCSale/txt_CVVstate'

2023-01-13 18:07:46 - [MESSAGE][PASSED] - Text '' is set on object 'Object Repository/VLink/Page_CCSale/txt_TrackData'

2023-01-13 18:07:47 - [MESSAGE][PASSED] - Text '' is set on object 'Object Repository/VLink/Page_CCSale/txt_Track1Data'

2023-01-13 18:07:48 - [MESSAGE][PASSED] - Text '' is set on object 'Object Repository/VLink/Page_CCSale/txt_Track2Data'

2023-01-13 18:07:49 - [MESSAGE][PASSED] - Text 'manual' is set on object 'Object Repository/VLink/Page_CCSale/txt_POSEntryMode'

2023-01-13 18:07:49 - [MESSAGE][PASSED] - Text 'iahmed@govolution.com' is set on object 'Object Repository/VLink/Page_CCSale/txt_Email'

2023-01-13 18:07:50 - [MESSAGE][PASSED] - Text '2569362' is set on object 'Object Repository/VLink/Page_CCSale/txt_OrderNumber'

2023-01-13 18:07:51 - [MESSAGE][PASSED] - Text '1.15' is set on object 'Object Repository/VLink/Page_CCSale/txt_TaxAmount'

2023-01-13 18:07:52 - [MESSAGE][PASSED] - Text 'Charge Description' is set on object 'Object Repository/VLink/Page_CCSale/txt_ChargeDescription'

2023-01-13 18:07:52 - [MESSAGE][PASSED] - Text '147357' is set on object 'Object Repository/VLink/Page_CCSale/txt_CAN'

2023-01-13 18:07:53 - [MESSAGE][PASSED] - Text '1' is set on object 'Object Repository/VLink/Page_CCSale/txt_BillPaymentIndicator'

2023-01-13 18:07:54 - [MESSAGE][PASSED] - Text 'UDF Data 1' is set on object 'Object Repository/VLink/Page_CCSale/txt_UDF1'

2023-01-13 18:07:55 - [MESSAGE][PASSED] - Text 'UDF Data 2' is set on object 'Object Repository/VLink/Page_CCSale/txt_UDF2'

2023-01-13 18:07:56 - [MESSAGE][PASSED] - Text 'UDF Data 3' is set on object 'Object Repository/VLink/Page_CCSale/txt_UDF3'

2023-01-13 18:07:56 - [MESSAGE][PASSED] - Text 'UDF Data 4' is set on object 'Object Repository/VLink/Page_CCSale/txt_UDF4'

2023-01-13 18:07:57 - [MESSAGE][PASSED] - Text 'UDF Data 5' is set on object 'Object Repository/VLink/Page_CCSale/txt_UDF5'

2023-01-13 18:07:58 - [MESSAGE][PASSED] - Text 'UDF Data 6' is set on object 'Object Repository/VLink/Page_CCSale/txt_UDF6'

2023-01-13 18:07:59 - [MESSAGE][PASSED] - Text 'UDF Data 7' is set on object 'Object Repository/VLink/Page_CCSale/txt_UDF7'

2023-01-13 18:08:00 - [MESSAGE][PASSED] - Text 'UDF Data 8' is set on object 'Object Repository/VLink/Page_CCSale/txt_UDF8'

2023-01-13 18:08:00 - [MESSAGE][PASSED] - Text 'UDF Data 9' is set on object 'Object Repository/VLink/Page_CCSale/txt_UDF9'

2023-01-13 18:08:01 - [MESSAGE][PASSED] - Text 'UDF Data 10' is set on object 'Object Repository/VLink/Page_CCSale/txt_UDF10'

2023-01-13 18:08:02 - [MESSAGE][PASSED] - Object: 'Object Repository/VLink/Page_CCSale/btn_ProcessVLinkTransaction' is clicked on

2023-01-13 18:08:07 - [MESSAGE][PASSED] - vlinkPages.saleCCPage.setDataSCC is PASSED

2023-01-13 18:08:07 - [TEST_STEP][PASSED] - if (verifyTextPresent(errorMsg, true)): null

2023-01-13 18:08:07 - [MESSAGE][PASSED] - Text 'Missing parameter: message_version' is present on page  using regular expression

2023-01-13 18:08:07 - [TEST_STEP][PASSED] - println("Transaction Approved, no errors text is present on the Confirmation page"): null

2023-01-13 18:08:07 - [TEST_STEP][PASSED] - out.println("Pass Record Number: " + row): null

2023-01-13 18:08:07 - [TEST_STEP][PASSED] - resText = "Pass": null

2023-01-13 18:08:07 - [TEST_STEP][PASSED] - pages.WriteExcel.demoKey(resText, datText, resColumn, datCloumn, fileLoc, nameSheet, row): pages.WriteExcel.demoKey is PASSED

2023-01-13 18:08:07 - [MESSAGE][PASSED] - pages.WriteExcel.demoKey is PASSED

2023-01-13 18:08:07 - [TEST_STEP][PASSED] - sdfo = getText(findTestObject("Object Repository/Page_VLinkReceipt/pre_STX")): Text of object 'Object Repository/Page_VLinkReceipt/pre_STX' is: '<STX>gvQPkKxhboE0                                      2  Transaction failed                                20 Missing parameter: message_version                                                      <ETX>'

2023-01-13 18:08:08 - [MESSAGE][PASSED] - Text of object 'Object Repository/Page_VLinkReceipt/pre_STX' is: '<STX>gvQPkKxhboE0                                      2  Transaction failed                                20 Missing parameter: message_version                                                      <ETX>'

2023-01-13 18:08:08 - [TEST_STEP][PASSED] - out.println("sdfo: " + sdfo): null

2023-01-13 18:08:08 - [TEST_STEP][PASSED] - remID = substring(5, 35).trim(): null

2023-01-13 18:08:08 - [TEST_STEP][PASSED] - out.println("Remittance ID: " + remID): null

2023-01-13 18:08:08 - [TEST_STEP][PASSED] - traxID = substring(35, 55).trim(): null

2023-01-13 18:08:08 - [TEST_STEP][PASSED] - out.println("Transaction ID: " + traxID): null

2023-01-13 18:08:08 - [TEST_STEP][PASSED] - out.println("End Record Number: " + row): null

2023-01-13 18:08:08 - [TEST_STEP][PASSED] - closeBrowser(): Browser is closed

2023-01-13 18:08:09 - [MESSAGE][PASSED] - Browser is closed

2023-01-13 18:08:09 - [TEST_STEP][PASSED] - ExecuteTC = findTestData(dataFile).getValue("Execute", row): null

2023-01-13 18:08:09 - [TEST_STEP][PASSED] - out.println("Value of Execute is : " + ExecuteTC): null

2023-01-13 18:08:09 - [TEST_STEP][PASSED] - errorMsg = findTestData(dataFile).getValue("ErrorMsg", row): null

2023-01-13 18:08:09 - [TEST_STEP][PASSED] - if (ExecuteTC.equalsIgnoreCase("Y")): Browser is closed

2023-01-13 18:08:09 - [TEST_STEP][PASSED] - out.println("Begin Record Number: " + row): null

2023-01-13 18:08:09 - [TEST_STEP][PASSED] - today = new java.util.Date(): null

2023-01-13 18:08:09 - [TEST_STEP][PASSED] - println(today): null

2023-01-13 18:08:09 - [TEST_STEP][PASSED] - datText = today: null

2023-01-13 18:08:09 - [TEST_STEP][PASSED] - openBrowser(VLinkURL + "authcap.html"): Browser is opened with url: 'https://dev-algorithm.govolution.com/vlinktest/QA/version_2_0/authcap.html'

2023-01-13 18:08:09 - [MESSAGE][INFO] - Starting 'Chrome' driver

2023-01-13 18:08:09 - [MESSAGE][INFO] - User set preference: ['acceptInsecureCerts', 'true']

2023-01-13 18:08:09 - [MESSAGE][INFO] - Action delay is set to 0 milliseconds

2023-01-13 18:08:11 - [MESSAGE][PASSED] - Browser is opened with url: 'https://dev-algorithm.govolution.com/vlinktest/QA/version_2_0/authcap.html'

2023-01-13 18:08:11 - [TEST_STEP][PASSED] - maximizeWindow(): Current window maximized

2023-01-13 18:08:11 - [MESSAGE][PASSED] - Current window maximized

2023-01-13 18:08:11 - [TEST_STEP][PASSED] - vlinkPages.saleCCPage.setDataSCC(row, dataFile): vlinkPages.saleCCPage.setDataSCC is PASSED

2023-01-13 18:08:14 - [MESSAGE][PASSED] - Object 'Object Repository/VLink/Page_CCSale/txt_CardNumber' is present

2023-01-13 18:08:15 - [MESSAGE][PASSED] - Text '104' is set on object 'Object Repository/VLink/Page_CCSale/txt_TransactionType'

2023-01-13 18:08:16 - [MESSAGE][PASSED] - Text '' is set on object 'Object Repository/VLink/Page_CCSale/txt_MessageVersion'

2023-01-13 18:08:17 - [MESSAGE][PASSED] - Text 'lKxiSTx3lDYj' is set on object 'Object Repository/VLink/Page_CCSale/txt_RemID'

2023-01-13 18:08:18 - [MESSAGE][PASSED] - Text '234' is set on object 'Object Repository/VLink/Page_CCSale/txt_ApplicationId'

2023-01-13 18:08:18 - [MESSAGE][PASSED] - Text 'username' is set on object 'Object Repository/VLink/Page_CCSale/txt_Username'

2023-01-13 18:08:19 - [MESSAGE][PASSED] - Text 'password' is set on object 'Object Repository/VLink/Page_CCSale/txt_Password'

2023-01-13 18:08:20 - [MESSAGE][PASSED] - Text 'fixed_width' is set on object 'Object Repository/VLink/Page_CCSale/txt_ResponseFormat'

2023-01-13 18:08:21 - [MESSAGE][PASSED] - Text 'MOTO' is set on object 'Object Repository/VLink/Page_CCSale/txt_Category'

2023-01-13 18:08:21 - [MESSAGE][PASSED] - Text '' is set on object 'Object Repository/VLink/Page_CCSale/txt_TransactionID'

2023-01-13 18:08:22 - [MESSAGE][PASSED] - Text '' is set on object 'Object Repository/VLink/Page_CCSale/txt_ApprovalCode'

2023-01-13 18:08:23 - [MESSAGE][PASSED] - Text 'Kris Roshan' is set on object 'Object Repository/VLink/Page_CCSale/txt_CardName'

2023-01-13 18:08:24 - [MESSAGE][PASSED] - Text '258 Elm Road' is set on object 'Object Repository/VLink/Page_CCSale/txt_AL1'

2023-01-13 18:08:25 - [MESSAGE][PASSED] - Text 'Suite 56' is set on object 'Object Repository/VLink/Page_CCSale/txt_AL2'

2023-01-13 18:08:26 - [MESSAGE][PASSED] - Text 'Arlington' is set on object 'Object Repository/VLink/Page_CCSale/txt_CardCity'

2023-01-13 18:08:26 - [MESSAGE][PASSED] - Text 'VA' is set on object 'Object Repository/VLink/Page_CCSale/txt_CardState'

2023-01-13 18:08:27 - [MESSAGE][PASSED] - Text '22201' is set on object 'Object Repository/VLink/Page_CCSale/txt_CardZIP'

2023-01-13 18:08:28 - [MESSAGE][PASSED] - Text '840' is set on object 'Object Repository/VLink/Page_CCSale/txt_CountryID'

2023-01-13 18:08:29 - [MESSAGE][PASSED] - Text '1.50' is set on object 'Object Repository/VLink/Page_CCSale/txt_Amount'

2023-01-13 18:08:30 - [MESSAGE][PASSED] - Text '4111111111111111' is set on object 'Object Repository/VLink/Page_CCSale/txt_CardNumber'

2023-01-13 18:08:30 - [MESSAGE][PASSED] - Text '12' is set on object 'Object Repository/VLink/Page_CCSale/txt_ExpMonth'

2023-01-13 18:08:31 - [MESSAGE][PASSED] - Text '2025' is set on object 'Object Repository/VLink/Page_CCSale/txt_ExpYear'

2023-01-13 18:08:32 - [MESSAGE][PASSED] - Text '' is set on object 'Object Repository/VLink/Page_CCSale/txt_CVV'

2023-01-13 18:08:33 - [MESSAGE][PASSED] - Text '' is set on object 'Object Repository/VLink/Page_CCSale/txt_CVVstate'

2023-01-13 18:08:34 - [MESSAGE][PASSED] - Text '' is set on object 'Object Repository/VLink/Page_CCSale/txt_TrackData'

2023-01-13 18:08:34 - [MESSAGE][PASSED] - Text '' is set on object 'Object Repository/VLink/Page_CCSale/txt_Track1Data'

2023-01-13 18:08:35 - [MESSAGE][PASSED] - Text '' is set on object 'Object Repository/VLink/Page_CCSale/txt_Track2Data'

2023-01-13 18:08:36 - [MESSAGE][PASSED] - Text 'manual' is set on object 'Object Repository/VLink/Page_CCSale/txt_POSEntryMode'

2023-01-13 18:08:37 - [MESSAGE][PASSED] - Text 'iahmed@govolution.com' is set on object 'Object Repository/VLink/Page_CCSale/txt_Email'

2023-01-13 18:08:38 - [MESSAGE][PASSED] - Text '2569362' is set on object 'Object Repository/VLink/Page_CCSale/txt_OrderNumber'

2023-01-13 18:08:39 - [MESSAGE][PASSED] - Text '1.15' is set on object 'Object Repository/VLink/Page_CCSale/txt_TaxAmount'

2023-01-13 18:08:40 - [MESSAGE][PASSED] - Text 'Charge Description' is set on object 'Object Repository/VLink/Page_CCSale/txt_ChargeDescription'

2023-01-13 18:08:40 - [MESSAGE][PASSED] - Text '147357' is set on object 'Object Repository/VLink/Page_CCSale/txt_CAN'

2023-01-13 18:08:41 - [MESSAGE][PASSED] - Text '1' is set on object 'Object Repository/VLink/Page_CCSale/txt_BillPaymentIndicator'

2023-01-13 18:08:42 - [MESSAGE][PASSED] - Text 'UDF Data 1' is set on object 'Object Repository/VLink/Page_CCSale/txt_UDF1'

2023-01-13 18:08:43 - [MESSAGE][PASSED] - Text 'UDF Data 2' is set on object 'Object Repository/VLink/Page_CCSale/txt_UDF2'

2023-01-13 18:08:43 - [MESSAGE][PASSED] - Text 'UDF Data 3' is set on object 'Object Repository/VLink/Page_CCSale/txt_UDF3'

2023-01-13 18:08:44 - [MESSAGE][PASSED] - Text 'UDF Data 4' is set on object 'Object Repository/VLink/Page_CCSale/txt_UDF4'

2023-01-13 18:08:45 - [MESSAGE][PASSED] - Text 'UDF Data 5' is set on object 'Object Repository/VLink/Page_CCSale/txt_UDF5'

2023-01-13 18:08:46 - [MESSAGE][PASSED] - Text 'UDF Data 6' is set on object 'Object Repository/VLink/Page_CCSale/txt_UDF6'

2023-01-13 18:08:47 - [MESSAGE][PASSED] - Text 'UDF Data 7' is set on object 'Object Repository/VLink/Page_CCSale/txt_UDF7'

2023-01-13 18:08:47 - [MESSAGE][PASSED] - Text 'UDF Data 8' is set on object 'Object Repository/VLink/Page_CCSale/txt_UDF8'

2023-01-13 18:08:48 - [MESSAGE][PASSED] - Text 'UDF Data 9' is set on object 'Object Repository/VLink/Page_CCSale/txt_UDF9'

2023-01-13 18:08:49 - [MESSAGE][PASSED] - Text 'UDF Data 10' is set on object 'Object Repository/VLink/Page_CCSale/txt_UDF10'

2023-01-13 18:08:49 - [MESSAGE][PASSED] - Object: 'Object Repository/VLink/Page_CCSale/btn_ProcessVLinkTransaction' is clicked on

2023-01-13 18:08:54 - [MESSAGE][PASSED] - vlinkPages.saleCCPage.setDataSCC is PASSED

2023-01-13 18:08:54 - [TEST_STEP][PASSED] - if (verifyTextPresent(errorMsg, true)): null

2023-01-13 18:08:55 - [MESSAGE][PASSED] - Text 'Missing parameter: message_version' is present on page  using regular expression

2023-01-13 18:08:55 - [TEST_STEP][PASSED] - println("Transaction Approved, no errors text is present on the Confirmation page"): null

2023-01-13 18:08:55 - [TEST_STEP][PASSED] - out.println("Pass Record Number: " + row): null

2023-01-13 18:08:55 - [TEST_STEP][PASSED] - resText = "Pass": null

2023-01-13 18:08:55 - [TEST_STEP][PASSED] - pages.WriteExcel.demoKey(resText, datText, resColumn, datCloumn, fileLoc, nameSheet, row): pages.WriteExcel.demoKey is PASSED

2023-01-13 18:08:55 - [MESSAGE][PASSED] - pages.WriteExcel.demoKey is PASSED

2023-01-13 18:08:55 - [TEST_STEP][PASSED] - sdfo = getText(findTestObject("Object Repository/Page_VLinkReceipt/pre_STX")): Text of object 'Object Repository/Page_VLinkReceipt/pre_STX' is: '<STX>lKxiSTx3lDYj                                      2  Transaction failed                                20 Missing parameter: message_version                                                      <ETX>'

2023-01-13 18:08:55 - [MESSAGE][PASSED] - Text of object 'Object Repository/Page_VLinkReceipt/pre_STX' is: '<STX>lKxiSTx3lDYj                                      2  Transaction failed                                20 Missing parameter: message_version                                                      <ETX>'

2023-01-13 18:08:55 - [TEST_STEP][PASSED] - out.println("sdfo: " + sdfo): null

2023-01-13 18:08:55 - [TEST_STEP][PASSED] - remID = substring(5, 35).trim(): null

2023-01-13 18:08:55 - [TEST_STEP][PASSED] - out.println("Remittance ID: " + remID): null

2023-01-13 18:08:55 - [TEST_STEP][PASSED] - traxID = substring(35, 55).trim(): null

2023-01-13 18:08:55 - [TEST_STEP][PASSED] - out.println("Transaction ID: " + traxID): null

2023-01-13 18:08:55 - [TEST_STEP][PASSED] - out.println("End Record Number: " + row): null

2023-01-13 18:08:55 - [TEST_STEP][PASSED] - closeBrowser(): Browser is closed

2023-01-13 18:08:56 - [MESSAGE][PASSED] - Browser is closed

2023-01-13 18:08:56 - [TEST_STEP][PASSED] - ExecuteTC = findTestData(dataFile).getValue("Execute", row): null

2023-01-13 18:08:56 - [TEST_STEP][PASSED] - out.println("Value of Execute is : " + ExecuteTC): null

2023-01-13 18:08:56 - [TEST_STEP][PASSED] - errorMsg = findTestData(dataFile).getValue("ErrorMsg", row): null

2023-01-13 18:08:56 - [TEST_STEP][PASSED] - if (ExecuteTC.equalsIgnoreCase("Y")): Browser is closed

2023-01-13 18:08:56 - [TEST_STEP][PASSED] - out.println("Begin Record Number: " + row): null

2023-01-13 18:08:56 - [TEST_STEP][PASSED] - today = new java.util.Date(): null

2023-01-13 18:08:56 - [TEST_STEP][PASSED] - println(today): null

2023-01-13 18:08:56 - [TEST_STEP][PASSED] - datText = today: null

2023-01-13 18:08:56 - [TEST_STEP][PASSED] - openBrowser(VLinkURL + "authcap.html"): Browser is opened with url: 'https://dev-algorithm.govolution.com/vlinktest/QA/version_2_0/authcap.html'

2023-01-13 18:08:56 - [MESSAGE][INFO] - Starting 'Chrome' driver

2023-01-13 18:08:56 - [MESSAGE][INFO] - User set preference: ['acceptInsecureCerts', 'true']

2023-01-13 18:08:56 - [MESSAGE][INFO] - Action delay is set to 0 milliseconds

2023-01-13 18:08:58 - [MESSAGE][PASSED] - Browser is opened with url: 'https://dev-algorithm.govolution.com/vlinktest/QA/version_2_0/authcap.html'

2023-01-13 18:08:58 - [TEST_STEP][PASSED] - maximizeWindow(): Current window maximized

2023-01-13 18:08:58 - [MESSAGE][PASSED] - Current window maximized

2023-01-13 18:08:58 - [TEST_STEP][PASSED] - vlinkPages.saleCCPage.setDataSCC(row, dataFile): vlinkPages.saleCCPage.setDataSCC is PASSED

2023-01-13 18:09:02 - [MESSAGE][PASSED] - Object 'Object Repository/VLink/Page_CCSale/txt_CardNumber' is present

2023-01-13 18:09:02 - [MESSAGE][PASSED] - Text '104' is set on object 'Object Repository/VLink/Page_CCSale/txt_TransactionType'

2023-01-13 18:09:03 - [MESSAGE][PASSED] - Text '' is set on object 'Object Repository/VLink/Page_CCSale/txt_MessageVersion'

2023-01-13 18:09:04 - [MESSAGE][PASSED] - Text 'vmwRvuWLmu2U' is set on object 'Object Repository/VLink/Page_CCSale/txt_RemID'

2023-01-13 18:09:05 - [MESSAGE][PASSED] - Text '234' is set on object 'Object Repository/VLink/Page_CCSale/txt_ApplicationId'

2023-01-13 18:09:06 - [MESSAGE][PASSED] - Text 'username' is set on object 'Object Repository/VLink/Page_CCSale/txt_Username'

2023-01-13 18:09:07 - [MESSAGE][PASSED] - Text 'password' is set on object 'Object Repository/VLink/Page_CCSale/txt_Password'

2023-01-13 18:09:08 - [MESSAGE][PASSED] - Text 'fixed_width' is set on object 'Object Repository/VLink/Page_CCSale/txt_ResponseFormat'

2023-01-13 18:09:09 - [MESSAGE][PASSED] - Text 'RETL' is set on object 'Object Repository/VLink/Page_CCSale/txt_Category'

2023-01-13 18:09:09 - [MESSAGE][PASSED] - Text '' is set on object 'Object Repository/VLink/Page_CCSale/txt_TransactionID'

2023-01-13 18:09:10 - [MESSAGE][PASSED] - Text '' is set on object 'Object Repository/VLink/Page_CCSale/txt_ApprovalCode'

2023-01-13 18:09:11 - [MESSAGE][PASSED] - Text 'Kris Roshan' is set on object 'Object Repository/VLink/Page_CCSale/txt_CardName'

2023-01-13 18:09:12 - [MESSAGE][PASSED] - Text '258 Elm Road' is set on object 'Object Repository/VLink/Page_CCSale/txt_AL1'

2023-01-13 18:09:13 - [MESSAGE][PASSED] - Text 'Suite 56' is set on object 'Object Repository/VLink/Page_CCSale/txt_AL2'

2023-01-13 18:09:13 - [MESSAGE][PASSED] - Text 'Arlington' is set on object 'Object Repository/VLink/Page_CCSale/txt_CardCity'

2023-01-13 18:09:14 - [MESSAGE][PASSED] - Text 'VA' is set on object 'Object Repository/VLink/Page_CCSale/txt_CardState'

2023-01-13 18:09:15 - [MESSAGE][PASSED] - Text '22201' is set on object 'Object Repository/VLink/Page_CCSale/txt_CardZIP'

2023-01-13 18:09:16 - [MESSAGE][PASSED] - Text '840' is set on object 'Object Repository/VLink/Page_CCSale/txt_CountryID'

2023-01-13 18:09:17 - [MESSAGE][PASSED] - Text '1.50' is set on object 'Object Repository/VLink/Page_CCSale/txt_Amount'

2023-01-13 18:09:18 - [MESSAGE][PASSED] - Text '4111111111111111' is set on object 'Object Repository/VLink/Page_CCSale/txt_CardNumber'

2023-01-13 18:09:18 - [MESSAGE][PASSED] - Text '12' is set on object 'Object Repository/VLink/Page_CCSale/txt_ExpMonth'

2023-01-13 18:09:19 - [MESSAGE][PASSED] - Text '2025' is set on object 'Object Repository/VLink/Page_CCSale/txt_ExpYear'

2023-01-13 18:09:20 - [MESSAGE][PASSED] - Text '' is set on object 'Object Repository/VLink/Page_CCSale/txt_CVV'

2023-01-13 18:09:21 - [MESSAGE][PASSED] - Text '' is set on object 'Object Repository/VLink/Page_CCSale/txt_CVVstate'

2023-01-13 18:09:21 - [MESSAGE][PASSED] - Text '' is set on object 'Object Repository/VLink/Page_CCSale/txt_TrackData'

2023-01-13 18:09:22 - [MESSAGE][PASSED] - Text '' is set on object 'Object Repository/VLink/Page_CCSale/txt_Track1Data'

2023-01-13 18:09:23 - [MESSAGE][PASSED] - Text '' is set on object 'Object Repository/VLink/Page_CCSale/txt_Track2Data'

2023-01-13 18:09:24 - [MESSAGE][PASSED] - Text 'manual' is set on object 'Object Repository/VLink/Page_CCSale/txt_POSEntryMode'

2023-01-13 18:09:24 - [MESSAGE][PASSED] - Text 'iahmed@govolution.com' is set on object 'Object Repository/VLink/Page_CCSale/txt_Email'

2023-01-13 18:09:25 - [MESSAGE][PASSED] - Text '2569362' is set on object 'Object Repository/VLink/Page_CCSale/txt_OrderNumber'

2023-01-13 18:09:26 - [MESSAGE][PASSED] - Text '1.15' is set on object 'Object Repository/VLink/Page_CCSale/txt_TaxAmount'

2023-01-13 18:09:27 - [MESSAGE][PASSED] - Text 'Charge Description' is set on object 'Object Repository/VLink/Page_CCSale/txt_ChargeDescription'

2023-01-13 18:09:27 - [MESSAGE][PASSED] - Text '147357' is set on object 'Object Repository/VLink/Page_CCSale/txt_CAN'

2023-01-13 18:09:28 - [MESSAGE][PASSED] - Text '1' is set on object 'Object Repository/VLink/Page_CCSale/txt_BillPaymentIndicator'

2023-01-13 18:09:29 - [MESSAGE][PASSED] - Text 'UDF Data 1' is set on object 'Object Repository/VLink/Page_CCSale/txt_UDF1'

2023-01-13 18:09:30 - [MESSAGE][PASSED] - Text 'UDF Data 2' is set on object 'Object Repository/VLink/Page_CCSale/txt_UDF2'

2023-01-13 18:09:31 - [MESSAGE][PASSED] - Text 'UDF Data 3' is set on object 'Object Repository/VLink/Page_CCSale/txt_UDF3'

2023-01-13 18:09:32 - [MESSAGE][PASSED] - Text 'UDF Data 4' is set on object 'Object Repository/VLink/Page_CCSale/txt_UDF4'

2023-01-13 18:09:32 - [MESSAGE][PASSED] - Text 'UDF Data 5' is set on object 'Object Repository/VLink/Page_CCSale/txt_UDF5'

2023-01-13 18:09:33 - [MESSAGE][PASSED] - Text 'UDF Data 6' is set on object 'Object Repository/VLink/Page_CCSale/txt_UDF6'

2023-01-13 18:09:34 - [MESSAGE][PASSED] - Text 'UDF Data 7' is set on object 'Object Repository/VLink/Page_CCSale/txt_UDF7'

2023-01-13 18:09:35 - [MESSAGE][PASSED] - Text 'UDF Data 8' is set on object 'Object Repository/VLink/Page_CCSale/txt_UDF8'

2023-01-13 18:09:36 - [MESSAGE][PASSED] - Text 'UDF Data 9' is set on object 'Object Repository/VLink/Page_CCSale/txt_UDF9'

2023-01-13 18:09:37 - [MESSAGE][PASSED] - Text 'UDF Data 10' is set on object 'Object Repository/VLink/Page_CCSale/txt_UDF10'

2023-01-13 18:09:37 - [MESSAGE][PASSED] - Object: 'Object Repository/VLink/Page_CCSale/btn_ProcessVLinkTransaction' is clicked on

2023-01-13 18:09:42 - [MESSAGE][PASSED] - vlinkPages.saleCCPage.setDataSCC is PASSED

2023-01-13 18:09:42 - [TEST_STEP][PASSED] - if (verifyTextPresent(errorMsg, true)): null

2023-01-13 18:09:43 - [MESSAGE][PASSED] - Text 'Missing parameter: message_version' is present on page  using regular expression

2023-01-13 18:09:43 - [TEST_STEP][PASSED] - println("Transaction Approved, no errors text is present on the Confirmation page"): null

2023-01-13 18:09:43 - [TEST_STEP][PASSED] - out.println("Pass Record Number: " + row): null

2023-01-13 18:09:43 - [TEST_STEP][PASSED] - resText = "Pass": null

2023-01-13 18:09:43 - [TEST_STEP][PASSED] - pages.WriteExcel.demoKey(resText, datText, resColumn, datCloumn, fileLoc, nameSheet, row): pages.WriteExcel.demoKey is PASSED

2023-01-13 18:09:43 - [MESSAGE][PASSED] - pages.WriteExcel.demoKey is PASSED

2023-01-13 18:09:43 - [TEST_STEP][PASSED] - sdfo = getText(findTestObject("Object Repository/Page_VLinkReceipt/pre_STX")): Text of object 'Object Repository/Page_VLinkReceipt/pre_STX' is: '<STX>vmwRvuWLmu2U                                      2  Transaction failed                                20 Missing parameter: message_version                                                      <ETX>'

2023-01-13 18:09:43 - [MESSAGE][PASSED] - Text of object 'Object Repository/Page_VLinkReceipt/pre_STX' is: '<STX>vmwRvuWLmu2U                                      2  Transaction failed                                20 Missing parameter: message_version                                                      <ETX>'

2023-01-13 18:09:43 - [TEST_STEP][PASSED] - out.println("sdfo: " + sdfo): null

2023-01-13 18:09:43 - [TEST_STEP][PASSED] - remID = substring(5, 35).trim(): null

2023-01-13 18:09:43 - [TEST_STEP][PASSED] - out.println("Remittance ID: " + remID): null

2023-01-13 18:09:43 - [TEST_STEP][PASSED] - traxID = substring(35, 55).trim(): null

2023-01-13 18:09:43 - [TEST_STEP][PASSED] - out.println("Transaction ID: " + traxID): null

2023-01-13 18:09:43 - [TEST_STEP][PASSED] - out.println("End Record Number: " + row): null

2023-01-13 18:09:43 - [TEST_STEP][PASSED] - closeBrowser(): Browser is closed

2023-01-13 18:09:44 - [MESSAGE][PASSED] - Browser is closed

2023-01-13 18:09:44 - [TEST_STEP][PASSED] - ExecuteTC = findTestData(dataFile).getValue("Execute", row): null

2023-01-13 18:09:44 - [TEST_STEP][PASSED] - out.println("Value of Execute is : " + ExecuteTC): null

2023-01-13 18:09:44 - [TEST_STEP][PASSED] - errorMsg = findTestData(dataFile).getValue("ErrorMsg", row): null

2023-01-13 18:09:44 - [TEST_STEP][PASSED] - if (ExecuteTC.equalsIgnoreCase("Y")): Browser is closed

2023-01-13 18:09:44 - [TEST_STEP][PASSED] - out.println("Begin Record Number: " + row): null

2023-01-13 18:09:44 - [TEST_STEP][PASSED] - today = new java.util.Date(): null

2023-01-13 18:09:44 - [TEST_STEP][PASSED] - println(today): null

2023-01-13 18:09:44 - [TEST_STEP][PASSED] - datText = today: null

2023-01-13 18:09:44 - [TEST_STEP][PASSED] - openBrowser(VLinkURL + "authcap.html"): Browser is opened with url: 'https://dev-algorithm.govolution.com/vlinktest/QA/version_2_0/authcap.html'

2023-01-13 18:09:44 - [MESSAGE][INFO] - Starting 'Chrome' driver

2023-01-13 18:09:44 - [MESSAGE][INFO] - User set preference: ['acceptInsecureCerts', 'true']

2023-01-13 18:09:44 - [MESSAGE][INFO] - Action delay is set to 0 milliseconds

2023-01-13 18:09:46 - [MESSAGE][PASSED] - Browser is opened with url: 'https://dev-algorithm.govolution.com/vlinktest/QA/version_2_0/authcap.html'

2023-01-13 18:09:46 - [TEST_STEP][PASSED] - maximizeWindow(): Current window maximized

2023-01-13 18:09:46 - [MESSAGE][PASSED] - Current window maximized

2023-01-13 18:09:46 - [TEST_STEP][PASSED] - vlinkPages.saleCCPage.setDataSCC(row, dataFile): vlinkPages.saleCCPage.setDataSCC is PASSED

2023-01-13 18:09:50 - [MESSAGE][PASSED] - Object 'Object Repository/VLink/Page_CCSale/txt_CardNumber' is present

2023-01-13 18:09:50 - [MESSAGE][PASSED] - Text '104' is set on object 'Object Repository/VLink/Page_CCSale/txt_TransactionType'

2023-01-13 18:09:51 - [MESSAGE][PASSED] - Text '2.0C' is set on object 'Object Repository/VLink/Page_CCSale/txt_MessageVersion'

2023-01-13 18:09:52 - [MESSAGE][PASSED] - Text 'gSBouPQjokOt' is set on object 'Object Repository/VLink/Page_CCSale/txt_RemID'

2023-01-13 18:09:53 - [MESSAGE][PASSED] - Text '' is set on object 'Object Repository/VLink/Page_CCSale/txt_ApplicationId'

2023-01-13 18:09:54 - [MESSAGE][PASSED] - Text 'username' is set on object 'Object Repository/VLink/Page_CCSale/txt_Username'

2023-01-13 18:09:55 - [MESSAGE][PASSED] - Text 'password' is set on object 'Object Repository/VLink/Page_CCSale/txt_Password'

2023-01-13 18:09:56 - [MESSAGE][PASSED] - Text 'fixed_width' is set on object 'Object Repository/VLink/Page_CCSale/txt_ResponseFormat'

2023-01-13 18:09:57 - [MESSAGE][PASSED] - Text 'ECOM' is set on object 'Object Repository/VLink/Page_CCSale/txt_Category'

2023-01-13 18:09:57 - [MESSAGE][PASSED] - Text '' is set on object 'Object Repository/VLink/Page_CCSale/txt_TransactionID'

2023-01-13 18:09:58 - [MESSAGE][PASSED] - Text '' is set on object 'Object Repository/VLink/Page_CCSale/txt_ApprovalCode'

2023-01-13 18:09:59 - [MESSAGE][PASSED] - Text 'Kris Roshan' is set on object 'Object Repository/VLink/Page_CCSale/txt_CardName'

2023-01-13 18:10:00 - [MESSAGE][PASSED] - Text '258 Elm Road' is set on object 'Object Repository/VLink/Page_CCSale/txt_AL1'

2023-01-13 18:10:01 - [MESSAGE][PASSED] - Text 'Suite 56' is set on object 'Object Repository/VLink/Page_CCSale/txt_AL2'

2023-01-13 18:10:02 - [MESSAGE][PASSED] - Text 'Arlington' is set on object 'Object Repository/VLink/Page_CCSale/txt_CardCity'

2023-01-13 18:10:02 - [MESSAGE][PASSED] - Text 'VA' is set on object 'Object Repository/VLink/Page_CCSale/txt_CardState'

2023-01-13 18:10:03 - [MESSAGE][PASSED] - Text '22201' is set on object 'Object Repository/VLink/Page_CCSale/txt_CardZIP'

2023-01-13 18:10:04 - [MESSAGE][PASSED] - Text '840' is set on object 'Object Repository/VLink/Page_CCSale/txt_CountryID'

2023-01-13 18:10:05 - [MESSAGE][PASSED] - Text '1.50' is set on object 'Object Repository/VLink/Page_CCSale/txt_Amount'

2023-01-13 18:10:06 - [MESSAGE][PASSED] - Text '4111111111111111' is set on object 'Object Repository/VLink/Page_CCSale/txt_CardNumber'

2023-01-13 18:10:07 - [MESSAGE][PASSED] - Text '12' is set on object 'Object Repository/VLink/Page_CCSale/txt_ExpMonth'

2023-01-13 18:10:07 - [MESSAGE][PASSED] - Text '2025' is set on object 'Object Repository/VLink/Page_CCSale/txt_ExpYear'

2023-01-13 18:10:08 - [MESSAGE][PASSED] - Text '' is set on object 'Object Repository/VLink/Page_CCSale/txt_CVV'

2023-01-13 18:10:09 - [MESSAGE][PASSED] - Text '' is set on object 'Object Repository/VLink/Page_CCSale/txt_CVVstate'

2023-01-13 18:10:10 - [MESSAGE][PASSED] - Text '' is set on object 'Object Repository/VLink/Page_CCSale/txt_TrackData'

2023-01-13 18:10:10 - [MESSAGE][PASSED] - Text '' is set on object 'Object Repository/VLink/Page_CCSale/txt_Track1Data'

2023-01-13 18:10:11 - [MESSAGE][PASSED] - Text '' is set on object 'Object Repository/VLink/Page_CCSale/txt_Track2Data'

2023-01-13 18:10:12 - [MESSAGE][PASSED] - Text 'manual' is set on object 'Object Repository/VLink/Page_CCSale/txt_POSEntryMode'

2023-01-13 18:10:13 - [MESSAGE][PASSED] - Text 'iahmed@govolution.com' is set on object 'Object Repository/VLink/Page_CCSale/txt_Email'

2023-01-13 18:10:14 - [MESSAGE][PASSED] - Text '2569362' is set on object 'Object Repository/VLink/Page_CCSale/txt_OrderNumber'

2023-01-13 18:10:14 - [MESSAGE][PASSED] - Text '1.15' is set on object 'Object Repository/VLink/Page_CCSale/txt_TaxAmount'

2023-01-13 18:10:15 - [MESSAGE][PASSED] - Text 'Charge Description' is set on object 'Object Repository/VLink/Page_CCSale/txt_ChargeDescription'

2023-01-13 18:10:16 - [MESSAGE][PASSED] - Text '147357' is set on object 'Object Repository/VLink/Page_CCSale/txt_CAN'

2023-01-13 18:10:17 - [MESSAGE][PASSED] - Text '1' is set on object 'Object Repository/VLink/Page_CCSale/txt_BillPaymentIndicator'

2023-01-13 18:10:18 - [MESSAGE][PASSED] - Text 'UDF Data 1' is set on object 'Object Repository/VLink/Page_CCSale/txt_UDF1'

2023-01-13 18:10:18 - [MESSAGE][PASSED] - Text 'UDF Data 2' is set on object 'Object Repository/VLink/Page_CCSale/txt_UDF2'

2023-01-13 18:10:19 - [MESSAGE][PASSED] - Text 'UDF Data 3' is set on object 'Object Repository/VLink/Page_CCSale/txt_UDF3'

2023-01-13 18:10:20 - [MESSAGE][PASSED] - Text 'UDF Data 4' is set on object 'Object Repository/VLink/Page_CCSale/txt_UDF4'

2023-01-13 18:10:21 - [MESSAGE][PASSED] - Text 'UDF Data 5' is set on object 'Object Repository/VLink/Page_CCSale/txt_UDF5'

2023-01-13 18:10:22 - [MESSAGE][PASSED] - Text 'UDF Data 6' is set on object 'Object Repository/VLink/Page_CCSale/txt_UDF6'

2023-01-13 18:10:22 - [MESSAGE][PASSED] - Text 'UDF Data 7' is set on object 'Object Repository/VLink/Page_CCSale/txt_UDF7'

2023-01-13 18:10:23 - [MESSAGE][PASSED] - Text 'UDF Data 8' is set on object 'Object Repository/VLink/Page_CCSale/txt_UDF8'

2023-01-13 18:10:24 - [MESSAGE][PASSED] - Text 'UDF Data 9' is set on object 'Object Repository/VLink/Page_CCSale/txt_UDF9'

2023-01-13 18:10:24 - [MESSAGE][PASSED] - Text 'UDF Data 10' is set on object 'Object Repository/VLink/Page_CCSale/txt_UDF10'

2023-01-13 18:10:25 - [MESSAGE][PASSED] - Object: 'Object Repository/VLink/Page_CCSale/btn_ProcessVLinkTransaction' is clicked on

2023-01-13 18:10:30 - [MESSAGE][PASSED] - vlinkPages.saleCCPage.setDataSCC is PASSED

2023-01-13 18:10:30 - [TEST_STEP][PASSED] - if (verifyTextPresent(errorMsg, true)): null

2023-01-13 18:10:31 - [MESSAGE][PASSED] - Text 'Missing parameter: application_id' is present on page  using regular expression

2023-01-13 18:10:31 - [TEST_STEP][PASSED] - println("Transaction Approved, no errors text is present on the Confirmation page"): null

2023-01-13 18:10:31 - [TEST_STEP][PASSED] - out.println("Pass Record Number: " + row): null

2023-01-13 18:10:31 - [TEST_STEP][PASSED] - resText = "Pass": null

2023-01-13 18:10:31 - [TEST_STEP][PASSED] - pages.WriteExcel.demoKey(resText, datText, resColumn, datCloumn, fileLoc, nameSheet, row): pages.WriteExcel.demoKey is PASSED

2023-01-13 18:10:31 - [MESSAGE][PASSED] - pages.WriteExcel.demoKey is PASSED

2023-01-13 18:10:31 - [TEST_STEP][PASSED] - sdfo = getText(findTestObject("Object Repository/Page_VLinkReceipt/pre_STX")): Text of object 'Object Repository/Page_VLinkReceipt/pre_STX' is: '<STX>gSBouPQjokOt                                      2  Transaction failed                                20 Missing parameter: application_id                                                       <ETX>'

2023-01-13 18:10:31 - [MESSAGE][PASSED] - Text of object 'Object Repository/Page_VLinkReceipt/pre_STX' is: '<STX>gSBouPQjokOt                                      2  Transaction failed                                20 Missing parameter: application_id                                                       <ETX>'

2023-01-13 18:10:31 - [TEST_STEP][PASSED] - out.println("sdfo: " + sdfo): null

2023-01-13 18:10:31 - [TEST_STEP][PASSED] - remID = substring(5, 35).trim(): null

2023-01-13 18:10:31 - [TEST_STEP][PASSED] - out.println("Remittance ID: " + remID): null

2023-01-13 18:10:31 - [TEST_STEP][PASSED] - traxID = substring(35, 55).trim(): null

2023-01-13 18:10:31 - [TEST_STEP][PASSED] - out.println("Transaction ID: " + traxID): null

2023-01-13 18:10:31 - [TEST_STEP][PASSED] - out.println("End Record Number: " + row): null

2023-01-13 18:10:31 - [TEST_STEP][PASSED] - closeBrowser(): Browser is closed

2023-01-13 18:10:32 - [MESSAGE][PASSED] - Browser is closed

2023-01-13 18:10:32 - [TEST_STEP][PASSED] - ExecuteTC = findTestData(dataFile).getValue("Execute", row): null

2023-01-13 18:10:32 - [TEST_STEP][PASSED] - out.println("Value of Execute is : " + ExecuteTC): null

2023-01-13 18:10:32 - [TEST_STEP][PASSED] - errorMsg = findTestData(dataFile).getValue("ErrorMsg", row): null

2023-01-13 18:10:32 - [TEST_STEP][PASSED] - if (ExecuteTC.equalsIgnoreCase("Y")): Browser is closed

2023-01-13 18:10:32 - [TEST_STEP][PASSED] - out.println("Begin Record Number: " + row): null

2023-01-13 18:10:32 - [TEST_STEP][PASSED] - today = new java.util.Date(): null

2023-01-13 18:10:32 - [TEST_STEP][PASSED] - println(today): null

2023-01-13 18:10:32 - [TEST_STEP][PASSED] - datText = today: null

2023-01-13 18:10:32 - [TEST_STEP][PASSED] - openBrowser(VLinkURL + "authcap.html"): Browser is opened with url: 'https://dev-algorithm.govolution.com/vlinktest/QA/version_2_0/authcap.html'

2023-01-13 18:10:32 - [MESSAGE][INFO] - Starting 'Chrome' driver

2023-01-13 18:10:32 - [MESSAGE][INFO] - User set preference: ['acceptInsecureCerts', 'true']

2023-01-13 18:10:32 - [MESSAGE][INFO] - Action delay is set to 0 milliseconds

2023-01-13 18:10:34 - [MESSAGE][PASSED] - Browser is opened with url: 'https://dev-algorithm.govolution.com/vlinktest/QA/version_2_0/authcap.html'

2023-01-13 18:10:34 - [TEST_STEP][PASSED] - maximizeWindow(): Current window maximized

2023-01-13 18:10:34 - [MESSAGE][PASSED] - Current window maximized

2023-01-13 18:10:34 - [TEST_STEP][PASSED] - vlinkPages.saleCCPage.setDataSCC(row, dataFile): vlinkPages.saleCCPage.setDataSCC is PASSED

2023-01-13 18:10:37 - [MESSAGE][PASSED] - Object 'Object Repository/VLink/Page_CCSale/txt_CardNumber' is present

2023-01-13 18:10:38 - [MESSAGE][PASSED] - Text '104' is set on object 'Object Repository/VLink/Page_CCSale/txt_TransactionType'

2023-01-13 18:10:39 - [MESSAGE][PASSED] - Text '2.0C' is set on object 'Object Repository/VLink/Page_CCSale/txt_MessageVersion'

2023-01-13 18:10:40 - [MESSAGE][PASSED] - Text 'jkkknh1mZa5Q' is set on object 'Object Repository/VLink/Page_CCSale/txt_RemID'

2023-01-13 18:10:41 - [MESSAGE][PASSED] - Text '' is set on object 'Object Repository/VLink/Page_CCSale/txt_ApplicationId'

2023-01-13 18:10:42 - [MESSAGE][PASSED] - Text 'username' is set on object 'Object Repository/VLink/Page_CCSale/txt_Username'

2023-01-13 18:10:42 - [MESSAGE][PASSED] - Text 'password' is set on object 'Object Repository/VLink/Page_CCSale/txt_Password'

2023-01-13 18:10:43 - [MESSAGE][PASSED] - Text 'fixed_width' is set on object 'Object Repository/VLink/Page_CCSale/txt_ResponseFormat'

2023-01-13 18:10:44 - [MESSAGE][PASSED] - Text 'MOTO' is set on object 'Object Repository/VLink/Page_CCSale/txt_Category'

2023-01-13 18:10:45 - [MESSAGE][PASSED] - Text '' is set on object 'Object Repository/VLink/Page_CCSale/txt_TransactionID'

2023-01-13 18:10:46 - [MESSAGE][PASSED] - Text '' is set on object 'Object Repository/VLink/Page_CCSale/txt_ApprovalCode'

2023-01-13 18:10:46 - [MESSAGE][PASSED] - Text 'Kris Roshan' is set on object 'Object Repository/VLink/Page_CCSale/txt_CardName'

2023-01-13 18:10:48 - [MESSAGE][PASSED] - Text '258 Elm Road' is set on object 'Object Repository/VLink/Page_CCSale/txt_AL1'

2023-01-13 18:10:48 - [MESSAGE][PASSED] - Text 'Suite 56' is set on object 'Object Repository/VLink/Page_CCSale/txt_AL2'

2023-01-13 18:10:49 - [MESSAGE][PASSED] - Text 'Arlington' is set on object 'Object Repository/VLink/Page_CCSale/txt_CardCity'

2023-01-13 18:10:50 - [MESSAGE][PASSED] - Text 'VA' is set on object 'Object Repository/VLink/Page_CCSale/txt_CardState'

2023-01-13 18:10:51 - [MESSAGE][PASSED] - Text '22201' is set on object 'Object Repository/VLink/Page_CCSale/txt_CardZIP'

2023-01-13 18:10:51 - [MESSAGE][PASSED] - Text '840' is set on object 'Object Repository/VLink/Page_CCSale/txt_CountryID'

2023-01-13 18:10:52 - [MESSAGE][PASSED] - Text '1.50' is set on object 'Object Repository/VLink/Page_CCSale/txt_Amount'

2023-01-13 18:10:53 - [MESSAGE][PASSED] - Text '4111111111111111' is set on object 'Object Repository/VLink/Page_CCSale/txt_CardNumber'

2023-01-13 18:10:54 - [MESSAGE][PASSED] - Text '12' is set on object 'Object Repository/VLink/Page_CCSale/txt_ExpMonth'

2023-01-13 18:10:54 - [MESSAGE][PASSED] - Text '2025' is set on object 'Object Repository/VLink/Page_CCSale/txt_ExpYear'

2023-01-13 18:10:55 - [MESSAGE][PASSED] - Text '' is set on object 'Object Repository/VLink/Page_CCSale/txt_CVV'

2023-01-13 18:10:56 - [MESSAGE][PASSED] - Text '' is set on object 'Object Repository/VLink/Page_CCSale/txt_CVVstate'

2023-01-13 18:10:56 - [MESSAGE][PASSED] - Text '' is set on object 'Object Repository/VLink/Page_CCSale/txt_TrackData'

2023-01-13 18:10:57 - [MESSAGE][PASSED] - Text '' is set on object 'Object Repository/VLink/Page_CCSale/txt_Track1Data'

2023-01-13 18:10:58 - [MESSAGE][PASSED] - Text '' is set on object 'Object Repository/VLink/Page_CCSale/txt_Track2Data'

2023-01-13 18:10:59 - [MESSAGE][PASSED] - Text 'manual' is set on object 'Object Repository/VLink/Page_CCSale/txt_POSEntryMode'

2023-01-13 18:11:00 - [MESSAGE][PASSED] - Text 'iahmed@govolution.com' is set on object 'Object Repository/VLink/Page_CCSale/txt_Email'

2023-01-13 18:11:00 - [MESSAGE][PASSED] - Text '2569362' is set on object 'Object Repository/VLink/Page_CCSale/txt_OrderNumber'

2023-01-13 18:11:01 - [MESSAGE][PASSED] - Text '1.15' is set on object 'Object Repository/VLink/Page_CCSale/txt_TaxAmount'

2023-01-13 18:11:02 - [MESSAGE][PASSED] - Text 'Charge Description' is set on object 'Object Repository/VLink/Page_CCSale/txt_ChargeDescription'

2023-01-13 18:11:03 - [MESSAGE][PASSED] - Text '147357' is set on object 'Object Repository/VLink/Page_CCSale/txt_CAN'

2023-01-13 18:11:04 - [MESSAGE][PASSED] - Text '1' is set on object 'Object Repository/VLink/Page_CCSale/txt_BillPaymentIndicator'

2023-01-13 18:11:04 - [MESSAGE][PASSED] - Text 'UDF Data 1' is set on object 'Object Repository/VLink/Page_CCSale/txt_UDF1'

2023-01-13 18:11:05 - [MESSAGE][PASSED] - Text 'UDF Data 2' is set on object 'Object Repository/VLink/Page_CCSale/txt_UDF2'

2023-01-13 18:11:06 - [MESSAGE][PASSED] - Text 'UDF Data 3' is set on object 'Object Repository/VLink/Page_CCSale/txt_UDF3'

2023-01-13 18:11:07 - [MESSAGE][PASSED] - Text 'UDF Data 4' is set on object 'Object Repository/VLink/Page_CCSale/txt_UDF4'

2023-01-13 18:11:07 - [MESSAGE][PASSED] - Text 'UDF Data 5' is set on object 'Object Repository/VLink/Page_CCSale/txt_UDF5'

2023-01-13 18:11:08 - [MESSAGE][PASSED] - Text 'UDF Data 6' is set on object 'Object Repository/VLink/Page_CCSale/txt_UDF6'

2023-01-13 18:11:09 - [MESSAGE][PASSED] - Text 'UDF Data 7' is set on object 'Object Repository/VLink/Page_CCSale/txt_UDF7'

2023-01-13 18:11:10 - [MESSAGE][PASSED] - Text 'UDF Data 8' is set on object 'Object Repository/VLink/Page_CCSale/txt_UDF8'

2023-01-13 18:11:10 - [MESSAGE][PASSED] - Text 'UDF Data 9' is set on object 'Object Repository/VLink/Page_CCSale/txt_UDF9'

2023-01-13 18:11:11 - [MESSAGE][PASSED] - Text 'UDF Data 10' is set on object 'Object Repository/VLink/Page_CCSale/txt_UDF10'

2023-01-13 18:11:12 - [MESSAGE][PASSED] - Object: 'Object Repository/VLink/Page_CCSale/btn_ProcessVLinkTransaction' is clicked on

2023-01-13 18:11:17 - [MESSAGE][PASSED] - vlinkPages.saleCCPage.setDataSCC is PASSED

2023-01-13 18:11:17 - [TEST_STEP][PASSED] - if (verifyTextPresent(errorMsg, true)): null

2023-01-13 18:11:17 - [MESSAGE][PASSED] - Text 'Missing parameter: application_id' is present on page  using regular expression

2023-01-13 18:11:17 - [TEST_STEP][PASSED] - println("Transaction Approved, no errors text is present on the Confirmation page"): null

2023-01-13 18:11:17 - [TEST_STEP][PASSED] - out.println("Pass Record Number: " + row): null

2023-01-13 18:11:17 - [TEST_STEP][PASSED] - resText = "Pass": null

2023-01-13 18:11:17 - [TEST_STEP][PASSED] - pages.WriteExcel.demoKey(resText, datText, resColumn, datCloumn, fileLoc, nameSheet, row): pages.WriteExcel.demoKey is PASSED

2023-01-13 18:11:17 - [MESSAGE][PASSED] - pages.WriteExcel.demoKey is PASSED

2023-01-13 18:11:17 - [TEST_STEP][PASSED] - sdfo = getText(findTestObject("Object Repository/Page_VLinkReceipt/pre_STX")): Text of object 'Object Repository/Page_VLinkReceipt/pre_STX' is: '<STX>jkkknh1mZa5Q                                      2  Transaction failed                                20 Missing parameter: application_id                                                       <ETX>'

2023-01-13 18:11:17 - [MESSAGE][PASSED] - Text of object 'Object Repository/Page_VLinkReceipt/pre_STX' is: '<STX>jkkknh1mZa5Q                                      2  Transaction failed                                20 Missing parameter: application_id                                                       <ETX>'

2023-01-13 18:11:17 - [TEST_STEP][PASSED] - out.println("sdfo: " + sdfo): null

2023-01-13 18:11:17 - [TEST_STEP][PASSED] - remID = substring(5, 35).trim(): null

2023-01-13 18:11:17 - [TEST_STEP][PASSED] - out.println("Remittance ID: " + remID): null

2023-01-13 18:11:17 - [TEST_STEP][PASSED] - traxID = substring(35, 55).trim(): null

2023-01-13 18:11:17 - [TEST_STEP][PASSED] - out.println("Transaction ID: " + traxID): null

2023-01-13 18:11:17 - [TEST_STEP][PASSED] - out.println("End Record Number: " + row): null

2023-01-13 18:11:17 - [TEST_STEP][PASSED] - closeBrowser(): Browser is closed

2023-01-13 18:11:18 - [MESSAGE][PASSED] - Browser is closed

2023-01-13 18:11:18 - [TEST_STEP][PASSED] - ExecuteTC = findTestData(dataFile).getValue("Execute", row): null

2023-01-13 18:11:18 - [TEST_STEP][PASSED] - out.println("Value of Execute is : " + ExecuteTC): null

2023-01-13 18:11:18 - [TEST_STEP][PASSED] - errorMsg = findTestData(dataFile).getValue("ErrorMsg", row): null

2023-01-13 18:11:18 - [TEST_STEP][PASSED] - if (ExecuteTC.equalsIgnoreCase("Y")): Browser is closed

2023-01-13 18:11:18 - [TEST_STEP][PASSED] - out.println("Begin Record Number: " + row): null

2023-01-13 18:11:18 - [TEST_STEP][PASSED] - today = new java.util.Date(): null

2023-01-13 18:11:18 - [TEST_STEP][PASSED] - println(today): null

2023-01-13 18:11:18 - [TEST_STEP][PASSED] - datText = today: null

2023-01-13 18:11:18 - [TEST_STEP][PASSED] - openBrowser(VLinkURL + "authcap.html"): Browser is opened with url: 'https://dev-algorithm.govolution.com/vlinktest/QA/version_2_0/authcap.html'

2023-01-13 18:11:18 - [MESSAGE][INFO] - Starting 'Chrome' driver

2023-01-13 18:11:18 - [MESSAGE][INFO] - User set preference: ['acceptInsecureCerts', 'true']

2023-01-13 18:11:18 - [MESSAGE][INFO] - Action delay is set to 0 milliseconds

2023-01-13 18:11:20 - [MESSAGE][PASSED] - Browser is opened with url: 'https://dev-algorithm.govolution.com/vlinktest/QA/version_2_0/authcap.html'

2023-01-13 18:11:20 - [TEST_STEP][PASSED] - maximizeWindow(): Current window maximized

2023-01-13 18:11:21 - [MESSAGE][PASSED] - Current window maximized

2023-01-13 18:11:21 - [TEST_STEP][PASSED] - vlinkPages.saleCCPage.setDataSCC(row, dataFile): vlinkPages.saleCCPage.setDataSCC is PASSED

2023-01-13 18:11:24 - [MESSAGE][PASSED] - Object 'Object Repository/VLink/Page_CCSale/txt_CardNumber' is present

2023-01-13 18:11:24 - [MESSAGE][PASSED] - Text '104' is set on object 'Object Repository/VLink/Page_CCSale/txt_TransactionType'

2023-01-13 18:11:25 - [MESSAGE][PASSED] - Text '2.0C' is set on object 'Object Repository/VLink/Page_CCSale/txt_MessageVersion'

2023-01-13 18:11:26 - [MESSAGE][PASSED] - Text 'fzDUxpLRfcRO' is set on object 'Object Repository/VLink/Page_CCSale/txt_RemID'

2023-01-13 18:11:27 - [MESSAGE][PASSED] - Text '' is set on object 'Object Repository/VLink/Page_CCSale/txt_ApplicationId'

2023-01-13 18:11:28 - [MESSAGE][PASSED] - Text 'username' is set on object 'Object Repository/VLink/Page_CCSale/txt_Username'

2023-01-13 18:11:29 - [MESSAGE][PASSED] - Text 'password' is set on object 'Object Repository/VLink/Page_CCSale/txt_Password'

2023-01-13 18:11:30 - [MESSAGE][PASSED] - Text 'fixed_width' is set on object 'Object Repository/VLink/Page_CCSale/txt_ResponseFormat'

2023-01-13 18:11:30 - [MESSAGE][PASSED] - Text 'RETL' is set on object 'Object Repository/VLink/Page_CCSale/txt_Category'

2023-01-13 18:11:31 - [MESSAGE][PASSED] - Text '' is set on object 'Object Repository/VLink/Page_CCSale/txt_TransactionID'

2023-01-13 18:11:32 - [MESSAGE][PASSED] - Text '' is set on object 'Object Repository/VLink/Page_CCSale/txt_ApprovalCode'

2023-01-13 18:11:33 - [MESSAGE][PASSED] - Text 'Kris Roshan' is set on object 'Object Repository/VLink/Page_CCSale/txt_CardName'

2023-01-13 18:11:34 - [MESSAGE][PASSED] - Text '258 Elm Road' is set on object 'Object Repository/VLink/Page_CCSale/txt_AL1'

2023-01-13 18:11:35 - [MESSAGE][PASSED] - Text 'Suite 56' is set on object 'Object Repository/VLink/Page_CCSale/txt_AL2'

2023-01-13 18:11:36 - [MESSAGE][PASSED] - Text 'Arlington' is set on object 'Object Repository/VLink/Page_CCSale/txt_CardCity'

2023-01-13 18:11:37 - [MESSAGE][PASSED] - Text 'VA' is set on object 'Object Repository/VLink/Page_CCSale/txt_CardState'

2023-01-13 18:11:37 - [MESSAGE][PASSED] - Text '22201' is set on object 'Object Repository/VLink/Page_CCSale/txt_CardZIP'

2023-01-13 18:11:38 - [MESSAGE][PASSED] - Text '840' is set on object 'Object Repository/VLink/Page_CCSale/txt_CountryID'

2023-01-13 18:11:39 - [MESSAGE][PASSED] - Text '1.50' is set on object 'Object Repository/VLink/Page_CCSale/txt_Amount'

2023-01-13 18:11:40 - [MESSAGE][PASSED] - Text '4111111111111111' is set on object 'Object Repository/VLink/Page_CCSale/txt_CardNumber'

2023-01-13 18:11:40 - [MESSAGE][PASSED] - Text '12' is set on object 'Object Repository/VLink/Page_CCSale/txt_ExpMonth'

2023-01-13 18:11:41 - [MESSAGE][PASSED] - Text '2025' is set on object 'Object Repository/VLink/Page_CCSale/txt_ExpYear'

2023-01-13 18:11:42 - [MESSAGE][PASSED] - Text '' is set on object 'Object Repository/VLink/Page_CCSale/txt_CVV'

2023-01-13 18:11:42 - [MESSAGE][PASSED] - Text '' is set on object 'Object Repository/VLink/Page_CCSale/txt_CVVstate'

2023-01-13 18:11:43 - [MESSAGE][PASSED] - Text '' is set on object 'Object Repository/VLink/Page_CCSale/txt_TrackData'

2023-01-13 18:11:44 - [MESSAGE][PASSED] - Text '' is set on object 'Object Repository/VLink/Page_CCSale/txt_Track1Data'

2023-01-13 18:11:45 - [MESSAGE][PASSED] - Text '' is set on object 'Object Repository/VLink/Page_CCSale/txt_Track2Data'

2023-01-13 18:11:46 - [MESSAGE][PASSED] - Text 'manual' is set on object 'Object Repository/VLink/Page_CCSale/txt_POSEntryMode'

2023-01-13 18:11:47 - [MESSAGE][PASSED] - Text 'iahmed@govolution.com' is set on object 'Object Repository/VLink/Page_CCSale/txt_Email'

2023-01-13 18:11:48 - [MESSAGE][PASSED] - Text '2569362' is set on object 'Object Repository/VLink/Page_CCSale/txt_OrderNumber'

2023-01-13 18:11:48 - [MESSAGE][PASSED] - Text '1.15' is set on object 'Object Repository/VLink/Page_CCSale/txt_TaxAmount'

2023-01-13 18:11:49 - [MESSAGE][PASSED] - Text 'Charge Description' is set on object 'Object Repository/VLink/Page_CCSale/txt_ChargeDescription'

2023-01-13 18:11:50 - [MESSAGE][PASSED] - Text '147357' is set on object 'Object Repository/VLink/Page_CCSale/txt_CAN'

2023-01-13 18:11:51 - [MESSAGE][PASSED] - Text '1' is set on object 'Object Repository/VLink/Page_CCSale/txt_BillPaymentIndicator'

2023-01-13 18:11:51 - [MESSAGE][PASSED] - Text 'UDF Data 1' is set on object 'Object Repository/VLink/Page_CCSale/txt_UDF1'

2023-01-13 18:11:52 - [MESSAGE][PASSED] - Text 'UDF Data 2' is set on object 'Object Repository/VLink/Page_CCSale/txt_UDF2'

2023-01-13 18:11:53 - [MESSAGE][PASSED] - Text 'UDF Data 3' is set on object 'Object Repository/VLink/Page_CCSale/txt_UDF3'

2023-01-13 18:11:54 - [MESSAGE][PASSED] - Text 'UDF Data 4' is set on object 'Object Repository/VLink/Page_CCSale/txt_UDF4'

2023-01-13 18:11:55 - [MESSAGE][PASSED] - Text 'UDF Data 5' is set on object 'Object Repository/VLink/Page_CCSale/txt_UDF5'

2023-01-13 18:11:55 - [MESSAGE][PASSED] - Text 'UDF Data 6' is set on object 'Object Repository/VLink/Page_CCSale/txt_UDF6'

2023-01-13 18:11:56 - [MESSAGE][PASSED] - Text 'UDF Data 7' is set on object 'Object Repository/VLink/Page_CCSale/txt_UDF7'

2023-01-13 18:11:57 - [MESSAGE][PASSED] - Text 'UDF Data 8' is set on object 'Object Repository/VLink/Page_CCSale/txt_UDF8'

2023-01-13 18:11:58 - [MESSAGE][PASSED] - Text 'UDF Data 9' is set on object 'Object Repository/VLink/Page_CCSale/txt_UDF9'

2023-01-13 18:11:59 - [MESSAGE][PASSED] - Text 'UDF Data 10' is set on object 'Object Repository/VLink/Page_CCSale/txt_UDF10'

2023-01-13 18:11:59 - [MESSAGE][PASSED] - Object: 'Object Repository/VLink/Page_CCSale/btn_ProcessVLinkTransaction' is clicked on

2023-01-13 18:12:04 - [MESSAGE][PASSED] - vlinkPages.saleCCPage.setDataSCC is PASSED

2023-01-13 18:12:04 - [TEST_STEP][PASSED] - if (verifyTextPresent(errorMsg, true)): null

2023-01-13 18:12:04 - [MESSAGE][PASSED] - Text 'Missing parameter: application_id' is present on page  using regular expression

2023-01-13 18:12:04 - [TEST_STEP][PASSED] - println("Transaction Approved, no errors text is present on the Confirmation page"): null

2023-01-13 18:12:04 - [TEST_STEP][PASSED] - out.println("Pass Record Number: " + row): null

2023-01-13 18:12:04 - [TEST_STEP][PASSED] - resText = "Pass": null

2023-01-13 18:12:04 - [TEST_STEP][PASSED] - pages.WriteExcel.demoKey(resText, datText, resColumn, datCloumn, fileLoc, nameSheet, row): pages.WriteExcel.demoKey is PASSED

2023-01-13 18:12:05 - [MESSAGE][PASSED] - pages.WriteExcel.demoKey is PASSED

2023-01-13 18:12:05 - [TEST_STEP][PASSED] - sdfo = getText(findTestObject("Object Repository/Page_VLinkReceipt/pre_STX")): Text of object 'Object Repository/Page_VLinkReceipt/pre_STX' is: '<STX>fzDUxpLRfcRO                                      2  Transaction failed                                20 Missing parameter: application_id                                                       <ETX>'

2023-01-13 18:12:05 - [MESSAGE][PASSED] - Text of object 'Object Repository/Page_VLinkReceipt/pre_STX' is: '<STX>fzDUxpLRfcRO                                      2  Transaction failed                                20 Missing parameter: application_id                                                       <ETX>'

2023-01-13 18:12:05 - [TEST_STEP][PASSED] - out.println("sdfo: " + sdfo): null

2023-01-13 18:12:05 - [TEST_STEP][PASSED] - remID = substring(5, 35).trim(): null

2023-01-13 18:12:05 - [TEST_STEP][PASSED] - out.println("Remittance ID: " + remID): null

2023-01-13 18:12:05 - [TEST_STEP][PASSED] - traxID = substring(35, 55).trim(): null

2023-01-13 18:12:05 - [TEST_STEP][PASSED] - out.println("Transaction ID: " + traxID): null

2023-01-13 18:12:05 - [TEST_STEP][PASSED] - out.println("End Record Number: " + row): null

2023-01-13 18:12:05 - [TEST_STEP][PASSED] - closeBrowser(): Browser is closed

2023-01-13 18:12:06 - [MESSAGE][PASSED] - Browser is closed

2023-01-13 18:12:06 - [TEST_STEP][PASSED] - ExecuteTC = findTestData(dataFile).getValue("Execute", row): null

2023-01-13 18:12:06 - [TEST_STEP][PASSED] - out.println("Value of Execute is : " + ExecuteTC): null

2023-01-13 18:12:06 - [TEST_STEP][PASSED] - errorMsg = findTestData(dataFile).getValue("ErrorMsg", row): null

2023-01-13 18:12:06 - [TEST_STEP][PASSED] - if (ExecuteTC.equalsIgnoreCase("Y")): Browser is closed

2023-01-13 18:12:06 - [TEST_STEP][PASSED] - out.println("Begin Record Number: " + row): null

2023-01-13 18:12:06 - [TEST_STEP][PASSED] - today = new java.util.Date(): null

2023-01-13 18:12:06 - [TEST_STEP][PASSED] - println(today): null

2023-01-13 18:12:06 - [TEST_STEP][PASSED] - datText = today: null

2023-01-13 18:12:06 - [TEST_STEP][PASSED] - openBrowser(VLinkURL + "authcap.html"): Browser is opened with url: 'https://dev-algorithm.govolution.com/vlinktest/QA/version_2_0/authcap.html'

2023-01-13 18:12:06 - [MESSAGE][INFO] - Starting 'Chrome' driver

2023-01-13 18:12:06 - [MESSAGE][INFO] - User set preference: ['acceptInsecureCerts', 'true']

2023-01-13 18:12:06 - [MESSAGE][INFO] - Action delay is set to 0 milliseconds

2023-01-13 18:12:08 - [MESSAGE][PASSED] - Browser is opened with url: 'https://dev-algorithm.govolution.com/vlinktest/QA/version_2_0/authcap.html'

2023-01-13 18:12:08 - [TEST_STEP][PASSED] - maximizeWindow(): Current window maximized

2023-01-13 18:12:08 - [MESSAGE][PASSED] - Current window maximized

2023-01-13 18:12:08 - [TEST_STEP][PASSED] - vlinkPages.saleCCPage.setDataSCC(row, dataFile): vlinkPages.saleCCPage.setDataSCC is PASSED

2023-01-13 18:12:11 - [MESSAGE][PASSED] - Object 'Object Repository/VLink/Page_CCSale/txt_CardNumber' is present

2023-01-13 18:12:12 - [MESSAGE][PASSED] - Text '104' is set on object 'Object Repository/VLink/Page_CCSale/txt_TransactionType'

2023-01-13 18:12:13 - [MESSAGE][PASSED] - Text '2.0C' is set on object 'Object Repository/VLink/Page_CCSale/txt_MessageVersion'

2023-01-13 18:12:14 - [MESSAGE][PASSED] - Text 'xC8hc4ECgO8V' is set on object 'Object Repository/VLink/Page_CCSale/txt_RemID'

2023-01-13 18:12:14 - [MESSAGE][PASSED] - Text '234' is set on object 'Object Repository/VLink/Page_CCSale/txt_ApplicationId'

2023-01-13 18:12:15 - [MESSAGE][PASSED] - Text 'username' is set on object 'Object Repository/VLink/Page_CCSale/txt_Username'

2023-01-13 18:12:16 - [MESSAGE][PASSED] - Text 'password' is set on object 'Object Repository/VLink/Page_CCSale/txt_Password'

2023-01-13 18:12:17 - [MESSAGE][PASSED] - Text '' is set on object 'Object Repository/VLink/Page_CCSale/txt_ResponseFormat'

2023-01-13 18:12:18 - [MESSAGE][PASSED] - Text 'ECOM' is set on object 'Object Repository/VLink/Page_CCSale/txt_Category'

2023-01-13 18:12:19 - [MESSAGE][PASSED] - Text '' is set on object 'Object Repository/VLink/Page_CCSale/txt_TransactionID'

2023-01-13 18:12:20 - [MESSAGE][PASSED] - Text '' is set on object 'Object Repository/VLink/Page_CCSale/txt_ApprovalCode'

2023-01-13 18:12:21 - [MESSAGE][PASSED] - Text 'Kris Roshan' is set on object 'Object Repository/VLink/Page_CCSale/txt_CardName'

2023-01-13 18:12:22 - [MESSAGE][PASSED] - Text '258 Elm Road' is set on object 'Object Repository/VLink/Page_CCSale/txt_AL1'

2023-01-13 18:12:22 - [MESSAGE][PASSED] - Text 'Suite 56' is set on object 'Object Repository/VLink/Page_CCSale/txt_AL2'

2023-01-13 18:12:23 - [MESSAGE][PASSED] - Text 'Arlington' is set on object 'Object Repository/VLink/Page_CCSale/txt_CardCity'

2023-01-13 18:12:24 - [MESSAGE][PASSED] - Text 'VA' is set on object 'Object Repository/VLink/Page_CCSale/txt_CardState'

2023-01-13 18:12:25 - [MESSAGE][PASSED] - Text '22201' is set on object 'Object Repository/VLink/Page_CCSale/txt_CardZIP'

2023-01-13 18:12:26 - [MESSAGE][PASSED] - Text '840' is set on object 'Object Repository/VLink/Page_CCSale/txt_CountryID'

2023-01-13 18:12:27 - [MESSAGE][PASSED] - Text '1.50' is set on object 'Object Repository/VLink/Page_CCSale/txt_Amount'

2023-01-13 18:12:28 - [MESSAGE][PASSED] - Text '4111111111111111' is set on object 'Object Repository/VLink/Page_CCSale/txt_CardNumber'

2023-01-13 18:12:28 - [MESSAGE][PASSED] - Text '12' is set on object 'Object Repository/VLink/Page_CCSale/txt_ExpMonth'

2023-01-13 18:12:29 - [MESSAGE][PASSED] - Text '2025' is set on object 'Object Repository/VLink/Page_CCSale/txt_ExpYear'

2023-01-13 18:12:30 - [MESSAGE][PASSED] - Text '' is set on object 'Object Repository/VLink/Page_CCSale/txt_CVV'

2023-01-13 18:12:30 - [MESSAGE][PASSED] - Text '' is set on object 'Object Repository/VLink/Page_CCSale/txt_CVVstate'

2023-01-13 18:12:31 - [MESSAGE][PASSED] - Text '' is set on object 'Object Repository/VLink/Page_CCSale/txt_TrackData'

2023-01-13 18:12:32 - [MESSAGE][PASSED] - Text '' is set on object 'Object Repository/VLink/Page_CCSale/txt_Track1Data'

2023-01-13 18:12:33 - [MESSAGE][PASSED] - Text '' is set on object 'Object Repository/VLink/Page_CCSale/txt_Track2Data'

2023-01-13 18:12:33 - [MESSAGE][PASSED] - Text 'manual' is set on object 'Object Repository/VLink/Page_CCSale/txt_POSEntryMode'

2023-01-13 18:12:34 - [MESSAGE][PASSED] - Text 'iahmed@govolution.com' is set on object 'Object Repository/VLink/Page_CCSale/txt_Email'

2023-01-13 18:12:35 - [MESSAGE][PASSED] - Text '2569362' is set on object 'Object Repository/VLink/Page_CCSale/txt_OrderNumber'

2023-01-13 18:12:36 - [MESSAGE][PASSED] - Text '1.15' is set on object 'Object Repository/VLink/Page_CCSale/txt_TaxAmount'

2023-01-13 18:12:37 - [MESSAGE][PASSED] - Text 'Charge Description' is set on object 'Object Repository/VLink/Page_CCSale/txt_ChargeDescription'

2023-01-13 18:12:37 - [MESSAGE][PASSED] - Text '147357' is set on object 'Object Repository/VLink/Page_CCSale/txt_CAN'

2023-01-13 18:12:38 - [MESSAGE][PASSED] - Text '1' is set on object 'Object Repository/VLink/Page_CCSale/txt_BillPaymentIndicator'

2023-01-13 18:12:39 - [MESSAGE][PASSED] - Text 'UDF Data 1' is set on object 'Object Repository/VLink/Page_CCSale/txt_UDF1'

2023-01-13 18:12:40 - [MESSAGE][PASSED] - Text 'UDF Data 2' is set on object 'Object Repository/VLink/Page_CCSale/txt_UDF2'

2023-01-13 18:12:41 - [MESSAGE][PASSED] - Text 'UDF Data 3' is set on object 'Object Repository/VLink/Page_CCSale/txt_UDF3'

2023-01-13 18:12:42 - [MESSAGE][PASSED] - Text 'UDF Data 4' is set on object 'Object Repository/VLink/Page_CCSale/txt_UDF4'

2023-01-13 18:12:43 - [MESSAGE][PASSED] - Text 'UDF Data 5' is set on object 'Object Repository/VLink/Page_CCSale/txt_UDF5'

2023-01-13 18:12:43 - [MESSAGE][PASSED] - Text 'UDF Data 6' is set on object 'Object Repository/VLink/Page_CCSale/txt_UDF6'

2023-01-13 18:12:44 - [MESSAGE][PASSED] - Text 'UDF Data 7' is set on object 'Object Repository/VLink/Page_CCSale/txt_UDF7'

2023-01-13 18:12:45 - [MESSAGE][PASSED] - Text 'UDF Data 8' is set on object 'Object Repository/VLink/Page_CCSale/txt_UDF8'

2023-01-13 18:12:46 - [MESSAGE][PASSED] - Text 'UDF Data 9' is set on object 'Object Repository/VLink/Page_CCSale/txt_UDF9'

2023-01-13 18:12:46 - [MESSAGE][PASSED] - Text 'UDF Data 10' is set on object 'Object Repository/VLink/Page_CCSale/txt_UDF10'

2023-01-13 18:12:47 - [MESSAGE][PASSED] - Object: 'Object Repository/VLink/Page_CCSale/btn_ProcessVLinkTransaction' is clicked on

2023-01-13 18:12:52 - [MESSAGE][PASSED] - vlinkPages.saleCCPage.setDataSCC is PASSED

2023-01-13 18:12:52 - [TEST_STEP][PASSED] - if (verifyTextPresent(errorMsg, true)): null

2023-01-13 18:12:52 - [MESSAGE][PASSED] - Text 'response_format' is present on page  using regular expression

2023-01-13 18:12:52 - [TEST_STEP][PASSED] - println("Transaction Approved, no errors text is present on the Confirmation page"): null

2023-01-13 18:12:52 - [TEST_STEP][PASSED] - out.println("Pass Record Number: " + row): null

2023-01-13 18:12:52 - [TEST_STEP][PASSED] - resText = "Pass": null

2023-01-13 18:12:52 - [TEST_STEP][PASSED] - pages.WriteExcel.demoKey(resText, datText, resColumn, datCloumn, fileLoc, nameSheet, row): pages.WriteExcel.demoKey is PASSED

2023-01-13 18:12:52 - [MESSAGE][PASSED] - pages.WriteExcel.demoKey is PASSED

2023-01-13 18:12:52 - [TEST_STEP][PASSED] - sdfo = getText(findTestObject("Object Repository/Page_VLinkReceipt/pre_STX")): Text of object 'Object Repository/Page_VLinkReceipt/pre_STX' is: '<STX>xC8hc4ECgO8V                                      2  Transaction failed                                20 Missing Parameter(s): response_format                                                      <ETX>'

2023-01-13 18:12:53 - [MESSAGE][PASSED] - Text of object 'Object Repository/Page_VLinkReceipt/pre_STX' is: '<STX>xC8hc4ECgO8V                                      2  Transaction failed                                20 Missing Parameter(s): response_format                                                      <ETX>'

2023-01-13 18:12:53 - [TEST_STEP][PASSED] - out.println("sdfo: " + sdfo): null

2023-01-13 18:12:53 - [TEST_STEP][PASSED] - remID = substring(5, 35).trim(): null

2023-01-13 18:12:53 - [TEST_STEP][PASSED] - out.println("Remittance ID: " + remID): null

2023-01-13 18:12:53 - [TEST_STEP][PASSED] - traxID = substring(35, 55).trim(): null

2023-01-13 18:12:53 - [TEST_STEP][PASSED] - out.println("Transaction ID: " + traxID): null

2023-01-13 18:12:53 - [TEST_STEP][PASSED] - out.println("End Record Number: " + row): null

2023-01-13 18:12:53 - [TEST_STEP][PASSED] - closeBrowser(): Browser is closed

2023-01-13 18:12:54 - [MESSAGE][PASSED] - Browser is closed

2023-01-13 18:12:54 - [TEST_STEP][PASSED] - ExecuteTC = findTestData(dataFile).getValue("Execute", row): null

2023-01-13 18:12:54 - [TEST_STEP][PASSED] - out.println("Value of Execute is : " + ExecuteTC): null

2023-01-13 18:12:54 - [TEST_STEP][PASSED] - errorMsg = findTestData(dataFile).getValue("ErrorMsg", row): null

2023-01-13 18:12:54 - [TEST_STEP][PASSED] - if (ExecuteTC.equalsIgnoreCase("Y")): Browser is closed

2023-01-13 18:12:54 - [TEST_STEP][PASSED] - out.println("Begin Record Number: " + row): null

2023-01-13 18:12:54 - [TEST_STEP][PASSED] - today = new java.util.Date(): null

2023-01-13 18:12:54 - [TEST_STEP][PASSED] - println(today): null

2023-01-13 18:12:54 - [TEST_STEP][PASSED] - datText = today: null

2023-01-13 18:12:54 - [TEST_STEP][PASSED] - openBrowser(VLinkURL + "authcap.html"): Browser is opened with url: 'https://dev-algorithm.govolution.com/vlinktest/QA/version_2_0/authcap.html'

2023-01-13 18:12:54 - [MESSAGE][INFO] - Starting 'Chrome' driver

2023-01-13 18:12:54 - [MESSAGE][INFO] - User set preference: ['acceptInsecureCerts', 'true']

2023-01-13 18:12:54 - [MESSAGE][INFO] - Action delay is set to 0 milliseconds

2023-01-13 18:12:56 - [MESSAGE][PASSED] - Browser is opened with url: 'https://dev-algorithm.govolution.com/vlinktest/QA/version_2_0/authcap.html'

2023-01-13 18:12:56 - [TEST_STEP][PASSED] - maximizeWindow(): Current window maximized

2023-01-13 18:12:56 - [MESSAGE][PASSED] - Current window maximized

2023-01-13 18:12:56 - [TEST_STEP][PASSED] - vlinkPages.saleCCPage.setDataSCC(row, dataFile): vlinkPages.saleCCPage.setDataSCC is PASSED

2023-01-13 18:12:59 - [MESSAGE][PASSED] - Object 'Object Repository/VLink/Page_CCSale/txt_CardNumber' is present

2023-01-13 18:13:00 - [MESSAGE][PASSED] - Text '104' is set on object 'Object Repository/VLink/Page_CCSale/txt_TransactionType'

2023-01-13 18:13:00 - [MESSAGE][PASSED] - Text '2.0C' is set on object 'Object Repository/VLink/Page_CCSale/txt_MessageVersion'

2023-01-13 18:13:01 - [MESSAGE][PASSED] - Text 'q9KdbHJLYsGi' is set on object 'Object Repository/VLink/Page_CCSale/txt_RemID'

2023-01-13 18:13:02 - [MESSAGE][PASSED] - Text '234' is set on object 'Object Repository/VLink/Page_CCSale/txt_ApplicationId'

2023-01-13 18:13:03 - [MESSAGE][PASSED] - Text 'username' is set on object 'Object Repository/VLink/Page_CCSale/txt_Username'

2023-01-13 18:13:04 - [MESSAGE][PASSED] - Text 'password' is set on object 'Object Repository/VLink/Page_CCSale/txt_Password'

2023-01-13 18:13:05 - [MESSAGE][PASSED] - Text '' is set on object 'Object Repository/VLink/Page_CCSale/txt_ResponseFormat'

2023-01-13 18:13:06 - [MESSAGE][PASSED] - Text 'MOTO' is set on object 'Object Repository/VLink/Page_CCSale/txt_Category'

2023-01-13 18:13:07 - [MESSAGE][PASSED] - Text '' is set on object 'Object Repository/VLink/Page_CCSale/txt_TransactionID'

2023-01-13 18:13:07 - [MESSAGE][PASSED] - Text '' is set on object 'Object Repository/VLink/Page_CCSale/txt_ApprovalCode'

2023-01-13 18:13:08 - [MESSAGE][PASSED] - Text 'Kris Roshan' is set on object 'Object Repository/VLink/Page_CCSale/txt_CardName'

2023-01-13 18:13:09 - [MESSAGE][PASSED] - Text '258 Elm Road' is set on object 'Object Repository/VLink/Page_CCSale/txt_AL1'

2023-01-13 18:13:10 - [MESSAGE][PASSED] - Text 'Suite 56' is set on object 'Object Repository/VLink/Page_CCSale/txt_AL2'

2023-01-13 18:13:11 - [MESSAGE][PASSED] - Text 'Arlington' is set on object 'Object Repository/VLink/Page_CCSale/txt_CardCity'

2023-01-13 18:13:11 - [MESSAGE][PASSED] - Text 'VA' is set on object 'Object Repository/VLink/Page_CCSale/txt_CardState'

2023-01-13 18:13:12 - [MESSAGE][PASSED] - Text '22201' is set on object 'Object Repository/VLink/Page_CCSale/txt_CardZIP'

2023-01-13 18:13:13 - [MESSAGE][PASSED] - Text '840' is set on object 'Object Repository/VLink/Page_CCSale/txt_CountryID'

2023-01-13 18:13:14 - [MESSAGE][PASSED] - Text '1.50' is set on object 'Object Repository/VLink/Page_CCSale/txt_Amount'

2023-01-13 18:13:15 - [MESSAGE][PASSED] - Text '4111111111111111' is set on object 'Object Repository/VLink/Page_CCSale/txt_CardNumber'

2023-01-13 18:13:15 - [MESSAGE][PASSED] - Text '12' is set on object 'Object Repository/VLink/Page_CCSale/txt_ExpMonth'

2023-01-13 18:13:16 - [MESSAGE][PASSED] - Text '2025' is set on object 'Object Repository/VLink/Page_CCSale/txt_ExpYear'

2023-01-13 18:13:17 - [MESSAGE][PASSED] - Text '' is set on object 'Object Repository/VLink/Page_CCSale/txt_CVV'

2023-01-13 18:13:18 - [MESSAGE][PASSED] - Text '' is set on object 'Object Repository/VLink/Page_CCSale/txt_CVVstate'

2023-01-13 18:13:19 - [MESSAGE][PASSED] - Text '' is set on object 'Object Repository/VLink/Page_CCSale/txt_TrackData'

2023-01-13 18:13:19 - [MESSAGE][PASSED] - Text '' is set on object 'Object Repository/VLink/Page_CCSale/txt_Track1Data'

2023-01-13 18:13:20 - [MESSAGE][PASSED] - Text '' is set on object 'Object Repository/VLink/Page_CCSale/txt_Track2Data'

2023-01-13 18:13:21 - [MESSAGE][PASSED] - Text 'manual' is set on object 'Object Repository/VLink/Page_CCSale/txt_POSEntryMode'

2023-01-13 18:13:22 - [MESSAGE][PASSED] - Text 'iahmed@govolution.com' is set on object 'Object Repository/VLink/Page_CCSale/txt_Email'

2023-01-13 18:13:23 - [MESSAGE][PASSED] - Text '2569362' is set on object 'Object Repository/VLink/Page_CCSale/txt_OrderNumber'

2023-01-13 18:13:23 - [MESSAGE][PASSED] - Text '1.15' is set on object 'Object Repository/VLink/Page_CCSale/txt_TaxAmount'

2023-01-13 18:13:24 - [MESSAGE][PASSED] - Text 'Charge Description' is set on object 'Object Repository/VLink/Page_CCSale/txt_ChargeDescription'

2023-01-13 18:13:25 - [MESSAGE][PASSED] - Text '147357' is set on object 'Object Repository/VLink/Page_CCSale/txt_CAN'

2023-01-13 18:13:26 - [MESSAGE][PASSED] - Text '1' is set on object 'Object Repository/VLink/Page_CCSale/txt_BillPaymentIndicator'

2023-01-13 18:13:27 - [MESSAGE][PASSED] - Text 'UDF Data 1' is set on object 'Object Repository/VLink/Page_CCSale/txt_UDF1'

2023-01-13 18:13:27 - [MESSAGE][PASSED] - Text 'UDF Data 2' is set on object 'Object Repository/VLink/Page_CCSale/txt_UDF2'

2023-01-13 18:13:28 - [MESSAGE][PASSED] - Text 'UDF Data 3' is set on object 'Object Repository/VLink/Page_CCSale/txt_UDF3'

2023-01-13 18:13:29 - [MESSAGE][PASSED] - Text 'UDF Data 4' is set on object 'Object Repository/VLink/Page_CCSale/txt_UDF4'

2023-01-13 18:13:30 - [MESSAGE][PASSED] - Text 'UDF Data 5' is set on object 'Object Repository/VLink/Page_CCSale/txt_UDF5'

2023-01-13 18:13:30 - [MESSAGE][PASSED] - Text 'UDF Data 6' is set on object 'Object Repository/VLink/Page_CCSale/txt_UDF6'

2023-01-13 18:13:31 - [MESSAGE][PASSED] - Text 'UDF Data 7' is set on object 'Object Repository/VLink/Page_CCSale/txt_UDF7'

2023-01-13 18:13:32 - [MESSAGE][PASSED] - Text 'UDF Data 8' is set on object 'Object Repository/VLink/Page_CCSale/txt_UDF8'

2023-01-13 18:13:33 - [MESSAGE][PASSED] - Text 'UDF Data 9' is set on object 'Object Repository/VLink/Page_CCSale/txt_UDF9'

2023-01-13 18:13:34 - [MESSAGE][PASSED] - Text 'UDF Data 10' is set on object 'Object Repository/VLink/Page_CCSale/txt_UDF10'

2023-01-13 18:13:34 - [MESSAGE][PASSED] - Object: 'Object Repository/VLink/Page_CCSale/btn_ProcessVLinkTransaction' is clicked on

2023-01-13 18:13:39 - [MESSAGE][PASSED] - vlinkPages.saleCCPage.setDataSCC is PASSED

2023-01-13 18:13:39 - [TEST_STEP][PASSED] - if (verifyTextPresent(errorMsg, true)): null

2023-01-13 18:13:40 - [MESSAGE][PASSED] - Text 'response_format' is present on page  using regular expression

2023-01-13 18:13:40 - [TEST_STEP][PASSED] - println("Transaction Approved, no errors text is present on the Confirmation page"): null

2023-01-13 18:13:40 - [TEST_STEP][PASSED] - out.println("Pass Record Number: " + row): null

2023-01-13 18:13:40 - [TEST_STEP][PASSED] - resText = "Pass": null

2023-01-13 18:13:40 - [TEST_STEP][PASSED] - pages.WriteExcel.demoKey(resText, datText, resColumn, datCloumn, fileLoc, nameSheet, row): pages.WriteExcel.demoKey is PASSED

2023-01-13 18:13:40 - [MESSAGE][PASSED] - pages.WriteExcel.demoKey is PASSED

2023-01-13 18:13:40 - [TEST_STEP][PASSED] - sdfo = getText(findTestObject("Object Repository/Page_VLinkReceipt/pre_STX")): Text of object 'Object Repository/Page_VLinkReceipt/pre_STX' is: '<STX>q9KdbHJLYsGi                                      2  Transaction failed                                20 Missing Parameter(s): response_format                                                      <ETX>'

2023-01-13 18:13:40 - [MESSAGE][PASSED] - Text of object 'Object Repository/Page_VLinkReceipt/pre_STX' is: '<STX>q9KdbHJLYsGi                                      2  Transaction failed                                20 Missing Parameter(s): response_format                                                      <ETX>'

2023-01-13 18:13:40 - [TEST_STEP][PASSED] - out.println("sdfo: " + sdfo): null

2023-01-13 18:13:40 - [TEST_STEP][PASSED] - remID = substring(5, 35).trim(): null

2023-01-13 18:13:40 - [TEST_STEP][PASSED] - out.println("Remittance ID: " + remID): null

2023-01-13 18:13:40 - [TEST_STEP][PASSED] - traxID = substring(35, 55).trim(): null

2023-01-13 18:13:40 - [TEST_STEP][PASSED] - out.println("Transaction ID: " + traxID): null

2023-01-13 18:13:40 - [TEST_STEP][PASSED] - out.println("End Record Number: " + row): null

2023-01-13 18:13:40 - [TEST_STEP][PASSED] - closeBrowser(): Browser is closed

2023-01-13 18:13:41 - [MESSAGE][PASSED] - Browser is closed

2023-01-13 18:13:41 - [TEST_STEP][PASSED] - ExecuteTC = findTestData(dataFile).getValue("Execute", row): null

2023-01-13 18:13:41 - [TEST_STEP][PASSED] - out.println("Value of Execute is : " + ExecuteTC): null

2023-01-13 18:13:41 - [TEST_STEP][PASSED] - errorMsg = findTestData(dataFile).getValue("ErrorMsg", row): null

2023-01-13 18:13:41 - [TEST_STEP][PASSED] - if (ExecuteTC.equalsIgnoreCase("Y")): Browser is closed

2023-01-13 18:13:41 - [TEST_STEP][PASSED] - out.println("Begin Record Number: " + row): null

2023-01-13 18:13:41 - [TEST_STEP][PASSED] - today = new java.util.Date(): null

2023-01-13 18:13:41 - [TEST_STEP][PASSED] - println(today): null

2023-01-13 18:13:41 - [TEST_STEP][PASSED] - datText = today: null

2023-01-13 18:13:41 - [TEST_STEP][PASSED] - openBrowser(VLinkURL + "authcap.html"): Browser is opened with url: 'https://dev-algorithm.govolution.com/vlinktest/QA/version_2_0/authcap.html'

2023-01-13 18:13:41 - [MESSAGE][INFO] - Starting 'Chrome' driver

2023-01-13 18:13:41 - [MESSAGE][INFO] - User set preference: ['acceptInsecureCerts', 'true']

2023-01-13 18:13:41 - [MESSAGE][INFO] - Action delay is set to 0 milliseconds

2023-01-13 18:13:43 - [MESSAGE][PASSED] - Browser is opened with url: 'https://dev-algorithm.govolution.com/vlinktest/QA/version_2_0/authcap.html'

2023-01-13 18:13:43 - [TEST_STEP][PASSED] - maximizeWindow(): Current window maximized

2023-01-13 18:13:43 - [MESSAGE][PASSED] - Current window maximized

2023-01-13 18:13:43 - [TEST_STEP][PASSED] - vlinkPages.saleCCPage.setDataSCC(row, dataFile): vlinkPages.saleCCPage.setDataSCC is PASSED

2023-01-13 18:13:46 - [MESSAGE][PASSED] - Object 'Object Repository/VLink/Page_CCSale/txt_CardNumber' is present

2023-01-13 18:13:47 - [MESSAGE][PASSED] - Text '104' is set on object 'Object Repository/VLink/Page_CCSale/txt_TransactionType'

2023-01-13 18:13:48 - [MESSAGE][PASSED] - Text '2.0C' is set on object 'Object Repository/VLink/Page_CCSale/txt_MessageVersion'

2023-01-13 18:13:49 - [MESSAGE][PASSED] - Text 'AOo72GfticlT' is set on object 'Object Repository/VLink/Page_CCSale/txt_RemID'

2023-01-13 18:13:50 - [MESSAGE][PASSED] - Text '234' is set on object 'Object Repository/VLink/Page_CCSale/txt_ApplicationId'

2023-01-13 18:13:51 - [MESSAGE][PASSED] - Text 'username' is set on object 'Object Repository/VLink/Page_CCSale/txt_Username'

2023-01-13 18:13:51 - [MESSAGE][PASSED] - Text 'password' is set on object 'Object Repository/VLink/Page_CCSale/txt_Password'

2023-01-13 18:13:52 - [MESSAGE][PASSED] - Text '' is set on object 'Object Repository/VLink/Page_CCSale/txt_ResponseFormat'

2023-01-13 18:13:53 - [MESSAGE][PASSED] - Text 'RETL' is set on object 'Object Repository/VLink/Page_CCSale/txt_Category'

2023-01-13 18:13:54 - [MESSAGE][PASSED] - Text '' is set on object 'Object Repository/VLink/Page_CCSale/txt_TransactionID'

2023-01-13 18:13:54 - [MESSAGE][PASSED] - Text '' is set on object 'Object Repository/VLink/Page_CCSale/txt_ApprovalCode'

2023-01-13 18:13:55 - [MESSAGE][PASSED] - Text 'Kris Roshan' is set on object 'Object Repository/VLink/Page_CCSale/txt_CardName'

2023-01-13 18:13:56 - [MESSAGE][PASSED] - Text '258 Elm Road' is set on object 'Object Repository/VLink/Page_CCSale/txt_AL1'

2023-01-13 18:13:57 - [MESSAGE][PASSED] - Text 'Suite 56' is set on object 'Object Repository/VLink/Page_CCSale/txt_AL2'

2023-01-13 18:13:58 - [MESSAGE][PASSED] - Text 'Arlington' is set on object 'Object Repository/VLink/Page_CCSale/txt_CardCity'

2023-01-13 18:13:58 - [MESSAGE][PASSED] - Text 'VA' is set on object 'Object Repository/VLink/Page_CCSale/txt_CardState'

2023-01-13 18:13:59 - [MESSAGE][PASSED] - Text '22201' is set on object 'Object Repository/VLink/Page_CCSale/txt_CardZIP'

2023-01-13 18:14:00 - [MESSAGE][PASSED] - Text '840' is set on object 'Object Repository/VLink/Page_CCSale/txt_CountryID'

2023-01-13 18:14:01 - [MESSAGE][PASSED] - Text '1.50' is set on object 'Object Repository/VLink/Page_CCSale/txt_Amount'

2023-01-13 18:14:01 - [MESSAGE][PASSED] - Text '4111111111111111' is set on object 'Object Repository/VLink/Page_CCSale/txt_CardNumber'

2023-01-13 18:14:02 - [MESSAGE][PASSED] - Text '12' is set on object 'Object Repository/VLink/Page_CCSale/txt_ExpMonth'

2023-01-13 18:14:03 - [MESSAGE][PASSED] - Text '2025' is set on object 'Object Repository/VLink/Page_CCSale/txt_ExpYear'

2023-01-13 18:14:04 - [MESSAGE][PASSED] - Text '' is set on object 'Object Repository/VLink/Page_CCSale/txt_CVV'

2023-01-13 18:14:05 - [MESSAGE][PASSED] - Text '' is set on object 'Object Repository/VLink/Page_CCSale/txt_CVVstate'

2023-01-13 18:14:06 - [MESSAGE][PASSED] - Text '' is set on object 'Object Repository/VLink/Page_CCSale/txt_TrackData'

2023-01-13 18:14:06 - [MESSAGE][PASSED] - Text '' is set on object 'Object Repository/VLink/Page_CCSale/txt_Track1Data'

2023-01-13 18:14:07 - [MESSAGE][PASSED] - Text '' is set on object 'Object Repository/VLink/Page_CCSale/txt_Track2Data'

2023-01-13 18:14:08 - [MESSAGE][PASSED] - Text 'manual' is set on object 'Object Repository/VLink/Page_CCSale/txt_POSEntryMode'

2023-01-13 18:14:09 - [MESSAGE][PASSED] - Text 'iahmed@govolution.com' is set on object 'Object Repository/VLink/Page_CCSale/txt_Email'

2023-01-13 18:14:09 - [MESSAGE][PASSED] - Text '2569362' is set on object 'Object Repository/VLink/Page_CCSale/txt_OrderNumber'

2023-01-13 18:14:10 - [MESSAGE][PASSED] - Text '1.15' is set on object 'Object Repository/VLink/Page_CCSale/txt_TaxAmount'

2023-01-13 18:14:11 - [MESSAGE][PASSED] - Text 'Charge Description' is set on object 'Object Repository/VLink/Page_CCSale/txt_ChargeDescription'

2023-01-13 18:14:12 - [MESSAGE][PASSED] - Text '147357' is set on object 'Object Repository/VLink/Page_CCSale/txt_CAN'

2023-01-13 18:14:13 - [MESSAGE][PASSED] - Text '1' is set on object 'Object Repository/VLink/Page_CCSale/txt_BillPaymentIndicator'

2023-01-13 18:14:13 - [MESSAGE][PASSED] - Text 'UDF Data 1' is set on object 'Object Repository/VLink/Page_CCSale/txt_UDF1'

2023-01-13 18:14:14 - [MESSAGE][PASSED] - Text 'UDF Data 2' is set on object 'Object Repository/VLink/Page_CCSale/txt_UDF2'

2023-01-13 18:14:15 - [MESSAGE][PASSED] - Text 'UDF Data 3' is set on object 'Object Repository/VLink/Page_CCSale/txt_UDF3'

2023-01-13 18:14:16 - [MESSAGE][PASSED] - Text 'UDF Data 4' is set on object 'Object Repository/VLink/Page_CCSale/txt_UDF4'

2023-01-13 18:14:16 - [MESSAGE][PASSED] - Text 'UDF Data 5' is set on object 'Object Repository/VLink/Page_CCSale/txt_UDF5'

2023-01-13 18:14:17 - [MESSAGE][PASSED] - Text 'UDF Data 6' is set on object 'Object Repository/VLink/Page_CCSale/txt_UDF6'

2023-01-13 18:14:18 - [MESSAGE][PASSED] - Text 'UDF Data 7' is set on object 'Object Repository/VLink/Page_CCSale/txt_UDF7'

2023-01-13 18:14:19 - [MESSAGE][PASSED] - Text 'UDF Data 8' is set on object 'Object Repository/VLink/Page_CCSale/txt_UDF8'

2023-01-13 18:14:19 - [MESSAGE][PASSED] - Text 'UDF Data 9' is set on object 'Object Repository/VLink/Page_CCSale/txt_UDF9'

2023-01-13 18:14:20 - [MESSAGE][PASSED] - Text 'UDF Data 10' is set on object 'Object Repository/VLink/Page_CCSale/txt_UDF10'

2023-01-13 18:14:21 - [MESSAGE][PASSED] - Object: 'Object Repository/VLink/Page_CCSale/btn_ProcessVLinkTransaction' is clicked on

2023-01-13 18:14:26 - [MESSAGE][PASSED] - vlinkPages.saleCCPage.setDataSCC is PASSED

2023-01-13 18:14:26 - [TEST_STEP][PASSED] - if (verifyTextPresent(errorMsg, true)): null

2023-01-13 18:14:26 - [MESSAGE][PASSED] - Text 'response_format' is present on page  using regular expression

2023-01-13 18:14:26 - [TEST_STEP][PASSED] - println("Transaction Approved, no errors text is present on the Confirmation page"): null

2023-01-13 18:14:26 - [TEST_STEP][PASSED] - out.println("Pass Record Number: " + row): null

2023-01-13 18:14:26 - [TEST_STEP][PASSED] - resText = "Pass": null

2023-01-13 18:14:26 - [TEST_STEP][PASSED] - pages.WriteExcel.demoKey(resText, datText, resColumn, datCloumn, fileLoc, nameSheet, row): pages.WriteExcel.demoKey is PASSED

2023-01-13 18:14:26 - [MESSAGE][PASSED] - pages.WriteExcel.demoKey is PASSED

2023-01-13 18:14:26 - [TEST_STEP][PASSED] - sdfo = getText(findTestObject("Object Repository/Page_VLinkReceipt/pre_STX")): Text of object 'Object Repository/Page_VLinkReceipt/pre_STX' is: '<STX>AOo72GfticlT                                      2  Transaction failed                                20 Missing Parameter(s): response_format                                                      <ETX>'

2023-01-13 18:14:27 - [MESSAGE][PASSED] - Text of object 'Object Repository/Page_VLinkReceipt/pre_STX' is: '<STX>AOo72GfticlT                                      2  Transaction failed                                20 Missing Parameter(s): response_format                                                      <ETX>'

2023-01-13 18:14:27 - [TEST_STEP][PASSED] - out.println("sdfo: " + sdfo): null

2023-01-13 18:14:27 - [TEST_STEP][PASSED] - remID = substring(5, 35).trim(): null

2023-01-13 18:14:27 - [TEST_STEP][PASSED] - out.println("Remittance ID: " + remID): null

2023-01-13 18:14:27 - [TEST_STEP][PASSED] - traxID = substring(35, 55).trim(): null

2023-01-13 18:14:27 - [TEST_STEP][PASSED] - out.println("Transaction ID: " + traxID): null

2023-01-13 18:14:27 - [TEST_STEP][PASSED] - out.println("End Record Number: " + row): null

2023-01-13 18:14:27 - [TEST_STEP][PASSED] - closeBrowser(): Browser is closed

2023-01-13 18:14:28 - [MESSAGE][PASSED] - Browser is closed

2023-01-13 18:14:28 - [TEST_STEP][PASSED] - ExecuteTC = findTestData(dataFile).getValue("Execute", row): null

2023-01-13 18:14:28 - [TEST_STEP][PASSED] - out.println("Value of Execute is : " + ExecuteTC): null

2023-01-13 18:14:28 - [TEST_STEP][PASSED] - errorMsg = findTestData(dataFile).getValue("ErrorMsg", row): null

2023-01-13 18:14:28 - [TEST_STEP][PASSED] - if (ExecuteTC.equalsIgnoreCase("Y")): Browser is closed

2023-01-13 18:14:28 - [TEST_STEP][PASSED] - out.println("Begin Record Number: " + row): null

2023-01-13 18:14:28 - [TEST_STEP][PASSED] - today = new java.util.Date(): null

2023-01-13 18:14:28 - [TEST_STEP][PASSED] - println(today): null

2023-01-13 18:14:28 - [TEST_STEP][PASSED] - datText = today: null

2023-01-13 18:14:28 - [TEST_STEP][PASSED] - openBrowser(VLinkURL + "authcap.html"): Browser is opened with url: 'https://dev-algorithm.govolution.com/vlinktest/QA/version_2_0/authcap.html'

2023-01-13 18:14:28 - [MESSAGE][INFO] - Starting 'Chrome' driver

2023-01-13 18:14:28 - [MESSAGE][INFO] - User set preference: ['acceptInsecureCerts', 'true']

2023-01-13 18:14:28 - [MESSAGE][INFO] - Action delay is set to 0 milliseconds

2023-01-13 18:14:30 - [MESSAGE][PASSED] - Browser is opened with url: 'https://dev-algorithm.govolution.com/vlinktest/QA/version_2_0/authcap.html'

2023-01-13 18:14:30 - [TEST_STEP][PASSED] - maximizeWindow(): Current window maximized

2023-01-13 18:14:30 - [MESSAGE][PASSED] - Current window maximized

2023-01-13 18:14:30 - [TEST_STEP][PASSED] - vlinkPages.saleCCPage.setDataSCC(row, dataFile): vlinkPages.saleCCPage.setDataSCC is PASSED

2023-01-13 18:14:33 - [MESSAGE][PASSED] - Object 'Object Repository/VLink/Page_CCSale/txt_CardNumber' is present

2023-01-13 18:14:33 - [MESSAGE][PASSED] - Text '104' is set on object 'Object Repository/VLink/Page_CCSale/txt_TransactionType'

2023-01-13 18:14:34 - [MESSAGE][PASSED] - Text '2.0C' is set on object 'Object Repository/VLink/Page_CCSale/txt_MessageVersion'

2023-01-13 18:14:35 - [MESSAGE][PASSED] - Text 'hGRJMTME0VP6' is set on object 'Object Repository/VLink/Page_CCSale/txt_RemID'

2023-01-13 18:14:36 - [MESSAGE][PASSED] - Text '234' is set on object 'Object Repository/VLink/Page_CCSale/txt_ApplicationId'

2023-01-13 18:14:37 - [MESSAGE][PASSED] - Text 'username' is set on object 'Object Repository/VLink/Page_CCSale/txt_Username'

2023-01-13 18:14:38 - [MESSAGE][PASSED] - Text 'password' is set on object 'Object Repository/VLink/Page_CCSale/txt_Password'

2023-01-13 18:14:39 - [MESSAGE][PASSED] - Text 'fixed_width' is set on object 'Object Repository/VLink/Page_CCSale/txt_ResponseFormat'

2023-01-13 18:14:40 - [MESSAGE][PASSED] - Text '' is set on object 'Object Repository/VLink/Page_CCSale/txt_Category'

2023-01-13 18:14:40 - [MESSAGE][PASSED] - Text '' is set on object 'Object Repository/VLink/Page_CCSale/txt_TransactionID'

2023-01-13 18:14:41 - [MESSAGE][PASSED] - Text '' is set on object 'Object Repository/VLink/Page_CCSale/txt_ApprovalCode'

2023-01-13 18:14:42 - [MESSAGE][PASSED] - Text 'Kris Roshan' is set on object 'Object Repository/VLink/Page_CCSale/txt_CardName'

2023-01-13 18:14:43 - [MESSAGE][PASSED] - Text '258 Elm Road' is set on object 'Object Repository/VLink/Page_CCSale/txt_AL1'

2023-01-13 18:14:44 - [MESSAGE][PASSED] - Text 'Suite 56' is set on object 'Object Repository/VLink/Page_CCSale/txt_AL2'

2023-01-13 18:14:45 - [MESSAGE][PASSED] - Text 'Arlington' is set on object 'Object Repository/VLink/Page_CCSale/txt_CardCity'

2023-01-13 18:14:46 - [MESSAGE][PASSED] - Text 'VA' is set on object 'Object Repository/VLink/Page_CCSale/txt_CardState'

2023-01-13 18:14:46 - [MESSAGE][PASSED] - Text '22201' is set on object 'Object Repository/VLink/Page_CCSale/txt_CardZIP'

2023-01-13 18:14:47 - [MESSAGE][PASSED] - Text '840' is set on object 'Object Repository/VLink/Page_CCSale/txt_CountryID'

2023-01-13 18:14:48 - [MESSAGE][PASSED] - Text '1.50' is set on object 'Object Repository/VLink/Page_CCSale/txt_Amount'

2023-01-13 18:14:49 - [MESSAGE][PASSED] - Text '4111111111111111' is set on object 'Object Repository/VLink/Page_CCSale/txt_CardNumber'

2023-01-13 18:14:50 - [MESSAGE][PASSED] - Text '12' is set on object 'Object Repository/VLink/Page_CCSale/txt_ExpMonth'

2023-01-13 18:14:51 - [MESSAGE][PASSED] - Text '2025' is set on object 'Object Repository/VLink/Page_CCSale/txt_ExpYear'

2023-01-13 18:14:51 - [MESSAGE][PASSED] - Text '' is set on object 'Object Repository/VLink/Page_CCSale/txt_CVV'

2023-01-13 18:14:52 - [MESSAGE][PASSED] - Text '' is set on object 'Object Repository/VLink/Page_CCSale/txt_CVVstate'

2023-01-13 18:14:53 - [MESSAGE][PASSED] - Text '' is set on object 'Object Repository/VLink/Page_CCSale/txt_TrackData'

2023-01-13 18:14:54 - [MESSAGE][PASSED] - Text '' is set on object 'Object Repository/VLink/Page_CCSale/txt_Track1Data'

2023-01-13 18:14:54 - [MESSAGE][PASSED] - Text '' is set on object 'Object Repository/VLink/Page_CCSale/txt_Track2Data'

2023-01-13 18:14:55 - [MESSAGE][PASSED] - Text 'manual' is set on object 'Object Repository/VLink/Page_CCSale/txt_POSEntryMode'

2023-01-13 18:14:56 - [MESSAGE][PASSED] - Text 'iahmed@govolution.com' is set on object 'Object Repository/VLink/Page_CCSale/txt_Email'

2023-01-13 18:14:57 - [MESSAGE][PASSED] - Text '2569362' is set on object 'Object Repository/VLink/Page_CCSale/txt_OrderNumber'

2023-01-13 18:14:57 - [MESSAGE][PASSED] - Text '1.15' is set on object 'Object Repository/VLink/Page_CCSale/txt_TaxAmount'

2023-01-13 18:14:58 - [MESSAGE][PASSED] - Text 'Charge Description' is set on object 'Object Repository/VLink/Page_CCSale/txt_ChargeDescription'

2023-01-13 18:14:59 - [MESSAGE][PASSED] - Text '147357' is set on object 'Object Repository/VLink/Page_CCSale/txt_CAN'

2023-01-13 18:15:00 - [MESSAGE][PASSED] - Text '1' is set on object 'Object Repository/VLink/Page_CCSale/txt_BillPaymentIndicator'

2023-01-13 18:15:01 - [MESSAGE][PASSED] - Text 'UDF Data 1' is set on object 'Object Repository/VLink/Page_CCSale/txt_UDF1'

2023-01-13 18:15:01 - [MESSAGE][PASSED] - Text 'UDF Data 2' is set on object 'Object Repository/VLink/Page_CCSale/txt_UDF2'

2023-01-13 18:15:02 - [MESSAGE][PASSED] - Text 'UDF Data 3' is set on object 'Object Repository/VLink/Page_CCSale/txt_UDF3'

2023-01-13 18:15:03 - [MESSAGE][PASSED] - Text 'UDF Data 4' is set on object 'Object Repository/VLink/Page_CCSale/txt_UDF4'

2023-01-13 18:15:04 - [MESSAGE][PASSED] - Text 'UDF Data 5' is set on object 'Object Repository/VLink/Page_CCSale/txt_UDF5'

2023-01-13 18:15:05 - [MESSAGE][PASSED] - Text 'UDF Data 6' is set on object 'Object Repository/VLink/Page_CCSale/txt_UDF6'

2023-01-13 18:15:05 - [MESSAGE][PASSED] - Text 'UDF Data 7' is set on object 'Object Repository/VLink/Page_CCSale/txt_UDF7'

2023-01-13 18:15:06 - [MESSAGE][PASSED] - Text 'UDF Data 8' is set on object 'Object Repository/VLink/Page_CCSale/txt_UDF8'

2023-01-13 18:15:07 - [MESSAGE][PASSED] - Text 'UDF Data 9' is set on object 'Object Repository/VLink/Page_CCSale/txt_UDF9'

2023-01-13 18:15:08 - [MESSAGE][PASSED] - Text 'UDF Data 10' is set on object 'Object Repository/VLink/Page_CCSale/txt_UDF10'

2023-01-13 18:15:09 - [MESSAGE][PASSED] - Object: 'Object Repository/VLink/Page_CCSale/btn_ProcessVLinkTransaction' is clicked on

2023-01-13 18:15:14 - [MESSAGE][PASSED] - vlinkPages.saleCCPage.setDataSCC is PASSED

2023-01-13 18:15:14 - [TEST_STEP][PASSED] - if (verifyTextPresent(errorMsg, true)): null

2023-01-13 18:15:14 - [MESSAGE][PASSED] - Text 'Missing parameter: category' is present on page  using regular expression

2023-01-13 18:15:14 - [TEST_STEP][PASSED] - println("Transaction Approved, no errors text is present on the Confirmation page"): null

2023-01-13 18:15:14 - [TEST_STEP][PASSED] - out.println("Pass Record Number: " + row): null

2023-01-13 18:15:14 - [TEST_STEP][PASSED] - resText = "Pass": null

2023-01-13 18:15:14 - [TEST_STEP][PASSED] - pages.WriteExcel.demoKey(resText, datText, resColumn, datCloumn, fileLoc, nameSheet, row): pages.WriteExcel.demoKey is PASSED

2023-01-13 18:15:14 - [MESSAGE][PASSED] - pages.WriteExcel.demoKey is PASSED

2023-01-13 18:15:14 - [TEST_STEP][PASSED] - sdfo = getText(findTestObject("Object Repository/Page_VLinkReceipt/pre_STX")): Text of object 'Object Repository/Page_VLinkReceipt/pre_STX' is: '<STX>hGRJMTME0VP6                                      2  Transaction failed                                20 Missing parameter: category                                                                <ETX>'

2023-01-13 18:15:15 - [MESSAGE][PASSED] - Text of object 'Object Repository/Page_VLinkReceipt/pre_STX' is: '<STX>hGRJMTME0VP6                                      2  Transaction failed                                20 Missing parameter: category                                                                <ETX>'

2023-01-13 18:15:15 - [TEST_STEP][PASSED] - out.println("sdfo: " + sdfo): null

2023-01-13 18:15:15 - [TEST_STEP][PASSED] - remID = substring(5, 35).trim(): null

2023-01-13 18:15:15 - [TEST_STEP][PASSED] - out.println("Remittance ID: " + remID): null

2023-01-13 18:15:15 - [TEST_STEP][PASSED] - traxID = substring(35, 55).trim(): null

2023-01-13 18:15:15 - [TEST_STEP][PASSED] - out.println("Transaction ID: " + traxID): null

2023-01-13 18:15:15 - [TEST_STEP][PASSED] - out.println("End Record Number: " + row): null

2023-01-13 18:15:15 - [TEST_STEP][PASSED] - closeBrowser(): Browser is closed

2023-01-13 18:15:15 - [MESSAGE][PASSED] - Browser is closed

2023-01-13 18:15:15 - [TEST_STEP][PASSED] - ExecuteTC = findTestData(dataFile).getValue("Execute", row): null

2023-01-13 18:15:16 - [TEST_STEP][PASSED] - out.println("Value of Execute is : " + ExecuteTC): null

2023-01-13 18:15:16 - [TEST_STEP][PASSED] - errorMsg = findTestData(dataFile).getValue("ErrorMsg", row): null

2023-01-13 18:15:16 - [TEST_STEP][PASSED] - if (ExecuteTC.equalsIgnoreCase("Y")): Browser is closed

2023-01-13 18:15:16 - [TEST_STEP][PASSED] - out.println("Begin Record Number: " + row): null

2023-01-13 18:15:16 - [TEST_STEP][PASSED] - today = new java.util.Date(): null

2023-01-13 18:15:16 - [TEST_STEP][PASSED] - println(today): null

2023-01-13 18:15:16 - [TEST_STEP][PASSED] - datText = today: null

2023-01-13 18:15:16 - [TEST_STEP][PASSED] - openBrowser(VLinkURL + "authcap.html"): Browser is opened with url: 'https://dev-algorithm.govolution.com/vlinktest/QA/version_2_0/authcap.html'

2023-01-13 18:15:16 - [MESSAGE][INFO] - Starting 'Chrome' driver

2023-01-13 18:15:16 - [MESSAGE][INFO] - User set preference: ['acceptInsecureCerts', 'true']

2023-01-13 18:15:16 - [MESSAGE][INFO] - Action delay is set to 0 milliseconds

2023-01-13 18:15:17 - [MESSAGE][PASSED] - Browser is opened with url: 'https://dev-algorithm.govolution.com/vlinktest/QA/version_2_0/authcap.html'

2023-01-13 18:15:17 - [TEST_STEP][PASSED] - maximizeWindow(): Current window maximized

2023-01-13 18:15:18 - [MESSAGE][PASSED] - Current window maximized

2023-01-13 18:15:18 - [TEST_STEP][PASSED] - vlinkPages.saleCCPage.setDataSCC(row, dataFile): vlinkPages.saleCCPage.setDataSCC is PASSED

2023-01-13 18:15:21 - [MESSAGE][PASSED] - Object 'Object Repository/VLink/Page_CCSale/txt_CardNumber' is present

2023-01-13 18:15:22 - [MESSAGE][PASSED] - Text '104' is set on object 'Object Repository/VLink/Page_CCSale/txt_TransactionType'

2023-01-13 18:15:23 - [MESSAGE][PASSED] - Text '2.0C' is set on object 'Object Repository/VLink/Page_CCSale/txt_MessageVersion'

2023-01-13 18:15:23 - [MESSAGE][PASSED] - Text 'WWfHrpuP3M7m' is set on object 'Object Repository/VLink/Page_CCSale/txt_RemID'

2023-01-13 18:15:24 - [MESSAGE][PASSED] - Text '234' is set on object 'Object Repository/VLink/Page_CCSale/txt_ApplicationId'

2023-01-13 18:15:25 - [MESSAGE][PASSED] - Text 'username' is set on object 'Object Repository/VLink/Page_CCSale/txt_Username'

2023-01-13 18:15:26 - [MESSAGE][PASSED] - Text 'password' is set on object 'Object Repository/VLink/Page_CCSale/txt_Password'

2023-01-13 18:15:27 - [MESSAGE][PASSED] - Text 'fixed_width' is set on object 'Object Repository/VLink/Page_CCSale/txt_ResponseFormat'

2023-01-13 18:15:28 - [MESSAGE][PASSED] - Text 'ECOM' is set on object 'Object Repository/VLink/Page_CCSale/txt_Category'

2023-01-13 18:15:28 - [MESSAGE][PASSED] - Text '' is set on object 'Object Repository/VLink/Page_CCSale/txt_TransactionID'

2023-01-13 18:15:29 - [MESSAGE][PASSED] - Text '' is set on object 'Object Repository/VLink/Page_CCSale/txt_ApprovalCode'

2023-01-13 18:15:30 - [MESSAGE][PASSED] - Text '' is set on object 'Object Repository/VLink/Page_CCSale/txt_CardName'

2023-01-13 18:15:31 - [MESSAGE][PASSED] - Text '258 Elm Road' is set on object 'Object Repository/VLink/Page_CCSale/txt_AL1'

2023-01-13 18:15:32 - [MESSAGE][PASSED] - Text 'Suite 56' is set on object 'Object Repository/VLink/Page_CCSale/txt_AL2'

2023-01-13 18:15:32 - [MESSAGE][PASSED] - Text 'Arlington' is set on object 'Object Repository/VLink/Page_CCSale/txt_CardCity'

2023-01-13 18:15:33 - [MESSAGE][PASSED] - Text 'VA' is set on object 'Object Repository/VLink/Page_CCSale/txt_CardState'

2023-01-13 18:15:34 - [MESSAGE][PASSED] - Text '22201' is set on object 'Object Repository/VLink/Page_CCSale/txt_CardZIP'

2023-01-13 18:15:35 - [MESSAGE][PASSED] - Text '840' is set on object 'Object Repository/VLink/Page_CCSale/txt_CountryID'

2023-01-13 18:15:36 - [MESSAGE][PASSED] - Text '1.50' is set on object 'Object Repository/VLink/Page_CCSale/txt_Amount'

2023-01-13 18:15:37 - [MESSAGE][PASSED] - Text '4111111111111111' is set on object 'Object Repository/VLink/Page_CCSale/txt_CardNumber'

2023-01-13 18:15:37 - [MESSAGE][PASSED] - Text '12' is set on object 'Object Repository/VLink/Page_CCSale/txt_ExpMonth'

2023-01-13 18:15:38 - [MESSAGE][PASSED] - Text '2025' is set on object 'Object Repository/VLink/Page_CCSale/txt_ExpYear'

2023-01-13 18:15:39 - [MESSAGE][PASSED] - Text '' is set on object 'Object Repository/VLink/Page_CCSale/txt_CVV'

2023-01-13 18:15:40 - [MESSAGE][PASSED] - Text '' is set on object 'Object Repository/VLink/Page_CCSale/txt_CVVstate'

2023-01-13 18:15:41 - [MESSAGE][PASSED] - Text '' is set on object 'Object Repository/VLink/Page_CCSale/txt_TrackData'

2023-01-13 18:15:42 - [MESSAGE][PASSED] - Text '' is set on object 'Object Repository/VLink/Page_CCSale/txt_Track1Data'

2023-01-13 18:15:43 - [MESSAGE][PASSED] - Text '' is set on object 'Object Repository/VLink/Page_CCSale/txt_Track2Data'

2023-01-13 18:15:43 - [MESSAGE][PASSED] - Text 'manual' is set on object 'Object Repository/VLink/Page_CCSale/txt_POSEntryMode'

2023-01-13 18:15:44 - [MESSAGE][PASSED] - Text 'iahmed@govolution.com' is set on object 'Object Repository/VLink/Page_CCSale/txt_Email'

2023-01-13 18:15:45 - [MESSAGE][PASSED] - Text '2569362' is set on object 'Object Repository/VLink/Page_CCSale/txt_OrderNumber'

2023-01-13 18:15:46 - [MESSAGE][PASSED] - Text '1.15' is set on object 'Object Repository/VLink/Page_CCSale/txt_TaxAmount'

2023-01-13 18:15:47 - [MESSAGE][PASSED] - Text 'Charge Description' is set on object 'Object Repository/VLink/Page_CCSale/txt_ChargeDescription'

2023-01-13 18:15:48 - [MESSAGE][PASSED] - Text '147357' is set on object 'Object Repository/VLink/Page_CCSale/txt_CAN'

2023-01-13 18:15:48 - [MESSAGE][PASSED] - Text '1' is set on object 'Object Repository/VLink/Page_CCSale/txt_BillPaymentIndicator'

2023-01-13 18:15:49 - [MESSAGE][PASSED] - Text 'UDF Data 1' is set on object 'Object Repository/VLink/Page_CCSale/txt_UDF1'

2023-01-13 18:15:50 - [MESSAGE][PASSED] - Text 'UDF Data 2' is set on object 'Object Repository/VLink/Page_CCSale/txt_UDF2'

2023-01-13 18:15:51 - [MESSAGE][PASSED] - Text 'UDF Data 3' is set on object 'Object Repository/VLink/Page_CCSale/txt_UDF3'

2023-01-13 18:15:52 - [MESSAGE][PASSED] - Text 'UDF Data 4' is set on object 'Object Repository/VLink/Page_CCSale/txt_UDF4'

2023-01-13 18:15:53 - [MESSAGE][PASSED] - Text 'UDF Data 5' is set on object 'Object Repository/VLink/Page_CCSale/txt_UDF5'

2023-01-13 18:15:54 - [MESSAGE][PASSED] - Text 'UDF Data 6' is set on object 'Object Repository/VLink/Page_CCSale/txt_UDF6'

2023-01-13 18:15:54 - [MESSAGE][PASSED] - Text 'UDF Data 7' is set on object 'Object Repository/VLink/Page_CCSale/txt_UDF7'

2023-01-13 18:15:55 - [MESSAGE][PASSED] - Text 'UDF Data 8' is set on object 'Object Repository/VLink/Page_CCSale/txt_UDF8'

2023-01-13 18:15:56 - [MESSAGE][PASSED] - Text 'UDF Data 9' is set on object 'Object Repository/VLink/Page_CCSale/txt_UDF9'

2023-01-13 18:15:57 - [MESSAGE][PASSED] - Text 'UDF Data 10' is set on object 'Object Repository/VLink/Page_CCSale/txt_UDF10'

2023-01-13 18:15:58 - [MESSAGE][PASSED] - Object: 'Object Repository/VLink/Page_CCSale/btn_ProcessVLinkTransaction' is clicked on

2023-01-13 18:16:03 - [MESSAGE][PASSED] - vlinkPages.saleCCPage.setDataSCC is PASSED

2023-01-13 18:16:03 - [TEST_STEP][PASSED] - if (verifyTextPresent(errorMsg, true)): null

2023-01-13 18:16:03 - [MESSAGE][PASSED] - Text 'card_name' is present on page  using regular expression

2023-01-13 18:16:03 - [TEST_STEP][PASSED] - println("Transaction Approved, no errors text is present on the Confirmation page"): null

2023-01-13 18:16:03 - [TEST_STEP][PASSED] - out.println("Pass Record Number: " + row): null

2023-01-13 18:16:03 - [TEST_STEP][PASSED] - resText = "Pass": null

2023-01-13 18:16:03 - [TEST_STEP][PASSED] - pages.WriteExcel.demoKey(resText, datText, resColumn, datCloumn, fileLoc, nameSheet, row): pages.WriteExcel.demoKey is PASSED

2023-01-13 18:16:03 - [MESSAGE][PASSED] - pages.WriteExcel.demoKey is PASSED

2023-01-13 18:16:03 - [TEST_STEP][PASSED] - sdfo = getText(findTestObject("Object Repository/Page_VLinkReceipt/pre_STX")): Text of object 'Object Repository/Page_VLinkReceipt/pre_STX' is: '<STX>WWfHrpuP3M7m                                      2  Transaction failed                                20 Missing Parameter(s): card_name                                                            <ETX>'

2023-01-13 18:16:03 - [MESSAGE][PASSED] - Text of object 'Object Repository/Page_VLinkReceipt/pre_STX' is: '<STX>WWfHrpuP3M7m                                      2  Transaction failed                                20 Missing Parameter(s): card_name                                                            <ETX>'

2023-01-13 18:16:03 - [TEST_STEP][PASSED] - out.println("sdfo: " + sdfo): null

2023-01-13 18:16:03 - [TEST_STEP][PASSED] - remID = substring(5, 35).trim(): null

2023-01-13 18:16:03 - [TEST_STEP][PASSED] - out.println("Remittance ID: " + remID): null

2023-01-13 18:16:03 - [TEST_STEP][PASSED] - traxID = substring(35, 55).trim(): null

2023-01-13 18:16:03 - [TEST_STEP][PASSED] - out.println("Transaction ID: " + traxID): null

2023-01-13 18:16:03 - [TEST_STEP][PASSED] - out.println("End Record Number: " + row): null

2023-01-13 18:16:03 - [TEST_STEP][PASSED] - closeBrowser(): Browser is closed

2023-01-13 18:16:04 - [MESSAGE][PASSED] - Browser is closed

2023-01-13 18:16:04 - [TEST_STEP][PASSED] - ExecuteTC = findTestData(dataFile).getValue("Execute", row): null

2023-01-13 18:16:04 - [TEST_STEP][PASSED] - out.println("Value of Execute is : " + ExecuteTC): null

2023-01-13 18:16:04 - [TEST_STEP][PASSED] - errorMsg = findTestData(dataFile).getValue("ErrorMsg", row): null

2023-01-13 18:16:04 - [TEST_STEP][PASSED] - if (ExecuteTC.equalsIgnoreCase("Y")): Browser is closed

2023-01-13 18:16:04 - [TEST_STEP][PASSED] - out.println("Begin Record Number: " + row): null

2023-01-13 18:16:04 - [TEST_STEP][PASSED] - today = new java.util.Date(): null

2023-01-13 18:16:04 - [TEST_STEP][PASSED] - println(today): null

2023-01-13 18:16:04 - [TEST_STEP][PASSED] - datText = today: null

2023-01-13 18:16:04 - [TEST_STEP][PASSED] - openBrowser(VLinkURL + "authcap.html"): Browser is opened with url: 'https://dev-algorithm.govolution.com/vlinktest/QA/version_2_0/authcap.html'

2023-01-13 18:16:04 - [MESSAGE][INFO] - Starting 'Chrome' driver

2023-01-13 18:16:04 - [MESSAGE][INFO] - User set preference: ['acceptInsecureCerts', 'true']

2023-01-13 18:16:04 - [MESSAGE][INFO] - Action delay is set to 0 milliseconds

2023-01-13 18:16:06 - [MESSAGE][PASSED] - Browser is opened with url: 'https://dev-algorithm.govolution.com/vlinktest/QA/version_2_0/authcap.html'

2023-01-13 18:16:06 - [TEST_STEP][PASSED] - maximizeWindow(): Current window maximized

2023-01-13 18:16:06 - [MESSAGE][PASSED] - Current window maximized

2023-01-13 18:16:06 - [TEST_STEP][PASSED] - vlinkPages.saleCCPage.setDataSCC(row, dataFile): vlinkPages.saleCCPage.setDataSCC is PASSED

2023-01-13 18:16:10 - [MESSAGE][PASSED] - Object 'Object Repository/VLink/Page_CCSale/txt_CardNumber' is present

2023-01-13 18:16:11 - [MESSAGE][PASSED] - Text '104' is set on object 'Object Repository/VLink/Page_CCSale/txt_TransactionType'

2023-01-13 18:16:11 - [MESSAGE][PASSED] - Text '2.0C' is set on object 'Object Repository/VLink/Page_CCSale/txt_MessageVersion'

2023-01-13 18:16:12 - [MESSAGE][PASSED] - Text 'KjiufHCYVjci' is set on object 'Object Repository/VLink/Page_CCSale/txt_RemID'

2023-01-13 18:16:13 - [MESSAGE][PASSED] - Text '234' is set on object 'Object Repository/VLink/Page_CCSale/txt_ApplicationId'

2023-01-13 18:16:14 - [MESSAGE][PASSED] - Text 'username' is set on object 'Object Repository/VLink/Page_CCSale/txt_Username'

2023-01-13 18:16:15 - [MESSAGE][PASSED] - Text 'password' is set on object 'Object Repository/VLink/Page_CCSale/txt_Password'

2023-01-13 18:16:15 - [MESSAGE][PASSED] - Text 'fixed_width' is set on object 'Object Repository/VLink/Page_CCSale/txt_ResponseFormat'

2023-01-13 18:16:16 - [MESSAGE][PASSED] - Text 'MOTO' is set on object 'Object Repository/VLink/Page_CCSale/txt_Category'

2023-01-13 18:16:17 - [MESSAGE][PASSED] - Text '' is set on object 'Object Repository/VLink/Page_CCSale/txt_TransactionID'

2023-01-13 18:16:18 - [MESSAGE][PASSED] - Text '' is set on object 'Object Repository/VLink/Page_CCSale/txt_ApprovalCode'

2023-01-13 18:16:19 - [MESSAGE][PASSED] - Text '' is set on object 'Object Repository/VLink/Page_CCSale/txt_CardName'

2023-01-13 18:16:19 - [MESSAGE][PASSED] - Text '258 Elm Road' is set on object 'Object Repository/VLink/Page_CCSale/txt_AL1'

2023-01-13 18:16:20 - [MESSAGE][PASSED] - Text 'Suite 56' is set on object 'Object Repository/VLink/Page_CCSale/txt_AL2'

2023-01-13 18:16:21 - [MESSAGE][PASSED] - Text 'Arlington' is set on object 'Object Repository/VLink/Page_CCSale/txt_CardCity'

2023-01-13 18:16:22 - [MESSAGE][PASSED] - Text 'VA' is set on object 'Object Repository/VLink/Page_CCSale/txt_CardState'

2023-01-13 18:16:23 - [MESSAGE][PASSED] - Text '22201' is set on object 'Object Repository/VLink/Page_CCSale/txt_CardZIP'

2023-01-13 18:16:24 - [MESSAGE][PASSED] - Text '840' is set on object 'Object Repository/VLink/Page_CCSale/txt_CountryID'

2023-01-13 18:16:24 - [MESSAGE][PASSED] - Text '1.50' is set on object 'Object Repository/VLink/Page_CCSale/txt_Amount'

2023-01-13 18:16:25 - [MESSAGE][PASSED] - Text '4111111111111111' is set on object 'Object Repository/VLink/Page_CCSale/txt_CardNumber'

2023-01-13 18:16:26 - [MESSAGE][PASSED] - Text '12' is set on object 'Object Repository/VLink/Page_CCSale/txt_ExpMonth'

2023-01-13 18:16:27 - [MESSAGE][PASSED] - Text '2025' is set on object 'Object Repository/VLink/Page_CCSale/txt_ExpYear'

2023-01-13 18:16:28 - [MESSAGE][PASSED] - Text '' is set on object 'Object Repository/VLink/Page_CCSale/txt_CVV'

2023-01-13 18:16:28 - [MESSAGE][PASSED] - Text '' is set on object 'Object Repository/VLink/Page_CCSale/txt_CVVstate'

2023-01-13 18:16:29 - [MESSAGE][PASSED] - Text '' is set on object 'Object Repository/VLink/Page_CCSale/txt_TrackData'

2023-01-13 18:16:30 - [MESSAGE][PASSED] - Text '' is set on object 'Object Repository/VLink/Page_CCSale/txt_Track1Data'

2023-01-13 18:16:31 - [MESSAGE][PASSED] - Text '' is set on object 'Object Repository/VLink/Page_CCSale/txt_Track2Data'

2023-01-13 18:16:32 - [MESSAGE][PASSED] - Text 'manual' is set on object 'Object Repository/VLink/Page_CCSale/txt_POSEntryMode'

2023-01-13 18:16:33 - [MESSAGE][PASSED] - Text 'iahmed@govolution.com' is set on object 'Object Repository/VLink/Page_CCSale/txt_Email'

2023-01-13 18:16:33 - [MESSAGE][PASSED] - Text '2569362' is set on object 'Object Repository/VLink/Page_CCSale/txt_OrderNumber'

2023-01-13 18:16:34 - [MESSAGE][PASSED] - Text '1.15' is set on object 'Object Repository/VLink/Page_CCSale/txt_TaxAmount'

2023-01-13 18:16:35 - [MESSAGE][PASSED] - Text 'Charge Description' is set on object 'Object Repository/VLink/Page_CCSale/txt_ChargeDescription'

2023-01-13 18:16:36 - [MESSAGE][PASSED] - Text '147357' is set on object 'Object Repository/VLink/Page_CCSale/txt_CAN'

2023-01-13 18:16:37 - [MESSAGE][PASSED] - Text '1' is set on object 'Object Repository/VLink/Page_CCSale/txt_BillPaymentIndicator'

2023-01-13 18:16:37 - [MESSAGE][PASSED] - Text 'UDF Data 1' is set on object 'Object Repository/VLink/Page_CCSale/txt_UDF1'

2023-01-13 18:16:38 - [MESSAGE][PASSED] - Text 'UDF Data 2' is set on object 'Object Repository/VLink/Page_CCSale/txt_UDF2'

2023-01-13 18:16:39 - [MESSAGE][PASSED] - Text 'UDF Data 3' is set on object 'Object Repository/VLink/Page_CCSale/txt_UDF3'

2023-01-13 18:16:40 - [MESSAGE][PASSED] - Text 'UDF Data 4' is set on object 'Object Repository/VLink/Page_CCSale/txt_UDF4'

2023-01-13 18:16:40 - [MESSAGE][PASSED] - Text 'UDF Data 5' is set on object 'Object Repository/VLink/Page_CCSale/txt_UDF5'

2023-01-13 18:16:41 - [MESSAGE][PASSED] - Text 'UDF Data 6' is set on object 'Object Repository/VLink/Page_CCSale/txt_UDF6'

2023-01-13 18:16:42 - [MESSAGE][PASSED] - Text 'UDF Data 7' is set on object 'Object Repository/VLink/Page_CCSale/txt_UDF7'

2023-01-13 18:16:43 - [MESSAGE][PASSED] - Text 'UDF Data 8' is set on object 'Object Repository/VLink/Page_CCSale/txt_UDF8'

2023-01-13 18:16:44 - [MESSAGE][PASSED] - Text 'UDF Data 9' is set on object 'Object Repository/VLink/Page_CCSale/txt_UDF9'

2023-01-13 18:16:44 - [MESSAGE][PASSED] - Text 'UDF Data 10' is set on object 'Object Repository/VLink/Page_CCSale/txt_UDF10'

2023-01-13 18:16:45 - [MESSAGE][PASSED] - Object: 'Object Repository/VLink/Page_CCSale/btn_ProcessVLinkTransaction' is clicked on

2023-01-13 18:16:50 - [MESSAGE][PASSED] - vlinkPages.saleCCPage.setDataSCC is PASSED

2023-01-13 18:16:50 - [TEST_STEP][PASSED] - if (verifyTextPresent(errorMsg, true)): null

2023-01-13 18:16:50 - [MESSAGE][PASSED] - Text 'card_name' is present on page  using regular expression

2023-01-13 18:16:50 - [TEST_STEP][PASSED] - println("Transaction Approved, no errors text is present on the Confirmation page"): null

2023-01-13 18:16:50 - [TEST_STEP][PASSED] - out.println("Pass Record Number: " + row): null

2023-01-13 18:16:50 - [TEST_STEP][PASSED] - resText = "Pass": null

2023-01-13 18:16:50 - [TEST_STEP][PASSED] - pages.WriteExcel.demoKey(resText, datText, resColumn, datCloumn, fileLoc, nameSheet, row): pages.WriteExcel.demoKey is PASSED

2023-01-13 18:16:50 - [MESSAGE][PASSED] - pages.WriteExcel.demoKey is PASSED

2023-01-13 18:16:50 - [TEST_STEP][PASSED] - sdfo = getText(findTestObject("Object Repository/Page_VLinkReceipt/pre_STX")): Text of object 'Object Repository/Page_VLinkReceipt/pre_STX' is: '<STX>KjiufHCYVjci                                      2  Transaction failed                                20 Missing Parameter(s): card_name                                                            <ETX>'

2023-01-13 18:16:51 - [MESSAGE][PASSED] - Text of object 'Object Repository/Page_VLinkReceipt/pre_STX' is: '<STX>KjiufHCYVjci                                      2  Transaction failed                                20 Missing Parameter(s): card_name                                                            <ETX>'

2023-01-13 18:16:51 - [TEST_STEP][PASSED] - out.println("sdfo: " + sdfo): null

2023-01-13 18:16:51 - [TEST_STEP][PASSED] - remID = substring(5, 35).trim(): null

2023-01-13 18:16:51 - [TEST_STEP][PASSED] - out.println("Remittance ID: " + remID): null

2023-01-13 18:16:51 - [TEST_STEP][PASSED] - traxID = substring(35, 55).trim(): null

2023-01-13 18:16:51 - [TEST_STEP][PASSED] - out.println("Transaction ID: " + traxID): null

2023-01-13 18:16:51 - [TEST_STEP][PASSED] - out.println("End Record Number: " + row): null

2023-01-13 18:16:51 - [TEST_STEP][PASSED] - closeBrowser(): Browser is closed

2023-01-13 18:16:52 - [MESSAGE][PASSED] - Browser is closed

2023-01-13 18:16:52 - [TEST_STEP][PASSED] - ExecuteTC = findTestData(dataFile).getValue("Execute", row): null

2023-01-13 18:16:52 - [TEST_STEP][PASSED] - out.println("Value of Execute is : " + ExecuteTC): null

2023-01-13 18:16:52 - [TEST_STEP][PASSED] - errorMsg = findTestData(dataFile).getValue("ErrorMsg", row): null

2023-01-13 18:16:52 - [TEST_STEP][PASSED] - if (ExecuteTC.equalsIgnoreCase("Y")): Browser is closed

2023-01-13 18:16:52 - [TEST_STEP][PASSED] - out.println("Begin Record Number: " + row): null

2023-01-13 18:16:52 - [TEST_STEP][PASSED] - today = new java.util.Date(): null

2023-01-13 18:16:52 - [TEST_STEP][PASSED] - println(today): null

2023-01-13 18:16:52 - [TEST_STEP][PASSED] - datText = today: null

2023-01-13 18:16:52 - [TEST_STEP][PASSED] - openBrowser(VLinkURL + "authcap.html"): Browser is opened with url: 'https://dev-algorithm.govolution.com/vlinktest/QA/version_2_0/authcap.html'

2023-01-13 18:16:52 - [MESSAGE][INFO] - Starting 'Chrome' driver

2023-01-13 18:16:52 - [MESSAGE][INFO] - User set preference: ['acceptInsecureCerts', 'true']

2023-01-13 18:16:52 - [MESSAGE][INFO] - Action delay is set to 0 milliseconds

2023-01-13 18:16:54 - [MESSAGE][PASSED] - Browser is opened with url: 'https://dev-algorithm.govolution.com/vlinktest/QA/version_2_0/authcap.html'

2023-01-13 18:16:54 - [TEST_STEP][PASSED] - maximizeWindow(): Current window maximized

2023-01-13 18:16:54 - [MESSAGE][PASSED] - Current window maximized

2023-01-13 18:16:54 - [TEST_STEP][PASSED] - vlinkPages.saleCCPage.setDataSCC(row, dataFile): vlinkPages.saleCCPage.setDataSCC is PASSED

2023-01-13 18:16:57 - [MESSAGE][PASSED] - Object 'Object Repository/VLink/Page_CCSale/txt_CardNumber' is present

2023-01-13 18:16:58 - [MESSAGE][PASSED] - Text '104' is set on object 'Object Repository/VLink/Page_CCSale/txt_TransactionType'

2023-01-13 18:16:58 - [MESSAGE][PASSED] - Text '2.0C' is set on object 'Object Repository/VLink/Page_CCSale/txt_MessageVersion'

2023-01-13 18:16:59 - [MESSAGE][PASSED] - Text 'HEr2jMIVckyf' is set on object 'Object Repository/VLink/Page_CCSale/txt_RemID'

2023-01-13 18:17:00 - [MESSAGE][PASSED] - Text '234' is set on object 'Object Repository/VLink/Page_CCSale/txt_ApplicationId'

2023-01-13 18:17:01 - [MESSAGE][PASSED] - Text 'username' is set on object 'Object Repository/VLink/Page_CCSale/txt_Username'

2023-01-13 18:17:02 - [MESSAGE][PASSED] - Text 'password' is set on object 'Object Repository/VLink/Page_CCSale/txt_Password'

2023-01-13 18:17:03 - [MESSAGE][PASSED] - Text 'fixed_width' is set on object 'Object Repository/VLink/Page_CCSale/txt_ResponseFormat'

2023-01-13 18:17:04 - [MESSAGE][PASSED] - Text 'RETL' is set on object 'Object Repository/VLink/Page_CCSale/txt_Category'

2023-01-13 18:17:04 - [MESSAGE][PASSED] - Text '' is set on object 'Object Repository/VLink/Page_CCSale/txt_TransactionID'

2023-01-13 18:17:05 - [MESSAGE][PASSED] - Text '' is set on object 'Object Repository/VLink/Page_CCSale/txt_ApprovalCode'

2023-01-13 18:17:06 - [MESSAGE][PASSED] - Text '' is set on object 'Object Repository/VLink/Page_CCSale/txt_CardName'

2023-01-13 18:17:07 - [MESSAGE][PASSED] - Text '258 Elm Road' is set on object 'Object Repository/VLink/Page_CCSale/txt_AL1'

2023-01-13 18:17:08 - [MESSAGE][PASSED] - Text 'Suite 56' is set on object 'Object Repository/VLink/Page_CCSale/txt_AL2'

2023-01-13 18:17:08 - [MESSAGE][PASSED] - Text 'Arlington' is set on object 'Object Repository/VLink/Page_CCSale/txt_CardCity'

2023-01-13 18:17:09 - [MESSAGE][PASSED] - Text 'VA' is set on object 'Object Repository/VLink/Page_CCSale/txt_CardState'

2023-01-13 18:17:10 - [MESSAGE][PASSED] - Text '22201' is set on object 'Object Repository/VLink/Page_CCSale/txt_CardZIP'

2023-01-13 18:17:11 - [MESSAGE][PASSED] - Text '840' is set on object 'Object Repository/VLink/Page_CCSale/txt_CountryID'

2023-01-13 18:17:12 - [MESSAGE][PASSED] - Text '1.50' is set on object 'Object Repository/VLink/Page_CCSale/txt_Amount'

2023-01-13 18:17:13 - [MESSAGE][PASSED] - Text '4111111111111111' is set on object 'Object Repository/VLink/Page_CCSale/txt_CardNumber'

2023-01-13 18:17:14 - [MESSAGE][PASSED] - Text '12' is set on object 'Object Repository/VLink/Page_CCSale/txt_ExpMonth'

2023-01-13 18:17:14 - [MESSAGE][PASSED] - Text '2025' is set on object 'Object Repository/VLink/Page_CCSale/txt_ExpYear'

2023-01-13 18:17:15 - [MESSAGE][PASSED] - Text '' is set on object 'Object Repository/VLink/Page_CCSale/txt_CVV'

2023-01-13 18:17:16 - [MESSAGE][PASSED] - Text '' is set on object 'Object Repository/VLink/Page_CCSale/txt_CVVstate'

2023-01-13 18:17:17 - [MESSAGE][PASSED] - Text '' is set on object 'Object Repository/VLink/Page_CCSale/txt_TrackData'

2023-01-13 18:17:17 - [MESSAGE][PASSED] - Text '' is set on object 'Object Repository/VLink/Page_CCSale/txt_Track1Data'

2023-01-13 18:17:18 - [MESSAGE][PASSED] - Text '' is set on object 'Object Repository/VLink/Page_CCSale/txt_Track2Data'

2023-01-13 18:17:19 - [MESSAGE][PASSED] - Text 'manual' is set on object 'Object Repository/VLink/Page_CCSale/txt_POSEntryMode'

2023-01-13 18:17:20 - [MESSAGE][PASSED] - Text 'iahmed@govolution.com' is set on object 'Object Repository/VLink/Page_CCSale/txt_Email'

2023-01-13 18:17:20 - [MESSAGE][PASSED] - Text '2569362' is set on object 'Object Repository/VLink/Page_CCSale/txt_OrderNumber'

2023-01-13 18:17:21 - [MESSAGE][PASSED] - Text '1.15' is set on object 'Object Repository/VLink/Page_CCSale/txt_TaxAmount'

2023-01-13 18:17:22 - [MESSAGE][PASSED] - Text 'Charge Description' is set on object 'Object Repository/VLink/Page_CCSale/txt_ChargeDescription'

2023-01-13 18:17:23 - [MESSAGE][PASSED] - Text '147357' is set on object 'Object Repository/VLink/Page_CCSale/txt_CAN'

2023-01-13 18:17:23 - [MESSAGE][PASSED] - Text '1' is set on object 'Object Repository/VLink/Page_CCSale/txt_BillPaymentIndicator'

2023-01-13 18:17:24 - [MESSAGE][PASSED] - Text 'UDF Data 1' is set on object 'Object Repository/VLink/Page_CCSale/txt_UDF1'

2023-01-13 18:17:25 - [MESSAGE][PASSED] - Text 'UDF Data 2' is set on object 'Object Repository/VLink/Page_CCSale/txt_UDF2'

2023-01-13 18:17:26 - [MESSAGE][PASSED] - Text 'UDF Data 3' is set on object 'Object Repository/VLink/Page_CCSale/txt_UDF3'

2023-01-13 18:17:26 - [MESSAGE][PASSED] - Text 'UDF Data 4' is set on object 'Object Repository/VLink/Page_CCSale/txt_UDF4'

2023-01-13 18:17:27 - [MESSAGE][PASSED] - Text 'UDF Data 5' is set on object 'Object Repository/VLink/Page_CCSale/txt_UDF5'

2023-01-13 18:17:28 - [MESSAGE][PASSED] - Text 'UDF Data 6' is set on object 'Object Repository/VLink/Page_CCSale/txt_UDF6'

2023-01-13 18:17:29 - [MESSAGE][PASSED] - Text 'UDF Data 7' is set on object 'Object Repository/VLink/Page_CCSale/txt_UDF7'

2023-01-13 18:17:30 - [MESSAGE][PASSED] - Text 'UDF Data 8' is set on object 'Object Repository/VLink/Page_CCSale/txt_UDF8'

2023-01-13 18:17:31 - [MESSAGE][PASSED] - Text 'UDF Data 9' is set on object 'Object Repository/VLink/Page_CCSale/txt_UDF9'

2023-01-13 18:17:31 - [MESSAGE][PASSED] - Text 'UDF Data 10' is set on object 'Object Repository/VLink/Page_CCSale/txt_UDF10'

2023-01-13 18:17:32 - [MESSAGE][PASSED] - Object: 'Object Repository/VLink/Page_CCSale/btn_ProcessVLinkTransaction' is clicked on

2023-01-13 18:17:37 - [MESSAGE][PASSED] - vlinkPages.saleCCPage.setDataSCC is PASSED

2023-01-13 18:17:37 - [TEST_STEP][PASSED] - if (verifyTextPresent(errorMsg, true)): null

2023-01-13 18:17:37 - [MESSAGE][PASSED] - Text 'card_name' is present on page  using regular expression

2023-01-13 18:17:37 - [TEST_STEP][PASSED] - println("Transaction Approved, no errors text is present on the Confirmation page"): null

2023-01-13 18:17:37 - [TEST_STEP][PASSED] - out.println("Pass Record Number: " + row): null

2023-01-13 18:17:37 - [TEST_STEP][PASSED] - resText = "Pass": null

2023-01-13 18:17:37 - [TEST_STEP][PASSED] - pages.WriteExcel.demoKey(resText, datText, resColumn, datCloumn, fileLoc, nameSheet, row): pages.WriteExcel.demoKey is PASSED

2023-01-13 18:17:37 - [MESSAGE][PASSED] - pages.WriteExcel.demoKey is PASSED

2023-01-13 18:17:37 - [TEST_STEP][PASSED] - sdfo = getText(findTestObject("Object Repository/Page_VLinkReceipt/pre_STX")): Text of object 'Object Repository/Page_VLinkReceipt/pre_STX' is: '<STX>HEr2jMIVckyf                                      2  Transaction failed                                20 Missing Parameter(s): card_name                                                            <ETX>'

2023-01-13 18:17:38 - [MESSAGE][PASSED] - Text of object 'Object Repository/Page_VLinkReceipt/pre_STX' is: '<STX>HEr2jMIVckyf                                      2  Transaction failed                                20 Missing Parameter(s): card_name                                                            <ETX>'

2023-01-13 18:17:38 - [TEST_STEP][PASSED] - out.println("sdfo: " + sdfo): null

2023-01-13 18:17:38 - [TEST_STEP][PASSED] - remID = substring(5, 35).trim(): null

2023-01-13 18:17:38 - [TEST_STEP][PASSED] - out.println("Remittance ID: " + remID): null

2023-01-13 18:17:38 - [TEST_STEP][PASSED] - traxID = substring(35, 55).trim(): null

2023-01-13 18:17:38 - [TEST_STEP][PASSED] - out.println("Transaction ID: " + traxID): null

2023-01-13 18:17:38 - [TEST_STEP][PASSED] - out.println("End Record Number: " + row): null

2023-01-13 18:17:38 - [TEST_STEP][PASSED] - closeBrowser(): Browser is closed

2023-01-13 18:17:39 - [MESSAGE][PASSED] - Browser is closed

2023-01-13 18:17:39 - [TEST_STEP][PASSED] - ExecuteTC = findTestData(dataFile).getValue("Execute", row): null

2023-01-13 18:17:39 - [TEST_STEP][PASSED] - out.println("Value of Execute is : " + ExecuteTC): null

2023-01-13 18:17:39 - [TEST_STEP][PASSED] - errorMsg = findTestData(dataFile).getValue("ErrorMsg", row): null

2023-01-13 18:17:39 - [TEST_STEP][PASSED] - if (ExecuteTC.equalsIgnoreCase("Y")): Browser is closed

2023-01-13 18:17:39 - [TEST_STEP][PASSED] - out.println("Begin Record Number: " + row): null

2023-01-13 18:17:39 - [TEST_STEP][PASSED] - today = new java.util.Date(): null

2023-01-13 18:17:39 - [TEST_STEP][PASSED] - println(today): null

2023-01-13 18:17:39 - [TEST_STEP][PASSED] - datText = today: null

2023-01-13 18:17:39 - [TEST_STEP][PASSED] - openBrowser(VLinkURL + "authcap.html"): Browser is opened with url: 'https://dev-algorithm.govolution.com/vlinktest/QA/version_2_0/authcap.html'

2023-01-13 18:17:39 - [MESSAGE][INFO] - Starting 'Chrome' driver

2023-01-13 18:17:39 - [MESSAGE][INFO] - User set preference: ['acceptInsecureCerts', 'true']

2023-01-13 18:17:39 - [MESSAGE][INFO] - Action delay is set to 0 milliseconds

2023-01-13 18:17:41 - [MESSAGE][PASSED] - Browser is opened with url: 'https://dev-algorithm.govolution.com/vlinktest/QA/version_2_0/authcap.html'

2023-01-13 18:17:41 - [TEST_STEP][PASSED] - maximizeWindow(): Current window maximized

2023-01-13 18:17:41 - [MESSAGE][PASSED] - Current window maximized

2023-01-13 18:17:41 - [TEST_STEP][PASSED] - vlinkPages.saleCCPage.setDataSCC(row, dataFile): vlinkPages.saleCCPage.setDataSCC is PASSED

2023-01-13 18:17:44 - [MESSAGE][PASSED] - Object 'Object Repository/VLink/Page_CCSale/txt_CardNumber' is present

2023-01-13 18:17:45 - [MESSAGE][PASSED] - Text '104' is set on object 'Object Repository/VLink/Page_CCSale/txt_TransactionType'

2023-01-13 18:17:45 - [MESSAGE][PASSED] - Text '2.0C' is set on object 'Object Repository/VLink/Page_CCSale/txt_MessageVersion'

2023-01-13 18:17:46 - [MESSAGE][PASSED] - Text '1Aoc5tiBF0Jq' is set on object 'Object Repository/VLink/Page_CCSale/txt_RemID'

2023-01-13 18:17:47 - [MESSAGE][PASSED] - Text '234' is set on object 'Object Repository/VLink/Page_CCSale/txt_ApplicationId'

2023-01-13 18:17:48 - [MESSAGE][PASSED] - Text 'username' is set on object 'Object Repository/VLink/Page_CCSale/txt_Username'

2023-01-13 18:17:49 - [MESSAGE][PASSED] - Text 'password' is set on object 'Object Repository/VLink/Page_CCSale/txt_Password'

2023-01-13 18:17:49 - [MESSAGE][PASSED] - Text 'fixed_width' is set on object 'Object Repository/VLink/Page_CCSale/txt_ResponseFormat'

2023-01-13 18:17:50 - [MESSAGE][PASSED] - Text 'ECOM' is set on object 'Object Repository/VLink/Page_CCSale/txt_Category'

2023-01-13 18:17:51 - [MESSAGE][PASSED] - Text '' is set on object 'Object Repository/VLink/Page_CCSale/txt_TransactionID'

2023-01-13 18:17:52 - [MESSAGE][PASSED] - Text '' is set on object 'Object Repository/VLink/Page_CCSale/txt_ApprovalCode'

2023-01-13 18:17:53 - [MESSAGE][PASSED] - Text 'Kris Roshan' is set on object 'Object Repository/VLink/Page_CCSale/txt_CardName'

2023-01-13 18:17:54 - [MESSAGE][PASSED] - Text '' is set on object 'Object Repository/VLink/Page_CCSale/txt_AL1'

2023-01-13 18:17:54 - [MESSAGE][PASSED] - Text 'Suite 56' is set on object 'Object Repository/VLink/Page_CCSale/txt_AL2'

2023-01-13 18:17:55 - [MESSAGE][PASSED] - Text 'Arlington' is set on object 'Object Repository/VLink/Page_CCSale/txt_CardCity'

2023-01-13 18:17:56 - [MESSAGE][PASSED] - Text 'VA' is set on object 'Object Repository/VLink/Page_CCSale/txt_CardState'

2023-01-13 18:17:57 - [MESSAGE][PASSED] - Text '22201' is set on object 'Object Repository/VLink/Page_CCSale/txt_CardZIP'

2023-01-13 18:17:58 - [MESSAGE][PASSED] - Text '840' is set on object 'Object Repository/VLink/Page_CCSale/txt_CountryID'

2023-01-13 18:17:58 - [MESSAGE][PASSED] - Text '1.50' is set on object 'Object Repository/VLink/Page_CCSale/txt_Amount'

2023-01-13 18:17:59 - [MESSAGE][PASSED] - Text '4111111111111111' is set on object 'Object Repository/VLink/Page_CCSale/txt_CardNumber'

2023-01-13 18:18:00 - [MESSAGE][PASSED] - Text '12' is set on object 'Object Repository/VLink/Page_CCSale/txt_ExpMonth'

2023-01-13 18:18:01 - [MESSAGE][PASSED] - Text '2025' is set on object 'Object Repository/VLink/Page_CCSale/txt_ExpYear'

2023-01-13 18:18:02 - [MESSAGE][PASSED] - Text '' is set on object 'Object Repository/VLink/Page_CCSale/txt_CVV'

2023-01-13 18:18:03 - [MESSAGE][PASSED] - Text '' is set on object 'Object Repository/VLink/Page_CCSale/txt_CVVstate'

2023-01-13 18:18:04 - [MESSAGE][PASSED] - Text '' is set on object 'Object Repository/VLink/Page_CCSale/txt_TrackData'

2023-01-13 18:18:05 - [MESSAGE][PASSED] - Text '' is set on object 'Object Repository/VLink/Page_CCSale/txt_Track1Data'

2023-01-13 18:18:05 - [MESSAGE][PASSED] - Text '' is set on object 'Object Repository/VLink/Page_CCSale/txt_Track2Data'

2023-01-13 18:18:06 - [MESSAGE][PASSED] - Text 'manual' is set on object 'Object Repository/VLink/Page_CCSale/txt_POSEntryMode'

2023-01-13 18:18:07 - [MESSAGE][PASSED] - Text 'iahmed@govolution.com' is set on object 'Object Repository/VLink/Page_CCSale/txt_Email'

2023-01-13 18:18:08 - [MESSAGE][PASSED] - Text '2569362' is set on object 'Object Repository/VLink/Page_CCSale/txt_OrderNumber'

2023-01-13 18:18:09 - [MESSAGE][PASSED] - Text '1.15' is set on object 'Object Repository/VLink/Page_CCSale/txt_TaxAmount'

2023-01-13 18:18:09 - [MESSAGE][PASSED] - Text 'Charge Description' is set on object 'Object Repository/VLink/Page_CCSale/txt_ChargeDescription'

2023-01-13 18:18:10 - [MESSAGE][PASSED] - Text '147357' is set on object 'Object Repository/VLink/Page_CCSale/txt_CAN'

2023-01-13 18:18:11 - [MESSAGE][PASSED] - Text '1' is set on object 'Object Repository/VLink/Page_CCSale/txt_BillPaymentIndicator'

2023-01-13 18:18:12 - [MESSAGE][PASSED] - Text 'UDF Data 1' is set on object 'Object Repository/VLink/Page_CCSale/txt_UDF1'

2023-01-13 18:18:12 - [MESSAGE][PASSED] - Text 'UDF Data 2' is set on object 'Object Repository/VLink/Page_CCSale/txt_UDF2'

2023-01-13 18:18:13 - [MESSAGE][PASSED] - Text 'UDF Data 3' is set on object 'Object Repository/VLink/Page_CCSale/txt_UDF3'

2023-01-13 18:18:14 - [MESSAGE][PASSED] - Text 'UDF Data 4' is set on object 'Object Repository/VLink/Page_CCSale/txt_UDF4'

2023-01-13 18:18:15 - [MESSAGE][PASSED] - Text 'UDF Data 5' is set on object 'Object Repository/VLink/Page_CCSale/txt_UDF5'

2023-01-13 18:18:15 - [MESSAGE][PASSED] - Text 'UDF Data 6' is set on object 'Object Repository/VLink/Page_CCSale/txt_UDF6'

2023-01-13 18:18:16 - [MESSAGE][PASSED] - Text 'UDF Data 7' is set on object 'Object Repository/VLink/Page_CCSale/txt_UDF7'

2023-01-13 18:18:17 - [MESSAGE][PASSED] - Text 'UDF Data 8' is set on object 'Object Repository/VLink/Page_CCSale/txt_UDF8'

2023-01-13 18:18:18 - [MESSAGE][PASSED] - Text 'UDF Data 9' is set on object 'Object Repository/VLink/Page_CCSale/txt_UDF9'

2023-01-13 18:18:18 - [MESSAGE][PASSED] - Text 'UDF Data 10' is set on object 'Object Repository/VLink/Page_CCSale/txt_UDF10'

2023-01-13 18:18:19 - [MESSAGE][PASSED] - Object: 'Object Repository/VLink/Page_CCSale/btn_ProcessVLinkTransaction' is clicked on

2023-01-13 18:18:24 - [MESSAGE][PASSED] - vlinkPages.saleCCPage.setDataSCC is PASSED

2023-01-13 18:18:24 - [TEST_STEP][PASSED] - if (verifyTextPresent(errorMsg, true)): null

2023-01-13 18:18:25 - [MESSAGE][PASSED] - Text 'card_address' is present on page  using regular expression

2023-01-13 18:18:25 - [TEST_STEP][PASSED] - println("Transaction Approved, no errors text is present on the Confirmation page"): null

2023-01-13 18:18:25 - [TEST_STEP][PASSED] - out.println("Pass Record Number: " + row): null

2023-01-13 18:18:25 - [TEST_STEP][PASSED] - resText = "Pass": null

2023-01-13 18:18:25 - [TEST_STEP][PASSED] - pages.WriteExcel.demoKey(resText, datText, resColumn, datCloumn, fileLoc, nameSheet, row): pages.WriteExcel.demoKey is PASSED

2023-01-13 18:18:25 - [MESSAGE][PASSED] - pages.WriteExcel.demoKey is PASSED

2023-01-13 18:18:25 - [TEST_STEP][PASSED] - sdfo = getText(findTestObject("Object Repository/Page_VLinkReceipt/pre_STX")): Text of object 'Object Repository/Page_VLinkReceipt/pre_STX' is: '<STX>1Aoc5tiBF0Jq                                      2  Transaction failed                                20 Missing Parameter(s): card_address                                                         <ETX>'

2023-01-13 18:18:25 - [MESSAGE][PASSED] - Text of object 'Object Repository/Page_VLinkReceipt/pre_STX' is: '<STX>1Aoc5tiBF0Jq                                      2  Transaction failed                                20 Missing Parameter(s): card_address                                                         <ETX>'

2023-01-13 18:18:25 - [TEST_STEP][PASSED] - out.println("sdfo: " + sdfo): null

2023-01-13 18:18:25 - [TEST_STEP][PASSED] - remID = substring(5, 35).trim(): null

2023-01-13 18:18:25 - [TEST_STEP][PASSED] - out.println("Remittance ID: " + remID): null

2023-01-13 18:18:25 - [TEST_STEP][PASSED] - traxID = substring(35, 55).trim(): null

2023-01-13 18:18:25 - [TEST_STEP][PASSED] - out.println("Transaction ID: " + traxID): null

2023-01-13 18:18:25 - [TEST_STEP][PASSED] - out.println("End Record Number: " + row): null

2023-01-13 18:18:25 - [TEST_STEP][PASSED] - closeBrowser(): Browser is closed

2023-01-13 18:18:26 - [MESSAGE][PASSED] - Browser is closed

2023-01-13 18:18:26 - [TEST_STEP][PASSED] - ExecuteTC = findTestData(dataFile).getValue("Execute", row): null

2023-01-13 18:18:26 - [TEST_STEP][PASSED] - out.println("Value of Execute is : " + ExecuteTC): null

2023-01-13 18:18:26 - [TEST_STEP][PASSED] - errorMsg = findTestData(dataFile).getValue("ErrorMsg", row): null

2023-01-13 18:18:26 - [TEST_STEP][PASSED] - if (ExecuteTC.equalsIgnoreCase("Y")): Browser is closed

2023-01-13 18:18:26 - [TEST_STEP][PASSED] - out.println("Begin Record Number: " + row): null

2023-01-13 18:18:26 - [TEST_STEP][PASSED] - today = new java.util.Date(): null

2023-01-13 18:18:26 - [TEST_STEP][PASSED] - println(today): null

2023-01-13 18:18:26 - [TEST_STEP][PASSED] - datText = today: null

2023-01-13 18:18:26 - [TEST_STEP][PASSED] - openBrowser(VLinkURL + "authcap.html"): Browser is opened with url: 'https://dev-algorithm.govolution.com/vlinktest/QA/version_2_0/authcap.html'

2023-01-13 18:18:26 - [MESSAGE][INFO] - Starting 'Chrome' driver

2023-01-13 18:18:26 - [MESSAGE][INFO] - User set preference: ['acceptInsecureCerts', 'true']

2023-01-13 18:18:26 - [MESSAGE][INFO] - Action delay is set to 0 milliseconds

2023-01-13 18:18:28 - [MESSAGE][PASSED] - Browser is opened with url: 'https://dev-algorithm.govolution.com/vlinktest/QA/version_2_0/authcap.html'

2023-01-13 18:18:28 - [TEST_STEP][PASSED] - maximizeWindow(): Current window maximized

2023-01-13 18:18:28 - [MESSAGE][PASSED] - Current window maximized

2023-01-13 18:18:28 - [TEST_STEP][PASSED] - vlinkPages.saleCCPage.setDataSCC(row, dataFile): vlinkPages.saleCCPage.setDataSCC is PASSED

2023-01-13 18:18:31 - [MESSAGE][PASSED] - Object 'Object Repository/VLink/Page_CCSale/txt_CardNumber' is present

2023-01-13 18:18:32 - [MESSAGE][PASSED] - Text '104' is set on object 'Object Repository/VLink/Page_CCSale/txt_TransactionType'

2023-01-13 18:18:33 - [MESSAGE][PASSED] - Text '2.0C' is set on object 'Object Repository/VLink/Page_CCSale/txt_MessageVersion'

2023-01-13 18:18:33 - [MESSAGE][PASSED] - Text 'BzMBZ4tpf2IJ' is set on object 'Object Repository/VLink/Page_CCSale/txt_RemID'

2023-01-13 18:18:34 - [MESSAGE][PASSED] - Text '234' is set on object 'Object Repository/VLink/Page_CCSale/txt_ApplicationId'

2023-01-13 18:18:35 - [MESSAGE][PASSED] - Text 'username' is set on object 'Object Repository/VLink/Page_CCSale/txt_Username'

2023-01-13 18:18:36 - [MESSAGE][PASSED] - Text 'password' is set on object 'Object Repository/VLink/Page_CCSale/txt_Password'

2023-01-13 18:18:37 - [MESSAGE][PASSED] - Text 'fixed_width' is set on object 'Object Repository/VLink/Page_CCSale/txt_ResponseFormat'

2023-01-13 18:18:38 - [MESSAGE][PASSED] - Text 'MOTO' is set on object 'Object Repository/VLink/Page_CCSale/txt_Category'

2023-01-13 18:18:38 - [MESSAGE][PASSED] - Text '' is set on object 'Object Repository/VLink/Page_CCSale/txt_TransactionID'

2023-01-13 18:18:39 - [MESSAGE][PASSED] - Text '' is set on object 'Object Repository/VLink/Page_CCSale/txt_ApprovalCode'

2023-01-13 18:18:40 - [MESSAGE][PASSED] - Text 'Kris Roshan' is set on object 'Object Repository/VLink/Page_CCSale/txt_CardName'

2023-01-13 18:18:41 - [MESSAGE][PASSED] - Text '' is set on object 'Object Repository/VLink/Page_CCSale/txt_AL1'

2023-01-13 18:18:42 - [MESSAGE][PASSED] - Text 'Suite 56' is set on object 'Object Repository/VLink/Page_CCSale/txt_AL2'

2023-01-13 18:18:43 - [MESSAGE][PASSED] - Text 'Arlington' is set on object 'Object Repository/VLink/Page_CCSale/txt_CardCity'

2023-01-13 18:18:43 - [MESSAGE][PASSED] - Text 'VA' is set on object 'Object Repository/VLink/Page_CCSale/txt_CardState'

2023-01-13 18:18:44 - [MESSAGE][PASSED] - Text '22201' is set on object 'Object Repository/VLink/Page_CCSale/txt_CardZIP'

2023-01-13 18:18:45 - [MESSAGE][PASSED] - Text '840' is set on object 'Object Repository/VLink/Page_CCSale/txt_CountryID'

2023-01-13 18:18:46 - [MESSAGE][PASSED] - Text '1.50' is set on object 'Object Repository/VLink/Page_CCSale/txt_Amount'

2023-01-13 18:18:47 - [MESSAGE][PASSED] - Text '4111111111111111' is set on object 'Object Repository/VLink/Page_CCSale/txt_CardNumber'

2023-01-13 18:18:47 - [MESSAGE][PASSED] - Text '12' is set on object 'Object Repository/VLink/Page_CCSale/txt_ExpMonth'

2023-01-13 18:18:48 - [MESSAGE][PASSED] - Text '2025' is set on object 'Object Repository/VLink/Page_CCSale/txt_ExpYear'

2023-01-13 18:18:49 - [MESSAGE][PASSED] - Text '' is set on object 'Object Repository/VLink/Page_CCSale/txt_CVV'

2023-01-13 18:18:50 - [MESSAGE][PASSED] - Text '' is set on object 'Object Repository/VLink/Page_CCSale/txt_CVVstate'

2023-01-13 18:18:51 - [MESSAGE][PASSED] - Text '' is set on object 'Object Repository/VLink/Page_CCSale/txt_TrackData'

2023-01-13 18:18:52 - [MESSAGE][PASSED] - Text '' is set on object 'Object Repository/VLink/Page_CCSale/txt_Track1Data'

2023-01-13 18:18:52 - [MESSAGE][PASSED] - Text '' is set on object 'Object Repository/VLink/Page_CCSale/txt_Track2Data'

2023-01-13 18:18:53 - [MESSAGE][PASSED] - Text 'manual' is set on object 'Object Repository/VLink/Page_CCSale/txt_POSEntryMode'

2023-01-13 18:18:54 - [MESSAGE][PASSED] - Text 'iahmed@govolution.com' is set on object 'Object Repository/VLink/Page_CCSale/txt_Email'

2023-01-13 18:18:55 - [MESSAGE][PASSED] - Text '2569362' is set on object 'Object Repository/VLink/Page_CCSale/txt_OrderNumber'

2023-01-13 18:18:56 - [MESSAGE][PASSED] - Text '1.15' is set on object 'Object Repository/VLink/Page_CCSale/txt_TaxAmount'

2023-01-13 18:18:56 - [MESSAGE][PASSED] - Text 'Charge Description' is set on object 'Object Repository/VLink/Page_CCSale/txt_ChargeDescription'

2023-01-13 18:18:57 - [MESSAGE][PASSED] - Text '147357' is set on object 'Object Repository/VLink/Page_CCSale/txt_CAN'

2023-01-13 18:18:58 - [MESSAGE][PASSED] - Text '1' is set on object 'Object Repository/VLink/Page_CCSale/txt_BillPaymentIndicator'

2023-01-13 18:18:59 - [MESSAGE][PASSED] - Text 'UDF Data 1' is set on object 'Object Repository/VLink/Page_CCSale/txt_UDF1'

2023-01-13 18:19:00 - [MESSAGE][PASSED] - Text 'UDF Data 2' is set on object 'Object Repository/VLink/Page_CCSale/txt_UDF2'

2023-01-13 18:19:00 - [MESSAGE][PASSED] - Text 'UDF Data 3' is set on object 'Object Repository/VLink/Page_CCSale/txt_UDF3'

2023-01-13 18:19:01 - [MESSAGE][PASSED] - Text 'UDF Data 4' is set on object 'Object Repository/VLink/Page_CCSale/txt_UDF4'

2023-01-13 18:19:02 - [MESSAGE][PASSED] - Text 'UDF Data 5' is set on object 'Object Repository/VLink/Page_CCSale/txt_UDF5'

2023-01-13 18:19:03 - [MESSAGE][PASSED] - Text 'UDF Data 6' is set on object 'Object Repository/VLink/Page_CCSale/txt_UDF6'

2023-01-13 18:19:04 - [MESSAGE][PASSED] - Text 'UDF Data 7' is set on object 'Object Repository/VLink/Page_CCSale/txt_UDF7'

2023-01-13 18:19:04 - [MESSAGE][PASSED] - Text 'UDF Data 8' is set on object 'Object Repository/VLink/Page_CCSale/txt_UDF8'

2023-01-13 18:19:05 - [MESSAGE][PASSED] - Text 'UDF Data 9' is set on object 'Object Repository/VLink/Page_CCSale/txt_UDF9'

2023-01-13 18:19:06 - [MESSAGE][PASSED] - Text 'UDF Data 10' is set on object 'Object Repository/VLink/Page_CCSale/txt_UDF10'

2023-01-13 18:19:07 - [MESSAGE][PASSED] - Object: 'Object Repository/VLink/Page_CCSale/btn_ProcessVLinkTransaction' is clicked on

2023-01-13 18:19:12 - [MESSAGE][PASSED] - vlinkPages.saleCCPage.setDataSCC is PASSED

2023-01-13 18:19:12 - [TEST_STEP][PASSED] - if (verifyTextPresent(errorMsg, true)): null

2023-01-13 18:19:12 - [MESSAGE][PASSED] - Text 'card_address' is present on page  using regular expression

2023-01-13 18:19:12 - [TEST_STEP][PASSED] - println("Transaction Approved, no errors text is present on the Confirmation page"): null

2023-01-13 18:19:12 - [TEST_STEP][PASSED] - out.println("Pass Record Number: " + row): null

2023-01-13 18:19:12 - [TEST_STEP][PASSED] - resText = "Pass": null

2023-01-13 18:19:12 - [TEST_STEP][PASSED] - pages.WriteExcel.demoKey(resText, datText, resColumn, datCloumn, fileLoc, nameSheet, row): pages.WriteExcel.demoKey is PASSED

2023-01-13 18:19:12 - [MESSAGE][PASSED] - pages.WriteExcel.demoKey is PASSED

2023-01-13 18:19:12 - [TEST_STEP][PASSED] - sdfo = getText(findTestObject("Object Repository/Page_VLinkReceipt/pre_STX")): Text of object 'Object Repository/Page_VLinkReceipt/pre_STX' is: '<STX>BzMBZ4tpf2IJ                                      2  Transaction failed                                20 Missing Parameter(s): card_address                                                         <ETX>'

2023-01-13 18:19:12 - [MESSAGE][PASSED] - Text of object 'Object Repository/Page_VLinkReceipt/pre_STX' is: '<STX>BzMBZ4tpf2IJ                                      2  Transaction failed                                20 Missing Parameter(s): card_address                                                         <ETX>'

2023-01-13 18:19:12 - [TEST_STEP][PASSED] - out.println("sdfo: " + sdfo): null

2023-01-13 18:19:12 - [TEST_STEP][PASSED] - remID = substring(5, 35).trim(): null

2023-01-13 18:19:12 - [TEST_STEP][PASSED] - out.println("Remittance ID: " + remID): null

2023-01-13 18:19:12 - [TEST_STEP][PASSED] - traxID = substring(35, 55).trim(): null

2023-01-13 18:19:12 - [TEST_STEP][PASSED] - out.println("Transaction ID: " + traxID): null

2023-01-13 18:19:12 - [TEST_STEP][PASSED] - out.println("End Record Number: " + row): null

2023-01-13 18:19:12 - [TEST_STEP][PASSED] - closeBrowser(): Browser is closed

2023-01-13 18:19:13 - [MESSAGE][PASSED] - Browser is closed

2023-01-13 18:19:13 - [TEST_STEP][PASSED] - ExecuteTC = findTestData(dataFile).getValue("Execute", row): null

2023-01-13 18:19:13 - [TEST_STEP][PASSED] - out.println("Value of Execute is : " + ExecuteTC): null

2023-01-13 18:19:13 - [TEST_STEP][PASSED] - errorMsg = findTestData(dataFile).getValue("ErrorMsg", row): null

2023-01-13 18:19:13 - [TEST_STEP][PASSED] - if (ExecuteTC.equalsIgnoreCase("Y")): Browser is closed

2023-01-13 18:19:13 - [TEST_STEP][PASSED] - out.println("Begin Record Number: " + row): null

2023-01-13 18:19:13 - [TEST_STEP][PASSED] - today = new java.util.Date(): null

2023-01-13 18:19:13 - [TEST_STEP][PASSED] - println(today): null

2023-01-13 18:19:13 - [TEST_STEP][PASSED] - datText = today: null

2023-01-13 18:19:13 - [TEST_STEP][PASSED] - openBrowser(VLinkURL + "authcap.html"): Browser is opened with url: 'https://dev-algorithm.govolution.com/vlinktest/QA/version_2_0/authcap.html'

2023-01-13 18:19:13 - [MESSAGE][INFO] - Starting 'Chrome' driver

2023-01-13 18:19:13 - [MESSAGE][INFO] - User set preference: ['acceptInsecureCerts', 'true']

2023-01-13 18:19:13 - [MESSAGE][INFO] - Action delay is set to 0 milliseconds

2023-01-13 18:19:15 - [MESSAGE][PASSED] - Browser is opened with url: 'https://dev-algorithm.govolution.com/vlinktest/QA/version_2_0/authcap.html'

2023-01-13 18:19:15 - [TEST_STEP][PASSED] - maximizeWindow(): Current window maximized

2023-01-13 18:19:15 - [MESSAGE][PASSED] - Current window maximized

2023-01-13 18:19:15 - [TEST_STEP][PASSED] - vlinkPages.saleCCPage.setDataSCC(row, dataFile): vlinkPages.saleCCPage.setDataSCC is PASSED

2023-01-13 18:19:18 - [MESSAGE][PASSED] - Object 'Object Repository/VLink/Page_CCSale/txt_CardNumber' is present

2023-01-13 18:19:19 - [MESSAGE][PASSED] - Text '104' is set on object 'Object Repository/VLink/Page_CCSale/txt_TransactionType'

2023-01-13 18:19:20 - [MESSAGE][PASSED] - Text '2.0C' is set on object 'Object Repository/VLink/Page_CCSale/txt_MessageVersion'

2023-01-13 18:19:21 - [MESSAGE][PASSED] - Text 'LUypBAiZPKM5' is set on object 'Object Repository/VLink/Page_CCSale/txt_RemID'

2023-01-13 18:19:22 - [MESSAGE][PASSED] - Text '234' is set on object 'Object Repository/VLink/Page_CCSale/txt_ApplicationId'

2023-01-13 18:19:23 - [MESSAGE][PASSED] - Text 'username' is set on object 'Object Repository/VLink/Page_CCSale/txt_Username'

2023-01-13 18:19:24 - [MESSAGE][PASSED] - Text 'password' is set on object 'Object Repository/VLink/Page_CCSale/txt_Password'

2023-01-13 18:19:24 - [MESSAGE][PASSED] - Text 'fixed_width' is set on object 'Object Repository/VLink/Page_CCSale/txt_ResponseFormat'

2023-01-13 18:19:25 - [MESSAGE][PASSED] - Text 'ECOM' is set on object 'Object Repository/VLink/Page_CCSale/txt_Category'

2023-01-13 18:19:26 - [MESSAGE][PASSED] - Text '' is set on object 'Object Repository/VLink/Page_CCSale/txt_TransactionID'

2023-01-13 18:19:26 - [MESSAGE][PASSED] - Text '' is set on object 'Object Repository/VLink/Page_CCSale/txt_ApprovalCode'

2023-01-13 18:19:27 - [MESSAGE][PASSED] - Text 'Kris Roshan' is set on object 'Object Repository/VLink/Page_CCSale/txt_CardName'

2023-01-13 18:19:28 - [MESSAGE][PASSED] - Text '258 Elm Road' is set on object 'Object Repository/VLink/Page_CCSale/txt_AL1'

2023-01-13 18:19:29 - [MESSAGE][PASSED] - Text 'Suite 56' is set on object 'Object Repository/VLink/Page_CCSale/txt_AL2'

2023-01-13 18:19:30 - [MESSAGE][PASSED] - Text 'Arlington' is set on object 'Object Repository/VLink/Page_CCSale/txt_CardCity'

2023-01-13 18:19:31 - [MESSAGE][PASSED] - Text 'VA' is set on object 'Object Repository/VLink/Page_CCSale/txt_CardState'

2023-01-13 18:19:32 - [MESSAGE][PASSED] - Text '' is set on object 'Object Repository/VLink/Page_CCSale/txt_CardZIP'

2023-01-13 18:19:32 - [MESSAGE][PASSED] - Text '840' is set on object 'Object Repository/VLink/Page_CCSale/txt_CountryID'

2023-01-13 18:19:33 - [MESSAGE][PASSED] - Text '1.50' is set on object 'Object Repository/VLink/Page_CCSale/txt_Amount'

2023-01-13 18:19:34 - [MESSAGE][PASSED] - Text '4111111111111111' is set on object 'Object Repository/VLink/Page_CCSale/txt_CardNumber'

2023-01-13 18:19:35 - [MESSAGE][PASSED] - Text '12' is set on object 'Object Repository/VLink/Page_CCSale/txt_ExpMonth'

2023-01-13 18:19:36 - [MESSAGE][PASSED] - Text '2025' is set on object 'Object Repository/VLink/Page_CCSale/txt_ExpYear'

2023-01-13 18:19:36 - [MESSAGE][PASSED] - Text '' is set on object 'Object Repository/VLink/Page_CCSale/txt_CVV'

2023-01-13 18:19:37 - [MESSAGE][PASSED] - Text '' is set on object 'Object Repository/VLink/Page_CCSale/txt_CVVstate'

2023-01-13 18:19:38 - [MESSAGE][PASSED] - Text '' is set on object 'Object Repository/VLink/Page_CCSale/txt_TrackData'

2023-01-13 18:19:39 - [MESSAGE][PASSED] - Text '' is set on object 'Object Repository/VLink/Page_CCSale/txt_Track1Data'

2023-01-13 18:19:40 - [MESSAGE][PASSED] - Text '' is set on object 'Object Repository/VLink/Page_CCSale/txt_Track2Data'

2023-01-13 18:19:41 - [MESSAGE][PASSED] - Text 'manual' is set on object 'Object Repository/VLink/Page_CCSale/txt_POSEntryMode'

2023-01-13 18:19:41 - [MESSAGE][PASSED] - Text 'iahmed@govolution.com' is set on object 'Object Repository/VLink/Page_CCSale/txt_Email'

2023-01-13 18:19:42 - [MESSAGE][PASSED] - Text '2569362' is set on object 'Object Repository/VLink/Page_CCSale/txt_OrderNumber'

2023-01-13 18:19:43 - [MESSAGE][PASSED] - Text '1.15' is set on object 'Object Repository/VLink/Page_CCSale/txt_TaxAmount'

2023-01-13 18:19:44 - [MESSAGE][PASSED] - Text 'Charge Description' is set on object 'Object Repository/VLink/Page_CCSale/txt_ChargeDescription'

2023-01-13 18:19:45 - [MESSAGE][PASSED] - Text '147357' is set on object 'Object Repository/VLink/Page_CCSale/txt_CAN'

2023-01-13 18:19:45 - [MESSAGE][PASSED] - Text '1' is set on object 'Object Repository/VLink/Page_CCSale/txt_BillPaymentIndicator'

2023-01-13 18:19:46 - [MESSAGE][PASSED] - Text 'UDF Data 1' is set on object 'Object Repository/VLink/Page_CCSale/txt_UDF1'

2023-01-13 18:19:47 - [MESSAGE][PASSED] - Text 'UDF Data 2' is set on object 'Object Repository/VLink/Page_CCSale/txt_UDF2'

2023-01-13 18:19:48 - [MESSAGE][PASSED] - Text 'UDF Data 3' is set on object 'Object Repository/VLink/Page_CCSale/txt_UDF3'

2023-01-13 18:19:49 - [MESSAGE][PASSED] - Text 'UDF Data 4' is set on object 'Object Repository/VLink/Page_CCSale/txt_UDF4'

2023-01-13 18:19:50 - [MESSAGE][PASSED] - Text 'UDF Data 5' is set on object 'Object Repository/VLink/Page_CCSale/txt_UDF5'

2023-01-13 18:19:50 - [MESSAGE][PASSED] - Text 'UDF Data 6' is set on object 'Object Repository/VLink/Page_CCSale/txt_UDF6'

2023-01-13 18:19:51 - [MESSAGE][PASSED] - Text 'UDF Data 7' is set on object 'Object Repository/VLink/Page_CCSale/txt_UDF7'

2023-01-13 18:19:52 - [MESSAGE][PASSED] - Text 'UDF Data 8' is set on object 'Object Repository/VLink/Page_CCSale/txt_UDF8'

2023-01-13 18:19:53 - [MESSAGE][PASSED] - Text 'UDF Data 9' is set on object 'Object Repository/VLink/Page_CCSale/txt_UDF9'

2023-01-13 18:19:53 - [MESSAGE][PASSED] - Text 'UDF Data 10' is set on object 'Object Repository/VLink/Page_CCSale/txt_UDF10'

2023-01-13 18:19:54 - [MESSAGE][PASSED] - Object: 'Object Repository/VLink/Page_CCSale/btn_ProcessVLinkTransaction' is clicked on

2023-01-13 18:19:59 - [MESSAGE][PASSED] - vlinkPages.saleCCPage.setDataSCC is PASSED

2023-01-13 18:19:59 - [TEST_STEP][PASSED] - if (verifyTextPresent(errorMsg, true)): null

2023-01-13 18:19:59 - [MESSAGE][PASSED] - Text 'card_zip' is present on page  using regular expression

2023-01-13 18:19:59 - [TEST_STEP][PASSED] - println("Transaction Approved, no errors text is present on the Confirmation page"): null

2023-01-13 18:19:59 - [TEST_STEP][PASSED] - out.println("Pass Record Number: " + row): null

2023-01-13 18:19:59 - [TEST_STEP][PASSED] - resText = "Pass": null

2023-01-13 18:19:59 - [TEST_STEP][PASSED] - pages.WriteExcel.demoKey(resText, datText, resColumn, datCloumn, fileLoc, nameSheet, row): pages.WriteExcel.demoKey is PASSED

2023-01-13 18:20:00 - [MESSAGE][PASSED] - pages.WriteExcel.demoKey is PASSED

2023-01-13 18:20:00 - [TEST_STEP][PASSED] - sdfo = getText(findTestObject("Object Repository/Page_VLinkReceipt/pre_STX")): Text of object 'Object Repository/Page_VLinkReceipt/pre_STX' is: '<STX>LUypBAiZPKM5                                      2  Transaction failed                                20 Missing Parameter(s): card_zip                                                             <ETX>'

2023-01-13 18:20:00 - [MESSAGE][PASSED] - Text of object 'Object Repository/Page_VLinkReceipt/pre_STX' is: '<STX>LUypBAiZPKM5                                      2  Transaction failed                                20 Missing Parameter(s): card_zip                                                             <ETX>'

2023-01-13 18:20:00 - [TEST_STEP][PASSED] - out.println("sdfo: " + sdfo): null

2023-01-13 18:20:00 - [TEST_STEP][PASSED] - remID = substring(5, 35).trim(): null

2023-01-13 18:20:00 - [TEST_STEP][PASSED] - out.println("Remittance ID: " + remID): null

2023-01-13 18:20:00 - [TEST_STEP][PASSED] - traxID = substring(35, 55).trim(): null

2023-01-13 18:20:00 - [TEST_STEP][PASSED] - out.println("Transaction ID: " + traxID): null

2023-01-13 18:20:00 - [TEST_STEP][PASSED] - out.println("End Record Number: " + row): null

2023-01-13 18:20:00 - [TEST_STEP][PASSED] - closeBrowser(): Browser is closed

2023-01-13 18:20:01 - [MESSAGE][PASSED] - Browser is closed

2023-01-13 18:20:01 - [TEST_STEP][PASSED] - ExecuteTC = findTestData(dataFile).getValue("Execute", row): null

2023-01-13 18:20:01 - [TEST_STEP][PASSED] - out.println("Value of Execute is : " + ExecuteTC): null

2023-01-13 18:20:01 - [TEST_STEP][PASSED] - errorMsg = findTestData(dataFile).getValue("ErrorMsg", row): null

2023-01-13 18:20:01 - [TEST_STEP][PASSED] - if (ExecuteTC.equalsIgnoreCase("Y")): Browser is closed

2023-01-13 18:20:01 - [TEST_STEP][PASSED] - out.println("Begin Record Number: " + row): null

2023-01-13 18:20:01 - [TEST_STEP][PASSED] - today = new java.util.Date(): null

2023-01-13 18:20:01 - [TEST_STEP][PASSED] - println(today): null

2023-01-13 18:20:01 - [TEST_STEP][PASSED] - datText = today: null

2023-01-13 18:20:01 - [TEST_STEP][PASSED] - openBrowser(VLinkURL + "authcap.html"): Browser is opened with url: 'https://dev-algorithm.govolution.com/vlinktest/QA/version_2_0/authcap.html'

2023-01-13 18:20:01 - [MESSAGE][INFO] - Starting 'Chrome' driver

2023-01-13 18:20:01 - [MESSAGE][INFO] - User set preference: ['acceptInsecureCerts', 'true']

2023-01-13 18:20:01 - [MESSAGE][INFO] - Action delay is set to 0 milliseconds

2023-01-13 18:20:03 - [MESSAGE][PASSED] - Browser is opened with url: 'https://dev-algorithm.govolution.com/vlinktest/QA/version_2_0/authcap.html'

2023-01-13 18:20:03 - [TEST_STEP][PASSED] - maximizeWindow(): Current window maximized

2023-01-13 18:20:03 - [MESSAGE][PASSED] - Current window maximized

2023-01-13 18:20:03 - [TEST_STEP][PASSED] - vlinkPages.saleCCPage.setDataSCC(row, dataFile): vlinkPages.saleCCPage.setDataSCC is PASSED

2023-01-13 18:20:06 - [MESSAGE][PASSED] - Object 'Object Repository/VLink/Page_CCSale/txt_CardNumber' is present

2023-01-13 18:20:07 - [MESSAGE][PASSED] - Text '104' is set on object 'Object Repository/VLink/Page_CCSale/txt_TransactionType'

2023-01-13 18:20:08 - [MESSAGE][PASSED] - Text '2.0C' is set on object 'Object Repository/VLink/Page_CCSale/txt_MessageVersion'

2023-01-13 18:20:09 - [MESSAGE][PASSED] - Text 'KD4goZucCK4n' is set on object 'Object Repository/VLink/Page_CCSale/txt_RemID'

2023-01-13 18:20:10 - [MESSAGE][PASSED] - Text '234' is set on object 'Object Repository/VLink/Page_CCSale/txt_ApplicationId'

2023-01-13 18:20:11 - [MESSAGE][PASSED] - Text 'username' is set on object 'Object Repository/VLink/Page_CCSale/txt_Username'

2023-01-13 18:20:12 - [MESSAGE][PASSED] - Text 'password' is set on object 'Object Repository/VLink/Page_CCSale/txt_Password'

2023-01-13 18:20:13 - [MESSAGE][PASSED] - Text 'fixed_width' is set on object 'Object Repository/VLink/Page_CCSale/txt_ResponseFormat'

2023-01-13 18:20:14 - [MESSAGE][PASSED] - Text 'MOTO' is set on object 'Object Repository/VLink/Page_CCSale/txt_Category'

2023-01-13 18:20:14 - [MESSAGE][PASSED] - Text '' is set on object 'Object Repository/VLink/Page_CCSale/txt_TransactionID'

2023-01-13 18:20:15 - [MESSAGE][PASSED] - Text '' is set on object 'Object Repository/VLink/Page_CCSale/txt_ApprovalCode'

2023-01-13 18:20:16 - [MESSAGE][PASSED] - Text 'Kris Roshan' is set on object 'Object Repository/VLink/Page_CCSale/txt_CardName'

2023-01-13 18:20:17 - [MESSAGE][PASSED] - Text '258 Elm Road' is set on object 'Object Repository/VLink/Page_CCSale/txt_AL1'

2023-01-13 18:20:18 - [MESSAGE][PASSED] - Text 'Suite 56' is set on object 'Object Repository/VLink/Page_CCSale/txt_AL2'

2023-01-13 18:20:19 - [MESSAGE][PASSED] - Text 'Arlington' is set on object 'Object Repository/VLink/Page_CCSale/txt_CardCity'

2023-01-13 18:20:20 - [MESSAGE][PASSED] - Text 'VA' is set on object 'Object Repository/VLink/Page_CCSale/txt_CardState'

2023-01-13 18:20:21 - [MESSAGE][PASSED] - Text '' is set on object 'Object Repository/VLink/Page_CCSale/txt_CardZIP'

2023-01-13 18:20:22 - [MESSAGE][PASSED] - Text '840' is set on object 'Object Repository/VLink/Page_CCSale/txt_CountryID'

2023-01-13 18:20:22 - [MESSAGE][PASSED] - Text '1.50' is set on object 'Object Repository/VLink/Page_CCSale/txt_Amount'

2023-01-13 18:20:23 - [MESSAGE][PASSED] - Text '4111111111111111' is set on object 'Object Repository/VLink/Page_CCSale/txt_CardNumber'

2023-01-13 18:20:24 - [MESSAGE][PASSED] - Text '12' is set on object 'Object Repository/VLink/Page_CCSale/txt_ExpMonth'

2023-01-13 18:20:25 - [MESSAGE][PASSED] - Text '2025' is set on object 'Object Repository/VLink/Page_CCSale/txt_ExpYear'

2023-01-13 18:20:26 - [MESSAGE][PASSED] - Text '' is set on object 'Object Repository/VLink/Page_CCSale/txt_CVV'

2023-01-13 18:20:26 - [MESSAGE][PASSED] - Text '' is set on object 'Object Repository/VLink/Page_CCSale/txt_CVVstate'

2023-01-13 18:20:27 - [MESSAGE][PASSED] - Text '' is set on object 'Object Repository/VLink/Page_CCSale/txt_TrackData'

2023-01-13 18:20:28 - [MESSAGE][PASSED] - Text '' is set on object 'Object Repository/VLink/Page_CCSale/txt_Track1Data'

2023-01-13 18:20:29 - [MESSAGE][PASSED] - Text '' is set on object 'Object Repository/VLink/Page_CCSale/txt_Track2Data'

2023-01-13 18:20:29 - [MESSAGE][PASSED] - Text 'manual' is set on object 'Object Repository/VLink/Page_CCSale/txt_POSEntryMode'

2023-01-13 18:20:30 - [MESSAGE][PASSED] - Text 'iahmed@govolution.com' is set on object 'Object Repository/VLink/Page_CCSale/txt_Email'

2023-01-13 18:20:31 - [MESSAGE][PASSED] - Text '2569362' is set on object 'Object Repository/VLink/Page_CCSale/txt_OrderNumber'

2023-01-13 18:20:32 - [MESSAGE][PASSED] - Text '1.15' is set on object 'Object Repository/VLink/Page_CCSale/txt_TaxAmount'

2023-01-13 18:20:32 - [MESSAGE][PASSED] - Text 'Charge Description' is set on object 'Object Repository/VLink/Page_CCSale/txt_ChargeDescription'

2023-01-13 18:20:33 - [MESSAGE][PASSED] - Text '147357' is set on object 'Object Repository/VLink/Page_CCSale/txt_CAN'

2023-01-13 18:20:34 - [MESSAGE][PASSED] - Text '1' is set on object 'Object Repository/VLink/Page_CCSale/txt_BillPaymentIndicator'

2023-01-13 18:20:35 - [MESSAGE][PASSED] - Text 'UDF Data 1' is set on object 'Object Repository/VLink/Page_CCSale/txt_UDF1'

2023-01-13 18:20:36 - [MESSAGE][PASSED] - Text 'UDF Data 2' is set on object 'Object Repository/VLink/Page_CCSale/txt_UDF2'

2023-01-13 18:20:36 - [MESSAGE][PASSED] - Text 'UDF Data 3' is set on object 'Object Repository/VLink/Page_CCSale/txt_UDF3'

2023-01-13 18:20:37 - [MESSAGE][PASSED] - Text 'UDF Data 4' is set on object 'Object Repository/VLink/Page_CCSale/txt_UDF4'

2023-01-13 18:20:38 - [MESSAGE][PASSED] - Text 'UDF Data 5' is set on object 'Object Repository/VLink/Page_CCSale/txt_UDF5'

2023-01-13 18:20:39 - [MESSAGE][PASSED] - Text 'UDF Data 6' is set on object 'Object Repository/VLink/Page_CCSale/txt_UDF6'

2023-01-13 18:20:39 - [MESSAGE][PASSED] - Text 'UDF Data 7' is set on object 'Object Repository/VLink/Page_CCSale/txt_UDF7'

2023-01-13 18:20:40 - [MESSAGE][PASSED] - Text 'UDF Data 8' is set on object 'Object Repository/VLink/Page_CCSale/txt_UDF8'

2023-01-13 18:20:41 - [MESSAGE][PASSED] - Text 'UDF Data 9' is set on object 'Object Repository/VLink/Page_CCSale/txt_UDF9'

2023-01-13 18:20:42 - [MESSAGE][PASSED] - Text 'UDF Data 10' is set on object 'Object Repository/VLink/Page_CCSale/txt_UDF10'

2023-01-13 18:20:43 - [MESSAGE][PASSED] - Object: 'Object Repository/VLink/Page_CCSale/btn_ProcessVLinkTransaction' is clicked on

2023-01-13 18:20:48 - [MESSAGE][PASSED] - vlinkPages.saleCCPage.setDataSCC is PASSED

2023-01-13 18:20:48 - [TEST_STEP][PASSED] - if (verifyTextPresent(errorMsg, true)): null

2023-01-13 18:20:48 - [MESSAGE][PASSED] - Text 'card_zip' is present on page  using regular expression

2023-01-13 18:20:48 - [TEST_STEP][PASSED] - println("Transaction Approved, no errors text is present on the Confirmation page"): null

2023-01-13 18:20:48 - [TEST_STEP][PASSED] - out.println("Pass Record Number: " + row): null

2023-01-13 18:20:48 - [TEST_STEP][PASSED] - resText = "Pass": null

2023-01-13 18:20:48 - [TEST_STEP][PASSED] - pages.WriteExcel.demoKey(resText, datText, resColumn, datCloumn, fileLoc, nameSheet, row): pages.WriteExcel.demoKey is PASSED

2023-01-13 18:20:48 - [MESSAGE][PASSED] - pages.WriteExcel.demoKey is PASSED

2023-01-13 18:20:48 - [TEST_STEP][PASSED] - sdfo = getText(findTestObject("Object Repository/Page_VLinkReceipt/pre_STX")): Text of object 'Object Repository/Page_VLinkReceipt/pre_STX' is: '<STX>KD4goZucCK4n                                      2  Transaction failed                                20 Missing Parameter(s): card_zip                                                             <ETX>'

2023-01-13 18:20:48 - [MESSAGE][PASSED] - Text of object 'Object Repository/Page_VLinkReceipt/pre_STX' is: '<STX>KD4goZucCK4n                                      2  Transaction failed                                20 Missing Parameter(s): card_zip                                                             <ETX>'

2023-01-13 18:20:48 - [TEST_STEP][PASSED] - out.println("sdfo: " + sdfo): null

2023-01-13 18:20:48 - [TEST_STEP][PASSED] - remID = substring(5, 35).trim(): null

2023-01-13 18:20:48 - [TEST_STEP][PASSED] - out.println("Remittance ID: " + remID): null

2023-01-13 18:20:48 - [TEST_STEP][PASSED] - traxID = substring(35, 55).trim(): null

2023-01-13 18:20:48 - [TEST_STEP][PASSED] - out.println("Transaction ID: " + traxID): null

2023-01-13 18:20:48 - [TEST_STEP][PASSED] - out.println("End Record Number: " + row): null

2023-01-13 18:20:48 - [TEST_STEP][PASSED] - closeBrowser(): Browser is closed

2023-01-13 18:20:49 - [MESSAGE][PASSED] - Browser is closed

2023-01-13 18:20:49 - [TEST_STEP][PASSED] - ExecuteTC = findTestData(dataFile).getValue("Execute", row): null

2023-01-13 18:20:49 - [TEST_STEP][PASSED] - out.println("Value of Execute is : " + ExecuteTC): null

2023-01-13 18:20:49 - [TEST_STEP][PASSED] - errorMsg = findTestData(dataFile).getValue("ErrorMsg", row): null

2023-01-13 18:20:49 - [TEST_STEP][PASSED] - if (ExecuteTC.equalsIgnoreCase("Y")): Browser is closed

2023-01-13 18:20:49 - [TEST_STEP][PASSED] - out.println("Begin Record Number: " + row): null

2023-01-13 18:20:49 - [TEST_STEP][PASSED] - today = new java.util.Date(): null

2023-01-13 18:20:49 - [TEST_STEP][PASSED] - println(today): null

2023-01-13 18:20:49 - [TEST_STEP][PASSED] - datText = today: null

2023-01-13 18:20:49 - [TEST_STEP][PASSED] - openBrowser(VLinkURL + "authcap.html"): Browser is opened with url: 'https://dev-algorithm.govolution.com/vlinktest/QA/version_2_0/authcap.html'

2023-01-13 18:20:50 - [MESSAGE][INFO] - Starting 'Chrome' driver

2023-01-13 18:20:50 - [MESSAGE][INFO] - User set preference: ['acceptInsecureCerts', 'true']

2023-01-13 18:20:50 - [MESSAGE][INFO] - Action delay is set to 0 milliseconds

2023-01-13 18:20:51 - [MESSAGE][PASSED] - Browser is opened with url: 'https://dev-algorithm.govolution.com/vlinktest/QA/version_2_0/authcap.html'

2023-01-13 18:20:51 - [TEST_STEP][PASSED] - maximizeWindow(): Current window maximized

2023-01-13 18:20:51 - [MESSAGE][PASSED] - Current window maximized

2023-01-13 18:20:51 - [TEST_STEP][PASSED] - vlinkPages.saleCCPage.setDataSCC(row, dataFile): vlinkPages.saleCCPage.setDataSCC is PASSED

2023-01-13 18:20:55 - [MESSAGE][PASSED] - Object 'Object Repository/VLink/Page_CCSale/txt_CardNumber' is present

2023-01-13 18:20:55 - [MESSAGE][PASSED] - Text '104' is set on object 'Object Repository/VLink/Page_CCSale/txt_TransactionType'

2023-01-13 18:20:56 - [MESSAGE][PASSED] - Text '2.0C' is set on object 'Object Repository/VLink/Page_CCSale/txt_MessageVersion'

2023-01-13 18:20:57 - [MESSAGE][PASSED] - Text 'vo680xxSsJkS' is set on object 'Object Repository/VLink/Page_CCSale/txt_RemID'

2023-01-13 18:20:58 - [MESSAGE][PASSED] - Text '234' is set on object 'Object Repository/VLink/Page_CCSale/txt_ApplicationId'

2023-01-13 18:20:59 - [MESSAGE][PASSED] - Text 'username' is set on object 'Object Repository/VLink/Page_CCSale/txt_Username'

2023-01-13 18:20:59 - [MESSAGE][PASSED] - Text 'password' is set on object 'Object Repository/VLink/Page_CCSale/txt_Password'

2023-01-13 18:21:00 - [MESSAGE][PASSED] - Text 'fixed_width' is set on object 'Object Repository/VLink/Page_CCSale/txt_ResponseFormat'

2023-01-13 18:21:01 - [MESSAGE][PASSED] - Text 'ECOM' is set on object 'Object Repository/VLink/Page_CCSale/txt_Category'

2023-01-13 18:21:02 - [MESSAGE][PASSED] - Text '' is set on object 'Object Repository/VLink/Page_CCSale/txt_TransactionID'

2023-01-13 18:21:03 - [MESSAGE][PASSED] - Text '' is set on object 'Object Repository/VLink/Page_CCSale/txt_ApprovalCode'

2023-01-13 18:21:04 - [MESSAGE][PASSED] - Text 'Kris Roshan' is set on object 'Object Repository/VLink/Page_CCSale/txt_CardName'

2023-01-13 18:21:05 - [MESSAGE][PASSED] - Text '258 Elm Road' is set on object 'Object Repository/VLink/Page_CCSale/txt_AL1'

2023-01-13 18:21:06 - [MESSAGE][PASSED] - Text 'Suite 56' is set on object 'Object Repository/VLink/Page_CCSale/txt_AL2'

2023-01-13 18:21:06 - [MESSAGE][PASSED] - Text 'Arlington' is set on object 'Object Repository/VLink/Page_CCSale/txt_CardCity'

2023-01-13 18:21:07 - [MESSAGE][PASSED] - Text 'VA' is set on object 'Object Repository/VLink/Page_CCSale/txt_CardState'

2023-01-13 18:21:08 - [MESSAGE][PASSED] - Text '22201' is set on object 'Object Repository/VLink/Page_CCSale/txt_CardZIP'

2023-01-13 18:21:09 - [MESSAGE][PASSED] - Text '840' is set on object 'Object Repository/VLink/Page_CCSale/txt_CountryID'

2023-01-13 18:21:09 - [MESSAGE][PASSED] - Text '' is set on object 'Object Repository/VLink/Page_CCSale/txt_Amount'

2023-01-13 18:21:10 - [MESSAGE][PASSED] - Text '4111111111111111' is set on object 'Object Repository/VLink/Page_CCSale/txt_CardNumber'

2023-01-13 18:21:11 - [MESSAGE][PASSED] - Text '12' is set on object 'Object Repository/VLink/Page_CCSale/txt_ExpMonth'

2023-01-13 18:21:12 - [MESSAGE][PASSED] - Text '2025' is set on object 'Object Repository/VLink/Page_CCSale/txt_ExpYear'

2023-01-13 18:21:13 - [MESSAGE][PASSED] - Text '' is set on object 'Object Repository/VLink/Page_CCSale/txt_CVV'

2023-01-13 18:21:14 - [MESSAGE][PASSED] - Text '' is set on object 'Object Repository/VLink/Page_CCSale/txt_CVVstate'

2023-01-13 18:21:14 - [MESSAGE][PASSED] - Text '' is set on object 'Object Repository/VLink/Page_CCSale/txt_TrackData'

2023-01-13 18:21:15 - [MESSAGE][PASSED] - Text '' is set on object 'Object Repository/VLink/Page_CCSale/txt_Track1Data'

2023-01-13 18:21:16 - [MESSAGE][PASSED] - Text '' is set on object 'Object Repository/VLink/Page_CCSale/txt_Track2Data'

2023-01-13 18:21:17 - [MESSAGE][PASSED] - Text 'manual' is set on object 'Object Repository/VLink/Page_CCSale/txt_POSEntryMode'

2023-01-13 18:21:18 - [MESSAGE][PASSED] - Text 'iahmed@govolution.com' is set on object 'Object Repository/VLink/Page_CCSale/txt_Email'

2023-01-13 18:21:18 - [MESSAGE][PASSED] - Text '2569362' is set on object 'Object Repository/VLink/Page_CCSale/txt_OrderNumber'

2023-01-13 18:21:19 - [MESSAGE][PASSED] - Text '1.15' is set on object 'Object Repository/VLink/Page_CCSale/txt_TaxAmount'

2023-01-13 18:21:20 - [MESSAGE][PASSED] - Text 'Charge Description' is set on object 'Object Repository/VLink/Page_CCSale/txt_ChargeDescription'

2023-01-13 18:21:21 - [MESSAGE][PASSED] - Text '147357' is set on object 'Object Repository/VLink/Page_CCSale/txt_CAN'

2023-01-13 18:21:22 - [MESSAGE][PASSED] - Text '1' is set on object 'Object Repository/VLink/Page_CCSale/txt_BillPaymentIndicator'

2023-01-13 18:21:22 - [MESSAGE][PASSED] - Text 'UDF Data 1' is set on object 'Object Repository/VLink/Page_CCSale/txt_UDF1'

2023-01-13 18:21:23 - [MESSAGE][PASSED] - Text 'UDF Data 2' is set on object 'Object Repository/VLink/Page_CCSale/txt_UDF2'

2023-01-13 18:21:24 - [MESSAGE][PASSED] - Text 'UDF Data 3' is set on object 'Object Repository/VLink/Page_CCSale/txt_UDF3'

2023-01-13 18:21:25 - [MESSAGE][PASSED] - Text 'UDF Data 4' is set on object 'Object Repository/VLink/Page_CCSale/txt_UDF4'

2023-01-13 18:21:26 - [MESSAGE][PASSED] - Text 'UDF Data 5' is set on object 'Object Repository/VLink/Page_CCSale/txt_UDF5'

2023-01-13 18:21:26 - [MESSAGE][PASSED] - Text 'UDF Data 6' is set on object 'Object Repository/VLink/Page_CCSale/txt_UDF6'

2023-01-13 18:21:27 - [MESSAGE][PASSED] - Text 'UDF Data 7' is set on object 'Object Repository/VLink/Page_CCSale/txt_UDF7'

2023-01-13 18:21:28 - [MESSAGE][PASSED] - Text 'UDF Data 8' is set on object 'Object Repository/VLink/Page_CCSale/txt_UDF8'

2023-01-13 18:21:29 - [MESSAGE][PASSED] - Text 'UDF Data 9' is set on object 'Object Repository/VLink/Page_CCSale/txt_UDF9'

2023-01-13 18:21:30 - [MESSAGE][PASSED] - Text 'UDF Data 10' is set on object 'Object Repository/VLink/Page_CCSale/txt_UDF10'

2023-01-13 18:21:30 - [MESSAGE][PASSED] - Object: 'Object Repository/VLink/Page_CCSale/btn_ProcessVLinkTransaction' is clicked on

2023-01-13 18:21:35 - [MESSAGE][PASSED] - vlinkPages.saleCCPage.setDataSCC is PASSED

2023-01-13 18:21:35 - [TEST_STEP][PASSED] - if (verifyTextPresent(errorMsg, true)): null

2023-01-13 18:21:36 - [MESSAGE][PASSED] - Text 'amount' is present on page  using regular expression

2023-01-13 18:21:36 - [TEST_STEP][PASSED] - println("Transaction Approved, no errors text is present on the Confirmation page"): null

2023-01-13 18:21:36 - [TEST_STEP][PASSED] - out.println("Pass Record Number: " + row): null

2023-01-13 18:21:36 - [TEST_STEP][PASSED] - resText = "Pass": null

2023-01-13 18:21:36 - [TEST_STEP][PASSED] - pages.WriteExcel.demoKey(resText, datText, resColumn, datCloumn, fileLoc, nameSheet, row): pages.WriteExcel.demoKey is PASSED

2023-01-13 18:21:36 - [MESSAGE][PASSED] - pages.WriteExcel.demoKey is PASSED

2023-01-13 18:21:36 - [TEST_STEP][PASSED] - sdfo = getText(findTestObject("Object Repository/Page_VLinkReceipt/pre_STX")): Text of object 'Object Repository/Page_VLinkReceipt/pre_STX' is: '<STX>vo680xxSsJkS                                      2  Transaction failed                                20 Missing Parameter(s): amount                                                               <ETX>'

2023-01-13 18:21:37 - [MESSAGE][PASSED] - Text of object 'Object Repository/Page_VLinkReceipt/pre_STX' is: '<STX>vo680xxSsJkS                                      2  Transaction failed                                20 Missing Parameter(s): amount                                                               <ETX>'

2023-01-13 18:21:37 - [TEST_STEP][PASSED] - out.println("sdfo: " + sdfo): null

2023-01-13 18:21:37 - [TEST_STEP][PASSED] - remID = substring(5, 35).trim(): null

2023-01-13 18:21:37 - [TEST_STEP][PASSED] - out.println("Remittance ID: " + remID): null

2023-01-13 18:21:37 - [TEST_STEP][PASSED] - traxID = substring(35, 55).trim(): null

2023-01-13 18:21:37 - [TEST_STEP][PASSED] - out.println("Transaction ID: " + traxID): null

2023-01-13 18:21:37 - [TEST_STEP][PASSED] - out.println("End Record Number: " + row): null

2023-01-13 18:21:37 - [TEST_STEP][PASSED] - closeBrowser(): Browser is closed

2023-01-13 18:21:38 - [MESSAGE][PASSED] - Browser is closed

2023-01-13 18:21:38 - [TEST_STEP][PASSED] - ExecuteTC = findTestData(dataFile).getValue("Execute", row): null

2023-01-13 18:21:38 - [TEST_STEP][PASSED] - out.println("Value of Execute is : " + ExecuteTC): null

2023-01-13 18:21:38 - [TEST_STEP][PASSED] - errorMsg = findTestData(dataFile).getValue("ErrorMsg", row): null

2023-01-13 18:21:38 - [TEST_STEP][PASSED] - if (ExecuteTC.equalsIgnoreCase("Y")): Browser is closed

2023-01-13 18:21:38 - [TEST_STEP][PASSED] - out.println("Begin Record Number: " + row): null

2023-01-13 18:21:38 - [TEST_STEP][PASSED] - today = new java.util.Date(): null

2023-01-13 18:21:38 - [TEST_STEP][PASSED] - println(today): null

2023-01-13 18:21:38 - [TEST_STEP][PASSED] - datText = today: null

2023-01-13 18:21:38 - [TEST_STEP][PASSED] - openBrowser(VLinkURL + "authcap.html"): Browser is opened with url: 'https://dev-algorithm.govolution.com/vlinktest/QA/version_2_0/authcap.html'

2023-01-13 18:21:38 - [MESSAGE][INFO] - Starting 'Chrome' driver

2023-01-13 18:21:38 - [MESSAGE][INFO] - User set preference: ['acceptInsecureCerts', 'true']

2023-01-13 18:21:38 - [MESSAGE][INFO] - Action delay is set to 0 milliseconds

2023-01-13 18:21:40 - [MESSAGE][PASSED] - Browser is opened with url: 'https://dev-algorithm.govolution.com/vlinktest/QA/version_2_0/authcap.html'

2023-01-13 18:21:40 - [TEST_STEP][PASSED] - maximizeWindow(): Current window maximized

2023-01-13 18:21:40 - [MESSAGE][PASSED] - Current window maximized

2023-01-13 18:21:40 - [TEST_STEP][PASSED] - vlinkPages.saleCCPage.setDataSCC(row, dataFile): vlinkPages.saleCCPage.setDataSCC is PASSED

2023-01-13 18:21:43 - [MESSAGE][PASSED] - Object 'Object Repository/VLink/Page_CCSale/txt_CardNumber' is present

2023-01-13 18:21:44 - [MESSAGE][PASSED] - Text '104' is set on object 'Object Repository/VLink/Page_CCSale/txt_TransactionType'

2023-01-13 18:21:45 - [MESSAGE][PASSED] - Text '2.0C' is set on object 'Object Repository/VLink/Page_CCSale/txt_MessageVersion'

2023-01-13 18:21:45 - [MESSAGE][PASSED] - Text '2oXcr4ZWSj4a' is set on object 'Object Repository/VLink/Page_CCSale/txt_RemID'

2023-01-13 18:21:46 - [MESSAGE][PASSED] - Text '234' is set on object 'Object Repository/VLink/Page_CCSale/txt_ApplicationId'

2023-01-13 18:21:47 - [MESSAGE][PASSED] - Text 'username' is set on object 'Object Repository/VLink/Page_CCSale/txt_Username'

2023-01-13 18:21:48 - [MESSAGE][PASSED] - Text 'password' is set on object 'Object Repository/VLink/Page_CCSale/txt_Password'

2023-01-13 18:21:49 - [MESSAGE][PASSED] - Text 'fixed_width' is set on object 'Object Repository/VLink/Page_CCSale/txt_ResponseFormat'

2023-01-13 18:21:49 - [MESSAGE][PASSED] - Text 'MOTO' is set on object 'Object Repository/VLink/Page_CCSale/txt_Category'

2023-01-13 18:21:50 - [MESSAGE][PASSED] - Text '' is set on object 'Object Repository/VLink/Page_CCSale/txt_TransactionID'

2023-01-13 18:21:51 - [MESSAGE][PASSED] - Text '' is set on object 'Object Repository/VLink/Page_CCSale/txt_ApprovalCode'

2023-01-13 18:21:52 - [MESSAGE][PASSED] - Text 'Kris Roshan' is set on object 'Object Repository/VLink/Page_CCSale/txt_CardName'

2023-01-13 18:21:53 - [MESSAGE][PASSED] - Text '258 Elm Road' is set on object 'Object Repository/VLink/Page_CCSale/txt_AL1'

2023-01-13 18:21:53 - [MESSAGE][PASSED] - Text 'Suite 56' is set on object 'Object Repository/VLink/Page_CCSale/txt_AL2'

2023-01-13 18:21:54 - [MESSAGE][PASSED] - Text 'Arlington' is set on object 'Object Repository/VLink/Page_CCSale/txt_CardCity'

2023-01-13 18:21:55 - [MESSAGE][PASSED] - Text 'VA' is set on object 'Object Repository/VLink/Page_CCSale/txt_CardState'

2023-01-13 18:21:56 - [MESSAGE][PASSED] - Text '22201' is set on object 'Object Repository/VLink/Page_CCSale/txt_CardZIP'

2023-01-13 18:21:57 - [MESSAGE][PASSED] - Text '840' is set on object 'Object Repository/VLink/Page_CCSale/txt_CountryID'

2023-01-13 18:21:58 - [MESSAGE][PASSED] - Text '' is set on object 'Object Repository/VLink/Page_CCSale/txt_Amount'

2023-01-13 18:21:58 - [MESSAGE][PASSED] - Text '4111111111111111' is set on object 'Object Repository/VLink/Page_CCSale/txt_CardNumber'

2023-01-13 18:21:59 - [MESSAGE][PASSED] - Text '12' is set on object 'Object Repository/VLink/Page_CCSale/txt_ExpMonth'

2023-01-13 18:22:00 - [MESSAGE][PASSED] - Text '2025' is set on object 'Object Repository/VLink/Page_CCSale/txt_ExpYear'

2023-01-13 18:22:01 - [MESSAGE][PASSED] - Text '' is set on object 'Object Repository/VLink/Page_CCSale/txt_CVV'

2023-01-13 18:22:02 - [MESSAGE][PASSED] - Text '' is set on object 'Object Repository/VLink/Page_CCSale/txt_CVVstate'

2023-01-13 18:22:03 - [MESSAGE][PASSED] - Text '' is set on object 'Object Repository/VLink/Page_CCSale/txt_TrackData'

2023-01-13 18:22:03 - [MESSAGE][PASSED] - Text '' is set on object 'Object Repository/VLink/Page_CCSale/txt_Track1Data'

2023-01-13 18:22:04 - [MESSAGE][PASSED] - Text '' is set on object 'Object Repository/VLink/Page_CCSale/txt_Track2Data'

2023-01-13 18:22:05 - [MESSAGE][PASSED] - Text 'manual' is set on object 'Object Repository/VLink/Page_CCSale/txt_POSEntryMode'

2023-01-13 18:22:06 - [MESSAGE][PASSED] - Text 'iahmed@govolution.com' is set on object 'Object Repository/VLink/Page_CCSale/txt_Email'

2023-01-13 18:22:06 - [MESSAGE][PASSED] - Text '2569362' is set on object 'Object Repository/VLink/Page_CCSale/txt_OrderNumber'

2023-01-13 18:22:07 - [MESSAGE][PASSED] - Text '1.15' is set on object 'Object Repository/VLink/Page_CCSale/txt_TaxAmount'

2023-01-13 18:22:08 - [MESSAGE][PASSED] - Text 'Charge Description' is set on object 'Object Repository/VLink/Page_CCSale/txt_ChargeDescription'

2023-01-13 18:22:09 - [MESSAGE][PASSED] - Text '147357' is set on object 'Object Repository/VLink/Page_CCSale/txt_CAN'

2023-01-13 18:22:09 - [MESSAGE][PASSED] - Text '1' is set on object 'Object Repository/VLink/Page_CCSale/txt_BillPaymentIndicator'

2023-01-13 18:22:10 - [MESSAGE][PASSED] - Text 'UDF Data 1' is set on object 'Object Repository/VLink/Page_CCSale/txt_UDF1'

2023-01-13 18:22:11 - [MESSAGE][PASSED] - Text 'UDF Data 2' is set on object 'Object Repository/VLink/Page_CCSale/txt_UDF2'

2023-01-13 18:22:12 - [MESSAGE][PASSED] - Text 'UDF Data 3' is set on object 'Object Repository/VLink/Page_CCSale/txt_UDF3'

2023-01-13 18:22:13 - [MESSAGE][PASSED] - Text 'UDF Data 4' is set on object 'Object Repository/VLink/Page_CCSale/txt_UDF4'

2023-01-13 18:22:13 - [MESSAGE][PASSED] - Text 'UDF Data 5' is set on object 'Object Repository/VLink/Page_CCSale/txt_UDF5'

2023-01-13 18:22:14 - [MESSAGE][PASSED] - Text 'UDF Data 6' is set on object 'Object Repository/VLink/Page_CCSale/txt_UDF6'

2023-01-13 18:22:15 - [MESSAGE][PASSED] - Text 'UDF Data 7' is set on object 'Object Repository/VLink/Page_CCSale/txt_UDF7'

2023-01-13 18:22:16 - [MESSAGE][PASSED] - Text 'UDF Data 8' is set on object 'Object Repository/VLink/Page_CCSale/txt_UDF8'

2023-01-13 18:22:17 - [MESSAGE][PASSED] - Text 'UDF Data 9' is set on object 'Object Repository/VLink/Page_CCSale/txt_UDF9'

2023-01-13 18:22:17 - [MESSAGE][PASSED] - Text 'UDF Data 10' is set on object 'Object Repository/VLink/Page_CCSale/txt_UDF10'

2023-01-13 18:22:18 - [MESSAGE][PASSED] - Object: 'Object Repository/VLink/Page_CCSale/btn_ProcessVLinkTransaction' is clicked on

2023-01-13 18:22:23 - [MESSAGE][PASSED] - vlinkPages.saleCCPage.setDataSCC is PASSED

2023-01-13 18:22:23 - [TEST_STEP][PASSED] - if (verifyTextPresent(errorMsg, true)): null

2023-01-13 18:22:23 - [MESSAGE][PASSED] - Text 'amount' is present on page  using regular expression

2023-01-13 18:22:23 - [TEST_STEP][PASSED] - println("Transaction Approved, no errors text is present on the Confirmation page"): null

2023-01-13 18:22:23 - [TEST_STEP][PASSED] - out.println("Pass Record Number: " + row): null

2023-01-13 18:22:23 - [TEST_STEP][PASSED] - resText = "Pass": null

2023-01-13 18:22:23 - [TEST_STEP][PASSED] - pages.WriteExcel.demoKey(resText, datText, resColumn, datCloumn, fileLoc, nameSheet, row): pages.WriteExcel.demoKey is PASSED

2023-01-13 18:22:24 - [MESSAGE][PASSED] - pages.WriteExcel.demoKey is PASSED

2023-01-13 18:22:24 - [TEST_STEP][PASSED] - sdfo = getText(findTestObject("Object Repository/Page_VLinkReceipt/pre_STX")): Text of object 'Object Repository/Page_VLinkReceipt/pre_STX' is: '<STX>2oXcr4ZWSj4a                                      2  Transaction failed                                20 Missing Parameter(s): amount                                                               <ETX>'

2023-01-13 18:22:24 - [MESSAGE][PASSED] - Text of object 'Object Repository/Page_VLinkReceipt/pre_STX' is: '<STX>2oXcr4ZWSj4a                                      2  Transaction failed                                20 Missing Parameter(s): amount                                                               <ETX>'

2023-01-13 18:22:24 - [TEST_STEP][PASSED] - out.println("sdfo: " + sdfo): null

2023-01-13 18:22:24 - [TEST_STEP][PASSED] - remID = substring(5, 35).trim(): null

2023-01-13 18:22:24 - [TEST_STEP][PASSED] - out.println("Remittance ID: " + remID): null

2023-01-13 18:22:24 - [TEST_STEP][PASSED] - traxID = substring(35, 55).trim(): null

2023-01-13 18:22:24 - [TEST_STEP][PASSED] - out.println("Transaction ID: " + traxID): null

2023-01-13 18:22:24 - [TEST_STEP][PASSED] - out.println("End Record Number: " + row): null

2023-01-13 18:22:24 - [TEST_STEP][PASSED] - closeBrowser(): Browser is closed

2023-01-13 18:22:25 - [MESSAGE][PASSED] - Browser is closed

2023-01-13 18:22:25 - [TEST_STEP][PASSED] - ExecuteTC = findTestData(dataFile).getValue("Execute", row): null

2023-01-13 18:22:25 - [TEST_STEP][PASSED] - out.println("Value of Execute is : " + ExecuteTC): null

2023-01-13 18:22:25 - [TEST_STEP][PASSED] - errorMsg = findTestData(dataFile).getValue("ErrorMsg", row): null

2023-01-13 18:22:25 - [TEST_STEP][PASSED] - if (ExecuteTC.equalsIgnoreCase("Y")): Browser is closed

2023-01-13 18:22:25 - [TEST_STEP][PASSED] - out.println("Begin Record Number: " + row): null

2023-01-13 18:22:25 - [TEST_STEP][PASSED] - today = new java.util.Date(): null

2023-01-13 18:22:25 - [TEST_STEP][PASSED] - println(today): null

2023-01-13 18:22:25 - [TEST_STEP][PASSED] - datText = today: null

2023-01-13 18:22:25 - [TEST_STEP][PASSED] - openBrowser(VLinkURL + "authcap.html"): Browser is opened with url: 'https://dev-algorithm.govolution.com/vlinktest/QA/version_2_0/authcap.html'

2023-01-13 18:22:25 - [MESSAGE][INFO] - Starting 'Chrome' driver

2023-01-13 18:22:25 - [MESSAGE][INFO] - User set preference: ['acceptInsecureCerts', 'true']

2023-01-13 18:22:25 - [MESSAGE][INFO] - Action delay is set to 0 milliseconds

2023-01-13 18:22:27 - [MESSAGE][PASSED] - Browser is opened with url: 'https://dev-algorithm.govolution.com/vlinktest/QA/version_2_0/authcap.html'

2023-01-13 18:22:27 - [TEST_STEP][PASSED] - maximizeWindow(): Current window maximized

2023-01-13 18:22:27 - [MESSAGE][PASSED] - Current window maximized

2023-01-13 18:22:27 - [TEST_STEP][PASSED] - vlinkPages.saleCCPage.setDataSCC(row, dataFile): vlinkPages.saleCCPage.setDataSCC is PASSED

2023-01-13 18:22:30 - [MESSAGE][PASSED] - Object 'Object Repository/VLink/Page_CCSale/txt_CardNumber' is present

2023-01-13 18:22:31 - [MESSAGE][PASSED] - Text '104' is set on object 'Object Repository/VLink/Page_CCSale/txt_TransactionType'

2023-01-13 18:22:32 - [MESSAGE][PASSED] - Text '2.0C' is set on object 'Object Repository/VLink/Page_CCSale/txt_MessageVersion'

2023-01-13 18:22:33 - [MESSAGE][PASSED] - Text 'cJ1XTTD1F6xf' is set on object 'Object Repository/VLink/Page_CCSale/txt_RemID'

2023-01-13 18:22:34 - [MESSAGE][PASSED] - Text '234' is set on object 'Object Repository/VLink/Page_CCSale/txt_ApplicationId'

2023-01-13 18:22:35 - [MESSAGE][PASSED] - Text 'username' is set on object 'Object Repository/VLink/Page_CCSale/txt_Username'

2023-01-13 18:22:36 - [MESSAGE][PASSED] - Text 'password' is set on object 'Object Repository/VLink/Page_CCSale/txt_Password'

2023-01-13 18:22:37 - [MESSAGE][PASSED] - Text 'fixed_width' is set on object 'Object Repository/VLink/Page_CCSale/txt_ResponseFormat'

2023-01-13 18:22:37 - [MESSAGE][PASSED] - Text 'RETL' is set on object 'Object Repository/VLink/Page_CCSale/txt_Category'

2023-01-13 18:22:38 - [MESSAGE][PASSED] - Text '' is set on object 'Object Repository/VLink/Page_CCSale/txt_TransactionID'

2023-01-13 18:22:39 - [MESSAGE][PASSED] - Text '' is set on object 'Object Repository/VLink/Page_CCSale/txt_ApprovalCode'

2023-01-13 18:22:40 - [MESSAGE][PASSED] - Text 'Kris Roshan' is set on object 'Object Repository/VLink/Page_CCSale/txt_CardName'

2023-01-13 18:22:41 - [MESSAGE][PASSED] - Text '258 Elm Road' is set on object 'Object Repository/VLink/Page_CCSale/txt_AL1'

2023-01-13 18:22:42 - [MESSAGE][PASSED] - Text 'Suite 56' is set on object 'Object Repository/VLink/Page_CCSale/txt_AL2'

2023-01-13 18:22:43 - [MESSAGE][PASSED] - Text 'Arlington' is set on object 'Object Repository/VLink/Page_CCSale/txt_CardCity'

2023-01-13 18:22:43 - [MESSAGE][PASSED] - Text 'VA' is set on object 'Object Repository/VLink/Page_CCSale/txt_CardState'

2023-01-13 18:22:44 - [MESSAGE][PASSED] - Text '22201' is set on object 'Object Repository/VLink/Page_CCSale/txt_CardZIP'

2023-01-13 18:22:45 - [MESSAGE][PASSED] - Text '840' is set on object 'Object Repository/VLink/Page_CCSale/txt_CountryID'

2023-01-13 18:22:46 - [MESSAGE][PASSED] - Text '' is set on object 'Object Repository/VLink/Page_CCSale/txt_Amount'

2023-01-13 18:22:46 - [MESSAGE][PASSED] - Text '4111111111111111' is set on object 'Object Repository/VLink/Page_CCSale/txt_CardNumber'

2023-01-13 18:22:47 - [MESSAGE][PASSED] - Text '12' is set on object 'Object Repository/VLink/Page_CCSale/txt_ExpMonth'

2023-01-13 18:22:48 - [MESSAGE][PASSED] - Text '2025' is set on object 'Object Repository/VLink/Page_CCSale/txt_ExpYear'

2023-01-13 18:22:49 - [MESSAGE][PASSED] - Text '' is set on object 'Object Repository/VLink/Page_CCSale/txt_CVV'

2023-01-13 18:22:49 - [MESSAGE][PASSED] - Text '' is set on object 'Object Repository/VLink/Page_CCSale/txt_CVVstate'

2023-01-13 18:22:50 - [MESSAGE][PASSED] - Text '' is set on object 'Object Repository/VLink/Page_CCSale/txt_TrackData'

2023-01-13 18:22:51 - [MESSAGE][PASSED] - Text '' is set on object 'Object Repository/VLink/Page_CCSale/txt_Track1Data'

2023-01-13 18:22:52 - [MESSAGE][PASSED] - Text '' is set on object 'Object Repository/VLink/Page_CCSale/txt_Track2Data'

2023-01-13 18:22:53 - [MESSAGE][PASSED] - Text 'manual' is set on object 'Object Repository/VLink/Page_CCSale/txt_POSEntryMode'

2023-01-13 18:22:53 - [MESSAGE][PASSED] - Text 'iahmed@govolution.com' is set on object 'Object Repository/VLink/Page_CCSale/txt_Email'

2023-01-13 18:22:54 - [MESSAGE][PASSED] - Text '2569362' is set on object 'Object Repository/VLink/Page_CCSale/txt_OrderNumber'

2023-01-13 18:22:55 - [MESSAGE][PASSED] - Text '1.15' is set on object 'Object Repository/VLink/Page_CCSale/txt_TaxAmount'

2023-01-13 18:22:56 - [MESSAGE][PASSED] - Text 'Charge Description' is set on object 'Object Repository/VLink/Page_CCSale/txt_ChargeDescription'

2023-01-13 18:22:56 - [MESSAGE][PASSED] - Text '147357' is set on object 'Object Repository/VLink/Page_CCSale/txt_CAN'

2023-01-13 18:22:57 - [MESSAGE][PASSED] - Text '1' is set on object 'Object Repository/VLink/Page_CCSale/txt_BillPaymentIndicator'

2023-01-13 18:22:58 - [MESSAGE][PASSED] - Text 'UDF Data 1' is set on object 'Object Repository/VLink/Page_CCSale/txt_UDF1'

2023-01-13 18:22:59 - [MESSAGE][PASSED] - Text 'UDF Data 2' is set on object 'Object Repository/VLink/Page_CCSale/txt_UDF2'

2023-01-13 18:23:00 - [MESSAGE][PASSED] - Text 'UDF Data 3' is set on object 'Object Repository/VLink/Page_CCSale/txt_UDF3'

2023-01-13 18:23:00 - [MESSAGE][PASSED] - Text 'UDF Data 4' is set on object 'Object Repository/VLink/Page_CCSale/txt_UDF4'

2023-01-13 18:23:01 - [MESSAGE][PASSED] - Text 'UDF Data 5' is set on object 'Object Repository/VLink/Page_CCSale/txt_UDF5'

2023-01-13 18:23:02 - [MESSAGE][PASSED] - Text 'UDF Data 6' is set on object 'Object Repository/VLink/Page_CCSale/txt_UDF6'

2023-01-13 18:23:03 - [MESSAGE][PASSED] - Text 'UDF Data 7' is set on object 'Object Repository/VLink/Page_CCSale/txt_UDF7'

2023-01-13 18:23:03 - [MESSAGE][PASSED] - Text 'UDF Data 8' is set on object 'Object Repository/VLink/Page_CCSale/txt_UDF8'

2023-01-13 18:23:04 - [MESSAGE][PASSED] - Text 'UDF Data 9' is set on object 'Object Repository/VLink/Page_CCSale/txt_UDF9'

2023-01-13 18:23:05 - [MESSAGE][PASSED] - Text 'UDF Data 10' is set on object 'Object Repository/VLink/Page_CCSale/txt_UDF10'

2023-01-13 18:23:06 - [MESSAGE][PASSED] - Object: 'Object Repository/VLink/Page_CCSale/btn_ProcessVLinkTransaction' is clicked on

2023-01-13 18:23:11 - [MESSAGE][PASSED] - vlinkPages.saleCCPage.setDataSCC is PASSED

2023-01-13 18:23:11 - [TEST_STEP][PASSED] - if (verifyTextPresent(errorMsg, true)): null

2023-01-13 18:23:11 - [MESSAGE][PASSED] - Text 'amount' is present on page  using regular expression

2023-01-13 18:23:11 - [TEST_STEP][PASSED] - println("Transaction Approved, no errors text is present on the Confirmation page"): null

2023-01-13 18:23:11 - [TEST_STEP][PASSED] - out.println("Pass Record Number: " + row): null

2023-01-13 18:23:11 - [TEST_STEP][PASSED] - resText = "Pass": null

2023-01-13 18:23:11 - [TEST_STEP][PASSED] - pages.WriteExcel.demoKey(resText, datText, resColumn, datCloumn, fileLoc, nameSheet, row): pages.WriteExcel.demoKey is PASSED

2023-01-13 18:23:11 - [MESSAGE][PASSED] - pages.WriteExcel.demoKey is PASSED

2023-01-13 18:23:11 - [TEST_STEP][PASSED] - sdfo = getText(findTestObject("Object Repository/Page_VLinkReceipt/pre_STX")): Text of object 'Object Repository/Page_VLinkReceipt/pre_STX' is: '<STX>cJ1XTTD1F6xf                                      2  Transaction failed                                20 Missing Parameter(s): amount                                                               <ETX>'

2023-01-13 18:23:12 - [MESSAGE][PASSED] - Text of object 'Object Repository/Page_VLinkReceipt/pre_STX' is: '<STX>cJ1XTTD1F6xf                                      2  Transaction failed                                20 Missing Parameter(s): amount                                                               <ETX>'

2023-01-13 18:23:12 - [TEST_STEP][PASSED] - out.println("sdfo: " + sdfo): null

2023-01-13 18:23:12 - [TEST_STEP][PASSED] - remID = substring(5, 35).trim(): null

2023-01-13 18:23:12 - [TEST_STEP][PASSED] - out.println("Remittance ID: " + remID): null

2023-01-13 18:23:12 - [TEST_STEP][PASSED] - traxID = substring(35, 55).trim(): null

2023-01-13 18:23:12 - [TEST_STEP][PASSED] - out.println("Transaction ID: " + traxID): null

2023-01-13 18:23:12 - [TEST_STEP][PASSED] - out.println("End Record Number: " + row): null

2023-01-13 18:23:12 - [TEST_STEP][PASSED] - closeBrowser(): Browser is closed

2023-01-13 18:23:13 - [MESSAGE][PASSED] - Browser is closed

2023-01-13 18:23:13 - [TEST_STEP][PASSED] - ExecuteTC = findTestData(dataFile).getValue("Execute", row): null

2023-01-13 18:23:13 - [TEST_STEP][PASSED] - out.println("Value of Execute is : " + ExecuteTC): null

2023-01-13 18:23:13 - [TEST_STEP][PASSED] - errorMsg = findTestData(dataFile).getValue("ErrorMsg", row): null

2023-01-13 18:23:13 - [TEST_STEP][PASSED] - if (ExecuteTC.equalsIgnoreCase("Y")): Browser is closed

2023-01-13 18:23:13 - [TEST_STEP][PASSED] - out.println("Begin Record Number: " + row): null

2023-01-13 18:23:13 - [TEST_STEP][PASSED] - today = new java.util.Date(): null

2023-01-13 18:23:13 - [TEST_STEP][PASSED] - println(today): null

2023-01-13 18:23:13 - [TEST_STEP][PASSED] - datText = today: null

2023-01-13 18:23:13 - [TEST_STEP][PASSED] - openBrowser(VLinkURL + "authcap.html"): Browser is opened with url: 'https://dev-algorithm.govolution.com/vlinktest/QA/version_2_0/authcap.html'

2023-01-13 18:23:13 - [MESSAGE][INFO] - Starting 'Chrome' driver

2023-01-13 18:23:13 - [MESSAGE][INFO] - User set preference: ['acceptInsecureCerts', 'true']

2023-01-13 18:23:13 - [MESSAGE][INFO] - Action delay is set to 0 milliseconds

2023-01-13 18:23:15 - [MESSAGE][PASSED] - Browser is opened with url: 'https://dev-algorithm.govolution.com/vlinktest/QA/version_2_0/authcap.html'

2023-01-13 18:23:15 - [TEST_STEP][PASSED] - maximizeWindow(): Current window maximized

2023-01-13 18:23:15 - [MESSAGE][PASSED] - Current window maximized

2023-01-13 18:23:15 - [TEST_STEP][PASSED] - vlinkPages.saleCCPage.setDataSCC(row, dataFile): vlinkPages.saleCCPage.setDataSCC is PASSED

2023-01-13 18:23:18 - [MESSAGE][PASSED] - Object 'Object Repository/VLink/Page_CCSale/txt_CardNumber' is present

2023-01-13 18:23:19 - [MESSAGE][PASSED] - Text '104' is set on object 'Object Repository/VLink/Page_CCSale/txt_TransactionType'

2023-01-13 18:23:20 - [MESSAGE][PASSED] - Text '2.0C' is set on object 'Object Repository/VLink/Page_CCSale/txt_MessageVersion'

2023-01-13 18:23:21 - [MESSAGE][PASSED] - Text 'Yr20J60N0Xxh' is set on object 'Object Repository/VLink/Page_CCSale/txt_RemID'

2023-01-13 18:23:21 - [MESSAGE][PASSED] - Text '234' is set on object 'Object Repository/VLink/Page_CCSale/txt_ApplicationId'

2023-01-13 18:23:22 - [MESSAGE][PASSED] - Text 'username' is set on object 'Object Repository/VLink/Page_CCSale/txt_Username'

2023-01-13 18:23:23 - [MESSAGE][PASSED] - Text 'password' is set on object 'Object Repository/VLink/Page_CCSale/txt_Password'

2023-01-13 18:23:24 - [MESSAGE][PASSED] - Text 'fixed_width' is set on object 'Object Repository/VLink/Page_CCSale/txt_ResponseFormat'

2023-01-13 18:23:25 - [MESSAGE][PASSED] - Text 'ECOM' is set on object 'Object Repository/VLink/Page_CCSale/txt_Category'

2023-01-13 18:23:26 - [MESSAGE][PASSED] - Text '' is set on object 'Object Repository/VLink/Page_CCSale/txt_TransactionID'

2023-01-13 18:23:26 - [MESSAGE][PASSED] - Text '' is set on object 'Object Repository/VLink/Page_CCSale/txt_ApprovalCode'

2023-01-13 18:23:27 - [MESSAGE][PASSED] - Text 'Kris Roshan' is set on object 'Object Repository/VLink/Page_CCSale/txt_CardName'

2023-01-13 18:23:28 - [MESSAGE][PASSED] - Text '258 Elm Road' is set on object 'Object Repository/VLink/Page_CCSale/txt_AL1'

2023-01-13 18:23:29 - [MESSAGE][PASSED] - Text 'Suite 56' is set on object 'Object Repository/VLink/Page_CCSale/txt_AL2'

2023-01-13 18:23:30 - [MESSAGE][PASSED] - Text 'Arlington' is set on object 'Object Repository/VLink/Page_CCSale/txt_CardCity'

2023-01-13 18:23:31 - [MESSAGE][PASSED] - Text 'VA' is set on object 'Object Repository/VLink/Page_CCSale/txt_CardState'

2023-01-13 18:23:32 - [MESSAGE][PASSED] - Text '22201' is set on object 'Object Repository/VLink/Page_CCSale/txt_CardZIP'

2023-01-13 18:23:33 - [MESSAGE][PASSED] - Text '840' is set on object 'Object Repository/VLink/Page_CCSale/txt_CountryID'

2023-01-13 18:23:33 - [MESSAGE][PASSED] - Text '1.50' is set on object 'Object Repository/VLink/Page_CCSale/txt_Amount'

2023-01-13 18:23:34 - [MESSAGE][PASSED] - Text '' is set on object 'Object Repository/VLink/Page_CCSale/txt_CardNumber'

2023-01-13 18:23:35 - [MESSAGE][PASSED] - Text '12' is set on object 'Object Repository/VLink/Page_CCSale/txt_ExpMonth'

2023-01-13 18:23:36 - [MESSAGE][PASSED] - Text '2025' is set on object 'Object Repository/VLink/Page_CCSale/txt_ExpYear'

2023-01-13 18:23:36 - [MESSAGE][PASSED] - Text '' is set on object 'Object Repository/VLink/Page_CCSale/txt_CVV'

2023-01-13 18:23:37 - [MESSAGE][PASSED] - Text '' is set on object 'Object Repository/VLink/Page_CCSale/txt_CVVstate'

2023-01-13 18:23:38 - [MESSAGE][PASSED] - Text '' is set on object 'Object Repository/VLink/Page_CCSale/txt_TrackData'

2023-01-13 18:23:39 - [MESSAGE][PASSED] - Text '' is set on object 'Object Repository/VLink/Page_CCSale/txt_Track1Data'

2023-01-13 18:23:40 - [MESSAGE][PASSED] - Text '' is set on object 'Object Repository/VLink/Page_CCSale/txt_Track2Data'

2023-01-13 18:23:40 - [MESSAGE][PASSED] - Text 'manual' is set on object 'Object Repository/VLink/Page_CCSale/txt_POSEntryMode'

2023-01-13 18:23:41 - [MESSAGE][PASSED] - Text 'iahmed@govolution.com' is set on object 'Object Repository/VLink/Page_CCSale/txt_Email'

2023-01-13 18:23:42 - [MESSAGE][PASSED] - Text '2569362' is set on object 'Object Repository/VLink/Page_CCSale/txt_OrderNumber'

2023-01-13 18:23:43 - [MESSAGE][PASSED] - Text '1.15' is set on object 'Object Repository/VLink/Page_CCSale/txt_TaxAmount'

2023-01-13 18:23:44 - [MESSAGE][PASSED] - Text 'Charge Description' is set on object 'Object Repository/VLink/Page_CCSale/txt_ChargeDescription'

2023-01-13 18:23:45 - [MESSAGE][PASSED] - Text '147357' is set on object 'Object Repository/VLink/Page_CCSale/txt_CAN'

2023-01-13 18:23:45 - [MESSAGE][PASSED] - Text '1' is set on object 'Object Repository/VLink/Page_CCSale/txt_BillPaymentIndicator'

2023-01-13 18:23:46 - [MESSAGE][PASSED] - Text 'UDF Data 1' is set on object 'Object Repository/VLink/Page_CCSale/txt_UDF1'

2023-01-13 18:23:47 - [MESSAGE][PASSED] - Text 'UDF Data 2' is set on object 'Object Repository/VLink/Page_CCSale/txt_UDF2'

2023-01-13 18:23:48 - [MESSAGE][PASSED] - Text 'UDF Data 3' is set on object 'Object Repository/VLink/Page_CCSale/txt_UDF3'

2023-01-13 18:23:49 - [MESSAGE][PASSED] - Text 'UDF Data 4' is set on object 'Object Repository/VLink/Page_CCSale/txt_UDF4'

2023-01-13 18:23:49 - [MESSAGE][PASSED] - Text 'UDF Data 5' is set on object 'Object Repository/VLink/Page_CCSale/txt_UDF5'

2023-01-13 18:23:50 - [MESSAGE][PASSED] - Text 'UDF Data 6' is set on object 'Object Repository/VLink/Page_CCSale/txt_UDF6'

2023-01-13 18:23:51 - [MESSAGE][PASSED] - Text 'UDF Data 7' is set on object 'Object Repository/VLink/Page_CCSale/txt_UDF7'

2023-01-13 18:23:52 - [MESSAGE][PASSED] - Text 'UDF Data 8' is set on object 'Object Repository/VLink/Page_CCSale/txt_UDF8'

2023-01-13 18:23:52 - [MESSAGE][PASSED] - Text 'UDF Data 9' is set on object 'Object Repository/VLink/Page_CCSale/txt_UDF9'

2023-01-13 18:23:53 - [MESSAGE][PASSED] - Text 'UDF Data 10' is set on object 'Object Repository/VLink/Page_CCSale/txt_UDF10'

2023-01-13 18:23:54 - [MESSAGE][PASSED] - Object: 'Object Repository/VLink/Page_CCSale/btn_ProcessVLinkTransaction' is clicked on

2023-01-13 18:23:59 - [MESSAGE][PASSED] - vlinkPages.saleCCPage.setDataSCC is PASSED

2023-01-13 18:23:59 - [TEST_STEP][PASSED] - if (verifyTextPresent(errorMsg, true)): null

2023-01-13 18:24:00 - [MESSAGE][PASSED] - Text 'card_number' is present on page  using regular expression

2023-01-13 18:24:00 - [TEST_STEP][PASSED] - println("Transaction Approved, no errors text is present on the Confirmation page"): null

2023-01-13 18:24:00 - [TEST_STEP][PASSED] - out.println("Pass Record Number: " + row): null

2023-01-13 18:24:00 - [TEST_STEP][PASSED] - resText = "Pass": null

2023-01-13 18:24:00 - [TEST_STEP][PASSED] - pages.WriteExcel.demoKey(resText, datText, resColumn, datCloumn, fileLoc, nameSheet, row): pages.WriteExcel.demoKey is PASSED

2023-01-13 18:24:00 - [MESSAGE][PASSED] - pages.WriteExcel.demoKey is PASSED

2023-01-13 18:24:00 - [TEST_STEP][PASSED] - sdfo = getText(findTestObject("Object Repository/Page_VLinkReceipt/pre_STX")): Text of object 'Object Repository/Page_VLinkReceipt/pre_STX' is: '<STX>Yr20J60N0Xxh                                      2  Transaction failed                                20 Missing Parameter(s): card_number                                                          <ETX>'

2023-01-13 18:24:00 - [MESSAGE][PASSED] - Text of object 'Object Repository/Page_VLinkReceipt/pre_STX' is: '<STX>Yr20J60N0Xxh                                      2  Transaction failed                                20 Missing Parameter(s): card_number                                                          <ETX>'

2023-01-13 18:24:00 - [TEST_STEP][PASSED] - out.println("sdfo: " + sdfo): null

2023-01-13 18:24:00 - [TEST_STEP][PASSED] - remID = substring(5, 35).trim(): null

2023-01-13 18:24:00 - [TEST_STEP][PASSED] - out.println("Remittance ID: " + remID): null

2023-01-13 18:24:00 - [TEST_STEP][PASSED] - traxID = substring(35, 55).trim(): null

2023-01-13 18:24:00 - [TEST_STEP][PASSED] - out.println("Transaction ID: " + traxID): null

2023-01-13 18:24:00 - [TEST_STEP][PASSED] - out.println("End Record Number: " + row): null

2023-01-13 18:24:00 - [TEST_STEP][PASSED] - closeBrowser(): Browser is closed

2023-01-13 18:24:01 - [MESSAGE][PASSED] - Browser is closed

2023-01-13 18:24:01 - [TEST_STEP][PASSED] - ExecuteTC = findTestData(dataFile).getValue("Execute", row): null

2023-01-13 18:24:01 - [TEST_STEP][PASSED] - out.println("Value of Execute is : " + ExecuteTC): null

2023-01-13 18:24:01 - [TEST_STEP][PASSED] - errorMsg = findTestData(dataFile).getValue("ErrorMsg", row): null

2023-01-13 18:24:01 - [TEST_STEP][PASSED] - if (ExecuteTC.equalsIgnoreCase("Y")): Browser is closed

2023-01-13 18:24:01 - [TEST_STEP][PASSED] - out.println("Begin Record Number: " + row): null

2023-01-13 18:24:01 - [TEST_STEP][PASSED] - today = new java.util.Date(): null

2023-01-13 18:24:01 - [TEST_STEP][PASSED] - println(today): null

2023-01-13 18:24:01 - [TEST_STEP][PASSED] - datText = today: null

2023-01-13 18:24:01 - [TEST_STEP][PASSED] - openBrowser(VLinkURL + "authcap.html"): Browser is opened with url: 'https://dev-algorithm.govolution.com/vlinktest/QA/version_2_0/authcap.html'

2023-01-13 18:24:01 - [MESSAGE][INFO] - Starting 'Chrome' driver

2023-01-13 18:24:01 - [MESSAGE][INFO] - User set preference: ['acceptInsecureCerts', 'true']

2023-01-13 18:24:01 - [MESSAGE][INFO] - Action delay is set to 0 milliseconds

2023-01-13 18:24:03 - [MESSAGE][PASSED] - Browser is opened with url: 'https://dev-algorithm.govolution.com/vlinktest/QA/version_2_0/authcap.html'

2023-01-13 18:24:03 - [TEST_STEP][PASSED] - maximizeWindow(): Current window maximized

2023-01-13 18:24:03 - [MESSAGE][PASSED] - Current window maximized

2023-01-13 18:24:03 - [TEST_STEP][PASSED] - vlinkPages.saleCCPage.setDataSCC(row, dataFile): vlinkPages.saleCCPage.setDataSCC is PASSED

2023-01-13 18:24:06 - [MESSAGE][PASSED] - Object 'Object Repository/VLink/Page_CCSale/txt_CardNumber' is present

2023-01-13 18:24:07 - [MESSAGE][PASSED] - Text '104' is set on object 'Object Repository/VLink/Page_CCSale/txt_TransactionType'

2023-01-13 18:24:08 - [MESSAGE][PASSED] - Text '2.0C' is set on object 'Object Repository/VLink/Page_CCSale/txt_MessageVersion'

2023-01-13 18:24:09 - [MESSAGE][PASSED] - Text 'ShE4HDxU6FpQ' is set on object 'Object Repository/VLink/Page_CCSale/txt_RemID'

2023-01-13 18:24:10 - [MESSAGE][PASSED] - Text '234' is set on object 'Object Repository/VLink/Page_CCSale/txt_ApplicationId'

2023-01-13 18:24:11 - [MESSAGE][PASSED] - Text 'username' is set on object 'Object Repository/VLink/Page_CCSale/txt_Username'

2023-01-13 18:24:11 - [MESSAGE][PASSED] - Text 'password' is set on object 'Object Repository/VLink/Page_CCSale/txt_Password'

2023-01-13 18:24:12 - [MESSAGE][PASSED] - Text 'fixed_width' is set on object 'Object Repository/VLink/Page_CCSale/txt_ResponseFormat'

2023-01-13 18:24:13 - [MESSAGE][PASSED] - Text 'MOTO' is set on object 'Object Repository/VLink/Page_CCSale/txt_Category'

2023-01-13 18:24:14 - [MESSAGE][PASSED] - Text '' is set on object 'Object Repository/VLink/Page_CCSale/txt_TransactionID'

2023-01-13 18:24:15 - [MESSAGE][PASSED] - Text '' is set on object 'Object Repository/VLink/Page_CCSale/txt_ApprovalCode'

2023-01-13 18:24:15 - [MESSAGE][PASSED] - Text 'Kris Roshan' is set on object 'Object Repository/VLink/Page_CCSale/txt_CardName'

2023-01-13 18:24:17 - [MESSAGE][PASSED] - Text '258 Elm Road' is set on object 'Object Repository/VLink/Page_CCSale/txt_AL1'

2023-01-13 18:24:17 - [MESSAGE][PASSED] - Text 'Suite 56' is set on object 'Object Repository/VLink/Page_CCSale/txt_AL2'

2023-01-13 18:24:18 - [MESSAGE][PASSED] - Text 'Arlington' is set on object 'Object Repository/VLink/Page_CCSale/txt_CardCity'

2023-01-13 18:24:19 - [MESSAGE][PASSED] - Text 'VA' is set on object 'Object Repository/VLink/Page_CCSale/txt_CardState'

2023-01-13 18:24:20 - [MESSAGE][PASSED] - Text '22201' is set on object 'Object Repository/VLink/Page_CCSale/txt_CardZIP'

2023-01-13 18:24:21 - [MESSAGE][PASSED] - Text '840' is set on object 'Object Repository/VLink/Page_CCSale/txt_CountryID'

2023-01-13 18:24:21 - [MESSAGE][PASSED] - Text '1.50' is set on object 'Object Repository/VLink/Page_CCSale/txt_Amount'

2023-01-13 18:24:22 - [MESSAGE][PASSED] - Text '' is set on object 'Object Repository/VLink/Page_CCSale/txt_CardNumber'

2023-01-13 18:24:23 - [MESSAGE][PASSED] - Text '12' is set on object 'Object Repository/VLink/Page_CCSale/txt_ExpMonth'

2023-01-13 18:24:24 - [MESSAGE][PASSED] - Text '2025' is set on object 'Object Repository/VLink/Page_CCSale/txt_ExpYear'

2023-01-13 18:24:24 - [MESSAGE][PASSED] - Text '' is set on object 'Object Repository/VLink/Page_CCSale/txt_CVV'

2023-01-13 18:24:25 - [MESSAGE][PASSED] - Text '' is set on object 'Object Repository/VLink/Page_CCSale/txt_CVVstate'

2023-01-13 18:24:26 - [MESSAGE][PASSED] - Text '' is set on object 'Object Repository/VLink/Page_CCSale/txt_TrackData'

2023-01-13 18:24:26 - [MESSAGE][PASSED] - Text '' is set on object 'Object Repository/VLink/Page_CCSale/txt_Track1Data'

2023-01-13 18:24:27 - [MESSAGE][PASSED] - Text '' is set on object 'Object Repository/VLink/Page_CCSale/txt_Track2Data'

2023-01-13 18:24:28 - [MESSAGE][PASSED] - Text 'manual' is set on object 'Object Repository/VLink/Page_CCSale/txt_POSEntryMode'

2023-01-13 18:24:28 - [MESSAGE][PASSED] - Text 'iahmed@govolution.com' is set on object 'Object Repository/VLink/Page_CCSale/txt_Email'

2023-01-13 18:24:29 - [MESSAGE][PASSED] - Text '2569362' is set on object 'Object Repository/VLink/Page_CCSale/txt_OrderNumber'

2023-01-13 18:24:30 - [MESSAGE][PASSED] - Text '1.15' is set on object 'Object Repository/VLink/Page_CCSale/txt_TaxAmount'

2023-01-13 18:24:31 - [MESSAGE][PASSED] - Text 'Charge Description' is set on object 'Object Repository/VLink/Page_CCSale/txt_ChargeDescription'

2023-01-13 18:24:32 - [MESSAGE][PASSED] - Text '147357' is set on object 'Object Repository/VLink/Page_CCSale/txt_CAN'

2023-01-13 18:24:32 - [MESSAGE][PASSED] - Text '1' is set on object 'Object Repository/VLink/Page_CCSale/txt_BillPaymentIndicator'

2023-01-13 18:24:33 - [MESSAGE][PASSED] - Text 'UDF Data 1' is set on object 'Object Repository/VLink/Page_CCSale/txt_UDF1'

2023-01-13 18:24:34 - [MESSAGE][PASSED] - Text 'UDF Data 2' is set on object 'Object Repository/VLink/Page_CCSale/txt_UDF2'

2023-01-13 18:24:35 - [MESSAGE][PASSED] - Text 'UDF Data 3' is set on object 'Object Repository/VLink/Page_CCSale/txt_UDF3'

2023-01-13 18:24:36 - [MESSAGE][PASSED] - Text 'UDF Data 4' is set on object 'Object Repository/VLink/Page_CCSale/txt_UDF4'

2023-01-13 18:24:36 - [MESSAGE][PASSED] - Text 'UDF Data 5' is set on object 'Object Repository/VLink/Page_CCSale/txt_UDF5'

2023-01-13 18:24:37 - [MESSAGE][PASSED] - Text 'UDF Data 6' is set on object 'Object Repository/VLink/Page_CCSale/txt_UDF6'

2023-01-13 18:24:38 - [MESSAGE][PASSED] - Text 'UDF Data 7' is set on object 'Object Repository/VLink/Page_CCSale/txt_UDF7'

2023-01-13 18:24:38 - [MESSAGE][PASSED] - Text 'UDF Data 8' is set on object 'Object Repository/VLink/Page_CCSale/txt_UDF8'

2023-01-13 18:24:39 - [MESSAGE][PASSED] - Text 'UDF Data 9' is set on object 'Object Repository/VLink/Page_CCSale/txt_UDF9'

2023-01-13 18:24:40 - [MESSAGE][PASSED] - Text 'UDF Data 10' is set on object 'Object Repository/VLink/Page_CCSale/txt_UDF10'

2023-01-13 18:24:41 - [MESSAGE][PASSED] - Object: 'Object Repository/VLink/Page_CCSale/btn_ProcessVLinkTransaction' is clicked on

2023-01-13 18:24:46 - [MESSAGE][PASSED] - vlinkPages.saleCCPage.setDataSCC is PASSED

2023-01-13 18:24:46 - [TEST_STEP][PASSED] - if (verifyTextPresent(errorMsg, true)): null

2023-01-13 18:24:46 - [MESSAGE][PASSED] - Text 'card_number' is present on page  using regular expression

2023-01-13 18:24:46 - [TEST_STEP][PASSED] - println("Transaction Approved, no errors text is present on the Confirmation page"): null

2023-01-13 18:24:46 - [TEST_STEP][PASSED] - out.println("Pass Record Number: " + row): null

2023-01-13 18:24:46 - [TEST_STEP][PASSED] - resText = "Pass": null

2023-01-13 18:24:46 - [TEST_STEP][PASSED] - pages.WriteExcel.demoKey(resText, datText, resColumn, datCloumn, fileLoc, nameSheet, row): pages.WriteExcel.demoKey is PASSED

2023-01-13 18:24:46 - [MESSAGE][PASSED] - pages.WriteExcel.demoKey is PASSED

2023-01-13 18:24:46 - [TEST_STEP][PASSED] - sdfo = getText(findTestObject("Object Repository/Page_VLinkReceipt/pre_STX")): Text of object 'Object Repository/Page_VLinkReceipt/pre_STX' is: '<STX>ShE4HDxU6FpQ                                      2  Transaction failed                                20 Missing Parameter(s): card_number                                                          <ETX>'

2023-01-13 18:24:47 - [MESSAGE][PASSED] - Text of object 'Object Repository/Page_VLinkReceipt/pre_STX' is: '<STX>ShE4HDxU6FpQ                                      2  Transaction failed                                20 Missing Parameter(s): card_number                                                          <ETX>'

2023-01-13 18:24:47 - [TEST_STEP][PASSED] - out.println("sdfo: " + sdfo): null

2023-01-13 18:24:47 - [TEST_STEP][PASSED] - remID = substring(5, 35).trim(): null

2023-01-13 18:24:47 - [TEST_STEP][PASSED] - out.println("Remittance ID: " + remID): null

2023-01-13 18:24:47 - [TEST_STEP][PASSED] - traxID = substring(35, 55).trim(): null

2023-01-13 18:24:47 - [TEST_STEP][PASSED] - out.println("Transaction ID: " + traxID): null

2023-01-13 18:24:47 - [TEST_STEP][PASSED] - out.println("End Record Number: " + row): null

2023-01-13 18:24:47 - [TEST_STEP][PASSED] - closeBrowser(): Browser is closed

2023-01-13 18:24:48 - [MESSAGE][PASSED] - Browser is closed

2023-01-13 18:24:48 - [TEST_STEP][PASSED] - ExecuteTC = findTestData(dataFile).getValue("Execute", row): null

2023-01-13 18:24:48 - [TEST_STEP][PASSED] - out.println("Value of Execute is : " + ExecuteTC): null

2023-01-13 18:24:48 - [TEST_STEP][PASSED] - errorMsg = findTestData(dataFile).getValue("ErrorMsg", row): null

2023-01-13 18:24:48 - [TEST_STEP][PASSED] - if (ExecuteTC.equalsIgnoreCase("Y")): Browser is closed

2023-01-13 18:24:48 - [TEST_STEP][PASSED] - out.println("Begin Record Number: " + row): null

2023-01-13 18:24:48 - [TEST_STEP][PASSED] - today = new java.util.Date(): null

2023-01-13 18:24:48 - [TEST_STEP][PASSED] - println(today): null

2023-01-13 18:24:48 - [TEST_STEP][PASSED] - datText = today: null

2023-01-13 18:24:48 - [TEST_STEP][PASSED] - openBrowser(VLinkURL + "authcap.html"): Browser is opened with url: 'https://dev-algorithm.govolution.com/vlinktest/QA/version_2_0/authcap.html'

2023-01-13 18:24:48 - [MESSAGE][INFO] - Starting 'Chrome' driver

2023-01-13 18:24:48 - [MESSAGE][INFO] - User set preference: ['acceptInsecureCerts', 'true']

2023-01-13 18:24:48 - [MESSAGE][INFO] - Action delay is set to 0 milliseconds

2023-01-13 18:24:50 - [MESSAGE][PASSED] - Browser is opened with url: 'https://dev-algorithm.govolution.com/vlinktest/QA/version_2_0/authcap.html'

2023-01-13 18:24:50 - [TEST_STEP][PASSED] - maximizeWindow(): Current window maximized

2023-01-13 18:24:50 - [MESSAGE][PASSED] - Current window maximized

2023-01-13 18:24:50 - [TEST_STEP][PASSED] - vlinkPages.saleCCPage.setDataSCC(row, dataFile): vlinkPages.saleCCPage.setDataSCC is PASSED

2023-01-13 18:24:53 - [MESSAGE][PASSED] - Object 'Object Repository/VLink/Page_CCSale/txt_CardNumber' is present

2023-01-13 18:24:54 - [MESSAGE][PASSED] - Text '104' is set on object 'Object Repository/VLink/Page_CCSale/txt_TransactionType'

2023-01-13 18:24:55 - [MESSAGE][PASSED] - Text '2.0C' is set on object 'Object Repository/VLink/Page_CCSale/txt_MessageVersion'

2023-01-13 18:24:56 - [MESSAGE][PASSED] - Text 'PfzluIPzvUBx' is set on object 'Object Repository/VLink/Page_CCSale/txt_RemID'

2023-01-13 18:24:56 - [MESSAGE][PASSED] - Text '234' is set on object 'Object Repository/VLink/Page_CCSale/txt_ApplicationId'

2023-01-13 18:24:57 - [MESSAGE][PASSED] - Text 'username' is set on object 'Object Repository/VLink/Page_CCSale/txt_Username'

2023-01-13 18:24:59 - [MESSAGE][PASSED] - Text 'password' is set on object 'Object Repository/VLink/Page_CCSale/txt_Password'

2023-01-13 18:24:59 - [MESSAGE][PASSED] - Text 'fixed_width' is set on object 'Object Repository/VLink/Page_CCSale/txt_ResponseFormat'

2023-01-13 18:25:00 - [MESSAGE][PASSED] - Text 'RETL' is set on object 'Object Repository/VLink/Page_CCSale/txt_Category'

2023-01-13 18:25:01 - [MESSAGE][PASSED] - Text '' is set on object 'Object Repository/VLink/Page_CCSale/txt_TransactionID'

2023-01-13 18:25:01 - [MESSAGE][PASSED] - Text '' is set on object 'Object Repository/VLink/Page_CCSale/txt_ApprovalCode'

2023-01-13 18:25:02 - [MESSAGE][PASSED] - Text 'Kris Roshan' is set on object 'Object Repository/VLink/Page_CCSale/txt_CardName'

2023-01-13 18:25:03 - [MESSAGE][PASSED] - Text '258 Elm Road' is set on object 'Object Repository/VLink/Page_CCSale/txt_AL1'

2023-01-13 18:25:04 - [MESSAGE][PASSED] - Text 'Suite 56' is set on object 'Object Repository/VLink/Page_CCSale/txt_AL2'

2023-01-13 18:25:05 - [MESSAGE][PASSED] - Text 'Arlington' is set on object 'Object Repository/VLink/Page_CCSale/txt_CardCity'

2023-01-13 18:25:06 - [MESSAGE][PASSED] - Text 'VA' is set on object 'Object Repository/VLink/Page_CCSale/txt_CardState'

2023-01-13 18:25:07 - [MESSAGE][PASSED] - Text '22201' is set on object 'Object Repository/VLink/Page_CCSale/txt_CardZIP'

2023-01-13 18:25:08 - [MESSAGE][PASSED] - Text '840' is set on object 'Object Repository/VLink/Page_CCSale/txt_CountryID'

2023-01-13 18:25:08 - [MESSAGE][PASSED] - Text '1.50' is set on object 'Object Repository/VLink/Page_CCSale/txt_Amount'

2023-01-13 18:25:09 - [MESSAGE][PASSED] - Text '' is set on object 'Object Repository/VLink/Page_CCSale/txt_CardNumber'

2023-01-13 18:25:10 - [MESSAGE][PASSED] - Text '12' is set on object 'Object Repository/VLink/Page_CCSale/txt_ExpMonth'

2023-01-13 18:25:11 - [MESSAGE][PASSED] - Text '2025' is set on object 'Object Repository/VLink/Page_CCSale/txt_ExpYear'

2023-01-13 18:25:11 - [MESSAGE][PASSED] - Text '' is set on object 'Object Repository/VLink/Page_CCSale/txt_CVV'

2023-01-13 18:25:12 - [MESSAGE][PASSED] - Text '' is set on object 'Object Repository/VLink/Page_CCSale/txt_CVVstate'

2023-01-13 18:25:13 - [MESSAGE][PASSED] - Text '' is set on object 'Object Repository/VLink/Page_CCSale/txt_TrackData'

2023-01-13 18:25:14 - [MESSAGE][PASSED] - Text '' is set on object 'Object Repository/VLink/Page_CCSale/txt_Track1Data'

2023-01-13 18:25:14 - [MESSAGE][PASSED] - Text '' is set on object 'Object Repository/VLink/Page_CCSale/txt_Track2Data'

2023-01-13 18:25:15 - [MESSAGE][PASSED] - Text 'manual' is set on object 'Object Repository/VLink/Page_CCSale/txt_POSEntryMode'

2023-01-13 18:25:16 - [MESSAGE][PASSED] - Text 'iahmed@govolution.com' is set on object 'Object Repository/VLink/Page_CCSale/txt_Email'

2023-01-13 18:25:17 - [MESSAGE][PASSED] - Text '2569362' is set on object 'Object Repository/VLink/Page_CCSale/txt_OrderNumber'

2023-01-13 18:25:17 - [MESSAGE][PASSED] - Text '1.15' is set on object 'Object Repository/VLink/Page_CCSale/txt_TaxAmount'

2023-01-13 18:25:18 - [MESSAGE][PASSED] - Text 'Charge Description' is set on object 'Object Repository/VLink/Page_CCSale/txt_ChargeDescription'

2023-01-13 18:25:19 - [MESSAGE][PASSED] - Text '147357' is set on object 'Object Repository/VLink/Page_CCSale/txt_CAN'

2023-01-13 18:25:20 - [MESSAGE][PASSED] - Text '1' is set on object 'Object Repository/VLink/Page_CCSale/txt_BillPaymentIndicator'

2023-01-13 18:25:21 - [MESSAGE][PASSED] - Text 'UDF Data 1' is set on object 'Object Repository/VLink/Page_CCSale/txt_UDF1'

2023-01-13 18:25:21 - [MESSAGE][PASSED] - Text 'UDF Data 2' is set on object 'Object Repository/VLink/Page_CCSale/txt_UDF2'

2023-01-13 18:25:22 - [MESSAGE][PASSED] - Text 'UDF Data 3' is set on object 'Object Repository/VLink/Page_CCSale/txt_UDF3'

2023-01-13 18:25:23 - [MESSAGE][PASSED] - Text 'UDF Data 4' is set on object 'Object Repository/VLink/Page_CCSale/txt_UDF4'

2023-01-13 18:25:24 - [MESSAGE][PASSED] - Text 'UDF Data 5' is set on object 'Object Repository/VLink/Page_CCSale/txt_UDF5'

2023-01-13 18:25:25 - [MESSAGE][PASSED] - Text 'UDF Data 6' is set on object 'Object Repository/VLink/Page_CCSale/txt_UDF6'

2023-01-13 18:25:26 - [MESSAGE][PASSED] - Text 'UDF Data 7' is set on object 'Object Repository/VLink/Page_CCSale/txt_UDF7'

2023-01-13 18:25:27 - [MESSAGE][PASSED] - Text 'UDF Data 8' is set on object 'Object Repository/VLink/Page_CCSale/txt_UDF8'

2023-01-13 18:25:27 - [MESSAGE][PASSED] - Text 'UDF Data 9' is set on object 'Object Repository/VLink/Page_CCSale/txt_UDF9'

2023-01-13 18:25:28 - [MESSAGE][PASSED] - Text 'UDF Data 10' is set on object 'Object Repository/VLink/Page_CCSale/txt_UDF10'

2023-01-13 18:25:29 - [MESSAGE][PASSED] - Object: 'Object Repository/VLink/Page_CCSale/btn_ProcessVLinkTransaction' is clicked on

2023-01-13 18:25:34 - [MESSAGE][PASSED] - vlinkPages.saleCCPage.setDataSCC is PASSED

2023-01-13 18:25:34 - [TEST_STEP][PASSED] - if (verifyTextPresent(errorMsg, true)): null

2023-01-13 18:25:34 - [MESSAGE][PASSED] - Text 'card_number' is present on page  using regular expression

2023-01-13 18:25:34 - [TEST_STEP][PASSED] - println("Transaction Approved, no errors text is present on the Confirmation page"): null

2023-01-13 18:25:34 - [TEST_STEP][PASSED] - out.println("Pass Record Number: " + row): null

2023-01-13 18:25:34 - [TEST_STEP][PASSED] - resText = "Pass": null

2023-01-13 18:25:34 - [TEST_STEP][PASSED] - pages.WriteExcel.demoKey(resText, datText, resColumn, datCloumn, fileLoc, nameSheet, row): pages.WriteExcel.demoKey is PASSED

2023-01-13 18:25:34 - [MESSAGE][PASSED] - pages.WriteExcel.demoKey is PASSED

2023-01-13 18:25:34 - [TEST_STEP][PASSED] - sdfo = getText(findTestObject("Object Repository/Page_VLinkReceipt/pre_STX")): Text of object 'Object Repository/Page_VLinkReceipt/pre_STX' is: '<STX>PfzluIPzvUBx                                      2  Transaction failed                                20 Missing Parameter(s): card_number                                                          <ETX>'

2023-01-13 18:25:35 - [MESSAGE][PASSED] - Text of object 'Object Repository/Page_VLinkReceipt/pre_STX' is: '<STX>PfzluIPzvUBx                                      2  Transaction failed                                20 Missing Parameter(s): card_number                                                          <ETX>'

2023-01-13 18:25:35 - [TEST_STEP][PASSED] - out.println("sdfo: " + sdfo): null

2023-01-13 18:25:35 - [TEST_STEP][PASSED] - remID = substring(5, 35).trim(): null

2023-01-13 18:25:35 - [TEST_STEP][PASSED] - out.println("Remittance ID: " + remID): null

2023-01-13 18:25:35 - [TEST_STEP][PASSED] - traxID = substring(35, 55).trim(): null

2023-01-13 18:25:35 - [TEST_STEP][PASSED] - out.println("Transaction ID: " + traxID): null

2023-01-13 18:25:35 - [TEST_STEP][PASSED] - out.println("End Record Number: " + row): null

2023-01-13 18:25:35 - [TEST_STEP][PASSED] - closeBrowser(): Browser is closed

2023-01-13 18:25:36 - [MESSAGE][PASSED] - Browser is closed

2023-01-13 18:25:36 - [TEST_STEP][PASSED] - ExecuteTC = findTestData(dataFile).getValue("Execute", row): null

2023-01-13 18:25:36 - [TEST_STEP][PASSED] - out.println("Value of Execute is : " + ExecuteTC): null

2023-01-13 18:25:36 - [TEST_STEP][PASSED] - errorMsg = findTestData(dataFile).getValue("ErrorMsg", row): null

2023-01-13 18:25:36 - [TEST_STEP][PASSED] - if (ExecuteTC.equalsIgnoreCase("Y")): Browser is closed

2023-01-13 18:25:36 - [TEST_STEP][PASSED] - out.println("Begin Record Number: " + row): null

2023-01-13 18:25:36 - [TEST_STEP][PASSED] - today = new java.util.Date(): null

2023-01-13 18:25:36 - [TEST_STEP][PASSED] - println(today): null

2023-01-13 18:25:36 - [TEST_STEP][PASSED] - datText = today: null

2023-01-13 18:25:36 - [TEST_STEP][PASSED] - openBrowser(VLinkURL + "authcap.html"): Browser is opened with url: 'https://dev-algorithm.govolution.com/vlinktest/QA/version_2_0/authcap.html'

2023-01-13 18:25:36 - [MESSAGE][INFO] - Starting 'Chrome' driver

2023-01-13 18:25:36 - [MESSAGE][INFO] - User set preference: ['acceptInsecureCerts', 'true']

2023-01-13 18:25:36 - [MESSAGE][INFO] - Action delay is set to 0 milliseconds

2023-01-13 18:25:38 - [MESSAGE][PASSED] - Browser is opened with url: 'https://dev-algorithm.govolution.com/vlinktest/QA/version_2_0/authcap.html'

2023-01-13 18:25:38 - [TEST_STEP][PASSED] - maximizeWindow(): Current window maximized

2023-01-13 18:25:38 - [MESSAGE][PASSED] - Current window maximized

2023-01-13 18:25:38 - [TEST_STEP][PASSED] - vlinkPages.saleCCPage.setDataSCC(row, dataFile): vlinkPages.saleCCPage.setDataSCC is PASSED

2023-01-13 18:25:41 - [MESSAGE][PASSED] - Object 'Object Repository/VLink/Page_CCSale/txt_CardNumber' is present

2023-01-13 18:25:42 - [MESSAGE][PASSED] - Text '104' is set on object 'Object Repository/VLink/Page_CCSale/txt_TransactionType'

2023-01-13 18:25:43 - [MESSAGE][PASSED] - Text '2.0C' is set on object 'Object Repository/VLink/Page_CCSale/txt_MessageVersion'

2023-01-13 18:25:44 - [MESSAGE][PASSED] - Text 'hKKQcQh79vAO' is set on object 'Object Repository/VLink/Page_CCSale/txt_RemID'

2023-01-13 18:25:44 - [MESSAGE][PASSED] - Text '234' is set on object 'Object Repository/VLink/Page_CCSale/txt_ApplicationId'

2023-01-13 18:25:45 - [MESSAGE][PASSED] - Text 'username' is set on object 'Object Repository/VLink/Page_CCSale/txt_Username'

2023-01-13 18:25:46 - [MESSAGE][PASSED] - Text 'password' is set on object 'Object Repository/VLink/Page_CCSale/txt_Password'

2023-01-13 18:25:47 - [MESSAGE][PASSED] - Text 'fixed_width' is set on object 'Object Repository/VLink/Page_CCSale/txt_ResponseFormat'

2023-01-13 18:25:48 - [MESSAGE][PASSED] - Text 'ECOM' is set on object 'Object Repository/VLink/Page_CCSale/txt_Category'

2023-01-13 18:25:49 - [MESSAGE][PASSED] - Text '' is set on object 'Object Repository/VLink/Page_CCSale/txt_TransactionID'

2023-01-13 18:25:49 - [MESSAGE][PASSED] - Text '' is set on object 'Object Repository/VLink/Page_CCSale/txt_ApprovalCode'

2023-01-13 18:25:50 - [MESSAGE][PASSED] - Text 'Kris Roshan' is set on object 'Object Repository/VLink/Page_CCSale/txt_CardName'

2023-01-13 18:25:51 - [MESSAGE][PASSED] - Text '258 Elm Road' is set on object 'Object Repository/VLink/Page_CCSale/txt_AL1'

2023-01-13 18:25:52 - [MESSAGE][PASSED] - Text 'Suite 56' is set on object 'Object Repository/VLink/Page_CCSale/txt_AL2'

2023-01-13 18:25:53 - [MESSAGE][PASSED] - Text 'Arlington' is set on object 'Object Repository/VLink/Page_CCSale/txt_CardCity'

2023-01-13 18:25:53 - [MESSAGE][PASSED] - Text 'VA' is set on object 'Object Repository/VLink/Page_CCSale/txt_CardState'

2023-01-13 18:25:54 - [MESSAGE][PASSED] - Text '22201' is set on object 'Object Repository/VLink/Page_CCSale/txt_CardZIP'

2023-01-13 18:25:55 - [MESSAGE][PASSED] - Text '840' is set on object 'Object Repository/VLink/Page_CCSale/txt_CountryID'

2023-01-13 18:25:56 - [MESSAGE][PASSED] - Text '1.50' is set on object 'Object Repository/VLink/Page_CCSale/txt_Amount'

2023-01-13 18:25:57 - [MESSAGE][PASSED] - Text '4111111111111111' is set on object 'Object Repository/VLink/Page_CCSale/txt_CardNumber'

2023-01-13 18:25:58 - [MESSAGE][PASSED] - Text '' is set on object 'Object Repository/VLink/Page_CCSale/txt_ExpMonth'

2023-01-13 18:25:58 - [MESSAGE][PASSED] - Text '2025' is set on object 'Object Repository/VLink/Page_CCSale/txt_ExpYear'

2023-01-13 18:25:59 - [MESSAGE][PASSED] - Text '' is set on object 'Object Repository/VLink/Page_CCSale/txt_CVV'

2023-01-13 18:26:00 - [MESSAGE][PASSED] - Text '' is set on object 'Object Repository/VLink/Page_CCSale/txt_CVVstate'

2023-01-13 18:26:01 - [MESSAGE][PASSED] - Text '' is set on object 'Object Repository/VLink/Page_CCSale/txt_TrackData'

2023-01-13 18:26:01 - [MESSAGE][PASSED] - Text '' is set on object 'Object Repository/VLink/Page_CCSale/txt_Track1Data'

2023-01-13 18:26:02 - [MESSAGE][PASSED] - Text '' is set on object 'Object Repository/VLink/Page_CCSale/txt_Track2Data'

2023-01-13 18:26:03 - [MESSAGE][PASSED] - Text 'manual' is set on object 'Object Repository/VLink/Page_CCSale/txt_POSEntryMode'

2023-01-13 18:26:04 - [MESSAGE][PASSED] - Text 'iahmed@govolution.com' is set on object 'Object Repository/VLink/Page_CCSale/txt_Email'

2023-01-13 18:26:04 - [MESSAGE][PASSED] - Text '2569362' is set on object 'Object Repository/VLink/Page_CCSale/txt_OrderNumber'

2023-01-13 18:26:05 - [MESSAGE][PASSED] - Text '1.15' is set on object 'Object Repository/VLink/Page_CCSale/txt_TaxAmount'

2023-01-13 18:26:06 - [MESSAGE][PASSED] - Text 'Charge Description' is set on object 'Object Repository/VLink/Page_CCSale/txt_ChargeDescription'

2023-01-13 18:26:07 - [MESSAGE][PASSED] - Text '147357' is set on object 'Object Repository/VLink/Page_CCSale/txt_CAN'

2023-01-13 18:26:08 - [MESSAGE][PASSED] - Text '1' is set on object 'Object Repository/VLink/Page_CCSale/txt_BillPaymentIndicator'

2023-01-13 18:26:09 - [MESSAGE][PASSED] - Text 'UDF Data 1' is set on object 'Object Repository/VLink/Page_CCSale/txt_UDF1'

2023-01-13 18:26:10 - [MESSAGE][PASSED] - Text 'UDF Data 2' is set on object 'Object Repository/VLink/Page_CCSale/txt_UDF2'

2023-01-13 18:26:10 - [MESSAGE][PASSED] - Text 'UDF Data 3' is set on object 'Object Repository/VLink/Page_CCSale/txt_UDF3'

2023-01-13 18:26:11 - [MESSAGE][PASSED] - Text 'UDF Data 4' is set on object 'Object Repository/VLink/Page_CCSale/txt_UDF4'

2023-01-13 18:26:12 - [MESSAGE][PASSED] - Text 'UDF Data 5' is set on object 'Object Repository/VLink/Page_CCSale/txt_UDF5'

2023-01-13 18:26:13 - [MESSAGE][PASSED] - Text 'UDF Data 6' is set on object 'Object Repository/VLink/Page_CCSale/txt_UDF6'

2023-01-13 18:26:14 - [MESSAGE][PASSED] - Text 'UDF Data 7' is set on object 'Object Repository/VLink/Page_CCSale/txt_UDF7'

2023-01-13 18:26:14 - [MESSAGE][PASSED] - Text 'UDF Data 8' is set on object 'Object Repository/VLink/Page_CCSale/txt_UDF8'

2023-01-13 18:26:15 - [MESSAGE][PASSED] - Text 'UDF Data 9' is set on object 'Object Repository/VLink/Page_CCSale/txt_UDF9'

2023-01-13 18:26:16 - [MESSAGE][PASSED] - Text 'UDF Data 10' is set on object 'Object Repository/VLink/Page_CCSale/txt_UDF10'

2023-01-13 18:26:17 - [MESSAGE][PASSED] - Object: 'Object Repository/VLink/Page_CCSale/btn_ProcessVLinkTransaction' is clicked on

2023-01-13 18:26:22 - [MESSAGE][PASSED] - vlinkPages.saleCCPage.setDataSCC is PASSED

2023-01-13 18:26:22 - [TEST_STEP][PASSED] - if (verifyTextPresent(errorMsg, true)): null

2023-01-13 18:26:22 - [MESSAGE][PASSED] - Text 'card_exmo' is present on page  using regular expression

2023-01-13 18:26:22 - [TEST_STEP][PASSED] - println("Transaction Approved, no errors text is present on the Confirmation page"): null

2023-01-13 18:26:22 - [TEST_STEP][PASSED] - out.println("Pass Record Number: " + row): null

2023-01-13 18:26:22 - [TEST_STEP][PASSED] - resText = "Pass": null

2023-01-13 18:26:22 - [TEST_STEP][PASSED] - pages.WriteExcel.demoKey(resText, datText, resColumn, datCloumn, fileLoc, nameSheet, row): pages.WriteExcel.demoKey is PASSED

2023-01-13 18:26:22 - [MESSAGE][PASSED] - pages.WriteExcel.demoKey is PASSED

2023-01-13 18:26:22 - [TEST_STEP][PASSED] - sdfo = getText(findTestObject("Object Repository/Page_VLinkReceipt/pre_STX")): Text of object 'Object Repository/Page_VLinkReceipt/pre_STX' is: '<STX>hKKQcQh79vAO                                      2  Transaction failed                                20 Missing Parameter(s): card_exmo                                                            <ETX>'

2023-01-13 18:26:23 - [MESSAGE][PASSED] - Text of object 'Object Repository/Page_VLinkReceipt/pre_STX' is: '<STX>hKKQcQh79vAO                                      2  Transaction failed                                20 Missing Parameter(s): card_exmo                                                            <ETX>'

2023-01-13 18:26:23 - [TEST_STEP][PASSED] - out.println("sdfo: " + sdfo): null

2023-01-13 18:26:23 - [TEST_STEP][PASSED] - remID = substring(5, 35).trim(): null

2023-01-13 18:26:23 - [TEST_STEP][PASSED] - out.println("Remittance ID: " + remID): null

2023-01-13 18:26:23 - [TEST_STEP][PASSED] - traxID = substring(35, 55).trim(): null

2023-01-13 18:26:23 - [TEST_STEP][PASSED] - out.println("Transaction ID: " + traxID): null

2023-01-13 18:26:23 - [TEST_STEP][PASSED] - out.println("End Record Number: " + row): null

2023-01-13 18:26:23 - [TEST_STEP][PASSED] - closeBrowser(): Browser is closed

2023-01-13 18:26:24 - [MESSAGE][PASSED] - Browser is closed

2023-01-13 18:26:24 - [TEST_STEP][PASSED] - ExecuteTC = findTestData(dataFile).getValue("Execute", row): null

2023-01-13 18:26:24 - [TEST_STEP][PASSED] - out.println("Value of Execute is : " + ExecuteTC): null

2023-01-13 18:26:24 - [TEST_STEP][PASSED] - errorMsg = findTestData(dataFile).getValue("ErrorMsg", row): null

2023-01-13 18:26:24 - [TEST_STEP][PASSED] - if (ExecuteTC.equalsIgnoreCase("Y")): Browser is closed

2023-01-13 18:26:24 - [TEST_STEP][PASSED] - out.println("Begin Record Number: " + row): null

2023-01-13 18:26:24 - [TEST_STEP][PASSED] - today = new java.util.Date(): null

2023-01-13 18:26:24 - [TEST_STEP][PASSED] - println(today): null

2023-01-13 18:26:24 - [TEST_STEP][PASSED] - datText = today: null

2023-01-13 18:26:24 - [TEST_STEP][PASSED] - openBrowser(VLinkURL + "authcap.html"): Browser is opened with url: 'https://dev-algorithm.govolution.com/vlinktest/QA/version_2_0/authcap.html'

2023-01-13 18:26:24 - [MESSAGE][INFO] - Starting 'Chrome' driver

2023-01-13 18:26:24 - [MESSAGE][INFO] - User set preference: ['acceptInsecureCerts', 'true']

2023-01-13 18:26:24 - [MESSAGE][INFO] - Action delay is set to 0 milliseconds

2023-01-13 18:26:26 - [MESSAGE][PASSED] - Browser is opened with url: 'https://dev-algorithm.govolution.com/vlinktest/QA/version_2_0/authcap.html'

2023-01-13 18:26:26 - [TEST_STEP][PASSED] - maximizeWindow(): Current window maximized

2023-01-13 18:26:26 - [MESSAGE][PASSED] - Current window maximized

2023-01-13 18:26:26 - [TEST_STEP][PASSED] - vlinkPages.saleCCPage.setDataSCC(row, dataFile): vlinkPages.saleCCPage.setDataSCC is PASSED

2023-01-13 18:26:29 - [MESSAGE][PASSED] - Object 'Object Repository/VLink/Page_CCSale/txt_CardNumber' is present

2023-01-13 18:26:30 - [MESSAGE][PASSED] - Text '104' is set on object 'Object Repository/VLink/Page_CCSale/txt_TransactionType'

2023-01-13 18:26:31 - [MESSAGE][PASSED] - Text '2.0C' is set on object 'Object Repository/VLink/Page_CCSale/txt_MessageVersion'

2023-01-13 18:26:32 - [MESSAGE][PASSED] - Text '1NS47g0HuR1J' is set on object 'Object Repository/VLink/Page_CCSale/txt_RemID'

2023-01-13 18:26:32 - [MESSAGE][PASSED] - Text '234' is set on object 'Object Repository/VLink/Page_CCSale/txt_ApplicationId'

2023-01-13 18:26:33 - [MESSAGE][PASSED] - Text 'username' is set on object 'Object Repository/VLink/Page_CCSale/txt_Username'

2023-01-13 18:26:34 - [MESSAGE][PASSED] - Text 'password' is set on object 'Object Repository/VLink/Page_CCSale/txt_Password'

2023-01-13 18:26:35 - [MESSAGE][PASSED] - Text 'fixed_width' is set on object 'Object Repository/VLink/Page_CCSale/txt_ResponseFormat'

2023-01-13 18:26:36 - [MESSAGE][PASSED] - Text 'MOTO' is set on object 'Object Repository/VLink/Page_CCSale/txt_Category'

2023-01-13 18:26:37 - [MESSAGE][PASSED] - Text '' is set on object 'Object Repository/VLink/Page_CCSale/txt_TransactionID'

2023-01-13 18:26:37 - [MESSAGE][PASSED] - Text '' is set on object 'Object Repository/VLink/Page_CCSale/txt_ApprovalCode'

2023-01-13 18:26:38 - [MESSAGE][PASSED] - Text 'Kris Roshan' is set on object 'Object Repository/VLink/Page_CCSale/txt_CardName'

2023-01-13 18:26:39 - [MESSAGE][PASSED] - Text '258 Elm Road' is set on object 'Object Repository/VLink/Page_CCSale/txt_AL1'

2023-01-13 18:26:40 - [MESSAGE][PASSED] - Text 'Suite 56' is set on object 'Object Repository/VLink/Page_CCSale/txt_AL2'

2023-01-13 18:26:40 - [MESSAGE][PASSED] - Text 'Arlington' is set on object 'Object Repository/VLink/Page_CCSale/txt_CardCity'

2023-01-13 18:26:41 - [MESSAGE][PASSED] - Text 'VA' is set on object 'Object Repository/VLink/Page_CCSale/txt_CardState'

2023-01-13 18:26:42 - [MESSAGE][PASSED] - Text '22201' is set on object 'Object Repository/VLink/Page_CCSale/txt_CardZIP'

2023-01-13 18:26:43 - [MESSAGE][PASSED] - Text '840' is set on object 'Object Repository/VLink/Page_CCSale/txt_CountryID'

2023-01-13 18:26:44 - [MESSAGE][PASSED] - Text '1.50' is set on object 'Object Repository/VLink/Page_CCSale/txt_Amount'

2023-01-13 18:26:45 - [MESSAGE][PASSED] - Text '4111111111111111' is set on object 'Object Repository/VLink/Page_CCSale/txt_CardNumber'

2023-01-13 18:26:45 - [MESSAGE][PASSED] - Text '' is set on object 'Object Repository/VLink/Page_CCSale/txt_ExpMonth'

2023-01-13 18:26:46 - [MESSAGE][PASSED] - Text '2025' is set on object 'Object Repository/VLink/Page_CCSale/txt_ExpYear'

2023-01-13 18:26:47 - [MESSAGE][PASSED] - Text '' is set on object 'Object Repository/VLink/Page_CCSale/txt_CVV'

2023-01-13 18:26:47 - [MESSAGE][PASSED] - Text '' is set on object 'Object Repository/VLink/Page_CCSale/txt_CVVstate'

2023-01-13 18:26:48 - [MESSAGE][PASSED] - Text '' is set on object 'Object Repository/VLink/Page_CCSale/txt_TrackData'

2023-01-13 18:26:49 - [MESSAGE][PASSED] - Text '' is set on object 'Object Repository/VLink/Page_CCSale/txt_Track1Data'

2023-01-13 18:26:50 - [MESSAGE][PASSED] - Text '' is set on object 'Object Repository/VLink/Page_CCSale/txt_Track2Data'

2023-01-13 18:26:50 - [MESSAGE][PASSED] - Text 'manual' is set on object 'Object Repository/VLink/Page_CCSale/txt_POSEntryMode'

2023-01-13 18:26:51 - [MESSAGE][PASSED] - Text 'iahmed@govolution.com' is set on object 'Object Repository/VLink/Page_CCSale/txt_Email'

2023-01-13 18:26:52 - [MESSAGE][PASSED] - Text '2569362' is set on object 'Object Repository/VLink/Page_CCSale/txt_OrderNumber'

2023-01-13 18:26:53 - [MESSAGE][PASSED] - Text '1.15' is set on object 'Object Repository/VLink/Page_CCSale/txt_TaxAmount'

2023-01-13 18:26:54 - [MESSAGE][PASSED] - Text 'Charge Description' is set on object 'Object Repository/VLink/Page_CCSale/txt_ChargeDescription'

2023-01-13 18:26:54 - [MESSAGE][PASSED] - Text '147357' is set on object 'Object Repository/VLink/Page_CCSale/txt_CAN'

2023-01-13 18:26:55 - [MESSAGE][PASSED] - Text '1' is set on object 'Object Repository/VLink/Page_CCSale/txt_BillPaymentIndicator'

2023-01-13 18:26:56 - [MESSAGE][PASSED] - Text 'UDF Data 1' is set on object 'Object Repository/VLink/Page_CCSale/txt_UDF1'

2023-01-13 18:26:56 - [MESSAGE][PASSED] - Text 'UDF Data 2' is set on object 'Object Repository/VLink/Page_CCSale/txt_UDF2'

2023-01-13 18:26:57 - [MESSAGE][PASSED] - Text 'UDF Data 3' is set on object 'Object Repository/VLink/Page_CCSale/txt_UDF3'

2023-01-13 18:26:58 - [MESSAGE][PASSED] - Text 'UDF Data 4' is set on object 'Object Repository/VLink/Page_CCSale/txt_UDF4'

2023-01-13 18:26:59 - [MESSAGE][PASSED] - Text 'UDF Data 5' is set on object 'Object Repository/VLink/Page_CCSale/txt_UDF5'

2023-01-13 18:27:00 - [MESSAGE][PASSED] - Text 'UDF Data 6' is set on object 'Object Repository/VLink/Page_CCSale/txt_UDF6'

2023-01-13 18:27:01 - [MESSAGE][PASSED] - Text 'UDF Data 7' is set on object 'Object Repository/VLink/Page_CCSale/txt_UDF7'

2023-01-13 18:27:02 - [MESSAGE][PASSED] - Text 'UDF Data 8' is set on object 'Object Repository/VLink/Page_CCSale/txt_UDF8'

2023-01-13 18:27:02 - [MESSAGE][PASSED] - Text 'UDF Data 9' is set on object 'Object Repository/VLink/Page_CCSale/txt_UDF9'

2023-01-13 18:27:03 - [MESSAGE][PASSED] - Text 'UDF Data 10' is set on object 'Object Repository/VLink/Page_CCSale/txt_UDF10'

2023-01-13 18:27:04 - [MESSAGE][PASSED] - Object: 'Object Repository/VLink/Page_CCSale/btn_ProcessVLinkTransaction' is clicked on

2023-01-13 18:27:09 - [MESSAGE][PASSED] - vlinkPages.saleCCPage.setDataSCC is PASSED

2023-01-13 18:27:09 - [TEST_STEP][PASSED] - if (verifyTextPresent(errorMsg, true)): null

2023-01-13 18:27:09 - [MESSAGE][PASSED] - Text 'card_exmo' is present on page  using regular expression

2023-01-13 18:27:09 - [TEST_STEP][PASSED] - println("Transaction Approved, no errors text is present on the Confirmation page"): null

2023-01-13 18:27:09 - [TEST_STEP][PASSED] - out.println("Pass Record Number: " + row): null

2023-01-13 18:27:09 - [TEST_STEP][PASSED] - resText = "Pass": null

2023-01-13 18:27:09 - [TEST_STEP][PASSED] - pages.WriteExcel.demoKey(resText, datText, resColumn, datCloumn, fileLoc, nameSheet, row): pages.WriteExcel.demoKey is PASSED

2023-01-13 18:27:09 - [MESSAGE][PASSED] - pages.WriteExcel.demoKey is PASSED

2023-01-13 18:27:09 - [TEST_STEP][PASSED] - sdfo = getText(findTestObject("Object Repository/Page_VLinkReceipt/pre_STX")): Text of object 'Object Repository/Page_VLinkReceipt/pre_STX' is: '<STX>1NS47g0HuR1J                                      2  Transaction failed                                20 Missing Parameter(s): card_exmo                                                            <ETX>'

2023-01-13 18:27:10 - [MESSAGE][PASSED] - Text of object 'Object Repository/Page_VLinkReceipt/pre_STX' is: '<STX>1NS47g0HuR1J                                      2  Transaction failed                                20 Missing Parameter(s): card_exmo                                                            <ETX>'

2023-01-13 18:27:10 - [TEST_STEP][PASSED] - out.println("sdfo: " + sdfo): null

2023-01-13 18:27:10 - [TEST_STEP][PASSED] - remID = substring(5, 35).trim(): null

2023-01-13 18:27:10 - [TEST_STEP][PASSED] - out.println("Remittance ID: " + remID): null

2023-01-13 18:27:10 - [TEST_STEP][PASSED] - traxID = substring(35, 55).trim(): null

2023-01-13 18:27:10 - [TEST_STEP][PASSED] - out.println("Transaction ID: " + traxID): null

2023-01-13 18:27:10 - [TEST_STEP][PASSED] - out.println("End Record Number: " + row): null

2023-01-13 18:27:10 - [TEST_STEP][PASSED] - closeBrowser(): Browser is closed

2023-01-13 18:27:11 - [MESSAGE][PASSED] - Browser is closed

2023-01-13 18:27:11 - [TEST_STEP][PASSED] - ExecuteTC = findTestData(dataFile).getValue("Execute", row): null

2023-01-13 18:27:11 - [TEST_STEP][PASSED] - out.println("Value of Execute is : " + ExecuteTC): null

2023-01-13 18:27:11 - [TEST_STEP][PASSED] - errorMsg = findTestData(dataFile).getValue("ErrorMsg", row): null

2023-01-13 18:27:11 - [TEST_STEP][PASSED] - if (ExecuteTC.equalsIgnoreCase("Y")): Browser is closed

2023-01-13 18:27:11 - [TEST_STEP][PASSED] - out.println("Begin Record Number: " + row): null

2023-01-13 18:27:11 - [TEST_STEP][PASSED] - today = new java.util.Date(): null

2023-01-13 18:27:11 - [TEST_STEP][PASSED] - println(today): null

2023-01-13 18:27:11 - [TEST_STEP][PASSED] - datText = today: null

2023-01-13 18:27:11 - [TEST_STEP][PASSED] - openBrowser(VLinkURL + "authcap.html"): Browser is opened with url: 'https://dev-algorithm.govolution.com/vlinktest/QA/version_2_0/authcap.html'

2023-01-13 18:27:11 - [MESSAGE][INFO] - Starting 'Chrome' driver

2023-01-13 18:27:11 - [MESSAGE][INFO] - User set preference: ['acceptInsecureCerts', 'true']

2023-01-13 18:27:11 - [MESSAGE][INFO] - Action delay is set to 0 milliseconds

2023-01-13 18:27:13 - [MESSAGE][PASSED] - Browser is opened with url: 'https://dev-algorithm.govolution.com/vlinktest/QA/version_2_0/authcap.html'

2023-01-13 18:27:13 - [TEST_STEP][PASSED] - maximizeWindow(): Current window maximized

2023-01-13 18:27:13 - [MESSAGE][PASSED] - Current window maximized

2023-01-13 18:27:13 - [TEST_STEP][PASSED] - vlinkPages.saleCCPage.setDataSCC(row, dataFile): vlinkPages.saleCCPage.setDataSCC is PASSED

2023-01-13 18:27:16 - [MESSAGE][PASSED] - Object 'Object Repository/VLink/Page_CCSale/txt_CardNumber' is present

2023-01-13 18:27:17 - [MESSAGE][PASSED] - Text '104' is set on object 'Object Repository/VLink/Page_CCSale/txt_TransactionType'

2023-01-13 18:27:18 - [MESSAGE][PASSED] - Text '2.0C' is set on object 'Object Repository/VLink/Page_CCSale/txt_MessageVersion'

2023-01-13 18:27:19 - [MESSAGE][PASSED] - Text 'vfEoraJpJ9Sc' is set on object 'Object Repository/VLink/Page_CCSale/txt_RemID'

2023-01-13 18:27:20 - [MESSAGE][PASSED] - Text '234' is set on object 'Object Repository/VLink/Page_CCSale/txt_ApplicationId'

2023-01-13 18:27:20 - [MESSAGE][PASSED] - Text 'username' is set on object 'Object Repository/VLink/Page_CCSale/txt_Username'

2023-01-13 18:27:21 - [MESSAGE][PASSED] - Text 'password' is set on object 'Object Repository/VLink/Page_CCSale/txt_Password'

2023-01-13 18:27:22 - [MESSAGE][PASSED] - Text 'fixed_width' is set on object 'Object Repository/VLink/Page_CCSale/txt_ResponseFormat'

2023-01-13 18:27:23 - [MESSAGE][PASSED] - Text 'RETL' is set on object 'Object Repository/VLink/Page_CCSale/txt_Category'

2023-01-13 18:27:24 - [MESSAGE][PASSED] - Text '' is set on object 'Object Repository/VLink/Page_CCSale/txt_TransactionID'

2023-01-13 18:27:25 - [MESSAGE][PASSED] - Text '' is set on object 'Object Repository/VLink/Page_CCSale/txt_ApprovalCode'

2023-01-13 18:27:25 - [MESSAGE][PASSED] - Text 'Kris Roshan' is set on object 'Object Repository/VLink/Page_CCSale/txt_CardName'

2023-01-13 18:27:26 - [MESSAGE][PASSED] - Text '258 Elm Road' is set on object 'Object Repository/VLink/Page_CCSale/txt_AL1'

2023-01-13 18:27:27 - [MESSAGE][PASSED] - Text 'Suite 56' is set on object 'Object Repository/VLink/Page_CCSale/txt_AL2'

2023-01-13 18:27:28 - [MESSAGE][PASSED] - Text 'Arlington' is set on object 'Object Repository/VLink/Page_CCSale/txt_CardCity'

2023-01-13 18:27:28 - [MESSAGE][PASSED] - Text 'VA' is set on object 'Object Repository/VLink/Page_CCSale/txt_CardState'

2023-01-13 18:27:29 - [MESSAGE][PASSED] - Text '22201' is set on object 'Object Repository/VLink/Page_CCSale/txt_CardZIP'

2023-01-13 18:27:30 - [MESSAGE][PASSED] - Text '840' is set on object 'Object Repository/VLink/Page_CCSale/txt_CountryID'

2023-01-13 18:27:31 - [MESSAGE][PASSED] - Text '1.50' is set on object 'Object Repository/VLink/Page_CCSale/txt_Amount'

2023-01-13 18:27:32 - [MESSAGE][PASSED] - Text '4111111111111111' is set on object 'Object Repository/VLink/Page_CCSale/txt_CardNumber'

2023-01-13 18:27:32 - [MESSAGE][PASSED] - Text '' is set on object 'Object Repository/VLink/Page_CCSale/txt_ExpMonth'

2023-01-13 18:27:33 - [MESSAGE][PASSED] - Text '2025' is set on object 'Object Repository/VLink/Page_CCSale/txt_ExpYear'

2023-01-13 18:27:34 - [MESSAGE][PASSED] - Text '' is set on object 'Object Repository/VLink/Page_CCSale/txt_CVV'

2023-01-13 18:27:35 - [MESSAGE][PASSED] - Text '' is set on object 'Object Repository/VLink/Page_CCSale/txt_CVVstate'

2023-01-13 18:27:36 - [MESSAGE][PASSED] - Text '' is set on object 'Object Repository/VLink/Page_CCSale/txt_TrackData'

2023-01-13 18:27:37 - [MESSAGE][PASSED] - Text '' is set on object 'Object Repository/VLink/Page_CCSale/txt_Track1Data'

2023-01-13 18:27:37 - [MESSAGE][PASSED] - Text '' is set on object 'Object Repository/VLink/Page_CCSale/txt_Track2Data'

2023-01-13 18:27:38 - [MESSAGE][PASSED] - Text 'manual' is set on object 'Object Repository/VLink/Page_CCSale/txt_POSEntryMode'

2023-01-13 18:27:39 - [MESSAGE][PASSED] - Text 'iahmed@govolution.com' is set on object 'Object Repository/VLink/Page_CCSale/txt_Email'

2023-01-13 18:27:40 - [MESSAGE][PASSED] - Text '2569362' is set on object 'Object Repository/VLink/Page_CCSale/txt_OrderNumber'

2023-01-13 18:27:40 - [MESSAGE][PASSED] - Text '1.15' is set on object 'Object Repository/VLink/Page_CCSale/txt_TaxAmount'

2023-01-13 18:27:41 - [MESSAGE][PASSED] - Text 'Charge Description' is set on object 'Object Repository/VLink/Page_CCSale/txt_ChargeDescription'

2023-01-13 18:27:42 - [MESSAGE][PASSED] - Text '147357' is set on object 'Object Repository/VLink/Page_CCSale/txt_CAN'

2023-01-13 18:27:43 - [MESSAGE][PASSED] - Text '1' is set on object 'Object Repository/VLink/Page_CCSale/txt_BillPaymentIndicator'

2023-01-13 18:27:44 - [MESSAGE][PASSED] - Text 'UDF Data 1' is set on object 'Object Repository/VLink/Page_CCSale/txt_UDF1'

2023-01-13 18:27:44 - [MESSAGE][PASSED] - Text 'UDF Data 2' is set on object 'Object Repository/VLink/Page_CCSale/txt_UDF2'

2023-01-13 18:27:45 - [MESSAGE][PASSED] - Text 'UDF Data 3' is set on object 'Object Repository/VLink/Page_CCSale/txt_UDF3'

2023-01-13 18:27:46 - [MESSAGE][PASSED] - Text 'UDF Data 4' is set on object 'Object Repository/VLink/Page_CCSale/txt_UDF4'

2023-01-13 18:27:47 - [MESSAGE][PASSED] - Text 'UDF Data 5' is set on object 'Object Repository/VLink/Page_CCSale/txt_UDF5'

2023-01-13 18:27:47 - [MESSAGE][PASSED] - Text 'UDF Data 6' is set on object 'Object Repository/VLink/Page_CCSale/txt_UDF6'

2023-01-13 18:27:48 - [MESSAGE][PASSED] - Text 'UDF Data 7' is set on object 'Object Repository/VLink/Page_CCSale/txt_UDF7'

2023-01-13 18:27:49 - [MESSAGE][PASSED] - Text 'UDF Data 8' is set on object 'Object Repository/VLink/Page_CCSale/txt_UDF8'

2023-01-13 18:27:50 - [MESSAGE][PASSED] - Text 'UDF Data 9' is set on object 'Object Repository/VLink/Page_CCSale/txt_UDF9'

2023-01-13 18:27:51 - [MESSAGE][PASSED] - Text 'UDF Data 10' is set on object 'Object Repository/VLink/Page_CCSale/txt_UDF10'

2023-01-13 18:27:51 - [MESSAGE][PASSED] - Object: 'Object Repository/VLink/Page_CCSale/btn_ProcessVLinkTransaction' is clicked on

2023-01-13 18:27:56 - [MESSAGE][PASSED] - vlinkPages.saleCCPage.setDataSCC is PASSED

2023-01-13 18:27:56 - [TEST_STEP][PASSED] - if (verifyTextPresent(errorMsg, true)): null

2023-01-13 18:27:57 - [MESSAGE][PASSED] - Text 'card_exmo' is present on page  using regular expression

2023-01-13 18:27:57 - [TEST_STEP][PASSED] - println("Transaction Approved, no errors text is present on the Confirmation page"): null

2023-01-13 18:27:57 - [TEST_STEP][PASSED] - out.println("Pass Record Number: " + row): null

2023-01-13 18:27:57 - [TEST_STEP][PASSED] - resText = "Pass": null

2023-01-13 18:27:57 - [TEST_STEP][PASSED] - pages.WriteExcel.demoKey(resText, datText, resColumn, datCloumn, fileLoc, nameSheet, row): pages.WriteExcel.demoKey is PASSED

2023-01-13 18:27:57 - [MESSAGE][PASSED] - pages.WriteExcel.demoKey is PASSED

2023-01-13 18:27:57 - [TEST_STEP][PASSED] - sdfo = getText(findTestObject("Object Repository/Page_VLinkReceipt/pre_STX")): Text of object 'Object Repository/Page_VLinkReceipt/pre_STX' is: '<STX>vfEoraJpJ9Sc                                      2  Transaction failed                                20 Missing Parameter(s): card_exmo                                                            <ETX>'

2023-01-13 18:27:57 - [MESSAGE][PASSED] - Text of object 'Object Repository/Page_VLinkReceipt/pre_STX' is: '<STX>vfEoraJpJ9Sc                                      2  Transaction failed                                20 Missing Parameter(s): card_exmo                                                            <ETX>'

2023-01-13 18:27:57 - [TEST_STEP][PASSED] - out.println("sdfo: " + sdfo): null

2023-01-13 18:27:57 - [TEST_STEP][PASSED] - remID = substring(5, 35).trim(): null

2023-01-13 18:27:57 - [TEST_STEP][PASSED] - out.println("Remittance ID: " + remID): null

2023-01-13 18:27:57 - [TEST_STEP][PASSED] - traxID = substring(35, 55).trim(): null

2023-01-13 18:27:57 - [TEST_STEP][PASSED] - out.println("Transaction ID: " + traxID): null

2023-01-13 18:27:57 - [TEST_STEP][PASSED] - out.println("End Record Number: " + row): null

2023-01-13 18:27:57 - [TEST_STEP][PASSED] - closeBrowser(): Browser is closed

2023-01-13 18:27:58 - [MESSAGE][PASSED] - Browser is closed

2023-01-13 18:27:58 - [TEST_STEP][PASSED] - ExecuteTC = findTestData(dataFile).getValue("Execute", row): null

2023-01-13 18:27:58 - [TEST_STEP][PASSED] - out.println("Value of Execute is : " + ExecuteTC): null

2023-01-13 18:27:58 - [TEST_STEP][PASSED] - errorMsg = findTestData(dataFile).getValue("ErrorMsg", row): null

2023-01-13 18:27:58 - [TEST_STEP][PASSED] - if (ExecuteTC.equalsIgnoreCase("Y")): Browser is closed

2023-01-13 18:27:58 - [TEST_STEP][PASSED] - out.println("Begin Record Number: " + row): null

2023-01-13 18:27:58 - [TEST_STEP][PASSED] - today = new java.util.Date(): null

2023-01-13 18:27:58 - [TEST_STEP][PASSED] - println(today): null

2023-01-13 18:27:58 - [TEST_STEP][PASSED] - datText = today: null

2023-01-13 18:27:58 - [TEST_STEP][PASSED] - openBrowser(VLinkURL + "authcap.html"): Browser is opened with url: 'https://dev-algorithm.govolution.com/vlinktest/QA/version_2_0/authcap.html'

2023-01-13 18:27:58 - [MESSAGE][INFO] - Starting 'Chrome' driver

2023-01-13 18:27:58 - [MESSAGE][INFO] - User set preference: ['acceptInsecureCerts', 'true']

2023-01-13 18:27:58 - [MESSAGE][INFO] - Action delay is set to 0 milliseconds

2023-01-13 18:28:00 - [MESSAGE][PASSED] - Browser is opened with url: 'https://dev-algorithm.govolution.com/vlinktest/QA/version_2_0/authcap.html'

2023-01-13 18:28:00 - [TEST_STEP][PASSED] - maximizeWindow(): Current window maximized

2023-01-13 18:28:00 - [MESSAGE][PASSED] - Current window maximized

2023-01-13 18:28:00 - [TEST_STEP][PASSED] - vlinkPages.saleCCPage.setDataSCC(row, dataFile): vlinkPages.saleCCPage.setDataSCC is PASSED

2023-01-13 18:28:03 - [MESSAGE][PASSED] - Object 'Object Repository/VLink/Page_CCSale/txt_CardNumber' is present

2023-01-13 18:28:04 - [MESSAGE][PASSED] - Text '104' is set on object 'Object Repository/VLink/Page_CCSale/txt_TransactionType'

2023-01-13 18:28:05 - [MESSAGE][PASSED] - Text '2.0C' is set on object 'Object Repository/VLink/Page_CCSale/txt_MessageVersion'

2023-01-13 18:28:06 - [MESSAGE][PASSED] - Text 'ET0aDkddHwOg' is set on object 'Object Repository/VLink/Page_CCSale/txt_RemID'

2023-01-13 18:28:07 - [MESSAGE][PASSED] - Text '234' is set on object 'Object Repository/VLink/Page_CCSale/txt_ApplicationId'

2023-01-13 18:28:08 - [MESSAGE][PASSED] - Text 'username' is set on object 'Object Repository/VLink/Page_CCSale/txt_Username'

2023-01-13 18:28:08 - [MESSAGE][PASSED] - Text 'password' is set on object 'Object Repository/VLink/Page_CCSale/txt_Password'

2023-01-13 18:28:09 - [MESSAGE][PASSED] - Text 'fixed_width' is set on object 'Object Repository/VLink/Page_CCSale/txt_ResponseFormat'

2023-01-13 18:28:10 - [MESSAGE][PASSED] - Text 'ECOM' is set on object 'Object Repository/VLink/Page_CCSale/txt_Category'

2023-01-13 18:28:11 - [MESSAGE][PASSED] - Text '' is set on object 'Object Repository/VLink/Page_CCSale/txt_TransactionID'

2023-01-13 18:28:12 - [MESSAGE][PASSED] - Text '' is set on object 'Object Repository/VLink/Page_CCSale/txt_ApprovalCode'

2023-01-13 18:28:13 - [MESSAGE][PASSED] - Text 'Kris Roshan' is set on object 'Object Repository/VLink/Page_CCSale/txt_CardName'

2023-01-13 18:28:13 - [MESSAGE][PASSED] - Text '258 Elm Road' is set on object 'Object Repository/VLink/Page_CCSale/txt_AL1'

2023-01-13 18:28:14 - [MESSAGE][PASSED] - Text 'Suite 56' is set on object 'Object Repository/VLink/Page_CCSale/txt_AL2'

2023-01-13 18:28:15 - [MESSAGE][PASSED] - Text 'Arlington' is set on object 'Object Repository/VLink/Page_CCSale/txt_CardCity'

2023-01-13 18:28:16 - [MESSAGE][PASSED] - Text 'VA' is set on object 'Object Repository/VLink/Page_CCSale/txt_CardState'

2023-01-13 18:28:17 - [MESSAGE][PASSED] - Text '22201' is set on object 'Object Repository/VLink/Page_CCSale/txt_CardZIP'

2023-01-13 18:28:18 - [MESSAGE][PASSED] - Text '840' is set on object 'Object Repository/VLink/Page_CCSale/txt_CountryID'

2023-01-13 18:28:19 - [MESSAGE][PASSED] - Text '1.50' is set on object 'Object Repository/VLink/Page_CCSale/txt_Amount'

2023-01-13 18:28:20 - [MESSAGE][PASSED] - Text '4111111111111111' is set on object 'Object Repository/VLink/Page_CCSale/txt_CardNumber'

2023-01-13 18:28:20 - [MESSAGE][PASSED] - Text '12' is set on object 'Object Repository/VLink/Page_CCSale/txt_ExpMonth'

2023-01-13 18:28:21 - [MESSAGE][PASSED] - Text '' is set on object 'Object Repository/VLink/Page_CCSale/txt_ExpYear'

2023-01-13 18:28:22 - [MESSAGE][PASSED] - Text '' is set on object 'Object Repository/VLink/Page_CCSale/txt_CVV'

2023-01-13 18:28:23 - [MESSAGE][PASSED] - Text '' is set on object 'Object Repository/VLink/Page_CCSale/txt_CVVstate'

2023-01-13 18:28:24 - [MESSAGE][PASSED] - Text '' is set on object 'Object Repository/VLink/Page_CCSale/txt_TrackData'

2023-01-13 18:28:24 - [MESSAGE][PASSED] - Text '' is set on object 'Object Repository/VLink/Page_CCSale/txt_Track1Data'

2023-01-13 18:28:25 - [MESSAGE][PASSED] - Text '' is set on object 'Object Repository/VLink/Page_CCSale/txt_Track2Data'

2023-01-13 18:28:26 - [MESSAGE][PASSED] - Text 'manual' is set on object 'Object Repository/VLink/Page_CCSale/txt_POSEntryMode'

2023-01-13 18:28:27 - [MESSAGE][PASSED] - Text 'iahmed@govolution.com' is set on object 'Object Repository/VLink/Page_CCSale/txt_Email'

2023-01-13 18:28:27 - [MESSAGE][PASSED] - Text '2569362' is set on object 'Object Repository/VLink/Page_CCSale/txt_OrderNumber'

2023-01-13 18:28:28 - [MESSAGE][PASSED] - Text '1.15' is set on object 'Object Repository/VLink/Page_CCSale/txt_TaxAmount'

2023-01-13 18:28:29 - [MESSAGE][PASSED] - Text 'Charge Description' is set on object 'Object Repository/VLink/Page_CCSale/txt_ChargeDescription'

2023-01-13 18:28:30 - [MESSAGE][PASSED] - Text '147357' is set on object 'Object Repository/VLink/Page_CCSale/txt_CAN'

2023-01-13 18:28:31 - [MESSAGE][PASSED] - Text '1' is set on object 'Object Repository/VLink/Page_CCSale/txt_BillPaymentIndicator'

2023-01-13 18:28:31 - [MESSAGE][PASSED] - Text 'UDF Data 1' is set on object 'Object Repository/VLink/Page_CCSale/txt_UDF1'

2023-01-13 18:28:32 - [MESSAGE][PASSED] - Text 'UDF Data 2' is set on object 'Object Repository/VLink/Page_CCSale/txt_UDF2'

2023-01-13 18:28:33 - [MESSAGE][PASSED] - Text 'UDF Data 3' is set on object 'Object Repository/VLink/Page_CCSale/txt_UDF3'

2023-01-13 18:28:34 - [MESSAGE][PASSED] - Text 'UDF Data 4' is set on object 'Object Repository/VLink/Page_CCSale/txt_UDF4'

2023-01-13 18:28:35 - [MESSAGE][PASSED] - Text 'UDF Data 5' is set on object 'Object Repository/VLink/Page_CCSale/txt_UDF5'

2023-01-13 18:28:35 - [MESSAGE][PASSED] - Text 'UDF Data 6' is set on object 'Object Repository/VLink/Page_CCSale/txt_UDF6'

2023-01-13 18:28:36 - [MESSAGE][PASSED] - Text 'UDF Data 7' is set on object 'Object Repository/VLink/Page_CCSale/txt_UDF7'

2023-01-13 18:28:37 - [MESSAGE][PASSED] - Text 'UDF Data 8' is set on object 'Object Repository/VLink/Page_CCSale/txt_UDF8'

2023-01-13 18:28:38 - [MESSAGE][PASSED] - Text 'UDF Data 9' is set on object 'Object Repository/VLink/Page_CCSale/txt_UDF9'

2023-01-13 18:28:38 - [MESSAGE][PASSED] - Text 'UDF Data 10' is set on object 'Object Repository/VLink/Page_CCSale/txt_UDF10'

2023-01-13 18:28:39 - [MESSAGE][PASSED] - Object: 'Object Repository/VLink/Page_CCSale/btn_ProcessVLinkTransaction' is clicked on

2023-01-13 18:28:44 - [MESSAGE][PASSED] - vlinkPages.saleCCPage.setDataSCC is PASSED

2023-01-13 18:28:44 - [TEST_STEP][PASSED] - if (verifyTextPresent(errorMsg, true)): null

2023-01-13 18:28:44 - [MESSAGE][PASSED] - Text 'card_exyr' is present on page  using regular expression

2023-01-13 18:28:44 - [TEST_STEP][PASSED] - println("Transaction Approved, no errors text is present on the Confirmation page"): null

2023-01-13 18:28:44 - [TEST_STEP][PASSED] - out.println("Pass Record Number: " + row): null

2023-01-13 18:28:44 - [TEST_STEP][PASSED] - resText = "Pass": null

2023-01-13 18:28:44 - [TEST_STEP][PASSED] - pages.WriteExcel.demoKey(resText, datText, resColumn, datCloumn, fileLoc, nameSheet, row): pages.WriteExcel.demoKey is PASSED

2023-01-13 18:28:45 - [MESSAGE][PASSED] - pages.WriteExcel.demoKey is PASSED

2023-01-13 18:28:45 - [TEST_STEP][PASSED] - sdfo = getText(findTestObject("Object Repository/Page_VLinkReceipt/pre_STX")): Text of object 'Object Repository/Page_VLinkReceipt/pre_STX' is: '<STX>ET0aDkddHwOg                                      2  Transaction failed                                20 Missing Parameter(s): card_exyr                                                            <ETX>'

2023-01-13 18:28:45 - [MESSAGE][PASSED] - Text of object 'Object Repository/Page_VLinkReceipt/pre_STX' is: '<STX>ET0aDkddHwOg                                      2  Transaction failed                                20 Missing Parameter(s): card_exyr                                                            <ETX>'

2023-01-13 18:28:45 - [TEST_STEP][PASSED] - out.println("sdfo: " + sdfo): null

2023-01-13 18:28:45 - [TEST_STEP][PASSED] - remID = substring(5, 35).trim(): null

2023-01-13 18:28:45 - [TEST_STEP][PASSED] - out.println("Remittance ID: " + remID): null

2023-01-13 18:28:45 - [TEST_STEP][PASSED] - traxID = substring(35, 55).trim(): null

2023-01-13 18:28:45 - [TEST_STEP][PASSED] - out.println("Transaction ID: " + traxID): null

2023-01-13 18:28:45 - [TEST_STEP][PASSED] - out.println("End Record Number: " + row): null

2023-01-13 18:28:45 - [TEST_STEP][PASSED] - closeBrowser(): Browser is closed

2023-01-13 18:28:46 - [MESSAGE][PASSED] - Browser is closed

2023-01-13 18:28:46 - [TEST_STEP][PASSED] - ExecuteTC = findTestData(dataFile).getValue("Execute", row): null

2023-01-13 18:28:46 - [TEST_STEP][PASSED] - out.println("Value of Execute is : " + ExecuteTC): null

2023-01-13 18:28:46 - [TEST_STEP][PASSED] - errorMsg = findTestData(dataFile).getValue("ErrorMsg", row): null

2023-01-13 18:28:46 - [TEST_STEP][PASSED] - if (ExecuteTC.equalsIgnoreCase("Y")): Browser is closed

2023-01-13 18:28:46 - [TEST_STEP][PASSED] - out.println("Begin Record Number: " + row): null

2023-01-13 18:28:46 - [TEST_STEP][PASSED] - today = new java.util.Date(): null

2023-01-13 18:28:46 - [TEST_STEP][PASSED] - println(today): null

2023-01-13 18:28:46 - [TEST_STEP][PASSED] - datText = today: null

2023-01-13 18:28:46 - [TEST_STEP][PASSED] - openBrowser(VLinkURL + "authcap.html"): Browser is opened with url: 'https://dev-algorithm.govolution.com/vlinktest/QA/version_2_0/authcap.html'

2023-01-13 18:28:46 - [MESSAGE][INFO] - Starting 'Chrome' driver

2023-01-13 18:28:46 - [MESSAGE][INFO] - User set preference: ['acceptInsecureCerts', 'true']

2023-01-13 18:28:46 - [MESSAGE][INFO] - Action delay is set to 0 milliseconds

2023-01-13 18:28:48 - [MESSAGE][PASSED] - Browser is opened with url: 'https://dev-algorithm.govolution.com/vlinktest/QA/version_2_0/authcap.html'

2023-01-13 18:28:48 - [TEST_STEP][PASSED] - maximizeWindow(): Current window maximized

2023-01-13 18:28:48 - [MESSAGE][PASSED] - Current window maximized

2023-01-13 18:28:48 - [TEST_STEP][PASSED] - vlinkPages.saleCCPage.setDataSCC(row, dataFile): vlinkPages.saleCCPage.setDataSCC is PASSED

2023-01-13 18:28:51 - [MESSAGE][PASSED] - Object 'Object Repository/VLink/Page_CCSale/txt_CardNumber' is present

2023-01-13 18:28:52 - [MESSAGE][PASSED] - Text '104' is set on object 'Object Repository/VLink/Page_CCSale/txt_TransactionType'

2023-01-13 18:28:53 - [MESSAGE][PASSED] - Text '2.0C' is set on object 'Object Repository/VLink/Page_CCSale/txt_MessageVersion'

2023-01-13 18:28:54 - [MESSAGE][PASSED] - Text 'fQ4rZk1tmeg8' is set on object 'Object Repository/VLink/Page_CCSale/txt_RemID'

2023-01-13 18:28:55 - [MESSAGE][PASSED] - Text '234' is set on object 'Object Repository/VLink/Page_CCSale/txt_ApplicationId'

2023-01-13 18:28:55 - [MESSAGE][PASSED] - Text 'username' is set on object 'Object Repository/VLink/Page_CCSale/txt_Username'

2023-01-13 18:28:56 - [MESSAGE][PASSED] - Text 'password' is set on object 'Object Repository/VLink/Page_CCSale/txt_Password'

2023-01-13 18:28:57 - [MESSAGE][PASSED] - Text 'fixed_width' is set on object 'Object Repository/VLink/Page_CCSale/txt_ResponseFormat'

2023-01-13 18:28:58 - [MESSAGE][PASSED] - Text 'MOTO' is set on object 'Object Repository/VLink/Page_CCSale/txt_Category'

2023-01-13 18:28:59 - [MESSAGE][PASSED] - Text '' is set on object 'Object Repository/VLink/Page_CCSale/txt_TransactionID'

2023-01-13 18:28:59 - [MESSAGE][PASSED] - Text '' is set on object 'Object Repository/VLink/Page_CCSale/txt_ApprovalCode'

2023-01-13 18:29:00 - [MESSAGE][PASSED] - Text 'Kris Roshan' is set on object 'Object Repository/VLink/Page_CCSale/txt_CardName'

2023-01-13 18:29:01 - [MESSAGE][PASSED] - Text '258 Elm Road' is set on object 'Object Repository/VLink/Page_CCSale/txt_AL1'

2023-01-13 18:29:02 - [MESSAGE][PASSED] - Text 'Suite 56' is set on object 'Object Repository/VLink/Page_CCSale/txt_AL2'

2023-01-13 18:29:03 - [MESSAGE][PASSED] - Text 'Arlington' is set on object 'Object Repository/VLink/Page_CCSale/txt_CardCity'

2023-01-13 18:29:04 - [MESSAGE][PASSED] - Text 'VA' is set on object 'Object Repository/VLink/Page_CCSale/txt_CardState'

2023-01-13 18:29:04 - [MESSAGE][PASSED] - Text '22201' is set on object 'Object Repository/VLink/Page_CCSale/txt_CardZIP'

2023-01-13 18:29:05 - [MESSAGE][PASSED] - Text '840' is set on object 'Object Repository/VLink/Page_CCSale/txt_CountryID'

2023-01-13 18:29:06 - [MESSAGE][PASSED] - Text '1.50' is set on object 'Object Repository/VLink/Page_CCSale/txt_Amount'

2023-01-13 18:29:07 - [MESSAGE][PASSED] - Text '4111111111111111' is set on object 'Object Repository/VLink/Page_CCSale/txt_CardNumber'

2023-01-13 18:29:08 - [MESSAGE][PASSED] - Text '12' is set on object 'Object Repository/VLink/Page_CCSale/txt_ExpMonth'

2023-01-13 18:29:08 - [MESSAGE][PASSED] - Text '' is set on object 'Object Repository/VLink/Page_CCSale/txt_ExpYear'

2023-01-13 18:29:09 - [MESSAGE][PASSED] - Text '' is set on object 'Object Repository/VLink/Page_CCSale/txt_CVV'

2023-01-13 18:29:10 - [MESSAGE][PASSED] - Text '' is set on object 'Object Repository/VLink/Page_CCSale/txt_CVVstate'

2023-01-13 18:29:11 - [MESSAGE][PASSED] - Text '' is set on object 'Object Repository/VLink/Page_CCSale/txt_TrackData'

2023-01-13 18:29:12 - [MESSAGE][PASSED] - Text '' is set on object 'Object Repository/VLink/Page_CCSale/txt_Track1Data'

2023-01-13 18:29:12 - [MESSAGE][PASSED] - Text '' is set on object 'Object Repository/VLink/Page_CCSale/txt_Track2Data'

2023-01-13 18:29:13 - [MESSAGE][PASSED] - Text 'manual' is set on object 'Object Repository/VLink/Page_CCSale/txt_POSEntryMode'

2023-01-13 18:29:14 - [MESSAGE][PASSED] - Text 'iahmed@govolution.com' is set on object 'Object Repository/VLink/Page_CCSale/txt_Email'

2023-01-13 18:29:15 - [MESSAGE][PASSED] - Text '2569362' is set on object 'Object Repository/VLink/Page_CCSale/txt_OrderNumber'

2023-01-13 18:29:16 - [MESSAGE][PASSED] - Text '1.15' is set on object 'Object Repository/VLink/Page_CCSale/txt_TaxAmount'

2023-01-13 18:29:16 - [MESSAGE][PASSED] - Text 'Charge Description' is set on object 'Object Repository/VLink/Page_CCSale/txt_ChargeDescription'

2023-01-13 18:29:17 - [MESSAGE][PASSED] - Text '147357' is set on object 'Object Repository/VLink/Page_CCSale/txt_CAN'

2023-01-13 18:29:18 - [MESSAGE][PASSED] - Text '1' is set on object 'Object Repository/VLink/Page_CCSale/txt_BillPaymentIndicator'

2023-01-13 18:29:19 - [MESSAGE][PASSED] - Text 'UDF Data 1' is set on object 'Object Repository/VLink/Page_CCSale/txt_UDF1'

2023-01-13 18:29:19 - [MESSAGE][PASSED] - Text 'UDF Data 2' is set on object 'Object Repository/VLink/Page_CCSale/txt_UDF2'

2023-01-13 18:29:20 - [MESSAGE][PASSED] - Text 'UDF Data 3' is set on object 'Object Repository/VLink/Page_CCSale/txt_UDF3'

2023-01-13 18:29:21 - [MESSAGE][PASSED] - Text 'UDF Data 4' is set on object 'Object Repository/VLink/Page_CCSale/txt_UDF4'

2023-01-13 18:29:22 - [MESSAGE][PASSED] - Text 'UDF Data 5' is set on object 'Object Repository/VLink/Page_CCSale/txt_UDF5'

2023-01-13 18:29:23 - [MESSAGE][PASSED] - Text 'UDF Data 6' is set on object 'Object Repository/VLink/Page_CCSale/txt_UDF6'

2023-01-13 18:29:23 - [MESSAGE][PASSED] - Text 'UDF Data 7' is set on object 'Object Repository/VLink/Page_CCSale/txt_UDF7'

2023-01-13 18:29:24 - [MESSAGE][PASSED] - Text 'UDF Data 8' is set on object 'Object Repository/VLink/Page_CCSale/txt_UDF8'

2023-01-13 18:29:25 - [MESSAGE][PASSED] - Text 'UDF Data 9' is set on object 'Object Repository/VLink/Page_CCSale/txt_UDF9'

2023-01-13 18:29:26 - [MESSAGE][PASSED] - Text 'UDF Data 10' is set on object 'Object Repository/VLink/Page_CCSale/txt_UDF10'

2023-01-13 18:29:27 - [MESSAGE][PASSED] - Object: 'Object Repository/VLink/Page_CCSale/btn_ProcessVLinkTransaction' is clicked on

2023-01-13 18:29:32 - [MESSAGE][PASSED] - vlinkPages.saleCCPage.setDataSCC is PASSED

2023-01-13 18:29:32 - [TEST_STEP][PASSED] - if (verifyTextPresent(errorMsg, true)): null

2023-01-13 18:29:32 - [MESSAGE][PASSED] - Text 'card_exyr' is present on page  using regular expression

2023-01-13 18:29:32 - [TEST_STEP][PASSED] - println("Transaction Approved, no errors text is present on the Confirmation page"): null

2023-01-13 18:29:32 - [TEST_STEP][PASSED] - out.println("Pass Record Number: " + row): null

2023-01-13 18:29:32 - [TEST_STEP][PASSED] - resText = "Pass": null

2023-01-13 18:29:32 - [TEST_STEP][PASSED] - pages.WriteExcel.demoKey(resText, datText, resColumn, datCloumn, fileLoc, nameSheet, row): pages.WriteExcel.demoKey is PASSED

2023-01-13 18:29:32 - [MESSAGE][PASSED] - pages.WriteExcel.demoKey is PASSED

2023-01-13 18:29:32 - [TEST_STEP][PASSED] - sdfo = getText(findTestObject("Object Repository/Page_VLinkReceipt/pre_STX")): Text of object 'Object Repository/Page_VLinkReceipt/pre_STX' is: '<STX>fQ4rZk1tmeg8                                      2  Transaction failed                                20 Missing Parameter(s): card_exyr                                                            <ETX>'

2023-01-13 18:29:33 - [MESSAGE][PASSED] - Text of object 'Object Repository/Page_VLinkReceipt/pre_STX' is: '<STX>fQ4rZk1tmeg8                                      2  Transaction failed                                20 Missing Parameter(s): card_exyr                                                            <ETX>'

2023-01-13 18:29:33 - [TEST_STEP][PASSED] - out.println("sdfo: " + sdfo): null

2023-01-13 18:29:33 - [TEST_STEP][PASSED] - remID = substring(5, 35).trim(): null

2023-01-13 18:29:33 - [TEST_STEP][PASSED] - out.println("Remittance ID: " + remID): null

2023-01-13 18:29:33 - [TEST_STEP][PASSED] - traxID = substring(35, 55).trim(): null

2023-01-13 18:29:33 - [TEST_STEP][PASSED] - out.println("Transaction ID: " + traxID): null

2023-01-13 18:29:33 - [TEST_STEP][PASSED] - out.println("End Record Number: " + row): null

2023-01-13 18:29:33 - [TEST_STEP][PASSED] - closeBrowser(): Browser is closed

2023-01-13 18:29:34 - [MESSAGE][PASSED] - Browser is closed

2023-01-13 18:29:34 - [TEST_STEP][PASSED] - ExecuteTC = findTestData(dataFile).getValue("Execute", row): null

2023-01-13 18:29:34 - [TEST_STEP][PASSED] - out.println("Value of Execute is : " + ExecuteTC): null

2023-01-13 18:29:34 - [TEST_STEP][PASSED] - errorMsg = findTestData(dataFile).getValue("ErrorMsg", row): null

2023-01-13 18:29:34 - [TEST_STEP][PASSED] - if (ExecuteTC.equalsIgnoreCase("Y")): Browser is closed

2023-01-13 18:29:34 - [TEST_STEP][PASSED] - out.println("Begin Record Number: " + row): null

2023-01-13 18:29:34 - [TEST_STEP][PASSED] - today = new java.util.Date(): null

2023-01-13 18:29:34 - [TEST_STEP][PASSED] - println(today): null

2023-01-13 18:29:34 - [TEST_STEP][PASSED] - datText = today: null

2023-01-13 18:29:34 - [TEST_STEP][PASSED] - openBrowser(VLinkURL + "authcap.html"): Browser is opened with url: 'https://dev-algorithm.govolution.com/vlinktest/QA/version_2_0/authcap.html'

2023-01-13 18:29:34 - [MESSAGE][INFO] - Starting 'Chrome' driver

2023-01-13 18:29:34 - [MESSAGE][INFO] - User set preference: ['acceptInsecureCerts', 'true']

2023-01-13 18:29:34 - [MESSAGE][INFO] - Action delay is set to 0 milliseconds

2023-01-13 18:29:35 - [MESSAGE][PASSED] - Browser is opened with url: 'https://dev-algorithm.govolution.com/vlinktest/QA/version_2_0/authcap.html'

2023-01-13 18:29:35 - [TEST_STEP][PASSED] - maximizeWindow(): Current window maximized

2023-01-13 18:29:36 - [MESSAGE][PASSED] - Current window maximized

2023-01-13 18:29:36 - [TEST_STEP][PASSED] - vlinkPages.saleCCPage.setDataSCC(row, dataFile): vlinkPages.saleCCPage.setDataSCC is PASSED

2023-01-13 18:29:39 - [MESSAGE][PASSED] - Object 'Object Repository/VLink/Page_CCSale/txt_CardNumber' is present

2023-01-13 18:29:40 - [MESSAGE][PASSED] - Text '104' is set on object 'Object Repository/VLink/Page_CCSale/txt_TransactionType'

2023-01-13 18:29:40 - [MESSAGE][PASSED] - Text '2.0C' is set on object 'Object Repository/VLink/Page_CCSale/txt_MessageVersion'

2023-01-13 18:29:41 - [MESSAGE][PASSED] - Text 'ukamdzRubqvX' is set on object 'Object Repository/VLink/Page_CCSale/txt_RemID'

2023-01-13 18:29:42 - [MESSAGE][PASSED] - Text '234' is set on object 'Object Repository/VLink/Page_CCSale/txt_ApplicationId'

2023-01-13 18:29:43 - [MESSAGE][PASSED] - Text 'username' is set on object 'Object Repository/VLink/Page_CCSale/txt_Username'

2023-01-13 18:29:44 - [MESSAGE][PASSED] - Text 'password' is set on object 'Object Repository/VLink/Page_CCSale/txt_Password'

2023-01-13 18:29:45 - [MESSAGE][PASSED] - Text 'fixed_width' is set on object 'Object Repository/VLink/Page_CCSale/txt_ResponseFormat'

2023-01-13 18:29:45 - [MESSAGE][PASSED] - Text 'RETL' is set on object 'Object Repository/VLink/Page_CCSale/txt_Category'

2023-01-13 18:29:46 - [MESSAGE][PASSED] - Text '' is set on object 'Object Repository/VLink/Page_CCSale/txt_TransactionID'

2023-01-13 18:29:47 - [MESSAGE][PASSED] - Text '' is set on object 'Object Repository/VLink/Page_CCSale/txt_ApprovalCode'

2023-01-13 18:29:48 - [MESSAGE][PASSED] - Text 'Kris Roshan' is set on object 'Object Repository/VLink/Page_CCSale/txt_CardName'

2023-01-13 18:29:49 - [MESSAGE][PASSED] - Text '258 Elm Road' is set on object 'Object Repository/VLink/Page_CCSale/txt_AL1'

2023-01-13 18:29:50 - [MESSAGE][PASSED] - Text 'Suite 56' is set on object 'Object Repository/VLink/Page_CCSale/txt_AL2'

2023-01-13 18:29:51 - [MESSAGE][PASSED] - Text 'Arlington' is set on object 'Object Repository/VLink/Page_CCSale/txt_CardCity'

2023-01-13 18:29:52 - [MESSAGE][PASSED] - Text 'VA' is set on object 'Object Repository/VLink/Page_CCSale/txt_CardState'

2023-01-13 18:29:52 - [MESSAGE][PASSED] - Text '22201' is set on object 'Object Repository/VLink/Page_CCSale/txt_CardZIP'

2023-01-13 18:29:53 - [MESSAGE][PASSED] - Text '840' is set on object 'Object Repository/VLink/Page_CCSale/txt_CountryID'

2023-01-13 18:29:54 - [MESSAGE][PASSED] - Text '1.50' is set on object 'Object Repository/VLink/Page_CCSale/txt_Amount'

2023-01-13 18:29:54 - [MESSAGE][PASSED] - Text '4111111111111111' is set on object 'Object Repository/VLink/Page_CCSale/txt_CardNumber'

2023-01-13 18:29:55 - [MESSAGE][PASSED] - Text '12' is set on object 'Object Repository/VLink/Page_CCSale/txt_ExpMonth'

2023-01-13 18:29:56 - [MESSAGE][PASSED] - Text '' is set on object 'Object Repository/VLink/Page_CCSale/txt_ExpYear'

2023-01-13 18:29:57 - [MESSAGE][PASSED] - Text '' is set on object 'Object Repository/VLink/Page_CCSale/txt_CVV'

2023-01-13 18:29:57 - [MESSAGE][PASSED] - Text '' is set on object 'Object Repository/VLink/Page_CCSale/txt_CVVstate'

2023-01-13 18:29:58 - [MESSAGE][PASSED] - Text '' is set on object 'Object Repository/VLink/Page_CCSale/txt_TrackData'

2023-01-13 18:29:59 - [MESSAGE][PASSED] - Text '' is set on object 'Object Repository/VLink/Page_CCSale/txt_Track1Data'

2023-01-13 18:30:00 - [MESSAGE][PASSED] - Text '' is set on object 'Object Repository/VLink/Page_CCSale/txt_Track2Data'

2023-01-13 18:30:00 - [MESSAGE][PASSED] - Text 'manual' is set on object 'Object Repository/VLink/Page_CCSale/txt_POSEntryMode'

2023-01-13 18:30:01 - [MESSAGE][PASSED] - Text 'iahmed@govolution.com' is set on object 'Object Repository/VLink/Page_CCSale/txt_Email'

2023-01-13 18:30:02 - [MESSAGE][PASSED] - Text '2569362' is set on object 'Object Repository/VLink/Page_CCSale/txt_OrderNumber'

2023-01-13 18:30:03 - [MESSAGE][PASSED] - Text '1.15' is set on object 'Object Repository/VLink/Page_CCSale/txt_TaxAmount'

2023-01-13 18:30:04 - [MESSAGE][PASSED] - Text 'Charge Description' is set on object 'Object Repository/VLink/Page_CCSale/txt_ChargeDescription'

2023-01-13 18:30:04 - [MESSAGE][PASSED] - Text '147357' is set on object 'Object Repository/VLink/Page_CCSale/txt_CAN'

2023-01-13 18:30:05 - [MESSAGE][PASSED] - Text '1' is set on object 'Object Repository/VLink/Page_CCSale/txt_BillPaymentIndicator'

2023-01-13 18:30:06 - [MESSAGE][PASSED] - Text 'UDF Data 1' is set on object 'Object Repository/VLink/Page_CCSale/txt_UDF1'

2023-01-13 18:30:07 - [MESSAGE][PASSED] - Text 'UDF Data 2' is set on object 'Object Repository/VLink/Page_CCSale/txt_UDF2'

2023-01-13 18:30:08 - [MESSAGE][PASSED] - Text 'UDF Data 3' is set on object 'Object Repository/VLink/Page_CCSale/txt_UDF3'

2023-01-13 18:30:08 - [MESSAGE][PASSED] - Text 'UDF Data 4' is set on object 'Object Repository/VLink/Page_CCSale/txt_UDF4'

2023-01-13 18:30:09 - [MESSAGE][PASSED] - Text 'UDF Data 5' is set on object 'Object Repository/VLink/Page_CCSale/txt_UDF5'

2023-01-13 18:30:10 - [MESSAGE][PASSED] - Text 'UDF Data 6' is set on object 'Object Repository/VLink/Page_CCSale/txt_UDF6'

2023-01-13 18:30:11 - [MESSAGE][PASSED] - Text 'UDF Data 7' is set on object 'Object Repository/VLink/Page_CCSale/txt_UDF7'

2023-01-13 18:30:11 - [MESSAGE][PASSED] - Text 'UDF Data 8' is set on object 'Object Repository/VLink/Page_CCSale/txt_UDF8'

2023-01-13 18:30:12 - [MESSAGE][PASSED] - Text 'UDF Data 9' is set on object 'Object Repository/VLink/Page_CCSale/txt_UDF9'

2023-01-13 18:30:13 - [MESSAGE][PASSED] - Text 'UDF Data 10' is set on object 'Object Repository/VLink/Page_CCSale/txt_UDF10'

2023-01-13 18:30:14 - [MESSAGE][PASSED] - Object: 'Object Repository/VLink/Page_CCSale/btn_ProcessVLinkTransaction' is clicked on

2023-01-13 18:30:19 - [MESSAGE][PASSED] - vlinkPages.saleCCPage.setDataSCC is PASSED

2023-01-13 18:30:19 - [TEST_STEP][PASSED] - if (verifyTextPresent(errorMsg, true)): null

2023-01-13 18:30:19 - [MESSAGE][PASSED] - Text 'card_exyr' is present on page  using regular expression

2023-01-13 18:30:19 - [TEST_STEP][PASSED] - println("Transaction Approved, no errors text is present on the Confirmation page"): null

2023-01-13 18:30:19 - [TEST_STEP][PASSED] - out.println("Pass Record Number: " + row): null

2023-01-13 18:30:19 - [TEST_STEP][PASSED] - resText = "Pass": null

2023-01-13 18:30:19 - [TEST_STEP][PASSED] - pages.WriteExcel.demoKey(resText, datText, resColumn, datCloumn, fileLoc, nameSheet, row): pages.WriteExcel.demoKey is PASSED

2023-01-13 18:30:19 - [MESSAGE][PASSED] - pages.WriteExcel.demoKey is PASSED

2023-01-13 18:30:19 - [TEST_STEP][PASSED] - sdfo = getText(findTestObject("Object Repository/Page_VLinkReceipt/pre_STX")): Text of object 'Object Repository/Page_VLinkReceipt/pre_STX' is: '<STX>ukamdzRubqvX                                      2  Transaction failed                                20 Missing Parameter(s): card_exyr                                                            <ETX>'

2023-01-13 18:30:19 - [MESSAGE][PASSED] - Text of object 'Object Repository/Page_VLinkReceipt/pre_STX' is: '<STX>ukamdzRubqvX                                      2  Transaction failed                                20 Missing Parameter(s): card_exyr                                                            <ETX>'

2023-01-13 18:30:19 - [TEST_STEP][PASSED] - out.println("sdfo: " + sdfo): null

2023-01-13 18:30:19 - [TEST_STEP][PASSED] - remID = substring(5, 35).trim(): null

2023-01-13 18:30:19 - [TEST_STEP][PASSED] - out.println("Remittance ID: " + remID): null

2023-01-13 18:30:19 - [TEST_STEP][PASSED] - traxID = substring(35, 55).trim(): null

2023-01-13 18:30:19 - [TEST_STEP][PASSED] - out.println("Transaction ID: " + traxID): null

2023-01-13 18:30:19 - [TEST_STEP][PASSED] - out.println("End Record Number: " + row): null

2023-01-13 18:30:19 - [TEST_STEP][PASSED] - closeBrowser(): Browser is closed

2023-01-13 18:30:20 - [MESSAGE][PASSED] - Browser is closed

2023-01-13 18:30:20 - [TEST_STEP][PASSED] - ExecuteTC = findTestData(dataFile).getValue("Execute", row): null

2023-01-13 18:30:20 - [TEST_STEP][PASSED] - out.println("Value of Execute is : " + ExecuteTC): null

2023-01-13 18:30:20 - [TEST_STEP][PASSED] - errorMsg = findTestData(dataFile).getValue("ErrorMsg", row): null

2023-01-13 18:30:20 - [TEST_STEP][PASSED] - if (ExecuteTC.equalsIgnoreCase("Y")): null]]></system-out>
         <system-err><![CDATA[]]></system-err>
      </testcase>
      <testcase name="Test Cases/RecAndPlayBk/VLink/Auth-MRF" time="799.385" classname="Test Cases/RecAndPlayBk/VLink/Auth-MRF" status="PASSED">
         <system-out><![CDATA[2023-01-13 18:30:20 - [TEST_CASE][PASSED] - Test Cases/RecAndPlayBk/VLink/Auth-MRF: Test Cases/RecAndPlayBk/VLink/Auth-MRF

2023-01-13 18:30:21 - [TEST_STEP][PASSED] - executionProfile = getExecutionProfile(): null

2023-01-13 18:30:21 - [TEST_STEP][PASSED] - out.println("executionProfile : " + executionProfile): null

2023-01-13 18:30:21 - [TEST_STEP][PASSED] - resText = "Fail": null

2023-01-13 18:30:21 - [TEST_STEP][PASSED] - resColumn = "Result": null

2023-01-13 18:30:21 - [TEST_STEP][PASSED] - datCloumn = "Date": null

2023-01-13 18:30:21 - [TEST_STEP][PASSED] - fileLoc = "KatalonData/VLinkSmokeData.xlsx": null

2023-01-13 18:30:21 - [TEST_STEP][PASSED] - numOfRows = <not implemented yet for class: org.codehaus.groovy.ast.expr.EmptyExpression>: null

2023-01-13 18:30:21 - [TEST_STEP][PASSED] - dataFile = <not implemented yet for class: org.codehaus.groovy.ast.expr.EmptyExpression>: null

2023-01-13 18:30:21 - [TEST_STEP][PASSED] - nameSheet = <not implemented yet for class: org.codehaus.groovy.ast.expr.EmptyExpression>: null

2023-01-13 18:30:21 - [TEST_STEP][PASSED] - nameSheet = "Auth-MRF": null

2023-01-13 18:30:21 - [TEST_STEP][PASSED] - numOfRows = findTestData("QA/VLinkTestData/VLinkAuthMRFData").getRowNumbers(): null

2023-01-13 18:30:21 - [TEST_STEP][PASSED] - println("Number of Records: " + numOfRows): null

2023-01-13 18:30:21 - [TEST_STEP][PASSED] - dataFile = "QA/VLinkTestData/VLinkAuthMRFData": null

2023-01-13 18:30:21 - [TEST_STEP][PASSED] - for ([row = 1, row <= numOfRows, (row++)]): null

2023-01-13 18:30:21 - [TEST_STEP][PASSED] - ExecuteTC = findTestData(dataFile).getValue("Execute", row): null

2023-01-13 18:30:21 - [TEST_STEP][PASSED] - out.println("Value of Execute is : " + ExecuteTC): null

2023-01-13 18:30:21 - [TEST_STEP][PASSED] - if (ExecuteTC.equalsIgnoreCase("Y")): null

2023-01-13 18:30:21 - [TEST_STEP][PASSED] - out.println("Begin Record Number: " + row): null

2023-01-13 18:30:21 - [TEST_STEP][PASSED] - today = new java.util.Date(): null

2023-01-13 18:30:21 - [TEST_STEP][PASSED] - println(today): null

2023-01-13 18:30:21 - [TEST_STEP][PASSED] - datText = today: null

2023-01-13 18:30:21 - [TEST_STEP][PASSED] - errorMsg = findTestData(dataFile).getValue("ErrorMsg", row): null

2023-01-13 18:30:21 - [TEST_STEP][PASSED] - appID = findTestData(dataFile).getValue("AppID", row): null

2023-01-13 18:30:21 - [TEST_STEP][PASSED] - username = findTestData(dataFile).getValue("Username", row): null

2023-01-13 18:30:21 - [TEST_STEP][PASSED] - password = findTestData(dataFile).getValue("Password", row): null

2023-01-13 18:30:21 - [TEST_STEP][PASSED] - tranType = findTestData(dataFile).getValue("TranType", row): null

2023-01-13 18:30:21 - [TEST_STEP][PASSED] - mv = findTestData(dataFile).getValue("MV", row): null

2023-01-13 18:30:21 - [TEST_STEP][PASSED] - resFormat = findTestData(dataFile).getValue("ResFormat", row): null

2023-01-13 18:30:21 - [TEST_STEP][PASSED] - category = findTestData(dataFile).getValue("Category", row): null

2023-01-13 18:30:21 - [TEST_STEP][PASSED] - amount = findTestData(dataFile).getValue("Amount", row): null

2023-01-13 18:30:22 - [TEST_STEP][PASSED] - cardName = findTestData(dataFile).getValue("CardName", row): null

2023-01-13 18:30:22 - [TEST_STEP][PASSED] - al1 = findTestData(dataFile).getValue("AL1", row): null

2023-01-13 18:30:22 - [TEST_STEP][PASSED] - city = findTestData(dataFile).getValue("City", row): null

2023-01-13 18:30:22 - [TEST_STEP][PASSED] - state = findTestData(dataFile).getValue("State", row): null

2023-01-13 18:30:22 - [TEST_STEP][PASSED] - zip = findTestData(dataFile).getValue("ZIP", row): null

2023-01-13 18:30:22 - [TEST_STEP][PASSED] - cardNumber = findTestData(dataFile).getValue("CardNumber", row): null

2023-01-13 18:30:22 - [TEST_STEP][PASSED] - exM = findTestData(dataFile).getValue("ExM", row): null

2023-01-13 18:30:22 - [TEST_STEP][PASSED] - exY = findTestData(dataFile).getValue("ExY", row): null

2023-01-13 18:30:22 - [TEST_STEP][PASSED] - openBrowser(VLinkURL + "auth.html"): Browser is opened with url: 'https://dev-algorithm.govolution.com/vlinktest/QA/version_2_0/auth.html'

2023-01-13 18:30:22 - [MESSAGE][INFO] - Starting 'Chrome' driver

2023-01-13 18:30:22 - [MESSAGE][INFO] - User set preference: ['acceptInsecureCerts', 'true']

2023-01-13 18:30:22 - [MESSAGE][INFO] - Action delay is set to 0 milliseconds

2023-01-13 18:30:24 - [MESSAGE][PASSED] - Browser is opened with url: 'https://dev-algorithm.govolution.com/vlinktest/QA/version_2_0/auth.html'

2023-01-13 18:30:24 - [TEST_STEP][PASSED] - maximizeWindow(): Current window maximized

2023-01-13 18:30:24 - [MESSAGE][PASSED] - Current window maximized

2023-01-13 18:30:24 - [TEST_STEP][PASSED] - maximizeWindow(): Current window maximized

2023-01-13 18:30:24 - [MESSAGE][PASSED] - Current window maximized

2023-01-13 18:30:24 - [TEST_STEP][PASSED] - setText(findTestObject("Object Repository/RecAndPlayBk/Page-Vlink-AuthOnly/txt_TransactionType"), tranType): Text '' is set on object 'Object Repository/RecAndPlayBk/Page-Vlink-AuthOnly/txt_TransactionType'

2023-01-13 18:30:25 - [MESSAGE][PASSED] - Text '' is set on object 'Object Repository/RecAndPlayBk/Page-Vlink-AuthOnly/txt_TransactionType'

2023-01-13 18:30:25 - [TEST_STEP][PASSED] - setText(findTestObject("Object Repository/RecAndPlayBk/Page-Vlink-AuthOnly/txt_MessageVersion"), mv): Text '2.0C' is set on object 'Object Repository/RecAndPlayBk/Page-Vlink-AuthOnly/txt_MessageVersion'

2023-01-13 18:30:26 - [MESSAGE][PASSED] - Text '2.0C' is set on object 'Object Repository/RecAndPlayBk/Page-Vlink-AuthOnly/txt_MessageVersion'

2023-01-13 18:30:26 - [TEST_STEP][PASSED] - genRemID = RandomStringUtils.random(12, true, true): null

2023-01-13 18:30:26 - [TEST_STEP][PASSED] - setText(findTestObject("Object Repository/RecAndPlayBk/Page-Vlink-AuthOnly/input_Remittance Id_remittance_id"), genRemID): Text 'mlEd2uvOxrOw' is set on object 'Object Repository/RecAndPlayBk/Page-Vlink-AuthOnly/input_Remittance Id_remittance_id'

2023-01-13 18:30:27 - [MESSAGE][PASSED] - Text 'mlEd2uvOxrOw' is set on object 'Object Repository/RecAndPlayBk/Page-Vlink-AuthOnly/input_Remittance Id_remittance_id'

2023-01-13 18:30:27 - [TEST_STEP][PASSED] - setText(findTestObject("Object Repository/RecAndPlayBk/Page-Vlink-AuthOnly/input_Application Id_application_id"), appID): Text '234' is set on object 'Object Repository/RecAndPlayBk/Page-Vlink-AuthOnly/input_Application Id_application_id'

2023-01-13 18:30:27 - [MESSAGE][PASSED] - Text '234' is set on object 'Object Repository/RecAndPlayBk/Page-Vlink-AuthOnly/input_Application Id_application_id'

2023-01-13 18:30:27 - [TEST_STEP][PASSED] - setText(findTestObject("Object Repository/RecAndPlayBk/Page-Vlink-AuthOnly/input_Username_username"), username): Text 'username' is set on object 'Object Repository/RecAndPlayBk/Page-Vlink-AuthOnly/input_Username_username'

2023-01-13 18:30:28 - [MESSAGE][PASSED] - Text 'username' is set on object 'Object Repository/RecAndPlayBk/Page-Vlink-AuthOnly/input_Username_username'

2023-01-13 18:30:28 - [TEST_STEP][PASSED] - setText(findTestObject("Object Repository/RecAndPlayBk/Page-Vlink-AuthOnly/input_Password_password"), password): Text 'password' is set on object 'Object Repository/RecAndPlayBk/Page-Vlink-AuthOnly/input_Password_password'

2023-01-13 18:30:29 - [MESSAGE][PASSED] - Text 'password' is set on object 'Object Repository/RecAndPlayBk/Page-Vlink-AuthOnly/input_Password_password'

2023-01-13 18:30:29 - [TEST_STEP][PASSED] - setText(findTestObject("Object Repository/RecAndPlayBk/Page-Vlink-AuthOnly/txt_ResponseFormat"), resFormat): Text 'fixed_width' is set on object 'Object Repository/RecAndPlayBk/Page-Vlink-AuthOnly/txt_ResponseFormat'

2023-01-13 18:30:30 - [MESSAGE][PASSED] - Text 'fixed_width' is set on object 'Object Repository/RecAndPlayBk/Page-Vlink-AuthOnly/txt_ResponseFormat'

2023-01-13 18:30:30 - [TEST_STEP][PASSED] - setText(findTestObject("Object Repository/RecAndPlayBk/Page-Vlink-AuthOnly/input_Category_category"), category): Text 'ECOM' is set on object 'Object Repository/RecAndPlayBk/Page-Vlink-AuthOnly/input_Category_category'

2023-01-13 18:30:31 - [MESSAGE][PASSED] - Text 'ECOM' is set on object 'Object Repository/RecAndPlayBk/Page-Vlink-AuthOnly/input_Category_category'

2023-01-13 18:30:31 - [TEST_STEP][PASSED] - setText(findTestObject("Object Repository/RecAndPlayBk/Page-Vlink-AuthOnly/txt_CardName"), cardName): Text 'Kris Roshan' is set on object 'Object Repository/RecAndPlayBk/Page-Vlink-AuthOnly/txt_CardName'

2023-01-13 18:30:32 - [MESSAGE][PASSED] - Text 'Kris Roshan' is set on object 'Object Repository/RecAndPlayBk/Page-Vlink-AuthOnly/txt_CardName'

2023-01-13 18:30:32 - [TEST_STEP][PASSED] - setText(findTestObject("Object Repository/RecAndPlayBk/Page-Vlink-AuthOnly/txt_AL1"), al1): Text '258 Elm Road' is set on object 'Object Repository/RecAndPlayBk/Page-Vlink-AuthOnly/txt_AL1'

2023-01-13 18:30:33 - [MESSAGE][PASSED] - Text '258 Elm Road' is set on object 'Object Repository/RecAndPlayBk/Page-Vlink-AuthOnly/txt_AL1'

2023-01-13 18:30:33 - [TEST_STEP][PASSED] - setText(findTestObject("Object Repository/RecAndPlayBk/Page-Vlink-AuthOnly/txt_CardCity"), city): Text 'Arlington' is set on object 'Object Repository/RecAndPlayBk/Page-Vlink-AuthOnly/txt_CardCity'

2023-01-13 18:30:33 - [MESSAGE][PASSED] - Text 'Arlington' is set on object 'Object Repository/RecAndPlayBk/Page-Vlink-AuthOnly/txt_CardCity'

2023-01-13 18:30:33 - [TEST_STEP][PASSED] - setText(findTestObject("Object Repository/RecAndPlayBk/Page-Vlink-AuthOnly/txt_CardState"), state): Text 'VA' is set on object 'Object Repository/RecAndPlayBk/Page-Vlink-AuthOnly/txt_CardState'

2023-01-13 18:30:34 - [MESSAGE][PASSED] - Text 'VA' is set on object 'Object Repository/RecAndPlayBk/Page-Vlink-AuthOnly/txt_CardState'

2023-01-13 18:30:34 - [TEST_STEP][PASSED] - setText(findTestObject("Object Repository/RecAndPlayBk/Page-Vlink-AuthOnly/txt_CardZIP"), zip): Text '22201' is set on object 'Object Repository/RecAndPlayBk/Page-Vlink-AuthOnly/txt_CardZIP'

2023-01-13 18:30:35 - [MESSAGE][PASSED] - Text '22201' is set on object 'Object Repository/RecAndPlayBk/Page-Vlink-AuthOnly/txt_CardZIP'

2023-01-13 18:30:35 - [TEST_STEP][PASSED] - setText(findTestObject("Object Repository/RecAndPlayBk/Page-Vlink-AuthOnly/input_Amount_amount"), amount): Text '1.50' is set on object 'Object Repository/RecAndPlayBk/Page-Vlink-AuthOnly/input_Amount_amount'

2023-01-13 18:30:36 - [MESSAGE][PASSED] - Text '1.50' is set on object 'Object Repository/RecAndPlayBk/Page-Vlink-AuthOnly/input_Amount_amount'

2023-01-13 18:30:36 - [TEST_STEP][PASSED] - setText(findTestObject("Object Repository/RecAndPlayBk/Page-Vlink-AuthOnly/input_Card number_card_number"), cardNumber): Text '4111111111111111' is set on object 'Object Repository/RecAndPlayBk/Page-Vlink-AuthOnly/input_Card number_card_number'

2023-01-13 18:30:37 - [MESSAGE][PASSED] - Text '4111111111111111' is set on object 'Object Repository/RecAndPlayBk/Page-Vlink-AuthOnly/input_Card number_card_number'

2023-01-13 18:30:37 - [TEST_STEP][PASSED] - setText(findTestObject("Object Repository/RecAndPlayBk/Page-Vlink-AuthOnly/input_Card ex month_card_exmo"), exM): Text '12' is set on object 'Object Repository/RecAndPlayBk/Page-Vlink-AuthOnly/input_Card ex month_card_exmo'

2023-01-13 18:30:37 - [MESSAGE][PASSED] - Text '12' is set on object 'Object Repository/RecAndPlayBk/Page-Vlink-AuthOnly/input_Card ex month_card_exmo'

2023-01-13 18:30:37 - [TEST_STEP][PASSED] - setText(findTestObject("Object Repository/RecAndPlayBk/Page-Vlink-AuthOnly/input_Card ex year_card_exyr"), exY): Text '2025' is set on object 'Object Repository/RecAndPlayBk/Page-Vlink-AuthOnly/input_Card ex year_card_exyr'

2023-01-13 18:30:38 - [MESSAGE][PASSED] - Text '2025' is set on object 'Object Repository/RecAndPlayBk/Page-Vlink-AuthOnly/input_Card ex year_card_exyr'

2023-01-13 18:30:38 - [TEST_STEP][PASSED] - setText(findTestObject("Object Repository/RecAndPlayBk/Page-Vlink-AuthOnly/input_Track Data_track_data"), ""): Text '' is set on object 'Object Repository/RecAndPlayBk/Page-Vlink-AuthOnly/input_Track Data_track_data'

2023-01-13 18:30:39 - [MESSAGE][PASSED] - Text '' is set on object 'Object Repository/RecAndPlayBk/Page-Vlink-AuthOnly/input_Track Data_track_data'

2023-01-13 18:30:39 - [TEST_STEP][PASSED] - setText(findTestObject("Object Repository/RecAndPlayBk/Page-Vlink-AuthOnly/input_concat(Cardholder, , s email)_email"), ""): Text '' is set on object 'Object Repository/RecAndPlayBk/Page-Vlink-AuthOnly/input_concat(Cardholder, , s email)_email'

2023-01-13 18:30:40 - [MESSAGE][PASSED] - Text '' is set on object 'Object Repository/RecAndPlayBk/Page-Vlink-AuthOnly/input_concat(Cardholder, , s email)_email'

2023-01-13 18:30:40 - [TEST_STEP][PASSED] - click(findTestObject("Object Repository/RecAndPlayBk/Page-Vlink-AuthOnly/input_user_defined10_user_defined10")): Object: 'Object Repository/RecAndPlayBk/Page-Vlink-AuthOnly/input_user_defined10_user_defined10' is clicked on

2023-01-13 18:30:40 - [MESSAGE][PASSED] - Object: 'Object Repository/RecAndPlayBk/Page-Vlink-AuthOnly/input_user_defined10_user_defined10' is clicked on

2023-01-13 18:30:40 - [TEST_STEP][PASSED] - setText(findTestObject("Object Repository/RecAndPlayBk/Page-Vlink-AuthOnly/input_Card on File Indicator_card_on_file_i_157dae"), ""): Text '' is set on object 'Object Repository/RecAndPlayBk/Page-Vlink-AuthOnly/input_Card on File Indicator_card_on_file_i_157dae'

2023-01-13 18:30:41 - [MESSAGE][PASSED] - Text '' is set on object 'Object Repository/RecAndPlayBk/Page-Vlink-AuthOnly/input_Card on File Indicator_card_on_file_i_157dae'

2023-01-13 18:30:41 - [TEST_STEP][PASSED] - setText(findTestObject("Object Repository/RecAndPlayBk/Page-Vlink-AuthOnly/input_Stored Credential Indicator_stored_cr_4ae73c"), ""): Text '' is set on object 'Object Repository/RecAndPlayBk/Page-Vlink-AuthOnly/input_Stored Credential Indicator_stored_cr_4ae73c'

2023-01-13 18:30:42 - [MESSAGE][PASSED] - Text '' is set on object 'Object Repository/RecAndPlayBk/Page-Vlink-AuthOnly/input_Stored Credential Indicator_stored_cr_4ae73c'

2023-01-13 18:30:42 - [TEST_STEP][PASSED] - setText(findTestObject("Object Repository/RecAndPlayBk/Page-Vlink-AuthOnly/input_COF Scheduled indicator_cof_scheduled_8df7d8"), ""): Text '' is set on object 'Object Repository/RecAndPlayBk/Page-Vlink-AuthOnly/input_COF Scheduled indicator_cof_scheduled_8df7d8'

2023-01-13 18:30:43 - [MESSAGE][PASSED] - Text '' is set on object 'Object Repository/RecAndPlayBk/Page-Vlink-AuthOnly/input_COF Scheduled indicator_cof_scheduled_8df7d8'

2023-01-13 18:30:43 - [TEST_STEP][PASSED] - setText(findTestObject("Object Repository/RecAndPlayBk/Page-Vlink-AuthOnly/input_COF Transaction Initiated by_cof_tran_6cded5"), ""): Text '' is set on object 'Object Repository/RecAndPlayBk/Page-Vlink-AuthOnly/input_COF Transaction Initiated by_cof_tran_6cded5'

2023-01-13 18:30:43 - [MESSAGE][PASSED] - Text '' is set on object 'Object Repository/RecAndPlayBk/Page-Vlink-AuthOnly/input_COF Transaction Initiated by_cof_tran_6cded5'

2023-01-13 18:30:43 - [TEST_STEP][PASSED] - click(findTestObject("Object Repository/RecAndPlayBk/Page-Vlink-AuthOnly/input")): Object: 'Object Repository/RecAndPlayBk/Page-Vlink-AuthOnly/input' is clicked on

2023-01-13 18:30:44 - [MESSAGE][PASSED] - Object: 'Object Repository/RecAndPlayBk/Page-Vlink-AuthOnly/input' is clicked on

2023-01-13 18:30:44 - [TEST_STEP][PASSED] - if (verifyTextPresent(errorMsg, true)): null

2023-01-13 18:30:44 - [MESSAGE][PASSED] - Text 'Missing parameter: transaction_type' is present on page  using regular expression

2023-01-13 18:30:44 - [TEST_STEP][PASSED] - println("Error Message is present on the Confirmation page"): null

2023-01-13 18:30:44 - [TEST_STEP][PASSED] - out.println("Pass Record Number: " + row): null

2023-01-13 18:30:44 - [TEST_STEP][PASSED] - resText = "Pass": null

2023-01-13 18:30:44 - [TEST_STEP][PASSED] - pages.WriteExcel.demoKey(resText, datText, resColumn, datCloumn, fileLoc, nameSheet, row): pages.WriteExcel.demoKey is PASSED

2023-01-13 18:30:44 - [MESSAGE][PASSED] - pages.WriteExcel.demoKey is PASSED

2023-01-13 18:30:44 - [TEST_STEP][PASSED] - ExecuteTC = findTestData(dataFile).getValue("Execute", row): null

2023-01-13 18:30:44 - [TEST_STEP][PASSED] - out.println("Value of Execute is : " + ExecuteTC): null

2023-01-13 18:30:44 - [TEST_STEP][PASSED] - if (ExecuteTC.equalsIgnoreCase("Y")): null

2023-01-13 18:30:44 - [TEST_STEP][PASSED] - out.println("Begin Record Number: " + row): null

2023-01-13 18:30:44 - [TEST_STEP][PASSED] - today = new java.util.Date(): null

2023-01-13 18:30:44 - [TEST_STEP][PASSED] - println(today): null

2023-01-13 18:30:44 - [TEST_STEP][PASSED] - datText = today: null

2023-01-13 18:30:44 - [TEST_STEP][PASSED] - errorMsg = findTestData(dataFile).getValue("ErrorMsg", row): null

2023-01-13 18:30:45 - [TEST_STEP][PASSED] - appID = findTestData(dataFile).getValue("AppID", row): null

2023-01-13 18:30:45 - [TEST_STEP][PASSED] - username = findTestData(dataFile).getValue("Username", row): null

2023-01-13 18:30:45 - [TEST_STEP][PASSED] - password = findTestData(dataFile).getValue("Password", row): null

2023-01-13 18:30:45 - [TEST_STEP][PASSED] - tranType = findTestData(dataFile).getValue("TranType", row): null

2023-01-13 18:30:45 - [TEST_STEP][PASSED] - mv = findTestData(dataFile).getValue("MV", row): null

2023-01-13 18:30:45 - [TEST_STEP][PASSED] - resFormat = findTestData(dataFile).getValue("ResFormat", row): null

2023-01-13 18:30:45 - [TEST_STEP][PASSED] - category = findTestData(dataFile).getValue("Category", row): null

2023-01-13 18:30:45 - [TEST_STEP][PASSED] - amount = findTestData(dataFile).getValue("Amount", row): null

2023-01-13 18:30:45 - [TEST_STEP][PASSED] - cardName = findTestData(dataFile).getValue("CardName", row): null

2023-01-13 18:30:45 - [TEST_STEP][PASSED] - al1 = findTestData(dataFile).getValue("AL1", row): null

2023-01-13 18:30:45 - [TEST_STEP][PASSED] - city = findTestData(dataFile).getValue("City", row): null

2023-01-13 18:30:45 - [TEST_STEP][PASSED] - state = findTestData(dataFile).getValue("State", row): null

2023-01-13 18:30:45 - [TEST_STEP][PASSED] - zip = findTestData(dataFile).getValue("ZIP", row): null

2023-01-13 18:30:45 - [TEST_STEP][PASSED] - cardNumber = findTestData(dataFile).getValue("CardNumber", row): null

2023-01-13 18:30:45 - [TEST_STEP][PASSED] - exM = findTestData(dataFile).getValue("ExM", row): null

2023-01-13 18:30:46 - [TEST_STEP][PASSED] - exY = findTestData(dataFile).getValue("ExY", row): null

2023-01-13 18:30:46 - [TEST_STEP][PASSED] - openBrowser(VLinkURL + "auth.html"): Browser is opened with url: 'https://dev-algorithm.govolution.com/vlinktest/QA/version_2_0/auth.html'

2023-01-13 18:30:46 - [MESSAGE][WARNING] - A browser is already opened. Closing browser and opening a new one

2023-01-13 18:30:46 - [MESSAGE][INFO] - Starting 'Chrome' driver

2023-01-13 18:30:46 - [MESSAGE][INFO] - User set preference: ['acceptInsecureCerts', 'true']

2023-01-13 18:30:46 - [MESSAGE][INFO] - Action delay is set to 0 milliseconds

2023-01-13 18:30:48 - [MESSAGE][PASSED] - Browser is opened with url: 'https://dev-algorithm.govolution.com/vlinktest/QA/version_2_0/auth.html'

2023-01-13 18:30:48 - [TEST_STEP][PASSED] - maximizeWindow(): Current window maximized

2023-01-13 18:30:48 - [MESSAGE][PASSED] - Current window maximized

2023-01-13 18:30:48 - [TEST_STEP][PASSED] - maximizeWindow(): Current window maximized

2023-01-13 18:30:48 - [MESSAGE][PASSED] - Current window maximized

2023-01-13 18:30:48 - [TEST_STEP][PASSED] - setText(findTestObject("Object Repository/RecAndPlayBk/Page-Vlink-AuthOnly/txt_TransactionType"), tranType): Text '' is set on object 'Object Repository/RecAndPlayBk/Page-Vlink-AuthOnly/txt_TransactionType'

2023-01-13 18:30:49 - [MESSAGE][PASSED] - Text '' is set on object 'Object Repository/RecAndPlayBk/Page-Vlink-AuthOnly/txt_TransactionType'

2023-01-13 18:30:49 - [TEST_STEP][PASSED] - setText(findTestObject("Object Repository/RecAndPlayBk/Page-Vlink-AuthOnly/txt_MessageVersion"), mv): Text '2.0C' is set on object 'Object Repository/RecAndPlayBk/Page-Vlink-AuthOnly/txt_MessageVersion'

2023-01-13 18:30:50 - [MESSAGE][PASSED] - Text '2.0C' is set on object 'Object Repository/RecAndPlayBk/Page-Vlink-AuthOnly/txt_MessageVersion'

2023-01-13 18:30:50 - [TEST_STEP][PASSED] - genRemID = RandomStringUtils.random(12, true, true): null

2023-01-13 18:30:50 - [TEST_STEP][PASSED] - setText(findTestObject("Object Repository/RecAndPlayBk/Page-Vlink-AuthOnly/input_Remittance Id_remittance_id"), genRemID): Text 'yRkyHfOHUXEQ' is set on object 'Object Repository/RecAndPlayBk/Page-Vlink-AuthOnly/input_Remittance Id_remittance_id'

2023-01-13 18:30:51 - [MESSAGE][PASSED] - Text 'yRkyHfOHUXEQ' is set on object 'Object Repository/RecAndPlayBk/Page-Vlink-AuthOnly/input_Remittance Id_remittance_id'

2023-01-13 18:30:51 - [TEST_STEP][PASSED] - setText(findTestObject("Object Repository/RecAndPlayBk/Page-Vlink-AuthOnly/input_Application Id_application_id"), appID): Text '234' is set on object 'Object Repository/RecAndPlayBk/Page-Vlink-AuthOnly/input_Application Id_application_id'

2023-01-13 18:30:52 - [MESSAGE][PASSED] - Text '234' is set on object 'Object Repository/RecAndPlayBk/Page-Vlink-AuthOnly/input_Application Id_application_id'

2023-01-13 18:30:52 - [TEST_STEP][PASSED] - setText(findTestObject("Object Repository/RecAndPlayBk/Page-Vlink-AuthOnly/input_Username_username"), username): Text 'username' is set on object 'Object Repository/RecAndPlayBk/Page-Vlink-AuthOnly/input_Username_username'

2023-01-13 18:30:53 - [MESSAGE][PASSED] - Text 'username' is set on object 'Object Repository/RecAndPlayBk/Page-Vlink-AuthOnly/input_Username_username'

2023-01-13 18:30:53 - [TEST_STEP][PASSED] - setText(findTestObject("Object Repository/RecAndPlayBk/Page-Vlink-AuthOnly/input_Password_password"), password): Text 'password' is set on object 'Object Repository/RecAndPlayBk/Page-Vlink-AuthOnly/input_Password_password'

2023-01-13 18:30:54 - [MESSAGE][PASSED] - Text 'password' is set on object 'Object Repository/RecAndPlayBk/Page-Vlink-AuthOnly/input_Password_password'

2023-01-13 18:30:54 - [TEST_STEP][PASSED] - setText(findTestObject("Object Repository/RecAndPlayBk/Page-Vlink-AuthOnly/txt_ResponseFormat"), resFormat): Text 'fixed_width' is set on object 'Object Repository/RecAndPlayBk/Page-Vlink-AuthOnly/txt_ResponseFormat'

2023-01-13 18:30:54 - [MESSAGE][PASSED] - Text 'fixed_width' is set on object 'Object Repository/RecAndPlayBk/Page-Vlink-AuthOnly/txt_ResponseFormat'

2023-01-13 18:30:54 - [TEST_STEP][PASSED] - setText(findTestObject("Object Repository/RecAndPlayBk/Page-Vlink-AuthOnly/input_Category_category"), category): Text 'MOTO' is set on object 'Object Repository/RecAndPlayBk/Page-Vlink-AuthOnly/input_Category_category'

2023-01-13 18:30:55 - [MESSAGE][PASSED] - Text 'MOTO' is set on object 'Object Repository/RecAndPlayBk/Page-Vlink-AuthOnly/input_Category_category'

2023-01-13 18:30:55 - [TEST_STEP][PASSED] - setText(findTestObject("Object Repository/RecAndPlayBk/Page-Vlink-AuthOnly/txt_CardName"), cardName): Text 'Kris Roshan' is set on object 'Object Repository/RecAndPlayBk/Page-Vlink-AuthOnly/txt_CardName'

2023-01-13 18:30:56 - [MESSAGE][PASSED] - Text 'Kris Roshan' is set on object 'Object Repository/RecAndPlayBk/Page-Vlink-AuthOnly/txt_CardName'

2023-01-13 18:30:56 - [TEST_STEP][PASSED] - setText(findTestObject("Object Repository/RecAndPlayBk/Page-Vlink-AuthOnly/txt_AL1"), al1): Text '258 Elm Road' is set on object 'Object Repository/RecAndPlayBk/Page-Vlink-AuthOnly/txt_AL1'

2023-01-13 18:30:57 - [MESSAGE][PASSED] - Text '258 Elm Road' is set on object 'Object Repository/RecAndPlayBk/Page-Vlink-AuthOnly/txt_AL1'

2023-01-13 18:30:57 - [TEST_STEP][PASSED] - setText(findTestObject("Object Repository/RecAndPlayBk/Page-Vlink-AuthOnly/txt_CardCity"), city): Text 'Arlington' is set on object 'Object Repository/RecAndPlayBk/Page-Vlink-AuthOnly/txt_CardCity'

2023-01-13 18:30:58 - [MESSAGE][PASSED] - Text 'Arlington' is set on object 'Object Repository/RecAndPlayBk/Page-Vlink-AuthOnly/txt_CardCity'

2023-01-13 18:30:58 - [TEST_STEP][PASSED] - setText(findTestObject("Object Repository/RecAndPlayBk/Page-Vlink-AuthOnly/txt_CardState"), state): Text 'VA' is set on object 'Object Repository/RecAndPlayBk/Page-Vlink-AuthOnly/txt_CardState'

2023-01-13 18:30:59 - [MESSAGE][PASSED] - Text 'VA' is set on object 'Object Repository/RecAndPlayBk/Page-Vlink-AuthOnly/txt_CardState'

2023-01-13 18:30:59 - [TEST_STEP][PASSED] - setText(findTestObject("Object Repository/RecAndPlayBk/Page-Vlink-AuthOnly/txt_CardZIP"), zip): Text '22201' is set on object 'Object Repository/RecAndPlayBk/Page-Vlink-AuthOnly/txt_CardZIP'

2023-01-13 18:30:59 - [MESSAGE][PASSED] - Text '22201' is set on object 'Object Repository/RecAndPlayBk/Page-Vlink-AuthOnly/txt_CardZIP'

2023-01-13 18:30:59 - [TEST_STEP][PASSED] - setText(findTestObject("Object Repository/RecAndPlayBk/Page-Vlink-AuthOnly/input_Amount_amount"), amount): Text '1.50' is set on object 'Object Repository/RecAndPlayBk/Page-Vlink-AuthOnly/input_Amount_amount'

2023-01-13 18:31:00 - [MESSAGE][PASSED] - Text '1.50' is set on object 'Object Repository/RecAndPlayBk/Page-Vlink-AuthOnly/input_Amount_amount'

2023-01-13 18:31:00 - [TEST_STEP][PASSED] - setText(findTestObject("Object Repository/RecAndPlayBk/Page-Vlink-AuthOnly/input_Card number_card_number"), cardNumber): Text '4111111111111111' is set on object 'Object Repository/RecAndPlayBk/Page-Vlink-AuthOnly/input_Card number_card_number'

2023-01-13 18:31:01 - [MESSAGE][PASSED] - Text '4111111111111111' is set on object 'Object Repository/RecAndPlayBk/Page-Vlink-AuthOnly/input_Card number_card_number'

2023-01-13 18:31:01 - [TEST_STEP][PASSED] - setText(findTestObject("Object Repository/RecAndPlayBk/Page-Vlink-AuthOnly/input_Card ex month_card_exmo"), exM): Text '12' is set on object 'Object Repository/RecAndPlayBk/Page-Vlink-AuthOnly/input_Card ex month_card_exmo'

2023-01-13 18:31:02 - [MESSAGE][PASSED] - Text '12' is set on object 'Object Repository/RecAndPlayBk/Page-Vlink-AuthOnly/input_Card ex month_card_exmo'

2023-01-13 18:31:02 - [TEST_STEP][PASSED] - setText(findTestObject("Object Repository/RecAndPlayBk/Page-Vlink-AuthOnly/input_Card ex year_card_exyr"), exY): Text '2025' is set on object 'Object Repository/RecAndPlayBk/Page-Vlink-AuthOnly/input_Card ex year_card_exyr'

2023-01-13 18:31:03 - [MESSAGE][PASSED] - Text '2025' is set on object 'Object Repository/RecAndPlayBk/Page-Vlink-AuthOnly/input_Card ex year_card_exyr'

2023-01-13 18:31:03 - [TEST_STEP][PASSED] - setText(findTestObject("Object Repository/RecAndPlayBk/Page-Vlink-AuthOnly/input_Track Data_track_data"), ""): Text '' is set on object 'Object Repository/RecAndPlayBk/Page-Vlink-AuthOnly/input_Track Data_track_data'

2023-01-13 18:31:03 - [MESSAGE][PASSED] - Text '' is set on object 'Object Repository/RecAndPlayBk/Page-Vlink-AuthOnly/input_Track Data_track_data'

2023-01-13 18:31:03 - [TEST_STEP][PASSED] - setText(findTestObject("Object Repository/RecAndPlayBk/Page-Vlink-AuthOnly/input_concat(Cardholder, , s email)_email"), ""): Text '' is set on object 'Object Repository/RecAndPlayBk/Page-Vlink-AuthOnly/input_concat(Cardholder, , s email)_email'

2023-01-13 18:31:04 - [MESSAGE][PASSED] - Text '' is set on object 'Object Repository/RecAndPlayBk/Page-Vlink-AuthOnly/input_concat(Cardholder, , s email)_email'

2023-01-13 18:31:04 - [TEST_STEP][PASSED] - click(findTestObject("Object Repository/RecAndPlayBk/Page-Vlink-AuthOnly/input_user_defined10_user_defined10")): Object: 'Object Repository/RecAndPlayBk/Page-Vlink-AuthOnly/input_user_defined10_user_defined10' is clicked on

2023-01-13 18:31:05 - [MESSAGE][PASSED] - Object: 'Object Repository/RecAndPlayBk/Page-Vlink-AuthOnly/input_user_defined10_user_defined10' is clicked on

2023-01-13 18:31:05 - [TEST_STEP][PASSED] - setText(findTestObject("Object Repository/RecAndPlayBk/Page-Vlink-AuthOnly/input_Card on File Indicator_card_on_file_i_157dae"), ""): Text '' is set on object 'Object Repository/RecAndPlayBk/Page-Vlink-AuthOnly/input_Card on File Indicator_card_on_file_i_157dae'

2023-01-13 18:31:06 - [MESSAGE][PASSED] - Text '' is set on object 'Object Repository/RecAndPlayBk/Page-Vlink-AuthOnly/input_Card on File Indicator_card_on_file_i_157dae'

2023-01-13 18:31:06 - [TEST_STEP][PASSED] - setText(findTestObject("Object Repository/RecAndPlayBk/Page-Vlink-AuthOnly/input_Stored Credential Indicator_stored_cr_4ae73c"), ""): Text '' is set on object 'Object Repository/RecAndPlayBk/Page-Vlink-AuthOnly/input_Stored Credential Indicator_stored_cr_4ae73c'

2023-01-13 18:31:06 - [MESSAGE][PASSED] - Text '' is set on object 'Object Repository/RecAndPlayBk/Page-Vlink-AuthOnly/input_Stored Credential Indicator_stored_cr_4ae73c'

2023-01-13 18:31:06 - [TEST_STEP][PASSED] - setText(findTestObject("Object Repository/RecAndPlayBk/Page-Vlink-AuthOnly/input_COF Scheduled indicator_cof_scheduled_8df7d8"), ""): Text '' is set on object 'Object Repository/RecAndPlayBk/Page-Vlink-AuthOnly/input_COF Scheduled indicator_cof_scheduled_8df7d8'

2023-01-13 18:31:07 - [MESSAGE][PASSED] - Text '' is set on object 'Object Repository/RecAndPlayBk/Page-Vlink-AuthOnly/input_COF Scheduled indicator_cof_scheduled_8df7d8'

2023-01-13 18:31:07 - [TEST_STEP][PASSED] - setText(findTestObject("Object Repository/RecAndPlayBk/Page-Vlink-AuthOnly/input_COF Transaction Initiated by_cof_tran_6cded5"), ""): Text '' is set on object 'Object Repository/RecAndPlayBk/Page-Vlink-AuthOnly/input_COF Transaction Initiated by_cof_tran_6cded5'

2023-01-13 18:31:08 - [MESSAGE][PASSED] - Text '' is set on object 'Object Repository/RecAndPlayBk/Page-Vlink-AuthOnly/input_COF Transaction Initiated by_cof_tran_6cded5'

2023-01-13 18:31:08 - [TEST_STEP][PASSED] - click(findTestObject("Object Repository/RecAndPlayBk/Page-Vlink-AuthOnly/input")): Object: 'Object Repository/RecAndPlayBk/Page-Vlink-AuthOnly/input' is clicked on

2023-01-13 18:31:09 - [MESSAGE][PASSED] - Object: 'Object Repository/RecAndPlayBk/Page-Vlink-AuthOnly/input' is clicked on

2023-01-13 18:31:09 - [TEST_STEP][PASSED] - if (verifyTextPresent(errorMsg, true)): null

2023-01-13 18:31:09 - [MESSAGE][PASSED] - Text 'Missing parameter: transaction_type' is present on page  using regular expression

2023-01-13 18:31:09 - [TEST_STEP][PASSED] - println("Error Message is present on the Confirmation page"): null

2023-01-13 18:31:09 - [TEST_STEP][PASSED] - out.println("Pass Record Number: " + row): null

2023-01-13 18:31:09 - [TEST_STEP][PASSED] - resText = "Pass": null

2023-01-13 18:31:09 - [TEST_STEP][PASSED] - pages.WriteExcel.demoKey(resText, datText, resColumn, datCloumn, fileLoc, nameSheet, row): pages.WriteExcel.demoKey is PASSED

2023-01-13 18:31:09 - [MESSAGE][PASSED] - pages.WriteExcel.demoKey is PASSED

2023-01-13 18:31:09 - [TEST_STEP][PASSED] - ExecuteTC = findTestData(dataFile).getValue("Execute", row): null

2023-01-13 18:31:09 - [TEST_STEP][PASSED] - out.println("Value of Execute is : " + ExecuteTC): null

2023-01-13 18:31:09 - [TEST_STEP][PASSED] - if (ExecuteTC.equalsIgnoreCase("Y")): null

2023-01-13 18:31:09 - [TEST_STEP][PASSED] - out.println("Begin Record Number: " + row): null

2023-01-13 18:31:09 - [TEST_STEP][PASSED] - today = new java.util.Date(): null

2023-01-13 18:31:09 - [TEST_STEP][PASSED] - println(today): null

2023-01-13 18:31:09 - [TEST_STEP][PASSED] - datText = today: null

2023-01-13 18:31:09 - [TEST_STEP][PASSED] - errorMsg = findTestData(dataFile).getValue("ErrorMsg", row): null

2023-01-13 18:31:09 - [TEST_STEP][PASSED] - appID = findTestData(dataFile).getValue("AppID", row): null

2023-01-13 18:31:09 - [TEST_STEP][PASSED] - username = findTestData(dataFile).getValue("Username", row): null

2023-01-13 18:31:09 - [TEST_STEP][PASSED] - password = findTestData(dataFile).getValue("Password", row): null

2023-01-13 18:31:09 - [TEST_STEP][PASSED] - tranType = findTestData(dataFile).getValue("TranType", row): null

2023-01-13 18:31:09 - [TEST_STEP][PASSED] - mv = findTestData(dataFile).getValue("MV", row): null

2023-01-13 18:31:10 - [TEST_STEP][PASSED] - resFormat = findTestData(dataFile).getValue("ResFormat", row): null

2023-01-13 18:31:10 - [TEST_STEP][PASSED] - category = findTestData(dataFile).getValue("Category", row): null

2023-01-13 18:31:10 - [TEST_STEP][PASSED] - amount = findTestData(dataFile).getValue("Amount", row): null

2023-01-13 18:31:10 - [TEST_STEP][PASSED] - cardName = findTestData(dataFile).getValue("CardName", row): null

2023-01-13 18:31:10 - [TEST_STEP][PASSED] - al1 = findTestData(dataFile).getValue("AL1", row): null

2023-01-13 18:31:10 - [TEST_STEP][PASSED] - city = findTestData(dataFile).getValue("City", row): null

2023-01-13 18:31:10 - [TEST_STEP][PASSED] - state = findTestData(dataFile).getValue("State", row): null

2023-01-13 18:31:10 - [TEST_STEP][PASSED] - zip = findTestData(dataFile).getValue("ZIP", row): null

2023-01-13 18:31:10 - [TEST_STEP][PASSED] - cardNumber = findTestData(dataFile).getValue("CardNumber", row): null

2023-01-13 18:31:10 - [TEST_STEP][PASSED] - exM = findTestData(dataFile).getValue("ExM", row): null

2023-01-13 18:31:10 - [TEST_STEP][PASSED] - exY = findTestData(dataFile).getValue("ExY", row): null

2023-01-13 18:31:10 - [TEST_STEP][PASSED] - openBrowser(VLinkURL + "auth.html"): Browser is opened with url: 'https://dev-algorithm.govolution.com/vlinktest/QA/version_2_0/auth.html'

2023-01-13 18:31:10 - [MESSAGE][WARNING] - A browser is already opened. Closing browser and opening a new one

2023-01-13 18:31:11 - [MESSAGE][INFO] - Starting 'Chrome' driver

2023-01-13 18:31:11 - [MESSAGE][INFO] - User set preference: ['acceptInsecureCerts', 'true']

2023-01-13 18:31:11 - [MESSAGE][INFO] - Action delay is set to 0 milliseconds

2023-01-13 18:31:13 - [MESSAGE][PASSED] - Browser is opened with url: 'https://dev-algorithm.govolution.com/vlinktest/QA/version_2_0/auth.html'

2023-01-13 18:31:13 - [TEST_STEP][PASSED] - maximizeWindow(): Current window maximized

2023-01-13 18:31:13 - [MESSAGE][PASSED] - Current window maximized

2023-01-13 18:31:13 - [TEST_STEP][PASSED] - maximizeWindow(): Current window maximized

2023-01-13 18:31:13 - [MESSAGE][PASSED] - Current window maximized

2023-01-13 18:31:13 - [TEST_STEP][PASSED] - setText(findTestObject("Object Repository/RecAndPlayBk/Page-Vlink-AuthOnly/txt_TransactionType"), tranType): Text '' is set on object 'Object Repository/RecAndPlayBk/Page-Vlink-AuthOnly/txt_TransactionType'

2023-01-13 18:31:14 - [MESSAGE][PASSED] - Text '' is set on object 'Object Repository/RecAndPlayBk/Page-Vlink-AuthOnly/txt_TransactionType'

2023-01-13 18:31:14 - [TEST_STEP][PASSED] - setText(findTestObject("Object Repository/RecAndPlayBk/Page-Vlink-AuthOnly/txt_MessageVersion"), mv): Text '2.0C' is set on object 'Object Repository/RecAndPlayBk/Page-Vlink-AuthOnly/txt_MessageVersion'

2023-01-13 18:31:15 - [MESSAGE][PASSED] - Text '2.0C' is set on object 'Object Repository/RecAndPlayBk/Page-Vlink-AuthOnly/txt_MessageVersion'

2023-01-13 18:31:15 - [TEST_STEP][PASSED] - genRemID = RandomStringUtils.random(12, true, true): null

2023-01-13 18:31:15 - [TEST_STEP][PASSED] - setText(findTestObject("Object Repository/RecAndPlayBk/Page-Vlink-AuthOnly/input_Remittance Id_remittance_id"), genRemID): Text '46iq6zlsO0jt' is set on object 'Object Repository/RecAndPlayBk/Page-Vlink-AuthOnly/input_Remittance Id_remittance_id'

2023-01-13 18:31:16 - [MESSAGE][PASSED] - Text '46iq6zlsO0jt' is set on object 'Object Repository/RecAndPlayBk/Page-Vlink-AuthOnly/input_Remittance Id_remittance_id'

2023-01-13 18:31:16 - [TEST_STEP][PASSED] - setText(findTestObject("Object Repository/RecAndPlayBk/Page-Vlink-AuthOnly/input_Application Id_application_id"), appID): Text '234' is set on object 'Object Repository/RecAndPlayBk/Page-Vlink-AuthOnly/input_Application Id_application_id'

2023-01-13 18:31:17 - [MESSAGE][PASSED] - Text '234' is set on object 'Object Repository/RecAndPlayBk/Page-Vlink-AuthOnly/input_Application Id_application_id'

2023-01-13 18:31:17 - [TEST_STEP][PASSED] - setText(findTestObject("Object Repository/RecAndPlayBk/Page-Vlink-AuthOnly/input_Username_username"), username): Text 'username' is set on object 'Object Repository/RecAndPlayBk/Page-Vlink-AuthOnly/input_Username_username'

2023-01-13 18:31:18 - [MESSAGE][PASSED] - Text 'username' is set on object 'Object Repository/RecAndPlayBk/Page-Vlink-AuthOnly/input_Username_username'

2023-01-13 18:31:18 - [TEST_STEP][PASSED] - setText(findTestObject("Object Repository/RecAndPlayBk/Page-Vlink-AuthOnly/input_Password_password"), password): Text 'password' is set on object 'Object Repository/RecAndPlayBk/Page-Vlink-AuthOnly/input_Password_password'

2023-01-13 18:31:18 - [MESSAGE][PASSED] - Text 'password' is set on object 'Object Repository/RecAndPlayBk/Page-Vlink-AuthOnly/input_Password_password'

2023-01-13 18:31:18 - [TEST_STEP][PASSED] - setText(findTestObject("Object Repository/RecAndPlayBk/Page-Vlink-AuthOnly/txt_ResponseFormat"), resFormat): Text 'fixed_width' is set on object 'Object Repository/RecAndPlayBk/Page-Vlink-AuthOnly/txt_ResponseFormat'

2023-01-13 18:31:19 - [MESSAGE][PASSED] - Text 'fixed_width' is set on object 'Object Repository/RecAndPlayBk/Page-Vlink-AuthOnly/txt_ResponseFormat'

2023-01-13 18:31:19 - [TEST_STEP][PASSED] - setText(findTestObject("Object Repository/RecAndPlayBk/Page-Vlink-AuthOnly/input_Category_category"), category): Text 'RETL' is set on object 'Object Repository/RecAndPlayBk/Page-Vlink-AuthOnly/input_Category_category'

2023-01-13 18:31:20 - [MESSAGE][PASSED] - Text 'RETL' is set on object 'Object Repository/RecAndPlayBk/Page-Vlink-AuthOnly/input_Category_category'

2023-01-13 18:31:20 - [TEST_STEP][PASSED] - setText(findTestObject("Object Repository/RecAndPlayBk/Page-Vlink-AuthOnly/txt_CardName"), cardName): Text 'Kris Roshan' is set on object 'Object Repository/RecAndPlayBk/Page-Vlink-AuthOnly/txt_CardName'

2023-01-13 18:31:21 - [MESSAGE][PASSED] - Text 'Kris Roshan' is set on object 'Object Repository/RecAndPlayBk/Page-Vlink-AuthOnly/txt_CardName'

2023-01-13 18:31:21 - [TEST_STEP][PASSED] - setText(findTestObject("Object Repository/RecAndPlayBk/Page-Vlink-AuthOnly/txt_AL1"), al1): Text '258 Elm Road' is set on object 'Object Repository/RecAndPlayBk/Page-Vlink-AuthOnly/txt_AL1'

2023-01-13 18:31:22 - [MESSAGE][PASSED] - Text '258 Elm Road' is set on object 'Object Repository/RecAndPlayBk/Page-Vlink-AuthOnly/txt_AL1'

2023-01-13 18:31:22 - [TEST_STEP][PASSED] - setText(findTestObject("Object Repository/RecAndPlayBk/Page-Vlink-AuthOnly/txt_CardCity"), city): Text 'Arlington' is set on object 'Object Repository/RecAndPlayBk/Page-Vlink-AuthOnly/txt_CardCity'

2023-01-13 18:31:23 - [MESSAGE][PASSED] - Text 'Arlington' is set on object 'Object Repository/RecAndPlayBk/Page-Vlink-AuthOnly/txt_CardCity'

2023-01-13 18:31:23 - [TEST_STEP][PASSED] - setText(findTestObject("Object Repository/RecAndPlayBk/Page-Vlink-AuthOnly/txt_CardState"), state): Text 'VA' is set on object 'Object Repository/RecAndPlayBk/Page-Vlink-AuthOnly/txt_CardState'

2023-01-13 18:31:24 - [MESSAGE][PASSED] - Text 'VA' is set on object 'Object Repository/RecAndPlayBk/Page-Vlink-AuthOnly/txt_CardState'

2023-01-13 18:31:24 - [TEST_STEP][PASSED] - setText(findTestObject("Object Repository/RecAndPlayBk/Page-Vlink-AuthOnly/txt_CardZIP"), zip): Text '22201' is set on object 'Object Repository/RecAndPlayBk/Page-Vlink-AuthOnly/txt_CardZIP'

2023-01-13 18:31:24 - [MESSAGE][PASSED] - Text '22201' is set on object 'Object Repository/RecAndPlayBk/Page-Vlink-AuthOnly/txt_CardZIP'

2023-01-13 18:31:24 - [TEST_STEP][PASSED] - setText(findTestObject("Object Repository/RecAndPlayBk/Page-Vlink-AuthOnly/input_Amount_amount"), amount): Text '1.50' is set on object 'Object Repository/RecAndPlayBk/Page-Vlink-AuthOnly/input_Amount_amount'

2023-01-13 18:31:25 - [MESSAGE][PASSED] - Text '1.50' is set on object 'Object Repository/RecAndPlayBk/Page-Vlink-AuthOnly/input_Amount_amount'

2023-01-13 18:31:25 - [TEST_STEP][PASSED] - setText(findTestObject("Object Repository/RecAndPlayBk/Page-Vlink-AuthOnly/input_Card number_card_number"), cardNumber): Text '4111111111111111' is set on object 'Object Repository/RecAndPlayBk/Page-Vlink-AuthOnly/input_Card number_card_number'

2023-01-13 18:31:26 - [MESSAGE][PASSED] - Text '4111111111111111' is set on object 'Object Repository/RecAndPlayBk/Page-Vlink-AuthOnly/input_Card number_card_number'

2023-01-13 18:31:26 - [TEST_STEP][PASSED] - setText(findTestObject("Object Repository/RecAndPlayBk/Page-Vlink-AuthOnly/input_Card ex month_card_exmo"), exM): Text '12' is set on object 'Object Repository/RecAndPlayBk/Page-Vlink-AuthOnly/input_Card ex month_card_exmo'

2023-01-13 18:31:27 - [MESSAGE][PASSED] - Text '12' is set on object 'Object Repository/RecAndPlayBk/Page-Vlink-AuthOnly/input_Card ex month_card_exmo'

2023-01-13 18:31:27 - [TEST_STEP][PASSED] - setText(findTestObject("Object Repository/RecAndPlayBk/Page-Vlink-AuthOnly/input_Card ex year_card_exyr"), exY): Text '2025' is set on object 'Object Repository/RecAndPlayBk/Page-Vlink-AuthOnly/input_Card ex year_card_exyr'

2023-01-13 18:31:28 - [MESSAGE][PASSED] - Text '2025' is set on object 'Object Repository/RecAndPlayBk/Page-Vlink-AuthOnly/input_Card ex year_card_exyr'

2023-01-13 18:31:28 - [TEST_STEP][PASSED] - setText(findTestObject("Object Repository/RecAndPlayBk/Page-Vlink-AuthOnly/input_Track Data_track_data"), ""): Text '' is set on object 'Object Repository/RecAndPlayBk/Page-Vlink-AuthOnly/input_Track Data_track_data'

2023-01-13 18:31:29 - [MESSAGE][PASSED] - Text '' is set on object 'Object Repository/RecAndPlayBk/Page-Vlink-AuthOnly/input_Track Data_track_data'

2023-01-13 18:31:29 - [TEST_STEP][PASSED] - setText(findTestObject("Object Repository/RecAndPlayBk/Page-Vlink-AuthOnly/input_concat(Cardholder, , s email)_email"), ""): Text '' is set on object 'Object Repository/RecAndPlayBk/Page-Vlink-AuthOnly/input_concat(Cardholder, , s email)_email'

2023-01-13 18:31:30 - [MESSAGE][PASSED] - Text '' is set on object 'Object Repository/RecAndPlayBk/Page-Vlink-AuthOnly/input_concat(Cardholder, , s email)_email'

2023-01-13 18:31:30 - [TEST_STEP][PASSED] - click(findTestObject("Object Repository/RecAndPlayBk/Page-Vlink-AuthOnly/input_user_defined10_user_defined10")): Object: 'Object Repository/RecAndPlayBk/Page-Vlink-AuthOnly/input_user_defined10_user_defined10' is clicked on

2023-01-13 18:31:30 - [MESSAGE][PASSED] - Object: 'Object Repository/RecAndPlayBk/Page-Vlink-AuthOnly/input_user_defined10_user_defined10' is clicked on

2023-01-13 18:31:30 - [TEST_STEP][PASSED] - setText(findTestObject("Object Repository/RecAndPlayBk/Page-Vlink-AuthOnly/input_Card on File Indicator_card_on_file_i_157dae"), ""): Text '' is set on object 'Object Repository/RecAndPlayBk/Page-Vlink-AuthOnly/input_Card on File Indicator_card_on_file_i_157dae'

2023-01-13 18:31:31 - [MESSAGE][PASSED] - Text '' is set on object 'Object Repository/RecAndPlayBk/Page-Vlink-AuthOnly/input_Card on File Indicator_card_on_file_i_157dae'

2023-01-13 18:31:31 - [TEST_STEP][PASSED] - setText(findTestObject("Object Repository/RecAndPlayBk/Page-Vlink-AuthOnly/input_Stored Credential Indicator_stored_cr_4ae73c"), ""): Text '' is set on object 'Object Repository/RecAndPlayBk/Page-Vlink-AuthOnly/input_Stored Credential Indicator_stored_cr_4ae73c'

2023-01-13 18:31:31 - [MESSAGE][PASSED] - Text '' is set on object 'Object Repository/RecAndPlayBk/Page-Vlink-AuthOnly/input_Stored Credential Indicator_stored_cr_4ae73c'

2023-01-13 18:31:31 - [TEST_STEP][PASSED] - setText(findTestObject("Object Repository/RecAndPlayBk/Page-Vlink-AuthOnly/input_COF Scheduled indicator_cof_scheduled_8df7d8"), ""): Text '' is set on object 'Object Repository/RecAndPlayBk/Page-Vlink-AuthOnly/input_COF Scheduled indicator_cof_scheduled_8df7d8'

2023-01-13 18:31:32 - [MESSAGE][PASSED] - Text '' is set on object 'Object Repository/RecAndPlayBk/Page-Vlink-AuthOnly/input_COF Scheduled indicator_cof_scheduled_8df7d8'

2023-01-13 18:31:32 - [TEST_STEP][PASSED] - setText(findTestObject("Object Repository/RecAndPlayBk/Page-Vlink-AuthOnly/input_COF Transaction Initiated by_cof_tran_6cded5"), ""): Text '' is set on object 'Object Repository/RecAndPlayBk/Page-Vlink-AuthOnly/input_COF Transaction Initiated by_cof_tran_6cded5'

2023-01-13 18:31:33 - [MESSAGE][PASSED] - Text '' is set on object 'Object Repository/RecAndPlayBk/Page-Vlink-AuthOnly/input_COF Transaction Initiated by_cof_tran_6cded5'

2023-01-13 18:31:33 - [TEST_STEP][PASSED] - click(findTestObject("Object Repository/RecAndPlayBk/Page-Vlink-AuthOnly/input")): Object: 'Object Repository/RecAndPlayBk/Page-Vlink-AuthOnly/input' is clicked on

2023-01-13 18:31:34 - [MESSAGE][PASSED] - Object: 'Object Repository/RecAndPlayBk/Page-Vlink-AuthOnly/input' is clicked on

2023-01-13 18:31:34 - [TEST_STEP][PASSED] - if (verifyTextPresent(errorMsg, true)): null

2023-01-13 18:31:34 - [MESSAGE][PASSED] - Text 'Missing parameter: transaction_type' is present on page  using regular expression

2023-01-13 18:31:34 - [TEST_STEP][PASSED] - println("Error Message is present on the Confirmation page"): null

2023-01-13 18:31:34 - [TEST_STEP][PASSED] - out.println("Pass Record Number: " + row): null

2023-01-13 18:31:34 - [TEST_STEP][PASSED] - resText = "Pass": null

2023-01-13 18:31:34 - [TEST_STEP][PASSED] - pages.WriteExcel.demoKey(resText, datText, resColumn, datCloumn, fileLoc, nameSheet, row): pages.WriteExcel.demoKey is PASSED

2023-01-13 18:31:34 - [MESSAGE][PASSED] - pages.WriteExcel.demoKey is PASSED

2023-01-13 18:31:34 - [TEST_STEP][PASSED] - ExecuteTC = findTestData(dataFile).getValue("Execute", row): null

2023-01-13 18:31:34 - [TEST_STEP][PASSED] - out.println("Value of Execute is : " + ExecuteTC): null

2023-01-13 18:31:34 - [TEST_STEP][PASSED] - if (ExecuteTC.equalsIgnoreCase("Y")): null

2023-01-13 18:31:34 - [TEST_STEP][PASSED] - out.println("Begin Record Number: " + row): null

2023-01-13 18:31:34 - [TEST_STEP][PASSED] - today = new java.util.Date(): null

2023-01-13 18:31:34 - [TEST_STEP][PASSED] - println(today): null

2023-01-13 18:31:34 - [TEST_STEP][PASSED] - datText = today: null

2023-01-13 18:31:34 - [TEST_STEP][PASSED] - errorMsg = findTestData(dataFile).getValue("ErrorMsg", row): null

2023-01-13 18:31:35 - [TEST_STEP][PASSED] - appID = findTestData(dataFile).getValue("AppID", row): null

2023-01-13 18:31:35 - [TEST_STEP][PASSED] - username = findTestData(dataFile).getValue("Username", row): null

2023-01-13 18:31:35 - [TEST_STEP][PASSED] - password = findTestData(dataFile).getValue("Password", row): null

2023-01-13 18:31:35 - [TEST_STEP][PASSED] - tranType = findTestData(dataFile).getValue("TranType", row): null

2023-01-13 18:31:35 - [TEST_STEP][PASSED] - mv = findTestData(dataFile).getValue("MV", row): null

2023-01-13 18:31:35 - [TEST_STEP][PASSED] - resFormat = findTestData(dataFile).getValue("ResFormat", row): null

2023-01-13 18:31:35 - [TEST_STEP][PASSED] - category = findTestData(dataFile).getValue("Category", row): null

2023-01-13 18:31:35 - [TEST_STEP][PASSED] - amount = findTestData(dataFile).getValue("Amount", row): null

2023-01-13 18:31:35 - [TEST_STEP][PASSED] - cardName = findTestData(dataFile).getValue("CardName", row): null

2023-01-13 18:31:35 - [TEST_STEP][PASSED] - al1 = findTestData(dataFile).getValue("AL1", row): null

2023-01-13 18:31:35 - [TEST_STEP][PASSED] - city = findTestData(dataFile).getValue("City", row): null

2023-01-13 18:31:35 - [TEST_STEP][PASSED] - state = findTestData(dataFile).getValue("State", row): null

2023-01-13 18:31:35 - [TEST_STEP][PASSED] - zip = findTestData(dataFile).getValue("ZIP", row): null

2023-01-13 18:31:35 - [TEST_STEP][PASSED] - cardNumber = findTestData(dataFile).getValue("CardNumber", row): null

2023-01-13 18:31:35 - [TEST_STEP][PASSED] - exM = findTestData(dataFile).getValue("ExM", row): null

2023-01-13 18:31:35 - [TEST_STEP][PASSED] - exY = findTestData(dataFile).getValue("ExY", row): null

2023-01-13 18:31:36 - [TEST_STEP][PASSED] - openBrowser(VLinkURL + "auth.html"): Browser is opened with url: 'https://dev-algorithm.govolution.com/vlinktest/QA/version_2_0/auth.html'

2023-01-13 18:31:36 - [MESSAGE][WARNING] - A browser is already opened. Closing browser and opening a new one

2023-01-13 18:31:36 - [MESSAGE][INFO] - Starting 'Chrome' driver

2023-01-13 18:31:36 - [MESSAGE][INFO] - User set preference: ['acceptInsecureCerts', 'true']

2023-01-13 18:31:36 - [MESSAGE][INFO] - Action delay is set to 0 milliseconds

2023-01-13 18:31:38 - [MESSAGE][PASSED] - Browser is opened with url: 'https://dev-algorithm.govolution.com/vlinktest/QA/version_2_0/auth.html'

2023-01-13 18:31:38 - [TEST_STEP][PASSED] - maximizeWindow(): Current window maximized

2023-01-13 18:31:38 - [MESSAGE][PASSED] - Current window maximized

2023-01-13 18:31:38 - [TEST_STEP][PASSED] - maximizeWindow(): Current window maximized

2023-01-13 18:31:38 - [MESSAGE][PASSED] - Current window maximized

2023-01-13 18:31:38 - [TEST_STEP][PASSED] - setText(findTestObject("Object Repository/RecAndPlayBk/Page-Vlink-AuthOnly/txt_TransactionType"), tranType): Text '104' is set on object 'Object Repository/RecAndPlayBk/Page-Vlink-AuthOnly/txt_TransactionType'

2023-01-13 18:31:39 - [MESSAGE][PASSED] - Text '104' is set on object 'Object Repository/RecAndPlayBk/Page-Vlink-AuthOnly/txt_TransactionType'

2023-01-13 18:31:39 - [TEST_STEP][PASSED] - setText(findTestObject("Object Repository/RecAndPlayBk/Page-Vlink-AuthOnly/txt_MessageVersion"), mv): Text '' is set on object 'Object Repository/RecAndPlayBk/Page-Vlink-AuthOnly/txt_MessageVersion'

2023-01-13 18:31:40 - [MESSAGE][PASSED] - Text '' is set on object 'Object Repository/RecAndPlayBk/Page-Vlink-AuthOnly/txt_MessageVersion'

2023-01-13 18:31:40 - [TEST_STEP][PASSED] - genRemID = RandomStringUtils.random(12, true, true): null

2023-01-13 18:31:40 - [TEST_STEP][PASSED] - setText(findTestObject("Object Repository/RecAndPlayBk/Page-Vlink-AuthOnly/input_Remittance Id_remittance_id"), genRemID): Text 'WuLgPOQtFetB' is set on object 'Object Repository/RecAndPlayBk/Page-Vlink-AuthOnly/input_Remittance Id_remittance_id'

2023-01-13 18:31:41 - [MESSAGE][PASSED] - Text 'WuLgPOQtFetB' is set on object 'Object Repository/RecAndPlayBk/Page-Vlink-AuthOnly/input_Remittance Id_remittance_id'

2023-01-13 18:31:41 - [TEST_STEP][PASSED] - setText(findTestObject("Object Repository/RecAndPlayBk/Page-Vlink-AuthOnly/input_Application Id_application_id"), appID): Text '234' is set on object 'Object Repository/RecAndPlayBk/Page-Vlink-AuthOnly/input_Application Id_application_id'

2023-01-13 18:31:42 - [MESSAGE][PASSED] - Text '234' is set on object 'Object Repository/RecAndPlayBk/Page-Vlink-AuthOnly/input_Application Id_application_id'

2023-01-13 18:31:42 - [TEST_STEP][PASSED] - setText(findTestObject("Object Repository/RecAndPlayBk/Page-Vlink-AuthOnly/input_Username_username"), username): Text 'username' is set on object 'Object Repository/RecAndPlayBk/Page-Vlink-AuthOnly/input_Username_username'

2023-01-13 18:31:43 - [MESSAGE][PASSED] - Text 'username' is set on object 'Object Repository/RecAndPlayBk/Page-Vlink-AuthOnly/input_Username_username'

2023-01-13 18:31:43 - [TEST_STEP][PASSED] - setText(findTestObject("Object Repository/RecAndPlayBk/Page-Vlink-AuthOnly/input_Password_password"), password): Text 'password' is set on object 'Object Repository/RecAndPlayBk/Page-Vlink-AuthOnly/input_Password_password'

2023-01-13 18:31:43 - [MESSAGE][PASSED] - Text 'password' is set on object 'Object Repository/RecAndPlayBk/Page-Vlink-AuthOnly/input_Password_password'

2023-01-13 18:31:43 - [TEST_STEP][PASSED] - setText(findTestObject("Object Repository/RecAndPlayBk/Page-Vlink-AuthOnly/txt_ResponseFormat"), resFormat): Text 'fixed_width' is set on object 'Object Repository/RecAndPlayBk/Page-Vlink-AuthOnly/txt_ResponseFormat'

2023-01-13 18:31:44 - [MESSAGE][PASSED] - Text 'fixed_width' is set on object 'Object Repository/RecAndPlayBk/Page-Vlink-AuthOnly/txt_ResponseFormat'

2023-01-13 18:31:44 - [TEST_STEP][PASSED] - setText(findTestObject("Object Repository/RecAndPlayBk/Page-Vlink-AuthOnly/input_Category_category"), category): Text 'ECOM' is set on object 'Object Repository/RecAndPlayBk/Page-Vlink-AuthOnly/input_Category_category'

2023-01-13 18:31:45 - [MESSAGE][PASSED] - Text 'ECOM' is set on object 'Object Repository/RecAndPlayBk/Page-Vlink-AuthOnly/input_Category_category'

2023-01-13 18:31:45 - [TEST_STEP][PASSED] - setText(findTestObject("Object Repository/RecAndPlayBk/Page-Vlink-AuthOnly/txt_CardName"), cardName): Text 'Kris Roshan' is set on object 'Object Repository/RecAndPlayBk/Page-Vlink-AuthOnly/txt_CardName'

2023-01-13 18:31:46 - [MESSAGE][PASSED] - Text 'Kris Roshan' is set on object 'Object Repository/RecAndPlayBk/Page-Vlink-AuthOnly/txt_CardName'

2023-01-13 18:31:46 - [TEST_STEP][PASSED] - setText(findTestObject("Object Repository/RecAndPlayBk/Page-Vlink-AuthOnly/txt_AL1"), al1): Text '258 Elm Road' is set on object 'Object Repository/RecAndPlayBk/Page-Vlink-AuthOnly/txt_AL1'

2023-01-13 18:31:47 - [MESSAGE][PASSED] - Text '258 Elm Road' is set on object 'Object Repository/RecAndPlayBk/Page-Vlink-AuthOnly/txt_AL1'

2023-01-13 18:31:47 - [TEST_STEP][PASSED] - setText(findTestObject("Object Repository/RecAndPlayBk/Page-Vlink-AuthOnly/txt_CardCity"), city): Text 'Arlington' is set on object 'Object Repository/RecAndPlayBk/Page-Vlink-AuthOnly/txt_CardCity'

2023-01-13 18:31:47 - [MESSAGE][PASSED] - Text 'Arlington' is set on object 'Object Repository/RecAndPlayBk/Page-Vlink-AuthOnly/txt_CardCity'

2023-01-13 18:31:47 - [TEST_STEP][PASSED] - setText(findTestObject("Object Repository/RecAndPlayBk/Page-Vlink-AuthOnly/txt_CardState"), state): Text 'VA' is set on object 'Object Repository/RecAndPlayBk/Page-Vlink-AuthOnly/txt_CardState'

2023-01-13 18:31:48 - [MESSAGE][PASSED] - Text 'VA' is set on object 'Object Repository/RecAndPlayBk/Page-Vlink-AuthOnly/txt_CardState'

2023-01-13 18:31:48 - [TEST_STEP][PASSED] - setText(findTestObject("Object Repository/RecAndPlayBk/Page-Vlink-AuthOnly/txt_CardZIP"), zip): Text '22201' is set on object 'Object Repository/RecAndPlayBk/Page-Vlink-AuthOnly/txt_CardZIP'

2023-01-13 18:31:49 - [MESSAGE][PASSED] - Text '22201' is set on object 'Object Repository/RecAndPlayBk/Page-Vlink-AuthOnly/txt_CardZIP'

2023-01-13 18:31:49 - [TEST_STEP][PASSED] - setText(findTestObject("Object Repository/RecAndPlayBk/Page-Vlink-AuthOnly/input_Amount_amount"), amount): Text '1.50' is set on object 'Object Repository/RecAndPlayBk/Page-Vlink-AuthOnly/input_Amount_amount'

2023-01-13 18:31:50 - [MESSAGE][PASSED] - Text '1.50' is set on object 'Object Repository/RecAndPlayBk/Page-Vlink-AuthOnly/input_Amount_amount'

2023-01-13 18:31:50 - [TEST_STEP][PASSED] - setText(findTestObject("Object Repository/RecAndPlayBk/Page-Vlink-AuthOnly/input_Card number_card_number"), cardNumber): Text '4111111111111111' is set on object 'Object Repository/RecAndPlayBk/Page-Vlink-AuthOnly/input_Card number_card_number'

2023-01-13 18:31:50 - [MESSAGE][PASSED] - Text '4111111111111111' is set on object 'Object Repository/RecAndPlayBk/Page-Vlink-AuthOnly/input_Card number_card_number'

2023-01-13 18:31:50 - [TEST_STEP][PASSED] - setText(findTestObject("Object Repository/RecAndPlayBk/Page-Vlink-AuthOnly/input_Card ex month_card_exmo"), exM): Text '12' is set on object 'Object Repository/RecAndPlayBk/Page-Vlink-AuthOnly/input_Card ex month_card_exmo'

2023-01-13 18:31:51 - [MESSAGE][PASSED] - Text '12' is set on object 'Object Repository/RecAndPlayBk/Page-Vlink-AuthOnly/input_Card ex month_card_exmo'

2023-01-13 18:31:51 - [TEST_STEP][PASSED] - setText(findTestObject("Object Repository/RecAndPlayBk/Page-Vlink-AuthOnly/input_Card ex year_card_exyr"), exY): Text '2025' is set on object 'Object Repository/RecAndPlayBk/Page-Vlink-AuthOnly/input_Card ex year_card_exyr'

2023-01-13 18:31:52 - [MESSAGE][PASSED] - Text '2025' is set on object 'Object Repository/RecAndPlayBk/Page-Vlink-AuthOnly/input_Card ex year_card_exyr'

2023-01-13 18:31:52 - [TEST_STEP][PASSED] - setText(findTestObject("Object Repository/RecAndPlayBk/Page-Vlink-AuthOnly/input_Track Data_track_data"), ""): Text '' is set on object 'Object Repository/RecAndPlayBk/Page-Vlink-AuthOnly/input_Track Data_track_data'

2023-01-13 18:31:53 - [MESSAGE][PASSED] - Text '' is set on object 'Object Repository/RecAndPlayBk/Page-Vlink-AuthOnly/input_Track Data_track_data'

2023-01-13 18:31:53 - [TEST_STEP][PASSED] - setText(findTestObject("Object Repository/RecAndPlayBk/Page-Vlink-AuthOnly/input_concat(Cardholder, , s email)_email"), ""): Text '' is set on object 'Object Repository/RecAndPlayBk/Page-Vlink-AuthOnly/input_concat(Cardholder, , s email)_email'

2023-01-13 18:31:54 - [MESSAGE][PASSED] - Text '' is set on object 'Object Repository/RecAndPlayBk/Page-Vlink-AuthOnly/input_concat(Cardholder, , s email)_email'

2023-01-13 18:31:54 - [TEST_STEP][PASSED] - click(findTestObject("Object Repository/RecAndPlayBk/Page-Vlink-AuthOnly/input_user_defined10_user_defined10")): Object: 'Object Repository/RecAndPlayBk/Page-Vlink-AuthOnly/input_user_defined10_user_defined10' is clicked on

2023-01-13 18:31:54 - [MESSAGE][PASSED] - Object: 'Object Repository/RecAndPlayBk/Page-Vlink-AuthOnly/input_user_defined10_user_defined10' is clicked on

2023-01-13 18:31:54 - [TEST_STEP][PASSED] - setText(findTestObject("Object Repository/RecAndPlayBk/Page-Vlink-AuthOnly/input_Card on File Indicator_card_on_file_i_157dae"), ""): Text '' is set on object 'Object Repository/RecAndPlayBk/Page-Vlink-AuthOnly/input_Card on File Indicator_card_on_file_i_157dae'

2023-01-13 18:31:55 - [MESSAGE][PASSED] - Text '' is set on object 'Object Repository/RecAndPlayBk/Page-Vlink-AuthOnly/input_Card on File Indicator_card_on_file_i_157dae'

2023-01-13 18:31:55 - [TEST_STEP][PASSED] - setText(findTestObject("Object Repository/RecAndPlayBk/Page-Vlink-AuthOnly/input_Stored Credential Indicator_stored_cr_4ae73c"), ""): Text '' is set on object 'Object Repository/RecAndPlayBk/Page-Vlink-AuthOnly/input_Stored Credential Indicator_stored_cr_4ae73c'

2023-01-13 18:31:56 - [MESSAGE][PASSED] - Text '' is set on object 'Object Repository/RecAndPlayBk/Page-Vlink-AuthOnly/input_Stored Credential Indicator_stored_cr_4ae73c'

2023-01-13 18:31:56 - [TEST_STEP][PASSED] - setText(findTestObject("Object Repository/RecAndPlayBk/Page-Vlink-AuthOnly/input_COF Scheduled indicator_cof_scheduled_8df7d8"), ""): Text '' is set on object 'Object Repository/RecAndPlayBk/Page-Vlink-AuthOnly/input_COF Scheduled indicator_cof_scheduled_8df7d8'

2023-01-13 18:31:57 - [MESSAGE][PASSED] - Text '' is set on object 'Object Repository/RecAndPlayBk/Page-Vlink-AuthOnly/input_COF Scheduled indicator_cof_scheduled_8df7d8'

2023-01-13 18:31:57 - [TEST_STEP][PASSED] - setText(findTestObject("Object Repository/RecAndPlayBk/Page-Vlink-AuthOnly/input_COF Transaction Initiated by_cof_tran_6cded5"), ""): Text '' is set on object 'Object Repository/RecAndPlayBk/Page-Vlink-AuthOnly/input_COF Transaction Initiated by_cof_tran_6cded5'

2023-01-13 18:31:58 - [MESSAGE][PASSED] - Text '' is set on object 'Object Repository/RecAndPlayBk/Page-Vlink-AuthOnly/input_COF Transaction Initiated by_cof_tran_6cded5'

2023-01-13 18:31:58 - [TEST_STEP][PASSED] - click(findTestObject("Object Repository/RecAndPlayBk/Page-Vlink-AuthOnly/input")): Object: 'Object Repository/RecAndPlayBk/Page-Vlink-AuthOnly/input' is clicked on

2023-01-13 18:31:58 - [MESSAGE][PASSED] - Object: 'Object Repository/RecAndPlayBk/Page-Vlink-AuthOnly/input' is clicked on

2023-01-13 18:31:58 - [TEST_STEP][PASSED] - if (verifyTextPresent(errorMsg, true)): null

2023-01-13 18:31:59 - [MESSAGE][PASSED] - Text 'Missing parameter: message_version' is present on page  using regular expression

2023-01-13 18:31:59 - [TEST_STEP][PASSED] - println("Error Message is present on the Confirmation page"): null

2023-01-13 18:31:59 - [TEST_STEP][PASSED] - out.println("Pass Record Number: " + row): null

2023-01-13 18:31:59 - [TEST_STEP][PASSED] - resText = "Pass": null

2023-01-13 18:31:59 - [TEST_STEP][PASSED] - pages.WriteExcel.demoKey(resText, datText, resColumn, datCloumn, fileLoc, nameSheet, row): pages.WriteExcel.demoKey is PASSED

2023-01-13 18:31:59 - [MESSAGE][PASSED] - pages.WriteExcel.demoKey is PASSED

2023-01-13 18:31:59 - [TEST_STEP][PASSED] - ExecuteTC = findTestData(dataFile).getValue("Execute", row): null

2023-01-13 18:31:59 - [TEST_STEP][PASSED] - out.println("Value of Execute is : " + ExecuteTC): null

2023-01-13 18:31:59 - [TEST_STEP][PASSED] - if (ExecuteTC.equalsIgnoreCase("Y")): null

2023-01-13 18:31:59 - [TEST_STEP][PASSED] - out.println("Begin Record Number: " + row): null

2023-01-13 18:31:59 - [TEST_STEP][PASSED] - today = new java.util.Date(): null

2023-01-13 18:31:59 - [TEST_STEP][PASSED] - println(today): null

2023-01-13 18:31:59 - [TEST_STEP][PASSED] - datText = today: null

2023-01-13 18:31:59 - [TEST_STEP][PASSED] - errorMsg = findTestData(dataFile).getValue("ErrorMsg", row): null

2023-01-13 18:31:59 - [TEST_STEP][PASSED] - appID = findTestData(dataFile).getValue("AppID", row): null

2023-01-13 18:31:59 - [TEST_STEP][PASSED] - username = findTestData(dataFile).getValue("Username", row): null

2023-01-13 18:31:59 - [TEST_STEP][PASSED] - password = findTestData(dataFile).getValue("Password", row): null

2023-01-13 18:31:59 - [TEST_STEP][PASSED] - tranType = findTestData(dataFile).getValue("TranType", row): null

2023-01-13 18:31:59 - [TEST_STEP][PASSED] - mv = findTestData(dataFile).getValue("MV", row): null

2023-01-13 18:31:59 - [TEST_STEP][PASSED] - resFormat = findTestData(dataFile).getValue("ResFormat", row): null

2023-01-13 18:31:59 - [TEST_STEP][PASSED] - category = findTestData(dataFile).getValue("Category", row): null

2023-01-13 18:31:59 - [TEST_STEP][PASSED] - amount = findTestData(dataFile).getValue("Amount", row): null

2023-01-13 18:31:59 - [TEST_STEP][PASSED] - cardName = findTestData(dataFile).getValue("CardName", row): null

2023-01-13 18:31:59 - [TEST_STEP][PASSED] - al1 = findTestData(dataFile).getValue("AL1", row): null

2023-01-13 18:31:59 - [TEST_STEP][PASSED] - city = findTestData(dataFile).getValue("City", row): null

2023-01-13 18:31:59 - [TEST_STEP][PASSED] - state = findTestData(dataFile).getValue("State", row): null

2023-01-13 18:32:00 - [TEST_STEP][PASSED] - zip = findTestData(dataFile).getValue("ZIP", row): null

2023-01-13 18:32:00 - [TEST_STEP][PASSED] - cardNumber = findTestData(dataFile).getValue("CardNumber", row): null

2023-01-13 18:32:00 - [TEST_STEP][PASSED] - exM = findTestData(dataFile).getValue("ExM", row): null

2023-01-13 18:32:00 - [TEST_STEP][PASSED] - exY = findTestData(dataFile).getValue("ExY", row): null

2023-01-13 18:32:00 - [TEST_STEP][PASSED] - openBrowser(VLinkURL + "auth.html"): Browser is opened with url: 'https://dev-algorithm.govolution.com/vlinktest/QA/version_2_0/auth.html'

2023-01-13 18:32:00 - [MESSAGE][WARNING] - A browser is already opened. Closing browser and opening a new one

2023-01-13 18:32:01 - [MESSAGE][INFO] - Starting 'Chrome' driver

2023-01-13 18:32:01 - [MESSAGE][INFO] - User set preference: ['acceptInsecureCerts', 'true']

2023-01-13 18:32:01 - [MESSAGE][INFO] - Action delay is set to 0 milliseconds

2023-01-13 18:32:02 - [MESSAGE][PASSED] - Browser is opened with url: 'https://dev-algorithm.govolution.com/vlinktest/QA/version_2_0/auth.html'

2023-01-13 18:32:02 - [TEST_STEP][PASSED] - maximizeWindow(): Current window maximized

2023-01-13 18:32:03 - [MESSAGE][PASSED] - Current window maximized

2023-01-13 18:32:03 - [TEST_STEP][PASSED] - maximizeWindow(): Current window maximized

2023-01-13 18:32:03 - [MESSAGE][PASSED] - Current window maximized

2023-01-13 18:32:03 - [TEST_STEP][PASSED] - setText(findTestObject("Object Repository/RecAndPlayBk/Page-Vlink-AuthOnly/txt_TransactionType"), tranType): Text '104' is set on object 'Object Repository/RecAndPlayBk/Page-Vlink-AuthOnly/txt_TransactionType'

2023-01-13 18:32:03 - [MESSAGE][PASSED] - Text '104' is set on object 'Object Repository/RecAndPlayBk/Page-Vlink-AuthOnly/txt_TransactionType'

2023-01-13 18:32:03 - [TEST_STEP][PASSED] - setText(findTestObject("Object Repository/RecAndPlayBk/Page-Vlink-AuthOnly/txt_MessageVersion"), mv): Text '' is set on object 'Object Repository/RecAndPlayBk/Page-Vlink-AuthOnly/txt_MessageVersion'

2023-01-13 18:32:04 - [MESSAGE][PASSED] - Text '' is set on object 'Object Repository/RecAndPlayBk/Page-Vlink-AuthOnly/txt_MessageVersion'

2023-01-13 18:32:04 - [TEST_STEP][PASSED] - genRemID = RandomStringUtils.random(12, true, true): null

2023-01-13 18:32:04 - [TEST_STEP][PASSED] - setText(findTestObject("Object Repository/RecAndPlayBk/Page-Vlink-AuthOnly/input_Remittance Id_remittance_id"), genRemID): Text 'zUTiz9dodlQB' is set on object 'Object Repository/RecAndPlayBk/Page-Vlink-AuthOnly/input_Remittance Id_remittance_id'

2023-01-13 18:32:05 - [MESSAGE][PASSED] - Text 'zUTiz9dodlQB' is set on object 'Object Repository/RecAndPlayBk/Page-Vlink-AuthOnly/input_Remittance Id_remittance_id'

2023-01-13 18:32:05 - [TEST_STEP][PASSED] - setText(findTestObject("Object Repository/RecAndPlayBk/Page-Vlink-AuthOnly/input_Application Id_application_id"), appID): Text '234' is set on object 'Object Repository/RecAndPlayBk/Page-Vlink-AuthOnly/input_Application Id_application_id'

2023-01-13 18:32:06 - [MESSAGE][PASSED] - Text '234' is set on object 'Object Repository/RecAndPlayBk/Page-Vlink-AuthOnly/input_Application Id_application_id'

2023-01-13 18:32:06 - [TEST_STEP][PASSED] - setText(findTestObject("Object Repository/RecAndPlayBk/Page-Vlink-AuthOnly/input_Username_username"), username): Text 'username' is set on object 'Object Repository/RecAndPlayBk/Page-Vlink-AuthOnly/input_Username_username'

2023-01-13 18:32:07 - [MESSAGE][PASSED] - Text 'username' is set on object 'Object Repository/RecAndPlayBk/Page-Vlink-AuthOnly/input_Username_username'

2023-01-13 18:32:07 - [TEST_STEP][PASSED] - setText(findTestObject("Object Repository/RecAndPlayBk/Page-Vlink-AuthOnly/input_Password_password"), password): Text 'password' is set on object 'Object Repository/RecAndPlayBk/Page-Vlink-AuthOnly/input_Password_password'

2023-01-13 18:32:08 - [MESSAGE][PASSED] - Text 'password' is set on object 'Object Repository/RecAndPlayBk/Page-Vlink-AuthOnly/input_Password_password'

2023-01-13 18:32:08 - [TEST_STEP][PASSED] - setText(findTestObject("Object Repository/RecAndPlayBk/Page-Vlink-AuthOnly/txt_ResponseFormat"), resFormat): Text 'fixed_width' is set on object 'Object Repository/RecAndPlayBk/Page-Vlink-AuthOnly/txt_ResponseFormat'

2023-01-13 18:32:09 - [MESSAGE][PASSED] - Text 'fixed_width' is set on object 'Object Repository/RecAndPlayBk/Page-Vlink-AuthOnly/txt_ResponseFormat'

2023-01-13 18:32:09 - [TEST_STEP][PASSED] - setText(findTestObject("Object Repository/RecAndPlayBk/Page-Vlink-AuthOnly/input_Category_category"), category): Text 'MOTO' is set on object 'Object Repository/RecAndPlayBk/Page-Vlink-AuthOnly/input_Category_category'

2023-01-13 18:32:10 - [MESSAGE][PASSED] - Text 'MOTO' is set on object 'Object Repository/RecAndPlayBk/Page-Vlink-AuthOnly/input_Category_category'

2023-01-13 18:32:10 - [TEST_STEP][PASSED] - setText(findTestObject("Object Repository/RecAndPlayBk/Page-Vlink-AuthOnly/txt_CardName"), cardName): Text 'Kris Roshan' is set on object 'Object Repository/RecAndPlayBk/Page-Vlink-AuthOnly/txt_CardName'

2023-01-13 18:32:11 - [MESSAGE][PASSED] - Text 'Kris Roshan' is set on object 'Object Repository/RecAndPlayBk/Page-Vlink-AuthOnly/txt_CardName'

2023-01-13 18:32:11 - [TEST_STEP][PASSED] - setText(findTestObject("Object Repository/RecAndPlayBk/Page-Vlink-AuthOnly/txt_AL1"), al1): Text '258 Elm Road' is set on object 'Object Repository/RecAndPlayBk/Page-Vlink-AuthOnly/txt_AL1'

2023-01-13 18:32:11 - [MESSAGE][PASSED] - Text '258 Elm Road' is set on object 'Object Repository/RecAndPlayBk/Page-Vlink-AuthOnly/txt_AL1'

2023-01-13 18:32:11 - [TEST_STEP][PASSED] - setText(findTestObject("Object Repository/RecAndPlayBk/Page-Vlink-AuthOnly/txt_CardCity"), city): Text 'Arlington' is set on object 'Object Repository/RecAndPlayBk/Page-Vlink-AuthOnly/txt_CardCity'

2023-01-13 18:32:12 - [MESSAGE][PASSED] - Text 'Arlington' is set on object 'Object Repository/RecAndPlayBk/Page-Vlink-AuthOnly/txt_CardCity'

2023-01-13 18:32:12 - [TEST_STEP][PASSED] - setText(findTestObject("Object Repository/RecAndPlayBk/Page-Vlink-AuthOnly/txt_CardState"), state): Text 'VA' is set on object 'Object Repository/RecAndPlayBk/Page-Vlink-AuthOnly/txt_CardState'

2023-01-13 18:32:13 - [MESSAGE][PASSED] - Text 'VA' is set on object 'Object Repository/RecAndPlayBk/Page-Vlink-AuthOnly/txt_CardState'

2023-01-13 18:32:13 - [TEST_STEP][PASSED] - setText(findTestObject("Object Repository/RecAndPlayBk/Page-Vlink-AuthOnly/txt_CardZIP"), zip): Text '22201' is set on object 'Object Repository/RecAndPlayBk/Page-Vlink-AuthOnly/txt_CardZIP'

2023-01-13 18:32:14 - [MESSAGE][PASSED] - Text '22201' is set on object 'Object Repository/RecAndPlayBk/Page-Vlink-AuthOnly/txt_CardZIP'

2023-01-13 18:32:14 - [TEST_STEP][PASSED] - setText(findTestObject("Object Repository/RecAndPlayBk/Page-Vlink-AuthOnly/input_Amount_amount"), amount): Text '1.50' is set on object 'Object Repository/RecAndPlayBk/Page-Vlink-AuthOnly/input_Amount_amount'

2023-01-13 18:32:15 - [MESSAGE][PASSED] - Text '1.50' is set on object 'Object Repository/RecAndPlayBk/Page-Vlink-AuthOnly/input_Amount_amount'

2023-01-13 18:32:15 - [TEST_STEP][PASSED] - setText(findTestObject("Object Repository/RecAndPlayBk/Page-Vlink-AuthOnly/input_Card number_card_number"), cardNumber): Text '4111111111111111' is set on object 'Object Repository/RecAndPlayBk/Page-Vlink-AuthOnly/input_Card number_card_number'

2023-01-13 18:32:15 - [MESSAGE][PASSED] - Text '4111111111111111' is set on object 'Object Repository/RecAndPlayBk/Page-Vlink-AuthOnly/input_Card number_card_number'

2023-01-13 18:32:15 - [TEST_STEP][PASSED] - setText(findTestObject("Object Repository/RecAndPlayBk/Page-Vlink-AuthOnly/input_Card ex month_card_exmo"), exM): Text '12' is set on object 'Object Repository/RecAndPlayBk/Page-Vlink-AuthOnly/input_Card ex month_card_exmo'

2023-01-13 18:32:16 - [MESSAGE][PASSED] - Text '12' is set on object 'Object Repository/RecAndPlayBk/Page-Vlink-AuthOnly/input_Card ex month_card_exmo'

2023-01-13 18:32:16 - [TEST_STEP][PASSED] - setText(findTestObject("Object Repository/RecAndPlayBk/Page-Vlink-AuthOnly/input_Card ex year_card_exyr"), exY): Text '2025' is set on object 'Object Repository/RecAndPlayBk/Page-Vlink-AuthOnly/input_Card ex year_card_exyr'

2023-01-13 18:32:17 - [MESSAGE][PASSED] - Text '2025' is set on object 'Object Repository/RecAndPlayBk/Page-Vlink-AuthOnly/input_Card ex year_card_exyr'

2023-01-13 18:32:17 - [TEST_STEP][PASSED] - setText(findTestObject("Object Repository/RecAndPlayBk/Page-Vlink-AuthOnly/input_Track Data_track_data"), ""): Text '' is set on object 'Object Repository/RecAndPlayBk/Page-Vlink-AuthOnly/input_Track Data_track_data'

2023-01-13 18:32:18 - [MESSAGE][PASSED] - Text '' is set on object 'Object Repository/RecAndPlayBk/Page-Vlink-AuthOnly/input_Track Data_track_data'

2023-01-13 18:32:18 - [TEST_STEP][PASSED] - setText(findTestObject("Object Repository/RecAndPlayBk/Page-Vlink-AuthOnly/input_concat(Cardholder, , s email)_email"), ""): Text '' is set on object 'Object Repository/RecAndPlayBk/Page-Vlink-AuthOnly/input_concat(Cardholder, , s email)_email'

2023-01-13 18:32:19 - [MESSAGE][PASSED] - Text '' is set on object 'Object Repository/RecAndPlayBk/Page-Vlink-AuthOnly/input_concat(Cardholder, , s email)_email'

2023-01-13 18:32:19 - [TEST_STEP][PASSED] - click(findTestObject("Object Repository/RecAndPlayBk/Page-Vlink-AuthOnly/input_user_defined10_user_defined10")): Object: 'Object Repository/RecAndPlayBk/Page-Vlink-AuthOnly/input_user_defined10_user_defined10' is clicked on

2023-01-13 18:32:20 - [MESSAGE][PASSED] - Object: 'Object Repository/RecAndPlayBk/Page-Vlink-AuthOnly/input_user_defined10_user_defined10' is clicked on

2023-01-13 18:32:20 - [TEST_STEP][PASSED] - setText(findTestObject("Object Repository/RecAndPlayBk/Page-Vlink-AuthOnly/input_Card on File Indicator_card_on_file_i_157dae"), ""): Text '' is set on object 'Object Repository/RecAndPlayBk/Page-Vlink-AuthOnly/input_Card on File Indicator_card_on_file_i_157dae'

2023-01-13 18:32:20 - [MESSAGE][PASSED] - Text '' is set on object 'Object Repository/RecAndPlayBk/Page-Vlink-AuthOnly/input_Card on File Indicator_card_on_file_i_157dae'

2023-01-13 18:32:20 - [TEST_STEP][PASSED] - setText(findTestObject("Object Repository/RecAndPlayBk/Page-Vlink-AuthOnly/input_Stored Credential Indicator_stored_cr_4ae73c"), ""): Text '' is set on object 'Object Repository/RecAndPlayBk/Page-Vlink-AuthOnly/input_Stored Credential Indicator_stored_cr_4ae73c'

2023-01-13 18:32:21 - [MESSAGE][PASSED] - Text '' is set on object 'Object Repository/RecAndPlayBk/Page-Vlink-AuthOnly/input_Stored Credential Indicator_stored_cr_4ae73c'

2023-01-13 18:32:21 - [TEST_STEP][PASSED] - setText(findTestObject("Object Repository/RecAndPlayBk/Page-Vlink-AuthOnly/input_COF Scheduled indicator_cof_scheduled_8df7d8"), ""): Text '' is set on object 'Object Repository/RecAndPlayBk/Page-Vlink-AuthOnly/input_COF Scheduled indicator_cof_scheduled_8df7d8'

2023-01-13 18:32:22 - [MESSAGE][PASSED] - Text '' is set on object 'Object Repository/RecAndPlayBk/Page-Vlink-AuthOnly/input_COF Scheduled indicator_cof_scheduled_8df7d8'

2023-01-13 18:32:22 - [TEST_STEP][PASSED] - setText(findTestObject("Object Repository/RecAndPlayBk/Page-Vlink-AuthOnly/input_COF Transaction Initiated by_cof_tran_6cded5"), ""): Text '' is set on object 'Object Repository/RecAndPlayBk/Page-Vlink-AuthOnly/input_COF Transaction Initiated by_cof_tran_6cded5'

2023-01-13 18:32:23 - [MESSAGE][PASSED] - Text '' is set on object 'Object Repository/RecAndPlayBk/Page-Vlink-AuthOnly/input_COF Transaction Initiated by_cof_tran_6cded5'

2023-01-13 18:32:23 - [TEST_STEP][PASSED] - click(findTestObject("Object Repository/RecAndPlayBk/Page-Vlink-AuthOnly/input")): Object: 'Object Repository/RecAndPlayBk/Page-Vlink-AuthOnly/input' is clicked on

2023-01-13 18:32:24 - [MESSAGE][PASSED] - Object: 'Object Repository/RecAndPlayBk/Page-Vlink-AuthOnly/input' is clicked on

2023-01-13 18:32:24 - [TEST_STEP][PASSED] - if (verifyTextPresent(errorMsg, true)): null

2023-01-13 18:32:24 - [MESSAGE][PASSED] - Text 'Missing parameter: message_version' is present on page  using regular expression

2023-01-13 18:32:24 - [TEST_STEP][PASSED] - println("Error Message is present on the Confirmation page"): null

2023-01-13 18:32:24 - [TEST_STEP][PASSED] - out.println("Pass Record Number: " + row): null

2023-01-13 18:32:24 - [TEST_STEP][PASSED] - resText = "Pass": null

2023-01-13 18:32:24 - [TEST_STEP][PASSED] - pages.WriteExcel.demoKey(resText, datText, resColumn, datCloumn, fileLoc, nameSheet, row): pages.WriteExcel.demoKey is PASSED

2023-01-13 18:32:24 - [MESSAGE][PASSED] - pages.WriteExcel.demoKey is PASSED

2023-01-13 18:32:24 - [TEST_STEP][PASSED] - ExecuteTC = findTestData(dataFile).getValue("Execute", row): null

2023-01-13 18:32:24 - [TEST_STEP][PASSED] - out.println("Value of Execute is : " + ExecuteTC): null

2023-01-13 18:32:24 - [TEST_STEP][PASSED] - if (ExecuteTC.equalsIgnoreCase("Y")): null

2023-01-13 18:32:24 - [TEST_STEP][PASSED] - out.println("Begin Record Number: " + row): null

2023-01-13 18:32:24 - [TEST_STEP][PASSED] - today = new java.util.Date(): null

2023-01-13 18:32:24 - [TEST_STEP][PASSED] - println(today): null

2023-01-13 18:32:24 - [TEST_STEP][PASSED] - datText = today: null

2023-01-13 18:32:24 - [TEST_STEP][PASSED] - errorMsg = findTestData(dataFile).getValue("ErrorMsg", row): null

2023-01-13 18:32:24 - [TEST_STEP][PASSED] - appID = findTestData(dataFile).getValue("AppID", row): null

2023-01-13 18:32:24 - [TEST_STEP][PASSED] - username = findTestData(dataFile).getValue("Username", row): null

2023-01-13 18:32:24 - [TEST_STEP][PASSED] - password = findTestData(dataFile).getValue("Password", row): null

2023-01-13 18:32:24 - [TEST_STEP][PASSED] - tranType = findTestData(dataFile).getValue("TranType", row): null

2023-01-13 18:32:25 - [TEST_STEP][PASSED] - mv = findTestData(dataFile).getValue("MV", row): null

2023-01-13 18:32:25 - [TEST_STEP][PASSED] - resFormat = findTestData(dataFile).getValue("ResFormat", row): null

2023-01-13 18:32:25 - [TEST_STEP][PASSED] - category = findTestData(dataFile).getValue("Category", row): null

2023-01-13 18:32:25 - [TEST_STEP][PASSED] - amount = findTestData(dataFile).getValue("Amount", row): null

2023-01-13 18:32:25 - [TEST_STEP][PASSED] - cardName = findTestData(dataFile).getValue("CardName", row): null

2023-01-13 18:32:25 - [TEST_STEP][PASSED] - al1 = findTestData(dataFile).getValue("AL1", row): null

2023-01-13 18:32:25 - [TEST_STEP][PASSED] - city = findTestData(dataFile).getValue("City", row): null

2023-01-13 18:32:25 - [TEST_STEP][PASSED] - state = findTestData(dataFile).getValue("State", row): null

2023-01-13 18:32:25 - [TEST_STEP][PASSED] - zip = findTestData(dataFile).getValue("ZIP", row): null

2023-01-13 18:32:25 - [TEST_STEP][PASSED] - cardNumber = findTestData(dataFile).getValue("CardNumber", row): null

2023-01-13 18:32:25 - [TEST_STEP][PASSED] - exM = findTestData(dataFile).getValue("ExM", row): null

2023-01-13 18:32:25 - [TEST_STEP][PASSED] - exY = findTestData(dataFile).getValue("ExY", row): null

2023-01-13 18:32:25 - [TEST_STEP][PASSED] - openBrowser(VLinkURL + "auth.html"): Browser is opened with url: 'https://dev-algorithm.govolution.com/vlinktest/QA/version_2_0/auth.html'

2023-01-13 18:32:25 - [MESSAGE][WARNING] - A browser is already opened. Closing browser and opening a new one

2023-01-13 18:32:26 - [MESSAGE][INFO] - Starting 'Chrome' driver

2023-01-13 18:32:26 - [MESSAGE][INFO] - User set preference: ['acceptInsecureCerts', 'true']

2023-01-13 18:32:26 - [MESSAGE][INFO] - Action delay is set to 0 milliseconds

2023-01-13 18:32:28 - [MESSAGE][PASSED] - Browser is opened with url: 'https://dev-algorithm.govolution.com/vlinktest/QA/version_2_0/auth.html'

2023-01-13 18:32:28 - [TEST_STEP][PASSED] - maximizeWindow(): Current window maximized

2023-01-13 18:32:28 - [MESSAGE][PASSED] - Current window maximized

2023-01-13 18:32:28 - [TEST_STEP][PASSED] - maximizeWindow(): Current window maximized

2023-01-13 18:32:28 - [MESSAGE][PASSED] - Current window maximized

2023-01-13 18:32:28 - [TEST_STEP][PASSED] - setText(findTestObject("Object Repository/RecAndPlayBk/Page-Vlink-AuthOnly/txt_TransactionType"), tranType): Text '104' is set on object 'Object Repository/RecAndPlayBk/Page-Vlink-AuthOnly/txt_TransactionType'

2023-01-13 18:32:29 - [MESSAGE][PASSED] - Text '104' is set on object 'Object Repository/RecAndPlayBk/Page-Vlink-AuthOnly/txt_TransactionType'

2023-01-13 18:32:29 - [TEST_STEP][PASSED] - setText(findTestObject("Object Repository/RecAndPlayBk/Page-Vlink-AuthOnly/txt_MessageVersion"), mv): Text '' is set on object 'Object Repository/RecAndPlayBk/Page-Vlink-AuthOnly/txt_MessageVersion'

2023-01-13 18:32:30 - [MESSAGE][PASSED] - Text '' is set on object 'Object Repository/RecAndPlayBk/Page-Vlink-AuthOnly/txt_MessageVersion'

2023-01-13 18:32:30 - [TEST_STEP][PASSED] - genRemID = RandomStringUtils.random(12, true, true): null

2023-01-13 18:32:30 - [TEST_STEP][PASSED] - setText(findTestObject("Object Repository/RecAndPlayBk/Page-Vlink-AuthOnly/input_Remittance Id_remittance_id"), genRemID): Text 'tKh0cqJBaGXx' is set on object 'Object Repository/RecAndPlayBk/Page-Vlink-AuthOnly/input_Remittance Id_remittance_id'

2023-01-13 18:32:31 - [MESSAGE][PASSED] - Text 'tKh0cqJBaGXx' is set on object 'Object Repository/RecAndPlayBk/Page-Vlink-AuthOnly/input_Remittance Id_remittance_id'

2023-01-13 18:32:31 - [TEST_STEP][PASSED] - setText(findTestObject("Object Repository/RecAndPlayBk/Page-Vlink-AuthOnly/input_Application Id_application_id"), appID): Text '234' is set on object 'Object Repository/RecAndPlayBk/Page-Vlink-AuthOnly/input_Application Id_application_id'

2023-01-13 18:32:32 - [MESSAGE][PASSED] - Text '234' is set on object 'Object Repository/RecAndPlayBk/Page-Vlink-AuthOnly/input_Application Id_application_id'

2023-01-13 18:32:32 - [TEST_STEP][PASSED] - setText(findTestObject("Object Repository/RecAndPlayBk/Page-Vlink-AuthOnly/input_Username_username"), username): Text 'username' is set on object 'Object Repository/RecAndPlayBk/Page-Vlink-AuthOnly/input_Username_username'

2023-01-13 18:32:33 - [MESSAGE][PASSED] - Text 'username' is set on object 'Object Repository/RecAndPlayBk/Page-Vlink-AuthOnly/input_Username_username'

2023-01-13 18:32:33 - [TEST_STEP][PASSED] - setText(findTestObject("Object Repository/RecAndPlayBk/Page-Vlink-AuthOnly/input_Password_password"), password): Text 'password' is set on object 'Object Repository/RecAndPlayBk/Page-Vlink-AuthOnly/input_Password_password'

2023-01-13 18:32:34 - [MESSAGE][PASSED] - Text 'password' is set on object 'Object Repository/RecAndPlayBk/Page-Vlink-AuthOnly/input_Password_password'

2023-01-13 18:32:34 - [TEST_STEP][PASSED] - setText(findTestObject("Object Repository/RecAndPlayBk/Page-Vlink-AuthOnly/txt_ResponseFormat"), resFormat): Text 'fixed_width' is set on object 'Object Repository/RecAndPlayBk/Page-Vlink-AuthOnly/txt_ResponseFormat'

2023-01-13 18:32:34 - [MESSAGE][PASSED] - Text 'fixed_width' is set on object 'Object Repository/RecAndPlayBk/Page-Vlink-AuthOnly/txt_ResponseFormat'

2023-01-13 18:32:34 - [TEST_STEP][PASSED] - setText(findTestObject("Object Repository/RecAndPlayBk/Page-Vlink-AuthOnly/input_Category_category"), category): Text 'RETL' is set on object 'Object Repository/RecAndPlayBk/Page-Vlink-AuthOnly/input_Category_category'

2023-01-13 18:32:35 - [MESSAGE][PASSED] - Text 'RETL' is set on object 'Object Repository/RecAndPlayBk/Page-Vlink-AuthOnly/input_Category_category'

2023-01-13 18:32:35 - [TEST_STEP][PASSED] - setText(findTestObject("Object Repository/RecAndPlayBk/Page-Vlink-AuthOnly/txt_CardName"), cardName): Text 'Kris Roshan' is set on object 'Object Repository/RecAndPlayBk/Page-Vlink-AuthOnly/txt_CardName'

2023-01-13 18:32:36 - [MESSAGE][PASSED] - Text 'Kris Roshan' is set on object 'Object Repository/RecAndPlayBk/Page-Vlink-AuthOnly/txt_CardName'

2023-01-13 18:32:36 - [TEST_STEP][PASSED] - setText(findTestObject("Object Repository/RecAndPlayBk/Page-Vlink-AuthOnly/txt_AL1"), al1): Text '258 Elm Road' is set on object 'Object Repository/RecAndPlayBk/Page-Vlink-AuthOnly/txt_AL1'

2023-01-13 18:32:37 - [MESSAGE][PASSED] - Text '258 Elm Road' is set on object 'Object Repository/RecAndPlayBk/Page-Vlink-AuthOnly/txt_AL1'

2023-01-13 18:32:37 - [TEST_STEP][PASSED] - setText(findTestObject("Object Repository/RecAndPlayBk/Page-Vlink-AuthOnly/txt_CardCity"), city): Text 'Arlington' is set on object 'Object Repository/RecAndPlayBk/Page-Vlink-AuthOnly/txt_CardCity'

2023-01-13 18:32:38 - [MESSAGE][PASSED] - Text 'Arlington' is set on object 'Object Repository/RecAndPlayBk/Page-Vlink-AuthOnly/txt_CardCity'

2023-01-13 18:32:38 - [TEST_STEP][PASSED] - setText(findTestObject("Object Repository/RecAndPlayBk/Page-Vlink-AuthOnly/txt_CardState"), state): Text 'VA' is set on object 'Object Repository/RecAndPlayBk/Page-Vlink-AuthOnly/txt_CardState'

2023-01-13 18:32:39 - [MESSAGE][PASSED] - Text 'VA' is set on object 'Object Repository/RecAndPlayBk/Page-Vlink-AuthOnly/txt_CardState'

2023-01-13 18:32:39 - [TEST_STEP][PASSED] - setText(findTestObject("Object Repository/RecAndPlayBk/Page-Vlink-AuthOnly/txt_CardZIP"), zip): Text '22201' is set on object 'Object Repository/RecAndPlayBk/Page-Vlink-AuthOnly/txt_CardZIP'

2023-01-13 18:32:40 - [MESSAGE][PASSED] - Text '22201' is set on object 'Object Repository/RecAndPlayBk/Page-Vlink-AuthOnly/txt_CardZIP'

2023-01-13 18:32:40 - [TEST_STEP][PASSED] - setText(findTestObject("Object Repository/RecAndPlayBk/Page-Vlink-AuthOnly/input_Amount_amount"), amount): Text '1.50' is set on object 'Object Repository/RecAndPlayBk/Page-Vlink-AuthOnly/input_Amount_amount'

2023-01-13 18:32:40 - [MESSAGE][PASSED] - Text '1.50' is set on object 'Object Repository/RecAndPlayBk/Page-Vlink-AuthOnly/input_Amount_amount'

2023-01-13 18:32:40 - [TEST_STEP][PASSED] - setText(findTestObject("Object Repository/RecAndPlayBk/Page-Vlink-AuthOnly/input_Card number_card_number"), cardNumber): Text '4111111111111111' is set on object 'Object Repository/RecAndPlayBk/Page-Vlink-AuthOnly/input_Card number_card_number'

2023-01-13 18:32:41 - [MESSAGE][PASSED] - Text '4111111111111111' is set on object 'Object Repository/RecAndPlayBk/Page-Vlink-AuthOnly/input_Card number_card_number'

2023-01-13 18:32:41 - [TEST_STEP][PASSED] - setText(findTestObject("Object Repository/RecAndPlayBk/Page-Vlink-AuthOnly/input_Card ex month_card_exmo"), exM): Text '12' is set on object 'Object Repository/RecAndPlayBk/Page-Vlink-AuthOnly/input_Card ex month_card_exmo'

2023-01-13 18:32:42 - [MESSAGE][PASSED] - Text '12' is set on object 'Object Repository/RecAndPlayBk/Page-Vlink-AuthOnly/input_Card ex month_card_exmo'

2023-01-13 18:32:42 - [TEST_STEP][PASSED] - setText(findTestObject("Object Repository/RecAndPlayBk/Page-Vlink-AuthOnly/input_Card ex year_card_exyr"), exY): Text '2025' is set on object 'Object Repository/RecAndPlayBk/Page-Vlink-AuthOnly/input_Card ex year_card_exyr'

2023-01-13 18:32:43 - [MESSAGE][PASSED] - Text '2025' is set on object 'Object Repository/RecAndPlayBk/Page-Vlink-AuthOnly/input_Card ex year_card_exyr'

2023-01-13 18:32:43 - [TEST_STEP][PASSED] - setText(findTestObject("Object Repository/RecAndPlayBk/Page-Vlink-AuthOnly/input_Track Data_track_data"), ""): Text '' is set on object 'Object Repository/RecAndPlayBk/Page-Vlink-AuthOnly/input_Track Data_track_data'

2023-01-13 18:32:44 - [MESSAGE][PASSED] - Text '' is set on object 'Object Repository/RecAndPlayBk/Page-Vlink-AuthOnly/input_Track Data_track_data'

2023-01-13 18:32:44 - [TEST_STEP][PASSED] - setText(findTestObject("Object Repository/RecAndPlayBk/Page-Vlink-AuthOnly/input_concat(Cardholder, , s email)_email"), ""): Text '' is set on object 'Object Repository/RecAndPlayBk/Page-Vlink-AuthOnly/input_concat(Cardholder, , s email)_email'

2023-01-13 18:32:45 - [MESSAGE][PASSED] - Text '' is set on object 'Object Repository/RecAndPlayBk/Page-Vlink-AuthOnly/input_concat(Cardholder, , s email)_email'

2023-01-13 18:32:45 - [TEST_STEP][PASSED] - click(findTestObject("Object Repository/RecAndPlayBk/Page-Vlink-AuthOnly/input_user_defined10_user_defined10")): Object: 'Object Repository/RecAndPlayBk/Page-Vlink-AuthOnly/input_user_defined10_user_defined10' is clicked on

2023-01-13 18:32:45 - [MESSAGE][PASSED] - Object: 'Object Repository/RecAndPlayBk/Page-Vlink-AuthOnly/input_user_defined10_user_defined10' is clicked on

2023-01-13 18:32:45 - [TEST_STEP][PASSED] - setText(findTestObject("Object Repository/RecAndPlayBk/Page-Vlink-AuthOnly/input_Card on File Indicator_card_on_file_i_157dae"), ""): Text '' is set on object 'Object Repository/RecAndPlayBk/Page-Vlink-AuthOnly/input_Card on File Indicator_card_on_file_i_157dae'

2023-01-13 18:32:46 - [MESSAGE][PASSED] - Text '' is set on object 'Object Repository/RecAndPlayBk/Page-Vlink-AuthOnly/input_Card on File Indicator_card_on_file_i_157dae'

2023-01-13 18:32:46 - [TEST_STEP][PASSED] - setText(findTestObject("Object Repository/RecAndPlayBk/Page-Vlink-AuthOnly/input_Stored Credential Indicator_stored_cr_4ae73c"), ""): Text '' is set on object 'Object Repository/RecAndPlayBk/Page-Vlink-AuthOnly/input_Stored Credential Indicator_stored_cr_4ae73c'

2023-01-13 18:32:47 - [MESSAGE][PASSED] - Text '' is set on object 'Object Repository/RecAndPlayBk/Page-Vlink-AuthOnly/input_Stored Credential Indicator_stored_cr_4ae73c'

2023-01-13 18:32:47 - [TEST_STEP][PASSED] - setText(findTestObject("Object Repository/RecAndPlayBk/Page-Vlink-AuthOnly/input_COF Scheduled indicator_cof_scheduled_8df7d8"), ""): Text '' is set on object 'Object Repository/RecAndPlayBk/Page-Vlink-AuthOnly/input_COF Scheduled indicator_cof_scheduled_8df7d8'

2023-01-13 18:32:47 - [MESSAGE][PASSED] - Text '' is set on object 'Object Repository/RecAndPlayBk/Page-Vlink-AuthOnly/input_COF Scheduled indicator_cof_scheduled_8df7d8'

2023-01-13 18:32:47 - [TEST_STEP][PASSED] - setText(findTestObject("Object Repository/RecAndPlayBk/Page-Vlink-AuthOnly/input_COF Transaction Initiated by_cof_tran_6cded5"), ""): Text '' is set on object 'Object Repository/RecAndPlayBk/Page-Vlink-AuthOnly/input_COF Transaction Initiated by_cof_tran_6cded5'

2023-01-13 18:32:48 - [MESSAGE][PASSED] - Text '' is set on object 'Object Repository/RecAndPlayBk/Page-Vlink-AuthOnly/input_COF Transaction Initiated by_cof_tran_6cded5'

2023-01-13 18:32:48 - [TEST_STEP][PASSED] - click(findTestObject("Object Repository/RecAndPlayBk/Page-Vlink-AuthOnly/input")): Object: 'Object Repository/RecAndPlayBk/Page-Vlink-AuthOnly/input' is clicked on

2023-01-13 18:32:49 - [MESSAGE][PASSED] - Object: 'Object Repository/RecAndPlayBk/Page-Vlink-AuthOnly/input' is clicked on

2023-01-13 18:32:49 - [TEST_STEP][PASSED] - if (verifyTextPresent(errorMsg, true)): null

2023-01-13 18:32:49 - [MESSAGE][PASSED] - Text 'Missing parameter: message_version' is present on page  using regular expression

2023-01-13 18:32:49 - [TEST_STEP][PASSED] - println("Error Message is present on the Confirmation page"): null

2023-01-13 18:32:49 - [TEST_STEP][PASSED] - out.println("Pass Record Number: " + row): null

2023-01-13 18:32:49 - [TEST_STEP][PASSED] - resText = "Pass": null

2023-01-13 18:32:49 - [TEST_STEP][PASSED] - pages.WriteExcel.demoKey(resText, datText, resColumn, datCloumn, fileLoc, nameSheet, row): pages.WriteExcel.demoKey is PASSED

2023-01-13 18:32:49 - [MESSAGE][PASSED] - pages.WriteExcel.demoKey is PASSED

2023-01-13 18:32:49 - [TEST_STEP][PASSED] - ExecuteTC = findTestData(dataFile).getValue("Execute", row): null

2023-01-13 18:32:49 - [TEST_STEP][PASSED] - out.println("Value of Execute is : " + ExecuteTC): null

2023-01-13 18:32:49 - [TEST_STEP][PASSED] - if (ExecuteTC.equalsIgnoreCase("Y")): null

2023-01-13 18:32:49 - [TEST_STEP][PASSED] - out.println("Begin Record Number: " + row): null

2023-01-13 18:32:49 - [TEST_STEP][PASSED] - today = new java.util.Date(): null

2023-01-13 18:32:49 - [TEST_STEP][PASSED] - println(today): null

2023-01-13 18:32:49 - [TEST_STEP][PASSED] - datText = today: null

2023-01-13 18:32:49 - [TEST_STEP][PASSED] - errorMsg = findTestData(dataFile).getValue("ErrorMsg", row): null

2023-01-13 18:32:49 - [TEST_STEP][PASSED] - appID = findTestData(dataFile).getValue("AppID", row): null

2023-01-13 18:32:49 - [TEST_STEP][PASSED] - username = findTestData(dataFile).getValue("Username", row): null

2023-01-13 18:32:49 - [TEST_STEP][PASSED] - password = findTestData(dataFile).getValue("Password", row): null

2023-01-13 18:32:49 - [TEST_STEP][PASSED] - tranType = findTestData(dataFile).getValue("TranType", row): null

2023-01-13 18:32:50 - [TEST_STEP][PASSED] - mv = findTestData(dataFile).getValue("MV", row): null

2023-01-13 18:32:50 - [TEST_STEP][PASSED] - resFormat = findTestData(dataFile).getValue("ResFormat", row): null

2023-01-13 18:32:50 - [TEST_STEP][PASSED] - category = findTestData(dataFile).getValue("Category", row): null

2023-01-13 18:32:50 - [TEST_STEP][PASSED] - amount = findTestData(dataFile).getValue("Amount", row): null

2023-01-13 18:32:50 - [TEST_STEP][PASSED] - cardName = findTestData(dataFile).getValue("CardName", row): null

2023-01-13 18:32:50 - [TEST_STEP][PASSED] - al1 = findTestData(dataFile).getValue("AL1", row): null

2023-01-13 18:32:50 - [TEST_STEP][PASSED] - city = findTestData(dataFile).getValue("City", row): null

2023-01-13 18:32:50 - [TEST_STEP][PASSED] - state = findTestData(dataFile).getValue("State", row): null

2023-01-13 18:32:50 - [TEST_STEP][PASSED] - zip = findTestData(dataFile).getValue("ZIP", row): null

2023-01-13 18:32:50 - [TEST_STEP][PASSED] - cardNumber = findTestData(dataFile).getValue("CardNumber", row): null

2023-01-13 18:32:50 - [TEST_STEP][PASSED] - exM = findTestData(dataFile).getValue("ExM", row): null

2023-01-13 18:32:50 - [TEST_STEP][PASSED] - exY = findTestData(dataFile).getValue("ExY", row): null

2023-01-13 18:32:50 - [TEST_STEP][PASSED] - openBrowser(VLinkURL + "auth.html"): Browser is opened with url: 'https://dev-algorithm.govolution.com/vlinktest/QA/version_2_0/auth.html'

2023-01-13 18:32:50 - [MESSAGE][WARNING] - A browser is already opened. Closing browser and opening a new one

2023-01-13 18:32:51 - [MESSAGE][INFO] - Starting 'Chrome' driver

2023-01-13 18:32:51 - [MESSAGE][INFO] - User set preference: ['acceptInsecureCerts', 'true']

2023-01-13 18:32:51 - [MESSAGE][INFO] - Action delay is set to 0 milliseconds

2023-01-13 18:32:53 - [MESSAGE][PASSED] - Browser is opened with url: 'https://dev-algorithm.govolution.com/vlinktest/QA/version_2_0/auth.html'

2023-01-13 18:32:53 - [TEST_STEP][PASSED] - maximizeWindow(): Current window maximized

2023-01-13 18:32:53 - [MESSAGE][PASSED] - Current window maximized

2023-01-13 18:32:53 - [TEST_STEP][PASSED] - maximizeWindow(): Current window maximized

2023-01-13 18:32:53 - [MESSAGE][PASSED] - Current window maximized

2023-01-13 18:32:53 - [TEST_STEP][PASSED] - setText(findTestObject("Object Repository/RecAndPlayBk/Page-Vlink-AuthOnly/txt_TransactionType"), tranType): Text '104' is set on object 'Object Repository/RecAndPlayBk/Page-Vlink-AuthOnly/txt_TransactionType'

2023-01-13 18:32:54 - [MESSAGE][PASSED] - Text '104' is set on object 'Object Repository/RecAndPlayBk/Page-Vlink-AuthOnly/txt_TransactionType'

2023-01-13 18:32:54 - [TEST_STEP][PASSED] - setText(findTestObject("Object Repository/RecAndPlayBk/Page-Vlink-AuthOnly/txt_MessageVersion"), mv): Text '2.0C' is set on object 'Object Repository/RecAndPlayBk/Page-Vlink-AuthOnly/txt_MessageVersion'

2023-01-13 18:32:55 - [MESSAGE][PASSED] - Text '2.0C' is set on object 'Object Repository/RecAndPlayBk/Page-Vlink-AuthOnly/txt_MessageVersion'

2023-01-13 18:32:55 - [TEST_STEP][PASSED] - genRemID = RandomStringUtils.random(12, true, true): null

2023-01-13 18:32:55 - [TEST_STEP][PASSED] - setText(findTestObject("Object Repository/RecAndPlayBk/Page-Vlink-AuthOnly/input_Remittance Id_remittance_id"), genRemID): Text 'iep3aDLJK0c7' is set on object 'Object Repository/RecAndPlayBk/Page-Vlink-AuthOnly/input_Remittance Id_remittance_id'

2023-01-13 18:32:56 - [MESSAGE][PASSED] - Text 'iep3aDLJK0c7' is set on object 'Object Repository/RecAndPlayBk/Page-Vlink-AuthOnly/input_Remittance Id_remittance_id'

2023-01-13 18:32:56 - [TEST_STEP][PASSED] - setText(findTestObject("Object Repository/RecAndPlayBk/Page-Vlink-AuthOnly/input_Application Id_application_id"), appID): Text '' is set on object 'Object Repository/RecAndPlayBk/Page-Vlink-AuthOnly/input_Application Id_application_id'

2023-01-13 18:32:56 - [MESSAGE][PASSED] - Text '' is set on object 'Object Repository/RecAndPlayBk/Page-Vlink-AuthOnly/input_Application Id_application_id'

2023-01-13 18:32:56 - [TEST_STEP][PASSED] - setText(findTestObject("Object Repository/RecAndPlayBk/Page-Vlink-AuthOnly/input_Username_username"), username): Text 'username' is set on object 'Object Repository/RecAndPlayBk/Page-Vlink-AuthOnly/input_Username_username'

2023-01-13 18:32:57 - [MESSAGE][PASSED] - Text 'username' is set on object 'Object Repository/RecAndPlayBk/Page-Vlink-AuthOnly/input_Username_username'

2023-01-13 18:32:57 - [TEST_STEP][PASSED] - setText(findTestObject("Object Repository/RecAndPlayBk/Page-Vlink-AuthOnly/input_Password_password"), password): Text 'password' is set on object 'Object Repository/RecAndPlayBk/Page-Vlink-AuthOnly/input_Password_password'

2023-01-13 18:32:58 - [MESSAGE][PASSED] - Text 'password' is set on object 'Object Repository/RecAndPlayBk/Page-Vlink-AuthOnly/input_Password_password'

2023-01-13 18:32:58 - [TEST_STEP][PASSED] - setText(findTestObject("Object Repository/RecAndPlayBk/Page-Vlink-AuthOnly/txt_ResponseFormat"), resFormat): Text 'fixed_width' is set on object 'Object Repository/RecAndPlayBk/Page-Vlink-AuthOnly/txt_ResponseFormat'

2023-01-13 18:32:59 - [MESSAGE][PASSED] - Text 'fixed_width' is set on object 'Object Repository/RecAndPlayBk/Page-Vlink-AuthOnly/txt_ResponseFormat'

2023-01-13 18:32:59 - [TEST_STEP][PASSED] - setText(findTestObject("Object Repository/RecAndPlayBk/Page-Vlink-AuthOnly/input_Category_category"), category): Text 'ECOM' is set on object 'Object Repository/RecAndPlayBk/Page-Vlink-AuthOnly/input_Category_category'

2023-01-13 18:33:00 - [MESSAGE][PASSED] - Text 'ECOM' is set on object 'Object Repository/RecAndPlayBk/Page-Vlink-AuthOnly/input_Category_category'

2023-01-13 18:33:00 - [TEST_STEP][PASSED] - setText(findTestObject("Object Repository/RecAndPlayBk/Page-Vlink-AuthOnly/txt_CardName"), cardName): Text 'Kris Roshan' is set on object 'Object Repository/RecAndPlayBk/Page-Vlink-AuthOnly/txt_CardName'

2023-01-13 18:33:01 - [MESSAGE][PASSED] - Text 'Kris Roshan' is set on object 'Object Repository/RecAndPlayBk/Page-Vlink-AuthOnly/txt_CardName'

2023-01-13 18:33:01 - [TEST_STEP][PASSED] - setText(findTestObject("Object Repository/RecAndPlayBk/Page-Vlink-AuthOnly/txt_AL1"), al1): Text '258 Elm Road' is set on object 'Object Repository/RecAndPlayBk/Page-Vlink-AuthOnly/txt_AL1'

2023-01-13 18:33:02 - [MESSAGE][PASSED] - Text '258 Elm Road' is set on object 'Object Repository/RecAndPlayBk/Page-Vlink-AuthOnly/txt_AL1'

2023-01-13 18:33:02 - [TEST_STEP][PASSED] - setText(findTestObject("Object Repository/RecAndPlayBk/Page-Vlink-AuthOnly/txt_CardCity"), city): Text 'Arlington' is set on object 'Object Repository/RecAndPlayBk/Page-Vlink-AuthOnly/txt_CardCity'

2023-01-13 18:33:03 - [MESSAGE][PASSED] - Text 'Arlington' is set on object 'Object Repository/RecAndPlayBk/Page-Vlink-AuthOnly/txt_CardCity'

2023-01-13 18:33:03 - [TEST_STEP][PASSED] - setText(findTestObject("Object Repository/RecAndPlayBk/Page-Vlink-AuthOnly/txt_CardState"), state): Text 'VA' is set on object 'Object Repository/RecAndPlayBk/Page-Vlink-AuthOnly/txt_CardState'

2023-01-13 18:33:04 - [MESSAGE][PASSED] - Text 'VA' is set on object 'Object Repository/RecAndPlayBk/Page-Vlink-AuthOnly/txt_CardState'

2023-01-13 18:33:04 - [TEST_STEP][PASSED] - setText(findTestObject("Object Repository/RecAndPlayBk/Page-Vlink-AuthOnly/txt_CardZIP"), zip): Text '22201' is set on object 'Object Repository/RecAndPlayBk/Page-Vlink-AuthOnly/txt_CardZIP'

2023-01-13 18:33:04 - [MESSAGE][PASSED] - Text '22201' is set on object 'Object Repository/RecAndPlayBk/Page-Vlink-AuthOnly/txt_CardZIP'

2023-01-13 18:33:04 - [TEST_STEP][PASSED] - setText(findTestObject("Object Repository/RecAndPlayBk/Page-Vlink-AuthOnly/input_Amount_amount"), amount): Text '1.50' is set on object 'Object Repository/RecAndPlayBk/Page-Vlink-AuthOnly/input_Amount_amount'

2023-01-13 18:33:05 - [MESSAGE][PASSED] - Text '1.50' is set on object 'Object Repository/RecAndPlayBk/Page-Vlink-AuthOnly/input_Amount_amount'

2023-01-13 18:33:05 - [TEST_STEP][PASSED] - setText(findTestObject("Object Repository/RecAndPlayBk/Page-Vlink-AuthOnly/input_Card number_card_number"), cardNumber): Text '4111111111111111' is set on object 'Object Repository/RecAndPlayBk/Page-Vlink-AuthOnly/input_Card number_card_number'

2023-01-13 18:33:06 - [MESSAGE][PASSED] - Text '4111111111111111' is set on object 'Object Repository/RecAndPlayBk/Page-Vlink-AuthOnly/input_Card number_card_number'

2023-01-13 18:33:06 - [TEST_STEP][PASSED] - setText(findTestObject("Object Repository/RecAndPlayBk/Page-Vlink-AuthOnly/input_Card ex month_card_exmo"), exM): Text '12' is set on object 'Object Repository/RecAndPlayBk/Page-Vlink-AuthOnly/input_Card ex month_card_exmo'

2023-01-13 18:33:07 - [MESSAGE][PASSED] - Text '12' is set on object 'Object Repository/RecAndPlayBk/Page-Vlink-AuthOnly/input_Card ex month_card_exmo'

2023-01-13 18:33:07 - [TEST_STEP][PASSED] - setText(findTestObject("Object Repository/RecAndPlayBk/Page-Vlink-AuthOnly/input_Card ex year_card_exyr"), exY): Text '2025' is set on object 'Object Repository/RecAndPlayBk/Page-Vlink-AuthOnly/input_Card ex year_card_exyr'

2023-01-13 18:33:08 - [MESSAGE][PASSED] - Text '2025' is set on object 'Object Repository/RecAndPlayBk/Page-Vlink-AuthOnly/input_Card ex year_card_exyr'

2023-01-13 18:33:08 - [TEST_STEP][PASSED] - setText(findTestObject("Object Repository/RecAndPlayBk/Page-Vlink-AuthOnly/input_Track Data_track_data"), ""): Text '' is set on object 'Object Repository/RecAndPlayBk/Page-Vlink-AuthOnly/input_Track Data_track_data'

2023-01-13 18:33:08 - [MESSAGE][PASSED] - Text '' is set on object 'Object Repository/RecAndPlayBk/Page-Vlink-AuthOnly/input_Track Data_track_data'

2023-01-13 18:33:08 - [TEST_STEP][PASSED] - setText(findTestObject("Object Repository/RecAndPlayBk/Page-Vlink-AuthOnly/input_concat(Cardholder, , s email)_email"), ""): Text '' is set on object 'Object Repository/RecAndPlayBk/Page-Vlink-AuthOnly/input_concat(Cardholder, , s email)_email'

2023-01-13 18:33:09 - [MESSAGE][PASSED] - Text '' is set on object 'Object Repository/RecAndPlayBk/Page-Vlink-AuthOnly/input_concat(Cardholder, , s email)_email'

2023-01-13 18:33:09 - [TEST_STEP][PASSED] - click(findTestObject("Object Repository/RecAndPlayBk/Page-Vlink-AuthOnly/input_user_defined10_user_defined10")): Object: 'Object Repository/RecAndPlayBk/Page-Vlink-AuthOnly/input_user_defined10_user_defined10' is clicked on

2023-01-13 18:33:10 - [MESSAGE][PASSED] - Object: 'Object Repository/RecAndPlayBk/Page-Vlink-AuthOnly/input_user_defined10_user_defined10' is clicked on

2023-01-13 18:33:10 - [TEST_STEP][PASSED] - setText(findTestObject("Object Repository/RecAndPlayBk/Page-Vlink-AuthOnly/input_Card on File Indicator_card_on_file_i_157dae"), ""): Text '' is set on object 'Object Repository/RecAndPlayBk/Page-Vlink-AuthOnly/input_Card on File Indicator_card_on_file_i_157dae'

2023-01-13 18:33:10 - [MESSAGE][PASSED] - Text '' is set on object 'Object Repository/RecAndPlayBk/Page-Vlink-AuthOnly/input_Card on File Indicator_card_on_file_i_157dae'

2023-01-13 18:33:10 - [TEST_STEP][PASSED] - setText(findTestObject("Object Repository/RecAndPlayBk/Page-Vlink-AuthOnly/input_Stored Credential Indicator_stored_cr_4ae73c"), ""): Text '' is set on object 'Object Repository/RecAndPlayBk/Page-Vlink-AuthOnly/input_Stored Credential Indicator_stored_cr_4ae73c'

2023-01-13 18:33:11 - [MESSAGE][PASSED] - Text '' is set on object 'Object Repository/RecAndPlayBk/Page-Vlink-AuthOnly/input_Stored Credential Indicator_stored_cr_4ae73c'

2023-01-13 18:33:11 - [TEST_STEP][PASSED] - setText(findTestObject("Object Repository/RecAndPlayBk/Page-Vlink-AuthOnly/input_COF Scheduled indicator_cof_scheduled_8df7d8"), ""): Text '' is set on object 'Object Repository/RecAndPlayBk/Page-Vlink-AuthOnly/input_COF Scheduled indicator_cof_scheduled_8df7d8'

2023-01-13 18:33:12 - [MESSAGE][PASSED] - Text '' is set on object 'Object Repository/RecAndPlayBk/Page-Vlink-AuthOnly/input_COF Scheduled indicator_cof_scheduled_8df7d8'

2023-01-13 18:33:12 - [TEST_STEP][PASSED] - setText(findTestObject("Object Repository/RecAndPlayBk/Page-Vlink-AuthOnly/input_COF Transaction Initiated by_cof_tran_6cded5"), ""): Text '' is set on object 'Object Repository/RecAndPlayBk/Page-Vlink-AuthOnly/input_COF Transaction Initiated by_cof_tran_6cded5'

2023-01-13 18:33:13 - [MESSAGE][PASSED] - Text '' is set on object 'Object Repository/RecAndPlayBk/Page-Vlink-AuthOnly/input_COF Transaction Initiated by_cof_tran_6cded5'

2023-01-13 18:33:13 - [TEST_STEP][PASSED] - click(findTestObject("Object Repository/RecAndPlayBk/Page-Vlink-AuthOnly/input")): Object: 'Object Repository/RecAndPlayBk/Page-Vlink-AuthOnly/input' is clicked on

2023-01-13 18:33:14 - [MESSAGE][PASSED] - Object: 'Object Repository/RecAndPlayBk/Page-Vlink-AuthOnly/input' is clicked on

2023-01-13 18:33:14 - [TEST_STEP][PASSED] - if (verifyTextPresent(errorMsg, true)): null

2023-01-13 18:33:14 - [MESSAGE][PASSED] - Text 'Missing parameter: application_id' is present on page  using regular expression

2023-01-13 18:33:14 - [TEST_STEP][PASSED] - println("Error Message is present on the Confirmation page"): null

2023-01-13 18:33:14 - [TEST_STEP][PASSED] - out.println("Pass Record Number: " + row): null

2023-01-13 18:33:14 - [TEST_STEP][PASSED] - resText = "Pass": null

2023-01-13 18:33:14 - [TEST_STEP][PASSED] - pages.WriteExcel.demoKey(resText, datText, resColumn, datCloumn, fileLoc, nameSheet, row): pages.WriteExcel.demoKey is PASSED

2023-01-13 18:33:14 - [MESSAGE][PASSED] - pages.WriteExcel.demoKey is PASSED

2023-01-13 18:33:14 - [TEST_STEP][PASSED] - ExecuteTC = findTestData(dataFile).getValue("Execute", row): null

2023-01-13 18:33:14 - [TEST_STEP][PASSED] - out.println("Value of Execute is : " + ExecuteTC): null

2023-01-13 18:33:14 - [TEST_STEP][PASSED] - if (ExecuteTC.equalsIgnoreCase("Y")): null

2023-01-13 18:33:14 - [TEST_STEP][PASSED] - out.println("Begin Record Number: " + row): null

2023-01-13 18:33:14 - [TEST_STEP][PASSED] - today = new java.util.Date(): null

2023-01-13 18:33:14 - [TEST_STEP][PASSED] - println(today): null

2023-01-13 18:33:14 - [TEST_STEP][PASSED] - datText = today: null

2023-01-13 18:33:14 - [TEST_STEP][PASSED] - errorMsg = findTestData(dataFile).getValue("ErrorMsg", row): null

2023-01-13 18:33:14 - [TEST_STEP][PASSED] - appID = findTestData(dataFile).getValue("AppID", row): null

2023-01-13 18:33:14 - [TEST_STEP][PASSED] - username = findTestData(dataFile).getValue("Username", row): null

2023-01-13 18:33:14 - [TEST_STEP][PASSED] - password = findTestData(dataFile).getValue("Password", row): null

2023-01-13 18:33:14 - [TEST_STEP][PASSED] - tranType = findTestData(dataFile).getValue("TranType", row): null

2023-01-13 18:33:14 - [TEST_STEP][PASSED] - mv = findTestData(dataFile).getValue("MV", row): null

2023-01-13 18:33:14 - [TEST_STEP][PASSED] - resFormat = findTestData(dataFile).getValue("ResFormat", row): null

2023-01-13 18:33:15 - [TEST_STEP][PASSED] - category = findTestData(dataFile).getValue("Category", row): null

2023-01-13 18:33:15 - [TEST_STEP][PASSED] - amount = findTestData(dataFile).getValue("Amount", row): null

2023-01-13 18:33:15 - [TEST_STEP][PASSED] - cardName = findTestData(dataFile).getValue("CardName", row): null

2023-01-13 18:33:15 - [TEST_STEP][PASSED] - al1 = findTestData(dataFile).getValue("AL1", row): null

2023-01-13 18:33:15 - [TEST_STEP][PASSED] - city = findTestData(dataFile).getValue("City", row): null

2023-01-13 18:33:15 - [TEST_STEP][PASSED] - state = findTestData(dataFile).getValue("State", row): null

2023-01-13 18:33:15 - [TEST_STEP][PASSED] - zip = findTestData(dataFile).getValue("ZIP", row): null

2023-01-13 18:33:15 - [TEST_STEP][PASSED] - cardNumber = findTestData(dataFile).getValue("CardNumber", row): null

2023-01-13 18:33:15 - [TEST_STEP][PASSED] - exM = findTestData(dataFile).getValue("ExM", row): null

2023-01-13 18:33:15 - [TEST_STEP][PASSED] - exY = findTestData(dataFile).getValue("ExY", row): null

2023-01-13 18:33:15 - [TEST_STEP][PASSED] - openBrowser(VLinkURL + "auth.html"): Browser is opened with url: 'https://dev-algorithm.govolution.com/vlinktest/QA/version_2_0/auth.html'

2023-01-13 18:33:15 - [MESSAGE][WARNING] - A browser is already opened. Closing browser and opening a new one

2023-01-13 18:33:16 - [MESSAGE][INFO] - Starting 'Chrome' driver

2023-01-13 18:33:16 - [MESSAGE][INFO] - User set preference: ['acceptInsecureCerts', 'true']

2023-01-13 18:33:16 - [MESSAGE][INFO] - Action delay is set to 0 milliseconds

2023-01-13 18:33:18 - [MESSAGE][PASSED] - Browser is opened with url: 'https://dev-algorithm.govolution.com/vlinktest/QA/version_2_0/auth.html'

2023-01-13 18:33:18 - [TEST_STEP][PASSED] - maximizeWindow(): Current window maximized

2023-01-13 18:33:18 - [MESSAGE][PASSED] - Current window maximized

2023-01-13 18:33:18 - [TEST_STEP][PASSED] - maximizeWindow(): Current window maximized

2023-01-13 18:33:18 - [MESSAGE][PASSED] - Current window maximized

2023-01-13 18:33:18 - [TEST_STEP][PASSED] - setText(findTestObject("Object Repository/RecAndPlayBk/Page-Vlink-AuthOnly/txt_TransactionType"), tranType): Text '104' is set on object 'Object Repository/RecAndPlayBk/Page-Vlink-AuthOnly/txt_TransactionType'

2023-01-13 18:33:19 - [MESSAGE][PASSED] - Text '104' is set on object 'Object Repository/RecAndPlayBk/Page-Vlink-AuthOnly/txt_TransactionType'

2023-01-13 18:33:19 - [TEST_STEP][PASSED] - setText(findTestObject("Object Repository/RecAndPlayBk/Page-Vlink-AuthOnly/txt_MessageVersion"), mv): Text '2.0C' is set on object 'Object Repository/RecAndPlayBk/Page-Vlink-AuthOnly/txt_MessageVersion'

2023-01-13 18:33:20 - [MESSAGE][PASSED] - Text '2.0C' is set on object 'Object Repository/RecAndPlayBk/Page-Vlink-AuthOnly/txt_MessageVersion'

2023-01-13 18:33:20 - [TEST_STEP][PASSED] - genRemID = RandomStringUtils.random(12, true, true): null

2023-01-13 18:33:20 - [TEST_STEP][PASSED] - setText(findTestObject("Object Repository/RecAndPlayBk/Page-Vlink-AuthOnly/input_Remittance Id_remittance_id"), genRemID): Text 'Nbj8twiURbOK' is set on object 'Object Repository/RecAndPlayBk/Page-Vlink-AuthOnly/input_Remittance Id_remittance_id'

2023-01-13 18:33:21 - [MESSAGE][PASSED] - Text 'Nbj8twiURbOK' is set on object 'Object Repository/RecAndPlayBk/Page-Vlink-AuthOnly/input_Remittance Id_remittance_id'

2023-01-13 18:33:21 - [TEST_STEP][PASSED] - setText(findTestObject("Object Repository/RecAndPlayBk/Page-Vlink-AuthOnly/input_Application Id_application_id"), appID): Text '' is set on object 'Object Repository/RecAndPlayBk/Page-Vlink-AuthOnly/input_Application Id_application_id'

2023-01-13 18:33:22 - [MESSAGE][PASSED] - Text '' is set on object 'Object Repository/RecAndPlayBk/Page-Vlink-AuthOnly/input_Application Id_application_id'

2023-01-13 18:33:22 - [TEST_STEP][PASSED] - setText(findTestObject("Object Repository/RecAndPlayBk/Page-Vlink-AuthOnly/input_Username_username"), username): Text 'username' is set on object 'Object Repository/RecAndPlayBk/Page-Vlink-AuthOnly/input_Username_username'

2023-01-13 18:33:23 - [MESSAGE][PASSED] - Text 'username' is set on object 'Object Repository/RecAndPlayBk/Page-Vlink-AuthOnly/input_Username_username'

2023-01-13 18:33:23 - [TEST_STEP][PASSED] - setText(findTestObject("Object Repository/RecAndPlayBk/Page-Vlink-AuthOnly/input_Password_password"), password): Text 'password' is set on object 'Object Repository/RecAndPlayBk/Page-Vlink-AuthOnly/input_Password_password'

2023-01-13 18:33:23 - [MESSAGE][PASSED] - Text 'password' is set on object 'Object Repository/RecAndPlayBk/Page-Vlink-AuthOnly/input_Password_password'

2023-01-13 18:33:23 - [TEST_STEP][PASSED] - setText(findTestObject("Object Repository/RecAndPlayBk/Page-Vlink-AuthOnly/txt_ResponseFormat"), resFormat): Text 'fixed_width' is set on object 'Object Repository/RecAndPlayBk/Page-Vlink-AuthOnly/txt_ResponseFormat'

2023-01-13 18:33:24 - [MESSAGE][PASSED] - Text 'fixed_width' is set on object 'Object Repository/RecAndPlayBk/Page-Vlink-AuthOnly/txt_ResponseFormat'

2023-01-13 18:33:24 - [TEST_STEP][PASSED] - setText(findTestObject("Object Repository/RecAndPlayBk/Page-Vlink-AuthOnly/input_Category_category"), category): Text 'MOTO' is set on object 'Object Repository/RecAndPlayBk/Page-Vlink-AuthOnly/input_Category_category'

2023-01-13 18:33:25 - [MESSAGE][PASSED] - Text 'MOTO' is set on object 'Object Repository/RecAndPlayBk/Page-Vlink-AuthOnly/input_Category_category'

2023-01-13 18:33:25 - [TEST_STEP][PASSED] - setText(findTestObject("Object Repository/RecAndPlayBk/Page-Vlink-AuthOnly/txt_CardName"), cardName): Text 'Kris Roshan' is set on object 'Object Repository/RecAndPlayBk/Page-Vlink-AuthOnly/txt_CardName'

2023-01-13 18:33:26 - [MESSAGE][PASSED] - Text 'Kris Roshan' is set on object 'Object Repository/RecAndPlayBk/Page-Vlink-AuthOnly/txt_CardName'

2023-01-13 18:33:26 - [TEST_STEP][PASSED] - setText(findTestObject("Object Repository/RecAndPlayBk/Page-Vlink-AuthOnly/txt_AL1"), al1): Text '258 Elm Road' is set on object 'Object Repository/RecAndPlayBk/Page-Vlink-AuthOnly/txt_AL1'

2023-01-13 18:33:27 - [MESSAGE][PASSED] - Text '258 Elm Road' is set on object 'Object Repository/RecAndPlayBk/Page-Vlink-AuthOnly/txt_AL1'

2023-01-13 18:33:27 - [TEST_STEP][PASSED] - setText(findTestObject("Object Repository/RecAndPlayBk/Page-Vlink-AuthOnly/txt_CardCity"), city): Text 'Arlington' is set on object 'Object Repository/RecAndPlayBk/Page-Vlink-AuthOnly/txt_CardCity'

2023-01-13 18:33:27 - [MESSAGE][PASSED] - Text 'Arlington' is set on object 'Object Repository/RecAndPlayBk/Page-Vlink-AuthOnly/txt_CardCity'

2023-01-13 18:33:27 - [TEST_STEP][PASSED] - setText(findTestObject("Object Repository/RecAndPlayBk/Page-Vlink-AuthOnly/txt_CardState"), state): Text 'VA' is set on object 'Object Repository/RecAndPlayBk/Page-Vlink-AuthOnly/txt_CardState'

2023-01-13 18:33:28 - [MESSAGE][PASSED] - Text 'VA' is set on object 'Object Repository/RecAndPlayBk/Page-Vlink-AuthOnly/txt_CardState'

2023-01-13 18:33:28 - [TEST_STEP][PASSED] - setText(findTestObject("Object Repository/RecAndPlayBk/Page-Vlink-AuthOnly/txt_CardZIP"), zip): Text '22201' is set on object 'Object Repository/RecAndPlayBk/Page-Vlink-AuthOnly/txt_CardZIP'

2023-01-13 18:33:29 - [MESSAGE][PASSED] - Text '22201' is set on object 'Object Repository/RecAndPlayBk/Page-Vlink-AuthOnly/txt_CardZIP'

2023-01-13 18:33:29 - [TEST_STEP][PASSED] - setText(findTestObject("Object Repository/RecAndPlayBk/Page-Vlink-AuthOnly/input_Amount_amount"), amount): Text '1.50' is set on object 'Object Repository/RecAndPlayBk/Page-Vlink-AuthOnly/input_Amount_amount'

2023-01-13 18:33:30 - [MESSAGE][PASSED] - Text '1.50' is set on object 'Object Repository/RecAndPlayBk/Page-Vlink-AuthOnly/input_Amount_amount'

2023-01-13 18:33:30 - [TEST_STEP][PASSED] - setText(findTestObject("Object Repository/RecAndPlayBk/Page-Vlink-AuthOnly/input_Card number_card_number"), cardNumber): Text '4111111111111111' is set on object 'Object Repository/RecAndPlayBk/Page-Vlink-AuthOnly/input_Card number_card_number'

2023-01-13 18:33:31 - [MESSAGE][PASSED] - Text '4111111111111111' is set on object 'Object Repository/RecAndPlayBk/Page-Vlink-AuthOnly/input_Card number_card_number'

2023-01-13 18:33:31 - [TEST_STEP][PASSED] - setText(findTestObject("Object Repository/RecAndPlayBk/Page-Vlink-AuthOnly/input_Card ex month_card_exmo"), exM): Text '12' is set on object 'Object Repository/RecAndPlayBk/Page-Vlink-AuthOnly/input_Card ex month_card_exmo'

2023-01-13 18:33:31 - [MESSAGE][PASSED] - Text '12' is set on object 'Object Repository/RecAndPlayBk/Page-Vlink-AuthOnly/input_Card ex month_card_exmo'

2023-01-13 18:33:31 - [TEST_STEP][PASSED] - setText(findTestObject("Object Repository/RecAndPlayBk/Page-Vlink-AuthOnly/input_Card ex year_card_exyr"), exY): Text '2025' is set on object 'Object Repository/RecAndPlayBk/Page-Vlink-AuthOnly/input_Card ex year_card_exyr'

2023-01-13 18:33:32 - [MESSAGE][PASSED] - Text '2025' is set on object 'Object Repository/RecAndPlayBk/Page-Vlink-AuthOnly/input_Card ex year_card_exyr'

2023-01-13 18:33:32 - [TEST_STEP][PASSED] - setText(findTestObject("Object Repository/RecAndPlayBk/Page-Vlink-AuthOnly/input_Track Data_track_data"), ""): Text '' is set on object 'Object Repository/RecAndPlayBk/Page-Vlink-AuthOnly/input_Track Data_track_data'

2023-01-13 18:33:33 - [MESSAGE][PASSED] - Text '' is set on object 'Object Repository/RecAndPlayBk/Page-Vlink-AuthOnly/input_Track Data_track_data'

2023-01-13 18:33:33 - [TEST_STEP][PASSED] - setText(findTestObject("Object Repository/RecAndPlayBk/Page-Vlink-AuthOnly/input_concat(Cardholder, , s email)_email"), ""): Text '' is set on object 'Object Repository/RecAndPlayBk/Page-Vlink-AuthOnly/input_concat(Cardholder, , s email)_email'

2023-01-13 18:33:34 - [MESSAGE][PASSED] - Text '' is set on object 'Object Repository/RecAndPlayBk/Page-Vlink-AuthOnly/input_concat(Cardholder, , s email)_email'

2023-01-13 18:33:34 - [TEST_STEP][PASSED] - click(findTestObject("Object Repository/RecAndPlayBk/Page-Vlink-AuthOnly/input_user_defined10_user_defined10")): Object: 'Object Repository/RecAndPlayBk/Page-Vlink-AuthOnly/input_user_defined10_user_defined10' is clicked on

2023-01-13 18:33:34 - [MESSAGE][PASSED] - Object: 'Object Repository/RecAndPlayBk/Page-Vlink-AuthOnly/input_user_defined10_user_defined10' is clicked on

2023-01-13 18:33:34 - [TEST_STEP][PASSED] - setText(findTestObject("Object Repository/RecAndPlayBk/Page-Vlink-AuthOnly/input_Card on File Indicator_card_on_file_i_157dae"), ""): Text '' is set on object 'Object Repository/RecAndPlayBk/Page-Vlink-AuthOnly/input_Card on File Indicator_card_on_file_i_157dae'

2023-01-13 18:33:35 - [MESSAGE][PASSED] - Text '' is set on object 'Object Repository/RecAndPlayBk/Page-Vlink-AuthOnly/input_Card on File Indicator_card_on_file_i_157dae'

2023-01-13 18:33:35 - [TEST_STEP][PASSED] - setText(findTestObject("Object Repository/RecAndPlayBk/Page-Vlink-AuthOnly/input_Stored Credential Indicator_stored_cr_4ae73c"), ""): Text '' is set on object 'Object Repository/RecAndPlayBk/Page-Vlink-AuthOnly/input_Stored Credential Indicator_stored_cr_4ae73c'

2023-01-13 18:33:36 - [MESSAGE][PASSED] - Text '' is set on object 'Object Repository/RecAndPlayBk/Page-Vlink-AuthOnly/input_Stored Credential Indicator_stored_cr_4ae73c'

2023-01-13 18:33:36 - [TEST_STEP][PASSED] - setText(findTestObject("Object Repository/RecAndPlayBk/Page-Vlink-AuthOnly/input_COF Scheduled indicator_cof_scheduled_8df7d8"), ""): Text '' is set on object 'Object Repository/RecAndPlayBk/Page-Vlink-AuthOnly/input_COF Scheduled indicator_cof_scheduled_8df7d8'

2023-01-13 18:33:37 - [MESSAGE][PASSED] - Text '' is set on object 'Object Repository/RecAndPlayBk/Page-Vlink-AuthOnly/input_COF Scheduled indicator_cof_scheduled_8df7d8'

2023-01-13 18:33:37 - [TEST_STEP][PASSED] - setText(findTestObject("Object Repository/RecAndPlayBk/Page-Vlink-AuthOnly/input_COF Transaction Initiated by_cof_tran_6cded5"), ""): Text '' is set on object 'Object Repository/RecAndPlayBk/Page-Vlink-AuthOnly/input_COF Transaction Initiated by_cof_tran_6cded5'

2023-01-13 18:33:38 - [MESSAGE][PASSED] - Text '' is set on object 'Object Repository/RecAndPlayBk/Page-Vlink-AuthOnly/input_COF Transaction Initiated by_cof_tran_6cded5'

2023-01-13 18:33:38 - [TEST_STEP][PASSED] - click(findTestObject("Object Repository/RecAndPlayBk/Page-Vlink-AuthOnly/input")): Object: 'Object Repository/RecAndPlayBk/Page-Vlink-AuthOnly/input' is clicked on

2023-01-13 18:33:38 - [MESSAGE][PASSED] - Object: 'Object Repository/RecAndPlayBk/Page-Vlink-AuthOnly/input' is clicked on

2023-01-13 18:33:38 - [TEST_STEP][PASSED] - if (verifyTextPresent(errorMsg, true)): null

2023-01-13 18:33:39 - [MESSAGE][PASSED] - Text 'Missing parameter: application_id' is present on page  using regular expression

2023-01-13 18:33:39 - [TEST_STEP][PASSED] - println("Error Message is present on the Confirmation page"): null

2023-01-13 18:33:39 - [TEST_STEP][PASSED] - out.println("Pass Record Number: " + row): null

2023-01-13 18:33:39 - [TEST_STEP][PASSED] - resText = "Pass": null

2023-01-13 18:33:39 - [TEST_STEP][PASSED] - pages.WriteExcel.demoKey(resText, datText, resColumn, datCloumn, fileLoc, nameSheet, row): pages.WriteExcel.demoKey is PASSED

2023-01-13 18:33:39 - [MESSAGE][PASSED] - pages.WriteExcel.demoKey is PASSED

2023-01-13 18:33:39 - [TEST_STEP][PASSED] - ExecuteTC = findTestData(dataFile).getValue("Execute", row): null

2023-01-13 18:33:39 - [TEST_STEP][PASSED] - out.println("Value of Execute is : " + ExecuteTC): null

2023-01-13 18:33:39 - [TEST_STEP][PASSED] - if (ExecuteTC.equalsIgnoreCase("Y")): null

2023-01-13 18:33:39 - [TEST_STEP][PASSED] - out.println("Begin Record Number: " + row): null

2023-01-13 18:33:39 - [TEST_STEP][PASSED] - today = new java.util.Date(): null

2023-01-13 18:33:39 - [TEST_STEP][PASSED] - println(today): null

2023-01-13 18:33:39 - [TEST_STEP][PASSED] - datText = today: null

2023-01-13 18:33:39 - [TEST_STEP][PASSED] - errorMsg = findTestData(dataFile).getValue("ErrorMsg", row): null

2023-01-13 18:33:39 - [TEST_STEP][PASSED] - appID = findTestData(dataFile).getValue("AppID", row): null

2023-01-13 18:33:39 - [TEST_STEP][PASSED] - username = findTestData(dataFile).getValue("Username", row): null

2023-01-13 18:33:39 - [TEST_STEP][PASSED] - password = findTestData(dataFile).getValue("Password", row): null

2023-01-13 18:33:39 - [TEST_STEP][PASSED] - tranType = findTestData(dataFile).getValue("TranType", row): null

2023-01-13 18:33:39 - [TEST_STEP][PASSED] - mv = findTestData(dataFile).getValue("MV", row): null

2023-01-13 18:33:39 - [TEST_STEP][PASSED] - resFormat = findTestData(dataFile).getValue("ResFormat", row): null

2023-01-13 18:33:39 - [TEST_STEP][PASSED] - category = findTestData(dataFile).getValue("Category", row): null

2023-01-13 18:33:39 - [TEST_STEP][PASSED] - amount = findTestData(dataFile).getValue("Amount", row): null

2023-01-13 18:33:39 - [TEST_STEP][PASSED] - cardName = findTestData(dataFile).getValue("CardName", row): null

2023-01-13 18:33:40 - [TEST_STEP][PASSED] - al1 = findTestData(dataFile).getValue("AL1", row): null

2023-01-13 18:33:40 - [TEST_STEP][PASSED] - city = findTestData(dataFile).getValue("City", row): null

2023-01-13 18:33:40 - [TEST_STEP][PASSED] - state = findTestData(dataFile).getValue("State", row): null

2023-01-13 18:33:40 - [TEST_STEP][PASSED] - zip = findTestData(dataFile).getValue("ZIP", row): null

2023-01-13 18:33:40 - [TEST_STEP][PASSED] - cardNumber = findTestData(dataFile).getValue("CardNumber", row): null

2023-01-13 18:33:40 - [TEST_STEP][PASSED] - exM = findTestData(dataFile).getValue("ExM", row): null

2023-01-13 18:33:40 - [TEST_STEP][PASSED] - exY = findTestData(dataFile).getValue("ExY", row): null

2023-01-13 18:33:40 - [TEST_STEP][PASSED] - openBrowser(VLinkURL + "auth.html"): Browser is opened with url: 'https://dev-algorithm.govolution.com/vlinktest/QA/version_2_0/auth.html'

2023-01-13 18:33:40 - [MESSAGE][WARNING] - A browser is already opened. Closing browser and opening a new one

2023-01-13 18:33:41 - [MESSAGE][INFO] - Starting 'Chrome' driver

2023-01-13 18:33:41 - [MESSAGE][INFO] - User set preference: ['acceptInsecureCerts', 'true']

2023-01-13 18:33:41 - [MESSAGE][INFO] - Action delay is set to 0 milliseconds

2023-01-13 18:33:43 - [MESSAGE][PASSED] - Browser is opened with url: 'https://dev-algorithm.govolution.com/vlinktest/QA/version_2_0/auth.html'

2023-01-13 18:33:43 - [TEST_STEP][PASSED] - maximizeWindow(): Current window maximized

2023-01-13 18:33:43 - [MESSAGE][PASSED] - Current window maximized

2023-01-13 18:33:43 - [TEST_STEP][PASSED] - maximizeWindow(): Current window maximized

2023-01-13 18:33:43 - [MESSAGE][PASSED] - Current window maximized

2023-01-13 18:33:43 - [TEST_STEP][PASSED] - setText(findTestObject("Object Repository/RecAndPlayBk/Page-Vlink-AuthOnly/txt_TransactionType"), tranType): Text '104' is set on object 'Object Repository/RecAndPlayBk/Page-Vlink-AuthOnly/txt_TransactionType'

2023-01-13 18:33:44 - [MESSAGE][PASSED] - Text '104' is set on object 'Object Repository/RecAndPlayBk/Page-Vlink-AuthOnly/txt_TransactionType'

2023-01-13 18:33:44 - [TEST_STEP][PASSED] - setText(findTestObject("Object Repository/RecAndPlayBk/Page-Vlink-AuthOnly/txt_MessageVersion"), mv): Text '2.0C' is set on object 'Object Repository/RecAndPlayBk/Page-Vlink-AuthOnly/txt_MessageVersion'

2023-01-13 18:33:45 - [MESSAGE][PASSED] - Text '2.0C' is set on object 'Object Repository/RecAndPlayBk/Page-Vlink-AuthOnly/txt_MessageVersion'

2023-01-13 18:33:45 - [TEST_STEP][PASSED] - genRemID = RandomStringUtils.random(12, true, true): null

2023-01-13 18:33:45 - [TEST_STEP][PASSED] - setText(findTestObject("Object Repository/RecAndPlayBk/Page-Vlink-AuthOnly/input_Remittance Id_remittance_id"), genRemID): Text '8s7pan1KT1bu' is set on object 'Object Repository/RecAndPlayBk/Page-Vlink-AuthOnly/input_Remittance Id_remittance_id'

2023-01-13 18:33:45 - [MESSAGE][PASSED] - Text '8s7pan1KT1bu' is set on object 'Object Repository/RecAndPlayBk/Page-Vlink-AuthOnly/input_Remittance Id_remittance_id'

2023-01-13 18:33:45 - [TEST_STEP][PASSED] - setText(findTestObject("Object Repository/RecAndPlayBk/Page-Vlink-AuthOnly/input_Application Id_application_id"), appID): Text '' is set on object 'Object Repository/RecAndPlayBk/Page-Vlink-AuthOnly/input_Application Id_application_id'

2023-01-13 18:33:46 - [MESSAGE][PASSED] - Text '' is set on object 'Object Repository/RecAndPlayBk/Page-Vlink-AuthOnly/input_Application Id_application_id'

2023-01-13 18:33:46 - [TEST_STEP][PASSED] - setText(findTestObject("Object Repository/RecAndPlayBk/Page-Vlink-AuthOnly/input_Username_username"), username): Text 'username' is set on object 'Object Repository/RecAndPlayBk/Page-Vlink-AuthOnly/input_Username_username'

2023-01-13 18:33:47 - [MESSAGE][PASSED] - Text 'username' is set on object 'Object Repository/RecAndPlayBk/Page-Vlink-AuthOnly/input_Username_username'

2023-01-13 18:33:47 - [TEST_STEP][PASSED] - setText(findTestObject("Object Repository/RecAndPlayBk/Page-Vlink-AuthOnly/input_Password_password"), password): Text 'password' is set on object 'Object Repository/RecAndPlayBk/Page-Vlink-AuthOnly/input_Password_password'

2023-01-13 18:33:48 - [MESSAGE][PASSED] - Text 'password' is set on object 'Object Repository/RecAndPlayBk/Page-Vlink-AuthOnly/input_Password_password'

2023-01-13 18:33:48 - [TEST_STEP][PASSED] - setText(findTestObject("Object Repository/RecAndPlayBk/Page-Vlink-AuthOnly/txt_ResponseFormat"), resFormat): Text 'fixed_width' is set on object 'Object Repository/RecAndPlayBk/Page-Vlink-AuthOnly/txt_ResponseFormat'

2023-01-13 18:33:49 - [MESSAGE][PASSED] - Text 'fixed_width' is set on object 'Object Repository/RecAndPlayBk/Page-Vlink-AuthOnly/txt_ResponseFormat'

2023-01-13 18:33:49 - [TEST_STEP][PASSED] - setText(findTestObject("Object Repository/RecAndPlayBk/Page-Vlink-AuthOnly/input_Category_category"), category): Text 'RETL' is set on object 'Object Repository/RecAndPlayBk/Page-Vlink-AuthOnly/input_Category_category'

2023-01-13 18:33:50 - [MESSAGE][PASSED] - Text 'RETL' is set on object 'Object Repository/RecAndPlayBk/Page-Vlink-AuthOnly/input_Category_category'

2023-01-13 18:33:50 - [TEST_STEP][PASSED] - setText(findTestObject("Object Repository/RecAndPlayBk/Page-Vlink-AuthOnly/txt_CardName"), cardName): Text 'Kris Roshan' is set on object 'Object Repository/RecAndPlayBk/Page-Vlink-AuthOnly/txt_CardName'

2023-01-13 18:33:50 - [MESSAGE][PASSED] - Text 'Kris Roshan' is set on object 'Object Repository/RecAndPlayBk/Page-Vlink-AuthOnly/txt_CardName'

2023-01-13 18:33:50 - [TEST_STEP][PASSED] - setText(findTestObject("Object Repository/RecAndPlayBk/Page-Vlink-AuthOnly/txt_AL1"), al1): Text '258 Elm Road' is set on object 'Object Repository/RecAndPlayBk/Page-Vlink-AuthOnly/txt_AL1'

2023-01-13 18:33:51 - [MESSAGE][PASSED] - Text '258 Elm Road' is set on object 'Object Repository/RecAndPlayBk/Page-Vlink-AuthOnly/txt_AL1'

2023-01-13 18:33:51 - [TEST_STEP][PASSED] - setText(findTestObject("Object Repository/RecAndPlayBk/Page-Vlink-AuthOnly/txt_CardCity"), city): Text 'Arlington' is set on object 'Object Repository/RecAndPlayBk/Page-Vlink-AuthOnly/txt_CardCity'

2023-01-13 18:33:52 - [MESSAGE][PASSED] - Text 'Arlington' is set on object 'Object Repository/RecAndPlayBk/Page-Vlink-AuthOnly/txt_CardCity'

2023-01-13 18:33:52 - [TEST_STEP][PASSED] - setText(findTestObject("Object Repository/RecAndPlayBk/Page-Vlink-AuthOnly/txt_CardState"), state): Text 'VA' is set on object 'Object Repository/RecAndPlayBk/Page-Vlink-AuthOnly/txt_CardState'

2023-01-13 18:33:53 - [MESSAGE][PASSED] - Text 'VA' is set on object 'Object Repository/RecAndPlayBk/Page-Vlink-AuthOnly/txt_CardState'

2023-01-13 18:33:53 - [TEST_STEP][PASSED] - setText(findTestObject("Object Repository/RecAndPlayBk/Page-Vlink-AuthOnly/txt_CardZIP"), zip): Text '22201' is set on object 'Object Repository/RecAndPlayBk/Page-Vlink-AuthOnly/txt_CardZIP'

2023-01-13 18:33:53 - [MESSAGE][PASSED] - Text '22201' is set on object 'Object Repository/RecAndPlayBk/Page-Vlink-AuthOnly/txt_CardZIP'

2023-01-13 18:33:53 - [TEST_STEP][PASSED] - setText(findTestObject("Object Repository/RecAndPlayBk/Page-Vlink-AuthOnly/input_Amount_amount"), amount): Text '1.50' is set on object 'Object Repository/RecAndPlayBk/Page-Vlink-AuthOnly/input_Amount_amount'

2023-01-13 18:33:54 - [MESSAGE][PASSED] - Text '1.50' is set on object 'Object Repository/RecAndPlayBk/Page-Vlink-AuthOnly/input_Amount_amount'

2023-01-13 18:33:54 - [TEST_STEP][PASSED] - setText(findTestObject("Object Repository/RecAndPlayBk/Page-Vlink-AuthOnly/input_Card number_card_number"), cardNumber): Text '4111111111111111' is set on object 'Object Repository/RecAndPlayBk/Page-Vlink-AuthOnly/input_Card number_card_number'

2023-01-13 18:33:55 - [MESSAGE][PASSED] - Text '4111111111111111' is set on object 'Object Repository/RecAndPlayBk/Page-Vlink-AuthOnly/input_Card number_card_number'

2023-01-13 18:33:55 - [TEST_STEP][PASSED] - setText(findTestObject("Object Repository/RecAndPlayBk/Page-Vlink-AuthOnly/input_Card ex month_card_exmo"), exM): Text '12' is set on object 'Object Repository/RecAndPlayBk/Page-Vlink-AuthOnly/input_Card ex month_card_exmo'

2023-01-13 18:33:56 - [MESSAGE][PASSED] - Text '12' is set on object 'Object Repository/RecAndPlayBk/Page-Vlink-AuthOnly/input_Card ex month_card_exmo'

2023-01-13 18:33:56 - [TEST_STEP][PASSED] - setText(findTestObject("Object Repository/RecAndPlayBk/Page-Vlink-AuthOnly/input_Card ex year_card_exyr"), exY): Text '2025' is set on object 'Object Repository/RecAndPlayBk/Page-Vlink-AuthOnly/input_Card ex year_card_exyr'

2023-01-13 18:33:57 - [MESSAGE][PASSED] - Text '2025' is set on object 'Object Repository/RecAndPlayBk/Page-Vlink-AuthOnly/input_Card ex year_card_exyr'

2023-01-13 18:33:57 - [TEST_STEP][PASSED] - setText(findTestObject("Object Repository/RecAndPlayBk/Page-Vlink-AuthOnly/input_Track Data_track_data"), ""): Text '' is set on object 'Object Repository/RecAndPlayBk/Page-Vlink-AuthOnly/input_Track Data_track_data'

2023-01-13 18:33:58 - [MESSAGE][PASSED] - Text '' is set on object 'Object Repository/RecAndPlayBk/Page-Vlink-AuthOnly/input_Track Data_track_data'

2023-01-13 18:33:58 - [TEST_STEP][PASSED] - setText(findTestObject("Object Repository/RecAndPlayBk/Page-Vlink-AuthOnly/input_concat(Cardholder, , s email)_email"), ""): Text '' is set on object 'Object Repository/RecAndPlayBk/Page-Vlink-AuthOnly/input_concat(Cardholder, , s email)_email'

2023-01-13 18:33:58 - [MESSAGE][PASSED] - Text '' is set on object 'Object Repository/RecAndPlayBk/Page-Vlink-AuthOnly/input_concat(Cardholder, , s email)_email'

2023-01-13 18:33:58 - [TEST_STEP][PASSED] - click(findTestObject("Object Repository/RecAndPlayBk/Page-Vlink-AuthOnly/input_user_defined10_user_defined10")): Object: 'Object Repository/RecAndPlayBk/Page-Vlink-AuthOnly/input_user_defined10_user_defined10' is clicked on

2023-01-13 18:33:59 - [MESSAGE][PASSED] - Object: 'Object Repository/RecAndPlayBk/Page-Vlink-AuthOnly/input_user_defined10_user_defined10' is clicked on

2023-01-13 18:33:59 - [TEST_STEP][PASSED] - setText(findTestObject("Object Repository/RecAndPlayBk/Page-Vlink-AuthOnly/input_Card on File Indicator_card_on_file_i_157dae"), ""): Text '' is set on object 'Object Repository/RecAndPlayBk/Page-Vlink-AuthOnly/input_Card on File Indicator_card_on_file_i_157dae'

2023-01-13 18:34:00 - [MESSAGE][PASSED] - Text '' is set on object 'Object Repository/RecAndPlayBk/Page-Vlink-AuthOnly/input_Card on File Indicator_card_on_file_i_157dae'

2023-01-13 18:34:00 - [TEST_STEP][PASSED] - setText(findTestObject("Object Repository/RecAndPlayBk/Page-Vlink-AuthOnly/input_Stored Credential Indicator_stored_cr_4ae73c"), ""): Text '' is set on object 'Object Repository/RecAndPlayBk/Page-Vlink-AuthOnly/input_Stored Credential Indicator_stored_cr_4ae73c'

2023-01-13 18:34:00 - [MESSAGE][PASSED] - Text '' is set on object 'Object Repository/RecAndPlayBk/Page-Vlink-AuthOnly/input_Stored Credential Indicator_stored_cr_4ae73c'

2023-01-13 18:34:00 - [TEST_STEP][PASSED] - setText(findTestObject("Object Repository/RecAndPlayBk/Page-Vlink-AuthOnly/input_COF Scheduled indicator_cof_scheduled_8df7d8"), ""): Text '' is set on object 'Object Repository/RecAndPlayBk/Page-Vlink-AuthOnly/input_COF Scheduled indicator_cof_scheduled_8df7d8'

2023-01-13 18:34:01 - [MESSAGE][PASSED] - Text '' is set on object 'Object Repository/RecAndPlayBk/Page-Vlink-AuthOnly/input_COF Scheduled indicator_cof_scheduled_8df7d8'

2023-01-13 18:34:01 - [TEST_STEP][PASSED] - setText(findTestObject("Object Repository/RecAndPlayBk/Page-Vlink-AuthOnly/input_COF Transaction Initiated by_cof_tran_6cded5"), ""): Text '' is set on object 'Object Repository/RecAndPlayBk/Page-Vlink-AuthOnly/input_COF Transaction Initiated by_cof_tran_6cded5'

2023-01-13 18:34:02 - [MESSAGE][PASSED] - Text '' is set on object 'Object Repository/RecAndPlayBk/Page-Vlink-AuthOnly/input_COF Transaction Initiated by_cof_tran_6cded5'

2023-01-13 18:34:02 - [TEST_STEP][PASSED] - click(findTestObject("Object Repository/RecAndPlayBk/Page-Vlink-AuthOnly/input")): Object: 'Object Repository/RecAndPlayBk/Page-Vlink-AuthOnly/input' is clicked on

2023-01-13 18:34:03 - [MESSAGE][PASSED] - Object: 'Object Repository/RecAndPlayBk/Page-Vlink-AuthOnly/input' is clicked on

2023-01-13 18:34:03 - [TEST_STEP][PASSED] - if (verifyTextPresent(errorMsg, true)): null

2023-01-13 18:34:03 - [MESSAGE][PASSED] - Text 'Missing parameter: application_id' is present on page  using regular expression

2023-01-13 18:34:03 - [TEST_STEP][PASSED] - println("Error Message is present on the Confirmation page"): null

2023-01-13 18:34:03 - [TEST_STEP][PASSED] - out.println("Pass Record Number: " + row): null

2023-01-13 18:34:03 - [TEST_STEP][PASSED] - resText = "Pass": null

2023-01-13 18:34:03 - [TEST_STEP][PASSED] - pages.WriteExcel.demoKey(resText, datText, resColumn, datCloumn, fileLoc, nameSheet, row): pages.WriteExcel.demoKey is PASSED

2023-01-13 18:34:03 - [MESSAGE][PASSED] - pages.WriteExcel.demoKey is PASSED

2023-01-13 18:34:03 - [TEST_STEP][PASSED] - ExecuteTC = findTestData(dataFile).getValue("Execute", row): null

2023-01-13 18:34:03 - [TEST_STEP][PASSED] - out.println("Value of Execute is : " + ExecuteTC): null

2023-01-13 18:34:03 - [TEST_STEP][PASSED] - if (ExecuteTC.equalsIgnoreCase("Y")): null

2023-01-13 18:34:03 - [TEST_STEP][PASSED] - out.println("Begin Record Number: " + row): null

2023-01-13 18:34:03 - [TEST_STEP][PASSED] - today = new java.util.Date(): null

2023-01-13 18:34:03 - [TEST_STEP][PASSED] - println(today): null

2023-01-13 18:34:03 - [TEST_STEP][PASSED] - datText = today: null

2023-01-13 18:34:03 - [TEST_STEP][PASSED] - errorMsg = findTestData(dataFile).getValue("ErrorMsg", row): null

2023-01-13 18:34:03 - [TEST_STEP][PASSED] - appID = findTestData(dataFile).getValue("AppID", row): null

2023-01-13 18:34:03 - [TEST_STEP][PASSED] - username = findTestData(dataFile).getValue("Username", row): null

2023-01-13 18:34:03 - [TEST_STEP][PASSED] - password = findTestData(dataFile).getValue("Password", row): null

2023-01-13 18:34:03 - [TEST_STEP][PASSED] - tranType = findTestData(dataFile).getValue("TranType", row): null

2023-01-13 18:34:03 - [TEST_STEP][PASSED] - mv = findTestData(dataFile).getValue("MV", row): null

2023-01-13 18:34:03 - [TEST_STEP][PASSED] - resFormat = findTestData(dataFile).getValue("ResFormat", row): null

2023-01-13 18:34:04 - [TEST_STEP][PASSED] - category = findTestData(dataFile).getValue("Category", row): null

2023-01-13 18:34:04 - [TEST_STEP][PASSED] - amount = findTestData(dataFile).getValue("Amount", row): null

2023-01-13 18:34:04 - [TEST_STEP][PASSED] - cardName = findTestData(dataFile).getValue("CardName", row): null

2023-01-13 18:34:04 - [TEST_STEP][PASSED] - al1 = findTestData(dataFile).getValue("AL1", row): null

2023-01-13 18:34:04 - [TEST_STEP][PASSED] - city = findTestData(dataFile).getValue("City", row): null

2023-01-13 18:34:04 - [TEST_STEP][PASSED] - state = findTestData(dataFile).getValue("State", row): null

2023-01-13 18:34:04 - [TEST_STEP][PASSED] - zip = findTestData(dataFile).getValue("ZIP", row): null

2023-01-13 18:34:04 - [TEST_STEP][PASSED] - cardNumber = findTestData(dataFile).getValue("CardNumber", row): null

2023-01-13 18:34:04 - [TEST_STEP][PASSED] - exM = findTestData(dataFile).getValue("ExM", row): null

2023-01-13 18:34:04 - [TEST_STEP][PASSED] - exY = findTestData(dataFile).getValue("ExY", row): null

2023-01-13 18:34:04 - [TEST_STEP][PASSED] - openBrowser(VLinkURL + "auth.html"): Browser is opened with url: 'https://dev-algorithm.govolution.com/vlinktest/QA/version_2_0/auth.html'

2023-01-13 18:34:04 - [MESSAGE][WARNING] - A browser is already opened. Closing browser and opening a new one

2023-01-13 18:34:05 - [MESSAGE][INFO] - Starting 'Chrome' driver

2023-01-13 18:34:05 - [MESSAGE][INFO] - User set preference: ['acceptInsecureCerts', 'true']

2023-01-13 18:34:05 - [MESSAGE][INFO] - Action delay is set to 0 milliseconds

2023-01-13 18:34:07 - [MESSAGE][PASSED] - Browser is opened with url: 'https://dev-algorithm.govolution.com/vlinktest/QA/version_2_0/auth.html'

2023-01-13 18:34:07 - [TEST_STEP][PASSED] - maximizeWindow(): Current window maximized

2023-01-13 18:34:07 - [MESSAGE][PASSED] - Current window maximized

2023-01-13 18:34:07 - [TEST_STEP][PASSED] - maximizeWindow(): Current window maximized

2023-01-13 18:34:07 - [MESSAGE][PASSED] - Current window maximized

2023-01-13 18:34:07 - [TEST_STEP][PASSED] - setText(findTestObject("Object Repository/RecAndPlayBk/Page-Vlink-AuthOnly/txt_TransactionType"), tranType): Text '104' is set on object 'Object Repository/RecAndPlayBk/Page-Vlink-AuthOnly/txt_TransactionType'

2023-01-13 18:34:08 - [MESSAGE][PASSED] - Text '104' is set on object 'Object Repository/RecAndPlayBk/Page-Vlink-AuthOnly/txt_TransactionType'

2023-01-13 18:34:08 - [TEST_STEP][PASSED] - setText(findTestObject("Object Repository/RecAndPlayBk/Page-Vlink-AuthOnly/txt_MessageVersion"), mv): Text '2.0C' is set on object 'Object Repository/RecAndPlayBk/Page-Vlink-AuthOnly/txt_MessageVersion'

2023-01-13 18:34:09 - [MESSAGE][PASSED] - Text '2.0C' is set on object 'Object Repository/RecAndPlayBk/Page-Vlink-AuthOnly/txt_MessageVersion'

2023-01-13 18:34:09 - [TEST_STEP][PASSED] - genRemID = RandomStringUtils.random(12, true, true): null

2023-01-13 18:34:09 - [TEST_STEP][PASSED] - setText(findTestObject("Object Repository/RecAndPlayBk/Page-Vlink-AuthOnly/input_Remittance Id_remittance_id"), genRemID): Text 'Os1msfzhQd77' is set on object 'Object Repository/RecAndPlayBk/Page-Vlink-AuthOnly/input_Remittance Id_remittance_id'

2023-01-13 18:34:10 - [MESSAGE][PASSED] - Text 'Os1msfzhQd77' is set on object 'Object Repository/RecAndPlayBk/Page-Vlink-AuthOnly/input_Remittance Id_remittance_id'

2023-01-13 18:34:10 - [TEST_STEP][PASSED] - setText(findTestObject("Object Repository/RecAndPlayBk/Page-Vlink-AuthOnly/input_Application Id_application_id"), appID): Text '234' is set on object 'Object Repository/RecAndPlayBk/Page-Vlink-AuthOnly/input_Application Id_application_id'

2023-01-13 18:34:10 - [MESSAGE][PASSED] - Text '234' is set on object 'Object Repository/RecAndPlayBk/Page-Vlink-AuthOnly/input_Application Id_application_id'

2023-01-13 18:34:10 - [TEST_STEP][PASSED] - setText(findTestObject("Object Repository/RecAndPlayBk/Page-Vlink-AuthOnly/input_Username_username"), username): Text 'username' is set on object 'Object Repository/RecAndPlayBk/Page-Vlink-AuthOnly/input_Username_username'

2023-01-13 18:34:11 - [MESSAGE][PASSED] - Text 'username' is set on object 'Object Repository/RecAndPlayBk/Page-Vlink-AuthOnly/input_Username_username'

2023-01-13 18:34:11 - [TEST_STEP][PASSED] - setText(findTestObject("Object Repository/RecAndPlayBk/Page-Vlink-AuthOnly/input_Password_password"), password): Text 'password' is set on object 'Object Repository/RecAndPlayBk/Page-Vlink-AuthOnly/input_Password_password'

2023-01-13 18:34:12 - [MESSAGE][PASSED] - Text 'password' is set on object 'Object Repository/RecAndPlayBk/Page-Vlink-AuthOnly/input_Password_password'

2023-01-13 18:34:12 - [TEST_STEP][PASSED] - setText(findTestObject("Object Repository/RecAndPlayBk/Page-Vlink-AuthOnly/txt_ResponseFormat"), resFormat): Text '' is set on object 'Object Repository/RecAndPlayBk/Page-Vlink-AuthOnly/txt_ResponseFormat'

2023-01-13 18:34:13 - [MESSAGE][PASSED] - Text '' is set on object 'Object Repository/RecAndPlayBk/Page-Vlink-AuthOnly/txt_ResponseFormat'

2023-01-13 18:34:13 - [TEST_STEP][PASSED] - setText(findTestObject("Object Repository/RecAndPlayBk/Page-Vlink-AuthOnly/input_Category_category"), category): Text 'ECOM' is set on object 'Object Repository/RecAndPlayBk/Page-Vlink-AuthOnly/input_Category_category'

2023-01-13 18:34:14 - [MESSAGE][PASSED] - Text 'ECOM' is set on object 'Object Repository/RecAndPlayBk/Page-Vlink-AuthOnly/input_Category_category'

2023-01-13 18:34:14 - [TEST_STEP][PASSED] - setText(findTestObject("Object Repository/RecAndPlayBk/Page-Vlink-AuthOnly/txt_CardName"), cardName): Text 'Kris Roshan' is set on object 'Object Repository/RecAndPlayBk/Page-Vlink-AuthOnly/txt_CardName'

2023-01-13 18:34:15 - [MESSAGE][PASSED] - Text 'Kris Roshan' is set on object 'Object Repository/RecAndPlayBk/Page-Vlink-AuthOnly/txt_CardName'

2023-01-13 18:34:15 - [TEST_STEP][PASSED] - setText(findTestObject("Object Repository/RecAndPlayBk/Page-Vlink-AuthOnly/txt_AL1"), al1): Text '258 Elm Road' is set on object 'Object Repository/RecAndPlayBk/Page-Vlink-AuthOnly/txt_AL1'

2023-01-13 18:34:16 - [MESSAGE][PASSED] - Text '258 Elm Road' is set on object 'Object Repository/RecAndPlayBk/Page-Vlink-AuthOnly/txt_AL1'

2023-01-13 18:34:16 - [TEST_STEP][PASSED] - setText(findTestObject("Object Repository/RecAndPlayBk/Page-Vlink-AuthOnly/txt_CardCity"), city): Text 'Arlington' is set on object 'Object Repository/RecAndPlayBk/Page-Vlink-AuthOnly/txt_CardCity'

2023-01-13 18:34:17 - [MESSAGE][PASSED] - Text 'Arlington' is set on object 'Object Repository/RecAndPlayBk/Page-Vlink-AuthOnly/txt_CardCity'

2023-01-13 18:34:17 - [TEST_STEP][PASSED] - setText(findTestObject("Object Repository/RecAndPlayBk/Page-Vlink-AuthOnly/txt_CardState"), state): Text 'VA' is set on object 'Object Repository/RecAndPlayBk/Page-Vlink-AuthOnly/txt_CardState'

2023-01-13 18:34:18 - [MESSAGE][PASSED] - Text 'VA' is set on object 'Object Repository/RecAndPlayBk/Page-Vlink-AuthOnly/txt_CardState'

2023-01-13 18:34:18 - [TEST_STEP][PASSED] - setText(findTestObject("Object Repository/RecAndPlayBk/Page-Vlink-AuthOnly/txt_CardZIP"), zip): Text '22201' is set on object 'Object Repository/RecAndPlayBk/Page-Vlink-AuthOnly/txt_CardZIP'

2023-01-13 18:34:18 - [MESSAGE][PASSED] - Text '22201' is set on object 'Object Repository/RecAndPlayBk/Page-Vlink-AuthOnly/txt_CardZIP'

2023-01-13 18:34:18 - [TEST_STEP][PASSED] - setText(findTestObject("Object Repository/RecAndPlayBk/Page-Vlink-AuthOnly/input_Amount_amount"), amount): Text '1.50' is set on object 'Object Repository/RecAndPlayBk/Page-Vlink-AuthOnly/input_Amount_amount'

2023-01-13 18:34:19 - [MESSAGE][PASSED] - Text '1.50' is set on object 'Object Repository/RecAndPlayBk/Page-Vlink-AuthOnly/input_Amount_amount'

2023-01-13 18:34:19 - [TEST_STEP][PASSED] - setText(findTestObject("Object Repository/RecAndPlayBk/Page-Vlink-AuthOnly/input_Card number_card_number"), cardNumber): Text '4111111111111111' is set on object 'Object Repository/RecAndPlayBk/Page-Vlink-AuthOnly/input_Card number_card_number'

2023-01-13 18:34:20 - [MESSAGE][PASSED] - Text '4111111111111111' is set on object 'Object Repository/RecAndPlayBk/Page-Vlink-AuthOnly/input_Card number_card_number'

2023-01-13 18:34:20 - [TEST_STEP][PASSED] - setText(findTestObject("Object Repository/RecAndPlayBk/Page-Vlink-AuthOnly/input_Card ex month_card_exmo"), exM): Text '12' is set on object 'Object Repository/RecAndPlayBk/Page-Vlink-AuthOnly/input_Card ex month_card_exmo'

2023-01-13 18:34:21 - [MESSAGE][PASSED] - Text '12' is set on object 'Object Repository/RecAndPlayBk/Page-Vlink-AuthOnly/input_Card ex month_card_exmo'

2023-01-13 18:34:21 - [TEST_STEP][PASSED] - setText(findTestObject("Object Repository/RecAndPlayBk/Page-Vlink-AuthOnly/input_Card ex year_card_exyr"), exY): Text '2025' is set on object 'Object Repository/RecAndPlayBk/Page-Vlink-AuthOnly/input_Card ex year_card_exyr'

2023-01-13 18:34:22 - [MESSAGE][PASSED] - Text '2025' is set on object 'Object Repository/RecAndPlayBk/Page-Vlink-AuthOnly/input_Card ex year_card_exyr'

2023-01-13 18:34:22 - [TEST_STEP][PASSED] - setText(findTestObject("Object Repository/RecAndPlayBk/Page-Vlink-AuthOnly/input_Track Data_track_data"), ""): Text '' is set on object 'Object Repository/RecAndPlayBk/Page-Vlink-AuthOnly/input_Track Data_track_data'

2023-01-13 18:34:23 - [MESSAGE][PASSED] - Text '' is set on object 'Object Repository/RecAndPlayBk/Page-Vlink-AuthOnly/input_Track Data_track_data'

2023-01-13 18:34:23 - [TEST_STEP][PASSED] - setText(findTestObject("Object Repository/RecAndPlayBk/Page-Vlink-AuthOnly/input_concat(Cardholder, , s email)_email"), ""): Text '' is set on object 'Object Repository/RecAndPlayBk/Page-Vlink-AuthOnly/input_concat(Cardholder, , s email)_email'

2023-01-13 18:34:23 - [MESSAGE][PASSED] - Text '' is set on object 'Object Repository/RecAndPlayBk/Page-Vlink-AuthOnly/input_concat(Cardholder, , s email)_email'

2023-01-13 18:34:23 - [TEST_STEP][PASSED] - click(findTestObject("Object Repository/RecAndPlayBk/Page-Vlink-AuthOnly/input_user_defined10_user_defined10")): Object: 'Object Repository/RecAndPlayBk/Page-Vlink-AuthOnly/input_user_defined10_user_defined10' is clicked on

2023-01-13 18:34:24 - [MESSAGE][PASSED] - Object: 'Object Repository/RecAndPlayBk/Page-Vlink-AuthOnly/input_user_defined10_user_defined10' is clicked on

2023-01-13 18:34:24 - [TEST_STEP][PASSED] - setText(findTestObject("Object Repository/RecAndPlayBk/Page-Vlink-AuthOnly/input_Card on File Indicator_card_on_file_i_157dae"), ""): Text '' is set on object 'Object Repository/RecAndPlayBk/Page-Vlink-AuthOnly/input_Card on File Indicator_card_on_file_i_157dae'

2023-01-13 18:34:25 - [MESSAGE][PASSED] - Text '' is set on object 'Object Repository/RecAndPlayBk/Page-Vlink-AuthOnly/input_Card on File Indicator_card_on_file_i_157dae'

2023-01-13 18:34:25 - [TEST_STEP][PASSED] - setText(findTestObject("Object Repository/RecAndPlayBk/Page-Vlink-AuthOnly/input_Stored Credential Indicator_stored_cr_4ae73c"), ""): Text '' is set on object 'Object Repository/RecAndPlayBk/Page-Vlink-AuthOnly/input_Stored Credential Indicator_stored_cr_4ae73c'

2023-01-13 18:34:26 - [MESSAGE][PASSED] - Text '' is set on object 'Object Repository/RecAndPlayBk/Page-Vlink-AuthOnly/input_Stored Credential Indicator_stored_cr_4ae73c'

2023-01-13 18:34:26 - [TEST_STEP][PASSED] - setText(findTestObject("Object Repository/RecAndPlayBk/Page-Vlink-AuthOnly/input_COF Scheduled indicator_cof_scheduled_8df7d8"), ""): Text '' is set on object 'Object Repository/RecAndPlayBk/Page-Vlink-AuthOnly/input_COF Scheduled indicator_cof_scheduled_8df7d8'

2023-01-13 18:34:26 - [MESSAGE][PASSED] - Text '' is set on object 'Object Repository/RecAndPlayBk/Page-Vlink-AuthOnly/input_COF Scheduled indicator_cof_scheduled_8df7d8'

2023-01-13 18:34:26 - [TEST_STEP][PASSED] - setText(findTestObject("Object Repository/RecAndPlayBk/Page-Vlink-AuthOnly/input_COF Transaction Initiated by_cof_tran_6cded5"), ""): Text '' is set on object 'Object Repository/RecAndPlayBk/Page-Vlink-AuthOnly/input_COF Transaction Initiated by_cof_tran_6cded5'

2023-01-13 18:34:27 - [MESSAGE][PASSED] - Text '' is set on object 'Object Repository/RecAndPlayBk/Page-Vlink-AuthOnly/input_COF Transaction Initiated by_cof_tran_6cded5'

2023-01-13 18:34:27 - [TEST_STEP][PASSED] - click(findTestObject("Object Repository/RecAndPlayBk/Page-Vlink-AuthOnly/input")): Object: 'Object Repository/RecAndPlayBk/Page-Vlink-AuthOnly/input' is clicked on

2023-01-13 18:34:28 - [MESSAGE][PASSED] - Object: 'Object Repository/RecAndPlayBk/Page-Vlink-AuthOnly/input' is clicked on

2023-01-13 18:34:28 - [TEST_STEP][PASSED] - if (verifyTextPresent(errorMsg, true)): null

2023-01-13 18:34:28 - [MESSAGE][PASSED] - Text 'response_format' is present on page  using regular expression

2023-01-13 18:34:28 - [TEST_STEP][PASSED] - println("Error Message is present on the Confirmation page"): null

2023-01-13 18:34:28 - [TEST_STEP][PASSED] - out.println("Pass Record Number: " + row): null

2023-01-13 18:34:28 - [TEST_STEP][PASSED] - resText = "Pass": null

2023-01-13 18:34:28 - [TEST_STEP][PASSED] - pages.WriteExcel.demoKey(resText, datText, resColumn, datCloumn, fileLoc, nameSheet, row): pages.WriteExcel.demoKey is PASSED

2023-01-13 18:34:28 - [MESSAGE][PASSED] - pages.WriteExcel.demoKey is PASSED

2023-01-13 18:34:28 - [TEST_STEP][PASSED] - ExecuteTC = findTestData(dataFile).getValue("Execute", row): null

2023-01-13 18:34:28 - [TEST_STEP][PASSED] - out.println("Value of Execute is : " + ExecuteTC): null

2023-01-13 18:34:28 - [TEST_STEP][PASSED] - if (ExecuteTC.equalsIgnoreCase("Y")): null

2023-01-13 18:34:28 - [TEST_STEP][PASSED] - out.println("Begin Record Number: " + row): null

2023-01-13 18:34:28 - [TEST_STEP][PASSED] - today = new java.util.Date(): null

2023-01-13 18:34:28 - [TEST_STEP][PASSED] - println(today): null

2023-01-13 18:34:28 - [TEST_STEP][PASSED] - datText = today: null

2023-01-13 18:34:28 - [TEST_STEP][PASSED] - errorMsg = findTestData(dataFile).getValue("ErrorMsg", row): null

2023-01-13 18:34:28 - [TEST_STEP][PASSED] - appID = findTestData(dataFile).getValue("AppID", row): null

2023-01-13 18:34:28 - [TEST_STEP][PASSED] - username = findTestData(dataFile).getValue("Username", row): null

2023-01-13 18:34:28 - [TEST_STEP][PASSED] - password = findTestData(dataFile).getValue("Password", row): null

2023-01-13 18:34:28 - [TEST_STEP][PASSED] - tranType = findTestData(dataFile).getValue("TranType", row): null

2023-01-13 18:34:28 - [TEST_STEP][PASSED] - mv = findTestData(dataFile).getValue("MV", row): null

2023-01-13 18:34:28 - [TEST_STEP][PASSED] - resFormat = findTestData(dataFile).getValue("ResFormat", row): null

2023-01-13 18:34:28 - [TEST_STEP][PASSED] - category = findTestData(dataFile).getValue("Category", row): null

2023-01-13 18:34:29 - [TEST_STEP][PASSED] - amount = findTestData(dataFile).getValue("Amount", row): null

2023-01-13 18:34:29 - [TEST_STEP][PASSED] - cardName = findTestData(dataFile).getValue("CardName", row): null

2023-01-13 18:34:29 - [TEST_STEP][PASSED] - al1 = findTestData(dataFile).getValue("AL1", row): null

2023-01-13 18:34:29 - [TEST_STEP][PASSED] - city = findTestData(dataFile).getValue("City", row): null

2023-01-13 18:34:29 - [TEST_STEP][PASSED] - state = findTestData(dataFile).getValue("State", row): null

2023-01-13 18:34:29 - [TEST_STEP][PASSED] - zip = findTestData(dataFile).getValue("ZIP", row): null

2023-01-13 18:34:29 - [TEST_STEP][PASSED] - cardNumber = findTestData(dataFile).getValue("CardNumber", row): null

2023-01-13 18:34:29 - [TEST_STEP][PASSED] - exM = findTestData(dataFile).getValue("ExM", row): null

2023-01-13 18:34:29 - [TEST_STEP][PASSED] - exY = findTestData(dataFile).getValue("ExY", row): null

2023-01-13 18:34:29 - [TEST_STEP][PASSED] - openBrowser(VLinkURL + "auth.html"): Browser is opened with url: 'https://dev-algorithm.govolution.com/vlinktest/QA/version_2_0/auth.html'

2023-01-13 18:34:29 - [MESSAGE][WARNING] - A browser is already opened. Closing browser and opening a new one

2023-01-13 18:34:30 - [MESSAGE][INFO] - Starting 'Chrome' driver

2023-01-13 18:34:30 - [MESSAGE][INFO] - User set preference: ['acceptInsecureCerts', 'true']

2023-01-13 18:34:30 - [MESSAGE][INFO] - Action delay is set to 0 milliseconds

2023-01-13 18:34:32 - [MESSAGE][PASSED] - Browser is opened with url: 'https://dev-algorithm.govolution.com/vlinktest/QA/version_2_0/auth.html'

2023-01-13 18:34:32 - [TEST_STEP][PASSED] - maximizeWindow(): Current window maximized

2023-01-13 18:34:32 - [MESSAGE][PASSED] - Current window maximized

2023-01-13 18:34:32 - [TEST_STEP][PASSED] - maximizeWindow(): Current window maximized

2023-01-13 18:34:32 - [MESSAGE][PASSED] - Current window maximized

2023-01-13 18:34:32 - [TEST_STEP][PASSED] - setText(findTestObject("Object Repository/RecAndPlayBk/Page-Vlink-AuthOnly/txt_TransactionType"), tranType): Text '104' is set on object 'Object Repository/RecAndPlayBk/Page-Vlink-AuthOnly/txt_TransactionType'

2023-01-13 18:34:33 - [MESSAGE][PASSED] - Text '104' is set on object 'Object Repository/RecAndPlayBk/Page-Vlink-AuthOnly/txt_TransactionType'

2023-01-13 18:34:33 - [TEST_STEP][PASSED] - setText(findTestObject("Object Repository/RecAndPlayBk/Page-Vlink-AuthOnly/txt_MessageVersion"), mv): Text '2.0C' is set on object 'Object Repository/RecAndPlayBk/Page-Vlink-AuthOnly/txt_MessageVersion'

2023-01-13 18:34:34 - [MESSAGE][PASSED] - Text '2.0C' is set on object 'Object Repository/RecAndPlayBk/Page-Vlink-AuthOnly/txt_MessageVersion'

2023-01-13 18:34:34 - [TEST_STEP][PASSED] - genRemID = RandomStringUtils.random(12, true, true): null

2023-01-13 18:34:34 - [TEST_STEP][PASSED] - setText(findTestObject("Object Repository/RecAndPlayBk/Page-Vlink-AuthOnly/input_Remittance Id_remittance_id"), genRemID): Text '2owKEJoecCv5' is set on object 'Object Repository/RecAndPlayBk/Page-Vlink-AuthOnly/input_Remittance Id_remittance_id'

2023-01-13 18:34:35 - [MESSAGE][PASSED] - Text '2owKEJoecCv5' is set on object 'Object Repository/RecAndPlayBk/Page-Vlink-AuthOnly/input_Remittance Id_remittance_id'

2023-01-13 18:34:35 - [TEST_STEP][PASSED] - setText(findTestObject("Object Repository/RecAndPlayBk/Page-Vlink-AuthOnly/input_Application Id_application_id"), appID): Text '234' is set on object 'Object Repository/RecAndPlayBk/Page-Vlink-AuthOnly/input_Application Id_application_id'

2023-01-13 18:34:35 - [MESSAGE][PASSED] - Text '234' is set on object 'Object Repository/RecAndPlayBk/Page-Vlink-AuthOnly/input_Application Id_application_id'

2023-01-13 18:34:35 - [TEST_STEP][PASSED] - setText(findTestObject("Object Repository/RecAndPlayBk/Page-Vlink-AuthOnly/input_Username_username"), username): Text 'username' is set on object 'Object Repository/RecAndPlayBk/Page-Vlink-AuthOnly/input_Username_username'

2023-01-13 18:34:36 - [MESSAGE][PASSED] - Text 'username' is set on object 'Object Repository/RecAndPlayBk/Page-Vlink-AuthOnly/input_Username_username'

2023-01-13 18:34:36 - [TEST_STEP][PASSED] - setText(findTestObject("Object Repository/RecAndPlayBk/Page-Vlink-AuthOnly/input_Password_password"), password): Text 'password' is set on object 'Object Repository/RecAndPlayBk/Page-Vlink-AuthOnly/input_Password_password'

2023-01-13 18:34:37 - [MESSAGE][PASSED] - Text 'password' is set on object 'Object Repository/RecAndPlayBk/Page-Vlink-AuthOnly/input_Password_password'

2023-01-13 18:34:37 - [TEST_STEP][PASSED] - setText(findTestObject("Object Repository/RecAndPlayBk/Page-Vlink-AuthOnly/txt_ResponseFormat"), resFormat): Text '' is set on object 'Object Repository/RecAndPlayBk/Page-Vlink-AuthOnly/txt_ResponseFormat'

2023-01-13 18:34:38 - [MESSAGE][PASSED] - Text '' is set on object 'Object Repository/RecAndPlayBk/Page-Vlink-AuthOnly/txt_ResponseFormat'

2023-01-13 18:34:38 - [TEST_STEP][PASSED] - setText(findTestObject("Object Repository/RecAndPlayBk/Page-Vlink-AuthOnly/input_Category_category"), category): Text 'MOTO' is set on object 'Object Repository/RecAndPlayBk/Page-Vlink-AuthOnly/input_Category_category'

2023-01-13 18:34:39 - [MESSAGE][PASSED] - Text 'MOTO' is set on object 'Object Repository/RecAndPlayBk/Page-Vlink-AuthOnly/input_Category_category'

2023-01-13 18:34:39 - [TEST_STEP][PASSED] - setText(findTestObject("Object Repository/RecAndPlayBk/Page-Vlink-AuthOnly/txt_CardName"), cardName): Text 'Kris Roshan' is set on object 'Object Repository/RecAndPlayBk/Page-Vlink-AuthOnly/txt_CardName'

2023-01-13 18:34:40 - [MESSAGE][PASSED] - Text 'Kris Roshan' is set on object 'Object Repository/RecAndPlayBk/Page-Vlink-AuthOnly/txt_CardName'

2023-01-13 18:34:40 - [TEST_STEP][PASSED] - setText(findTestObject("Object Repository/RecAndPlayBk/Page-Vlink-AuthOnly/txt_AL1"), al1): Text '258 Elm Road' is set on object 'Object Repository/RecAndPlayBk/Page-Vlink-AuthOnly/txt_AL1'

2023-01-13 18:34:40 - [MESSAGE][PASSED] - Text '258 Elm Road' is set on object 'Object Repository/RecAndPlayBk/Page-Vlink-AuthOnly/txt_AL1'

2023-01-13 18:34:40 - [TEST_STEP][PASSED] - setText(findTestObject("Object Repository/RecAndPlayBk/Page-Vlink-AuthOnly/txt_CardCity"), city): Text 'Arlington' is set on object 'Object Repository/RecAndPlayBk/Page-Vlink-AuthOnly/txt_CardCity'

2023-01-13 18:34:41 - [MESSAGE][PASSED] - Text 'Arlington' is set on object 'Object Repository/RecAndPlayBk/Page-Vlink-AuthOnly/txt_CardCity'

2023-01-13 18:34:41 - [TEST_STEP][PASSED] - setText(findTestObject("Object Repository/RecAndPlayBk/Page-Vlink-AuthOnly/txt_CardState"), state): Text 'VA' is set on object 'Object Repository/RecAndPlayBk/Page-Vlink-AuthOnly/txt_CardState'

2023-01-13 18:34:42 - [MESSAGE][PASSED] - Text 'VA' is set on object 'Object Repository/RecAndPlayBk/Page-Vlink-AuthOnly/txt_CardState'

2023-01-13 18:34:42 - [TEST_STEP][PASSED] - setText(findTestObject("Object Repository/RecAndPlayBk/Page-Vlink-AuthOnly/txt_CardZIP"), zip): Text '22201' is set on object 'Object Repository/RecAndPlayBk/Page-Vlink-AuthOnly/txt_CardZIP'

2023-01-13 18:34:43 - [MESSAGE][PASSED] - Text '22201' is set on object 'Object Repository/RecAndPlayBk/Page-Vlink-AuthOnly/txt_CardZIP'

2023-01-13 18:34:43 - [TEST_STEP][PASSED] - setText(findTestObject("Object Repository/RecAndPlayBk/Page-Vlink-AuthOnly/input_Amount_amount"), amount): Text '1.50' is set on object 'Object Repository/RecAndPlayBk/Page-Vlink-AuthOnly/input_Amount_amount'

2023-01-13 18:34:44 - [MESSAGE][PASSED] - Text '1.50' is set on object 'Object Repository/RecAndPlayBk/Page-Vlink-AuthOnly/input_Amount_amount'

2023-01-13 18:34:44 - [TEST_STEP][PASSED] - setText(findTestObject("Object Repository/RecAndPlayBk/Page-Vlink-AuthOnly/input_Card number_card_number"), cardNumber): Text '4111111111111111' is set on object 'Object Repository/RecAndPlayBk/Page-Vlink-AuthOnly/input_Card number_card_number'

2023-01-13 18:34:45 - [MESSAGE][PASSED] - Text '4111111111111111' is set on object 'Object Repository/RecAndPlayBk/Page-Vlink-AuthOnly/input_Card number_card_number'

2023-01-13 18:34:45 - [TEST_STEP][PASSED] - setText(findTestObject("Object Repository/RecAndPlayBk/Page-Vlink-AuthOnly/input_Card ex month_card_exmo"), exM): Text '12' is set on object 'Object Repository/RecAndPlayBk/Page-Vlink-AuthOnly/input_Card ex month_card_exmo'

2023-01-13 18:34:46 - [MESSAGE][PASSED] - Text '12' is set on object 'Object Repository/RecAndPlayBk/Page-Vlink-AuthOnly/input_Card ex month_card_exmo'

2023-01-13 18:34:46 - [TEST_STEP][PASSED] - setText(findTestObject("Object Repository/RecAndPlayBk/Page-Vlink-AuthOnly/input_Card ex year_card_exyr"), exY): Text '2025' is set on object 'Object Repository/RecAndPlayBk/Page-Vlink-AuthOnly/input_Card ex year_card_exyr'

2023-01-13 18:34:47 - [MESSAGE][PASSED] - Text '2025' is set on object 'Object Repository/RecAndPlayBk/Page-Vlink-AuthOnly/input_Card ex year_card_exyr'

2023-01-13 18:34:47 - [TEST_STEP][PASSED] - setText(findTestObject("Object Repository/RecAndPlayBk/Page-Vlink-AuthOnly/input_Track Data_track_data"), ""): Text '' is set on object 'Object Repository/RecAndPlayBk/Page-Vlink-AuthOnly/input_Track Data_track_data'

2023-01-13 18:34:48 - [MESSAGE][PASSED] - Text '' is set on object 'Object Repository/RecAndPlayBk/Page-Vlink-AuthOnly/input_Track Data_track_data'

2023-01-13 18:34:48 - [TEST_STEP][PASSED] - setText(findTestObject("Object Repository/RecAndPlayBk/Page-Vlink-AuthOnly/input_concat(Cardholder, , s email)_email"), ""): Text '' is set on object 'Object Repository/RecAndPlayBk/Page-Vlink-AuthOnly/input_concat(Cardholder, , s email)_email'

2023-01-13 18:34:49 - [MESSAGE][PASSED] - Text '' is set on object 'Object Repository/RecAndPlayBk/Page-Vlink-AuthOnly/input_concat(Cardholder, , s email)_email'

2023-01-13 18:34:49 - [TEST_STEP][PASSED] - click(findTestObject("Object Repository/RecAndPlayBk/Page-Vlink-AuthOnly/input_user_defined10_user_defined10")): Object: 'Object Repository/RecAndPlayBk/Page-Vlink-AuthOnly/input_user_defined10_user_defined10' is clicked on

2023-01-13 18:34:49 - [MESSAGE][PASSED] - Object: 'Object Repository/RecAndPlayBk/Page-Vlink-AuthOnly/input_user_defined10_user_defined10' is clicked on

2023-01-13 18:34:49 - [TEST_STEP][PASSED] - setText(findTestObject("Object Repository/RecAndPlayBk/Page-Vlink-AuthOnly/input_Card on File Indicator_card_on_file_i_157dae"), ""): Text '' is set on object 'Object Repository/RecAndPlayBk/Page-Vlink-AuthOnly/input_Card on File Indicator_card_on_file_i_157dae'

2023-01-13 18:34:50 - [MESSAGE][PASSED] - Text '' is set on object 'Object Repository/RecAndPlayBk/Page-Vlink-AuthOnly/input_Card on File Indicator_card_on_file_i_157dae'

2023-01-13 18:34:50 - [TEST_STEP][PASSED] - setText(findTestObject("Object Repository/RecAndPlayBk/Page-Vlink-AuthOnly/input_Stored Credential Indicator_stored_cr_4ae73c"), ""): Text '' is set on object 'Object Repository/RecAndPlayBk/Page-Vlink-AuthOnly/input_Stored Credential Indicator_stored_cr_4ae73c'

2023-01-13 18:34:50 - [MESSAGE][PASSED] - Text '' is set on object 'Object Repository/RecAndPlayBk/Page-Vlink-AuthOnly/input_Stored Credential Indicator_stored_cr_4ae73c'

2023-01-13 18:34:50 - [TEST_STEP][PASSED] - setText(findTestObject("Object Repository/RecAndPlayBk/Page-Vlink-AuthOnly/input_COF Scheduled indicator_cof_scheduled_8df7d8"), ""): Text '' is set on object 'Object Repository/RecAndPlayBk/Page-Vlink-AuthOnly/input_COF Scheduled indicator_cof_scheduled_8df7d8'

2023-01-13 18:34:51 - [MESSAGE][PASSED] - Text '' is set on object 'Object Repository/RecAndPlayBk/Page-Vlink-AuthOnly/input_COF Scheduled indicator_cof_scheduled_8df7d8'

2023-01-13 18:34:51 - [TEST_STEP][PASSED] - setText(findTestObject("Object Repository/RecAndPlayBk/Page-Vlink-AuthOnly/input_COF Transaction Initiated by_cof_tran_6cded5"), ""): Text '' is set on object 'Object Repository/RecAndPlayBk/Page-Vlink-AuthOnly/input_COF Transaction Initiated by_cof_tran_6cded5'

2023-01-13 18:34:52 - [MESSAGE][PASSED] - Text '' is set on object 'Object Repository/RecAndPlayBk/Page-Vlink-AuthOnly/input_COF Transaction Initiated by_cof_tran_6cded5'

2023-01-13 18:34:52 - [TEST_STEP][PASSED] - click(findTestObject("Object Repository/RecAndPlayBk/Page-Vlink-AuthOnly/input")): Object: 'Object Repository/RecAndPlayBk/Page-Vlink-AuthOnly/input' is clicked on

2023-01-13 18:34:53 - [MESSAGE][PASSED] - Object: 'Object Repository/RecAndPlayBk/Page-Vlink-AuthOnly/input' is clicked on

2023-01-13 18:34:53 - [TEST_STEP][PASSED] - if (verifyTextPresent(errorMsg, true)): null

2023-01-13 18:34:53 - [MESSAGE][PASSED] - Text 'response_format' is present on page  using regular expression

2023-01-13 18:34:53 - [TEST_STEP][PASSED] - println("Error Message is present on the Confirmation page"): null

2023-01-13 18:34:53 - [TEST_STEP][PASSED] - out.println("Pass Record Number: " + row): null

2023-01-13 18:34:54 - [TEST_STEP][PASSED] - resText = "Pass": null

2023-01-13 18:34:54 - [TEST_STEP][PASSED] - pages.WriteExcel.demoKey(resText, datText, resColumn, datCloumn, fileLoc, nameSheet, row): pages.WriteExcel.demoKey is PASSED

2023-01-13 18:34:54 - [MESSAGE][PASSED] - pages.WriteExcel.demoKey is PASSED

2023-01-13 18:34:54 - [TEST_STEP][PASSED] - ExecuteTC = findTestData(dataFile).getValue("Execute", row): null

2023-01-13 18:34:54 - [TEST_STEP][PASSED] - out.println("Value of Execute is : " + ExecuteTC): null

2023-01-13 18:34:54 - [TEST_STEP][PASSED] - if (ExecuteTC.equalsIgnoreCase("Y")): null

2023-01-13 18:34:54 - [TEST_STEP][PASSED] - out.println("Begin Record Number: " + row): null

2023-01-13 18:34:54 - [TEST_STEP][PASSED] - today = new java.util.Date(): null

2023-01-13 18:34:54 - [TEST_STEP][PASSED] - println(today): null

2023-01-13 18:34:54 - [TEST_STEP][PASSED] - datText = today: null

2023-01-13 18:34:54 - [TEST_STEP][PASSED] - errorMsg = findTestData(dataFile).getValue("ErrorMsg", row): null

2023-01-13 18:34:54 - [TEST_STEP][PASSED] - appID = findTestData(dataFile).getValue("AppID", row): null

2023-01-13 18:34:54 - [TEST_STEP][PASSED] - username = findTestData(dataFile).getValue("Username", row): null

2023-01-13 18:34:54 - [TEST_STEP][PASSED] - password = findTestData(dataFile).getValue("Password", row): null

2023-01-13 18:34:54 - [TEST_STEP][PASSED] - tranType = findTestData(dataFile).getValue("TranType", row): null

2023-01-13 18:34:54 - [TEST_STEP][PASSED] - mv = findTestData(dataFile).getValue("MV", row): null

2023-01-13 18:34:54 - [TEST_STEP][PASSED] - resFormat = findTestData(dataFile).getValue("ResFormat", row): null

2023-01-13 18:34:54 - [TEST_STEP][PASSED] - category = findTestData(dataFile).getValue("Category", row): null

2023-01-13 18:34:54 - [TEST_STEP][PASSED] - amount = findTestData(dataFile).getValue("Amount", row): null

2023-01-13 18:34:54 - [TEST_STEP][PASSED] - cardName = findTestData(dataFile).getValue("CardName", row): null

2023-01-13 18:34:54 - [TEST_STEP][PASSED] - al1 = findTestData(dataFile).getValue("AL1", row): null

2023-01-13 18:34:54 - [TEST_STEP][PASSED] - city = findTestData(dataFile).getValue("City", row): null

2023-01-13 18:34:54 - [TEST_STEP][PASSED] - state = findTestData(dataFile).getValue("State", row): null

2023-01-13 18:34:54 - [TEST_STEP][PASSED] - zip = findTestData(dataFile).getValue("ZIP", row): null

2023-01-13 18:34:55 - [TEST_STEP][PASSED] - cardNumber = findTestData(dataFile).getValue("CardNumber", row): null

2023-01-13 18:34:55 - [TEST_STEP][PASSED] - exM = findTestData(dataFile).getValue("ExM", row): null

2023-01-13 18:34:55 - [TEST_STEP][PASSED] - exY = findTestData(dataFile).getValue("ExY", row): null

2023-01-13 18:34:55 - [TEST_STEP][PASSED] - openBrowser(VLinkURL + "auth.html"): Browser is opened with url: 'https://dev-algorithm.govolution.com/vlinktest/QA/version_2_0/auth.html'

2023-01-13 18:34:55 - [MESSAGE][WARNING] - A browser is already opened. Closing browser and opening a new one

2023-01-13 18:34:56 - [MESSAGE][INFO] - Starting 'Chrome' driver

2023-01-13 18:34:56 - [MESSAGE][INFO] - User set preference: ['acceptInsecureCerts', 'true']

2023-01-13 18:34:56 - [MESSAGE][INFO] - Action delay is set to 0 milliseconds

2023-01-13 18:34:57 - [MESSAGE][PASSED] - Browser is opened with url: 'https://dev-algorithm.govolution.com/vlinktest/QA/version_2_0/auth.html'

2023-01-13 18:34:57 - [TEST_STEP][PASSED] - maximizeWindow(): Current window maximized

2023-01-13 18:34:58 - [MESSAGE][PASSED] - Current window maximized

2023-01-13 18:34:58 - [TEST_STEP][PASSED] - maximizeWindow(): Current window maximized

2023-01-13 18:34:58 - [MESSAGE][PASSED] - Current window maximized

2023-01-13 18:34:58 - [TEST_STEP][PASSED] - setText(findTestObject("Object Repository/RecAndPlayBk/Page-Vlink-AuthOnly/txt_TransactionType"), tranType): Text '104' is set on object 'Object Repository/RecAndPlayBk/Page-Vlink-AuthOnly/txt_TransactionType'

2023-01-13 18:34:58 - [MESSAGE][PASSED] - Text '104' is set on object 'Object Repository/RecAndPlayBk/Page-Vlink-AuthOnly/txt_TransactionType'

2023-01-13 18:34:58 - [TEST_STEP][PASSED] - setText(findTestObject("Object Repository/RecAndPlayBk/Page-Vlink-AuthOnly/txt_MessageVersion"), mv): Text '2.0C' is set on object 'Object Repository/RecAndPlayBk/Page-Vlink-AuthOnly/txt_MessageVersion'

2023-01-13 18:34:59 - [MESSAGE][PASSED] - Text '2.0C' is set on object 'Object Repository/RecAndPlayBk/Page-Vlink-AuthOnly/txt_MessageVersion'

2023-01-13 18:34:59 - [TEST_STEP][PASSED] - genRemID = RandomStringUtils.random(12, true, true): null

2023-01-13 18:34:59 - [TEST_STEP][PASSED] - setText(findTestObject("Object Repository/RecAndPlayBk/Page-Vlink-AuthOnly/input_Remittance Id_remittance_id"), genRemID): Text 'mTTT18hRCHdj' is set on object 'Object Repository/RecAndPlayBk/Page-Vlink-AuthOnly/input_Remittance Id_remittance_id'

2023-01-13 18:35:00 - [MESSAGE][PASSED] - Text 'mTTT18hRCHdj' is set on object 'Object Repository/RecAndPlayBk/Page-Vlink-AuthOnly/input_Remittance Id_remittance_id'

2023-01-13 18:35:00 - [TEST_STEP][PASSED] - setText(findTestObject("Object Repository/RecAndPlayBk/Page-Vlink-AuthOnly/input_Application Id_application_id"), appID): Text '234' is set on object 'Object Repository/RecAndPlayBk/Page-Vlink-AuthOnly/input_Application Id_application_id'

2023-01-13 18:35:01 - [MESSAGE][PASSED] - Text '234' is set on object 'Object Repository/RecAndPlayBk/Page-Vlink-AuthOnly/input_Application Id_application_id'

2023-01-13 18:35:01 - [TEST_STEP][PASSED] - setText(findTestObject("Object Repository/RecAndPlayBk/Page-Vlink-AuthOnly/input_Username_username"), username): Text 'username' is set on object 'Object Repository/RecAndPlayBk/Page-Vlink-AuthOnly/input_Username_username'

2023-01-13 18:35:02 - [MESSAGE][PASSED] - Text 'username' is set on object 'Object Repository/RecAndPlayBk/Page-Vlink-AuthOnly/input_Username_username'

2023-01-13 18:35:02 - [TEST_STEP][PASSED] - setText(findTestObject("Object Repository/RecAndPlayBk/Page-Vlink-AuthOnly/input_Password_password"), password): Text 'password' is set on object 'Object Repository/RecAndPlayBk/Page-Vlink-AuthOnly/input_Password_password'

2023-01-13 18:35:03 - [MESSAGE][PASSED] - Text 'password' is set on object 'Object Repository/RecAndPlayBk/Page-Vlink-AuthOnly/input_Password_password'

2023-01-13 18:35:03 - [TEST_STEP][PASSED] - setText(findTestObject("Object Repository/RecAndPlayBk/Page-Vlink-AuthOnly/txt_ResponseFormat"), resFormat): Text '' is set on object 'Object Repository/RecAndPlayBk/Page-Vlink-AuthOnly/txt_ResponseFormat'

2023-01-13 18:35:04 - [MESSAGE][PASSED] - Text '' is set on object 'Object Repository/RecAndPlayBk/Page-Vlink-AuthOnly/txt_ResponseFormat'

2023-01-13 18:35:04 - [TEST_STEP][PASSED] - setText(findTestObject("Object Repository/RecAndPlayBk/Page-Vlink-AuthOnly/input_Category_category"), category): Text 'RETL' is set on object 'Object Repository/RecAndPlayBk/Page-Vlink-AuthOnly/input_Category_category'

2023-01-13 18:35:05 - [MESSAGE][PASSED] - Text 'RETL' is set on object 'Object Repository/RecAndPlayBk/Page-Vlink-AuthOnly/input_Category_category'

2023-01-13 18:35:05 - [TEST_STEP][PASSED] - setText(findTestObject("Object Repository/RecAndPlayBk/Page-Vlink-AuthOnly/txt_CardName"), cardName): Text 'Kris Roshan' is set on object 'Object Repository/RecAndPlayBk/Page-Vlink-AuthOnly/txt_CardName'

2023-01-13 18:35:06 - [MESSAGE][PASSED] - Text 'Kris Roshan' is set on object 'Object Repository/RecAndPlayBk/Page-Vlink-AuthOnly/txt_CardName'

2023-01-13 18:35:06 - [TEST_STEP][PASSED] - setText(findTestObject("Object Repository/RecAndPlayBk/Page-Vlink-AuthOnly/txt_AL1"), al1): Text '258 Elm Road' is set on object 'Object Repository/RecAndPlayBk/Page-Vlink-AuthOnly/txt_AL1'

2023-01-13 18:35:07 - [MESSAGE][PASSED] - Text '258 Elm Road' is set on object 'Object Repository/RecAndPlayBk/Page-Vlink-AuthOnly/txt_AL1'

2023-01-13 18:35:07 - [TEST_STEP][PASSED] - setText(findTestObject("Object Repository/RecAndPlayBk/Page-Vlink-AuthOnly/txt_CardCity"), city): Text 'Arlington' is set on object 'Object Repository/RecAndPlayBk/Page-Vlink-AuthOnly/txt_CardCity'

2023-01-13 18:35:07 - [MESSAGE][PASSED] - Text 'Arlington' is set on object 'Object Repository/RecAndPlayBk/Page-Vlink-AuthOnly/txt_CardCity'

2023-01-13 18:35:07 - [TEST_STEP][PASSED] - setText(findTestObject("Object Repository/RecAndPlayBk/Page-Vlink-AuthOnly/txt_CardState"), state): Text 'VA' is set on object 'Object Repository/RecAndPlayBk/Page-Vlink-AuthOnly/txt_CardState'

2023-01-13 18:35:08 - [MESSAGE][PASSED] - Text 'VA' is set on object 'Object Repository/RecAndPlayBk/Page-Vlink-AuthOnly/txt_CardState'

2023-01-13 18:35:08 - [TEST_STEP][PASSED] - setText(findTestObject("Object Repository/RecAndPlayBk/Page-Vlink-AuthOnly/txt_CardZIP"), zip): Text '22201' is set on object 'Object Repository/RecAndPlayBk/Page-Vlink-AuthOnly/txt_CardZIP'

2023-01-13 18:35:09 - [MESSAGE][PASSED] - Text '22201' is set on object 'Object Repository/RecAndPlayBk/Page-Vlink-AuthOnly/txt_CardZIP'

2023-01-13 18:35:09 - [TEST_STEP][PASSED] - setText(findTestObject("Object Repository/RecAndPlayBk/Page-Vlink-AuthOnly/input_Amount_amount"), amount): Text '1.50' is set on object 'Object Repository/RecAndPlayBk/Page-Vlink-AuthOnly/input_Amount_amount'

2023-01-13 18:35:10 - [MESSAGE][PASSED] - Text '1.50' is set on object 'Object Repository/RecAndPlayBk/Page-Vlink-AuthOnly/input_Amount_amount'

2023-01-13 18:35:10 - [TEST_STEP][PASSED] - setText(findTestObject("Object Repository/RecAndPlayBk/Page-Vlink-AuthOnly/input_Card number_card_number"), cardNumber): Text '4111111111111111' is set on object 'Object Repository/RecAndPlayBk/Page-Vlink-AuthOnly/input_Card number_card_number'

2023-01-13 18:35:11 - [MESSAGE][PASSED] - Text '4111111111111111' is set on object 'Object Repository/RecAndPlayBk/Page-Vlink-AuthOnly/input_Card number_card_number'

2023-01-13 18:35:11 - [TEST_STEP][PASSED] - setText(findTestObject("Object Repository/RecAndPlayBk/Page-Vlink-AuthOnly/input_Card ex month_card_exmo"), exM): Text '12' is set on object 'Object Repository/RecAndPlayBk/Page-Vlink-AuthOnly/input_Card ex month_card_exmo'

2023-01-13 18:35:12 - [MESSAGE][PASSED] - Text '12' is set on object 'Object Repository/RecAndPlayBk/Page-Vlink-AuthOnly/input_Card ex month_card_exmo'

2023-01-13 18:35:12 - [TEST_STEP][PASSED] - setText(findTestObject("Object Repository/RecAndPlayBk/Page-Vlink-AuthOnly/input_Card ex year_card_exyr"), exY): Text '2025' is set on object 'Object Repository/RecAndPlayBk/Page-Vlink-AuthOnly/input_Card ex year_card_exyr'

2023-01-13 18:35:12 - [MESSAGE][PASSED] - Text '2025' is set on object 'Object Repository/RecAndPlayBk/Page-Vlink-AuthOnly/input_Card ex year_card_exyr'

2023-01-13 18:35:12 - [TEST_STEP][PASSED] - setText(findTestObject("Object Repository/RecAndPlayBk/Page-Vlink-AuthOnly/input_Track Data_track_data"), ""): Text '' is set on object 'Object Repository/RecAndPlayBk/Page-Vlink-AuthOnly/input_Track Data_track_data'

2023-01-13 18:35:13 - [MESSAGE][PASSED] - Text '' is set on object 'Object Repository/RecAndPlayBk/Page-Vlink-AuthOnly/input_Track Data_track_data'

2023-01-13 18:35:13 - [TEST_STEP][PASSED] - setText(findTestObject("Object Repository/RecAndPlayBk/Page-Vlink-AuthOnly/input_concat(Cardholder, , s email)_email"), ""): Text '' is set on object 'Object Repository/RecAndPlayBk/Page-Vlink-AuthOnly/input_concat(Cardholder, , s email)_email'

2023-01-13 18:35:14 - [MESSAGE][PASSED] - Text '' is set on object 'Object Repository/RecAndPlayBk/Page-Vlink-AuthOnly/input_concat(Cardholder, , s email)_email'

2023-01-13 18:35:14 - [TEST_STEP][PASSED] - click(findTestObject("Object Repository/RecAndPlayBk/Page-Vlink-AuthOnly/input_user_defined10_user_defined10")): Object: 'Object Repository/RecAndPlayBk/Page-Vlink-AuthOnly/input_user_defined10_user_defined10' is clicked on

2023-01-13 18:35:14 - [MESSAGE][PASSED] - Object: 'Object Repository/RecAndPlayBk/Page-Vlink-AuthOnly/input_user_defined10_user_defined10' is clicked on

2023-01-13 18:35:14 - [TEST_STEP][PASSED] - setText(findTestObject("Object Repository/RecAndPlayBk/Page-Vlink-AuthOnly/input_Card on File Indicator_card_on_file_i_157dae"), ""): Text '' is set on object 'Object Repository/RecAndPlayBk/Page-Vlink-AuthOnly/input_Card on File Indicator_card_on_file_i_157dae'

2023-01-13 18:35:15 - [MESSAGE][PASSED] - Text '' is set on object 'Object Repository/RecAndPlayBk/Page-Vlink-AuthOnly/input_Card on File Indicator_card_on_file_i_157dae'

2023-01-13 18:35:15 - [TEST_STEP][PASSED] - setText(findTestObject("Object Repository/RecAndPlayBk/Page-Vlink-AuthOnly/input_Stored Credential Indicator_stored_cr_4ae73c"), ""): Text '' is set on object 'Object Repository/RecAndPlayBk/Page-Vlink-AuthOnly/input_Stored Credential Indicator_stored_cr_4ae73c'

2023-01-13 18:35:16 - [MESSAGE][PASSED] - Text '' is set on object 'Object Repository/RecAndPlayBk/Page-Vlink-AuthOnly/input_Stored Credential Indicator_stored_cr_4ae73c'

2023-01-13 18:35:16 - [TEST_STEP][PASSED] - setText(findTestObject("Object Repository/RecAndPlayBk/Page-Vlink-AuthOnly/input_COF Scheduled indicator_cof_scheduled_8df7d8"), ""): Text '' is set on object 'Object Repository/RecAndPlayBk/Page-Vlink-AuthOnly/input_COF Scheduled indicator_cof_scheduled_8df7d8'

2023-01-13 18:35:17 - [MESSAGE][PASSED] - Text '' is set on object 'Object Repository/RecAndPlayBk/Page-Vlink-AuthOnly/input_COF Scheduled indicator_cof_scheduled_8df7d8'

2023-01-13 18:35:17 - [TEST_STEP][PASSED] - setText(findTestObject("Object Repository/RecAndPlayBk/Page-Vlink-AuthOnly/input_COF Transaction Initiated by_cof_tran_6cded5"), ""): Text '' is set on object 'Object Repository/RecAndPlayBk/Page-Vlink-AuthOnly/input_COF Transaction Initiated by_cof_tran_6cded5'

2023-01-13 18:35:18 - [MESSAGE][PASSED] - Text '' is set on object 'Object Repository/RecAndPlayBk/Page-Vlink-AuthOnly/input_COF Transaction Initiated by_cof_tran_6cded5'

2023-01-13 18:35:18 - [TEST_STEP][PASSED] - click(findTestObject("Object Repository/RecAndPlayBk/Page-Vlink-AuthOnly/input")): Object: 'Object Repository/RecAndPlayBk/Page-Vlink-AuthOnly/input' is clicked on

2023-01-13 18:35:18 - [MESSAGE][PASSED] - Object: 'Object Repository/RecAndPlayBk/Page-Vlink-AuthOnly/input' is clicked on

2023-01-13 18:35:18 - [TEST_STEP][PASSED] - if (verifyTextPresent(errorMsg, true)): null

2023-01-13 18:35:19 - [MESSAGE][PASSED] - Text 'response_format' is present on page  using regular expression

2023-01-13 18:35:19 - [TEST_STEP][PASSED] - println("Error Message is present on the Confirmation page"): null

2023-01-13 18:35:19 - [TEST_STEP][PASSED] - out.println("Pass Record Number: " + row): null

2023-01-13 18:35:19 - [TEST_STEP][PASSED] - resText = "Pass": null

2023-01-13 18:35:19 - [TEST_STEP][PASSED] - pages.WriteExcel.demoKey(resText, datText, resColumn, datCloumn, fileLoc, nameSheet, row): pages.WriteExcel.demoKey is PASSED

2023-01-13 18:35:19 - [MESSAGE][PASSED] - pages.WriteExcel.demoKey is PASSED

2023-01-13 18:35:19 - [TEST_STEP][PASSED] - ExecuteTC = findTestData(dataFile).getValue("Execute", row): null

2023-01-13 18:35:19 - [TEST_STEP][PASSED] - out.println("Value of Execute is : " + ExecuteTC): null

2023-01-13 18:35:19 - [TEST_STEP][PASSED] - if (ExecuteTC.equalsIgnoreCase("Y")): null

2023-01-13 18:35:19 - [TEST_STEP][PASSED] - out.println("Begin Record Number: " + row): null

2023-01-13 18:35:19 - [TEST_STEP][PASSED] - today = new java.util.Date(): null

2023-01-13 18:35:19 - [TEST_STEP][PASSED] - println(today): null

2023-01-13 18:35:19 - [TEST_STEP][PASSED] - datText = today: null

2023-01-13 18:35:19 - [TEST_STEP][PASSED] - errorMsg = findTestData(dataFile).getValue("ErrorMsg", row): null

2023-01-13 18:35:19 - [TEST_STEP][PASSED] - appID = findTestData(dataFile).getValue("AppID", row): null

2023-01-13 18:35:19 - [TEST_STEP][PASSED] - username = findTestData(dataFile).getValue("Username", row): null

2023-01-13 18:35:19 - [TEST_STEP][PASSED] - password = findTestData(dataFile).getValue("Password", row): null

2023-01-13 18:35:19 - [TEST_STEP][PASSED] - tranType = findTestData(dataFile).getValue("TranType", row): null

2023-01-13 18:35:19 - [TEST_STEP][PASSED] - mv = findTestData(dataFile).getValue("MV", row): null

2023-01-13 18:35:19 - [TEST_STEP][PASSED] - resFormat = findTestData(dataFile).getValue("ResFormat", row): null

2023-01-13 18:35:19 - [TEST_STEP][PASSED] - category = findTestData(dataFile).getValue("Category", row): null

2023-01-13 18:35:19 - [TEST_STEP][PASSED] - amount = findTestData(dataFile).getValue("Amount", row): null

2023-01-13 18:35:19 - [TEST_STEP][PASSED] - cardName = findTestData(dataFile).getValue("CardName", row): null

2023-01-13 18:35:19 - [TEST_STEP][PASSED] - al1 = findTestData(dataFile).getValue("AL1", row): null

2023-01-13 18:35:19 - [TEST_STEP][PASSED] - city = findTestData(dataFile).getValue("City", row): null

2023-01-13 18:35:20 - [TEST_STEP][PASSED] - state = findTestData(dataFile).getValue("State", row): null

2023-01-13 18:35:20 - [TEST_STEP][PASSED] - zip = findTestData(dataFile).getValue("ZIP", row): null

2023-01-13 18:35:20 - [TEST_STEP][PASSED] - cardNumber = findTestData(dataFile).getValue("CardNumber", row): null

2023-01-13 18:35:20 - [TEST_STEP][PASSED] - exM = findTestData(dataFile).getValue("ExM", row): null

2023-01-13 18:35:20 - [TEST_STEP][PASSED] - exY = findTestData(dataFile).getValue("ExY", row): null

2023-01-13 18:35:20 - [TEST_STEP][PASSED] - openBrowser(VLinkURL + "auth.html"): Browser is opened with url: 'https://dev-algorithm.govolution.com/vlinktest/QA/version_2_0/auth.html'

2023-01-13 18:35:20 - [MESSAGE][WARNING] - A browser is already opened. Closing browser and opening a new one

2023-01-13 18:35:21 - [MESSAGE][INFO] - Starting 'Chrome' driver

2023-01-13 18:35:21 - [MESSAGE][INFO] - User set preference: ['acceptInsecureCerts', 'true']

2023-01-13 18:35:21 - [MESSAGE][INFO] - Action delay is set to 0 milliseconds

2023-01-13 18:35:23 - [MESSAGE][PASSED] - Browser is opened with url: 'https://dev-algorithm.govolution.com/vlinktest/QA/version_2_0/auth.html'

2023-01-13 18:35:23 - [TEST_STEP][PASSED] - maximizeWindow(): Current window maximized

2023-01-13 18:35:23 - [MESSAGE][PASSED] - Current window maximized

2023-01-13 18:35:23 - [TEST_STEP][PASSED] - maximizeWindow(): Current window maximized

2023-01-13 18:35:23 - [MESSAGE][PASSED] - Current window maximized

2023-01-13 18:35:23 - [TEST_STEP][PASSED] - setText(findTestObject("Object Repository/RecAndPlayBk/Page-Vlink-AuthOnly/txt_TransactionType"), tranType): Text '104' is set on object 'Object Repository/RecAndPlayBk/Page-Vlink-AuthOnly/txt_TransactionType'

2023-01-13 18:35:24 - [MESSAGE][PASSED] - Text '104' is set on object 'Object Repository/RecAndPlayBk/Page-Vlink-AuthOnly/txt_TransactionType'

2023-01-13 18:35:24 - [TEST_STEP][PASSED] - setText(findTestObject("Object Repository/RecAndPlayBk/Page-Vlink-AuthOnly/txt_MessageVersion"), mv): Text '2.0C' is set on object 'Object Repository/RecAndPlayBk/Page-Vlink-AuthOnly/txt_MessageVersion'

2023-01-13 18:35:24 - [MESSAGE][PASSED] - Text '2.0C' is set on object 'Object Repository/RecAndPlayBk/Page-Vlink-AuthOnly/txt_MessageVersion'

2023-01-13 18:35:24 - [TEST_STEP][PASSED] - genRemID = RandomStringUtils.random(12, true, true): null

2023-01-13 18:35:24 - [TEST_STEP][PASSED] - setText(findTestObject("Object Repository/RecAndPlayBk/Page-Vlink-AuthOnly/input_Remittance Id_remittance_id"), genRemID): Text 'TEZ0zxmYWbSd' is set on object 'Object Repository/RecAndPlayBk/Page-Vlink-AuthOnly/input_Remittance Id_remittance_id'

2023-01-13 18:35:25 - [MESSAGE][PASSED] - Text 'TEZ0zxmYWbSd' is set on object 'Object Repository/RecAndPlayBk/Page-Vlink-AuthOnly/input_Remittance Id_remittance_id'

2023-01-13 18:35:25 - [TEST_STEP][PASSED] - setText(findTestObject("Object Repository/RecAndPlayBk/Page-Vlink-AuthOnly/input_Application Id_application_id"), appID): Text '234' is set on object 'Object Repository/RecAndPlayBk/Page-Vlink-AuthOnly/input_Application Id_application_id'

2023-01-13 18:35:26 - [MESSAGE][PASSED] - Text '234' is set on object 'Object Repository/RecAndPlayBk/Page-Vlink-AuthOnly/input_Application Id_application_id'

2023-01-13 18:35:26 - [TEST_STEP][PASSED] - setText(findTestObject("Object Repository/RecAndPlayBk/Page-Vlink-AuthOnly/input_Username_username"), username): Text 'username' is set on object 'Object Repository/RecAndPlayBk/Page-Vlink-AuthOnly/input_Username_username'

2023-01-13 18:35:27 - [MESSAGE][PASSED] - Text 'username' is set on object 'Object Repository/RecAndPlayBk/Page-Vlink-AuthOnly/input_Username_username'

2023-01-13 18:35:27 - [TEST_STEP][PASSED] - setText(findTestObject("Object Repository/RecAndPlayBk/Page-Vlink-AuthOnly/input_Password_password"), password): Text 'password' is set on object 'Object Repository/RecAndPlayBk/Page-Vlink-AuthOnly/input_Password_password'

2023-01-13 18:35:28 - [MESSAGE][PASSED] - Text 'password' is set on object 'Object Repository/RecAndPlayBk/Page-Vlink-AuthOnly/input_Password_password'

2023-01-13 18:35:28 - [TEST_STEP][PASSED] - setText(findTestObject("Object Repository/RecAndPlayBk/Page-Vlink-AuthOnly/txt_ResponseFormat"), resFormat): Text 'fixed_width' is set on object 'Object Repository/RecAndPlayBk/Page-Vlink-AuthOnly/txt_ResponseFormat'

2023-01-13 18:35:29 - [MESSAGE][PASSED] - Text 'fixed_width' is set on object 'Object Repository/RecAndPlayBk/Page-Vlink-AuthOnly/txt_ResponseFormat'

2023-01-13 18:35:29 - [TEST_STEP][PASSED] - setText(findTestObject("Object Repository/RecAndPlayBk/Page-Vlink-AuthOnly/input_Category_category"), category): Text '' is set on object 'Object Repository/RecAndPlayBk/Page-Vlink-AuthOnly/input_Category_category'

2023-01-13 18:35:30 - [MESSAGE][PASSED] - Text '' is set on object 'Object Repository/RecAndPlayBk/Page-Vlink-AuthOnly/input_Category_category'

2023-01-13 18:35:30 - [TEST_STEP][PASSED] - setText(findTestObject("Object Repository/RecAndPlayBk/Page-Vlink-AuthOnly/txt_CardName"), cardName): Text 'Kris Roshan' is set on object 'Object Repository/RecAndPlayBk/Page-Vlink-AuthOnly/txt_CardName'

2023-01-13 18:35:31 - [MESSAGE][PASSED] - Text 'Kris Roshan' is set on object 'Object Repository/RecAndPlayBk/Page-Vlink-AuthOnly/txt_CardName'

2023-01-13 18:35:31 - [TEST_STEP][PASSED] - setText(findTestObject("Object Repository/RecAndPlayBk/Page-Vlink-AuthOnly/txt_AL1"), al1): Text '258 Elm Road' is set on object 'Object Repository/RecAndPlayBk/Page-Vlink-AuthOnly/txt_AL1'

2023-01-13 18:35:32 - [MESSAGE][PASSED] - Text '258 Elm Road' is set on object 'Object Repository/RecAndPlayBk/Page-Vlink-AuthOnly/txt_AL1'

2023-01-13 18:35:32 - [TEST_STEP][PASSED] - setText(findTestObject("Object Repository/RecAndPlayBk/Page-Vlink-AuthOnly/txt_CardCity"), city): Text 'Arlington' is set on object 'Object Repository/RecAndPlayBk/Page-Vlink-AuthOnly/txt_CardCity'

2023-01-13 18:35:33 - [MESSAGE][PASSED] - Text 'Arlington' is set on object 'Object Repository/RecAndPlayBk/Page-Vlink-AuthOnly/txt_CardCity'

2023-01-13 18:35:33 - [TEST_STEP][PASSED] - setText(findTestObject("Object Repository/RecAndPlayBk/Page-Vlink-AuthOnly/txt_CardState"), state): Text 'VA' is set on object 'Object Repository/RecAndPlayBk/Page-Vlink-AuthOnly/txt_CardState'

2023-01-13 18:35:33 - [MESSAGE][PASSED] - Text 'VA' is set on object 'Object Repository/RecAndPlayBk/Page-Vlink-AuthOnly/txt_CardState'

2023-01-13 18:35:33 - [TEST_STEP][PASSED] - setText(findTestObject("Object Repository/RecAndPlayBk/Page-Vlink-AuthOnly/txt_CardZIP"), zip): Text '22201' is set on object 'Object Repository/RecAndPlayBk/Page-Vlink-AuthOnly/txt_CardZIP'

2023-01-13 18:35:34 - [MESSAGE][PASSED] - Text '22201' is set on object 'Object Repository/RecAndPlayBk/Page-Vlink-AuthOnly/txt_CardZIP'

2023-01-13 18:35:34 - [TEST_STEP][PASSED] - setText(findTestObject("Object Repository/RecAndPlayBk/Page-Vlink-AuthOnly/input_Amount_amount"), amount): Text '1.50' is set on object 'Object Repository/RecAndPlayBk/Page-Vlink-AuthOnly/input_Amount_amount'

2023-01-13 18:35:35 - [MESSAGE][PASSED] - Text '1.50' is set on object 'Object Repository/RecAndPlayBk/Page-Vlink-AuthOnly/input_Amount_amount'

2023-01-13 18:35:35 - [TEST_STEP][PASSED] - setText(findTestObject("Object Repository/RecAndPlayBk/Page-Vlink-AuthOnly/input_Card number_card_number"), cardNumber): Text '4111111111111111' is set on object 'Object Repository/RecAndPlayBk/Page-Vlink-AuthOnly/input_Card number_card_number'

2023-01-13 18:35:36 - [MESSAGE][PASSED] - Text '4111111111111111' is set on object 'Object Repository/RecAndPlayBk/Page-Vlink-AuthOnly/input_Card number_card_number'

2023-01-13 18:35:36 - [TEST_STEP][PASSED] - setText(findTestObject("Object Repository/RecAndPlayBk/Page-Vlink-AuthOnly/input_Card ex month_card_exmo"), exM): Text '12' is set on object 'Object Repository/RecAndPlayBk/Page-Vlink-AuthOnly/input_Card ex month_card_exmo'

2023-01-13 18:35:37 - [MESSAGE][PASSED] - Text '12' is set on object 'Object Repository/RecAndPlayBk/Page-Vlink-AuthOnly/input_Card ex month_card_exmo'

2023-01-13 18:35:37 - [TEST_STEP][PASSED] - setText(findTestObject("Object Repository/RecAndPlayBk/Page-Vlink-AuthOnly/input_Card ex year_card_exyr"), exY): Text '2025' is set on object 'Object Repository/RecAndPlayBk/Page-Vlink-AuthOnly/input_Card ex year_card_exyr'

2023-01-13 18:35:38 - [MESSAGE][PASSED] - Text '2025' is set on object 'Object Repository/RecAndPlayBk/Page-Vlink-AuthOnly/input_Card ex year_card_exyr'

2023-01-13 18:35:38 - [TEST_STEP][PASSED] - setText(findTestObject("Object Repository/RecAndPlayBk/Page-Vlink-AuthOnly/input_Track Data_track_data"), ""): Text '' is set on object 'Object Repository/RecAndPlayBk/Page-Vlink-AuthOnly/input_Track Data_track_data'

2023-01-13 18:35:39 - [MESSAGE][PASSED] - Text '' is set on object 'Object Repository/RecAndPlayBk/Page-Vlink-AuthOnly/input_Track Data_track_data'

2023-01-13 18:35:39 - [TEST_STEP][PASSED] - setText(findTestObject("Object Repository/RecAndPlayBk/Page-Vlink-AuthOnly/input_concat(Cardholder, , s email)_email"), ""): Text '' is set on object 'Object Repository/RecAndPlayBk/Page-Vlink-AuthOnly/input_concat(Cardholder, , s email)_email'

2023-01-13 18:35:40 - [MESSAGE][PASSED] - Text '' is set on object 'Object Repository/RecAndPlayBk/Page-Vlink-AuthOnly/input_concat(Cardholder, , s email)_email'

2023-01-13 18:35:40 - [TEST_STEP][PASSED] - click(findTestObject("Object Repository/RecAndPlayBk/Page-Vlink-AuthOnly/input_user_defined10_user_defined10")): Object: 'Object Repository/RecAndPlayBk/Page-Vlink-AuthOnly/input_user_defined10_user_defined10' is clicked on

2023-01-13 18:35:40 - [MESSAGE][PASSED] - Object: 'Object Repository/RecAndPlayBk/Page-Vlink-AuthOnly/input_user_defined10_user_defined10' is clicked on

2023-01-13 18:35:40 - [TEST_STEP][PASSED] - setText(findTestObject("Object Repository/RecAndPlayBk/Page-Vlink-AuthOnly/input_Card on File Indicator_card_on_file_i_157dae"), ""): Text '' is set on object 'Object Repository/RecAndPlayBk/Page-Vlink-AuthOnly/input_Card on File Indicator_card_on_file_i_157dae'

2023-01-13 18:35:41 - [MESSAGE][PASSED] - Text '' is set on object 'Object Repository/RecAndPlayBk/Page-Vlink-AuthOnly/input_Card on File Indicator_card_on_file_i_157dae'

2023-01-13 18:35:41 - [TEST_STEP][PASSED] - setText(findTestObject("Object Repository/RecAndPlayBk/Page-Vlink-AuthOnly/input_Stored Credential Indicator_stored_cr_4ae73c"), ""): Text '' is set on object 'Object Repository/RecAndPlayBk/Page-Vlink-AuthOnly/input_Stored Credential Indicator_stored_cr_4ae73c'

2023-01-13 18:35:42 - [MESSAGE][PASSED] - Text '' is set on object 'Object Repository/RecAndPlayBk/Page-Vlink-AuthOnly/input_Stored Credential Indicator_stored_cr_4ae73c'

2023-01-13 18:35:42 - [TEST_STEP][PASSED] - setText(findTestObject("Object Repository/RecAndPlayBk/Page-Vlink-AuthOnly/input_COF Scheduled indicator_cof_scheduled_8df7d8"), ""): Text '' is set on object 'Object Repository/RecAndPlayBk/Page-Vlink-AuthOnly/input_COF Scheduled indicator_cof_scheduled_8df7d8'

2023-01-13 18:35:43 - [MESSAGE][PASSED] - Text '' is set on object 'Object Repository/RecAndPlayBk/Page-Vlink-AuthOnly/input_COF Scheduled indicator_cof_scheduled_8df7d8'

2023-01-13 18:35:43 - [TEST_STEP][PASSED] - setText(findTestObject("Object Repository/RecAndPlayBk/Page-Vlink-AuthOnly/input_COF Transaction Initiated by_cof_tran_6cded5"), ""): Text '' is set on object 'Object Repository/RecAndPlayBk/Page-Vlink-AuthOnly/input_COF Transaction Initiated by_cof_tran_6cded5'

2023-01-13 18:35:44 - [MESSAGE][PASSED] - Text '' is set on object 'Object Repository/RecAndPlayBk/Page-Vlink-AuthOnly/input_COF Transaction Initiated by_cof_tran_6cded5'

2023-01-13 18:35:44 - [TEST_STEP][PASSED] - click(findTestObject("Object Repository/RecAndPlayBk/Page-Vlink-AuthOnly/input")): Object: 'Object Repository/RecAndPlayBk/Page-Vlink-AuthOnly/input' is clicked on

2023-01-13 18:35:44 - [MESSAGE][PASSED] - Object: 'Object Repository/RecAndPlayBk/Page-Vlink-AuthOnly/input' is clicked on

2023-01-13 18:35:44 - [TEST_STEP][PASSED] - if (verifyTextPresent(errorMsg, true)): null

2023-01-13 18:35:45 - [MESSAGE][PASSED] - Text 'Missing parameter: category' is present on page  using regular expression

2023-01-13 18:35:45 - [TEST_STEP][PASSED] - println("Error Message is present on the Confirmation page"): null

2023-01-13 18:35:45 - [TEST_STEP][PASSED] - out.println("Pass Record Number: " + row): null

2023-01-13 18:35:45 - [TEST_STEP][PASSED] - resText = "Pass": null

2023-01-13 18:35:45 - [TEST_STEP][PASSED] - pages.WriteExcel.demoKey(resText, datText, resColumn, datCloumn, fileLoc, nameSheet, row): pages.WriteExcel.demoKey is PASSED

2023-01-13 18:35:45 - [MESSAGE][PASSED] - pages.WriteExcel.demoKey is PASSED

2023-01-13 18:35:45 - [TEST_STEP][PASSED] - ExecuteTC = findTestData(dataFile).getValue("Execute", row): null

2023-01-13 18:35:45 - [TEST_STEP][PASSED] - out.println("Value of Execute is : " + ExecuteTC): null

2023-01-13 18:35:45 - [TEST_STEP][PASSED] - if (ExecuteTC.equalsIgnoreCase("Y")): null

2023-01-13 18:35:45 - [TEST_STEP][PASSED] - out.println("Begin Record Number: " + row): null

2023-01-13 18:35:45 - [TEST_STEP][PASSED] - today = new java.util.Date(): null

2023-01-13 18:35:45 - [TEST_STEP][PASSED] - println(today): null

2023-01-13 18:35:45 - [TEST_STEP][PASSED] - datText = today: null

2023-01-13 18:35:45 - [TEST_STEP][PASSED] - errorMsg = findTestData(dataFile).getValue("ErrorMsg", row): null

2023-01-13 18:35:45 - [TEST_STEP][PASSED] - appID = findTestData(dataFile).getValue("AppID", row): null

2023-01-13 18:35:45 - [TEST_STEP][PASSED] - username = findTestData(dataFile).getValue("Username", row): null

2023-01-13 18:35:45 - [TEST_STEP][PASSED] - password = findTestData(dataFile).getValue("Password", row): null

2023-01-13 18:35:45 - [TEST_STEP][PASSED] - tranType = findTestData(dataFile).getValue("TranType", row): null

2023-01-13 18:35:45 - [TEST_STEP][PASSED] - mv = findTestData(dataFile).getValue("MV", row): null

2023-01-13 18:35:45 - [TEST_STEP][PASSED] - resFormat = findTestData(dataFile).getValue("ResFormat", row): null

2023-01-13 18:35:45 - [TEST_STEP][PASSED] - category = findTestData(dataFile).getValue("Category", row): null

2023-01-13 18:35:45 - [TEST_STEP][PASSED] - amount = findTestData(dataFile).getValue("Amount", row): null

2023-01-13 18:35:45 - [TEST_STEP][PASSED] - cardName = findTestData(dataFile).getValue("CardName", row): null

2023-01-13 18:35:45 - [TEST_STEP][PASSED] - al1 = findTestData(dataFile).getValue("AL1", row): null

2023-01-13 18:35:45 - [TEST_STEP][PASSED] - city = findTestData(dataFile).getValue("City", row): null

2023-01-13 18:35:45 - [TEST_STEP][PASSED] - state = findTestData(dataFile).getValue("State", row): null

2023-01-13 18:35:46 - [TEST_STEP][PASSED] - zip = findTestData(dataFile).getValue("ZIP", row): null

2023-01-13 18:35:46 - [TEST_STEP][PASSED] - cardNumber = findTestData(dataFile).getValue("CardNumber", row): null

2023-01-13 18:35:46 - [TEST_STEP][PASSED] - exM = findTestData(dataFile).getValue("ExM", row): null

2023-01-13 18:35:46 - [TEST_STEP][PASSED] - exY = findTestData(dataFile).getValue("ExY", row): null

2023-01-13 18:35:46 - [TEST_STEP][PASSED] - openBrowser(VLinkURL + "auth.html"): Browser is opened with url: 'https://dev-algorithm.govolution.com/vlinktest/QA/version_2_0/auth.html'

2023-01-13 18:35:46 - [MESSAGE][WARNING] - A browser is already opened. Closing browser and opening a new one

2023-01-13 18:35:47 - [MESSAGE][INFO] - Starting 'Chrome' driver

2023-01-13 18:35:47 - [MESSAGE][INFO] - User set preference: ['acceptInsecureCerts', 'true']

2023-01-13 18:35:47 - [MESSAGE][INFO] - Action delay is set to 0 milliseconds

2023-01-13 18:35:49 - [MESSAGE][PASSED] - Browser is opened with url: 'https://dev-algorithm.govolution.com/vlinktest/QA/version_2_0/auth.html'

2023-01-13 18:35:49 - [TEST_STEP][PASSED] - maximizeWindow(): Current window maximized

2023-01-13 18:35:49 - [MESSAGE][PASSED] - Current window maximized

2023-01-13 18:35:49 - [TEST_STEP][PASSED] - maximizeWindow(): Current window maximized

2023-01-13 18:35:49 - [MESSAGE][PASSED] - Current window maximized

2023-01-13 18:35:49 - [TEST_STEP][PASSED] - setText(findTestObject("Object Repository/RecAndPlayBk/Page-Vlink-AuthOnly/txt_TransactionType"), tranType): Text '104' is set on object 'Object Repository/RecAndPlayBk/Page-Vlink-AuthOnly/txt_TransactionType'

2023-01-13 18:35:50 - [MESSAGE][PASSED] - Text '104' is set on object 'Object Repository/RecAndPlayBk/Page-Vlink-AuthOnly/txt_TransactionType'

2023-01-13 18:35:50 - [TEST_STEP][PASSED] - setText(findTestObject("Object Repository/RecAndPlayBk/Page-Vlink-AuthOnly/txt_MessageVersion"), mv): Text '2.0C' is set on object 'Object Repository/RecAndPlayBk/Page-Vlink-AuthOnly/txt_MessageVersion'

2023-01-13 18:35:50 - [MESSAGE][PASSED] - Text '2.0C' is set on object 'Object Repository/RecAndPlayBk/Page-Vlink-AuthOnly/txt_MessageVersion'

2023-01-13 18:35:50 - [TEST_STEP][PASSED] - genRemID = RandomStringUtils.random(12, true, true): null

2023-01-13 18:35:50 - [TEST_STEP][PASSED] - setText(findTestObject("Object Repository/RecAndPlayBk/Page-Vlink-AuthOnly/input_Remittance Id_remittance_id"), genRemID): Text 'WGKre9LcIZUN' is set on object 'Object Repository/RecAndPlayBk/Page-Vlink-AuthOnly/input_Remittance Id_remittance_id'

2023-01-13 18:35:51 - [MESSAGE][PASSED] - Text 'WGKre9LcIZUN' is set on object 'Object Repository/RecAndPlayBk/Page-Vlink-AuthOnly/input_Remittance Id_remittance_id'

2023-01-13 18:35:51 - [TEST_STEP][PASSED] - setText(findTestObject("Object Repository/RecAndPlayBk/Page-Vlink-AuthOnly/input_Application Id_application_id"), appID): Text '234' is set on object 'Object Repository/RecAndPlayBk/Page-Vlink-AuthOnly/input_Application Id_application_id'

2023-01-13 18:35:52 - [MESSAGE][PASSED] - Text '234' is set on object 'Object Repository/RecAndPlayBk/Page-Vlink-AuthOnly/input_Application Id_application_id'

2023-01-13 18:35:52 - [TEST_STEP][PASSED] - setText(findTestObject("Object Repository/RecAndPlayBk/Page-Vlink-AuthOnly/input_Username_username"), username): Text 'username' is set on object 'Object Repository/RecAndPlayBk/Page-Vlink-AuthOnly/input_Username_username'

2023-01-13 18:35:53 - [MESSAGE][PASSED] - Text 'username' is set on object 'Object Repository/RecAndPlayBk/Page-Vlink-AuthOnly/input_Username_username'

2023-01-13 18:35:53 - [TEST_STEP][PASSED] - setText(findTestObject("Object Repository/RecAndPlayBk/Page-Vlink-AuthOnly/input_Password_password"), password): Text 'password' is set on object 'Object Repository/RecAndPlayBk/Page-Vlink-AuthOnly/input_Password_password'

2023-01-13 18:35:54 - [MESSAGE][PASSED] - Text 'password' is set on object 'Object Repository/RecAndPlayBk/Page-Vlink-AuthOnly/input_Password_password'

2023-01-13 18:35:54 - [TEST_STEP][PASSED] - setText(findTestObject("Object Repository/RecAndPlayBk/Page-Vlink-AuthOnly/txt_ResponseFormat"), resFormat): Text 'fixed_width' is set on object 'Object Repository/RecAndPlayBk/Page-Vlink-AuthOnly/txt_ResponseFormat'

2023-01-13 18:35:55 - [MESSAGE][PASSED] - Text 'fixed_width' is set on object 'Object Repository/RecAndPlayBk/Page-Vlink-AuthOnly/txt_ResponseFormat'

2023-01-13 18:35:55 - [TEST_STEP][PASSED] - setText(findTestObject("Object Repository/RecAndPlayBk/Page-Vlink-AuthOnly/input_Category_category"), category): Text 'ECOM' is set on object 'Object Repository/RecAndPlayBk/Page-Vlink-AuthOnly/input_Category_category'

2023-01-13 18:35:56 - [MESSAGE][PASSED] - Text 'ECOM' is set on object 'Object Repository/RecAndPlayBk/Page-Vlink-AuthOnly/input_Category_category'

2023-01-13 18:35:56 - [TEST_STEP][PASSED] - setText(findTestObject("Object Repository/RecAndPlayBk/Page-Vlink-AuthOnly/txt_CardName"), cardName): Text '' is set on object 'Object Repository/RecAndPlayBk/Page-Vlink-AuthOnly/txt_CardName'

2023-01-13 18:35:57 - [MESSAGE][PASSED] - Text '' is set on object 'Object Repository/RecAndPlayBk/Page-Vlink-AuthOnly/txt_CardName'

2023-01-13 18:35:57 - [TEST_STEP][PASSED] - setText(findTestObject("Object Repository/RecAndPlayBk/Page-Vlink-AuthOnly/txt_AL1"), al1): Text '258 Elm Road' is set on object 'Object Repository/RecAndPlayBk/Page-Vlink-AuthOnly/txt_AL1'

2023-01-13 18:35:57 - [MESSAGE][PASSED] - Text '258 Elm Road' is set on object 'Object Repository/RecAndPlayBk/Page-Vlink-AuthOnly/txt_AL1'

2023-01-13 18:35:57 - [TEST_STEP][PASSED] - setText(findTestObject("Object Repository/RecAndPlayBk/Page-Vlink-AuthOnly/txt_CardCity"), city): Text 'Arlington' is set on object 'Object Repository/RecAndPlayBk/Page-Vlink-AuthOnly/txt_CardCity'

2023-01-13 18:35:58 - [MESSAGE][PASSED] - Text 'Arlington' is set on object 'Object Repository/RecAndPlayBk/Page-Vlink-AuthOnly/txt_CardCity'

2023-01-13 18:35:58 - [TEST_STEP][PASSED] - setText(findTestObject("Object Repository/RecAndPlayBk/Page-Vlink-AuthOnly/txt_CardState"), state): Text 'VA' is set on object 'Object Repository/RecAndPlayBk/Page-Vlink-AuthOnly/txt_CardState'

2023-01-13 18:35:59 - [MESSAGE][PASSED] - Text 'VA' is set on object 'Object Repository/RecAndPlayBk/Page-Vlink-AuthOnly/txt_CardState'

2023-01-13 18:35:59 - [TEST_STEP][PASSED] - setText(findTestObject("Object Repository/RecAndPlayBk/Page-Vlink-AuthOnly/txt_CardZIP"), zip): Text '22201' is set on object 'Object Repository/RecAndPlayBk/Page-Vlink-AuthOnly/txt_CardZIP'

2023-01-13 18:36:00 - [MESSAGE][PASSED] - Text '22201' is set on object 'Object Repository/RecAndPlayBk/Page-Vlink-AuthOnly/txt_CardZIP'

2023-01-13 18:36:00 - [TEST_STEP][PASSED] - setText(findTestObject("Object Repository/RecAndPlayBk/Page-Vlink-AuthOnly/input_Amount_amount"), amount): Text '1.50' is set on object 'Object Repository/RecAndPlayBk/Page-Vlink-AuthOnly/input_Amount_amount'

2023-01-13 18:36:01 - [MESSAGE][PASSED] - Text '1.50' is set on object 'Object Repository/RecAndPlayBk/Page-Vlink-AuthOnly/input_Amount_amount'

2023-01-13 18:36:01 - [TEST_STEP][PASSED] - setText(findTestObject("Object Repository/RecAndPlayBk/Page-Vlink-AuthOnly/input_Card number_card_number"), cardNumber): Text '4111111111111111' is set on object 'Object Repository/RecAndPlayBk/Page-Vlink-AuthOnly/input_Card number_card_number'

2023-01-13 18:36:02 - [MESSAGE][PASSED] - Text '4111111111111111' is set on object 'Object Repository/RecAndPlayBk/Page-Vlink-AuthOnly/input_Card number_card_number'

2023-01-13 18:36:02 - [TEST_STEP][PASSED] - setText(findTestObject("Object Repository/RecAndPlayBk/Page-Vlink-AuthOnly/input_Card ex month_card_exmo"), exM): Text '12' is set on object 'Object Repository/RecAndPlayBk/Page-Vlink-AuthOnly/input_Card ex month_card_exmo'

2023-01-13 18:36:03 - [MESSAGE][PASSED] - Text '12' is set on object 'Object Repository/RecAndPlayBk/Page-Vlink-AuthOnly/input_Card ex month_card_exmo'

2023-01-13 18:36:03 - [TEST_STEP][PASSED] - setText(findTestObject("Object Repository/RecAndPlayBk/Page-Vlink-AuthOnly/input_Card ex year_card_exyr"), exY): Text '2025' is set on object 'Object Repository/RecAndPlayBk/Page-Vlink-AuthOnly/input_Card ex year_card_exyr'

2023-01-13 18:36:03 - [MESSAGE][PASSED] - Text '2025' is set on object 'Object Repository/RecAndPlayBk/Page-Vlink-AuthOnly/input_Card ex year_card_exyr'

2023-01-13 18:36:03 - [TEST_STEP][PASSED] - setText(findTestObject("Object Repository/RecAndPlayBk/Page-Vlink-AuthOnly/input_Track Data_track_data"), ""): Text '' is set on object 'Object Repository/RecAndPlayBk/Page-Vlink-AuthOnly/input_Track Data_track_data'

2023-01-13 18:36:04 - [MESSAGE][PASSED] - Text '' is set on object 'Object Repository/RecAndPlayBk/Page-Vlink-AuthOnly/input_Track Data_track_data'

2023-01-13 18:36:04 - [TEST_STEP][PASSED] - setText(findTestObject("Object Repository/RecAndPlayBk/Page-Vlink-AuthOnly/input_concat(Cardholder, , s email)_email"), ""): Text '' is set on object 'Object Repository/RecAndPlayBk/Page-Vlink-AuthOnly/input_concat(Cardholder, , s email)_email'

2023-01-13 18:36:05 - [MESSAGE][PASSED] - Text '' is set on object 'Object Repository/RecAndPlayBk/Page-Vlink-AuthOnly/input_concat(Cardholder, , s email)_email'

2023-01-13 18:36:05 - [TEST_STEP][PASSED] - click(findTestObject("Object Repository/RecAndPlayBk/Page-Vlink-AuthOnly/input_user_defined10_user_defined10")): Object: 'Object Repository/RecAndPlayBk/Page-Vlink-AuthOnly/input_user_defined10_user_defined10' is clicked on

2023-01-13 18:36:05 - [MESSAGE][PASSED] - Object: 'Object Repository/RecAndPlayBk/Page-Vlink-AuthOnly/input_user_defined10_user_defined10' is clicked on

2023-01-13 18:36:05 - [TEST_STEP][PASSED] - setText(findTestObject("Object Repository/RecAndPlayBk/Page-Vlink-AuthOnly/input_Card on File Indicator_card_on_file_i_157dae"), ""): Text '' is set on object 'Object Repository/RecAndPlayBk/Page-Vlink-AuthOnly/input_Card on File Indicator_card_on_file_i_157dae'

2023-01-13 18:36:06 - [MESSAGE][PASSED] - Text '' is set on object 'Object Repository/RecAndPlayBk/Page-Vlink-AuthOnly/input_Card on File Indicator_card_on_file_i_157dae'

2023-01-13 18:36:06 - [TEST_STEP][PASSED] - setText(findTestObject("Object Repository/RecAndPlayBk/Page-Vlink-AuthOnly/input_Stored Credential Indicator_stored_cr_4ae73c"), ""): Text '' is set on object 'Object Repository/RecAndPlayBk/Page-Vlink-AuthOnly/input_Stored Credential Indicator_stored_cr_4ae73c'

2023-01-13 18:36:07 - [MESSAGE][PASSED] - Text '' is set on object 'Object Repository/RecAndPlayBk/Page-Vlink-AuthOnly/input_Stored Credential Indicator_stored_cr_4ae73c'

2023-01-13 18:36:07 - [TEST_STEP][PASSED] - setText(findTestObject("Object Repository/RecAndPlayBk/Page-Vlink-AuthOnly/input_COF Scheduled indicator_cof_scheduled_8df7d8"), ""): Text '' is set on object 'Object Repository/RecAndPlayBk/Page-Vlink-AuthOnly/input_COF Scheduled indicator_cof_scheduled_8df7d8'

2023-01-13 18:36:08 - [MESSAGE][PASSED] - Text '' is set on object 'Object Repository/RecAndPlayBk/Page-Vlink-AuthOnly/input_COF Scheduled indicator_cof_scheduled_8df7d8'

2023-01-13 18:36:08 - [TEST_STEP][PASSED] - setText(findTestObject("Object Repository/RecAndPlayBk/Page-Vlink-AuthOnly/input_COF Transaction Initiated by_cof_tran_6cded5"), ""): Text '' is set on object 'Object Repository/RecAndPlayBk/Page-Vlink-AuthOnly/input_COF Transaction Initiated by_cof_tran_6cded5'

2023-01-13 18:36:09 - [MESSAGE][PASSED] - Text '' is set on object 'Object Repository/RecAndPlayBk/Page-Vlink-AuthOnly/input_COF Transaction Initiated by_cof_tran_6cded5'

2023-01-13 18:36:09 - [TEST_STEP][PASSED] - click(findTestObject("Object Repository/RecAndPlayBk/Page-Vlink-AuthOnly/input")): Object: 'Object Repository/RecAndPlayBk/Page-Vlink-AuthOnly/input' is clicked on

2023-01-13 18:36:09 - [MESSAGE][PASSED] - Object: 'Object Repository/RecAndPlayBk/Page-Vlink-AuthOnly/input' is clicked on

2023-01-13 18:36:09 - [TEST_STEP][PASSED] - if (verifyTextPresent(errorMsg, true)): null

2023-01-13 18:36:10 - [MESSAGE][PASSED] - Text 'card_name' is present on page  using regular expression

2023-01-13 18:36:10 - [TEST_STEP][PASSED] - println("Error Message is present on the Confirmation page"): null

2023-01-13 18:36:10 - [TEST_STEP][PASSED] - out.println("Pass Record Number: " + row): null

2023-01-13 18:36:10 - [TEST_STEP][PASSED] - resText = "Pass": null

2023-01-13 18:36:10 - [TEST_STEP][PASSED] - pages.WriteExcel.demoKey(resText, datText, resColumn, datCloumn, fileLoc, nameSheet, row): pages.WriteExcel.demoKey is PASSED

2023-01-13 18:36:10 - [MESSAGE][PASSED] - pages.WriteExcel.demoKey is PASSED

2023-01-13 18:36:10 - [TEST_STEP][PASSED] - ExecuteTC = findTestData(dataFile).getValue("Execute", row): null

2023-01-13 18:36:10 - [TEST_STEP][PASSED] - out.println("Value of Execute is : " + ExecuteTC): null

2023-01-13 18:36:10 - [TEST_STEP][PASSED] - if (ExecuteTC.equalsIgnoreCase("Y")): null

2023-01-13 18:36:10 - [TEST_STEP][PASSED] - out.println("Begin Record Number: " + row): null

2023-01-13 18:36:10 - [TEST_STEP][PASSED] - today = new java.util.Date(): null

2023-01-13 18:36:10 - [TEST_STEP][PASSED] - println(today): null

2023-01-13 18:36:10 - [TEST_STEP][PASSED] - datText = today: null

2023-01-13 18:36:10 - [TEST_STEP][PASSED] - errorMsg = findTestData(dataFile).getValue("ErrorMsg", row): null

2023-01-13 18:36:10 - [TEST_STEP][PASSED] - appID = findTestData(dataFile).getValue("AppID", row): null

2023-01-13 18:36:10 - [TEST_STEP][PASSED] - username = findTestData(dataFile).getValue("Username", row): null

2023-01-13 18:36:10 - [TEST_STEP][PASSED] - password = findTestData(dataFile).getValue("Password", row): null

2023-01-13 18:36:10 - [TEST_STEP][PASSED] - tranType = findTestData(dataFile).getValue("TranType", row): null

2023-01-13 18:36:10 - [TEST_STEP][PASSED] - mv = findTestData(dataFile).getValue("MV", row): null

2023-01-13 18:36:10 - [TEST_STEP][PASSED] - resFormat = findTestData(dataFile).getValue("ResFormat", row): null

2023-01-13 18:36:10 - [TEST_STEP][PASSED] - category = findTestData(dataFile).getValue("Category", row): null

2023-01-13 18:36:10 - [TEST_STEP][PASSED] - amount = findTestData(dataFile).getValue("Amount", row): null

2023-01-13 18:36:10 - [TEST_STEP][PASSED] - cardName = findTestData(dataFile).getValue("CardName", row): null

2023-01-13 18:36:10 - [TEST_STEP][PASSED] - al1 = findTestData(dataFile).getValue("AL1", row): null

2023-01-13 18:36:11 - [TEST_STEP][PASSED] - city = findTestData(dataFile).getValue("City", row): null

2023-01-13 18:36:11 - [TEST_STEP][PASSED] - state = findTestData(dataFile).getValue("State", row): null

2023-01-13 18:36:11 - [TEST_STEP][PASSED] - zip = findTestData(dataFile).getValue("ZIP", row): null

2023-01-13 18:36:11 - [TEST_STEP][PASSED] - cardNumber = findTestData(dataFile).getValue("CardNumber", row): null

2023-01-13 18:36:11 - [TEST_STEP][PASSED] - exM = findTestData(dataFile).getValue("ExM", row): null

2023-01-13 18:36:11 - [TEST_STEP][PASSED] - exY = findTestData(dataFile).getValue("ExY", row): null

2023-01-13 18:36:11 - [TEST_STEP][PASSED] - openBrowser(VLinkURL + "auth.html"): Browser is opened with url: 'https://dev-algorithm.govolution.com/vlinktest/QA/version_2_0/auth.html'

2023-01-13 18:36:11 - [MESSAGE][WARNING] - A browser is already opened. Closing browser and opening a new one

2023-01-13 18:36:12 - [MESSAGE][INFO] - Starting 'Chrome' driver

2023-01-13 18:36:12 - [MESSAGE][INFO] - User set preference: ['acceptInsecureCerts', 'true']

2023-01-13 18:36:12 - [MESSAGE][INFO] - Action delay is set to 0 milliseconds

2023-01-13 18:36:14 - [MESSAGE][PASSED] - Browser is opened with url: 'https://dev-algorithm.govolution.com/vlinktest/QA/version_2_0/auth.html'

2023-01-13 18:36:14 - [TEST_STEP][PASSED] - maximizeWindow(): Current window maximized

2023-01-13 18:36:14 - [MESSAGE][PASSED] - Current window maximized

2023-01-13 18:36:14 - [TEST_STEP][PASSED] - maximizeWindow(): Current window maximized

2023-01-13 18:36:14 - [MESSAGE][PASSED] - Current window maximized

2023-01-13 18:36:14 - [TEST_STEP][PASSED] - setText(findTestObject("Object Repository/RecAndPlayBk/Page-Vlink-AuthOnly/txt_TransactionType"), tranType): Text '104' is set on object 'Object Repository/RecAndPlayBk/Page-Vlink-AuthOnly/txt_TransactionType'

2023-01-13 18:36:15 - [MESSAGE][PASSED] - Text '104' is set on object 'Object Repository/RecAndPlayBk/Page-Vlink-AuthOnly/txt_TransactionType'

2023-01-13 18:36:15 - [TEST_STEP][PASSED] - setText(findTestObject("Object Repository/RecAndPlayBk/Page-Vlink-AuthOnly/txt_MessageVersion"), mv): Text '2.0C' is set on object 'Object Repository/RecAndPlayBk/Page-Vlink-AuthOnly/txt_MessageVersion'

2023-01-13 18:36:16 - [MESSAGE][PASSED] - Text '2.0C' is set on object 'Object Repository/RecAndPlayBk/Page-Vlink-AuthOnly/txt_MessageVersion'

2023-01-13 18:36:16 - [TEST_STEP][PASSED] - genRemID = RandomStringUtils.random(12, true, true): null

2023-01-13 18:36:16 - [TEST_STEP][PASSED] - setText(findTestObject("Object Repository/RecAndPlayBk/Page-Vlink-AuthOnly/input_Remittance Id_remittance_id"), genRemID): Text 'LofZgeBTBc9m' is set on object 'Object Repository/RecAndPlayBk/Page-Vlink-AuthOnly/input_Remittance Id_remittance_id'

2023-01-13 18:36:17 - [MESSAGE][PASSED] - Text 'LofZgeBTBc9m' is set on object 'Object Repository/RecAndPlayBk/Page-Vlink-AuthOnly/input_Remittance Id_remittance_id'

2023-01-13 18:36:17 - [TEST_STEP][PASSED] - setText(findTestObject("Object Repository/RecAndPlayBk/Page-Vlink-AuthOnly/input_Application Id_application_id"), appID): Text '234' is set on object 'Object Repository/RecAndPlayBk/Page-Vlink-AuthOnly/input_Application Id_application_id'

2023-01-13 18:36:18 - [MESSAGE][PASSED] - Text '234' is set on object 'Object Repository/RecAndPlayBk/Page-Vlink-AuthOnly/input_Application Id_application_id'

2023-01-13 18:36:18 - [TEST_STEP][PASSED] - setText(findTestObject("Object Repository/RecAndPlayBk/Page-Vlink-AuthOnly/input_Username_username"), username): Text 'username' is set on object 'Object Repository/RecAndPlayBk/Page-Vlink-AuthOnly/input_Username_username'

2023-01-13 18:36:18 - [MESSAGE][PASSED] - Text 'username' is set on object 'Object Repository/RecAndPlayBk/Page-Vlink-AuthOnly/input_Username_username'

2023-01-13 18:36:18 - [TEST_STEP][PASSED] - setText(findTestObject("Object Repository/RecAndPlayBk/Page-Vlink-AuthOnly/input_Password_password"), password): Text 'password' is set on object 'Object Repository/RecAndPlayBk/Page-Vlink-AuthOnly/input_Password_password'

2023-01-13 18:36:19 - [MESSAGE][PASSED] - Text 'password' is set on object 'Object Repository/RecAndPlayBk/Page-Vlink-AuthOnly/input_Password_password'

2023-01-13 18:36:19 - [TEST_STEP][PASSED] - setText(findTestObject("Object Repository/RecAndPlayBk/Page-Vlink-AuthOnly/txt_ResponseFormat"), resFormat): Text 'fixed_width' is set on object 'Object Repository/RecAndPlayBk/Page-Vlink-AuthOnly/txt_ResponseFormat'

2023-01-13 18:36:20 - [MESSAGE][PASSED] - Text 'fixed_width' is set on object 'Object Repository/RecAndPlayBk/Page-Vlink-AuthOnly/txt_ResponseFormat'

2023-01-13 18:36:20 - [TEST_STEP][PASSED] - setText(findTestObject("Object Repository/RecAndPlayBk/Page-Vlink-AuthOnly/input_Category_category"), category): Text 'MOTO' is set on object 'Object Repository/RecAndPlayBk/Page-Vlink-AuthOnly/input_Category_category'

2023-01-13 18:36:21 - [MESSAGE][PASSED] - Text 'MOTO' is set on object 'Object Repository/RecAndPlayBk/Page-Vlink-AuthOnly/input_Category_category'

2023-01-13 18:36:21 - [TEST_STEP][PASSED] - setText(findTestObject("Object Repository/RecAndPlayBk/Page-Vlink-AuthOnly/txt_CardName"), cardName): Text '' is set on object 'Object Repository/RecAndPlayBk/Page-Vlink-AuthOnly/txt_CardName'

2023-01-13 18:36:22 - [MESSAGE][PASSED] - Text '' is set on object 'Object Repository/RecAndPlayBk/Page-Vlink-AuthOnly/txt_CardName'

2023-01-13 18:36:22 - [TEST_STEP][PASSED] - setText(findTestObject("Object Repository/RecAndPlayBk/Page-Vlink-AuthOnly/txt_AL1"), al1): Text '258 Elm Road' is set on object 'Object Repository/RecAndPlayBk/Page-Vlink-AuthOnly/txt_AL1'

2023-01-13 18:36:23 - [MESSAGE][PASSED] - Text '258 Elm Road' is set on object 'Object Repository/RecAndPlayBk/Page-Vlink-AuthOnly/txt_AL1'

2023-01-13 18:36:23 - [TEST_STEP][PASSED] - setText(findTestObject("Object Repository/RecAndPlayBk/Page-Vlink-AuthOnly/txt_CardCity"), city): Text 'Arlington' is set on object 'Object Repository/RecAndPlayBk/Page-Vlink-AuthOnly/txt_CardCity'

2023-01-13 18:36:24 - [MESSAGE][PASSED] - Text 'Arlington' is set on object 'Object Repository/RecAndPlayBk/Page-Vlink-AuthOnly/txt_CardCity'

2023-01-13 18:36:24 - [TEST_STEP][PASSED] - setText(findTestObject("Object Repository/RecAndPlayBk/Page-Vlink-AuthOnly/txt_CardState"), state): Text 'VA' is set on object 'Object Repository/RecAndPlayBk/Page-Vlink-AuthOnly/txt_CardState'

2023-01-13 18:36:25 - [MESSAGE][PASSED] - Text 'VA' is set on object 'Object Repository/RecAndPlayBk/Page-Vlink-AuthOnly/txt_CardState'

2023-01-13 18:36:25 - [TEST_STEP][PASSED] - setText(findTestObject("Object Repository/RecAndPlayBk/Page-Vlink-AuthOnly/txt_CardZIP"), zip): Text '22201' is set on object 'Object Repository/RecAndPlayBk/Page-Vlink-AuthOnly/txt_CardZIP'

2023-01-13 18:36:25 - [MESSAGE][PASSED] - Text '22201' is set on object 'Object Repository/RecAndPlayBk/Page-Vlink-AuthOnly/txt_CardZIP'

2023-01-13 18:36:25 - [TEST_STEP][PASSED] - setText(findTestObject("Object Repository/RecAndPlayBk/Page-Vlink-AuthOnly/input_Amount_amount"), amount): Text '1.50' is set on object 'Object Repository/RecAndPlayBk/Page-Vlink-AuthOnly/input_Amount_amount'

2023-01-13 18:36:26 - [MESSAGE][PASSED] - Text '1.50' is set on object 'Object Repository/RecAndPlayBk/Page-Vlink-AuthOnly/input_Amount_amount'

2023-01-13 18:36:26 - [TEST_STEP][PASSED] - setText(findTestObject("Object Repository/RecAndPlayBk/Page-Vlink-AuthOnly/input_Card number_card_number"), cardNumber): Text '4111111111111111' is set on object 'Object Repository/RecAndPlayBk/Page-Vlink-AuthOnly/input_Card number_card_number'

2023-01-13 18:36:27 - [MESSAGE][PASSED] - Text '4111111111111111' is set on object 'Object Repository/RecAndPlayBk/Page-Vlink-AuthOnly/input_Card number_card_number'

2023-01-13 18:36:27 - [TEST_STEP][PASSED] - setText(findTestObject("Object Repository/RecAndPlayBk/Page-Vlink-AuthOnly/input_Card ex month_card_exmo"), exM): Text '12' is set on object 'Object Repository/RecAndPlayBk/Page-Vlink-AuthOnly/input_Card ex month_card_exmo'

2023-01-13 18:36:28 - [MESSAGE][PASSED] - Text '12' is set on object 'Object Repository/RecAndPlayBk/Page-Vlink-AuthOnly/input_Card ex month_card_exmo'

2023-01-13 18:36:28 - [TEST_STEP][PASSED] - setText(findTestObject("Object Repository/RecAndPlayBk/Page-Vlink-AuthOnly/input_Card ex year_card_exyr"), exY): Text '2025' is set on object 'Object Repository/RecAndPlayBk/Page-Vlink-AuthOnly/input_Card ex year_card_exyr'

2023-01-13 18:36:29 - [MESSAGE][PASSED] - Text '2025' is set on object 'Object Repository/RecAndPlayBk/Page-Vlink-AuthOnly/input_Card ex year_card_exyr'

2023-01-13 18:36:29 - [TEST_STEP][PASSED] - setText(findTestObject("Object Repository/RecAndPlayBk/Page-Vlink-AuthOnly/input_Track Data_track_data"), ""): Text '' is set on object 'Object Repository/RecAndPlayBk/Page-Vlink-AuthOnly/input_Track Data_track_data'

2023-01-13 18:36:30 - [MESSAGE][PASSED] - Text '' is set on object 'Object Repository/RecAndPlayBk/Page-Vlink-AuthOnly/input_Track Data_track_data'

2023-01-13 18:36:30 - [TEST_STEP][PASSED] - setText(findTestObject("Object Repository/RecAndPlayBk/Page-Vlink-AuthOnly/input_concat(Cardholder, , s email)_email"), ""): Text '' is set on object 'Object Repository/RecAndPlayBk/Page-Vlink-AuthOnly/input_concat(Cardholder, , s email)_email'

2023-01-13 18:36:31 - [MESSAGE][PASSED] - Text '' is set on object 'Object Repository/RecAndPlayBk/Page-Vlink-AuthOnly/input_concat(Cardholder, , s email)_email'

2023-01-13 18:36:31 - [TEST_STEP][PASSED] - click(findTestObject("Object Repository/RecAndPlayBk/Page-Vlink-AuthOnly/input_user_defined10_user_defined10")): Object: 'Object Repository/RecAndPlayBk/Page-Vlink-AuthOnly/input_user_defined10_user_defined10' is clicked on

2023-01-13 18:36:31 - [MESSAGE][PASSED] - Object: 'Object Repository/RecAndPlayBk/Page-Vlink-AuthOnly/input_user_defined10_user_defined10' is clicked on

2023-01-13 18:36:31 - [TEST_STEP][PASSED] - setText(findTestObject("Object Repository/RecAndPlayBk/Page-Vlink-AuthOnly/input_Card on File Indicator_card_on_file_i_157dae"), ""): Text '' is set on object 'Object Repository/RecAndPlayBk/Page-Vlink-AuthOnly/input_Card on File Indicator_card_on_file_i_157dae'

2023-01-13 18:36:32 - [MESSAGE][PASSED] - Text '' is set on object 'Object Repository/RecAndPlayBk/Page-Vlink-AuthOnly/input_Card on File Indicator_card_on_file_i_157dae'

2023-01-13 18:36:32 - [TEST_STEP][PASSED] - setText(findTestObject("Object Repository/RecAndPlayBk/Page-Vlink-AuthOnly/input_Stored Credential Indicator_stored_cr_4ae73c"), ""): Text '' is set on object 'Object Repository/RecAndPlayBk/Page-Vlink-AuthOnly/input_Stored Credential Indicator_stored_cr_4ae73c'

2023-01-13 18:36:33 - [MESSAGE][PASSED] - Text '' is set on object 'Object Repository/RecAndPlayBk/Page-Vlink-AuthOnly/input_Stored Credential Indicator_stored_cr_4ae73c'

2023-01-13 18:36:33 - [TEST_STEP][PASSED] - setText(findTestObject("Object Repository/RecAndPlayBk/Page-Vlink-AuthOnly/input_COF Scheduled indicator_cof_scheduled_8df7d8"), ""): Text '' is set on object 'Object Repository/RecAndPlayBk/Page-Vlink-AuthOnly/input_COF Scheduled indicator_cof_scheduled_8df7d8'

2023-01-13 18:36:34 - [MESSAGE][PASSED] - Text '' is set on object 'Object Repository/RecAndPlayBk/Page-Vlink-AuthOnly/input_COF Scheduled indicator_cof_scheduled_8df7d8'

2023-01-13 18:36:34 - [TEST_STEP][PASSED] - setText(findTestObject("Object Repository/RecAndPlayBk/Page-Vlink-AuthOnly/input_COF Transaction Initiated by_cof_tran_6cded5"), ""): Text '' is set on object 'Object Repository/RecAndPlayBk/Page-Vlink-AuthOnly/input_COF Transaction Initiated by_cof_tran_6cded5'

2023-01-13 18:36:34 - [MESSAGE][PASSED] - Text '' is set on object 'Object Repository/RecAndPlayBk/Page-Vlink-AuthOnly/input_COF Transaction Initiated by_cof_tran_6cded5'

2023-01-13 18:36:34 - [TEST_STEP][PASSED] - click(findTestObject("Object Repository/RecAndPlayBk/Page-Vlink-AuthOnly/input")): Object: 'Object Repository/RecAndPlayBk/Page-Vlink-AuthOnly/input' is clicked on

2023-01-13 18:36:35 - [MESSAGE][PASSED] - Object: 'Object Repository/RecAndPlayBk/Page-Vlink-AuthOnly/input' is clicked on

2023-01-13 18:36:35 - [TEST_STEP][PASSED] - if (verifyTextPresent(errorMsg, true)): null

2023-01-13 18:36:36 - [MESSAGE][PASSED] - Text 'card_name' is present on page  using regular expression

2023-01-13 18:36:36 - [TEST_STEP][PASSED] - println("Error Message is present on the Confirmation page"): null

2023-01-13 18:36:36 - [TEST_STEP][PASSED] - out.println("Pass Record Number: " + row): null

2023-01-13 18:36:36 - [TEST_STEP][PASSED] - resText = "Pass": null

2023-01-13 18:36:36 - [TEST_STEP][PASSED] - pages.WriteExcel.demoKey(resText, datText, resColumn, datCloumn, fileLoc, nameSheet, row): pages.WriteExcel.demoKey is PASSED

2023-01-13 18:36:36 - [MESSAGE][PASSED] - pages.WriteExcel.demoKey is PASSED

2023-01-13 18:36:36 - [TEST_STEP][PASSED] - ExecuteTC = findTestData(dataFile).getValue("Execute", row): null

2023-01-13 18:36:36 - [TEST_STEP][PASSED] - out.println("Value of Execute is : " + ExecuteTC): null

2023-01-13 18:36:36 - [TEST_STEP][PASSED] - if (ExecuteTC.equalsIgnoreCase("Y")): null

2023-01-13 18:36:36 - [TEST_STEP][PASSED] - out.println("Begin Record Number: " + row): null

2023-01-13 18:36:36 - [TEST_STEP][PASSED] - today = new java.util.Date(): null

2023-01-13 18:36:36 - [TEST_STEP][PASSED] - println(today): null

2023-01-13 18:36:36 - [TEST_STEP][PASSED] - datText = today: null

2023-01-13 18:36:36 - [TEST_STEP][PASSED] - errorMsg = findTestData(dataFile).getValue("ErrorMsg", row): null

2023-01-13 18:36:36 - [TEST_STEP][PASSED] - appID = findTestData(dataFile).getValue("AppID", row): null

2023-01-13 18:36:36 - [TEST_STEP][PASSED] - username = findTestData(dataFile).getValue("Username", row): null

2023-01-13 18:36:36 - [TEST_STEP][PASSED] - password = findTestData(dataFile).getValue("Password", row): null

2023-01-13 18:36:36 - [TEST_STEP][PASSED] - tranType = findTestData(dataFile).getValue("TranType", row): null

2023-01-13 18:36:36 - [TEST_STEP][PASSED] - mv = findTestData(dataFile).getValue("MV", row): null

2023-01-13 18:36:36 - [TEST_STEP][PASSED] - resFormat = findTestData(dataFile).getValue("ResFormat", row): null

2023-01-13 18:36:36 - [TEST_STEP][PASSED] - category = findTestData(dataFile).getValue("Category", row): null

2023-01-13 18:36:36 - [TEST_STEP][PASSED] - amount = findTestData(dataFile).getValue("Amount", row): null

2023-01-13 18:36:36 - [TEST_STEP][PASSED] - cardName = findTestData(dataFile).getValue("CardName", row): null

2023-01-13 18:36:36 - [TEST_STEP][PASSED] - al1 = findTestData(dataFile).getValue("AL1", row): null

2023-01-13 18:36:37 - [TEST_STEP][PASSED] - city = findTestData(dataFile).getValue("City", row): null

2023-01-13 18:36:37 - [TEST_STEP][PASSED] - state = findTestData(dataFile).getValue("State", row): null

2023-01-13 18:36:37 - [TEST_STEP][PASSED] - zip = findTestData(dataFile).getValue("ZIP", row): null

2023-01-13 18:36:37 - [TEST_STEP][PASSED] - cardNumber = findTestData(dataFile).getValue("CardNumber", row): null

2023-01-13 18:36:37 - [TEST_STEP][PASSED] - exM = findTestData(dataFile).getValue("ExM", row): null

2023-01-13 18:36:37 - [TEST_STEP][PASSED] - exY = findTestData(dataFile).getValue("ExY", row): null

2023-01-13 18:36:37 - [TEST_STEP][PASSED] - openBrowser(VLinkURL + "auth.html"): Browser is opened with url: 'https://dev-algorithm.govolution.com/vlinktest/QA/version_2_0/auth.html'

2023-01-13 18:36:37 - [MESSAGE][WARNING] - A browser is already opened. Closing browser and opening a new one

2023-01-13 18:36:38 - [MESSAGE][INFO] - Starting 'Chrome' driver

2023-01-13 18:36:38 - [MESSAGE][INFO] - User set preference: ['acceptInsecureCerts', 'true']

2023-01-13 18:36:38 - [MESSAGE][INFO] - Action delay is set to 0 milliseconds

2023-01-13 18:36:40 - [MESSAGE][PASSED] - Browser is opened with url: 'https://dev-algorithm.govolution.com/vlinktest/QA/version_2_0/auth.html'

2023-01-13 18:36:40 - [TEST_STEP][PASSED] - maximizeWindow(): Current window maximized

2023-01-13 18:36:40 - [MESSAGE][PASSED] - Current window maximized

2023-01-13 18:36:40 - [TEST_STEP][PASSED] - maximizeWindow(): Current window maximized

2023-01-13 18:36:40 - [MESSAGE][PASSED] - Current window maximized

2023-01-13 18:36:40 - [TEST_STEP][PASSED] - setText(findTestObject("Object Repository/RecAndPlayBk/Page-Vlink-AuthOnly/txt_TransactionType"), tranType): Text '104' is set on object 'Object Repository/RecAndPlayBk/Page-Vlink-AuthOnly/txt_TransactionType'

2023-01-13 18:36:40 - [MESSAGE][PASSED] - Text '104' is set on object 'Object Repository/RecAndPlayBk/Page-Vlink-AuthOnly/txt_TransactionType'

2023-01-13 18:36:40 - [TEST_STEP][PASSED] - setText(findTestObject("Object Repository/RecAndPlayBk/Page-Vlink-AuthOnly/txt_MessageVersion"), mv): Text '2.0C' is set on object 'Object Repository/RecAndPlayBk/Page-Vlink-AuthOnly/txt_MessageVersion'

2023-01-13 18:36:41 - [MESSAGE][PASSED] - Text '2.0C' is set on object 'Object Repository/RecAndPlayBk/Page-Vlink-AuthOnly/txt_MessageVersion'

2023-01-13 18:36:41 - [TEST_STEP][PASSED] - genRemID = RandomStringUtils.random(12, true, true): null

2023-01-13 18:36:41 - [TEST_STEP][PASSED] - setText(findTestObject("Object Repository/RecAndPlayBk/Page-Vlink-AuthOnly/input_Remittance Id_remittance_id"), genRemID): Text 'bsyTmT6lp56k' is set on object 'Object Repository/RecAndPlayBk/Page-Vlink-AuthOnly/input_Remittance Id_remittance_id'

2023-01-13 18:36:42 - [MESSAGE][PASSED] - Text 'bsyTmT6lp56k' is set on object 'Object Repository/RecAndPlayBk/Page-Vlink-AuthOnly/input_Remittance Id_remittance_id'

2023-01-13 18:36:42 - [TEST_STEP][PASSED] - setText(findTestObject("Object Repository/RecAndPlayBk/Page-Vlink-AuthOnly/input_Application Id_application_id"), appID): Text '234' is set on object 'Object Repository/RecAndPlayBk/Page-Vlink-AuthOnly/input_Application Id_application_id'

2023-01-13 18:36:43 - [MESSAGE][PASSED] - Text '234' is set on object 'Object Repository/RecAndPlayBk/Page-Vlink-AuthOnly/input_Application Id_application_id'

2023-01-13 18:36:43 - [TEST_STEP][PASSED] - setText(findTestObject("Object Repository/RecAndPlayBk/Page-Vlink-AuthOnly/input_Username_username"), username): Text 'username' is set on object 'Object Repository/RecAndPlayBk/Page-Vlink-AuthOnly/input_Username_username'

2023-01-13 18:36:44 - [MESSAGE][PASSED] - Text 'username' is set on object 'Object Repository/RecAndPlayBk/Page-Vlink-AuthOnly/input_Username_username'

2023-01-13 18:36:44 - [TEST_STEP][PASSED] - setText(findTestObject("Object Repository/RecAndPlayBk/Page-Vlink-AuthOnly/input_Password_password"), password): Text 'password' is set on object 'Object Repository/RecAndPlayBk/Page-Vlink-AuthOnly/input_Password_password'

2023-01-13 18:36:45 - [MESSAGE][PASSED] - Text 'password' is set on object 'Object Repository/RecAndPlayBk/Page-Vlink-AuthOnly/input_Password_password'

2023-01-13 18:36:45 - [TEST_STEP][PASSED] - setText(findTestObject("Object Repository/RecAndPlayBk/Page-Vlink-AuthOnly/txt_ResponseFormat"), resFormat): Text 'fixed_width' is set on object 'Object Repository/RecAndPlayBk/Page-Vlink-AuthOnly/txt_ResponseFormat'

2023-01-13 18:36:46 - [MESSAGE][PASSED] - Text 'fixed_width' is set on object 'Object Repository/RecAndPlayBk/Page-Vlink-AuthOnly/txt_ResponseFormat'

2023-01-13 18:36:46 - [TEST_STEP][PASSED] - setText(findTestObject("Object Repository/RecAndPlayBk/Page-Vlink-AuthOnly/input_Category_category"), category): Text 'RETL' is set on object 'Object Repository/RecAndPlayBk/Page-Vlink-AuthOnly/input_Category_category'

2023-01-13 18:36:47 - [MESSAGE][PASSED] - Text 'RETL' is set on object 'Object Repository/RecAndPlayBk/Page-Vlink-AuthOnly/input_Category_category'

2023-01-13 18:36:47 - [TEST_STEP][PASSED] - setText(findTestObject("Object Repository/RecAndPlayBk/Page-Vlink-AuthOnly/txt_CardName"), cardName): Text '' is set on object 'Object Repository/RecAndPlayBk/Page-Vlink-AuthOnly/txt_CardName'

2023-01-13 18:36:47 - [MESSAGE][PASSED] - Text '' is set on object 'Object Repository/RecAndPlayBk/Page-Vlink-AuthOnly/txt_CardName'

2023-01-13 18:36:47 - [TEST_STEP][PASSED] - setText(findTestObject("Object Repository/RecAndPlayBk/Page-Vlink-AuthOnly/txt_AL1"), al1): Text '258 Elm Road' is set on object 'Object Repository/RecAndPlayBk/Page-Vlink-AuthOnly/txt_AL1'

2023-01-13 18:36:48 - [MESSAGE][PASSED] - Text '258 Elm Road' is set on object 'Object Repository/RecAndPlayBk/Page-Vlink-AuthOnly/txt_AL1'

2023-01-13 18:36:48 - [TEST_STEP][PASSED] - setText(findTestObject("Object Repository/RecAndPlayBk/Page-Vlink-AuthOnly/txt_CardCity"), city): Text 'Arlington' is set on object 'Object Repository/RecAndPlayBk/Page-Vlink-AuthOnly/txt_CardCity'

2023-01-13 18:36:49 - [MESSAGE][PASSED] - Text 'Arlington' is set on object 'Object Repository/RecAndPlayBk/Page-Vlink-AuthOnly/txt_CardCity'

2023-01-13 18:36:49 - [TEST_STEP][PASSED] - setText(findTestObject("Object Repository/RecAndPlayBk/Page-Vlink-AuthOnly/txt_CardState"), state): Text 'VA' is set on object 'Object Repository/RecAndPlayBk/Page-Vlink-AuthOnly/txt_CardState'

2023-01-13 18:36:50 - [MESSAGE][PASSED] - Text 'VA' is set on object 'Object Repository/RecAndPlayBk/Page-Vlink-AuthOnly/txt_CardState'

2023-01-13 18:36:50 - [TEST_STEP][PASSED] - setText(findTestObject("Object Repository/RecAndPlayBk/Page-Vlink-AuthOnly/txt_CardZIP"), zip): Text '22201' is set on object 'Object Repository/RecAndPlayBk/Page-Vlink-AuthOnly/txt_CardZIP'

2023-01-13 18:36:51 - [MESSAGE][PASSED] - Text '22201' is set on object 'Object Repository/RecAndPlayBk/Page-Vlink-AuthOnly/txt_CardZIP'

2023-01-13 18:36:51 - [TEST_STEP][PASSED] - setText(findTestObject("Object Repository/RecAndPlayBk/Page-Vlink-AuthOnly/input_Amount_amount"), amount): Text '1.50' is set on object 'Object Repository/RecAndPlayBk/Page-Vlink-AuthOnly/input_Amount_amount'

2023-01-13 18:36:52 - [MESSAGE][PASSED] - Text '1.50' is set on object 'Object Repository/RecAndPlayBk/Page-Vlink-AuthOnly/input_Amount_amount'

2023-01-13 18:36:52 - [TEST_STEP][PASSED] - setText(findTestObject("Object Repository/RecAndPlayBk/Page-Vlink-AuthOnly/input_Card number_card_number"), cardNumber): Text '4111111111111111' is set on object 'Object Repository/RecAndPlayBk/Page-Vlink-AuthOnly/input_Card number_card_number'

2023-01-13 18:36:53 - [MESSAGE][PASSED] - Text '4111111111111111' is set on object 'Object Repository/RecAndPlayBk/Page-Vlink-AuthOnly/input_Card number_card_number'

2023-01-13 18:36:53 - [TEST_STEP][PASSED] - setText(findTestObject("Object Repository/RecAndPlayBk/Page-Vlink-AuthOnly/input_Card ex month_card_exmo"), exM): Text '12' is set on object 'Object Repository/RecAndPlayBk/Page-Vlink-AuthOnly/input_Card ex month_card_exmo'

2023-01-13 18:36:54 - [MESSAGE][PASSED] - Text '12' is set on object 'Object Repository/RecAndPlayBk/Page-Vlink-AuthOnly/input_Card ex month_card_exmo'

2023-01-13 18:36:54 - [TEST_STEP][PASSED] - setText(findTestObject("Object Repository/RecAndPlayBk/Page-Vlink-AuthOnly/input_Card ex year_card_exyr"), exY): Text '2025' is set on object 'Object Repository/RecAndPlayBk/Page-Vlink-AuthOnly/input_Card ex year_card_exyr'

2023-01-13 18:36:54 - [MESSAGE][PASSED] - Text '2025' is set on object 'Object Repository/RecAndPlayBk/Page-Vlink-AuthOnly/input_Card ex year_card_exyr'

2023-01-13 18:36:54 - [TEST_STEP][PASSED] - setText(findTestObject("Object Repository/RecAndPlayBk/Page-Vlink-AuthOnly/input_Track Data_track_data"), ""): Text '' is set on object 'Object Repository/RecAndPlayBk/Page-Vlink-AuthOnly/input_Track Data_track_data'

2023-01-13 18:36:55 - [MESSAGE][PASSED] - Text '' is set on object 'Object Repository/RecAndPlayBk/Page-Vlink-AuthOnly/input_Track Data_track_data'

2023-01-13 18:36:55 - [TEST_STEP][PASSED] - setText(findTestObject("Object Repository/RecAndPlayBk/Page-Vlink-AuthOnly/input_concat(Cardholder, , s email)_email"), ""): Text '' is set on object 'Object Repository/RecAndPlayBk/Page-Vlink-AuthOnly/input_concat(Cardholder, , s email)_email'

2023-01-13 18:36:56 - [MESSAGE][PASSED] - Text '' is set on object 'Object Repository/RecAndPlayBk/Page-Vlink-AuthOnly/input_concat(Cardholder, , s email)_email'

2023-01-13 18:36:56 - [TEST_STEP][PASSED] - click(findTestObject("Object Repository/RecAndPlayBk/Page-Vlink-AuthOnly/input_user_defined10_user_defined10")): Object: 'Object Repository/RecAndPlayBk/Page-Vlink-AuthOnly/input_user_defined10_user_defined10' is clicked on

2023-01-13 18:36:56 - [MESSAGE][PASSED] - Object: 'Object Repository/RecAndPlayBk/Page-Vlink-AuthOnly/input_user_defined10_user_defined10' is clicked on

2023-01-13 18:36:56 - [TEST_STEP][PASSED] - setText(findTestObject("Object Repository/RecAndPlayBk/Page-Vlink-AuthOnly/input_Card on File Indicator_card_on_file_i_157dae"), ""): Text '' is set on object 'Object Repository/RecAndPlayBk/Page-Vlink-AuthOnly/input_Card on File Indicator_card_on_file_i_157dae'

2023-01-13 18:36:57 - [MESSAGE][PASSED] - Text '' is set on object 'Object Repository/RecAndPlayBk/Page-Vlink-AuthOnly/input_Card on File Indicator_card_on_file_i_157dae'

2023-01-13 18:36:57 - [TEST_STEP][PASSED] - setText(findTestObject("Object Repository/RecAndPlayBk/Page-Vlink-AuthOnly/input_Stored Credential Indicator_stored_cr_4ae73c"), ""): Text '' is set on object 'Object Repository/RecAndPlayBk/Page-Vlink-AuthOnly/input_Stored Credential Indicator_stored_cr_4ae73c'

2023-01-13 18:36:58 - [MESSAGE][PASSED] - Text '' is set on object 'Object Repository/RecAndPlayBk/Page-Vlink-AuthOnly/input_Stored Credential Indicator_stored_cr_4ae73c'

2023-01-13 18:36:58 - [TEST_STEP][PASSED] - setText(findTestObject("Object Repository/RecAndPlayBk/Page-Vlink-AuthOnly/input_COF Scheduled indicator_cof_scheduled_8df7d8"), ""): Text '' is set on object 'Object Repository/RecAndPlayBk/Page-Vlink-AuthOnly/input_COF Scheduled indicator_cof_scheduled_8df7d8'

2023-01-13 18:36:59 - [MESSAGE][PASSED] - Text '' is set on object 'Object Repository/RecAndPlayBk/Page-Vlink-AuthOnly/input_COF Scheduled indicator_cof_scheduled_8df7d8'

2023-01-13 18:36:59 - [TEST_STEP][PASSED] - setText(findTestObject("Object Repository/RecAndPlayBk/Page-Vlink-AuthOnly/input_COF Transaction Initiated by_cof_tran_6cded5"), ""): Text '' is set on object 'Object Repository/RecAndPlayBk/Page-Vlink-AuthOnly/input_COF Transaction Initiated by_cof_tran_6cded5'

2023-01-13 18:37:00 - [MESSAGE][PASSED] - Text '' is set on object 'Object Repository/RecAndPlayBk/Page-Vlink-AuthOnly/input_COF Transaction Initiated by_cof_tran_6cded5'

2023-01-13 18:37:00 - [TEST_STEP][PASSED] - click(findTestObject("Object Repository/RecAndPlayBk/Page-Vlink-AuthOnly/input")): Object: 'Object Repository/RecAndPlayBk/Page-Vlink-AuthOnly/input' is clicked on

2023-01-13 18:37:00 - [MESSAGE][PASSED] - Object: 'Object Repository/RecAndPlayBk/Page-Vlink-AuthOnly/input' is clicked on

2023-01-13 18:37:00 - [TEST_STEP][PASSED] - if (verifyTextPresent(errorMsg, true)): null

2023-01-13 18:37:01 - [MESSAGE][PASSED] - Text 'card_name' is present on page  using regular expression

2023-01-13 18:37:01 - [TEST_STEP][PASSED] - println("Error Message is present on the Confirmation page"): null

2023-01-13 18:37:01 - [TEST_STEP][PASSED] - out.println("Pass Record Number: " + row): null

2023-01-13 18:37:01 - [TEST_STEP][PASSED] - resText = "Pass": null

2023-01-13 18:37:01 - [TEST_STEP][PASSED] - pages.WriteExcel.demoKey(resText, datText, resColumn, datCloumn, fileLoc, nameSheet, row): pages.WriteExcel.demoKey is PASSED

2023-01-13 18:37:01 - [MESSAGE][PASSED] - pages.WriteExcel.demoKey is PASSED

2023-01-13 18:37:01 - [TEST_STEP][PASSED] - ExecuteTC = findTestData(dataFile).getValue("Execute", row): null

2023-01-13 18:37:01 - [TEST_STEP][PASSED] - out.println("Value of Execute is : " + ExecuteTC): null

2023-01-13 18:37:01 - [TEST_STEP][PASSED] - if (ExecuteTC.equalsIgnoreCase("Y")): null

2023-01-13 18:37:01 - [TEST_STEP][PASSED] - out.println("Begin Record Number: " + row): null

2023-01-13 18:37:01 - [TEST_STEP][PASSED] - today = new java.util.Date(): null

2023-01-13 18:37:01 - [TEST_STEP][PASSED] - println(today): null

2023-01-13 18:37:01 - [TEST_STEP][PASSED] - datText = today: null

2023-01-13 18:37:01 - [TEST_STEP][PASSED] - errorMsg = findTestData(dataFile).getValue("ErrorMsg", row): null

2023-01-13 18:37:01 - [TEST_STEP][PASSED] - appID = findTestData(dataFile).getValue("AppID", row): null

2023-01-13 18:37:01 - [TEST_STEP][PASSED] - username = findTestData(dataFile).getValue("Username", row): null

2023-01-13 18:37:01 - [TEST_STEP][PASSED] - password = findTestData(dataFile).getValue("Password", row): null

2023-01-13 18:37:01 - [TEST_STEP][PASSED] - tranType = findTestData(dataFile).getValue("TranType", row): null

2023-01-13 18:37:01 - [TEST_STEP][PASSED] - mv = findTestData(dataFile).getValue("MV", row): null

2023-01-13 18:37:01 - [TEST_STEP][PASSED] - resFormat = findTestData(dataFile).getValue("ResFormat", row): null

2023-01-13 18:37:01 - [TEST_STEP][PASSED] - category = findTestData(dataFile).getValue("Category", row): null

2023-01-13 18:37:01 - [TEST_STEP][PASSED] - amount = findTestData(dataFile).getValue("Amount", row): null

2023-01-13 18:37:01 - [TEST_STEP][PASSED] - cardName = findTestData(dataFile).getValue("CardName", row): null

2023-01-13 18:37:02 - [TEST_STEP][PASSED] - al1 = findTestData(dataFile).getValue("AL1", row): null

2023-01-13 18:37:02 - [TEST_STEP][PASSED] - city = findTestData(dataFile).getValue("City", row): null

2023-01-13 18:37:02 - [TEST_STEP][PASSED] - state = findTestData(dataFile).getValue("State", row): null

2023-01-13 18:37:02 - [TEST_STEP][PASSED] - zip = findTestData(dataFile).getValue("ZIP", row): null

2023-01-13 18:37:02 - [TEST_STEP][PASSED] - cardNumber = findTestData(dataFile).getValue("CardNumber", row): null

2023-01-13 18:37:02 - [TEST_STEP][PASSED] - exM = findTestData(dataFile).getValue("ExM", row): null

2023-01-13 18:37:02 - [TEST_STEP][PASSED] - exY = findTestData(dataFile).getValue("ExY", row): null

2023-01-13 18:37:02 - [TEST_STEP][PASSED] - openBrowser(VLinkURL + "auth.html"): Browser is opened with url: 'https://dev-algorithm.govolution.com/vlinktest/QA/version_2_0/auth.html'

2023-01-13 18:37:02 - [MESSAGE][WARNING] - A browser is already opened. Closing browser and opening a new one

2023-01-13 18:37:03 - [MESSAGE][INFO] - Starting 'Chrome' driver

2023-01-13 18:37:03 - [MESSAGE][INFO] - User set preference: ['acceptInsecureCerts', 'true']

2023-01-13 18:37:03 - [MESSAGE][INFO] - Action delay is set to 0 milliseconds

2023-01-13 18:37:05 - [MESSAGE][PASSED] - Browser is opened with url: 'https://dev-algorithm.govolution.com/vlinktest/QA/version_2_0/auth.html'

2023-01-13 18:37:05 - [TEST_STEP][PASSED] - maximizeWindow(): Current window maximized

2023-01-13 18:37:05 - [MESSAGE][PASSED] - Current window maximized

2023-01-13 18:37:05 - [TEST_STEP][PASSED] - maximizeWindow(): Current window maximized

2023-01-13 18:37:05 - [MESSAGE][PASSED] - Current window maximized

2023-01-13 18:37:05 - [TEST_STEP][PASSED] - setText(findTestObject("Object Repository/RecAndPlayBk/Page-Vlink-AuthOnly/txt_TransactionType"), tranType): Text '104' is set on object 'Object Repository/RecAndPlayBk/Page-Vlink-AuthOnly/txt_TransactionType'

2023-01-13 18:37:06 - [MESSAGE][PASSED] - Text '104' is set on object 'Object Repository/RecAndPlayBk/Page-Vlink-AuthOnly/txt_TransactionType'

2023-01-13 18:37:06 - [TEST_STEP][PASSED] - setText(findTestObject("Object Repository/RecAndPlayBk/Page-Vlink-AuthOnly/txt_MessageVersion"), mv): Text '2.0C' is set on object 'Object Repository/RecAndPlayBk/Page-Vlink-AuthOnly/txt_MessageVersion'

2023-01-13 18:37:06 - [MESSAGE][PASSED] - Text '2.0C' is set on object 'Object Repository/RecAndPlayBk/Page-Vlink-AuthOnly/txt_MessageVersion'

2023-01-13 18:37:06 - [TEST_STEP][PASSED] - genRemID = RandomStringUtils.random(12, true, true): null

2023-01-13 18:37:06 - [TEST_STEP][PASSED] - setText(findTestObject("Object Repository/RecAndPlayBk/Page-Vlink-AuthOnly/input_Remittance Id_remittance_id"), genRemID): Text 'k8FX1jez3C4z' is set on object 'Object Repository/RecAndPlayBk/Page-Vlink-AuthOnly/input_Remittance Id_remittance_id'

2023-01-13 18:37:07 - [MESSAGE][PASSED] - Text 'k8FX1jez3C4z' is set on object 'Object Repository/RecAndPlayBk/Page-Vlink-AuthOnly/input_Remittance Id_remittance_id'

2023-01-13 18:37:07 - [TEST_STEP][PASSED] - setText(findTestObject("Object Repository/RecAndPlayBk/Page-Vlink-AuthOnly/input_Application Id_application_id"), appID): Text '234' is set on object 'Object Repository/RecAndPlayBk/Page-Vlink-AuthOnly/input_Application Id_application_id'

2023-01-13 18:37:08 - [MESSAGE][PASSED] - Text '234' is set on object 'Object Repository/RecAndPlayBk/Page-Vlink-AuthOnly/input_Application Id_application_id'

2023-01-13 18:37:08 - [TEST_STEP][PASSED] - setText(findTestObject("Object Repository/RecAndPlayBk/Page-Vlink-AuthOnly/input_Username_username"), username): Text 'username' is set on object 'Object Repository/RecAndPlayBk/Page-Vlink-AuthOnly/input_Username_username'

2023-01-13 18:37:09 - [MESSAGE][PASSED] - Text 'username' is set on object 'Object Repository/RecAndPlayBk/Page-Vlink-AuthOnly/input_Username_username'

2023-01-13 18:37:09 - [TEST_STEP][PASSED] - setText(findTestObject("Object Repository/RecAndPlayBk/Page-Vlink-AuthOnly/input_Password_password"), password): Text 'password' is set on object 'Object Repository/RecAndPlayBk/Page-Vlink-AuthOnly/input_Password_password'

2023-01-13 18:37:10 - [MESSAGE][PASSED] - Text 'password' is set on object 'Object Repository/RecAndPlayBk/Page-Vlink-AuthOnly/input_Password_password'

2023-01-13 18:37:10 - [TEST_STEP][PASSED] - setText(findTestObject("Object Repository/RecAndPlayBk/Page-Vlink-AuthOnly/txt_ResponseFormat"), resFormat): Text 'fixed_width' is set on object 'Object Repository/RecAndPlayBk/Page-Vlink-AuthOnly/txt_ResponseFormat'

2023-01-13 18:37:11 - [MESSAGE][PASSED] - Text 'fixed_width' is set on object 'Object Repository/RecAndPlayBk/Page-Vlink-AuthOnly/txt_ResponseFormat'

2023-01-13 18:37:11 - [TEST_STEP][PASSED] - setText(findTestObject("Object Repository/RecAndPlayBk/Page-Vlink-AuthOnly/input_Category_category"), category): Text 'ECOM' is set on object 'Object Repository/RecAndPlayBk/Page-Vlink-AuthOnly/input_Category_category'

2023-01-13 18:37:12 - [MESSAGE][PASSED] - Text 'ECOM' is set on object 'Object Repository/RecAndPlayBk/Page-Vlink-AuthOnly/input_Category_category'

2023-01-13 18:37:12 - [TEST_STEP][PASSED] - setText(findTestObject("Object Repository/RecAndPlayBk/Page-Vlink-AuthOnly/txt_CardName"), cardName): Text 'Kris Roshan' is set on object 'Object Repository/RecAndPlayBk/Page-Vlink-AuthOnly/txt_CardName'

2023-01-13 18:37:13 - [MESSAGE][PASSED] - Text 'Kris Roshan' is set on object 'Object Repository/RecAndPlayBk/Page-Vlink-AuthOnly/txt_CardName'

2023-01-13 18:37:13 - [TEST_STEP][PASSED] - setText(findTestObject("Object Repository/RecAndPlayBk/Page-Vlink-AuthOnly/txt_AL1"), al1): Text '' is set on object 'Object Repository/RecAndPlayBk/Page-Vlink-AuthOnly/txt_AL1'

2023-01-13 18:37:13 - [MESSAGE][PASSED] - Text '' is set on object 'Object Repository/RecAndPlayBk/Page-Vlink-AuthOnly/txt_AL1'

2023-01-13 18:37:13 - [TEST_STEP][PASSED] - setText(findTestObject("Object Repository/RecAndPlayBk/Page-Vlink-AuthOnly/txt_CardCity"), city): Text 'Arlington' is set on object 'Object Repository/RecAndPlayBk/Page-Vlink-AuthOnly/txt_CardCity'

2023-01-13 18:37:14 - [MESSAGE][PASSED] - Text 'Arlington' is set on object 'Object Repository/RecAndPlayBk/Page-Vlink-AuthOnly/txt_CardCity'

2023-01-13 18:37:14 - [TEST_STEP][PASSED] - setText(findTestObject("Object Repository/RecAndPlayBk/Page-Vlink-AuthOnly/txt_CardState"), state): Text 'VA' is set on object 'Object Repository/RecAndPlayBk/Page-Vlink-AuthOnly/txt_CardState'

2023-01-13 18:37:15 - [MESSAGE][PASSED] - Text 'VA' is set on object 'Object Repository/RecAndPlayBk/Page-Vlink-AuthOnly/txt_CardState'

2023-01-13 18:37:15 - [TEST_STEP][PASSED] - setText(findTestObject("Object Repository/RecAndPlayBk/Page-Vlink-AuthOnly/txt_CardZIP"), zip): Text '22201' is set on object 'Object Repository/RecAndPlayBk/Page-Vlink-AuthOnly/txt_CardZIP'

2023-01-13 18:37:16 - [MESSAGE][PASSED] - Text '22201' is set on object 'Object Repository/RecAndPlayBk/Page-Vlink-AuthOnly/txt_CardZIP'

2023-01-13 18:37:16 - [TEST_STEP][PASSED] - setText(findTestObject("Object Repository/RecAndPlayBk/Page-Vlink-AuthOnly/input_Amount_amount"), amount): Text '1.50' is set on object 'Object Repository/RecAndPlayBk/Page-Vlink-AuthOnly/input_Amount_amount'

2023-01-13 18:37:17 - [MESSAGE][PASSED] - Text '1.50' is set on object 'Object Repository/RecAndPlayBk/Page-Vlink-AuthOnly/input_Amount_amount'

2023-01-13 18:37:17 - [TEST_STEP][PASSED] - setText(findTestObject("Object Repository/RecAndPlayBk/Page-Vlink-AuthOnly/input_Card number_card_number"), cardNumber): Text '4111111111111111' is set on object 'Object Repository/RecAndPlayBk/Page-Vlink-AuthOnly/input_Card number_card_number'

2023-01-13 18:37:17 - [MESSAGE][PASSED] - Text '4111111111111111' is set on object 'Object Repository/RecAndPlayBk/Page-Vlink-AuthOnly/input_Card number_card_number'

2023-01-13 18:37:17 - [TEST_STEP][PASSED] - setText(findTestObject("Object Repository/RecAndPlayBk/Page-Vlink-AuthOnly/input_Card ex month_card_exmo"), exM): Text '12' is set on object 'Object Repository/RecAndPlayBk/Page-Vlink-AuthOnly/input_Card ex month_card_exmo'

2023-01-13 18:37:18 - [MESSAGE][PASSED] - Text '12' is set on object 'Object Repository/RecAndPlayBk/Page-Vlink-AuthOnly/input_Card ex month_card_exmo'

2023-01-13 18:37:18 - [TEST_STEP][PASSED] - setText(findTestObject("Object Repository/RecAndPlayBk/Page-Vlink-AuthOnly/input_Card ex year_card_exyr"), exY): Text '2025' is set on object 'Object Repository/RecAndPlayBk/Page-Vlink-AuthOnly/input_Card ex year_card_exyr'

2023-01-13 18:37:19 - [MESSAGE][PASSED] - Text '2025' is set on object 'Object Repository/RecAndPlayBk/Page-Vlink-AuthOnly/input_Card ex year_card_exyr'

2023-01-13 18:37:19 - [TEST_STEP][PASSED] - setText(findTestObject("Object Repository/RecAndPlayBk/Page-Vlink-AuthOnly/input_Track Data_track_data"), ""): Text '' is set on object 'Object Repository/RecAndPlayBk/Page-Vlink-AuthOnly/input_Track Data_track_data'

2023-01-13 18:37:20 - [MESSAGE][PASSED] - Text '' is set on object 'Object Repository/RecAndPlayBk/Page-Vlink-AuthOnly/input_Track Data_track_data'

2023-01-13 18:37:20 - [TEST_STEP][PASSED] - setText(findTestObject("Object Repository/RecAndPlayBk/Page-Vlink-AuthOnly/input_concat(Cardholder, , s email)_email"), ""): Text '' is set on object 'Object Repository/RecAndPlayBk/Page-Vlink-AuthOnly/input_concat(Cardholder, , s email)_email'

2023-01-13 18:37:21 - [MESSAGE][PASSED] - Text '' is set on object 'Object Repository/RecAndPlayBk/Page-Vlink-AuthOnly/input_concat(Cardholder, , s email)_email'

2023-01-13 18:37:21 - [TEST_STEP][PASSED] - click(findTestObject("Object Repository/RecAndPlayBk/Page-Vlink-AuthOnly/input_user_defined10_user_defined10")): Object: 'Object Repository/RecAndPlayBk/Page-Vlink-AuthOnly/input_user_defined10_user_defined10' is clicked on

2023-01-13 18:37:21 - [MESSAGE][PASSED] - Object: 'Object Repository/RecAndPlayBk/Page-Vlink-AuthOnly/input_user_defined10_user_defined10' is clicked on

2023-01-13 18:37:21 - [TEST_STEP][PASSED] - setText(findTestObject("Object Repository/RecAndPlayBk/Page-Vlink-AuthOnly/input_Card on File Indicator_card_on_file_i_157dae"), ""): Text '' is set on object 'Object Repository/RecAndPlayBk/Page-Vlink-AuthOnly/input_Card on File Indicator_card_on_file_i_157dae'

2023-01-13 18:37:22 - [MESSAGE][PASSED] - Text '' is set on object 'Object Repository/RecAndPlayBk/Page-Vlink-AuthOnly/input_Card on File Indicator_card_on_file_i_157dae'

2023-01-13 18:37:22 - [TEST_STEP][PASSED] - setText(findTestObject("Object Repository/RecAndPlayBk/Page-Vlink-AuthOnly/input_Stored Credential Indicator_stored_cr_4ae73c"), ""): Text '' is set on object 'Object Repository/RecAndPlayBk/Page-Vlink-AuthOnly/input_Stored Credential Indicator_stored_cr_4ae73c'

2023-01-13 18:37:23 - [MESSAGE][PASSED] - Text '' is set on object 'Object Repository/RecAndPlayBk/Page-Vlink-AuthOnly/input_Stored Credential Indicator_stored_cr_4ae73c'

2023-01-13 18:37:23 - [TEST_STEP][PASSED] - setText(findTestObject("Object Repository/RecAndPlayBk/Page-Vlink-AuthOnly/input_COF Scheduled indicator_cof_scheduled_8df7d8"), ""): Text '' is set on object 'Object Repository/RecAndPlayBk/Page-Vlink-AuthOnly/input_COF Scheduled indicator_cof_scheduled_8df7d8'

2023-01-13 18:37:23 - [MESSAGE][PASSED] - Text '' is set on object 'Object Repository/RecAndPlayBk/Page-Vlink-AuthOnly/input_COF Scheduled indicator_cof_scheduled_8df7d8'

2023-01-13 18:37:23 - [TEST_STEP][PASSED] - setText(findTestObject("Object Repository/RecAndPlayBk/Page-Vlink-AuthOnly/input_COF Transaction Initiated by_cof_tran_6cded5"), ""): Text '' is set on object 'Object Repository/RecAndPlayBk/Page-Vlink-AuthOnly/input_COF Transaction Initiated by_cof_tran_6cded5'

2023-01-13 18:37:24 - [MESSAGE][PASSED] - Text '' is set on object 'Object Repository/RecAndPlayBk/Page-Vlink-AuthOnly/input_COF Transaction Initiated by_cof_tran_6cded5'

2023-01-13 18:37:24 - [TEST_STEP][PASSED] - click(findTestObject("Object Repository/RecAndPlayBk/Page-Vlink-AuthOnly/input")): Object: 'Object Repository/RecAndPlayBk/Page-Vlink-AuthOnly/input' is clicked on

2023-01-13 18:37:25 - [MESSAGE][PASSED] - Object: 'Object Repository/RecAndPlayBk/Page-Vlink-AuthOnly/input' is clicked on

2023-01-13 18:37:25 - [TEST_STEP][PASSED] - if (verifyTextPresent(errorMsg, true)): null

2023-01-13 18:37:25 - [MESSAGE][PASSED] - Text 'card_address' is present on page  using regular expression

2023-01-13 18:37:25 - [TEST_STEP][PASSED] - println("Error Message is present on the Confirmation page"): null

2023-01-13 18:37:25 - [TEST_STEP][PASSED] - out.println("Pass Record Number: " + row): null

2023-01-13 18:37:25 - [TEST_STEP][PASSED] - resText = "Pass": null

2023-01-13 18:37:25 - [TEST_STEP][PASSED] - pages.WriteExcel.demoKey(resText, datText, resColumn, datCloumn, fileLoc, nameSheet, row): pages.WriteExcel.demoKey is PASSED

2023-01-13 18:37:25 - [MESSAGE][PASSED] - pages.WriteExcel.demoKey is PASSED

2023-01-13 18:37:25 - [TEST_STEP][PASSED] - ExecuteTC = findTestData(dataFile).getValue("Execute", row): null

2023-01-13 18:37:25 - [TEST_STEP][PASSED] - out.println("Value of Execute is : " + ExecuteTC): null

2023-01-13 18:37:25 - [TEST_STEP][PASSED] - if (ExecuteTC.equalsIgnoreCase("Y")): null

2023-01-13 18:37:25 - [TEST_STEP][PASSED] - out.println("Begin Record Number: " + row): null

2023-01-13 18:37:25 - [TEST_STEP][PASSED] - today = new java.util.Date(): null

2023-01-13 18:37:25 - [TEST_STEP][PASSED] - println(today): null

2023-01-13 18:37:25 - [TEST_STEP][PASSED] - datText = today: null

2023-01-13 18:37:25 - [TEST_STEP][PASSED] - errorMsg = findTestData(dataFile).getValue("ErrorMsg", row): null

2023-01-13 18:37:25 - [TEST_STEP][PASSED] - appID = findTestData(dataFile).getValue("AppID", row): null

2023-01-13 18:37:26 - [TEST_STEP][PASSED] - username = findTestData(dataFile).getValue("Username", row): null

2023-01-13 18:37:26 - [TEST_STEP][PASSED] - password = findTestData(dataFile).getValue("Password", row): null

2023-01-13 18:37:26 - [TEST_STEP][PASSED] - tranType = findTestData(dataFile).getValue("TranType", row): null

2023-01-13 18:37:26 - [TEST_STEP][PASSED] - mv = findTestData(dataFile).getValue("MV", row): null

2023-01-13 18:37:26 - [TEST_STEP][PASSED] - resFormat = findTestData(dataFile).getValue("ResFormat", row): null

2023-01-13 18:37:26 - [TEST_STEP][PASSED] - category = findTestData(dataFile).getValue("Category", row): null

2023-01-13 18:37:26 - [TEST_STEP][PASSED] - amount = findTestData(dataFile).getValue("Amount", row): null

2023-01-13 18:37:26 - [TEST_STEP][PASSED] - cardName = findTestData(dataFile).getValue("CardName", row): null

2023-01-13 18:37:26 - [TEST_STEP][PASSED] - al1 = findTestData(dataFile).getValue("AL1", row): null

2023-01-13 18:37:26 - [TEST_STEP][PASSED] - city = findTestData(dataFile).getValue("City", row): null

2023-01-13 18:37:26 - [TEST_STEP][PASSED] - state = findTestData(dataFile).getValue("State", row): null

2023-01-13 18:37:26 - [TEST_STEP][PASSED] - zip = findTestData(dataFile).getValue("ZIP", row): null

2023-01-13 18:37:26 - [TEST_STEP][PASSED] - cardNumber = findTestData(dataFile).getValue("CardNumber", row): null

2023-01-13 18:37:26 - [TEST_STEP][PASSED] - exM = findTestData(dataFile).getValue("ExM", row): null

2023-01-13 18:37:26 - [TEST_STEP][PASSED] - exY = findTestData(dataFile).getValue("ExY", row): null

2023-01-13 18:37:26 - [TEST_STEP][PASSED] - openBrowser(VLinkURL + "auth.html"): Browser is opened with url: 'https://dev-algorithm.govolution.com/vlinktest/QA/version_2_0/auth.html'

2023-01-13 18:37:26 - [MESSAGE][WARNING] - A browser is already opened. Closing browser and opening a new one

2023-01-13 18:37:27 - [MESSAGE][INFO] - Starting 'Chrome' driver

2023-01-13 18:37:27 - [MESSAGE][INFO] - User set preference: ['acceptInsecureCerts', 'true']

2023-01-13 18:37:27 - [MESSAGE][INFO] - Action delay is set to 0 milliseconds

2023-01-13 18:37:29 - [MESSAGE][PASSED] - Browser is opened with url: 'https://dev-algorithm.govolution.com/vlinktest/QA/version_2_0/auth.html'

2023-01-13 18:37:29 - [TEST_STEP][PASSED] - maximizeWindow(): Current window maximized

2023-01-13 18:37:29 - [MESSAGE][PASSED] - Current window maximized

2023-01-13 18:37:29 - [TEST_STEP][PASSED] - maximizeWindow(): Current window maximized

2023-01-13 18:37:29 - [MESSAGE][PASSED] - Current window maximized

2023-01-13 18:37:29 - [TEST_STEP][PASSED] - setText(findTestObject("Object Repository/RecAndPlayBk/Page-Vlink-AuthOnly/txt_TransactionType"), tranType): Text '104' is set on object 'Object Repository/RecAndPlayBk/Page-Vlink-AuthOnly/txt_TransactionType'

2023-01-13 18:37:30 - [MESSAGE][PASSED] - Text '104' is set on object 'Object Repository/RecAndPlayBk/Page-Vlink-AuthOnly/txt_TransactionType'

2023-01-13 18:37:30 - [TEST_STEP][PASSED] - setText(findTestObject("Object Repository/RecAndPlayBk/Page-Vlink-AuthOnly/txt_MessageVersion"), mv): Text '2.0C' is set on object 'Object Repository/RecAndPlayBk/Page-Vlink-AuthOnly/txt_MessageVersion'

2023-01-13 18:37:31 - [MESSAGE][PASSED] - Text '2.0C' is set on object 'Object Repository/RecAndPlayBk/Page-Vlink-AuthOnly/txt_MessageVersion'

2023-01-13 18:37:31 - [TEST_STEP][PASSED] - genRemID = RandomStringUtils.random(12, true, true): null

2023-01-13 18:37:31 - [TEST_STEP][PASSED] - setText(findTestObject("Object Repository/RecAndPlayBk/Page-Vlink-AuthOnly/input_Remittance Id_remittance_id"), genRemID): Text 'fqgc7S6ZVCxH' is set on object 'Object Repository/RecAndPlayBk/Page-Vlink-AuthOnly/input_Remittance Id_remittance_id'

2023-01-13 18:37:32 - [MESSAGE][PASSED] - Text 'fqgc7S6ZVCxH' is set on object 'Object Repository/RecAndPlayBk/Page-Vlink-AuthOnly/input_Remittance Id_remittance_id'

2023-01-13 18:37:32 - [TEST_STEP][PASSED] - setText(findTestObject("Object Repository/RecAndPlayBk/Page-Vlink-AuthOnly/input_Application Id_application_id"), appID): Text '234' is set on object 'Object Repository/RecAndPlayBk/Page-Vlink-AuthOnly/input_Application Id_application_id'

2023-01-13 18:37:33 - [MESSAGE][PASSED] - Text '234' is set on object 'Object Repository/RecAndPlayBk/Page-Vlink-AuthOnly/input_Application Id_application_id'

2023-01-13 18:37:33 - [TEST_STEP][PASSED] - setText(findTestObject("Object Repository/RecAndPlayBk/Page-Vlink-AuthOnly/input_Username_username"), username): Text 'username' is set on object 'Object Repository/RecAndPlayBk/Page-Vlink-AuthOnly/input_Username_username'

2023-01-13 18:37:34 - [MESSAGE][PASSED] - Text 'username' is set on object 'Object Repository/RecAndPlayBk/Page-Vlink-AuthOnly/input_Username_username'

2023-01-13 18:37:34 - [TEST_STEP][PASSED] - setText(findTestObject("Object Repository/RecAndPlayBk/Page-Vlink-AuthOnly/input_Password_password"), password): Text 'password' is set on object 'Object Repository/RecAndPlayBk/Page-Vlink-AuthOnly/input_Password_password'

2023-01-13 18:37:35 - [MESSAGE][PASSED] - Text 'password' is set on object 'Object Repository/RecAndPlayBk/Page-Vlink-AuthOnly/input_Password_password'

2023-01-13 18:37:35 - [TEST_STEP][PASSED] - setText(findTestObject("Object Repository/RecAndPlayBk/Page-Vlink-AuthOnly/txt_ResponseFormat"), resFormat): Text 'fixed_width' is set on object 'Object Repository/RecAndPlayBk/Page-Vlink-AuthOnly/txt_ResponseFormat'

2023-01-13 18:37:35 - [MESSAGE][PASSED] - Text 'fixed_width' is set on object 'Object Repository/RecAndPlayBk/Page-Vlink-AuthOnly/txt_ResponseFormat'

2023-01-13 18:37:35 - [TEST_STEP][PASSED] - setText(findTestObject("Object Repository/RecAndPlayBk/Page-Vlink-AuthOnly/input_Category_category"), category): Text 'MOTO' is set on object 'Object Repository/RecAndPlayBk/Page-Vlink-AuthOnly/input_Category_category'

2023-01-13 18:37:36 - [MESSAGE][PASSED] - Text 'MOTO' is set on object 'Object Repository/RecAndPlayBk/Page-Vlink-AuthOnly/input_Category_category'

2023-01-13 18:37:36 - [TEST_STEP][PASSED] - setText(findTestObject("Object Repository/RecAndPlayBk/Page-Vlink-AuthOnly/txt_CardName"), cardName): Text 'Kris Roshan' is set on object 'Object Repository/RecAndPlayBk/Page-Vlink-AuthOnly/txt_CardName'

2023-01-13 18:37:37 - [MESSAGE][PASSED] - Text 'Kris Roshan' is set on object 'Object Repository/RecAndPlayBk/Page-Vlink-AuthOnly/txt_CardName'

2023-01-13 18:37:37 - [TEST_STEP][PASSED] - setText(findTestObject("Object Repository/RecAndPlayBk/Page-Vlink-AuthOnly/txt_AL1"), al1): Text '' is set on object 'Object Repository/RecAndPlayBk/Page-Vlink-AuthOnly/txt_AL1'

2023-01-13 18:37:38 - [MESSAGE][PASSED] - Text '' is set on object 'Object Repository/RecAndPlayBk/Page-Vlink-AuthOnly/txt_AL1'

2023-01-13 18:37:38 - [TEST_STEP][PASSED] - setText(findTestObject("Object Repository/RecAndPlayBk/Page-Vlink-AuthOnly/txt_CardCity"), city): Text 'Arlington' is set on object 'Object Repository/RecAndPlayBk/Page-Vlink-AuthOnly/txt_CardCity'

2023-01-13 18:37:39 - [MESSAGE][PASSED] - Text 'Arlington' is set on object 'Object Repository/RecAndPlayBk/Page-Vlink-AuthOnly/txt_CardCity'

2023-01-13 18:37:39 - [TEST_STEP][PASSED] - setText(findTestObject("Object Repository/RecAndPlayBk/Page-Vlink-AuthOnly/txt_CardState"), state): Text 'VA' is set on object 'Object Repository/RecAndPlayBk/Page-Vlink-AuthOnly/txt_CardState'

2023-01-13 18:37:40 - [MESSAGE][PASSED] - Text 'VA' is set on object 'Object Repository/RecAndPlayBk/Page-Vlink-AuthOnly/txt_CardState'

2023-01-13 18:37:40 - [TEST_STEP][PASSED] - setText(findTestObject("Object Repository/RecAndPlayBk/Page-Vlink-AuthOnly/txt_CardZIP"), zip): Text '22201' is set on object 'Object Repository/RecAndPlayBk/Page-Vlink-AuthOnly/txt_CardZIP'

2023-01-13 18:37:41 - [MESSAGE][PASSED] - Text '22201' is set on object 'Object Repository/RecAndPlayBk/Page-Vlink-AuthOnly/txt_CardZIP'

2023-01-13 18:37:41 - [TEST_STEP][PASSED] - setText(findTestObject("Object Repository/RecAndPlayBk/Page-Vlink-AuthOnly/input_Amount_amount"), amount): Text '1.50' is set on object 'Object Repository/RecAndPlayBk/Page-Vlink-AuthOnly/input_Amount_amount'

2023-01-13 18:37:42 - [MESSAGE][PASSED] - Text '1.50' is set on object 'Object Repository/RecAndPlayBk/Page-Vlink-AuthOnly/input_Amount_amount'

2023-01-13 18:37:42 - [TEST_STEP][PASSED] - setText(findTestObject("Object Repository/RecAndPlayBk/Page-Vlink-AuthOnly/input_Card number_card_number"), cardNumber): Text '4111111111111111' is set on object 'Object Repository/RecAndPlayBk/Page-Vlink-AuthOnly/input_Card number_card_number'

2023-01-13 18:37:43 - [MESSAGE][PASSED] - Text '4111111111111111' is set on object 'Object Repository/RecAndPlayBk/Page-Vlink-AuthOnly/input_Card number_card_number'

2023-01-13 18:37:43 - [TEST_STEP][PASSED] - setText(findTestObject("Object Repository/RecAndPlayBk/Page-Vlink-AuthOnly/input_Card ex month_card_exmo"), exM): Text '12' is set on object 'Object Repository/RecAndPlayBk/Page-Vlink-AuthOnly/input_Card ex month_card_exmo'

2023-01-13 18:37:44 - [MESSAGE][PASSED] - Text '12' is set on object 'Object Repository/RecAndPlayBk/Page-Vlink-AuthOnly/input_Card ex month_card_exmo'

2023-01-13 18:37:44 - [TEST_STEP][PASSED] - setText(findTestObject("Object Repository/RecAndPlayBk/Page-Vlink-AuthOnly/input_Card ex year_card_exyr"), exY): Text '2025' is set on object 'Object Repository/RecAndPlayBk/Page-Vlink-AuthOnly/input_Card ex year_card_exyr'

2023-01-13 18:37:45 - [MESSAGE][PASSED] - Text '2025' is set on object 'Object Repository/RecAndPlayBk/Page-Vlink-AuthOnly/input_Card ex year_card_exyr'

2023-01-13 18:37:45 - [TEST_STEP][PASSED] - setText(findTestObject("Object Repository/RecAndPlayBk/Page-Vlink-AuthOnly/input_Track Data_track_data"), ""): Text '' is set on object 'Object Repository/RecAndPlayBk/Page-Vlink-AuthOnly/input_Track Data_track_data'

2023-01-13 18:37:45 - [MESSAGE][PASSED] - Text '' is set on object 'Object Repository/RecAndPlayBk/Page-Vlink-AuthOnly/input_Track Data_track_data'

2023-01-13 18:37:45 - [TEST_STEP][PASSED] - setText(findTestObject("Object Repository/RecAndPlayBk/Page-Vlink-AuthOnly/input_concat(Cardholder, , s email)_email"), ""): Text '' is set on object 'Object Repository/RecAndPlayBk/Page-Vlink-AuthOnly/input_concat(Cardholder, , s email)_email'

2023-01-13 18:37:46 - [MESSAGE][PASSED] - Text '' is set on object 'Object Repository/RecAndPlayBk/Page-Vlink-AuthOnly/input_concat(Cardholder, , s email)_email'

2023-01-13 18:37:46 - [TEST_STEP][PASSED] - click(findTestObject("Object Repository/RecAndPlayBk/Page-Vlink-AuthOnly/input_user_defined10_user_defined10")): Object: 'Object Repository/RecAndPlayBk/Page-Vlink-AuthOnly/input_user_defined10_user_defined10' is clicked on

2023-01-13 18:37:46 - [MESSAGE][PASSED] - Object: 'Object Repository/RecAndPlayBk/Page-Vlink-AuthOnly/input_user_defined10_user_defined10' is clicked on

2023-01-13 18:37:46 - [TEST_STEP][PASSED] - setText(findTestObject("Object Repository/RecAndPlayBk/Page-Vlink-AuthOnly/input_Card on File Indicator_card_on_file_i_157dae"), ""): Text '' is set on object 'Object Repository/RecAndPlayBk/Page-Vlink-AuthOnly/input_Card on File Indicator_card_on_file_i_157dae'

2023-01-13 18:37:47 - [MESSAGE][PASSED] - Text '' is set on object 'Object Repository/RecAndPlayBk/Page-Vlink-AuthOnly/input_Card on File Indicator_card_on_file_i_157dae'

2023-01-13 18:37:47 - [TEST_STEP][PASSED] - setText(findTestObject("Object Repository/RecAndPlayBk/Page-Vlink-AuthOnly/input_Stored Credential Indicator_stored_cr_4ae73c"), ""): Text '' is set on object 'Object Repository/RecAndPlayBk/Page-Vlink-AuthOnly/input_Stored Credential Indicator_stored_cr_4ae73c'

2023-01-13 18:37:48 - [MESSAGE][PASSED] - Text '' is set on object 'Object Repository/RecAndPlayBk/Page-Vlink-AuthOnly/input_Stored Credential Indicator_stored_cr_4ae73c'

2023-01-13 18:37:48 - [TEST_STEP][PASSED] - setText(findTestObject("Object Repository/RecAndPlayBk/Page-Vlink-AuthOnly/input_COF Scheduled indicator_cof_scheduled_8df7d8"), ""): Text '' is set on object 'Object Repository/RecAndPlayBk/Page-Vlink-AuthOnly/input_COF Scheduled indicator_cof_scheduled_8df7d8'

2023-01-13 18:37:49 - [MESSAGE][PASSED] - Text '' is set on object 'Object Repository/RecAndPlayBk/Page-Vlink-AuthOnly/input_COF Scheduled indicator_cof_scheduled_8df7d8'

2023-01-13 18:37:49 - [TEST_STEP][PASSED] - setText(findTestObject("Object Repository/RecAndPlayBk/Page-Vlink-AuthOnly/input_COF Transaction Initiated by_cof_tran_6cded5"), ""): Text '' is set on object 'Object Repository/RecAndPlayBk/Page-Vlink-AuthOnly/input_COF Transaction Initiated by_cof_tran_6cded5'

2023-01-13 18:37:50 - [MESSAGE][PASSED] - Text '' is set on object 'Object Repository/RecAndPlayBk/Page-Vlink-AuthOnly/input_COF Transaction Initiated by_cof_tran_6cded5'

2023-01-13 18:37:50 - [TEST_STEP][PASSED] - click(findTestObject("Object Repository/RecAndPlayBk/Page-Vlink-AuthOnly/input")): Object: 'Object Repository/RecAndPlayBk/Page-Vlink-AuthOnly/input' is clicked on

2023-01-13 18:37:50 - [MESSAGE][PASSED] - Object: 'Object Repository/RecAndPlayBk/Page-Vlink-AuthOnly/input' is clicked on

2023-01-13 18:37:50 - [TEST_STEP][PASSED] - if (verifyTextPresent(errorMsg, true)): null

2023-01-13 18:37:51 - [MESSAGE][PASSED] - Text 'card_address' is present on page  using regular expression

2023-01-13 18:37:51 - [TEST_STEP][PASSED] - println("Error Message is present on the Confirmation page"): null

2023-01-13 18:37:51 - [TEST_STEP][PASSED] - out.println("Pass Record Number: " + row): null

2023-01-13 18:37:51 - [TEST_STEP][PASSED] - resText = "Pass": null

2023-01-13 18:37:51 - [TEST_STEP][PASSED] - pages.WriteExcel.demoKey(resText, datText, resColumn, datCloumn, fileLoc, nameSheet, row): pages.WriteExcel.demoKey is PASSED

2023-01-13 18:37:51 - [MESSAGE][PASSED] - pages.WriteExcel.demoKey is PASSED

2023-01-13 18:37:51 - [TEST_STEP][PASSED] - ExecuteTC = findTestData(dataFile).getValue("Execute", row): null

2023-01-13 18:37:51 - [TEST_STEP][PASSED] - out.println("Value of Execute is : " + ExecuteTC): null

2023-01-13 18:37:51 - [TEST_STEP][PASSED] - if (ExecuteTC.equalsIgnoreCase("Y")): null

2023-01-13 18:37:51 - [TEST_STEP][PASSED] - out.println("Begin Record Number: " + row): null

2023-01-13 18:37:51 - [TEST_STEP][PASSED] - today = new java.util.Date(): null

2023-01-13 18:37:51 - [TEST_STEP][PASSED] - println(today): null

2023-01-13 18:37:51 - [TEST_STEP][PASSED] - datText = today: null

2023-01-13 18:37:51 - [TEST_STEP][PASSED] - errorMsg = findTestData(dataFile).getValue("ErrorMsg", row): null

2023-01-13 18:37:51 - [TEST_STEP][PASSED] - appID = findTestData(dataFile).getValue("AppID", row): null

2023-01-13 18:37:51 - [TEST_STEP][PASSED] - username = findTestData(dataFile).getValue("Username", row): null

2023-01-13 18:37:51 - [TEST_STEP][PASSED] - password = findTestData(dataFile).getValue("Password", row): null

2023-01-13 18:37:51 - [TEST_STEP][PASSED] - tranType = findTestData(dataFile).getValue("TranType", row): null

2023-01-13 18:37:51 - [TEST_STEP][PASSED] - mv = findTestData(dataFile).getValue("MV", row): null

2023-01-13 18:37:51 - [TEST_STEP][PASSED] - resFormat = findTestData(dataFile).getValue("ResFormat", row): null

2023-01-13 18:37:51 - [TEST_STEP][PASSED] - category = findTestData(dataFile).getValue("Category", row): null

2023-01-13 18:37:51 - [TEST_STEP][PASSED] - amount = findTestData(dataFile).getValue("Amount", row): null

2023-01-13 18:37:52 - [TEST_STEP][PASSED] - cardName = findTestData(dataFile).getValue("CardName", row): null

2023-01-13 18:37:52 - [TEST_STEP][PASSED] - al1 = findTestData(dataFile).getValue("AL1", row): null

2023-01-13 18:37:52 - [TEST_STEP][PASSED] - city = findTestData(dataFile).getValue("City", row): null

2023-01-13 18:37:52 - [TEST_STEP][PASSED] - state = findTestData(dataFile).getValue("State", row): null

2023-01-13 18:37:52 - [TEST_STEP][PASSED] - zip = findTestData(dataFile).getValue("ZIP", row): null

2023-01-13 18:37:52 - [TEST_STEP][PASSED] - cardNumber = findTestData(dataFile).getValue("CardNumber", row): null

2023-01-13 18:37:52 - [TEST_STEP][PASSED] - exM = findTestData(dataFile).getValue("ExM", row): null

2023-01-13 18:37:52 - [TEST_STEP][PASSED] - exY = findTestData(dataFile).getValue("ExY", row): null

2023-01-13 18:37:52 - [TEST_STEP][PASSED] - openBrowser(VLinkURL + "auth.html"): Browser is opened with url: 'https://dev-algorithm.govolution.com/vlinktest/QA/version_2_0/auth.html'

2023-01-13 18:37:52 - [MESSAGE][WARNING] - A browser is already opened. Closing browser and opening a new one

2023-01-13 18:37:53 - [MESSAGE][INFO] - Starting 'Chrome' driver

2023-01-13 18:37:53 - [MESSAGE][INFO] - User set preference: ['acceptInsecureCerts', 'true']

2023-01-13 18:37:53 - [MESSAGE][INFO] - Action delay is set to 0 milliseconds

2023-01-13 18:37:55 - [MESSAGE][PASSED] - Browser is opened with url: 'https://dev-algorithm.govolution.com/vlinktest/QA/version_2_0/auth.html'

2023-01-13 18:37:55 - [TEST_STEP][PASSED] - maximizeWindow(): Current window maximized

2023-01-13 18:37:55 - [MESSAGE][PASSED] - Current window maximized

2023-01-13 18:37:55 - [TEST_STEP][PASSED] - maximizeWindow(): Current window maximized

2023-01-13 18:37:55 - [MESSAGE][PASSED] - Current window maximized

2023-01-13 18:37:55 - [TEST_STEP][PASSED] - setText(findTestObject("Object Repository/RecAndPlayBk/Page-Vlink-AuthOnly/txt_TransactionType"), tranType): Text '104' is set on object 'Object Repository/RecAndPlayBk/Page-Vlink-AuthOnly/txt_TransactionType'

2023-01-13 18:37:56 - [MESSAGE][PASSED] - Text '104' is set on object 'Object Repository/RecAndPlayBk/Page-Vlink-AuthOnly/txt_TransactionType'

2023-01-13 18:37:56 - [TEST_STEP][PASSED] - setText(findTestObject("Object Repository/RecAndPlayBk/Page-Vlink-AuthOnly/txt_MessageVersion"), mv): Text '2.0C' is set on object 'Object Repository/RecAndPlayBk/Page-Vlink-AuthOnly/txt_MessageVersion'

2023-01-13 18:37:56 - [MESSAGE][PASSED] - Text '2.0C' is set on object 'Object Repository/RecAndPlayBk/Page-Vlink-AuthOnly/txt_MessageVersion'

2023-01-13 18:37:56 - [TEST_STEP][PASSED] - genRemID = RandomStringUtils.random(12, true, true): null

2023-01-13 18:37:56 - [TEST_STEP][PASSED] - setText(findTestObject("Object Repository/RecAndPlayBk/Page-Vlink-AuthOnly/input_Remittance Id_remittance_id"), genRemID): Text 'geu14gf7XlRh' is set on object 'Object Repository/RecAndPlayBk/Page-Vlink-AuthOnly/input_Remittance Id_remittance_id'

2023-01-13 18:37:57 - [MESSAGE][PASSED] - Text 'geu14gf7XlRh' is set on object 'Object Repository/RecAndPlayBk/Page-Vlink-AuthOnly/input_Remittance Id_remittance_id'

2023-01-13 18:37:57 - [TEST_STEP][PASSED] - setText(findTestObject("Object Repository/RecAndPlayBk/Page-Vlink-AuthOnly/input_Application Id_application_id"), appID): Text '234' is set on object 'Object Repository/RecAndPlayBk/Page-Vlink-AuthOnly/input_Application Id_application_id'

2023-01-13 18:37:58 - [MESSAGE][PASSED] - Text '234' is set on object 'Object Repository/RecAndPlayBk/Page-Vlink-AuthOnly/input_Application Id_application_id'

2023-01-13 18:37:58 - [TEST_STEP][PASSED] - setText(findTestObject("Object Repository/RecAndPlayBk/Page-Vlink-AuthOnly/input_Username_username"), username): Text 'username' is set on object 'Object Repository/RecAndPlayBk/Page-Vlink-AuthOnly/input_Username_username'

2023-01-13 18:37:59 - [MESSAGE][PASSED] - Text 'username' is set on object 'Object Repository/RecAndPlayBk/Page-Vlink-AuthOnly/input_Username_username'

2023-01-13 18:37:59 - [TEST_STEP][PASSED] - setText(findTestObject("Object Repository/RecAndPlayBk/Page-Vlink-AuthOnly/input_Password_password"), password): Text 'password' is set on object 'Object Repository/RecAndPlayBk/Page-Vlink-AuthOnly/input_Password_password'

2023-01-13 18:38:00 - [MESSAGE][PASSED] - Text 'password' is set on object 'Object Repository/RecAndPlayBk/Page-Vlink-AuthOnly/input_Password_password'

2023-01-13 18:38:00 - [TEST_STEP][PASSED] - setText(findTestObject("Object Repository/RecAndPlayBk/Page-Vlink-AuthOnly/txt_ResponseFormat"), resFormat): Text 'fixed_width' is set on object 'Object Repository/RecAndPlayBk/Page-Vlink-AuthOnly/txt_ResponseFormat'

2023-01-13 18:38:01 - [MESSAGE][PASSED] - Text 'fixed_width' is set on object 'Object Repository/RecAndPlayBk/Page-Vlink-AuthOnly/txt_ResponseFormat'

2023-01-13 18:38:01 - [TEST_STEP][PASSED] - setText(findTestObject("Object Repository/RecAndPlayBk/Page-Vlink-AuthOnly/input_Category_category"), category): Text 'ECOM' is set on object 'Object Repository/RecAndPlayBk/Page-Vlink-AuthOnly/input_Category_category'

2023-01-13 18:38:02 - [MESSAGE][PASSED] - Text 'ECOM' is set on object 'Object Repository/RecAndPlayBk/Page-Vlink-AuthOnly/input_Category_category'

2023-01-13 18:38:02 - [TEST_STEP][PASSED] - setText(findTestObject("Object Repository/RecAndPlayBk/Page-Vlink-AuthOnly/txt_CardName"), cardName): Text 'Kris Roshan' is set on object 'Object Repository/RecAndPlayBk/Page-Vlink-AuthOnly/txt_CardName'

2023-01-13 18:38:02 - [MESSAGE][PASSED] - Text 'Kris Roshan' is set on object 'Object Repository/RecAndPlayBk/Page-Vlink-AuthOnly/txt_CardName'

2023-01-13 18:38:02 - [TEST_STEP][PASSED] - setText(findTestObject("Object Repository/RecAndPlayBk/Page-Vlink-AuthOnly/txt_AL1"), al1): Text '258 Elm Road' is set on object 'Object Repository/RecAndPlayBk/Page-Vlink-AuthOnly/txt_AL1'

2023-01-13 18:38:03 - [MESSAGE][PASSED] - Text '258 Elm Road' is set on object 'Object Repository/RecAndPlayBk/Page-Vlink-AuthOnly/txt_AL1'

2023-01-13 18:38:03 - [TEST_STEP][PASSED] - setText(findTestObject("Object Repository/RecAndPlayBk/Page-Vlink-AuthOnly/txt_CardCity"), city): Text 'Arlington' is set on object 'Object Repository/RecAndPlayBk/Page-Vlink-AuthOnly/txt_CardCity'

2023-01-13 18:38:04 - [MESSAGE][PASSED] - Text 'Arlington' is set on object 'Object Repository/RecAndPlayBk/Page-Vlink-AuthOnly/txt_CardCity'

2023-01-13 18:38:04 - [TEST_STEP][PASSED] - setText(findTestObject("Object Repository/RecAndPlayBk/Page-Vlink-AuthOnly/txt_CardState"), state): Text 'VA' is set on object 'Object Repository/RecAndPlayBk/Page-Vlink-AuthOnly/txt_CardState'

2023-01-13 18:38:05 - [MESSAGE][PASSED] - Text 'VA' is set on object 'Object Repository/RecAndPlayBk/Page-Vlink-AuthOnly/txt_CardState'

2023-01-13 18:38:05 - [TEST_STEP][PASSED] - setText(findTestObject("Object Repository/RecAndPlayBk/Page-Vlink-AuthOnly/txt_CardZIP"), zip): Text '' is set on object 'Object Repository/RecAndPlayBk/Page-Vlink-AuthOnly/txt_CardZIP'

2023-01-13 18:38:06 - [MESSAGE][PASSED] - Text '' is set on object 'Object Repository/RecAndPlayBk/Page-Vlink-AuthOnly/txt_CardZIP'

2023-01-13 18:38:06 - [TEST_STEP][PASSED] - setText(findTestObject("Object Repository/RecAndPlayBk/Page-Vlink-AuthOnly/input_Amount_amount"), amount): Text '1.50' is set on object 'Object Repository/RecAndPlayBk/Page-Vlink-AuthOnly/input_Amount_amount'

2023-01-13 18:38:06 - [MESSAGE][PASSED] - Text '1.50' is set on object 'Object Repository/RecAndPlayBk/Page-Vlink-AuthOnly/input_Amount_amount'

2023-01-13 18:38:06 - [TEST_STEP][PASSED] - setText(findTestObject("Object Repository/RecAndPlayBk/Page-Vlink-AuthOnly/input_Card number_card_number"), cardNumber): Text '4111111111111111' is set on object 'Object Repository/RecAndPlayBk/Page-Vlink-AuthOnly/input_Card number_card_number'

2023-01-13 18:38:07 - [MESSAGE][PASSED] - Text '4111111111111111' is set on object 'Object Repository/RecAndPlayBk/Page-Vlink-AuthOnly/input_Card number_card_number'

2023-01-13 18:38:07 - [TEST_STEP][PASSED] - setText(findTestObject("Object Repository/RecAndPlayBk/Page-Vlink-AuthOnly/input_Card ex month_card_exmo"), exM): Text '12' is set on object 'Object Repository/RecAndPlayBk/Page-Vlink-AuthOnly/input_Card ex month_card_exmo'

2023-01-13 18:38:08 - [MESSAGE][PASSED] - Text '12' is set on object 'Object Repository/RecAndPlayBk/Page-Vlink-AuthOnly/input_Card ex month_card_exmo'

2023-01-13 18:38:08 - [TEST_STEP][PASSED] - setText(findTestObject("Object Repository/RecAndPlayBk/Page-Vlink-AuthOnly/input_Card ex year_card_exyr"), exY): Text '2025' is set on object 'Object Repository/RecAndPlayBk/Page-Vlink-AuthOnly/input_Card ex year_card_exyr'

2023-01-13 18:38:09 - [MESSAGE][PASSED] - Text '2025' is set on object 'Object Repository/RecAndPlayBk/Page-Vlink-AuthOnly/input_Card ex year_card_exyr'

2023-01-13 18:38:09 - [TEST_STEP][PASSED] - setText(findTestObject("Object Repository/RecAndPlayBk/Page-Vlink-AuthOnly/input_Track Data_track_data"), ""): Text '' is set on object 'Object Repository/RecAndPlayBk/Page-Vlink-AuthOnly/input_Track Data_track_data'

2023-01-13 18:38:10 - [MESSAGE][PASSED] - Text '' is set on object 'Object Repository/RecAndPlayBk/Page-Vlink-AuthOnly/input_Track Data_track_data'

2023-01-13 18:38:10 - [TEST_STEP][PASSED] - setText(findTestObject("Object Repository/RecAndPlayBk/Page-Vlink-AuthOnly/input_concat(Cardholder, , s email)_email"), ""): Text '' is set on object 'Object Repository/RecAndPlayBk/Page-Vlink-AuthOnly/input_concat(Cardholder, , s email)_email'

2023-01-13 18:38:10 - [MESSAGE][PASSED] - Text '' is set on object 'Object Repository/RecAndPlayBk/Page-Vlink-AuthOnly/input_concat(Cardholder, , s email)_email'

2023-01-13 18:38:10 - [TEST_STEP][PASSED] - click(findTestObject("Object Repository/RecAndPlayBk/Page-Vlink-AuthOnly/input_user_defined10_user_defined10")): Object: 'Object Repository/RecAndPlayBk/Page-Vlink-AuthOnly/input_user_defined10_user_defined10' is clicked on

2023-01-13 18:38:11 - [MESSAGE][PASSED] - Object: 'Object Repository/RecAndPlayBk/Page-Vlink-AuthOnly/input_user_defined10_user_defined10' is clicked on

2023-01-13 18:38:11 - [TEST_STEP][PASSED] - setText(findTestObject("Object Repository/RecAndPlayBk/Page-Vlink-AuthOnly/input_Card on File Indicator_card_on_file_i_157dae"), ""): Text '' is set on object 'Object Repository/RecAndPlayBk/Page-Vlink-AuthOnly/input_Card on File Indicator_card_on_file_i_157dae'

2023-01-13 18:38:12 - [MESSAGE][PASSED] - Text '' is set on object 'Object Repository/RecAndPlayBk/Page-Vlink-AuthOnly/input_Card on File Indicator_card_on_file_i_157dae'

2023-01-13 18:38:12 - [TEST_STEP][PASSED] - setText(findTestObject("Object Repository/RecAndPlayBk/Page-Vlink-AuthOnly/input_Stored Credential Indicator_stored_cr_4ae73c"), ""): Text '' is set on object 'Object Repository/RecAndPlayBk/Page-Vlink-AuthOnly/input_Stored Credential Indicator_stored_cr_4ae73c'

2023-01-13 18:38:12 - [MESSAGE][PASSED] - Text '' is set on object 'Object Repository/RecAndPlayBk/Page-Vlink-AuthOnly/input_Stored Credential Indicator_stored_cr_4ae73c'

2023-01-13 18:38:12 - [TEST_STEP][PASSED] - setText(findTestObject("Object Repository/RecAndPlayBk/Page-Vlink-AuthOnly/input_COF Scheduled indicator_cof_scheduled_8df7d8"), ""): Text '' is set on object 'Object Repository/RecAndPlayBk/Page-Vlink-AuthOnly/input_COF Scheduled indicator_cof_scheduled_8df7d8'

2023-01-13 18:38:13 - [MESSAGE][PASSED] - Text '' is set on object 'Object Repository/RecAndPlayBk/Page-Vlink-AuthOnly/input_COF Scheduled indicator_cof_scheduled_8df7d8'

2023-01-13 18:38:13 - [TEST_STEP][PASSED] - setText(findTestObject("Object Repository/RecAndPlayBk/Page-Vlink-AuthOnly/input_COF Transaction Initiated by_cof_tran_6cded5"), ""): Text '' is set on object 'Object Repository/RecAndPlayBk/Page-Vlink-AuthOnly/input_COF Transaction Initiated by_cof_tran_6cded5'

2023-01-13 18:38:14 - [MESSAGE][PASSED] - Text '' is set on object 'Object Repository/RecAndPlayBk/Page-Vlink-AuthOnly/input_COF Transaction Initiated by_cof_tran_6cded5'

2023-01-13 18:38:14 - [TEST_STEP][PASSED] - click(findTestObject("Object Repository/RecAndPlayBk/Page-Vlink-AuthOnly/input")): Object: 'Object Repository/RecAndPlayBk/Page-Vlink-AuthOnly/input' is clicked on

2023-01-13 18:38:15 - [MESSAGE][PASSED] - Object: 'Object Repository/RecAndPlayBk/Page-Vlink-AuthOnly/input' is clicked on

2023-01-13 18:38:15 - [TEST_STEP][PASSED] - if (verifyTextPresent(errorMsg, true)): null

2023-01-13 18:38:15 - [MESSAGE][PASSED] - Text 'card_zip' is present on page  using regular expression

2023-01-13 18:38:15 - [TEST_STEP][PASSED] - println("Error Message is present on the Confirmation page"): null

2023-01-13 18:38:15 - [TEST_STEP][PASSED] - out.println("Pass Record Number: " + row): null

2023-01-13 18:38:15 - [TEST_STEP][PASSED] - resText = "Pass": null

2023-01-13 18:38:15 - [TEST_STEP][PASSED] - pages.WriteExcel.demoKey(resText, datText, resColumn, datCloumn, fileLoc, nameSheet, row): pages.WriteExcel.demoKey is PASSED

2023-01-13 18:38:15 - [MESSAGE][PASSED] - pages.WriteExcel.demoKey is PASSED

2023-01-13 18:38:15 - [TEST_STEP][PASSED] - ExecuteTC = findTestData(dataFile).getValue("Execute", row): null

2023-01-13 18:38:15 - [TEST_STEP][PASSED] - out.println("Value of Execute is : " + ExecuteTC): null

2023-01-13 18:38:15 - [TEST_STEP][PASSED] - if (ExecuteTC.equalsIgnoreCase("Y")): null

2023-01-13 18:38:15 - [TEST_STEP][PASSED] - out.println("Begin Record Number: " + row): null

2023-01-13 18:38:15 - [TEST_STEP][PASSED] - today = new java.util.Date(): null

2023-01-13 18:38:15 - [TEST_STEP][PASSED] - println(today): null

2023-01-13 18:38:15 - [TEST_STEP][PASSED] - datText = today: null

2023-01-13 18:38:15 - [TEST_STEP][PASSED] - errorMsg = findTestData(dataFile).getValue("ErrorMsg", row): null

2023-01-13 18:38:15 - [TEST_STEP][PASSED] - appID = findTestData(dataFile).getValue("AppID", row): null

2023-01-13 18:38:15 - [TEST_STEP][PASSED] - username = findTestData(dataFile).getValue("Username", row): null

2023-01-13 18:38:15 - [TEST_STEP][PASSED] - password = findTestData(dataFile).getValue("Password", row): null

2023-01-13 18:38:16 - [TEST_STEP][PASSED] - tranType = findTestData(dataFile).getValue("TranType", row): null

2023-01-13 18:38:16 - [TEST_STEP][PASSED] - mv = findTestData(dataFile).getValue("MV", row): null

2023-01-13 18:38:16 - [TEST_STEP][PASSED] - resFormat = findTestData(dataFile).getValue("ResFormat", row): null

2023-01-13 18:38:16 - [TEST_STEP][PASSED] - category = findTestData(dataFile).getValue("Category", row): null

2023-01-13 18:38:16 - [TEST_STEP][PASSED] - amount = findTestData(dataFile).getValue("Amount", row): null

2023-01-13 18:38:16 - [TEST_STEP][PASSED] - cardName = findTestData(dataFile).getValue("CardName", row): null

2023-01-13 18:38:16 - [TEST_STEP][PASSED] - al1 = findTestData(dataFile).getValue("AL1", row): null

2023-01-13 18:38:16 - [TEST_STEP][PASSED] - city = findTestData(dataFile).getValue("City", row): null

2023-01-13 18:38:16 - [TEST_STEP][PASSED] - state = findTestData(dataFile).getValue("State", row): null

2023-01-13 18:38:16 - [TEST_STEP][PASSED] - zip = findTestData(dataFile).getValue("ZIP", row): null

2023-01-13 18:38:16 - [TEST_STEP][PASSED] - cardNumber = findTestData(dataFile).getValue("CardNumber", row): null

2023-01-13 18:38:16 - [TEST_STEP][PASSED] - exM = findTestData(dataFile).getValue("ExM", row): null

2023-01-13 18:38:16 - [TEST_STEP][PASSED] - exY = findTestData(dataFile).getValue("ExY", row): null

2023-01-13 18:38:16 - [TEST_STEP][PASSED] - openBrowser(VLinkURL + "auth.html"): Browser is opened with url: 'https://dev-algorithm.govolution.com/vlinktest/QA/version_2_0/auth.html'

2023-01-13 18:38:16 - [MESSAGE][WARNING] - A browser is already opened. Closing browser and opening a new one

2023-01-13 18:38:17 - [MESSAGE][INFO] - Starting 'Chrome' driver

2023-01-13 18:38:17 - [MESSAGE][INFO] - User set preference: ['acceptInsecureCerts', 'true']

2023-01-13 18:38:17 - [MESSAGE][INFO] - Action delay is set to 0 milliseconds

2023-01-13 18:38:19 - [MESSAGE][PASSED] - Browser is opened with url: 'https://dev-algorithm.govolution.com/vlinktest/QA/version_2_0/auth.html'

2023-01-13 18:38:19 - [TEST_STEP][PASSED] - maximizeWindow(): Current window maximized

2023-01-13 18:38:19 - [MESSAGE][PASSED] - Current window maximized

2023-01-13 18:38:19 - [TEST_STEP][PASSED] - maximizeWindow(): Current window maximized

2023-01-13 18:38:19 - [MESSAGE][PASSED] - Current window maximized

2023-01-13 18:38:19 - [TEST_STEP][PASSED] - setText(findTestObject("Object Repository/RecAndPlayBk/Page-Vlink-AuthOnly/txt_TransactionType"), tranType): Text '104' is set on object 'Object Repository/RecAndPlayBk/Page-Vlink-AuthOnly/txt_TransactionType'

2023-01-13 18:38:20 - [MESSAGE][PASSED] - Text '104' is set on object 'Object Repository/RecAndPlayBk/Page-Vlink-AuthOnly/txt_TransactionType'

2023-01-13 18:38:20 - [TEST_STEP][PASSED] - setText(findTestObject("Object Repository/RecAndPlayBk/Page-Vlink-AuthOnly/txt_MessageVersion"), mv): Text '2.0C' is set on object 'Object Repository/RecAndPlayBk/Page-Vlink-AuthOnly/txt_MessageVersion'

2023-01-13 18:38:21 - [MESSAGE][PASSED] - Text '2.0C' is set on object 'Object Repository/RecAndPlayBk/Page-Vlink-AuthOnly/txt_MessageVersion'

2023-01-13 18:38:21 - [TEST_STEP][PASSED] - genRemID = RandomStringUtils.random(12, true, true): null

2023-01-13 18:38:21 - [TEST_STEP][PASSED] - setText(findTestObject("Object Repository/RecAndPlayBk/Page-Vlink-AuthOnly/input_Remittance Id_remittance_id"), genRemID): Text 'SQB1X4DwZtHB' is set on object 'Object Repository/RecAndPlayBk/Page-Vlink-AuthOnly/input_Remittance Id_remittance_id'

2023-01-13 18:38:22 - [MESSAGE][PASSED] - Text 'SQB1X4DwZtHB' is set on object 'Object Repository/RecAndPlayBk/Page-Vlink-AuthOnly/input_Remittance Id_remittance_id'

2023-01-13 18:38:22 - [TEST_STEP][PASSED] - setText(findTestObject("Object Repository/RecAndPlayBk/Page-Vlink-AuthOnly/input_Application Id_application_id"), appID): Text '234' is set on object 'Object Repository/RecAndPlayBk/Page-Vlink-AuthOnly/input_Application Id_application_id'

2023-01-13 18:38:23 - [MESSAGE][PASSED] - Text '234' is set on object 'Object Repository/RecAndPlayBk/Page-Vlink-AuthOnly/input_Application Id_application_id'

2023-01-13 18:38:23 - [TEST_STEP][PASSED] - setText(findTestObject("Object Repository/RecAndPlayBk/Page-Vlink-AuthOnly/input_Username_username"), username): Text 'username' is set on object 'Object Repository/RecAndPlayBk/Page-Vlink-AuthOnly/input_Username_username'

2023-01-13 18:38:24 - [MESSAGE][PASSED] - Text 'username' is set on object 'Object Repository/RecAndPlayBk/Page-Vlink-AuthOnly/input_Username_username'

2023-01-13 18:38:24 - [TEST_STEP][PASSED] - setText(findTestObject("Object Repository/RecAndPlayBk/Page-Vlink-AuthOnly/input_Password_password"), password): Text 'password' is set on object 'Object Repository/RecAndPlayBk/Page-Vlink-AuthOnly/input_Password_password'

2023-01-13 18:38:25 - [MESSAGE][PASSED] - Text 'password' is set on object 'Object Repository/RecAndPlayBk/Page-Vlink-AuthOnly/input_Password_password'

2023-01-13 18:38:25 - [TEST_STEP][PASSED] - setText(findTestObject("Object Repository/RecAndPlayBk/Page-Vlink-AuthOnly/txt_ResponseFormat"), resFormat): Text 'fixed_width' is set on object 'Object Repository/RecAndPlayBk/Page-Vlink-AuthOnly/txt_ResponseFormat'

2023-01-13 18:38:25 - [MESSAGE][PASSED] - Text 'fixed_width' is set on object 'Object Repository/RecAndPlayBk/Page-Vlink-AuthOnly/txt_ResponseFormat'

2023-01-13 18:38:25 - [TEST_STEP][PASSED] - setText(findTestObject("Object Repository/RecAndPlayBk/Page-Vlink-AuthOnly/input_Category_category"), category): Text 'MOTO' is set on object 'Object Repository/RecAndPlayBk/Page-Vlink-AuthOnly/input_Category_category'

2023-01-13 18:38:26 - [MESSAGE][PASSED] - Text 'MOTO' is set on object 'Object Repository/RecAndPlayBk/Page-Vlink-AuthOnly/input_Category_category'

2023-01-13 18:38:26 - [TEST_STEP][PASSED] - setText(findTestObject("Object Repository/RecAndPlayBk/Page-Vlink-AuthOnly/txt_CardName"), cardName): Text 'Kris Roshan' is set on object 'Object Repository/RecAndPlayBk/Page-Vlink-AuthOnly/txt_CardName'

2023-01-13 18:38:27 - [MESSAGE][PASSED] - Text 'Kris Roshan' is set on object 'Object Repository/RecAndPlayBk/Page-Vlink-AuthOnly/txt_CardName'

2023-01-13 18:38:27 - [TEST_STEP][PASSED] - setText(findTestObject("Object Repository/RecAndPlayBk/Page-Vlink-AuthOnly/txt_AL1"), al1): Text '258 Elm Road' is set on object 'Object Repository/RecAndPlayBk/Page-Vlink-AuthOnly/txt_AL1'

2023-01-13 18:38:28 - [MESSAGE][PASSED] - Text '258 Elm Road' is set on object 'Object Repository/RecAndPlayBk/Page-Vlink-AuthOnly/txt_AL1'

2023-01-13 18:38:28 - [TEST_STEP][PASSED] - setText(findTestObject("Object Repository/RecAndPlayBk/Page-Vlink-AuthOnly/txt_CardCity"), city): Text 'Arlington' is set on object 'Object Repository/RecAndPlayBk/Page-Vlink-AuthOnly/txt_CardCity'

2023-01-13 18:38:29 - [MESSAGE][PASSED] - Text 'Arlington' is set on object 'Object Repository/RecAndPlayBk/Page-Vlink-AuthOnly/txt_CardCity'

2023-01-13 18:38:29 - [TEST_STEP][PASSED] - setText(findTestObject("Object Repository/RecAndPlayBk/Page-Vlink-AuthOnly/txt_CardState"), state): Text 'VA' is set on object 'Object Repository/RecAndPlayBk/Page-Vlink-AuthOnly/txt_CardState'

2023-01-13 18:38:30 - [MESSAGE][PASSED] - Text 'VA' is set on object 'Object Repository/RecAndPlayBk/Page-Vlink-AuthOnly/txt_CardState'

2023-01-13 18:38:30 - [TEST_STEP][PASSED] - setText(findTestObject("Object Repository/RecAndPlayBk/Page-Vlink-AuthOnly/txt_CardZIP"), zip): Text '' is set on object 'Object Repository/RecAndPlayBk/Page-Vlink-AuthOnly/txt_CardZIP'

2023-01-13 18:38:31 - [MESSAGE][PASSED] - Text '' is set on object 'Object Repository/RecAndPlayBk/Page-Vlink-AuthOnly/txt_CardZIP'

2023-01-13 18:38:31 - [TEST_STEP][PASSED] - setText(findTestObject("Object Repository/RecAndPlayBk/Page-Vlink-AuthOnly/input_Amount_amount"), amount): Text '1.50' is set on object 'Object Repository/RecAndPlayBk/Page-Vlink-AuthOnly/input_Amount_amount'

2023-01-13 18:38:31 - [MESSAGE][PASSED] - Text '1.50' is set on object 'Object Repository/RecAndPlayBk/Page-Vlink-AuthOnly/input_Amount_amount'

2023-01-13 18:38:31 - [TEST_STEP][PASSED] - setText(findTestObject("Object Repository/RecAndPlayBk/Page-Vlink-AuthOnly/input_Card number_card_number"), cardNumber): Text '4111111111111111' is set on object 'Object Repository/RecAndPlayBk/Page-Vlink-AuthOnly/input_Card number_card_number'

2023-01-13 18:38:33 - [MESSAGE][PASSED] - Text '4111111111111111' is set on object 'Object Repository/RecAndPlayBk/Page-Vlink-AuthOnly/input_Card number_card_number'

2023-01-13 18:38:33 - [TEST_STEP][PASSED] - setText(findTestObject("Object Repository/RecAndPlayBk/Page-Vlink-AuthOnly/input_Card ex month_card_exmo"), exM): Text '12' is set on object 'Object Repository/RecAndPlayBk/Page-Vlink-AuthOnly/input_Card ex month_card_exmo'

2023-01-13 18:38:33 - [MESSAGE][PASSED] - Text '12' is set on object 'Object Repository/RecAndPlayBk/Page-Vlink-AuthOnly/input_Card ex month_card_exmo'

2023-01-13 18:38:33 - [TEST_STEP][PASSED] - setText(findTestObject("Object Repository/RecAndPlayBk/Page-Vlink-AuthOnly/input_Card ex year_card_exyr"), exY): Text '2025' is set on object 'Object Repository/RecAndPlayBk/Page-Vlink-AuthOnly/input_Card ex year_card_exyr'

2023-01-13 18:38:34 - [MESSAGE][PASSED] - Text '2025' is set on object 'Object Repository/RecAndPlayBk/Page-Vlink-AuthOnly/input_Card ex year_card_exyr'

2023-01-13 18:38:34 - [TEST_STEP][PASSED] - setText(findTestObject("Object Repository/RecAndPlayBk/Page-Vlink-AuthOnly/input_Track Data_track_data"), ""): Text '' is set on object 'Object Repository/RecAndPlayBk/Page-Vlink-AuthOnly/input_Track Data_track_data'

2023-01-13 18:38:35 - [MESSAGE][PASSED] - Text '' is set on object 'Object Repository/RecAndPlayBk/Page-Vlink-AuthOnly/input_Track Data_track_data'

2023-01-13 18:38:35 - [TEST_STEP][PASSED] - setText(findTestObject("Object Repository/RecAndPlayBk/Page-Vlink-AuthOnly/input_concat(Cardholder, , s email)_email"), ""): Text '' is set on object 'Object Repository/RecAndPlayBk/Page-Vlink-AuthOnly/input_concat(Cardholder, , s email)_email'

2023-01-13 18:38:36 - [MESSAGE][PASSED] - Text '' is set on object 'Object Repository/RecAndPlayBk/Page-Vlink-AuthOnly/input_concat(Cardholder, , s email)_email'

2023-01-13 18:38:36 - [TEST_STEP][PASSED] - click(findTestObject("Object Repository/RecAndPlayBk/Page-Vlink-AuthOnly/input_user_defined10_user_defined10")): Object: 'Object Repository/RecAndPlayBk/Page-Vlink-AuthOnly/input_user_defined10_user_defined10' is clicked on

2023-01-13 18:38:36 - [MESSAGE][PASSED] - Object: 'Object Repository/RecAndPlayBk/Page-Vlink-AuthOnly/input_user_defined10_user_defined10' is clicked on

2023-01-13 18:38:36 - [TEST_STEP][PASSED] - setText(findTestObject("Object Repository/RecAndPlayBk/Page-Vlink-AuthOnly/input_Card on File Indicator_card_on_file_i_157dae"), ""): Text '' is set on object 'Object Repository/RecAndPlayBk/Page-Vlink-AuthOnly/input_Card on File Indicator_card_on_file_i_157dae'

2023-01-13 18:38:37 - [MESSAGE][PASSED] - Text '' is set on object 'Object Repository/RecAndPlayBk/Page-Vlink-AuthOnly/input_Card on File Indicator_card_on_file_i_157dae'

2023-01-13 18:38:37 - [TEST_STEP][PASSED] - setText(findTestObject("Object Repository/RecAndPlayBk/Page-Vlink-AuthOnly/input_Stored Credential Indicator_stored_cr_4ae73c"), ""): Text '' is set on object 'Object Repository/RecAndPlayBk/Page-Vlink-AuthOnly/input_Stored Credential Indicator_stored_cr_4ae73c'

2023-01-13 18:38:38 - [MESSAGE][PASSED] - Text '' is set on object 'Object Repository/RecAndPlayBk/Page-Vlink-AuthOnly/input_Stored Credential Indicator_stored_cr_4ae73c'

2023-01-13 18:38:38 - [TEST_STEP][PASSED] - setText(findTestObject("Object Repository/RecAndPlayBk/Page-Vlink-AuthOnly/input_COF Scheduled indicator_cof_scheduled_8df7d8"), ""): Text '' is set on object 'Object Repository/RecAndPlayBk/Page-Vlink-AuthOnly/input_COF Scheduled indicator_cof_scheduled_8df7d8'

2023-01-13 18:38:39 - [MESSAGE][PASSED] - Text '' is set on object 'Object Repository/RecAndPlayBk/Page-Vlink-AuthOnly/input_COF Scheduled indicator_cof_scheduled_8df7d8'

2023-01-13 18:38:39 - [TEST_STEP][PASSED] - setText(findTestObject("Object Repository/RecAndPlayBk/Page-Vlink-AuthOnly/input_COF Transaction Initiated by_cof_tran_6cded5"), ""): Text '' is set on object 'Object Repository/RecAndPlayBk/Page-Vlink-AuthOnly/input_COF Transaction Initiated by_cof_tran_6cded5'

2023-01-13 18:38:40 - [MESSAGE][PASSED] - Text '' is set on object 'Object Repository/RecAndPlayBk/Page-Vlink-AuthOnly/input_COF Transaction Initiated by_cof_tran_6cded5'

2023-01-13 18:38:40 - [TEST_STEP][PASSED] - click(findTestObject("Object Repository/RecAndPlayBk/Page-Vlink-AuthOnly/input")): Object: 'Object Repository/RecAndPlayBk/Page-Vlink-AuthOnly/input' is clicked on

2023-01-13 18:38:40 - [MESSAGE][PASSED] - Object: 'Object Repository/RecAndPlayBk/Page-Vlink-AuthOnly/input' is clicked on

2023-01-13 18:38:40 - [TEST_STEP][PASSED] - if (verifyTextPresent(errorMsg, true)): null

2023-01-13 18:38:41 - [MESSAGE][PASSED] - Text 'card_zip' is present on page  using regular expression

2023-01-13 18:38:41 - [TEST_STEP][PASSED] - println("Error Message is present on the Confirmation page"): null

2023-01-13 18:38:41 - [TEST_STEP][PASSED] - out.println("Pass Record Number: " + row): null

2023-01-13 18:38:41 - [TEST_STEP][PASSED] - resText = "Pass": null

2023-01-13 18:38:41 - [TEST_STEP][PASSED] - pages.WriteExcel.demoKey(resText, datText, resColumn, datCloumn, fileLoc, nameSheet, row): pages.WriteExcel.demoKey is PASSED

2023-01-13 18:38:41 - [MESSAGE][PASSED] - pages.WriteExcel.demoKey is PASSED

2023-01-13 18:38:41 - [TEST_STEP][PASSED] - ExecuteTC = findTestData(dataFile).getValue("Execute", row): null

2023-01-13 18:38:41 - [TEST_STEP][PASSED] - out.println("Value of Execute is : " + ExecuteTC): null

2023-01-13 18:38:41 - [TEST_STEP][PASSED] - if (ExecuteTC.equalsIgnoreCase("Y")): null

2023-01-13 18:38:41 - [TEST_STEP][PASSED] - out.println("Begin Record Number: " + row): null

2023-01-13 18:38:41 - [TEST_STEP][PASSED] - today = new java.util.Date(): null

2023-01-13 18:38:41 - [TEST_STEP][PASSED] - println(today): null

2023-01-13 18:38:41 - [TEST_STEP][PASSED] - datText = today: null

2023-01-13 18:38:41 - [TEST_STEP][PASSED] - errorMsg = findTestData(dataFile).getValue("ErrorMsg", row): null

2023-01-13 18:38:41 - [TEST_STEP][PASSED] - appID = findTestData(dataFile).getValue("AppID", row): null

2023-01-13 18:38:41 - [TEST_STEP][PASSED] - username = findTestData(dataFile).getValue("Username", row): null

2023-01-13 18:38:41 - [TEST_STEP][PASSED] - password = findTestData(dataFile).getValue("Password", row): null

2023-01-13 18:38:41 - [TEST_STEP][PASSED] - tranType = findTestData(dataFile).getValue("TranType", row): null

2023-01-13 18:38:41 - [TEST_STEP][PASSED] - mv = findTestData(dataFile).getValue("MV", row): null

2023-01-13 18:38:41 - [TEST_STEP][PASSED] - resFormat = findTestData(dataFile).getValue("ResFormat", row): null

2023-01-13 18:38:41 - [TEST_STEP][PASSED] - category = findTestData(dataFile).getValue("Category", row): null

2023-01-13 18:38:41 - [TEST_STEP][PASSED] - amount = findTestData(dataFile).getValue("Amount", row): null

2023-01-13 18:38:41 - [TEST_STEP][PASSED] - cardName = findTestData(dataFile).getValue("CardName", row): null

2023-01-13 18:38:41 - [TEST_STEP][PASSED] - al1 = findTestData(dataFile).getValue("AL1", row): null

2023-01-13 18:38:41 - [TEST_STEP][PASSED] - city = findTestData(dataFile).getValue("City", row): null

2023-01-13 18:38:42 - [TEST_STEP][PASSED] - state = findTestData(dataFile).getValue("State", row): null

2023-01-13 18:38:42 - [TEST_STEP][PASSED] - zip = findTestData(dataFile).getValue("ZIP", row): null

2023-01-13 18:38:42 - [TEST_STEP][PASSED] - cardNumber = findTestData(dataFile).getValue("CardNumber", row): null

2023-01-13 18:38:42 - [TEST_STEP][PASSED] - exM = findTestData(dataFile).getValue("ExM", row): null

2023-01-13 18:38:42 - [TEST_STEP][PASSED] - exY = findTestData(dataFile).getValue("ExY", row): null

2023-01-13 18:38:42 - [TEST_STEP][PASSED] - openBrowser(VLinkURL + "auth.html"): Browser is opened with url: 'https://dev-algorithm.govolution.com/vlinktest/QA/version_2_0/auth.html'

2023-01-13 18:38:42 - [MESSAGE][WARNING] - A browser is already opened. Closing browser and opening a new one

2023-01-13 18:38:43 - [MESSAGE][INFO] - Starting 'Chrome' driver

2023-01-13 18:38:43 - [MESSAGE][INFO] - User set preference: ['acceptInsecureCerts', 'true']

2023-01-13 18:38:43 - [MESSAGE][INFO] - Action delay is set to 0 milliseconds

2023-01-13 18:38:45 - [MESSAGE][PASSED] - Browser is opened with url: 'https://dev-algorithm.govolution.com/vlinktest/QA/version_2_0/auth.html'

2023-01-13 18:38:45 - [TEST_STEP][PASSED] - maximizeWindow(): Current window maximized

2023-01-13 18:38:45 - [MESSAGE][PASSED] - Current window maximized

2023-01-13 18:38:45 - [TEST_STEP][PASSED] - maximizeWindow(): Current window maximized

2023-01-13 18:38:45 - [MESSAGE][PASSED] - Current window maximized

2023-01-13 18:38:45 - [TEST_STEP][PASSED] - setText(findTestObject("Object Repository/RecAndPlayBk/Page-Vlink-AuthOnly/txt_TransactionType"), tranType): Text '104' is set on object 'Object Repository/RecAndPlayBk/Page-Vlink-AuthOnly/txt_TransactionType'

2023-01-13 18:38:46 - [MESSAGE][PASSED] - Text '104' is set on object 'Object Repository/RecAndPlayBk/Page-Vlink-AuthOnly/txt_TransactionType'

2023-01-13 18:38:46 - [TEST_STEP][PASSED] - setText(findTestObject("Object Repository/RecAndPlayBk/Page-Vlink-AuthOnly/txt_MessageVersion"), mv): Text '2.0C' is set on object 'Object Repository/RecAndPlayBk/Page-Vlink-AuthOnly/txt_MessageVersion'

2023-01-13 18:38:46 - [MESSAGE][PASSED] - Text '2.0C' is set on object 'Object Repository/RecAndPlayBk/Page-Vlink-AuthOnly/txt_MessageVersion'

2023-01-13 18:38:46 - [TEST_STEP][PASSED] - genRemID = RandomStringUtils.random(12, true, true): null

2023-01-13 18:38:46 - [TEST_STEP][PASSED] - setText(findTestObject("Object Repository/RecAndPlayBk/Page-Vlink-AuthOnly/input_Remittance Id_remittance_id"), genRemID): Text 'pkpuQK1RZY7F' is set on object 'Object Repository/RecAndPlayBk/Page-Vlink-AuthOnly/input_Remittance Id_remittance_id'

2023-01-13 18:38:47 - [MESSAGE][PASSED] - Text 'pkpuQK1RZY7F' is set on object 'Object Repository/RecAndPlayBk/Page-Vlink-AuthOnly/input_Remittance Id_remittance_id'

2023-01-13 18:38:47 - [TEST_STEP][PASSED] - setText(findTestObject("Object Repository/RecAndPlayBk/Page-Vlink-AuthOnly/input_Application Id_application_id"), appID): Text '234' is set on object 'Object Repository/RecAndPlayBk/Page-Vlink-AuthOnly/input_Application Id_application_id'

2023-01-13 18:38:48 - [MESSAGE][PASSED] - Text '234' is set on object 'Object Repository/RecAndPlayBk/Page-Vlink-AuthOnly/input_Application Id_application_id'

2023-01-13 18:38:48 - [TEST_STEP][PASSED] - setText(findTestObject("Object Repository/RecAndPlayBk/Page-Vlink-AuthOnly/input_Username_username"), username): Text 'username' is set on object 'Object Repository/RecAndPlayBk/Page-Vlink-AuthOnly/input_Username_username'

2023-01-13 18:38:49 - [MESSAGE][PASSED] - Text 'username' is set on object 'Object Repository/RecAndPlayBk/Page-Vlink-AuthOnly/input_Username_username'

2023-01-13 18:38:49 - [TEST_STEP][PASSED] - setText(findTestObject("Object Repository/RecAndPlayBk/Page-Vlink-AuthOnly/input_Password_password"), password): Text 'password' is set on object 'Object Repository/RecAndPlayBk/Page-Vlink-AuthOnly/input_Password_password'

2023-01-13 18:38:50 - [MESSAGE][PASSED] - Text 'password' is set on object 'Object Repository/RecAndPlayBk/Page-Vlink-AuthOnly/input_Password_password'

2023-01-13 18:38:50 - [TEST_STEP][PASSED] - setText(findTestObject("Object Repository/RecAndPlayBk/Page-Vlink-AuthOnly/txt_ResponseFormat"), resFormat): Text 'fixed_width' is set on object 'Object Repository/RecAndPlayBk/Page-Vlink-AuthOnly/txt_ResponseFormat'

2023-01-13 18:38:51 - [MESSAGE][PASSED] - Text 'fixed_width' is set on object 'Object Repository/RecAndPlayBk/Page-Vlink-AuthOnly/txt_ResponseFormat'

2023-01-13 18:38:51 - [TEST_STEP][PASSED] - setText(findTestObject("Object Repository/RecAndPlayBk/Page-Vlink-AuthOnly/input_Category_category"), category): Text 'ECOM' is set on object 'Object Repository/RecAndPlayBk/Page-Vlink-AuthOnly/input_Category_category'

2023-01-13 18:38:52 - [MESSAGE][PASSED] - Text 'ECOM' is set on object 'Object Repository/RecAndPlayBk/Page-Vlink-AuthOnly/input_Category_category'

2023-01-13 18:38:52 - [TEST_STEP][PASSED] - setText(findTestObject("Object Repository/RecAndPlayBk/Page-Vlink-AuthOnly/txt_CardName"), cardName): Text 'Kris Roshan' is set on object 'Object Repository/RecAndPlayBk/Page-Vlink-AuthOnly/txt_CardName'

2023-01-13 18:38:53 - [MESSAGE][PASSED] - Text 'Kris Roshan' is set on object 'Object Repository/RecAndPlayBk/Page-Vlink-AuthOnly/txt_CardName'

2023-01-13 18:38:53 - [TEST_STEP][PASSED] - setText(findTestObject("Object Repository/RecAndPlayBk/Page-Vlink-AuthOnly/txt_AL1"), al1): Text '258 Elm Road' is set on object 'Object Repository/RecAndPlayBk/Page-Vlink-AuthOnly/txt_AL1'

2023-01-13 18:38:54 - [MESSAGE][PASSED] - Text '258 Elm Road' is set on object 'Object Repository/RecAndPlayBk/Page-Vlink-AuthOnly/txt_AL1'

2023-01-13 18:38:54 - [TEST_STEP][PASSED] - setText(findTestObject("Object Repository/RecAndPlayBk/Page-Vlink-AuthOnly/txt_CardCity"), city): Text 'Arlington' is set on object 'Object Repository/RecAndPlayBk/Page-Vlink-AuthOnly/txt_CardCity'

2023-01-13 18:38:54 - [MESSAGE][PASSED] - Text 'Arlington' is set on object 'Object Repository/RecAndPlayBk/Page-Vlink-AuthOnly/txt_CardCity'

2023-01-13 18:38:54 - [TEST_STEP][PASSED] - setText(findTestObject("Object Repository/RecAndPlayBk/Page-Vlink-AuthOnly/txt_CardState"), state): Text 'VA' is set on object 'Object Repository/RecAndPlayBk/Page-Vlink-AuthOnly/txt_CardState'

2023-01-13 18:38:55 - [MESSAGE][PASSED] - Text 'VA' is set on object 'Object Repository/RecAndPlayBk/Page-Vlink-AuthOnly/txt_CardState'

2023-01-13 18:38:55 - [TEST_STEP][PASSED] - setText(findTestObject("Object Repository/RecAndPlayBk/Page-Vlink-AuthOnly/txt_CardZIP"), zip): Text '22201' is set on object 'Object Repository/RecAndPlayBk/Page-Vlink-AuthOnly/txt_CardZIP'

2023-01-13 18:38:56 - [MESSAGE][PASSED] - Text '22201' is set on object 'Object Repository/RecAndPlayBk/Page-Vlink-AuthOnly/txt_CardZIP'

2023-01-13 18:38:56 - [TEST_STEP][PASSED] - setText(findTestObject("Object Repository/RecAndPlayBk/Page-Vlink-AuthOnly/input_Amount_amount"), amount): Text '' is set on object 'Object Repository/RecAndPlayBk/Page-Vlink-AuthOnly/input_Amount_amount'

2023-01-13 18:38:57 - [MESSAGE][PASSED] - Text '' is set on object 'Object Repository/RecAndPlayBk/Page-Vlink-AuthOnly/input_Amount_amount'

2023-01-13 18:38:57 - [TEST_STEP][PASSED] - setText(findTestObject("Object Repository/RecAndPlayBk/Page-Vlink-AuthOnly/input_Card number_card_number"), cardNumber): Text '4111111111111111' is set on object 'Object Repository/RecAndPlayBk/Page-Vlink-AuthOnly/input_Card number_card_number'

2023-01-13 18:38:57 - [MESSAGE][PASSED] - Text '4111111111111111' is set on object 'Object Repository/RecAndPlayBk/Page-Vlink-AuthOnly/input_Card number_card_number'

2023-01-13 18:38:57 - [TEST_STEP][PASSED] - setText(findTestObject("Object Repository/RecAndPlayBk/Page-Vlink-AuthOnly/input_Card ex month_card_exmo"), exM): Text '12' is set on object 'Object Repository/RecAndPlayBk/Page-Vlink-AuthOnly/input_Card ex month_card_exmo'

2023-01-13 18:38:58 - [MESSAGE][PASSED] - Text '12' is set on object 'Object Repository/RecAndPlayBk/Page-Vlink-AuthOnly/input_Card ex month_card_exmo'

2023-01-13 18:38:58 - [TEST_STEP][PASSED] - setText(findTestObject("Object Repository/RecAndPlayBk/Page-Vlink-AuthOnly/input_Card ex year_card_exyr"), exY): Text '2025' is set on object 'Object Repository/RecAndPlayBk/Page-Vlink-AuthOnly/input_Card ex year_card_exyr'

2023-01-13 18:38:59 - [MESSAGE][PASSED] - Text '2025' is set on object 'Object Repository/RecAndPlayBk/Page-Vlink-AuthOnly/input_Card ex year_card_exyr'

2023-01-13 18:38:59 - [TEST_STEP][PASSED] - setText(findTestObject("Object Repository/RecAndPlayBk/Page-Vlink-AuthOnly/input_Track Data_track_data"), ""): Text '' is set on object 'Object Repository/RecAndPlayBk/Page-Vlink-AuthOnly/input_Track Data_track_data'

2023-01-13 18:39:00 - [MESSAGE][PASSED] - Text '' is set on object 'Object Repository/RecAndPlayBk/Page-Vlink-AuthOnly/input_Track Data_track_data'

2023-01-13 18:39:00 - [TEST_STEP][PASSED] - setText(findTestObject("Object Repository/RecAndPlayBk/Page-Vlink-AuthOnly/input_concat(Cardholder, , s email)_email"), ""): Text '' is set on object 'Object Repository/RecAndPlayBk/Page-Vlink-AuthOnly/input_concat(Cardholder, , s email)_email'

2023-01-13 18:39:01 - [MESSAGE][PASSED] - Text '' is set on object 'Object Repository/RecAndPlayBk/Page-Vlink-AuthOnly/input_concat(Cardholder, , s email)_email'

2023-01-13 18:39:01 - [TEST_STEP][PASSED] - click(findTestObject("Object Repository/RecAndPlayBk/Page-Vlink-AuthOnly/input_user_defined10_user_defined10")): Object: 'Object Repository/RecAndPlayBk/Page-Vlink-AuthOnly/input_user_defined10_user_defined10' is clicked on

2023-01-13 18:39:01 - [MESSAGE][PASSED] - Object: 'Object Repository/RecAndPlayBk/Page-Vlink-AuthOnly/input_user_defined10_user_defined10' is clicked on

2023-01-13 18:39:01 - [TEST_STEP][PASSED] - setText(findTestObject("Object Repository/RecAndPlayBk/Page-Vlink-AuthOnly/input_Card on File Indicator_card_on_file_i_157dae"), ""): Text '' is set on object 'Object Repository/RecAndPlayBk/Page-Vlink-AuthOnly/input_Card on File Indicator_card_on_file_i_157dae'

2023-01-13 18:39:02 - [MESSAGE][PASSED] - Text '' is set on object 'Object Repository/RecAndPlayBk/Page-Vlink-AuthOnly/input_Card on File Indicator_card_on_file_i_157dae'

2023-01-13 18:39:02 - [TEST_STEP][PASSED] - setText(findTestObject("Object Repository/RecAndPlayBk/Page-Vlink-AuthOnly/input_Stored Credential Indicator_stored_cr_4ae73c"), ""): Text '' is set on object 'Object Repository/RecAndPlayBk/Page-Vlink-AuthOnly/input_Stored Credential Indicator_stored_cr_4ae73c'

2023-01-13 18:39:03 - [MESSAGE][PASSED] - Text '' is set on object 'Object Repository/RecAndPlayBk/Page-Vlink-AuthOnly/input_Stored Credential Indicator_stored_cr_4ae73c'

2023-01-13 18:39:03 - [TEST_STEP][PASSED] - setText(findTestObject("Object Repository/RecAndPlayBk/Page-Vlink-AuthOnly/input_COF Scheduled indicator_cof_scheduled_8df7d8"), ""): Text '' is set on object 'Object Repository/RecAndPlayBk/Page-Vlink-AuthOnly/input_COF Scheduled indicator_cof_scheduled_8df7d8'

2023-01-13 18:39:04 - [MESSAGE][PASSED] - Text '' is set on object 'Object Repository/RecAndPlayBk/Page-Vlink-AuthOnly/input_COF Scheduled indicator_cof_scheduled_8df7d8'

2023-01-13 18:39:04 - [TEST_STEP][PASSED] - setText(findTestObject("Object Repository/RecAndPlayBk/Page-Vlink-AuthOnly/input_COF Transaction Initiated by_cof_tran_6cded5"), ""): Text '' is set on object 'Object Repository/RecAndPlayBk/Page-Vlink-AuthOnly/input_COF Transaction Initiated by_cof_tran_6cded5'

2023-01-13 18:39:05 - [MESSAGE][PASSED] - Text '' is set on object 'Object Repository/RecAndPlayBk/Page-Vlink-AuthOnly/input_COF Transaction Initiated by_cof_tran_6cded5'

2023-01-13 18:39:05 - [TEST_STEP][PASSED] - click(findTestObject("Object Repository/RecAndPlayBk/Page-Vlink-AuthOnly/input")): Object: 'Object Repository/RecAndPlayBk/Page-Vlink-AuthOnly/input' is clicked on

2023-01-13 18:39:06 - [MESSAGE][PASSED] - Object: 'Object Repository/RecAndPlayBk/Page-Vlink-AuthOnly/input' is clicked on

2023-01-13 18:39:06 - [TEST_STEP][PASSED] - if (verifyTextPresent(errorMsg, true)): null

2023-01-13 18:39:06 - [MESSAGE][PASSED] - Text 'amount' is present on page  using regular expression

2023-01-13 18:39:06 - [TEST_STEP][PASSED] - println("Error Message is present on the Confirmation page"): null

2023-01-13 18:39:06 - [TEST_STEP][PASSED] - out.println("Pass Record Number: " + row): null

2023-01-13 18:39:06 - [TEST_STEP][PASSED] - resText = "Pass": null

2023-01-13 18:39:06 - [TEST_STEP][PASSED] - pages.WriteExcel.demoKey(resText, datText, resColumn, datCloumn, fileLoc, nameSheet, row): pages.WriteExcel.demoKey is PASSED

2023-01-13 18:39:06 - [MESSAGE][PASSED] - pages.WriteExcel.demoKey is PASSED

2023-01-13 18:39:06 - [TEST_STEP][PASSED] - ExecuteTC = findTestData(dataFile).getValue("Execute", row): null

2023-01-13 18:39:06 - [TEST_STEP][PASSED] - out.println("Value of Execute is : " + ExecuteTC): null

2023-01-13 18:39:06 - [TEST_STEP][PASSED] - if (ExecuteTC.equalsIgnoreCase("Y")): null

2023-01-13 18:39:06 - [TEST_STEP][PASSED] - out.println("Begin Record Number: " + row): null

2023-01-13 18:39:06 - [TEST_STEP][PASSED] - today = new java.util.Date(): null

2023-01-13 18:39:06 - [TEST_STEP][PASSED] - println(today): null

2023-01-13 18:39:06 - [TEST_STEP][PASSED] - datText = today: null

2023-01-13 18:39:06 - [TEST_STEP][PASSED] - errorMsg = findTestData(dataFile).getValue("ErrorMsg", row): null

2023-01-13 18:39:06 - [TEST_STEP][PASSED] - appID = findTestData(dataFile).getValue("AppID", row): null

2023-01-13 18:39:06 - [TEST_STEP][PASSED] - username = findTestData(dataFile).getValue("Username", row): null

2023-01-13 18:39:06 - [TEST_STEP][PASSED] - password = findTestData(dataFile).getValue("Password", row): null

2023-01-13 18:39:06 - [TEST_STEP][PASSED] - tranType = findTestData(dataFile).getValue("TranType", row): null

2023-01-13 18:39:06 - [TEST_STEP][PASSED] - mv = findTestData(dataFile).getValue("MV", row): null

2023-01-13 18:39:07 - [TEST_STEP][PASSED] - resFormat = findTestData(dataFile).getValue("ResFormat", row): null

2023-01-13 18:39:07 - [TEST_STEP][PASSED] - category = findTestData(dataFile).getValue("Category", row): null

2023-01-13 18:39:07 - [TEST_STEP][PASSED] - amount = findTestData(dataFile).getValue("Amount", row): null

2023-01-13 18:39:07 - [TEST_STEP][PASSED] - cardName = findTestData(dataFile).getValue("CardName", row): null

2023-01-13 18:39:07 - [TEST_STEP][PASSED] - al1 = findTestData(dataFile).getValue("AL1", row): null

2023-01-13 18:39:07 - [TEST_STEP][PASSED] - city = findTestData(dataFile).getValue("City", row): null

2023-01-13 18:39:07 - [TEST_STEP][PASSED] - state = findTestData(dataFile).getValue("State", row): null

2023-01-13 18:39:07 - [TEST_STEP][PASSED] - zip = findTestData(dataFile).getValue("ZIP", row): null

2023-01-13 18:39:07 - [TEST_STEP][PASSED] - cardNumber = findTestData(dataFile).getValue("CardNumber", row): null

2023-01-13 18:39:07 - [TEST_STEP][PASSED] - exM = findTestData(dataFile).getValue("ExM", row): null

2023-01-13 18:39:07 - [TEST_STEP][PASSED] - exY = findTestData(dataFile).getValue("ExY", row): null

2023-01-13 18:39:07 - [TEST_STEP][PASSED] - openBrowser(VLinkURL + "auth.html"): Browser is opened with url: 'https://dev-algorithm.govolution.com/vlinktest/QA/version_2_0/auth.html'

2023-01-13 18:39:07 - [MESSAGE][WARNING] - A browser is already opened. Closing browser and opening a new one

2023-01-13 18:39:08 - [MESSAGE][INFO] - Starting 'Chrome' driver

2023-01-13 18:39:08 - [MESSAGE][INFO] - User set preference: ['acceptInsecureCerts', 'true']

2023-01-13 18:39:08 - [MESSAGE][INFO] - Action delay is set to 0 milliseconds

2023-01-13 18:39:10 - [MESSAGE][PASSED] - Browser is opened with url: 'https://dev-algorithm.govolution.com/vlinktest/QA/version_2_0/auth.html'

2023-01-13 18:39:10 - [TEST_STEP][PASSED] - maximizeWindow(): Current window maximized

2023-01-13 18:39:10 - [MESSAGE][PASSED] - Current window maximized

2023-01-13 18:39:10 - [TEST_STEP][PASSED] - maximizeWindow(): Current window maximized

2023-01-13 18:39:10 - [MESSAGE][PASSED] - Current window maximized

2023-01-13 18:39:10 - [TEST_STEP][PASSED] - setText(findTestObject("Object Repository/RecAndPlayBk/Page-Vlink-AuthOnly/txt_TransactionType"), tranType): Text '104' is set on object 'Object Repository/RecAndPlayBk/Page-Vlink-AuthOnly/txt_TransactionType'

2023-01-13 18:39:11 - [MESSAGE][PASSED] - Text '104' is set on object 'Object Repository/RecAndPlayBk/Page-Vlink-AuthOnly/txt_TransactionType'

2023-01-13 18:39:11 - [TEST_STEP][PASSED] - setText(findTestObject("Object Repository/RecAndPlayBk/Page-Vlink-AuthOnly/txt_MessageVersion"), mv): Text '2.0C' is set on object 'Object Repository/RecAndPlayBk/Page-Vlink-AuthOnly/txt_MessageVersion'

2023-01-13 18:39:12 - [MESSAGE][PASSED] - Text '2.0C' is set on object 'Object Repository/RecAndPlayBk/Page-Vlink-AuthOnly/txt_MessageVersion'

2023-01-13 18:39:12 - [TEST_STEP][PASSED] - genRemID = RandomStringUtils.random(12, true, true): null

2023-01-13 18:39:12 - [TEST_STEP][PASSED] - setText(findTestObject("Object Repository/RecAndPlayBk/Page-Vlink-AuthOnly/input_Remittance Id_remittance_id"), genRemID): Text 'rqZLUICf2Hph' is set on object 'Object Repository/RecAndPlayBk/Page-Vlink-AuthOnly/input_Remittance Id_remittance_id'

2023-01-13 18:39:12 - [MESSAGE][PASSED] - Text 'rqZLUICf2Hph' is set on object 'Object Repository/RecAndPlayBk/Page-Vlink-AuthOnly/input_Remittance Id_remittance_id'

2023-01-13 18:39:12 - [TEST_STEP][PASSED] - setText(findTestObject("Object Repository/RecAndPlayBk/Page-Vlink-AuthOnly/input_Application Id_application_id"), appID): Text '234' is set on object 'Object Repository/RecAndPlayBk/Page-Vlink-AuthOnly/input_Application Id_application_id'

2023-01-13 18:39:13 - [MESSAGE][PASSED] - Text '234' is set on object 'Object Repository/RecAndPlayBk/Page-Vlink-AuthOnly/input_Application Id_application_id'

2023-01-13 18:39:13 - [TEST_STEP][PASSED] - setText(findTestObject("Object Repository/RecAndPlayBk/Page-Vlink-AuthOnly/input_Username_username"), username): Text 'username' is set on object 'Object Repository/RecAndPlayBk/Page-Vlink-AuthOnly/input_Username_username'

2023-01-13 18:39:14 - [MESSAGE][PASSED] - Text 'username' is set on object 'Object Repository/RecAndPlayBk/Page-Vlink-AuthOnly/input_Username_username'

2023-01-13 18:39:14 - [TEST_STEP][PASSED] - setText(findTestObject("Object Repository/RecAndPlayBk/Page-Vlink-AuthOnly/input_Password_password"), password): Text 'password' is set on object 'Object Repository/RecAndPlayBk/Page-Vlink-AuthOnly/input_Password_password'

2023-01-13 18:39:15 - [MESSAGE][PASSED] - Text 'password' is set on object 'Object Repository/RecAndPlayBk/Page-Vlink-AuthOnly/input_Password_password'

2023-01-13 18:39:15 - [TEST_STEP][PASSED] - setText(findTestObject("Object Repository/RecAndPlayBk/Page-Vlink-AuthOnly/txt_ResponseFormat"), resFormat): Text 'fixed_width' is set on object 'Object Repository/RecAndPlayBk/Page-Vlink-AuthOnly/txt_ResponseFormat'

2023-01-13 18:39:15 - [MESSAGE][PASSED] - Text 'fixed_width' is set on object 'Object Repository/RecAndPlayBk/Page-Vlink-AuthOnly/txt_ResponseFormat'

2023-01-13 18:39:15 - [TEST_STEP][PASSED] - setText(findTestObject("Object Repository/RecAndPlayBk/Page-Vlink-AuthOnly/input_Category_category"), category): Text 'MOTO' is set on object 'Object Repository/RecAndPlayBk/Page-Vlink-AuthOnly/input_Category_category'

2023-01-13 18:39:16 - [MESSAGE][PASSED] - Text 'MOTO' is set on object 'Object Repository/RecAndPlayBk/Page-Vlink-AuthOnly/input_Category_category'

2023-01-13 18:39:16 - [TEST_STEP][PASSED] - setText(findTestObject("Object Repository/RecAndPlayBk/Page-Vlink-AuthOnly/txt_CardName"), cardName): Text 'Kris Roshan' is set on object 'Object Repository/RecAndPlayBk/Page-Vlink-AuthOnly/txt_CardName'

2023-01-13 18:39:17 - [MESSAGE][PASSED] - Text 'Kris Roshan' is set on object 'Object Repository/RecAndPlayBk/Page-Vlink-AuthOnly/txt_CardName'

2023-01-13 18:39:17 - [TEST_STEP][PASSED] - setText(findTestObject("Object Repository/RecAndPlayBk/Page-Vlink-AuthOnly/txt_AL1"), al1): Text '258 Elm Road' is set on object 'Object Repository/RecAndPlayBk/Page-Vlink-AuthOnly/txt_AL1'

2023-01-13 18:39:18 - [MESSAGE][PASSED] - Text '258 Elm Road' is set on object 'Object Repository/RecAndPlayBk/Page-Vlink-AuthOnly/txt_AL1'

2023-01-13 18:39:18 - [TEST_STEP][PASSED] - setText(findTestObject("Object Repository/RecAndPlayBk/Page-Vlink-AuthOnly/txt_CardCity"), city): Text 'Arlington' is set on object 'Object Repository/RecAndPlayBk/Page-Vlink-AuthOnly/txt_CardCity'

2023-01-13 18:39:19 - [MESSAGE][PASSED] - Text 'Arlington' is set on object 'Object Repository/RecAndPlayBk/Page-Vlink-AuthOnly/txt_CardCity'

2023-01-13 18:39:19 - [TEST_STEP][PASSED] - setText(findTestObject("Object Repository/RecAndPlayBk/Page-Vlink-AuthOnly/txt_CardState"), state): Text 'VA' is set on object 'Object Repository/RecAndPlayBk/Page-Vlink-AuthOnly/txt_CardState'

2023-01-13 18:39:20 - [MESSAGE][PASSED] - Text 'VA' is set on object 'Object Repository/RecAndPlayBk/Page-Vlink-AuthOnly/txt_CardState'

2023-01-13 18:39:20 - [TEST_STEP][PASSED] - setText(findTestObject("Object Repository/RecAndPlayBk/Page-Vlink-AuthOnly/txt_CardZIP"), zip): Text '22201' is set on object 'Object Repository/RecAndPlayBk/Page-Vlink-AuthOnly/txt_CardZIP'

2023-01-13 18:39:21 - [MESSAGE][PASSED] - Text '22201' is set on object 'Object Repository/RecAndPlayBk/Page-Vlink-AuthOnly/txt_CardZIP'

2023-01-13 18:39:21 - [TEST_STEP][PASSED] - setText(findTestObject("Object Repository/RecAndPlayBk/Page-Vlink-AuthOnly/input_Amount_amount"), amount): Text '' is set on object 'Object Repository/RecAndPlayBk/Page-Vlink-AuthOnly/input_Amount_amount'

2023-01-13 18:39:21 - [MESSAGE][PASSED] - Text '' is set on object 'Object Repository/RecAndPlayBk/Page-Vlink-AuthOnly/input_Amount_amount'

2023-01-13 18:39:21 - [TEST_STEP][PASSED] - setText(findTestObject("Object Repository/RecAndPlayBk/Page-Vlink-AuthOnly/input_Card number_card_number"), cardNumber): Text '4111111111111111' is set on object 'Object Repository/RecAndPlayBk/Page-Vlink-AuthOnly/input_Card number_card_number'

2023-01-13 18:39:22 - [MESSAGE][PASSED] - Text '4111111111111111' is set on object 'Object Repository/RecAndPlayBk/Page-Vlink-AuthOnly/input_Card number_card_number'

2023-01-13 18:39:22 - [TEST_STEP][PASSED] - setText(findTestObject("Object Repository/RecAndPlayBk/Page-Vlink-AuthOnly/input_Card ex month_card_exmo"), exM): Text '12' is set on object 'Object Repository/RecAndPlayBk/Page-Vlink-AuthOnly/input_Card ex month_card_exmo'

2023-01-13 18:39:23 - [MESSAGE][PASSED] - Text '12' is set on object 'Object Repository/RecAndPlayBk/Page-Vlink-AuthOnly/input_Card ex month_card_exmo'

2023-01-13 18:39:23 - [TEST_STEP][PASSED] - setText(findTestObject("Object Repository/RecAndPlayBk/Page-Vlink-AuthOnly/input_Card ex year_card_exyr"), exY): Text '2025' is set on object 'Object Repository/RecAndPlayBk/Page-Vlink-AuthOnly/input_Card ex year_card_exyr'

2023-01-13 18:39:24 - [MESSAGE][PASSED] - Text '2025' is set on object 'Object Repository/RecAndPlayBk/Page-Vlink-AuthOnly/input_Card ex year_card_exyr'

2023-01-13 18:39:24 - [TEST_STEP][PASSED] - setText(findTestObject("Object Repository/RecAndPlayBk/Page-Vlink-AuthOnly/input_Track Data_track_data"), ""): Text '' is set on object 'Object Repository/RecAndPlayBk/Page-Vlink-AuthOnly/input_Track Data_track_data'

2023-01-13 18:39:25 - [MESSAGE][PASSED] - Text '' is set on object 'Object Repository/RecAndPlayBk/Page-Vlink-AuthOnly/input_Track Data_track_data'

2023-01-13 18:39:25 - [TEST_STEP][PASSED] - setText(findTestObject("Object Repository/RecAndPlayBk/Page-Vlink-AuthOnly/input_concat(Cardholder, , s email)_email"), ""): Text '' is set on object 'Object Repository/RecAndPlayBk/Page-Vlink-AuthOnly/input_concat(Cardholder, , s email)_email'

2023-01-13 18:39:26 - [MESSAGE][PASSED] - Text '' is set on object 'Object Repository/RecAndPlayBk/Page-Vlink-AuthOnly/input_concat(Cardholder, , s email)_email'

2023-01-13 18:39:26 - [TEST_STEP][PASSED] - click(findTestObject("Object Repository/RecAndPlayBk/Page-Vlink-AuthOnly/input_user_defined10_user_defined10")): Object: 'Object Repository/RecAndPlayBk/Page-Vlink-AuthOnly/input_user_defined10_user_defined10' is clicked on

2023-01-13 18:39:26 - [MESSAGE][PASSED] - Object: 'Object Repository/RecAndPlayBk/Page-Vlink-AuthOnly/input_user_defined10_user_defined10' is clicked on

2023-01-13 18:39:26 - [TEST_STEP][PASSED] - setText(findTestObject("Object Repository/RecAndPlayBk/Page-Vlink-AuthOnly/input_Card on File Indicator_card_on_file_i_157dae"), ""): Text '' is set on object 'Object Repository/RecAndPlayBk/Page-Vlink-AuthOnly/input_Card on File Indicator_card_on_file_i_157dae'

2023-01-13 18:39:27 - [MESSAGE][PASSED] - Text '' is set on object 'Object Repository/RecAndPlayBk/Page-Vlink-AuthOnly/input_Card on File Indicator_card_on_file_i_157dae'

2023-01-13 18:39:27 - [TEST_STEP][PASSED] - setText(findTestObject("Object Repository/RecAndPlayBk/Page-Vlink-AuthOnly/input_Stored Credential Indicator_stored_cr_4ae73c"), ""): Text '' is set on object 'Object Repository/RecAndPlayBk/Page-Vlink-AuthOnly/input_Stored Credential Indicator_stored_cr_4ae73c'

2023-01-13 18:39:28 - [MESSAGE][PASSED] - Text '' is set on object 'Object Repository/RecAndPlayBk/Page-Vlink-AuthOnly/input_Stored Credential Indicator_stored_cr_4ae73c'

2023-01-13 18:39:28 - [TEST_STEP][PASSED] - setText(findTestObject("Object Repository/RecAndPlayBk/Page-Vlink-AuthOnly/input_COF Scheduled indicator_cof_scheduled_8df7d8"), ""): Text '' is set on object 'Object Repository/RecAndPlayBk/Page-Vlink-AuthOnly/input_COF Scheduled indicator_cof_scheduled_8df7d8'

2023-01-13 18:39:28 - [MESSAGE][PASSED] - Text '' is set on object 'Object Repository/RecAndPlayBk/Page-Vlink-AuthOnly/input_COF Scheduled indicator_cof_scheduled_8df7d8'

2023-01-13 18:39:28 - [TEST_STEP][PASSED] - setText(findTestObject("Object Repository/RecAndPlayBk/Page-Vlink-AuthOnly/input_COF Transaction Initiated by_cof_tran_6cded5"), ""): Text '' is set on object 'Object Repository/RecAndPlayBk/Page-Vlink-AuthOnly/input_COF Transaction Initiated by_cof_tran_6cded5'

2023-01-13 18:39:29 - [MESSAGE][PASSED] - Text '' is set on object 'Object Repository/RecAndPlayBk/Page-Vlink-AuthOnly/input_COF Transaction Initiated by_cof_tran_6cded5'

2023-01-13 18:39:29 - [TEST_STEP][PASSED] - click(findTestObject("Object Repository/RecAndPlayBk/Page-Vlink-AuthOnly/input")): Object: 'Object Repository/RecAndPlayBk/Page-Vlink-AuthOnly/input' is clicked on

2023-01-13 18:39:30 - [MESSAGE][PASSED] - Object: 'Object Repository/RecAndPlayBk/Page-Vlink-AuthOnly/input' is clicked on

2023-01-13 18:39:30 - [TEST_STEP][PASSED] - if (verifyTextPresent(errorMsg, true)): null

2023-01-13 18:39:30 - [MESSAGE][PASSED] - Text 'amount' is present on page  using regular expression

2023-01-13 18:39:30 - [TEST_STEP][PASSED] - println("Error Message is present on the Confirmation page"): null

2023-01-13 18:39:30 - [TEST_STEP][PASSED] - out.println("Pass Record Number: " + row): null

2023-01-13 18:39:30 - [TEST_STEP][PASSED] - resText = "Pass": null

2023-01-13 18:39:30 - [TEST_STEP][PASSED] - pages.WriteExcel.demoKey(resText, datText, resColumn, datCloumn, fileLoc, nameSheet, row): pages.WriteExcel.demoKey is PASSED

2023-01-13 18:39:30 - [MESSAGE][PASSED] - pages.WriteExcel.demoKey is PASSED

2023-01-13 18:39:30 - [TEST_STEP][PASSED] - ExecuteTC = findTestData(dataFile).getValue("Execute", row): null

2023-01-13 18:39:30 - [TEST_STEP][PASSED] - out.println("Value of Execute is : " + ExecuteTC): null

2023-01-13 18:39:30 - [TEST_STEP][PASSED] - if (ExecuteTC.equalsIgnoreCase("Y")): null

2023-01-13 18:39:30 - [TEST_STEP][PASSED] - out.println("Begin Record Number: " + row): null

2023-01-13 18:39:30 - [TEST_STEP][PASSED] - today = new java.util.Date(): null

2023-01-13 18:39:30 - [TEST_STEP][PASSED] - println(today): null

2023-01-13 18:39:30 - [TEST_STEP][PASSED] - datText = today: null

2023-01-13 18:39:30 - [TEST_STEP][PASSED] - errorMsg = findTestData(dataFile).getValue("ErrorMsg", row): null

2023-01-13 18:39:30 - [TEST_STEP][PASSED] - appID = findTestData(dataFile).getValue("AppID", row): null

2023-01-13 18:39:30 - [TEST_STEP][PASSED] - username = findTestData(dataFile).getValue("Username", row): null

2023-01-13 18:39:31 - [TEST_STEP][PASSED] - password = findTestData(dataFile).getValue("Password", row): null

2023-01-13 18:39:31 - [TEST_STEP][PASSED] - tranType = findTestData(dataFile).getValue("TranType", row): null

2023-01-13 18:39:31 - [TEST_STEP][PASSED] - mv = findTestData(dataFile).getValue("MV", row): null

2023-01-13 18:39:31 - [TEST_STEP][PASSED] - resFormat = findTestData(dataFile).getValue("ResFormat", row): null

2023-01-13 18:39:31 - [TEST_STEP][PASSED] - category = findTestData(dataFile).getValue("Category", row): null

2023-01-13 18:39:31 - [TEST_STEP][PASSED] - amount = findTestData(dataFile).getValue("Amount", row): null

2023-01-13 18:39:31 - [TEST_STEP][PASSED] - cardName = findTestData(dataFile).getValue("CardName", row): null

2023-01-13 18:39:31 - [TEST_STEP][PASSED] - al1 = findTestData(dataFile).getValue("AL1", row): null

2023-01-13 18:39:31 - [TEST_STEP][PASSED] - city = findTestData(dataFile).getValue("City", row): null

2023-01-13 18:39:31 - [TEST_STEP][PASSED] - state = findTestData(dataFile).getValue("State", row): null

2023-01-13 18:39:31 - [TEST_STEP][PASSED] - zip = findTestData(dataFile).getValue("ZIP", row): null

2023-01-13 18:39:31 - [TEST_STEP][PASSED] - cardNumber = findTestData(dataFile).getValue("CardNumber", row): null

2023-01-13 18:39:31 - [TEST_STEP][PASSED] - exM = findTestData(dataFile).getValue("ExM", row): null

2023-01-13 18:39:31 - [TEST_STEP][PASSED] - exY = findTestData(dataFile).getValue("ExY", row): null

2023-01-13 18:39:31 - [TEST_STEP][PASSED] - openBrowser(VLinkURL + "auth.html"): Browser is opened with url: 'https://dev-algorithm.govolution.com/vlinktest/QA/version_2_0/auth.html'

2023-01-13 18:39:31 - [MESSAGE][WARNING] - A browser is already opened. Closing browser and opening a new one

2023-01-13 18:39:32 - [MESSAGE][INFO] - Starting 'Chrome' driver

2023-01-13 18:39:32 - [MESSAGE][INFO] - User set preference: ['acceptInsecureCerts', 'true']

2023-01-13 18:39:32 - [MESSAGE][INFO] - Action delay is set to 0 milliseconds

2023-01-13 18:39:34 - [MESSAGE][PASSED] - Browser is opened with url: 'https://dev-algorithm.govolution.com/vlinktest/QA/version_2_0/auth.html'

2023-01-13 18:39:34 - [TEST_STEP][PASSED] - maximizeWindow(): Current window maximized

2023-01-13 18:39:34 - [MESSAGE][PASSED] - Current window maximized

2023-01-13 18:39:34 - [TEST_STEP][PASSED] - maximizeWindow(): Current window maximized

2023-01-13 18:39:34 - [MESSAGE][PASSED] - Current window maximized

2023-01-13 18:39:34 - [TEST_STEP][PASSED] - setText(findTestObject("Object Repository/RecAndPlayBk/Page-Vlink-AuthOnly/txt_TransactionType"), tranType): Text '104' is set on object 'Object Repository/RecAndPlayBk/Page-Vlink-AuthOnly/txt_TransactionType'

2023-01-13 18:39:35 - [MESSAGE][PASSED] - Text '104' is set on object 'Object Repository/RecAndPlayBk/Page-Vlink-AuthOnly/txt_TransactionType'

2023-01-13 18:39:35 - [TEST_STEP][PASSED] - setText(findTestObject("Object Repository/RecAndPlayBk/Page-Vlink-AuthOnly/txt_MessageVersion"), mv): Text '2.0C' is set on object 'Object Repository/RecAndPlayBk/Page-Vlink-AuthOnly/txt_MessageVersion'

2023-01-13 18:39:36 - [MESSAGE][PASSED] - Text '2.0C' is set on object 'Object Repository/RecAndPlayBk/Page-Vlink-AuthOnly/txt_MessageVersion'

2023-01-13 18:39:36 - [TEST_STEP][PASSED] - genRemID = RandomStringUtils.random(12, true, true): null

2023-01-13 18:39:36 - [TEST_STEP][PASSED] - setText(findTestObject("Object Repository/RecAndPlayBk/Page-Vlink-AuthOnly/input_Remittance Id_remittance_id"), genRemID): Text 'DK9SLhp3Wc4j' is set on object 'Object Repository/RecAndPlayBk/Page-Vlink-AuthOnly/input_Remittance Id_remittance_id'

2023-01-13 18:39:37 - [MESSAGE][PASSED] - Text 'DK9SLhp3Wc4j' is set on object 'Object Repository/RecAndPlayBk/Page-Vlink-AuthOnly/input_Remittance Id_remittance_id'

2023-01-13 18:39:37 - [TEST_STEP][PASSED] - setText(findTestObject("Object Repository/RecAndPlayBk/Page-Vlink-AuthOnly/input_Application Id_application_id"), appID): Text '234' is set on object 'Object Repository/RecAndPlayBk/Page-Vlink-AuthOnly/input_Application Id_application_id'

2023-01-13 18:39:38 - [MESSAGE][PASSED] - Text '234' is set on object 'Object Repository/RecAndPlayBk/Page-Vlink-AuthOnly/input_Application Id_application_id'

2023-01-13 18:39:38 - [TEST_STEP][PASSED] - setText(findTestObject("Object Repository/RecAndPlayBk/Page-Vlink-AuthOnly/input_Username_username"), username): Text 'username' is set on object 'Object Repository/RecAndPlayBk/Page-Vlink-AuthOnly/input_Username_username'

2023-01-13 18:39:39 - [MESSAGE][PASSED] - Text 'username' is set on object 'Object Repository/RecAndPlayBk/Page-Vlink-AuthOnly/input_Username_username'

2023-01-13 18:39:39 - [TEST_STEP][PASSED] - setText(findTestObject("Object Repository/RecAndPlayBk/Page-Vlink-AuthOnly/input_Password_password"), password): Text 'password' is set on object 'Object Repository/RecAndPlayBk/Page-Vlink-AuthOnly/input_Password_password'

2023-01-13 18:39:40 - [MESSAGE][PASSED] - Text 'password' is set on object 'Object Repository/RecAndPlayBk/Page-Vlink-AuthOnly/input_Password_password'

2023-01-13 18:39:40 - [TEST_STEP][PASSED] - setText(findTestObject("Object Repository/RecAndPlayBk/Page-Vlink-AuthOnly/txt_ResponseFormat"), resFormat): Text 'fixed_width' is set on object 'Object Repository/RecAndPlayBk/Page-Vlink-AuthOnly/txt_ResponseFormat'

2023-01-13 18:39:41 - [MESSAGE][PASSED] - Text 'fixed_width' is set on object 'Object Repository/RecAndPlayBk/Page-Vlink-AuthOnly/txt_ResponseFormat'

2023-01-13 18:39:41 - [TEST_STEP][PASSED] - setText(findTestObject("Object Repository/RecAndPlayBk/Page-Vlink-AuthOnly/input_Category_category"), category): Text 'RETL' is set on object 'Object Repository/RecAndPlayBk/Page-Vlink-AuthOnly/input_Category_category'

2023-01-13 18:39:41 - [MESSAGE][PASSED] - Text 'RETL' is set on object 'Object Repository/RecAndPlayBk/Page-Vlink-AuthOnly/input_Category_category'

2023-01-13 18:39:41 - [TEST_STEP][PASSED] - setText(findTestObject("Object Repository/RecAndPlayBk/Page-Vlink-AuthOnly/txt_CardName"), cardName): Text 'Kris Roshan' is set on object 'Object Repository/RecAndPlayBk/Page-Vlink-AuthOnly/txt_CardName'

2023-01-13 18:39:42 - [MESSAGE][PASSED] - Text 'Kris Roshan' is set on object 'Object Repository/RecAndPlayBk/Page-Vlink-AuthOnly/txt_CardName'

2023-01-13 18:39:42 - [TEST_STEP][PASSED] - setText(findTestObject("Object Repository/RecAndPlayBk/Page-Vlink-AuthOnly/txt_AL1"), al1): Text '258 Elm Road' is set on object 'Object Repository/RecAndPlayBk/Page-Vlink-AuthOnly/txt_AL1'

2023-01-13 18:39:43 - [MESSAGE][PASSED] - Text '258 Elm Road' is set on object 'Object Repository/RecAndPlayBk/Page-Vlink-AuthOnly/txt_AL1'

2023-01-13 18:39:43 - [TEST_STEP][PASSED] - setText(findTestObject("Object Repository/RecAndPlayBk/Page-Vlink-AuthOnly/txt_CardCity"), city): Text 'Arlington' is set on object 'Object Repository/RecAndPlayBk/Page-Vlink-AuthOnly/txt_CardCity'

2023-01-13 18:39:44 - [MESSAGE][PASSED] - Text 'Arlington' is set on object 'Object Repository/RecAndPlayBk/Page-Vlink-AuthOnly/txt_CardCity'

2023-01-13 18:39:44 - [TEST_STEP][PASSED] - setText(findTestObject("Object Repository/RecAndPlayBk/Page-Vlink-AuthOnly/txt_CardState"), state): Text 'VA' is set on object 'Object Repository/RecAndPlayBk/Page-Vlink-AuthOnly/txt_CardState'

2023-01-13 18:39:45 - [MESSAGE][PASSED] - Text 'VA' is set on object 'Object Repository/RecAndPlayBk/Page-Vlink-AuthOnly/txt_CardState'

2023-01-13 18:39:45 - [TEST_STEP][PASSED] - setText(findTestObject("Object Repository/RecAndPlayBk/Page-Vlink-AuthOnly/txt_CardZIP"), zip): Text '22201' is set on object 'Object Repository/RecAndPlayBk/Page-Vlink-AuthOnly/txt_CardZIP'

2023-01-13 18:39:45 - [MESSAGE][PASSED] - Text '22201' is set on object 'Object Repository/RecAndPlayBk/Page-Vlink-AuthOnly/txt_CardZIP'

2023-01-13 18:39:45 - [TEST_STEP][PASSED] - setText(findTestObject("Object Repository/RecAndPlayBk/Page-Vlink-AuthOnly/input_Amount_amount"), amount): Text '' is set on object 'Object Repository/RecAndPlayBk/Page-Vlink-AuthOnly/input_Amount_amount'

2023-01-13 18:39:46 - [MESSAGE][PASSED] - Text '' is set on object 'Object Repository/RecAndPlayBk/Page-Vlink-AuthOnly/input_Amount_amount'

2023-01-13 18:39:46 - [TEST_STEP][PASSED] - setText(findTestObject("Object Repository/RecAndPlayBk/Page-Vlink-AuthOnly/input_Card number_card_number"), cardNumber): Text '4111111111111111' is set on object 'Object Repository/RecAndPlayBk/Page-Vlink-AuthOnly/input_Card number_card_number'

2023-01-13 18:39:47 - [MESSAGE][PASSED] - Text '4111111111111111' is set on object 'Object Repository/RecAndPlayBk/Page-Vlink-AuthOnly/input_Card number_card_number'

2023-01-13 18:39:47 - [TEST_STEP][PASSED] - setText(findTestObject("Object Repository/RecAndPlayBk/Page-Vlink-AuthOnly/input_Card ex month_card_exmo"), exM): Text '12' is set on object 'Object Repository/RecAndPlayBk/Page-Vlink-AuthOnly/input_Card ex month_card_exmo'

2023-01-13 18:39:48 - [MESSAGE][PASSED] - Text '12' is set on object 'Object Repository/RecAndPlayBk/Page-Vlink-AuthOnly/input_Card ex month_card_exmo'

2023-01-13 18:39:48 - [TEST_STEP][PASSED] - setText(findTestObject("Object Repository/RecAndPlayBk/Page-Vlink-AuthOnly/input_Card ex year_card_exyr"), exY): Text '2025' is set on object 'Object Repository/RecAndPlayBk/Page-Vlink-AuthOnly/input_Card ex year_card_exyr'

2023-01-13 18:39:49 - [MESSAGE][PASSED] - Text '2025' is set on object 'Object Repository/RecAndPlayBk/Page-Vlink-AuthOnly/input_Card ex year_card_exyr'

2023-01-13 18:39:49 - [TEST_STEP][PASSED] - setText(findTestObject("Object Repository/RecAndPlayBk/Page-Vlink-AuthOnly/input_Track Data_track_data"), ""): Text '' is set on object 'Object Repository/RecAndPlayBk/Page-Vlink-AuthOnly/input_Track Data_track_data'

2023-01-13 18:39:50 - [MESSAGE][PASSED] - Text '' is set on object 'Object Repository/RecAndPlayBk/Page-Vlink-AuthOnly/input_Track Data_track_data'

2023-01-13 18:39:50 - [TEST_STEP][PASSED] - setText(findTestObject("Object Repository/RecAndPlayBk/Page-Vlink-AuthOnly/input_concat(Cardholder, , s email)_email"), ""): Text '' is set on object 'Object Repository/RecAndPlayBk/Page-Vlink-AuthOnly/input_concat(Cardholder, , s email)_email'

2023-01-13 18:39:51 - [MESSAGE][PASSED] - Text '' is set on object 'Object Repository/RecAndPlayBk/Page-Vlink-AuthOnly/input_concat(Cardholder, , s email)_email'

2023-01-13 18:39:51 - [TEST_STEP][PASSED] - click(findTestObject("Object Repository/RecAndPlayBk/Page-Vlink-AuthOnly/input_user_defined10_user_defined10")): Object: 'Object Repository/RecAndPlayBk/Page-Vlink-AuthOnly/input_user_defined10_user_defined10' is clicked on

2023-01-13 18:39:51 - [MESSAGE][PASSED] - Object: 'Object Repository/RecAndPlayBk/Page-Vlink-AuthOnly/input_user_defined10_user_defined10' is clicked on

2023-01-13 18:39:51 - [TEST_STEP][PASSED] - setText(findTestObject("Object Repository/RecAndPlayBk/Page-Vlink-AuthOnly/input_Card on File Indicator_card_on_file_i_157dae"), ""): Text '' is set on object 'Object Repository/RecAndPlayBk/Page-Vlink-AuthOnly/input_Card on File Indicator_card_on_file_i_157dae'

2023-01-13 18:39:52 - [MESSAGE][PASSED] - Text '' is set on object 'Object Repository/RecAndPlayBk/Page-Vlink-AuthOnly/input_Card on File Indicator_card_on_file_i_157dae'

2023-01-13 18:39:52 - [TEST_STEP][PASSED] - setText(findTestObject("Object Repository/RecAndPlayBk/Page-Vlink-AuthOnly/input_Stored Credential Indicator_stored_cr_4ae73c"), ""): Text '' is set on object 'Object Repository/RecAndPlayBk/Page-Vlink-AuthOnly/input_Stored Credential Indicator_stored_cr_4ae73c'

2023-01-13 18:39:53 - [MESSAGE][PASSED] - Text '' is set on object 'Object Repository/RecAndPlayBk/Page-Vlink-AuthOnly/input_Stored Credential Indicator_stored_cr_4ae73c'

2023-01-13 18:39:53 - [TEST_STEP][PASSED] - setText(findTestObject("Object Repository/RecAndPlayBk/Page-Vlink-AuthOnly/input_COF Scheduled indicator_cof_scheduled_8df7d8"), ""): Text '' is set on object 'Object Repository/RecAndPlayBk/Page-Vlink-AuthOnly/input_COF Scheduled indicator_cof_scheduled_8df7d8'

2023-01-13 18:39:54 - [MESSAGE][PASSED] - Text '' is set on object 'Object Repository/RecAndPlayBk/Page-Vlink-AuthOnly/input_COF Scheduled indicator_cof_scheduled_8df7d8'

2023-01-13 18:39:54 - [TEST_STEP][PASSED] - setText(findTestObject("Object Repository/RecAndPlayBk/Page-Vlink-AuthOnly/input_COF Transaction Initiated by_cof_tran_6cded5"), ""): Text '' is set on object 'Object Repository/RecAndPlayBk/Page-Vlink-AuthOnly/input_COF Transaction Initiated by_cof_tran_6cded5'

2023-01-13 18:39:55 - [MESSAGE][PASSED] - Text '' is set on object 'Object Repository/RecAndPlayBk/Page-Vlink-AuthOnly/input_COF Transaction Initiated by_cof_tran_6cded5'

2023-01-13 18:39:55 - [TEST_STEP][PASSED] - click(findTestObject("Object Repository/RecAndPlayBk/Page-Vlink-AuthOnly/input")): Object: 'Object Repository/RecAndPlayBk/Page-Vlink-AuthOnly/input' is clicked on

2023-01-13 18:39:55 - [MESSAGE][PASSED] - Object: 'Object Repository/RecAndPlayBk/Page-Vlink-AuthOnly/input' is clicked on

2023-01-13 18:39:55 - [TEST_STEP][PASSED] - if (verifyTextPresent(errorMsg, true)): null

2023-01-13 18:39:56 - [MESSAGE][PASSED] - Text 'amount' is present on page  using regular expression

2023-01-13 18:39:56 - [TEST_STEP][PASSED] - println("Error Message is present on the Confirmation page"): null

2023-01-13 18:39:56 - [TEST_STEP][PASSED] - out.println("Pass Record Number: " + row): null

2023-01-13 18:39:56 - [TEST_STEP][PASSED] - resText = "Pass": null

2023-01-13 18:39:56 - [TEST_STEP][PASSED] - pages.WriteExcel.demoKey(resText, datText, resColumn, datCloumn, fileLoc, nameSheet, row): pages.WriteExcel.demoKey is PASSED

2023-01-13 18:39:56 - [MESSAGE][PASSED] - pages.WriteExcel.demoKey is PASSED

2023-01-13 18:39:56 - [TEST_STEP][PASSED] - ExecuteTC = findTestData(dataFile).getValue("Execute", row): null

2023-01-13 18:39:56 - [TEST_STEP][PASSED] - out.println("Value of Execute is : " + ExecuteTC): null

2023-01-13 18:39:56 - [TEST_STEP][PASSED] - if (ExecuteTC.equalsIgnoreCase("Y")): null

2023-01-13 18:39:56 - [TEST_STEP][PASSED] - out.println("Begin Record Number: " + row): null

2023-01-13 18:39:56 - [TEST_STEP][PASSED] - today = new java.util.Date(): null

2023-01-13 18:39:56 - [TEST_STEP][PASSED] - println(today): null

2023-01-13 18:39:56 - [TEST_STEP][PASSED] - datText = today: null

2023-01-13 18:39:56 - [TEST_STEP][PASSED] - errorMsg = findTestData(dataFile).getValue("ErrorMsg", row): null

2023-01-13 18:39:56 - [TEST_STEP][PASSED] - appID = findTestData(dataFile).getValue("AppID", row): null

2023-01-13 18:39:56 - [TEST_STEP][PASSED] - username = findTestData(dataFile).getValue("Username", row): null

2023-01-13 18:39:56 - [TEST_STEP][PASSED] - password = findTestData(dataFile).getValue("Password", row): null

2023-01-13 18:39:56 - [TEST_STEP][PASSED] - tranType = findTestData(dataFile).getValue("TranType", row): null

2023-01-13 18:39:56 - [TEST_STEP][PASSED] - mv = findTestData(dataFile).getValue("MV", row): null

2023-01-13 18:39:56 - [TEST_STEP][PASSED] - resFormat = findTestData(dataFile).getValue("ResFormat", row): null

2023-01-13 18:39:56 - [TEST_STEP][PASSED] - category = findTestData(dataFile).getValue("Category", row): null

2023-01-13 18:39:56 - [TEST_STEP][PASSED] - amount = findTestData(dataFile).getValue("Amount", row): null

2023-01-13 18:39:57 - [TEST_STEP][PASSED] - cardName = findTestData(dataFile).getValue("CardName", row): null

2023-01-13 18:39:57 - [TEST_STEP][PASSED] - al1 = findTestData(dataFile).getValue("AL1", row): null

2023-01-13 18:39:57 - [TEST_STEP][PASSED] - city = findTestData(dataFile).getValue("City", row): null

2023-01-13 18:39:57 - [TEST_STEP][PASSED] - state = findTestData(dataFile).getValue("State", row): null

2023-01-13 18:39:57 - [TEST_STEP][PASSED] - zip = findTestData(dataFile).getValue("ZIP", row): null

2023-01-13 18:39:57 - [TEST_STEP][PASSED] - cardNumber = findTestData(dataFile).getValue("CardNumber", row): null

2023-01-13 18:39:57 - [TEST_STEP][PASSED] - exM = findTestData(dataFile).getValue("ExM", row): null

2023-01-13 18:39:57 - [TEST_STEP][PASSED] - exY = findTestData(dataFile).getValue("ExY", row): null

2023-01-13 18:39:57 - [TEST_STEP][PASSED] - openBrowser(VLinkURL + "auth.html"): Browser is opened with url: 'https://dev-algorithm.govolution.com/vlinktest/QA/version_2_0/auth.html'

2023-01-13 18:39:57 - [MESSAGE][WARNING] - A browser is already opened. Closing browser and opening a new one

2023-01-13 18:39:58 - [MESSAGE][INFO] - Starting 'Chrome' driver

2023-01-13 18:39:58 - [MESSAGE][INFO] - User set preference: ['acceptInsecureCerts', 'true']

2023-01-13 18:39:58 - [MESSAGE][INFO] - Action delay is set to 0 milliseconds

2023-01-13 18:40:00 - [MESSAGE][PASSED] - Browser is opened with url: 'https://dev-algorithm.govolution.com/vlinktest/QA/version_2_0/auth.html'

2023-01-13 18:40:00 - [TEST_STEP][PASSED] - maximizeWindow(): Current window maximized

2023-01-13 18:40:00 - [MESSAGE][PASSED] - Current window maximized

2023-01-13 18:40:00 - [TEST_STEP][PASSED] - maximizeWindow(): Current window maximized

2023-01-13 18:40:00 - [MESSAGE][PASSED] - Current window maximized

2023-01-13 18:40:00 - [TEST_STEP][PASSED] - setText(findTestObject("Object Repository/RecAndPlayBk/Page-Vlink-AuthOnly/txt_TransactionType"), tranType): Text '104' is set on object 'Object Repository/RecAndPlayBk/Page-Vlink-AuthOnly/txt_TransactionType'

2023-01-13 18:40:01 - [MESSAGE][PASSED] - Text '104' is set on object 'Object Repository/RecAndPlayBk/Page-Vlink-AuthOnly/txt_TransactionType'

2023-01-13 18:40:01 - [TEST_STEP][PASSED] - setText(findTestObject("Object Repository/RecAndPlayBk/Page-Vlink-AuthOnly/txt_MessageVersion"), mv): Text '2.0C' is set on object 'Object Repository/RecAndPlayBk/Page-Vlink-AuthOnly/txt_MessageVersion'

2023-01-13 18:40:02 - [MESSAGE][PASSED] - Text '2.0C' is set on object 'Object Repository/RecAndPlayBk/Page-Vlink-AuthOnly/txt_MessageVersion'

2023-01-13 18:40:02 - [TEST_STEP][PASSED] - genRemID = RandomStringUtils.random(12, true, true): null

2023-01-13 18:40:02 - [TEST_STEP][PASSED] - setText(findTestObject("Object Repository/RecAndPlayBk/Page-Vlink-AuthOnly/input_Remittance Id_remittance_id"), genRemID): Text 'Q5IjC1Oy88mu' is set on object 'Object Repository/RecAndPlayBk/Page-Vlink-AuthOnly/input_Remittance Id_remittance_id'

2023-01-13 18:40:03 - [MESSAGE][PASSED] - Text 'Q5IjC1Oy88mu' is set on object 'Object Repository/RecAndPlayBk/Page-Vlink-AuthOnly/input_Remittance Id_remittance_id'

2023-01-13 18:40:03 - [TEST_STEP][PASSED] - setText(findTestObject("Object Repository/RecAndPlayBk/Page-Vlink-AuthOnly/input_Application Id_application_id"), appID): Text '234' is set on object 'Object Repository/RecAndPlayBk/Page-Vlink-AuthOnly/input_Application Id_application_id'

2023-01-13 18:40:04 - [MESSAGE][PASSED] - Text '234' is set on object 'Object Repository/RecAndPlayBk/Page-Vlink-AuthOnly/input_Application Id_application_id'

2023-01-13 18:40:04 - [TEST_STEP][PASSED] - setText(findTestObject("Object Repository/RecAndPlayBk/Page-Vlink-AuthOnly/input_Username_username"), username): Text 'username' is set on object 'Object Repository/RecAndPlayBk/Page-Vlink-AuthOnly/input_Username_username'

2023-01-13 18:40:04 - [MESSAGE][PASSED] - Text 'username' is set on object 'Object Repository/RecAndPlayBk/Page-Vlink-AuthOnly/input_Username_username'

2023-01-13 18:40:04 - [TEST_STEP][PASSED] - setText(findTestObject("Object Repository/RecAndPlayBk/Page-Vlink-AuthOnly/input_Password_password"), password): Text 'password' is set on object 'Object Repository/RecAndPlayBk/Page-Vlink-AuthOnly/input_Password_password'

2023-01-13 18:40:05 - [MESSAGE][PASSED] - Text 'password' is set on object 'Object Repository/RecAndPlayBk/Page-Vlink-AuthOnly/input_Password_password'

2023-01-13 18:40:05 - [TEST_STEP][PASSED] - setText(findTestObject("Object Repository/RecAndPlayBk/Page-Vlink-AuthOnly/txt_ResponseFormat"), resFormat): Text 'fixed_width' is set on object 'Object Repository/RecAndPlayBk/Page-Vlink-AuthOnly/txt_ResponseFormat'

2023-01-13 18:40:06 - [MESSAGE][PASSED] - Text 'fixed_width' is set on object 'Object Repository/RecAndPlayBk/Page-Vlink-AuthOnly/txt_ResponseFormat'

2023-01-13 18:40:06 - [TEST_STEP][PASSED] - setText(findTestObject("Object Repository/RecAndPlayBk/Page-Vlink-AuthOnly/input_Category_category"), category): Text 'ECOM' is set on object 'Object Repository/RecAndPlayBk/Page-Vlink-AuthOnly/input_Category_category'

2023-01-13 18:40:07 - [MESSAGE][PASSED] - Text 'ECOM' is set on object 'Object Repository/RecAndPlayBk/Page-Vlink-AuthOnly/input_Category_category'

2023-01-13 18:40:07 - [TEST_STEP][PASSED] - setText(findTestObject("Object Repository/RecAndPlayBk/Page-Vlink-AuthOnly/txt_CardName"), cardName): Text 'Kris Roshan' is set on object 'Object Repository/RecAndPlayBk/Page-Vlink-AuthOnly/txt_CardName'

2023-01-13 18:40:08 - [MESSAGE][PASSED] - Text 'Kris Roshan' is set on object 'Object Repository/RecAndPlayBk/Page-Vlink-AuthOnly/txt_CardName'

2023-01-13 18:40:08 - [TEST_STEP][PASSED] - setText(findTestObject("Object Repository/RecAndPlayBk/Page-Vlink-AuthOnly/txt_AL1"), al1): Text '258 Elm Road' is set on object 'Object Repository/RecAndPlayBk/Page-Vlink-AuthOnly/txt_AL1'

2023-01-13 18:40:09 - [MESSAGE][PASSED] - Text '258 Elm Road' is set on object 'Object Repository/RecAndPlayBk/Page-Vlink-AuthOnly/txt_AL1'

2023-01-13 18:40:09 - [TEST_STEP][PASSED] - setText(findTestObject("Object Repository/RecAndPlayBk/Page-Vlink-AuthOnly/txt_CardCity"), city): Text 'Arlington' is set on object 'Object Repository/RecAndPlayBk/Page-Vlink-AuthOnly/txt_CardCity'

2023-01-13 18:40:10 - [MESSAGE][PASSED] - Text 'Arlington' is set on object 'Object Repository/RecAndPlayBk/Page-Vlink-AuthOnly/txt_CardCity'

2023-01-13 18:40:10 - [TEST_STEP][PASSED] - setText(findTestObject("Object Repository/RecAndPlayBk/Page-Vlink-AuthOnly/txt_CardState"), state): Text 'VA' is set on object 'Object Repository/RecAndPlayBk/Page-Vlink-AuthOnly/txt_CardState'

2023-01-13 18:40:10 - [MESSAGE][PASSED] - Text 'VA' is set on object 'Object Repository/RecAndPlayBk/Page-Vlink-AuthOnly/txt_CardState'

2023-01-13 18:40:10 - [TEST_STEP][PASSED] - setText(findTestObject("Object Repository/RecAndPlayBk/Page-Vlink-AuthOnly/txt_CardZIP"), zip): Text '22201' is set on object 'Object Repository/RecAndPlayBk/Page-Vlink-AuthOnly/txt_CardZIP'

2023-01-13 18:40:11 - [MESSAGE][PASSED] - Text '22201' is set on object 'Object Repository/RecAndPlayBk/Page-Vlink-AuthOnly/txt_CardZIP'

2023-01-13 18:40:11 - [TEST_STEP][PASSED] - setText(findTestObject("Object Repository/RecAndPlayBk/Page-Vlink-AuthOnly/input_Amount_amount"), amount): Text '1.50' is set on object 'Object Repository/RecAndPlayBk/Page-Vlink-AuthOnly/input_Amount_amount'

2023-01-13 18:40:12 - [MESSAGE][PASSED] - Text '1.50' is set on object 'Object Repository/RecAndPlayBk/Page-Vlink-AuthOnly/input_Amount_amount'

2023-01-13 18:40:12 - [TEST_STEP][PASSED] - setText(findTestObject("Object Repository/RecAndPlayBk/Page-Vlink-AuthOnly/input_Card number_card_number"), cardNumber): Text '' is set on object 'Object Repository/RecAndPlayBk/Page-Vlink-AuthOnly/input_Card number_card_number'

2023-01-13 18:40:13 - [MESSAGE][PASSED] - Text '' is set on object 'Object Repository/RecAndPlayBk/Page-Vlink-AuthOnly/input_Card number_card_number'

2023-01-13 18:40:13 - [TEST_STEP][PASSED] - setText(findTestObject("Object Repository/RecAndPlayBk/Page-Vlink-AuthOnly/input_Card ex month_card_exmo"), exM): Text '12' is set on object 'Object Repository/RecAndPlayBk/Page-Vlink-AuthOnly/input_Card ex month_card_exmo'

2023-01-13 18:40:14 - [MESSAGE][PASSED] - Text '12' is set on object 'Object Repository/RecAndPlayBk/Page-Vlink-AuthOnly/input_Card ex month_card_exmo'

2023-01-13 18:40:14 - [TEST_STEP][PASSED] - setText(findTestObject("Object Repository/RecAndPlayBk/Page-Vlink-AuthOnly/input_Card ex year_card_exyr"), exY): Text '2025' is set on object 'Object Repository/RecAndPlayBk/Page-Vlink-AuthOnly/input_Card ex year_card_exyr'

2023-01-13 18:40:15 - [MESSAGE][PASSED] - Text '2025' is set on object 'Object Repository/RecAndPlayBk/Page-Vlink-AuthOnly/input_Card ex year_card_exyr'

2023-01-13 18:40:15 - [TEST_STEP][PASSED] - setText(findTestObject("Object Repository/RecAndPlayBk/Page-Vlink-AuthOnly/input_Track Data_track_data"), ""): Text '' is set on object 'Object Repository/RecAndPlayBk/Page-Vlink-AuthOnly/input_Track Data_track_data'

2023-01-13 18:40:15 - [MESSAGE][PASSED] - Text '' is set on object 'Object Repository/RecAndPlayBk/Page-Vlink-AuthOnly/input_Track Data_track_data'

2023-01-13 18:40:15 - [TEST_STEP][PASSED] - setText(findTestObject("Object Repository/RecAndPlayBk/Page-Vlink-AuthOnly/input_concat(Cardholder, , s email)_email"), ""): Text '' is set on object 'Object Repository/RecAndPlayBk/Page-Vlink-AuthOnly/input_concat(Cardholder, , s email)_email'

2023-01-13 18:40:16 - [MESSAGE][PASSED] - Text '' is set on object 'Object Repository/RecAndPlayBk/Page-Vlink-AuthOnly/input_concat(Cardholder, , s email)_email'

2023-01-13 18:40:16 - [TEST_STEP][PASSED] - click(findTestObject("Object Repository/RecAndPlayBk/Page-Vlink-AuthOnly/input_user_defined10_user_defined10")): Object: 'Object Repository/RecAndPlayBk/Page-Vlink-AuthOnly/input_user_defined10_user_defined10' is clicked on

2023-01-13 18:40:17 - [MESSAGE][PASSED] - Object: 'Object Repository/RecAndPlayBk/Page-Vlink-AuthOnly/input_user_defined10_user_defined10' is clicked on

2023-01-13 18:40:17 - [TEST_STEP][PASSED] - setText(findTestObject("Object Repository/RecAndPlayBk/Page-Vlink-AuthOnly/input_Card on File Indicator_card_on_file_i_157dae"), ""): Text '' is set on object 'Object Repository/RecAndPlayBk/Page-Vlink-AuthOnly/input_Card on File Indicator_card_on_file_i_157dae'

2023-01-13 18:40:17 - [MESSAGE][PASSED] - Text '' is set on object 'Object Repository/RecAndPlayBk/Page-Vlink-AuthOnly/input_Card on File Indicator_card_on_file_i_157dae'

2023-01-13 18:40:17 - [TEST_STEP][PASSED] - setText(findTestObject("Object Repository/RecAndPlayBk/Page-Vlink-AuthOnly/input_Stored Credential Indicator_stored_cr_4ae73c"), ""): Text '' is set on object 'Object Repository/RecAndPlayBk/Page-Vlink-AuthOnly/input_Stored Credential Indicator_stored_cr_4ae73c'

2023-01-13 18:40:18 - [MESSAGE][PASSED] - Text '' is set on object 'Object Repository/RecAndPlayBk/Page-Vlink-AuthOnly/input_Stored Credential Indicator_stored_cr_4ae73c'

2023-01-13 18:40:18 - [TEST_STEP][PASSED] - setText(findTestObject("Object Repository/RecAndPlayBk/Page-Vlink-AuthOnly/input_COF Scheduled indicator_cof_scheduled_8df7d8"), ""): Text '' is set on object 'Object Repository/RecAndPlayBk/Page-Vlink-AuthOnly/input_COF Scheduled indicator_cof_scheduled_8df7d8'

2023-01-13 18:40:19 - [MESSAGE][PASSED] - Text '' is set on object 'Object Repository/RecAndPlayBk/Page-Vlink-AuthOnly/input_COF Scheduled indicator_cof_scheduled_8df7d8'

2023-01-13 18:40:19 - [TEST_STEP][PASSED] - setText(findTestObject("Object Repository/RecAndPlayBk/Page-Vlink-AuthOnly/input_COF Transaction Initiated by_cof_tran_6cded5"), ""): Text '' is set on object 'Object Repository/RecAndPlayBk/Page-Vlink-AuthOnly/input_COF Transaction Initiated by_cof_tran_6cded5'

2023-01-13 18:40:20 - [MESSAGE][PASSED] - Text '' is set on object 'Object Repository/RecAndPlayBk/Page-Vlink-AuthOnly/input_COF Transaction Initiated by_cof_tran_6cded5'

2023-01-13 18:40:20 - [TEST_STEP][PASSED] - click(findTestObject("Object Repository/RecAndPlayBk/Page-Vlink-AuthOnly/input")): Object: 'Object Repository/RecAndPlayBk/Page-Vlink-AuthOnly/input' is clicked on

2023-01-13 18:40:20 - [MESSAGE][PASSED] - Object: 'Object Repository/RecAndPlayBk/Page-Vlink-AuthOnly/input' is clicked on

2023-01-13 18:40:20 - [TEST_STEP][PASSED] - if (verifyTextPresent(errorMsg, true)): null

2023-01-13 18:40:21 - [MESSAGE][PASSED] - Text 'card_number' is present on page  using regular expression

2023-01-13 18:40:21 - [TEST_STEP][PASSED] - println("Error Message is present on the Confirmation page"): null

2023-01-13 18:40:21 - [TEST_STEP][PASSED] - out.println("Pass Record Number: " + row): null

2023-01-13 18:40:21 - [TEST_STEP][PASSED] - resText = "Pass": null

2023-01-13 18:40:21 - [TEST_STEP][PASSED] - pages.WriteExcel.demoKey(resText, datText, resColumn, datCloumn, fileLoc, nameSheet, row): pages.WriteExcel.demoKey is PASSED

2023-01-13 18:40:21 - [MESSAGE][PASSED] - pages.WriteExcel.demoKey is PASSED

2023-01-13 18:40:21 - [TEST_STEP][PASSED] - ExecuteTC = findTestData(dataFile).getValue("Execute", row): null

2023-01-13 18:40:21 - [TEST_STEP][PASSED] - out.println("Value of Execute is : " + ExecuteTC): null

2023-01-13 18:40:21 - [TEST_STEP][PASSED] - if (ExecuteTC.equalsIgnoreCase("Y")): null

2023-01-13 18:40:21 - [TEST_STEP][PASSED] - out.println("Begin Record Number: " + row): null

2023-01-13 18:40:21 - [TEST_STEP][PASSED] - today = new java.util.Date(): null

2023-01-13 18:40:21 - [TEST_STEP][PASSED] - println(today): null

2023-01-13 18:40:21 - [TEST_STEP][PASSED] - datText = today: null

2023-01-13 18:40:21 - [TEST_STEP][PASSED] - errorMsg = findTestData(dataFile).getValue("ErrorMsg", row): null

2023-01-13 18:40:21 - [TEST_STEP][PASSED] - appID = findTestData(dataFile).getValue("AppID", row): null

2023-01-13 18:40:21 - [TEST_STEP][PASSED] - username = findTestData(dataFile).getValue("Username", row): null

2023-01-13 18:40:21 - [TEST_STEP][PASSED] - password = findTestData(dataFile).getValue("Password", row): null

2023-01-13 18:40:21 - [TEST_STEP][PASSED] - tranType = findTestData(dataFile).getValue("TranType", row): null

2023-01-13 18:40:21 - [TEST_STEP][PASSED] - mv = findTestData(dataFile).getValue("MV", row): null

2023-01-13 18:40:21 - [TEST_STEP][PASSED] - resFormat = findTestData(dataFile).getValue("ResFormat", row): null

2023-01-13 18:40:21 - [TEST_STEP][PASSED] - category = findTestData(dataFile).getValue("Category", row): null

2023-01-13 18:40:22 - [TEST_STEP][PASSED] - amount = findTestData(dataFile).getValue("Amount", row): null

2023-01-13 18:40:22 - [TEST_STEP][PASSED] - cardName = findTestData(dataFile).getValue("CardName", row): null

2023-01-13 18:40:22 - [TEST_STEP][PASSED] - al1 = findTestData(dataFile).getValue("AL1", row): null

2023-01-13 18:40:22 - [TEST_STEP][PASSED] - city = findTestData(dataFile).getValue("City", row): null

2023-01-13 18:40:22 - [TEST_STEP][PASSED] - state = findTestData(dataFile).getValue("State", row): null

2023-01-13 18:40:22 - [TEST_STEP][PASSED] - zip = findTestData(dataFile).getValue("ZIP", row): null

2023-01-13 18:40:22 - [TEST_STEP][PASSED] - cardNumber = findTestData(dataFile).getValue("CardNumber", row): null

2023-01-13 18:40:22 - [TEST_STEP][PASSED] - exM = findTestData(dataFile).getValue("ExM", row): null

2023-01-13 18:40:22 - [TEST_STEP][PASSED] - exY = findTestData(dataFile).getValue("ExY", row): null

2023-01-13 18:40:22 - [TEST_STEP][PASSED] - openBrowser(VLinkURL + "auth.html"): Browser is opened with url: 'https://dev-algorithm.govolution.com/vlinktest/QA/version_2_0/auth.html'

2023-01-13 18:40:22 - [MESSAGE][WARNING] - A browser is already opened. Closing browser and opening a new one

2023-01-13 18:40:23 - [MESSAGE][INFO] - Starting 'Chrome' driver

2023-01-13 18:40:23 - [MESSAGE][INFO] - User set preference: ['acceptInsecureCerts', 'true']

2023-01-13 18:40:23 - [MESSAGE][INFO] - Action delay is set to 0 milliseconds

2023-01-13 18:40:25 - [MESSAGE][PASSED] - Browser is opened with url: 'https://dev-algorithm.govolution.com/vlinktest/QA/version_2_0/auth.html'

2023-01-13 18:40:25 - [TEST_STEP][PASSED] - maximizeWindow(): Current window maximized

2023-01-13 18:40:25 - [MESSAGE][PASSED] - Current window maximized

2023-01-13 18:40:25 - [TEST_STEP][PASSED] - maximizeWindow(): Current window maximized

2023-01-13 18:40:25 - [MESSAGE][PASSED] - Current window maximized

2023-01-13 18:40:25 - [TEST_STEP][PASSED] - setText(findTestObject("Object Repository/RecAndPlayBk/Page-Vlink-AuthOnly/txt_TransactionType"), tranType): Text '104' is set on object 'Object Repository/RecAndPlayBk/Page-Vlink-AuthOnly/txt_TransactionType'

2023-01-13 18:40:26 - [MESSAGE][PASSED] - Text '104' is set on object 'Object Repository/RecAndPlayBk/Page-Vlink-AuthOnly/txt_TransactionType'

2023-01-13 18:40:26 - [TEST_STEP][PASSED] - setText(findTestObject("Object Repository/RecAndPlayBk/Page-Vlink-AuthOnly/txt_MessageVersion"), mv): Text '2.0C' is set on object 'Object Repository/RecAndPlayBk/Page-Vlink-AuthOnly/txt_MessageVersion'

2023-01-13 18:40:27 - [MESSAGE][PASSED] - Text '2.0C' is set on object 'Object Repository/RecAndPlayBk/Page-Vlink-AuthOnly/txt_MessageVersion'

2023-01-13 18:40:27 - [TEST_STEP][PASSED] - genRemID = RandomStringUtils.random(12, true, true): null

2023-01-13 18:40:27 - [TEST_STEP][PASSED] - setText(findTestObject("Object Repository/RecAndPlayBk/Page-Vlink-AuthOnly/input_Remittance Id_remittance_id"), genRemID): Text 'Eojxvk18AvlK' is set on object 'Object Repository/RecAndPlayBk/Page-Vlink-AuthOnly/input_Remittance Id_remittance_id'

2023-01-13 18:40:28 - [MESSAGE][PASSED] - Text 'Eojxvk18AvlK' is set on object 'Object Repository/RecAndPlayBk/Page-Vlink-AuthOnly/input_Remittance Id_remittance_id'

2023-01-13 18:40:28 - [TEST_STEP][PASSED] - setText(findTestObject("Object Repository/RecAndPlayBk/Page-Vlink-AuthOnly/input_Application Id_application_id"), appID): Text '234' is set on object 'Object Repository/RecAndPlayBk/Page-Vlink-AuthOnly/input_Application Id_application_id'

2023-01-13 18:40:29 - [MESSAGE][PASSED] - Text '234' is set on object 'Object Repository/RecAndPlayBk/Page-Vlink-AuthOnly/input_Application Id_application_id'

2023-01-13 18:40:29 - [TEST_STEP][PASSED] - setText(findTestObject("Object Repository/RecAndPlayBk/Page-Vlink-AuthOnly/input_Username_username"), username): Text 'username' is set on object 'Object Repository/RecAndPlayBk/Page-Vlink-AuthOnly/input_Username_username'

2023-01-13 18:40:30 - [MESSAGE][PASSED] - Text 'username' is set on object 'Object Repository/RecAndPlayBk/Page-Vlink-AuthOnly/input_Username_username'

2023-01-13 18:40:30 - [TEST_STEP][PASSED] - setText(findTestObject("Object Repository/RecAndPlayBk/Page-Vlink-AuthOnly/input_Password_password"), password): Text 'password' is set on object 'Object Repository/RecAndPlayBk/Page-Vlink-AuthOnly/input_Password_password'

2023-01-13 18:40:31 - [MESSAGE][PASSED] - Text 'password' is set on object 'Object Repository/RecAndPlayBk/Page-Vlink-AuthOnly/input_Password_password'

2023-01-13 18:40:31 - [TEST_STEP][PASSED] - setText(findTestObject("Object Repository/RecAndPlayBk/Page-Vlink-AuthOnly/txt_ResponseFormat"), resFormat): Text 'fixed_width' is set on object 'Object Repository/RecAndPlayBk/Page-Vlink-AuthOnly/txt_ResponseFormat'

2023-01-13 18:40:31 - [MESSAGE][PASSED] - Text 'fixed_width' is set on object 'Object Repository/RecAndPlayBk/Page-Vlink-AuthOnly/txt_ResponseFormat'

2023-01-13 18:40:31 - [TEST_STEP][PASSED] - setText(findTestObject("Object Repository/RecAndPlayBk/Page-Vlink-AuthOnly/input_Category_category"), category): Text 'MOTO' is set on object 'Object Repository/RecAndPlayBk/Page-Vlink-AuthOnly/input_Category_category'

2023-01-13 18:40:32 - [MESSAGE][PASSED] - Text 'MOTO' is set on object 'Object Repository/RecAndPlayBk/Page-Vlink-AuthOnly/input_Category_category'

2023-01-13 18:40:32 - [TEST_STEP][PASSED] - setText(findTestObject("Object Repository/RecAndPlayBk/Page-Vlink-AuthOnly/txt_CardName"), cardName): Text 'Kris Roshan' is set on object 'Object Repository/RecAndPlayBk/Page-Vlink-AuthOnly/txt_CardName'

2023-01-13 18:40:33 - [MESSAGE][PASSED] - Text 'Kris Roshan' is set on object 'Object Repository/RecAndPlayBk/Page-Vlink-AuthOnly/txt_CardName'

2023-01-13 18:40:33 - [TEST_STEP][PASSED] - setText(findTestObject("Object Repository/RecAndPlayBk/Page-Vlink-AuthOnly/txt_AL1"), al1): Text '258 Elm Road' is set on object 'Object Repository/RecAndPlayBk/Page-Vlink-AuthOnly/txt_AL1'

2023-01-13 18:40:34 - [MESSAGE][PASSED] - Text '258 Elm Road' is set on object 'Object Repository/RecAndPlayBk/Page-Vlink-AuthOnly/txt_AL1'

2023-01-13 18:40:34 - [TEST_STEP][PASSED] - setText(findTestObject("Object Repository/RecAndPlayBk/Page-Vlink-AuthOnly/txt_CardCity"), city): Text 'Arlington' is set on object 'Object Repository/RecAndPlayBk/Page-Vlink-AuthOnly/txt_CardCity'

2023-01-13 18:40:35 - [MESSAGE][PASSED] - Text 'Arlington' is set on object 'Object Repository/RecAndPlayBk/Page-Vlink-AuthOnly/txt_CardCity'

2023-01-13 18:40:35 - [TEST_STEP][PASSED] - setText(findTestObject("Object Repository/RecAndPlayBk/Page-Vlink-AuthOnly/txt_CardState"), state): Text 'VA' is set on object 'Object Repository/RecAndPlayBk/Page-Vlink-AuthOnly/txt_CardState'

2023-01-13 18:40:36 - [MESSAGE][PASSED] - Text 'VA' is set on object 'Object Repository/RecAndPlayBk/Page-Vlink-AuthOnly/txt_CardState'

2023-01-13 18:40:36 - [TEST_STEP][PASSED] - setText(findTestObject("Object Repository/RecAndPlayBk/Page-Vlink-AuthOnly/txt_CardZIP"), zip): Text '22201' is set on object 'Object Repository/RecAndPlayBk/Page-Vlink-AuthOnly/txt_CardZIP'

2023-01-13 18:40:36 - [MESSAGE][PASSED] - Text '22201' is set on object 'Object Repository/RecAndPlayBk/Page-Vlink-AuthOnly/txt_CardZIP'

2023-01-13 18:40:36 - [TEST_STEP][PASSED] - setText(findTestObject("Object Repository/RecAndPlayBk/Page-Vlink-AuthOnly/input_Amount_amount"), amount): Text '1.50' is set on object 'Object Repository/RecAndPlayBk/Page-Vlink-AuthOnly/input_Amount_amount'

2023-01-13 18:40:37 - [MESSAGE][PASSED] - Text '1.50' is set on object 'Object Repository/RecAndPlayBk/Page-Vlink-AuthOnly/input_Amount_amount'

2023-01-13 18:40:37 - [TEST_STEP][PASSED] - setText(findTestObject("Object Repository/RecAndPlayBk/Page-Vlink-AuthOnly/input_Card number_card_number"), cardNumber): Text '' is set on object 'Object Repository/RecAndPlayBk/Page-Vlink-AuthOnly/input_Card number_card_number'

2023-01-13 18:40:38 - [MESSAGE][PASSED] - Text '' is set on object 'Object Repository/RecAndPlayBk/Page-Vlink-AuthOnly/input_Card number_card_number'

2023-01-13 18:40:38 - [TEST_STEP][PASSED] - setText(findTestObject("Object Repository/RecAndPlayBk/Page-Vlink-AuthOnly/input_Card ex month_card_exmo"), exM): Text '12' is set on object 'Object Repository/RecAndPlayBk/Page-Vlink-AuthOnly/input_Card ex month_card_exmo'

2023-01-13 18:40:39 - [MESSAGE][PASSED] - Text '12' is set on object 'Object Repository/RecAndPlayBk/Page-Vlink-AuthOnly/input_Card ex month_card_exmo'

2023-01-13 18:40:39 - [TEST_STEP][PASSED] - setText(findTestObject("Object Repository/RecAndPlayBk/Page-Vlink-AuthOnly/input_Card ex year_card_exyr"), exY): Text '2025' is set on object 'Object Repository/RecAndPlayBk/Page-Vlink-AuthOnly/input_Card ex year_card_exyr'

2023-01-13 18:40:40 - [MESSAGE][PASSED] - Text '2025' is set on object 'Object Repository/RecAndPlayBk/Page-Vlink-AuthOnly/input_Card ex year_card_exyr'

2023-01-13 18:40:40 - [TEST_STEP][PASSED] - setText(findTestObject("Object Repository/RecAndPlayBk/Page-Vlink-AuthOnly/input_Track Data_track_data"), ""): Text '' is set on object 'Object Repository/RecAndPlayBk/Page-Vlink-AuthOnly/input_Track Data_track_data'

2023-01-13 18:40:41 - [MESSAGE][PASSED] - Text '' is set on object 'Object Repository/RecAndPlayBk/Page-Vlink-AuthOnly/input_Track Data_track_data'

2023-01-13 18:40:41 - [TEST_STEP][PASSED] - setText(findTestObject("Object Repository/RecAndPlayBk/Page-Vlink-AuthOnly/input_concat(Cardholder, , s email)_email"), ""): Text '' is set on object 'Object Repository/RecAndPlayBk/Page-Vlink-AuthOnly/input_concat(Cardholder, , s email)_email'

2023-01-13 18:40:42 - [MESSAGE][PASSED] - Text '' is set on object 'Object Repository/RecAndPlayBk/Page-Vlink-AuthOnly/input_concat(Cardholder, , s email)_email'

2023-01-13 18:40:42 - [TEST_STEP][PASSED] - click(findTestObject("Object Repository/RecAndPlayBk/Page-Vlink-AuthOnly/input_user_defined10_user_defined10")): Object: 'Object Repository/RecAndPlayBk/Page-Vlink-AuthOnly/input_user_defined10_user_defined10' is clicked on

2023-01-13 18:40:42 - [MESSAGE][PASSED] - Object: 'Object Repository/RecAndPlayBk/Page-Vlink-AuthOnly/input_user_defined10_user_defined10' is clicked on

2023-01-13 18:40:42 - [TEST_STEP][PASSED] - setText(findTestObject("Object Repository/RecAndPlayBk/Page-Vlink-AuthOnly/input_Card on File Indicator_card_on_file_i_157dae"), ""): Text '' is set on object 'Object Repository/RecAndPlayBk/Page-Vlink-AuthOnly/input_Card on File Indicator_card_on_file_i_157dae'

2023-01-13 18:40:43 - [MESSAGE][PASSED] - Text '' is set on object 'Object Repository/RecAndPlayBk/Page-Vlink-AuthOnly/input_Card on File Indicator_card_on_file_i_157dae'

2023-01-13 18:40:43 - [TEST_STEP][PASSED] - setText(findTestObject("Object Repository/RecAndPlayBk/Page-Vlink-AuthOnly/input_Stored Credential Indicator_stored_cr_4ae73c"), ""): Text '' is set on object 'Object Repository/RecAndPlayBk/Page-Vlink-AuthOnly/input_Stored Credential Indicator_stored_cr_4ae73c'

2023-01-13 18:40:44 - [MESSAGE][PASSED] - Text '' is set on object 'Object Repository/RecAndPlayBk/Page-Vlink-AuthOnly/input_Stored Credential Indicator_stored_cr_4ae73c'

2023-01-13 18:40:44 - [TEST_STEP][PASSED] - setText(findTestObject("Object Repository/RecAndPlayBk/Page-Vlink-AuthOnly/input_COF Scheduled indicator_cof_scheduled_8df7d8"), ""): Text '' is set on object 'Object Repository/RecAndPlayBk/Page-Vlink-AuthOnly/input_COF Scheduled indicator_cof_scheduled_8df7d8'

2023-01-13 18:40:44 - [MESSAGE][PASSED] - Text '' is set on object 'Object Repository/RecAndPlayBk/Page-Vlink-AuthOnly/input_COF Scheduled indicator_cof_scheduled_8df7d8'

2023-01-13 18:40:44 - [TEST_STEP][PASSED] - setText(findTestObject("Object Repository/RecAndPlayBk/Page-Vlink-AuthOnly/input_COF Transaction Initiated by_cof_tran_6cded5"), ""): Text '' is set on object 'Object Repository/RecAndPlayBk/Page-Vlink-AuthOnly/input_COF Transaction Initiated by_cof_tran_6cded5'

2023-01-13 18:40:45 - [MESSAGE][PASSED] - Text '' is set on object 'Object Repository/RecAndPlayBk/Page-Vlink-AuthOnly/input_COF Transaction Initiated by_cof_tran_6cded5'

2023-01-13 18:40:45 - [TEST_STEP][PASSED] - click(findTestObject("Object Repository/RecAndPlayBk/Page-Vlink-AuthOnly/input")): Object: 'Object Repository/RecAndPlayBk/Page-Vlink-AuthOnly/input' is clicked on

2023-01-13 18:40:46 - [MESSAGE][PASSED] - Object: 'Object Repository/RecAndPlayBk/Page-Vlink-AuthOnly/input' is clicked on

2023-01-13 18:40:46 - [TEST_STEP][PASSED] - if (verifyTextPresent(errorMsg, true)): null

2023-01-13 18:40:46 - [MESSAGE][PASSED] - Text 'card_number' is present on page  using regular expression

2023-01-13 18:40:46 - [TEST_STEP][PASSED] - println("Error Message is present on the Confirmation page"): null

2023-01-13 18:40:46 - [TEST_STEP][PASSED] - out.println("Pass Record Number: " + row): null

2023-01-13 18:40:46 - [TEST_STEP][PASSED] - resText = "Pass": null

2023-01-13 18:40:46 - [TEST_STEP][PASSED] - pages.WriteExcel.demoKey(resText, datText, resColumn, datCloumn, fileLoc, nameSheet, row): pages.WriteExcel.demoKey is PASSED

2023-01-13 18:40:46 - [MESSAGE][PASSED] - pages.WriteExcel.demoKey is PASSED

2023-01-13 18:40:46 - [TEST_STEP][PASSED] - ExecuteTC = findTestData(dataFile).getValue("Execute", row): null

2023-01-13 18:40:46 - [TEST_STEP][PASSED] - out.println("Value of Execute is : " + ExecuteTC): null

2023-01-13 18:40:46 - [TEST_STEP][PASSED] - if (ExecuteTC.equalsIgnoreCase("Y")): null

2023-01-13 18:40:46 - [TEST_STEP][PASSED] - out.println("Begin Record Number: " + row): null

2023-01-13 18:40:46 - [TEST_STEP][PASSED] - today = new java.util.Date(): null

2023-01-13 18:40:46 - [TEST_STEP][PASSED] - println(today): null

2023-01-13 18:40:46 - [TEST_STEP][PASSED] - datText = today: null

2023-01-13 18:40:46 - [TEST_STEP][PASSED] - errorMsg = findTestData(dataFile).getValue("ErrorMsg", row): null

2023-01-13 18:40:46 - [TEST_STEP][PASSED] - appID = findTestData(dataFile).getValue("AppID", row): null

2023-01-13 18:40:46 - [TEST_STEP][PASSED] - username = findTestData(dataFile).getValue("Username", row): null

2023-01-13 18:40:46 - [TEST_STEP][PASSED] - password = findTestData(dataFile).getValue("Password", row): null

2023-01-13 18:40:47 - [TEST_STEP][PASSED] - tranType = findTestData(dataFile).getValue("TranType", row): null

2023-01-13 18:40:47 - [TEST_STEP][PASSED] - mv = findTestData(dataFile).getValue("MV", row): null

2023-01-13 18:40:47 - [TEST_STEP][PASSED] - resFormat = findTestData(dataFile).getValue("ResFormat", row): null

2023-01-13 18:40:47 - [TEST_STEP][PASSED] - category = findTestData(dataFile).getValue("Category", row): null

2023-01-13 18:40:47 - [TEST_STEP][PASSED] - amount = findTestData(dataFile).getValue("Amount", row): null

2023-01-13 18:40:47 - [TEST_STEP][PASSED] - cardName = findTestData(dataFile).getValue("CardName", row): null

2023-01-13 18:40:47 - [TEST_STEP][PASSED] - al1 = findTestData(dataFile).getValue("AL1", row): null

2023-01-13 18:40:47 - [TEST_STEP][PASSED] - city = findTestData(dataFile).getValue("City", row): null

2023-01-13 18:40:47 - [TEST_STEP][PASSED] - state = findTestData(dataFile).getValue("State", row): null

2023-01-13 18:40:47 - [TEST_STEP][PASSED] - zip = findTestData(dataFile).getValue("ZIP", row): null

2023-01-13 18:40:47 - [TEST_STEP][PASSED] - cardNumber = findTestData(dataFile).getValue("CardNumber", row): null

2023-01-13 18:40:47 - [TEST_STEP][PASSED] - exM = findTestData(dataFile).getValue("ExM", row): null

2023-01-13 18:40:47 - [TEST_STEP][PASSED] - exY = findTestData(dataFile).getValue("ExY", row): null

2023-01-13 18:40:47 - [TEST_STEP][PASSED] - openBrowser(VLinkURL + "auth.html"): Browser is opened with url: 'https://dev-algorithm.govolution.com/vlinktest/QA/version_2_0/auth.html'

2023-01-13 18:40:47 - [MESSAGE][WARNING] - A browser is already opened. Closing browser and opening a new one

2023-01-13 18:40:48 - [MESSAGE][INFO] - Starting 'Chrome' driver

2023-01-13 18:40:48 - [MESSAGE][INFO] - User set preference: ['acceptInsecureCerts', 'true']

2023-01-13 18:40:48 - [MESSAGE][INFO] - Action delay is set to 0 milliseconds

2023-01-13 18:40:50 - [MESSAGE][PASSED] - Browser is opened with url: 'https://dev-algorithm.govolution.com/vlinktest/QA/version_2_0/auth.html'

2023-01-13 18:40:50 - [TEST_STEP][PASSED] - maximizeWindow(): Current window maximized

2023-01-13 18:40:50 - [MESSAGE][PASSED] - Current window maximized

2023-01-13 18:40:50 - [TEST_STEP][PASSED] - maximizeWindow(): Current window maximized

2023-01-13 18:40:50 - [MESSAGE][PASSED] - Current window maximized

2023-01-13 18:40:50 - [TEST_STEP][PASSED] - setText(findTestObject("Object Repository/RecAndPlayBk/Page-Vlink-AuthOnly/txt_TransactionType"), tranType): Text '104' is set on object 'Object Repository/RecAndPlayBk/Page-Vlink-AuthOnly/txt_TransactionType'

2023-01-13 18:40:51 - [MESSAGE][PASSED] - Text '104' is set on object 'Object Repository/RecAndPlayBk/Page-Vlink-AuthOnly/txt_TransactionType'

2023-01-13 18:40:51 - [TEST_STEP][PASSED] - setText(findTestObject("Object Repository/RecAndPlayBk/Page-Vlink-AuthOnly/txt_MessageVersion"), mv): Text '2.0C' is set on object 'Object Repository/RecAndPlayBk/Page-Vlink-AuthOnly/txt_MessageVersion'

2023-01-13 18:40:52 - [MESSAGE][PASSED] - Text '2.0C' is set on object 'Object Repository/RecAndPlayBk/Page-Vlink-AuthOnly/txt_MessageVersion'

2023-01-13 18:40:52 - [TEST_STEP][PASSED] - genRemID = RandomStringUtils.random(12, true, true): null

2023-01-13 18:40:52 - [TEST_STEP][PASSED] - setText(findTestObject("Object Repository/RecAndPlayBk/Page-Vlink-AuthOnly/input_Remittance Id_remittance_id"), genRemID): Text 'QgDZ12oF1FtX' is set on object 'Object Repository/RecAndPlayBk/Page-Vlink-AuthOnly/input_Remittance Id_remittance_id'

2023-01-13 18:40:53 - [MESSAGE][PASSED] - Text 'QgDZ12oF1FtX' is set on object 'Object Repository/RecAndPlayBk/Page-Vlink-AuthOnly/input_Remittance Id_remittance_id'

2023-01-13 18:40:53 - [TEST_STEP][PASSED] - setText(findTestObject("Object Repository/RecAndPlayBk/Page-Vlink-AuthOnly/input_Application Id_application_id"), appID): Text '234' is set on object 'Object Repository/RecAndPlayBk/Page-Vlink-AuthOnly/input_Application Id_application_id'

2023-01-13 18:40:53 - [MESSAGE][PASSED] - Text '234' is set on object 'Object Repository/RecAndPlayBk/Page-Vlink-AuthOnly/input_Application Id_application_id'

2023-01-13 18:40:53 - [TEST_STEP][PASSED] - setText(findTestObject("Object Repository/RecAndPlayBk/Page-Vlink-AuthOnly/input_Username_username"), username): Text 'username' is set on object 'Object Repository/RecAndPlayBk/Page-Vlink-AuthOnly/input_Username_username'

2023-01-13 18:40:54 - [MESSAGE][PASSED] - Text 'username' is set on object 'Object Repository/RecAndPlayBk/Page-Vlink-AuthOnly/input_Username_username'

2023-01-13 18:40:54 - [TEST_STEP][PASSED] - setText(findTestObject("Object Repository/RecAndPlayBk/Page-Vlink-AuthOnly/input_Password_password"), password): Text 'password' is set on object 'Object Repository/RecAndPlayBk/Page-Vlink-AuthOnly/input_Password_password'

2023-01-13 18:40:55 - [MESSAGE][PASSED] - Text 'password' is set on object 'Object Repository/RecAndPlayBk/Page-Vlink-AuthOnly/input_Password_password'

2023-01-13 18:40:55 - [TEST_STEP][PASSED] - setText(findTestObject("Object Repository/RecAndPlayBk/Page-Vlink-AuthOnly/txt_ResponseFormat"), resFormat): Text 'fixed_width' is set on object 'Object Repository/RecAndPlayBk/Page-Vlink-AuthOnly/txt_ResponseFormat'

2023-01-13 18:40:56 - [MESSAGE][PASSED] - Text 'fixed_width' is set on object 'Object Repository/RecAndPlayBk/Page-Vlink-AuthOnly/txt_ResponseFormat'

2023-01-13 18:40:56 - [TEST_STEP][PASSED] - setText(findTestObject("Object Repository/RecAndPlayBk/Page-Vlink-AuthOnly/input_Category_category"), category): Text 'RETL' is set on object 'Object Repository/RecAndPlayBk/Page-Vlink-AuthOnly/input_Category_category'

2023-01-13 18:40:57 - [MESSAGE][PASSED] - Text 'RETL' is set on object 'Object Repository/RecAndPlayBk/Page-Vlink-AuthOnly/input_Category_category'

2023-01-13 18:40:57 - [TEST_STEP][PASSED] - setText(findTestObject("Object Repository/RecAndPlayBk/Page-Vlink-AuthOnly/txt_CardName"), cardName): Text 'Kris Roshan' is set on object 'Object Repository/RecAndPlayBk/Page-Vlink-AuthOnly/txt_CardName'

2023-01-13 18:40:58 - [MESSAGE][PASSED] - Text 'Kris Roshan' is set on object 'Object Repository/RecAndPlayBk/Page-Vlink-AuthOnly/txt_CardName'

2023-01-13 18:40:58 - [TEST_STEP][PASSED] - setText(findTestObject("Object Repository/RecAndPlayBk/Page-Vlink-AuthOnly/txt_AL1"), al1): Text '258 Elm Road' is set on object 'Object Repository/RecAndPlayBk/Page-Vlink-AuthOnly/txt_AL1'

2023-01-13 18:40:59 - [MESSAGE][PASSED] - Text '258 Elm Road' is set on object 'Object Repository/RecAndPlayBk/Page-Vlink-AuthOnly/txt_AL1'

2023-01-13 18:40:59 - [TEST_STEP][PASSED] - setText(findTestObject("Object Repository/RecAndPlayBk/Page-Vlink-AuthOnly/txt_CardCity"), city): Text 'Arlington' is set on object 'Object Repository/RecAndPlayBk/Page-Vlink-AuthOnly/txt_CardCity'

2023-01-13 18:41:00 - [MESSAGE][PASSED] - Text 'Arlington' is set on object 'Object Repository/RecAndPlayBk/Page-Vlink-AuthOnly/txt_CardCity'

2023-01-13 18:41:00 - [TEST_STEP][PASSED] - setText(findTestObject("Object Repository/RecAndPlayBk/Page-Vlink-AuthOnly/txt_CardState"), state): Text 'VA' is set on object 'Object Repository/RecAndPlayBk/Page-Vlink-AuthOnly/txt_CardState'

2023-01-13 18:41:00 - [MESSAGE][PASSED] - Text 'VA' is set on object 'Object Repository/RecAndPlayBk/Page-Vlink-AuthOnly/txt_CardState'

2023-01-13 18:41:00 - [TEST_STEP][PASSED] - setText(findTestObject("Object Repository/RecAndPlayBk/Page-Vlink-AuthOnly/txt_CardZIP"), zip): Text '22201' is set on object 'Object Repository/RecAndPlayBk/Page-Vlink-AuthOnly/txt_CardZIP'

2023-01-13 18:41:01 - [MESSAGE][PASSED] - Text '22201' is set on object 'Object Repository/RecAndPlayBk/Page-Vlink-AuthOnly/txt_CardZIP'

2023-01-13 18:41:01 - [TEST_STEP][PASSED] - setText(findTestObject("Object Repository/RecAndPlayBk/Page-Vlink-AuthOnly/input_Amount_amount"), amount): Text '1.50' is set on object 'Object Repository/RecAndPlayBk/Page-Vlink-AuthOnly/input_Amount_amount'

2023-01-13 18:41:02 - [MESSAGE][PASSED] - Text '1.50' is set on object 'Object Repository/RecAndPlayBk/Page-Vlink-AuthOnly/input_Amount_amount'

2023-01-13 18:41:02 - [TEST_STEP][PASSED] - setText(findTestObject("Object Repository/RecAndPlayBk/Page-Vlink-AuthOnly/input_Card number_card_number"), cardNumber): Text '' is set on object 'Object Repository/RecAndPlayBk/Page-Vlink-AuthOnly/input_Card number_card_number'

2023-01-13 18:41:02 - [MESSAGE][PASSED] - Text '' is set on object 'Object Repository/RecAndPlayBk/Page-Vlink-AuthOnly/input_Card number_card_number'

2023-01-13 18:41:02 - [TEST_STEP][PASSED] - setText(findTestObject("Object Repository/RecAndPlayBk/Page-Vlink-AuthOnly/input_Card ex month_card_exmo"), exM): Text '12' is set on object 'Object Repository/RecAndPlayBk/Page-Vlink-AuthOnly/input_Card ex month_card_exmo'

2023-01-13 18:41:03 - [MESSAGE][PASSED] - Text '12' is set on object 'Object Repository/RecAndPlayBk/Page-Vlink-AuthOnly/input_Card ex month_card_exmo'

2023-01-13 18:41:03 - [TEST_STEP][PASSED] - setText(findTestObject("Object Repository/RecAndPlayBk/Page-Vlink-AuthOnly/input_Card ex year_card_exyr"), exY): Text '2025' is set on object 'Object Repository/RecAndPlayBk/Page-Vlink-AuthOnly/input_Card ex year_card_exyr'

2023-01-13 18:41:04 - [MESSAGE][PASSED] - Text '2025' is set on object 'Object Repository/RecAndPlayBk/Page-Vlink-AuthOnly/input_Card ex year_card_exyr'

2023-01-13 18:41:04 - [TEST_STEP][PASSED] - setText(findTestObject("Object Repository/RecAndPlayBk/Page-Vlink-AuthOnly/input_Track Data_track_data"), ""): Text '' is set on object 'Object Repository/RecAndPlayBk/Page-Vlink-AuthOnly/input_Track Data_track_data'

2023-01-13 18:41:05 - [MESSAGE][PASSED] - Text '' is set on object 'Object Repository/RecAndPlayBk/Page-Vlink-AuthOnly/input_Track Data_track_data'

2023-01-13 18:41:05 - [TEST_STEP][PASSED] - setText(findTestObject("Object Repository/RecAndPlayBk/Page-Vlink-AuthOnly/input_concat(Cardholder, , s email)_email"), ""): Text '' is set on object 'Object Repository/RecAndPlayBk/Page-Vlink-AuthOnly/input_concat(Cardholder, , s email)_email'

2023-01-13 18:41:06 - [MESSAGE][PASSED] - Text '' is set on object 'Object Repository/RecAndPlayBk/Page-Vlink-AuthOnly/input_concat(Cardholder, , s email)_email'

2023-01-13 18:41:06 - [TEST_STEP][PASSED] - click(findTestObject("Object Repository/RecAndPlayBk/Page-Vlink-AuthOnly/input_user_defined10_user_defined10")): Object: 'Object Repository/RecAndPlayBk/Page-Vlink-AuthOnly/input_user_defined10_user_defined10' is clicked on

2023-01-13 18:41:06 - [MESSAGE][PASSED] - Object: 'Object Repository/RecAndPlayBk/Page-Vlink-AuthOnly/input_user_defined10_user_defined10' is clicked on

2023-01-13 18:41:06 - [TEST_STEP][PASSED] - setText(findTestObject("Object Repository/RecAndPlayBk/Page-Vlink-AuthOnly/input_Card on File Indicator_card_on_file_i_157dae"), ""): Text '' is set on object 'Object Repository/RecAndPlayBk/Page-Vlink-AuthOnly/input_Card on File Indicator_card_on_file_i_157dae'

2023-01-13 18:41:07 - [MESSAGE][PASSED] - Text '' is set on object 'Object Repository/RecAndPlayBk/Page-Vlink-AuthOnly/input_Card on File Indicator_card_on_file_i_157dae'

2023-01-13 18:41:07 - [TEST_STEP][PASSED] - setText(findTestObject("Object Repository/RecAndPlayBk/Page-Vlink-AuthOnly/input_Stored Credential Indicator_stored_cr_4ae73c"), ""): Text '' is set on object 'Object Repository/RecAndPlayBk/Page-Vlink-AuthOnly/input_Stored Credential Indicator_stored_cr_4ae73c'

2023-01-13 18:41:08 - [MESSAGE][PASSED] - Text '' is set on object 'Object Repository/RecAndPlayBk/Page-Vlink-AuthOnly/input_Stored Credential Indicator_stored_cr_4ae73c'

2023-01-13 18:41:08 - [TEST_STEP][PASSED] - setText(findTestObject("Object Repository/RecAndPlayBk/Page-Vlink-AuthOnly/input_COF Scheduled indicator_cof_scheduled_8df7d8"), ""): Text '' is set on object 'Object Repository/RecAndPlayBk/Page-Vlink-AuthOnly/input_COF Scheduled indicator_cof_scheduled_8df7d8'

2023-01-13 18:41:08 - [MESSAGE][PASSED] - Text '' is set on object 'Object Repository/RecAndPlayBk/Page-Vlink-AuthOnly/input_COF Scheduled indicator_cof_scheduled_8df7d8'

2023-01-13 18:41:08 - [TEST_STEP][PASSED] - setText(findTestObject("Object Repository/RecAndPlayBk/Page-Vlink-AuthOnly/input_COF Transaction Initiated by_cof_tran_6cded5"), ""): Text '' is set on object 'Object Repository/RecAndPlayBk/Page-Vlink-AuthOnly/input_COF Transaction Initiated by_cof_tran_6cded5'

2023-01-13 18:41:09 - [MESSAGE][PASSED] - Text '' is set on object 'Object Repository/RecAndPlayBk/Page-Vlink-AuthOnly/input_COF Transaction Initiated by_cof_tran_6cded5'

2023-01-13 18:41:09 - [TEST_STEP][PASSED] - click(findTestObject("Object Repository/RecAndPlayBk/Page-Vlink-AuthOnly/input")): Object: 'Object Repository/RecAndPlayBk/Page-Vlink-AuthOnly/input' is clicked on

2023-01-13 18:41:10 - [MESSAGE][PASSED] - Object: 'Object Repository/RecAndPlayBk/Page-Vlink-AuthOnly/input' is clicked on

2023-01-13 18:41:10 - [TEST_STEP][PASSED] - if (verifyTextPresent(errorMsg, true)): null

2023-01-13 18:41:10 - [MESSAGE][PASSED] - Text 'card_number' is present on page  using regular expression

2023-01-13 18:41:10 - [TEST_STEP][PASSED] - println("Error Message is present on the Confirmation page"): null

2023-01-13 18:41:10 - [TEST_STEP][PASSED] - out.println("Pass Record Number: " + row): null

2023-01-13 18:41:10 - [TEST_STEP][PASSED] - resText = "Pass": null

2023-01-13 18:41:10 - [TEST_STEP][PASSED] - pages.WriteExcel.demoKey(resText, datText, resColumn, datCloumn, fileLoc, nameSheet, row): pages.WriteExcel.demoKey is PASSED

2023-01-13 18:41:11 - [MESSAGE][PASSED] - pages.WriteExcel.demoKey is PASSED

2023-01-13 18:41:11 - [TEST_STEP][PASSED] - ExecuteTC = findTestData(dataFile).getValue("Execute", row): null

2023-01-13 18:41:11 - [TEST_STEP][PASSED] - out.println("Value of Execute is : " + ExecuteTC): null

2023-01-13 18:41:11 - [TEST_STEP][PASSED] - if (ExecuteTC.equalsIgnoreCase("Y")): null

2023-01-13 18:41:11 - [TEST_STEP][PASSED] - out.println("Begin Record Number: " + row): null

2023-01-13 18:41:11 - [TEST_STEP][PASSED] - today = new java.util.Date(): null

2023-01-13 18:41:11 - [TEST_STEP][PASSED] - println(today): null

2023-01-13 18:41:11 - [TEST_STEP][PASSED] - datText = today: null

2023-01-13 18:41:11 - [TEST_STEP][PASSED] - errorMsg = findTestData(dataFile).getValue("ErrorMsg", row): null

2023-01-13 18:41:11 - [TEST_STEP][PASSED] - appID = findTestData(dataFile).getValue("AppID", row): null

2023-01-13 18:41:11 - [TEST_STEP][PASSED] - username = findTestData(dataFile).getValue("Username", row): null

2023-01-13 18:41:11 - [TEST_STEP][PASSED] - password = findTestData(dataFile).getValue("Password", row): null

2023-01-13 18:41:11 - [TEST_STEP][PASSED] - tranType = findTestData(dataFile).getValue("TranType", row): null

2023-01-13 18:41:11 - [TEST_STEP][PASSED] - mv = findTestData(dataFile).getValue("MV", row): null

2023-01-13 18:41:11 - [TEST_STEP][PASSED] - resFormat = findTestData(dataFile).getValue("ResFormat", row): null

2023-01-13 18:41:11 - [TEST_STEP][PASSED] - category = findTestData(dataFile).getValue("Category", row): null

2023-01-13 18:41:11 - [TEST_STEP][PASSED] - amount = findTestData(dataFile).getValue("Amount", row): null

2023-01-13 18:41:11 - [TEST_STEP][PASSED] - cardName = findTestData(dataFile).getValue("CardName", row): null

2023-01-13 18:41:11 - [TEST_STEP][PASSED] - al1 = findTestData(dataFile).getValue("AL1", row): null

2023-01-13 18:41:11 - [TEST_STEP][PASSED] - city = findTestData(dataFile).getValue("City", row): null

2023-01-13 18:41:11 - [TEST_STEP][PASSED] - state = findTestData(dataFile).getValue("State", row): null

2023-01-13 18:41:11 - [TEST_STEP][PASSED] - zip = findTestData(dataFile).getValue("ZIP", row): null

2023-01-13 18:41:12 - [TEST_STEP][PASSED] - cardNumber = findTestData(dataFile).getValue("CardNumber", row): null

2023-01-13 18:41:12 - [TEST_STEP][PASSED] - exM = findTestData(dataFile).getValue("ExM", row): null

2023-01-13 18:41:12 - [TEST_STEP][PASSED] - exY = findTestData(dataFile).getValue("ExY", row): null

2023-01-13 18:41:12 - [TEST_STEP][PASSED] - openBrowser(VLinkURL + "auth.html"): Browser is opened with url: 'https://dev-algorithm.govolution.com/vlinktest/QA/version_2_0/auth.html'

2023-01-13 18:41:12 - [MESSAGE][WARNING] - A browser is already opened. Closing browser and opening a new one

2023-01-13 18:41:13 - [MESSAGE][INFO] - Starting 'Chrome' driver

2023-01-13 18:41:13 - [MESSAGE][INFO] - User set preference: ['acceptInsecureCerts', 'true']

2023-01-13 18:41:13 - [MESSAGE][INFO] - Action delay is set to 0 milliseconds

2023-01-13 18:41:14 - [MESSAGE][PASSED] - Browser is opened with url: 'https://dev-algorithm.govolution.com/vlinktest/QA/version_2_0/auth.html'

2023-01-13 18:41:14 - [TEST_STEP][PASSED] - maximizeWindow(): Current window maximized

2023-01-13 18:41:15 - [MESSAGE][PASSED] - Current window maximized

2023-01-13 18:41:15 - [TEST_STEP][PASSED] - maximizeWindow(): Current window maximized

2023-01-13 18:41:15 - [MESSAGE][PASSED] - Current window maximized

2023-01-13 18:41:15 - [TEST_STEP][PASSED] - setText(findTestObject("Object Repository/RecAndPlayBk/Page-Vlink-AuthOnly/txt_TransactionType"), tranType): Text '104' is set on object 'Object Repository/RecAndPlayBk/Page-Vlink-AuthOnly/txt_TransactionType'

2023-01-13 18:41:16 - [MESSAGE][PASSED] - Text '104' is set on object 'Object Repository/RecAndPlayBk/Page-Vlink-AuthOnly/txt_TransactionType'

2023-01-13 18:41:16 - [TEST_STEP][PASSED] - setText(findTestObject("Object Repository/RecAndPlayBk/Page-Vlink-AuthOnly/txt_MessageVersion"), mv): Text '2.0C' is set on object 'Object Repository/RecAndPlayBk/Page-Vlink-AuthOnly/txt_MessageVersion'

2023-01-13 18:41:16 - [MESSAGE][PASSED] - Text '2.0C' is set on object 'Object Repository/RecAndPlayBk/Page-Vlink-AuthOnly/txt_MessageVersion'

2023-01-13 18:41:16 - [TEST_STEP][PASSED] - genRemID = RandomStringUtils.random(12, true, true): null

2023-01-13 18:41:16 - [TEST_STEP][PASSED] - setText(findTestObject("Object Repository/RecAndPlayBk/Page-Vlink-AuthOnly/input_Remittance Id_remittance_id"), genRemID): Text 'rGPWCUL6AOvn' is set on object 'Object Repository/RecAndPlayBk/Page-Vlink-AuthOnly/input_Remittance Id_remittance_id'

2023-01-13 18:41:17 - [MESSAGE][PASSED] - Text 'rGPWCUL6AOvn' is set on object 'Object Repository/RecAndPlayBk/Page-Vlink-AuthOnly/input_Remittance Id_remittance_id'

2023-01-13 18:41:17 - [TEST_STEP][PASSED] - setText(findTestObject("Object Repository/RecAndPlayBk/Page-Vlink-AuthOnly/input_Application Id_application_id"), appID): Text '234' is set on object 'Object Repository/RecAndPlayBk/Page-Vlink-AuthOnly/input_Application Id_application_id'

2023-01-13 18:41:18 - [MESSAGE][PASSED] - Text '234' is set on object 'Object Repository/RecAndPlayBk/Page-Vlink-AuthOnly/input_Application Id_application_id'

2023-01-13 18:41:18 - [TEST_STEP][PASSED] - setText(findTestObject("Object Repository/RecAndPlayBk/Page-Vlink-AuthOnly/input_Username_username"), username): Text 'username' is set on object 'Object Repository/RecAndPlayBk/Page-Vlink-AuthOnly/input_Username_username'

2023-01-13 18:41:19 - [MESSAGE][PASSED] - Text 'username' is set on object 'Object Repository/RecAndPlayBk/Page-Vlink-AuthOnly/input_Username_username'

2023-01-13 18:41:19 - [TEST_STEP][PASSED] - setText(findTestObject("Object Repository/RecAndPlayBk/Page-Vlink-AuthOnly/input_Password_password"), password): Text 'password' is set on object 'Object Repository/RecAndPlayBk/Page-Vlink-AuthOnly/input_Password_password'

2023-01-13 18:41:20 - [MESSAGE][PASSED] - Text 'password' is set on object 'Object Repository/RecAndPlayBk/Page-Vlink-AuthOnly/input_Password_password'

2023-01-13 18:41:20 - [TEST_STEP][PASSED] - setText(findTestObject("Object Repository/RecAndPlayBk/Page-Vlink-AuthOnly/txt_ResponseFormat"), resFormat): Text 'fixed_width' is set on object 'Object Repository/RecAndPlayBk/Page-Vlink-AuthOnly/txt_ResponseFormat'

2023-01-13 18:41:21 - [MESSAGE][PASSED] - Text 'fixed_width' is set on object 'Object Repository/RecAndPlayBk/Page-Vlink-AuthOnly/txt_ResponseFormat'

2023-01-13 18:41:21 - [TEST_STEP][PASSED] - setText(findTestObject("Object Repository/RecAndPlayBk/Page-Vlink-AuthOnly/input_Category_category"), category): Text 'ECOM' is set on object 'Object Repository/RecAndPlayBk/Page-Vlink-AuthOnly/input_Category_category'

2023-01-13 18:41:21 - [MESSAGE][PASSED] - Text 'ECOM' is set on object 'Object Repository/RecAndPlayBk/Page-Vlink-AuthOnly/input_Category_category'

2023-01-13 18:41:21 - [TEST_STEP][PASSED] - setText(findTestObject("Object Repository/RecAndPlayBk/Page-Vlink-AuthOnly/txt_CardName"), cardName): Text 'Kris Roshan' is set on object 'Object Repository/RecAndPlayBk/Page-Vlink-AuthOnly/txt_CardName'

2023-01-13 18:41:22 - [MESSAGE][PASSED] - Text 'Kris Roshan' is set on object 'Object Repository/RecAndPlayBk/Page-Vlink-AuthOnly/txt_CardName'

2023-01-13 18:41:22 - [TEST_STEP][PASSED] - setText(findTestObject("Object Repository/RecAndPlayBk/Page-Vlink-AuthOnly/txt_AL1"), al1): Text '258 Elm Road' is set on object 'Object Repository/RecAndPlayBk/Page-Vlink-AuthOnly/txt_AL1'

2023-01-13 18:41:23 - [MESSAGE][PASSED] - Text '258 Elm Road' is set on object 'Object Repository/RecAndPlayBk/Page-Vlink-AuthOnly/txt_AL1'

2023-01-13 18:41:23 - [TEST_STEP][PASSED] - setText(findTestObject("Object Repository/RecAndPlayBk/Page-Vlink-AuthOnly/txt_CardCity"), city): Text 'Arlington' is set on object 'Object Repository/RecAndPlayBk/Page-Vlink-AuthOnly/txt_CardCity'

2023-01-13 18:41:24 - [MESSAGE][PASSED] - Text 'Arlington' is set on object 'Object Repository/RecAndPlayBk/Page-Vlink-AuthOnly/txt_CardCity'

2023-01-13 18:41:24 - [TEST_STEP][PASSED] - setText(findTestObject("Object Repository/RecAndPlayBk/Page-Vlink-AuthOnly/txt_CardState"), state): Text 'VA' is set on object 'Object Repository/RecAndPlayBk/Page-Vlink-AuthOnly/txt_CardState'

2023-01-13 18:41:25 - [MESSAGE][PASSED] - Text 'VA' is set on object 'Object Repository/RecAndPlayBk/Page-Vlink-AuthOnly/txt_CardState'

2023-01-13 18:41:25 - [TEST_STEP][PASSED] - setText(findTestObject("Object Repository/RecAndPlayBk/Page-Vlink-AuthOnly/txt_CardZIP"), zip): Text '22201' is set on object 'Object Repository/RecAndPlayBk/Page-Vlink-AuthOnly/txt_CardZIP'

2023-01-13 18:41:26 - [MESSAGE][PASSED] - Text '22201' is set on object 'Object Repository/RecAndPlayBk/Page-Vlink-AuthOnly/txt_CardZIP'

2023-01-13 18:41:26 - [TEST_STEP][PASSED] - setText(findTestObject("Object Repository/RecAndPlayBk/Page-Vlink-AuthOnly/input_Amount_amount"), amount): Text '1.50' is set on object 'Object Repository/RecAndPlayBk/Page-Vlink-AuthOnly/input_Amount_amount'

2023-01-13 18:41:27 - [MESSAGE][PASSED] - Text '1.50' is set on object 'Object Repository/RecAndPlayBk/Page-Vlink-AuthOnly/input_Amount_amount'

2023-01-13 18:41:27 - [TEST_STEP][PASSED] - setText(findTestObject("Object Repository/RecAndPlayBk/Page-Vlink-AuthOnly/input_Card number_card_number"), cardNumber): Text '4111111111111111' is set on object 'Object Repository/RecAndPlayBk/Page-Vlink-AuthOnly/input_Card number_card_number'

2023-01-13 18:41:28 - [MESSAGE][PASSED] - Text '4111111111111111' is set on object 'Object Repository/RecAndPlayBk/Page-Vlink-AuthOnly/input_Card number_card_number'

2023-01-13 18:41:28 - [TEST_STEP][PASSED] - setText(findTestObject("Object Repository/RecAndPlayBk/Page-Vlink-AuthOnly/input_Card ex month_card_exmo"), exM): Text '' is set on object 'Object Repository/RecAndPlayBk/Page-Vlink-AuthOnly/input_Card ex month_card_exmo'

2023-01-13 18:41:28 - [MESSAGE][PASSED] - Text '' is set on object 'Object Repository/RecAndPlayBk/Page-Vlink-AuthOnly/input_Card ex month_card_exmo'

2023-01-13 18:41:28 - [TEST_STEP][PASSED] - setText(findTestObject("Object Repository/RecAndPlayBk/Page-Vlink-AuthOnly/input_Card ex year_card_exyr"), exY): Text '2025' is set on object 'Object Repository/RecAndPlayBk/Page-Vlink-AuthOnly/input_Card ex year_card_exyr'

2023-01-13 18:41:29 - [MESSAGE][PASSED] - Text '2025' is set on object 'Object Repository/RecAndPlayBk/Page-Vlink-AuthOnly/input_Card ex year_card_exyr'

2023-01-13 18:41:29 - [TEST_STEP][PASSED] - setText(findTestObject("Object Repository/RecAndPlayBk/Page-Vlink-AuthOnly/input_Track Data_track_data"), ""): Text '' is set on object 'Object Repository/RecAndPlayBk/Page-Vlink-AuthOnly/input_Track Data_track_data'

2023-01-13 18:41:30 - [MESSAGE][PASSED] - Text '' is set on object 'Object Repository/RecAndPlayBk/Page-Vlink-AuthOnly/input_Track Data_track_data'

2023-01-13 18:41:30 - [TEST_STEP][PASSED] - setText(findTestObject("Object Repository/RecAndPlayBk/Page-Vlink-AuthOnly/input_concat(Cardholder, , s email)_email"), ""): Text '' is set on object 'Object Repository/RecAndPlayBk/Page-Vlink-AuthOnly/input_concat(Cardholder, , s email)_email'

2023-01-13 18:41:31 - [MESSAGE][PASSED] - Text '' is set on object 'Object Repository/RecAndPlayBk/Page-Vlink-AuthOnly/input_concat(Cardholder, , s email)_email'

2023-01-13 18:41:31 - [TEST_STEP][PASSED] - click(findTestObject("Object Repository/RecAndPlayBk/Page-Vlink-AuthOnly/input_user_defined10_user_defined10")): Object: 'Object Repository/RecAndPlayBk/Page-Vlink-AuthOnly/input_user_defined10_user_defined10' is clicked on

2023-01-13 18:41:31 - [MESSAGE][PASSED] - Object: 'Object Repository/RecAndPlayBk/Page-Vlink-AuthOnly/input_user_defined10_user_defined10' is clicked on

2023-01-13 18:41:31 - [TEST_STEP][PASSED] - setText(findTestObject("Object Repository/RecAndPlayBk/Page-Vlink-AuthOnly/input_Card on File Indicator_card_on_file_i_157dae"), ""): Text '' is set on object 'Object Repository/RecAndPlayBk/Page-Vlink-AuthOnly/input_Card on File Indicator_card_on_file_i_157dae'

2023-01-13 18:41:32 - [MESSAGE][PASSED] - Text '' is set on object 'Object Repository/RecAndPlayBk/Page-Vlink-AuthOnly/input_Card on File Indicator_card_on_file_i_157dae'

2023-01-13 18:41:32 - [TEST_STEP][PASSED] - setText(findTestObject("Object Repository/RecAndPlayBk/Page-Vlink-AuthOnly/input_Stored Credential Indicator_stored_cr_4ae73c"), ""): Text '' is set on object 'Object Repository/RecAndPlayBk/Page-Vlink-AuthOnly/input_Stored Credential Indicator_stored_cr_4ae73c'

2023-01-13 18:41:33 - [MESSAGE][PASSED] - Text '' is set on object 'Object Repository/RecAndPlayBk/Page-Vlink-AuthOnly/input_Stored Credential Indicator_stored_cr_4ae73c'

2023-01-13 18:41:33 - [TEST_STEP][PASSED] - setText(findTestObject("Object Repository/RecAndPlayBk/Page-Vlink-AuthOnly/input_COF Scheduled indicator_cof_scheduled_8df7d8"), ""): Text '' is set on object 'Object Repository/RecAndPlayBk/Page-Vlink-AuthOnly/input_COF Scheduled indicator_cof_scheduled_8df7d8'

2023-01-13 18:41:34 - [MESSAGE][PASSED] - Text '' is set on object 'Object Repository/RecAndPlayBk/Page-Vlink-AuthOnly/input_COF Scheduled indicator_cof_scheduled_8df7d8'

2023-01-13 18:41:34 - [TEST_STEP][PASSED] - setText(findTestObject("Object Repository/RecAndPlayBk/Page-Vlink-AuthOnly/input_COF Transaction Initiated by_cof_tran_6cded5"), ""): Text '' is set on object 'Object Repository/RecAndPlayBk/Page-Vlink-AuthOnly/input_COF Transaction Initiated by_cof_tran_6cded5'

2023-01-13 18:41:34 - [MESSAGE][PASSED] - Text '' is set on object 'Object Repository/RecAndPlayBk/Page-Vlink-AuthOnly/input_COF Transaction Initiated by_cof_tran_6cded5'

2023-01-13 18:41:34 - [TEST_STEP][PASSED] - click(findTestObject("Object Repository/RecAndPlayBk/Page-Vlink-AuthOnly/input")): Object: 'Object Repository/RecAndPlayBk/Page-Vlink-AuthOnly/input' is clicked on

2023-01-13 18:41:35 - [MESSAGE][PASSED] - Object: 'Object Repository/RecAndPlayBk/Page-Vlink-AuthOnly/input' is clicked on

2023-01-13 18:41:35 - [TEST_STEP][PASSED] - if (verifyTextPresent(errorMsg, true)): null

2023-01-13 18:41:36 - [MESSAGE][PASSED] - Text 'card_exmo' is present on page  using regular expression

2023-01-13 18:41:36 - [TEST_STEP][PASSED] - println("Error Message is present on the Confirmation page"): null

2023-01-13 18:41:36 - [TEST_STEP][PASSED] - out.println("Pass Record Number: " + row): null

2023-01-13 18:41:36 - [TEST_STEP][PASSED] - resText = "Pass": null

2023-01-13 18:41:36 - [TEST_STEP][PASSED] - pages.WriteExcel.demoKey(resText, datText, resColumn, datCloumn, fileLoc, nameSheet, row): pages.WriteExcel.demoKey is PASSED

2023-01-13 18:41:36 - [MESSAGE][PASSED] - pages.WriteExcel.demoKey is PASSED

2023-01-13 18:41:36 - [TEST_STEP][PASSED] - ExecuteTC = findTestData(dataFile).getValue("Execute", row): null

2023-01-13 18:41:36 - [TEST_STEP][PASSED] - out.println("Value of Execute is : " + ExecuteTC): null

2023-01-13 18:41:36 - [TEST_STEP][PASSED] - if (ExecuteTC.equalsIgnoreCase("Y")): null

2023-01-13 18:41:36 - [TEST_STEP][PASSED] - out.println("Begin Record Number: " + row): null

2023-01-13 18:41:36 - [TEST_STEP][PASSED] - today = new java.util.Date(): null

2023-01-13 18:41:36 - [TEST_STEP][PASSED] - println(today): null

2023-01-13 18:41:36 - [TEST_STEP][PASSED] - datText = today: null

2023-01-13 18:41:36 - [TEST_STEP][PASSED] - errorMsg = findTestData(dataFile).getValue("ErrorMsg", row): null

2023-01-13 18:41:36 - [TEST_STEP][PASSED] - appID = findTestData(dataFile).getValue("AppID", row): null

2023-01-13 18:41:36 - [TEST_STEP][PASSED] - username = findTestData(dataFile).getValue("Username", row): null

2023-01-13 18:41:36 - [TEST_STEP][PASSED] - password = findTestData(dataFile).getValue("Password", row): null

2023-01-13 18:41:36 - [TEST_STEP][PASSED] - tranType = findTestData(dataFile).getValue("TranType", row): null

2023-01-13 18:41:36 - [TEST_STEP][PASSED] - mv = findTestData(dataFile).getValue("MV", row): null

2023-01-13 18:41:36 - [TEST_STEP][PASSED] - resFormat = findTestData(dataFile).getValue("ResFormat", row): null

2023-01-13 18:41:36 - [TEST_STEP][PASSED] - category = findTestData(dataFile).getValue("Category", row): null

2023-01-13 18:41:36 - [TEST_STEP][PASSED] - amount = findTestData(dataFile).getValue("Amount", row): null

2023-01-13 18:41:36 - [TEST_STEP][PASSED] - cardName = findTestData(dataFile).getValue("CardName", row): null

2023-01-13 18:41:36 - [TEST_STEP][PASSED] - al1 = findTestData(dataFile).getValue("AL1", row): null

2023-01-13 18:41:37 - [TEST_STEP][PASSED] - city = findTestData(dataFile).getValue("City", row): null

2023-01-13 18:41:37 - [TEST_STEP][PASSED] - state = findTestData(dataFile).getValue("State", row): null

2023-01-13 18:41:37 - [TEST_STEP][PASSED] - zip = findTestData(dataFile).getValue("ZIP", row): null

2023-01-13 18:41:37 - [TEST_STEP][PASSED] - cardNumber = findTestData(dataFile).getValue("CardNumber", row): null

2023-01-13 18:41:37 - [TEST_STEP][PASSED] - exM = findTestData(dataFile).getValue("ExM", row): null

2023-01-13 18:41:37 - [TEST_STEP][PASSED] - exY = findTestData(dataFile).getValue("ExY", row): null

2023-01-13 18:41:37 - [TEST_STEP][PASSED] - openBrowser(VLinkURL + "auth.html"): Browser is opened with url: 'https://dev-algorithm.govolution.com/vlinktest/QA/version_2_0/auth.html'

2023-01-13 18:41:37 - [MESSAGE][WARNING] - A browser is already opened. Closing browser and opening a new one

2023-01-13 18:41:38 - [MESSAGE][INFO] - Starting 'Chrome' driver

2023-01-13 18:41:38 - [MESSAGE][INFO] - User set preference: ['acceptInsecureCerts', 'true']

2023-01-13 18:41:38 - [MESSAGE][INFO] - Action delay is set to 0 milliseconds

2023-01-13 18:41:40 - [MESSAGE][PASSED] - Browser is opened with url: 'https://dev-algorithm.govolution.com/vlinktest/QA/version_2_0/auth.html'

2023-01-13 18:41:40 - [TEST_STEP][PASSED] - maximizeWindow(): Current window maximized

2023-01-13 18:41:40 - [MESSAGE][PASSED] - Current window maximized

2023-01-13 18:41:40 - [TEST_STEP][PASSED] - maximizeWindow(): Current window maximized

2023-01-13 18:41:40 - [MESSAGE][PASSED] - Current window maximized

2023-01-13 18:41:40 - [TEST_STEP][PASSED] - setText(findTestObject("Object Repository/RecAndPlayBk/Page-Vlink-AuthOnly/txt_TransactionType"), tranType): Text '104' is set on object 'Object Repository/RecAndPlayBk/Page-Vlink-AuthOnly/txt_TransactionType'

2023-01-13 18:41:41 - [MESSAGE][PASSED] - Text '104' is set on object 'Object Repository/RecAndPlayBk/Page-Vlink-AuthOnly/txt_TransactionType'

2023-01-13 18:41:41 - [TEST_STEP][PASSED] - setText(findTestObject("Object Repository/RecAndPlayBk/Page-Vlink-AuthOnly/txt_MessageVersion"), mv): Text '2.0C' is set on object 'Object Repository/RecAndPlayBk/Page-Vlink-AuthOnly/txt_MessageVersion'

2023-01-13 18:41:41 - [MESSAGE][PASSED] - Text '2.0C' is set on object 'Object Repository/RecAndPlayBk/Page-Vlink-AuthOnly/txt_MessageVersion'

2023-01-13 18:41:41 - [TEST_STEP][PASSED] - genRemID = RandomStringUtils.random(12, true, true): null

2023-01-13 18:41:41 - [TEST_STEP][PASSED] - setText(findTestObject("Object Repository/RecAndPlayBk/Page-Vlink-AuthOnly/input_Remittance Id_remittance_id"), genRemID): Text '6wkLHCkiR1x3' is set on object 'Object Repository/RecAndPlayBk/Page-Vlink-AuthOnly/input_Remittance Id_remittance_id'

2023-01-13 18:41:42 - [MESSAGE][PASSED] - Text '6wkLHCkiR1x3' is set on object 'Object Repository/RecAndPlayBk/Page-Vlink-AuthOnly/input_Remittance Id_remittance_id'

2023-01-13 18:41:42 - [TEST_STEP][PASSED] - setText(findTestObject("Object Repository/RecAndPlayBk/Page-Vlink-AuthOnly/input_Application Id_application_id"), appID): Text '234' is set on object 'Object Repository/RecAndPlayBk/Page-Vlink-AuthOnly/input_Application Id_application_id'

2023-01-13 18:41:43 - [MESSAGE][PASSED] - Text '234' is set on object 'Object Repository/RecAndPlayBk/Page-Vlink-AuthOnly/input_Application Id_application_id'

2023-01-13 18:41:43 - [TEST_STEP][PASSED] - setText(findTestObject("Object Repository/RecAndPlayBk/Page-Vlink-AuthOnly/input_Username_username"), username): Text 'username' is set on object 'Object Repository/RecAndPlayBk/Page-Vlink-AuthOnly/input_Username_username'

2023-01-13 18:41:44 - [MESSAGE][PASSED] - Text 'username' is set on object 'Object Repository/RecAndPlayBk/Page-Vlink-AuthOnly/input_Username_username'

2023-01-13 18:41:44 - [TEST_STEP][PASSED] - setText(findTestObject("Object Repository/RecAndPlayBk/Page-Vlink-AuthOnly/input_Password_password"), password): Text 'password' is set on object 'Object Repository/RecAndPlayBk/Page-Vlink-AuthOnly/input_Password_password'

2023-01-13 18:41:45 - [MESSAGE][PASSED] - Text 'password' is set on object 'Object Repository/RecAndPlayBk/Page-Vlink-AuthOnly/input_Password_password'

2023-01-13 18:41:45 - [TEST_STEP][PASSED] - setText(findTestObject("Object Repository/RecAndPlayBk/Page-Vlink-AuthOnly/txt_ResponseFormat"), resFormat): Text 'fixed_width' is set on object 'Object Repository/RecAndPlayBk/Page-Vlink-AuthOnly/txt_ResponseFormat'

2023-01-13 18:41:46 - [MESSAGE][PASSED] - Text 'fixed_width' is set on object 'Object Repository/RecAndPlayBk/Page-Vlink-AuthOnly/txt_ResponseFormat'

2023-01-13 18:41:46 - [TEST_STEP][PASSED] - setText(findTestObject("Object Repository/RecAndPlayBk/Page-Vlink-AuthOnly/input_Category_category"), category): Text 'MOTO' is set on object 'Object Repository/RecAndPlayBk/Page-Vlink-AuthOnly/input_Category_category'

2023-01-13 18:41:47 - [MESSAGE][PASSED] - Text 'MOTO' is set on object 'Object Repository/RecAndPlayBk/Page-Vlink-AuthOnly/input_Category_category'

2023-01-13 18:41:47 - [TEST_STEP][PASSED] - setText(findTestObject("Object Repository/RecAndPlayBk/Page-Vlink-AuthOnly/txt_CardName"), cardName): Text 'Kris Roshan' is set on object 'Object Repository/RecAndPlayBk/Page-Vlink-AuthOnly/txt_CardName'

2023-01-13 18:41:48 - [MESSAGE][PASSED] - Text 'Kris Roshan' is set on object 'Object Repository/RecAndPlayBk/Page-Vlink-AuthOnly/txt_CardName'

2023-01-13 18:41:48 - [TEST_STEP][PASSED] - setText(findTestObject("Object Repository/RecAndPlayBk/Page-Vlink-AuthOnly/txt_AL1"), al1): Text '258 Elm Road' is set on object 'Object Repository/RecAndPlayBk/Page-Vlink-AuthOnly/txt_AL1'

2023-01-13 18:41:49 - [MESSAGE][PASSED] - Text '258 Elm Road' is set on object 'Object Repository/RecAndPlayBk/Page-Vlink-AuthOnly/txt_AL1'

2023-01-13 18:41:49 - [TEST_STEP][PASSED] - setText(findTestObject("Object Repository/RecAndPlayBk/Page-Vlink-AuthOnly/txt_CardCity"), city): Text 'Arlington' is set on object 'Object Repository/RecAndPlayBk/Page-Vlink-AuthOnly/txt_CardCity'

2023-01-13 18:41:49 - [MESSAGE][PASSED] - Text 'Arlington' is set on object 'Object Repository/RecAndPlayBk/Page-Vlink-AuthOnly/txt_CardCity'

2023-01-13 18:41:49 - [TEST_STEP][PASSED] - setText(findTestObject("Object Repository/RecAndPlayBk/Page-Vlink-AuthOnly/txt_CardState"), state): Text 'VA' is set on object 'Object Repository/RecAndPlayBk/Page-Vlink-AuthOnly/txt_CardState'

2023-01-13 18:41:50 - [MESSAGE][PASSED] - Text 'VA' is set on object 'Object Repository/RecAndPlayBk/Page-Vlink-AuthOnly/txt_CardState'

2023-01-13 18:41:50 - [TEST_STEP][PASSED] - setText(findTestObject("Object Repository/RecAndPlayBk/Page-Vlink-AuthOnly/txt_CardZIP"), zip): Text '22201' is set on object 'Object Repository/RecAndPlayBk/Page-Vlink-AuthOnly/txt_CardZIP'

2023-01-13 18:41:51 - [MESSAGE][PASSED] - Text '22201' is set on object 'Object Repository/RecAndPlayBk/Page-Vlink-AuthOnly/txt_CardZIP'

2023-01-13 18:41:51 - [TEST_STEP][PASSED] - setText(findTestObject("Object Repository/RecAndPlayBk/Page-Vlink-AuthOnly/input_Amount_amount"), amount): Text '1.50' is set on object 'Object Repository/RecAndPlayBk/Page-Vlink-AuthOnly/input_Amount_amount'

2023-01-13 18:41:52 - [MESSAGE][PASSED] - Text '1.50' is set on object 'Object Repository/RecAndPlayBk/Page-Vlink-AuthOnly/input_Amount_amount'

2023-01-13 18:41:52 - [TEST_STEP][PASSED] - setText(findTestObject("Object Repository/RecAndPlayBk/Page-Vlink-AuthOnly/input_Card number_card_number"), cardNumber): Text '4111111111111111' is set on object 'Object Repository/RecAndPlayBk/Page-Vlink-AuthOnly/input_Card number_card_number'

2023-01-13 18:41:53 - [MESSAGE][PASSED] - Text '4111111111111111' is set on object 'Object Repository/RecAndPlayBk/Page-Vlink-AuthOnly/input_Card number_card_number'

2023-01-13 18:41:53 - [TEST_STEP][PASSED] - setText(findTestObject("Object Repository/RecAndPlayBk/Page-Vlink-AuthOnly/input_Card ex month_card_exmo"), exM): Text '' is set on object 'Object Repository/RecAndPlayBk/Page-Vlink-AuthOnly/input_Card ex month_card_exmo'

2023-01-13 18:41:54 - [MESSAGE][PASSED] - Text '' is set on object 'Object Repository/RecAndPlayBk/Page-Vlink-AuthOnly/input_Card ex month_card_exmo'

2023-01-13 18:41:54 - [TEST_STEP][PASSED] - setText(findTestObject("Object Repository/RecAndPlayBk/Page-Vlink-AuthOnly/input_Card ex year_card_exyr"), exY): Text '2025' is set on object 'Object Repository/RecAndPlayBk/Page-Vlink-AuthOnly/input_Card ex year_card_exyr'

2023-01-13 18:41:55 - [MESSAGE][PASSED] - Text '2025' is set on object 'Object Repository/RecAndPlayBk/Page-Vlink-AuthOnly/input_Card ex year_card_exyr'

2023-01-13 18:41:55 - [TEST_STEP][PASSED] - setText(findTestObject("Object Repository/RecAndPlayBk/Page-Vlink-AuthOnly/input_Track Data_track_data"), ""): Text '' is set on object 'Object Repository/RecAndPlayBk/Page-Vlink-AuthOnly/input_Track Data_track_data'

2023-01-13 18:41:55 - [MESSAGE][PASSED] - Text '' is set on object 'Object Repository/RecAndPlayBk/Page-Vlink-AuthOnly/input_Track Data_track_data'

2023-01-13 18:41:55 - [TEST_STEP][PASSED] - setText(findTestObject("Object Repository/RecAndPlayBk/Page-Vlink-AuthOnly/input_concat(Cardholder, , s email)_email"), ""): Text '' is set on object 'Object Repository/RecAndPlayBk/Page-Vlink-AuthOnly/input_concat(Cardholder, , s email)_email'

2023-01-13 18:41:56 - [MESSAGE][PASSED] - Text '' is set on object 'Object Repository/RecAndPlayBk/Page-Vlink-AuthOnly/input_concat(Cardholder, , s email)_email'

2023-01-13 18:41:56 - [TEST_STEP][PASSED] - click(findTestObject("Object Repository/RecAndPlayBk/Page-Vlink-AuthOnly/input_user_defined10_user_defined10")): Object: 'Object Repository/RecAndPlayBk/Page-Vlink-AuthOnly/input_user_defined10_user_defined10' is clicked on

2023-01-13 18:41:57 - [MESSAGE][PASSED] - Object: 'Object Repository/RecAndPlayBk/Page-Vlink-AuthOnly/input_user_defined10_user_defined10' is clicked on

2023-01-13 18:41:57 - [TEST_STEP][PASSED] - setText(findTestObject("Object Repository/RecAndPlayBk/Page-Vlink-AuthOnly/input_Card on File Indicator_card_on_file_i_157dae"), ""): Text '' is set on object 'Object Repository/RecAndPlayBk/Page-Vlink-AuthOnly/input_Card on File Indicator_card_on_file_i_157dae'

2023-01-13 18:41:57 - [MESSAGE][PASSED] - Text '' is set on object 'Object Repository/RecAndPlayBk/Page-Vlink-AuthOnly/input_Card on File Indicator_card_on_file_i_157dae'

2023-01-13 18:41:57 - [TEST_STEP][PASSED] - setText(findTestObject("Object Repository/RecAndPlayBk/Page-Vlink-AuthOnly/input_Stored Credential Indicator_stored_cr_4ae73c"), ""): Text '' is set on object 'Object Repository/RecAndPlayBk/Page-Vlink-AuthOnly/input_Stored Credential Indicator_stored_cr_4ae73c'

2023-01-13 18:41:58 - [MESSAGE][PASSED] - Text '' is set on object 'Object Repository/RecAndPlayBk/Page-Vlink-AuthOnly/input_Stored Credential Indicator_stored_cr_4ae73c'

2023-01-13 18:41:58 - [TEST_STEP][PASSED] - setText(findTestObject("Object Repository/RecAndPlayBk/Page-Vlink-AuthOnly/input_COF Scheduled indicator_cof_scheduled_8df7d8"), ""): Text '' is set on object 'Object Repository/RecAndPlayBk/Page-Vlink-AuthOnly/input_COF Scheduled indicator_cof_scheduled_8df7d8'

2023-01-13 18:41:59 - [MESSAGE][PASSED] - Text '' is set on object 'Object Repository/RecAndPlayBk/Page-Vlink-AuthOnly/input_COF Scheduled indicator_cof_scheduled_8df7d8'

2023-01-13 18:41:59 - [TEST_STEP][PASSED] - setText(findTestObject("Object Repository/RecAndPlayBk/Page-Vlink-AuthOnly/input_COF Transaction Initiated by_cof_tran_6cded5"), ""): Text '' is set on object 'Object Repository/RecAndPlayBk/Page-Vlink-AuthOnly/input_COF Transaction Initiated by_cof_tran_6cded5'

2023-01-13 18:42:00 - [MESSAGE][PASSED] - Text '' is set on object 'Object Repository/RecAndPlayBk/Page-Vlink-AuthOnly/input_COF Transaction Initiated by_cof_tran_6cded5'

2023-01-13 18:42:00 - [TEST_STEP][PASSED] - click(findTestObject("Object Repository/RecAndPlayBk/Page-Vlink-AuthOnly/input")): Object: 'Object Repository/RecAndPlayBk/Page-Vlink-AuthOnly/input' is clicked on

2023-01-13 18:42:01 - [MESSAGE][PASSED] - Object: 'Object Repository/RecAndPlayBk/Page-Vlink-AuthOnly/input' is clicked on

2023-01-13 18:42:01 - [TEST_STEP][PASSED] - if (verifyTextPresent(errorMsg, true)): null

2023-01-13 18:42:01 - [MESSAGE][PASSED] - Text 'card_exmo' is present on page  using regular expression

2023-01-13 18:42:01 - [TEST_STEP][PASSED] - println("Error Message is present on the Confirmation page"): null

2023-01-13 18:42:01 - [TEST_STEP][PASSED] - out.println("Pass Record Number: " + row): null

2023-01-13 18:42:01 - [TEST_STEP][PASSED] - resText = "Pass": null

2023-01-13 18:42:01 - [TEST_STEP][PASSED] - pages.WriteExcel.demoKey(resText, datText, resColumn, datCloumn, fileLoc, nameSheet, row): pages.WriteExcel.demoKey is PASSED

2023-01-13 18:42:01 - [MESSAGE][PASSED] - pages.WriteExcel.demoKey is PASSED

2023-01-13 18:42:01 - [TEST_STEP][PASSED] - ExecuteTC = findTestData(dataFile).getValue("Execute", row): null

2023-01-13 18:42:01 - [TEST_STEP][PASSED] - out.println("Value of Execute is : " + ExecuteTC): null

2023-01-13 18:42:01 - [TEST_STEP][PASSED] - if (ExecuteTC.equalsIgnoreCase("Y")): null

2023-01-13 18:42:01 - [TEST_STEP][PASSED] - out.println("Begin Record Number: " + row): null

2023-01-13 18:42:01 - [TEST_STEP][PASSED] - today = new java.util.Date(): null

2023-01-13 18:42:01 - [TEST_STEP][PASSED] - println(today): null

2023-01-13 18:42:01 - [TEST_STEP][PASSED] - datText = today: null

2023-01-13 18:42:01 - [TEST_STEP][PASSED] - errorMsg = findTestData(dataFile).getValue("ErrorMsg", row): null

2023-01-13 18:42:01 - [TEST_STEP][PASSED] - appID = findTestData(dataFile).getValue("AppID", row): null

2023-01-13 18:42:01 - [TEST_STEP][PASSED] - username = findTestData(dataFile).getValue("Username", row): null

2023-01-13 18:42:01 - [TEST_STEP][PASSED] - password = findTestData(dataFile).getValue("Password", row): null

2023-01-13 18:42:01 - [TEST_STEP][PASSED] - tranType = findTestData(dataFile).getValue("TranType", row): null

2023-01-13 18:42:02 - [TEST_STEP][PASSED] - mv = findTestData(dataFile).getValue("MV", row): null

2023-01-13 18:42:02 - [TEST_STEP][PASSED] - resFormat = findTestData(dataFile).getValue("ResFormat", row): null

2023-01-13 18:42:02 - [TEST_STEP][PASSED] - category = findTestData(dataFile).getValue("Category", row): null

2023-01-13 18:42:02 - [TEST_STEP][PASSED] - amount = findTestData(dataFile).getValue("Amount", row): null

2023-01-13 18:42:02 - [TEST_STEP][PASSED] - cardName = findTestData(dataFile).getValue("CardName", row): null

2023-01-13 18:42:02 - [TEST_STEP][PASSED] - al1 = findTestData(dataFile).getValue("AL1", row): null

2023-01-13 18:42:02 - [TEST_STEP][PASSED] - city = findTestData(dataFile).getValue("City", row): null

2023-01-13 18:42:02 - [TEST_STEP][PASSED] - state = findTestData(dataFile).getValue("State", row): null

2023-01-13 18:42:02 - [TEST_STEP][PASSED] - zip = findTestData(dataFile).getValue("ZIP", row): null

2023-01-13 18:42:02 - [TEST_STEP][PASSED] - cardNumber = findTestData(dataFile).getValue("CardNumber", row): null

2023-01-13 18:42:02 - [TEST_STEP][PASSED] - exM = findTestData(dataFile).getValue("ExM", row): null

2023-01-13 18:42:02 - [TEST_STEP][PASSED] - exY = findTestData(dataFile).getValue("ExY", row): null

2023-01-13 18:42:02 - [TEST_STEP][PASSED] - openBrowser(VLinkURL + "auth.html"): Browser is opened with url: 'https://dev-algorithm.govolution.com/vlinktest/QA/version_2_0/auth.html'

2023-01-13 18:42:02 - [MESSAGE][WARNING] - A browser is already opened. Closing browser and opening a new one

2023-01-13 18:42:03 - [MESSAGE][INFO] - Starting 'Chrome' driver

2023-01-13 18:42:03 - [MESSAGE][INFO] - User set preference: ['acceptInsecureCerts', 'true']

2023-01-13 18:42:03 - [MESSAGE][INFO] - Action delay is set to 0 milliseconds

2023-01-13 18:42:05 - [MESSAGE][PASSED] - Browser is opened with url: 'https://dev-algorithm.govolution.com/vlinktest/QA/version_2_0/auth.html'

2023-01-13 18:42:05 - [TEST_STEP][PASSED] - maximizeWindow(): Current window maximized

2023-01-13 18:42:05 - [MESSAGE][PASSED] - Current window maximized

2023-01-13 18:42:05 - [TEST_STEP][PASSED] - maximizeWindow(): Current window maximized

2023-01-13 18:42:05 - [MESSAGE][PASSED] - Current window maximized

2023-01-13 18:42:05 - [TEST_STEP][PASSED] - setText(findTestObject("Object Repository/RecAndPlayBk/Page-Vlink-AuthOnly/txt_TransactionType"), tranType): Text '104' is set on object 'Object Repository/RecAndPlayBk/Page-Vlink-AuthOnly/txt_TransactionType'

2023-01-13 18:42:06 - [MESSAGE][PASSED] - Text '104' is set on object 'Object Repository/RecAndPlayBk/Page-Vlink-AuthOnly/txt_TransactionType'

2023-01-13 18:42:06 - [TEST_STEP][PASSED] - setText(findTestObject("Object Repository/RecAndPlayBk/Page-Vlink-AuthOnly/txt_MessageVersion"), mv): Text '2.0C' is set on object 'Object Repository/RecAndPlayBk/Page-Vlink-AuthOnly/txt_MessageVersion'

2023-01-13 18:42:07 - [MESSAGE][PASSED] - Text '2.0C' is set on object 'Object Repository/RecAndPlayBk/Page-Vlink-AuthOnly/txt_MessageVersion'

2023-01-13 18:42:07 - [TEST_STEP][PASSED] - genRemID = RandomStringUtils.random(12, true, true): null

2023-01-13 18:42:07 - [TEST_STEP][PASSED] - setText(findTestObject("Object Repository/RecAndPlayBk/Page-Vlink-AuthOnly/input_Remittance Id_remittance_id"), genRemID): Text 'O3VZR5CBZXKX' is set on object 'Object Repository/RecAndPlayBk/Page-Vlink-AuthOnly/input_Remittance Id_remittance_id'

2023-01-13 18:42:08 - [MESSAGE][PASSED] - Text 'O3VZR5CBZXKX' is set on object 'Object Repository/RecAndPlayBk/Page-Vlink-AuthOnly/input_Remittance Id_remittance_id'

2023-01-13 18:42:08 - [TEST_STEP][PASSED] - setText(findTestObject("Object Repository/RecAndPlayBk/Page-Vlink-AuthOnly/input_Application Id_application_id"), appID): Text '234' is set on object 'Object Repository/RecAndPlayBk/Page-Vlink-AuthOnly/input_Application Id_application_id'

2023-01-13 18:42:09 - [MESSAGE][PASSED] - Text '234' is set on object 'Object Repository/RecAndPlayBk/Page-Vlink-AuthOnly/input_Application Id_application_id'

2023-01-13 18:42:09 - [TEST_STEP][PASSED] - setText(findTestObject("Object Repository/RecAndPlayBk/Page-Vlink-AuthOnly/input_Username_username"), username): Text 'username' is set on object 'Object Repository/RecAndPlayBk/Page-Vlink-AuthOnly/input_Username_username'

2023-01-13 18:42:10 - [MESSAGE][PASSED] - Text 'username' is set on object 'Object Repository/RecAndPlayBk/Page-Vlink-AuthOnly/input_Username_username'

2023-01-13 18:42:10 - [TEST_STEP][PASSED] - setText(findTestObject("Object Repository/RecAndPlayBk/Page-Vlink-AuthOnly/input_Password_password"), password): Text 'password' is set on object 'Object Repository/RecAndPlayBk/Page-Vlink-AuthOnly/input_Password_password'

2023-01-13 18:42:11 - [MESSAGE][PASSED] - Text 'password' is set on object 'Object Repository/RecAndPlayBk/Page-Vlink-AuthOnly/input_Password_password'

2023-01-13 18:42:11 - [TEST_STEP][PASSED] - setText(findTestObject("Object Repository/RecAndPlayBk/Page-Vlink-AuthOnly/txt_ResponseFormat"), resFormat): Text 'fixed_width' is set on object 'Object Repository/RecAndPlayBk/Page-Vlink-AuthOnly/txt_ResponseFormat'

2023-01-13 18:42:12 - [MESSAGE][PASSED] - Text 'fixed_width' is set on object 'Object Repository/RecAndPlayBk/Page-Vlink-AuthOnly/txt_ResponseFormat'

2023-01-13 18:42:12 - [TEST_STEP][PASSED] - setText(findTestObject("Object Repository/RecAndPlayBk/Page-Vlink-AuthOnly/input_Category_category"), category): Text 'RETL' is set on object 'Object Repository/RecAndPlayBk/Page-Vlink-AuthOnly/input_Category_category'

2023-01-13 18:42:13 - [MESSAGE][PASSED] - Text 'RETL' is set on object 'Object Repository/RecAndPlayBk/Page-Vlink-AuthOnly/input_Category_category'

2023-01-13 18:42:13 - [TEST_STEP][PASSED] - setText(findTestObject("Object Repository/RecAndPlayBk/Page-Vlink-AuthOnly/txt_CardName"), cardName): Text 'Kris Roshan' is set on object 'Object Repository/RecAndPlayBk/Page-Vlink-AuthOnly/txt_CardName'

2023-01-13 18:42:13 - [MESSAGE][PASSED] - Text 'Kris Roshan' is set on object 'Object Repository/RecAndPlayBk/Page-Vlink-AuthOnly/txt_CardName'

2023-01-13 18:42:13 - [TEST_STEP][PASSED] - setText(findTestObject("Object Repository/RecAndPlayBk/Page-Vlink-AuthOnly/txt_AL1"), al1): Text '258 Elm Road' is set on object 'Object Repository/RecAndPlayBk/Page-Vlink-AuthOnly/txt_AL1'

2023-01-13 18:42:14 - [MESSAGE][PASSED] - Text '258 Elm Road' is set on object 'Object Repository/RecAndPlayBk/Page-Vlink-AuthOnly/txt_AL1'

2023-01-13 18:42:14 - [TEST_STEP][PASSED] - setText(findTestObject("Object Repository/RecAndPlayBk/Page-Vlink-AuthOnly/txt_CardCity"), city): Text 'Arlington' is set on object 'Object Repository/RecAndPlayBk/Page-Vlink-AuthOnly/txt_CardCity'

2023-01-13 18:42:15 - [MESSAGE][PASSED] - Text 'Arlington' is set on object 'Object Repository/RecAndPlayBk/Page-Vlink-AuthOnly/txt_CardCity'

2023-01-13 18:42:15 - [TEST_STEP][PASSED] - setText(findTestObject("Object Repository/RecAndPlayBk/Page-Vlink-AuthOnly/txt_CardState"), state): Text 'VA' is set on object 'Object Repository/RecAndPlayBk/Page-Vlink-AuthOnly/txt_CardState'

2023-01-13 18:42:15 - [MESSAGE][PASSED] - Text 'VA' is set on object 'Object Repository/RecAndPlayBk/Page-Vlink-AuthOnly/txt_CardState'

2023-01-13 18:42:15 - [TEST_STEP][PASSED] - setText(findTestObject("Object Repository/RecAndPlayBk/Page-Vlink-AuthOnly/txt_CardZIP"), zip): Text '22201' is set on object 'Object Repository/RecAndPlayBk/Page-Vlink-AuthOnly/txt_CardZIP'

2023-01-13 18:42:16 - [MESSAGE][PASSED] - Text '22201' is set on object 'Object Repository/RecAndPlayBk/Page-Vlink-AuthOnly/txt_CardZIP'

2023-01-13 18:42:16 - [TEST_STEP][PASSED] - setText(findTestObject("Object Repository/RecAndPlayBk/Page-Vlink-AuthOnly/input_Amount_amount"), amount): Text '1.50' is set on object 'Object Repository/RecAndPlayBk/Page-Vlink-AuthOnly/input_Amount_amount'

2023-01-13 18:42:17 - [MESSAGE][PASSED] - Text '1.50' is set on object 'Object Repository/RecAndPlayBk/Page-Vlink-AuthOnly/input_Amount_amount'

2023-01-13 18:42:17 - [TEST_STEP][PASSED] - setText(findTestObject("Object Repository/RecAndPlayBk/Page-Vlink-AuthOnly/input_Card number_card_number"), cardNumber): Text '4111111111111111' is set on object 'Object Repository/RecAndPlayBk/Page-Vlink-AuthOnly/input_Card number_card_number'

2023-01-13 18:42:18 - [MESSAGE][PASSED] - Text '4111111111111111' is set on object 'Object Repository/RecAndPlayBk/Page-Vlink-AuthOnly/input_Card number_card_number'

2023-01-13 18:42:18 - [TEST_STEP][PASSED] - setText(findTestObject("Object Repository/RecAndPlayBk/Page-Vlink-AuthOnly/input_Card ex month_card_exmo"), exM): Text '' is set on object 'Object Repository/RecAndPlayBk/Page-Vlink-AuthOnly/input_Card ex month_card_exmo'

2023-01-13 18:42:19 - [MESSAGE][PASSED] - Text '' is set on object 'Object Repository/RecAndPlayBk/Page-Vlink-AuthOnly/input_Card ex month_card_exmo'

2023-01-13 18:42:19 - [TEST_STEP][PASSED] - setText(findTestObject("Object Repository/RecAndPlayBk/Page-Vlink-AuthOnly/input_Card ex year_card_exyr"), exY): Text '2025' is set on object 'Object Repository/RecAndPlayBk/Page-Vlink-AuthOnly/input_Card ex year_card_exyr'

2023-01-13 18:42:20 - [MESSAGE][PASSED] - Text '2025' is set on object 'Object Repository/RecAndPlayBk/Page-Vlink-AuthOnly/input_Card ex year_card_exyr'

2023-01-13 18:42:20 - [TEST_STEP][PASSED] - setText(findTestObject("Object Repository/RecAndPlayBk/Page-Vlink-AuthOnly/input_Track Data_track_data"), ""): Text '' is set on object 'Object Repository/RecAndPlayBk/Page-Vlink-AuthOnly/input_Track Data_track_data'

2023-01-13 18:42:20 - [MESSAGE][PASSED] - Text '' is set on object 'Object Repository/RecAndPlayBk/Page-Vlink-AuthOnly/input_Track Data_track_data'

2023-01-13 18:42:20 - [TEST_STEP][PASSED] - setText(findTestObject("Object Repository/RecAndPlayBk/Page-Vlink-AuthOnly/input_concat(Cardholder, , s email)_email"), ""): Text '' is set on object 'Object Repository/RecAndPlayBk/Page-Vlink-AuthOnly/input_concat(Cardholder, , s email)_email'

2023-01-13 18:42:21 - [MESSAGE][PASSED] - Text '' is set on object 'Object Repository/RecAndPlayBk/Page-Vlink-AuthOnly/input_concat(Cardholder, , s email)_email'

2023-01-13 18:42:21 - [TEST_STEP][PASSED] - click(findTestObject("Object Repository/RecAndPlayBk/Page-Vlink-AuthOnly/input_user_defined10_user_defined10")): Object: 'Object Repository/RecAndPlayBk/Page-Vlink-AuthOnly/input_user_defined10_user_defined10' is clicked on

2023-01-13 18:42:22 - [MESSAGE][PASSED] - Object: 'Object Repository/RecAndPlayBk/Page-Vlink-AuthOnly/input_user_defined10_user_defined10' is clicked on

2023-01-13 18:42:22 - [TEST_STEP][PASSED] - setText(findTestObject("Object Repository/RecAndPlayBk/Page-Vlink-AuthOnly/input_Card on File Indicator_card_on_file_i_157dae"), ""): Text '' is set on object 'Object Repository/RecAndPlayBk/Page-Vlink-AuthOnly/input_Card on File Indicator_card_on_file_i_157dae'

2023-01-13 18:42:22 - [MESSAGE][PASSED] - Text '' is set on object 'Object Repository/RecAndPlayBk/Page-Vlink-AuthOnly/input_Card on File Indicator_card_on_file_i_157dae'

2023-01-13 18:42:22 - [TEST_STEP][PASSED] - setText(findTestObject("Object Repository/RecAndPlayBk/Page-Vlink-AuthOnly/input_Stored Credential Indicator_stored_cr_4ae73c"), ""): Text '' is set on object 'Object Repository/RecAndPlayBk/Page-Vlink-AuthOnly/input_Stored Credential Indicator_stored_cr_4ae73c'

2023-01-13 18:42:23 - [MESSAGE][PASSED] - Text '' is set on object 'Object Repository/RecAndPlayBk/Page-Vlink-AuthOnly/input_Stored Credential Indicator_stored_cr_4ae73c'

2023-01-13 18:42:23 - [TEST_STEP][PASSED] - setText(findTestObject("Object Repository/RecAndPlayBk/Page-Vlink-AuthOnly/input_COF Scheduled indicator_cof_scheduled_8df7d8"), ""): Text '' is set on object 'Object Repository/RecAndPlayBk/Page-Vlink-AuthOnly/input_COF Scheduled indicator_cof_scheduled_8df7d8'

2023-01-13 18:42:24 - [MESSAGE][PASSED] - Text '' is set on object 'Object Repository/RecAndPlayBk/Page-Vlink-AuthOnly/input_COF Scheduled indicator_cof_scheduled_8df7d8'

2023-01-13 18:42:24 - [TEST_STEP][PASSED] - setText(findTestObject("Object Repository/RecAndPlayBk/Page-Vlink-AuthOnly/input_COF Transaction Initiated by_cof_tran_6cded5"), ""): Text '' is set on object 'Object Repository/RecAndPlayBk/Page-Vlink-AuthOnly/input_COF Transaction Initiated by_cof_tran_6cded5'

2023-01-13 18:42:25 - [MESSAGE][PASSED] - Text '' is set on object 'Object Repository/RecAndPlayBk/Page-Vlink-AuthOnly/input_COF Transaction Initiated by_cof_tran_6cded5'

2023-01-13 18:42:25 - [TEST_STEP][PASSED] - click(findTestObject("Object Repository/RecAndPlayBk/Page-Vlink-AuthOnly/input")): Object: 'Object Repository/RecAndPlayBk/Page-Vlink-AuthOnly/input' is clicked on

2023-01-13 18:42:25 - [MESSAGE][PASSED] - Object: 'Object Repository/RecAndPlayBk/Page-Vlink-AuthOnly/input' is clicked on

2023-01-13 18:42:25 - [TEST_STEP][PASSED] - if (verifyTextPresent(errorMsg, true)): null

2023-01-13 18:42:26 - [MESSAGE][PASSED] - Text 'card_exmo' is present on page  using regular expression

2023-01-13 18:42:26 - [TEST_STEP][PASSED] - println("Error Message is present on the Confirmation page"): null

2023-01-13 18:42:26 - [TEST_STEP][PASSED] - out.println("Pass Record Number: " + row): null

2023-01-13 18:42:26 - [TEST_STEP][PASSED] - resText = "Pass": null

2023-01-13 18:42:26 - [TEST_STEP][PASSED] - pages.WriteExcel.demoKey(resText, datText, resColumn, datCloumn, fileLoc, nameSheet, row): pages.WriteExcel.demoKey is PASSED

2023-01-13 18:42:26 - [MESSAGE][PASSED] - pages.WriteExcel.demoKey is PASSED

2023-01-13 18:42:26 - [TEST_STEP][PASSED] - ExecuteTC = findTestData(dataFile).getValue("Execute", row): null

2023-01-13 18:42:26 - [TEST_STEP][PASSED] - out.println("Value of Execute is : " + ExecuteTC): null

2023-01-13 18:42:26 - [TEST_STEP][PASSED] - if (ExecuteTC.equalsIgnoreCase("Y")): null

2023-01-13 18:42:26 - [TEST_STEP][PASSED] - out.println("Begin Record Number: " + row): null

2023-01-13 18:42:26 - [TEST_STEP][PASSED] - today = new java.util.Date(): null

2023-01-13 18:42:26 - [TEST_STEP][PASSED] - println(today): null

2023-01-13 18:42:26 - [TEST_STEP][PASSED] - datText = today: null

2023-01-13 18:42:26 - [TEST_STEP][PASSED] - errorMsg = findTestData(dataFile).getValue("ErrorMsg", row): null

2023-01-13 18:42:26 - [TEST_STEP][PASSED] - appID = findTestData(dataFile).getValue("AppID", row): null

2023-01-13 18:42:26 - [TEST_STEP][PASSED] - username = findTestData(dataFile).getValue("Username", row): null

2023-01-13 18:42:26 - [TEST_STEP][PASSED] - password = findTestData(dataFile).getValue("Password", row): null

2023-01-13 18:42:26 - [TEST_STEP][PASSED] - tranType = findTestData(dataFile).getValue("TranType", row): null

2023-01-13 18:42:26 - [TEST_STEP][PASSED] - mv = findTestData(dataFile).getValue("MV", row): null

2023-01-13 18:42:26 - [TEST_STEP][PASSED] - resFormat = findTestData(dataFile).getValue("ResFormat", row): null

2023-01-13 18:42:26 - [TEST_STEP][PASSED] - category = findTestData(dataFile).getValue("Category", row): null

2023-01-13 18:42:26 - [TEST_STEP][PASSED] - amount = findTestData(dataFile).getValue("Amount", row): null

2023-01-13 18:42:26 - [TEST_STEP][PASSED] - cardName = findTestData(dataFile).getValue("CardName", row): null

2023-01-13 18:42:27 - [TEST_STEP][PASSED] - al1 = findTestData(dataFile).getValue("AL1", row): null

2023-01-13 18:42:27 - [TEST_STEP][PASSED] - city = findTestData(dataFile).getValue("City", row): null

2023-01-13 18:42:27 - [TEST_STEP][PASSED] - state = findTestData(dataFile).getValue("State", row): null

2023-01-13 18:42:27 - [TEST_STEP][PASSED] - zip = findTestData(dataFile).getValue("ZIP", row): null

2023-01-13 18:42:27 - [TEST_STEP][PASSED] - cardNumber = findTestData(dataFile).getValue("CardNumber", row): null

2023-01-13 18:42:27 - [TEST_STEP][PASSED] - exM = findTestData(dataFile).getValue("ExM", row): null

2023-01-13 18:42:27 - [TEST_STEP][PASSED] - exY = findTestData(dataFile).getValue("ExY", row): null

2023-01-13 18:42:27 - [TEST_STEP][PASSED] - openBrowser(VLinkURL + "auth.html"): Browser is opened with url: 'https://dev-algorithm.govolution.com/vlinktest/QA/version_2_0/auth.html'

2023-01-13 18:42:27 - [MESSAGE][WARNING] - A browser is already opened. Closing browser and opening a new one

2023-01-13 18:42:28 - [MESSAGE][INFO] - Starting 'Chrome' driver

2023-01-13 18:42:28 - [MESSAGE][INFO] - User set preference: ['acceptInsecureCerts', 'true']

2023-01-13 18:42:28 - [MESSAGE][INFO] - Action delay is set to 0 milliseconds

2023-01-13 18:42:30 - [MESSAGE][PASSED] - Browser is opened with url: 'https://dev-algorithm.govolution.com/vlinktest/QA/version_2_0/auth.html'

2023-01-13 18:42:30 - [TEST_STEP][PASSED] - maximizeWindow(): Current window maximized

2023-01-13 18:42:30 - [MESSAGE][PASSED] - Current window maximized

2023-01-13 18:42:30 - [TEST_STEP][PASSED] - maximizeWindow(): Current window maximized

2023-01-13 18:42:30 - [MESSAGE][PASSED] - Current window maximized

2023-01-13 18:42:30 - [TEST_STEP][PASSED] - setText(findTestObject("Object Repository/RecAndPlayBk/Page-Vlink-AuthOnly/txt_TransactionType"), tranType): Text '104' is set on object 'Object Repository/RecAndPlayBk/Page-Vlink-AuthOnly/txt_TransactionType'

2023-01-13 18:42:31 - [MESSAGE][PASSED] - Text '104' is set on object 'Object Repository/RecAndPlayBk/Page-Vlink-AuthOnly/txt_TransactionType'

2023-01-13 18:42:31 - [TEST_STEP][PASSED] - setText(findTestObject("Object Repository/RecAndPlayBk/Page-Vlink-AuthOnly/txt_MessageVersion"), mv): Text '2.0C' is set on object 'Object Repository/RecAndPlayBk/Page-Vlink-AuthOnly/txt_MessageVersion'

2023-01-13 18:42:31 - [MESSAGE][PASSED] - Text '2.0C' is set on object 'Object Repository/RecAndPlayBk/Page-Vlink-AuthOnly/txt_MessageVersion'

2023-01-13 18:42:31 - [TEST_STEP][PASSED] - genRemID = RandomStringUtils.random(12, true, true): null

2023-01-13 18:42:31 - [TEST_STEP][PASSED] - setText(findTestObject("Object Repository/RecAndPlayBk/Page-Vlink-AuthOnly/input_Remittance Id_remittance_id"), genRemID): Text 'hSvYqiMxk5U3' is set on object 'Object Repository/RecAndPlayBk/Page-Vlink-AuthOnly/input_Remittance Id_remittance_id'

2023-01-13 18:42:32 - [MESSAGE][PASSED] - Text 'hSvYqiMxk5U3' is set on object 'Object Repository/RecAndPlayBk/Page-Vlink-AuthOnly/input_Remittance Id_remittance_id'

2023-01-13 18:42:32 - [TEST_STEP][PASSED] - setText(findTestObject("Object Repository/RecAndPlayBk/Page-Vlink-AuthOnly/input_Application Id_application_id"), appID): Text '234' is set on object 'Object Repository/RecAndPlayBk/Page-Vlink-AuthOnly/input_Application Id_application_id'

2023-01-13 18:42:33 - [MESSAGE][PASSED] - Text '234' is set on object 'Object Repository/RecAndPlayBk/Page-Vlink-AuthOnly/input_Application Id_application_id'

2023-01-13 18:42:33 - [TEST_STEP][PASSED] - setText(findTestObject("Object Repository/RecAndPlayBk/Page-Vlink-AuthOnly/input_Username_username"), username): Text 'username' is set on object 'Object Repository/RecAndPlayBk/Page-Vlink-AuthOnly/input_Username_username'

2023-01-13 18:42:34 - [MESSAGE][PASSED] - Text 'username' is set on object 'Object Repository/RecAndPlayBk/Page-Vlink-AuthOnly/input_Username_username'

2023-01-13 18:42:34 - [TEST_STEP][PASSED] - setText(findTestObject("Object Repository/RecAndPlayBk/Page-Vlink-AuthOnly/input_Password_password"), password): Text 'password' is set on object 'Object Repository/RecAndPlayBk/Page-Vlink-AuthOnly/input_Password_password'

2023-01-13 18:42:34 - [MESSAGE][PASSED] - Text 'password' is set on object 'Object Repository/RecAndPlayBk/Page-Vlink-AuthOnly/input_Password_password'

2023-01-13 18:42:34 - [TEST_STEP][PASSED] - setText(findTestObject("Object Repository/RecAndPlayBk/Page-Vlink-AuthOnly/txt_ResponseFormat"), resFormat): Text 'fixed_width' is set on object 'Object Repository/RecAndPlayBk/Page-Vlink-AuthOnly/txt_ResponseFormat'

2023-01-13 18:42:35 - [MESSAGE][PASSED] - Text 'fixed_width' is set on object 'Object Repository/RecAndPlayBk/Page-Vlink-AuthOnly/txt_ResponseFormat'

2023-01-13 18:42:35 - [TEST_STEP][PASSED] - setText(findTestObject("Object Repository/RecAndPlayBk/Page-Vlink-AuthOnly/input_Category_category"), category): Text 'ECOM' is set on object 'Object Repository/RecAndPlayBk/Page-Vlink-AuthOnly/input_Category_category'

2023-01-13 18:42:36 - [MESSAGE][PASSED] - Text 'ECOM' is set on object 'Object Repository/RecAndPlayBk/Page-Vlink-AuthOnly/input_Category_category'

2023-01-13 18:42:36 - [TEST_STEP][PASSED] - setText(findTestObject("Object Repository/RecAndPlayBk/Page-Vlink-AuthOnly/txt_CardName"), cardName): Text 'Kris Roshan' is set on object 'Object Repository/RecAndPlayBk/Page-Vlink-AuthOnly/txt_CardName'

2023-01-13 18:42:37 - [MESSAGE][PASSED] - Text 'Kris Roshan' is set on object 'Object Repository/RecAndPlayBk/Page-Vlink-AuthOnly/txt_CardName'

2023-01-13 18:42:37 - [TEST_STEP][PASSED] - setText(findTestObject("Object Repository/RecAndPlayBk/Page-Vlink-AuthOnly/txt_AL1"), al1): Text '258 Elm Road' is set on object 'Object Repository/RecAndPlayBk/Page-Vlink-AuthOnly/txt_AL1'

2023-01-13 18:42:37 - [MESSAGE][PASSED] - Text '258 Elm Road' is set on object 'Object Repository/RecAndPlayBk/Page-Vlink-AuthOnly/txt_AL1'

2023-01-13 18:42:37 - [TEST_STEP][PASSED] - setText(findTestObject("Object Repository/RecAndPlayBk/Page-Vlink-AuthOnly/txt_CardCity"), city): Text 'Arlington' is set on object 'Object Repository/RecAndPlayBk/Page-Vlink-AuthOnly/txt_CardCity'

2023-01-13 18:42:38 - [MESSAGE][PASSED] - Text 'Arlington' is set on object 'Object Repository/RecAndPlayBk/Page-Vlink-AuthOnly/txt_CardCity'

2023-01-13 18:42:38 - [TEST_STEP][PASSED] - setText(findTestObject("Object Repository/RecAndPlayBk/Page-Vlink-AuthOnly/txt_CardState"), state): Text 'VA' is set on object 'Object Repository/RecAndPlayBk/Page-Vlink-AuthOnly/txt_CardState'

2023-01-13 18:42:39 - [MESSAGE][PASSED] - Text 'VA' is set on object 'Object Repository/RecAndPlayBk/Page-Vlink-AuthOnly/txt_CardState'

2023-01-13 18:42:39 - [TEST_STEP][PASSED] - setText(findTestObject("Object Repository/RecAndPlayBk/Page-Vlink-AuthOnly/txt_CardZIP"), zip): Text '22201' is set on object 'Object Repository/RecAndPlayBk/Page-Vlink-AuthOnly/txt_CardZIP'

2023-01-13 18:42:40 - [MESSAGE][PASSED] - Text '22201' is set on object 'Object Repository/RecAndPlayBk/Page-Vlink-AuthOnly/txt_CardZIP'

2023-01-13 18:42:40 - [TEST_STEP][PASSED] - setText(findTestObject("Object Repository/RecAndPlayBk/Page-Vlink-AuthOnly/input_Amount_amount"), amount): Text '1.50' is set on object 'Object Repository/RecAndPlayBk/Page-Vlink-AuthOnly/input_Amount_amount'

2023-01-13 18:42:41 - [MESSAGE][PASSED] - Text '1.50' is set on object 'Object Repository/RecAndPlayBk/Page-Vlink-AuthOnly/input_Amount_amount'

2023-01-13 18:42:41 - [TEST_STEP][PASSED] - setText(findTestObject("Object Repository/RecAndPlayBk/Page-Vlink-AuthOnly/input_Card number_card_number"), cardNumber): Text '4111111111111111' is set on object 'Object Repository/RecAndPlayBk/Page-Vlink-AuthOnly/input_Card number_card_number'

2023-01-13 18:42:42 - [MESSAGE][PASSED] - Text '4111111111111111' is set on object 'Object Repository/RecAndPlayBk/Page-Vlink-AuthOnly/input_Card number_card_number'

2023-01-13 18:42:42 - [TEST_STEP][PASSED] - setText(findTestObject("Object Repository/RecAndPlayBk/Page-Vlink-AuthOnly/input_Card ex month_card_exmo"), exM): Text '12' is set on object 'Object Repository/RecAndPlayBk/Page-Vlink-AuthOnly/input_Card ex month_card_exmo'

2023-01-13 18:42:43 - [MESSAGE][PASSED] - Text '12' is set on object 'Object Repository/RecAndPlayBk/Page-Vlink-AuthOnly/input_Card ex month_card_exmo'

2023-01-13 18:42:43 - [TEST_STEP][PASSED] - setText(findTestObject("Object Repository/RecAndPlayBk/Page-Vlink-AuthOnly/input_Card ex year_card_exyr"), exY): Text '' is set on object 'Object Repository/RecAndPlayBk/Page-Vlink-AuthOnly/input_Card ex year_card_exyr'

2023-01-13 18:42:44 - [MESSAGE][PASSED] - Text '' is set on object 'Object Repository/RecAndPlayBk/Page-Vlink-AuthOnly/input_Card ex year_card_exyr'

2023-01-13 18:42:44 - [TEST_STEP][PASSED] - setText(findTestObject("Object Repository/RecAndPlayBk/Page-Vlink-AuthOnly/input_Track Data_track_data"), ""): Text '' is set on object 'Object Repository/RecAndPlayBk/Page-Vlink-AuthOnly/input_Track Data_track_data'

2023-01-13 18:42:44 - [MESSAGE][PASSED] - Text '' is set on object 'Object Repository/RecAndPlayBk/Page-Vlink-AuthOnly/input_Track Data_track_data'

2023-01-13 18:42:44 - [TEST_STEP][PASSED] - setText(findTestObject("Object Repository/RecAndPlayBk/Page-Vlink-AuthOnly/input_concat(Cardholder, , s email)_email"), ""): Text '' is set on object 'Object Repository/RecAndPlayBk/Page-Vlink-AuthOnly/input_concat(Cardholder, , s email)_email'

2023-01-13 18:42:45 - [MESSAGE][PASSED] - Text '' is set on object 'Object Repository/RecAndPlayBk/Page-Vlink-AuthOnly/input_concat(Cardholder, , s email)_email'

2023-01-13 18:42:45 - [TEST_STEP][PASSED] - click(findTestObject("Object Repository/RecAndPlayBk/Page-Vlink-AuthOnly/input_user_defined10_user_defined10")): Object: 'Object Repository/RecAndPlayBk/Page-Vlink-AuthOnly/input_user_defined10_user_defined10' is clicked on

2023-01-13 18:42:46 - [MESSAGE][PASSED] - Object: 'Object Repository/RecAndPlayBk/Page-Vlink-AuthOnly/input_user_defined10_user_defined10' is clicked on

2023-01-13 18:42:46 - [TEST_STEP][PASSED] - setText(findTestObject("Object Repository/RecAndPlayBk/Page-Vlink-AuthOnly/input_Card on File Indicator_card_on_file_i_157dae"), ""): Text '' is set on object 'Object Repository/RecAndPlayBk/Page-Vlink-AuthOnly/input_Card on File Indicator_card_on_file_i_157dae'

2023-01-13 18:42:47 - [MESSAGE][PASSED] - Text '' is set on object 'Object Repository/RecAndPlayBk/Page-Vlink-AuthOnly/input_Card on File Indicator_card_on_file_i_157dae'

2023-01-13 18:42:47 - [TEST_STEP][PASSED] - setText(findTestObject("Object Repository/RecAndPlayBk/Page-Vlink-AuthOnly/input_Stored Credential Indicator_stored_cr_4ae73c"), ""): Text '' is set on object 'Object Repository/RecAndPlayBk/Page-Vlink-AuthOnly/input_Stored Credential Indicator_stored_cr_4ae73c'

2023-01-13 18:42:47 - [MESSAGE][PASSED] - Text '' is set on object 'Object Repository/RecAndPlayBk/Page-Vlink-AuthOnly/input_Stored Credential Indicator_stored_cr_4ae73c'

2023-01-13 18:42:47 - [TEST_STEP][PASSED] - setText(findTestObject("Object Repository/RecAndPlayBk/Page-Vlink-AuthOnly/input_COF Scheduled indicator_cof_scheduled_8df7d8"), ""): Text '' is set on object 'Object Repository/RecAndPlayBk/Page-Vlink-AuthOnly/input_COF Scheduled indicator_cof_scheduled_8df7d8'

2023-01-13 18:42:48 - [MESSAGE][PASSED] - Text '' is set on object 'Object Repository/RecAndPlayBk/Page-Vlink-AuthOnly/input_COF Scheduled indicator_cof_scheduled_8df7d8'

2023-01-13 18:42:48 - [TEST_STEP][PASSED] - setText(findTestObject("Object Repository/RecAndPlayBk/Page-Vlink-AuthOnly/input_COF Transaction Initiated by_cof_tran_6cded5"), ""): Text '' is set on object 'Object Repository/RecAndPlayBk/Page-Vlink-AuthOnly/input_COF Transaction Initiated by_cof_tran_6cded5'

2023-01-13 18:42:49 - [MESSAGE][PASSED] - Text '' is set on object 'Object Repository/RecAndPlayBk/Page-Vlink-AuthOnly/input_COF Transaction Initiated by_cof_tran_6cded5'

2023-01-13 18:42:49 - [TEST_STEP][PASSED] - click(findTestObject("Object Repository/RecAndPlayBk/Page-Vlink-AuthOnly/input")): Object: 'Object Repository/RecAndPlayBk/Page-Vlink-AuthOnly/input' is clicked on

2023-01-13 18:42:50 - [MESSAGE][PASSED] - Object: 'Object Repository/RecAndPlayBk/Page-Vlink-AuthOnly/input' is clicked on

2023-01-13 18:42:50 - [TEST_STEP][PASSED] - if (verifyTextPresent(errorMsg, true)): null

2023-01-13 18:42:50 - [MESSAGE][PASSED] - Text 'card_exyr' is present on page  using regular expression

2023-01-13 18:42:50 - [TEST_STEP][PASSED] - println("Error Message is present on the Confirmation page"): null

2023-01-13 18:42:50 - [TEST_STEP][PASSED] - out.println("Pass Record Number: " + row): null

2023-01-13 18:42:50 - [TEST_STEP][PASSED] - resText = "Pass": null

2023-01-13 18:42:50 - [TEST_STEP][PASSED] - pages.WriteExcel.demoKey(resText, datText, resColumn, datCloumn, fileLoc, nameSheet, row): pages.WriteExcel.demoKey is PASSED

2023-01-13 18:42:50 - [MESSAGE][PASSED] - pages.WriteExcel.demoKey is PASSED

2023-01-13 18:42:50 - [TEST_STEP][PASSED] - ExecuteTC = findTestData(dataFile).getValue("Execute", row): null

2023-01-13 18:42:50 - [TEST_STEP][PASSED] - out.println("Value of Execute is : " + ExecuteTC): null

2023-01-13 18:42:50 - [TEST_STEP][PASSED] - if (ExecuteTC.equalsIgnoreCase("Y")): null

2023-01-13 18:42:50 - [TEST_STEP][PASSED] - out.println("Begin Record Number: " + row): null

2023-01-13 18:42:50 - [TEST_STEP][PASSED] - today = new java.util.Date(): null

2023-01-13 18:42:50 - [TEST_STEP][PASSED] - println(today): null

2023-01-13 18:42:50 - [TEST_STEP][PASSED] - datText = today: null

2023-01-13 18:42:50 - [TEST_STEP][PASSED] - errorMsg = findTestData(dataFile).getValue("ErrorMsg", row): null

2023-01-13 18:42:50 - [TEST_STEP][PASSED] - appID = findTestData(dataFile).getValue("AppID", row): null

2023-01-13 18:42:50 - [TEST_STEP][PASSED] - username = findTestData(dataFile).getValue("Username", row): null

2023-01-13 18:42:50 - [TEST_STEP][PASSED] - password = findTestData(dataFile).getValue("Password", row): null

2023-01-13 18:42:50 - [TEST_STEP][PASSED] - tranType = findTestData(dataFile).getValue("TranType", row): null

2023-01-13 18:42:50 - [TEST_STEP][PASSED] - mv = findTestData(dataFile).getValue("MV", row): null

2023-01-13 18:42:50 - [TEST_STEP][PASSED] - resFormat = findTestData(dataFile).getValue("ResFormat", row): null

2023-01-13 18:42:51 - [TEST_STEP][PASSED] - category = findTestData(dataFile).getValue("Category", row): null

2023-01-13 18:42:51 - [TEST_STEP][PASSED] - amount = findTestData(dataFile).getValue("Amount", row): null

2023-01-13 18:42:51 - [TEST_STEP][PASSED] - cardName = findTestData(dataFile).getValue("CardName", row): null

2023-01-13 18:42:51 - [TEST_STEP][PASSED] - al1 = findTestData(dataFile).getValue("AL1", row): null

2023-01-13 18:42:51 - [TEST_STEP][PASSED] - city = findTestData(dataFile).getValue("City", row): null

2023-01-13 18:42:51 - [TEST_STEP][PASSED] - state = findTestData(dataFile).getValue("State", row): null

2023-01-13 18:42:51 - [TEST_STEP][PASSED] - zip = findTestData(dataFile).getValue("ZIP", row): null

2023-01-13 18:42:51 - [TEST_STEP][PASSED] - cardNumber = findTestData(dataFile).getValue("CardNumber", row): null

2023-01-13 18:42:51 - [TEST_STEP][PASSED] - exM = findTestData(dataFile).getValue("ExM", row): null

2023-01-13 18:42:51 - [TEST_STEP][PASSED] - exY = findTestData(dataFile).getValue("ExY", row): null

2023-01-13 18:42:51 - [TEST_STEP][PASSED] - openBrowser(VLinkURL + "auth.html"): Browser is opened with url: 'https://dev-algorithm.govolution.com/vlinktest/QA/version_2_0/auth.html'

2023-01-13 18:42:51 - [MESSAGE][WARNING] - A browser is already opened. Closing browser and opening a new one

2023-01-13 18:42:52 - [MESSAGE][INFO] - Starting 'Chrome' driver

2023-01-13 18:42:52 - [MESSAGE][INFO] - User set preference: ['acceptInsecureCerts', 'true']

2023-01-13 18:42:52 - [MESSAGE][INFO] - Action delay is set to 0 milliseconds

2023-01-13 18:42:54 - [MESSAGE][PASSED] - Browser is opened with url: 'https://dev-algorithm.govolution.com/vlinktest/QA/version_2_0/auth.html'

2023-01-13 18:42:54 - [TEST_STEP][PASSED] - maximizeWindow(): Current window maximized

2023-01-13 18:42:54 - [MESSAGE][PASSED] - Current window maximized

2023-01-13 18:42:54 - [TEST_STEP][PASSED] - maximizeWindow(): Current window maximized

2023-01-13 18:42:54 - [MESSAGE][PASSED] - Current window maximized

2023-01-13 18:42:54 - [TEST_STEP][PASSED] - setText(findTestObject("Object Repository/RecAndPlayBk/Page-Vlink-AuthOnly/txt_TransactionType"), tranType): Text '104' is set on object 'Object Repository/RecAndPlayBk/Page-Vlink-AuthOnly/txt_TransactionType'

2023-01-13 18:42:55 - [MESSAGE][PASSED] - Text '104' is set on object 'Object Repository/RecAndPlayBk/Page-Vlink-AuthOnly/txt_TransactionType'

2023-01-13 18:42:55 - [TEST_STEP][PASSED] - setText(findTestObject("Object Repository/RecAndPlayBk/Page-Vlink-AuthOnly/txt_MessageVersion"), mv): Text '2.0C' is set on object 'Object Repository/RecAndPlayBk/Page-Vlink-AuthOnly/txt_MessageVersion'

2023-01-13 18:42:56 - [MESSAGE][PASSED] - Text '2.0C' is set on object 'Object Repository/RecAndPlayBk/Page-Vlink-AuthOnly/txt_MessageVersion'

2023-01-13 18:42:56 - [TEST_STEP][PASSED] - genRemID = RandomStringUtils.random(12, true, true): null

2023-01-13 18:42:56 - [TEST_STEP][PASSED] - setText(findTestObject("Object Repository/RecAndPlayBk/Page-Vlink-AuthOnly/input_Remittance Id_remittance_id"), genRemID): Text '7O7bqiyygOBf' is set on object 'Object Repository/RecAndPlayBk/Page-Vlink-AuthOnly/input_Remittance Id_remittance_id'

2023-01-13 18:42:57 - [MESSAGE][PASSED] - Text '7O7bqiyygOBf' is set on object 'Object Repository/RecAndPlayBk/Page-Vlink-AuthOnly/input_Remittance Id_remittance_id'

2023-01-13 18:42:57 - [TEST_STEP][PASSED] - setText(findTestObject("Object Repository/RecAndPlayBk/Page-Vlink-AuthOnly/input_Application Id_application_id"), appID): Text '234' is set on object 'Object Repository/RecAndPlayBk/Page-Vlink-AuthOnly/input_Application Id_application_id'

2023-01-13 18:42:58 - [MESSAGE][PASSED] - Text '234' is set on object 'Object Repository/RecAndPlayBk/Page-Vlink-AuthOnly/input_Application Id_application_id'

2023-01-13 18:42:58 - [TEST_STEP][PASSED] - setText(findTestObject("Object Repository/RecAndPlayBk/Page-Vlink-AuthOnly/input_Username_username"), username): Text 'username' is set on object 'Object Repository/RecAndPlayBk/Page-Vlink-AuthOnly/input_Username_username'

2023-01-13 18:42:59 - [MESSAGE][PASSED] - Text 'username' is set on object 'Object Repository/RecAndPlayBk/Page-Vlink-AuthOnly/input_Username_username'

2023-01-13 18:42:59 - [TEST_STEP][PASSED] - setText(findTestObject("Object Repository/RecAndPlayBk/Page-Vlink-AuthOnly/input_Password_password"), password): Text 'password' is set on object 'Object Repository/RecAndPlayBk/Page-Vlink-AuthOnly/input_Password_password'

2023-01-13 18:43:00 - [MESSAGE][PASSED] - Text 'password' is set on object 'Object Repository/RecAndPlayBk/Page-Vlink-AuthOnly/input_Password_password'

2023-01-13 18:43:00 - [TEST_STEP][PASSED] - setText(findTestObject("Object Repository/RecAndPlayBk/Page-Vlink-AuthOnly/txt_ResponseFormat"), resFormat): Text 'fixed_width' is set on object 'Object Repository/RecAndPlayBk/Page-Vlink-AuthOnly/txt_ResponseFormat'

2023-01-13 18:43:00 - [MESSAGE][PASSED] - Text 'fixed_width' is set on object 'Object Repository/RecAndPlayBk/Page-Vlink-AuthOnly/txt_ResponseFormat'

2023-01-13 18:43:00 - [TEST_STEP][PASSED] - setText(findTestObject("Object Repository/RecAndPlayBk/Page-Vlink-AuthOnly/input_Category_category"), category): Text 'MOTO' is set on object 'Object Repository/RecAndPlayBk/Page-Vlink-AuthOnly/input_Category_category'

2023-01-13 18:43:01 - [MESSAGE][PASSED] - Text 'MOTO' is set on object 'Object Repository/RecAndPlayBk/Page-Vlink-AuthOnly/input_Category_category'

2023-01-13 18:43:01 - [TEST_STEP][PASSED] - setText(findTestObject("Object Repository/RecAndPlayBk/Page-Vlink-AuthOnly/txt_CardName"), cardName): Text 'Kris Roshan' is set on object 'Object Repository/RecAndPlayBk/Page-Vlink-AuthOnly/txt_CardName'

2023-01-13 18:43:02 - [MESSAGE][PASSED] - Text 'Kris Roshan' is set on object 'Object Repository/RecAndPlayBk/Page-Vlink-AuthOnly/txt_CardName'

2023-01-13 18:43:02 - [TEST_STEP][PASSED] - setText(findTestObject("Object Repository/RecAndPlayBk/Page-Vlink-AuthOnly/txt_AL1"), al1): Text '258 Elm Road' is set on object 'Object Repository/RecAndPlayBk/Page-Vlink-AuthOnly/txt_AL1'

2023-01-13 18:43:03 - [MESSAGE][PASSED] - Text '258 Elm Road' is set on object 'Object Repository/RecAndPlayBk/Page-Vlink-AuthOnly/txt_AL1'

2023-01-13 18:43:03 - [TEST_STEP][PASSED] - setText(findTestObject("Object Repository/RecAndPlayBk/Page-Vlink-AuthOnly/txt_CardCity"), city): Text 'Arlington' is set on object 'Object Repository/RecAndPlayBk/Page-Vlink-AuthOnly/txt_CardCity'

2023-01-13 18:43:04 - [MESSAGE][PASSED] - Text 'Arlington' is set on object 'Object Repository/RecAndPlayBk/Page-Vlink-AuthOnly/txt_CardCity'

2023-01-13 18:43:04 - [TEST_STEP][PASSED] - setText(findTestObject("Object Repository/RecAndPlayBk/Page-Vlink-AuthOnly/txt_CardState"), state): Text 'VA' is set on object 'Object Repository/RecAndPlayBk/Page-Vlink-AuthOnly/txt_CardState'

2023-01-13 18:43:04 - [MESSAGE][PASSED] - Text 'VA' is set on object 'Object Repository/RecAndPlayBk/Page-Vlink-AuthOnly/txt_CardState'

2023-01-13 18:43:04 - [TEST_STEP][PASSED] - setText(findTestObject("Object Repository/RecAndPlayBk/Page-Vlink-AuthOnly/txt_CardZIP"), zip): Text '22201' is set on object 'Object Repository/RecAndPlayBk/Page-Vlink-AuthOnly/txt_CardZIP'

2023-01-13 18:43:05 - [MESSAGE][PASSED] - Text '22201' is set on object 'Object Repository/RecAndPlayBk/Page-Vlink-AuthOnly/txt_CardZIP'

2023-01-13 18:43:05 - [TEST_STEP][PASSED] - setText(findTestObject("Object Repository/RecAndPlayBk/Page-Vlink-AuthOnly/input_Amount_amount"), amount): Text '1.50' is set on object 'Object Repository/RecAndPlayBk/Page-Vlink-AuthOnly/input_Amount_amount'

2023-01-13 18:43:06 - [MESSAGE][PASSED] - Text '1.50' is set on object 'Object Repository/RecAndPlayBk/Page-Vlink-AuthOnly/input_Amount_amount'

2023-01-13 18:43:06 - [TEST_STEP][PASSED] - setText(findTestObject("Object Repository/RecAndPlayBk/Page-Vlink-AuthOnly/input_Card number_card_number"), cardNumber): Text '4111111111111111' is set on object 'Object Repository/RecAndPlayBk/Page-Vlink-AuthOnly/input_Card number_card_number'

2023-01-13 18:43:07 - [MESSAGE][PASSED] - Text '4111111111111111' is set on object 'Object Repository/RecAndPlayBk/Page-Vlink-AuthOnly/input_Card number_card_number'

2023-01-13 18:43:07 - [TEST_STEP][PASSED] - setText(findTestObject("Object Repository/RecAndPlayBk/Page-Vlink-AuthOnly/input_Card ex month_card_exmo"), exM): Text '12' is set on object 'Object Repository/RecAndPlayBk/Page-Vlink-AuthOnly/input_Card ex month_card_exmo'

2023-01-13 18:43:08 - [MESSAGE][PASSED] - Text '12' is set on object 'Object Repository/RecAndPlayBk/Page-Vlink-AuthOnly/input_Card ex month_card_exmo'

2023-01-13 18:43:08 - [TEST_STEP][PASSED] - setText(findTestObject("Object Repository/RecAndPlayBk/Page-Vlink-AuthOnly/input_Card ex year_card_exyr"), exY): Text '' is set on object 'Object Repository/RecAndPlayBk/Page-Vlink-AuthOnly/input_Card ex year_card_exyr'

2023-01-13 18:43:09 - [MESSAGE][PASSED] - Text '' is set on object 'Object Repository/RecAndPlayBk/Page-Vlink-AuthOnly/input_Card ex year_card_exyr'

2023-01-13 18:43:09 - [TEST_STEP][PASSED] - setText(findTestObject("Object Repository/RecAndPlayBk/Page-Vlink-AuthOnly/input_Track Data_track_data"), ""): Text '' is set on object 'Object Repository/RecAndPlayBk/Page-Vlink-AuthOnly/input_Track Data_track_data'

2023-01-13 18:43:09 - [MESSAGE][PASSED] - Text '' is set on object 'Object Repository/RecAndPlayBk/Page-Vlink-AuthOnly/input_Track Data_track_data'

2023-01-13 18:43:09 - [TEST_STEP][PASSED] - setText(findTestObject("Object Repository/RecAndPlayBk/Page-Vlink-AuthOnly/input_concat(Cardholder, , s email)_email"), ""): Text '' is set on object 'Object Repository/RecAndPlayBk/Page-Vlink-AuthOnly/input_concat(Cardholder, , s email)_email'

2023-01-13 18:43:10 - [MESSAGE][PASSED] - Text '' is set on object 'Object Repository/RecAndPlayBk/Page-Vlink-AuthOnly/input_concat(Cardholder, , s email)_email'

2023-01-13 18:43:10 - [TEST_STEP][PASSED] - click(findTestObject("Object Repository/RecAndPlayBk/Page-Vlink-AuthOnly/input_user_defined10_user_defined10")): Object: 'Object Repository/RecAndPlayBk/Page-Vlink-AuthOnly/input_user_defined10_user_defined10' is clicked on

2023-01-13 18:43:11 - [MESSAGE][PASSED] - Object: 'Object Repository/RecAndPlayBk/Page-Vlink-AuthOnly/input_user_defined10_user_defined10' is clicked on

2023-01-13 18:43:11 - [TEST_STEP][PASSED] - setText(findTestObject("Object Repository/RecAndPlayBk/Page-Vlink-AuthOnly/input_Card on File Indicator_card_on_file_i_157dae"), ""): Text '' is set on object 'Object Repository/RecAndPlayBk/Page-Vlink-AuthOnly/input_Card on File Indicator_card_on_file_i_157dae'

2023-01-13 18:43:11 - [MESSAGE][PASSED] - Text '' is set on object 'Object Repository/RecAndPlayBk/Page-Vlink-AuthOnly/input_Card on File Indicator_card_on_file_i_157dae'

2023-01-13 18:43:11 - [TEST_STEP][PASSED] - setText(findTestObject("Object Repository/RecAndPlayBk/Page-Vlink-AuthOnly/input_Stored Credential Indicator_stored_cr_4ae73c"), ""): Text '' is set on object 'Object Repository/RecAndPlayBk/Page-Vlink-AuthOnly/input_Stored Credential Indicator_stored_cr_4ae73c'

2023-01-13 18:43:12 - [MESSAGE][PASSED] - Text '' is set on object 'Object Repository/RecAndPlayBk/Page-Vlink-AuthOnly/input_Stored Credential Indicator_stored_cr_4ae73c'

2023-01-13 18:43:12 - [TEST_STEP][PASSED] - setText(findTestObject("Object Repository/RecAndPlayBk/Page-Vlink-AuthOnly/input_COF Scheduled indicator_cof_scheduled_8df7d8"), ""): Text '' is set on object 'Object Repository/RecAndPlayBk/Page-Vlink-AuthOnly/input_COF Scheduled indicator_cof_scheduled_8df7d8'

2023-01-13 18:43:13 - [MESSAGE][PASSED] - Text '' is set on object 'Object Repository/RecAndPlayBk/Page-Vlink-AuthOnly/input_COF Scheduled indicator_cof_scheduled_8df7d8'

2023-01-13 18:43:13 - [TEST_STEP][PASSED] - setText(findTestObject("Object Repository/RecAndPlayBk/Page-Vlink-AuthOnly/input_COF Transaction Initiated by_cof_tran_6cded5"), ""): Text '' is set on object 'Object Repository/RecAndPlayBk/Page-Vlink-AuthOnly/input_COF Transaction Initiated by_cof_tran_6cded5'

2023-01-13 18:43:14 - [MESSAGE][PASSED] - Text '' is set on object 'Object Repository/RecAndPlayBk/Page-Vlink-AuthOnly/input_COF Transaction Initiated by_cof_tran_6cded5'

2023-01-13 18:43:14 - [TEST_STEP][PASSED] - click(findTestObject("Object Repository/RecAndPlayBk/Page-Vlink-AuthOnly/input")): Object: 'Object Repository/RecAndPlayBk/Page-Vlink-AuthOnly/input' is clicked on

2023-01-13 18:43:14 - [MESSAGE][PASSED] - Object: 'Object Repository/RecAndPlayBk/Page-Vlink-AuthOnly/input' is clicked on

2023-01-13 18:43:14 - [TEST_STEP][PASSED] - if (verifyTextPresent(errorMsg, true)): null

2023-01-13 18:43:15 - [MESSAGE][PASSED] - Text 'card_exyr' is present on page  using regular expression

2023-01-13 18:43:15 - [TEST_STEP][PASSED] - println("Error Message is present on the Confirmation page"): null

2023-01-13 18:43:15 - [TEST_STEP][PASSED] - out.println("Pass Record Number: " + row): null

2023-01-13 18:43:15 - [TEST_STEP][PASSED] - resText = "Pass": null

2023-01-13 18:43:15 - [TEST_STEP][PASSED] - pages.WriteExcel.demoKey(resText, datText, resColumn, datCloumn, fileLoc, nameSheet, row): pages.WriteExcel.demoKey is PASSED

2023-01-13 18:43:15 - [MESSAGE][PASSED] - pages.WriteExcel.demoKey is PASSED

2023-01-13 18:43:15 - [TEST_STEP][PASSED] - ExecuteTC = findTestData(dataFile).getValue("Execute", row): null

2023-01-13 18:43:15 - [TEST_STEP][PASSED] - out.println("Value of Execute is : " + ExecuteTC): null

2023-01-13 18:43:15 - [TEST_STEP][PASSED] - if (ExecuteTC.equalsIgnoreCase("Y")): null

2023-01-13 18:43:15 - [TEST_STEP][PASSED] - out.println("Begin Record Number: " + row): null

2023-01-13 18:43:15 - [TEST_STEP][PASSED] - today = new java.util.Date(): null

2023-01-13 18:43:15 - [TEST_STEP][PASSED] - println(today): null

2023-01-13 18:43:15 - [TEST_STEP][PASSED] - datText = today: null

2023-01-13 18:43:15 - [TEST_STEP][PASSED] - errorMsg = findTestData(dataFile).getValue("ErrorMsg", row): null

2023-01-13 18:43:15 - [TEST_STEP][PASSED] - appID = findTestData(dataFile).getValue("AppID", row): null

2023-01-13 18:43:15 - [TEST_STEP][PASSED] - username = findTestData(dataFile).getValue("Username", row): null

2023-01-13 18:43:15 - [TEST_STEP][PASSED] - password = findTestData(dataFile).getValue("Password", row): null

2023-01-13 18:43:15 - [TEST_STEP][PASSED] - tranType = findTestData(dataFile).getValue("TranType", row): null

2023-01-13 18:43:15 - [TEST_STEP][PASSED] - mv = findTestData(dataFile).getValue("MV", row): null

2023-01-13 18:43:15 - [TEST_STEP][PASSED] - resFormat = findTestData(dataFile).getValue("ResFormat", row): null

2023-01-13 18:43:15 - [TEST_STEP][PASSED] - category = findTestData(dataFile).getValue("Category", row): null

2023-01-13 18:43:15 - [TEST_STEP][PASSED] - amount = findTestData(dataFile).getValue("Amount", row): null

2023-01-13 18:43:15 - [TEST_STEP][PASSED] - cardName = findTestData(dataFile).getValue("CardName", row): null

2023-01-13 18:43:15 - [TEST_STEP][PASSED] - al1 = findTestData(dataFile).getValue("AL1", row): null

2023-01-13 18:43:15 - [TEST_STEP][PASSED] - city = findTestData(dataFile).getValue("City", row): null

2023-01-13 18:43:15 - [TEST_STEP][PASSED] - state = findTestData(dataFile).getValue("State", row): null

2023-01-13 18:43:16 - [TEST_STEP][PASSED] - zip = findTestData(dataFile).getValue("ZIP", row): null

2023-01-13 18:43:16 - [TEST_STEP][PASSED] - cardNumber = findTestData(dataFile).getValue("CardNumber", row): null

2023-01-13 18:43:16 - [TEST_STEP][PASSED] - exM = findTestData(dataFile).getValue("ExM", row): null

2023-01-13 18:43:16 - [TEST_STEP][PASSED] - exY = findTestData(dataFile).getValue("ExY", row): null

2023-01-13 18:43:16 - [TEST_STEP][PASSED] - openBrowser(VLinkURL + "auth.html"): Browser is opened with url: 'https://dev-algorithm.govolution.com/vlinktest/QA/version_2_0/auth.html'

2023-01-13 18:43:16 - [MESSAGE][WARNING] - A browser is already opened. Closing browser and opening a new one

2023-01-13 18:43:17 - [MESSAGE][INFO] - Starting 'Chrome' driver

2023-01-13 18:43:17 - [MESSAGE][INFO] - User set preference: ['acceptInsecureCerts', 'true']

2023-01-13 18:43:17 - [MESSAGE][INFO] - Action delay is set to 0 milliseconds

2023-01-13 18:43:19 - [MESSAGE][PASSED] - Browser is opened with url: 'https://dev-algorithm.govolution.com/vlinktest/QA/version_2_0/auth.html'

2023-01-13 18:43:19 - [TEST_STEP][PASSED] - maximizeWindow(): Current window maximized

2023-01-13 18:43:19 - [MESSAGE][PASSED] - Current window maximized

2023-01-13 18:43:19 - [TEST_STEP][PASSED] - maximizeWindow(): Current window maximized

2023-01-13 18:43:19 - [MESSAGE][PASSED] - Current window maximized

2023-01-13 18:43:19 - [TEST_STEP][PASSED] - setText(findTestObject("Object Repository/RecAndPlayBk/Page-Vlink-AuthOnly/txt_TransactionType"), tranType): Text '104' is set on object 'Object Repository/RecAndPlayBk/Page-Vlink-AuthOnly/txt_TransactionType'

2023-01-13 18:43:20 - [MESSAGE][PASSED] - Text '104' is set on object 'Object Repository/RecAndPlayBk/Page-Vlink-AuthOnly/txt_TransactionType'

2023-01-13 18:43:20 - [TEST_STEP][PASSED] - setText(findTestObject("Object Repository/RecAndPlayBk/Page-Vlink-AuthOnly/txt_MessageVersion"), mv): Text '2.0C' is set on object 'Object Repository/RecAndPlayBk/Page-Vlink-AuthOnly/txt_MessageVersion'

2023-01-13 18:43:20 - [MESSAGE][PASSED] - Text '2.0C' is set on object 'Object Repository/RecAndPlayBk/Page-Vlink-AuthOnly/txt_MessageVersion'

2023-01-13 18:43:20 - [TEST_STEP][PASSED] - genRemID = RandomStringUtils.random(12, true, true): null

2023-01-13 18:43:20 - [TEST_STEP][PASSED] - setText(findTestObject("Object Repository/RecAndPlayBk/Page-Vlink-AuthOnly/input_Remittance Id_remittance_id"), genRemID): Text 'CA2yz8qSHVxs' is set on object 'Object Repository/RecAndPlayBk/Page-Vlink-AuthOnly/input_Remittance Id_remittance_id'

2023-01-13 18:43:21 - [MESSAGE][PASSED] - Text 'CA2yz8qSHVxs' is set on object 'Object Repository/RecAndPlayBk/Page-Vlink-AuthOnly/input_Remittance Id_remittance_id'

2023-01-13 18:43:21 - [TEST_STEP][PASSED] - setText(findTestObject("Object Repository/RecAndPlayBk/Page-Vlink-AuthOnly/input_Application Id_application_id"), appID): Text '234' is set on object 'Object Repository/RecAndPlayBk/Page-Vlink-AuthOnly/input_Application Id_application_id'

2023-01-13 18:43:22 - [MESSAGE][PASSED] - Text '234' is set on object 'Object Repository/RecAndPlayBk/Page-Vlink-AuthOnly/input_Application Id_application_id'

2023-01-13 18:43:22 - [TEST_STEP][PASSED] - setText(findTestObject("Object Repository/RecAndPlayBk/Page-Vlink-AuthOnly/input_Username_username"), username): Text 'username' is set on object 'Object Repository/RecAndPlayBk/Page-Vlink-AuthOnly/input_Username_username'

2023-01-13 18:43:23 - [MESSAGE][PASSED] - Text 'username' is set on object 'Object Repository/RecAndPlayBk/Page-Vlink-AuthOnly/input_Username_username'

2023-01-13 18:43:23 - [TEST_STEP][PASSED] - setText(findTestObject("Object Repository/RecAndPlayBk/Page-Vlink-AuthOnly/input_Password_password"), password): Text 'password' is set on object 'Object Repository/RecAndPlayBk/Page-Vlink-AuthOnly/input_Password_password'

2023-01-13 18:43:24 - [MESSAGE][PASSED] - Text 'password' is set on object 'Object Repository/RecAndPlayBk/Page-Vlink-AuthOnly/input_Password_password'

2023-01-13 18:43:24 - [TEST_STEP][PASSED] - setText(findTestObject("Object Repository/RecAndPlayBk/Page-Vlink-AuthOnly/txt_ResponseFormat"), resFormat): Text 'fixed_width' is set on object 'Object Repository/RecAndPlayBk/Page-Vlink-AuthOnly/txt_ResponseFormat'

2023-01-13 18:43:25 - [MESSAGE][PASSED] - Text 'fixed_width' is set on object 'Object Repository/RecAndPlayBk/Page-Vlink-AuthOnly/txt_ResponseFormat'

2023-01-13 18:43:25 - [TEST_STEP][PASSED] - setText(findTestObject("Object Repository/RecAndPlayBk/Page-Vlink-AuthOnly/input_Category_category"), category): Text 'RETL' is set on object 'Object Repository/RecAndPlayBk/Page-Vlink-AuthOnly/input_Category_category'

2023-01-13 18:43:26 - [MESSAGE][PASSED] - Text 'RETL' is set on object 'Object Repository/RecAndPlayBk/Page-Vlink-AuthOnly/input_Category_category'

2023-01-13 18:43:26 - [TEST_STEP][PASSED] - setText(findTestObject("Object Repository/RecAndPlayBk/Page-Vlink-AuthOnly/txt_CardName"), cardName): Text 'Kris Roshan' is set on object 'Object Repository/RecAndPlayBk/Page-Vlink-AuthOnly/txt_CardName'

2023-01-13 18:43:27 - [MESSAGE][PASSED] - Text 'Kris Roshan' is set on object 'Object Repository/RecAndPlayBk/Page-Vlink-AuthOnly/txt_CardName'

2023-01-13 18:43:27 - [TEST_STEP][PASSED] - setText(findTestObject("Object Repository/RecAndPlayBk/Page-Vlink-AuthOnly/txt_AL1"), al1): Text '258 Elm Road' is set on object 'Object Repository/RecAndPlayBk/Page-Vlink-AuthOnly/txt_AL1'

2023-01-13 18:43:28 - [MESSAGE][PASSED] - Text '258 Elm Road' is set on object 'Object Repository/RecAndPlayBk/Page-Vlink-AuthOnly/txt_AL1'

2023-01-13 18:43:28 - [TEST_STEP][PASSED] - setText(findTestObject("Object Repository/RecAndPlayBk/Page-Vlink-AuthOnly/txt_CardCity"), city): Text 'Arlington' is set on object 'Object Repository/RecAndPlayBk/Page-Vlink-AuthOnly/txt_CardCity'

2023-01-13 18:43:28 - [MESSAGE][PASSED] - Text 'Arlington' is set on object 'Object Repository/RecAndPlayBk/Page-Vlink-AuthOnly/txt_CardCity'

2023-01-13 18:43:28 - [TEST_STEP][PASSED] - setText(findTestObject("Object Repository/RecAndPlayBk/Page-Vlink-AuthOnly/txt_CardState"), state): Text 'VA' is set on object 'Object Repository/RecAndPlayBk/Page-Vlink-AuthOnly/txt_CardState'

2023-01-13 18:43:29 - [MESSAGE][PASSED] - Text 'VA' is set on object 'Object Repository/RecAndPlayBk/Page-Vlink-AuthOnly/txt_CardState'

2023-01-13 18:43:29 - [TEST_STEP][PASSED] - setText(findTestObject("Object Repository/RecAndPlayBk/Page-Vlink-AuthOnly/txt_CardZIP"), zip): Text '22201' is set on object 'Object Repository/RecAndPlayBk/Page-Vlink-AuthOnly/txt_CardZIP'

2023-01-13 18:43:30 - [MESSAGE][PASSED] - Text '22201' is set on object 'Object Repository/RecAndPlayBk/Page-Vlink-AuthOnly/txt_CardZIP'

2023-01-13 18:43:30 - [TEST_STEP][PASSED] - setText(findTestObject("Object Repository/RecAndPlayBk/Page-Vlink-AuthOnly/input_Amount_amount"), amount): Text '1.50' is set on object 'Object Repository/RecAndPlayBk/Page-Vlink-AuthOnly/input_Amount_amount'

2023-01-13 18:43:31 - [MESSAGE][PASSED] - Text '1.50' is set on object 'Object Repository/RecAndPlayBk/Page-Vlink-AuthOnly/input_Amount_amount'

2023-01-13 18:43:31 - [TEST_STEP][PASSED] - setText(findTestObject("Object Repository/RecAndPlayBk/Page-Vlink-AuthOnly/input_Card number_card_number"), cardNumber): Text '4111111111111111' is set on object 'Object Repository/RecAndPlayBk/Page-Vlink-AuthOnly/input_Card number_card_number'

2023-01-13 18:43:32 - [MESSAGE][PASSED] - Text '4111111111111111' is set on object 'Object Repository/RecAndPlayBk/Page-Vlink-AuthOnly/input_Card number_card_number'

2023-01-13 18:43:32 - [TEST_STEP][PASSED] - setText(findTestObject("Object Repository/RecAndPlayBk/Page-Vlink-AuthOnly/input_Card ex month_card_exmo"), exM): Text '12' is set on object 'Object Repository/RecAndPlayBk/Page-Vlink-AuthOnly/input_Card ex month_card_exmo'

2023-01-13 18:43:33 - [MESSAGE][PASSED] - Text '12' is set on object 'Object Repository/RecAndPlayBk/Page-Vlink-AuthOnly/input_Card ex month_card_exmo'

2023-01-13 18:43:33 - [TEST_STEP][PASSED] - setText(findTestObject("Object Repository/RecAndPlayBk/Page-Vlink-AuthOnly/input_Card ex year_card_exyr"), exY): Text '' is set on object 'Object Repository/RecAndPlayBk/Page-Vlink-AuthOnly/input_Card ex year_card_exyr'

2023-01-13 18:43:34 - [MESSAGE][PASSED] - Text '' is set on object 'Object Repository/RecAndPlayBk/Page-Vlink-AuthOnly/input_Card ex year_card_exyr'

2023-01-13 18:43:34 - [TEST_STEP][PASSED] - setText(findTestObject("Object Repository/RecAndPlayBk/Page-Vlink-AuthOnly/input_Track Data_track_data"), ""): Text '' is set on object 'Object Repository/RecAndPlayBk/Page-Vlink-AuthOnly/input_Track Data_track_data'

2023-01-13 18:43:35 - [MESSAGE][PASSED] - Text '' is set on object 'Object Repository/RecAndPlayBk/Page-Vlink-AuthOnly/input_Track Data_track_data'

2023-01-13 18:43:35 - [TEST_STEP][PASSED] - setText(findTestObject("Object Repository/RecAndPlayBk/Page-Vlink-AuthOnly/input_concat(Cardholder, , s email)_email"), ""): Text '' is set on object 'Object Repository/RecAndPlayBk/Page-Vlink-AuthOnly/input_concat(Cardholder, , s email)_email'

2023-01-13 18:43:35 - [MESSAGE][PASSED] - Text '' is set on object 'Object Repository/RecAndPlayBk/Page-Vlink-AuthOnly/input_concat(Cardholder, , s email)_email'

2023-01-13 18:43:35 - [TEST_STEP][PASSED] - click(findTestObject("Object Repository/RecAndPlayBk/Page-Vlink-AuthOnly/input_user_defined10_user_defined10")): Object: 'Object Repository/RecAndPlayBk/Page-Vlink-AuthOnly/input_user_defined10_user_defined10' is clicked on

2023-01-13 18:43:36 - [MESSAGE][PASSED] - Object: 'Object Repository/RecAndPlayBk/Page-Vlink-AuthOnly/input_user_defined10_user_defined10' is clicked on

2023-01-13 18:43:36 - [TEST_STEP][PASSED] - setText(findTestObject("Object Repository/RecAndPlayBk/Page-Vlink-AuthOnly/input_Card on File Indicator_card_on_file_i_157dae"), ""): Text '' is set on object 'Object Repository/RecAndPlayBk/Page-Vlink-AuthOnly/input_Card on File Indicator_card_on_file_i_157dae'

2023-01-13 18:43:36 - [MESSAGE][PASSED] - Text '' is set on object 'Object Repository/RecAndPlayBk/Page-Vlink-AuthOnly/input_Card on File Indicator_card_on_file_i_157dae'

2023-01-13 18:43:36 - [TEST_STEP][PASSED] - setText(findTestObject("Object Repository/RecAndPlayBk/Page-Vlink-AuthOnly/input_Stored Credential Indicator_stored_cr_4ae73c"), ""): Text '' is set on object 'Object Repository/RecAndPlayBk/Page-Vlink-AuthOnly/input_Stored Credential Indicator_stored_cr_4ae73c'

2023-01-13 18:43:37 - [MESSAGE][PASSED] - Text '' is set on object 'Object Repository/RecAndPlayBk/Page-Vlink-AuthOnly/input_Stored Credential Indicator_stored_cr_4ae73c'

2023-01-13 18:43:37 - [TEST_STEP][PASSED] - setText(findTestObject("Object Repository/RecAndPlayBk/Page-Vlink-AuthOnly/input_COF Scheduled indicator_cof_scheduled_8df7d8"), ""): Text '' is set on object 'Object Repository/RecAndPlayBk/Page-Vlink-AuthOnly/input_COF Scheduled indicator_cof_scheduled_8df7d8'

2023-01-13 18:43:38 - [MESSAGE][PASSED] - Text '' is set on object 'Object Repository/RecAndPlayBk/Page-Vlink-AuthOnly/input_COF Scheduled indicator_cof_scheduled_8df7d8'

2023-01-13 18:43:38 - [TEST_STEP][PASSED] - setText(findTestObject("Object Repository/RecAndPlayBk/Page-Vlink-AuthOnly/input_COF Transaction Initiated by_cof_tran_6cded5"), ""): Text '' is set on object 'Object Repository/RecAndPlayBk/Page-Vlink-AuthOnly/input_COF Transaction Initiated by_cof_tran_6cded5'

2023-01-13 18:43:39 - [MESSAGE][PASSED] - Text '' is set on object 'Object Repository/RecAndPlayBk/Page-Vlink-AuthOnly/input_COF Transaction Initiated by_cof_tran_6cded5'

2023-01-13 18:43:39 - [TEST_STEP][PASSED] - click(findTestObject("Object Repository/RecAndPlayBk/Page-Vlink-AuthOnly/input")): Object: 'Object Repository/RecAndPlayBk/Page-Vlink-AuthOnly/input' is clicked on

2023-01-13 18:43:39 - [MESSAGE][PASSED] - Object: 'Object Repository/RecAndPlayBk/Page-Vlink-AuthOnly/input' is clicked on

2023-01-13 18:43:39 - [TEST_STEP][PASSED] - if (verifyTextPresent(errorMsg, true)): null

2023-01-13 18:43:40 - [MESSAGE][PASSED] - Text 'card_exyr' is present on page  using regular expression

2023-01-13 18:43:40 - [TEST_STEP][PASSED] - println("Error Message is present on the Confirmation page"): null

2023-01-13 18:43:40 - [TEST_STEP][PASSED] - out.println("Pass Record Number: " + row): null

2023-01-13 18:43:40 - [TEST_STEP][PASSED] - resText = "Pass": null

2023-01-13 18:43:40 - [TEST_STEP][PASSED] - pages.WriteExcel.demoKey(resText, datText, resColumn, datCloumn, fileLoc, nameSheet, row): pages.WriteExcel.demoKey is PASSED

2023-01-13 18:43:40 - [MESSAGE][PASSED] - pages.WriteExcel.demoKey is PASSED

2023-01-13 18:43:40 - [TEST_STEP][PASSED] - ExecuteTC = findTestData(dataFile).getValue("Execute", row): null

2023-01-13 18:43:40 - [TEST_STEP][PASSED] - out.println("Value of Execute is : " + ExecuteTC): null

2023-01-13 18:43:40 - [TEST_STEP][PASSED] - if (ExecuteTC.equalsIgnoreCase("Y")): null]]></system-out>
         <system-err><![CDATA[]]></system-err>
      </testcase>
      <system-out><![CDATA[2023-01-13 18:04:52 - [TEST_SUITE][PASSED] - QA_Smoke_Test: Test Cases/RecAndPlayBk/VLink/Auth-MRF]]></system-out>
      <system-err><![CDATA[]]></system-err>
   </testsuite>
</testsuites>
