<?xml version="1.0" encoding="UTF-8"?>
<testsuites name="RAD_UI_TestSuite" time="1231.655" tests="4" failures="0" errors="0">
   <testsuite name="RAD_UI_TestSuite" tests="4" failures="0" errors="0" time="1231.655" skipped="0" timestamp="2024-11-07 19:55:15" hostname="imtiaz - DESKTOP-B2QI6NS.govolution.com" id="Test Suites/RAD_TestSuite/RAD_UI_TestSuite">
      <properties>
         <property name="deviceName" value=""/>
         <property name="devicePlatform" value=""/>
         <property name="logFolder" value="E:\\Cloned-Project-Katalon\\VPS-Katalon\\Reports\\20241107_195507\\RAD_TestSuite\\RAD_UI_TestSuite\\20241107_195507"/>
         <property name="logFiles" value="E:\\Cloned-Project-Katalon\\VPS-Katalon\\Reports\\20241107_195507\\RAD_TestSuite\\RAD_UI_TestSuite\\20241107_195507\\execution0.log"/>
         <property name="attachments" value=""/>
         <property name="hostName" value="imtiaz - DESKTOP-B2QI6NS.govolution.com"/>
         <property name="os" value="Windows 10 64bit"/>
         <property name="katalonVersion" value="8.6.9.208"/>
         <property name="browser" value="Chrome 130.0.0.0"/>
         <property name="hostAddress" value="172.31.253.185"/>
         <property name="sessionId" value="7ff9989293e47a4d4a20999ef385bc79"/>
         <property name="seleniumVersion" value="3.141.59"/>
         <property name="proxyInformation" value="ProxyInformation { proxyOption=NO_PROXY, proxyServerType=HTTP, username=, password=********, proxyServerAddress=, proxyServerPort=0, executionList=&quot;&quot;, isApplyToDesiredCapabilities=true }"/>
         <property name="platform" value="Windows 10"/>
      </properties>
      <testcase name="Test Cases/RAD_TestCases/Negative_TestCases/EL-NumberValidation" time="650.78" classname="Test Cases/RAD_TestCases/Negative_TestCases/EL-NumberValidation" status="PASSED">
         <system-out><![CDATA[2024-11-07 19:55:16 - [TEST_CASE][PASSED] - Test Cases/RAD_TestCases/Negative_TestCases/EL-NumberValidation: Test Cases/RAD_TestCases/Negative_TestCases/EL-NumberValidation

2024-11-07 19:55:17 - [TEST_STEP][PASSED] - resText = "Fail": null

2024-11-07 19:55:17 - [TEST_STEP][PASSED] - resColumn = "Result": null

2024-11-07 19:55:17 - [TEST_STEP][PASSED] - datCloumn = "Date": null

2024-11-07 19:55:17 - [TEST_STEP][PASSED] - fileLoc = "KatalonData/RADTestData/EL-NumberValidation.xlsx": null

2024-11-07 19:55:17 - [TEST_STEP][PASSED] - nameSheet = "NumberError": null

2024-11-07 19:55:17 - [TEST_STEP][PASSED] - dataFile = "RADTestData/EL-NumberValidation": null

2024-11-07 19:55:17 - [TEST_STEP][PASSED] - ExecuteTC = <not implemented yet for class: org.codehaus.groovy.ast.expr.EmptyExpression>: null

2024-11-07 19:55:17 - [TEST_STEP][PASSED] - Taxtype = <not implemented yet for class: org.codehaus.groovy.ast.expr.EmptyExpression>: null

2024-11-07 19:55:17 - [TEST_STEP][PASSED] - TaxTypeEL = <not implemented yet for class: org.codehaus.groovy.ast.expr.EmptyExpression>: null

2024-11-07 19:55:17 - [TEST_STEP][PASSED] - notInvNumber = <not implemented yet for class: org.codehaus.groovy.ast.expr.EmptyExpression>: null

2024-11-07 19:55:17 - [TEST_STEP][PASSED] - errorMsg = <not implemented yet for class: org.codehaus.groovy.ast.expr.EmptyExpression>: null

2024-11-07 19:55:17 - [TEST_STEP][PASSED] - numOfRows = findTestData(dataFile).getRowNumbers(): null

2024-11-07 19:55:18 - [TEST_STEP][PASSED] - println("Number of Records: " + numOfRows): null

2024-11-07 19:55:18 - [TEST_STEP][PASSED] - for ([row = 1, row <= numOfRows, (row++)]): null

2024-11-07 19:55:18 - [TEST_STEP][PASSED] - ExecuteTC = findTestData(dataFile).getValue("Execute", row): null

2024-11-07 19:55:18 - [TEST_STEP][PASSED] - Taxtype = findTestData(dataFile).getValue("TaxType", row): null

2024-11-07 19:55:18 - [TEST_STEP][PASSED] - TaxTypeEL = findTestData(dataFile).getValue("TaxTypeEL", row): null

2024-11-07 19:55:18 - [TEST_STEP][PASSED] - notInvNumber = findTestData(dataFile).getValue("NotiInvoNumber", row): null

2024-11-07 19:55:19 - [TEST_STEP][PASSED] - errorMsg = findTestData(dataFile).getValue("ErrorMessage", row): null

2024-11-07 19:55:19 - [TEST_STEP][PASSED] - out.println("Value of Execute is : " + ExecuteTC): null

2024-11-07 19:55:19 - [TEST_STEP][PASSED] - if (ExecuteTC.equalsIgnoreCase("Y")): null

2024-11-07 19:55:19 - [TEST_STEP][PASSED] - out.println("Begin Record Number: " + row): null

2024-11-07 19:55:19 - [TEST_STEP][PASSED] - today = new java.util.Date(): null

2024-11-07 19:55:19 - [TEST_STEP][PASSED] - println(today): null

2024-11-07 19:55:19 - [TEST_STEP][PASSED] - datText = today: null

2024-11-07 19:55:19 - [TEST_STEP][PASSED] - Taxtype = findTestData(dataFile).getValue("TaxType", row): null

2024-11-07 19:55:19 - [TEST_STEP][PASSED] - out.println("Taxtype value is : " + Taxtype): null

2024-11-07 19:55:19 - [TEST_STEP][PASSED] - openBrowser(""): Browser is opened with url: ''

2024-11-07 19:55:19 - [MESSAGE][INFO] - Starting 'Chrome' driver

2024-11-07 19:55:19 - [MESSAGE][INFO] - User set preference: ['acceptInsecureCerts', 'true']

2024-11-07 19:55:19 - [MESSAGE][INFO] - Action delay is set to 0 milliseconds

2024-11-07 19:55:24 - [MESSAGE][PASSED] - Browser is opened with url: ''

2024-11-07 19:55:24 - [TEST_STEP][PASSED] - maximizeWindow(): Current window maximized

2024-11-07 19:55:24 - [MESSAGE][PASSED] - Current window maximized

2024-11-07 19:55:24 - [TEST_STEP][PASSED] - navigateToUrl(RADurl): Navigate to 'https://www.velocitypayment.com/client/rad/index.html' successfully

2024-11-07 19:55:27 - [MESSAGE][PASSED] - Navigate to 'https://www.velocitypayment.com/client/rad/index.html' successfully

2024-11-07 19:55:27 - [TEST_STEP][PASSED] - orPath_Landing = "Object Repository/RAD_Pages/Landing_Page": null

2024-11-07 19:55:27 - [TEST_STEP][PASSED] - orPath_TaxTypeFilingYear = "Object Repository/RAD_Pages/TaxTypeFilingYear_Page": null

2024-11-07 19:55:27 - [TEST_STEP][PASSED] - orPath_TaxPayer = "Object Repository/RAD_Pages/Taxpayer_Page": null

2024-11-07 19:55:27 - [TEST_STEP][PASSED] - orPath_AddressContact = "Object Repository/RAD_Pages/AddressAndContactInfo_Page": null

2024-11-07 19:55:27 - [TEST_STEP][PASSED] - orPath_FilingStatus = "Object Repository/RAD_Pages/FilingStatus_Page": null

2024-11-07 19:55:27 - [TEST_STEP][PASSED] - orPath_Amount = "Object Repository/RAD_Pages/PaymentAmount_Page": null

2024-11-07 19:55:27 - [TEST_STEP][PASSED] - orPath_TaxInfo = "Object Repository/RAD_Pages/TaxInfo_Page": null

2024-11-07 19:55:27 - [TEST_STEP][PASSED] - orPath_Withholding = "Object Repository/RAD_Pages/Withholding_Page": null

2024-11-07 19:55:27 - [TEST_STEP][PASSED] - orPath_Summary = "Object Repository/RAD_Pages/Summary_Page": null

2024-11-07 19:55:27 - [TEST_STEP][PASSED] - orPath_PaymentReady = "Object Repository/RAD_Pages/PaymentReady_Page": null

2024-11-07 19:55:27 - [TEST_STEP][PASSED] - orPath_PaymentEntry = "Object Repository/RAD_Pages/PaymentEntry_Page": null

2024-11-07 19:55:27 - [TEST_STEP][PASSED] - orPath_PaymentConfirmation = "Object Repository/RAD_Pages/PaymentConfirmation_Page": null

2024-11-07 19:55:27 - [TEST_STEP][PASSED] - orPath_ServiceFeesAccept = "Object Repository/RAD_Pages/ServiceFeeAccept_Page": null

2024-11-07 19:55:27 - [TEST_STEP][PASSED] - selectOptionByLabel(findTestObject(orPath_Landing + "/dd_TaxType"), Taxtype, false): All options with label 'Existing Liability with Notice/Invoice Number' are selected in object 'Object Repository/RAD_Pages/Landing_Page/dd_TaxType' 

2024-11-07 19:55:27 - [MESSAGE][PASSED] - All options with label 'Existing Liability with Notice/Invoice Number' are selected in object 'Object Repository/RAD_Pages/Landing_Page/dd_TaxType' 

2024-11-07 19:55:27 - [TEST_STEP][PASSED] - delay(1): Delayed 1 second(s)

2024-11-07 19:55:29 - [MESSAGE][PASSED] - Delayed 1 second(s)

2024-11-07 19:55:29 - [TEST_STEP][PASSED] - selectOptionByLabel(findTestObject(orPath_TaxTypeFilingYear + "/select_TaxType_ExistingLiability"), TaxTypeEL, false): All options with label 'Bay Restoration Fee' are selected in object 'Object Repository/RAD_Pages/TaxTypeFilingYear_Page/select_TaxType_ExistingLiability' 

2024-11-07 19:55:29 - [MESSAGE][PASSED] - All options with label 'Bay Restoration Fee' are selected in object 'Object Repository/RAD_Pages/TaxTypeFilingYear_Page/select_TaxType_ExistingLiability' 

2024-11-07 19:55:29 - [TEST_STEP][PASSED] - setText(findTestObject(orPath_TaxInfo + "/input_NoticeInvoiceNumber"), notInvNumber): Text '123456789' is set on object 'Object Repository/RAD_Pages/TaxInfo_Page/input_NoticeInvoiceNumber'

2024-11-07 19:55:30 - [MESSAGE][PASSED] - Text '123456789' is set on object 'Object Repository/RAD_Pages/TaxInfo_Page/input_NoticeInvoiceNumber'

2024-11-07 19:55:30 - [TEST_STEP][PASSED] - setText(findTestObject(orPath_TaxInfo + "/input_reTypeNoticeInvoiceNumber"), notInvNumber): Text '123456789' is set on object 'Object Repository/RAD_Pages/TaxInfo_Page/input_reTypeNoticeInvoiceNumber'

2024-11-07 19:55:31 - [MESSAGE][PASSED] - Text '123456789' is set on object 'Object Repository/RAD_Pages/TaxInfo_Page/input_reTypeNoticeInvoiceNumber'

2024-11-07 19:55:31 - [TEST_STEP][PASSED] - println(notInvNumber): null

2024-11-07 19:55:31 - [TEST_STEP][PASSED] - if (verifyTextPresent(errorMsg, true)): null

2024-11-07 19:55:32 - [MESSAGE][PASSED] - Text 'Notice Number or Invoice Number must be 10, 11, or 13 digits in length, with a value greater than zero' is present on page  using regular expression

2024-11-07 19:55:32 - [TEST_STEP][PASSED] - println("Error Message is present on the page"): null

2024-11-07 19:55:32 - [TEST_STEP][PASSED] - out.println("Pass Record Number: " + row): null

2024-11-07 19:55:32 - [TEST_STEP][PASSED] - resText = "Pass": null

2024-11-07 19:55:32 - [TEST_STEP][PASSED] - pages.WriteExcel.demoKey(resText, datText, resColumn, datCloumn, fileLoc, nameSheet, row): pages.WriteExcel.demoKey is PASSED

2024-11-07 19:55:32 - [MESSAGE][PASSED] - pages.WriteExcel.demoKey is PASSED

2024-11-07 19:55:32 - [TEST_STEP][PASSED] - ExecuteTC = findTestData(dataFile).getValue("Execute", row): null

2024-11-07 19:55:32 - [TEST_STEP][PASSED] - Taxtype = findTestData(dataFile).getValue("TaxType", row): null

2024-11-07 19:55:32 - [TEST_STEP][PASSED] - TaxTypeEL = findTestData(dataFile).getValue("TaxTypeEL", row): null

2024-11-07 19:55:33 - [TEST_STEP][PASSED] - notInvNumber = findTestData(dataFile).getValue("NotiInvoNumber", row): null

2024-11-07 19:55:33 - [TEST_STEP][PASSED] - errorMsg = findTestData(dataFile).getValue("ErrorMessage", row): null

2024-11-07 19:55:33 - [TEST_STEP][PASSED] - out.println("Value of Execute is : " + ExecuteTC): null

2024-11-07 19:55:33 - [TEST_STEP][PASSED] - if (ExecuteTC.equalsIgnoreCase("Y")): null

2024-11-07 19:55:33 - [TEST_STEP][PASSED] - out.println("Begin Record Number: " + row): null

2024-11-07 19:55:33 - [TEST_STEP][PASSED] - today = new java.util.Date(): null

2024-11-07 19:55:33 - [TEST_STEP][PASSED] - println(today): null

2024-11-07 19:55:33 - [TEST_STEP][PASSED] - datText = today: null

2024-11-07 19:55:33 - [TEST_STEP][PASSED] - Taxtype = findTestData(dataFile).getValue("TaxType", row): null

2024-11-07 19:55:33 - [TEST_STEP][PASSED] - out.println("Taxtype value is : " + Taxtype): null

2024-11-07 19:55:33 - [TEST_STEP][PASSED] - openBrowser(""): Browser is opened with url: ''

2024-11-07 19:55:33 - [MESSAGE][WARNING] - A browser is already opened. Closing browser and opening a new one

2024-11-07 19:55:36 - [MESSAGE][INFO] - Starting 'Chrome' driver

2024-11-07 19:55:36 - [MESSAGE][INFO] - User set preference: ['acceptInsecureCerts', 'true']

2024-11-07 19:55:36 - [MESSAGE][INFO] - Action delay is set to 0 milliseconds

2024-11-07 19:55:38 - [MESSAGE][PASSED] - Browser is opened with url: ''

2024-11-07 19:55:38 - [TEST_STEP][PASSED] - maximizeWindow(): Current window maximized

2024-11-07 19:55:38 - [MESSAGE][PASSED] - Current window maximized

2024-11-07 19:55:38 - [TEST_STEP][PASSED] - navigateToUrl(RADurl): Navigate to 'https://www.velocitypayment.com/client/rad/index.html' successfully

2024-11-07 19:55:40 - [MESSAGE][PASSED] - Navigate to 'https://www.velocitypayment.com/client/rad/index.html' successfully

2024-11-07 19:55:40 - [TEST_STEP][PASSED] - orPath_Landing = "Object Repository/RAD_Pages/Landing_Page": null

2024-11-07 19:55:40 - [TEST_STEP][PASSED] - orPath_TaxTypeFilingYear = "Object Repository/RAD_Pages/TaxTypeFilingYear_Page": null

2024-11-07 19:55:40 - [TEST_STEP][PASSED] - orPath_TaxPayer = "Object Repository/RAD_Pages/Taxpayer_Page": null

2024-11-07 19:55:40 - [TEST_STEP][PASSED] - orPath_AddressContact = "Object Repository/RAD_Pages/AddressAndContactInfo_Page": null

2024-11-07 19:55:40 - [TEST_STEP][PASSED] - orPath_FilingStatus = "Object Repository/RAD_Pages/FilingStatus_Page": null

2024-11-07 19:55:40 - [TEST_STEP][PASSED] - orPath_Amount = "Object Repository/RAD_Pages/PaymentAmount_Page": null

2024-11-07 19:55:40 - [TEST_STEP][PASSED] - orPath_TaxInfo = "Object Repository/RAD_Pages/TaxInfo_Page": null

2024-11-07 19:55:40 - [TEST_STEP][PASSED] - orPath_Withholding = "Object Repository/RAD_Pages/Withholding_Page": null

2024-11-07 19:55:40 - [TEST_STEP][PASSED] - orPath_Summary = "Object Repository/RAD_Pages/Summary_Page": null

2024-11-07 19:55:40 - [TEST_STEP][PASSED] - orPath_PaymentReady = "Object Repository/RAD_Pages/PaymentReady_Page": null

2024-11-07 19:55:40 - [TEST_STEP][PASSED] - orPath_PaymentEntry = "Object Repository/RAD_Pages/PaymentEntry_Page": null

2024-11-07 19:55:40 - [TEST_STEP][PASSED] - orPath_PaymentConfirmation = "Object Repository/RAD_Pages/PaymentConfirmation_Page": null

2024-11-07 19:55:40 - [TEST_STEP][PASSED] - orPath_ServiceFeesAccept = "Object Repository/RAD_Pages/ServiceFeeAccept_Page": null

2024-11-07 19:55:40 - [TEST_STEP][PASSED] - selectOptionByLabel(findTestObject(orPath_Landing + "/dd_TaxType"), Taxtype, false): All options with label 'Existing Liability with Notice/Invoice Number' are selected in object 'Object Repository/RAD_Pages/Landing_Page/dd_TaxType' 

2024-11-07 19:55:41 - [MESSAGE][PASSED] - All options with label 'Existing Liability with Notice/Invoice Number' are selected in object 'Object Repository/RAD_Pages/Landing_Page/dd_TaxType' 

2024-11-07 19:55:41 - [TEST_STEP][PASSED] - delay(1): Delayed 1 second(s)

2024-11-07 19:55:42 - [MESSAGE][PASSED] - Delayed 1 second(s)

2024-11-07 19:55:42 - [TEST_STEP][PASSED] - selectOptionByLabel(findTestObject(orPath_TaxTypeFilingYear + "/select_TaxType_ExistingLiability"), TaxTypeEL, false): All options with label 'Bay Restoration Fee' are selected in object 'Object Repository/RAD_Pages/TaxTypeFilingYear_Page/select_TaxType_ExistingLiability' 

2024-11-07 19:55:42 - [MESSAGE][PASSED] - All options with label 'Bay Restoration Fee' are selected in object 'Object Repository/RAD_Pages/TaxTypeFilingYear_Page/select_TaxType_ExistingLiability' 

2024-11-07 19:55:42 - [TEST_STEP][PASSED] - setText(findTestObject(orPath_TaxInfo + "/input_NoticeInvoiceNumber"), notInvNumber): Text '123456789012' is set on object 'Object Repository/RAD_Pages/TaxInfo_Page/input_NoticeInvoiceNumber'

2024-11-07 19:55:43 - [MESSAGE][PASSED] - Text '123456789012' is set on object 'Object Repository/RAD_Pages/TaxInfo_Page/input_NoticeInvoiceNumber'

2024-11-07 19:55:43 - [TEST_STEP][PASSED] - setText(findTestObject(orPath_TaxInfo + "/input_reTypeNoticeInvoiceNumber"), notInvNumber): Text '123456789012' is set on object 'Object Repository/RAD_Pages/TaxInfo_Page/input_reTypeNoticeInvoiceNumber'

2024-11-07 19:55:44 - [MESSAGE][PASSED] - Text '123456789012' is set on object 'Object Repository/RAD_Pages/TaxInfo_Page/input_reTypeNoticeInvoiceNumber'

2024-11-07 19:55:44 - [TEST_STEP][PASSED] - println(notInvNumber): null

2024-11-07 19:55:44 - [TEST_STEP][PASSED] - if (verifyTextPresent(errorMsg, true)): null

2024-11-07 19:55:45 - [MESSAGE][PASSED] - Text 'Notice Number or Invoice Number must be 10, 11, or 13 digits in length, with a value greater than zero' is present on page  using regular expression

2024-11-07 19:55:45 - [TEST_STEP][PASSED] - println("Error Message is present on the page"): null

2024-11-07 19:55:45 - [TEST_STEP][PASSED] - out.println("Pass Record Number: " + row): null

2024-11-07 19:55:45 - [TEST_STEP][PASSED] - resText = "Pass": null

2024-11-07 19:55:45 - [TEST_STEP][PASSED] - pages.WriteExcel.demoKey(resText, datText, resColumn, datCloumn, fileLoc, nameSheet, row): pages.WriteExcel.demoKey is PASSED

2024-11-07 19:55:45 - [MESSAGE][PASSED] - pages.WriteExcel.demoKey is PASSED

2024-11-07 19:55:45 - [TEST_STEP][PASSED] - ExecuteTC = findTestData(dataFile).getValue("Execute", row): null

2024-11-07 19:55:45 - [TEST_STEP][PASSED] - Taxtype = findTestData(dataFile).getValue("TaxType", row): null

2024-11-07 19:55:45 - [TEST_STEP][PASSED] - TaxTypeEL = findTestData(dataFile).getValue("TaxTypeEL", row): null

2024-11-07 19:55:45 - [TEST_STEP][PASSED] - notInvNumber = findTestData(dataFile).getValue("NotiInvoNumber", row): null

2024-11-07 19:55:45 - [TEST_STEP][PASSED] - errorMsg = findTestData(dataFile).getValue("ErrorMessage", row): null

2024-11-07 19:55:45 - [TEST_STEP][PASSED] - out.println("Value of Execute is : " + ExecuteTC): null

2024-11-07 19:55:45 - [TEST_STEP][PASSED] - if (ExecuteTC.equalsIgnoreCase("Y")): null

2024-11-07 19:55:45 - [TEST_STEP][PASSED] - out.println("Begin Record Number: " + row): null

2024-11-07 19:55:45 - [TEST_STEP][PASSED] - today = new java.util.Date(): null

2024-11-07 19:55:45 - [TEST_STEP][PASSED] - println(today): null

2024-11-07 19:55:45 - [TEST_STEP][PASSED] - datText = today: null

2024-11-07 19:55:45 - [TEST_STEP][PASSED] - Taxtype = findTestData(dataFile).getValue("TaxType", row): null

2024-11-07 19:55:45 - [TEST_STEP][PASSED] - out.println("Taxtype value is : " + Taxtype): null

2024-11-07 19:55:45 - [TEST_STEP][PASSED] - openBrowser(""): Browser is opened with url: ''

2024-11-07 19:55:45 - [MESSAGE][WARNING] - A browser is already opened. Closing browser and opening a new one

2024-11-07 19:55:47 - [MESSAGE][INFO] - Starting 'Chrome' driver

2024-11-07 19:55:47 - [MESSAGE][INFO] - User set preference: ['acceptInsecureCerts', 'true']

2024-11-07 19:55:47 - [MESSAGE][INFO] - Action delay is set to 0 milliseconds

2024-11-07 19:55:49 - [MESSAGE][PASSED] - Browser is opened with url: ''

2024-11-07 19:55:49 - [TEST_STEP][PASSED] - maximizeWindow(): Current window maximized

2024-11-07 19:55:49 - [MESSAGE][PASSED] - Current window maximized

2024-11-07 19:55:49 - [TEST_STEP][PASSED] - navigateToUrl(RADurl): Navigate to 'https://www.velocitypayment.com/client/rad/index.html' successfully

2024-11-07 19:55:51 - [MESSAGE][PASSED] - Navigate to 'https://www.velocitypayment.com/client/rad/index.html' successfully

2024-11-07 19:55:51 - [TEST_STEP][PASSED] - orPath_Landing = "Object Repository/RAD_Pages/Landing_Page": null

2024-11-07 19:55:51 - [TEST_STEP][PASSED] - orPath_TaxTypeFilingYear = "Object Repository/RAD_Pages/TaxTypeFilingYear_Page": null

2024-11-07 19:55:51 - [TEST_STEP][PASSED] - orPath_TaxPayer = "Object Repository/RAD_Pages/Taxpayer_Page": null

2024-11-07 19:55:51 - [TEST_STEP][PASSED] - orPath_AddressContact = "Object Repository/RAD_Pages/AddressAndContactInfo_Page": null

2024-11-07 19:55:51 - [TEST_STEP][PASSED] - orPath_FilingStatus = "Object Repository/RAD_Pages/FilingStatus_Page": null

2024-11-07 19:55:51 - [TEST_STEP][PASSED] - orPath_Amount = "Object Repository/RAD_Pages/PaymentAmount_Page": null

2024-11-07 19:55:51 - [TEST_STEP][PASSED] - orPath_TaxInfo = "Object Repository/RAD_Pages/TaxInfo_Page": null

2024-11-07 19:55:51 - [TEST_STEP][PASSED] - orPath_Withholding = "Object Repository/RAD_Pages/Withholding_Page": null

2024-11-07 19:55:51 - [TEST_STEP][PASSED] - orPath_Summary = "Object Repository/RAD_Pages/Summary_Page": null

2024-11-07 19:55:51 - [TEST_STEP][PASSED] - orPath_PaymentReady = "Object Repository/RAD_Pages/PaymentReady_Page": null

2024-11-07 19:55:51 - [TEST_STEP][PASSED] - orPath_PaymentEntry = "Object Repository/RAD_Pages/PaymentEntry_Page": null

2024-11-07 19:55:51 - [TEST_STEP][PASSED] - orPath_PaymentConfirmation = "Object Repository/RAD_Pages/PaymentConfirmation_Page": null

2024-11-07 19:55:51 - [TEST_STEP][PASSED] - orPath_ServiceFeesAccept = "Object Repository/RAD_Pages/ServiceFeeAccept_Page": null

2024-11-07 19:55:51 - [TEST_STEP][PASSED] - selectOptionByLabel(findTestObject(orPath_Landing + "/dd_TaxType"), Taxtype, false): All options with label 'Existing Liability with Notice/Invoice Number' are selected in object 'Object Repository/RAD_Pages/Landing_Page/dd_TaxType' 

2024-11-07 19:55:52 - [MESSAGE][PASSED] - All options with label 'Existing Liability with Notice/Invoice Number' are selected in object 'Object Repository/RAD_Pages/Landing_Page/dd_TaxType' 

2024-11-07 19:55:52 - [TEST_STEP][PASSED] - delay(1): Delayed 1 second(s)

2024-11-07 19:55:53 - [MESSAGE][PASSED] - Delayed 1 second(s)

2024-11-07 19:55:53 - [TEST_STEP][PASSED] - selectOptionByLabel(findTestObject(orPath_TaxTypeFilingYear + "/select_TaxType_ExistingLiability"), TaxTypeEL, false): All options with label 'Bay Restoration Fee' are selected in object 'Object Repository/RAD_Pages/TaxTypeFilingYear_Page/select_TaxType_ExistingLiability' 

2024-11-07 19:55:53 - [MESSAGE][PASSED] - All options with label 'Bay Restoration Fee' are selected in object 'Object Repository/RAD_Pages/TaxTypeFilingYear_Page/select_TaxType_ExistingLiability' 

2024-11-07 19:55:53 - [TEST_STEP][PASSED] - setText(findTestObject(orPath_TaxInfo + "/input_NoticeInvoiceNumber"), notInvNumber): Text '0000000000' is set on object 'Object Repository/RAD_Pages/TaxInfo_Page/input_NoticeInvoiceNumber'

2024-11-07 19:55:54 - [MESSAGE][PASSED] - Text '0000000000' is set on object 'Object Repository/RAD_Pages/TaxInfo_Page/input_NoticeInvoiceNumber'

2024-11-07 19:55:54 - [TEST_STEP][PASSED] - setText(findTestObject(orPath_TaxInfo + "/input_reTypeNoticeInvoiceNumber"), notInvNumber): Text '0000000000' is set on object 'Object Repository/RAD_Pages/TaxInfo_Page/input_reTypeNoticeInvoiceNumber'

2024-11-07 19:55:55 - [MESSAGE][PASSED] - Text '0000000000' is set on object 'Object Repository/RAD_Pages/TaxInfo_Page/input_reTypeNoticeInvoiceNumber'

2024-11-07 19:55:55 - [TEST_STEP][PASSED] - println(notInvNumber): null

2024-11-07 19:55:55 - [TEST_STEP][PASSED] - if (verifyTextPresent(errorMsg, true)): null

2024-11-07 19:55:55 - [MESSAGE][PASSED] - Text 'Notice Number or Invoice Number must be 10, 11, or 13 digits in length, with a value greater than zero' is present on page  using regular expression

2024-11-07 19:55:55 - [TEST_STEP][PASSED] - println("Error Message is present on the page"): null

2024-11-07 19:55:55 - [TEST_STEP][PASSED] - out.println("Pass Record Number: " + row): null

2024-11-07 19:55:55 - [TEST_STEP][PASSED] - resText = "Pass": null

2024-11-07 19:55:55 - [TEST_STEP][PASSED] - pages.WriteExcel.demoKey(resText, datText, resColumn, datCloumn, fileLoc, nameSheet, row): pages.WriteExcel.demoKey is PASSED

2024-11-07 19:55:56 - [MESSAGE][PASSED] - pages.WriteExcel.demoKey is PASSED

2024-11-07 19:55:56 - [TEST_STEP][PASSED] - ExecuteTC = findTestData(dataFile).getValue("Execute", row): null

2024-11-07 19:55:56 - [TEST_STEP][PASSED] - Taxtype = findTestData(dataFile).getValue("TaxType", row): null

2024-11-07 19:55:56 - [TEST_STEP][PASSED] - TaxTypeEL = findTestData(dataFile).getValue("TaxTypeEL", row): null

2024-11-07 19:55:56 - [TEST_STEP][PASSED] - notInvNumber = findTestData(dataFile).getValue("NotiInvoNumber", row): null

2024-11-07 19:55:56 - [TEST_STEP][PASSED] - errorMsg = findTestData(dataFile).getValue("ErrorMessage", row): null

2024-11-07 19:55:56 - [TEST_STEP][PASSED] - out.println("Value of Execute is : " + ExecuteTC): null

2024-11-07 19:55:56 - [TEST_STEP][PASSED] - if (ExecuteTC.equalsIgnoreCase("Y")): null

2024-11-07 19:55:56 - [TEST_STEP][PASSED] - out.println("Begin Record Number: " + row): null

2024-11-07 19:55:56 - [TEST_STEP][PASSED] - today = new java.util.Date(): null

2024-11-07 19:55:56 - [TEST_STEP][PASSED] - println(today): null

2024-11-07 19:55:56 - [TEST_STEP][PASSED] - datText = today: null

2024-11-07 19:55:56 - [TEST_STEP][PASSED] - Taxtype = findTestData(dataFile).getValue("TaxType", row): null

2024-11-07 19:55:56 - [TEST_STEP][PASSED] - out.println("Taxtype value is : " + Taxtype): null

2024-11-07 19:55:56 - [TEST_STEP][PASSED] - openBrowser(""): Browser is opened with url: ''

2024-11-07 19:55:56 - [MESSAGE][WARNING] - A browser is already opened. Closing browser and opening a new one

2024-11-07 19:55:58 - [MESSAGE][INFO] - Starting 'Chrome' driver

2024-11-07 19:55:58 - [MESSAGE][INFO] - User set preference: ['acceptInsecureCerts', 'true']

2024-11-07 19:55:58 - [MESSAGE][INFO] - Action delay is set to 0 milliseconds

2024-11-07 19:56:00 - [MESSAGE][PASSED] - Browser is opened with url: ''

2024-11-07 19:56:00 - [TEST_STEP][PASSED] - maximizeWindow(): Current window maximized

2024-11-07 19:56:00 - [MESSAGE][PASSED] - Current window maximized

2024-11-07 19:56:00 - [TEST_STEP][PASSED] - navigateToUrl(RADurl): Navigate to 'https://www.velocitypayment.com/client/rad/index.html' successfully

2024-11-07 19:56:04 - [MESSAGE][PASSED] - Navigate to 'https://www.velocitypayment.com/client/rad/index.html' successfully

2024-11-07 19:56:04 - [TEST_STEP][PASSED] - orPath_Landing = "Object Repository/RAD_Pages/Landing_Page": null

2024-11-07 19:56:04 - [TEST_STEP][PASSED] - orPath_TaxTypeFilingYear = "Object Repository/RAD_Pages/TaxTypeFilingYear_Page": null

2024-11-07 19:56:04 - [TEST_STEP][PASSED] - orPath_TaxPayer = "Object Repository/RAD_Pages/Taxpayer_Page": null

2024-11-07 19:56:04 - [TEST_STEP][PASSED] - orPath_AddressContact = "Object Repository/RAD_Pages/AddressAndContactInfo_Page": null

2024-11-07 19:56:04 - [TEST_STEP][PASSED] - orPath_FilingStatus = "Object Repository/RAD_Pages/FilingStatus_Page": null

2024-11-07 19:56:04 - [TEST_STEP][PASSED] - orPath_Amount = "Object Repository/RAD_Pages/PaymentAmount_Page": null

2024-11-07 19:56:04 - [TEST_STEP][PASSED] - orPath_TaxInfo = "Object Repository/RAD_Pages/TaxInfo_Page": null

2024-11-07 19:56:04 - [TEST_STEP][PASSED] - orPath_Withholding = "Object Repository/RAD_Pages/Withholding_Page": null

2024-11-07 19:56:04 - [TEST_STEP][PASSED] - orPath_Summary = "Object Repository/RAD_Pages/Summary_Page": null

2024-11-07 19:56:04 - [TEST_STEP][PASSED] - orPath_PaymentReady = "Object Repository/RAD_Pages/PaymentReady_Page": null

2024-11-07 19:56:04 - [TEST_STEP][PASSED] - orPath_PaymentEntry = "Object Repository/RAD_Pages/PaymentEntry_Page": null

2024-11-07 19:56:04 - [TEST_STEP][PASSED] - orPath_PaymentConfirmation = "Object Repository/RAD_Pages/PaymentConfirmation_Page": null

2024-11-07 19:56:04 - [TEST_STEP][PASSED] - orPath_ServiceFeesAccept = "Object Repository/RAD_Pages/ServiceFeeAccept_Page": null

2024-11-07 19:56:04 - [TEST_STEP][PASSED] - selectOptionByLabel(findTestObject(orPath_Landing + "/dd_TaxType"), Taxtype, false): All options with label 'Existing Liability with Notice/Invoice Number' are selected in object 'Object Repository/RAD_Pages/Landing_Page/dd_TaxType' 

2024-11-07 19:56:04 - [MESSAGE][PASSED] - All options with label 'Existing Liability with Notice/Invoice Number' are selected in object 'Object Repository/RAD_Pages/Landing_Page/dd_TaxType' 

2024-11-07 19:56:04 - [TEST_STEP][PASSED] - delay(1): Delayed 1 second(s)

2024-11-07 19:56:05 - [MESSAGE][PASSED] - Delayed 1 second(s)

2024-11-07 19:56:05 - [TEST_STEP][PASSED] - selectOptionByLabel(findTestObject(orPath_TaxTypeFilingYear + "/select_TaxType_ExistingLiability"), TaxTypeEL, false): All options with label 'Corporate Income Tax' are selected in object 'Object Repository/RAD_Pages/TaxTypeFilingYear_Page/select_TaxType_ExistingLiability' 

2024-11-07 19:56:06 - [MESSAGE][PASSED] - All options with label 'Corporate Income Tax' are selected in object 'Object Repository/RAD_Pages/TaxTypeFilingYear_Page/select_TaxType_ExistingLiability' 

2024-11-07 19:56:06 - [TEST_STEP][PASSED] - setText(findTestObject(orPath_TaxInfo + "/input_NoticeInvoiceNumber"), notInvNumber): Text '123456789' is set on object 'Object Repository/RAD_Pages/TaxInfo_Page/input_NoticeInvoiceNumber'

2024-11-07 19:56:07 - [MESSAGE][PASSED] - Text '123456789' is set on object 'Object Repository/RAD_Pages/TaxInfo_Page/input_NoticeInvoiceNumber'

2024-11-07 19:56:07 - [TEST_STEP][PASSED] - setText(findTestObject(orPath_TaxInfo + "/input_reTypeNoticeInvoiceNumber"), notInvNumber): Text '123456789' is set on object 'Object Repository/RAD_Pages/TaxInfo_Page/input_reTypeNoticeInvoiceNumber'

2024-11-07 19:56:08 - [MESSAGE][PASSED] - Text '123456789' is set on object 'Object Repository/RAD_Pages/TaxInfo_Page/input_reTypeNoticeInvoiceNumber'

2024-11-07 19:56:08 - [TEST_STEP][PASSED] - println(notInvNumber): null

2024-11-07 19:56:08 - [TEST_STEP][PASSED] - if (verifyTextPresent(errorMsg, true)): null

2024-11-07 19:56:09 - [MESSAGE][PASSED] - Text 'Notice Number or Invoice Number must be 10, 11, or 13 digits in length, with a value greater than zero' is present on page  using regular expression

2024-11-07 19:56:09 - [TEST_STEP][PASSED] - println("Error Message is present on the page"): null

2024-11-07 19:56:09 - [TEST_STEP][PASSED] - out.println("Pass Record Number: " + row): null

2024-11-07 19:56:09 - [TEST_STEP][PASSED] - resText = "Pass": null

2024-11-07 19:56:09 - [TEST_STEP][PASSED] - pages.WriteExcel.demoKey(resText, datText, resColumn, datCloumn, fileLoc, nameSheet, row): pages.WriteExcel.demoKey is PASSED

2024-11-07 19:56:09 - [MESSAGE][PASSED] - pages.WriteExcel.demoKey is PASSED

2024-11-07 19:56:09 - [TEST_STEP][PASSED] - ExecuteTC = findTestData(dataFile).getValue("Execute", row): null

2024-11-07 19:56:09 - [TEST_STEP][PASSED] - Taxtype = findTestData(dataFile).getValue("TaxType", row): null

2024-11-07 19:56:09 - [TEST_STEP][PASSED] - TaxTypeEL = findTestData(dataFile).getValue("TaxTypeEL", row): null

2024-11-07 19:56:09 - [TEST_STEP][PASSED] - notInvNumber = findTestData(dataFile).getValue("NotiInvoNumber", row): null

2024-11-07 19:56:09 - [TEST_STEP][PASSED] - errorMsg = findTestData(dataFile).getValue("ErrorMessage", row): null

2024-11-07 19:56:09 - [TEST_STEP][PASSED] - out.println("Value of Execute is : " + ExecuteTC): null

2024-11-07 19:56:09 - [TEST_STEP][PASSED] - if (ExecuteTC.equalsIgnoreCase("Y")): null

2024-11-07 19:56:09 - [TEST_STEP][PASSED] - out.println("Begin Record Number: " + row): null

2024-11-07 19:56:09 - [TEST_STEP][PASSED] - today = new java.util.Date(): null

2024-11-07 19:56:09 - [TEST_STEP][PASSED] - println(today): null

2024-11-07 19:56:09 - [TEST_STEP][PASSED] - datText = today: null

2024-11-07 19:56:09 - [TEST_STEP][PASSED] - Taxtype = findTestData(dataFile).getValue("TaxType", row): null

2024-11-07 19:56:09 - [TEST_STEP][PASSED] - out.println("Taxtype value is : " + Taxtype): null

2024-11-07 19:56:09 - [TEST_STEP][PASSED] - openBrowser(""): Browser is opened with url: ''

2024-11-07 19:56:09 - [MESSAGE][WARNING] - A browser is already opened. Closing browser and opening a new one

2024-11-07 19:56:13 - [MESSAGE][INFO] - Starting 'Chrome' driver

2024-11-07 19:56:13 - [MESSAGE][INFO] - User set preference: ['acceptInsecureCerts', 'true']

2024-11-07 19:56:13 - [MESSAGE][INFO] - Action delay is set to 0 milliseconds

2024-11-07 19:56:15 - [MESSAGE][PASSED] - Browser is opened with url: ''

2024-11-07 19:56:15 - [TEST_STEP][PASSED] - maximizeWindow(): Current window maximized

2024-11-07 19:56:15 - [MESSAGE][PASSED] - Current window maximized

2024-11-07 19:56:15 - [TEST_STEP][PASSED] - navigateToUrl(RADurl): Navigate to 'https://www.velocitypayment.com/client/rad/index.html' successfully

2024-11-07 19:56:16 - [MESSAGE][PASSED] - Navigate to 'https://www.velocitypayment.com/client/rad/index.html' successfully

2024-11-07 19:56:16 - [TEST_STEP][PASSED] - orPath_Landing = "Object Repository/RAD_Pages/Landing_Page": null

2024-11-07 19:56:16 - [TEST_STEP][PASSED] - orPath_TaxTypeFilingYear = "Object Repository/RAD_Pages/TaxTypeFilingYear_Page": null

2024-11-07 19:56:16 - [TEST_STEP][PASSED] - orPath_TaxPayer = "Object Repository/RAD_Pages/Taxpayer_Page": null

2024-11-07 19:56:16 - [TEST_STEP][PASSED] - orPath_AddressContact = "Object Repository/RAD_Pages/AddressAndContactInfo_Page": null

2024-11-07 19:56:16 - [TEST_STEP][PASSED] - orPath_FilingStatus = "Object Repository/RAD_Pages/FilingStatus_Page": null

2024-11-07 19:56:16 - [TEST_STEP][PASSED] - orPath_Amount = "Object Repository/RAD_Pages/PaymentAmount_Page": null

2024-11-07 19:56:16 - [TEST_STEP][PASSED] - orPath_TaxInfo = "Object Repository/RAD_Pages/TaxInfo_Page": null

2024-11-07 19:56:16 - [TEST_STEP][PASSED] - orPath_Withholding = "Object Repository/RAD_Pages/Withholding_Page": null

2024-11-07 19:56:16 - [TEST_STEP][PASSED] - orPath_Summary = "Object Repository/RAD_Pages/Summary_Page": null

2024-11-07 19:56:16 - [TEST_STEP][PASSED] - orPath_PaymentReady = "Object Repository/RAD_Pages/PaymentReady_Page": null

2024-11-07 19:56:16 - [TEST_STEP][PASSED] - orPath_PaymentEntry = "Object Repository/RAD_Pages/PaymentEntry_Page": null

2024-11-07 19:56:16 - [TEST_STEP][PASSED] - orPath_PaymentConfirmation = "Object Repository/RAD_Pages/PaymentConfirmation_Page": null

2024-11-07 19:56:16 - [TEST_STEP][PASSED] - orPath_ServiceFeesAccept = "Object Repository/RAD_Pages/ServiceFeeAccept_Page": null

2024-11-07 19:56:16 - [TEST_STEP][PASSED] - selectOptionByLabel(findTestObject(orPath_Landing + "/dd_TaxType"), Taxtype, false): All options with label 'Existing Liability with Notice/Invoice Number' are selected in object 'Object Repository/RAD_Pages/Landing_Page/dd_TaxType' 

2024-11-07 19:56:19 - [MESSAGE][PASSED] - All options with label 'Existing Liability with Notice/Invoice Number' are selected in object 'Object Repository/RAD_Pages/Landing_Page/dd_TaxType' 

2024-11-07 19:56:19 - [TEST_STEP][PASSED] - delay(1): Delayed 1 second(s)

2024-11-07 19:56:20 - [MESSAGE][PASSED] - Delayed 1 second(s)

2024-11-07 19:56:20 - [TEST_STEP][PASSED] - selectOptionByLabel(findTestObject(orPath_TaxTypeFilingYear + "/select_TaxType_ExistingLiability"), TaxTypeEL, false): All options with label 'Corporate Income Tax' are selected in object 'Object Repository/RAD_Pages/TaxTypeFilingYear_Page/select_TaxType_ExistingLiability' 

2024-11-07 19:56:20 - [MESSAGE][PASSED] - All options with label 'Corporate Income Tax' are selected in object 'Object Repository/RAD_Pages/TaxTypeFilingYear_Page/select_TaxType_ExistingLiability' 

2024-11-07 19:56:20 - [TEST_STEP][PASSED] - setText(findTestObject(orPath_TaxInfo + "/input_NoticeInvoiceNumber"), notInvNumber): Text '123456789012' is set on object 'Object Repository/RAD_Pages/TaxInfo_Page/input_NoticeInvoiceNumber'

2024-11-07 19:56:21 - [MESSAGE][PASSED] - Text '123456789012' is set on object 'Object Repository/RAD_Pages/TaxInfo_Page/input_NoticeInvoiceNumber'

2024-11-07 19:56:21 - [TEST_STEP][PASSED] - setText(findTestObject(orPath_TaxInfo + "/input_reTypeNoticeInvoiceNumber"), notInvNumber): Text '123456789012' is set on object 'Object Repository/RAD_Pages/TaxInfo_Page/input_reTypeNoticeInvoiceNumber'

2024-11-07 19:56:22 - [MESSAGE][PASSED] - Text '123456789012' is set on object 'Object Repository/RAD_Pages/TaxInfo_Page/input_reTypeNoticeInvoiceNumber'

2024-11-07 19:56:22 - [TEST_STEP][PASSED] - println(notInvNumber): null

2024-11-07 19:56:22 - [TEST_STEP][PASSED] - if (verifyTextPresent(errorMsg, true)): null

2024-11-07 19:56:23 - [MESSAGE][PASSED] - Text 'Notice Number or Invoice Number must be 10, 11, or 13 digits in length, with a value greater than zero' is present on page  using regular expression

2024-11-07 19:56:23 - [TEST_STEP][PASSED] - println("Error Message is present on the page"): null

2024-11-07 19:56:23 - [TEST_STEP][PASSED] - out.println("Pass Record Number: " + row): null

2024-11-07 19:56:23 - [TEST_STEP][PASSED] - resText = "Pass": null

2024-11-07 19:56:23 - [TEST_STEP][PASSED] - pages.WriteExcel.demoKey(resText, datText, resColumn, datCloumn, fileLoc, nameSheet, row): pages.WriteExcel.demoKey is PASSED

2024-11-07 19:56:23 - [MESSAGE][PASSED] - pages.WriteExcel.demoKey is PASSED

2024-11-07 19:56:23 - [TEST_STEP][PASSED] - ExecuteTC = findTestData(dataFile).getValue("Execute", row): null

2024-11-07 19:56:23 - [TEST_STEP][PASSED] - Taxtype = findTestData(dataFile).getValue("TaxType", row): null

2024-11-07 19:56:23 - [TEST_STEP][PASSED] - TaxTypeEL = findTestData(dataFile).getValue("TaxTypeEL", row): null

2024-11-07 19:56:23 - [TEST_STEP][PASSED] - notInvNumber = findTestData(dataFile).getValue("NotiInvoNumber", row): null

2024-11-07 19:56:23 - [TEST_STEP][PASSED] - errorMsg = findTestData(dataFile).getValue("ErrorMessage", row): null

2024-11-07 19:56:23 - [TEST_STEP][PASSED] - out.println("Value of Execute is : " + ExecuteTC): null

2024-11-07 19:56:23 - [TEST_STEP][PASSED] - if (ExecuteTC.equalsIgnoreCase("Y")): null

2024-11-07 19:56:23 - [TEST_STEP][PASSED] - out.println("Begin Record Number: " + row): null

2024-11-07 19:56:23 - [TEST_STEP][PASSED] - today = new java.util.Date(): null

2024-11-07 19:56:23 - [TEST_STEP][PASSED] - println(today): null

2024-11-07 19:56:23 - [TEST_STEP][PASSED] - datText = today: null

2024-11-07 19:56:23 - [TEST_STEP][PASSED] - Taxtype = findTestData(dataFile).getValue("TaxType", row): null

2024-11-07 19:56:23 - [TEST_STEP][PASSED] - out.println("Taxtype value is : " + Taxtype): null

2024-11-07 19:56:23 - [TEST_STEP][PASSED] - openBrowser(""): Browser is opened with url: ''

2024-11-07 19:56:23 - [MESSAGE][WARNING] - A browser is already opened. Closing browser and opening a new one

2024-11-07 19:56:25 - [MESSAGE][INFO] - Starting 'Chrome' driver

2024-11-07 19:56:25 - [MESSAGE][INFO] - User set preference: ['acceptInsecureCerts', 'true']

2024-11-07 19:56:25 - [MESSAGE][INFO] - Action delay is set to 0 milliseconds

2024-11-07 19:56:27 - [MESSAGE][PASSED] - Browser is opened with url: ''

2024-11-07 19:56:27 - [TEST_STEP][PASSED] - maximizeWindow(): Current window maximized

2024-11-07 19:56:27 - [MESSAGE][PASSED] - Current window maximized

2024-11-07 19:56:27 - [TEST_STEP][PASSED] - navigateToUrl(RADurl): Navigate to 'https://www.velocitypayment.com/client/rad/index.html' successfully

2024-11-07 19:56:27 - [MESSAGE][PASSED] - Navigate to 'https://www.velocitypayment.com/client/rad/index.html' successfully

2024-11-07 19:56:27 - [TEST_STEP][PASSED] - orPath_Landing = "Object Repository/RAD_Pages/Landing_Page": null

2024-11-07 19:56:27 - [TEST_STEP][PASSED] - orPath_TaxTypeFilingYear = "Object Repository/RAD_Pages/TaxTypeFilingYear_Page": null

2024-11-07 19:56:27 - [TEST_STEP][PASSED] - orPath_TaxPayer = "Object Repository/RAD_Pages/Taxpayer_Page": null

2024-11-07 19:56:27 - [TEST_STEP][PASSED] - orPath_AddressContact = "Object Repository/RAD_Pages/AddressAndContactInfo_Page": null

2024-11-07 19:56:27 - [TEST_STEP][PASSED] - orPath_FilingStatus = "Object Repository/RAD_Pages/FilingStatus_Page": null

2024-11-07 19:56:27 - [TEST_STEP][PASSED] - orPath_Amount = "Object Repository/RAD_Pages/PaymentAmount_Page": null

2024-11-07 19:56:27 - [TEST_STEP][PASSED] - orPath_TaxInfo = "Object Repository/RAD_Pages/TaxInfo_Page": null

2024-11-07 19:56:27 - [TEST_STEP][PASSED] - orPath_Withholding = "Object Repository/RAD_Pages/Withholding_Page": null

2024-11-07 19:56:27 - [TEST_STEP][PASSED] - orPath_Summary = "Object Repository/RAD_Pages/Summary_Page": null

2024-11-07 19:56:27 - [TEST_STEP][PASSED] - orPath_PaymentReady = "Object Repository/RAD_Pages/PaymentReady_Page": null

2024-11-07 19:56:27 - [TEST_STEP][PASSED] - orPath_PaymentEntry = "Object Repository/RAD_Pages/PaymentEntry_Page": null

2024-11-07 19:56:27 - [TEST_STEP][PASSED] - orPath_PaymentConfirmation = "Object Repository/RAD_Pages/PaymentConfirmation_Page": null

2024-11-07 19:56:27 - [TEST_STEP][PASSED] - orPath_ServiceFeesAccept = "Object Repository/RAD_Pages/ServiceFeeAccept_Page": null

2024-11-07 19:56:27 - [TEST_STEP][PASSED] - selectOptionByLabel(findTestObject(orPath_Landing + "/dd_TaxType"), Taxtype, false): All options with label 'Existing Liability with Notice/Invoice Number' are selected in object 'Object Repository/RAD_Pages/Landing_Page/dd_TaxType' 

2024-11-07 19:56:30 - [MESSAGE][PASSED] - All options with label 'Existing Liability with Notice/Invoice Number' are selected in object 'Object Repository/RAD_Pages/Landing_Page/dd_TaxType' 

2024-11-07 19:56:30 - [TEST_STEP][PASSED] - delay(1): Delayed 1 second(s)

2024-11-07 19:56:31 - [MESSAGE][PASSED] - Delayed 1 second(s)

2024-11-07 19:56:31 - [TEST_STEP][PASSED] - selectOptionByLabel(findTestObject(orPath_TaxTypeFilingYear + "/select_TaxType_ExistingLiability"), TaxTypeEL, false): All options with label 'Corporate Income Tax' are selected in object 'Object Repository/RAD_Pages/TaxTypeFilingYear_Page/select_TaxType_ExistingLiability' 

2024-11-07 19:56:32 - [MESSAGE][PASSED] - All options with label 'Corporate Income Tax' are selected in object 'Object Repository/RAD_Pages/TaxTypeFilingYear_Page/select_TaxType_ExistingLiability' 

2024-11-07 19:56:32 - [TEST_STEP][PASSED] - setText(findTestObject(orPath_TaxInfo + "/input_NoticeInvoiceNumber"), notInvNumber): Text '0000000000' is set on object 'Object Repository/RAD_Pages/TaxInfo_Page/input_NoticeInvoiceNumber'

2024-11-07 19:56:32 - [MESSAGE][PASSED] - Text '0000000000' is set on object 'Object Repository/RAD_Pages/TaxInfo_Page/input_NoticeInvoiceNumber'

2024-11-07 19:56:32 - [TEST_STEP][PASSED] - setText(findTestObject(orPath_TaxInfo + "/input_reTypeNoticeInvoiceNumber"), notInvNumber): Text '0000000000' is set on object 'Object Repository/RAD_Pages/TaxInfo_Page/input_reTypeNoticeInvoiceNumber'

2024-11-07 19:56:33 - [MESSAGE][PASSED] - Text '0000000000' is set on object 'Object Repository/RAD_Pages/TaxInfo_Page/input_reTypeNoticeInvoiceNumber'

2024-11-07 19:56:33 - [TEST_STEP][PASSED] - println(notInvNumber): null

2024-11-07 19:56:33 - [TEST_STEP][PASSED] - if (verifyTextPresent(errorMsg, true)): null

2024-11-07 19:56:34 - [MESSAGE][PASSED] - Text 'Notice Number or Invoice Number must be 10, 11, or 13 digits in length, with a value greater than zero' is present on page  using regular expression

2024-11-07 19:56:34 - [TEST_STEP][PASSED] - println("Error Message is present on the page"): null

2024-11-07 19:56:34 - [TEST_STEP][PASSED] - out.println("Pass Record Number: " + row): null

2024-11-07 19:56:34 - [TEST_STEP][PASSED] - resText = "Pass": null

2024-11-07 19:56:34 - [TEST_STEP][PASSED] - pages.WriteExcel.demoKey(resText, datText, resColumn, datCloumn, fileLoc, nameSheet, row): pages.WriteExcel.demoKey is PASSED

2024-11-07 19:56:34 - [MESSAGE][PASSED] - pages.WriteExcel.demoKey is PASSED

2024-11-07 19:56:34 - [TEST_STEP][PASSED] - ExecuteTC = findTestData(dataFile).getValue("Execute", row): null

2024-11-07 19:56:34 - [TEST_STEP][PASSED] - Taxtype = findTestData(dataFile).getValue("TaxType", row): null

2024-11-07 19:56:34 - [TEST_STEP][PASSED] - TaxTypeEL = findTestData(dataFile).getValue("TaxTypeEL", row): null

2024-11-07 19:56:34 - [TEST_STEP][PASSED] - notInvNumber = findTestData(dataFile).getValue("NotiInvoNumber", row): null

2024-11-07 19:56:34 - [TEST_STEP][PASSED] - errorMsg = findTestData(dataFile).getValue("ErrorMessage", row): null

2024-11-07 19:56:34 - [TEST_STEP][PASSED] - out.println("Value of Execute is : " + ExecuteTC): null

2024-11-07 19:56:34 - [TEST_STEP][PASSED] - if (ExecuteTC.equalsIgnoreCase("Y")): null

2024-11-07 19:56:34 - [TEST_STEP][PASSED] - out.println("Begin Record Number: " + row): null

2024-11-07 19:56:34 - [TEST_STEP][PASSED] - today = new java.util.Date(): null

2024-11-07 19:56:34 - [TEST_STEP][PASSED] - println(today): null

2024-11-07 19:56:34 - [TEST_STEP][PASSED] - datText = today: null

2024-11-07 19:56:34 - [TEST_STEP][PASSED] - Taxtype = findTestData(dataFile).getValue("TaxType", row): null

2024-11-07 19:56:34 - [TEST_STEP][PASSED] - out.println("Taxtype value is : " + Taxtype): null

2024-11-07 19:56:34 - [TEST_STEP][PASSED] - openBrowser(""): Browser is opened with url: ''

2024-11-07 19:56:34 - [MESSAGE][WARNING] - A browser is already opened. Closing browser and opening a new one

2024-11-07 19:56:36 - [MESSAGE][INFO] - Starting 'Chrome' driver

2024-11-07 19:56:36 - [MESSAGE][INFO] - User set preference: ['acceptInsecureCerts', 'true']

2024-11-07 19:56:36 - [MESSAGE][INFO] - Action delay is set to 0 milliseconds

2024-11-07 19:56:37 - [MESSAGE][PASSED] - Browser is opened with url: ''

2024-11-07 19:56:37 - [TEST_STEP][PASSED] - maximizeWindow(): Current window maximized

2024-11-07 19:56:38 - [MESSAGE][PASSED] - Current window maximized

2024-11-07 19:56:38 - [TEST_STEP][PASSED] - navigateToUrl(RADurl): Navigate to 'https://www.velocitypayment.com/client/rad/index.html' successfully

2024-11-07 19:56:41 - [MESSAGE][PASSED] - Navigate to 'https://www.velocitypayment.com/client/rad/index.html' successfully

2024-11-07 19:56:41 - [TEST_STEP][PASSED] - orPath_Landing = "Object Repository/RAD_Pages/Landing_Page": null

2024-11-07 19:56:41 - [TEST_STEP][PASSED] - orPath_TaxTypeFilingYear = "Object Repository/RAD_Pages/TaxTypeFilingYear_Page": null

2024-11-07 19:56:41 - [TEST_STEP][PASSED] - orPath_TaxPayer = "Object Repository/RAD_Pages/Taxpayer_Page": null

2024-11-07 19:56:41 - [TEST_STEP][PASSED] - orPath_AddressContact = "Object Repository/RAD_Pages/AddressAndContactInfo_Page": null

2024-11-07 19:56:41 - [TEST_STEP][PASSED] - orPath_FilingStatus = "Object Repository/RAD_Pages/FilingStatus_Page": null

2024-11-07 19:56:41 - [TEST_STEP][PASSED] - orPath_Amount = "Object Repository/RAD_Pages/PaymentAmount_Page": null

2024-11-07 19:56:41 - [TEST_STEP][PASSED] - orPath_TaxInfo = "Object Repository/RAD_Pages/TaxInfo_Page": null

2024-11-07 19:56:41 - [TEST_STEP][PASSED] - orPath_Withholding = "Object Repository/RAD_Pages/Withholding_Page": null

2024-11-07 19:56:41 - [TEST_STEP][PASSED] - orPath_Summary = "Object Repository/RAD_Pages/Summary_Page": null

2024-11-07 19:56:41 - [TEST_STEP][PASSED] - orPath_PaymentReady = "Object Repository/RAD_Pages/PaymentReady_Page": null

2024-11-07 19:56:41 - [TEST_STEP][PASSED] - orPath_PaymentEntry = "Object Repository/RAD_Pages/PaymentEntry_Page": null

2024-11-07 19:56:41 - [TEST_STEP][PASSED] - orPath_PaymentConfirmation = "Object Repository/RAD_Pages/PaymentConfirmation_Page": null

2024-11-07 19:56:41 - [TEST_STEP][PASSED] - orPath_ServiceFeesAccept = "Object Repository/RAD_Pages/ServiceFeeAccept_Page": null

2024-11-07 19:56:41 - [TEST_STEP][PASSED] - selectOptionByLabel(findTestObject(orPath_Landing + "/dd_TaxType"), Taxtype, false): All options with label 'Existing Liability with Notice/Invoice Number' are selected in object 'Object Repository/RAD_Pages/Landing_Page/dd_TaxType' 

2024-11-07 19:56:42 - [MESSAGE][PASSED] - All options with label 'Existing Liability with Notice/Invoice Number' are selected in object 'Object Repository/RAD_Pages/Landing_Page/dd_TaxType' 

2024-11-07 19:56:42 - [TEST_STEP][PASSED] - delay(1): Delayed 1 second(s)

2024-11-07 19:56:43 - [MESSAGE][PASSED] - Delayed 1 second(s)

2024-11-07 19:56:43 - [TEST_STEP][PASSED] - selectOptionByLabel(findTestObject(orPath_TaxTypeFilingYear + "/select_TaxType_ExistingLiability"), TaxTypeEL, false): All options with label 'Fiduciary Tax' are selected in object 'Object Repository/RAD_Pages/TaxTypeFilingYear_Page/select_TaxType_ExistingLiability' 

2024-11-07 19:56:44 - [MESSAGE][PASSED] - All options with label 'Fiduciary Tax' are selected in object 'Object Repository/RAD_Pages/TaxTypeFilingYear_Page/select_TaxType_ExistingLiability' 

2024-11-07 19:56:44 - [TEST_STEP][PASSED] - setText(findTestObject(orPath_TaxInfo + "/input_NoticeInvoiceNumber"), notInvNumber): Text '123456789' is set on object 'Object Repository/RAD_Pages/TaxInfo_Page/input_NoticeInvoiceNumber'

2024-11-07 19:56:45 - [MESSAGE][PASSED] - Text '123456789' is set on object 'Object Repository/RAD_Pages/TaxInfo_Page/input_NoticeInvoiceNumber'

2024-11-07 19:56:45 - [TEST_STEP][PASSED] - setText(findTestObject(orPath_TaxInfo + "/input_reTypeNoticeInvoiceNumber"), notInvNumber): Text '123456789' is set on object 'Object Repository/RAD_Pages/TaxInfo_Page/input_reTypeNoticeInvoiceNumber'

2024-11-07 19:56:46 - [MESSAGE][PASSED] - Text '123456789' is set on object 'Object Repository/RAD_Pages/TaxInfo_Page/input_reTypeNoticeInvoiceNumber'

2024-11-07 19:56:46 - [TEST_STEP][PASSED] - println(notInvNumber): null

2024-11-07 19:56:46 - [TEST_STEP][PASSED] - if (verifyTextPresent(errorMsg, true)): null

2024-11-07 19:56:46 - [MESSAGE][PASSED] - Text 'Notice Number or Invoice Number must be 10, 11, or 13 digits in length, with a value greater than zero' is present on page  using regular expression

2024-11-07 19:56:46 - [TEST_STEP][PASSED] - println("Error Message is present on the page"): null

2024-11-07 19:56:46 - [TEST_STEP][PASSED] - out.println("Pass Record Number: " + row): null

2024-11-07 19:56:46 - [TEST_STEP][PASSED] - resText = "Pass": null

2024-11-07 19:56:46 - [TEST_STEP][PASSED] - pages.WriteExcel.demoKey(resText, datText, resColumn, datCloumn, fileLoc, nameSheet, row): pages.WriteExcel.demoKey is PASSED

2024-11-07 19:56:46 - [MESSAGE][PASSED] - pages.WriteExcel.demoKey is PASSED

2024-11-07 19:56:46 - [TEST_STEP][PASSED] - ExecuteTC = findTestData(dataFile).getValue("Execute", row): null

2024-11-07 19:56:46 - [TEST_STEP][PASSED] - Taxtype = findTestData(dataFile).getValue("TaxType", row): null

2024-11-07 19:56:46 - [TEST_STEP][PASSED] - TaxTypeEL = findTestData(dataFile).getValue("TaxTypeEL", row): null

2024-11-07 19:56:46 - [TEST_STEP][PASSED] - notInvNumber = findTestData(dataFile).getValue("NotiInvoNumber", row): null

2024-11-07 19:56:47 - [TEST_STEP][PASSED] - errorMsg = findTestData(dataFile).getValue("ErrorMessage", row): null

2024-11-07 19:56:47 - [TEST_STEP][PASSED] - out.println("Value of Execute is : " + ExecuteTC): null

2024-11-07 19:56:47 - [TEST_STEP][PASSED] - if (ExecuteTC.equalsIgnoreCase("Y")): null

2024-11-07 19:56:47 - [TEST_STEP][PASSED] - out.println("Begin Record Number: " + row): null

2024-11-07 19:56:47 - [TEST_STEP][PASSED] - today = new java.util.Date(): null

2024-11-07 19:56:47 - [TEST_STEP][PASSED] - println(today): null

2024-11-07 19:56:47 - [TEST_STEP][PASSED] - datText = today: null

2024-11-07 19:56:47 - [TEST_STEP][PASSED] - Taxtype = findTestData(dataFile).getValue("TaxType", row): null

2024-11-07 19:56:47 - [TEST_STEP][PASSED] - out.println("Taxtype value is : " + Taxtype): null

2024-11-07 19:56:47 - [TEST_STEP][PASSED] - openBrowser(""): Browser is opened with url: ''

2024-11-07 19:56:47 - [MESSAGE][WARNING] - A browser is already opened. Closing browser and opening a new one

2024-11-07 19:56:48 - [MESSAGE][INFO] - Starting 'Chrome' driver

2024-11-07 19:56:48 - [MESSAGE][INFO] - User set preference: ['acceptInsecureCerts', 'true']

2024-11-07 19:56:48 - [MESSAGE][INFO] - Action delay is set to 0 milliseconds

2024-11-07 19:56:50 - [MESSAGE][PASSED] - Browser is opened with url: ''

2024-11-07 19:56:50 - [TEST_STEP][PASSED] - maximizeWindow(): Current window maximized

2024-11-07 19:56:50 - [MESSAGE][PASSED] - Current window maximized

2024-11-07 19:56:50 - [TEST_STEP][PASSED] - navigateToUrl(RADurl): Navigate to 'https://www.velocitypayment.com/client/rad/index.html' successfully

2024-11-07 19:56:52 - [MESSAGE][PASSED] - Navigate to 'https://www.velocitypayment.com/client/rad/index.html' successfully

2024-11-07 19:56:52 - [TEST_STEP][PASSED] - orPath_Landing = "Object Repository/RAD_Pages/Landing_Page": null

2024-11-07 19:56:52 - [TEST_STEP][PASSED] - orPath_TaxTypeFilingYear = "Object Repository/RAD_Pages/TaxTypeFilingYear_Page": null

2024-11-07 19:56:52 - [TEST_STEP][PASSED] - orPath_TaxPayer = "Object Repository/RAD_Pages/Taxpayer_Page": null

2024-11-07 19:56:52 - [TEST_STEP][PASSED] - orPath_AddressContact = "Object Repository/RAD_Pages/AddressAndContactInfo_Page": null

2024-11-07 19:56:52 - [TEST_STEP][PASSED] - orPath_FilingStatus = "Object Repository/RAD_Pages/FilingStatus_Page": null

2024-11-07 19:56:52 - [TEST_STEP][PASSED] - orPath_Amount = "Object Repository/RAD_Pages/PaymentAmount_Page": null

2024-11-07 19:56:52 - [TEST_STEP][PASSED] - orPath_TaxInfo = "Object Repository/RAD_Pages/TaxInfo_Page": null

2024-11-07 19:56:52 - [TEST_STEP][PASSED] - orPath_Withholding = "Object Repository/RAD_Pages/Withholding_Page": null

2024-11-07 19:56:52 - [TEST_STEP][PASSED] - orPath_Summary = "Object Repository/RAD_Pages/Summary_Page": null

2024-11-07 19:56:52 - [TEST_STEP][PASSED] - orPath_PaymentReady = "Object Repository/RAD_Pages/PaymentReady_Page": null

2024-11-07 19:56:52 - [TEST_STEP][PASSED] - orPath_PaymentEntry = "Object Repository/RAD_Pages/PaymentEntry_Page": null

2024-11-07 19:56:52 - [TEST_STEP][PASSED] - orPath_PaymentConfirmation = "Object Repository/RAD_Pages/PaymentConfirmation_Page": null

2024-11-07 19:56:52 - [TEST_STEP][PASSED] - orPath_ServiceFeesAccept = "Object Repository/RAD_Pages/ServiceFeeAccept_Page": null

2024-11-07 19:56:52 - [TEST_STEP][PASSED] - selectOptionByLabel(findTestObject(orPath_Landing + "/dd_TaxType"), Taxtype, false): All options with label 'Existing Liability with Notice/Invoice Number' are selected in object 'Object Repository/RAD_Pages/Landing_Page/dd_TaxType' 

2024-11-07 19:56:53 - [MESSAGE][PASSED] - All options with label 'Existing Liability with Notice/Invoice Number' are selected in object 'Object Repository/RAD_Pages/Landing_Page/dd_TaxType' 

2024-11-07 19:56:53 - [TEST_STEP][PASSED] - delay(1): Delayed 1 second(s)

2024-11-07 19:56:54 - [MESSAGE][PASSED] - Delayed 1 second(s)

2024-11-07 19:56:54 - [TEST_STEP][PASSED] - selectOptionByLabel(findTestObject(orPath_TaxTypeFilingYear + "/select_TaxType_ExistingLiability"), TaxTypeEL, false): All options with label 'Fiduciary Tax' are selected in object 'Object Repository/RAD_Pages/TaxTypeFilingYear_Page/select_TaxType_ExistingLiability' 

2024-11-07 19:56:55 - [MESSAGE][PASSED] - All options with label 'Fiduciary Tax' are selected in object 'Object Repository/RAD_Pages/TaxTypeFilingYear_Page/select_TaxType_ExistingLiability' 

2024-11-07 19:56:55 - [TEST_STEP][PASSED] - setText(findTestObject(orPath_TaxInfo + "/input_NoticeInvoiceNumber"), notInvNumber): Text '123456789012' is set on object 'Object Repository/RAD_Pages/TaxInfo_Page/input_NoticeInvoiceNumber'

2024-11-07 19:56:56 - [MESSAGE][PASSED] - Text '123456789012' is set on object 'Object Repository/RAD_Pages/TaxInfo_Page/input_NoticeInvoiceNumber'

2024-11-07 19:56:56 - [TEST_STEP][PASSED] - setText(findTestObject(orPath_TaxInfo + "/input_reTypeNoticeInvoiceNumber"), notInvNumber): Text '123456789012' is set on object 'Object Repository/RAD_Pages/TaxInfo_Page/input_reTypeNoticeInvoiceNumber'

2024-11-07 19:56:56 - [MESSAGE][PASSED] - Text '123456789012' is set on object 'Object Repository/RAD_Pages/TaxInfo_Page/input_reTypeNoticeInvoiceNumber'

2024-11-07 19:56:56 - [TEST_STEP][PASSED] - println(notInvNumber): null

2024-11-07 19:56:56 - [TEST_STEP][PASSED] - if (verifyTextPresent(errorMsg, true)): null

2024-11-07 19:56:57 - [MESSAGE][PASSED] - Text 'Notice Number or Invoice Number must be 10, 11, or 13 digits in length, with a value greater than zero' is present on page  using regular expression

2024-11-07 19:56:57 - [TEST_STEP][PASSED] - println("Error Message is present on the page"): null

2024-11-07 19:56:57 - [TEST_STEP][PASSED] - out.println("Pass Record Number: " + row): null

2024-11-07 19:56:57 - [TEST_STEP][PASSED] - resText = "Pass": null

2024-11-07 19:56:57 - [TEST_STEP][PASSED] - pages.WriteExcel.demoKey(resText, datText, resColumn, datCloumn, fileLoc, nameSheet, row): pages.WriteExcel.demoKey is PASSED

2024-11-07 19:56:57 - [MESSAGE][PASSED] - pages.WriteExcel.demoKey is PASSED

2024-11-07 19:56:57 - [TEST_STEP][PASSED] - ExecuteTC = findTestData(dataFile).getValue("Execute", row): null

2024-11-07 19:56:57 - [TEST_STEP][PASSED] - Taxtype = findTestData(dataFile).getValue("TaxType", row): null

2024-11-07 19:56:57 - [TEST_STEP][PASSED] - TaxTypeEL = findTestData(dataFile).getValue("TaxTypeEL", row): null

2024-11-07 19:56:57 - [TEST_STEP][PASSED] - notInvNumber = findTestData(dataFile).getValue("NotiInvoNumber", row): null

2024-11-07 19:56:57 - [TEST_STEP][PASSED] - errorMsg = findTestData(dataFile).getValue("ErrorMessage", row): null

2024-11-07 19:56:57 - [TEST_STEP][PASSED] - out.println("Value of Execute is : " + ExecuteTC): null

2024-11-07 19:56:57 - [TEST_STEP][PASSED] - if (ExecuteTC.equalsIgnoreCase("Y")): null

2024-11-07 19:56:57 - [TEST_STEP][PASSED] - out.println("Begin Record Number: " + row): null

2024-11-07 19:56:57 - [TEST_STEP][PASSED] - today = new java.util.Date(): null

2024-11-07 19:56:57 - [TEST_STEP][PASSED] - println(today): null

2024-11-07 19:56:57 - [TEST_STEP][PASSED] - datText = today: null

2024-11-07 19:56:57 - [TEST_STEP][PASSED] - Taxtype = findTestData(dataFile).getValue("TaxType", row): null

2024-11-07 19:56:57 - [TEST_STEP][PASSED] - out.println("Taxtype value is : " + Taxtype): null

2024-11-07 19:56:57 - [TEST_STEP][PASSED] - openBrowser(""): Browser is opened with url: ''

2024-11-07 19:56:57 - [MESSAGE][WARNING] - A browser is already opened. Closing browser and opening a new one

2024-11-07 19:56:59 - [MESSAGE][INFO] - Starting 'Chrome' driver

2024-11-07 19:56:59 - [MESSAGE][INFO] - User set preference: ['acceptInsecureCerts', 'true']

2024-11-07 19:56:59 - [MESSAGE][INFO] - Action delay is set to 0 milliseconds

2024-11-07 19:57:01 - [MESSAGE][PASSED] - Browser is opened with url: ''

2024-11-07 19:57:01 - [TEST_STEP][PASSED] - maximizeWindow(): Current window maximized

2024-11-07 19:57:01 - [MESSAGE][PASSED] - Current window maximized

2024-11-07 19:57:01 - [TEST_STEP][PASSED] - navigateToUrl(RADurl): Navigate to 'https://www.velocitypayment.com/client/rad/index.html' successfully

2024-11-07 19:57:03 - [MESSAGE][PASSED] - Navigate to 'https://www.velocitypayment.com/client/rad/index.html' successfully

2024-11-07 19:57:03 - [TEST_STEP][PASSED] - orPath_Landing = "Object Repository/RAD_Pages/Landing_Page": null

2024-11-07 19:57:03 - [TEST_STEP][PASSED] - orPath_TaxTypeFilingYear = "Object Repository/RAD_Pages/TaxTypeFilingYear_Page": null

2024-11-07 19:57:03 - [TEST_STEP][PASSED] - orPath_TaxPayer = "Object Repository/RAD_Pages/Taxpayer_Page": null

2024-11-07 19:57:03 - [TEST_STEP][PASSED] - orPath_AddressContact = "Object Repository/RAD_Pages/AddressAndContactInfo_Page": null

2024-11-07 19:57:03 - [TEST_STEP][PASSED] - orPath_FilingStatus = "Object Repository/RAD_Pages/FilingStatus_Page": null

2024-11-07 19:57:03 - [TEST_STEP][PASSED] - orPath_Amount = "Object Repository/RAD_Pages/PaymentAmount_Page": null

2024-11-07 19:57:03 - [TEST_STEP][PASSED] - orPath_TaxInfo = "Object Repository/RAD_Pages/TaxInfo_Page": null

2024-11-07 19:57:03 - [TEST_STEP][PASSED] - orPath_Withholding = "Object Repository/RAD_Pages/Withholding_Page": null

2024-11-07 19:57:03 - [TEST_STEP][PASSED] - orPath_Summary = "Object Repository/RAD_Pages/Summary_Page": null

2024-11-07 19:57:03 - [TEST_STEP][PASSED] - orPath_PaymentReady = "Object Repository/RAD_Pages/PaymentReady_Page": null

2024-11-07 19:57:03 - [TEST_STEP][PASSED] - orPath_PaymentEntry = "Object Repository/RAD_Pages/PaymentEntry_Page": null

2024-11-07 19:57:03 - [TEST_STEP][PASSED] - orPath_PaymentConfirmation = "Object Repository/RAD_Pages/PaymentConfirmation_Page": null

2024-11-07 19:57:03 - [TEST_STEP][PASSED] - orPath_ServiceFeesAccept = "Object Repository/RAD_Pages/ServiceFeeAccept_Page": null

2024-11-07 19:57:03 - [TEST_STEP][PASSED] - selectOptionByLabel(findTestObject(orPath_Landing + "/dd_TaxType"), Taxtype, false): All options with label 'Existing Liability with Notice/Invoice Number' are selected in object 'Object Repository/RAD_Pages/Landing_Page/dd_TaxType' 

2024-11-07 19:57:04 - [MESSAGE][PASSED] - All options with label 'Existing Liability with Notice/Invoice Number' are selected in object 'Object Repository/RAD_Pages/Landing_Page/dd_TaxType' 

2024-11-07 19:57:04 - [TEST_STEP][PASSED] - delay(1): Delayed 1 second(s)

2024-11-07 19:57:05 - [MESSAGE][PASSED] - Delayed 1 second(s)

2024-11-07 19:57:05 - [TEST_STEP][PASSED] - selectOptionByLabel(findTestObject(orPath_TaxTypeFilingYear + "/select_TaxType_ExistingLiability"), TaxTypeEL, false): All options with label 'Fiduciary Tax' are selected in object 'Object Repository/RAD_Pages/TaxTypeFilingYear_Page/select_TaxType_ExistingLiability' 

2024-11-07 19:57:06 - [MESSAGE][PASSED] - All options with label 'Fiduciary Tax' are selected in object 'Object Repository/RAD_Pages/TaxTypeFilingYear_Page/select_TaxType_ExistingLiability' 

2024-11-07 19:57:06 - [TEST_STEP][PASSED] - setText(findTestObject(orPath_TaxInfo + "/input_NoticeInvoiceNumber"), notInvNumber): Text '0000000000' is set on object 'Object Repository/RAD_Pages/TaxInfo_Page/input_NoticeInvoiceNumber'

2024-11-07 19:57:07 - [MESSAGE][PASSED] - Text '0000000000' is set on object 'Object Repository/RAD_Pages/TaxInfo_Page/input_NoticeInvoiceNumber'

2024-11-07 19:57:07 - [TEST_STEP][PASSED] - setText(findTestObject(orPath_TaxInfo + "/input_reTypeNoticeInvoiceNumber"), notInvNumber): Text '0000000000' is set on object 'Object Repository/RAD_Pages/TaxInfo_Page/input_reTypeNoticeInvoiceNumber'

2024-11-07 19:57:08 - [MESSAGE][PASSED] - Text '0000000000' is set on object 'Object Repository/RAD_Pages/TaxInfo_Page/input_reTypeNoticeInvoiceNumber'

2024-11-07 19:57:08 - [TEST_STEP][PASSED] - println(notInvNumber): null

2024-11-07 19:57:08 - [TEST_STEP][PASSED] - if (verifyTextPresent(errorMsg, true)): null

2024-11-07 19:57:08 - [MESSAGE][PASSED] - Text 'Notice Number or Invoice Number must be 10, 11, or 13 digits in length, with a value greater than zero' is present on page  using regular expression

2024-11-07 19:57:08 - [TEST_STEP][PASSED] - println("Error Message is present on the page"): null

2024-11-07 19:57:08 - [TEST_STEP][PASSED] - out.println("Pass Record Number: " + row): null

2024-11-07 19:57:08 - [TEST_STEP][PASSED] - resText = "Pass": null

2024-11-07 19:57:08 - [TEST_STEP][PASSED] - pages.WriteExcel.demoKey(resText, datText, resColumn, datCloumn, fileLoc, nameSheet, row): pages.WriteExcel.demoKey is PASSED

2024-11-07 19:57:08 - [MESSAGE][PASSED] - pages.WriteExcel.demoKey is PASSED

2024-11-07 19:57:08 - [TEST_STEP][PASSED] - ExecuteTC = findTestData(dataFile).getValue("Execute", row): null

2024-11-07 19:57:09 - [TEST_STEP][PASSED] - Taxtype = findTestData(dataFile).getValue("TaxType", row): null

2024-11-07 19:57:09 - [TEST_STEP][PASSED] - TaxTypeEL = findTestData(dataFile).getValue("TaxTypeEL", row): null

2024-11-07 19:57:09 - [TEST_STEP][PASSED] - notInvNumber = findTestData(dataFile).getValue("NotiInvoNumber", row): null

2024-11-07 19:57:09 - [TEST_STEP][PASSED] - errorMsg = findTestData(dataFile).getValue("ErrorMessage", row): null

2024-11-07 19:57:09 - [TEST_STEP][PASSED] - out.println("Value of Execute is : " + ExecuteTC): null

2024-11-07 19:57:09 - [TEST_STEP][PASSED] - if (ExecuteTC.equalsIgnoreCase("Y")): null

2024-11-07 19:57:09 - [TEST_STEP][PASSED] - out.println("Begin Record Number: " + row): null

2024-11-07 19:57:09 - [TEST_STEP][PASSED] - today = new java.util.Date(): null

2024-11-07 19:57:09 - [TEST_STEP][PASSED] - println(today): null

2024-11-07 19:57:09 - [TEST_STEP][PASSED] - datText = today: null

2024-11-07 19:57:09 - [TEST_STEP][PASSED] - Taxtype = findTestData(dataFile).getValue("TaxType", row): null

2024-11-07 19:57:09 - [TEST_STEP][PASSED] - out.println("Taxtype value is : " + Taxtype): null

2024-11-07 19:57:09 - [TEST_STEP][PASSED] - openBrowser(""): Browser is opened with url: ''

2024-11-07 19:57:09 - [MESSAGE][WARNING] - A browser is already opened. Closing browser and opening a new one

2024-11-07 19:57:11 - [MESSAGE][INFO] - Starting 'Chrome' driver

2024-11-07 19:57:11 - [MESSAGE][INFO] - User set preference: ['acceptInsecureCerts', 'true']

2024-11-07 19:57:11 - [MESSAGE][INFO] - Action delay is set to 0 milliseconds

2024-11-07 19:57:13 - [MESSAGE][PASSED] - Browser is opened with url: ''

2024-11-07 19:57:13 - [TEST_STEP][PASSED] - maximizeWindow(): Current window maximized

2024-11-07 19:57:13 - [MESSAGE][PASSED] - Current window maximized

2024-11-07 19:57:13 - [TEST_STEP][PASSED] - navigateToUrl(RADurl): Navigate to 'https://www.velocitypayment.com/client/rad/index.html' successfully

2024-11-07 19:57:15 - [MESSAGE][PASSED] - Navigate to 'https://www.velocitypayment.com/client/rad/index.html' successfully

2024-11-07 19:57:15 - [TEST_STEP][PASSED] - orPath_Landing = "Object Repository/RAD_Pages/Landing_Page": null

2024-11-07 19:57:15 - [TEST_STEP][PASSED] - orPath_TaxTypeFilingYear = "Object Repository/RAD_Pages/TaxTypeFilingYear_Page": null

2024-11-07 19:57:15 - [TEST_STEP][PASSED] - orPath_TaxPayer = "Object Repository/RAD_Pages/Taxpayer_Page": null

2024-11-07 19:57:15 - [TEST_STEP][PASSED] - orPath_AddressContact = "Object Repository/RAD_Pages/AddressAndContactInfo_Page": null

2024-11-07 19:57:15 - [TEST_STEP][PASSED] - orPath_FilingStatus = "Object Repository/RAD_Pages/FilingStatus_Page": null

2024-11-07 19:57:15 - [TEST_STEP][PASSED] - orPath_Amount = "Object Repository/RAD_Pages/PaymentAmount_Page": null

2024-11-07 19:57:15 - [TEST_STEP][PASSED] - orPath_TaxInfo = "Object Repository/RAD_Pages/TaxInfo_Page": null

2024-11-07 19:57:15 - [TEST_STEP][PASSED] - orPath_Withholding = "Object Repository/RAD_Pages/Withholding_Page": null

2024-11-07 19:57:15 - [TEST_STEP][PASSED] - orPath_Summary = "Object Repository/RAD_Pages/Summary_Page": null

2024-11-07 19:57:15 - [TEST_STEP][PASSED] - orPath_PaymentReady = "Object Repository/RAD_Pages/PaymentReady_Page": null

2024-11-07 19:57:15 - [TEST_STEP][PASSED] - orPath_PaymentEntry = "Object Repository/RAD_Pages/PaymentEntry_Page": null

2024-11-07 19:57:15 - [TEST_STEP][PASSED] - orPath_PaymentConfirmation = "Object Repository/RAD_Pages/PaymentConfirmation_Page": null

2024-11-07 19:57:15 - [TEST_STEP][PASSED] - orPath_ServiceFeesAccept = "Object Repository/RAD_Pages/ServiceFeeAccept_Page": null

2024-11-07 19:57:15 - [TEST_STEP][PASSED] - selectOptionByLabel(findTestObject(orPath_Landing + "/dd_TaxType"), Taxtype, false): All options with label 'Existing Liability with Notice/Invoice Number' are selected in object 'Object Repository/RAD_Pages/Landing_Page/dd_TaxType' 

2024-11-07 19:57:16 - [MESSAGE][PASSED] - All options with label 'Existing Liability with Notice/Invoice Number' are selected in object 'Object Repository/RAD_Pages/Landing_Page/dd_TaxType' 

2024-11-07 19:57:16 - [TEST_STEP][PASSED] - delay(1): Delayed 1 second(s)

2024-11-07 19:57:17 - [MESSAGE][PASSED] - Delayed 1 second(s)

2024-11-07 19:57:17 - [TEST_STEP][PASSED] - selectOptionByLabel(findTestObject(orPath_TaxTypeFilingYear + "/select_TaxType_ExistingLiability"), TaxTypeEL, false): All options with label 'Personal Income Tax' are selected in object 'Object Repository/RAD_Pages/TaxTypeFilingYear_Page/select_TaxType_ExistingLiability' 

2024-11-07 19:57:18 - [MESSAGE][PASSED] - All options with label 'Personal Income Tax' are selected in object 'Object Repository/RAD_Pages/TaxTypeFilingYear_Page/select_TaxType_ExistingLiability' 

2024-11-07 19:57:18 - [TEST_STEP][PASSED] - setText(findTestObject(orPath_TaxInfo + "/input_NoticeInvoiceNumber"), notInvNumber): Text '123456789' is set on object 'Object Repository/RAD_Pages/TaxInfo_Page/input_NoticeInvoiceNumber'

2024-11-07 19:57:19 - [MESSAGE][PASSED] - Text '123456789' is set on object 'Object Repository/RAD_Pages/TaxInfo_Page/input_NoticeInvoiceNumber'

2024-11-07 19:57:19 - [TEST_STEP][PASSED] - setText(findTestObject(orPath_TaxInfo + "/input_reTypeNoticeInvoiceNumber"), notInvNumber): Text '123456789' is set on object 'Object Repository/RAD_Pages/TaxInfo_Page/input_reTypeNoticeInvoiceNumber'

2024-11-07 19:57:20 - [MESSAGE][PASSED] - Text '123456789' is set on object 'Object Repository/RAD_Pages/TaxInfo_Page/input_reTypeNoticeInvoiceNumber'

2024-11-07 19:57:20 - [TEST_STEP][PASSED] - println(notInvNumber): null

2024-11-07 19:57:20 - [TEST_STEP][PASSED] - if (verifyTextPresent(errorMsg, true)): null

2024-11-07 19:57:20 - [MESSAGE][PASSED] - Text 'Notice Number or Invoice Number must be 10, 11, or 13 digits in length, with a value greater than zero' is present on page  using regular expression

2024-11-07 19:57:20 - [TEST_STEP][PASSED] - println("Error Message is present on the page"): null

2024-11-07 19:57:20 - [TEST_STEP][PASSED] - out.println("Pass Record Number: " + row): null

2024-11-07 19:57:20 - [TEST_STEP][PASSED] - resText = "Pass": null

2024-11-07 19:57:20 - [TEST_STEP][PASSED] - pages.WriteExcel.demoKey(resText, datText, resColumn, datCloumn, fileLoc, nameSheet, row): pages.WriteExcel.demoKey is PASSED

2024-11-07 19:57:20 - [MESSAGE][PASSED] - pages.WriteExcel.demoKey is PASSED

2024-11-07 19:57:20 - [TEST_STEP][PASSED] - ExecuteTC = findTestData(dataFile).getValue("Execute", row): null

2024-11-07 19:57:20 - [TEST_STEP][PASSED] - Taxtype = findTestData(dataFile).getValue("TaxType", row): null

2024-11-07 19:57:20 - [TEST_STEP][PASSED] - TaxTypeEL = findTestData(dataFile).getValue("TaxTypeEL", row): null

2024-11-07 19:57:21 - [TEST_STEP][PASSED] - notInvNumber = findTestData(dataFile).getValue("NotiInvoNumber", row): null

2024-11-07 19:57:21 - [TEST_STEP][PASSED] - errorMsg = findTestData(dataFile).getValue("ErrorMessage", row): null

2024-11-07 19:57:21 - [TEST_STEP][PASSED] - out.println("Value of Execute is : " + ExecuteTC): null

2024-11-07 19:57:21 - [TEST_STEP][PASSED] - if (ExecuteTC.equalsIgnoreCase("Y")): null

2024-11-07 19:57:21 - [TEST_STEP][PASSED] - out.println("Begin Record Number: " + row): null

2024-11-07 19:57:21 - [TEST_STEP][PASSED] - today = new java.util.Date(): null

2024-11-07 19:57:21 - [TEST_STEP][PASSED] - println(today): null

2024-11-07 19:57:21 - [TEST_STEP][PASSED] - datText = today: null

2024-11-07 19:57:21 - [TEST_STEP][PASSED] - Taxtype = findTestData(dataFile).getValue("TaxType", row): null

2024-11-07 19:57:21 - [TEST_STEP][PASSED] - out.println("Taxtype value is : " + Taxtype): null

2024-11-07 19:57:21 - [TEST_STEP][PASSED] - openBrowser(""): Browser is opened with url: ''

2024-11-07 19:57:21 - [MESSAGE][WARNING] - A browser is already opened. Closing browser and opening a new one

2024-11-07 19:57:23 - [MESSAGE][INFO] - Starting 'Chrome' driver

2024-11-07 19:57:23 - [MESSAGE][INFO] - User set preference: ['acceptInsecureCerts', 'true']

2024-11-07 19:57:23 - [MESSAGE][INFO] - Action delay is set to 0 milliseconds

2024-11-07 19:57:25 - [MESSAGE][PASSED] - Browser is opened with url: ''

2024-11-07 19:57:25 - [TEST_STEP][PASSED] - maximizeWindow(): Current window maximized

2024-11-07 19:57:25 - [MESSAGE][PASSED] - Current window maximized

2024-11-07 19:57:25 - [TEST_STEP][PASSED] - navigateToUrl(RADurl): Navigate to 'https://www.velocitypayment.com/client/rad/index.html' successfully

2024-11-07 19:57:27 - [MESSAGE][PASSED] - Navigate to 'https://www.velocitypayment.com/client/rad/index.html' successfully

2024-11-07 19:57:27 - [TEST_STEP][PASSED] - orPath_Landing = "Object Repository/RAD_Pages/Landing_Page": null

2024-11-07 19:57:27 - [TEST_STEP][PASSED] - orPath_TaxTypeFilingYear = "Object Repository/RAD_Pages/TaxTypeFilingYear_Page": null

2024-11-07 19:57:27 - [TEST_STEP][PASSED] - orPath_TaxPayer = "Object Repository/RAD_Pages/Taxpayer_Page": null

2024-11-07 19:57:27 - [TEST_STEP][PASSED] - orPath_AddressContact = "Object Repository/RAD_Pages/AddressAndContactInfo_Page": null

2024-11-07 19:57:27 - [TEST_STEP][PASSED] - orPath_FilingStatus = "Object Repository/RAD_Pages/FilingStatus_Page": null

2024-11-07 19:57:27 - [TEST_STEP][PASSED] - orPath_Amount = "Object Repository/RAD_Pages/PaymentAmount_Page": null

2024-11-07 19:57:27 - [TEST_STEP][PASSED] - orPath_TaxInfo = "Object Repository/RAD_Pages/TaxInfo_Page": null

2024-11-07 19:57:27 - [TEST_STEP][PASSED] - orPath_Withholding = "Object Repository/RAD_Pages/Withholding_Page": null

2024-11-07 19:57:27 - [TEST_STEP][PASSED] - orPath_Summary = "Object Repository/RAD_Pages/Summary_Page": null

2024-11-07 19:57:27 - [TEST_STEP][PASSED] - orPath_PaymentReady = "Object Repository/RAD_Pages/PaymentReady_Page": null

2024-11-07 19:57:27 - [TEST_STEP][PASSED] - orPath_PaymentEntry = "Object Repository/RAD_Pages/PaymentEntry_Page": null

2024-11-07 19:57:27 - [TEST_STEP][PASSED] - orPath_PaymentConfirmation = "Object Repository/RAD_Pages/PaymentConfirmation_Page": null

2024-11-07 19:57:27 - [TEST_STEP][PASSED] - orPath_ServiceFeesAccept = "Object Repository/RAD_Pages/ServiceFeeAccept_Page": null

2024-11-07 19:57:27 - [TEST_STEP][PASSED] - selectOptionByLabel(findTestObject(orPath_Landing + "/dd_TaxType"), Taxtype, false): All options with label 'Existing Liability with Notice/Invoice Number' are selected in object 'Object Repository/RAD_Pages/Landing_Page/dd_TaxType' 

2024-11-07 19:57:28 - [MESSAGE][PASSED] - All options with label 'Existing Liability with Notice/Invoice Number' are selected in object 'Object Repository/RAD_Pages/Landing_Page/dd_TaxType' 

2024-11-07 19:57:28 - [TEST_STEP][PASSED] - delay(1): Delayed 1 second(s)

2024-11-07 19:57:29 - [MESSAGE][PASSED] - Delayed 1 second(s)

2024-11-07 19:57:29 - [TEST_STEP][PASSED] - selectOptionByLabel(findTestObject(orPath_TaxTypeFilingYear + "/select_TaxType_ExistingLiability"), TaxTypeEL, false): All options with label 'Personal Income Tax' are selected in object 'Object Repository/RAD_Pages/TaxTypeFilingYear_Page/select_TaxType_ExistingLiability' 

2024-11-07 19:57:30 - [MESSAGE][PASSED] - All options with label 'Personal Income Tax' are selected in object 'Object Repository/RAD_Pages/TaxTypeFilingYear_Page/select_TaxType_ExistingLiability' 

2024-11-07 19:57:30 - [TEST_STEP][PASSED] - setText(findTestObject(orPath_TaxInfo + "/input_NoticeInvoiceNumber"), notInvNumber): Text '123456789012' is set on object 'Object Repository/RAD_Pages/TaxInfo_Page/input_NoticeInvoiceNumber'

2024-11-07 19:57:31 - [MESSAGE][PASSED] - Text '123456789012' is set on object 'Object Repository/RAD_Pages/TaxInfo_Page/input_NoticeInvoiceNumber'

2024-11-07 19:57:31 - [TEST_STEP][PASSED] - setText(findTestObject(orPath_TaxInfo + "/input_reTypeNoticeInvoiceNumber"), notInvNumber): Text '123456789012' is set on object 'Object Repository/RAD_Pages/TaxInfo_Page/input_reTypeNoticeInvoiceNumber'

2024-11-07 19:57:32 - [MESSAGE][PASSED] - Text '123456789012' is set on object 'Object Repository/RAD_Pages/TaxInfo_Page/input_reTypeNoticeInvoiceNumber'

2024-11-07 19:57:32 - [TEST_STEP][PASSED] - println(notInvNumber): null

2024-11-07 19:57:32 - [TEST_STEP][PASSED] - if (verifyTextPresent(errorMsg, true)): null

2024-11-07 19:57:32 - [MESSAGE][PASSED] - Text 'Notice Number or Invoice Number must be 10, 11, or 13 digits in length, with a value greater than zero' is present on page  using regular expression

2024-11-07 19:57:32 - [TEST_STEP][PASSED] - println("Error Message is present on the page"): null

2024-11-07 19:57:32 - [TEST_STEP][PASSED] - out.println("Pass Record Number: " + row): null

2024-11-07 19:57:32 - [TEST_STEP][PASSED] - resText = "Pass": null

2024-11-07 19:57:32 - [TEST_STEP][PASSED] - pages.WriteExcel.demoKey(resText, datText, resColumn, datCloumn, fileLoc, nameSheet, row): pages.WriteExcel.demoKey is PASSED

2024-11-07 19:57:33 - [MESSAGE][PASSED] - pages.WriteExcel.demoKey is PASSED

2024-11-07 19:57:33 - [TEST_STEP][PASSED] - ExecuteTC = findTestData(dataFile).getValue("Execute", row): null

2024-11-07 19:57:33 - [TEST_STEP][PASSED] - Taxtype = findTestData(dataFile).getValue("TaxType", row): null

2024-11-07 19:57:33 - [TEST_STEP][PASSED] - TaxTypeEL = findTestData(dataFile).getValue("TaxTypeEL", row): null

2024-11-07 19:57:33 - [TEST_STEP][PASSED] - notInvNumber = findTestData(dataFile).getValue("NotiInvoNumber", row): null

2024-11-07 19:57:33 - [TEST_STEP][PASSED] - errorMsg = findTestData(dataFile).getValue("ErrorMessage", row): null

2024-11-07 19:57:33 - [TEST_STEP][PASSED] - out.println("Value of Execute is : " + ExecuteTC): null

2024-11-07 19:57:33 - [TEST_STEP][PASSED] - if (ExecuteTC.equalsIgnoreCase("Y")): null

2024-11-07 19:57:33 - [TEST_STEP][PASSED] - out.println("Begin Record Number: " + row): null

2024-11-07 19:57:33 - [TEST_STEP][PASSED] - today = new java.util.Date(): null

2024-11-07 19:57:33 - [TEST_STEP][PASSED] - println(today): null

2024-11-07 19:57:33 - [TEST_STEP][PASSED] - datText = today: null

2024-11-07 19:57:33 - [TEST_STEP][PASSED] - Taxtype = findTestData(dataFile).getValue("TaxType", row): null

2024-11-07 19:57:33 - [TEST_STEP][PASSED] - out.println("Taxtype value is : " + Taxtype): null

2024-11-07 19:57:33 - [TEST_STEP][PASSED] - openBrowser(""): Browser is opened with url: ''

2024-11-07 19:57:33 - [MESSAGE][WARNING] - A browser is already opened. Closing browser and opening a new one

2024-11-07 19:57:35 - [MESSAGE][INFO] - Starting 'Chrome' driver

2024-11-07 19:57:35 - [MESSAGE][INFO] - User set preference: ['acceptInsecureCerts', 'true']

2024-11-07 19:57:35 - [MESSAGE][INFO] - Action delay is set to 0 milliseconds

2024-11-07 19:57:37 - [MESSAGE][PASSED] - Browser is opened with url: ''

2024-11-07 19:57:37 - [TEST_STEP][PASSED] - maximizeWindow(): Current window maximized

2024-11-07 19:57:37 - [MESSAGE][PASSED] - Current window maximized

2024-11-07 19:57:37 - [TEST_STEP][PASSED] - navigateToUrl(RADurl): Navigate to 'https://www.velocitypayment.com/client/rad/index.html' successfully

2024-11-07 19:57:39 - [MESSAGE][PASSED] - Navigate to 'https://www.velocitypayment.com/client/rad/index.html' successfully

2024-11-07 19:57:39 - [TEST_STEP][PASSED] - orPath_Landing = "Object Repository/RAD_Pages/Landing_Page": null

2024-11-07 19:57:39 - [TEST_STEP][PASSED] - orPath_TaxTypeFilingYear = "Object Repository/RAD_Pages/TaxTypeFilingYear_Page": null

2024-11-07 19:57:39 - [TEST_STEP][PASSED] - orPath_TaxPayer = "Object Repository/RAD_Pages/Taxpayer_Page": null

2024-11-07 19:57:39 - [TEST_STEP][PASSED] - orPath_AddressContact = "Object Repository/RAD_Pages/AddressAndContactInfo_Page": null

2024-11-07 19:57:39 - [TEST_STEP][PASSED] - orPath_FilingStatus = "Object Repository/RAD_Pages/FilingStatus_Page": null

2024-11-07 19:57:39 - [TEST_STEP][PASSED] - orPath_Amount = "Object Repository/RAD_Pages/PaymentAmount_Page": null

2024-11-07 19:57:39 - [TEST_STEP][PASSED] - orPath_TaxInfo = "Object Repository/RAD_Pages/TaxInfo_Page": null

2024-11-07 19:57:40 - [TEST_STEP][PASSED] - orPath_Withholding = "Object Repository/RAD_Pages/Withholding_Page": null

2024-11-07 19:57:40 - [TEST_STEP][PASSED] - orPath_Summary = "Object Repository/RAD_Pages/Summary_Page": null

2024-11-07 19:57:40 - [TEST_STEP][PASSED] - orPath_PaymentReady = "Object Repository/RAD_Pages/PaymentReady_Page": null

2024-11-07 19:57:40 - [TEST_STEP][PASSED] - orPath_PaymentEntry = "Object Repository/RAD_Pages/PaymentEntry_Page": null

2024-11-07 19:57:40 - [TEST_STEP][PASSED] - orPath_PaymentConfirmation = "Object Repository/RAD_Pages/PaymentConfirmation_Page": null

2024-11-07 19:57:40 - [TEST_STEP][PASSED] - orPath_ServiceFeesAccept = "Object Repository/RAD_Pages/ServiceFeeAccept_Page": null

2024-11-07 19:57:40 - [TEST_STEP][PASSED] - selectOptionByLabel(findTestObject(orPath_Landing + "/dd_TaxType"), Taxtype, false): All options with label 'Existing Liability with Notice/Invoice Number' are selected in object 'Object Repository/RAD_Pages/Landing_Page/dd_TaxType' 

2024-11-07 19:57:40 - [MESSAGE][PASSED] - All options with label 'Existing Liability with Notice/Invoice Number' are selected in object 'Object Repository/RAD_Pages/Landing_Page/dd_TaxType' 

2024-11-07 19:57:40 - [TEST_STEP][PASSED] - delay(1): Delayed 1 second(s)

2024-11-07 19:57:41 - [MESSAGE][PASSED] - Delayed 1 second(s)

2024-11-07 19:57:41 - [TEST_STEP][PASSED] - selectOptionByLabel(findTestObject(orPath_TaxTypeFilingYear + "/select_TaxType_ExistingLiability"), TaxTypeEL, false): All options with label 'Personal Income Tax' are selected in object 'Object Repository/RAD_Pages/TaxTypeFilingYear_Page/select_TaxType_ExistingLiability' 

2024-11-07 19:57:42 - [MESSAGE][PASSED] - All options with label 'Personal Income Tax' are selected in object 'Object Repository/RAD_Pages/TaxTypeFilingYear_Page/select_TaxType_ExistingLiability' 

2024-11-07 19:57:42 - [TEST_STEP][PASSED] - setText(findTestObject(orPath_TaxInfo + "/input_NoticeInvoiceNumber"), notInvNumber): Text '0000000000' is set on object 'Object Repository/RAD_Pages/TaxInfo_Page/input_NoticeInvoiceNumber'

2024-11-07 19:57:43 - [MESSAGE][PASSED] - Text '0000000000' is set on object 'Object Repository/RAD_Pages/TaxInfo_Page/input_NoticeInvoiceNumber'

2024-11-07 19:57:43 - [TEST_STEP][PASSED] - setText(findTestObject(orPath_TaxInfo + "/input_reTypeNoticeInvoiceNumber"), notInvNumber): Text '0000000000' is set on object 'Object Repository/RAD_Pages/TaxInfo_Page/input_reTypeNoticeInvoiceNumber'

2024-11-07 19:57:44 - [MESSAGE][PASSED] - Text '0000000000' is set on object 'Object Repository/RAD_Pages/TaxInfo_Page/input_reTypeNoticeInvoiceNumber'

2024-11-07 19:57:44 - [TEST_STEP][PASSED] - println(notInvNumber): null

2024-11-07 19:57:44 - [TEST_STEP][PASSED] - if (verifyTextPresent(errorMsg, true)): null

2024-11-07 19:57:44 - [MESSAGE][PASSED] - Text 'Notice Number or Invoice Number must be 10, 11, or 13 digits in length, with a value greater than zero' is present on page  using regular expression

2024-11-07 19:57:44 - [TEST_STEP][PASSED] - println("Error Message is present on the page"): null

2024-11-07 19:57:44 - [TEST_STEP][PASSED] - out.println("Pass Record Number: " + row): null

2024-11-07 19:57:44 - [TEST_STEP][PASSED] - resText = "Pass": null

2024-11-07 19:57:44 - [TEST_STEP][PASSED] - pages.WriteExcel.demoKey(resText, datText, resColumn, datCloumn, fileLoc, nameSheet, row): pages.WriteExcel.demoKey is PASSED

2024-11-07 19:57:44 - [MESSAGE][PASSED] - pages.WriteExcel.demoKey is PASSED

2024-11-07 19:57:44 - [TEST_STEP][PASSED] - ExecuteTC = findTestData(dataFile).getValue("Execute", row): null

2024-11-07 19:57:44 - [TEST_STEP][PASSED] - Taxtype = findTestData(dataFile).getValue("TaxType", row): null

2024-11-07 19:57:44 - [TEST_STEP][PASSED] - TaxTypeEL = findTestData(dataFile).getValue("TaxTypeEL", row): null

2024-11-07 19:57:44 - [TEST_STEP][PASSED] - notInvNumber = findTestData(dataFile).getValue("NotiInvoNumber", row): null

2024-11-07 19:57:44 - [TEST_STEP][PASSED] - errorMsg = findTestData(dataFile).getValue("ErrorMessage", row): null

2024-11-07 19:57:44 - [TEST_STEP][PASSED] - out.println("Value of Execute is : " + ExecuteTC): null

2024-11-07 19:57:44 - [TEST_STEP][PASSED] - if (ExecuteTC.equalsIgnoreCase("Y")): null

2024-11-07 19:57:44 - [TEST_STEP][PASSED] - out.println("Begin Record Number: " + row): null

2024-11-07 19:57:44 - [TEST_STEP][PASSED] - today = new java.util.Date(): null

2024-11-07 19:57:44 - [TEST_STEP][PASSED] - println(today): null

2024-11-07 19:57:44 - [TEST_STEP][PASSED] - datText = today: null

2024-11-07 19:57:44 - [TEST_STEP][PASSED] - Taxtype = findTestData(dataFile).getValue("TaxType", row): null

2024-11-07 19:57:45 - [TEST_STEP][PASSED] - out.println("Taxtype value is : " + Taxtype): null

2024-11-07 19:57:45 - [TEST_STEP][PASSED] - openBrowser(""): Browser is opened with url: ''

2024-11-07 19:57:45 - [MESSAGE][WARNING] - A browser is already opened. Closing browser and opening a new one

2024-11-07 19:57:46 - [MESSAGE][INFO] - Starting 'Chrome' driver

2024-11-07 19:57:46 - [MESSAGE][INFO] - User set preference: ['acceptInsecureCerts', 'true']

2024-11-07 19:57:46 - [MESSAGE][INFO] - Action delay is set to 0 milliseconds

2024-11-07 19:57:48 - [MESSAGE][PASSED] - Browser is opened with url: ''

2024-11-07 19:57:48 - [TEST_STEP][PASSED] - maximizeWindow(): Current window maximized

2024-11-07 19:57:48 - [MESSAGE][PASSED] - Current window maximized

2024-11-07 19:57:48 - [TEST_STEP][PASSED] - navigateToUrl(RADurl): Navigate to 'https://www.velocitypayment.com/client/rad/index.html' successfully

2024-11-07 19:57:50 - [MESSAGE][PASSED] - Navigate to 'https://www.velocitypayment.com/client/rad/index.html' successfully

2024-11-07 19:57:50 - [TEST_STEP][PASSED] - orPath_Landing = "Object Repository/RAD_Pages/Landing_Page": null

2024-11-07 19:57:50 - [TEST_STEP][PASSED] - orPath_TaxTypeFilingYear = "Object Repository/RAD_Pages/TaxTypeFilingYear_Page": null

2024-11-07 19:57:50 - [TEST_STEP][PASSED] - orPath_TaxPayer = "Object Repository/RAD_Pages/Taxpayer_Page": null

2024-11-07 19:57:50 - [TEST_STEP][PASSED] - orPath_AddressContact = "Object Repository/RAD_Pages/AddressAndContactInfo_Page": null

2024-11-07 19:57:50 - [TEST_STEP][PASSED] - orPath_FilingStatus = "Object Repository/RAD_Pages/FilingStatus_Page": null

2024-11-07 19:57:50 - [TEST_STEP][PASSED] - orPath_Amount = "Object Repository/RAD_Pages/PaymentAmount_Page": null

2024-11-07 19:57:50 - [TEST_STEP][PASSED] - orPath_TaxInfo = "Object Repository/RAD_Pages/TaxInfo_Page": null

2024-11-07 19:57:50 - [TEST_STEP][PASSED] - orPath_Withholding = "Object Repository/RAD_Pages/Withholding_Page": null

2024-11-07 19:57:50 - [TEST_STEP][PASSED] - orPath_Summary = "Object Repository/RAD_Pages/Summary_Page": null

2024-11-07 19:57:50 - [TEST_STEP][PASSED] - orPath_PaymentReady = "Object Repository/RAD_Pages/PaymentReady_Page": null

2024-11-07 19:57:50 - [TEST_STEP][PASSED] - orPath_PaymentEntry = "Object Repository/RAD_Pages/PaymentEntry_Page": null

2024-11-07 19:57:50 - [TEST_STEP][PASSED] - orPath_PaymentConfirmation = "Object Repository/RAD_Pages/PaymentConfirmation_Page": null

2024-11-07 19:57:50 - [TEST_STEP][PASSED] - orPath_ServiceFeesAccept = "Object Repository/RAD_Pages/ServiceFeeAccept_Page": null

2024-11-07 19:57:50 - [TEST_STEP][PASSED] - selectOptionByLabel(findTestObject(orPath_Landing + "/dd_TaxType"), Taxtype, false): All options with label 'Existing Liability with Notice/Invoice Number' are selected in object 'Object Repository/RAD_Pages/Landing_Page/dd_TaxType' 

2024-11-07 19:57:51 - [MESSAGE][PASSED] - All options with label 'Existing Liability with Notice/Invoice Number' are selected in object 'Object Repository/RAD_Pages/Landing_Page/dd_TaxType' 

2024-11-07 19:57:51 - [TEST_STEP][PASSED] - delay(1): Delayed 1 second(s)

2024-11-07 19:57:52 - [MESSAGE][PASSED] - Delayed 1 second(s)

2024-11-07 19:57:52 - [TEST_STEP][PASSED] - selectOptionByLabel(findTestObject(orPath_TaxTypeFilingYear + "/select_TaxType_ExistingLiability"), TaxTypeEL, false): All options with label 'PTE Non-Electing Non-S Corp' are selected in object 'Object Repository/RAD_Pages/TaxTypeFilingYear_Page/select_TaxType_ExistingLiability' 

2024-11-07 19:57:53 - [MESSAGE][PASSED] - All options with label 'PTE Non-Electing Non-S Corp' are selected in object 'Object Repository/RAD_Pages/TaxTypeFilingYear_Page/select_TaxType_ExistingLiability' 

2024-11-07 19:57:53 - [TEST_STEP][PASSED] - setText(findTestObject(orPath_TaxInfo + "/input_NoticeInvoiceNumber"), notInvNumber): Text '123456789' is set on object 'Object Repository/RAD_Pages/TaxInfo_Page/input_NoticeInvoiceNumber'

2024-11-07 19:57:53 - [MESSAGE][PASSED] - Text '123456789' is set on object 'Object Repository/RAD_Pages/TaxInfo_Page/input_NoticeInvoiceNumber'

2024-11-07 19:57:53 - [TEST_STEP][PASSED] - setText(findTestObject(orPath_TaxInfo + "/input_reTypeNoticeInvoiceNumber"), notInvNumber): Text '123456789' is set on object 'Object Repository/RAD_Pages/TaxInfo_Page/input_reTypeNoticeInvoiceNumber'

2024-11-07 19:57:54 - [MESSAGE][PASSED] - Text '123456789' is set on object 'Object Repository/RAD_Pages/TaxInfo_Page/input_reTypeNoticeInvoiceNumber'

2024-11-07 19:57:54 - [TEST_STEP][PASSED] - println(notInvNumber): null

2024-11-07 19:57:54 - [TEST_STEP][PASSED] - if (verifyTextPresent(errorMsg, true)): null

2024-11-07 19:57:55 - [MESSAGE][PASSED] - Text 'Notice Number or Invoice Number must be 10, 11, or 13 digits in length, with a value greater than zero' is present on page  using regular expression

2024-11-07 19:57:55 - [TEST_STEP][PASSED] - println("Error Message is present on the page"): null

2024-11-07 19:57:55 - [TEST_STEP][PASSED] - out.println("Pass Record Number: " + row): null

2024-11-07 19:57:55 - [TEST_STEP][PASSED] - resText = "Pass": null

2024-11-07 19:57:55 - [TEST_STEP][PASSED] - pages.WriteExcel.demoKey(resText, datText, resColumn, datCloumn, fileLoc, nameSheet, row): pages.WriteExcel.demoKey is PASSED

2024-11-07 19:57:55 - [MESSAGE][PASSED] - pages.WriteExcel.demoKey is PASSED

2024-11-07 19:57:55 - [TEST_STEP][PASSED] - ExecuteTC = findTestData(dataFile).getValue("Execute", row): null

2024-11-07 19:57:55 - [TEST_STEP][PASSED] - Taxtype = findTestData(dataFile).getValue("TaxType", row): null

2024-11-07 19:57:55 - [TEST_STEP][PASSED] - TaxTypeEL = findTestData(dataFile).getValue("TaxTypeEL", row): null

2024-11-07 19:57:55 - [TEST_STEP][PASSED] - notInvNumber = findTestData(dataFile).getValue("NotiInvoNumber", row): null

2024-11-07 19:57:55 - [TEST_STEP][PASSED] - errorMsg = findTestData(dataFile).getValue("ErrorMessage", row): null

2024-11-07 19:57:55 - [TEST_STEP][PASSED] - out.println("Value of Execute is : " + ExecuteTC): null

2024-11-07 19:57:55 - [TEST_STEP][PASSED] - if (ExecuteTC.equalsIgnoreCase("Y")): null

2024-11-07 19:57:55 - [TEST_STEP][PASSED] - out.println("Begin Record Number: " + row): null

2024-11-07 19:57:55 - [TEST_STEP][PASSED] - today = new java.util.Date(): null

2024-11-07 19:57:55 - [TEST_STEP][PASSED] - println(today): null

2024-11-07 19:57:55 - [TEST_STEP][PASSED] - datText = today: null

2024-11-07 19:57:55 - [TEST_STEP][PASSED] - Taxtype = findTestData(dataFile).getValue("TaxType", row): null

2024-11-07 19:57:55 - [TEST_STEP][PASSED] - out.println("Taxtype value is : " + Taxtype): null

2024-11-07 19:57:55 - [TEST_STEP][PASSED] - openBrowser(""): Browser is opened with url: ''

2024-11-07 19:57:55 - [MESSAGE][WARNING] - A browser is already opened. Closing browser and opening a new one

2024-11-07 19:57:57 - [MESSAGE][INFO] - Starting 'Chrome' driver

2024-11-07 19:57:57 - [MESSAGE][INFO] - User set preference: ['acceptInsecureCerts', 'true']

2024-11-07 19:57:57 - [MESSAGE][INFO] - Action delay is set to 0 milliseconds

2024-11-07 19:57:59 - [MESSAGE][PASSED] - Browser is opened with url: ''

2024-11-07 19:57:59 - [TEST_STEP][PASSED] - maximizeWindow(): Current window maximized

2024-11-07 19:57:59 - [MESSAGE][PASSED] - Current window maximized

2024-11-07 19:57:59 - [TEST_STEP][PASSED] - navigateToUrl(RADurl): Navigate to 'https://www.velocitypayment.com/client/rad/index.html' successfully

2024-11-07 19:58:02 - [MESSAGE][PASSED] - Navigate to 'https://www.velocitypayment.com/client/rad/index.html' successfully

2024-11-07 19:58:02 - [TEST_STEP][PASSED] - orPath_Landing = "Object Repository/RAD_Pages/Landing_Page": null

2024-11-07 19:58:02 - [TEST_STEP][PASSED] - orPath_TaxTypeFilingYear = "Object Repository/RAD_Pages/TaxTypeFilingYear_Page": null

2024-11-07 19:58:02 - [TEST_STEP][PASSED] - orPath_TaxPayer = "Object Repository/RAD_Pages/Taxpayer_Page": null

2024-11-07 19:58:02 - [TEST_STEP][PASSED] - orPath_AddressContact = "Object Repository/RAD_Pages/AddressAndContactInfo_Page": null

2024-11-07 19:58:02 - [TEST_STEP][PASSED] - orPath_FilingStatus = "Object Repository/RAD_Pages/FilingStatus_Page": null

2024-11-07 19:58:02 - [TEST_STEP][PASSED] - orPath_Amount = "Object Repository/RAD_Pages/PaymentAmount_Page": null

2024-11-07 19:58:02 - [TEST_STEP][PASSED] - orPath_TaxInfo = "Object Repository/RAD_Pages/TaxInfo_Page": null

2024-11-07 19:58:02 - [TEST_STEP][PASSED] - orPath_Withholding = "Object Repository/RAD_Pages/Withholding_Page": null

2024-11-07 19:58:02 - [TEST_STEP][PASSED] - orPath_Summary = "Object Repository/RAD_Pages/Summary_Page": null

2024-11-07 19:58:02 - [TEST_STEP][PASSED] - orPath_PaymentReady = "Object Repository/RAD_Pages/PaymentReady_Page": null

2024-11-07 19:58:02 - [TEST_STEP][PASSED] - orPath_PaymentEntry = "Object Repository/RAD_Pages/PaymentEntry_Page": null

2024-11-07 19:58:02 - [TEST_STEP][PASSED] - orPath_PaymentConfirmation = "Object Repository/RAD_Pages/PaymentConfirmation_Page": null

2024-11-07 19:58:02 - [TEST_STEP][PASSED] - orPath_ServiceFeesAccept = "Object Repository/RAD_Pages/ServiceFeeAccept_Page": null

2024-11-07 19:58:02 - [TEST_STEP][PASSED] - selectOptionByLabel(findTestObject(orPath_Landing + "/dd_TaxType"), Taxtype, false): All options with label 'Existing Liability with Notice/Invoice Number' are selected in object 'Object Repository/RAD_Pages/Landing_Page/dd_TaxType' 

2024-11-07 19:58:02 - [MESSAGE][PASSED] - All options with label 'Existing Liability with Notice/Invoice Number' are selected in object 'Object Repository/RAD_Pages/Landing_Page/dd_TaxType' 

2024-11-07 19:58:02 - [TEST_STEP][PASSED] - delay(1): Delayed 1 second(s)

2024-11-07 19:58:03 - [MESSAGE][PASSED] - Delayed 1 second(s)

2024-11-07 19:58:03 - [TEST_STEP][PASSED] - selectOptionByLabel(findTestObject(orPath_TaxTypeFilingYear + "/select_TaxType_ExistingLiability"), TaxTypeEL, false): All options with label 'PTE Non-Electing Non-S Corp' are selected in object 'Object Repository/RAD_Pages/TaxTypeFilingYear_Page/select_TaxType_ExistingLiability' 

2024-11-07 19:58:04 - [MESSAGE][PASSED] - All options with label 'PTE Non-Electing Non-S Corp' are selected in object 'Object Repository/RAD_Pages/TaxTypeFilingYear_Page/select_TaxType_ExistingLiability' 

2024-11-07 19:58:04 - [TEST_STEP][PASSED] - setText(findTestObject(orPath_TaxInfo + "/input_NoticeInvoiceNumber"), notInvNumber): Text '123456789012' is set on object 'Object Repository/RAD_Pages/TaxInfo_Page/input_NoticeInvoiceNumber'

2024-11-07 19:58:05 - [MESSAGE][PASSED] - Text '123456789012' is set on object 'Object Repository/RAD_Pages/TaxInfo_Page/input_NoticeInvoiceNumber'

2024-11-07 19:58:05 - [TEST_STEP][PASSED] - setText(findTestObject(orPath_TaxInfo + "/input_reTypeNoticeInvoiceNumber"), notInvNumber): Text '123456789012' is set on object 'Object Repository/RAD_Pages/TaxInfo_Page/input_reTypeNoticeInvoiceNumber'

2024-11-07 19:58:06 - [MESSAGE][PASSED] - Text '123456789012' is set on object 'Object Repository/RAD_Pages/TaxInfo_Page/input_reTypeNoticeInvoiceNumber'

2024-11-07 19:58:06 - [TEST_STEP][PASSED] - println(notInvNumber): null

2024-11-07 19:58:06 - [TEST_STEP][PASSED] - if (verifyTextPresent(errorMsg, true)): null

2024-11-07 19:58:06 - [MESSAGE][PASSED] - Text 'Notice Number or Invoice Number must be 10, 11, or 13 digits in length, with a value greater than zero' is present on page  using regular expression

2024-11-07 19:58:06 - [TEST_STEP][PASSED] - println("Error Message is present on the page"): null

2024-11-07 19:58:06 - [TEST_STEP][PASSED] - out.println("Pass Record Number: " + row): null

2024-11-07 19:58:06 - [TEST_STEP][PASSED] - resText = "Pass": null

2024-11-07 19:58:06 - [TEST_STEP][PASSED] - pages.WriteExcel.demoKey(resText, datText, resColumn, datCloumn, fileLoc, nameSheet, row): pages.WriteExcel.demoKey is PASSED

2024-11-07 19:58:06 - [MESSAGE][PASSED] - pages.WriteExcel.demoKey is PASSED

2024-11-07 19:58:06 - [TEST_STEP][PASSED] - ExecuteTC = findTestData(dataFile).getValue("Execute", row): null

2024-11-07 19:58:06 - [TEST_STEP][PASSED] - Taxtype = findTestData(dataFile).getValue("TaxType", row): null

2024-11-07 19:58:07 - [TEST_STEP][PASSED] - TaxTypeEL = findTestData(dataFile).getValue("TaxTypeEL", row): null

2024-11-07 19:58:07 - [TEST_STEP][PASSED] - notInvNumber = findTestData(dataFile).getValue("NotiInvoNumber", row): null

2024-11-07 19:58:07 - [TEST_STEP][PASSED] - errorMsg = findTestData(dataFile).getValue("ErrorMessage", row): null

2024-11-07 19:58:07 - [TEST_STEP][PASSED] - out.println("Value of Execute is : " + ExecuteTC): null

2024-11-07 19:58:07 - [TEST_STEP][PASSED] - if (ExecuteTC.equalsIgnoreCase("Y")): null

2024-11-07 19:58:07 - [TEST_STEP][PASSED] - out.println("Begin Record Number: " + row): null

2024-11-07 19:58:07 - [TEST_STEP][PASSED] - today = new java.util.Date(): null

2024-11-07 19:58:07 - [TEST_STEP][PASSED] - println(today): null

2024-11-07 19:58:07 - [TEST_STEP][PASSED] - datText = today: null

2024-11-07 19:58:07 - [TEST_STEP][PASSED] - Taxtype = findTestData(dataFile).getValue("TaxType", row): null

2024-11-07 19:58:07 - [TEST_STEP][PASSED] - out.println("Taxtype value is : " + Taxtype): null

2024-11-07 19:58:07 - [TEST_STEP][PASSED] - openBrowser(""): Browser is opened with url: ''

2024-11-07 19:58:07 - [MESSAGE][WARNING] - A browser is already opened. Closing browser and opening a new one

2024-11-07 19:58:08 - [MESSAGE][INFO] - Starting 'Chrome' driver

2024-11-07 19:58:08 - [MESSAGE][INFO] - User set preference: ['acceptInsecureCerts', 'true']

2024-11-07 19:58:08 - [MESSAGE][INFO] - Action delay is set to 0 milliseconds

2024-11-07 19:58:10 - [MESSAGE][PASSED] - Browser is opened with url: ''

2024-11-07 19:58:10 - [TEST_STEP][PASSED] - maximizeWindow(): Current window maximized

2024-11-07 19:58:10 - [MESSAGE][PASSED] - Current window maximized

2024-11-07 19:58:10 - [TEST_STEP][PASSED] - navigateToUrl(RADurl): Navigate to 'https://www.velocitypayment.com/client/rad/index.html' successfully

2024-11-07 19:58:12 - [MESSAGE][PASSED] - Navigate to 'https://www.velocitypayment.com/client/rad/index.html' successfully

2024-11-07 19:58:12 - [TEST_STEP][PASSED] - orPath_Landing = "Object Repository/RAD_Pages/Landing_Page": null

2024-11-07 19:58:12 - [TEST_STEP][PASSED] - orPath_TaxTypeFilingYear = "Object Repository/RAD_Pages/TaxTypeFilingYear_Page": null

2024-11-07 19:58:12 - [TEST_STEP][PASSED] - orPath_TaxPayer = "Object Repository/RAD_Pages/Taxpayer_Page": null

2024-11-07 19:58:12 - [TEST_STEP][PASSED] - orPath_AddressContact = "Object Repository/RAD_Pages/AddressAndContactInfo_Page": null

2024-11-07 19:58:12 - [TEST_STEP][PASSED] - orPath_FilingStatus = "Object Repository/RAD_Pages/FilingStatus_Page": null

2024-11-07 19:58:12 - [TEST_STEP][PASSED] - orPath_Amount = "Object Repository/RAD_Pages/PaymentAmount_Page": null

2024-11-07 19:58:12 - [TEST_STEP][PASSED] - orPath_TaxInfo = "Object Repository/RAD_Pages/TaxInfo_Page": null

2024-11-07 19:58:12 - [TEST_STEP][PASSED] - orPath_Withholding = "Object Repository/RAD_Pages/Withholding_Page": null

2024-11-07 19:58:12 - [TEST_STEP][PASSED] - orPath_Summary = "Object Repository/RAD_Pages/Summary_Page": null

2024-11-07 19:58:12 - [TEST_STEP][PASSED] - orPath_PaymentReady = "Object Repository/RAD_Pages/PaymentReady_Page": null

2024-11-07 19:58:12 - [TEST_STEP][PASSED] - orPath_PaymentEntry = "Object Repository/RAD_Pages/PaymentEntry_Page": null

2024-11-07 19:58:12 - [TEST_STEP][PASSED] - orPath_PaymentConfirmation = "Object Repository/RAD_Pages/PaymentConfirmation_Page": null

2024-11-07 19:58:12 - [TEST_STEP][PASSED] - orPath_ServiceFeesAccept = "Object Repository/RAD_Pages/ServiceFeeAccept_Page": null

2024-11-07 19:58:12 - [TEST_STEP][PASSED] - selectOptionByLabel(findTestObject(orPath_Landing + "/dd_TaxType"), Taxtype, false): All options with label 'Existing Liability with Notice/Invoice Number' are selected in object 'Object Repository/RAD_Pages/Landing_Page/dd_TaxType' 

2024-11-07 19:58:13 - [MESSAGE][PASSED] - All options with label 'Existing Liability with Notice/Invoice Number' are selected in object 'Object Repository/RAD_Pages/Landing_Page/dd_TaxType' 

2024-11-07 19:58:13 - [TEST_STEP][PASSED] - delay(1): Delayed 1 second(s)

2024-11-07 19:58:14 - [MESSAGE][PASSED] - Delayed 1 second(s)

2024-11-07 19:58:14 - [TEST_STEP][PASSED] - selectOptionByLabel(findTestObject(orPath_TaxTypeFilingYear + "/select_TaxType_ExistingLiability"), TaxTypeEL, false): All options with label 'PTE Non-Electing Non-S Corp' are selected in object 'Object Repository/RAD_Pages/TaxTypeFilingYear_Page/select_TaxType_ExistingLiability' 

2024-11-07 19:58:15 - [MESSAGE][PASSED] - All options with label 'PTE Non-Electing Non-S Corp' are selected in object 'Object Repository/RAD_Pages/TaxTypeFilingYear_Page/select_TaxType_ExistingLiability' 

2024-11-07 19:58:15 - [TEST_STEP][PASSED] - setText(findTestObject(orPath_TaxInfo + "/input_NoticeInvoiceNumber"), notInvNumber): Text '0000000000' is set on object 'Object Repository/RAD_Pages/TaxInfo_Page/input_NoticeInvoiceNumber'

2024-11-07 19:58:15 - [MESSAGE][PASSED] - Text '0000000000' is set on object 'Object Repository/RAD_Pages/TaxInfo_Page/input_NoticeInvoiceNumber'

2024-11-07 19:58:15 - [TEST_STEP][PASSED] - setText(findTestObject(orPath_TaxInfo + "/input_reTypeNoticeInvoiceNumber"), notInvNumber): Text '0000000000' is set on object 'Object Repository/RAD_Pages/TaxInfo_Page/input_reTypeNoticeInvoiceNumber'

2024-11-07 19:58:16 - [MESSAGE][PASSED] - Text '0000000000' is set on object 'Object Repository/RAD_Pages/TaxInfo_Page/input_reTypeNoticeInvoiceNumber'

2024-11-07 19:58:16 - [TEST_STEP][PASSED] - println(notInvNumber): null

2024-11-07 19:58:16 - [TEST_STEP][PASSED] - if (verifyTextPresent(errorMsg, true)): null

2024-11-07 19:58:17 - [MESSAGE][PASSED] - Text 'Notice Number or Invoice Number must be 10, 11, or 13 digits in length, with a value greater than zero' is present on page  using regular expression

2024-11-07 19:58:17 - [TEST_STEP][PASSED] - println("Error Message is present on the page"): null

2024-11-07 19:58:17 - [TEST_STEP][PASSED] - out.println("Pass Record Number: " + row): null

2024-11-07 19:58:17 - [TEST_STEP][PASSED] - resText = "Pass": null

2024-11-07 19:58:17 - [TEST_STEP][PASSED] - pages.WriteExcel.demoKey(resText, datText, resColumn, datCloumn, fileLoc, nameSheet, row): pages.WriteExcel.demoKey is PASSED

2024-11-07 19:58:17 - [MESSAGE][PASSED] - pages.WriteExcel.demoKey is PASSED

2024-11-07 19:58:17 - [TEST_STEP][PASSED] - ExecuteTC = findTestData(dataFile).getValue("Execute", row): null

2024-11-07 19:58:17 - [TEST_STEP][PASSED] - Taxtype = findTestData(dataFile).getValue("TaxType", row): null

2024-11-07 19:58:17 - [TEST_STEP][PASSED] - TaxTypeEL = findTestData(dataFile).getValue("TaxTypeEL", row): null

2024-11-07 19:58:17 - [TEST_STEP][PASSED] - notInvNumber = findTestData(dataFile).getValue("NotiInvoNumber", row): null

2024-11-07 19:58:17 - [TEST_STEP][PASSED] - errorMsg = findTestData(dataFile).getValue("ErrorMessage", row): null

2024-11-07 19:58:17 - [TEST_STEP][PASSED] - out.println("Value of Execute is : " + ExecuteTC): null

2024-11-07 19:58:17 - [TEST_STEP][PASSED] - if (ExecuteTC.equalsIgnoreCase("Y")): null

2024-11-07 19:58:17 - [TEST_STEP][PASSED] - out.println("Begin Record Number: " + row): null

2024-11-07 19:58:17 - [TEST_STEP][PASSED] - today = new java.util.Date(): null

2024-11-07 19:58:17 - [TEST_STEP][PASSED] - println(today): null

2024-11-07 19:58:17 - [TEST_STEP][PASSED] - datText = today: null

2024-11-07 19:58:17 - [TEST_STEP][PASSED] - Taxtype = findTestData(dataFile).getValue("TaxType", row): null

2024-11-07 19:58:17 - [TEST_STEP][PASSED] - out.println("Taxtype value is : " + Taxtype): null

2024-11-07 19:58:17 - [TEST_STEP][PASSED] - openBrowser(""): Browser is opened with url: ''

2024-11-07 19:58:17 - [MESSAGE][WARNING] - A browser is already opened. Closing browser and opening a new one

2024-11-07 19:58:19 - [MESSAGE][INFO] - Starting 'Chrome' driver

2024-11-07 19:58:19 - [MESSAGE][INFO] - User set preference: ['acceptInsecureCerts', 'true']

2024-11-07 19:58:19 - [MESSAGE][INFO] - Action delay is set to 0 milliseconds

2024-11-07 19:58:21 - [MESSAGE][PASSED] - Browser is opened with url: ''

2024-11-07 19:58:21 - [TEST_STEP][PASSED] - maximizeWindow(): Current window maximized

2024-11-07 19:58:21 - [MESSAGE][PASSED] - Current window maximized

2024-11-07 19:58:21 - [TEST_STEP][PASSED] - navigateToUrl(RADurl): Navigate to 'https://www.velocitypayment.com/client/rad/index.html' successfully

2024-11-07 19:58:23 - [MESSAGE][PASSED] - Navigate to 'https://www.velocitypayment.com/client/rad/index.html' successfully

2024-11-07 19:58:23 - [TEST_STEP][PASSED] - orPath_Landing = "Object Repository/RAD_Pages/Landing_Page": null

2024-11-07 19:58:23 - [TEST_STEP][PASSED] - orPath_TaxTypeFilingYear = "Object Repository/RAD_Pages/TaxTypeFilingYear_Page": null

2024-11-07 19:58:23 - [TEST_STEP][PASSED] - orPath_TaxPayer = "Object Repository/RAD_Pages/Taxpayer_Page": null

2024-11-07 19:58:23 - [TEST_STEP][PASSED] - orPath_AddressContact = "Object Repository/RAD_Pages/AddressAndContactInfo_Page": null

2024-11-07 19:58:23 - [TEST_STEP][PASSED] - orPath_FilingStatus = "Object Repository/RAD_Pages/FilingStatus_Page": null

2024-11-07 19:58:23 - [TEST_STEP][PASSED] - orPath_Amount = "Object Repository/RAD_Pages/PaymentAmount_Page": null

2024-11-07 19:58:23 - [TEST_STEP][PASSED] - orPath_TaxInfo = "Object Repository/RAD_Pages/TaxInfo_Page": null

2024-11-07 19:58:23 - [TEST_STEP][PASSED] - orPath_Withholding = "Object Repository/RAD_Pages/Withholding_Page": null

2024-11-07 19:58:23 - [TEST_STEP][PASSED] - orPath_Summary = "Object Repository/RAD_Pages/Summary_Page": null

2024-11-07 19:58:23 - [TEST_STEP][PASSED] - orPath_PaymentReady = "Object Repository/RAD_Pages/PaymentReady_Page": null

2024-11-07 19:58:23 - [TEST_STEP][PASSED] - orPath_PaymentEntry = "Object Repository/RAD_Pages/PaymentEntry_Page": null

2024-11-07 19:58:23 - [TEST_STEP][PASSED] - orPath_PaymentConfirmation = "Object Repository/RAD_Pages/PaymentConfirmation_Page": null

2024-11-07 19:58:23 - [TEST_STEP][PASSED] - orPath_ServiceFeesAccept = "Object Repository/RAD_Pages/ServiceFeeAccept_Page": null

2024-11-07 19:58:23 - [TEST_STEP][PASSED] - selectOptionByLabel(findTestObject(orPath_Landing + "/dd_TaxType"), Taxtype, false): All options with label 'Existing Liability with Notice/Invoice Number' are selected in object 'Object Repository/RAD_Pages/Landing_Page/dd_TaxType' 

2024-11-07 19:58:24 - [MESSAGE][PASSED] - All options with label 'Existing Liability with Notice/Invoice Number' are selected in object 'Object Repository/RAD_Pages/Landing_Page/dd_TaxType' 

2024-11-07 19:58:24 - [TEST_STEP][PASSED] - delay(1): Delayed 1 second(s)

2024-11-07 19:58:25 - [MESSAGE][PASSED] - Delayed 1 second(s)

2024-11-07 19:58:25 - [TEST_STEP][PASSED] - selectOptionByLabel(findTestObject(orPath_TaxTypeFilingYear + "/select_TaxType_ExistingLiability"), TaxTypeEL, false): All options with label 'PTE Non-Electing S Corp' are selected in object 'Object Repository/RAD_Pages/TaxTypeFilingYear_Page/select_TaxType_ExistingLiability' 

2024-11-07 19:58:25 - [MESSAGE][PASSED] - All options with label 'PTE Non-Electing S Corp' are selected in object 'Object Repository/RAD_Pages/TaxTypeFilingYear_Page/select_TaxType_ExistingLiability' 

2024-11-07 19:58:25 - [TEST_STEP][PASSED] - setText(findTestObject(orPath_TaxInfo + "/input_NoticeInvoiceNumber"), notInvNumber): Text '123456789' is set on object 'Object Repository/RAD_Pages/TaxInfo_Page/input_NoticeInvoiceNumber'

2024-11-07 19:58:26 - [MESSAGE][PASSED] - Text '123456789' is set on object 'Object Repository/RAD_Pages/TaxInfo_Page/input_NoticeInvoiceNumber'

2024-11-07 19:58:26 - [TEST_STEP][PASSED] - setText(findTestObject(orPath_TaxInfo + "/input_reTypeNoticeInvoiceNumber"), notInvNumber): Text '123456789' is set on object 'Object Repository/RAD_Pages/TaxInfo_Page/input_reTypeNoticeInvoiceNumber'

2024-11-07 19:58:27 - [MESSAGE][PASSED] - Text '123456789' is set on object 'Object Repository/RAD_Pages/TaxInfo_Page/input_reTypeNoticeInvoiceNumber'

2024-11-07 19:58:27 - [TEST_STEP][PASSED] - println(notInvNumber): null

2024-11-07 19:58:27 - [TEST_STEP][PASSED] - if (verifyTextPresent(errorMsg, true)): null

2024-11-07 19:58:28 - [MESSAGE][PASSED] - Text 'Notice Number or Invoice Number must be 10, 11, or 13 digits in length, with a value greater than zero' is present on page  using regular expression

2024-11-07 19:58:28 - [TEST_STEP][PASSED] - println("Error Message is present on the page"): null

2024-11-07 19:58:28 - [TEST_STEP][PASSED] - out.println("Pass Record Number: " + row): null

2024-11-07 19:58:28 - [TEST_STEP][PASSED] - resText = "Pass": null

2024-11-07 19:58:28 - [TEST_STEP][PASSED] - pages.WriteExcel.demoKey(resText, datText, resColumn, datCloumn, fileLoc, nameSheet, row): pages.WriteExcel.demoKey is PASSED

2024-11-07 19:58:28 - [MESSAGE][PASSED] - pages.WriteExcel.demoKey is PASSED

2024-11-07 19:58:28 - [TEST_STEP][PASSED] - ExecuteTC = findTestData(dataFile).getValue("Execute", row): null

2024-11-07 19:58:28 - [TEST_STEP][PASSED] - Taxtype = findTestData(dataFile).getValue("TaxType", row): null

2024-11-07 19:58:28 - [TEST_STEP][PASSED] - TaxTypeEL = findTestData(dataFile).getValue("TaxTypeEL", row): null

2024-11-07 19:58:28 - [TEST_STEP][PASSED] - notInvNumber = findTestData(dataFile).getValue("NotiInvoNumber", row): null

2024-11-07 19:58:28 - [TEST_STEP][PASSED] - errorMsg = findTestData(dataFile).getValue("ErrorMessage", row): null

2024-11-07 19:58:28 - [TEST_STEP][PASSED] - out.println("Value of Execute is : " + ExecuteTC): null

2024-11-07 19:58:28 - [TEST_STEP][PASSED] - if (ExecuteTC.equalsIgnoreCase("Y")): null

2024-11-07 19:58:28 - [TEST_STEP][PASSED] - out.println("Begin Record Number: " + row): null

2024-11-07 19:58:28 - [TEST_STEP][PASSED] - today = new java.util.Date(): null

2024-11-07 19:58:28 - [TEST_STEP][PASSED] - println(today): null

2024-11-07 19:58:28 - [TEST_STEP][PASSED] - datText = today: null

2024-11-07 19:58:28 - [TEST_STEP][PASSED] - Taxtype = findTestData(dataFile).getValue("TaxType", row): null

2024-11-07 19:58:28 - [TEST_STEP][PASSED] - out.println("Taxtype value is : " + Taxtype): null

2024-11-07 19:58:28 - [TEST_STEP][PASSED] - openBrowser(""): Browser is opened with url: ''

2024-11-07 19:58:28 - [MESSAGE][WARNING] - A browser is already opened. Closing browser and opening a new one

2024-11-07 19:58:30 - [MESSAGE][INFO] - Starting 'Chrome' driver

2024-11-07 19:58:30 - [MESSAGE][INFO] - User set preference: ['acceptInsecureCerts', 'true']

2024-11-07 19:58:30 - [MESSAGE][INFO] - Action delay is set to 0 milliseconds

2024-11-07 19:58:31 - [MESSAGE][PASSED] - Browser is opened with url: ''

2024-11-07 19:58:31 - [TEST_STEP][PASSED] - maximizeWindow(): Current window maximized

2024-11-07 19:58:32 - [MESSAGE][PASSED] - Current window maximized

2024-11-07 19:58:32 - [TEST_STEP][PASSED] - navigateToUrl(RADurl): Navigate to 'https://www.velocitypayment.com/client/rad/index.html' successfully

2024-11-07 19:58:34 - [MESSAGE][PASSED] - Navigate to 'https://www.velocitypayment.com/client/rad/index.html' successfully

2024-11-07 19:58:34 - [TEST_STEP][PASSED] - orPath_Landing = "Object Repository/RAD_Pages/Landing_Page": null

2024-11-07 19:58:34 - [TEST_STEP][PASSED] - orPath_TaxTypeFilingYear = "Object Repository/RAD_Pages/TaxTypeFilingYear_Page": null

2024-11-07 19:58:34 - [TEST_STEP][PASSED] - orPath_TaxPayer = "Object Repository/RAD_Pages/Taxpayer_Page": null

2024-11-07 19:58:34 - [TEST_STEP][PASSED] - orPath_AddressContact = "Object Repository/RAD_Pages/AddressAndContactInfo_Page": null

2024-11-07 19:58:34 - [TEST_STEP][PASSED] - orPath_FilingStatus = "Object Repository/RAD_Pages/FilingStatus_Page": null

2024-11-07 19:58:34 - [TEST_STEP][PASSED] - orPath_Amount = "Object Repository/RAD_Pages/PaymentAmount_Page": null

2024-11-07 19:58:34 - [TEST_STEP][PASSED] - orPath_TaxInfo = "Object Repository/RAD_Pages/TaxInfo_Page": null

2024-11-07 19:58:34 - [TEST_STEP][PASSED] - orPath_Withholding = "Object Repository/RAD_Pages/Withholding_Page": null

2024-11-07 19:58:34 - [TEST_STEP][PASSED] - orPath_Summary = "Object Repository/RAD_Pages/Summary_Page": null

2024-11-07 19:58:34 - [TEST_STEP][PASSED] - orPath_PaymentReady = "Object Repository/RAD_Pages/PaymentReady_Page": null

2024-11-07 19:58:34 - [TEST_STEP][PASSED] - orPath_PaymentEntry = "Object Repository/RAD_Pages/PaymentEntry_Page": null

2024-11-07 19:58:34 - [TEST_STEP][PASSED] - orPath_PaymentConfirmation = "Object Repository/RAD_Pages/PaymentConfirmation_Page": null

2024-11-07 19:58:34 - [TEST_STEP][PASSED] - orPath_ServiceFeesAccept = "Object Repository/RAD_Pages/ServiceFeeAccept_Page": null

2024-11-07 19:58:34 - [TEST_STEP][PASSED] - selectOptionByLabel(findTestObject(orPath_Landing + "/dd_TaxType"), Taxtype, false): All options with label 'Existing Liability with Notice/Invoice Number' are selected in object 'Object Repository/RAD_Pages/Landing_Page/dd_TaxType' 

2024-11-07 19:58:35 - [MESSAGE][PASSED] - All options with label 'Existing Liability with Notice/Invoice Number' are selected in object 'Object Repository/RAD_Pages/Landing_Page/dd_TaxType' 

2024-11-07 19:58:35 - [TEST_STEP][PASSED] - delay(1): Delayed 1 second(s)

2024-11-07 19:58:36 - [MESSAGE][PASSED] - Delayed 1 second(s)

2024-11-07 19:58:36 - [TEST_STEP][PASSED] - selectOptionByLabel(findTestObject(orPath_TaxTypeFilingYear + "/select_TaxType_ExistingLiability"), TaxTypeEL, false): All options with label 'PTE Non-Electing S Corp' are selected in object 'Object Repository/RAD_Pages/TaxTypeFilingYear_Page/select_TaxType_ExistingLiability' 

2024-11-07 19:58:37 - [MESSAGE][PASSED] - All options with label 'PTE Non-Electing S Corp' are selected in object 'Object Repository/RAD_Pages/TaxTypeFilingYear_Page/select_TaxType_ExistingLiability' 

2024-11-07 19:58:37 - [TEST_STEP][PASSED] - setText(findTestObject(orPath_TaxInfo + "/input_NoticeInvoiceNumber"), notInvNumber): Text '123456789012' is set on object 'Object Repository/RAD_Pages/TaxInfo_Page/input_NoticeInvoiceNumber'

2024-11-07 19:58:38 - [MESSAGE][PASSED] - Text '123456789012' is set on object 'Object Repository/RAD_Pages/TaxInfo_Page/input_NoticeInvoiceNumber'

2024-11-07 19:58:38 - [TEST_STEP][PASSED] - setText(findTestObject(orPath_TaxInfo + "/input_reTypeNoticeInvoiceNumber"), notInvNumber): Text '123456789012' is set on object 'Object Repository/RAD_Pages/TaxInfo_Page/input_reTypeNoticeInvoiceNumber'

2024-11-07 19:58:39 - [MESSAGE][PASSED] - Text '123456789012' is set on object 'Object Repository/RAD_Pages/TaxInfo_Page/input_reTypeNoticeInvoiceNumber'

2024-11-07 19:58:39 - [TEST_STEP][PASSED] - println(notInvNumber): null

2024-11-07 19:58:39 - [TEST_STEP][PASSED] - if (verifyTextPresent(errorMsg, true)): null

2024-11-07 19:58:39 - [MESSAGE][PASSED] - Text 'Notice Number or Invoice Number must be 10, 11, or 13 digits in length, with a value greater than zero' is present on page  using regular expression

2024-11-07 19:58:39 - [TEST_STEP][PASSED] - println("Error Message is present on the page"): null

2024-11-07 19:58:39 - [TEST_STEP][PASSED] - out.println("Pass Record Number: " + row): null

2024-11-07 19:58:39 - [TEST_STEP][PASSED] - resText = "Pass": null

2024-11-07 19:58:39 - [TEST_STEP][PASSED] - pages.WriteExcel.demoKey(resText, datText, resColumn, datCloumn, fileLoc, nameSheet, row): pages.WriteExcel.demoKey is PASSED

2024-11-07 19:58:39 - [MESSAGE][PASSED] - pages.WriteExcel.demoKey is PASSED

2024-11-07 19:58:39 - [TEST_STEP][PASSED] - ExecuteTC = findTestData(dataFile).getValue("Execute", row): null

2024-11-07 19:58:39 - [TEST_STEP][PASSED] - Taxtype = findTestData(dataFile).getValue("TaxType", row): null

2024-11-07 19:58:39 - [TEST_STEP][PASSED] - TaxTypeEL = findTestData(dataFile).getValue("TaxTypeEL", row): null

2024-11-07 19:58:39 - [TEST_STEP][PASSED] - notInvNumber = findTestData(dataFile).getValue("NotiInvoNumber", row): null

2024-11-07 19:58:39 - [TEST_STEP][PASSED] - errorMsg = findTestData(dataFile).getValue("ErrorMessage", row): null

2024-11-07 19:58:39 - [TEST_STEP][PASSED] - out.println("Value of Execute is : " + ExecuteTC): null

2024-11-07 19:58:39 - [TEST_STEP][PASSED] - if (ExecuteTC.equalsIgnoreCase("Y")): null

2024-11-07 19:58:39 - [TEST_STEP][PASSED] - out.println("Begin Record Number: " + row): null

2024-11-07 19:58:39 - [TEST_STEP][PASSED] - today = new java.util.Date(): null

2024-11-07 19:58:39 - [TEST_STEP][PASSED] - println(today): null

2024-11-07 19:58:39 - [TEST_STEP][PASSED] - datText = today: null

2024-11-07 19:58:40 - [TEST_STEP][PASSED] - Taxtype = findTestData(dataFile).getValue("TaxType", row): null

2024-11-07 19:58:40 - [TEST_STEP][PASSED] - out.println("Taxtype value is : " + Taxtype): null

2024-11-07 19:58:40 - [TEST_STEP][PASSED] - openBrowser(""): Browser is opened with url: ''

2024-11-07 19:58:40 - [MESSAGE][WARNING] - A browser is already opened. Closing browser and opening a new one

2024-11-07 19:58:41 - [MESSAGE][INFO] - Starting 'Chrome' driver

2024-11-07 19:58:41 - [MESSAGE][INFO] - User set preference: ['acceptInsecureCerts', 'true']

2024-11-07 19:58:41 - [MESSAGE][INFO] - Action delay is set to 0 milliseconds

2024-11-07 19:58:43 - [MESSAGE][PASSED] - Browser is opened with url: ''

2024-11-07 19:58:43 - [TEST_STEP][PASSED] - maximizeWindow(): Current window maximized

2024-11-07 19:58:43 - [MESSAGE][PASSED] - Current window maximized

2024-11-07 19:58:43 - [TEST_STEP][PASSED] - navigateToUrl(RADurl): Navigate to 'https://www.velocitypayment.com/client/rad/index.html' successfully

2024-11-07 19:58:45 - [MESSAGE][PASSED] - Navigate to 'https://www.velocitypayment.com/client/rad/index.html' successfully

2024-11-07 19:58:45 - [TEST_STEP][PASSED] - orPath_Landing = "Object Repository/RAD_Pages/Landing_Page": null

2024-11-07 19:58:45 - [TEST_STEP][PASSED] - orPath_TaxTypeFilingYear = "Object Repository/RAD_Pages/TaxTypeFilingYear_Page": null

2024-11-07 19:58:45 - [TEST_STEP][PASSED] - orPath_TaxPayer = "Object Repository/RAD_Pages/Taxpayer_Page": null

2024-11-07 19:58:45 - [TEST_STEP][PASSED] - orPath_AddressContact = "Object Repository/RAD_Pages/AddressAndContactInfo_Page": null

2024-11-07 19:58:45 - [TEST_STEP][PASSED] - orPath_FilingStatus = "Object Repository/RAD_Pages/FilingStatus_Page": null

2024-11-07 19:58:45 - [TEST_STEP][PASSED] - orPath_Amount = "Object Repository/RAD_Pages/PaymentAmount_Page": null

2024-11-07 19:58:45 - [TEST_STEP][PASSED] - orPath_TaxInfo = "Object Repository/RAD_Pages/TaxInfo_Page": null

2024-11-07 19:58:45 - [TEST_STEP][PASSED] - orPath_Withholding = "Object Repository/RAD_Pages/Withholding_Page": null

2024-11-07 19:58:45 - [TEST_STEP][PASSED] - orPath_Summary = "Object Repository/RAD_Pages/Summary_Page": null

2024-11-07 19:58:45 - [TEST_STEP][PASSED] - orPath_PaymentReady = "Object Repository/RAD_Pages/PaymentReady_Page": null

2024-11-07 19:58:45 - [TEST_STEP][PASSED] - orPath_PaymentEntry = "Object Repository/RAD_Pages/PaymentEntry_Page": null

2024-11-07 19:58:45 - [TEST_STEP][PASSED] - orPath_PaymentConfirmation = "Object Repository/RAD_Pages/PaymentConfirmation_Page": null

2024-11-07 19:58:45 - [TEST_STEP][PASSED] - orPath_ServiceFeesAccept = "Object Repository/RAD_Pages/ServiceFeeAccept_Page": null

2024-11-07 19:58:45 - [TEST_STEP][PASSED] - selectOptionByLabel(findTestObject(orPath_Landing + "/dd_TaxType"), Taxtype, false): All options with label 'Existing Liability with Notice/Invoice Number' are selected in object 'Object Repository/RAD_Pages/Landing_Page/dd_TaxType' 

2024-11-07 19:58:46 - [MESSAGE][PASSED] - All options with label 'Existing Liability with Notice/Invoice Number' are selected in object 'Object Repository/RAD_Pages/Landing_Page/dd_TaxType' 

2024-11-07 19:58:46 - [TEST_STEP][PASSED] - delay(1): Delayed 1 second(s)

2024-11-07 19:58:47 - [MESSAGE][PASSED] - Delayed 1 second(s)

2024-11-07 19:58:47 - [TEST_STEP][PASSED] - selectOptionByLabel(findTestObject(orPath_TaxTypeFilingYear + "/select_TaxType_ExistingLiability"), TaxTypeEL, false): All options with label 'PTE Non-Electing S Corp' are selected in object 'Object Repository/RAD_Pages/TaxTypeFilingYear_Page/select_TaxType_ExistingLiability' 

2024-11-07 19:58:48 - [MESSAGE][PASSED] - All options with label 'PTE Non-Electing S Corp' are selected in object 'Object Repository/RAD_Pages/TaxTypeFilingYear_Page/select_TaxType_ExistingLiability' 

2024-11-07 19:58:48 - [TEST_STEP][PASSED] - setText(findTestObject(orPath_TaxInfo + "/input_NoticeInvoiceNumber"), notInvNumber): Text '0000000000' is set on object 'Object Repository/RAD_Pages/TaxInfo_Page/input_NoticeInvoiceNumber'

2024-11-07 19:58:48 - [MESSAGE][PASSED] - Text '0000000000' is set on object 'Object Repository/RAD_Pages/TaxInfo_Page/input_NoticeInvoiceNumber'

2024-11-07 19:58:48 - [TEST_STEP][PASSED] - setText(findTestObject(orPath_TaxInfo + "/input_reTypeNoticeInvoiceNumber"), notInvNumber): Text '0000000000' is set on object 'Object Repository/RAD_Pages/TaxInfo_Page/input_reTypeNoticeInvoiceNumber'

2024-11-07 19:58:50 - [MESSAGE][PASSED] - Text '0000000000' is set on object 'Object Repository/RAD_Pages/TaxInfo_Page/input_reTypeNoticeInvoiceNumber'

2024-11-07 19:58:50 - [TEST_STEP][PASSED] - println(notInvNumber): null

2024-11-07 19:58:50 - [TEST_STEP][PASSED] - if (verifyTextPresent(errorMsg, true)): null

2024-11-07 19:58:50 - [MESSAGE][PASSED] - Text 'Notice Number or Invoice Number must be 10, 11, or 13 digits in length, with a value greater than zero' is present on page  using regular expression

2024-11-07 19:58:50 - [TEST_STEP][PASSED] - println("Error Message is present on the page"): null

2024-11-07 19:58:50 - [TEST_STEP][PASSED] - out.println("Pass Record Number: " + row): null

2024-11-07 19:58:50 - [TEST_STEP][PASSED] - resText = "Pass": null

2024-11-07 19:58:50 - [TEST_STEP][PASSED] - pages.WriteExcel.demoKey(resText, datText, resColumn, datCloumn, fileLoc, nameSheet, row): pages.WriteExcel.demoKey is PASSED

2024-11-07 19:58:50 - [MESSAGE][PASSED] - pages.WriteExcel.demoKey is PASSED

2024-11-07 19:58:50 - [TEST_STEP][PASSED] - ExecuteTC = findTestData(dataFile).getValue("Execute", row): null

2024-11-07 19:58:50 - [TEST_STEP][PASSED] - Taxtype = findTestData(dataFile).getValue("TaxType", row): null

2024-11-07 19:58:50 - [TEST_STEP][PASSED] - TaxTypeEL = findTestData(dataFile).getValue("TaxTypeEL", row): null

2024-11-07 19:58:50 - [TEST_STEP][PASSED] - notInvNumber = findTestData(dataFile).getValue("NotiInvoNumber", row): null

2024-11-07 19:58:51 - [TEST_STEP][PASSED] - errorMsg = findTestData(dataFile).getValue("ErrorMessage", row): null

2024-11-07 19:58:51 - [TEST_STEP][PASSED] - out.println("Value of Execute is : " + ExecuteTC): null

2024-11-07 19:58:51 - [TEST_STEP][PASSED] - if (ExecuteTC.equalsIgnoreCase("Y")): null

2024-11-07 19:58:51 - [TEST_STEP][PASSED] - out.println("Begin Record Number: " + row): null

2024-11-07 19:58:51 - [TEST_STEP][PASSED] - today = new java.util.Date(): null

2024-11-07 19:58:51 - [TEST_STEP][PASSED] - println(today): null

2024-11-07 19:58:51 - [TEST_STEP][PASSED] - datText = today: null

2024-11-07 19:58:51 - [TEST_STEP][PASSED] - Taxtype = findTestData(dataFile).getValue("TaxType", row): null

2024-11-07 19:58:51 - [TEST_STEP][PASSED] - out.println("Taxtype value is : " + Taxtype): null

2024-11-07 19:58:51 - [TEST_STEP][PASSED] - openBrowser(""): Browser is opened with url: ''

2024-11-07 19:58:51 - [MESSAGE][WARNING] - A browser is already opened. Closing browser and opening a new one

2024-11-07 19:58:52 - [MESSAGE][INFO] - Starting 'Chrome' driver

2024-11-07 19:58:52 - [MESSAGE][INFO] - User set preference: ['acceptInsecureCerts', 'true']

2024-11-07 19:58:52 - [MESSAGE][INFO] - Action delay is set to 0 milliseconds

2024-11-07 19:58:54 - [MESSAGE][PASSED] - Browser is opened with url: ''

2024-11-07 19:58:54 - [TEST_STEP][PASSED] - maximizeWindow(): Current window maximized

2024-11-07 19:58:54 - [MESSAGE][PASSED] - Current window maximized

2024-11-07 19:58:54 - [TEST_STEP][PASSED] - navigateToUrl(RADurl): Navigate to 'https://www.velocitypayment.com/client/rad/index.html' successfully

2024-11-07 19:58:56 - [MESSAGE][PASSED] - Navigate to 'https://www.velocitypayment.com/client/rad/index.html' successfully

2024-11-07 19:58:56 - [TEST_STEP][PASSED] - orPath_Landing = "Object Repository/RAD_Pages/Landing_Page": null

2024-11-07 19:58:56 - [TEST_STEP][PASSED] - orPath_TaxTypeFilingYear = "Object Repository/RAD_Pages/TaxTypeFilingYear_Page": null

2024-11-07 19:58:56 - [TEST_STEP][PASSED] - orPath_TaxPayer = "Object Repository/RAD_Pages/Taxpayer_Page": null

2024-11-07 19:58:56 - [TEST_STEP][PASSED] - orPath_AddressContact = "Object Repository/RAD_Pages/AddressAndContactInfo_Page": null

2024-11-07 19:58:56 - [TEST_STEP][PASSED] - orPath_FilingStatus = "Object Repository/RAD_Pages/FilingStatus_Page": null

2024-11-07 19:58:56 - [TEST_STEP][PASSED] - orPath_Amount = "Object Repository/RAD_Pages/PaymentAmount_Page": null

2024-11-07 19:58:56 - [TEST_STEP][PASSED] - orPath_TaxInfo = "Object Repository/RAD_Pages/TaxInfo_Page": null

2024-11-07 19:58:56 - [TEST_STEP][PASSED] - orPath_Withholding = "Object Repository/RAD_Pages/Withholding_Page": null

2024-11-07 19:58:56 - [TEST_STEP][PASSED] - orPath_Summary = "Object Repository/RAD_Pages/Summary_Page": null

2024-11-07 19:58:56 - [TEST_STEP][PASSED] - orPath_PaymentReady = "Object Repository/RAD_Pages/PaymentReady_Page": null

2024-11-07 19:58:56 - [TEST_STEP][PASSED] - orPath_PaymentEntry = "Object Repository/RAD_Pages/PaymentEntry_Page": null

2024-11-07 19:58:56 - [TEST_STEP][PASSED] - orPath_PaymentConfirmation = "Object Repository/RAD_Pages/PaymentConfirmation_Page": null

2024-11-07 19:58:56 - [TEST_STEP][PASSED] - orPath_ServiceFeesAccept = "Object Repository/RAD_Pages/ServiceFeeAccept_Page": null

2024-11-07 19:58:56 - [TEST_STEP][PASSED] - selectOptionByLabel(findTestObject(orPath_Landing + "/dd_TaxType"), Taxtype, false): All options with label 'Existing Liability with Notice/Invoice Number' are selected in object 'Object Repository/RAD_Pages/Landing_Page/dd_TaxType' 

2024-11-07 19:58:57 - [MESSAGE][PASSED] - All options with label 'Existing Liability with Notice/Invoice Number' are selected in object 'Object Repository/RAD_Pages/Landing_Page/dd_TaxType' 

2024-11-07 19:58:57 - [TEST_STEP][PASSED] - delay(1): Delayed 1 second(s)

2024-11-07 19:58:58 - [MESSAGE][PASSED] - Delayed 1 second(s)

2024-11-07 19:58:58 - [TEST_STEP][PASSED] - selectOptionByLabel(findTestObject(orPath_TaxTypeFilingYear + "/select_TaxType_ExistingLiability"), TaxTypeEL, false): All options with label 'Sales & Use Tax' are selected in object 'Object Repository/RAD_Pages/TaxTypeFilingYear_Page/select_TaxType_ExistingLiability' 

2024-11-07 19:58:58 - [MESSAGE][PASSED] - All options with label 'Sales & Use Tax' are selected in object 'Object Repository/RAD_Pages/TaxTypeFilingYear_Page/select_TaxType_ExistingLiability' 

2024-11-07 19:58:58 - [TEST_STEP][PASSED] - setText(findTestObject(orPath_TaxInfo + "/input_NoticeInvoiceNumber"), notInvNumber): Text '123456789' is set on object 'Object Repository/RAD_Pages/TaxInfo_Page/input_NoticeInvoiceNumber'

2024-11-07 19:58:59 - [MESSAGE][PASSED] - Text '123456789' is set on object 'Object Repository/RAD_Pages/TaxInfo_Page/input_NoticeInvoiceNumber'

2024-11-07 19:58:59 - [TEST_STEP][PASSED] - setText(findTestObject(orPath_TaxInfo + "/input_reTypeNoticeInvoiceNumber"), notInvNumber): Text '123456789' is set on object 'Object Repository/RAD_Pages/TaxInfo_Page/input_reTypeNoticeInvoiceNumber'

2024-11-07 19:59:00 - [MESSAGE][PASSED] - Text '123456789' is set on object 'Object Repository/RAD_Pages/TaxInfo_Page/input_reTypeNoticeInvoiceNumber'

2024-11-07 19:59:00 - [TEST_STEP][PASSED] - println(notInvNumber): null

2024-11-07 19:59:00 - [TEST_STEP][PASSED] - if (verifyTextPresent(errorMsg, true)): null

2024-11-07 19:59:01 - [MESSAGE][PASSED] - Text 'Notice Number or Invoice Number must be 10, 11, or 13 digits in length, with a value greater than zero' is present on page  using regular expression

2024-11-07 19:59:01 - [TEST_STEP][PASSED] - println("Error Message is present on the page"): null

2024-11-07 19:59:01 - [TEST_STEP][PASSED] - out.println("Pass Record Number: " + row): null

2024-11-07 19:59:01 - [TEST_STEP][PASSED] - resText = "Pass": null

2024-11-07 19:59:01 - [TEST_STEP][PASSED] - pages.WriteExcel.demoKey(resText, datText, resColumn, datCloumn, fileLoc, nameSheet, row): pages.WriteExcel.demoKey is PASSED

2024-11-07 19:59:01 - [MESSAGE][PASSED] - pages.WriteExcel.demoKey is PASSED

2024-11-07 19:59:01 - [TEST_STEP][PASSED] - ExecuteTC = findTestData(dataFile).getValue("Execute", row): null

2024-11-07 19:59:01 - [TEST_STEP][PASSED] - Taxtype = findTestData(dataFile).getValue("TaxType", row): null

2024-11-07 19:59:01 - [TEST_STEP][PASSED] - TaxTypeEL = findTestData(dataFile).getValue("TaxTypeEL", row): null

2024-11-07 19:59:01 - [TEST_STEP][PASSED] - notInvNumber = findTestData(dataFile).getValue("NotiInvoNumber", row): null

2024-11-07 19:59:01 - [TEST_STEP][PASSED] - errorMsg = findTestData(dataFile).getValue("ErrorMessage", row): null

2024-11-07 19:59:01 - [TEST_STEP][PASSED] - out.println("Value of Execute is : " + ExecuteTC): null

2024-11-07 19:59:01 - [TEST_STEP][PASSED] - if (ExecuteTC.equalsIgnoreCase("Y")): null

2024-11-07 19:59:01 - [TEST_STEP][PASSED] - out.println("Begin Record Number: " + row): null

2024-11-07 19:59:01 - [TEST_STEP][PASSED] - today = new java.util.Date(): null

2024-11-07 19:59:01 - [TEST_STEP][PASSED] - println(today): null

2024-11-07 19:59:01 - [TEST_STEP][PASSED] - datText = today: null

2024-11-07 19:59:01 - [TEST_STEP][PASSED] - Taxtype = findTestData(dataFile).getValue("TaxType", row): null

2024-11-07 19:59:01 - [TEST_STEP][PASSED] - out.println("Taxtype value is : " + Taxtype): null

2024-11-07 19:59:01 - [TEST_STEP][PASSED] - openBrowser(""): Browser is opened with url: ''

2024-11-07 19:59:01 - [MESSAGE][WARNING] - A browser is already opened. Closing browser and opening a new one

2024-11-07 19:59:03 - [MESSAGE][INFO] - Starting 'Chrome' driver

2024-11-07 19:59:03 - [MESSAGE][INFO] - User set preference: ['acceptInsecureCerts', 'true']

2024-11-07 19:59:03 - [MESSAGE][INFO] - Action delay is set to 0 milliseconds

2024-11-07 19:59:05 - [MESSAGE][PASSED] - Browser is opened with url: ''

2024-11-07 19:59:05 - [TEST_STEP][PASSED] - maximizeWindow(): Current window maximized

2024-11-07 19:59:05 - [MESSAGE][PASSED] - Current window maximized

2024-11-07 19:59:05 - [TEST_STEP][PASSED] - navigateToUrl(RADurl): Navigate to 'https://www.velocitypayment.com/client/rad/index.html' successfully

2024-11-07 19:59:07 - [MESSAGE][PASSED] - Navigate to 'https://www.velocitypayment.com/client/rad/index.html' successfully

2024-11-07 19:59:07 - [TEST_STEP][PASSED] - orPath_Landing = "Object Repository/RAD_Pages/Landing_Page": null

2024-11-07 19:59:07 - [TEST_STEP][PASSED] - orPath_TaxTypeFilingYear = "Object Repository/RAD_Pages/TaxTypeFilingYear_Page": null

2024-11-07 19:59:07 - [TEST_STEP][PASSED] - orPath_TaxPayer = "Object Repository/RAD_Pages/Taxpayer_Page": null

2024-11-07 19:59:07 - [TEST_STEP][PASSED] - orPath_AddressContact = "Object Repository/RAD_Pages/AddressAndContactInfo_Page": null

2024-11-07 19:59:07 - [TEST_STEP][PASSED] - orPath_FilingStatus = "Object Repository/RAD_Pages/FilingStatus_Page": null

2024-11-07 19:59:07 - [TEST_STEP][PASSED] - orPath_Amount = "Object Repository/RAD_Pages/PaymentAmount_Page": null

2024-11-07 19:59:07 - [TEST_STEP][PASSED] - orPath_TaxInfo = "Object Repository/RAD_Pages/TaxInfo_Page": null

2024-11-07 19:59:07 - [TEST_STEP][PASSED] - orPath_Withholding = "Object Repository/RAD_Pages/Withholding_Page": null

2024-11-07 19:59:07 - [TEST_STEP][PASSED] - orPath_Summary = "Object Repository/RAD_Pages/Summary_Page": null

2024-11-07 19:59:07 - [TEST_STEP][PASSED] - orPath_PaymentReady = "Object Repository/RAD_Pages/PaymentReady_Page": null

2024-11-07 19:59:07 - [TEST_STEP][PASSED] - orPath_PaymentEntry = "Object Repository/RAD_Pages/PaymentEntry_Page": null

2024-11-07 19:59:07 - [TEST_STEP][PASSED] - orPath_PaymentConfirmation = "Object Repository/RAD_Pages/PaymentConfirmation_Page": null

2024-11-07 19:59:07 - [TEST_STEP][PASSED] - orPath_ServiceFeesAccept = "Object Repository/RAD_Pages/ServiceFeeAccept_Page": null

2024-11-07 19:59:07 - [TEST_STEP][PASSED] - selectOptionByLabel(findTestObject(orPath_Landing + "/dd_TaxType"), Taxtype, false): All options with label 'Existing Liability with Notice/Invoice Number' are selected in object 'Object Repository/RAD_Pages/Landing_Page/dd_TaxType' 

2024-11-07 19:59:08 - [MESSAGE][PASSED] - All options with label 'Existing Liability with Notice/Invoice Number' are selected in object 'Object Repository/RAD_Pages/Landing_Page/dd_TaxType' 

2024-11-07 19:59:08 - [TEST_STEP][PASSED] - delay(1): Delayed 1 second(s)

2024-11-07 19:59:09 - [MESSAGE][PASSED] - Delayed 1 second(s)

2024-11-07 19:59:09 - [TEST_STEP][PASSED] - selectOptionByLabel(findTestObject(orPath_TaxTypeFilingYear + "/select_TaxType_ExistingLiability"), TaxTypeEL, false): All options with label 'Sales & Use Tax' are selected in object 'Object Repository/RAD_Pages/TaxTypeFilingYear_Page/select_TaxType_ExistingLiability' 

2024-11-07 19:59:10 - [MESSAGE][PASSED] - All options with label 'Sales & Use Tax' are selected in object 'Object Repository/RAD_Pages/TaxTypeFilingYear_Page/select_TaxType_ExistingLiability' 

2024-11-07 19:59:10 - [TEST_STEP][PASSED] - setText(findTestObject(orPath_TaxInfo + "/input_NoticeInvoiceNumber"), notInvNumber): Text '123456789012' is set on object 'Object Repository/RAD_Pages/TaxInfo_Page/input_NoticeInvoiceNumber'

2024-11-07 19:59:10 - [MESSAGE][PASSED] - Text '123456789012' is set on object 'Object Repository/RAD_Pages/TaxInfo_Page/input_NoticeInvoiceNumber'

2024-11-07 19:59:10 - [TEST_STEP][PASSED] - setText(findTestObject(orPath_TaxInfo + "/input_reTypeNoticeInvoiceNumber"), notInvNumber): Text '123456789012' is set on object 'Object Repository/RAD_Pages/TaxInfo_Page/input_reTypeNoticeInvoiceNumber'

2024-11-07 19:59:11 - [MESSAGE][PASSED] - Text '123456789012' is set on object 'Object Repository/RAD_Pages/TaxInfo_Page/input_reTypeNoticeInvoiceNumber'

2024-11-07 19:59:11 - [TEST_STEP][PASSED] - println(notInvNumber): null

2024-11-07 19:59:11 - [TEST_STEP][PASSED] - if (verifyTextPresent(errorMsg, true)): null

2024-11-07 19:59:12 - [MESSAGE][PASSED] - Text 'Notice Number or Invoice Number must be 10, 11, or 13 digits in length, with a value greater than zero' is present on page  using regular expression

2024-11-07 19:59:12 - [TEST_STEP][PASSED] - println("Error Message is present on the page"): null

2024-11-07 19:59:12 - [TEST_STEP][PASSED] - out.println("Pass Record Number: " + row): null

2024-11-07 19:59:12 - [TEST_STEP][PASSED] - resText = "Pass": null

2024-11-07 19:59:12 - [TEST_STEP][PASSED] - pages.WriteExcel.demoKey(resText, datText, resColumn, datCloumn, fileLoc, nameSheet, row): pages.WriteExcel.demoKey is PASSED

2024-11-07 19:59:12 - [MESSAGE][PASSED] - pages.WriteExcel.demoKey is PASSED

2024-11-07 19:59:12 - [TEST_STEP][PASSED] - ExecuteTC = findTestData(dataFile).getValue("Execute", row): null

2024-11-07 19:59:12 - [TEST_STEP][PASSED] - Taxtype = findTestData(dataFile).getValue("TaxType", row): null

2024-11-07 19:59:12 - [TEST_STEP][PASSED] - TaxTypeEL = findTestData(dataFile).getValue("TaxTypeEL", row): null

2024-11-07 19:59:12 - [TEST_STEP][PASSED] - notInvNumber = findTestData(dataFile).getValue("NotiInvoNumber", row): null

2024-11-07 19:59:12 - [TEST_STEP][PASSED] - errorMsg = findTestData(dataFile).getValue("ErrorMessage", row): null

2024-11-07 19:59:12 - [TEST_STEP][PASSED] - out.println("Value of Execute is : " + ExecuteTC): null

2024-11-07 19:59:12 - [TEST_STEP][PASSED] - if (ExecuteTC.equalsIgnoreCase("Y")): null

2024-11-07 19:59:12 - [TEST_STEP][PASSED] - out.println("Begin Record Number: " + row): null

2024-11-07 19:59:12 - [TEST_STEP][PASSED] - today = new java.util.Date(): null

2024-11-07 19:59:12 - [TEST_STEP][PASSED] - println(today): null

2024-11-07 19:59:12 - [TEST_STEP][PASSED] - datText = today: null

2024-11-07 19:59:12 - [TEST_STEP][PASSED] - Taxtype = findTestData(dataFile).getValue("TaxType", row): null

2024-11-07 19:59:12 - [TEST_STEP][PASSED] - out.println("Taxtype value is : " + Taxtype): null

2024-11-07 19:59:12 - [TEST_STEP][PASSED] - openBrowser(""): Browser is opened with url: ''

2024-11-07 19:59:12 - [MESSAGE][WARNING] - A browser is already opened. Closing browser and opening a new one

2024-11-07 19:59:14 - [MESSAGE][INFO] - Starting 'Chrome' driver

2024-11-07 19:59:14 - [MESSAGE][INFO] - User set preference: ['acceptInsecureCerts', 'true']

2024-11-07 19:59:14 - [MESSAGE][INFO] - Action delay is set to 0 milliseconds

2024-11-07 19:59:15 - [MESSAGE][PASSED] - Browser is opened with url: ''

2024-11-07 19:59:15 - [TEST_STEP][PASSED] - maximizeWindow(): Current window maximized

2024-11-07 19:59:16 - [MESSAGE][PASSED] - Current window maximized

2024-11-07 19:59:16 - [TEST_STEP][PASSED] - navigateToUrl(RADurl): Navigate to 'https://www.velocitypayment.com/client/rad/index.html' successfully

2024-11-07 19:59:16 - [MESSAGE][PASSED] - Navigate to 'https://www.velocitypayment.com/client/rad/index.html' successfully

2024-11-07 19:59:16 - [TEST_STEP][PASSED] - orPath_Landing = "Object Repository/RAD_Pages/Landing_Page": null

2024-11-07 19:59:16 - [TEST_STEP][PASSED] - orPath_TaxTypeFilingYear = "Object Repository/RAD_Pages/TaxTypeFilingYear_Page": null

2024-11-07 19:59:16 - [TEST_STEP][PASSED] - orPath_TaxPayer = "Object Repository/RAD_Pages/Taxpayer_Page": null

2024-11-07 19:59:16 - [TEST_STEP][PASSED] - orPath_AddressContact = "Object Repository/RAD_Pages/AddressAndContactInfo_Page": null

2024-11-07 19:59:16 - [TEST_STEP][PASSED] - orPath_FilingStatus = "Object Repository/RAD_Pages/FilingStatus_Page": null

2024-11-07 19:59:16 - [TEST_STEP][PASSED] - orPath_Amount = "Object Repository/RAD_Pages/PaymentAmount_Page": null

2024-11-07 19:59:16 - [TEST_STEP][PASSED] - orPath_TaxInfo = "Object Repository/RAD_Pages/TaxInfo_Page": null

2024-11-07 19:59:16 - [TEST_STEP][PASSED] - orPath_Withholding = "Object Repository/RAD_Pages/Withholding_Page": null

2024-11-07 19:59:16 - [TEST_STEP][PASSED] - orPath_Summary = "Object Repository/RAD_Pages/Summary_Page": null

2024-11-07 19:59:16 - [TEST_STEP][PASSED] - orPath_PaymentReady = "Object Repository/RAD_Pages/PaymentReady_Page": null

2024-11-07 19:59:16 - [TEST_STEP][PASSED] - orPath_PaymentEntry = "Object Repository/RAD_Pages/PaymentEntry_Page": null

2024-11-07 19:59:16 - [TEST_STEP][PASSED] - orPath_PaymentConfirmation = "Object Repository/RAD_Pages/PaymentConfirmation_Page": null

2024-11-07 19:59:16 - [TEST_STEP][PASSED] - orPath_ServiceFeesAccept = "Object Repository/RAD_Pages/ServiceFeeAccept_Page": null

2024-11-07 19:59:16 - [TEST_STEP][PASSED] - selectOptionByLabel(findTestObject(orPath_Landing + "/dd_TaxType"), Taxtype, false): All options with label 'Existing Liability with Notice/Invoice Number' are selected in object 'Object Repository/RAD_Pages/Landing_Page/dd_TaxType' 

2024-11-07 19:59:19 - [MESSAGE][PASSED] - All options with label 'Existing Liability with Notice/Invoice Number' are selected in object 'Object Repository/RAD_Pages/Landing_Page/dd_TaxType' 

2024-11-07 19:59:19 - [TEST_STEP][PASSED] - delay(1): Delayed 1 second(s)

2024-11-07 19:59:20 - [MESSAGE][PASSED] - Delayed 1 second(s)

2024-11-07 19:59:20 - [TEST_STEP][PASSED] - selectOptionByLabel(findTestObject(orPath_TaxTypeFilingYear + "/select_TaxType_ExistingLiability"), TaxTypeEL, false): All options with label 'Sales & Use Tax' are selected in object 'Object Repository/RAD_Pages/TaxTypeFilingYear_Page/select_TaxType_ExistingLiability' 

2024-11-07 19:59:21 - [MESSAGE][PASSED] - All options with label 'Sales & Use Tax' are selected in object 'Object Repository/RAD_Pages/TaxTypeFilingYear_Page/select_TaxType_ExistingLiability' 

2024-11-07 19:59:21 - [TEST_STEP][PASSED] - setText(findTestObject(orPath_TaxInfo + "/input_NoticeInvoiceNumber"), notInvNumber): Text '0000000000' is set on object 'Object Repository/RAD_Pages/TaxInfo_Page/input_NoticeInvoiceNumber'

2024-11-07 19:59:21 - [MESSAGE][PASSED] - Text '0000000000' is set on object 'Object Repository/RAD_Pages/TaxInfo_Page/input_NoticeInvoiceNumber'

2024-11-07 19:59:21 - [TEST_STEP][PASSED] - setText(findTestObject(orPath_TaxInfo + "/input_reTypeNoticeInvoiceNumber"), notInvNumber): Text '0000000000' is set on object 'Object Repository/RAD_Pages/TaxInfo_Page/input_reTypeNoticeInvoiceNumber'

2024-11-07 19:59:22 - [MESSAGE][PASSED] - Text '0000000000' is set on object 'Object Repository/RAD_Pages/TaxInfo_Page/input_reTypeNoticeInvoiceNumber'

2024-11-07 19:59:22 - [TEST_STEP][PASSED] - println(notInvNumber): null

2024-11-07 19:59:22 - [TEST_STEP][PASSED] - if (verifyTextPresent(errorMsg, true)): null

2024-11-07 19:59:23 - [MESSAGE][PASSED] - Text 'Notice Number or Invoice Number must be 10, 11, or 13 digits in length, with a value greater than zero' is present on page  using regular expression

2024-11-07 19:59:23 - [TEST_STEP][PASSED] - println("Error Message is present on the page"): null

2024-11-07 19:59:23 - [TEST_STEP][PASSED] - out.println("Pass Record Number: " + row): null

2024-11-07 19:59:23 - [TEST_STEP][PASSED] - resText = "Pass": null

2024-11-07 19:59:23 - [TEST_STEP][PASSED] - pages.WriteExcel.demoKey(resText, datText, resColumn, datCloumn, fileLoc, nameSheet, row): pages.WriteExcel.demoKey is PASSED

2024-11-07 19:59:23 - [MESSAGE][PASSED] - pages.WriteExcel.demoKey is PASSED

2024-11-07 19:59:23 - [TEST_STEP][PASSED] - ExecuteTC = findTestData(dataFile).getValue("Execute", row): null

2024-11-07 19:59:23 - [TEST_STEP][PASSED] - Taxtype = findTestData(dataFile).getValue("TaxType", row): null

2024-11-07 19:59:23 - [TEST_STEP][PASSED] - TaxTypeEL = findTestData(dataFile).getValue("TaxTypeEL", row): null

2024-11-07 19:59:23 - [TEST_STEP][PASSED] - notInvNumber = findTestData(dataFile).getValue("NotiInvoNumber", row): null

2024-11-07 19:59:23 - [TEST_STEP][PASSED] - errorMsg = findTestData(dataFile).getValue("ErrorMessage", row): null

2024-11-07 19:59:23 - [TEST_STEP][PASSED] - out.println("Value of Execute is : " + ExecuteTC): null

2024-11-07 19:59:23 - [TEST_STEP][PASSED] - if (ExecuteTC.equalsIgnoreCase("Y")): null

2024-11-07 19:59:23 - [TEST_STEP][PASSED] - out.println("Begin Record Number: " + row): null

2024-11-07 19:59:23 - [TEST_STEP][PASSED] - today = new java.util.Date(): null

2024-11-07 19:59:23 - [TEST_STEP][PASSED] - println(today): null

2024-11-07 19:59:23 - [TEST_STEP][PASSED] - datText = today: null

2024-11-07 19:59:23 - [TEST_STEP][PASSED] - Taxtype = findTestData(dataFile).getValue("TaxType", row): null

2024-11-07 19:59:23 - [TEST_STEP][PASSED] - out.println("Taxtype value is : " + Taxtype): null

2024-11-07 19:59:23 - [TEST_STEP][PASSED] - openBrowser(""): Browser is opened with url: ''

2024-11-07 19:59:23 - [MESSAGE][WARNING] - A browser is already opened. Closing browser and opening a new one

2024-11-07 19:59:25 - [MESSAGE][INFO] - Starting 'Chrome' driver

2024-11-07 19:59:25 - [MESSAGE][INFO] - User set preference: ['acceptInsecureCerts', 'true']

2024-11-07 19:59:25 - [MESSAGE][INFO] - Action delay is set to 0 milliseconds

2024-11-07 19:59:27 - [MESSAGE][PASSED] - Browser is opened with url: ''

2024-11-07 19:59:27 - [TEST_STEP][PASSED] - maximizeWindow(): Current window maximized

2024-11-07 19:59:27 - [MESSAGE][PASSED] - Current window maximized

2024-11-07 19:59:27 - [TEST_STEP][PASSED] - navigateToUrl(RADurl): Navigate to 'https://www.velocitypayment.com/client/rad/index.html' successfully

2024-11-07 19:59:29 - [MESSAGE][PASSED] - Navigate to 'https://www.velocitypayment.com/client/rad/index.html' successfully

2024-11-07 19:59:29 - [TEST_STEP][PASSED] - orPath_Landing = "Object Repository/RAD_Pages/Landing_Page": null

2024-11-07 19:59:29 - [TEST_STEP][PASSED] - orPath_TaxTypeFilingYear = "Object Repository/RAD_Pages/TaxTypeFilingYear_Page": null

2024-11-07 19:59:29 - [TEST_STEP][PASSED] - orPath_TaxPayer = "Object Repository/RAD_Pages/Taxpayer_Page": null

2024-11-07 19:59:29 - [TEST_STEP][PASSED] - orPath_AddressContact = "Object Repository/RAD_Pages/AddressAndContactInfo_Page": null

2024-11-07 19:59:29 - [TEST_STEP][PASSED] - orPath_FilingStatus = "Object Repository/RAD_Pages/FilingStatus_Page": null

2024-11-07 19:59:29 - [TEST_STEP][PASSED] - orPath_Amount = "Object Repository/RAD_Pages/PaymentAmount_Page": null

2024-11-07 19:59:29 - [TEST_STEP][PASSED] - orPath_TaxInfo = "Object Repository/RAD_Pages/TaxInfo_Page": null

2024-11-07 19:59:29 - [TEST_STEP][PASSED] - orPath_Withholding = "Object Repository/RAD_Pages/Withholding_Page": null

2024-11-07 19:59:29 - [TEST_STEP][PASSED] - orPath_Summary = "Object Repository/RAD_Pages/Summary_Page": null

2024-11-07 19:59:29 - [TEST_STEP][PASSED] - orPath_PaymentReady = "Object Repository/RAD_Pages/PaymentReady_Page": null

2024-11-07 19:59:29 - [TEST_STEP][PASSED] - orPath_PaymentEntry = "Object Repository/RAD_Pages/PaymentEntry_Page": null

2024-11-07 19:59:29 - [TEST_STEP][PASSED] - orPath_PaymentConfirmation = "Object Repository/RAD_Pages/PaymentConfirmation_Page": null

2024-11-07 19:59:29 - [TEST_STEP][PASSED] - orPath_ServiceFeesAccept = "Object Repository/RAD_Pages/ServiceFeeAccept_Page": null

2024-11-07 19:59:29 - [TEST_STEP][PASSED] - selectOptionByLabel(findTestObject(orPath_Landing + "/dd_TaxType"), Taxtype, false): All options with label 'Existing Liability with Notice/Invoice Number' are selected in object 'Object Repository/RAD_Pages/Landing_Page/dd_TaxType' 

2024-11-07 19:59:30 - [MESSAGE][PASSED] - All options with label 'Existing Liability with Notice/Invoice Number' are selected in object 'Object Repository/RAD_Pages/Landing_Page/dd_TaxType' 

2024-11-07 19:59:30 - [TEST_STEP][PASSED] - delay(1): Delayed 1 second(s)

2024-11-07 19:59:31 - [MESSAGE][PASSED] - Delayed 1 second(s)

2024-11-07 19:59:31 - [TEST_STEP][PASSED] - selectOptionByLabel(findTestObject(orPath_TaxTypeFilingYear + "/select_TaxType_ExistingLiability"), TaxTypeEL, false): All options with label 'Tire Recycling Fee' are selected in object 'Object Repository/RAD_Pages/TaxTypeFilingYear_Page/select_TaxType_ExistingLiability' 

2024-11-07 19:59:32 - [MESSAGE][PASSED] - All options with label 'Tire Recycling Fee' are selected in object 'Object Repository/RAD_Pages/TaxTypeFilingYear_Page/select_TaxType_ExistingLiability' 

2024-11-07 19:59:32 - [TEST_STEP][PASSED] - setText(findTestObject(orPath_TaxInfo + "/input_NoticeInvoiceNumber"), notInvNumber): Text '123456789' is set on object 'Object Repository/RAD_Pages/TaxInfo_Page/input_NoticeInvoiceNumber'

2024-11-07 19:59:32 - [MESSAGE][PASSED] - Text '123456789' is set on object 'Object Repository/RAD_Pages/TaxInfo_Page/input_NoticeInvoiceNumber'

2024-11-07 19:59:32 - [TEST_STEP][PASSED] - setText(findTestObject(orPath_TaxInfo + "/input_reTypeNoticeInvoiceNumber"), notInvNumber): Text '123456789' is set on object 'Object Repository/RAD_Pages/TaxInfo_Page/input_reTypeNoticeInvoiceNumber'

2024-11-07 19:59:33 - [MESSAGE][PASSED] - Text '123456789' is set on object 'Object Repository/RAD_Pages/TaxInfo_Page/input_reTypeNoticeInvoiceNumber'

2024-11-07 19:59:33 - [TEST_STEP][PASSED] - println(notInvNumber): null

2024-11-07 19:59:33 - [TEST_STEP][PASSED] - if (verifyTextPresent(errorMsg, true)): null

2024-11-07 19:59:34 - [MESSAGE][PASSED] - Text 'Notice Number or Invoice Number must be 10, 11, or 13 digits in length, with a value greater than zero' is present on page  using regular expression

2024-11-07 19:59:34 - [TEST_STEP][PASSED] - println("Error Message is present on the page"): null

2024-11-07 19:59:34 - [TEST_STEP][PASSED] - out.println("Pass Record Number: " + row): null

2024-11-07 19:59:34 - [TEST_STEP][PASSED] - resText = "Pass": null

2024-11-07 19:59:34 - [TEST_STEP][PASSED] - pages.WriteExcel.demoKey(resText, datText, resColumn, datCloumn, fileLoc, nameSheet, row): pages.WriteExcel.demoKey is PASSED

2024-11-07 19:59:34 - [MESSAGE][PASSED] - pages.WriteExcel.demoKey is PASSED

2024-11-07 19:59:34 - [TEST_STEP][PASSED] - ExecuteTC = findTestData(dataFile).getValue("Execute", row): null

2024-11-07 19:59:34 - [TEST_STEP][PASSED] - Taxtype = findTestData(dataFile).getValue("TaxType", row): null

2024-11-07 19:59:34 - [TEST_STEP][PASSED] - TaxTypeEL = findTestData(dataFile).getValue("TaxTypeEL", row): null

2024-11-07 19:59:34 - [TEST_STEP][PASSED] - notInvNumber = findTestData(dataFile).getValue("NotiInvoNumber", row): null

2024-11-07 19:59:34 - [TEST_STEP][PASSED] - errorMsg = findTestData(dataFile).getValue("ErrorMessage", row): null

2024-11-07 19:59:34 - [TEST_STEP][PASSED] - out.println("Value of Execute is : " + ExecuteTC): null

2024-11-07 19:59:34 - [TEST_STEP][PASSED] - if (ExecuteTC.equalsIgnoreCase("Y")): null

2024-11-07 19:59:34 - [TEST_STEP][PASSED] - out.println("Begin Record Number: " + row): null

2024-11-07 19:59:34 - [TEST_STEP][PASSED] - today = new java.util.Date(): null

2024-11-07 19:59:34 - [TEST_STEP][PASSED] - println(today): null

2024-11-07 19:59:34 - [TEST_STEP][PASSED] - datText = today: null

2024-11-07 19:59:34 - [TEST_STEP][PASSED] - Taxtype = findTestData(dataFile).getValue("TaxType", row): null

2024-11-07 19:59:34 - [TEST_STEP][PASSED] - out.println("Taxtype value is : " + Taxtype): null

2024-11-07 19:59:34 - [TEST_STEP][PASSED] - openBrowser(""): Browser is opened with url: ''

2024-11-07 19:59:34 - [MESSAGE][WARNING] - A browser is already opened. Closing browser and opening a new one

2024-11-07 19:59:36 - [MESSAGE][INFO] - Starting 'Chrome' driver

2024-11-07 19:59:36 - [MESSAGE][INFO] - User set preference: ['acceptInsecureCerts', 'true']

2024-11-07 19:59:36 - [MESSAGE][INFO] - Action delay is set to 0 milliseconds

2024-11-07 19:59:37 - [MESSAGE][PASSED] - Browser is opened with url: ''

2024-11-07 19:59:37 - [TEST_STEP][PASSED] - maximizeWindow(): Current window maximized

2024-11-07 19:59:38 - [MESSAGE][PASSED] - Current window maximized

2024-11-07 19:59:38 - [TEST_STEP][PASSED] - navigateToUrl(RADurl): Navigate to 'https://www.velocitypayment.com/client/rad/index.html' successfully

2024-11-07 19:59:38 - [MESSAGE][PASSED] - Navigate to 'https://www.velocitypayment.com/client/rad/index.html' successfully

2024-11-07 19:59:38 - [TEST_STEP][PASSED] - orPath_Landing = "Object Repository/RAD_Pages/Landing_Page": null

2024-11-07 19:59:38 - [TEST_STEP][PASSED] - orPath_TaxTypeFilingYear = "Object Repository/RAD_Pages/TaxTypeFilingYear_Page": null

2024-11-07 19:59:38 - [TEST_STEP][PASSED] - orPath_TaxPayer = "Object Repository/RAD_Pages/Taxpayer_Page": null

2024-11-07 19:59:38 - [TEST_STEP][PASSED] - orPath_AddressContact = "Object Repository/RAD_Pages/AddressAndContactInfo_Page": null

2024-11-07 19:59:38 - [TEST_STEP][PASSED] - orPath_FilingStatus = "Object Repository/RAD_Pages/FilingStatus_Page": null

2024-11-07 19:59:38 - [TEST_STEP][PASSED] - orPath_Amount = "Object Repository/RAD_Pages/PaymentAmount_Page": null

2024-11-07 19:59:38 - [TEST_STEP][PASSED] - orPath_TaxInfo = "Object Repository/RAD_Pages/TaxInfo_Page": null

2024-11-07 19:59:38 - [TEST_STEP][PASSED] - orPath_Withholding = "Object Repository/RAD_Pages/Withholding_Page": null

2024-11-07 19:59:38 - [TEST_STEP][PASSED] - orPath_Summary = "Object Repository/RAD_Pages/Summary_Page": null

2024-11-07 19:59:38 - [TEST_STEP][PASSED] - orPath_PaymentReady = "Object Repository/RAD_Pages/PaymentReady_Page": null

2024-11-07 19:59:38 - [TEST_STEP][PASSED] - orPath_PaymentEntry = "Object Repository/RAD_Pages/PaymentEntry_Page": null

2024-11-07 19:59:38 - [TEST_STEP][PASSED] - orPath_PaymentConfirmation = "Object Repository/RAD_Pages/PaymentConfirmation_Page": null

2024-11-07 19:59:38 - [TEST_STEP][PASSED] - orPath_ServiceFeesAccept = "Object Repository/RAD_Pages/ServiceFeeAccept_Page": null

2024-11-07 19:59:38 - [TEST_STEP][PASSED] - selectOptionByLabel(findTestObject(orPath_Landing + "/dd_TaxType"), Taxtype, false): All options with label 'Existing Liability with Notice/Invoice Number' are selected in object 'Object Repository/RAD_Pages/Landing_Page/dd_TaxType' 

2024-11-07 19:59:40 - [MESSAGE][PASSED] - All options with label 'Existing Liability with Notice/Invoice Number' are selected in object 'Object Repository/RAD_Pages/Landing_Page/dd_TaxType' 

2024-11-07 19:59:40 - [TEST_STEP][PASSED] - delay(1): Delayed 1 second(s)

2024-11-07 19:59:41 - [MESSAGE][PASSED] - Delayed 1 second(s)

2024-11-07 19:59:41 - [TEST_STEP][PASSED] - selectOptionByLabel(findTestObject(orPath_TaxTypeFilingYear + "/select_TaxType_ExistingLiability"), TaxTypeEL, false): All options with label 'Tire Recycling Fee' are selected in object 'Object Repository/RAD_Pages/TaxTypeFilingYear_Page/select_TaxType_ExistingLiability' 

2024-11-07 19:59:42 - [MESSAGE][PASSED] - All options with label 'Tire Recycling Fee' are selected in object 'Object Repository/RAD_Pages/TaxTypeFilingYear_Page/select_TaxType_ExistingLiability' 

2024-11-07 19:59:42 - [TEST_STEP][PASSED] - setText(findTestObject(orPath_TaxInfo + "/input_NoticeInvoiceNumber"), notInvNumber): Text '123456789012' is set on object 'Object Repository/RAD_Pages/TaxInfo_Page/input_NoticeInvoiceNumber'

2024-11-07 19:59:43 - [MESSAGE][PASSED] - Text '123456789012' is set on object 'Object Repository/RAD_Pages/TaxInfo_Page/input_NoticeInvoiceNumber'

2024-11-07 19:59:43 - [TEST_STEP][PASSED] - setText(findTestObject(orPath_TaxInfo + "/input_reTypeNoticeInvoiceNumber"), notInvNumber): Text '123456789012' is set on object 'Object Repository/RAD_Pages/TaxInfo_Page/input_reTypeNoticeInvoiceNumber'

2024-11-07 19:59:44 - [MESSAGE][PASSED] - Text '123456789012' is set on object 'Object Repository/RAD_Pages/TaxInfo_Page/input_reTypeNoticeInvoiceNumber'

2024-11-07 19:59:44 - [TEST_STEP][PASSED] - println(notInvNumber): null

2024-11-07 19:59:44 - [TEST_STEP][PASSED] - if (verifyTextPresent(errorMsg, true)): null

2024-11-07 19:59:45 - [MESSAGE][PASSED] - Text 'Notice Number or Invoice Number must be 10, 11, or 13 digits in length, with a value greater than zero' is present on page  using regular expression

2024-11-07 19:59:45 - [TEST_STEP][PASSED] - println("Error Message is present on the page"): null

2024-11-07 19:59:45 - [TEST_STEP][PASSED] - out.println("Pass Record Number: " + row): null

2024-11-07 19:59:45 - [TEST_STEP][PASSED] - resText = "Pass": null

2024-11-07 19:59:45 - [TEST_STEP][PASSED] - pages.WriteExcel.demoKey(resText, datText, resColumn, datCloumn, fileLoc, nameSheet, row): pages.WriteExcel.demoKey is PASSED

2024-11-07 19:59:45 - [MESSAGE][PASSED] - pages.WriteExcel.demoKey is PASSED

2024-11-07 19:59:45 - [TEST_STEP][PASSED] - ExecuteTC = findTestData(dataFile).getValue("Execute", row): null

2024-11-07 19:59:45 - [TEST_STEP][PASSED] - Taxtype = findTestData(dataFile).getValue("TaxType", row): null

2024-11-07 19:59:45 - [TEST_STEP][PASSED] - TaxTypeEL = findTestData(dataFile).getValue("TaxTypeEL", row): null

2024-11-07 19:59:45 - [TEST_STEP][PASSED] - notInvNumber = findTestData(dataFile).getValue("NotiInvoNumber", row): null

2024-11-07 19:59:45 - [TEST_STEP][PASSED] - errorMsg = findTestData(dataFile).getValue("ErrorMessage", row): null

2024-11-07 19:59:45 - [TEST_STEP][PASSED] - out.println("Value of Execute is : " + ExecuteTC): null

2024-11-07 19:59:45 - [TEST_STEP][PASSED] - if (ExecuteTC.equalsIgnoreCase("Y")): null

2024-11-07 19:59:45 - [TEST_STEP][PASSED] - out.println("Begin Record Number: " + row): null

2024-11-07 19:59:45 - [TEST_STEP][PASSED] - today = new java.util.Date(): null

2024-11-07 19:59:45 - [TEST_STEP][PASSED] - println(today): null

2024-11-07 19:59:45 - [TEST_STEP][PASSED] - datText = today: null

2024-11-07 19:59:45 - [TEST_STEP][PASSED] - Taxtype = findTestData(dataFile).getValue("TaxType", row): null

2024-11-07 19:59:45 - [TEST_STEP][PASSED] - out.println("Taxtype value is : " + Taxtype): null

2024-11-07 19:59:45 - [TEST_STEP][PASSED] - openBrowser(""): Browser is opened with url: ''

2024-11-07 19:59:45 - [MESSAGE][WARNING] - A browser is already opened. Closing browser and opening a new one

2024-11-07 19:59:48 - [MESSAGE][INFO] - Starting 'Chrome' driver

2024-11-07 19:59:48 - [MESSAGE][INFO] - User set preference: ['acceptInsecureCerts', 'true']

2024-11-07 19:59:48 - [MESSAGE][INFO] - Action delay is set to 0 milliseconds

2024-11-07 19:59:49 - [MESSAGE][PASSED] - Browser is opened with url: ''

2024-11-07 19:59:49 - [TEST_STEP][PASSED] - maximizeWindow(): Current window maximized

2024-11-07 19:59:50 - [MESSAGE][PASSED] - Current window maximized

2024-11-07 19:59:50 - [TEST_STEP][PASSED] - navigateToUrl(RADurl): Navigate to 'https://www.velocitypayment.com/client/rad/index.html' successfully

2024-11-07 19:59:53 - [MESSAGE][PASSED] - Navigate to 'https://www.velocitypayment.com/client/rad/index.html' successfully

2024-11-07 19:59:53 - [TEST_STEP][PASSED] - orPath_Landing = "Object Repository/RAD_Pages/Landing_Page": null

2024-11-07 19:59:53 - [TEST_STEP][PASSED] - orPath_TaxTypeFilingYear = "Object Repository/RAD_Pages/TaxTypeFilingYear_Page": null

2024-11-07 19:59:53 - [TEST_STEP][PASSED] - orPath_TaxPayer = "Object Repository/RAD_Pages/Taxpayer_Page": null

2024-11-07 19:59:53 - [TEST_STEP][PASSED] - orPath_AddressContact = "Object Repository/RAD_Pages/AddressAndContactInfo_Page": null

2024-11-07 19:59:53 - [TEST_STEP][PASSED] - orPath_FilingStatus = "Object Repository/RAD_Pages/FilingStatus_Page": null

2024-11-07 19:59:53 - [TEST_STEP][PASSED] - orPath_Amount = "Object Repository/RAD_Pages/PaymentAmount_Page": null

2024-11-07 19:59:53 - [TEST_STEP][PASSED] - orPath_TaxInfo = "Object Repository/RAD_Pages/TaxInfo_Page": null

2024-11-07 19:59:53 - [TEST_STEP][PASSED] - orPath_Withholding = "Object Repository/RAD_Pages/Withholding_Page": null

2024-11-07 19:59:53 - [TEST_STEP][PASSED] - orPath_Summary = "Object Repository/RAD_Pages/Summary_Page": null

2024-11-07 19:59:53 - [TEST_STEP][PASSED] - orPath_PaymentReady = "Object Repository/RAD_Pages/PaymentReady_Page": null

2024-11-07 19:59:53 - [TEST_STEP][PASSED] - orPath_PaymentEntry = "Object Repository/RAD_Pages/PaymentEntry_Page": null

2024-11-07 19:59:53 - [TEST_STEP][PASSED] - orPath_PaymentConfirmation = "Object Repository/RAD_Pages/PaymentConfirmation_Page": null

2024-11-07 19:59:53 - [TEST_STEP][PASSED] - orPath_ServiceFeesAccept = "Object Repository/RAD_Pages/ServiceFeeAccept_Page": null

2024-11-07 19:59:53 - [TEST_STEP][PASSED] - selectOptionByLabel(findTestObject(orPath_Landing + "/dd_TaxType"), Taxtype, false): All options with label 'Existing Liability with Notice/Invoice Number' are selected in object 'Object Repository/RAD_Pages/Landing_Page/dd_TaxType' 

2024-11-07 19:59:54 - [MESSAGE][PASSED] - All options with label 'Existing Liability with Notice/Invoice Number' are selected in object 'Object Repository/RAD_Pages/Landing_Page/dd_TaxType' 

2024-11-07 19:59:54 - [TEST_STEP][PASSED] - delay(1): Delayed 1 second(s)

2024-11-07 19:59:55 - [MESSAGE][PASSED] - Delayed 1 second(s)

2024-11-07 19:59:55 - [TEST_STEP][PASSED] - selectOptionByLabel(findTestObject(orPath_TaxTypeFilingYear + "/select_TaxType_ExistingLiability"), TaxTypeEL, false): All options with label 'Tire Recycling Fee' are selected in object 'Object Repository/RAD_Pages/TaxTypeFilingYear_Page/select_TaxType_ExistingLiability' 

2024-11-07 19:59:56 - [MESSAGE][PASSED] - All options with label 'Tire Recycling Fee' are selected in object 'Object Repository/RAD_Pages/TaxTypeFilingYear_Page/select_TaxType_ExistingLiability' 

2024-11-07 19:59:56 - [TEST_STEP][PASSED] - setText(findTestObject(orPath_TaxInfo + "/input_NoticeInvoiceNumber"), notInvNumber): Text '0000000000' is set on object 'Object Repository/RAD_Pages/TaxInfo_Page/input_NoticeInvoiceNumber'

2024-11-07 19:59:57 - [MESSAGE][PASSED] - Text '0000000000' is set on object 'Object Repository/RAD_Pages/TaxInfo_Page/input_NoticeInvoiceNumber'

2024-11-07 19:59:57 - [TEST_STEP][PASSED] - setText(findTestObject(orPath_TaxInfo + "/input_reTypeNoticeInvoiceNumber"), notInvNumber): Text '0000000000' is set on object 'Object Repository/RAD_Pages/TaxInfo_Page/input_reTypeNoticeInvoiceNumber'

2024-11-07 19:59:58 - [MESSAGE][PASSED] - Text '0000000000' is set on object 'Object Repository/RAD_Pages/TaxInfo_Page/input_reTypeNoticeInvoiceNumber'

2024-11-07 19:59:58 - [TEST_STEP][PASSED] - println(notInvNumber): null

2024-11-07 19:59:58 - [TEST_STEP][PASSED] - if (verifyTextPresent(errorMsg, true)): null

2024-11-07 19:59:59 - [MESSAGE][PASSED] - Text 'Notice Number or Invoice Number must be 10, 11, or 13 digits in length, with a value greater than zero' is present on page  using regular expression

2024-11-07 19:59:59 - [TEST_STEP][PASSED] - println("Error Message is present on the page"): null

2024-11-07 19:59:59 - [TEST_STEP][PASSED] - out.println("Pass Record Number: " + row): null

2024-11-07 19:59:59 - [TEST_STEP][PASSED] - resText = "Pass": null

2024-11-07 19:59:59 - [TEST_STEP][PASSED] - pages.WriteExcel.demoKey(resText, datText, resColumn, datCloumn, fileLoc, nameSheet, row): pages.WriteExcel.demoKey is PASSED

2024-11-07 19:59:59 - [MESSAGE][PASSED] - pages.WriteExcel.demoKey is PASSED

2024-11-07 19:59:59 - [TEST_STEP][PASSED] - ExecuteTC = findTestData(dataFile).getValue("Execute", row): null

2024-11-07 19:59:59 - [TEST_STEP][PASSED] - Taxtype = findTestData(dataFile).getValue("TaxType", row): null

2024-11-07 19:59:59 - [TEST_STEP][PASSED] - TaxTypeEL = findTestData(dataFile).getValue("TaxTypeEL", row): null

2024-11-07 19:59:59 - [TEST_STEP][PASSED] - notInvNumber = findTestData(dataFile).getValue("NotiInvoNumber", row): null

2024-11-07 19:59:59 - [TEST_STEP][PASSED] - errorMsg = findTestData(dataFile).getValue("ErrorMessage", row): null

2024-11-07 19:59:59 - [TEST_STEP][PASSED] - out.println("Value of Execute is : " + ExecuteTC): null

2024-11-07 19:59:59 - [TEST_STEP][PASSED] - if (ExecuteTC.equalsIgnoreCase("Y")): null

2024-11-07 19:59:59 - [TEST_STEP][PASSED] - out.println("Begin Record Number: " + row): null

2024-11-07 19:59:59 - [TEST_STEP][PASSED] - today = new java.util.Date(): null

2024-11-07 19:59:59 - [TEST_STEP][PASSED] - println(today): null

2024-11-07 19:59:59 - [TEST_STEP][PASSED] - datText = today: null

2024-11-07 19:59:59 - [TEST_STEP][PASSED] - Taxtype = findTestData(dataFile).getValue("TaxType", row): null

2024-11-07 19:59:59 - [TEST_STEP][PASSED] - out.println("Taxtype value is : " + Taxtype): null

2024-11-07 19:59:59 - [TEST_STEP][PASSED] - openBrowser(""): Browser is opened with url: ''

2024-11-07 19:59:59 - [MESSAGE][WARNING] - A browser is already opened. Closing browser and opening a new one

2024-11-07 20:00:01 - [MESSAGE][INFO] - Starting 'Chrome' driver

2024-11-07 20:00:01 - [MESSAGE][INFO] - User set preference: ['acceptInsecureCerts', 'true']

2024-11-07 20:00:01 - [MESSAGE][INFO] - Action delay is set to 0 milliseconds

2024-11-07 20:00:03 - [MESSAGE][PASSED] - Browser is opened with url: ''

2024-11-07 20:00:03 - [TEST_STEP][PASSED] - maximizeWindow(): Current window maximized

2024-11-07 20:00:03 - [MESSAGE][PASSED] - Current window maximized

2024-11-07 20:00:03 - [TEST_STEP][PASSED] - navigateToUrl(RADurl): Navigate to 'https://www.velocitypayment.com/client/rad/index.html' successfully

2024-11-07 20:00:06 - [MESSAGE][PASSED] - Navigate to 'https://www.velocitypayment.com/client/rad/index.html' successfully

2024-11-07 20:00:06 - [TEST_STEP][PASSED] - orPath_Landing = "Object Repository/RAD_Pages/Landing_Page": null

2024-11-07 20:00:06 - [TEST_STEP][PASSED] - orPath_TaxTypeFilingYear = "Object Repository/RAD_Pages/TaxTypeFilingYear_Page": null

2024-11-07 20:00:06 - [TEST_STEP][PASSED] - orPath_TaxPayer = "Object Repository/RAD_Pages/Taxpayer_Page": null

2024-11-07 20:00:06 - [TEST_STEP][PASSED] - orPath_AddressContact = "Object Repository/RAD_Pages/AddressAndContactInfo_Page": null

2024-11-07 20:00:06 - [TEST_STEP][PASSED] - orPath_FilingStatus = "Object Repository/RAD_Pages/FilingStatus_Page": null

2024-11-07 20:00:06 - [TEST_STEP][PASSED] - orPath_Amount = "Object Repository/RAD_Pages/PaymentAmount_Page": null

2024-11-07 20:00:06 - [TEST_STEP][PASSED] - orPath_TaxInfo = "Object Repository/RAD_Pages/TaxInfo_Page": null

2024-11-07 20:00:06 - [TEST_STEP][PASSED] - orPath_Withholding = "Object Repository/RAD_Pages/Withholding_Page": null

2024-11-07 20:00:06 - [TEST_STEP][PASSED] - orPath_Summary = "Object Repository/RAD_Pages/Summary_Page": null

2024-11-07 20:00:06 - [TEST_STEP][PASSED] - orPath_PaymentReady = "Object Repository/RAD_Pages/PaymentReady_Page": null

2024-11-07 20:00:06 - [TEST_STEP][PASSED] - orPath_PaymentEntry = "Object Repository/RAD_Pages/PaymentEntry_Page": null

2024-11-07 20:00:06 - [TEST_STEP][PASSED] - orPath_PaymentConfirmation = "Object Repository/RAD_Pages/PaymentConfirmation_Page": null

2024-11-07 20:00:06 - [TEST_STEP][PASSED] - orPath_ServiceFeesAccept = "Object Repository/RAD_Pages/ServiceFeeAccept_Page": null

2024-11-07 20:00:06 - [TEST_STEP][PASSED] - selectOptionByLabel(findTestObject(orPath_Landing + "/dd_TaxType"), Taxtype, false): All options with label 'Existing Liability with Notice/Invoice Number' are selected in object 'Object Repository/RAD_Pages/Landing_Page/dd_TaxType' 

2024-11-07 20:00:07 - [MESSAGE][PASSED] - All options with label 'Existing Liability with Notice/Invoice Number' are selected in object 'Object Repository/RAD_Pages/Landing_Page/dd_TaxType' 

2024-11-07 20:00:07 - [TEST_STEP][PASSED] - delay(1): Delayed 1 second(s)

2024-11-07 20:00:08 - [MESSAGE][PASSED] - Delayed 1 second(s)

2024-11-07 20:00:08 - [TEST_STEP][PASSED] - selectOptionByLabel(findTestObject(orPath_TaxTypeFilingYear + "/select_TaxType_ExistingLiability"), TaxTypeEL, false): All options with label 'Withholding Tax' are selected in object 'Object Repository/RAD_Pages/TaxTypeFilingYear_Page/select_TaxType_ExistingLiability' 

2024-11-07 20:00:09 - [MESSAGE][PASSED] - All options with label 'Withholding Tax' are selected in object 'Object Repository/RAD_Pages/TaxTypeFilingYear_Page/select_TaxType_ExistingLiability' 

2024-11-07 20:00:09 - [TEST_STEP][PASSED] - setText(findTestObject(orPath_TaxInfo + "/input_NoticeInvoiceNumber"), notInvNumber): Text '123456789' is set on object 'Object Repository/RAD_Pages/TaxInfo_Page/input_NoticeInvoiceNumber'

2024-11-07 20:00:09 - [MESSAGE][PASSED] - Text '123456789' is set on object 'Object Repository/RAD_Pages/TaxInfo_Page/input_NoticeInvoiceNumber'

2024-11-07 20:00:09 - [TEST_STEP][PASSED] - setText(findTestObject(orPath_TaxInfo + "/input_reTypeNoticeInvoiceNumber"), notInvNumber): Text '123456789' is set on object 'Object Repository/RAD_Pages/TaxInfo_Page/input_reTypeNoticeInvoiceNumber'

2024-11-07 20:00:11 - [MESSAGE][PASSED] - Text '123456789' is set on object 'Object Repository/RAD_Pages/TaxInfo_Page/input_reTypeNoticeInvoiceNumber'

2024-11-07 20:00:11 - [TEST_STEP][PASSED] - println(notInvNumber): null

2024-11-07 20:00:11 - [TEST_STEP][PASSED] - if (verifyTextPresent(errorMsg, true)): null

2024-11-07 20:00:11 - [MESSAGE][PASSED] - Text 'Notice Number or Invoice Number must be 10, 11, or 13 digits in length, with a value greater than zero' is present on page  using regular expression

2024-11-07 20:00:11 - [TEST_STEP][PASSED] - println("Error Message is present on the page"): null

2024-11-07 20:00:11 - [TEST_STEP][PASSED] - out.println("Pass Record Number: " + row): null

2024-11-07 20:00:11 - [TEST_STEP][PASSED] - resText = "Pass": null

2024-11-07 20:00:11 - [TEST_STEP][PASSED] - pages.WriteExcel.demoKey(resText, datText, resColumn, datCloumn, fileLoc, nameSheet, row): pages.WriteExcel.demoKey is PASSED

2024-11-07 20:00:11 - [MESSAGE][PASSED] - pages.WriteExcel.demoKey is PASSED

2024-11-07 20:00:11 - [TEST_STEP][PASSED] - ExecuteTC = findTestData(dataFile).getValue("Execute", row): null

2024-11-07 20:00:11 - [TEST_STEP][PASSED] - Taxtype = findTestData(dataFile).getValue("TaxType", row): null

2024-11-07 20:00:11 - [TEST_STEP][PASSED] - TaxTypeEL = findTestData(dataFile).getValue("TaxTypeEL", row): null

2024-11-07 20:00:11 - [TEST_STEP][PASSED] - notInvNumber = findTestData(dataFile).getValue("NotiInvoNumber", row): null

2024-11-07 20:00:11 - [TEST_STEP][PASSED] - errorMsg = findTestData(dataFile).getValue("ErrorMessage", row): null

2024-11-07 20:00:11 - [TEST_STEP][PASSED] - out.println("Value of Execute is : " + ExecuteTC): null

2024-11-07 20:00:11 - [TEST_STEP][PASSED] - if (ExecuteTC.equalsIgnoreCase("Y")): null

2024-11-07 20:00:11 - [TEST_STEP][PASSED] - out.println("Begin Record Number: " + row): null

2024-11-07 20:00:11 - [TEST_STEP][PASSED] - today = new java.util.Date(): null

2024-11-07 20:00:11 - [TEST_STEP][PASSED] - println(today): null

2024-11-07 20:00:11 - [TEST_STEP][PASSED] - datText = today: null

2024-11-07 20:00:11 - [TEST_STEP][PASSED] - Taxtype = findTestData(dataFile).getValue("TaxType", row): null

2024-11-07 20:00:11 - [TEST_STEP][PASSED] - out.println("Taxtype value is : " + Taxtype): null

2024-11-07 20:00:11 - [TEST_STEP][PASSED] - openBrowser(""): Browser is opened with url: ''

2024-11-07 20:00:11 - [MESSAGE][WARNING] - A browser is already opened. Closing browser and opening a new one

2024-11-07 20:00:13 - [MESSAGE][INFO] - Starting 'Chrome' driver

2024-11-07 20:00:13 - [MESSAGE][INFO] - User set preference: ['acceptInsecureCerts', 'true']

2024-11-07 20:00:13 - [MESSAGE][INFO] - Action delay is set to 0 milliseconds

2024-11-07 20:00:15 - [MESSAGE][PASSED] - Browser is opened with url: ''

2024-11-07 20:00:15 - [TEST_STEP][PASSED] - maximizeWindow(): Current window maximized

2024-11-07 20:00:15 - [MESSAGE][PASSED] - Current window maximized

2024-11-07 20:00:15 - [TEST_STEP][PASSED] - navigateToUrl(RADurl): Navigate to 'https://www.velocitypayment.com/client/rad/index.html' successfully

2024-11-07 20:00:18 - [MESSAGE][PASSED] - Navigate to 'https://www.velocitypayment.com/client/rad/index.html' successfully

2024-11-07 20:00:18 - [TEST_STEP][PASSED] - orPath_Landing = "Object Repository/RAD_Pages/Landing_Page": null

2024-11-07 20:00:18 - [TEST_STEP][PASSED] - orPath_TaxTypeFilingYear = "Object Repository/RAD_Pages/TaxTypeFilingYear_Page": null

2024-11-07 20:00:18 - [TEST_STEP][PASSED] - orPath_TaxPayer = "Object Repository/RAD_Pages/Taxpayer_Page": null

2024-11-07 20:00:18 - [TEST_STEP][PASSED] - orPath_AddressContact = "Object Repository/RAD_Pages/AddressAndContactInfo_Page": null

2024-11-07 20:00:18 - [TEST_STEP][PASSED] - orPath_FilingStatus = "Object Repository/RAD_Pages/FilingStatus_Page": null

2024-11-07 20:00:18 - [TEST_STEP][PASSED] - orPath_Amount = "Object Repository/RAD_Pages/PaymentAmount_Page": null

2024-11-07 20:00:18 - [TEST_STEP][PASSED] - orPath_TaxInfo = "Object Repository/RAD_Pages/TaxInfo_Page": null

2024-11-07 20:00:18 - [TEST_STEP][PASSED] - orPath_Withholding = "Object Repository/RAD_Pages/Withholding_Page": null

2024-11-07 20:00:18 - [TEST_STEP][PASSED] - orPath_Summary = "Object Repository/RAD_Pages/Summary_Page": null

2024-11-07 20:00:18 - [TEST_STEP][PASSED] - orPath_PaymentReady = "Object Repository/RAD_Pages/PaymentReady_Page": null

2024-11-07 20:00:18 - [TEST_STEP][PASSED] - orPath_PaymentEntry = "Object Repository/RAD_Pages/PaymentEntry_Page": null

2024-11-07 20:00:18 - [TEST_STEP][PASSED] - orPath_PaymentConfirmation = "Object Repository/RAD_Pages/PaymentConfirmation_Page": null

2024-11-07 20:00:18 - [TEST_STEP][PASSED] - orPath_ServiceFeesAccept = "Object Repository/RAD_Pages/ServiceFeeAccept_Page": null

2024-11-07 20:00:18 - [TEST_STEP][PASSED] - selectOptionByLabel(findTestObject(orPath_Landing + "/dd_TaxType"), Taxtype, false): All options with label 'Existing Liability with Notice/Invoice Number' are selected in object 'Object Repository/RAD_Pages/Landing_Page/dd_TaxType' 

2024-11-07 20:00:19 - [MESSAGE][PASSED] - All options with label 'Existing Liability with Notice/Invoice Number' are selected in object 'Object Repository/RAD_Pages/Landing_Page/dd_TaxType' 

2024-11-07 20:00:19 - [TEST_STEP][PASSED] - delay(1): Delayed 1 second(s)

2024-11-07 20:00:20 - [MESSAGE][PASSED] - Delayed 1 second(s)

2024-11-07 20:00:20 - [TEST_STEP][PASSED] - selectOptionByLabel(findTestObject(orPath_TaxTypeFilingYear + "/select_TaxType_ExistingLiability"), TaxTypeEL, false): All options with label 'Withholding Tax' are selected in object 'Object Repository/RAD_Pages/TaxTypeFilingYear_Page/select_TaxType_ExistingLiability' 

2024-11-07 20:00:20 - [MESSAGE][PASSED] - All options with label 'Withholding Tax' are selected in object 'Object Repository/RAD_Pages/TaxTypeFilingYear_Page/select_TaxType_ExistingLiability' 

2024-11-07 20:00:20 - [TEST_STEP][PASSED] - setText(findTestObject(orPath_TaxInfo + "/input_NoticeInvoiceNumber"), notInvNumber): Text '123456789012' is set on object 'Object Repository/RAD_Pages/TaxInfo_Page/input_NoticeInvoiceNumber'

2024-11-07 20:00:21 - [MESSAGE][PASSED] - Text '123456789012' is set on object 'Object Repository/RAD_Pages/TaxInfo_Page/input_NoticeInvoiceNumber'

2024-11-07 20:00:21 - [TEST_STEP][PASSED] - setText(findTestObject(orPath_TaxInfo + "/input_reTypeNoticeInvoiceNumber"), notInvNumber): Text '123456789012' is set on object 'Object Repository/RAD_Pages/TaxInfo_Page/input_reTypeNoticeInvoiceNumber'

2024-11-07 20:00:22 - [MESSAGE][PASSED] - Text '123456789012' is set on object 'Object Repository/RAD_Pages/TaxInfo_Page/input_reTypeNoticeInvoiceNumber'

2024-11-07 20:00:22 - [TEST_STEP][PASSED] - println(notInvNumber): null

2024-11-07 20:00:22 - [TEST_STEP][PASSED] - if (verifyTextPresent(errorMsg, true)): null

2024-11-07 20:00:23 - [MESSAGE][PASSED] - Text 'Notice Number or Invoice Number must be 10, 11, or 13 digits in length, with a value greater than zero' is present on page  using regular expression

2024-11-07 20:00:23 - [TEST_STEP][PASSED] - println("Error Message is present on the page"): null

2024-11-07 20:00:23 - [TEST_STEP][PASSED] - out.println("Pass Record Number: " + row): null

2024-11-07 20:00:23 - [TEST_STEP][PASSED] - resText = "Pass": null

2024-11-07 20:00:23 - [TEST_STEP][PASSED] - pages.WriteExcel.demoKey(resText, datText, resColumn, datCloumn, fileLoc, nameSheet, row): pages.WriteExcel.demoKey is PASSED

2024-11-07 20:00:23 - [MESSAGE][PASSED] - pages.WriteExcel.demoKey is PASSED

2024-11-07 20:00:23 - [TEST_STEP][PASSED] - ExecuteTC = findTestData(dataFile).getValue("Execute", row): null

2024-11-07 20:00:23 - [TEST_STEP][PASSED] - Taxtype = findTestData(dataFile).getValue("TaxType", row): null

2024-11-07 20:00:23 - [TEST_STEP][PASSED] - TaxTypeEL = findTestData(dataFile).getValue("TaxTypeEL", row): null

2024-11-07 20:00:23 - [TEST_STEP][PASSED] - notInvNumber = findTestData(dataFile).getValue("NotiInvoNumber", row): null

2024-11-07 20:00:23 - [TEST_STEP][PASSED] - errorMsg = findTestData(dataFile).getValue("ErrorMessage", row): null

2024-11-07 20:00:23 - [TEST_STEP][PASSED] - out.println("Value of Execute is : " + ExecuteTC): null

2024-11-07 20:00:23 - [TEST_STEP][PASSED] - if (ExecuteTC.equalsIgnoreCase("Y")): null

2024-11-07 20:00:23 - [TEST_STEP][PASSED] - out.println("Begin Record Number: " + row): null

2024-11-07 20:00:23 - [TEST_STEP][PASSED] - today = new java.util.Date(): null

2024-11-07 20:00:23 - [TEST_STEP][PASSED] - println(today): null

2024-11-07 20:00:23 - [TEST_STEP][PASSED] - datText = today: null

2024-11-07 20:00:23 - [TEST_STEP][PASSED] - Taxtype = findTestData(dataFile).getValue("TaxType", row): null

2024-11-07 20:00:23 - [TEST_STEP][PASSED] - out.println("Taxtype value is : " + Taxtype): null

2024-11-07 20:00:23 - [TEST_STEP][PASSED] - openBrowser(""): Browser is opened with url: ''

2024-11-07 20:00:23 - [MESSAGE][WARNING] - A browser is already opened. Closing browser and opening a new one

2024-11-07 20:00:25 - [MESSAGE][INFO] - Starting 'Chrome' driver

2024-11-07 20:00:25 - [MESSAGE][INFO] - User set preference: ['acceptInsecureCerts', 'true']

2024-11-07 20:00:25 - [MESSAGE][INFO] - Action delay is set to 0 milliseconds

2024-11-07 20:00:27 - [MESSAGE][PASSED] - Browser is opened with url: ''

2024-11-07 20:00:27 - [TEST_STEP][PASSED] - maximizeWindow(): Current window maximized

2024-11-07 20:00:27 - [MESSAGE][PASSED] - Current window maximized

2024-11-07 20:00:27 - [TEST_STEP][PASSED] - navigateToUrl(RADurl): Navigate to 'https://www.velocitypayment.com/client/rad/index.html' successfully

2024-11-07 20:00:27 - [MESSAGE][PASSED] - Navigate to 'https://www.velocitypayment.com/client/rad/index.html' successfully

2024-11-07 20:00:27 - [TEST_STEP][PASSED] - orPath_Landing = "Object Repository/RAD_Pages/Landing_Page": null

2024-11-07 20:00:27 - [TEST_STEP][PASSED] - orPath_TaxTypeFilingYear = "Object Repository/RAD_Pages/TaxTypeFilingYear_Page": null

2024-11-07 20:00:27 - [TEST_STEP][PASSED] - orPath_TaxPayer = "Object Repository/RAD_Pages/Taxpayer_Page": null

2024-11-07 20:00:27 - [TEST_STEP][PASSED] - orPath_AddressContact = "Object Repository/RAD_Pages/AddressAndContactInfo_Page": null

2024-11-07 20:00:27 - [TEST_STEP][PASSED] - orPath_FilingStatus = "Object Repository/RAD_Pages/FilingStatus_Page": null

2024-11-07 20:00:27 - [TEST_STEP][PASSED] - orPath_Amount = "Object Repository/RAD_Pages/PaymentAmount_Page": null

2024-11-07 20:00:27 - [TEST_STEP][PASSED] - orPath_TaxInfo = "Object Repository/RAD_Pages/TaxInfo_Page": null

2024-11-07 20:00:27 - [TEST_STEP][PASSED] - orPath_Withholding = "Object Repository/RAD_Pages/Withholding_Page": null

2024-11-07 20:00:27 - [TEST_STEP][PASSED] - orPath_Summary = "Object Repository/RAD_Pages/Summary_Page": null

2024-11-07 20:00:27 - [TEST_STEP][PASSED] - orPath_PaymentReady = "Object Repository/RAD_Pages/PaymentReady_Page": null

2024-11-07 20:00:27 - [TEST_STEP][PASSED] - orPath_PaymentEntry = "Object Repository/RAD_Pages/PaymentEntry_Page": null

2024-11-07 20:00:27 - [TEST_STEP][PASSED] - orPath_PaymentConfirmation = "Object Repository/RAD_Pages/PaymentConfirmation_Page": null

2024-11-07 20:00:27 - [TEST_STEP][PASSED] - orPath_ServiceFeesAccept = "Object Repository/RAD_Pages/ServiceFeeAccept_Page": null

2024-11-07 20:00:27 - [TEST_STEP][PASSED] - selectOptionByLabel(findTestObject(orPath_Landing + "/dd_TaxType"), Taxtype, false): All options with label 'Existing Liability with Notice/Invoice Number' are selected in object 'Object Repository/RAD_Pages/Landing_Page/dd_TaxType' 

2024-11-07 20:00:30 - [MESSAGE][PASSED] - All options with label 'Existing Liability with Notice/Invoice Number' are selected in object 'Object Repository/RAD_Pages/Landing_Page/dd_TaxType' 

2024-11-07 20:00:30 - [TEST_STEP][PASSED] - delay(1): Delayed 1 second(s)

2024-11-07 20:00:31 - [MESSAGE][PASSED] - Delayed 1 second(s)

2024-11-07 20:00:31 - [TEST_STEP][PASSED] - selectOptionByLabel(findTestObject(orPath_TaxTypeFilingYear + "/select_TaxType_ExistingLiability"), TaxTypeEL, false): All options with label 'Withholding Tax' are selected in object 'Object Repository/RAD_Pages/TaxTypeFilingYear_Page/select_TaxType_ExistingLiability' 

2024-11-07 20:00:31 - [MESSAGE][PASSED] - All options with label 'Withholding Tax' are selected in object 'Object Repository/RAD_Pages/TaxTypeFilingYear_Page/select_TaxType_ExistingLiability' 

2024-11-07 20:00:31 - [TEST_STEP][PASSED] - setText(findTestObject(orPath_TaxInfo + "/input_NoticeInvoiceNumber"), notInvNumber): Text '0000000000' is set on object 'Object Repository/RAD_Pages/TaxInfo_Page/input_NoticeInvoiceNumber'

2024-11-07 20:00:32 - [MESSAGE][PASSED] - Text '0000000000' is set on object 'Object Repository/RAD_Pages/TaxInfo_Page/input_NoticeInvoiceNumber'

2024-11-07 20:00:32 - [TEST_STEP][PASSED] - setText(findTestObject(orPath_TaxInfo + "/input_reTypeNoticeInvoiceNumber"), notInvNumber): Text '0000000000' is set on object 'Object Repository/RAD_Pages/TaxInfo_Page/input_reTypeNoticeInvoiceNumber'

2024-11-07 20:00:33 - [MESSAGE][PASSED] - Text '0000000000' is set on object 'Object Repository/RAD_Pages/TaxInfo_Page/input_reTypeNoticeInvoiceNumber'

2024-11-07 20:00:33 - [TEST_STEP][PASSED] - println(notInvNumber): null

2024-11-07 20:00:33 - [TEST_STEP][PASSED] - if (verifyTextPresent(errorMsg, true)): null

2024-11-07 20:00:33 - [MESSAGE][PASSED] - Text 'Notice Number or Invoice Number must be 10, 11, or 13 digits in length, with a value greater than zero' is present on page  using regular expression

2024-11-07 20:00:33 - [TEST_STEP][PASSED] - println("Error Message is present on the page"): null

2024-11-07 20:00:33 - [TEST_STEP][PASSED] - out.println("Pass Record Number: " + row): null

2024-11-07 20:00:33 - [TEST_STEP][PASSED] - resText = "Pass": null

2024-11-07 20:00:33 - [TEST_STEP][PASSED] - pages.WriteExcel.demoKey(resText, datText, resColumn, datCloumn, fileLoc, nameSheet, row): pages.WriteExcel.demoKey is PASSED

2024-11-07 20:00:33 - [MESSAGE][PASSED] - pages.WriteExcel.demoKey is PASSED

2024-11-07 20:00:33 - [TEST_STEP][PASSED] - ExecuteTC = findTestData(dataFile).getValue("Execute", row): null

2024-11-07 20:00:34 - [TEST_STEP][PASSED] - Taxtype = findTestData(dataFile).getValue("TaxType", row): null

2024-11-07 20:00:34 - [TEST_STEP][PASSED] - TaxTypeEL = findTestData(dataFile).getValue("TaxTypeEL", row): null

2024-11-07 20:00:34 - [TEST_STEP][PASSED] - notInvNumber = findTestData(dataFile).getValue("NotiInvoNumber", row): null

2024-11-07 20:00:34 - [TEST_STEP][PASSED] - errorMsg = findTestData(dataFile).getValue("ErrorMessage", row): null

2024-11-07 20:00:34 - [TEST_STEP][PASSED] - out.println("Value of Execute is : " + ExecuteTC): null

2024-11-07 20:00:34 - [TEST_STEP][PASSED] - if (ExecuteTC.equalsIgnoreCase("Y")): null

2024-11-07 20:00:34 - [TEST_STEP][PASSED] - out.println("Begin Record Number: " + row): null

2024-11-07 20:00:34 - [TEST_STEP][PASSED] - today = new java.util.Date(): null

2024-11-07 20:00:34 - [TEST_STEP][PASSED] - println(today): null

2024-11-07 20:00:34 - [TEST_STEP][PASSED] - datText = today: null

2024-11-07 20:00:34 - [TEST_STEP][PASSED] - Taxtype = findTestData(dataFile).getValue("TaxType", row): null

2024-11-07 20:00:34 - [TEST_STEP][PASSED] - out.println("Taxtype value is : " + Taxtype): null

2024-11-07 20:00:34 - [TEST_STEP][PASSED] - openBrowser(""): Browser is opened with url: ''

2024-11-07 20:00:34 - [MESSAGE][WARNING] - A browser is already opened. Closing browser and opening a new one

2024-11-07 20:00:35 - [MESSAGE][INFO] - Starting 'Chrome' driver

2024-11-07 20:00:35 - [MESSAGE][INFO] - User set preference: ['acceptInsecureCerts', 'true']

2024-11-07 20:00:35 - [MESSAGE][INFO] - Action delay is set to 0 milliseconds

2024-11-07 20:00:37 - [MESSAGE][PASSED] - Browser is opened with url: ''

2024-11-07 20:00:37 - [TEST_STEP][PASSED] - maximizeWindow(): Current window maximized

2024-11-07 20:00:37 - [MESSAGE][PASSED] - Current window maximized

2024-11-07 20:00:37 - [TEST_STEP][PASSED] - navigateToUrl(RADurl): Navigate to 'https://www.velocitypayment.com/client/rad/index.html' successfully

2024-11-07 20:00:39 - [MESSAGE][PASSED] - Navigate to 'https://www.velocitypayment.com/client/rad/index.html' successfully

2024-11-07 20:00:39 - [TEST_STEP][PASSED] - orPath_Landing = "Object Repository/RAD_Pages/Landing_Page": null

2024-11-07 20:00:39 - [TEST_STEP][PASSED] - orPath_TaxTypeFilingYear = "Object Repository/RAD_Pages/TaxTypeFilingYear_Page": null

2024-11-07 20:00:39 - [TEST_STEP][PASSED] - orPath_TaxPayer = "Object Repository/RAD_Pages/Taxpayer_Page": null

2024-11-07 20:00:39 - [TEST_STEP][PASSED] - orPath_AddressContact = "Object Repository/RAD_Pages/AddressAndContactInfo_Page": null

2024-11-07 20:00:39 - [TEST_STEP][PASSED] - orPath_FilingStatus = "Object Repository/RAD_Pages/FilingStatus_Page": null

2024-11-07 20:00:39 - [TEST_STEP][PASSED] - orPath_Amount = "Object Repository/RAD_Pages/PaymentAmount_Page": null

2024-11-07 20:00:39 - [TEST_STEP][PASSED] - orPath_TaxInfo = "Object Repository/RAD_Pages/TaxInfo_Page": null

2024-11-07 20:00:39 - [TEST_STEP][PASSED] - orPath_Withholding = "Object Repository/RAD_Pages/Withholding_Page": null

2024-11-07 20:00:39 - [TEST_STEP][PASSED] - orPath_Summary = "Object Repository/RAD_Pages/Summary_Page": null

2024-11-07 20:00:39 - [TEST_STEP][PASSED] - orPath_PaymentReady = "Object Repository/RAD_Pages/PaymentReady_Page": null

2024-11-07 20:00:39 - [TEST_STEP][PASSED] - orPath_PaymentEntry = "Object Repository/RAD_Pages/PaymentEntry_Page": null

2024-11-07 20:00:39 - [TEST_STEP][PASSED] - orPath_PaymentConfirmation = "Object Repository/RAD_Pages/PaymentConfirmation_Page": null

2024-11-07 20:00:39 - [TEST_STEP][PASSED] - orPath_ServiceFeesAccept = "Object Repository/RAD_Pages/ServiceFeeAccept_Page": null

2024-11-07 20:00:39 - [TEST_STEP][PASSED] - selectOptionByLabel(findTestObject(orPath_Landing + "/dd_TaxType"), Taxtype, false): All options with label 'Existing Liability with Notice/Invoice Number' are selected in object 'Object Repository/RAD_Pages/Landing_Page/dd_TaxType' 

2024-11-07 20:00:40 - [MESSAGE][PASSED] - All options with label 'Existing Liability with Notice/Invoice Number' are selected in object 'Object Repository/RAD_Pages/Landing_Page/dd_TaxType' 

2024-11-07 20:00:40 - [TEST_STEP][PASSED] - delay(1): Delayed 1 second(s)

2024-11-07 20:00:41 - [MESSAGE][PASSED] - Delayed 1 second(s)

2024-11-07 20:00:41 - [TEST_STEP][PASSED] - selectOptionByLabel(findTestObject(orPath_TaxTypeFilingYear + "/select_TaxType_ExistingLiability"), TaxTypeEL, false): All options with label 'Alcohol Tax' are selected in object 'Object Repository/RAD_Pages/TaxTypeFilingYear_Page/select_TaxType_ExistingLiability' 

2024-11-07 20:00:42 - [MESSAGE][PASSED] - All options with label 'Alcohol Tax' are selected in object 'Object Repository/RAD_Pages/TaxTypeFilingYear_Page/select_TaxType_ExistingLiability' 

2024-11-07 20:00:42 - [TEST_STEP][PASSED] - setText(findTestObject(orPath_TaxInfo + "/input_NoticeInvoiceNumber"), notInvNumber): Text '123456789' is set on object 'Object Repository/RAD_Pages/TaxInfo_Page/input_NoticeInvoiceNumber'

2024-11-07 20:00:43 - [MESSAGE][PASSED] - Text '123456789' is set on object 'Object Repository/RAD_Pages/TaxInfo_Page/input_NoticeInvoiceNumber'

2024-11-07 20:00:43 - [TEST_STEP][PASSED] - setText(findTestObject(orPath_TaxInfo + "/input_reTypeNoticeInvoiceNumber"), notInvNumber): Text '123456789' is set on object 'Object Repository/RAD_Pages/TaxInfo_Page/input_reTypeNoticeInvoiceNumber'

2024-11-07 20:00:44 - [MESSAGE][PASSED] - Text '123456789' is set on object 'Object Repository/RAD_Pages/TaxInfo_Page/input_reTypeNoticeInvoiceNumber'

2024-11-07 20:00:44 - [TEST_STEP][PASSED] - println(notInvNumber): null

2024-11-07 20:00:44 - [TEST_STEP][PASSED] - if (verifyTextPresent(errorMsg, true)): null

2024-11-07 20:00:44 - [MESSAGE][PASSED] - Text 'Notice Number or Invoice Number must be 10, 11, or 13 digits in length, with a value greater than zero' is present on page  using regular expression

2024-11-07 20:00:44 - [TEST_STEP][PASSED] - println("Error Message is present on the page"): null

2024-11-07 20:00:44 - [TEST_STEP][PASSED] - out.println("Pass Record Number: " + row): null

2024-11-07 20:00:44 - [TEST_STEP][PASSED] - resText = "Pass": null

2024-11-07 20:00:44 - [TEST_STEP][PASSED] - pages.WriteExcel.demoKey(resText, datText, resColumn, datCloumn, fileLoc, nameSheet, row): pages.WriteExcel.demoKey is PASSED

2024-11-07 20:00:44 - [MESSAGE][PASSED] - pages.WriteExcel.demoKey is PASSED

2024-11-07 20:00:44 - [TEST_STEP][PASSED] - ExecuteTC = findTestData(dataFile).getValue("Execute", row): null

2024-11-07 20:00:44 - [TEST_STEP][PASSED] - Taxtype = findTestData(dataFile).getValue("TaxType", row): null

2024-11-07 20:00:44 - [TEST_STEP][PASSED] - TaxTypeEL = findTestData(dataFile).getValue("TaxTypeEL", row): null

2024-11-07 20:00:44 - [TEST_STEP][PASSED] - notInvNumber = findTestData(dataFile).getValue("NotiInvoNumber", row): null

2024-11-07 20:00:44 - [TEST_STEP][PASSED] - errorMsg = findTestData(dataFile).getValue("ErrorMessage", row): null

2024-11-07 20:00:44 - [TEST_STEP][PASSED] - out.println("Value of Execute is : " + ExecuteTC): null

2024-11-07 20:00:44 - [TEST_STEP][PASSED] - if (ExecuteTC.equalsIgnoreCase("Y")): null

2024-11-07 20:00:44 - [TEST_STEP][PASSED] - out.println("Begin Record Number: " + row): null

2024-11-07 20:00:44 - [TEST_STEP][PASSED] - today = new java.util.Date(): null

2024-11-07 20:00:44 - [TEST_STEP][PASSED] - println(today): null

2024-11-07 20:00:44 - [TEST_STEP][PASSED] - datText = today: null

2024-11-07 20:00:44 - [TEST_STEP][PASSED] - Taxtype = findTestData(dataFile).getValue("TaxType", row): null

2024-11-07 20:00:45 - [TEST_STEP][PASSED] - out.println("Taxtype value is : " + Taxtype): null

2024-11-07 20:00:45 - [TEST_STEP][PASSED] - openBrowser(""): Browser is opened with url: ''

2024-11-07 20:00:45 - [MESSAGE][WARNING] - A browser is already opened. Closing browser and opening a new one

2024-11-07 20:00:46 - [MESSAGE][INFO] - Starting 'Chrome' driver

2024-11-07 20:00:46 - [MESSAGE][INFO] - User set preference: ['acceptInsecureCerts', 'true']

2024-11-07 20:00:46 - [MESSAGE][INFO] - Action delay is set to 0 milliseconds

2024-11-07 20:00:48 - [MESSAGE][PASSED] - Browser is opened with url: ''

2024-11-07 20:00:48 - [TEST_STEP][PASSED] - maximizeWindow(): Current window maximized

2024-11-07 20:00:48 - [MESSAGE][PASSED] - Current window maximized

2024-11-07 20:00:48 - [TEST_STEP][PASSED] - navigateToUrl(RADurl): Navigate to 'https://www.velocitypayment.com/client/rad/index.html' successfully

2024-11-07 20:00:50 - [MESSAGE][PASSED] - Navigate to 'https://www.velocitypayment.com/client/rad/index.html' successfully

2024-11-07 20:00:50 - [TEST_STEP][PASSED] - orPath_Landing = "Object Repository/RAD_Pages/Landing_Page": null

2024-11-07 20:00:50 - [TEST_STEP][PASSED] - orPath_TaxTypeFilingYear = "Object Repository/RAD_Pages/TaxTypeFilingYear_Page": null

2024-11-07 20:00:50 - [TEST_STEP][PASSED] - orPath_TaxPayer = "Object Repository/RAD_Pages/Taxpayer_Page": null

2024-11-07 20:00:50 - [TEST_STEP][PASSED] - orPath_AddressContact = "Object Repository/RAD_Pages/AddressAndContactInfo_Page": null

2024-11-07 20:00:50 - [TEST_STEP][PASSED] - orPath_FilingStatus = "Object Repository/RAD_Pages/FilingStatus_Page": null

2024-11-07 20:00:50 - [TEST_STEP][PASSED] - orPath_Amount = "Object Repository/RAD_Pages/PaymentAmount_Page": null

2024-11-07 20:00:50 - [TEST_STEP][PASSED] - orPath_TaxInfo = "Object Repository/RAD_Pages/TaxInfo_Page": null

2024-11-07 20:00:50 - [TEST_STEP][PASSED] - orPath_Withholding = "Object Repository/RAD_Pages/Withholding_Page": null

2024-11-07 20:00:50 - [TEST_STEP][PASSED] - orPath_Summary = "Object Repository/RAD_Pages/Summary_Page": null

2024-11-07 20:00:50 - [TEST_STEP][PASSED] - orPath_PaymentReady = "Object Repository/RAD_Pages/PaymentReady_Page": null

2024-11-07 20:00:50 - [TEST_STEP][PASSED] - orPath_PaymentEntry = "Object Repository/RAD_Pages/PaymentEntry_Page": null

2024-11-07 20:00:50 - [TEST_STEP][PASSED] - orPath_PaymentConfirmation = "Object Repository/RAD_Pages/PaymentConfirmation_Page": null

2024-11-07 20:00:50 - [TEST_STEP][PASSED] - orPath_ServiceFeesAccept = "Object Repository/RAD_Pages/ServiceFeeAccept_Page": null

2024-11-07 20:00:50 - [TEST_STEP][PASSED] - selectOptionByLabel(findTestObject(orPath_Landing + "/dd_TaxType"), Taxtype, false): All options with label 'Existing Liability with Notice/Invoice Number' are selected in object 'Object Repository/RAD_Pages/Landing_Page/dd_TaxType' 

2024-11-07 20:00:51 - [MESSAGE][PASSED] - All options with label 'Existing Liability with Notice/Invoice Number' are selected in object 'Object Repository/RAD_Pages/Landing_Page/dd_TaxType' 

2024-11-07 20:00:51 - [TEST_STEP][PASSED] - delay(1): Delayed 1 second(s)

2024-11-07 20:00:52 - [MESSAGE][PASSED] - Delayed 1 second(s)

2024-11-07 20:00:52 - [TEST_STEP][PASSED] - selectOptionByLabel(findTestObject(orPath_TaxTypeFilingYear + "/select_TaxType_ExistingLiability"), TaxTypeEL, false): All options with label 'Alcohol Tax' are selected in object 'Object Repository/RAD_Pages/TaxTypeFilingYear_Page/select_TaxType_ExistingLiability' 

2024-11-07 20:00:53 - [MESSAGE][PASSED] - All options with label 'Alcohol Tax' are selected in object 'Object Repository/RAD_Pages/TaxTypeFilingYear_Page/select_TaxType_ExistingLiability' 

2024-11-07 20:00:53 - [TEST_STEP][PASSED] - setText(findTestObject(orPath_TaxInfo + "/input_NoticeInvoiceNumber"), notInvNumber): Text '123456789012' is set on object 'Object Repository/RAD_Pages/TaxInfo_Page/input_NoticeInvoiceNumber'

2024-11-07 20:00:53 - [MESSAGE][PASSED] - Text '123456789012' is set on object 'Object Repository/RAD_Pages/TaxInfo_Page/input_NoticeInvoiceNumber'

2024-11-07 20:00:53 - [TEST_STEP][PASSED] - setText(findTestObject(orPath_TaxInfo + "/input_reTypeNoticeInvoiceNumber"), notInvNumber): Text '123456789012' is set on object 'Object Repository/RAD_Pages/TaxInfo_Page/input_reTypeNoticeInvoiceNumber'

2024-11-07 20:00:54 - [MESSAGE][PASSED] - Text '123456789012' is set on object 'Object Repository/RAD_Pages/TaxInfo_Page/input_reTypeNoticeInvoiceNumber'

2024-11-07 20:00:54 - [TEST_STEP][PASSED] - println(notInvNumber): null

2024-11-07 20:00:54 - [TEST_STEP][PASSED] - if (verifyTextPresent(errorMsg, true)): null

2024-11-07 20:00:55 - [MESSAGE][PASSED] - Text 'Notice Number or Invoice Number must be 10, 11, or 13 digits in length, with a value greater than zero' is present on page  using regular expression

2024-11-07 20:00:55 - [TEST_STEP][PASSED] - println("Error Message is present on the page"): null

2024-11-07 20:00:55 - [TEST_STEP][PASSED] - out.println("Pass Record Number: " + row): null

2024-11-07 20:00:55 - [TEST_STEP][PASSED] - resText = "Pass": null

2024-11-07 20:00:55 - [TEST_STEP][PASSED] - pages.WriteExcel.demoKey(resText, datText, resColumn, datCloumn, fileLoc, nameSheet, row): pages.WriteExcel.demoKey is PASSED

2024-11-07 20:00:55 - [MESSAGE][PASSED] - pages.WriteExcel.demoKey is PASSED

2024-11-07 20:00:55 - [TEST_STEP][PASSED] - ExecuteTC = findTestData(dataFile).getValue("Execute", row): null

2024-11-07 20:00:55 - [TEST_STEP][PASSED] - Taxtype = findTestData(dataFile).getValue("TaxType", row): null

2024-11-07 20:00:55 - [TEST_STEP][PASSED] - TaxTypeEL = findTestData(dataFile).getValue("TaxTypeEL", row): null

2024-11-07 20:00:55 - [TEST_STEP][PASSED] - notInvNumber = findTestData(dataFile).getValue("NotiInvoNumber", row): null

2024-11-07 20:00:55 - [TEST_STEP][PASSED] - errorMsg = findTestData(dataFile).getValue("ErrorMessage", row): null

2024-11-07 20:00:55 - [TEST_STEP][PASSED] - out.println("Value of Execute is : " + ExecuteTC): null

2024-11-07 20:00:55 - [TEST_STEP][PASSED] - if (ExecuteTC.equalsIgnoreCase("Y")): null

2024-11-07 20:00:55 - [TEST_STEP][PASSED] - out.println("Begin Record Number: " + row): null

2024-11-07 20:00:55 - [TEST_STEP][PASSED] - today = new java.util.Date(): null

2024-11-07 20:00:55 - [TEST_STEP][PASSED] - println(today): null

2024-11-07 20:00:55 - [TEST_STEP][PASSED] - datText = today: null

2024-11-07 20:00:55 - [TEST_STEP][PASSED] - Taxtype = findTestData(dataFile).getValue("TaxType", row): null

2024-11-07 20:00:55 - [TEST_STEP][PASSED] - out.println("Taxtype value is : " + Taxtype): null

2024-11-07 20:00:55 - [TEST_STEP][PASSED] - openBrowser(""): Browser is opened with url: ''

2024-11-07 20:00:55 - [MESSAGE][WARNING] - A browser is already opened. Closing browser and opening a new one

2024-11-07 20:00:58 - [MESSAGE][INFO] - Starting 'Chrome' driver

2024-11-07 20:00:58 - [MESSAGE][INFO] - User set preference: ['acceptInsecureCerts', 'true']

2024-11-07 20:00:58 - [MESSAGE][INFO] - Action delay is set to 0 milliseconds

2024-11-07 20:01:00 - [MESSAGE][PASSED] - Browser is opened with url: ''

2024-11-07 20:01:00 - [TEST_STEP][PASSED] - maximizeWindow(): Current window maximized

2024-11-07 20:01:00 - [MESSAGE][PASSED] - Current window maximized

2024-11-07 20:01:00 - [TEST_STEP][PASSED] - navigateToUrl(RADurl): Navigate to 'https://www.velocitypayment.com/client/rad/index.html' successfully

2024-11-07 20:01:00 - [MESSAGE][PASSED] - Navigate to 'https://www.velocitypayment.com/client/rad/index.html' successfully

2024-11-07 20:01:00 - [TEST_STEP][PASSED] - orPath_Landing = "Object Repository/RAD_Pages/Landing_Page": null

2024-11-07 20:01:00 - [TEST_STEP][PASSED] - orPath_TaxTypeFilingYear = "Object Repository/RAD_Pages/TaxTypeFilingYear_Page": null

2024-11-07 20:01:00 - [TEST_STEP][PASSED] - orPath_TaxPayer = "Object Repository/RAD_Pages/Taxpayer_Page": null

2024-11-07 20:01:00 - [TEST_STEP][PASSED] - orPath_AddressContact = "Object Repository/RAD_Pages/AddressAndContactInfo_Page": null

2024-11-07 20:01:00 - [TEST_STEP][PASSED] - orPath_FilingStatus = "Object Repository/RAD_Pages/FilingStatus_Page": null

2024-11-07 20:01:00 - [TEST_STEP][PASSED] - orPath_Amount = "Object Repository/RAD_Pages/PaymentAmount_Page": null

2024-11-07 20:01:00 - [TEST_STEP][PASSED] - orPath_TaxInfo = "Object Repository/RAD_Pages/TaxInfo_Page": null

2024-11-07 20:01:00 - [TEST_STEP][PASSED] - orPath_Withholding = "Object Repository/RAD_Pages/Withholding_Page": null

2024-11-07 20:01:00 - [TEST_STEP][PASSED] - orPath_Summary = "Object Repository/RAD_Pages/Summary_Page": null

2024-11-07 20:01:00 - [TEST_STEP][PASSED] - orPath_PaymentReady = "Object Repository/RAD_Pages/PaymentReady_Page": null

2024-11-07 20:01:00 - [TEST_STEP][PASSED] - orPath_PaymentEntry = "Object Repository/RAD_Pages/PaymentEntry_Page": null

2024-11-07 20:01:00 - [TEST_STEP][PASSED] - orPath_PaymentConfirmation = "Object Repository/RAD_Pages/PaymentConfirmation_Page": null

2024-11-07 20:01:00 - [TEST_STEP][PASSED] - orPath_ServiceFeesAccept = "Object Repository/RAD_Pages/ServiceFeeAccept_Page": null

2024-11-07 20:01:00 - [TEST_STEP][PASSED] - selectOptionByLabel(findTestObject(orPath_Landing + "/dd_TaxType"), Taxtype, false): All options with label 'Existing Liability with Notice/Invoice Number' are selected in object 'Object Repository/RAD_Pages/Landing_Page/dd_TaxType' 

2024-11-07 20:01:03 - [MESSAGE][PASSED] - All options with label 'Existing Liability with Notice/Invoice Number' are selected in object 'Object Repository/RAD_Pages/Landing_Page/dd_TaxType' 

2024-11-07 20:01:03 - [TEST_STEP][PASSED] - delay(1): Delayed 1 second(s)

2024-11-07 20:01:04 - [MESSAGE][PASSED] - Delayed 1 second(s)

2024-11-07 20:01:04 - [TEST_STEP][PASSED] - selectOptionByLabel(findTestObject(orPath_TaxTypeFilingYear + "/select_TaxType_ExistingLiability"), TaxTypeEL, false): All options with label 'Alcohol Tax' are selected in object 'Object Repository/RAD_Pages/TaxTypeFilingYear_Page/select_TaxType_ExistingLiability' 

2024-11-07 20:01:05 - [MESSAGE][PASSED] - All options with label 'Alcohol Tax' are selected in object 'Object Repository/RAD_Pages/TaxTypeFilingYear_Page/select_TaxType_ExistingLiability' 

2024-11-07 20:01:05 - [TEST_STEP][PASSED] - setText(findTestObject(orPath_TaxInfo + "/input_NoticeInvoiceNumber"), notInvNumber): Text '0000000000' is set on object 'Object Repository/RAD_Pages/TaxInfo_Page/input_NoticeInvoiceNumber'

2024-11-07 20:01:05 - [MESSAGE][PASSED] - Text '0000000000' is set on object 'Object Repository/RAD_Pages/TaxInfo_Page/input_NoticeInvoiceNumber'

2024-11-07 20:01:05 - [TEST_STEP][PASSED] - setText(findTestObject(orPath_TaxInfo + "/input_reTypeNoticeInvoiceNumber"), notInvNumber): Text '0000000000' is set on object 'Object Repository/RAD_Pages/TaxInfo_Page/input_reTypeNoticeInvoiceNumber'

2024-11-07 20:01:06 - [MESSAGE][PASSED] - Text '0000000000' is set on object 'Object Repository/RAD_Pages/TaxInfo_Page/input_reTypeNoticeInvoiceNumber'

2024-11-07 20:01:06 - [TEST_STEP][PASSED] - println(notInvNumber): null

2024-11-07 20:01:06 - [TEST_STEP][PASSED] - if (verifyTextPresent(errorMsg, true)): null

2024-11-07 20:01:07 - [MESSAGE][PASSED] - Text 'Notice Number or Invoice Number must be 10, 11, or 13 digits in length, with a value greater than zero' is present on page  using regular expression

2024-11-07 20:01:07 - [TEST_STEP][PASSED] - println("Error Message is present on the page"): null

2024-11-07 20:01:07 - [TEST_STEP][PASSED] - out.println("Pass Record Number: " + row): null

2024-11-07 20:01:07 - [TEST_STEP][PASSED] - resText = "Pass": null

2024-11-07 20:01:07 - [TEST_STEP][PASSED] - pages.WriteExcel.demoKey(resText, datText, resColumn, datCloumn, fileLoc, nameSheet, row): pages.WriteExcel.demoKey is PASSED

2024-11-07 20:01:07 - [MESSAGE][PASSED] - pages.WriteExcel.demoKey is PASSED

2024-11-07 20:01:07 - [TEST_STEP][PASSED] - ExecuteTC = findTestData(dataFile).getValue("Execute", row): null

2024-11-07 20:01:07 - [TEST_STEP][PASSED] - Taxtype = findTestData(dataFile).getValue("TaxType", row): null

2024-11-07 20:01:07 - [TEST_STEP][PASSED] - TaxTypeEL = findTestData(dataFile).getValue("TaxTypeEL", row): null

2024-11-07 20:01:07 - [TEST_STEP][PASSED] - notInvNumber = findTestData(dataFile).getValue("NotiInvoNumber", row): null

2024-11-07 20:01:07 - [TEST_STEP][PASSED] - errorMsg = findTestData(dataFile).getValue("ErrorMessage", row): null

2024-11-07 20:01:07 - [TEST_STEP][PASSED] - out.println("Value of Execute is : " + ExecuteTC): null

2024-11-07 20:01:07 - [TEST_STEP][PASSED] - if (ExecuteTC.equalsIgnoreCase("Y")): null

2024-11-07 20:01:07 - [TEST_STEP][PASSED] - out.println("Begin Record Number: " + row): null

2024-11-07 20:01:07 - [TEST_STEP][PASSED] - today = new java.util.Date(): null

2024-11-07 20:01:07 - [TEST_STEP][PASSED] - println(today): null

2024-11-07 20:01:07 - [TEST_STEP][PASSED] - datText = today: null

2024-11-07 20:01:07 - [TEST_STEP][PASSED] - Taxtype = findTestData(dataFile).getValue("TaxType", row): null

2024-11-07 20:01:07 - [TEST_STEP][PASSED] - out.println("Taxtype value is : " + Taxtype): null

2024-11-07 20:01:07 - [TEST_STEP][PASSED] - openBrowser(""): Browser is opened with url: ''

2024-11-07 20:01:07 - [MESSAGE][WARNING] - A browser is already opened. Closing browser and opening a new one

2024-11-07 20:01:09 - [MESSAGE][INFO] - Starting 'Chrome' driver

2024-11-07 20:01:09 - [MESSAGE][INFO] - User set preference: ['acceptInsecureCerts', 'true']

2024-11-07 20:01:09 - [MESSAGE][INFO] - Action delay is set to 0 milliseconds

2024-11-07 20:01:11 - [MESSAGE][PASSED] - Browser is opened with url: ''

2024-11-07 20:01:11 - [TEST_STEP][PASSED] - maximizeWindow(): Current window maximized

2024-11-07 20:01:11 - [MESSAGE][PASSED] - Current window maximized

2024-11-07 20:01:11 - [TEST_STEP][PASSED] - navigateToUrl(RADurl): Navigate to 'https://www.velocitypayment.com/client/rad/index.html' successfully

2024-11-07 20:01:13 - [MESSAGE][PASSED] - Navigate to 'https://www.velocitypayment.com/client/rad/index.html' successfully

2024-11-07 20:01:13 - [TEST_STEP][PASSED] - orPath_Landing = "Object Repository/RAD_Pages/Landing_Page": null

2024-11-07 20:01:13 - [TEST_STEP][PASSED] - orPath_TaxTypeFilingYear = "Object Repository/RAD_Pages/TaxTypeFilingYear_Page": null

2024-11-07 20:01:13 - [TEST_STEP][PASSED] - orPath_TaxPayer = "Object Repository/RAD_Pages/Taxpayer_Page": null

2024-11-07 20:01:13 - [TEST_STEP][PASSED] - orPath_AddressContact = "Object Repository/RAD_Pages/AddressAndContactInfo_Page": null

2024-11-07 20:01:13 - [TEST_STEP][PASSED] - orPath_FilingStatus = "Object Repository/RAD_Pages/FilingStatus_Page": null

2024-11-07 20:01:13 - [TEST_STEP][PASSED] - orPath_Amount = "Object Repository/RAD_Pages/PaymentAmount_Page": null

2024-11-07 20:01:13 - [TEST_STEP][PASSED] - orPath_TaxInfo = "Object Repository/RAD_Pages/TaxInfo_Page": null

2024-11-07 20:01:13 - [TEST_STEP][PASSED] - orPath_Withholding = "Object Repository/RAD_Pages/Withholding_Page": null

2024-11-07 20:01:13 - [TEST_STEP][PASSED] - orPath_Summary = "Object Repository/RAD_Pages/Summary_Page": null

2024-11-07 20:01:13 - [TEST_STEP][PASSED] - orPath_PaymentReady = "Object Repository/RAD_Pages/PaymentReady_Page": null

2024-11-07 20:01:13 - [TEST_STEP][PASSED] - orPath_PaymentEntry = "Object Repository/RAD_Pages/PaymentEntry_Page": null

2024-11-07 20:01:13 - [TEST_STEP][PASSED] - orPath_PaymentConfirmation = "Object Repository/RAD_Pages/PaymentConfirmation_Page": null

2024-11-07 20:01:13 - [TEST_STEP][PASSED] - orPath_ServiceFeesAccept = "Object Repository/RAD_Pages/ServiceFeeAccept_Page": null

2024-11-07 20:01:13 - [TEST_STEP][PASSED] - selectOptionByLabel(findTestObject(orPath_Landing + "/dd_TaxType"), Taxtype, false): All options with label 'Existing Liability with Notice/Invoice Number' are selected in object 'Object Repository/RAD_Pages/Landing_Page/dd_TaxType' 

2024-11-07 20:01:14 - [MESSAGE][PASSED] - All options with label 'Existing Liability with Notice/Invoice Number' are selected in object 'Object Repository/RAD_Pages/Landing_Page/dd_TaxType' 

2024-11-07 20:01:14 - [TEST_STEP][PASSED] - delay(1): Delayed 1 second(s)

2024-11-07 20:01:15 - [MESSAGE][PASSED] - Delayed 1 second(s)

2024-11-07 20:01:15 - [TEST_STEP][PASSED] - selectOptionByLabel(findTestObject(orPath_TaxTypeFilingYear + "/select_TaxType_ExistingLiability"), TaxTypeEL, false): All options with label 'PTE Tax Electing Non-S Corp' are selected in object 'Object Repository/RAD_Pages/TaxTypeFilingYear_Page/select_TaxType_ExistingLiability' 

2024-11-07 20:01:15 - [MESSAGE][PASSED] - All options with label 'PTE Tax Electing Non-S Corp' are selected in object 'Object Repository/RAD_Pages/TaxTypeFilingYear_Page/select_TaxType_ExistingLiability' 

2024-11-07 20:01:15 - [TEST_STEP][PASSED] - setText(findTestObject(orPath_TaxInfo + "/input_NoticeInvoiceNumber"), notInvNumber): Text '123456789' is set on object 'Object Repository/RAD_Pages/TaxInfo_Page/input_NoticeInvoiceNumber'

2024-11-07 20:01:16 - [MESSAGE][PASSED] - Text '123456789' is set on object 'Object Repository/RAD_Pages/TaxInfo_Page/input_NoticeInvoiceNumber'

2024-11-07 20:01:16 - [TEST_STEP][PASSED] - setText(findTestObject(orPath_TaxInfo + "/input_reTypeNoticeInvoiceNumber"), notInvNumber): Text '123456789' is set on object 'Object Repository/RAD_Pages/TaxInfo_Page/input_reTypeNoticeInvoiceNumber'

2024-11-07 20:01:17 - [MESSAGE][PASSED] - Text '123456789' is set on object 'Object Repository/RAD_Pages/TaxInfo_Page/input_reTypeNoticeInvoiceNumber'

2024-11-07 20:01:17 - [TEST_STEP][PASSED] - println(notInvNumber): null

2024-11-07 20:01:17 - [TEST_STEP][PASSED] - if (verifyTextPresent(errorMsg, true)): null

2024-11-07 20:01:18 - [MESSAGE][PASSED] - Text 'Notice Number or Invoice Number must be 10, 11, or 13 digits in length, with a value greater than zero' is present on page  using regular expression

2024-11-07 20:01:18 - [TEST_STEP][PASSED] - println("Error Message is present on the page"): null

2024-11-07 20:01:18 - [TEST_STEP][PASSED] - out.println("Pass Record Number: " + row): null

2024-11-07 20:01:18 - [TEST_STEP][PASSED] - resText = "Pass": null

2024-11-07 20:01:18 - [TEST_STEP][PASSED] - pages.WriteExcel.demoKey(resText, datText, resColumn, datCloumn, fileLoc, nameSheet, row): pages.WriteExcel.demoKey is PASSED

2024-11-07 20:01:18 - [MESSAGE][PASSED] - pages.WriteExcel.demoKey is PASSED

2024-11-07 20:01:18 - [TEST_STEP][PASSED] - ExecuteTC = findTestData(dataFile).getValue("Execute", row): null

2024-11-07 20:01:18 - [TEST_STEP][PASSED] - Taxtype = findTestData(dataFile).getValue("TaxType", row): null

2024-11-07 20:01:18 - [TEST_STEP][PASSED] - TaxTypeEL = findTestData(dataFile).getValue("TaxTypeEL", row): null

2024-11-07 20:01:18 - [TEST_STEP][PASSED] - notInvNumber = findTestData(dataFile).getValue("NotiInvoNumber", row): null

2024-11-07 20:01:18 - [TEST_STEP][PASSED] - errorMsg = findTestData(dataFile).getValue("ErrorMessage", row): null

2024-11-07 20:01:18 - [TEST_STEP][PASSED] - out.println("Value of Execute is : " + ExecuteTC): null

2024-11-07 20:01:18 - [TEST_STEP][PASSED] - if (ExecuteTC.equalsIgnoreCase("Y")): null

2024-11-07 20:01:18 - [TEST_STEP][PASSED] - out.println("Begin Record Number: " + row): null

2024-11-07 20:01:18 - [TEST_STEP][PASSED] - today = new java.util.Date(): null

2024-11-07 20:01:18 - [TEST_STEP][PASSED] - println(today): null

2024-11-07 20:01:18 - [TEST_STEP][PASSED] - datText = today: null

2024-11-07 20:01:18 - [TEST_STEP][PASSED] - Taxtype = findTestData(dataFile).getValue("TaxType", row): null

2024-11-07 20:01:18 - [TEST_STEP][PASSED] - out.println("Taxtype value is : " + Taxtype): null

2024-11-07 20:01:18 - [TEST_STEP][PASSED] - openBrowser(""): Browser is opened with url: ''

2024-11-07 20:01:18 - [MESSAGE][WARNING] - A browser is already opened. Closing browser and opening a new one

2024-11-07 20:01:21 - [MESSAGE][INFO] - Starting 'Chrome' driver

2024-11-07 20:01:21 - [MESSAGE][INFO] - User set preference: ['acceptInsecureCerts', 'true']

2024-11-07 20:01:21 - [MESSAGE][INFO] - Action delay is set to 0 milliseconds

2024-11-07 20:01:23 - [MESSAGE][PASSED] - Browser is opened with url: ''

2024-11-07 20:01:23 - [TEST_STEP][PASSED] - maximizeWindow(): Current window maximized

2024-11-07 20:01:23 - [MESSAGE][PASSED] - Current window maximized

2024-11-07 20:01:23 - [TEST_STEP][PASSED] - navigateToUrl(RADurl): Navigate to 'https://www.velocitypayment.com/client/rad/index.html' successfully

2024-11-07 20:01:25 - [MESSAGE][PASSED] - Navigate to 'https://www.velocitypayment.com/client/rad/index.html' successfully

2024-11-07 20:01:25 - [TEST_STEP][PASSED] - orPath_Landing = "Object Repository/RAD_Pages/Landing_Page": null

2024-11-07 20:01:25 - [TEST_STEP][PASSED] - orPath_TaxTypeFilingYear = "Object Repository/RAD_Pages/TaxTypeFilingYear_Page": null

2024-11-07 20:01:25 - [TEST_STEP][PASSED] - orPath_TaxPayer = "Object Repository/RAD_Pages/Taxpayer_Page": null

2024-11-07 20:01:25 - [TEST_STEP][PASSED] - orPath_AddressContact = "Object Repository/RAD_Pages/AddressAndContactInfo_Page": null

2024-11-07 20:01:25 - [TEST_STEP][PASSED] - orPath_FilingStatus = "Object Repository/RAD_Pages/FilingStatus_Page": null

2024-11-07 20:01:25 - [TEST_STEP][PASSED] - orPath_Amount = "Object Repository/RAD_Pages/PaymentAmount_Page": null

2024-11-07 20:01:25 - [TEST_STEP][PASSED] - orPath_TaxInfo = "Object Repository/RAD_Pages/TaxInfo_Page": null

2024-11-07 20:01:25 - [TEST_STEP][PASSED] - orPath_Withholding = "Object Repository/RAD_Pages/Withholding_Page": null

2024-11-07 20:01:25 - [TEST_STEP][PASSED] - orPath_Summary = "Object Repository/RAD_Pages/Summary_Page": null

2024-11-07 20:01:25 - [TEST_STEP][PASSED] - orPath_PaymentReady = "Object Repository/RAD_Pages/PaymentReady_Page": null

2024-11-07 20:01:25 - [TEST_STEP][PASSED] - orPath_PaymentEntry = "Object Repository/RAD_Pages/PaymentEntry_Page": null

2024-11-07 20:01:25 - [TEST_STEP][PASSED] - orPath_PaymentConfirmation = "Object Repository/RAD_Pages/PaymentConfirmation_Page": null

2024-11-07 20:01:25 - [TEST_STEP][PASSED] - orPath_ServiceFeesAccept = "Object Repository/RAD_Pages/ServiceFeeAccept_Page": null

2024-11-07 20:01:25 - [TEST_STEP][PASSED] - selectOptionByLabel(findTestObject(orPath_Landing + "/dd_TaxType"), Taxtype, false): All options with label 'Existing Liability with Notice/Invoice Number' are selected in object 'Object Repository/RAD_Pages/Landing_Page/dd_TaxType' 

2024-11-07 20:01:25 - [MESSAGE][PASSED] - All options with label 'Existing Liability with Notice/Invoice Number' are selected in object 'Object Repository/RAD_Pages/Landing_Page/dd_TaxType' 

2024-11-07 20:01:25 - [TEST_STEP][PASSED] - delay(1): Delayed 1 second(s)

2024-11-07 20:01:26 - [MESSAGE][PASSED] - Delayed 1 second(s)

2024-11-07 20:01:26 - [TEST_STEP][PASSED] - selectOptionByLabel(findTestObject(orPath_TaxTypeFilingYear + "/select_TaxType_ExistingLiability"), TaxTypeEL, false): All options with label 'PTE Tax Electing Non-S Corp' are selected in object 'Object Repository/RAD_Pages/TaxTypeFilingYear_Page/select_TaxType_ExistingLiability' 

2024-11-07 20:01:27 - [MESSAGE][PASSED] - All options with label 'PTE Tax Electing Non-S Corp' are selected in object 'Object Repository/RAD_Pages/TaxTypeFilingYear_Page/select_TaxType_ExistingLiability' 

2024-11-07 20:01:27 - [TEST_STEP][PASSED] - setText(findTestObject(orPath_TaxInfo + "/input_NoticeInvoiceNumber"), notInvNumber): Text '123456789012' is set on object 'Object Repository/RAD_Pages/TaxInfo_Page/input_NoticeInvoiceNumber'

2024-11-07 20:01:28 - [MESSAGE][PASSED] - Text '123456789012' is set on object 'Object Repository/RAD_Pages/TaxInfo_Page/input_NoticeInvoiceNumber'

2024-11-07 20:01:28 - [TEST_STEP][PASSED] - setText(findTestObject(orPath_TaxInfo + "/input_reTypeNoticeInvoiceNumber"), notInvNumber): Text '123456789012' is set on object 'Object Repository/RAD_Pages/TaxInfo_Page/input_reTypeNoticeInvoiceNumber'

2024-11-07 20:01:29 - [MESSAGE][PASSED] - Text '123456789012' is set on object 'Object Repository/RAD_Pages/TaxInfo_Page/input_reTypeNoticeInvoiceNumber'

2024-11-07 20:01:29 - [TEST_STEP][PASSED] - println(notInvNumber): null

2024-11-07 20:01:29 - [TEST_STEP][PASSED] - if (verifyTextPresent(errorMsg, true)): null

2024-11-07 20:01:29 - [MESSAGE][PASSED] - Text 'Notice Number or Invoice Number must be 10, 11, or 13 digits in length, with a value greater than zero' is present on page  using regular expression

2024-11-07 20:01:29 - [TEST_STEP][PASSED] - println("Error Message is present on the page"): null

2024-11-07 20:01:29 - [TEST_STEP][PASSED] - out.println("Pass Record Number: " + row): null

2024-11-07 20:01:29 - [TEST_STEP][PASSED] - resText = "Pass": null

2024-11-07 20:01:29 - [TEST_STEP][PASSED] - pages.WriteExcel.demoKey(resText, datText, resColumn, datCloumn, fileLoc, nameSheet, row): pages.WriteExcel.demoKey is PASSED

2024-11-07 20:01:29 - [MESSAGE][PASSED] - pages.WriteExcel.demoKey is PASSED

2024-11-07 20:01:29 - [TEST_STEP][PASSED] - ExecuteTC = findTestData(dataFile).getValue("Execute", row): null

2024-11-07 20:01:30 - [TEST_STEP][PASSED] - Taxtype = findTestData(dataFile).getValue("TaxType", row): null

2024-11-07 20:01:30 - [TEST_STEP][PASSED] - TaxTypeEL = findTestData(dataFile).getValue("TaxTypeEL", row): null

2024-11-07 20:01:30 - [TEST_STEP][PASSED] - notInvNumber = findTestData(dataFile).getValue("NotiInvoNumber", row): null

2024-11-07 20:01:30 - [TEST_STEP][PASSED] - errorMsg = findTestData(dataFile).getValue("ErrorMessage", row): null

2024-11-07 20:01:30 - [TEST_STEP][PASSED] - out.println("Value of Execute is : " + ExecuteTC): null

2024-11-07 20:01:30 - [TEST_STEP][PASSED] - if (ExecuteTC.equalsIgnoreCase("Y")): null

2024-11-07 20:01:30 - [TEST_STEP][PASSED] - out.println("Begin Record Number: " + row): null

2024-11-07 20:01:30 - [TEST_STEP][PASSED] - today = new java.util.Date(): null

2024-11-07 20:01:30 - [TEST_STEP][PASSED] - println(today): null

2024-11-07 20:01:30 - [TEST_STEP][PASSED] - datText = today: null

2024-11-07 20:01:30 - [TEST_STEP][PASSED] - Taxtype = findTestData(dataFile).getValue("TaxType", row): null

2024-11-07 20:01:30 - [TEST_STEP][PASSED] - out.println("Taxtype value is : " + Taxtype): null

2024-11-07 20:01:30 - [TEST_STEP][PASSED] - openBrowser(""): Browser is opened with url: ''

2024-11-07 20:01:30 - [MESSAGE][WARNING] - A browser is already opened. Closing browser and opening a new one

2024-11-07 20:01:32 - [MESSAGE][INFO] - Starting 'Chrome' driver

2024-11-07 20:01:32 - [MESSAGE][INFO] - User set preference: ['acceptInsecureCerts', 'true']

2024-11-07 20:01:32 - [MESSAGE][INFO] - Action delay is set to 0 milliseconds

2024-11-07 20:01:34 - [MESSAGE][PASSED] - Browser is opened with url: ''

2024-11-07 20:01:34 - [TEST_STEP][PASSED] - maximizeWindow(): Current window maximized

2024-11-07 20:01:34 - [MESSAGE][PASSED] - Current window maximized

2024-11-07 20:01:34 - [TEST_STEP][PASSED] - navigateToUrl(RADurl): Navigate to 'https://www.velocitypayment.com/client/rad/index.html' successfully

2024-11-07 20:01:35 - [MESSAGE][PASSED] - Navigate to 'https://www.velocitypayment.com/client/rad/index.html' successfully

2024-11-07 20:01:35 - [TEST_STEP][PASSED] - orPath_Landing = "Object Repository/RAD_Pages/Landing_Page": null

2024-11-07 20:01:35 - [TEST_STEP][PASSED] - orPath_TaxTypeFilingYear = "Object Repository/RAD_Pages/TaxTypeFilingYear_Page": null

2024-11-07 20:01:35 - [TEST_STEP][PASSED] - orPath_TaxPayer = "Object Repository/RAD_Pages/Taxpayer_Page": null

2024-11-07 20:01:35 - [TEST_STEP][PASSED] - orPath_AddressContact = "Object Repository/RAD_Pages/AddressAndContactInfo_Page": null

2024-11-07 20:01:35 - [TEST_STEP][PASSED] - orPath_FilingStatus = "Object Repository/RAD_Pages/FilingStatus_Page": null

2024-11-07 20:01:35 - [TEST_STEP][PASSED] - orPath_Amount = "Object Repository/RAD_Pages/PaymentAmount_Page": null

2024-11-07 20:01:35 - [TEST_STEP][PASSED] - orPath_TaxInfo = "Object Repository/RAD_Pages/TaxInfo_Page": null

2024-11-07 20:01:35 - [TEST_STEP][PASSED] - orPath_Withholding = "Object Repository/RAD_Pages/Withholding_Page": null

2024-11-07 20:01:35 - [TEST_STEP][PASSED] - orPath_Summary = "Object Repository/RAD_Pages/Summary_Page": null

2024-11-07 20:01:35 - [TEST_STEP][PASSED] - orPath_PaymentReady = "Object Repository/RAD_Pages/PaymentReady_Page": null

2024-11-07 20:01:35 - [TEST_STEP][PASSED] - orPath_PaymentEntry = "Object Repository/RAD_Pages/PaymentEntry_Page": null

2024-11-07 20:01:35 - [TEST_STEP][PASSED] - orPath_PaymentConfirmation = "Object Repository/RAD_Pages/PaymentConfirmation_Page": null

2024-11-07 20:01:35 - [TEST_STEP][PASSED] - orPath_ServiceFeesAccept = "Object Repository/RAD_Pages/ServiceFeeAccept_Page": null

2024-11-07 20:01:35 - [TEST_STEP][PASSED] - selectOptionByLabel(findTestObject(orPath_Landing + "/dd_TaxType"), Taxtype, false): All options with label 'Existing Liability with Notice/Invoice Number' are selected in object 'Object Repository/RAD_Pages/Landing_Page/dd_TaxType' 

2024-11-07 20:01:37 - [MESSAGE][PASSED] - All options with label 'Existing Liability with Notice/Invoice Number' are selected in object 'Object Repository/RAD_Pages/Landing_Page/dd_TaxType' 

2024-11-07 20:01:37 - [TEST_STEP][PASSED] - delay(1): Delayed 1 second(s)

2024-11-07 20:01:38 - [MESSAGE][PASSED] - Delayed 1 second(s)

2024-11-07 20:01:38 - [TEST_STEP][PASSED] - selectOptionByLabel(findTestObject(orPath_TaxTypeFilingYear + "/select_TaxType_ExistingLiability"), TaxTypeEL, false): All options with label 'PTE Tax Electing Non-S Corp' are selected in object 'Object Repository/RAD_Pages/TaxTypeFilingYear_Page/select_TaxType_ExistingLiability' 

2024-11-07 20:01:39 - [MESSAGE][PASSED] - All options with label 'PTE Tax Electing Non-S Corp' are selected in object 'Object Repository/RAD_Pages/TaxTypeFilingYear_Page/select_TaxType_ExistingLiability' 

2024-11-07 20:01:39 - [TEST_STEP][PASSED] - setText(findTestObject(orPath_TaxInfo + "/input_NoticeInvoiceNumber"), notInvNumber): Text '0000000000' is set on object 'Object Repository/RAD_Pages/TaxInfo_Page/input_NoticeInvoiceNumber'

2024-11-07 20:01:40 - [MESSAGE][PASSED] - Text '0000000000' is set on object 'Object Repository/RAD_Pages/TaxInfo_Page/input_NoticeInvoiceNumber'

2024-11-07 20:01:40 - [TEST_STEP][PASSED] - setText(findTestObject(orPath_TaxInfo + "/input_reTypeNoticeInvoiceNumber"), notInvNumber): Text '0000000000' is set on object 'Object Repository/RAD_Pages/TaxInfo_Page/input_reTypeNoticeInvoiceNumber'

2024-11-07 20:01:41 - [MESSAGE][PASSED] - Text '0000000000' is set on object 'Object Repository/RAD_Pages/TaxInfo_Page/input_reTypeNoticeInvoiceNumber'

2024-11-07 20:01:41 - [TEST_STEP][PASSED] - println(notInvNumber): null

2024-11-07 20:01:41 - [TEST_STEP][PASSED] - if (verifyTextPresent(errorMsg, true)): null

2024-11-07 20:01:42 - [MESSAGE][PASSED] - Text 'Notice Number or Invoice Number must be 10, 11, or 13 digits in length, with a value greater than zero' is present on page  using regular expression

2024-11-07 20:01:42 - [TEST_STEP][PASSED] - println("Error Message is present on the page"): null

2024-11-07 20:01:42 - [TEST_STEP][PASSED] - out.println("Pass Record Number: " + row): null

2024-11-07 20:01:42 - [TEST_STEP][PASSED] - resText = "Pass": null

2024-11-07 20:01:42 - [TEST_STEP][PASSED] - pages.WriteExcel.demoKey(resText, datText, resColumn, datCloumn, fileLoc, nameSheet, row): pages.WriteExcel.demoKey is PASSED

2024-11-07 20:01:42 - [MESSAGE][PASSED] - pages.WriteExcel.demoKey is PASSED

2024-11-07 20:01:42 - [TEST_STEP][PASSED] - ExecuteTC = findTestData(dataFile).getValue("Execute", row): null

2024-11-07 20:01:42 - [TEST_STEP][PASSED] - Taxtype = findTestData(dataFile).getValue("TaxType", row): null

2024-11-07 20:01:42 - [TEST_STEP][PASSED] - TaxTypeEL = findTestData(dataFile).getValue("TaxTypeEL", row): null

2024-11-07 20:01:42 - [TEST_STEP][PASSED] - notInvNumber = findTestData(dataFile).getValue("NotiInvoNumber", row): null

2024-11-07 20:01:42 - [TEST_STEP][PASSED] - errorMsg = findTestData(dataFile).getValue("ErrorMessage", row): null

2024-11-07 20:01:42 - [TEST_STEP][PASSED] - out.println("Value of Execute is : " + ExecuteTC): null

2024-11-07 20:01:42 - [TEST_STEP][PASSED] - if (ExecuteTC.equalsIgnoreCase("Y")): null

2024-11-07 20:01:42 - [TEST_STEP][PASSED] - out.println("Begin Record Number: " + row): null

2024-11-07 20:01:42 - [TEST_STEP][PASSED] - today = new java.util.Date(): null

2024-11-07 20:01:42 - [TEST_STEP][PASSED] - println(today): null

2024-11-07 20:01:42 - [TEST_STEP][PASSED] - datText = today: null

2024-11-07 20:01:42 - [TEST_STEP][PASSED] - Taxtype = findTestData(dataFile).getValue("TaxType", row): null

2024-11-07 20:01:42 - [TEST_STEP][PASSED] - out.println("Taxtype value is : " + Taxtype): null

2024-11-07 20:01:42 - [TEST_STEP][PASSED] - openBrowser(""): Browser is opened with url: ''

2024-11-07 20:01:42 - [MESSAGE][WARNING] - A browser is already opened. Closing browser and opening a new one

2024-11-07 20:01:43 - [MESSAGE][INFO] - Starting 'Chrome' driver

2024-11-07 20:01:43 - [MESSAGE][INFO] - User set preference: ['acceptInsecureCerts', 'true']

2024-11-07 20:01:43 - [MESSAGE][INFO] - Action delay is set to 0 milliseconds

2024-11-07 20:01:45 - [MESSAGE][PASSED] - Browser is opened with url: ''

2024-11-07 20:01:45 - [TEST_STEP][PASSED] - maximizeWindow(): Current window maximized

2024-11-07 20:01:45 - [MESSAGE][PASSED] - Current window maximized

2024-11-07 20:01:45 - [TEST_STEP][PASSED] - navigateToUrl(RADurl): Navigate to 'https://www.velocitypayment.com/client/rad/index.html' successfully

2024-11-07 20:01:47 - [MESSAGE][PASSED] - Navigate to 'https://www.velocitypayment.com/client/rad/index.html' successfully

2024-11-07 20:01:47 - [TEST_STEP][PASSED] - orPath_Landing = "Object Repository/RAD_Pages/Landing_Page": null

2024-11-07 20:01:47 - [TEST_STEP][PASSED] - orPath_TaxTypeFilingYear = "Object Repository/RAD_Pages/TaxTypeFilingYear_Page": null

2024-11-07 20:01:47 - [TEST_STEP][PASSED] - orPath_TaxPayer = "Object Repository/RAD_Pages/Taxpayer_Page": null

2024-11-07 20:01:47 - [TEST_STEP][PASSED] - orPath_AddressContact = "Object Repository/RAD_Pages/AddressAndContactInfo_Page": null

2024-11-07 20:01:47 - [TEST_STEP][PASSED] - orPath_FilingStatus = "Object Repository/RAD_Pages/FilingStatus_Page": null

2024-11-07 20:01:47 - [TEST_STEP][PASSED] - orPath_Amount = "Object Repository/RAD_Pages/PaymentAmount_Page": null

2024-11-07 20:01:47 - [TEST_STEP][PASSED] - orPath_TaxInfo = "Object Repository/RAD_Pages/TaxInfo_Page": null

2024-11-07 20:01:47 - [TEST_STEP][PASSED] - orPath_Withholding = "Object Repository/RAD_Pages/Withholding_Page": null

2024-11-07 20:01:47 - [TEST_STEP][PASSED] - orPath_Summary = "Object Repository/RAD_Pages/Summary_Page": null

2024-11-07 20:01:47 - [TEST_STEP][PASSED] - orPath_PaymentReady = "Object Repository/RAD_Pages/PaymentReady_Page": null

2024-11-07 20:01:47 - [TEST_STEP][PASSED] - orPath_PaymentEntry = "Object Repository/RAD_Pages/PaymentEntry_Page": null

2024-11-07 20:01:47 - [TEST_STEP][PASSED] - orPath_PaymentConfirmation = "Object Repository/RAD_Pages/PaymentConfirmation_Page": null

2024-11-07 20:01:47 - [TEST_STEP][PASSED] - orPath_ServiceFeesAccept = "Object Repository/RAD_Pages/ServiceFeeAccept_Page": null

2024-11-07 20:01:47 - [TEST_STEP][PASSED] - selectOptionByLabel(findTestObject(orPath_Landing + "/dd_TaxType"), Taxtype, false): All options with label 'Existing Liability with Notice/Invoice Number' are selected in object 'Object Repository/RAD_Pages/Landing_Page/dd_TaxType' 

2024-11-07 20:01:48 - [MESSAGE][PASSED] - All options with label 'Existing Liability with Notice/Invoice Number' are selected in object 'Object Repository/RAD_Pages/Landing_Page/dd_TaxType' 

2024-11-07 20:01:48 - [TEST_STEP][PASSED] - delay(1): Delayed 1 second(s)

2024-11-07 20:01:49 - [MESSAGE][PASSED] - Delayed 1 second(s)

2024-11-07 20:01:49 - [TEST_STEP][PASSED] - selectOptionByLabel(findTestObject(orPath_TaxTypeFilingYear + "/select_TaxType_ExistingLiability"), TaxTypeEL, false): All options with label 'PTE Tax Electing S Corp' are selected in object 'Object Repository/RAD_Pages/TaxTypeFilingYear_Page/select_TaxType_ExistingLiability' 

2024-11-07 20:01:50 - [MESSAGE][PASSED] - All options with label 'PTE Tax Electing S Corp' are selected in object 'Object Repository/RAD_Pages/TaxTypeFilingYear_Page/select_TaxType_ExistingLiability' 

2024-11-07 20:01:50 - [TEST_STEP][PASSED] - setText(findTestObject(orPath_TaxInfo + "/input_NoticeInvoiceNumber"), notInvNumber): Text '123456789' is set on object 'Object Repository/RAD_Pages/TaxInfo_Page/input_NoticeInvoiceNumber'

2024-11-07 20:01:51 - [MESSAGE][PASSED] - Text '123456789' is set on object 'Object Repository/RAD_Pages/TaxInfo_Page/input_NoticeInvoiceNumber'

2024-11-07 20:01:51 - [TEST_STEP][PASSED] - setText(findTestObject(orPath_TaxInfo + "/input_reTypeNoticeInvoiceNumber"), notInvNumber): Text '123456789' is set on object 'Object Repository/RAD_Pages/TaxInfo_Page/input_reTypeNoticeInvoiceNumber'

2024-11-07 20:01:52 - [MESSAGE][PASSED] - Text '123456789' is set on object 'Object Repository/RAD_Pages/TaxInfo_Page/input_reTypeNoticeInvoiceNumber'

2024-11-07 20:01:52 - [TEST_STEP][PASSED] - println(notInvNumber): null

2024-11-07 20:01:52 - [TEST_STEP][PASSED] - if (verifyTextPresent(errorMsg, true)): null

2024-11-07 20:01:52 - [MESSAGE][PASSED] - Text 'Notice Number or Invoice Number must be 10, 11, or 13 digits in length, with a value greater than zero' is present on page  using regular expression

2024-11-07 20:01:52 - [TEST_STEP][PASSED] - println("Error Message is present on the page"): null

2024-11-07 20:01:52 - [TEST_STEP][PASSED] - out.println("Pass Record Number: " + row): null

2024-11-07 20:01:52 - [TEST_STEP][PASSED] - resText = "Pass": null

2024-11-07 20:01:52 - [TEST_STEP][PASSED] - pages.WriteExcel.demoKey(resText, datText, resColumn, datCloumn, fileLoc, nameSheet, row): pages.WriteExcel.demoKey is PASSED

2024-11-07 20:01:52 - [MESSAGE][PASSED] - pages.WriteExcel.demoKey is PASSED

2024-11-07 20:01:52 - [TEST_STEP][PASSED] - ExecuteTC = findTestData(dataFile).getValue("Execute", row): null

2024-11-07 20:01:52 - [TEST_STEP][PASSED] - Taxtype = findTestData(dataFile).getValue("TaxType", row): null

2024-11-07 20:01:52 - [TEST_STEP][PASSED] - TaxTypeEL = findTestData(dataFile).getValue("TaxTypeEL", row): null

2024-11-07 20:01:52 - [TEST_STEP][PASSED] - notInvNumber = findTestData(dataFile).getValue("NotiInvoNumber", row): null

2024-11-07 20:01:52 - [TEST_STEP][PASSED] - errorMsg = findTestData(dataFile).getValue("ErrorMessage", row): null

2024-11-07 20:01:52 - [TEST_STEP][PASSED] - out.println("Value of Execute is : " + ExecuteTC): null

2024-11-07 20:01:52 - [TEST_STEP][PASSED] - if (ExecuteTC.equalsIgnoreCase("Y")): null

2024-11-07 20:01:52 - [TEST_STEP][PASSED] - out.println("Begin Record Number: " + row): null

2024-11-07 20:01:52 - [TEST_STEP][PASSED] - today = new java.util.Date(): null

2024-11-07 20:01:52 - [TEST_STEP][PASSED] - println(today): null

2024-11-07 20:01:52 - [TEST_STEP][PASSED] - datText = today: null

2024-11-07 20:01:52 - [TEST_STEP][PASSED] - Taxtype = findTestData(dataFile).getValue("TaxType", row): null

2024-11-07 20:01:52 - [TEST_STEP][PASSED] - out.println("Taxtype value is : " + Taxtype): null

2024-11-07 20:01:52 - [TEST_STEP][PASSED] - openBrowser(""): Browser is opened with url: ''

2024-11-07 20:01:52 - [MESSAGE][WARNING] - A browser is already opened. Closing browser and opening a new one

2024-11-07 20:01:54 - [MESSAGE][INFO] - Starting 'Chrome' driver

2024-11-07 20:01:54 - [MESSAGE][INFO] - User set preference: ['acceptInsecureCerts', 'true']

2024-11-07 20:01:54 - [MESSAGE][INFO] - Action delay is set to 0 milliseconds

2024-11-07 20:01:56 - [MESSAGE][PASSED] - Browser is opened with url: ''

2024-11-07 20:01:56 - [TEST_STEP][PASSED] - maximizeWindow(): Current window maximized

2024-11-07 20:01:56 - [MESSAGE][PASSED] - Current window maximized

2024-11-07 20:01:56 - [TEST_STEP][PASSED] - navigateToUrl(RADurl): Navigate to 'https://www.velocitypayment.com/client/rad/index.html' successfully

2024-11-07 20:01:58 - [MESSAGE][PASSED] - Navigate to 'https://www.velocitypayment.com/client/rad/index.html' successfully

2024-11-07 20:01:58 - [TEST_STEP][PASSED] - orPath_Landing = "Object Repository/RAD_Pages/Landing_Page": null

2024-11-07 20:01:58 - [TEST_STEP][PASSED] - orPath_TaxTypeFilingYear = "Object Repository/RAD_Pages/TaxTypeFilingYear_Page": null

2024-11-07 20:01:58 - [TEST_STEP][PASSED] - orPath_TaxPayer = "Object Repository/RAD_Pages/Taxpayer_Page": null

2024-11-07 20:01:58 - [TEST_STEP][PASSED] - orPath_AddressContact = "Object Repository/RAD_Pages/AddressAndContactInfo_Page": null

2024-11-07 20:01:58 - [TEST_STEP][PASSED] - orPath_FilingStatus = "Object Repository/RAD_Pages/FilingStatus_Page": null

2024-11-07 20:01:58 - [TEST_STEP][PASSED] - orPath_Amount = "Object Repository/RAD_Pages/PaymentAmount_Page": null

2024-11-07 20:01:58 - [TEST_STEP][PASSED] - orPath_TaxInfo = "Object Repository/RAD_Pages/TaxInfo_Page": null

2024-11-07 20:01:58 - [TEST_STEP][PASSED] - orPath_Withholding = "Object Repository/RAD_Pages/Withholding_Page": null

2024-11-07 20:01:58 - [TEST_STEP][PASSED] - orPath_Summary = "Object Repository/RAD_Pages/Summary_Page": null

2024-11-07 20:01:58 - [TEST_STEP][PASSED] - orPath_PaymentReady = "Object Repository/RAD_Pages/PaymentReady_Page": null

2024-11-07 20:01:58 - [TEST_STEP][PASSED] - orPath_PaymentEntry = "Object Repository/RAD_Pages/PaymentEntry_Page": null

2024-11-07 20:01:58 - [TEST_STEP][PASSED] - orPath_PaymentConfirmation = "Object Repository/RAD_Pages/PaymentConfirmation_Page": null

2024-11-07 20:01:58 - [TEST_STEP][PASSED] - orPath_ServiceFeesAccept = "Object Repository/RAD_Pages/ServiceFeeAccept_Page": null

2024-11-07 20:01:58 - [TEST_STEP][PASSED] - selectOptionByLabel(findTestObject(orPath_Landing + "/dd_TaxType"), Taxtype, false): All options with label 'Existing Liability with Notice/Invoice Number' are selected in object 'Object Repository/RAD_Pages/Landing_Page/dd_TaxType' 

2024-11-07 20:01:59 - [MESSAGE][PASSED] - All options with label 'Existing Liability with Notice/Invoice Number' are selected in object 'Object Repository/RAD_Pages/Landing_Page/dd_TaxType' 

2024-11-07 20:01:59 - [TEST_STEP][PASSED] - delay(1): Delayed 1 second(s)

2024-11-07 20:02:00 - [MESSAGE][PASSED] - Delayed 1 second(s)

2024-11-07 20:02:00 - [TEST_STEP][PASSED] - selectOptionByLabel(findTestObject(orPath_TaxTypeFilingYear + "/select_TaxType_ExistingLiability"), TaxTypeEL, false): All options with label 'PTE Tax Electing S Corp' are selected in object 'Object Repository/RAD_Pages/TaxTypeFilingYear_Page/select_TaxType_ExistingLiability' 

2024-11-07 20:02:01 - [MESSAGE][PASSED] - All options with label 'PTE Tax Electing S Corp' are selected in object 'Object Repository/RAD_Pages/TaxTypeFilingYear_Page/select_TaxType_ExistingLiability' 

2024-11-07 20:02:01 - [TEST_STEP][PASSED] - setText(findTestObject(orPath_TaxInfo + "/input_NoticeInvoiceNumber"), notInvNumber): Text '123456789012' is set on object 'Object Repository/RAD_Pages/TaxInfo_Page/input_NoticeInvoiceNumber'

2024-11-07 20:02:02 - [MESSAGE][PASSED] - Text '123456789012' is set on object 'Object Repository/RAD_Pages/TaxInfo_Page/input_NoticeInvoiceNumber'

2024-11-07 20:02:02 - [TEST_STEP][PASSED] - setText(findTestObject(orPath_TaxInfo + "/input_reTypeNoticeInvoiceNumber"), notInvNumber): Text '123456789012' is set on object 'Object Repository/RAD_Pages/TaxInfo_Page/input_reTypeNoticeInvoiceNumber'

2024-11-07 20:02:03 - [MESSAGE][PASSED] - Text '123456789012' is set on object 'Object Repository/RAD_Pages/TaxInfo_Page/input_reTypeNoticeInvoiceNumber'

2024-11-07 20:02:03 - [TEST_STEP][PASSED] - println(notInvNumber): null

2024-11-07 20:02:03 - [TEST_STEP][PASSED] - if (verifyTextPresent(errorMsg, true)): null

2024-11-07 20:02:03 - [MESSAGE][PASSED] - Text 'Notice Number or Invoice Number must be 10, 11, or 13 digits in length, with a value greater than zero' is present on page  using regular expression

2024-11-07 20:02:03 - [TEST_STEP][PASSED] - println("Error Message is present on the page"): null

2024-11-07 20:02:03 - [TEST_STEP][PASSED] - out.println("Pass Record Number: " + row): null

2024-11-07 20:02:03 - [TEST_STEP][PASSED] - resText = "Pass": null

2024-11-07 20:02:03 - [TEST_STEP][PASSED] - pages.WriteExcel.demoKey(resText, datText, resColumn, datCloumn, fileLoc, nameSheet, row): pages.WriteExcel.demoKey is PASSED

2024-11-07 20:02:03 - [MESSAGE][PASSED] - pages.WriteExcel.demoKey is PASSED

2024-11-07 20:02:03 - [TEST_STEP][PASSED] - ExecuteTC = findTestData(dataFile).getValue("Execute", row): null

2024-11-07 20:02:03 - [TEST_STEP][PASSED] - Taxtype = findTestData(dataFile).getValue("TaxType", row): null

2024-11-07 20:02:03 - [TEST_STEP][PASSED] - TaxTypeEL = findTestData(dataFile).getValue("TaxTypeEL", row): null

2024-11-07 20:02:03 - [TEST_STEP][PASSED] - notInvNumber = findTestData(dataFile).getValue("NotiInvoNumber", row): null

2024-11-07 20:02:03 - [TEST_STEP][PASSED] - errorMsg = findTestData(dataFile).getValue("ErrorMessage", row): null

2024-11-07 20:02:04 - [TEST_STEP][PASSED] - out.println("Value of Execute is : " + ExecuteTC): null

2024-11-07 20:02:04 - [TEST_STEP][PASSED] - if (ExecuteTC.equalsIgnoreCase("Y")): null

2024-11-07 20:02:04 - [TEST_STEP][PASSED] - out.println("Begin Record Number: " + row): null

2024-11-07 20:02:04 - [TEST_STEP][PASSED] - today = new java.util.Date(): null

2024-11-07 20:02:04 - [TEST_STEP][PASSED] - println(today): null

2024-11-07 20:02:04 - [TEST_STEP][PASSED] - datText = today: null

2024-11-07 20:02:04 - [TEST_STEP][PASSED] - Taxtype = findTestData(dataFile).getValue("TaxType", row): null

2024-11-07 20:02:04 - [TEST_STEP][PASSED] - out.println("Taxtype value is : " + Taxtype): null

2024-11-07 20:02:04 - [TEST_STEP][PASSED] - openBrowser(""): Browser is opened with url: ''

2024-11-07 20:02:04 - [MESSAGE][WARNING] - A browser is already opened. Closing browser and opening a new one

2024-11-07 20:02:06 - [MESSAGE][INFO] - Starting 'Chrome' driver

2024-11-07 20:02:06 - [MESSAGE][INFO] - User set preference: ['acceptInsecureCerts', 'true']

2024-11-07 20:02:06 - [MESSAGE][INFO] - Action delay is set to 0 milliseconds

2024-11-07 20:02:08 - [MESSAGE][PASSED] - Browser is opened with url: ''

2024-11-07 20:02:08 - [TEST_STEP][PASSED] - maximizeWindow(): Current window maximized

2024-11-07 20:02:08 - [MESSAGE][PASSED] - Current window maximized

2024-11-07 20:02:08 - [TEST_STEP][PASSED] - navigateToUrl(RADurl): Navigate to 'https://www.velocitypayment.com/client/rad/index.html' successfully

2024-11-07 20:02:10 - [MESSAGE][PASSED] - Navigate to 'https://www.velocitypayment.com/client/rad/index.html' successfully

2024-11-07 20:02:10 - [TEST_STEP][PASSED] - orPath_Landing = "Object Repository/RAD_Pages/Landing_Page": null

2024-11-07 20:02:10 - [TEST_STEP][PASSED] - orPath_TaxTypeFilingYear = "Object Repository/RAD_Pages/TaxTypeFilingYear_Page": null

2024-11-07 20:02:10 - [TEST_STEP][PASSED] - orPath_TaxPayer = "Object Repository/RAD_Pages/Taxpayer_Page": null

2024-11-07 20:02:10 - [TEST_STEP][PASSED] - orPath_AddressContact = "Object Repository/RAD_Pages/AddressAndContactInfo_Page": null

2024-11-07 20:02:10 - [TEST_STEP][PASSED] - orPath_FilingStatus = "Object Repository/RAD_Pages/FilingStatus_Page": null

2024-11-07 20:02:10 - [TEST_STEP][PASSED] - orPath_Amount = "Object Repository/RAD_Pages/PaymentAmount_Page": null

2024-11-07 20:02:10 - [TEST_STEP][PASSED] - orPath_TaxInfo = "Object Repository/RAD_Pages/TaxInfo_Page": null

2024-11-07 20:02:10 - [TEST_STEP][PASSED] - orPath_Withholding = "Object Repository/RAD_Pages/Withholding_Page": null

2024-11-07 20:02:10 - [TEST_STEP][PASSED] - orPath_Summary = "Object Repository/RAD_Pages/Summary_Page": null

2024-11-07 20:02:10 - [TEST_STEP][PASSED] - orPath_PaymentReady = "Object Repository/RAD_Pages/PaymentReady_Page": null

2024-11-07 20:02:10 - [TEST_STEP][PASSED] - orPath_PaymentEntry = "Object Repository/RAD_Pages/PaymentEntry_Page": null

2024-11-07 20:02:10 - [TEST_STEP][PASSED] - orPath_PaymentConfirmation = "Object Repository/RAD_Pages/PaymentConfirmation_Page": null

2024-11-07 20:02:10 - [TEST_STEP][PASSED] - orPath_ServiceFeesAccept = "Object Repository/RAD_Pages/ServiceFeeAccept_Page": null

2024-11-07 20:02:10 - [TEST_STEP][PASSED] - selectOptionByLabel(findTestObject(orPath_Landing + "/dd_TaxType"), Taxtype, false): All options with label 'Existing Liability with Notice/Invoice Number' are selected in object 'Object Repository/RAD_Pages/Landing_Page/dd_TaxType' 

2024-11-07 20:02:11 - [MESSAGE][PASSED] - All options with label 'Existing Liability with Notice/Invoice Number' are selected in object 'Object Repository/RAD_Pages/Landing_Page/dd_TaxType' 

2024-11-07 20:02:11 - [TEST_STEP][PASSED] - delay(1): Delayed 1 second(s)

2024-11-07 20:02:12 - [MESSAGE][PASSED] - Delayed 1 second(s)

2024-11-07 20:02:12 - [TEST_STEP][PASSED] - selectOptionByLabel(findTestObject(orPath_TaxTypeFilingYear + "/select_TaxType_ExistingLiability"), TaxTypeEL, false): All options with label 'PTE Tax Electing S Corp' are selected in object 'Object Repository/RAD_Pages/TaxTypeFilingYear_Page/select_TaxType_ExistingLiability' 

2024-11-07 20:02:13 - [MESSAGE][PASSED] - All options with label 'PTE Tax Electing S Corp' are selected in object 'Object Repository/RAD_Pages/TaxTypeFilingYear_Page/select_TaxType_ExistingLiability' 

2024-11-07 20:02:13 - [TEST_STEP][PASSED] - setText(findTestObject(orPath_TaxInfo + "/input_NoticeInvoiceNumber"), notInvNumber): Text '0000000000' is set on object 'Object Repository/RAD_Pages/TaxInfo_Page/input_NoticeInvoiceNumber'

2024-11-07 20:02:14 - [MESSAGE][PASSED] - Text '0000000000' is set on object 'Object Repository/RAD_Pages/TaxInfo_Page/input_NoticeInvoiceNumber'

2024-11-07 20:02:14 - [TEST_STEP][PASSED] - setText(findTestObject(orPath_TaxInfo + "/input_reTypeNoticeInvoiceNumber"), notInvNumber): Text '0000000000' is set on object 'Object Repository/RAD_Pages/TaxInfo_Page/input_reTypeNoticeInvoiceNumber'

2024-11-07 20:02:15 - [MESSAGE][PASSED] - Text '0000000000' is set on object 'Object Repository/RAD_Pages/TaxInfo_Page/input_reTypeNoticeInvoiceNumber'

2024-11-07 20:02:15 - [TEST_STEP][PASSED] - println(notInvNumber): null

2024-11-07 20:02:15 - [TEST_STEP][PASSED] - if (verifyTextPresent(errorMsg, true)): null

2024-11-07 20:02:15 - [MESSAGE][PASSED] - Text 'Notice Number or Invoice Number must be 10, 11, or 13 digits in length, with a value greater than zero' is present on page  using regular expression

2024-11-07 20:02:15 - [TEST_STEP][PASSED] - println("Error Message is present on the page"): null

2024-11-07 20:02:15 - [TEST_STEP][PASSED] - out.println("Pass Record Number: " + row): null

2024-11-07 20:02:15 - [TEST_STEP][PASSED] - resText = "Pass": null

2024-11-07 20:02:15 - [TEST_STEP][PASSED] - pages.WriteExcel.demoKey(resText, datText, resColumn, datCloumn, fileLoc, nameSheet, row): pages.WriteExcel.demoKey is PASSED

2024-11-07 20:02:15 - [MESSAGE][PASSED] - pages.WriteExcel.demoKey is PASSED

2024-11-07 20:02:15 - [TEST_STEP][PASSED] - ExecuteTC = findTestData(dataFile).getValue("Execute", row): null

2024-11-07 20:02:15 - [TEST_STEP][PASSED] - Taxtype = findTestData(dataFile).getValue("TaxType", row): null

2024-11-07 20:02:15 - [TEST_STEP][PASSED] - TaxTypeEL = findTestData(dataFile).getValue("TaxTypeEL", row): null

2024-11-07 20:02:15 - [TEST_STEP][PASSED] - notInvNumber = findTestData(dataFile).getValue("NotiInvoNumber", row): null

2024-11-07 20:02:15 - [TEST_STEP][PASSED] - errorMsg = findTestData(dataFile).getValue("ErrorMessage", row): null

2024-11-07 20:02:15 - [TEST_STEP][PASSED] - out.println("Value of Execute is : " + ExecuteTC): null

2024-11-07 20:02:15 - [TEST_STEP][PASSED] - if (ExecuteTC.equalsIgnoreCase("Y")): null

2024-11-07 20:02:15 - [TEST_STEP][PASSED] - out.println("Begin Record Number: " + row): null

2024-11-07 20:02:15 - [TEST_STEP][PASSED] - today = new java.util.Date(): null

2024-11-07 20:02:15 - [TEST_STEP][PASSED] - println(today): null

2024-11-07 20:02:15 - [TEST_STEP][PASSED] - datText = today: null

2024-11-07 20:02:15 - [TEST_STEP][PASSED] - Taxtype = findTestData(dataFile).getValue("TaxType", row): null

2024-11-07 20:02:16 - [TEST_STEP][PASSED] - out.println("Taxtype value is : " + Taxtype): null

2024-11-07 20:02:16 - [TEST_STEP][PASSED] - openBrowser(""): Browser is opened with url: ''

2024-11-07 20:02:16 - [MESSAGE][WARNING] - A browser is already opened. Closing browser and opening a new one

2024-11-07 20:02:17 - [MESSAGE][INFO] - Starting 'Chrome' driver

2024-11-07 20:02:17 - [MESSAGE][INFO] - User set preference: ['acceptInsecureCerts', 'true']

2024-11-07 20:02:17 - [MESSAGE][INFO] - Action delay is set to 0 milliseconds

2024-11-07 20:02:19 - [MESSAGE][PASSED] - Browser is opened with url: ''

2024-11-07 20:02:19 - [TEST_STEP][PASSED] - maximizeWindow(): Current window maximized

2024-11-07 20:02:19 - [MESSAGE][PASSED] - Current window maximized

2024-11-07 20:02:19 - [TEST_STEP][PASSED] - navigateToUrl(RADurl): Navigate to 'https://www.velocitypayment.com/client/rad/index.html' successfully

2024-11-07 20:02:22 - [MESSAGE][PASSED] - Navigate to 'https://www.velocitypayment.com/client/rad/index.html' successfully

2024-11-07 20:02:22 - [TEST_STEP][PASSED] - orPath_Landing = "Object Repository/RAD_Pages/Landing_Page": null

2024-11-07 20:02:22 - [TEST_STEP][PASSED] - orPath_TaxTypeFilingYear = "Object Repository/RAD_Pages/TaxTypeFilingYear_Page": null

2024-11-07 20:02:22 - [TEST_STEP][PASSED] - orPath_TaxPayer = "Object Repository/RAD_Pages/Taxpayer_Page": null

2024-11-07 20:02:22 - [TEST_STEP][PASSED] - orPath_AddressContact = "Object Repository/RAD_Pages/AddressAndContactInfo_Page": null

2024-11-07 20:02:22 - [TEST_STEP][PASSED] - orPath_FilingStatus = "Object Repository/RAD_Pages/FilingStatus_Page": null

2024-11-07 20:02:22 - [TEST_STEP][PASSED] - orPath_Amount = "Object Repository/RAD_Pages/PaymentAmount_Page": null

2024-11-07 20:02:22 - [TEST_STEP][PASSED] - orPath_TaxInfo = "Object Repository/RAD_Pages/TaxInfo_Page": null

2024-11-07 20:02:22 - [TEST_STEP][PASSED] - orPath_Withholding = "Object Repository/RAD_Pages/Withholding_Page": null

2024-11-07 20:02:22 - [TEST_STEP][PASSED] - orPath_Summary = "Object Repository/RAD_Pages/Summary_Page": null

2024-11-07 20:02:22 - [TEST_STEP][PASSED] - orPath_PaymentReady = "Object Repository/RAD_Pages/PaymentReady_Page": null

2024-11-07 20:02:22 - [TEST_STEP][PASSED] - orPath_PaymentEntry = "Object Repository/RAD_Pages/PaymentEntry_Page": null

2024-11-07 20:02:22 - [TEST_STEP][PASSED] - orPath_PaymentConfirmation = "Object Repository/RAD_Pages/PaymentConfirmation_Page": null

2024-11-07 20:02:22 - [TEST_STEP][PASSED] - orPath_ServiceFeesAccept = "Object Repository/RAD_Pages/ServiceFeeAccept_Page": null

2024-11-07 20:02:22 - [TEST_STEP][PASSED] - selectOptionByLabel(findTestObject(orPath_Landing + "/dd_TaxType"), Taxtype, false): All options with label 'Existing Liability with Notice/Invoice Number' are selected in object 'Object Repository/RAD_Pages/Landing_Page/dd_TaxType' 

2024-11-07 20:02:22 - [MESSAGE][PASSED] - All options with label 'Existing Liability with Notice/Invoice Number' are selected in object 'Object Repository/RAD_Pages/Landing_Page/dd_TaxType' 

2024-11-07 20:02:22 - [TEST_STEP][PASSED] - delay(1): Delayed 1 second(s)

2024-11-07 20:02:23 - [MESSAGE][PASSED] - Delayed 1 second(s)

2024-11-07 20:02:23 - [TEST_STEP][PASSED] - selectOptionByLabel(findTestObject(orPath_TaxTypeFilingYear + "/select_TaxType_ExistingLiability"), TaxTypeEL, false): All options with label 'Admissions and Amusement Tax' are selected in object 'Object Repository/RAD_Pages/TaxTypeFilingYear_Page/select_TaxType_ExistingLiability' 

2024-11-07 20:02:24 - [MESSAGE][PASSED] - All options with label 'Admissions and Amusement Tax' are selected in object 'Object Repository/RAD_Pages/TaxTypeFilingYear_Page/select_TaxType_ExistingLiability' 

2024-11-07 20:02:24 - [TEST_STEP][PASSED] - setText(findTestObject(orPath_TaxInfo + "/input_NoticeInvoiceNumber"), notInvNumber): Text '123456789' is set on object 'Object Repository/RAD_Pages/TaxInfo_Page/input_NoticeInvoiceNumber'

2024-11-07 20:02:25 - [MESSAGE][PASSED] - Text '123456789' is set on object 'Object Repository/RAD_Pages/TaxInfo_Page/input_NoticeInvoiceNumber'

2024-11-07 20:02:25 - [TEST_STEP][PASSED] - setText(findTestObject(orPath_TaxInfo + "/input_reTypeNoticeInvoiceNumber"), notInvNumber): Text '123456789' is set on object 'Object Repository/RAD_Pages/TaxInfo_Page/input_reTypeNoticeInvoiceNumber'

2024-11-07 20:02:26 - [MESSAGE][PASSED] - Text '123456789' is set on object 'Object Repository/RAD_Pages/TaxInfo_Page/input_reTypeNoticeInvoiceNumber'

2024-11-07 20:02:26 - [TEST_STEP][PASSED] - println(notInvNumber): null

2024-11-07 20:02:26 - [TEST_STEP][PASSED] - if (verifyTextPresent(errorMsg, true)): null

2024-11-07 20:02:26 - [MESSAGE][PASSED] - Text 'Notice Number or Invoice Number must be 10, 11, or 13 digits in length, with a value greater than zero' is present on page  using regular expression

2024-11-07 20:02:26 - [TEST_STEP][PASSED] - println("Error Message is present on the page"): null

2024-11-07 20:02:26 - [TEST_STEP][PASSED] - out.println("Pass Record Number: " + row): null

2024-11-07 20:02:26 - [TEST_STEP][PASSED] - resText = "Pass": null

2024-11-07 20:02:26 - [TEST_STEP][PASSED] - pages.WriteExcel.demoKey(resText, datText, resColumn, datCloumn, fileLoc, nameSheet, row): pages.WriteExcel.demoKey is PASSED

2024-11-07 20:02:27 - [MESSAGE][PASSED] - pages.WriteExcel.demoKey is PASSED

2024-11-07 20:02:27 - [TEST_STEP][PASSED] - ExecuteTC = findTestData(dataFile).getValue("Execute", row): null

2024-11-07 20:02:27 - [TEST_STEP][PASSED] - Taxtype = findTestData(dataFile).getValue("TaxType", row): null

2024-11-07 20:02:27 - [TEST_STEP][PASSED] - TaxTypeEL = findTestData(dataFile).getValue("TaxTypeEL", row): null

2024-11-07 20:02:27 - [TEST_STEP][PASSED] - notInvNumber = findTestData(dataFile).getValue("NotiInvoNumber", row): null

2024-11-07 20:02:27 - [TEST_STEP][PASSED] - errorMsg = findTestData(dataFile).getValue("ErrorMessage", row): null

2024-11-07 20:02:27 - [TEST_STEP][PASSED] - out.println("Value of Execute is : " + ExecuteTC): null

2024-11-07 20:02:27 - [TEST_STEP][PASSED] - if (ExecuteTC.equalsIgnoreCase("Y")): null

2024-11-07 20:02:27 - [TEST_STEP][PASSED] - out.println("Begin Record Number: " + row): null

2024-11-07 20:02:27 - [TEST_STEP][PASSED] - today = new java.util.Date(): null

2024-11-07 20:02:27 - [TEST_STEP][PASSED] - println(today): null

2024-11-07 20:02:27 - [TEST_STEP][PASSED] - datText = today: null

2024-11-07 20:02:27 - [TEST_STEP][PASSED] - Taxtype = findTestData(dataFile).getValue("TaxType", row): null

2024-11-07 20:02:27 - [TEST_STEP][PASSED] - out.println("Taxtype value is : " + Taxtype): null

2024-11-07 20:02:27 - [TEST_STEP][PASSED] - openBrowser(""): Browser is opened with url: ''

2024-11-07 20:02:27 - [MESSAGE][WARNING] - A browser is already opened. Closing browser and opening a new one

2024-11-07 20:02:29 - [MESSAGE][INFO] - Starting 'Chrome' driver

2024-11-07 20:02:29 - [MESSAGE][INFO] - User set preference: ['acceptInsecureCerts', 'true']

2024-11-07 20:02:29 - [MESSAGE][INFO] - Action delay is set to 0 milliseconds

2024-11-07 20:02:31 - [MESSAGE][PASSED] - Browser is opened with url: ''

2024-11-07 20:02:31 - [TEST_STEP][PASSED] - maximizeWindow(): Current window maximized

2024-11-07 20:02:31 - [MESSAGE][PASSED] - Current window maximized

2024-11-07 20:02:31 - [TEST_STEP][PASSED] - navigateToUrl(RADurl): Navigate to 'https://www.velocitypayment.com/client/rad/index.html' successfully

2024-11-07 20:02:33 - [MESSAGE][PASSED] - Navigate to 'https://www.velocitypayment.com/client/rad/index.html' successfully

2024-11-07 20:02:33 - [TEST_STEP][PASSED] - orPath_Landing = "Object Repository/RAD_Pages/Landing_Page": null

2024-11-07 20:02:33 - [TEST_STEP][PASSED] - orPath_TaxTypeFilingYear = "Object Repository/RAD_Pages/TaxTypeFilingYear_Page": null

2024-11-07 20:02:33 - [TEST_STEP][PASSED] - orPath_TaxPayer = "Object Repository/RAD_Pages/Taxpayer_Page": null

2024-11-07 20:02:33 - [TEST_STEP][PASSED] - orPath_AddressContact = "Object Repository/RAD_Pages/AddressAndContactInfo_Page": null

2024-11-07 20:02:33 - [TEST_STEP][PASSED] - orPath_FilingStatus = "Object Repository/RAD_Pages/FilingStatus_Page": null

2024-11-07 20:02:33 - [TEST_STEP][PASSED] - orPath_Amount = "Object Repository/RAD_Pages/PaymentAmount_Page": null

2024-11-07 20:02:33 - [TEST_STEP][PASSED] - orPath_TaxInfo = "Object Repository/RAD_Pages/TaxInfo_Page": null

2024-11-07 20:02:33 - [TEST_STEP][PASSED] - orPath_Withholding = "Object Repository/RAD_Pages/Withholding_Page": null

2024-11-07 20:02:33 - [TEST_STEP][PASSED] - orPath_Summary = "Object Repository/RAD_Pages/Summary_Page": null

2024-11-07 20:02:33 - [TEST_STEP][PASSED] - orPath_PaymentReady = "Object Repository/RAD_Pages/PaymentReady_Page": null

2024-11-07 20:02:33 - [TEST_STEP][PASSED] - orPath_PaymentEntry = "Object Repository/RAD_Pages/PaymentEntry_Page": null

2024-11-07 20:02:33 - [TEST_STEP][PASSED] - orPath_PaymentConfirmation = "Object Repository/RAD_Pages/PaymentConfirmation_Page": null

2024-11-07 20:02:33 - [TEST_STEP][PASSED] - orPath_ServiceFeesAccept = "Object Repository/RAD_Pages/ServiceFeeAccept_Page": null

2024-11-07 20:02:33 - [TEST_STEP][PASSED] - selectOptionByLabel(findTestObject(orPath_Landing + "/dd_TaxType"), Taxtype, false): All options with label 'Existing Liability with Notice/Invoice Number' are selected in object 'Object Repository/RAD_Pages/Landing_Page/dd_TaxType' 

2024-11-07 20:02:33 - [MESSAGE][PASSED] - All options with label 'Existing Liability with Notice/Invoice Number' are selected in object 'Object Repository/RAD_Pages/Landing_Page/dd_TaxType' 

2024-11-07 20:02:33 - [TEST_STEP][PASSED] - delay(1): Delayed 1 second(s)

2024-11-07 20:02:34 - [MESSAGE][PASSED] - Delayed 1 second(s)

2024-11-07 20:02:34 - [TEST_STEP][PASSED] - selectOptionByLabel(findTestObject(orPath_TaxTypeFilingYear + "/select_TaxType_ExistingLiability"), TaxTypeEL, false): All options with label 'Admissions and Amusement Tax' are selected in object 'Object Repository/RAD_Pages/TaxTypeFilingYear_Page/select_TaxType_ExistingLiability' 

2024-11-07 20:02:35 - [MESSAGE][PASSED] - All options with label 'Admissions and Amusement Tax' are selected in object 'Object Repository/RAD_Pages/TaxTypeFilingYear_Page/select_TaxType_ExistingLiability' 

2024-11-07 20:02:35 - [TEST_STEP][PASSED] - setText(findTestObject(orPath_TaxInfo + "/input_NoticeInvoiceNumber"), notInvNumber): Text '123456789012' is set on object 'Object Repository/RAD_Pages/TaxInfo_Page/input_NoticeInvoiceNumber'

2024-11-07 20:02:36 - [MESSAGE][PASSED] - Text '123456789012' is set on object 'Object Repository/RAD_Pages/TaxInfo_Page/input_NoticeInvoiceNumber'

2024-11-07 20:02:36 - [TEST_STEP][PASSED] - setText(findTestObject(orPath_TaxInfo + "/input_reTypeNoticeInvoiceNumber"), notInvNumber): Text '123456789012' is set on object 'Object Repository/RAD_Pages/TaxInfo_Page/input_reTypeNoticeInvoiceNumber'

2024-11-07 20:02:37 - [MESSAGE][PASSED] - Text '123456789012' is set on object 'Object Repository/RAD_Pages/TaxInfo_Page/input_reTypeNoticeInvoiceNumber'

2024-11-07 20:02:37 - [TEST_STEP][PASSED] - println(notInvNumber): null

2024-11-07 20:02:37 - [TEST_STEP][PASSED] - if (verifyTextPresent(errorMsg, true)): null

2024-11-07 20:02:37 - [MESSAGE][PASSED] - Text 'Notice Number or Invoice Number must be 10, 11, or 13 digits in length, with a value greater than zero' is present on page  using regular expression

2024-11-07 20:02:37 - [TEST_STEP][PASSED] - println("Error Message is present on the page"): null

2024-11-07 20:02:37 - [TEST_STEP][PASSED] - out.println("Pass Record Number: " + row): null

2024-11-07 20:02:37 - [TEST_STEP][PASSED] - resText = "Pass": null

2024-11-07 20:02:37 - [TEST_STEP][PASSED] - pages.WriteExcel.demoKey(resText, datText, resColumn, datCloumn, fileLoc, nameSheet, row): pages.WriteExcel.demoKey is PASSED

2024-11-07 20:02:37 - [MESSAGE][PASSED] - pages.WriteExcel.demoKey is PASSED

2024-11-07 20:02:37 - [TEST_STEP][PASSED] - ExecuteTC = findTestData(dataFile).getValue("Execute", row): null

2024-11-07 20:02:37 - [TEST_STEP][PASSED] - Taxtype = findTestData(dataFile).getValue("TaxType", row): null

2024-11-07 20:02:37 - [TEST_STEP][PASSED] - TaxTypeEL = findTestData(dataFile).getValue("TaxTypeEL", row): null

2024-11-07 20:02:37 - [TEST_STEP][PASSED] - notInvNumber = findTestData(dataFile).getValue("NotiInvoNumber", row): null

2024-11-07 20:02:37 - [TEST_STEP][PASSED] - errorMsg = findTestData(dataFile).getValue("ErrorMessage", row): null

2024-11-07 20:02:38 - [TEST_STEP][PASSED] - out.println("Value of Execute is : " + ExecuteTC): null

2024-11-07 20:02:38 - [TEST_STEP][PASSED] - if (ExecuteTC.equalsIgnoreCase("Y")): null

2024-11-07 20:02:38 - [TEST_STEP][PASSED] - out.println("Begin Record Number: " + row): null

2024-11-07 20:02:38 - [TEST_STEP][PASSED] - today = new java.util.Date(): null

2024-11-07 20:02:38 - [TEST_STEP][PASSED] - println(today): null

2024-11-07 20:02:38 - [TEST_STEP][PASSED] - datText = today: null

2024-11-07 20:02:38 - [TEST_STEP][PASSED] - Taxtype = findTestData(dataFile).getValue("TaxType", row): null

2024-11-07 20:02:38 - [TEST_STEP][PASSED] - out.println("Taxtype value is : " + Taxtype): null

2024-11-07 20:02:38 - [TEST_STEP][PASSED] - openBrowser(""): Browser is opened with url: ''

2024-11-07 20:02:38 - [MESSAGE][WARNING] - A browser is already opened. Closing browser and opening a new one

2024-11-07 20:02:40 - [MESSAGE][INFO] - Starting 'Chrome' driver

2024-11-07 20:02:40 - [MESSAGE][INFO] - User set preference: ['acceptInsecureCerts', 'true']

2024-11-07 20:02:40 - [MESSAGE][INFO] - Action delay is set to 0 milliseconds

2024-11-07 20:02:42 - [MESSAGE][PASSED] - Browser is opened with url: ''

2024-11-07 20:02:42 - [TEST_STEP][PASSED] - maximizeWindow(): Current window maximized

2024-11-07 20:02:42 - [MESSAGE][PASSED] - Current window maximized

2024-11-07 20:02:42 - [TEST_STEP][PASSED] - navigateToUrl(RADurl): Navigate to 'https://www.velocitypayment.com/client/rad/index.html' successfully

2024-11-07 20:02:44 - [MESSAGE][PASSED] - Navigate to 'https://www.velocitypayment.com/client/rad/index.html' successfully

2024-11-07 20:02:44 - [TEST_STEP][PASSED] - orPath_Landing = "Object Repository/RAD_Pages/Landing_Page": null

2024-11-07 20:02:44 - [TEST_STEP][PASSED] - orPath_TaxTypeFilingYear = "Object Repository/RAD_Pages/TaxTypeFilingYear_Page": null

2024-11-07 20:02:44 - [TEST_STEP][PASSED] - orPath_TaxPayer = "Object Repository/RAD_Pages/Taxpayer_Page": null

2024-11-07 20:02:44 - [TEST_STEP][PASSED] - orPath_AddressContact = "Object Repository/RAD_Pages/AddressAndContactInfo_Page": null

2024-11-07 20:02:44 - [TEST_STEP][PASSED] - orPath_FilingStatus = "Object Repository/RAD_Pages/FilingStatus_Page": null

2024-11-07 20:02:44 - [TEST_STEP][PASSED] - orPath_Amount = "Object Repository/RAD_Pages/PaymentAmount_Page": null

2024-11-07 20:02:44 - [TEST_STEP][PASSED] - orPath_TaxInfo = "Object Repository/RAD_Pages/TaxInfo_Page": null

2024-11-07 20:02:44 - [TEST_STEP][PASSED] - orPath_Withholding = "Object Repository/RAD_Pages/Withholding_Page": null

2024-11-07 20:02:44 - [TEST_STEP][PASSED] - orPath_Summary = "Object Repository/RAD_Pages/Summary_Page": null

2024-11-07 20:02:44 - [TEST_STEP][PASSED] - orPath_PaymentReady = "Object Repository/RAD_Pages/PaymentReady_Page": null

2024-11-07 20:02:44 - [TEST_STEP][PASSED] - orPath_PaymentEntry = "Object Repository/RAD_Pages/PaymentEntry_Page": null

2024-11-07 20:02:44 - [TEST_STEP][PASSED] - orPath_PaymentConfirmation = "Object Repository/RAD_Pages/PaymentConfirmation_Page": null

2024-11-07 20:02:44 - [TEST_STEP][PASSED] - orPath_ServiceFeesAccept = "Object Repository/RAD_Pages/ServiceFeeAccept_Page": null

2024-11-07 20:02:44 - [TEST_STEP][PASSED] - selectOptionByLabel(findTestObject(orPath_Landing + "/dd_TaxType"), Taxtype, false): All options with label 'Existing Liability with Notice/Invoice Number' are selected in object 'Object Repository/RAD_Pages/Landing_Page/dd_TaxType' 

2024-11-07 20:02:45 - [MESSAGE][PASSED] - All options with label 'Existing Liability with Notice/Invoice Number' are selected in object 'Object Repository/RAD_Pages/Landing_Page/dd_TaxType' 

2024-11-07 20:02:45 - [TEST_STEP][PASSED] - delay(1): Delayed 1 second(s)

2024-11-07 20:02:46 - [MESSAGE][PASSED] - Delayed 1 second(s)

2024-11-07 20:02:46 - [TEST_STEP][PASSED] - selectOptionByLabel(findTestObject(orPath_TaxTypeFilingYear + "/select_TaxType_ExistingLiability"), TaxTypeEL, false): All options with label 'Admissions and Amusement Tax' are selected in object 'Object Repository/RAD_Pages/TaxTypeFilingYear_Page/select_TaxType_ExistingLiability' 

2024-11-07 20:02:47 - [MESSAGE][PASSED] - All options with label 'Admissions and Amusement Tax' are selected in object 'Object Repository/RAD_Pages/TaxTypeFilingYear_Page/select_TaxType_ExistingLiability' 

2024-11-07 20:02:47 - [TEST_STEP][PASSED] - setText(findTestObject(orPath_TaxInfo + "/input_NoticeInvoiceNumber"), notInvNumber): Text '0000000000' is set on object 'Object Repository/RAD_Pages/TaxInfo_Page/input_NoticeInvoiceNumber'

2024-11-07 20:02:48 - [MESSAGE][PASSED] - Text '0000000000' is set on object 'Object Repository/RAD_Pages/TaxInfo_Page/input_NoticeInvoiceNumber'

2024-11-07 20:02:48 - [TEST_STEP][PASSED] - setText(findTestObject(orPath_TaxInfo + "/input_reTypeNoticeInvoiceNumber"), notInvNumber): Text '0000000000' is set on object 'Object Repository/RAD_Pages/TaxInfo_Page/input_reTypeNoticeInvoiceNumber'

2024-11-07 20:02:49 - [MESSAGE][PASSED] - Text '0000000000' is set on object 'Object Repository/RAD_Pages/TaxInfo_Page/input_reTypeNoticeInvoiceNumber'

2024-11-07 20:02:49 - [TEST_STEP][PASSED] - println(notInvNumber): null

2024-11-07 20:02:49 - [TEST_STEP][PASSED] - if (verifyTextPresent(errorMsg, true)): null

2024-11-07 20:02:49 - [MESSAGE][PASSED] - Text 'Notice Number or Invoice Number must be 10, 11, or 13 digits in length, with a value greater than zero' is present on page  using regular expression

2024-11-07 20:02:49 - [TEST_STEP][PASSED] - println("Error Message is present on the page"): null

2024-11-07 20:02:49 - [TEST_STEP][PASSED] - out.println("Pass Record Number: " + row): null

2024-11-07 20:02:49 - [TEST_STEP][PASSED] - resText = "Pass": null

2024-11-07 20:02:49 - [TEST_STEP][PASSED] - pages.WriteExcel.demoKey(resText, datText, resColumn, datCloumn, fileLoc, nameSheet, row): pages.WriteExcel.demoKey is PASSED

2024-11-07 20:02:49 - [MESSAGE][PASSED] - pages.WriteExcel.demoKey is PASSED

2024-11-07 20:02:49 - [TEST_STEP][PASSED] - ExecuteTC = findTestData(dataFile).getValue("Execute", row): null

2024-11-07 20:02:49 - [TEST_STEP][PASSED] - Taxtype = findTestData(dataFile).getValue("TaxType", row): null

2024-11-07 20:02:49 - [TEST_STEP][PASSED] - TaxTypeEL = findTestData(dataFile).getValue("TaxTypeEL", row): null

2024-11-07 20:02:49 - [TEST_STEP][PASSED] - notInvNumber = findTestData(dataFile).getValue("NotiInvoNumber", row): null

2024-11-07 20:02:50 - [TEST_STEP][PASSED] - errorMsg = findTestData(dataFile).getValue("ErrorMessage", row): null

2024-11-07 20:02:50 - [TEST_STEP][PASSED] - out.println("Value of Execute is : " + ExecuteTC): null

2024-11-07 20:02:50 - [TEST_STEP][PASSED] - if (ExecuteTC.equalsIgnoreCase("Y")): null

2024-11-07 20:02:50 - [TEST_STEP][PASSED] - ExecuteTC = findTestData(dataFile).getValue("Execute", row): null

2024-11-07 20:02:50 - [TEST_STEP][PASSED] - Taxtype = findTestData(dataFile).getValue("TaxType", row): null

2024-11-07 20:02:50 - [TEST_STEP][PASSED] - TaxTypeEL = findTestData(dataFile).getValue("TaxTypeEL", row): null

2024-11-07 20:02:50 - [TEST_STEP][PASSED] - notInvNumber = findTestData(dataFile).getValue("NotiInvoNumber", row): null

2024-11-07 20:02:50 - [TEST_STEP][PASSED] - errorMsg = findTestData(dataFile).getValue("ErrorMessage", row): null

2024-11-07 20:02:50 - [TEST_STEP][PASSED] - out.println("Value of Execute is : " + ExecuteTC): null

2024-11-07 20:02:50 - [TEST_STEP][PASSED] - if (ExecuteTC.equalsIgnoreCase("Y")): null

2024-11-07 20:02:50 - [TEST_STEP][PASSED] - ExecuteTC = findTestData(dataFile).getValue("Execute", row): null

2024-11-07 20:02:50 - [TEST_STEP][PASSED] - Taxtype = findTestData(dataFile).getValue("TaxType", row): null

2024-11-07 20:02:50 - [TEST_STEP][PASSED] - TaxTypeEL = findTestData(dataFile).getValue("TaxTypeEL", row): null

2024-11-07 20:02:50 - [TEST_STEP][PASSED] - notInvNumber = findTestData(dataFile).getValue("NotiInvoNumber", row): null

2024-11-07 20:02:50 - [TEST_STEP][PASSED] - errorMsg = findTestData(dataFile).getValue("ErrorMessage", row): null

2024-11-07 20:02:50 - [TEST_STEP][PASSED] - out.println("Value of Execute is : " + ExecuteTC): null

2024-11-07 20:02:50 - [TEST_STEP][PASSED] - if (ExecuteTC.equalsIgnoreCase("Y")): null

2024-11-07 20:02:50 - [TEST_STEP][PASSED] - ExecuteTC = findTestData(dataFile).getValue("Execute", row): null

2024-11-07 20:02:50 - [TEST_STEP][PASSED] - Taxtype = findTestData(dataFile).getValue("TaxType", row): null

2024-11-07 20:02:50 - [TEST_STEP][PASSED] - TaxTypeEL = findTestData(dataFile).getValue("TaxTypeEL", row): null

2024-11-07 20:02:50 - [TEST_STEP][PASSED] - notInvNumber = findTestData(dataFile).getValue("NotiInvoNumber", row): null

2024-11-07 20:02:50 - [TEST_STEP][PASSED] - errorMsg = findTestData(dataFile).getValue("ErrorMessage", row): null

2024-11-07 20:02:51 - [TEST_STEP][PASSED] - out.println("Value of Execute is : " + ExecuteTC): null

2024-11-07 20:02:51 - [TEST_STEP][PASSED] - if (ExecuteTC.equalsIgnoreCase("Y")): null

2024-11-07 20:02:51 - [TEST_STEP][PASSED] - out.println("Begin Record Number: " + row): null

2024-11-07 20:02:51 - [TEST_STEP][PASSED] - today = new java.util.Date(): null

2024-11-07 20:02:51 - [TEST_STEP][PASSED] - println(today): null

2024-11-07 20:02:51 - [TEST_STEP][PASSED] - datText = today: null

2024-11-07 20:02:51 - [TEST_STEP][PASSED] - Taxtype = findTestData(dataFile).getValue("TaxType", row): null

2024-11-07 20:02:51 - [TEST_STEP][PASSED] - out.println("Taxtype value is : " + Taxtype): null

2024-11-07 20:02:51 - [TEST_STEP][PASSED] - openBrowser(""): Browser is opened with url: ''

2024-11-07 20:02:51 - [MESSAGE][WARNING] - A browser is already opened. Closing browser and opening a new one

2024-11-07 20:02:52 - [MESSAGE][INFO] - Starting 'Chrome' driver

2024-11-07 20:02:52 - [MESSAGE][INFO] - User set preference: ['acceptInsecureCerts', 'true']

2024-11-07 20:02:52 - [MESSAGE][INFO] - Action delay is set to 0 milliseconds

2024-11-07 20:02:54 - [MESSAGE][PASSED] - Browser is opened with url: ''

2024-11-07 20:02:54 - [TEST_STEP][PASSED] - maximizeWindow(): Current window maximized

2024-11-07 20:02:54 - [MESSAGE][PASSED] - Current window maximized

2024-11-07 20:02:54 - [TEST_STEP][PASSED] - navigateToUrl(RADurl): Navigate to 'https://www.velocitypayment.com/client/rad/index.html' successfully

2024-11-07 20:02:56 - [MESSAGE][PASSED] - Navigate to 'https://www.velocitypayment.com/client/rad/index.html' successfully

2024-11-07 20:02:56 - [TEST_STEP][PASSED] - orPath_Landing = "Object Repository/RAD_Pages/Landing_Page": null

2024-11-07 20:02:56 - [TEST_STEP][PASSED] - orPath_TaxTypeFilingYear = "Object Repository/RAD_Pages/TaxTypeFilingYear_Page": null

2024-11-07 20:02:56 - [TEST_STEP][PASSED] - orPath_TaxPayer = "Object Repository/RAD_Pages/Taxpayer_Page": null

2024-11-07 20:02:56 - [TEST_STEP][PASSED] - orPath_AddressContact = "Object Repository/RAD_Pages/AddressAndContactInfo_Page": null

2024-11-07 20:02:56 - [TEST_STEP][PASSED] - orPath_FilingStatus = "Object Repository/RAD_Pages/FilingStatus_Page": null

2024-11-07 20:02:56 - [TEST_STEP][PASSED] - orPath_Amount = "Object Repository/RAD_Pages/PaymentAmount_Page": null

2024-11-07 20:02:56 - [TEST_STEP][PASSED] - orPath_TaxInfo = "Object Repository/RAD_Pages/TaxInfo_Page": null

2024-11-07 20:02:56 - [TEST_STEP][PASSED] - orPath_Withholding = "Object Repository/RAD_Pages/Withholding_Page": null

2024-11-07 20:02:56 - [TEST_STEP][PASSED] - orPath_Summary = "Object Repository/RAD_Pages/Summary_Page": null

2024-11-07 20:02:56 - [TEST_STEP][PASSED] - orPath_PaymentReady = "Object Repository/RAD_Pages/PaymentReady_Page": null

2024-11-07 20:02:56 - [TEST_STEP][PASSED] - orPath_PaymentEntry = "Object Repository/RAD_Pages/PaymentEntry_Page": null

2024-11-07 20:02:56 - [TEST_STEP][PASSED] - orPath_PaymentConfirmation = "Object Repository/RAD_Pages/PaymentConfirmation_Page": null

2024-11-07 20:02:56 - [TEST_STEP][PASSED] - orPath_ServiceFeesAccept = "Object Repository/RAD_Pages/ServiceFeeAccept_Page": null

2024-11-07 20:02:56 - [TEST_STEP][PASSED] - selectOptionByLabel(findTestObject(orPath_Landing + "/dd_TaxType"), Taxtype, false): All options with label 'Existing Liability with Notice/Invoice Number' are selected in object 'Object Repository/RAD_Pages/Landing_Page/dd_TaxType' 

2024-11-07 20:02:57 - [MESSAGE][PASSED] - All options with label 'Existing Liability with Notice/Invoice Number' are selected in object 'Object Repository/RAD_Pages/Landing_Page/dd_TaxType' 

2024-11-07 20:02:57 - [TEST_STEP][PASSED] - delay(1): Delayed 1 second(s)

2024-11-07 20:02:58 - [MESSAGE][PASSED] - Delayed 1 second(s)

2024-11-07 20:02:58 - [TEST_STEP][PASSED] - selectOptionByLabel(findTestObject(orPath_TaxTypeFilingYear + "/select_TaxType_ExistingLiability"), TaxTypeEL, false): All options with label 'Motor Fuel Tax' are selected in object 'Object Repository/RAD_Pages/TaxTypeFilingYear_Page/select_TaxType_ExistingLiability' 

2024-11-07 20:02:58 - [MESSAGE][PASSED] - All options with label 'Motor Fuel Tax' are selected in object 'Object Repository/RAD_Pages/TaxTypeFilingYear_Page/select_TaxType_ExistingLiability' 

2024-11-07 20:02:58 - [TEST_STEP][PASSED] - setText(findTestObject(orPath_TaxInfo + "/input_NoticeInvoiceNumber"), notInvNumber): Text '123456789' is set on object 'Object Repository/RAD_Pages/TaxInfo_Page/input_NoticeInvoiceNumber'

2024-11-07 20:02:59 - [MESSAGE][PASSED] - Text '123456789' is set on object 'Object Repository/RAD_Pages/TaxInfo_Page/input_NoticeInvoiceNumber'

2024-11-07 20:02:59 - [TEST_STEP][PASSED] - setText(findTestObject(orPath_TaxInfo + "/input_reTypeNoticeInvoiceNumber"), notInvNumber): Text '123456789' is set on object 'Object Repository/RAD_Pages/TaxInfo_Page/input_reTypeNoticeInvoiceNumber'

2024-11-07 20:03:00 - [MESSAGE][PASSED] - Text '123456789' is set on object 'Object Repository/RAD_Pages/TaxInfo_Page/input_reTypeNoticeInvoiceNumber'

2024-11-07 20:03:00 - [TEST_STEP][PASSED] - println(notInvNumber): null

2024-11-07 20:03:00 - [TEST_STEP][PASSED] - if (verifyTextPresent(errorMsg, true)): null

2024-11-07 20:03:01 - [MESSAGE][PASSED] - Text 'Notice Number or Invoice Number must be 10, 11, or 13 digits in length, with a value greater than zero' is present on page  using regular expression

2024-11-07 20:03:01 - [TEST_STEP][PASSED] - println("Error Message is present on the page"): null

2024-11-07 20:03:01 - [TEST_STEP][PASSED] - out.println("Pass Record Number: " + row): null

2024-11-07 20:03:01 - [TEST_STEP][PASSED] - resText = "Pass": null

2024-11-07 20:03:01 - [TEST_STEP][PASSED] - pages.WriteExcel.demoKey(resText, datText, resColumn, datCloumn, fileLoc, nameSheet, row): pages.WriteExcel.demoKey is PASSED

2024-11-07 20:03:01 - [MESSAGE][PASSED] - pages.WriteExcel.demoKey is PASSED

2024-11-07 20:03:01 - [TEST_STEP][PASSED] - ExecuteTC = findTestData(dataFile).getValue("Execute", row): null

2024-11-07 20:03:01 - [TEST_STEP][PASSED] - Taxtype = findTestData(dataFile).getValue("TaxType", row): null

2024-11-07 20:03:01 - [TEST_STEP][PASSED] - TaxTypeEL = findTestData(dataFile).getValue("TaxTypeEL", row): null

2024-11-07 20:03:01 - [TEST_STEP][PASSED] - notInvNumber = findTestData(dataFile).getValue("NotiInvoNumber", row): null

2024-11-07 20:03:01 - [TEST_STEP][PASSED] - errorMsg = findTestData(dataFile).getValue("ErrorMessage", row): null

2024-11-07 20:03:01 - [TEST_STEP][PASSED] - out.println("Value of Execute is : " + ExecuteTC): null

2024-11-07 20:03:01 - [TEST_STEP][PASSED] - if (ExecuteTC.equalsIgnoreCase("Y")): null

2024-11-07 20:03:01 - [TEST_STEP][PASSED] - out.println("Begin Record Number: " + row): null

2024-11-07 20:03:01 - [TEST_STEP][PASSED] - today = new java.util.Date(): null

2024-11-07 20:03:01 - [TEST_STEP][PASSED] - println(today): null

2024-11-07 20:03:01 - [TEST_STEP][PASSED] - datText = today: null

2024-11-07 20:03:01 - [TEST_STEP][PASSED] - Taxtype = findTestData(dataFile).getValue("TaxType", row): null

2024-11-07 20:03:01 - [TEST_STEP][PASSED] - out.println("Taxtype value is : " + Taxtype): null

2024-11-07 20:03:01 - [TEST_STEP][PASSED] - openBrowser(""): Browser is opened with url: ''

2024-11-07 20:03:01 - [MESSAGE][WARNING] - A browser is already opened. Closing browser and opening a new one

2024-11-07 20:03:03 - [MESSAGE][INFO] - Starting 'Chrome' driver

2024-11-07 20:03:03 - [MESSAGE][INFO] - User set preference: ['acceptInsecureCerts', 'true']

2024-11-07 20:03:03 - [MESSAGE][INFO] - Action delay is set to 0 milliseconds

2024-11-07 20:03:04 - [MESSAGE][PASSED] - Browser is opened with url: ''

2024-11-07 20:03:04 - [TEST_STEP][PASSED] - maximizeWindow(): Current window maximized

2024-11-07 20:03:05 - [MESSAGE][PASSED] - Current window maximized

2024-11-07 20:03:05 - [TEST_STEP][PASSED] - navigateToUrl(RADurl): Navigate to 'https://www.velocitypayment.com/client/rad/index.html' successfully

2024-11-07 20:03:07 - [MESSAGE][PASSED] - Navigate to 'https://www.velocitypayment.com/client/rad/index.html' successfully

2024-11-07 20:03:07 - [TEST_STEP][PASSED] - orPath_Landing = "Object Repository/RAD_Pages/Landing_Page": null

2024-11-07 20:03:07 - [TEST_STEP][PASSED] - orPath_TaxTypeFilingYear = "Object Repository/RAD_Pages/TaxTypeFilingYear_Page": null

2024-11-07 20:03:07 - [TEST_STEP][PASSED] - orPath_TaxPayer = "Object Repository/RAD_Pages/Taxpayer_Page": null

2024-11-07 20:03:07 - [TEST_STEP][PASSED] - orPath_AddressContact = "Object Repository/RAD_Pages/AddressAndContactInfo_Page": null

2024-11-07 20:03:07 - [TEST_STEP][PASSED] - orPath_FilingStatus = "Object Repository/RAD_Pages/FilingStatus_Page": null

2024-11-07 20:03:07 - [TEST_STEP][PASSED] - orPath_Amount = "Object Repository/RAD_Pages/PaymentAmount_Page": null

2024-11-07 20:03:07 - [TEST_STEP][PASSED] - orPath_TaxInfo = "Object Repository/RAD_Pages/TaxInfo_Page": null

2024-11-07 20:03:07 - [TEST_STEP][PASSED] - orPath_Withholding = "Object Repository/RAD_Pages/Withholding_Page": null

2024-11-07 20:03:07 - [TEST_STEP][PASSED] - orPath_Summary = "Object Repository/RAD_Pages/Summary_Page": null

2024-11-07 20:03:07 - [TEST_STEP][PASSED] - orPath_PaymentReady = "Object Repository/RAD_Pages/PaymentReady_Page": null

2024-11-07 20:03:07 - [TEST_STEP][PASSED] - orPath_PaymentEntry = "Object Repository/RAD_Pages/PaymentEntry_Page": null

2024-11-07 20:03:07 - [TEST_STEP][PASSED] - orPath_PaymentConfirmation = "Object Repository/RAD_Pages/PaymentConfirmation_Page": null

2024-11-07 20:03:07 - [TEST_STEP][PASSED] - orPath_ServiceFeesAccept = "Object Repository/RAD_Pages/ServiceFeeAccept_Page": null

2024-11-07 20:03:07 - [TEST_STEP][PASSED] - selectOptionByLabel(findTestObject(orPath_Landing + "/dd_TaxType"), Taxtype, false): All options with label 'Existing Liability with Notice/Invoice Number' are selected in object 'Object Repository/RAD_Pages/Landing_Page/dd_TaxType' 

2024-11-07 20:03:07 - [MESSAGE][PASSED] - All options with label 'Existing Liability with Notice/Invoice Number' are selected in object 'Object Repository/RAD_Pages/Landing_Page/dd_TaxType' 

2024-11-07 20:03:07 - [TEST_STEP][PASSED] - delay(1): Delayed 1 second(s)

2024-11-07 20:03:08 - [MESSAGE][PASSED] - Delayed 1 second(s)

2024-11-07 20:03:08 - [TEST_STEP][PASSED] - selectOptionByLabel(findTestObject(orPath_TaxTypeFilingYear + "/select_TaxType_ExistingLiability"), TaxTypeEL, false): All options with label 'Motor Fuel Tax' are selected in object 'Object Repository/RAD_Pages/TaxTypeFilingYear_Page/select_TaxType_ExistingLiability' 

2024-11-07 20:03:09 - [MESSAGE][PASSED] - All options with label 'Motor Fuel Tax' are selected in object 'Object Repository/RAD_Pages/TaxTypeFilingYear_Page/select_TaxType_ExistingLiability' 

2024-11-07 20:03:09 - [TEST_STEP][PASSED] - setText(findTestObject(orPath_TaxInfo + "/input_NoticeInvoiceNumber"), notInvNumber): Text '123456789012' is set on object 'Object Repository/RAD_Pages/TaxInfo_Page/input_NoticeInvoiceNumber'

2024-11-07 20:03:10 - [MESSAGE][PASSED] - Text '123456789012' is set on object 'Object Repository/RAD_Pages/TaxInfo_Page/input_NoticeInvoiceNumber'

2024-11-07 20:03:10 - [TEST_STEP][PASSED] - setText(findTestObject(orPath_TaxInfo + "/input_reTypeNoticeInvoiceNumber"), notInvNumber): Text '123456789012' is set on object 'Object Repository/RAD_Pages/TaxInfo_Page/input_reTypeNoticeInvoiceNumber'

2024-11-07 20:03:11 - [MESSAGE][PASSED] - Text '123456789012' is set on object 'Object Repository/RAD_Pages/TaxInfo_Page/input_reTypeNoticeInvoiceNumber'

2024-11-07 20:03:11 - [TEST_STEP][PASSED] - println(notInvNumber): null

2024-11-07 20:03:11 - [TEST_STEP][PASSED] - if (verifyTextPresent(errorMsg, true)): null

2024-11-07 20:03:11 - [MESSAGE][PASSED] - Text 'Notice Number or Invoice Number must be 10, 11, or 13 digits in length, with a value greater than zero' is present on page  using regular expression

2024-11-07 20:03:11 - [TEST_STEP][PASSED] - println("Error Message is present on the page"): null

2024-11-07 20:03:11 - [TEST_STEP][PASSED] - out.println("Pass Record Number: " + row): null

2024-11-07 20:03:11 - [TEST_STEP][PASSED] - resText = "Pass": null

2024-11-07 20:03:11 - [TEST_STEP][PASSED] - pages.WriteExcel.demoKey(resText, datText, resColumn, datCloumn, fileLoc, nameSheet, row): pages.WriteExcel.demoKey is PASSED

2024-11-07 20:03:11 - [MESSAGE][PASSED] - pages.WriteExcel.demoKey is PASSED

2024-11-07 20:03:11 - [TEST_STEP][PASSED] - ExecuteTC = findTestData(dataFile).getValue("Execute", row): null

2024-11-07 20:03:11 - [TEST_STEP][PASSED] - Taxtype = findTestData(dataFile).getValue("TaxType", row): null

2024-11-07 20:03:11 - [TEST_STEP][PASSED] - TaxTypeEL = findTestData(dataFile).getValue("TaxTypeEL", row): null

2024-11-07 20:03:11 - [TEST_STEP][PASSED] - notInvNumber = findTestData(dataFile).getValue("NotiInvoNumber", row): null

2024-11-07 20:03:11 - [TEST_STEP][PASSED] - errorMsg = findTestData(dataFile).getValue("ErrorMessage", row): null

2024-11-07 20:03:11 - [TEST_STEP][PASSED] - out.println("Value of Execute is : " + ExecuteTC): null

2024-11-07 20:03:11 - [TEST_STEP][PASSED] - if (ExecuteTC.equalsIgnoreCase("Y")): null

2024-11-07 20:03:11 - [TEST_STEP][PASSED] - out.println("Begin Record Number: " + row): null

2024-11-07 20:03:11 - [TEST_STEP][PASSED] - today = new java.util.Date(): null

2024-11-07 20:03:11 - [TEST_STEP][PASSED] - println(today): null

2024-11-07 20:03:11 - [TEST_STEP][PASSED] - datText = today: null

2024-11-07 20:03:11 - [TEST_STEP][PASSED] - Taxtype = findTestData(dataFile).getValue("TaxType", row): null

2024-11-07 20:03:12 - [TEST_STEP][PASSED] - out.println("Taxtype value is : " + Taxtype): null

2024-11-07 20:03:12 - [TEST_STEP][PASSED] - openBrowser(""): Browser is opened with url: ''

2024-11-07 20:03:12 - [MESSAGE][WARNING] - A browser is already opened. Closing browser and opening a new one

2024-11-07 20:03:13 - [MESSAGE][INFO] - Starting 'Chrome' driver

2024-11-07 20:03:13 - [MESSAGE][INFO] - User set preference: ['acceptInsecureCerts', 'true']

2024-11-07 20:03:13 - [MESSAGE][INFO] - Action delay is set to 0 milliseconds

2024-11-07 20:03:15 - [MESSAGE][PASSED] - Browser is opened with url: ''

2024-11-07 20:03:15 - [TEST_STEP][PASSED] - maximizeWindow(): Current window maximized

2024-11-07 20:03:15 - [MESSAGE][PASSED] - Current window maximized

2024-11-07 20:03:15 - [TEST_STEP][PASSED] - navigateToUrl(RADurl): Navigate to 'https://www.velocitypayment.com/client/rad/index.html' successfully

2024-11-07 20:03:17 - [MESSAGE][PASSED] - Navigate to 'https://www.velocitypayment.com/client/rad/index.html' successfully

2024-11-07 20:03:17 - [TEST_STEP][PASSED] - orPath_Landing = "Object Repository/RAD_Pages/Landing_Page": null

2024-11-07 20:03:17 - [TEST_STEP][PASSED] - orPath_TaxTypeFilingYear = "Object Repository/RAD_Pages/TaxTypeFilingYear_Page": null

2024-11-07 20:03:17 - [TEST_STEP][PASSED] - orPath_TaxPayer = "Object Repository/RAD_Pages/Taxpayer_Page": null

2024-11-07 20:03:17 - [TEST_STEP][PASSED] - orPath_AddressContact = "Object Repository/RAD_Pages/AddressAndContactInfo_Page": null

2024-11-07 20:03:17 - [TEST_STEP][PASSED] - orPath_FilingStatus = "Object Repository/RAD_Pages/FilingStatus_Page": null

2024-11-07 20:03:17 - [TEST_STEP][PASSED] - orPath_Amount = "Object Repository/RAD_Pages/PaymentAmount_Page": null

2024-11-07 20:03:17 - [TEST_STEP][PASSED] - orPath_TaxInfo = "Object Repository/RAD_Pages/TaxInfo_Page": null

2024-11-07 20:03:17 - [TEST_STEP][PASSED] - orPath_Withholding = "Object Repository/RAD_Pages/Withholding_Page": null

2024-11-07 20:03:17 - [TEST_STEP][PASSED] - orPath_Summary = "Object Repository/RAD_Pages/Summary_Page": null

2024-11-07 20:03:17 - [TEST_STEP][PASSED] - orPath_PaymentReady = "Object Repository/RAD_Pages/PaymentReady_Page": null

2024-11-07 20:03:17 - [TEST_STEP][PASSED] - orPath_PaymentEntry = "Object Repository/RAD_Pages/PaymentEntry_Page": null

2024-11-07 20:03:17 - [TEST_STEP][PASSED] - orPath_PaymentConfirmation = "Object Repository/RAD_Pages/PaymentConfirmation_Page": null

2024-11-07 20:03:17 - [TEST_STEP][PASSED] - orPath_ServiceFeesAccept = "Object Repository/RAD_Pages/ServiceFeeAccept_Page": null

2024-11-07 20:03:17 - [TEST_STEP][PASSED] - selectOptionByLabel(findTestObject(orPath_Landing + "/dd_TaxType"), Taxtype, false): All options with label 'Existing Liability with Notice/Invoice Number' are selected in object 'Object Repository/RAD_Pages/Landing_Page/dd_TaxType' 

2024-11-07 20:03:18 - [MESSAGE][PASSED] - All options with label 'Existing Liability with Notice/Invoice Number' are selected in object 'Object Repository/RAD_Pages/Landing_Page/dd_TaxType' 

2024-11-07 20:03:18 - [TEST_STEP][PASSED] - delay(1): Delayed 1 second(s)

2024-11-07 20:03:19 - [MESSAGE][PASSED] - Delayed 1 second(s)

2024-11-07 20:03:19 - [TEST_STEP][PASSED] - selectOptionByLabel(findTestObject(orPath_TaxTypeFilingYear + "/select_TaxType_ExistingLiability"), TaxTypeEL, false): All options with label 'Motor Fuel Tax' are selected in object 'Object Repository/RAD_Pages/TaxTypeFilingYear_Page/select_TaxType_ExistingLiability' 

2024-11-07 20:03:19 - [MESSAGE][PASSED] - All options with label 'Motor Fuel Tax' are selected in object 'Object Repository/RAD_Pages/TaxTypeFilingYear_Page/select_TaxType_ExistingLiability' 

2024-11-07 20:03:19 - [TEST_STEP][PASSED] - setText(findTestObject(orPath_TaxInfo + "/input_NoticeInvoiceNumber"), notInvNumber): Text '0000000000' is set on object 'Object Repository/RAD_Pages/TaxInfo_Page/input_NoticeInvoiceNumber'

2024-11-07 20:03:20 - [MESSAGE][PASSED] - Text '0000000000' is set on object 'Object Repository/RAD_Pages/TaxInfo_Page/input_NoticeInvoiceNumber'

2024-11-07 20:03:20 - [TEST_STEP][PASSED] - setText(findTestObject(orPath_TaxInfo + "/input_reTypeNoticeInvoiceNumber"), notInvNumber): Text '0000000000' is set on object 'Object Repository/RAD_Pages/TaxInfo_Page/input_reTypeNoticeInvoiceNumber'

2024-11-07 20:03:21 - [MESSAGE][PASSED] - Text '0000000000' is set on object 'Object Repository/RAD_Pages/TaxInfo_Page/input_reTypeNoticeInvoiceNumber'

2024-11-07 20:03:21 - [TEST_STEP][PASSED] - println(notInvNumber): null

2024-11-07 20:03:21 - [TEST_STEP][PASSED] - if (verifyTextPresent(errorMsg, true)): null

2024-11-07 20:03:21 - [MESSAGE][PASSED] - Text 'Notice Number or Invoice Number must be 10, 11, or 13 digits in length, with a value greater than zero' is present on page  using regular expression

2024-11-07 20:03:21 - [TEST_STEP][PASSED] - println("Error Message is present on the page"): null

2024-11-07 20:03:21 - [TEST_STEP][PASSED] - out.println("Pass Record Number: " + row): null

2024-11-07 20:03:21 - [TEST_STEP][PASSED] - resText = "Pass": null

2024-11-07 20:03:21 - [TEST_STEP][PASSED] - pages.WriteExcel.demoKey(resText, datText, resColumn, datCloumn, fileLoc, nameSheet, row): pages.WriteExcel.demoKey is PASSED

2024-11-07 20:03:22 - [MESSAGE][PASSED] - pages.WriteExcel.demoKey is PASSED

2024-11-07 20:03:22 - [TEST_STEP][PASSED] - ExecuteTC = findTestData(dataFile).getValue("Execute", row): null

2024-11-07 20:03:22 - [TEST_STEP][PASSED] - Taxtype = findTestData(dataFile).getValue("TaxType", row): null

2024-11-07 20:03:22 - [TEST_STEP][PASSED] - TaxTypeEL = findTestData(dataFile).getValue("TaxTypeEL", row): null

2024-11-07 20:03:22 - [TEST_STEP][PASSED] - notInvNumber = findTestData(dataFile).getValue("NotiInvoNumber", row): null

2024-11-07 20:03:22 - [TEST_STEP][PASSED] - errorMsg = findTestData(dataFile).getValue("ErrorMessage", row): null

2024-11-07 20:03:22 - [TEST_STEP][PASSED] - out.println("Value of Execute is : " + ExecuteTC): null

2024-11-07 20:03:22 - [TEST_STEP][PASSED] - if (ExecuteTC.equalsIgnoreCase("Y")): null

2024-11-07 20:03:22 - [TEST_STEP][PASSED] - out.println("Begin Record Number: " + row): null

2024-11-07 20:03:22 - [TEST_STEP][PASSED] - today = new java.util.Date(): null

2024-11-07 20:03:22 - [TEST_STEP][PASSED] - println(today): null

2024-11-07 20:03:22 - [TEST_STEP][PASSED] - datText = today: null

2024-11-07 20:03:22 - [TEST_STEP][PASSED] - Taxtype = findTestData(dataFile).getValue("TaxType", row): null

2024-11-07 20:03:22 - [TEST_STEP][PASSED] - out.println("Taxtype value is : " + Taxtype): null

2024-11-07 20:03:22 - [TEST_STEP][PASSED] - openBrowser(""): Browser is opened with url: ''

2024-11-07 20:03:22 - [MESSAGE][WARNING] - A browser is already opened. Closing browser and opening a new one

2024-11-07 20:03:24 - [MESSAGE][INFO] - Starting 'Chrome' driver

2024-11-07 20:03:24 - [MESSAGE][INFO] - User set preference: ['acceptInsecureCerts', 'true']

2024-11-07 20:03:24 - [MESSAGE][INFO] - Action delay is set to 0 milliseconds

2024-11-07 20:03:25 - [MESSAGE][PASSED] - Browser is opened with url: ''

2024-11-07 20:03:25 - [TEST_STEP][PASSED] - maximizeWindow(): Current window maximized

2024-11-07 20:03:26 - [MESSAGE][PASSED] - Current window maximized

2024-11-07 20:03:26 - [TEST_STEP][PASSED] - navigateToUrl(RADurl): Navigate to 'https://www.velocitypayment.com/client/rad/index.html' successfully

2024-11-07 20:03:28 - [MESSAGE][PASSED] - Navigate to 'https://www.velocitypayment.com/client/rad/index.html' successfully

2024-11-07 20:03:28 - [TEST_STEP][PASSED] - orPath_Landing = "Object Repository/RAD_Pages/Landing_Page": null

2024-11-07 20:03:28 - [TEST_STEP][PASSED] - orPath_TaxTypeFilingYear = "Object Repository/RAD_Pages/TaxTypeFilingYear_Page": null

2024-11-07 20:03:28 - [TEST_STEP][PASSED] - orPath_TaxPayer = "Object Repository/RAD_Pages/Taxpayer_Page": null

2024-11-07 20:03:28 - [TEST_STEP][PASSED] - orPath_AddressContact = "Object Repository/RAD_Pages/AddressAndContactInfo_Page": null

2024-11-07 20:03:28 - [TEST_STEP][PASSED] - orPath_FilingStatus = "Object Repository/RAD_Pages/FilingStatus_Page": null

2024-11-07 20:03:28 - [TEST_STEP][PASSED] - orPath_Amount = "Object Repository/RAD_Pages/PaymentAmount_Page": null

2024-11-07 20:03:28 - [TEST_STEP][PASSED] - orPath_TaxInfo = "Object Repository/RAD_Pages/TaxInfo_Page": null

2024-11-07 20:03:28 - [TEST_STEP][PASSED] - orPath_Withholding = "Object Repository/RAD_Pages/Withholding_Page": null

2024-11-07 20:03:28 - [TEST_STEP][PASSED] - orPath_Summary = "Object Repository/RAD_Pages/Summary_Page": null

2024-11-07 20:03:28 - [TEST_STEP][PASSED] - orPath_PaymentReady = "Object Repository/RAD_Pages/PaymentReady_Page": null

2024-11-07 20:03:28 - [TEST_STEP][PASSED] - orPath_PaymentEntry = "Object Repository/RAD_Pages/PaymentEntry_Page": null

2024-11-07 20:03:28 - [TEST_STEP][PASSED] - orPath_PaymentConfirmation = "Object Repository/RAD_Pages/PaymentConfirmation_Page": null

2024-11-07 20:03:28 - [TEST_STEP][PASSED] - orPath_ServiceFeesAccept = "Object Repository/RAD_Pages/ServiceFeeAccept_Page": null

2024-11-07 20:03:28 - [TEST_STEP][PASSED] - selectOptionByLabel(findTestObject(orPath_Landing + "/dd_TaxType"), Taxtype, false): All options with label 'Existing Liability with Notice/Invoice Number' are selected in object 'Object Repository/RAD_Pages/Landing_Page/dd_TaxType' 

2024-11-07 20:03:28 - [MESSAGE][PASSED] - All options with label 'Existing Liability with Notice/Invoice Number' are selected in object 'Object Repository/RAD_Pages/Landing_Page/dd_TaxType' 

2024-11-07 20:03:28 - [TEST_STEP][PASSED] - delay(1): Delayed 1 second(s)

2024-11-07 20:03:29 - [MESSAGE][PASSED] - Delayed 1 second(s)

2024-11-07 20:03:29 - [TEST_STEP][PASSED] - selectOptionByLabel(findTestObject(orPath_TaxTypeFilingYear + "/select_TaxType_ExistingLiability"), TaxTypeEL, false): All options with label 'Slots License Fee' are selected in object 'Object Repository/RAD_Pages/TaxTypeFilingYear_Page/select_TaxType_ExistingLiability' 

2024-11-07 20:03:30 - [MESSAGE][PASSED] - All options with label 'Slots License Fee' are selected in object 'Object Repository/RAD_Pages/TaxTypeFilingYear_Page/select_TaxType_ExistingLiability' 

2024-11-07 20:03:30 - [TEST_STEP][PASSED] - setText(findTestObject(orPath_TaxInfo + "/input_NoticeInvoiceNumber"), notInvNumber): Text '123456789' is set on object 'Object Repository/RAD_Pages/TaxInfo_Page/input_NoticeInvoiceNumber'

2024-11-07 20:03:31 - [MESSAGE][PASSED] - Text '123456789' is set on object 'Object Repository/RAD_Pages/TaxInfo_Page/input_NoticeInvoiceNumber'

2024-11-07 20:03:31 - [TEST_STEP][PASSED] - setText(findTestObject(orPath_TaxInfo + "/input_reTypeNoticeInvoiceNumber"), notInvNumber): Text '123456789' is set on object 'Object Repository/RAD_Pages/TaxInfo_Page/input_reTypeNoticeInvoiceNumber'

2024-11-07 20:03:32 - [MESSAGE][PASSED] - Text '123456789' is set on object 'Object Repository/RAD_Pages/TaxInfo_Page/input_reTypeNoticeInvoiceNumber'

2024-11-07 20:03:32 - [TEST_STEP][PASSED] - println(notInvNumber): null

2024-11-07 20:03:32 - [TEST_STEP][PASSED] - if (verifyTextPresent(errorMsg, true)): null

2024-11-07 20:03:32 - [MESSAGE][PASSED] - Text 'Notice Number or Invoice Number must be 10, 11, or 13 digits in length, with a value greater than zero' is present on page  using regular expression

2024-11-07 20:03:32 - [TEST_STEP][PASSED] - println("Error Message is present on the page"): null

2024-11-07 20:03:32 - [TEST_STEP][PASSED] - out.println("Pass Record Number: " + row): null

2024-11-07 20:03:32 - [TEST_STEP][PASSED] - resText = "Pass": null

2024-11-07 20:03:32 - [TEST_STEP][PASSED] - pages.WriteExcel.demoKey(resText, datText, resColumn, datCloumn, fileLoc, nameSheet, row): pages.WriteExcel.demoKey is PASSED

2024-11-07 20:03:32 - [MESSAGE][PASSED] - pages.WriteExcel.demoKey is PASSED

2024-11-07 20:03:32 - [TEST_STEP][PASSED] - ExecuteTC = findTestData(dataFile).getValue("Execute", row): null

2024-11-07 20:03:33 - [TEST_STEP][PASSED] - Taxtype = findTestData(dataFile).getValue("TaxType", row): null

2024-11-07 20:03:33 - [TEST_STEP][PASSED] - TaxTypeEL = findTestData(dataFile).getValue("TaxTypeEL", row): null

2024-11-07 20:03:33 - [TEST_STEP][PASSED] - notInvNumber = findTestData(dataFile).getValue("NotiInvoNumber", row): null

2024-11-07 20:03:33 - [TEST_STEP][PASSED] - errorMsg = findTestData(dataFile).getValue("ErrorMessage", row): null

2024-11-07 20:03:33 - [TEST_STEP][PASSED] - out.println("Value of Execute is : " + ExecuteTC): null

2024-11-07 20:03:33 - [TEST_STEP][PASSED] - if (ExecuteTC.equalsIgnoreCase("Y")): null

2024-11-07 20:03:33 - [TEST_STEP][PASSED] - out.println("Begin Record Number: " + row): null

2024-11-07 20:03:33 - [TEST_STEP][PASSED] - today = new java.util.Date(): null

2024-11-07 20:03:33 - [TEST_STEP][PASSED] - println(today): null

2024-11-07 20:03:33 - [TEST_STEP][PASSED] - datText = today: null

2024-11-07 20:03:33 - [TEST_STEP][PASSED] - Taxtype = findTestData(dataFile).getValue("TaxType", row): null

2024-11-07 20:03:33 - [TEST_STEP][PASSED] - out.println("Taxtype value is : " + Taxtype): null

2024-11-07 20:03:33 - [TEST_STEP][PASSED] - openBrowser(""): Browser is opened with url: ''

2024-11-07 20:03:33 - [MESSAGE][WARNING] - A browser is already opened. Closing browser and opening a new one

2024-11-07 20:03:34 - [MESSAGE][INFO] - Starting 'Chrome' driver

2024-11-07 20:03:34 - [MESSAGE][INFO] - User set preference: ['acceptInsecureCerts', 'true']

2024-11-07 20:03:34 - [MESSAGE][INFO] - Action delay is set to 0 milliseconds

2024-11-07 20:03:36 - [MESSAGE][PASSED] - Browser is opened with url: ''

2024-11-07 20:03:36 - [TEST_STEP][PASSED] - maximizeWindow(): Current window maximized

2024-11-07 20:03:36 - [MESSAGE][PASSED] - Current window maximized

2024-11-07 20:03:36 - [TEST_STEP][PASSED] - navigateToUrl(RADurl): Navigate to 'https://www.velocitypayment.com/client/rad/index.html' successfully

2024-11-07 20:03:38 - [MESSAGE][PASSED] - Navigate to 'https://www.velocitypayment.com/client/rad/index.html' successfully

2024-11-07 20:03:38 - [TEST_STEP][PASSED] - orPath_Landing = "Object Repository/RAD_Pages/Landing_Page": null

2024-11-07 20:03:38 - [TEST_STEP][PASSED] - orPath_TaxTypeFilingYear = "Object Repository/RAD_Pages/TaxTypeFilingYear_Page": null

2024-11-07 20:03:38 - [TEST_STEP][PASSED] - orPath_TaxPayer = "Object Repository/RAD_Pages/Taxpayer_Page": null

2024-11-07 20:03:38 - [TEST_STEP][PASSED] - orPath_AddressContact = "Object Repository/RAD_Pages/AddressAndContactInfo_Page": null

2024-11-07 20:03:38 - [TEST_STEP][PASSED] - orPath_FilingStatus = "Object Repository/RAD_Pages/FilingStatus_Page": null

2024-11-07 20:03:38 - [TEST_STEP][PASSED] - orPath_Amount = "Object Repository/RAD_Pages/PaymentAmount_Page": null

2024-11-07 20:03:38 - [TEST_STEP][PASSED] - orPath_TaxInfo = "Object Repository/RAD_Pages/TaxInfo_Page": null

2024-11-07 20:03:38 - [TEST_STEP][PASSED] - orPath_Withholding = "Object Repository/RAD_Pages/Withholding_Page": null

2024-11-07 20:03:38 - [TEST_STEP][PASSED] - orPath_Summary = "Object Repository/RAD_Pages/Summary_Page": null

2024-11-07 20:03:38 - [TEST_STEP][PASSED] - orPath_PaymentReady = "Object Repository/RAD_Pages/PaymentReady_Page": null

2024-11-07 20:03:38 - [TEST_STEP][PASSED] - orPath_PaymentEntry = "Object Repository/RAD_Pages/PaymentEntry_Page": null

2024-11-07 20:03:38 - [TEST_STEP][PASSED] - orPath_PaymentConfirmation = "Object Repository/RAD_Pages/PaymentConfirmation_Page": null

2024-11-07 20:03:38 - [TEST_STEP][PASSED] - orPath_ServiceFeesAccept = "Object Repository/RAD_Pages/ServiceFeeAccept_Page": null

2024-11-07 20:03:38 - [TEST_STEP][PASSED] - selectOptionByLabel(findTestObject(orPath_Landing + "/dd_TaxType"), Taxtype, false): All options with label 'Existing Liability with Notice/Invoice Number' are selected in object 'Object Repository/RAD_Pages/Landing_Page/dd_TaxType' 

2024-11-07 20:03:39 - [MESSAGE][PASSED] - All options with label 'Existing Liability with Notice/Invoice Number' are selected in object 'Object Repository/RAD_Pages/Landing_Page/dd_TaxType' 

2024-11-07 20:03:39 - [TEST_STEP][PASSED] - delay(1): Delayed 1 second(s)

2024-11-07 20:03:40 - [MESSAGE][PASSED] - Delayed 1 second(s)

2024-11-07 20:03:40 - [TEST_STEP][PASSED] - selectOptionByLabel(findTestObject(orPath_TaxTypeFilingYear + "/select_TaxType_ExistingLiability"), TaxTypeEL, false): All options with label 'Slots License Fee' are selected in object 'Object Repository/RAD_Pages/TaxTypeFilingYear_Page/select_TaxType_ExistingLiability' 

2024-11-07 20:03:40 - [MESSAGE][PASSED] - All options with label 'Slots License Fee' are selected in object 'Object Repository/RAD_Pages/TaxTypeFilingYear_Page/select_TaxType_ExistingLiability' 

2024-11-07 20:03:40 - [TEST_STEP][PASSED] - setText(findTestObject(orPath_TaxInfo + "/input_NoticeInvoiceNumber"), notInvNumber): Text '123456789012' is set on object 'Object Repository/RAD_Pages/TaxInfo_Page/input_NoticeInvoiceNumber'

2024-11-07 20:03:41 - [MESSAGE][PASSED] - Text '123456789012' is set on object 'Object Repository/RAD_Pages/TaxInfo_Page/input_NoticeInvoiceNumber'

2024-11-07 20:03:41 - [TEST_STEP][PASSED] - setText(findTestObject(orPath_TaxInfo + "/input_reTypeNoticeInvoiceNumber"), notInvNumber): Text '123456789012' is set on object 'Object Repository/RAD_Pages/TaxInfo_Page/input_reTypeNoticeInvoiceNumber'

2024-11-07 20:03:42 - [MESSAGE][PASSED] - Text '123456789012' is set on object 'Object Repository/RAD_Pages/TaxInfo_Page/input_reTypeNoticeInvoiceNumber'

2024-11-07 20:03:42 - [TEST_STEP][PASSED] - println(notInvNumber): null

2024-11-07 20:03:42 - [TEST_STEP][PASSED] - if (verifyTextPresent(errorMsg, true)): null

2024-11-07 20:03:43 - [MESSAGE][PASSED] - Text 'Notice Number or Invoice Number must be 10, 11, or 13 digits in length, with a value greater than zero' is present on page  using regular expression

2024-11-07 20:03:43 - [TEST_STEP][PASSED] - println("Error Message is present on the page"): null

2024-11-07 20:03:43 - [TEST_STEP][PASSED] - out.println("Pass Record Number: " + row): null

2024-11-07 20:03:43 - [TEST_STEP][PASSED] - resText = "Pass": null

2024-11-07 20:03:43 - [TEST_STEP][PASSED] - pages.WriteExcel.demoKey(resText, datText, resColumn, datCloumn, fileLoc, nameSheet, row): pages.WriteExcel.demoKey is PASSED

2024-11-07 20:03:43 - [MESSAGE][PASSED] - pages.WriteExcel.demoKey is PASSED

2024-11-07 20:03:43 - [TEST_STEP][PASSED] - ExecuteTC = findTestData(dataFile).getValue("Execute", row): null

2024-11-07 20:03:43 - [TEST_STEP][PASSED] - Taxtype = findTestData(dataFile).getValue("TaxType", row): null

2024-11-07 20:03:43 - [TEST_STEP][PASSED] - TaxTypeEL = findTestData(dataFile).getValue("TaxTypeEL", row): null

2024-11-07 20:03:43 - [TEST_STEP][PASSED] - notInvNumber = findTestData(dataFile).getValue("NotiInvoNumber", row): null

2024-11-07 20:03:43 - [TEST_STEP][PASSED] - errorMsg = findTestData(dataFile).getValue("ErrorMessage", row): null

2024-11-07 20:03:43 - [TEST_STEP][PASSED] - out.println("Value of Execute is : " + ExecuteTC): null

2024-11-07 20:03:43 - [TEST_STEP][PASSED] - if (ExecuteTC.equalsIgnoreCase("Y")): null

2024-11-07 20:03:43 - [TEST_STEP][PASSED] - out.println("Begin Record Number: " + row): null

2024-11-07 20:03:43 - [TEST_STEP][PASSED] - today = new java.util.Date(): null

2024-11-07 20:03:43 - [TEST_STEP][PASSED] - println(today): null

2024-11-07 20:03:43 - [TEST_STEP][PASSED] - datText = today: null

2024-11-07 20:03:43 - [TEST_STEP][PASSED] - Taxtype = findTestData(dataFile).getValue("TaxType", row): null

2024-11-07 20:03:43 - [TEST_STEP][PASSED] - out.println("Taxtype value is : " + Taxtype): null

2024-11-07 20:03:43 - [TEST_STEP][PASSED] - openBrowser(""): Browser is opened with url: ''

2024-11-07 20:03:43 - [MESSAGE][WARNING] - A browser is already opened. Closing browser and opening a new one

2024-11-07 20:03:45 - [MESSAGE][INFO] - Starting 'Chrome' driver

2024-11-07 20:03:45 - [MESSAGE][INFO] - User set preference: ['acceptInsecureCerts', 'true']

2024-11-07 20:03:45 - [MESSAGE][INFO] - Action delay is set to 0 milliseconds

2024-11-07 20:03:47 - [MESSAGE][PASSED] - Browser is opened with url: ''

2024-11-07 20:03:47 - [TEST_STEP][PASSED] - maximizeWindow(): Current window maximized

2024-11-07 20:03:47 - [MESSAGE][PASSED] - Current window maximized

2024-11-07 20:03:47 - [TEST_STEP][PASSED] - navigateToUrl(RADurl): Navigate to 'https://www.velocitypayment.com/client/rad/index.html' successfully

2024-11-07 20:03:49 - [MESSAGE][PASSED] - Navigate to 'https://www.velocitypayment.com/client/rad/index.html' successfully

2024-11-07 20:03:49 - [TEST_STEP][PASSED] - orPath_Landing = "Object Repository/RAD_Pages/Landing_Page": null

2024-11-07 20:03:49 - [TEST_STEP][PASSED] - orPath_TaxTypeFilingYear = "Object Repository/RAD_Pages/TaxTypeFilingYear_Page": null

2024-11-07 20:03:49 - [TEST_STEP][PASSED] - orPath_TaxPayer = "Object Repository/RAD_Pages/Taxpayer_Page": null

2024-11-07 20:03:49 - [TEST_STEP][PASSED] - orPath_AddressContact = "Object Repository/RAD_Pages/AddressAndContactInfo_Page": null

2024-11-07 20:03:49 - [TEST_STEP][PASSED] - orPath_FilingStatus = "Object Repository/RAD_Pages/FilingStatus_Page": null

2024-11-07 20:03:49 - [TEST_STEP][PASSED] - orPath_Amount = "Object Repository/RAD_Pages/PaymentAmount_Page": null

2024-11-07 20:03:49 - [TEST_STEP][PASSED] - orPath_TaxInfo = "Object Repository/RAD_Pages/TaxInfo_Page": null

2024-11-07 20:03:49 - [TEST_STEP][PASSED] - orPath_Withholding = "Object Repository/RAD_Pages/Withholding_Page": null

2024-11-07 20:03:49 - [TEST_STEP][PASSED] - orPath_Summary = "Object Repository/RAD_Pages/Summary_Page": null

2024-11-07 20:03:49 - [TEST_STEP][PASSED] - orPath_PaymentReady = "Object Repository/RAD_Pages/PaymentReady_Page": null

2024-11-07 20:03:49 - [TEST_STEP][PASSED] - orPath_PaymentEntry = "Object Repository/RAD_Pages/PaymentEntry_Page": null

2024-11-07 20:03:49 - [TEST_STEP][PASSED] - orPath_PaymentConfirmation = "Object Repository/RAD_Pages/PaymentConfirmation_Page": null

2024-11-07 20:03:49 - [TEST_STEP][PASSED] - orPath_ServiceFeesAccept = "Object Repository/RAD_Pages/ServiceFeeAccept_Page": null

2024-11-07 20:03:49 - [TEST_STEP][PASSED] - selectOptionByLabel(findTestObject(orPath_Landing + "/dd_TaxType"), Taxtype, false): All options with label 'Existing Liability with Notice/Invoice Number' are selected in object 'Object Repository/RAD_Pages/Landing_Page/dd_TaxType' 

2024-11-07 20:03:50 - [MESSAGE][PASSED] - All options with label 'Existing Liability with Notice/Invoice Number' are selected in object 'Object Repository/RAD_Pages/Landing_Page/dd_TaxType' 

2024-11-07 20:03:50 - [TEST_STEP][PASSED] - delay(1): Delayed 1 second(s)

2024-11-07 20:03:51 - [MESSAGE][PASSED] - Delayed 1 second(s)

2024-11-07 20:03:51 - [TEST_STEP][PASSED] - selectOptionByLabel(findTestObject(orPath_TaxTypeFilingYear + "/select_TaxType_ExistingLiability"), TaxTypeEL, false): All options with label 'Slots License Fee' are selected in object 'Object Repository/RAD_Pages/TaxTypeFilingYear_Page/select_TaxType_ExistingLiability' 

2024-11-07 20:03:52 - [MESSAGE][PASSED] - All options with label 'Slots License Fee' are selected in object 'Object Repository/RAD_Pages/TaxTypeFilingYear_Page/select_TaxType_ExistingLiability' 

2024-11-07 20:03:52 - [TEST_STEP][PASSED] - setText(findTestObject(orPath_TaxInfo + "/input_NoticeInvoiceNumber"), notInvNumber): Text '0000000000' is set on object 'Object Repository/RAD_Pages/TaxInfo_Page/input_NoticeInvoiceNumber'

2024-11-07 20:03:52 - [MESSAGE][PASSED] - Text '0000000000' is set on object 'Object Repository/RAD_Pages/TaxInfo_Page/input_NoticeInvoiceNumber'

2024-11-07 20:03:52 - [TEST_STEP][PASSED] - setText(findTestObject(orPath_TaxInfo + "/input_reTypeNoticeInvoiceNumber"), notInvNumber): Text '0000000000' is set on object 'Object Repository/RAD_Pages/TaxInfo_Page/input_reTypeNoticeInvoiceNumber'

2024-11-07 20:03:53 - [MESSAGE][PASSED] - Text '0000000000' is set on object 'Object Repository/RAD_Pages/TaxInfo_Page/input_reTypeNoticeInvoiceNumber'

2024-11-07 20:03:53 - [TEST_STEP][PASSED] - println(notInvNumber): null

2024-11-07 20:03:53 - [TEST_STEP][PASSED] - if (verifyTextPresent(errorMsg, true)): null

2024-11-07 20:03:54 - [MESSAGE][PASSED] - Text 'Notice Number or Invoice Number must be 10, 11, or 13 digits in length, with a value greater than zero' is present on page  using regular expression

2024-11-07 20:03:54 - [TEST_STEP][PASSED] - println("Error Message is present on the page"): null

2024-11-07 20:03:54 - [TEST_STEP][PASSED] - out.println("Pass Record Number: " + row): null

2024-11-07 20:03:54 - [TEST_STEP][PASSED] - resText = "Pass": null

2024-11-07 20:03:54 - [TEST_STEP][PASSED] - pages.WriteExcel.demoKey(resText, datText, resColumn, datCloumn, fileLoc, nameSheet, row): pages.WriteExcel.demoKey is PASSED

2024-11-07 20:03:54 - [MESSAGE][PASSED] - pages.WriteExcel.demoKey is PASSED

2024-11-07 20:03:54 - [TEST_STEP][PASSED] - ExecuteTC = findTestData(dataFile).getValue("Execute", row): null

2024-11-07 20:03:54 - [TEST_STEP][PASSED] - Taxtype = findTestData(dataFile).getValue("TaxType", row): null

2024-11-07 20:03:54 - [TEST_STEP][PASSED] - TaxTypeEL = findTestData(dataFile).getValue("TaxTypeEL", row): null

2024-11-07 20:03:54 - [TEST_STEP][PASSED] - notInvNumber = findTestData(dataFile).getValue("NotiInvoNumber", row): null

2024-11-07 20:03:54 - [TEST_STEP][PASSED] - errorMsg = findTestData(dataFile).getValue("ErrorMessage", row): null

2024-11-07 20:03:54 - [TEST_STEP][PASSED] - out.println("Value of Execute is : " + ExecuteTC): null

2024-11-07 20:03:54 - [TEST_STEP][PASSED] - if (ExecuteTC.equalsIgnoreCase("Y")): null

2024-11-07 20:03:54 - [TEST_STEP][PASSED] - out.println("Begin Record Number: " + row): null

2024-11-07 20:03:54 - [TEST_STEP][PASSED] - today = new java.util.Date(): null

2024-11-07 20:03:54 - [TEST_STEP][PASSED] - println(today): null

2024-11-07 20:03:54 - [TEST_STEP][PASSED] - datText = today: null

2024-11-07 20:03:54 - [TEST_STEP][PASSED] - Taxtype = findTestData(dataFile).getValue("TaxType", row): null

2024-11-07 20:03:54 - [TEST_STEP][PASSED] - out.println("Taxtype value is : " + Taxtype): null

2024-11-07 20:03:54 - [TEST_STEP][PASSED] - openBrowser(""): Browser is opened with url: ''

2024-11-07 20:03:54 - [MESSAGE][WARNING] - A browser is already opened. Closing browser and opening a new one

2024-11-07 20:03:56 - [MESSAGE][INFO] - Starting 'Chrome' driver

2024-11-07 20:03:56 - [MESSAGE][INFO] - User set preference: ['acceptInsecureCerts', 'true']

2024-11-07 20:03:56 - [MESSAGE][INFO] - Action delay is set to 0 milliseconds

2024-11-07 20:03:58 - [MESSAGE][PASSED] - Browser is opened with url: ''

2024-11-07 20:03:58 - [TEST_STEP][PASSED] - maximizeWindow(): Current window maximized

2024-11-07 20:03:58 - [MESSAGE][PASSED] - Current window maximized

2024-11-07 20:03:58 - [TEST_STEP][PASSED] - navigateToUrl(RADurl): Navigate to 'https://www.velocitypayment.com/client/rad/index.html' successfully

2024-11-07 20:03:58 - [MESSAGE][PASSED] - Navigate to 'https://www.velocitypayment.com/client/rad/index.html' successfully

2024-11-07 20:03:58 - [TEST_STEP][PASSED] - orPath_Landing = "Object Repository/RAD_Pages/Landing_Page": null

2024-11-07 20:03:58 - [TEST_STEP][PASSED] - orPath_TaxTypeFilingYear = "Object Repository/RAD_Pages/TaxTypeFilingYear_Page": null

2024-11-07 20:03:58 - [TEST_STEP][PASSED] - orPath_TaxPayer = "Object Repository/RAD_Pages/Taxpayer_Page": null

2024-11-07 20:03:58 - [TEST_STEP][PASSED] - orPath_AddressContact = "Object Repository/RAD_Pages/AddressAndContactInfo_Page": null

2024-11-07 20:03:58 - [TEST_STEP][PASSED] - orPath_FilingStatus = "Object Repository/RAD_Pages/FilingStatus_Page": null

2024-11-07 20:03:58 - [TEST_STEP][PASSED] - orPath_Amount = "Object Repository/RAD_Pages/PaymentAmount_Page": null

2024-11-07 20:03:58 - [TEST_STEP][PASSED] - orPath_TaxInfo = "Object Repository/RAD_Pages/TaxInfo_Page": null

2024-11-07 20:03:58 - [TEST_STEP][PASSED] - orPath_Withholding = "Object Repository/RAD_Pages/Withholding_Page": null

2024-11-07 20:03:58 - [TEST_STEP][PASSED] - orPath_Summary = "Object Repository/RAD_Pages/Summary_Page": null

2024-11-07 20:03:58 - [TEST_STEP][PASSED] - orPath_PaymentReady = "Object Repository/RAD_Pages/PaymentReady_Page": null

2024-11-07 20:03:58 - [TEST_STEP][PASSED] - orPath_PaymentEntry = "Object Repository/RAD_Pages/PaymentEntry_Page": null

2024-11-07 20:03:58 - [TEST_STEP][PASSED] - orPath_PaymentConfirmation = "Object Repository/RAD_Pages/PaymentConfirmation_Page": null

2024-11-07 20:03:58 - [TEST_STEP][PASSED] - orPath_ServiceFeesAccept = "Object Repository/RAD_Pages/ServiceFeeAccept_Page": null

2024-11-07 20:03:58 - [TEST_STEP][PASSED] - selectOptionByLabel(findTestObject(orPath_Landing + "/dd_TaxType"), Taxtype, false): All options with label 'Existing Liability with Notice/Invoice Number' are selected in object 'Object Repository/RAD_Pages/Landing_Page/dd_TaxType' 

2024-11-07 20:04:02 - [MESSAGE][PASSED] - All options with label 'Existing Liability with Notice/Invoice Number' are selected in object 'Object Repository/RAD_Pages/Landing_Page/dd_TaxType' 

2024-11-07 20:04:02 - [TEST_STEP][PASSED] - delay(1): Delayed 1 second(s)

2024-11-07 20:04:03 - [MESSAGE][PASSED] - Delayed 1 second(s)

2024-11-07 20:04:03 - [TEST_STEP][PASSED] - selectOptionByLabel(findTestObject(orPath_TaxTypeFilingYear + "/select_TaxType_ExistingLiability"), TaxTypeEL, false): All options with label 'Tobacco Tax' are selected in object 'Object Repository/RAD_Pages/TaxTypeFilingYear_Page/select_TaxType_ExistingLiability' 

2024-11-07 20:04:04 - [MESSAGE][PASSED] - All options with label 'Tobacco Tax' are selected in object 'Object Repository/RAD_Pages/TaxTypeFilingYear_Page/select_TaxType_ExistingLiability' 

2024-11-07 20:04:04 - [TEST_STEP][PASSED] - setText(findTestObject(orPath_TaxInfo + "/input_NoticeInvoiceNumber"), notInvNumber): Text '123456789' is set on object 'Object Repository/RAD_Pages/TaxInfo_Page/input_NoticeInvoiceNumber'

2024-11-07 20:04:04 - [MESSAGE][PASSED] - Text '123456789' is set on object 'Object Repository/RAD_Pages/TaxInfo_Page/input_NoticeInvoiceNumber'

2024-11-07 20:04:04 - [TEST_STEP][PASSED] - setText(findTestObject(orPath_TaxInfo + "/input_reTypeNoticeInvoiceNumber"), notInvNumber): Text '123456789' is set on object 'Object Repository/RAD_Pages/TaxInfo_Page/input_reTypeNoticeInvoiceNumber'

2024-11-07 20:04:05 - [MESSAGE][PASSED] - Text '123456789' is set on object 'Object Repository/RAD_Pages/TaxInfo_Page/input_reTypeNoticeInvoiceNumber'

2024-11-07 20:04:05 - [TEST_STEP][PASSED] - println(notInvNumber): null

2024-11-07 20:04:05 - [TEST_STEP][PASSED] - if (verifyTextPresent(errorMsg, true)): null

2024-11-07 20:04:06 - [MESSAGE][PASSED] - Text 'Notice Number or Invoice Number must be 10, 11, or 13 digits in length, with a value greater than zero' is present on page  using regular expression

2024-11-07 20:04:06 - [TEST_STEP][PASSED] - println("Error Message is present on the page"): null

2024-11-07 20:04:06 - [TEST_STEP][PASSED] - out.println("Pass Record Number: " + row): null

2024-11-07 20:04:06 - [TEST_STEP][PASSED] - resText = "Pass": null

2024-11-07 20:04:06 - [TEST_STEP][PASSED] - pages.WriteExcel.demoKey(resText, datText, resColumn, datCloumn, fileLoc, nameSheet, row): pages.WriteExcel.demoKey is PASSED

2024-11-07 20:04:06 - [MESSAGE][PASSED] - pages.WriteExcel.demoKey is PASSED

2024-11-07 20:04:06 - [TEST_STEP][PASSED] - ExecuteTC = findTestData(dataFile).getValue("Execute", row): null

2024-11-07 20:04:06 - [TEST_STEP][PASSED] - Taxtype = findTestData(dataFile).getValue("TaxType", row): null

2024-11-07 20:04:06 - [TEST_STEP][PASSED] - TaxTypeEL = findTestData(dataFile).getValue("TaxTypeEL", row): null

2024-11-07 20:04:06 - [TEST_STEP][PASSED] - notInvNumber = findTestData(dataFile).getValue("NotiInvoNumber", row): null

2024-11-07 20:04:06 - [TEST_STEP][PASSED] - errorMsg = findTestData(dataFile).getValue("ErrorMessage", row): null

2024-11-07 20:04:06 - [TEST_STEP][PASSED] - out.println("Value of Execute is : " + ExecuteTC): null

2024-11-07 20:04:06 - [TEST_STEP][PASSED] - if (ExecuteTC.equalsIgnoreCase("Y")): null

2024-11-07 20:04:06 - [TEST_STEP][PASSED] - out.println("Begin Record Number: " + row): null

2024-11-07 20:04:06 - [TEST_STEP][PASSED] - today = new java.util.Date(): null

2024-11-07 20:04:06 - [TEST_STEP][PASSED] - println(today): null

2024-11-07 20:04:06 - [TEST_STEP][PASSED] - datText = today: null

2024-11-07 20:04:06 - [TEST_STEP][PASSED] - Taxtype = findTestData(dataFile).getValue("TaxType", row): null

2024-11-07 20:04:06 - [TEST_STEP][PASSED] - out.println("Taxtype value is : " + Taxtype): null

2024-11-07 20:04:06 - [TEST_STEP][PASSED] - openBrowser(""): Browser is opened with url: ''

2024-11-07 20:04:06 - [MESSAGE][WARNING] - A browser is already opened. Closing browser and opening a new one

2024-11-07 20:04:08 - [MESSAGE][INFO] - Starting 'Chrome' driver

2024-11-07 20:04:08 - [MESSAGE][INFO] - User set preference: ['acceptInsecureCerts', 'true']

2024-11-07 20:04:08 - [MESSAGE][INFO] - Action delay is set to 0 milliseconds

2024-11-07 20:04:10 - [MESSAGE][PASSED] - Browser is opened with url: ''

2024-11-07 20:04:10 - [TEST_STEP][PASSED] - maximizeWindow(): Current window maximized

2024-11-07 20:04:10 - [MESSAGE][PASSED] - Current window maximized

2024-11-07 20:04:10 - [TEST_STEP][PASSED] - navigateToUrl(RADurl): Navigate to 'https://www.velocitypayment.com/client/rad/index.html' successfully

2024-11-07 20:04:13 - [MESSAGE][PASSED] - Navigate to 'https://www.velocitypayment.com/client/rad/index.html' successfully

2024-11-07 20:04:13 - [TEST_STEP][PASSED] - orPath_Landing = "Object Repository/RAD_Pages/Landing_Page": null

2024-11-07 20:04:13 - [TEST_STEP][PASSED] - orPath_TaxTypeFilingYear = "Object Repository/RAD_Pages/TaxTypeFilingYear_Page": null

2024-11-07 20:04:13 - [TEST_STEP][PASSED] - orPath_TaxPayer = "Object Repository/RAD_Pages/Taxpayer_Page": null

2024-11-07 20:04:13 - [TEST_STEP][PASSED] - orPath_AddressContact = "Object Repository/RAD_Pages/AddressAndContactInfo_Page": null

2024-11-07 20:04:13 - [TEST_STEP][PASSED] - orPath_FilingStatus = "Object Repository/RAD_Pages/FilingStatus_Page": null

2024-11-07 20:04:13 - [TEST_STEP][PASSED] - orPath_Amount = "Object Repository/RAD_Pages/PaymentAmount_Page": null

2024-11-07 20:04:13 - [TEST_STEP][PASSED] - orPath_TaxInfo = "Object Repository/RAD_Pages/TaxInfo_Page": null

2024-11-07 20:04:13 - [TEST_STEP][PASSED] - orPath_Withholding = "Object Repository/RAD_Pages/Withholding_Page": null

2024-11-07 20:04:13 - [TEST_STEP][PASSED] - orPath_Summary = "Object Repository/RAD_Pages/Summary_Page": null

2024-11-07 20:04:13 - [TEST_STEP][PASSED] - orPath_PaymentReady = "Object Repository/RAD_Pages/PaymentReady_Page": null

2024-11-07 20:04:13 - [TEST_STEP][PASSED] - orPath_PaymentEntry = "Object Repository/RAD_Pages/PaymentEntry_Page": null

2024-11-07 20:04:13 - [TEST_STEP][PASSED] - orPath_PaymentConfirmation = "Object Repository/RAD_Pages/PaymentConfirmation_Page": null

2024-11-07 20:04:13 - [TEST_STEP][PASSED] - orPath_ServiceFeesAccept = "Object Repository/RAD_Pages/ServiceFeeAccept_Page": null

2024-11-07 20:04:13 - [TEST_STEP][PASSED] - selectOptionByLabel(findTestObject(orPath_Landing + "/dd_TaxType"), Taxtype, false): All options with label 'Existing Liability with Notice/Invoice Number' are selected in object 'Object Repository/RAD_Pages/Landing_Page/dd_TaxType' 

2024-11-07 20:04:13 - [MESSAGE][PASSED] - All options with label 'Existing Liability with Notice/Invoice Number' are selected in object 'Object Repository/RAD_Pages/Landing_Page/dd_TaxType' 

2024-11-07 20:04:13 - [TEST_STEP][PASSED] - delay(1): Delayed 1 second(s)

2024-11-07 20:04:14 - [MESSAGE][PASSED] - Delayed 1 second(s)

2024-11-07 20:04:14 - [TEST_STEP][PASSED] - selectOptionByLabel(findTestObject(orPath_TaxTypeFilingYear + "/select_TaxType_ExistingLiability"), TaxTypeEL, false): All options with label 'Tobacco Tax' are selected in object 'Object Repository/RAD_Pages/TaxTypeFilingYear_Page/select_TaxType_ExistingLiability' 

2024-11-07 20:04:15 - [MESSAGE][PASSED] - All options with label 'Tobacco Tax' are selected in object 'Object Repository/RAD_Pages/TaxTypeFilingYear_Page/select_TaxType_ExistingLiability' 

2024-11-07 20:04:15 - [TEST_STEP][PASSED] - setText(findTestObject(orPath_TaxInfo + "/input_NoticeInvoiceNumber"), notInvNumber): Text '123456789012' is set on object 'Object Repository/RAD_Pages/TaxInfo_Page/input_NoticeInvoiceNumber'

2024-11-07 20:04:16 - [MESSAGE][PASSED] - Text '123456789012' is set on object 'Object Repository/RAD_Pages/TaxInfo_Page/input_NoticeInvoiceNumber'

2024-11-07 20:04:16 - [TEST_STEP][PASSED] - setText(findTestObject(orPath_TaxInfo + "/input_reTypeNoticeInvoiceNumber"), notInvNumber): Text '123456789012' is set on object 'Object Repository/RAD_Pages/TaxInfo_Page/input_reTypeNoticeInvoiceNumber'

2024-11-07 20:04:17 - [MESSAGE][PASSED] - Text '123456789012' is set on object 'Object Repository/RAD_Pages/TaxInfo_Page/input_reTypeNoticeInvoiceNumber'

2024-11-07 20:04:17 - [TEST_STEP][PASSED] - println(notInvNumber): null

2024-11-07 20:04:17 - [TEST_STEP][PASSED] - if (verifyTextPresent(errorMsg, true)): null

2024-11-07 20:04:17 - [MESSAGE][PASSED] - Text 'Notice Number or Invoice Number must be 10, 11, or 13 digits in length, with a value greater than zero' is present on page  using regular expression

2024-11-07 20:04:17 - [TEST_STEP][PASSED] - println("Error Message is present on the page"): null

2024-11-07 20:04:17 - [TEST_STEP][PASSED] - out.println("Pass Record Number: " + row): null

2024-11-07 20:04:17 - [TEST_STEP][PASSED] - resText = "Pass": null

2024-11-07 20:04:17 - [TEST_STEP][PASSED] - pages.WriteExcel.demoKey(resText, datText, resColumn, datCloumn, fileLoc, nameSheet, row): pages.WriteExcel.demoKey is PASSED

2024-11-07 20:04:17 - [MESSAGE][PASSED] - pages.WriteExcel.demoKey is PASSED

2024-11-07 20:04:17 - [TEST_STEP][PASSED] - ExecuteTC = findTestData(dataFile).getValue("Execute", row): null

2024-11-07 20:04:18 - [TEST_STEP][PASSED] - Taxtype = findTestData(dataFile).getValue("TaxType", row): null

2024-11-07 20:04:18 - [TEST_STEP][PASSED] - TaxTypeEL = findTestData(dataFile).getValue("TaxTypeEL", row): null

2024-11-07 20:04:18 - [TEST_STEP][PASSED] - notInvNumber = findTestData(dataFile).getValue("NotiInvoNumber", row): null

2024-11-07 20:04:18 - [TEST_STEP][PASSED] - errorMsg = findTestData(dataFile).getValue("ErrorMessage", row): null

2024-11-07 20:04:18 - [TEST_STEP][PASSED] - out.println("Value of Execute is : " + ExecuteTC): null

2024-11-07 20:04:18 - [TEST_STEP][PASSED] - if (ExecuteTC.equalsIgnoreCase("Y")): null

2024-11-07 20:04:18 - [TEST_STEP][PASSED] - out.println("Begin Record Number: " + row): null

2024-11-07 20:04:18 - [TEST_STEP][PASSED] - today = new java.util.Date(): null

2024-11-07 20:04:18 - [TEST_STEP][PASSED] - println(today): null

2024-11-07 20:04:18 - [TEST_STEP][PASSED] - datText = today: null

2024-11-07 20:04:18 - [TEST_STEP][PASSED] - Taxtype = findTestData(dataFile).getValue("TaxType", row): null

2024-11-07 20:04:18 - [TEST_STEP][PASSED] - out.println("Taxtype value is : " + Taxtype): null

2024-11-07 20:04:18 - [TEST_STEP][PASSED] - openBrowser(""): Browser is opened with url: ''

2024-11-07 20:04:18 - [MESSAGE][WARNING] - A browser is already opened. Closing browser and opening a new one

2024-11-07 20:04:20 - [MESSAGE][INFO] - Starting 'Chrome' driver

2024-11-07 20:04:20 - [MESSAGE][INFO] - User set preference: ['acceptInsecureCerts', 'true']

2024-11-07 20:04:20 - [MESSAGE][INFO] - Action delay is set to 0 milliseconds

2024-11-07 20:04:22 - [MESSAGE][PASSED] - Browser is opened with url: ''

2024-11-07 20:04:22 - [TEST_STEP][PASSED] - maximizeWindow(): Current window maximized

2024-11-07 20:04:22 - [MESSAGE][PASSED] - Current window maximized

2024-11-07 20:04:22 - [TEST_STEP][PASSED] - navigateToUrl(RADurl): Navigate to 'https://www.velocitypayment.com/client/rad/index.html' successfully

2024-11-07 20:04:24 - [MESSAGE][PASSED] - Navigate to 'https://www.velocitypayment.com/client/rad/index.html' successfully

2024-11-07 20:04:24 - [TEST_STEP][PASSED] - orPath_Landing = "Object Repository/RAD_Pages/Landing_Page": null

2024-11-07 20:04:24 - [TEST_STEP][PASSED] - orPath_TaxTypeFilingYear = "Object Repository/RAD_Pages/TaxTypeFilingYear_Page": null

2024-11-07 20:04:24 - [TEST_STEP][PASSED] - orPath_TaxPayer = "Object Repository/RAD_Pages/Taxpayer_Page": null

2024-11-07 20:04:24 - [TEST_STEP][PASSED] - orPath_AddressContact = "Object Repository/RAD_Pages/AddressAndContactInfo_Page": null

2024-11-07 20:04:24 - [TEST_STEP][PASSED] - orPath_FilingStatus = "Object Repository/RAD_Pages/FilingStatus_Page": null

2024-11-07 20:04:24 - [TEST_STEP][PASSED] - orPath_Amount = "Object Repository/RAD_Pages/PaymentAmount_Page": null

2024-11-07 20:04:24 - [TEST_STEP][PASSED] - orPath_TaxInfo = "Object Repository/RAD_Pages/TaxInfo_Page": null

2024-11-07 20:04:24 - [TEST_STEP][PASSED] - orPath_Withholding = "Object Repository/RAD_Pages/Withholding_Page": null

2024-11-07 20:04:24 - [TEST_STEP][PASSED] - orPath_Summary = "Object Repository/RAD_Pages/Summary_Page": null

2024-11-07 20:04:24 - [TEST_STEP][PASSED] - orPath_PaymentReady = "Object Repository/RAD_Pages/PaymentReady_Page": null

2024-11-07 20:04:24 - [TEST_STEP][PASSED] - orPath_PaymentEntry = "Object Repository/RAD_Pages/PaymentEntry_Page": null

2024-11-07 20:04:24 - [TEST_STEP][PASSED] - orPath_PaymentConfirmation = "Object Repository/RAD_Pages/PaymentConfirmation_Page": null

2024-11-07 20:04:24 - [TEST_STEP][PASSED] - orPath_ServiceFeesAccept = "Object Repository/RAD_Pages/ServiceFeeAccept_Page": null

2024-11-07 20:04:24 - [TEST_STEP][PASSED] - selectOptionByLabel(findTestObject(orPath_Landing + "/dd_TaxType"), Taxtype, false): All options with label 'Existing Liability with Notice/Invoice Number' are selected in object 'Object Repository/RAD_Pages/Landing_Page/dd_TaxType' 

2024-11-07 20:04:25 - [MESSAGE][PASSED] - All options with label 'Existing Liability with Notice/Invoice Number' are selected in object 'Object Repository/RAD_Pages/Landing_Page/dd_TaxType' 

2024-11-07 20:04:25 - [TEST_STEP][PASSED] - delay(1): Delayed 1 second(s)

2024-11-07 20:04:26 - [MESSAGE][PASSED] - Delayed 1 second(s)

2024-11-07 20:04:26 - [TEST_STEP][PASSED] - selectOptionByLabel(findTestObject(orPath_TaxTypeFilingYear + "/select_TaxType_ExistingLiability"), TaxTypeEL, false): All options with label 'Tobacco Tax' are selected in object 'Object Repository/RAD_Pages/TaxTypeFilingYear_Page/select_TaxType_ExistingLiability' 

2024-11-07 20:04:26 - [MESSAGE][PASSED] - All options with label 'Tobacco Tax' are selected in object 'Object Repository/RAD_Pages/TaxTypeFilingYear_Page/select_TaxType_ExistingLiability' 

2024-11-07 20:04:26 - [TEST_STEP][PASSED] - setText(findTestObject(orPath_TaxInfo + "/input_NoticeInvoiceNumber"), notInvNumber): Text '0000000000' is set on object 'Object Repository/RAD_Pages/TaxInfo_Page/input_NoticeInvoiceNumber'

2024-11-07 20:04:27 - [MESSAGE][PASSED] - Text '0000000000' is set on object 'Object Repository/RAD_Pages/TaxInfo_Page/input_NoticeInvoiceNumber'

2024-11-07 20:04:27 - [TEST_STEP][PASSED] - setText(findTestObject(orPath_TaxInfo + "/input_reTypeNoticeInvoiceNumber"), notInvNumber): Text '0000000000' is set on object 'Object Repository/RAD_Pages/TaxInfo_Page/input_reTypeNoticeInvoiceNumber'

2024-11-07 20:04:28 - [MESSAGE][PASSED] - Text '0000000000' is set on object 'Object Repository/RAD_Pages/TaxInfo_Page/input_reTypeNoticeInvoiceNumber'

2024-11-07 20:04:28 - [TEST_STEP][PASSED] - println(notInvNumber): null

2024-11-07 20:04:28 - [TEST_STEP][PASSED] - if (verifyTextPresent(errorMsg, true)): null

2024-11-07 20:04:29 - [MESSAGE][PASSED] - Text 'Notice Number or Invoice Number must be 10, 11, or 13 digits in length, with a value greater than zero' is present on page  using regular expression

2024-11-07 20:04:29 - [TEST_STEP][PASSED] - println("Error Message is present on the page"): null

2024-11-07 20:04:29 - [TEST_STEP][PASSED] - out.println("Pass Record Number: " + row): null

2024-11-07 20:04:29 - [TEST_STEP][PASSED] - resText = "Pass": null

2024-11-07 20:04:29 - [TEST_STEP][PASSED] - pages.WriteExcel.demoKey(resText, datText, resColumn, datCloumn, fileLoc, nameSheet, row): pages.WriteExcel.demoKey is PASSED

2024-11-07 20:04:29 - [MESSAGE][PASSED] - pages.WriteExcel.demoKey is PASSED

2024-11-07 20:04:29 - [TEST_STEP][PASSED] - ExecuteTC = findTestData(dataFile).getValue("Execute", row): null

2024-11-07 20:04:29 - [TEST_STEP][PASSED] - Taxtype = findTestData(dataFile).getValue("TaxType", row): null

2024-11-07 20:04:29 - [TEST_STEP][PASSED] - TaxTypeEL = findTestData(dataFile).getValue("TaxTypeEL", row): null

2024-11-07 20:04:29 - [TEST_STEP][PASSED] - notInvNumber = findTestData(dataFile).getValue("NotiInvoNumber", row): null

2024-11-07 20:04:29 - [TEST_STEP][PASSED] - errorMsg = findTestData(dataFile).getValue("ErrorMessage", row): null

2024-11-07 20:04:29 - [TEST_STEP][PASSED] - out.println("Value of Execute is : " + ExecuteTC): null

2024-11-07 20:04:29 - [TEST_STEP][PASSED] - if (ExecuteTC.equalsIgnoreCase("Y")): null

2024-11-07 20:04:29 - [TEST_STEP][PASSED] - out.println("Begin Record Number: " + row): null

2024-11-07 20:04:29 - [TEST_STEP][PASSED] - today = new java.util.Date(): null

2024-11-07 20:04:29 - [TEST_STEP][PASSED] - println(today): null

2024-11-07 20:04:29 - [TEST_STEP][PASSED] - datText = today: null

2024-11-07 20:04:29 - [TEST_STEP][PASSED] - Taxtype = findTestData(dataFile).getValue("TaxType", row): null

2024-11-07 20:04:29 - [TEST_STEP][PASSED] - out.println("Taxtype value is : " + Taxtype): null

2024-11-07 20:04:29 - [TEST_STEP][PASSED] - openBrowser(""): Browser is opened with url: ''

2024-11-07 20:04:29 - [MESSAGE][WARNING] - A browser is already opened. Closing browser and opening a new one

2024-11-07 20:04:31 - [MESSAGE][INFO] - Starting 'Chrome' driver

2024-11-07 20:04:31 - [MESSAGE][INFO] - User set preference: ['acceptInsecureCerts', 'true']

2024-11-07 20:04:31 - [MESSAGE][INFO] - Action delay is set to 0 milliseconds

2024-11-07 20:04:33 - [MESSAGE][PASSED] - Browser is opened with url: ''

2024-11-07 20:04:33 - [TEST_STEP][PASSED] - maximizeWindow(): Current window maximized

2024-11-07 20:04:33 - [MESSAGE][PASSED] - Current window maximized

2024-11-07 20:04:33 - [TEST_STEP][PASSED] - navigateToUrl(RADurl): Navigate to 'https://www.velocitypayment.com/client/rad/index.html' successfully

2024-11-07 20:04:35 - [MESSAGE][PASSED] - Navigate to 'https://www.velocitypayment.com/client/rad/index.html' successfully

2024-11-07 20:04:35 - [TEST_STEP][PASSED] - orPath_Landing = "Object Repository/RAD_Pages/Landing_Page": null

2024-11-07 20:04:35 - [TEST_STEP][PASSED] - orPath_TaxTypeFilingYear = "Object Repository/RAD_Pages/TaxTypeFilingYear_Page": null

2024-11-07 20:04:35 - [TEST_STEP][PASSED] - orPath_TaxPayer = "Object Repository/RAD_Pages/Taxpayer_Page": null

2024-11-07 20:04:35 - [TEST_STEP][PASSED] - orPath_AddressContact = "Object Repository/RAD_Pages/AddressAndContactInfo_Page": null

2024-11-07 20:04:35 - [TEST_STEP][PASSED] - orPath_FilingStatus = "Object Repository/RAD_Pages/FilingStatus_Page": null

2024-11-07 20:04:35 - [TEST_STEP][PASSED] - orPath_Amount = "Object Repository/RAD_Pages/PaymentAmount_Page": null

2024-11-07 20:04:35 - [TEST_STEP][PASSED] - orPath_TaxInfo = "Object Repository/RAD_Pages/TaxInfo_Page": null

2024-11-07 20:04:35 - [TEST_STEP][PASSED] - orPath_Withholding = "Object Repository/RAD_Pages/Withholding_Page": null

2024-11-07 20:04:35 - [TEST_STEP][PASSED] - orPath_Summary = "Object Repository/RAD_Pages/Summary_Page": null

2024-11-07 20:04:35 - [TEST_STEP][PASSED] - orPath_PaymentReady = "Object Repository/RAD_Pages/PaymentReady_Page": null

2024-11-07 20:04:35 - [TEST_STEP][PASSED] - orPath_PaymentEntry = "Object Repository/RAD_Pages/PaymentEntry_Page": null

2024-11-07 20:04:35 - [TEST_STEP][PASSED] - orPath_PaymentConfirmation = "Object Repository/RAD_Pages/PaymentConfirmation_Page": null

2024-11-07 20:04:35 - [TEST_STEP][PASSED] - orPath_ServiceFeesAccept = "Object Repository/RAD_Pages/ServiceFeeAccept_Page": null

2024-11-07 20:04:35 - [TEST_STEP][PASSED] - selectOptionByLabel(findTestObject(orPath_Landing + "/dd_TaxType"), Taxtype, false): All options with label 'Existing Liability with Notice/Invoice Number' are selected in object 'Object Repository/RAD_Pages/Landing_Page/dd_TaxType' 

2024-11-07 20:04:36 - [MESSAGE][PASSED] - All options with label 'Existing Liability with Notice/Invoice Number' are selected in object 'Object Repository/RAD_Pages/Landing_Page/dd_TaxType' 

2024-11-07 20:04:36 - [TEST_STEP][PASSED] - delay(1): Delayed 1 second(s)

2024-11-07 20:04:37 - [MESSAGE][PASSED] - Delayed 1 second(s)

2024-11-07 20:04:37 - [TEST_STEP][PASSED] - selectOptionByLabel(findTestObject(orPath_TaxTypeFilingYear + "/select_TaxType_ExistingLiability"), TaxTypeEL, false): All options with label 'Transportation Network Services' are selected in object 'Object Repository/RAD_Pages/TaxTypeFilingYear_Page/select_TaxType_ExistingLiability' 

2024-11-07 20:04:37 - [MESSAGE][PASSED] - All options with label 'Transportation Network Services' are selected in object 'Object Repository/RAD_Pages/TaxTypeFilingYear_Page/select_TaxType_ExistingLiability' 

2024-11-07 20:04:37 - [TEST_STEP][PASSED] - setText(findTestObject(orPath_TaxInfo + "/input_NoticeInvoiceNumber"), notInvNumber): Text '123456789' is set on object 'Object Repository/RAD_Pages/TaxInfo_Page/input_NoticeInvoiceNumber'

2024-11-07 20:04:38 - [MESSAGE][PASSED] - Text '123456789' is set on object 'Object Repository/RAD_Pages/TaxInfo_Page/input_NoticeInvoiceNumber'

2024-11-07 20:04:38 - [TEST_STEP][PASSED] - setText(findTestObject(orPath_TaxInfo + "/input_reTypeNoticeInvoiceNumber"), notInvNumber): Text '123456789' is set on object 'Object Repository/RAD_Pages/TaxInfo_Page/input_reTypeNoticeInvoiceNumber'

2024-11-07 20:04:39 - [MESSAGE][PASSED] - Text '123456789' is set on object 'Object Repository/RAD_Pages/TaxInfo_Page/input_reTypeNoticeInvoiceNumber'

2024-11-07 20:04:39 - [TEST_STEP][PASSED] - println(notInvNumber): null

2024-11-07 20:04:39 - [TEST_STEP][PASSED] - if (verifyTextPresent(errorMsg, true)): null

2024-11-07 20:04:40 - [MESSAGE][PASSED] - Text 'Notice Number or Invoice Number must be 10, 11, or 13 digits in length, with a value greater than zero' is present on page  using regular expression

2024-11-07 20:04:40 - [TEST_STEP][PASSED] - println("Error Message is present on the page"): null

2024-11-07 20:04:40 - [TEST_STEP][PASSED] - out.println("Pass Record Number: " + row): null

2024-11-07 20:04:40 - [TEST_STEP][PASSED] - resText = "Pass": null

2024-11-07 20:04:40 - [TEST_STEP][PASSED] - pages.WriteExcel.demoKey(resText, datText, resColumn, datCloumn, fileLoc, nameSheet, row): pages.WriteExcel.demoKey is PASSED

2024-11-07 20:04:40 - [MESSAGE][PASSED] - pages.WriteExcel.demoKey is PASSED

2024-11-07 20:04:40 - [TEST_STEP][PASSED] - ExecuteTC = findTestData(dataFile).getValue("Execute", row): null

2024-11-07 20:04:40 - [TEST_STEP][PASSED] - Taxtype = findTestData(dataFile).getValue("TaxType", row): null

2024-11-07 20:04:40 - [TEST_STEP][PASSED] - TaxTypeEL = findTestData(dataFile).getValue("TaxTypeEL", row): null

2024-11-07 20:04:40 - [TEST_STEP][PASSED] - notInvNumber = findTestData(dataFile).getValue("NotiInvoNumber", row): null

2024-11-07 20:04:40 - [TEST_STEP][PASSED] - errorMsg = findTestData(dataFile).getValue("ErrorMessage", row): null

2024-11-07 20:04:40 - [TEST_STEP][PASSED] - out.println("Value of Execute is : " + ExecuteTC): null

2024-11-07 20:04:40 - [TEST_STEP][PASSED] - if (ExecuteTC.equalsIgnoreCase("Y")): null

2024-11-07 20:04:40 - [TEST_STEP][PASSED] - out.println("Begin Record Number: " + row): null

2024-11-07 20:04:40 - [TEST_STEP][PASSED] - today = new java.util.Date(): null

2024-11-07 20:04:40 - [TEST_STEP][PASSED] - println(today): null

2024-11-07 20:04:40 - [TEST_STEP][PASSED] - datText = today: null

2024-11-07 20:04:40 - [TEST_STEP][PASSED] - Taxtype = findTestData(dataFile).getValue("TaxType", row): null

2024-11-07 20:04:40 - [TEST_STEP][PASSED] - out.println("Taxtype value is : " + Taxtype): null

2024-11-07 20:04:40 - [TEST_STEP][PASSED] - openBrowser(""): Browser is opened with url: ''

2024-11-07 20:04:40 - [MESSAGE][WARNING] - A browser is already opened. Closing browser and opening a new one

2024-11-07 20:04:41 - [MESSAGE][INFO] - Starting 'Chrome' driver

2024-11-07 20:04:41 - [MESSAGE][INFO] - User set preference: ['acceptInsecureCerts', 'true']

2024-11-07 20:04:41 - [MESSAGE][INFO] - Action delay is set to 0 milliseconds

2024-11-07 20:04:43 - [MESSAGE][PASSED] - Browser is opened with url: ''

2024-11-07 20:04:43 - [TEST_STEP][PASSED] - maximizeWindow(): Current window maximized

2024-11-07 20:04:43 - [MESSAGE][PASSED] - Current window maximized

2024-11-07 20:04:43 - [TEST_STEP][PASSED] - navigateToUrl(RADurl): Navigate to 'https://www.velocitypayment.com/client/rad/index.html' successfully

2024-11-07 20:04:46 - [MESSAGE][PASSED] - Navigate to 'https://www.velocitypayment.com/client/rad/index.html' successfully

2024-11-07 20:04:46 - [TEST_STEP][PASSED] - orPath_Landing = "Object Repository/RAD_Pages/Landing_Page": null

2024-11-07 20:04:46 - [TEST_STEP][PASSED] - orPath_TaxTypeFilingYear = "Object Repository/RAD_Pages/TaxTypeFilingYear_Page": null

2024-11-07 20:04:46 - [TEST_STEP][PASSED] - orPath_TaxPayer = "Object Repository/RAD_Pages/Taxpayer_Page": null

2024-11-07 20:04:46 - [TEST_STEP][PASSED] - orPath_AddressContact = "Object Repository/RAD_Pages/AddressAndContactInfo_Page": null

2024-11-07 20:04:46 - [TEST_STEP][PASSED] - orPath_FilingStatus = "Object Repository/RAD_Pages/FilingStatus_Page": null

2024-11-07 20:04:46 - [TEST_STEP][PASSED] - orPath_Amount = "Object Repository/RAD_Pages/PaymentAmount_Page": null

2024-11-07 20:04:46 - [TEST_STEP][PASSED] - orPath_TaxInfo = "Object Repository/RAD_Pages/TaxInfo_Page": null

2024-11-07 20:04:46 - [TEST_STEP][PASSED] - orPath_Withholding = "Object Repository/RAD_Pages/Withholding_Page": null

2024-11-07 20:04:46 - [TEST_STEP][PASSED] - orPath_Summary = "Object Repository/RAD_Pages/Summary_Page": null

2024-11-07 20:04:46 - [TEST_STEP][PASSED] - orPath_PaymentReady = "Object Repository/RAD_Pages/PaymentReady_Page": null

2024-11-07 20:04:46 - [TEST_STEP][PASSED] - orPath_PaymentEntry = "Object Repository/RAD_Pages/PaymentEntry_Page": null

2024-11-07 20:04:46 - [TEST_STEP][PASSED] - orPath_PaymentConfirmation = "Object Repository/RAD_Pages/PaymentConfirmation_Page": null

2024-11-07 20:04:46 - [TEST_STEP][PASSED] - orPath_ServiceFeesAccept = "Object Repository/RAD_Pages/ServiceFeeAccept_Page": null

2024-11-07 20:04:46 - [TEST_STEP][PASSED] - selectOptionByLabel(findTestObject(orPath_Landing + "/dd_TaxType"), Taxtype, false): All options with label 'Existing Liability with Notice/Invoice Number' are selected in object 'Object Repository/RAD_Pages/Landing_Page/dd_TaxType' 

2024-11-07 20:04:46 - [MESSAGE][PASSED] - All options with label 'Existing Liability with Notice/Invoice Number' are selected in object 'Object Repository/RAD_Pages/Landing_Page/dd_TaxType' 

2024-11-07 20:04:46 - [TEST_STEP][PASSED] - delay(1): Delayed 1 second(s)

2024-11-07 20:04:47 - [MESSAGE][PASSED] - Delayed 1 second(s)

2024-11-07 20:04:47 - [TEST_STEP][PASSED] - selectOptionByLabel(findTestObject(orPath_TaxTypeFilingYear + "/select_TaxType_ExistingLiability"), TaxTypeEL, false): All options with label 'Transportation Network Services' are selected in object 'Object Repository/RAD_Pages/TaxTypeFilingYear_Page/select_TaxType_ExistingLiability' 

2024-11-07 20:04:48 - [MESSAGE][PASSED] - All options with label 'Transportation Network Services' are selected in object 'Object Repository/RAD_Pages/TaxTypeFilingYear_Page/select_TaxType_ExistingLiability' 

2024-11-07 20:04:48 - [TEST_STEP][PASSED] - setText(findTestObject(orPath_TaxInfo + "/input_NoticeInvoiceNumber"), notInvNumber): Text '123456789012' is set on object 'Object Repository/RAD_Pages/TaxInfo_Page/input_NoticeInvoiceNumber'

2024-11-07 20:04:49 - [MESSAGE][PASSED] - Text '123456789012' is set on object 'Object Repository/RAD_Pages/TaxInfo_Page/input_NoticeInvoiceNumber'

2024-11-07 20:04:49 - [TEST_STEP][PASSED] - setText(findTestObject(orPath_TaxInfo + "/input_reTypeNoticeInvoiceNumber"), notInvNumber): Text '123456789012' is set on object 'Object Repository/RAD_Pages/TaxInfo_Page/input_reTypeNoticeInvoiceNumber'

2024-11-07 20:04:50 - [MESSAGE][PASSED] - Text '123456789012' is set on object 'Object Repository/RAD_Pages/TaxInfo_Page/input_reTypeNoticeInvoiceNumber'

2024-11-07 20:04:50 - [TEST_STEP][PASSED] - println(notInvNumber): null

2024-11-07 20:04:50 - [TEST_STEP][PASSED] - if (verifyTextPresent(errorMsg, true)): null

2024-11-07 20:04:50 - [MESSAGE][PASSED] - Text 'Notice Number or Invoice Number must be 10, 11, or 13 digits in length, with a value greater than zero' is present on page  using regular expression

2024-11-07 20:04:50 - [TEST_STEP][PASSED] - println("Error Message is present on the page"): null

2024-11-07 20:04:50 - [TEST_STEP][PASSED] - out.println("Pass Record Number: " + row): null

2024-11-07 20:04:50 - [TEST_STEP][PASSED] - resText = "Pass": null

2024-11-07 20:04:50 - [TEST_STEP][PASSED] - pages.WriteExcel.demoKey(resText, datText, resColumn, datCloumn, fileLoc, nameSheet, row): pages.WriteExcel.demoKey is PASSED

2024-11-07 20:04:51 - [MESSAGE][PASSED] - pages.WriteExcel.demoKey is PASSED

2024-11-07 20:04:51 - [TEST_STEP][PASSED] - ExecuteTC = findTestData(dataFile).getValue("Execute", row): null

2024-11-07 20:04:51 - [TEST_STEP][PASSED] - Taxtype = findTestData(dataFile).getValue("TaxType", row): null

2024-11-07 20:04:51 - [TEST_STEP][PASSED] - TaxTypeEL = findTestData(dataFile).getValue("TaxTypeEL", row): null

2024-11-07 20:04:51 - [TEST_STEP][PASSED] - notInvNumber = findTestData(dataFile).getValue("NotiInvoNumber", row): null

2024-11-07 20:04:51 - [TEST_STEP][PASSED] - errorMsg = findTestData(dataFile).getValue("ErrorMessage", row): null

2024-11-07 20:04:51 - [TEST_STEP][PASSED] - out.println("Value of Execute is : " + ExecuteTC): null

2024-11-07 20:04:51 - [TEST_STEP][PASSED] - if (ExecuteTC.equalsIgnoreCase("Y")): null

2024-11-07 20:04:51 - [TEST_STEP][PASSED] - out.println("Begin Record Number: " + row): null

2024-11-07 20:04:51 - [TEST_STEP][PASSED] - today = new java.util.Date(): null

2024-11-07 20:04:51 - [TEST_STEP][PASSED] - println(today): null

2024-11-07 20:04:51 - [TEST_STEP][PASSED] - datText = today: null

2024-11-07 20:04:51 - [TEST_STEP][PASSED] - Taxtype = findTestData(dataFile).getValue("TaxType", row): null

2024-11-07 20:04:51 - [TEST_STEP][PASSED] - out.println("Taxtype value is : " + Taxtype): null

2024-11-07 20:04:51 - [TEST_STEP][PASSED] - openBrowser(""): Browser is opened with url: ''

2024-11-07 20:04:51 - [MESSAGE][WARNING] - A browser is already opened. Closing browser and opening a new one

2024-11-07 20:04:53 - [MESSAGE][INFO] - Starting 'Chrome' driver

2024-11-07 20:04:53 - [MESSAGE][INFO] - User set preference: ['acceptInsecureCerts', 'true']

2024-11-07 20:04:53 - [MESSAGE][INFO] - Action delay is set to 0 milliseconds

2024-11-07 20:04:55 - [MESSAGE][PASSED] - Browser is opened with url: ''

2024-11-07 20:04:55 - [TEST_STEP][PASSED] - maximizeWindow(): Current window maximized

2024-11-07 20:04:55 - [MESSAGE][PASSED] - Current window maximized

2024-11-07 20:04:55 - [TEST_STEP][PASSED] - navigateToUrl(RADurl): Navigate to 'https://www.velocitypayment.com/client/rad/index.html' successfully

2024-11-07 20:04:57 - [MESSAGE][PASSED] - Navigate to 'https://www.velocitypayment.com/client/rad/index.html' successfully

2024-11-07 20:04:57 - [TEST_STEP][PASSED] - orPath_Landing = "Object Repository/RAD_Pages/Landing_Page": null

2024-11-07 20:04:57 - [TEST_STEP][PASSED] - orPath_TaxTypeFilingYear = "Object Repository/RAD_Pages/TaxTypeFilingYear_Page": null

2024-11-07 20:04:57 - [TEST_STEP][PASSED] - orPath_TaxPayer = "Object Repository/RAD_Pages/Taxpayer_Page": null

2024-11-07 20:04:57 - [TEST_STEP][PASSED] - orPath_AddressContact = "Object Repository/RAD_Pages/AddressAndContactInfo_Page": null

2024-11-07 20:04:57 - [TEST_STEP][PASSED] - orPath_FilingStatus = "Object Repository/RAD_Pages/FilingStatus_Page": null

2024-11-07 20:04:57 - [TEST_STEP][PASSED] - orPath_Amount = "Object Repository/RAD_Pages/PaymentAmount_Page": null

2024-11-07 20:04:57 - [TEST_STEP][PASSED] - orPath_TaxInfo = "Object Repository/RAD_Pages/TaxInfo_Page": null

2024-11-07 20:04:57 - [TEST_STEP][PASSED] - orPath_Withholding = "Object Repository/RAD_Pages/Withholding_Page": null

2024-11-07 20:04:57 - [TEST_STEP][PASSED] - orPath_Summary = "Object Repository/RAD_Pages/Summary_Page": null

2024-11-07 20:04:57 - [TEST_STEP][PASSED] - orPath_PaymentReady = "Object Repository/RAD_Pages/PaymentReady_Page": null

2024-11-07 20:04:57 - [TEST_STEP][PASSED] - orPath_PaymentEntry = "Object Repository/RAD_Pages/PaymentEntry_Page": null

2024-11-07 20:04:57 - [TEST_STEP][PASSED] - orPath_PaymentConfirmation = "Object Repository/RAD_Pages/PaymentConfirmation_Page": null

2024-11-07 20:04:57 - [TEST_STEP][PASSED] - orPath_ServiceFeesAccept = "Object Repository/RAD_Pages/ServiceFeeAccept_Page": null

2024-11-07 20:04:57 - [TEST_STEP][PASSED] - selectOptionByLabel(findTestObject(orPath_Landing + "/dd_TaxType"), Taxtype, false): All options with label 'Existing Liability with Notice/Invoice Number' are selected in object 'Object Repository/RAD_Pages/Landing_Page/dd_TaxType' 

2024-11-07 20:04:58 - [MESSAGE][PASSED] - All options with label 'Existing Liability with Notice/Invoice Number' are selected in object 'Object Repository/RAD_Pages/Landing_Page/dd_TaxType' 

2024-11-07 20:04:58 - [TEST_STEP][PASSED] - delay(1): Delayed 1 second(s)

2024-11-07 20:04:59 - [MESSAGE][PASSED] - Delayed 1 second(s)

2024-11-07 20:04:59 - [TEST_STEP][PASSED] - selectOptionByLabel(findTestObject(orPath_TaxTypeFilingYear + "/select_TaxType_ExistingLiability"), TaxTypeEL, false): All options with label 'Transportation Network Services' are selected in object 'Object Repository/RAD_Pages/TaxTypeFilingYear_Page/select_TaxType_ExistingLiability' 

2024-11-07 20:05:00 - [MESSAGE][PASSED] - All options with label 'Transportation Network Services' are selected in object 'Object Repository/RAD_Pages/TaxTypeFilingYear_Page/select_TaxType_ExistingLiability' 

2024-11-07 20:05:00 - [TEST_STEP][PASSED] - setText(findTestObject(orPath_TaxInfo + "/input_NoticeInvoiceNumber"), notInvNumber): Text '0000000000' is set on object 'Object Repository/RAD_Pages/TaxInfo_Page/input_NoticeInvoiceNumber'

2024-11-07 20:05:01 - [MESSAGE][PASSED] - Text '0000000000' is set on object 'Object Repository/RAD_Pages/TaxInfo_Page/input_NoticeInvoiceNumber'

2024-11-07 20:05:01 - [TEST_STEP][PASSED] - setText(findTestObject(orPath_TaxInfo + "/input_reTypeNoticeInvoiceNumber"), notInvNumber): Text '0000000000' is set on object 'Object Repository/RAD_Pages/TaxInfo_Page/input_reTypeNoticeInvoiceNumber'

2024-11-07 20:05:02 - [MESSAGE][PASSED] - Text '0000000000' is set on object 'Object Repository/RAD_Pages/TaxInfo_Page/input_reTypeNoticeInvoiceNumber'

2024-11-07 20:05:02 - [TEST_STEP][PASSED] - println(notInvNumber): null

2024-11-07 20:05:02 - [TEST_STEP][PASSED] - if (verifyTextPresent(errorMsg, true)): null

2024-11-07 20:05:02 - [MESSAGE][PASSED] - Text 'Notice Number or Invoice Number must be 10, 11, or 13 digits in length, with a value greater than zero' is present on page  using regular expression

2024-11-07 20:05:02 - [TEST_STEP][PASSED] - println("Error Message is present on the page"): null

2024-11-07 20:05:02 - [TEST_STEP][PASSED] - out.println("Pass Record Number: " + row): null

2024-11-07 20:05:02 - [TEST_STEP][PASSED] - resText = "Pass": null

2024-11-07 20:05:02 - [TEST_STEP][PASSED] - pages.WriteExcel.demoKey(resText, datText, resColumn, datCloumn, fileLoc, nameSheet, row): pages.WriteExcel.demoKey is PASSED

2024-11-07 20:05:02 - [MESSAGE][PASSED] - pages.WriteExcel.demoKey is PASSED

2024-11-07 20:05:02 - [TEST_STEP][PASSED] - ExecuteTC = findTestData(dataFile).getValue("Execute", row): null

2024-11-07 20:05:02 - [TEST_STEP][PASSED] - Taxtype = findTestData(dataFile).getValue("TaxType", row): null

2024-11-07 20:05:02 - [TEST_STEP][PASSED] - TaxTypeEL = findTestData(dataFile).getValue("TaxTypeEL", row): null

2024-11-07 20:05:02 - [TEST_STEP][PASSED] - notInvNumber = findTestData(dataFile).getValue("NotiInvoNumber", row): null

2024-11-07 20:05:02 - [TEST_STEP][PASSED] - errorMsg = findTestData(dataFile).getValue("ErrorMessage", row): null

2024-11-07 20:05:02 - [TEST_STEP][PASSED] - out.println("Value of Execute is : " + ExecuteTC): null

2024-11-07 20:05:02 - [TEST_STEP][PASSED] - if (ExecuteTC.equalsIgnoreCase("Y")): null

2024-11-07 20:05:02 - [TEST_STEP][PASSED] - out.println("Begin Record Number: " + row): null

2024-11-07 20:05:02 - [TEST_STEP][PASSED] - today = new java.util.Date(): null

2024-11-07 20:05:02 - [TEST_STEP][PASSED] - println(today): null

2024-11-07 20:05:02 - [TEST_STEP][PASSED] - datText = today: null

2024-11-07 20:05:02 - [TEST_STEP][PASSED] - Taxtype = findTestData(dataFile).getValue("TaxType", row): null

2024-11-07 20:05:02 - [TEST_STEP][PASSED] - out.println("Taxtype value is : " + Taxtype): null

2024-11-07 20:05:02 - [TEST_STEP][PASSED] - openBrowser(""): Browser is opened with url: ''

2024-11-07 20:05:02 - [MESSAGE][WARNING] - A browser is already opened. Closing browser and opening a new one

2024-11-07 20:05:04 - [MESSAGE][INFO] - Starting 'Chrome' driver

2024-11-07 20:05:04 - [MESSAGE][INFO] - User set preference: ['acceptInsecureCerts', 'true']

2024-11-07 20:05:04 - [MESSAGE][INFO] - Action delay is set to 0 milliseconds

2024-11-07 20:05:05 - [MESSAGE][PASSED] - Browser is opened with url: ''

2024-11-07 20:05:05 - [TEST_STEP][PASSED] - maximizeWindow(): Current window maximized

2024-11-07 20:05:06 - [MESSAGE][PASSED] - Current window maximized

2024-11-07 20:05:06 - [TEST_STEP][PASSED] - navigateToUrl(RADurl): Navigate to 'https://www.velocitypayment.com/client/rad/index.html' successfully

2024-11-07 20:05:08 - [MESSAGE][PASSED] - Navigate to 'https://www.velocitypayment.com/client/rad/index.html' successfully

2024-11-07 20:05:08 - [TEST_STEP][PASSED] - orPath_Landing = "Object Repository/RAD_Pages/Landing_Page": null

2024-11-07 20:05:08 - [TEST_STEP][PASSED] - orPath_TaxTypeFilingYear = "Object Repository/RAD_Pages/TaxTypeFilingYear_Page": null

2024-11-07 20:05:08 - [TEST_STEP][PASSED] - orPath_TaxPayer = "Object Repository/RAD_Pages/Taxpayer_Page": null

2024-11-07 20:05:08 - [TEST_STEP][PASSED] - orPath_AddressContact = "Object Repository/RAD_Pages/AddressAndContactInfo_Page": null

2024-11-07 20:05:08 - [TEST_STEP][PASSED] - orPath_FilingStatus = "Object Repository/RAD_Pages/FilingStatus_Page": null

2024-11-07 20:05:08 - [TEST_STEP][PASSED] - orPath_Amount = "Object Repository/RAD_Pages/PaymentAmount_Page": null

2024-11-07 20:05:08 - [TEST_STEP][PASSED] - orPath_TaxInfo = "Object Repository/RAD_Pages/TaxInfo_Page": null

2024-11-07 20:05:08 - [TEST_STEP][PASSED] - orPath_Withholding = "Object Repository/RAD_Pages/Withholding_Page": null

2024-11-07 20:05:08 - [TEST_STEP][PASSED] - orPath_Summary = "Object Repository/RAD_Pages/Summary_Page": null

2024-11-07 20:05:08 - [TEST_STEP][PASSED] - orPath_PaymentReady = "Object Repository/RAD_Pages/PaymentReady_Page": null

2024-11-07 20:05:08 - [TEST_STEP][PASSED] - orPath_PaymentEntry = "Object Repository/RAD_Pages/PaymentEntry_Page": null

2024-11-07 20:05:08 - [TEST_STEP][PASSED] - orPath_PaymentConfirmation = "Object Repository/RAD_Pages/PaymentConfirmation_Page": null

2024-11-07 20:05:08 - [TEST_STEP][PASSED] - orPath_ServiceFeesAccept = "Object Repository/RAD_Pages/ServiceFeeAccept_Page": null

2024-11-07 20:05:08 - [TEST_STEP][PASSED] - selectOptionByLabel(findTestObject(orPath_Landing + "/dd_TaxType"), Taxtype, false): All options with label 'Existing Liability with Notice/Invoice Number' are selected in object 'Object Repository/RAD_Pages/Landing_Page/dd_TaxType' 

2024-11-07 20:05:08 - [MESSAGE][PASSED] - All options with label 'Existing Liability with Notice/Invoice Number' are selected in object 'Object Repository/RAD_Pages/Landing_Page/dd_TaxType' 

2024-11-07 20:05:08 - [TEST_STEP][PASSED] - delay(1): Delayed 1 second(s)

2024-11-07 20:05:09 - [MESSAGE][PASSED] - Delayed 1 second(s)

2024-11-07 20:05:09 - [TEST_STEP][PASSED] - selectOptionByLabel(findTestObject(orPath_TaxTypeFilingYear + "/select_TaxType_ExistingLiability"), TaxTypeEL, false): All options with label 'Unclaimed Property' are selected in object 'Object Repository/RAD_Pages/TaxTypeFilingYear_Page/select_TaxType_ExistingLiability' 

2024-11-07 20:05:10 - [MESSAGE][PASSED] - All options with label 'Unclaimed Property' are selected in object 'Object Repository/RAD_Pages/TaxTypeFilingYear_Page/select_TaxType_ExistingLiability' 

2024-11-07 20:05:10 - [TEST_STEP][PASSED] - setText(findTestObject(orPath_TaxInfo + "/input_NoticeInvoiceNumber"), notInvNumber): Text '123456789' is set on object 'Object Repository/RAD_Pages/TaxInfo_Page/input_NoticeInvoiceNumber'

2024-11-07 20:05:11 - [MESSAGE][PASSED] - Text '123456789' is set on object 'Object Repository/RAD_Pages/TaxInfo_Page/input_NoticeInvoiceNumber'

2024-11-07 20:05:11 - [TEST_STEP][PASSED] - setText(findTestObject(orPath_TaxInfo + "/input_reTypeNoticeInvoiceNumber"), notInvNumber): Text '123456789' is set on object 'Object Repository/RAD_Pages/TaxInfo_Page/input_reTypeNoticeInvoiceNumber'

2024-11-07 20:05:12 - [MESSAGE][PASSED] - Text '123456789' is set on object 'Object Repository/RAD_Pages/TaxInfo_Page/input_reTypeNoticeInvoiceNumber'

2024-11-07 20:05:12 - [TEST_STEP][PASSED] - println(notInvNumber): null

2024-11-07 20:05:12 - [TEST_STEP][PASSED] - if (verifyTextPresent(errorMsg, true)): null

2024-11-07 20:05:12 - [MESSAGE][PASSED] - Text 'Notice Number or Invoice Number must be 10, 11, or 13 digits in length, with a value greater than zero' is present on page  using regular expression

2024-11-07 20:05:12 - [TEST_STEP][PASSED] - println("Error Message is present on the page"): null

2024-11-07 20:05:12 - [TEST_STEP][PASSED] - out.println("Pass Record Number: " + row): null

2024-11-07 20:05:12 - [TEST_STEP][PASSED] - resText = "Pass": null

2024-11-07 20:05:12 - [TEST_STEP][PASSED] - pages.WriteExcel.demoKey(resText, datText, resColumn, datCloumn, fileLoc, nameSheet, row): pages.WriteExcel.demoKey is PASSED

2024-11-07 20:05:12 - [MESSAGE][PASSED] - pages.WriteExcel.demoKey is PASSED

2024-11-07 20:05:12 - [TEST_STEP][PASSED] - ExecuteTC = findTestData(dataFile).getValue("Execute", row): null

2024-11-07 20:05:12 - [TEST_STEP][PASSED] - Taxtype = findTestData(dataFile).getValue("TaxType", row): null

2024-11-07 20:05:12 - [TEST_STEP][PASSED] - TaxTypeEL = findTestData(dataFile).getValue("TaxTypeEL", row): null

2024-11-07 20:05:12 - [TEST_STEP][PASSED] - notInvNumber = findTestData(dataFile).getValue("NotiInvoNumber", row): null

2024-11-07 20:05:12 - [TEST_STEP][PASSED] - errorMsg = findTestData(dataFile).getValue("ErrorMessage", row): null

2024-11-07 20:05:13 - [TEST_STEP][PASSED] - out.println("Value of Execute is : " + ExecuteTC): null

2024-11-07 20:05:13 - [TEST_STEP][PASSED] - if (ExecuteTC.equalsIgnoreCase("Y")): null

2024-11-07 20:05:13 - [TEST_STEP][PASSED] - out.println("Begin Record Number: " + row): null

2024-11-07 20:05:13 - [TEST_STEP][PASSED] - today = new java.util.Date(): null

2024-11-07 20:05:13 - [TEST_STEP][PASSED] - println(today): null

2024-11-07 20:05:13 - [TEST_STEP][PASSED] - datText = today: null

2024-11-07 20:05:13 - [TEST_STEP][PASSED] - Taxtype = findTestData(dataFile).getValue("TaxType", row): null

2024-11-07 20:05:13 - [TEST_STEP][PASSED] - out.println("Taxtype value is : " + Taxtype): null

2024-11-07 20:05:13 - [TEST_STEP][PASSED] - openBrowser(""): Browser is opened with url: ''

2024-11-07 20:05:13 - [MESSAGE][WARNING] - A browser is already opened. Closing browser and opening a new one

2024-11-07 20:05:15 - [MESSAGE][INFO] - Starting 'Chrome' driver

2024-11-07 20:05:15 - [MESSAGE][INFO] - User set preference: ['acceptInsecureCerts', 'true']

2024-11-07 20:05:15 - [MESSAGE][INFO] - Action delay is set to 0 milliseconds

2024-11-07 20:05:17 - [MESSAGE][PASSED] - Browser is opened with url: ''

2024-11-07 20:05:17 - [TEST_STEP][PASSED] - maximizeWindow(): Current window maximized

2024-11-07 20:05:17 - [MESSAGE][PASSED] - Current window maximized

2024-11-07 20:05:17 - [TEST_STEP][PASSED] - navigateToUrl(RADurl): Navigate to 'https://www.velocitypayment.com/client/rad/index.html' successfully

2024-11-07 20:05:19 - [MESSAGE][PASSED] - Navigate to 'https://www.velocitypayment.com/client/rad/index.html' successfully

2024-11-07 20:05:19 - [TEST_STEP][PASSED] - orPath_Landing = "Object Repository/RAD_Pages/Landing_Page": null

2024-11-07 20:05:19 - [TEST_STEP][PASSED] - orPath_TaxTypeFilingYear = "Object Repository/RAD_Pages/TaxTypeFilingYear_Page": null

2024-11-07 20:05:19 - [TEST_STEP][PASSED] - orPath_TaxPayer = "Object Repository/RAD_Pages/Taxpayer_Page": null

2024-11-07 20:05:19 - [TEST_STEP][PASSED] - orPath_AddressContact = "Object Repository/RAD_Pages/AddressAndContactInfo_Page": null

2024-11-07 20:05:19 - [TEST_STEP][PASSED] - orPath_FilingStatus = "Object Repository/RAD_Pages/FilingStatus_Page": null

2024-11-07 20:05:19 - [TEST_STEP][PASSED] - orPath_Amount = "Object Repository/RAD_Pages/PaymentAmount_Page": null

2024-11-07 20:05:19 - [TEST_STEP][PASSED] - orPath_TaxInfo = "Object Repository/RAD_Pages/TaxInfo_Page": null

2024-11-07 20:05:19 - [TEST_STEP][PASSED] - orPath_Withholding = "Object Repository/RAD_Pages/Withholding_Page": null

2024-11-07 20:05:19 - [TEST_STEP][PASSED] - orPath_Summary = "Object Repository/RAD_Pages/Summary_Page": null

2024-11-07 20:05:19 - [TEST_STEP][PASSED] - orPath_PaymentReady = "Object Repository/RAD_Pages/PaymentReady_Page": null

2024-11-07 20:05:19 - [TEST_STEP][PASSED] - orPath_PaymentEntry = "Object Repository/RAD_Pages/PaymentEntry_Page": null

2024-11-07 20:05:19 - [TEST_STEP][PASSED] - orPath_PaymentConfirmation = "Object Repository/RAD_Pages/PaymentConfirmation_Page": null

2024-11-07 20:05:19 - [TEST_STEP][PASSED] - orPath_ServiceFeesAccept = "Object Repository/RAD_Pages/ServiceFeeAccept_Page": null

2024-11-07 20:05:19 - [TEST_STEP][PASSED] - selectOptionByLabel(findTestObject(orPath_Landing + "/dd_TaxType"), Taxtype, false): All options with label 'Existing Liability with Notice/Invoice Number' are selected in object 'Object Repository/RAD_Pages/Landing_Page/dd_TaxType' 

2024-11-07 20:05:20 - [MESSAGE][PASSED] - All options with label 'Existing Liability with Notice/Invoice Number' are selected in object 'Object Repository/RAD_Pages/Landing_Page/dd_TaxType' 

2024-11-07 20:05:20 - [TEST_STEP][PASSED] - delay(1): Delayed 1 second(s)

2024-11-07 20:05:21 - [MESSAGE][PASSED] - Delayed 1 second(s)

2024-11-07 20:05:21 - [TEST_STEP][PASSED] - selectOptionByLabel(findTestObject(orPath_TaxTypeFilingYear + "/select_TaxType_ExistingLiability"), TaxTypeEL, false): All options with label 'Unclaimed Property' are selected in object 'Object Repository/RAD_Pages/TaxTypeFilingYear_Page/select_TaxType_ExistingLiability' 

2024-11-07 20:05:21 - [MESSAGE][PASSED] - All options with label 'Unclaimed Property' are selected in object 'Object Repository/RAD_Pages/TaxTypeFilingYear_Page/select_TaxType_ExistingLiability' 

2024-11-07 20:05:21 - [TEST_STEP][PASSED] - setText(findTestObject(orPath_TaxInfo + "/input_NoticeInvoiceNumber"), notInvNumber): Text '123456789012' is set on object 'Object Repository/RAD_Pages/TaxInfo_Page/input_NoticeInvoiceNumber'

2024-11-07 20:05:22 - [MESSAGE][PASSED] - Text '123456789012' is set on object 'Object Repository/RAD_Pages/TaxInfo_Page/input_NoticeInvoiceNumber'

2024-11-07 20:05:22 - [TEST_STEP][PASSED] - setText(findTestObject(orPath_TaxInfo + "/input_reTypeNoticeInvoiceNumber"), notInvNumber): Text '123456789012' is set on object 'Object Repository/RAD_Pages/TaxInfo_Page/input_reTypeNoticeInvoiceNumber'

2024-11-07 20:05:23 - [MESSAGE][PASSED] - Text '123456789012' is set on object 'Object Repository/RAD_Pages/TaxInfo_Page/input_reTypeNoticeInvoiceNumber'

2024-11-07 20:05:23 - [TEST_STEP][PASSED] - println(notInvNumber): null

2024-11-07 20:05:23 - [TEST_STEP][PASSED] - if (verifyTextPresent(errorMsg, true)): null

2024-11-07 20:05:24 - [MESSAGE][PASSED] - Text 'Notice Number or Invoice Number must be 10, 11, or 13 digits in length, with a value greater than zero' is present on page  using regular expression

2024-11-07 20:05:24 - [TEST_STEP][PASSED] - println("Error Message is present on the page"): null

2024-11-07 20:05:24 - [TEST_STEP][PASSED] - out.println("Pass Record Number: " + row): null

2024-11-07 20:05:24 - [TEST_STEP][PASSED] - resText = "Pass": null

2024-11-07 20:05:24 - [TEST_STEP][PASSED] - pages.WriteExcel.demoKey(resText, datText, resColumn, datCloumn, fileLoc, nameSheet, row): pages.WriteExcel.demoKey is PASSED

2024-11-07 20:05:24 - [MESSAGE][PASSED] - pages.WriteExcel.demoKey is PASSED

2024-11-07 20:05:24 - [TEST_STEP][PASSED] - ExecuteTC = findTestData(dataFile).getValue("Execute", row): null

2024-11-07 20:05:24 - [TEST_STEP][PASSED] - Taxtype = findTestData(dataFile).getValue("TaxType", row): null

2024-11-07 20:05:24 - [TEST_STEP][PASSED] - TaxTypeEL = findTestData(dataFile).getValue("TaxTypeEL", row): null

2024-11-07 20:05:24 - [TEST_STEP][PASSED] - notInvNumber = findTestData(dataFile).getValue("NotiInvoNumber", row): null

2024-11-07 20:05:24 - [TEST_STEP][PASSED] - errorMsg = findTestData(dataFile).getValue("ErrorMessage", row): null

2024-11-07 20:05:24 - [TEST_STEP][PASSED] - out.println("Value of Execute is : " + ExecuteTC): null

2024-11-07 20:05:24 - [TEST_STEP][PASSED] - if (ExecuteTC.equalsIgnoreCase("Y")): null

2024-11-07 20:05:24 - [TEST_STEP][PASSED] - out.println("Begin Record Number: " + row): null

2024-11-07 20:05:24 - [TEST_STEP][PASSED] - today = new java.util.Date(): null

2024-11-07 20:05:24 - [TEST_STEP][PASSED] - println(today): null

2024-11-07 20:05:24 - [TEST_STEP][PASSED] - datText = today: null

2024-11-07 20:05:24 - [TEST_STEP][PASSED] - Taxtype = findTestData(dataFile).getValue("TaxType", row): null

2024-11-07 20:05:24 - [TEST_STEP][PASSED] - out.println("Taxtype value is : " + Taxtype): null

2024-11-07 20:05:24 - [TEST_STEP][PASSED] - openBrowser(""): Browser is opened with url: ''

2024-11-07 20:05:24 - [MESSAGE][WARNING] - A browser is already opened. Closing browser and opening a new one

2024-11-07 20:05:26 - [MESSAGE][INFO] - Starting 'Chrome' driver

2024-11-07 20:05:26 - [MESSAGE][INFO] - User set preference: ['acceptInsecureCerts', 'true']

2024-11-07 20:05:26 - [MESSAGE][INFO] - Action delay is set to 0 milliseconds

2024-11-07 20:05:28 - [MESSAGE][PASSED] - Browser is opened with url: ''

2024-11-07 20:05:28 - [TEST_STEP][PASSED] - maximizeWindow(): Current window maximized

2024-11-07 20:05:28 - [MESSAGE][PASSED] - Current window maximized

2024-11-07 20:05:28 - [TEST_STEP][PASSED] - navigateToUrl(RADurl): Navigate to 'https://www.velocitypayment.com/client/rad/index.html' successfully

2024-11-07 20:05:30 - [MESSAGE][PASSED] - Navigate to 'https://www.velocitypayment.com/client/rad/index.html' successfully

2024-11-07 20:05:30 - [TEST_STEP][PASSED] - orPath_Landing = "Object Repository/RAD_Pages/Landing_Page": null

2024-11-07 20:05:30 - [TEST_STEP][PASSED] - orPath_TaxTypeFilingYear = "Object Repository/RAD_Pages/TaxTypeFilingYear_Page": null

2024-11-07 20:05:30 - [TEST_STEP][PASSED] - orPath_TaxPayer = "Object Repository/RAD_Pages/Taxpayer_Page": null

2024-11-07 20:05:30 - [TEST_STEP][PASSED] - orPath_AddressContact = "Object Repository/RAD_Pages/AddressAndContactInfo_Page": null

2024-11-07 20:05:30 - [TEST_STEP][PASSED] - orPath_FilingStatus = "Object Repository/RAD_Pages/FilingStatus_Page": null

2024-11-07 20:05:30 - [TEST_STEP][PASSED] - orPath_Amount = "Object Repository/RAD_Pages/PaymentAmount_Page": null

2024-11-07 20:05:30 - [TEST_STEP][PASSED] - orPath_TaxInfo = "Object Repository/RAD_Pages/TaxInfo_Page": null

2024-11-07 20:05:30 - [TEST_STEP][PASSED] - orPath_Withholding = "Object Repository/RAD_Pages/Withholding_Page": null

2024-11-07 20:05:30 - [TEST_STEP][PASSED] - orPath_Summary = "Object Repository/RAD_Pages/Summary_Page": null

2024-11-07 20:05:30 - [TEST_STEP][PASSED] - orPath_PaymentReady = "Object Repository/RAD_Pages/PaymentReady_Page": null

2024-11-07 20:05:30 - [TEST_STEP][PASSED] - orPath_PaymentEntry = "Object Repository/RAD_Pages/PaymentEntry_Page": null

2024-11-07 20:05:30 - [TEST_STEP][PASSED] - orPath_PaymentConfirmation = "Object Repository/RAD_Pages/PaymentConfirmation_Page": null

2024-11-07 20:05:30 - [TEST_STEP][PASSED] - orPath_ServiceFeesAccept = "Object Repository/RAD_Pages/ServiceFeeAccept_Page": null

2024-11-07 20:05:30 - [TEST_STEP][PASSED] - selectOptionByLabel(findTestObject(orPath_Landing + "/dd_TaxType"), Taxtype, false): All options with label 'Existing Liability with Notice/Invoice Number' are selected in object 'Object Repository/RAD_Pages/Landing_Page/dd_TaxType' 

2024-11-07 20:05:31 - [MESSAGE][PASSED] - All options with label 'Existing Liability with Notice/Invoice Number' are selected in object 'Object Repository/RAD_Pages/Landing_Page/dd_TaxType' 

2024-11-07 20:05:31 - [TEST_STEP][PASSED] - delay(1): Delayed 1 second(s)

2024-11-07 20:05:32 - [MESSAGE][PASSED] - Delayed 1 second(s)

2024-11-07 20:05:32 - [TEST_STEP][PASSED] - selectOptionByLabel(findTestObject(orPath_TaxTypeFilingYear + "/select_TaxType_ExistingLiability"), TaxTypeEL, false): All options with label 'Unclaimed Property' are selected in object 'Object Repository/RAD_Pages/TaxTypeFilingYear_Page/select_TaxType_ExistingLiability' 

2024-11-07 20:05:33 - [MESSAGE][PASSED] - All options with label 'Unclaimed Property' are selected in object 'Object Repository/RAD_Pages/TaxTypeFilingYear_Page/select_TaxType_ExistingLiability' 

2024-11-07 20:05:33 - [TEST_STEP][PASSED] - setText(findTestObject(orPath_TaxInfo + "/input_NoticeInvoiceNumber"), notInvNumber): Text '0000000000' is set on object 'Object Repository/RAD_Pages/TaxInfo_Page/input_NoticeInvoiceNumber'

2024-11-07 20:05:33 - [MESSAGE][PASSED] - Text '0000000000' is set on object 'Object Repository/RAD_Pages/TaxInfo_Page/input_NoticeInvoiceNumber'

2024-11-07 20:05:33 - [TEST_STEP][PASSED] - setText(findTestObject(orPath_TaxInfo + "/input_reTypeNoticeInvoiceNumber"), notInvNumber): Text '0000000000' is set on object 'Object Repository/RAD_Pages/TaxInfo_Page/input_reTypeNoticeInvoiceNumber'

2024-11-07 20:05:34 - [MESSAGE][PASSED] - Text '0000000000' is set on object 'Object Repository/RAD_Pages/TaxInfo_Page/input_reTypeNoticeInvoiceNumber'

2024-11-07 20:05:34 - [TEST_STEP][PASSED] - println(notInvNumber): null

2024-11-07 20:05:34 - [TEST_STEP][PASSED] - if (verifyTextPresent(errorMsg, true)): null

2024-11-07 20:05:35 - [MESSAGE][PASSED] - Text 'Notice Number or Invoice Number must be 10, 11, or 13 digits in length, with a value greater than zero' is present on page  using regular expression

2024-11-07 20:05:35 - [TEST_STEP][PASSED] - println("Error Message is present on the page"): null

2024-11-07 20:05:35 - [TEST_STEP][PASSED] - out.println("Pass Record Number: " + row): null

2024-11-07 20:05:35 - [TEST_STEP][PASSED] - resText = "Pass": null

2024-11-07 20:05:35 - [TEST_STEP][PASSED] - pages.WriteExcel.demoKey(resText, datText, resColumn, datCloumn, fileLoc, nameSheet, row): pages.WriteExcel.demoKey is PASSED

2024-11-07 20:05:35 - [MESSAGE][PASSED] - pages.WriteExcel.demoKey is PASSED

2024-11-07 20:05:35 - [TEST_STEP][PASSED] - ExecuteTC = findTestData(dataFile).getValue("Execute", row): null

2024-11-07 20:05:35 - [TEST_STEP][PASSED] - Taxtype = findTestData(dataFile).getValue("TaxType", row): null

2024-11-07 20:05:35 - [TEST_STEP][PASSED] - TaxTypeEL = findTestData(dataFile).getValue("TaxTypeEL", row): null

2024-11-07 20:05:35 - [TEST_STEP][PASSED] - notInvNumber = findTestData(dataFile).getValue("NotiInvoNumber", row): null

2024-11-07 20:05:35 - [TEST_STEP][PASSED] - errorMsg = findTestData(dataFile).getValue("ErrorMessage", row): null

2024-11-07 20:05:35 - [TEST_STEP][PASSED] - out.println("Value of Execute is : " + ExecuteTC): null

2024-11-07 20:05:35 - [TEST_STEP][PASSED] - if (ExecuteTC.equalsIgnoreCase("Y")): null

2024-11-07 20:05:35 - [TEST_STEP][PASSED] - out.println("Begin Record Number: " + row): null

2024-11-07 20:05:35 - [TEST_STEP][PASSED] - today = new java.util.Date(): null

2024-11-07 20:05:35 - [TEST_STEP][PASSED] - println(today): null

2024-11-07 20:05:35 - [TEST_STEP][PASSED] - datText = today: null

2024-11-07 20:05:35 - [TEST_STEP][PASSED] - Taxtype = findTestData(dataFile).getValue("TaxType", row): null

2024-11-07 20:05:35 - [TEST_STEP][PASSED] - out.println("Taxtype value is : " + Taxtype): null

2024-11-07 20:05:35 - [TEST_STEP][PASSED] - openBrowser(""): Browser is opened with url: ''

2024-11-07 20:05:35 - [MESSAGE][WARNING] - A browser is already opened. Closing browser and opening a new one

2024-11-07 20:05:37 - [MESSAGE][INFO] - Starting 'Chrome' driver

2024-11-07 20:05:37 - [MESSAGE][INFO] - User set preference: ['acceptInsecureCerts', 'true']

2024-11-07 20:05:37 - [MESSAGE][INFO] - Action delay is set to 0 milliseconds

2024-11-07 20:05:39 - [MESSAGE][PASSED] - Browser is opened with url: ''

2024-11-07 20:05:39 - [TEST_STEP][PASSED] - maximizeWindow(): Current window maximized

2024-11-07 20:05:39 - [MESSAGE][PASSED] - Current window maximized

2024-11-07 20:05:39 - [TEST_STEP][PASSED] - navigateToUrl(RADurl): Navigate to 'https://www.velocitypayment.com/client/rad/index.html' successfully

2024-11-07 20:05:41 - [MESSAGE][PASSED] - Navigate to 'https://www.velocitypayment.com/client/rad/index.html' successfully

2024-11-07 20:05:41 - [TEST_STEP][PASSED] - orPath_Landing = "Object Repository/RAD_Pages/Landing_Page": null

2024-11-07 20:05:41 - [TEST_STEP][PASSED] - orPath_TaxTypeFilingYear = "Object Repository/RAD_Pages/TaxTypeFilingYear_Page": null

2024-11-07 20:05:41 - [TEST_STEP][PASSED] - orPath_TaxPayer = "Object Repository/RAD_Pages/Taxpayer_Page": null

2024-11-07 20:05:41 - [TEST_STEP][PASSED] - orPath_AddressContact = "Object Repository/RAD_Pages/AddressAndContactInfo_Page": null

2024-11-07 20:05:41 - [TEST_STEP][PASSED] - orPath_FilingStatus = "Object Repository/RAD_Pages/FilingStatus_Page": null

2024-11-07 20:05:41 - [TEST_STEP][PASSED] - orPath_Amount = "Object Repository/RAD_Pages/PaymentAmount_Page": null

2024-11-07 20:05:41 - [TEST_STEP][PASSED] - orPath_TaxInfo = "Object Repository/RAD_Pages/TaxInfo_Page": null

2024-11-07 20:05:41 - [TEST_STEP][PASSED] - orPath_Withholding = "Object Repository/RAD_Pages/Withholding_Page": null

2024-11-07 20:05:41 - [TEST_STEP][PASSED] - orPath_Summary = "Object Repository/RAD_Pages/Summary_Page": null

2024-11-07 20:05:41 - [TEST_STEP][PASSED] - orPath_PaymentReady = "Object Repository/RAD_Pages/PaymentReady_Page": null

2024-11-07 20:05:41 - [TEST_STEP][PASSED] - orPath_PaymentEntry = "Object Repository/RAD_Pages/PaymentEntry_Page": null

2024-11-07 20:05:41 - [TEST_STEP][PASSED] - orPath_PaymentConfirmation = "Object Repository/RAD_Pages/PaymentConfirmation_Page": null

2024-11-07 20:05:41 - [TEST_STEP][PASSED] - orPath_ServiceFeesAccept = "Object Repository/RAD_Pages/ServiceFeeAccept_Page": null

2024-11-07 20:05:41 - [TEST_STEP][PASSED] - selectOptionByLabel(findTestObject(orPath_Landing + "/dd_TaxType"), Taxtype, false): All options with label 'Existing Liability with Notice/Invoice Number' are selected in object 'Object Repository/RAD_Pages/Landing_Page/dd_TaxType' 

2024-11-07 20:05:42 - [MESSAGE][PASSED] - All options with label 'Existing Liability with Notice/Invoice Number' are selected in object 'Object Repository/RAD_Pages/Landing_Page/dd_TaxType' 

2024-11-07 20:05:42 - [TEST_STEP][PASSED] - delay(1): Delayed 1 second(s)

2024-11-07 20:05:43 - [MESSAGE][PASSED] - Delayed 1 second(s)

2024-11-07 20:05:43 - [TEST_STEP][PASSED] - selectOptionByLabel(findTestObject(orPath_TaxTypeFilingYear + "/select_TaxType_ExistingLiability"), TaxTypeEL, false): All options with label 'IFTA Tax' are selected in object 'Object Repository/RAD_Pages/TaxTypeFilingYear_Page/select_TaxType_ExistingLiability' 

2024-11-07 20:05:43 - [MESSAGE][PASSED] - All options with label 'IFTA Tax' are selected in object 'Object Repository/RAD_Pages/TaxTypeFilingYear_Page/select_TaxType_ExistingLiability' 

2024-11-07 20:05:43 - [TEST_STEP][PASSED] - setText(findTestObject(orPath_TaxInfo + "/input_NoticeInvoiceNumber"), notInvNumber): Text '123456789' is set on object 'Object Repository/RAD_Pages/TaxInfo_Page/input_NoticeInvoiceNumber'

2024-11-07 20:05:44 - [MESSAGE][PASSED] - Text '123456789' is set on object 'Object Repository/RAD_Pages/TaxInfo_Page/input_NoticeInvoiceNumber'

2024-11-07 20:05:44 - [TEST_STEP][PASSED] - setText(findTestObject(orPath_TaxInfo + "/input_reTypeNoticeInvoiceNumber"), notInvNumber): Text '123456789' is set on object 'Object Repository/RAD_Pages/TaxInfo_Page/input_reTypeNoticeInvoiceNumber'

2024-11-07 20:05:45 - [MESSAGE][PASSED] - Text '123456789' is set on object 'Object Repository/RAD_Pages/TaxInfo_Page/input_reTypeNoticeInvoiceNumber'

2024-11-07 20:05:45 - [TEST_STEP][PASSED] - println(notInvNumber): null

2024-11-07 20:05:45 - [TEST_STEP][PASSED] - if (verifyTextPresent(errorMsg, true)): null

2024-11-07 20:05:45 - [MESSAGE][PASSED] - Text 'Notice Number or Invoice Number must be 10, 11, or 13 digits in length, with a value greater than zero' is present on page  using regular expression

2024-11-07 20:05:45 - [TEST_STEP][PASSED] - println("Error Message is present on the page"): null

2024-11-07 20:05:45 - [TEST_STEP][PASSED] - out.println("Pass Record Number: " + row): null

2024-11-07 20:05:45 - [TEST_STEP][PASSED] - resText = "Pass": null

2024-11-07 20:05:45 - [TEST_STEP][PASSED] - pages.WriteExcel.demoKey(resText, datText, resColumn, datCloumn, fileLoc, nameSheet, row): pages.WriteExcel.demoKey is PASSED

2024-11-07 20:05:45 - [MESSAGE][PASSED] - pages.WriteExcel.demoKey is PASSED

2024-11-07 20:05:45 - [TEST_STEP][PASSED] - ExecuteTC = findTestData(dataFile).getValue("Execute", row): null

2024-11-07 20:05:46 - [TEST_STEP][PASSED] - Taxtype = findTestData(dataFile).getValue("TaxType", row): null

2024-11-07 20:05:46 - [TEST_STEP][PASSED] - TaxTypeEL = findTestData(dataFile).getValue("TaxTypeEL", row): null

2024-11-07 20:05:46 - [TEST_STEP][PASSED] - notInvNumber = findTestData(dataFile).getValue("NotiInvoNumber", row): null

2024-11-07 20:05:46 - [TEST_STEP][PASSED] - errorMsg = findTestData(dataFile).getValue("ErrorMessage", row): null

2024-11-07 20:05:46 - [TEST_STEP][PASSED] - out.println("Value of Execute is : " + ExecuteTC): null

2024-11-07 20:05:46 - [TEST_STEP][PASSED] - if (ExecuteTC.equalsIgnoreCase("Y")): null

2024-11-07 20:05:46 - [TEST_STEP][PASSED] - out.println("Begin Record Number: " + row): null

2024-11-07 20:05:46 - [TEST_STEP][PASSED] - today = new java.util.Date(): null

2024-11-07 20:05:46 - [TEST_STEP][PASSED] - println(today): null

2024-11-07 20:05:46 - [TEST_STEP][PASSED] - datText = today: null

2024-11-07 20:05:46 - [TEST_STEP][PASSED] - Taxtype = findTestData(dataFile).getValue("TaxType", row): null

2024-11-07 20:05:46 - [TEST_STEP][PASSED] - out.println("Taxtype value is : " + Taxtype): null

2024-11-07 20:05:46 - [TEST_STEP][PASSED] - openBrowser(""): Browser is opened with url: ''

2024-11-07 20:05:46 - [MESSAGE][WARNING] - A browser is already opened. Closing browser and opening a new one

2024-11-07 20:05:48 - [MESSAGE][INFO] - Starting 'Chrome' driver

2024-11-07 20:05:48 - [MESSAGE][INFO] - User set preference: ['acceptInsecureCerts', 'true']

2024-11-07 20:05:48 - [MESSAGE][INFO] - Action delay is set to 0 milliseconds

2024-11-07 20:05:49 - [MESSAGE][PASSED] - Browser is opened with url: ''

2024-11-07 20:05:49 - [TEST_STEP][PASSED] - maximizeWindow(): Current window maximized

2024-11-07 20:05:49 - [MESSAGE][PASSED] - Current window maximized

2024-11-07 20:05:49 - [TEST_STEP][PASSED] - navigateToUrl(RADurl): Navigate to 'https://www.velocitypayment.com/client/rad/index.html' successfully

2024-11-07 20:05:52 - [MESSAGE][PASSED] - Navigate to 'https://www.velocitypayment.com/client/rad/index.html' successfully

2024-11-07 20:05:52 - [TEST_STEP][PASSED] - orPath_Landing = "Object Repository/RAD_Pages/Landing_Page": null

2024-11-07 20:05:52 - [TEST_STEP][PASSED] - orPath_TaxTypeFilingYear = "Object Repository/RAD_Pages/TaxTypeFilingYear_Page": null

2024-11-07 20:05:52 - [TEST_STEP][PASSED] - orPath_TaxPayer = "Object Repository/RAD_Pages/Taxpayer_Page": null

2024-11-07 20:05:52 - [TEST_STEP][PASSED] - orPath_AddressContact = "Object Repository/RAD_Pages/AddressAndContactInfo_Page": null

2024-11-07 20:05:52 - [TEST_STEP][PASSED] - orPath_FilingStatus = "Object Repository/RAD_Pages/FilingStatus_Page": null

2024-11-07 20:05:52 - [TEST_STEP][PASSED] - orPath_Amount = "Object Repository/RAD_Pages/PaymentAmount_Page": null

2024-11-07 20:05:52 - [TEST_STEP][PASSED] - orPath_TaxInfo = "Object Repository/RAD_Pages/TaxInfo_Page": null

2024-11-07 20:05:52 - [TEST_STEP][PASSED] - orPath_Withholding = "Object Repository/RAD_Pages/Withholding_Page": null

2024-11-07 20:05:52 - [TEST_STEP][PASSED] - orPath_Summary = "Object Repository/RAD_Pages/Summary_Page": null

2024-11-07 20:05:52 - [TEST_STEP][PASSED] - orPath_PaymentReady = "Object Repository/RAD_Pages/PaymentReady_Page": null

2024-11-07 20:05:52 - [TEST_STEP][PASSED] - orPath_PaymentEntry = "Object Repository/RAD_Pages/PaymentEntry_Page": null

2024-11-07 20:05:52 - [TEST_STEP][PASSED] - orPath_PaymentConfirmation = "Object Repository/RAD_Pages/PaymentConfirmation_Page": null

2024-11-07 20:05:52 - [TEST_STEP][PASSED] - orPath_ServiceFeesAccept = "Object Repository/RAD_Pages/ServiceFeeAccept_Page": null

2024-11-07 20:05:52 - [TEST_STEP][PASSED] - selectOptionByLabel(findTestObject(orPath_Landing + "/dd_TaxType"), Taxtype, false): All options with label 'Existing Liability with Notice/Invoice Number' are selected in object 'Object Repository/RAD_Pages/Landing_Page/dd_TaxType' 

2024-11-07 20:05:52 - [MESSAGE][PASSED] - All options with label 'Existing Liability with Notice/Invoice Number' are selected in object 'Object Repository/RAD_Pages/Landing_Page/dd_TaxType' 

2024-11-07 20:05:52 - [TEST_STEP][PASSED] - delay(1): Delayed 1 second(s)

2024-11-07 20:05:53 - [MESSAGE][PASSED] - Delayed 1 second(s)

2024-11-07 20:05:53 - [TEST_STEP][PASSED] - selectOptionByLabel(findTestObject(orPath_TaxTypeFilingYear + "/select_TaxType_ExistingLiability"), TaxTypeEL, false): All options with label 'IFTA Tax' are selected in object 'Object Repository/RAD_Pages/TaxTypeFilingYear_Page/select_TaxType_ExistingLiability' 

2024-11-07 20:05:54 - [MESSAGE][PASSED] - All options with label 'IFTA Tax' are selected in object 'Object Repository/RAD_Pages/TaxTypeFilingYear_Page/select_TaxType_ExistingLiability' 

2024-11-07 20:05:54 - [TEST_STEP][PASSED] - setText(findTestObject(orPath_TaxInfo + "/input_NoticeInvoiceNumber"), notInvNumber): Text '123456789012' is set on object 'Object Repository/RAD_Pages/TaxInfo_Page/input_NoticeInvoiceNumber'

2024-11-07 20:05:55 - [MESSAGE][PASSED] - Text '123456789012' is set on object 'Object Repository/RAD_Pages/TaxInfo_Page/input_NoticeInvoiceNumber'

2024-11-07 20:05:55 - [TEST_STEP][PASSED] - setText(findTestObject(orPath_TaxInfo + "/input_reTypeNoticeInvoiceNumber"), notInvNumber): Text '123456789012' is set on object 'Object Repository/RAD_Pages/TaxInfo_Page/input_reTypeNoticeInvoiceNumber'

2024-11-07 20:05:56 - [MESSAGE][PASSED] - Text '123456789012' is set on object 'Object Repository/RAD_Pages/TaxInfo_Page/input_reTypeNoticeInvoiceNumber'

2024-11-07 20:05:56 - [TEST_STEP][PASSED] - println(notInvNumber): null

2024-11-07 20:05:56 - [TEST_STEP][PASSED] - if (verifyTextPresent(errorMsg, true)): null

2024-11-07 20:05:56 - [MESSAGE][PASSED] - Text 'Notice Number or Invoice Number must be 10, 11, or 13 digits in length, with a value greater than zero' is present on page  using regular expression

2024-11-07 20:05:56 - [TEST_STEP][PASSED] - println("Error Message is present on the page"): null

2024-11-07 20:05:56 - [TEST_STEP][PASSED] - out.println("Pass Record Number: " + row): null

2024-11-07 20:05:56 - [TEST_STEP][PASSED] - resText = "Pass": null

2024-11-07 20:05:56 - [TEST_STEP][PASSED] - pages.WriteExcel.demoKey(resText, datText, resColumn, datCloumn, fileLoc, nameSheet, row): pages.WriteExcel.demoKey is PASSED

2024-11-07 20:05:56 - [MESSAGE][PASSED] - pages.WriteExcel.demoKey is PASSED

2024-11-07 20:05:56 - [TEST_STEP][PASSED] - ExecuteTC = findTestData(dataFile).getValue("Execute", row): null

2024-11-07 20:05:56 - [TEST_STEP][PASSED] - Taxtype = findTestData(dataFile).getValue("TaxType", row): null

2024-11-07 20:05:56 - [TEST_STEP][PASSED] - TaxTypeEL = findTestData(dataFile).getValue("TaxTypeEL", row): null

2024-11-07 20:05:56 - [TEST_STEP][PASSED] - notInvNumber = findTestData(dataFile).getValue("NotiInvoNumber", row): null

2024-11-07 20:05:56 - [TEST_STEP][PASSED] - errorMsg = findTestData(dataFile).getValue("ErrorMessage", row): null

2024-11-07 20:05:56 - [TEST_STEP][PASSED] - out.println("Value of Execute is : " + ExecuteTC): null

2024-11-07 20:05:56 - [TEST_STEP][PASSED] - if (ExecuteTC.equalsIgnoreCase("Y")): null

2024-11-07 20:05:56 - [TEST_STEP][PASSED] - out.println("Begin Record Number: " + row): null

2024-11-07 20:05:56 - [TEST_STEP][PASSED] - today = new java.util.Date(): null

2024-11-07 20:05:56 - [TEST_STEP][PASSED] - println(today): null

2024-11-07 20:05:56 - [TEST_STEP][PASSED] - datText = today: null

2024-11-07 20:05:56 - [TEST_STEP][PASSED] - Taxtype = findTestData(dataFile).getValue("TaxType", row): null

2024-11-07 20:05:57 - [TEST_STEP][PASSED] - out.println("Taxtype value is : " + Taxtype): null

2024-11-07 20:05:57 - [TEST_STEP][PASSED] - openBrowser(""): Browser is opened with url: ''

2024-11-07 20:05:57 - [MESSAGE][WARNING] - A browser is already opened. Closing browser and opening a new one

2024-11-07 20:05:58 - [MESSAGE][INFO] - Starting 'Chrome' driver

2024-11-07 20:05:58 - [MESSAGE][INFO] - User set preference: ['acceptInsecureCerts', 'true']

2024-11-07 20:05:58 - [MESSAGE][INFO] - Action delay is set to 0 milliseconds

2024-11-07 20:06:00 - [MESSAGE][PASSED] - Browser is opened with url: ''

2024-11-07 20:06:00 - [TEST_STEP][PASSED] - maximizeWindow(): Current window maximized

2024-11-07 20:06:00 - [MESSAGE][PASSED] - Current window maximized

2024-11-07 20:06:00 - [TEST_STEP][PASSED] - navigateToUrl(RADurl): Navigate to 'https://www.velocitypayment.com/client/rad/index.html' successfully

2024-11-07 20:06:02 - [MESSAGE][PASSED] - Navigate to 'https://www.velocitypayment.com/client/rad/index.html' successfully

2024-11-07 20:06:02 - [TEST_STEP][PASSED] - orPath_Landing = "Object Repository/RAD_Pages/Landing_Page": null

2024-11-07 20:06:02 - [TEST_STEP][PASSED] - orPath_TaxTypeFilingYear = "Object Repository/RAD_Pages/TaxTypeFilingYear_Page": null

2024-11-07 20:06:02 - [TEST_STEP][PASSED] - orPath_TaxPayer = "Object Repository/RAD_Pages/Taxpayer_Page": null

2024-11-07 20:06:02 - [TEST_STEP][PASSED] - orPath_AddressContact = "Object Repository/RAD_Pages/AddressAndContactInfo_Page": null

2024-11-07 20:06:02 - [TEST_STEP][PASSED] - orPath_FilingStatus = "Object Repository/RAD_Pages/FilingStatus_Page": null

2024-11-07 20:06:02 - [TEST_STEP][PASSED] - orPath_Amount = "Object Repository/RAD_Pages/PaymentAmount_Page": null

2024-11-07 20:06:02 - [TEST_STEP][PASSED] - orPath_TaxInfo = "Object Repository/RAD_Pages/TaxInfo_Page": null

2024-11-07 20:06:02 - [TEST_STEP][PASSED] - orPath_Withholding = "Object Repository/RAD_Pages/Withholding_Page": null

2024-11-07 20:06:02 - [TEST_STEP][PASSED] - orPath_Summary = "Object Repository/RAD_Pages/Summary_Page": null

2024-11-07 20:06:02 - [TEST_STEP][PASSED] - orPath_PaymentReady = "Object Repository/RAD_Pages/PaymentReady_Page": null

2024-11-07 20:06:02 - [TEST_STEP][PASSED] - orPath_PaymentEntry = "Object Repository/RAD_Pages/PaymentEntry_Page": null

2024-11-07 20:06:02 - [TEST_STEP][PASSED] - orPath_PaymentConfirmation = "Object Repository/RAD_Pages/PaymentConfirmation_Page": null

2024-11-07 20:06:02 - [TEST_STEP][PASSED] - orPath_ServiceFeesAccept = "Object Repository/RAD_Pages/ServiceFeeAccept_Page": null

2024-11-07 20:06:02 - [TEST_STEP][PASSED] - selectOptionByLabel(findTestObject(orPath_Landing + "/dd_TaxType"), Taxtype, false): All options with label 'Existing Liability with Notice/Invoice Number' are selected in object 'Object Repository/RAD_Pages/Landing_Page/dd_TaxType' 

2024-11-07 20:06:03 - [MESSAGE][PASSED] - All options with label 'Existing Liability with Notice/Invoice Number' are selected in object 'Object Repository/RAD_Pages/Landing_Page/dd_TaxType' 

2024-11-07 20:06:03 - [TEST_STEP][PASSED] - delay(1): Delayed 1 second(s)

2024-11-07 20:06:04 - [MESSAGE][PASSED] - Delayed 1 second(s)

2024-11-07 20:06:04 - [TEST_STEP][PASSED] - selectOptionByLabel(findTestObject(orPath_TaxTypeFilingYear + "/select_TaxType_ExistingLiability"), TaxTypeEL, false): All options with label 'IFTA Tax' are selected in object 'Object Repository/RAD_Pages/TaxTypeFilingYear_Page/select_TaxType_ExistingLiability' 

2024-11-07 20:06:04 - [MESSAGE][PASSED] - All options with label 'IFTA Tax' are selected in object 'Object Repository/RAD_Pages/TaxTypeFilingYear_Page/select_TaxType_ExistingLiability' 

2024-11-07 20:06:04 - [TEST_STEP][PASSED] - setText(findTestObject(orPath_TaxInfo + "/input_NoticeInvoiceNumber"), notInvNumber): Text '0000000000' is set on object 'Object Repository/RAD_Pages/TaxInfo_Page/input_NoticeInvoiceNumber'

2024-11-07 20:06:05 - [MESSAGE][PASSED] - Text '0000000000' is set on object 'Object Repository/RAD_Pages/TaxInfo_Page/input_NoticeInvoiceNumber'

2024-11-07 20:06:05 - [TEST_STEP][PASSED] - setText(findTestObject(orPath_TaxInfo + "/input_reTypeNoticeInvoiceNumber"), notInvNumber): Text '0000000000' is set on object 'Object Repository/RAD_Pages/TaxInfo_Page/input_reTypeNoticeInvoiceNumber'

2024-11-07 20:06:06 - [MESSAGE][PASSED] - Text '0000000000' is set on object 'Object Repository/RAD_Pages/TaxInfo_Page/input_reTypeNoticeInvoiceNumber'

2024-11-07 20:06:06 - [TEST_STEP][PASSED] - println(notInvNumber): null

2024-11-07 20:06:06 - [TEST_STEP][PASSED] - if (verifyTextPresent(errorMsg, true)): null

2024-11-07 20:06:07 - [MESSAGE][PASSED] - Text 'Notice Number or Invoice Number must be 10, 11, or 13 digits in length, with a value greater than zero' is present on page  using regular expression

2024-11-07 20:06:07 - [TEST_STEP][PASSED] - println("Error Message is present on the page"): null

2024-11-07 20:06:07 - [TEST_STEP][PASSED] - out.println("Pass Record Number: " + row): null

2024-11-07 20:06:07 - [TEST_STEP][PASSED] - resText = "Pass": null

2024-11-07 20:06:07 - [TEST_STEP][PASSED] - pages.WriteExcel.demoKey(resText, datText, resColumn, datCloumn, fileLoc, nameSheet, row): pages.WriteExcel.demoKey is PASSED

2024-11-07 20:06:07 - [MESSAGE][PASSED] - pages.WriteExcel.demoKey is PASSED]]></system-out>
         <system-err><![CDATA[]]></system-err>
      </testcase>
      <testcase name="Test Cases/RAD_TestCases/MRF_TestCases/Existing_MRF_TC" time="409.939" classname="Test Cases/RAD_TestCases/MRF_TestCases/Existing_MRF_TC" status="PASSED">
         <system-out><![CDATA[2024-11-07 20:06:07 - [TEST_CASE][PASSED] - Test Cases/RAD_TestCases/MRF_TestCases/Existing_MRF_TC: Test Cases/RAD_TestCases/MRF_TestCases/Existing_MRF_TC

2024-11-07 20:06:08 - [TEST_STEP][PASSED] - resText = "Fail": null

2024-11-07 20:06:08 - [TEST_STEP][PASSED] - resColumn = "Result": null

2024-11-07 20:06:08 - [TEST_STEP][PASSED] - datCloumn = "Date": null

2024-11-07 20:06:08 - [TEST_STEP][PASSED] - fileLoc = "KatalonData/RADTestData/MRF.xlsx": null

2024-11-07 20:06:08 - [TEST_STEP][PASSED] - nameSheet = "Existing": null

2024-11-07 20:06:08 - [TEST_STEP][PASSED] - dataFile = "RADTestData/MRF_Existing": null

2024-11-07 20:06:08 - [TEST_STEP][PASSED] - orPath_Landing = "Object Repository/RAD_Pages/Landing_Page": null

2024-11-07 20:06:08 - [TEST_STEP][PASSED] - orPath_TaxTypeFilingYear = "Object Repository/RAD_Pages/TaxTypeFilingYear_Page": null

2024-11-07 20:06:08 - [TEST_STEP][PASSED] - orPath_Amount = "Object Repository/RAD_Pages/PaymentAmount_Page": null

2024-11-07 20:06:08 - [TEST_STEP][PASSED] - orPath_AddressContact = "Object Repository/RAD_Pages/AddressAndContactInfo_Page": null

2024-11-07 20:06:08 - [TEST_STEP][PASSED] - orPath_Summary = "Object Repository/RAD_Pages/Summary_Page": null

2024-11-07 20:06:08 - [TEST_STEP][PASSED] - orPath_PaymentConfirmation = "Object Repository/RAD_Pages/PaymentConfirmation_Page": null

2024-11-07 20:06:08 - [TEST_STEP][PASSED] - orPath_ServiceFeesAccept = "Object Repository/RAD_Pages/ServiceFeeAccept_Page": null

2024-11-07 20:06:08 - [TEST_STEP][PASSED] - orPath_PaymentEntry = "Object Repository/RAD_Pages/PaymentEntry_Page": null

2024-11-07 20:06:08 - [TEST_STEP][PASSED] - orPath_TaxInfo = "Object Repository/RAD_Pages/TaxInfo_Page": null

2024-11-07 20:06:08 - [TEST_STEP][PASSED] - orPath_TaxPayer = "Object Repository/RAD_Pages/Taxpayer_Page": null

2024-11-07 20:06:08 - [TEST_STEP][PASSED] - orPath_FilingStatus = "Object Repository/RAD_Pages/FilingStatus_Page": null

2024-11-07 20:06:08 - [TEST_STEP][PASSED] - ExecuteTC = <not implemented yet for class: org.codehaus.groovy.ast.expr.EmptyExpression>: null

2024-11-07 20:06:08 - [TEST_STEP][PASSED] - TaxType = <not implemented yet for class: org.codehaus.groovy.ast.expr.EmptyExpression>: null

2024-11-07 20:06:08 - [TEST_STEP][PASSED] - PaymentType = <not implemented yet for class: org.codehaus.groovy.ast.expr.EmptyExpression>: null

2024-11-07 20:06:08 - [TEST_STEP][PASSED] - FilingYear = <not implemented yet for class: org.codehaus.groovy.ast.expr.EmptyExpression>: null

2024-11-07 20:06:08 - [TEST_STEP][PASSED] - PeriodEndingMonth = <not implemented yet for class: org.codehaus.groovy.ast.expr.EmptyExpression>: null

2024-11-07 20:06:08 - [TEST_STEP][PASSED] - feinSsn = <not implemented yet for class: org.codehaus.groovy.ast.expr.EmptyExpression>: null

2024-11-07 20:06:08 - [TEST_STEP][PASSED] - MFLicNum = <not implemented yet for class: org.codehaus.groovy.ast.expr.EmptyExpression>: null

2024-11-07 20:06:08 - [TEST_STEP][PASSED] - isRequiredTextPresent = true: null

2024-11-07 20:06:08 - [TEST_STEP][PASSED] - numOfRows = findTestData(dataFile).getRowNumbers(): null

2024-11-07 20:06:08 - [TEST_STEP][PASSED] - println("Number of Records: " + numOfRows): null

2024-11-07 20:06:08 - [TEST_STEP][PASSED] - for ([row = 1, row <= numOfRows, (row++)]): pages.WriteExcel.demoKey is PASSED

2024-11-07 20:06:08 - [TEST_STEP][PASSED] - ExecuteTC = findTestData(dataFile).getValue("Execute", row): null

2024-11-07 20:06:08 - [TEST_STEP][PASSED] - TaxType = findTestData(dataFile).getValue("TaxType", row): null

2024-11-07 20:06:08 - [TEST_STEP][PASSED] - PaymentType = findTestData(dataFile).getValue("PaymentType", row): null

2024-11-07 20:06:08 - [TEST_STEP][PASSED] - feinSsn = findTestData(dataFile).getValue("FEINSSN", row): null

2024-11-07 20:06:08 - [TEST_STEP][PASSED] - CRN = findTestData(dataFile).getValue("CRN", row): null

2024-11-07 20:06:08 - [TEST_STEP][PASSED] - MFLicNum = findTestData(dataFile).getValue("MFLicNum", row): null

2024-11-07 20:06:08 - [TEST_STEP][PASSED] - if (ExecuteTC.equalsIgnoreCase("Y")): pages.WriteExcel.demoKey is PASSED

2024-11-07 20:06:08 - [TEST_STEP][PASSED] - out.println("Begin Record Number: " + row): null

2024-11-07 20:06:08 - [TEST_STEP][PASSED] - today = new java.util.Date(): null

2024-11-07 20:06:08 - [TEST_STEP][PASSED] - println(today): null

2024-11-07 20:06:08 - [TEST_STEP][PASSED] - datText = today: null

2024-11-07 20:06:08 - [TEST_STEP][PASSED] - logInfo("Payment Type: Existing Liability with Notice/Invoice Number"): Payment Type: Existing Liability with Notice/Invoice Number

2024-11-07 20:06:08 - [MESSAGE][INFO] - Payment Type: Existing Liability with Notice/Invoice Number

2024-11-07 20:06:08 - [TEST_STEP][PASSED] - logInfo("Tax Type: " + TaxType): Tax Type: Bay Restoration Fee

2024-11-07 20:06:08 - [MESSAGE][INFO] - Tax Type: Bay Restoration Fee

2024-11-07 20:06:08 - [TEST_STEP][PASSED] - openBrowser(""): Browser is opened with url: ''

2024-11-07 20:06:08 - [MESSAGE][WARNING] - A browser is already opened. Closing browser and opening a new one

2024-11-07 20:06:10 - [MESSAGE][INFO] - Starting 'Chrome' driver

2024-11-07 20:06:10 - [MESSAGE][INFO] - User set preference: ['acceptInsecureCerts', 'true']

2024-11-07 20:06:10 - [MESSAGE][INFO] - Action delay is set to 0 milliseconds

2024-11-07 20:06:12 - [MESSAGE][PASSED] - Browser is opened with url: ''

2024-11-07 20:06:12 - [TEST_STEP][PASSED] - maximizeWindow(): Current window maximized

2024-11-07 20:06:12 - [MESSAGE][PASSED] - Current window maximized

2024-11-07 20:06:12 - [TEST_STEP][PASSED] - navigateToUrl(RADurl): Navigate to 'https://www.velocitypayment.com/client/rad/index.html' successfully

2024-11-07 20:06:14 - [MESSAGE][PASSED] - Navigate to 'https://www.velocitypayment.com/client/rad/index.html' successfully

2024-11-07 20:06:14 - [TEST_STEP][PASSED] - selectOptionByLabel(findTestObject(orPath_Landing + "/dd_TaxType"), "Existing Liability with Notice/Invoice Number", false): All options with label 'Existing Liability with Notice/Invoice Number' are selected in object 'Object Repository/RAD_Pages/Landing_Page/dd_TaxType' 

2024-11-07 20:06:15 - [MESSAGE][PASSED] - All options with label 'Existing Liability with Notice/Invoice Number' are selected in object 'Object Repository/RAD_Pages/Landing_Page/dd_TaxType' 

2024-11-07 20:06:15 - [TEST_STEP][PASSED] - selectOptionByLabel(findTestObject(orPath_TaxTypeFilingYear + "/select_TaxType_ExistingLiability"), TaxType, false): All options with label 'Bay Restoration Fee' are selected in object 'Object Repository/RAD_Pages/TaxTypeFilingYear_Page/select_TaxType_ExistingLiability' 

2024-11-07 20:06:15 - [MESSAGE][PASSED] - All options with label 'Bay Restoration Fee' are selected in object 'Object Repository/RAD_Pages/TaxTypeFilingYear_Page/select_TaxType_ExistingLiability' 

2024-11-07 20:06:15 - [TEST_STEP][PASSED] - setText(findTestObject(orPath_TaxPayer + "/input_businessName"), " "): Text ' ' is set on object 'Object Repository/RAD_Pages/Taxpayer_Page/input_businessName'

2024-11-07 20:06:16 - [MESSAGE][PASSED] - Text ' ' is set on object 'Object Repository/RAD_Pages/Taxpayer_Page/input_businessName'

2024-11-07 20:06:16 - [TEST_STEP][PASSED] - setText(findTestObject(orPath_TaxPayer + "/input_BusinessRepfirstName"), " "): Text ' ' is set on object 'Object Repository/RAD_Pages/Taxpayer_Page/input_BusinessRepfirstName'

2024-11-07 20:06:17 - [MESSAGE][PASSED] - Text ' ' is set on object 'Object Repository/RAD_Pages/Taxpayer_Page/input_BusinessRepfirstName'

2024-11-07 20:06:17 - [TEST_STEP][PASSED] - setText(findTestObject(orPath_TaxPayer + "/input_BusinessReplastName"), " "): Text ' ' is set on object 'Object Repository/RAD_Pages/Taxpayer_Page/input_BusinessReplastName'

2024-11-07 20:06:18 - [MESSAGE][PASSED] - Text ' ' is set on object 'Object Repository/RAD_Pages/Taxpayer_Page/input_BusinessReplastName'

2024-11-07 20:06:18 - [TEST_STEP][PASSED] - setText(findTestObject(orPath_AddressContact + "/input_streetAddress1"), " "): Text ' ' is set on object 'Object Repository/RAD_Pages/AddressAndContactInfo_Page/input_streetAddress1'

2024-11-07 20:06:18 - [MESSAGE][PASSED] - Text ' ' is set on object 'Object Repository/RAD_Pages/AddressAndContactInfo_Page/input_streetAddress1'

2024-11-07 20:06:18 - [TEST_STEP][PASSED] - setText(findTestObject(orPath_AddressContact + "/input_city"), " "): Text ' ' is set on object 'Object Repository/RAD_Pages/AddressAndContactInfo_Page/input_city'

2024-11-07 20:06:19 - [MESSAGE][PASSED] - Text ' ' is set on object 'Object Repository/RAD_Pages/AddressAndContactInfo_Page/input_city'

2024-11-07 20:06:19 - [TEST_STEP][PASSED] - setText(findTestObject(orPath_AddressContact + "/input_zipCode"), " "): Text ' ' is set on object 'Object Repository/RAD_Pages/AddressAndContactInfo_Page/input_zipCode'

2024-11-07 20:06:20 - [MESSAGE][PASSED] - Text ' ' is set on object 'Object Repository/RAD_Pages/AddressAndContactInfo_Page/input_zipCode'

2024-11-07 20:06:20 - [TEST_STEP][PASSED] - setText(findTestObject(orPath_AddressContact + "/input_phoneNumber"), " "): Text ' ' is set on object 'Object Repository/RAD_Pages/AddressAndContactInfo_Page/input_phoneNumber'

2024-11-07 20:06:21 - [MESSAGE][PASSED] - Text ' ' is set on object 'Object Repository/RAD_Pages/AddressAndContactInfo_Page/input_phoneNumber'

2024-11-07 20:06:21 - [TEST_STEP][PASSED] - setText(findTestObject(orPath_AddressContact + "/input_eMailAddress"), " "): Text ' ' is set on object 'Object Repository/RAD_Pages/AddressAndContactInfo_Page/input_eMailAddress'

2024-11-07 20:06:22 - [MESSAGE][PASSED] - Text ' ' is set on object 'Object Repository/RAD_Pages/AddressAndContactInfo_Page/input_eMailAddress'

2024-11-07 20:06:22 - [TEST_STEP][PASSED] - setText(findTestObject(orPath_AddressContact + "/input_reEnterEMailAddress"), " "): Text ' ' is set on object 'Object Repository/RAD_Pages/AddressAndContactInfo_Page/input_reEnterEMailAddress'

2024-11-07 20:06:22 - [MESSAGE][PASSED] - Text ' ' is set on object 'Object Repository/RAD_Pages/AddressAndContactInfo_Page/input_reEnterEMailAddress'

2024-11-07 20:06:22 - [TEST_STEP][PASSED] - if (TaxType.equalsIgnoreCase("Estate Tax")): null

2024-11-07 20:06:22 - [TEST_STEP][PASSED] - setText(findTestObject(orPath_Amount + "/input__paymentAmount"), ""): Text '' is set on object 'Object Repository/RAD_Pages/PaymentAmount_Page/input__paymentAmount'

2024-11-07 20:06:23 - [MESSAGE][PASSED] - Text '' is set on object 'Object Repository/RAD_Pages/PaymentAmount_Page/input__paymentAmount'

2024-11-07 20:06:23 - [TEST_STEP][PASSED] - resText = "Fail": null

2024-11-07 20:06:23 - [TEST_STEP][PASSED] - pages.WriteExcel.demoKey(resText, datText, resColumn, datCloumn, fileLoc, nameSheet, row): pages.WriteExcel.demoKey is PASSED

2024-11-07 20:06:24 - [MESSAGE][PASSED] - pages.WriteExcel.demoKey is PASSED

2024-11-07 20:06:24 - [TEST_STEP][PASSED] - verifyTextPresent("Enter business name", true, CONTINUE_ON_FAILURE): Text 'Enter business name' is present on page  using regular expression

2024-11-07 20:06:24 - [MESSAGE][PASSED] - Text 'Enter business name' is present on page  using regular expression

2024-11-07 20:06:24 - [TEST_STEP][PASSED] - verifyTextPresent("Enter business rep first name", true, CONTINUE_ON_FAILURE): Text 'Enter business rep first name' is present on page  using regular expression

2024-11-07 20:06:25 - [MESSAGE][PASSED] - Text 'Enter business rep first name' is present on page  using regular expression

2024-11-07 20:06:25 - [TEST_STEP][PASSED] - verifyTextPresent("Enter business rep last name", true, CONTINUE_ON_FAILURE): Text 'Enter business rep last name' is present on page  using regular expression

2024-11-07 20:06:25 - [MESSAGE][PASSED] - Text 'Enter business rep last name' is present on page  using regular expression

2024-11-07 20:06:25 - [TEST_STEP][PASSED] - verifyTextPresent("Enter address", true, CONTINUE_ON_FAILURE): Text 'Enter address' is present on page  using regular expression

2024-11-07 20:06:26 - [MESSAGE][PASSED] - Text 'Enter address' is present on page  using regular expression

2024-11-07 20:06:26 - [TEST_STEP][PASSED] - verifyTextPresent("Enter city", true, CONTINUE_ON_FAILURE): Text 'Enter city' is present on page  using regular expression

2024-11-07 20:06:26 - [MESSAGE][PASSED] - Text 'Enter city' is present on page  using regular expression

2024-11-07 20:06:26 - [TEST_STEP][PASSED] - verifyTextPresent("Enter ZIP code", true, CONTINUE_ON_FAILURE): Text 'Enter ZIP code' is present on page  using regular expression

2024-11-07 20:06:27 - [MESSAGE][PASSED] - Text 'Enter ZIP code' is present on page  using regular expression

2024-11-07 20:06:27 - [TEST_STEP][PASSED] - verifyTextPresent("Enter a valid phone number", true, CONTINUE_ON_FAILURE): Text 'Enter a valid phone number' is present on page  using regular expression

2024-11-07 20:06:27 - [MESSAGE][PASSED] - Text 'Enter a valid phone number' is present on page  using regular expression

2024-11-07 20:06:27 - [TEST_STEP][PASSED] - verifyTextPresent("Enter Email", true, CONTINUE_ON_FAILURE): Text 'Enter Email' is present on page  using regular expression

2024-11-07 20:06:27 - [MESSAGE][PASSED] - Text 'Enter Email' is present on page  using regular expression

2024-11-07 20:06:27 - [TEST_STEP][PASSED] - if (CRN.equalsIgnoreCase("Y")): null

2024-11-07 20:06:27 - [TEST_STEP][PASSED] - if (MFLicNum.equalsIgnoreCase("Y")): null

2024-11-07 20:06:27 - [TEST_STEP][PASSED] - if (isRequiredTextPresent == true): pages.WriteExcel.demoKey is PASSED

2024-11-07 20:06:27 - [TEST_STEP][PASSED] - println("All the relevant texts are present"): null

2024-11-07 20:06:27 - [TEST_STEP][PASSED] - markPassed("All the relevant texts are present"): All the relevant texts are present

2024-11-07 20:06:27 - [MESSAGE][PASSED] - All the relevant texts are present

2024-11-07 20:06:27 - [TEST_STEP][PASSED] - resText = "Pass": null

2024-11-07 20:06:27 - [TEST_STEP][PASSED] - pages.WriteExcel.demoKey(resText, datText, resColumn, datCloumn, fileLoc, nameSheet, row): pages.WriteExcel.demoKey is PASSED

2024-11-07 20:06:27 - [MESSAGE][PASSED] - pages.WriteExcel.demoKey is PASSED

2024-11-07 20:06:27 - [TEST_STEP][PASSED] - ExecuteTC = findTestData(dataFile).getValue("Execute", row): null

2024-11-07 20:06:27 - [TEST_STEP][PASSED] - TaxType = findTestData(dataFile).getValue("TaxType", row): null

2024-11-07 20:06:28 - [TEST_STEP][PASSED] - PaymentType = findTestData(dataFile).getValue("PaymentType", row): null

2024-11-07 20:06:28 - [TEST_STEP][PASSED] - feinSsn = findTestData(dataFile).getValue("FEINSSN", row): null

2024-11-07 20:06:28 - [TEST_STEP][PASSED] - CRN = findTestData(dataFile).getValue("CRN", row): null

2024-11-07 20:06:28 - [TEST_STEP][PASSED] - MFLicNum = findTestData(dataFile).getValue("MFLicNum", row): null

2024-11-07 20:06:28 - [TEST_STEP][PASSED] - if (ExecuteTC.equalsIgnoreCase("Y")): pages.WriteExcel.demoKey is PASSED

2024-11-07 20:06:28 - [TEST_STEP][PASSED] - out.println("Begin Record Number: " + row): null

2024-11-07 20:06:28 - [TEST_STEP][PASSED] - today = new java.util.Date(): null

2024-11-07 20:06:28 - [TEST_STEP][PASSED] - println(today): null

2024-11-07 20:06:28 - [TEST_STEP][PASSED] - datText = today: null

2024-11-07 20:06:28 - [TEST_STEP][PASSED] - logInfo("Payment Type: Existing Liability with Notice/Invoice Number"): Payment Type: Existing Liability with Notice/Invoice Number

2024-11-07 20:06:28 - [MESSAGE][INFO] - Payment Type: Existing Liability with Notice/Invoice Number

2024-11-07 20:06:28 - [TEST_STEP][PASSED] - logInfo("Tax Type: " + TaxType): Tax Type: Corporate Income Tax

2024-11-07 20:06:28 - [MESSAGE][INFO] - Tax Type: Corporate Income Tax

2024-11-07 20:06:28 - [TEST_STEP][PASSED] - openBrowser(""): Browser is opened with url: ''

2024-11-07 20:06:28 - [MESSAGE][WARNING] - A browser is already opened. Closing browser and opening a new one

2024-11-07 20:06:30 - [MESSAGE][INFO] - Starting 'Chrome' driver

2024-11-07 20:06:30 - [MESSAGE][INFO] - User set preference: ['acceptInsecureCerts', 'true']

2024-11-07 20:06:30 - [MESSAGE][INFO] - Action delay is set to 0 milliseconds

2024-11-07 20:06:32 - [MESSAGE][PASSED] - Browser is opened with url: ''

2024-11-07 20:06:32 - [TEST_STEP][PASSED] - maximizeWindow(): Current window maximized

2024-11-07 20:06:32 - [MESSAGE][PASSED] - Current window maximized

2024-11-07 20:06:32 - [TEST_STEP][PASSED] - navigateToUrl(RADurl): Navigate to 'https://www.velocitypayment.com/client/rad/index.html' successfully

2024-11-07 20:06:34 - [MESSAGE][PASSED] - Navigate to 'https://www.velocitypayment.com/client/rad/index.html' successfully

2024-11-07 20:06:34 - [TEST_STEP][PASSED] - selectOptionByLabel(findTestObject(orPath_Landing + "/dd_TaxType"), "Existing Liability with Notice/Invoice Number", false): All options with label 'Existing Liability with Notice/Invoice Number' are selected in object 'Object Repository/RAD_Pages/Landing_Page/dd_TaxType' 

2024-11-07 20:06:35 - [MESSAGE][PASSED] - All options with label 'Existing Liability with Notice/Invoice Number' are selected in object 'Object Repository/RAD_Pages/Landing_Page/dd_TaxType' 

2024-11-07 20:06:35 - [TEST_STEP][PASSED] - selectOptionByLabel(findTestObject(orPath_TaxTypeFilingYear + "/select_TaxType_ExistingLiability"), TaxType, false): All options with label 'Corporate Income Tax' are selected in object 'Object Repository/RAD_Pages/TaxTypeFilingYear_Page/select_TaxType_ExistingLiability' 

2024-11-07 20:06:36 - [MESSAGE][PASSED] - All options with label 'Corporate Income Tax' are selected in object 'Object Repository/RAD_Pages/TaxTypeFilingYear_Page/select_TaxType_ExistingLiability' 

2024-11-07 20:06:36 - [TEST_STEP][PASSED] - setText(findTestObject(orPath_TaxPayer + "/input_businessName"), " "): Text ' ' is set on object 'Object Repository/RAD_Pages/Taxpayer_Page/input_businessName'

2024-11-07 20:06:37 - [MESSAGE][PASSED] - Text ' ' is set on object 'Object Repository/RAD_Pages/Taxpayer_Page/input_businessName'

2024-11-07 20:06:37 - [TEST_STEP][PASSED] - setText(findTestObject(orPath_TaxPayer + "/input_BusinessRepfirstName"), " "): Text ' ' is set on object 'Object Repository/RAD_Pages/Taxpayer_Page/input_BusinessRepfirstName'

2024-11-07 20:06:37 - [MESSAGE][PASSED] - Text ' ' is set on object 'Object Repository/RAD_Pages/Taxpayer_Page/input_BusinessRepfirstName'

2024-11-07 20:06:37 - [TEST_STEP][PASSED] - setText(findTestObject(orPath_TaxPayer + "/input_BusinessReplastName"), " "): Text ' ' is set on object 'Object Repository/RAD_Pages/Taxpayer_Page/input_BusinessReplastName'

2024-11-07 20:06:38 - [MESSAGE][PASSED] - Text ' ' is set on object 'Object Repository/RAD_Pages/Taxpayer_Page/input_BusinessReplastName'

2024-11-07 20:06:38 - [TEST_STEP][PASSED] - setText(findTestObject(orPath_AddressContact + "/input_streetAddress1"), " "): Text ' ' is set on object 'Object Repository/RAD_Pages/AddressAndContactInfo_Page/input_streetAddress1'

2024-11-07 20:06:39 - [MESSAGE][PASSED] - Text ' ' is set on object 'Object Repository/RAD_Pages/AddressAndContactInfo_Page/input_streetAddress1'

2024-11-07 20:06:39 - [TEST_STEP][PASSED] - setText(findTestObject(orPath_AddressContact + "/input_city"), " "): Text ' ' is set on object 'Object Repository/RAD_Pages/AddressAndContactInfo_Page/input_city'

2024-11-07 20:06:40 - [MESSAGE][PASSED] - Text ' ' is set on object 'Object Repository/RAD_Pages/AddressAndContactInfo_Page/input_city'

2024-11-07 20:06:40 - [TEST_STEP][PASSED] - setText(findTestObject(orPath_AddressContact + "/input_zipCode"), " "): Text ' ' is set on object 'Object Repository/RAD_Pages/AddressAndContactInfo_Page/input_zipCode'

2024-11-07 20:06:40 - [MESSAGE][PASSED] - Text ' ' is set on object 'Object Repository/RAD_Pages/AddressAndContactInfo_Page/input_zipCode'

2024-11-07 20:06:40 - [TEST_STEP][PASSED] - setText(findTestObject(orPath_AddressContact + "/input_phoneNumber"), " "): Text ' ' is set on object 'Object Repository/RAD_Pages/AddressAndContactInfo_Page/input_phoneNumber'

2024-11-07 20:06:41 - [MESSAGE][PASSED] - Text ' ' is set on object 'Object Repository/RAD_Pages/AddressAndContactInfo_Page/input_phoneNumber'

2024-11-07 20:06:41 - [TEST_STEP][PASSED] - setText(findTestObject(orPath_AddressContact + "/input_eMailAddress"), " "): Text ' ' is set on object 'Object Repository/RAD_Pages/AddressAndContactInfo_Page/input_eMailAddress'

2024-11-07 20:06:42 - [MESSAGE][PASSED] - Text ' ' is set on object 'Object Repository/RAD_Pages/AddressAndContactInfo_Page/input_eMailAddress'

2024-11-07 20:06:42 - [TEST_STEP][PASSED] - setText(findTestObject(orPath_AddressContact + "/input_reEnterEMailAddress"), " "): Text ' ' is set on object 'Object Repository/RAD_Pages/AddressAndContactInfo_Page/input_reEnterEMailAddress'

2024-11-07 20:06:43 - [MESSAGE][PASSED] - Text ' ' is set on object 'Object Repository/RAD_Pages/AddressAndContactInfo_Page/input_reEnterEMailAddress'

2024-11-07 20:06:43 - [TEST_STEP][PASSED] - if (TaxType.equalsIgnoreCase("Estate Tax")): null

2024-11-07 20:06:43 - [TEST_STEP][PASSED] - setText(findTestObject(orPath_Amount + "/input__paymentAmount"), ""): Text '' is set on object 'Object Repository/RAD_Pages/PaymentAmount_Page/input__paymentAmount'

2024-11-07 20:06:44 - [MESSAGE][PASSED] - Text '' is set on object 'Object Repository/RAD_Pages/PaymentAmount_Page/input__paymentAmount'

2024-11-07 20:06:44 - [TEST_STEP][PASSED] - resText = "Fail": null

2024-11-07 20:06:44 - [TEST_STEP][PASSED] - pages.WriteExcel.demoKey(resText, datText, resColumn, datCloumn, fileLoc, nameSheet, row): pages.WriteExcel.demoKey is PASSED

2024-11-07 20:06:44 - [MESSAGE][PASSED] - pages.WriteExcel.demoKey is PASSED

2024-11-07 20:06:44 - [TEST_STEP][PASSED] - verifyTextPresent("Enter business name", true, CONTINUE_ON_FAILURE): Text 'Enter business name' is present on page  using regular expression

2024-11-07 20:06:45 - [MESSAGE][PASSED] - Text 'Enter business name' is present on page  using regular expression

2024-11-07 20:06:45 - [TEST_STEP][PASSED] - verifyTextPresent("Enter business rep first name", true, CONTINUE_ON_FAILURE): Text 'Enter business rep first name' is present on page  using regular expression

2024-11-07 20:06:45 - [MESSAGE][PASSED] - Text 'Enter business rep first name' is present on page  using regular expression

2024-11-07 20:06:45 - [TEST_STEP][PASSED] - verifyTextPresent("Enter business rep last name", true, CONTINUE_ON_FAILURE): Text 'Enter business rep last name' is present on page  using regular expression

2024-11-07 20:06:46 - [MESSAGE][PASSED] - Text 'Enter business rep last name' is present on page  using regular expression

2024-11-07 20:06:46 - [TEST_STEP][PASSED] - verifyTextPresent("Enter address", true, CONTINUE_ON_FAILURE): Text 'Enter address' is present on page  using regular expression

2024-11-07 20:06:46 - [MESSAGE][PASSED] - Text 'Enter address' is present on page  using regular expression

2024-11-07 20:06:46 - [TEST_STEP][PASSED] - verifyTextPresent("Enter city", true, CONTINUE_ON_FAILURE): Text 'Enter city' is present on page  using regular expression

2024-11-07 20:06:46 - [MESSAGE][PASSED] - Text 'Enter city' is present on page  using regular expression

2024-11-07 20:06:46 - [TEST_STEP][PASSED] - verifyTextPresent("Enter ZIP code", true, CONTINUE_ON_FAILURE): Text 'Enter ZIP code' is present on page  using regular expression

2024-11-07 20:06:47 - [MESSAGE][PASSED] - Text 'Enter ZIP code' is present on page  using regular expression

2024-11-07 20:06:47 - [TEST_STEP][PASSED] - verifyTextPresent("Enter a valid phone number", true, CONTINUE_ON_FAILURE): Text 'Enter a valid phone number' is present on page  using regular expression

2024-11-07 20:06:47 - [MESSAGE][PASSED] - Text 'Enter a valid phone number' is present on page  using regular expression

2024-11-07 20:06:47 - [TEST_STEP][PASSED] - verifyTextPresent("Enter Email", true, CONTINUE_ON_FAILURE): Text 'Enter Email' is present on page  using regular expression

2024-11-07 20:06:47 - [MESSAGE][PASSED] - Text 'Enter Email' is present on page  using regular expression

2024-11-07 20:06:47 - [TEST_STEP][PASSED] - if (CRN.equalsIgnoreCase("Y")): null

2024-11-07 20:06:47 - [TEST_STEP][PASSED] - if (MFLicNum.equalsIgnoreCase("Y")): null

2024-11-07 20:06:47 - [TEST_STEP][PASSED] - if (isRequiredTextPresent == true): pages.WriteExcel.demoKey is PASSED

2024-11-07 20:06:47 - [TEST_STEP][PASSED] - println("All the relevant texts are present"): null

2024-11-07 20:06:47 - [TEST_STEP][PASSED] - markPassed("All the relevant texts are present"): All the relevant texts are present

2024-11-07 20:06:47 - [MESSAGE][PASSED] - All the relevant texts are present

2024-11-07 20:06:47 - [TEST_STEP][PASSED] - resText = "Pass": null

2024-11-07 20:06:47 - [TEST_STEP][PASSED] - pages.WriteExcel.demoKey(resText, datText, resColumn, datCloumn, fileLoc, nameSheet, row): pages.WriteExcel.demoKey is PASSED

2024-11-07 20:06:47 - [MESSAGE][PASSED] - pages.WriteExcel.demoKey is PASSED

2024-11-07 20:06:47 - [TEST_STEP][PASSED] - ExecuteTC = findTestData(dataFile).getValue("Execute", row): null

2024-11-07 20:06:48 - [TEST_STEP][PASSED] - TaxType = findTestData(dataFile).getValue("TaxType", row): null

2024-11-07 20:06:48 - [TEST_STEP][PASSED] - PaymentType = findTestData(dataFile).getValue("PaymentType", row): null

2024-11-07 20:06:48 - [TEST_STEP][PASSED] - feinSsn = findTestData(dataFile).getValue("FEINSSN", row): null

2024-11-07 20:06:48 - [TEST_STEP][PASSED] - CRN = findTestData(dataFile).getValue("CRN", row): null

2024-11-07 20:06:48 - [TEST_STEP][PASSED] - MFLicNum = findTestData(dataFile).getValue("MFLicNum", row): null

2024-11-07 20:06:48 - [TEST_STEP][PASSED] - if (ExecuteTC.equalsIgnoreCase("Y")): pages.WriteExcel.demoKey is PASSED

2024-11-07 20:06:48 - [TEST_STEP][PASSED] - out.println("Begin Record Number: " + row): null

2024-11-07 20:06:48 - [TEST_STEP][PASSED] - today = new java.util.Date(): null

2024-11-07 20:06:48 - [TEST_STEP][PASSED] - println(today): null

2024-11-07 20:06:48 - [TEST_STEP][PASSED] - datText = today: null

2024-11-07 20:06:48 - [TEST_STEP][PASSED] - logInfo("Payment Type: Existing Liability with Notice/Invoice Number"): Payment Type: Existing Liability with Notice/Invoice Number

2024-11-07 20:06:48 - [MESSAGE][INFO] - Payment Type: Existing Liability with Notice/Invoice Number

2024-11-07 20:06:48 - [TEST_STEP][PASSED] - logInfo("Tax Type: " + TaxType): Tax Type: Fiduciary Tax

2024-11-07 20:06:48 - [MESSAGE][INFO] - Tax Type: Fiduciary Tax

2024-11-07 20:06:48 - [TEST_STEP][PASSED] - openBrowser(""): Browser is opened with url: ''

2024-11-07 20:06:48 - [MESSAGE][WARNING] - A browser is already opened. Closing browser and opening a new one

2024-11-07 20:06:50 - [MESSAGE][INFO] - Starting 'Chrome' driver

2024-11-07 20:06:50 - [MESSAGE][INFO] - User set preference: ['acceptInsecureCerts', 'true']

2024-11-07 20:06:50 - [MESSAGE][INFO] - Action delay is set to 0 milliseconds

2024-11-07 20:06:52 - [MESSAGE][PASSED] - Browser is opened with url: ''

2024-11-07 20:06:52 - [TEST_STEP][PASSED] - maximizeWindow(): Current window maximized

2024-11-07 20:06:52 - [MESSAGE][PASSED] - Current window maximized

2024-11-07 20:06:52 - [TEST_STEP][PASSED] - navigateToUrl(RADurl): Navigate to 'https://www.velocitypayment.com/client/rad/index.html' successfully

2024-11-07 20:06:56 - [MESSAGE][PASSED] - Navigate to 'https://www.velocitypayment.com/client/rad/index.html' successfully

2024-11-07 20:06:56 - [TEST_STEP][PASSED] - selectOptionByLabel(findTestObject(orPath_Landing + "/dd_TaxType"), "Existing Liability with Notice/Invoice Number", false): All options with label 'Existing Liability with Notice/Invoice Number' are selected in object 'Object Repository/RAD_Pages/Landing_Page/dd_TaxType' 

2024-11-07 20:06:56 - [MESSAGE][PASSED] - All options with label 'Existing Liability with Notice/Invoice Number' are selected in object 'Object Repository/RAD_Pages/Landing_Page/dd_TaxType' 

2024-11-07 20:06:56 - [TEST_STEP][PASSED] - selectOptionByLabel(findTestObject(orPath_TaxTypeFilingYear + "/select_TaxType_ExistingLiability"), TaxType, false): All options with label 'Fiduciary Tax' are selected in object 'Object Repository/RAD_Pages/TaxTypeFilingYear_Page/select_TaxType_ExistingLiability' 

2024-11-07 20:06:57 - [MESSAGE][PASSED] - All options with label 'Fiduciary Tax' are selected in object 'Object Repository/RAD_Pages/TaxTypeFilingYear_Page/select_TaxType_ExistingLiability' 

2024-11-07 20:06:57 - [TEST_STEP][PASSED] - setText(findTestObject(orPath_TaxPayer + "/input_businessName"), " "): Text ' ' is set on object 'Object Repository/RAD_Pages/Taxpayer_Page/input_businessName'

2024-11-07 20:06:58 - [MESSAGE][PASSED] - Text ' ' is set on object 'Object Repository/RAD_Pages/Taxpayer_Page/input_businessName'

2024-11-07 20:06:58 - [TEST_STEP][PASSED] - setText(findTestObject(orPath_TaxPayer + "/input_BusinessRepfirstName"), " "): Text ' ' is set on object 'Object Repository/RAD_Pages/Taxpayer_Page/input_BusinessRepfirstName'

2024-11-07 20:06:59 - [MESSAGE][PASSED] - Text ' ' is set on object 'Object Repository/RAD_Pages/Taxpayer_Page/input_BusinessRepfirstName'

2024-11-07 20:06:59 - [TEST_STEP][PASSED] - setText(findTestObject(orPath_TaxPayer + "/input_BusinessReplastName"), " "): Text ' ' is set on object 'Object Repository/RAD_Pages/Taxpayer_Page/input_BusinessReplastName'

2024-11-07 20:06:59 - [MESSAGE][PASSED] - Text ' ' is set on object 'Object Repository/RAD_Pages/Taxpayer_Page/input_BusinessReplastName'

2024-11-07 20:06:59 - [TEST_STEP][PASSED] - setText(findTestObject(orPath_AddressContact + "/input_streetAddress1"), " "): Text ' ' is set on object 'Object Repository/RAD_Pages/AddressAndContactInfo_Page/input_streetAddress1'

2024-11-07 20:07:00 - [MESSAGE][PASSED] - Text ' ' is set on object 'Object Repository/RAD_Pages/AddressAndContactInfo_Page/input_streetAddress1'

2024-11-07 20:07:00 - [TEST_STEP][PASSED] - setText(findTestObject(orPath_AddressContact + "/input_city"), " "): Text ' ' is set on object 'Object Repository/RAD_Pages/AddressAndContactInfo_Page/input_city'

2024-11-07 20:07:01 - [MESSAGE][PASSED] - Text ' ' is set on object 'Object Repository/RAD_Pages/AddressAndContactInfo_Page/input_city'

2024-11-07 20:07:01 - [TEST_STEP][PASSED] - setText(findTestObject(orPath_AddressContact + "/input_zipCode"), " "): Text ' ' is set on object 'Object Repository/RAD_Pages/AddressAndContactInfo_Page/input_zipCode'

2024-11-07 20:07:02 - [MESSAGE][PASSED] - Text ' ' is set on object 'Object Repository/RAD_Pages/AddressAndContactInfo_Page/input_zipCode'

2024-11-07 20:07:02 - [TEST_STEP][PASSED] - setText(findTestObject(orPath_AddressContact + "/input_phoneNumber"), " "): Text ' ' is set on object 'Object Repository/RAD_Pages/AddressAndContactInfo_Page/input_phoneNumber'

2024-11-07 20:07:02 - [MESSAGE][PASSED] - Text ' ' is set on object 'Object Repository/RAD_Pages/AddressAndContactInfo_Page/input_phoneNumber'

2024-11-07 20:07:02 - [TEST_STEP][PASSED] - setText(findTestObject(orPath_AddressContact + "/input_eMailAddress"), " "): Text ' ' is set on object 'Object Repository/RAD_Pages/AddressAndContactInfo_Page/input_eMailAddress'

2024-11-07 20:07:03 - [MESSAGE][PASSED] - Text ' ' is set on object 'Object Repository/RAD_Pages/AddressAndContactInfo_Page/input_eMailAddress'

2024-11-07 20:07:03 - [TEST_STEP][PASSED] - setText(findTestObject(orPath_AddressContact + "/input_reEnterEMailAddress"), " "): Text ' ' is set on object 'Object Repository/RAD_Pages/AddressAndContactInfo_Page/input_reEnterEMailAddress'

2024-11-07 20:07:05 - [MESSAGE][PASSED] - Text ' ' is set on object 'Object Repository/RAD_Pages/AddressAndContactInfo_Page/input_reEnterEMailAddress'

2024-11-07 20:07:05 - [TEST_STEP][PASSED] - if (TaxType.equalsIgnoreCase("Estate Tax")): null

2024-11-07 20:07:05 - [TEST_STEP][PASSED] - setText(findTestObject(orPath_Amount + "/input__paymentAmount"), ""): Text '' is set on object 'Object Repository/RAD_Pages/PaymentAmount_Page/input__paymentAmount'

2024-11-07 20:07:05 - [MESSAGE][PASSED] - Text '' is set on object 'Object Repository/RAD_Pages/PaymentAmount_Page/input__paymentAmount'

2024-11-07 20:07:05 - [TEST_STEP][PASSED] - resText = "Fail": null

2024-11-07 20:07:05 - [TEST_STEP][PASSED] - pages.WriteExcel.demoKey(resText, datText, resColumn, datCloumn, fileLoc, nameSheet, row): pages.WriteExcel.demoKey is PASSED

2024-11-07 20:07:06 - [MESSAGE][PASSED] - pages.WriteExcel.demoKey is PASSED

2024-11-07 20:07:06 - [TEST_STEP][PASSED] - verifyTextPresent("Enter business name", true, CONTINUE_ON_FAILURE): Text 'Enter business name' is present on page  using regular expression

2024-11-07 20:07:06 - [MESSAGE][PASSED] - Text 'Enter business name' is present on page  using regular expression

2024-11-07 20:07:06 - [TEST_STEP][PASSED] - verifyTextPresent("Enter business rep first name", true, CONTINUE_ON_FAILURE): Text 'Enter business rep first name' is present on page  using regular expression

2024-11-07 20:07:07 - [MESSAGE][PASSED] - Text 'Enter business rep first name' is present on page  using regular expression

2024-11-07 20:07:07 - [TEST_STEP][PASSED] - verifyTextPresent("Enter business rep last name", true, CONTINUE_ON_FAILURE): Text 'Enter business rep last name' is present on page  using regular expression

2024-11-07 20:07:07 - [MESSAGE][PASSED] - Text 'Enter business rep last name' is present on page  using regular expression

2024-11-07 20:07:07 - [TEST_STEP][PASSED] - verifyTextPresent("Enter address", true, CONTINUE_ON_FAILURE): Text 'Enter address' is present on page  using regular expression

2024-11-07 20:07:07 - [MESSAGE][PASSED] - Text 'Enter address' is present on page  using regular expression

2024-11-07 20:07:07 - [TEST_STEP][PASSED] - verifyTextPresent("Enter city", true, CONTINUE_ON_FAILURE): Text 'Enter city' is present on page  using regular expression

2024-11-07 20:07:08 - [MESSAGE][PASSED] - Text 'Enter city' is present on page  using regular expression

2024-11-07 20:07:08 - [TEST_STEP][PASSED] - verifyTextPresent("Enter ZIP code", true, CONTINUE_ON_FAILURE): Text 'Enter ZIP code' is present on page  using regular expression

2024-11-07 20:07:08 - [MESSAGE][PASSED] - Text 'Enter ZIP code' is present on page  using regular expression

2024-11-07 20:07:08 - [TEST_STEP][PASSED] - verifyTextPresent("Enter a valid phone number", true, CONTINUE_ON_FAILURE): Text 'Enter a valid phone number' is present on page  using regular expression

2024-11-07 20:07:08 - [MESSAGE][PASSED] - Text 'Enter a valid phone number' is present on page  using regular expression

2024-11-07 20:07:08 - [TEST_STEP][PASSED] - verifyTextPresent("Enter Email", true, CONTINUE_ON_FAILURE): Text 'Enter Email' is present on page  using regular expression

2024-11-07 20:07:09 - [MESSAGE][PASSED] - Text 'Enter Email' is present on page  using regular expression

2024-11-07 20:07:09 - [TEST_STEP][PASSED] - if (CRN.equalsIgnoreCase("Y")): null

2024-11-07 20:07:09 - [TEST_STEP][PASSED] - if (MFLicNum.equalsIgnoreCase("Y")): null

2024-11-07 20:07:09 - [TEST_STEP][PASSED] - if (isRequiredTextPresent == true): pages.WriteExcel.demoKey is PASSED

2024-11-07 20:07:09 - [TEST_STEP][PASSED] - println("All the relevant texts are present"): null

2024-11-07 20:07:09 - [TEST_STEP][PASSED] - markPassed("All the relevant texts are present"): All the relevant texts are present

2024-11-07 20:07:09 - [MESSAGE][PASSED] - All the relevant texts are present

2024-11-07 20:07:09 - [TEST_STEP][PASSED] - resText = "Pass": null

2024-11-07 20:07:09 - [TEST_STEP][PASSED] - pages.WriteExcel.demoKey(resText, datText, resColumn, datCloumn, fileLoc, nameSheet, row): pages.WriteExcel.demoKey is PASSED

2024-11-07 20:07:09 - [MESSAGE][PASSED] - pages.WriteExcel.demoKey is PASSED

2024-11-07 20:07:09 - [TEST_STEP][PASSED] - ExecuteTC = findTestData(dataFile).getValue("Execute", row): null

2024-11-07 20:07:09 - [TEST_STEP][PASSED] - TaxType = findTestData(dataFile).getValue("TaxType", row): null

2024-11-07 20:07:09 - [TEST_STEP][PASSED] - PaymentType = findTestData(dataFile).getValue("PaymentType", row): null

2024-11-07 20:07:09 - [TEST_STEP][PASSED] - feinSsn = findTestData(dataFile).getValue("FEINSSN", row): null

2024-11-07 20:07:09 - [TEST_STEP][PASSED] - CRN = findTestData(dataFile).getValue("CRN", row): null

2024-11-07 20:07:09 - [TEST_STEP][PASSED] - MFLicNum = findTestData(dataFile).getValue("MFLicNum", row): null

2024-11-07 20:07:09 - [TEST_STEP][PASSED] - if (ExecuteTC.equalsIgnoreCase("Y")): pages.WriteExcel.demoKey is PASSED

2024-11-07 20:07:09 - [TEST_STEP][PASSED] - out.println("Begin Record Number: " + row): null

2024-11-07 20:07:09 - [TEST_STEP][PASSED] - today = new java.util.Date(): null

2024-11-07 20:07:09 - [TEST_STEP][PASSED] - println(today): null

2024-11-07 20:07:09 - [TEST_STEP][PASSED] - datText = today: null

2024-11-07 20:07:09 - [TEST_STEP][PASSED] - logInfo("Payment Type: Existing Liability with Notice/Invoice Number"): Payment Type: Existing Liability with Notice/Invoice Number

2024-11-07 20:07:09 - [MESSAGE][INFO] - Payment Type: Existing Liability with Notice/Invoice Number

2024-11-07 20:07:09 - [TEST_STEP][PASSED] - logInfo("Tax Type: " + TaxType): Tax Type: PTE Non-Electing Non-S Corp

2024-11-07 20:07:09 - [MESSAGE][INFO] - Tax Type: PTE Non-Electing Non-S Corp

2024-11-07 20:07:09 - [TEST_STEP][PASSED] - openBrowser(""): Browser is opened with url: ''

2024-11-07 20:07:09 - [MESSAGE][WARNING] - A browser is already opened. Closing browser and opening a new one

2024-11-07 20:07:12 - [MESSAGE][INFO] - Starting 'Chrome' driver

2024-11-07 20:07:12 - [MESSAGE][INFO] - User set preference: ['acceptInsecureCerts', 'true']

2024-11-07 20:07:12 - [MESSAGE][INFO] - Action delay is set to 0 milliseconds

2024-11-07 20:07:14 - [MESSAGE][PASSED] - Browser is opened with url: ''

2024-11-07 20:07:14 - [TEST_STEP][PASSED] - maximizeWindow(): Current window maximized

2024-11-07 20:07:14 - [MESSAGE][PASSED] - Current window maximized

2024-11-07 20:07:14 - [TEST_STEP][PASSED] - navigateToUrl(RADurl): Navigate to 'https://www.velocitypayment.com/client/rad/index.html' successfully

2024-11-07 20:07:17 - [MESSAGE][PASSED] - Navigate to 'https://www.velocitypayment.com/client/rad/index.html' successfully

2024-11-07 20:07:17 - [TEST_STEP][PASSED] - selectOptionByLabel(findTestObject(orPath_Landing + "/dd_TaxType"), "Existing Liability with Notice/Invoice Number", false): All options with label 'Existing Liability with Notice/Invoice Number' are selected in object 'Object Repository/RAD_Pages/Landing_Page/dd_TaxType' 

2024-11-07 20:07:17 - [MESSAGE][PASSED] - All options with label 'Existing Liability with Notice/Invoice Number' are selected in object 'Object Repository/RAD_Pages/Landing_Page/dd_TaxType' 

2024-11-07 20:07:17 - [TEST_STEP][PASSED] - selectOptionByLabel(findTestObject(orPath_TaxTypeFilingYear + "/select_TaxType_ExistingLiability"), TaxType, false): All options with label 'PTE Non-Electing Non-S Corp' are selected in object 'Object Repository/RAD_Pages/TaxTypeFilingYear_Page/select_TaxType_ExistingLiability' 

2024-11-07 20:07:18 - [MESSAGE][PASSED] - All options with label 'PTE Non-Electing Non-S Corp' are selected in object 'Object Repository/RAD_Pages/TaxTypeFilingYear_Page/select_TaxType_ExistingLiability' 

2024-11-07 20:07:18 - [TEST_STEP][PASSED] - setText(findTestObject(orPath_TaxPayer + "/input_businessName"), " "): Text ' ' is set on object 'Object Repository/RAD_Pages/Taxpayer_Page/input_businessName'

2024-11-07 20:07:19 - [MESSAGE][PASSED] - Text ' ' is set on object 'Object Repository/RAD_Pages/Taxpayer_Page/input_businessName'

2024-11-07 20:07:19 - [TEST_STEP][PASSED] - setText(findTestObject(orPath_TaxPayer + "/input_BusinessRepfirstName"), " "): Text ' ' is set on object 'Object Repository/RAD_Pages/Taxpayer_Page/input_BusinessRepfirstName'

2024-11-07 20:07:20 - [MESSAGE][PASSED] - Text ' ' is set on object 'Object Repository/RAD_Pages/Taxpayer_Page/input_BusinessRepfirstName'

2024-11-07 20:07:20 - [TEST_STEP][PASSED] - setText(findTestObject(orPath_TaxPayer + "/input_BusinessReplastName"), " "): Text ' ' is set on object 'Object Repository/RAD_Pages/Taxpayer_Page/input_BusinessReplastName'

2024-11-07 20:07:20 - [MESSAGE][PASSED] - Text ' ' is set on object 'Object Repository/RAD_Pages/Taxpayer_Page/input_BusinessReplastName'

2024-11-07 20:07:20 - [TEST_STEP][PASSED] - setText(findTestObject(orPath_AddressContact + "/input_streetAddress1"), " "): Text ' ' is set on object 'Object Repository/RAD_Pages/AddressAndContactInfo_Page/input_streetAddress1'

2024-11-07 20:07:21 - [MESSAGE][PASSED] - Text ' ' is set on object 'Object Repository/RAD_Pages/AddressAndContactInfo_Page/input_streetAddress1'

2024-11-07 20:07:21 - [TEST_STEP][PASSED] - setText(findTestObject(orPath_AddressContact + "/input_city"), " "): Text ' ' is set on object 'Object Repository/RAD_Pages/AddressAndContactInfo_Page/input_city'

2024-11-07 20:07:22 - [MESSAGE][PASSED] - Text ' ' is set on object 'Object Repository/RAD_Pages/AddressAndContactInfo_Page/input_city'

2024-11-07 20:07:22 - [TEST_STEP][PASSED] - setText(findTestObject(orPath_AddressContact + "/input_zipCode"), " "): Text ' ' is set on object 'Object Repository/RAD_Pages/AddressAndContactInfo_Page/input_zipCode'

2024-11-07 20:07:23 - [MESSAGE][PASSED] - Text ' ' is set on object 'Object Repository/RAD_Pages/AddressAndContactInfo_Page/input_zipCode'

2024-11-07 20:07:23 - [TEST_STEP][PASSED] - setText(findTestObject(orPath_AddressContact + "/input_phoneNumber"), " "): Text ' ' is set on object 'Object Repository/RAD_Pages/AddressAndContactInfo_Page/input_phoneNumber'

2024-11-07 20:07:24 - [MESSAGE][PASSED] - Text ' ' is set on object 'Object Repository/RAD_Pages/AddressAndContactInfo_Page/input_phoneNumber'

2024-11-07 20:07:24 - [TEST_STEP][PASSED] - setText(findTestObject(orPath_AddressContact + "/input_eMailAddress"), " "): Text ' ' is set on object 'Object Repository/RAD_Pages/AddressAndContactInfo_Page/input_eMailAddress'

2024-11-07 20:07:24 - [MESSAGE][PASSED] - Text ' ' is set on object 'Object Repository/RAD_Pages/AddressAndContactInfo_Page/input_eMailAddress'

2024-11-07 20:07:24 - [TEST_STEP][PASSED] - setText(findTestObject(orPath_AddressContact + "/input_reEnterEMailAddress"), " "): Text ' ' is set on object 'Object Repository/RAD_Pages/AddressAndContactInfo_Page/input_reEnterEMailAddress'

2024-11-07 20:07:25 - [MESSAGE][PASSED] - Text ' ' is set on object 'Object Repository/RAD_Pages/AddressAndContactInfo_Page/input_reEnterEMailAddress'

2024-11-07 20:07:25 - [TEST_STEP][PASSED] - if (TaxType.equalsIgnoreCase("Estate Tax")): null

2024-11-07 20:07:25 - [TEST_STEP][PASSED] - setText(findTestObject(orPath_Amount + "/input__paymentAmount"), ""): Text '' is set on object 'Object Repository/RAD_Pages/PaymentAmount_Page/input__paymentAmount'

2024-11-07 20:07:26 - [MESSAGE][PASSED] - Text '' is set on object 'Object Repository/RAD_Pages/PaymentAmount_Page/input__paymentAmount'

2024-11-07 20:07:26 - [TEST_STEP][PASSED] - resText = "Fail": null

2024-11-07 20:07:26 - [TEST_STEP][PASSED] - pages.WriteExcel.demoKey(resText, datText, resColumn, datCloumn, fileLoc, nameSheet, row): pages.WriteExcel.demoKey is PASSED

2024-11-07 20:07:27 - [MESSAGE][PASSED] - pages.WriteExcel.demoKey is PASSED

2024-11-07 20:07:27 - [TEST_STEP][PASSED] - verifyTextPresent("Enter business name", true, CONTINUE_ON_FAILURE): Text 'Enter business name' is present on page  using regular expression

2024-11-07 20:07:27 - [MESSAGE][PASSED] - Text 'Enter business name' is present on page  using regular expression

2024-11-07 20:07:27 - [TEST_STEP][PASSED] - verifyTextPresent("Enter business rep first name", true, CONTINUE_ON_FAILURE): Text 'Enter business rep first name' is present on page  using regular expression

2024-11-07 20:07:28 - [MESSAGE][PASSED] - Text 'Enter business rep first name' is present on page  using regular expression

2024-11-07 20:07:28 - [TEST_STEP][PASSED] - verifyTextPresent("Enter business rep last name", true, CONTINUE_ON_FAILURE): Text 'Enter business rep last name' is present on page  using regular expression

2024-11-07 20:07:28 - [MESSAGE][PASSED] - Text 'Enter business rep last name' is present on page  using regular expression

2024-11-07 20:07:28 - [TEST_STEP][PASSED] - verifyTextPresent("Enter address", true, CONTINUE_ON_FAILURE): Text 'Enter address' is present on page  using regular expression

2024-11-07 20:07:29 - [MESSAGE][PASSED] - Text 'Enter address' is present on page  using regular expression

2024-11-07 20:07:29 - [TEST_STEP][PASSED] - verifyTextPresent("Enter city", true, CONTINUE_ON_FAILURE): Text 'Enter city' is present on page  using regular expression

2024-11-07 20:07:29 - [MESSAGE][PASSED] - Text 'Enter city' is present on page  using regular expression

2024-11-07 20:07:29 - [TEST_STEP][PASSED] - verifyTextPresent("Enter ZIP code", true, CONTINUE_ON_FAILURE): Text 'Enter ZIP code' is present on page  using regular expression

2024-11-07 20:07:30 - [MESSAGE][PASSED] - Text 'Enter ZIP code' is present on page  using regular expression

2024-11-07 20:07:30 - [TEST_STEP][PASSED] - verifyTextPresent("Enter a valid phone number", true, CONTINUE_ON_FAILURE): Text 'Enter a valid phone number' is present on page  using regular expression

2024-11-07 20:07:30 - [MESSAGE][PASSED] - Text 'Enter a valid phone number' is present on page  using regular expression

2024-11-07 20:07:30 - [TEST_STEP][PASSED] - verifyTextPresent("Enter Email", true, CONTINUE_ON_FAILURE): Text 'Enter Email' is present on page  using regular expression

2024-11-07 20:07:30 - [MESSAGE][PASSED] - Text 'Enter Email' is present on page  using regular expression

2024-11-07 20:07:30 - [TEST_STEP][PASSED] - if (CRN.equalsIgnoreCase("Y")): null

2024-11-07 20:07:30 - [TEST_STEP][PASSED] - if (MFLicNum.equalsIgnoreCase("Y")): null

2024-11-07 20:07:30 - [TEST_STEP][PASSED] - if (isRequiredTextPresent == true): pages.WriteExcel.demoKey is PASSED

2024-11-07 20:07:30 - [TEST_STEP][PASSED] - println("All the relevant texts are present"): null

2024-11-07 20:07:30 - [TEST_STEP][PASSED] - markPassed("All the relevant texts are present"): All the relevant texts are present

2024-11-07 20:07:30 - [MESSAGE][PASSED] - All the relevant texts are present

2024-11-07 20:07:30 - [TEST_STEP][PASSED] - resText = "Pass": null

2024-11-07 20:07:30 - [TEST_STEP][PASSED] - pages.WriteExcel.demoKey(resText, datText, resColumn, datCloumn, fileLoc, nameSheet, row): pages.WriteExcel.demoKey is PASSED

2024-11-07 20:07:30 - [MESSAGE][PASSED] - pages.WriteExcel.demoKey is PASSED

2024-11-07 20:07:30 - [TEST_STEP][PASSED] - ExecuteTC = findTestData(dataFile).getValue("Execute", row): null

2024-11-07 20:07:30 - [TEST_STEP][PASSED] - TaxType = findTestData(dataFile).getValue("TaxType", row): null

2024-11-07 20:07:31 - [TEST_STEP][PASSED] - PaymentType = findTestData(dataFile).getValue("PaymentType", row): null

2024-11-07 20:07:31 - [TEST_STEP][PASSED] - feinSsn = findTestData(dataFile).getValue("FEINSSN", row): null

2024-11-07 20:07:31 - [TEST_STEP][PASSED] - CRN = findTestData(dataFile).getValue("CRN", row): null

2024-11-07 20:07:31 - [TEST_STEP][PASSED] - MFLicNum = findTestData(dataFile).getValue("MFLicNum", row): null

2024-11-07 20:07:31 - [TEST_STEP][PASSED] - if (ExecuteTC.equalsIgnoreCase("Y")): pages.WriteExcel.demoKey is PASSED

2024-11-07 20:07:31 - [TEST_STEP][PASSED] - out.println("Begin Record Number: " + row): null

2024-11-07 20:07:31 - [TEST_STEP][PASSED] - today = new java.util.Date(): null

2024-11-07 20:07:31 - [TEST_STEP][PASSED] - println(today): null

2024-11-07 20:07:31 - [TEST_STEP][PASSED] - datText = today: null

2024-11-07 20:07:31 - [TEST_STEP][PASSED] - logInfo("Payment Type: Existing Liability with Notice/Invoice Number"): Payment Type: Existing Liability with Notice/Invoice Number

2024-11-07 20:07:31 - [MESSAGE][INFO] - Payment Type: Existing Liability with Notice/Invoice Number

2024-11-07 20:07:31 - [TEST_STEP][PASSED] - logInfo("Tax Type: " + TaxType): Tax Type: PTE Non-Electing S Corp

2024-11-07 20:07:31 - [MESSAGE][INFO] - Tax Type: PTE Non-Electing S Corp

2024-11-07 20:07:31 - [TEST_STEP][PASSED] - openBrowser(""): Browser is opened with url: ''

2024-11-07 20:07:31 - [MESSAGE][WARNING] - A browser is already opened. Closing browser and opening a new one

2024-11-07 20:07:34 - [MESSAGE][INFO] - Starting 'Chrome' driver

2024-11-07 20:07:34 - [MESSAGE][INFO] - User set preference: ['acceptInsecureCerts', 'true']

2024-11-07 20:07:34 - [MESSAGE][INFO] - Action delay is set to 0 milliseconds

2024-11-07 20:07:36 - [MESSAGE][PASSED] - Browser is opened with url: ''

2024-11-07 20:07:36 - [TEST_STEP][PASSED] - maximizeWindow(): Current window maximized

2024-11-07 20:07:36 - [MESSAGE][PASSED] - Current window maximized

2024-11-07 20:07:36 - [TEST_STEP][PASSED] - navigateToUrl(RADurl): Navigate to 'https://www.velocitypayment.com/client/rad/index.html' successfully

2024-11-07 20:07:39 - [MESSAGE][PASSED] - Navigate to 'https://www.velocitypayment.com/client/rad/index.html' successfully

2024-11-07 20:07:39 - [TEST_STEP][PASSED] - selectOptionByLabel(findTestObject(orPath_Landing + "/dd_TaxType"), "Existing Liability with Notice/Invoice Number", false): All options with label 'Existing Liability with Notice/Invoice Number' are selected in object 'Object Repository/RAD_Pages/Landing_Page/dd_TaxType' 

2024-11-07 20:07:40 - [MESSAGE][PASSED] - All options with label 'Existing Liability with Notice/Invoice Number' are selected in object 'Object Repository/RAD_Pages/Landing_Page/dd_TaxType' 

2024-11-07 20:07:40 - [TEST_STEP][PASSED] - selectOptionByLabel(findTestObject(orPath_TaxTypeFilingYear + "/select_TaxType_ExistingLiability"), TaxType, false): All options with label 'PTE Non-Electing S Corp' are selected in object 'Object Repository/RAD_Pages/TaxTypeFilingYear_Page/select_TaxType_ExistingLiability' 

2024-11-07 20:07:41 - [MESSAGE][PASSED] - All options with label 'PTE Non-Electing S Corp' are selected in object 'Object Repository/RAD_Pages/TaxTypeFilingYear_Page/select_TaxType_ExistingLiability' 

2024-11-07 20:07:41 - [TEST_STEP][PASSED] - setText(findTestObject(orPath_TaxPayer + "/input_businessName"), " "): Text ' ' is set on object 'Object Repository/RAD_Pages/Taxpayer_Page/input_businessName'

2024-11-07 20:07:42 - [MESSAGE][PASSED] - Text ' ' is set on object 'Object Repository/RAD_Pages/Taxpayer_Page/input_businessName'

2024-11-07 20:07:42 - [TEST_STEP][PASSED] - setText(findTestObject(orPath_TaxPayer + "/input_BusinessRepfirstName"), " "): Text ' ' is set on object 'Object Repository/RAD_Pages/Taxpayer_Page/input_BusinessRepfirstName'

2024-11-07 20:07:42 - [MESSAGE][PASSED] - Text ' ' is set on object 'Object Repository/RAD_Pages/Taxpayer_Page/input_BusinessRepfirstName'

2024-11-07 20:07:42 - [TEST_STEP][PASSED] - setText(findTestObject(orPath_TaxPayer + "/input_BusinessReplastName"), " "): Text ' ' is set on object 'Object Repository/RAD_Pages/Taxpayer_Page/input_BusinessReplastName'

2024-11-07 20:07:43 - [MESSAGE][PASSED] - Text ' ' is set on object 'Object Repository/RAD_Pages/Taxpayer_Page/input_BusinessReplastName'

2024-11-07 20:07:43 - [TEST_STEP][PASSED] - setText(findTestObject(orPath_AddressContact + "/input_streetAddress1"), " "): Text ' ' is set on object 'Object Repository/RAD_Pages/AddressAndContactInfo_Page/input_streetAddress1'

2024-11-07 20:07:44 - [MESSAGE][PASSED] - Text ' ' is set on object 'Object Repository/RAD_Pages/AddressAndContactInfo_Page/input_streetAddress1'

2024-11-07 20:07:44 - [TEST_STEP][PASSED] - setText(findTestObject(orPath_AddressContact + "/input_city"), " "): Text ' ' is set on object 'Object Repository/RAD_Pages/AddressAndContactInfo_Page/input_city'

2024-11-07 20:07:45 - [MESSAGE][PASSED] - Text ' ' is set on object 'Object Repository/RAD_Pages/AddressAndContactInfo_Page/input_city'

2024-11-07 20:07:45 - [TEST_STEP][PASSED] - setText(findTestObject(orPath_AddressContact + "/input_zipCode"), " "): Text ' ' is set on object 'Object Repository/RAD_Pages/AddressAndContactInfo_Page/input_zipCode'

2024-11-07 20:07:45 - [MESSAGE][PASSED] - Text ' ' is set on object 'Object Repository/RAD_Pages/AddressAndContactInfo_Page/input_zipCode'

2024-11-07 20:07:45 - [TEST_STEP][PASSED] - setText(findTestObject(orPath_AddressContact + "/input_phoneNumber"), " "): Text ' ' is set on object 'Object Repository/RAD_Pages/AddressAndContactInfo_Page/input_phoneNumber'

2024-11-07 20:07:46 - [MESSAGE][PASSED] - Text ' ' is set on object 'Object Repository/RAD_Pages/AddressAndContactInfo_Page/input_phoneNumber'

2024-11-07 20:07:46 - [TEST_STEP][PASSED] - setText(findTestObject(orPath_AddressContact + "/input_eMailAddress"), " "): Text ' ' is set on object 'Object Repository/RAD_Pages/AddressAndContactInfo_Page/input_eMailAddress'

2024-11-07 20:07:47 - [MESSAGE][PASSED] - Text ' ' is set on object 'Object Repository/RAD_Pages/AddressAndContactInfo_Page/input_eMailAddress'

2024-11-07 20:07:47 - [TEST_STEP][PASSED] - setText(findTestObject(orPath_AddressContact + "/input_reEnterEMailAddress"), " "): Text ' ' is set on object 'Object Repository/RAD_Pages/AddressAndContactInfo_Page/input_reEnterEMailAddress'

2024-11-07 20:07:48 - [MESSAGE][PASSED] - Text ' ' is set on object 'Object Repository/RAD_Pages/AddressAndContactInfo_Page/input_reEnterEMailAddress'

2024-11-07 20:07:48 - [TEST_STEP][PASSED] - if (TaxType.equalsIgnoreCase("Estate Tax")): null

2024-11-07 20:07:48 - [TEST_STEP][PASSED] - setText(findTestObject(orPath_Amount + "/input__paymentAmount"), ""): Text '' is set on object 'Object Repository/RAD_Pages/PaymentAmount_Page/input__paymentAmount'

2024-11-07 20:07:49 - [MESSAGE][PASSED] - Text '' is set on object 'Object Repository/RAD_Pages/PaymentAmount_Page/input__paymentAmount'

2024-11-07 20:07:49 - [TEST_STEP][PASSED] - resText = "Fail": null

2024-11-07 20:07:49 - [TEST_STEP][PASSED] - pages.WriteExcel.demoKey(resText, datText, resColumn, datCloumn, fileLoc, nameSheet, row): pages.WriteExcel.demoKey is PASSED

2024-11-07 20:07:49 - [MESSAGE][PASSED] - pages.WriteExcel.demoKey is PASSED

2024-11-07 20:07:49 - [TEST_STEP][PASSED] - verifyTextPresent("Enter business name", true, CONTINUE_ON_FAILURE): Text 'Enter business name' is present on page  using regular expression

2024-11-07 20:07:50 - [MESSAGE][PASSED] - Text 'Enter business name' is present on page  using regular expression

2024-11-07 20:07:50 - [TEST_STEP][PASSED] - verifyTextPresent("Enter business rep first name", true, CONTINUE_ON_FAILURE): Text 'Enter business rep first name' is present on page  using regular expression

2024-11-07 20:07:50 - [MESSAGE][PASSED] - Text 'Enter business rep first name' is present on page  using regular expression

2024-11-07 20:07:50 - [TEST_STEP][PASSED] - verifyTextPresent("Enter business rep last name", true, CONTINUE_ON_FAILURE): Text 'Enter business rep last name' is present on page  using regular expression

2024-11-07 20:07:51 - [MESSAGE][PASSED] - Text 'Enter business rep last name' is present on page  using regular expression

2024-11-07 20:07:51 - [TEST_STEP][PASSED] - verifyTextPresent("Enter address", true, CONTINUE_ON_FAILURE): Text 'Enter address' is present on page  using regular expression

2024-11-07 20:07:51 - [MESSAGE][PASSED] - Text 'Enter address' is present on page  using regular expression

2024-11-07 20:07:51 - [TEST_STEP][PASSED] - verifyTextPresent("Enter city", true, CONTINUE_ON_FAILURE): Text 'Enter city' is present on page  using regular expression

2024-11-07 20:07:51 - [MESSAGE][PASSED] - Text 'Enter city' is present on page  using regular expression

2024-11-07 20:07:51 - [TEST_STEP][PASSED] - verifyTextPresent("Enter ZIP code", true, CONTINUE_ON_FAILURE): Text 'Enter ZIP code' is present on page  using regular expression

2024-11-07 20:07:52 - [MESSAGE][PASSED] - Text 'Enter ZIP code' is present on page  using regular expression

2024-11-07 20:07:52 - [TEST_STEP][PASSED] - verifyTextPresent("Enter a valid phone number", true, CONTINUE_ON_FAILURE): Text 'Enter a valid phone number' is present on page  using regular expression

2024-11-07 20:07:52 - [MESSAGE][PASSED] - Text 'Enter a valid phone number' is present on page  using regular expression

2024-11-07 20:07:52 - [TEST_STEP][PASSED] - verifyTextPresent("Enter Email", true, CONTINUE_ON_FAILURE): Text 'Enter Email' is present on page  using regular expression

2024-11-07 20:07:52 - [MESSAGE][PASSED] - Text 'Enter Email' is present on page  using regular expression

2024-11-07 20:07:52 - [TEST_STEP][PASSED] - if (CRN.equalsIgnoreCase("Y")): null

2024-11-07 20:07:52 - [TEST_STEP][PASSED] - if (MFLicNum.equalsIgnoreCase("Y")): null

2024-11-07 20:07:52 - [TEST_STEP][PASSED] - if (isRequiredTextPresent == true): pages.WriteExcel.demoKey is PASSED

2024-11-07 20:07:52 - [TEST_STEP][PASSED] - println("All the relevant texts are present"): null

2024-11-07 20:07:52 - [TEST_STEP][PASSED] - markPassed("All the relevant texts are present"): All the relevant texts are present

2024-11-07 20:07:52 - [MESSAGE][PASSED] - All the relevant texts are present

2024-11-07 20:07:52 - [TEST_STEP][PASSED] - resText = "Pass": null

2024-11-07 20:07:52 - [TEST_STEP][PASSED] - pages.WriteExcel.demoKey(resText, datText, resColumn, datCloumn, fileLoc, nameSheet, row): pages.WriteExcel.demoKey is PASSED

2024-11-07 20:07:53 - [MESSAGE][PASSED] - pages.WriteExcel.demoKey is PASSED

2024-11-07 20:07:53 - [TEST_STEP][PASSED] - ExecuteTC = findTestData(dataFile).getValue("Execute", row): null

2024-11-07 20:07:53 - [TEST_STEP][PASSED] - TaxType = findTestData(dataFile).getValue("TaxType", row): null

2024-11-07 20:07:53 - [TEST_STEP][PASSED] - PaymentType = findTestData(dataFile).getValue("PaymentType", row): null

2024-11-07 20:07:53 - [TEST_STEP][PASSED] - feinSsn = findTestData(dataFile).getValue("FEINSSN", row): null

2024-11-07 20:07:53 - [TEST_STEP][PASSED] - CRN = findTestData(dataFile).getValue("CRN", row): null

2024-11-07 20:07:53 - [TEST_STEP][PASSED] - MFLicNum = findTestData(dataFile).getValue("MFLicNum", row): null

2024-11-07 20:07:53 - [TEST_STEP][PASSED] - if (ExecuteTC.equalsIgnoreCase("Y")): pages.WriteExcel.demoKey is PASSED

2024-11-07 20:07:53 - [TEST_STEP][PASSED] - out.println("Begin Record Number: " + row): null

2024-11-07 20:07:53 - [TEST_STEP][PASSED] - today = new java.util.Date(): null

2024-11-07 20:07:53 - [TEST_STEP][PASSED] - println(today): null

2024-11-07 20:07:53 - [TEST_STEP][PASSED] - datText = today: null

2024-11-07 20:07:53 - [TEST_STEP][PASSED] - logInfo("Payment Type: Existing Liability with Notice/Invoice Number"): Payment Type: Existing Liability with Notice/Invoice Number

2024-11-07 20:07:53 - [MESSAGE][INFO] - Payment Type: Existing Liability with Notice/Invoice Number

2024-11-07 20:07:53 - [TEST_STEP][PASSED] - logInfo("Tax Type: " + TaxType): Tax Type: Sales & Use Tax

2024-11-07 20:07:53 - [MESSAGE][INFO] - Tax Type: Sales & Use Tax

2024-11-07 20:07:53 - [TEST_STEP][PASSED] - openBrowser(""): Browser is opened with url: ''

2024-11-07 20:07:53 - [MESSAGE][WARNING] - A browser is already opened. Closing browser and opening a new one

2024-11-07 20:07:56 - [MESSAGE][INFO] - Starting 'Chrome' driver

2024-11-07 20:07:56 - [MESSAGE][INFO] - User set preference: ['acceptInsecureCerts', 'true']

2024-11-07 20:07:56 - [MESSAGE][INFO] - Action delay is set to 0 milliseconds

2024-11-07 20:07:58 - [MESSAGE][PASSED] - Browser is opened with url: ''

2024-11-07 20:07:58 - [TEST_STEP][PASSED] - maximizeWindow(): Current window maximized

2024-11-07 20:07:58 - [MESSAGE][PASSED] - Current window maximized

2024-11-07 20:07:58 - [TEST_STEP][PASSED] - navigateToUrl(RADurl): Navigate to 'https://www.velocitypayment.com/client/rad/index.html' successfully

2024-11-07 20:08:03 - [MESSAGE][PASSED] - Navigate to 'https://www.velocitypayment.com/client/rad/index.html' successfully

2024-11-07 20:08:03 - [TEST_STEP][PASSED] - selectOptionByLabel(findTestObject(orPath_Landing + "/dd_TaxType"), "Existing Liability with Notice/Invoice Number", false): All options with label 'Existing Liability with Notice/Invoice Number' are selected in object 'Object Repository/RAD_Pages/Landing_Page/dd_TaxType' 

2024-11-07 20:08:04 - [MESSAGE][PASSED] - All options with label 'Existing Liability with Notice/Invoice Number' are selected in object 'Object Repository/RAD_Pages/Landing_Page/dd_TaxType' 

2024-11-07 20:08:04 - [TEST_STEP][PASSED] - selectOptionByLabel(findTestObject(orPath_TaxTypeFilingYear + "/select_TaxType_ExistingLiability"), TaxType, false): All options with label 'Sales & Use Tax' are selected in object 'Object Repository/RAD_Pages/TaxTypeFilingYear_Page/select_TaxType_ExistingLiability' 

2024-11-07 20:08:04 - [MESSAGE][PASSED] - All options with label 'Sales & Use Tax' are selected in object 'Object Repository/RAD_Pages/TaxTypeFilingYear_Page/select_TaxType_ExistingLiability' 

2024-11-07 20:08:04 - [TEST_STEP][PASSED] - setText(findTestObject(orPath_TaxPayer + "/input_businessName"), " "): Text ' ' is set on object 'Object Repository/RAD_Pages/Taxpayer_Page/input_businessName'

2024-11-07 20:08:05 - [MESSAGE][PASSED] - Text ' ' is set on object 'Object Repository/RAD_Pages/Taxpayer_Page/input_businessName'

2024-11-07 20:08:05 - [TEST_STEP][PASSED] - setText(findTestObject(orPath_TaxPayer + "/input_BusinessRepfirstName"), " "): Text ' ' is set on object 'Object Repository/RAD_Pages/Taxpayer_Page/input_BusinessRepfirstName'

2024-11-07 20:08:06 - [MESSAGE][PASSED] - Text ' ' is set on object 'Object Repository/RAD_Pages/Taxpayer_Page/input_BusinessRepfirstName'

2024-11-07 20:08:06 - [TEST_STEP][PASSED] - setText(findTestObject(orPath_TaxPayer + "/input_BusinessReplastName"), " "): Text ' ' is set on object 'Object Repository/RAD_Pages/Taxpayer_Page/input_BusinessReplastName'

2024-11-07 20:08:07 - [MESSAGE][PASSED] - Text ' ' is set on object 'Object Repository/RAD_Pages/Taxpayer_Page/input_BusinessReplastName'

2024-11-07 20:08:07 - [TEST_STEP][PASSED] - setText(findTestObject(orPath_AddressContact + "/input_streetAddress1"), " "): Text ' ' is set on object 'Object Repository/RAD_Pages/AddressAndContactInfo_Page/input_streetAddress1'

2024-11-07 20:08:07 - [MESSAGE][PASSED] - Text ' ' is set on object 'Object Repository/RAD_Pages/AddressAndContactInfo_Page/input_streetAddress1'

2024-11-07 20:08:07 - [TEST_STEP][PASSED] - setText(findTestObject(orPath_AddressContact + "/input_city"), " "): Text ' ' is set on object 'Object Repository/RAD_Pages/AddressAndContactInfo_Page/input_city'

2024-11-07 20:08:08 - [MESSAGE][PASSED] - Text ' ' is set on object 'Object Repository/RAD_Pages/AddressAndContactInfo_Page/input_city'

2024-11-07 20:08:08 - [TEST_STEP][PASSED] - setText(findTestObject(orPath_AddressContact + "/input_zipCode"), " "): Text ' ' is set on object 'Object Repository/RAD_Pages/AddressAndContactInfo_Page/input_zipCode'

2024-11-07 20:08:09 - [MESSAGE][PASSED] - Text ' ' is set on object 'Object Repository/RAD_Pages/AddressAndContactInfo_Page/input_zipCode'

2024-11-07 20:08:09 - [TEST_STEP][PASSED] - setText(findTestObject(orPath_AddressContact + "/input_phoneNumber"), " "): Text ' ' is set on object 'Object Repository/RAD_Pages/AddressAndContactInfo_Page/input_phoneNumber'

2024-11-07 20:08:10 - [MESSAGE][PASSED] - Text ' ' is set on object 'Object Repository/RAD_Pages/AddressAndContactInfo_Page/input_phoneNumber'

2024-11-07 20:08:10 - [TEST_STEP][PASSED] - setText(findTestObject(orPath_AddressContact + "/input_eMailAddress"), " "): Text ' ' is set on object 'Object Repository/RAD_Pages/AddressAndContactInfo_Page/input_eMailAddress'

2024-11-07 20:08:11 - [MESSAGE][PASSED] - Text ' ' is set on object 'Object Repository/RAD_Pages/AddressAndContactInfo_Page/input_eMailAddress'

2024-11-07 20:08:11 - [TEST_STEP][PASSED] - setText(findTestObject(orPath_AddressContact + "/input_reEnterEMailAddress"), " "): Text ' ' is set on object 'Object Repository/RAD_Pages/AddressAndContactInfo_Page/input_reEnterEMailAddress'

2024-11-07 20:08:12 - [MESSAGE][PASSED] - Text ' ' is set on object 'Object Repository/RAD_Pages/AddressAndContactInfo_Page/input_reEnterEMailAddress'

2024-11-07 20:08:12 - [TEST_STEP][PASSED] - if (TaxType.equalsIgnoreCase("Estate Tax")): null

2024-11-07 20:08:12 - [TEST_STEP][PASSED] - setText(findTestObject(orPath_Amount + "/input__paymentAmount"), ""): Text '' is set on object 'Object Repository/RAD_Pages/PaymentAmount_Page/input__paymentAmount'

2024-11-07 20:08:12 - [MESSAGE][PASSED] - Text '' is set on object 'Object Repository/RAD_Pages/PaymentAmount_Page/input__paymentAmount'

2024-11-07 20:08:12 - [TEST_STEP][PASSED] - resText = "Fail": null

2024-11-07 20:08:12 - [TEST_STEP][PASSED] - pages.WriteExcel.demoKey(resText, datText, resColumn, datCloumn, fileLoc, nameSheet, row): pages.WriteExcel.demoKey is PASSED

2024-11-07 20:08:13 - [MESSAGE][PASSED] - pages.WriteExcel.demoKey is PASSED

2024-11-07 20:08:13 - [TEST_STEP][PASSED] - verifyTextPresent("Enter business name", true, CONTINUE_ON_FAILURE): Text 'Enter business name' is present on page  using regular expression

2024-11-07 20:08:13 - [MESSAGE][PASSED] - Text 'Enter business name' is present on page  using regular expression

2024-11-07 20:08:13 - [TEST_STEP][PASSED] - verifyTextPresent("Enter business rep first name", true, CONTINUE_ON_FAILURE): Text 'Enter business rep first name' is present on page  using regular expression

2024-11-07 20:08:14 - [MESSAGE][PASSED] - Text 'Enter business rep first name' is present on page  using regular expression

2024-11-07 20:08:14 - [TEST_STEP][PASSED] - verifyTextPresent("Enter business rep last name", true, CONTINUE_ON_FAILURE): Text 'Enter business rep last name' is present on page  using regular expression

2024-11-07 20:08:14 - [MESSAGE][PASSED] - Text 'Enter business rep last name' is present on page  using regular expression

2024-11-07 20:08:14 - [TEST_STEP][PASSED] - verifyTextPresent("Enter address", true, CONTINUE_ON_FAILURE): Text 'Enter address' is present on page  using regular expression

2024-11-07 20:08:15 - [MESSAGE][PASSED] - Text 'Enter address' is present on page  using regular expression

2024-11-07 20:08:15 - [TEST_STEP][PASSED] - verifyTextPresent("Enter city", true, CONTINUE_ON_FAILURE): Text 'Enter city' is present on page  using regular expression

2024-11-07 20:08:15 - [MESSAGE][PASSED] - Text 'Enter city' is present on page  using regular expression

2024-11-07 20:08:15 - [TEST_STEP][PASSED] - verifyTextPresent("Enter ZIP code", true, CONTINUE_ON_FAILURE): Text 'Enter ZIP code' is present on page  using regular expression

2024-11-07 20:08:15 - [MESSAGE][PASSED] - Text 'Enter ZIP code' is present on page  using regular expression

2024-11-07 20:08:15 - [TEST_STEP][PASSED] - verifyTextPresent("Enter a valid phone number", true, CONTINUE_ON_FAILURE): Text 'Enter a valid phone number' is present on page  using regular expression

2024-11-07 20:08:16 - [MESSAGE][PASSED] - Text 'Enter a valid phone number' is present on page  using regular expression

2024-11-07 20:08:16 - [TEST_STEP][PASSED] - verifyTextPresent("Enter Email", true, CONTINUE_ON_FAILURE): Text 'Enter Email' is present on page  using regular expression

2024-11-07 20:08:16 - [MESSAGE][PASSED] - Text 'Enter Email' is present on page  using regular expression

2024-11-07 20:08:16 - [TEST_STEP][PASSED] - if (CRN.equalsIgnoreCase("Y")): null

2024-11-07 20:08:16 - [TEST_STEP][PASSED] - setText(findTestObject(orPath_TaxInfo + "/input_MDCRegistrationEL"), " "): Text ' ' is set on object 'Object Repository/RAD_Pages/TaxInfo_Page/input_MDCRegistrationEL'

2024-11-07 20:08:17 - [MESSAGE][PASSED] - Text ' ' is set on object 'Object Repository/RAD_Pages/TaxInfo_Page/input_MDCRegistrationEL'

2024-11-07 20:08:17 - [TEST_STEP][PASSED] - setText(findTestObject(orPath_Amount + "/input__paymentAmount"), ""): Text '' is set on object 'Object Repository/RAD_Pages/PaymentAmount_Page/input__paymentAmount'

2024-11-07 20:08:17 - [MESSAGE][PASSED] - Text '' is set on object 'Object Repository/RAD_Pages/PaymentAmount_Page/input__paymentAmount'

2024-11-07 20:08:17 - [TEST_STEP][PASSED] - if (verifyTextPresent("Enter valid MD Central Registration Number", false)): null

2024-11-07 20:08:18 - [MESSAGE][PASSED] - Text 'Enter valid MD Central Registration Number' is present on page 

2024-11-07 20:08:18 - [TEST_STEP][PASSED] - isRequiredTextPresent = true: null

2024-11-07 20:08:18 - [TEST_STEP][PASSED] - if (MFLicNum.equalsIgnoreCase("Y")): null

2024-11-07 20:08:18 - [TEST_STEP][PASSED] - if (isRequiredTextPresent == true): pages.WriteExcel.demoKey is PASSED

2024-11-07 20:08:18 - [TEST_STEP][PASSED] - println("All the relevant texts are present"): null

2024-11-07 20:08:18 - [TEST_STEP][PASSED] - markPassed("All the relevant texts are present"): All the relevant texts are present

2024-11-07 20:08:18 - [MESSAGE][PASSED] - All the relevant texts are present

2024-11-07 20:08:18 - [TEST_STEP][PASSED] - resText = "Pass": null

2024-11-07 20:08:18 - [TEST_STEP][PASSED] - pages.WriteExcel.demoKey(resText, datText, resColumn, datCloumn, fileLoc, nameSheet, row): pages.WriteExcel.demoKey is PASSED

2024-11-07 20:08:18 - [MESSAGE][PASSED] - pages.WriteExcel.demoKey is PASSED

2024-11-07 20:08:18 - [TEST_STEP][PASSED] - ExecuteTC = findTestData(dataFile).getValue("Execute", row): null

2024-11-07 20:08:18 - [TEST_STEP][PASSED] - TaxType = findTestData(dataFile).getValue("TaxType", row): null

2024-11-07 20:08:18 - [TEST_STEP][PASSED] - PaymentType = findTestData(dataFile).getValue("PaymentType", row): null

2024-11-07 20:08:18 - [TEST_STEP][PASSED] - feinSsn = findTestData(dataFile).getValue("FEINSSN", row): null

2024-11-07 20:08:18 - [TEST_STEP][PASSED] - CRN = findTestData(dataFile).getValue("CRN", row): null

2024-11-07 20:08:18 - [TEST_STEP][PASSED] - MFLicNum = findTestData(dataFile).getValue("MFLicNum", row): null

2024-11-07 20:08:18 - [TEST_STEP][PASSED] - if (ExecuteTC.equalsIgnoreCase("Y")): pages.WriteExcel.demoKey is PASSED

2024-11-07 20:08:18 - [TEST_STEP][PASSED] - out.println("Begin Record Number: " + row): null

2024-11-07 20:08:18 - [TEST_STEP][PASSED] - today = new java.util.Date(): null

2024-11-07 20:08:18 - [TEST_STEP][PASSED] - println(today): null

2024-11-07 20:08:18 - [TEST_STEP][PASSED] - datText = today: null

2024-11-07 20:08:18 - [TEST_STEP][PASSED] - logInfo("Payment Type: Existing Liability with Notice/Invoice Number"): Payment Type: Existing Liability with Notice/Invoice Number

2024-11-07 20:08:18 - [MESSAGE][INFO] - Payment Type: Existing Liability with Notice/Invoice Number

2024-11-07 20:08:18 - [TEST_STEP][PASSED] - logInfo("Tax Type: " + TaxType): Tax Type: Tire Recycling Fee

2024-11-07 20:08:18 - [MESSAGE][INFO] - Tax Type: Tire Recycling Fee

2024-11-07 20:08:18 - [TEST_STEP][PASSED] - openBrowser(""): Browser is opened with url: ''

2024-11-07 20:08:18 - [MESSAGE][WARNING] - A browser is already opened. Closing browser and opening a new one

2024-11-07 20:08:20 - [MESSAGE][INFO] - Starting 'Chrome' driver

2024-11-07 20:08:20 - [MESSAGE][INFO] - User set preference: ['acceptInsecureCerts', 'true']

2024-11-07 20:08:20 - [MESSAGE][INFO] - Action delay is set to 0 milliseconds

2024-11-07 20:08:22 - [MESSAGE][PASSED] - Browser is opened with url: ''

2024-11-07 20:08:22 - [TEST_STEP][PASSED] - maximizeWindow(): Current window maximized

2024-11-07 20:08:22 - [MESSAGE][PASSED] - Current window maximized

2024-11-07 20:08:22 - [TEST_STEP][PASSED] - navigateToUrl(RADurl): Navigate to 'https://www.velocitypayment.com/client/rad/index.html' successfully

2024-11-07 20:08:23 - [MESSAGE][PASSED] - Navigate to 'https://www.velocitypayment.com/client/rad/index.html' successfully

2024-11-07 20:08:23 - [TEST_STEP][PASSED] - selectOptionByLabel(findTestObject(orPath_Landing + "/dd_TaxType"), "Existing Liability with Notice/Invoice Number", false): All options with label 'Existing Liability with Notice/Invoice Number' are selected in object 'Object Repository/RAD_Pages/Landing_Page/dd_TaxType' 

2024-11-07 20:08:26 - [MESSAGE][PASSED] - All options with label 'Existing Liability with Notice/Invoice Number' are selected in object 'Object Repository/RAD_Pages/Landing_Page/dd_TaxType' 

2024-11-07 20:08:26 - [TEST_STEP][PASSED] - selectOptionByLabel(findTestObject(orPath_TaxTypeFilingYear + "/select_TaxType_ExistingLiability"), TaxType, false): All options with label 'Tire Recycling Fee' are selected in object 'Object Repository/RAD_Pages/TaxTypeFilingYear_Page/select_TaxType_ExistingLiability' 

2024-11-07 20:08:26 - [MESSAGE][PASSED] - All options with label 'Tire Recycling Fee' are selected in object 'Object Repository/RAD_Pages/TaxTypeFilingYear_Page/select_TaxType_ExistingLiability' 

2024-11-07 20:08:26 - [TEST_STEP][PASSED] - setText(findTestObject(orPath_TaxPayer + "/input_businessName"), " "): Text ' ' is set on object 'Object Repository/RAD_Pages/Taxpayer_Page/input_businessName'

2024-11-07 20:08:27 - [MESSAGE][PASSED] - Text ' ' is set on object 'Object Repository/RAD_Pages/Taxpayer_Page/input_businessName'

2024-11-07 20:08:27 - [TEST_STEP][PASSED] - setText(findTestObject(orPath_TaxPayer + "/input_BusinessRepfirstName"), " "): Text ' ' is set on object 'Object Repository/RAD_Pages/Taxpayer_Page/input_BusinessRepfirstName'

2024-11-07 20:08:28 - [MESSAGE][PASSED] - Text ' ' is set on object 'Object Repository/RAD_Pages/Taxpayer_Page/input_BusinessRepfirstName'

2024-11-07 20:08:28 - [TEST_STEP][PASSED] - setText(findTestObject(orPath_TaxPayer + "/input_BusinessReplastName"), " "): Text ' ' is set on object 'Object Repository/RAD_Pages/Taxpayer_Page/input_BusinessReplastName'

2024-11-07 20:08:29 - [MESSAGE][PASSED] - Text ' ' is set on object 'Object Repository/RAD_Pages/Taxpayer_Page/input_BusinessReplastName'

2024-11-07 20:08:29 - [TEST_STEP][PASSED] - setText(findTestObject(orPath_AddressContact + "/input_streetAddress1"), " "): Text ' ' is set on object 'Object Repository/RAD_Pages/AddressAndContactInfo_Page/input_streetAddress1'

2024-11-07 20:08:30 - [MESSAGE][PASSED] - Text ' ' is set on object 'Object Repository/RAD_Pages/AddressAndContactInfo_Page/input_streetAddress1'

2024-11-07 20:08:30 - [TEST_STEP][PASSED] - setText(findTestObject(orPath_AddressContact + "/input_city"), " "): Text ' ' is set on object 'Object Repository/RAD_Pages/AddressAndContactInfo_Page/input_city'

2024-11-07 20:08:30 - [MESSAGE][PASSED] - Text ' ' is set on object 'Object Repository/RAD_Pages/AddressAndContactInfo_Page/input_city'

2024-11-07 20:08:30 - [TEST_STEP][PASSED] - setText(findTestObject(orPath_AddressContact + "/input_zipCode"), " "): Text ' ' is set on object 'Object Repository/RAD_Pages/AddressAndContactInfo_Page/input_zipCode'

2024-11-07 20:08:31 - [MESSAGE][PASSED] - Text ' ' is set on object 'Object Repository/RAD_Pages/AddressAndContactInfo_Page/input_zipCode'

2024-11-07 20:08:31 - [TEST_STEP][PASSED] - setText(findTestObject(orPath_AddressContact + "/input_phoneNumber"), " "): Text ' ' is set on object 'Object Repository/RAD_Pages/AddressAndContactInfo_Page/input_phoneNumber'

2024-11-07 20:08:32 - [MESSAGE][PASSED] - Text ' ' is set on object 'Object Repository/RAD_Pages/AddressAndContactInfo_Page/input_phoneNumber'

2024-11-07 20:08:32 - [TEST_STEP][PASSED] - setText(findTestObject(orPath_AddressContact + "/input_eMailAddress"), " "): Text ' ' is set on object 'Object Repository/RAD_Pages/AddressAndContactInfo_Page/input_eMailAddress'

2024-11-07 20:08:33 - [MESSAGE][PASSED] - Text ' ' is set on object 'Object Repository/RAD_Pages/AddressAndContactInfo_Page/input_eMailAddress'

2024-11-07 20:08:33 - [TEST_STEP][PASSED] - setText(findTestObject(orPath_AddressContact + "/input_reEnterEMailAddress"), " "): Text ' ' is set on object 'Object Repository/RAD_Pages/AddressAndContactInfo_Page/input_reEnterEMailAddress'

2024-11-07 20:08:34 - [MESSAGE][PASSED] - Text ' ' is set on object 'Object Repository/RAD_Pages/AddressAndContactInfo_Page/input_reEnterEMailAddress'

2024-11-07 20:08:34 - [TEST_STEP][PASSED] - if (TaxType.equalsIgnoreCase("Estate Tax")): null

2024-11-07 20:08:34 - [TEST_STEP][PASSED] - setText(findTestObject(orPath_Amount + "/input__paymentAmount"), ""): Text '' is set on object 'Object Repository/RAD_Pages/PaymentAmount_Page/input__paymentAmount'

2024-11-07 20:08:35 - [MESSAGE][PASSED] - Text '' is set on object 'Object Repository/RAD_Pages/PaymentAmount_Page/input__paymentAmount'

2024-11-07 20:08:35 - [TEST_STEP][PASSED] - resText = "Fail": null

2024-11-07 20:08:35 - [TEST_STEP][PASSED] - pages.WriteExcel.demoKey(resText, datText, resColumn, datCloumn, fileLoc, nameSheet, row): pages.WriteExcel.demoKey is PASSED

2024-11-07 20:08:35 - [MESSAGE][PASSED] - pages.WriteExcel.demoKey is PASSED

2024-11-07 20:08:35 - [TEST_STEP][PASSED] - verifyTextPresent("Enter business name", true, CONTINUE_ON_FAILURE): Text 'Enter business name' is present on page  using regular expression

2024-11-07 20:08:36 - [MESSAGE][PASSED] - Text 'Enter business name' is present on page  using regular expression

2024-11-07 20:08:36 - [TEST_STEP][PASSED] - verifyTextPresent("Enter business rep first name", true, CONTINUE_ON_FAILURE): Text 'Enter business rep first name' is present on page  using regular expression

2024-11-07 20:08:36 - [MESSAGE][PASSED] - Text 'Enter business rep first name' is present on page  using regular expression

2024-11-07 20:08:36 - [TEST_STEP][PASSED] - verifyTextPresent("Enter business rep last name", true, CONTINUE_ON_FAILURE): Text 'Enter business rep last name' is present on page  using regular expression

2024-11-07 20:08:37 - [MESSAGE][PASSED] - Text 'Enter business rep last name' is present on page  using regular expression

2024-11-07 20:08:37 - [TEST_STEP][PASSED] - verifyTextPresent("Enter address", true, CONTINUE_ON_FAILURE): Text 'Enter address' is present on page  using regular expression

2024-11-07 20:08:37 - [MESSAGE][PASSED] - Text 'Enter address' is present on page  using regular expression

2024-11-07 20:08:37 - [TEST_STEP][PASSED] - verifyTextPresent("Enter city", true, CONTINUE_ON_FAILURE): Text 'Enter city' is present on page  using regular expression

2024-11-07 20:08:37 - [MESSAGE][PASSED] - Text 'Enter city' is present on page  using regular expression

2024-11-07 20:08:37 - [TEST_STEP][PASSED] - verifyTextPresent("Enter ZIP code", true, CONTINUE_ON_FAILURE): Text 'Enter ZIP code' is present on page  using regular expression

2024-11-07 20:08:38 - [MESSAGE][PASSED] - Text 'Enter ZIP code' is present on page  using regular expression

2024-11-07 20:08:38 - [TEST_STEP][PASSED] - verifyTextPresent("Enter a valid phone number", true, CONTINUE_ON_FAILURE): Text 'Enter a valid phone number' is present on page  using regular expression

2024-11-07 20:08:38 - [MESSAGE][PASSED] - Text 'Enter a valid phone number' is present on page  using regular expression

2024-11-07 20:08:38 - [TEST_STEP][PASSED] - verifyTextPresent("Enter Email", true, CONTINUE_ON_FAILURE): Text 'Enter Email' is present on page  using regular expression

2024-11-07 20:08:38 - [MESSAGE][PASSED] - Text 'Enter Email' is present on page  using regular expression

2024-11-07 20:08:38 - [TEST_STEP][PASSED] - if (CRN.equalsIgnoreCase("Y")): null

2024-11-07 20:08:38 - [TEST_STEP][PASSED] - setText(findTestObject(orPath_TaxInfo + "/input_MDCRegistrationEL"), " "): Text ' ' is set on object 'Object Repository/RAD_Pages/TaxInfo_Page/input_MDCRegistrationEL'

2024-11-07 20:08:39 - [MESSAGE][PASSED] - Text ' ' is set on object 'Object Repository/RAD_Pages/TaxInfo_Page/input_MDCRegistrationEL'

2024-11-07 20:08:39 - [TEST_STEP][PASSED] - setText(findTestObject(orPath_Amount + "/input__paymentAmount"), ""): Text '' is set on object 'Object Repository/RAD_Pages/PaymentAmount_Page/input__paymentAmount'

2024-11-07 20:08:40 - [MESSAGE][PASSED] - Text '' is set on object 'Object Repository/RAD_Pages/PaymentAmount_Page/input__paymentAmount'

2024-11-07 20:08:40 - [TEST_STEP][PASSED] - if (verifyTextPresent("Enter valid MD Central Registration Number", false)): null

2024-11-07 20:08:40 - [MESSAGE][PASSED] - Text 'Enter valid MD Central Registration Number' is present on page 

2024-11-07 20:08:40 - [TEST_STEP][PASSED] - isRequiredTextPresent = true: null

2024-11-07 20:08:40 - [TEST_STEP][PASSED] - if (MFLicNum.equalsIgnoreCase("Y")): null

2024-11-07 20:08:40 - [TEST_STEP][PASSED] - if (isRequiredTextPresent == true): pages.WriteExcel.demoKey is PASSED

2024-11-07 20:08:40 - [TEST_STEP][PASSED] - println("All the relevant texts are present"): null

2024-11-07 20:08:40 - [TEST_STEP][PASSED] - markPassed("All the relevant texts are present"): All the relevant texts are present

2024-11-07 20:08:40 - [MESSAGE][PASSED] - All the relevant texts are present

2024-11-07 20:08:40 - [TEST_STEP][PASSED] - resText = "Pass": null

2024-11-07 20:08:40 - [TEST_STEP][PASSED] - pages.WriteExcel.demoKey(resText, datText, resColumn, datCloumn, fileLoc, nameSheet, row): pages.WriteExcel.demoKey is PASSED

2024-11-07 20:08:40 - [MESSAGE][PASSED] - pages.WriteExcel.demoKey is PASSED

2024-11-07 20:08:40 - [TEST_STEP][PASSED] - ExecuteTC = findTestData(dataFile).getValue("Execute", row): null

2024-11-07 20:08:40 - [TEST_STEP][PASSED] - TaxType = findTestData(dataFile).getValue("TaxType", row): null

2024-11-07 20:08:40 - [TEST_STEP][PASSED] - PaymentType = findTestData(dataFile).getValue("PaymentType", row): null

2024-11-07 20:08:40 - [TEST_STEP][PASSED] - feinSsn = findTestData(dataFile).getValue("FEINSSN", row): null

2024-11-07 20:08:40 - [TEST_STEP][PASSED] - CRN = findTestData(dataFile).getValue("CRN", row): null

2024-11-07 20:08:41 - [TEST_STEP][PASSED] - MFLicNum = findTestData(dataFile).getValue("MFLicNum", row): null

2024-11-07 20:08:41 - [TEST_STEP][PASSED] - if (ExecuteTC.equalsIgnoreCase("Y")): pages.WriteExcel.demoKey is PASSED

2024-11-07 20:08:41 - [TEST_STEP][PASSED] - out.println("Begin Record Number: " + row): null

2024-11-07 20:08:41 - [TEST_STEP][PASSED] - today = new java.util.Date(): null

2024-11-07 20:08:41 - [TEST_STEP][PASSED] - println(today): null

2024-11-07 20:08:41 - [TEST_STEP][PASSED] - datText = today: null

2024-11-07 20:08:41 - [TEST_STEP][PASSED] - logInfo("Payment Type: Existing Liability with Notice/Invoice Number"): Payment Type: Existing Liability with Notice/Invoice Number

2024-11-07 20:08:41 - [MESSAGE][INFO] - Payment Type: Existing Liability with Notice/Invoice Number

2024-11-07 20:08:41 - [TEST_STEP][PASSED] - logInfo("Tax Type: " + TaxType): Tax Type: Withholding Tax

2024-11-07 20:08:41 - [MESSAGE][INFO] - Tax Type: Withholding Tax

2024-11-07 20:08:41 - [TEST_STEP][PASSED] - openBrowser(""): Browser is opened with url: ''

2024-11-07 20:08:41 - [MESSAGE][WARNING] - A browser is already opened. Closing browser and opening a new one

2024-11-07 20:08:43 - [MESSAGE][INFO] - Starting 'Chrome' driver

2024-11-07 20:08:43 - [MESSAGE][INFO] - User set preference: ['acceptInsecureCerts', 'true']

2024-11-07 20:08:43 - [MESSAGE][INFO] - Action delay is set to 0 milliseconds

2024-11-07 20:08:45 - [MESSAGE][PASSED] - Browser is opened with url: ''

2024-11-07 20:08:45 - [TEST_STEP][PASSED] - maximizeWindow(): Current window maximized

2024-11-07 20:08:45 - [MESSAGE][PASSED] - Current window maximized

2024-11-07 20:08:45 - [TEST_STEP][PASSED] - navigateToUrl(RADurl): Navigate to 'https://www.velocitypayment.com/client/rad/index.html' successfully

2024-11-07 20:08:47 - [MESSAGE][PASSED] - Navigate to 'https://www.velocitypayment.com/client/rad/index.html' successfully

2024-11-07 20:08:47 - [TEST_STEP][PASSED] - selectOptionByLabel(findTestObject(orPath_Landing + "/dd_TaxType"), "Existing Liability with Notice/Invoice Number", false): All options with label 'Existing Liability with Notice/Invoice Number' are selected in object 'Object Repository/RAD_Pages/Landing_Page/dd_TaxType' 

2024-11-07 20:08:48 - [MESSAGE][PASSED] - All options with label 'Existing Liability with Notice/Invoice Number' are selected in object 'Object Repository/RAD_Pages/Landing_Page/dd_TaxType' 

2024-11-07 20:08:48 - [TEST_STEP][PASSED] - selectOptionByLabel(findTestObject(orPath_TaxTypeFilingYear + "/select_TaxType_ExistingLiability"), TaxType, false): All options with label 'Withholding Tax' are selected in object 'Object Repository/RAD_Pages/TaxTypeFilingYear_Page/select_TaxType_ExistingLiability' 

2024-11-07 20:08:49 - [MESSAGE][PASSED] - All options with label 'Withholding Tax' are selected in object 'Object Repository/RAD_Pages/TaxTypeFilingYear_Page/select_TaxType_ExistingLiability' 

2024-11-07 20:08:49 - [TEST_STEP][PASSED] - setText(findTestObject(orPath_TaxPayer + "/input_businessName"), " "): Text ' ' is set on object 'Object Repository/RAD_Pages/Taxpayer_Page/input_businessName'

2024-11-07 20:08:50 - [MESSAGE][PASSED] - Text ' ' is set on object 'Object Repository/RAD_Pages/Taxpayer_Page/input_businessName'

2024-11-07 20:08:50 - [TEST_STEP][PASSED] - setText(findTestObject(orPath_TaxPayer + "/input_BusinessRepfirstName"), " "): Text ' ' is set on object 'Object Repository/RAD_Pages/Taxpayer_Page/input_BusinessRepfirstName'

2024-11-07 20:08:50 - [MESSAGE][PASSED] - Text ' ' is set on object 'Object Repository/RAD_Pages/Taxpayer_Page/input_BusinessRepfirstName'

2024-11-07 20:08:50 - [TEST_STEP][PASSED] - setText(findTestObject(orPath_TaxPayer + "/input_BusinessReplastName"), " "): Text ' ' is set on object 'Object Repository/RAD_Pages/Taxpayer_Page/input_BusinessReplastName'

2024-11-07 20:08:51 - [MESSAGE][PASSED] - Text ' ' is set on object 'Object Repository/RAD_Pages/Taxpayer_Page/input_BusinessReplastName'

2024-11-07 20:08:51 - [TEST_STEP][PASSED] - setText(findTestObject(orPath_AddressContact + "/input_streetAddress1"), " "): Text ' ' is set on object 'Object Repository/RAD_Pages/AddressAndContactInfo_Page/input_streetAddress1'

2024-11-07 20:08:52 - [MESSAGE][PASSED] - Text ' ' is set on object 'Object Repository/RAD_Pages/AddressAndContactInfo_Page/input_streetAddress1'

2024-11-07 20:08:52 - [TEST_STEP][PASSED] - setText(findTestObject(orPath_AddressContact + "/input_city"), " "): Text ' ' is set on object 'Object Repository/RAD_Pages/AddressAndContactInfo_Page/input_city'

2024-11-07 20:08:53 - [MESSAGE][PASSED] - Text ' ' is set on object 'Object Repository/RAD_Pages/AddressAndContactInfo_Page/input_city'

2024-11-07 20:08:53 - [TEST_STEP][PASSED] - setText(findTestObject(orPath_AddressContact + "/input_zipCode"), " "): Text ' ' is set on object 'Object Repository/RAD_Pages/AddressAndContactInfo_Page/input_zipCode'

2024-11-07 20:08:54 - [MESSAGE][PASSED] - Text ' ' is set on object 'Object Repository/RAD_Pages/AddressAndContactInfo_Page/input_zipCode'

2024-11-07 20:08:54 - [TEST_STEP][PASSED] - setText(findTestObject(orPath_AddressContact + "/input_phoneNumber"), " "): Text ' ' is set on object 'Object Repository/RAD_Pages/AddressAndContactInfo_Page/input_phoneNumber'

2024-11-07 20:08:54 - [MESSAGE][PASSED] - Text ' ' is set on object 'Object Repository/RAD_Pages/AddressAndContactInfo_Page/input_phoneNumber'

2024-11-07 20:08:54 - [TEST_STEP][PASSED] - setText(findTestObject(orPath_AddressContact + "/input_eMailAddress"), " "): Text ' ' is set on object 'Object Repository/RAD_Pages/AddressAndContactInfo_Page/input_eMailAddress'

2024-11-07 20:08:55 - [MESSAGE][PASSED] - Text ' ' is set on object 'Object Repository/RAD_Pages/AddressAndContactInfo_Page/input_eMailAddress'

2024-11-07 20:08:55 - [TEST_STEP][PASSED] - setText(findTestObject(orPath_AddressContact + "/input_reEnterEMailAddress"), " "): Text ' ' is set on object 'Object Repository/RAD_Pages/AddressAndContactInfo_Page/input_reEnterEMailAddress'

2024-11-07 20:08:56 - [MESSAGE][PASSED] - Text ' ' is set on object 'Object Repository/RAD_Pages/AddressAndContactInfo_Page/input_reEnterEMailAddress'

2024-11-07 20:08:56 - [TEST_STEP][PASSED] - if (TaxType.equalsIgnoreCase("Estate Tax")): null

2024-11-07 20:08:56 - [TEST_STEP][PASSED] - setText(findTestObject(orPath_Amount + "/input__paymentAmount"), ""): Text '' is set on object 'Object Repository/RAD_Pages/PaymentAmount_Page/input__paymentAmount'

2024-11-07 20:08:57 - [MESSAGE][PASSED] - Text '' is set on object 'Object Repository/RAD_Pages/PaymentAmount_Page/input__paymentAmount'

2024-11-07 20:08:57 - [TEST_STEP][PASSED] - resText = "Fail": null

2024-11-07 20:08:57 - [TEST_STEP][PASSED] - pages.WriteExcel.demoKey(resText, datText, resColumn, datCloumn, fileLoc, nameSheet, row): pages.WriteExcel.demoKey is PASSED

2024-11-07 20:08:58 - [MESSAGE][PASSED] - pages.WriteExcel.demoKey is PASSED

2024-11-07 20:08:58 - [TEST_STEP][PASSED] - verifyTextPresent("Enter business name", true, CONTINUE_ON_FAILURE): Text 'Enter business name' is present on page  using regular expression

2024-11-07 20:08:58 - [MESSAGE][PASSED] - Text 'Enter business name' is present on page  using regular expression

2024-11-07 20:08:58 - [TEST_STEP][PASSED] - verifyTextPresent("Enter business rep first name", true, CONTINUE_ON_FAILURE): Text 'Enter business rep first name' is present on page  using regular expression

2024-11-07 20:08:58 - [MESSAGE][PASSED] - Text 'Enter business rep first name' is present on page  using regular expression

2024-11-07 20:08:58 - [TEST_STEP][PASSED] - verifyTextPresent("Enter business rep last name", true, CONTINUE_ON_FAILURE): Text 'Enter business rep last name' is present on page  using regular expression

2024-11-07 20:08:59 - [MESSAGE][PASSED] - Text 'Enter business rep last name' is present on page  using regular expression

2024-11-07 20:08:59 - [TEST_STEP][PASSED] - verifyTextPresent("Enter address", true, CONTINUE_ON_FAILURE): Text 'Enter address' is present on page  using regular expression

2024-11-07 20:08:59 - [MESSAGE][PASSED] - Text 'Enter address' is present on page  using regular expression

2024-11-07 20:08:59 - [TEST_STEP][PASSED] - verifyTextPresent("Enter city", true, CONTINUE_ON_FAILURE): Text 'Enter city' is present on page  using regular expression

2024-11-07 20:09:00 - [MESSAGE][PASSED] - Text 'Enter city' is present on page  using regular expression

2024-11-07 20:09:00 - [TEST_STEP][PASSED] - verifyTextPresent("Enter ZIP code", true, CONTINUE_ON_FAILURE): Text 'Enter ZIP code' is present on page  using regular expression

2024-11-07 20:09:00 - [MESSAGE][PASSED] - Text 'Enter ZIP code' is present on page  using regular expression

2024-11-07 20:09:00 - [TEST_STEP][PASSED] - verifyTextPresent("Enter a valid phone number", true, CONTINUE_ON_FAILURE): Text 'Enter a valid phone number' is present on page  using regular expression

2024-11-07 20:09:00 - [MESSAGE][PASSED] - Text 'Enter a valid phone number' is present on page  using regular expression

2024-11-07 20:09:00 - [TEST_STEP][PASSED] - verifyTextPresent("Enter Email", true, CONTINUE_ON_FAILURE): Text 'Enter Email' is present on page  using regular expression

2024-11-07 20:09:01 - [MESSAGE][PASSED] - Text 'Enter Email' is present on page  using regular expression

2024-11-07 20:09:01 - [TEST_STEP][PASSED] - if (CRN.equalsIgnoreCase("Y")): null

2024-11-07 20:09:01 - [TEST_STEP][PASSED] - setText(findTestObject(orPath_TaxInfo + "/input_MDCRegistrationEL"), " "): Text ' ' is set on object 'Object Repository/RAD_Pages/TaxInfo_Page/input_MDCRegistrationEL'

2024-11-07 20:09:01 - [MESSAGE][PASSED] - Text ' ' is set on object 'Object Repository/RAD_Pages/TaxInfo_Page/input_MDCRegistrationEL'

2024-11-07 20:09:01 - [TEST_STEP][PASSED] - setText(findTestObject(orPath_Amount + "/input__paymentAmount"), ""): Text '' is set on object 'Object Repository/RAD_Pages/PaymentAmount_Page/input__paymentAmount'

2024-11-07 20:09:02 - [MESSAGE][PASSED] - Text '' is set on object 'Object Repository/RAD_Pages/PaymentAmount_Page/input__paymentAmount'

2024-11-07 20:09:02 - [TEST_STEP][PASSED] - if (verifyTextPresent("Enter valid MD Central Registration Number", false)): null

2024-11-07 20:09:02 - [MESSAGE][PASSED] - Text 'Enter valid MD Central Registration Number' is present on page 

2024-11-07 20:09:02 - [TEST_STEP][PASSED] - isRequiredTextPresent = true: null

2024-11-07 20:09:02 - [TEST_STEP][PASSED] - if (MFLicNum.equalsIgnoreCase("Y")): null

2024-11-07 20:09:02 - [TEST_STEP][PASSED] - if (isRequiredTextPresent == true): pages.WriteExcel.demoKey is PASSED

2024-11-07 20:09:02 - [TEST_STEP][PASSED] - println("All the relevant texts are present"): null

2024-11-07 20:09:02 - [TEST_STEP][PASSED] - markPassed("All the relevant texts are present"): All the relevant texts are present

2024-11-07 20:09:02 - [MESSAGE][PASSED] - All the relevant texts are present

2024-11-07 20:09:02 - [TEST_STEP][PASSED] - resText = "Pass": null

2024-11-07 20:09:02 - [TEST_STEP][PASSED] - pages.WriteExcel.demoKey(resText, datText, resColumn, datCloumn, fileLoc, nameSheet, row): pages.WriteExcel.demoKey is PASSED

2024-11-07 20:09:02 - [MESSAGE][PASSED] - pages.WriteExcel.demoKey is PASSED

2024-11-07 20:09:02 - [TEST_STEP][PASSED] - ExecuteTC = findTestData(dataFile).getValue("Execute", row): null

2024-11-07 20:09:02 - [TEST_STEP][PASSED] - TaxType = findTestData(dataFile).getValue("TaxType", row): null

2024-11-07 20:09:03 - [TEST_STEP][PASSED] - PaymentType = findTestData(dataFile).getValue("PaymentType", row): null

2024-11-07 20:09:03 - [TEST_STEP][PASSED] - feinSsn = findTestData(dataFile).getValue("FEINSSN", row): null

2024-11-07 20:09:03 - [TEST_STEP][PASSED] - CRN = findTestData(dataFile).getValue("CRN", row): null

2024-11-07 20:09:03 - [TEST_STEP][PASSED] - MFLicNum = findTestData(dataFile).getValue("MFLicNum", row): null

2024-11-07 20:09:03 - [TEST_STEP][PASSED] - if (ExecuteTC.equalsIgnoreCase("Y")): pages.WriteExcel.demoKey is PASSED

2024-11-07 20:09:03 - [TEST_STEP][PASSED] - out.println("Begin Record Number: " + row): null

2024-11-07 20:09:03 - [TEST_STEP][PASSED] - today = new java.util.Date(): null

2024-11-07 20:09:03 - [TEST_STEP][PASSED] - println(today): null

2024-11-07 20:09:03 - [TEST_STEP][PASSED] - datText = today: null

2024-11-07 20:09:03 - [TEST_STEP][PASSED] - logInfo("Payment Type: Existing Liability with Notice/Invoice Number"): Payment Type: Existing Liability with Notice/Invoice Number

2024-11-07 20:09:03 - [MESSAGE][INFO] - Payment Type: Existing Liability with Notice/Invoice Number

2024-11-07 20:09:03 - [TEST_STEP][PASSED] - logInfo("Tax Type: " + TaxType): Tax Type: Alcohol Tax

2024-11-07 20:09:03 - [MESSAGE][INFO] - Tax Type: Alcohol Tax

2024-11-07 20:09:03 - [TEST_STEP][PASSED] - openBrowser(""): Browser is opened with url: ''

2024-11-07 20:09:03 - [MESSAGE][WARNING] - A browser is already opened. Closing browser and opening a new one

2024-11-07 20:09:05 - [MESSAGE][INFO] - Starting 'Chrome' driver

2024-11-07 20:09:05 - [MESSAGE][INFO] - User set preference: ['acceptInsecureCerts', 'true']

2024-11-07 20:09:05 - [MESSAGE][INFO] - Action delay is set to 0 milliseconds

2024-11-07 20:09:07 - [MESSAGE][PASSED] - Browser is opened with url: ''

2024-11-07 20:09:07 - [TEST_STEP][PASSED] - maximizeWindow(): Current window maximized

2024-11-07 20:09:07 - [MESSAGE][PASSED] - Current window maximized

2024-11-07 20:09:07 - [TEST_STEP][PASSED] - navigateToUrl(RADurl): Navigate to 'https://www.velocitypayment.com/client/rad/index.html' successfully

2024-11-07 20:09:10 - [MESSAGE][PASSED] - Navigate to 'https://www.velocitypayment.com/client/rad/index.html' successfully

2024-11-07 20:09:10 - [TEST_STEP][PASSED] - selectOptionByLabel(findTestObject(orPath_Landing + "/dd_TaxType"), "Existing Liability with Notice/Invoice Number", false): All options with label 'Existing Liability with Notice/Invoice Number' are selected in object 'Object Repository/RAD_Pages/Landing_Page/dd_TaxType' 

2024-11-07 20:09:11 - [MESSAGE][PASSED] - All options with label 'Existing Liability with Notice/Invoice Number' are selected in object 'Object Repository/RAD_Pages/Landing_Page/dd_TaxType' 

2024-11-07 20:09:11 - [TEST_STEP][PASSED] - selectOptionByLabel(findTestObject(orPath_TaxTypeFilingYear + "/select_TaxType_ExistingLiability"), TaxType, false): All options with label 'Alcohol Tax' are selected in object 'Object Repository/RAD_Pages/TaxTypeFilingYear_Page/select_TaxType_ExistingLiability' 

2024-11-07 20:09:11 - [MESSAGE][PASSED] - All options with label 'Alcohol Tax' are selected in object 'Object Repository/RAD_Pages/TaxTypeFilingYear_Page/select_TaxType_ExistingLiability' 

2024-11-07 20:09:11 - [TEST_STEP][PASSED] - setText(findTestObject(orPath_TaxPayer + "/input_businessName"), " "): Text ' ' is set on object 'Object Repository/RAD_Pages/Taxpayer_Page/input_businessName'

2024-11-07 20:09:12 - [MESSAGE][PASSED] - Text ' ' is set on object 'Object Repository/RAD_Pages/Taxpayer_Page/input_businessName'

2024-11-07 20:09:12 - [TEST_STEP][PASSED] - setText(findTestObject(orPath_TaxPayer + "/input_BusinessRepfirstName"), " "): Text ' ' is set on object 'Object Repository/RAD_Pages/Taxpayer_Page/input_BusinessRepfirstName'

2024-11-07 20:09:13 - [MESSAGE][PASSED] - Text ' ' is set on object 'Object Repository/RAD_Pages/Taxpayer_Page/input_BusinessRepfirstName'

2024-11-07 20:09:13 - [TEST_STEP][PASSED] - setText(findTestObject(orPath_TaxPayer + "/input_BusinessReplastName"), " "): Text ' ' is set on object 'Object Repository/RAD_Pages/Taxpayer_Page/input_BusinessReplastName'

2024-11-07 20:09:14 - [MESSAGE][PASSED] - Text ' ' is set on object 'Object Repository/RAD_Pages/Taxpayer_Page/input_BusinessReplastName'

2024-11-07 20:09:14 - [TEST_STEP][PASSED] - setText(findTestObject(orPath_AddressContact + "/input_streetAddress1"), " "): Text ' ' is set on object 'Object Repository/RAD_Pages/AddressAndContactInfo_Page/input_streetAddress1'

2024-11-07 20:09:15 - [MESSAGE][PASSED] - Text ' ' is set on object 'Object Repository/RAD_Pages/AddressAndContactInfo_Page/input_streetAddress1'

2024-11-07 20:09:15 - [TEST_STEP][PASSED] - setText(findTestObject(orPath_AddressContact + "/input_city"), " "): Text ' ' is set on object 'Object Repository/RAD_Pages/AddressAndContactInfo_Page/input_city'

2024-11-07 20:09:15 - [MESSAGE][PASSED] - Text ' ' is set on object 'Object Repository/RAD_Pages/AddressAndContactInfo_Page/input_city'

2024-11-07 20:09:15 - [TEST_STEP][PASSED] - setText(findTestObject(orPath_AddressContact + "/input_zipCode"), " "): Text ' ' is set on object 'Object Repository/RAD_Pages/AddressAndContactInfo_Page/input_zipCode'

2024-11-07 20:09:16 - [MESSAGE][PASSED] - Text ' ' is set on object 'Object Repository/RAD_Pages/AddressAndContactInfo_Page/input_zipCode'

2024-11-07 20:09:16 - [TEST_STEP][PASSED] - setText(findTestObject(orPath_AddressContact + "/input_phoneNumber"), " "): Text ' ' is set on object 'Object Repository/RAD_Pages/AddressAndContactInfo_Page/input_phoneNumber'

2024-11-07 20:09:17 - [MESSAGE][PASSED] - Text ' ' is set on object 'Object Repository/RAD_Pages/AddressAndContactInfo_Page/input_phoneNumber'

2024-11-07 20:09:17 - [TEST_STEP][PASSED] - setText(findTestObject(orPath_AddressContact + "/input_eMailAddress"), " "): Text ' ' is set on object 'Object Repository/RAD_Pages/AddressAndContactInfo_Page/input_eMailAddress'

2024-11-07 20:09:18 - [MESSAGE][PASSED] - Text ' ' is set on object 'Object Repository/RAD_Pages/AddressAndContactInfo_Page/input_eMailAddress'

2024-11-07 20:09:18 - [TEST_STEP][PASSED] - setText(findTestObject(orPath_AddressContact + "/input_reEnterEMailAddress"), " "): Text ' ' is set on object 'Object Repository/RAD_Pages/AddressAndContactInfo_Page/input_reEnterEMailAddress'

2024-11-07 20:09:19 - [MESSAGE][PASSED] - Text ' ' is set on object 'Object Repository/RAD_Pages/AddressAndContactInfo_Page/input_reEnterEMailAddress'

2024-11-07 20:09:19 - [TEST_STEP][PASSED] - if (TaxType.equalsIgnoreCase("Estate Tax")): null

2024-11-07 20:09:19 - [TEST_STEP][PASSED] - setText(findTestObject(orPath_Amount + "/input__paymentAmount"), ""): Text '' is set on object 'Object Repository/RAD_Pages/PaymentAmount_Page/input__paymentAmount'

2024-11-07 20:09:19 - [MESSAGE][PASSED] - Text '' is set on object 'Object Repository/RAD_Pages/PaymentAmount_Page/input__paymentAmount'

2024-11-07 20:09:19 - [TEST_STEP][PASSED] - resText = "Fail": null

2024-11-07 20:09:19 - [TEST_STEP][PASSED] - pages.WriteExcel.demoKey(resText, datText, resColumn, datCloumn, fileLoc, nameSheet, row): pages.WriteExcel.demoKey is PASSED

2024-11-07 20:09:20 - [MESSAGE][PASSED] - pages.WriteExcel.demoKey is PASSED

2024-11-07 20:09:20 - [TEST_STEP][PASSED] - verifyTextPresent("Enter business name", true, CONTINUE_ON_FAILURE): Text 'Enter business name' is present on page  using regular expression

2024-11-07 20:09:20 - [MESSAGE][PASSED] - Text 'Enter business name' is present on page  using regular expression

2024-11-07 20:09:20 - [TEST_STEP][PASSED] - verifyTextPresent("Enter business rep first name", true, CONTINUE_ON_FAILURE): Text 'Enter business rep first name' is present on page  using regular expression

2024-11-07 20:09:20 - [MESSAGE][PASSED] - Text 'Enter business rep first name' is present on page  using regular expression

2024-11-07 20:09:20 - [TEST_STEP][PASSED] - verifyTextPresent("Enter business rep last name", true, CONTINUE_ON_FAILURE): Text 'Enter business rep last name' is present on page  using regular expression

2024-11-07 20:09:21 - [MESSAGE][PASSED] - Text 'Enter business rep last name' is present on page  using regular expression

2024-11-07 20:09:21 - [TEST_STEP][PASSED] - verifyTextPresent("Enter address", true, CONTINUE_ON_FAILURE): Text 'Enter address' is present on page  using regular expression

2024-11-07 20:09:21 - [MESSAGE][PASSED] - Text 'Enter address' is present on page  using regular expression

2024-11-07 20:09:21 - [TEST_STEP][PASSED] - verifyTextPresent("Enter city", true, CONTINUE_ON_FAILURE): Text 'Enter city' is present on page  using regular expression

2024-11-07 20:09:22 - [MESSAGE][PASSED] - Text 'Enter city' is present on page  using regular expression

2024-11-07 20:09:22 - [TEST_STEP][PASSED] - verifyTextPresent("Enter ZIP code", true, CONTINUE_ON_FAILURE): Text 'Enter ZIP code' is present on page  using regular expression

2024-11-07 20:09:22 - [MESSAGE][PASSED] - Text 'Enter ZIP code' is present on page  using regular expression

2024-11-07 20:09:22 - [TEST_STEP][PASSED] - verifyTextPresent("Enter a valid phone number", true, CONTINUE_ON_FAILURE): Text 'Enter a valid phone number' is present on page  using regular expression

2024-11-07 20:09:23 - [MESSAGE][PASSED] - Text 'Enter a valid phone number' is present on page  using regular expression

2024-11-07 20:09:23 - [TEST_STEP][PASSED] - verifyTextPresent("Enter Email", true, CONTINUE_ON_FAILURE): Text 'Enter Email' is present on page  using regular expression

2024-11-07 20:09:23 - [MESSAGE][PASSED] - Text 'Enter Email' is present on page  using regular expression

2024-11-07 20:09:23 - [TEST_STEP][PASSED] - if (CRN.equalsIgnoreCase("Y")): null

2024-11-07 20:09:23 - [TEST_STEP][PASSED] - setText(findTestObject(orPath_TaxInfo + "/input_MDCRegistrationEL"), " "): Text ' ' is set on object 'Object Repository/RAD_Pages/TaxInfo_Page/input_MDCRegistrationEL'

2024-11-07 20:09:24 - [MESSAGE][PASSED] - Text ' ' is set on object 'Object Repository/RAD_Pages/TaxInfo_Page/input_MDCRegistrationEL'

2024-11-07 20:09:24 - [TEST_STEP][PASSED] - setText(findTestObject(orPath_Amount + "/input__paymentAmount"), ""): Text '' is set on object 'Object Repository/RAD_Pages/PaymentAmount_Page/input__paymentAmount'

2024-11-07 20:09:25 - [MESSAGE][PASSED] - Text '' is set on object 'Object Repository/RAD_Pages/PaymentAmount_Page/input__paymentAmount'

2024-11-07 20:09:25 - [TEST_STEP][PASSED] - if (verifyTextPresent("Enter valid MD Central Registration Number", false)): null

2024-11-07 20:09:25 - [MESSAGE][PASSED] - Text 'Enter valid MD Central Registration Number' is present on page 

2024-11-07 20:09:25 - [TEST_STEP][PASSED] - isRequiredTextPresent = true: null

2024-11-07 20:09:25 - [TEST_STEP][PASSED] - if (MFLicNum.equalsIgnoreCase("Y")): null

2024-11-07 20:09:25 - [TEST_STEP][PASSED] - if (isRequiredTextPresent == true): pages.WriteExcel.demoKey is PASSED

2024-11-07 20:09:25 - [TEST_STEP][PASSED] - println("All the relevant texts are present"): null

2024-11-07 20:09:25 - [TEST_STEP][PASSED] - markPassed("All the relevant texts are present"): All the relevant texts are present

2024-11-07 20:09:25 - [MESSAGE][PASSED] - All the relevant texts are present

2024-11-07 20:09:25 - [TEST_STEP][PASSED] - resText = "Pass": null

2024-11-07 20:09:25 - [TEST_STEP][PASSED] - pages.WriteExcel.demoKey(resText, datText, resColumn, datCloumn, fileLoc, nameSheet, row): pages.WriteExcel.demoKey is PASSED

2024-11-07 20:09:25 - [MESSAGE][PASSED] - pages.WriteExcel.demoKey is PASSED

2024-11-07 20:09:25 - [TEST_STEP][PASSED] - ExecuteTC = findTestData(dataFile).getValue("Execute", row): null

2024-11-07 20:09:25 - [TEST_STEP][PASSED] - TaxType = findTestData(dataFile).getValue("TaxType", row): null

2024-11-07 20:09:25 - [TEST_STEP][PASSED] - PaymentType = findTestData(dataFile).getValue("PaymentType", row): null

2024-11-07 20:09:25 - [TEST_STEP][PASSED] - feinSsn = findTestData(dataFile).getValue("FEINSSN", row): null

2024-11-07 20:09:25 - [TEST_STEP][PASSED] - CRN = findTestData(dataFile).getValue("CRN", row): null

2024-11-07 20:09:25 - [TEST_STEP][PASSED] - MFLicNum = findTestData(dataFile).getValue("MFLicNum", row): null

2024-11-07 20:09:26 - [TEST_STEP][PASSED] - if (ExecuteTC.equalsIgnoreCase("Y")): pages.WriteExcel.demoKey is PASSED

2024-11-07 20:09:26 - [TEST_STEP][PASSED] - out.println("Begin Record Number: " + row): null

2024-11-07 20:09:26 - [TEST_STEP][PASSED] - today = new java.util.Date(): null

2024-11-07 20:09:26 - [TEST_STEP][PASSED] - println(today): null

2024-11-07 20:09:26 - [TEST_STEP][PASSED] - datText = today: null

2024-11-07 20:09:26 - [TEST_STEP][PASSED] - logInfo("Payment Type: Existing Liability with Notice/Invoice Number"): Payment Type: Existing Liability with Notice/Invoice Number

2024-11-07 20:09:26 - [MESSAGE][INFO] - Payment Type: Existing Liability with Notice/Invoice Number

2024-11-07 20:09:26 - [TEST_STEP][PASSED] - logInfo("Tax Type: " + TaxType): Tax Type: PTE Tax Electing Non-S Corp

2024-11-07 20:09:26 - [MESSAGE][INFO] - Tax Type: PTE Tax Electing Non-S Corp

2024-11-07 20:09:26 - [TEST_STEP][PASSED] - openBrowser(""): Browser is opened with url: ''

2024-11-07 20:09:26 - [MESSAGE][WARNING] - A browser is already opened. Closing browser and opening a new one

2024-11-07 20:09:27 - [MESSAGE][INFO] - Starting 'Chrome' driver

2024-11-07 20:09:27 - [MESSAGE][INFO] - User set preference: ['acceptInsecureCerts', 'true']

2024-11-07 20:09:28 - [MESSAGE][INFO] - Action delay is set to 0 milliseconds

2024-11-07 20:09:29 - [MESSAGE][PASSED] - Browser is opened with url: ''

2024-11-07 20:09:29 - [TEST_STEP][PASSED] - maximizeWindow(): Current window maximized

2024-11-07 20:09:30 - [MESSAGE][PASSED] - Current window maximized

2024-11-07 20:09:30 - [TEST_STEP][PASSED] - navigateToUrl(RADurl): Navigate to 'https://www.velocitypayment.com/client/rad/index.html' successfully

2024-11-07 20:09:32 - [MESSAGE][PASSED] - Navigate to 'https://www.velocitypayment.com/client/rad/index.html' successfully

2024-11-07 20:09:32 - [TEST_STEP][PASSED] - selectOptionByLabel(findTestObject(orPath_Landing + "/dd_TaxType"), "Existing Liability with Notice/Invoice Number", false): All options with label 'Existing Liability with Notice/Invoice Number' are selected in object 'Object Repository/RAD_Pages/Landing_Page/dd_TaxType' 

2024-11-07 20:09:33 - [MESSAGE][PASSED] - All options with label 'Existing Liability with Notice/Invoice Number' are selected in object 'Object Repository/RAD_Pages/Landing_Page/dd_TaxType' 

2024-11-07 20:09:33 - [TEST_STEP][PASSED] - selectOptionByLabel(findTestObject(orPath_TaxTypeFilingYear + "/select_TaxType_ExistingLiability"), TaxType, false): All options with label 'PTE Tax Electing Non-S Corp' are selected in object 'Object Repository/RAD_Pages/TaxTypeFilingYear_Page/select_TaxType_ExistingLiability' 

2024-11-07 20:09:34 - [MESSAGE][PASSED] - All options with label 'PTE Tax Electing Non-S Corp' are selected in object 'Object Repository/RAD_Pages/TaxTypeFilingYear_Page/select_TaxType_ExistingLiability' 

2024-11-07 20:09:34 - [TEST_STEP][PASSED] - setText(findTestObject(orPath_TaxPayer + "/input_businessName"), " "): Text ' ' is set on object 'Object Repository/RAD_Pages/Taxpayer_Page/input_businessName'

2024-11-07 20:09:35 - [MESSAGE][PASSED] - Text ' ' is set on object 'Object Repository/RAD_Pages/Taxpayer_Page/input_businessName'

2024-11-07 20:09:35 - [TEST_STEP][PASSED] - setText(findTestObject(orPath_TaxPayer + "/input_BusinessRepfirstName"), " "): Text ' ' is set on object 'Object Repository/RAD_Pages/Taxpayer_Page/input_BusinessRepfirstName'

2024-11-07 20:09:35 - [MESSAGE][PASSED] - Text ' ' is set on object 'Object Repository/RAD_Pages/Taxpayer_Page/input_BusinessRepfirstName'

2024-11-07 20:09:35 - [TEST_STEP][PASSED] - setText(findTestObject(orPath_TaxPayer + "/input_BusinessReplastName"), " "): Text ' ' is set on object 'Object Repository/RAD_Pages/Taxpayer_Page/input_BusinessReplastName'

2024-11-07 20:09:36 - [MESSAGE][PASSED] - Text ' ' is set on object 'Object Repository/RAD_Pages/Taxpayer_Page/input_BusinessReplastName'

2024-11-07 20:09:36 - [TEST_STEP][PASSED] - setText(findTestObject(orPath_AddressContact + "/input_streetAddress1"), " "): Text ' ' is set on object 'Object Repository/RAD_Pages/AddressAndContactInfo_Page/input_streetAddress1'

2024-11-07 20:09:37 - [MESSAGE][PASSED] - Text ' ' is set on object 'Object Repository/RAD_Pages/AddressAndContactInfo_Page/input_streetAddress1'

2024-11-07 20:09:37 - [TEST_STEP][PASSED] - setText(findTestObject(orPath_AddressContact + "/input_city"), " "): Text ' ' is set on object 'Object Repository/RAD_Pages/AddressAndContactInfo_Page/input_city'

2024-11-07 20:09:38 - [MESSAGE][PASSED] - Text ' ' is set on object 'Object Repository/RAD_Pages/AddressAndContactInfo_Page/input_city'

2024-11-07 20:09:38 - [TEST_STEP][PASSED] - setText(findTestObject(orPath_AddressContact + "/input_zipCode"), " "): Text ' ' is set on object 'Object Repository/RAD_Pages/AddressAndContactInfo_Page/input_zipCode'

2024-11-07 20:09:38 - [MESSAGE][PASSED] - Text ' ' is set on object 'Object Repository/RAD_Pages/AddressAndContactInfo_Page/input_zipCode'

2024-11-07 20:09:38 - [TEST_STEP][PASSED] - setText(findTestObject(orPath_AddressContact + "/input_phoneNumber"), " "): Text ' ' is set on object 'Object Repository/RAD_Pages/AddressAndContactInfo_Page/input_phoneNumber'

2024-11-07 20:09:39 - [MESSAGE][PASSED] - Text ' ' is set on object 'Object Repository/RAD_Pages/AddressAndContactInfo_Page/input_phoneNumber'

2024-11-07 20:09:39 - [TEST_STEP][PASSED] - setText(findTestObject(orPath_AddressContact + "/input_eMailAddress"), " "): Text ' ' is set on object 'Object Repository/RAD_Pages/AddressAndContactInfo_Page/input_eMailAddress'

2024-11-07 20:09:40 - [MESSAGE][PASSED] - Text ' ' is set on object 'Object Repository/RAD_Pages/AddressAndContactInfo_Page/input_eMailAddress'

2024-11-07 20:09:40 - [TEST_STEP][PASSED] - setText(findTestObject(orPath_AddressContact + "/input_reEnterEMailAddress"), " "): Text ' ' is set on object 'Object Repository/RAD_Pages/AddressAndContactInfo_Page/input_reEnterEMailAddress'

2024-11-07 20:09:41 - [MESSAGE][PASSED] - Text ' ' is set on object 'Object Repository/RAD_Pages/AddressAndContactInfo_Page/input_reEnterEMailAddress'

2024-11-07 20:09:41 - [TEST_STEP][PASSED] - if (TaxType.equalsIgnoreCase("Estate Tax")): null

2024-11-07 20:09:41 - [TEST_STEP][PASSED] - setText(findTestObject(orPath_Amount + "/input__paymentAmount"), ""): Text '' is set on object 'Object Repository/RAD_Pages/PaymentAmount_Page/input__paymentAmount'

2024-11-07 20:09:42 - [MESSAGE][PASSED] - Text '' is set on object 'Object Repository/RAD_Pages/PaymentAmount_Page/input__paymentAmount'

2024-11-07 20:09:42 - [TEST_STEP][PASSED] - resText = "Fail": null

2024-11-07 20:09:42 - [TEST_STEP][PASSED] - pages.WriteExcel.demoKey(resText, datText, resColumn, datCloumn, fileLoc, nameSheet, row): pages.WriteExcel.demoKey is PASSED

2024-11-07 20:09:42 - [MESSAGE][PASSED] - pages.WriteExcel.demoKey is PASSED

2024-11-07 20:09:42 - [TEST_STEP][PASSED] - verifyTextPresent("Enter business name", true, CONTINUE_ON_FAILURE): Text 'Enter business name' is present on page  using regular expression

2024-11-07 20:09:42 - [MESSAGE][PASSED] - Text 'Enter business name' is present on page  using regular expression

2024-11-07 20:09:42 - [TEST_STEP][PASSED] - verifyTextPresent("Enter business rep first name", true, CONTINUE_ON_FAILURE): Text 'Enter business rep first name' is present on page  using regular expression

2024-11-07 20:09:43 - [MESSAGE][PASSED] - Text 'Enter business rep first name' is present on page  using regular expression

2024-11-07 20:09:43 - [TEST_STEP][PASSED] - verifyTextPresent("Enter business rep last name", true, CONTINUE_ON_FAILURE): Text 'Enter business rep last name' is present on page  using regular expression

2024-11-07 20:09:43 - [MESSAGE][PASSED] - Text 'Enter business rep last name' is present on page  using regular expression

2024-11-07 20:09:43 - [TEST_STEP][PASSED] - verifyTextPresent("Enter address", true, CONTINUE_ON_FAILURE): Text 'Enter address' is present on page  using regular expression

2024-11-07 20:09:44 - [MESSAGE][PASSED] - Text 'Enter address' is present on page  using regular expression

2024-11-07 20:09:44 - [TEST_STEP][PASSED] - verifyTextPresent("Enter city", true, CONTINUE_ON_FAILURE): Text 'Enter city' is present on page  using regular expression

2024-11-07 20:09:44 - [MESSAGE][PASSED] - Text 'Enter city' is present on page  using regular expression

2024-11-07 20:09:44 - [TEST_STEP][PASSED] - verifyTextPresent("Enter ZIP code", true, CONTINUE_ON_FAILURE): Text 'Enter ZIP code' is present on page  using regular expression

2024-11-07 20:09:45 - [MESSAGE][PASSED] - Text 'Enter ZIP code' is present on page  using regular expression

2024-11-07 20:09:45 - [TEST_STEP][PASSED] - verifyTextPresent("Enter a valid phone number", true, CONTINUE_ON_FAILURE): Text 'Enter a valid phone number' is present on page  using regular expression

2024-11-07 20:09:45 - [MESSAGE][PASSED] - Text 'Enter a valid phone number' is present on page  using regular expression

2024-11-07 20:09:45 - [TEST_STEP][PASSED] - verifyTextPresent("Enter Email", true, CONTINUE_ON_FAILURE): Text 'Enter Email' is present on page  using regular expression

2024-11-07 20:09:45 - [MESSAGE][PASSED] - Text 'Enter Email' is present on page  using regular expression

2024-11-07 20:09:45 - [TEST_STEP][PASSED] - if (CRN.equalsIgnoreCase("Y")): null

2024-11-07 20:09:45 - [TEST_STEP][PASSED] - if (MFLicNum.equalsIgnoreCase("Y")): null

2024-11-07 20:09:45 - [TEST_STEP][PASSED] - if (isRequiredTextPresent == true): pages.WriteExcel.demoKey is PASSED

2024-11-07 20:09:45 - [TEST_STEP][PASSED] - println("All the relevant texts are present"): null

2024-11-07 20:09:45 - [TEST_STEP][PASSED] - markPassed("All the relevant texts are present"): All the relevant texts are present

2024-11-07 20:09:45 - [MESSAGE][PASSED] - All the relevant texts are present

2024-11-07 20:09:45 - [TEST_STEP][PASSED] - resText = "Pass": null

2024-11-07 20:09:45 - [TEST_STEP][PASSED] - pages.WriteExcel.demoKey(resText, datText, resColumn, datCloumn, fileLoc, nameSheet, row): pages.WriteExcel.demoKey is PASSED

2024-11-07 20:09:45 - [MESSAGE][PASSED] - pages.WriteExcel.demoKey is PASSED

2024-11-07 20:09:45 - [TEST_STEP][PASSED] - ExecuteTC = findTestData(dataFile).getValue("Execute", row): null

2024-11-07 20:09:45 - [TEST_STEP][PASSED] - TaxType = findTestData(dataFile).getValue("TaxType", row): null

2024-11-07 20:09:46 - [TEST_STEP][PASSED] - PaymentType = findTestData(dataFile).getValue("PaymentType", row): null

2024-11-07 20:09:46 - [TEST_STEP][PASSED] - feinSsn = findTestData(dataFile).getValue("FEINSSN", row): null

2024-11-07 20:09:46 - [TEST_STEP][PASSED] - CRN = findTestData(dataFile).getValue("CRN", row): null

2024-11-07 20:09:46 - [TEST_STEP][PASSED] - MFLicNum = findTestData(dataFile).getValue("MFLicNum", row): null

2024-11-07 20:09:46 - [TEST_STEP][PASSED] - if (ExecuteTC.equalsIgnoreCase("Y")): pages.WriteExcel.demoKey is PASSED

2024-11-07 20:09:46 - [TEST_STEP][PASSED] - out.println("Begin Record Number: " + row): null

2024-11-07 20:09:46 - [TEST_STEP][PASSED] - today = new java.util.Date(): null

2024-11-07 20:09:46 - [TEST_STEP][PASSED] - println(today): null

2024-11-07 20:09:46 - [TEST_STEP][PASSED] - datText = today: null

2024-11-07 20:09:46 - [TEST_STEP][PASSED] - logInfo("Payment Type: Existing Liability with Notice/Invoice Number"): Payment Type: Existing Liability with Notice/Invoice Number

2024-11-07 20:09:46 - [MESSAGE][INFO] - Payment Type: Existing Liability with Notice/Invoice Number

2024-11-07 20:09:46 - [TEST_STEP][PASSED] - logInfo("Tax Type: " + TaxType): Tax Type: PTE Tax Electing S Corp

2024-11-07 20:09:46 - [MESSAGE][INFO] - Tax Type: PTE Tax Electing S Corp

2024-11-07 20:09:46 - [TEST_STEP][PASSED] - openBrowser(""): Browser is opened with url: ''

2024-11-07 20:09:46 - [MESSAGE][WARNING] - A browser is already opened. Closing browser and opening a new one

2024-11-07 20:09:48 - [MESSAGE][INFO] - Starting 'Chrome' driver

2024-11-07 20:09:48 - [MESSAGE][INFO] - User set preference: ['acceptInsecureCerts', 'true']

2024-11-07 20:09:48 - [MESSAGE][INFO] - Action delay is set to 0 milliseconds

2024-11-07 20:09:50 - [MESSAGE][PASSED] - Browser is opened with url: ''

2024-11-07 20:09:50 - [TEST_STEP][PASSED] - maximizeWindow(): Current window maximized

2024-11-07 20:09:50 - [MESSAGE][PASSED] - Current window maximized

2024-11-07 20:09:50 - [TEST_STEP][PASSED] - navigateToUrl(RADurl): Navigate to 'https://www.velocitypayment.com/client/rad/index.html' successfully

2024-11-07 20:09:50 - [MESSAGE][PASSED] - Navigate to 'https://www.velocitypayment.com/client/rad/index.html' successfully

2024-11-07 20:09:50 - [TEST_STEP][PASSED] - selectOptionByLabel(findTestObject(orPath_Landing + "/dd_TaxType"), "Existing Liability with Notice/Invoice Number", false): All options with label 'Existing Liability with Notice/Invoice Number' are selected in object 'Object Repository/RAD_Pages/Landing_Page/dd_TaxType' 

2024-11-07 20:09:56 - [MESSAGE][PASSED] - All options with label 'Existing Liability with Notice/Invoice Number' are selected in object 'Object Repository/RAD_Pages/Landing_Page/dd_TaxType' 

2024-11-07 20:09:56 - [TEST_STEP][PASSED] - selectOptionByLabel(findTestObject(orPath_TaxTypeFilingYear + "/select_TaxType_ExistingLiability"), TaxType, false): All options with label 'PTE Tax Electing S Corp' are selected in object 'Object Repository/RAD_Pages/TaxTypeFilingYear_Page/select_TaxType_ExistingLiability' 

2024-11-07 20:09:57 - [MESSAGE][PASSED] - All options with label 'PTE Tax Electing S Corp' are selected in object 'Object Repository/RAD_Pages/TaxTypeFilingYear_Page/select_TaxType_ExistingLiability' 

2024-11-07 20:09:57 - [TEST_STEP][PASSED] - setText(findTestObject(orPath_TaxPayer + "/input_businessName"), " "): Text ' ' is set on object 'Object Repository/RAD_Pages/Taxpayer_Page/input_businessName'

2024-11-07 20:09:58 - [MESSAGE][PASSED] - Text ' ' is set on object 'Object Repository/RAD_Pages/Taxpayer_Page/input_businessName'

2024-11-07 20:09:58 - [TEST_STEP][PASSED] - setText(findTestObject(orPath_TaxPayer + "/input_BusinessRepfirstName"), " "): Text ' ' is set on object 'Object Repository/RAD_Pages/Taxpayer_Page/input_BusinessRepfirstName'

2024-11-07 20:09:58 - [MESSAGE][PASSED] - Text ' ' is set on object 'Object Repository/RAD_Pages/Taxpayer_Page/input_BusinessRepfirstName'

2024-11-07 20:09:58 - [TEST_STEP][PASSED] - setText(findTestObject(orPath_TaxPayer + "/input_BusinessReplastName"), " "): Text ' ' is set on object 'Object Repository/RAD_Pages/Taxpayer_Page/input_BusinessReplastName'

2024-11-07 20:09:59 - [MESSAGE][PASSED] - Text ' ' is set on object 'Object Repository/RAD_Pages/Taxpayer_Page/input_BusinessReplastName'

2024-11-07 20:09:59 - [TEST_STEP][PASSED] - setText(findTestObject(orPath_AddressContact + "/input_streetAddress1"), " "): Text ' ' is set on object 'Object Repository/RAD_Pages/AddressAndContactInfo_Page/input_streetAddress1'

2024-11-07 20:10:00 - [MESSAGE][PASSED] - Text ' ' is set on object 'Object Repository/RAD_Pages/AddressAndContactInfo_Page/input_streetAddress1'

2024-11-07 20:10:00 - [TEST_STEP][PASSED] - setText(findTestObject(orPath_AddressContact + "/input_city"), " "): Text ' ' is set on object 'Object Repository/RAD_Pages/AddressAndContactInfo_Page/input_city'

2024-11-07 20:10:01 - [MESSAGE][PASSED] - Text ' ' is set on object 'Object Repository/RAD_Pages/AddressAndContactInfo_Page/input_city'

2024-11-07 20:10:01 - [TEST_STEP][PASSED] - setText(findTestObject(orPath_AddressContact + "/input_zipCode"), " "): Text ' ' is set on object 'Object Repository/RAD_Pages/AddressAndContactInfo_Page/input_zipCode'

2024-11-07 20:10:02 - [MESSAGE][PASSED] - Text ' ' is set on object 'Object Repository/RAD_Pages/AddressAndContactInfo_Page/input_zipCode'

2024-11-07 20:10:02 - [TEST_STEP][PASSED] - setText(findTestObject(orPath_AddressContact + "/input_phoneNumber"), " "): Text ' ' is set on object 'Object Repository/RAD_Pages/AddressAndContactInfo_Page/input_phoneNumber'

2024-11-07 20:10:02 - [MESSAGE][PASSED] - Text ' ' is set on object 'Object Repository/RAD_Pages/AddressAndContactInfo_Page/input_phoneNumber'

2024-11-07 20:10:02 - [TEST_STEP][PASSED] - setText(findTestObject(orPath_AddressContact + "/input_eMailAddress"), " "): Text ' ' is set on object 'Object Repository/RAD_Pages/AddressAndContactInfo_Page/input_eMailAddress'

2024-11-07 20:10:03 - [MESSAGE][PASSED] - Text ' ' is set on object 'Object Repository/RAD_Pages/AddressAndContactInfo_Page/input_eMailAddress'

2024-11-07 20:10:03 - [TEST_STEP][PASSED] - setText(findTestObject(orPath_AddressContact + "/input_reEnterEMailAddress"), " "): Text ' ' is set on object 'Object Repository/RAD_Pages/AddressAndContactInfo_Page/input_reEnterEMailAddress'

2024-11-07 20:10:04 - [MESSAGE][PASSED] - Text ' ' is set on object 'Object Repository/RAD_Pages/AddressAndContactInfo_Page/input_reEnterEMailAddress'

2024-11-07 20:10:04 - [TEST_STEP][PASSED] - if (TaxType.equalsIgnoreCase("Estate Tax")): null

2024-11-07 20:10:04 - [TEST_STEP][PASSED] - setText(findTestObject(orPath_Amount + "/input__paymentAmount"), ""): Text '' is set on object 'Object Repository/RAD_Pages/PaymentAmount_Page/input__paymentAmount'

2024-11-07 20:10:05 - [MESSAGE][PASSED] - Text '' is set on object 'Object Repository/RAD_Pages/PaymentAmount_Page/input__paymentAmount'

2024-11-07 20:10:05 - [TEST_STEP][PASSED] - resText = "Fail": null

2024-11-07 20:10:05 - [TEST_STEP][PASSED] - pages.WriteExcel.demoKey(resText, datText, resColumn, datCloumn, fileLoc, nameSheet, row): pages.WriteExcel.demoKey is PASSED

2024-11-07 20:10:05 - [MESSAGE][PASSED] - pages.WriteExcel.demoKey is PASSED

2024-11-07 20:10:05 - [TEST_STEP][PASSED] - verifyTextPresent("Enter business name", true, CONTINUE_ON_FAILURE): Text 'Enter business name' is present on page  using regular expression

2024-11-07 20:10:06 - [MESSAGE][PASSED] - Text 'Enter business name' is present on page  using regular expression

2024-11-07 20:10:06 - [TEST_STEP][PASSED] - verifyTextPresent("Enter business rep first name", true, CONTINUE_ON_FAILURE): Text 'Enter business rep first name' is present on page  using regular expression

2024-11-07 20:10:06 - [MESSAGE][PASSED] - Text 'Enter business rep first name' is present on page  using regular expression

2024-11-07 20:10:06 - [TEST_STEP][PASSED] - verifyTextPresent("Enter business rep last name", true, CONTINUE_ON_FAILURE): Text 'Enter business rep last name' is present on page  using regular expression

2024-11-07 20:10:07 - [MESSAGE][PASSED] - Text 'Enter business rep last name' is present on page  using regular expression

2024-11-07 20:10:07 - [TEST_STEP][PASSED] - verifyTextPresent("Enter address", true, CONTINUE_ON_FAILURE): Text 'Enter address' is present on page  using regular expression

2024-11-07 20:10:07 - [MESSAGE][PASSED] - Text 'Enter address' is present on page  using regular expression

2024-11-07 20:10:07 - [TEST_STEP][PASSED] - verifyTextPresent("Enter city", true, CONTINUE_ON_FAILURE): Text 'Enter city' is present on page  using regular expression

2024-11-07 20:10:08 - [MESSAGE][PASSED] - Text 'Enter city' is present on page  using regular expression

2024-11-07 20:10:08 - [TEST_STEP][PASSED] - verifyTextPresent("Enter ZIP code", true, CONTINUE_ON_FAILURE): Text 'Enter ZIP code' is present on page  using regular expression

2024-11-07 20:10:08 - [MESSAGE][PASSED] - Text 'Enter ZIP code' is present on page  using regular expression

2024-11-07 20:10:08 - [TEST_STEP][PASSED] - verifyTextPresent("Enter a valid phone number", true, CONTINUE_ON_FAILURE): Text 'Enter a valid phone number' is present on page  using regular expression

2024-11-07 20:10:08 - [MESSAGE][PASSED] - Text 'Enter a valid phone number' is present on page  using regular expression

2024-11-07 20:10:08 - [TEST_STEP][PASSED] - verifyTextPresent("Enter Email", true, CONTINUE_ON_FAILURE): Text 'Enter Email' is present on page  using regular expression

2024-11-07 20:10:09 - [MESSAGE][PASSED] - Text 'Enter Email' is present on page  using regular expression

2024-11-07 20:10:09 - [TEST_STEP][PASSED] - if (CRN.equalsIgnoreCase("Y")): null

2024-11-07 20:10:09 - [TEST_STEP][PASSED] - if (MFLicNum.equalsIgnoreCase("Y")): null

2024-11-07 20:10:09 - [TEST_STEP][PASSED] - if (isRequiredTextPresent == true): pages.WriteExcel.demoKey is PASSED

2024-11-07 20:10:09 - [TEST_STEP][PASSED] - println("All the relevant texts are present"): null

2024-11-07 20:10:09 - [TEST_STEP][PASSED] - markPassed("All the relevant texts are present"): All the relevant texts are present

2024-11-07 20:10:09 - [MESSAGE][PASSED] - All the relevant texts are present

2024-11-07 20:10:09 - [TEST_STEP][PASSED] - resText = "Pass": null

2024-11-07 20:10:09 - [TEST_STEP][PASSED] - pages.WriteExcel.demoKey(resText, datText, resColumn, datCloumn, fileLoc, nameSheet, row): pages.WriteExcel.demoKey is PASSED

2024-11-07 20:10:09 - [MESSAGE][PASSED] - pages.WriteExcel.demoKey is PASSED

2024-11-07 20:10:09 - [TEST_STEP][PASSED] - ExecuteTC = findTestData(dataFile).getValue("Execute", row): null

2024-11-07 20:10:09 - [TEST_STEP][PASSED] - TaxType = findTestData(dataFile).getValue("TaxType", row): null

2024-11-07 20:10:09 - [TEST_STEP][PASSED] - PaymentType = findTestData(dataFile).getValue("PaymentType", row): null

2024-11-07 20:10:09 - [TEST_STEP][PASSED] - feinSsn = findTestData(dataFile).getValue("FEINSSN", row): null

2024-11-07 20:10:09 - [TEST_STEP][PASSED] - CRN = findTestData(dataFile).getValue("CRN", row): null

2024-11-07 20:10:09 - [TEST_STEP][PASSED] - MFLicNum = findTestData(dataFile).getValue("MFLicNum", row): null

2024-11-07 20:10:09 - [TEST_STEP][PASSED] - if (ExecuteTC.equalsIgnoreCase("Y")): pages.WriteExcel.demoKey is PASSED

2024-11-07 20:10:09 - [TEST_STEP][PASSED] - out.println("Begin Record Number: " + row): null

2024-11-07 20:10:09 - [TEST_STEP][PASSED] - today = new java.util.Date(): null

2024-11-07 20:10:09 - [TEST_STEP][PASSED] - println(today): null

2024-11-07 20:10:09 - [TEST_STEP][PASSED] - datText = today: null

2024-11-07 20:10:09 - [TEST_STEP][PASSED] - logInfo("Payment Type: Existing Liability with Notice/Invoice Number"): Payment Type: Existing Liability with Notice/Invoice Number

2024-11-07 20:10:09 - [MESSAGE][INFO] - Payment Type: Existing Liability with Notice/Invoice Number

2024-11-07 20:10:09 - [TEST_STEP][PASSED] - logInfo("Tax Type: " + TaxType): Tax Type: Admissions and Amusement Tax

2024-11-07 20:10:09 - [MESSAGE][INFO] - Tax Type: Admissions and Amusement Tax

2024-11-07 20:10:09 - [TEST_STEP][PASSED] - openBrowser(""): Browser is opened with url: ''

2024-11-07 20:10:09 - [MESSAGE][WARNING] - A browser is already opened. Closing browser and opening a new one

2024-11-07 20:10:11 - [MESSAGE][INFO] - Starting 'Chrome' driver

2024-11-07 20:10:11 - [MESSAGE][INFO] - User set preference: ['acceptInsecureCerts', 'true']

2024-11-07 20:10:11 - [MESSAGE][INFO] - Action delay is set to 0 milliseconds

2024-11-07 20:10:13 - [MESSAGE][PASSED] - Browser is opened with url: ''

2024-11-07 20:10:13 - [TEST_STEP][PASSED] - maximizeWindow(): Current window maximized

2024-11-07 20:10:13 - [MESSAGE][PASSED] - Current window maximized

2024-11-07 20:10:13 - [TEST_STEP][PASSED] - navigateToUrl(RADurl): Navigate to 'https://www.velocitypayment.com/client/rad/index.html' successfully

2024-11-07 20:10:14 - [MESSAGE][PASSED] - Navigate to 'https://www.velocitypayment.com/client/rad/index.html' successfully

2024-11-07 20:10:14 - [TEST_STEP][PASSED] - selectOptionByLabel(findTestObject(orPath_Landing + "/dd_TaxType"), "Existing Liability with Notice/Invoice Number", false): All options with label 'Existing Liability with Notice/Invoice Number' are selected in object 'Object Repository/RAD_Pages/Landing_Page/dd_TaxType' 

2024-11-07 20:10:17 - [MESSAGE][PASSED] - All options with label 'Existing Liability with Notice/Invoice Number' are selected in object 'Object Repository/RAD_Pages/Landing_Page/dd_TaxType' 

2024-11-07 20:10:17 - [TEST_STEP][PASSED] - selectOptionByLabel(findTestObject(orPath_TaxTypeFilingYear + "/select_TaxType_ExistingLiability"), TaxType, false): All options with label 'Admissions and Amusement Tax' are selected in object 'Object Repository/RAD_Pages/TaxTypeFilingYear_Page/select_TaxType_ExistingLiability' 

2024-11-07 20:10:17 - [MESSAGE][PASSED] - All options with label 'Admissions and Amusement Tax' are selected in object 'Object Repository/RAD_Pages/TaxTypeFilingYear_Page/select_TaxType_ExistingLiability' 

2024-11-07 20:10:17 - [TEST_STEP][PASSED] - setText(findTestObject(orPath_TaxPayer + "/input_businessName"), " "): Text ' ' is set on object 'Object Repository/RAD_Pages/Taxpayer_Page/input_businessName'

2024-11-07 20:10:18 - [MESSAGE][PASSED] - Text ' ' is set on object 'Object Repository/RAD_Pages/Taxpayer_Page/input_businessName'

2024-11-07 20:10:18 - [TEST_STEP][PASSED] - setText(findTestObject(orPath_TaxPayer + "/input_BusinessRepfirstName"), " "): Text ' ' is set on object 'Object Repository/RAD_Pages/Taxpayer_Page/input_BusinessRepfirstName'

2024-11-07 20:10:19 - [MESSAGE][PASSED] - Text ' ' is set on object 'Object Repository/RAD_Pages/Taxpayer_Page/input_BusinessRepfirstName'

2024-11-07 20:10:19 - [TEST_STEP][PASSED] - setText(findTestObject(orPath_TaxPayer + "/input_BusinessReplastName"), " "): Text ' ' is set on object 'Object Repository/RAD_Pages/Taxpayer_Page/input_BusinessReplastName'

2024-11-07 20:10:20 - [MESSAGE][PASSED] - Text ' ' is set on object 'Object Repository/RAD_Pages/Taxpayer_Page/input_BusinessReplastName'

2024-11-07 20:10:20 - [TEST_STEP][PASSED] - setText(findTestObject(orPath_AddressContact + "/input_streetAddress1"), " "): Text ' ' is set on object 'Object Repository/RAD_Pages/AddressAndContactInfo_Page/input_streetAddress1'

2024-11-07 20:10:21 - [MESSAGE][PASSED] - Text ' ' is set on object 'Object Repository/RAD_Pages/AddressAndContactInfo_Page/input_streetAddress1'

2024-11-07 20:10:21 - [TEST_STEP][PASSED] - setText(findTestObject(orPath_AddressContact + "/input_city"), " "): Text ' ' is set on object 'Object Repository/RAD_Pages/AddressAndContactInfo_Page/input_city'

2024-11-07 20:10:22 - [MESSAGE][PASSED] - Text ' ' is set on object 'Object Repository/RAD_Pages/AddressAndContactInfo_Page/input_city'

2024-11-07 20:10:22 - [TEST_STEP][PASSED] - setText(findTestObject(orPath_AddressContact + "/input_zipCode"), " "): Text ' ' is set on object 'Object Repository/RAD_Pages/AddressAndContactInfo_Page/input_zipCode'

2024-11-07 20:10:22 - [MESSAGE][PASSED] - Text ' ' is set on object 'Object Repository/RAD_Pages/AddressAndContactInfo_Page/input_zipCode'

2024-11-07 20:10:22 - [TEST_STEP][PASSED] - setText(findTestObject(orPath_AddressContact + "/input_phoneNumber"), " "): Text ' ' is set on object 'Object Repository/RAD_Pages/AddressAndContactInfo_Page/input_phoneNumber'

2024-11-07 20:10:23 - [MESSAGE][PASSED] - Text ' ' is set on object 'Object Repository/RAD_Pages/AddressAndContactInfo_Page/input_phoneNumber'

2024-11-07 20:10:23 - [TEST_STEP][PASSED] - setText(findTestObject(orPath_AddressContact + "/input_eMailAddress"), " "): Text ' ' is set on object 'Object Repository/RAD_Pages/AddressAndContactInfo_Page/input_eMailAddress'

2024-11-07 20:10:24 - [MESSAGE][PASSED] - Text ' ' is set on object 'Object Repository/RAD_Pages/AddressAndContactInfo_Page/input_eMailAddress'

2024-11-07 20:10:24 - [TEST_STEP][PASSED] - setText(findTestObject(orPath_AddressContact + "/input_reEnterEMailAddress"), " "): Text ' ' is set on object 'Object Repository/RAD_Pages/AddressAndContactInfo_Page/input_reEnterEMailAddress'

2024-11-07 20:10:25 - [MESSAGE][PASSED] - Text ' ' is set on object 'Object Repository/RAD_Pages/AddressAndContactInfo_Page/input_reEnterEMailAddress'

2024-11-07 20:10:25 - [TEST_STEP][PASSED] - if (TaxType.equalsIgnoreCase("Estate Tax")): null

2024-11-07 20:10:25 - [TEST_STEP][PASSED] - setText(findTestObject(orPath_Amount + "/input__paymentAmount"), ""): Text '' is set on object 'Object Repository/RAD_Pages/PaymentAmount_Page/input__paymentAmount'

2024-11-07 20:10:26 - [MESSAGE][PASSED] - Text '' is set on object 'Object Repository/RAD_Pages/PaymentAmount_Page/input__paymentAmount'

2024-11-07 20:10:26 - [TEST_STEP][PASSED] - resText = "Fail": null

2024-11-07 20:10:26 - [TEST_STEP][PASSED] - pages.WriteExcel.demoKey(resText, datText, resColumn, datCloumn, fileLoc, nameSheet, row): pages.WriteExcel.demoKey is PASSED

2024-11-07 20:10:26 - [MESSAGE][PASSED] - pages.WriteExcel.demoKey is PASSED

2024-11-07 20:10:26 - [TEST_STEP][PASSED] - verifyTextPresent("Enter business name", true, CONTINUE_ON_FAILURE): Text 'Enter business name' is present on page  using regular expression

2024-11-07 20:10:27 - [MESSAGE][PASSED] - Text 'Enter business name' is present on page  using regular expression

2024-11-07 20:10:27 - [TEST_STEP][PASSED] - verifyTextPresent("Enter business rep first name", true, CONTINUE_ON_FAILURE): Text 'Enter business rep first name' is present on page  using regular expression

2024-11-07 20:10:27 - [MESSAGE][PASSED] - Text 'Enter business rep first name' is present on page  using regular expression

2024-11-07 20:10:27 - [TEST_STEP][PASSED] - verifyTextPresent("Enter business rep last name", true, CONTINUE_ON_FAILURE): Text 'Enter business rep last name' is present on page  using regular expression

2024-11-07 20:10:27 - [MESSAGE][PASSED] - Text 'Enter business rep last name' is present on page  using regular expression

2024-11-07 20:10:27 - [TEST_STEP][PASSED] - verifyTextPresent("Enter address", true, CONTINUE_ON_FAILURE): Text 'Enter address' is present on page  using regular expression

2024-11-07 20:10:28 - [MESSAGE][PASSED] - Text 'Enter address' is present on page  using regular expression

2024-11-07 20:10:28 - [TEST_STEP][PASSED] - verifyTextPresent("Enter city", true, CONTINUE_ON_FAILURE): Text 'Enter city' is present on page  using regular expression

2024-11-07 20:10:28 - [MESSAGE][PASSED] - Text 'Enter city' is present on page  using regular expression

2024-11-07 20:10:28 - [TEST_STEP][PASSED] - verifyTextPresent("Enter ZIP code", true, CONTINUE_ON_FAILURE): Text 'Enter ZIP code' is present on page  using regular expression

2024-11-07 20:10:28 - [MESSAGE][PASSED] - Text 'Enter ZIP code' is present on page  using regular expression

2024-11-07 20:10:28 - [TEST_STEP][PASSED] - verifyTextPresent("Enter a valid phone number", true, CONTINUE_ON_FAILURE): Text 'Enter a valid phone number' is present on page  using regular expression

2024-11-07 20:10:29 - [MESSAGE][PASSED] - Text 'Enter a valid phone number' is present on page  using regular expression

2024-11-07 20:10:29 - [TEST_STEP][PASSED] - verifyTextPresent("Enter Email", true, CONTINUE_ON_FAILURE): Text 'Enter Email' is present on page  using regular expression

2024-11-07 20:10:29 - [MESSAGE][PASSED] - Text 'Enter Email' is present on page  using regular expression

2024-11-07 20:10:29 - [TEST_STEP][PASSED] - if (CRN.equalsIgnoreCase("Y")): null

2024-11-07 20:10:29 - [TEST_STEP][PASSED] - setText(findTestObject(orPath_TaxInfo + "/input_MDCRegistrationEL"), " "): Text ' ' is set on object 'Object Repository/RAD_Pages/TaxInfo_Page/input_MDCRegistrationEL'

2024-11-07 20:10:30 - [MESSAGE][PASSED] - Text ' ' is set on object 'Object Repository/RAD_Pages/TaxInfo_Page/input_MDCRegistrationEL'

2024-11-07 20:10:30 - [TEST_STEP][PASSED] - setText(findTestObject(orPath_Amount + "/input__paymentAmount"), ""): Text '' is set on object 'Object Repository/RAD_Pages/PaymentAmount_Page/input__paymentAmount'

2024-11-07 20:10:31 - [MESSAGE][PASSED] - Text '' is set on object 'Object Repository/RAD_Pages/PaymentAmount_Page/input__paymentAmount'

2024-11-07 20:10:31 - [TEST_STEP][PASSED] - if (verifyTextPresent("Enter valid MD Central Registration Number", false)): null

2024-11-07 20:10:32 - [MESSAGE][PASSED] - Text 'Enter valid MD Central Registration Number' is present on page 

2024-11-07 20:10:32 - [TEST_STEP][PASSED] - isRequiredTextPresent = true: null

2024-11-07 20:10:32 - [TEST_STEP][PASSED] - if (MFLicNum.equalsIgnoreCase("Y")): null

2024-11-07 20:10:32 - [TEST_STEP][PASSED] - if (isRequiredTextPresent == true): pages.WriteExcel.demoKey is PASSED

2024-11-07 20:10:32 - [TEST_STEP][PASSED] - println("All the relevant texts are present"): null

2024-11-07 20:10:32 - [TEST_STEP][PASSED] - markPassed("All the relevant texts are present"): All the relevant texts are present

2024-11-07 20:10:32 - [MESSAGE][PASSED] - All the relevant texts are present

2024-11-07 20:10:32 - [TEST_STEP][PASSED] - resText = "Pass": null

2024-11-07 20:10:32 - [TEST_STEP][PASSED] - pages.WriteExcel.demoKey(resText, datText, resColumn, datCloumn, fileLoc, nameSheet, row): pages.WriteExcel.demoKey is PASSED

2024-11-07 20:10:32 - [MESSAGE][PASSED] - pages.WriteExcel.demoKey is PASSED

2024-11-07 20:10:32 - [TEST_STEP][PASSED] - ExecuteTC = findTestData(dataFile).getValue("Execute", row): null

2024-11-07 20:10:32 - [TEST_STEP][PASSED] - TaxType = findTestData(dataFile).getValue("TaxType", row): null

2024-11-07 20:10:32 - [TEST_STEP][PASSED] - PaymentType = findTestData(dataFile).getValue("PaymentType", row): null

2024-11-07 20:10:32 - [TEST_STEP][PASSED] - feinSsn = findTestData(dataFile).getValue("FEINSSN", row): null

2024-11-07 20:10:32 - [TEST_STEP][PASSED] - CRN = findTestData(dataFile).getValue("CRN", row): null

2024-11-07 20:10:32 - [TEST_STEP][PASSED] - MFLicNum = findTestData(dataFile).getValue("MFLicNum", row): null

2024-11-07 20:10:32 - [TEST_STEP][PASSED] - if (ExecuteTC.equalsIgnoreCase("Y")): pages.WriteExcel.demoKey is PASSED

2024-11-07 20:10:32 - [TEST_STEP][PASSED] - out.println("Begin Record Number: " + row): null

2024-11-07 20:10:32 - [TEST_STEP][PASSED] - today = new java.util.Date(): null

2024-11-07 20:10:32 - [TEST_STEP][PASSED] - println(today): null

2024-11-07 20:10:32 - [TEST_STEP][PASSED] - datText = today: null

2024-11-07 20:10:32 - [TEST_STEP][PASSED] - logInfo("Payment Type: Existing Liability with Notice/Invoice Number"): Payment Type: Existing Liability with Notice/Invoice Number

2024-11-07 20:10:32 - [MESSAGE][INFO] - Payment Type: Existing Liability with Notice/Invoice Number

2024-11-07 20:10:32 - [TEST_STEP][PASSED] - logInfo("Tax Type: " + TaxType): Tax Type: Motor Fuel Tax

2024-11-07 20:10:32 - [MESSAGE][INFO] - Tax Type: Motor Fuel Tax

2024-11-07 20:10:32 - [TEST_STEP][PASSED] - openBrowser(""): Browser is opened with url: ''

2024-11-07 20:10:32 - [MESSAGE][WARNING] - A browser is already opened. Closing browser and opening a new one

2024-11-07 20:10:34 - [MESSAGE][INFO] - Starting 'Chrome' driver

2024-11-07 20:10:34 - [MESSAGE][INFO] - User set preference: ['acceptInsecureCerts', 'true']

2024-11-07 20:10:34 - [MESSAGE][INFO] - Action delay is set to 0 milliseconds

2024-11-07 20:10:36 - [MESSAGE][PASSED] - Browser is opened with url: ''

2024-11-07 20:10:36 - [TEST_STEP][PASSED] - maximizeWindow(): Current window maximized

2024-11-07 20:10:36 - [MESSAGE][PASSED] - Current window maximized

2024-11-07 20:10:36 - [TEST_STEP][PASSED] - navigateToUrl(RADurl): Navigate to 'https://www.velocitypayment.com/client/rad/index.html' successfully

2024-11-07 20:10:39 - [MESSAGE][PASSED] - Navigate to 'https://www.velocitypayment.com/client/rad/index.html' successfully

2024-11-07 20:10:39 - [TEST_STEP][PASSED] - selectOptionByLabel(findTestObject(orPath_Landing + "/dd_TaxType"), "Existing Liability with Notice/Invoice Number", false): All options with label 'Existing Liability with Notice/Invoice Number' are selected in object 'Object Repository/RAD_Pages/Landing_Page/dd_TaxType' 

2024-11-07 20:10:40 - [MESSAGE][PASSED] - All options with label 'Existing Liability with Notice/Invoice Number' are selected in object 'Object Repository/RAD_Pages/Landing_Page/dd_TaxType' 

2024-11-07 20:10:40 - [TEST_STEP][PASSED] - selectOptionByLabel(findTestObject(orPath_TaxTypeFilingYear + "/select_TaxType_ExistingLiability"), TaxType, false): All options with label 'Motor Fuel Tax' are selected in object 'Object Repository/RAD_Pages/TaxTypeFilingYear_Page/select_TaxType_ExistingLiability' 

2024-11-07 20:10:41 - [MESSAGE][PASSED] - All options with label 'Motor Fuel Tax' are selected in object 'Object Repository/RAD_Pages/TaxTypeFilingYear_Page/select_TaxType_ExistingLiability' 

2024-11-07 20:10:41 - [TEST_STEP][PASSED] - setText(findTestObject(orPath_TaxPayer + "/input_businessName"), " "): Text ' ' is set on object 'Object Repository/RAD_Pages/Taxpayer_Page/input_businessName'

2024-11-07 20:10:42 - [MESSAGE][PASSED] - Text ' ' is set on object 'Object Repository/RAD_Pages/Taxpayer_Page/input_businessName'

2024-11-07 20:10:42 - [TEST_STEP][PASSED] - setText(findTestObject(orPath_TaxPayer + "/input_BusinessRepfirstName"), " "): Text ' ' is set on object 'Object Repository/RAD_Pages/Taxpayer_Page/input_BusinessRepfirstName'

2024-11-07 20:10:42 - [MESSAGE][PASSED] - Text ' ' is set on object 'Object Repository/RAD_Pages/Taxpayer_Page/input_BusinessRepfirstName'

2024-11-07 20:10:42 - [TEST_STEP][PASSED] - setText(findTestObject(orPath_TaxPayer + "/input_BusinessReplastName"), " "): Text ' ' is set on object 'Object Repository/RAD_Pages/Taxpayer_Page/input_BusinessReplastName'

2024-11-07 20:10:43 - [MESSAGE][PASSED] - Text ' ' is set on object 'Object Repository/RAD_Pages/Taxpayer_Page/input_BusinessReplastName'

2024-11-07 20:10:43 - [TEST_STEP][PASSED] - setText(findTestObject(orPath_AddressContact + "/input_streetAddress1"), " "): Text ' ' is set on object 'Object Repository/RAD_Pages/AddressAndContactInfo_Page/input_streetAddress1'

2024-11-07 20:10:44 - [MESSAGE][PASSED] - Text ' ' is set on object 'Object Repository/RAD_Pages/AddressAndContactInfo_Page/input_streetAddress1'

2024-11-07 20:10:44 - [TEST_STEP][PASSED] - setText(findTestObject(orPath_AddressContact + "/input_city"), " "): Text ' ' is set on object 'Object Repository/RAD_Pages/AddressAndContactInfo_Page/input_city'

2024-11-07 20:10:45 - [MESSAGE][PASSED] - Text ' ' is set on object 'Object Repository/RAD_Pages/AddressAndContactInfo_Page/input_city'

2024-11-07 20:10:45 - [TEST_STEP][PASSED] - setText(findTestObject(orPath_AddressContact + "/input_zipCode"), " "): Text ' ' is set on object 'Object Repository/RAD_Pages/AddressAndContactInfo_Page/input_zipCode'

2024-11-07 20:10:46 - [MESSAGE][PASSED] - Text ' ' is set on object 'Object Repository/RAD_Pages/AddressAndContactInfo_Page/input_zipCode'

2024-11-07 20:10:46 - [TEST_STEP][PASSED] - setText(findTestObject(orPath_AddressContact + "/input_phoneNumber"), " "): Text ' ' is set on object 'Object Repository/RAD_Pages/AddressAndContactInfo_Page/input_phoneNumber'

2024-11-07 20:10:47 - [MESSAGE][PASSED] - Text ' ' is set on object 'Object Repository/RAD_Pages/AddressAndContactInfo_Page/input_phoneNumber'

2024-11-07 20:10:47 - [TEST_STEP][PASSED] - setText(findTestObject(orPath_AddressContact + "/input_eMailAddress"), " "): Text ' ' is set on object 'Object Repository/RAD_Pages/AddressAndContactInfo_Page/input_eMailAddress'

2024-11-07 20:10:49 - [MESSAGE][PASSED] - Text ' ' is set on object 'Object Repository/RAD_Pages/AddressAndContactInfo_Page/input_eMailAddress'

2024-11-07 20:10:49 - [TEST_STEP][PASSED] - setText(findTestObject(orPath_AddressContact + "/input_reEnterEMailAddress"), " "): Text ' ' is set on object 'Object Repository/RAD_Pages/AddressAndContactInfo_Page/input_reEnterEMailAddress'

2024-11-07 20:10:50 - [MESSAGE][PASSED] - Text ' ' is set on object 'Object Repository/RAD_Pages/AddressAndContactInfo_Page/input_reEnterEMailAddress'

2024-11-07 20:10:50 - [TEST_STEP][PASSED] - if (TaxType.equalsIgnoreCase("Estate Tax")): null

2024-11-07 20:10:50 - [TEST_STEP][PASSED] - setText(findTestObject(orPath_Amount + "/input__paymentAmount"), ""): Text '' is set on object 'Object Repository/RAD_Pages/PaymentAmount_Page/input__paymentAmount'

2024-11-07 20:10:52 - [MESSAGE][PASSED] - Text '' is set on object 'Object Repository/RAD_Pages/PaymentAmount_Page/input__paymentAmount'

2024-11-07 20:10:52 - [TEST_STEP][PASSED] - resText = "Fail": null

2024-11-07 20:10:52 - [TEST_STEP][PASSED] - pages.WriteExcel.demoKey(resText, datText, resColumn, datCloumn, fileLoc, nameSheet, row): pages.WriteExcel.demoKey is PASSED

2024-11-07 20:10:52 - [MESSAGE][PASSED] - pages.WriteExcel.demoKey is PASSED

2024-11-07 20:10:52 - [TEST_STEP][PASSED] - verifyTextPresent("Enter business name", true, CONTINUE_ON_FAILURE): Text 'Enter business name' is present on page  using regular expression

2024-11-07 20:10:53 - [MESSAGE][PASSED] - Text 'Enter business name' is present on page  using regular expression

2024-11-07 20:10:53 - [TEST_STEP][PASSED] - verifyTextPresent("Enter business rep first name", true, CONTINUE_ON_FAILURE): Text 'Enter business rep first name' is present on page  using regular expression

2024-11-07 20:10:54 - [MESSAGE][PASSED] - Text 'Enter business rep first name' is present on page  using regular expression

2024-11-07 20:10:54 - [TEST_STEP][PASSED] - verifyTextPresent("Enter business rep last name", true, CONTINUE_ON_FAILURE): Text 'Enter business rep last name' is present on page  using regular expression

2024-11-07 20:10:55 - [MESSAGE][PASSED] - Text 'Enter business rep last name' is present on page  using regular expression

2024-11-07 20:10:55 - [TEST_STEP][PASSED] - verifyTextPresent("Enter address", true, CONTINUE_ON_FAILURE): Text 'Enter address' is present on page  using regular expression

2024-11-07 20:10:55 - [MESSAGE][PASSED] - Text 'Enter address' is present on page  using regular expression

2024-11-07 20:10:55 - [TEST_STEP][PASSED] - verifyTextPresent("Enter city", true, CONTINUE_ON_FAILURE): Text 'Enter city' is present on page  using regular expression

2024-11-07 20:10:55 - [MESSAGE][PASSED] - Text 'Enter city' is present on page  using regular expression

2024-11-07 20:10:55 - [TEST_STEP][PASSED] - verifyTextPresent("Enter ZIP code", true, CONTINUE_ON_FAILURE): Text 'Enter ZIP code' is present on page  using regular expression

2024-11-07 20:10:56 - [MESSAGE][PASSED] - Text 'Enter ZIP code' is present on page  using regular expression

2024-11-07 20:10:56 - [TEST_STEP][PASSED] - verifyTextPresent("Enter a valid phone number", true, CONTINUE_ON_FAILURE): Text 'Enter a valid phone number' is present on page  using regular expression

2024-11-07 20:10:56 - [MESSAGE][PASSED] - Text 'Enter a valid phone number' is present on page  using regular expression

2024-11-07 20:10:56 - [TEST_STEP][PASSED] - verifyTextPresent("Enter Email", true, CONTINUE_ON_FAILURE): Text 'Enter Email' is present on page  using regular expression

2024-11-07 20:10:57 - [MESSAGE][PASSED] - Text 'Enter Email' is present on page  using regular expression

2024-11-07 20:10:57 - [TEST_STEP][PASSED] - if (CRN.equalsIgnoreCase("Y")): null

2024-11-07 20:10:57 - [TEST_STEP][PASSED] - if (MFLicNum.equalsIgnoreCase("Y")): null

2024-11-07 20:10:57 - [TEST_STEP][PASSED] - setText(findTestObject(orPath_TaxInfo + "/input_MFLicenseExtLi"), " "): Text ' ' is set on object 'Object Repository/RAD_Pages/TaxInfo_Page/input_MFLicenseExtLi'

2024-11-07 20:10:58 - [MESSAGE][PASSED] - Text ' ' is set on object 'Object Repository/RAD_Pages/TaxInfo_Page/input_MFLicenseExtLi'

2024-11-07 20:10:58 - [TEST_STEP][PASSED] - setText(findTestObject(orPath_Amount + "/input__paymentAmount"), ""): Text '' is set on object 'Object Repository/RAD_Pages/PaymentAmount_Page/input__paymentAmount'

2024-11-07 20:10:59 - [MESSAGE][PASSED] - Text '' is set on object 'Object Repository/RAD_Pages/PaymentAmount_Page/input__paymentAmount'

2024-11-07 20:10:59 - [TEST_STEP][PASSED] - if (verifyTextPresent("Motor Fuel License Number must be 5 or 6 digits in length, with a value greater than zero", false)): null

2024-11-07 20:10:59 - [MESSAGE][PASSED] - Text 'Motor Fuel License Number must be 5 or 6 digits in length, with a value greater than zero' is present on page 

2024-11-07 20:10:59 - [TEST_STEP][PASSED] - isRequiredTextPresent = true: null

2024-11-07 20:10:59 - [TEST_STEP][PASSED] - if (isRequiredTextPresent == true): pages.WriteExcel.demoKey is PASSED

2024-11-07 20:10:59 - [TEST_STEP][PASSED] - println("All the relevant texts are present"): null

2024-11-07 20:10:59 - [TEST_STEP][PASSED] - markPassed("All the relevant texts are present"): All the relevant texts are present

2024-11-07 20:10:59 - [MESSAGE][PASSED] - All the relevant texts are present

2024-11-07 20:10:59 - [TEST_STEP][PASSED] - resText = "Pass": null

2024-11-07 20:10:59 - [TEST_STEP][PASSED] - pages.WriteExcel.demoKey(resText, datText, resColumn, datCloumn, fileLoc, nameSheet, row): pages.WriteExcel.demoKey is PASSED

2024-11-07 20:11:00 - [MESSAGE][PASSED] - pages.WriteExcel.demoKey is PASSED

2024-11-07 20:11:00 - [TEST_STEP][PASSED] - ExecuteTC = findTestData(dataFile).getValue("Execute", row): null

2024-11-07 20:11:00 - [TEST_STEP][PASSED] - TaxType = findTestData(dataFile).getValue("TaxType", row): null

2024-11-07 20:11:00 - [TEST_STEP][PASSED] - PaymentType = findTestData(dataFile).getValue("PaymentType", row): null

2024-11-07 20:11:00 - [TEST_STEP][PASSED] - feinSsn = findTestData(dataFile).getValue("FEINSSN", row): null

2024-11-07 20:11:00 - [TEST_STEP][PASSED] - CRN = findTestData(dataFile).getValue("CRN", row): null

2024-11-07 20:11:00 - [TEST_STEP][PASSED] - MFLicNum = findTestData(dataFile).getValue("MFLicNum", row): null

2024-11-07 20:11:00 - [TEST_STEP][PASSED] - if (ExecuteTC.equalsIgnoreCase("Y")): pages.WriteExcel.demoKey is PASSED

2024-11-07 20:11:00 - [TEST_STEP][PASSED] - out.println("Begin Record Number: " + row): null

2024-11-07 20:11:00 - [TEST_STEP][PASSED] - today = new java.util.Date(): null

2024-11-07 20:11:00 - [TEST_STEP][PASSED] - println(today): null

2024-11-07 20:11:00 - [TEST_STEP][PASSED] - datText = today: null

2024-11-07 20:11:00 - [TEST_STEP][PASSED] - logInfo("Payment Type: Existing Liability with Notice/Invoice Number"): Payment Type: Existing Liability with Notice/Invoice Number

2024-11-07 20:11:00 - [MESSAGE][INFO] - Payment Type: Existing Liability with Notice/Invoice Number

2024-11-07 20:11:00 - [TEST_STEP][PASSED] - logInfo("Tax Type: " + TaxType): Tax Type: Slots License Fee

2024-11-07 20:11:00 - [MESSAGE][INFO] - Tax Type: Slots License Fee

2024-11-07 20:11:00 - [TEST_STEP][PASSED] - openBrowser(""): Browser is opened with url: ''

2024-11-07 20:11:00 - [MESSAGE][WARNING] - A browser is already opened. Closing browser and opening a new one

2024-11-07 20:11:08 - [MESSAGE][INFO] - Starting 'Chrome' driver

2024-11-07 20:11:08 - [MESSAGE][INFO] - User set preference: ['acceptInsecureCerts', 'true']

2024-11-07 20:11:08 - [MESSAGE][INFO] - Action delay is set to 0 milliseconds

2024-11-07 20:11:10 - [MESSAGE][PASSED] - Browser is opened with url: ''

2024-11-07 20:11:10 - [TEST_STEP][PASSED] - maximizeWindow(): Current window maximized

2024-11-07 20:11:11 - [MESSAGE][PASSED] - Current window maximized

2024-11-07 20:11:11 - [TEST_STEP][PASSED] - navigateToUrl(RADurl): Navigate to 'https://www.velocitypayment.com/client/rad/index.html' successfully

2024-11-07 20:11:14 - [MESSAGE][PASSED] - Navigate to 'https://www.velocitypayment.com/client/rad/index.html' successfully

2024-11-07 20:11:14 - [TEST_STEP][PASSED] - selectOptionByLabel(findTestObject(orPath_Landing + "/dd_TaxType"), "Existing Liability with Notice/Invoice Number", false): All options with label 'Existing Liability with Notice/Invoice Number' are selected in object 'Object Repository/RAD_Pages/Landing_Page/dd_TaxType' 

2024-11-07 20:11:15 - [MESSAGE][PASSED] - All options with label 'Existing Liability with Notice/Invoice Number' are selected in object 'Object Repository/RAD_Pages/Landing_Page/dd_TaxType' 

2024-11-07 20:11:15 - [TEST_STEP][PASSED] - selectOptionByLabel(findTestObject(orPath_TaxTypeFilingYear + "/select_TaxType_ExistingLiability"), TaxType, false): All options with label 'Slots License Fee' are selected in object 'Object Repository/RAD_Pages/TaxTypeFilingYear_Page/select_TaxType_ExistingLiability' 

2024-11-07 20:11:16 - [MESSAGE][PASSED] - All options with label 'Slots License Fee' are selected in object 'Object Repository/RAD_Pages/TaxTypeFilingYear_Page/select_TaxType_ExistingLiability' 

2024-11-07 20:11:16 - [TEST_STEP][PASSED] - setText(findTestObject(orPath_TaxPayer + "/input_businessName"), " "): Text ' ' is set on object 'Object Repository/RAD_Pages/Taxpayer_Page/input_businessName'

2024-11-07 20:11:17 - [MESSAGE][PASSED] - Text ' ' is set on object 'Object Repository/RAD_Pages/Taxpayer_Page/input_businessName'

2024-11-07 20:11:17 - [TEST_STEP][PASSED] - setText(findTestObject(orPath_TaxPayer + "/input_BusinessRepfirstName"), " "): Text ' ' is set on object 'Object Repository/RAD_Pages/Taxpayer_Page/input_BusinessRepfirstName'

2024-11-07 20:11:18 - [MESSAGE][PASSED] - Text ' ' is set on object 'Object Repository/RAD_Pages/Taxpayer_Page/input_BusinessRepfirstName'

2024-11-07 20:11:18 - [TEST_STEP][PASSED] - setText(findTestObject(orPath_TaxPayer + "/input_BusinessReplastName"), " "): Text ' ' is set on object 'Object Repository/RAD_Pages/Taxpayer_Page/input_BusinessReplastName'

2024-11-07 20:11:19 - [MESSAGE][PASSED] - Text ' ' is set on object 'Object Repository/RAD_Pages/Taxpayer_Page/input_BusinessReplastName'

2024-11-07 20:11:19 - [TEST_STEP][PASSED] - setText(findTestObject(orPath_AddressContact + "/input_streetAddress1"), " "): Text ' ' is set on object 'Object Repository/RAD_Pages/AddressAndContactInfo_Page/input_streetAddress1'

2024-11-07 20:11:20 - [MESSAGE][PASSED] - Text ' ' is set on object 'Object Repository/RAD_Pages/AddressAndContactInfo_Page/input_streetAddress1'

2024-11-07 20:11:20 - [TEST_STEP][PASSED] - setText(findTestObject(orPath_AddressContact + "/input_city"), " "): Text ' ' is set on object 'Object Repository/RAD_Pages/AddressAndContactInfo_Page/input_city'

2024-11-07 20:11:20 - [MESSAGE][PASSED] - Text ' ' is set on object 'Object Repository/RAD_Pages/AddressAndContactInfo_Page/input_city'

2024-11-07 20:11:20 - [TEST_STEP][PASSED] - setText(findTestObject(orPath_AddressContact + "/input_zipCode"), " "): Text ' ' is set on object 'Object Repository/RAD_Pages/AddressAndContactInfo_Page/input_zipCode'

2024-11-07 20:11:21 - [MESSAGE][PASSED] - Text ' ' is set on object 'Object Repository/RAD_Pages/AddressAndContactInfo_Page/input_zipCode'

2024-11-07 20:11:21 - [TEST_STEP][PASSED] - setText(findTestObject(orPath_AddressContact + "/input_phoneNumber"), " "): Text ' ' is set on object 'Object Repository/RAD_Pages/AddressAndContactInfo_Page/input_phoneNumber'

2024-11-07 20:11:22 - [MESSAGE][PASSED] - Text ' ' is set on object 'Object Repository/RAD_Pages/AddressAndContactInfo_Page/input_phoneNumber'

2024-11-07 20:11:22 - [TEST_STEP][PASSED] - setText(findTestObject(orPath_AddressContact + "/input_eMailAddress"), " "): Text ' ' is set on object 'Object Repository/RAD_Pages/AddressAndContactInfo_Page/input_eMailAddress'

2024-11-07 20:11:23 - [MESSAGE][PASSED] - Text ' ' is set on object 'Object Repository/RAD_Pages/AddressAndContactInfo_Page/input_eMailAddress'

2024-11-07 20:11:23 - [TEST_STEP][PASSED] - setText(findTestObject(orPath_AddressContact + "/input_reEnterEMailAddress"), " "): Text ' ' is set on object 'Object Repository/RAD_Pages/AddressAndContactInfo_Page/input_reEnterEMailAddress'

2024-11-07 20:11:23 - [MESSAGE][PASSED] - Text ' ' is set on object 'Object Repository/RAD_Pages/AddressAndContactInfo_Page/input_reEnterEMailAddress'

2024-11-07 20:11:23 - [TEST_STEP][PASSED] - if (TaxType.equalsIgnoreCase("Estate Tax")): null

2024-11-07 20:11:23 - [TEST_STEP][PASSED] - setText(findTestObject(orPath_Amount + "/input__paymentAmount"), ""): Text '' is set on object 'Object Repository/RAD_Pages/PaymentAmount_Page/input__paymentAmount'

2024-11-07 20:11:24 - [MESSAGE][PASSED] - Text '' is set on object 'Object Repository/RAD_Pages/PaymentAmount_Page/input__paymentAmount'

2024-11-07 20:11:24 - [TEST_STEP][PASSED] - resText = "Fail": null

2024-11-07 20:11:24 - [TEST_STEP][PASSED] - pages.WriteExcel.demoKey(resText, datText, resColumn, datCloumn, fileLoc, nameSheet, row): pages.WriteExcel.demoKey is PASSED

2024-11-07 20:11:24 - [MESSAGE][PASSED] - pages.WriteExcel.demoKey is PASSED

2024-11-07 20:11:24 - [TEST_STEP][PASSED] - verifyTextPresent("Enter business name", true, CONTINUE_ON_FAILURE): Text 'Enter business name' is present on page  using regular expression

2024-11-07 20:11:25 - [MESSAGE][PASSED] - Text 'Enter business name' is present on page  using regular expression

2024-11-07 20:11:25 - [TEST_STEP][PASSED] - verifyTextPresent("Enter business rep first name", true, CONTINUE_ON_FAILURE): Text 'Enter business rep first name' is present on page  using regular expression

2024-11-07 20:11:25 - [MESSAGE][PASSED] - Text 'Enter business rep first name' is present on page  using regular expression

2024-11-07 20:11:25 - [TEST_STEP][PASSED] - verifyTextPresent("Enter business rep last name", true, CONTINUE_ON_FAILURE): Text 'Enter business rep last name' is present on page  using regular expression

2024-11-07 20:11:26 - [MESSAGE][PASSED] - Text 'Enter business rep last name' is present on page  using regular expression

2024-11-07 20:11:26 - [TEST_STEP][PASSED] - verifyTextPresent("Enter address", true, CONTINUE_ON_FAILURE): Text 'Enter address' is present on page  using regular expression

2024-11-07 20:11:26 - [MESSAGE][PASSED] - Text 'Enter address' is present on page  using regular expression

2024-11-07 20:11:26 - [TEST_STEP][PASSED] - verifyTextPresent("Enter city", true, CONTINUE_ON_FAILURE): Text 'Enter city' is present on page  using regular expression

2024-11-07 20:11:26 - [MESSAGE][PASSED] - Text 'Enter city' is present on page  using regular expression

2024-11-07 20:11:26 - [TEST_STEP][PASSED] - verifyTextPresent("Enter ZIP code", true, CONTINUE_ON_FAILURE): Text 'Enter ZIP code' is present on page  using regular expression

2024-11-07 20:11:27 - [MESSAGE][PASSED] - Text 'Enter ZIP code' is present on page  using regular expression

2024-11-07 20:11:27 - [TEST_STEP][PASSED] - verifyTextPresent("Enter a valid phone number", true, CONTINUE_ON_FAILURE): Text 'Enter a valid phone number' is present on page  using regular expression

2024-11-07 20:11:27 - [MESSAGE][PASSED] - Text 'Enter a valid phone number' is present on page  using regular expression

2024-11-07 20:11:27 - [TEST_STEP][PASSED] - verifyTextPresent("Enter Email", true, CONTINUE_ON_FAILURE): Text 'Enter Email' is present on page  using regular expression

2024-11-07 20:11:27 - [MESSAGE][PASSED] - Text 'Enter Email' is present on page  using regular expression

2024-11-07 20:11:27 - [TEST_STEP][PASSED] - if (CRN.equalsIgnoreCase("Y")): null

2024-11-07 20:11:27 - [TEST_STEP][PASSED] - if (MFLicNum.equalsIgnoreCase("Y")): null

2024-11-07 20:11:27 - [TEST_STEP][PASSED] - if (isRequiredTextPresent == true): pages.WriteExcel.demoKey is PASSED

2024-11-07 20:11:27 - [TEST_STEP][PASSED] - println("All the relevant texts are present"): null

2024-11-07 20:11:27 - [TEST_STEP][PASSED] - markPassed("All the relevant texts are present"): All the relevant texts are present

2024-11-07 20:11:27 - [MESSAGE][PASSED] - All the relevant texts are present

2024-11-07 20:11:27 - [TEST_STEP][PASSED] - resText = "Pass": null

2024-11-07 20:11:27 - [TEST_STEP][PASSED] - pages.WriteExcel.demoKey(resText, datText, resColumn, datCloumn, fileLoc, nameSheet, row): pages.WriteExcel.demoKey is PASSED

2024-11-07 20:11:27 - [MESSAGE][PASSED] - pages.WriteExcel.demoKey is PASSED

2024-11-07 20:11:27 - [TEST_STEP][PASSED] - ExecuteTC = findTestData(dataFile).getValue("Execute", row): null

2024-11-07 20:11:27 - [TEST_STEP][PASSED] - TaxType = findTestData(dataFile).getValue("TaxType", row): null

2024-11-07 20:11:27 - [TEST_STEP][PASSED] - PaymentType = findTestData(dataFile).getValue("PaymentType", row): null

2024-11-07 20:11:27 - [TEST_STEP][PASSED] - feinSsn = findTestData(dataFile).getValue("FEINSSN", row): null

2024-11-07 20:11:28 - [TEST_STEP][PASSED] - CRN = findTestData(dataFile).getValue("CRN", row): null

2024-11-07 20:11:28 - [TEST_STEP][PASSED] - MFLicNum = findTestData(dataFile).getValue("MFLicNum", row): null

2024-11-07 20:11:28 - [TEST_STEP][PASSED] - if (ExecuteTC.equalsIgnoreCase("Y")): pages.WriteExcel.demoKey is PASSED

2024-11-07 20:11:28 - [TEST_STEP][PASSED] - out.println("Begin Record Number: " + row): null

2024-11-07 20:11:28 - [TEST_STEP][PASSED] - today = new java.util.Date(): null

2024-11-07 20:11:28 - [TEST_STEP][PASSED] - println(today): null

2024-11-07 20:11:28 - [TEST_STEP][PASSED] - datText = today: null

2024-11-07 20:11:28 - [TEST_STEP][PASSED] - logInfo("Payment Type: Existing Liability with Notice/Invoice Number"): Payment Type: Existing Liability with Notice/Invoice Number

2024-11-07 20:11:28 - [MESSAGE][INFO] - Payment Type: Existing Liability with Notice/Invoice Number

2024-11-07 20:11:28 - [TEST_STEP][PASSED] - logInfo("Tax Type: " + TaxType): Tax Type: Tobacco Tax

2024-11-07 20:11:28 - [MESSAGE][INFO] - Tax Type: Tobacco Tax

2024-11-07 20:11:28 - [TEST_STEP][PASSED] - openBrowser(""): Browser is opened with url: ''

2024-11-07 20:11:28 - [MESSAGE][WARNING] - A browser is already opened. Closing browser and opening a new one

2024-11-07 20:11:29 - [MESSAGE][INFO] - Starting 'Chrome' driver

2024-11-07 20:11:29 - [MESSAGE][INFO] - User set preference: ['acceptInsecureCerts', 'true']

2024-11-07 20:11:29 - [MESSAGE][INFO] - Action delay is set to 0 milliseconds

2024-11-07 20:11:31 - [MESSAGE][PASSED] - Browser is opened with url: ''

2024-11-07 20:11:31 - [TEST_STEP][PASSED] - maximizeWindow(): Current window maximized

2024-11-07 20:11:32 - [MESSAGE][PASSED] - Current window maximized

2024-11-07 20:11:32 - [TEST_STEP][PASSED] - navigateToUrl(RADurl): Navigate to 'https://www.velocitypayment.com/client/rad/index.html' successfully

2024-11-07 20:11:34 - [MESSAGE][PASSED] - Navigate to 'https://www.velocitypayment.com/client/rad/index.html' successfully

2024-11-07 20:11:34 - [TEST_STEP][PASSED] - selectOptionByLabel(findTestObject(orPath_Landing + "/dd_TaxType"), "Existing Liability with Notice/Invoice Number", false): All options with label 'Existing Liability with Notice/Invoice Number' are selected in object 'Object Repository/RAD_Pages/Landing_Page/dd_TaxType' 

2024-11-07 20:11:35 - [MESSAGE][PASSED] - All options with label 'Existing Liability with Notice/Invoice Number' are selected in object 'Object Repository/RAD_Pages/Landing_Page/dd_TaxType' 

2024-11-07 20:11:35 - [TEST_STEP][PASSED] - selectOptionByLabel(findTestObject(orPath_TaxTypeFilingYear + "/select_TaxType_ExistingLiability"), TaxType, false): All options with label 'Tobacco Tax' are selected in object 'Object Repository/RAD_Pages/TaxTypeFilingYear_Page/select_TaxType_ExistingLiability' 

2024-11-07 20:11:36 - [MESSAGE][PASSED] - All options with label 'Tobacco Tax' are selected in object 'Object Repository/RAD_Pages/TaxTypeFilingYear_Page/select_TaxType_ExistingLiability' 

2024-11-07 20:11:36 - [TEST_STEP][PASSED] - setText(findTestObject(orPath_TaxPayer + "/input_businessName"), " "): Text ' ' is set on object 'Object Repository/RAD_Pages/Taxpayer_Page/input_businessName'

2024-11-07 20:11:36 - [MESSAGE][PASSED] - Text ' ' is set on object 'Object Repository/RAD_Pages/Taxpayer_Page/input_businessName'

2024-11-07 20:11:36 - [TEST_STEP][PASSED] - setText(findTestObject(orPath_TaxPayer + "/input_BusinessRepfirstName"), " "): Text ' ' is set on object 'Object Repository/RAD_Pages/Taxpayer_Page/input_BusinessRepfirstName'

2024-11-07 20:11:37 - [MESSAGE][PASSED] - Text ' ' is set on object 'Object Repository/RAD_Pages/Taxpayer_Page/input_BusinessRepfirstName'

2024-11-07 20:11:37 - [TEST_STEP][PASSED] - setText(findTestObject(orPath_TaxPayer + "/input_BusinessReplastName"), " "): Text ' ' is set on object 'Object Repository/RAD_Pages/Taxpayer_Page/input_BusinessReplastName'

2024-11-07 20:11:38 - [MESSAGE][PASSED] - Text ' ' is set on object 'Object Repository/RAD_Pages/Taxpayer_Page/input_BusinessReplastName'

2024-11-07 20:11:38 - [TEST_STEP][PASSED] - setText(findTestObject(orPath_AddressContact + "/input_streetAddress1"), " "): Text ' ' is set on object 'Object Repository/RAD_Pages/AddressAndContactInfo_Page/input_streetAddress1'

2024-11-07 20:11:39 - [MESSAGE][PASSED] - Text ' ' is set on object 'Object Repository/RAD_Pages/AddressAndContactInfo_Page/input_streetAddress1'

2024-11-07 20:11:39 - [TEST_STEP][PASSED] - setText(findTestObject(orPath_AddressContact + "/input_city"), " "): Text ' ' is set on object 'Object Repository/RAD_Pages/AddressAndContactInfo_Page/input_city'

2024-11-07 20:11:39 - [MESSAGE][PASSED] - Text ' ' is set on object 'Object Repository/RAD_Pages/AddressAndContactInfo_Page/input_city'

2024-11-07 20:11:39 - [TEST_STEP][PASSED] - setText(findTestObject(orPath_AddressContact + "/input_zipCode"), " "): Text ' ' is set on object 'Object Repository/RAD_Pages/AddressAndContactInfo_Page/input_zipCode'

2024-11-07 20:11:40 - [MESSAGE][PASSED] - Text ' ' is set on object 'Object Repository/RAD_Pages/AddressAndContactInfo_Page/input_zipCode'

2024-11-07 20:11:40 - [TEST_STEP][PASSED] - setText(findTestObject(orPath_AddressContact + "/input_phoneNumber"), " "): Text ' ' is set on object 'Object Repository/RAD_Pages/AddressAndContactInfo_Page/input_phoneNumber'

2024-11-07 20:11:41 - [MESSAGE][PASSED] - Text ' ' is set on object 'Object Repository/RAD_Pages/AddressAndContactInfo_Page/input_phoneNumber'

2024-11-07 20:11:41 - [TEST_STEP][PASSED] - setText(findTestObject(orPath_AddressContact + "/input_eMailAddress"), " "): Text ' ' is set on object 'Object Repository/RAD_Pages/AddressAndContactInfo_Page/input_eMailAddress'

2024-11-07 20:11:42 - [MESSAGE][PASSED] - Text ' ' is set on object 'Object Repository/RAD_Pages/AddressAndContactInfo_Page/input_eMailAddress'

2024-11-07 20:11:42 - [TEST_STEP][PASSED] - setText(findTestObject(orPath_AddressContact + "/input_reEnterEMailAddress"), " "): Text ' ' is set on object 'Object Repository/RAD_Pages/AddressAndContactInfo_Page/input_reEnterEMailAddress'

2024-11-07 20:11:42 - [MESSAGE][PASSED] - Text ' ' is set on object 'Object Repository/RAD_Pages/AddressAndContactInfo_Page/input_reEnterEMailAddress'

2024-11-07 20:11:42 - [TEST_STEP][PASSED] - if (TaxType.equalsIgnoreCase("Estate Tax")): null

2024-11-07 20:11:42 - [TEST_STEP][PASSED] - setText(findTestObject(orPath_Amount + "/input__paymentAmount"), ""): Text '' is set on object 'Object Repository/RAD_Pages/PaymentAmount_Page/input__paymentAmount'

2024-11-07 20:11:43 - [MESSAGE][PASSED] - Text '' is set on object 'Object Repository/RAD_Pages/PaymentAmount_Page/input__paymentAmount'

2024-11-07 20:11:43 - [TEST_STEP][PASSED] - resText = "Fail": null

2024-11-07 20:11:43 - [TEST_STEP][PASSED] - pages.WriteExcel.demoKey(resText, datText, resColumn, datCloumn, fileLoc, nameSheet, row): pages.WriteExcel.demoKey is PASSED

2024-11-07 20:11:43 - [MESSAGE][PASSED] - pages.WriteExcel.demoKey is PASSED

2024-11-07 20:11:43 - [TEST_STEP][PASSED] - verifyTextPresent("Enter business name", true, CONTINUE_ON_FAILURE): Text 'Enter business name' is present on page  using regular expression

2024-11-07 20:11:44 - [MESSAGE][PASSED] - Text 'Enter business name' is present on page  using regular expression

2024-11-07 20:11:44 - [TEST_STEP][PASSED] - verifyTextPresent("Enter business rep first name", true, CONTINUE_ON_FAILURE): Text 'Enter business rep first name' is present on page  using regular expression

2024-11-07 20:11:44 - [MESSAGE][PASSED] - Text 'Enter business rep first name' is present on page  using regular expression

2024-11-07 20:11:44 - [TEST_STEP][PASSED] - verifyTextPresent("Enter business rep last name", true, CONTINUE_ON_FAILURE): Text 'Enter business rep last name' is present on page  using regular expression

2024-11-07 20:11:45 - [MESSAGE][PASSED] - Text 'Enter business rep last name' is present on page  using regular expression

2024-11-07 20:11:45 - [TEST_STEP][PASSED] - verifyTextPresent("Enter address", true, CONTINUE_ON_FAILURE): Text 'Enter address' is present on page  using regular expression

2024-11-07 20:11:45 - [MESSAGE][PASSED] - Text 'Enter address' is present on page  using regular expression

2024-11-07 20:11:45 - [TEST_STEP][PASSED] - verifyTextPresent("Enter city", true, CONTINUE_ON_FAILURE): Text 'Enter city' is present on page  using regular expression

2024-11-07 20:11:45 - [MESSAGE][PASSED] - Text 'Enter city' is present on page  using regular expression

2024-11-07 20:11:45 - [TEST_STEP][PASSED] - verifyTextPresent("Enter ZIP code", true, CONTINUE_ON_FAILURE): Text 'Enter ZIP code' is present on page  using regular expression

2024-11-07 20:11:46 - [MESSAGE][PASSED] - Text 'Enter ZIP code' is present on page  using regular expression

2024-11-07 20:11:46 - [TEST_STEP][PASSED] - verifyTextPresent("Enter a valid phone number", true, CONTINUE_ON_FAILURE): Text 'Enter a valid phone number' is present on page  using regular expression

2024-11-07 20:11:46 - [MESSAGE][PASSED] - Text 'Enter a valid phone number' is present on page  using regular expression

2024-11-07 20:11:46 - [TEST_STEP][PASSED] - verifyTextPresent("Enter Email", true, CONTINUE_ON_FAILURE): Text 'Enter Email' is present on page  using regular expression

2024-11-07 20:11:46 - [MESSAGE][PASSED] - Text 'Enter Email' is present on page  using regular expression

2024-11-07 20:11:46 - [TEST_STEP][PASSED] - if (CRN.equalsIgnoreCase("Y")): null

2024-11-07 20:11:46 - [TEST_STEP][PASSED] - setText(findTestObject(orPath_TaxInfo + "/input_MDCRegistrationEL"), " "): Text ' ' is set on object 'Object Repository/RAD_Pages/TaxInfo_Page/input_MDCRegistrationEL'

2024-11-07 20:11:47 - [MESSAGE][PASSED] - Text ' ' is set on object 'Object Repository/RAD_Pages/TaxInfo_Page/input_MDCRegistrationEL'

2024-11-07 20:11:47 - [TEST_STEP][PASSED] - setText(findTestObject(orPath_Amount + "/input__paymentAmount"), ""): Text '' is set on object 'Object Repository/RAD_Pages/PaymentAmount_Page/input__paymentAmount'

2024-11-07 20:11:47 - [MESSAGE][PASSED] - Text '' is set on object 'Object Repository/RAD_Pages/PaymentAmount_Page/input__paymentAmount'

2024-11-07 20:11:47 - [TEST_STEP][PASSED] - if (verifyTextPresent("Enter valid MD Central Registration Number", false)): null

2024-11-07 20:11:48 - [MESSAGE][PASSED] - Text 'Enter valid MD Central Registration Number' is present on page 

2024-11-07 20:11:48 - [TEST_STEP][PASSED] - isRequiredTextPresent = true: null

2024-11-07 20:11:48 - [TEST_STEP][PASSED] - if (MFLicNum.equalsIgnoreCase("Y")): null

2024-11-07 20:11:48 - [TEST_STEP][PASSED] - if (isRequiredTextPresent == true): pages.WriteExcel.demoKey is PASSED

2024-11-07 20:11:48 - [TEST_STEP][PASSED] - println("All the relevant texts are present"): null

2024-11-07 20:11:48 - [TEST_STEP][PASSED] - markPassed("All the relevant texts are present"): All the relevant texts are present

2024-11-07 20:11:48 - [MESSAGE][PASSED] - All the relevant texts are present

2024-11-07 20:11:48 - [TEST_STEP][PASSED] - resText = "Pass": null

2024-11-07 20:11:48 - [TEST_STEP][PASSED] - pages.WriteExcel.demoKey(resText, datText, resColumn, datCloumn, fileLoc, nameSheet, row): pages.WriteExcel.demoKey is PASSED

2024-11-07 20:11:48 - [MESSAGE][PASSED] - pages.WriteExcel.demoKey is PASSED

2024-11-07 20:11:48 - [TEST_STEP][PASSED] - ExecuteTC = findTestData(dataFile).getValue("Execute", row): null

2024-11-07 20:11:48 - [TEST_STEP][PASSED] - TaxType = findTestData(dataFile).getValue("TaxType", row): null

2024-11-07 20:11:48 - [TEST_STEP][PASSED] - PaymentType = findTestData(dataFile).getValue("PaymentType", row): null

2024-11-07 20:11:48 - [TEST_STEP][PASSED] - feinSsn = findTestData(dataFile).getValue("FEINSSN", row): null

2024-11-07 20:11:48 - [TEST_STEP][PASSED] - CRN = findTestData(dataFile).getValue("CRN", row): null

2024-11-07 20:11:48 - [TEST_STEP][PASSED] - MFLicNum = findTestData(dataFile).getValue("MFLicNum", row): null

2024-11-07 20:11:48 - [TEST_STEP][PASSED] - if (ExecuteTC.equalsIgnoreCase("Y")): pages.WriteExcel.demoKey is PASSED

2024-11-07 20:11:48 - [TEST_STEP][PASSED] - out.println("Begin Record Number: " + row): null

2024-11-07 20:11:48 - [TEST_STEP][PASSED] - today = new java.util.Date(): null

2024-11-07 20:11:48 - [TEST_STEP][PASSED] - println(today): null

2024-11-07 20:11:48 - [TEST_STEP][PASSED] - datText = today: null

2024-11-07 20:11:48 - [TEST_STEP][PASSED] - logInfo("Payment Type: Existing Liability with Notice/Invoice Number"): Payment Type: Existing Liability with Notice/Invoice Number

2024-11-07 20:11:48 - [MESSAGE][INFO] - Payment Type: Existing Liability with Notice/Invoice Number

2024-11-07 20:11:48 - [TEST_STEP][PASSED] - logInfo("Tax Type: " + TaxType): Tax Type: Transportation Network Services

2024-11-07 20:11:48 - [MESSAGE][INFO] - Tax Type: Transportation Network Services

2024-11-07 20:11:48 - [TEST_STEP][PASSED] - openBrowser(""): Browser is opened with url: ''

2024-11-07 20:11:48 - [MESSAGE][WARNING] - A browser is already opened. Closing browser and opening a new one

2024-11-07 20:11:50 - [MESSAGE][INFO] - Starting 'Chrome' driver

2024-11-07 20:11:50 - [MESSAGE][INFO] - User set preference: ['acceptInsecureCerts', 'true']

2024-11-07 20:11:50 - [MESSAGE][INFO] - Action delay is set to 0 milliseconds

2024-11-07 20:11:52 - [MESSAGE][PASSED] - Browser is opened with url: ''

2024-11-07 20:11:52 - [TEST_STEP][PASSED] - maximizeWindow(): Current window maximized

2024-11-07 20:11:52 - [MESSAGE][PASSED] - Current window maximized

2024-11-07 20:11:52 - [TEST_STEP][PASSED] - navigateToUrl(RADurl): Navigate to 'https://www.velocitypayment.com/client/rad/index.html' successfully

2024-11-07 20:11:56 - [MESSAGE][PASSED] - Navigate to 'https://www.velocitypayment.com/client/rad/index.html' successfully

2024-11-07 20:11:56 - [TEST_STEP][PASSED] - selectOptionByLabel(findTestObject(orPath_Landing + "/dd_TaxType"), "Existing Liability with Notice/Invoice Number", false): All options with label 'Existing Liability with Notice/Invoice Number' are selected in object 'Object Repository/RAD_Pages/Landing_Page/dd_TaxType' 

2024-11-07 20:11:56 - [MESSAGE][PASSED] - All options with label 'Existing Liability with Notice/Invoice Number' are selected in object 'Object Repository/RAD_Pages/Landing_Page/dd_TaxType' 

2024-11-07 20:11:56 - [TEST_STEP][PASSED] - selectOptionByLabel(findTestObject(orPath_TaxTypeFilingYear + "/select_TaxType_ExistingLiability"), TaxType, false): All options with label 'Transportation Network Services' are selected in object 'Object Repository/RAD_Pages/TaxTypeFilingYear_Page/select_TaxType_ExistingLiability' 

2024-11-07 20:11:58 - [MESSAGE][PASSED] - All options with label 'Transportation Network Services' are selected in object 'Object Repository/RAD_Pages/TaxTypeFilingYear_Page/select_TaxType_ExistingLiability' 

2024-11-07 20:11:58 - [TEST_STEP][PASSED] - setText(findTestObject(orPath_TaxPayer + "/input_businessName"), " "): Text ' ' is set on object 'Object Repository/RAD_Pages/Taxpayer_Page/input_businessName'

2024-11-07 20:11:59 - [MESSAGE][PASSED] - Text ' ' is set on object 'Object Repository/RAD_Pages/Taxpayer_Page/input_businessName'

2024-11-07 20:11:59 - [TEST_STEP][PASSED] - setText(findTestObject(orPath_TaxPayer + "/input_BusinessRepfirstName"), " "): Text ' ' is set on object 'Object Repository/RAD_Pages/Taxpayer_Page/input_BusinessRepfirstName'

2024-11-07 20:12:00 - [MESSAGE][PASSED] - Text ' ' is set on object 'Object Repository/RAD_Pages/Taxpayer_Page/input_BusinessRepfirstName'

2024-11-07 20:12:00 - [TEST_STEP][PASSED] - setText(findTestObject(orPath_TaxPayer + "/input_BusinessReplastName"), " "): Text ' ' is set on object 'Object Repository/RAD_Pages/Taxpayer_Page/input_BusinessReplastName'

2024-11-07 20:12:01 - [MESSAGE][PASSED] - Text ' ' is set on object 'Object Repository/RAD_Pages/Taxpayer_Page/input_BusinessReplastName'

2024-11-07 20:12:01 - [TEST_STEP][PASSED] - setText(findTestObject(orPath_AddressContact + "/input_streetAddress1"), " "): Text ' ' is set on object 'Object Repository/RAD_Pages/AddressAndContactInfo_Page/input_streetAddress1'

2024-11-07 20:12:01 - [MESSAGE][PASSED] - Text ' ' is set on object 'Object Repository/RAD_Pages/AddressAndContactInfo_Page/input_streetAddress1'

2024-11-07 20:12:01 - [TEST_STEP][PASSED] - setText(findTestObject(orPath_AddressContact + "/input_city"), " "): Text ' ' is set on object 'Object Repository/RAD_Pages/AddressAndContactInfo_Page/input_city'

2024-11-07 20:12:02 - [MESSAGE][PASSED] - Text ' ' is set on object 'Object Repository/RAD_Pages/AddressAndContactInfo_Page/input_city'

2024-11-07 20:12:02 - [TEST_STEP][PASSED] - setText(findTestObject(orPath_AddressContact + "/input_zipCode"), " "): Text ' ' is set on object 'Object Repository/RAD_Pages/AddressAndContactInfo_Page/input_zipCode'

2024-11-07 20:12:04 - [MESSAGE][PASSED] - Text ' ' is set on object 'Object Repository/RAD_Pages/AddressAndContactInfo_Page/input_zipCode'

2024-11-07 20:12:04 - [TEST_STEP][PASSED] - setText(findTestObject(orPath_AddressContact + "/input_phoneNumber"), " "): Text ' ' is set on object 'Object Repository/RAD_Pages/AddressAndContactInfo_Page/input_phoneNumber'

2024-11-07 20:12:05 - [MESSAGE][PASSED] - Text ' ' is set on object 'Object Repository/RAD_Pages/AddressAndContactInfo_Page/input_phoneNumber'

2024-11-07 20:12:05 - [TEST_STEP][PASSED] - setText(findTestObject(orPath_AddressContact + "/input_eMailAddress"), " "): Text ' ' is set on object 'Object Repository/RAD_Pages/AddressAndContactInfo_Page/input_eMailAddress'

2024-11-07 20:12:07 - [MESSAGE][PASSED] - Text ' ' is set on object 'Object Repository/RAD_Pages/AddressAndContactInfo_Page/input_eMailAddress'

2024-11-07 20:12:07 - [TEST_STEP][PASSED] - setText(findTestObject(orPath_AddressContact + "/input_reEnterEMailAddress"), " "): Text ' ' is set on object 'Object Repository/RAD_Pages/AddressAndContactInfo_Page/input_reEnterEMailAddress'

2024-11-07 20:12:09 - [MESSAGE][PASSED] - Text ' ' is set on object 'Object Repository/RAD_Pages/AddressAndContactInfo_Page/input_reEnterEMailAddress'

2024-11-07 20:12:09 - [TEST_STEP][PASSED] - if (TaxType.equalsIgnoreCase("Estate Tax")): null

2024-11-07 20:12:09 - [TEST_STEP][PASSED] - setText(findTestObject(orPath_Amount + "/input__paymentAmount"), ""): Text '' is set on object 'Object Repository/RAD_Pages/PaymentAmount_Page/input__paymentAmount'

2024-11-07 20:12:10 - [MESSAGE][PASSED] - Text '' is set on object 'Object Repository/RAD_Pages/PaymentAmount_Page/input__paymentAmount'

2024-11-07 20:12:10 - [TEST_STEP][PASSED] - resText = "Fail": null

2024-11-07 20:12:10 - [TEST_STEP][PASSED] - pages.WriteExcel.demoKey(resText, datText, resColumn, datCloumn, fileLoc, nameSheet, row): pages.WriteExcel.demoKey is PASSED

2024-11-07 20:12:10 - [MESSAGE][PASSED] - pages.WriteExcel.demoKey is PASSED

2024-11-07 20:12:10 - [TEST_STEP][PASSED] - verifyTextPresent("Enter business name", true, CONTINUE_ON_FAILURE): Text 'Enter business name' is present on page  using regular expression

2024-11-07 20:12:10 - [MESSAGE][PASSED] - Text 'Enter business name' is present on page  using regular expression

2024-11-07 20:12:10 - [TEST_STEP][PASSED] - verifyTextPresent("Enter business rep first name", true, CONTINUE_ON_FAILURE): Text 'Enter business rep first name' is present on page  using regular expression

2024-11-07 20:12:11 - [MESSAGE][PASSED] - Text 'Enter business rep first name' is present on page  using regular expression

2024-11-07 20:12:11 - [TEST_STEP][PASSED] - verifyTextPresent("Enter business rep last name", true, CONTINUE_ON_FAILURE): Text 'Enter business rep last name' is present on page  using regular expression

2024-11-07 20:12:11 - [MESSAGE][PASSED] - Text 'Enter business rep last name' is present on page  using regular expression

2024-11-07 20:12:11 - [TEST_STEP][PASSED] - verifyTextPresent("Enter address", true, CONTINUE_ON_FAILURE): Text 'Enter address' is present on page  using regular expression

2024-11-07 20:12:12 - [MESSAGE][PASSED] - Text 'Enter address' is present on page  using regular expression

2024-11-07 20:12:12 - [TEST_STEP][PASSED] - verifyTextPresent("Enter city", true, CONTINUE_ON_FAILURE): Text 'Enter city' is present on page  using regular expression

2024-11-07 20:12:12 - [MESSAGE][PASSED] - Text 'Enter city' is present on page  using regular expression

2024-11-07 20:12:12 - [TEST_STEP][PASSED] - verifyTextPresent("Enter ZIP code", true, CONTINUE_ON_FAILURE): Text 'Enter ZIP code' is present on page  using regular expression

2024-11-07 20:12:12 - [MESSAGE][PASSED] - Text 'Enter ZIP code' is present on page  using regular expression

2024-11-07 20:12:12 - [TEST_STEP][PASSED] - verifyTextPresent("Enter a valid phone number", true, CONTINUE_ON_FAILURE): Text 'Enter a valid phone number' is present on page  using regular expression

2024-11-07 20:12:13 - [MESSAGE][PASSED] - Text 'Enter a valid phone number' is present on page  using regular expression

2024-11-07 20:12:13 - [TEST_STEP][PASSED] - verifyTextPresent("Enter Email", true, CONTINUE_ON_FAILURE): Text 'Enter Email' is present on page  using regular expression

2024-11-07 20:12:14 - [MESSAGE][PASSED] - Text 'Enter Email' is present on page  using regular expression

2024-11-07 20:12:14 - [TEST_STEP][PASSED] - if (CRN.equalsIgnoreCase("Y")): null

2024-11-07 20:12:14 - [TEST_STEP][PASSED] - setText(findTestObject(orPath_TaxInfo + "/input_MDCRegistrationEL"), " "): Text ' ' is set on object 'Object Repository/RAD_Pages/TaxInfo_Page/input_MDCRegistrationEL'

2024-11-07 20:12:14 - [MESSAGE][PASSED] - Text ' ' is set on object 'Object Repository/RAD_Pages/TaxInfo_Page/input_MDCRegistrationEL'

2024-11-07 20:12:14 - [TEST_STEP][PASSED] - setText(findTestObject(orPath_Amount + "/input__paymentAmount"), ""): Text '' is set on object 'Object Repository/RAD_Pages/PaymentAmount_Page/input__paymentAmount'

2024-11-07 20:12:15 - [MESSAGE][PASSED] - Text '' is set on object 'Object Repository/RAD_Pages/PaymentAmount_Page/input__paymentAmount'

2024-11-07 20:12:15 - [TEST_STEP][PASSED] - if (verifyTextPresent("Enter valid MD Central Registration Number", false)): null

2024-11-07 20:12:15 - [MESSAGE][PASSED] - Text 'Enter valid MD Central Registration Number' is present on page 

2024-11-07 20:12:15 - [TEST_STEP][PASSED] - isRequiredTextPresent = true: null

2024-11-07 20:12:15 - [TEST_STEP][PASSED] - if (MFLicNum.equalsIgnoreCase("Y")): null

2024-11-07 20:12:15 - [TEST_STEP][PASSED] - if (isRequiredTextPresent == true): pages.WriteExcel.demoKey is PASSED

2024-11-07 20:12:15 - [TEST_STEP][PASSED] - println("All the relevant texts are present"): null

2024-11-07 20:12:15 - [TEST_STEP][PASSED] - markPassed("All the relevant texts are present"): All the relevant texts are present

2024-11-07 20:12:15 - [MESSAGE][PASSED] - All the relevant texts are present

2024-11-07 20:12:15 - [TEST_STEP][PASSED] - resText = "Pass": null

2024-11-07 20:12:15 - [TEST_STEP][PASSED] - pages.WriteExcel.demoKey(resText, datText, resColumn, datCloumn, fileLoc, nameSheet, row): pages.WriteExcel.demoKey is PASSED

2024-11-07 20:12:15 - [MESSAGE][PASSED] - pages.WriteExcel.demoKey is PASSED

2024-11-07 20:12:15 - [TEST_STEP][PASSED] - ExecuteTC = findTestData(dataFile).getValue("Execute", row): null

2024-11-07 20:12:15 - [TEST_STEP][PASSED] - TaxType = findTestData(dataFile).getValue("TaxType", row): null

2024-11-07 20:12:16 - [TEST_STEP][PASSED] - PaymentType = findTestData(dataFile).getValue("PaymentType", row): null

2024-11-07 20:12:16 - [TEST_STEP][PASSED] - feinSsn = findTestData(dataFile).getValue("FEINSSN", row): null

2024-11-07 20:12:16 - [TEST_STEP][PASSED] - CRN = findTestData(dataFile).getValue("CRN", row): null

2024-11-07 20:12:16 - [TEST_STEP][PASSED] - MFLicNum = findTestData(dataFile).getValue("MFLicNum", row): null

2024-11-07 20:12:16 - [TEST_STEP][PASSED] - if (ExecuteTC.equalsIgnoreCase("Y")): pages.WriteExcel.demoKey is PASSED

2024-11-07 20:12:16 - [TEST_STEP][PASSED] - out.println("Begin Record Number: " + row): null

2024-11-07 20:12:16 - [TEST_STEP][PASSED] - today = new java.util.Date(): null

2024-11-07 20:12:16 - [TEST_STEP][PASSED] - println(today): null

2024-11-07 20:12:16 - [TEST_STEP][PASSED] - datText = today: null

2024-11-07 20:12:16 - [TEST_STEP][PASSED] - logInfo("Payment Type: Existing Liability with Notice/Invoice Number"): Payment Type: Existing Liability with Notice/Invoice Number

2024-11-07 20:12:16 - [MESSAGE][INFO] - Payment Type: Existing Liability with Notice/Invoice Number

2024-11-07 20:12:16 - [TEST_STEP][PASSED] - logInfo("Tax Type: " + TaxType): Tax Type: Unclaimed Property

2024-11-07 20:12:16 - [MESSAGE][INFO] - Tax Type: Unclaimed Property

2024-11-07 20:12:16 - [TEST_STEP][PASSED] - openBrowser(""): Browser is opened with url: ''

2024-11-07 20:12:16 - [MESSAGE][WARNING] - A browser is already opened. Closing browser and opening a new one

2024-11-07 20:12:20 - [MESSAGE][INFO] - Starting 'Chrome' driver

2024-11-07 20:12:20 - [MESSAGE][INFO] - User set preference: ['acceptInsecureCerts', 'true']

2024-11-07 20:12:20 - [MESSAGE][INFO] - Action delay is set to 0 milliseconds

2024-11-07 20:12:23 - [MESSAGE][PASSED] - Browser is opened with url: ''

2024-11-07 20:12:23 - [TEST_STEP][PASSED] - maximizeWindow(): Current window maximized

2024-11-07 20:12:23 - [MESSAGE][PASSED] - Current window maximized

2024-11-07 20:12:23 - [TEST_STEP][PASSED] - navigateToUrl(RADurl): Navigate to 'https://www.velocitypayment.com/client/rad/index.html' successfully

2024-11-07 20:12:25 - [MESSAGE][PASSED] - Navigate to 'https://www.velocitypayment.com/client/rad/index.html' successfully

2024-11-07 20:12:25 - [TEST_STEP][PASSED] - selectOptionByLabel(findTestObject(orPath_Landing + "/dd_TaxType"), "Existing Liability with Notice/Invoice Number", false): All options with label 'Existing Liability with Notice/Invoice Number' are selected in object 'Object Repository/RAD_Pages/Landing_Page/dd_TaxType' 

2024-11-07 20:12:26 - [MESSAGE][PASSED] - All options with label 'Existing Liability with Notice/Invoice Number' are selected in object 'Object Repository/RAD_Pages/Landing_Page/dd_TaxType' 

2024-11-07 20:12:26 - [TEST_STEP][PASSED] - selectOptionByLabel(findTestObject(orPath_TaxTypeFilingYear + "/select_TaxType_ExistingLiability"), TaxType, false): All options with label 'Unclaimed Property' are selected in object 'Object Repository/RAD_Pages/TaxTypeFilingYear_Page/select_TaxType_ExistingLiability' 

2024-11-07 20:12:27 - [MESSAGE][PASSED] - All options with label 'Unclaimed Property' are selected in object 'Object Repository/RAD_Pages/TaxTypeFilingYear_Page/select_TaxType_ExistingLiability' 

2024-11-07 20:12:27 - [TEST_STEP][PASSED] - setText(findTestObject(orPath_TaxPayer + "/input_businessName"), " "): Text ' ' is set on object 'Object Repository/RAD_Pages/Taxpayer_Page/input_businessName'

2024-11-07 20:12:28 - [MESSAGE][PASSED] - Text ' ' is set on object 'Object Repository/RAD_Pages/Taxpayer_Page/input_businessName'

2024-11-07 20:12:28 - [TEST_STEP][PASSED] - setText(findTestObject(orPath_TaxPayer + "/input_BusinessRepfirstName"), " "): Text ' ' is set on object 'Object Repository/RAD_Pages/Taxpayer_Page/input_BusinessRepfirstName'

2024-11-07 20:12:28 - [MESSAGE][PASSED] - Text ' ' is set on object 'Object Repository/RAD_Pages/Taxpayer_Page/input_BusinessRepfirstName'

2024-11-07 20:12:28 - [TEST_STEP][PASSED] - setText(findTestObject(orPath_TaxPayer + "/input_BusinessReplastName"), " "): Text ' ' is set on object 'Object Repository/RAD_Pages/Taxpayer_Page/input_BusinessReplastName'

2024-11-07 20:12:29 - [MESSAGE][PASSED] - Text ' ' is set on object 'Object Repository/RAD_Pages/Taxpayer_Page/input_BusinessReplastName'

2024-11-07 20:12:29 - [TEST_STEP][PASSED] - setText(findTestObject(orPath_AddressContact + "/input_streetAddress1"), " "): Text ' ' is set on object 'Object Repository/RAD_Pages/AddressAndContactInfo_Page/input_streetAddress1'

2024-11-07 20:12:30 - [MESSAGE][PASSED] - Text ' ' is set on object 'Object Repository/RAD_Pages/AddressAndContactInfo_Page/input_streetAddress1'

2024-11-07 20:12:30 - [TEST_STEP][PASSED] - setText(findTestObject(orPath_AddressContact + "/input_city"), " "): Text ' ' is set on object 'Object Repository/RAD_Pages/AddressAndContactInfo_Page/input_city'

2024-11-07 20:12:31 - [MESSAGE][PASSED] - Text ' ' is set on object 'Object Repository/RAD_Pages/AddressAndContactInfo_Page/input_city'

2024-11-07 20:12:31 - [TEST_STEP][PASSED] - setText(findTestObject(orPath_AddressContact + "/input_zipCode"), " "): Text ' ' is set on object 'Object Repository/RAD_Pages/AddressAndContactInfo_Page/input_zipCode'

2024-11-07 20:12:32 - [MESSAGE][PASSED] - Text ' ' is set on object 'Object Repository/RAD_Pages/AddressAndContactInfo_Page/input_zipCode'

2024-11-07 20:12:32 - [TEST_STEP][PASSED] - setText(findTestObject(orPath_AddressContact + "/input_phoneNumber"), " "): Text ' ' is set on object 'Object Repository/RAD_Pages/AddressAndContactInfo_Page/input_phoneNumber'

2024-11-07 20:12:32 - [MESSAGE][PASSED] - Text ' ' is set on object 'Object Repository/RAD_Pages/AddressAndContactInfo_Page/input_phoneNumber'

2024-11-07 20:12:32 - [TEST_STEP][PASSED] - setText(findTestObject(orPath_AddressContact + "/input_eMailAddress"), " "): Text ' ' is set on object 'Object Repository/RAD_Pages/AddressAndContactInfo_Page/input_eMailAddress'

2024-11-07 20:12:33 - [MESSAGE][PASSED] - Text ' ' is set on object 'Object Repository/RAD_Pages/AddressAndContactInfo_Page/input_eMailAddress'

2024-11-07 20:12:33 - [TEST_STEP][PASSED] - setText(findTestObject(orPath_AddressContact + "/input_reEnterEMailAddress"), " "): Text ' ' is set on object 'Object Repository/RAD_Pages/AddressAndContactInfo_Page/input_reEnterEMailAddress'

2024-11-07 20:12:34 - [MESSAGE][PASSED] - Text ' ' is set on object 'Object Repository/RAD_Pages/AddressAndContactInfo_Page/input_reEnterEMailAddress'

2024-11-07 20:12:34 - [TEST_STEP][PASSED] - if (TaxType.equalsIgnoreCase("Estate Tax")): null

2024-11-07 20:12:34 - [TEST_STEP][PASSED] - setText(findTestObject(orPath_Amount + "/input__paymentAmount"), ""): Text '' is set on object 'Object Repository/RAD_Pages/PaymentAmount_Page/input__paymentAmount'

2024-11-07 20:12:35 - [MESSAGE][PASSED] - Text '' is set on object 'Object Repository/RAD_Pages/PaymentAmount_Page/input__paymentAmount'

2024-11-07 20:12:35 - [TEST_STEP][PASSED] - resText = "Fail": null

2024-11-07 20:12:35 - [TEST_STEP][PASSED] - pages.WriteExcel.demoKey(resText, datText, resColumn, datCloumn, fileLoc, nameSheet, row): pages.WriteExcel.demoKey is PASSED

2024-11-07 20:12:35 - [MESSAGE][PASSED] - pages.WriteExcel.demoKey is PASSED

2024-11-07 20:12:35 - [TEST_STEP][PASSED] - verifyTextPresent("Enter business name", true, CONTINUE_ON_FAILURE): Text 'Enter business name' is present on page  using regular expression

2024-11-07 20:12:35 - [MESSAGE][PASSED] - Text 'Enter business name' is present on page  using regular expression

2024-11-07 20:12:35 - [TEST_STEP][PASSED] - verifyTextPresent("Enter business rep first name", true, CONTINUE_ON_FAILURE): Text 'Enter business rep first name' is present on page  using regular expression

2024-11-07 20:12:36 - [MESSAGE][PASSED] - Text 'Enter business rep first name' is present on page  using regular expression

2024-11-07 20:12:36 - [TEST_STEP][PASSED] - verifyTextPresent("Enter business rep last name", true, CONTINUE_ON_FAILURE): Text 'Enter business rep last name' is present on page  using regular expression

2024-11-07 20:12:36 - [MESSAGE][PASSED] - Text 'Enter business rep last name' is present on page  using regular expression

2024-11-07 20:12:36 - [TEST_STEP][PASSED] - verifyTextPresent("Enter address", true, CONTINUE_ON_FAILURE): Text 'Enter address' is present on page  using regular expression

2024-11-07 20:12:36 - [MESSAGE][PASSED] - Text 'Enter address' is present on page  using regular expression

2024-11-07 20:12:36 - [TEST_STEP][PASSED] - verifyTextPresent("Enter city", true, CONTINUE_ON_FAILURE): Text 'Enter city' is present on page  using regular expression

2024-11-07 20:12:37 - [MESSAGE][PASSED] - Text 'Enter city' is present on page  using regular expression

2024-11-07 20:12:37 - [TEST_STEP][PASSED] - verifyTextPresent("Enter ZIP code", true, CONTINUE_ON_FAILURE): Text 'Enter ZIP code' is present on page  using regular expression

2024-11-07 20:12:37 - [MESSAGE][PASSED] - Text 'Enter ZIP code' is present on page  using regular expression

2024-11-07 20:12:37 - [TEST_STEP][PASSED] - verifyTextPresent("Enter a valid phone number", true, CONTINUE_ON_FAILURE): Text 'Enter a valid phone number' is present on page  using regular expression

2024-11-07 20:12:37 - [MESSAGE][PASSED] - Text 'Enter a valid phone number' is present on page  using regular expression

2024-11-07 20:12:37 - [TEST_STEP][PASSED] - verifyTextPresent("Enter Email", true, CONTINUE_ON_FAILURE): Text 'Enter Email' is present on page  using regular expression

2024-11-07 20:12:38 - [MESSAGE][PASSED] - Text 'Enter Email' is present on page  using regular expression

2024-11-07 20:12:38 - [TEST_STEP][PASSED] - if (CRN.equalsIgnoreCase("Y")): null

2024-11-07 20:12:38 - [TEST_STEP][PASSED] - if (MFLicNum.equalsIgnoreCase("Y")): null

2024-11-07 20:12:38 - [TEST_STEP][PASSED] - if (isRequiredTextPresent == true): pages.WriteExcel.demoKey is PASSED

2024-11-07 20:12:38 - [TEST_STEP][PASSED] - println("All the relevant texts are present"): null

2024-11-07 20:12:38 - [TEST_STEP][PASSED] - markPassed("All the relevant texts are present"): All the relevant texts are present

2024-11-07 20:12:38 - [MESSAGE][PASSED] - All the relevant texts are present

2024-11-07 20:12:38 - [TEST_STEP][PASSED] - resText = "Pass": null

2024-11-07 20:12:38 - [TEST_STEP][PASSED] - pages.WriteExcel.demoKey(resText, datText, resColumn, datCloumn, fileLoc, nameSheet, row): pages.WriteExcel.demoKey is PASSED

2024-11-07 20:12:38 - [MESSAGE][PASSED] - pages.WriteExcel.demoKey is PASSED

2024-11-07 20:12:38 - [TEST_STEP][PASSED] - ExecuteTC = findTestData(dataFile).getValue("Execute", row): null

2024-11-07 20:12:38 - [TEST_STEP][PASSED] - TaxType = findTestData(dataFile).getValue("TaxType", row): null

2024-11-07 20:12:38 - [TEST_STEP][PASSED] - PaymentType = findTestData(dataFile).getValue("PaymentType", row): null

2024-11-07 20:12:38 - [TEST_STEP][PASSED] - feinSsn = findTestData(dataFile).getValue("FEINSSN", row): null

2024-11-07 20:12:38 - [TEST_STEP][PASSED] - CRN = findTestData(dataFile).getValue("CRN", row): null

2024-11-07 20:12:38 - [TEST_STEP][PASSED] - MFLicNum = findTestData(dataFile).getValue("MFLicNum", row): null

2024-11-07 20:12:38 - [TEST_STEP][PASSED] - if (ExecuteTC.equalsIgnoreCase("Y")): pages.WriteExcel.demoKey is PASSED

2024-11-07 20:12:38 - [TEST_STEP][PASSED] - out.println("Begin Record Number: " + row): null

2024-11-07 20:12:38 - [TEST_STEP][PASSED] - today = new java.util.Date(): null

2024-11-07 20:12:38 - [TEST_STEP][PASSED] - println(today): null

2024-11-07 20:12:38 - [TEST_STEP][PASSED] - datText = today: null

2024-11-07 20:12:38 - [TEST_STEP][PASSED] - logInfo("Payment Type: Existing Liability with Notice/Invoice Number"): Payment Type: Existing Liability with Notice/Invoice Number

2024-11-07 20:12:38 - [MESSAGE][INFO] - Payment Type: Existing Liability with Notice/Invoice Number

2024-11-07 20:12:38 - [TEST_STEP][PASSED] - logInfo("Tax Type: " + TaxType): Tax Type: IFTA Tax

2024-11-07 20:12:38 - [MESSAGE][INFO] - Tax Type: IFTA Tax

2024-11-07 20:12:38 - [TEST_STEP][PASSED] - openBrowser(""): Browser is opened with url: ''

2024-11-07 20:12:38 - [MESSAGE][WARNING] - A browser is already opened. Closing browser and opening a new one

2024-11-07 20:12:40 - [MESSAGE][INFO] - Starting 'Chrome' driver

2024-11-07 20:12:40 - [MESSAGE][INFO] - User set preference: ['acceptInsecureCerts', 'true']

2024-11-07 20:12:40 - [MESSAGE][INFO] - Action delay is set to 0 milliseconds

2024-11-07 20:12:42 - [MESSAGE][PASSED] - Browser is opened with url: ''

2024-11-07 20:12:42 - [TEST_STEP][PASSED] - maximizeWindow(): Current window maximized

2024-11-07 20:12:42 - [MESSAGE][PASSED] - Current window maximized

2024-11-07 20:12:42 - [TEST_STEP][PASSED] - navigateToUrl(RADurl): Navigate to 'https://www.velocitypayment.com/client/rad/index.html' successfully

2024-11-07 20:12:42 - [MESSAGE][PASSED] - Navigate to 'https://www.velocitypayment.com/client/rad/index.html' successfully

2024-11-07 20:12:42 - [TEST_STEP][PASSED] - selectOptionByLabel(findTestObject(orPath_Landing + "/dd_TaxType"), "Existing Liability with Notice/Invoice Number", false): All options with label 'Existing Liability with Notice/Invoice Number' are selected in object 'Object Repository/RAD_Pages/Landing_Page/dd_TaxType' 

2024-11-07 20:12:45 - [MESSAGE][PASSED] - All options with label 'Existing Liability with Notice/Invoice Number' are selected in object 'Object Repository/RAD_Pages/Landing_Page/dd_TaxType' 

2024-11-07 20:12:45 - [TEST_STEP][PASSED] - selectOptionByLabel(findTestObject(orPath_TaxTypeFilingYear + "/select_TaxType_ExistingLiability"), TaxType, false): All options with label 'IFTA Tax' are selected in object 'Object Repository/RAD_Pages/TaxTypeFilingYear_Page/select_TaxType_ExistingLiability' 

2024-11-07 20:12:46 - [MESSAGE][PASSED] - All options with label 'IFTA Tax' are selected in object 'Object Repository/RAD_Pages/TaxTypeFilingYear_Page/select_TaxType_ExistingLiability' 

2024-11-07 20:12:46 - [TEST_STEP][PASSED] - setText(findTestObject(orPath_TaxPayer + "/input_businessName"), " "): Text ' ' is set on object 'Object Repository/RAD_Pages/Taxpayer_Page/input_businessName'

2024-11-07 20:12:47 - [MESSAGE][PASSED] - Text ' ' is set on object 'Object Repository/RAD_Pages/Taxpayer_Page/input_businessName'

2024-11-07 20:12:47 - [TEST_STEP][PASSED] - setText(findTestObject(orPath_TaxPayer + "/input_BusinessRepfirstName"), " "): Text ' ' is set on object 'Object Repository/RAD_Pages/Taxpayer_Page/input_BusinessRepfirstName'

2024-11-07 20:12:47 - [MESSAGE][PASSED] - Text ' ' is set on object 'Object Repository/RAD_Pages/Taxpayer_Page/input_BusinessRepfirstName'

2024-11-07 20:12:47 - [TEST_STEP][PASSED] - setText(findTestObject(orPath_TaxPayer + "/input_BusinessReplastName"), " "): Text ' ' is set on object 'Object Repository/RAD_Pages/Taxpayer_Page/input_BusinessReplastName'

2024-11-07 20:12:48 - [MESSAGE][PASSED] - Text ' ' is set on object 'Object Repository/RAD_Pages/Taxpayer_Page/input_BusinessReplastName'

2024-11-07 20:12:48 - [TEST_STEP][PASSED] - setText(findTestObject(orPath_AddressContact + "/input_streetAddress1"), " "): Text ' ' is set on object 'Object Repository/RAD_Pages/AddressAndContactInfo_Page/input_streetAddress1'

2024-11-07 20:12:49 - [MESSAGE][PASSED] - Text ' ' is set on object 'Object Repository/RAD_Pages/AddressAndContactInfo_Page/input_streetAddress1'

2024-11-07 20:12:49 - [TEST_STEP][PASSED] - setText(findTestObject(orPath_AddressContact + "/input_city"), " "): Text ' ' is set on object 'Object Repository/RAD_Pages/AddressAndContactInfo_Page/input_city'

2024-11-07 20:12:50 - [MESSAGE][PASSED] - Text ' ' is set on object 'Object Repository/RAD_Pages/AddressAndContactInfo_Page/input_city'

2024-11-07 20:12:50 - [TEST_STEP][PASSED] - setText(findTestObject(orPath_AddressContact + "/input_zipCode"), " "): Text ' ' is set on object 'Object Repository/RAD_Pages/AddressAndContactInfo_Page/input_zipCode'

2024-11-07 20:12:50 - [MESSAGE][PASSED] - Text ' ' is set on object 'Object Repository/RAD_Pages/AddressAndContactInfo_Page/input_zipCode'

2024-11-07 20:12:50 - [TEST_STEP][PASSED] - setText(findTestObject(orPath_AddressContact + "/input_phoneNumber"), " "): Text ' ' is set on object 'Object Repository/RAD_Pages/AddressAndContactInfo_Page/input_phoneNumber'

2024-11-07 20:12:51 - [MESSAGE][PASSED] - Text ' ' is set on object 'Object Repository/RAD_Pages/AddressAndContactInfo_Page/input_phoneNumber'

2024-11-07 20:12:51 - [TEST_STEP][PASSED] - setText(findTestObject(orPath_AddressContact + "/input_eMailAddress"), " "): Text ' ' is set on object 'Object Repository/RAD_Pages/AddressAndContactInfo_Page/input_eMailAddress'

2024-11-07 20:12:52 - [MESSAGE][PASSED] - Text ' ' is set on object 'Object Repository/RAD_Pages/AddressAndContactInfo_Page/input_eMailAddress'

2024-11-07 20:12:52 - [TEST_STEP][PASSED] - setText(findTestObject(orPath_AddressContact + "/input_reEnterEMailAddress"), " "): Text ' ' is set on object 'Object Repository/RAD_Pages/AddressAndContactInfo_Page/input_reEnterEMailAddress'

2024-11-07 20:12:53 - [MESSAGE][PASSED] - Text ' ' is set on object 'Object Repository/RAD_Pages/AddressAndContactInfo_Page/input_reEnterEMailAddress'

2024-11-07 20:12:53 - [TEST_STEP][PASSED] - if (TaxType.equalsIgnoreCase("Estate Tax")): null

2024-11-07 20:12:53 - [TEST_STEP][PASSED] - setText(findTestObject(orPath_Amount + "/input__paymentAmount"), ""): Text '' is set on object 'Object Repository/RAD_Pages/PaymentAmount_Page/input__paymentAmount'

2024-11-07 20:12:53 - [MESSAGE][PASSED] - Text '' is set on object 'Object Repository/RAD_Pages/PaymentAmount_Page/input__paymentAmount'

2024-11-07 20:12:53 - [TEST_STEP][PASSED] - resText = "Fail": null

2024-11-07 20:12:53 - [TEST_STEP][PASSED] - pages.WriteExcel.demoKey(resText, datText, resColumn, datCloumn, fileLoc, nameSheet, row): pages.WriteExcel.demoKey is PASSED

2024-11-07 20:12:54 - [MESSAGE][PASSED] - pages.WriteExcel.demoKey is PASSED

2024-11-07 20:12:54 - [TEST_STEP][PASSED] - verifyTextPresent("Enter business name", true, CONTINUE_ON_FAILURE): Text 'Enter business name' is present on page  using regular expression

2024-11-07 20:12:54 - [MESSAGE][PASSED] - Text 'Enter business name' is present on page  using regular expression

2024-11-07 20:12:54 - [TEST_STEP][PASSED] - verifyTextPresent("Enter business rep first name", true, CONTINUE_ON_FAILURE): Text 'Enter business rep first name' is present on page  using regular expression

2024-11-07 20:12:54 - [MESSAGE][PASSED] - Text 'Enter business rep first name' is present on page  using regular expression

2024-11-07 20:12:54 - [TEST_STEP][PASSED] - verifyTextPresent("Enter business rep last name", true, CONTINUE_ON_FAILURE): Text 'Enter business rep last name' is present on page  using regular expression

2024-11-07 20:12:55 - [MESSAGE][PASSED] - Text 'Enter business rep last name' is present on page  using regular expression

2024-11-07 20:12:55 - [TEST_STEP][PASSED] - verifyTextPresent("Enter address", true, CONTINUE_ON_FAILURE): Text 'Enter address' is present on page  using regular expression

2024-11-07 20:12:55 - [MESSAGE][PASSED] - Text 'Enter address' is present on page  using regular expression

2024-11-07 20:12:55 - [TEST_STEP][PASSED] - verifyTextPresent("Enter city", true, CONTINUE_ON_FAILURE): Text 'Enter city' is present on page  using regular expression

2024-11-07 20:12:55 - [MESSAGE][PASSED] - Text 'Enter city' is present on page  using regular expression

2024-11-07 20:12:55 - [TEST_STEP][PASSED] - verifyTextPresent("Enter ZIP code", true, CONTINUE_ON_FAILURE): Text 'Enter ZIP code' is present on page  using regular expression

2024-11-07 20:12:56 - [MESSAGE][PASSED] - Text 'Enter ZIP code' is present on page  using regular expression

2024-11-07 20:12:56 - [TEST_STEP][PASSED] - verifyTextPresent("Enter a valid phone number", true, CONTINUE_ON_FAILURE): Text 'Enter a valid phone number' is present on page  using regular expression

2024-11-07 20:12:56 - [MESSAGE][PASSED] - Text 'Enter a valid phone number' is present on page  using regular expression

2024-11-07 20:12:56 - [TEST_STEP][PASSED] - verifyTextPresent("Enter Email", true, CONTINUE_ON_FAILURE): Text 'Enter Email' is present on page  using regular expression

2024-11-07 20:12:56 - [MESSAGE][PASSED] - Text 'Enter Email' is present on page  using regular expression

2024-11-07 20:12:56 - [TEST_STEP][PASSED] - if (CRN.equalsIgnoreCase("Y")): null

2024-11-07 20:12:56 - [TEST_STEP][PASSED] - if (MFLicNum.equalsIgnoreCase("Y")): null

2024-11-07 20:12:56 - [TEST_STEP][PASSED] - if (isRequiredTextPresent == true): pages.WriteExcel.demoKey is PASSED

2024-11-07 20:12:56 - [TEST_STEP][PASSED] - println("All the relevant texts are present"): null

2024-11-07 20:12:56 - [TEST_STEP][PASSED] - markPassed("All the relevant texts are present"): All the relevant texts are present

2024-11-07 20:12:56 - [MESSAGE][PASSED] - All the relevant texts are present

2024-11-07 20:12:56 - [TEST_STEP][PASSED] - resText = "Pass": null

2024-11-07 20:12:56 - [TEST_STEP][PASSED] - pages.WriteExcel.demoKey(resText, datText, resColumn, datCloumn, fileLoc, nameSheet, row): pages.WriteExcel.demoKey is PASSED

2024-11-07 20:12:57 - [MESSAGE][PASSED] - pages.WriteExcel.demoKey is PASSED]]></system-out>
         <system-err><![CDATA[]]></system-err>
      </testcase>
      <testcase name="Test Cases/RAD_TestCases/MRF_TestCases/Personal_EL_MRF_TC" time="32.374" classname="Test Cases/RAD_TestCases/MRF_TestCases/Personal_EL_MRF_TC" status="PASSED">
         <system-out><![CDATA[2024-11-07 20:12:57 - [TEST_CASE][PASSED] - Test Cases/RAD_TestCases/MRF_TestCases/Personal_EL_MRF_TC: Test Cases/RAD_TestCases/MRF_TestCases/Personal_EL_MRF_TC

2024-11-07 20:12:58 - [TEST_STEP][PASSED] - resText = "Fail": null

2024-11-07 20:12:58 - [TEST_STEP][PASSED] - resColumn = "Result": null

2024-11-07 20:12:58 - [TEST_STEP][PASSED] - datCloumn = "Date": null

2024-11-07 20:12:58 - [TEST_STEP][PASSED] - fileLoc = "KatalonData/RADTestData/MRF.xlsx": null

2024-11-07 20:12:58 - [TEST_STEP][PASSED] - nameSheet = "Personal_EL": null

2024-11-07 20:12:58 - [TEST_STEP][PASSED] - dataFile = "RADTestData/MRF_Personal_EL": null

2024-11-07 20:12:58 - [TEST_STEP][PASSED] - orPath_Landing = "Object Repository/RAD_Pages/Landing_Page": null

2024-11-07 20:12:58 - [TEST_STEP][PASSED] - orPath_TaxTypeFilingYear = "Object Repository/RAD_Pages/TaxTypeFilingYear_Page": null

2024-11-07 20:12:58 - [TEST_STEP][PASSED] - orPath_Amount = "Object Repository/RAD_Pages/PaymentAmount_Page": null

2024-11-07 20:12:58 - [TEST_STEP][PASSED] - orPath_AddressContact = "Object Repository/RAD_Pages/AddressAndContactInfo_Page": null

2024-11-07 20:12:58 - [TEST_STEP][PASSED] - orPath_Summary = "Object Repository/RAD_Pages/Summary_Page": null

2024-11-07 20:12:58 - [TEST_STEP][PASSED] - orPath_PaymentConfirmation = "Object Repository/RAD_Pages/PaymentConfirmation_Page": null

2024-11-07 20:12:58 - [TEST_STEP][PASSED] - orPath_ServiceFeesAccept = "Object Repository/RAD_Pages/ServiceFeeAccept_Page": null

2024-11-07 20:12:58 - [TEST_STEP][PASSED] - orPath_PaymentEntry = "Object Repository/RAD_Pages/PaymentEntry_Page": null

2024-11-07 20:12:58 - [TEST_STEP][PASSED] - orPath_TaxPayer = "Object Repository/RAD_Pages/Taxpayer_Page": null

2024-11-07 20:12:58 - [TEST_STEP][PASSED] - orPath_TaxInfo = "Object Repository/RAD_Pages/TaxInfo_Page": null

2024-11-07 20:12:58 - [TEST_STEP][PASSED] - ExecuteTC = <not implemented yet for class: org.codehaus.groovy.ast.expr.EmptyExpression>: null

2024-11-07 20:12:58 - [TEST_STEP][PASSED] - TaxType = <not implemented yet for class: org.codehaus.groovy.ast.expr.EmptyExpression>: null

2024-11-07 20:12:58 - [TEST_STEP][PASSED] - PaymentType = <not implemented yet for class: org.codehaus.groovy.ast.expr.EmptyExpression>: null

2024-11-07 20:12:58 - [TEST_STEP][PASSED] - FilingYear = <not implemented yet for class: org.codehaus.groovy.ast.expr.EmptyExpression>: null

2024-11-07 20:12:58 - [TEST_STEP][PASSED] - PeriodEndingMonth = <not implemented yet for class: org.codehaus.groovy.ast.expr.EmptyExpression>: null

2024-11-07 20:12:58 - [TEST_STEP][PASSED] - executionProfile = getExecutionProfile(): null

2024-11-07 20:12:58 - [TEST_STEP][PASSED] - numOfRows = findTestData(dataFile).getRowNumbers(): null

2024-11-07 20:12:58 - [TEST_STEP][PASSED] - println("Number of Records: " + numOfRows): null

2024-11-07 20:12:58 - [TEST_STEP][PASSED] - for ([row = 1, row <= numOfRows, (row++)]): null

2024-11-07 20:12:58 - [TEST_STEP][PASSED] - ExecuteTC = findTestData(dataFile).getValue("Execute", row): null

2024-11-07 20:12:58 - [TEST_STEP][PASSED] - TaxType = findTestData(dataFile).getValue("TaxType", row): null

2024-11-07 20:12:58 - [TEST_STEP][PASSED] - PaymentType = findTestData(dataFile).getValue("PaymentType", row): null

2024-11-07 20:12:58 - [TEST_STEP][PASSED] - if (ExecuteTC.equalsIgnoreCase("Y")): pages.WriteExcel.demoKey is PASSED

2024-11-07 20:12:58 - [TEST_STEP][PASSED] - out.println("Begin Record Number: " + row): null

2024-11-07 20:12:58 - [TEST_STEP][PASSED] - today = new java.util.Date(): null

2024-11-07 20:12:58 - [TEST_STEP][PASSED] - println(today): null

2024-11-07 20:12:58 - [TEST_STEP][PASSED] - datText = today: null

2024-11-07 20:12:58 - [TEST_STEP][PASSED] - logInfo("Payment Type: " + PaymentType): Payment Type: Existing Liability with Notice/Invoice Number

2024-11-07 20:12:58 - [MESSAGE][INFO] - Payment Type: Existing Liability with Notice/Invoice Number

2024-11-07 20:12:58 - [TEST_STEP][PASSED] - logInfo("Tax Type: " + TaxType): Tax Type: Personal Income Tax

2024-11-07 20:12:58 - [MESSAGE][INFO] - Tax Type: Personal Income Tax

2024-11-07 20:12:58 - [TEST_STEP][PASSED] - openBrowser(""): Browser is opened with url: ''

2024-11-07 20:12:58 - [MESSAGE][WARNING] - A browser is already opened. Closing browser and opening a new one

2024-11-07 20:13:08 - [MESSAGE][INFO] - Starting 'Chrome' driver

2024-11-07 20:13:08 - [MESSAGE][INFO] - User set preference: ['acceptInsecureCerts', 'true']

2024-11-07 20:13:08 - [MESSAGE][INFO] - Action delay is set to 0 milliseconds

2024-11-07 20:13:11 - [MESSAGE][PASSED] - Browser is opened with url: ''

2024-11-07 20:13:11 - [TEST_STEP][PASSED] - maximizeWindow(): Current window maximized

2024-11-07 20:13:11 - [MESSAGE][PASSED] - Current window maximized

2024-11-07 20:13:11 - [TEST_STEP][PASSED] - navigateToUrl(RADurl): Navigate to 'https://www.velocitypayment.com/client/rad/index.html' successfully

2024-11-07 20:13:15 - [MESSAGE][PASSED] - Navigate to 'https://www.velocitypayment.com/client/rad/index.html' successfully

2024-11-07 20:13:15 - [TEST_STEP][PASSED] - selectOptionByLabel(findTestObject(orPath_Landing + "/dd_TaxType"), PaymentType, false): All options with label 'Existing Liability with Notice/Invoice Number' are selected in object 'Object Repository/RAD_Pages/Landing_Page/dd_TaxType' 

2024-11-07 20:13:15 - [MESSAGE][PASSED] - All options with label 'Existing Liability with Notice/Invoice Number' are selected in object 'Object Repository/RAD_Pages/Landing_Page/dd_TaxType' 

2024-11-07 20:13:15 - [TEST_STEP][PASSED] - selectOptionByLabel(findTestObject(orPath_TaxTypeFilingYear + "/select_TaxType_ExistingLiability"), TaxType, false): All options with label 'Personal Income Tax' are selected in object 'Object Repository/RAD_Pages/TaxTypeFilingYear_Page/select_TaxType_ExistingLiability' 

2024-11-07 20:13:16 - [MESSAGE][PASSED] - All options with label 'Personal Income Tax' are selected in object 'Object Repository/RAD_Pages/TaxTypeFilingYear_Page/select_TaxType_ExistingLiability' 

2024-11-07 20:13:16 - [TEST_STEP][PASSED] - setText(findTestObject(orPath_TaxPayer + "/input_firstName"), " "): Text ' ' is set on object 'Object Repository/RAD_Pages/Taxpayer_Page/input_firstName'

2024-11-07 20:13:17 - [MESSAGE][PASSED] - Text ' ' is set on object 'Object Repository/RAD_Pages/Taxpayer_Page/input_firstName'

2024-11-07 20:13:17 - [TEST_STEP][PASSED] - setText(findTestObject(orPath_TaxPayer + "/input_lastName"), " "): Text ' ' is set on object 'Object Repository/RAD_Pages/Taxpayer_Page/input_lastName'

2024-11-07 20:13:18 - [MESSAGE][PASSED] - Text ' ' is set on object 'Object Repository/RAD_Pages/Taxpayer_Page/input_lastName'

2024-11-07 20:13:18 - [TEST_STEP][PASSED] - setText(findTestObject(orPath_AddressContact + "/input_streetAddress1"), " "): Text ' ' is set on object 'Object Repository/RAD_Pages/AddressAndContactInfo_Page/input_streetAddress1'

2024-11-07 20:13:18 - [MESSAGE][PASSED] - Text ' ' is set on object 'Object Repository/RAD_Pages/AddressAndContactInfo_Page/input_streetAddress1'

2024-11-07 20:13:18 - [TEST_STEP][PASSED] - setText(findTestObject(orPath_AddressContact + "/input_city"), " "): Text ' ' is set on object 'Object Repository/RAD_Pages/AddressAndContactInfo_Page/input_city'

2024-11-07 20:13:19 - [MESSAGE][PASSED] - Text ' ' is set on object 'Object Repository/RAD_Pages/AddressAndContactInfo_Page/input_city'

2024-11-07 20:13:19 - [TEST_STEP][PASSED] - setText(findTestObject(orPath_AddressContact + "/input_zipCode"), " "): Text ' ' is set on object 'Object Repository/RAD_Pages/AddressAndContactInfo_Page/input_zipCode'

2024-11-07 20:13:20 - [MESSAGE][PASSED] - Text ' ' is set on object 'Object Repository/RAD_Pages/AddressAndContactInfo_Page/input_zipCode'

2024-11-07 20:13:20 - [TEST_STEP][PASSED] - setText(findTestObject(orPath_AddressContact + "/input_phoneNumber"), " "): Text ' ' is set on object 'Object Repository/RAD_Pages/AddressAndContactInfo_Page/input_phoneNumber'

2024-11-07 20:13:21 - [MESSAGE][PASSED] - Text ' ' is set on object 'Object Repository/RAD_Pages/AddressAndContactInfo_Page/input_phoneNumber'

2024-11-07 20:13:21 - [TEST_STEP][PASSED] - setText(findTestObject(orPath_AddressContact + "/input_eMailAddress"), " "): Text ' ' is set on object 'Object Repository/RAD_Pages/AddressAndContactInfo_Page/input_eMailAddress'

2024-11-07 20:13:21 - [MESSAGE][PASSED] - Text ' ' is set on object 'Object Repository/RAD_Pages/AddressAndContactInfo_Page/input_eMailAddress'

2024-11-07 20:13:21 - [TEST_STEP][PASSED] - setText(findTestObject(orPath_AddressContact + "/input_reEnterEMailAddress"), " "): Text ' ' is set on object 'Object Repository/RAD_Pages/AddressAndContactInfo_Page/input_reEnterEMailAddress'

2024-11-07 20:13:22 - [MESSAGE][PASSED] - Text ' ' is set on object 'Object Repository/RAD_Pages/AddressAndContactInfo_Page/input_reEnterEMailAddress'

2024-11-07 20:13:22 - [TEST_STEP][PASSED] - if (TaxType.equalsIgnoreCase("Estate Tax")): null

2024-11-07 20:13:22 - [TEST_STEP][PASSED] - else: Text ' ' is set on object 'Object Repository/RAD_Pages/TaxInfo_Page/input_TaxInfo_reTaxTypeExisitingSSN'

2024-11-07 20:13:22 - [TEST_STEP][PASSED] - setText(findTestObject(orPath_TaxInfo + "/input_TaxInfo_ExisitingSSN"), " "): Text ' ' is set on object 'Object Repository/RAD_Pages/TaxInfo_Page/input_TaxInfo_ExisitingSSN'

2024-11-07 20:13:23 - [MESSAGE][PASSED] - Text ' ' is set on object 'Object Repository/RAD_Pages/TaxInfo_Page/input_TaxInfo_ExisitingSSN'

2024-11-07 20:13:23 - [TEST_STEP][PASSED] - setText(findTestObject(orPath_TaxInfo + "/input_TaxInfo_reTaxTypeExisitingSSN"), " "): Text ' ' is set on object 'Object Repository/RAD_Pages/TaxInfo_Page/input_TaxInfo_reTaxTypeExisitingSSN'

2024-11-07 20:13:24 - [MESSAGE][PASSED] - Text ' ' is set on object 'Object Repository/RAD_Pages/TaxInfo_Page/input_TaxInfo_reTaxTypeExisitingSSN'

2024-11-07 20:13:24 - [TEST_STEP][PASSED] - setText(findTestObject(orPath_TaxInfo + "/input_NoticeInvoiceNumber"), " "): Text ' ' is set on object 'Object Repository/RAD_Pages/TaxInfo_Page/input_NoticeInvoiceNumber'

2024-11-07 20:13:24 - [MESSAGE][PASSED] - Text ' ' is set on object 'Object Repository/RAD_Pages/TaxInfo_Page/input_NoticeInvoiceNumber'

2024-11-07 20:13:24 - [TEST_STEP][PASSED] - setText(findTestObject(orPath_TaxInfo + "/input_reTypeNoticeInvoiceNumber"), " "): Text ' ' is set on object 'Object Repository/RAD_Pages/TaxInfo_Page/input_reTypeNoticeInvoiceNumber'

2024-11-07 20:13:25 - [MESSAGE][PASSED] - Text ' ' is set on object 'Object Repository/RAD_Pages/TaxInfo_Page/input_reTypeNoticeInvoiceNumber'

2024-11-07 20:13:25 - [TEST_STEP][PASSED] - resText = "Fail": null

2024-11-07 20:13:25 - [TEST_STEP][PASSED] - pages.WriteExcel.demoKey(resText, datText, resColumn, datCloumn, fileLoc, nameSheet, row): pages.WriteExcel.demoKey is PASSED

2024-11-07 20:13:25 - [MESSAGE][PASSED] - pages.WriteExcel.demoKey is PASSED

2024-11-07 20:13:25 - [TEST_STEP][PASSED] - verifyTextPresent("Enter first name", true, CONTINUE_ON_FAILURE): Text 'Enter first name' is present on page  using regular expression

2024-11-07 20:13:26 - [MESSAGE][PASSED] - Text 'Enter first name' is present on page  using regular expression

2024-11-07 20:13:26 - [TEST_STEP][PASSED] - verifyTextPresent("Enter last name", true, CONTINUE_ON_FAILURE): Text 'Enter last name' is present on page  using regular expression

2024-11-07 20:13:26 - [MESSAGE][PASSED] - Text 'Enter last name' is present on page  using regular expression

2024-11-07 20:13:26 - [TEST_STEP][PASSED] - verifyTextPresent("Enter address", true, CONTINUE_ON_FAILURE): Text 'Enter address' is present on page  using regular expression

2024-11-07 20:13:26 - [MESSAGE][PASSED] - Text 'Enter address' is present on page  using regular expression

2024-11-07 20:13:26 - [TEST_STEP][PASSED] - verifyTextPresent("Enter city", true, CONTINUE_ON_FAILURE): Text 'Enter city' is present on page  using regular expression

2024-11-07 20:13:27 - [MESSAGE][PASSED] - Text 'Enter city' is present on page  using regular expression

2024-11-07 20:13:27 - [TEST_STEP][PASSED] - verifyTextPresent("Enter ZIP code", true, CONTINUE_ON_FAILURE): Text 'Enter ZIP code' is present on page  using regular expression

2024-11-07 20:13:27 - [MESSAGE][PASSED] - Text 'Enter ZIP code' is present on page  using regular expression

2024-11-07 20:13:27 - [TEST_STEP][PASSED] - verifyTextPresent("Enter a valid phone number", true, CONTINUE_ON_FAILURE): Text 'Enter a valid phone number' is present on page  using regular expression

2024-11-07 20:13:27 - [MESSAGE][PASSED] - Text 'Enter a valid phone number' is present on page  using regular expression

2024-11-07 20:13:27 - [TEST_STEP][PASSED] - verifyTextPresent("Enter Email", true, CONTINUE_ON_FAILURE): Text 'Enter Email' is present on page  using regular expression

2024-11-07 20:13:28 - [MESSAGE][PASSED] - Text 'Enter Email' is present on page  using regular expression

2024-11-07 20:13:28 - [TEST_STEP][PASSED] - verifyTextPresent("Notice Number or Invoice Number must be 10, 11, or 13 digits in length, with a value greater than zero", true, CONTINUE_ON_FAILURE): Text 'Notice Number or Invoice Number must be 10, 11, or 13 digits in length, with a value greater than zero' is present on page  using regular expression

2024-11-07 20:13:28 - [MESSAGE][PASSED] - Text 'Notice Number or Invoice Number must be 10, 11, or 13 digits in length, with a value greater than zero' is present on page  using regular expression

2024-11-07 20:13:28 - [TEST_STEP][PASSED] - if (TaxType.equalsIgnoreCase("Estate Tax")): null

2024-11-07 20:13:28 - [TEST_STEP][PASSED] - else: Text 'Re-type SSN Validation Error' is present on page  using regular expression

2024-11-07 20:13:28 - [TEST_STEP][PASSED] - verifyTextPresent("Please enter a valid SSN with 9 digits", true, CONTINUE_ON_FAILURE): Text 'Please enter a valid SSN with 9 digits' is present on page  using regular expression

2024-11-07 20:13:28 - [MESSAGE][PASSED] - Text 'Please enter a valid SSN with 9 digits' is present on page  using regular expression

2024-11-07 20:13:28 - [TEST_STEP][PASSED] - verifyTextPresent("Re-type SSN Validation Error", true, CONTINUE_ON_FAILURE): Text 'Re-type SSN Validation Error' is present on page  using regular expression

2024-11-07 20:13:29 - [MESSAGE][PASSED] - Text 'Re-type SSN Validation Error' is present on page  using regular expression

2024-11-07 20:13:29 - [TEST_STEP][PASSED] - resText = "Pass": null

2024-11-07 20:13:29 - [TEST_STEP][PASSED] - pages.WriteExcel.demoKey(resText, datText, resColumn, datCloumn, fileLoc, nameSheet, row): pages.WriteExcel.demoKey is PASSED

2024-11-07 20:13:29 - [MESSAGE][PASSED] - pages.WriteExcel.demoKey is PASSED

2024-11-07 20:13:29 - [TEST_STEP][PASSED] - ExecuteTC = findTestData(dataFile).getValue("Execute", row): null

2024-11-07 20:13:29 - [TEST_STEP][PASSED] - TaxType = findTestData(dataFile).getValue("TaxType", row): null

2024-11-07 20:13:29 - [TEST_STEP][PASSED] - PaymentType = findTestData(dataFile).getValue("PaymentType", row): null

2024-11-07 20:13:29 - [TEST_STEP][PASSED] - if (ExecuteTC.equalsIgnoreCase("Y")): null]]></system-out>
         <system-err><![CDATA[]]></system-err>
      </testcase>
      <testcase name="Test Cases/RAD_TestCases/MRF_TestCases/Personal_Individual_MRF_TC" time="137.844" classname="Test Cases/RAD_TestCases/MRF_TestCases/Personal_Individual_MRF_TC" status="PASSED">
         <system-out><![CDATA[2024-11-07 20:13:29 - [TEST_CASE][PASSED] - Test Cases/RAD_TestCases/MRF_TestCases/Personal_Individual_MRF_TC: Test Cases/RAD_TestCases/MRF_TestCases/Personal_Individual_MRF_TC

2024-11-07 20:13:30 - [TEST_STEP][PASSED] - resText = "Fail": null

2024-11-07 20:13:30 - [TEST_STEP][PASSED] - resColumn = "Result": null

2024-11-07 20:13:30 - [TEST_STEP][PASSED] - datCloumn = "Date": null

2024-11-07 20:13:30 - [TEST_STEP][PASSED] - fileLoc = "KatalonData/RADTestData/MRF.xlsx": null

2024-11-07 20:13:30 - [TEST_STEP][PASSED] - nameSheet = "Personal_IND": null

2024-11-07 20:13:30 - [TEST_STEP][PASSED] - dataFile = "RADTestData/MRF_Personal_IND": null

2024-11-07 20:13:30 - [TEST_STEP][PASSED] - orPath_Landing = "Object Repository/RAD_Pages/Landing_Page": null

2024-11-07 20:13:30 - [TEST_STEP][PASSED] - orPath_TaxTypeFilingYear = "Object Repository/RAD_Pages/TaxTypeFilingYear_Page": null

2024-11-07 20:13:30 - [TEST_STEP][PASSED] - orPath_Amount = "Object Repository/RAD_Pages/PaymentAmount_Page": null

2024-11-07 20:13:30 - [TEST_STEP][PASSED] - orPath_AddressContact = "Object Repository/RAD_Pages/AddressAndContactInfo_Page": null

2024-11-07 20:13:30 - [TEST_STEP][PASSED] - orPath_Summary = "Object Repository/RAD_Pages/Summary_Page": null

2024-11-07 20:13:30 - [TEST_STEP][PASSED] - orPath_PaymentConfirmation = "Object Repository/RAD_Pages/PaymentConfirmation_Page": null

2024-11-07 20:13:30 - [TEST_STEP][PASSED] - orPath_ServiceFeesAccept = "Object Repository/RAD_Pages/ServiceFeeAccept_Page": null

2024-11-07 20:13:30 - [TEST_STEP][PASSED] - orPath_PaymentEntry = "Object Repository/RAD_Pages/PaymentEntry_Page": null

2024-11-07 20:13:30 - [TEST_STEP][PASSED] - orPath_TaxPayer = "Object Repository/RAD_Pages/Taxpayer_Page": null

2024-11-07 20:13:30 - [TEST_STEP][PASSED] - ExecuteTC = <not implemented yet for class: org.codehaus.groovy.ast.expr.EmptyExpression>: null

2024-11-07 20:13:30 - [TEST_STEP][PASSED] - TaxType = <not implemented yet for class: org.codehaus.groovy.ast.expr.EmptyExpression>: null

2024-11-07 20:13:30 - [TEST_STEP][PASSED] - PaymentType = <not implemented yet for class: org.codehaus.groovy.ast.expr.EmptyExpression>: null

2024-11-07 20:13:30 - [TEST_STEP][PASSED] - FilingYear = <not implemented yet for class: org.codehaus.groovy.ast.expr.EmptyExpression>: null

2024-11-07 20:13:30 - [TEST_STEP][PASSED] - PeriodEndingMonth = <not implemented yet for class: org.codehaus.groovy.ast.expr.EmptyExpression>: null

2024-11-07 20:13:30 - [TEST_STEP][PASSED] - executionProfile = getExecutionProfile(): null

2024-11-07 20:13:30 - [TEST_STEP][PASSED] - numOfRows = findTestData(dataFile).getRowNumbers(): null

2024-11-07 20:13:30 - [TEST_STEP][PASSED] - println("Number of Records: " + numOfRows): null

2024-11-07 20:13:30 - [TEST_STEP][PASSED] - for ([row = 1, row <= numOfRows, (row++)]): null

2024-11-07 20:13:30 - [TEST_STEP][PASSED] - ExecuteTC = findTestData(dataFile).getValue("Execute", row): null

2024-11-07 20:13:30 - [TEST_STEP][PASSED] - TaxType = findTestData(dataFile).getValue("TaxType", row): null

2024-11-07 20:13:30 - [TEST_STEP][PASSED] - PaymentType = findTestData(dataFile).getValue("PaymentType", row): null

2024-11-07 20:13:30 - [TEST_STEP][PASSED] - FilingYear = findTestData(dataFile).getValue("Year", row): null

2024-11-07 20:13:30 - [TEST_STEP][PASSED] - if (ExecuteTC.equalsIgnoreCase("Y")): pages.WriteExcel.demoKey is PASSED

2024-11-07 20:13:30 - [TEST_STEP][PASSED] - out.println("Begin Record Number: " + row): null

2024-11-07 20:13:30 - [TEST_STEP][PASSED] - today = new java.util.Date(): null

2024-11-07 20:13:30 - [TEST_STEP][PASSED] - println(today): null

2024-11-07 20:13:30 - [TEST_STEP][PASSED] - datText = today: null

2024-11-07 20:13:30 - [TEST_STEP][PASSED] - logInfo("Payment Type: " + PaymentType): Payment Type: Quarterly Estimated Tax

2024-11-07 20:13:30 - [MESSAGE][INFO] - Payment Type: Quarterly Estimated Tax

2024-11-07 20:13:30 - [TEST_STEP][PASSED] - logInfo("Tax Type: " + TaxType): Tax Type: Personal Income Tax

2024-11-07 20:13:30 - [MESSAGE][INFO] - Tax Type: Personal Income Tax

2024-11-07 20:13:30 - [TEST_STEP][PASSED] - openBrowser(""): Browser is opened with url: ''

2024-11-07 20:13:30 - [MESSAGE][WARNING] - A browser is already opened. Closing browser and opening a new one

2024-11-07 20:13:33 - [MESSAGE][INFO] - Starting 'Chrome' driver

2024-11-07 20:13:33 - [MESSAGE][INFO] - User set preference: ['acceptInsecureCerts', 'true']

2024-11-07 20:13:33 - [MESSAGE][INFO] - Action delay is set to 0 milliseconds

2024-11-07 20:13:35 - [MESSAGE][PASSED] - Browser is opened with url: ''

2024-11-07 20:13:35 - [TEST_STEP][PASSED] - maximizeWindow(): Current window maximized

2024-11-07 20:13:35 - [MESSAGE][PASSED] - Current window maximized

2024-11-07 20:13:35 - [TEST_STEP][PASSED] - navigateToUrl(RADurl): Navigate to 'https://www.velocitypayment.com/client/rad/index.html' successfully

2024-11-07 20:13:38 - [MESSAGE][PASSED] - Navigate to 'https://www.velocitypayment.com/client/rad/index.html' successfully

2024-11-07 20:13:38 - [TEST_STEP][PASSED] - selectOptionByLabel(findTestObject(orPath_Landing + "/dd_TaxType"), PaymentType, false): All options with label 'Quarterly Estimated Tax' are selected in object 'Object Repository/RAD_Pages/Landing_Page/dd_TaxType' 

2024-11-07 20:13:38 - [MESSAGE][PASSED] - All options with label 'Quarterly Estimated Tax' are selected in object 'Object Repository/RAD_Pages/Landing_Page/dd_TaxType' 

2024-11-07 20:13:38 - [TEST_STEP][PASSED] - switch (PaymentType): null

2024-11-07 20:13:38 - [TEST_STEP][PASSED] - case "Quarterly Estimated Tax":: null

2024-11-07 20:13:38 - [TEST_STEP][PASSED] - selectOptionByLabel(findTestObject(orPath_TaxTypeFilingYear + "/select_PaymentType"), TaxType, false): All options with label 'Personal Income Tax' are selected in object 'Object Repository/RAD_Pages/TaxTypeFilingYear_Page/select_PaymentType' 

2024-11-07 20:13:39 - [MESSAGE][PASSED] - All options with label 'Personal Income Tax' are selected in object 'Object Repository/RAD_Pages/TaxTypeFilingYear_Page/select_PaymentType' 

2024-11-07 20:13:39 - [TEST_STEP][PASSED] - break: null

2024-11-07 20:13:39 - [TEST_STEP][PASSED] - if (!(FilingYear.isEmpty())): All options with label '2024' are selected in object 'Object Repository/RAD_Pages/TaxTypeFilingYear_Page/select_FilingYear' 

2024-11-07 20:13:39 - [TEST_STEP][PASSED] - selectOptionByLabel(findTestObject(orPath_TaxTypeFilingYear + "/select_FilingYear"), FilingYear, false): All options with label '2024' are selected in object 'Object Repository/RAD_Pages/TaxTypeFilingYear_Page/select_FilingYear' 

2024-11-07 20:13:40 - [MESSAGE][PASSED] - All options with label '2024' are selected in object 'Object Repository/RAD_Pages/TaxTypeFilingYear_Page/select_FilingYear' 

2024-11-07 20:13:40 - [TEST_STEP][PASSED] - setText(findTestObject(orPath_TaxPayer + "/input_firstName"), " "): Text ' ' is set on object 'Object Repository/RAD_Pages/Taxpayer_Page/input_firstName'

2024-11-07 20:13:40 - [MESSAGE][PASSED] - Text ' ' is set on object 'Object Repository/RAD_Pages/Taxpayer_Page/input_firstName'

2024-11-07 20:13:40 - [TEST_STEP][PASSED] - setText(findTestObject(orPath_TaxPayer + "/input_lastName"), " "): Text ' ' is set on object 'Object Repository/RAD_Pages/Taxpayer_Page/input_lastName'

2024-11-07 20:13:41 - [MESSAGE][PASSED] - Text ' ' is set on object 'Object Repository/RAD_Pages/Taxpayer_Page/input_lastName'

2024-11-07 20:13:41 - [TEST_STEP][PASSED] - if (TaxType.equalsIgnoreCase("Estate Tax")): null

2024-11-07 20:13:41 - [TEST_STEP][PASSED] - else: Text ' ' is set on object 'Object Repository/RAD_RecordAndPlay/input_concatReSSN'

2024-11-07 20:13:41 - [TEST_STEP][PASSED] - setText(findTestObject("RAD_RecordAndPlay/input_concatSSN"), " "): Text ' ' is set on object 'Object Repository/RAD_RecordAndPlay/input_concatSSN'

2024-11-07 20:13:42 - [MESSAGE][PASSED] - Text ' ' is set on object 'Object Repository/RAD_RecordAndPlay/input_concatSSN'

2024-11-07 20:13:42 - [TEST_STEP][PASSED] - setText(findTestObject("RAD_RecordAndPlay/input_concatReSSN"), " "): Text ' ' is set on object 'Object Repository/RAD_RecordAndPlay/input_concatReSSN'

2024-11-07 20:13:42 - [MESSAGE][PASSED] - Text ' ' is set on object 'Object Repository/RAD_RecordAndPlay/input_concatReSSN'

2024-11-07 20:13:42 - [TEST_STEP][PASSED] - setText(findTestObject(orPath_AddressContact + "/input_streetAddress1"), " "): Text ' ' is set on object 'Object Repository/RAD_Pages/AddressAndContactInfo_Page/input_streetAddress1'

2024-11-07 20:13:43 - [MESSAGE][PASSED] - Text ' ' is set on object 'Object Repository/RAD_Pages/AddressAndContactInfo_Page/input_streetAddress1'

2024-11-07 20:13:43 - [TEST_STEP][PASSED] - setText(findTestObject(orPath_AddressContact + "/input_city"), " "): Text ' ' is set on object 'Object Repository/RAD_Pages/AddressAndContactInfo_Page/input_city'

2024-11-07 20:13:44 - [MESSAGE][PASSED] - Text ' ' is set on object 'Object Repository/RAD_Pages/AddressAndContactInfo_Page/input_city'

2024-11-07 20:13:44 - [TEST_STEP][PASSED] - setText(findTestObject(orPath_AddressContact + "/input_zipCode"), " "): Text ' ' is set on object 'Object Repository/RAD_Pages/AddressAndContactInfo_Page/input_zipCode'

2024-11-07 20:13:45 - [MESSAGE][PASSED] - Text ' ' is set on object 'Object Repository/RAD_Pages/AddressAndContactInfo_Page/input_zipCode'

2024-11-07 20:13:45 - [TEST_STEP][PASSED] - setText(findTestObject(orPath_AddressContact + "/input_phoneNumber"), " "): Text ' ' is set on object 'Object Repository/RAD_Pages/AddressAndContactInfo_Page/input_phoneNumber'

2024-11-07 20:13:45 - [MESSAGE][PASSED] - Text ' ' is set on object 'Object Repository/RAD_Pages/AddressAndContactInfo_Page/input_phoneNumber'

2024-11-07 20:13:45 - [TEST_STEP][PASSED] - setText(findTestObject(orPath_AddressContact + "/input_eMailAddress"), " "): Text ' ' is set on object 'Object Repository/RAD_Pages/AddressAndContactInfo_Page/input_eMailAddress'

2024-11-07 20:13:46 - [MESSAGE][PASSED] - Text ' ' is set on object 'Object Repository/RAD_Pages/AddressAndContactInfo_Page/input_eMailAddress'

2024-11-07 20:13:46 - [TEST_STEP][PASSED] - setText(findTestObject(orPath_AddressContact + "/input_reEnterEMailAddress"), " "): Text ' ' is set on object 'Object Repository/RAD_Pages/AddressAndContactInfo_Page/input_reEnterEMailAddress'

2024-11-07 20:13:47 - [MESSAGE][PASSED] - Text ' ' is set on object 'Object Repository/RAD_Pages/AddressAndContactInfo_Page/input_reEnterEMailAddress'

2024-11-07 20:13:47 - [TEST_STEP][PASSED] - resText = "Fail": null

2024-11-07 20:13:47 - [TEST_STEP][PASSED] - pages.WriteExcel.demoKey(resText, datText, resColumn, datCloumn, fileLoc, nameSheet, row): pages.WriteExcel.demoKey is PASSED

2024-11-07 20:13:47 - [MESSAGE][PASSED] - pages.WriteExcel.demoKey is PASSED

2024-11-07 20:13:47 - [TEST_STEP][PASSED] - verifyTextPresent("Enter first name", true, CONTINUE_ON_FAILURE): Text 'Enter first name' is present on page  using regular expression

2024-11-07 20:13:47 - [MESSAGE][PASSED] - Text 'Enter first name' is present on page  using regular expression

2024-11-07 20:13:47 - [TEST_STEP][PASSED] - verifyTextPresent("Enter last name", true, CONTINUE_ON_FAILURE): Text 'Enter last name' is present on page  using regular expression

2024-11-07 20:13:48 - [MESSAGE][PASSED] - Text 'Enter last name' is present on page  using regular expression

2024-11-07 20:13:48 - [TEST_STEP][PASSED] - verifyTextPresent("Enter address", true, CONTINUE_ON_FAILURE): Text 'Enter address' is present on page  using regular expression

2024-11-07 20:13:48 - [MESSAGE][PASSED] - Text 'Enter address' is present on page  using regular expression

2024-11-07 20:13:48 - [TEST_STEP][PASSED] - verifyTextPresent("Enter city", true, CONTINUE_ON_FAILURE): Text 'Enter city' is present on page  using regular expression

2024-11-07 20:13:48 - [MESSAGE][PASSED] - Text 'Enter city' is present on page  using regular expression

2024-11-07 20:13:48 - [TEST_STEP][PASSED] - verifyTextPresent("Enter ZIP code", true, CONTINUE_ON_FAILURE): Text 'Enter ZIP code' is present on page  using regular expression

2024-11-07 20:13:49 - [MESSAGE][PASSED] - Text 'Enter ZIP code' is present on page  using regular expression

2024-11-07 20:13:49 - [TEST_STEP][PASSED] - verifyTextPresent("Enter a valid phone number", true, CONTINUE_ON_FAILURE): Text 'Enter a valid phone number' is present on page  using regular expression

2024-11-07 20:13:49 - [MESSAGE][PASSED] - Text 'Enter a valid phone number' is present on page  using regular expression

2024-11-07 20:13:49 - [TEST_STEP][PASSED] - verifyTextPresent("Enter Email", true, CONTINUE_ON_FAILURE): Text 'Enter Email' is present on page  using regular expression

2024-11-07 20:13:49 - [MESSAGE][PASSED] - Text 'Enter Email' is present on page  using regular expression

2024-11-07 20:13:49 - [TEST_STEP][PASSED] - if (TaxType.equalsIgnoreCase("Estate Tax")): null

2024-11-07 20:13:50 - [TEST_STEP][PASSED] - else: Text 'Re-type SSN Validation Error' is present on page  using regular expression

2024-11-07 20:13:50 - [TEST_STEP][PASSED] - verifyTextPresent("Please enter a valid SSN with 9 digits", true, CONTINUE_ON_FAILURE): Text 'Please enter a valid SSN with 9 digits' is present on page  using regular expression

2024-11-07 20:13:50 - [MESSAGE][PASSED] - Text 'Please enter a valid SSN with 9 digits' is present on page  using regular expression

2024-11-07 20:13:50 - [TEST_STEP][PASSED] - verifyTextPresent("Re-type SSN Validation Error", true, CONTINUE_ON_FAILURE): Text 'Re-type SSN Validation Error' is present on page  using regular expression

2024-11-07 20:13:51 - [MESSAGE][PASSED] - Text 'Re-type SSN Validation Error' is present on page  using regular expression

2024-11-07 20:13:51 - [TEST_STEP][PASSED] - resText = "Pass": null

2024-11-07 20:13:51 - [TEST_STEP][PASSED] - pages.WriteExcel.demoKey(resText, datText, resColumn, datCloumn, fileLoc, nameSheet, row): pages.WriteExcel.demoKey is PASSED

2024-11-07 20:13:51 - [MESSAGE][PASSED] - pages.WriteExcel.demoKey is PASSED

2024-11-07 20:13:51 - [TEST_STEP][PASSED] - ExecuteTC = findTestData(dataFile).getValue("Execute", row): null

2024-11-07 20:13:51 - [TEST_STEP][PASSED] - TaxType = findTestData(dataFile).getValue("TaxType", row): null

2024-11-07 20:13:51 - [TEST_STEP][PASSED] - PaymentType = findTestData(dataFile).getValue("PaymentType", row): null

2024-11-07 20:13:51 - [TEST_STEP][PASSED] - FilingYear = findTestData(dataFile).getValue("Year", row): null

2024-11-07 20:13:51 - [TEST_STEP][PASSED] - if (ExecuteTC.equalsIgnoreCase("Y")): pages.WriteExcel.demoKey is PASSED

2024-11-07 20:13:51 - [TEST_STEP][PASSED] - out.println("Begin Record Number: " + row): null

2024-11-07 20:13:51 - [TEST_STEP][PASSED] - today = new java.util.Date(): null

2024-11-07 20:13:51 - [TEST_STEP][PASSED] - println(today): null

2024-11-07 20:13:51 - [TEST_STEP][PASSED] - datText = today: null

2024-11-07 20:13:51 - [TEST_STEP][PASSED] - logInfo("Payment Type: " + PaymentType): Payment Type: Extension Payments

2024-11-07 20:13:51 - [MESSAGE][INFO] - Payment Type: Extension Payments

2024-11-07 20:13:51 - [TEST_STEP][PASSED] - logInfo("Tax Type: " + TaxType): Tax Type: Personal Income Tax

2024-11-07 20:13:51 - [MESSAGE][INFO] - Tax Type: Personal Income Tax

2024-11-07 20:13:51 - [TEST_STEP][PASSED] - openBrowser(""): Browser is opened with url: ''

2024-11-07 20:13:51 - [MESSAGE][WARNING] - A browser is already opened. Closing browser and opening a new one

2024-11-07 20:14:06 - [MESSAGE][INFO] - Starting 'Chrome' driver

2024-11-07 20:14:06 - [MESSAGE][INFO] - User set preference: ['acceptInsecureCerts', 'true']

2024-11-07 20:14:06 - [MESSAGE][INFO] - Action delay is set to 0 milliseconds

2024-11-07 20:14:08 - [MESSAGE][PASSED] - Browser is opened with url: ''

2024-11-07 20:14:08 - [TEST_STEP][PASSED] - maximizeWindow(): Current window maximized

2024-11-07 20:14:08 - [MESSAGE][PASSED] - Current window maximized

2024-11-07 20:14:08 - [TEST_STEP][PASSED] - navigateToUrl(RADurl): Navigate to 'https://www.velocitypayment.com/client/rad/index.html' successfully

2024-11-07 20:14:11 - [MESSAGE][PASSED] - Navigate to 'https://www.velocitypayment.com/client/rad/index.html' successfully

2024-11-07 20:14:11 - [TEST_STEP][PASSED] - selectOptionByLabel(findTestObject(orPath_Landing + "/dd_TaxType"), PaymentType, false): All options with label 'Extension Payments' are selected in object 'Object Repository/RAD_Pages/Landing_Page/dd_TaxType' 

2024-11-07 20:14:11 - [MESSAGE][PASSED] - All options with label 'Extension Payments' are selected in object 'Object Repository/RAD_Pages/Landing_Page/dd_TaxType' 

2024-11-07 20:14:11 - [TEST_STEP][PASSED] - switch (PaymentType): null

2024-11-07 20:14:11 - [TEST_STEP][PASSED] - case "Extension Payments":: null

2024-11-07 20:14:11 - [TEST_STEP][PASSED] - selectOptionByLabel(findTestObject(orPath_TaxTypeFilingYear + "/select_PaymentType"), TaxType, false): All options with label 'Personal Income Tax' are selected in object 'Object Repository/RAD_Pages/TaxTypeFilingYear_Page/select_PaymentType' 

2024-11-07 20:14:12 - [MESSAGE][PASSED] - All options with label 'Personal Income Tax' are selected in object 'Object Repository/RAD_Pages/TaxTypeFilingYear_Page/select_PaymentType' 

2024-11-07 20:14:12 - [TEST_STEP][PASSED] - break: null

2024-11-07 20:14:12 - [TEST_STEP][PASSED] - if (!(FilingYear.isEmpty())): All options with label '2023' are selected in object 'Object Repository/RAD_Pages/TaxTypeFilingYear_Page/select_FilingYear' 

2024-11-07 20:14:12 - [TEST_STEP][PASSED] - selectOptionByLabel(findTestObject(orPath_TaxTypeFilingYear + "/select_FilingYear"), FilingYear, false): All options with label '2023' are selected in object 'Object Repository/RAD_Pages/TaxTypeFilingYear_Page/select_FilingYear' 

2024-11-07 20:14:13 - [MESSAGE][PASSED] - All options with label '2023' are selected in object 'Object Repository/RAD_Pages/TaxTypeFilingYear_Page/select_FilingYear' 

2024-11-07 20:14:13 - [TEST_STEP][PASSED] - setText(findTestObject(orPath_TaxPayer + "/input_firstName"), " "): Text ' ' is set on object 'Object Repository/RAD_Pages/Taxpayer_Page/input_firstName'

2024-11-07 20:14:14 - [MESSAGE][PASSED] - Text ' ' is set on object 'Object Repository/RAD_Pages/Taxpayer_Page/input_firstName'

2024-11-07 20:14:14 - [TEST_STEP][PASSED] - setText(findTestObject(orPath_TaxPayer + "/input_lastName"), " "): Text ' ' is set on object 'Object Repository/RAD_Pages/Taxpayer_Page/input_lastName'

2024-11-07 20:14:14 - [MESSAGE][PASSED] - Text ' ' is set on object 'Object Repository/RAD_Pages/Taxpayer_Page/input_lastName'

2024-11-07 20:14:14 - [TEST_STEP][PASSED] - if (TaxType.equalsIgnoreCase("Estate Tax")): null

2024-11-07 20:14:14 - [TEST_STEP][PASSED] - else: Text ' ' is set on object 'Object Repository/RAD_RecordAndPlay/input_concatReSSN'

2024-11-07 20:14:14 - [TEST_STEP][PASSED] - setText(findTestObject("RAD_RecordAndPlay/input_concatSSN"), " "): Text ' ' is set on object 'Object Repository/RAD_RecordAndPlay/input_concatSSN'

2024-11-07 20:14:15 - [MESSAGE][PASSED] - Text ' ' is set on object 'Object Repository/RAD_RecordAndPlay/input_concatSSN'

2024-11-07 20:14:15 - [TEST_STEP][PASSED] - setText(findTestObject("RAD_RecordAndPlay/input_concatReSSN"), " "): Text ' ' is set on object 'Object Repository/RAD_RecordAndPlay/input_concatReSSN'

2024-11-07 20:14:16 - [MESSAGE][PASSED] - Text ' ' is set on object 'Object Repository/RAD_RecordAndPlay/input_concatReSSN'

2024-11-07 20:14:16 - [TEST_STEP][PASSED] - setText(findTestObject(orPath_AddressContact + "/input_streetAddress1"), " "): Text ' ' is set on object 'Object Repository/RAD_Pages/AddressAndContactInfo_Page/input_streetAddress1'

2024-11-07 20:14:17 - [MESSAGE][PASSED] - Text ' ' is set on object 'Object Repository/RAD_Pages/AddressAndContactInfo_Page/input_streetAddress1'

2024-11-07 20:14:17 - [TEST_STEP][PASSED] - setText(findTestObject(orPath_AddressContact + "/input_city"), " "): Text ' ' is set on object 'Object Repository/RAD_Pages/AddressAndContactInfo_Page/input_city'

2024-11-07 20:14:17 - [MESSAGE][PASSED] - Text ' ' is set on object 'Object Repository/RAD_Pages/AddressAndContactInfo_Page/input_city'

2024-11-07 20:14:17 - [TEST_STEP][PASSED] - setText(findTestObject(orPath_AddressContact + "/input_zipCode"), " "): Text ' ' is set on object 'Object Repository/RAD_Pages/AddressAndContactInfo_Page/input_zipCode'

2024-11-07 20:14:18 - [MESSAGE][PASSED] - Text ' ' is set on object 'Object Repository/RAD_Pages/AddressAndContactInfo_Page/input_zipCode'

2024-11-07 20:14:18 - [TEST_STEP][PASSED] - setText(findTestObject(orPath_AddressContact + "/input_phoneNumber"), " "): Text ' ' is set on object 'Object Repository/RAD_Pages/AddressAndContactInfo_Page/input_phoneNumber'

2024-11-07 20:14:19 - [MESSAGE][PASSED] - Text ' ' is set on object 'Object Repository/RAD_Pages/AddressAndContactInfo_Page/input_phoneNumber'

2024-11-07 20:14:19 - [TEST_STEP][PASSED] - setText(findTestObject(orPath_AddressContact + "/input_eMailAddress"), " "): Text ' ' is set on object 'Object Repository/RAD_Pages/AddressAndContactInfo_Page/input_eMailAddress'

2024-11-07 20:14:20 - [MESSAGE][PASSED] - Text ' ' is set on object 'Object Repository/RAD_Pages/AddressAndContactInfo_Page/input_eMailAddress'

2024-11-07 20:14:20 - [TEST_STEP][PASSED] - setText(findTestObject(orPath_AddressContact + "/input_reEnterEMailAddress"), " "): Text ' ' is set on object 'Object Repository/RAD_Pages/AddressAndContactInfo_Page/input_reEnterEMailAddress'

2024-11-07 20:14:21 - [MESSAGE][PASSED] - Text ' ' is set on object 'Object Repository/RAD_Pages/AddressAndContactInfo_Page/input_reEnterEMailAddress'

2024-11-07 20:14:21 - [TEST_STEP][PASSED] - resText = "Fail": null

2024-11-07 20:14:21 - [TEST_STEP][PASSED] - pages.WriteExcel.demoKey(resText, datText, resColumn, datCloumn, fileLoc, nameSheet, row): pages.WriteExcel.demoKey is PASSED

2024-11-07 20:14:21 - [MESSAGE][PASSED] - pages.WriteExcel.demoKey is PASSED

2024-11-07 20:14:21 - [TEST_STEP][PASSED] - verifyTextPresent("Enter first name", true, CONTINUE_ON_FAILURE): Text 'Enter first name' is present on page  using regular expression

2024-11-07 20:14:21 - [MESSAGE][PASSED] - Text 'Enter first name' is present on page  using regular expression

2024-11-07 20:14:21 - [TEST_STEP][PASSED] - verifyTextPresent("Enter last name", true, CONTINUE_ON_FAILURE): Text 'Enter last name' is present on page  using regular expression

2024-11-07 20:14:21 - [MESSAGE][PASSED] - Text 'Enter last name' is present on page  using regular expression

2024-11-07 20:14:21 - [TEST_STEP][PASSED] - verifyTextPresent("Enter address", true, CONTINUE_ON_FAILURE): Text 'Enter address' is present on page  using regular expression

2024-11-07 20:14:22 - [MESSAGE][PASSED] - Text 'Enter address' is present on page  using regular expression

2024-11-07 20:14:22 - [TEST_STEP][PASSED] - verifyTextPresent("Enter city", true, CONTINUE_ON_FAILURE): Text 'Enter city' is present on page  using regular expression

2024-11-07 20:14:22 - [MESSAGE][PASSED] - Text 'Enter city' is present on page  using regular expression

2024-11-07 20:14:22 - [TEST_STEP][PASSED] - verifyTextPresent("Enter ZIP code", true, CONTINUE_ON_FAILURE): Text 'Enter ZIP code' is present on page  using regular expression

2024-11-07 20:14:22 - [MESSAGE][PASSED] - Text 'Enter ZIP code' is present on page  using regular expression

2024-11-07 20:14:22 - [TEST_STEP][PASSED] - verifyTextPresent("Enter a valid phone number", true, CONTINUE_ON_FAILURE): Text 'Enter a valid phone number' is present on page  using regular expression

2024-11-07 20:14:23 - [MESSAGE][PASSED] - Text 'Enter a valid phone number' is present on page  using regular expression

2024-11-07 20:14:23 - [TEST_STEP][PASSED] - verifyTextPresent("Enter Email", true, CONTINUE_ON_FAILURE): Text 'Enter Email' is present on page  using regular expression

2024-11-07 20:14:23 - [MESSAGE][PASSED] - Text 'Enter Email' is present on page  using regular expression

2024-11-07 20:14:23 - [TEST_STEP][PASSED] - if (TaxType.equalsIgnoreCase("Estate Tax")): null

2024-11-07 20:14:23 - [TEST_STEP][PASSED] - else: Text 'Re-type SSN Validation Error' is present on page  using regular expression

2024-11-07 20:14:23 - [TEST_STEP][PASSED] - verifyTextPresent("Please enter a valid SSN with 9 digits", true, CONTINUE_ON_FAILURE): Text 'Please enter a valid SSN with 9 digits' is present on page  using regular expression

2024-11-07 20:14:24 - [MESSAGE][PASSED] - Text 'Please enter a valid SSN with 9 digits' is present on page  using regular expression

2024-11-07 20:14:24 - [TEST_STEP][PASSED] - verifyTextPresent("Re-type SSN Validation Error", true, CONTINUE_ON_FAILURE): Text 'Re-type SSN Validation Error' is present on page  using regular expression

2024-11-07 20:14:24 - [MESSAGE][PASSED] - Text 'Re-type SSN Validation Error' is present on page  using regular expression

2024-11-07 20:14:24 - [TEST_STEP][PASSED] - resText = "Pass": null

2024-11-07 20:14:24 - [TEST_STEP][PASSED] - pages.WriteExcel.demoKey(resText, datText, resColumn, datCloumn, fileLoc, nameSheet, row): pages.WriteExcel.demoKey is PASSED

2024-11-07 20:14:24 - [MESSAGE][PASSED] - pages.WriteExcel.demoKey is PASSED

2024-11-07 20:14:24 - [TEST_STEP][PASSED] - ExecuteTC = findTestData(dataFile).getValue("Execute", row): null

2024-11-07 20:14:24 - [TEST_STEP][PASSED] - TaxType = findTestData(dataFile).getValue("TaxType", row): null

2024-11-07 20:14:24 - [TEST_STEP][PASSED] - PaymentType = findTestData(dataFile).getValue("PaymentType", row): null

2024-11-07 20:14:24 - [TEST_STEP][PASSED] - FilingYear = findTestData(dataFile).getValue("Year", row): null

2024-11-07 20:14:24 - [TEST_STEP][PASSED] - if (ExecuteTC.equalsIgnoreCase("Y")): pages.WriteExcel.demoKey is PASSED

2024-11-07 20:14:24 - [TEST_STEP][PASSED] - out.println("Begin Record Number: " + row): null

2024-11-07 20:14:24 - [TEST_STEP][PASSED] - today = new java.util.Date(): null

2024-11-07 20:14:24 - [TEST_STEP][PASSED] - println(today): null

2024-11-07 20:14:24 - [TEST_STEP][PASSED] - datText = today: null

2024-11-07 20:14:24 - [TEST_STEP][PASSED] - logInfo("Payment Type: " + PaymentType): Payment Type: New Tax Return Amount Due

2024-11-07 20:14:24 - [MESSAGE][INFO] - Payment Type: New Tax Return Amount Due

2024-11-07 20:14:24 - [TEST_STEP][PASSED] - logInfo("Tax Type: " + TaxType): Tax Type: Personal Income Tax

2024-11-07 20:14:24 - [MESSAGE][INFO] - Tax Type: Personal Income Tax

2024-11-07 20:14:24 - [TEST_STEP][PASSED] - openBrowser(""): Browser is opened with url: ''

2024-11-07 20:14:24 - [MESSAGE][WARNING] - A browser is already opened. Closing browser and opening a new one

2024-11-07 20:14:29 - [MESSAGE][INFO] - Starting 'Chrome' driver

2024-11-07 20:14:29 - [MESSAGE][INFO] - User set preference: ['acceptInsecureCerts', 'true']

2024-11-07 20:14:29 - [MESSAGE][INFO] - Action delay is set to 0 milliseconds

2024-11-07 20:14:31 - [MESSAGE][PASSED] - Browser is opened with url: ''

2024-11-07 20:14:31 - [TEST_STEP][PASSED] - maximizeWindow(): Current window maximized

2024-11-07 20:14:31 - [MESSAGE][PASSED] - Current window maximized

2024-11-07 20:14:31 - [TEST_STEP][PASSED] - navigateToUrl(RADurl): Navigate to 'https://www.velocitypayment.com/client/rad/index.html' successfully

2024-11-07 20:14:35 - [MESSAGE][PASSED] - Navigate to 'https://www.velocitypayment.com/client/rad/index.html' successfully

2024-11-07 20:14:35 - [TEST_STEP][PASSED] - selectOptionByLabel(findTestObject(orPath_Landing + "/dd_TaxType"), PaymentType, false): All options with label 'New Tax Return Amount Due' are selected in object 'Object Repository/RAD_Pages/Landing_Page/dd_TaxType' 

2024-11-07 20:14:36 - [MESSAGE][PASSED] - All options with label 'New Tax Return Amount Due' are selected in object 'Object Repository/RAD_Pages/Landing_Page/dd_TaxType' 

2024-11-07 20:14:36 - [TEST_STEP][PASSED] - switch (PaymentType): null

2024-11-07 20:14:36 - [TEST_STEP][PASSED] - case "New Tax Return Amount Due":: null

2024-11-07 20:14:36 - [TEST_STEP][PASSED] - selectOptionByLabel(findTestObject("Object Repository/RAD_Pages/Landing_Page/select_NewTaxReturnAmountDue_TaxType"), TaxType, false): All options with label 'Personal Income Tax' are selected in object 'Object Repository/RAD_Pages/Landing_Page/select_NewTaxReturnAmountDue_TaxType' 

2024-11-07 20:14:37 - [MESSAGE][PASSED] - All options with label 'Personal Income Tax' are selected in object 'Object Repository/RAD_Pages/Landing_Page/select_NewTaxReturnAmountDue_TaxType' 

2024-11-07 20:14:37 - [TEST_STEP][PASSED] - break: null

2024-11-07 20:14:37 - [TEST_STEP][PASSED] - if (!(FilingYear.isEmpty())): All options with label '2023' are selected in object 'Object Repository/RAD_Pages/TaxTypeFilingYear_Page/select_FilingYear' 

2024-11-07 20:14:37 - [TEST_STEP][PASSED] - selectOptionByLabel(findTestObject(orPath_TaxTypeFilingYear + "/select_FilingYear"), FilingYear, false): All options with label '2023' are selected in object 'Object Repository/RAD_Pages/TaxTypeFilingYear_Page/select_FilingYear' 

2024-11-07 20:14:38 - [MESSAGE][PASSED] - All options with label '2023' are selected in object 'Object Repository/RAD_Pages/TaxTypeFilingYear_Page/select_FilingYear' 

2024-11-07 20:14:38 - [TEST_STEP][PASSED] - setText(findTestObject(orPath_TaxPayer + "/input_firstName"), " "): Text ' ' is set on object 'Object Repository/RAD_Pages/Taxpayer_Page/input_firstName'

2024-11-07 20:14:39 - [MESSAGE][PASSED] - Text ' ' is set on object 'Object Repository/RAD_Pages/Taxpayer_Page/input_firstName'

2024-11-07 20:14:39 - [TEST_STEP][PASSED] - setText(findTestObject(orPath_TaxPayer + "/input_lastName"), " "): Text ' ' is set on object 'Object Repository/RAD_Pages/Taxpayer_Page/input_lastName'

2024-11-07 20:14:40 - [MESSAGE][PASSED] - Text ' ' is set on object 'Object Repository/RAD_Pages/Taxpayer_Page/input_lastName'

2024-11-07 20:14:40 - [TEST_STEP][PASSED] - if (TaxType.equalsIgnoreCase("Estate Tax")): null

2024-11-07 20:14:40 - [TEST_STEP][PASSED] - else: Text ' ' is set on object 'Object Repository/RAD_RecordAndPlay/input_concatReSSN'

2024-11-07 20:14:40 - [TEST_STEP][PASSED] - setText(findTestObject("RAD_RecordAndPlay/input_concatSSN"), " "): Text ' ' is set on object 'Object Repository/RAD_RecordAndPlay/input_concatSSN'

2024-11-07 20:14:40 - [MESSAGE][PASSED] - Text ' ' is set on object 'Object Repository/RAD_RecordAndPlay/input_concatSSN'

2024-11-07 20:14:40 - [TEST_STEP][PASSED] - setText(findTestObject("RAD_RecordAndPlay/input_concatReSSN"), " "): Text ' ' is set on object 'Object Repository/RAD_RecordAndPlay/input_concatReSSN'

2024-11-07 20:14:41 - [MESSAGE][PASSED] - Text ' ' is set on object 'Object Repository/RAD_RecordAndPlay/input_concatReSSN'

2024-11-07 20:14:41 - [TEST_STEP][PASSED] - setText(findTestObject(orPath_AddressContact + "/input_streetAddress1"), " "): Text ' ' is set on object 'Object Repository/RAD_Pages/AddressAndContactInfo_Page/input_streetAddress1'

2024-11-07 20:14:42 - [MESSAGE][PASSED] - Text ' ' is set on object 'Object Repository/RAD_Pages/AddressAndContactInfo_Page/input_streetAddress1'

2024-11-07 20:14:42 - [TEST_STEP][PASSED] - setText(findTestObject(orPath_AddressContact + "/input_city"), " "): Text ' ' is set on object 'Object Repository/RAD_Pages/AddressAndContactInfo_Page/input_city'

2024-11-07 20:14:44 - [MESSAGE][PASSED] - Text ' ' is set on object 'Object Repository/RAD_Pages/AddressAndContactInfo_Page/input_city'

2024-11-07 20:14:44 - [TEST_STEP][PASSED] - setText(findTestObject(orPath_AddressContact + "/input_zipCode"), " "): Text ' ' is set on object 'Object Repository/RAD_Pages/AddressAndContactInfo_Page/input_zipCode'

2024-11-07 20:14:46 - [MESSAGE][PASSED] - Text ' ' is set on object 'Object Repository/RAD_Pages/AddressAndContactInfo_Page/input_zipCode'

2024-11-07 20:14:46 - [TEST_STEP][PASSED] - setText(findTestObject(orPath_AddressContact + "/input_phoneNumber"), " "): Text ' ' is set on object 'Object Repository/RAD_Pages/AddressAndContactInfo_Page/input_phoneNumber'

2024-11-07 20:14:47 - [MESSAGE][PASSED] - Text ' ' is set on object 'Object Repository/RAD_Pages/AddressAndContactInfo_Page/input_phoneNumber'

2024-11-07 20:14:47 - [TEST_STEP][PASSED] - setText(findTestObject(orPath_AddressContact + "/input_eMailAddress"), " "): Text ' ' is set on object 'Object Repository/RAD_Pages/AddressAndContactInfo_Page/input_eMailAddress'

2024-11-07 20:14:48 - [MESSAGE][PASSED] - Text ' ' is set on object 'Object Repository/RAD_Pages/AddressAndContactInfo_Page/input_eMailAddress'

2024-11-07 20:14:48 - [TEST_STEP][PASSED] - setText(findTestObject(orPath_AddressContact + "/input_reEnterEMailAddress"), " "): Text ' ' is set on object 'Object Repository/RAD_Pages/AddressAndContactInfo_Page/input_reEnterEMailAddress'

2024-11-07 20:14:49 - [MESSAGE][PASSED] - Text ' ' is set on object 'Object Repository/RAD_Pages/AddressAndContactInfo_Page/input_reEnterEMailAddress'

2024-11-07 20:14:49 - [TEST_STEP][PASSED] - resText = "Fail": null

2024-11-07 20:14:49 - [TEST_STEP][PASSED] - pages.WriteExcel.demoKey(resText, datText, resColumn, datCloumn, fileLoc, nameSheet, row): pages.WriteExcel.demoKey is PASSED

2024-11-07 20:14:49 - [MESSAGE][PASSED] - pages.WriteExcel.demoKey is PASSED

2024-11-07 20:14:49 - [TEST_STEP][PASSED] - verifyTextPresent("Enter first name", true, CONTINUE_ON_FAILURE): Text 'Enter first name' is present on page  using regular expression

2024-11-07 20:14:50 - [MESSAGE][PASSED] - Text 'Enter first name' is present on page  using regular expression

2024-11-07 20:14:50 - [TEST_STEP][PASSED] - verifyTextPresent("Enter last name", true, CONTINUE_ON_FAILURE): Text 'Enter last name' is present on page  using regular expression

2024-11-07 20:14:50 - [MESSAGE][PASSED] - Text 'Enter last name' is present on page  using regular expression

2024-11-07 20:14:50 - [TEST_STEP][PASSED] - verifyTextPresent("Enter address", true, CONTINUE_ON_FAILURE): Text 'Enter address' is present on page  using regular expression

2024-11-07 20:14:51 - [MESSAGE][PASSED] - Text 'Enter address' is present on page  using regular expression

2024-11-07 20:14:51 - [TEST_STEP][PASSED] - verifyTextPresent("Enter city", true, CONTINUE_ON_FAILURE): Text 'Enter city' is present on page  using regular expression

2024-11-07 20:14:51 - [MESSAGE][PASSED] - Text 'Enter city' is present on page  using regular expression

2024-11-07 20:14:51 - [TEST_STEP][PASSED] - verifyTextPresent("Enter ZIP code", true, CONTINUE_ON_FAILURE): Text 'Enter ZIP code' is present on page  using regular expression

2024-11-07 20:14:52 - [MESSAGE][PASSED] - Text 'Enter ZIP code' is present on page  using regular expression

2024-11-07 20:14:52 - [TEST_STEP][PASSED] - verifyTextPresent("Enter a valid phone number", true, CONTINUE_ON_FAILURE): Text 'Enter a valid phone number' is present on page  using regular expression

2024-11-07 20:14:52 - [MESSAGE][PASSED] - Text 'Enter a valid phone number' is present on page  using regular expression

2024-11-07 20:14:52 - [TEST_STEP][PASSED] - verifyTextPresent("Enter Email", true, CONTINUE_ON_FAILURE): Text 'Enter Email' is present on page  using regular expression

2024-11-07 20:14:53 - [MESSAGE][PASSED] - Text 'Enter Email' is present on page  using regular expression

2024-11-07 20:14:53 - [TEST_STEP][PASSED] - if (TaxType.equalsIgnoreCase("Estate Tax")): null

2024-11-07 20:14:53 - [TEST_STEP][PASSED] - else: Text 'Re-type SSN Validation Error' is present on page  using regular expression

2024-11-07 20:14:53 - [TEST_STEP][PASSED] - verifyTextPresent("Please enter a valid SSN with 9 digits", true, CONTINUE_ON_FAILURE): Text 'Please enter a valid SSN with 9 digits' is present on page  using regular expression

2024-11-07 20:14:53 - [MESSAGE][PASSED] - Text 'Please enter a valid SSN with 9 digits' is present on page  using regular expression

2024-11-07 20:14:53 - [TEST_STEP][PASSED] - verifyTextPresent("Re-type SSN Validation Error", true, CONTINUE_ON_FAILURE): Text 'Re-type SSN Validation Error' is present on page  using regular expression

2024-11-07 20:14:53 - [MESSAGE][PASSED] - Text 'Re-type SSN Validation Error' is present on page  using regular expression

2024-11-07 20:14:53 - [TEST_STEP][PASSED] - resText = "Pass": null

2024-11-07 20:14:53 - [TEST_STEP][PASSED] - pages.WriteExcel.demoKey(resText, datText, resColumn, datCloumn, fileLoc, nameSheet, row): pages.WriteExcel.demoKey is PASSED

2024-11-07 20:14:54 - [MESSAGE][PASSED] - pages.WriteExcel.demoKey is PASSED

2024-11-07 20:14:54 - [TEST_STEP][PASSED] - ExecuteTC = findTestData(dataFile).getValue("Execute", row): null

2024-11-07 20:14:54 - [TEST_STEP][PASSED] - TaxType = findTestData(dataFile).getValue("TaxType", row): null

2024-11-07 20:14:54 - [TEST_STEP][PASSED] - PaymentType = findTestData(dataFile).getValue("PaymentType", row): null

2024-11-07 20:14:54 - [TEST_STEP][PASSED] - FilingYear = findTestData(dataFile).getValue("Year", row): null

2024-11-07 20:14:54 - [TEST_STEP][PASSED] - if (ExecuteTC.equalsIgnoreCase("Y")): pages.WriteExcel.demoKey is PASSED

2024-11-07 20:14:54 - [TEST_STEP][PASSED] - out.println("Begin Record Number: " + row): null

2024-11-07 20:14:54 - [TEST_STEP][PASSED] - today = new java.util.Date(): null

2024-11-07 20:14:54 - [TEST_STEP][PASSED] - println(today): null

2024-11-07 20:14:54 - [TEST_STEP][PASSED] - datText = today: null

2024-11-07 20:14:54 - [TEST_STEP][PASSED] - logInfo("Payment Type: " + PaymentType): Payment Type: New Tax Return Amount Due

2024-11-07 20:14:54 - [MESSAGE][INFO] - Payment Type: New Tax Return Amount Due

2024-11-07 20:14:54 - [TEST_STEP][PASSED] - logInfo("Tax Type: " + TaxType): Tax Type: Personal Income Tax

2024-11-07 20:14:54 - [MESSAGE][INFO] - Tax Type: Personal Income Tax

2024-11-07 20:14:54 - [TEST_STEP][PASSED] - openBrowser(""): Browser is opened with url: ''

2024-11-07 20:14:54 - [MESSAGE][WARNING] - A browser is already opened. Closing browser and opening a new one

2024-11-07 20:15:04 - [MESSAGE][INFO] - Starting 'Chrome' driver

2024-11-07 20:15:04 - [MESSAGE][INFO] - User set preference: ['acceptInsecureCerts', 'true']

2024-11-07 20:15:04 - [MESSAGE][INFO] - Action delay is set to 0 milliseconds

2024-11-07 20:15:07 - [MESSAGE][PASSED] - Browser is opened with url: ''

2024-11-07 20:15:07 - [TEST_STEP][PASSED] - maximizeWindow(): Current window maximized

2024-11-07 20:15:07 - [MESSAGE][PASSED] - Current window maximized

2024-11-07 20:15:07 - [TEST_STEP][PASSED] - navigateToUrl(RADurl): Navigate to 'https://www.velocitypayment.com/client/rad/index.html' successfully

2024-11-07 20:15:07 - [MESSAGE][PASSED] - Navigate to 'https://www.velocitypayment.com/client/rad/index.html' successfully

2024-11-07 20:15:07 - [TEST_STEP][PASSED] - selectOptionByLabel(findTestObject(orPath_Landing + "/dd_TaxType"), PaymentType, false): All options with label 'New Tax Return Amount Due' are selected in object 'Object Repository/RAD_Pages/Landing_Page/dd_TaxType' 

2024-11-07 20:15:10 - [MESSAGE][PASSED] - All options with label 'New Tax Return Amount Due' are selected in object 'Object Repository/RAD_Pages/Landing_Page/dd_TaxType' 

2024-11-07 20:15:10 - [TEST_STEP][PASSED] - switch (PaymentType): null

2024-11-07 20:15:10 - [TEST_STEP][PASSED] - case "New Tax Return Amount Due":: null

2024-11-07 20:15:10 - [TEST_STEP][PASSED] - selectOptionByLabel(findTestObject("Object Repository/RAD_Pages/Landing_Page/select_NewTaxReturnAmountDue_TaxType"), TaxType, false): All options with label 'Personal Income Tax' are selected in object 'Object Repository/RAD_Pages/Landing_Page/select_NewTaxReturnAmountDue_TaxType' 

2024-11-07 20:15:11 - [MESSAGE][PASSED] - All options with label 'Personal Income Tax' are selected in object 'Object Repository/RAD_Pages/Landing_Page/select_NewTaxReturnAmountDue_TaxType' 

2024-11-07 20:15:11 - [TEST_STEP][PASSED] - break: null

2024-11-07 20:15:11 - [TEST_STEP][PASSED] - if (!(FilingYear.isEmpty())): All options with label '2022' are selected in object 'Object Repository/RAD_Pages/TaxTypeFilingYear_Page/select_FilingYear' 

2024-11-07 20:15:11 - [TEST_STEP][PASSED] - selectOptionByLabel(findTestObject(orPath_TaxTypeFilingYear + "/select_FilingYear"), FilingYear, false): All options with label '2022' are selected in object 'Object Repository/RAD_Pages/TaxTypeFilingYear_Page/select_FilingYear' 

2024-11-07 20:15:11 - [MESSAGE][PASSED] - All options with label '2022' are selected in object 'Object Repository/RAD_Pages/TaxTypeFilingYear_Page/select_FilingYear' 

2024-11-07 20:15:11 - [TEST_STEP][PASSED] - setText(findTestObject(orPath_TaxPayer + "/input_firstName"), " "): Text ' ' is set on object 'Object Repository/RAD_Pages/Taxpayer_Page/input_firstName'

2024-11-07 20:15:12 - [MESSAGE][PASSED] - Text ' ' is set on object 'Object Repository/RAD_Pages/Taxpayer_Page/input_firstName'

2024-11-07 20:15:12 - [TEST_STEP][PASSED] - setText(findTestObject(orPath_TaxPayer + "/input_lastName"), " "): Text ' ' is set on object 'Object Repository/RAD_Pages/Taxpayer_Page/input_lastName'

2024-11-07 20:15:13 - [MESSAGE][PASSED] - Text ' ' is set on object 'Object Repository/RAD_Pages/Taxpayer_Page/input_lastName'

2024-11-07 20:15:13 - [TEST_STEP][PASSED] - if (TaxType.equalsIgnoreCase("Estate Tax")): null

2024-11-07 20:15:13 - [TEST_STEP][PASSED] - else: Text ' ' is set on object 'Object Repository/RAD_RecordAndPlay/input_concatReSSN'

2024-11-07 20:15:13 - [TEST_STEP][PASSED] - setText(findTestObject("RAD_RecordAndPlay/input_concatSSN"), " "): Text ' ' is set on object 'Object Repository/RAD_RecordAndPlay/input_concatSSN'

2024-11-07 20:15:14 - [MESSAGE][PASSED] - Text ' ' is set on object 'Object Repository/RAD_RecordAndPlay/input_concatSSN'

2024-11-07 20:15:14 - [TEST_STEP][PASSED] - setText(findTestObject("RAD_RecordAndPlay/input_concatReSSN"), " "): Text ' ' is set on object 'Object Repository/RAD_RecordAndPlay/input_concatReSSN'

2024-11-07 20:15:15 - [MESSAGE][PASSED] - Text ' ' is set on object 'Object Repository/RAD_RecordAndPlay/input_concatReSSN'

2024-11-07 20:15:15 - [TEST_STEP][PASSED] - setText(findTestObject(orPath_AddressContact + "/input_streetAddress1"), " "): Text ' ' is set on object 'Object Repository/RAD_Pages/AddressAndContactInfo_Page/input_streetAddress1'

2024-11-07 20:15:15 - [MESSAGE][PASSED] - Text ' ' is set on object 'Object Repository/RAD_Pages/AddressAndContactInfo_Page/input_streetAddress1'

2024-11-07 20:15:15 - [TEST_STEP][PASSED] - setText(findTestObject(orPath_AddressContact + "/input_city"), " "): Text ' ' is set on object 'Object Repository/RAD_Pages/AddressAndContactInfo_Page/input_city'

2024-11-07 20:15:16 - [MESSAGE][PASSED] - Text ' ' is set on object 'Object Repository/RAD_Pages/AddressAndContactInfo_Page/input_city'

2024-11-07 20:15:16 - [TEST_STEP][PASSED] - setText(findTestObject(orPath_AddressContact + "/input_zipCode"), " "): Text ' ' is set on object 'Object Repository/RAD_Pages/AddressAndContactInfo_Page/input_zipCode'

2024-11-07 20:15:17 - [MESSAGE][PASSED] - Text ' ' is set on object 'Object Repository/RAD_Pages/AddressAndContactInfo_Page/input_zipCode'

2024-11-07 20:15:17 - [TEST_STEP][PASSED] - setText(findTestObject(orPath_AddressContact + "/input_phoneNumber"), " "): Text ' ' is set on object 'Object Repository/RAD_Pages/AddressAndContactInfo_Page/input_phoneNumber'

2024-11-07 20:15:18 - [MESSAGE][PASSED] - Text ' ' is set on object 'Object Repository/RAD_Pages/AddressAndContactInfo_Page/input_phoneNumber'

2024-11-07 20:15:18 - [TEST_STEP][PASSED] - setText(findTestObject(orPath_AddressContact + "/input_eMailAddress"), " "): Text ' ' is set on object 'Object Repository/RAD_Pages/AddressAndContactInfo_Page/input_eMailAddress'

2024-11-07 20:15:18 - [MESSAGE][PASSED] - Text ' ' is set on object 'Object Repository/RAD_Pages/AddressAndContactInfo_Page/input_eMailAddress'

2024-11-07 20:15:18 - [TEST_STEP][PASSED] - setText(findTestObject(orPath_AddressContact + "/input_reEnterEMailAddress"), " "): Text ' ' is set on object 'Object Repository/RAD_Pages/AddressAndContactInfo_Page/input_reEnterEMailAddress'

2024-11-07 20:15:19 - [MESSAGE][PASSED] - Text ' ' is set on object 'Object Repository/RAD_Pages/AddressAndContactInfo_Page/input_reEnterEMailAddress'

2024-11-07 20:15:19 - [TEST_STEP][PASSED] - resText = "Fail": null

2024-11-07 20:15:19 - [TEST_STEP][PASSED] - pages.WriteExcel.demoKey(resText, datText, resColumn, datCloumn, fileLoc, nameSheet, row): pages.WriteExcel.demoKey is PASSED

2024-11-07 20:15:19 - [MESSAGE][PASSED] - pages.WriteExcel.demoKey is PASSED

2024-11-07 20:15:19 - [TEST_STEP][PASSED] - verifyTextPresent("Enter first name", true, CONTINUE_ON_FAILURE): Text 'Enter first name' is present on page  using regular expression

2024-11-07 20:15:20 - [MESSAGE][PASSED] - Text 'Enter first name' is present on page  using regular expression

2024-11-07 20:15:20 - [TEST_STEP][PASSED] - verifyTextPresent("Enter last name", true, CONTINUE_ON_FAILURE): Text 'Enter last name' is present on page  using regular expression

2024-11-07 20:15:20 - [MESSAGE][PASSED] - Text 'Enter last name' is present on page  using regular expression

2024-11-07 20:15:20 - [TEST_STEP][PASSED] - verifyTextPresent("Enter address", true, CONTINUE_ON_FAILURE): Text 'Enter address' is present on page  using regular expression

2024-11-07 20:15:20 - [MESSAGE][PASSED] - Text 'Enter address' is present on page  using regular expression

2024-11-07 20:15:20 - [TEST_STEP][PASSED] - verifyTextPresent("Enter city", true, CONTINUE_ON_FAILURE): Text 'Enter city' is present on page  using regular expression

2024-11-07 20:15:21 - [MESSAGE][PASSED] - Text 'Enter city' is present on page  using regular expression

2024-11-07 20:15:21 - [TEST_STEP][PASSED] - verifyTextPresent("Enter ZIP code", true, CONTINUE_ON_FAILURE): Text 'Enter ZIP code' is present on page  using regular expression

2024-11-07 20:15:21 - [MESSAGE][PASSED] - Text 'Enter ZIP code' is present on page  using regular expression

2024-11-07 20:15:21 - [TEST_STEP][PASSED] - verifyTextPresent("Enter a valid phone number", true, CONTINUE_ON_FAILURE): Text 'Enter a valid phone number' is present on page  using regular expression

2024-11-07 20:15:21 - [MESSAGE][PASSED] - Text 'Enter a valid phone number' is present on page  using regular expression

2024-11-07 20:15:21 - [TEST_STEP][PASSED] - verifyTextPresent("Enter Email", true, CONTINUE_ON_FAILURE): Text 'Enter Email' is present on page  using regular expression

2024-11-07 20:15:22 - [MESSAGE][PASSED] - Text 'Enter Email' is present on page  using regular expression

2024-11-07 20:15:22 - [TEST_STEP][PASSED] - if (TaxType.equalsIgnoreCase("Estate Tax")): null

2024-11-07 20:15:22 - [TEST_STEP][PASSED] - else: Text 'Re-type SSN Validation Error' is present on page  using regular expression

2024-11-07 20:15:22 - [TEST_STEP][PASSED] - verifyTextPresent("Please enter a valid SSN with 9 digits", true, CONTINUE_ON_FAILURE): Text 'Please enter a valid SSN with 9 digits' is present on page  using regular expression

2024-11-07 20:15:22 - [MESSAGE][PASSED] - Text 'Please enter a valid SSN with 9 digits' is present on page  using regular expression

2024-11-07 20:15:22 - [TEST_STEP][PASSED] - verifyTextPresent("Re-type SSN Validation Error", true, CONTINUE_ON_FAILURE): Text 'Re-type SSN Validation Error' is present on page  using regular expression

2024-11-07 20:15:22 - [MESSAGE][PASSED] - Text 'Re-type SSN Validation Error' is present on page  using regular expression

2024-11-07 20:15:22 - [TEST_STEP][PASSED] - resText = "Pass": null

2024-11-07 20:15:22 - [TEST_STEP][PASSED] - pages.WriteExcel.demoKey(resText, datText, resColumn, datCloumn, fileLoc, nameSheet, row): pages.WriteExcel.demoKey is PASSED

2024-11-07 20:15:22 - [MESSAGE][PASSED] - pages.WriteExcel.demoKey is PASSED

2024-11-07 20:15:22 - [TEST_STEP][PASSED] - ExecuteTC = findTestData(dataFile).getValue("Execute", row): null

2024-11-07 20:15:22 - [TEST_STEP][PASSED] - TaxType = findTestData(dataFile).getValue("TaxType", row): null

2024-11-07 20:15:23 - [TEST_STEP][PASSED] - PaymentType = findTestData(dataFile).getValue("PaymentType", row): null

2024-11-07 20:15:23 - [TEST_STEP][PASSED] - FilingYear = findTestData(dataFile).getValue("Year", row): null

2024-11-07 20:15:23 - [TEST_STEP][PASSED] - if (ExecuteTC.equalsIgnoreCase("Y")): pages.WriteExcel.demoKey is PASSED

2024-11-07 20:15:23 - [TEST_STEP][PASSED] - out.println("Begin Record Number: " + row): null

2024-11-07 20:15:23 - [TEST_STEP][PASSED] - today = new java.util.Date(): null

2024-11-07 20:15:23 - [TEST_STEP][PASSED] - println(today): null

2024-11-07 20:15:23 - [TEST_STEP][PASSED] - datText = today: null

2024-11-07 20:15:23 - [TEST_STEP][PASSED] - logInfo("Payment Type: " + PaymentType): Payment Type: New Tax Return Amount Due

2024-11-07 20:15:23 - [MESSAGE][INFO] - Payment Type: New Tax Return Amount Due

2024-11-07 20:15:23 - [TEST_STEP][PASSED] - logInfo("Tax Type: " + TaxType): Tax Type: Personal Income Tax

2024-11-07 20:15:23 - [MESSAGE][INFO] - Tax Type: Personal Income Tax

2024-11-07 20:15:23 - [TEST_STEP][PASSED] - openBrowser(""): Browser is opened with url: ''

2024-11-07 20:15:23 - [MESSAGE][WARNING] - A browser is already opened. Closing browser and opening a new one

2024-11-07 20:15:24 - [MESSAGE][INFO] - Starting 'Chrome' driver

2024-11-07 20:15:24 - [MESSAGE][INFO] - User set preference: ['acceptInsecureCerts', 'true']

2024-11-07 20:15:24 - [MESSAGE][INFO] - Action delay is set to 0 milliseconds

2024-11-07 20:15:26 - [MESSAGE][PASSED] - Browser is opened with url: ''

2024-11-07 20:15:26 - [TEST_STEP][PASSED] - maximizeWindow(): Current window maximized

2024-11-07 20:15:26 - [MESSAGE][PASSED] - Current window maximized

2024-11-07 20:15:26 - [TEST_STEP][PASSED] - navigateToUrl(RADurl): Navigate to 'https://www.velocitypayment.com/client/rad/index.html' successfully

2024-11-07 20:15:31 - [MESSAGE][PASSED] - Navigate to 'https://www.velocitypayment.com/client/rad/index.html' successfully

2024-11-07 20:15:31 - [TEST_STEP][PASSED] - selectOptionByLabel(findTestObject(orPath_Landing + "/dd_TaxType"), PaymentType, false): All options with label 'New Tax Return Amount Due' are selected in object 'Object Repository/RAD_Pages/Landing_Page/dd_TaxType' 

2024-11-07 20:15:32 - [MESSAGE][PASSED] - All options with label 'New Tax Return Amount Due' are selected in object 'Object Repository/RAD_Pages/Landing_Page/dd_TaxType' 

2024-11-07 20:15:32 - [TEST_STEP][PASSED] - switch (PaymentType): null

2024-11-07 20:15:32 - [TEST_STEP][PASSED] - case "New Tax Return Amount Due":: null

2024-11-07 20:15:32 - [TEST_STEP][PASSED] - selectOptionByLabel(findTestObject("Object Repository/RAD_Pages/Landing_Page/select_NewTaxReturnAmountDue_TaxType"), TaxType, false): All options with label 'Personal Income Tax' are selected in object 'Object Repository/RAD_Pages/Landing_Page/select_NewTaxReturnAmountDue_TaxType' 

2024-11-07 20:15:33 - [MESSAGE][PASSED] - All options with label 'Personal Income Tax' are selected in object 'Object Repository/RAD_Pages/Landing_Page/select_NewTaxReturnAmountDue_TaxType' 

2024-11-07 20:15:33 - [TEST_STEP][PASSED] - break: null

2024-11-07 20:15:33 - [TEST_STEP][PASSED] - if (!(FilingYear.isEmpty())): All options with label '2021' are selected in object 'Object Repository/RAD_Pages/TaxTypeFilingYear_Page/select_FilingYear' 

2024-11-07 20:15:33 - [TEST_STEP][PASSED] - selectOptionByLabel(findTestObject(orPath_TaxTypeFilingYear + "/select_FilingYear"), FilingYear, false): All options with label '2021' are selected in object 'Object Repository/RAD_Pages/TaxTypeFilingYear_Page/select_FilingYear' 

2024-11-07 20:15:34 - [MESSAGE][PASSED] - All options with label '2021' are selected in object 'Object Repository/RAD_Pages/TaxTypeFilingYear_Page/select_FilingYear' 

2024-11-07 20:15:34 - [TEST_STEP][PASSED] - setText(findTestObject(orPath_TaxPayer + "/input_firstName"), " "): Text ' ' is set on object 'Object Repository/RAD_Pages/Taxpayer_Page/input_firstName'

2024-11-07 20:15:34 - [MESSAGE][PASSED] - Text ' ' is set on object 'Object Repository/RAD_Pages/Taxpayer_Page/input_firstName'

2024-11-07 20:15:34 - [TEST_STEP][PASSED] - setText(findTestObject(orPath_TaxPayer + "/input_lastName"), " "): Text ' ' is set on object 'Object Repository/RAD_Pages/Taxpayer_Page/input_lastName'

2024-11-07 20:15:35 - [MESSAGE][PASSED] - Text ' ' is set on object 'Object Repository/RAD_Pages/Taxpayer_Page/input_lastName'

2024-11-07 20:15:35 - [TEST_STEP][PASSED] - if (TaxType.equalsIgnoreCase("Estate Tax")): null

2024-11-07 20:15:35 - [TEST_STEP][PASSED] - else: Text ' ' is set on object 'Object Repository/RAD_RecordAndPlay/input_concatReSSN'

2024-11-07 20:15:35 - [TEST_STEP][PASSED] - setText(findTestObject("RAD_RecordAndPlay/input_concatSSN"), " "): Text ' ' is set on object 'Object Repository/RAD_RecordAndPlay/input_concatSSN'

2024-11-07 20:15:36 - [MESSAGE][PASSED] - Text ' ' is set on object 'Object Repository/RAD_RecordAndPlay/input_concatSSN'

2024-11-07 20:15:36 - [TEST_STEP][PASSED] - setText(findTestObject("RAD_RecordAndPlay/input_concatReSSN"), " "): Text ' ' is set on object 'Object Repository/RAD_RecordAndPlay/input_concatReSSN'

2024-11-07 20:15:36 - [MESSAGE][PASSED] - Text ' ' is set on object 'Object Repository/RAD_RecordAndPlay/input_concatReSSN'

2024-11-07 20:15:36 - [TEST_STEP][PASSED] - setText(findTestObject(orPath_AddressContact + "/input_streetAddress1"), " "): Text ' ' is set on object 'Object Repository/RAD_Pages/AddressAndContactInfo_Page/input_streetAddress1'

2024-11-07 20:15:37 - [MESSAGE][PASSED] - Text ' ' is set on object 'Object Repository/RAD_Pages/AddressAndContactInfo_Page/input_streetAddress1'

2024-11-07 20:15:37 - [TEST_STEP][PASSED] - setText(findTestObject(orPath_AddressContact + "/input_city"), " "): Text ' ' is set on object 'Object Repository/RAD_Pages/AddressAndContactInfo_Page/input_city'

2024-11-07 20:15:38 - [MESSAGE][PASSED] - Text ' ' is set on object 'Object Repository/RAD_Pages/AddressAndContactInfo_Page/input_city'

2024-11-07 20:15:38 - [TEST_STEP][PASSED] - setText(findTestObject(orPath_AddressContact + "/input_zipCode"), " "): Text ' ' is set on object 'Object Repository/RAD_Pages/AddressAndContactInfo_Page/input_zipCode'

2024-11-07 20:15:39 - [MESSAGE][PASSED] - Text ' ' is set on object 'Object Repository/RAD_Pages/AddressAndContactInfo_Page/input_zipCode'

2024-11-07 20:15:39 - [TEST_STEP][PASSED] - setText(findTestObject(orPath_AddressContact + "/input_phoneNumber"), " "): Text ' ' is set on object 'Object Repository/RAD_Pages/AddressAndContactInfo_Page/input_phoneNumber'

2024-11-07 20:15:39 - [MESSAGE][PASSED] - Text ' ' is set on object 'Object Repository/RAD_Pages/AddressAndContactInfo_Page/input_phoneNumber'

2024-11-07 20:15:39 - [TEST_STEP][PASSED] - setText(findTestObject(orPath_AddressContact + "/input_eMailAddress"), " "): Text ' ' is set on object 'Object Repository/RAD_Pages/AddressAndContactInfo_Page/input_eMailAddress'

2024-11-07 20:15:40 - [MESSAGE][PASSED] - Text ' ' is set on object 'Object Repository/RAD_Pages/AddressAndContactInfo_Page/input_eMailAddress'

2024-11-07 20:15:40 - [TEST_STEP][PASSED] - setText(findTestObject(orPath_AddressContact + "/input_reEnterEMailAddress"), " "): Text ' ' is set on object 'Object Repository/RAD_Pages/AddressAndContactInfo_Page/input_reEnterEMailAddress'

2024-11-07 20:15:41 - [MESSAGE][PASSED] - Text ' ' is set on object 'Object Repository/RAD_Pages/AddressAndContactInfo_Page/input_reEnterEMailAddress'

2024-11-07 20:15:41 - [TEST_STEP][PASSED] - resText = "Fail": null

2024-11-07 20:15:41 - [TEST_STEP][PASSED] - pages.WriteExcel.demoKey(resText, datText, resColumn, datCloumn, fileLoc, nameSheet, row): pages.WriteExcel.demoKey is PASSED

2024-11-07 20:15:41 - [MESSAGE][PASSED] - pages.WriteExcel.demoKey is PASSED

2024-11-07 20:15:41 - [TEST_STEP][PASSED] - verifyTextPresent("Enter first name", true, CONTINUE_ON_FAILURE): Text 'Enter first name' is present on page  using regular expression

2024-11-07 20:15:42 - [MESSAGE][PASSED] - Text 'Enter first name' is present on page  using regular expression

2024-11-07 20:15:42 - [TEST_STEP][PASSED] - verifyTextPresent("Enter last name", true, CONTINUE_ON_FAILURE): Text 'Enter last name' is present on page  using regular expression

2024-11-07 20:15:42 - [MESSAGE][PASSED] - Text 'Enter last name' is present on page  using regular expression

2024-11-07 20:15:42 - [TEST_STEP][PASSED] - verifyTextPresent("Enter address", true, CONTINUE_ON_FAILURE): Text 'Enter address' is present on page  using regular expression

2024-11-07 20:15:42 - [MESSAGE][PASSED] - Text 'Enter address' is present on page  using regular expression

2024-11-07 20:15:42 - [TEST_STEP][PASSED] - verifyTextPresent("Enter city", true, CONTINUE_ON_FAILURE): Text 'Enter city' is present on page  using regular expression

2024-11-07 20:15:43 - [MESSAGE][PASSED] - Text 'Enter city' is present on page  using regular expression

2024-11-07 20:15:43 - [TEST_STEP][PASSED] - verifyTextPresent("Enter ZIP code", true, CONTINUE_ON_FAILURE): Text 'Enter ZIP code' is present on page  using regular expression

2024-11-07 20:15:43 - [MESSAGE][PASSED] - Text 'Enter ZIP code' is present on page  using regular expression

2024-11-07 20:15:43 - [TEST_STEP][PASSED] - verifyTextPresent("Enter a valid phone number", true, CONTINUE_ON_FAILURE): Text 'Enter a valid phone number' is present on page  using regular expression

2024-11-07 20:15:44 - [MESSAGE][PASSED] - Text 'Enter a valid phone number' is present on page  using regular expression

2024-11-07 20:15:44 - [TEST_STEP][PASSED] - verifyTextPresent("Enter Email", true, CONTINUE_ON_FAILURE): Text 'Enter Email' is present on page  using regular expression

2024-11-07 20:15:44 - [MESSAGE][PASSED] - Text 'Enter Email' is present on page  using regular expression

2024-11-07 20:15:44 - [TEST_STEP][PASSED] - if (TaxType.equalsIgnoreCase("Estate Tax")): null

2024-11-07 20:15:44 - [TEST_STEP][PASSED] - else: Text 'Re-type SSN Validation Error' is present on page  using regular expression

2024-11-07 20:15:44 - [TEST_STEP][PASSED] - verifyTextPresent("Please enter a valid SSN with 9 digits", true, CONTINUE_ON_FAILURE): Text 'Please enter a valid SSN with 9 digits' is present on page  using regular expression

2024-11-07 20:15:45 - [MESSAGE][PASSED] - Text 'Please enter a valid SSN with 9 digits' is present on page  using regular expression

2024-11-07 20:15:45 - [TEST_STEP][PASSED] - verifyTextPresent("Re-type SSN Validation Error", true, CONTINUE_ON_FAILURE): Text 'Re-type SSN Validation Error' is present on page  using regular expression

2024-11-07 20:15:45 - [MESSAGE][PASSED] - Text 'Re-type SSN Validation Error' is present on page  using regular expression

2024-11-07 20:15:45 - [TEST_STEP][PASSED] - resText = "Pass": null

2024-11-07 20:15:45 - [TEST_STEP][PASSED] - pages.WriteExcel.demoKey(resText, datText, resColumn, datCloumn, fileLoc, nameSheet, row): pages.WriteExcel.demoKey is PASSED

2024-11-07 20:15:45 - [MESSAGE][PASSED] - pages.WriteExcel.demoKey is PASSED

2024-11-07 20:15:45 - [TEST_STEP][PASSED] - ExecuteTC = findTestData(dataFile).getValue("Execute", row): null

2024-11-07 20:15:45 - [TEST_STEP][PASSED] - TaxType = findTestData(dataFile).getValue("TaxType", row): null

2024-11-07 20:15:46 - [TEST_STEP][PASSED] - PaymentType = findTestData(dataFile).getValue("PaymentType", row): null

2024-11-07 20:15:46 - [TEST_STEP][PASSED] - FilingYear = findTestData(dataFile).getValue("Year", row): null

2024-11-07 20:15:46 - [TEST_STEP][PASSED] - if (ExecuteTC.equalsIgnoreCase("Y")): null

2024-11-07 20:15:46 - [TEST_STEP][PASSED] - ExecuteTC = findTestData(dataFile).getValue("Execute", row): null

2024-11-07 20:15:46 - [TEST_STEP][PASSED] - TaxType = findTestData(dataFile).getValue("TaxType", row): null

2024-11-07 20:15:46 - [TEST_STEP][PASSED] - PaymentType = findTestData(dataFile).getValue("PaymentType", row): null

2024-11-07 20:15:46 - [TEST_STEP][PASSED] - FilingYear = findTestData(dataFile).getValue("Year", row): null

2024-11-07 20:15:46 - [TEST_STEP][PASSED] - if (ExecuteTC.equalsIgnoreCase("Y")): null

2024-11-07 20:15:46 - [TEST_STEP][PASSED] - ExecuteTC = findTestData(dataFile).getValue("Execute", row): null

2024-11-07 20:15:46 - [TEST_STEP][PASSED] - TaxType = findTestData(dataFile).getValue("TaxType", row): null

2024-11-07 20:15:46 - [TEST_STEP][PASSED] - PaymentType = findTestData(dataFile).getValue("PaymentType", row): null

2024-11-07 20:15:46 - [TEST_STEP][PASSED] - FilingYear = findTestData(dataFile).getValue("Year", row): null

2024-11-07 20:15:47 - [TEST_STEP][PASSED] - if (ExecuteTC.equalsIgnoreCase("Y")): null]]></system-out>
         <system-err><![CDATA[]]></system-err>
      </testcase>
      <system-out><![CDATA[2024-11-07 19:55:15 - [TEST_SUITE][PASSED] - RAD_UI_TestSuite: Test Cases/RAD_TestCases/MRF_TestCases/Personal_Individual_MRF_TC]]></system-out>
      <system-err><![CDATA[]]></system-err>
   </testsuite>
</testsuites>
