<?xml version="1.0" encoding="UTF-8"?>
<testsuites name="QA_Smoke_Test" time="1516.726" tests="8" failures="1" errors="0">
   <testsuite name="QA_Smoke_Test" tests="8" failures="1" errors="0" time="1516.726" skipped="0" timestamp="2023-01-19 19:16:29" hostname="imtiaz - DESKTOP-B2QI6NS.govolution.com" id="Test Suites/QA/VLink/QA_Smoke_Test">
      <properties>
         <property name="deviceName" value=""/>
         <property name="devicePlatform" value=""/>
         <property name="logFolder" value="E:\\Cloned-Project-Katalon\\VPS-Katalon\\Reports\\20230119_191624\\QA\\VLink\\QA_Smoke_Test\\20230119_191624"/>
         <property name="logFiles" value="E:\\Cloned-Project-Katalon\\VPS-Katalon\\Reports\\20230119_191624\\QA\\VLink\\QA_Smoke_Test\\20230119_191624\\execution0.log"/>
         <property name="attachments" value=""/>
         <property name="hostName" value="imtiaz - DESKTOP-B2QI6NS.govolution.com"/>
         <property name="os" value="Windows 10 64bit"/>
         <property name="katalonVersion" value="8.2.5.208"/>
         <property name="browser" value="Chrome 109.0.0.0"/>
         <property name="hostAddress" value="172.31.253.55"/>
         <property name="sessionId" value="9359036a22df94326113cc2715794b68"/>
         <property name="seleniumVersion" value="3.141.59"/>
         <property name="proxyInformation" value="ProxyInformation { proxyOption=NO_PROXY, proxyServerType=HTTP, username=, password=********, proxyServerAddress=, proxyServerPort=0, executionList=&quot;&quot;, isApplyToDesiredCapabilities=true }"/>
         <property name="platform" value="Windows 10"/>
      </properties>
      <testcase name="Test Cases/RecAndPlayBk/VLink/Debit" time="132.799" classname="Test Cases/RecAndPlayBk/VLink/Debit" status="PASSED">
         <system-out><![CDATA[2023-01-19 19:16:29 - [TEST_CASE][PASSED] - Test Cases/RecAndPlayBk/VLink/Debit: Test Cases/RecAndPlayBk/VLink/Debit

2023-01-19 19:16:30 - [TEST_STEP][PASSED] - executionProfile = getExecutionProfile(): null

2023-01-19 19:16:30 - [TEST_STEP][PASSED] - out.println("executionProfile : " + executionProfile): null

2023-01-19 19:16:30 - [TEST_STEP][PASSED] - appName = <not implemented yet for class: org.codehaus.groovy.ast.expr.EmptyExpression>: null

2023-01-19 19:16:30 - [TEST_STEP][PASSED] - appID = <not implemented yet for class: org.codehaus.groovy.ast.expr.EmptyExpression>: null

2023-01-19 19:16:30 - [TEST_STEP][PASSED] - username = <not implemented yet for class: org.codehaus.groovy.ast.expr.EmptyExpression>: null

2023-01-19 19:16:30 - [TEST_STEP][PASSED] - password = <not implemented yet for class: org.codehaus.groovy.ast.expr.EmptyExpression>: null

2023-01-19 19:16:30 - [TEST_STEP][PASSED] - cardNameV = <not implemented yet for class: org.codehaus.groovy.ast.expr.EmptyExpression>: null

2023-01-19 19:16:30 - [TEST_STEP][PASSED] - al1V = <not implemented yet for class: org.codehaus.groovy.ast.expr.EmptyExpression>: null

2023-01-19 19:16:30 - [TEST_STEP][PASSED] - al2V = <not implemented yet for class: org.codehaus.groovy.ast.expr.EmptyExpression>: null

2023-01-19 19:16:30 - [TEST_STEP][PASSED] - zipV = <not implemented yet for class: org.codehaus.groovy.ast.expr.EmptyExpression>: null

2023-01-19 19:16:30 - [TEST_STEP][PASSED] - cardTypeV = <not implemented yet for class: org.codehaus.groovy.ast.expr.EmptyExpression>: null

2023-01-19 19:16:30 - [TEST_STEP][PASSED] - last4V = <not implemented yet for class: org.codehaus.groovy.ast.expr.EmptyExpression>: null

2023-01-19 19:16:30 - [TEST_STEP][PASSED] - resText = "Fail": null

2023-01-19 19:16:30 - [TEST_STEP][PASSED] - resColumn = "Result": null

2023-01-19 19:16:30 - [TEST_STEP][PASSED] - datCloumn = "Date": null

2023-01-19 19:16:30 - [TEST_STEP][PASSED] - fileLoc = "KatalonData/VLinkSmokeDataACH.xlsx": null

2023-01-19 19:16:30 - [TEST_STEP][PASSED] - numOfRows = <not implemented yet for class: org.codehaus.groovy.ast.expr.EmptyExpression>: null

2023-01-19 19:16:30 - [TEST_STEP][PASSED] - dataFile = <not implemented yet for class: org.codehaus.groovy.ast.expr.EmptyExpression>: null

2023-01-19 19:16:30 - [TEST_STEP][PASSED] - nameSheet = <not implemented yet for class: org.codehaus.groovy.ast.expr.EmptyExpression>: null

2023-01-19 19:16:30 - [TEST_STEP][PASSED] - nameSheet = "Debit": null

2023-01-19 19:16:30 - [TEST_STEP][PASSED] - numOfRows = findTestData("QA/VLinkTestData/VLinkDebitData").getRowNumbers(): null

2023-01-19 19:16:31 - [TEST_STEP][PASSED] - println("Number of Records: " + numOfRows): null

2023-01-19 19:16:31 - [TEST_STEP][PASSED] - dataFile = "QA/VLinkTestData/VLinkDebitData": null

2023-01-19 19:16:31 - [TEST_STEP][PASSED] - for ([row = 1, row <= numOfRows, (row++)]): null

2023-01-19 19:16:31 - [TEST_STEP][PASSED] - ExecuteTC = findTestData(dataFile).getValue("Execute", row): null

2023-01-19 19:16:31 - [TEST_STEP][PASSED] - out.println("Value of Execute is : " + ExecuteTC): null

2023-01-19 19:16:31 - [TEST_STEP][PASSED] - switch (executionProfile): null

2023-01-19 19:16:31 - [TEST_STEP][PASSED] - case "DemoProfile":: null

2023-01-19 19:16:31 - [TEST_STEP][PASSED] - appID = findTestData(dataFile).getValue("AppIDDemo", row): null

2023-01-19 19:16:31 - [TEST_STEP][PASSED] - username = findTestData(dataFile).getValue("UsernameDemo", row): null

2023-01-19 19:16:32 - [TEST_STEP][PASSED] - password = findTestData(dataFile).getValue("PasswordDemo", row): null

2023-01-19 19:16:32 - [TEST_STEP][PASSED] - break: null

2023-01-19 19:16:32 - [TEST_STEP][PASSED] - if (ExecuteTC.equalsIgnoreCase("Y")): null

2023-01-19 19:16:32 - [TEST_STEP][PASSED] - out.println("Begin Record Number: " + row): null

2023-01-19 19:16:32 - [TEST_STEP][PASSED] - today = new java.util.Date(): null

2023-01-19 19:16:32 - [TEST_STEP][PASSED] - println(today): null

2023-01-19 19:16:32 - [TEST_STEP][PASSED] - datText = today: null

2023-01-19 19:16:32 - [TEST_STEP][PASSED] - checkType = findTestData(dataFile).getValue("CheckType", row): null

2023-01-19 19:16:32 - [TEST_STEP][PASSED] - acNumber = findTestData(dataFile).getValue("AcNumber", row): null

2023-01-19 19:16:32 - [TEST_STEP][PASSED] - company = findTestData(dataFile).getValue("Company", row): null

2023-01-19 19:16:32 - [TEST_STEP][PASSED] - acType = findTestData(dataFile).getValue("AcType", row): null

2023-01-19 19:16:32 - [TEST_STEP][PASSED] - rtn = findTestData(dataFile).getValue("RTN", row): null

2023-01-19 19:16:32 - [TEST_STEP][PASSED] - amount = findTestData(dataFile).getValue("Amount", row): null

2023-01-19 19:16:32 - [TEST_STEP][PASSED] - sec = findTestData(dataFile).getValue("SEC", row): null

2023-01-19 19:16:33 - [TEST_STEP][PASSED] - openBrowser(VLinkURL + "debit.html"): Browser is opened with url: 'https://dev-algorithm.govolution.com/vlinktest/demo/version_2_0/debit.html'

2023-01-19 19:16:33 - [MESSAGE][INFO] - Starting 'Chrome' driver

2023-01-19 19:16:33 - [MESSAGE][INFO] - User set preference: ['acceptInsecureCerts', 'true']

2023-01-19 19:16:33 - [MESSAGE][INFO] - Action delay is set to 0 milliseconds

2023-01-19 19:16:36 - [MESSAGE][PASSED] - Browser is opened with url: 'https://dev-algorithm.govolution.com/vlinktest/demo/version_2_0/debit.html'

2023-01-19 19:16:36 - [TEST_STEP][PASSED] - maximizeWindow(): Current window maximized

2023-01-19 19:16:37 - [MESSAGE][PASSED] - Current window maximized

2023-01-19 19:16:37 - [TEST_STEP][PASSED] - genRemID = RandomStringUtils.random(12, true, true): null

2023-01-19 19:16:37 - [TEST_STEP][PASSED] - setText(findTestObject("RecAndPlayBk/Page-Vlink-Debit/input_Remittance Id"), genRemID): Text 'uhStIdIYHVWb' is set on object 'Object Repository/RecAndPlayBk/Page-Vlink-Debit/input_Remittance Id'

2023-01-19 19:16:38 - [MESSAGE][PASSED] - Text 'uhStIdIYHVWb' is set on object 'Object Repository/RecAndPlayBk/Page-Vlink-Debit/input_Remittance Id'

2023-01-19 19:16:38 - [TEST_STEP][PASSED] - setText(findTestObject("RecAndPlayBk/Page-Vlink-Debit/input_Application Id"), appID): Text '1773' is set on object 'Object Repository/RecAndPlayBk/Page-Vlink-Debit/input_Application Id'

2023-01-19 19:16:38 - [MESSAGE][PASSED] - Text '1773' is set on object 'Object Repository/RecAndPlayBk/Page-Vlink-Debit/input_Application Id'

2023-01-19 19:16:38 - [TEST_STEP][PASSED] - setText(findTestObject("RecAndPlayBk/Page-Vlink-Debit/input_Username"), username): Text 'username' is set on object 'Object Repository/RecAndPlayBk/Page-Vlink-Debit/input_Username'

2023-01-19 19:16:39 - [MESSAGE][PASSED] - Text 'username' is set on object 'Object Repository/RecAndPlayBk/Page-Vlink-Debit/input_Username'

2023-01-19 19:16:39 - [TEST_STEP][PASSED] - setText(findTestObject("RecAndPlayBk/Page-Vlink-Debit/input_Password"), password): Text 'password' is set on object 'Object Repository/RecAndPlayBk/Page-Vlink-Debit/input_Password'

2023-01-19 19:16:40 - [MESSAGE][PASSED] - Text 'password' is set on object 'Object Repository/RecAndPlayBk/Page-Vlink-Debit/input_Password'

2023-01-19 19:16:40 - [TEST_STEP][PASSED] - setText(findTestObject("RecAndPlayBk/Page-Vlink-Debit/input_Check Type"), checkType): Text 'P' is set on object 'Object Repository/RecAndPlayBk/Page-Vlink-Debit/input_Check Type'

2023-01-19 19:16:41 - [MESSAGE][PASSED] - Text 'P' is set on object 'Object Repository/RecAndPlayBk/Page-Vlink-Debit/input_Check Type'

2023-01-19 19:16:41 - [TEST_STEP][PASSED] - setText(findTestObject("RecAndPlayBk/Page-Vlink-Debit/input_Account_check"), acNumber): Text '58963214' is set on object 'Object Repository/RecAndPlayBk/Page-Vlink-Debit/input_Account_check'

2023-01-19 19:16:42 - [MESSAGE][PASSED] - Text '58963214' is set on object 'Object Repository/RecAndPlayBk/Page-Vlink-Debit/input_Account_check'

2023-01-19 19:16:42 - [TEST_STEP][PASSED] - setText(findTestObject("RecAndPlayBk/Page-Vlink-Debit/input_Company_check"), company): Text '' is set on object 'Object Repository/RecAndPlayBk/Page-Vlink-Debit/input_Company_check'

2023-01-19 19:16:43 - [MESSAGE][PASSED] - Text '' is set on object 'Object Repository/RecAndPlayBk/Page-Vlink-Debit/input_Company_check'

2023-01-19 19:16:43 - [TEST_STEP][PASSED] - setText(findTestObject("RecAndPlayBk/Page-Vlink-Debit/input_Account Type"), acType): Text '1' is set on object 'Object Repository/RecAndPlayBk/Page-Vlink-Debit/input_Account Type'

2023-01-19 19:16:44 - [MESSAGE][PASSED] - Text '1' is set on object 'Object Repository/RecAndPlayBk/Page-Vlink-Debit/input_Account Type'

2023-01-19 19:16:44 - [TEST_STEP][PASSED] - setText(findTestObject("RecAndPlayBk/Page-Vlink-Debit/input_Routing Number"), rtn): Text '256072691' is set on object 'Object Repository/RecAndPlayBk/Page-Vlink-Debit/input_Routing Number'

2023-01-19 19:16:45 - [MESSAGE][PASSED] - Text '256072691' is set on object 'Object Repository/RecAndPlayBk/Page-Vlink-Debit/input_Routing Number'

2023-01-19 19:16:45 - [TEST_STEP][PASSED] - setText(findTestObject("RecAndPlayBk/Page-Vlink-Debit/input_Amount"), amount): Text '12.50' is set on object 'Object Repository/RecAndPlayBk/Page-Vlink-Debit/input_Amount'

2023-01-19 19:16:46 - [MESSAGE][PASSED] - Text '12.50' is set on object 'Object Repository/RecAndPlayBk/Page-Vlink-Debit/input_Amount'

2023-01-19 19:16:46 - [TEST_STEP][PASSED] - setText(findTestObject("RecAndPlayBk/Page-Vlink-Debit/input_Check Email"), ""): Text '' is set on object 'Object Repository/RecAndPlayBk/Page-Vlink-Debit/input_Check Email'

2023-01-19 19:16:47 - [MESSAGE][PASSED] - Text '' is set on object 'Object Repository/RecAndPlayBk/Page-Vlink-Debit/input_Check Email'

2023-01-19 19:16:47 - [TEST_STEP][PASSED] - setText(findTestObject("Object Repository/RecAndPlayBk/Page-Vlink-Debit/input_concat(CheckWriter, , s SSN)_check_ssn"), ""): Text '' is set on object 'Object Repository/RecAndPlayBk/Page-Vlink-Debit/input_concat(CheckWriter, , s SSN)_check_ssn'

2023-01-19 19:16:47 - [MESSAGE][PASSED] - Text '' is set on object 'Object Repository/RecAndPlayBk/Page-Vlink-Debit/input_concat(CheckWriter, , s SSN)_check_ssn'

2023-01-19 19:16:47 - [TEST_STEP][PASSED] - setText(findTestObject("Object Repository/RecAndPlayBk/Page-Vlink-Debit/input_concat(CheckWriter, , s License Numbe_020fef"), ""): Text '' is set on object 'Object Repository/RecAndPlayBk/Page-Vlink-Debit/input_concat(CheckWriter, , s License Numbe_020fef'

2023-01-19 19:16:48 - [MESSAGE][PASSED] - Text '' is set on object 'Object Repository/RecAndPlayBk/Page-Vlink-Debit/input_concat(CheckWriter, , s License Numbe_020fef'

2023-01-19 19:16:48 - [TEST_STEP][PASSED] - setText(findTestObject("Object Repository/RecAndPlayBk/Page-Vlink-Debit/input_concat(CheckWriter, , s License State_21e3e7"), ""): Text '' is set on object 'Object Repository/RecAndPlayBk/Page-Vlink-Debit/input_concat(CheckWriter, , s License State_21e3e7'

2023-01-19 19:16:49 - [MESSAGE][PASSED] - Text '' is set on object 'Object Repository/RecAndPlayBk/Page-Vlink-Debit/input_concat(CheckWriter, , s License State_21e3e7'

2023-01-19 19:16:49 - [TEST_STEP][PASSED] - setText(findTestObject("RecAndPlayBk/Page-Vlink-Debit/input_Standard Entry Class"), sec): Text 'WEB' is set on object 'Object Repository/RecAndPlayBk/Page-Vlink-Debit/input_Standard Entry Class'

2023-01-19 19:16:50 - [MESSAGE][PASSED] - Text 'WEB' is set on object 'Object Repository/RecAndPlayBk/Page-Vlink-Debit/input_Standard Entry Class'

2023-01-19 19:16:50 - [TEST_STEP][PASSED] - click(findTestObject("Object Repository/RecAndPlayBk/Page-Vlink-Debit/input")): Object: 'Object Repository/RecAndPlayBk/Page-Vlink-Debit/input' is clicked on

2023-01-19 19:16:51 - [MESSAGE][PASSED] - Object: 'Object Repository/RecAndPlayBk/Page-Vlink-Debit/input' is clicked on

2023-01-19 19:16:51 - [TEST_STEP][PASSED] - if (verifyTextPresent("Transaction approved, no errors", true)): null

2023-01-19 19:16:51 - [MESSAGE][PASSED] - Text 'Transaction approved, no errors' is present on page  using regular expression

2023-01-19 19:16:51 - [TEST_STEP][PASSED] - println("Transaction Approved, no errors text is present on the Confirmation page"): null

2023-01-19 19:16:51 - [TEST_STEP][PASSED] - out.println("Pass Record Number: " + row): null

2023-01-19 19:16:51 - [TEST_STEP][PASSED] - resText = "Pass": null

2023-01-19 19:16:51 - [TEST_STEP][PASSED] - pages.WriteExcel.demoKey(resText, datText, resColumn, datCloumn, fileLoc, nameSheet, row): pages.WriteExcel.demoKey is PASSED

2023-01-19 19:16:52 - [MESSAGE][PASSED] - pages.WriteExcel.demoKey is PASSED

2023-01-19 19:16:52 - [TEST_STEP][PASSED] - ExecuteTC = findTestData(dataFile).getValue("Execute", row): null

2023-01-19 19:16:52 - [TEST_STEP][PASSED] - out.println("Value of Execute is : " + ExecuteTC): null

2023-01-19 19:16:52 - [TEST_STEP][PASSED] - switch (executionProfile): null

2023-01-19 19:16:52 - [TEST_STEP][PASSED] - case "DemoProfile":: null

2023-01-19 19:16:52 - [TEST_STEP][PASSED] - appID = findTestData(dataFile).getValue("AppIDDemo", row): null

2023-01-19 19:16:52 - [TEST_STEP][PASSED] - username = findTestData(dataFile).getValue("UsernameDemo", row): null

2023-01-19 19:16:52 - [TEST_STEP][PASSED] - password = findTestData(dataFile).getValue("PasswordDemo", row): null

2023-01-19 19:16:52 - [TEST_STEP][PASSED] - break: null

2023-01-19 19:16:52 - [TEST_STEP][PASSED] - if (ExecuteTC.equalsIgnoreCase("Y")): null

2023-01-19 19:16:52 - [TEST_STEP][PASSED] - out.println("Begin Record Number: " + row): null

2023-01-19 19:16:52 - [TEST_STEP][PASSED] - today = new java.util.Date(): null

2023-01-19 19:16:52 - [TEST_STEP][PASSED] - println(today): null

2023-01-19 19:16:52 - [TEST_STEP][PASSED] - datText = today: null

2023-01-19 19:16:52 - [TEST_STEP][PASSED] - checkType = findTestData(dataFile).getValue("CheckType", row): null

2023-01-19 19:16:52 - [TEST_STEP][PASSED] - acNumber = findTestData(dataFile).getValue("AcNumber", row): null

2023-01-19 19:16:52 - [TEST_STEP][PASSED] - company = findTestData(dataFile).getValue("Company", row): null

2023-01-19 19:16:53 - [TEST_STEP][PASSED] - acType = findTestData(dataFile).getValue("AcType", row): null

2023-01-19 19:16:53 - [TEST_STEP][PASSED] - rtn = findTestData(dataFile).getValue("RTN", row): null

2023-01-19 19:16:53 - [TEST_STEP][PASSED] - amount = findTestData(dataFile).getValue("Amount", row): null

2023-01-19 19:16:53 - [TEST_STEP][PASSED] - sec = findTestData(dataFile).getValue("SEC", row): null

2023-01-19 19:16:53 - [TEST_STEP][PASSED] - openBrowser(VLinkURL + "debit.html"): Browser is opened with url: 'https://dev-algorithm.govolution.com/vlinktest/demo/version_2_0/debit.html'

2023-01-19 19:16:53 - [MESSAGE][WARNING] - A browser is already opened. Closing browser and opening a new one

2023-01-19 19:16:54 - [MESSAGE][INFO] - Starting 'Chrome' driver

2023-01-19 19:16:54 - [MESSAGE][INFO] - User set preference: ['acceptInsecureCerts', 'true']

2023-01-19 19:16:54 - [MESSAGE][INFO] - Action delay is set to 0 milliseconds

2023-01-19 19:16:56 - [MESSAGE][PASSED] - Browser is opened with url: 'https://dev-algorithm.govolution.com/vlinktest/demo/version_2_0/debit.html'

2023-01-19 19:16:56 - [TEST_STEP][PASSED] - maximizeWindow(): Current window maximized

2023-01-19 19:16:56 - [MESSAGE][PASSED] - Current window maximized

2023-01-19 19:16:56 - [TEST_STEP][PASSED] - genRemID = RandomStringUtils.random(12, true, true): null

2023-01-19 19:16:56 - [TEST_STEP][PASSED] - setText(findTestObject("RecAndPlayBk/Page-Vlink-Debit/input_Remittance Id"), genRemID): Text 'bxentValr9GI' is set on object 'Object Repository/RecAndPlayBk/Page-Vlink-Debit/input_Remittance Id'

2023-01-19 19:16:57 - [MESSAGE][PASSED] - Text 'bxentValr9GI' is set on object 'Object Repository/RecAndPlayBk/Page-Vlink-Debit/input_Remittance Id'

2023-01-19 19:16:57 - [TEST_STEP][PASSED] - setText(findTestObject("RecAndPlayBk/Page-Vlink-Debit/input_Application Id"), appID): Text '1773' is set on object 'Object Repository/RecAndPlayBk/Page-Vlink-Debit/input_Application Id'

2023-01-19 19:16:58 - [MESSAGE][PASSED] - Text '1773' is set on object 'Object Repository/RecAndPlayBk/Page-Vlink-Debit/input_Application Id'

2023-01-19 19:16:58 - [TEST_STEP][PASSED] - setText(findTestObject("RecAndPlayBk/Page-Vlink-Debit/input_Username"), username): Text 'username' is set on object 'Object Repository/RecAndPlayBk/Page-Vlink-Debit/input_Username'

2023-01-19 19:16:59 - [MESSAGE][PASSED] - Text 'username' is set on object 'Object Repository/RecAndPlayBk/Page-Vlink-Debit/input_Username'

2023-01-19 19:16:59 - [TEST_STEP][PASSED] - setText(findTestObject("RecAndPlayBk/Page-Vlink-Debit/input_Password"), password): Text 'password' is set on object 'Object Repository/RecAndPlayBk/Page-Vlink-Debit/input_Password'

2023-01-19 19:17:00 - [MESSAGE][PASSED] - Text 'password' is set on object 'Object Repository/RecAndPlayBk/Page-Vlink-Debit/input_Password'

2023-01-19 19:17:00 - [TEST_STEP][PASSED] - setText(findTestObject("RecAndPlayBk/Page-Vlink-Debit/input_Check Type"), checkType): Text 'P' is set on object 'Object Repository/RecAndPlayBk/Page-Vlink-Debit/input_Check Type'

2023-01-19 19:17:01 - [MESSAGE][PASSED] - Text 'P' is set on object 'Object Repository/RecAndPlayBk/Page-Vlink-Debit/input_Check Type'

2023-01-19 19:17:01 - [TEST_STEP][PASSED] - setText(findTestObject("RecAndPlayBk/Page-Vlink-Debit/input_Account_check"), acNumber): Text '58963214' is set on object 'Object Repository/RecAndPlayBk/Page-Vlink-Debit/input_Account_check'

2023-01-19 19:17:02 - [MESSAGE][PASSED] - Text '58963214' is set on object 'Object Repository/RecAndPlayBk/Page-Vlink-Debit/input_Account_check'

2023-01-19 19:17:02 - [TEST_STEP][PASSED] - setText(findTestObject("RecAndPlayBk/Page-Vlink-Debit/input_Company_check"), company): Text '' is set on object 'Object Repository/RecAndPlayBk/Page-Vlink-Debit/input_Company_check'

2023-01-19 19:17:03 - [MESSAGE][PASSED] - Text '' is set on object 'Object Repository/RecAndPlayBk/Page-Vlink-Debit/input_Company_check'

2023-01-19 19:17:03 - [TEST_STEP][PASSED] - setText(findTestObject("RecAndPlayBk/Page-Vlink-Debit/input_Account Type"), acType): Text '1' is set on object 'Object Repository/RecAndPlayBk/Page-Vlink-Debit/input_Account Type'

2023-01-19 19:17:03 - [MESSAGE][PASSED] - Text '1' is set on object 'Object Repository/RecAndPlayBk/Page-Vlink-Debit/input_Account Type'

2023-01-19 19:17:03 - [TEST_STEP][PASSED] - setText(findTestObject("RecAndPlayBk/Page-Vlink-Debit/input_Routing Number"), rtn): Text '256072691' is set on object 'Object Repository/RecAndPlayBk/Page-Vlink-Debit/input_Routing Number'

2023-01-19 19:17:04 - [MESSAGE][PASSED] - Text '256072691' is set on object 'Object Repository/RecAndPlayBk/Page-Vlink-Debit/input_Routing Number'

2023-01-19 19:17:04 - [TEST_STEP][PASSED] - setText(findTestObject("RecAndPlayBk/Page-Vlink-Debit/input_Amount"), amount): Text '12.50' is set on object 'Object Repository/RecAndPlayBk/Page-Vlink-Debit/input_Amount'

2023-01-19 19:17:05 - [MESSAGE][PASSED] - Text '12.50' is set on object 'Object Repository/RecAndPlayBk/Page-Vlink-Debit/input_Amount'

2023-01-19 19:17:05 - [TEST_STEP][PASSED] - setText(findTestObject("RecAndPlayBk/Page-Vlink-Debit/input_Check Email"), ""): Text '' is set on object 'Object Repository/RecAndPlayBk/Page-Vlink-Debit/input_Check Email'

2023-01-19 19:17:06 - [MESSAGE][PASSED] - Text '' is set on object 'Object Repository/RecAndPlayBk/Page-Vlink-Debit/input_Check Email'

2023-01-19 19:17:06 - [TEST_STEP][PASSED] - setText(findTestObject("Object Repository/RecAndPlayBk/Page-Vlink-Debit/input_concat(CheckWriter, , s SSN)_check_ssn"), ""): Text '' is set on object 'Object Repository/RecAndPlayBk/Page-Vlink-Debit/input_concat(CheckWriter, , s SSN)_check_ssn'

2023-01-19 19:17:07 - [MESSAGE][PASSED] - Text '' is set on object 'Object Repository/RecAndPlayBk/Page-Vlink-Debit/input_concat(CheckWriter, , s SSN)_check_ssn'

2023-01-19 19:17:07 - [TEST_STEP][PASSED] - setText(findTestObject("Object Repository/RecAndPlayBk/Page-Vlink-Debit/input_concat(CheckWriter, , s License Numbe_020fef"), ""): Text '' is set on object 'Object Repository/RecAndPlayBk/Page-Vlink-Debit/input_concat(CheckWriter, , s License Numbe_020fef'

2023-01-19 19:17:08 - [MESSAGE][PASSED] - Text '' is set on object 'Object Repository/RecAndPlayBk/Page-Vlink-Debit/input_concat(CheckWriter, , s License Numbe_020fef'

2023-01-19 19:17:08 - [TEST_STEP][PASSED] - setText(findTestObject("Object Repository/RecAndPlayBk/Page-Vlink-Debit/input_concat(CheckWriter, , s License State_21e3e7"), ""): Text '' is set on object 'Object Repository/RecAndPlayBk/Page-Vlink-Debit/input_concat(CheckWriter, , s License State_21e3e7'

2023-01-19 19:17:08 - [MESSAGE][PASSED] - Text '' is set on object 'Object Repository/RecAndPlayBk/Page-Vlink-Debit/input_concat(CheckWriter, , s License State_21e3e7'

2023-01-19 19:17:08 - [TEST_STEP][PASSED] - setText(findTestObject("RecAndPlayBk/Page-Vlink-Debit/input_Standard Entry Class"), sec): Text 'TEL' is set on object 'Object Repository/RecAndPlayBk/Page-Vlink-Debit/input_Standard Entry Class'

2023-01-19 19:17:09 - [MESSAGE][PASSED] - Text 'TEL' is set on object 'Object Repository/RecAndPlayBk/Page-Vlink-Debit/input_Standard Entry Class'

2023-01-19 19:17:09 - [TEST_STEP][PASSED] - click(findTestObject("Object Repository/RecAndPlayBk/Page-Vlink-Debit/input")): Object: 'Object Repository/RecAndPlayBk/Page-Vlink-Debit/input' is clicked on

2023-01-19 19:17:10 - [MESSAGE][PASSED] - Object: 'Object Repository/RecAndPlayBk/Page-Vlink-Debit/input' is clicked on

2023-01-19 19:17:10 - [TEST_STEP][PASSED] - if (verifyTextPresent("Transaction approved, no errors", true)): null

2023-01-19 19:17:10 - [MESSAGE][PASSED] - Text 'Transaction approved, no errors' is present on page  using regular expression

2023-01-19 19:17:10 - [TEST_STEP][PASSED] - println("Transaction Approved, no errors text is present on the Confirmation page"): null

2023-01-19 19:17:10 - [TEST_STEP][PASSED] - out.println("Pass Record Number: " + row): null

2023-01-19 19:17:10 - [TEST_STEP][PASSED] - resText = "Pass": null

2023-01-19 19:17:10 - [TEST_STEP][PASSED] - pages.WriteExcel.demoKey(resText, datText, resColumn, datCloumn, fileLoc, nameSheet, row): pages.WriteExcel.demoKey is PASSED

2023-01-19 19:17:11 - [MESSAGE][PASSED] - pages.WriteExcel.demoKey is PASSED

2023-01-19 19:17:11 - [TEST_STEP][PASSED] - ExecuteTC = findTestData(dataFile).getValue("Execute", row): null

2023-01-19 19:17:11 - [TEST_STEP][PASSED] - out.println("Value of Execute is : " + ExecuteTC): null

2023-01-19 19:17:11 - [TEST_STEP][PASSED] - switch (executionProfile): null

2023-01-19 19:17:11 - [TEST_STEP][PASSED] - case "DemoProfile":: null

2023-01-19 19:17:11 - [TEST_STEP][PASSED] - appID = findTestData(dataFile).getValue("AppIDDemo", row): null

2023-01-19 19:17:11 - [TEST_STEP][PASSED] - username = findTestData(dataFile).getValue("UsernameDemo", row): null

2023-01-19 19:17:11 - [TEST_STEP][PASSED] - password = findTestData(dataFile).getValue("PasswordDemo", row): null

2023-01-19 19:17:11 - [TEST_STEP][PASSED] - break: null

2023-01-19 19:17:11 - [TEST_STEP][PASSED] - if (ExecuteTC.equalsIgnoreCase("Y")): null

2023-01-19 19:17:11 - [TEST_STEP][PASSED] - out.println("Begin Record Number: " + row): null

2023-01-19 19:17:11 - [TEST_STEP][PASSED] - today = new java.util.Date(): null

2023-01-19 19:17:11 - [TEST_STEP][PASSED] - println(today): null

2023-01-19 19:17:11 - [TEST_STEP][PASSED] - datText = today: null

2023-01-19 19:17:11 - [TEST_STEP][PASSED] - checkType = findTestData(dataFile).getValue("CheckType", row): null

2023-01-19 19:17:11 - [TEST_STEP][PASSED] - acNumber = findTestData(dataFile).getValue("AcNumber", row): null

2023-01-19 19:17:11 - [TEST_STEP][PASSED] - company = findTestData(dataFile).getValue("Company", row): null

2023-01-19 19:17:11 - [TEST_STEP][PASSED] - acType = findTestData(dataFile).getValue("AcType", row): null

2023-01-19 19:17:11 - [TEST_STEP][PASSED] - rtn = findTestData(dataFile).getValue("RTN", row): null

2023-01-19 19:17:11 - [TEST_STEP][PASSED] - amount = findTestData(dataFile).getValue("Amount", row): null

2023-01-19 19:17:11 - [TEST_STEP][PASSED] - sec = findTestData(dataFile).getValue("SEC", row): null

2023-01-19 19:17:11 - [TEST_STEP][PASSED] - openBrowser(VLinkURL + "debit.html"): Browser is opened with url: 'https://dev-algorithm.govolution.com/vlinktest/demo/version_2_0/debit.html'

2023-01-19 19:17:11 - [MESSAGE][WARNING] - A browser is already opened. Closing browser and opening a new one

2023-01-19 19:17:12 - [MESSAGE][INFO] - Starting 'Chrome' driver

2023-01-19 19:17:12 - [MESSAGE][INFO] - User set preference: ['acceptInsecureCerts', 'true']

2023-01-19 19:17:12 - [MESSAGE][INFO] - Action delay is set to 0 milliseconds

2023-01-19 19:17:14 - [MESSAGE][PASSED] - Browser is opened with url: 'https://dev-algorithm.govolution.com/vlinktest/demo/version_2_0/debit.html'

2023-01-19 19:17:14 - [TEST_STEP][PASSED] - maximizeWindow(): Current window maximized

2023-01-19 19:17:14 - [MESSAGE][PASSED] - Current window maximized

2023-01-19 19:17:14 - [TEST_STEP][PASSED] - genRemID = RandomStringUtils.random(12, true, true): null

2023-01-19 19:17:14 - [TEST_STEP][PASSED] - setText(findTestObject("RecAndPlayBk/Page-Vlink-Debit/input_Remittance Id"), genRemID): Text 'xMXnkbHJWrKS' is set on object 'Object Repository/RecAndPlayBk/Page-Vlink-Debit/input_Remittance Id'

2023-01-19 19:17:15 - [MESSAGE][PASSED] - Text 'xMXnkbHJWrKS' is set on object 'Object Repository/RecAndPlayBk/Page-Vlink-Debit/input_Remittance Id'

2023-01-19 19:17:15 - [TEST_STEP][PASSED] - setText(findTestObject("RecAndPlayBk/Page-Vlink-Debit/input_Application Id"), appID): Text '1773' is set on object 'Object Repository/RecAndPlayBk/Page-Vlink-Debit/input_Application Id'

2023-01-19 19:17:16 - [MESSAGE][PASSED] - Text '1773' is set on object 'Object Repository/RecAndPlayBk/Page-Vlink-Debit/input_Application Id'

2023-01-19 19:17:16 - [TEST_STEP][PASSED] - setText(findTestObject("RecAndPlayBk/Page-Vlink-Debit/input_Username"), username): Text 'username' is set on object 'Object Repository/RecAndPlayBk/Page-Vlink-Debit/input_Username'

2023-01-19 19:17:17 - [MESSAGE][PASSED] - Text 'username' is set on object 'Object Repository/RecAndPlayBk/Page-Vlink-Debit/input_Username'

2023-01-19 19:17:17 - [TEST_STEP][PASSED] - setText(findTestObject("RecAndPlayBk/Page-Vlink-Debit/input_Password"), password): Text 'password' is set on object 'Object Repository/RecAndPlayBk/Page-Vlink-Debit/input_Password'

2023-01-19 19:17:18 - [MESSAGE][PASSED] - Text 'password' is set on object 'Object Repository/RecAndPlayBk/Page-Vlink-Debit/input_Password'

2023-01-19 19:17:18 - [TEST_STEP][PASSED] - setText(findTestObject("RecAndPlayBk/Page-Vlink-Debit/input_Check Type"), checkType): Text 'P' is set on object 'Object Repository/RecAndPlayBk/Page-Vlink-Debit/input_Check Type'

2023-01-19 19:17:19 - [MESSAGE][PASSED] - Text 'P' is set on object 'Object Repository/RecAndPlayBk/Page-Vlink-Debit/input_Check Type'

2023-01-19 19:17:19 - [TEST_STEP][PASSED] - setText(findTestObject("RecAndPlayBk/Page-Vlink-Debit/input_Account_check"), acNumber): Text '58963214' is set on object 'Object Repository/RecAndPlayBk/Page-Vlink-Debit/input_Account_check'

2023-01-19 19:17:20 - [MESSAGE][PASSED] - Text '58963214' is set on object 'Object Repository/RecAndPlayBk/Page-Vlink-Debit/input_Account_check'

2023-01-19 19:17:20 - [TEST_STEP][PASSED] - setText(findTestObject("RecAndPlayBk/Page-Vlink-Debit/input_Company_check"), company): Text '' is set on object 'Object Repository/RecAndPlayBk/Page-Vlink-Debit/input_Company_check'

2023-01-19 19:17:21 - [MESSAGE][PASSED] - Text '' is set on object 'Object Repository/RecAndPlayBk/Page-Vlink-Debit/input_Company_check'

2023-01-19 19:17:21 - [TEST_STEP][PASSED] - setText(findTestObject("RecAndPlayBk/Page-Vlink-Debit/input_Account Type"), acType): Text '1' is set on object 'Object Repository/RecAndPlayBk/Page-Vlink-Debit/input_Account Type'

2023-01-19 19:17:22 - [MESSAGE][PASSED] - Text '1' is set on object 'Object Repository/RecAndPlayBk/Page-Vlink-Debit/input_Account Type'

2023-01-19 19:17:22 - [TEST_STEP][PASSED] - setText(findTestObject("RecAndPlayBk/Page-Vlink-Debit/input_Routing Number"), rtn): Text '256072691' is set on object 'Object Repository/RecAndPlayBk/Page-Vlink-Debit/input_Routing Number'

2023-01-19 19:17:23 - [MESSAGE][PASSED] - Text '256072691' is set on object 'Object Repository/RecAndPlayBk/Page-Vlink-Debit/input_Routing Number'

2023-01-19 19:17:23 - [TEST_STEP][PASSED] - setText(findTestObject("RecAndPlayBk/Page-Vlink-Debit/input_Amount"), amount): Text '12.50' is set on object 'Object Repository/RecAndPlayBk/Page-Vlink-Debit/input_Amount'

2023-01-19 19:17:24 - [MESSAGE][PASSED] - Text '12.50' is set on object 'Object Repository/RecAndPlayBk/Page-Vlink-Debit/input_Amount'

2023-01-19 19:17:24 - [TEST_STEP][PASSED] - setText(findTestObject("RecAndPlayBk/Page-Vlink-Debit/input_Check Email"), ""): Text '' is set on object 'Object Repository/RecAndPlayBk/Page-Vlink-Debit/input_Check Email'

2023-01-19 19:17:25 - [MESSAGE][PASSED] - Text '' is set on object 'Object Repository/RecAndPlayBk/Page-Vlink-Debit/input_Check Email'

2023-01-19 19:17:25 - [TEST_STEP][PASSED] - setText(findTestObject("Object Repository/RecAndPlayBk/Page-Vlink-Debit/input_concat(CheckWriter, , s SSN)_check_ssn"), ""): Text '' is set on object 'Object Repository/RecAndPlayBk/Page-Vlink-Debit/input_concat(CheckWriter, , s SSN)_check_ssn'

2023-01-19 19:17:26 - [MESSAGE][PASSED] - Text '' is set on object 'Object Repository/RecAndPlayBk/Page-Vlink-Debit/input_concat(CheckWriter, , s SSN)_check_ssn'

2023-01-19 19:17:26 - [TEST_STEP][PASSED] - setText(findTestObject("Object Repository/RecAndPlayBk/Page-Vlink-Debit/input_concat(CheckWriter, , s License Numbe_020fef"), ""): Text '' is set on object 'Object Repository/RecAndPlayBk/Page-Vlink-Debit/input_concat(CheckWriter, , s License Numbe_020fef'

2023-01-19 19:17:26 - [MESSAGE][PASSED] - Text '' is set on object 'Object Repository/RecAndPlayBk/Page-Vlink-Debit/input_concat(CheckWriter, , s License Numbe_020fef'

2023-01-19 19:17:26 - [TEST_STEP][PASSED] - setText(findTestObject("Object Repository/RecAndPlayBk/Page-Vlink-Debit/input_concat(CheckWriter, , s License State_21e3e7"), ""): Text '' is set on object 'Object Repository/RecAndPlayBk/Page-Vlink-Debit/input_concat(CheckWriter, , s License State_21e3e7'

2023-01-19 19:17:27 - [MESSAGE][PASSED] - Text '' is set on object 'Object Repository/RecAndPlayBk/Page-Vlink-Debit/input_concat(CheckWriter, , s License State_21e3e7'

2023-01-19 19:17:27 - [TEST_STEP][PASSED] - setText(findTestObject("RecAndPlayBk/Page-Vlink-Debit/input_Standard Entry Class"), sec): Text 'PPD' is set on object 'Object Repository/RecAndPlayBk/Page-Vlink-Debit/input_Standard Entry Class'

2023-01-19 19:17:28 - [MESSAGE][PASSED] - Text 'PPD' is set on object 'Object Repository/RecAndPlayBk/Page-Vlink-Debit/input_Standard Entry Class'

2023-01-19 19:17:28 - [TEST_STEP][PASSED] - click(findTestObject("Object Repository/RecAndPlayBk/Page-Vlink-Debit/input")): Object: 'Object Repository/RecAndPlayBk/Page-Vlink-Debit/input' is clicked on

2023-01-19 19:17:29 - [MESSAGE][PASSED] - Object: 'Object Repository/RecAndPlayBk/Page-Vlink-Debit/input' is clicked on

2023-01-19 19:17:29 - [TEST_STEP][PASSED] - if (verifyTextPresent("Transaction approved, no errors", true)): null

2023-01-19 19:17:30 - [MESSAGE][PASSED] - Text 'Transaction approved, no errors' is present on page  using regular expression

2023-01-19 19:17:30 - [TEST_STEP][PASSED] - println("Transaction Approved, no errors text is present on the Confirmation page"): null

2023-01-19 19:17:30 - [TEST_STEP][PASSED] - out.println("Pass Record Number: " + row): null

2023-01-19 19:17:30 - [TEST_STEP][PASSED] - resText = "Pass": null

2023-01-19 19:17:30 - [TEST_STEP][PASSED] - pages.WriteExcel.demoKey(resText, datText, resColumn, datCloumn, fileLoc, nameSheet, row): pages.WriteExcel.demoKey is PASSED

2023-01-19 19:17:30 - [MESSAGE][PASSED] - pages.WriteExcel.demoKey is PASSED

2023-01-19 19:17:30 - [TEST_STEP][PASSED] - ExecuteTC = findTestData(dataFile).getValue("Execute", row): null

2023-01-19 19:17:30 - [TEST_STEP][PASSED] - out.println("Value of Execute is : " + ExecuteTC): null

2023-01-19 19:17:30 - [TEST_STEP][PASSED] - switch (executionProfile): null

2023-01-19 19:17:30 - [TEST_STEP][PASSED] - case "DemoProfile":: null

2023-01-19 19:17:30 - [TEST_STEP][PASSED] - appID = findTestData(dataFile).getValue("AppIDDemo", row): null

2023-01-19 19:17:30 - [TEST_STEP][PASSED] - username = findTestData(dataFile).getValue("UsernameDemo", row): null

2023-01-19 19:17:30 - [TEST_STEP][PASSED] - password = findTestData(dataFile).getValue("PasswordDemo", row): null

2023-01-19 19:17:30 - [TEST_STEP][PASSED] - break: null

2023-01-19 19:17:30 - [TEST_STEP][PASSED] - if (ExecuteTC.equalsIgnoreCase("Y")): null

2023-01-19 19:17:30 - [TEST_STEP][PASSED] - out.println("Begin Record Number: " + row): null

2023-01-19 19:17:30 - [TEST_STEP][PASSED] - today = new java.util.Date(): null

2023-01-19 19:17:30 - [TEST_STEP][PASSED] - println(today): null

2023-01-19 19:17:30 - [TEST_STEP][PASSED] - datText = today: null

2023-01-19 19:17:30 - [TEST_STEP][PASSED] - checkType = findTestData(dataFile).getValue("CheckType", row): null

2023-01-19 19:17:30 - [TEST_STEP][PASSED] - acNumber = findTestData(dataFile).getValue("AcNumber", row): null

2023-01-19 19:17:30 - [TEST_STEP][PASSED] - company = findTestData(dataFile).getValue("Company", row): null

2023-01-19 19:17:30 - [TEST_STEP][PASSED] - acType = findTestData(dataFile).getValue("AcType", row): null

2023-01-19 19:17:30 - [TEST_STEP][PASSED] - rtn = findTestData(dataFile).getValue("RTN", row): null

2023-01-19 19:17:30 - [TEST_STEP][PASSED] - amount = findTestData(dataFile).getValue("Amount", row): null

2023-01-19 19:17:30 - [TEST_STEP][PASSED] - sec = findTestData(dataFile).getValue("SEC", row): null

2023-01-19 19:17:30 - [TEST_STEP][PASSED] - openBrowser(VLinkURL + "debit.html"): Browser is opened with url: 'https://dev-algorithm.govolution.com/vlinktest/demo/version_2_0/debit.html'

2023-01-19 19:17:31 - [MESSAGE][WARNING] - A browser is already opened. Closing browser and opening a new one

2023-01-19 19:17:31 - [MESSAGE][INFO] - Starting 'Chrome' driver

2023-01-19 19:17:31 - [MESSAGE][INFO] - User set preference: ['acceptInsecureCerts', 'true']

2023-01-19 19:17:31 - [MESSAGE][INFO] - Action delay is set to 0 milliseconds

2023-01-19 19:17:33 - [MESSAGE][PASSED] - Browser is opened with url: 'https://dev-algorithm.govolution.com/vlinktest/demo/version_2_0/debit.html'

2023-01-19 19:17:33 - [TEST_STEP][PASSED] - maximizeWindow(): Current window maximized

2023-01-19 19:17:33 - [MESSAGE][PASSED] - Current window maximized

2023-01-19 19:17:33 - [TEST_STEP][PASSED] - genRemID = RandomStringUtils.random(12, true, true): null

2023-01-19 19:17:33 - [TEST_STEP][PASSED] - setText(findTestObject("RecAndPlayBk/Page-Vlink-Debit/input_Remittance Id"), genRemID): Text 'oaH0IB9XdS5j' is set on object 'Object Repository/RecAndPlayBk/Page-Vlink-Debit/input_Remittance Id'

2023-01-19 19:17:34 - [MESSAGE][PASSED] - Text 'oaH0IB9XdS5j' is set on object 'Object Repository/RecAndPlayBk/Page-Vlink-Debit/input_Remittance Id'

2023-01-19 19:17:34 - [TEST_STEP][PASSED] - setText(findTestObject("RecAndPlayBk/Page-Vlink-Debit/input_Application Id"), appID): Text '1773' is set on object 'Object Repository/RecAndPlayBk/Page-Vlink-Debit/input_Application Id'

2023-01-19 19:17:35 - [MESSAGE][PASSED] - Text '1773' is set on object 'Object Repository/RecAndPlayBk/Page-Vlink-Debit/input_Application Id'

2023-01-19 19:17:35 - [TEST_STEP][PASSED] - setText(findTestObject("RecAndPlayBk/Page-Vlink-Debit/input_Username"), username): Text 'username' is set on object 'Object Repository/RecAndPlayBk/Page-Vlink-Debit/input_Username'

2023-01-19 19:17:36 - [MESSAGE][PASSED] - Text 'username' is set on object 'Object Repository/RecAndPlayBk/Page-Vlink-Debit/input_Username'

2023-01-19 19:17:36 - [TEST_STEP][PASSED] - setText(findTestObject("RecAndPlayBk/Page-Vlink-Debit/input_Password"), password): Text 'password' is set on object 'Object Repository/RecAndPlayBk/Page-Vlink-Debit/input_Password'

2023-01-19 19:17:37 - [MESSAGE][PASSED] - Text 'password' is set on object 'Object Repository/RecAndPlayBk/Page-Vlink-Debit/input_Password'

2023-01-19 19:17:37 - [TEST_STEP][PASSED] - setText(findTestObject("RecAndPlayBk/Page-Vlink-Debit/input_Check Type"), checkType): Text 'P' is set on object 'Object Repository/RecAndPlayBk/Page-Vlink-Debit/input_Check Type'

2023-01-19 19:17:38 - [MESSAGE][PASSED] - Text 'P' is set on object 'Object Repository/RecAndPlayBk/Page-Vlink-Debit/input_Check Type'

2023-01-19 19:17:38 - [TEST_STEP][PASSED] - setText(findTestObject("RecAndPlayBk/Page-Vlink-Debit/input_Account_check"), acNumber): Text '58963214' is set on object 'Object Repository/RecAndPlayBk/Page-Vlink-Debit/input_Account_check'

2023-01-19 19:17:39 - [MESSAGE][PASSED] - Text '58963214' is set on object 'Object Repository/RecAndPlayBk/Page-Vlink-Debit/input_Account_check'

2023-01-19 19:17:39 - [TEST_STEP][PASSED] - setText(findTestObject("RecAndPlayBk/Page-Vlink-Debit/input_Company_check"), company): Text '' is set on object 'Object Repository/RecAndPlayBk/Page-Vlink-Debit/input_Company_check'

2023-01-19 19:17:39 - [MESSAGE][PASSED] - Text '' is set on object 'Object Repository/RecAndPlayBk/Page-Vlink-Debit/input_Company_check'

2023-01-19 19:17:39 - [TEST_STEP][PASSED] - setText(findTestObject("RecAndPlayBk/Page-Vlink-Debit/input_Account Type"), acType): Text '2' is set on object 'Object Repository/RecAndPlayBk/Page-Vlink-Debit/input_Account Type'

2023-01-19 19:17:40 - [MESSAGE][PASSED] - Text '2' is set on object 'Object Repository/RecAndPlayBk/Page-Vlink-Debit/input_Account Type'

2023-01-19 19:17:40 - [TEST_STEP][PASSED] - setText(findTestObject("RecAndPlayBk/Page-Vlink-Debit/input_Routing Number"), rtn): Text '256072691' is set on object 'Object Repository/RecAndPlayBk/Page-Vlink-Debit/input_Routing Number'

2023-01-19 19:17:41 - [MESSAGE][PASSED] - Text '256072691' is set on object 'Object Repository/RecAndPlayBk/Page-Vlink-Debit/input_Routing Number'

2023-01-19 19:17:41 - [TEST_STEP][PASSED] - setText(findTestObject("RecAndPlayBk/Page-Vlink-Debit/input_Amount"), amount): Text '12.50' is set on object 'Object Repository/RecAndPlayBk/Page-Vlink-Debit/input_Amount'

2023-01-19 19:17:42 - [MESSAGE][PASSED] - Text '12.50' is set on object 'Object Repository/RecAndPlayBk/Page-Vlink-Debit/input_Amount'

2023-01-19 19:17:42 - [TEST_STEP][PASSED] - setText(findTestObject("RecAndPlayBk/Page-Vlink-Debit/input_Check Email"), ""): Text '' is set on object 'Object Repository/RecAndPlayBk/Page-Vlink-Debit/input_Check Email'

2023-01-19 19:17:43 - [MESSAGE][PASSED] - Text '' is set on object 'Object Repository/RecAndPlayBk/Page-Vlink-Debit/input_Check Email'

2023-01-19 19:17:43 - [TEST_STEP][PASSED] - setText(findTestObject("Object Repository/RecAndPlayBk/Page-Vlink-Debit/input_concat(CheckWriter, , s SSN)_check_ssn"), ""): Text '' is set on object 'Object Repository/RecAndPlayBk/Page-Vlink-Debit/input_concat(CheckWriter, , s SSN)_check_ssn'

2023-01-19 19:17:44 - [MESSAGE][PASSED] - Text '' is set on object 'Object Repository/RecAndPlayBk/Page-Vlink-Debit/input_concat(CheckWriter, , s SSN)_check_ssn'

2023-01-19 19:17:44 - [TEST_STEP][PASSED] - setText(findTestObject("Object Repository/RecAndPlayBk/Page-Vlink-Debit/input_concat(CheckWriter, , s License Numbe_020fef"), ""): Text '' is set on object 'Object Repository/RecAndPlayBk/Page-Vlink-Debit/input_concat(CheckWriter, , s License Numbe_020fef'

2023-01-19 19:17:45 - [MESSAGE][PASSED] - Text '' is set on object 'Object Repository/RecAndPlayBk/Page-Vlink-Debit/input_concat(CheckWriter, , s License Numbe_020fef'

2023-01-19 19:17:45 - [TEST_STEP][PASSED] - setText(findTestObject("Object Repository/RecAndPlayBk/Page-Vlink-Debit/input_concat(CheckWriter, , s License State_21e3e7"), ""): Text '' is set on object 'Object Repository/RecAndPlayBk/Page-Vlink-Debit/input_concat(CheckWriter, , s License State_21e3e7'

2023-01-19 19:17:46 - [MESSAGE][PASSED] - Text '' is set on object 'Object Repository/RecAndPlayBk/Page-Vlink-Debit/input_concat(CheckWriter, , s License State_21e3e7'

2023-01-19 19:17:46 - [TEST_STEP][PASSED] - setText(findTestObject("RecAndPlayBk/Page-Vlink-Debit/input_Standard Entry Class"), sec): Text 'WEB' is set on object 'Object Repository/RecAndPlayBk/Page-Vlink-Debit/input_Standard Entry Class'

2023-01-19 19:17:47 - [MESSAGE][PASSED] - Text 'WEB' is set on object 'Object Repository/RecAndPlayBk/Page-Vlink-Debit/input_Standard Entry Class'

2023-01-19 19:17:47 - [TEST_STEP][PASSED] - click(findTestObject("Object Repository/RecAndPlayBk/Page-Vlink-Debit/input")): Object: 'Object Repository/RecAndPlayBk/Page-Vlink-Debit/input' is clicked on

2023-01-19 19:17:48 - [MESSAGE][PASSED] - Object: 'Object Repository/RecAndPlayBk/Page-Vlink-Debit/input' is clicked on

2023-01-19 19:17:48 - [TEST_STEP][PASSED] - if (verifyTextPresent("Transaction approved, no errors", true)): null

2023-01-19 19:17:48 - [MESSAGE][PASSED] - Text 'Transaction approved, no errors' is present on page  using regular expression

2023-01-19 19:17:48 - [TEST_STEP][PASSED] - println("Transaction Approved, no errors text is present on the Confirmation page"): null

2023-01-19 19:17:48 - [TEST_STEP][PASSED] - out.println("Pass Record Number: " + row): null

2023-01-19 19:17:48 - [TEST_STEP][PASSED] - resText = "Pass": null

2023-01-19 19:17:48 - [TEST_STEP][PASSED] - pages.WriteExcel.demoKey(resText, datText, resColumn, datCloumn, fileLoc, nameSheet, row): pages.WriteExcel.demoKey is PASSED

2023-01-19 19:17:48 - [MESSAGE][PASSED] - pages.WriteExcel.demoKey is PASSED

2023-01-19 19:17:48 - [TEST_STEP][PASSED] - ExecuteTC = findTestData(dataFile).getValue("Execute", row): null

2023-01-19 19:17:48 - [TEST_STEP][PASSED] - out.println("Value of Execute is : " + ExecuteTC): null

2023-01-19 19:17:48 - [TEST_STEP][PASSED] - switch (executionProfile): null

2023-01-19 19:17:48 - [TEST_STEP][PASSED] - case "DemoProfile":: null

2023-01-19 19:17:48 - [TEST_STEP][PASSED] - appID = findTestData(dataFile).getValue("AppIDDemo", row): null

2023-01-19 19:17:48 - [TEST_STEP][PASSED] - username = findTestData(dataFile).getValue("UsernameDemo", row): null

2023-01-19 19:17:48 - [TEST_STEP][PASSED] - password = findTestData(dataFile).getValue("PasswordDemo", row): null

2023-01-19 19:17:49 - [TEST_STEP][PASSED] - break: null

2023-01-19 19:17:49 - [TEST_STEP][PASSED] - if (ExecuteTC.equalsIgnoreCase("Y")): null

2023-01-19 19:17:49 - [TEST_STEP][PASSED] - out.println("Begin Record Number: " + row): null

2023-01-19 19:17:49 - [TEST_STEP][PASSED] - today = new java.util.Date(): null

2023-01-19 19:17:49 - [TEST_STEP][PASSED] - println(today): null

2023-01-19 19:17:49 - [TEST_STEP][PASSED] - datText = today: null

2023-01-19 19:17:49 - [TEST_STEP][PASSED] - checkType = findTestData(dataFile).getValue("CheckType", row): null

2023-01-19 19:17:49 - [TEST_STEP][PASSED] - acNumber = findTestData(dataFile).getValue("AcNumber", row): null

2023-01-19 19:17:49 - [TEST_STEP][PASSED] - company = findTestData(dataFile).getValue("Company", row): null

2023-01-19 19:17:49 - [TEST_STEP][PASSED] - acType = findTestData(dataFile).getValue("AcType", row): null

2023-01-19 19:17:49 - [TEST_STEP][PASSED] - rtn = findTestData(dataFile).getValue("RTN", row): null

2023-01-19 19:17:49 - [TEST_STEP][PASSED] - amount = findTestData(dataFile).getValue("Amount", row): null

2023-01-19 19:17:49 - [TEST_STEP][PASSED] - sec = findTestData(dataFile).getValue("SEC", row): null

2023-01-19 19:17:49 - [TEST_STEP][PASSED] - openBrowser(VLinkURL + "debit.html"): Browser is opened with url: 'https://dev-algorithm.govolution.com/vlinktest/demo/version_2_0/debit.html'

2023-01-19 19:17:49 - [MESSAGE][WARNING] - A browser is already opened. Closing browser and opening a new one

2023-01-19 19:17:50 - [MESSAGE][INFO] - Starting 'Chrome' driver

2023-01-19 19:17:50 - [MESSAGE][INFO] - User set preference: ['acceptInsecureCerts', 'true']

2023-01-19 19:17:50 - [MESSAGE][INFO] - Action delay is set to 0 milliseconds

2023-01-19 19:17:52 - [MESSAGE][PASSED] - Browser is opened with url: 'https://dev-algorithm.govolution.com/vlinktest/demo/version_2_0/debit.html'

2023-01-19 19:17:52 - [TEST_STEP][PASSED] - maximizeWindow(): Current window maximized

2023-01-19 19:17:52 - [MESSAGE][PASSED] - Current window maximized

2023-01-19 19:17:52 - [TEST_STEP][PASSED] - genRemID = RandomStringUtils.random(12, true, true): null

2023-01-19 19:17:52 - [TEST_STEP][PASSED] - setText(findTestObject("RecAndPlayBk/Page-Vlink-Debit/input_Remittance Id"), genRemID): Text '0IjjIJYORMLv' is set on object 'Object Repository/RecAndPlayBk/Page-Vlink-Debit/input_Remittance Id'

2023-01-19 19:17:53 - [MESSAGE][PASSED] - Text '0IjjIJYORMLv' is set on object 'Object Repository/RecAndPlayBk/Page-Vlink-Debit/input_Remittance Id'

2023-01-19 19:17:53 - [TEST_STEP][PASSED] - setText(findTestObject("RecAndPlayBk/Page-Vlink-Debit/input_Application Id"), appID): Text '1773' is set on object 'Object Repository/RecAndPlayBk/Page-Vlink-Debit/input_Application Id'

2023-01-19 19:17:54 - [MESSAGE][PASSED] - Text '1773' is set on object 'Object Repository/RecAndPlayBk/Page-Vlink-Debit/input_Application Id'

2023-01-19 19:17:54 - [TEST_STEP][PASSED] - setText(findTestObject("RecAndPlayBk/Page-Vlink-Debit/input_Username"), username): Text 'username' is set on object 'Object Repository/RecAndPlayBk/Page-Vlink-Debit/input_Username'

2023-01-19 19:17:55 - [MESSAGE][PASSED] - Text 'username' is set on object 'Object Repository/RecAndPlayBk/Page-Vlink-Debit/input_Username'

2023-01-19 19:17:55 - [TEST_STEP][PASSED] - setText(findTestObject("RecAndPlayBk/Page-Vlink-Debit/input_Password"), password): Text 'password' is set on object 'Object Repository/RecAndPlayBk/Page-Vlink-Debit/input_Password'

2023-01-19 19:17:55 - [MESSAGE][PASSED] - Text 'password' is set on object 'Object Repository/RecAndPlayBk/Page-Vlink-Debit/input_Password'

2023-01-19 19:17:55 - [TEST_STEP][PASSED] - setText(findTestObject("RecAndPlayBk/Page-Vlink-Debit/input_Check Type"), checkType): Text 'P' is set on object 'Object Repository/RecAndPlayBk/Page-Vlink-Debit/input_Check Type'

2023-01-19 19:17:56 - [MESSAGE][PASSED] - Text 'P' is set on object 'Object Repository/RecAndPlayBk/Page-Vlink-Debit/input_Check Type'

2023-01-19 19:17:56 - [TEST_STEP][PASSED] - setText(findTestObject("RecAndPlayBk/Page-Vlink-Debit/input_Account_check"), acNumber): Text '58963214' is set on object 'Object Repository/RecAndPlayBk/Page-Vlink-Debit/input_Account_check'

2023-01-19 19:17:57 - [MESSAGE][PASSED] - Text '58963214' is set on object 'Object Repository/RecAndPlayBk/Page-Vlink-Debit/input_Account_check'

2023-01-19 19:17:57 - [TEST_STEP][PASSED] - setText(findTestObject("RecAndPlayBk/Page-Vlink-Debit/input_Company_check"), company): Text '' is set on object 'Object Repository/RecAndPlayBk/Page-Vlink-Debit/input_Company_check'

2023-01-19 19:17:58 - [MESSAGE][PASSED] - Text '' is set on object 'Object Repository/RecAndPlayBk/Page-Vlink-Debit/input_Company_check'

2023-01-19 19:17:58 - [TEST_STEP][PASSED] - setText(findTestObject("RecAndPlayBk/Page-Vlink-Debit/input_Account Type"), acType): Text '2' is set on object 'Object Repository/RecAndPlayBk/Page-Vlink-Debit/input_Account Type'

2023-01-19 19:17:59 - [MESSAGE][PASSED] - Text '2' is set on object 'Object Repository/RecAndPlayBk/Page-Vlink-Debit/input_Account Type'

2023-01-19 19:17:59 - [TEST_STEP][PASSED] - setText(findTestObject("RecAndPlayBk/Page-Vlink-Debit/input_Routing Number"), rtn): Text '256072691' is set on object 'Object Repository/RecAndPlayBk/Page-Vlink-Debit/input_Routing Number'

2023-01-19 19:18:00 - [MESSAGE][PASSED] - Text '256072691' is set on object 'Object Repository/RecAndPlayBk/Page-Vlink-Debit/input_Routing Number'

2023-01-19 19:18:00 - [TEST_STEP][PASSED] - setText(findTestObject("RecAndPlayBk/Page-Vlink-Debit/input_Amount"), amount): Text '12.50' is set on object 'Object Repository/RecAndPlayBk/Page-Vlink-Debit/input_Amount'

2023-01-19 19:18:01 - [MESSAGE][PASSED] - Text '12.50' is set on object 'Object Repository/RecAndPlayBk/Page-Vlink-Debit/input_Amount'

2023-01-19 19:18:01 - [TEST_STEP][PASSED] - setText(findTestObject("RecAndPlayBk/Page-Vlink-Debit/input_Check Email"), ""): Text '' is set on object 'Object Repository/RecAndPlayBk/Page-Vlink-Debit/input_Check Email'

2023-01-19 19:18:02 - [MESSAGE][PASSED] - Text '' is set on object 'Object Repository/RecAndPlayBk/Page-Vlink-Debit/input_Check Email'

2023-01-19 19:18:02 - [TEST_STEP][PASSED] - setText(findTestObject("Object Repository/RecAndPlayBk/Page-Vlink-Debit/input_concat(CheckWriter, , s SSN)_check_ssn"), ""): Text '' is set on object 'Object Repository/RecAndPlayBk/Page-Vlink-Debit/input_concat(CheckWriter, , s SSN)_check_ssn'

2023-01-19 19:18:03 - [MESSAGE][PASSED] - Text '' is set on object 'Object Repository/RecAndPlayBk/Page-Vlink-Debit/input_concat(CheckWriter, , s SSN)_check_ssn'

2023-01-19 19:18:03 - [TEST_STEP][PASSED] - setText(findTestObject("Object Repository/RecAndPlayBk/Page-Vlink-Debit/input_concat(CheckWriter, , s License Numbe_020fef"), ""): Text '' is set on object 'Object Repository/RecAndPlayBk/Page-Vlink-Debit/input_concat(CheckWriter, , s License Numbe_020fef'

2023-01-19 19:18:03 - [MESSAGE][PASSED] - Text '' is set on object 'Object Repository/RecAndPlayBk/Page-Vlink-Debit/input_concat(CheckWriter, , s License Numbe_020fef'

2023-01-19 19:18:03 - [TEST_STEP][PASSED] - setText(findTestObject("Object Repository/RecAndPlayBk/Page-Vlink-Debit/input_concat(CheckWriter, , s License State_21e3e7"), ""): Text '' is set on object 'Object Repository/RecAndPlayBk/Page-Vlink-Debit/input_concat(CheckWriter, , s License State_21e3e7'

2023-01-19 19:18:04 - [MESSAGE][PASSED] - Text '' is set on object 'Object Repository/RecAndPlayBk/Page-Vlink-Debit/input_concat(CheckWriter, , s License State_21e3e7'

2023-01-19 19:18:04 - [TEST_STEP][PASSED] - setText(findTestObject("RecAndPlayBk/Page-Vlink-Debit/input_Standard Entry Class"), sec): Text 'TEL' is set on object 'Object Repository/RecAndPlayBk/Page-Vlink-Debit/input_Standard Entry Class'

2023-01-19 19:18:05 - [MESSAGE][PASSED] - Text 'TEL' is set on object 'Object Repository/RecAndPlayBk/Page-Vlink-Debit/input_Standard Entry Class'

2023-01-19 19:18:05 - [TEST_STEP][PASSED] - click(findTestObject("Object Repository/RecAndPlayBk/Page-Vlink-Debit/input")): Object: 'Object Repository/RecAndPlayBk/Page-Vlink-Debit/input' is clicked on

2023-01-19 19:18:06 - [MESSAGE][PASSED] - Object: 'Object Repository/RecAndPlayBk/Page-Vlink-Debit/input' is clicked on

2023-01-19 19:18:06 - [TEST_STEP][PASSED] - if (verifyTextPresent("Transaction approved, no errors", true)): null

2023-01-19 19:18:06 - [MESSAGE][PASSED] - Text 'Transaction approved, no errors' is present on page  using regular expression

2023-01-19 19:18:06 - [TEST_STEP][PASSED] - println("Transaction Approved, no errors text is present on the Confirmation page"): null

2023-01-19 19:18:06 - [TEST_STEP][PASSED] - out.println("Pass Record Number: " + row): null

2023-01-19 19:18:06 - [TEST_STEP][PASSED] - resText = "Pass": null

2023-01-19 19:18:06 - [TEST_STEP][PASSED] - pages.WriteExcel.demoKey(resText, datText, resColumn, datCloumn, fileLoc, nameSheet, row): pages.WriteExcel.demoKey is PASSED

2023-01-19 19:18:06 - [MESSAGE][PASSED] - pages.WriteExcel.demoKey is PASSED

2023-01-19 19:18:06 - [TEST_STEP][PASSED] - ExecuteTC = findTestData(dataFile).getValue("Execute", row): null

2023-01-19 19:18:06 - [TEST_STEP][PASSED] - out.println("Value of Execute is : " + ExecuteTC): null

2023-01-19 19:18:06 - [TEST_STEP][PASSED] - switch (executionProfile): null

2023-01-19 19:18:06 - [TEST_STEP][PASSED] - case "DemoProfile":: null

2023-01-19 19:18:06 - [TEST_STEP][PASSED] - appID = findTestData(dataFile).getValue("AppIDDemo", row): null

2023-01-19 19:18:07 - [TEST_STEP][PASSED] - username = findTestData(dataFile).getValue("UsernameDemo", row): null

2023-01-19 19:18:07 - [TEST_STEP][PASSED] - password = findTestData(dataFile).getValue("PasswordDemo", row): null

2023-01-19 19:18:07 - [TEST_STEP][PASSED] - break: null

2023-01-19 19:18:07 - [TEST_STEP][PASSED] - if (ExecuteTC.equalsIgnoreCase("Y")): null

2023-01-19 19:18:07 - [TEST_STEP][PASSED] - out.println("Begin Record Number: " + row): null

2023-01-19 19:18:07 - [TEST_STEP][PASSED] - today = new java.util.Date(): null

2023-01-19 19:18:07 - [TEST_STEP][PASSED] - println(today): null

2023-01-19 19:18:07 - [TEST_STEP][PASSED] - datText = today: null

2023-01-19 19:18:07 - [TEST_STEP][PASSED] - checkType = findTestData(dataFile).getValue("CheckType", row): null

2023-01-19 19:18:07 - [TEST_STEP][PASSED] - acNumber = findTestData(dataFile).getValue("AcNumber", row): null

2023-01-19 19:18:07 - [TEST_STEP][PASSED] - company = findTestData(dataFile).getValue("Company", row): null

2023-01-19 19:18:07 - [TEST_STEP][PASSED] - acType = findTestData(dataFile).getValue("AcType", row): null

2023-01-19 19:18:07 - [TEST_STEP][PASSED] - rtn = findTestData(dataFile).getValue("RTN", row): null

2023-01-19 19:18:07 - [TEST_STEP][PASSED] - amount = findTestData(dataFile).getValue("Amount", row): null

2023-01-19 19:18:07 - [TEST_STEP][PASSED] - sec = findTestData(dataFile).getValue("SEC", row): null

2023-01-19 19:18:07 - [TEST_STEP][PASSED] - openBrowser(VLinkURL + "debit.html"): Browser is opened with url: 'https://dev-algorithm.govolution.com/vlinktest/demo/version_2_0/debit.html'

2023-01-19 19:18:07 - [MESSAGE][WARNING] - A browser is already opened. Closing browser and opening a new one

2023-01-19 19:18:08 - [MESSAGE][INFO] - Starting 'Chrome' driver

2023-01-19 19:18:08 - [MESSAGE][INFO] - User set preference: ['acceptInsecureCerts', 'true']

2023-01-19 19:18:08 - [MESSAGE][INFO] - Action delay is set to 0 milliseconds

2023-01-19 19:18:10 - [MESSAGE][PASSED] - Browser is opened with url: 'https://dev-algorithm.govolution.com/vlinktest/demo/version_2_0/debit.html'

2023-01-19 19:18:10 - [TEST_STEP][PASSED] - maximizeWindow(): Current window maximized

2023-01-19 19:18:10 - [MESSAGE][PASSED] - Current window maximized

2023-01-19 19:18:10 - [TEST_STEP][PASSED] - genRemID = RandomStringUtils.random(12, true, true): null

2023-01-19 19:18:10 - [TEST_STEP][PASSED] - setText(findTestObject("RecAndPlayBk/Page-Vlink-Debit/input_Remittance Id"), genRemID): Text 'bBM8J0gipMMm' is set on object 'Object Repository/RecAndPlayBk/Page-Vlink-Debit/input_Remittance Id'

2023-01-19 19:18:11 - [MESSAGE][PASSED] - Text 'bBM8J0gipMMm' is set on object 'Object Repository/RecAndPlayBk/Page-Vlink-Debit/input_Remittance Id'

2023-01-19 19:18:11 - [TEST_STEP][PASSED] - setText(findTestObject("RecAndPlayBk/Page-Vlink-Debit/input_Application Id"), appID): Text '1773' is set on object 'Object Repository/RecAndPlayBk/Page-Vlink-Debit/input_Application Id'

2023-01-19 19:18:12 - [MESSAGE][PASSED] - Text '1773' is set on object 'Object Repository/RecAndPlayBk/Page-Vlink-Debit/input_Application Id'

2023-01-19 19:18:12 - [TEST_STEP][PASSED] - setText(findTestObject("RecAndPlayBk/Page-Vlink-Debit/input_Username"), username): Text 'username' is set on object 'Object Repository/RecAndPlayBk/Page-Vlink-Debit/input_Username'

2023-01-19 19:18:13 - [MESSAGE][PASSED] - Text 'username' is set on object 'Object Repository/RecAndPlayBk/Page-Vlink-Debit/input_Username'

2023-01-19 19:18:13 - [TEST_STEP][PASSED] - setText(findTestObject("RecAndPlayBk/Page-Vlink-Debit/input_Password"), password): Text 'password' is set on object 'Object Repository/RecAndPlayBk/Page-Vlink-Debit/input_Password'

2023-01-19 19:18:14 - [MESSAGE][PASSED] - Text 'password' is set on object 'Object Repository/RecAndPlayBk/Page-Vlink-Debit/input_Password'

2023-01-19 19:18:14 - [TEST_STEP][PASSED] - setText(findTestObject("RecAndPlayBk/Page-Vlink-Debit/input_Check Type"), checkType): Text 'P' is set on object 'Object Repository/RecAndPlayBk/Page-Vlink-Debit/input_Check Type'

2023-01-19 19:18:14 - [MESSAGE][PASSED] - Text 'P' is set on object 'Object Repository/RecAndPlayBk/Page-Vlink-Debit/input_Check Type'

2023-01-19 19:18:14 - [TEST_STEP][PASSED] - setText(findTestObject("RecAndPlayBk/Page-Vlink-Debit/input_Account_check"), acNumber): Text '58963214' is set on object 'Object Repository/RecAndPlayBk/Page-Vlink-Debit/input_Account_check'

2023-01-19 19:18:15 - [MESSAGE][PASSED] - Text '58963214' is set on object 'Object Repository/RecAndPlayBk/Page-Vlink-Debit/input_Account_check'

2023-01-19 19:18:15 - [TEST_STEP][PASSED] - setText(findTestObject("RecAndPlayBk/Page-Vlink-Debit/input_Company_check"), company): Text '' is set on object 'Object Repository/RecAndPlayBk/Page-Vlink-Debit/input_Company_check'

2023-01-19 19:18:16 - [MESSAGE][PASSED] - Text '' is set on object 'Object Repository/RecAndPlayBk/Page-Vlink-Debit/input_Company_check'

2023-01-19 19:18:16 - [TEST_STEP][PASSED] - setText(findTestObject("RecAndPlayBk/Page-Vlink-Debit/input_Account Type"), acType): Text '2' is set on object 'Object Repository/RecAndPlayBk/Page-Vlink-Debit/input_Account Type'

2023-01-19 19:18:17 - [MESSAGE][PASSED] - Text '2' is set on object 'Object Repository/RecAndPlayBk/Page-Vlink-Debit/input_Account Type'

2023-01-19 19:18:17 - [TEST_STEP][PASSED] - setText(findTestObject("RecAndPlayBk/Page-Vlink-Debit/input_Routing Number"), rtn): Text '256072691' is set on object 'Object Repository/RecAndPlayBk/Page-Vlink-Debit/input_Routing Number'

2023-01-19 19:18:18 - [MESSAGE][PASSED] - Text '256072691' is set on object 'Object Repository/RecAndPlayBk/Page-Vlink-Debit/input_Routing Number'

2023-01-19 19:18:18 - [TEST_STEP][PASSED] - setText(findTestObject("RecAndPlayBk/Page-Vlink-Debit/input_Amount"), amount): Text '12.50' is set on object 'Object Repository/RecAndPlayBk/Page-Vlink-Debit/input_Amount'

2023-01-19 19:18:19 - [MESSAGE][PASSED] - Text '12.50' is set on object 'Object Repository/RecAndPlayBk/Page-Vlink-Debit/input_Amount'

2023-01-19 19:18:19 - [TEST_STEP][PASSED] - setText(findTestObject("RecAndPlayBk/Page-Vlink-Debit/input_Check Email"), ""): Text '' is set on object 'Object Repository/RecAndPlayBk/Page-Vlink-Debit/input_Check Email'

2023-01-19 19:18:20 - [MESSAGE][PASSED] - Text '' is set on object 'Object Repository/RecAndPlayBk/Page-Vlink-Debit/input_Check Email'

2023-01-19 19:18:20 - [TEST_STEP][PASSED] - setText(findTestObject("Object Repository/RecAndPlayBk/Page-Vlink-Debit/input_concat(CheckWriter, , s SSN)_check_ssn"), ""): Text '' is set on object 'Object Repository/RecAndPlayBk/Page-Vlink-Debit/input_concat(CheckWriter, , s SSN)_check_ssn'

2023-01-19 19:18:21 - [MESSAGE][PASSED] - Text '' is set on object 'Object Repository/RecAndPlayBk/Page-Vlink-Debit/input_concat(CheckWriter, , s SSN)_check_ssn'

2023-01-19 19:18:21 - [TEST_STEP][PASSED] - setText(findTestObject("Object Repository/RecAndPlayBk/Page-Vlink-Debit/input_concat(CheckWriter, , s License Numbe_020fef"), ""): Text '' is set on object 'Object Repository/RecAndPlayBk/Page-Vlink-Debit/input_concat(CheckWriter, , s License Numbe_020fef'

2023-01-19 19:18:21 - [MESSAGE][PASSED] - Text '' is set on object 'Object Repository/RecAndPlayBk/Page-Vlink-Debit/input_concat(CheckWriter, , s License Numbe_020fef'

2023-01-19 19:18:21 - [TEST_STEP][PASSED] - setText(findTestObject("Object Repository/RecAndPlayBk/Page-Vlink-Debit/input_concat(CheckWriter, , s License State_21e3e7"), ""): Text '' is set on object 'Object Repository/RecAndPlayBk/Page-Vlink-Debit/input_concat(CheckWriter, , s License State_21e3e7'

2023-01-19 19:18:22 - [MESSAGE][PASSED] - Text '' is set on object 'Object Repository/RecAndPlayBk/Page-Vlink-Debit/input_concat(CheckWriter, , s License State_21e3e7'

2023-01-19 19:18:22 - [TEST_STEP][PASSED] - setText(findTestObject("RecAndPlayBk/Page-Vlink-Debit/input_Standard Entry Class"), sec): Text 'PPD' is set on object 'Object Repository/RecAndPlayBk/Page-Vlink-Debit/input_Standard Entry Class'

2023-01-19 19:18:23 - [MESSAGE][PASSED] - Text 'PPD' is set on object 'Object Repository/RecAndPlayBk/Page-Vlink-Debit/input_Standard Entry Class'

2023-01-19 19:18:23 - [TEST_STEP][PASSED] - click(findTestObject("Object Repository/RecAndPlayBk/Page-Vlink-Debit/input")): Object: 'Object Repository/RecAndPlayBk/Page-Vlink-Debit/input' is clicked on

2023-01-19 19:18:24 - [MESSAGE][PASSED] - Object: 'Object Repository/RecAndPlayBk/Page-Vlink-Debit/input' is clicked on

2023-01-19 19:18:24 - [TEST_STEP][PASSED] - if (verifyTextPresent("Transaction approved, no errors", true)): null

2023-01-19 19:18:24 - [MESSAGE][PASSED] - Text 'Transaction approved, no errors' is present on page  using regular expression

2023-01-19 19:18:24 - [TEST_STEP][PASSED] - println("Transaction Approved, no errors text is present on the Confirmation page"): null

2023-01-19 19:18:24 - [TEST_STEP][PASSED] - out.println("Pass Record Number: " + row): null

2023-01-19 19:18:24 - [TEST_STEP][PASSED] - resText = "Pass": null

2023-01-19 19:18:24 - [TEST_STEP][PASSED] - pages.WriteExcel.demoKey(resText, datText, resColumn, datCloumn, fileLoc, nameSheet, row): pages.WriteExcel.demoKey is PASSED

2023-01-19 19:18:25 - [MESSAGE][PASSED] - pages.WriteExcel.demoKey is PASSED

2023-01-19 19:18:25 - [TEST_STEP][PASSED] - ExecuteTC = findTestData(dataFile).getValue("Execute", row): null

2023-01-19 19:18:25 - [TEST_STEP][PASSED] - out.println("Value of Execute is : " + ExecuteTC): null

2023-01-19 19:18:25 - [TEST_STEP][PASSED] - switch (executionProfile): null

2023-01-19 19:18:25 - [TEST_STEP][PASSED] - case "DemoProfile":: null

2023-01-19 19:18:25 - [TEST_STEP][PASSED] - appID = findTestData(dataFile).getValue("AppIDDemo", row): null

2023-01-19 19:18:25 - [TEST_STEP][PASSED] - username = findTestData(dataFile).getValue("UsernameDemo", row): null

2023-01-19 19:18:25 - [TEST_STEP][PASSED] - password = findTestData(dataFile).getValue("PasswordDemo", row): null

2023-01-19 19:18:25 - [TEST_STEP][PASSED] - break: null

2023-01-19 19:18:25 - [TEST_STEP][PASSED] - if (ExecuteTC.equalsIgnoreCase("Y")): null

2023-01-19 19:18:25 - [TEST_STEP][PASSED] - out.println("Begin Record Number: " + row): null

2023-01-19 19:18:25 - [TEST_STEP][PASSED] - today = new java.util.Date(): null

2023-01-19 19:18:25 - [TEST_STEP][PASSED] - println(today): null

2023-01-19 19:18:25 - [TEST_STEP][PASSED] - datText = today: null

2023-01-19 19:18:25 - [TEST_STEP][PASSED] - checkType = findTestData(dataFile).getValue("CheckType", row): null

2023-01-19 19:18:25 - [TEST_STEP][PASSED] - acNumber = findTestData(dataFile).getValue("AcNumber", row): null

2023-01-19 19:18:25 - [TEST_STEP][PASSED] - company = findTestData(dataFile).getValue("Company", row): null

2023-01-19 19:18:25 - [TEST_STEP][PASSED] - acType = findTestData(dataFile).getValue("AcType", row): null

2023-01-19 19:18:25 - [TEST_STEP][PASSED] - rtn = findTestData(dataFile).getValue("RTN", row): null

2023-01-19 19:18:25 - [TEST_STEP][PASSED] - amount = findTestData(dataFile).getValue("Amount", row): null

2023-01-19 19:18:25 - [TEST_STEP][PASSED] - sec = findTestData(dataFile).getValue("SEC", row): null

2023-01-19 19:18:25 - [TEST_STEP][PASSED] - openBrowser(VLinkURL + "debit.html"): Browser is opened with url: 'https://dev-algorithm.govolution.com/vlinktest/demo/version_2_0/debit.html'

2023-01-19 19:18:25 - [MESSAGE][WARNING] - A browser is already opened. Closing browser and opening a new one

2023-01-19 19:18:26 - [MESSAGE][INFO] - Starting 'Chrome' driver

2023-01-19 19:18:26 - [MESSAGE][INFO] - User set preference: ['acceptInsecureCerts', 'true']

2023-01-19 19:18:26 - [MESSAGE][INFO] - Action delay is set to 0 milliseconds

2023-01-19 19:18:28 - [MESSAGE][PASSED] - Browser is opened with url: 'https://dev-algorithm.govolution.com/vlinktest/demo/version_2_0/debit.html'

2023-01-19 19:18:28 - [TEST_STEP][PASSED] - maximizeWindow(): Current window maximized

2023-01-19 19:18:28 - [MESSAGE][PASSED] - Current window maximized

2023-01-19 19:18:28 - [TEST_STEP][PASSED] - genRemID = RandomStringUtils.random(12, true, true): null

2023-01-19 19:18:28 - [TEST_STEP][PASSED] - setText(findTestObject("RecAndPlayBk/Page-Vlink-Debit/input_Remittance Id"), genRemID): Text 'XhEo7pM1L1T0' is set on object 'Object Repository/RecAndPlayBk/Page-Vlink-Debit/input_Remittance Id'

2023-01-19 19:18:29 - [MESSAGE][PASSED] - Text 'XhEo7pM1L1T0' is set on object 'Object Repository/RecAndPlayBk/Page-Vlink-Debit/input_Remittance Id'

2023-01-19 19:18:29 - [TEST_STEP][PASSED] - setText(findTestObject("RecAndPlayBk/Page-Vlink-Debit/input_Application Id"), appID): Text '1773' is set on object 'Object Repository/RecAndPlayBk/Page-Vlink-Debit/input_Application Id'

2023-01-19 19:18:30 - [MESSAGE][PASSED] - Text '1773' is set on object 'Object Repository/RecAndPlayBk/Page-Vlink-Debit/input_Application Id'

2023-01-19 19:18:30 - [TEST_STEP][PASSED] - setText(findTestObject("RecAndPlayBk/Page-Vlink-Debit/input_Username"), username): Text 'username' is set on object 'Object Repository/RecAndPlayBk/Page-Vlink-Debit/input_Username'

2023-01-19 19:18:31 - [MESSAGE][PASSED] - Text 'username' is set on object 'Object Repository/RecAndPlayBk/Page-Vlink-Debit/input_Username'

2023-01-19 19:18:31 - [TEST_STEP][PASSED] - setText(findTestObject("RecAndPlayBk/Page-Vlink-Debit/input_Password"), password): Text 'password' is set on object 'Object Repository/RecAndPlayBk/Page-Vlink-Debit/input_Password'

2023-01-19 19:18:32 - [MESSAGE][PASSED] - Text 'password' is set on object 'Object Repository/RecAndPlayBk/Page-Vlink-Debit/input_Password'

2023-01-19 19:18:32 - [TEST_STEP][PASSED] - setText(findTestObject("RecAndPlayBk/Page-Vlink-Debit/input_Check Type"), checkType): Text 'C' is set on object 'Object Repository/RecAndPlayBk/Page-Vlink-Debit/input_Check Type'

2023-01-19 19:18:32 - [MESSAGE][PASSED] - Text 'C' is set on object 'Object Repository/RecAndPlayBk/Page-Vlink-Debit/input_Check Type'

2023-01-19 19:18:32 - [TEST_STEP][PASSED] - setText(findTestObject("RecAndPlayBk/Page-Vlink-Debit/input_Account_check"), acNumber): Text '58963214' is set on object 'Object Repository/RecAndPlayBk/Page-Vlink-Debit/input_Account_check'

2023-01-19 19:18:33 - [MESSAGE][PASSED] - Text '58963214' is set on object 'Object Repository/RecAndPlayBk/Page-Vlink-Debit/input_Account_check'

2023-01-19 19:18:33 - [TEST_STEP][PASSED] - setText(findTestObject("RecAndPlayBk/Page-Vlink-Debit/input_Company_check"), company): Text 'My Company' is set on object 'Object Repository/RecAndPlayBk/Page-Vlink-Debit/input_Company_check'

2023-01-19 19:18:34 - [MESSAGE][PASSED] - Text 'My Company' is set on object 'Object Repository/RecAndPlayBk/Page-Vlink-Debit/input_Company_check'

2023-01-19 19:18:34 - [TEST_STEP][PASSED] - setText(findTestObject("RecAndPlayBk/Page-Vlink-Debit/input_Account Type"), acType): Text '' is set on object 'Object Repository/RecAndPlayBk/Page-Vlink-Debit/input_Account Type'

2023-01-19 19:18:35 - [MESSAGE][PASSED] - Text '' is set on object 'Object Repository/RecAndPlayBk/Page-Vlink-Debit/input_Account Type'

2023-01-19 19:18:35 - [TEST_STEP][PASSED] - setText(findTestObject("RecAndPlayBk/Page-Vlink-Debit/input_Routing Number"), rtn): Text '256072691' is set on object 'Object Repository/RecAndPlayBk/Page-Vlink-Debit/input_Routing Number'

2023-01-19 19:18:36 - [MESSAGE][PASSED] - Text '256072691' is set on object 'Object Repository/RecAndPlayBk/Page-Vlink-Debit/input_Routing Number'

2023-01-19 19:18:36 - [TEST_STEP][PASSED] - setText(findTestObject("RecAndPlayBk/Page-Vlink-Debit/input_Amount"), amount): Text '12.50' is set on object 'Object Repository/RecAndPlayBk/Page-Vlink-Debit/input_Amount'

2023-01-19 19:18:37 - [MESSAGE][PASSED] - Text '12.50' is set on object 'Object Repository/RecAndPlayBk/Page-Vlink-Debit/input_Amount'

2023-01-19 19:18:37 - [TEST_STEP][PASSED] - setText(findTestObject("RecAndPlayBk/Page-Vlink-Debit/input_Check Email"), ""): Text '' is set on object 'Object Repository/RecAndPlayBk/Page-Vlink-Debit/input_Check Email'

2023-01-19 19:18:37 - [MESSAGE][PASSED] - Text '' is set on object 'Object Repository/RecAndPlayBk/Page-Vlink-Debit/input_Check Email'

2023-01-19 19:18:37 - [TEST_STEP][PASSED] - setText(findTestObject("Object Repository/RecAndPlayBk/Page-Vlink-Debit/input_concat(CheckWriter, , s SSN)_check_ssn"), ""): Text '' is set on object 'Object Repository/RecAndPlayBk/Page-Vlink-Debit/input_concat(CheckWriter, , s SSN)_check_ssn'

2023-01-19 19:18:38 - [MESSAGE][PASSED] - Text '' is set on object 'Object Repository/RecAndPlayBk/Page-Vlink-Debit/input_concat(CheckWriter, , s SSN)_check_ssn'

2023-01-19 19:18:38 - [TEST_STEP][PASSED] - setText(findTestObject("Object Repository/RecAndPlayBk/Page-Vlink-Debit/input_concat(CheckWriter, , s License Numbe_020fef"), ""): Text '' is set on object 'Object Repository/RecAndPlayBk/Page-Vlink-Debit/input_concat(CheckWriter, , s License Numbe_020fef'

2023-01-19 19:18:39 - [MESSAGE][PASSED] - Text '' is set on object 'Object Repository/RecAndPlayBk/Page-Vlink-Debit/input_concat(CheckWriter, , s License Numbe_020fef'

2023-01-19 19:18:39 - [TEST_STEP][PASSED] - setText(findTestObject("Object Repository/RecAndPlayBk/Page-Vlink-Debit/input_concat(CheckWriter, , s License State_21e3e7"), ""): Text '' is set on object 'Object Repository/RecAndPlayBk/Page-Vlink-Debit/input_concat(CheckWriter, , s License State_21e3e7'

2023-01-19 19:18:40 - [MESSAGE][PASSED] - Text '' is set on object 'Object Repository/RecAndPlayBk/Page-Vlink-Debit/input_concat(CheckWriter, , s License State_21e3e7'

2023-01-19 19:18:40 - [TEST_STEP][PASSED] - setText(findTestObject("RecAndPlayBk/Page-Vlink-Debit/input_Standard Entry Class"), sec): Text 'CCD' is set on object 'Object Repository/RecAndPlayBk/Page-Vlink-Debit/input_Standard Entry Class'

2023-01-19 19:18:41 - [MESSAGE][PASSED] - Text 'CCD' is set on object 'Object Repository/RecAndPlayBk/Page-Vlink-Debit/input_Standard Entry Class'

2023-01-19 19:18:41 - [TEST_STEP][PASSED] - click(findTestObject("Object Repository/RecAndPlayBk/Page-Vlink-Debit/input")): Object: 'Object Repository/RecAndPlayBk/Page-Vlink-Debit/input' is clicked on

2023-01-19 19:18:42 - [MESSAGE][PASSED] - Object: 'Object Repository/RecAndPlayBk/Page-Vlink-Debit/input' is clicked on

2023-01-19 19:18:42 - [TEST_STEP][PASSED] - if (verifyTextPresent("Transaction approved, no errors", true)): null

2023-01-19 19:18:42 - [MESSAGE][PASSED] - Text 'Transaction approved, no errors' is present on page  using regular expression

2023-01-19 19:18:42 - [TEST_STEP][PASSED] - println("Transaction Approved, no errors text is present on the Confirmation page"): null

2023-01-19 19:18:42 - [TEST_STEP][PASSED] - out.println("Pass Record Number: " + row): null

2023-01-19 19:18:42 - [TEST_STEP][PASSED] - resText = "Pass": null

2023-01-19 19:18:42 - [TEST_STEP][PASSED] - pages.WriteExcel.demoKey(resText, datText, resColumn, datCloumn, fileLoc, nameSheet, row): pages.WriteExcel.demoKey is PASSED

2023-01-19 19:18:42 - [MESSAGE][PASSED] - pages.WriteExcel.demoKey is PASSED]]></system-out>
         <system-err><![CDATA[]]></system-err>
      </testcase>
      <testcase name="Test Cases/RecAndPlayBk/VLink/Debit-ZeroDollar-Error" time="124.492" classname="Test Cases/RecAndPlayBk/VLink/Debit-ZeroDollar-Error" status="PASSED">
         <system-out><![CDATA[2023-01-19 19:18:42 - [TEST_CASE][PASSED] - Test Cases/RecAndPlayBk/VLink/Debit-ZeroDollar-Error: Test Cases/RecAndPlayBk/VLink/Debit-ZeroDollar-Error

2023-01-19 19:18:43 - [TEST_STEP][PASSED] - executionProfile = getExecutionProfile(): null

2023-01-19 19:18:43 - [TEST_STEP][PASSED] - out.println("executionProfile : " + executionProfile): null

2023-01-19 19:18:43 - [TEST_STEP][PASSED] - appName = <not implemented yet for class: org.codehaus.groovy.ast.expr.EmptyExpression>: null

2023-01-19 19:18:43 - [TEST_STEP][PASSED] - appID = <not implemented yet for class: org.codehaus.groovy.ast.expr.EmptyExpression>: null

2023-01-19 19:18:43 - [TEST_STEP][PASSED] - username = <not implemented yet for class: org.codehaus.groovy.ast.expr.EmptyExpression>: null

2023-01-19 19:18:43 - [TEST_STEP][PASSED] - password = <not implemented yet for class: org.codehaus.groovy.ast.expr.EmptyExpression>: null

2023-01-19 19:18:43 - [TEST_STEP][PASSED] - cardNameV = <not implemented yet for class: org.codehaus.groovy.ast.expr.EmptyExpression>: null

2023-01-19 19:18:43 - [TEST_STEP][PASSED] - al1V = <not implemented yet for class: org.codehaus.groovy.ast.expr.EmptyExpression>: null

2023-01-19 19:18:43 - [TEST_STEP][PASSED] - al2V = <not implemented yet for class: org.codehaus.groovy.ast.expr.EmptyExpression>: null

2023-01-19 19:18:43 - [TEST_STEP][PASSED] - zipV = <not implemented yet for class: org.codehaus.groovy.ast.expr.EmptyExpression>: null

2023-01-19 19:18:43 - [TEST_STEP][PASSED] - cardTypeV = <not implemented yet for class: org.codehaus.groovy.ast.expr.EmptyExpression>: null

2023-01-19 19:18:43 - [TEST_STEP][PASSED] - last4V = <not implemented yet for class: org.codehaus.groovy.ast.expr.EmptyExpression>: null

2023-01-19 19:18:43 - [TEST_STEP][PASSED] - resText = "Fail": null

2023-01-19 19:18:43 - [TEST_STEP][PASSED] - resColumn = "Result": null

2023-01-19 19:18:43 - [TEST_STEP][PASSED] - datCloumn = "Date": null

2023-01-19 19:18:43 - [TEST_STEP][PASSED] - fileLoc = "KatalonData/VLinkSmokeDataACH.xlsx": null

2023-01-19 19:18:43 - [TEST_STEP][PASSED] - numOfRows = <not implemented yet for class: org.codehaus.groovy.ast.expr.EmptyExpression>: null

2023-01-19 19:18:43 - [TEST_STEP][PASSED] - dataFile = <not implemented yet for class: org.codehaus.groovy.ast.expr.EmptyExpression>: null

2023-01-19 19:18:43 - [TEST_STEP][PASSED] - nameSheet = <not implemented yet for class: org.codehaus.groovy.ast.expr.EmptyExpression>: null

2023-01-19 19:18:43 - [TEST_STEP][PASSED] - nameSheet = "Debit-ZeroDollar": null

2023-01-19 19:18:43 - [TEST_STEP][PASSED] - numOfRows = findTestData("QA/VLinkTestData/VLinkDebitZeroDollar").getRowNumbers(): null

2023-01-19 19:18:43 - [TEST_STEP][PASSED] - println("Number of Records: " + numOfRows): null

2023-01-19 19:18:43 - [TEST_STEP][PASSED] - dataFile = "QA/VLinkTestData/VLinkDebitZeroDollar": null

2023-01-19 19:18:43 - [TEST_STEP][PASSED] - for ([row = 1, row <= numOfRows, (row++)]): null

2023-01-19 19:18:43 - [TEST_STEP][PASSED] - ExecuteTC = findTestData(dataFile).getValue("Execute", row): null

2023-01-19 19:18:43 - [TEST_STEP][PASSED] - out.println("Value of Execute is : " + ExecuteTC): null

2023-01-19 19:18:43 - [TEST_STEP][PASSED] - switch (executionProfile): null

2023-01-19 19:18:43 - [TEST_STEP][PASSED] - case "DemoProfile":: null

2023-01-19 19:18:43 - [TEST_STEP][PASSED] - appID = findTestData(dataFile).getValue("AppIDDemo", row): null

2023-01-19 19:18:43 - [TEST_STEP][PASSED] - username = findTestData(dataFile).getValue("UsernameDemo", row): null

2023-01-19 19:18:43 - [TEST_STEP][PASSED] - password = findTestData(dataFile).getValue("PasswordDemo", row): null

2023-01-19 19:18:43 - [TEST_STEP][PASSED] - break: null

2023-01-19 19:18:43 - [TEST_STEP][PASSED] - if (ExecuteTC.equalsIgnoreCase("Y")): null

2023-01-19 19:18:43 - [TEST_STEP][PASSED] - out.println("Begin Record Number: " + row): null

2023-01-19 19:18:43 - [TEST_STEP][PASSED] - today = new java.util.Date(): null

2023-01-19 19:18:43 - [TEST_STEP][PASSED] - println(today): null

2023-01-19 19:18:43 - [TEST_STEP][PASSED] - datText = today: null

2023-01-19 19:18:43 - [TEST_STEP][PASSED] - checkType = findTestData(dataFile).getValue("CheckType", row): null

2023-01-19 19:18:43 - [TEST_STEP][PASSED] - acNumber = findTestData(dataFile).getValue("AcNumber", row): null

2023-01-19 19:18:43 - [TEST_STEP][PASSED] - company = findTestData(dataFile).getValue("Company", row): null

2023-01-19 19:18:43 - [TEST_STEP][PASSED] - acType = findTestData(dataFile).getValue("AcType", row): null

2023-01-19 19:18:43 - [TEST_STEP][PASSED] - rtn = findTestData(dataFile).getValue("RTN", row): null

2023-01-19 19:18:43 - [TEST_STEP][PASSED] - amount = findTestData(dataFile).getValue("Amount", row): null

2023-01-19 19:18:43 - [TEST_STEP][PASSED] - sec = findTestData(dataFile).getValue("SEC", row): null

2023-01-19 19:18:43 - [TEST_STEP][PASSED] - openBrowser(VLinkURL + "debit.html"): Browser is opened with url: 'https://dev-algorithm.govolution.com/vlinktest/demo/version_2_0/debit.html'

2023-01-19 19:18:43 - [MESSAGE][WARNING] - A browser is already opened. Closing browser and opening a new one

2023-01-19 19:18:44 - [MESSAGE][INFO] - Starting 'Chrome' driver

2023-01-19 19:18:44 - [MESSAGE][INFO] - User set preference: ['acceptInsecureCerts', 'true']

2023-01-19 19:18:44 - [MESSAGE][INFO] - Action delay is set to 0 milliseconds

2023-01-19 19:18:46 - [MESSAGE][PASSED] - Browser is opened with url: 'https://dev-algorithm.govolution.com/vlinktest/demo/version_2_0/debit.html'

2023-01-19 19:18:46 - [TEST_STEP][PASSED] - maximizeWindow(): Current window maximized

2023-01-19 19:18:46 - [MESSAGE][PASSED] - Current window maximized

2023-01-19 19:18:46 - [TEST_STEP][PASSED] - genRemID = RandomStringUtils.random(12, true, true): null

2023-01-19 19:18:46 - [TEST_STEP][PASSED] - setText(findTestObject("RecAndPlayBk/Page-Vlink-Debit/input_Remittance Id"), genRemID): Text '5rsQleBUS3xX' is set on object 'Object Repository/RecAndPlayBk/Page-Vlink-Debit/input_Remittance Id'

2023-01-19 19:18:47 - [MESSAGE][PASSED] - Text '5rsQleBUS3xX' is set on object 'Object Repository/RecAndPlayBk/Page-Vlink-Debit/input_Remittance Id'

2023-01-19 19:18:47 - [TEST_STEP][PASSED] - setText(findTestObject("RecAndPlayBk/Page-Vlink-Debit/input_Application Id"), appID): Text '1773' is set on object 'Object Repository/RecAndPlayBk/Page-Vlink-Debit/input_Application Id'

2023-01-19 19:18:48 - [MESSAGE][PASSED] - Text '1773' is set on object 'Object Repository/RecAndPlayBk/Page-Vlink-Debit/input_Application Id'

2023-01-19 19:18:48 - [TEST_STEP][PASSED] - setText(findTestObject("RecAndPlayBk/Page-Vlink-Debit/input_Username"), username): Text 'username' is set on object 'Object Repository/RecAndPlayBk/Page-Vlink-Debit/input_Username'

2023-01-19 19:18:49 - [MESSAGE][PASSED] - Text 'username' is set on object 'Object Repository/RecAndPlayBk/Page-Vlink-Debit/input_Username'

2023-01-19 19:18:49 - [TEST_STEP][PASSED] - setText(findTestObject("RecAndPlayBk/Page-Vlink-Debit/input_Password"), password): Text 'password' is set on object 'Object Repository/RecAndPlayBk/Page-Vlink-Debit/input_Password'

2023-01-19 19:18:49 - [MESSAGE][PASSED] - Text 'password' is set on object 'Object Repository/RecAndPlayBk/Page-Vlink-Debit/input_Password'

2023-01-19 19:18:49 - [TEST_STEP][PASSED] - setText(findTestObject("RecAndPlayBk/Page-Vlink-Debit/input_Check Type"), checkType): Text 'P' is set on object 'Object Repository/RecAndPlayBk/Page-Vlink-Debit/input_Check Type'

2023-01-19 19:18:50 - [MESSAGE][PASSED] - Text 'P' is set on object 'Object Repository/RecAndPlayBk/Page-Vlink-Debit/input_Check Type'

2023-01-19 19:18:50 - [TEST_STEP][PASSED] - setText(findTestObject("RecAndPlayBk/Page-Vlink-Debit/input_Account_check"), acNumber): Text '58963214' is set on object 'Object Repository/RecAndPlayBk/Page-Vlink-Debit/input_Account_check'

2023-01-19 19:18:51 - [MESSAGE][PASSED] - Text '58963214' is set on object 'Object Repository/RecAndPlayBk/Page-Vlink-Debit/input_Account_check'

2023-01-19 19:18:51 - [TEST_STEP][PASSED] - setText(findTestObject("RecAndPlayBk/Page-Vlink-Debit/input_Company_check"), company): Text '' is set on object 'Object Repository/RecAndPlayBk/Page-Vlink-Debit/input_Company_check'

2023-01-19 19:18:52 - [MESSAGE][PASSED] - Text '' is set on object 'Object Repository/RecAndPlayBk/Page-Vlink-Debit/input_Company_check'

2023-01-19 19:18:52 - [TEST_STEP][PASSED] - setText(findTestObject("RecAndPlayBk/Page-Vlink-Debit/input_Account Type"), acType): Text '1' is set on object 'Object Repository/RecAndPlayBk/Page-Vlink-Debit/input_Account Type'

2023-01-19 19:18:53 - [MESSAGE][PASSED] - Text '1' is set on object 'Object Repository/RecAndPlayBk/Page-Vlink-Debit/input_Account Type'

2023-01-19 19:18:53 - [TEST_STEP][PASSED] - setText(findTestObject("RecAndPlayBk/Page-Vlink-Debit/input_Routing Number"), rtn): Text '256072691' is set on object 'Object Repository/RecAndPlayBk/Page-Vlink-Debit/input_Routing Number'

2023-01-19 19:18:54 - [MESSAGE][PASSED] - Text '256072691' is set on object 'Object Repository/RecAndPlayBk/Page-Vlink-Debit/input_Routing Number'

2023-01-19 19:18:54 - [TEST_STEP][PASSED] - setText(findTestObject("RecAndPlayBk/Page-Vlink-Debit/input_Amount"), amount): Text '0' is set on object 'Object Repository/RecAndPlayBk/Page-Vlink-Debit/input_Amount'

2023-01-19 19:18:55 - [MESSAGE][PASSED] - Text '0' is set on object 'Object Repository/RecAndPlayBk/Page-Vlink-Debit/input_Amount'

2023-01-19 19:18:55 - [TEST_STEP][PASSED] - setText(findTestObject("RecAndPlayBk/Page-Vlink-Debit/input_Check Email"), ""): Text '' is set on object 'Object Repository/RecAndPlayBk/Page-Vlink-Debit/input_Check Email'

2023-01-19 19:18:56 - [MESSAGE][PASSED] - Text '' is set on object 'Object Repository/RecAndPlayBk/Page-Vlink-Debit/input_Check Email'

2023-01-19 19:18:56 - [TEST_STEP][PASSED] - setText(findTestObject("Object Repository/RecAndPlayBk/Page-Vlink-Debit/input_concat(CheckWriter, , s SSN)_check_ssn"), ""): Text '' is set on object 'Object Repository/RecAndPlayBk/Page-Vlink-Debit/input_concat(CheckWriter, , s SSN)_check_ssn'

2023-01-19 19:18:56 - [MESSAGE][PASSED] - Text '' is set on object 'Object Repository/RecAndPlayBk/Page-Vlink-Debit/input_concat(CheckWriter, , s SSN)_check_ssn'

2023-01-19 19:18:56 - [TEST_STEP][PASSED] - setText(findTestObject("Object Repository/RecAndPlayBk/Page-Vlink-Debit/input_concat(CheckWriter, , s License Numbe_020fef"), ""): Text '' is set on object 'Object Repository/RecAndPlayBk/Page-Vlink-Debit/input_concat(CheckWriter, , s License Numbe_020fef'

2023-01-19 19:18:57 - [MESSAGE][PASSED] - Text '' is set on object 'Object Repository/RecAndPlayBk/Page-Vlink-Debit/input_concat(CheckWriter, , s License Numbe_020fef'

2023-01-19 19:18:57 - [TEST_STEP][PASSED] - setText(findTestObject("Object Repository/RecAndPlayBk/Page-Vlink-Debit/input_concat(CheckWriter, , s License State_21e3e7"), ""): Text '' is set on object 'Object Repository/RecAndPlayBk/Page-Vlink-Debit/input_concat(CheckWriter, , s License State_21e3e7'

2023-01-19 19:18:58 - [MESSAGE][PASSED] - Text '' is set on object 'Object Repository/RecAndPlayBk/Page-Vlink-Debit/input_concat(CheckWriter, , s License State_21e3e7'

2023-01-19 19:18:58 - [TEST_STEP][PASSED] - setText(findTestObject("RecAndPlayBk/Page-Vlink-Debit/input_Standard Entry Class"), sec): Text 'WEB' is set on object 'Object Repository/RecAndPlayBk/Page-Vlink-Debit/input_Standard Entry Class'

2023-01-19 19:18:59 - [MESSAGE][PASSED] - Text 'WEB' is set on object 'Object Repository/RecAndPlayBk/Page-Vlink-Debit/input_Standard Entry Class'

2023-01-19 19:18:59 - [TEST_STEP][PASSED] - click(findTestObject("Object Repository/RecAndPlayBk/Page-Vlink-Debit/input")): Object: 'Object Repository/RecAndPlayBk/Page-Vlink-Debit/input' is clicked on

2023-01-19 19:19:00 - [MESSAGE][PASSED] - Object: 'Object Repository/RecAndPlayBk/Page-Vlink-Debit/input' is clicked on

2023-01-19 19:19:00 - [TEST_STEP][PASSED] - if (verifyTextPresent("invalid: amount", true)): null

2023-01-19 19:19:00 - [MESSAGE][PASSED] - Text 'invalid: amount' is present on page  using regular expression

2023-01-19 19:19:00 - [TEST_STEP][PASSED] - println("invalid: amount text is present on the Confirmation page"): null

2023-01-19 19:19:00 - [TEST_STEP][PASSED] - out.println("Pass Record Number: " + row): null

2023-01-19 19:19:00 - [TEST_STEP][PASSED] - resText = "Pass": null

2023-01-19 19:19:00 - [TEST_STEP][PASSED] - pages.WriteExcel.demoKey(resText, datText, resColumn, datCloumn, fileLoc, nameSheet, row): pages.WriteExcel.demoKey is PASSED

2023-01-19 19:19:00 - [MESSAGE][PASSED] - pages.WriteExcel.demoKey is PASSED

2023-01-19 19:19:00 - [TEST_STEP][PASSED] - ExecuteTC = findTestData(dataFile).getValue("Execute", row): null

2023-01-19 19:19:00 - [TEST_STEP][PASSED] - out.println("Value of Execute is : " + ExecuteTC): null

2023-01-19 19:19:00 - [TEST_STEP][PASSED] - switch (executionProfile): null

2023-01-19 19:19:00 - [TEST_STEP][PASSED] - case "DemoProfile":: null

2023-01-19 19:19:00 - [TEST_STEP][PASSED] - appID = findTestData(dataFile).getValue("AppIDDemo", row): null

2023-01-19 19:19:00 - [TEST_STEP][PASSED] - username = findTestData(dataFile).getValue("UsernameDemo", row): null

2023-01-19 19:19:00 - [TEST_STEP][PASSED] - password = findTestData(dataFile).getValue("PasswordDemo", row): null

2023-01-19 19:19:01 - [TEST_STEP][PASSED] - break: null

2023-01-19 19:19:01 - [TEST_STEP][PASSED] - if (ExecuteTC.equalsIgnoreCase("Y")): null

2023-01-19 19:19:01 - [TEST_STEP][PASSED] - out.println("Begin Record Number: " + row): null

2023-01-19 19:19:01 - [TEST_STEP][PASSED] - today = new java.util.Date(): null

2023-01-19 19:19:01 - [TEST_STEP][PASSED] - println(today): null

2023-01-19 19:19:01 - [TEST_STEP][PASSED] - datText = today: null

2023-01-19 19:19:01 - [TEST_STEP][PASSED] - checkType = findTestData(dataFile).getValue("CheckType", row): null

2023-01-19 19:19:01 - [TEST_STEP][PASSED] - acNumber = findTestData(dataFile).getValue("AcNumber", row): null

2023-01-19 19:19:01 - [TEST_STEP][PASSED] - company = findTestData(dataFile).getValue("Company", row): null

2023-01-19 19:19:01 - [TEST_STEP][PASSED] - acType = findTestData(dataFile).getValue("AcType", row): null

2023-01-19 19:19:01 - [TEST_STEP][PASSED] - rtn = findTestData(dataFile).getValue("RTN", row): null

2023-01-19 19:19:01 - [TEST_STEP][PASSED] - amount = findTestData(dataFile).getValue("Amount", row): null

2023-01-19 19:19:01 - [TEST_STEP][PASSED] - sec = findTestData(dataFile).getValue("SEC", row): null

2023-01-19 19:19:01 - [TEST_STEP][PASSED] - openBrowser(VLinkURL + "debit.html"): Browser is opened with url: 'https://dev-algorithm.govolution.com/vlinktest/demo/version_2_0/debit.html'

2023-01-19 19:19:01 - [MESSAGE][WARNING] - A browser is already opened. Closing browser and opening a new one

2023-01-19 19:19:02 - [MESSAGE][INFO] - Starting 'Chrome' driver

2023-01-19 19:19:02 - [MESSAGE][INFO] - User set preference: ['acceptInsecureCerts', 'true']

2023-01-19 19:19:02 - [MESSAGE][INFO] - Action delay is set to 0 milliseconds

2023-01-19 19:19:04 - [MESSAGE][PASSED] - Browser is opened with url: 'https://dev-algorithm.govolution.com/vlinktest/demo/version_2_0/debit.html'

2023-01-19 19:19:04 - [TEST_STEP][PASSED] - maximizeWindow(): Current window maximized

2023-01-19 19:19:04 - [MESSAGE][PASSED] - Current window maximized

2023-01-19 19:19:04 - [TEST_STEP][PASSED] - genRemID = RandomStringUtils.random(12, true, true): null

2023-01-19 19:19:04 - [TEST_STEP][PASSED] - setText(findTestObject("RecAndPlayBk/Page-Vlink-Debit/input_Remittance Id"), genRemID): Text 'eqEFeI1oumcc' is set on object 'Object Repository/RecAndPlayBk/Page-Vlink-Debit/input_Remittance Id'

2023-01-19 19:19:05 - [MESSAGE][PASSED] - Text 'eqEFeI1oumcc' is set on object 'Object Repository/RecAndPlayBk/Page-Vlink-Debit/input_Remittance Id'

2023-01-19 19:19:05 - [TEST_STEP][PASSED] - setText(findTestObject("RecAndPlayBk/Page-Vlink-Debit/input_Application Id"), appID): Text '1773' is set on object 'Object Repository/RecAndPlayBk/Page-Vlink-Debit/input_Application Id'

2023-01-19 19:19:06 - [MESSAGE][PASSED] - Text '1773' is set on object 'Object Repository/RecAndPlayBk/Page-Vlink-Debit/input_Application Id'

2023-01-19 19:19:06 - [TEST_STEP][PASSED] - setText(findTestObject("RecAndPlayBk/Page-Vlink-Debit/input_Username"), username): Text 'username' is set on object 'Object Repository/RecAndPlayBk/Page-Vlink-Debit/input_Username'

2023-01-19 19:19:07 - [MESSAGE][PASSED] - Text 'username' is set on object 'Object Repository/RecAndPlayBk/Page-Vlink-Debit/input_Username'

2023-01-19 19:19:07 - [TEST_STEP][PASSED] - setText(findTestObject("RecAndPlayBk/Page-Vlink-Debit/input_Password"), password): Text 'password' is set on object 'Object Repository/RecAndPlayBk/Page-Vlink-Debit/input_Password'

2023-01-19 19:19:08 - [MESSAGE][PASSED] - Text 'password' is set on object 'Object Repository/RecAndPlayBk/Page-Vlink-Debit/input_Password'

2023-01-19 19:19:08 - [TEST_STEP][PASSED] - setText(findTestObject("RecAndPlayBk/Page-Vlink-Debit/input_Check Type"), checkType): Text 'P' is set on object 'Object Repository/RecAndPlayBk/Page-Vlink-Debit/input_Check Type'

2023-01-19 19:19:08 - [MESSAGE][PASSED] - Text 'P' is set on object 'Object Repository/RecAndPlayBk/Page-Vlink-Debit/input_Check Type'

2023-01-19 19:19:08 - [TEST_STEP][PASSED] - setText(findTestObject("RecAndPlayBk/Page-Vlink-Debit/input_Account_check"), acNumber): Text '58963214' is set on object 'Object Repository/RecAndPlayBk/Page-Vlink-Debit/input_Account_check'

2023-01-19 19:19:09 - [MESSAGE][PASSED] - Text '58963214' is set on object 'Object Repository/RecAndPlayBk/Page-Vlink-Debit/input_Account_check'

2023-01-19 19:19:09 - [TEST_STEP][PASSED] - setText(findTestObject("RecAndPlayBk/Page-Vlink-Debit/input_Company_check"), company): Text '' is set on object 'Object Repository/RecAndPlayBk/Page-Vlink-Debit/input_Company_check'

2023-01-19 19:19:10 - [MESSAGE][PASSED] - Text '' is set on object 'Object Repository/RecAndPlayBk/Page-Vlink-Debit/input_Company_check'

2023-01-19 19:19:10 - [TEST_STEP][PASSED] - setText(findTestObject("RecAndPlayBk/Page-Vlink-Debit/input_Account Type"), acType): Text '1' is set on object 'Object Repository/RecAndPlayBk/Page-Vlink-Debit/input_Account Type'

2023-01-19 19:19:11 - [MESSAGE][PASSED] - Text '1' is set on object 'Object Repository/RecAndPlayBk/Page-Vlink-Debit/input_Account Type'

2023-01-19 19:19:11 - [TEST_STEP][PASSED] - setText(findTestObject("RecAndPlayBk/Page-Vlink-Debit/input_Routing Number"), rtn): Text '256072691' is set on object 'Object Repository/RecAndPlayBk/Page-Vlink-Debit/input_Routing Number'

2023-01-19 19:19:12 - [MESSAGE][PASSED] - Text '256072691' is set on object 'Object Repository/RecAndPlayBk/Page-Vlink-Debit/input_Routing Number'

2023-01-19 19:19:12 - [TEST_STEP][PASSED] - setText(findTestObject("RecAndPlayBk/Page-Vlink-Debit/input_Amount"), amount): Text '0' is set on object 'Object Repository/RecAndPlayBk/Page-Vlink-Debit/input_Amount'

2023-01-19 19:19:13 - [MESSAGE][PASSED] - Text '0' is set on object 'Object Repository/RecAndPlayBk/Page-Vlink-Debit/input_Amount'

2023-01-19 19:19:13 - [TEST_STEP][PASSED] - setText(findTestObject("RecAndPlayBk/Page-Vlink-Debit/input_Check Email"), ""): Text '' is set on object 'Object Repository/RecAndPlayBk/Page-Vlink-Debit/input_Check Email'

2023-01-19 19:19:14 - [MESSAGE][PASSED] - Text '' is set on object 'Object Repository/RecAndPlayBk/Page-Vlink-Debit/input_Check Email'

2023-01-19 19:19:14 - [TEST_STEP][PASSED] - setText(findTestObject("Object Repository/RecAndPlayBk/Page-Vlink-Debit/input_concat(CheckWriter, , s SSN)_check_ssn"), ""): Text '' is set on object 'Object Repository/RecAndPlayBk/Page-Vlink-Debit/input_concat(CheckWriter, , s SSN)_check_ssn'

2023-01-19 19:19:14 - [MESSAGE][PASSED] - Text '' is set on object 'Object Repository/RecAndPlayBk/Page-Vlink-Debit/input_concat(CheckWriter, , s SSN)_check_ssn'

2023-01-19 19:19:14 - [TEST_STEP][PASSED] - setText(findTestObject("Object Repository/RecAndPlayBk/Page-Vlink-Debit/input_concat(CheckWriter, , s License Numbe_020fef"), ""): Text '' is set on object 'Object Repository/RecAndPlayBk/Page-Vlink-Debit/input_concat(CheckWriter, , s License Numbe_020fef'

2023-01-19 19:19:15 - [MESSAGE][PASSED] - Text '' is set on object 'Object Repository/RecAndPlayBk/Page-Vlink-Debit/input_concat(CheckWriter, , s License Numbe_020fef'

2023-01-19 19:19:15 - [TEST_STEP][PASSED] - setText(findTestObject("Object Repository/RecAndPlayBk/Page-Vlink-Debit/input_concat(CheckWriter, , s License State_21e3e7"), ""): Text '' is set on object 'Object Repository/RecAndPlayBk/Page-Vlink-Debit/input_concat(CheckWriter, , s License State_21e3e7'

2023-01-19 19:19:16 - [MESSAGE][PASSED] - Text '' is set on object 'Object Repository/RecAndPlayBk/Page-Vlink-Debit/input_concat(CheckWriter, , s License State_21e3e7'

2023-01-19 19:19:16 - [TEST_STEP][PASSED] - setText(findTestObject("RecAndPlayBk/Page-Vlink-Debit/input_Standard Entry Class"), sec): Text 'TEL' is set on object 'Object Repository/RecAndPlayBk/Page-Vlink-Debit/input_Standard Entry Class'

2023-01-19 19:19:17 - [MESSAGE][PASSED] - Text 'TEL' is set on object 'Object Repository/RecAndPlayBk/Page-Vlink-Debit/input_Standard Entry Class'

2023-01-19 19:19:17 - [TEST_STEP][PASSED] - click(findTestObject("Object Repository/RecAndPlayBk/Page-Vlink-Debit/input")): Object: 'Object Repository/RecAndPlayBk/Page-Vlink-Debit/input' is clicked on

2023-01-19 19:19:18 - [MESSAGE][PASSED] - Object: 'Object Repository/RecAndPlayBk/Page-Vlink-Debit/input' is clicked on

2023-01-19 19:19:18 - [TEST_STEP][PASSED] - if (verifyTextPresent("invalid: amount", true)): null

2023-01-19 19:19:18 - [MESSAGE][PASSED] - Text 'invalid: amount' is present on page  using regular expression

2023-01-19 19:19:18 - [TEST_STEP][PASSED] - println("invalid: amount text is present on the Confirmation page"): null

2023-01-19 19:19:18 - [TEST_STEP][PASSED] - out.println("Pass Record Number: " + row): null

2023-01-19 19:19:18 - [TEST_STEP][PASSED] - resText = "Pass": null

2023-01-19 19:19:18 - [TEST_STEP][PASSED] - pages.WriteExcel.demoKey(resText, datText, resColumn, datCloumn, fileLoc, nameSheet, row): pages.WriteExcel.demoKey is PASSED

2023-01-19 19:19:18 - [MESSAGE][PASSED] - pages.WriteExcel.demoKey is PASSED

2023-01-19 19:19:18 - [TEST_STEP][PASSED] - ExecuteTC = findTestData(dataFile).getValue("Execute", row): null

2023-01-19 19:19:18 - [TEST_STEP][PASSED] - out.println("Value of Execute is : " + ExecuteTC): null

2023-01-19 19:19:18 - [TEST_STEP][PASSED] - switch (executionProfile): null

2023-01-19 19:19:18 - [TEST_STEP][PASSED] - case "DemoProfile":: null

2023-01-19 19:19:18 - [TEST_STEP][PASSED] - appID = findTestData(dataFile).getValue("AppIDDemo", row): null

2023-01-19 19:19:18 - [TEST_STEP][PASSED] - username = findTestData(dataFile).getValue("UsernameDemo", row): null

2023-01-19 19:19:18 - [TEST_STEP][PASSED] - password = findTestData(dataFile).getValue("PasswordDemo", row): null

2023-01-19 19:19:18 - [TEST_STEP][PASSED] - break: null

2023-01-19 19:19:18 - [TEST_STEP][PASSED] - if (ExecuteTC.equalsIgnoreCase("Y")): null

2023-01-19 19:19:18 - [TEST_STEP][PASSED] - out.println("Begin Record Number: " + row): null

2023-01-19 19:19:18 - [TEST_STEP][PASSED] - today = new java.util.Date(): null

2023-01-19 19:19:18 - [TEST_STEP][PASSED] - println(today): null

2023-01-19 19:19:18 - [TEST_STEP][PASSED] - datText = today: null

2023-01-19 19:19:18 - [TEST_STEP][PASSED] - checkType = findTestData(dataFile).getValue("CheckType", row): null

2023-01-19 19:19:19 - [TEST_STEP][PASSED] - acNumber = findTestData(dataFile).getValue("AcNumber", row): null

2023-01-19 19:19:19 - [TEST_STEP][PASSED] - company = findTestData(dataFile).getValue("Company", row): null

2023-01-19 19:19:19 - [TEST_STEP][PASSED] - acType = findTestData(dataFile).getValue("AcType", row): null

2023-01-19 19:19:19 - [TEST_STEP][PASSED] - rtn = findTestData(dataFile).getValue("RTN", row): null

2023-01-19 19:19:19 - [TEST_STEP][PASSED] - amount = findTestData(dataFile).getValue("Amount", row): null

2023-01-19 19:19:19 - [TEST_STEP][PASSED] - sec = findTestData(dataFile).getValue("SEC", row): null

2023-01-19 19:19:19 - [TEST_STEP][PASSED] - openBrowser(VLinkURL + "debit.html"): Browser is opened with url: 'https://dev-algorithm.govolution.com/vlinktest/demo/version_2_0/debit.html'

2023-01-19 19:19:19 - [MESSAGE][WARNING] - A browser is already opened. Closing browser and opening a new one

2023-01-19 19:19:20 - [MESSAGE][INFO] - Starting 'Chrome' driver

2023-01-19 19:19:20 - [MESSAGE][INFO] - User set preference: ['acceptInsecureCerts', 'true']

2023-01-19 19:19:20 - [MESSAGE][INFO] - Action delay is set to 0 milliseconds

2023-01-19 19:19:22 - [MESSAGE][PASSED] - Browser is opened with url: 'https://dev-algorithm.govolution.com/vlinktest/demo/version_2_0/debit.html'

2023-01-19 19:19:22 - [TEST_STEP][PASSED] - maximizeWindow(): Current window maximized

2023-01-19 19:19:22 - [MESSAGE][PASSED] - Current window maximized

2023-01-19 19:19:22 - [TEST_STEP][PASSED] - genRemID = RandomStringUtils.random(12, true, true): null

2023-01-19 19:19:22 - [TEST_STEP][PASSED] - setText(findTestObject("RecAndPlayBk/Page-Vlink-Debit/input_Remittance Id"), genRemID): Text 'yfu5o6Thq7cj' is set on object 'Object Repository/RecAndPlayBk/Page-Vlink-Debit/input_Remittance Id'

2023-01-19 19:19:23 - [MESSAGE][PASSED] - Text 'yfu5o6Thq7cj' is set on object 'Object Repository/RecAndPlayBk/Page-Vlink-Debit/input_Remittance Id'

2023-01-19 19:19:23 - [TEST_STEP][PASSED] - setText(findTestObject("RecAndPlayBk/Page-Vlink-Debit/input_Application Id"), appID): Text '1773' is set on object 'Object Repository/RecAndPlayBk/Page-Vlink-Debit/input_Application Id'

2023-01-19 19:19:23 - [MESSAGE][PASSED] - Text '1773' is set on object 'Object Repository/RecAndPlayBk/Page-Vlink-Debit/input_Application Id'

2023-01-19 19:19:23 - [TEST_STEP][PASSED] - setText(findTestObject("RecAndPlayBk/Page-Vlink-Debit/input_Username"), username): Text 'username' is set on object 'Object Repository/RecAndPlayBk/Page-Vlink-Debit/input_Username'

2023-01-19 19:19:24 - [MESSAGE][PASSED] - Text 'username' is set on object 'Object Repository/RecAndPlayBk/Page-Vlink-Debit/input_Username'

2023-01-19 19:19:24 - [TEST_STEP][PASSED] - setText(findTestObject("RecAndPlayBk/Page-Vlink-Debit/input_Password"), password): Text 'password' is set on object 'Object Repository/RecAndPlayBk/Page-Vlink-Debit/input_Password'

2023-01-19 19:19:25 - [MESSAGE][PASSED] - Text 'password' is set on object 'Object Repository/RecAndPlayBk/Page-Vlink-Debit/input_Password'

2023-01-19 19:19:25 - [TEST_STEP][PASSED] - setText(findTestObject("RecAndPlayBk/Page-Vlink-Debit/input_Check Type"), checkType): Text 'P' is set on object 'Object Repository/RecAndPlayBk/Page-Vlink-Debit/input_Check Type'

2023-01-19 19:19:26 - [MESSAGE][PASSED] - Text 'P' is set on object 'Object Repository/RecAndPlayBk/Page-Vlink-Debit/input_Check Type'

2023-01-19 19:19:26 - [TEST_STEP][PASSED] - setText(findTestObject("RecAndPlayBk/Page-Vlink-Debit/input_Account_check"), acNumber): Text '58963214' is set on object 'Object Repository/RecAndPlayBk/Page-Vlink-Debit/input_Account_check'

2023-01-19 19:19:27 - [MESSAGE][PASSED] - Text '58963214' is set on object 'Object Repository/RecAndPlayBk/Page-Vlink-Debit/input_Account_check'

2023-01-19 19:19:27 - [TEST_STEP][PASSED] - setText(findTestObject("RecAndPlayBk/Page-Vlink-Debit/input_Company_check"), company): Text '' is set on object 'Object Repository/RecAndPlayBk/Page-Vlink-Debit/input_Company_check'

2023-01-19 19:19:28 - [MESSAGE][PASSED] - Text '' is set on object 'Object Repository/RecAndPlayBk/Page-Vlink-Debit/input_Company_check'

2023-01-19 19:19:28 - [TEST_STEP][PASSED] - setText(findTestObject("RecAndPlayBk/Page-Vlink-Debit/input_Account Type"), acType): Text '1' is set on object 'Object Repository/RecAndPlayBk/Page-Vlink-Debit/input_Account Type'

2023-01-19 19:19:29 - [MESSAGE][PASSED] - Text '1' is set on object 'Object Repository/RecAndPlayBk/Page-Vlink-Debit/input_Account Type'

2023-01-19 19:19:29 - [TEST_STEP][PASSED] - setText(findTestObject("RecAndPlayBk/Page-Vlink-Debit/input_Routing Number"), rtn): Text '256072691' is set on object 'Object Repository/RecAndPlayBk/Page-Vlink-Debit/input_Routing Number'

2023-01-19 19:19:29 - [MESSAGE][PASSED] - Text '256072691' is set on object 'Object Repository/RecAndPlayBk/Page-Vlink-Debit/input_Routing Number'

2023-01-19 19:19:29 - [TEST_STEP][PASSED] - setText(findTestObject("RecAndPlayBk/Page-Vlink-Debit/input_Amount"), amount): Text '0' is set on object 'Object Repository/RecAndPlayBk/Page-Vlink-Debit/input_Amount'

2023-01-19 19:19:30 - [MESSAGE][PASSED] - Text '0' is set on object 'Object Repository/RecAndPlayBk/Page-Vlink-Debit/input_Amount'

2023-01-19 19:19:30 - [TEST_STEP][PASSED] - setText(findTestObject("RecAndPlayBk/Page-Vlink-Debit/input_Check Email"), ""): Text '' is set on object 'Object Repository/RecAndPlayBk/Page-Vlink-Debit/input_Check Email'

2023-01-19 19:19:31 - [MESSAGE][PASSED] - Text '' is set on object 'Object Repository/RecAndPlayBk/Page-Vlink-Debit/input_Check Email'

2023-01-19 19:19:31 - [TEST_STEP][PASSED] - setText(findTestObject("Object Repository/RecAndPlayBk/Page-Vlink-Debit/input_concat(CheckWriter, , s SSN)_check_ssn"), ""): Text '' is set on object 'Object Repository/RecAndPlayBk/Page-Vlink-Debit/input_concat(CheckWriter, , s SSN)_check_ssn'

2023-01-19 19:19:32 - [MESSAGE][PASSED] - Text '' is set on object 'Object Repository/RecAndPlayBk/Page-Vlink-Debit/input_concat(CheckWriter, , s SSN)_check_ssn'

2023-01-19 19:19:32 - [TEST_STEP][PASSED] - setText(findTestObject("Object Repository/RecAndPlayBk/Page-Vlink-Debit/input_concat(CheckWriter, , s License Numbe_020fef"), ""): Text '' is set on object 'Object Repository/RecAndPlayBk/Page-Vlink-Debit/input_concat(CheckWriter, , s License Numbe_020fef'

2023-01-19 19:19:33 - [MESSAGE][PASSED] - Text '' is set on object 'Object Repository/RecAndPlayBk/Page-Vlink-Debit/input_concat(CheckWriter, , s License Numbe_020fef'

2023-01-19 19:19:33 - [TEST_STEP][PASSED] - setText(findTestObject("Object Repository/RecAndPlayBk/Page-Vlink-Debit/input_concat(CheckWriter, , s License State_21e3e7"), ""): Text '' is set on object 'Object Repository/RecAndPlayBk/Page-Vlink-Debit/input_concat(CheckWriter, , s License State_21e3e7'

2023-01-19 19:19:33 - [MESSAGE][PASSED] - Text '' is set on object 'Object Repository/RecAndPlayBk/Page-Vlink-Debit/input_concat(CheckWriter, , s License State_21e3e7'

2023-01-19 19:19:33 - [TEST_STEP][PASSED] - setText(findTestObject("RecAndPlayBk/Page-Vlink-Debit/input_Standard Entry Class"), sec): Text 'PPD' is set on object 'Object Repository/RecAndPlayBk/Page-Vlink-Debit/input_Standard Entry Class'

2023-01-19 19:19:34 - [MESSAGE][PASSED] - Text 'PPD' is set on object 'Object Repository/RecAndPlayBk/Page-Vlink-Debit/input_Standard Entry Class'

2023-01-19 19:19:34 - [TEST_STEP][PASSED] - click(findTestObject("Object Repository/RecAndPlayBk/Page-Vlink-Debit/input")): Object: 'Object Repository/RecAndPlayBk/Page-Vlink-Debit/input' is clicked on

2023-01-19 19:19:35 - [MESSAGE][PASSED] - Object: 'Object Repository/RecAndPlayBk/Page-Vlink-Debit/input' is clicked on

2023-01-19 19:19:35 - [TEST_STEP][PASSED] - if (verifyTextPresent("invalid: amount", true)): null

2023-01-19 19:19:35 - [MESSAGE][PASSED] - Text 'invalid: amount' is present on page  using regular expression

2023-01-19 19:19:35 - [TEST_STEP][PASSED] - println("invalid: amount text is present on the Confirmation page"): null

2023-01-19 19:19:35 - [TEST_STEP][PASSED] - out.println("Pass Record Number: " + row): null

2023-01-19 19:19:35 - [TEST_STEP][PASSED] - resText = "Pass": null

2023-01-19 19:19:35 - [TEST_STEP][PASSED] - pages.WriteExcel.demoKey(resText, datText, resColumn, datCloumn, fileLoc, nameSheet, row): pages.WriteExcel.demoKey is PASSED

2023-01-19 19:19:35 - [MESSAGE][PASSED] - pages.WriteExcel.demoKey is PASSED

2023-01-19 19:19:35 - [TEST_STEP][PASSED] - ExecuteTC = findTestData(dataFile).getValue("Execute", row): null

2023-01-19 19:19:35 - [TEST_STEP][PASSED] - out.println("Value of Execute is : " + ExecuteTC): null

2023-01-19 19:19:35 - [TEST_STEP][PASSED] - switch (executionProfile): null

2023-01-19 19:19:35 - [TEST_STEP][PASSED] - case "DemoProfile":: null

2023-01-19 19:19:35 - [TEST_STEP][PASSED] - appID = findTestData(dataFile).getValue("AppIDDemo", row): null

2023-01-19 19:19:35 - [TEST_STEP][PASSED] - username = findTestData(dataFile).getValue("UsernameDemo", row): null

2023-01-19 19:19:35 - [TEST_STEP][PASSED] - password = findTestData(dataFile).getValue("PasswordDemo", row): null

2023-01-19 19:19:35 - [TEST_STEP][PASSED] - break: null

2023-01-19 19:19:35 - [TEST_STEP][PASSED] - if (ExecuteTC.equalsIgnoreCase("Y")): null

2023-01-19 19:19:35 - [TEST_STEP][PASSED] - out.println("Begin Record Number: " + row): null

2023-01-19 19:19:35 - [TEST_STEP][PASSED] - today = new java.util.Date(): null

2023-01-19 19:19:35 - [TEST_STEP][PASSED] - println(today): null

2023-01-19 19:19:35 - [TEST_STEP][PASSED] - datText = today: null

2023-01-19 19:19:35 - [TEST_STEP][PASSED] - checkType = findTestData(dataFile).getValue("CheckType", row): null

2023-01-19 19:19:36 - [TEST_STEP][PASSED] - acNumber = findTestData(dataFile).getValue("AcNumber", row): null

2023-01-19 19:19:36 - [TEST_STEP][PASSED] - company = findTestData(dataFile).getValue("Company", row): null

2023-01-19 19:19:36 - [TEST_STEP][PASSED] - acType = findTestData(dataFile).getValue("AcType", row): null

2023-01-19 19:19:36 - [TEST_STEP][PASSED] - rtn = findTestData(dataFile).getValue("RTN", row): null

2023-01-19 19:19:36 - [TEST_STEP][PASSED] - amount = findTestData(dataFile).getValue("Amount", row): null

2023-01-19 19:19:36 - [TEST_STEP][PASSED] - sec = findTestData(dataFile).getValue("SEC", row): null

2023-01-19 19:19:36 - [TEST_STEP][PASSED] - openBrowser(VLinkURL + "debit.html"): Browser is opened with url: 'https://dev-algorithm.govolution.com/vlinktest/demo/version_2_0/debit.html'

2023-01-19 19:19:36 - [MESSAGE][WARNING] - A browser is already opened. Closing browser and opening a new one

2023-01-19 19:19:37 - [MESSAGE][INFO] - Starting 'Chrome' driver

2023-01-19 19:19:37 - [MESSAGE][INFO] - User set preference: ['acceptInsecureCerts', 'true']

2023-01-19 19:19:37 - [MESSAGE][INFO] - Action delay is set to 0 milliseconds

2023-01-19 19:19:39 - [MESSAGE][PASSED] - Browser is opened with url: 'https://dev-algorithm.govolution.com/vlinktest/demo/version_2_0/debit.html'

2023-01-19 19:19:39 - [TEST_STEP][PASSED] - maximizeWindow(): Current window maximized

2023-01-19 19:19:39 - [MESSAGE][PASSED] - Current window maximized

2023-01-19 19:19:39 - [TEST_STEP][PASSED] - genRemID = RandomStringUtils.random(12, true, true): null

2023-01-19 19:19:39 - [TEST_STEP][PASSED] - setText(findTestObject("RecAndPlayBk/Page-Vlink-Debit/input_Remittance Id"), genRemID): Text 'xpoUNN4U5dHS' is set on object 'Object Repository/RecAndPlayBk/Page-Vlink-Debit/input_Remittance Id'

2023-01-19 19:19:40 - [MESSAGE][PASSED] - Text 'xpoUNN4U5dHS' is set on object 'Object Repository/RecAndPlayBk/Page-Vlink-Debit/input_Remittance Id'

2023-01-19 19:19:40 - [TEST_STEP][PASSED] - setText(findTestObject("RecAndPlayBk/Page-Vlink-Debit/input_Application Id"), appID): Text '1773' is set on object 'Object Repository/RecAndPlayBk/Page-Vlink-Debit/input_Application Id'

2023-01-19 19:19:40 - [MESSAGE][PASSED] - Text '1773' is set on object 'Object Repository/RecAndPlayBk/Page-Vlink-Debit/input_Application Id'

2023-01-19 19:19:40 - [TEST_STEP][PASSED] - setText(findTestObject("RecAndPlayBk/Page-Vlink-Debit/input_Username"), username): Text 'username' is set on object 'Object Repository/RecAndPlayBk/Page-Vlink-Debit/input_Username'

2023-01-19 19:19:41 - [MESSAGE][PASSED] - Text 'username' is set on object 'Object Repository/RecAndPlayBk/Page-Vlink-Debit/input_Username'

2023-01-19 19:19:41 - [TEST_STEP][PASSED] - setText(findTestObject("RecAndPlayBk/Page-Vlink-Debit/input_Password"), password): Text 'password' is set on object 'Object Repository/RecAndPlayBk/Page-Vlink-Debit/input_Password'

2023-01-19 19:19:42 - [MESSAGE][PASSED] - Text 'password' is set on object 'Object Repository/RecAndPlayBk/Page-Vlink-Debit/input_Password'

2023-01-19 19:19:42 - [TEST_STEP][PASSED] - setText(findTestObject("RecAndPlayBk/Page-Vlink-Debit/input_Check Type"), checkType): Text 'P' is set on object 'Object Repository/RecAndPlayBk/Page-Vlink-Debit/input_Check Type'

2023-01-19 19:19:43 - [MESSAGE][PASSED] - Text 'P' is set on object 'Object Repository/RecAndPlayBk/Page-Vlink-Debit/input_Check Type'

2023-01-19 19:19:43 - [TEST_STEP][PASSED] - setText(findTestObject("RecAndPlayBk/Page-Vlink-Debit/input_Account_check"), acNumber): Text '58963214' is set on object 'Object Repository/RecAndPlayBk/Page-Vlink-Debit/input_Account_check'

2023-01-19 19:19:44 - [MESSAGE][PASSED] - Text '58963214' is set on object 'Object Repository/RecAndPlayBk/Page-Vlink-Debit/input_Account_check'

2023-01-19 19:19:44 - [TEST_STEP][PASSED] - setText(findTestObject("RecAndPlayBk/Page-Vlink-Debit/input_Company_check"), company): Text '' is set on object 'Object Repository/RecAndPlayBk/Page-Vlink-Debit/input_Company_check'

2023-01-19 19:19:45 - [MESSAGE][PASSED] - Text '' is set on object 'Object Repository/RecAndPlayBk/Page-Vlink-Debit/input_Company_check'

2023-01-19 19:19:45 - [TEST_STEP][PASSED] - setText(findTestObject("RecAndPlayBk/Page-Vlink-Debit/input_Account Type"), acType): Text '2' is set on object 'Object Repository/RecAndPlayBk/Page-Vlink-Debit/input_Account Type'

2023-01-19 19:19:46 - [MESSAGE][PASSED] - Text '2' is set on object 'Object Repository/RecAndPlayBk/Page-Vlink-Debit/input_Account Type'

2023-01-19 19:19:46 - [TEST_STEP][PASSED] - setText(findTestObject("RecAndPlayBk/Page-Vlink-Debit/input_Routing Number"), rtn): Text '256072691' is set on object 'Object Repository/RecAndPlayBk/Page-Vlink-Debit/input_Routing Number'

2023-01-19 19:19:47 - [MESSAGE][PASSED] - Text '256072691' is set on object 'Object Repository/RecAndPlayBk/Page-Vlink-Debit/input_Routing Number'

2023-01-19 19:19:47 - [TEST_STEP][PASSED] - setText(findTestObject("RecAndPlayBk/Page-Vlink-Debit/input_Amount"), amount): Text '0' is set on object 'Object Repository/RecAndPlayBk/Page-Vlink-Debit/input_Amount'

2023-01-19 19:19:48 - [MESSAGE][PASSED] - Text '0' is set on object 'Object Repository/RecAndPlayBk/Page-Vlink-Debit/input_Amount'

2023-01-19 19:19:48 - [TEST_STEP][PASSED] - setText(findTestObject("RecAndPlayBk/Page-Vlink-Debit/input_Check Email"), ""): Text '' is set on object 'Object Repository/RecAndPlayBk/Page-Vlink-Debit/input_Check Email'

2023-01-19 19:19:48 - [MESSAGE][PASSED] - Text '' is set on object 'Object Repository/RecAndPlayBk/Page-Vlink-Debit/input_Check Email'

2023-01-19 19:19:48 - [TEST_STEP][PASSED] - setText(findTestObject("Object Repository/RecAndPlayBk/Page-Vlink-Debit/input_concat(CheckWriter, , s SSN)_check_ssn"), ""): Text '' is set on object 'Object Repository/RecAndPlayBk/Page-Vlink-Debit/input_concat(CheckWriter, , s SSN)_check_ssn'

2023-01-19 19:19:49 - [MESSAGE][PASSED] - Text '' is set on object 'Object Repository/RecAndPlayBk/Page-Vlink-Debit/input_concat(CheckWriter, , s SSN)_check_ssn'

2023-01-19 19:19:49 - [TEST_STEP][PASSED] - setText(findTestObject("Object Repository/RecAndPlayBk/Page-Vlink-Debit/input_concat(CheckWriter, , s License Numbe_020fef"), ""): Text '' is set on object 'Object Repository/RecAndPlayBk/Page-Vlink-Debit/input_concat(CheckWriter, , s License Numbe_020fef'

2023-01-19 19:19:50 - [MESSAGE][PASSED] - Text '' is set on object 'Object Repository/RecAndPlayBk/Page-Vlink-Debit/input_concat(CheckWriter, , s License Numbe_020fef'

2023-01-19 19:19:50 - [TEST_STEP][PASSED] - setText(findTestObject("Object Repository/RecAndPlayBk/Page-Vlink-Debit/input_concat(CheckWriter, , s License State_21e3e7"), ""): Text '' is set on object 'Object Repository/RecAndPlayBk/Page-Vlink-Debit/input_concat(CheckWriter, , s License State_21e3e7'

2023-01-19 19:19:51 - [MESSAGE][PASSED] - Text '' is set on object 'Object Repository/RecAndPlayBk/Page-Vlink-Debit/input_concat(CheckWriter, , s License State_21e3e7'

2023-01-19 19:19:51 - [TEST_STEP][PASSED] - setText(findTestObject("RecAndPlayBk/Page-Vlink-Debit/input_Standard Entry Class"), sec): Text 'WEB' is set on object 'Object Repository/RecAndPlayBk/Page-Vlink-Debit/input_Standard Entry Class'

2023-01-19 19:19:51 - [MESSAGE][PASSED] - Text 'WEB' is set on object 'Object Repository/RecAndPlayBk/Page-Vlink-Debit/input_Standard Entry Class'

2023-01-19 19:19:51 - [TEST_STEP][PASSED] - click(findTestObject("Object Repository/RecAndPlayBk/Page-Vlink-Debit/input")): Object: 'Object Repository/RecAndPlayBk/Page-Vlink-Debit/input' is clicked on

2023-01-19 19:19:52 - [MESSAGE][PASSED] - Object: 'Object Repository/RecAndPlayBk/Page-Vlink-Debit/input' is clicked on

2023-01-19 19:19:52 - [TEST_STEP][PASSED] - if (verifyTextPresent("invalid: amount", true)): null

2023-01-19 19:19:52 - [MESSAGE][PASSED] - Text 'invalid: amount' is present on page  using regular expression

2023-01-19 19:19:52 - [TEST_STEP][PASSED] - println("invalid: amount text is present on the Confirmation page"): null

2023-01-19 19:19:52 - [TEST_STEP][PASSED] - out.println("Pass Record Number: " + row): null

2023-01-19 19:19:52 - [TEST_STEP][PASSED] - resText = "Pass": null

2023-01-19 19:19:52 - [TEST_STEP][PASSED] - pages.WriteExcel.demoKey(resText, datText, resColumn, datCloumn, fileLoc, nameSheet, row): pages.WriteExcel.demoKey is PASSED

2023-01-19 19:19:53 - [MESSAGE][PASSED] - pages.WriteExcel.demoKey is PASSED

2023-01-19 19:19:53 - [TEST_STEP][PASSED] - ExecuteTC = findTestData(dataFile).getValue("Execute", row): null

2023-01-19 19:19:53 - [TEST_STEP][PASSED] - out.println("Value of Execute is : " + ExecuteTC): null

2023-01-19 19:19:53 - [TEST_STEP][PASSED] - switch (executionProfile): null

2023-01-19 19:19:53 - [TEST_STEP][PASSED] - case "DemoProfile":: null

2023-01-19 19:19:53 - [TEST_STEP][PASSED] - appID = findTestData(dataFile).getValue("AppIDDemo", row): null

2023-01-19 19:19:53 - [TEST_STEP][PASSED] - username = findTestData(dataFile).getValue("UsernameDemo", row): null

2023-01-19 19:19:53 - [TEST_STEP][PASSED] - password = findTestData(dataFile).getValue("PasswordDemo", row): null

2023-01-19 19:19:53 - [TEST_STEP][PASSED] - break: null

2023-01-19 19:19:53 - [TEST_STEP][PASSED] - if (ExecuteTC.equalsIgnoreCase("Y")): null

2023-01-19 19:19:53 - [TEST_STEP][PASSED] - out.println("Begin Record Number: " + row): null

2023-01-19 19:19:53 - [TEST_STEP][PASSED] - today = new java.util.Date(): null

2023-01-19 19:19:53 - [TEST_STEP][PASSED] - println(today): null

2023-01-19 19:19:53 - [TEST_STEP][PASSED] - datText = today: null

2023-01-19 19:19:53 - [TEST_STEP][PASSED] - checkType = findTestData(dataFile).getValue("CheckType", row): null

2023-01-19 19:19:53 - [TEST_STEP][PASSED] - acNumber = findTestData(dataFile).getValue("AcNumber", row): null

2023-01-19 19:19:53 - [TEST_STEP][PASSED] - company = findTestData(dataFile).getValue("Company", row): null

2023-01-19 19:19:53 - [TEST_STEP][PASSED] - acType = findTestData(dataFile).getValue("AcType", row): null

2023-01-19 19:19:53 - [TEST_STEP][PASSED] - rtn = findTestData(dataFile).getValue("RTN", row): null

2023-01-19 19:19:53 - [TEST_STEP][PASSED] - amount = findTestData(dataFile).getValue("Amount", row): null

2023-01-19 19:19:53 - [TEST_STEP][PASSED] - sec = findTestData(dataFile).getValue("SEC", row): null

2023-01-19 19:19:53 - [TEST_STEP][PASSED] - openBrowser(VLinkURL + "debit.html"): Browser is opened with url: 'https://dev-algorithm.govolution.com/vlinktest/demo/version_2_0/debit.html'

2023-01-19 19:19:53 - [MESSAGE][WARNING] - A browser is already opened. Closing browser and opening a new one

2023-01-19 19:19:54 - [MESSAGE][INFO] - Starting 'Chrome' driver

2023-01-19 19:19:54 - [MESSAGE][INFO] - User set preference: ['acceptInsecureCerts', 'true']

2023-01-19 19:19:54 - [MESSAGE][INFO] - Action delay is set to 0 milliseconds

2023-01-19 19:19:56 - [MESSAGE][PASSED] - Browser is opened with url: 'https://dev-algorithm.govolution.com/vlinktest/demo/version_2_0/debit.html'

2023-01-19 19:19:56 - [TEST_STEP][PASSED] - maximizeWindow(): Current window maximized

2023-01-19 19:19:56 - [MESSAGE][PASSED] - Current window maximized

2023-01-19 19:19:56 - [TEST_STEP][PASSED] - genRemID = RandomStringUtils.random(12, true, true): null

2023-01-19 19:19:56 - [TEST_STEP][PASSED] - setText(findTestObject("RecAndPlayBk/Page-Vlink-Debit/input_Remittance Id"), genRemID): Text 'UXECptl9Mchl' is set on object 'Object Repository/RecAndPlayBk/Page-Vlink-Debit/input_Remittance Id'

2023-01-19 19:19:57 - [MESSAGE][PASSED] - Text 'UXECptl9Mchl' is set on object 'Object Repository/RecAndPlayBk/Page-Vlink-Debit/input_Remittance Id'

2023-01-19 19:19:57 - [TEST_STEP][PASSED] - setText(findTestObject("RecAndPlayBk/Page-Vlink-Debit/input_Application Id"), appID): Text '1773' is set on object 'Object Repository/RecAndPlayBk/Page-Vlink-Debit/input_Application Id'

2023-01-19 19:19:58 - [MESSAGE][PASSED] - Text '1773' is set on object 'Object Repository/RecAndPlayBk/Page-Vlink-Debit/input_Application Id'

2023-01-19 19:19:58 - [TEST_STEP][PASSED] - setText(findTestObject("RecAndPlayBk/Page-Vlink-Debit/input_Username"), username): Text 'username' is set on object 'Object Repository/RecAndPlayBk/Page-Vlink-Debit/input_Username'

2023-01-19 19:19:59 - [MESSAGE][PASSED] - Text 'username' is set on object 'Object Repository/RecAndPlayBk/Page-Vlink-Debit/input_Username'

2023-01-19 19:19:59 - [TEST_STEP][PASSED] - setText(findTestObject("RecAndPlayBk/Page-Vlink-Debit/input_Password"), password): Text 'password' is set on object 'Object Repository/RecAndPlayBk/Page-Vlink-Debit/input_Password'

2023-01-19 19:20:00 - [MESSAGE][PASSED] - Text 'password' is set on object 'Object Repository/RecAndPlayBk/Page-Vlink-Debit/input_Password'

2023-01-19 19:20:00 - [TEST_STEP][PASSED] - setText(findTestObject("RecAndPlayBk/Page-Vlink-Debit/input_Check Type"), checkType): Text 'P' is set on object 'Object Repository/RecAndPlayBk/Page-Vlink-Debit/input_Check Type'

2023-01-19 19:20:01 - [MESSAGE][PASSED] - Text 'P' is set on object 'Object Repository/RecAndPlayBk/Page-Vlink-Debit/input_Check Type'

2023-01-19 19:20:01 - [TEST_STEP][PASSED] - setText(findTestObject("RecAndPlayBk/Page-Vlink-Debit/input_Account_check"), acNumber): Text '58963214' is set on object 'Object Repository/RecAndPlayBk/Page-Vlink-Debit/input_Account_check'

2023-01-19 19:20:01 - [MESSAGE][PASSED] - Text '58963214' is set on object 'Object Repository/RecAndPlayBk/Page-Vlink-Debit/input_Account_check'

2023-01-19 19:20:01 - [TEST_STEP][PASSED] - setText(findTestObject("RecAndPlayBk/Page-Vlink-Debit/input_Company_check"), company): Text '' is set on object 'Object Repository/RecAndPlayBk/Page-Vlink-Debit/input_Company_check'

2023-01-19 19:20:02 - [MESSAGE][PASSED] - Text '' is set on object 'Object Repository/RecAndPlayBk/Page-Vlink-Debit/input_Company_check'

2023-01-19 19:20:02 - [TEST_STEP][PASSED] - setText(findTestObject("RecAndPlayBk/Page-Vlink-Debit/input_Account Type"), acType): Text '2' is set on object 'Object Repository/RecAndPlayBk/Page-Vlink-Debit/input_Account Type'

2023-01-19 19:20:03 - [MESSAGE][PASSED] - Text '2' is set on object 'Object Repository/RecAndPlayBk/Page-Vlink-Debit/input_Account Type'

2023-01-19 19:20:03 - [TEST_STEP][PASSED] - setText(findTestObject("RecAndPlayBk/Page-Vlink-Debit/input_Routing Number"), rtn): Text '256072691' is set on object 'Object Repository/RecAndPlayBk/Page-Vlink-Debit/input_Routing Number'

2023-01-19 19:20:04 - [MESSAGE][PASSED] - Text '256072691' is set on object 'Object Repository/RecAndPlayBk/Page-Vlink-Debit/input_Routing Number'

2023-01-19 19:20:04 - [TEST_STEP][PASSED] - setText(findTestObject("RecAndPlayBk/Page-Vlink-Debit/input_Amount"), amount): Text '0' is set on object 'Object Repository/RecAndPlayBk/Page-Vlink-Debit/input_Amount'

2023-01-19 19:20:05 - [MESSAGE][PASSED] - Text '0' is set on object 'Object Repository/RecAndPlayBk/Page-Vlink-Debit/input_Amount'

2023-01-19 19:20:05 - [TEST_STEP][PASSED] - setText(findTestObject("RecAndPlayBk/Page-Vlink-Debit/input_Check Email"), ""): Text '' is set on object 'Object Repository/RecAndPlayBk/Page-Vlink-Debit/input_Check Email'

2023-01-19 19:20:06 - [MESSAGE][PASSED] - Text '' is set on object 'Object Repository/RecAndPlayBk/Page-Vlink-Debit/input_Check Email'

2023-01-19 19:20:06 - [TEST_STEP][PASSED] - setText(findTestObject("Object Repository/RecAndPlayBk/Page-Vlink-Debit/input_concat(CheckWriter, , s SSN)_check_ssn"), ""): Text '' is set on object 'Object Repository/RecAndPlayBk/Page-Vlink-Debit/input_concat(CheckWriter, , s SSN)_check_ssn'

2023-01-19 19:20:07 - [MESSAGE][PASSED] - Text '' is set on object 'Object Repository/RecAndPlayBk/Page-Vlink-Debit/input_concat(CheckWriter, , s SSN)_check_ssn'

2023-01-19 19:20:07 - [TEST_STEP][PASSED] - setText(findTestObject("Object Repository/RecAndPlayBk/Page-Vlink-Debit/input_concat(CheckWriter, , s License Numbe_020fef"), ""): Text '' is set on object 'Object Repository/RecAndPlayBk/Page-Vlink-Debit/input_concat(CheckWriter, , s License Numbe_020fef'

2023-01-19 19:20:08 - [MESSAGE][PASSED] - Text '' is set on object 'Object Repository/RecAndPlayBk/Page-Vlink-Debit/input_concat(CheckWriter, , s License Numbe_020fef'

2023-01-19 19:20:08 - [TEST_STEP][PASSED] - setText(findTestObject("Object Repository/RecAndPlayBk/Page-Vlink-Debit/input_concat(CheckWriter, , s License State_21e3e7"), ""): Text '' is set on object 'Object Repository/RecAndPlayBk/Page-Vlink-Debit/input_concat(CheckWriter, , s License State_21e3e7'

2023-01-19 19:20:08 - [MESSAGE][PASSED] - Text '' is set on object 'Object Repository/RecAndPlayBk/Page-Vlink-Debit/input_concat(CheckWriter, , s License State_21e3e7'

2023-01-19 19:20:08 - [TEST_STEP][PASSED] - setText(findTestObject("RecAndPlayBk/Page-Vlink-Debit/input_Standard Entry Class"), sec): Text 'TEL' is set on object 'Object Repository/RecAndPlayBk/Page-Vlink-Debit/input_Standard Entry Class'

2023-01-19 19:20:09 - [MESSAGE][PASSED] - Text 'TEL' is set on object 'Object Repository/RecAndPlayBk/Page-Vlink-Debit/input_Standard Entry Class'

2023-01-19 19:20:09 - [TEST_STEP][PASSED] - click(findTestObject("Object Repository/RecAndPlayBk/Page-Vlink-Debit/input")): Object: 'Object Repository/RecAndPlayBk/Page-Vlink-Debit/input' is clicked on

2023-01-19 19:20:10 - [MESSAGE][PASSED] - Object: 'Object Repository/RecAndPlayBk/Page-Vlink-Debit/input' is clicked on

2023-01-19 19:20:10 - [TEST_STEP][PASSED] - if (verifyTextPresent("invalid: amount", true)): null

2023-01-19 19:20:11 - [MESSAGE][PASSED] - Text 'invalid: amount' is present on page  using regular expression

2023-01-19 19:20:11 - [TEST_STEP][PASSED] - println("invalid: amount text is present on the Confirmation page"): null

2023-01-19 19:20:11 - [TEST_STEP][PASSED] - out.println("Pass Record Number: " + row): null

2023-01-19 19:20:11 - [TEST_STEP][PASSED] - resText = "Pass": null

2023-01-19 19:20:11 - [TEST_STEP][PASSED] - pages.WriteExcel.demoKey(resText, datText, resColumn, datCloumn, fileLoc, nameSheet, row): pages.WriteExcel.demoKey is PASSED

2023-01-19 19:20:11 - [MESSAGE][PASSED] - pages.WriteExcel.demoKey is PASSED

2023-01-19 19:20:11 - [TEST_STEP][PASSED] - ExecuteTC = findTestData(dataFile).getValue("Execute", row): null

2023-01-19 19:20:11 - [TEST_STEP][PASSED] - out.println("Value of Execute is : " + ExecuteTC): null

2023-01-19 19:20:11 - [TEST_STEP][PASSED] - switch (executionProfile): null

2023-01-19 19:20:11 - [TEST_STEP][PASSED] - case "DemoProfile":: null

2023-01-19 19:20:11 - [TEST_STEP][PASSED] - appID = findTestData(dataFile).getValue("AppIDDemo", row): null

2023-01-19 19:20:11 - [TEST_STEP][PASSED] - username = findTestData(dataFile).getValue("UsernameDemo", row): null

2023-01-19 19:20:11 - [TEST_STEP][PASSED] - password = findTestData(dataFile).getValue("PasswordDemo", row): null

2023-01-19 19:20:11 - [TEST_STEP][PASSED] - break: null

2023-01-19 19:20:11 - [TEST_STEP][PASSED] - if (ExecuteTC.equalsIgnoreCase("Y")): null

2023-01-19 19:20:11 - [TEST_STEP][PASSED] - out.println("Begin Record Number: " + row): null

2023-01-19 19:20:11 - [TEST_STEP][PASSED] - today = new java.util.Date(): null

2023-01-19 19:20:11 - [TEST_STEP][PASSED] - println(today): null

2023-01-19 19:20:11 - [TEST_STEP][PASSED] - datText = today: null

2023-01-19 19:20:11 - [TEST_STEP][PASSED] - checkType = findTestData(dataFile).getValue("CheckType", row): null

2023-01-19 19:20:11 - [TEST_STEP][PASSED] - acNumber = findTestData(dataFile).getValue("AcNumber", row): null

2023-01-19 19:20:11 - [TEST_STEP][PASSED] - company = findTestData(dataFile).getValue("Company", row): null

2023-01-19 19:20:11 - [TEST_STEP][PASSED] - acType = findTestData(dataFile).getValue("AcType", row): null

2023-01-19 19:20:11 - [TEST_STEP][PASSED] - rtn = findTestData(dataFile).getValue("RTN", row): null

2023-01-19 19:20:11 - [TEST_STEP][PASSED] - amount = findTestData(dataFile).getValue("Amount", row): null

2023-01-19 19:20:11 - [TEST_STEP][PASSED] - sec = findTestData(dataFile).getValue("SEC", row): null

2023-01-19 19:20:11 - [TEST_STEP][PASSED] - openBrowser(VLinkURL + "debit.html"): Browser is opened with url: 'https://dev-algorithm.govolution.com/vlinktest/demo/version_2_0/debit.html'

2023-01-19 19:20:11 - [MESSAGE][WARNING] - A browser is already opened. Closing browser and opening a new one

2023-01-19 19:20:12 - [MESSAGE][INFO] - Starting 'Chrome' driver

2023-01-19 19:20:12 - [MESSAGE][INFO] - User set preference: ['acceptInsecureCerts', 'true']

2023-01-19 19:20:12 - [MESSAGE][INFO] - Action delay is set to 0 milliseconds

2023-01-19 19:20:14 - [MESSAGE][PASSED] - Browser is opened with url: 'https://dev-algorithm.govolution.com/vlinktest/demo/version_2_0/debit.html'

2023-01-19 19:20:14 - [TEST_STEP][PASSED] - maximizeWindow(): Current window maximized

2023-01-19 19:20:14 - [MESSAGE][PASSED] - Current window maximized

2023-01-19 19:20:14 - [TEST_STEP][PASSED] - genRemID = RandomStringUtils.random(12, true, true): null

2023-01-19 19:20:14 - [TEST_STEP][PASSED] - setText(findTestObject("RecAndPlayBk/Page-Vlink-Debit/input_Remittance Id"), genRemID): Text 'eatpYBIyDO7Y' is set on object 'Object Repository/RecAndPlayBk/Page-Vlink-Debit/input_Remittance Id'

2023-01-19 19:20:15 - [MESSAGE][PASSED] - Text 'eatpYBIyDO7Y' is set on object 'Object Repository/RecAndPlayBk/Page-Vlink-Debit/input_Remittance Id'

2023-01-19 19:20:15 - [TEST_STEP][PASSED] - setText(findTestObject("RecAndPlayBk/Page-Vlink-Debit/input_Application Id"), appID): Text '1773' is set on object 'Object Repository/RecAndPlayBk/Page-Vlink-Debit/input_Application Id'

2023-01-19 19:20:16 - [MESSAGE][PASSED] - Text '1773' is set on object 'Object Repository/RecAndPlayBk/Page-Vlink-Debit/input_Application Id'

2023-01-19 19:20:16 - [TEST_STEP][PASSED] - setText(findTestObject("RecAndPlayBk/Page-Vlink-Debit/input_Username"), username): Text 'username' is set on object 'Object Repository/RecAndPlayBk/Page-Vlink-Debit/input_Username'

2023-01-19 19:20:17 - [MESSAGE][PASSED] - Text 'username' is set on object 'Object Repository/RecAndPlayBk/Page-Vlink-Debit/input_Username'

2023-01-19 19:20:17 - [TEST_STEP][PASSED] - setText(findTestObject("RecAndPlayBk/Page-Vlink-Debit/input_Password"), password): Text 'password' is set on object 'Object Repository/RecAndPlayBk/Page-Vlink-Debit/input_Password'

2023-01-19 19:20:18 - [MESSAGE][PASSED] - Text 'password' is set on object 'Object Repository/RecAndPlayBk/Page-Vlink-Debit/input_Password'

2023-01-19 19:20:18 - [TEST_STEP][PASSED] - setText(findTestObject("RecAndPlayBk/Page-Vlink-Debit/input_Check Type"), checkType): Text 'P' is set on object 'Object Repository/RecAndPlayBk/Page-Vlink-Debit/input_Check Type'

2023-01-19 19:20:19 - [MESSAGE][PASSED] - Text 'P' is set on object 'Object Repository/RecAndPlayBk/Page-Vlink-Debit/input_Check Type'

2023-01-19 19:20:19 - [TEST_STEP][PASSED] - setText(findTestObject("RecAndPlayBk/Page-Vlink-Debit/input_Account_check"), acNumber): Text '58963214' is set on object 'Object Repository/RecAndPlayBk/Page-Vlink-Debit/input_Account_check'

2023-01-19 19:20:20 - [MESSAGE][PASSED] - Text '58963214' is set on object 'Object Repository/RecAndPlayBk/Page-Vlink-Debit/input_Account_check'

2023-01-19 19:20:20 - [TEST_STEP][PASSED] - setText(findTestObject("RecAndPlayBk/Page-Vlink-Debit/input_Company_check"), company): Text '' is set on object 'Object Repository/RecAndPlayBk/Page-Vlink-Debit/input_Company_check'

2023-01-19 19:20:21 - [MESSAGE][PASSED] - Text '' is set on object 'Object Repository/RecAndPlayBk/Page-Vlink-Debit/input_Company_check'

2023-01-19 19:20:21 - [TEST_STEP][PASSED] - setText(findTestObject("RecAndPlayBk/Page-Vlink-Debit/input_Account Type"), acType): Text '2' is set on object 'Object Repository/RecAndPlayBk/Page-Vlink-Debit/input_Account Type'

2023-01-19 19:20:21 - [MESSAGE][PASSED] - Text '2' is set on object 'Object Repository/RecAndPlayBk/Page-Vlink-Debit/input_Account Type'

2023-01-19 19:20:21 - [TEST_STEP][PASSED] - setText(findTestObject("RecAndPlayBk/Page-Vlink-Debit/input_Routing Number"), rtn): Text '256072691' is set on object 'Object Repository/RecAndPlayBk/Page-Vlink-Debit/input_Routing Number'

2023-01-19 19:20:22 - [MESSAGE][PASSED] - Text '256072691' is set on object 'Object Repository/RecAndPlayBk/Page-Vlink-Debit/input_Routing Number'

2023-01-19 19:20:22 - [TEST_STEP][PASSED] - setText(findTestObject("RecAndPlayBk/Page-Vlink-Debit/input_Amount"), amount): Text '0' is set on object 'Object Repository/RecAndPlayBk/Page-Vlink-Debit/input_Amount'

2023-01-19 19:20:23 - [MESSAGE][PASSED] - Text '0' is set on object 'Object Repository/RecAndPlayBk/Page-Vlink-Debit/input_Amount'

2023-01-19 19:20:23 - [TEST_STEP][PASSED] - setText(findTestObject("RecAndPlayBk/Page-Vlink-Debit/input_Check Email"), ""): Text '' is set on object 'Object Repository/RecAndPlayBk/Page-Vlink-Debit/input_Check Email'

2023-01-19 19:20:24 - [MESSAGE][PASSED] - Text '' is set on object 'Object Repository/RecAndPlayBk/Page-Vlink-Debit/input_Check Email'

2023-01-19 19:20:24 - [TEST_STEP][PASSED] - setText(findTestObject("Object Repository/RecAndPlayBk/Page-Vlink-Debit/input_concat(CheckWriter, , s SSN)_check_ssn"), ""): Text '' is set on object 'Object Repository/RecAndPlayBk/Page-Vlink-Debit/input_concat(CheckWriter, , s SSN)_check_ssn'

2023-01-19 19:20:25 - [MESSAGE][PASSED] - Text '' is set on object 'Object Repository/RecAndPlayBk/Page-Vlink-Debit/input_concat(CheckWriter, , s SSN)_check_ssn'

2023-01-19 19:20:25 - [TEST_STEP][PASSED] - setText(findTestObject("Object Repository/RecAndPlayBk/Page-Vlink-Debit/input_concat(CheckWriter, , s License Numbe_020fef"), ""): Text '' is set on object 'Object Repository/RecAndPlayBk/Page-Vlink-Debit/input_concat(CheckWriter, , s License Numbe_020fef'

2023-01-19 19:20:26 - [MESSAGE][PASSED] - Text '' is set on object 'Object Repository/RecAndPlayBk/Page-Vlink-Debit/input_concat(CheckWriter, , s License Numbe_020fef'

2023-01-19 19:20:26 - [TEST_STEP][PASSED] - setText(findTestObject("Object Repository/RecAndPlayBk/Page-Vlink-Debit/input_concat(CheckWriter, , s License State_21e3e7"), ""): Text '' is set on object 'Object Repository/RecAndPlayBk/Page-Vlink-Debit/input_concat(CheckWriter, , s License State_21e3e7'

2023-01-19 19:20:26 - [MESSAGE][PASSED] - Text '' is set on object 'Object Repository/RecAndPlayBk/Page-Vlink-Debit/input_concat(CheckWriter, , s License State_21e3e7'

2023-01-19 19:20:26 - [TEST_STEP][PASSED] - setText(findTestObject("RecAndPlayBk/Page-Vlink-Debit/input_Standard Entry Class"), sec): Text 'PPD' is set on object 'Object Repository/RecAndPlayBk/Page-Vlink-Debit/input_Standard Entry Class'

2023-01-19 19:20:27 - [MESSAGE][PASSED] - Text 'PPD' is set on object 'Object Repository/RecAndPlayBk/Page-Vlink-Debit/input_Standard Entry Class'

2023-01-19 19:20:27 - [TEST_STEP][PASSED] - click(findTestObject("Object Repository/RecAndPlayBk/Page-Vlink-Debit/input")): Object: 'Object Repository/RecAndPlayBk/Page-Vlink-Debit/input' is clicked on

2023-01-19 19:20:28 - [MESSAGE][PASSED] - Object: 'Object Repository/RecAndPlayBk/Page-Vlink-Debit/input' is clicked on

2023-01-19 19:20:28 - [TEST_STEP][PASSED] - if (verifyTextPresent("invalid: amount", true)): null

2023-01-19 19:20:29 - [MESSAGE][PASSED] - Text 'invalid: amount' is present on page  using regular expression

2023-01-19 19:20:29 - [TEST_STEP][PASSED] - println("invalid: amount text is present on the Confirmation page"): null

2023-01-19 19:20:29 - [TEST_STEP][PASSED] - out.println("Pass Record Number: " + row): null

2023-01-19 19:20:29 - [TEST_STEP][PASSED] - resText = "Pass": null

2023-01-19 19:20:29 - [TEST_STEP][PASSED] - pages.WriteExcel.demoKey(resText, datText, resColumn, datCloumn, fileLoc, nameSheet, row): pages.WriteExcel.demoKey is PASSED

2023-01-19 19:20:29 - [MESSAGE][PASSED] - pages.WriteExcel.demoKey is PASSED

2023-01-19 19:20:29 - [TEST_STEP][PASSED] - ExecuteTC = findTestData(dataFile).getValue("Execute", row): null

2023-01-19 19:20:29 - [TEST_STEP][PASSED] - out.println("Value of Execute is : " + ExecuteTC): null

2023-01-19 19:20:29 - [TEST_STEP][PASSED] - switch (executionProfile): null

2023-01-19 19:20:29 - [TEST_STEP][PASSED] - case "DemoProfile":: null

2023-01-19 19:20:29 - [TEST_STEP][PASSED] - appID = findTestData(dataFile).getValue("AppIDDemo", row): null

2023-01-19 19:20:29 - [TEST_STEP][PASSED] - username = findTestData(dataFile).getValue("UsernameDemo", row): null

2023-01-19 19:20:29 - [TEST_STEP][PASSED] - password = findTestData(dataFile).getValue("PasswordDemo", row): null

2023-01-19 19:20:29 - [TEST_STEP][PASSED] - break: null

2023-01-19 19:20:29 - [TEST_STEP][PASSED] - if (ExecuteTC.equalsIgnoreCase("Y")): null

2023-01-19 19:20:29 - [TEST_STEP][PASSED] - out.println("Begin Record Number: " + row): null

2023-01-19 19:20:29 - [TEST_STEP][PASSED] - today = new java.util.Date(): null

2023-01-19 19:20:29 - [TEST_STEP][PASSED] - println(today): null

2023-01-19 19:20:29 - [TEST_STEP][PASSED] - datText = today: null

2023-01-19 19:20:29 - [TEST_STEP][PASSED] - checkType = findTestData(dataFile).getValue("CheckType", row): null

2023-01-19 19:20:29 - [TEST_STEP][PASSED] - acNumber = findTestData(dataFile).getValue("AcNumber", row): null

2023-01-19 19:20:29 - [TEST_STEP][PASSED] - company = findTestData(dataFile).getValue("Company", row): null

2023-01-19 19:20:29 - [TEST_STEP][PASSED] - acType = findTestData(dataFile).getValue("AcType", row): null

2023-01-19 19:20:29 - [TEST_STEP][PASSED] - rtn = findTestData(dataFile).getValue("RTN", row): null

2023-01-19 19:20:29 - [TEST_STEP][PASSED] - amount = findTestData(dataFile).getValue("Amount", row): null

2023-01-19 19:20:29 - [TEST_STEP][PASSED] - sec = findTestData(dataFile).getValue("SEC", row): null

2023-01-19 19:20:29 - [TEST_STEP][PASSED] - openBrowser(VLinkURL + "debit.html"): Browser is opened with url: 'https://dev-algorithm.govolution.com/vlinktest/demo/version_2_0/debit.html'

2023-01-19 19:20:29 - [MESSAGE][WARNING] - A browser is already opened. Closing browser and opening a new one

2023-01-19 19:20:30 - [MESSAGE][INFO] - Starting 'Chrome' driver

2023-01-19 19:20:30 - [MESSAGE][INFO] - User set preference: ['acceptInsecureCerts', 'true']

2023-01-19 19:20:30 - [MESSAGE][INFO] - Action delay is set to 0 milliseconds

2023-01-19 19:20:32 - [MESSAGE][PASSED] - Browser is opened with url: 'https://dev-algorithm.govolution.com/vlinktest/demo/version_2_0/debit.html'

2023-01-19 19:20:32 - [TEST_STEP][PASSED] - maximizeWindow(): Current window maximized

2023-01-19 19:20:32 - [MESSAGE][PASSED] - Current window maximized

2023-01-19 19:20:32 - [TEST_STEP][PASSED] - genRemID = RandomStringUtils.random(12, true, true): null

2023-01-19 19:20:32 - [TEST_STEP][PASSED] - setText(findTestObject("RecAndPlayBk/Page-Vlink-Debit/input_Remittance Id"), genRemID): Text 'DoNNvJpnGg0v' is set on object 'Object Repository/RecAndPlayBk/Page-Vlink-Debit/input_Remittance Id'

2023-01-19 19:20:33 - [MESSAGE][PASSED] - Text 'DoNNvJpnGg0v' is set on object 'Object Repository/RecAndPlayBk/Page-Vlink-Debit/input_Remittance Id'

2023-01-19 19:20:33 - [TEST_STEP][PASSED] - setText(findTestObject("RecAndPlayBk/Page-Vlink-Debit/input_Application Id"), appID): Text '1773' is set on object 'Object Repository/RecAndPlayBk/Page-Vlink-Debit/input_Application Id'

2023-01-19 19:20:34 - [MESSAGE][PASSED] - Text '1773' is set on object 'Object Repository/RecAndPlayBk/Page-Vlink-Debit/input_Application Id'

2023-01-19 19:20:34 - [TEST_STEP][PASSED] - setText(findTestObject("RecAndPlayBk/Page-Vlink-Debit/input_Username"), username): Text 'username' is set on object 'Object Repository/RecAndPlayBk/Page-Vlink-Debit/input_Username'

2023-01-19 19:20:34 - [MESSAGE][PASSED] - Text 'username' is set on object 'Object Repository/RecAndPlayBk/Page-Vlink-Debit/input_Username'

2023-01-19 19:20:34 - [TEST_STEP][PASSED] - setText(findTestObject("RecAndPlayBk/Page-Vlink-Debit/input_Password"), password): Text 'password' is set on object 'Object Repository/RecAndPlayBk/Page-Vlink-Debit/input_Password'

2023-01-19 19:20:35 - [MESSAGE][PASSED] - Text 'password' is set on object 'Object Repository/RecAndPlayBk/Page-Vlink-Debit/input_Password'

2023-01-19 19:20:35 - [TEST_STEP][PASSED] - setText(findTestObject("RecAndPlayBk/Page-Vlink-Debit/input_Check Type"), checkType): Text 'C' is set on object 'Object Repository/RecAndPlayBk/Page-Vlink-Debit/input_Check Type'

2023-01-19 19:20:36 - [MESSAGE][PASSED] - Text 'C' is set on object 'Object Repository/RecAndPlayBk/Page-Vlink-Debit/input_Check Type'

2023-01-19 19:20:36 - [TEST_STEP][PASSED] - setText(findTestObject("RecAndPlayBk/Page-Vlink-Debit/input_Account_check"), acNumber): Text '58963214' is set on object 'Object Repository/RecAndPlayBk/Page-Vlink-Debit/input_Account_check'

2023-01-19 19:20:37 - [MESSAGE][PASSED] - Text '58963214' is set on object 'Object Repository/RecAndPlayBk/Page-Vlink-Debit/input_Account_check'

2023-01-19 19:20:37 - [TEST_STEP][PASSED] - setText(findTestObject("RecAndPlayBk/Page-Vlink-Debit/input_Company_check"), company): Text 'My Company' is set on object 'Object Repository/RecAndPlayBk/Page-Vlink-Debit/input_Company_check'

2023-01-19 19:20:38 - [MESSAGE][PASSED] - Text 'My Company' is set on object 'Object Repository/RecAndPlayBk/Page-Vlink-Debit/input_Company_check'

2023-01-19 19:20:38 - [TEST_STEP][PASSED] - setText(findTestObject("RecAndPlayBk/Page-Vlink-Debit/input_Account Type"), acType): Text '' is set on object 'Object Repository/RecAndPlayBk/Page-Vlink-Debit/input_Account Type'

2023-01-19 19:20:39 - [MESSAGE][PASSED] - Text '' is set on object 'Object Repository/RecAndPlayBk/Page-Vlink-Debit/input_Account Type'

2023-01-19 19:20:39 - [TEST_STEP][PASSED] - setText(findTestObject("RecAndPlayBk/Page-Vlink-Debit/input_Routing Number"), rtn): Text '256072691' is set on object 'Object Repository/RecAndPlayBk/Page-Vlink-Debit/input_Routing Number'

2023-01-19 19:20:40 - [MESSAGE][PASSED] - Text '256072691' is set on object 'Object Repository/RecAndPlayBk/Page-Vlink-Debit/input_Routing Number'

2023-01-19 19:20:40 - [TEST_STEP][PASSED] - setText(findTestObject("RecAndPlayBk/Page-Vlink-Debit/input_Amount"), amount): Text '0' is set on object 'Object Repository/RecAndPlayBk/Page-Vlink-Debit/input_Amount'

2023-01-19 19:20:41 - [MESSAGE][PASSED] - Text '0' is set on object 'Object Repository/RecAndPlayBk/Page-Vlink-Debit/input_Amount'

2023-01-19 19:20:41 - [TEST_STEP][PASSED] - setText(findTestObject("RecAndPlayBk/Page-Vlink-Debit/input_Check Email"), ""): Text '' is set on object 'Object Repository/RecAndPlayBk/Page-Vlink-Debit/input_Check Email'

2023-01-19 19:20:42 - [MESSAGE][PASSED] - Text '' is set on object 'Object Repository/RecAndPlayBk/Page-Vlink-Debit/input_Check Email'

2023-01-19 19:20:42 - [TEST_STEP][PASSED] - setText(findTestObject("Object Repository/RecAndPlayBk/Page-Vlink-Debit/input_concat(CheckWriter, , s SSN)_check_ssn"), ""): Text '' is set on object 'Object Repository/RecAndPlayBk/Page-Vlink-Debit/input_concat(CheckWriter, , s SSN)_check_ssn'

2023-01-19 19:20:43 - [MESSAGE][PASSED] - Text '' is set on object 'Object Repository/RecAndPlayBk/Page-Vlink-Debit/input_concat(CheckWriter, , s SSN)_check_ssn'

2023-01-19 19:20:43 - [TEST_STEP][PASSED] - setText(findTestObject("Object Repository/RecAndPlayBk/Page-Vlink-Debit/input_concat(CheckWriter, , s License Numbe_020fef"), ""): Text '' is set on object 'Object Repository/RecAndPlayBk/Page-Vlink-Debit/input_concat(CheckWriter, , s License Numbe_020fef'

2023-01-19 19:20:44 - [MESSAGE][PASSED] - Text '' is set on object 'Object Repository/RecAndPlayBk/Page-Vlink-Debit/input_concat(CheckWriter, , s License Numbe_020fef'

2023-01-19 19:20:44 - [TEST_STEP][PASSED] - setText(findTestObject("Object Repository/RecAndPlayBk/Page-Vlink-Debit/input_concat(CheckWriter, , s License State_21e3e7"), ""): Text '' is set on object 'Object Repository/RecAndPlayBk/Page-Vlink-Debit/input_concat(CheckWriter, , s License State_21e3e7'

2023-01-19 19:20:45 - [MESSAGE][PASSED] - Text '' is set on object 'Object Repository/RecAndPlayBk/Page-Vlink-Debit/input_concat(CheckWriter, , s License State_21e3e7'

2023-01-19 19:20:45 - [TEST_STEP][PASSED] - setText(findTestObject("RecAndPlayBk/Page-Vlink-Debit/input_Standard Entry Class"), sec): Text 'CCD' is set on object 'Object Repository/RecAndPlayBk/Page-Vlink-Debit/input_Standard Entry Class'

2023-01-19 19:20:45 - [MESSAGE][PASSED] - Text 'CCD' is set on object 'Object Repository/RecAndPlayBk/Page-Vlink-Debit/input_Standard Entry Class'

2023-01-19 19:20:45 - [TEST_STEP][PASSED] - click(findTestObject("Object Repository/RecAndPlayBk/Page-Vlink-Debit/input")): Object: 'Object Repository/RecAndPlayBk/Page-Vlink-Debit/input' is clicked on

2023-01-19 19:20:46 - [MESSAGE][PASSED] - Object: 'Object Repository/RecAndPlayBk/Page-Vlink-Debit/input' is clicked on

2023-01-19 19:20:46 - [TEST_STEP][PASSED] - if (verifyTextPresent("invalid: amount", true)): null

2023-01-19 19:20:46 - [MESSAGE][PASSED] - Text 'invalid: amount' is present on page  using regular expression

2023-01-19 19:20:46 - [TEST_STEP][PASSED] - println("invalid: amount text is present on the Confirmation page"): null

2023-01-19 19:20:46 - [TEST_STEP][PASSED] - out.println("Pass Record Number: " + row): null

2023-01-19 19:20:46 - [TEST_STEP][PASSED] - resText = "Pass": null

2023-01-19 19:20:46 - [TEST_STEP][PASSED] - pages.WriteExcel.demoKey(resText, datText, resColumn, datCloumn, fileLoc, nameSheet, row): pages.WriteExcel.demoKey is PASSED

2023-01-19 19:20:47 - [MESSAGE][PASSED] - pages.WriteExcel.demoKey is PASSED]]></system-out>
         <system-err><![CDATA[]]></system-err>
      </testcase>
      <testcase name="Test Cases/RecAndPlayBk/VLink/Debit-Void" time="206.041" classname="Test Cases/RecAndPlayBk/VLink/Debit-Void" status="PASSED">
         <system-out><![CDATA[2023-01-19 19:20:47 - [TEST_CASE][PASSED] - Test Cases/RecAndPlayBk/VLink/Debit-Void: Test Cases/RecAndPlayBk/VLink/Debit-Void

2023-01-19 19:20:47 - [TEST_STEP][PASSED] - executionProfile = getExecutionProfile(): null

2023-01-19 19:20:47 - [TEST_STEP][PASSED] - out.println("executionProfile : " + executionProfile): null

2023-01-19 19:20:47 - [TEST_STEP][PASSED] - appName = <not implemented yet for class: org.codehaus.groovy.ast.expr.EmptyExpression>: null

2023-01-19 19:20:47 - [TEST_STEP][PASSED] - appID = <not implemented yet for class: org.codehaus.groovy.ast.expr.EmptyExpression>: null

2023-01-19 19:20:47 - [TEST_STEP][PASSED] - username = <not implemented yet for class: org.codehaus.groovy.ast.expr.EmptyExpression>: null

2023-01-19 19:20:47 - [TEST_STEP][PASSED] - password = <not implemented yet for class: org.codehaus.groovy.ast.expr.EmptyExpression>: null

2023-01-19 19:20:47 - [TEST_STEP][PASSED] - cardNameV = <not implemented yet for class: org.codehaus.groovy.ast.expr.EmptyExpression>: null

2023-01-19 19:20:47 - [TEST_STEP][PASSED] - al1V = <not implemented yet for class: org.codehaus.groovy.ast.expr.EmptyExpression>: null

2023-01-19 19:20:47 - [TEST_STEP][PASSED] - al2V = <not implemented yet for class: org.codehaus.groovy.ast.expr.EmptyExpression>: null

2023-01-19 19:20:47 - [TEST_STEP][PASSED] - zipV = <not implemented yet for class: org.codehaus.groovy.ast.expr.EmptyExpression>: null

2023-01-19 19:20:47 - [TEST_STEP][PASSED] - cardTypeV = <not implemented yet for class: org.codehaus.groovy.ast.expr.EmptyExpression>: null

2023-01-19 19:20:47 - [TEST_STEP][PASSED] - last4V = <not implemented yet for class: org.codehaus.groovy.ast.expr.EmptyExpression>: null

2023-01-19 19:20:47 - [TEST_STEP][PASSED] - resText = "Fail": null

2023-01-19 19:20:47 - [TEST_STEP][PASSED] - resColumn = "Result": null

2023-01-19 19:20:47 - [TEST_STEP][PASSED] - datCloumn = "Date": null

2023-01-19 19:20:47 - [TEST_STEP][PASSED] - fileLoc = "KatalonData/VLinkSmokeDataACH.xlsx": null

2023-01-19 19:20:47 - [TEST_STEP][PASSED] - numOfRows = <not implemented yet for class: org.codehaus.groovy.ast.expr.EmptyExpression>: null

2023-01-19 19:20:47 - [TEST_STEP][PASSED] - dataFile = <not implemented yet for class: org.codehaus.groovy.ast.expr.EmptyExpression>: null

2023-01-19 19:20:47 - [TEST_STEP][PASSED] - nameSheet = <not implemented yet for class: org.codehaus.groovy.ast.expr.EmptyExpression>: null

2023-01-19 19:20:47 - [TEST_STEP][PASSED] - nameSheet = "Debit-Void": null

2023-01-19 19:20:47 - [TEST_STEP][PASSED] - numOfRows = findTestData("QA/VLinkTestData/VLinkDebitVoidData").getRowNumbers(): null

2023-01-19 19:20:47 - [TEST_STEP][PASSED] - println("Number of Records: " + numOfRows): null

2023-01-19 19:20:47 - [TEST_STEP][PASSED] - dataFile = "QA/VLinkTestData/VLinkDebitVoidData": null

2023-01-19 19:20:47 - [TEST_STEP][PASSED] - for ([row = 1, row <= numOfRows, (row++)]): null

2023-01-19 19:20:47 - [TEST_STEP][PASSED] - ExecuteTC = findTestData(dataFile).getValue("Execute", row): null

2023-01-19 19:20:47 - [TEST_STEP][PASSED] - out.println("Value of Execute is : " + ExecuteTC): null

2023-01-19 19:20:47 - [TEST_STEP][PASSED] - switch (executionProfile): null

2023-01-19 19:20:47 - [TEST_STEP][PASSED] - case "DemoProfile":: null

2023-01-19 19:20:47 - [TEST_STEP][PASSED] - appID = findTestData(dataFile).getValue("AppIDDemo", row): null

2023-01-19 19:20:47 - [TEST_STEP][PASSED] - username = findTestData(dataFile).getValue("UsernameDemo", row): null

2023-01-19 19:20:47 - [TEST_STEP][PASSED] - password = findTestData(dataFile).getValue("PasswordDemo", row): null

2023-01-19 19:20:47 - [TEST_STEP][PASSED] - break: null

2023-01-19 19:20:47 - [TEST_STEP][PASSED] - if (ExecuteTC.equalsIgnoreCase("Y")): null

2023-01-19 19:20:47 - [TEST_STEP][PASSED] - out.println("Begin Record Number: " + row): null

2023-01-19 19:20:47 - [TEST_STEP][PASSED] - today = new java.util.Date(): null

2023-01-19 19:20:47 - [TEST_STEP][PASSED] - println(today): null

2023-01-19 19:20:47 - [TEST_STEP][PASSED] - datText = today: null

2023-01-19 19:20:47 - [TEST_STEP][PASSED] - checkType = findTestData(dataFile).getValue("CheckType", row): null

2023-01-19 19:20:48 - [TEST_STEP][PASSED] - acNumber = findTestData(dataFile).getValue("AcNumber", row): null

2023-01-19 19:20:48 - [TEST_STEP][PASSED] - company = findTestData(dataFile).getValue("Company", row): null

2023-01-19 19:20:48 - [TEST_STEP][PASSED] - acType = findTestData(dataFile).getValue("AcType", row): null

2023-01-19 19:20:48 - [TEST_STEP][PASSED] - rtn = findTestData(dataFile).getValue("RTN", row): null

2023-01-19 19:20:48 - [TEST_STEP][PASSED] - amount = findTestData(dataFile).getValue("Amount", row): null

2023-01-19 19:20:48 - [TEST_STEP][PASSED] - sec = findTestData(dataFile).getValue("SEC", row): null

2023-01-19 19:20:48 - [TEST_STEP][PASSED] - openBrowser(VLinkURL + "debit.html"): Browser is opened with url: 'https://dev-algorithm.govolution.com/vlinktest/demo/version_2_0/debit.html'

2023-01-19 19:20:48 - [MESSAGE][WARNING] - A browser is already opened. Closing browser and opening a new one

2023-01-19 19:20:49 - [MESSAGE][INFO] - Starting 'Chrome' driver

2023-01-19 19:20:49 - [MESSAGE][INFO] - User set preference: ['acceptInsecureCerts', 'true']

2023-01-19 19:20:49 - [MESSAGE][INFO] - Action delay is set to 0 milliseconds

2023-01-19 19:20:51 - [MESSAGE][PASSED] - Browser is opened with url: 'https://dev-algorithm.govolution.com/vlinktest/demo/version_2_0/debit.html'

2023-01-19 19:20:51 - [TEST_STEP][PASSED] - maximizeWindow(): Current window maximized

2023-01-19 19:20:51 - [MESSAGE][PASSED] - Current window maximized

2023-01-19 19:20:51 - [TEST_STEP][PASSED] - genRemID = RandomStringUtils.random(12, true, true): null

2023-01-19 19:20:51 - [TEST_STEP][PASSED] - setText(findTestObject("RecAndPlayBk/Page-Vlink-Debit/input_Remittance Id"), genRemID): Text 'krRH9qiEXUSH' is set on object 'Object Repository/RecAndPlayBk/Page-Vlink-Debit/input_Remittance Id'

2023-01-19 19:20:52 - [MESSAGE][PASSED] - Text 'krRH9qiEXUSH' is set on object 'Object Repository/RecAndPlayBk/Page-Vlink-Debit/input_Remittance Id'

2023-01-19 19:20:52 - [TEST_STEP][PASSED] - setText(findTestObject("RecAndPlayBk/Page-Vlink-Debit/input_Application Id"), appID): Text '1773' is set on object 'Object Repository/RecAndPlayBk/Page-Vlink-Debit/input_Application Id'

2023-01-19 19:20:53 - [MESSAGE][PASSED] - Text '1773' is set on object 'Object Repository/RecAndPlayBk/Page-Vlink-Debit/input_Application Id'

2023-01-19 19:20:53 - [TEST_STEP][PASSED] - setText(findTestObject("RecAndPlayBk/Page-Vlink-Debit/input_Username"), username): Text 'username' is set on object 'Object Repository/RecAndPlayBk/Page-Vlink-Debit/input_Username'

2023-01-19 19:20:53 - [MESSAGE][PASSED] - Text 'username' is set on object 'Object Repository/RecAndPlayBk/Page-Vlink-Debit/input_Username'

2023-01-19 19:20:53 - [TEST_STEP][PASSED] - setText(findTestObject("RecAndPlayBk/Page-Vlink-Debit/input_Password"), password): Text 'password' is set on object 'Object Repository/RecAndPlayBk/Page-Vlink-Debit/input_Password'

2023-01-19 19:20:54 - [MESSAGE][PASSED] - Text 'password' is set on object 'Object Repository/RecAndPlayBk/Page-Vlink-Debit/input_Password'

2023-01-19 19:20:54 - [TEST_STEP][PASSED] - setText(findTestObject("RecAndPlayBk/Page-Vlink-Debit/input_Check Type"), checkType): Text 'P' is set on object 'Object Repository/RecAndPlayBk/Page-Vlink-Debit/input_Check Type'

2023-01-19 19:20:55 - [MESSAGE][PASSED] - Text 'P' is set on object 'Object Repository/RecAndPlayBk/Page-Vlink-Debit/input_Check Type'

2023-01-19 19:20:55 - [TEST_STEP][PASSED] - setText(findTestObject("RecAndPlayBk/Page-Vlink-Debit/input_Account_check"), acNumber): Text '58963214' is set on object 'Object Repository/RecAndPlayBk/Page-Vlink-Debit/input_Account_check'

2023-01-19 19:20:56 - [MESSAGE][PASSED] - Text '58963214' is set on object 'Object Repository/RecAndPlayBk/Page-Vlink-Debit/input_Account_check'

2023-01-19 19:20:56 - [TEST_STEP][PASSED] - setText(findTestObject("RecAndPlayBk/Page-Vlink-Debit/input_Company_check"), company): Text '' is set on object 'Object Repository/RecAndPlayBk/Page-Vlink-Debit/input_Company_check'

2023-01-19 19:20:57 - [MESSAGE][PASSED] - Text '' is set on object 'Object Repository/RecAndPlayBk/Page-Vlink-Debit/input_Company_check'

2023-01-19 19:20:57 - [TEST_STEP][PASSED] - setText(findTestObject("RecAndPlayBk/Page-Vlink-Debit/input_Account Type"), acType): Text '1' is set on object 'Object Repository/RecAndPlayBk/Page-Vlink-Debit/input_Account Type'

2023-01-19 19:20:57 - [MESSAGE][PASSED] - Text '1' is set on object 'Object Repository/RecAndPlayBk/Page-Vlink-Debit/input_Account Type'

2023-01-19 19:20:57 - [TEST_STEP][PASSED] - setText(findTestObject("RecAndPlayBk/Page-Vlink-Debit/input_Routing Number"), rtn): Text '256072691' is set on object 'Object Repository/RecAndPlayBk/Page-Vlink-Debit/input_Routing Number'

2023-01-19 19:20:58 - [MESSAGE][PASSED] - Text '256072691' is set on object 'Object Repository/RecAndPlayBk/Page-Vlink-Debit/input_Routing Number'

2023-01-19 19:20:58 - [TEST_STEP][PASSED] - setText(findTestObject("RecAndPlayBk/Page-Vlink-Debit/input_Amount"), amount): Text '12.50' is set on object 'Object Repository/RecAndPlayBk/Page-Vlink-Debit/input_Amount'

2023-01-19 19:20:59 - [MESSAGE][PASSED] - Text '12.50' is set on object 'Object Repository/RecAndPlayBk/Page-Vlink-Debit/input_Amount'

2023-01-19 19:20:59 - [TEST_STEP][PASSED] - setText(findTestObject("RecAndPlayBk/Page-Vlink-Debit/input_Check Email"), ""): Text '' is set on object 'Object Repository/RecAndPlayBk/Page-Vlink-Debit/input_Check Email'

2023-01-19 19:21:00 - [MESSAGE][PASSED] - Text '' is set on object 'Object Repository/RecAndPlayBk/Page-Vlink-Debit/input_Check Email'

2023-01-19 19:21:00 - [TEST_STEP][PASSED] - setText(findTestObject("Object Repository/RecAndPlayBk/Page-Vlink-Debit/input_concat(CheckWriter, , s SSN)_check_ssn"), ""): Text '' is set on object 'Object Repository/RecAndPlayBk/Page-Vlink-Debit/input_concat(CheckWriter, , s SSN)_check_ssn'

2023-01-19 19:21:01 - [MESSAGE][PASSED] - Text '' is set on object 'Object Repository/RecAndPlayBk/Page-Vlink-Debit/input_concat(CheckWriter, , s SSN)_check_ssn'

2023-01-19 19:21:01 - [TEST_STEP][PASSED] - setText(findTestObject("Object Repository/RecAndPlayBk/Page-Vlink-Debit/input_concat(CheckWriter, , s License Numbe_020fef"), ""): Text '' is set on object 'Object Repository/RecAndPlayBk/Page-Vlink-Debit/input_concat(CheckWriter, , s License Numbe_020fef'

2023-01-19 19:21:01 - [MESSAGE][PASSED] - Text '' is set on object 'Object Repository/RecAndPlayBk/Page-Vlink-Debit/input_concat(CheckWriter, , s License Numbe_020fef'

2023-01-19 19:21:01 - [TEST_STEP][PASSED] - setText(findTestObject("Object Repository/RecAndPlayBk/Page-Vlink-Debit/input_concat(CheckWriter, , s License State_21e3e7"), ""): Text '' is set on object 'Object Repository/RecAndPlayBk/Page-Vlink-Debit/input_concat(CheckWriter, , s License State_21e3e7'

2023-01-19 19:21:02 - [MESSAGE][PASSED] - Text '' is set on object 'Object Repository/RecAndPlayBk/Page-Vlink-Debit/input_concat(CheckWriter, , s License State_21e3e7'

2023-01-19 19:21:02 - [TEST_STEP][PASSED] - setText(findTestObject("RecAndPlayBk/Page-Vlink-Debit/input_Standard Entry Class"), sec): Text 'WEB' is set on object 'Object Repository/RecAndPlayBk/Page-Vlink-Debit/input_Standard Entry Class'

2023-01-19 19:21:03 - [MESSAGE][PASSED] - Text 'WEB' is set on object 'Object Repository/RecAndPlayBk/Page-Vlink-Debit/input_Standard Entry Class'

2023-01-19 19:21:03 - [TEST_STEP][PASSED] - click(findTestObject("Object Repository/RecAndPlayBk/Page-Vlink-Debit/input")): Object: 'Object Repository/RecAndPlayBk/Page-Vlink-Debit/input' is clicked on

2023-01-19 19:21:04 - [MESSAGE][PASSED] - Object: 'Object Repository/RecAndPlayBk/Page-Vlink-Debit/input' is clicked on

2023-01-19 19:21:04 - [TEST_STEP][PASSED] - if (verifyTextPresent("Transaction approved, no errors", true)): null

2023-01-19 19:21:04 - [MESSAGE][PASSED] - Text 'Transaction approved, no errors' is present on page  using regular expression

2023-01-19 19:21:04 - [TEST_STEP][PASSED] - println("Transaction Approved, no errors text is present on the Confirmation page"): null

2023-01-19 19:21:04 - [TEST_STEP][PASSED] - sdfo = getText(findTestObject("Object Repository/Page_VLinkReceipt/pre_STX")): Text of object 'Object Repository/Page_VLinkReceipt/pre_STX' is: '<STX>krRH9qiEXUSH                  2916643             0  Transaction approved, no errors                   0                                                                                                              <ETX>'

2023-01-19 19:21:05 - [MESSAGE][PASSED] - Text of object 'Object Repository/Page_VLinkReceipt/pre_STX' is: '<STX>krRH9qiEXUSH                  2916643             0  Transaction approved, no errors                   0                                                                                                              <ETX>'

2023-01-19 19:21:05 - [TEST_STEP][PASSED] - out.println("sdfo: " + sdfo): null

2023-01-19 19:21:05 - [TEST_STEP][PASSED] - remID = substring(5, 35).trim(): null

2023-01-19 19:21:05 - [TEST_STEP][PASSED] - out.println("remID: " + remID): null

2023-01-19 19:21:05 - [TEST_STEP][PASSED] - traxID = substring(35, 55).trim(): null

2023-01-19 19:21:05 - [TEST_STEP][PASSED] - out.println("traxID: " + traxID): null

2023-01-19 19:21:05 - [TEST_STEP][PASSED] - VLinkSaleRemID = remID: null

2023-01-19 19:21:05 - [TEST_STEP][PASSED] - VLinkSaleTranxID = traxID: null

2023-01-19 19:21:05 - [TEST_STEP][PASSED] - openBrowser(VLinkURL + "ACH_void.html"): Browser is opened with url: 'https://dev-algorithm.govolution.com/vlinktest/demo/version_2_0/ACH_void.html'

2023-01-19 19:21:05 - [MESSAGE][WARNING] - A browser is already opened. Closing browser and opening a new one

2023-01-19 19:21:06 - [MESSAGE][INFO] - Starting 'Chrome' driver

2023-01-19 19:21:06 - [MESSAGE][INFO] - User set preference: ['acceptInsecureCerts', 'true']

2023-01-19 19:21:06 - [MESSAGE][INFO] - Action delay is set to 0 milliseconds

2023-01-19 19:21:07 - [MESSAGE][PASSED] - Browser is opened with url: 'https://dev-algorithm.govolution.com/vlinktest/demo/version_2_0/ACH_void.html'

2023-01-19 19:21:07 - [TEST_STEP][PASSED] - maximizeWindow(): Current window maximized

2023-01-19 19:21:07 - [MESSAGE][PASSED] - Current window maximized

2023-01-19 19:21:07 - [TEST_STEP][PASSED] - setText(findTestObject("Object Repository/RecAndPlayBk/Page-Vlink-ACH-Void/input_Remittance Id"), VLinkSaleRemID): Text 'krRH9qiEXUSH' is set on object 'Object Repository/RecAndPlayBk/Page-Vlink-ACH-Void/input_Remittance Id'

2023-01-19 19:21:08 - [MESSAGE][PASSED] - Text 'krRH9qiEXUSH' is set on object 'Object Repository/RecAndPlayBk/Page-Vlink-ACH-Void/input_Remittance Id'

2023-01-19 19:21:08 - [TEST_STEP][PASSED] - setText(findTestObject("Object Repository/RecAndPlayBk/Page-Vlink-ACH-Void/input_Application Id"), appID): Text '1773' is set on object 'Object Repository/RecAndPlayBk/Page-Vlink-ACH-Void/input_Application Id'

2023-01-19 19:21:09 - [MESSAGE][PASSED] - Text '1773' is set on object 'Object Repository/RecAndPlayBk/Page-Vlink-ACH-Void/input_Application Id'

2023-01-19 19:21:09 - [TEST_STEP][PASSED] - setText(findTestObject("Object Repository/RecAndPlayBk/Page-Vlink-ACH-Void/input_Username"), username): Text 'username' is set on object 'Object Repository/RecAndPlayBk/Page-Vlink-ACH-Void/input_Username'

2023-01-19 19:21:10 - [MESSAGE][PASSED] - Text 'username' is set on object 'Object Repository/RecAndPlayBk/Page-Vlink-ACH-Void/input_Username'

2023-01-19 19:21:10 - [TEST_STEP][PASSED] - setText(findTestObject("Object Repository/RecAndPlayBk/Page-Vlink-ACH-Void/input_Password"), password): Text 'password' is set on object 'Object Repository/RecAndPlayBk/Page-Vlink-ACH-Void/input_Password'

2023-01-19 19:21:11 - [MESSAGE][PASSED] - Text 'password' is set on object 'Object Repository/RecAndPlayBk/Page-Vlink-ACH-Void/input_Password'

2023-01-19 19:21:11 - [TEST_STEP][PASSED] - setText(findTestObject("Object Repository/RecAndPlayBk/Page-Vlink-ACH-Void/input_Check Type"), checkType): Text 'P' is set on object 'Object Repository/RecAndPlayBk/Page-Vlink-ACH-Void/input_Check Type'

2023-01-19 19:21:12 - [MESSAGE][PASSED] - Text 'P' is set on object 'Object Repository/RecAndPlayBk/Page-Vlink-ACH-Void/input_Check Type'

2023-01-19 19:21:12 - [TEST_STEP][PASSED] - setText(findTestObject("Object Repository/RecAndPlayBk/Page-Vlink-ACH-Void/input_Standard Entry Class"), sec): Text 'WEB' is set on object 'Object Repository/RecAndPlayBk/Page-Vlink-ACH-Void/input_Standard Entry Class'

2023-01-19 19:21:13 - [MESSAGE][PASSED] - Text 'WEB' is set on object 'Object Repository/RecAndPlayBk/Page-Vlink-ACH-Void/input_Standard Entry Class'

2023-01-19 19:21:13 - [TEST_STEP][PASSED] - setText(findTestObject("Object Repository/RecAndPlayBk/Page-Vlink-ACH-Void/input_Transaction ID"), VLinkSaleTranxID): Text '2916643' is set on object 'Object Repository/RecAndPlayBk/Page-Vlink-ACH-Void/input_Transaction ID'

2023-01-19 19:21:14 - [MESSAGE][PASSED] - Text '2916643' is set on object 'Object Repository/RecAndPlayBk/Page-Vlink-ACH-Void/input_Transaction ID'

2023-01-19 19:21:14 - [TEST_STEP][PASSED] - setText(findTestObject("Object Repository/RecAndPlayBk/Page-Vlink-ACH-Void/input_Original Transaction Type"), "200"): Text '200' is set on object 'Object Repository/RecAndPlayBk/Page-Vlink-ACH-Void/input_Original Transaction Type'

2023-01-19 19:21:15 - [MESSAGE][PASSED] - Text '200' is set on object 'Object Repository/RecAndPlayBk/Page-Vlink-ACH-Void/input_Original Transaction Type'

2023-01-19 19:21:15 - [TEST_STEP][PASSED] - click(findTestObject("Object Repository/RecAndPlayBk/Page-Vlink-ACH-Void/input")): Object: 'Object Repository/RecAndPlayBk/Page-Vlink-ACH-Void/input' is clicked on

2023-01-19 19:21:16 - [MESSAGE][PASSED] - Object: 'Object Repository/RecAndPlayBk/Page-Vlink-ACH-Void/input' is clicked on

2023-01-19 19:21:16 - [TEST_STEP][PASSED] - if (verifyTextPresent("Transaction approved, no errors", true)): null

2023-01-19 19:21:16 - [MESSAGE][PASSED] - Text 'Transaction approved, no errors' is present on page  using regular expression

2023-01-19 19:21:16 - [TEST_STEP][PASSED] - println("Transaction Approved, no errors text is present on the Confirmation page"): null

2023-01-19 19:21:16 - [TEST_STEP][PASSED] - out.println("Pass Record Number: " + row): null

2023-01-19 19:21:16 - [TEST_STEP][PASSED] - resText = "Pass": null

2023-01-19 19:21:16 - [TEST_STEP][PASSED] - pages.WriteExcel.demoKey(resText, datText, resColumn, datCloumn, fileLoc, nameSheet, row): pages.WriteExcel.demoKey is PASSED

2023-01-19 19:21:16 - [MESSAGE][PASSED] - pages.WriteExcel.demoKey is PASSED

2023-01-19 19:21:16 - [TEST_STEP][PASSED] - ExecuteTC = findTestData(dataFile).getValue("Execute", row): null

2023-01-19 19:21:16 - [TEST_STEP][PASSED] - out.println("Value of Execute is : " + ExecuteTC): null

2023-01-19 19:21:16 - [TEST_STEP][PASSED] - switch (executionProfile): null

2023-01-19 19:21:16 - [TEST_STEP][PASSED] - case "DemoProfile":: null

2023-01-19 19:21:16 - [TEST_STEP][PASSED] - appID = findTestData(dataFile).getValue("AppIDDemo", row): null

2023-01-19 19:21:16 - [TEST_STEP][PASSED] - username = findTestData(dataFile).getValue("UsernameDemo", row): null

2023-01-19 19:21:16 - [TEST_STEP][PASSED] - password = findTestData(dataFile).getValue("PasswordDemo", row): null

2023-01-19 19:21:16 - [TEST_STEP][PASSED] - break: null

2023-01-19 19:21:16 - [TEST_STEP][PASSED] - if (ExecuteTC.equalsIgnoreCase("Y")): null

2023-01-19 19:21:16 - [TEST_STEP][PASSED] - out.println("Begin Record Number: " + row): null

2023-01-19 19:21:16 - [TEST_STEP][PASSED] - today = new java.util.Date(): null

2023-01-19 19:21:16 - [TEST_STEP][PASSED] - println(today): null

2023-01-19 19:21:16 - [TEST_STEP][PASSED] - datText = today: null

2023-01-19 19:21:16 - [TEST_STEP][PASSED] - checkType = findTestData(dataFile).getValue("CheckType", row): null

2023-01-19 19:21:17 - [TEST_STEP][PASSED] - acNumber = findTestData(dataFile).getValue("AcNumber", row): null

2023-01-19 19:21:17 - [TEST_STEP][PASSED] - company = findTestData(dataFile).getValue("Company", row): null

2023-01-19 19:21:17 - [TEST_STEP][PASSED] - acType = findTestData(dataFile).getValue("AcType", row): null

2023-01-19 19:21:17 - [TEST_STEP][PASSED] - rtn = findTestData(dataFile).getValue("RTN", row): null

2023-01-19 19:21:17 - [TEST_STEP][PASSED] - amount = findTestData(dataFile).getValue("Amount", row): null

2023-01-19 19:21:17 - [TEST_STEP][PASSED] - sec = findTestData(dataFile).getValue("SEC", row): null

2023-01-19 19:21:17 - [TEST_STEP][PASSED] - openBrowser(VLinkURL + "debit.html"): Browser is opened with url: 'https://dev-algorithm.govolution.com/vlinktest/demo/version_2_0/debit.html'

2023-01-19 19:21:17 - [MESSAGE][WARNING] - A browser is already opened. Closing browser and opening a new one

2023-01-19 19:21:18 - [MESSAGE][INFO] - Starting 'Chrome' driver

2023-01-19 19:21:18 - [MESSAGE][INFO] - User set preference: ['acceptInsecureCerts', 'true']

2023-01-19 19:21:18 - [MESSAGE][INFO] - Action delay is set to 0 milliseconds

2023-01-19 19:21:20 - [MESSAGE][PASSED] - Browser is opened with url: 'https://dev-algorithm.govolution.com/vlinktest/demo/version_2_0/debit.html'

2023-01-19 19:21:20 - [TEST_STEP][PASSED] - maximizeWindow(): Current window maximized

2023-01-19 19:21:20 - [MESSAGE][PASSED] - Current window maximized

2023-01-19 19:21:20 - [TEST_STEP][PASSED] - genRemID = RandomStringUtils.random(12, true, true): null

2023-01-19 19:21:20 - [TEST_STEP][PASSED] - setText(findTestObject("RecAndPlayBk/Page-Vlink-Debit/input_Remittance Id"), genRemID): Text '9LzKpMulZRbi' is set on object 'Object Repository/RecAndPlayBk/Page-Vlink-Debit/input_Remittance Id'

2023-01-19 19:21:20 - [MESSAGE][PASSED] - Text '9LzKpMulZRbi' is set on object 'Object Repository/RecAndPlayBk/Page-Vlink-Debit/input_Remittance Id'

2023-01-19 19:21:20 - [TEST_STEP][PASSED] - setText(findTestObject("RecAndPlayBk/Page-Vlink-Debit/input_Application Id"), appID): Text '1773' is set on object 'Object Repository/RecAndPlayBk/Page-Vlink-Debit/input_Application Id'

2023-01-19 19:21:21 - [MESSAGE][PASSED] - Text '1773' is set on object 'Object Repository/RecAndPlayBk/Page-Vlink-Debit/input_Application Id'

2023-01-19 19:21:21 - [TEST_STEP][PASSED] - setText(findTestObject("RecAndPlayBk/Page-Vlink-Debit/input_Username"), username): Text 'username' is set on object 'Object Repository/RecAndPlayBk/Page-Vlink-Debit/input_Username'

2023-01-19 19:21:22 - [MESSAGE][PASSED] - Text 'username' is set on object 'Object Repository/RecAndPlayBk/Page-Vlink-Debit/input_Username'

2023-01-19 19:21:22 - [TEST_STEP][PASSED] - setText(findTestObject("RecAndPlayBk/Page-Vlink-Debit/input_Password"), password): Text 'password' is set on object 'Object Repository/RecAndPlayBk/Page-Vlink-Debit/input_Password'

2023-01-19 19:21:23 - [MESSAGE][PASSED] - Text 'password' is set on object 'Object Repository/RecAndPlayBk/Page-Vlink-Debit/input_Password'

2023-01-19 19:21:23 - [TEST_STEP][PASSED] - setText(findTestObject("RecAndPlayBk/Page-Vlink-Debit/input_Check Type"), checkType): Text 'P' is set on object 'Object Repository/RecAndPlayBk/Page-Vlink-Debit/input_Check Type'

2023-01-19 19:21:24 - [MESSAGE][PASSED] - Text 'P' is set on object 'Object Repository/RecAndPlayBk/Page-Vlink-Debit/input_Check Type'

2023-01-19 19:21:24 - [TEST_STEP][PASSED] - setText(findTestObject("RecAndPlayBk/Page-Vlink-Debit/input_Account_check"), acNumber): Text '58963214' is set on object 'Object Repository/RecAndPlayBk/Page-Vlink-Debit/input_Account_check'

2023-01-19 19:21:25 - [MESSAGE][PASSED] - Text '58963214' is set on object 'Object Repository/RecAndPlayBk/Page-Vlink-Debit/input_Account_check'

2023-01-19 19:21:25 - [TEST_STEP][PASSED] - setText(findTestObject("RecAndPlayBk/Page-Vlink-Debit/input_Company_check"), company): Text '' is set on object 'Object Repository/RecAndPlayBk/Page-Vlink-Debit/input_Company_check'

2023-01-19 19:21:26 - [MESSAGE][PASSED] - Text '' is set on object 'Object Repository/RecAndPlayBk/Page-Vlink-Debit/input_Company_check'

2023-01-19 19:21:26 - [TEST_STEP][PASSED] - setText(findTestObject("RecAndPlayBk/Page-Vlink-Debit/input_Account Type"), acType): Text '1' is set on object 'Object Repository/RecAndPlayBk/Page-Vlink-Debit/input_Account Type'

2023-01-19 19:21:27 - [MESSAGE][PASSED] - Text '1' is set on object 'Object Repository/RecAndPlayBk/Page-Vlink-Debit/input_Account Type'

2023-01-19 19:21:27 - [TEST_STEP][PASSED] - setText(findTestObject("RecAndPlayBk/Page-Vlink-Debit/input_Routing Number"), rtn): Text '256072691' is set on object 'Object Repository/RecAndPlayBk/Page-Vlink-Debit/input_Routing Number'

2023-01-19 19:21:28 - [MESSAGE][PASSED] - Text '256072691' is set on object 'Object Repository/RecAndPlayBk/Page-Vlink-Debit/input_Routing Number'

2023-01-19 19:21:28 - [TEST_STEP][PASSED] - setText(findTestObject("RecAndPlayBk/Page-Vlink-Debit/input_Amount"), amount): Text '12.50' is set on object 'Object Repository/RecAndPlayBk/Page-Vlink-Debit/input_Amount'

2023-01-19 19:21:29 - [MESSAGE][PASSED] - Text '12.50' is set on object 'Object Repository/RecAndPlayBk/Page-Vlink-Debit/input_Amount'

2023-01-19 19:21:29 - [TEST_STEP][PASSED] - setText(findTestObject("RecAndPlayBk/Page-Vlink-Debit/input_Check Email"), ""): Text '' is set on object 'Object Repository/RecAndPlayBk/Page-Vlink-Debit/input_Check Email'

2023-01-19 19:21:29 - [MESSAGE][PASSED] - Text '' is set on object 'Object Repository/RecAndPlayBk/Page-Vlink-Debit/input_Check Email'

2023-01-19 19:21:29 - [TEST_STEP][PASSED] - setText(findTestObject("Object Repository/RecAndPlayBk/Page-Vlink-Debit/input_concat(CheckWriter, , s SSN)_check_ssn"), ""): Text '' is set on object 'Object Repository/RecAndPlayBk/Page-Vlink-Debit/input_concat(CheckWriter, , s SSN)_check_ssn'

2023-01-19 19:21:30 - [MESSAGE][PASSED] - Text '' is set on object 'Object Repository/RecAndPlayBk/Page-Vlink-Debit/input_concat(CheckWriter, , s SSN)_check_ssn'

2023-01-19 19:21:30 - [TEST_STEP][PASSED] - setText(findTestObject("Object Repository/RecAndPlayBk/Page-Vlink-Debit/input_concat(CheckWriter, , s License Numbe_020fef"), ""): Text '' is set on object 'Object Repository/RecAndPlayBk/Page-Vlink-Debit/input_concat(CheckWriter, , s License Numbe_020fef'

2023-01-19 19:21:31 - [MESSAGE][PASSED] - Text '' is set on object 'Object Repository/RecAndPlayBk/Page-Vlink-Debit/input_concat(CheckWriter, , s License Numbe_020fef'

2023-01-19 19:21:31 - [TEST_STEP][PASSED] - setText(findTestObject("Object Repository/RecAndPlayBk/Page-Vlink-Debit/input_concat(CheckWriter, , s License State_21e3e7"), ""): Text '' is set on object 'Object Repository/RecAndPlayBk/Page-Vlink-Debit/input_concat(CheckWriter, , s License State_21e3e7'

2023-01-19 19:21:32 - [MESSAGE][PASSED] - Text '' is set on object 'Object Repository/RecAndPlayBk/Page-Vlink-Debit/input_concat(CheckWriter, , s License State_21e3e7'

2023-01-19 19:21:32 - [TEST_STEP][PASSED] - setText(findTestObject("RecAndPlayBk/Page-Vlink-Debit/input_Standard Entry Class"), sec): Text 'TEL' is set on object 'Object Repository/RecAndPlayBk/Page-Vlink-Debit/input_Standard Entry Class'

2023-01-19 19:21:33 - [MESSAGE][PASSED] - Text 'TEL' is set on object 'Object Repository/RecAndPlayBk/Page-Vlink-Debit/input_Standard Entry Class'

2023-01-19 19:21:33 - [TEST_STEP][PASSED] - click(findTestObject("Object Repository/RecAndPlayBk/Page-Vlink-Debit/input")): Object: 'Object Repository/RecAndPlayBk/Page-Vlink-Debit/input' is clicked on

2023-01-19 19:21:34 - [MESSAGE][PASSED] - Object: 'Object Repository/RecAndPlayBk/Page-Vlink-Debit/input' is clicked on

2023-01-19 19:21:34 - [TEST_STEP][PASSED] - if (verifyTextPresent("Transaction approved, no errors", true)): null

2023-01-19 19:21:34 - [MESSAGE][PASSED] - Text 'Transaction approved, no errors' is present on page  using regular expression

2023-01-19 19:21:34 - [TEST_STEP][PASSED] - println("Transaction Approved, no errors text is present on the Confirmation page"): null

2023-01-19 19:21:34 - [TEST_STEP][PASSED] - sdfo = getText(findTestObject("Object Repository/Page_VLinkReceipt/pre_STX")): Text of object 'Object Repository/Page_VLinkReceipt/pre_STX' is: '<STX>9LzKpMulZRbi                  2916645             0  Transaction approved, no errors                   0                                                                                                              <ETX>'

2023-01-19 19:21:35 - [MESSAGE][PASSED] - Text of object 'Object Repository/Page_VLinkReceipt/pre_STX' is: '<STX>9LzKpMulZRbi                  2916645             0  Transaction approved, no errors                   0                                                                                                              <ETX>'

2023-01-19 19:21:35 - [TEST_STEP][PASSED] - out.println("sdfo: " + sdfo): null

2023-01-19 19:21:35 - [TEST_STEP][PASSED] - remID = substring(5, 35).trim(): null

2023-01-19 19:21:35 - [TEST_STEP][PASSED] - out.println("remID: " + remID): null

2023-01-19 19:21:35 - [TEST_STEP][PASSED] - traxID = substring(35, 55).trim(): null

2023-01-19 19:21:35 - [TEST_STEP][PASSED] - out.println("traxID: " + traxID): null

2023-01-19 19:21:35 - [TEST_STEP][PASSED] - VLinkSaleRemID = remID: null

2023-01-19 19:21:35 - [TEST_STEP][PASSED] - VLinkSaleTranxID = traxID: null

2023-01-19 19:21:35 - [TEST_STEP][PASSED] - openBrowser(VLinkURL + "ACH_void.html"): Browser is opened with url: 'https://dev-algorithm.govolution.com/vlinktest/demo/version_2_0/ACH_void.html'

2023-01-19 19:21:35 - [MESSAGE][WARNING] - A browser is already opened. Closing browser and opening a new one

2023-01-19 19:21:36 - [MESSAGE][INFO] - Starting 'Chrome' driver

2023-01-19 19:21:36 - [MESSAGE][INFO] - User set preference: ['acceptInsecureCerts', 'true']

2023-01-19 19:21:36 - [MESSAGE][INFO] - Action delay is set to 0 milliseconds

2023-01-19 19:21:37 - [MESSAGE][PASSED] - Browser is opened with url: 'https://dev-algorithm.govolution.com/vlinktest/demo/version_2_0/ACH_void.html'

2023-01-19 19:21:37 - [TEST_STEP][PASSED] - maximizeWindow(): Current window maximized

2023-01-19 19:21:37 - [MESSAGE][PASSED] - Current window maximized

2023-01-19 19:21:37 - [TEST_STEP][PASSED] - setText(findTestObject("Object Repository/RecAndPlayBk/Page-Vlink-ACH-Void/input_Remittance Id"), VLinkSaleRemID): Text '9LzKpMulZRbi' is set on object 'Object Repository/RecAndPlayBk/Page-Vlink-ACH-Void/input_Remittance Id'

2023-01-19 19:21:38 - [MESSAGE][PASSED] - Text '9LzKpMulZRbi' is set on object 'Object Repository/RecAndPlayBk/Page-Vlink-ACH-Void/input_Remittance Id'

2023-01-19 19:21:38 - [TEST_STEP][PASSED] - setText(findTestObject("Object Repository/RecAndPlayBk/Page-Vlink-ACH-Void/input_Application Id"), appID): Text '1773' is set on object 'Object Repository/RecAndPlayBk/Page-Vlink-ACH-Void/input_Application Id'

2023-01-19 19:21:39 - [MESSAGE][PASSED] - Text '1773' is set on object 'Object Repository/RecAndPlayBk/Page-Vlink-ACH-Void/input_Application Id'

2023-01-19 19:21:39 - [TEST_STEP][PASSED] - setText(findTestObject("Object Repository/RecAndPlayBk/Page-Vlink-ACH-Void/input_Username"), username): Text 'username' is set on object 'Object Repository/RecAndPlayBk/Page-Vlink-ACH-Void/input_Username'

2023-01-19 19:21:40 - [MESSAGE][PASSED] - Text 'username' is set on object 'Object Repository/RecAndPlayBk/Page-Vlink-ACH-Void/input_Username'

2023-01-19 19:21:40 - [TEST_STEP][PASSED] - setText(findTestObject("Object Repository/RecAndPlayBk/Page-Vlink-ACH-Void/input_Password"), password): Text 'password' is set on object 'Object Repository/RecAndPlayBk/Page-Vlink-ACH-Void/input_Password'

2023-01-19 19:21:41 - [MESSAGE][PASSED] - Text 'password' is set on object 'Object Repository/RecAndPlayBk/Page-Vlink-ACH-Void/input_Password'

2023-01-19 19:21:41 - [TEST_STEP][PASSED] - setText(findTestObject("Object Repository/RecAndPlayBk/Page-Vlink-ACH-Void/input_Check Type"), checkType): Text 'P' is set on object 'Object Repository/RecAndPlayBk/Page-Vlink-ACH-Void/input_Check Type'

2023-01-19 19:21:42 - [MESSAGE][PASSED] - Text 'P' is set on object 'Object Repository/RecAndPlayBk/Page-Vlink-ACH-Void/input_Check Type'

2023-01-19 19:21:42 - [TEST_STEP][PASSED] - setText(findTestObject("Object Repository/RecAndPlayBk/Page-Vlink-ACH-Void/input_Standard Entry Class"), sec): Text 'TEL' is set on object 'Object Repository/RecAndPlayBk/Page-Vlink-ACH-Void/input_Standard Entry Class'

2023-01-19 19:21:43 - [MESSAGE][PASSED] - Text 'TEL' is set on object 'Object Repository/RecAndPlayBk/Page-Vlink-ACH-Void/input_Standard Entry Class'

2023-01-19 19:21:43 - [TEST_STEP][PASSED] - setText(findTestObject("Object Repository/RecAndPlayBk/Page-Vlink-ACH-Void/input_Transaction ID"), VLinkSaleTranxID): Text '2916645' is set on object 'Object Repository/RecAndPlayBk/Page-Vlink-ACH-Void/input_Transaction ID'

2023-01-19 19:21:44 - [MESSAGE][PASSED] - Text '2916645' is set on object 'Object Repository/RecAndPlayBk/Page-Vlink-ACH-Void/input_Transaction ID'

2023-01-19 19:21:44 - [TEST_STEP][PASSED] - setText(findTestObject("Object Repository/RecAndPlayBk/Page-Vlink-ACH-Void/input_Original Transaction Type"), "200"): Text '200' is set on object 'Object Repository/RecAndPlayBk/Page-Vlink-ACH-Void/input_Original Transaction Type'

2023-01-19 19:21:45 - [MESSAGE][PASSED] - Text '200' is set on object 'Object Repository/RecAndPlayBk/Page-Vlink-ACH-Void/input_Original Transaction Type'

2023-01-19 19:21:45 - [TEST_STEP][PASSED] - click(findTestObject("Object Repository/RecAndPlayBk/Page-Vlink-ACH-Void/input")): Object: 'Object Repository/RecAndPlayBk/Page-Vlink-ACH-Void/input' is clicked on

2023-01-19 19:21:45 - [MESSAGE][PASSED] - Object: 'Object Repository/RecAndPlayBk/Page-Vlink-ACH-Void/input' is clicked on

2023-01-19 19:21:45 - [TEST_STEP][PASSED] - if (verifyTextPresent("Transaction approved, no errors", true)): null

2023-01-19 19:21:46 - [MESSAGE][PASSED] - Text 'Transaction approved, no errors' is present on page  using regular expression

2023-01-19 19:21:46 - [TEST_STEP][PASSED] - println("Transaction Approved, no errors text is present on the Confirmation page"): null

2023-01-19 19:21:46 - [TEST_STEP][PASSED] - out.println("Pass Record Number: " + row): null

2023-01-19 19:21:46 - [TEST_STEP][PASSED] - resText = "Pass": null

2023-01-19 19:21:46 - [TEST_STEP][PASSED] - pages.WriteExcel.demoKey(resText, datText, resColumn, datCloumn, fileLoc, nameSheet, row): pages.WriteExcel.demoKey is PASSED

2023-01-19 19:21:46 - [MESSAGE][PASSED] - pages.WriteExcel.demoKey is PASSED

2023-01-19 19:21:46 - [TEST_STEP][PASSED] - ExecuteTC = findTestData(dataFile).getValue("Execute", row): null

2023-01-19 19:21:46 - [TEST_STEP][PASSED] - out.println("Value of Execute is : " + ExecuteTC): null

2023-01-19 19:21:46 - [TEST_STEP][PASSED] - switch (executionProfile): null

2023-01-19 19:21:46 - [TEST_STEP][PASSED] - case "DemoProfile":: null

2023-01-19 19:21:46 - [TEST_STEP][PASSED] - appID = findTestData(dataFile).getValue("AppIDDemo", row): null

2023-01-19 19:21:46 - [TEST_STEP][PASSED] - username = findTestData(dataFile).getValue("UsernameDemo", row): null

2023-01-19 19:21:46 - [TEST_STEP][PASSED] - password = findTestData(dataFile).getValue("PasswordDemo", row): null

2023-01-19 19:21:46 - [TEST_STEP][PASSED] - break: null

2023-01-19 19:21:46 - [TEST_STEP][PASSED] - if (ExecuteTC.equalsIgnoreCase("Y")): null

2023-01-19 19:21:46 - [TEST_STEP][PASSED] - out.println("Begin Record Number: " + row): null

2023-01-19 19:21:46 - [TEST_STEP][PASSED] - today = new java.util.Date(): null

2023-01-19 19:21:46 - [TEST_STEP][PASSED] - println(today): null

2023-01-19 19:21:46 - [TEST_STEP][PASSED] - datText = today: null

2023-01-19 19:21:46 - [TEST_STEP][PASSED] - checkType = findTestData(dataFile).getValue("CheckType", row): null

2023-01-19 19:21:46 - [TEST_STEP][PASSED] - acNumber = findTestData(dataFile).getValue("AcNumber", row): null

2023-01-19 19:21:46 - [TEST_STEP][PASSED] - company = findTestData(dataFile).getValue("Company", row): null

2023-01-19 19:21:46 - [TEST_STEP][PASSED] - acType = findTestData(dataFile).getValue("AcType", row): null

2023-01-19 19:21:46 - [TEST_STEP][PASSED] - rtn = findTestData(dataFile).getValue("RTN", row): null

2023-01-19 19:21:46 - [TEST_STEP][PASSED] - amount = findTestData(dataFile).getValue("Amount", row): null

2023-01-19 19:21:46 - [TEST_STEP][PASSED] - sec = findTestData(dataFile).getValue("SEC", row): null

2023-01-19 19:21:47 - [TEST_STEP][PASSED] - openBrowser(VLinkURL + "debit.html"): Browser is opened with url: 'https://dev-algorithm.govolution.com/vlinktest/demo/version_2_0/debit.html'

2023-01-19 19:21:47 - [MESSAGE][WARNING] - A browser is already opened. Closing browser and opening a new one

2023-01-19 19:21:47 - [MESSAGE][INFO] - Starting 'Chrome' driver

2023-01-19 19:21:47 - [MESSAGE][INFO] - User set preference: ['acceptInsecureCerts', 'true']

2023-01-19 19:21:47 - [MESSAGE][INFO] - Action delay is set to 0 milliseconds

2023-01-19 19:21:49 - [MESSAGE][PASSED] - Browser is opened with url: 'https://dev-algorithm.govolution.com/vlinktest/demo/version_2_0/debit.html'

2023-01-19 19:21:49 - [TEST_STEP][PASSED] - maximizeWindow(): Current window maximized

2023-01-19 19:21:49 - [MESSAGE][PASSED] - Current window maximized

2023-01-19 19:21:49 - [TEST_STEP][PASSED] - genRemID = RandomStringUtils.random(12, true, true): null

2023-01-19 19:21:49 - [TEST_STEP][PASSED] - setText(findTestObject("RecAndPlayBk/Page-Vlink-Debit/input_Remittance Id"), genRemID): Text '0RwGRRD7oU2Y' is set on object 'Object Repository/RecAndPlayBk/Page-Vlink-Debit/input_Remittance Id'

2023-01-19 19:21:50 - [MESSAGE][PASSED] - Text '0RwGRRD7oU2Y' is set on object 'Object Repository/RecAndPlayBk/Page-Vlink-Debit/input_Remittance Id'

2023-01-19 19:21:50 - [TEST_STEP][PASSED] - setText(findTestObject("RecAndPlayBk/Page-Vlink-Debit/input_Application Id"), appID): Text '1773' is set on object 'Object Repository/RecAndPlayBk/Page-Vlink-Debit/input_Application Id'

2023-01-19 19:21:51 - [MESSAGE][PASSED] - Text '1773' is set on object 'Object Repository/RecAndPlayBk/Page-Vlink-Debit/input_Application Id'

2023-01-19 19:21:51 - [TEST_STEP][PASSED] - setText(findTestObject("RecAndPlayBk/Page-Vlink-Debit/input_Username"), username): Text 'username' is set on object 'Object Repository/RecAndPlayBk/Page-Vlink-Debit/input_Username'

2023-01-19 19:21:52 - [MESSAGE][PASSED] - Text 'username' is set on object 'Object Repository/RecAndPlayBk/Page-Vlink-Debit/input_Username'

2023-01-19 19:21:52 - [TEST_STEP][PASSED] - setText(findTestObject("RecAndPlayBk/Page-Vlink-Debit/input_Password"), password): Text 'password' is set on object 'Object Repository/RecAndPlayBk/Page-Vlink-Debit/input_Password'

2023-01-19 19:21:53 - [MESSAGE][PASSED] - Text 'password' is set on object 'Object Repository/RecAndPlayBk/Page-Vlink-Debit/input_Password'

2023-01-19 19:21:53 - [TEST_STEP][PASSED] - setText(findTestObject("RecAndPlayBk/Page-Vlink-Debit/input_Check Type"), checkType): Text 'P' is set on object 'Object Repository/RecAndPlayBk/Page-Vlink-Debit/input_Check Type'

2023-01-19 19:21:54 - [MESSAGE][PASSED] - Text 'P' is set on object 'Object Repository/RecAndPlayBk/Page-Vlink-Debit/input_Check Type'

2023-01-19 19:21:54 - [TEST_STEP][PASSED] - setText(findTestObject("RecAndPlayBk/Page-Vlink-Debit/input_Account_check"), acNumber): Text '58963214' is set on object 'Object Repository/RecAndPlayBk/Page-Vlink-Debit/input_Account_check'

2023-01-19 19:21:55 - [MESSAGE][PASSED] - Text '58963214' is set on object 'Object Repository/RecAndPlayBk/Page-Vlink-Debit/input_Account_check'

2023-01-19 19:21:55 - [TEST_STEP][PASSED] - setText(findTestObject("RecAndPlayBk/Page-Vlink-Debit/input_Company_check"), company): Text '' is set on object 'Object Repository/RecAndPlayBk/Page-Vlink-Debit/input_Company_check'

2023-01-19 19:21:56 - [MESSAGE][PASSED] - Text '' is set on object 'Object Repository/RecAndPlayBk/Page-Vlink-Debit/input_Company_check'

2023-01-19 19:21:56 - [TEST_STEP][PASSED] - setText(findTestObject("RecAndPlayBk/Page-Vlink-Debit/input_Account Type"), acType): Text '1' is set on object 'Object Repository/RecAndPlayBk/Page-Vlink-Debit/input_Account Type'

2023-01-19 19:21:57 - [MESSAGE][PASSED] - Text '1' is set on object 'Object Repository/RecAndPlayBk/Page-Vlink-Debit/input_Account Type'

2023-01-19 19:21:57 - [TEST_STEP][PASSED] - setText(findTestObject("RecAndPlayBk/Page-Vlink-Debit/input_Routing Number"), rtn): Text '256072691' is set on object 'Object Repository/RecAndPlayBk/Page-Vlink-Debit/input_Routing Number'

2023-01-19 19:21:58 - [MESSAGE][PASSED] - Text '256072691' is set on object 'Object Repository/RecAndPlayBk/Page-Vlink-Debit/input_Routing Number'

2023-01-19 19:21:58 - [TEST_STEP][PASSED] - setText(findTestObject("RecAndPlayBk/Page-Vlink-Debit/input_Amount"), amount): Text '12.50' is set on object 'Object Repository/RecAndPlayBk/Page-Vlink-Debit/input_Amount'

2023-01-19 19:21:58 - [MESSAGE][PASSED] - Text '12.50' is set on object 'Object Repository/RecAndPlayBk/Page-Vlink-Debit/input_Amount'

2023-01-19 19:21:58 - [TEST_STEP][PASSED] - setText(findTestObject("RecAndPlayBk/Page-Vlink-Debit/input_Check Email"), ""): Text '' is set on object 'Object Repository/RecAndPlayBk/Page-Vlink-Debit/input_Check Email'

2023-01-19 19:21:59 - [MESSAGE][PASSED] - Text '' is set on object 'Object Repository/RecAndPlayBk/Page-Vlink-Debit/input_Check Email'

2023-01-19 19:21:59 - [TEST_STEP][PASSED] - setText(findTestObject("Object Repository/RecAndPlayBk/Page-Vlink-Debit/input_concat(CheckWriter, , s SSN)_check_ssn"), ""): Text '' is set on object 'Object Repository/RecAndPlayBk/Page-Vlink-Debit/input_concat(CheckWriter, , s SSN)_check_ssn'

2023-01-19 19:22:00 - [MESSAGE][PASSED] - Text '' is set on object 'Object Repository/RecAndPlayBk/Page-Vlink-Debit/input_concat(CheckWriter, , s SSN)_check_ssn'

2023-01-19 19:22:00 - [TEST_STEP][PASSED] - setText(findTestObject("Object Repository/RecAndPlayBk/Page-Vlink-Debit/input_concat(CheckWriter, , s License Numbe_020fef"), ""): Text '' is set on object 'Object Repository/RecAndPlayBk/Page-Vlink-Debit/input_concat(CheckWriter, , s License Numbe_020fef'

2023-01-19 19:22:01 - [MESSAGE][PASSED] - Text '' is set on object 'Object Repository/RecAndPlayBk/Page-Vlink-Debit/input_concat(CheckWriter, , s License Numbe_020fef'

2023-01-19 19:22:01 - [TEST_STEP][PASSED] - setText(findTestObject("Object Repository/RecAndPlayBk/Page-Vlink-Debit/input_concat(CheckWriter, , s License State_21e3e7"), ""): Text '' is set on object 'Object Repository/RecAndPlayBk/Page-Vlink-Debit/input_concat(CheckWriter, , s License State_21e3e7'

2023-01-19 19:22:01 - [MESSAGE][PASSED] - Text '' is set on object 'Object Repository/RecAndPlayBk/Page-Vlink-Debit/input_concat(CheckWriter, , s License State_21e3e7'

2023-01-19 19:22:01 - [TEST_STEP][PASSED] - setText(findTestObject("RecAndPlayBk/Page-Vlink-Debit/input_Standard Entry Class"), sec): Text 'PPD' is set on object 'Object Repository/RecAndPlayBk/Page-Vlink-Debit/input_Standard Entry Class'

2023-01-19 19:22:02 - [MESSAGE][PASSED] - Text 'PPD' is set on object 'Object Repository/RecAndPlayBk/Page-Vlink-Debit/input_Standard Entry Class'

2023-01-19 19:22:02 - [TEST_STEP][PASSED] - click(findTestObject("Object Repository/RecAndPlayBk/Page-Vlink-Debit/input")): Object: 'Object Repository/RecAndPlayBk/Page-Vlink-Debit/input' is clicked on

2023-01-19 19:22:03 - [MESSAGE][PASSED] - Object: 'Object Repository/RecAndPlayBk/Page-Vlink-Debit/input' is clicked on

2023-01-19 19:22:03 - [TEST_STEP][PASSED] - if (verifyTextPresent("Transaction approved, no errors", true)): null

2023-01-19 19:22:04 - [MESSAGE][PASSED] - Text 'Transaction approved, no errors' is present on page  using regular expression

2023-01-19 19:22:04 - [TEST_STEP][PASSED] - println("Transaction Approved, no errors text is present on the Confirmation page"): null

2023-01-19 19:22:04 - [TEST_STEP][PASSED] - sdfo = getText(findTestObject("Object Repository/Page_VLinkReceipt/pre_STX")): Text of object 'Object Repository/Page_VLinkReceipt/pre_STX' is: '<STX>0RwGRRD7oU2Y                  2916647             0  Transaction approved, no errors                   0                                                                                                              <ETX>'

2023-01-19 19:22:04 - [MESSAGE][PASSED] - Text of object 'Object Repository/Page_VLinkReceipt/pre_STX' is: '<STX>0RwGRRD7oU2Y                  2916647             0  Transaction approved, no errors                   0                                                                                                              <ETX>'

2023-01-19 19:22:04 - [TEST_STEP][PASSED] - out.println("sdfo: " + sdfo): null

2023-01-19 19:22:04 - [TEST_STEP][PASSED] - remID = substring(5, 35).trim(): null

2023-01-19 19:22:04 - [TEST_STEP][PASSED] - out.println("remID: " + remID): null

2023-01-19 19:22:04 - [TEST_STEP][PASSED] - traxID = substring(35, 55).trim(): null

2023-01-19 19:22:04 - [TEST_STEP][PASSED] - out.println("traxID: " + traxID): null

2023-01-19 19:22:04 - [TEST_STEP][PASSED] - VLinkSaleRemID = remID: null

2023-01-19 19:22:04 - [TEST_STEP][PASSED] - VLinkSaleTranxID = traxID: null

2023-01-19 19:22:04 - [TEST_STEP][PASSED] - openBrowser(VLinkURL + "ACH_void.html"): Browser is opened with url: 'https://dev-algorithm.govolution.com/vlinktest/demo/version_2_0/ACH_void.html'

2023-01-19 19:22:04 - [MESSAGE][WARNING] - A browser is already opened. Closing browser and opening a new one

2023-01-19 19:22:05 - [MESSAGE][INFO] - Starting 'Chrome' driver

2023-01-19 19:22:05 - [MESSAGE][INFO] - User set preference: ['acceptInsecureCerts', 'true']

2023-01-19 19:22:05 - [MESSAGE][INFO] - Action delay is set to 0 milliseconds

2023-01-19 19:22:07 - [MESSAGE][PASSED] - Browser is opened with url: 'https://dev-algorithm.govolution.com/vlinktest/demo/version_2_0/ACH_void.html'

2023-01-19 19:22:07 - [TEST_STEP][PASSED] - maximizeWindow(): Current window maximized

2023-01-19 19:22:07 - [MESSAGE][PASSED] - Current window maximized

2023-01-19 19:22:07 - [TEST_STEP][PASSED] - setText(findTestObject("Object Repository/RecAndPlayBk/Page-Vlink-ACH-Void/input_Remittance Id"), VLinkSaleRemID): Text '0RwGRRD7oU2Y' is set on object 'Object Repository/RecAndPlayBk/Page-Vlink-ACH-Void/input_Remittance Id'

2023-01-19 19:22:08 - [MESSAGE][PASSED] - Text '0RwGRRD7oU2Y' is set on object 'Object Repository/RecAndPlayBk/Page-Vlink-ACH-Void/input_Remittance Id'

2023-01-19 19:22:08 - [TEST_STEP][PASSED] - setText(findTestObject("Object Repository/RecAndPlayBk/Page-Vlink-ACH-Void/input_Application Id"), appID): Text '1773' is set on object 'Object Repository/RecAndPlayBk/Page-Vlink-ACH-Void/input_Application Id'

2023-01-19 19:22:09 - [MESSAGE][PASSED] - Text '1773' is set on object 'Object Repository/RecAndPlayBk/Page-Vlink-ACH-Void/input_Application Id'

2023-01-19 19:22:09 - [TEST_STEP][PASSED] - setText(findTestObject("Object Repository/RecAndPlayBk/Page-Vlink-ACH-Void/input_Username"), username): Text 'username' is set on object 'Object Repository/RecAndPlayBk/Page-Vlink-ACH-Void/input_Username'

2023-01-19 19:22:09 - [MESSAGE][PASSED] - Text 'username' is set on object 'Object Repository/RecAndPlayBk/Page-Vlink-ACH-Void/input_Username'

2023-01-19 19:22:09 - [TEST_STEP][PASSED] - setText(findTestObject("Object Repository/RecAndPlayBk/Page-Vlink-ACH-Void/input_Password"), password): Text 'password' is set on object 'Object Repository/RecAndPlayBk/Page-Vlink-ACH-Void/input_Password'

2023-01-19 19:22:10 - [MESSAGE][PASSED] - Text 'password' is set on object 'Object Repository/RecAndPlayBk/Page-Vlink-ACH-Void/input_Password'

2023-01-19 19:22:10 - [TEST_STEP][PASSED] - setText(findTestObject("Object Repository/RecAndPlayBk/Page-Vlink-ACH-Void/input_Check Type"), checkType): Text 'P' is set on object 'Object Repository/RecAndPlayBk/Page-Vlink-ACH-Void/input_Check Type'

2023-01-19 19:22:11 - [MESSAGE][PASSED] - Text 'P' is set on object 'Object Repository/RecAndPlayBk/Page-Vlink-ACH-Void/input_Check Type'

2023-01-19 19:22:11 - [TEST_STEP][PASSED] - setText(findTestObject("Object Repository/RecAndPlayBk/Page-Vlink-ACH-Void/input_Standard Entry Class"), sec): Text 'PPD' is set on object 'Object Repository/RecAndPlayBk/Page-Vlink-ACH-Void/input_Standard Entry Class'

2023-01-19 19:22:12 - [MESSAGE][PASSED] - Text 'PPD' is set on object 'Object Repository/RecAndPlayBk/Page-Vlink-ACH-Void/input_Standard Entry Class'

2023-01-19 19:22:12 - [TEST_STEP][PASSED] - setText(findTestObject("Object Repository/RecAndPlayBk/Page-Vlink-ACH-Void/input_Transaction ID"), VLinkSaleTranxID): Text '2916647' is set on object 'Object Repository/RecAndPlayBk/Page-Vlink-ACH-Void/input_Transaction ID'

2023-01-19 19:22:13 - [MESSAGE][PASSED] - Text '2916647' is set on object 'Object Repository/RecAndPlayBk/Page-Vlink-ACH-Void/input_Transaction ID'

2023-01-19 19:22:13 - [TEST_STEP][PASSED] - setText(findTestObject("Object Repository/RecAndPlayBk/Page-Vlink-ACH-Void/input_Original Transaction Type"), "200"): Text '200' is set on object 'Object Repository/RecAndPlayBk/Page-Vlink-ACH-Void/input_Original Transaction Type'

2023-01-19 19:22:14 - [MESSAGE][PASSED] - Text '200' is set on object 'Object Repository/RecAndPlayBk/Page-Vlink-ACH-Void/input_Original Transaction Type'

2023-01-19 19:22:14 - [TEST_STEP][PASSED] - click(findTestObject("Object Repository/RecAndPlayBk/Page-Vlink-ACH-Void/input")): Object: 'Object Repository/RecAndPlayBk/Page-Vlink-ACH-Void/input' is clicked on

2023-01-19 19:22:15 - [MESSAGE][PASSED] - Object: 'Object Repository/RecAndPlayBk/Page-Vlink-ACH-Void/input' is clicked on

2023-01-19 19:22:15 - [TEST_STEP][PASSED] - if (verifyTextPresent("Transaction approved, no errors", true)): null

2023-01-19 19:22:15 - [MESSAGE][PASSED] - Text 'Transaction approved, no errors' is present on page  using regular expression

2023-01-19 19:22:15 - [TEST_STEP][PASSED] - println("Transaction Approved, no errors text is present on the Confirmation page"): null

2023-01-19 19:22:15 - [TEST_STEP][PASSED] - out.println("Pass Record Number: " + row): null

2023-01-19 19:22:15 - [TEST_STEP][PASSED] - resText = "Pass": null

2023-01-19 19:22:15 - [TEST_STEP][PASSED] - pages.WriteExcel.demoKey(resText, datText, resColumn, datCloumn, fileLoc, nameSheet, row): pages.WriteExcel.demoKey is PASSED

2023-01-19 19:22:15 - [MESSAGE][PASSED] - pages.WriteExcel.demoKey is PASSED

2023-01-19 19:22:15 - [TEST_STEP][PASSED] - ExecuteTC = findTestData(dataFile).getValue("Execute", row): null

2023-01-19 19:22:15 - [TEST_STEP][PASSED] - out.println("Value of Execute is : " + ExecuteTC): null

2023-01-19 19:22:15 - [TEST_STEP][PASSED] - switch (executionProfile): null

2023-01-19 19:22:15 - [TEST_STEP][PASSED] - case "DemoProfile":: null

2023-01-19 19:22:15 - [TEST_STEP][PASSED] - appID = findTestData(dataFile).getValue("AppIDDemo", row): null

2023-01-19 19:22:15 - [TEST_STEP][PASSED] - username = findTestData(dataFile).getValue("UsernameDemo", row): null

2023-01-19 19:22:15 - [TEST_STEP][PASSED] - password = findTestData(dataFile).getValue("PasswordDemo", row): null

2023-01-19 19:22:15 - [TEST_STEP][PASSED] - break: null

2023-01-19 19:22:15 - [TEST_STEP][PASSED] - if (ExecuteTC.equalsIgnoreCase("Y")): null

2023-01-19 19:22:15 - [TEST_STEP][PASSED] - out.println("Begin Record Number: " + row): null

2023-01-19 19:22:15 - [TEST_STEP][PASSED] - today = new java.util.Date(): null

2023-01-19 19:22:15 - [TEST_STEP][PASSED] - println(today): null

2023-01-19 19:22:15 - [TEST_STEP][PASSED] - datText = today: null

2023-01-19 19:22:15 - [TEST_STEP][PASSED] - checkType = findTestData(dataFile).getValue("CheckType", row): null

2023-01-19 19:22:15 - [TEST_STEP][PASSED] - acNumber = findTestData(dataFile).getValue("AcNumber", row): null

2023-01-19 19:22:15 - [TEST_STEP][PASSED] - company = findTestData(dataFile).getValue("Company", row): null

2023-01-19 19:22:15 - [TEST_STEP][PASSED] - acType = findTestData(dataFile).getValue("AcType", row): null

2023-01-19 19:22:15 - [TEST_STEP][PASSED] - rtn = findTestData(dataFile).getValue("RTN", row): null

2023-01-19 19:22:16 - [TEST_STEP][PASSED] - amount = findTestData(dataFile).getValue("Amount", row): null

2023-01-19 19:22:16 - [TEST_STEP][PASSED] - sec = findTestData(dataFile).getValue("SEC", row): null

2023-01-19 19:22:16 - [TEST_STEP][PASSED] - openBrowser(VLinkURL + "debit.html"): Browser is opened with url: 'https://dev-algorithm.govolution.com/vlinktest/demo/version_2_0/debit.html'

2023-01-19 19:22:16 - [MESSAGE][WARNING] - A browser is already opened. Closing browser and opening a new one

2023-01-19 19:22:17 - [MESSAGE][INFO] - Starting 'Chrome' driver

2023-01-19 19:22:17 - [MESSAGE][INFO] - User set preference: ['acceptInsecureCerts', 'true']

2023-01-19 19:22:17 - [MESSAGE][INFO] - Action delay is set to 0 milliseconds

2023-01-19 19:22:18 - [MESSAGE][PASSED] - Browser is opened with url: 'https://dev-algorithm.govolution.com/vlinktest/demo/version_2_0/debit.html'

2023-01-19 19:22:18 - [TEST_STEP][PASSED] - maximizeWindow(): Current window maximized

2023-01-19 19:22:18 - [MESSAGE][PASSED] - Current window maximized

2023-01-19 19:22:18 - [TEST_STEP][PASSED] - genRemID = RandomStringUtils.random(12, true, true): null

2023-01-19 19:22:18 - [TEST_STEP][PASSED] - setText(findTestObject("RecAndPlayBk/Page-Vlink-Debit/input_Remittance Id"), genRemID): Text 'XoJ9mG9iRTgM' is set on object 'Object Repository/RecAndPlayBk/Page-Vlink-Debit/input_Remittance Id'

2023-01-19 19:22:19 - [MESSAGE][PASSED] - Text 'XoJ9mG9iRTgM' is set on object 'Object Repository/RecAndPlayBk/Page-Vlink-Debit/input_Remittance Id'

2023-01-19 19:22:19 - [TEST_STEP][PASSED] - setText(findTestObject("RecAndPlayBk/Page-Vlink-Debit/input_Application Id"), appID): Text '1773' is set on object 'Object Repository/RecAndPlayBk/Page-Vlink-Debit/input_Application Id'

2023-01-19 19:22:20 - [MESSAGE][PASSED] - Text '1773' is set on object 'Object Repository/RecAndPlayBk/Page-Vlink-Debit/input_Application Id'

2023-01-19 19:22:20 - [TEST_STEP][PASSED] - setText(findTestObject("RecAndPlayBk/Page-Vlink-Debit/input_Username"), username): Text 'username' is set on object 'Object Repository/RecAndPlayBk/Page-Vlink-Debit/input_Username'

2023-01-19 19:22:21 - [MESSAGE][PASSED] - Text 'username' is set on object 'Object Repository/RecAndPlayBk/Page-Vlink-Debit/input_Username'

2023-01-19 19:22:21 - [TEST_STEP][PASSED] - setText(findTestObject("RecAndPlayBk/Page-Vlink-Debit/input_Password"), password): Text 'password' is set on object 'Object Repository/RecAndPlayBk/Page-Vlink-Debit/input_Password'

2023-01-19 19:22:22 - [MESSAGE][PASSED] - Text 'password' is set on object 'Object Repository/RecAndPlayBk/Page-Vlink-Debit/input_Password'

2023-01-19 19:22:22 - [TEST_STEP][PASSED] - setText(findTestObject("RecAndPlayBk/Page-Vlink-Debit/input_Check Type"), checkType): Text 'P' is set on object 'Object Repository/RecAndPlayBk/Page-Vlink-Debit/input_Check Type'

2023-01-19 19:22:23 - [MESSAGE][PASSED] - Text 'P' is set on object 'Object Repository/RecAndPlayBk/Page-Vlink-Debit/input_Check Type'

2023-01-19 19:22:23 - [TEST_STEP][PASSED] - setText(findTestObject("RecAndPlayBk/Page-Vlink-Debit/input_Account_check"), acNumber): Text '58963214' is set on object 'Object Repository/RecAndPlayBk/Page-Vlink-Debit/input_Account_check'

2023-01-19 19:22:24 - [MESSAGE][PASSED] - Text '58963214' is set on object 'Object Repository/RecAndPlayBk/Page-Vlink-Debit/input_Account_check'

2023-01-19 19:22:24 - [TEST_STEP][PASSED] - setText(findTestObject("RecAndPlayBk/Page-Vlink-Debit/input_Company_check"), company): Text '' is set on object 'Object Repository/RecAndPlayBk/Page-Vlink-Debit/input_Company_check'

2023-01-19 19:22:25 - [MESSAGE][PASSED] - Text '' is set on object 'Object Repository/RecAndPlayBk/Page-Vlink-Debit/input_Company_check'

2023-01-19 19:22:25 - [TEST_STEP][PASSED] - setText(findTestObject("RecAndPlayBk/Page-Vlink-Debit/input_Account Type"), acType): Text '2' is set on object 'Object Repository/RecAndPlayBk/Page-Vlink-Debit/input_Account Type'

2023-01-19 19:22:25 - [MESSAGE][PASSED] - Text '2' is set on object 'Object Repository/RecAndPlayBk/Page-Vlink-Debit/input_Account Type'

2023-01-19 19:22:25 - [TEST_STEP][PASSED] - setText(findTestObject("RecAndPlayBk/Page-Vlink-Debit/input_Routing Number"), rtn): Text '256072691' is set on object 'Object Repository/RecAndPlayBk/Page-Vlink-Debit/input_Routing Number'

2023-01-19 19:22:26 - [MESSAGE][PASSED] - Text '256072691' is set on object 'Object Repository/RecAndPlayBk/Page-Vlink-Debit/input_Routing Number'

2023-01-19 19:22:26 - [TEST_STEP][PASSED] - setText(findTestObject("RecAndPlayBk/Page-Vlink-Debit/input_Amount"), amount): Text '12.50' is set on object 'Object Repository/RecAndPlayBk/Page-Vlink-Debit/input_Amount'

2023-01-19 19:22:27 - [MESSAGE][PASSED] - Text '12.50' is set on object 'Object Repository/RecAndPlayBk/Page-Vlink-Debit/input_Amount'

2023-01-19 19:22:27 - [TEST_STEP][PASSED] - setText(findTestObject("RecAndPlayBk/Page-Vlink-Debit/input_Check Email"), ""): Text '' is set on object 'Object Repository/RecAndPlayBk/Page-Vlink-Debit/input_Check Email'

2023-01-19 19:22:28 - [MESSAGE][PASSED] - Text '' is set on object 'Object Repository/RecAndPlayBk/Page-Vlink-Debit/input_Check Email'

2023-01-19 19:22:28 - [TEST_STEP][PASSED] - setText(findTestObject("Object Repository/RecAndPlayBk/Page-Vlink-Debit/input_concat(CheckWriter, , s SSN)_check_ssn"), ""): Text '' is set on object 'Object Repository/RecAndPlayBk/Page-Vlink-Debit/input_concat(CheckWriter, , s SSN)_check_ssn'

2023-01-19 19:22:29 - [MESSAGE][PASSED] - Text '' is set on object 'Object Repository/RecAndPlayBk/Page-Vlink-Debit/input_concat(CheckWriter, , s SSN)_check_ssn'

2023-01-19 19:22:29 - [TEST_STEP][PASSED] - setText(findTestObject("Object Repository/RecAndPlayBk/Page-Vlink-Debit/input_concat(CheckWriter, , s License Numbe_020fef"), ""): Text '' is set on object 'Object Repository/RecAndPlayBk/Page-Vlink-Debit/input_concat(CheckWriter, , s License Numbe_020fef'

2023-01-19 19:22:30 - [MESSAGE][PASSED] - Text '' is set on object 'Object Repository/RecAndPlayBk/Page-Vlink-Debit/input_concat(CheckWriter, , s License Numbe_020fef'

2023-01-19 19:22:30 - [TEST_STEP][PASSED] - setText(findTestObject("Object Repository/RecAndPlayBk/Page-Vlink-Debit/input_concat(CheckWriter, , s License State_21e3e7"), ""): Text '' is set on object 'Object Repository/RecAndPlayBk/Page-Vlink-Debit/input_concat(CheckWriter, , s License State_21e3e7'

2023-01-19 19:22:30 - [MESSAGE][PASSED] - Text '' is set on object 'Object Repository/RecAndPlayBk/Page-Vlink-Debit/input_concat(CheckWriter, , s License State_21e3e7'

2023-01-19 19:22:30 - [TEST_STEP][PASSED] - setText(findTestObject("RecAndPlayBk/Page-Vlink-Debit/input_Standard Entry Class"), sec): Text 'WEB' is set on object 'Object Repository/RecAndPlayBk/Page-Vlink-Debit/input_Standard Entry Class'

2023-01-19 19:22:31 - [MESSAGE][PASSED] - Text 'WEB' is set on object 'Object Repository/RecAndPlayBk/Page-Vlink-Debit/input_Standard Entry Class'

2023-01-19 19:22:31 - [TEST_STEP][PASSED] - click(findTestObject("Object Repository/RecAndPlayBk/Page-Vlink-Debit/input")): Object: 'Object Repository/RecAndPlayBk/Page-Vlink-Debit/input' is clicked on

2023-01-19 19:22:32 - [MESSAGE][PASSED] - Object: 'Object Repository/RecAndPlayBk/Page-Vlink-Debit/input' is clicked on

2023-01-19 19:22:32 - [TEST_STEP][PASSED] - if (verifyTextPresent("Transaction approved, no errors", true)): null

2023-01-19 19:22:33 - [MESSAGE][PASSED] - Text 'Transaction approved, no errors' is present on page  using regular expression

2023-01-19 19:22:33 - [TEST_STEP][PASSED] - println("Transaction Approved, no errors text is present on the Confirmation page"): null

2023-01-19 19:22:33 - [TEST_STEP][PASSED] - sdfo = getText(findTestObject("Object Repository/Page_VLinkReceipt/pre_STX")): Text of object 'Object Repository/Page_VLinkReceipt/pre_STX' is: '<STX>XoJ9mG9iRTgM                  2916649             0  Transaction approved, no errors                   0                                                                                                              <ETX>'

2023-01-19 19:22:33 - [MESSAGE][PASSED] - Text of object 'Object Repository/Page_VLinkReceipt/pre_STX' is: '<STX>XoJ9mG9iRTgM                  2916649             0  Transaction approved, no errors                   0                                                                                                              <ETX>'

2023-01-19 19:22:33 - [TEST_STEP][PASSED] - out.println("sdfo: " + sdfo): null

2023-01-19 19:22:33 - [TEST_STEP][PASSED] - remID = substring(5, 35).trim(): null

2023-01-19 19:22:33 - [TEST_STEP][PASSED] - out.println("remID: " + remID): null

2023-01-19 19:22:33 - [TEST_STEP][PASSED] - traxID = substring(35, 55).trim(): null

2023-01-19 19:22:33 - [TEST_STEP][PASSED] - out.println("traxID: " + traxID): null

2023-01-19 19:22:33 - [TEST_STEP][PASSED] - VLinkSaleRemID = remID: null

2023-01-19 19:22:33 - [TEST_STEP][PASSED] - VLinkSaleTranxID = traxID: null

2023-01-19 19:22:33 - [TEST_STEP][PASSED] - openBrowser(VLinkURL + "ACH_void.html"): Browser is opened with url: 'https://dev-algorithm.govolution.com/vlinktest/demo/version_2_0/ACH_void.html'

2023-01-19 19:22:33 - [MESSAGE][WARNING] - A browser is already opened. Closing browser and opening a new one

2023-01-19 19:22:34 - [MESSAGE][INFO] - Starting 'Chrome' driver

2023-01-19 19:22:34 - [MESSAGE][INFO] - User set preference: ['acceptInsecureCerts', 'true']

2023-01-19 19:22:34 - [MESSAGE][INFO] - Action delay is set to 0 milliseconds

2023-01-19 19:22:36 - [MESSAGE][PASSED] - Browser is opened with url: 'https://dev-algorithm.govolution.com/vlinktest/demo/version_2_0/ACH_void.html'

2023-01-19 19:22:36 - [TEST_STEP][PASSED] - maximizeWindow(): Current window maximized

2023-01-19 19:22:36 - [MESSAGE][PASSED] - Current window maximized

2023-01-19 19:22:36 - [TEST_STEP][PASSED] - setText(findTestObject("Object Repository/RecAndPlayBk/Page-Vlink-ACH-Void/input_Remittance Id"), VLinkSaleRemID): Text 'XoJ9mG9iRTgM' is set on object 'Object Repository/RecAndPlayBk/Page-Vlink-ACH-Void/input_Remittance Id'

2023-01-19 19:22:37 - [MESSAGE][PASSED] - Text 'XoJ9mG9iRTgM' is set on object 'Object Repository/RecAndPlayBk/Page-Vlink-ACH-Void/input_Remittance Id'

2023-01-19 19:22:37 - [TEST_STEP][PASSED] - setText(findTestObject("Object Repository/RecAndPlayBk/Page-Vlink-ACH-Void/input_Application Id"), appID): Text '1773' is set on object 'Object Repository/RecAndPlayBk/Page-Vlink-ACH-Void/input_Application Id'

2023-01-19 19:22:38 - [MESSAGE][PASSED] - Text '1773' is set on object 'Object Repository/RecAndPlayBk/Page-Vlink-ACH-Void/input_Application Id'

2023-01-19 19:22:38 - [TEST_STEP][PASSED] - setText(findTestObject("Object Repository/RecAndPlayBk/Page-Vlink-ACH-Void/input_Username"), username): Text 'username' is set on object 'Object Repository/RecAndPlayBk/Page-Vlink-ACH-Void/input_Username'

2023-01-19 19:22:39 - [MESSAGE][PASSED] - Text 'username' is set on object 'Object Repository/RecAndPlayBk/Page-Vlink-ACH-Void/input_Username'

2023-01-19 19:22:39 - [TEST_STEP][PASSED] - setText(findTestObject("Object Repository/RecAndPlayBk/Page-Vlink-ACH-Void/input_Password"), password): Text 'password' is set on object 'Object Repository/RecAndPlayBk/Page-Vlink-ACH-Void/input_Password'

2023-01-19 19:22:39 - [MESSAGE][PASSED] - Text 'password' is set on object 'Object Repository/RecAndPlayBk/Page-Vlink-ACH-Void/input_Password'

2023-01-19 19:22:39 - [TEST_STEP][PASSED] - setText(findTestObject("Object Repository/RecAndPlayBk/Page-Vlink-ACH-Void/input_Check Type"), checkType): Text 'P' is set on object 'Object Repository/RecAndPlayBk/Page-Vlink-ACH-Void/input_Check Type'

2023-01-19 19:22:40 - [MESSAGE][PASSED] - Text 'P' is set on object 'Object Repository/RecAndPlayBk/Page-Vlink-ACH-Void/input_Check Type'

2023-01-19 19:22:40 - [TEST_STEP][PASSED] - setText(findTestObject("Object Repository/RecAndPlayBk/Page-Vlink-ACH-Void/input_Standard Entry Class"), sec): Text 'WEB' is set on object 'Object Repository/RecAndPlayBk/Page-Vlink-ACH-Void/input_Standard Entry Class'

2023-01-19 19:22:41 - [MESSAGE][PASSED] - Text 'WEB' is set on object 'Object Repository/RecAndPlayBk/Page-Vlink-ACH-Void/input_Standard Entry Class'

2023-01-19 19:22:41 - [TEST_STEP][PASSED] - setText(findTestObject("Object Repository/RecAndPlayBk/Page-Vlink-ACH-Void/input_Transaction ID"), VLinkSaleTranxID): Text '2916649' is set on object 'Object Repository/RecAndPlayBk/Page-Vlink-ACH-Void/input_Transaction ID'

2023-01-19 19:22:42 - [MESSAGE][PASSED] - Text '2916649' is set on object 'Object Repository/RecAndPlayBk/Page-Vlink-ACH-Void/input_Transaction ID'

2023-01-19 19:22:42 - [TEST_STEP][PASSED] - setText(findTestObject("Object Repository/RecAndPlayBk/Page-Vlink-ACH-Void/input_Original Transaction Type"), "200"): Text '200' is set on object 'Object Repository/RecAndPlayBk/Page-Vlink-ACH-Void/input_Original Transaction Type'

2023-01-19 19:22:43 - [MESSAGE][PASSED] - Text '200' is set on object 'Object Repository/RecAndPlayBk/Page-Vlink-ACH-Void/input_Original Transaction Type'

2023-01-19 19:22:43 - [TEST_STEP][PASSED] - click(findTestObject("Object Repository/RecAndPlayBk/Page-Vlink-ACH-Void/input")): Object: 'Object Repository/RecAndPlayBk/Page-Vlink-ACH-Void/input' is clicked on

2023-01-19 19:22:44 - [MESSAGE][PASSED] - Object: 'Object Repository/RecAndPlayBk/Page-Vlink-ACH-Void/input' is clicked on

2023-01-19 19:22:44 - [TEST_STEP][PASSED] - if (verifyTextPresent("Transaction approved, no errors", true)): null

2023-01-19 19:22:44 - [MESSAGE][PASSED] - Text 'Transaction approved, no errors' is present on page  using regular expression

2023-01-19 19:22:44 - [TEST_STEP][PASSED] - println("Transaction Approved, no errors text is present on the Confirmation page"): null

2023-01-19 19:22:44 - [TEST_STEP][PASSED] - out.println("Pass Record Number: " + row): null

2023-01-19 19:22:44 - [TEST_STEP][PASSED] - resText = "Pass": null

2023-01-19 19:22:44 - [TEST_STEP][PASSED] - pages.WriteExcel.demoKey(resText, datText, resColumn, datCloumn, fileLoc, nameSheet, row): pages.WriteExcel.demoKey is PASSED

2023-01-19 19:22:44 - [MESSAGE][PASSED] - pages.WriteExcel.demoKey is PASSED

2023-01-19 19:22:44 - [TEST_STEP][PASSED] - ExecuteTC = findTestData(dataFile).getValue("Execute", row): null

2023-01-19 19:22:44 - [TEST_STEP][PASSED] - out.println("Value of Execute is : " + ExecuteTC): null

2023-01-19 19:22:44 - [TEST_STEP][PASSED] - switch (executionProfile): null

2023-01-19 19:22:44 - [TEST_STEP][PASSED] - case "DemoProfile":: null

2023-01-19 19:22:44 - [TEST_STEP][PASSED] - appID = findTestData(dataFile).getValue("AppIDDemo", row): null

2023-01-19 19:22:44 - [TEST_STEP][PASSED] - username = findTestData(dataFile).getValue("UsernameDemo", row): null

2023-01-19 19:22:45 - [TEST_STEP][PASSED] - password = findTestData(dataFile).getValue("PasswordDemo", row): null

2023-01-19 19:22:45 - [TEST_STEP][PASSED] - break: null

2023-01-19 19:22:45 - [TEST_STEP][PASSED] - if (ExecuteTC.equalsIgnoreCase("Y")): null

2023-01-19 19:22:45 - [TEST_STEP][PASSED] - out.println("Begin Record Number: " + row): null

2023-01-19 19:22:45 - [TEST_STEP][PASSED] - today = new java.util.Date(): null

2023-01-19 19:22:45 - [TEST_STEP][PASSED] - println(today): null

2023-01-19 19:22:45 - [TEST_STEP][PASSED] - datText = today: null

2023-01-19 19:22:45 - [TEST_STEP][PASSED] - checkType = findTestData(dataFile).getValue("CheckType", row): null

2023-01-19 19:22:45 - [TEST_STEP][PASSED] - acNumber = findTestData(dataFile).getValue("AcNumber", row): null

2023-01-19 19:22:45 - [TEST_STEP][PASSED] - company = findTestData(dataFile).getValue("Company", row): null

2023-01-19 19:22:45 - [TEST_STEP][PASSED] - acType = findTestData(dataFile).getValue("AcType", row): null

2023-01-19 19:22:45 - [TEST_STEP][PASSED] - rtn = findTestData(dataFile).getValue("RTN", row): null

2023-01-19 19:22:45 - [TEST_STEP][PASSED] - amount = findTestData(dataFile).getValue("Amount", row): null

2023-01-19 19:22:45 - [TEST_STEP][PASSED] - sec = findTestData(dataFile).getValue("SEC", row): null

2023-01-19 19:22:45 - [TEST_STEP][PASSED] - openBrowser(VLinkURL + "debit.html"): Browser is opened with url: 'https://dev-algorithm.govolution.com/vlinktest/demo/version_2_0/debit.html'

2023-01-19 19:22:45 - [MESSAGE][WARNING] - A browser is already opened. Closing browser and opening a new one

2023-01-19 19:22:46 - [MESSAGE][INFO] - Starting 'Chrome' driver

2023-01-19 19:22:46 - [MESSAGE][INFO] - User set preference: ['acceptInsecureCerts', 'true']

2023-01-19 19:22:46 - [MESSAGE][INFO] - Action delay is set to 0 milliseconds

2023-01-19 19:22:48 - [MESSAGE][PASSED] - Browser is opened with url: 'https://dev-algorithm.govolution.com/vlinktest/demo/version_2_0/debit.html'

2023-01-19 19:22:48 - [TEST_STEP][PASSED] - maximizeWindow(): Current window maximized

2023-01-19 19:22:48 - [MESSAGE][PASSED] - Current window maximized

2023-01-19 19:22:48 - [TEST_STEP][PASSED] - genRemID = RandomStringUtils.random(12, true, true): null

2023-01-19 19:22:48 - [TEST_STEP][PASSED] - setText(findTestObject("RecAndPlayBk/Page-Vlink-Debit/input_Remittance Id"), genRemID): Text 'vGmUcP1dGDrj' is set on object 'Object Repository/RecAndPlayBk/Page-Vlink-Debit/input_Remittance Id'

2023-01-19 19:22:49 - [MESSAGE][PASSED] - Text 'vGmUcP1dGDrj' is set on object 'Object Repository/RecAndPlayBk/Page-Vlink-Debit/input_Remittance Id'

2023-01-19 19:22:49 - [TEST_STEP][PASSED] - setText(findTestObject("RecAndPlayBk/Page-Vlink-Debit/input_Application Id"), appID): Text '1773' is set on object 'Object Repository/RecAndPlayBk/Page-Vlink-Debit/input_Application Id'

2023-01-19 19:22:50 - [MESSAGE][PASSED] - Text '1773' is set on object 'Object Repository/RecAndPlayBk/Page-Vlink-Debit/input_Application Id'

2023-01-19 19:22:50 - [TEST_STEP][PASSED] - setText(findTestObject("RecAndPlayBk/Page-Vlink-Debit/input_Username"), username): Text 'username' is set on object 'Object Repository/RecAndPlayBk/Page-Vlink-Debit/input_Username'

2023-01-19 19:22:50 - [MESSAGE][PASSED] - Text 'username' is set on object 'Object Repository/RecAndPlayBk/Page-Vlink-Debit/input_Username'

2023-01-19 19:22:50 - [TEST_STEP][PASSED] - setText(findTestObject("RecAndPlayBk/Page-Vlink-Debit/input_Password"), password): Text 'password' is set on object 'Object Repository/RecAndPlayBk/Page-Vlink-Debit/input_Password'

2023-01-19 19:22:51 - [MESSAGE][PASSED] - Text 'password' is set on object 'Object Repository/RecAndPlayBk/Page-Vlink-Debit/input_Password'

2023-01-19 19:22:51 - [TEST_STEP][PASSED] - setText(findTestObject("RecAndPlayBk/Page-Vlink-Debit/input_Check Type"), checkType): Text 'P' is set on object 'Object Repository/RecAndPlayBk/Page-Vlink-Debit/input_Check Type'

2023-01-19 19:22:52 - [MESSAGE][PASSED] - Text 'P' is set on object 'Object Repository/RecAndPlayBk/Page-Vlink-Debit/input_Check Type'

2023-01-19 19:22:52 - [TEST_STEP][PASSED] - setText(findTestObject("RecAndPlayBk/Page-Vlink-Debit/input_Account_check"), acNumber): Text '58963214' is set on object 'Object Repository/RecAndPlayBk/Page-Vlink-Debit/input_Account_check'

2023-01-19 19:22:53 - [MESSAGE][PASSED] - Text '58963214' is set on object 'Object Repository/RecAndPlayBk/Page-Vlink-Debit/input_Account_check'

2023-01-19 19:22:53 - [TEST_STEP][PASSED] - setText(findTestObject("RecAndPlayBk/Page-Vlink-Debit/input_Company_check"), company): Text '' is set on object 'Object Repository/RecAndPlayBk/Page-Vlink-Debit/input_Company_check'

2023-01-19 19:22:54 - [MESSAGE][PASSED] - Text '' is set on object 'Object Repository/RecAndPlayBk/Page-Vlink-Debit/input_Company_check'

2023-01-19 19:22:54 - [TEST_STEP][PASSED] - setText(findTestObject("RecAndPlayBk/Page-Vlink-Debit/input_Account Type"), acType): Text '2' is set on object 'Object Repository/RecAndPlayBk/Page-Vlink-Debit/input_Account Type'

2023-01-19 19:22:55 - [MESSAGE][PASSED] - Text '2' is set on object 'Object Repository/RecAndPlayBk/Page-Vlink-Debit/input_Account Type'

2023-01-19 19:22:55 - [TEST_STEP][PASSED] - setText(findTestObject("RecAndPlayBk/Page-Vlink-Debit/input_Routing Number"), rtn): Text '256072691' is set on object 'Object Repository/RecAndPlayBk/Page-Vlink-Debit/input_Routing Number'

2023-01-19 19:22:56 - [MESSAGE][PASSED] - Text '256072691' is set on object 'Object Repository/RecAndPlayBk/Page-Vlink-Debit/input_Routing Number'

2023-01-19 19:22:56 - [TEST_STEP][PASSED] - setText(findTestObject("RecAndPlayBk/Page-Vlink-Debit/input_Amount"), amount): Text '12.50' is set on object 'Object Repository/RecAndPlayBk/Page-Vlink-Debit/input_Amount'

2023-01-19 19:22:57 - [MESSAGE][PASSED] - Text '12.50' is set on object 'Object Repository/RecAndPlayBk/Page-Vlink-Debit/input_Amount'

2023-01-19 19:22:57 - [TEST_STEP][PASSED] - setText(findTestObject("RecAndPlayBk/Page-Vlink-Debit/input_Check Email"), ""): Text '' is set on object 'Object Repository/RecAndPlayBk/Page-Vlink-Debit/input_Check Email'

2023-01-19 19:22:57 - [MESSAGE][PASSED] - Text '' is set on object 'Object Repository/RecAndPlayBk/Page-Vlink-Debit/input_Check Email'

2023-01-19 19:22:57 - [TEST_STEP][PASSED] - setText(findTestObject("Object Repository/RecAndPlayBk/Page-Vlink-Debit/input_concat(CheckWriter, , s SSN)_check_ssn"), ""): Text '' is set on object 'Object Repository/RecAndPlayBk/Page-Vlink-Debit/input_concat(CheckWriter, , s SSN)_check_ssn'

2023-01-19 19:22:58 - [MESSAGE][PASSED] - Text '' is set on object 'Object Repository/RecAndPlayBk/Page-Vlink-Debit/input_concat(CheckWriter, , s SSN)_check_ssn'

2023-01-19 19:22:58 - [TEST_STEP][PASSED] - setText(findTestObject("Object Repository/RecAndPlayBk/Page-Vlink-Debit/input_concat(CheckWriter, , s License Numbe_020fef"), ""): Text '' is set on object 'Object Repository/RecAndPlayBk/Page-Vlink-Debit/input_concat(CheckWriter, , s License Numbe_020fef'

2023-01-19 19:22:59 - [MESSAGE][PASSED] - Text '' is set on object 'Object Repository/RecAndPlayBk/Page-Vlink-Debit/input_concat(CheckWriter, , s License Numbe_020fef'

2023-01-19 19:22:59 - [TEST_STEP][PASSED] - setText(findTestObject("Object Repository/RecAndPlayBk/Page-Vlink-Debit/input_concat(CheckWriter, , s License State_21e3e7"), ""): Text '' is set on object 'Object Repository/RecAndPlayBk/Page-Vlink-Debit/input_concat(CheckWriter, , s License State_21e3e7'

2023-01-19 19:23:00 - [MESSAGE][PASSED] - Text '' is set on object 'Object Repository/RecAndPlayBk/Page-Vlink-Debit/input_concat(CheckWriter, , s License State_21e3e7'

2023-01-19 19:23:00 - [TEST_STEP][PASSED] - setText(findTestObject("RecAndPlayBk/Page-Vlink-Debit/input_Standard Entry Class"), sec): Text 'TEL' is set on object 'Object Repository/RecAndPlayBk/Page-Vlink-Debit/input_Standard Entry Class'

2023-01-19 19:23:01 - [MESSAGE][PASSED] - Text 'TEL' is set on object 'Object Repository/RecAndPlayBk/Page-Vlink-Debit/input_Standard Entry Class'

2023-01-19 19:23:01 - [TEST_STEP][PASSED] - click(findTestObject("Object Repository/RecAndPlayBk/Page-Vlink-Debit/input")): Object: 'Object Repository/RecAndPlayBk/Page-Vlink-Debit/input' is clicked on

2023-01-19 19:23:02 - [MESSAGE][PASSED] - Object: 'Object Repository/RecAndPlayBk/Page-Vlink-Debit/input' is clicked on

2023-01-19 19:23:02 - [TEST_STEP][PASSED] - if (verifyTextPresent("Transaction approved, no errors", true)): null

2023-01-19 19:23:02 - [MESSAGE][PASSED] - Text 'Transaction approved, no errors' is present on page  using regular expression

2023-01-19 19:23:02 - [TEST_STEP][PASSED] - println("Transaction Approved, no errors text is present on the Confirmation page"): null

2023-01-19 19:23:02 - [TEST_STEP][PASSED] - sdfo = getText(findTestObject("Object Repository/Page_VLinkReceipt/pre_STX")): Text of object 'Object Repository/Page_VLinkReceipt/pre_STX' is: '<STX>vGmUcP1dGDrj                  2916651             0  Transaction approved, no errors                   0                                                                                                              <ETX>'

2023-01-19 19:23:02 - [MESSAGE][PASSED] - Text of object 'Object Repository/Page_VLinkReceipt/pre_STX' is: '<STX>vGmUcP1dGDrj                  2916651             0  Transaction approved, no errors                   0                                                                                                              <ETX>'

2023-01-19 19:23:02 - [TEST_STEP][PASSED] - out.println("sdfo: " + sdfo): null

2023-01-19 19:23:02 - [TEST_STEP][PASSED] - remID = substring(5, 35).trim(): null

2023-01-19 19:23:02 - [TEST_STEP][PASSED] - out.println("remID: " + remID): null

2023-01-19 19:23:02 - [TEST_STEP][PASSED] - traxID = substring(35, 55).trim(): null

2023-01-19 19:23:02 - [TEST_STEP][PASSED] - out.println("traxID: " + traxID): null

2023-01-19 19:23:02 - [TEST_STEP][PASSED] - VLinkSaleRemID = remID: null

2023-01-19 19:23:02 - [TEST_STEP][PASSED] - VLinkSaleTranxID = traxID: null

2023-01-19 19:23:02 - [TEST_STEP][PASSED] - openBrowser(VLinkURL + "ACH_void.html"): Browser is opened with url: 'https://dev-algorithm.govolution.com/vlinktest/demo/version_2_0/ACH_void.html'

2023-01-19 19:23:02 - [MESSAGE][WARNING] - A browser is already opened. Closing browser and opening a new one

2023-01-19 19:23:03 - [MESSAGE][INFO] - Starting 'Chrome' driver

2023-01-19 19:23:03 - [MESSAGE][INFO] - User set preference: ['acceptInsecureCerts', 'true']

2023-01-19 19:23:03 - [MESSAGE][INFO] - Action delay is set to 0 milliseconds

2023-01-19 19:23:05 - [MESSAGE][PASSED] - Browser is opened with url: 'https://dev-algorithm.govolution.com/vlinktest/demo/version_2_0/ACH_void.html'

2023-01-19 19:23:05 - [TEST_STEP][PASSED] - maximizeWindow(): Current window maximized

2023-01-19 19:23:05 - [MESSAGE][PASSED] - Current window maximized

2023-01-19 19:23:05 - [TEST_STEP][PASSED] - setText(findTestObject("Object Repository/RecAndPlayBk/Page-Vlink-ACH-Void/input_Remittance Id"), VLinkSaleRemID): Text 'vGmUcP1dGDrj' is set on object 'Object Repository/RecAndPlayBk/Page-Vlink-ACH-Void/input_Remittance Id'

2023-01-19 19:23:06 - [MESSAGE][PASSED] - Text 'vGmUcP1dGDrj' is set on object 'Object Repository/RecAndPlayBk/Page-Vlink-ACH-Void/input_Remittance Id'

2023-01-19 19:23:06 - [TEST_STEP][PASSED] - setText(findTestObject("Object Repository/RecAndPlayBk/Page-Vlink-ACH-Void/input_Application Id"), appID): Text '1773' is set on object 'Object Repository/RecAndPlayBk/Page-Vlink-ACH-Void/input_Application Id'

2023-01-19 19:23:07 - [MESSAGE][PASSED] - Text '1773' is set on object 'Object Repository/RecAndPlayBk/Page-Vlink-ACH-Void/input_Application Id'

2023-01-19 19:23:07 - [TEST_STEP][PASSED] - setText(findTestObject("Object Repository/RecAndPlayBk/Page-Vlink-ACH-Void/input_Username"), username): Text 'username' is set on object 'Object Repository/RecAndPlayBk/Page-Vlink-ACH-Void/input_Username'

2023-01-19 19:23:08 - [MESSAGE][PASSED] - Text 'username' is set on object 'Object Repository/RecAndPlayBk/Page-Vlink-ACH-Void/input_Username'

2023-01-19 19:23:08 - [TEST_STEP][PASSED] - setText(findTestObject("Object Repository/RecAndPlayBk/Page-Vlink-ACH-Void/input_Password"), password): Text 'password' is set on object 'Object Repository/RecAndPlayBk/Page-Vlink-ACH-Void/input_Password'

2023-01-19 19:23:08 - [MESSAGE][PASSED] - Text 'password' is set on object 'Object Repository/RecAndPlayBk/Page-Vlink-ACH-Void/input_Password'

2023-01-19 19:23:08 - [TEST_STEP][PASSED] - setText(findTestObject("Object Repository/RecAndPlayBk/Page-Vlink-ACH-Void/input_Check Type"), checkType): Text 'P' is set on object 'Object Repository/RecAndPlayBk/Page-Vlink-ACH-Void/input_Check Type'

2023-01-19 19:23:10 - [MESSAGE][PASSED] - Text 'P' is set on object 'Object Repository/RecAndPlayBk/Page-Vlink-ACH-Void/input_Check Type'

2023-01-19 19:23:10 - [TEST_STEP][PASSED] - setText(findTestObject("Object Repository/RecAndPlayBk/Page-Vlink-ACH-Void/input_Standard Entry Class"), sec): Text 'TEL' is set on object 'Object Repository/RecAndPlayBk/Page-Vlink-ACH-Void/input_Standard Entry Class'

2023-01-19 19:23:10 - [MESSAGE][PASSED] - Text 'TEL' is set on object 'Object Repository/RecAndPlayBk/Page-Vlink-ACH-Void/input_Standard Entry Class'

2023-01-19 19:23:10 - [TEST_STEP][PASSED] - setText(findTestObject("Object Repository/RecAndPlayBk/Page-Vlink-ACH-Void/input_Transaction ID"), VLinkSaleTranxID): Text '2916651' is set on object 'Object Repository/RecAndPlayBk/Page-Vlink-ACH-Void/input_Transaction ID'

2023-01-19 19:23:11 - [MESSAGE][PASSED] - Text '2916651' is set on object 'Object Repository/RecAndPlayBk/Page-Vlink-ACH-Void/input_Transaction ID'

2023-01-19 19:23:11 - [TEST_STEP][PASSED] - setText(findTestObject("Object Repository/RecAndPlayBk/Page-Vlink-ACH-Void/input_Original Transaction Type"), "200"): Text '200' is set on object 'Object Repository/RecAndPlayBk/Page-Vlink-ACH-Void/input_Original Transaction Type'

2023-01-19 19:23:12 - [MESSAGE][PASSED] - Text '200' is set on object 'Object Repository/RecAndPlayBk/Page-Vlink-ACH-Void/input_Original Transaction Type'

2023-01-19 19:23:12 - [TEST_STEP][PASSED] - click(findTestObject("Object Repository/RecAndPlayBk/Page-Vlink-ACH-Void/input")): Object: 'Object Repository/RecAndPlayBk/Page-Vlink-ACH-Void/input' is clicked on

2023-01-19 19:23:13 - [MESSAGE][PASSED] - Object: 'Object Repository/RecAndPlayBk/Page-Vlink-ACH-Void/input' is clicked on

2023-01-19 19:23:13 - [TEST_STEP][PASSED] - if (verifyTextPresent("Transaction approved, no errors", true)): null

2023-01-19 19:23:13 - [MESSAGE][PASSED] - Text 'Transaction approved, no errors' is present on page  using regular expression

2023-01-19 19:23:13 - [TEST_STEP][PASSED] - println("Transaction Approved, no errors text is present on the Confirmation page"): null

2023-01-19 19:23:13 - [TEST_STEP][PASSED] - out.println("Pass Record Number: " + row): null

2023-01-19 19:23:13 - [TEST_STEP][PASSED] - resText = "Pass": null

2023-01-19 19:23:13 - [TEST_STEP][PASSED] - pages.WriteExcel.demoKey(resText, datText, resColumn, datCloumn, fileLoc, nameSheet, row): pages.WriteExcel.demoKey is PASSED

2023-01-19 19:23:13 - [MESSAGE][PASSED] - pages.WriteExcel.demoKey is PASSED

2023-01-19 19:23:13 - [TEST_STEP][PASSED] - ExecuteTC = findTestData(dataFile).getValue("Execute", row): null

2023-01-19 19:23:13 - [TEST_STEP][PASSED] - out.println("Value of Execute is : " + ExecuteTC): null

2023-01-19 19:23:13 - [TEST_STEP][PASSED] - switch (executionProfile): null

2023-01-19 19:23:13 - [TEST_STEP][PASSED] - case "DemoProfile":: null

2023-01-19 19:23:13 - [TEST_STEP][PASSED] - appID = findTestData(dataFile).getValue("AppIDDemo", row): null

2023-01-19 19:23:13 - [TEST_STEP][PASSED] - username = findTestData(dataFile).getValue("UsernameDemo", row): null

2023-01-19 19:23:14 - [TEST_STEP][PASSED] - password = findTestData(dataFile).getValue("PasswordDemo", row): null

2023-01-19 19:23:14 - [TEST_STEP][PASSED] - break: null

2023-01-19 19:23:14 - [TEST_STEP][PASSED] - if (ExecuteTC.equalsIgnoreCase("Y")): null

2023-01-19 19:23:14 - [TEST_STEP][PASSED] - out.println("Begin Record Number: " + row): null

2023-01-19 19:23:14 - [TEST_STEP][PASSED] - today = new java.util.Date(): null

2023-01-19 19:23:14 - [TEST_STEP][PASSED] - println(today): null

2023-01-19 19:23:14 - [TEST_STEP][PASSED] - datText = today: null

2023-01-19 19:23:14 - [TEST_STEP][PASSED] - checkType = findTestData(dataFile).getValue("CheckType", row): null

2023-01-19 19:23:14 - [TEST_STEP][PASSED] - acNumber = findTestData(dataFile).getValue("AcNumber", row): null

2023-01-19 19:23:14 - [TEST_STEP][PASSED] - company = findTestData(dataFile).getValue("Company", row): null

2023-01-19 19:23:14 - [TEST_STEP][PASSED] - acType = findTestData(dataFile).getValue("AcType", row): null

2023-01-19 19:23:14 - [TEST_STEP][PASSED] - rtn = findTestData(dataFile).getValue("RTN", row): null

2023-01-19 19:23:14 - [TEST_STEP][PASSED] - amount = findTestData(dataFile).getValue("Amount", row): null

2023-01-19 19:23:14 - [TEST_STEP][PASSED] - sec = findTestData(dataFile).getValue("SEC", row): null

2023-01-19 19:23:14 - [TEST_STEP][PASSED] - openBrowser(VLinkURL + "debit.html"): Browser is opened with url: 'https://dev-algorithm.govolution.com/vlinktest/demo/version_2_0/debit.html'

2023-01-19 19:23:14 - [MESSAGE][WARNING] - A browser is already opened. Closing browser and opening a new one

2023-01-19 19:23:15 - [MESSAGE][INFO] - Starting 'Chrome' driver

2023-01-19 19:23:15 - [MESSAGE][INFO] - User set preference: ['acceptInsecureCerts', 'true']

2023-01-19 19:23:15 - [MESSAGE][INFO] - Action delay is set to 0 milliseconds

2023-01-19 19:23:17 - [MESSAGE][PASSED] - Browser is opened with url: 'https://dev-algorithm.govolution.com/vlinktest/demo/version_2_0/debit.html'

2023-01-19 19:23:17 - [TEST_STEP][PASSED] - maximizeWindow(): Current window maximized

2023-01-19 19:23:17 - [MESSAGE][PASSED] - Current window maximized

2023-01-19 19:23:17 - [TEST_STEP][PASSED] - genRemID = RandomStringUtils.random(12, true, true): null

2023-01-19 19:23:17 - [TEST_STEP][PASSED] - setText(findTestObject("RecAndPlayBk/Page-Vlink-Debit/input_Remittance Id"), genRemID): Text 'xEETvVTakFhb' is set on object 'Object Repository/RecAndPlayBk/Page-Vlink-Debit/input_Remittance Id'

2023-01-19 19:23:18 - [MESSAGE][PASSED] - Text 'xEETvVTakFhb' is set on object 'Object Repository/RecAndPlayBk/Page-Vlink-Debit/input_Remittance Id'

2023-01-19 19:23:18 - [TEST_STEP][PASSED] - setText(findTestObject("RecAndPlayBk/Page-Vlink-Debit/input_Application Id"), appID): Text '1773' is set on object 'Object Repository/RecAndPlayBk/Page-Vlink-Debit/input_Application Id'

2023-01-19 19:23:18 - [MESSAGE][PASSED] - Text '1773' is set on object 'Object Repository/RecAndPlayBk/Page-Vlink-Debit/input_Application Id'

2023-01-19 19:23:18 - [TEST_STEP][PASSED] - setText(findTestObject("RecAndPlayBk/Page-Vlink-Debit/input_Username"), username): Text 'username' is set on object 'Object Repository/RecAndPlayBk/Page-Vlink-Debit/input_Username'

2023-01-19 19:23:19 - [MESSAGE][PASSED] - Text 'username' is set on object 'Object Repository/RecAndPlayBk/Page-Vlink-Debit/input_Username'

2023-01-19 19:23:19 - [TEST_STEP][PASSED] - setText(findTestObject("RecAndPlayBk/Page-Vlink-Debit/input_Password"), password): Text 'password' is set on object 'Object Repository/RecAndPlayBk/Page-Vlink-Debit/input_Password'

2023-01-19 19:23:20 - [MESSAGE][PASSED] - Text 'password' is set on object 'Object Repository/RecAndPlayBk/Page-Vlink-Debit/input_Password'

2023-01-19 19:23:20 - [TEST_STEP][PASSED] - setText(findTestObject("RecAndPlayBk/Page-Vlink-Debit/input_Check Type"), checkType): Text 'P' is set on object 'Object Repository/RecAndPlayBk/Page-Vlink-Debit/input_Check Type'

2023-01-19 19:23:21 - [MESSAGE][PASSED] - Text 'P' is set on object 'Object Repository/RecAndPlayBk/Page-Vlink-Debit/input_Check Type'

2023-01-19 19:23:21 - [TEST_STEP][PASSED] - setText(findTestObject("RecAndPlayBk/Page-Vlink-Debit/input_Account_check"), acNumber): Text '58963214' is set on object 'Object Repository/RecAndPlayBk/Page-Vlink-Debit/input_Account_check'

2023-01-19 19:23:22 - [MESSAGE][PASSED] - Text '58963214' is set on object 'Object Repository/RecAndPlayBk/Page-Vlink-Debit/input_Account_check'

2023-01-19 19:23:22 - [TEST_STEP][PASSED] - setText(findTestObject("RecAndPlayBk/Page-Vlink-Debit/input_Company_check"), company): Text '' is set on object 'Object Repository/RecAndPlayBk/Page-Vlink-Debit/input_Company_check'

2023-01-19 19:23:23 - [MESSAGE][PASSED] - Text '' is set on object 'Object Repository/RecAndPlayBk/Page-Vlink-Debit/input_Company_check'

2023-01-19 19:23:23 - [TEST_STEP][PASSED] - setText(findTestObject("RecAndPlayBk/Page-Vlink-Debit/input_Account Type"), acType): Text '2' is set on object 'Object Repository/RecAndPlayBk/Page-Vlink-Debit/input_Account Type'

2023-01-19 19:23:24 - [MESSAGE][PASSED] - Text '2' is set on object 'Object Repository/RecAndPlayBk/Page-Vlink-Debit/input_Account Type'

2023-01-19 19:23:24 - [TEST_STEP][PASSED] - setText(findTestObject("RecAndPlayBk/Page-Vlink-Debit/input_Routing Number"), rtn): Text '256072691' is set on object 'Object Repository/RecAndPlayBk/Page-Vlink-Debit/input_Routing Number'

2023-01-19 19:23:25 - [MESSAGE][PASSED] - Text '256072691' is set on object 'Object Repository/RecAndPlayBk/Page-Vlink-Debit/input_Routing Number'

2023-01-19 19:23:25 - [TEST_STEP][PASSED] - setText(findTestObject("RecAndPlayBk/Page-Vlink-Debit/input_Amount"), amount): Text '12.50' is set on object 'Object Repository/RecAndPlayBk/Page-Vlink-Debit/input_Amount'

2023-01-19 19:23:25 - [MESSAGE][PASSED] - Text '12.50' is set on object 'Object Repository/RecAndPlayBk/Page-Vlink-Debit/input_Amount'

2023-01-19 19:23:25 - [TEST_STEP][PASSED] - setText(findTestObject("RecAndPlayBk/Page-Vlink-Debit/input_Check Email"), ""): Text '' is set on object 'Object Repository/RecAndPlayBk/Page-Vlink-Debit/input_Check Email'

2023-01-19 19:23:26 - [MESSAGE][PASSED] - Text '' is set on object 'Object Repository/RecAndPlayBk/Page-Vlink-Debit/input_Check Email'

2023-01-19 19:23:26 - [TEST_STEP][PASSED] - setText(findTestObject("Object Repository/RecAndPlayBk/Page-Vlink-Debit/input_concat(CheckWriter, , s SSN)_check_ssn"), ""): Text '' is set on object 'Object Repository/RecAndPlayBk/Page-Vlink-Debit/input_concat(CheckWriter, , s SSN)_check_ssn'

2023-01-19 19:23:27 - [MESSAGE][PASSED] - Text '' is set on object 'Object Repository/RecAndPlayBk/Page-Vlink-Debit/input_concat(CheckWriter, , s SSN)_check_ssn'

2023-01-19 19:23:27 - [TEST_STEP][PASSED] - setText(findTestObject("Object Repository/RecAndPlayBk/Page-Vlink-Debit/input_concat(CheckWriter, , s License Numbe_020fef"), ""): Text '' is set on object 'Object Repository/RecAndPlayBk/Page-Vlink-Debit/input_concat(CheckWriter, , s License Numbe_020fef'

2023-01-19 19:23:28 - [MESSAGE][PASSED] - Text '' is set on object 'Object Repository/RecAndPlayBk/Page-Vlink-Debit/input_concat(CheckWriter, , s License Numbe_020fef'

2023-01-19 19:23:28 - [TEST_STEP][PASSED] - setText(findTestObject("Object Repository/RecAndPlayBk/Page-Vlink-Debit/input_concat(CheckWriter, , s License State_21e3e7"), ""): Text '' is set on object 'Object Repository/RecAndPlayBk/Page-Vlink-Debit/input_concat(CheckWriter, , s License State_21e3e7'

2023-01-19 19:23:29 - [MESSAGE][PASSED] - Text '' is set on object 'Object Repository/RecAndPlayBk/Page-Vlink-Debit/input_concat(CheckWriter, , s License State_21e3e7'

2023-01-19 19:23:29 - [TEST_STEP][PASSED] - setText(findTestObject("RecAndPlayBk/Page-Vlink-Debit/input_Standard Entry Class"), sec): Text 'PPD' is set on object 'Object Repository/RecAndPlayBk/Page-Vlink-Debit/input_Standard Entry Class'

2023-01-19 19:23:29 - [MESSAGE][PASSED] - Text 'PPD' is set on object 'Object Repository/RecAndPlayBk/Page-Vlink-Debit/input_Standard Entry Class'

2023-01-19 19:23:29 - [TEST_STEP][PASSED] - click(findTestObject("Object Repository/RecAndPlayBk/Page-Vlink-Debit/input")): Object: 'Object Repository/RecAndPlayBk/Page-Vlink-Debit/input' is clicked on

2023-01-19 19:23:30 - [MESSAGE][PASSED] - Object: 'Object Repository/RecAndPlayBk/Page-Vlink-Debit/input' is clicked on

2023-01-19 19:23:30 - [TEST_STEP][PASSED] - if (verifyTextPresent("Transaction approved, no errors", true)): null

2023-01-19 19:23:31 - [MESSAGE][PASSED] - Text 'Transaction approved, no errors' is present on page  using regular expression

2023-01-19 19:23:31 - [TEST_STEP][PASSED] - println("Transaction Approved, no errors text is present on the Confirmation page"): null

2023-01-19 19:23:31 - [TEST_STEP][PASSED] - sdfo = getText(findTestObject("Object Repository/Page_VLinkReceipt/pre_STX")): Text of object 'Object Repository/Page_VLinkReceipt/pre_STX' is: '<STX>xEETvVTakFhb                  2916653             0  Transaction approved, no errors                   0                                                                                                              <ETX>'

2023-01-19 19:23:31 - [MESSAGE][PASSED] - Text of object 'Object Repository/Page_VLinkReceipt/pre_STX' is: '<STX>xEETvVTakFhb                  2916653             0  Transaction approved, no errors                   0                                                                                                              <ETX>'

2023-01-19 19:23:31 - [TEST_STEP][PASSED] - out.println("sdfo: " + sdfo): null

2023-01-19 19:23:31 - [TEST_STEP][PASSED] - remID = substring(5, 35).trim(): null

2023-01-19 19:23:31 - [TEST_STEP][PASSED] - out.println("remID: " + remID): null

2023-01-19 19:23:31 - [TEST_STEP][PASSED] - traxID = substring(35, 55).trim(): null

2023-01-19 19:23:31 - [TEST_STEP][PASSED] - out.println("traxID: " + traxID): null

2023-01-19 19:23:31 - [TEST_STEP][PASSED] - VLinkSaleRemID = remID: null

2023-01-19 19:23:31 - [TEST_STEP][PASSED] - VLinkSaleTranxID = traxID: null

2023-01-19 19:23:31 - [TEST_STEP][PASSED] - openBrowser(VLinkURL + "ACH_void.html"): Browser is opened with url: 'https://dev-algorithm.govolution.com/vlinktest/demo/version_2_0/ACH_void.html'

2023-01-19 19:23:31 - [MESSAGE][WARNING] - A browser is already opened. Closing browser and opening a new one

2023-01-19 19:23:32 - [MESSAGE][INFO] - Starting 'Chrome' driver

2023-01-19 19:23:32 - [MESSAGE][INFO] - User set preference: ['acceptInsecureCerts', 'true']

2023-01-19 19:23:32 - [MESSAGE][INFO] - Action delay is set to 0 milliseconds

2023-01-19 19:23:34 - [MESSAGE][PASSED] - Browser is opened with url: 'https://dev-algorithm.govolution.com/vlinktest/demo/version_2_0/ACH_void.html'

2023-01-19 19:23:34 - [TEST_STEP][PASSED] - maximizeWindow(): Current window maximized

2023-01-19 19:23:34 - [MESSAGE][PASSED] - Current window maximized

2023-01-19 19:23:34 - [TEST_STEP][PASSED] - setText(findTestObject("Object Repository/RecAndPlayBk/Page-Vlink-ACH-Void/input_Remittance Id"), VLinkSaleRemID): Text 'xEETvVTakFhb' is set on object 'Object Repository/RecAndPlayBk/Page-Vlink-ACH-Void/input_Remittance Id'

2023-01-19 19:23:35 - [MESSAGE][PASSED] - Text 'xEETvVTakFhb' is set on object 'Object Repository/RecAndPlayBk/Page-Vlink-ACH-Void/input_Remittance Id'

2023-01-19 19:23:35 - [TEST_STEP][PASSED] - setText(findTestObject("Object Repository/RecAndPlayBk/Page-Vlink-ACH-Void/input_Application Id"), appID): Text '1773' is set on object 'Object Repository/RecAndPlayBk/Page-Vlink-ACH-Void/input_Application Id'

2023-01-19 19:23:35 - [MESSAGE][PASSED] - Text '1773' is set on object 'Object Repository/RecAndPlayBk/Page-Vlink-ACH-Void/input_Application Id'

2023-01-19 19:23:35 - [TEST_STEP][PASSED] - setText(findTestObject("Object Repository/RecAndPlayBk/Page-Vlink-ACH-Void/input_Username"), username): Text 'username' is set on object 'Object Repository/RecAndPlayBk/Page-Vlink-ACH-Void/input_Username'

2023-01-19 19:23:36 - [MESSAGE][PASSED] - Text 'username' is set on object 'Object Repository/RecAndPlayBk/Page-Vlink-ACH-Void/input_Username'

2023-01-19 19:23:36 - [TEST_STEP][PASSED] - setText(findTestObject("Object Repository/RecAndPlayBk/Page-Vlink-ACH-Void/input_Password"), password): Text 'password' is set on object 'Object Repository/RecAndPlayBk/Page-Vlink-ACH-Void/input_Password'

2023-01-19 19:23:37 - [MESSAGE][PASSED] - Text 'password' is set on object 'Object Repository/RecAndPlayBk/Page-Vlink-ACH-Void/input_Password'

2023-01-19 19:23:37 - [TEST_STEP][PASSED] - setText(findTestObject("Object Repository/RecAndPlayBk/Page-Vlink-ACH-Void/input_Check Type"), checkType): Text 'P' is set on object 'Object Repository/RecAndPlayBk/Page-Vlink-ACH-Void/input_Check Type'

2023-01-19 19:23:38 - [MESSAGE][PASSED] - Text 'P' is set on object 'Object Repository/RecAndPlayBk/Page-Vlink-ACH-Void/input_Check Type'

2023-01-19 19:23:38 - [TEST_STEP][PASSED] - setText(findTestObject("Object Repository/RecAndPlayBk/Page-Vlink-ACH-Void/input_Standard Entry Class"), sec): Text 'PPD' is set on object 'Object Repository/RecAndPlayBk/Page-Vlink-ACH-Void/input_Standard Entry Class'

2023-01-19 19:23:39 - [MESSAGE][PASSED] - Text 'PPD' is set on object 'Object Repository/RecAndPlayBk/Page-Vlink-ACH-Void/input_Standard Entry Class'

2023-01-19 19:23:39 - [TEST_STEP][PASSED] - setText(findTestObject("Object Repository/RecAndPlayBk/Page-Vlink-ACH-Void/input_Transaction ID"), VLinkSaleTranxID): Text '2916653' is set on object 'Object Repository/RecAndPlayBk/Page-Vlink-ACH-Void/input_Transaction ID'

2023-01-19 19:23:40 - [MESSAGE][PASSED] - Text '2916653' is set on object 'Object Repository/RecAndPlayBk/Page-Vlink-ACH-Void/input_Transaction ID'

2023-01-19 19:23:40 - [TEST_STEP][PASSED] - setText(findTestObject("Object Repository/RecAndPlayBk/Page-Vlink-ACH-Void/input_Original Transaction Type"), "200"): Text '200' is set on object 'Object Repository/RecAndPlayBk/Page-Vlink-ACH-Void/input_Original Transaction Type'

2023-01-19 19:23:41 - [MESSAGE][PASSED] - Text '200' is set on object 'Object Repository/RecAndPlayBk/Page-Vlink-ACH-Void/input_Original Transaction Type'

2023-01-19 19:23:41 - [TEST_STEP][PASSED] - click(findTestObject("Object Repository/RecAndPlayBk/Page-Vlink-ACH-Void/input")): Object: 'Object Repository/RecAndPlayBk/Page-Vlink-ACH-Void/input' is clicked on

2023-01-19 19:23:43 - [MESSAGE][PASSED] - Object: 'Object Repository/RecAndPlayBk/Page-Vlink-ACH-Void/input' is clicked on

2023-01-19 19:23:43 - [TEST_STEP][PASSED] - if (verifyTextPresent("Transaction approved, no errors", true)): null

2023-01-19 19:23:43 - [MESSAGE][PASSED] - Text 'Transaction approved, no errors' is present on page  using regular expression

2023-01-19 19:23:43 - [TEST_STEP][PASSED] - println("Transaction Approved, no errors text is present on the Confirmation page"): null

2023-01-19 19:23:43 - [TEST_STEP][PASSED] - out.println("Pass Record Number: " + row): null

2023-01-19 19:23:43 - [TEST_STEP][PASSED] - resText = "Pass": null

2023-01-19 19:23:43 - [TEST_STEP][PASSED] - pages.WriteExcel.demoKey(resText, datText, resColumn, datCloumn, fileLoc, nameSheet, row): pages.WriteExcel.demoKey is PASSED

2023-01-19 19:23:43 - [MESSAGE][PASSED] - pages.WriteExcel.demoKey is PASSED

2023-01-19 19:23:43 - [TEST_STEP][PASSED] - ExecuteTC = findTestData(dataFile).getValue("Execute", row): null

2023-01-19 19:23:43 - [TEST_STEP][PASSED] - out.println("Value of Execute is : " + ExecuteTC): null

2023-01-19 19:23:43 - [TEST_STEP][PASSED] - switch (executionProfile): null

2023-01-19 19:23:43 - [TEST_STEP][PASSED] - case "DemoProfile":: null

2023-01-19 19:23:43 - [TEST_STEP][PASSED] - appID = findTestData(dataFile).getValue("AppIDDemo", row): null

2023-01-19 19:23:44 - [TEST_STEP][PASSED] - username = findTestData(dataFile).getValue("UsernameDemo", row): null

2023-01-19 19:23:44 - [TEST_STEP][PASSED] - password = findTestData(dataFile).getValue("PasswordDemo", row): null

2023-01-19 19:23:44 - [TEST_STEP][PASSED] - break: null

2023-01-19 19:23:44 - [TEST_STEP][PASSED] - if (ExecuteTC.equalsIgnoreCase("Y")): null

2023-01-19 19:23:44 - [TEST_STEP][PASSED] - out.println("Begin Record Number: " + row): null

2023-01-19 19:23:44 - [TEST_STEP][PASSED] - today = new java.util.Date(): null

2023-01-19 19:23:44 - [TEST_STEP][PASSED] - println(today): null

2023-01-19 19:23:44 - [TEST_STEP][PASSED] - datText = today: null

2023-01-19 19:23:44 - [TEST_STEP][PASSED] - checkType = findTestData(dataFile).getValue("CheckType", row): null

2023-01-19 19:23:44 - [TEST_STEP][PASSED] - acNumber = findTestData(dataFile).getValue("AcNumber", row): null

2023-01-19 19:23:44 - [TEST_STEP][PASSED] - company = findTestData(dataFile).getValue("Company", row): null

2023-01-19 19:23:44 - [TEST_STEP][PASSED] - acType = findTestData(dataFile).getValue("AcType", row): null

2023-01-19 19:23:44 - [TEST_STEP][PASSED] - rtn = findTestData(dataFile).getValue("RTN", row): null

2023-01-19 19:23:44 - [TEST_STEP][PASSED] - amount = findTestData(dataFile).getValue("Amount", row): null

2023-01-19 19:23:44 - [TEST_STEP][PASSED] - sec = findTestData(dataFile).getValue("SEC", row): null

2023-01-19 19:23:44 - [TEST_STEP][PASSED] - openBrowser(VLinkURL + "debit.html"): Browser is opened with url: 'https://dev-algorithm.govolution.com/vlinktest/demo/version_2_0/debit.html'

2023-01-19 19:23:44 - [MESSAGE][WARNING] - A browser is already opened. Closing browser and opening a new one

2023-01-19 19:23:45 - [MESSAGE][INFO] - Starting 'Chrome' driver

2023-01-19 19:23:45 - [MESSAGE][INFO] - User set preference: ['acceptInsecureCerts', 'true']

2023-01-19 19:23:45 - [MESSAGE][INFO] - Action delay is set to 0 milliseconds

2023-01-19 19:23:47 - [MESSAGE][PASSED] - Browser is opened with url: 'https://dev-algorithm.govolution.com/vlinktest/demo/version_2_0/debit.html'

2023-01-19 19:23:47 - [TEST_STEP][PASSED] - maximizeWindow(): Current window maximized

2023-01-19 19:23:47 - [MESSAGE][PASSED] - Current window maximized

2023-01-19 19:23:47 - [TEST_STEP][PASSED] - genRemID = RandomStringUtils.random(12, true, true): null

2023-01-19 19:23:47 - [TEST_STEP][PASSED] - setText(findTestObject("RecAndPlayBk/Page-Vlink-Debit/input_Remittance Id"), genRemID): Text '2K4PyGF4CVJV' is set on object 'Object Repository/RecAndPlayBk/Page-Vlink-Debit/input_Remittance Id'

2023-01-19 19:23:48 - [MESSAGE][PASSED] - Text '2K4PyGF4CVJV' is set on object 'Object Repository/RecAndPlayBk/Page-Vlink-Debit/input_Remittance Id'

2023-01-19 19:23:48 - [TEST_STEP][PASSED] - setText(findTestObject("RecAndPlayBk/Page-Vlink-Debit/input_Application Id"), appID): Text '1773' is set on object 'Object Repository/RecAndPlayBk/Page-Vlink-Debit/input_Application Id'

2023-01-19 19:23:49 - [MESSAGE][PASSED] - Text '1773' is set on object 'Object Repository/RecAndPlayBk/Page-Vlink-Debit/input_Application Id'

2023-01-19 19:23:49 - [TEST_STEP][PASSED] - setText(findTestObject("RecAndPlayBk/Page-Vlink-Debit/input_Username"), username): Text 'username' is set on object 'Object Repository/RecAndPlayBk/Page-Vlink-Debit/input_Username'

2023-01-19 19:23:50 - [MESSAGE][PASSED] - Text 'username' is set on object 'Object Repository/RecAndPlayBk/Page-Vlink-Debit/input_Username'

2023-01-19 19:23:50 - [TEST_STEP][PASSED] - setText(findTestObject("RecAndPlayBk/Page-Vlink-Debit/input_Password"), password): Text 'password' is set on object 'Object Repository/RecAndPlayBk/Page-Vlink-Debit/input_Password'

2023-01-19 19:23:50 - [MESSAGE][PASSED] - Text 'password' is set on object 'Object Repository/RecAndPlayBk/Page-Vlink-Debit/input_Password'

2023-01-19 19:23:50 - [TEST_STEP][PASSED] - setText(findTestObject("RecAndPlayBk/Page-Vlink-Debit/input_Check Type"), checkType): Text 'C' is set on object 'Object Repository/RecAndPlayBk/Page-Vlink-Debit/input_Check Type'

2023-01-19 19:23:51 - [MESSAGE][PASSED] - Text 'C' is set on object 'Object Repository/RecAndPlayBk/Page-Vlink-Debit/input_Check Type'

2023-01-19 19:23:51 - [TEST_STEP][PASSED] - setText(findTestObject("RecAndPlayBk/Page-Vlink-Debit/input_Account_check"), acNumber): Text '58963214' is set on object 'Object Repository/RecAndPlayBk/Page-Vlink-Debit/input_Account_check'

2023-01-19 19:23:52 - [MESSAGE][PASSED] - Text '58963214' is set on object 'Object Repository/RecAndPlayBk/Page-Vlink-Debit/input_Account_check'

2023-01-19 19:23:52 - [TEST_STEP][PASSED] - setText(findTestObject("RecAndPlayBk/Page-Vlink-Debit/input_Company_check"), company): Text 'My Company' is set on object 'Object Repository/RecAndPlayBk/Page-Vlink-Debit/input_Company_check'

2023-01-19 19:23:53 - [MESSAGE][PASSED] - Text 'My Company' is set on object 'Object Repository/RecAndPlayBk/Page-Vlink-Debit/input_Company_check'

2023-01-19 19:23:53 - [TEST_STEP][PASSED] - setText(findTestObject("RecAndPlayBk/Page-Vlink-Debit/input_Account Type"), acType): Text '' is set on object 'Object Repository/RecAndPlayBk/Page-Vlink-Debit/input_Account Type'

2023-01-19 19:23:54 - [MESSAGE][PASSED] - Text '' is set on object 'Object Repository/RecAndPlayBk/Page-Vlink-Debit/input_Account Type'

2023-01-19 19:23:54 - [TEST_STEP][PASSED] - setText(findTestObject("RecAndPlayBk/Page-Vlink-Debit/input_Routing Number"), rtn): Text '256072691' is set on object 'Object Repository/RecAndPlayBk/Page-Vlink-Debit/input_Routing Number'

2023-01-19 19:23:55 - [MESSAGE][PASSED] - Text '256072691' is set on object 'Object Repository/RecAndPlayBk/Page-Vlink-Debit/input_Routing Number'

2023-01-19 19:23:55 - [TEST_STEP][PASSED] - setText(findTestObject("RecAndPlayBk/Page-Vlink-Debit/input_Amount"), amount): Text '12.50' is set on object 'Object Repository/RecAndPlayBk/Page-Vlink-Debit/input_Amount'

2023-01-19 19:23:56 - [MESSAGE][PASSED] - Text '12.50' is set on object 'Object Repository/RecAndPlayBk/Page-Vlink-Debit/input_Amount'

2023-01-19 19:23:56 - [TEST_STEP][PASSED] - setText(findTestObject("RecAndPlayBk/Page-Vlink-Debit/input_Check Email"), ""): Text '' is set on object 'Object Repository/RecAndPlayBk/Page-Vlink-Debit/input_Check Email'

2023-01-19 19:23:56 - [MESSAGE][PASSED] - Text '' is set on object 'Object Repository/RecAndPlayBk/Page-Vlink-Debit/input_Check Email'

2023-01-19 19:23:56 - [TEST_STEP][PASSED] - setText(findTestObject("Object Repository/RecAndPlayBk/Page-Vlink-Debit/input_concat(CheckWriter, , s SSN)_check_ssn"), ""): Text '' is set on object 'Object Repository/RecAndPlayBk/Page-Vlink-Debit/input_concat(CheckWriter, , s SSN)_check_ssn'

2023-01-19 19:23:57 - [MESSAGE][PASSED] - Text '' is set on object 'Object Repository/RecAndPlayBk/Page-Vlink-Debit/input_concat(CheckWriter, , s SSN)_check_ssn'

2023-01-19 19:23:57 - [TEST_STEP][PASSED] - setText(findTestObject("Object Repository/RecAndPlayBk/Page-Vlink-Debit/input_concat(CheckWriter, , s License Numbe_020fef"), ""): Text '' is set on object 'Object Repository/RecAndPlayBk/Page-Vlink-Debit/input_concat(CheckWriter, , s License Numbe_020fef'

2023-01-19 19:23:58 - [MESSAGE][PASSED] - Text '' is set on object 'Object Repository/RecAndPlayBk/Page-Vlink-Debit/input_concat(CheckWriter, , s License Numbe_020fef'

2023-01-19 19:23:58 - [TEST_STEP][PASSED] - setText(findTestObject("Object Repository/RecAndPlayBk/Page-Vlink-Debit/input_concat(CheckWriter, , s License State_21e3e7"), ""): Text '' is set on object 'Object Repository/RecAndPlayBk/Page-Vlink-Debit/input_concat(CheckWriter, , s License State_21e3e7'

2023-01-19 19:23:59 - [MESSAGE][PASSED] - Text '' is set on object 'Object Repository/RecAndPlayBk/Page-Vlink-Debit/input_concat(CheckWriter, , s License State_21e3e7'

2023-01-19 19:23:59 - [TEST_STEP][PASSED] - setText(findTestObject("RecAndPlayBk/Page-Vlink-Debit/input_Standard Entry Class"), sec): Text 'CCD' is set on object 'Object Repository/RecAndPlayBk/Page-Vlink-Debit/input_Standard Entry Class'

2023-01-19 19:24:00 - [MESSAGE][PASSED] - Text 'CCD' is set on object 'Object Repository/RecAndPlayBk/Page-Vlink-Debit/input_Standard Entry Class'

2023-01-19 19:24:00 - [TEST_STEP][PASSED] - click(findTestObject("Object Repository/RecAndPlayBk/Page-Vlink-Debit/input")): Object: 'Object Repository/RecAndPlayBk/Page-Vlink-Debit/input' is clicked on

2023-01-19 19:24:01 - [MESSAGE][PASSED] - Object: 'Object Repository/RecAndPlayBk/Page-Vlink-Debit/input' is clicked on

2023-01-19 19:24:01 - [TEST_STEP][PASSED] - if (verifyTextPresent("Transaction approved, no errors", true)): null

2023-01-19 19:24:01 - [MESSAGE][PASSED] - Text 'Transaction approved, no errors' is present on page  using regular expression

2023-01-19 19:24:01 - [TEST_STEP][PASSED] - println("Transaction Approved, no errors text is present on the Confirmation page"): null

2023-01-19 19:24:01 - [TEST_STEP][PASSED] - sdfo = getText(findTestObject("Object Repository/Page_VLinkReceipt/pre_STX")): Text of object 'Object Repository/Page_VLinkReceipt/pre_STX' is: '<STX>2K4PyGF4CVJV                  2916655             0  Transaction approved, no errors                   0                                                                                                              <ETX>'

2023-01-19 19:24:01 - [MESSAGE][PASSED] - Text of object 'Object Repository/Page_VLinkReceipt/pre_STX' is: '<STX>2K4PyGF4CVJV                  2916655             0  Transaction approved, no errors                   0                                                                                                              <ETX>'

2023-01-19 19:24:01 - [TEST_STEP][PASSED] - out.println("sdfo: " + sdfo): null

2023-01-19 19:24:01 - [TEST_STEP][PASSED] - remID = substring(5, 35).trim(): null

2023-01-19 19:24:01 - [TEST_STEP][PASSED] - out.println("remID: " + remID): null

2023-01-19 19:24:01 - [TEST_STEP][PASSED] - traxID = substring(35, 55).trim(): null

2023-01-19 19:24:01 - [TEST_STEP][PASSED] - out.println("traxID: " + traxID): null

2023-01-19 19:24:01 - [TEST_STEP][PASSED] - VLinkSaleRemID = remID: null

2023-01-19 19:24:01 - [TEST_STEP][PASSED] - VLinkSaleTranxID = traxID: null

2023-01-19 19:24:01 - [TEST_STEP][PASSED] - openBrowser(VLinkURL + "ACH_void.html"): Browser is opened with url: 'https://dev-algorithm.govolution.com/vlinktest/demo/version_2_0/ACH_void.html'

2023-01-19 19:24:01 - [MESSAGE][WARNING] - A browser is already opened. Closing browser and opening a new one

2023-01-19 19:24:02 - [MESSAGE][INFO] - Starting 'Chrome' driver

2023-01-19 19:24:02 - [MESSAGE][INFO] - User set preference: ['acceptInsecureCerts', 'true']

2023-01-19 19:24:02 - [MESSAGE][INFO] - Action delay is set to 0 milliseconds

2023-01-19 19:24:04 - [MESSAGE][PASSED] - Browser is opened with url: 'https://dev-algorithm.govolution.com/vlinktest/demo/version_2_0/ACH_void.html'

2023-01-19 19:24:04 - [TEST_STEP][PASSED] - maximizeWindow(): Current window maximized

2023-01-19 19:24:04 - [MESSAGE][PASSED] - Current window maximized

2023-01-19 19:24:04 - [TEST_STEP][PASSED] - setText(findTestObject("Object Repository/RecAndPlayBk/Page-Vlink-ACH-Void/input_Remittance Id"), VLinkSaleRemID): Text '2K4PyGF4CVJV' is set on object 'Object Repository/RecAndPlayBk/Page-Vlink-ACH-Void/input_Remittance Id'

2023-01-19 19:24:05 - [MESSAGE][PASSED] - Text '2K4PyGF4CVJV' is set on object 'Object Repository/RecAndPlayBk/Page-Vlink-ACH-Void/input_Remittance Id'

2023-01-19 19:24:05 - [TEST_STEP][PASSED] - setText(findTestObject("Object Repository/RecAndPlayBk/Page-Vlink-ACH-Void/input_Application Id"), appID): Text '1773' is set on object 'Object Repository/RecAndPlayBk/Page-Vlink-ACH-Void/input_Application Id'

2023-01-19 19:24:06 - [MESSAGE][PASSED] - Text '1773' is set on object 'Object Repository/RecAndPlayBk/Page-Vlink-ACH-Void/input_Application Id'

2023-01-19 19:24:06 - [TEST_STEP][PASSED] - setText(findTestObject("Object Repository/RecAndPlayBk/Page-Vlink-ACH-Void/input_Username"), username): Text 'username' is set on object 'Object Repository/RecAndPlayBk/Page-Vlink-ACH-Void/input_Username'

2023-01-19 19:24:07 - [MESSAGE][PASSED] - Text 'username' is set on object 'Object Repository/RecAndPlayBk/Page-Vlink-ACH-Void/input_Username'

2023-01-19 19:24:07 - [TEST_STEP][PASSED] - setText(findTestObject("Object Repository/RecAndPlayBk/Page-Vlink-ACH-Void/input_Password"), password): Text 'password' is set on object 'Object Repository/RecAndPlayBk/Page-Vlink-ACH-Void/input_Password'

2023-01-19 19:24:08 - [MESSAGE][PASSED] - Text 'password' is set on object 'Object Repository/RecAndPlayBk/Page-Vlink-ACH-Void/input_Password'

2023-01-19 19:24:08 - [TEST_STEP][PASSED] - setText(findTestObject("Object Repository/RecAndPlayBk/Page-Vlink-ACH-Void/input_Check Type"), checkType): Text 'C' is set on object 'Object Repository/RecAndPlayBk/Page-Vlink-ACH-Void/input_Check Type'

2023-01-19 19:24:09 - [MESSAGE][PASSED] - Text 'C' is set on object 'Object Repository/RecAndPlayBk/Page-Vlink-ACH-Void/input_Check Type'

2023-01-19 19:24:09 - [TEST_STEP][PASSED] - setText(findTestObject("Object Repository/RecAndPlayBk/Page-Vlink-ACH-Void/input_Standard Entry Class"), sec): Text 'CCD' is set on object 'Object Repository/RecAndPlayBk/Page-Vlink-ACH-Void/input_Standard Entry Class'

2023-01-19 19:24:10 - [MESSAGE][PASSED] - Text 'CCD' is set on object 'Object Repository/RecAndPlayBk/Page-Vlink-ACH-Void/input_Standard Entry Class'

2023-01-19 19:24:10 - [TEST_STEP][PASSED] - setText(findTestObject("Object Repository/RecAndPlayBk/Page-Vlink-ACH-Void/input_Transaction ID"), VLinkSaleTranxID): Text '2916655' is set on object 'Object Repository/RecAndPlayBk/Page-Vlink-ACH-Void/input_Transaction ID'

2023-01-19 19:24:10 - [MESSAGE][PASSED] - Text '2916655' is set on object 'Object Repository/RecAndPlayBk/Page-Vlink-ACH-Void/input_Transaction ID'

2023-01-19 19:24:10 - [TEST_STEP][PASSED] - setText(findTestObject("Object Repository/RecAndPlayBk/Page-Vlink-ACH-Void/input_Original Transaction Type"), "200"): Text '200' is set on object 'Object Repository/RecAndPlayBk/Page-Vlink-ACH-Void/input_Original Transaction Type'

2023-01-19 19:24:11 - [MESSAGE][PASSED] - Text '200' is set on object 'Object Repository/RecAndPlayBk/Page-Vlink-ACH-Void/input_Original Transaction Type'

2023-01-19 19:24:11 - [TEST_STEP][PASSED] - click(findTestObject("Object Repository/RecAndPlayBk/Page-Vlink-ACH-Void/input")): Object: 'Object Repository/RecAndPlayBk/Page-Vlink-ACH-Void/input' is clicked on

2023-01-19 19:24:12 - [MESSAGE][PASSED] - Object: 'Object Repository/RecAndPlayBk/Page-Vlink-ACH-Void/input' is clicked on

2023-01-19 19:24:12 - [TEST_STEP][PASSED] - if (verifyTextPresent("Transaction approved, no errors", true)): null

2023-01-19 19:24:13 - [MESSAGE][PASSED] - Text 'Transaction approved, no errors' is present on page  using regular expression

2023-01-19 19:24:13 - [TEST_STEP][PASSED] - println("Transaction Approved, no errors text is present on the Confirmation page"): null

2023-01-19 19:24:13 - [TEST_STEP][PASSED] - out.println("Pass Record Number: " + row): null

2023-01-19 19:24:13 - [TEST_STEP][PASSED] - resText = "Pass": null

2023-01-19 19:24:13 - [TEST_STEP][PASSED] - pages.WriteExcel.demoKey(resText, datText, resColumn, datCloumn, fileLoc, nameSheet, row): pages.WriteExcel.demoKey is PASSED

2023-01-19 19:24:13 - [MESSAGE][PASSED] - pages.WriteExcel.demoKey is PASSED]]></system-out>
         <system-err><![CDATA[]]></system-err>
      </testcase>
      <testcase name="Test Cases/RecAndPlayBk/VLink/Debit-Credit" time="204.171" classname="Test Cases/RecAndPlayBk/VLink/Debit-Credit" status="FAILED">
         <failure type="FAILED" message="Test Cases/RecAndPlayBk/VLink/Debit-Credit FAILED.
Reason:
com.kms.katalon.core.exception.StepFailedException: Text 'Transaction approved, no errors' is not present on page  using regular expression (Root cause: com.kms.katalon.core.exception.StepFailedException: Text 'Transaction approved, no errors' is not present on page  using regular expression
	at com.kms.katalon.core.webui.keyword.internal.WebUIKeywordMain.stepFailed(WebUIKeywordMain.groovy:64)
	at com.kms.katalon.core.webui.keyword.builtin.VerifyTextPresentKeyword$_verifyTextPresent_closure1.doCall(VerifyTextPresentKeyword.groovy:79)
	at com.kms.katalon.core.webui.keyword.builtin.VerifyTextPresentKeyword$_verifyTextPresent_closure1.call(VerifyTextPresentKeyword.groovy)
	at com.kms.katalon.core.webui.keyword.internal.WebUIKeywordMain.runKeyword(WebUIKeywordMain.groovy:20)
	at com.kms.katalon.core.webui.keyword.builtin.VerifyTextPresentKeyword.verifyTextPresent(VerifyTextPresentKeyword.groovy:83)
	at com.kms.katalon.core.webui.keyword.builtin.VerifyTextPresentKeyword.execute(VerifyTextPresentKeyword.groovy:68)
	at com.kms.katalon.core.keyword.internal.KeywordExecutor.executeKeywordForPlatform(KeywordExecutor.groovy:74)
	at com.kms.katalon.core.webui.keyword.WebUiBuiltInKeywords.verifyTextPresent(WebUiBuiltInKeywords.groovy:1723)
	at com.kms.katalon.core.webui.keyword.WebUiBuiltInKeywords$verifyTextPresent$3.call(Unknown Source)
	at Debit-Credit.run(Debit-Credit:145)
	at com.kms.katalon.core.main.ScriptEngine.run(ScriptEngine.java:194)
	at com.kms.katalon.core.main.ScriptEngine.runScriptAsRawText(ScriptEngine.java:119)
	at com.kms.katalon.core.main.TestCaseExecutor.runScript(TestCaseExecutor.java:442)
	at com.kms.katalon.core.main.TestCaseExecutor.doExecute(TestCaseExecutor.java:433)
	at com.kms.katalon.core.main.TestCaseExecutor.processExecutionPhase(TestCaseExecutor.java:412)
	at com.kms.katalon.core.main.TestCaseExecutor.accessMainPhase(TestCaseExecutor.java:404)
	at com.kms.katalon.core.main.TestCaseExecutor.execute(TestCaseExecutor.java:281)
	at com.kms.katalon.core.main.TestSuiteExecutor.accessTestCaseMainPhase(TestSuiteExecutor.java:202)
	at com.kms.katalon.core.main.TestSuiteExecutor.accessTestSuiteMainPhase(TestSuiteExecutor.java:164)
	at com.kms.katalon.core.main.TestSuiteExecutor.execute(TestSuiteExecutor.java:105)
	at com.kms.katalon.core.main.TestCaseMain.startTestSuite(TestCaseMain.java:185)
	at com.kms.katalon.core.main.TestCaseMain$startTestSuite$0.call(Unknown Source)
	at TempTestSuite1674173784562.run(TempTestSuite1674173784562.groovy:36)
)
	at com.kms.katalon.core.keyword.internal.KeywordMain.stepFailed(KeywordMain.groovy:39)
	at com.kms.katalon.core.webui.keyword.internal.WebUIKeywordMain.stepFailed(WebUIKeywordMain.groovy:64)
	at com.kms.katalon.core.webui.keyword.builtin.VerifyTextPresentKeyword$_verifyTextPresent_closure1.doCall(VerifyTextPresentKeyword.groovy:79)
	at com.kms.katalon.core.webui.keyword.builtin.VerifyTextPresentKeyword$_verifyTextPresent_closure1.call(VerifyTextPresentKeyword.groovy)
	at com.kms.katalon.core.webui.keyword.internal.WebUIKeywordMain.runKeyword(WebUIKeywordMain.groovy:20)
	at com.kms.katalon.core.webui.keyword.builtin.VerifyTextPresentKeyword.verifyTextPresent(VerifyTextPresentKeyword.groovy:83)
	at com.kms.katalon.core.webui.keyword.builtin.VerifyTextPresentKeyword.execute(VerifyTextPresentKeyword.groovy:68)
	at com.kms.katalon.core.keyword.internal.KeywordExecutor.executeKeywordForPlatform(KeywordExecutor.groovy:74)
	at com.kms.katalon.core.webui.keyword.WebUiBuiltInKeywords.verifyTextPresent(WebUiBuiltInKeywords.groovy:1723)
	at com.kms.katalon.core.webui.keyword.WebUiBuiltInKeywords$verifyTextPresent$3.call(Unknown Source)
	at Debit-Credit.run(Debit-Credit:145)
	at com.kms.katalon.core.main.ScriptEngine.run(ScriptEngine.java:194)
	at com.kms.katalon.core.main.ScriptEngine.runScriptAsRawText(ScriptEngine.java:119)
	at com.kms.katalon.core.main.TestCaseExecutor.runScript(TestCaseExecutor.java:442)
	at com.kms.katalon.core.main.TestCaseExecutor.doExecute(TestCaseExecutor.java:433)
	at com.kms.katalon.core.main.TestCaseExecutor.processExecutionPhase(TestCaseExecutor.java:412)
	at com.kms.katalon.core.main.TestCaseExecutor.accessMainPhase(TestCaseExecutor.java:404)
	at com.kms.katalon.core.main.TestCaseExecutor.execute(TestCaseExecutor.java:281)
	at com.kms.katalon.core.main.TestSuiteExecutor.accessTestCaseMainPhase(TestSuiteExecutor.java:202)
	at com.kms.katalon.core.main.TestSuiteExecutor.accessTestSuiteMainPhase(TestSuiteExecutor.java:164)
	at com.kms.katalon.core.main.TestSuiteExecutor.execute(TestSuiteExecutor.java:105)
	at com.kms.katalon.core.main.TestCaseMain.startTestSuite(TestCaseMain.java:185)
	at com.kms.katalon.core.main.TestCaseMain$startTestSuite$0.call(Unknown Source)
	at TempTestSuite1674173784562.run(TempTestSuite1674173784562.groovy:36)
Caused by: com.kms.katalon.core.exception.StepFailedException: Text 'Transaction approved, no errors' is not present on page  using regular expression
	... 23 more
"/>
         <system-out><![CDATA[2023-01-19 19:24:13 - [TEST_CASE][FAILED] - Test Cases/RecAndPlayBk/VLink/Debit-Credit: Test Cases/RecAndPlayBk/VLink/Debit-Credit FAILED.
Reason:
com.kms.katalon.core.exception.StepFailedException: Text 'Transaction approved, no errors' is not present on page  using regular expression (Root cause: com.kms.katalon.core.exception.StepFailedException: Text 'Transaction approved, no errors' is not present on page  using regular expression
	at com.kms.katalon.core.webui.keyword.internal.WebUIKeywordMain.stepFailed(WebUIKeywordMain.groovy:64)
	at com.kms.katalon.core.webui.keyword.builtin.VerifyTextPresentKeyword$_verifyTextPresent_closure1.doCall(VerifyTextPresentKeyword.groovy:79)
	at com.kms.katalon.core.webui.keyword.builtin.VerifyTextPresentKeyword$_verifyTextPresent_closure1.call(VerifyTextPresentKeyword.groovy)
	at com.kms.katalon.core.webui.keyword.internal.WebUIKeywordMain.runKeyword(WebUIKeywordMain.groovy:20)
	at com.kms.katalon.core.webui.keyword.builtin.VerifyTextPresentKeyword.verifyTextPresent(VerifyTextPresentKeyword.groovy:83)
	at com.kms.katalon.core.webui.keyword.builtin.VerifyTextPresentKeyword.execute(VerifyTextPresentKeyword.groovy:68)
	at com.kms.katalon.core.keyword.internal.KeywordExecutor.executeKeywordForPlatform(KeywordExecutor.groovy:74)
	at com.kms.katalon.core.webui.keyword.WebUiBuiltInKeywords.verifyTextPresent(WebUiBuiltInKeywords.groovy:1723)
	at com.kms.katalon.core.webui.keyword.WebUiBuiltInKeywords$verifyTextPresent$3.call(Unknown Source)
	at Debit-Credit.run(Debit-Credit:145)
	at com.kms.katalon.core.main.ScriptEngine.run(ScriptEngine.java:194)
	at com.kms.katalon.core.main.ScriptEngine.runScriptAsRawText(ScriptEngine.java:119)
	at com.kms.katalon.core.main.TestCaseExecutor.runScript(TestCaseExecutor.java:442)
	at com.kms.katalon.core.main.TestCaseExecutor.doExecute(TestCaseExecutor.java:433)
	at com.kms.katalon.core.main.TestCaseExecutor.processExecutionPhase(TestCaseExecutor.java:412)
	at com.kms.katalon.core.main.TestCaseExecutor.accessMainPhase(TestCaseExecutor.java:404)
	at com.kms.katalon.core.main.TestCaseExecutor.execute(TestCaseExecutor.java:281)
	at com.kms.katalon.core.main.TestSuiteExecutor.accessTestCaseMainPhase(TestSuiteExecutor.java:202)
	at com.kms.katalon.core.main.TestSuiteExecutor.accessTestSuiteMainPhase(TestSuiteExecutor.java:164)
	at com.kms.katalon.core.main.TestSuiteExecutor.execute(TestSuiteExecutor.java:105)
	at com.kms.katalon.core.main.TestCaseMain.startTestSuite(TestCaseMain.java:185)
	at com.kms.katalon.core.main.TestCaseMain$startTestSuite$0.call(Unknown Source)
	at TempTestSuite1674173784562.run(TempTestSuite1674173784562.groovy:36)
)
	at com.kms.katalon.core.keyword.internal.KeywordMain.stepFailed(KeywordMain.groovy:39)
	at com.kms.katalon.core.webui.keyword.internal.WebUIKeywordMain.stepFailed(WebUIKeywordMain.groovy:64)
	at com.kms.katalon.core.webui.keyword.builtin.VerifyTextPresentKeyword$_verifyTextPresent_closure1.doCall(VerifyTextPresentKeyword.groovy:79)
	at com.kms.katalon.core.webui.keyword.builtin.VerifyTextPresentKeyword$_verifyTextPresent_closure1.call(VerifyTextPresentKeyword.groovy)
	at com.kms.katalon.core.webui.keyword.internal.WebUIKeywordMain.runKeyword(WebUIKeywordMain.groovy:20)
	at com.kms.katalon.core.webui.keyword.builtin.VerifyTextPresentKeyword.verifyTextPresent(VerifyTextPresentKeyword.groovy:83)
	at com.kms.katalon.core.webui.keyword.builtin.VerifyTextPresentKeyword.execute(VerifyTextPresentKeyword.groovy:68)
	at com.kms.katalon.core.keyword.internal.KeywordExecutor.executeKeywordForPlatform(KeywordExecutor.groovy:74)
	at com.kms.katalon.core.webui.keyword.WebUiBuiltInKeywords.verifyTextPresent(WebUiBuiltInKeywords.groovy:1723)
	at com.kms.katalon.core.webui.keyword.WebUiBuiltInKeywords$verifyTextPresent$3.call(Unknown Source)
	at Debit-Credit.run(Debit-Credit:145)
	at com.kms.katalon.core.main.ScriptEngine.run(ScriptEngine.java:194)
	at com.kms.katalon.core.main.ScriptEngine.runScriptAsRawText(ScriptEngine.java:119)
	at com.kms.katalon.core.main.TestCaseExecutor.runScript(TestCaseExecutor.java:442)
	at com.kms.katalon.core.main.TestCaseExecutor.doExecute(TestCaseExecutor.java:433)
	at com.kms.katalon.core.main.TestCaseExecutor.processExecutionPhase(TestCaseExecutor.java:412)
	at com.kms.katalon.core.main.TestCaseExecutor.accessMainPhase(TestCaseExecutor.java:404)
	at com.kms.katalon.core.main.TestCaseExecutor.execute(TestCaseExecutor.java:281)
	at com.kms.katalon.core.main.TestSuiteExecutor.accessTestCaseMainPhase(TestSuiteExecutor.java:202)
	at com.kms.katalon.core.main.TestSuiteExecutor.accessTestSuiteMainPhase(TestSuiteExecutor.java:164)
	at com.kms.katalon.core.main.TestSuiteExecutor.execute(TestSuiteExecutor.java:105)
	at com.kms.katalon.core.main.TestCaseMain.startTestSuite(TestCaseMain.java:185)
	at com.kms.katalon.core.main.TestCaseMain$startTestSuite$0.call(Unknown Source)
	at TempTestSuite1674173784562.run(TempTestSuite1674173784562.groovy:36)
Caused by: com.kms.katalon.core.exception.StepFailedException: Text 'Transaction approved, no errors' is not present on page  using regular expression
	... 23 more


2023-01-19 19:24:13 - [TEST_STEP][PASSED] - executionProfile = getExecutionProfile(): null

2023-01-19 19:24:13 - [TEST_STEP][PASSED] - out.println("executionProfile : " + executionProfile): null

2023-01-19 19:24:13 - [TEST_STEP][PASSED] - appName = <not implemented yet for class: org.codehaus.groovy.ast.expr.EmptyExpression>: null

2023-01-19 19:24:13 - [TEST_STEP][PASSED] - appID = <not implemented yet for class: org.codehaus.groovy.ast.expr.EmptyExpression>: null

2023-01-19 19:24:13 - [TEST_STEP][PASSED] - username = <not implemented yet for class: org.codehaus.groovy.ast.expr.EmptyExpression>: null

2023-01-19 19:24:13 - [TEST_STEP][PASSED] - password = <not implemented yet for class: org.codehaus.groovy.ast.expr.EmptyExpression>: null

2023-01-19 19:24:13 - [TEST_STEP][PASSED] - cardNameV = <not implemented yet for class: org.codehaus.groovy.ast.expr.EmptyExpression>: null

2023-01-19 19:24:13 - [TEST_STEP][PASSED] - al1V = <not implemented yet for class: org.codehaus.groovy.ast.expr.EmptyExpression>: null

2023-01-19 19:24:13 - [TEST_STEP][PASSED] - al2V = <not implemented yet for class: org.codehaus.groovy.ast.expr.EmptyExpression>: null

2023-01-19 19:24:13 - [TEST_STEP][PASSED] - zipV = <not implemented yet for class: org.codehaus.groovy.ast.expr.EmptyExpression>: null

2023-01-19 19:24:13 - [TEST_STEP][PASSED] - cardTypeV = <not implemented yet for class: org.codehaus.groovy.ast.expr.EmptyExpression>: null

2023-01-19 19:24:13 - [TEST_STEP][PASSED] - last4V = <not implemented yet for class: org.codehaus.groovy.ast.expr.EmptyExpression>: null

2023-01-19 19:24:13 - [TEST_STEP][PASSED] - resText = "Fail": null

2023-01-19 19:24:13 - [TEST_STEP][PASSED] - resColumn = "Result": null

2023-01-19 19:24:13 - [TEST_STEP][PASSED] - datCloumn = "Date": null

2023-01-19 19:24:13 - [TEST_STEP][PASSED] - fileLoc = "KatalonData/VLinkSmokeDataACH.xlsx": null

2023-01-19 19:24:13 - [TEST_STEP][PASSED] - numOfRows = <not implemented yet for class: org.codehaus.groovy.ast.expr.EmptyExpression>: null

2023-01-19 19:24:13 - [TEST_STEP][PASSED] - dataFile = <not implemented yet for class: org.codehaus.groovy.ast.expr.EmptyExpression>: null

2023-01-19 19:24:13 - [TEST_STEP][PASSED] - nameSheet = <not implemented yet for class: org.codehaus.groovy.ast.expr.EmptyExpression>: null

2023-01-19 19:24:13 - [TEST_STEP][PASSED] - nameSheet = "Debit-Credit": null

2023-01-19 19:24:13 - [TEST_STEP][PASSED] - numOfRows = findTestData("QA/VLinkTestData/VLinkDebitCreditData").getRowNumbers(): null

2023-01-19 19:24:13 - [TEST_STEP][PASSED] - println("Number of Records: " + numOfRows): null

2023-01-19 19:24:13 - [TEST_STEP][PASSED] - dataFile = "QA/VLinkTestData/VLinkDebitCreditData": null

2023-01-19 19:24:13 - [TEST_STEP][FAILED] - for ([row = 1, row <= numOfRows, (row++)]): null

2023-01-19 19:24:13 - [TEST_STEP][PASSED] - ExecuteTC = findTestData(dataFile).getValue("Execute", row): null

2023-01-19 19:24:13 - [TEST_STEP][PASSED] - out.println("Value of Execute is : " + ExecuteTC): null

2023-01-19 19:24:13 - [TEST_STEP][PASSED] - switch (executionProfile): null

2023-01-19 19:24:13 - [TEST_STEP][PASSED] - case "DemoProfile":: null

2023-01-19 19:24:13 - [TEST_STEP][PASSED] - appID = findTestData(dataFile).getValue("AppIDDemo", row): null

2023-01-19 19:24:13 - [TEST_STEP][PASSED] - username = findTestData(dataFile).getValue("UsernameDemo", row): null

2023-01-19 19:24:13 - [TEST_STEP][PASSED] - password = findTestData(dataFile).getValue("PasswordDemo", row): null

2023-01-19 19:24:13 - [TEST_STEP][PASSED] - break: null

2023-01-19 19:24:13 - [TEST_STEP][PASSED] - if (ExecuteTC.equalsIgnoreCase("Y")): null

2023-01-19 19:24:13 - [TEST_STEP][PASSED] - out.println("Begin Record Number: " + row): null

2023-01-19 19:24:13 - [TEST_STEP][PASSED] - today = new java.util.Date(): null

2023-01-19 19:24:13 - [TEST_STEP][PASSED] - println(today): null

2023-01-19 19:24:13 - [TEST_STEP][PASSED] - datText = today: null

2023-01-19 19:24:13 - [TEST_STEP][PASSED] - checkType = findTestData(dataFile).getValue("CheckType", row): null

2023-01-19 19:24:14 - [TEST_STEP][PASSED] - acNumber = findTestData(dataFile).getValue("AcNumber", row): null

2023-01-19 19:24:14 - [TEST_STEP][PASSED] - company = findTestData(dataFile).getValue("Company", row): null

2023-01-19 19:24:14 - [TEST_STEP][PASSED] - acType = findTestData(dataFile).getValue("AcType", row): null

2023-01-19 19:24:14 - [TEST_STEP][PASSED] - rtn = findTestData(dataFile).getValue("RTN", row): null

2023-01-19 19:24:14 - [TEST_STEP][PASSED] - amount = findTestData(dataFile).getValue("Amount", row): null

2023-01-19 19:24:14 - [TEST_STEP][PASSED] - sec = findTestData(dataFile).getValue("SEC", row): null

2023-01-19 19:24:14 - [TEST_STEP][PASSED] - openBrowser(VLinkURL + "debit.html"): Browser is opened with url: 'https://dev-algorithm.govolution.com/vlinktest/demo/version_2_0/debit.html'

2023-01-19 19:24:14 - [MESSAGE][WARNING] - A browser is already opened. Closing browser and opening a new one

2023-01-19 19:24:15 - [MESSAGE][INFO] - Starting 'Chrome' driver

2023-01-19 19:24:15 - [MESSAGE][INFO] - User set preference: ['acceptInsecureCerts', 'true']

2023-01-19 19:24:15 - [MESSAGE][INFO] - Action delay is set to 0 milliseconds

2023-01-19 19:24:17 - [MESSAGE][PASSED] - Browser is opened with url: 'https://dev-algorithm.govolution.com/vlinktest/demo/version_2_0/debit.html'

2023-01-19 19:24:17 - [TEST_STEP][PASSED] - maximizeWindow(): Current window maximized

2023-01-19 19:24:17 - [MESSAGE][PASSED] - Current window maximized

2023-01-19 19:24:17 - [TEST_STEP][PASSED] - genRemID = RandomStringUtils.random(12, true, true): null

2023-01-19 19:24:17 - [TEST_STEP][PASSED] - setText(findTestObject("RecAndPlayBk/Page-Vlink-Debit/input_Remittance Id"), genRemID): Text 'sw1R90jAbm3c' is set on object 'Object Repository/RecAndPlayBk/Page-Vlink-Debit/input_Remittance Id'

2023-01-19 19:24:18 - [MESSAGE][PASSED] - Text 'sw1R90jAbm3c' is set on object 'Object Repository/RecAndPlayBk/Page-Vlink-Debit/input_Remittance Id'

2023-01-19 19:24:18 - [TEST_STEP][PASSED] - setText(findTestObject("RecAndPlayBk/Page-Vlink-Debit/input_Application Id"), appID): Text '1773' is set on object 'Object Repository/RecAndPlayBk/Page-Vlink-Debit/input_Application Id'

2023-01-19 19:24:18 - [MESSAGE][PASSED] - Text '1773' is set on object 'Object Repository/RecAndPlayBk/Page-Vlink-Debit/input_Application Id'

2023-01-19 19:24:18 - [TEST_STEP][PASSED] - setText(findTestObject("RecAndPlayBk/Page-Vlink-Debit/input_Username"), username): Text 'username' is set on object 'Object Repository/RecAndPlayBk/Page-Vlink-Debit/input_Username'

2023-01-19 19:24:19 - [MESSAGE][PASSED] - Text 'username' is set on object 'Object Repository/RecAndPlayBk/Page-Vlink-Debit/input_Username'

2023-01-19 19:24:19 - [TEST_STEP][PASSED] - setText(findTestObject("RecAndPlayBk/Page-Vlink-Debit/input_Password"), password): Text 'password' is set on object 'Object Repository/RecAndPlayBk/Page-Vlink-Debit/input_Password'

2023-01-19 19:24:20 - [MESSAGE][PASSED] - Text 'password' is set on object 'Object Repository/RecAndPlayBk/Page-Vlink-Debit/input_Password'

2023-01-19 19:24:20 - [TEST_STEP][PASSED] - setText(findTestObject("RecAndPlayBk/Page-Vlink-Debit/input_Check Type"), checkType): Text 'P' is set on object 'Object Repository/RecAndPlayBk/Page-Vlink-Debit/input_Check Type'

2023-01-19 19:24:21 - [MESSAGE][PASSED] - Text 'P' is set on object 'Object Repository/RecAndPlayBk/Page-Vlink-Debit/input_Check Type'

2023-01-19 19:24:21 - [TEST_STEP][PASSED] - setText(findTestObject("RecAndPlayBk/Page-Vlink-Debit/input_Account_check"), acNumber): Text '58963214' is set on object 'Object Repository/RecAndPlayBk/Page-Vlink-Debit/input_Account_check'

2023-01-19 19:24:22 - [MESSAGE][PASSED] - Text '58963214' is set on object 'Object Repository/RecAndPlayBk/Page-Vlink-Debit/input_Account_check'

2023-01-19 19:24:22 - [TEST_STEP][PASSED] - setText(findTestObject("RecAndPlayBk/Page-Vlink-Debit/input_Company_check"), company): Text '' is set on object 'Object Repository/RecAndPlayBk/Page-Vlink-Debit/input_Company_check'

2023-01-19 19:24:23 - [MESSAGE][PASSED] - Text '' is set on object 'Object Repository/RecAndPlayBk/Page-Vlink-Debit/input_Company_check'

2023-01-19 19:24:23 - [TEST_STEP][PASSED] - setText(findTestObject("RecAndPlayBk/Page-Vlink-Debit/input_Account Type"), acType): Text '1' is set on object 'Object Repository/RecAndPlayBk/Page-Vlink-Debit/input_Account Type'

2023-01-19 19:24:23 - [MESSAGE][PASSED] - Text '1' is set on object 'Object Repository/RecAndPlayBk/Page-Vlink-Debit/input_Account Type'

2023-01-19 19:24:23 - [TEST_STEP][PASSED] - setText(findTestObject("RecAndPlayBk/Page-Vlink-Debit/input_Routing Number"), rtn): Text '256072691' is set on object 'Object Repository/RecAndPlayBk/Page-Vlink-Debit/input_Routing Number'

2023-01-19 19:24:24 - [MESSAGE][PASSED] - Text '256072691' is set on object 'Object Repository/RecAndPlayBk/Page-Vlink-Debit/input_Routing Number'

2023-01-19 19:24:24 - [TEST_STEP][PASSED] - setText(findTestObject("RecAndPlayBk/Page-Vlink-Debit/input_Amount"), amount): Text '12.50' is set on object 'Object Repository/RecAndPlayBk/Page-Vlink-Debit/input_Amount'

2023-01-19 19:24:25 - [MESSAGE][PASSED] - Text '12.50' is set on object 'Object Repository/RecAndPlayBk/Page-Vlink-Debit/input_Amount'

2023-01-19 19:24:25 - [TEST_STEP][PASSED] - setText(findTestObject("RecAndPlayBk/Page-Vlink-Debit/input_Check Email"), ""): Text '' is set on object 'Object Repository/RecAndPlayBk/Page-Vlink-Debit/input_Check Email'

2023-01-19 19:24:26 - [MESSAGE][PASSED] - Text '' is set on object 'Object Repository/RecAndPlayBk/Page-Vlink-Debit/input_Check Email'

2023-01-19 19:24:26 - [TEST_STEP][PASSED] - setText(findTestObject("Object Repository/RecAndPlayBk/Page-Vlink-Debit/input_concat(CheckWriter, , s SSN)_check_ssn"), ""): Text '' is set on object 'Object Repository/RecAndPlayBk/Page-Vlink-Debit/input_concat(CheckWriter, , s SSN)_check_ssn'

2023-01-19 19:24:27 - [MESSAGE][PASSED] - Text '' is set on object 'Object Repository/RecAndPlayBk/Page-Vlink-Debit/input_concat(CheckWriter, , s SSN)_check_ssn'

2023-01-19 19:24:27 - [TEST_STEP][PASSED] - setText(findTestObject("Object Repository/RecAndPlayBk/Page-Vlink-Debit/input_concat(CheckWriter, , s License Numbe_020fef"), ""): Text '' is set on object 'Object Repository/RecAndPlayBk/Page-Vlink-Debit/input_concat(CheckWriter, , s License Numbe_020fef'

2023-01-19 19:24:28 - [MESSAGE][PASSED] - Text '' is set on object 'Object Repository/RecAndPlayBk/Page-Vlink-Debit/input_concat(CheckWriter, , s License Numbe_020fef'

2023-01-19 19:24:28 - [TEST_STEP][PASSED] - setText(findTestObject("Object Repository/RecAndPlayBk/Page-Vlink-Debit/input_concat(CheckWriter, , s License State_21e3e7"), ""): Text '' is set on object 'Object Repository/RecAndPlayBk/Page-Vlink-Debit/input_concat(CheckWriter, , s License State_21e3e7'

2023-01-19 19:24:28 - [MESSAGE][PASSED] - Text '' is set on object 'Object Repository/RecAndPlayBk/Page-Vlink-Debit/input_concat(CheckWriter, , s License State_21e3e7'

2023-01-19 19:24:28 - [TEST_STEP][PASSED] - setText(findTestObject("RecAndPlayBk/Page-Vlink-Debit/input_Standard Entry Class"), sec): Text 'WEB' is set on object 'Object Repository/RecAndPlayBk/Page-Vlink-Debit/input_Standard Entry Class'

2023-01-19 19:24:29 - [MESSAGE][PASSED] - Text 'WEB' is set on object 'Object Repository/RecAndPlayBk/Page-Vlink-Debit/input_Standard Entry Class'

2023-01-19 19:24:29 - [TEST_STEP][PASSED] - click(findTestObject("Object Repository/RecAndPlayBk/Page-Vlink-Debit/input")): Object: 'Object Repository/RecAndPlayBk/Page-Vlink-Debit/input' is clicked on

2023-01-19 19:24:30 - [MESSAGE][PASSED] - Object: 'Object Repository/RecAndPlayBk/Page-Vlink-Debit/input' is clicked on

2023-01-19 19:24:30 - [TEST_STEP][PASSED] - if (verifyTextPresent("Transaction approved, no errors", true)): null

2023-01-19 19:24:31 - [MESSAGE][PASSED] - Text 'Transaction approved, no errors' is present on page  using regular expression

2023-01-19 19:24:31 - [TEST_STEP][PASSED] - println("Transaction Approved, no errors text is present on the Confirmation page"): null

2023-01-19 19:24:31 - [TEST_STEP][PASSED] - sdfo = getText(findTestObject("Object Repository/Page_VLinkReceipt/pre_STX")): Text of object 'Object Repository/Page_VLinkReceipt/pre_STX' is: '<STX>sw1R90jAbm3c                  2916657             0  Transaction approved, no errors                   0                                                                                                              <ETX>'

2023-01-19 19:24:31 - [MESSAGE][PASSED] - Text of object 'Object Repository/Page_VLinkReceipt/pre_STX' is: '<STX>sw1R90jAbm3c                  2916657             0  Transaction approved, no errors                   0                                                                                                              <ETX>'

2023-01-19 19:24:31 - [TEST_STEP][PASSED] - out.println("sdfo: " + sdfo): null

2023-01-19 19:24:31 - [TEST_STEP][PASSED] - remID = substring(5, 35).trim(): null

2023-01-19 19:24:31 - [TEST_STEP][PASSED] - out.println("remID: " + remID): null

2023-01-19 19:24:31 - [TEST_STEP][PASSED] - traxID = substring(35, 55).trim(): null

2023-01-19 19:24:31 - [TEST_STEP][PASSED] - out.println("traxID: " + traxID): null

2023-01-19 19:24:31 - [TEST_STEP][PASSED] - VLinkSaleRemID = remID: null

2023-01-19 19:24:31 - [TEST_STEP][PASSED] - VLinkSaleTranxID = traxID: null

2023-01-19 19:24:31 - [TEST_STEP][PASSED] - openBrowser(VLinkURL + "ACH_credit.html"): Browser is opened with url: 'https://dev-algorithm.govolution.com/vlinktest/demo/version_2_0/ACH_credit.html'

2023-01-19 19:24:31 - [MESSAGE][WARNING] - A browser is already opened. Closing browser and opening a new one

2023-01-19 19:24:32 - [MESSAGE][INFO] - Starting 'Chrome' driver

2023-01-19 19:24:32 - [MESSAGE][INFO] - User set preference: ['acceptInsecureCerts', 'true']

2023-01-19 19:24:32 - [MESSAGE][INFO] - Action delay is set to 0 milliseconds

2023-01-19 19:24:34 - [MESSAGE][PASSED] - Browser is opened with url: 'https://dev-algorithm.govolution.com/vlinktest/demo/version_2_0/ACH_credit.html'

2023-01-19 19:24:34 - [TEST_STEP][PASSED] - maximizeWindow(): Current window maximized

2023-01-19 19:24:34 - [MESSAGE][PASSED] - Current window maximized

2023-01-19 19:24:34 - [TEST_STEP][PASSED] - setText(findTestObject("Object Repository/RecAndPlayBk/Page-Vlink-ACH-Credit/input_Remittance Id"), VLinkSaleRemID): Text 'sw1R90jAbm3c' is set on object 'Object Repository/RecAndPlayBk/Page-Vlink-ACH-Credit/input_Remittance Id'

2023-01-19 19:24:35 - [MESSAGE][PASSED] - Text 'sw1R90jAbm3c' is set on object 'Object Repository/RecAndPlayBk/Page-Vlink-ACH-Credit/input_Remittance Id'

2023-01-19 19:24:35 - [TEST_STEP][PASSED] - setText(findTestObject("Object Repository/RecAndPlayBk/Page-Vlink-ACH-Credit/input_Application Id"), appID): Text '1773' is set on object 'Object Repository/RecAndPlayBk/Page-Vlink-ACH-Credit/input_Application Id'

2023-01-19 19:24:36 - [MESSAGE][PASSED] - Text '1773' is set on object 'Object Repository/RecAndPlayBk/Page-Vlink-ACH-Credit/input_Application Id'

2023-01-19 19:24:36 - [TEST_STEP][PASSED] - setText(findTestObject("Object Repository/RecAndPlayBk/Page-Vlink-ACH-Credit/input_Username"), username): Text 'username' is set on object 'Object Repository/RecAndPlayBk/Page-Vlink-ACH-Credit/input_Username'

2023-01-19 19:24:37 - [MESSAGE][PASSED] - Text 'username' is set on object 'Object Repository/RecAndPlayBk/Page-Vlink-ACH-Credit/input_Username'

2023-01-19 19:24:37 - [TEST_STEP][PASSED] - setText(findTestObject("Object Repository/RecAndPlayBk/Page-Vlink-ACH-Credit/input_Password"), password): Text 'password' is set on object 'Object Repository/RecAndPlayBk/Page-Vlink-ACH-Credit/input_Password'

2023-01-19 19:24:38 - [MESSAGE][PASSED] - Text 'password' is set on object 'Object Repository/RecAndPlayBk/Page-Vlink-ACH-Credit/input_Password'

2023-01-19 19:24:38 - [TEST_STEP][PASSED] - setText(findTestObject("Object Repository/RecAndPlayBk/Page-Vlink-ACH-Credit/input_Check Type"), checkType): Text 'P' is set on object 'Object Repository/RecAndPlayBk/Page-Vlink-ACH-Credit/input_Check Type'

2023-01-19 19:24:39 - [MESSAGE][PASSED] - Text 'P' is set on object 'Object Repository/RecAndPlayBk/Page-Vlink-ACH-Credit/input_Check Type'

2023-01-19 19:24:39 - [TEST_STEP][PASSED] - setText(findTestObject("Object Repository/RecAndPlayBk/Page-Vlink-ACH-Credit/input_Transaction ID"), VLinkSaleTranxID): Text '2916657' is set on object 'Object Repository/RecAndPlayBk/Page-Vlink-ACH-Credit/input_Transaction ID'

2023-01-19 19:24:39 - [MESSAGE][PASSED] - Text '2916657' is set on object 'Object Repository/RecAndPlayBk/Page-Vlink-ACH-Credit/input_Transaction ID'

2023-01-19 19:24:39 - [TEST_STEP][PASSED] - setText(findTestObject("Object Repository/RecAndPlayBk/Page-Vlink-ACH-Credit/input_Amount"), amount): Text '12.50' is set on object 'Object Repository/RecAndPlayBk/Page-Vlink-ACH-Credit/input_Amount'

2023-01-19 19:24:40 - [MESSAGE][PASSED] - Text '12.50' is set on object 'Object Repository/RecAndPlayBk/Page-Vlink-ACH-Credit/input_Amount'

2023-01-19 19:24:40 - [TEST_STEP][PASSED] - setText(findTestObject("Object Repository/RecAndPlayBk/Page-Vlink-ACH-Credit/input_Standard Entry Class"), sec): Text 'WEB' is set on object 'Object Repository/RecAndPlayBk/Page-Vlink-ACH-Credit/input_Standard Entry Class'

2023-01-19 19:24:41 - [MESSAGE][PASSED] - Text 'WEB' is set on object 'Object Repository/RecAndPlayBk/Page-Vlink-ACH-Credit/input_Standard Entry Class'

2023-01-19 19:24:41 - [TEST_STEP][PASSED] - setText(findTestObject("Object Repository/RecAndPlayBk/Page-Vlink-ACH-Credit/input_Account Number"), acNumber): Text '58963214' is set on object 'Object Repository/RecAndPlayBk/Page-Vlink-ACH-Credit/input_Account Number'

2023-01-19 19:24:42 - [MESSAGE][PASSED] - Text '58963214' is set on object 'Object Repository/RecAndPlayBk/Page-Vlink-ACH-Credit/input_Account Number'

2023-01-19 19:24:42 - [TEST_STEP][PASSED] - setText(findTestObject("Object Repository/RecAndPlayBk/Page-Vlink-ACH-Credit/input_Routing Number"), rtn): Text '256072691' is set on object 'Object Repository/RecAndPlayBk/Page-Vlink-ACH-Credit/input_Routing Number'

2023-01-19 19:24:43 - [MESSAGE][PASSED] - Text '256072691' is set on object 'Object Repository/RecAndPlayBk/Page-Vlink-ACH-Credit/input_Routing Number'

2023-01-19 19:24:43 - [TEST_STEP][PASSED] - click(findTestObject("Object Repository/RecAndPlayBk/Page-Vlink-ACH-Credit/input")): Object: 'Object Repository/RecAndPlayBk/Page-Vlink-ACH-Credit/input' is clicked on

2023-01-19 19:24:44 - [MESSAGE][PASSED] - Object: 'Object Repository/RecAndPlayBk/Page-Vlink-ACH-Credit/input' is clicked on

2023-01-19 19:24:44 - [TEST_STEP][PASSED] - if (verifyTextPresent("Transaction approved, no errors", true)): null

2023-01-19 19:24:44 - [MESSAGE][PASSED] - Text 'Transaction approved, no errors' is present on page  using regular expression

2023-01-19 19:24:44 - [TEST_STEP][PASSED] - println("Transaction Approved, no errors text is present on the Confirmation page"): null

2023-01-19 19:24:44 - [TEST_STEP][PASSED] - out.println("Pass Record Number: " + row): null

2023-01-19 19:24:44 - [TEST_STEP][PASSED] - resText = "Pass": null

2023-01-19 19:24:44 - [TEST_STEP][PASSED] - pages.WriteExcel.demoKey(resText, datText, resColumn, datCloumn, fileLoc, nameSheet, row): pages.WriteExcel.demoKey is PASSED

2023-01-19 19:24:44 - [MESSAGE][PASSED] - pages.WriteExcel.demoKey is PASSED

2023-01-19 19:24:44 - [TEST_STEP][PASSED] - ExecuteTC = findTestData(dataFile).getValue("Execute", row): null

2023-01-19 19:24:44 - [TEST_STEP][PASSED] - out.println("Value of Execute is : " + ExecuteTC): null

2023-01-19 19:24:44 - [TEST_STEP][PASSED] - switch (executionProfile): null

2023-01-19 19:24:44 - [TEST_STEP][PASSED] - case "DemoProfile":: null

2023-01-19 19:24:44 - [TEST_STEP][PASSED] - appID = findTestData(dataFile).getValue("AppIDDemo", row): null

2023-01-19 19:24:44 - [TEST_STEP][PASSED] - username = findTestData(dataFile).getValue("UsernameDemo", row): null

2023-01-19 19:24:44 - [TEST_STEP][PASSED] - password = findTestData(dataFile).getValue("PasswordDemo", row): null

2023-01-19 19:24:44 - [TEST_STEP][PASSED] - break: null

2023-01-19 19:24:44 - [TEST_STEP][PASSED] - if (ExecuteTC.equalsIgnoreCase("Y")): null

2023-01-19 19:24:44 - [TEST_STEP][PASSED] - out.println("Begin Record Number: " + row): null

2023-01-19 19:24:44 - [TEST_STEP][PASSED] - today = new java.util.Date(): null

2023-01-19 19:24:44 - [TEST_STEP][PASSED] - println(today): null

2023-01-19 19:24:44 - [TEST_STEP][PASSED] - datText = today: null

2023-01-19 19:24:44 - [TEST_STEP][PASSED] - checkType = findTestData(dataFile).getValue("CheckType", row): null

2023-01-19 19:24:44 - [TEST_STEP][PASSED] - acNumber = findTestData(dataFile).getValue("AcNumber", row): null

2023-01-19 19:24:44 - [TEST_STEP][PASSED] - company = findTestData(dataFile).getValue("Company", row): null

2023-01-19 19:24:45 - [TEST_STEP][PASSED] - acType = findTestData(dataFile).getValue("AcType", row): null

2023-01-19 19:24:45 - [TEST_STEP][PASSED] - rtn = findTestData(dataFile).getValue("RTN", row): null

2023-01-19 19:24:45 - [TEST_STEP][PASSED] - amount = findTestData(dataFile).getValue("Amount", row): null

2023-01-19 19:24:45 - [TEST_STEP][PASSED] - sec = findTestData(dataFile).getValue("SEC", row): null

2023-01-19 19:24:45 - [TEST_STEP][PASSED] - openBrowser(VLinkURL + "debit.html"): Browser is opened with url: 'https://dev-algorithm.govolution.com/vlinktest/demo/version_2_0/debit.html'

2023-01-19 19:24:45 - [MESSAGE][WARNING] - A browser is already opened. Closing browser and opening a new one

2023-01-19 19:24:46 - [MESSAGE][INFO] - Starting 'Chrome' driver

2023-01-19 19:24:46 - [MESSAGE][INFO] - User set preference: ['acceptInsecureCerts', 'true']

2023-01-19 19:24:46 - [MESSAGE][INFO] - Action delay is set to 0 milliseconds

2023-01-19 19:24:48 - [MESSAGE][PASSED] - Browser is opened with url: 'https://dev-algorithm.govolution.com/vlinktest/demo/version_2_0/debit.html'

2023-01-19 19:24:48 - [TEST_STEP][PASSED] - maximizeWindow(): Current window maximized

2023-01-19 19:24:48 - [MESSAGE][PASSED] - Current window maximized

2023-01-19 19:24:48 - [TEST_STEP][PASSED] - genRemID = RandomStringUtils.random(12, true, true): null

2023-01-19 19:24:48 - [TEST_STEP][PASSED] - setText(findTestObject("RecAndPlayBk/Page-Vlink-Debit/input_Remittance Id"), genRemID): Text 'fUxKXJtvx23V' is set on object 'Object Repository/RecAndPlayBk/Page-Vlink-Debit/input_Remittance Id'

2023-01-19 19:24:48 - [MESSAGE][PASSED] - Text 'fUxKXJtvx23V' is set on object 'Object Repository/RecAndPlayBk/Page-Vlink-Debit/input_Remittance Id'

2023-01-19 19:24:48 - [TEST_STEP][PASSED] - setText(findTestObject("RecAndPlayBk/Page-Vlink-Debit/input_Application Id"), appID): Text '1773' is set on object 'Object Repository/RecAndPlayBk/Page-Vlink-Debit/input_Application Id'

2023-01-19 19:24:49 - [MESSAGE][PASSED] - Text '1773' is set on object 'Object Repository/RecAndPlayBk/Page-Vlink-Debit/input_Application Id'

2023-01-19 19:24:49 - [TEST_STEP][PASSED] - setText(findTestObject("RecAndPlayBk/Page-Vlink-Debit/input_Username"), username): Text 'username' is set on object 'Object Repository/RecAndPlayBk/Page-Vlink-Debit/input_Username'

2023-01-19 19:24:50 - [MESSAGE][PASSED] - Text 'username' is set on object 'Object Repository/RecAndPlayBk/Page-Vlink-Debit/input_Username'

2023-01-19 19:24:50 - [TEST_STEP][PASSED] - setText(findTestObject("RecAndPlayBk/Page-Vlink-Debit/input_Password"), password): Text 'password' is set on object 'Object Repository/RecAndPlayBk/Page-Vlink-Debit/input_Password'

2023-01-19 19:24:51 - [MESSAGE][PASSED] - Text 'password' is set on object 'Object Repository/RecAndPlayBk/Page-Vlink-Debit/input_Password'

2023-01-19 19:24:51 - [TEST_STEP][PASSED] - setText(findTestObject("RecAndPlayBk/Page-Vlink-Debit/input_Check Type"), checkType): Text 'P' is set on object 'Object Repository/RecAndPlayBk/Page-Vlink-Debit/input_Check Type'

2023-01-19 19:24:52 - [MESSAGE][PASSED] - Text 'P' is set on object 'Object Repository/RecAndPlayBk/Page-Vlink-Debit/input_Check Type'

2023-01-19 19:24:52 - [TEST_STEP][PASSED] - setText(findTestObject("RecAndPlayBk/Page-Vlink-Debit/input_Account_check"), acNumber): Text '58963214' is set on object 'Object Repository/RecAndPlayBk/Page-Vlink-Debit/input_Account_check'

2023-01-19 19:24:53 - [MESSAGE][PASSED] - Text '58963214' is set on object 'Object Repository/RecAndPlayBk/Page-Vlink-Debit/input_Account_check'

2023-01-19 19:24:53 - [TEST_STEP][PASSED] - setText(findTestObject("RecAndPlayBk/Page-Vlink-Debit/input_Company_check"), company): Text '' is set on object 'Object Repository/RecAndPlayBk/Page-Vlink-Debit/input_Company_check'

2023-01-19 19:24:54 - [MESSAGE][PASSED] - Text '' is set on object 'Object Repository/RecAndPlayBk/Page-Vlink-Debit/input_Company_check'

2023-01-19 19:24:54 - [TEST_STEP][PASSED] - setText(findTestObject("RecAndPlayBk/Page-Vlink-Debit/input_Account Type"), acType): Text '1' is set on object 'Object Repository/RecAndPlayBk/Page-Vlink-Debit/input_Account Type'

2023-01-19 19:24:55 - [MESSAGE][PASSED] - Text '1' is set on object 'Object Repository/RecAndPlayBk/Page-Vlink-Debit/input_Account Type'

2023-01-19 19:24:55 - [TEST_STEP][PASSED] - setText(findTestObject("RecAndPlayBk/Page-Vlink-Debit/input_Routing Number"), rtn): Text '256072691' is set on object 'Object Repository/RecAndPlayBk/Page-Vlink-Debit/input_Routing Number'

2023-01-19 19:24:56 - [MESSAGE][PASSED] - Text '256072691' is set on object 'Object Repository/RecAndPlayBk/Page-Vlink-Debit/input_Routing Number'

2023-01-19 19:24:56 - [TEST_STEP][PASSED] - setText(findTestObject("RecAndPlayBk/Page-Vlink-Debit/input_Amount"), amount): Text '12.50' is set on object 'Object Repository/RecAndPlayBk/Page-Vlink-Debit/input_Amount'

2023-01-19 19:24:57 - [MESSAGE][PASSED] - Text '12.50' is set on object 'Object Repository/RecAndPlayBk/Page-Vlink-Debit/input_Amount'

2023-01-19 19:24:57 - [TEST_STEP][PASSED] - setText(findTestObject("RecAndPlayBk/Page-Vlink-Debit/input_Check Email"), ""): Text '' is set on object 'Object Repository/RecAndPlayBk/Page-Vlink-Debit/input_Check Email'

2023-01-19 19:24:57 - [MESSAGE][PASSED] - Text '' is set on object 'Object Repository/RecAndPlayBk/Page-Vlink-Debit/input_Check Email'

2023-01-19 19:24:57 - [TEST_STEP][PASSED] - setText(findTestObject("Object Repository/RecAndPlayBk/Page-Vlink-Debit/input_concat(CheckWriter, , s SSN)_check_ssn"), ""): Text '' is set on object 'Object Repository/RecAndPlayBk/Page-Vlink-Debit/input_concat(CheckWriter, , s SSN)_check_ssn'

2023-01-19 19:24:58 - [MESSAGE][PASSED] - Text '' is set on object 'Object Repository/RecAndPlayBk/Page-Vlink-Debit/input_concat(CheckWriter, , s SSN)_check_ssn'

2023-01-19 19:24:58 - [TEST_STEP][PASSED] - setText(findTestObject("Object Repository/RecAndPlayBk/Page-Vlink-Debit/input_concat(CheckWriter, , s License Numbe_020fef"), ""): Text '' is set on object 'Object Repository/RecAndPlayBk/Page-Vlink-Debit/input_concat(CheckWriter, , s License Numbe_020fef'

2023-01-19 19:24:59 - [MESSAGE][PASSED] - Text '' is set on object 'Object Repository/RecAndPlayBk/Page-Vlink-Debit/input_concat(CheckWriter, , s License Numbe_020fef'

2023-01-19 19:24:59 - [TEST_STEP][PASSED] - setText(findTestObject("Object Repository/RecAndPlayBk/Page-Vlink-Debit/input_concat(CheckWriter, , s License State_21e3e7"), ""): Text '' is set on object 'Object Repository/RecAndPlayBk/Page-Vlink-Debit/input_concat(CheckWriter, , s License State_21e3e7'

2023-01-19 19:25:00 - [MESSAGE][PASSED] - Text '' is set on object 'Object Repository/RecAndPlayBk/Page-Vlink-Debit/input_concat(CheckWriter, , s License State_21e3e7'

2023-01-19 19:25:00 - [TEST_STEP][PASSED] - setText(findTestObject("RecAndPlayBk/Page-Vlink-Debit/input_Standard Entry Class"), sec): Text 'TEL' is set on object 'Object Repository/RecAndPlayBk/Page-Vlink-Debit/input_Standard Entry Class'

2023-01-19 19:25:01 - [MESSAGE][PASSED] - Text 'TEL' is set on object 'Object Repository/RecAndPlayBk/Page-Vlink-Debit/input_Standard Entry Class'

2023-01-19 19:25:01 - [TEST_STEP][PASSED] - click(findTestObject("Object Repository/RecAndPlayBk/Page-Vlink-Debit/input")): Object: 'Object Repository/RecAndPlayBk/Page-Vlink-Debit/input' is clicked on

2023-01-19 19:25:02 - [MESSAGE][PASSED] - Object: 'Object Repository/RecAndPlayBk/Page-Vlink-Debit/input' is clicked on

2023-01-19 19:25:02 - [TEST_STEP][PASSED] - if (verifyTextPresent("Transaction approved, no errors", true)): null

2023-01-19 19:25:02 - [MESSAGE][PASSED] - Text 'Transaction approved, no errors' is present on page  using regular expression

2023-01-19 19:25:02 - [TEST_STEP][PASSED] - println("Transaction Approved, no errors text is present on the Confirmation page"): null

2023-01-19 19:25:02 - [TEST_STEP][PASSED] - sdfo = getText(findTestObject("Object Repository/Page_VLinkReceipt/pre_STX")): Text of object 'Object Repository/Page_VLinkReceipt/pre_STX' is: '<STX>fUxKXJtvx23V                  2916659             0  Transaction approved, no errors                   0                                                                                                              <ETX>'

2023-01-19 19:25:03 - [MESSAGE][PASSED] - Text of object 'Object Repository/Page_VLinkReceipt/pre_STX' is: '<STX>fUxKXJtvx23V                  2916659             0  Transaction approved, no errors                   0                                                                                                              <ETX>'

2023-01-19 19:25:03 - [TEST_STEP][PASSED] - out.println("sdfo: " + sdfo): null

2023-01-19 19:25:03 - [TEST_STEP][PASSED] - remID = substring(5, 35).trim(): null

2023-01-19 19:25:03 - [TEST_STEP][PASSED] - out.println("remID: " + remID): null

2023-01-19 19:25:03 - [TEST_STEP][PASSED] - traxID = substring(35, 55).trim(): null

2023-01-19 19:25:03 - [TEST_STEP][PASSED] - out.println("traxID: " + traxID): null

2023-01-19 19:25:03 - [TEST_STEP][PASSED] - VLinkSaleRemID = remID: null

2023-01-19 19:25:03 - [TEST_STEP][PASSED] - VLinkSaleTranxID = traxID: null

2023-01-19 19:25:03 - [TEST_STEP][PASSED] - openBrowser(VLinkURL + "ACH_credit.html"): Browser is opened with url: 'https://dev-algorithm.govolution.com/vlinktest/demo/version_2_0/ACH_credit.html'

2023-01-19 19:25:03 - [MESSAGE][WARNING] - A browser is already opened. Closing browser and opening a new one

2023-01-19 19:25:04 - [MESSAGE][INFO] - Starting 'Chrome' driver

2023-01-19 19:25:04 - [MESSAGE][INFO] - User set preference: ['acceptInsecureCerts', 'true']

2023-01-19 19:25:04 - [MESSAGE][INFO] - Action delay is set to 0 milliseconds

2023-01-19 19:25:05 - [MESSAGE][PASSED] - Browser is opened with url: 'https://dev-algorithm.govolution.com/vlinktest/demo/version_2_0/ACH_credit.html'

2023-01-19 19:25:05 - [TEST_STEP][PASSED] - maximizeWindow(): Current window maximized

2023-01-19 19:25:06 - [MESSAGE][PASSED] - Current window maximized

2023-01-19 19:25:06 - [TEST_STEP][PASSED] - setText(findTestObject("Object Repository/RecAndPlayBk/Page-Vlink-ACH-Credit/input_Remittance Id"), VLinkSaleRemID): Text 'fUxKXJtvx23V' is set on object 'Object Repository/RecAndPlayBk/Page-Vlink-ACH-Credit/input_Remittance Id'

2023-01-19 19:25:06 - [MESSAGE][PASSED] - Text 'fUxKXJtvx23V' is set on object 'Object Repository/RecAndPlayBk/Page-Vlink-ACH-Credit/input_Remittance Id'

2023-01-19 19:25:06 - [TEST_STEP][PASSED] - setText(findTestObject("Object Repository/RecAndPlayBk/Page-Vlink-ACH-Credit/input_Application Id"), appID): Text '1773' is set on object 'Object Repository/RecAndPlayBk/Page-Vlink-ACH-Credit/input_Application Id'

2023-01-19 19:25:07 - [MESSAGE][PASSED] - Text '1773' is set on object 'Object Repository/RecAndPlayBk/Page-Vlink-ACH-Credit/input_Application Id'

2023-01-19 19:25:07 - [TEST_STEP][PASSED] - setText(findTestObject("Object Repository/RecAndPlayBk/Page-Vlink-ACH-Credit/input_Username"), username): Text 'username' is set on object 'Object Repository/RecAndPlayBk/Page-Vlink-ACH-Credit/input_Username'

2023-01-19 19:25:08 - [MESSAGE][PASSED] - Text 'username' is set on object 'Object Repository/RecAndPlayBk/Page-Vlink-ACH-Credit/input_Username'

2023-01-19 19:25:08 - [TEST_STEP][PASSED] - setText(findTestObject("Object Repository/RecAndPlayBk/Page-Vlink-ACH-Credit/input_Password"), password): Text 'password' is set on object 'Object Repository/RecAndPlayBk/Page-Vlink-ACH-Credit/input_Password'

2023-01-19 19:25:09 - [MESSAGE][PASSED] - Text 'password' is set on object 'Object Repository/RecAndPlayBk/Page-Vlink-ACH-Credit/input_Password'

2023-01-19 19:25:09 - [TEST_STEP][PASSED] - setText(findTestObject("Object Repository/RecAndPlayBk/Page-Vlink-ACH-Credit/input_Check Type"), checkType): Text 'P' is set on object 'Object Repository/RecAndPlayBk/Page-Vlink-ACH-Credit/input_Check Type'

2023-01-19 19:25:10 - [MESSAGE][PASSED] - Text 'P' is set on object 'Object Repository/RecAndPlayBk/Page-Vlink-ACH-Credit/input_Check Type'

2023-01-19 19:25:10 - [TEST_STEP][PASSED] - setText(findTestObject("Object Repository/RecAndPlayBk/Page-Vlink-ACH-Credit/input_Transaction ID"), VLinkSaleTranxID): Text '2916659' is set on object 'Object Repository/RecAndPlayBk/Page-Vlink-ACH-Credit/input_Transaction ID'

2023-01-19 19:25:11 - [MESSAGE][PASSED] - Text '2916659' is set on object 'Object Repository/RecAndPlayBk/Page-Vlink-ACH-Credit/input_Transaction ID'

2023-01-19 19:25:11 - [TEST_STEP][PASSED] - setText(findTestObject("Object Repository/RecAndPlayBk/Page-Vlink-ACH-Credit/input_Amount"), amount): Text '12.50' is set on object 'Object Repository/RecAndPlayBk/Page-Vlink-ACH-Credit/input_Amount'

2023-01-19 19:25:12 - [MESSAGE][PASSED] - Text '12.50' is set on object 'Object Repository/RecAndPlayBk/Page-Vlink-ACH-Credit/input_Amount'

2023-01-19 19:25:12 - [TEST_STEP][PASSED] - setText(findTestObject("Object Repository/RecAndPlayBk/Page-Vlink-ACH-Credit/input_Standard Entry Class"), sec): Text 'TEL' is set on object 'Object Repository/RecAndPlayBk/Page-Vlink-ACH-Credit/input_Standard Entry Class'

2023-01-19 19:25:12 - [MESSAGE][PASSED] - Text 'TEL' is set on object 'Object Repository/RecAndPlayBk/Page-Vlink-ACH-Credit/input_Standard Entry Class'

2023-01-19 19:25:12 - [TEST_STEP][PASSED] - setText(findTestObject("Object Repository/RecAndPlayBk/Page-Vlink-ACH-Credit/input_Account Number"), acNumber): Text '58963214' is set on object 'Object Repository/RecAndPlayBk/Page-Vlink-ACH-Credit/input_Account Number'

2023-01-19 19:25:13 - [MESSAGE][PASSED] - Text '58963214' is set on object 'Object Repository/RecAndPlayBk/Page-Vlink-ACH-Credit/input_Account Number'

2023-01-19 19:25:13 - [TEST_STEP][PASSED] - setText(findTestObject("Object Repository/RecAndPlayBk/Page-Vlink-ACH-Credit/input_Routing Number"), rtn): Text '256072691' is set on object 'Object Repository/RecAndPlayBk/Page-Vlink-ACH-Credit/input_Routing Number'

2023-01-19 19:25:14 - [MESSAGE][PASSED] - Text '256072691' is set on object 'Object Repository/RecAndPlayBk/Page-Vlink-ACH-Credit/input_Routing Number'

2023-01-19 19:25:14 - [TEST_STEP][PASSED] - click(findTestObject("Object Repository/RecAndPlayBk/Page-Vlink-ACH-Credit/input")): Object: 'Object Repository/RecAndPlayBk/Page-Vlink-ACH-Credit/input' is clicked on

2023-01-19 19:25:15 - [MESSAGE][PASSED] - Object: 'Object Repository/RecAndPlayBk/Page-Vlink-ACH-Credit/input' is clicked on

2023-01-19 19:25:15 - [TEST_STEP][PASSED] - if (verifyTextPresent("Transaction approved, no errors", true)): null

2023-01-19 19:25:16 - [MESSAGE][PASSED] - Text 'Transaction approved, no errors' is present on page  using regular expression

2023-01-19 19:25:16 - [TEST_STEP][PASSED] - println("Transaction Approved, no errors text is present on the Confirmation page"): null

2023-01-19 19:25:16 - [TEST_STEP][PASSED] - out.println("Pass Record Number: " + row): null

2023-01-19 19:25:16 - [TEST_STEP][PASSED] - resText = "Pass": null

2023-01-19 19:25:16 - [TEST_STEP][PASSED] - pages.WriteExcel.demoKey(resText, datText, resColumn, datCloumn, fileLoc, nameSheet, row): pages.WriteExcel.demoKey is PASSED

2023-01-19 19:25:16 - [MESSAGE][PASSED] - pages.WriteExcel.demoKey is PASSED

2023-01-19 19:25:16 - [TEST_STEP][PASSED] - ExecuteTC = findTestData(dataFile).getValue("Execute", row): null

2023-01-19 19:25:16 - [TEST_STEP][PASSED] - out.println("Value of Execute is : " + ExecuteTC): null

2023-01-19 19:25:16 - [TEST_STEP][PASSED] - switch (executionProfile): null

2023-01-19 19:25:16 - [TEST_STEP][PASSED] - case "DemoProfile":: null

2023-01-19 19:25:16 - [TEST_STEP][PASSED] - appID = findTestData(dataFile).getValue("AppIDDemo", row): null

2023-01-19 19:25:16 - [TEST_STEP][PASSED] - username = findTestData(dataFile).getValue("UsernameDemo", row): null

2023-01-19 19:25:16 - [TEST_STEP][PASSED] - password = findTestData(dataFile).getValue("PasswordDemo", row): null

2023-01-19 19:25:16 - [TEST_STEP][PASSED] - break: null

2023-01-19 19:25:16 - [TEST_STEP][PASSED] - if (ExecuteTC.equalsIgnoreCase("Y")): null

2023-01-19 19:25:16 - [TEST_STEP][PASSED] - out.println("Begin Record Number: " + row): null

2023-01-19 19:25:16 - [TEST_STEP][PASSED] - today = new java.util.Date(): null

2023-01-19 19:25:16 - [TEST_STEP][PASSED] - println(today): null

2023-01-19 19:25:16 - [TEST_STEP][PASSED] - datText = today: null

2023-01-19 19:25:16 - [TEST_STEP][PASSED] - checkType = findTestData(dataFile).getValue("CheckType", row): null

2023-01-19 19:25:16 - [TEST_STEP][PASSED] - acNumber = findTestData(dataFile).getValue("AcNumber", row): null

2023-01-19 19:25:16 - [TEST_STEP][PASSED] - company = findTestData(dataFile).getValue("Company", row): null

2023-01-19 19:25:16 - [TEST_STEP][PASSED] - acType = findTestData(dataFile).getValue("AcType", row): null

2023-01-19 19:25:16 - [TEST_STEP][PASSED] - rtn = findTestData(dataFile).getValue("RTN", row): null

2023-01-19 19:25:16 - [TEST_STEP][PASSED] - amount = findTestData(dataFile).getValue("Amount", row): null

2023-01-19 19:25:16 - [TEST_STEP][PASSED] - sec = findTestData(dataFile).getValue("SEC", row): null

2023-01-19 19:25:16 - [TEST_STEP][PASSED] - openBrowser(VLinkURL + "debit.html"): Browser is opened with url: 'https://dev-algorithm.govolution.com/vlinktest/demo/version_2_0/debit.html'

2023-01-19 19:25:16 - [MESSAGE][WARNING] - A browser is already opened. Closing browser and opening a new one

2023-01-19 19:25:17 - [MESSAGE][INFO] - Starting 'Chrome' driver

2023-01-19 19:25:17 - [MESSAGE][INFO] - User set preference: ['acceptInsecureCerts', 'true']

2023-01-19 19:25:17 - [MESSAGE][INFO] - Action delay is set to 0 milliseconds

2023-01-19 19:25:19 - [MESSAGE][PASSED] - Browser is opened with url: 'https://dev-algorithm.govolution.com/vlinktest/demo/version_2_0/debit.html'

2023-01-19 19:25:19 - [TEST_STEP][PASSED] - maximizeWindow(): Current window maximized

2023-01-19 19:25:19 - [MESSAGE][PASSED] - Current window maximized

2023-01-19 19:25:19 - [TEST_STEP][PASSED] - genRemID = RandomStringUtils.random(12, true, true): null

2023-01-19 19:25:19 - [TEST_STEP][PASSED] - setText(findTestObject("RecAndPlayBk/Page-Vlink-Debit/input_Remittance Id"), genRemID): Text 'MtAXSWlmld89' is set on object 'Object Repository/RecAndPlayBk/Page-Vlink-Debit/input_Remittance Id'

2023-01-19 19:25:20 - [MESSAGE][PASSED] - Text 'MtAXSWlmld89' is set on object 'Object Repository/RecAndPlayBk/Page-Vlink-Debit/input_Remittance Id'

2023-01-19 19:25:20 - [TEST_STEP][PASSED] - setText(findTestObject("RecAndPlayBk/Page-Vlink-Debit/input_Application Id"), appID): Text '1773' is set on object 'Object Repository/RecAndPlayBk/Page-Vlink-Debit/input_Application Id'

2023-01-19 19:25:21 - [MESSAGE][PASSED] - Text '1773' is set on object 'Object Repository/RecAndPlayBk/Page-Vlink-Debit/input_Application Id'

2023-01-19 19:25:21 - [TEST_STEP][PASSED] - setText(findTestObject("RecAndPlayBk/Page-Vlink-Debit/input_Username"), username): Text 'username' is set on object 'Object Repository/RecAndPlayBk/Page-Vlink-Debit/input_Username'

2023-01-19 19:25:22 - [MESSAGE][PASSED] - Text 'username' is set on object 'Object Repository/RecAndPlayBk/Page-Vlink-Debit/input_Username'

2023-01-19 19:25:22 - [TEST_STEP][PASSED] - setText(findTestObject("RecAndPlayBk/Page-Vlink-Debit/input_Password"), password): Text 'password' is set on object 'Object Repository/RecAndPlayBk/Page-Vlink-Debit/input_Password'

2023-01-19 19:25:22 - [MESSAGE][PASSED] - Text 'password' is set on object 'Object Repository/RecAndPlayBk/Page-Vlink-Debit/input_Password'

2023-01-19 19:25:22 - [TEST_STEP][PASSED] - setText(findTestObject("RecAndPlayBk/Page-Vlink-Debit/input_Check Type"), checkType): Text 'P' is set on object 'Object Repository/RecAndPlayBk/Page-Vlink-Debit/input_Check Type'

2023-01-19 19:25:23 - [MESSAGE][PASSED] - Text 'P' is set on object 'Object Repository/RecAndPlayBk/Page-Vlink-Debit/input_Check Type'

2023-01-19 19:25:23 - [TEST_STEP][PASSED] - setText(findTestObject("RecAndPlayBk/Page-Vlink-Debit/input_Account_check"), acNumber): Text '58963214' is set on object 'Object Repository/RecAndPlayBk/Page-Vlink-Debit/input_Account_check'

2023-01-19 19:25:24 - [MESSAGE][PASSED] - Text '58963214' is set on object 'Object Repository/RecAndPlayBk/Page-Vlink-Debit/input_Account_check'

2023-01-19 19:25:24 - [TEST_STEP][PASSED] - setText(findTestObject("RecAndPlayBk/Page-Vlink-Debit/input_Company_check"), company): Text '' is set on object 'Object Repository/RecAndPlayBk/Page-Vlink-Debit/input_Company_check'

2023-01-19 19:25:25 - [MESSAGE][PASSED] - Text '' is set on object 'Object Repository/RecAndPlayBk/Page-Vlink-Debit/input_Company_check'

2023-01-19 19:25:25 - [TEST_STEP][PASSED] - setText(findTestObject("RecAndPlayBk/Page-Vlink-Debit/input_Account Type"), acType): Text '1' is set on object 'Object Repository/RecAndPlayBk/Page-Vlink-Debit/input_Account Type'

2023-01-19 19:25:26 - [MESSAGE][PASSED] - Text '1' is set on object 'Object Repository/RecAndPlayBk/Page-Vlink-Debit/input_Account Type'

2023-01-19 19:25:26 - [TEST_STEP][PASSED] - setText(findTestObject("RecAndPlayBk/Page-Vlink-Debit/input_Routing Number"), rtn): Text '256072691' is set on object 'Object Repository/RecAndPlayBk/Page-Vlink-Debit/input_Routing Number'

2023-01-19 19:25:27 - [MESSAGE][PASSED] - Text '256072691' is set on object 'Object Repository/RecAndPlayBk/Page-Vlink-Debit/input_Routing Number'

2023-01-19 19:25:27 - [TEST_STEP][PASSED] - setText(findTestObject("RecAndPlayBk/Page-Vlink-Debit/input_Amount"), amount): Text '12.50' is set on object 'Object Repository/RecAndPlayBk/Page-Vlink-Debit/input_Amount'

2023-01-19 19:25:28 - [MESSAGE][PASSED] - Text '12.50' is set on object 'Object Repository/RecAndPlayBk/Page-Vlink-Debit/input_Amount'

2023-01-19 19:25:28 - [TEST_STEP][PASSED] - setText(findTestObject("RecAndPlayBk/Page-Vlink-Debit/input_Check Email"), ""): Text '' is set on object 'Object Repository/RecAndPlayBk/Page-Vlink-Debit/input_Check Email'

2023-01-19 19:25:28 - [MESSAGE][PASSED] - Text '' is set on object 'Object Repository/RecAndPlayBk/Page-Vlink-Debit/input_Check Email'

2023-01-19 19:25:28 - [TEST_STEP][PASSED] - setText(findTestObject("Object Repository/RecAndPlayBk/Page-Vlink-Debit/input_concat(CheckWriter, , s SSN)_check_ssn"), ""): Text '' is set on object 'Object Repository/RecAndPlayBk/Page-Vlink-Debit/input_concat(CheckWriter, , s SSN)_check_ssn'

2023-01-19 19:25:29 - [MESSAGE][PASSED] - Text '' is set on object 'Object Repository/RecAndPlayBk/Page-Vlink-Debit/input_concat(CheckWriter, , s SSN)_check_ssn'

2023-01-19 19:25:29 - [TEST_STEP][PASSED] - setText(findTestObject("Object Repository/RecAndPlayBk/Page-Vlink-Debit/input_concat(CheckWriter, , s License Numbe_020fef"), ""): Text '' is set on object 'Object Repository/RecAndPlayBk/Page-Vlink-Debit/input_concat(CheckWriter, , s License Numbe_020fef'

2023-01-19 19:25:30 - [MESSAGE][PASSED] - Text '' is set on object 'Object Repository/RecAndPlayBk/Page-Vlink-Debit/input_concat(CheckWriter, , s License Numbe_020fef'

2023-01-19 19:25:30 - [TEST_STEP][PASSED] - setText(findTestObject("Object Repository/RecAndPlayBk/Page-Vlink-Debit/input_concat(CheckWriter, , s License State_21e3e7"), ""): Text '' is set on object 'Object Repository/RecAndPlayBk/Page-Vlink-Debit/input_concat(CheckWriter, , s License State_21e3e7'

2023-01-19 19:25:31 - [MESSAGE][PASSED] - Text '' is set on object 'Object Repository/RecAndPlayBk/Page-Vlink-Debit/input_concat(CheckWriter, , s License State_21e3e7'

2023-01-19 19:25:31 - [TEST_STEP][PASSED] - setText(findTestObject("RecAndPlayBk/Page-Vlink-Debit/input_Standard Entry Class"), sec): Text 'PPD' is set on object 'Object Repository/RecAndPlayBk/Page-Vlink-Debit/input_Standard Entry Class'

2023-01-19 19:25:32 - [MESSAGE][PASSED] - Text 'PPD' is set on object 'Object Repository/RecAndPlayBk/Page-Vlink-Debit/input_Standard Entry Class'

2023-01-19 19:25:32 - [TEST_STEP][PASSED] - click(findTestObject("Object Repository/RecAndPlayBk/Page-Vlink-Debit/input")): Object: 'Object Repository/RecAndPlayBk/Page-Vlink-Debit/input' is clicked on

2023-01-19 19:25:33 - [MESSAGE][PASSED] - Object: 'Object Repository/RecAndPlayBk/Page-Vlink-Debit/input' is clicked on

2023-01-19 19:25:33 - [TEST_STEP][PASSED] - if (verifyTextPresent("Transaction approved, no errors", true)): null

2023-01-19 19:25:33 - [MESSAGE][PASSED] - Text 'Transaction approved, no errors' is present on page  using regular expression

2023-01-19 19:25:33 - [TEST_STEP][PASSED] - println("Transaction Approved, no errors text is present on the Confirmation page"): null

2023-01-19 19:25:33 - [TEST_STEP][PASSED] - sdfo = getText(findTestObject("Object Repository/Page_VLinkReceipt/pre_STX")): Text of object 'Object Repository/Page_VLinkReceipt/pre_STX' is: '<STX>MtAXSWlmld89                  2916661             0  Transaction approved, no errors                   0                                                                                                              <ETX>'

2023-01-19 19:25:33 - [MESSAGE][PASSED] - Text of object 'Object Repository/Page_VLinkReceipt/pre_STX' is: '<STX>MtAXSWlmld89                  2916661             0  Transaction approved, no errors                   0                                                                                                              <ETX>'

2023-01-19 19:25:33 - [TEST_STEP][PASSED] - out.println("sdfo: " + sdfo): null

2023-01-19 19:25:33 - [TEST_STEP][PASSED] - remID = substring(5, 35).trim(): null

2023-01-19 19:25:33 - [TEST_STEP][PASSED] - out.println("remID: " + remID): null

2023-01-19 19:25:33 - [TEST_STEP][PASSED] - traxID = substring(35, 55).trim(): null

2023-01-19 19:25:33 - [TEST_STEP][PASSED] - out.println("traxID: " + traxID): null

2023-01-19 19:25:33 - [TEST_STEP][PASSED] - VLinkSaleRemID = remID: null

2023-01-19 19:25:33 - [TEST_STEP][PASSED] - VLinkSaleTranxID = traxID: null

2023-01-19 19:25:33 - [TEST_STEP][PASSED] - openBrowser(VLinkURL + "ACH_credit.html"): Browser is opened with url: 'https://dev-algorithm.govolution.com/vlinktest/demo/version_2_0/ACH_credit.html'

2023-01-19 19:25:33 - [MESSAGE][WARNING] - A browser is already opened. Closing browser and opening a new one

2023-01-19 19:25:34 - [MESSAGE][INFO] - Starting 'Chrome' driver

2023-01-19 19:25:34 - [MESSAGE][INFO] - User set preference: ['acceptInsecureCerts', 'true']

2023-01-19 19:25:34 - [MESSAGE][INFO] - Action delay is set to 0 milliseconds

2023-01-19 19:25:36 - [MESSAGE][PASSED] - Browser is opened with url: 'https://dev-algorithm.govolution.com/vlinktest/demo/version_2_0/ACH_credit.html'

2023-01-19 19:25:36 - [TEST_STEP][PASSED] - maximizeWindow(): Current window maximized

2023-01-19 19:25:36 - [MESSAGE][PASSED] - Current window maximized

2023-01-19 19:25:36 - [TEST_STEP][PASSED] - setText(findTestObject("Object Repository/RecAndPlayBk/Page-Vlink-ACH-Credit/input_Remittance Id"), VLinkSaleRemID): Text 'MtAXSWlmld89' is set on object 'Object Repository/RecAndPlayBk/Page-Vlink-ACH-Credit/input_Remittance Id'

2023-01-19 19:25:37 - [MESSAGE][PASSED] - Text 'MtAXSWlmld89' is set on object 'Object Repository/RecAndPlayBk/Page-Vlink-ACH-Credit/input_Remittance Id'

2023-01-19 19:25:37 - [TEST_STEP][PASSED] - setText(findTestObject("Object Repository/RecAndPlayBk/Page-Vlink-ACH-Credit/input_Application Id"), appID): Text '1773' is set on object 'Object Repository/RecAndPlayBk/Page-Vlink-ACH-Credit/input_Application Id'

2023-01-19 19:25:38 - [MESSAGE][PASSED] - Text '1773' is set on object 'Object Repository/RecAndPlayBk/Page-Vlink-ACH-Credit/input_Application Id'

2023-01-19 19:25:38 - [TEST_STEP][PASSED] - setText(findTestObject("Object Repository/RecAndPlayBk/Page-Vlink-ACH-Credit/input_Username"), username): Text 'username' is set on object 'Object Repository/RecAndPlayBk/Page-Vlink-ACH-Credit/input_Username'

2023-01-19 19:25:39 - [MESSAGE][PASSED] - Text 'username' is set on object 'Object Repository/RecAndPlayBk/Page-Vlink-ACH-Credit/input_Username'

2023-01-19 19:25:39 - [TEST_STEP][PASSED] - setText(findTestObject("Object Repository/RecAndPlayBk/Page-Vlink-ACH-Credit/input_Password"), password): Text 'password' is set on object 'Object Repository/RecAndPlayBk/Page-Vlink-ACH-Credit/input_Password'

2023-01-19 19:25:39 - [MESSAGE][PASSED] - Text 'password' is set on object 'Object Repository/RecAndPlayBk/Page-Vlink-ACH-Credit/input_Password'

2023-01-19 19:25:39 - [TEST_STEP][PASSED] - setText(findTestObject("Object Repository/RecAndPlayBk/Page-Vlink-ACH-Credit/input_Check Type"), checkType): Text 'P' is set on object 'Object Repository/RecAndPlayBk/Page-Vlink-ACH-Credit/input_Check Type'

2023-01-19 19:25:40 - [MESSAGE][PASSED] - Text 'P' is set on object 'Object Repository/RecAndPlayBk/Page-Vlink-ACH-Credit/input_Check Type'

2023-01-19 19:25:40 - [TEST_STEP][PASSED] - setText(findTestObject("Object Repository/RecAndPlayBk/Page-Vlink-ACH-Credit/input_Transaction ID"), VLinkSaleTranxID): Text '2916661' is set on object 'Object Repository/RecAndPlayBk/Page-Vlink-ACH-Credit/input_Transaction ID'

2023-01-19 19:25:41 - [MESSAGE][PASSED] - Text '2916661' is set on object 'Object Repository/RecAndPlayBk/Page-Vlink-ACH-Credit/input_Transaction ID'

2023-01-19 19:25:41 - [TEST_STEP][PASSED] - setText(findTestObject("Object Repository/RecAndPlayBk/Page-Vlink-ACH-Credit/input_Amount"), amount): Text '12.50' is set on object 'Object Repository/RecAndPlayBk/Page-Vlink-ACH-Credit/input_Amount'

2023-01-19 19:25:42 - [MESSAGE][PASSED] - Text '12.50' is set on object 'Object Repository/RecAndPlayBk/Page-Vlink-ACH-Credit/input_Amount'

2023-01-19 19:25:42 - [TEST_STEP][PASSED] - setText(findTestObject("Object Repository/RecAndPlayBk/Page-Vlink-ACH-Credit/input_Standard Entry Class"), sec): Text 'PPD' is set on object 'Object Repository/RecAndPlayBk/Page-Vlink-ACH-Credit/input_Standard Entry Class'

2023-01-19 19:25:43 - [MESSAGE][PASSED] - Text 'PPD' is set on object 'Object Repository/RecAndPlayBk/Page-Vlink-ACH-Credit/input_Standard Entry Class'

2023-01-19 19:25:43 - [TEST_STEP][PASSED] - setText(findTestObject("Object Repository/RecAndPlayBk/Page-Vlink-ACH-Credit/input_Account Number"), acNumber): Text '58963214' is set on object 'Object Repository/RecAndPlayBk/Page-Vlink-ACH-Credit/input_Account Number'

2023-01-19 19:25:44 - [MESSAGE][PASSED] - Text '58963214' is set on object 'Object Repository/RecAndPlayBk/Page-Vlink-ACH-Credit/input_Account Number'

2023-01-19 19:25:44 - [TEST_STEP][PASSED] - setText(findTestObject("Object Repository/RecAndPlayBk/Page-Vlink-ACH-Credit/input_Routing Number"), rtn): Text '256072691' is set on object 'Object Repository/RecAndPlayBk/Page-Vlink-ACH-Credit/input_Routing Number'

2023-01-19 19:25:45 - [MESSAGE][PASSED] - Text '256072691' is set on object 'Object Repository/RecAndPlayBk/Page-Vlink-ACH-Credit/input_Routing Number'

2023-01-19 19:25:45 - [TEST_STEP][PASSED] - click(findTestObject("Object Repository/RecAndPlayBk/Page-Vlink-ACH-Credit/input")): Object: 'Object Repository/RecAndPlayBk/Page-Vlink-ACH-Credit/input' is clicked on

2023-01-19 19:25:45 - [MESSAGE][PASSED] - Object: 'Object Repository/RecAndPlayBk/Page-Vlink-ACH-Credit/input' is clicked on

2023-01-19 19:25:45 - [TEST_STEP][PASSED] - if (verifyTextPresent("Transaction approved, no errors", true)): null

2023-01-19 19:25:46 - [MESSAGE][PASSED] - Text 'Transaction approved, no errors' is present on page  using regular expression

2023-01-19 19:25:46 - [TEST_STEP][PASSED] - println("Transaction Approved, no errors text is present on the Confirmation page"): null

2023-01-19 19:25:46 - [TEST_STEP][PASSED] - out.println("Pass Record Number: " + row): null

2023-01-19 19:25:46 - [TEST_STEP][PASSED] - resText = "Pass": null

2023-01-19 19:25:46 - [TEST_STEP][PASSED] - pages.WriteExcel.demoKey(resText, datText, resColumn, datCloumn, fileLoc, nameSheet, row): pages.WriteExcel.demoKey is PASSED

2023-01-19 19:25:46 - [MESSAGE][PASSED] - pages.WriteExcel.demoKey is PASSED

2023-01-19 19:25:46 - [TEST_STEP][PASSED] - ExecuteTC = findTestData(dataFile).getValue("Execute", row): null

2023-01-19 19:25:46 - [TEST_STEP][PASSED] - out.println("Value of Execute is : " + ExecuteTC): null

2023-01-19 19:25:46 - [TEST_STEP][PASSED] - switch (executionProfile): null

2023-01-19 19:25:46 - [TEST_STEP][PASSED] - case "DemoProfile":: null

2023-01-19 19:25:46 - [TEST_STEP][PASSED] - appID = findTestData(dataFile).getValue("AppIDDemo", row): null

2023-01-19 19:25:46 - [TEST_STEP][PASSED] - username = findTestData(dataFile).getValue("UsernameDemo", row): null

2023-01-19 19:25:46 - [TEST_STEP][PASSED] - password = findTestData(dataFile).getValue("PasswordDemo", row): null

2023-01-19 19:25:46 - [TEST_STEP][PASSED] - break: null

2023-01-19 19:25:46 - [TEST_STEP][FAILED] - if (ExecuteTC.equalsIgnoreCase("Y")): Text 'Transaction approved, no errors' is not present on page  using regular expression (Root cause: com.kms.katalon.core.exception.StepFailedException: Text 'Transaction approved, no errors' is not present on page  using regular expression
	at com.kms.katalon.core.webui.keyword.internal.WebUIKeywordMain.stepFailed(WebUIKeywordMain.groovy:64)
	at com.kms.katalon.core.webui.keyword.builtin.VerifyTextPresentKeyword$_verifyTextPresent_closure1.doCall(VerifyTextPresentKeyword.groovy:79)
	at com.kms.katalon.core.webui.keyword.builtin.VerifyTextPresentKeyword$_verifyTextPresent_closure1.call(VerifyTextPresentKeyword.groovy)
	at com.kms.katalon.core.webui.keyword.internal.WebUIKeywordMain.runKeyword(WebUIKeywordMain.groovy:20)
	at com.kms.katalon.core.webui.keyword.builtin.VerifyTextPresentKeyword.verifyTextPresent(VerifyTextPresentKeyword.groovy:83)
	at com.kms.katalon.core.webui.keyword.builtin.VerifyTextPresentKeyword.execute(VerifyTextPresentKeyword.groovy:68)
	at com.kms.katalon.core.keyword.internal.KeywordExecutor.executeKeywordForPlatform(KeywordExecutor.groovy:74)
	at com.kms.katalon.core.webui.keyword.WebUiBuiltInKeywords.verifyTextPresent(WebUiBuiltInKeywords.groovy:1723)
	at com.kms.katalon.core.webui.keyword.WebUiBuiltInKeywords$verifyTextPresent$3.call(Unknown Source)
	at Debit-Credit.run(Debit-Credit:145)
	at com.kms.katalon.core.main.ScriptEngine.run(ScriptEngine.java:194)
	at com.kms.katalon.core.main.ScriptEngine.runScriptAsRawText(ScriptEngine.java:119)
	at com.kms.katalon.core.main.TestCaseExecutor.runScript(TestCaseExecutor.java:442)
	at com.kms.katalon.core.main.TestCaseExecutor.doExecute(TestCaseExecutor.java:433)
	at com.kms.katalon.core.main.TestCaseExecutor.processExecutionPhase(TestCaseExecutor.java:412)
	at com.kms.katalon.core.main.TestCaseExecutor.accessMainPhase(TestCaseExecutor.java:404)
	at com.kms.katalon.core.main.TestCaseExecutor.execute(TestCaseExecutor.java:281)
	at com.kms.katalon.core.main.TestSuiteExecutor.accessTestCaseMainPhase(TestSuiteExecutor.java:202)
	at com.kms.katalon.core.main.TestSuiteExecutor.accessTestSuiteMainPhase(TestSuiteExecutor.java:164)
	at com.kms.katalon.core.main.TestSuiteExecutor.execute(TestSuiteExecutor.java:105)
	at com.kms.katalon.core.main.TestCaseMain.startTestSuite(TestCaseMain.java:185)
	at com.kms.katalon.core.main.TestCaseMain$startTestSuite$0.call(Unknown Source)
	at TempTestSuite1674173784562.run(TempTestSuite1674173784562.groovy:36)
)

2023-01-19 19:25:46 - [TEST_STEP][PASSED] - out.println("Begin Record Number: " + row): null

2023-01-19 19:25:46 - [TEST_STEP][PASSED] - today = new java.util.Date(): null

2023-01-19 19:25:46 - [TEST_STEP][PASSED] - println(today): null

2023-01-19 19:25:46 - [TEST_STEP][PASSED] - datText = today: null

2023-01-19 19:25:46 - [TEST_STEP][PASSED] - checkType = findTestData(dataFile).getValue("CheckType", row): null

2023-01-19 19:25:46 - [TEST_STEP][PASSED] - acNumber = findTestData(dataFile).getValue("AcNumber", row): null

2023-01-19 19:25:46 - [TEST_STEP][PASSED] - company = findTestData(dataFile).getValue("Company", row): null

2023-01-19 19:25:46 - [TEST_STEP][PASSED] - acType = findTestData(dataFile).getValue("AcType", row): null

2023-01-19 19:25:46 - [TEST_STEP][PASSED] - rtn = findTestData(dataFile).getValue("RTN", row): null

2023-01-19 19:25:47 - [TEST_STEP][PASSED] - amount = findTestData(dataFile).getValue("Amount", row): null

2023-01-19 19:25:47 - [TEST_STEP][PASSED] - sec = findTestData(dataFile).getValue("SEC", row): null

2023-01-19 19:25:47 - [TEST_STEP][PASSED] - openBrowser(VLinkURL + "debit.html"): Browser is opened with url: 'https://dev-algorithm.govolution.com/vlinktest/demo/version_2_0/debit.html'

2023-01-19 19:25:47 - [MESSAGE][WARNING] - A browser is already opened. Closing browser and opening a new one

2023-01-19 19:25:48 - [MESSAGE][INFO] - Starting 'Chrome' driver

2023-01-19 19:25:48 - [MESSAGE][INFO] - User set preference: ['acceptInsecureCerts', 'true']

2023-01-19 19:25:48 - [MESSAGE][INFO] - Action delay is set to 0 milliseconds

2023-01-19 19:25:49 - [MESSAGE][PASSED] - Browser is opened with url: 'https://dev-algorithm.govolution.com/vlinktest/demo/version_2_0/debit.html'

2023-01-19 19:25:49 - [TEST_STEP][PASSED] - maximizeWindow(): Current window maximized

2023-01-19 19:25:50 - [MESSAGE][PASSED] - Current window maximized

2023-01-19 19:25:50 - [TEST_STEP][PASSED] - genRemID = RandomStringUtils.random(12, true, true): null

2023-01-19 19:25:50 - [TEST_STEP][PASSED] - setText(findTestObject("RecAndPlayBk/Page-Vlink-Debit/input_Remittance Id"), genRemID): Text 'ajXejH8gtpXS' is set on object 'Object Repository/RecAndPlayBk/Page-Vlink-Debit/input_Remittance Id'

2023-01-19 19:25:50 - [MESSAGE][PASSED] - Text 'ajXejH8gtpXS' is set on object 'Object Repository/RecAndPlayBk/Page-Vlink-Debit/input_Remittance Id'

2023-01-19 19:25:50 - [TEST_STEP][PASSED] - setText(findTestObject("RecAndPlayBk/Page-Vlink-Debit/input_Application Id"), appID): Text '1773' is set on object 'Object Repository/RecAndPlayBk/Page-Vlink-Debit/input_Application Id'

2023-01-19 19:25:51 - [MESSAGE][PASSED] - Text '1773' is set on object 'Object Repository/RecAndPlayBk/Page-Vlink-Debit/input_Application Id'

2023-01-19 19:25:51 - [TEST_STEP][PASSED] - setText(findTestObject("RecAndPlayBk/Page-Vlink-Debit/input_Username"), username): Text 'username' is set on object 'Object Repository/RecAndPlayBk/Page-Vlink-Debit/input_Username'

2023-01-19 19:25:52 - [MESSAGE][PASSED] - Text 'username' is set on object 'Object Repository/RecAndPlayBk/Page-Vlink-Debit/input_Username'

2023-01-19 19:25:52 - [TEST_STEP][PASSED] - setText(findTestObject("RecAndPlayBk/Page-Vlink-Debit/input_Password"), password): Text 'password' is set on object 'Object Repository/RecAndPlayBk/Page-Vlink-Debit/input_Password'

2023-01-19 19:25:53 - [MESSAGE][PASSED] - Text 'password' is set on object 'Object Repository/RecAndPlayBk/Page-Vlink-Debit/input_Password'

2023-01-19 19:25:53 - [TEST_STEP][PASSED] - setText(findTestObject("RecAndPlayBk/Page-Vlink-Debit/input_Check Type"), checkType): Text 'P' is set on object 'Object Repository/RecAndPlayBk/Page-Vlink-Debit/input_Check Type'

2023-01-19 19:25:54 - [MESSAGE][PASSED] - Text 'P' is set on object 'Object Repository/RecAndPlayBk/Page-Vlink-Debit/input_Check Type'

2023-01-19 19:25:54 - [TEST_STEP][PASSED] - setText(findTestObject("RecAndPlayBk/Page-Vlink-Debit/input_Account_check"), acNumber): Text '58963214' is set on object 'Object Repository/RecAndPlayBk/Page-Vlink-Debit/input_Account_check'

2023-01-19 19:25:55 - [MESSAGE][PASSED] - Text '58963214' is set on object 'Object Repository/RecAndPlayBk/Page-Vlink-Debit/input_Account_check'

2023-01-19 19:25:55 - [TEST_STEP][PASSED] - setText(findTestObject("RecAndPlayBk/Page-Vlink-Debit/input_Company_check"), company): Text '' is set on object 'Object Repository/RecAndPlayBk/Page-Vlink-Debit/input_Company_check'

2023-01-19 19:25:56 - [MESSAGE][PASSED] - Text '' is set on object 'Object Repository/RecAndPlayBk/Page-Vlink-Debit/input_Company_check'

2023-01-19 19:25:56 - [TEST_STEP][PASSED] - setText(findTestObject("RecAndPlayBk/Page-Vlink-Debit/input_Account Type"), acType): Text '2' is set on object 'Object Repository/RecAndPlayBk/Page-Vlink-Debit/input_Account Type'

2023-01-19 19:25:57 - [MESSAGE][PASSED] - Text '2' is set on object 'Object Repository/RecAndPlayBk/Page-Vlink-Debit/input_Account Type'

2023-01-19 19:25:57 - [TEST_STEP][PASSED] - setText(findTestObject("RecAndPlayBk/Page-Vlink-Debit/input_Routing Number"), rtn): Text '256072691' is set on object 'Object Repository/RecAndPlayBk/Page-Vlink-Debit/input_Routing Number'

2023-01-19 19:25:57 - [MESSAGE][PASSED] - Text '256072691' is set on object 'Object Repository/RecAndPlayBk/Page-Vlink-Debit/input_Routing Number'

2023-01-19 19:25:57 - [TEST_STEP][PASSED] - setText(findTestObject("RecAndPlayBk/Page-Vlink-Debit/input_Amount"), amount): Text '12.50' is set on object 'Object Repository/RecAndPlayBk/Page-Vlink-Debit/input_Amount'

2023-01-19 19:25:58 - [MESSAGE][PASSED] - Text '12.50' is set on object 'Object Repository/RecAndPlayBk/Page-Vlink-Debit/input_Amount'

2023-01-19 19:25:58 - [TEST_STEP][PASSED] - setText(findTestObject("RecAndPlayBk/Page-Vlink-Debit/input_Check Email"), ""): Text '' is set on object 'Object Repository/RecAndPlayBk/Page-Vlink-Debit/input_Check Email'

2023-01-19 19:25:59 - [MESSAGE][PASSED] - Text '' is set on object 'Object Repository/RecAndPlayBk/Page-Vlink-Debit/input_Check Email'

2023-01-19 19:25:59 - [TEST_STEP][PASSED] - setText(findTestObject("Object Repository/RecAndPlayBk/Page-Vlink-Debit/input_concat(CheckWriter, , s SSN)_check_ssn"), ""): Text '' is set on object 'Object Repository/RecAndPlayBk/Page-Vlink-Debit/input_concat(CheckWriter, , s SSN)_check_ssn'

2023-01-19 19:26:00 - [MESSAGE][PASSED] - Text '' is set on object 'Object Repository/RecAndPlayBk/Page-Vlink-Debit/input_concat(CheckWriter, , s SSN)_check_ssn'

2023-01-19 19:26:00 - [TEST_STEP][PASSED] - setText(findTestObject("Object Repository/RecAndPlayBk/Page-Vlink-Debit/input_concat(CheckWriter, , s License Numbe_020fef"), ""): Text '' is set on object 'Object Repository/RecAndPlayBk/Page-Vlink-Debit/input_concat(CheckWriter, , s License Numbe_020fef'

2023-01-19 19:26:01 - [MESSAGE][PASSED] - Text '' is set on object 'Object Repository/RecAndPlayBk/Page-Vlink-Debit/input_concat(CheckWriter, , s License Numbe_020fef'

2023-01-19 19:26:01 - [TEST_STEP][PASSED] - setText(findTestObject("Object Repository/RecAndPlayBk/Page-Vlink-Debit/input_concat(CheckWriter, , s License State_21e3e7"), ""): Text '' is set on object 'Object Repository/RecAndPlayBk/Page-Vlink-Debit/input_concat(CheckWriter, , s License State_21e3e7'

2023-01-19 19:26:01 - [MESSAGE][PASSED] - Text '' is set on object 'Object Repository/RecAndPlayBk/Page-Vlink-Debit/input_concat(CheckWriter, , s License State_21e3e7'

2023-01-19 19:26:01 - [TEST_STEP][PASSED] - setText(findTestObject("RecAndPlayBk/Page-Vlink-Debit/input_Standard Entry Class"), sec): Text 'WEB' is set on object 'Object Repository/RecAndPlayBk/Page-Vlink-Debit/input_Standard Entry Class'

2023-01-19 19:26:02 - [MESSAGE][PASSED] - Text 'WEB' is set on object 'Object Repository/RecAndPlayBk/Page-Vlink-Debit/input_Standard Entry Class'

2023-01-19 19:26:02 - [TEST_STEP][PASSED] - click(findTestObject("Object Repository/RecAndPlayBk/Page-Vlink-Debit/input")): Object: 'Object Repository/RecAndPlayBk/Page-Vlink-Debit/input' is clicked on

2023-01-19 19:26:03 - [MESSAGE][PASSED] - Object: 'Object Repository/RecAndPlayBk/Page-Vlink-Debit/input' is clicked on

2023-01-19 19:26:03 - [TEST_STEP][FAILED] - if (verifyTextPresent("Transaction approved, no errors", true)): Text 'Transaction approved, no errors' is not present on page  using regular expression (Root cause: com.kms.katalon.core.exception.StepFailedException: Text 'Transaction approved, no errors' is not present on page  using regular expression
	at com.kms.katalon.core.webui.keyword.internal.WebUIKeywordMain.stepFailed(WebUIKeywordMain.groovy:64)
	at com.kms.katalon.core.webui.keyword.builtin.VerifyTextPresentKeyword$_verifyTextPresent_closure1.doCall(VerifyTextPresentKeyword.groovy:79)
	at com.kms.katalon.core.webui.keyword.builtin.VerifyTextPresentKeyword$_verifyTextPresent_closure1.call(VerifyTextPresentKeyword.groovy)
	at com.kms.katalon.core.webui.keyword.internal.WebUIKeywordMain.runKeyword(WebUIKeywordMain.groovy:20)
	at com.kms.katalon.core.webui.keyword.builtin.VerifyTextPresentKeyword.verifyTextPresent(VerifyTextPresentKeyword.groovy:83)
	at com.kms.katalon.core.webui.keyword.builtin.VerifyTextPresentKeyword.execute(VerifyTextPresentKeyword.groovy:68)
	at com.kms.katalon.core.keyword.internal.KeywordExecutor.executeKeywordForPlatform(KeywordExecutor.groovy:74)
	at com.kms.katalon.core.webui.keyword.WebUiBuiltInKeywords.verifyTextPresent(WebUiBuiltInKeywords.groovy:1723)
	at com.kms.katalon.core.webui.keyword.WebUiBuiltInKeywords$verifyTextPresent$3.call(Unknown Source)
	at Debit-Credit.run(Debit-Credit:145)
	at com.kms.katalon.core.main.ScriptEngine.run(ScriptEngine.java:194)
	at com.kms.katalon.core.main.ScriptEngine.runScriptAsRawText(ScriptEngine.java:119)
	at com.kms.katalon.core.main.TestCaseExecutor.runScript(TestCaseExecutor.java:442)
	at com.kms.katalon.core.main.TestCaseExecutor.doExecute(TestCaseExecutor.java:433)
	at com.kms.katalon.core.main.TestCaseExecutor.processExecutionPhase(TestCaseExecutor.java:412)
	at com.kms.katalon.core.main.TestCaseExecutor.accessMainPhase(TestCaseExecutor.java:404)
	at com.kms.katalon.core.main.TestCaseExecutor.execute(TestCaseExecutor.java:281)
	at com.kms.katalon.core.main.TestSuiteExecutor.accessTestCaseMainPhase(TestSuiteExecutor.java:202)
	at com.kms.katalon.core.main.TestSuiteExecutor.accessTestSuiteMainPhase(TestSuiteExecutor.java:164)
	at com.kms.katalon.core.main.TestSuiteExecutor.execute(TestSuiteExecutor.java:105)
	at com.kms.katalon.core.main.TestCaseMain.startTestSuite(TestCaseMain.java:185)
	at com.kms.katalon.core.main.TestCaseMain$startTestSuite$0.call(Unknown Source)
	at TempTestSuite1674173784562.run(TempTestSuite1674173784562.groovy:36)
)

2023-01-19 19:26:03 - [MESSAGE][FAILED] - Text 'Transaction approved, no errors' is not present on page  using regular expression (Root cause: com.kms.katalon.core.exception.StepFailedException: Text 'Transaction approved, no errors' is not present on page  using regular expression
	at com.kms.katalon.core.webui.keyword.internal.WebUIKeywordMain.stepFailed(WebUIKeywordMain.groovy:64)
	at com.kms.katalon.core.webui.keyword.builtin.VerifyTextPresentKeyword$_verifyTextPresent_closure1.doCall(VerifyTextPresentKeyword.groovy:79)
	at com.kms.katalon.core.webui.keyword.builtin.VerifyTextPresentKeyword$_verifyTextPresent_closure1.call(VerifyTextPresentKeyword.groovy)
	at com.kms.katalon.core.webui.keyword.internal.WebUIKeywordMain.runKeyword(WebUIKeywordMain.groovy:20)
	at com.kms.katalon.core.webui.keyword.builtin.VerifyTextPresentKeyword.verifyTextPresent(VerifyTextPresentKeyword.groovy:83)
	at com.kms.katalon.core.webui.keyword.builtin.VerifyTextPresentKeyword.execute(VerifyTextPresentKeyword.groovy:68)
	at com.kms.katalon.core.keyword.internal.KeywordExecutor.executeKeywordForPlatform(KeywordExecutor.groovy:74)
	at com.kms.katalon.core.webui.keyword.WebUiBuiltInKeywords.verifyTextPresent(WebUiBuiltInKeywords.groovy:1723)
	at com.kms.katalon.core.webui.keyword.WebUiBuiltInKeywords$verifyTextPresent$3.call(Unknown Source)
	at Debit-Credit.run(Debit-Credit:145)
	at com.kms.katalon.core.main.ScriptEngine.run(ScriptEngine.java:194)
	at com.kms.katalon.core.main.ScriptEngine.runScriptAsRawText(ScriptEngine.java:119)
	at com.kms.katalon.core.main.TestCaseExecutor.runScript(TestCaseExecutor.java:442)
	at com.kms.katalon.core.main.TestCaseExecutor.doExecute(TestCaseExecutor.java:433)
	at com.kms.katalon.core.main.TestCaseExecutor.processExecutionPhase(TestCaseExecutor.java:412)
	at com.kms.katalon.core.main.TestCaseExecutor.accessMainPhase(TestCaseExecutor.java:404)
	at com.kms.katalon.core.main.TestCaseExecutor.execute(TestCaseExecutor.java:281)
	at com.kms.katalon.core.main.TestSuiteExecutor.accessTestCaseMainPhase(TestSuiteExecutor.java:202)
	at com.kms.katalon.core.main.TestSuiteExecutor.accessTestSuiteMainPhase(TestSuiteExecutor.java:164)
	at com.kms.katalon.core.main.TestSuiteExecutor.execute(TestSuiteExecutor.java:105)
	at com.kms.katalon.core.main.TestCaseMain.startTestSuite(TestCaseMain.java:185)
	at com.kms.katalon.core.main.TestCaseMain$startTestSuite$0.call(Unknown Source)
	at TempTestSuite1674173784562.run(TempTestSuite1674173784562.groovy:36)
)

2023-01-19 19:26:03 - [TEST_STEP][PASSED] - ExecuteTC = findTestData(dataFile).getValue("Execute", row): null

2023-01-19 19:26:03 - [TEST_STEP][PASSED] - out.println("Value of Execute is : " + ExecuteTC): null

2023-01-19 19:26:03 - [TEST_STEP][PASSED] - switch (executionProfile): null

2023-01-19 19:26:03 - [TEST_STEP][PASSED] - case "DemoProfile":: null

2023-01-19 19:26:03 - [TEST_STEP][PASSED] - appID = findTestData(dataFile).getValue("AppIDDemo", row): null

2023-01-19 19:26:04 - [TEST_STEP][PASSED] - username = findTestData(dataFile).getValue("UsernameDemo", row): null

2023-01-19 19:26:04 - [TEST_STEP][PASSED] - password = findTestData(dataFile).getValue("PasswordDemo", row): null

2023-01-19 19:26:04 - [TEST_STEP][PASSED] - break: null

2023-01-19 19:26:04 - [TEST_STEP][PASSED] - if (ExecuteTC.equalsIgnoreCase("Y")): null

2023-01-19 19:26:04 - [TEST_STEP][PASSED] - out.println("Begin Record Number: " + row): null

2023-01-19 19:26:04 - [TEST_STEP][PASSED] - today = new java.util.Date(): null

2023-01-19 19:26:04 - [TEST_STEP][PASSED] - println(today): null

2023-01-19 19:26:04 - [TEST_STEP][PASSED] - datText = today: null

2023-01-19 19:26:04 - [TEST_STEP][PASSED] - checkType = findTestData(dataFile).getValue("CheckType", row): null

2023-01-19 19:26:04 - [TEST_STEP][PASSED] - acNumber = findTestData(dataFile).getValue("AcNumber", row): null

2023-01-19 19:26:04 - [TEST_STEP][PASSED] - company = findTestData(dataFile).getValue("Company", row): null

2023-01-19 19:26:04 - [TEST_STEP][PASSED] - acType = findTestData(dataFile).getValue("AcType", row): null

2023-01-19 19:26:04 - [TEST_STEP][PASSED] - rtn = findTestData(dataFile).getValue("RTN", row): null

2023-01-19 19:26:04 - [TEST_STEP][PASSED] - amount = findTestData(dataFile).getValue("Amount", row): null

2023-01-19 19:26:04 - [TEST_STEP][PASSED] - sec = findTestData(dataFile).getValue("SEC", row): null

2023-01-19 19:26:04 - [TEST_STEP][PASSED] - openBrowser(VLinkURL + "debit.html"): Browser is opened with url: 'https://dev-algorithm.govolution.com/vlinktest/demo/version_2_0/debit.html'

2023-01-19 19:26:04 - [MESSAGE][WARNING] - A browser is already opened. Closing browser and opening a new one

2023-01-19 19:26:05 - [MESSAGE][INFO] - Starting 'Chrome' driver

2023-01-19 19:26:05 - [MESSAGE][INFO] - User set preference: ['acceptInsecureCerts', 'true']

2023-01-19 19:26:05 - [MESSAGE][INFO] - Action delay is set to 0 milliseconds

2023-01-19 19:26:07 - [MESSAGE][PASSED] - Browser is opened with url: 'https://dev-algorithm.govolution.com/vlinktest/demo/version_2_0/debit.html'

2023-01-19 19:26:07 - [TEST_STEP][PASSED] - maximizeWindow(): Current window maximized

2023-01-19 19:26:07 - [MESSAGE][PASSED] - Current window maximized

2023-01-19 19:26:07 - [TEST_STEP][PASSED] - genRemID = RandomStringUtils.random(12, true, true): null

2023-01-19 19:26:07 - [TEST_STEP][PASSED] - setText(findTestObject("RecAndPlayBk/Page-Vlink-Debit/input_Remittance Id"), genRemID): Text 'qNX2DJftvX2H' is set on object 'Object Repository/RecAndPlayBk/Page-Vlink-Debit/input_Remittance Id'

2023-01-19 19:26:08 - [MESSAGE][PASSED] - Text 'qNX2DJftvX2H' is set on object 'Object Repository/RecAndPlayBk/Page-Vlink-Debit/input_Remittance Id'

2023-01-19 19:26:08 - [TEST_STEP][PASSED] - setText(findTestObject("RecAndPlayBk/Page-Vlink-Debit/input_Application Id"), appID): Text '1773' is set on object 'Object Repository/RecAndPlayBk/Page-Vlink-Debit/input_Application Id'

2023-01-19 19:26:09 - [MESSAGE][PASSED] - Text '1773' is set on object 'Object Repository/RecAndPlayBk/Page-Vlink-Debit/input_Application Id'

2023-01-19 19:26:09 - [TEST_STEP][PASSED] - setText(findTestObject("RecAndPlayBk/Page-Vlink-Debit/input_Username"), username): Text 'username' is set on object 'Object Repository/RecAndPlayBk/Page-Vlink-Debit/input_Username'

2023-01-19 19:26:10 - [MESSAGE][PASSED] - Text 'username' is set on object 'Object Repository/RecAndPlayBk/Page-Vlink-Debit/input_Username'

2023-01-19 19:26:10 - [TEST_STEP][PASSED] - setText(findTestObject("RecAndPlayBk/Page-Vlink-Debit/input_Password"), password): Text 'password' is set on object 'Object Repository/RecAndPlayBk/Page-Vlink-Debit/input_Password'

2023-01-19 19:26:11 - [MESSAGE][PASSED] - Text 'password' is set on object 'Object Repository/RecAndPlayBk/Page-Vlink-Debit/input_Password'

2023-01-19 19:26:11 - [TEST_STEP][PASSED] - setText(findTestObject("RecAndPlayBk/Page-Vlink-Debit/input_Check Type"), checkType): Text 'P' is set on object 'Object Repository/RecAndPlayBk/Page-Vlink-Debit/input_Check Type'

2023-01-19 19:26:12 - [MESSAGE][PASSED] - Text 'P' is set on object 'Object Repository/RecAndPlayBk/Page-Vlink-Debit/input_Check Type'

2023-01-19 19:26:12 - [TEST_STEP][PASSED] - setText(findTestObject("RecAndPlayBk/Page-Vlink-Debit/input_Account_check"), acNumber): Text '58963214' is set on object 'Object Repository/RecAndPlayBk/Page-Vlink-Debit/input_Account_check'

2023-01-19 19:26:12 - [MESSAGE][PASSED] - Text '58963214' is set on object 'Object Repository/RecAndPlayBk/Page-Vlink-Debit/input_Account_check'

2023-01-19 19:26:12 - [TEST_STEP][PASSED] - setText(findTestObject("RecAndPlayBk/Page-Vlink-Debit/input_Company_check"), company): Text '' is set on object 'Object Repository/RecAndPlayBk/Page-Vlink-Debit/input_Company_check'

2023-01-19 19:26:13 - [MESSAGE][PASSED] - Text '' is set on object 'Object Repository/RecAndPlayBk/Page-Vlink-Debit/input_Company_check'

2023-01-19 19:26:13 - [TEST_STEP][PASSED] - setText(findTestObject("RecAndPlayBk/Page-Vlink-Debit/input_Account Type"), acType): Text '2' is set on object 'Object Repository/RecAndPlayBk/Page-Vlink-Debit/input_Account Type'

2023-01-19 19:26:14 - [MESSAGE][PASSED] - Text '2' is set on object 'Object Repository/RecAndPlayBk/Page-Vlink-Debit/input_Account Type'

2023-01-19 19:26:14 - [TEST_STEP][PASSED] - setText(findTestObject("RecAndPlayBk/Page-Vlink-Debit/input_Routing Number"), rtn): Text '256072691' is set on object 'Object Repository/RecAndPlayBk/Page-Vlink-Debit/input_Routing Number'

2023-01-19 19:26:15 - [MESSAGE][PASSED] - Text '256072691' is set on object 'Object Repository/RecAndPlayBk/Page-Vlink-Debit/input_Routing Number'

2023-01-19 19:26:15 - [TEST_STEP][PASSED] - setText(findTestObject("RecAndPlayBk/Page-Vlink-Debit/input_Amount"), amount): Text '12.50' is set on object 'Object Repository/RecAndPlayBk/Page-Vlink-Debit/input_Amount'

2023-01-19 19:26:16 - [MESSAGE][PASSED] - Text '12.50' is set on object 'Object Repository/RecAndPlayBk/Page-Vlink-Debit/input_Amount'

2023-01-19 19:26:16 - [TEST_STEP][PASSED] - setText(findTestObject("RecAndPlayBk/Page-Vlink-Debit/input_Check Email"), ""): Text '' is set on object 'Object Repository/RecAndPlayBk/Page-Vlink-Debit/input_Check Email'

2023-01-19 19:26:17 - [MESSAGE][PASSED] - Text '' is set on object 'Object Repository/RecAndPlayBk/Page-Vlink-Debit/input_Check Email'

2023-01-19 19:26:17 - [TEST_STEP][PASSED] - setText(findTestObject("Object Repository/RecAndPlayBk/Page-Vlink-Debit/input_concat(CheckWriter, , s SSN)_check_ssn"), ""): Text '' is set on object 'Object Repository/RecAndPlayBk/Page-Vlink-Debit/input_concat(CheckWriter, , s SSN)_check_ssn'

2023-01-19 19:26:17 - [MESSAGE][PASSED] - Text '' is set on object 'Object Repository/RecAndPlayBk/Page-Vlink-Debit/input_concat(CheckWriter, , s SSN)_check_ssn'

2023-01-19 19:26:17 - [TEST_STEP][PASSED] - setText(findTestObject("Object Repository/RecAndPlayBk/Page-Vlink-Debit/input_concat(CheckWriter, , s License Numbe_020fef"), ""): Text '' is set on object 'Object Repository/RecAndPlayBk/Page-Vlink-Debit/input_concat(CheckWriter, , s License Numbe_020fef'

2023-01-19 19:26:18 - [MESSAGE][PASSED] - Text '' is set on object 'Object Repository/RecAndPlayBk/Page-Vlink-Debit/input_concat(CheckWriter, , s License Numbe_020fef'

2023-01-19 19:26:18 - [TEST_STEP][PASSED] - setText(findTestObject("Object Repository/RecAndPlayBk/Page-Vlink-Debit/input_concat(CheckWriter, , s License State_21e3e7"), ""): Text '' is set on object 'Object Repository/RecAndPlayBk/Page-Vlink-Debit/input_concat(CheckWriter, , s License State_21e3e7'

2023-01-19 19:26:19 - [MESSAGE][PASSED] - Text '' is set on object 'Object Repository/RecAndPlayBk/Page-Vlink-Debit/input_concat(CheckWriter, , s License State_21e3e7'

2023-01-19 19:26:19 - [TEST_STEP][PASSED] - setText(findTestObject("RecAndPlayBk/Page-Vlink-Debit/input_Standard Entry Class"), sec): Text 'TEL' is set on object 'Object Repository/RecAndPlayBk/Page-Vlink-Debit/input_Standard Entry Class'

2023-01-19 19:26:20 - [MESSAGE][PASSED] - Text 'TEL' is set on object 'Object Repository/RecAndPlayBk/Page-Vlink-Debit/input_Standard Entry Class'

2023-01-19 19:26:20 - [TEST_STEP][PASSED] - click(findTestObject("Object Repository/RecAndPlayBk/Page-Vlink-Debit/input")): Object: 'Object Repository/RecAndPlayBk/Page-Vlink-Debit/input' is clicked on

2023-01-19 19:26:21 - [MESSAGE][PASSED] - Object: 'Object Repository/RecAndPlayBk/Page-Vlink-Debit/input' is clicked on

2023-01-19 19:26:21 - [TEST_STEP][PASSED] - if (verifyTextPresent("Transaction approved, no errors", true)): null

2023-01-19 19:26:21 - [MESSAGE][PASSED] - Text 'Transaction approved, no errors' is present on page  using regular expression

2023-01-19 19:26:21 - [TEST_STEP][PASSED] - println("Transaction Approved, no errors text is present on the Confirmation page"): null

2023-01-19 19:26:21 - [TEST_STEP][PASSED] - sdfo = getText(findTestObject("Object Repository/Page_VLinkReceipt/pre_STX")): Text of object 'Object Repository/Page_VLinkReceipt/pre_STX' is: '<STX>qNX2DJftvX2H                  2916663             0  Transaction approved, no errors                   0                                                                                                              <ETX>'

2023-01-19 19:26:22 - [MESSAGE][PASSED] - Text of object 'Object Repository/Page_VLinkReceipt/pre_STX' is: '<STX>qNX2DJftvX2H                  2916663             0  Transaction approved, no errors                   0                                                                                                              <ETX>'

2023-01-19 19:26:22 - [TEST_STEP][PASSED] - out.println("sdfo: " + sdfo): null

2023-01-19 19:26:22 - [TEST_STEP][PASSED] - remID = substring(5, 35).trim(): null

2023-01-19 19:26:22 - [TEST_STEP][PASSED] - out.println("remID: " + remID): null

2023-01-19 19:26:22 - [TEST_STEP][PASSED] - traxID = substring(35, 55).trim(): null

2023-01-19 19:26:22 - [TEST_STEP][PASSED] - out.println("traxID: " + traxID): null

2023-01-19 19:26:22 - [TEST_STEP][PASSED] - VLinkSaleRemID = remID: null

2023-01-19 19:26:22 - [TEST_STEP][PASSED] - VLinkSaleTranxID = traxID: null

2023-01-19 19:26:22 - [TEST_STEP][PASSED] - openBrowser(VLinkURL + "ACH_credit.html"): Browser is opened with url: 'https://dev-algorithm.govolution.com/vlinktest/demo/version_2_0/ACH_credit.html'

2023-01-19 19:26:22 - [MESSAGE][WARNING] - A browser is already opened. Closing browser and opening a new one

2023-01-19 19:26:22 - [MESSAGE][INFO] - Starting 'Chrome' driver

2023-01-19 19:26:22 - [MESSAGE][INFO] - User set preference: ['acceptInsecureCerts', 'true']

2023-01-19 19:26:22 - [MESSAGE][INFO] - Action delay is set to 0 milliseconds

2023-01-19 19:26:24 - [MESSAGE][PASSED] - Browser is opened with url: 'https://dev-algorithm.govolution.com/vlinktest/demo/version_2_0/ACH_credit.html'

2023-01-19 19:26:24 - [TEST_STEP][PASSED] - maximizeWindow(): Current window maximized

2023-01-19 19:26:24 - [MESSAGE][PASSED] - Current window maximized

2023-01-19 19:26:24 - [TEST_STEP][PASSED] - setText(findTestObject("Object Repository/RecAndPlayBk/Page-Vlink-ACH-Credit/input_Remittance Id"), VLinkSaleRemID): Text 'qNX2DJftvX2H' is set on object 'Object Repository/RecAndPlayBk/Page-Vlink-ACH-Credit/input_Remittance Id'

2023-01-19 19:26:25 - [MESSAGE][PASSED] - Text 'qNX2DJftvX2H' is set on object 'Object Repository/RecAndPlayBk/Page-Vlink-ACH-Credit/input_Remittance Id'

2023-01-19 19:26:25 - [TEST_STEP][PASSED] - setText(findTestObject("Object Repository/RecAndPlayBk/Page-Vlink-ACH-Credit/input_Application Id"), appID): Text '1773' is set on object 'Object Repository/RecAndPlayBk/Page-Vlink-ACH-Credit/input_Application Id'

2023-01-19 19:26:26 - [MESSAGE][PASSED] - Text '1773' is set on object 'Object Repository/RecAndPlayBk/Page-Vlink-ACH-Credit/input_Application Id'

2023-01-19 19:26:26 - [TEST_STEP][PASSED] - setText(findTestObject("Object Repository/RecAndPlayBk/Page-Vlink-ACH-Credit/input_Username"), username): Text 'username' is set on object 'Object Repository/RecAndPlayBk/Page-Vlink-ACH-Credit/input_Username'

2023-01-19 19:26:27 - [MESSAGE][PASSED] - Text 'username' is set on object 'Object Repository/RecAndPlayBk/Page-Vlink-ACH-Credit/input_Username'

2023-01-19 19:26:27 - [TEST_STEP][PASSED] - setText(findTestObject("Object Repository/RecAndPlayBk/Page-Vlink-ACH-Credit/input_Password"), password): Text 'password' is set on object 'Object Repository/RecAndPlayBk/Page-Vlink-ACH-Credit/input_Password'

2023-01-19 19:26:28 - [MESSAGE][PASSED] - Text 'password' is set on object 'Object Repository/RecAndPlayBk/Page-Vlink-ACH-Credit/input_Password'

2023-01-19 19:26:28 - [TEST_STEP][PASSED] - setText(findTestObject("Object Repository/RecAndPlayBk/Page-Vlink-ACH-Credit/input_Check Type"), checkType): Text 'P' is set on object 'Object Repository/RecAndPlayBk/Page-Vlink-ACH-Credit/input_Check Type'

2023-01-19 19:26:29 - [MESSAGE][PASSED] - Text 'P' is set on object 'Object Repository/RecAndPlayBk/Page-Vlink-ACH-Credit/input_Check Type'

2023-01-19 19:26:29 - [TEST_STEP][PASSED] - setText(findTestObject("Object Repository/RecAndPlayBk/Page-Vlink-ACH-Credit/input_Transaction ID"), VLinkSaleTranxID): Text '2916663' is set on object 'Object Repository/RecAndPlayBk/Page-Vlink-ACH-Credit/input_Transaction ID'

2023-01-19 19:26:30 - [MESSAGE][PASSED] - Text '2916663' is set on object 'Object Repository/RecAndPlayBk/Page-Vlink-ACH-Credit/input_Transaction ID'

2023-01-19 19:26:30 - [TEST_STEP][PASSED] - setText(findTestObject("Object Repository/RecAndPlayBk/Page-Vlink-ACH-Credit/input_Amount"), amount): Text '12.50' is set on object 'Object Repository/RecAndPlayBk/Page-Vlink-ACH-Credit/input_Amount'

2023-01-19 19:26:31 - [MESSAGE][PASSED] - Text '12.50' is set on object 'Object Repository/RecAndPlayBk/Page-Vlink-ACH-Credit/input_Amount'

2023-01-19 19:26:31 - [TEST_STEP][PASSED] - setText(findTestObject("Object Repository/RecAndPlayBk/Page-Vlink-ACH-Credit/input_Standard Entry Class"), sec): Text 'TEL' is set on object 'Object Repository/RecAndPlayBk/Page-Vlink-ACH-Credit/input_Standard Entry Class'

2023-01-19 19:26:31 - [MESSAGE][PASSED] - Text 'TEL' is set on object 'Object Repository/RecAndPlayBk/Page-Vlink-ACH-Credit/input_Standard Entry Class'

2023-01-19 19:26:31 - [TEST_STEP][PASSED] - setText(findTestObject("Object Repository/RecAndPlayBk/Page-Vlink-ACH-Credit/input_Account Number"), acNumber): Text '58963214' is set on object 'Object Repository/RecAndPlayBk/Page-Vlink-ACH-Credit/input_Account Number'

2023-01-19 19:26:32 - [MESSAGE][PASSED] - Text '58963214' is set on object 'Object Repository/RecAndPlayBk/Page-Vlink-ACH-Credit/input_Account Number'

2023-01-19 19:26:32 - [TEST_STEP][PASSED] - setText(findTestObject("Object Repository/RecAndPlayBk/Page-Vlink-ACH-Credit/input_Routing Number"), rtn): Text '256072691' is set on object 'Object Repository/RecAndPlayBk/Page-Vlink-ACH-Credit/input_Routing Number'

2023-01-19 19:26:33 - [MESSAGE][PASSED] - Text '256072691' is set on object 'Object Repository/RecAndPlayBk/Page-Vlink-ACH-Credit/input_Routing Number'

2023-01-19 19:26:33 - [TEST_STEP][PASSED] - click(findTestObject("Object Repository/RecAndPlayBk/Page-Vlink-ACH-Credit/input")): Object: 'Object Repository/RecAndPlayBk/Page-Vlink-ACH-Credit/input' is clicked on

2023-01-19 19:26:34 - [MESSAGE][PASSED] - Object: 'Object Repository/RecAndPlayBk/Page-Vlink-ACH-Credit/input' is clicked on

2023-01-19 19:26:34 - [TEST_STEP][PASSED] - if (verifyTextPresent("Transaction approved, no errors", true)): null

2023-01-19 19:26:34 - [MESSAGE][PASSED] - Text 'Transaction approved, no errors' is present on page  using regular expression

2023-01-19 19:26:34 - [TEST_STEP][PASSED] - println("Transaction Approved, no errors text is present on the Confirmation page"): null

2023-01-19 19:26:34 - [TEST_STEP][PASSED] - out.println("Pass Record Number: " + row): null

2023-01-19 19:26:34 - [TEST_STEP][PASSED] - resText = "Pass": null

2023-01-19 19:26:34 - [TEST_STEP][PASSED] - pages.WriteExcel.demoKey(resText, datText, resColumn, datCloumn, fileLoc, nameSheet, row): pages.WriteExcel.demoKey is PASSED

2023-01-19 19:26:34 - [MESSAGE][PASSED] - pages.WriteExcel.demoKey is PASSED

2023-01-19 19:26:34 - [TEST_STEP][PASSED] - ExecuteTC = findTestData(dataFile).getValue("Execute", row): null

2023-01-19 19:26:34 - [TEST_STEP][PASSED] - out.println("Value of Execute is : " + ExecuteTC): null

2023-01-19 19:26:34 - [TEST_STEP][PASSED] - switch (executionProfile): null

2023-01-19 19:26:34 - [TEST_STEP][PASSED] - case "DemoProfile":: null

2023-01-19 19:26:34 - [TEST_STEP][PASSED] - appID = findTestData(dataFile).getValue("AppIDDemo", row): null

2023-01-19 19:26:34 - [TEST_STEP][PASSED] - username = findTestData(dataFile).getValue("UsernameDemo", row): null

2023-01-19 19:26:34 - [TEST_STEP][PASSED] - password = findTestData(dataFile).getValue("PasswordDemo", row): null

2023-01-19 19:26:35 - [TEST_STEP][PASSED] - break: null

2023-01-19 19:26:35 - [TEST_STEP][PASSED] - if (ExecuteTC.equalsIgnoreCase("Y")): null

2023-01-19 19:26:35 - [TEST_STEP][PASSED] - out.println("Begin Record Number: " + row): null

2023-01-19 19:26:35 - [TEST_STEP][PASSED] - today = new java.util.Date(): null

2023-01-19 19:26:35 - [TEST_STEP][PASSED] - println(today): null

2023-01-19 19:26:35 - [TEST_STEP][PASSED] - datText = today: null

2023-01-19 19:26:35 - [TEST_STEP][PASSED] - checkType = findTestData(dataFile).getValue("CheckType", row): null

2023-01-19 19:26:35 - [TEST_STEP][PASSED] - acNumber = findTestData(dataFile).getValue("AcNumber", row): null

2023-01-19 19:26:35 - [TEST_STEP][PASSED] - company = findTestData(dataFile).getValue("Company", row): null

2023-01-19 19:26:35 - [TEST_STEP][PASSED] - acType = findTestData(dataFile).getValue("AcType", row): null

2023-01-19 19:26:35 - [TEST_STEP][PASSED] - rtn = findTestData(dataFile).getValue("RTN", row): null

2023-01-19 19:26:35 - [TEST_STEP][PASSED] - amount = findTestData(dataFile).getValue("Amount", row): null

2023-01-19 19:26:35 - [TEST_STEP][PASSED] - sec = findTestData(dataFile).getValue("SEC", row): null

2023-01-19 19:26:35 - [TEST_STEP][PASSED] - openBrowser(VLinkURL + "debit.html"): Browser is opened with url: 'https://dev-algorithm.govolution.com/vlinktest/demo/version_2_0/debit.html'

2023-01-19 19:26:35 - [MESSAGE][WARNING] - A browser is already opened. Closing browser and opening a new one

2023-01-19 19:26:36 - [MESSAGE][INFO] - Starting 'Chrome' driver

2023-01-19 19:26:36 - [MESSAGE][INFO] - User set preference: ['acceptInsecureCerts', 'true']

2023-01-19 19:26:36 - [MESSAGE][INFO] - Action delay is set to 0 milliseconds

2023-01-19 19:26:38 - [MESSAGE][PASSED] - Browser is opened with url: 'https://dev-algorithm.govolution.com/vlinktest/demo/version_2_0/debit.html'

2023-01-19 19:26:38 - [TEST_STEP][PASSED] - maximizeWindow(): Current window maximized

2023-01-19 19:26:38 - [MESSAGE][PASSED] - Current window maximized

2023-01-19 19:26:38 - [TEST_STEP][PASSED] - genRemID = RandomStringUtils.random(12, true, true): null

2023-01-19 19:26:38 - [TEST_STEP][PASSED] - setText(findTestObject("RecAndPlayBk/Page-Vlink-Debit/input_Remittance Id"), genRemID): Text 'hosCm0w9K8HZ' is set on object 'Object Repository/RecAndPlayBk/Page-Vlink-Debit/input_Remittance Id'

2023-01-19 19:26:39 - [MESSAGE][PASSED] - Text 'hosCm0w9K8HZ' is set on object 'Object Repository/RecAndPlayBk/Page-Vlink-Debit/input_Remittance Id'

2023-01-19 19:26:39 - [TEST_STEP][PASSED] - setText(findTestObject("RecAndPlayBk/Page-Vlink-Debit/input_Application Id"), appID): Text '1773' is set on object 'Object Repository/RecAndPlayBk/Page-Vlink-Debit/input_Application Id'

2023-01-19 19:26:40 - [MESSAGE][PASSED] - Text '1773' is set on object 'Object Repository/RecAndPlayBk/Page-Vlink-Debit/input_Application Id'

2023-01-19 19:26:40 - [TEST_STEP][PASSED] - setText(findTestObject("RecAndPlayBk/Page-Vlink-Debit/input_Username"), username): Text 'username' is set on object 'Object Repository/RecAndPlayBk/Page-Vlink-Debit/input_Username'

2023-01-19 19:26:41 - [MESSAGE][PASSED] - Text 'username' is set on object 'Object Repository/RecAndPlayBk/Page-Vlink-Debit/input_Username'

2023-01-19 19:26:41 - [TEST_STEP][PASSED] - setText(findTestObject("RecAndPlayBk/Page-Vlink-Debit/input_Password"), password): Text 'password' is set on object 'Object Repository/RecAndPlayBk/Page-Vlink-Debit/input_Password'

2023-01-19 19:26:42 - [MESSAGE][PASSED] - Text 'password' is set on object 'Object Repository/RecAndPlayBk/Page-Vlink-Debit/input_Password'

2023-01-19 19:26:42 - [TEST_STEP][PASSED] - setText(findTestObject("RecAndPlayBk/Page-Vlink-Debit/input_Check Type"), checkType): Text 'P' is set on object 'Object Repository/RecAndPlayBk/Page-Vlink-Debit/input_Check Type'

2023-01-19 19:26:42 - [MESSAGE][PASSED] - Text 'P' is set on object 'Object Repository/RecAndPlayBk/Page-Vlink-Debit/input_Check Type'

2023-01-19 19:26:42 - [TEST_STEP][PASSED] - setText(findTestObject("RecAndPlayBk/Page-Vlink-Debit/input_Account_check"), acNumber): Text '58963214' is set on object 'Object Repository/RecAndPlayBk/Page-Vlink-Debit/input_Account_check'

2023-01-19 19:26:43 - [MESSAGE][PASSED] - Text '58963214' is set on object 'Object Repository/RecAndPlayBk/Page-Vlink-Debit/input_Account_check'

2023-01-19 19:26:43 - [TEST_STEP][PASSED] - setText(findTestObject("RecAndPlayBk/Page-Vlink-Debit/input_Company_check"), company): Text '' is set on object 'Object Repository/RecAndPlayBk/Page-Vlink-Debit/input_Company_check'

2023-01-19 19:26:44 - [MESSAGE][PASSED] - Text '' is set on object 'Object Repository/RecAndPlayBk/Page-Vlink-Debit/input_Company_check'

2023-01-19 19:26:44 - [TEST_STEP][PASSED] - setText(findTestObject("RecAndPlayBk/Page-Vlink-Debit/input_Account Type"), acType): Text '2' is set on object 'Object Repository/RecAndPlayBk/Page-Vlink-Debit/input_Account Type'

2023-01-19 19:26:45 - [MESSAGE][PASSED] - Text '2' is set on object 'Object Repository/RecAndPlayBk/Page-Vlink-Debit/input_Account Type'

2023-01-19 19:26:45 - [TEST_STEP][PASSED] - setText(findTestObject("RecAndPlayBk/Page-Vlink-Debit/input_Routing Number"), rtn): Text '256072691' is set on object 'Object Repository/RecAndPlayBk/Page-Vlink-Debit/input_Routing Number'

2023-01-19 19:26:46 - [MESSAGE][PASSED] - Text '256072691' is set on object 'Object Repository/RecAndPlayBk/Page-Vlink-Debit/input_Routing Number'

2023-01-19 19:26:46 - [TEST_STEP][PASSED] - setText(findTestObject("RecAndPlayBk/Page-Vlink-Debit/input_Amount"), amount): Text '12.50' is set on object 'Object Repository/RecAndPlayBk/Page-Vlink-Debit/input_Amount'

2023-01-19 19:26:47 - [MESSAGE][PASSED] - Text '12.50' is set on object 'Object Repository/RecAndPlayBk/Page-Vlink-Debit/input_Amount'

2023-01-19 19:26:47 - [TEST_STEP][PASSED] - setText(findTestObject("RecAndPlayBk/Page-Vlink-Debit/input_Check Email"), ""): Text '' is set on object 'Object Repository/RecAndPlayBk/Page-Vlink-Debit/input_Check Email'

2023-01-19 19:26:48 - [MESSAGE][PASSED] - Text '' is set on object 'Object Repository/RecAndPlayBk/Page-Vlink-Debit/input_Check Email'

2023-01-19 19:26:48 - [TEST_STEP][PASSED] - setText(findTestObject("Object Repository/RecAndPlayBk/Page-Vlink-Debit/input_concat(CheckWriter, , s SSN)_check_ssn"), ""): Text '' is set on object 'Object Repository/RecAndPlayBk/Page-Vlink-Debit/input_concat(CheckWriter, , s SSN)_check_ssn'

2023-01-19 19:26:49 - [MESSAGE][PASSED] - Text '' is set on object 'Object Repository/RecAndPlayBk/Page-Vlink-Debit/input_concat(CheckWriter, , s SSN)_check_ssn'

2023-01-19 19:26:49 - [TEST_STEP][PASSED] - setText(findTestObject("Object Repository/RecAndPlayBk/Page-Vlink-Debit/input_concat(CheckWriter, , s License Numbe_020fef"), ""): Text '' is set on object 'Object Repository/RecAndPlayBk/Page-Vlink-Debit/input_concat(CheckWriter, , s License Numbe_020fef'

2023-01-19 19:26:49 - [MESSAGE][PASSED] - Text '' is set on object 'Object Repository/RecAndPlayBk/Page-Vlink-Debit/input_concat(CheckWriter, , s License Numbe_020fef'

2023-01-19 19:26:49 - [TEST_STEP][PASSED] - setText(findTestObject("Object Repository/RecAndPlayBk/Page-Vlink-Debit/input_concat(CheckWriter, , s License State_21e3e7"), ""): Text '' is set on object 'Object Repository/RecAndPlayBk/Page-Vlink-Debit/input_concat(CheckWriter, , s License State_21e3e7'

2023-01-19 19:26:50 - [MESSAGE][PASSED] - Text '' is set on object 'Object Repository/RecAndPlayBk/Page-Vlink-Debit/input_concat(CheckWriter, , s License State_21e3e7'

2023-01-19 19:26:50 - [TEST_STEP][PASSED] - setText(findTestObject("RecAndPlayBk/Page-Vlink-Debit/input_Standard Entry Class"), sec): Text 'PPD' is set on object 'Object Repository/RecAndPlayBk/Page-Vlink-Debit/input_Standard Entry Class'

2023-01-19 19:26:51 - [MESSAGE][PASSED] - Text 'PPD' is set on object 'Object Repository/RecAndPlayBk/Page-Vlink-Debit/input_Standard Entry Class'

2023-01-19 19:26:51 - [TEST_STEP][PASSED] - click(findTestObject("Object Repository/RecAndPlayBk/Page-Vlink-Debit/input")): Object: 'Object Repository/RecAndPlayBk/Page-Vlink-Debit/input' is clicked on

2023-01-19 19:26:52 - [MESSAGE][PASSED] - Object: 'Object Repository/RecAndPlayBk/Page-Vlink-Debit/input' is clicked on

2023-01-19 19:26:52 - [TEST_STEP][PASSED] - if (verifyTextPresent("Transaction approved, no errors", true)): null

2023-01-19 19:26:52 - [MESSAGE][PASSED] - Text 'Transaction approved, no errors' is present on page  using regular expression

2023-01-19 19:26:52 - [TEST_STEP][PASSED] - println("Transaction Approved, no errors text is present on the Confirmation page"): null

2023-01-19 19:26:52 - [TEST_STEP][PASSED] - sdfo = getText(findTestObject("Object Repository/Page_VLinkReceipt/pre_STX")): Text of object 'Object Repository/Page_VLinkReceipt/pre_STX' is: '<STX>hosCm0w9K8HZ                  2916665             0  Transaction approved, no errors                   0                                                                                                              <ETX>'

2023-01-19 19:26:53 - [MESSAGE][PASSED] - Text of object 'Object Repository/Page_VLinkReceipt/pre_STX' is: '<STX>hosCm0w9K8HZ                  2916665             0  Transaction approved, no errors                   0                                                                                                              <ETX>'

2023-01-19 19:26:53 - [TEST_STEP][PASSED] - out.println("sdfo: " + sdfo): null

2023-01-19 19:26:53 - [TEST_STEP][PASSED] - remID = substring(5, 35).trim(): null

2023-01-19 19:26:53 - [TEST_STEP][PASSED] - out.println("remID: " + remID): null

2023-01-19 19:26:53 - [TEST_STEP][PASSED] - traxID = substring(35, 55).trim(): null

2023-01-19 19:26:53 - [TEST_STEP][PASSED] - out.println("traxID: " + traxID): null

2023-01-19 19:26:53 - [TEST_STEP][PASSED] - VLinkSaleRemID = remID: null

2023-01-19 19:26:53 - [TEST_STEP][PASSED] - VLinkSaleTranxID = traxID: null

2023-01-19 19:26:53 - [TEST_STEP][PASSED] - openBrowser(VLinkURL + "ACH_credit.html"): Browser is opened with url: 'https://dev-algorithm.govolution.com/vlinktest/demo/version_2_0/ACH_credit.html'

2023-01-19 19:26:53 - [MESSAGE][WARNING] - A browser is already opened. Closing browser and opening a new one

2023-01-19 19:26:54 - [MESSAGE][INFO] - Starting 'Chrome' driver

2023-01-19 19:26:54 - [MESSAGE][INFO] - User set preference: ['acceptInsecureCerts', 'true']

2023-01-19 19:26:54 - [MESSAGE][INFO] - Action delay is set to 0 milliseconds

2023-01-19 19:26:56 - [MESSAGE][PASSED] - Browser is opened with url: 'https://dev-algorithm.govolution.com/vlinktest/demo/version_2_0/ACH_credit.html'

2023-01-19 19:26:56 - [TEST_STEP][PASSED] - maximizeWindow(): Current window maximized

2023-01-19 19:26:56 - [MESSAGE][PASSED] - Current window maximized

2023-01-19 19:26:56 - [TEST_STEP][PASSED] - setText(findTestObject("Object Repository/RecAndPlayBk/Page-Vlink-ACH-Credit/input_Remittance Id"), VLinkSaleRemID): Text 'hosCm0w9K8HZ' is set on object 'Object Repository/RecAndPlayBk/Page-Vlink-ACH-Credit/input_Remittance Id'

2023-01-19 19:26:56 - [MESSAGE][PASSED] - Text 'hosCm0w9K8HZ' is set on object 'Object Repository/RecAndPlayBk/Page-Vlink-ACH-Credit/input_Remittance Id'

2023-01-19 19:26:56 - [TEST_STEP][PASSED] - setText(findTestObject("Object Repository/RecAndPlayBk/Page-Vlink-ACH-Credit/input_Application Id"), appID): Text '1773' is set on object 'Object Repository/RecAndPlayBk/Page-Vlink-ACH-Credit/input_Application Id'

2023-01-19 19:26:57 - [MESSAGE][PASSED] - Text '1773' is set on object 'Object Repository/RecAndPlayBk/Page-Vlink-ACH-Credit/input_Application Id'

2023-01-19 19:26:57 - [TEST_STEP][PASSED] - setText(findTestObject("Object Repository/RecAndPlayBk/Page-Vlink-ACH-Credit/input_Username"), username): Text 'username' is set on object 'Object Repository/RecAndPlayBk/Page-Vlink-ACH-Credit/input_Username'

2023-01-19 19:26:58 - [MESSAGE][PASSED] - Text 'username' is set on object 'Object Repository/RecAndPlayBk/Page-Vlink-ACH-Credit/input_Username'

2023-01-19 19:26:58 - [TEST_STEP][PASSED] - setText(findTestObject("Object Repository/RecAndPlayBk/Page-Vlink-ACH-Credit/input_Password"), password): Text 'password' is set on object 'Object Repository/RecAndPlayBk/Page-Vlink-ACH-Credit/input_Password'

2023-01-19 19:26:59 - [MESSAGE][PASSED] - Text 'password' is set on object 'Object Repository/RecAndPlayBk/Page-Vlink-ACH-Credit/input_Password'

2023-01-19 19:26:59 - [TEST_STEP][PASSED] - setText(findTestObject("Object Repository/RecAndPlayBk/Page-Vlink-ACH-Credit/input_Check Type"), checkType): Text 'P' is set on object 'Object Repository/RecAndPlayBk/Page-Vlink-ACH-Credit/input_Check Type'

2023-01-19 19:27:00 - [MESSAGE][PASSED] - Text 'P' is set on object 'Object Repository/RecAndPlayBk/Page-Vlink-ACH-Credit/input_Check Type'

2023-01-19 19:27:00 - [TEST_STEP][PASSED] - setText(findTestObject("Object Repository/RecAndPlayBk/Page-Vlink-ACH-Credit/input_Transaction ID"), VLinkSaleTranxID): Text '2916665' is set on object 'Object Repository/RecAndPlayBk/Page-Vlink-ACH-Credit/input_Transaction ID'

2023-01-19 19:27:01 - [MESSAGE][PASSED] - Text '2916665' is set on object 'Object Repository/RecAndPlayBk/Page-Vlink-ACH-Credit/input_Transaction ID'

2023-01-19 19:27:01 - [TEST_STEP][PASSED] - setText(findTestObject("Object Repository/RecAndPlayBk/Page-Vlink-ACH-Credit/input_Amount"), amount): Text '12.50' is set on object 'Object Repository/RecAndPlayBk/Page-Vlink-ACH-Credit/input_Amount'

2023-01-19 19:27:02 - [MESSAGE][PASSED] - Text '12.50' is set on object 'Object Repository/RecAndPlayBk/Page-Vlink-ACH-Credit/input_Amount'

2023-01-19 19:27:02 - [TEST_STEP][PASSED] - setText(findTestObject("Object Repository/RecAndPlayBk/Page-Vlink-ACH-Credit/input_Standard Entry Class"), sec): Text 'PPD' is set on object 'Object Repository/RecAndPlayBk/Page-Vlink-ACH-Credit/input_Standard Entry Class'

2023-01-19 19:27:03 - [MESSAGE][PASSED] - Text 'PPD' is set on object 'Object Repository/RecAndPlayBk/Page-Vlink-ACH-Credit/input_Standard Entry Class'

2023-01-19 19:27:03 - [TEST_STEP][PASSED] - setText(findTestObject("Object Repository/RecAndPlayBk/Page-Vlink-ACH-Credit/input_Account Number"), acNumber): Text '58963214' is set on object 'Object Repository/RecAndPlayBk/Page-Vlink-ACH-Credit/input_Account Number'

2023-01-19 19:27:04 - [MESSAGE][PASSED] - Text '58963214' is set on object 'Object Repository/RecAndPlayBk/Page-Vlink-ACH-Credit/input_Account Number'

2023-01-19 19:27:04 - [TEST_STEP][PASSED] - setText(findTestObject("Object Repository/RecAndPlayBk/Page-Vlink-ACH-Credit/input_Routing Number"), rtn): Text '256072691' is set on object 'Object Repository/RecAndPlayBk/Page-Vlink-ACH-Credit/input_Routing Number'

2023-01-19 19:27:04 - [MESSAGE][PASSED] - Text '256072691' is set on object 'Object Repository/RecAndPlayBk/Page-Vlink-ACH-Credit/input_Routing Number'

2023-01-19 19:27:04 - [TEST_STEP][PASSED] - click(findTestObject("Object Repository/RecAndPlayBk/Page-Vlink-ACH-Credit/input")): Object: 'Object Repository/RecAndPlayBk/Page-Vlink-ACH-Credit/input' is clicked on

2023-01-19 19:27:05 - [MESSAGE][PASSED] - Object: 'Object Repository/RecAndPlayBk/Page-Vlink-ACH-Credit/input' is clicked on

2023-01-19 19:27:05 - [TEST_STEP][PASSED] - if (verifyTextPresent("Transaction approved, no errors", true)): null

2023-01-19 19:27:06 - [MESSAGE][PASSED] - Text 'Transaction approved, no errors' is present on page  using regular expression

2023-01-19 19:27:06 - [TEST_STEP][PASSED] - println("Transaction Approved, no errors text is present on the Confirmation page"): null

2023-01-19 19:27:06 - [TEST_STEP][PASSED] - out.println("Pass Record Number: " + row): null

2023-01-19 19:27:06 - [TEST_STEP][PASSED] - resText = "Pass": null

2023-01-19 19:27:06 - [TEST_STEP][PASSED] - pages.WriteExcel.demoKey(resText, datText, resColumn, datCloumn, fileLoc, nameSheet, row): pages.WriteExcel.demoKey is PASSED

2023-01-19 19:27:06 - [MESSAGE][PASSED] - pages.WriteExcel.demoKey is PASSED

2023-01-19 19:27:06 - [TEST_STEP][PASSED] - ExecuteTC = findTestData(dataFile).getValue("Execute", row): null

2023-01-19 19:27:06 - [TEST_STEP][PASSED] - out.println("Value of Execute is : " + ExecuteTC): null

2023-01-19 19:27:06 - [TEST_STEP][PASSED] - switch (executionProfile): null

2023-01-19 19:27:06 - [TEST_STEP][PASSED] - case "DemoProfile":: null

2023-01-19 19:27:06 - [TEST_STEP][PASSED] - appID = findTestData(dataFile).getValue("AppIDDemo", row): null

2023-01-19 19:27:06 - [TEST_STEP][PASSED] - username = findTestData(dataFile).getValue("UsernameDemo", row): null

2023-01-19 19:27:06 - [TEST_STEP][PASSED] - password = findTestData(dataFile).getValue("PasswordDemo", row): null

2023-01-19 19:27:06 - [TEST_STEP][PASSED] - break: null

2023-01-19 19:27:06 - [TEST_STEP][PASSED] - if (ExecuteTC.equalsIgnoreCase("Y")): null

2023-01-19 19:27:06 - [TEST_STEP][PASSED] - out.println("Begin Record Number: " + row): null

2023-01-19 19:27:06 - [TEST_STEP][PASSED] - today = new java.util.Date(): null

2023-01-19 19:27:06 - [TEST_STEP][PASSED] - println(today): null

2023-01-19 19:27:06 - [TEST_STEP][PASSED] - datText = today: null

2023-01-19 19:27:06 - [TEST_STEP][PASSED] - checkType = findTestData(dataFile).getValue("CheckType", row): null

2023-01-19 19:27:06 - [TEST_STEP][PASSED] - acNumber = findTestData(dataFile).getValue("AcNumber", row): null

2023-01-19 19:27:06 - [TEST_STEP][PASSED] - company = findTestData(dataFile).getValue("Company", row): null

2023-01-19 19:27:06 - [TEST_STEP][PASSED] - acType = findTestData(dataFile).getValue("AcType", row): null

2023-01-19 19:27:06 - [TEST_STEP][PASSED] - rtn = findTestData(dataFile).getValue("RTN", row): null

2023-01-19 19:27:06 - [TEST_STEP][PASSED] - amount = findTestData(dataFile).getValue("Amount", row): null

2023-01-19 19:27:06 - [TEST_STEP][PASSED] - sec = findTestData(dataFile).getValue("SEC", row): null

2023-01-19 19:27:06 - [TEST_STEP][PASSED] - openBrowser(VLinkURL + "debit.html"): Browser is opened with url: 'https://dev-algorithm.govolution.com/vlinktest/demo/version_2_0/debit.html'

2023-01-19 19:27:06 - [MESSAGE][WARNING] - A browser is already opened. Closing browser and opening a new one

2023-01-19 19:27:07 - [MESSAGE][INFO] - Starting 'Chrome' driver

2023-01-19 19:27:07 - [MESSAGE][INFO] - User set preference: ['acceptInsecureCerts', 'true']

2023-01-19 19:27:07 - [MESSAGE][INFO] - Action delay is set to 0 milliseconds

2023-01-19 19:27:09 - [MESSAGE][PASSED] - Browser is opened with url: 'https://dev-algorithm.govolution.com/vlinktest/demo/version_2_0/debit.html'

2023-01-19 19:27:09 - [TEST_STEP][PASSED] - maximizeWindow(): Current window maximized

2023-01-19 19:27:09 - [MESSAGE][PASSED] - Current window maximized

2023-01-19 19:27:09 - [TEST_STEP][PASSED] - genRemID = RandomStringUtils.random(12, true, true): null

2023-01-19 19:27:09 - [TEST_STEP][PASSED] - setText(findTestObject("RecAndPlayBk/Page-Vlink-Debit/input_Remittance Id"), genRemID): Text '5h9NPl3TQr6j' is set on object 'Object Repository/RecAndPlayBk/Page-Vlink-Debit/input_Remittance Id'

2023-01-19 19:27:10 - [MESSAGE][PASSED] - Text '5h9NPl3TQr6j' is set on object 'Object Repository/RecAndPlayBk/Page-Vlink-Debit/input_Remittance Id'

2023-01-19 19:27:10 - [TEST_STEP][PASSED] - setText(findTestObject("RecAndPlayBk/Page-Vlink-Debit/input_Application Id"), appID): Text '1773' is set on object 'Object Repository/RecAndPlayBk/Page-Vlink-Debit/input_Application Id'

2023-01-19 19:27:11 - [MESSAGE][PASSED] - Text '1773' is set on object 'Object Repository/RecAndPlayBk/Page-Vlink-Debit/input_Application Id'

2023-01-19 19:27:11 - [TEST_STEP][PASSED] - setText(findTestObject("RecAndPlayBk/Page-Vlink-Debit/input_Username"), username): Text 'username' is set on object 'Object Repository/RecAndPlayBk/Page-Vlink-Debit/input_Username'

2023-01-19 19:27:12 - [MESSAGE][PASSED] - Text 'username' is set on object 'Object Repository/RecAndPlayBk/Page-Vlink-Debit/input_Username'

2023-01-19 19:27:12 - [TEST_STEP][PASSED] - setText(findTestObject("RecAndPlayBk/Page-Vlink-Debit/input_Password"), password): Text 'password' is set on object 'Object Repository/RecAndPlayBk/Page-Vlink-Debit/input_Password'

2023-01-19 19:27:13 - [MESSAGE][PASSED] - Text 'password' is set on object 'Object Repository/RecAndPlayBk/Page-Vlink-Debit/input_Password'

2023-01-19 19:27:13 - [TEST_STEP][PASSED] - setText(findTestObject("RecAndPlayBk/Page-Vlink-Debit/input_Check Type"), checkType): Text 'C' is set on object 'Object Repository/RecAndPlayBk/Page-Vlink-Debit/input_Check Type'

2023-01-19 19:27:14 - [MESSAGE][PASSED] - Text 'C' is set on object 'Object Repository/RecAndPlayBk/Page-Vlink-Debit/input_Check Type'

2023-01-19 19:27:14 - [TEST_STEP][PASSED] - setText(findTestObject("RecAndPlayBk/Page-Vlink-Debit/input_Account_check"), acNumber): Text '58963214' is set on object 'Object Repository/RecAndPlayBk/Page-Vlink-Debit/input_Account_check'

2023-01-19 19:27:15 - [MESSAGE][PASSED] - Text '58963214' is set on object 'Object Repository/RecAndPlayBk/Page-Vlink-Debit/input_Account_check'

2023-01-19 19:27:15 - [TEST_STEP][PASSED] - setText(findTestObject("RecAndPlayBk/Page-Vlink-Debit/input_Company_check"), company): Text 'My Company' is set on object 'Object Repository/RecAndPlayBk/Page-Vlink-Debit/input_Company_check'

2023-01-19 19:27:16 - [MESSAGE][PASSED] - Text 'My Company' is set on object 'Object Repository/RecAndPlayBk/Page-Vlink-Debit/input_Company_check'

2023-01-19 19:27:16 - [TEST_STEP][PASSED] - setText(findTestObject("RecAndPlayBk/Page-Vlink-Debit/input_Account Type"), acType): Text '' is set on object 'Object Repository/RecAndPlayBk/Page-Vlink-Debit/input_Account Type'

2023-01-19 19:27:17 - [MESSAGE][PASSED] - Text '' is set on object 'Object Repository/RecAndPlayBk/Page-Vlink-Debit/input_Account Type'

2023-01-19 19:27:17 - [TEST_STEP][PASSED] - setText(findTestObject("RecAndPlayBk/Page-Vlink-Debit/input_Routing Number"), rtn): Text '256072691' is set on object 'Object Repository/RecAndPlayBk/Page-Vlink-Debit/input_Routing Number'

2023-01-19 19:27:18 - [MESSAGE][PASSED] - Text '256072691' is set on object 'Object Repository/RecAndPlayBk/Page-Vlink-Debit/input_Routing Number'

2023-01-19 19:27:18 - [TEST_STEP][PASSED] - setText(findTestObject("RecAndPlayBk/Page-Vlink-Debit/input_Amount"), amount): Text '12.50' is set on object 'Object Repository/RecAndPlayBk/Page-Vlink-Debit/input_Amount'

2023-01-19 19:27:18 - [MESSAGE][PASSED] - Text '12.50' is set on object 'Object Repository/RecAndPlayBk/Page-Vlink-Debit/input_Amount'

2023-01-19 19:27:18 - [TEST_STEP][PASSED] - setText(findTestObject("RecAndPlayBk/Page-Vlink-Debit/input_Check Email"), ""): Text '' is set on object 'Object Repository/RecAndPlayBk/Page-Vlink-Debit/input_Check Email'

2023-01-19 19:27:19 - [MESSAGE][PASSED] - Text '' is set on object 'Object Repository/RecAndPlayBk/Page-Vlink-Debit/input_Check Email'

2023-01-19 19:27:19 - [TEST_STEP][PASSED] - setText(findTestObject("Object Repository/RecAndPlayBk/Page-Vlink-Debit/input_concat(CheckWriter, , s SSN)_check_ssn"), ""): Text '' is set on object 'Object Repository/RecAndPlayBk/Page-Vlink-Debit/input_concat(CheckWriter, , s SSN)_check_ssn'

2023-01-19 19:27:20 - [MESSAGE][PASSED] - Text '' is set on object 'Object Repository/RecAndPlayBk/Page-Vlink-Debit/input_concat(CheckWriter, , s SSN)_check_ssn'

2023-01-19 19:27:20 - [TEST_STEP][PASSED] - setText(findTestObject("Object Repository/RecAndPlayBk/Page-Vlink-Debit/input_concat(CheckWriter, , s License Numbe_020fef"), ""): Text '' is set on object 'Object Repository/RecAndPlayBk/Page-Vlink-Debit/input_concat(CheckWriter, , s License Numbe_020fef'

2023-01-19 19:27:21 - [MESSAGE][PASSED] - Text '' is set on object 'Object Repository/RecAndPlayBk/Page-Vlink-Debit/input_concat(CheckWriter, , s License Numbe_020fef'

2023-01-19 19:27:21 - [TEST_STEP][PASSED] - setText(findTestObject("Object Repository/RecAndPlayBk/Page-Vlink-Debit/input_concat(CheckWriter, , s License State_21e3e7"), ""): Text '' is set on object 'Object Repository/RecAndPlayBk/Page-Vlink-Debit/input_concat(CheckWriter, , s License State_21e3e7'

2023-01-19 19:27:22 - [MESSAGE][PASSED] - Text '' is set on object 'Object Repository/RecAndPlayBk/Page-Vlink-Debit/input_concat(CheckWriter, , s License State_21e3e7'

2023-01-19 19:27:22 - [TEST_STEP][PASSED] - setText(findTestObject("RecAndPlayBk/Page-Vlink-Debit/input_Standard Entry Class"), sec): Text 'CCD' is set on object 'Object Repository/RecAndPlayBk/Page-Vlink-Debit/input_Standard Entry Class'

2023-01-19 19:27:22 - [MESSAGE][PASSED] - Text 'CCD' is set on object 'Object Repository/RecAndPlayBk/Page-Vlink-Debit/input_Standard Entry Class'

2023-01-19 19:27:22 - [TEST_STEP][PASSED] - click(findTestObject("Object Repository/RecAndPlayBk/Page-Vlink-Debit/input")): Object: 'Object Repository/RecAndPlayBk/Page-Vlink-Debit/input' is clicked on

2023-01-19 19:27:23 - [MESSAGE][PASSED] - Object: 'Object Repository/RecAndPlayBk/Page-Vlink-Debit/input' is clicked on

2023-01-19 19:27:23 - [TEST_STEP][PASSED] - if (verifyTextPresent("Transaction approved, no errors", true)): null

2023-01-19 19:27:24 - [MESSAGE][PASSED] - Text 'Transaction approved, no errors' is present on page  using regular expression

2023-01-19 19:27:24 - [TEST_STEP][PASSED] - println("Transaction Approved, no errors text is present on the Confirmation page"): null

2023-01-19 19:27:24 - [TEST_STEP][PASSED] - sdfo = getText(findTestObject("Object Repository/Page_VLinkReceipt/pre_STX")): Text of object 'Object Repository/Page_VLinkReceipt/pre_STX' is: '<STX>5h9NPl3TQr6j                  2916667             0  Transaction approved, no errors                   0                                                                                                              <ETX>'

2023-01-19 19:27:24 - [MESSAGE][PASSED] - Text of object 'Object Repository/Page_VLinkReceipt/pre_STX' is: '<STX>5h9NPl3TQr6j                  2916667             0  Transaction approved, no errors                   0                                                                                                              <ETX>'

2023-01-19 19:27:24 - [TEST_STEP][PASSED] - out.println("sdfo: " + sdfo): null

2023-01-19 19:27:24 - [TEST_STEP][PASSED] - remID = substring(5, 35).trim(): null

2023-01-19 19:27:24 - [TEST_STEP][PASSED] - out.println("remID: " + remID): null

2023-01-19 19:27:24 - [TEST_STEP][PASSED] - traxID = substring(35, 55).trim(): null

2023-01-19 19:27:24 - [TEST_STEP][PASSED] - out.println("traxID: " + traxID): null

2023-01-19 19:27:24 - [TEST_STEP][PASSED] - VLinkSaleRemID = remID: null

2023-01-19 19:27:24 - [TEST_STEP][PASSED] - VLinkSaleTranxID = traxID: null

2023-01-19 19:27:24 - [TEST_STEP][PASSED] - openBrowser(VLinkURL + "ACH_credit.html"): Browser is opened with url: 'https://dev-algorithm.govolution.com/vlinktest/demo/version_2_0/ACH_credit.html'

2023-01-19 19:27:24 - [MESSAGE][WARNING] - A browser is already opened. Closing browser and opening a new one

2023-01-19 19:27:25 - [MESSAGE][INFO] - Starting 'Chrome' driver

2023-01-19 19:27:25 - [MESSAGE][INFO] - User set preference: ['acceptInsecureCerts', 'true']

2023-01-19 19:27:25 - [MESSAGE][INFO] - Action delay is set to 0 milliseconds

2023-01-19 19:27:27 - [MESSAGE][PASSED] - Browser is opened with url: 'https://dev-algorithm.govolution.com/vlinktest/demo/version_2_0/ACH_credit.html'

2023-01-19 19:27:27 - [TEST_STEP][PASSED] - maximizeWindow(): Current window maximized

2023-01-19 19:27:27 - [MESSAGE][PASSED] - Current window maximized

2023-01-19 19:27:27 - [TEST_STEP][PASSED] - setText(findTestObject("Object Repository/RecAndPlayBk/Page-Vlink-ACH-Credit/input_Remittance Id"), VLinkSaleRemID): Text '5h9NPl3TQr6j' is set on object 'Object Repository/RecAndPlayBk/Page-Vlink-ACH-Credit/input_Remittance Id'

2023-01-19 19:27:28 - [MESSAGE][PASSED] - Text '5h9NPl3TQr6j' is set on object 'Object Repository/RecAndPlayBk/Page-Vlink-ACH-Credit/input_Remittance Id'

2023-01-19 19:27:28 - [TEST_STEP][PASSED] - setText(findTestObject("Object Repository/RecAndPlayBk/Page-Vlink-ACH-Credit/input_Application Id"), appID): Text '1773' is set on object 'Object Repository/RecAndPlayBk/Page-Vlink-ACH-Credit/input_Application Id'

2023-01-19 19:27:28 - [MESSAGE][PASSED] - Text '1773' is set on object 'Object Repository/RecAndPlayBk/Page-Vlink-ACH-Credit/input_Application Id'

2023-01-19 19:27:28 - [TEST_STEP][PASSED] - setText(findTestObject("Object Repository/RecAndPlayBk/Page-Vlink-ACH-Credit/input_Username"), username): Text 'username' is set on object 'Object Repository/RecAndPlayBk/Page-Vlink-ACH-Credit/input_Username'

2023-01-19 19:27:29 - [MESSAGE][PASSED] - Text 'username' is set on object 'Object Repository/RecAndPlayBk/Page-Vlink-ACH-Credit/input_Username'

2023-01-19 19:27:29 - [TEST_STEP][PASSED] - setText(findTestObject("Object Repository/RecAndPlayBk/Page-Vlink-ACH-Credit/input_Password"), password): Text 'password' is set on object 'Object Repository/RecAndPlayBk/Page-Vlink-ACH-Credit/input_Password'

2023-01-19 19:27:30 - [MESSAGE][PASSED] - Text 'password' is set on object 'Object Repository/RecAndPlayBk/Page-Vlink-ACH-Credit/input_Password'

2023-01-19 19:27:30 - [TEST_STEP][PASSED] - setText(findTestObject("Object Repository/RecAndPlayBk/Page-Vlink-ACH-Credit/input_Check Type"), checkType): Text 'C' is set on object 'Object Repository/RecAndPlayBk/Page-Vlink-ACH-Credit/input_Check Type'

2023-01-19 19:27:31 - [MESSAGE][PASSED] - Text 'C' is set on object 'Object Repository/RecAndPlayBk/Page-Vlink-ACH-Credit/input_Check Type'

2023-01-19 19:27:31 - [TEST_STEP][PASSED] - setText(findTestObject("Object Repository/RecAndPlayBk/Page-Vlink-ACH-Credit/input_Transaction ID"), VLinkSaleTranxID): Text '2916667' is set on object 'Object Repository/RecAndPlayBk/Page-Vlink-ACH-Credit/input_Transaction ID'

2023-01-19 19:27:32 - [MESSAGE][PASSED] - Text '2916667' is set on object 'Object Repository/RecAndPlayBk/Page-Vlink-ACH-Credit/input_Transaction ID'

2023-01-19 19:27:32 - [TEST_STEP][PASSED] - setText(findTestObject("Object Repository/RecAndPlayBk/Page-Vlink-ACH-Credit/input_Amount"), amount): Text '12.50' is set on object 'Object Repository/RecAndPlayBk/Page-Vlink-ACH-Credit/input_Amount'

2023-01-19 19:27:33 - [MESSAGE][PASSED] - Text '12.50' is set on object 'Object Repository/RecAndPlayBk/Page-Vlink-ACH-Credit/input_Amount'

2023-01-19 19:27:33 - [TEST_STEP][PASSED] - setText(findTestObject("Object Repository/RecAndPlayBk/Page-Vlink-ACH-Credit/input_Standard Entry Class"), sec): Text 'CCD' is set on object 'Object Repository/RecAndPlayBk/Page-Vlink-ACH-Credit/input_Standard Entry Class'

2023-01-19 19:27:34 - [MESSAGE][PASSED] - Text 'CCD' is set on object 'Object Repository/RecAndPlayBk/Page-Vlink-ACH-Credit/input_Standard Entry Class'

2023-01-19 19:27:34 - [TEST_STEP][PASSED] - setText(findTestObject("Object Repository/RecAndPlayBk/Page-Vlink-ACH-Credit/input_Account Number"), acNumber): Text '58963214' is set on object 'Object Repository/RecAndPlayBk/Page-Vlink-ACH-Credit/input_Account Number'

2023-01-19 19:27:35 - [MESSAGE][PASSED] - Text '58963214' is set on object 'Object Repository/RecAndPlayBk/Page-Vlink-ACH-Credit/input_Account Number'

2023-01-19 19:27:35 - [TEST_STEP][PASSED] - setText(findTestObject("Object Repository/RecAndPlayBk/Page-Vlink-ACH-Credit/input_Routing Number"), rtn): Text '256072691' is set on object 'Object Repository/RecAndPlayBk/Page-Vlink-ACH-Credit/input_Routing Number'

2023-01-19 19:27:35 - [MESSAGE][PASSED] - Text '256072691' is set on object 'Object Repository/RecAndPlayBk/Page-Vlink-ACH-Credit/input_Routing Number'

2023-01-19 19:27:35 - [TEST_STEP][PASSED] - click(findTestObject("Object Repository/RecAndPlayBk/Page-Vlink-ACH-Credit/input")): Object: 'Object Repository/RecAndPlayBk/Page-Vlink-ACH-Credit/input' is clicked on

2023-01-19 19:27:36 - [MESSAGE][PASSED] - Object: 'Object Repository/RecAndPlayBk/Page-Vlink-ACH-Credit/input' is clicked on

2023-01-19 19:27:36 - [TEST_STEP][PASSED] - if (verifyTextPresent("Transaction approved, no errors", true)): null

2023-01-19 19:27:37 - [MESSAGE][PASSED] - Text 'Transaction approved, no errors' is present on page  using regular expression

2023-01-19 19:27:37 - [TEST_STEP][PASSED] - println("Transaction Approved, no errors text is present on the Confirmation page"): null

2023-01-19 19:27:37 - [TEST_STEP][PASSED] - out.println("Pass Record Number: " + row): null

2023-01-19 19:27:37 - [TEST_STEP][PASSED] - resText = "Pass": null

2023-01-19 19:27:37 - [TEST_STEP][PASSED] - pages.WriteExcel.demoKey(resText, datText, resColumn, datCloumn, fileLoc, nameSheet, row): pages.WriteExcel.demoKey is PASSED

2023-01-19 19:27:37 - [MESSAGE][PASSED] - pages.WriteExcel.demoKey is PASSED]]></system-out>
         <system-err><![CDATA[2023-01-19 19:24:13 - [TEST_CASE][FAILED] - Test Cases/RecAndPlayBk/VLink/Debit-Credit: Test Cases/RecAndPlayBk/VLink/Debit-Credit FAILED.
Reason:
com.kms.katalon.core.exception.StepFailedException: Text 'Transaction approved, no errors' is not present on page  using regular expression (Root cause: com.kms.katalon.core.exception.StepFailedException: Text 'Transaction approved, no errors' is not present on page  using regular expression
	at com.kms.katalon.core.webui.keyword.internal.WebUIKeywordMain.stepFailed(WebUIKeywordMain.groovy:64)
	at com.kms.katalon.core.webui.keyword.builtin.VerifyTextPresentKeyword$_verifyTextPresent_closure1.doCall(VerifyTextPresentKeyword.groovy:79)
	at com.kms.katalon.core.webui.keyword.builtin.VerifyTextPresentKeyword$_verifyTextPresent_closure1.call(VerifyTextPresentKeyword.groovy)
	at com.kms.katalon.core.webui.keyword.internal.WebUIKeywordMain.runKeyword(WebUIKeywordMain.groovy:20)
	at com.kms.katalon.core.webui.keyword.builtin.VerifyTextPresentKeyword.verifyTextPresent(VerifyTextPresentKeyword.groovy:83)
	at com.kms.katalon.core.webui.keyword.builtin.VerifyTextPresentKeyword.execute(VerifyTextPresentKeyword.groovy:68)
	at com.kms.katalon.core.keyword.internal.KeywordExecutor.executeKeywordForPlatform(KeywordExecutor.groovy:74)
	at com.kms.katalon.core.webui.keyword.WebUiBuiltInKeywords.verifyTextPresent(WebUiBuiltInKeywords.groovy:1723)
	at com.kms.katalon.core.webui.keyword.WebUiBuiltInKeywords$verifyTextPresent$3.call(Unknown Source)
	at Debit-Credit.run(Debit-Credit:145)
	at com.kms.katalon.core.main.ScriptEngine.run(ScriptEngine.java:194)
	at com.kms.katalon.core.main.ScriptEngine.runScriptAsRawText(ScriptEngine.java:119)
	at com.kms.katalon.core.main.TestCaseExecutor.runScript(TestCaseExecutor.java:442)
	at com.kms.katalon.core.main.TestCaseExecutor.doExecute(TestCaseExecutor.java:433)
	at com.kms.katalon.core.main.TestCaseExecutor.processExecutionPhase(TestCaseExecutor.java:412)
	at com.kms.katalon.core.main.TestCaseExecutor.accessMainPhase(TestCaseExecutor.java:404)
	at com.kms.katalon.core.main.TestCaseExecutor.execute(TestCaseExecutor.java:281)
	at com.kms.katalon.core.main.TestSuiteExecutor.accessTestCaseMainPhase(TestSuiteExecutor.java:202)
	at com.kms.katalon.core.main.TestSuiteExecutor.accessTestSuiteMainPhase(TestSuiteExecutor.java:164)
	at com.kms.katalon.core.main.TestSuiteExecutor.execute(TestSuiteExecutor.java:105)
	at com.kms.katalon.core.main.TestCaseMain.startTestSuite(TestCaseMain.java:185)
	at com.kms.katalon.core.main.TestCaseMain$startTestSuite$0.call(Unknown Source)
	at TempTestSuite1674173784562.run(TempTestSuite1674173784562.groovy:36)
)
	at com.kms.katalon.core.keyword.internal.KeywordMain.stepFailed(KeywordMain.groovy:39)
	at com.kms.katalon.core.webui.keyword.internal.WebUIKeywordMain.stepFailed(WebUIKeywordMain.groovy:64)
	at com.kms.katalon.core.webui.keyword.builtin.VerifyTextPresentKeyword$_verifyTextPresent_closure1.doCall(VerifyTextPresentKeyword.groovy:79)
	at com.kms.katalon.core.webui.keyword.builtin.VerifyTextPresentKeyword$_verifyTextPresent_closure1.call(VerifyTextPresentKeyword.groovy)
	at com.kms.katalon.core.webui.keyword.internal.WebUIKeywordMain.runKeyword(WebUIKeywordMain.groovy:20)
	at com.kms.katalon.core.webui.keyword.builtin.VerifyTextPresentKeyword.verifyTextPresent(VerifyTextPresentKeyword.groovy:83)
	at com.kms.katalon.core.webui.keyword.builtin.VerifyTextPresentKeyword.execute(VerifyTextPresentKeyword.groovy:68)
	at com.kms.katalon.core.keyword.internal.KeywordExecutor.executeKeywordForPlatform(KeywordExecutor.groovy:74)
	at com.kms.katalon.core.webui.keyword.WebUiBuiltInKeywords.verifyTextPresent(WebUiBuiltInKeywords.groovy:1723)
	at com.kms.katalon.core.webui.keyword.WebUiBuiltInKeywords$verifyTextPresent$3.call(Unknown Source)
	at Debit-Credit.run(Debit-Credit:145)
	at com.kms.katalon.core.main.ScriptEngine.run(ScriptEngine.java:194)
	at com.kms.katalon.core.main.ScriptEngine.runScriptAsRawText(ScriptEngine.java:119)
	at com.kms.katalon.core.main.TestCaseExecutor.runScript(TestCaseExecutor.java:442)
	at com.kms.katalon.core.main.TestCaseExecutor.doExecute(TestCaseExecutor.java:433)
	at com.kms.katalon.core.main.TestCaseExecutor.processExecutionPhase(TestCaseExecutor.java:412)
	at com.kms.katalon.core.main.TestCaseExecutor.accessMainPhase(TestCaseExecutor.java:404)
	at com.kms.katalon.core.main.TestCaseExecutor.execute(TestCaseExecutor.java:281)
	at com.kms.katalon.core.main.TestSuiteExecutor.accessTestCaseMainPhase(TestSuiteExecutor.java:202)
	at com.kms.katalon.core.main.TestSuiteExecutor.accessTestSuiteMainPhase(TestSuiteExecutor.java:164)
	at com.kms.katalon.core.main.TestSuiteExecutor.execute(TestSuiteExecutor.java:105)
	at com.kms.katalon.core.main.TestCaseMain.startTestSuite(TestCaseMain.java:185)
	at com.kms.katalon.core.main.TestCaseMain$startTestSuite$0.call(Unknown Source)
	at TempTestSuite1674173784562.run(TempTestSuite1674173784562.groovy:36)
Caused by: com.kms.katalon.core.exception.StepFailedException: Text 'Transaction approved, no errors' is not present on page  using regular expression
	... 23 more]]></system-err>
      </testcase>
      <testcase name="Test Cases/RecAndPlayBk/VLink/Debit-Credit-Void" time="298.55" classname="Test Cases/RecAndPlayBk/VLink/Debit-Credit-Void" status="PASSED">
         <system-out><![CDATA[2023-01-19 19:27:37 - [TEST_CASE][PASSED] - Test Cases/RecAndPlayBk/VLink/Debit-Credit-Void: Test Cases/RecAndPlayBk/VLink/Debit-Credit-Void

2023-01-19 19:27:37 - [TEST_STEP][PASSED] - executionProfile = getExecutionProfile(): null

2023-01-19 19:27:37 - [TEST_STEP][PASSED] - out.println("executionProfile : " + executionProfile): null

2023-01-19 19:27:37 - [TEST_STEP][PASSED] - appName = <not implemented yet for class: org.codehaus.groovy.ast.expr.EmptyExpression>: null

2023-01-19 19:27:37 - [TEST_STEP][PASSED] - appID = <not implemented yet for class: org.codehaus.groovy.ast.expr.EmptyExpression>: null

2023-01-19 19:27:37 - [TEST_STEP][PASSED] - username = <not implemented yet for class: org.codehaus.groovy.ast.expr.EmptyExpression>: null

2023-01-19 19:27:37 - [TEST_STEP][PASSED] - password = <not implemented yet for class: org.codehaus.groovy.ast.expr.EmptyExpression>: null

2023-01-19 19:27:37 - [TEST_STEP][PASSED] - cardNameV = <not implemented yet for class: org.codehaus.groovy.ast.expr.EmptyExpression>: null

2023-01-19 19:27:37 - [TEST_STEP][PASSED] - al1V = <not implemented yet for class: org.codehaus.groovy.ast.expr.EmptyExpression>: null

2023-01-19 19:27:37 - [TEST_STEP][PASSED] - al2V = <not implemented yet for class: org.codehaus.groovy.ast.expr.EmptyExpression>: null

2023-01-19 19:27:37 - [TEST_STEP][PASSED] - zipV = <not implemented yet for class: org.codehaus.groovy.ast.expr.EmptyExpression>: null

2023-01-19 19:27:37 - [TEST_STEP][PASSED] - cardTypeV = <not implemented yet for class: org.codehaus.groovy.ast.expr.EmptyExpression>: null

2023-01-19 19:27:37 - [TEST_STEP][PASSED] - last4V = <not implemented yet for class: org.codehaus.groovy.ast.expr.EmptyExpression>: null

2023-01-19 19:27:37 - [TEST_STEP][PASSED] - resText = "Fail": null

2023-01-19 19:27:37 - [TEST_STEP][PASSED] - resColumn = "Result": null

2023-01-19 19:27:37 - [TEST_STEP][PASSED] - datCloumn = "Date": null

2023-01-19 19:27:37 - [TEST_STEP][PASSED] - fileLoc = "KatalonData/VLinkSmokeDataACH.xlsx": null

2023-01-19 19:27:37 - [TEST_STEP][PASSED] - numOfRows = <not implemented yet for class: org.codehaus.groovy.ast.expr.EmptyExpression>: null

2023-01-19 19:27:37 - [TEST_STEP][PASSED] - dataFile = <not implemented yet for class: org.codehaus.groovy.ast.expr.EmptyExpression>: null

2023-01-19 19:27:37 - [TEST_STEP][PASSED] - nameSheet = <not implemented yet for class: org.codehaus.groovy.ast.expr.EmptyExpression>: null

2023-01-19 19:27:37 - [TEST_STEP][PASSED] - nameSheet = "Debit-Credit-Void": null

2023-01-19 19:27:37 - [TEST_STEP][PASSED] - numOfRows = findTestData("QA/VLinkTestData/DebitCreditVoidData").getRowNumbers(): null

2023-01-19 19:27:37 - [TEST_STEP][PASSED] - println("Number of Records: " + numOfRows): null

2023-01-19 19:27:37 - [TEST_STEP][PASSED] - dataFile = "QA/VLinkTestData/DebitCreditVoidData": null

2023-01-19 19:27:37 - [TEST_STEP][PASSED] - for ([row = 1, row <= numOfRows, (row++)]): null

2023-01-19 19:27:37 - [TEST_STEP][PASSED] - ExecuteTC = findTestData(dataFile).getValue("Execute", row): null

2023-01-19 19:27:37 - [TEST_STEP][PASSED] - out.println("Value of Execute is : " + ExecuteTC): null

2023-01-19 19:27:37 - [TEST_STEP][PASSED] - switch (executionProfile): null

2023-01-19 19:27:37 - [TEST_STEP][PASSED] - case "DemoProfile":: null

2023-01-19 19:27:37 - [TEST_STEP][PASSED] - appID = findTestData(dataFile).getValue("AppIDDemo", row): null

2023-01-19 19:27:38 - [TEST_STEP][PASSED] - username = findTestData(dataFile).getValue("UsernameDemo", row): null

2023-01-19 19:27:38 - [TEST_STEP][PASSED] - password = findTestData(dataFile).getValue("PasswordDemo", row): null

2023-01-19 19:27:38 - [TEST_STEP][PASSED] - break: null

2023-01-19 19:27:38 - [TEST_STEP][PASSED] - if (ExecuteTC.equalsIgnoreCase("Y")): null

2023-01-19 19:27:38 - [TEST_STEP][PASSED] - out.println("Begin Record Number: " + row): null

2023-01-19 19:27:38 - [TEST_STEP][PASSED] - today = new java.util.Date(): null

2023-01-19 19:27:38 - [TEST_STEP][PASSED] - println(today): null

2023-01-19 19:27:38 - [TEST_STEP][PASSED] - datText = today: null

2023-01-19 19:27:38 - [TEST_STEP][PASSED] - checkType = findTestData(dataFile).getValue("CheckType", row): null

2023-01-19 19:27:38 - [TEST_STEP][PASSED] - acNumber = findTestData(dataFile).getValue("AcNumber", row): null

2023-01-19 19:27:38 - [TEST_STEP][PASSED] - company = findTestData(dataFile).getValue("Company", row): null

2023-01-19 19:27:38 - [TEST_STEP][PASSED] - acType = findTestData(dataFile).getValue("AcType", row): null

2023-01-19 19:27:38 - [TEST_STEP][PASSED] - rtn = findTestData(dataFile).getValue("RTN", row): null

2023-01-19 19:27:38 - [TEST_STEP][PASSED] - amount = findTestData(dataFile).getValue("Amount", row): null

2023-01-19 19:27:38 - [TEST_STEP][PASSED] - sec = findTestData(dataFile).getValue("SEC", row): null

2023-01-19 19:27:38 - [TEST_STEP][PASSED] - openBrowser(VLinkURL + "debit.html"): Browser is opened with url: 'https://dev-algorithm.govolution.com/vlinktest/demo/version_2_0/debit.html'

2023-01-19 19:27:38 - [MESSAGE][WARNING] - A browser is already opened. Closing browser and opening a new one

2023-01-19 19:27:39 - [MESSAGE][INFO] - Starting 'Chrome' driver

2023-01-19 19:27:39 - [MESSAGE][INFO] - User set preference: ['acceptInsecureCerts', 'true']

2023-01-19 19:27:39 - [MESSAGE][INFO] - Action delay is set to 0 milliseconds

2023-01-19 19:27:41 - [MESSAGE][PASSED] - Browser is opened with url: 'https://dev-algorithm.govolution.com/vlinktest/demo/version_2_0/debit.html'

2023-01-19 19:27:41 - [TEST_STEP][PASSED] - maximizeWindow(): Current window maximized

2023-01-19 19:27:41 - [MESSAGE][PASSED] - Current window maximized

2023-01-19 19:27:41 - [TEST_STEP][PASSED] - genRemID = RandomStringUtils.random(12, true, true): null

2023-01-19 19:27:41 - [TEST_STEP][PASSED] - setText(findTestObject("RecAndPlayBk/Page-Vlink-Debit/input_Remittance Id"), genRemID): Text 'XOQIEVEqAcEj' is set on object 'Object Repository/RecAndPlayBk/Page-Vlink-Debit/input_Remittance Id'

2023-01-19 19:27:42 - [MESSAGE][PASSED] - Text 'XOQIEVEqAcEj' is set on object 'Object Repository/RecAndPlayBk/Page-Vlink-Debit/input_Remittance Id'

2023-01-19 19:27:42 - [TEST_STEP][PASSED] - setText(findTestObject("RecAndPlayBk/Page-Vlink-Debit/input_Application Id"), appID): Text '1773' is set on object 'Object Repository/RecAndPlayBk/Page-Vlink-Debit/input_Application Id'

2023-01-19 19:27:43 - [MESSAGE][PASSED] - Text '1773' is set on object 'Object Repository/RecAndPlayBk/Page-Vlink-Debit/input_Application Id'

2023-01-19 19:27:43 - [TEST_STEP][PASSED] - setText(findTestObject("RecAndPlayBk/Page-Vlink-Debit/input_Username"), username): Text 'username' is set on object 'Object Repository/RecAndPlayBk/Page-Vlink-Debit/input_Username'

2023-01-19 19:27:43 - [MESSAGE][PASSED] - Text 'username' is set on object 'Object Repository/RecAndPlayBk/Page-Vlink-Debit/input_Username'

2023-01-19 19:27:43 - [TEST_STEP][PASSED] - setText(findTestObject("RecAndPlayBk/Page-Vlink-Debit/input_Password"), password): Text 'password' is set on object 'Object Repository/RecAndPlayBk/Page-Vlink-Debit/input_Password'

2023-01-19 19:27:44 - [MESSAGE][PASSED] - Text 'password' is set on object 'Object Repository/RecAndPlayBk/Page-Vlink-Debit/input_Password'

2023-01-19 19:27:44 - [TEST_STEP][PASSED] - setText(findTestObject("RecAndPlayBk/Page-Vlink-Debit/input_Check Type"), checkType): Text 'P' is set on object 'Object Repository/RecAndPlayBk/Page-Vlink-Debit/input_Check Type'

2023-01-19 19:27:45 - [MESSAGE][PASSED] - Text 'P' is set on object 'Object Repository/RecAndPlayBk/Page-Vlink-Debit/input_Check Type'

2023-01-19 19:27:45 - [TEST_STEP][PASSED] - setText(findTestObject("RecAndPlayBk/Page-Vlink-Debit/input_Account_check"), acNumber): Text '58963214' is set on object 'Object Repository/RecAndPlayBk/Page-Vlink-Debit/input_Account_check'

2023-01-19 19:27:46 - [MESSAGE][PASSED] - Text '58963214' is set on object 'Object Repository/RecAndPlayBk/Page-Vlink-Debit/input_Account_check'

2023-01-19 19:27:46 - [TEST_STEP][PASSED] - setText(findTestObject("RecAndPlayBk/Page-Vlink-Debit/input_Company_check"), company): Text '' is set on object 'Object Repository/RecAndPlayBk/Page-Vlink-Debit/input_Company_check'

2023-01-19 19:27:47 - [MESSAGE][PASSED] - Text '' is set on object 'Object Repository/RecAndPlayBk/Page-Vlink-Debit/input_Company_check'

2023-01-19 19:27:47 - [TEST_STEP][PASSED] - setText(findTestObject("RecAndPlayBk/Page-Vlink-Debit/input_Account Type"), acType): Text '1' is set on object 'Object Repository/RecAndPlayBk/Page-Vlink-Debit/input_Account Type'

2023-01-19 19:27:48 - [MESSAGE][PASSED] - Text '1' is set on object 'Object Repository/RecAndPlayBk/Page-Vlink-Debit/input_Account Type'

2023-01-19 19:27:48 - [TEST_STEP][PASSED] - setText(findTestObject("RecAndPlayBk/Page-Vlink-Debit/input_Routing Number"), rtn): Text '256072691' is set on object 'Object Repository/RecAndPlayBk/Page-Vlink-Debit/input_Routing Number'

2023-01-19 19:27:49 - [MESSAGE][PASSED] - Text '256072691' is set on object 'Object Repository/RecAndPlayBk/Page-Vlink-Debit/input_Routing Number'

2023-01-19 19:27:49 - [TEST_STEP][PASSED] - setText(findTestObject("RecAndPlayBk/Page-Vlink-Debit/input_Amount"), amount): Text '12.50' is set on object 'Object Repository/RecAndPlayBk/Page-Vlink-Debit/input_Amount'

2023-01-19 19:27:50 - [MESSAGE][PASSED] - Text '12.50' is set on object 'Object Repository/RecAndPlayBk/Page-Vlink-Debit/input_Amount'

2023-01-19 19:27:50 - [TEST_STEP][PASSED] - setText(findTestObject("RecAndPlayBk/Page-Vlink-Debit/input_Check Email"), ""): Text '' is set on object 'Object Repository/RecAndPlayBk/Page-Vlink-Debit/input_Check Email'

2023-01-19 19:27:50 - [MESSAGE][PASSED] - Text '' is set on object 'Object Repository/RecAndPlayBk/Page-Vlink-Debit/input_Check Email'

2023-01-19 19:27:50 - [TEST_STEP][PASSED] - setText(findTestObject("Object Repository/RecAndPlayBk/Page-Vlink-Debit/input_concat(CheckWriter, , s SSN)_check_ssn"), ""): Text '' is set on object 'Object Repository/RecAndPlayBk/Page-Vlink-Debit/input_concat(CheckWriter, , s SSN)_check_ssn'

2023-01-19 19:27:51 - [MESSAGE][PASSED] - Text '' is set on object 'Object Repository/RecAndPlayBk/Page-Vlink-Debit/input_concat(CheckWriter, , s SSN)_check_ssn'

2023-01-19 19:27:51 - [TEST_STEP][PASSED] - setText(findTestObject("Object Repository/RecAndPlayBk/Page-Vlink-Debit/input_concat(CheckWriter, , s License Numbe_020fef"), ""): Text '' is set on object 'Object Repository/RecAndPlayBk/Page-Vlink-Debit/input_concat(CheckWriter, , s License Numbe_020fef'

2023-01-19 19:27:52 - [MESSAGE][PASSED] - Text '' is set on object 'Object Repository/RecAndPlayBk/Page-Vlink-Debit/input_concat(CheckWriter, , s License Numbe_020fef'

2023-01-19 19:27:52 - [TEST_STEP][PASSED] - setText(findTestObject("Object Repository/RecAndPlayBk/Page-Vlink-Debit/input_concat(CheckWriter, , s License State_21e3e7"), ""): Text '' is set on object 'Object Repository/RecAndPlayBk/Page-Vlink-Debit/input_concat(CheckWriter, , s License State_21e3e7'

2023-01-19 19:27:53 - [MESSAGE][PASSED] - Text '' is set on object 'Object Repository/RecAndPlayBk/Page-Vlink-Debit/input_concat(CheckWriter, , s License State_21e3e7'

2023-01-19 19:27:53 - [TEST_STEP][PASSED] - setText(findTestObject("RecAndPlayBk/Page-Vlink-Debit/input_Standard Entry Class"), sec): Text 'WEB' is set on object 'Object Repository/RecAndPlayBk/Page-Vlink-Debit/input_Standard Entry Class'

2023-01-19 19:27:54 - [MESSAGE][PASSED] - Text 'WEB' is set on object 'Object Repository/RecAndPlayBk/Page-Vlink-Debit/input_Standard Entry Class'

2023-01-19 19:27:54 - [TEST_STEP][PASSED] - click(findTestObject("Object Repository/RecAndPlayBk/Page-Vlink-Debit/input")): Object: 'Object Repository/RecAndPlayBk/Page-Vlink-Debit/input' is clicked on

2023-01-19 19:27:55 - [MESSAGE][PASSED] - Object: 'Object Repository/RecAndPlayBk/Page-Vlink-Debit/input' is clicked on

2023-01-19 19:27:55 - [TEST_STEP][PASSED] - if (verifyTextPresent("Transaction approved, no errors", true)): null

2023-01-19 19:27:55 - [MESSAGE][PASSED] - Text 'Transaction approved, no errors' is present on page  using regular expression

2023-01-19 19:27:55 - [TEST_STEP][PASSED] - println("Transaction Approved, no errors text is present on the Confirmation page"): null

2023-01-19 19:27:55 - [TEST_STEP][PASSED] - sdfo = getText(findTestObject("Object Repository/Page_VLinkReceipt/pre_STX")): Text of object 'Object Repository/Page_VLinkReceipt/pre_STX' is: '<STX>XOQIEVEqAcEj                  2916669             0  Transaction approved, no errors                   0                                                                                                              <ETX>'

2023-01-19 19:27:56 - [MESSAGE][PASSED] - Text of object 'Object Repository/Page_VLinkReceipt/pre_STX' is: '<STX>XOQIEVEqAcEj                  2916669             0  Transaction approved, no errors                   0                                                                                                              <ETX>'

2023-01-19 19:27:56 - [TEST_STEP][PASSED] - out.println("sdfo: " + sdfo): null

2023-01-19 19:27:56 - [TEST_STEP][PASSED] - remID = substring(5, 35).trim(): null

2023-01-19 19:27:56 - [TEST_STEP][PASSED] - out.println("remID: " + remID): null

2023-01-19 19:27:56 - [TEST_STEP][PASSED] - traxID = substring(35, 55).trim(): null

2023-01-19 19:27:56 - [TEST_STEP][PASSED] - out.println("traxID: " + traxID): null

2023-01-19 19:27:56 - [TEST_STEP][PASSED] - VLinkSaleRemID = remID: null

2023-01-19 19:27:56 - [TEST_STEP][PASSED] - VLinkSaleTranxID = traxID: null

2023-01-19 19:27:56 - [TEST_STEP][PASSED] - openBrowser(VLinkURL + "ACH_credit.html"): Browser is opened with url: 'https://dev-algorithm.govolution.com/vlinktest/demo/version_2_0/ACH_credit.html'

2023-01-19 19:27:56 - [MESSAGE][WARNING] - A browser is already opened. Closing browser and opening a new one

2023-01-19 19:27:57 - [MESSAGE][INFO] - Starting 'Chrome' driver

2023-01-19 19:27:57 - [MESSAGE][INFO] - User set preference: ['acceptInsecureCerts', 'true']

2023-01-19 19:27:57 - [MESSAGE][INFO] - Action delay is set to 0 milliseconds

2023-01-19 19:27:58 - [MESSAGE][PASSED] - Browser is opened with url: 'https://dev-algorithm.govolution.com/vlinktest/demo/version_2_0/ACH_credit.html'

2023-01-19 19:27:58 - [TEST_STEP][PASSED] - maximizeWindow(): Current window maximized

2023-01-19 19:27:58 - [MESSAGE][PASSED] - Current window maximized

2023-01-19 19:27:58 - [TEST_STEP][PASSED] - setText(findTestObject("Object Repository/RecAndPlayBk/Page-Vlink-ACH-Credit/input_Remittance Id"), VLinkSaleRemID): Text 'XOQIEVEqAcEj' is set on object 'Object Repository/RecAndPlayBk/Page-Vlink-ACH-Credit/input_Remittance Id'

2023-01-19 19:27:59 - [MESSAGE][PASSED] - Text 'XOQIEVEqAcEj' is set on object 'Object Repository/RecAndPlayBk/Page-Vlink-ACH-Credit/input_Remittance Id'

2023-01-19 19:27:59 - [TEST_STEP][PASSED] - setText(findTestObject("Object Repository/RecAndPlayBk/Page-Vlink-ACH-Credit/input_Application Id"), appID): Text '1773' is set on object 'Object Repository/RecAndPlayBk/Page-Vlink-ACH-Credit/input_Application Id'

2023-01-19 19:28:00 - [MESSAGE][PASSED] - Text '1773' is set on object 'Object Repository/RecAndPlayBk/Page-Vlink-ACH-Credit/input_Application Id'

2023-01-19 19:28:00 - [TEST_STEP][PASSED] - setText(findTestObject("Object Repository/RecAndPlayBk/Page-Vlink-ACH-Credit/input_Username"), username): Text 'username' is set on object 'Object Repository/RecAndPlayBk/Page-Vlink-ACH-Credit/input_Username'

2023-01-19 19:28:01 - [MESSAGE][PASSED] - Text 'username' is set on object 'Object Repository/RecAndPlayBk/Page-Vlink-ACH-Credit/input_Username'

2023-01-19 19:28:01 - [TEST_STEP][PASSED] - setText(findTestObject("Object Repository/RecAndPlayBk/Page-Vlink-ACH-Credit/input_Password"), password): Text 'password' is set on object 'Object Repository/RecAndPlayBk/Page-Vlink-ACH-Credit/input_Password'

2023-01-19 19:28:02 - [MESSAGE][PASSED] - Text 'password' is set on object 'Object Repository/RecAndPlayBk/Page-Vlink-ACH-Credit/input_Password'

2023-01-19 19:28:02 - [TEST_STEP][PASSED] - setText(findTestObject("Object Repository/RecAndPlayBk/Page-Vlink-ACH-Credit/input_Check Type"), checkType): Text 'P' is set on object 'Object Repository/RecAndPlayBk/Page-Vlink-ACH-Credit/input_Check Type'

2023-01-19 19:28:02 - [MESSAGE][PASSED] - Text 'P' is set on object 'Object Repository/RecAndPlayBk/Page-Vlink-ACH-Credit/input_Check Type'

2023-01-19 19:28:02 - [TEST_STEP][PASSED] - setText(findTestObject("Object Repository/RecAndPlayBk/Page-Vlink-ACH-Credit/input_Transaction ID"), VLinkSaleTranxID): Text '2916669' is set on object 'Object Repository/RecAndPlayBk/Page-Vlink-ACH-Credit/input_Transaction ID'

2023-01-19 19:28:03 - [MESSAGE][PASSED] - Text '2916669' is set on object 'Object Repository/RecAndPlayBk/Page-Vlink-ACH-Credit/input_Transaction ID'

2023-01-19 19:28:03 - [TEST_STEP][PASSED] - setText(findTestObject("Object Repository/RecAndPlayBk/Page-Vlink-ACH-Credit/input_Amount"), amount): Text '12.50' is set on object 'Object Repository/RecAndPlayBk/Page-Vlink-ACH-Credit/input_Amount'

2023-01-19 19:28:04 - [MESSAGE][PASSED] - Text '12.50' is set on object 'Object Repository/RecAndPlayBk/Page-Vlink-ACH-Credit/input_Amount'

2023-01-19 19:28:04 - [TEST_STEP][PASSED] - setText(findTestObject("Object Repository/RecAndPlayBk/Page-Vlink-ACH-Credit/input_Standard Entry Class"), sec): Text 'WEB' is set on object 'Object Repository/RecAndPlayBk/Page-Vlink-ACH-Credit/input_Standard Entry Class'

2023-01-19 19:28:05 - [MESSAGE][PASSED] - Text 'WEB' is set on object 'Object Repository/RecAndPlayBk/Page-Vlink-ACH-Credit/input_Standard Entry Class'

2023-01-19 19:28:05 - [TEST_STEP][PASSED] - setText(findTestObject("Object Repository/RecAndPlayBk/Page-Vlink-ACH-Credit/input_Account Number"), acNumber): Text '58963214' is set on object 'Object Repository/RecAndPlayBk/Page-Vlink-ACH-Credit/input_Account Number'

2023-01-19 19:28:06 - [MESSAGE][PASSED] - Text '58963214' is set on object 'Object Repository/RecAndPlayBk/Page-Vlink-ACH-Credit/input_Account Number'

2023-01-19 19:28:06 - [TEST_STEP][PASSED] - setText(findTestObject("Object Repository/RecAndPlayBk/Page-Vlink-ACH-Credit/input_Routing Number"), rtn): Text '256072691' is set on object 'Object Repository/RecAndPlayBk/Page-Vlink-ACH-Credit/input_Routing Number'

2023-01-19 19:28:07 - [MESSAGE][PASSED] - Text '256072691' is set on object 'Object Repository/RecAndPlayBk/Page-Vlink-ACH-Credit/input_Routing Number'

2023-01-19 19:28:07 - [TEST_STEP][PASSED] - click(findTestObject("Object Repository/RecAndPlayBk/Page-Vlink-ACH-Credit/input")): Object: 'Object Repository/RecAndPlayBk/Page-Vlink-ACH-Credit/input' is clicked on

2023-01-19 19:28:08 - [MESSAGE][PASSED] - Object: 'Object Repository/RecAndPlayBk/Page-Vlink-ACH-Credit/input' is clicked on

2023-01-19 19:28:08 - [TEST_STEP][PASSED] - if (verifyTextPresent("Transaction approved, no errors", true)): null

2023-01-19 19:28:08 - [MESSAGE][PASSED] - Text 'Transaction approved, no errors' is present on page  using regular expression

2023-01-19 19:28:08 - [TEST_STEP][PASSED] - println("Transaction Approved, no errors text is present on the Confirmation page"): null

2023-01-19 19:28:08 - [TEST_STEP][PASSED] - sdfo = getText(findTestObject("Object Repository/Page_VLinkReceipt/pre_STX")): Text of object 'Object Repository/Page_VLinkReceipt/pre_STX' is: '<STX>XOQIEVEqAcEj                  2916670             0  Transaction approved, no errors                   0                                                                                                              <ETX>'

2023-01-19 19:28:08 - [MESSAGE][PASSED] - Text of object 'Object Repository/Page_VLinkReceipt/pre_STX' is: '<STX>XOQIEVEqAcEj                  2916670             0  Transaction approved, no errors                   0                                                                                                              <ETX>'

2023-01-19 19:28:08 - [TEST_STEP][PASSED] - out.println("sdfo: " + sdfo): null

2023-01-19 19:28:08 - [TEST_STEP][PASSED] - remID = substring(5, 35).trim(): null

2023-01-19 19:28:08 - [TEST_STEP][PASSED] - out.println("remID: " + remID): null

2023-01-19 19:28:08 - [TEST_STEP][PASSED] - traxID = substring(35, 55).trim(): null

2023-01-19 19:28:08 - [TEST_STEP][PASSED] - out.println("traxID: " + traxID): null

2023-01-19 19:28:08 - [TEST_STEP][PASSED] - VLinkSaleRemID = remID: null

2023-01-19 19:28:08 - [TEST_STEP][PASSED] - VLinkSaleTranxID = traxID: null

2023-01-19 19:28:08 - [TEST_STEP][PASSED] - openBrowser(VLinkURL + "ACH_void.html"): Browser is opened with url: 'https://dev-algorithm.govolution.com/vlinktest/demo/version_2_0/ACH_void.html'

2023-01-19 19:28:08 - [MESSAGE][WARNING] - A browser is already opened. Closing browser and opening a new one

2023-01-19 19:28:09 - [MESSAGE][INFO] - Starting 'Chrome' driver

2023-01-19 19:28:09 - [MESSAGE][INFO] - User set preference: ['acceptInsecureCerts', 'true']

2023-01-19 19:28:09 - [MESSAGE][INFO] - Action delay is set to 0 milliseconds

2023-01-19 19:28:11 - [MESSAGE][PASSED] - Browser is opened with url: 'https://dev-algorithm.govolution.com/vlinktest/demo/version_2_0/ACH_void.html'

2023-01-19 19:28:11 - [TEST_STEP][PASSED] - maximizeWindow(): Current window maximized

2023-01-19 19:28:11 - [MESSAGE][PASSED] - Current window maximized

2023-01-19 19:28:11 - [TEST_STEP][PASSED] - setText(findTestObject("Object Repository/RecAndPlayBk/Page-Vlink-ACH-Void/input_Remittance Id"), VLinkSaleRemID): Text 'XOQIEVEqAcEj' is set on object 'Object Repository/RecAndPlayBk/Page-Vlink-ACH-Void/input_Remittance Id'

2023-01-19 19:28:12 - [MESSAGE][PASSED] - Text 'XOQIEVEqAcEj' is set on object 'Object Repository/RecAndPlayBk/Page-Vlink-ACH-Void/input_Remittance Id'

2023-01-19 19:28:12 - [TEST_STEP][PASSED] - setText(findTestObject("Object Repository/RecAndPlayBk/Page-Vlink-ACH-Void/input_Application Id"), appID): Text '1773' is set on object 'Object Repository/RecAndPlayBk/Page-Vlink-ACH-Void/input_Application Id'

2023-01-19 19:28:13 - [MESSAGE][PASSED] - Text '1773' is set on object 'Object Repository/RecAndPlayBk/Page-Vlink-ACH-Void/input_Application Id'

2023-01-19 19:28:13 - [TEST_STEP][PASSED] - setText(findTestObject("Object Repository/RecAndPlayBk/Page-Vlink-ACH-Void/input_Username"), username): Text 'username' is set on object 'Object Repository/RecAndPlayBk/Page-Vlink-ACH-Void/input_Username'

2023-01-19 19:28:14 - [MESSAGE][PASSED] - Text 'username' is set on object 'Object Repository/RecAndPlayBk/Page-Vlink-ACH-Void/input_Username'

2023-01-19 19:28:14 - [TEST_STEP][PASSED] - setText(findTestObject("Object Repository/RecAndPlayBk/Page-Vlink-ACH-Void/input_Password"), password): Text 'password' is set on object 'Object Repository/RecAndPlayBk/Page-Vlink-ACH-Void/input_Password'

2023-01-19 19:28:14 - [MESSAGE][PASSED] - Text 'password' is set on object 'Object Repository/RecAndPlayBk/Page-Vlink-ACH-Void/input_Password'

2023-01-19 19:28:14 - [TEST_STEP][PASSED] - setText(findTestObject("Object Repository/RecAndPlayBk/Page-Vlink-ACH-Void/input_Check Type"), checkType): Text 'P' is set on object 'Object Repository/RecAndPlayBk/Page-Vlink-ACH-Void/input_Check Type'

2023-01-19 19:28:15 - [MESSAGE][PASSED] - Text 'P' is set on object 'Object Repository/RecAndPlayBk/Page-Vlink-ACH-Void/input_Check Type'

2023-01-19 19:28:15 - [TEST_STEP][PASSED] - setText(findTestObject("Object Repository/RecAndPlayBk/Page-Vlink-ACH-Void/input_Standard Entry Class"), sec): Text 'WEB' is set on object 'Object Repository/RecAndPlayBk/Page-Vlink-ACH-Void/input_Standard Entry Class'

2023-01-19 19:28:16 - [MESSAGE][PASSED] - Text 'WEB' is set on object 'Object Repository/RecAndPlayBk/Page-Vlink-ACH-Void/input_Standard Entry Class'

2023-01-19 19:28:16 - [TEST_STEP][PASSED] - setText(findTestObject("Object Repository/RecAndPlayBk/Page-Vlink-ACH-Void/input_Transaction ID"), VLinkSaleTranxID): Text '2916670' is set on object 'Object Repository/RecAndPlayBk/Page-Vlink-ACH-Void/input_Transaction ID'

2023-01-19 19:28:17 - [MESSAGE][PASSED] - Text '2916670' is set on object 'Object Repository/RecAndPlayBk/Page-Vlink-ACH-Void/input_Transaction ID'

2023-01-19 19:28:17 - [TEST_STEP][PASSED] - setText(findTestObject("Object Repository/RecAndPlayBk/Page-Vlink-ACH-Void/input_Original Transaction Type"), "201"): Text '201' is set on object 'Object Repository/RecAndPlayBk/Page-Vlink-ACH-Void/input_Original Transaction Type'

2023-01-19 19:28:18 - [MESSAGE][PASSED] - Text '201' is set on object 'Object Repository/RecAndPlayBk/Page-Vlink-ACH-Void/input_Original Transaction Type'

2023-01-19 19:28:18 - [TEST_STEP][PASSED] - click(findTestObject("Object Repository/RecAndPlayBk/Page-Vlink-ACH-Void/input")): Object: 'Object Repository/RecAndPlayBk/Page-Vlink-ACH-Void/input' is clicked on

2023-01-19 19:28:19 - [MESSAGE][PASSED] - Object: 'Object Repository/RecAndPlayBk/Page-Vlink-ACH-Void/input' is clicked on

2023-01-19 19:28:19 - [TEST_STEP][PASSED] - if (verifyTextPresent("Transaction approved, no errors", true)): null

2023-01-19 19:28:19 - [MESSAGE][PASSED] - Text 'Transaction approved, no errors' is present on page  using regular expression

2023-01-19 19:28:19 - [TEST_STEP][PASSED] - println("Transaction Approved, no errors text is present on the Confirmation page"): null

2023-01-19 19:28:19 - [TEST_STEP][PASSED] - out.println("Pass Record Number: " + row): null

2023-01-19 19:28:19 - [TEST_STEP][PASSED] - resText = "Pass": null

2023-01-19 19:28:19 - [TEST_STEP][PASSED] - pages.WriteExcel.demoKey(resText, datText, resColumn, datCloumn, fileLoc, nameSheet, row): pages.WriteExcel.demoKey is PASSED

2023-01-19 19:28:19 - [MESSAGE][PASSED] - pages.WriteExcel.demoKey is PASSED

2023-01-19 19:28:19 - [TEST_STEP][PASSED] - ExecuteTC = findTestData(dataFile).getValue("Execute", row): null

2023-01-19 19:28:19 - [TEST_STEP][PASSED] - out.println("Value of Execute is : " + ExecuteTC): null

2023-01-19 19:28:19 - [TEST_STEP][PASSED] - switch (executionProfile): null

2023-01-19 19:28:19 - [TEST_STEP][PASSED] - case "DemoProfile":: null

2023-01-19 19:28:19 - [TEST_STEP][PASSED] - appID = findTestData(dataFile).getValue("AppIDDemo", row): null

2023-01-19 19:28:19 - [TEST_STEP][PASSED] - username = findTestData(dataFile).getValue("UsernameDemo", row): null

2023-01-19 19:28:19 - [TEST_STEP][PASSED] - password = findTestData(dataFile).getValue("PasswordDemo", row): null

2023-01-19 19:28:19 - [TEST_STEP][PASSED] - break: null

2023-01-19 19:28:19 - [TEST_STEP][PASSED] - if (ExecuteTC.equalsIgnoreCase("Y")): null

2023-01-19 19:28:19 - [TEST_STEP][PASSED] - out.println("Begin Record Number: " + row): null

2023-01-19 19:28:19 - [TEST_STEP][PASSED] - today = new java.util.Date(): null

2023-01-19 19:28:19 - [TEST_STEP][PASSED] - println(today): null

2023-01-19 19:28:19 - [TEST_STEP][PASSED] - datText = today: null

2023-01-19 19:28:19 - [TEST_STEP][PASSED] - checkType = findTestData(dataFile).getValue("CheckType", row): null

2023-01-19 19:28:19 - [TEST_STEP][PASSED] - acNumber = findTestData(dataFile).getValue("AcNumber", row): null

2023-01-19 19:28:19 - [TEST_STEP][PASSED] - company = findTestData(dataFile).getValue("Company", row): null

2023-01-19 19:28:19 - [TEST_STEP][PASSED] - acType = findTestData(dataFile).getValue("AcType", row): null

2023-01-19 19:28:20 - [TEST_STEP][PASSED] - rtn = findTestData(dataFile).getValue("RTN", row): null

2023-01-19 19:28:20 - [TEST_STEP][PASSED] - amount = findTestData(dataFile).getValue("Amount", row): null

2023-01-19 19:28:20 - [TEST_STEP][PASSED] - sec = findTestData(dataFile).getValue("SEC", row): null

2023-01-19 19:28:20 - [TEST_STEP][PASSED] - openBrowser(VLinkURL + "debit.html"): Browser is opened with url: 'https://dev-algorithm.govolution.com/vlinktest/demo/version_2_0/debit.html'

2023-01-19 19:28:20 - [MESSAGE][WARNING] - A browser is already opened. Closing browser and opening a new one

2023-01-19 19:28:21 - [MESSAGE][INFO] - Starting 'Chrome' driver

2023-01-19 19:28:21 - [MESSAGE][INFO] - User set preference: ['acceptInsecureCerts', 'true']

2023-01-19 19:28:21 - [MESSAGE][INFO] - Action delay is set to 0 milliseconds

2023-01-19 19:28:22 - [MESSAGE][PASSED] - Browser is opened with url: 'https://dev-algorithm.govolution.com/vlinktest/demo/version_2_0/debit.html'

2023-01-19 19:28:22 - [TEST_STEP][PASSED] - maximizeWindow(): Current window maximized

2023-01-19 19:28:23 - [MESSAGE][PASSED] - Current window maximized

2023-01-19 19:28:23 - [TEST_STEP][PASSED] - genRemID = RandomStringUtils.random(12, true, true): null

2023-01-19 19:28:23 - [TEST_STEP][PASSED] - setText(findTestObject("RecAndPlayBk/Page-Vlink-Debit/input_Remittance Id"), genRemID): Text 'PoSJxGkBiVK0' is set on object 'Object Repository/RecAndPlayBk/Page-Vlink-Debit/input_Remittance Id'

2023-01-19 19:28:23 - [MESSAGE][PASSED] - Text 'PoSJxGkBiVK0' is set on object 'Object Repository/RecAndPlayBk/Page-Vlink-Debit/input_Remittance Id'

2023-01-19 19:28:23 - [TEST_STEP][PASSED] - setText(findTestObject("RecAndPlayBk/Page-Vlink-Debit/input_Application Id"), appID): Text '1773' is set on object 'Object Repository/RecAndPlayBk/Page-Vlink-Debit/input_Application Id'

2023-01-19 19:28:24 - [MESSAGE][PASSED] - Text '1773' is set on object 'Object Repository/RecAndPlayBk/Page-Vlink-Debit/input_Application Id'

2023-01-19 19:28:24 - [TEST_STEP][PASSED] - setText(findTestObject("RecAndPlayBk/Page-Vlink-Debit/input_Username"), username): Text 'username' is set on object 'Object Repository/RecAndPlayBk/Page-Vlink-Debit/input_Username'

2023-01-19 19:28:25 - [MESSAGE][PASSED] - Text 'username' is set on object 'Object Repository/RecAndPlayBk/Page-Vlink-Debit/input_Username'

2023-01-19 19:28:25 - [TEST_STEP][PASSED] - setText(findTestObject("RecAndPlayBk/Page-Vlink-Debit/input_Password"), password): Text 'password' is set on object 'Object Repository/RecAndPlayBk/Page-Vlink-Debit/input_Password'

2023-01-19 19:28:26 - [MESSAGE][PASSED] - Text 'password' is set on object 'Object Repository/RecAndPlayBk/Page-Vlink-Debit/input_Password'

2023-01-19 19:28:26 - [TEST_STEP][PASSED] - setText(findTestObject("RecAndPlayBk/Page-Vlink-Debit/input_Check Type"), checkType): Text 'P' is set on object 'Object Repository/RecAndPlayBk/Page-Vlink-Debit/input_Check Type'

2023-01-19 19:28:27 - [MESSAGE][PASSED] - Text 'P' is set on object 'Object Repository/RecAndPlayBk/Page-Vlink-Debit/input_Check Type'

2023-01-19 19:28:27 - [TEST_STEP][PASSED] - setText(findTestObject("RecAndPlayBk/Page-Vlink-Debit/input_Account_check"), acNumber): Text '58963214' is set on object 'Object Repository/RecAndPlayBk/Page-Vlink-Debit/input_Account_check'

2023-01-19 19:28:28 - [MESSAGE][PASSED] - Text '58963214' is set on object 'Object Repository/RecAndPlayBk/Page-Vlink-Debit/input_Account_check'

2023-01-19 19:28:28 - [TEST_STEP][PASSED] - setText(findTestObject("RecAndPlayBk/Page-Vlink-Debit/input_Company_check"), company): Text '' is set on object 'Object Repository/RecAndPlayBk/Page-Vlink-Debit/input_Company_check'

2023-01-19 19:28:29 - [MESSAGE][PASSED] - Text '' is set on object 'Object Repository/RecAndPlayBk/Page-Vlink-Debit/input_Company_check'

2023-01-19 19:28:29 - [TEST_STEP][PASSED] - setText(findTestObject("RecAndPlayBk/Page-Vlink-Debit/input_Account Type"), acType): Text '1' is set on object 'Object Repository/RecAndPlayBk/Page-Vlink-Debit/input_Account Type'

2023-01-19 19:28:30 - [MESSAGE][PASSED] - Text '1' is set on object 'Object Repository/RecAndPlayBk/Page-Vlink-Debit/input_Account Type'

2023-01-19 19:28:30 - [TEST_STEP][PASSED] - setText(findTestObject("RecAndPlayBk/Page-Vlink-Debit/input_Routing Number"), rtn): Text '256072691' is set on object 'Object Repository/RecAndPlayBk/Page-Vlink-Debit/input_Routing Number'

2023-01-19 19:28:31 - [MESSAGE][PASSED] - Text '256072691' is set on object 'Object Repository/RecAndPlayBk/Page-Vlink-Debit/input_Routing Number'

2023-01-19 19:28:31 - [TEST_STEP][PASSED] - setText(findTestObject("RecAndPlayBk/Page-Vlink-Debit/input_Amount"), amount): Text '12.50' is set on object 'Object Repository/RecAndPlayBk/Page-Vlink-Debit/input_Amount'

2023-01-19 19:28:31 - [MESSAGE][PASSED] - Text '12.50' is set on object 'Object Repository/RecAndPlayBk/Page-Vlink-Debit/input_Amount'

2023-01-19 19:28:31 - [TEST_STEP][PASSED] - setText(findTestObject("RecAndPlayBk/Page-Vlink-Debit/input_Check Email"), ""): Text '' is set on object 'Object Repository/RecAndPlayBk/Page-Vlink-Debit/input_Check Email'

2023-01-19 19:28:32 - [MESSAGE][PASSED] - Text '' is set on object 'Object Repository/RecAndPlayBk/Page-Vlink-Debit/input_Check Email'

2023-01-19 19:28:32 - [TEST_STEP][PASSED] - setText(findTestObject("Object Repository/RecAndPlayBk/Page-Vlink-Debit/input_concat(CheckWriter, , s SSN)_check_ssn"), ""): Text '' is set on object 'Object Repository/RecAndPlayBk/Page-Vlink-Debit/input_concat(CheckWriter, , s SSN)_check_ssn'

2023-01-19 19:28:33 - [MESSAGE][PASSED] - Text '' is set on object 'Object Repository/RecAndPlayBk/Page-Vlink-Debit/input_concat(CheckWriter, , s SSN)_check_ssn'

2023-01-19 19:28:33 - [TEST_STEP][PASSED] - setText(findTestObject("Object Repository/RecAndPlayBk/Page-Vlink-Debit/input_concat(CheckWriter, , s License Numbe_020fef"), ""): Text '' is set on object 'Object Repository/RecAndPlayBk/Page-Vlink-Debit/input_concat(CheckWriter, , s License Numbe_020fef'

2023-01-19 19:28:34 - [MESSAGE][PASSED] - Text '' is set on object 'Object Repository/RecAndPlayBk/Page-Vlink-Debit/input_concat(CheckWriter, , s License Numbe_020fef'

2023-01-19 19:28:34 - [TEST_STEP][PASSED] - setText(findTestObject("Object Repository/RecAndPlayBk/Page-Vlink-Debit/input_concat(CheckWriter, , s License State_21e3e7"), ""): Text '' is set on object 'Object Repository/RecAndPlayBk/Page-Vlink-Debit/input_concat(CheckWriter, , s License State_21e3e7'

2023-01-19 19:28:35 - [MESSAGE][PASSED] - Text '' is set on object 'Object Repository/RecAndPlayBk/Page-Vlink-Debit/input_concat(CheckWriter, , s License State_21e3e7'

2023-01-19 19:28:35 - [TEST_STEP][PASSED] - setText(findTestObject("RecAndPlayBk/Page-Vlink-Debit/input_Standard Entry Class"), sec): Text 'TEL' is set on object 'Object Repository/RecAndPlayBk/Page-Vlink-Debit/input_Standard Entry Class'

2023-01-19 19:28:35 - [MESSAGE][PASSED] - Text 'TEL' is set on object 'Object Repository/RecAndPlayBk/Page-Vlink-Debit/input_Standard Entry Class'

2023-01-19 19:28:35 - [TEST_STEP][PASSED] - click(findTestObject("Object Repository/RecAndPlayBk/Page-Vlink-Debit/input")): Object: 'Object Repository/RecAndPlayBk/Page-Vlink-Debit/input' is clicked on

2023-01-19 19:28:36 - [MESSAGE][PASSED] - Object: 'Object Repository/RecAndPlayBk/Page-Vlink-Debit/input' is clicked on

2023-01-19 19:28:36 - [TEST_STEP][PASSED] - if (verifyTextPresent("Transaction approved, no errors", true)): null

2023-01-19 19:28:37 - [MESSAGE][PASSED] - Text 'Transaction approved, no errors' is present on page  using regular expression

2023-01-19 19:28:37 - [TEST_STEP][PASSED] - println("Transaction Approved, no errors text is present on the Confirmation page"): null

2023-01-19 19:28:37 - [TEST_STEP][PASSED] - sdfo = getText(findTestObject("Object Repository/Page_VLinkReceipt/pre_STX")): Text of object 'Object Repository/Page_VLinkReceipt/pre_STX' is: '<STX>PoSJxGkBiVK0                  2916672             0  Transaction approved, no errors                   0                                                                                                              <ETX>'

2023-01-19 19:28:37 - [MESSAGE][PASSED] - Text of object 'Object Repository/Page_VLinkReceipt/pre_STX' is: '<STX>PoSJxGkBiVK0                  2916672             0  Transaction approved, no errors                   0                                                                                                              <ETX>'

2023-01-19 19:28:37 - [TEST_STEP][PASSED] - out.println("sdfo: " + sdfo): null

2023-01-19 19:28:37 - [TEST_STEP][PASSED] - remID = substring(5, 35).trim(): null

2023-01-19 19:28:37 - [TEST_STEP][PASSED] - out.println("remID: " + remID): null

2023-01-19 19:28:37 - [TEST_STEP][PASSED] - traxID = substring(35, 55).trim(): null

2023-01-19 19:28:37 - [TEST_STEP][PASSED] - out.println("traxID: " + traxID): null

2023-01-19 19:28:37 - [TEST_STEP][PASSED] - VLinkSaleRemID = remID: null

2023-01-19 19:28:37 - [TEST_STEP][PASSED] - VLinkSaleTranxID = traxID: null

2023-01-19 19:28:37 - [TEST_STEP][PASSED] - openBrowser(VLinkURL + "ACH_credit.html"): Browser is opened with url: 'https://dev-algorithm.govolution.com/vlinktest/demo/version_2_0/ACH_credit.html'

2023-01-19 19:28:37 - [MESSAGE][WARNING] - A browser is already opened. Closing browser and opening a new one

2023-01-19 19:28:38 - [MESSAGE][INFO] - Starting 'Chrome' driver

2023-01-19 19:28:38 - [MESSAGE][INFO] - User set preference: ['acceptInsecureCerts', 'true']

2023-01-19 19:28:38 - [MESSAGE][INFO] - Action delay is set to 0 milliseconds

2023-01-19 19:28:39 - [MESSAGE][PASSED] - Browser is opened with url: 'https://dev-algorithm.govolution.com/vlinktest/demo/version_2_0/ACH_credit.html'

2023-01-19 19:28:39 - [TEST_STEP][PASSED] - maximizeWindow(): Current window maximized

2023-01-19 19:28:40 - [MESSAGE][PASSED] - Current window maximized

2023-01-19 19:28:40 - [TEST_STEP][PASSED] - setText(findTestObject("Object Repository/RecAndPlayBk/Page-Vlink-ACH-Credit/input_Remittance Id"), VLinkSaleRemID): Text 'PoSJxGkBiVK0' is set on object 'Object Repository/RecAndPlayBk/Page-Vlink-ACH-Credit/input_Remittance Id'

2023-01-19 19:28:40 - [MESSAGE][PASSED] - Text 'PoSJxGkBiVK0' is set on object 'Object Repository/RecAndPlayBk/Page-Vlink-ACH-Credit/input_Remittance Id'

2023-01-19 19:28:40 - [TEST_STEP][PASSED] - setText(findTestObject("Object Repository/RecAndPlayBk/Page-Vlink-ACH-Credit/input_Application Id"), appID): Text '1773' is set on object 'Object Repository/RecAndPlayBk/Page-Vlink-ACH-Credit/input_Application Id'

2023-01-19 19:28:41 - [MESSAGE][PASSED] - Text '1773' is set on object 'Object Repository/RecAndPlayBk/Page-Vlink-ACH-Credit/input_Application Id'

2023-01-19 19:28:41 - [TEST_STEP][PASSED] - setText(findTestObject("Object Repository/RecAndPlayBk/Page-Vlink-ACH-Credit/input_Username"), username): Text 'username' is set on object 'Object Repository/RecAndPlayBk/Page-Vlink-ACH-Credit/input_Username'

2023-01-19 19:28:42 - [MESSAGE][PASSED] - Text 'username' is set on object 'Object Repository/RecAndPlayBk/Page-Vlink-ACH-Credit/input_Username'

2023-01-19 19:28:42 - [TEST_STEP][PASSED] - setText(findTestObject("Object Repository/RecAndPlayBk/Page-Vlink-ACH-Credit/input_Password"), password): Text 'password' is set on object 'Object Repository/RecAndPlayBk/Page-Vlink-ACH-Credit/input_Password'

2023-01-19 19:28:43 - [MESSAGE][PASSED] - Text 'password' is set on object 'Object Repository/RecAndPlayBk/Page-Vlink-ACH-Credit/input_Password'

2023-01-19 19:28:43 - [TEST_STEP][PASSED] - setText(findTestObject("Object Repository/RecAndPlayBk/Page-Vlink-ACH-Credit/input_Check Type"), checkType): Text 'P' is set on object 'Object Repository/RecAndPlayBk/Page-Vlink-ACH-Credit/input_Check Type'

2023-01-19 19:28:44 - [MESSAGE][PASSED] - Text 'P' is set on object 'Object Repository/RecAndPlayBk/Page-Vlink-ACH-Credit/input_Check Type'

2023-01-19 19:28:44 - [TEST_STEP][PASSED] - setText(findTestObject("Object Repository/RecAndPlayBk/Page-Vlink-ACH-Credit/input_Transaction ID"), VLinkSaleTranxID): Text '2916672' is set on object 'Object Repository/RecAndPlayBk/Page-Vlink-ACH-Credit/input_Transaction ID'

2023-01-19 19:28:45 - [MESSAGE][PASSED] - Text '2916672' is set on object 'Object Repository/RecAndPlayBk/Page-Vlink-ACH-Credit/input_Transaction ID'

2023-01-19 19:28:45 - [TEST_STEP][PASSED] - setText(findTestObject("Object Repository/RecAndPlayBk/Page-Vlink-ACH-Credit/input_Amount"), amount): Text '12.50' is set on object 'Object Repository/RecAndPlayBk/Page-Vlink-ACH-Credit/input_Amount'

2023-01-19 19:28:46 - [MESSAGE][PASSED] - Text '12.50' is set on object 'Object Repository/RecAndPlayBk/Page-Vlink-ACH-Credit/input_Amount'

2023-01-19 19:28:46 - [TEST_STEP][PASSED] - setText(findTestObject("Object Repository/RecAndPlayBk/Page-Vlink-ACH-Credit/input_Standard Entry Class"), sec): Text 'TEL' is set on object 'Object Repository/RecAndPlayBk/Page-Vlink-ACH-Credit/input_Standard Entry Class'

2023-01-19 19:28:47 - [MESSAGE][PASSED] - Text 'TEL' is set on object 'Object Repository/RecAndPlayBk/Page-Vlink-ACH-Credit/input_Standard Entry Class'

2023-01-19 19:28:47 - [TEST_STEP][PASSED] - setText(findTestObject("Object Repository/RecAndPlayBk/Page-Vlink-ACH-Credit/input_Account Number"), acNumber): Text '58963214' is set on object 'Object Repository/RecAndPlayBk/Page-Vlink-ACH-Credit/input_Account Number'

2023-01-19 19:28:48 - [MESSAGE][PASSED] - Text '58963214' is set on object 'Object Repository/RecAndPlayBk/Page-Vlink-ACH-Credit/input_Account Number'

2023-01-19 19:28:48 - [TEST_STEP][PASSED] - setText(findTestObject("Object Repository/RecAndPlayBk/Page-Vlink-ACH-Credit/input_Routing Number"), rtn): Text '256072691' is set on object 'Object Repository/RecAndPlayBk/Page-Vlink-ACH-Credit/input_Routing Number'

2023-01-19 19:28:49 - [MESSAGE][PASSED] - Text '256072691' is set on object 'Object Repository/RecAndPlayBk/Page-Vlink-ACH-Credit/input_Routing Number'

2023-01-19 19:28:49 - [TEST_STEP][PASSED] - click(findTestObject("Object Repository/RecAndPlayBk/Page-Vlink-ACH-Credit/input")): Object: 'Object Repository/RecAndPlayBk/Page-Vlink-ACH-Credit/input' is clicked on

2023-01-19 19:28:49 - [MESSAGE][PASSED] - Object: 'Object Repository/RecAndPlayBk/Page-Vlink-ACH-Credit/input' is clicked on

2023-01-19 19:28:49 - [TEST_STEP][PASSED] - if (verifyTextPresent("Transaction approved, no errors", true)): null

2023-01-19 19:28:50 - [MESSAGE][PASSED] - Text 'Transaction approved, no errors' is present on page  using regular expression

2023-01-19 19:28:50 - [TEST_STEP][PASSED] - println("Transaction Approved, no errors text is present on the Confirmation page"): null

2023-01-19 19:28:50 - [TEST_STEP][PASSED] - sdfo = getText(findTestObject("Object Repository/Page_VLinkReceipt/pre_STX")): Text of object 'Object Repository/Page_VLinkReceipt/pre_STX' is: '<STX>PoSJxGkBiVK0                  2916673             0  Transaction approved, no errors                   0                                                                                                              <ETX>'

2023-01-19 19:28:50 - [MESSAGE][PASSED] - Text of object 'Object Repository/Page_VLinkReceipt/pre_STX' is: '<STX>PoSJxGkBiVK0                  2916673             0  Transaction approved, no errors                   0                                                                                                              <ETX>'

2023-01-19 19:28:50 - [TEST_STEP][PASSED] - out.println("sdfo: " + sdfo): null

2023-01-19 19:28:50 - [TEST_STEP][PASSED] - remID = substring(5, 35).trim(): null

2023-01-19 19:28:50 - [TEST_STEP][PASSED] - out.println("remID: " + remID): null

2023-01-19 19:28:50 - [TEST_STEP][PASSED] - traxID = substring(35, 55).trim(): null

2023-01-19 19:28:50 - [TEST_STEP][PASSED] - out.println("traxID: " + traxID): null

2023-01-19 19:28:50 - [TEST_STEP][PASSED] - VLinkSaleRemID = remID: null

2023-01-19 19:28:50 - [TEST_STEP][PASSED] - VLinkSaleTranxID = traxID: null

2023-01-19 19:28:50 - [TEST_STEP][PASSED] - openBrowser(VLinkURL + "ACH_void.html"): Browser is opened with url: 'https://dev-algorithm.govolution.com/vlinktest/demo/version_2_0/ACH_void.html'

2023-01-19 19:28:50 - [MESSAGE][WARNING] - A browser is already opened. Closing browser and opening a new one

2023-01-19 19:28:51 - [MESSAGE][INFO] - Starting 'Chrome' driver

2023-01-19 19:28:51 - [MESSAGE][INFO] - User set preference: ['acceptInsecureCerts', 'true']

2023-01-19 19:28:51 - [MESSAGE][INFO] - Action delay is set to 0 milliseconds

2023-01-19 19:28:53 - [MESSAGE][PASSED] - Browser is opened with url: 'https://dev-algorithm.govolution.com/vlinktest/demo/version_2_0/ACH_void.html'

2023-01-19 19:28:53 - [TEST_STEP][PASSED] - maximizeWindow(): Current window maximized

2023-01-19 19:28:53 - [MESSAGE][PASSED] - Current window maximized

2023-01-19 19:28:53 - [TEST_STEP][PASSED] - setText(findTestObject("Object Repository/RecAndPlayBk/Page-Vlink-ACH-Void/input_Remittance Id"), VLinkSaleRemID): Text 'PoSJxGkBiVK0' is set on object 'Object Repository/RecAndPlayBk/Page-Vlink-ACH-Void/input_Remittance Id'

2023-01-19 19:28:54 - [MESSAGE][PASSED] - Text 'PoSJxGkBiVK0' is set on object 'Object Repository/RecAndPlayBk/Page-Vlink-ACH-Void/input_Remittance Id'

2023-01-19 19:28:54 - [TEST_STEP][PASSED] - setText(findTestObject("Object Repository/RecAndPlayBk/Page-Vlink-ACH-Void/input_Application Id"), appID): Text '1773' is set on object 'Object Repository/RecAndPlayBk/Page-Vlink-ACH-Void/input_Application Id'

2023-01-19 19:28:54 - [MESSAGE][PASSED] - Text '1773' is set on object 'Object Repository/RecAndPlayBk/Page-Vlink-ACH-Void/input_Application Id'

2023-01-19 19:28:54 - [TEST_STEP][PASSED] - setText(findTestObject("Object Repository/RecAndPlayBk/Page-Vlink-ACH-Void/input_Username"), username): Text 'username' is set on object 'Object Repository/RecAndPlayBk/Page-Vlink-ACH-Void/input_Username'

2023-01-19 19:28:55 - [MESSAGE][PASSED] - Text 'username' is set on object 'Object Repository/RecAndPlayBk/Page-Vlink-ACH-Void/input_Username'

2023-01-19 19:28:55 - [TEST_STEP][PASSED] - setText(findTestObject("Object Repository/RecAndPlayBk/Page-Vlink-ACH-Void/input_Password"), password): Text 'password' is set on object 'Object Repository/RecAndPlayBk/Page-Vlink-ACH-Void/input_Password'

2023-01-19 19:28:56 - [MESSAGE][PASSED] - Text 'password' is set on object 'Object Repository/RecAndPlayBk/Page-Vlink-ACH-Void/input_Password'

2023-01-19 19:28:56 - [TEST_STEP][PASSED] - setText(findTestObject("Object Repository/RecAndPlayBk/Page-Vlink-ACH-Void/input_Check Type"), checkType): Text 'P' is set on object 'Object Repository/RecAndPlayBk/Page-Vlink-ACH-Void/input_Check Type'

2023-01-19 19:28:57 - [MESSAGE][PASSED] - Text 'P' is set on object 'Object Repository/RecAndPlayBk/Page-Vlink-ACH-Void/input_Check Type'

2023-01-19 19:28:57 - [TEST_STEP][PASSED] - setText(findTestObject("Object Repository/RecAndPlayBk/Page-Vlink-ACH-Void/input_Standard Entry Class"), sec): Text 'TEL' is set on object 'Object Repository/RecAndPlayBk/Page-Vlink-ACH-Void/input_Standard Entry Class'

2023-01-19 19:28:58 - [MESSAGE][PASSED] - Text 'TEL' is set on object 'Object Repository/RecAndPlayBk/Page-Vlink-ACH-Void/input_Standard Entry Class'

2023-01-19 19:28:58 - [TEST_STEP][PASSED] - setText(findTestObject("Object Repository/RecAndPlayBk/Page-Vlink-ACH-Void/input_Transaction ID"), VLinkSaleTranxID): Text '2916673' is set on object 'Object Repository/RecAndPlayBk/Page-Vlink-ACH-Void/input_Transaction ID'

2023-01-19 19:28:59 - [MESSAGE][PASSED] - Text '2916673' is set on object 'Object Repository/RecAndPlayBk/Page-Vlink-ACH-Void/input_Transaction ID'

2023-01-19 19:28:59 - [TEST_STEP][PASSED] - setText(findTestObject("Object Repository/RecAndPlayBk/Page-Vlink-ACH-Void/input_Original Transaction Type"), "201"): Text '201' is set on object 'Object Repository/RecAndPlayBk/Page-Vlink-ACH-Void/input_Original Transaction Type'

2023-01-19 19:29:00 - [MESSAGE][PASSED] - Text '201' is set on object 'Object Repository/RecAndPlayBk/Page-Vlink-ACH-Void/input_Original Transaction Type'

2023-01-19 19:29:00 - [TEST_STEP][PASSED] - click(findTestObject("Object Repository/RecAndPlayBk/Page-Vlink-ACH-Void/input")): Object: 'Object Repository/RecAndPlayBk/Page-Vlink-ACH-Void/input' is clicked on

2023-01-19 19:29:01 - [MESSAGE][PASSED] - Object: 'Object Repository/RecAndPlayBk/Page-Vlink-ACH-Void/input' is clicked on

2023-01-19 19:29:01 - [TEST_STEP][PASSED] - if (verifyTextPresent("Transaction approved, no errors", true)): null

2023-01-19 19:29:01 - [MESSAGE][PASSED] - Text 'Transaction approved, no errors' is present on page  using regular expression

2023-01-19 19:29:01 - [TEST_STEP][PASSED] - println("Transaction Approved, no errors text is present on the Confirmation page"): null

2023-01-19 19:29:01 - [TEST_STEP][PASSED] - out.println("Pass Record Number: " + row): null

2023-01-19 19:29:01 - [TEST_STEP][PASSED] - resText = "Pass": null

2023-01-19 19:29:01 - [TEST_STEP][PASSED] - pages.WriteExcel.demoKey(resText, datText, resColumn, datCloumn, fileLoc, nameSheet, row): pages.WriteExcel.demoKey is PASSED

2023-01-19 19:29:01 - [MESSAGE][PASSED] - pages.WriteExcel.demoKey is PASSED

2023-01-19 19:29:01 - [TEST_STEP][PASSED] - ExecuteTC = findTestData(dataFile).getValue("Execute", row): null

2023-01-19 19:29:01 - [TEST_STEP][PASSED] - out.println("Value of Execute is : " + ExecuteTC): null

2023-01-19 19:29:01 - [TEST_STEP][PASSED] - switch (executionProfile): null

2023-01-19 19:29:01 - [TEST_STEP][PASSED] - case "DemoProfile":: null

2023-01-19 19:29:01 - [TEST_STEP][PASSED] - appID = findTestData(dataFile).getValue("AppIDDemo", row): null

2023-01-19 19:29:01 - [TEST_STEP][PASSED] - username = findTestData(dataFile).getValue("UsernameDemo", row): null

2023-01-19 19:29:01 - [TEST_STEP][PASSED] - password = findTestData(dataFile).getValue("PasswordDemo", row): null

2023-01-19 19:29:01 - [TEST_STEP][PASSED] - break: null

2023-01-19 19:29:01 - [TEST_STEP][PASSED] - if (ExecuteTC.equalsIgnoreCase("Y")): null

2023-01-19 19:29:01 - [TEST_STEP][PASSED] - out.println("Begin Record Number: " + row): null

2023-01-19 19:29:01 - [TEST_STEP][PASSED] - today = new java.util.Date(): null

2023-01-19 19:29:01 - [TEST_STEP][PASSED] - println(today): null

2023-01-19 19:29:01 - [TEST_STEP][PASSED] - datText = today: null

2023-01-19 19:29:01 - [TEST_STEP][PASSED] - checkType = findTestData(dataFile).getValue("CheckType", row): null

2023-01-19 19:29:01 - [TEST_STEP][PASSED] - acNumber = findTestData(dataFile).getValue("AcNumber", row): null

2023-01-19 19:29:01 - [TEST_STEP][PASSED] - company = findTestData(dataFile).getValue("Company", row): null

2023-01-19 19:29:01 - [TEST_STEP][PASSED] - acType = findTestData(dataFile).getValue("AcType", row): null

2023-01-19 19:29:02 - [TEST_STEP][PASSED] - rtn = findTestData(dataFile).getValue("RTN", row): null

2023-01-19 19:29:02 - [TEST_STEP][PASSED] - amount = findTestData(dataFile).getValue("Amount", row): null

2023-01-19 19:29:02 - [TEST_STEP][PASSED] - sec = findTestData(dataFile).getValue("SEC", row): null

2023-01-19 19:29:02 - [TEST_STEP][PASSED] - openBrowser(VLinkURL + "debit.html"): Browser is opened with url: 'https://dev-algorithm.govolution.com/vlinktest/demo/version_2_0/debit.html'

2023-01-19 19:29:02 - [MESSAGE][WARNING] - A browser is already opened. Closing browser and opening a new one

2023-01-19 19:29:03 - [MESSAGE][INFO] - Starting 'Chrome' driver

2023-01-19 19:29:03 - [MESSAGE][INFO] - User set preference: ['acceptInsecureCerts', 'true']

2023-01-19 19:29:03 - [MESSAGE][INFO] - Action delay is set to 0 milliseconds

2023-01-19 19:29:05 - [MESSAGE][PASSED] - Browser is opened with url: 'https://dev-algorithm.govolution.com/vlinktest/demo/version_2_0/debit.html'

2023-01-19 19:29:05 - [TEST_STEP][PASSED] - maximizeWindow(): Current window maximized

2023-01-19 19:29:05 - [MESSAGE][PASSED] - Current window maximized

2023-01-19 19:29:05 - [TEST_STEP][PASSED] - genRemID = RandomStringUtils.random(12, true, true): null

2023-01-19 19:29:05 - [TEST_STEP][PASSED] - setText(findTestObject("RecAndPlayBk/Page-Vlink-Debit/input_Remittance Id"), genRemID): Text 'O9VNSb95RcOV' is set on object 'Object Repository/RecAndPlayBk/Page-Vlink-Debit/input_Remittance Id'

2023-01-19 19:29:06 - [MESSAGE][PASSED] - Text 'O9VNSb95RcOV' is set on object 'Object Repository/RecAndPlayBk/Page-Vlink-Debit/input_Remittance Id'

2023-01-19 19:29:06 - [TEST_STEP][PASSED] - setText(findTestObject("RecAndPlayBk/Page-Vlink-Debit/input_Application Id"), appID): Text '1773' is set on object 'Object Repository/RecAndPlayBk/Page-Vlink-Debit/input_Application Id'

2023-01-19 19:29:06 - [MESSAGE][PASSED] - Text '1773' is set on object 'Object Repository/RecAndPlayBk/Page-Vlink-Debit/input_Application Id'

2023-01-19 19:29:06 - [TEST_STEP][PASSED] - setText(findTestObject("RecAndPlayBk/Page-Vlink-Debit/input_Username"), username): Text 'username' is set on object 'Object Repository/RecAndPlayBk/Page-Vlink-Debit/input_Username'

2023-01-19 19:29:07 - [MESSAGE][PASSED] - Text 'username' is set on object 'Object Repository/RecAndPlayBk/Page-Vlink-Debit/input_Username'

2023-01-19 19:29:07 - [TEST_STEP][PASSED] - setText(findTestObject("RecAndPlayBk/Page-Vlink-Debit/input_Password"), password): Text 'password' is set on object 'Object Repository/RecAndPlayBk/Page-Vlink-Debit/input_Password'

2023-01-19 19:29:08 - [MESSAGE][PASSED] - Text 'password' is set on object 'Object Repository/RecAndPlayBk/Page-Vlink-Debit/input_Password'

2023-01-19 19:29:08 - [TEST_STEP][PASSED] - setText(findTestObject("RecAndPlayBk/Page-Vlink-Debit/input_Check Type"), checkType): Text 'P' is set on object 'Object Repository/RecAndPlayBk/Page-Vlink-Debit/input_Check Type'

2023-01-19 19:29:09 - [MESSAGE][PASSED] - Text 'P' is set on object 'Object Repository/RecAndPlayBk/Page-Vlink-Debit/input_Check Type'

2023-01-19 19:29:09 - [TEST_STEP][PASSED] - setText(findTestObject("RecAndPlayBk/Page-Vlink-Debit/input_Account_check"), acNumber): Text '58963214' is set on object 'Object Repository/RecAndPlayBk/Page-Vlink-Debit/input_Account_check'

2023-01-19 19:29:10 - [MESSAGE][PASSED] - Text '58963214' is set on object 'Object Repository/RecAndPlayBk/Page-Vlink-Debit/input_Account_check'

2023-01-19 19:29:10 - [TEST_STEP][PASSED] - setText(findTestObject("RecAndPlayBk/Page-Vlink-Debit/input_Company_check"), company): Text '' is set on object 'Object Repository/RecAndPlayBk/Page-Vlink-Debit/input_Company_check'

2023-01-19 19:29:11 - [MESSAGE][PASSED] - Text '' is set on object 'Object Repository/RecAndPlayBk/Page-Vlink-Debit/input_Company_check'

2023-01-19 19:29:11 - [TEST_STEP][PASSED] - setText(findTestObject("RecAndPlayBk/Page-Vlink-Debit/input_Account Type"), acType): Text '1' is set on object 'Object Repository/RecAndPlayBk/Page-Vlink-Debit/input_Account Type'

2023-01-19 19:29:12 - [MESSAGE][PASSED] - Text '1' is set on object 'Object Repository/RecAndPlayBk/Page-Vlink-Debit/input_Account Type'

2023-01-19 19:29:12 - [TEST_STEP][PASSED] - setText(findTestObject("RecAndPlayBk/Page-Vlink-Debit/input_Routing Number"), rtn): Text '256072691' is set on object 'Object Repository/RecAndPlayBk/Page-Vlink-Debit/input_Routing Number'

2023-01-19 19:29:13 - [MESSAGE][PASSED] - Text '256072691' is set on object 'Object Repository/RecAndPlayBk/Page-Vlink-Debit/input_Routing Number'

2023-01-19 19:29:13 - [TEST_STEP][PASSED] - setText(findTestObject("RecAndPlayBk/Page-Vlink-Debit/input_Amount"), amount): Text '12.50' is set on object 'Object Repository/RecAndPlayBk/Page-Vlink-Debit/input_Amount'

2023-01-19 19:29:13 - [MESSAGE][PASSED] - Text '12.50' is set on object 'Object Repository/RecAndPlayBk/Page-Vlink-Debit/input_Amount'

2023-01-19 19:29:13 - [TEST_STEP][PASSED] - setText(findTestObject("RecAndPlayBk/Page-Vlink-Debit/input_Check Email"), ""): Text '' is set on object 'Object Repository/RecAndPlayBk/Page-Vlink-Debit/input_Check Email'

2023-01-19 19:29:14 - [MESSAGE][PASSED] - Text '' is set on object 'Object Repository/RecAndPlayBk/Page-Vlink-Debit/input_Check Email'

2023-01-19 19:29:14 - [TEST_STEP][PASSED] - setText(findTestObject("Object Repository/RecAndPlayBk/Page-Vlink-Debit/input_concat(CheckWriter, , s SSN)_check_ssn"), ""): Text '' is set on object 'Object Repository/RecAndPlayBk/Page-Vlink-Debit/input_concat(CheckWriter, , s SSN)_check_ssn'

2023-01-19 19:29:15 - [MESSAGE][PASSED] - Text '' is set on object 'Object Repository/RecAndPlayBk/Page-Vlink-Debit/input_concat(CheckWriter, , s SSN)_check_ssn'

2023-01-19 19:29:15 - [TEST_STEP][PASSED] - setText(findTestObject("Object Repository/RecAndPlayBk/Page-Vlink-Debit/input_concat(CheckWriter, , s License Numbe_020fef"), ""): Text '' is set on object 'Object Repository/RecAndPlayBk/Page-Vlink-Debit/input_concat(CheckWriter, , s License Numbe_020fef'

2023-01-19 19:29:16 - [MESSAGE][PASSED] - Text '' is set on object 'Object Repository/RecAndPlayBk/Page-Vlink-Debit/input_concat(CheckWriter, , s License Numbe_020fef'

2023-01-19 19:29:16 - [TEST_STEP][PASSED] - setText(findTestObject("Object Repository/RecAndPlayBk/Page-Vlink-Debit/input_concat(CheckWriter, , s License State_21e3e7"), ""): Text '' is set on object 'Object Repository/RecAndPlayBk/Page-Vlink-Debit/input_concat(CheckWriter, , s License State_21e3e7'

2023-01-19 19:29:17 - [MESSAGE][PASSED] - Text '' is set on object 'Object Repository/RecAndPlayBk/Page-Vlink-Debit/input_concat(CheckWriter, , s License State_21e3e7'

2023-01-19 19:29:17 - [TEST_STEP][PASSED] - setText(findTestObject("RecAndPlayBk/Page-Vlink-Debit/input_Standard Entry Class"), sec): Text 'PPD' is set on object 'Object Repository/RecAndPlayBk/Page-Vlink-Debit/input_Standard Entry Class'

2023-01-19 19:29:17 - [MESSAGE][PASSED] - Text 'PPD' is set on object 'Object Repository/RecAndPlayBk/Page-Vlink-Debit/input_Standard Entry Class'

2023-01-19 19:29:17 - [TEST_STEP][PASSED] - click(findTestObject("Object Repository/RecAndPlayBk/Page-Vlink-Debit/input")): Object: 'Object Repository/RecAndPlayBk/Page-Vlink-Debit/input' is clicked on

2023-01-19 19:29:18 - [MESSAGE][PASSED] - Object: 'Object Repository/RecAndPlayBk/Page-Vlink-Debit/input' is clicked on

2023-01-19 19:29:18 - [TEST_STEP][PASSED] - if (verifyTextPresent("Transaction approved, no errors", true)): null

2023-01-19 19:29:18 - [MESSAGE][PASSED] - Text 'Transaction approved, no errors' is present on page  using regular expression

2023-01-19 19:29:18 - [TEST_STEP][PASSED] - println("Transaction Approved, no errors text is present on the Confirmation page"): null

2023-01-19 19:29:18 - [TEST_STEP][PASSED] - sdfo = getText(findTestObject("Object Repository/Page_VLinkReceipt/pre_STX")): Text of object 'Object Repository/Page_VLinkReceipt/pre_STX' is: '<STX>O9VNSb95RcOV                  2916675             0  Transaction approved, no errors                   0                                                                                                              <ETX>'

2023-01-19 19:29:19 - [MESSAGE][PASSED] - Text of object 'Object Repository/Page_VLinkReceipt/pre_STX' is: '<STX>O9VNSb95RcOV                  2916675             0  Transaction approved, no errors                   0                                                                                                              <ETX>'

2023-01-19 19:29:19 - [TEST_STEP][PASSED] - out.println("sdfo: " + sdfo): null

2023-01-19 19:29:19 - [TEST_STEP][PASSED] - remID = substring(5, 35).trim(): null

2023-01-19 19:29:19 - [TEST_STEP][PASSED] - out.println("remID: " + remID): null

2023-01-19 19:29:19 - [TEST_STEP][PASSED] - traxID = substring(35, 55).trim(): null

2023-01-19 19:29:19 - [TEST_STEP][PASSED] - out.println("traxID: " + traxID): null

2023-01-19 19:29:19 - [TEST_STEP][PASSED] - VLinkSaleRemID = remID: null

2023-01-19 19:29:19 - [TEST_STEP][PASSED] - VLinkSaleTranxID = traxID: null

2023-01-19 19:29:19 - [TEST_STEP][PASSED] - openBrowser(VLinkURL + "ACH_credit.html"): Browser is opened with url: 'https://dev-algorithm.govolution.com/vlinktest/demo/version_2_0/ACH_credit.html'

2023-01-19 19:29:19 - [MESSAGE][WARNING] - A browser is already opened. Closing browser and opening a new one

2023-01-19 19:29:20 - [MESSAGE][INFO] - Starting 'Chrome' driver

2023-01-19 19:29:20 - [MESSAGE][INFO] - User set preference: ['acceptInsecureCerts', 'true']

2023-01-19 19:29:20 - [MESSAGE][INFO] - Action delay is set to 0 milliseconds

2023-01-19 19:29:21 - [MESSAGE][PASSED] - Browser is opened with url: 'https://dev-algorithm.govolution.com/vlinktest/demo/version_2_0/ACH_credit.html'

2023-01-19 19:29:21 - [TEST_STEP][PASSED] - maximizeWindow(): Current window maximized

2023-01-19 19:29:21 - [MESSAGE][PASSED] - Current window maximized

2023-01-19 19:29:21 - [TEST_STEP][PASSED] - setText(findTestObject("Object Repository/RecAndPlayBk/Page-Vlink-ACH-Credit/input_Remittance Id"), VLinkSaleRemID): Text 'O9VNSb95RcOV' is set on object 'Object Repository/RecAndPlayBk/Page-Vlink-ACH-Credit/input_Remittance Id'

2023-01-19 19:29:22 - [MESSAGE][PASSED] - Text 'O9VNSb95RcOV' is set on object 'Object Repository/RecAndPlayBk/Page-Vlink-ACH-Credit/input_Remittance Id'

2023-01-19 19:29:22 - [TEST_STEP][PASSED] - setText(findTestObject("Object Repository/RecAndPlayBk/Page-Vlink-ACH-Credit/input_Application Id"), appID): Text '1773' is set on object 'Object Repository/RecAndPlayBk/Page-Vlink-ACH-Credit/input_Application Id'

2023-01-19 19:29:23 - [MESSAGE][PASSED] - Text '1773' is set on object 'Object Repository/RecAndPlayBk/Page-Vlink-ACH-Credit/input_Application Id'

2023-01-19 19:29:23 - [TEST_STEP][PASSED] - setText(findTestObject("Object Repository/RecAndPlayBk/Page-Vlink-ACH-Credit/input_Username"), username): Text 'username' is set on object 'Object Repository/RecAndPlayBk/Page-Vlink-ACH-Credit/input_Username'

2023-01-19 19:29:24 - [MESSAGE][PASSED] - Text 'username' is set on object 'Object Repository/RecAndPlayBk/Page-Vlink-ACH-Credit/input_Username'

2023-01-19 19:29:24 - [TEST_STEP][PASSED] - setText(findTestObject("Object Repository/RecAndPlayBk/Page-Vlink-ACH-Credit/input_Password"), password): Text 'password' is set on object 'Object Repository/RecAndPlayBk/Page-Vlink-ACH-Credit/input_Password'

2023-01-19 19:29:25 - [MESSAGE][PASSED] - Text 'password' is set on object 'Object Repository/RecAndPlayBk/Page-Vlink-ACH-Credit/input_Password'

2023-01-19 19:29:25 - [TEST_STEP][PASSED] - setText(findTestObject("Object Repository/RecAndPlayBk/Page-Vlink-ACH-Credit/input_Check Type"), checkType): Text 'P' is set on object 'Object Repository/RecAndPlayBk/Page-Vlink-ACH-Credit/input_Check Type'

2023-01-19 19:29:26 - [MESSAGE][PASSED] - Text 'P' is set on object 'Object Repository/RecAndPlayBk/Page-Vlink-ACH-Credit/input_Check Type'

2023-01-19 19:29:26 - [TEST_STEP][PASSED] - setText(findTestObject("Object Repository/RecAndPlayBk/Page-Vlink-ACH-Credit/input_Transaction ID"), VLinkSaleTranxID): Text '2916675' is set on object 'Object Repository/RecAndPlayBk/Page-Vlink-ACH-Credit/input_Transaction ID'

2023-01-19 19:29:27 - [MESSAGE][PASSED] - Text '2916675' is set on object 'Object Repository/RecAndPlayBk/Page-Vlink-ACH-Credit/input_Transaction ID'

2023-01-19 19:29:27 - [TEST_STEP][PASSED] - setText(findTestObject("Object Repository/RecAndPlayBk/Page-Vlink-ACH-Credit/input_Amount"), amount): Text '12.50' is set on object 'Object Repository/RecAndPlayBk/Page-Vlink-ACH-Credit/input_Amount'

2023-01-19 19:29:27 - [MESSAGE][PASSED] - Text '12.50' is set on object 'Object Repository/RecAndPlayBk/Page-Vlink-ACH-Credit/input_Amount'

2023-01-19 19:29:27 - [TEST_STEP][PASSED] - setText(findTestObject("Object Repository/RecAndPlayBk/Page-Vlink-ACH-Credit/input_Standard Entry Class"), sec): Text 'PPD' is set on object 'Object Repository/RecAndPlayBk/Page-Vlink-ACH-Credit/input_Standard Entry Class'

2023-01-19 19:29:28 - [MESSAGE][PASSED] - Text 'PPD' is set on object 'Object Repository/RecAndPlayBk/Page-Vlink-ACH-Credit/input_Standard Entry Class'

2023-01-19 19:29:28 - [TEST_STEP][PASSED] - setText(findTestObject("Object Repository/RecAndPlayBk/Page-Vlink-ACH-Credit/input_Account Number"), acNumber): Text '58963214' is set on object 'Object Repository/RecAndPlayBk/Page-Vlink-ACH-Credit/input_Account Number'

2023-01-19 19:29:29 - [MESSAGE][PASSED] - Text '58963214' is set on object 'Object Repository/RecAndPlayBk/Page-Vlink-ACH-Credit/input_Account Number'

2023-01-19 19:29:29 - [TEST_STEP][PASSED] - setText(findTestObject("Object Repository/RecAndPlayBk/Page-Vlink-ACH-Credit/input_Routing Number"), rtn): Text '256072691' is set on object 'Object Repository/RecAndPlayBk/Page-Vlink-ACH-Credit/input_Routing Number'

2023-01-19 19:29:30 - [MESSAGE][PASSED] - Text '256072691' is set on object 'Object Repository/RecAndPlayBk/Page-Vlink-ACH-Credit/input_Routing Number'

2023-01-19 19:29:30 - [TEST_STEP][PASSED] - click(findTestObject("Object Repository/RecAndPlayBk/Page-Vlink-ACH-Credit/input")): Object: 'Object Repository/RecAndPlayBk/Page-Vlink-ACH-Credit/input' is clicked on

2023-01-19 19:29:31 - [MESSAGE][PASSED] - Object: 'Object Repository/RecAndPlayBk/Page-Vlink-ACH-Credit/input' is clicked on

2023-01-19 19:29:31 - [TEST_STEP][PASSED] - if (verifyTextPresent("Transaction approved, no errors", true)): null

2023-01-19 19:29:32 - [MESSAGE][PASSED] - Text 'Transaction approved, no errors' is present on page  using regular expression

2023-01-19 19:29:32 - [TEST_STEP][PASSED] - println("Transaction Approved, no errors text is present on the Confirmation page"): null

2023-01-19 19:29:32 - [TEST_STEP][PASSED] - sdfo = getText(findTestObject("Object Repository/Page_VLinkReceipt/pre_STX")): Text of object 'Object Repository/Page_VLinkReceipt/pre_STX' is: '<STX>O9VNSb95RcOV                  2916676             0  Transaction approved, no errors                   0                                                                                                              <ETX>'

2023-01-19 19:29:32 - [MESSAGE][PASSED] - Text of object 'Object Repository/Page_VLinkReceipt/pre_STX' is: '<STX>O9VNSb95RcOV                  2916676             0  Transaction approved, no errors                   0                                                                                                              <ETX>'

2023-01-19 19:29:32 - [TEST_STEP][PASSED] - out.println("sdfo: " + sdfo): null

2023-01-19 19:29:32 - [TEST_STEP][PASSED] - remID = substring(5, 35).trim(): null

2023-01-19 19:29:32 - [TEST_STEP][PASSED] - out.println("remID: " + remID): null

2023-01-19 19:29:32 - [TEST_STEP][PASSED] - traxID = substring(35, 55).trim(): null

2023-01-19 19:29:32 - [TEST_STEP][PASSED] - out.println("traxID: " + traxID): null

2023-01-19 19:29:32 - [TEST_STEP][PASSED] - VLinkSaleRemID = remID: null

2023-01-19 19:29:32 - [TEST_STEP][PASSED] - VLinkSaleTranxID = traxID: null

2023-01-19 19:29:32 - [TEST_STEP][PASSED] - openBrowser(VLinkURL + "ACH_void.html"): Browser is opened with url: 'https://dev-algorithm.govolution.com/vlinktest/demo/version_2_0/ACH_void.html'

2023-01-19 19:29:32 - [MESSAGE][WARNING] - A browser is already opened. Closing browser and opening a new one

2023-01-19 19:29:33 - [MESSAGE][INFO] - Starting 'Chrome' driver

2023-01-19 19:29:33 - [MESSAGE][INFO] - User set preference: ['acceptInsecureCerts', 'true']

2023-01-19 19:29:33 - [MESSAGE][INFO] - Action delay is set to 0 milliseconds

2023-01-19 19:29:35 - [MESSAGE][PASSED] - Browser is opened with url: 'https://dev-algorithm.govolution.com/vlinktest/demo/version_2_0/ACH_void.html'

2023-01-19 19:29:35 - [TEST_STEP][PASSED] - maximizeWindow(): Current window maximized

2023-01-19 19:29:35 - [MESSAGE][PASSED] - Current window maximized

2023-01-19 19:29:35 - [TEST_STEP][PASSED] - setText(findTestObject("Object Repository/RecAndPlayBk/Page-Vlink-ACH-Void/input_Remittance Id"), VLinkSaleRemID): Text 'O9VNSb95RcOV' is set on object 'Object Repository/RecAndPlayBk/Page-Vlink-ACH-Void/input_Remittance Id'

2023-01-19 19:29:36 - [MESSAGE][PASSED] - Text 'O9VNSb95RcOV' is set on object 'Object Repository/RecAndPlayBk/Page-Vlink-ACH-Void/input_Remittance Id'

2023-01-19 19:29:36 - [TEST_STEP][PASSED] - setText(findTestObject("Object Repository/RecAndPlayBk/Page-Vlink-ACH-Void/input_Application Id"), appID): Text '1773' is set on object 'Object Repository/RecAndPlayBk/Page-Vlink-ACH-Void/input_Application Id'

2023-01-19 19:29:36 - [MESSAGE][PASSED] - Text '1773' is set on object 'Object Repository/RecAndPlayBk/Page-Vlink-ACH-Void/input_Application Id'

2023-01-19 19:29:36 - [TEST_STEP][PASSED] - setText(findTestObject("Object Repository/RecAndPlayBk/Page-Vlink-ACH-Void/input_Username"), username): Text 'username' is set on object 'Object Repository/RecAndPlayBk/Page-Vlink-ACH-Void/input_Username'

2023-01-19 19:29:37 - [MESSAGE][PASSED] - Text 'username' is set on object 'Object Repository/RecAndPlayBk/Page-Vlink-ACH-Void/input_Username'

2023-01-19 19:29:37 - [TEST_STEP][PASSED] - setText(findTestObject("Object Repository/RecAndPlayBk/Page-Vlink-ACH-Void/input_Password"), password): Text 'password' is set on object 'Object Repository/RecAndPlayBk/Page-Vlink-ACH-Void/input_Password'

2023-01-19 19:29:38 - [MESSAGE][PASSED] - Text 'password' is set on object 'Object Repository/RecAndPlayBk/Page-Vlink-ACH-Void/input_Password'

2023-01-19 19:29:38 - [TEST_STEP][PASSED] - setText(findTestObject("Object Repository/RecAndPlayBk/Page-Vlink-ACH-Void/input_Check Type"), checkType): Text 'P' is set on object 'Object Repository/RecAndPlayBk/Page-Vlink-ACH-Void/input_Check Type'

2023-01-19 19:29:39 - [MESSAGE][PASSED] - Text 'P' is set on object 'Object Repository/RecAndPlayBk/Page-Vlink-ACH-Void/input_Check Type'

2023-01-19 19:29:39 - [TEST_STEP][PASSED] - setText(findTestObject("Object Repository/RecAndPlayBk/Page-Vlink-ACH-Void/input_Standard Entry Class"), sec): Text 'PPD' is set on object 'Object Repository/RecAndPlayBk/Page-Vlink-ACH-Void/input_Standard Entry Class'

2023-01-19 19:29:40 - [MESSAGE][PASSED] - Text 'PPD' is set on object 'Object Repository/RecAndPlayBk/Page-Vlink-ACH-Void/input_Standard Entry Class'

2023-01-19 19:29:40 - [TEST_STEP][PASSED] - setText(findTestObject("Object Repository/RecAndPlayBk/Page-Vlink-ACH-Void/input_Transaction ID"), VLinkSaleTranxID): Text '2916676' is set on object 'Object Repository/RecAndPlayBk/Page-Vlink-ACH-Void/input_Transaction ID'

2023-01-19 19:29:41 - [MESSAGE][PASSED] - Text '2916676' is set on object 'Object Repository/RecAndPlayBk/Page-Vlink-ACH-Void/input_Transaction ID'

2023-01-19 19:29:41 - [TEST_STEP][PASSED] - setText(findTestObject("Object Repository/RecAndPlayBk/Page-Vlink-ACH-Void/input_Original Transaction Type"), "201"): Text '201' is set on object 'Object Repository/RecAndPlayBk/Page-Vlink-ACH-Void/input_Original Transaction Type'

2023-01-19 19:29:42 - [MESSAGE][PASSED] - Text '201' is set on object 'Object Repository/RecAndPlayBk/Page-Vlink-ACH-Void/input_Original Transaction Type'

2023-01-19 19:29:42 - [TEST_STEP][PASSED] - click(findTestObject("Object Repository/RecAndPlayBk/Page-Vlink-ACH-Void/input")): Object: 'Object Repository/RecAndPlayBk/Page-Vlink-ACH-Void/input' is clicked on

2023-01-19 19:29:44 - [MESSAGE][PASSED] - Object: 'Object Repository/RecAndPlayBk/Page-Vlink-ACH-Void/input' is clicked on

2023-01-19 19:29:44 - [TEST_STEP][PASSED] - if (verifyTextPresent("Transaction approved, no errors", true)): null

2023-01-19 19:29:44 - [MESSAGE][PASSED] - Text 'Transaction approved, no errors' is present on page  using regular expression

2023-01-19 19:29:44 - [TEST_STEP][PASSED] - println("Transaction Approved, no errors text is present on the Confirmation page"): null

2023-01-19 19:29:44 - [TEST_STEP][PASSED] - out.println("Pass Record Number: " + row): null

2023-01-19 19:29:44 - [TEST_STEP][PASSED] - resText = "Pass": null

2023-01-19 19:29:44 - [TEST_STEP][PASSED] - pages.WriteExcel.demoKey(resText, datText, resColumn, datCloumn, fileLoc, nameSheet, row): pages.WriteExcel.demoKey is PASSED

2023-01-19 19:29:45 - [MESSAGE][PASSED] - pages.WriteExcel.demoKey is PASSED

2023-01-19 19:29:45 - [TEST_STEP][PASSED] - ExecuteTC = findTestData(dataFile).getValue("Execute", row): null

2023-01-19 19:29:45 - [TEST_STEP][PASSED] - out.println("Value of Execute is : " + ExecuteTC): null

2023-01-19 19:29:45 - [TEST_STEP][PASSED] - switch (executionProfile): null

2023-01-19 19:29:45 - [TEST_STEP][PASSED] - case "DemoProfile":: null

2023-01-19 19:29:45 - [TEST_STEP][PASSED] - appID = findTestData(dataFile).getValue("AppIDDemo", row): null

2023-01-19 19:29:45 - [TEST_STEP][PASSED] - username = findTestData(dataFile).getValue("UsernameDemo", row): null

2023-01-19 19:29:45 - [TEST_STEP][PASSED] - password = findTestData(dataFile).getValue("PasswordDemo", row): null

2023-01-19 19:29:45 - [TEST_STEP][PASSED] - break: null

2023-01-19 19:29:45 - [TEST_STEP][PASSED] - if (ExecuteTC.equalsIgnoreCase("Y")): null

2023-01-19 19:29:45 - [TEST_STEP][PASSED] - out.println("Begin Record Number: " + row): null

2023-01-19 19:29:45 - [TEST_STEP][PASSED] - today = new java.util.Date(): null

2023-01-19 19:29:45 - [TEST_STEP][PASSED] - println(today): null

2023-01-19 19:29:45 - [TEST_STEP][PASSED] - datText = today: null

2023-01-19 19:29:45 - [TEST_STEP][PASSED] - checkType = findTestData(dataFile).getValue("CheckType", row): null

2023-01-19 19:29:45 - [TEST_STEP][PASSED] - acNumber = findTestData(dataFile).getValue("AcNumber", row): null

2023-01-19 19:29:45 - [TEST_STEP][PASSED] - company = findTestData(dataFile).getValue("Company", row): null

2023-01-19 19:29:45 - [TEST_STEP][PASSED] - acType = findTestData(dataFile).getValue("AcType", row): null

2023-01-19 19:29:45 - [TEST_STEP][PASSED] - rtn = findTestData(dataFile).getValue("RTN", row): null

2023-01-19 19:29:45 - [TEST_STEP][PASSED] - amount = findTestData(dataFile).getValue("Amount", row): null

2023-01-19 19:29:45 - [TEST_STEP][PASSED] - sec = findTestData(dataFile).getValue("SEC", row): null

2023-01-19 19:29:45 - [TEST_STEP][PASSED] - openBrowser(VLinkURL + "debit.html"): Browser is opened with url: 'https://dev-algorithm.govolution.com/vlinktest/demo/version_2_0/debit.html'

2023-01-19 19:29:45 - [MESSAGE][WARNING] - A browser is already opened. Closing browser and opening a new one

2023-01-19 19:29:46 - [MESSAGE][INFO] - Starting 'Chrome' driver

2023-01-19 19:29:46 - [MESSAGE][INFO] - User set preference: ['acceptInsecureCerts', 'true']

2023-01-19 19:29:46 - [MESSAGE][INFO] - Action delay is set to 0 milliseconds

2023-01-19 19:29:48 - [MESSAGE][PASSED] - Browser is opened with url: 'https://dev-algorithm.govolution.com/vlinktest/demo/version_2_0/debit.html'

2023-01-19 19:29:48 - [TEST_STEP][PASSED] - maximizeWindow(): Current window maximized

2023-01-19 19:29:48 - [MESSAGE][PASSED] - Current window maximized

2023-01-19 19:29:48 - [TEST_STEP][PASSED] - genRemID = RandomStringUtils.random(12, true, true): null

2023-01-19 19:29:48 - [TEST_STEP][PASSED] - setText(findTestObject("RecAndPlayBk/Page-Vlink-Debit/input_Remittance Id"), genRemID): Text '43eoZD8QjgaU' is set on object 'Object Repository/RecAndPlayBk/Page-Vlink-Debit/input_Remittance Id'

2023-01-19 19:29:49 - [MESSAGE][PASSED] - Text '43eoZD8QjgaU' is set on object 'Object Repository/RecAndPlayBk/Page-Vlink-Debit/input_Remittance Id'

2023-01-19 19:29:49 - [TEST_STEP][PASSED] - setText(findTestObject("RecAndPlayBk/Page-Vlink-Debit/input_Application Id"), appID): Text '1773' is set on object 'Object Repository/RecAndPlayBk/Page-Vlink-Debit/input_Application Id'

2023-01-19 19:29:50 - [MESSAGE][PASSED] - Text '1773' is set on object 'Object Repository/RecAndPlayBk/Page-Vlink-Debit/input_Application Id'

2023-01-19 19:29:50 - [TEST_STEP][PASSED] - setText(findTestObject("RecAndPlayBk/Page-Vlink-Debit/input_Username"), username): Text 'username' is set on object 'Object Repository/RecAndPlayBk/Page-Vlink-Debit/input_Username'

2023-01-19 19:29:51 - [MESSAGE][PASSED] - Text 'username' is set on object 'Object Repository/RecAndPlayBk/Page-Vlink-Debit/input_Username'

2023-01-19 19:29:51 - [TEST_STEP][PASSED] - setText(findTestObject("RecAndPlayBk/Page-Vlink-Debit/input_Password"), password): Text 'password' is set on object 'Object Repository/RecAndPlayBk/Page-Vlink-Debit/input_Password'

2023-01-19 19:29:52 - [MESSAGE][PASSED] - Text 'password' is set on object 'Object Repository/RecAndPlayBk/Page-Vlink-Debit/input_Password'

2023-01-19 19:29:52 - [TEST_STEP][PASSED] - setText(findTestObject("RecAndPlayBk/Page-Vlink-Debit/input_Check Type"), checkType): Text 'P' is set on object 'Object Repository/RecAndPlayBk/Page-Vlink-Debit/input_Check Type'

2023-01-19 19:29:52 - [MESSAGE][PASSED] - Text 'P' is set on object 'Object Repository/RecAndPlayBk/Page-Vlink-Debit/input_Check Type'

2023-01-19 19:29:52 - [TEST_STEP][PASSED] - setText(findTestObject("RecAndPlayBk/Page-Vlink-Debit/input_Account_check"), acNumber): Text '58963214' is set on object 'Object Repository/RecAndPlayBk/Page-Vlink-Debit/input_Account_check'

2023-01-19 19:29:53 - [MESSAGE][PASSED] - Text '58963214' is set on object 'Object Repository/RecAndPlayBk/Page-Vlink-Debit/input_Account_check'

2023-01-19 19:29:53 - [TEST_STEP][PASSED] - setText(findTestObject("RecAndPlayBk/Page-Vlink-Debit/input_Company_check"), company): Text '' is set on object 'Object Repository/RecAndPlayBk/Page-Vlink-Debit/input_Company_check'

2023-01-19 19:29:54 - [MESSAGE][PASSED] - Text '' is set on object 'Object Repository/RecAndPlayBk/Page-Vlink-Debit/input_Company_check'

2023-01-19 19:29:54 - [TEST_STEP][PASSED] - setText(findTestObject("RecAndPlayBk/Page-Vlink-Debit/input_Account Type"), acType): Text '2' is set on object 'Object Repository/RecAndPlayBk/Page-Vlink-Debit/input_Account Type'

2023-01-19 19:29:55 - [MESSAGE][PASSED] - Text '2' is set on object 'Object Repository/RecAndPlayBk/Page-Vlink-Debit/input_Account Type'

2023-01-19 19:29:55 - [TEST_STEP][PASSED] - setText(findTestObject("RecAndPlayBk/Page-Vlink-Debit/input_Routing Number"), rtn): Text '256072691' is set on object 'Object Repository/RecAndPlayBk/Page-Vlink-Debit/input_Routing Number'

2023-01-19 19:29:56 - [MESSAGE][PASSED] - Text '256072691' is set on object 'Object Repository/RecAndPlayBk/Page-Vlink-Debit/input_Routing Number'

2023-01-19 19:29:56 - [TEST_STEP][PASSED] - setText(findTestObject("RecAndPlayBk/Page-Vlink-Debit/input_Amount"), amount): Text '12.50' is set on object 'Object Repository/RecAndPlayBk/Page-Vlink-Debit/input_Amount'

2023-01-19 19:29:57 - [MESSAGE][PASSED] - Text '12.50' is set on object 'Object Repository/RecAndPlayBk/Page-Vlink-Debit/input_Amount'

2023-01-19 19:29:57 - [TEST_STEP][PASSED] - setText(findTestObject("RecAndPlayBk/Page-Vlink-Debit/input_Check Email"), ""): Text '' is set on object 'Object Repository/RecAndPlayBk/Page-Vlink-Debit/input_Check Email'

2023-01-19 19:29:58 - [MESSAGE][PASSED] - Text '' is set on object 'Object Repository/RecAndPlayBk/Page-Vlink-Debit/input_Check Email'

2023-01-19 19:29:58 - [TEST_STEP][PASSED] - setText(findTestObject("Object Repository/RecAndPlayBk/Page-Vlink-Debit/input_concat(CheckWriter, , s SSN)_check_ssn"), ""): Text '' is set on object 'Object Repository/RecAndPlayBk/Page-Vlink-Debit/input_concat(CheckWriter, , s SSN)_check_ssn'

2023-01-19 19:29:59 - [MESSAGE][PASSED] - Text '' is set on object 'Object Repository/RecAndPlayBk/Page-Vlink-Debit/input_concat(CheckWriter, , s SSN)_check_ssn'

2023-01-19 19:29:59 - [TEST_STEP][PASSED] - setText(findTestObject("Object Repository/RecAndPlayBk/Page-Vlink-Debit/input_concat(CheckWriter, , s License Numbe_020fef"), ""): Text '' is set on object 'Object Repository/RecAndPlayBk/Page-Vlink-Debit/input_concat(CheckWriter, , s License Numbe_020fef'

2023-01-19 19:29:59 - [MESSAGE][PASSED] - Text '' is set on object 'Object Repository/RecAndPlayBk/Page-Vlink-Debit/input_concat(CheckWriter, , s License Numbe_020fef'

2023-01-19 19:29:59 - [TEST_STEP][PASSED] - setText(findTestObject("Object Repository/RecAndPlayBk/Page-Vlink-Debit/input_concat(CheckWriter, , s License State_21e3e7"), ""): Text '' is set on object 'Object Repository/RecAndPlayBk/Page-Vlink-Debit/input_concat(CheckWriter, , s License State_21e3e7'

2023-01-19 19:30:00 - [MESSAGE][PASSED] - Text '' is set on object 'Object Repository/RecAndPlayBk/Page-Vlink-Debit/input_concat(CheckWriter, , s License State_21e3e7'

2023-01-19 19:30:00 - [TEST_STEP][PASSED] - setText(findTestObject("RecAndPlayBk/Page-Vlink-Debit/input_Standard Entry Class"), sec): Text 'WEB' is set on object 'Object Repository/RecAndPlayBk/Page-Vlink-Debit/input_Standard Entry Class'

2023-01-19 19:30:01 - [MESSAGE][PASSED] - Text 'WEB' is set on object 'Object Repository/RecAndPlayBk/Page-Vlink-Debit/input_Standard Entry Class'

2023-01-19 19:30:01 - [TEST_STEP][PASSED] - click(findTestObject("Object Repository/RecAndPlayBk/Page-Vlink-Debit/input")): Object: 'Object Repository/RecAndPlayBk/Page-Vlink-Debit/input' is clicked on

2023-01-19 19:30:02 - [MESSAGE][PASSED] - Object: 'Object Repository/RecAndPlayBk/Page-Vlink-Debit/input' is clicked on

2023-01-19 19:30:02 - [TEST_STEP][PASSED] - if (verifyTextPresent("Transaction approved, no errors", true)): null

2023-01-19 19:30:03 - [MESSAGE][PASSED] - Text 'Transaction approved, no errors' is present on page  using regular expression

2023-01-19 19:30:03 - [TEST_STEP][PASSED] - println("Transaction Approved, no errors text is present on the Confirmation page"): null

2023-01-19 19:30:03 - [TEST_STEP][PASSED] - sdfo = getText(findTestObject("Object Repository/Page_VLinkReceipt/pre_STX")): Text of object 'Object Repository/Page_VLinkReceipt/pre_STX' is: '<STX>43eoZD8QjgaU                  2916678             0  Transaction approved, no errors                   0                                                                                                              <ETX>'

2023-01-19 19:30:03 - [MESSAGE][PASSED] - Text of object 'Object Repository/Page_VLinkReceipt/pre_STX' is: '<STX>43eoZD8QjgaU                  2916678             0  Transaction approved, no errors                   0                                                                                                              <ETX>'

2023-01-19 19:30:03 - [TEST_STEP][PASSED] - out.println("sdfo: " + sdfo): null

2023-01-19 19:30:03 - [TEST_STEP][PASSED] - remID = substring(5, 35).trim(): null

2023-01-19 19:30:03 - [TEST_STEP][PASSED] - out.println("remID: " + remID): null

2023-01-19 19:30:03 - [TEST_STEP][PASSED] - traxID = substring(35, 55).trim(): null

2023-01-19 19:30:03 - [TEST_STEP][PASSED] - out.println("traxID: " + traxID): null

2023-01-19 19:30:03 - [TEST_STEP][PASSED] - VLinkSaleRemID = remID: null

2023-01-19 19:30:03 - [TEST_STEP][PASSED] - VLinkSaleTranxID = traxID: null

2023-01-19 19:30:03 - [TEST_STEP][PASSED] - openBrowser(VLinkURL + "ACH_credit.html"): Browser is opened with url: 'https://dev-algorithm.govolution.com/vlinktest/demo/version_2_0/ACH_credit.html'

2023-01-19 19:30:03 - [MESSAGE][WARNING] - A browser is already opened. Closing browser and opening a new one

2023-01-19 19:30:04 - [MESSAGE][INFO] - Starting 'Chrome' driver

2023-01-19 19:30:04 - [MESSAGE][INFO] - User set preference: ['acceptInsecureCerts', 'true']

2023-01-19 19:30:04 - [MESSAGE][INFO] - Action delay is set to 0 milliseconds

2023-01-19 19:30:06 - [MESSAGE][PASSED] - Browser is opened with url: 'https://dev-algorithm.govolution.com/vlinktest/demo/version_2_0/ACH_credit.html'

2023-01-19 19:30:06 - [TEST_STEP][PASSED] - maximizeWindow(): Current window maximized

2023-01-19 19:30:06 - [MESSAGE][PASSED] - Current window maximized

2023-01-19 19:30:06 - [TEST_STEP][PASSED] - setText(findTestObject("Object Repository/RecAndPlayBk/Page-Vlink-ACH-Credit/input_Remittance Id"), VLinkSaleRemID): Text '43eoZD8QjgaU' is set on object 'Object Repository/RecAndPlayBk/Page-Vlink-ACH-Credit/input_Remittance Id'

2023-01-19 19:30:06 - [MESSAGE][PASSED] - Text '43eoZD8QjgaU' is set on object 'Object Repository/RecAndPlayBk/Page-Vlink-ACH-Credit/input_Remittance Id'

2023-01-19 19:30:06 - [TEST_STEP][PASSED] - setText(findTestObject("Object Repository/RecAndPlayBk/Page-Vlink-ACH-Credit/input_Application Id"), appID): Text '1773' is set on object 'Object Repository/RecAndPlayBk/Page-Vlink-ACH-Credit/input_Application Id'

2023-01-19 19:30:07 - [MESSAGE][PASSED] - Text '1773' is set on object 'Object Repository/RecAndPlayBk/Page-Vlink-ACH-Credit/input_Application Id'

2023-01-19 19:30:07 - [TEST_STEP][PASSED] - setText(findTestObject("Object Repository/RecAndPlayBk/Page-Vlink-ACH-Credit/input_Username"), username): Text 'username' is set on object 'Object Repository/RecAndPlayBk/Page-Vlink-ACH-Credit/input_Username'

2023-01-19 19:30:08 - [MESSAGE][PASSED] - Text 'username' is set on object 'Object Repository/RecAndPlayBk/Page-Vlink-ACH-Credit/input_Username'

2023-01-19 19:30:08 - [TEST_STEP][PASSED] - setText(findTestObject("Object Repository/RecAndPlayBk/Page-Vlink-ACH-Credit/input_Password"), password): Text 'password' is set on object 'Object Repository/RecAndPlayBk/Page-Vlink-ACH-Credit/input_Password'

2023-01-19 19:30:09 - [MESSAGE][PASSED] - Text 'password' is set on object 'Object Repository/RecAndPlayBk/Page-Vlink-ACH-Credit/input_Password'

2023-01-19 19:30:09 - [TEST_STEP][PASSED] - setText(findTestObject("Object Repository/RecAndPlayBk/Page-Vlink-ACH-Credit/input_Check Type"), checkType): Text 'P' is set on object 'Object Repository/RecAndPlayBk/Page-Vlink-ACH-Credit/input_Check Type'

2023-01-19 19:30:10 - [MESSAGE][PASSED] - Text 'P' is set on object 'Object Repository/RecAndPlayBk/Page-Vlink-ACH-Credit/input_Check Type'

2023-01-19 19:30:10 - [TEST_STEP][PASSED] - setText(findTestObject("Object Repository/RecAndPlayBk/Page-Vlink-ACH-Credit/input_Transaction ID"), VLinkSaleTranxID): Text '2916678' is set on object 'Object Repository/RecAndPlayBk/Page-Vlink-ACH-Credit/input_Transaction ID'

2023-01-19 19:30:11 - [MESSAGE][PASSED] - Text '2916678' is set on object 'Object Repository/RecAndPlayBk/Page-Vlink-ACH-Credit/input_Transaction ID'

2023-01-19 19:30:11 - [TEST_STEP][PASSED] - setText(findTestObject("Object Repository/RecAndPlayBk/Page-Vlink-ACH-Credit/input_Amount"), amount): Text '12.50' is set on object 'Object Repository/RecAndPlayBk/Page-Vlink-ACH-Credit/input_Amount'

2023-01-19 19:30:12 - [MESSAGE][PASSED] - Text '12.50' is set on object 'Object Repository/RecAndPlayBk/Page-Vlink-ACH-Credit/input_Amount'

2023-01-19 19:30:12 - [TEST_STEP][PASSED] - setText(findTestObject("Object Repository/RecAndPlayBk/Page-Vlink-ACH-Credit/input_Standard Entry Class"), sec): Text 'WEB' is set on object 'Object Repository/RecAndPlayBk/Page-Vlink-ACH-Credit/input_Standard Entry Class'

2023-01-19 19:30:12 - [MESSAGE][PASSED] - Text 'WEB' is set on object 'Object Repository/RecAndPlayBk/Page-Vlink-ACH-Credit/input_Standard Entry Class'

2023-01-19 19:30:12 - [TEST_STEP][PASSED] - setText(findTestObject("Object Repository/RecAndPlayBk/Page-Vlink-ACH-Credit/input_Account Number"), acNumber): Text '58963214' is set on object 'Object Repository/RecAndPlayBk/Page-Vlink-ACH-Credit/input_Account Number'

2023-01-19 19:30:13 - [MESSAGE][PASSED] - Text '58963214' is set on object 'Object Repository/RecAndPlayBk/Page-Vlink-ACH-Credit/input_Account Number'

2023-01-19 19:30:13 - [TEST_STEP][PASSED] - setText(findTestObject("Object Repository/RecAndPlayBk/Page-Vlink-ACH-Credit/input_Routing Number"), rtn): Text '256072691' is set on object 'Object Repository/RecAndPlayBk/Page-Vlink-ACH-Credit/input_Routing Number'

2023-01-19 19:30:14 - [MESSAGE][PASSED] - Text '256072691' is set on object 'Object Repository/RecAndPlayBk/Page-Vlink-ACH-Credit/input_Routing Number'

2023-01-19 19:30:14 - [TEST_STEP][PASSED] - click(findTestObject("Object Repository/RecAndPlayBk/Page-Vlink-ACH-Credit/input")): Object: 'Object Repository/RecAndPlayBk/Page-Vlink-ACH-Credit/input' is clicked on

2023-01-19 19:30:15 - [MESSAGE][PASSED] - Object: 'Object Repository/RecAndPlayBk/Page-Vlink-ACH-Credit/input' is clicked on

2023-01-19 19:30:15 - [TEST_STEP][PASSED] - if (verifyTextPresent("Transaction approved, no errors", true)): null

2023-01-19 19:30:16 - [MESSAGE][PASSED] - Text 'Transaction approved, no errors' is present on page  using regular expression

2023-01-19 19:30:16 - [TEST_STEP][PASSED] - println("Transaction Approved, no errors text is present on the Confirmation page"): null

2023-01-19 19:30:16 - [TEST_STEP][PASSED] - sdfo = getText(findTestObject("Object Repository/Page_VLinkReceipt/pre_STX")): Text of object 'Object Repository/Page_VLinkReceipt/pre_STX' is: '<STX>43eoZD8QjgaU                  2916679             0  Transaction approved, no errors                   0                                                                                                              <ETX>'

2023-01-19 19:30:16 - [MESSAGE][PASSED] - Text of object 'Object Repository/Page_VLinkReceipt/pre_STX' is: '<STX>43eoZD8QjgaU                  2916679             0  Transaction approved, no errors                   0                                                                                                              <ETX>'

2023-01-19 19:30:16 - [TEST_STEP][PASSED] - out.println("sdfo: " + sdfo): null

2023-01-19 19:30:16 - [TEST_STEP][PASSED] - remID = substring(5, 35).trim(): null

2023-01-19 19:30:16 - [TEST_STEP][PASSED] - out.println("remID: " + remID): null

2023-01-19 19:30:16 - [TEST_STEP][PASSED] - traxID = substring(35, 55).trim(): null

2023-01-19 19:30:16 - [TEST_STEP][PASSED] - out.println("traxID: " + traxID): null

2023-01-19 19:30:16 - [TEST_STEP][PASSED] - VLinkSaleRemID = remID: null

2023-01-19 19:30:16 - [TEST_STEP][PASSED] - VLinkSaleTranxID = traxID: null

2023-01-19 19:30:16 - [TEST_STEP][PASSED] - openBrowser(VLinkURL + "ACH_void.html"): Browser is opened with url: 'https://dev-algorithm.govolution.com/vlinktest/demo/version_2_0/ACH_void.html'

2023-01-19 19:30:16 - [MESSAGE][WARNING] - A browser is already opened. Closing browser and opening a new one

2023-01-19 19:30:17 - [MESSAGE][INFO] - Starting 'Chrome' driver

2023-01-19 19:30:17 - [MESSAGE][INFO] - User set preference: ['acceptInsecureCerts', 'true']

2023-01-19 19:30:17 - [MESSAGE][INFO] - Action delay is set to 0 milliseconds

2023-01-19 19:30:19 - [MESSAGE][PASSED] - Browser is opened with url: 'https://dev-algorithm.govolution.com/vlinktest/demo/version_2_0/ACH_void.html'

2023-01-19 19:30:19 - [TEST_STEP][PASSED] - maximizeWindow(): Current window maximized

2023-01-19 19:30:19 - [MESSAGE][PASSED] - Current window maximized

2023-01-19 19:30:19 - [TEST_STEP][PASSED] - setText(findTestObject("Object Repository/RecAndPlayBk/Page-Vlink-ACH-Void/input_Remittance Id"), VLinkSaleRemID): Text '43eoZD8QjgaU' is set on object 'Object Repository/RecAndPlayBk/Page-Vlink-ACH-Void/input_Remittance Id'

2023-01-19 19:30:20 - [MESSAGE][PASSED] - Text '43eoZD8QjgaU' is set on object 'Object Repository/RecAndPlayBk/Page-Vlink-ACH-Void/input_Remittance Id'

2023-01-19 19:30:20 - [TEST_STEP][PASSED] - setText(findTestObject("Object Repository/RecAndPlayBk/Page-Vlink-ACH-Void/input_Application Id"), appID): Text '1773' is set on object 'Object Repository/RecAndPlayBk/Page-Vlink-ACH-Void/input_Application Id'

2023-01-19 19:30:20 - [MESSAGE][PASSED] - Text '1773' is set on object 'Object Repository/RecAndPlayBk/Page-Vlink-ACH-Void/input_Application Id'

2023-01-19 19:30:20 - [TEST_STEP][PASSED] - setText(findTestObject("Object Repository/RecAndPlayBk/Page-Vlink-ACH-Void/input_Username"), username): Text 'username' is set on object 'Object Repository/RecAndPlayBk/Page-Vlink-ACH-Void/input_Username'

2023-01-19 19:30:21 - [MESSAGE][PASSED] - Text 'username' is set on object 'Object Repository/RecAndPlayBk/Page-Vlink-ACH-Void/input_Username'

2023-01-19 19:30:21 - [TEST_STEP][PASSED] - setText(findTestObject("Object Repository/RecAndPlayBk/Page-Vlink-ACH-Void/input_Password"), password): Text 'password' is set on object 'Object Repository/RecAndPlayBk/Page-Vlink-ACH-Void/input_Password'

2023-01-19 19:30:22 - [MESSAGE][PASSED] - Text 'password' is set on object 'Object Repository/RecAndPlayBk/Page-Vlink-ACH-Void/input_Password'

2023-01-19 19:30:22 - [TEST_STEP][PASSED] - setText(findTestObject("Object Repository/RecAndPlayBk/Page-Vlink-ACH-Void/input_Check Type"), checkType): Text 'P' is set on object 'Object Repository/RecAndPlayBk/Page-Vlink-ACH-Void/input_Check Type'

2023-01-19 19:30:23 - [MESSAGE][PASSED] - Text 'P' is set on object 'Object Repository/RecAndPlayBk/Page-Vlink-ACH-Void/input_Check Type'

2023-01-19 19:30:23 - [TEST_STEP][PASSED] - setText(findTestObject("Object Repository/RecAndPlayBk/Page-Vlink-ACH-Void/input_Standard Entry Class"), sec): Text 'WEB' is set on object 'Object Repository/RecAndPlayBk/Page-Vlink-ACH-Void/input_Standard Entry Class'

2023-01-19 19:30:24 - [MESSAGE][PASSED] - Text 'WEB' is set on object 'Object Repository/RecAndPlayBk/Page-Vlink-ACH-Void/input_Standard Entry Class'

2023-01-19 19:30:24 - [TEST_STEP][PASSED] - setText(findTestObject("Object Repository/RecAndPlayBk/Page-Vlink-ACH-Void/input_Transaction ID"), VLinkSaleTranxID): Text '2916679' is set on object 'Object Repository/RecAndPlayBk/Page-Vlink-ACH-Void/input_Transaction ID'

2023-01-19 19:30:25 - [MESSAGE][PASSED] - Text '2916679' is set on object 'Object Repository/RecAndPlayBk/Page-Vlink-ACH-Void/input_Transaction ID'

2023-01-19 19:30:25 - [TEST_STEP][PASSED] - setText(findTestObject("Object Repository/RecAndPlayBk/Page-Vlink-ACH-Void/input_Original Transaction Type"), "201"): Text '201' is set on object 'Object Repository/RecAndPlayBk/Page-Vlink-ACH-Void/input_Original Transaction Type'

2023-01-19 19:30:26 - [MESSAGE][PASSED] - Text '201' is set on object 'Object Repository/RecAndPlayBk/Page-Vlink-ACH-Void/input_Original Transaction Type'

2023-01-19 19:30:26 - [TEST_STEP][PASSED] - click(findTestObject("Object Repository/RecAndPlayBk/Page-Vlink-ACH-Void/input")): Object: 'Object Repository/RecAndPlayBk/Page-Vlink-ACH-Void/input' is clicked on

2023-01-19 19:30:27 - [MESSAGE][PASSED] - Object: 'Object Repository/RecAndPlayBk/Page-Vlink-ACH-Void/input' is clicked on

2023-01-19 19:30:27 - [TEST_STEP][PASSED] - if (verifyTextPresent("Transaction approved, no errors", true)): null

2023-01-19 19:30:27 - [MESSAGE][PASSED] - Text 'Transaction approved, no errors' is present on page  using regular expression

2023-01-19 19:30:27 - [TEST_STEP][PASSED] - println("Transaction Approved, no errors text is present on the Confirmation page"): null

2023-01-19 19:30:27 - [TEST_STEP][PASSED] - out.println("Pass Record Number: " + row): null

2023-01-19 19:30:27 - [TEST_STEP][PASSED] - resText = "Pass": null

2023-01-19 19:30:27 - [TEST_STEP][PASSED] - pages.WriteExcel.demoKey(resText, datText, resColumn, datCloumn, fileLoc, nameSheet, row): pages.WriteExcel.demoKey is PASSED

2023-01-19 19:30:27 - [MESSAGE][PASSED] - pages.WriteExcel.demoKey is PASSED

2023-01-19 19:30:27 - [TEST_STEP][PASSED] - ExecuteTC = findTestData(dataFile).getValue("Execute", row): null

2023-01-19 19:30:27 - [TEST_STEP][PASSED] - out.println("Value of Execute is : " + ExecuteTC): null

2023-01-19 19:30:27 - [TEST_STEP][PASSED] - switch (executionProfile): null

2023-01-19 19:30:27 - [TEST_STEP][PASSED] - case "DemoProfile":: null

2023-01-19 19:30:27 - [TEST_STEP][PASSED] - appID = findTestData(dataFile).getValue("AppIDDemo", row): null

2023-01-19 19:30:27 - [TEST_STEP][PASSED] - username = findTestData(dataFile).getValue("UsernameDemo", row): null

2023-01-19 19:30:27 - [TEST_STEP][PASSED] - password = findTestData(dataFile).getValue("PasswordDemo", row): null

2023-01-19 19:30:27 - [TEST_STEP][PASSED] - break: null

2023-01-19 19:30:27 - [TEST_STEP][PASSED] - if (ExecuteTC.equalsIgnoreCase("Y")): null

2023-01-19 19:30:27 - [TEST_STEP][PASSED] - out.println("Begin Record Number: " + row): null

2023-01-19 19:30:27 - [TEST_STEP][PASSED] - today = new java.util.Date(): null

2023-01-19 19:30:27 - [TEST_STEP][PASSED] - println(today): null

2023-01-19 19:30:27 - [TEST_STEP][PASSED] - datText = today: null

2023-01-19 19:30:27 - [TEST_STEP][PASSED] - checkType = findTestData(dataFile).getValue("CheckType", row): null

2023-01-19 19:30:27 - [TEST_STEP][PASSED] - acNumber = findTestData(dataFile).getValue("AcNumber", row): null

2023-01-19 19:30:27 - [TEST_STEP][PASSED] - company = findTestData(dataFile).getValue("Company", row): null

2023-01-19 19:30:28 - [TEST_STEP][PASSED] - acType = findTestData(dataFile).getValue("AcType", row): null

2023-01-19 19:30:28 - [TEST_STEP][PASSED] - rtn = findTestData(dataFile).getValue("RTN", row): null

2023-01-19 19:30:28 - [TEST_STEP][PASSED] - amount = findTestData(dataFile).getValue("Amount", row): null

2023-01-19 19:30:28 - [TEST_STEP][PASSED] - sec = findTestData(dataFile).getValue("SEC", row): null

2023-01-19 19:30:28 - [TEST_STEP][PASSED] - openBrowser(VLinkURL + "debit.html"): Browser is opened with url: 'https://dev-algorithm.govolution.com/vlinktest/demo/version_2_0/debit.html'

2023-01-19 19:30:28 - [MESSAGE][WARNING] - A browser is already opened. Closing browser and opening a new one

2023-01-19 19:30:29 - [MESSAGE][INFO] - Starting 'Chrome' driver

2023-01-19 19:30:29 - [MESSAGE][INFO] - User set preference: ['acceptInsecureCerts', 'true']

2023-01-19 19:30:29 - [MESSAGE][INFO] - Action delay is set to 0 milliseconds

2023-01-19 19:30:30 - [MESSAGE][PASSED] - Browser is opened with url: 'https://dev-algorithm.govolution.com/vlinktest/demo/version_2_0/debit.html'

2023-01-19 19:30:30 - [TEST_STEP][PASSED] - maximizeWindow(): Current window maximized

2023-01-19 19:30:31 - [MESSAGE][PASSED] - Current window maximized

2023-01-19 19:30:31 - [TEST_STEP][PASSED] - genRemID = RandomStringUtils.random(12, true, true): null

2023-01-19 19:30:31 - [TEST_STEP][PASSED] - setText(findTestObject("RecAndPlayBk/Page-Vlink-Debit/input_Remittance Id"), genRemID): Text 'SuapoED9Oyyp' is set on object 'Object Repository/RecAndPlayBk/Page-Vlink-Debit/input_Remittance Id'

2023-01-19 19:30:31 - [MESSAGE][PASSED] - Text 'SuapoED9Oyyp' is set on object 'Object Repository/RecAndPlayBk/Page-Vlink-Debit/input_Remittance Id'

2023-01-19 19:30:31 - [TEST_STEP][PASSED] - setText(findTestObject("RecAndPlayBk/Page-Vlink-Debit/input_Application Id"), appID): Text '1773' is set on object 'Object Repository/RecAndPlayBk/Page-Vlink-Debit/input_Application Id'

2023-01-19 19:30:32 - [MESSAGE][PASSED] - Text '1773' is set on object 'Object Repository/RecAndPlayBk/Page-Vlink-Debit/input_Application Id'

2023-01-19 19:30:32 - [TEST_STEP][PASSED] - setText(findTestObject("RecAndPlayBk/Page-Vlink-Debit/input_Username"), username): Text 'username' is set on object 'Object Repository/RecAndPlayBk/Page-Vlink-Debit/input_Username'

2023-01-19 19:30:33 - [MESSAGE][PASSED] - Text 'username' is set on object 'Object Repository/RecAndPlayBk/Page-Vlink-Debit/input_Username'

2023-01-19 19:30:33 - [TEST_STEP][PASSED] - setText(findTestObject("RecAndPlayBk/Page-Vlink-Debit/input_Password"), password): Text 'password' is set on object 'Object Repository/RecAndPlayBk/Page-Vlink-Debit/input_Password'

2023-01-19 19:30:34 - [MESSAGE][PASSED] - Text 'password' is set on object 'Object Repository/RecAndPlayBk/Page-Vlink-Debit/input_Password'

2023-01-19 19:30:34 - [TEST_STEP][PASSED] - setText(findTestObject("RecAndPlayBk/Page-Vlink-Debit/input_Check Type"), checkType): Text 'P' is set on object 'Object Repository/RecAndPlayBk/Page-Vlink-Debit/input_Check Type'

2023-01-19 19:30:35 - [MESSAGE][PASSED] - Text 'P' is set on object 'Object Repository/RecAndPlayBk/Page-Vlink-Debit/input_Check Type'

2023-01-19 19:30:35 - [TEST_STEP][PASSED] - setText(findTestObject("RecAndPlayBk/Page-Vlink-Debit/input_Account_check"), acNumber): Text '58963214' is set on object 'Object Repository/RecAndPlayBk/Page-Vlink-Debit/input_Account_check'

2023-01-19 19:30:36 - [MESSAGE][PASSED] - Text '58963214' is set on object 'Object Repository/RecAndPlayBk/Page-Vlink-Debit/input_Account_check'

2023-01-19 19:30:36 - [TEST_STEP][PASSED] - setText(findTestObject("RecAndPlayBk/Page-Vlink-Debit/input_Company_check"), company): Text '' is set on object 'Object Repository/RecAndPlayBk/Page-Vlink-Debit/input_Company_check'

2023-01-19 19:30:36 - [MESSAGE][PASSED] - Text '' is set on object 'Object Repository/RecAndPlayBk/Page-Vlink-Debit/input_Company_check'

2023-01-19 19:30:36 - [TEST_STEP][PASSED] - setText(findTestObject("RecAndPlayBk/Page-Vlink-Debit/input_Account Type"), acType): Text '2' is set on object 'Object Repository/RecAndPlayBk/Page-Vlink-Debit/input_Account Type'

2023-01-19 19:30:38 - [MESSAGE][PASSED] - Text '2' is set on object 'Object Repository/RecAndPlayBk/Page-Vlink-Debit/input_Account Type'

2023-01-19 19:30:38 - [TEST_STEP][PASSED] - setText(findTestObject("RecAndPlayBk/Page-Vlink-Debit/input_Routing Number"), rtn): Text '256072691' is set on object 'Object Repository/RecAndPlayBk/Page-Vlink-Debit/input_Routing Number'

2023-01-19 19:30:38 - [MESSAGE][PASSED] - Text '256072691' is set on object 'Object Repository/RecAndPlayBk/Page-Vlink-Debit/input_Routing Number'

2023-01-19 19:30:38 - [TEST_STEP][PASSED] - setText(findTestObject("RecAndPlayBk/Page-Vlink-Debit/input_Amount"), amount): Text '12.50' is set on object 'Object Repository/RecAndPlayBk/Page-Vlink-Debit/input_Amount'

2023-01-19 19:30:39 - [MESSAGE][PASSED] - Text '12.50' is set on object 'Object Repository/RecAndPlayBk/Page-Vlink-Debit/input_Amount'

2023-01-19 19:30:39 - [TEST_STEP][PASSED] - setText(findTestObject("RecAndPlayBk/Page-Vlink-Debit/input_Check Email"), ""): Text '' is set on object 'Object Repository/RecAndPlayBk/Page-Vlink-Debit/input_Check Email'

2023-01-19 19:30:40 - [MESSAGE][PASSED] - Text '' is set on object 'Object Repository/RecAndPlayBk/Page-Vlink-Debit/input_Check Email'

2023-01-19 19:30:40 - [TEST_STEP][PASSED] - setText(findTestObject("Object Repository/RecAndPlayBk/Page-Vlink-Debit/input_concat(CheckWriter, , s SSN)_check_ssn"), ""): Text '' is set on object 'Object Repository/RecAndPlayBk/Page-Vlink-Debit/input_concat(CheckWriter, , s SSN)_check_ssn'

2023-01-19 19:30:41 - [MESSAGE][PASSED] - Text '' is set on object 'Object Repository/RecAndPlayBk/Page-Vlink-Debit/input_concat(CheckWriter, , s SSN)_check_ssn'

2023-01-19 19:30:41 - [TEST_STEP][PASSED] - setText(findTestObject("Object Repository/RecAndPlayBk/Page-Vlink-Debit/input_concat(CheckWriter, , s License Numbe_020fef"), ""): Text '' is set on object 'Object Repository/RecAndPlayBk/Page-Vlink-Debit/input_concat(CheckWriter, , s License Numbe_020fef'

2023-01-19 19:30:42 - [MESSAGE][PASSED] - Text '' is set on object 'Object Repository/RecAndPlayBk/Page-Vlink-Debit/input_concat(CheckWriter, , s License Numbe_020fef'

2023-01-19 19:30:42 - [TEST_STEP][PASSED] - setText(findTestObject("Object Repository/RecAndPlayBk/Page-Vlink-Debit/input_concat(CheckWriter, , s License State_21e3e7"), ""): Text '' is set on object 'Object Repository/RecAndPlayBk/Page-Vlink-Debit/input_concat(CheckWriter, , s License State_21e3e7'

2023-01-19 19:30:43 - [MESSAGE][PASSED] - Text '' is set on object 'Object Repository/RecAndPlayBk/Page-Vlink-Debit/input_concat(CheckWriter, , s License State_21e3e7'

2023-01-19 19:30:43 - [TEST_STEP][PASSED] - setText(findTestObject("RecAndPlayBk/Page-Vlink-Debit/input_Standard Entry Class"), sec): Text 'TEL' is set on object 'Object Repository/RecAndPlayBk/Page-Vlink-Debit/input_Standard Entry Class'

2023-01-19 19:30:44 - [MESSAGE][PASSED] - Text 'TEL' is set on object 'Object Repository/RecAndPlayBk/Page-Vlink-Debit/input_Standard Entry Class'

2023-01-19 19:30:44 - [TEST_STEP][PASSED] - click(findTestObject("Object Repository/RecAndPlayBk/Page-Vlink-Debit/input")): Object: 'Object Repository/RecAndPlayBk/Page-Vlink-Debit/input' is clicked on

2023-01-19 19:30:45 - [MESSAGE][PASSED] - Object: 'Object Repository/RecAndPlayBk/Page-Vlink-Debit/input' is clicked on

2023-01-19 19:30:45 - [TEST_STEP][PASSED] - if (verifyTextPresent("Transaction approved, no errors", true)): null

2023-01-19 19:30:45 - [MESSAGE][PASSED] - Text 'Transaction approved, no errors' is present on page  using regular expression

2023-01-19 19:30:45 - [TEST_STEP][PASSED] - println("Transaction Approved, no errors text is present on the Confirmation page"): null

2023-01-19 19:30:45 - [TEST_STEP][PASSED] - sdfo = getText(findTestObject("Object Repository/Page_VLinkReceipt/pre_STX")): Text of object 'Object Repository/Page_VLinkReceipt/pre_STX' is: '<STX>SuapoED9Oyyp                  2916681             0  Transaction approved, no errors                   0                                                                                                              <ETX>'

2023-01-19 19:30:45 - [MESSAGE][PASSED] - Text of object 'Object Repository/Page_VLinkReceipt/pre_STX' is: '<STX>SuapoED9Oyyp                  2916681             0  Transaction approved, no errors                   0                                                                                                              <ETX>'

2023-01-19 19:30:45 - [TEST_STEP][PASSED] - out.println("sdfo: " + sdfo): null

2023-01-19 19:30:45 - [TEST_STEP][PASSED] - remID = substring(5, 35).trim(): null

2023-01-19 19:30:45 - [TEST_STEP][PASSED] - out.println("remID: " + remID): null

2023-01-19 19:30:45 - [TEST_STEP][PASSED] - traxID = substring(35, 55).trim(): null

2023-01-19 19:30:45 - [TEST_STEP][PASSED] - out.println("traxID: " + traxID): null

2023-01-19 19:30:45 - [TEST_STEP][PASSED] - VLinkSaleRemID = remID: null

2023-01-19 19:30:45 - [TEST_STEP][PASSED] - VLinkSaleTranxID = traxID: null

2023-01-19 19:30:45 - [TEST_STEP][PASSED] - openBrowser(VLinkURL + "ACH_credit.html"): Browser is opened with url: 'https://dev-algorithm.govolution.com/vlinktest/demo/version_2_0/ACH_credit.html'

2023-01-19 19:30:45 - [MESSAGE][WARNING] - A browser is already opened. Closing browser and opening a new one

2023-01-19 19:30:46 - [MESSAGE][INFO] - Starting 'Chrome' driver

2023-01-19 19:30:46 - [MESSAGE][INFO] - User set preference: ['acceptInsecureCerts', 'true']

2023-01-19 19:30:46 - [MESSAGE][INFO] - Action delay is set to 0 milliseconds

2023-01-19 19:30:48 - [MESSAGE][PASSED] - Browser is opened with url: 'https://dev-algorithm.govolution.com/vlinktest/demo/version_2_0/ACH_credit.html'

2023-01-19 19:30:48 - [TEST_STEP][PASSED] - maximizeWindow(): Current window maximized

2023-01-19 19:30:48 - [MESSAGE][PASSED] - Current window maximized

2023-01-19 19:30:48 - [TEST_STEP][PASSED] - setText(findTestObject("Object Repository/RecAndPlayBk/Page-Vlink-ACH-Credit/input_Remittance Id"), VLinkSaleRemID): Text 'SuapoED9Oyyp' is set on object 'Object Repository/RecAndPlayBk/Page-Vlink-ACH-Credit/input_Remittance Id'

2023-01-19 19:30:49 - [MESSAGE][PASSED] - Text 'SuapoED9Oyyp' is set on object 'Object Repository/RecAndPlayBk/Page-Vlink-ACH-Credit/input_Remittance Id'

2023-01-19 19:30:49 - [TEST_STEP][PASSED] - setText(findTestObject("Object Repository/RecAndPlayBk/Page-Vlink-ACH-Credit/input_Application Id"), appID): Text '1773' is set on object 'Object Repository/RecAndPlayBk/Page-Vlink-ACH-Credit/input_Application Id'

2023-01-19 19:30:50 - [MESSAGE][PASSED] - Text '1773' is set on object 'Object Repository/RecAndPlayBk/Page-Vlink-ACH-Credit/input_Application Id'

2023-01-19 19:30:50 - [TEST_STEP][PASSED] - setText(findTestObject("Object Repository/RecAndPlayBk/Page-Vlink-ACH-Credit/input_Username"), username): Text 'username' is set on object 'Object Repository/RecAndPlayBk/Page-Vlink-ACH-Credit/input_Username'

2023-01-19 19:30:51 - [MESSAGE][PASSED] - Text 'username' is set on object 'Object Repository/RecAndPlayBk/Page-Vlink-ACH-Credit/input_Username'

2023-01-19 19:30:51 - [TEST_STEP][PASSED] - setText(findTestObject("Object Repository/RecAndPlayBk/Page-Vlink-ACH-Credit/input_Password"), password): Text 'password' is set on object 'Object Repository/RecAndPlayBk/Page-Vlink-ACH-Credit/input_Password'

2023-01-19 19:30:52 - [MESSAGE][PASSED] - Text 'password' is set on object 'Object Repository/RecAndPlayBk/Page-Vlink-ACH-Credit/input_Password'

2023-01-19 19:30:52 - [TEST_STEP][PASSED] - setText(findTestObject("Object Repository/RecAndPlayBk/Page-Vlink-ACH-Credit/input_Check Type"), checkType): Text 'P' is set on object 'Object Repository/RecAndPlayBk/Page-Vlink-ACH-Credit/input_Check Type'

2023-01-19 19:30:53 - [MESSAGE][PASSED] - Text 'P' is set on object 'Object Repository/RecAndPlayBk/Page-Vlink-ACH-Credit/input_Check Type'

2023-01-19 19:30:53 - [TEST_STEP][PASSED] - setText(findTestObject("Object Repository/RecAndPlayBk/Page-Vlink-ACH-Credit/input_Transaction ID"), VLinkSaleTranxID): Text '2916681' is set on object 'Object Repository/RecAndPlayBk/Page-Vlink-ACH-Credit/input_Transaction ID'

2023-01-19 19:30:53 - [MESSAGE][PASSED] - Text '2916681' is set on object 'Object Repository/RecAndPlayBk/Page-Vlink-ACH-Credit/input_Transaction ID'

2023-01-19 19:30:53 - [TEST_STEP][PASSED] - setText(findTestObject("Object Repository/RecAndPlayBk/Page-Vlink-ACH-Credit/input_Amount"), amount): Text '12.50' is set on object 'Object Repository/RecAndPlayBk/Page-Vlink-ACH-Credit/input_Amount'

2023-01-19 19:30:54 - [MESSAGE][PASSED] - Text '12.50' is set on object 'Object Repository/RecAndPlayBk/Page-Vlink-ACH-Credit/input_Amount'

2023-01-19 19:30:54 - [TEST_STEP][PASSED] - setText(findTestObject("Object Repository/RecAndPlayBk/Page-Vlink-ACH-Credit/input_Standard Entry Class"), sec): Text 'TEL' is set on object 'Object Repository/RecAndPlayBk/Page-Vlink-ACH-Credit/input_Standard Entry Class'

2023-01-19 19:30:55 - [MESSAGE][PASSED] - Text 'TEL' is set on object 'Object Repository/RecAndPlayBk/Page-Vlink-ACH-Credit/input_Standard Entry Class'

2023-01-19 19:30:55 - [TEST_STEP][PASSED] - setText(findTestObject("Object Repository/RecAndPlayBk/Page-Vlink-ACH-Credit/input_Account Number"), acNumber): Text '58963214' is set on object 'Object Repository/RecAndPlayBk/Page-Vlink-ACH-Credit/input_Account Number'

2023-01-19 19:30:56 - [MESSAGE][PASSED] - Text '58963214' is set on object 'Object Repository/RecAndPlayBk/Page-Vlink-ACH-Credit/input_Account Number'

2023-01-19 19:30:56 - [TEST_STEP][PASSED] - setText(findTestObject("Object Repository/RecAndPlayBk/Page-Vlink-ACH-Credit/input_Routing Number"), rtn): Text '256072691' is set on object 'Object Repository/RecAndPlayBk/Page-Vlink-ACH-Credit/input_Routing Number'

2023-01-19 19:30:57 - [MESSAGE][PASSED] - Text '256072691' is set on object 'Object Repository/RecAndPlayBk/Page-Vlink-ACH-Credit/input_Routing Number'

2023-01-19 19:30:57 - [TEST_STEP][PASSED] - click(findTestObject("Object Repository/RecAndPlayBk/Page-Vlink-ACH-Credit/input")): Object: 'Object Repository/RecAndPlayBk/Page-Vlink-ACH-Credit/input' is clicked on

2023-01-19 19:30:58 - [MESSAGE][PASSED] - Object: 'Object Repository/RecAndPlayBk/Page-Vlink-ACH-Credit/input' is clicked on

2023-01-19 19:30:58 - [TEST_STEP][PASSED] - if (verifyTextPresent("Transaction approved, no errors", true)): null

2023-01-19 19:30:58 - [MESSAGE][PASSED] - Text 'Transaction approved, no errors' is present on page  using regular expression

2023-01-19 19:30:58 - [TEST_STEP][PASSED] - println("Transaction Approved, no errors text is present on the Confirmation page"): null

2023-01-19 19:30:58 - [TEST_STEP][PASSED] - sdfo = getText(findTestObject("Object Repository/Page_VLinkReceipt/pre_STX")): Text of object 'Object Repository/Page_VLinkReceipt/pre_STX' is: '<STX>SuapoED9Oyyp                  2916682             0  Transaction approved, no errors                   0                                                                                                              <ETX>'

2023-01-19 19:30:58 - [MESSAGE][PASSED] - Text of object 'Object Repository/Page_VLinkReceipt/pre_STX' is: '<STX>SuapoED9Oyyp                  2916682             0  Transaction approved, no errors                   0                                                                                                              <ETX>'

2023-01-19 19:30:58 - [TEST_STEP][PASSED] - out.println("sdfo: " + sdfo): null

2023-01-19 19:30:58 - [TEST_STEP][PASSED] - remID = substring(5, 35).trim(): null

2023-01-19 19:30:58 - [TEST_STEP][PASSED] - out.println("remID: " + remID): null

2023-01-19 19:30:58 - [TEST_STEP][PASSED] - traxID = substring(35, 55).trim(): null

2023-01-19 19:30:58 - [TEST_STEP][PASSED] - out.println("traxID: " + traxID): null

2023-01-19 19:30:58 - [TEST_STEP][PASSED] - VLinkSaleRemID = remID: null

2023-01-19 19:30:58 - [TEST_STEP][PASSED] - VLinkSaleTranxID = traxID: null

2023-01-19 19:30:58 - [TEST_STEP][PASSED] - openBrowser(VLinkURL + "ACH_void.html"): Browser is opened with url: 'https://dev-algorithm.govolution.com/vlinktest/demo/version_2_0/ACH_void.html'

2023-01-19 19:30:58 - [MESSAGE][WARNING] - A browser is already opened. Closing browser and opening a new one

2023-01-19 19:30:59 - [MESSAGE][INFO] - Starting 'Chrome' driver

2023-01-19 19:30:59 - [MESSAGE][INFO] - User set preference: ['acceptInsecureCerts', 'true']

2023-01-19 19:30:59 - [MESSAGE][INFO] - Action delay is set to 0 milliseconds

2023-01-19 19:31:01 - [MESSAGE][PASSED] - Browser is opened with url: 'https://dev-algorithm.govolution.com/vlinktest/demo/version_2_0/ACH_void.html'

2023-01-19 19:31:01 - [TEST_STEP][PASSED] - maximizeWindow(): Current window maximized

2023-01-19 19:31:01 - [MESSAGE][PASSED] - Current window maximized

2023-01-19 19:31:01 - [TEST_STEP][PASSED] - setText(findTestObject("Object Repository/RecAndPlayBk/Page-Vlink-ACH-Void/input_Remittance Id"), VLinkSaleRemID): Text 'SuapoED9Oyyp' is set on object 'Object Repository/RecAndPlayBk/Page-Vlink-ACH-Void/input_Remittance Id'

2023-01-19 19:31:02 - [MESSAGE][PASSED] - Text 'SuapoED9Oyyp' is set on object 'Object Repository/RecAndPlayBk/Page-Vlink-ACH-Void/input_Remittance Id'

2023-01-19 19:31:02 - [TEST_STEP][PASSED] - setText(findTestObject("Object Repository/RecAndPlayBk/Page-Vlink-ACH-Void/input_Application Id"), appID): Text '1773' is set on object 'Object Repository/RecAndPlayBk/Page-Vlink-ACH-Void/input_Application Id'

2023-01-19 19:31:03 - [MESSAGE][PASSED] - Text '1773' is set on object 'Object Repository/RecAndPlayBk/Page-Vlink-ACH-Void/input_Application Id'

2023-01-19 19:31:03 - [TEST_STEP][PASSED] - setText(findTestObject("Object Repository/RecAndPlayBk/Page-Vlink-ACH-Void/input_Username"), username): Text 'username' is set on object 'Object Repository/RecAndPlayBk/Page-Vlink-ACH-Void/input_Username'

2023-01-19 19:31:04 - [MESSAGE][PASSED] - Text 'username' is set on object 'Object Repository/RecAndPlayBk/Page-Vlink-ACH-Void/input_Username'

2023-01-19 19:31:04 - [TEST_STEP][PASSED] - setText(findTestObject("Object Repository/RecAndPlayBk/Page-Vlink-ACH-Void/input_Password"), password): Text 'password' is set on object 'Object Repository/RecAndPlayBk/Page-Vlink-ACH-Void/input_Password'

2023-01-19 19:31:05 - [MESSAGE][PASSED] - Text 'password' is set on object 'Object Repository/RecAndPlayBk/Page-Vlink-ACH-Void/input_Password'

2023-01-19 19:31:05 - [TEST_STEP][PASSED] - setText(findTestObject("Object Repository/RecAndPlayBk/Page-Vlink-ACH-Void/input_Check Type"), checkType): Text 'P' is set on object 'Object Repository/RecAndPlayBk/Page-Vlink-ACH-Void/input_Check Type'

2023-01-19 19:31:06 - [MESSAGE][PASSED] - Text 'P' is set on object 'Object Repository/RecAndPlayBk/Page-Vlink-ACH-Void/input_Check Type'

2023-01-19 19:31:06 - [TEST_STEP][PASSED] - setText(findTestObject("Object Repository/RecAndPlayBk/Page-Vlink-ACH-Void/input_Standard Entry Class"), sec): Text 'TEL' is set on object 'Object Repository/RecAndPlayBk/Page-Vlink-ACH-Void/input_Standard Entry Class'

2023-01-19 19:31:06 - [MESSAGE][PASSED] - Text 'TEL' is set on object 'Object Repository/RecAndPlayBk/Page-Vlink-ACH-Void/input_Standard Entry Class'

2023-01-19 19:31:06 - [TEST_STEP][PASSED] - setText(findTestObject("Object Repository/RecAndPlayBk/Page-Vlink-ACH-Void/input_Transaction ID"), VLinkSaleTranxID): Text '2916682' is set on object 'Object Repository/RecAndPlayBk/Page-Vlink-ACH-Void/input_Transaction ID'

2023-01-19 19:31:07 - [MESSAGE][PASSED] - Text '2916682' is set on object 'Object Repository/RecAndPlayBk/Page-Vlink-ACH-Void/input_Transaction ID'

2023-01-19 19:31:07 - [TEST_STEP][PASSED] - setText(findTestObject("Object Repository/RecAndPlayBk/Page-Vlink-ACH-Void/input_Original Transaction Type"), "201"): Text '201' is set on object 'Object Repository/RecAndPlayBk/Page-Vlink-ACH-Void/input_Original Transaction Type'

2023-01-19 19:31:08 - [MESSAGE][PASSED] - Text '201' is set on object 'Object Repository/RecAndPlayBk/Page-Vlink-ACH-Void/input_Original Transaction Type'

2023-01-19 19:31:08 - [TEST_STEP][PASSED] - click(findTestObject("Object Repository/RecAndPlayBk/Page-Vlink-ACH-Void/input")): Object: 'Object Repository/RecAndPlayBk/Page-Vlink-ACH-Void/input' is clicked on

2023-01-19 19:31:09 - [MESSAGE][PASSED] - Object: 'Object Repository/RecAndPlayBk/Page-Vlink-ACH-Void/input' is clicked on

2023-01-19 19:31:09 - [TEST_STEP][PASSED] - if (verifyTextPresent("Transaction approved, no errors", true)): null

2023-01-19 19:31:09 - [MESSAGE][PASSED] - Text 'Transaction approved, no errors' is present on page  using regular expression

2023-01-19 19:31:09 - [TEST_STEP][PASSED] - println("Transaction Approved, no errors text is present on the Confirmation page"): null

2023-01-19 19:31:09 - [TEST_STEP][PASSED] - out.println("Pass Record Number: " + row): null

2023-01-19 19:31:09 - [TEST_STEP][PASSED] - resText = "Pass": null

2023-01-19 19:31:09 - [TEST_STEP][PASSED] - pages.WriteExcel.demoKey(resText, datText, resColumn, datCloumn, fileLoc, nameSheet, row): pages.WriteExcel.demoKey is PASSED

2023-01-19 19:31:09 - [MESSAGE][PASSED] - pages.WriteExcel.demoKey is PASSED

2023-01-19 19:31:09 - [TEST_STEP][PASSED] - ExecuteTC = findTestData(dataFile).getValue("Execute", row): null

2023-01-19 19:31:10 - [TEST_STEP][PASSED] - out.println("Value of Execute is : " + ExecuteTC): null

2023-01-19 19:31:10 - [TEST_STEP][PASSED] - switch (executionProfile): null

2023-01-19 19:31:10 - [TEST_STEP][PASSED] - case "DemoProfile":: null

2023-01-19 19:31:10 - [TEST_STEP][PASSED] - appID = findTestData(dataFile).getValue("AppIDDemo", row): null

2023-01-19 19:31:10 - [TEST_STEP][PASSED] - username = findTestData(dataFile).getValue("UsernameDemo", row): null

2023-01-19 19:31:10 - [TEST_STEP][PASSED] - password = findTestData(dataFile).getValue("PasswordDemo", row): null

2023-01-19 19:31:10 - [TEST_STEP][PASSED] - break: null

2023-01-19 19:31:10 - [TEST_STEP][PASSED] - if (ExecuteTC.equalsIgnoreCase("Y")): null

2023-01-19 19:31:10 - [TEST_STEP][PASSED] - out.println("Begin Record Number: " + row): null

2023-01-19 19:31:10 - [TEST_STEP][PASSED] - today = new java.util.Date(): null

2023-01-19 19:31:10 - [TEST_STEP][PASSED] - println(today): null

2023-01-19 19:31:10 - [TEST_STEP][PASSED] - datText = today: null

2023-01-19 19:31:10 - [TEST_STEP][PASSED] - checkType = findTestData(dataFile).getValue("CheckType", row): null

2023-01-19 19:31:10 - [TEST_STEP][PASSED] - acNumber = findTestData(dataFile).getValue("AcNumber", row): null

2023-01-19 19:31:10 - [TEST_STEP][PASSED] - company = findTestData(dataFile).getValue("Company", row): null

2023-01-19 19:31:10 - [TEST_STEP][PASSED] - acType = findTestData(dataFile).getValue("AcType", row): null

2023-01-19 19:31:10 - [TEST_STEP][PASSED] - rtn = findTestData(dataFile).getValue("RTN", row): null

2023-01-19 19:31:10 - [TEST_STEP][PASSED] - amount = findTestData(dataFile).getValue("Amount", row): null

2023-01-19 19:31:10 - [TEST_STEP][PASSED] - sec = findTestData(dataFile).getValue("SEC", row): null

2023-01-19 19:31:10 - [TEST_STEP][PASSED] - openBrowser(VLinkURL + "debit.html"): Browser is opened with url: 'https://dev-algorithm.govolution.com/vlinktest/demo/version_2_0/debit.html'

2023-01-19 19:31:10 - [MESSAGE][WARNING] - A browser is already opened. Closing browser and opening a new one

2023-01-19 19:31:11 - [MESSAGE][INFO] - Starting 'Chrome' driver

2023-01-19 19:31:11 - [MESSAGE][INFO] - User set preference: ['acceptInsecureCerts', 'true']

2023-01-19 19:31:11 - [MESSAGE][INFO] - Action delay is set to 0 milliseconds

2023-01-19 19:31:13 - [MESSAGE][PASSED] - Browser is opened with url: 'https://dev-algorithm.govolution.com/vlinktest/demo/version_2_0/debit.html'

2023-01-19 19:31:13 - [TEST_STEP][PASSED] - maximizeWindow(): Current window maximized

2023-01-19 19:31:13 - [MESSAGE][PASSED] - Current window maximized

2023-01-19 19:31:13 - [TEST_STEP][PASSED] - genRemID = RandomStringUtils.random(12, true, true): null

2023-01-19 19:31:13 - [TEST_STEP][PASSED] - setText(findTestObject("RecAndPlayBk/Page-Vlink-Debit/input_Remittance Id"), genRemID): Text '9fSyLBVLqsYv' is set on object 'Object Repository/RecAndPlayBk/Page-Vlink-Debit/input_Remittance Id'

2023-01-19 19:31:14 - [MESSAGE][PASSED] - Text '9fSyLBVLqsYv' is set on object 'Object Repository/RecAndPlayBk/Page-Vlink-Debit/input_Remittance Id'

2023-01-19 19:31:14 - [TEST_STEP][PASSED] - setText(findTestObject("RecAndPlayBk/Page-Vlink-Debit/input_Application Id"), appID): Text '1773' is set on object 'Object Repository/RecAndPlayBk/Page-Vlink-Debit/input_Application Id'

2023-01-19 19:31:15 - [MESSAGE][PASSED] - Text '1773' is set on object 'Object Repository/RecAndPlayBk/Page-Vlink-Debit/input_Application Id'

2023-01-19 19:31:15 - [TEST_STEP][PASSED] - setText(findTestObject("RecAndPlayBk/Page-Vlink-Debit/input_Username"), username): Text 'username' is set on object 'Object Repository/RecAndPlayBk/Page-Vlink-Debit/input_Username'

2023-01-19 19:31:16 - [MESSAGE][PASSED] - Text 'username' is set on object 'Object Repository/RecAndPlayBk/Page-Vlink-Debit/input_Username'

2023-01-19 19:31:16 - [TEST_STEP][PASSED] - setText(findTestObject("RecAndPlayBk/Page-Vlink-Debit/input_Password"), password): Text 'password' is set on object 'Object Repository/RecAndPlayBk/Page-Vlink-Debit/input_Password'

2023-01-19 19:31:17 - [MESSAGE][PASSED] - Text 'password' is set on object 'Object Repository/RecAndPlayBk/Page-Vlink-Debit/input_Password'

2023-01-19 19:31:17 - [TEST_STEP][PASSED] - setText(findTestObject("RecAndPlayBk/Page-Vlink-Debit/input_Check Type"), checkType): Text 'P' is set on object 'Object Repository/RecAndPlayBk/Page-Vlink-Debit/input_Check Type'

2023-01-19 19:31:18 - [MESSAGE][PASSED] - Text 'P' is set on object 'Object Repository/RecAndPlayBk/Page-Vlink-Debit/input_Check Type'

2023-01-19 19:31:18 - [TEST_STEP][PASSED] - setText(findTestObject("RecAndPlayBk/Page-Vlink-Debit/input_Account_check"), acNumber): Text '58963214' is set on object 'Object Repository/RecAndPlayBk/Page-Vlink-Debit/input_Account_check'

2023-01-19 19:31:19 - [MESSAGE][PASSED] - Text '58963214' is set on object 'Object Repository/RecAndPlayBk/Page-Vlink-Debit/input_Account_check'

2023-01-19 19:31:19 - [TEST_STEP][PASSED] - setText(findTestObject("RecAndPlayBk/Page-Vlink-Debit/input_Company_check"), company): Text '' is set on object 'Object Repository/RecAndPlayBk/Page-Vlink-Debit/input_Company_check'

2023-01-19 19:31:20 - [MESSAGE][PASSED] - Text '' is set on object 'Object Repository/RecAndPlayBk/Page-Vlink-Debit/input_Company_check'

2023-01-19 19:31:20 - [TEST_STEP][PASSED] - setText(findTestObject("RecAndPlayBk/Page-Vlink-Debit/input_Account Type"), acType): Text '2' is set on object 'Object Repository/RecAndPlayBk/Page-Vlink-Debit/input_Account Type'

2023-01-19 19:31:20 - [MESSAGE][PASSED] - Text '2' is set on object 'Object Repository/RecAndPlayBk/Page-Vlink-Debit/input_Account Type'

2023-01-19 19:31:20 - [TEST_STEP][PASSED] - setText(findTestObject("RecAndPlayBk/Page-Vlink-Debit/input_Routing Number"), rtn): Text '256072691' is set on object 'Object Repository/RecAndPlayBk/Page-Vlink-Debit/input_Routing Number'

2023-01-19 19:31:21 - [MESSAGE][PASSED] - Text '256072691' is set on object 'Object Repository/RecAndPlayBk/Page-Vlink-Debit/input_Routing Number'

2023-01-19 19:31:21 - [TEST_STEP][PASSED] - setText(findTestObject("RecAndPlayBk/Page-Vlink-Debit/input_Amount"), amount): Text '12.50' is set on object 'Object Repository/RecAndPlayBk/Page-Vlink-Debit/input_Amount'

2023-01-19 19:31:22 - [MESSAGE][PASSED] - Text '12.50' is set on object 'Object Repository/RecAndPlayBk/Page-Vlink-Debit/input_Amount'

2023-01-19 19:31:22 - [TEST_STEP][PASSED] - setText(findTestObject("RecAndPlayBk/Page-Vlink-Debit/input_Check Email"), ""): Text '' is set on object 'Object Repository/RecAndPlayBk/Page-Vlink-Debit/input_Check Email'

2023-01-19 19:31:23 - [MESSAGE][PASSED] - Text '' is set on object 'Object Repository/RecAndPlayBk/Page-Vlink-Debit/input_Check Email'

2023-01-19 19:31:23 - [TEST_STEP][PASSED] - setText(findTestObject("Object Repository/RecAndPlayBk/Page-Vlink-Debit/input_concat(CheckWriter, , s SSN)_check_ssn"), ""): Text '' is set on object 'Object Repository/RecAndPlayBk/Page-Vlink-Debit/input_concat(CheckWriter, , s SSN)_check_ssn'

2023-01-19 19:31:24 - [MESSAGE][PASSED] - Text '' is set on object 'Object Repository/RecAndPlayBk/Page-Vlink-Debit/input_concat(CheckWriter, , s SSN)_check_ssn'

2023-01-19 19:31:24 - [TEST_STEP][PASSED] - setText(findTestObject("Object Repository/RecAndPlayBk/Page-Vlink-Debit/input_concat(CheckWriter, , s License Numbe_020fef"), ""): Text '' is set on object 'Object Repository/RecAndPlayBk/Page-Vlink-Debit/input_concat(CheckWriter, , s License Numbe_020fef'

2023-01-19 19:31:24 - [MESSAGE][PASSED] - Text '' is set on object 'Object Repository/RecAndPlayBk/Page-Vlink-Debit/input_concat(CheckWriter, , s License Numbe_020fef'

2023-01-19 19:31:24 - [TEST_STEP][PASSED] - setText(findTestObject("Object Repository/RecAndPlayBk/Page-Vlink-Debit/input_concat(CheckWriter, , s License State_21e3e7"), ""): Text '' is set on object 'Object Repository/RecAndPlayBk/Page-Vlink-Debit/input_concat(CheckWriter, , s License State_21e3e7'

2023-01-19 19:31:25 - [MESSAGE][PASSED] - Text '' is set on object 'Object Repository/RecAndPlayBk/Page-Vlink-Debit/input_concat(CheckWriter, , s License State_21e3e7'

2023-01-19 19:31:25 - [TEST_STEP][PASSED] - setText(findTestObject("RecAndPlayBk/Page-Vlink-Debit/input_Standard Entry Class"), sec): Text 'PPD' is set on object 'Object Repository/RecAndPlayBk/Page-Vlink-Debit/input_Standard Entry Class'

2023-01-19 19:31:26 - [MESSAGE][PASSED] - Text 'PPD' is set on object 'Object Repository/RecAndPlayBk/Page-Vlink-Debit/input_Standard Entry Class'

2023-01-19 19:31:26 - [TEST_STEP][PASSED] - click(findTestObject("Object Repository/RecAndPlayBk/Page-Vlink-Debit/input")): Object: 'Object Repository/RecAndPlayBk/Page-Vlink-Debit/input' is clicked on

2023-01-19 19:31:27 - [MESSAGE][PASSED] - Object: 'Object Repository/RecAndPlayBk/Page-Vlink-Debit/input' is clicked on

2023-01-19 19:31:27 - [TEST_STEP][PASSED] - if (verifyTextPresent("Transaction approved, no errors", true)): null

2023-01-19 19:31:27 - [MESSAGE][PASSED] - Text 'Transaction approved, no errors' is present on page  using regular expression

2023-01-19 19:31:27 - [TEST_STEP][PASSED] - println("Transaction Approved, no errors text is present on the Confirmation page"): null

2023-01-19 19:31:27 - [TEST_STEP][PASSED] - sdfo = getText(findTestObject("Object Repository/Page_VLinkReceipt/pre_STX")): Text of object 'Object Repository/Page_VLinkReceipt/pre_STX' is: '<STX>9fSyLBVLqsYv                  2916684             0  Transaction approved, no errors                   0                                                                                                              <ETX>'

2023-01-19 19:31:28 - [MESSAGE][PASSED] - Text of object 'Object Repository/Page_VLinkReceipt/pre_STX' is: '<STX>9fSyLBVLqsYv                  2916684             0  Transaction approved, no errors                   0                                                                                                              <ETX>'

2023-01-19 19:31:28 - [TEST_STEP][PASSED] - out.println("sdfo: " + sdfo): null

2023-01-19 19:31:28 - [TEST_STEP][PASSED] - remID = substring(5, 35).trim(): null

2023-01-19 19:31:28 - [TEST_STEP][PASSED] - out.println("remID: " + remID): null

2023-01-19 19:31:28 - [TEST_STEP][PASSED] - traxID = substring(35, 55).trim(): null

2023-01-19 19:31:28 - [TEST_STEP][PASSED] - out.println("traxID: " + traxID): null

2023-01-19 19:31:28 - [TEST_STEP][PASSED] - VLinkSaleRemID = remID: null

2023-01-19 19:31:28 - [TEST_STEP][PASSED] - VLinkSaleTranxID = traxID: null

2023-01-19 19:31:28 - [TEST_STEP][PASSED] - openBrowser(VLinkURL + "ACH_credit.html"): Browser is opened with url: 'https://dev-algorithm.govolution.com/vlinktest/demo/version_2_0/ACH_credit.html'

2023-01-19 19:31:28 - [MESSAGE][WARNING] - A browser is already opened. Closing browser and opening a new one

2023-01-19 19:31:29 - [MESSAGE][INFO] - Starting 'Chrome' driver

2023-01-19 19:31:29 - [MESSAGE][INFO] - User set preference: ['acceptInsecureCerts', 'true']

2023-01-19 19:31:29 - [MESSAGE][INFO] - Action delay is set to 0 milliseconds

2023-01-19 19:31:31 - [MESSAGE][PASSED] - Browser is opened with url: 'https://dev-algorithm.govolution.com/vlinktest/demo/version_2_0/ACH_credit.html'

2023-01-19 19:31:31 - [TEST_STEP][PASSED] - maximizeWindow(): Current window maximized

2023-01-19 19:31:31 - [MESSAGE][PASSED] - Current window maximized

2023-01-19 19:31:31 - [TEST_STEP][PASSED] - setText(findTestObject("Object Repository/RecAndPlayBk/Page-Vlink-ACH-Credit/input_Remittance Id"), VLinkSaleRemID): Text '9fSyLBVLqsYv' is set on object 'Object Repository/RecAndPlayBk/Page-Vlink-ACH-Credit/input_Remittance Id'

2023-01-19 19:31:32 - [MESSAGE][PASSED] - Text '9fSyLBVLqsYv' is set on object 'Object Repository/RecAndPlayBk/Page-Vlink-ACH-Credit/input_Remittance Id'

2023-01-19 19:31:32 - [TEST_STEP][PASSED] - setText(findTestObject("Object Repository/RecAndPlayBk/Page-Vlink-ACH-Credit/input_Application Id"), appID): Text '1773' is set on object 'Object Repository/RecAndPlayBk/Page-Vlink-ACH-Credit/input_Application Id'

2023-01-19 19:31:32 - [MESSAGE][PASSED] - Text '1773' is set on object 'Object Repository/RecAndPlayBk/Page-Vlink-ACH-Credit/input_Application Id'

2023-01-19 19:31:32 - [TEST_STEP][PASSED] - setText(findTestObject("Object Repository/RecAndPlayBk/Page-Vlink-ACH-Credit/input_Username"), username): Text 'username' is set on object 'Object Repository/RecAndPlayBk/Page-Vlink-ACH-Credit/input_Username'

2023-01-19 19:31:33 - [MESSAGE][PASSED] - Text 'username' is set on object 'Object Repository/RecAndPlayBk/Page-Vlink-ACH-Credit/input_Username'

2023-01-19 19:31:33 - [TEST_STEP][PASSED] - setText(findTestObject("Object Repository/RecAndPlayBk/Page-Vlink-ACH-Credit/input_Password"), password): Text 'password' is set on object 'Object Repository/RecAndPlayBk/Page-Vlink-ACH-Credit/input_Password'

2023-01-19 19:31:34 - [MESSAGE][PASSED] - Text 'password' is set on object 'Object Repository/RecAndPlayBk/Page-Vlink-ACH-Credit/input_Password'

2023-01-19 19:31:34 - [TEST_STEP][PASSED] - setText(findTestObject("Object Repository/RecAndPlayBk/Page-Vlink-ACH-Credit/input_Check Type"), checkType): Text 'P' is set on object 'Object Repository/RecAndPlayBk/Page-Vlink-ACH-Credit/input_Check Type'

2023-01-19 19:31:35 - [MESSAGE][PASSED] - Text 'P' is set on object 'Object Repository/RecAndPlayBk/Page-Vlink-ACH-Credit/input_Check Type'

2023-01-19 19:31:35 - [TEST_STEP][PASSED] - setText(findTestObject("Object Repository/RecAndPlayBk/Page-Vlink-ACH-Credit/input_Transaction ID"), VLinkSaleTranxID): Text '2916684' is set on object 'Object Repository/RecAndPlayBk/Page-Vlink-ACH-Credit/input_Transaction ID'

2023-01-19 19:31:36 - [MESSAGE][PASSED] - Text '2916684' is set on object 'Object Repository/RecAndPlayBk/Page-Vlink-ACH-Credit/input_Transaction ID'

2023-01-19 19:31:36 - [TEST_STEP][PASSED] - setText(findTestObject("Object Repository/RecAndPlayBk/Page-Vlink-ACH-Credit/input_Amount"), amount): Text '12.50' is set on object 'Object Repository/RecAndPlayBk/Page-Vlink-ACH-Credit/input_Amount'

2023-01-19 19:31:37 - [MESSAGE][PASSED] - Text '12.50' is set on object 'Object Repository/RecAndPlayBk/Page-Vlink-ACH-Credit/input_Amount'

2023-01-19 19:31:37 - [TEST_STEP][PASSED] - setText(findTestObject("Object Repository/RecAndPlayBk/Page-Vlink-ACH-Credit/input_Standard Entry Class"), sec): Text 'PPD' is set on object 'Object Repository/RecAndPlayBk/Page-Vlink-ACH-Credit/input_Standard Entry Class'

2023-01-19 19:31:38 - [MESSAGE][PASSED] - Text 'PPD' is set on object 'Object Repository/RecAndPlayBk/Page-Vlink-ACH-Credit/input_Standard Entry Class'

2023-01-19 19:31:38 - [TEST_STEP][PASSED] - setText(findTestObject("Object Repository/RecAndPlayBk/Page-Vlink-ACH-Credit/input_Account Number"), acNumber): Text '58963214' is set on object 'Object Repository/RecAndPlayBk/Page-Vlink-ACH-Credit/input_Account Number'

2023-01-19 19:31:39 - [MESSAGE][PASSED] - Text '58963214' is set on object 'Object Repository/RecAndPlayBk/Page-Vlink-ACH-Credit/input_Account Number'

2023-01-19 19:31:39 - [TEST_STEP][PASSED] - setText(findTestObject("Object Repository/RecAndPlayBk/Page-Vlink-ACH-Credit/input_Routing Number"), rtn): Text '256072691' is set on object 'Object Repository/RecAndPlayBk/Page-Vlink-ACH-Credit/input_Routing Number'

2023-01-19 19:31:40 - [MESSAGE][PASSED] - Text '256072691' is set on object 'Object Repository/RecAndPlayBk/Page-Vlink-ACH-Credit/input_Routing Number'

2023-01-19 19:31:40 - [TEST_STEP][PASSED] - click(findTestObject("Object Repository/RecAndPlayBk/Page-Vlink-ACH-Credit/input")): Object: 'Object Repository/RecAndPlayBk/Page-Vlink-ACH-Credit/input' is clicked on

2023-01-19 19:31:42 - [MESSAGE][PASSED] - Object: 'Object Repository/RecAndPlayBk/Page-Vlink-ACH-Credit/input' is clicked on

2023-01-19 19:31:42 - [TEST_STEP][PASSED] - if (verifyTextPresent("Transaction approved, no errors", true)): null

2023-01-19 19:31:42 - [MESSAGE][PASSED] - Text 'Transaction approved, no errors' is present on page  using regular expression

2023-01-19 19:31:42 - [TEST_STEP][PASSED] - println("Transaction Approved, no errors text is present on the Confirmation page"): null

2023-01-19 19:31:42 - [TEST_STEP][PASSED] - sdfo = getText(findTestObject("Object Repository/Page_VLinkReceipt/pre_STX")): Text of object 'Object Repository/Page_VLinkReceipt/pre_STX' is: '<STX>9fSyLBVLqsYv                  2916685             0  Transaction approved, no errors                   0                                                                                                              <ETX>'

2023-01-19 19:31:42 - [MESSAGE][PASSED] - Text of object 'Object Repository/Page_VLinkReceipt/pre_STX' is: '<STX>9fSyLBVLqsYv                  2916685             0  Transaction approved, no errors                   0                                                                                                              <ETX>'

2023-01-19 19:31:42 - [TEST_STEP][PASSED] - out.println("sdfo: " + sdfo): null

2023-01-19 19:31:42 - [TEST_STEP][PASSED] - remID = substring(5, 35).trim(): null

2023-01-19 19:31:42 - [TEST_STEP][PASSED] - out.println("remID: " + remID): null

2023-01-19 19:31:42 - [TEST_STEP][PASSED] - traxID = substring(35, 55).trim(): null

2023-01-19 19:31:42 - [TEST_STEP][PASSED] - out.println("traxID: " + traxID): null

2023-01-19 19:31:42 - [TEST_STEP][PASSED] - VLinkSaleRemID = remID: null

2023-01-19 19:31:42 - [TEST_STEP][PASSED] - VLinkSaleTranxID = traxID: null

2023-01-19 19:31:42 - [TEST_STEP][PASSED] - openBrowser(VLinkURL + "ACH_void.html"): Browser is opened with url: 'https://dev-algorithm.govolution.com/vlinktest/demo/version_2_0/ACH_void.html'

2023-01-19 19:31:42 - [MESSAGE][WARNING] - A browser is already opened. Closing browser and opening a new one

2023-01-19 19:31:43 - [MESSAGE][INFO] - Starting 'Chrome' driver

2023-01-19 19:31:43 - [MESSAGE][INFO] - User set preference: ['acceptInsecureCerts', 'true']

2023-01-19 19:31:43 - [MESSAGE][INFO] - Action delay is set to 0 milliseconds

2023-01-19 19:31:45 - [MESSAGE][PASSED] - Browser is opened with url: 'https://dev-algorithm.govolution.com/vlinktest/demo/version_2_0/ACH_void.html'

2023-01-19 19:31:45 - [TEST_STEP][PASSED] - maximizeWindow(): Current window maximized

2023-01-19 19:31:45 - [MESSAGE][PASSED] - Current window maximized

2023-01-19 19:31:45 - [TEST_STEP][PASSED] - setText(findTestObject("Object Repository/RecAndPlayBk/Page-Vlink-ACH-Void/input_Remittance Id"), VLinkSaleRemID): Text '9fSyLBVLqsYv' is set on object 'Object Repository/RecAndPlayBk/Page-Vlink-ACH-Void/input_Remittance Id'

2023-01-19 19:31:46 - [MESSAGE][PASSED] - Text '9fSyLBVLqsYv' is set on object 'Object Repository/RecAndPlayBk/Page-Vlink-ACH-Void/input_Remittance Id'

2023-01-19 19:31:46 - [TEST_STEP][PASSED] - setText(findTestObject("Object Repository/RecAndPlayBk/Page-Vlink-ACH-Void/input_Application Id"), appID): Text '1773' is set on object 'Object Repository/RecAndPlayBk/Page-Vlink-ACH-Void/input_Application Id'

2023-01-19 19:31:47 - [MESSAGE][PASSED] - Text '1773' is set on object 'Object Repository/RecAndPlayBk/Page-Vlink-ACH-Void/input_Application Id'

2023-01-19 19:31:47 - [TEST_STEP][PASSED] - setText(findTestObject("Object Repository/RecAndPlayBk/Page-Vlink-ACH-Void/input_Username"), username): Text 'username' is set on object 'Object Repository/RecAndPlayBk/Page-Vlink-ACH-Void/input_Username'

2023-01-19 19:31:48 - [MESSAGE][PASSED] - Text 'username' is set on object 'Object Repository/RecAndPlayBk/Page-Vlink-ACH-Void/input_Username'

2023-01-19 19:31:48 - [TEST_STEP][PASSED] - setText(findTestObject("Object Repository/RecAndPlayBk/Page-Vlink-ACH-Void/input_Password"), password): Text 'password' is set on object 'Object Repository/RecAndPlayBk/Page-Vlink-ACH-Void/input_Password'

2023-01-19 19:31:49 - [MESSAGE][PASSED] - Text 'password' is set on object 'Object Repository/RecAndPlayBk/Page-Vlink-ACH-Void/input_Password'

2023-01-19 19:31:49 - [TEST_STEP][PASSED] - setText(findTestObject("Object Repository/RecAndPlayBk/Page-Vlink-ACH-Void/input_Check Type"), checkType): Text 'P' is set on object 'Object Repository/RecAndPlayBk/Page-Vlink-ACH-Void/input_Check Type'

2023-01-19 19:31:50 - [MESSAGE][PASSED] - Text 'P' is set on object 'Object Repository/RecAndPlayBk/Page-Vlink-ACH-Void/input_Check Type'

2023-01-19 19:31:50 - [TEST_STEP][PASSED] - setText(findTestObject("Object Repository/RecAndPlayBk/Page-Vlink-ACH-Void/input_Standard Entry Class"), sec): Text 'PPD' is set on object 'Object Repository/RecAndPlayBk/Page-Vlink-ACH-Void/input_Standard Entry Class'

2023-01-19 19:31:50 - [MESSAGE][PASSED] - Text 'PPD' is set on object 'Object Repository/RecAndPlayBk/Page-Vlink-ACH-Void/input_Standard Entry Class'

2023-01-19 19:31:50 - [TEST_STEP][PASSED] - setText(findTestObject("Object Repository/RecAndPlayBk/Page-Vlink-ACH-Void/input_Transaction ID"), VLinkSaleTranxID): Text '2916685' is set on object 'Object Repository/RecAndPlayBk/Page-Vlink-ACH-Void/input_Transaction ID'

2023-01-19 19:31:51 - [MESSAGE][PASSED] - Text '2916685' is set on object 'Object Repository/RecAndPlayBk/Page-Vlink-ACH-Void/input_Transaction ID'

2023-01-19 19:31:51 - [TEST_STEP][PASSED] - setText(findTestObject("Object Repository/RecAndPlayBk/Page-Vlink-ACH-Void/input_Original Transaction Type"), "201"): Text '201' is set on object 'Object Repository/RecAndPlayBk/Page-Vlink-ACH-Void/input_Original Transaction Type'

2023-01-19 19:31:52 - [MESSAGE][PASSED] - Text '201' is set on object 'Object Repository/RecAndPlayBk/Page-Vlink-ACH-Void/input_Original Transaction Type'

2023-01-19 19:31:52 - [TEST_STEP][PASSED] - click(findTestObject("Object Repository/RecAndPlayBk/Page-Vlink-ACH-Void/input")): Object: 'Object Repository/RecAndPlayBk/Page-Vlink-ACH-Void/input' is clicked on

2023-01-19 19:31:53 - [MESSAGE][PASSED] - Object: 'Object Repository/RecAndPlayBk/Page-Vlink-ACH-Void/input' is clicked on

2023-01-19 19:31:53 - [TEST_STEP][PASSED] - if (verifyTextPresent("Transaction approved, no errors", true)): null

2023-01-19 19:31:53 - [MESSAGE][PASSED] - Text 'Transaction approved, no errors' is present on page  using regular expression

2023-01-19 19:31:53 - [TEST_STEP][PASSED] - println("Transaction Approved, no errors text is present on the Confirmation page"): null

2023-01-19 19:31:53 - [TEST_STEP][PASSED] - out.println("Pass Record Number: " + row): null

2023-01-19 19:31:53 - [TEST_STEP][PASSED] - resText = "Pass": null

2023-01-19 19:31:53 - [TEST_STEP][PASSED] - pages.WriteExcel.demoKey(resText, datText, resColumn, datCloumn, fileLoc, nameSheet, row): pages.WriteExcel.demoKey is PASSED

2023-01-19 19:31:53 - [MESSAGE][PASSED] - pages.WriteExcel.demoKey is PASSED

2023-01-19 19:31:53 - [TEST_STEP][PASSED] - ExecuteTC = findTestData(dataFile).getValue("Execute", row): null

2023-01-19 19:31:54 - [TEST_STEP][PASSED] - out.println("Value of Execute is : " + ExecuteTC): null

2023-01-19 19:31:54 - [TEST_STEP][PASSED] - switch (executionProfile): null

2023-01-19 19:31:54 - [TEST_STEP][PASSED] - case "DemoProfile":: null

2023-01-19 19:31:54 - [TEST_STEP][PASSED] - appID = findTestData(dataFile).getValue("AppIDDemo", row): null

2023-01-19 19:31:54 - [TEST_STEP][PASSED] - username = findTestData(dataFile).getValue("UsernameDemo", row): null

2023-01-19 19:31:54 - [TEST_STEP][PASSED] - password = findTestData(dataFile).getValue("PasswordDemo", row): null

2023-01-19 19:31:54 - [TEST_STEP][PASSED] - break: null

2023-01-19 19:31:54 - [TEST_STEP][PASSED] - if (ExecuteTC.equalsIgnoreCase("Y")): null

2023-01-19 19:31:54 - [TEST_STEP][PASSED] - out.println("Begin Record Number: " + row): null

2023-01-19 19:31:54 - [TEST_STEP][PASSED] - today = new java.util.Date(): null

2023-01-19 19:31:54 - [TEST_STEP][PASSED] - println(today): null

2023-01-19 19:31:54 - [TEST_STEP][PASSED] - datText = today: null

2023-01-19 19:31:54 - [TEST_STEP][PASSED] - checkType = findTestData(dataFile).getValue("CheckType", row): null

2023-01-19 19:31:54 - [TEST_STEP][PASSED] - acNumber = findTestData(dataFile).getValue("AcNumber", row): null

2023-01-19 19:31:54 - [TEST_STEP][PASSED] - company = findTestData(dataFile).getValue("Company", row): null

2023-01-19 19:31:54 - [TEST_STEP][PASSED] - acType = findTestData(dataFile).getValue("AcType", row): null

2023-01-19 19:31:54 - [TEST_STEP][PASSED] - rtn = findTestData(dataFile).getValue("RTN", row): null

2023-01-19 19:31:54 - [TEST_STEP][PASSED] - amount = findTestData(dataFile).getValue("Amount", row): null

2023-01-19 19:31:54 - [TEST_STEP][PASSED] - sec = findTestData(dataFile).getValue("SEC", row): null

2023-01-19 19:31:54 - [TEST_STEP][PASSED] - openBrowser(VLinkURL + "debit.html"): Browser is opened with url: 'https://dev-algorithm.govolution.com/vlinktest/demo/version_2_0/debit.html'

2023-01-19 19:31:54 - [MESSAGE][WARNING] - A browser is already opened. Closing browser and opening a new one

2023-01-19 19:31:55 - [MESSAGE][INFO] - Starting 'Chrome' driver

2023-01-19 19:31:55 - [MESSAGE][INFO] - User set preference: ['acceptInsecureCerts', 'true']

2023-01-19 19:31:55 - [MESSAGE][INFO] - Action delay is set to 0 milliseconds

2023-01-19 19:31:57 - [MESSAGE][PASSED] - Browser is opened with url: 'https://dev-algorithm.govolution.com/vlinktest/demo/version_2_0/debit.html'

2023-01-19 19:31:57 - [TEST_STEP][PASSED] - maximizeWindow(): Current window maximized

2023-01-19 19:31:57 - [MESSAGE][PASSED] - Current window maximized

2023-01-19 19:31:57 - [TEST_STEP][PASSED] - genRemID = RandomStringUtils.random(12, true, true): null

2023-01-19 19:31:57 - [TEST_STEP][PASSED] - setText(findTestObject("RecAndPlayBk/Page-Vlink-Debit/input_Remittance Id"), genRemID): Text 'eDpNtH094pmC' is set on object 'Object Repository/RecAndPlayBk/Page-Vlink-Debit/input_Remittance Id'

2023-01-19 19:31:58 - [MESSAGE][PASSED] - Text 'eDpNtH094pmC' is set on object 'Object Repository/RecAndPlayBk/Page-Vlink-Debit/input_Remittance Id'

2023-01-19 19:31:58 - [TEST_STEP][PASSED] - setText(findTestObject("RecAndPlayBk/Page-Vlink-Debit/input_Application Id"), appID): Text '1773' is set on object 'Object Repository/RecAndPlayBk/Page-Vlink-Debit/input_Application Id'

2023-01-19 19:31:59 - [MESSAGE][PASSED] - Text '1773' is set on object 'Object Repository/RecAndPlayBk/Page-Vlink-Debit/input_Application Id'

2023-01-19 19:31:59 - [TEST_STEP][PASSED] - setText(findTestObject("RecAndPlayBk/Page-Vlink-Debit/input_Username"), username): Text 'username' is set on object 'Object Repository/RecAndPlayBk/Page-Vlink-Debit/input_Username'

2023-01-19 19:31:59 - [MESSAGE][PASSED] - Text 'username' is set on object 'Object Repository/RecAndPlayBk/Page-Vlink-Debit/input_Username'

2023-01-19 19:31:59 - [TEST_STEP][PASSED] - setText(findTestObject("RecAndPlayBk/Page-Vlink-Debit/input_Password"), password): Text 'password' is set on object 'Object Repository/RecAndPlayBk/Page-Vlink-Debit/input_Password'

2023-01-19 19:32:00 - [MESSAGE][PASSED] - Text 'password' is set on object 'Object Repository/RecAndPlayBk/Page-Vlink-Debit/input_Password'

2023-01-19 19:32:00 - [TEST_STEP][PASSED] - setText(findTestObject("RecAndPlayBk/Page-Vlink-Debit/input_Check Type"), checkType): Text 'C' is set on object 'Object Repository/RecAndPlayBk/Page-Vlink-Debit/input_Check Type'

2023-01-19 19:32:01 - [MESSAGE][PASSED] - Text 'C' is set on object 'Object Repository/RecAndPlayBk/Page-Vlink-Debit/input_Check Type'

2023-01-19 19:32:01 - [TEST_STEP][PASSED] - setText(findTestObject("RecAndPlayBk/Page-Vlink-Debit/input_Account_check"), acNumber): Text '58963214' is set on object 'Object Repository/RecAndPlayBk/Page-Vlink-Debit/input_Account_check'

2023-01-19 19:32:02 - [MESSAGE][PASSED] - Text '58963214' is set on object 'Object Repository/RecAndPlayBk/Page-Vlink-Debit/input_Account_check'

2023-01-19 19:32:02 - [TEST_STEP][PASSED] - setText(findTestObject("RecAndPlayBk/Page-Vlink-Debit/input_Company_check"), company): Text 'My Company' is set on object 'Object Repository/RecAndPlayBk/Page-Vlink-Debit/input_Company_check'

2023-01-19 19:32:03 - [MESSAGE][PASSED] - Text 'My Company' is set on object 'Object Repository/RecAndPlayBk/Page-Vlink-Debit/input_Company_check'

2023-01-19 19:32:03 - [TEST_STEP][PASSED] - setText(findTestObject("RecAndPlayBk/Page-Vlink-Debit/input_Account Type"), acType): Text '' is set on object 'Object Repository/RecAndPlayBk/Page-Vlink-Debit/input_Account Type'

2023-01-19 19:32:04 - [MESSAGE][PASSED] - Text '' is set on object 'Object Repository/RecAndPlayBk/Page-Vlink-Debit/input_Account Type'

2023-01-19 19:32:04 - [TEST_STEP][PASSED] - setText(findTestObject("RecAndPlayBk/Page-Vlink-Debit/input_Routing Number"), rtn): Text '256072691' is set on object 'Object Repository/RecAndPlayBk/Page-Vlink-Debit/input_Routing Number'

2023-01-19 19:32:05 - [MESSAGE][PASSED] - Text '256072691' is set on object 'Object Repository/RecAndPlayBk/Page-Vlink-Debit/input_Routing Number'

2023-01-19 19:32:05 - [TEST_STEP][PASSED] - setText(findTestObject("RecAndPlayBk/Page-Vlink-Debit/input_Amount"), amount): Text '12.50' is set on object 'Object Repository/RecAndPlayBk/Page-Vlink-Debit/input_Amount'

2023-01-19 19:32:06 - [MESSAGE][PASSED] - Text '12.50' is set on object 'Object Repository/RecAndPlayBk/Page-Vlink-Debit/input_Amount'

2023-01-19 19:32:06 - [TEST_STEP][PASSED] - setText(findTestObject("RecAndPlayBk/Page-Vlink-Debit/input_Check Email"), ""): Text '' is set on object 'Object Repository/RecAndPlayBk/Page-Vlink-Debit/input_Check Email'

2023-01-19 19:32:06 - [MESSAGE][PASSED] - Text '' is set on object 'Object Repository/RecAndPlayBk/Page-Vlink-Debit/input_Check Email'

2023-01-19 19:32:06 - [TEST_STEP][PASSED] - setText(findTestObject("Object Repository/RecAndPlayBk/Page-Vlink-Debit/input_concat(CheckWriter, , s SSN)_check_ssn"), ""): Text '' is set on object 'Object Repository/RecAndPlayBk/Page-Vlink-Debit/input_concat(CheckWriter, , s SSN)_check_ssn'

2023-01-19 19:32:07 - [MESSAGE][PASSED] - Text '' is set on object 'Object Repository/RecAndPlayBk/Page-Vlink-Debit/input_concat(CheckWriter, , s SSN)_check_ssn'

2023-01-19 19:32:07 - [TEST_STEP][PASSED] - setText(findTestObject("Object Repository/RecAndPlayBk/Page-Vlink-Debit/input_concat(CheckWriter, , s License Numbe_020fef"), ""): Text '' is set on object 'Object Repository/RecAndPlayBk/Page-Vlink-Debit/input_concat(CheckWriter, , s License Numbe_020fef'

2023-01-19 19:32:08 - [MESSAGE][PASSED] - Text '' is set on object 'Object Repository/RecAndPlayBk/Page-Vlink-Debit/input_concat(CheckWriter, , s License Numbe_020fef'

2023-01-19 19:32:08 - [TEST_STEP][PASSED] - setText(findTestObject("Object Repository/RecAndPlayBk/Page-Vlink-Debit/input_concat(CheckWriter, , s License State_21e3e7"), ""): Text '' is set on object 'Object Repository/RecAndPlayBk/Page-Vlink-Debit/input_concat(CheckWriter, , s License State_21e3e7'

2023-01-19 19:32:09 - [MESSAGE][PASSED] - Text '' is set on object 'Object Repository/RecAndPlayBk/Page-Vlink-Debit/input_concat(CheckWriter, , s License State_21e3e7'

2023-01-19 19:32:09 - [TEST_STEP][PASSED] - setText(findTestObject("RecAndPlayBk/Page-Vlink-Debit/input_Standard Entry Class"), sec): Text 'CCD' is set on object 'Object Repository/RecAndPlayBk/Page-Vlink-Debit/input_Standard Entry Class'

2023-01-19 19:32:10 - [MESSAGE][PASSED] - Text 'CCD' is set on object 'Object Repository/RecAndPlayBk/Page-Vlink-Debit/input_Standard Entry Class'

2023-01-19 19:32:10 - [TEST_STEP][PASSED] - click(findTestObject("Object Repository/RecAndPlayBk/Page-Vlink-Debit/input")): Object: 'Object Repository/RecAndPlayBk/Page-Vlink-Debit/input' is clicked on

2023-01-19 19:32:11 - [MESSAGE][PASSED] - Object: 'Object Repository/RecAndPlayBk/Page-Vlink-Debit/input' is clicked on

2023-01-19 19:32:11 - [TEST_STEP][PASSED] - if (verifyTextPresent("Transaction approved, no errors", true)): null

2023-01-19 19:32:11 - [MESSAGE][PASSED] - Text 'Transaction approved, no errors' is present on page  using regular expression

2023-01-19 19:32:11 - [TEST_STEP][PASSED] - println("Transaction Approved, no errors text is present on the Confirmation page"): null

2023-01-19 19:32:11 - [TEST_STEP][PASSED] - sdfo = getText(findTestObject("Object Repository/Page_VLinkReceipt/pre_STX")): Text of object 'Object Repository/Page_VLinkReceipt/pre_STX' is: '<STX>eDpNtH094pmC                  2916687             0  Transaction approved, no errors                   0                                                                                                              <ETX>'

2023-01-19 19:32:11 - [MESSAGE][PASSED] - Text of object 'Object Repository/Page_VLinkReceipt/pre_STX' is: '<STX>eDpNtH094pmC                  2916687             0  Transaction approved, no errors                   0                                                                                                              <ETX>'

2023-01-19 19:32:11 - [TEST_STEP][PASSED] - out.println("sdfo: " + sdfo): null

2023-01-19 19:32:11 - [TEST_STEP][PASSED] - remID = substring(5, 35).trim(): null

2023-01-19 19:32:11 - [TEST_STEP][PASSED] - out.println("remID: " + remID): null

2023-01-19 19:32:11 - [TEST_STEP][PASSED] - traxID = substring(35, 55).trim(): null

2023-01-19 19:32:11 - [TEST_STEP][PASSED] - out.println("traxID: " + traxID): null

2023-01-19 19:32:11 - [TEST_STEP][PASSED] - VLinkSaleRemID = remID: null

2023-01-19 19:32:11 - [TEST_STEP][PASSED] - VLinkSaleTranxID = traxID: null

2023-01-19 19:32:11 - [TEST_STEP][PASSED] - openBrowser(VLinkURL + "ACH_credit.html"): Browser is opened with url: 'https://dev-algorithm.govolution.com/vlinktest/demo/version_2_0/ACH_credit.html'

2023-01-19 19:32:11 - [MESSAGE][WARNING] - A browser is already opened. Closing browser and opening a new one

2023-01-19 19:32:12 - [MESSAGE][INFO] - Starting 'Chrome' driver

2023-01-19 19:32:12 - [MESSAGE][INFO] - User set preference: ['acceptInsecureCerts', 'true']

2023-01-19 19:32:12 - [MESSAGE][INFO] - Action delay is set to 0 milliseconds

2023-01-19 19:32:14 - [MESSAGE][PASSED] - Browser is opened with url: 'https://dev-algorithm.govolution.com/vlinktest/demo/version_2_0/ACH_credit.html'

2023-01-19 19:32:14 - [TEST_STEP][PASSED] - maximizeWindow(): Current window maximized

2023-01-19 19:32:14 - [MESSAGE][PASSED] - Current window maximized

2023-01-19 19:32:14 - [TEST_STEP][PASSED] - setText(findTestObject("Object Repository/RecAndPlayBk/Page-Vlink-ACH-Credit/input_Remittance Id"), VLinkSaleRemID): Text 'eDpNtH094pmC' is set on object 'Object Repository/RecAndPlayBk/Page-Vlink-ACH-Credit/input_Remittance Id'

2023-01-19 19:32:15 - [MESSAGE][PASSED] - Text 'eDpNtH094pmC' is set on object 'Object Repository/RecAndPlayBk/Page-Vlink-ACH-Credit/input_Remittance Id'

2023-01-19 19:32:15 - [TEST_STEP][PASSED] - setText(findTestObject("Object Repository/RecAndPlayBk/Page-Vlink-ACH-Credit/input_Application Id"), appID): Text '1773' is set on object 'Object Repository/RecAndPlayBk/Page-Vlink-ACH-Credit/input_Application Id'

2023-01-19 19:32:16 - [MESSAGE][PASSED] - Text '1773' is set on object 'Object Repository/RecAndPlayBk/Page-Vlink-ACH-Credit/input_Application Id'

2023-01-19 19:32:16 - [TEST_STEP][PASSED] - setText(findTestObject("Object Repository/RecAndPlayBk/Page-Vlink-ACH-Credit/input_Username"), username): Text 'username' is set on object 'Object Repository/RecAndPlayBk/Page-Vlink-ACH-Credit/input_Username'

2023-01-19 19:32:16 - [MESSAGE][PASSED] - Text 'username' is set on object 'Object Repository/RecAndPlayBk/Page-Vlink-ACH-Credit/input_Username'

2023-01-19 19:32:16 - [TEST_STEP][PASSED] - setText(findTestObject("Object Repository/RecAndPlayBk/Page-Vlink-ACH-Credit/input_Password"), password): Text 'password' is set on object 'Object Repository/RecAndPlayBk/Page-Vlink-ACH-Credit/input_Password'

2023-01-19 19:32:17 - [MESSAGE][PASSED] - Text 'password' is set on object 'Object Repository/RecAndPlayBk/Page-Vlink-ACH-Credit/input_Password'

2023-01-19 19:32:17 - [TEST_STEP][PASSED] - setText(findTestObject("Object Repository/RecAndPlayBk/Page-Vlink-ACH-Credit/input_Check Type"), checkType): Text 'C' is set on object 'Object Repository/RecAndPlayBk/Page-Vlink-ACH-Credit/input_Check Type'

2023-01-19 19:32:18 - [MESSAGE][PASSED] - Text 'C' is set on object 'Object Repository/RecAndPlayBk/Page-Vlink-ACH-Credit/input_Check Type'

2023-01-19 19:32:18 - [TEST_STEP][PASSED] - setText(findTestObject("Object Repository/RecAndPlayBk/Page-Vlink-ACH-Credit/input_Transaction ID"), VLinkSaleTranxID): Text '2916687' is set on object 'Object Repository/RecAndPlayBk/Page-Vlink-ACH-Credit/input_Transaction ID'

2023-01-19 19:32:19 - [MESSAGE][PASSED] - Text '2916687' is set on object 'Object Repository/RecAndPlayBk/Page-Vlink-ACH-Credit/input_Transaction ID'

2023-01-19 19:32:19 - [TEST_STEP][PASSED] - setText(findTestObject("Object Repository/RecAndPlayBk/Page-Vlink-ACH-Credit/input_Amount"), amount): Text '12.50' is set on object 'Object Repository/RecAndPlayBk/Page-Vlink-ACH-Credit/input_Amount'

2023-01-19 19:32:20 - [MESSAGE][PASSED] - Text '12.50' is set on object 'Object Repository/RecAndPlayBk/Page-Vlink-ACH-Credit/input_Amount'

2023-01-19 19:32:20 - [TEST_STEP][PASSED] - setText(findTestObject("Object Repository/RecAndPlayBk/Page-Vlink-ACH-Credit/input_Standard Entry Class"), sec): Text 'CCD' is set on object 'Object Repository/RecAndPlayBk/Page-Vlink-ACH-Credit/input_Standard Entry Class'

2023-01-19 19:32:21 - [MESSAGE][PASSED] - Text 'CCD' is set on object 'Object Repository/RecAndPlayBk/Page-Vlink-ACH-Credit/input_Standard Entry Class'

2023-01-19 19:32:21 - [TEST_STEP][PASSED] - setText(findTestObject("Object Repository/RecAndPlayBk/Page-Vlink-ACH-Credit/input_Account Number"), acNumber): Text '58963214' is set on object 'Object Repository/RecAndPlayBk/Page-Vlink-ACH-Credit/input_Account Number'

2023-01-19 19:32:22 - [MESSAGE][PASSED] - Text '58963214' is set on object 'Object Repository/RecAndPlayBk/Page-Vlink-ACH-Credit/input_Account Number'

2023-01-19 19:32:22 - [TEST_STEP][PASSED] - setText(findTestObject("Object Repository/RecAndPlayBk/Page-Vlink-ACH-Credit/input_Routing Number"), rtn): Text '256072691' is set on object 'Object Repository/RecAndPlayBk/Page-Vlink-ACH-Credit/input_Routing Number'

2023-01-19 19:32:23 - [MESSAGE][PASSED] - Text '256072691' is set on object 'Object Repository/RecAndPlayBk/Page-Vlink-ACH-Credit/input_Routing Number'

2023-01-19 19:32:23 - [TEST_STEP][PASSED] - click(findTestObject("Object Repository/RecAndPlayBk/Page-Vlink-ACH-Credit/input")): Object: 'Object Repository/RecAndPlayBk/Page-Vlink-ACH-Credit/input' is clicked on

2023-01-19 19:32:24 - [MESSAGE][PASSED] - Object: 'Object Repository/RecAndPlayBk/Page-Vlink-ACH-Credit/input' is clicked on

2023-01-19 19:32:24 - [TEST_STEP][PASSED] - if (verifyTextPresent("Transaction approved, no errors", true)): null

2023-01-19 19:32:24 - [MESSAGE][PASSED] - Text 'Transaction approved, no errors' is present on page  using regular expression

2023-01-19 19:32:24 - [TEST_STEP][PASSED] - println("Transaction Approved, no errors text is present on the Confirmation page"): null

2023-01-19 19:32:24 - [TEST_STEP][PASSED] - sdfo = getText(findTestObject("Object Repository/Page_VLinkReceipt/pre_STX")): Text of object 'Object Repository/Page_VLinkReceipt/pre_STX' is: '<STX>eDpNtH094pmC                  2916688             0  Transaction approved, no errors                   0                                                                                                              <ETX>'

2023-01-19 19:32:24 - [MESSAGE][PASSED] - Text of object 'Object Repository/Page_VLinkReceipt/pre_STX' is: '<STX>eDpNtH094pmC                  2916688             0  Transaction approved, no errors                   0                                                                                                              <ETX>'

2023-01-19 19:32:24 - [TEST_STEP][PASSED] - out.println("sdfo: " + sdfo): null

2023-01-19 19:32:24 - [TEST_STEP][PASSED] - remID = substring(5, 35).trim(): null

2023-01-19 19:32:24 - [TEST_STEP][PASSED] - out.println("remID: " + remID): null

2023-01-19 19:32:24 - [TEST_STEP][PASSED] - traxID = substring(35, 55).trim(): null

2023-01-19 19:32:24 - [TEST_STEP][PASSED] - out.println("traxID: " + traxID): null

2023-01-19 19:32:24 - [TEST_STEP][PASSED] - VLinkSaleRemID = remID: null

2023-01-19 19:32:24 - [TEST_STEP][PASSED] - VLinkSaleTranxID = traxID: null

2023-01-19 19:32:24 - [TEST_STEP][PASSED] - openBrowser(VLinkURL + "ACH_void.html"): Browser is opened with url: 'https://dev-algorithm.govolution.com/vlinktest/demo/version_2_0/ACH_void.html'

2023-01-19 19:32:24 - [MESSAGE][WARNING] - A browser is already opened. Closing browser and opening a new one

2023-01-19 19:32:25 - [MESSAGE][INFO] - Starting 'Chrome' driver

2023-01-19 19:32:25 - [MESSAGE][INFO] - User set preference: ['acceptInsecureCerts', 'true']

2023-01-19 19:32:25 - [MESSAGE][INFO] - Action delay is set to 0 milliseconds

2023-01-19 19:32:27 - [MESSAGE][PASSED] - Browser is opened with url: 'https://dev-algorithm.govolution.com/vlinktest/demo/version_2_0/ACH_void.html'

2023-01-19 19:32:27 - [TEST_STEP][PASSED] - maximizeWindow(): Current window maximized

2023-01-19 19:32:27 - [MESSAGE][PASSED] - Current window maximized

2023-01-19 19:32:27 - [TEST_STEP][PASSED] - setText(findTestObject("Object Repository/RecAndPlayBk/Page-Vlink-ACH-Void/input_Remittance Id"), VLinkSaleRemID): Text 'eDpNtH094pmC' is set on object 'Object Repository/RecAndPlayBk/Page-Vlink-ACH-Void/input_Remittance Id'

2023-01-19 19:32:28 - [MESSAGE][PASSED] - Text 'eDpNtH094pmC' is set on object 'Object Repository/RecAndPlayBk/Page-Vlink-ACH-Void/input_Remittance Id'

2023-01-19 19:32:28 - [TEST_STEP][PASSED] - setText(findTestObject("Object Repository/RecAndPlayBk/Page-Vlink-ACH-Void/input_Application Id"), appID): Text '1773' is set on object 'Object Repository/RecAndPlayBk/Page-Vlink-ACH-Void/input_Application Id'

2023-01-19 19:32:29 - [MESSAGE][PASSED] - Text '1773' is set on object 'Object Repository/RecAndPlayBk/Page-Vlink-ACH-Void/input_Application Id'

2023-01-19 19:32:29 - [TEST_STEP][PASSED] - setText(findTestObject("Object Repository/RecAndPlayBk/Page-Vlink-ACH-Void/input_Username"), username): Text 'username' is set on object 'Object Repository/RecAndPlayBk/Page-Vlink-ACH-Void/input_Username'

2023-01-19 19:32:30 - [MESSAGE][PASSED] - Text 'username' is set on object 'Object Repository/RecAndPlayBk/Page-Vlink-ACH-Void/input_Username'

2023-01-19 19:32:30 - [TEST_STEP][PASSED] - setText(findTestObject("Object Repository/RecAndPlayBk/Page-Vlink-ACH-Void/input_Password"), password): Text 'password' is set on object 'Object Repository/RecAndPlayBk/Page-Vlink-ACH-Void/input_Password'

2023-01-19 19:32:30 - [MESSAGE][PASSED] - Text 'password' is set on object 'Object Repository/RecAndPlayBk/Page-Vlink-ACH-Void/input_Password'

2023-01-19 19:32:30 - [TEST_STEP][PASSED] - setText(findTestObject("Object Repository/RecAndPlayBk/Page-Vlink-ACH-Void/input_Check Type"), checkType): Text 'C' is set on object 'Object Repository/RecAndPlayBk/Page-Vlink-ACH-Void/input_Check Type'

2023-01-19 19:32:31 - [MESSAGE][PASSED] - Text 'C' is set on object 'Object Repository/RecAndPlayBk/Page-Vlink-ACH-Void/input_Check Type'

2023-01-19 19:32:31 - [TEST_STEP][PASSED] - setText(findTestObject("Object Repository/RecAndPlayBk/Page-Vlink-ACH-Void/input_Standard Entry Class"), sec): Text 'CCD' is set on object 'Object Repository/RecAndPlayBk/Page-Vlink-ACH-Void/input_Standard Entry Class'

2023-01-19 19:32:32 - [MESSAGE][PASSED] - Text 'CCD' is set on object 'Object Repository/RecAndPlayBk/Page-Vlink-ACH-Void/input_Standard Entry Class'

2023-01-19 19:32:32 - [TEST_STEP][PASSED] - setText(findTestObject("Object Repository/RecAndPlayBk/Page-Vlink-ACH-Void/input_Transaction ID"), VLinkSaleTranxID): Text '2916688' is set on object 'Object Repository/RecAndPlayBk/Page-Vlink-ACH-Void/input_Transaction ID'

2023-01-19 19:32:33 - [MESSAGE][PASSED] - Text '2916688' is set on object 'Object Repository/RecAndPlayBk/Page-Vlink-ACH-Void/input_Transaction ID'

2023-01-19 19:32:33 - [TEST_STEP][PASSED] - setText(findTestObject("Object Repository/RecAndPlayBk/Page-Vlink-ACH-Void/input_Original Transaction Type"), "201"): Text '201' is set on object 'Object Repository/RecAndPlayBk/Page-Vlink-ACH-Void/input_Original Transaction Type'

2023-01-19 19:32:34 - [MESSAGE][PASSED] - Text '201' is set on object 'Object Repository/RecAndPlayBk/Page-Vlink-ACH-Void/input_Original Transaction Type'

2023-01-19 19:32:34 - [TEST_STEP][PASSED] - click(findTestObject("Object Repository/RecAndPlayBk/Page-Vlink-ACH-Void/input")): Object: 'Object Repository/RecAndPlayBk/Page-Vlink-ACH-Void/input' is clicked on

2023-01-19 19:32:35 - [MESSAGE][PASSED] - Object: 'Object Repository/RecAndPlayBk/Page-Vlink-ACH-Void/input' is clicked on

2023-01-19 19:32:35 - [TEST_STEP][PASSED] - if (verifyTextPresent("Transaction approved, no errors", true)): null

2023-01-19 19:32:35 - [MESSAGE][PASSED] - Text 'Transaction approved, no errors' is present on page  using regular expression

2023-01-19 19:32:35 - [TEST_STEP][PASSED] - println("Transaction Approved, no errors text is present on the Confirmation page"): null

2023-01-19 19:32:35 - [TEST_STEP][PASSED] - out.println("Pass Record Number: " + row): null

2023-01-19 19:32:35 - [TEST_STEP][PASSED] - resText = "Pass": null

2023-01-19 19:32:35 - [TEST_STEP][PASSED] - pages.WriteExcel.demoKey(resText, datText, resColumn, datCloumn, fileLoc, nameSheet, row): pages.WriteExcel.demoKey is PASSED

2023-01-19 19:32:35 - [MESSAGE][PASSED] - pages.WriteExcel.demoKey is PASSED]]></system-out>
         <system-err><![CDATA[]]></system-err>
      </testcase>
      <testcase name="Test Cases/RecAndPlayBk/VLink/Debit-Credit-RemID-Pipe" time="218.137" classname="Test Cases/RecAndPlayBk/VLink/Debit-Credit-RemID-Pipe" status="PASSED">
         <system-out><![CDATA[2023-01-19 19:32:35 - [TEST_CASE][PASSED] - Test Cases/RecAndPlayBk/VLink/Debit-Credit-RemID-Pipe: Test Cases/RecAndPlayBk/VLink/Debit-Credit-RemID-Pipe

2023-01-19 19:32:36 - [TEST_STEP][PASSED] - executionProfile = getExecutionProfile(): null

2023-01-19 19:32:36 - [TEST_STEP][PASSED] - out.println("executionProfile : " + executionProfile): null

2023-01-19 19:32:36 - [TEST_STEP][PASSED] - resText = "Fail": null

2023-01-19 19:32:36 - [TEST_STEP][PASSED] - resColumn = "Result": null

2023-01-19 19:32:36 - [TEST_STEP][PASSED] - datCloumn = "Date": null

2023-01-19 19:32:36 - [TEST_STEP][PASSED] - fileLoc = "KatalonData/VLinkSmokeDataACH.xlsx": null

2023-01-19 19:32:36 - [TEST_STEP][PASSED] - numOfRows = <not implemented yet for class: org.codehaus.groovy.ast.expr.EmptyExpression>: null

2023-01-19 19:32:36 - [TEST_STEP][PASSED] - dataFile = <not implemented yet for class: org.codehaus.groovy.ast.expr.EmptyExpression>: null

2023-01-19 19:32:36 - [TEST_STEP][PASSED] - nameSheet = <not implemented yet for class: org.codehaus.groovy.ast.expr.EmptyExpression>: null

2023-01-19 19:32:36 - [TEST_STEP][PASSED] - nameSheet = "DebitCredit-RemID-Pipe": null

2023-01-19 19:32:36 - [TEST_STEP][PASSED] - numOfRows = findTestData("QA/VLinkTestData/VLinkDebitCreditRemIDPipeData").getRowNumbers(): null

2023-01-19 19:32:36 - [TEST_STEP][PASSED] - println("Number of Records: " + numOfRows): null

2023-01-19 19:32:36 - [TEST_STEP][PASSED] - dataFile = "QA/VLinkTestData/VLinkDebitCreditRemIDPipeData": null

2023-01-19 19:32:36 - [TEST_STEP][PASSED] - for ([row = 1, row <= numOfRows, (row++)]): null

2023-01-19 19:32:36 - [TEST_STEP][PASSED] - ExecuteTC = findTestData(dataFile).getValue("Execute", row): null

2023-01-19 19:32:36 - [TEST_STEP][PASSED] - out.println("Value of Execute is : " + ExecuteTC): null

2023-01-19 19:32:36 - [TEST_STEP][PASSED] - switch (executionProfile): null

2023-01-19 19:32:36 - [TEST_STEP][PASSED] - case "DemoProfile":: null

2023-01-19 19:32:36 - [TEST_STEP][PASSED] - appID = findTestData(dataFile).getValue("AppIDDemo", row): null

2023-01-19 19:32:36 - [TEST_STEP][PASSED] - username = findTestData(dataFile).getValue("UsernameDemo", row): null

2023-01-19 19:32:36 - [TEST_STEP][PASSED] - password = findTestData(dataFile).getValue("PasswordDemo", row): null

2023-01-19 19:32:36 - [TEST_STEP][PASSED] - break: null

2023-01-19 19:32:36 - [TEST_STEP][PASSED] - if (ExecuteTC.equalsIgnoreCase("Y")): null

2023-01-19 19:32:36 - [TEST_STEP][PASSED] - out.println("Begin Record Number: " + row): null

2023-01-19 19:32:36 - [TEST_STEP][PASSED] - today = new java.util.Date(): null

2023-01-19 19:32:36 - [TEST_STEP][PASSED] - println(today): null

2023-01-19 19:32:36 - [TEST_STEP][PASSED] - datText = today: null

2023-01-19 19:32:36 - [TEST_STEP][PASSED] - checkType = findTestData(dataFile).getValue("CheckType", row): null

2023-01-19 19:32:36 - [TEST_STEP][PASSED] - acNumber = findTestData(dataFile).getValue("AcNumber", row): null

2023-01-19 19:32:36 - [TEST_STEP][PASSED] - company = findTestData(dataFile).getValue("Company", row): null

2023-01-19 19:32:36 - [TEST_STEP][PASSED] - acType = findTestData(dataFile).getValue("AcType", row): null

2023-01-19 19:32:36 - [TEST_STEP][PASSED] - rtn = findTestData(dataFile).getValue("RTN", row): null

2023-01-19 19:32:37 - [TEST_STEP][PASSED] - amount = findTestData(dataFile).getValue("Amount", row): null

2023-01-19 19:32:37 - [TEST_STEP][PASSED] - sec = findTestData(dataFile).getValue("SEC", row): null

2023-01-19 19:32:37 - [TEST_STEP][PASSED] - openBrowser(VLinkURL + "debit.html"): Browser is opened with url: 'https://dev-algorithm.govolution.com/vlinktest/demo/version_2_0/debit.html'

2023-01-19 19:32:37 - [MESSAGE][WARNING] - A browser is already opened. Closing browser and opening a new one

2023-01-19 19:32:37 - [MESSAGE][INFO] - Starting 'Chrome' driver

2023-01-19 19:32:37 - [MESSAGE][INFO] - User set preference: ['acceptInsecureCerts', 'true']

2023-01-19 19:32:37 - [MESSAGE][INFO] - Action delay is set to 0 milliseconds

2023-01-19 19:32:39 - [MESSAGE][PASSED] - Browser is opened with url: 'https://dev-algorithm.govolution.com/vlinktest/demo/version_2_0/debit.html'

2023-01-19 19:32:39 - [TEST_STEP][PASSED] - maximizeWindow(): Current window maximized

2023-01-19 19:32:39 - [MESSAGE][PASSED] - Current window maximized

2023-01-19 19:32:39 - [TEST_STEP][PASSED] - genRemID1 = random() * 99999).toInteger(): null

2023-01-19 19:32:39 - [TEST_STEP][PASSED] - genRemID2 = random() * 99999).toInteger(): null

2023-01-19 19:32:39 - [TEST_STEP][PASSED] - genRemID3 = random() * 99999).toInteger(): null

2023-01-19 19:32:39 - [TEST_STEP][PASSED] - println(genRemID1): null

2023-01-19 19:32:39 - [TEST_STEP][PASSED] - println(genRemID2): null

2023-01-19 19:32:39 - [TEST_STEP][PASSED] - println(genRemID3): null

2023-01-19 19:32:39 - [TEST_STEP][PASSED] - genRemID = genRemID1 + "|" + genRemID2 + "|" + genRemID3: null

2023-01-19 19:32:39 - [TEST_STEP][PASSED] - println(genRemID): null

2023-01-19 19:32:39 - [TEST_STEP][PASSED] - setText(findTestObject("RecAndPlayBk/Page-Vlink-Debit/input_Remittance Id"), genRemID): Text '50909|77766|35897' is set on object 'Object Repository/RecAndPlayBk/Page-Vlink-Debit/input_Remittance Id'

2023-01-19 19:32:40 - [MESSAGE][PASSED] - Text '50909|77766|35897' is set on object 'Object Repository/RecAndPlayBk/Page-Vlink-Debit/input_Remittance Id'

2023-01-19 19:32:40 - [TEST_STEP][PASSED] - setText(findTestObject("RecAndPlayBk/Page-Vlink-Debit/input_Application Id"), appID): Text '1773' is set on object 'Object Repository/RecAndPlayBk/Page-Vlink-Debit/input_Application Id'

2023-01-19 19:32:41 - [MESSAGE][PASSED] - Text '1773' is set on object 'Object Repository/RecAndPlayBk/Page-Vlink-Debit/input_Application Id'

2023-01-19 19:32:41 - [TEST_STEP][PASSED] - setText(findTestObject("RecAndPlayBk/Page-Vlink-Debit/input_Username"), username): Text 'username' is set on object 'Object Repository/RecAndPlayBk/Page-Vlink-Debit/input_Username'

2023-01-19 19:32:42 - [MESSAGE][PASSED] - Text 'username' is set on object 'Object Repository/RecAndPlayBk/Page-Vlink-Debit/input_Username'

2023-01-19 19:32:42 - [TEST_STEP][PASSED] - setText(findTestObject("RecAndPlayBk/Page-Vlink-Debit/input_Password"), password): Text 'password' is set on object 'Object Repository/RecAndPlayBk/Page-Vlink-Debit/input_Password'

2023-01-19 19:32:43 - [MESSAGE][PASSED] - Text 'password' is set on object 'Object Repository/RecAndPlayBk/Page-Vlink-Debit/input_Password'

2023-01-19 19:32:43 - [TEST_STEP][PASSED] - setText(findTestObject("RecAndPlayBk/Page-Vlink-Debit/input_Check Type"), checkType): Text 'P' is set on object 'Object Repository/RecAndPlayBk/Page-Vlink-Debit/input_Check Type'

2023-01-19 19:32:44 - [MESSAGE][PASSED] - Text 'P' is set on object 'Object Repository/RecAndPlayBk/Page-Vlink-Debit/input_Check Type'

2023-01-19 19:32:44 - [TEST_STEP][PASSED] - setText(findTestObject("RecAndPlayBk/Page-Vlink-Debit/input_Account_check"), acNumber): Text '58963214' is set on object 'Object Repository/RecAndPlayBk/Page-Vlink-Debit/input_Account_check'

2023-01-19 19:32:45 - [MESSAGE][PASSED] - Text '58963214' is set on object 'Object Repository/RecAndPlayBk/Page-Vlink-Debit/input_Account_check'

2023-01-19 19:32:45 - [TEST_STEP][PASSED] - setText(findTestObject("RecAndPlayBk/Page-Vlink-Debit/input_Company_check"), company): Text '' is set on object 'Object Repository/RecAndPlayBk/Page-Vlink-Debit/input_Company_check'

2023-01-19 19:32:46 - [MESSAGE][PASSED] - Text '' is set on object 'Object Repository/RecAndPlayBk/Page-Vlink-Debit/input_Company_check'

2023-01-19 19:32:46 - [TEST_STEP][PASSED] - setText(findTestObject("RecAndPlayBk/Page-Vlink-Debit/input_Account Type"), acType): Text '1' is set on object 'Object Repository/RecAndPlayBk/Page-Vlink-Debit/input_Account Type'

2023-01-19 19:32:47 - [MESSAGE][PASSED] - Text '1' is set on object 'Object Repository/RecAndPlayBk/Page-Vlink-Debit/input_Account Type'

2023-01-19 19:32:47 - [TEST_STEP][PASSED] - setText(findTestObject("RecAndPlayBk/Page-Vlink-Debit/input_Routing Number"), rtn): Text '256072691' is set on object 'Object Repository/RecAndPlayBk/Page-Vlink-Debit/input_Routing Number'

2023-01-19 19:32:47 - [MESSAGE][PASSED] - Text '256072691' is set on object 'Object Repository/RecAndPlayBk/Page-Vlink-Debit/input_Routing Number'

2023-01-19 19:32:47 - [TEST_STEP][PASSED] - setText(findTestObject("RecAndPlayBk/Page-Vlink-Debit/input_Amount"), amount): Text '12.50' is set on object 'Object Repository/RecAndPlayBk/Page-Vlink-Debit/input_Amount'

2023-01-19 19:32:48 - [MESSAGE][PASSED] - Text '12.50' is set on object 'Object Repository/RecAndPlayBk/Page-Vlink-Debit/input_Amount'

2023-01-19 19:32:48 - [TEST_STEP][PASSED] - setText(findTestObject("RecAndPlayBk/Page-Vlink-Debit/input_Check Email"), ""): Text '' is set on object 'Object Repository/RecAndPlayBk/Page-Vlink-Debit/input_Check Email'

2023-01-19 19:32:49 - [MESSAGE][PASSED] - Text '' is set on object 'Object Repository/RecAndPlayBk/Page-Vlink-Debit/input_Check Email'

2023-01-19 19:32:49 - [TEST_STEP][PASSED] - setText(findTestObject("Object Repository/RecAndPlayBk/Page-Vlink-Debit/input_concat(CheckWriter, , s SSN)_check_ssn"), ""): Text '' is set on object 'Object Repository/RecAndPlayBk/Page-Vlink-Debit/input_concat(CheckWriter, , s SSN)_check_ssn'

2023-01-19 19:32:50 - [MESSAGE][PASSED] - Text '' is set on object 'Object Repository/RecAndPlayBk/Page-Vlink-Debit/input_concat(CheckWriter, , s SSN)_check_ssn'

2023-01-19 19:32:50 - [TEST_STEP][PASSED] - setText(findTestObject("Object Repository/RecAndPlayBk/Page-Vlink-Debit/input_concat(CheckWriter, , s License Numbe_020fef"), ""): Text '' is set on object 'Object Repository/RecAndPlayBk/Page-Vlink-Debit/input_concat(CheckWriter, , s License Numbe_020fef'

2023-01-19 19:32:51 - [MESSAGE][PASSED] - Text '' is set on object 'Object Repository/RecAndPlayBk/Page-Vlink-Debit/input_concat(CheckWriter, , s License Numbe_020fef'

2023-01-19 19:32:51 - [TEST_STEP][PASSED] - setText(findTestObject("Object Repository/RecAndPlayBk/Page-Vlink-Debit/input_concat(CheckWriter, , s License State_21e3e7"), ""): Text '' is set on object 'Object Repository/RecAndPlayBk/Page-Vlink-Debit/input_concat(CheckWriter, , s License State_21e3e7'

2023-01-19 19:32:51 - [MESSAGE][PASSED] - Text '' is set on object 'Object Repository/RecAndPlayBk/Page-Vlink-Debit/input_concat(CheckWriter, , s License State_21e3e7'

2023-01-19 19:32:51 - [TEST_STEP][PASSED] - setText(findTestObject("RecAndPlayBk/Page-Vlink-Debit/input_Standard Entry Class"), sec): Text 'WEB' is set on object 'Object Repository/RecAndPlayBk/Page-Vlink-Debit/input_Standard Entry Class'

2023-01-19 19:32:52 - [MESSAGE][PASSED] - Text 'WEB' is set on object 'Object Repository/RecAndPlayBk/Page-Vlink-Debit/input_Standard Entry Class'

2023-01-19 19:32:52 - [TEST_STEP][PASSED] - click(findTestObject("Object Repository/RecAndPlayBk/Page-Vlink-Debit/input")): Object: 'Object Repository/RecAndPlayBk/Page-Vlink-Debit/input' is clicked on

2023-01-19 19:32:53 - [MESSAGE][PASSED] - Object: 'Object Repository/RecAndPlayBk/Page-Vlink-Debit/input' is clicked on

2023-01-19 19:32:53 - [TEST_STEP][PASSED] - if (verifyTextPresent("Transaction approved, no errors", true)): null

2023-01-19 19:32:53 - [MESSAGE][PASSED] - Text 'Transaction approved, no errors' is present on page  using regular expression

2023-01-19 19:32:53 - [TEST_STEP][PASSED] - println("Transaction Approved, no errors text is present on the Confirmation page"): null

2023-01-19 19:32:53 - [TEST_STEP][PASSED] - sdfo = getText(findTestObject("Object Repository/Page_VLinkReceipt/pre_STX")): Text of object 'Object Repository/Page_VLinkReceipt/pre_STX' is: '<STX>50909|77766|35897             2916690             0  Transaction approved, no errors                   0                                                                                                              <ETX>'

2023-01-19 19:32:54 - [MESSAGE][PASSED] - Text of object 'Object Repository/Page_VLinkReceipt/pre_STX' is: '<STX>50909|77766|35897             2916690             0  Transaction approved, no errors                   0                                                                                                              <ETX>'

2023-01-19 19:32:54 - [TEST_STEP][PASSED] - out.println("sdfo: " + sdfo): null

2023-01-19 19:32:54 - [TEST_STEP][PASSED] - remID = substring(5, 35).trim(): null

2023-01-19 19:32:54 - [TEST_STEP][PASSED] - out.println("remID: " + remID): null

2023-01-19 19:32:54 - [TEST_STEP][PASSED] - traxID = substring(35, 55).trim(): null

2023-01-19 19:32:54 - [TEST_STEP][PASSED] - out.println("traxID: " + traxID): null

2023-01-19 19:32:54 - [TEST_STEP][PASSED] - VLinkSaleRemID = remID: null

2023-01-19 19:32:54 - [TEST_STEP][PASSED] - VLinkSaleTranxID = traxID: null

2023-01-19 19:32:54 - [TEST_STEP][PASSED] - openBrowser(VLinkURL + "ACH_credit.html"): Browser is opened with url: 'https://dev-algorithm.govolution.com/vlinktest/demo/version_2_0/ACH_credit.html'

2023-01-19 19:32:54 - [MESSAGE][WARNING] - A browser is already opened. Closing browser and opening a new one

2023-01-19 19:32:55 - [MESSAGE][INFO] - Starting 'Chrome' driver

2023-01-19 19:32:55 - [MESSAGE][INFO] - User set preference: ['acceptInsecureCerts', 'true']

2023-01-19 19:32:55 - [MESSAGE][INFO] - Action delay is set to 0 milliseconds

2023-01-19 19:32:56 - [MESSAGE][PASSED] - Browser is opened with url: 'https://dev-algorithm.govolution.com/vlinktest/demo/version_2_0/ACH_credit.html'

2023-01-19 19:32:56 - [TEST_STEP][PASSED] - maximizeWindow(): Current window maximized

2023-01-19 19:32:57 - [MESSAGE][PASSED] - Current window maximized

2023-01-19 19:32:57 - [TEST_STEP][PASSED] - setText(findTestObject("Object Repository/RecAndPlayBk/Page-Vlink-ACH-Credit/input_Remittance Id"), VLinkSaleRemID): Text '50909|77766|35897' is set on object 'Object Repository/RecAndPlayBk/Page-Vlink-ACH-Credit/input_Remittance Id'

2023-01-19 19:32:57 - [MESSAGE][PASSED] - Text '50909|77766|35897' is set on object 'Object Repository/RecAndPlayBk/Page-Vlink-ACH-Credit/input_Remittance Id'

2023-01-19 19:32:57 - [TEST_STEP][PASSED] - setText(findTestObject("Object Repository/RecAndPlayBk/Page-Vlink-ACH-Credit/input_Application Id"), appID): Text '1773' is set on object 'Object Repository/RecAndPlayBk/Page-Vlink-ACH-Credit/input_Application Id'

2023-01-19 19:32:58 - [MESSAGE][PASSED] - Text '1773' is set on object 'Object Repository/RecAndPlayBk/Page-Vlink-ACH-Credit/input_Application Id'

2023-01-19 19:32:58 - [TEST_STEP][PASSED] - setText(findTestObject("Object Repository/RecAndPlayBk/Page-Vlink-ACH-Credit/input_Username"), username): Text 'username' is set on object 'Object Repository/RecAndPlayBk/Page-Vlink-ACH-Credit/input_Username'

2023-01-19 19:32:59 - [MESSAGE][PASSED] - Text 'username' is set on object 'Object Repository/RecAndPlayBk/Page-Vlink-ACH-Credit/input_Username'

2023-01-19 19:32:59 - [TEST_STEP][PASSED] - setText(findTestObject("Object Repository/RecAndPlayBk/Page-Vlink-ACH-Credit/input_Password"), password): Text 'password' is set on object 'Object Repository/RecAndPlayBk/Page-Vlink-ACH-Credit/input_Password'

2023-01-19 19:33:00 - [MESSAGE][PASSED] - Text 'password' is set on object 'Object Repository/RecAndPlayBk/Page-Vlink-ACH-Credit/input_Password'

2023-01-19 19:33:00 - [TEST_STEP][PASSED] - setText(findTestObject("Object Repository/RecAndPlayBk/Page-Vlink-ACH-Credit/input_Check Type"), checkType): Text 'P' is set on object 'Object Repository/RecAndPlayBk/Page-Vlink-ACH-Credit/input_Check Type'

2023-01-19 19:33:01 - [MESSAGE][PASSED] - Text 'P' is set on object 'Object Repository/RecAndPlayBk/Page-Vlink-ACH-Credit/input_Check Type'

2023-01-19 19:33:01 - [TEST_STEP][PASSED] - setText(findTestObject("Object Repository/RecAndPlayBk/Page-Vlink-ACH-Credit/input_Transaction ID"), VLinkSaleTranxID): Text '2916690' is set on object 'Object Repository/RecAndPlayBk/Page-Vlink-ACH-Credit/input_Transaction ID'

2023-01-19 19:33:02 - [MESSAGE][PASSED] - Text '2916690' is set on object 'Object Repository/RecAndPlayBk/Page-Vlink-ACH-Credit/input_Transaction ID'

2023-01-19 19:33:02 - [TEST_STEP][PASSED] - setText(findTestObject("Object Repository/RecAndPlayBk/Page-Vlink-ACH-Credit/input_Amount"), amount): Text '12.50' is set on object 'Object Repository/RecAndPlayBk/Page-Vlink-ACH-Credit/input_Amount'

2023-01-19 19:33:03 - [MESSAGE][PASSED] - Text '12.50' is set on object 'Object Repository/RecAndPlayBk/Page-Vlink-ACH-Credit/input_Amount'

2023-01-19 19:33:03 - [TEST_STEP][PASSED] - setText(findTestObject("Object Repository/RecAndPlayBk/Page-Vlink-ACH-Credit/input_Standard Entry Class"), sec): Text 'WEB' is set on object 'Object Repository/RecAndPlayBk/Page-Vlink-ACH-Credit/input_Standard Entry Class'

2023-01-19 19:33:04 - [MESSAGE][PASSED] - Text 'WEB' is set on object 'Object Repository/RecAndPlayBk/Page-Vlink-ACH-Credit/input_Standard Entry Class'

2023-01-19 19:33:04 - [TEST_STEP][PASSED] - setText(findTestObject("Object Repository/RecAndPlayBk/Page-Vlink-ACH-Credit/input_Account Number"), acNumber): Text '58963214' is set on object 'Object Repository/RecAndPlayBk/Page-Vlink-ACH-Credit/input_Account Number'

2023-01-19 19:33:05 - [MESSAGE][PASSED] - Text '58963214' is set on object 'Object Repository/RecAndPlayBk/Page-Vlink-ACH-Credit/input_Account Number'

2023-01-19 19:33:05 - [TEST_STEP][PASSED] - setText(findTestObject("Object Repository/RecAndPlayBk/Page-Vlink-ACH-Credit/input_Routing Number"), rtn): Text '256072691' is set on object 'Object Repository/RecAndPlayBk/Page-Vlink-ACH-Credit/input_Routing Number'

2023-01-19 19:33:06 - [MESSAGE][PASSED] - Text '256072691' is set on object 'Object Repository/RecAndPlayBk/Page-Vlink-ACH-Credit/input_Routing Number'

2023-01-19 19:33:06 - [TEST_STEP][PASSED] - click(findTestObject("Object Repository/RecAndPlayBk/Page-Vlink-ACH-Credit/input")): Object: 'Object Repository/RecAndPlayBk/Page-Vlink-ACH-Credit/input' is clicked on

2023-01-19 19:33:07 - [MESSAGE][PASSED] - Object: 'Object Repository/RecAndPlayBk/Page-Vlink-ACH-Credit/input' is clicked on

2023-01-19 19:33:07 - [TEST_STEP][PASSED] - if (verifyTextPresent("Transaction approved, no errors", true)): null

2023-01-19 19:33:07 - [MESSAGE][PASSED] - Text 'Transaction approved, no errors' is present on page  using regular expression

2023-01-19 19:33:07 - [TEST_STEP][PASSED] - println("Transaction Approved, no errors text is present on the Confirmation page"): null

2023-01-19 19:33:07 - [TEST_STEP][PASSED] - out.println("Pass Record Number: " + row): null

2023-01-19 19:33:07 - [TEST_STEP][PASSED] - resText = "Pass": null

2023-01-19 19:33:07 - [TEST_STEP][PASSED] - pages.WriteExcel.demoKey(resText, datText, resColumn, datCloumn, fileLoc, nameSheet, row): pages.WriteExcel.demoKey is PASSED

2023-01-19 19:33:07 - [MESSAGE][PASSED] - pages.WriteExcel.demoKey is PASSED

2023-01-19 19:33:07 - [TEST_STEP][PASSED] - ExecuteTC = findTestData(dataFile).getValue("Execute", row): null

2023-01-19 19:33:07 - [TEST_STEP][PASSED] - out.println("Value of Execute is : " + ExecuteTC): null

2023-01-19 19:33:07 - [TEST_STEP][PASSED] - switch (executionProfile): null

2023-01-19 19:33:07 - [TEST_STEP][PASSED] - case "DemoProfile":: null

2023-01-19 19:33:07 - [TEST_STEP][PASSED] - appID = findTestData(dataFile).getValue("AppIDDemo", row): null

2023-01-19 19:33:07 - [TEST_STEP][PASSED] - username = findTestData(dataFile).getValue("UsernameDemo", row): null

2023-01-19 19:33:07 - [TEST_STEP][PASSED] - password = findTestData(dataFile).getValue("PasswordDemo", row): null

2023-01-19 19:33:07 - [TEST_STEP][PASSED] - break: null

2023-01-19 19:33:07 - [TEST_STEP][PASSED] - if (ExecuteTC.equalsIgnoreCase("Y")): null

2023-01-19 19:33:07 - [TEST_STEP][PASSED] - out.println("Begin Record Number: " + row): null

2023-01-19 19:33:07 - [TEST_STEP][PASSED] - today = new java.util.Date(): null

2023-01-19 19:33:07 - [TEST_STEP][PASSED] - println(today): null

2023-01-19 19:33:07 - [TEST_STEP][PASSED] - datText = today: null

2023-01-19 19:33:07 - [TEST_STEP][PASSED] - checkType = findTestData(dataFile).getValue("CheckType", row): null

2023-01-19 19:33:07 - [TEST_STEP][PASSED] - acNumber = findTestData(dataFile).getValue("AcNumber", row): null

2023-01-19 19:33:07 - [TEST_STEP][PASSED] - company = findTestData(dataFile).getValue("Company", row): null

2023-01-19 19:33:07 - [TEST_STEP][PASSED] - acType = findTestData(dataFile).getValue("AcType", row): null

2023-01-19 19:33:07 - [TEST_STEP][PASSED] - rtn = findTestData(dataFile).getValue("RTN", row): null

2023-01-19 19:33:08 - [TEST_STEP][PASSED] - amount = findTestData(dataFile).getValue("Amount", row): null

2023-01-19 19:33:08 - [TEST_STEP][PASSED] - sec = findTestData(dataFile).getValue("SEC", row): null

2023-01-19 19:33:08 - [TEST_STEP][PASSED] - openBrowser(VLinkURL + "debit.html"): Browser is opened with url: 'https://dev-algorithm.govolution.com/vlinktest/demo/version_2_0/debit.html'

2023-01-19 19:33:08 - [MESSAGE][WARNING] - A browser is already opened. Closing browser and opening a new one

2023-01-19 19:33:09 - [MESSAGE][INFO] - Starting 'Chrome' driver

2023-01-19 19:33:09 - [MESSAGE][INFO] - User set preference: ['acceptInsecureCerts', 'true']

2023-01-19 19:33:09 - [MESSAGE][INFO] - Action delay is set to 0 milliseconds

2023-01-19 19:33:10 - [MESSAGE][PASSED] - Browser is opened with url: 'https://dev-algorithm.govolution.com/vlinktest/demo/version_2_0/debit.html'

2023-01-19 19:33:10 - [TEST_STEP][PASSED] - maximizeWindow(): Current window maximized

2023-01-19 19:33:11 - [MESSAGE][PASSED] - Current window maximized

2023-01-19 19:33:11 - [TEST_STEP][PASSED] - genRemID1 = random() * 99999).toInteger(): null

2023-01-19 19:33:11 - [TEST_STEP][PASSED] - genRemID2 = random() * 99999).toInteger(): null

2023-01-19 19:33:11 - [TEST_STEP][PASSED] - genRemID3 = random() * 99999).toInteger(): null

2023-01-19 19:33:11 - [TEST_STEP][PASSED] - println(genRemID1): null

2023-01-19 19:33:11 - [TEST_STEP][PASSED] - println(genRemID2): null

2023-01-19 19:33:11 - [TEST_STEP][PASSED] - println(genRemID3): null

2023-01-19 19:33:11 - [TEST_STEP][PASSED] - genRemID = genRemID1 + "|" + genRemID2 + "|" + genRemID3: null

2023-01-19 19:33:11 - [TEST_STEP][PASSED] - println(genRemID): null

2023-01-19 19:33:11 - [TEST_STEP][PASSED] - setText(findTestObject("RecAndPlayBk/Page-Vlink-Debit/input_Remittance Id"), genRemID): Text '97703|87416|21976' is set on object 'Object Repository/RecAndPlayBk/Page-Vlink-Debit/input_Remittance Id'

2023-01-19 19:33:12 - [MESSAGE][PASSED] - Text '97703|87416|21976' is set on object 'Object Repository/RecAndPlayBk/Page-Vlink-Debit/input_Remittance Id'

2023-01-19 19:33:12 - [TEST_STEP][PASSED] - setText(findTestObject("RecAndPlayBk/Page-Vlink-Debit/input_Application Id"), appID): Text '1773' is set on object 'Object Repository/RecAndPlayBk/Page-Vlink-Debit/input_Application Id'

2023-01-19 19:33:12 - [MESSAGE][PASSED] - Text '1773' is set on object 'Object Repository/RecAndPlayBk/Page-Vlink-Debit/input_Application Id'

2023-01-19 19:33:12 - [TEST_STEP][PASSED] - setText(findTestObject("RecAndPlayBk/Page-Vlink-Debit/input_Username"), username): Text 'username' is set on object 'Object Repository/RecAndPlayBk/Page-Vlink-Debit/input_Username'

2023-01-19 19:33:13 - [MESSAGE][PASSED] - Text 'username' is set on object 'Object Repository/RecAndPlayBk/Page-Vlink-Debit/input_Username'

2023-01-19 19:33:13 - [TEST_STEP][PASSED] - setText(findTestObject("RecAndPlayBk/Page-Vlink-Debit/input_Password"), password): Text 'password' is set on object 'Object Repository/RecAndPlayBk/Page-Vlink-Debit/input_Password'

2023-01-19 19:33:14 - [MESSAGE][PASSED] - Text 'password' is set on object 'Object Repository/RecAndPlayBk/Page-Vlink-Debit/input_Password'

2023-01-19 19:33:14 - [TEST_STEP][PASSED] - setText(findTestObject("RecAndPlayBk/Page-Vlink-Debit/input_Check Type"), checkType): Text 'P' is set on object 'Object Repository/RecAndPlayBk/Page-Vlink-Debit/input_Check Type'

2023-01-19 19:33:15 - [MESSAGE][PASSED] - Text 'P' is set on object 'Object Repository/RecAndPlayBk/Page-Vlink-Debit/input_Check Type'

2023-01-19 19:33:15 - [TEST_STEP][PASSED] - setText(findTestObject("RecAndPlayBk/Page-Vlink-Debit/input_Account_check"), acNumber): Text '58963214' is set on object 'Object Repository/RecAndPlayBk/Page-Vlink-Debit/input_Account_check'

2023-01-19 19:33:16 - [MESSAGE][PASSED] - Text '58963214' is set on object 'Object Repository/RecAndPlayBk/Page-Vlink-Debit/input_Account_check'

2023-01-19 19:33:16 - [TEST_STEP][PASSED] - setText(findTestObject("RecAndPlayBk/Page-Vlink-Debit/input_Company_check"), company): Text '' is set on object 'Object Repository/RecAndPlayBk/Page-Vlink-Debit/input_Company_check'

2023-01-19 19:33:17 - [MESSAGE][PASSED] - Text '' is set on object 'Object Repository/RecAndPlayBk/Page-Vlink-Debit/input_Company_check'

2023-01-19 19:33:17 - [TEST_STEP][PASSED] - setText(findTestObject("RecAndPlayBk/Page-Vlink-Debit/input_Account Type"), acType): Text '1' is set on object 'Object Repository/RecAndPlayBk/Page-Vlink-Debit/input_Account Type'

2023-01-19 19:33:18 - [MESSAGE][PASSED] - Text '1' is set on object 'Object Repository/RecAndPlayBk/Page-Vlink-Debit/input_Account Type'

2023-01-19 19:33:18 - [TEST_STEP][PASSED] - setText(findTestObject("RecAndPlayBk/Page-Vlink-Debit/input_Routing Number"), rtn): Text '256072691' is set on object 'Object Repository/RecAndPlayBk/Page-Vlink-Debit/input_Routing Number'

2023-01-19 19:33:19 - [MESSAGE][PASSED] - Text '256072691' is set on object 'Object Repository/RecAndPlayBk/Page-Vlink-Debit/input_Routing Number'

2023-01-19 19:33:19 - [TEST_STEP][PASSED] - setText(findTestObject("RecAndPlayBk/Page-Vlink-Debit/input_Amount"), amount): Text '12.50' is set on object 'Object Repository/RecAndPlayBk/Page-Vlink-Debit/input_Amount'

2023-01-19 19:33:20 - [MESSAGE][PASSED] - Text '12.50' is set on object 'Object Repository/RecAndPlayBk/Page-Vlink-Debit/input_Amount'

2023-01-19 19:33:20 - [TEST_STEP][PASSED] - setText(findTestObject("RecAndPlayBk/Page-Vlink-Debit/input_Check Email"), ""): Text '' is set on object 'Object Repository/RecAndPlayBk/Page-Vlink-Debit/input_Check Email'

2023-01-19 19:33:20 - [MESSAGE][PASSED] - Text '' is set on object 'Object Repository/RecAndPlayBk/Page-Vlink-Debit/input_Check Email'

2023-01-19 19:33:20 - [TEST_STEP][PASSED] - setText(findTestObject("Object Repository/RecAndPlayBk/Page-Vlink-Debit/input_concat(CheckWriter, , s SSN)_check_ssn"), ""): Text '' is set on object 'Object Repository/RecAndPlayBk/Page-Vlink-Debit/input_concat(CheckWriter, , s SSN)_check_ssn'

2023-01-19 19:33:21 - [MESSAGE][PASSED] - Text '' is set on object 'Object Repository/RecAndPlayBk/Page-Vlink-Debit/input_concat(CheckWriter, , s SSN)_check_ssn'

2023-01-19 19:33:21 - [TEST_STEP][PASSED] - setText(findTestObject("Object Repository/RecAndPlayBk/Page-Vlink-Debit/input_concat(CheckWriter, , s License Numbe_020fef"), ""): Text '' is set on object 'Object Repository/RecAndPlayBk/Page-Vlink-Debit/input_concat(CheckWriter, , s License Numbe_020fef'

2023-01-19 19:33:22 - [MESSAGE][PASSED] - Text '' is set on object 'Object Repository/RecAndPlayBk/Page-Vlink-Debit/input_concat(CheckWriter, , s License Numbe_020fef'

2023-01-19 19:33:22 - [TEST_STEP][PASSED] - setText(findTestObject("Object Repository/RecAndPlayBk/Page-Vlink-Debit/input_concat(CheckWriter, , s License State_21e3e7"), ""): Text '' is set on object 'Object Repository/RecAndPlayBk/Page-Vlink-Debit/input_concat(CheckWriter, , s License State_21e3e7'

2023-01-19 19:33:23 - [MESSAGE][PASSED] - Text '' is set on object 'Object Repository/RecAndPlayBk/Page-Vlink-Debit/input_concat(CheckWriter, , s License State_21e3e7'

2023-01-19 19:33:23 - [TEST_STEP][PASSED] - setText(findTestObject("RecAndPlayBk/Page-Vlink-Debit/input_Standard Entry Class"), sec): Text 'TEL' is set on object 'Object Repository/RecAndPlayBk/Page-Vlink-Debit/input_Standard Entry Class'

2023-01-19 19:33:24 - [MESSAGE][PASSED] - Text 'TEL' is set on object 'Object Repository/RecAndPlayBk/Page-Vlink-Debit/input_Standard Entry Class'

2023-01-19 19:33:24 - [TEST_STEP][PASSED] - click(findTestObject("Object Repository/RecAndPlayBk/Page-Vlink-Debit/input")): Object: 'Object Repository/RecAndPlayBk/Page-Vlink-Debit/input' is clicked on

2023-01-19 19:33:25 - [MESSAGE][PASSED] - Object: 'Object Repository/RecAndPlayBk/Page-Vlink-Debit/input' is clicked on

2023-01-19 19:33:25 - [TEST_STEP][PASSED] - if (verifyTextPresent("Transaction approved, no errors", true)): null

2023-01-19 19:33:25 - [MESSAGE][PASSED] - Text 'Transaction approved, no errors' is present on page  using regular expression

2023-01-19 19:33:25 - [TEST_STEP][PASSED] - println("Transaction Approved, no errors text is present on the Confirmation page"): null

2023-01-19 19:33:25 - [TEST_STEP][PASSED] - sdfo = getText(findTestObject("Object Repository/Page_VLinkReceipt/pre_STX")): Text of object 'Object Repository/Page_VLinkReceipt/pre_STX' is: '<STX>97703|87416|21976             2916692             0  Transaction approved, no errors                   0                                                                                                              <ETX>'

2023-01-19 19:33:26 - [MESSAGE][PASSED] - Text of object 'Object Repository/Page_VLinkReceipt/pre_STX' is: '<STX>97703|87416|21976             2916692             0  Transaction approved, no errors                   0                                                                                                              <ETX>'

2023-01-19 19:33:26 - [TEST_STEP][PASSED] - out.println("sdfo: " + sdfo): null

2023-01-19 19:33:26 - [TEST_STEP][PASSED] - remID = substring(5, 35).trim(): null

2023-01-19 19:33:26 - [TEST_STEP][PASSED] - out.println("remID: " + remID): null

2023-01-19 19:33:26 - [TEST_STEP][PASSED] - traxID = substring(35, 55).trim(): null

2023-01-19 19:33:26 - [TEST_STEP][PASSED] - out.println("traxID: " + traxID): null

2023-01-19 19:33:26 - [TEST_STEP][PASSED] - VLinkSaleRemID = remID: null

2023-01-19 19:33:26 - [TEST_STEP][PASSED] - VLinkSaleTranxID = traxID: null

2023-01-19 19:33:26 - [TEST_STEP][PASSED] - openBrowser(VLinkURL + "ACH_credit.html"): Browser is opened with url: 'https://dev-algorithm.govolution.com/vlinktest/demo/version_2_0/ACH_credit.html'

2023-01-19 19:33:26 - [MESSAGE][WARNING] - A browser is already opened. Closing browser and opening a new one

2023-01-19 19:33:26 - [MESSAGE][INFO] - Starting 'Chrome' driver

2023-01-19 19:33:26 - [MESSAGE][INFO] - User set preference: ['acceptInsecureCerts', 'true']

2023-01-19 19:33:26 - [MESSAGE][INFO] - Action delay is set to 0 milliseconds

2023-01-19 19:33:28 - [MESSAGE][PASSED] - Browser is opened with url: 'https://dev-algorithm.govolution.com/vlinktest/demo/version_2_0/ACH_credit.html'

2023-01-19 19:33:28 - [TEST_STEP][PASSED] - maximizeWindow(): Current window maximized

2023-01-19 19:33:28 - [MESSAGE][PASSED] - Current window maximized

2023-01-19 19:33:28 - [TEST_STEP][PASSED] - setText(findTestObject("Object Repository/RecAndPlayBk/Page-Vlink-ACH-Credit/input_Remittance Id"), VLinkSaleRemID): Text '97703|87416|21976' is set on object 'Object Repository/RecAndPlayBk/Page-Vlink-ACH-Credit/input_Remittance Id'

2023-01-19 19:33:29 - [MESSAGE][PASSED] - Text '97703|87416|21976' is set on object 'Object Repository/RecAndPlayBk/Page-Vlink-ACH-Credit/input_Remittance Id'

2023-01-19 19:33:29 - [TEST_STEP][PASSED] - setText(findTestObject("Object Repository/RecAndPlayBk/Page-Vlink-ACH-Credit/input_Application Id"), appID): Text '1773' is set on object 'Object Repository/RecAndPlayBk/Page-Vlink-ACH-Credit/input_Application Id'

2023-01-19 19:33:30 - [MESSAGE][PASSED] - Text '1773' is set on object 'Object Repository/RecAndPlayBk/Page-Vlink-ACH-Credit/input_Application Id'

2023-01-19 19:33:30 - [TEST_STEP][PASSED] - setText(findTestObject("Object Repository/RecAndPlayBk/Page-Vlink-ACH-Credit/input_Username"), username): Text 'username' is set on object 'Object Repository/RecAndPlayBk/Page-Vlink-ACH-Credit/input_Username'

2023-01-19 19:33:31 - [MESSAGE][PASSED] - Text 'username' is set on object 'Object Repository/RecAndPlayBk/Page-Vlink-ACH-Credit/input_Username'

2023-01-19 19:33:31 - [TEST_STEP][PASSED] - setText(findTestObject("Object Repository/RecAndPlayBk/Page-Vlink-ACH-Credit/input_Password"), password): Text 'password' is set on object 'Object Repository/RecAndPlayBk/Page-Vlink-ACH-Credit/input_Password'

2023-01-19 19:33:32 - [MESSAGE][PASSED] - Text 'password' is set on object 'Object Repository/RecAndPlayBk/Page-Vlink-ACH-Credit/input_Password'

2023-01-19 19:33:32 - [TEST_STEP][PASSED] - setText(findTestObject("Object Repository/RecAndPlayBk/Page-Vlink-ACH-Credit/input_Check Type"), checkType): Text 'P' is set on object 'Object Repository/RecAndPlayBk/Page-Vlink-ACH-Credit/input_Check Type'

2023-01-19 19:33:33 - [MESSAGE][PASSED] - Text 'P' is set on object 'Object Repository/RecAndPlayBk/Page-Vlink-ACH-Credit/input_Check Type'

2023-01-19 19:33:33 - [TEST_STEP][PASSED] - setText(findTestObject("Object Repository/RecAndPlayBk/Page-Vlink-ACH-Credit/input_Transaction ID"), VLinkSaleTranxID): Text '2916692' is set on object 'Object Repository/RecAndPlayBk/Page-Vlink-ACH-Credit/input_Transaction ID'

2023-01-19 19:33:33 - [MESSAGE][PASSED] - Text '2916692' is set on object 'Object Repository/RecAndPlayBk/Page-Vlink-ACH-Credit/input_Transaction ID'

2023-01-19 19:33:33 - [TEST_STEP][PASSED] - setText(findTestObject("Object Repository/RecAndPlayBk/Page-Vlink-ACH-Credit/input_Amount"), amount): Text '12.50' is set on object 'Object Repository/RecAndPlayBk/Page-Vlink-ACH-Credit/input_Amount'

2023-01-19 19:33:34 - [MESSAGE][PASSED] - Text '12.50' is set on object 'Object Repository/RecAndPlayBk/Page-Vlink-ACH-Credit/input_Amount'

2023-01-19 19:33:34 - [TEST_STEP][PASSED] - setText(findTestObject("Object Repository/RecAndPlayBk/Page-Vlink-ACH-Credit/input_Standard Entry Class"), sec): Text 'TEL' is set on object 'Object Repository/RecAndPlayBk/Page-Vlink-ACH-Credit/input_Standard Entry Class'

2023-01-19 19:33:35 - [MESSAGE][PASSED] - Text 'TEL' is set on object 'Object Repository/RecAndPlayBk/Page-Vlink-ACH-Credit/input_Standard Entry Class'

2023-01-19 19:33:35 - [TEST_STEP][PASSED] - setText(findTestObject("Object Repository/RecAndPlayBk/Page-Vlink-ACH-Credit/input_Account Number"), acNumber): Text '58963214' is set on object 'Object Repository/RecAndPlayBk/Page-Vlink-ACH-Credit/input_Account Number'

2023-01-19 19:33:36 - [MESSAGE][PASSED] - Text '58963214' is set on object 'Object Repository/RecAndPlayBk/Page-Vlink-ACH-Credit/input_Account Number'

2023-01-19 19:33:36 - [TEST_STEP][PASSED] - setText(findTestObject("Object Repository/RecAndPlayBk/Page-Vlink-ACH-Credit/input_Routing Number"), rtn): Text '256072691' is set on object 'Object Repository/RecAndPlayBk/Page-Vlink-ACH-Credit/input_Routing Number'

2023-01-19 19:33:37 - [MESSAGE][PASSED] - Text '256072691' is set on object 'Object Repository/RecAndPlayBk/Page-Vlink-ACH-Credit/input_Routing Number'

2023-01-19 19:33:37 - [TEST_STEP][PASSED] - click(findTestObject("Object Repository/RecAndPlayBk/Page-Vlink-ACH-Credit/input")): Object: 'Object Repository/RecAndPlayBk/Page-Vlink-ACH-Credit/input' is clicked on

2023-01-19 19:33:38 - [MESSAGE][PASSED] - Object: 'Object Repository/RecAndPlayBk/Page-Vlink-ACH-Credit/input' is clicked on

2023-01-19 19:33:38 - [TEST_STEP][PASSED] - if (verifyTextPresent("Transaction approved, no errors", true)): null

2023-01-19 19:33:38 - [MESSAGE][PASSED] - Text 'Transaction approved, no errors' is present on page  using regular expression

2023-01-19 19:33:38 - [TEST_STEP][PASSED] - println("Transaction Approved, no errors text is present on the Confirmation page"): null

2023-01-19 19:33:38 - [TEST_STEP][PASSED] - out.println("Pass Record Number: " + row): null

2023-01-19 19:33:38 - [TEST_STEP][PASSED] - resText = "Pass": null

2023-01-19 19:33:38 - [TEST_STEP][PASSED] - pages.WriteExcel.demoKey(resText, datText, resColumn, datCloumn, fileLoc, nameSheet, row): pages.WriteExcel.demoKey is PASSED

2023-01-19 19:33:38 - [MESSAGE][PASSED] - pages.WriteExcel.demoKey is PASSED

2023-01-19 19:33:38 - [TEST_STEP][PASSED] - ExecuteTC = findTestData(dataFile).getValue("Execute", row): null

2023-01-19 19:33:38 - [TEST_STEP][PASSED] - out.println("Value of Execute is : " + ExecuteTC): null

2023-01-19 19:33:38 - [TEST_STEP][PASSED] - switch (executionProfile): null

2023-01-19 19:33:38 - [TEST_STEP][PASSED] - case "DemoProfile":: null

2023-01-19 19:33:38 - [TEST_STEP][PASSED] - appID = findTestData(dataFile).getValue("AppIDDemo", row): null

2023-01-19 19:33:38 - [TEST_STEP][PASSED] - username = findTestData(dataFile).getValue("UsernameDemo", row): null

2023-01-19 19:33:38 - [TEST_STEP][PASSED] - password = findTestData(dataFile).getValue("PasswordDemo", row): null

2023-01-19 19:33:38 - [TEST_STEP][PASSED] - break: null

2023-01-19 19:33:38 - [TEST_STEP][PASSED] - if (ExecuteTC.equalsIgnoreCase("Y")): null

2023-01-19 19:33:38 - [TEST_STEP][PASSED] - out.println("Begin Record Number: " + row): null

2023-01-19 19:33:38 - [TEST_STEP][PASSED] - today = new java.util.Date(): null

2023-01-19 19:33:38 - [TEST_STEP][PASSED] - println(today): null

2023-01-19 19:33:38 - [TEST_STEP][PASSED] - datText = today: null

2023-01-19 19:33:38 - [TEST_STEP][PASSED] - checkType = findTestData(dataFile).getValue("CheckType", row): null

2023-01-19 19:33:39 - [TEST_STEP][PASSED] - acNumber = findTestData(dataFile).getValue("AcNumber", row): null

2023-01-19 19:33:39 - [TEST_STEP][PASSED] - company = findTestData(dataFile).getValue("Company", row): null

2023-01-19 19:33:39 - [TEST_STEP][PASSED] - acType = findTestData(dataFile).getValue("AcType", row): null

2023-01-19 19:33:39 - [TEST_STEP][PASSED] - rtn = findTestData(dataFile).getValue("RTN", row): null

2023-01-19 19:33:39 - [TEST_STEP][PASSED] - amount = findTestData(dataFile).getValue("Amount", row): null

2023-01-19 19:33:39 - [TEST_STEP][PASSED] - sec = findTestData(dataFile).getValue("SEC", row): null

2023-01-19 19:33:39 - [TEST_STEP][PASSED] - openBrowser(VLinkURL + "debit.html"): Browser is opened with url: 'https://dev-algorithm.govolution.com/vlinktest/demo/version_2_0/debit.html'

2023-01-19 19:33:39 - [MESSAGE][WARNING] - A browser is already opened. Closing browser and opening a new one

2023-01-19 19:33:40 - [MESSAGE][INFO] - Starting 'Chrome' driver

2023-01-19 19:33:40 - [MESSAGE][INFO] - User set preference: ['acceptInsecureCerts', 'true']

2023-01-19 19:33:40 - [MESSAGE][INFO] - Action delay is set to 0 milliseconds

2023-01-19 19:33:42 - [MESSAGE][PASSED] - Browser is opened with url: 'https://dev-algorithm.govolution.com/vlinktest/demo/version_2_0/debit.html'

2023-01-19 19:33:42 - [TEST_STEP][PASSED] - maximizeWindow(): Current window maximized

2023-01-19 19:33:42 - [MESSAGE][PASSED] - Current window maximized

2023-01-19 19:33:42 - [TEST_STEP][PASSED] - genRemID1 = random() * 99999).toInteger(): null

2023-01-19 19:33:42 - [TEST_STEP][PASSED] - genRemID2 = random() * 99999).toInteger(): null

2023-01-19 19:33:42 - [TEST_STEP][PASSED] - genRemID3 = random() * 99999).toInteger(): null

2023-01-19 19:33:42 - [TEST_STEP][PASSED] - println(genRemID1): null

2023-01-19 19:33:42 - [TEST_STEP][PASSED] - println(genRemID2): null

2023-01-19 19:33:42 - [TEST_STEP][PASSED] - println(genRemID3): null

2023-01-19 19:33:42 - [TEST_STEP][PASSED] - genRemID = genRemID1 + "|" + genRemID2 + "|" + genRemID3: null

2023-01-19 19:33:42 - [TEST_STEP][PASSED] - println(genRemID): null

2023-01-19 19:33:42 - [TEST_STEP][PASSED] - setText(findTestObject("RecAndPlayBk/Page-Vlink-Debit/input_Remittance Id"), genRemID): Text '3536|5653|93839' is set on object 'Object Repository/RecAndPlayBk/Page-Vlink-Debit/input_Remittance Id'

2023-01-19 19:33:43 - [MESSAGE][PASSED] - Text '3536|5653|93839' is set on object 'Object Repository/RecAndPlayBk/Page-Vlink-Debit/input_Remittance Id'

2023-01-19 19:33:43 - [TEST_STEP][PASSED] - setText(findTestObject("RecAndPlayBk/Page-Vlink-Debit/input_Application Id"), appID): Text '1773' is set on object 'Object Repository/RecAndPlayBk/Page-Vlink-Debit/input_Application Id'

2023-01-19 19:33:43 - [MESSAGE][PASSED] - Text '1773' is set on object 'Object Repository/RecAndPlayBk/Page-Vlink-Debit/input_Application Id'

2023-01-19 19:33:43 - [TEST_STEP][PASSED] - setText(findTestObject("RecAndPlayBk/Page-Vlink-Debit/input_Username"), username): Text 'username' is set on object 'Object Repository/RecAndPlayBk/Page-Vlink-Debit/input_Username'

2023-01-19 19:33:44 - [MESSAGE][PASSED] - Text 'username' is set on object 'Object Repository/RecAndPlayBk/Page-Vlink-Debit/input_Username'

2023-01-19 19:33:44 - [TEST_STEP][PASSED] - setText(findTestObject("RecAndPlayBk/Page-Vlink-Debit/input_Password"), password): Text 'password' is set on object 'Object Repository/RecAndPlayBk/Page-Vlink-Debit/input_Password'

2023-01-19 19:33:45 - [MESSAGE][PASSED] - Text 'password' is set on object 'Object Repository/RecAndPlayBk/Page-Vlink-Debit/input_Password'

2023-01-19 19:33:45 - [TEST_STEP][PASSED] - setText(findTestObject("RecAndPlayBk/Page-Vlink-Debit/input_Check Type"), checkType): Text 'P' is set on object 'Object Repository/RecAndPlayBk/Page-Vlink-Debit/input_Check Type'

2023-01-19 19:33:46 - [MESSAGE][PASSED] - Text 'P' is set on object 'Object Repository/RecAndPlayBk/Page-Vlink-Debit/input_Check Type'

2023-01-19 19:33:46 - [TEST_STEP][PASSED] - setText(findTestObject("RecAndPlayBk/Page-Vlink-Debit/input_Account_check"), acNumber): Text '58963214' is set on object 'Object Repository/RecAndPlayBk/Page-Vlink-Debit/input_Account_check'

2023-01-19 19:33:47 - [MESSAGE][PASSED] - Text '58963214' is set on object 'Object Repository/RecAndPlayBk/Page-Vlink-Debit/input_Account_check'

2023-01-19 19:33:47 - [TEST_STEP][PASSED] - setText(findTestObject("RecAndPlayBk/Page-Vlink-Debit/input_Company_check"), company): Text '' is set on object 'Object Repository/RecAndPlayBk/Page-Vlink-Debit/input_Company_check'

2023-01-19 19:33:48 - [MESSAGE][PASSED] - Text '' is set on object 'Object Repository/RecAndPlayBk/Page-Vlink-Debit/input_Company_check'

2023-01-19 19:33:48 - [TEST_STEP][PASSED] - setText(findTestObject("RecAndPlayBk/Page-Vlink-Debit/input_Account Type"), acType): Text '1' is set on object 'Object Repository/RecAndPlayBk/Page-Vlink-Debit/input_Account Type'

2023-01-19 19:33:49 - [MESSAGE][PASSED] - Text '1' is set on object 'Object Repository/RecAndPlayBk/Page-Vlink-Debit/input_Account Type'

2023-01-19 19:33:49 - [TEST_STEP][PASSED] - setText(findTestObject("RecAndPlayBk/Page-Vlink-Debit/input_Routing Number"), rtn): Text '256072691' is set on object 'Object Repository/RecAndPlayBk/Page-Vlink-Debit/input_Routing Number'

2023-01-19 19:33:49 - [MESSAGE][PASSED] - Text '256072691' is set on object 'Object Repository/RecAndPlayBk/Page-Vlink-Debit/input_Routing Number'

2023-01-19 19:33:49 - [TEST_STEP][PASSED] - setText(findTestObject("RecAndPlayBk/Page-Vlink-Debit/input_Amount"), amount): Text '12.50' is set on object 'Object Repository/RecAndPlayBk/Page-Vlink-Debit/input_Amount'

2023-01-19 19:33:50 - [MESSAGE][PASSED] - Text '12.50' is set on object 'Object Repository/RecAndPlayBk/Page-Vlink-Debit/input_Amount'

2023-01-19 19:33:50 - [TEST_STEP][PASSED] - setText(findTestObject("RecAndPlayBk/Page-Vlink-Debit/input_Check Email"), ""): Text '' is set on object 'Object Repository/RecAndPlayBk/Page-Vlink-Debit/input_Check Email'

2023-01-19 19:33:51 - [MESSAGE][PASSED] - Text '' is set on object 'Object Repository/RecAndPlayBk/Page-Vlink-Debit/input_Check Email'

2023-01-19 19:33:51 - [TEST_STEP][PASSED] - setText(findTestObject("Object Repository/RecAndPlayBk/Page-Vlink-Debit/input_concat(CheckWriter, , s SSN)_check_ssn"), ""): Text '' is set on object 'Object Repository/RecAndPlayBk/Page-Vlink-Debit/input_concat(CheckWriter, , s SSN)_check_ssn'

2023-01-19 19:33:52 - [MESSAGE][PASSED] - Text '' is set on object 'Object Repository/RecAndPlayBk/Page-Vlink-Debit/input_concat(CheckWriter, , s SSN)_check_ssn'

2023-01-19 19:33:52 - [TEST_STEP][PASSED] - setText(findTestObject("Object Repository/RecAndPlayBk/Page-Vlink-Debit/input_concat(CheckWriter, , s License Numbe_020fef"), ""): Text '' is set on object 'Object Repository/RecAndPlayBk/Page-Vlink-Debit/input_concat(CheckWriter, , s License Numbe_020fef'

2023-01-19 19:33:53 - [MESSAGE][PASSED] - Text '' is set on object 'Object Repository/RecAndPlayBk/Page-Vlink-Debit/input_concat(CheckWriter, , s License Numbe_020fef'

2023-01-19 19:33:53 - [TEST_STEP][PASSED] - setText(findTestObject("Object Repository/RecAndPlayBk/Page-Vlink-Debit/input_concat(CheckWriter, , s License State_21e3e7"), ""): Text '' is set on object 'Object Repository/RecAndPlayBk/Page-Vlink-Debit/input_concat(CheckWriter, , s License State_21e3e7'

2023-01-19 19:33:54 - [MESSAGE][PASSED] - Text '' is set on object 'Object Repository/RecAndPlayBk/Page-Vlink-Debit/input_concat(CheckWriter, , s License State_21e3e7'

2023-01-19 19:33:54 - [TEST_STEP][PASSED] - setText(findTestObject("RecAndPlayBk/Page-Vlink-Debit/input_Standard Entry Class"), sec): Text 'PPD' is set on object 'Object Repository/RecAndPlayBk/Page-Vlink-Debit/input_Standard Entry Class'

2023-01-19 19:33:54 - [MESSAGE][PASSED] - Text 'PPD' is set on object 'Object Repository/RecAndPlayBk/Page-Vlink-Debit/input_Standard Entry Class'

2023-01-19 19:33:54 - [TEST_STEP][PASSED] - click(findTestObject("Object Repository/RecAndPlayBk/Page-Vlink-Debit/input")): Object: 'Object Repository/RecAndPlayBk/Page-Vlink-Debit/input' is clicked on

2023-01-19 19:33:55 - [MESSAGE][PASSED] - Object: 'Object Repository/RecAndPlayBk/Page-Vlink-Debit/input' is clicked on

2023-01-19 19:33:55 - [TEST_STEP][PASSED] - if (verifyTextPresent("Transaction approved, no errors", true)): null

2023-01-19 19:33:56 - [MESSAGE][PASSED] - Text 'Transaction approved, no errors' is present on page  using regular expression

2023-01-19 19:33:56 - [TEST_STEP][PASSED] - println("Transaction Approved, no errors text is present on the Confirmation page"): null

2023-01-19 19:33:56 - [TEST_STEP][PASSED] - sdfo = getText(findTestObject("Object Repository/Page_VLinkReceipt/pre_STX")): Text of object 'Object Repository/Page_VLinkReceipt/pre_STX' is: '<STX>3536|5653|93839               2916694             0  Transaction approved, no errors                   0                                                                                                              <ETX>'

2023-01-19 19:33:56 - [MESSAGE][PASSED] - Text of object 'Object Repository/Page_VLinkReceipt/pre_STX' is: '<STX>3536|5653|93839               2916694             0  Transaction approved, no errors                   0                                                                                                              <ETX>'

2023-01-19 19:33:56 - [TEST_STEP][PASSED] - out.println("sdfo: " + sdfo): null

2023-01-19 19:33:56 - [TEST_STEP][PASSED] - remID = substring(5, 35).trim(): null

2023-01-19 19:33:56 - [TEST_STEP][PASSED] - out.println("remID: " + remID): null

2023-01-19 19:33:56 - [TEST_STEP][PASSED] - traxID = substring(35, 55).trim(): null

2023-01-19 19:33:56 - [TEST_STEP][PASSED] - out.println("traxID: " + traxID): null

2023-01-19 19:33:56 - [TEST_STEP][PASSED] - VLinkSaleRemID = remID: null

2023-01-19 19:33:56 - [TEST_STEP][PASSED] - VLinkSaleTranxID = traxID: null

2023-01-19 19:33:56 - [TEST_STEP][PASSED] - openBrowser(VLinkURL + "ACH_credit.html"): Browser is opened with url: 'https://dev-algorithm.govolution.com/vlinktest/demo/version_2_0/ACH_credit.html'

2023-01-19 19:33:56 - [MESSAGE][WARNING] - A browser is already opened. Closing browser and opening a new one

2023-01-19 19:33:57 - [MESSAGE][INFO] - Starting 'Chrome' driver

2023-01-19 19:33:57 - [MESSAGE][INFO] - User set preference: ['acceptInsecureCerts', 'true']

2023-01-19 19:33:57 - [MESSAGE][INFO] - Action delay is set to 0 milliseconds

2023-01-19 19:33:59 - [MESSAGE][PASSED] - Browser is opened with url: 'https://dev-algorithm.govolution.com/vlinktest/demo/version_2_0/ACH_credit.html'

2023-01-19 19:33:59 - [TEST_STEP][PASSED] - maximizeWindow(): Current window maximized

2023-01-19 19:33:59 - [MESSAGE][PASSED] - Current window maximized

2023-01-19 19:33:59 - [TEST_STEP][PASSED] - setText(findTestObject("Object Repository/RecAndPlayBk/Page-Vlink-ACH-Credit/input_Remittance Id"), VLinkSaleRemID): Text '3536|5653|93839' is set on object 'Object Repository/RecAndPlayBk/Page-Vlink-ACH-Credit/input_Remittance Id'

2023-01-19 19:34:00 - [MESSAGE][PASSED] - Text '3536|5653|93839' is set on object 'Object Repository/RecAndPlayBk/Page-Vlink-ACH-Credit/input_Remittance Id'

2023-01-19 19:34:00 - [TEST_STEP][PASSED] - setText(findTestObject("Object Repository/RecAndPlayBk/Page-Vlink-ACH-Credit/input_Application Id"), appID): Text '1773' is set on object 'Object Repository/RecAndPlayBk/Page-Vlink-ACH-Credit/input_Application Id'

2023-01-19 19:34:01 - [MESSAGE][PASSED] - Text '1773' is set on object 'Object Repository/RecAndPlayBk/Page-Vlink-ACH-Credit/input_Application Id'

2023-01-19 19:34:01 - [TEST_STEP][PASSED] - setText(findTestObject("Object Repository/RecAndPlayBk/Page-Vlink-ACH-Credit/input_Username"), username): Text 'username' is set on object 'Object Repository/RecAndPlayBk/Page-Vlink-ACH-Credit/input_Username'

2023-01-19 19:34:01 - [MESSAGE][PASSED] - Text 'username' is set on object 'Object Repository/RecAndPlayBk/Page-Vlink-ACH-Credit/input_Username'

2023-01-19 19:34:01 - [TEST_STEP][PASSED] - setText(findTestObject("Object Repository/RecAndPlayBk/Page-Vlink-ACH-Credit/input_Password"), password): Text 'password' is set on object 'Object Repository/RecAndPlayBk/Page-Vlink-ACH-Credit/input_Password'

2023-01-19 19:34:02 - [MESSAGE][PASSED] - Text 'password' is set on object 'Object Repository/RecAndPlayBk/Page-Vlink-ACH-Credit/input_Password'

2023-01-19 19:34:02 - [TEST_STEP][PASSED] - setText(findTestObject("Object Repository/RecAndPlayBk/Page-Vlink-ACH-Credit/input_Check Type"), checkType): Text 'P' is set on object 'Object Repository/RecAndPlayBk/Page-Vlink-ACH-Credit/input_Check Type'

2023-01-19 19:34:03 - [MESSAGE][PASSED] - Text 'P' is set on object 'Object Repository/RecAndPlayBk/Page-Vlink-ACH-Credit/input_Check Type'

2023-01-19 19:34:03 - [TEST_STEP][PASSED] - setText(findTestObject("Object Repository/RecAndPlayBk/Page-Vlink-ACH-Credit/input_Transaction ID"), VLinkSaleTranxID): Text '2916694' is set on object 'Object Repository/RecAndPlayBk/Page-Vlink-ACH-Credit/input_Transaction ID'

2023-01-19 19:34:04 - [MESSAGE][PASSED] - Text '2916694' is set on object 'Object Repository/RecAndPlayBk/Page-Vlink-ACH-Credit/input_Transaction ID'

2023-01-19 19:34:04 - [TEST_STEP][PASSED] - setText(findTestObject("Object Repository/RecAndPlayBk/Page-Vlink-ACH-Credit/input_Amount"), amount): Text '12.50' is set on object 'Object Repository/RecAndPlayBk/Page-Vlink-ACH-Credit/input_Amount'

2023-01-19 19:34:05 - [MESSAGE][PASSED] - Text '12.50' is set on object 'Object Repository/RecAndPlayBk/Page-Vlink-ACH-Credit/input_Amount'

2023-01-19 19:34:05 - [TEST_STEP][PASSED] - setText(findTestObject("Object Repository/RecAndPlayBk/Page-Vlink-ACH-Credit/input_Standard Entry Class"), sec): Text 'PPD' is set on object 'Object Repository/RecAndPlayBk/Page-Vlink-ACH-Credit/input_Standard Entry Class'

2023-01-19 19:34:06 - [MESSAGE][PASSED] - Text 'PPD' is set on object 'Object Repository/RecAndPlayBk/Page-Vlink-ACH-Credit/input_Standard Entry Class'

2023-01-19 19:34:06 - [TEST_STEP][PASSED] - setText(findTestObject("Object Repository/RecAndPlayBk/Page-Vlink-ACH-Credit/input_Account Number"), acNumber): Text '58963214' is set on object 'Object Repository/RecAndPlayBk/Page-Vlink-ACH-Credit/input_Account Number'

2023-01-19 19:34:07 - [MESSAGE][PASSED] - Text '58963214' is set on object 'Object Repository/RecAndPlayBk/Page-Vlink-ACH-Credit/input_Account Number'

2023-01-19 19:34:07 - [TEST_STEP][PASSED] - setText(findTestObject("Object Repository/RecAndPlayBk/Page-Vlink-ACH-Credit/input_Routing Number"), rtn): Text '256072691' is set on object 'Object Repository/RecAndPlayBk/Page-Vlink-ACH-Credit/input_Routing Number'

2023-01-19 19:34:08 - [MESSAGE][PASSED] - Text '256072691' is set on object 'Object Repository/RecAndPlayBk/Page-Vlink-ACH-Credit/input_Routing Number'

2023-01-19 19:34:08 - [TEST_STEP][PASSED] - click(findTestObject("Object Repository/RecAndPlayBk/Page-Vlink-ACH-Credit/input")): Object: 'Object Repository/RecAndPlayBk/Page-Vlink-ACH-Credit/input' is clicked on

2023-01-19 19:34:09 - [MESSAGE][PASSED] - Object: 'Object Repository/RecAndPlayBk/Page-Vlink-ACH-Credit/input' is clicked on

2023-01-19 19:34:09 - [TEST_STEP][PASSED] - if (verifyTextPresent("Transaction approved, no errors", true)): null

2023-01-19 19:34:09 - [MESSAGE][PASSED] - Text 'Transaction approved, no errors' is present on page  using regular expression

2023-01-19 19:34:09 - [TEST_STEP][PASSED] - println("Transaction Approved, no errors text is present on the Confirmation page"): null

2023-01-19 19:34:09 - [TEST_STEP][PASSED] - out.println("Pass Record Number: " + row): null

2023-01-19 19:34:09 - [TEST_STEP][PASSED] - resText = "Pass": null

2023-01-19 19:34:09 - [TEST_STEP][PASSED] - pages.WriteExcel.demoKey(resText, datText, resColumn, datCloumn, fileLoc, nameSheet, row): pages.WriteExcel.demoKey is PASSED

2023-01-19 19:34:10 - [MESSAGE][PASSED] - pages.WriteExcel.demoKey is PASSED

2023-01-19 19:34:10 - [TEST_STEP][PASSED] - ExecuteTC = findTestData(dataFile).getValue("Execute", row): null

2023-01-19 19:34:10 - [TEST_STEP][PASSED] - out.println("Value of Execute is : " + ExecuteTC): null

2023-01-19 19:34:10 - [TEST_STEP][PASSED] - switch (executionProfile): null

2023-01-19 19:34:10 - [TEST_STEP][PASSED] - case "DemoProfile":: null

2023-01-19 19:34:10 - [TEST_STEP][PASSED] - appID = findTestData(dataFile).getValue("AppIDDemo", row): null

2023-01-19 19:34:10 - [TEST_STEP][PASSED] - username = findTestData(dataFile).getValue("UsernameDemo", row): null

2023-01-19 19:34:10 - [TEST_STEP][PASSED] - password = findTestData(dataFile).getValue("PasswordDemo", row): null

2023-01-19 19:34:10 - [TEST_STEP][PASSED] - break: null

2023-01-19 19:34:10 - [TEST_STEP][PASSED] - if (ExecuteTC.equalsIgnoreCase("Y")): null

2023-01-19 19:34:10 - [TEST_STEP][PASSED] - out.println("Begin Record Number: " + row): null

2023-01-19 19:34:10 - [TEST_STEP][PASSED] - today = new java.util.Date(): null

2023-01-19 19:34:10 - [TEST_STEP][PASSED] - println(today): null

2023-01-19 19:34:10 - [TEST_STEP][PASSED] - datText = today: null

2023-01-19 19:34:10 - [TEST_STEP][PASSED] - checkType = findTestData(dataFile).getValue("CheckType", row): null

2023-01-19 19:34:10 - [TEST_STEP][PASSED] - acNumber = findTestData(dataFile).getValue("AcNumber", row): null

2023-01-19 19:34:10 - [TEST_STEP][PASSED] - company = findTestData(dataFile).getValue("Company", row): null

2023-01-19 19:34:10 - [TEST_STEP][PASSED] - acType = findTestData(dataFile).getValue("AcType", row): null

2023-01-19 19:34:10 - [TEST_STEP][PASSED] - rtn = findTestData(dataFile).getValue("RTN", row): null

2023-01-19 19:34:10 - [TEST_STEP][PASSED] - amount = findTestData(dataFile).getValue("Amount", row): null

2023-01-19 19:34:10 - [TEST_STEP][PASSED] - sec = findTestData(dataFile).getValue("SEC", row): null

2023-01-19 19:34:10 - [TEST_STEP][PASSED] - openBrowser(VLinkURL + "debit.html"): Browser is opened with url: 'https://dev-algorithm.govolution.com/vlinktest/demo/version_2_0/debit.html'

2023-01-19 19:34:10 - [MESSAGE][WARNING] - A browser is already opened. Closing browser and opening a new one

2023-01-19 19:34:11 - [MESSAGE][INFO] - Starting 'Chrome' driver

2023-01-19 19:34:11 - [MESSAGE][INFO] - User set preference: ['acceptInsecureCerts', 'true']

2023-01-19 19:34:11 - [MESSAGE][INFO] - Action delay is set to 0 milliseconds

2023-01-19 19:34:13 - [MESSAGE][PASSED] - Browser is opened with url: 'https://dev-algorithm.govolution.com/vlinktest/demo/version_2_0/debit.html'

2023-01-19 19:34:13 - [TEST_STEP][PASSED] - maximizeWindow(): Current window maximized

2023-01-19 19:34:13 - [MESSAGE][PASSED] - Current window maximized

2023-01-19 19:34:13 - [TEST_STEP][PASSED] - genRemID1 = random() * 99999).toInteger(): null

2023-01-19 19:34:13 - [TEST_STEP][PASSED] - genRemID2 = random() * 99999).toInteger(): null

2023-01-19 19:34:13 - [TEST_STEP][PASSED] - genRemID3 = random() * 99999).toInteger(): null

2023-01-19 19:34:13 - [TEST_STEP][PASSED] - println(genRemID1): null

2023-01-19 19:34:13 - [TEST_STEP][PASSED] - println(genRemID2): null

2023-01-19 19:34:13 - [TEST_STEP][PASSED] - println(genRemID3): null

2023-01-19 19:34:13 - [TEST_STEP][PASSED] - genRemID = genRemID1 + "|" + genRemID2 + "|" + genRemID3: null

2023-01-19 19:34:13 - [TEST_STEP][PASSED] - println(genRemID): null

2023-01-19 19:34:13 - [TEST_STEP][PASSED] - setText(findTestObject("RecAndPlayBk/Page-Vlink-Debit/input_Remittance Id"), genRemID): Text '9076|12224|61465' is set on object 'Object Repository/RecAndPlayBk/Page-Vlink-Debit/input_Remittance Id'

2023-01-19 19:34:14 - [MESSAGE][PASSED] - Text '9076|12224|61465' is set on object 'Object Repository/RecAndPlayBk/Page-Vlink-Debit/input_Remittance Id'

2023-01-19 19:34:14 - [TEST_STEP][PASSED] - setText(findTestObject("RecAndPlayBk/Page-Vlink-Debit/input_Application Id"), appID): Text '1773' is set on object 'Object Repository/RecAndPlayBk/Page-Vlink-Debit/input_Application Id'

2023-01-19 19:34:15 - [MESSAGE][PASSED] - Text '1773' is set on object 'Object Repository/RecAndPlayBk/Page-Vlink-Debit/input_Application Id'

2023-01-19 19:34:15 - [TEST_STEP][PASSED] - setText(findTestObject("RecAndPlayBk/Page-Vlink-Debit/input_Username"), username): Text 'username' is set on object 'Object Repository/RecAndPlayBk/Page-Vlink-Debit/input_Username'

2023-01-19 19:34:16 - [MESSAGE][PASSED] - Text 'username' is set on object 'Object Repository/RecAndPlayBk/Page-Vlink-Debit/input_Username'

2023-01-19 19:34:16 - [TEST_STEP][PASSED] - setText(findTestObject("RecAndPlayBk/Page-Vlink-Debit/input_Password"), password): Text 'password' is set on object 'Object Repository/RecAndPlayBk/Page-Vlink-Debit/input_Password'

2023-01-19 19:34:17 - [MESSAGE][PASSED] - Text 'password' is set on object 'Object Repository/RecAndPlayBk/Page-Vlink-Debit/input_Password'

2023-01-19 19:34:17 - [TEST_STEP][PASSED] - setText(findTestObject("RecAndPlayBk/Page-Vlink-Debit/input_Check Type"), checkType): Text 'P' is set on object 'Object Repository/RecAndPlayBk/Page-Vlink-Debit/input_Check Type'

2023-01-19 19:34:17 - [MESSAGE][PASSED] - Text 'P' is set on object 'Object Repository/RecAndPlayBk/Page-Vlink-Debit/input_Check Type'

2023-01-19 19:34:17 - [TEST_STEP][PASSED] - setText(findTestObject("RecAndPlayBk/Page-Vlink-Debit/input_Account_check"), acNumber): Text '58963214' is set on object 'Object Repository/RecAndPlayBk/Page-Vlink-Debit/input_Account_check'

2023-01-19 19:34:18 - [MESSAGE][PASSED] - Text '58963214' is set on object 'Object Repository/RecAndPlayBk/Page-Vlink-Debit/input_Account_check'

2023-01-19 19:34:18 - [TEST_STEP][PASSED] - setText(findTestObject("RecAndPlayBk/Page-Vlink-Debit/input_Company_check"), company): Text '' is set on object 'Object Repository/RecAndPlayBk/Page-Vlink-Debit/input_Company_check'

2023-01-19 19:34:19 - [MESSAGE][PASSED] - Text '' is set on object 'Object Repository/RecAndPlayBk/Page-Vlink-Debit/input_Company_check'

2023-01-19 19:34:19 - [TEST_STEP][PASSED] - setText(findTestObject("RecAndPlayBk/Page-Vlink-Debit/input_Account Type"), acType): Text '2' is set on object 'Object Repository/RecAndPlayBk/Page-Vlink-Debit/input_Account Type'

2023-01-19 19:34:20 - [MESSAGE][PASSED] - Text '2' is set on object 'Object Repository/RecAndPlayBk/Page-Vlink-Debit/input_Account Type'

2023-01-19 19:34:20 - [TEST_STEP][PASSED] - setText(findTestObject("RecAndPlayBk/Page-Vlink-Debit/input_Routing Number"), rtn): Text '256072691' is set on object 'Object Repository/RecAndPlayBk/Page-Vlink-Debit/input_Routing Number'

2023-01-19 19:34:21 - [MESSAGE][PASSED] - Text '256072691' is set on object 'Object Repository/RecAndPlayBk/Page-Vlink-Debit/input_Routing Number'

2023-01-19 19:34:21 - [TEST_STEP][PASSED] - setText(findTestObject("RecAndPlayBk/Page-Vlink-Debit/input_Amount"), amount): Text '12.50' is set on object 'Object Repository/RecAndPlayBk/Page-Vlink-Debit/input_Amount'

2023-01-19 19:34:22 - [MESSAGE][PASSED] - Text '12.50' is set on object 'Object Repository/RecAndPlayBk/Page-Vlink-Debit/input_Amount'

2023-01-19 19:34:22 - [TEST_STEP][PASSED] - setText(findTestObject("RecAndPlayBk/Page-Vlink-Debit/input_Check Email"), ""): Text '' is set on object 'Object Repository/RecAndPlayBk/Page-Vlink-Debit/input_Check Email'

2023-01-19 19:34:23 - [MESSAGE][PASSED] - Text '' is set on object 'Object Repository/RecAndPlayBk/Page-Vlink-Debit/input_Check Email'

2023-01-19 19:34:23 - [TEST_STEP][PASSED] - setText(findTestObject("Object Repository/RecAndPlayBk/Page-Vlink-Debit/input_concat(CheckWriter, , s SSN)_check_ssn"), ""): Text '' is set on object 'Object Repository/RecAndPlayBk/Page-Vlink-Debit/input_concat(CheckWriter, , s SSN)_check_ssn'

2023-01-19 19:34:23 - [MESSAGE][PASSED] - Text '' is set on object 'Object Repository/RecAndPlayBk/Page-Vlink-Debit/input_concat(CheckWriter, , s SSN)_check_ssn'

2023-01-19 19:34:23 - [TEST_STEP][PASSED] - setText(findTestObject("Object Repository/RecAndPlayBk/Page-Vlink-Debit/input_concat(CheckWriter, , s License Numbe_020fef"), ""): Text '' is set on object 'Object Repository/RecAndPlayBk/Page-Vlink-Debit/input_concat(CheckWriter, , s License Numbe_020fef'

2023-01-19 19:34:24 - [MESSAGE][PASSED] - Text '' is set on object 'Object Repository/RecAndPlayBk/Page-Vlink-Debit/input_concat(CheckWriter, , s License Numbe_020fef'

2023-01-19 19:34:24 - [TEST_STEP][PASSED] - setText(findTestObject("Object Repository/RecAndPlayBk/Page-Vlink-Debit/input_concat(CheckWriter, , s License State_21e3e7"), ""): Text '' is set on object 'Object Repository/RecAndPlayBk/Page-Vlink-Debit/input_concat(CheckWriter, , s License State_21e3e7'

2023-01-19 19:34:25 - [MESSAGE][PASSED] - Text '' is set on object 'Object Repository/RecAndPlayBk/Page-Vlink-Debit/input_concat(CheckWriter, , s License State_21e3e7'

2023-01-19 19:34:25 - [TEST_STEP][PASSED] - setText(findTestObject("RecAndPlayBk/Page-Vlink-Debit/input_Standard Entry Class"), sec): Text 'WEB' is set on object 'Object Repository/RecAndPlayBk/Page-Vlink-Debit/input_Standard Entry Class'

2023-01-19 19:34:26 - [MESSAGE][PASSED] - Text 'WEB' is set on object 'Object Repository/RecAndPlayBk/Page-Vlink-Debit/input_Standard Entry Class'

2023-01-19 19:34:26 - [TEST_STEP][PASSED] - click(findTestObject("Object Repository/RecAndPlayBk/Page-Vlink-Debit/input")): Object: 'Object Repository/RecAndPlayBk/Page-Vlink-Debit/input' is clicked on

2023-01-19 19:34:27 - [MESSAGE][PASSED] - Object: 'Object Repository/RecAndPlayBk/Page-Vlink-Debit/input' is clicked on

2023-01-19 19:34:27 - [TEST_STEP][PASSED] - if (verifyTextPresent("Transaction approved, no errors", true)): null

2023-01-19 19:34:27 - [MESSAGE][PASSED] - Text 'Transaction approved, no errors' is present on page  using regular expression

2023-01-19 19:34:27 - [TEST_STEP][PASSED] - println("Transaction Approved, no errors text is present on the Confirmation page"): null

2023-01-19 19:34:27 - [TEST_STEP][PASSED] - sdfo = getText(findTestObject("Object Repository/Page_VLinkReceipt/pre_STX")): Text of object 'Object Repository/Page_VLinkReceipt/pre_STX' is: '<STX>9076|12224|61465              2916696             0  Transaction approved, no errors                   0                                                                                                              <ETX>'

2023-01-19 19:34:27 - [MESSAGE][PASSED] - Text of object 'Object Repository/Page_VLinkReceipt/pre_STX' is: '<STX>9076|12224|61465              2916696             0  Transaction approved, no errors                   0                                                                                                              <ETX>'

2023-01-19 19:34:27 - [TEST_STEP][PASSED] - out.println("sdfo: " + sdfo): null

2023-01-19 19:34:27 - [TEST_STEP][PASSED] - remID = substring(5, 35).trim(): null

2023-01-19 19:34:27 - [TEST_STEP][PASSED] - out.println("remID: " + remID): null

2023-01-19 19:34:27 - [TEST_STEP][PASSED] - traxID = substring(35, 55).trim(): null

2023-01-19 19:34:27 - [TEST_STEP][PASSED] - out.println("traxID: " + traxID): null

2023-01-19 19:34:27 - [TEST_STEP][PASSED] - VLinkSaleRemID = remID: null

2023-01-19 19:34:27 - [TEST_STEP][PASSED] - VLinkSaleTranxID = traxID: null

2023-01-19 19:34:27 - [TEST_STEP][PASSED] - openBrowser(VLinkURL + "ACH_credit.html"): Browser is opened with url: 'https://dev-algorithm.govolution.com/vlinktest/demo/version_2_0/ACH_credit.html'

2023-01-19 19:34:27 - [MESSAGE][WARNING] - A browser is already opened. Closing browser and opening a new one

2023-01-19 19:34:28 - [MESSAGE][INFO] - Starting 'Chrome' driver

2023-01-19 19:34:28 - [MESSAGE][INFO] - User set preference: ['acceptInsecureCerts', 'true']

2023-01-19 19:34:28 - [MESSAGE][INFO] - Action delay is set to 0 milliseconds

2023-01-19 19:34:30 - [MESSAGE][PASSED] - Browser is opened with url: 'https://dev-algorithm.govolution.com/vlinktest/demo/version_2_0/ACH_credit.html'

2023-01-19 19:34:30 - [TEST_STEP][PASSED] - maximizeWindow(): Current window maximized

2023-01-19 19:34:30 - [MESSAGE][PASSED] - Current window maximized

2023-01-19 19:34:30 - [TEST_STEP][PASSED] - setText(findTestObject("Object Repository/RecAndPlayBk/Page-Vlink-ACH-Credit/input_Remittance Id"), VLinkSaleRemID): Text '9076|12224|61465' is set on object 'Object Repository/RecAndPlayBk/Page-Vlink-ACH-Credit/input_Remittance Id'

2023-01-19 19:34:31 - [MESSAGE][PASSED] - Text '9076|12224|61465' is set on object 'Object Repository/RecAndPlayBk/Page-Vlink-ACH-Credit/input_Remittance Id'

2023-01-19 19:34:31 - [TEST_STEP][PASSED] - setText(findTestObject("Object Repository/RecAndPlayBk/Page-Vlink-ACH-Credit/input_Application Id"), appID): Text '1773' is set on object 'Object Repository/RecAndPlayBk/Page-Vlink-ACH-Credit/input_Application Id'

2023-01-19 19:34:32 - [MESSAGE][PASSED] - Text '1773' is set on object 'Object Repository/RecAndPlayBk/Page-Vlink-ACH-Credit/input_Application Id'

2023-01-19 19:34:32 - [TEST_STEP][PASSED] - setText(findTestObject("Object Repository/RecAndPlayBk/Page-Vlink-ACH-Credit/input_Username"), username): Text 'username' is set on object 'Object Repository/RecAndPlayBk/Page-Vlink-ACH-Credit/input_Username'

2023-01-19 19:34:33 - [MESSAGE][PASSED] - Text 'username' is set on object 'Object Repository/RecAndPlayBk/Page-Vlink-ACH-Credit/input_Username'

2023-01-19 19:34:33 - [TEST_STEP][PASSED] - setText(findTestObject("Object Repository/RecAndPlayBk/Page-Vlink-ACH-Credit/input_Password"), password): Text 'password' is set on object 'Object Repository/RecAndPlayBk/Page-Vlink-ACH-Credit/input_Password'

2023-01-19 19:34:34 - [MESSAGE][PASSED] - Text 'password' is set on object 'Object Repository/RecAndPlayBk/Page-Vlink-ACH-Credit/input_Password'

2023-01-19 19:34:34 - [TEST_STEP][PASSED] - setText(findTestObject("Object Repository/RecAndPlayBk/Page-Vlink-ACH-Credit/input_Check Type"), checkType): Text 'P' is set on object 'Object Repository/RecAndPlayBk/Page-Vlink-ACH-Credit/input_Check Type'

2023-01-19 19:34:34 - [MESSAGE][PASSED] - Text 'P' is set on object 'Object Repository/RecAndPlayBk/Page-Vlink-ACH-Credit/input_Check Type'

2023-01-19 19:34:34 - [TEST_STEP][PASSED] - setText(findTestObject("Object Repository/RecAndPlayBk/Page-Vlink-ACH-Credit/input_Transaction ID"), VLinkSaleTranxID): Text '2916696' is set on object 'Object Repository/RecAndPlayBk/Page-Vlink-ACH-Credit/input_Transaction ID'

2023-01-19 19:34:35 - [MESSAGE][PASSED] - Text '2916696' is set on object 'Object Repository/RecAndPlayBk/Page-Vlink-ACH-Credit/input_Transaction ID'

2023-01-19 19:34:35 - [TEST_STEP][PASSED] - setText(findTestObject("Object Repository/RecAndPlayBk/Page-Vlink-ACH-Credit/input_Amount"), amount): Text '12.50' is set on object 'Object Repository/RecAndPlayBk/Page-Vlink-ACH-Credit/input_Amount'

2023-01-19 19:34:36 - [MESSAGE][PASSED] - Text '12.50' is set on object 'Object Repository/RecAndPlayBk/Page-Vlink-ACH-Credit/input_Amount'

2023-01-19 19:34:36 - [TEST_STEP][PASSED] - setText(findTestObject("Object Repository/RecAndPlayBk/Page-Vlink-ACH-Credit/input_Standard Entry Class"), sec): Text 'WEB' is set on object 'Object Repository/RecAndPlayBk/Page-Vlink-ACH-Credit/input_Standard Entry Class'

2023-01-19 19:34:37 - [MESSAGE][PASSED] - Text 'WEB' is set on object 'Object Repository/RecAndPlayBk/Page-Vlink-ACH-Credit/input_Standard Entry Class'

2023-01-19 19:34:37 - [TEST_STEP][PASSED] - setText(findTestObject("Object Repository/RecAndPlayBk/Page-Vlink-ACH-Credit/input_Account Number"), acNumber): Text '58963214' is set on object 'Object Repository/RecAndPlayBk/Page-Vlink-ACH-Credit/input_Account Number'

2023-01-19 19:34:38 - [MESSAGE][PASSED] - Text '58963214' is set on object 'Object Repository/RecAndPlayBk/Page-Vlink-ACH-Credit/input_Account Number'

2023-01-19 19:34:38 - [TEST_STEP][PASSED] - setText(findTestObject("Object Repository/RecAndPlayBk/Page-Vlink-ACH-Credit/input_Routing Number"), rtn): Text '256072691' is set on object 'Object Repository/RecAndPlayBk/Page-Vlink-ACH-Credit/input_Routing Number'

2023-01-19 19:34:39 - [MESSAGE][PASSED] - Text '256072691' is set on object 'Object Repository/RecAndPlayBk/Page-Vlink-ACH-Credit/input_Routing Number'

2023-01-19 19:34:39 - [TEST_STEP][PASSED] - click(findTestObject("Object Repository/RecAndPlayBk/Page-Vlink-ACH-Credit/input")): Object: 'Object Repository/RecAndPlayBk/Page-Vlink-ACH-Credit/input' is clicked on

2023-01-19 19:34:40 - [MESSAGE][PASSED] - Object: 'Object Repository/RecAndPlayBk/Page-Vlink-ACH-Credit/input' is clicked on

2023-01-19 19:34:40 - [TEST_STEP][PASSED] - if (verifyTextPresent("Transaction approved, no errors", true)): null

2023-01-19 19:34:40 - [MESSAGE][PASSED] - Text 'Transaction approved, no errors' is present on page  using regular expression

2023-01-19 19:34:40 - [TEST_STEP][PASSED] - println("Transaction Approved, no errors text is present on the Confirmation page"): null

2023-01-19 19:34:40 - [TEST_STEP][PASSED] - out.println("Pass Record Number: " + row): null

2023-01-19 19:34:40 - [TEST_STEP][PASSED] - resText = "Pass": null

2023-01-19 19:34:40 - [TEST_STEP][PASSED] - pages.WriteExcel.demoKey(resText, datText, resColumn, datCloumn, fileLoc, nameSheet, row): pages.WriteExcel.demoKey is PASSED

2023-01-19 19:34:40 - [MESSAGE][PASSED] - pages.WriteExcel.demoKey is PASSED

2023-01-19 19:34:40 - [TEST_STEP][PASSED] - ExecuteTC = findTestData(dataFile).getValue("Execute", row): null

2023-01-19 19:34:41 - [TEST_STEP][PASSED] - out.println("Value of Execute is : " + ExecuteTC): null

2023-01-19 19:34:41 - [TEST_STEP][PASSED] - switch (executionProfile): null

2023-01-19 19:34:41 - [TEST_STEP][PASSED] - case "DemoProfile":: null

2023-01-19 19:34:41 - [TEST_STEP][PASSED] - appID = findTestData(dataFile).getValue("AppIDDemo", row): null

2023-01-19 19:34:41 - [TEST_STEP][PASSED] - username = findTestData(dataFile).getValue("UsernameDemo", row): null

2023-01-19 19:34:41 - [TEST_STEP][PASSED] - password = findTestData(dataFile).getValue("PasswordDemo", row): null

2023-01-19 19:34:41 - [TEST_STEP][PASSED] - break: null

2023-01-19 19:34:41 - [TEST_STEP][PASSED] - if (ExecuteTC.equalsIgnoreCase("Y")): null

2023-01-19 19:34:41 - [TEST_STEP][PASSED] - out.println("Begin Record Number: " + row): null

2023-01-19 19:34:41 - [TEST_STEP][PASSED] - today = new java.util.Date(): null

2023-01-19 19:34:41 - [TEST_STEP][PASSED] - println(today): null

2023-01-19 19:34:41 - [TEST_STEP][PASSED] - datText = today: null

2023-01-19 19:34:41 - [TEST_STEP][PASSED] - checkType = findTestData(dataFile).getValue("CheckType", row): null

2023-01-19 19:34:41 - [TEST_STEP][PASSED] - acNumber = findTestData(dataFile).getValue("AcNumber", row): null

2023-01-19 19:34:41 - [TEST_STEP][PASSED] - company = findTestData(dataFile).getValue("Company", row): null

2023-01-19 19:34:41 - [TEST_STEP][PASSED] - acType = findTestData(dataFile).getValue("AcType", row): null

2023-01-19 19:34:41 - [TEST_STEP][PASSED] - rtn = findTestData(dataFile).getValue("RTN", row): null

2023-01-19 19:34:41 - [TEST_STEP][PASSED] - amount = findTestData(dataFile).getValue("Amount", row): null

2023-01-19 19:34:41 - [TEST_STEP][PASSED] - sec = findTestData(dataFile).getValue("SEC", row): null

2023-01-19 19:34:41 - [TEST_STEP][PASSED] - openBrowser(VLinkURL + "debit.html"): Browser is opened with url: 'https://dev-algorithm.govolution.com/vlinktest/demo/version_2_0/debit.html'

2023-01-19 19:34:41 - [MESSAGE][WARNING] - A browser is already opened. Closing browser and opening a new one

2023-01-19 19:34:42 - [MESSAGE][INFO] - Starting 'Chrome' driver

2023-01-19 19:34:42 - [MESSAGE][INFO] - User set preference: ['acceptInsecureCerts', 'true']

2023-01-19 19:34:42 - [MESSAGE][INFO] - Action delay is set to 0 milliseconds

2023-01-19 19:34:44 - [MESSAGE][PASSED] - Browser is opened with url: 'https://dev-algorithm.govolution.com/vlinktest/demo/version_2_0/debit.html'

2023-01-19 19:34:44 - [TEST_STEP][PASSED] - maximizeWindow(): Current window maximized

2023-01-19 19:34:44 - [MESSAGE][PASSED] - Current window maximized

2023-01-19 19:34:44 - [TEST_STEP][PASSED] - genRemID1 = random() * 99999).toInteger(): null

2023-01-19 19:34:44 - [TEST_STEP][PASSED] - genRemID2 = random() * 99999).toInteger(): null

2023-01-19 19:34:44 - [TEST_STEP][PASSED] - genRemID3 = random() * 99999).toInteger(): null

2023-01-19 19:34:44 - [TEST_STEP][PASSED] - println(genRemID1): null

2023-01-19 19:34:44 - [TEST_STEP][PASSED] - println(genRemID2): null

2023-01-19 19:34:44 - [TEST_STEP][PASSED] - println(genRemID3): null

2023-01-19 19:34:44 - [TEST_STEP][PASSED] - genRemID = genRemID1 + "|" + genRemID2 + "|" + genRemID3: null

2023-01-19 19:34:44 - [TEST_STEP][PASSED] - println(genRemID): null

2023-01-19 19:34:44 - [TEST_STEP][PASSED] - setText(findTestObject("RecAndPlayBk/Page-Vlink-Debit/input_Remittance Id"), genRemID): Text '11354|91514|61144' is set on object 'Object Repository/RecAndPlayBk/Page-Vlink-Debit/input_Remittance Id'

2023-01-19 19:34:45 - [MESSAGE][PASSED] - Text '11354|91514|61144' is set on object 'Object Repository/RecAndPlayBk/Page-Vlink-Debit/input_Remittance Id'

2023-01-19 19:34:45 - [TEST_STEP][PASSED] - setText(findTestObject("RecAndPlayBk/Page-Vlink-Debit/input_Application Id"), appID): Text '1773' is set on object 'Object Repository/RecAndPlayBk/Page-Vlink-Debit/input_Application Id'

2023-01-19 19:34:46 - [MESSAGE][PASSED] - Text '1773' is set on object 'Object Repository/RecAndPlayBk/Page-Vlink-Debit/input_Application Id'

2023-01-19 19:34:46 - [TEST_STEP][PASSED] - setText(findTestObject("RecAndPlayBk/Page-Vlink-Debit/input_Username"), username): Text 'username' is set on object 'Object Repository/RecAndPlayBk/Page-Vlink-Debit/input_Username'

2023-01-19 19:34:46 - [MESSAGE][PASSED] - Text 'username' is set on object 'Object Repository/RecAndPlayBk/Page-Vlink-Debit/input_Username'

2023-01-19 19:34:46 - [TEST_STEP][PASSED] - setText(findTestObject("RecAndPlayBk/Page-Vlink-Debit/input_Password"), password): Text 'password' is set on object 'Object Repository/RecAndPlayBk/Page-Vlink-Debit/input_Password'

2023-01-19 19:34:47 - [MESSAGE][PASSED] - Text 'password' is set on object 'Object Repository/RecAndPlayBk/Page-Vlink-Debit/input_Password'

2023-01-19 19:34:47 - [TEST_STEP][PASSED] - setText(findTestObject("RecAndPlayBk/Page-Vlink-Debit/input_Check Type"), checkType): Text 'P' is set on object 'Object Repository/RecAndPlayBk/Page-Vlink-Debit/input_Check Type'

2023-01-19 19:34:48 - [MESSAGE][PASSED] - Text 'P' is set on object 'Object Repository/RecAndPlayBk/Page-Vlink-Debit/input_Check Type'

2023-01-19 19:34:48 - [TEST_STEP][PASSED] - setText(findTestObject("RecAndPlayBk/Page-Vlink-Debit/input_Account_check"), acNumber): Text '58963214' is set on object 'Object Repository/RecAndPlayBk/Page-Vlink-Debit/input_Account_check'

2023-01-19 19:34:49 - [MESSAGE][PASSED] - Text '58963214' is set on object 'Object Repository/RecAndPlayBk/Page-Vlink-Debit/input_Account_check'

2023-01-19 19:34:49 - [TEST_STEP][PASSED] - setText(findTestObject("RecAndPlayBk/Page-Vlink-Debit/input_Company_check"), company): Text '' is set on object 'Object Repository/RecAndPlayBk/Page-Vlink-Debit/input_Company_check'

2023-01-19 19:34:50 - [MESSAGE][PASSED] - Text '' is set on object 'Object Repository/RecAndPlayBk/Page-Vlink-Debit/input_Company_check'

2023-01-19 19:34:50 - [TEST_STEP][PASSED] - setText(findTestObject("RecAndPlayBk/Page-Vlink-Debit/input_Account Type"), acType): Text '2' is set on object 'Object Repository/RecAndPlayBk/Page-Vlink-Debit/input_Account Type'

2023-01-19 19:34:51 - [MESSAGE][PASSED] - Text '2' is set on object 'Object Repository/RecAndPlayBk/Page-Vlink-Debit/input_Account Type'

2023-01-19 19:34:51 - [TEST_STEP][PASSED] - setText(findTestObject("RecAndPlayBk/Page-Vlink-Debit/input_Routing Number"), rtn): Text '256072691' is set on object 'Object Repository/RecAndPlayBk/Page-Vlink-Debit/input_Routing Number'

2023-01-19 19:34:52 - [MESSAGE][PASSED] - Text '256072691' is set on object 'Object Repository/RecAndPlayBk/Page-Vlink-Debit/input_Routing Number'

2023-01-19 19:34:52 - [TEST_STEP][PASSED] - setText(findTestObject("RecAndPlayBk/Page-Vlink-Debit/input_Amount"), amount): Text '12.50' is set on object 'Object Repository/RecAndPlayBk/Page-Vlink-Debit/input_Amount'

2023-01-19 19:34:53 - [MESSAGE][PASSED] - Text '12.50' is set on object 'Object Repository/RecAndPlayBk/Page-Vlink-Debit/input_Amount'

2023-01-19 19:34:53 - [TEST_STEP][PASSED] - setText(findTestObject("RecAndPlayBk/Page-Vlink-Debit/input_Check Email"), ""): Text '' is set on object 'Object Repository/RecAndPlayBk/Page-Vlink-Debit/input_Check Email'

2023-01-19 19:34:54 - [MESSAGE][PASSED] - Text '' is set on object 'Object Repository/RecAndPlayBk/Page-Vlink-Debit/input_Check Email'

2023-01-19 19:34:54 - [TEST_STEP][PASSED] - setText(findTestObject("Object Repository/RecAndPlayBk/Page-Vlink-Debit/input_concat(CheckWriter, , s SSN)_check_ssn"), ""): Text '' is set on object 'Object Repository/RecAndPlayBk/Page-Vlink-Debit/input_concat(CheckWriter, , s SSN)_check_ssn'

2023-01-19 19:34:54 - [MESSAGE][PASSED] - Text '' is set on object 'Object Repository/RecAndPlayBk/Page-Vlink-Debit/input_concat(CheckWriter, , s SSN)_check_ssn'

2023-01-19 19:34:54 - [TEST_STEP][PASSED] - setText(findTestObject("Object Repository/RecAndPlayBk/Page-Vlink-Debit/input_concat(CheckWriter, , s License Numbe_020fef"), ""): Text '' is set on object 'Object Repository/RecAndPlayBk/Page-Vlink-Debit/input_concat(CheckWriter, , s License Numbe_020fef'

2023-01-19 19:34:55 - [MESSAGE][PASSED] - Text '' is set on object 'Object Repository/RecAndPlayBk/Page-Vlink-Debit/input_concat(CheckWriter, , s License Numbe_020fef'

2023-01-19 19:34:55 - [TEST_STEP][PASSED] - setText(findTestObject("Object Repository/RecAndPlayBk/Page-Vlink-Debit/input_concat(CheckWriter, , s License State_21e3e7"), ""): Text '' is set on object 'Object Repository/RecAndPlayBk/Page-Vlink-Debit/input_concat(CheckWriter, , s License State_21e3e7'

2023-01-19 19:34:56 - [MESSAGE][PASSED] - Text '' is set on object 'Object Repository/RecAndPlayBk/Page-Vlink-Debit/input_concat(CheckWriter, , s License State_21e3e7'

2023-01-19 19:34:56 - [TEST_STEP][PASSED] - setText(findTestObject("RecAndPlayBk/Page-Vlink-Debit/input_Standard Entry Class"), sec): Text 'TEL' is set on object 'Object Repository/RecAndPlayBk/Page-Vlink-Debit/input_Standard Entry Class'

2023-01-19 19:34:56 - [MESSAGE][PASSED] - Text 'TEL' is set on object 'Object Repository/RecAndPlayBk/Page-Vlink-Debit/input_Standard Entry Class'

2023-01-19 19:34:56 - [TEST_STEP][PASSED] - click(findTestObject("Object Repository/RecAndPlayBk/Page-Vlink-Debit/input")): Object: 'Object Repository/RecAndPlayBk/Page-Vlink-Debit/input' is clicked on

2023-01-19 19:34:57 - [MESSAGE][PASSED] - Object: 'Object Repository/RecAndPlayBk/Page-Vlink-Debit/input' is clicked on

2023-01-19 19:34:57 - [TEST_STEP][PASSED] - if (verifyTextPresent("Transaction approved, no errors", true)): null

2023-01-19 19:34:58 - [MESSAGE][PASSED] - Text 'Transaction approved, no errors' is present on page  using regular expression

2023-01-19 19:34:58 - [TEST_STEP][PASSED] - println("Transaction Approved, no errors text is present on the Confirmation page"): null

2023-01-19 19:34:58 - [TEST_STEP][PASSED] - sdfo = getText(findTestObject("Object Repository/Page_VLinkReceipt/pre_STX")): Text of object 'Object Repository/Page_VLinkReceipt/pre_STX' is: '<STX>11354|91514|61144             2916698             0  Transaction approved, no errors                   0                                                                                                              <ETX>'

2023-01-19 19:34:58 - [MESSAGE][PASSED] - Text of object 'Object Repository/Page_VLinkReceipt/pre_STX' is: '<STX>11354|91514|61144             2916698             0  Transaction approved, no errors                   0                                                                                                              <ETX>'

2023-01-19 19:34:58 - [TEST_STEP][PASSED] - out.println("sdfo: " + sdfo): null

2023-01-19 19:34:58 - [TEST_STEP][PASSED] - remID = substring(5, 35).trim(): null

2023-01-19 19:34:58 - [TEST_STEP][PASSED] - out.println("remID: " + remID): null

2023-01-19 19:34:58 - [TEST_STEP][PASSED] - traxID = substring(35, 55).trim(): null

2023-01-19 19:34:58 - [TEST_STEP][PASSED] - out.println("traxID: " + traxID): null

2023-01-19 19:34:58 - [TEST_STEP][PASSED] - VLinkSaleRemID = remID: null

2023-01-19 19:34:58 - [TEST_STEP][PASSED] - VLinkSaleTranxID = traxID: null

2023-01-19 19:34:58 - [TEST_STEP][PASSED] - openBrowser(VLinkURL + "ACH_credit.html"): Browser is opened with url: 'https://dev-algorithm.govolution.com/vlinktest/demo/version_2_0/ACH_credit.html'

2023-01-19 19:34:58 - [MESSAGE][WARNING] - A browser is already opened. Closing browser and opening a new one

2023-01-19 19:34:59 - [MESSAGE][INFO] - Starting 'Chrome' driver

2023-01-19 19:34:59 - [MESSAGE][INFO] - User set preference: ['acceptInsecureCerts', 'true']

2023-01-19 19:34:59 - [MESSAGE][INFO] - Action delay is set to 0 milliseconds

2023-01-19 19:35:01 - [MESSAGE][PASSED] - Browser is opened with url: 'https://dev-algorithm.govolution.com/vlinktest/demo/version_2_0/ACH_credit.html'

2023-01-19 19:35:01 - [TEST_STEP][PASSED] - maximizeWindow(): Current window maximized

2023-01-19 19:35:01 - [MESSAGE][PASSED] - Current window maximized

2023-01-19 19:35:01 - [TEST_STEP][PASSED] - setText(findTestObject("Object Repository/RecAndPlayBk/Page-Vlink-ACH-Credit/input_Remittance Id"), VLinkSaleRemID): Text '11354|91514|61144' is set on object 'Object Repository/RecAndPlayBk/Page-Vlink-ACH-Credit/input_Remittance Id'

2023-01-19 19:35:02 - [MESSAGE][PASSED] - Text '11354|91514|61144' is set on object 'Object Repository/RecAndPlayBk/Page-Vlink-ACH-Credit/input_Remittance Id'

2023-01-19 19:35:02 - [TEST_STEP][PASSED] - setText(findTestObject("Object Repository/RecAndPlayBk/Page-Vlink-ACH-Credit/input_Application Id"), appID): Text '1773' is set on object 'Object Repository/RecAndPlayBk/Page-Vlink-ACH-Credit/input_Application Id'

2023-01-19 19:35:02 - [MESSAGE][PASSED] - Text '1773' is set on object 'Object Repository/RecAndPlayBk/Page-Vlink-ACH-Credit/input_Application Id'

2023-01-19 19:35:02 - [TEST_STEP][PASSED] - setText(findTestObject("Object Repository/RecAndPlayBk/Page-Vlink-ACH-Credit/input_Username"), username): Text 'username' is set on object 'Object Repository/RecAndPlayBk/Page-Vlink-ACH-Credit/input_Username'

2023-01-19 19:35:03 - [MESSAGE][PASSED] - Text 'username' is set on object 'Object Repository/RecAndPlayBk/Page-Vlink-ACH-Credit/input_Username'

2023-01-19 19:35:03 - [TEST_STEP][PASSED] - setText(findTestObject("Object Repository/RecAndPlayBk/Page-Vlink-ACH-Credit/input_Password"), password): Text 'password' is set on object 'Object Repository/RecAndPlayBk/Page-Vlink-ACH-Credit/input_Password'

2023-01-19 19:35:04 - [MESSAGE][PASSED] - Text 'password' is set on object 'Object Repository/RecAndPlayBk/Page-Vlink-ACH-Credit/input_Password'

2023-01-19 19:35:04 - [TEST_STEP][PASSED] - setText(findTestObject("Object Repository/RecAndPlayBk/Page-Vlink-ACH-Credit/input_Check Type"), checkType): Text 'P' is set on object 'Object Repository/RecAndPlayBk/Page-Vlink-ACH-Credit/input_Check Type'

2023-01-19 19:35:05 - [MESSAGE][PASSED] - Text 'P' is set on object 'Object Repository/RecAndPlayBk/Page-Vlink-ACH-Credit/input_Check Type'

2023-01-19 19:35:05 - [TEST_STEP][PASSED] - setText(findTestObject("Object Repository/RecAndPlayBk/Page-Vlink-ACH-Credit/input_Transaction ID"), VLinkSaleTranxID): Text '2916698' is set on object 'Object Repository/RecAndPlayBk/Page-Vlink-ACH-Credit/input_Transaction ID'

2023-01-19 19:35:06 - [MESSAGE][PASSED] - Text '2916698' is set on object 'Object Repository/RecAndPlayBk/Page-Vlink-ACH-Credit/input_Transaction ID'

2023-01-19 19:35:06 - [TEST_STEP][PASSED] - setText(findTestObject("Object Repository/RecAndPlayBk/Page-Vlink-ACH-Credit/input_Amount"), amount): Text '12.50' is set on object 'Object Repository/RecAndPlayBk/Page-Vlink-ACH-Credit/input_Amount'

2023-01-19 19:35:07 - [MESSAGE][PASSED] - Text '12.50' is set on object 'Object Repository/RecAndPlayBk/Page-Vlink-ACH-Credit/input_Amount'

2023-01-19 19:35:07 - [TEST_STEP][PASSED] - setText(findTestObject("Object Repository/RecAndPlayBk/Page-Vlink-ACH-Credit/input_Standard Entry Class"), sec): Text 'TEL' is set on object 'Object Repository/RecAndPlayBk/Page-Vlink-ACH-Credit/input_Standard Entry Class'

2023-01-19 19:35:08 - [MESSAGE][PASSED] - Text 'TEL' is set on object 'Object Repository/RecAndPlayBk/Page-Vlink-ACH-Credit/input_Standard Entry Class'

2023-01-19 19:35:08 - [TEST_STEP][PASSED] - setText(findTestObject("Object Repository/RecAndPlayBk/Page-Vlink-ACH-Credit/input_Account Number"), acNumber): Text '58963214' is set on object 'Object Repository/RecAndPlayBk/Page-Vlink-ACH-Credit/input_Account Number'

2023-01-19 19:35:08 - [MESSAGE][PASSED] - Text '58963214' is set on object 'Object Repository/RecAndPlayBk/Page-Vlink-ACH-Credit/input_Account Number'

2023-01-19 19:35:08 - [TEST_STEP][PASSED] - setText(findTestObject("Object Repository/RecAndPlayBk/Page-Vlink-ACH-Credit/input_Routing Number"), rtn): Text '256072691' is set on object 'Object Repository/RecAndPlayBk/Page-Vlink-ACH-Credit/input_Routing Number'

2023-01-19 19:35:10 - [MESSAGE][PASSED] - Text '256072691' is set on object 'Object Repository/RecAndPlayBk/Page-Vlink-ACH-Credit/input_Routing Number'

2023-01-19 19:35:10 - [TEST_STEP][PASSED] - click(findTestObject("Object Repository/RecAndPlayBk/Page-Vlink-ACH-Credit/input")): Object: 'Object Repository/RecAndPlayBk/Page-Vlink-ACH-Credit/input' is clicked on

2023-01-19 19:35:11 - [MESSAGE][PASSED] - Object: 'Object Repository/RecAndPlayBk/Page-Vlink-ACH-Credit/input' is clicked on

2023-01-19 19:35:11 - [TEST_STEP][PASSED] - if (verifyTextPresent("Transaction approved, no errors", true)): null

2023-01-19 19:35:11 - [MESSAGE][PASSED] - Text 'Transaction approved, no errors' is present on page  using regular expression

2023-01-19 19:35:11 - [TEST_STEP][PASSED] - println("Transaction Approved, no errors text is present on the Confirmation page"): null

2023-01-19 19:35:11 - [TEST_STEP][PASSED] - out.println("Pass Record Number: " + row): null

2023-01-19 19:35:11 - [TEST_STEP][PASSED] - resText = "Pass": null

2023-01-19 19:35:11 - [TEST_STEP][PASSED] - pages.WriteExcel.demoKey(resText, datText, resColumn, datCloumn, fileLoc, nameSheet, row): pages.WriteExcel.demoKey is PASSED

2023-01-19 19:35:11 - [MESSAGE][PASSED] - pages.WriteExcel.demoKey is PASSED

2023-01-19 19:35:11 - [TEST_STEP][PASSED] - ExecuteTC = findTestData(dataFile).getValue("Execute", row): null

2023-01-19 19:35:11 - [TEST_STEP][PASSED] - out.println("Value of Execute is : " + ExecuteTC): null

2023-01-19 19:35:11 - [TEST_STEP][PASSED] - switch (executionProfile): null

2023-01-19 19:35:11 - [TEST_STEP][PASSED] - case "DemoProfile":: null

2023-01-19 19:35:11 - [TEST_STEP][PASSED] - appID = findTestData(dataFile).getValue("AppIDDemo", row): null

2023-01-19 19:35:11 - [TEST_STEP][PASSED] - username = findTestData(dataFile).getValue("UsernameDemo", row): null

2023-01-19 19:35:11 - [TEST_STEP][PASSED] - password = findTestData(dataFile).getValue("PasswordDemo", row): null

2023-01-19 19:35:11 - [TEST_STEP][PASSED] - break: null

2023-01-19 19:35:11 - [TEST_STEP][PASSED] - if (ExecuteTC.equalsIgnoreCase("Y")): null

2023-01-19 19:35:11 - [TEST_STEP][PASSED] - out.println("Begin Record Number: " + row): null

2023-01-19 19:35:11 - [TEST_STEP][PASSED] - today = new java.util.Date(): null

2023-01-19 19:35:11 - [TEST_STEP][PASSED] - println(today): null

2023-01-19 19:35:11 - [TEST_STEP][PASSED] - datText = today: null

2023-01-19 19:35:11 - [TEST_STEP][PASSED] - checkType = findTestData(dataFile).getValue("CheckType", row): null

2023-01-19 19:35:11 - [TEST_STEP][PASSED] - acNumber = findTestData(dataFile).getValue("AcNumber", row): null

2023-01-19 19:35:11 - [TEST_STEP][PASSED] - company = findTestData(dataFile).getValue("Company", row): null

2023-01-19 19:35:12 - [TEST_STEP][PASSED] - acType = findTestData(dataFile).getValue("AcType", row): null

2023-01-19 19:35:12 - [TEST_STEP][PASSED] - rtn = findTestData(dataFile).getValue("RTN", row): null

2023-01-19 19:35:12 - [TEST_STEP][PASSED] - amount = findTestData(dataFile).getValue("Amount", row): null

2023-01-19 19:35:12 - [TEST_STEP][PASSED] - sec = findTestData(dataFile).getValue("SEC", row): null

2023-01-19 19:35:12 - [TEST_STEP][PASSED] - openBrowser(VLinkURL + "debit.html"): Browser is opened with url: 'https://dev-algorithm.govolution.com/vlinktest/demo/version_2_0/debit.html'

2023-01-19 19:35:12 - [MESSAGE][WARNING] - A browser is already opened. Closing browser and opening a new one

2023-01-19 19:35:13 - [MESSAGE][INFO] - Starting 'Chrome' driver

2023-01-19 19:35:13 - [MESSAGE][INFO] - User set preference: ['acceptInsecureCerts', 'true']

2023-01-19 19:35:13 - [MESSAGE][INFO] - Action delay is set to 0 milliseconds

2023-01-19 19:35:15 - [MESSAGE][PASSED] - Browser is opened with url: 'https://dev-algorithm.govolution.com/vlinktest/demo/version_2_0/debit.html'

2023-01-19 19:35:15 - [TEST_STEP][PASSED] - maximizeWindow(): Current window maximized

2023-01-19 19:35:15 - [MESSAGE][PASSED] - Current window maximized

2023-01-19 19:35:15 - [TEST_STEP][PASSED] - genRemID1 = random() * 99999).toInteger(): null

2023-01-19 19:35:15 - [TEST_STEP][PASSED] - genRemID2 = random() * 99999).toInteger(): null

2023-01-19 19:35:15 - [TEST_STEP][PASSED] - genRemID3 = random() * 99999).toInteger(): null

2023-01-19 19:35:15 - [TEST_STEP][PASSED] - println(genRemID1): null

2023-01-19 19:35:15 - [TEST_STEP][PASSED] - println(genRemID2): null

2023-01-19 19:35:15 - [TEST_STEP][PASSED] - println(genRemID3): null

2023-01-19 19:35:15 - [TEST_STEP][PASSED] - genRemID = genRemID1 + "|" + genRemID2 + "|" + genRemID3: null

2023-01-19 19:35:15 - [TEST_STEP][PASSED] - println(genRemID): null

2023-01-19 19:35:15 - [TEST_STEP][PASSED] - setText(findTestObject("RecAndPlayBk/Page-Vlink-Debit/input_Remittance Id"), genRemID): Text '50530|38729|3354' is set on object 'Object Repository/RecAndPlayBk/Page-Vlink-Debit/input_Remittance Id'

2023-01-19 19:35:15 - [MESSAGE][PASSED] - Text '50530|38729|3354' is set on object 'Object Repository/RecAndPlayBk/Page-Vlink-Debit/input_Remittance Id'

2023-01-19 19:35:15 - [TEST_STEP][PASSED] - setText(findTestObject("RecAndPlayBk/Page-Vlink-Debit/input_Application Id"), appID): Text '1773' is set on object 'Object Repository/RecAndPlayBk/Page-Vlink-Debit/input_Application Id'

2023-01-19 19:35:16 - [MESSAGE][PASSED] - Text '1773' is set on object 'Object Repository/RecAndPlayBk/Page-Vlink-Debit/input_Application Id'

2023-01-19 19:35:16 - [TEST_STEP][PASSED] - setText(findTestObject("RecAndPlayBk/Page-Vlink-Debit/input_Username"), username): Text 'username' is set on object 'Object Repository/RecAndPlayBk/Page-Vlink-Debit/input_Username'

2023-01-19 19:35:17 - [MESSAGE][PASSED] - Text 'username' is set on object 'Object Repository/RecAndPlayBk/Page-Vlink-Debit/input_Username'

2023-01-19 19:35:17 - [TEST_STEP][PASSED] - setText(findTestObject("RecAndPlayBk/Page-Vlink-Debit/input_Password"), password): Text 'password' is set on object 'Object Repository/RecAndPlayBk/Page-Vlink-Debit/input_Password'

2023-01-19 19:35:18 - [MESSAGE][PASSED] - Text 'password' is set on object 'Object Repository/RecAndPlayBk/Page-Vlink-Debit/input_Password'

2023-01-19 19:35:18 - [TEST_STEP][PASSED] - setText(findTestObject("RecAndPlayBk/Page-Vlink-Debit/input_Check Type"), checkType): Text 'P' is set on object 'Object Repository/RecAndPlayBk/Page-Vlink-Debit/input_Check Type'

2023-01-19 19:35:19 - [MESSAGE][PASSED] - Text 'P' is set on object 'Object Repository/RecAndPlayBk/Page-Vlink-Debit/input_Check Type'

2023-01-19 19:35:19 - [TEST_STEP][PASSED] - setText(findTestObject("RecAndPlayBk/Page-Vlink-Debit/input_Account_check"), acNumber): Text '58963214' is set on object 'Object Repository/RecAndPlayBk/Page-Vlink-Debit/input_Account_check'

2023-01-19 19:35:20 - [MESSAGE][PASSED] - Text '58963214' is set on object 'Object Repository/RecAndPlayBk/Page-Vlink-Debit/input_Account_check'

2023-01-19 19:35:20 - [TEST_STEP][PASSED] - setText(findTestObject("RecAndPlayBk/Page-Vlink-Debit/input_Company_check"), company): Text '' is set on object 'Object Repository/RecAndPlayBk/Page-Vlink-Debit/input_Company_check'

2023-01-19 19:35:21 - [MESSAGE][PASSED] - Text '' is set on object 'Object Repository/RecAndPlayBk/Page-Vlink-Debit/input_Company_check'

2023-01-19 19:35:21 - [TEST_STEP][PASSED] - setText(findTestObject("RecAndPlayBk/Page-Vlink-Debit/input_Account Type"), acType): Text '2' is set on object 'Object Repository/RecAndPlayBk/Page-Vlink-Debit/input_Account Type'

2023-01-19 19:35:22 - [MESSAGE][PASSED] - Text '2' is set on object 'Object Repository/RecAndPlayBk/Page-Vlink-Debit/input_Account Type'

2023-01-19 19:35:22 - [TEST_STEP][PASSED] - setText(findTestObject("RecAndPlayBk/Page-Vlink-Debit/input_Routing Number"), rtn): Text '256072691' is set on object 'Object Repository/RecAndPlayBk/Page-Vlink-Debit/input_Routing Number'

2023-01-19 19:35:23 - [MESSAGE][PASSED] - Text '256072691' is set on object 'Object Repository/RecAndPlayBk/Page-Vlink-Debit/input_Routing Number'

2023-01-19 19:35:23 - [TEST_STEP][PASSED] - setText(findTestObject("RecAndPlayBk/Page-Vlink-Debit/input_Amount"), amount): Text '12.50' is set on object 'Object Repository/RecAndPlayBk/Page-Vlink-Debit/input_Amount'

2023-01-19 19:35:24 - [MESSAGE][PASSED] - Text '12.50' is set on object 'Object Repository/RecAndPlayBk/Page-Vlink-Debit/input_Amount'

2023-01-19 19:35:24 - [TEST_STEP][PASSED] - setText(findTestObject("RecAndPlayBk/Page-Vlink-Debit/input_Check Email"), ""): Text '' is set on object 'Object Repository/RecAndPlayBk/Page-Vlink-Debit/input_Check Email'

2023-01-19 19:35:25 - [MESSAGE][PASSED] - Text '' is set on object 'Object Repository/RecAndPlayBk/Page-Vlink-Debit/input_Check Email'

2023-01-19 19:35:25 - [TEST_STEP][PASSED] - setText(findTestObject("Object Repository/RecAndPlayBk/Page-Vlink-Debit/input_concat(CheckWriter, , s SSN)_check_ssn"), ""): Text '' is set on object 'Object Repository/RecAndPlayBk/Page-Vlink-Debit/input_concat(CheckWriter, , s SSN)_check_ssn'

2023-01-19 19:35:26 - [MESSAGE][PASSED] - Text '' is set on object 'Object Repository/RecAndPlayBk/Page-Vlink-Debit/input_concat(CheckWriter, , s SSN)_check_ssn'

2023-01-19 19:35:26 - [TEST_STEP][PASSED] - setText(findTestObject("Object Repository/RecAndPlayBk/Page-Vlink-Debit/input_concat(CheckWriter, , s License Numbe_020fef"), ""): Text '' is set on object 'Object Repository/RecAndPlayBk/Page-Vlink-Debit/input_concat(CheckWriter, , s License Numbe_020fef'

2023-01-19 19:35:26 - [MESSAGE][PASSED] - Text '' is set on object 'Object Repository/RecAndPlayBk/Page-Vlink-Debit/input_concat(CheckWriter, , s License Numbe_020fef'

2023-01-19 19:35:26 - [TEST_STEP][PASSED] - setText(findTestObject("Object Repository/RecAndPlayBk/Page-Vlink-Debit/input_concat(CheckWriter, , s License State_21e3e7"), ""): Text '' is set on object 'Object Repository/RecAndPlayBk/Page-Vlink-Debit/input_concat(CheckWriter, , s License State_21e3e7'

2023-01-19 19:35:27 - [MESSAGE][PASSED] - Text '' is set on object 'Object Repository/RecAndPlayBk/Page-Vlink-Debit/input_concat(CheckWriter, , s License State_21e3e7'

2023-01-19 19:35:27 - [TEST_STEP][PASSED] - setText(findTestObject("RecAndPlayBk/Page-Vlink-Debit/input_Standard Entry Class"), sec): Text 'PPD' is set on object 'Object Repository/RecAndPlayBk/Page-Vlink-Debit/input_Standard Entry Class'

2023-01-19 19:35:28 - [MESSAGE][PASSED] - Text 'PPD' is set on object 'Object Repository/RecAndPlayBk/Page-Vlink-Debit/input_Standard Entry Class'

2023-01-19 19:35:28 - [TEST_STEP][PASSED] - click(findTestObject("Object Repository/RecAndPlayBk/Page-Vlink-Debit/input")): Object: 'Object Repository/RecAndPlayBk/Page-Vlink-Debit/input' is clicked on

2023-01-19 19:35:29 - [MESSAGE][PASSED] - Object: 'Object Repository/RecAndPlayBk/Page-Vlink-Debit/input' is clicked on

2023-01-19 19:35:29 - [TEST_STEP][PASSED] - if (verifyTextPresent("Transaction approved, no errors", true)): null

2023-01-19 19:35:29 - [MESSAGE][PASSED] - Text 'Transaction approved, no errors' is present on page  using regular expression

2023-01-19 19:35:29 - [TEST_STEP][PASSED] - println("Transaction Approved, no errors text is present on the Confirmation page"): null

2023-01-19 19:35:29 - [TEST_STEP][PASSED] - sdfo = getText(findTestObject("Object Repository/Page_VLinkReceipt/pre_STX")): Text of object 'Object Repository/Page_VLinkReceipt/pre_STX' is: '<STX>50530|38729|3354              2916700             0  Transaction approved, no errors                   0                                                                                                              <ETX>'

2023-01-19 19:35:29 - [MESSAGE][PASSED] - Text of object 'Object Repository/Page_VLinkReceipt/pre_STX' is: '<STX>50530|38729|3354              2916700             0  Transaction approved, no errors                   0                                                                                                              <ETX>'

2023-01-19 19:35:29 - [TEST_STEP][PASSED] - out.println("sdfo: " + sdfo): null

2023-01-19 19:35:29 - [TEST_STEP][PASSED] - remID = substring(5, 35).trim(): null

2023-01-19 19:35:29 - [TEST_STEP][PASSED] - out.println("remID: " + remID): null

2023-01-19 19:35:29 - [TEST_STEP][PASSED] - traxID = substring(35, 55).trim(): null

2023-01-19 19:35:29 - [TEST_STEP][PASSED] - out.println("traxID: " + traxID): null

2023-01-19 19:35:29 - [TEST_STEP][PASSED] - VLinkSaleRemID = remID: null

2023-01-19 19:35:29 - [TEST_STEP][PASSED] - VLinkSaleTranxID = traxID: null

2023-01-19 19:35:29 - [TEST_STEP][PASSED] - openBrowser(VLinkURL + "ACH_credit.html"): Browser is opened with url: 'https://dev-algorithm.govolution.com/vlinktest/demo/version_2_0/ACH_credit.html'

2023-01-19 19:35:29 - [MESSAGE][WARNING] - A browser is already opened. Closing browser and opening a new one

2023-01-19 19:35:30 - [MESSAGE][INFO] - Starting 'Chrome' driver

2023-01-19 19:35:30 - [MESSAGE][INFO] - User set preference: ['acceptInsecureCerts', 'true']

2023-01-19 19:35:30 - [MESSAGE][INFO] - Action delay is set to 0 milliseconds

2023-01-19 19:35:32 - [MESSAGE][PASSED] - Browser is opened with url: 'https://dev-algorithm.govolution.com/vlinktest/demo/version_2_0/ACH_credit.html'

2023-01-19 19:35:32 - [TEST_STEP][PASSED] - maximizeWindow(): Current window maximized

2023-01-19 19:35:32 - [MESSAGE][PASSED] - Current window maximized

2023-01-19 19:35:32 - [TEST_STEP][PASSED] - setText(findTestObject("Object Repository/RecAndPlayBk/Page-Vlink-ACH-Credit/input_Remittance Id"), VLinkSaleRemID): Text '50530|38729|3354' is set on object 'Object Repository/RecAndPlayBk/Page-Vlink-ACH-Credit/input_Remittance Id'

2023-01-19 19:35:33 - [MESSAGE][PASSED] - Text '50530|38729|3354' is set on object 'Object Repository/RecAndPlayBk/Page-Vlink-ACH-Credit/input_Remittance Id'

2023-01-19 19:35:33 - [TEST_STEP][PASSED] - setText(findTestObject("Object Repository/RecAndPlayBk/Page-Vlink-ACH-Credit/input_Application Id"), appID): Text '1773' is set on object 'Object Repository/RecAndPlayBk/Page-Vlink-ACH-Credit/input_Application Id'

2023-01-19 19:35:34 - [MESSAGE][PASSED] - Text '1773' is set on object 'Object Repository/RecAndPlayBk/Page-Vlink-ACH-Credit/input_Application Id'

2023-01-19 19:35:34 - [TEST_STEP][PASSED] - setText(findTestObject("Object Repository/RecAndPlayBk/Page-Vlink-ACH-Credit/input_Username"), username): Text 'username' is set on object 'Object Repository/RecAndPlayBk/Page-Vlink-ACH-Credit/input_Username'

2023-01-19 19:35:35 - [MESSAGE][PASSED] - Text 'username' is set on object 'Object Repository/RecAndPlayBk/Page-Vlink-ACH-Credit/input_Username'

2023-01-19 19:35:35 - [TEST_STEP][PASSED] - setText(findTestObject("Object Repository/RecAndPlayBk/Page-Vlink-ACH-Credit/input_Password"), password): Text 'password' is set on object 'Object Repository/RecAndPlayBk/Page-Vlink-ACH-Credit/input_Password'

2023-01-19 19:35:35 - [MESSAGE][PASSED] - Text 'password' is set on object 'Object Repository/RecAndPlayBk/Page-Vlink-ACH-Credit/input_Password'

2023-01-19 19:35:35 - [TEST_STEP][PASSED] - setText(findTestObject("Object Repository/RecAndPlayBk/Page-Vlink-ACH-Credit/input_Check Type"), checkType): Text 'P' is set on object 'Object Repository/RecAndPlayBk/Page-Vlink-ACH-Credit/input_Check Type'

2023-01-19 19:35:36 - [MESSAGE][PASSED] - Text 'P' is set on object 'Object Repository/RecAndPlayBk/Page-Vlink-ACH-Credit/input_Check Type'

2023-01-19 19:35:36 - [TEST_STEP][PASSED] - setText(findTestObject("Object Repository/RecAndPlayBk/Page-Vlink-ACH-Credit/input_Transaction ID"), VLinkSaleTranxID): Text '2916700' is set on object 'Object Repository/RecAndPlayBk/Page-Vlink-ACH-Credit/input_Transaction ID'

2023-01-19 19:35:37 - [MESSAGE][PASSED] - Text '2916700' is set on object 'Object Repository/RecAndPlayBk/Page-Vlink-ACH-Credit/input_Transaction ID'

2023-01-19 19:35:37 - [TEST_STEP][PASSED] - setText(findTestObject("Object Repository/RecAndPlayBk/Page-Vlink-ACH-Credit/input_Amount"), amount): Text '12.50' is set on object 'Object Repository/RecAndPlayBk/Page-Vlink-ACH-Credit/input_Amount'

2023-01-19 19:35:38 - [MESSAGE][PASSED] - Text '12.50' is set on object 'Object Repository/RecAndPlayBk/Page-Vlink-ACH-Credit/input_Amount'

2023-01-19 19:35:38 - [TEST_STEP][PASSED] - setText(findTestObject("Object Repository/RecAndPlayBk/Page-Vlink-ACH-Credit/input_Standard Entry Class"), sec): Text 'PPD' is set on object 'Object Repository/RecAndPlayBk/Page-Vlink-ACH-Credit/input_Standard Entry Class'

2023-01-19 19:35:39 - [MESSAGE][PASSED] - Text 'PPD' is set on object 'Object Repository/RecAndPlayBk/Page-Vlink-ACH-Credit/input_Standard Entry Class'

2023-01-19 19:35:39 - [TEST_STEP][PASSED] - setText(findTestObject("Object Repository/RecAndPlayBk/Page-Vlink-ACH-Credit/input_Account Number"), acNumber): Text '58963214' is set on object 'Object Repository/RecAndPlayBk/Page-Vlink-ACH-Credit/input_Account Number'

2023-01-19 19:35:40 - [MESSAGE][PASSED] - Text '58963214' is set on object 'Object Repository/RecAndPlayBk/Page-Vlink-ACH-Credit/input_Account Number'

2023-01-19 19:35:40 - [TEST_STEP][PASSED] - setText(findTestObject("Object Repository/RecAndPlayBk/Page-Vlink-ACH-Credit/input_Routing Number"), rtn): Text '256072691' is set on object 'Object Repository/RecAndPlayBk/Page-Vlink-ACH-Credit/input_Routing Number'

2023-01-19 19:35:41 - [MESSAGE][PASSED] - Text '256072691' is set on object 'Object Repository/RecAndPlayBk/Page-Vlink-ACH-Credit/input_Routing Number'

2023-01-19 19:35:41 - [TEST_STEP][PASSED] - click(findTestObject("Object Repository/RecAndPlayBk/Page-Vlink-ACH-Credit/input")): Object: 'Object Repository/RecAndPlayBk/Page-Vlink-ACH-Credit/input' is clicked on

2023-01-19 19:35:43 - [MESSAGE][PASSED] - Object: 'Object Repository/RecAndPlayBk/Page-Vlink-ACH-Credit/input' is clicked on

2023-01-19 19:35:43 - [TEST_STEP][PASSED] - if (verifyTextPresent("Transaction approved, no errors", true)): null

2023-01-19 19:35:43 - [MESSAGE][PASSED] - Text 'Transaction approved, no errors' is present on page  using regular expression

2023-01-19 19:35:43 - [TEST_STEP][PASSED] - println("Transaction Approved, no errors text is present on the Confirmation page"): null

2023-01-19 19:35:43 - [TEST_STEP][PASSED] - out.println("Pass Record Number: " + row): null

2023-01-19 19:35:43 - [TEST_STEP][PASSED] - resText = "Pass": null

2023-01-19 19:35:43 - [TEST_STEP][PASSED] - pages.WriteExcel.demoKey(resText, datText, resColumn, datCloumn, fileLoc, nameSheet, row): pages.WriteExcel.demoKey is PASSED

2023-01-19 19:35:43 - [MESSAGE][PASSED] - pages.WriteExcel.demoKey is PASSED

2023-01-19 19:35:43 - [TEST_STEP][PASSED] - ExecuteTC = findTestData(dataFile).getValue("Execute", row): null

2023-01-19 19:35:43 - [TEST_STEP][PASSED] - out.println("Value of Execute is : " + ExecuteTC): null

2023-01-19 19:35:43 - [TEST_STEP][PASSED] - switch (executionProfile): null

2023-01-19 19:35:43 - [TEST_STEP][PASSED] - case "DemoProfile":: null

2023-01-19 19:35:43 - [TEST_STEP][PASSED] - appID = findTestData(dataFile).getValue("AppIDDemo", row): null

2023-01-19 19:35:43 - [TEST_STEP][PASSED] - username = findTestData(dataFile).getValue("UsernameDemo", row): null

2023-01-19 19:35:43 - [TEST_STEP][PASSED] - password = findTestData(dataFile).getValue("PasswordDemo", row): null

2023-01-19 19:35:43 - [TEST_STEP][PASSED] - break: null

2023-01-19 19:35:43 - [TEST_STEP][PASSED] - if (ExecuteTC.equalsIgnoreCase("Y")): null

2023-01-19 19:35:43 - [TEST_STEP][PASSED] - out.println("Begin Record Number: " + row): null

2023-01-19 19:35:43 - [TEST_STEP][PASSED] - today = new java.util.Date(): null

2023-01-19 19:35:43 - [TEST_STEP][PASSED] - println(today): null

2023-01-19 19:35:43 - [TEST_STEP][PASSED] - datText = today: null

2023-01-19 19:35:43 - [TEST_STEP][PASSED] - checkType = findTestData(dataFile).getValue("CheckType", row): null

2023-01-19 19:35:44 - [TEST_STEP][PASSED] - acNumber = findTestData(dataFile).getValue("AcNumber", row): null

2023-01-19 19:35:44 - [TEST_STEP][PASSED] - company = findTestData(dataFile).getValue("Company", row): null

2023-01-19 19:35:44 - [TEST_STEP][PASSED] - acType = findTestData(dataFile).getValue("AcType", row): null

2023-01-19 19:35:44 - [TEST_STEP][PASSED] - rtn = findTestData(dataFile).getValue("RTN", row): null

2023-01-19 19:35:44 - [TEST_STEP][PASSED] - amount = findTestData(dataFile).getValue("Amount", row): null

2023-01-19 19:35:44 - [TEST_STEP][PASSED] - sec = findTestData(dataFile).getValue("SEC", row): null

2023-01-19 19:35:44 - [TEST_STEP][PASSED] - openBrowser(VLinkURL + "debit.html"): Browser is opened with url: 'https://dev-algorithm.govolution.com/vlinktest/demo/version_2_0/debit.html'

2023-01-19 19:35:44 - [MESSAGE][WARNING] - A browser is already opened. Closing browser and opening a new one

2023-01-19 19:35:45 - [MESSAGE][INFO] - Starting 'Chrome' driver

2023-01-19 19:35:45 - [MESSAGE][INFO] - User set preference: ['acceptInsecureCerts', 'true']

2023-01-19 19:35:45 - [MESSAGE][INFO] - Action delay is set to 0 milliseconds

2023-01-19 19:35:47 - [MESSAGE][PASSED] - Browser is opened with url: 'https://dev-algorithm.govolution.com/vlinktest/demo/version_2_0/debit.html'

2023-01-19 19:35:47 - [TEST_STEP][PASSED] - maximizeWindow(): Current window maximized

2023-01-19 19:35:47 - [MESSAGE][PASSED] - Current window maximized

2023-01-19 19:35:47 - [TEST_STEP][PASSED] - genRemID1 = random() * 99999).toInteger(): null

2023-01-19 19:35:47 - [TEST_STEP][PASSED] - genRemID2 = random() * 99999).toInteger(): null

2023-01-19 19:35:47 - [TEST_STEP][PASSED] - genRemID3 = random() * 99999).toInteger(): null

2023-01-19 19:35:47 - [TEST_STEP][PASSED] - println(genRemID1): null

2023-01-19 19:35:47 - [TEST_STEP][PASSED] - println(genRemID2): null

2023-01-19 19:35:47 - [TEST_STEP][PASSED] - println(genRemID3): null

2023-01-19 19:35:47 - [TEST_STEP][PASSED] - genRemID = genRemID1 + "|" + genRemID2 + "|" + genRemID3: null

2023-01-19 19:35:47 - [TEST_STEP][PASSED] - println(genRemID): null

2023-01-19 19:35:47 - [TEST_STEP][PASSED] - setText(findTestObject("RecAndPlayBk/Page-Vlink-Debit/input_Remittance Id"), genRemID): Text '67662|91608|77528' is set on object 'Object Repository/RecAndPlayBk/Page-Vlink-Debit/input_Remittance Id'

2023-01-19 19:35:48 - [MESSAGE][PASSED] - Text '67662|91608|77528' is set on object 'Object Repository/RecAndPlayBk/Page-Vlink-Debit/input_Remittance Id'

2023-01-19 19:35:48 - [TEST_STEP][PASSED] - setText(findTestObject("RecAndPlayBk/Page-Vlink-Debit/input_Application Id"), appID): Text '1773' is set on object 'Object Repository/RecAndPlayBk/Page-Vlink-Debit/input_Application Id'

2023-01-19 19:35:48 - [MESSAGE][PASSED] - Text '1773' is set on object 'Object Repository/RecAndPlayBk/Page-Vlink-Debit/input_Application Id'

2023-01-19 19:35:48 - [TEST_STEP][PASSED] - setText(findTestObject("RecAndPlayBk/Page-Vlink-Debit/input_Username"), username): Text 'username' is set on object 'Object Repository/RecAndPlayBk/Page-Vlink-Debit/input_Username'

2023-01-19 19:35:49 - [MESSAGE][PASSED] - Text 'username' is set on object 'Object Repository/RecAndPlayBk/Page-Vlink-Debit/input_Username'

2023-01-19 19:35:49 - [TEST_STEP][PASSED] - setText(findTestObject("RecAndPlayBk/Page-Vlink-Debit/input_Password"), password): Text 'password' is set on object 'Object Repository/RecAndPlayBk/Page-Vlink-Debit/input_Password'

2023-01-19 19:35:50 - [MESSAGE][PASSED] - Text 'password' is set on object 'Object Repository/RecAndPlayBk/Page-Vlink-Debit/input_Password'

2023-01-19 19:35:50 - [TEST_STEP][PASSED] - setText(findTestObject("RecAndPlayBk/Page-Vlink-Debit/input_Check Type"), checkType): Text 'C' is set on object 'Object Repository/RecAndPlayBk/Page-Vlink-Debit/input_Check Type'

2023-01-19 19:35:51 - [MESSAGE][PASSED] - Text 'C' is set on object 'Object Repository/RecAndPlayBk/Page-Vlink-Debit/input_Check Type'

2023-01-19 19:35:51 - [TEST_STEP][PASSED] - setText(findTestObject("RecAndPlayBk/Page-Vlink-Debit/input_Account_check"), acNumber): Text '58963214' is set on object 'Object Repository/RecAndPlayBk/Page-Vlink-Debit/input_Account_check'

2023-01-19 19:35:52 - [MESSAGE][PASSED] - Text '58963214' is set on object 'Object Repository/RecAndPlayBk/Page-Vlink-Debit/input_Account_check'

2023-01-19 19:35:52 - [TEST_STEP][PASSED] - setText(findTestObject("RecAndPlayBk/Page-Vlink-Debit/input_Company_check"), company): Text 'My Company' is set on object 'Object Repository/RecAndPlayBk/Page-Vlink-Debit/input_Company_check'

2023-01-19 19:35:53 - [MESSAGE][PASSED] - Text 'My Company' is set on object 'Object Repository/RecAndPlayBk/Page-Vlink-Debit/input_Company_check'

2023-01-19 19:35:53 - [TEST_STEP][PASSED] - setText(findTestObject("RecAndPlayBk/Page-Vlink-Debit/input_Account Type"), acType): Text '' is set on object 'Object Repository/RecAndPlayBk/Page-Vlink-Debit/input_Account Type'

2023-01-19 19:35:54 - [MESSAGE][PASSED] - Text '' is set on object 'Object Repository/RecAndPlayBk/Page-Vlink-Debit/input_Account Type'

2023-01-19 19:35:54 - [TEST_STEP][PASSED] - setText(findTestObject("RecAndPlayBk/Page-Vlink-Debit/input_Routing Number"), rtn): Text '256072691' is set on object 'Object Repository/RecAndPlayBk/Page-Vlink-Debit/input_Routing Number'

2023-01-19 19:35:54 - [MESSAGE][PASSED] - Text '256072691' is set on object 'Object Repository/RecAndPlayBk/Page-Vlink-Debit/input_Routing Number'

2023-01-19 19:35:54 - [TEST_STEP][PASSED] - setText(findTestObject("RecAndPlayBk/Page-Vlink-Debit/input_Amount"), amount): Text '12.50' is set on object 'Object Repository/RecAndPlayBk/Page-Vlink-Debit/input_Amount'

2023-01-19 19:35:55 - [MESSAGE][PASSED] - Text '12.50' is set on object 'Object Repository/RecAndPlayBk/Page-Vlink-Debit/input_Amount'

2023-01-19 19:35:55 - [TEST_STEP][PASSED] - setText(findTestObject("RecAndPlayBk/Page-Vlink-Debit/input_Check Email"), ""): Text '' is set on object 'Object Repository/RecAndPlayBk/Page-Vlink-Debit/input_Check Email'

2023-01-19 19:35:56 - [MESSAGE][PASSED] - Text '' is set on object 'Object Repository/RecAndPlayBk/Page-Vlink-Debit/input_Check Email'

2023-01-19 19:35:56 - [TEST_STEP][PASSED] - setText(findTestObject("Object Repository/RecAndPlayBk/Page-Vlink-Debit/input_concat(CheckWriter, , s SSN)_check_ssn"), ""): Text '' is set on object 'Object Repository/RecAndPlayBk/Page-Vlink-Debit/input_concat(CheckWriter, , s SSN)_check_ssn'

2023-01-19 19:35:57 - [MESSAGE][PASSED] - Text '' is set on object 'Object Repository/RecAndPlayBk/Page-Vlink-Debit/input_concat(CheckWriter, , s SSN)_check_ssn'

2023-01-19 19:35:57 - [TEST_STEP][PASSED] - setText(findTestObject("Object Repository/RecAndPlayBk/Page-Vlink-Debit/input_concat(CheckWriter, , s License Numbe_020fef"), ""): Text '' is set on object 'Object Repository/RecAndPlayBk/Page-Vlink-Debit/input_concat(CheckWriter, , s License Numbe_020fef'

2023-01-19 19:35:57 - [MESSAGE][PASSED] - Text '' is set on object 'Object Repository/RecAndPlayBk/Page-Vlink-Debit/input_concat(CheckWriter, , s License Numbe_020fef'

2023-01-19 19:35:57 - [TEST_STEP][PASSED] - setText(findTestObject("Object Repository/RecAndPlayBk/Page-Vlink-Debit/input_concat(CheckWriter, , s License State_21e3e7"), ""): Text '' is set on object 'Object Repository/RecAndPlayBk/Page-Vlink-Debit/input_concat(CheckWriter, , s License State_21e3e7'

2023-01-19 19:35:58 - [MESSAGE][PASSED] - Text '' is set on object 'Object Repository/RecAndPlayBk/Page-Vlink-Debit/input_concat(CheckWriter, , s License State_21e3e7'

2023-01-19 19:35:58 - [TEST_STEP][PASSED] - setText(findTestObject("RecAndPlayBk/Page-Vlink-Debit/input_Standard Entry Class"), sec): Text 'CCD' is set on object 'Object Repository/RecAndPlayBk/Page-Vlink-Debit/input_Standard Entry Class'

2023-01-19 19:35:59 - [MESSAGE][PASSED] - Text 'CCD' is set on object 'Object Repository/RecAndPlayBk/Page-Vlink-Debit/input_Standard Entry Class'

2023-01-19 19:35:59 - [TEST_STEP][PASSED] - click(findTestObject("Object Repository/RecAndPlayBk/Page-Vlink-Debit/input")): Object: 'Object Repository/RecAndPlayBk/Page-Vlink-Debit/input' is clicked on

2023-01-19 19:36:00 - [MESSAGE][PASSED] - Object: 'Object Repository/RecAndPlayBk/Page-Vlink-Debit/input' is clicked on

2023-01-19 19:36:00 - [TEST_STEP][PASSED] - if (verifyTextPresent("Transaction approved, no errors", true)): null

2023-01-19 19:36:00 - [MESSAGE][PASSED] - Text 'Transaction approved, no errors' is present on page  using regular expression

2023-01-19 19:36:00 - [TEST_STEP][PASSED] - println("Transaction Approved, no errors text is present on the Confirmation page"): null

2023-01-19 19:36:00 - [TEST_STEP][PASSED] - sdfo = getText(findTestObject("Object Repository/Page_VLinkReceipt/pre_STX")): Text of object 'Object Repository/Page_VLinkReceipt/pre_STX' is: '<STX>67662|91608|77528             2916702             0  Transaction approved, no errors                   0                                                                                                              <ETX>'

2023-01-19 19:36:01 - [MESSAGE][PASSED] - Text of object 'Object Repository/Page_VLinkReceipt/pre_STX' is: '<STX>67662|91608|77528             2916702             0  Transaction approved, no errors                   0                                                                                                              <ETX>'

2023-01-19 19:36:01 - [TEST_STEP][PASSED] - out.println("sdfo: " + sdfo): null

2023-01-19 19:36:01 - [TEST_STEP][PASSED] - remID = substring(5, 35).trim(): null

2023-01-19 19:36:01 - [TEST_STEP][PASSED] - out.println("remID: " + remID): null

2023-01-19 19:36:01 - [TEST_STEP][PASSED] - traxID = substring(35, 55).trim(): null

2023-01-19 19:36:01 - [TEST_STEP][PASSED] - out.println("traxID: " + traxID): null

2023-01-19 19:36:01 - [TEST_STEP][PASSED] - VLinkSaleRemID = remID: null

2023-01-19 19:36:01 - [TEST_STEP][PASSED] - VLinkSaleTranxID = traxID: null

2023-01-19 19:36:01 - [TEST_STEP][PASSED] - openBrowser(VLinkURL + "ACH_credit.html"): Browser is opened with url: 'https://dev-algorithm.govolution.com/vlinktest/demo/version_2_0/ACH_credit.html'

2023-01-19 19:36:01 - [MESSAGE][WARNING] - A browser is already opened. Closing browser and opening a new one

2023-01-19 19:36:02 - [MESSAGE][INFO] - Starting 'Chrome' driver

2023-01-19 19:36:02 - [MESSAGE][INFO] - User set preference: ['acceptInsecureCerts', 'true']

2023-01-19 19:36:02 - [MESSAGE][INFO] - Action delay is set to 0 milliseconds

2023-01-19 19:36:03 - [MESSAGE][PASSED] - Browser is opened with url: 'https://dev-algorithm.govolution.com/vlinktest/demo/version_2_0/ACH_credit.html'

2023-01-19 19:36:03 - [TEST_STEP][PASSED] - maximizeWindow(): Current window maximized

2023-01-19 19:36:03 - [MESSAGE][PASSED] - Current window maximized

2023-01-19 19:36:03 - [TEST_STEP][PASSED] - setText(findTestObject("Object Repository/RecAndPlayBk/Page-Vlink-ACH-Credit/input_Remittance Id"), VLinkSaleRemID): Text '67662|91608|77528' is set on object 'Object Repository/RecAndPlayBk/Page-Vlink-ACH-Credit/input_Remittance Id'

2023-01-19 19:36:04 - [MESSAGE][PASSED] - Text '67662|91608|77528' is set on object 'Object Repository/RecAndPlayBk/Page-Vlink-ACH-Credit/input_Remittance Id'

2023-01-19 19:36:04 - [TEST_STEP][PASSED] - setText(findTestObject("Object Repository/RecAndPlayBk/Page-Vlink-ACH-Credit/input_Application Id"), appID): Text '1773' is set on object 'Object Repository/RecAndPlayBk/Page-Vlink-ACH-Credit/input_Application Id'

2023-01-19 19:36:05 - [MESSAGE][PASSED] - Text '1773' is set on object 'Object Repository/RecAndPlayBk/Page-Vlink-ACH-Credit/input_Application Id'

2023-01-19 19:36:05 - [TEST_STEP][PASSED] - setText(findTestObject("Object Repository/RecAndPlayBk/Page-Vlink-ACH-Credit/input_Username"), username): Text 'username' is set on object 'Object Repository/RecAndPlayBk/Page-Vlink-ACH-Credit/input_Username'

2023-01-19 19:36:06 - [MESSAGE][PASSED] - Text 'username' is set on object 'Object Repository/RecAndPlayBk/Page-Vlink-ACH-Credit/input_Username'

2023-01-19 19:36:06 - [TEST_STEP][PASSED] - setText(findTestObject("Object Repository/RecAndPlayBk/Page-Vlink-ACH-Credit/input_Password"), password): Text 'password' is set on object 'Object Repository/RecAndPlayBk/Page-Vlink-ACH-Credit/input_Password'

2023-01-19 19:36:07 - [MESSAGE][PASSED] - Text 'password' is set on object 'Object Repository/RecAndPlayBk/Page-Vlink-ACH-Credit/input_Password'

2023-01-19 19:36:07 - [TEST_STEP][PASSED] - setText(findTestObject("Object Repository/RecAndPlayBk/Page-Vlink-ACH-Credit/input_Check Type"), checkType): Text 'C' is set on object 'Object Repository/RecAndPlayBk/Page-Vlink-ACH-Credit/input_Check Type'

2023-01-19 19:36:08 - [MESSAGE][PASSED] - Text 'C' is set on object 'Object Repository/RecAndPlayBk/Page-Vlink-ACH-Credit/input_Check Type'

2023-01-19 19:36:08 - [TEST_STEP][PASSED] - setText(findTestObject("Object Repository/RecAndPlayBk/Page-Vlink-ACH-Credit/input_Transaction ID"), VLinkSaleTranxID): Text '2916702' is set on object 'Object Repository/RecAndPlayBk/Page-Vlink-ACH-Credit/input_Transaction ID'

2023-01-19 19:36:09 - [MESSAGE][PASSED] - Text '2916702' is set on object 'Object Repository/RecAndPlayBk/Page-Vlink-ACH-Credit/input_Transaction ID'

2023-01-19 19:36:09 - [TEST_STEP][PASSED] - setText(findTestObject("Object Repository/RecAndPlayBk/Page-Vlink-ACH-Credit/input_Amount"), amount): Text '12.50' is set on object 'Object Repository/RecAndPlayBk/Page-Vlink-ACH-Credit/input_Amount'

2023-01-19 19:36:10 - [MESSAGE][PASSED] - Text '12.50' is set on object 'Object Repository/RecAndPlayBk/Page-Vlink-ACH-Credit/input_Amount'

2023-01-19 19:36:10 - [TEST_STEP][PASSED] - setText(findTestObject("Object Repository/RecAndPlayBk/Page-Vlink-ACH-Credit/input_Standard Entry Class"), sec): Text 'CCD' is set on object 'Object Repository/RecAndPlayBk/Page-Vlink-ACH-Credit/input_Standard Entry Class'

2023-01-19 19:36:10 - [MESSAGE][PASSED] - Text 'CCD' is set on object 'Object Repository/RecAndPlayBk/Page-Vlink-ACH-Credit/input_Standard Entry Class'

2023-01-19 19:36:10 - [TEST_STEP][PASSED] - setText(findTestObject("Object Repository/RecAndPlayBk/Page-Vlink-ACH-Credit/input_Account Number"), acNumber): Text '58963214' is set on object 'Object Repository/RecAndPlayBk/Page-Vlink-ACH-Credit/input_Account Number'

2023-01-19 19:36:11 - [MESSAGE][PASSED] - Text '58963214' is set on object 'Object Repository/RecAndPlayBk/Page-Vlink-ACH-Credit/input_Account Number'

2023-01-19 19:36:11 - [TEST_STEP][PASSED] - setText(findTestObject("Object Repository/RecAndPlayBk/Page-Vlink-ACH-Credit/input_Routing Number"), rtn): Text '256072691' is set on object 'Object Repository/RecAndPlayBk/Page-Vlink-ACH-Credit/input_Routing Number'

2023-01-19 19:36:12 - [MESSAGE][PASSED] - Text '256072691' is set on object 'Object Repository/RecAndPlayBk/Page-Vlink-ACH-Credit/input_Routing Number'

2023-01-19 19:36:12 - [TEST_STEP][PASSED] - click(findTestObject("Object Repository/RecAndPlayBk/Page-Vlink-ACH-Credit/input")): Object: 'Object Repository/RecAndPlayBk/Page-Vlink-ACH-Credit/input' is clicked on

2023-01-19 19:36:13 - [MESSAGE][PASSED] - Object: 'Object Repository/RecAndPlayBk/Page-Vlink-ACH-Credit/input' is clicked on

2023-01-19 19:36:13 - [TEST_STEP][PASSED] - if (verifyTextPresent("Transaction approved, no errors", true)): null

2023-01-19 19:36:13 - [MESSAGE][PASSED] - Text 'Transaction approved, no errors' is present on page  using regular expression

2023-01-19 19:36:13 - [TEST_STEP][PASSED] - println("Transaction Approved, no errors text is present on the Confirmation page"): null

2023-01-19 19:36:13 - [TEST_STEP][PASSED] - out.println("Pass Record Number: " + row): null

2023-01-19 19:36:13 - [TEST_STEP][PASSED] - resText = "Pass": null

2023-01-19 19:36:13 - [TEST_STEP][PASSED] - pages.WriteExcel.demoKey(resText, datText, resColumn, datCloumn, fileLoc, nameSheet, row): pages.WriteExcel.demoKey is PASSED

2023-01-19 19:36:14 - [MESSAGE][PASSED] - pages.WriteExcel.demoKey is PASSED]]></system-out>
         <system-err><![CDATA[]]></system-err>
      </testcase>
      <testcase name="Test Cases/RecAndPlayBk/VLink/Debit-RemID-Pipe" time="126.638" classname="Test Cases/RecAndPlayBk/VLink/Debit-RemID-Pipe" status="PASSED">
         <system-out><![CDATA[2023-01-19 19:36:14 - [TEST_CASE][PASSED] - Test Cases/RecAndPlayBk/VLink/Debit-RemID-Pipe: Test Cases/RecAndPlayBk/VLink/Debit-RemID-Pipe

2023-01-19 19:36:14 - [TEST_STEP][PASSED] - executionProfile = getExecutionProfile(): null

2023-01-19 19:36:14 - [TEST_STEP][PASSED] - out.println("executionProfile : " + executionProfile): null

2023-01-19 19:36:14 - [TEST_STEP][PASSED] - resText = "Fail": null

2023-01-19 19:36:14 - [TEST_STEP][PASSED] - resColumn = "Result": null

2023-01-19 19:36:14 - [TEST_STEP][PASSED] - datCloumn = "Date": null

2023-01-19 19:36:14 - [TEST_STEP][PASSED] - fileLoc = "KatalonData/VLinkSmokeDataACH.xlsx": null

2023-01-19 19:36:14 - [TEST_STEP][PASSED] - numOfRows = <not implemented yet for class: org.codehaus.groovy.ast.expr.EmptyExpression>: null

2023-01-19 19:36:14 - [TEST_STEP][PASSED] - dataFile = <not implemented yet for class: org.codehaus.groovy.ast.expr.EmptyExpression>: null

2023-01-19 19:36:14 - [TEST_STEP][PASSED] - nameSheet = <not implemented yet for class: org.codehaus.groovy.ast.expr.EmptyExpression>: null

2023-01-19 19:36:14 - [TEST_STEP][PASSED] - nameSheet = "Debit-RemID-Pipe": null

2023-01-19 19:36:14 - [TEST_STEP][PASSED] - numOfRows = findTestData("QA/VLinkTestData/VLinkDebitRemIDPipeData").getRowNumbers(): null

2023-01-19 19:36:14 - [TEST_STEP][PASSED] - println("Number of Records: " + numOfRows): null

2023-01-19 19:36:14 - [TEST_STEP][PASSED] - dataFile = "QA/VLinkTestData/VLinkDebitRemIDPipeData": null

2023-01-19 19:36:14 - [TEST_STEP][PASSED] - for ([row = 1, row <= numOfRows, (row++)]): null

2023-01-19 19:36:14 - [TEST_STEP][PASSED] - ExecuteTC = findTestData(dataFile).getValue("Execute", row): null

2023-01-19 19:36:14 - [TEST_STEP][PASSED] - out.println("Value of Execute is : " + ExecuteTC): null

2023-01-19 19:36:14 - [TEST_STEP][PASSED] - switch (executionProfile): null

2023-01-19 19:36:14 - [TEST_STEP][PASSED] - case "DemoProfile":: null

2023-01-19 19:36:14 - [TEST_STEP][PASSED] - appID = findTestData(dataFile).getValue("AppIDDemo", row): null

2023-01-19 19:36:14 - [TEST_STEP][PASSED] - username = findTestData(dataFile).getValue("UsernameDemo", row): null

2023-01-19 19:36:14 - [TEST_STEP][PASSED] - password = findTestData(dataFile).getValue("PasswordDemo", row): null

2023-01-19 19:36:14 - [TEST_STEP][PASSED] - break: null

2023-01-19 19:36:14 - [TEST_STEP][PASSED] - if (ExecuteTC.equalsIgnoreCase("Y")): null

2023-01-19 19:36:14 - [TEST_STEP][PASSED] - out.println("Begin Record Number: " + row): null

2023-01-19 19:36:14 - [TEST_STEP][PASSED] - today = new java.util.Date(): null

2023-01-19 19:36:14 - [TEST_STEP][PASSED] - println(today): null

2023-01-19 19:36:14 - [TEST_STEP][PASSED] - datText = today: null

2023-01-19 19:36:14 - [TEST_STEP][PASSED] - checkType = findTestData(dataFile).getValue("CheckType", row): null

2023-01-19 19:36:14 - [TEST_STEP][PASSED] - acNumber = findTestData(dataFile).getValue("AcNumber", row): null

2023-01-19 19:36:14 - [TEST_STEP][PASSED] - company = findTestData(dataFile).getValue("Company", row): null

2023-01-19 19:36:15 - [TEST_STEP][PASSED] - acType = findTestData(dataFile).getValue("AcType", row): null

2023-01-19 19:36:15 - [TEST_STEP][PASSED] - rtn = findTestData(dataFile).getValue("RTN", row): null

2023-01-19 19:36:15 - [TEST_STEP][PASSED] - amount = findTestData(dataFile).getValue("Amount", row): null

2023-01-19 19:36:15 - [TEST_STEP][PASSED] - sec = findTestData(dataFile).getValue("SEC", row): null

2023-01-19 19:36:15 - [TEST_STEP][PASSED] - openBrowser(VLinkURL + "debit.html"): Browser is opened with url: 'https://dev-algorithm.govolution.com/vlinktest/demo/version_2_0/debit.html'

2023-01-19 19:36:15 - [MESSAGE][WARNING] - A browser is already opened. Closing browser and opening a new one

2023-01-19 19:36:16 - [MESSAGE][INFO] - Starting 'Chrome' driver

2023-01-19 19:36:16 - [MESSAGE][INFO] - User set preference: ['acceptInsecureCerts', 'true']

2023-01-19 19:36:16 - [MESSAGE][INFO] - Action delay is set to 0 milliseconds

2023-01-19 19:36:17 - [MESSAGE][PASSED] - Browser is opened with url: 'https://dev-algorithm.govolution.com/vlinktest/demo/version_2_0/debit.html'

2023-01-19 19:36:17 - [TEST_STEP][PASSED] - maximizeWindow(): Current window maximized

2023-01-19 19:36:18 - [MESSAGE][PASSED] - Current window maximized

2023-01-19 19:36:18 - [TEST_STEP][PASSED] - genRemID1 = random() * 99999).toInteger(): null

2023-01-19 19:36:18 - [TEST_STEP][PASSED] - genRemID2 = random() * 99999).toInteger(): null

2023-01-19 19:36:18 - [TEST_STEP][PASSED] - genRemID3 = random() * 99999).toInteger(): null

2023-01-19 19:36:18 - [TEST_STEP][PASSED] - println(genRemID1): null

2023-01-19 19:36:18 - [TEST_STEP][PASSED] - println(genRemID2): null

2023-01-19 19:36:18 - [TEST_STEP][PASSED] - println(genRemID3): null

2023-01-19 19:36:18 - [TEST_STEP][PASSED] - genRemID = genRemID1 + "|" + genRemID2 + "|" + genRemID3: null

2023-01-19 19:36:18 - [TEST_STEP][PASSED] - println(genRemID): null

2023-01-19 19:36:18 - [TEST_STEP][PASSED] - setText(findTestObject("RecAndPlayBk/Page-Vlink-Debit/input_Remittance Id"), genRemID): Text '29700|53931|49969' is set on object 'Object Repository/RecAndPlayBk/Page-Vlink-Debit/input_Remittance Id'

2023-01-19 19:36:18 - [MESSAGE][PASSED] - Text '29700|53931|49969' is set on object 'Object Repository/RecAndPlayBk/Page-Vlink-Debit/input_Remittance Id'

2023-01-19 19:36:18 - [TEST_STEP][PASSED] - setText(findTestObject("RecAndPlayBk/Page-Vlink-Debit/input_Application Id"), appID): Text '1773' is set on object 'Object Repository/RecAndPlayBk/Page-Vlink-Debit/input_Application Id'

2023-01-19 19:36:19 - [MESSAGE][PASSED] - Text '1773' is set on object 'Object Repository/RecAndPlayBk/Page-Vlink-Debit/input_Application Id'

2023-01-19 19:36:19 - [TEST_STEP][PASSED] - setText(findTestObject("RecAndPlayBk/Page-Vlink-Debit/input_Username"), username): Text 'username' is set on object 'Object Repository/RecAndPlayBk/Page-Vlink-Debit/input_Username'

2023-01-19 19:36:20 - [MESSAGE][PASSED] - Text 'username' is set on object 'Object Repository/RecAndPlayBk/Page-Vlink-Debit/input_Username'

2023-01-19 19:36:20 - [TEST_STEP][PASSED] - setText(findTestObject("RecAndPlayBk/Page-Vlink-Debit/input_Password"), password): Text 'password' is set on object 'Object Repository/RecAndPlayBk/Page-Vlink-Debit/input_Password'

2023-01-19 19:36:21 - [MESSAGE][PASSED] - Text 'password' is set on object 'Object Repository/RecAndPlayBk/Page-Vlink-Debit/input_Password'

2023-01-19 19:36:21 - [TEST_STEP][PASSED] - setText(findTestObject("RecAndPlayBk/Page-Vlink-Debit/input_Check Type"), checkType): Text 'P' is set on object 'Object Repository/RecAndPlayBk/Page-Vlink-Debit/input_Check Type'

2023-01-19 19:36:21 - [MESSAGE][PASSED] - Text 'P' is set on object 'Object Repository/RecAndPlayBk/Page-Vlink-Debit/input_Check Type'

2023-01-19 19:36:21 - [TEST_STEP][PASSED] - setText(findTestObject("RecAndPlayBk/Page-Vlink-Debit/input_Account_check"), acNumber): Text '58963214' is set on object 'Object Repository/RecAndPlayBk/Page-Vlink-Debit/input_Account_check'

2023-01-19 19:36:22 - [MESSAGE][PASSED] - Text '58963214' is set on object 'Object Repository/RecAndPlayBk/Page-Vlink-Debit/input_Account_check'

2023-01-19 19:36:22 - [TEST_STEP][PASSED] - setText(findTestObject("RecAndPlayBk/Page-Vlink-Debit/input_Company_check"), company): Text '' is set on object 'Object Repository/RecAndPlayBk/Page-Vlink-Debit/input_Company_check'

2023-01-19 19:36:23 - [MESSAGE][PASSED] - Text '' is set on object 'Object Repository/RecAndPlayBk/Page-Vlink-Debit/input_Company_check'

2023-01-19 19:36:23 - [TEST_STEP][PASSED] - setText(findTestObject("RecAndPlayBk/Page-Vlink-Debit/input_Account Type"), acType): Text '1' is set on object 'Object Repository/RecAndPlayBk/Page-Vlink-Debit/input_Account Type'

2023-01-19 19:36:24 - [MESSAGE][PASSED] - Text '1' is set on object 'Object Repository/RecAndPlayBk/Page-Vlink-Debit/input_Account Type'

2023-01-19 19:36:24 - [TEST_STEP][PASSED] - setText(findTestObject("RecAndPlayBk/Page-Vlink-Debit/input_Routing Number"), rtn): Text '256072691' is set on object 'Object Repository/RecAndPlayBk/Page-Vlink-Debit/input_Routing Number'

2023-01-19 19:36:25 - [MESSAGE][PASSED] - Text '256072691' is set on object 'Object Repository/RecAndPlayBk/Page-Vlink-Debit/input_Routing Number'

2023-01-19 19:36:25 - [TEST_STEP][PASSED] - setText(findTestObject("RecAndPlayBk/Page-Vlink-Debit/input_Amount"), amount): Text '12.50' is set on object 'Object Repository/RecAndPlayBk/Page-Vlink-Debit/input_Amount'

2023-01-19 19:36:26 - [MESSAGE][PASSED] - Text '12.50' is set on object 'Object Repository/RecAndPlayBk/Page-Vlink-Debit/input_Amount'

2023-01-19 19:36:26 - [TEST_STEP][PASSED] - setText(findTestObject("RecAndPlayBk/Page-Vlink-Debit/input_Check Email"), ""): Text '' is set on object 'Object Repository/RecAndPlayBk/Page-Vlink-Debit/input_Check Email'

2023-01-19 19:36:27 - [MESSAGE][PASSED] - Text '' is set on object 'Object Repository/RecAndPlayBk/Page-Vlink-Debit/input_Check Email'

2023-01-19 19:36:27 - [TEST_STEP][PASSED] - setText(findTestObject("Object Repository/RecAndPlayBk/Page-Vlink-Debit/input_concat(CheckWriter, , s SSN)_check_ssn"), ""): Text '' is set on object 'Object Repository/RecAndPlayBk/Page-Vlink-Debit/input_concat(CheckWriter, , s SSN)_check_ssn'

2023-01-19 19:36:28 - [MESSAGE][PASSED] - Text '' is set on object 'Object Repository/RecAndPlayBk/Page-Vlink-Debit/input_concat(CheckWriter, , s SSN)_check_ssn'

2023-01-19 19:36:28 - [TEST_STEP][PASSED] - setText(findTestObject("Object Repository/RecAndPlayBk/Page-Vlink-Debit/input_concat(CheckWriter, , s License Numbe_020fef"), ""): Text '' is set on object 'Object Repository/RecAndPlayBk/Page-Vlink-Debit/input_concat(CheckWriter, , s License Numbe_020fef'

2023-01-19 19:36:28 - [MESSAGE][PASSED] - Text '' is set on object 'Object Repository/RecAndPlayBk/Page-Vlink-Debit/input_concat(CheckWriter, , s License Numbe_020fef'

2023-01-19 19:36:28 - [TEST_STEP][PASSED] - setText(findTestObject("Object Repository/RecAndPlayBk/Page-Vlink-Debit/input_concat(CheckWriter, , s License State_21e3e7"), ""): Text '' is set on object 'Object Repository/RecAndPlayBk/Page-Vlink-Debit/input_concat(CheckWriter, , s License State_21e3e7'

2023-01-19 19:36:29 - [MESSAGE][PASSED] - Text '' is set on object 'Object Repository/RecAndPlayBk/Page-Vlink-Debit/input_concat(CheckWriter, , s License State_21e3e7'

2023-01-19 19:36:29 - [TEST_STEP][PASSED] - setText(findTestObject("RecAndPlayBk/Page-Vlink-Debit/input_Standard Entry Class"), sec): Text 'WEB' is set on object 'Object Repository/RecAndPlayBk/Page-Vlink-Debit/input_Standard Entry Class'

2023-01-19 19:36:30 - [MESSAGE][PASSED] - Text 'WEB' is set on object 'Object Repository/RecAndPlayBk/Page-Vlink-Debit/input_Standard Entry Class'

2023-01-19 19:36:30 - [TEST_STEP][PASSED] - click(findTestObject("Object Repository/RecAndPlayBk/Page-Vlink-Debit/input")): Object: 'Object Repository/RecAndPlayBk/Page-Vlink-Debit/input' is clicked on

2023-01-19 19:36:31 - [MESSAGE][PASSED] - Object: 'Object Repository/RecAndPlayBk/Page-Vlink-Debit/input' is clicked on

2023-01-19 19:36:31 - [TEST_STEP][PASSED] - if (verifyTextPresent("Transaction approved, no errors", true)): null

2023-01-19 19:36:31 - [MESSAGE][PASSED] - Text 'Transaction approved, no errors' is present on page  using regular expression

2023-01-19 19:36:31 - [TEST_STEP][PASSED] - println("Transaction Approved, no errors text is present on the Confirmation page"): null

2023-01-19 19:36:31 - [TEST_STEP][PASSED] - out.println("Pass Record Number: " + row): null

2023-01-19 19:36:31 - [TEST_STEP][PASSED] - resText = "Pass": null

2023-01-19 19:36:31 - [TEST_STEP][PASSED] - pages.WriteExcel.demoKey(resText, datText, resColumn, datCloumn, fileLoc, nameSheet, row): pages.WriteExcel.demoKey is PASSED

2023-01-19 19:36:31 - [MESSAGE][PASSED] - pages.WriteExcel.demoKey is PASSED

2023-01-19 19:36:31 - [TEST_STEP][PASSED] - ExecuteTC = findTestData(dataFile).getValue("Execute", row): null

2023-01-19 19:36:31 - [TEST_STEP][PASSED] - out.println("Value of Execute is : " + ExecuteTC): null

2023-01-19 19:36:31 - [TEST_STEP][PASSED] - switch (executionProfile): null

2023-01-19 19:36:31 - [TEST_STEP][PASSED] - case "DemoProfile":: null

2023-01-19 19:36:31 - [TEST_STEP][PASSED] - appID = findTestData(dataFile).getValue("AppIDDemo", row): null

2023-01-19 19:36:32 - [TEST_STEP][PASSED] - username = findTestData(dataFile).getValue("UsernameDemo", row): null

2023-01-19 19:36:32 - [TEST_STEP][PASSED] - password = findTestData(dataFile).getValue("PasswordDemo", row): null

2023-01-19 19:36:32 - [TEST_STEP][PASSED] - break: null

2023-01-19 19:36:32 - [TEST_STEP][PASSED] - if (ExecuteTC.equalsIgnoreCase("Y")): null

2023-01-19 19:36:32 - [TEST_STEP][PASSED] - out.println("Begin Record Number: " + row): null

2023-01-19 19:36:32 - [TEST_STEP][PASSED] - today = new java.util.Date(): null

2023-01-19 19:36:32 - [TEST_STEP][PASSED] - println(today): null

2023-01-19 19:36:32 - [TEST_STEP][PASSED] - datText = today: null

2023-01-19 19:36:32 - [TEST_STEP][PASSED] - checkType = findTestData(dataFile).getValue("CheckType", row): null

2023-01-19 19:36:32 - [TEST_STEP][PASSED] - acNumber = findTestData(dataFile).getValue("AcNumber", row): null

2023-01-19 19:36:32 - [TEST_STEP][PASSED] - company = findTestData(dataFile).getValue("Company", row): null

2023-01-19 19:36:32 - [TEST_STEP][PASSED] - acType = findTestData(dataFile).getValue("AcType", row): null

2023-01-19 19:36:32 - [TEST_STEP][PASSED] - rtn = findTestData(dataFile).getValue("RTN", row): null

2023-01-19 19:36:32 - [TEST_STEP][PASSED] - amount = findTestData(dataFile).getValue("Amount", row): null

2023-01-19 19:36:32 - [TEST_STEP][PASSED] - sec = findTestData(dataFile).getValue("SEC", row): null

2023-01-19 19:36:32 - [TEST_STEP][PASSED] - openBrowser(VLinkURL + "debit.html"): Browser is opened with url: 'https://dev-algorithm.govolution.com/vlinktest/demo/version_2_0/debit.html'

2023-01-19 19:36:32 - [MESSAGE][WARNING] - A browser is already opened. Closing browser and opening a new one

2023-01-19 19:36:33 - [MESSAGE][INFO] - Starting 'Chrome' driver

2023-01-19 19:36:33 - [MESSAGE][INFO] - User set preference: ['acceptInsecureCerts', 'true']

2023-01-19 19:36:33 - [MESSAGE][INFO] - Action delay is set to 0 milliseconds

2023-01-19 19:36:35 - [MESSAGE][PASSED] - Browser is opened with url: 'https://dev-algorithm.govolution.com/vlinktest/demo/version_2_0/debit.html'

2023-01-19 19:36:35 - [TEST_STEP][PASSED] - maximizeWindow(): Current window maximized

2023-01-19 19:36:35 - [MESSAGE][PASSED] - Current window maximized

2023-01-19 19:36:35 - [TEST_STEP][PASSED] - genRemID1 = random() * 99999).toInteger(): null

2023-01-19 19:36:35 - [TEST_STEP][PASSED] - genRemID2 = random() * 99999).toInteger(): null

2023-01-19 19:36:35 - [TEST_STEP][PASSED] - genRemID3 = random() * 99999).toInteger(): null

2023-01-19 19:36:35 - [TEST_STEP][PASSED] - println(genRemID1): null

2023-01-19 19:36:35 - [TEST_STEP][PASSED] - println(genRemID2): null

2023-01-19 19:36:35 - [TEST_STEP][PASSED] - println(genRemID3): null

2023-01-19 19:36:35 - [TEST_STEP][PASSED] - genRemID = genRemID1 + "|" + genRemID2 + "|" + genRemID3: null

2023-01-19 19:36:35 - [TEST_STEP][PASSED] - println(genRemID): null

2023-01-19 19:36:35 - [TEST_STEP][PASSED] - setText(findTestObject("RecAndPlayBk/Page-Vlink-Debit/input_Remittance Id"), genRemID): Text '24141|94555|60734' is set on object 'Object Repository/RecAndPlayBk/Page-Vlink-Debit/input_Remittance Id'

2023-01-19 19:36:36 - [MESSAGE][PASSED] - Text '24141|94555|60734' is set on object 'Object Repository/RecAndPlayBk/Page-Vlink-Debit/input_Remittance Id'

2023-01-19 19:36:36 - [TEST_STEP][PASSED] - setText(findTestObject("RecAndPlayBk/Page-Vlink-Debit/input_Application Id"), appID): Text '1773' is set on object 'Object Repository/RecAndPlayBk/Page-Vlink-Debit/input_Application Id'

2023-01-19 19:36:37 - [MESSAGE][PASSED] - Text '1773' is set on object 'Object Repository/RecAndPlayBk/Page-Vlink-Debit/input_Application Id'

2023-01-19 19:36:37 - [TEST_STEP][PASSED] - setText(findTestObject("RecAndPlayBk/Page-Vlink-Debit/input_Username"), username): Text 'username' is set on object 'Object Repository/RecAndPlayBk/Page-Vlink-Debit/input_Username'

2023-01-19 19:36:38 - [MESSAGE][PASSED] - Text 'username' is set on object 'Object Repository/RecAndPlayBk/Page-Vlink-Debit/input_Username'

2023-01-19 19:36:38 - [TEST_STEP][PASSED] - setText(findTestObject("RecAndPlayBk/Page-Vlink-Debit/input_Password"), password): Text 'password' is set on object 'Object Repository/RecAndPlayBk/Page-Vlink-Debit/input_Password'

2023-01-19 19:36:39 - [MESSAGE][PASSED] - Text 'password' is set on object 'Object Repository/RecAndPlayBk/Page-Vlink-Debit/input_Password'

2023-01-19 19:36:39 - [TEST_STEP][PASSED] - setText(findTestObject("RecAndPlayBk/Page-Vlink-Debit/input_Check Type"), checkType): Text 'P' is set on object 'Object Repository/RecAndPlayBk/Page-Vlink-Debit/input_Check Type'

2023-01-19 19:36:40 - [MESSAGE][PASSED] - Text 'P' is set on object 'Object Repository/RecAndPlayBk/Page-Vlink-Debit/input_Check Type'

2023-01-19 19:36:40 - [TEST_STEP][PASSED] - setText(findTestObject("RecAndPlayBk/Page-Vlink-Debit/input_Account_check"), acNumber): Text '58963214' is set on object 'Object Repository/RecAndPlayBk/Page-Vlink-Debit/input_Account_check'

2023-01-19 19:36:41 - [MESSAGE][PASSED] - Text '58963214' is set on object 'Object Repository/RecAndPlayBk/Page-Vlink-Debit/input_Account_check'

2023-01-19 19:36:41 - [TEST_STEP][PASSED] - setText(findTestObject("RecAndPlayBk/Page-Vlink-Debit/input_Company_check"), company): Text '' is set on object 'Object Repository/RecAndPlayBk/Page-Vlink-Debit/input_Company_check'

2023-01-19 19:36:41 - [MESSAGE][PASSED] - Text '' is set on object 'Object Repository/RecAndPlayBk/Page-Vlink-Debit/input_Company_check'

2023-01-19 19:36:41 - [TEST_STEP][PASSED] - setText(findTestObject("RecAndPlayBk/Page-Vlink-Debit/input_Account Type"), acType): Text '1' is set on object 'Object Repository/RecAndPlayBk/Page-Vlink-Debit/input_Account Type'

2023-01-19 19:36:42 - [MESSAGE][PASSED] - Text '1' is set on object 'Object Repository/RecAndPlayBk/Page-Vlink-Debit/input_Account Type'

2023-01-19 19:36:42 - [TEST_STEP][PASSED] - setText(findTestObject("RecAndPlayBk/Page-Vlink-Debit/input_Routing Number"), rtn): Text '256072691' is set on object 'Object Repository/RecAndPlayBk/Page-Vlink-Debit/input_Routing Number'

2023-01-19 19:36:43 - [MESSAGE][PASSED] - Text '256072691' is set on object 'Object Repository/RecAndPlayBk/Page-Vlink-Debit/input_Routing Number'

2023-01-19 19:36:43 - [TEST_STEP][PASSED] - setText(findTestObject("RecAndPlayBk/Page-Vlink-Debit/input_Amount"), amount): Text '12.50' is set on object 'Object Repository/RecAndPlayBk/Page-Vlink-Debit/input_Amount'

2023-01-19 19:36:44 - [MESSAGE][PASSED] - Text '12.50' is set on object 'Object Repository/RecAndPlayBk/Page-Vlink-Debit/input_Amount'

2023-01-19 19:36:44 - [TEST_STEP][PASSED] - setText(findTestObject("RecAndPlayBk/Page-Vlink-Debit/input_Check Email"), ""): Text '' is set on object 'Object Repository/RecAndPlayBk/Page-Vlink-Debit/input_Check Email'

2023-01-19 19:36:45 - [MESSAGE][PASSED] - Text '' is set on object 'Object Repository/RecAndPlayBk/Page-Vlink-Debit/input_Check Email'

2023-01-19 19:36:45 - [TEST_STEP][PASSED] - setText(findTestObject("Object Repository/RecAndPlayBk/Page-Vlink-Debit/input_concat(CheckWriter, , s SSN)_check_ssn"), ""): Text '' is set on object 'Object Repository/RecAndPlayBk/Page-Vlink-Debit/input_concat(CheckWriter, , s SSN)_check_ssn'

2023-01-19 19:36:46 - [MESSAGE][PASSED] - Text '' is set on object 'Object Repository/RecAndPlayBk/Page-Vlink-Debit/input_concat(CheckWriter, , s SSN)_check_ssn'

2023-01-19 19:36:46 - [TEST_STEP][PASSED] - setText(findTestObject("Object Repository/RecAndPlayBk/Page-Vlink-Debit/input_concat(CheckWriter, , s License Numbe_020fef"), ""): Text '' is set on object 'Object Repository/RecAndPlayBk/Page-Vlink-Debit/input_concat(CheckWriter, , s License Numbe_020fef'

2023-01-19 19:36:47 - [MESSAGE][PASSED] - Text '' is set on object 'Object Repository/RecAndPlayBk/Page-Vlink-Debit/input_concat(CheckWriter, , s License Numbe_020fef'

2023-01-19 19:36:47 - [TEST_STEP][PASSED] - setText(findTestObject("Object Repository/RecAndPlayBk/Page-Vlink-Debit/input_concat(CheckWriter, , s License State_21e3e7"), ""): Text '' is set on object 'Object Repository/RecAndPlayBk/Page-Vlink-Debit/input_concat(CheckWriter, , s License State_21e3e7'

2023-01-19 19:36:47 - [MESSAGE][PASSED] - Text '' is set on object 'Object Repository/RecAndPlayBk/Page-Vlink-Debit/input_concat(CheckWriter, , s License State_21e3e7'

2023-01-19 19:36:47 - [TEST_STEP][PASSED] - setText(findTestObject("RecAndPlayBk/Page-Vlink-Debit/input_Standard Entry Class"), sec): Text 'TEL' is set on object 'Object Repository/RecAndPlayBk/Page-Vlink-Debit/input_Standard Entry Class'

2023-01-19 19:36:48 - [MESSAGE][PASSED] - Text 'TEL' is set on object 'Object Repository/RecAndPlayBk/Page-Vlink-Debit/input_Standard Entry Class'

2023-01-19 19:36:48 - [TEST_STEP][PASSED] - click(findTestObject("Object Repository/RecAndPlayBk/Page-Vlink-Debit/input")): Object: 'Object Repository/RecAndPlayBk/Page-Vlink-Debit/input' is clicked on

2023-01-19 19:36:49 - [MESSAGE][PASSED] - Object: 'Object Repository/RecAndPlayBk/Page-Vlink-Debit/input' is clicked on

2023-01-19 19:36:49 - [TEST_STEP][PASSED] - if (verifyTextPresent("Transaction approved, no errors", true)): null

2023-01-19 19:36:50 - [MESSAGE][PASSED] - Text 'Transaction approved, no errors' is present on page  using regular expression

2023-01-19 19:36:50 - [TEST_STEP][PASSED] - println("Transaction Approved, no errors text is present on the Confirmation page"): null

2023-01-19 19:36:50 - [TEST_STEP][PASSED] - out.println("Pass Record Number: " + row): null

2023-01-19 19:36:50 - [TEST_STEP][PASSED] - resText = "Pass": null

2023-01-19 19:36:50 - [TEST_STEP][PASSED] - pages.WriteExcel.demoKey(resText, datText, resColumn, datCloumn, fileLoc, nameSheet, row): pages.WriteExcel.demoKey is PASSED

2023-01-19 19:36:50 - [MESSAGE][PASSED] - pages.WriteExcel.demoKey is PASSED

2023-01-19 19:36:50 - [TEST_STEP][PASSED] - ExecuteTC = findTestData(dataFile).getValue("Execute", row): null

2023-01-19 19:36:50 - [TEST_STEP][PASSED] - out.println("Value of Execute is : " + ExecuteTC): null

2023-01-19 19:36:50 - [TEST_STEP][PASSED] - switch (executionProfile): null

2023-01-19 19:36:50 - [TEST_STEP][PASSED] - case "DemoProfile":: null

2023-01-19 19:36:50 - [TEST_STEP][PASSED] - appID = findTestData(dataFile).getValue("AppIDDemo", row): null

2023-01-19 19:36:50 - [TEST_STEP][PASSED] - username = findTestData(dataFile).getValue("UsernameDemo", row): null

2023-01-19 19:36:50 - [TEST_STEP][PASSED] - password = findTestData(dataFile).getValue("PasswordDemo", row): null

2023-01-19 19:36:50 - [TEST_STEP][PASSED] - break: null

2023-01-19 19:36:50 - [TEST_STEP][PASSED] - if (ExecuteTC.equalsIgnoreCase("Y")): null

2023-01-19 19:36:50 - [TEST_STEP][PASSED] - out.println("Begin Record Number: " + row): null

2023-01-19 19:36:50 - [TEST_STEP][PASSED] - today = new java.util.Date(): null

2023-01-19 19:36:50 - [TEST_STEP][PASSED] - println(today): null

2023-01-19 19:36:50 - [TEST_STEP][PASSED] - datText = today: null

2023-01-19 19:36:50 - [TEST_STEP][PASSED] - checkType = findTestData(dataFile).getValue("CheckType", row): null

2023-01-19 19:36:50 - [TEST_STEP][PASSED] - acNumber = findTestData(dataFile).getValue("AcNumber", row): null

2023-01-19 19:36:50 - [TEST_STEP][PASSED] - company = findTestData(dataFile).getValue("Company", row): null

2023-01-19 19:36:50 - [TEST_STEP][PASSED] - acType = findTestData(dataFile).getValue("AcType", row): null

2023-01-19 19:36:50 - [TEST_STEP][PASSED] - rtn = findTestData(dataFile).getValue("RTN", row): null

2023-01-19 19:36:50 - [TEST_STEP][PASSED] - amount = findTestData(dataFile).getValue("Amount", row): null

2023-01-19 19:36:50 - [TEST_STEP][PASSED] - sec = findTestData(dataFile).getValue("SEC", row): null

2023-01-19 19:36:50 - [TEST_STEP][PASSED] - openBrowser(VLinkURL + "debit.html"): Browser is opened with url: 'https://dev-algorithm.govolution.com/vlinktest/demo/version_2_0/debit.html'

2023-01-19 19:36:50 - [MESSAGE][WARNING] - A browser is already opened. Closing browser and opening a new one

2023-01-19 19:36:51 - [MESSAGE][INFO] - Starting 'Chrome' driver

2023-01-19 19:36:51 - [MESSAGE][INFO] - User set preference: ['acceptInsecureCerts', 'true']

2023-01-19 19:36:51 - [MESSAGE][INFO] - Action delay is set to 0 milliseconds

2023-01-19 19:36:53 - [MESSAGE][PASSED] - Browser is opened with url: 'https://dev-algorithm.govolution.com/vlinktest/demo/version_2_0/debit.html'

2023-01-19 19:36:53 - [TEST_STEP][PASSED] - maximizeWindow(): Current window maximized

2023-01-19 19:36:53 - [MESSAGE][PASSED] - Current window maximized

2023-01-19 19:36:53 - [TEST_STEP][PASSED] - genRemID1 = random() * 99999).toInteger(): null

2023-01-19 19:36:53 - [TEST_STEP][PASSED] - genRemID2 = random() * 99999).toInteger(): null

2023-01-19 19:36:53 - [TEST_STEP][PASSED] - genRemID3 = random() * 99999).toInteger(): null

2023-01-19 19:36:53 - [TEST_STEP][PASSED] - println(genRemID1): null

2023-01-19 19:36:53 - [TEST_STEP][PASSED] - println(genRemID2): null

2023-01-19 19:36:53 - [TEST_STEP][PASSED] - println(genRemID3): null

2023-01-19 19:36:53 - [TEST_STEP][PASSED] - genRemID = genRemID1 + "|" + genRemID2 + "|" + genRemID3: null

2023-01-19 19:36:53 - [TEST_STEP][PASSED] - println(genRemID): null

2023-01-19 19:36:53 - [TEST_STEP][PASSED] - setText(findTestObject("RecAndPlayBk/Page-Vlink-Debit/input_Remittance Id"), genRemID): Text '59598|8752|35505' is set on object 'Object Repository/RecAndPlayBk/Page-Vlink-Debit/input_Remittance Id'

2023-01-19 19:36:54 - [MESSAGE][PASSED] - Text '59598|8752|35505' is set on object 'Object Repository/RecAndPlayBk/Page-Vlink-Debit/input_Remittance Id'

2023-01-19 19:36:54 - [TEST_STEP][PASSED] - setText(findTestObject("RecAndPlayBk/Page-Vlink-Debit/input_Application Id"), appID): Text '1773' is set on object 'Object Repository/RecAndPlayBk/Page-Vlink-Debit/input_Application Id'

2023-01-19 19:36:55 - [MESSAGE][PASSED] - Text '1773' is set on object 'Object Repository/RecAndPlayBk/Page-Vlink-Debit/input_Application Id'

2023-01-19 19:36:55 - [TEST_STEP][PASSED] - setText(findTestObject("RecAndPlayBk/Page-Vlink-Debit/input_Username"), username): Text 'username' is set on object 'Object Repository/RecAndPlayBk/Page-Vlink-Debit/input_Username'

2023-01-19 19:36:56 - [MESSAGE][PASSED] - Text 'username' is set on object 'Object Repository/RecAndPlayBk/Page-Vlink-Debit/input_Username'

2023-01-19 19:36:56 - [TEST_STEP][PASSED] - setText(findTestObject("RecAndPlayBk/Page-Vlink-Debit/input_Password"), password): Text 'password' is set on object 'Object Repository/RecAndPlayBk/Page-Vlink-Debit/input_Password'

2023-01-19 19:36:57 - [MESSAGE][PASSED] - Text 'password' is set on object 'Object Repository/RecAndPlayBk/Page-Vlink-Debit/input_Password'

2023-01-19 19:36:57 - [TEST_STEP][PASSED] - setText(findTestObject("RecAndPlayBk/Page-Vlink-Debit/input_Check Type"), checkType): Text 'P' is set on object 'Object Repository/RecAndPlayBk/Page-Vlink-Debit/input_Check Type'

2023-01-19 19:36:58 - [MESSAGE][PASSED] - Text 'P' is set on object 'Object Repository/RecAndPlayBk/Page-Vlink-Debit/input_Check Type'

2023-01-19 19:36:58 - [TEST_STEP][PASSED] - setText(findTestObject("RecAndPlayBk/Page-Vlink-Debit/input_Account_check"), acNumber): Text '58963214' is set on object 'Object Repository/RecAndPlayBk/Page-Vlink-Debit/input_Account_check'

2023-01-19 19:36:59 - [MESSAGE][PASSED] - Text '58963214' is set on object 'Object Repository/RecAndPlayBk/Page-Vlink-Debit/input_Account_check'

2023-01-19 19:36:59 - [TEST_STEP][PASSED] - setText(findTestObject("RecAndPlayBk/Page-Vlink-Debit/input_Company_check"), company): Text '' is set on object 'Object Repository/RecAndPlayBk/Page-Vlink-Debit/input_Company_check'

2023-01-19 19:37:00 - [MESSAGE][PASSED] - Text '' is set on object 'Object Repository/RecAndPlayBk/Page-Vlink-Debit/input_Company_check'

2023-01-19 19:37:00 - [TEST_STEP][PASSED] - setText(findTestObject("RecAndPlayBk/Page-Vlink-Debit/input_Account Type"), acType): Text '1' is set on object 'Object Repository/RecAndPlayBk/Page-Vlink-Debit/input_Account Type'

2023-01-19 19:37:00 - [MESSAGE][PASSED] - Text '1' is set on object 'Object Repository/RecAndPlayBk/Page-Vlink-Debit/input_Account Type'

2023-01-19 19:37:00 - [TEST_STEP][PASSED] - setText(findTestObject("RecAndPlayBk/Page-Vlink-Debit/input_Routing Number"), rtn): Text '256072691' is set on object 'Object Repository/RecAndPlayBk/Page-Vlink-Debit/input_Routing Number'

2023-01-19 19:37:01 - [MESSAGE][PASSED] - Text '256072691' is set on object 'Object Repository/RecAndPlayBk/Page-Vlink-Debit/input_Routing Number'

2023-01-19 19:37:01 - [TEST_STEP][PASSED] - setText(findTestObject("RecAndPlayBk/Page-Vlink-Debit/input_Amount"), amount): Text '12.50' is set on object 'Object Repository/RecAndPlayBk/Page-Vlink-Debit/input_Amount'

2023-01-19 19:37:02 - [MESSAGE][PASSED] - Text '12.50' is set on object 'Object Repository/RecAndPlayBk/Page-Vlink-Debit/input_Amount'

2023-01-19 19:37:02 - [TEST_STEP][PASSED] - setText(findTestObject("RecAndPlayBk/Page-Vlink-Debit/input_Check Email"), ""): Text '' is set on object 'Object Repository/RecAndPlayBk/Page-Vlink-Debit/input_Check Email'

2023-01-19 19:37:03 - [MESSAGE][PASSED] - Text '' is set on object 'Object Repository/RecAndPlayBk/Page-Vlink-Debit/input_Check Email'

2023-01-19 19:37:03 - [TEST_STEP][PASSED] - setText(findTestObject("Object Repository/RecAndPlayBk/Page-Vlink-Debit/input_concat(CheckWriter, , s SSN)_check_ssn"), ""): Text '' is set on object 'Object Repository/RecAndPlayBk/Page-Vlink-Debit/input_concat(CheckWriter, , s SSN)_check_ssn'

2023-01-19 19:37:04 - [MESSAGE][PASSED] - Text '' is set on object 'Object Repository/RecAndPlayBk/Page-Vlink-Debit/input_concat(CheckWriter, , s SSN)_check_ssn'

2023-01-19 19:37:04 - [TEST_STEP][PASSED] - setText(findTestObject("Object Repository/RecAndPlayBk/Page-Vlink-Debit/input_concat(CheckWriter, , s License Numbe_020fef"), ""): Text '' is set on object 'Object Repository/RecAndPlayBk/Page-Vlink-Debit/input_concat(CheckWriter, , s License Numbe_020fef'

2023-01-19 19:37:05 - [MESSAGE][PASSED] - Text '' is set on object 'Object Repository/RecAndPlayBk/Page-Vlink-Debit/input_concat(CheckWriter, , s License Numbe_020fef'

2023-01-19 19:37:05 - [TEST_STEP][PASSED] - setText(findTestObject("Object Repository/RecAndPlayBk/Page-Vlink-Debit/input_concat(CheckWriter, , s License State_21e3e7"), ""): Text '' is set on object 'Object Repository/RecAndPlayBk/Page-Vlink-Debit/input_concat(CheckWriter, , s License State_21e3e7'

2023-01-19 19:37:06 - [MESSAGE][PASSED] - Text '' is set on object 'Object Repository/RecAndPlayBk/Page-Vlink-Debit/input_concat(CheckWriter, , s License State_21e3e7'

2023-01-19 19:37:06 - [TEST_STEP][PASSED] - setText(findTestObject("RecAndPlayBk/Page-Vlink-Debit/input_Standard Entry Class"), sec): Text 'PPD' is set on object 'Object Repository/RecAndPlayBk/Page-Vlink-Debit/input_Standard Entry Class'

2023-01-19 19:37:06 - [MESSAGE][PASSED] - Text 'PPD' is set on object 'Object Repository/RecAndPlayBk/Page-Vlink-Debit/input_Standard Entry Class'

2023-01-19 19:37:06 - [TEST_STEP][PASSED] - click(findTestObject("Object Repository/RecAndPlayBk/Page-Vlink-Debit/input")): Object: 'Object Repository/RecAndPlayBk/Page-Vlink-Debit/input' is clicked on

2023-01-19 19:37:07 - [MESSAGE][PASSED] - Object: 'Object Repository/RecAndPlayBk/Page-Vlink-Debit/input' is clicked on

2023-01-19 19:37:07 - [TEST_STEP][PASSED] - if (verifyTextPresent("Transaction approved, no errors", true)): null

2023-01-19 19:37:08 - [MESSAGE][PASSED] - Text 'Transaction approved, no errors' is present on page  using regular expression

2023-01-19 19:37:08 - [TEST_STEP][PASSED] - println("Transaction Approved, no errors text is present on the Confirmation page"): null

2023-01-19 19:37:08 - [TEST_STEP][PASSED] - out.println("Pass Record Number: " + row): null

2023-01-19 19:37:08 - [TEST_STEP][PASSED] - resText = "Pass": null

2023-01-19 19:37:08 - [TEST_STEP][PASSED] - pages.WriteExcel.demoKey(resText, datText, resColumn, datCloumn, fileLoc, nameSheet, row): pages.WriteExcel.demoKey is PASSED

2023-01-19 19:37:08 - [MESSAGE][PASSED] - pages.WriteExcel.demoKey is PASSED

2023-01-19 19:37:08 - [TEST_STEP][PASSED] - ExecuteTC = findTestData(dataFile).getValue("Execute", row): null

2023-01-19 19:37:08 - [TEST_STEP][PASSED] - out.println("Value of Execute is : " + ExecuteTC): null

2023-01-19 19:37:08 - [TEST_STEP][PASSED] - switch (executionProfile): null

2023-01-19 19:37:08 - [TEST_STEP][PASSED] - case "DemoProfile":: null

2023-01-19 19:37:08 - [TEST_STEP][PASSED] - appID = findTestData(dataFile).getValue("AppIDDemo", row): null

2023-01-19 19:37:08 - [TEST_STEP][PASSED] - username = findTestData(dataFile).getValue("UsernameDemo", row): null

2023-01-19 19:37:08 - [TEST_STEP][PASSED] - password = findTestData(dataFile).getValue("PasswordDemo", row): null

2023-01-19 19:37:08 - [TEST_STEP][PASSED] - break: null

2023-01-19 19:37:08 - [TEST_STEP][PASSED] - if (ExecuteTC.equalsIgnoreCase("Y")): null

2023-01-19 19:37:08 - [TEST_STEP][PASSED] - out.println("Begin Record Number: " + row): null

2023-01-19 19:37:08 - [TEST_STEP][PASSED] - today = new java.util.Date(): null

2023-01-19 19:37:08 - [TEST_STEP][PASSED] - println(today): null

2023-01-19 19:37:08 - [TEST_STEP][PASSED] - datText = today: null

2023-01-19 19:37:08 - [TEST_STEP][PASSED] - checkType = findTestData(dataFile).getValue("CheckType", row): null

2023-01-19 19:37:08 - [TEST_STEP][PASSED] - acNumber = findTestData(dataFile).getValue("AcNumber", row): null

2023-01-19 19:37:08 - [TEST_STEP][PASSED] - company = findTestData(dataFile).getValue("Company", row): null

2023-01-19 19:37:08 - [TEST_STEP][PASSED] - acType = findTestData(dataFile).getValue("AcType", row): null

2023-01-19 19:37:08 - [TEST_STEP][PASSED] - rtn = findTestData(dataFile).getValue("RTN", row): null

2023-01-19 19:37:08 - [TEST_STEP][PASSED] - amount = findTestData(dataFile).getValue("Amount", row): null

2023-01-19 19:37:09 - [TEST_STEP][PASSED] - sec = findTestData(dataFile).getValue("SEC", row): null

2023-01-19 19:37:09 - [TEST_STEP][PASSED] - openBrowser(VLinkURL + "debit.html"): Browser is opened with url: 'https://dev-algorithm.govolution.com/vlinktest/demo/version_2_0/debit.html'

2023-01-19 19:37:09 - [MESSAGE][WARNING] - A browser is already opened. Closing browser and opening a new one

2023-01-19 19:37:10 - [MESSAGE][INFO] - Starting 'Chrome' driver

2023-01-19 19:37:10 - [MESSAGE][INFO] - User set preference: ['acceptInsecureCerts', 'true']

2023-01-19 19:37:10 - [MESSAGE][INFO] - Action delay is set to 0 milliseconds

2023-01-19 19:37:11 - [MESSAGE][PASSED] - Browser is opened with url: 'https://dev-algorithm.govolution.com/vlinktest/demo/version_2_0/debit.html'

2023-01-19 19:37:11 - [TEST_STEP][PASSED] - maximizeWindow(): Current window maximized

2023-01-19 19:37:12 - [MESSAGE][PASSED] - Current window maximized

2023-01-19 19:37:12 - [TEST_STEP][PASSED] - genRemID1 = random() * 99999).toInteger(): null

2023-01-19 19:37:12 - [TEST_STEP][PASSED] - genRemID2 = random() * 99999).toInteger(): null

2023-01-19 19:37:12 - [TEST_STEP][PASSED] - genRemID3 = random() * 99999).toInteger(): null

2023-01-19 19:37:12 - [TEST_STEP][PASSED] - println(genRemID1): null

2023-01-19 19:37:12 - [TEST_STEP][PASSED] - println(genRemID2): null

2023-01-19 19:37:12 - [TEST_STEP][PASSED] - println(genRemID3): null

2023-01-19 19:37:12 - [TEST_STEP][PASSED] - genRemID = genRemID1 + "|" + genRemID2 + "|" + genRemID3: null

2023-01-19 19:37:12 - [TEST_STEP][PASSED] - println(genRemID): null

2023-01-19 19:37:12 - [TEST_STEP][PASSED] - setText(findTestObject("RecAndPlayBk/Page-Vlink-Debit/input_Remittance Id"), genRemID): Text '39514|85004|83793' is set on object 'Object Repository/RecAndPlayBk/Page-Vlink-Debit/input_Remittance Id'

2023-01-19 19:37:12 - [MESSAGE][PASSED] - Text '39514|85004|83793' is set on object 'Object Repository/RecAndPlayBk/Page-Vlink-Debit/input_Remittance Id'

2023-01-19 19:37:12 - [TEST_STEP][PASSED] - setText(findTestObject("RecAndPlayBk/Page-Vlink-Debit/input_Application Id"), appID): Text '1773' is set on object 'Object Repository/RecAndPlayBk/Page-Vlink-Debit/input_Application Id'

2023-01-19 19:37:13 - [MESSAGE][PASSED] - Text '1773' is set on object 'Object Repository/RecAndPlayBk/Page-Vlink-Debit/input_Application Id'

2023-01-19 19:37:13 - [TEST_STEP][PASSED] - setText(findTestObject("RecAndPlayBk/Page-Vlink-Debit/input_Username"), username): Text 'username' is set on object 'Object Repository/RecAndPlayBk/Page-Vlink-Debit/input_Username'

2023-01-19 19:37:14 - [MESSAGE][PASSED] - Text 'username' is set on object 'Object Repository/RecAndPlayBk/Page-Vlink-Debit/input_Username'

2023-01-19 19:37:14 - [TEST_STEP][PASSED] - setText(findTestObject("RecAndPlayBk/Page-Vlink-Debit/input_Password"), password): Text 'password' is set on object 'Object Repository/RecAndPlayBk/Page-Vlink-Debit/input_Password'

2023-01-19 19:37:15 - [MESSAGE][PASSED] - Text 'password' is set on object 'Object Repository/RecAndPlayBk/Page-Vlink-Debit/input_Password'

2023-01-19 19:37:15 - [TEST_STEP][PASSED] - setText(findTestObject("RecAndPlayBk/Page-Vlink-Debit/input_Check Type"), checkType): Text 'P' is set on object 'Object Repository/RecAndPlayBk/Page-Vlink-Debit/input_Check Type'

2023-01-19 19:37:16 - [MESSAGE][PASSED] - Text 'P' is set on object 'Object Repository/RecAndPlayBk/Page-Vlink-Debit/input_Check Type'

2023-01-19 19:37:16 - [TEST_STEP][PASSED] - setText(findTestObject("RecAndPlayBk/Page-Vlink-Debit/input_Account_check"), acNumber): Text '58963214' is set on object 'Object Repository/RecAndPlayBk/Page-Vlink-Debit/input_Account_check'

2023-01-19 19:37:17 - [MESSAGE][PASSED] - Text '58963214' is set on object 'Object Repository/RecAndPlayBk/Page-Vlink-Debit/input_Account_check'

2023-01-19 19:37:17 - [TEST_STEP][PASSED] - setText(findTestObject("RecAndPlayBk/Page-Vlink-Debit/input_Company_check"), company): Text '' is set on object 'Object Repository/RecAndPlayBk/Page-Vlink-Debit/input_Company_check'

2023-01-19 19:37:18 - [MESSAGE][PASSED] - Text '' is set on object 'Object Repository/RecAndPlayBk/Page-Vlink-Debit/input_Company_check'

2023-01-19 19:37:18 - [TEST_STEP][PASSED] - setText(findTestObject("RecAndPlayBk/Page-Vlink-Debit/input_Account Type"), acType): Text '2' is set on object 'Object Repository/RecAndPlayBk/Page-Vlink-Debit/input_Account Type'

2023-01-19 19:37:19 - [MESSAGE][PASSED] - Text '2' is set on object 'Object Repository/RecAndPlayBk/Page-Vlink-Debit/input_Account Type'

2023-01-19 19:37:19 - [TEST_STEP][PASSED] - setText(findTestObject("RecAndPlayBk/Page-Vlink-Debit/input_Routing Number"), rtn): Text '256072691' is set on object 'Object Repository/RecAndPlayBk/Page-Vlink-Debit/input_Routing Number'

2023-01-19 19:37:20 - [MESSAGE][PASSED] - Text '256072691' is set on object 'Object Repository/RecAndPlayBk/Page-Vlink-Debit/input_Routing Number'

2023-01-19 19:37:20 - [TEST_STEP][PASSED] - setText(findTestObject("RecAndPlayBk/Page-Vlink-Debit/input_Amount"), amount): Text '12.50' is set on object 'Object Repository/RecAndPlayBk/Page-Vlink-Debit/input_Amount'

2023-01-19 19:37:20 - [MESSAGE][PASSED] - Text '12.50' is set on object 'Object Repository/RecAndPlayBk/Page-Vlink-Debit/input_Amount'

2023-01-19 19:37:20 - [TEST_STEP][PASSED] - setText(findTestObject("RecAndPlayBk/Page-Vlink-Debit/input_Check Email"), ""): Text '' is set on object 'Object Repository/RecAndPlayBk/Page-Vlink-Debit/input_Check Email'

2023-01-19 19:37:21 - [MESSAGE][PASSED] - Text '' is set on object 'Object Repository/RecAndPlayBk/Page-Vlink-Debit/input_Check Email'

2023-01-19 19:37:21 - [TEST_STEP][PASSED] - setText(findTestObject("Object Repository/RecAndPlayBk/Page-Vlink-Debit/input_concat(CheckWriter, , s SSN)_check_ssn"), ""): Text '' is set on object 'Object Repository/RecAndPlayBk/Page-Vlink-Debit/input_concat(CheckWriter, , s SSN)_check_ssn'

2023-01-19 19:37:22 - [MESSAGE][PASSED] - Text '' is set on object 'Object Repository/RecAndPlayBk/Page-Vlink-Debit/input_concat(CheckWriter, , s SSN)_check_ssn'

2023-01-19 19:37:22 - [TEST_STEP][PASSED] - setText(findTestObject("Object Repository/RecAndPlayBk/Page-Vlink-Debit/input_concat(CheckWriter, , s License Numbe_020fef"), ""): Text '' is set on object 'Object Repository/RecAndPlayBk/Page-Vlink-Debit/input_concat(CheckWriter, , s License Numbe_020fef'

2023-01-19 19:37:23 - [MESSAGE][PASSED] - Text '' is set on object 'Object Repository/RecAndPlayBk/Page-Vlink-Debit/input_concat(CheckWriter, , s License Numbe_020fef'

2023-01-19 19:37:23 - [TEST_STEP][PASSED] - setText(findTestObject("Object Repository/RecAndPlayBk/Page-Vlink-Debit/input_concat(CheckWriter, , s License State_21e3e7"), ""): Text '' is set on object 'Object Repository/RecAndPlayBk/Page-Vlink-Debit/input_concat(CheckWriter, , s License State_21e3e7'

2023-01-19 19:37:23 - [MESSAGE][PASSED] - Text '' is set on object 'Object Repository/RecAndPlayBk/Page-Vlink-Debit/input_concat(CheckWriter, , s License State_21e3e7'

2023-01-19 19:37:23 - [TEST_STEP][PASSED] - setText(findTestObject("RecAndPlayBk/Page-Vlink-Debit/input_Standard Entry Class"), sec): Text 'WEB' is set on object 'Object Repository/RecAndPlayBk/Page-Vlink-Debit/input_Standard Entry Class'

2023-01-19 19:37:24 - [MESSAGE][PASSED] - Text 'WEB' is set on object 'Object Repository/RecAndPlayBk/Page-Vlink-Debit/input_Standard Entry Class'

2023-01-19 19:37:24 - [TEST_STEP][PASSED] - click(findTestObject("Object Repository/RecAndPlayBk/Page-Vlink-Debit/input")): Object: 'Object Repository/RecAndPlayBk/Page-Vlink-Debit/input' is clicked on

2023-01-19 19:37:25 - [MESSAGE][PASSED] - Object: 'Object Repository/RecAndPlayBk/Page-Vlink-Debit/input' is clicked on

2023-01-19 19:37:25 - [TEST_STEP][PASSED] - if (verifyTextPresent("Transaction approved, no errors", true)): null

2023-01-19 19:37:25 - [MESSAGE][PASSED] - Text 'Transaction approved, no errors' is present on page  using regular expression

2023-01-19 19:37:25 - [TEST_STEP][PASSED] - println("Transaction Approved, no errors text is present on the Confirmation page"): null

2023-01-19 19:37:25 - [TEST_STEP][PASSED] - out.println("Pass Record Number: " + row): null

2023-01-19 19:37:25 - [TEST_STEP][PASSED] - resText = "Pass": null

2023-01-19 19:37:25 - [TEST_STEP][PASSED] - pages.WriteExcel.demoKey(resText, datText, resColumn, datCloumn, fileLoc, nameSheet, row): pages.WriteExcel.demoKey is PASSED

2023-01-19 19:37:25 - [MESSAGE][PASSED] - pages.WriteExcel.demoKey is PASSED

2023-01-19 19:37:25 - [TEST_STEP][PASSED] - ExecuteTC = findTestData(dataFile).getValue("Execute", row): null

2023-01-19 19:37:25 - [TEST_STEP][PASSED] - out.println("Value of Execute is : " + ExecuteTC): null

2023-01-19 19:37:25 - [TEST_STEP][PASSED] - switch (executionProfile): null

2023-01-19 19:37:25 - [TEST_STEP][PASSED] - case "DemoProfile":: null

2023-01-19 19:37:25 - [TEST_STEP][PASSED] - appID = findTestData(dataFile).getValue("AppIDDemo", row): null

2023-01-19 19:37:26 - [TEST_STEP][PASSED] - username = findTestData(dataFile).getValue("UsernameDemo", row): null

2023-01-19 19:37:26 - [TEST_STEP][PASSED] - password = findTestData(dataFile).getValue("PasswordDemo", row): null

2023-01-19 19:37:26 - [TEST_STEP][PASSED] - break: null

2023-01-19 19:37:26 - [TEST_STEP][PASSED] - if (ExecuteTC.equalsIgnoreCase("Y")): null

2023-01-19 19:37:26 - [TEST_STEP][PASSED] - out.println("Begin Record Number: " + row): null

2023-01-19 19:37:26 - [TEST_STEP][PASSED] - today = new java.util.Date(): null

2023-01-19 19:37:26 - [TEST_STEP][PASSED] - println(today): null

2023-01-19 19:37:26 - [TEST_STEP][PASSED] - datText = today: null

2023-01-19 19:37:26 - [TEST_STEP][PASSED] - checkType = findTestData(dataFile).getValue("CheckType", row): null

2023-01-19 19:37:26 - [TEST_STEP][PASSED] - acNumber = findTestData(dataFile).getValue("AcNumber", row): null

2023-01-19 19:37:26 - [TEST_STEP][PASSED] - company = findTestData(dataFile).getValue("Company", row): null

2023-01-19 19:37:26 - [TEST_STEP][PASSED] - acType = findTestData(dataFile).getValue("AcType", row): null

2023-01-19 19:37:26 - [TEST_STEP][PASSED] - rtn = findTestData(dataFile).getValue("RTN", row): null

2023-01-19 19:37:26 - [TEST_STEP][PASSED] - amount = findTestData(dataFile).getValue("Amount", row): null

2023-01-19 19:37:26 - [TEST_STEP][PASSED] - sec = findTestData(dataFile).getValue("SEC", row): null

2023-01-19 19:37:26 - [TEST_STEP][PASSED] - openBrowser(VLinkURL + "debit.html"): Browser is opened with url: 'https://dev-algorithm.govolution.com/vlinktest/demo/version_2_0/debit.html'

2023-01-19 19:37:26 - [MESSAGE][WARNING] - A browser is already opened. Closing browser and opening a new one

2023-01-19 19:37:27 - [MESSAGE][INFO] - Starting 'Chrome' driver

2023-01-19 19:37:27 - [MESSAGE][INFO] - User set preference: ['acceptInsecureCerts', 'true']

2023-01-19 19:37:27 - [MESSAGE][INFO] - Action delay is set to 0 milliseconds

2023-01-19 19:37:29 - [MESSAGE][PASSED] - Browser is opened with url: 'https://dev-algorithm.govolution.com/vlinktest/demo/version_2_0/debit.html'

2023-01-19 19:37:29 - [TEST_STEP][PASSED] - maximizeWindow(): Current window maximized

2023-01-19 19:37:29 - [MESSAGE][PASSED] - Current window maximized

2023-01-19 19:37:29 - [TEST_STEP][PASSED] - genRemID1 = random() * 99999).toInteger(): null

2023-01-19 19:37:29 - [TEST_STEP][PASSED] - genRemID2 = random() * 99999).toInteger(): null

2023-01-19 19:37:29 - [TEST_STEP][PASSED] - genRemID3 = random() * 99999).toInteger(): null

2023-01-19 19:37:29 - [TEST_STEP][PASSED] - println(genRemID1): null

2023-01-19 19:37:29 - [TEST_STEP][PASSED] - println(genRemID2): null

2023-01-19 19:37:29 - [TEST_STEP][PASSED] - println(genRemID3): null

2023-01-19 19:37:29 - [TEST_STEP][PASSED] - genRemID = genRemID1 + "|" + genRemID2 + "|" + genRemID3: null

2023-01-19 19:37:29 - [TEST_STEP][PASSED] - println(genRemID): null

2023-01-19 19:37:29 - [TEST_STEP][PASSED] - setText(findTestObject("RecAndPlayBk/Page-Vlink-Debit/input_Remittance Id"), genRemID): Text '39947|90002|36089' is set on object 'Object Repository/RecAndPlayBk/Page-Vlink-Debit/input_Remittance Id'

2023-01-19 19:37:30 - [MESSAGE][PASSED] - Text '39947|90002|36089' is set on object 'Object Repository/RecAndPlayBk/Page-Vlink-Debit/input_Remittance Id'

2023-01-19 19:37:30 - [TEST_STEP][PASSED] - setText(findTestObject("RecAndPlayBk/Page-Vlink-Debit/input_Application Id"), appID): Text '1773' is set on object 'Object Repository/RecAndPlayBk/Page-Vlink-Debit/input_Application Id'

2023-01-19 19:37:31 - [MESSAGE][PASSED] - Text '1773' is set on object 'Object Repository/RecAndPlayBk/Page-Vlink-Debit/input_Application Id'

2023-01-19 19:37:31 - [TEST_STEP][PASSED] - setText(findTestObject("RecAndPlayBk/Page-Vlink-Debit/input_Username"), username): Text 'username' is set on object 'Object Repository/RecAndPlayBk/Page-Vlink-Debit/input_Username'

2023-01-19 19:37:32 - [MESSAGE][PASSED] - Text 'username' is set on object 'Object Repository/RecAndPlayBk/Page-Vlink-Debit/input_Username'

2023-01-19 19:37:32 - [TEST_STEP][PASSED] - setText(findTestObject("RecAndPlayBk/Page-Vlink-Debit/input_Password"), password): Text 'password' is set on object 'Object Repository/RecAndPlayBk/Page-Vlink-Debit/input_Password'

2023-01-19 19:37:33 - [MESSAGE][PASSED] - Text 'password' is set on object 'Object Repository/RecAndPlayBk/Page-Vlink-Debit/input_Password'

2023-01-19 19:37:33 - [TEST_STEP][PASSED] - setText(findTestObject("RecAndPlayBk/Page-Vlink-Debit/input_Check Type"), checkType): Text 'P' is set on object 'Object Repository/RecAndPlayBk/Page-Vlink-Debit/input_Check Type'

2023-01-19 19:37:34 - [MESSAGE][PASSED] - Text 'P' is set on object 'Object Repository/RecAndPlayBk/Page-Vlink-Debit/input_Check Type'

2023-01-19 19:37:34 - [TEST_STEP][PASSED] - setText(findTestObject("RecAndPlayBk/Page-Vlink-Debit/input_Account_check"), acNumber): Text '58963214' is set on object 'Object Repository/RecAndPlayBk/Page-Vlink-Debit/input_Account_check'

2023-01-19 19:37:35 - [MESSAGE][PASSED] - Text '58963214' is set on object 'Object Repository/RecAndPlayBk/Page-Vlink-Debit/input_Account_check'

2023-01-19 19:37:35 - [TEST_STEP][PASSED] - setText(findTestObject("RecAndPlayBk/Page-Vlink-Debit/input_Company_check"), company): Text '' is set on object 'Object Repository/RecAndPlayBk/Page-Vlink-Debit/input_Company_check'

2023-01-19 19:37:36 - [MESSAGE][PASSED] - Text '' is set on object 'Object Repository/RecAndPlayBk/Page-Vlink-Debit/input_Company_check'

2023-01-19 19:37:36 - [TEST_STEP][PASSED] - setText(findTestObject("RecAndPlayBk/Page-Vlink-Debit/input_Account Type"), acType): Text '2' is set on object 'Object Repository/RecAndPlayBk/Page-Vlink-Debit/input_Account Type'

2023-01-19 19:37:36 - [MESSAGE][PASSED] - Text '2' is set on object 'Object Repository/RecAndPlayBk/Page-Vlink-Debit/input_Account Type'

2023-01-19 19:37:36 - [TEST_STEP][PASSED] - setText(findTestObject("RecAndPlayBk/Page-Vlink-Debit/input_Routing Number"), rtn): Text '256072691' is set on object 'Object Repository/RecAndPlayBk/Page-Vlink-Debit/input_Routing Number'

2023-01-19 19:37:37 - [MESSAGE][PASSED] - Text '256072691' is set on object 'Object Repository/RecAndPlayBk/Page-Vlink-Debit/input_Routing Number'

2023-01-19 19:37:37 - [TEST_STEP][PASSED] - setText(findTestObject("RecAndPlayBk/Page-Vlink-Debit/input_Amount"), amount): Text '12.50' is set on object 'Object Repository/RecAndPlayBk/Page-Vlink-Debit/input_Amount'

2023-01-19 19:37:38 - [MESSAGE][PASSED] - Text '12.50' is set on object 'Object Repository/RecAndPlayBk/Page-Vlink-Debit/input_Amount'

2023-01-19 19:37:38 - [TEST_STEP][PASSED] - setText(findTestObject("RecAndPlayBk/Page-Vlink-Debit/input_Check Email"), ""): Text '' is set on object 'Object Repository/RecAndPlayBk/Page-Vlink-Debit/input_Check Email'

2023-01-19 19:37:39 - [MESSAGE][PASSED] - Text '' is set on object 'Object Repository/RecAndPlayBk/Page-Vlink-Debit/input_Check Email'

2023-01-19 19:37:39 - [TEST_STEP][PASSED] - setText(findTestObject("Object Repository/RecAndPlayBk/Page-Vlink-Debit/input_concat(CheckWriter, , s SSN)_check_ssn"), ""): Text '' is set on object 'Object Repository/RecAndPlayBk/Page-Vlink-Debit/input_concat(CheckWriter, , s SSN)_check_ssn'

2023-01-19 19:37:39 - [MESSAGE][PASSED] - Text '' is set on object 'Object Repository/RecAndPlayBk/Page-Vlink-Debit/input_concat(CheckWriter, , s SSN)_check_ssn'

2023-01-19 19:37:39 - [TEST_STEP][PASSED] - setText(findTestObject("Object Repository/RecAndPlayBk/Page-Vlink-Debit/input_concat(CheckWriter, , s License Numbe_020fef"), ""): Text '' is set on object 'Object Repository/RecAndPlayBk/Page-Vlink-Debit/input_concat(CheckWriter, , s License Numbe_020fef'

2023-01-19 19:37:40 - [MESSAGE][PASSED] - Text '' is set on object 'Object Repository/RecAndPlayBk/Page-Vlink-Debit/input_concat(CheckWriter, , s License Numbe_020fef'

2023-01-19 19:37:40 - [TEST_STEP][PASSED] - setText(findTestObject("Object Repository/RecAndPlayBk/Page-Vlink-Debit/input_concat(CheckWriter, , s License State_21e3e7"), ""): Text '' is set on object 'Object Repository/RecAndPlayBk/Page-Vlink-Debit/input_concat(CheckWriter, , s License State_21e3e7'

2023-01-19 19:37:41 - [MESSAGE][PASSED] - Text '' is set on object 'Object Repository/RecAndPlayBk/Page-Vlink-Debit/input_concat(CheckWriter, , s License State_21e3e7'

2023-01-19 19:37:41 - [TEST_STEP][PASSED] - setText(findTestObject("RecAndPlayBk/Page-Vlink-Debit/input_Standard Entry Class"), sec): Text 'TEL' is set on object 'Object Repository/RecAndPlayBk/Page-Vlink-Debit/input_Standard Entry Class'

2023-01-19 19:37:42 - [MESSAGE][PASSED] - Text 'TEL' is set on object 'Object Repository/RecAndPlayBk/Page-Vlink-Debit/input_Standard Entry Class'

2023-01-19 19:37:42 - [TEST_STEP][PASSED] - click(findTestObject("Object Repository/RecAndPlayBk/Page-Vlink-Debit/input")): Object: 'Object Repository/RecAndPlayBk/Page-Vlink-Debit/input' is clicked on

2023-01-19 19:37:43 - [MESSAGE][PASSED] - Object: 'Object Repository/RecAndPlayBk/Page-Vlink-Debit/input' is clicked on

2023-01-19 19:37:43 - [TEST_STEP][PASSED] - if (verifyTextPresent("Transaction approved, no errors", true)): null

2023-01-19 19:37:44 - [MESSAGE][PASSED] - Text 'Transaction approved, no errors' is present on page  using regular expression

2023-01-19 19:37:44 - [TEST_STEP][PASSED] - println("Transaction Approved, no errors text is present on the Confirmation page"): null

2023-01-19 19:37:44 - [TEST_STEP][PASSED] - out.println("Pass Record Number: " + row): null

2023-01-19 19:37:44 - [TEST_STEP][PASSED] - resText = "Pass": null

2023-01-19 19:37:44 - [TEST_STEP][PASSED] - pages.WriteExcel.demoKey(resText, datText, resColumn, datCloumn, fileLoc, nameSheet, row): pages.WriteExcel.demoKey is PASSED

2023-01-19 19:37:44 - [MESSAGE][PASSED] - pages.WriteExcel.demoKey is PASSED

2023-01-19 19:37:44 - [TEST_STEP][PASSED] - ExecuteTC = findTestData(dataFile).getValue("Execute", row): null

2023-01-19 19:37:44 - [TEST_STEP][PASSED] - out.println("Value of Execute is : " + ExecuteTC): null

2023-01-19 19:37:44 - [TEST_STEP][PASSED] - switch (executionProfile): null

2023-01-19 19:37:44 - [TEST_STEP][PASSED] - case "DemoProfile":: null

2023-01-19 19:37:44 - [TEST_STEP][PASSED] - appID = findTestData(dataFile).getValue("AppIDDemo", row): null

2023-01-19 19:37:44 - [TEST_STEP][PASSED] - username = findTestData(dataFile).getValue("UsernameDemo", row): null

2023-01-19 19:37:44 - [TEST_STEP][PASSED] - password = findTestData(dataFile).getValue("PasswordDemo", row): null

2023-01-19 19:37:44 - [TEST_STEP][PASSED] - break: null

2023-01-19 19:37:44 - [TEST_STEP][PASSED] - if (ExecuteTC.equalsIgnoreCase("Y")): null

2023-01-19 19:37:44 - [TEST_STEP][PASSED] - out.println("Begin Record Number: " + row): null

2023-01-19 19:37:44 - [TEST_STEP][PASSED] - today = new java.util.Date(): null

2023-01-19 19:37:44 - [TEST_STEP][PASSED] - println(today): null

2023-01-19 19:37:44 - [TEST_STEP][PASSED] - datText = today: null

2023-01-19 19:37:44 - [TEST_STEP][PASSED] - checkType = findTestData(dataFile).getValue("CheckType", row): null

2023-01-19 19:37:44 - [TEST_STEP][PASSED] - acNumber = findTestData(dataFile).getValue("AcNumber", row): null

2023-01-19 19:37:44 - [TEST_STEP][PASSED] - company = findTestData(dataFile).getValue("Company", row): null

2023-01-19 19:37:44 - [TEST_STEP][PASSED] - acType = findTestData(dataFile).getValue("AcType", row): null

2023-01-19 19:37:44 - [TEST_STEP][PASSED] - rtn = findTestData(dataFile).getValue("RTN", row): null

2023-01-19 19:37:44 - [TEST_STEP][PASSED] - amount = findTestData(dataFile).getValue("Amount", row): null

2023-01-19 19:37:44 - [TEST_STEP][PASSED] - sec = findTestData(dataFile).getValue("SEC", row): null

2023-01-19 19:37:44 - [TEST_STEP][PASSED] - openBrowser(VLinkURL + "debit.html"): Browser is opened with url: 'https://dev-algorithm.govolution.com/vlinktest/demo/version_2_0/debit.html'

2023-01-19 19:37:44 - [MESSAGE][WARNING] - A browser is already opened. Closing browser and opening a new one

2023-01-19 19:37:45 - [MESSAGE][INFO] - Starting 'Chrome' driver

2023-01-19 19:37:45 - [MESSAGE][INFO] - User set preference: ['acceptInsecureCerts', 'true']

2023-01-19 19:37:45 - [MESSAGE][INFO] - Action delay is set to 0 milliseconds

2023-01-19 19:37:47 - [MESSAGE][PASSED] - Browser is opened with url: 'https://dev-algorithm.govolution.com/vlinktest/demo/version_2_0/debit.html'

2023-01-19 19:37:47 - [TEST_STEP][PASSED] - maximizeWindow(): Current window maximized

2023-01-19 19:37:47 - [MESSAGE][PASSED] - Current window maximized

2023-01-19 19:37:47 - [TEST_STEP][PASSED] - genRemID1 = random() * 99999).toInteger(): null

2023-01-19 19:37:47 - [TEST_STEP][PASSED] - genRemID2 = random() * 99999).toInteger(): null

2023-01-19 19:37:47 - [TEST_STEP][PASSED] - genRemID3 = random() * 99999).toInteger(): null

2023-01-19 19:37:47 - [TEST_STEP][PASSED] - println(genRemID1): null

2023-01-19 19:37:47 - [TEST_STEP][PASSED] - println(genRemID2): null

2023-01-19 19:37:47 - [TEST_STEP][PASSED] - println(genRemID3): null

2023-01-19 19:37:47 - [TEST_STEP][PASSED] - genRemID = genRemID1 + "|" + genRemID2 + "|" + genRemID3: null

2023-01-19 19:37:47 - [TEST_STEP][PASSED] - println(genRemID): null

2023-01-19 19:37:47 - [TEST_STEP][PASSED] - setText(findTestObject("RecAndPlayBk/Page-Vlink-Debit/input_Remittance Id"), genRemID): Text '19980|2100|30534' is set on object 'Object Repository/RecAndPlayBk/Page-Vlink-Debit/input_Remittance Id'

2023-01-19 19:37:48 - [MESSAGE][PASSED] - Text '19980|2100|30534' is set on object 'Object Repository/RecAndPlayBk/Page-Vlink-Debit/input_Remittance Id'

2023-01-19 19:37:48 - [TEST_STEP][PASSED] - setText(findTestObject("RecAndPlayBk/Page-Vlink-Debit/input_Application Id"), appID): Text '1773' is set on object 'Object Repository/RecAndPlayBk/Page-Vlink-Debit/input_Application Id'

2023-01-19 19:37:49 - [MESSAGE][PASSED] - Text '1773' is set on object 'Object Repository/RecAndPlayBk/Page-Vlink-Debit/input_Application Id'

2023-01-19 19:37:49 - [TEST_STEP][PASSED] - setText(findTestObject("RecAndPlayBk/Page-Vlink-Debit/input_Username"), username): Text 'username' is set on object 'Object Repository/RecAndPlayBk/Page-Vlink-Debit/input_Username'

2023-01-19 19:37:50 - [MESSAGE][PASSED] - Text 'username' is set on object 'Object Repository/RecAndPlayBk/Page-Vlink-Debit/input_Username'

2023-01-19 19:37:50 - [TEST_STEP][PASSED] - setText(findTestObject("RecAndPlayBk/Page-Vlink-Debit/input_Password"), password): Text 'password' is set on object 'Object Repository/RecAndPlayBk/Page-Vlink-Debit/input_Password'

2023-01-19 19:37:51 - [MESSAGE][PASSED] - Text 'password' is set on object 'Object Repository/RecAndPlayBk/Page-Vlink-Debit/input_Password'

2023-01-19 19:37:51 - [TEST_STEP][PASSED] - setText(findTestObject("RecAndPlayBk/Page-Vlink-Debit/input_Check Type"), checkType): Text 'P' is set on object 'Object Repository/RecAndPlayBk/Page-Vlink-Debit/input_Check Type'

2023-01-19 19:37:52 - [MESSAGE][PASSED] - Text 'P' is set on object 'Object Repository/RecAndPlayBk/Page-Vlink-Debit/input_Check Type'

2023-01-19 19:37:52 - [TEST_STEP][PASSED] - setText(findTestObject("RecAndPlayBk/Page-Vlink-Debit/input_Account_check"), acNumber): Text '58963214' is set on object 'Object Repository/RecAndPlayBk/Page-Vlink-Debit/input_Account_check'

2023-01-19 19:37:53 - [MESSAGE][PASSED] - Text '58963214' is set on object 'Object Repository/RecAndPlayBk/Page-Vlink-Debit/input_Account_check'

2023-01-19 19:37:53 - [TEST_STEP][PASSED] - setText(findTestObject("RecAndPlayBk/Page-Vlink-Debit/input_Company_check"), company): Text '' is set on object 'Object Repository/RecAndPlayBk/Page-Vlink-Debit/input_Company_check'

2023-01-19 19:37:53 - [MESSAGE][PASSED] - Text '' is set on object 'Object Repository/RecAndPlayBk/Page-Vlink-Debit/input_Company_check'

2023-01-19 19:37:53 - [TEST_STEP][PASSED] - setText(findTestObject("RecAndPlayBk/Page-Vlink-Debit/input_Account Type"), acType): Text '2' is set on object 'Object Repository/RecAndPlayBk/Page-Vlink-Debit/input_Account Type'

2023-01-19 19:37:55 - [MESSAGE][PASSED] - Text '2' is set on object 'Object Repository/RecAndPlayBk/Page-Vlink-Debit/input_Account Type'

2023-01-19 19:37:55 - [TEST_STEP][PASSED] - setText(findTestObject("RecAndPlayBk/Page-Vlink-Debit/input_Routing Number"), rtn): Text '256072691' is set on object 'Object Repository/RecAndPlayBk/Page-Vlink-Debit/input_Routing Number'

2023-01-19 19:37:55 - [MESSAGE][PASSED] - Text '256072691' is set on object 'Object Repository/RecAndPlayBk/Page-Vlink-Debit/input_Routing Number'

2023-01-19 19:37:55 - [TEST_STEP][PASSED] - setText(findTestObject("RecAndPlayBk/Page-Vlink-Debit/input_Amount"), amount): Text '12.50' is set on object 'Object Repository/RecAndPlayBk/Page-Vlink-Debit/input_Amount'

2023-01-19 19:37:56 - [MESSAGE][PASSED] - Text '12.50' is set on object 'Object Repository/RecAndPlayBk/Page-Vlink-Debit/input_Amount'

2023-01-19 19:37:56 - [TEST_STEP][PASSED] - setText(findTestObject("RecAndPlayBk/Page-Vlink-Debit/input_Check Email"), ""): Text '' is set on object 'Object Repository/RecAndPlayBk/Page-Vlink-Debit/input_Check Email'

2023-01-19 19:37:57 - [MESSAGE][PASSED] - Text '' is set on object 'Object Repository/RecAndPlayBk/Page-Vlink-Debit/input_Check Email'

2023-01-19 19:37:57 - [TEST_STEP][PASSED] - setText(findTestObject("Object Repository/RecAndPlayBk/Page-Vlink-Debit/input_concat(CheckWriter, , s SSN)_check_ssn"), ""): Text '' is set on object 'Object Repository/RecAndPlayBk/Page-Vlink-Debit/input_concat(CheckWriter, , s SSN)_check_ssn'

2023-01-19 19:37:58 - [MESSAGE][PASSED] - Text '' is set on object 'Object Repository/RecAndPlayBk/Page-Vlink-Debit/input_concat(CheckWriter, , s SSN)_check_ssn'

2023-01-19 19:37:58 - [TEST_STEP][PASSED] - setText(findTestObject("Object Repository/RecAndPlayBk/Page-Vlink-Debit/input_concat(CheckWriter, , s License Numbe_020fef"), ""): Text '' is set on object 'Object Repository/RecAndPlayBk/Page-Vlink-Debit/input_concat(CheckWriter, , s License Numbe_020fef'

2023-01-19 19:37:59 - [MESSAGE][PASSED] - Text '' is set on object 'Object Repository/RecAndPlayBk/Page-Vlink-Debit/input_concat(CheckWriter, , s License Numbe_020fef'

2023-01-19 19:37:59 - [TEST_STEP][PASSED] - setText(findTestObject("Object Repository/RecAndPlayBk/Page-Vlink-Debit/input_concat(CheckWriter, , s License State_21e3e7"), ""): Text '' is set on object 'Object Repository/RecAndPlayBk/Page-Vlink-Debit/input_concat(CheckWriter, , s License State_21e3e7'

2023-01-19 19:38:00 - [MESSAGE][PASSED] - Text '' is set on object 'Object Repository/RecAndPlayBk/Page-Vlink-Debit/input_concat(CheckWriter, , s License State_21e3e7'

2023-01-19 19:38:00 - [TEST_STEP][PASSED] - setText(findTestObject("RecAndPlayBk/Page-Vlink-Debit/input_Standard Entry Class"), sec): Text 'PPD' is set on object 'Object Repository/RecAndPlayBk/Page-Vlink-Debit/input_Standard Entry Class'

2023-01-19 19:38:01 - [MESSAGE][PASSED] - Text 'PPD' is set on object 'Object Repository/RecAndPlayBk/Page-Vlink-Debit/input_Standard Entry Class'

2023-01-19 19:38:01 - [TEST_STEP][PASSED] - click(findTestObject("Object Repository/RecAndPlayBk/Page-Vlink-Debit/input")): Object: 'Object Repository/RecAndPlayBk/Page-Vlink-Debit/input' is clicked on

2023-01-19 19:38:02 - [MESSAGE][PASSED] - Object: 'Object Repository/RecAndPlayBk/Page-Vlink-Debit/input' is clicked on

2023-01-19 19:38:02 - [TEST_STEP][PASSED] - if (verifyTextPresent("Transaction approved, no errors", true)): null

2023-01-19 19:38:02 - [MESSAGE][PASSED] - Text 'Transaction approved, no errors' is present on page  using regular expression

2023-01-19 19:38:02 - [TEST_STEP][PASSED] - println("Transaction Approved, no errors text is present on the Confirmation page"): null

2023-01-19 19:38:02 - [TEST_STEP][PASSED] - out.println("Pass Record Number: " + row): null

2023-01-19 19:38:02 - [TEST_STEP][PASSED] - resText = "Pass": null

2023-01-19 19:38:02 - [TEST_STEP][PASSED] - pages.WriteExcel.demoKey(resText, datText, resColumn, datCloumn, fileLoc, nameSheet, row): pages.WriteExcel.demoKey is PASSED

2023-01-19 19:38:02 - [MESSAGE][PASSED] - pages.WriteExcel.demoKey is PASSED

2023-01-19 19:38:02 - [TEST_STEP][PASSED] - ExecuteTC = findTestData(dataFile).getValue("Execute", row): null

2023-01-19 19:38:02 - [TEST_STEP][PASSED] - out.println("Value of Execute is : " + ExecuteTC): null

2023-01-19 19:38:02 - [TEST_STEP][PASSED] - switch (executionProfile): null

2023-01-19 19:38:02 - [TEST_STEP][PASSED] - case "DemoProfile":: null

2023-01-19 19:38:02 - [TEST_STEP][PASSED] - appID = findTestData(dataFile).getValue("AppIDDemo", row): null

2023-01-19 19:38:02 - [TEST_STEP][PASSED] - username = findTestData(dataFile).getValue("UsernameDemo", row): null

2023-01-19 19:38:02 - [TEST_STEP][PASSED] - password = findTestData(dataFile).getValue("PasswordDemo", row): null

2023-01-19 19:38:02 - [TEST_STEP][PASSED] - break: null

2023-01-19 19:38:02 - [TEST_STEP][PASSED] - if (ExecuteTC.equalsIgnoreCase("Y")): null

2023-01-19 19:38:02 - [TEST_STEP][PASSED] - out.println("Begin Record Number: " + row): null

2023-01-19 19:38:02 - [TEST_STEP][PASSED] - today = new java.util.Date(): null

2023-01-19 19:38:02 - [TEST_STEP][PASSED] - println(today): null

2023-01-19 19:38:02 - [TEST_STEP][PASSED] - datText = today: null

2023-01-19 19:38:02 - [TEST_STEP][PASSED] - checkType = findTestData(dataFile).getValue("CheckType", row): null

2023-01-19 19:38:02 - [TEST_STEP][PASSED] - acNumber = findTestData(dataFile).getValue("AcNumber", row): null

2023-01-19 19:38:02 - [TEST_STEP][PASSED] - company = findTestData(dataFile).getValue("Company", row): null

2023-01-19 19:38:02 - [TEST_STEP][PASSED] - acType = findTestData(dataFile).getValue("AcType", row): null

2023-01-19 19:38:03 - [TEST_STEP][PASSED] - rtn = findTestData(dataFile).getValue("RTN", row): null

2023-01-19 19:38:03 - [TEST_STEP][PASSED] - amount = findTestData(dataFile).getValue("Amount", row): null

2023-01-19 19:38:03 - [TEST_STEP][PASSED] - sec = findTestData(dataFile).getValue("SEC", row): null

2023-01-19 19:38:03 - [TEST_STEP][PASSED] - openBrowser(VLinkURL + "debit.html"): Browser is opened with url: 'https://dev-algorithm.govolution.com/vlinktest/demo/version_2_0/debit.html'

2023-01-19 19:38:03 - [MESSAGE][WARNING] - A browser is already opened. Closing browser and opening a new one

2023-01-19 19:38:04 - [MESSAGE][INFO] - Starting 'Chrome' driver

2023-01-19 19:38:04 - [MESSAGE][INFO] - User set preference: ['acceptInsecureCerts', 'true']

2023-01-19 19:38:04 - [MESSAGE][INFO] - Action delay is set to 0 milliseconds

2023-01-19 19:38:05 - [MESSAGE][PASSED] - Browser is opened with url: 'https://dev-algorithm.govolution.com/vlinktest/demo/version_2_0/debit.html'

2023-01-19 19:38:05 - [TEST_STEP][PASSED] - maximizeWindow(): Current window maximized

2023-01-19 19:38:06 - [MESSAGE][PASSED] - Current window maximized

2023-01-19 19:38:06 - [TEST_STEP][PASSED] - genRemID1 = random() * 99999).toInteger(): null

2023-01-19 19:38:06 - [TEST_STEP][PASSED] - genRemID2 = random() * 99999).toInteger(): null

2023-01-19 19:38:06 - [TEST_STEP][PASSED] - genRemID3 = random() * 99999).toInteger(): null

2023-01-19 19:38:06 - [TEST_STEP][PASSED] - println(genRemID1): null

2023-01-19 19:38:06 - [TEST_STEP][PASSED] - println(genRemID2): null

2023-01-19 19:38:06 - [TEST_STEP][PASSED] - println(genRemID3): null

2023-01-19 19:38:06 - [TEST_STEP][PASSED] - genRemID = genRemID1 + "|" + genRemID2 + "|" + genRemID3: null

2023-01-19 19:38:06 - [TEST_STEP][PASSED] - println(genRemID): null

2023-01-19 19:38:06 - [TEST_STEP][PASSED] - setText(findTestObject("RecAndPlayBk/Page-Vlink-Debit/input_Remittance Id"), genRemID): Text '60564|76731|22557' is set on object 'Object Repository/RecAndPlayBk/Page-Vlink-Debit/input_Remittance Id'

2023-01-19 19:38:07 - [MESSAGE][PASSED] - Text '60564|76731|22557' is set on object 'Object Repository/RecAndPlayBk/Page-Vlink-Debit/input_Remittance Id'

2023-01-19 19:38:07 - [TEST_STEP][PASSED] - setText(findTestObject("RecAndPlayBk/Page-Vlink-Debit/input_Application Id"), appID): Text '1773' is set on object 'Object Repository/RecAndPlayBk/Page-Vlink-Debit/input_Application Id'

2023-01-19 19:38:08 - [MESSAGE][PASSED] - Text '1773' is set on object 'Object Repository/RecAndPlayBk/Page-Vlink-Debit/input_Application Id'

2023-01-19 19:38:08 - [TEST_STEP][PASSED] - setText(findTestObject("RecAndPlayBk/Page-Vlink-Debit/input_Username"), username): Text 'username' is set on object 'Object Repository/RecAndPlayBk/Page-Vlink-Debit/input_Username'

2023-01-19 19:38:09 - [MESSAGE][PASSED] - Text 'username' is set on object 'Object Repository/RecAndPlayBk/Page-Vlink-Debit/input_Username'

2023-01-19 19:38:09 - [TEST_STEP][PASSED] - setText(findTestObject("RecAndPlayBk/Page-Vlink-Debit/input_Password"), password): Text 'password' is set on object 'Object Repository/RecAndPlayBk/Page-Vlink-Debit/input_Password'

2023-01-19 19:38:09 - [MESSAGE][PASSED] - Text 'password' is set on object 'Object Repository/RecAndPlayBk/Page-Vlink-Debit/input_Password'

2023-01-19 19:38:09 - [TEST_STEP][PASSED] - setText(findTestObject("RecAndPlayBk/Page-Vlink-Debit/input_Check Type"), checkType): Text 'C' is set on object 'Object Repository/RecAndPlayBk/Page-Vlink-Debit/input_Check Type'

2023-01-19 19:38:10 - [MESSAGE][PASSED] - Text 'C' is set on object 'Object Repository/RecAndPlayBk/Page-Vlink-Debit/input_Check Type'

2023-01-19 19:38:10 - [TEST_STEP][PASSED] - setText(findTestObject("RecAndPlayBk/Page-Vlink-Debit/input_Account_check"), acNumber): Text '58963214' is set on object 'Object Repository/RecAndPlayBk/Page-Vlink-Debit/input_Account_check'

2023-01-19 19:38:11 - [MESSAGE][PASSED] - Text '58963214' is set on object 'Object Repository/RecAndPlayBk/Page-Vlink-Debit/input_Account_check'

2023-01-19 19:38:11 - [TEST_STEP][PASSED] - setText(findTestObject("RecAndPlayBk/Page-Vlink-Debit/input_Company_check"), company): Text 'My Company' is set on object 'Object Repository/RecAndPlayBk/Page-Vlink-Debit/input_Company_check'

2023-01-19 19:38:12 - [MESSAGE][PASSED] - Text 'My Company' is set on object 'Object Repository/RecAndPlayBk/Page-Vlink-Debit/input_Company_check'

2023-01-19 19:38:12 - [TEST_STEP][PASSED] - setText(findTestObject("RecAndPlayBk/Page-Vlink-Debit/input_Account Type"), acType): Text '' is set on object 'Object Repository/RecAndPlayBk/Page-Vlink-Debit/input_Account Type'

2023-01-19 19:38:13 - [MESSAGE][PASSED] - Text '' is set on object 'Object Repository/RecAndPlayBk/Page-Vlink-Debit/input_Account Type'

2023-01-19 19:38:13 - [TEST_STEP][PASSED] - setText(findTestObject("RecAndPlayBk/Page-Vlink-Debit/input_Routing Number"), rtn): Text '256072691' is set on object 'Object Repository/RecAndPlayBk/Page-Vlink-Debit/input_Routing Number'

2023-01-19 19:38:14 - [MESSAGE][PASSED] - Text '256072691' is set on object 'Object Repository/RecAndPlayBk/Page-Vlink-Debit/input_Routing Number'

2023-01-19 19:38:14 - [TEST_STEP][PASSED] - setText(findTestObject("RecAndPlayBk/Page-Vlink-Debit/input_Amount"), amount): Text '12.50' is set on object 'Object Repository/RecAndPlayBk/Page-Vlink-Debit/input_Amount'

2023-01-19 19:38:15 - [MESSAGE][PASSED] - Text '12.50' is set on object 'Object Repository/RecAndPlayBk/Page-Vlink-Debit/input_Amount'

2023-01-19 19:38:15 - [TEST_STEP][PASSED] - setText(findTestObject("RecAndPlayBk/Page-Vlink-Debit/input_Check Email"), ""): Text '' is set on object 'Object Repository/RecAndPlayBk/Page-Vlink-Debit/input_Check Email'

2023-01-19 19:38:16 - [MESSAGE][PASSED] - Text '' is set on object 'Object Repository/RecAndPlayBk/Page-Vlink-Debit/input_Check Email'

2023-01-19 19:38:16 - [TEST_STEP][PASSED] - setText(findTestObject("Object Repository/RecAndPlayBk/Page-Vlink-Debit/input_concat(CheckWriter, , s SSN)_check_ssn"), ""): Text '' is set on object 'Object Repository/RecAndPlayBk/Page-Vlink-Debit/input_concat(CheckWriter, , s SSN)_check_ssn'

2023-01-19 19:38:16 - [MESSAGE][PASSED] - Text '' is set on object 'Object Repository/RecAndPlayBk/Page-Vlink-Debit/input_concat(CheckWriter, , s SSN)_check_ssn'

2023-01-19 19:38:16 - [TEST_STEP][PASSED] - setText(findTestObject("Object Repository/RecAndPlayBk/Page-Vlink-Debit/input_concat(CheckWriter, , s License Numbe_020fef"), ""): Text '' is set on object 'Object Repository/RecAndPlayBk/Page-Vlink-Debit/input_concat(CheckWriter, , s License Numbe_020fef'

2023-01-19 19:38:17 - [MESSAGE][PASSED] - Text '' is set on object 'Object Repository/RecAndPlayBk/Page-Vlink-Debit/input_concat(CheckWriter, , s License Numbe_020fef'

2023-01-19 19:38:17 - [TEST_STEP][PASSED] - setText(findTestObject("Object Repository/RecAndPlayBk/Page-Vlink-Debit/input_concat(CheckWriter, , s License State_21e3e7"), ""): Text '' is set on object 'Object Repository/RecAndPlayBk/Page-Vlink-Debit/input_concat(CheckWriter, , s License State_21e3e7'

2023-01-19 19:38:18 - [MESSAGE][PASSED] - Text '' is set on object 'Object Repository/RecAndPlayBk/Page-Vlink-Debit/input_concat(CheckWriter, , s License State_21e3e7'

2023-01-19 19:38:18 - [TEST_STEP][PASSED] - setText(findTestObject("RecAndPlayBk/Page-Vlink-Debit/input_Standard Entry Class"), sec): Text 'CCD' is set on object 'Object Repository/RecAndPlayBk/Page-Vlink-Debit/input_Standard Entry Class'

2023-01-19 19:38:19 - [MESSAGE][PASSED] - Text 'CCD' is set on object 'Object Repository/RecAndPlayBk/Page-Vlink-Debit/input_Standard Entry Class'

2023-01-19 19:38:19 - [TEST_STEP][PASSED] - click(findTestObject("Object Repository/RecAndPlayBk/Page-Vlink-Debit/input")): Object: 'Object Repository/RecAndPlayBk/Page-Vlink-Debit/input' is clicked on

2023-01-19 19:38:20 - [MESSAGE][PASSED] - Object: 'Object Repository/RecAndPlayBk/Page-Vlink-Debit/input' is clicked on

2023-01-19 19:38:20 - [TEST_STEP][PASSED] - if (verifyTextPresent("Transaction approved, no errors", true)): null

2023-01-19 19:38:20 - [MESSAGE][PASSED] - Text 'Transaction approved, no errors' is present on page  using regular expression

2023-01-19 19:38:20 - [TEST_STEP][PASSED] - println("Transaction Approved, no errors text is present on the Confirmation page"): null

2023-01-19 19:38:20 - [TEST_STEP][PASSED] - out.println("Pass Record Number: " + row): null

2023-01-19 19:38:20 - [TEST_STEP][PASSED] - resText = "Pass": null

2023-01-19 19:38:20 - [TEST_STEP][PASSED] - pages.WriteExcel.demoKey(resText, datText, resColumn, datCloumn, fileLoc, nameSheet, row): pages.WriteExcel.demoKey is PASSED

2023-01-19 19:38:20 - [MESSAGE][PASSED] - pages.WriteExcel.demoKey is PASSED]]></system-out>
         <system-err><![CDATA[]]></system-err>
      </testcase>
      <testcase name="Test Cases/RecAndPlayBk/VLink/Debit-Void-RemID-Pipe" time="205.429" classname="Test Cases/RecAndPlayBk/VLink/Debit-Void-RemID-Pipe" status="PASSED">
         <system-out><![CDATA[2023-01-19 19:38:20 - [TEST_CASE][PASSED] - Test Cases/RecAndPlayBk/VLink/Debit-Void-RemID-Pipe: Test Cases/RecAndPlayBk/VLink/Debit-Void-RemID-Pipe

2023-01-19 19:38:21 - [TEST_STEP][PASSED] - executionProfile = getExecutionProfile(): null

2023-01-19 19:38:21 - [TEST_STEP][PASSED] - out.println("executionProfile : " + executionProfile): null

2023-01-19 19:38:21 - [TEST_STEP][PASSED] - resText = "Fail": null

2023-01-19 19:38:21 - [TEST_STEP][PASSED] - resColumn = "Result": null

2023-01-19 19:38:21 - [TEST_STEP][PASSED] - datCloumn = "Date": null

2023-01-19 19:38:21 - [TEST_STEP][PASSED] - fileLoc = "KatalonData/VLinkSmokeDataACH.xlsx": null

2023-01-19 19:38:21 - [TEST_STEP][PASSED] - numOfRows = <not implemented yet for class: org.codehaus.groovy.ast.expr.EmptyExpression>: null

2023-01-19 19:38:21 - [TEST_STEP][PASSED] - dataFile = <not implemented yet for class: org.codehaus.groovy.ast.expr.EmptyExpression>: null

2023-01-19 19:38:21 - [TEST_STEP][PASSED] - nameSheet = <not implemented yet for class: org.codehaus.groovy.ast.expr.EmptyExpression>: null

2023-01-19 19:38:21 - [TEST_STEP][PASSED] - nameSheet = "DebitVoid-RemID-Pipe": null

2023-01-19 19:38:21 - [TEST_STEP][PASSED] - numOfRows = findTestData("QA/VLinkTestData/VLinkDebitVoidRemIDPipeData").getRowNumbers(): null

2023-01-19 19:38:21 - [TEST_STEP][PASSED] - println("Number of Records: " + numOfRows): null

2023-01-19 19:38:21 - [TEST_STEP][PASSED] - dataFile = "QA/VLinkTestData/VLinkDebitVoidRemIDPipeData": null

2023-01-19 19:38:21 - [TEST_STEP][PASSED] - for ([row = 1, row <= numOfRows, (row++)]): null

2023-01-19 19:38:21 - [TEST_STEP][PASSED] - ExecuteTC = findTestData(dataFile).getValue("Execute", row): null

2023-01-19 19:38:21 - [TEST_STEP][PASSED] - out.println("Value of Execute is : " + ExecuteTC): null

2023-01-19 19:38:21 - [TEST_STEP][PASSED] - switch (executionProfile): null

2023-01-19 19:38:21 - [TEST_STEP][PASSED] - case "DemoProfile":: null

2023-01-19 19:38:21 - [TEST_STEP][PASSED] - appID = findTestData(dataFile).getValue("AppIDDemo", row): null

2023-01-19 19:38:21 - [TEST_STEP][PASSED] - username = findTestData(dataFile).getValue("UsernameDemo", row): null

2023-01-19 19:38:21 - [TEST_STEP][PASSED] - password = findTestData(dataFile).getValue("PasswordDemo", row): null

2023-01-19 19:38:21 - [TEST_STEP][PASSED] - break: null

2023-01-19 19:38:21 - [TEST_STEP][PASSED] - if (ExecuteTC.equalsIgnoreCase("Y")): null

2023-01-19 19:38:21 - [TEST_STEP][PASSED] - out.println("Begin Record Number: " + row): null

2023-01-19 19:38:21 - [TEST_STEP][PASSED] - today = new java.util.Date(): null

2023-01-19 19:38:21 - [TEST_STEP][PASSED] - println(today): null

2023-01-19 19:38:21 - [TEST_STEP][PASSED] - datText = today: null

2023-01-19 19:38:21 - [TEST_STEP][PASSED] - checkType = findTestData(dataFile).getValue("CheckType", row): null

2023-01-19 19:38:21 - [TEST_STEP][PASSED] - acNumber = findTestData(dataFile).getValue("AcNumber", row): null

2023-01-19 19:38:21 - [TEST_STEP][PASSED] - company = findTestData(dataFile).getValue("Company", row): null

2023-01-19 19:38:21 - [TEST_STEP][PASSED] - acType = findTestData(dataFile).getValue("AcType", row): null

2023-01-19 19:38:21 - [TEST_STEP][PASSED] - rtn = findTestData(dataFile).getValue("RTN", row): null

2023-01-19 19:38:21 - [TEST_STEP][PASSED] - amount = findTestData(dataFile).getValue("Amount", row): null

2023-01-19 19:38:21 - [TEST_STEP][PASSED] - sec = findTestData(dataFile).getValue("SEC", row): null

2023-01-19 19:38:21 - [TEST_STEP][PASSED] - openBrowser(VLinkURL + "debit.html"): Browser is opened with url: 'https://dev-algorithm.govolution.com/vlinktest/demo/version_2_0/debit.html'

2023-01-19 19:38:21 - [MESSAGE][WARNING] - A browser is already opened. Closing browser and opening a new one

2023-01-19 19:38:22 - [MESSAGE][INFO] - Starting 'Chrome' driver

2023-01-19 19:38:22 - [MESSAGE][INFO] - User set preference: ['acceptInsecureCerts', 'true']

2023-01-19 19:38:22 - [MESSAGE][INFO] - Action delay is set to 0 milliseconds

2023-01-19 19:38:24 - [MESSAGE][PASSED] - Browser is opened with url: 'https://dev-algorithm.govolution.com/vlinktest/demo/version_2_0/debit.html'

2023-01-19 19:38:24 - [TEST_STEP][PASSED] - maximizeWindow(): Current window maximized

2023-01-19 19:38:24 - [MESSAGE][PASSED] - Current window maximized

2023-01-19 19:38:24 - [TEST_STEP][PASSED] - genRemID1 = random() * 99999).toInteger(): null

2023-01-19 19:38:24 - [TEST_STEP][PASSED] - genRemID2 = random() * 99999).toInteger(): null

2023-01-19 19:38:24 - [TEST_STEP][PASSED] - genRemID3 = random() * 99999).toInteger(): null

2023-01-19 19:38:24 - [TEST_STEP][PASSED] - println(genRemID1): null

2023-01-19 19:38:24 - [TEST_STEP][PASSED] - println(genRemID2): null

2023-01-19 19:38:24 - [TEST_STEP][PASSED] - println(genRemID3): null

2023-01-19 19:38:24 - [TEST_STEP][PASSED] - genRemID = genRemID1 + "|" + genRemID2 + "|" + genRemID3: null

2023-01-19 19:38:24 - [TEST_STEP][PASSED] - println(genRemID): null

2023-01-19 19:38:24 - [TEST_STEP][PASSED] - setText(findTestObject("RecAndPlayBk/Page-Vlink-Debit/input_Remittance Id"), genRemID): Text '10842|77581|75606' is set on object 'Object Repository/RecAndPlayBk/Page-Vlink-Debit/input_Remittance Id'

2023-01-19 19:38:25 - [MESSAGE][PASSED] - Text '10842|77581|75606' is set on object 'Object Repository/RecAndPlayBk/Page-Vlink-Debit/input_Remittance Id'

2023-01-19 19:38:25 - [TEST_STEP][PASSED] - setText(findTestObject("RecAndPlayBk/Page-Vlink-Debit/input_Application Id"), appID): Text '1773' is set on object 'Object Repository/RecAndPlayBk/Page-Vlink-Debit/input_Application Id'

2023-01-19 19:38:26 - [MESSAGE][PASSED] - Text '1773' is set on object 'Object Repository/RecAndPlayBk/Page-Vlink-Debit/input_Application Id'

2023-01-19 19:38:26 - [TEST_STEP][PASSED] - setText(findTestObject("RecAndPlayBk/Page-Vlink-Debit/input_Username"), username): Text 'username' is set on object 'Object Repository/RecAndPlayBk/Page-Vlink-Debit/input_Username'

2023-01-19 19:38:27 - [MESSAGE][PASSED] - Text 'username' is set on object 'Object Repository/RecAndPlayBk/Page-Vlink-Debit/input_Username'

2023-01-19 19:38:27 - [TEST_STEP][PASSED] - setText(findTestObject("RecAndPlayBk/Page-Vlink-Debit/input_Password"), password): Text 'password' is set on object 'Object Repository/RecAndPlayBk/Page-Vlink-Debit/input_Password'

2023-01-19 19:38:28 - [MESSAGE][PASSED] - Text 'password' is set on object 'Object Repository/RecAndPlayBk/Page-Vlink-Debit/input_Password'

2023-01-19 19:38:28 - [TEST_STEP][PASSED] - setText(findTestObject("RecAndPlayBk/Page-Vlink-Debit/input_Check Type"), checkType): Text 'P' is set on object 'Object Repository/RecAndPlayBk/Page-Vlink-Debit/input_Check Type'

2023-01-19 19:38:29 - [MESSAGE][PASSED] - Text 'P' is set on object 'Object Repository/RecAndPlayBk/Page-Vlink-Debit/input_Check Type'

2023-01-19 19:38:29 - [TEST_STEP][PASSED] - setText(findTestObject("RecAndPlayBk/Page-Vlink-Debit/input_Account_check"), acNumber): Text '58963214' is set on object 'Object Repository/RecAndPlayBk/Page-Vlink-Debit/input_Account_check'

2023-01-19 19:38:30 - [MESSAGE][PASSED] - Text '58963214' is set on object 'Object Repository/RecAndPlayBk/Page-Vlink-Debit/input_Account_check'

2023-01-19 19:38:30 - [TEST_STEP][PASSED] - setText(findTestObject("RecAndPlayBk/Page-Vlink-Debit/input_Company_check"), company): Text '' is set on object 'Object Repository/RecAndPlayBk/Page-Vlink-Debit/input_Company_check'

2023-01-19 19:38:30 - [MESSAGE][PASSED] - Text '' is set on object 'Object Repository/RecAndPlayBk/Page-Vlink-Debit/input_Company_check'

2023-01-19 19:38:30 - [TEST_STEP][PASSED] - setText(findTestObject("RecAndPlayBk/Page-Vlink-Debit/input_Account Type"), acType): Text '1' is set on object 'Object Repository/RecAndPlayBk/Page-Vlink-Debit/input_Account Type'

2023-01-19 19:38:31 - [MESSAGE][PASSED] - Text '1' is set on object 'Object Repository/RecAndPlayBk/Page-Vlink-Debit/input_Account Type'

2023-01-19 19:38:31 - [TEST_STEP][PASSED] - setText(findTestObject("RecAndPlayBk/Page-Vlink-Debit/input_Routing Number"), rtn): Text '256072691' is set on object 'Object Repository/RecAndPlayBk/Page-Vlink-Debit/input_Routing Number'

2023-01-19 19:38:32 - [MESSAGE][PASSED] - Text '256072691' is set on object 'Object Repository/RecAndPlayBk/Page-Vlink-Debit/input_Routing Number'

2023-01-19 19:38:32 - [TEST_STEP][PASSED] - setText(findTestObject("RecAndPlayBk/Page-Vlink-Debit/input_Amount"), amount): Text '12.50' is set on object 'Object Repository/RecAndPlayBk/Page-Vlink-Debit/input_Amount'

2023-01-19 19:38:33 - [MESSAGE][PASSED] - Text '12.50' is set on object 'Object Repository/RecAndPlayBk/Page-Vlink-Debit/input_Amount'

2023-01-19 19:38:33 - [TEST_STEP][PASSED] - setText(findTestObject("RecAndPlayBk/Page-Vlink-Debit/input_Check Email"), ""): Text '' is set on object 'Object Repository/RecAndPlayBk/Page-Vlink-Debit/input_Check Email'

2023-01-19 19:38:33 - [MESSAGE][PASSED] - Text '' is set on object 'Object Repository/RecAndPlayBk/Page-Vlink-Debit/input_Check Email'

2023-01-19 19:38:33 - [TEST_STEP][PASSED] - setText(findTestObject("Object Repository/RecAndPlayBk/Page-Vlink-Debit/input_concat(CheckWriter, , s SSN)_check_ssn"), ""): Text '' is set on object 'Object Repository/RecAndPlayBk/Page-Vlink-Debit/input_concat(CheckWriter, , s SSN)_check_ssn'

2023-01-19 19:38:34 - [MESSAGE][PASSED] - Text '' is set on object 'Object Repository/RecAndPlayBk/Page-Vlink-Debit/input_concat(CheckWriter, , s SSN)_check_ssn'

2023-01-19 19:38:34 - [TEST_STEP][PASSED] - setText(findTestObject("Object Repository/RecAndPlayBk/Page-Vlink-Debit/input_concat(CheckWriter, , s License Numbe_020fef"), ""): Text '' is set on object 'Object Repository/RecAndPlayBk/Page-Vlink-Debit/input_concat(CheckWriter, , s License Numbe_020fef'

2023-01-19 19:38:35 - [MESSAGE][PASSED] - Text '' is set on object 'Object Repository/RecAndPlayBk/Page-Vlink-Debit/input_concat(CheckWriter, , s License Numbe_020fef'

2023-01-19 19:38:35 - [TEST_STEP][PASSED] - setText(findTestObject("Object Repository/RecAndPlayBk/Page-Vlink-Debit/input_concat(CheckWriter, , s License State_21e3e7"), ""): Text '' is set on object 'Object Repository/RecAndPlayBk/Page-Vlink-Debit/input_concat(CheckWriter, , s License State_21e3e7'

2023-01-19 19:38:36 - [MESSAGE][PASSED] - Text '' is set on object 'Object Repository/RecAndPlayBk/Page-Vlink-Debit/input_concat(CheckWriter, , s License State_21e3e7'

2023-01-19 19:38:36 - [TEST_STEP][PASSED] - setText(findTestObject("RecAndPlayBk/Page-Vlink-Debit/input_Standard Entry Class"), sec): Text 'WEB' is set on object 'Object Repository/RecAndPlayBk/Page-Vlink-Debit/input_Standard Entry Class'

2023-01-19 19:38:37 - [MESSAGE][PASSED] - Text 'WEB' is set on object 'Object Repository/RecAndPlayBk/Page-Vlink-Debit/input_Standard Entry Class'

2023-01-19 19:38:37 - [TEST_STEP][PASSED] - click(findTestObject("Object Repository/RecAndPlayBk/Page-Vlink-Debit/input")): Object: 'Object Repository/RecAndPlayBk/Page-Vlink-Debit/input' is clicked on

2023-01-19 19:38:38 - [MESSAGE][PASSED] - Object: 'Object Repository/RecAndPlayBk/Page-Vlink-Debit/input' is clicked on

2023-01-19 19:38:38 - [TEST_STEP][PASSED] - if (verifyTextPresent("Transaction approved, no errors", true)): null

2023-01-19 19:38:38 - [MESSAGE][PASSED] - Text 'Transaction approved, no errors' is present on page  using regular expression

2023-01-19 19:38:38 - [TEST_STEP][PASSED] - println("Transaction Approved, no errors text is present on the Confirmation page"): null

2023-01-19 19:38:38 - [TEST_STEP][PASSED] - sdfo = getText(findTestObject("Object Repository/Page_VLinkReceipt/pre_STX")): Text of object 'Object Repository/Page_VLinkReceipt/pre_STX' is: '<STX>10842|77581|75606             2916711             0  Transaction approved, no errors                   0                                                                                                              <ETX>'

2023-01-19 19:38:38 - [MESSAGE][PASSED] - Text of object 'Object Repository/Page_VLinkReceipt/pre_STX' is: '<STX>10842|77581|75606             2916711             0  Transaction approved, no errors                   0                                                                                                              <ETX>'

2023-01-19 19:38:38 - [TEST_STEP][PASSED] - out.println("sdfo: " + sdfo): null

2023-01-19 19:38:38 - [TEST_STEP][PASSED] - remID = substring(5, 35).trim(): null

2023-01-19 19:38:38 - [TEST_STEP][PASSED] - out.println("remID: " + remID): null

2023-01-19 19:38:38 - [TEST_STEP][PASSED] - traxID = substring(35, 55).trim(): null

2023-01-19 19:38:38 - [TEST_STEP][PASSED] - out.println("traxID: " + traxID): null

2023-01-19 19:38:38 - [TEST_STEP][PASSED] - VLinkSaleRemID = remID: null

2023-01-19 19:38:38 - [TEST_STEP][PASSED] - VLinkSaleTranxID = traxID: null

2023-01-19 19:38:38 - [TEST_STEP][PASSED] - openBrowser(VLinkURL + "ACH_void.html"): Browser is opened with url: 'https://dev-algorithm.govolution.com/vlinktest/demo/version_2_0/ACH_void.html'

2023-01-19 19:38:38 - [MESSAGE][WARNING] - A browser is already opened. Closing browser and opening a new one

2023-01-19 19:38:39 - [MESSAGE][INFO] - Starting 'Chrome' driver

2023-01-19 19:38:39 - [MESSAGE][INFO] - User set preference: ['acceptInsecureCerts', 'true']

2023-01-19 19:38:39 - [MESSAGE][INFO] - Action delay is set to 0 milliseconds

2023-01-19 19:38:41 - [MESSAGE][PASSED] - Browser is opened with url: 'https://dev-algorithm.govolution.com/vlinktest/demo/version_2_0/ACH_void.html'

2023-01-19 19:38:41 - [TEST_STEP][PASSED] - maximizeWindow(): Current window maximized

2023-01-19 19:38:41 - [MESSAGE][PASSED] - Current window maximized

2023-01-19 19:38:41 - [TEST_STEP][PASSED] - setText(findTestObject("Object Repository/RecAndPlayBk/Page-Vlink-ACH-Void/input_Remittance Id"), VLinkSaleRemID): Text '10842|77581|75606' is set on object 'Object Repository/RecAndPlayBk/Page-Vlink-ACH-Void/input_Remittance Id'

2023-01-19 19:38:42 - [MESSAGE][PASSED] - Text '10842|77581|75606' is set on object 'Object Repository/RecAndPlayBk/Page-Vlink-ACH-Void/input_Remittance Id'

2023-01-19 19:38:42 - [TEST_STEP][PASSED] - setText(findTestObject("Object Repository/RecAndPlayBk/Page-Vlink-ACH-Void/input_Application Id"), appID): Text '1773' is set on object 'Object Repository/RecAndPlayBk/Page-Vlink-ACH-Void/input_Application Id'

2023-01-19 19:38:43 - [MESSAGE][PASSED] - Text '1773' is set on object 'Object Repository/RecAndPlayBk/Page-Vlink-ACH-Void/input_Application Id'

2023-01-19 19:38:43 - [TEST_STEP][PASSED] - setText(findTestObject("Object Repository/RecAndPlayBk/Page-Vlink-ACH-Void/input_Username"), username): Text 'username' is set on object 'Object Repository/RecAndPlayBk/Page-Vlink-ACH-Void/input_Username'

2023-01-19 19:38:44 - [MESSAGE][PASSED] - Text 'username' is set on object 'Object Repository/RecAndPlayBk/Page-Vlink-ACH-Void/input_Username'

2023-01-19 19:38:44 - [TEST_STEP][PASSED] - setText(findTestObject("Object Repository/RecAndPlayBk/Page-Vlink-ACH-Void/input_Password"), password): Text 'password' is set on object 'Object Repository/RecAndPlayBk/Page-Vlink-ACH-Void/input_Password'

2023-01-19 19:38:45 - [MESSAGE][PASSED] - Text 'password' is set on object 'Object Repository/RecAndPlayBk/Page-Vlink-ACH-Void/input_Password'

2023-01-19 19:38:45 - [TEST_STEP][PASSED] - setText(findTestObject("Object Repository/RecAndPlayBk/Page-Vlink-ACH-Void/input_Check Type"), checkType): Text 'P' is set on object 'Object Repository/RecAndPlayBk/Page-Vlink-ACH-Void/input_Check Type'

2023-01-19 19:38:45 - [MESSAGE][PASSED] - Text 'P' is set on object 'Object Repository/RecAndPlayBk/Page-Vlink-ACH-Void/input_Check Type'

2023-01-19 19:38:45 - [TEST_STEP][PASSED] - setText(findTestObject("Object Repository/RecAndPlayBk/Page-Vlink-ACH-Void/input_Standard Entry Class"), sec): Text 'WEB' is set on object 'Object Repository/RecAndPlayBk/Page-Vlink-ACH-Void/input_Standard Entry Class'

2023-01-19 19:38:46 - [MESSAGE][PASSED] - Text 'WEB' is set on object 'Object Repository/RecAndPlayBk/Page-Vlink-ACH-Void/input_Standard Entry Class'

2023-01-19 19:38:46 - [TEST_STEP][PASSED] - setText(findTestObject("Object Repository/RecAndPlayBk/Page-Vlink-ACH-Void/input_Transaction ID"), VLinkSaleTranxID): Text '2916711' is set on object 'Object Repository/RecAndPlayBk/Page-Vlink-ACH-Void/input_Transaction ID'

2023-01-19 19:38:47 - [MESSAGE][PASSED] - Text '2916711' is set on object 'Object Repository/RecAndPlayBk/Page-Vlink-ACH-Void/input_Transaction ID'

2023-01-19 19:38:47 - [TEST_STEP][PASSED] - setText(findTestObject("Object Repository/RecAndPlayBk/Page-Vlink-ACH-Void/input_Original Transaction Type"), "200"): Text '200' is set on object 'Object Repository/RecAndPlayBk/Page-Vlink-ACH-Void/input_Original Transaction Type'

2023-01-19 19:38:48 - [MESSAGE][PASSED] - Text '200' is set on object 'Object Repository/RecAndPlayBk/Page-Vlink-ACH-Void/input_Original Transaction Type'

2023-01-19 19:38:48 - [TEST_STEP][PASSED] - click(findTestObject("Object Repository/RecAndPlayBk/Page-Vlink-ACH-Void/input")): Object: 'Object Repository/RecAndPlayBk/Page-Vlink-ACH-Void/input' is clicked on

2023-01-19 19:38:49 - [MESSAGE][PASSED] - Object: 'Object Repository/RecAndPlayBk/Page-Vlink-ACH-Void/input' is clicked on

2023-01-19 19:38:49 - [TEST_STEP][PASSED] - if (verifyTextPresent("Transaction approved, no errors", true)): null

2023-01-19 19:38:50 - [MESSAGE][PASSED] - Text 'Transaction approved, no errors' is present on page  using regular expression

2023-01-19 19:38:50 - [TEST_STEP][PASSED] - println("Transaction Approved, no errors text is present on the Confirmation page"): null

2023-01-19 19:38:50 - [TEST_STEP][PASSED] - out.println("Pass Record Number: " + row): null

2023-01-19 19:38:50 - [TEST_STEP][PASSED] - resText = "Pass": null

2023-01-19 19:38:50 - [TEST_STEP][PASSED] - pages.WriteExcel.demoKey(resText, datText, resColumn, datCloumn, fileLoc, nameSheet, row): pages.WriteExcel.demoKey is PASSED

2023-01-19 19:38:50 - [MESSAGE][PASSED] - pages.WriteExcel.demoKey is PASSED

2023-01-19 19:38:50 - [TEST_STEP][PASSED] - ExecuteTC = findTestData(dataFile).getValue("Execute", row): null

2023-01-19 19:38:50 - [TEST_STEP][PASSED] - out.println("Value of Execute is : " + ExecuteTC): null

2023-01-19 19:38:50 - [TEST_STEP][PASSED] - switch (executionProfile): null

2023-01-19 19:38:50 - [TEST_STEP][PASSED] - case "DemoProfile":: null

2023-01-19 19:38:50 - [TEST_STEP][PASSED] - appID = findTestData(dataFile).getValue("AppIDDemo", row): null

2023-01-19 19:38:50 - [TEST_STEP][PASSED] - username = findTestData(dataFile).getValue("UsernameDemo", row): null

2023-01-19 19:38:50 - [TEST_STEP][PASSED] - password = findTestData(dataFile).getValue("PasswordDemo", row): null

2023-01-19 19:38:50 - [TEST_STEP][PASSED] - break: null

2023-01-19 19:38:50 - [TEST_STEP][PASSED] - if (ExecuteTC.equalsIgnoreCase("Y")): null

2023-01-19 19:38:50 - [TEST_STEP][PASSED] - out.println("Begin Record Number: " + row): null

2023-01-19 19:38:50 - [TEST_STEP][PASSED] - today = new java.util.Date(): null

2023-01-19 19:38:50 - [TEST_STEP][PASSED] - println(today): null

2023-01-19 19:38:50 - [TEST_STEP][PASSED] - datText = today: null

2023-01-19 19:38:50 - [TEST_STEP][PASSED] - checkType = findTestData(dataFile).getValue("CheckType", row): null

2023-01-19 19:38:50 - [TEST_STEP][PASSED] - acNumber = findTestData(dataFile).getValue("AcNumber", row): null

2023-01-19 19:38:50 - [TEST_STEP][PASSED] - company = findTestData(dataFile).getValue("Company", row): null

2023-01-19 19:38:50 - [TEST_STEP][PASSED] - acType = findTestData(dataFile).getValue("AcType", row): null

2023-01-19 19:38:50 - [TEST_STEP][PASSED] - rtn = findTestData(dataFile).getValue("RTN", row): null

2023-01-19 19:38:50 - [TEST_STEP][PASSED] - amount = findTestData(dataFile).getValue("Amount", row): null

2023-01-19 19:38:50 - [TEST_STEP][PASSED] - sec = findTestData(dataFile).getValue("SEC", row): null

2023-01-19 19:38:50 - [TEST_STEP][PASSED] - openBrowser(VLinkURL + "debit.html"): Browser is opened with url: 'https://dev-algorithm.govolution.com/vlinktest/demo/version_2_0/debit.html'

2023-01-19 19:38:50 - [MESSAGE][WARNING] - A browser is already opened. Closing browser and opening a new one

2023-01-19 19:38:51 - [MESSAGE][INFO] - Starting 'Chrome' driver

2023-01-19 19:38:51 - [MESSAGE][INFO] - User set preference: ['acceptInsecureCerts', 'true']

2023-01-19 19:38:51 - [MESSAGE][INFO] - Action delay is set to 0 milliseconds

2023-01-19 19:38:53 - [MESSAGE][PASSED] - Browser is opened with url: 'https://dev-algorithm.govolution.com/vlinktest/demo/version_2_0/debit.html'

2023-01-19 19:38:53 - [TEST_STEP][PASSED] - maximizeWindow(): Current window maximized

2023-01-19 19:38:53 - [MESSAGE][PASSED] - Current window maximized

2023-01-19 19:38:53 - [TEST_STEP][PASSED] - genRemID1 = random() * 99999).toInteger(): null

2023-01-19 19:38:53 - [TEST_STEP][PASSED] - genRemID2 = random() * 99999).toInteger(): null

2023-01-19 19:38:53 - [TEST_STEP][PASSED] - genRemID3 = random() * 99999).toInteger(): null

2023-01-19 19:38:53 - [TEST_STEP][PASSED] - println(genRemID1): null

2023-01-19 19:38:53 - [TEST_STEP][PASSED] - println(genRemID2): null

2023-01-19 19:38:53 - [TEST_STEP][PASSED] - println(genRemID3): null

2023-01-19 19:38:53 - [TEST_STEP][PASSED] - genRemID = genRemID1 + "|" + genRemID2 + "|" + genRemID3: null

2023-01-19 19:38:53 - [TEST_STEP][PASSED] - println(genRemID): null

2023-01-19 19:38:53 - [TEST_STEP][PASSED] - setText(findTestObject("RecAndPlayBk/Page-Vlink-Debit/input_Remittance Id"), genRemID): Text '12959|3054|83485' is set on object 'Object Repository/RecAndPlayBk/Page-Vlink-Debit/input_Remittance Id'

2023-01-19 19:38:54 - [MESSAGE][PASSED] - Text '12959|3054|83485' is set on object 'Object Repository/RecAndPlayBk/Page-Vlink-Debit/input_Remittance Id'

2023-01-19 19:38:54 - [TEST_STEP][PASSED] - setText(findTestObject("RecAndPlayBk/Page-Vlink-Debit/input_Application Id"), appID): Text '1773' is set on object 'Object Repository/RecAndPlayBk/Page-Vlink-Debit/input_Application Id'

2023-01-19 19:38:55 - [MESSAGE][PASSED] - Text '1773' is set on object 'Object Repository/RecAndPlayBk/Page-Vlink-Debit/input_Application Id'

2023-01-19 19:38:55 - [TEST_STEP][PASSED] - setText(findTestObject("RecAndPlayBk/Page-Vlink-Debit/input_Username"), username): Text 'username' is set on object 'Object Repository/RecAndPlayBk/Page-Vlink-Debit/input_Username'

2023-01-19 19:38:56 - [MESSAGE][PASSED] - Text 'username' is set on object 'Object Repository/RecAndPlayBk/Page-Vlink-Debit/input_Username'

2023-01-19 19:38:56 - [TEST_STEP][PASSED] - setText(findTestObject("RecAndPlayBk/Page-Vlink-Debit/input_Password"), password): Text 'password' is set on object 'Object Repository/RecAndPlayBk/Page-Vlink-Debit/input_Password'

2023-01-19 19:38:57 - [MESSAGE][PASSED] - Text 'password' is set on object 'Object Repository/RecAndPlayBk/Page-Vlink-Debit/input_Password'

2023-01-19 19:38:57 - [TEST_STEP][PASSED] - setText(findTestObject("RecAndPlayBk/Page-Vlink-Debit/input_Check Type"), checkType): Text 'P' is set on object 'Object Repository/RecAndPlayBk/Page-Vlink-Debit/input_Check Type'

2023-01-19 19:38:57 - [MESSAGE][PASSED] - Text 'P' is set on object 'Object Repository/RecAndPlayBk/Page-Vlink-Debit/input_Check Type'

2023-01-19 19:38:57 - [TEST_STEP][PASSED] - setText(findTestObject("RecAndPlayBk/Page-Vlink-Debit/input_Account_check"), acNumber): Text '58963214' is set on object 'Object Repository/RecAndPlayBk/Page-Vlink-Debit/input_Account_check'

2023-01-19 19:38:58 - [MESSAGE][PASSED] - Text '58963214' is set on object 'Object Repository/RecAndPlayBk/Page-Vlink-Debit/input_Account_check'

2023-01-19 19:38:58 - [TEST_STEP][PASSED] - setText(findTestObject("RecAndPlayBk/Page-Vlink-Debit/input_Company_check"), company): Text '' is set on object 'Object Repository/RecAndPlayBk/Page-Vlink-Debit/input_Company_check'

2023-01-19 19:38:59 - [MESSAGE][PASSED] - Text '' is set on object 'Object Repository/RecAndPlayBk/Page-Vlink-Debit/input_Company_check'

2023-01-19 19:38:59 - [TEST_STEP][PASSED] - setText(findTestObject("RecAndPlayBk/Page-Vlink-Debit/input_Account Type"), acType): Text '1' is set on object 'Object Repository/RecAndPlayBk/Page-Vlink-Debit/input_Account Type'

2023-01-19 19:39:00 - [MESSAGE][PASSED] - Text '1' is set on object 'Object Repository/RecAndPlayBk/Page-Vlink-Debit/input_Account Type'

2023-01-19 19:39:00 - [TEST_STEP][PASSED] - setText(findTestObject("RecAndPlayBk/Page-Vlink-Debit/input_Routing Number"), rtn): Text '256072691' is set on object 'Object Repository/RecAndPlayBk/Page-Vlink-Debit/input_Routing Number'

2023-01-19 19:39:01 - [MESSAGE][PASSED] - Text '256072691' is set on object 'Object Repository/RecAndPlayBk/Page-Vlink-Debit/input_Routing Number'

2023-01-19 19:39:01 - [TEST_STEP][PASSED] - setText(findTestObject("RecAndPlayBk/Page-Vlink-Debit/input_Amount"), amount): Text '12.50' is set on object 'Object Repository/RecAndPlayBk/Page-Vlink-Debit/input_Amount'

2023-01-19 19:39:02 - [MESSAGE][PASSED] - Text '12.50' is set on object 'Object Repository/RecAndPlayBk/Page-Vlink-Debit/input_Amount'

2023-01-19 19:39:02 - [TEST_STEP][PASSED] - setText(findTestObject("RecAndPlayBk/Page-Vlink-Debit/input_Check Email"), ""): Text '' is set on object 'Object Repository/RecAndPlayBk/Page-Vlink-Debit/input_Check Email'

2023-01-19 19:39:03 - [MESSAGE][PASSED] - Text '' is set on object 'Object Repository/RecAndPlayBk/Page-Vlink-Debit/input_Check Email'

2023-01-19 19:39:03 - [TEST_STEP][PASSED] - setText(findTestObject("Object Repository/RecAndPlayBk/Page-Vlink-Debit/input_concat(CheckWriter, , s SSN)_check_ssn"), ""): Text '' is set on object 'Object Repository/RecAndPlayBk/Page-Vlink-Debit/input_concat(CheckWriter, , s SSN)_check_ssn'

2023-01-19 19:39:04 - [MESSAGE][PASSED] - Text '' is set on object 'Object Repository/RecAndPlayBk/Page-Vlink-Debit/input_concat(CheckWriter, , s SSN)_check_ssn'

2023-01-19 19:39:04 - [TEST_STEP][PASSED] - setText(findTestObject("Object Repository/RecAndPlayBk/Page-Vlink-Debit/input_concat(CheckWriter, , s License Numbe_020fef"), ""): Text '' is set on object 'Object Repository/RecAndPlayBk/Page-Vlink-Debit/input_concat(CheckWriter, , s License Numbe_020fef'

2023-01-19 19:39:05 - [MESSAGE][PASSED] - Text '' is set on object 'Object Repository/RecAndPlayBk/Page-Vlink-Debit/input_concat(CheckWriter, , s License Numbe_020fef'

2023-01-19 19:39:05 - [TEST_STEP][PASSED] - setText(findTestObject("Object Repository/RecAndPlayBk/Page-Vlink-Debit/input_concat(CheckWriter, , s License State_21e3e7"), ""): Text '' is set on object 'Object Repository/RecAndPlayBk/Page-Vlink-Debit/input_concat(CheckWriter, , s License State_21e3e7'

2023-01-19 19:39:05 - [MESSAGE][PASSED] - Text '' is set on object 'Object Repository/RecAndPlayBk/Page-Vlink-Debit/input_concat(CheckWriter, , s License State_21e3e7'

2023-01-19 19:39:05 - [TEST_STEP][PASSED] - setText(findTestObject("RecAndPlayBk/Page-Vlink-Debit/input_Standard Entry Class"), sec): Text 'TEL' is set on object 'Object Repository/RecAndPlayBk/Page-Vlink-Debit/input_Standard Entry Class'

2023-01-19 19:39:06 - [MESSAGE][PASSED] - Text 'TEL' is set on object 'Object Repository/RecAndPlayBk/Page-Vlink-Debit/input_Standard Entry Class'

2023-01-19 19:39:06 - [TEST_STEP][PASSED] - click(findTestObject("Object Repository/RecAndPlayBk/Page-Vlink-Debit/input")): Object: 'Object Repository/RecAndPlayBk/Page-Vlink-Debit/input' is clicked on

2023-01-19 19:39:07 - [MESSAGE][PASSED] - Object: 'Object Repository/RecAndPlayBk/Page-Vlink-Debit/input' is clicked on

2023-01-19 19:39:07 - [TEST_STEP][PASSED] - if (verifyTextPresent("Transaction approved, no errors", true)): null

2023-01-19 19:39:07 - [MESSAGE][PASSED] - Text 'Transaction approved, no errors' is present on page  using regular expression

2023-01-19 19:39:07 - [TEST_STEP][PASSED] - println("Transaction Approved, no errors text is present on the Confirmation page"): null

2023-01-19 19:39:07 - [TEST_STEP][PASSED] - sdfo = getText(findTestObject("Object Repository/Page_VLinkReceipt/pre_STX")): Text of object 'Object Repository/Page_VLinkReceipt/pre_STX' is: '<STX>12959|3054|83485              2916713             0  Transaction approved, no errors                   0                                                                                                              <ETX>'

2023-01-19 19:39:08 - [MESSAGE][PASSED] - Text of object 'Object Repository/Page_VLinkReceipt/pre_STX' is: '<STX>12959|3054|83485              2916713             0  Transaction approved, no errors                   0                                                                                                              <ETX>'

2023-01-19 19:39:08 - [TEST_STEP][PASSED] - out.println("sdfo: " + sdfo): null

2023-01-19 19:39:08 - [TEST_STEP][PASSED] - remID = substring(5, 35).trim(): null

2023-01-19 19:39:08 - [TEST_STEP][PASSED] - out.println("remID: " + remID): null

2023-01-19 19:39:08 - [TEST_STEP][PASSED] - traxID = substring(35, 55).trim(): null

2023-01-19 19:39:08 - [TEST_STEP][PASSED] - out.println("traxID: " + traxID): null

2023-01-19 19:39:08 - [TEST_STEP][PASSED] - VLinkSaleRemID = remID: null

2023-01-19 19:39:08 - [TEST_STEP][PASSED] - VLinkSaleTranxID = traxID: null

2023-01-19 19:39:08 - [TEST_STEP][PASSED] - openBrowser(VLinkURL + "ACH_void.html"): Browser is opened with url: 'https://dev-algorithm.govolution.com/vlinktest/demo/version_2_0/ACH_void.html'

2023-01-19 19:39:08 - [MESSAGE][WARNING] - A browser is already opened. Closing browser and opening a new one

2023-01-19 19:39:09 - [MESSAGE][INFO] - Starting 'Chrome' driver

2023-01-19 19:39:09 - [MESSAGE][INFO] - User set preference: ['acceptInsecureCerts', 'true']

2023-01-19 19:39:09 - [MESSAGE][INFO] - Action delay is set to 0 milliseconds

2023-01-19 19:39:10 - [MESSAGE][PASSED] - Browser is opened with url: 'https://dev-algorithm.govolution.com/vlinktest/demo/version_2_0/ACH_void.html'

2023-01-19 19:39:10 - [TEST_STEP][PASSED] - maximizeWindow(): Current window maximized

2023-01-19 19:39:11 - [MESSAGE][PASSED] - Current window maximized

2023-01-19 19:39:11 - [TEST_STEP][PASSED] - setText(findTestObject("Object Repository/RecAndPlayBk/Page-Vlink-ACH-Void/input_Remittance Id"), VLinkSaleRemID): Text '12959|3054|83485' is set on object 'Object Repository/RecAndPlayBk/Page-Vlink-ACH-Void/input_Remittance Id'

2023-01-19 19:39:11 - [MESSAGE][PASSED] - Text '12959|3054|83485' is set on object 'Object Repository/RecAndPlayBk/Page-Vlink-ACH-Void/input_Remittance Id'

2023-01-19 19:39:11 - [TEST_STEP][PASSED] - setText(findTestObject("Object Repository/RecAndPlayBk/Page-Vlink-ACH-Void/input_Application Id"), appID): Text '1773' is set on object 'Object Repository/RecAndPlayBk/Page-Vlink-ACH-Void/input_Application Id'

2023-01-19 19:39:12 - [MESSAGE][PASSED] - Text '1773' is set on object 'Object Repository/RecAndPlayBk/Page-Vlink-ACH-Void/input_Application Id'

2023-01-19 19:39:12 - [TEST_STEP][PASSED] - setText(findTestObject("Object Repository/RecAndPlayBk/Page-Vlink-ACH-Void/input_Username"), username): Text 'username' is set on object 'Object Repository/RecAndPlayBk/Page-Vlink-ACH-Void/input_Username'

2023-01-19 19:39:13 - [MESSAGE][PASSED] - Text 'username' is set on object 'Object Repository/RecAndPlayBk/Page-Vlink-ACH-Void/input_Username'

2023-01-19 19:39:13 - [TEST_STEP][PASSED] - setText(findTestObject("Object Repository/RecAndPlayBk/Page-Vlink-ACH-Void/input_Password"), password): Text 'password' is set on object 'Object Repository/RecAndPlayBk/Page-Vlink-ACH-Void/input_Password'

2023-01-19 19:39:14 - [MESSAGE][PASSED] - Text 'password' is set on object 'Object Repository/RecAndPlayBk/Page-Vlink-ACH-Void/input_Password'

2023-01-19 19:39:14 - [TEST_STEP][PASSED] - setText(findTestObject("Object Repository/RecAndPlayBk/Page-Vlink-ACH-Void/input_Check Type"), checkType): Text 'P' is set on object 'Object Repository/RecAndPlayBk/Page-Vlink-ACH-Void/input_Check Type'

2023-01-19 19:39:15 - [MESSAGE][PASSED] - Text 'P' is set on object 'Object Repository/RecAndPlayBk/Page-Vlink-ACH-Void/input_Check Type'

2023-01-19 19:39:15 - [TEST_STEP][PASSED] - setText(findTestObject("Object Repository/RecAndPlayBk/Page-Vlink-ACH-Void/input_Standard Entry Class"), sec): Text 'TEL' is set on object 'Object Repository/RecAndPlayBk/Page-Vlink-ACH-Void/input_Standard Entry Class'

2023-01-19 19:39:16 - [MESSAGE][PASSED] - Text 'TEL' is set on object 'Object Repository/RecAndPlayBk/Page-Vlink-ACH-Void/input_Standard Entry Class'

2023-01-19 19:39:16 - [TEST_STEP][PASSED] - setText(findTestObject("Object Repository/RecAndPlayBk/Page-Vlink-ACH-Void/input_Transaction ID"), VLinkSaleTranxID): Text '2916713' is set on object 'Object Repository/RecAndPlayBk/Page-Vlink-ACH-Void/input_Transaction ID'

2023-01-19 19:39:17 - [MESSAGE][PASSED] - Text '2916713' is set on object 'Object Repository/RecAndPlayBk/Page-Vlink-ACH-Void/input_Transaction ID'

2023-01-19 19:39:17 - [TEST_STEP][PASSED] - setText(findTestObject("Object Repository/RecAndPlayBk/Page-Vlink-ACH-Void/input_Original Transaction Type"), "200"): Text '200' is set on object 'Object Repository/RecAndPlayBk/Page-Vlink-ACH-Void/input_Original Transaction Type'

2023-01-19 19:39:17 - [MESSAGE][PASSED] - Text '200' is set on object 'Object Repository/RecAndPlayBk/Page-Vlink-ACH-Void/input_Original Transaction Type'

2023-01-19 19:39:17 - [TEST_STEP][PASSED] - click(findTestObject("Object Repository/RecAndPlayBk/Page-Vlink-ACH-Void/input")): Object: 'Object Repository/RecAndPlayBk/Page-Vlink-ACH-Void/input' is clicked on

2023-01-19 19:39:18 - [MESSAGE][PASSED] - Object: 'Object Repository/RecAndPlayBk/Page-Vlink-ACH-Void/input' is clicked on

2023-01-19 19:39:18 - [TEST_STEP][PASSED] - if (verifyTextPresent("Transaction approved, no errors", true)): null

2023-01-19 19:39:19 - [MESSAGE][PASSED] - Text 'Transaction approved, no errors' is present on page  using regular expression

2023-01-19 19:39:19 - [TEST_STEP][PASSED] - println("Transaction Approved, no errors text is present on the Confirmation page"): null

2023-01-19 19:39:19 - [TEST_STEP][PASSED] - out.println("Pass Record Number: " + row): null

2023-01-19 19:39:19 - [TEST_STEP][PASSED] - resText = "Pass": null

2023-01-19 19:39:19 - [TEST_STEP][PASSED] - pages.WriteExcel.demoKey(resText, datText, resColumn, datCloumn, fileLoc, nameSheet, row): pages.WriteExcel.demoKey is PASSED

2023-01-19 19:39:19 - [MESSAGE][PASSED] - pages.WriteExcel.demoKey is PASSED

2023-01-19 19:39:19 - [TEST_STEP][PASSED] - ExecuteTC = findTestData(dataFile).getValue("Execute", row): null

2023-01-19 19:39:19 - [TEST_STEP][PASSED] - out.println("Value of Execute is : " + ExecuteTC): null

2023-01-19 19:39:19 - [TEST_STEP][PASSED] - switch (executionProfile): null

2023-01-19 19:39:19 - [TEST_STEP][PASSED] - case "DemoProfile":: null

2023-01-19 19:39:19 - [TEST_STEP][PASSED] - appID = findTestData(dataFile).getValue("AppIDDemo", row): null

2023-01-19 19:39:19 - [TEST_STEP][PASSED] - username = findTestData(dataFile).getValue("UsernameDemo", row): null

2023-01-19 19:39:19 - [TEST_STEP][PASSED] - password = findTestData(dataFile).getValue("PasswordDemo", row): null

2023-01-19 19:39:19 - [TEST_STEP][PASSED] - break: null

2023-01-19 19:39:19 - [TEST_STEP][PASSED] - if (ExecuteTC.equalsIgnoreCase("Y")): null

2023-01-19 19:39:19 - [TEST_STEP][PASSED] - out.println("Begin Record Number: " + row): null

2023-01-19 19:39:19 - [TEST_STEP][PASSED] - today = new java.util.Date(): null

2023-01-19 19:39:19 - [TEST_STEP][PASSED] - println(today): null

2023-01-19 19:39:19 - [TEST_STEP][PASSED] - datText = today: null

2023-01-19 19:39:19 - [TEST_STEP][PASSED] - checkType = findTestData(dataFile).getValue("CheckType", row): null

2023-01-19 19:39:19 - [TEST_STEP][PASSED] - acNumber = findTestData(dataFile).getValue("AcNumber", row): null

2023-01-19 19:39:19 - [TEST_STEP][PASSED] - company = findTestData(dataFile).getValue("Company", row): null

2023-01-19 19:39:19 - [TEST_STEP][PASSED] - acType = findTestData(dataFile).getValue("AcType", row): null

2023-01-19 19:39:19 - [TEST_STEP][PASSED] - rtn = findTestData(dataFile).getValue("RTN", row): null

2023-01-19 19:39:19 - [TEST_STEP][PASSED] - amount = findTestData(dataFile).getValue("Amount", row): null

2023-01-19 19:39:19 - [TEST_STEP][PASSED] - sec = findTestData(dataFile).getValue("SEC", row): null

2023-01-19 19:39:20 - [TEST_STEP][PASSED] - openBrowser(VLinkURL + "debit.html"): Browser is opened with url: 'https://dev-algorithm.govolution.com/vlinktest/demo/version_2_0/debit.html'

2023-01-19 19:39:20 - [MESSAGE][WARNING] - A browser is already opened. Closing browser and opening a new one

2023-01-19 19:39:20 - [MESSAGE][INFO] - Starting 'Chrome' driver

2023-01-19 19:39:20 - [MESSAGE][INFO] - User set preference: ['acceptInsecureCerts', 'true']

2023-01-19 19:39:20 - [MESSAGE][INFO] - Action delay is set to 0 milliseconds

2023-01-19 19:39:22 - [MESSAGE][PASSED] - Browser is opened with url: 'https://dev-algorithm.govolution.com/vlinktest/demo/version_2_0/debit.html'

2023-01-19 19:39:22 - [TEST_STEP][PASSED] - maximizeWindow(): Current window maximized

2023-01-19 19:39:22 - [MESSAGE][PASSED] - Current window maximized

2023-01-19 19:39:22 - [TEST_STEP][PASSED] - genRemID1 = random() * 99999).toInteger(): null

2023-01-19 19:39:22 - [TEST_STEP][PASSED] - genRemID2 = random() * 99999).toInteger(): null

2023-01-19 19:39:22 - [TEST_STEP][PASSED] - genRemID3 = random() * 99999).toInteger(): null

2023-01-19 19:39:22 - [TEST_STEP][PASSED] - println(genRemID1): null

2023-01-19 19:39:22 - [TEST_STEP][PASSED] - println(genRemID2): null

2023-01-19 19:39:22 - [TEST_STEP][PASSED] - println(genRemID3): null

2023-01-19 19:39:22 - [TEST_STEP][PASSED] - genRemID = genRemID1 + "|" + genRemID2 + "|" + genRemID3: null

2023-01-19 19:39:22 - [TEST_STEP][PASSED] - println(genRemID): null

2023-01-19 19:39:22 - [TEST_STEP][PASSED] - setText(findTestObject("RecAndPlayBk/Page-Vlink-Debit/input_Remittance Id"), genRemID): Text '20284|87116|35563' is set on object 'Object Repository/RecAndPlayBk/Page-Vlink-Debit/input_Remittance Id'

2023-01-19 19:39:23 - [MESSAGE][PASSED] - Text '20284|87116|35563' is set on object 'Object Repository/RecAndPlayBk/Page-Vlink-Debit/input_Remittance Id'

2023-01-19 19:39:23 - [TEST_STEP][PASSED] - setText(findTestObject("RecAndPlayBk/Page-Vlink-Debit/input_Application Id"), appID): Text '1773' is set on object 'Object Repository/RecAndPlayBk/Page-Vlink-Debit/input_Application Id'

2023-01-19 19:39:24 - [MESSAGE][PASSED] - Text '1773' is set on object 'Object Repository/RecAndPlayBk/Page-Vlink-Debit/input_Application Id'

2023-01-19 19:39:24 - [TEST_STEP][PASSED] - setText(findTestObject("RecAndPlayBk/Page-Vlink-Debit/input_Username"), username): Text 'username' is set on object 'Object Repository/RecAndPlayBk/Page-Vlink-Debit/input_Username'

2023-01-19 19:39:25 - [MESSAGE][PASSED] - Text 'username' is set on object 'Object Repository/RecAndPlayBk/Page-Vlink-Debit/input_Username'

2023-01-19 19:39:25 - [TEST_STEP][PASSED] - setText(findTestObject("RecAndPlayBk/Page-Vlink-Debit/input_Password"), password): Text 'password' is set on object 'Object Repository/RecAndPlayBk/Page-Vlink-Debit/input_Password'

2023-01-19 19:39:26 - [MESSAGE][PASSED] - Text 'password' is set on object 'Object Repository/RecAndPlayBk/Page-Vlink-Debit/input_Password'

2023-01-19 19:39:26 - [TEST_STEP][PASSED] - setText(findTestObject("RecAndPlayBk/Page-Vlink-Debit/input_Check Type"), checkType): Text 'P' is set on object 'Object Repository/RecAndPlayBk/Page-Vlink-Debit/input_Check Type'

2023-01-19 19:39:27 - [MESSAGE][PASSED] - Text 'P' is set on object 'Object Repository/RecAndPlayBk/Page-Vlink-Debit/input_Check Type'

2023-01-19 19:39:27 - [TEST_STEP][PASSED] - setText(findTestObject("RecAndPlayBk/Page-Vlink-Debit/input_Account_check"), acNumber): Text '58963214' is set on object 'Object Repository/RecAndPlayBk/Page-Vlink-Debit/input_Account_check'

2023-01-19 19:39:27 - [MESSAGE][PASSED] - Text '58963214' is set on object 'Object Repository/RecAndPlayBk/Page-Vlink-Debit/input_Account_check'

2023-01-19 19:39:27 - [TEST_STEP][PASSED] - setText(findTestObject("RecAndPlayBk/Page-Vlink-Debit/input_Company_check"), company): Text '' is set on object 'Object Repository/RecAndPlayBk/Page-Vlink-Debit/input_Company_check'

2023-01-19 19:39:28 - [MESSAGE][PASSED] - Text '' is set on object 'Object Repository/RecAndPlayBk/Page-Vlink-Debit/input_Company_check'

2023-01-19 19:39:28 - [TEST_STEP][PASSED] - setText(findTestObject("RecAndPlayBk/Page-Vlink-Debit/input_Account Type"), acType): Text '1' is set on object 'Object Repository/RecAndPlayBk/Page-Vlink-Debit/input_Account Type'

2023-01-19 19:39:29 - [MESSAGE][PASSED] - Text '1' is set on object 'Object Repository/RecAndPlayBk/Page-Vlink-Debit/input_Account Type'

2023-01-19 19:39:29 - [TEST_STEP][PASSED] - setText(findTestObject("RecAndPlayBk/Page-Vlink-Debit/input_Routing Number"), rtn): Text '256072691' is set on object 'Object Repository/RecAndPlayBk/Page-Vlink-Debit/input_Routing Number'

2023-01-19 19:39:30 - [MESSAGE][PASSED] - Text '256072691' is set on object 'Object Repository/RecAndPlayBk/Page-Vlink-Debit/input_Routing Number'

2023-01-19 19:39:30 - [TEST_STEP][PASSED] - setText(findTestObject("RecAndPlayBk/Page-Vlink-Debit/input_Amount"), amount): Text '12.50' is set on object 'Object Repository/RecAndPlayBk/Page-Vlink-Debit/input_Amount'

2023-01-19 19:39:31 - [MESSAGE][PASSED] - Text '12.50' is set on object 'Object Repository/RecAndPlayBk/Page-Vlink-Debit/input_Amount'

2023-01-19 19:39:31 - [TEST_STEP][PASSED] - setText(findTestObject("RecAndPlayBk/Page-Vlink-Debit/input_Check Email"), ""): Text '' is set on object 'Object Repository/RecAndPlayBk/Page-Vlink-Debit/input_Check Email'

2023-01-19 19:39:32 - [MESSAGE][PASSED] - Text '' is set on object 'Object Repository/RecAndPlayBk/Page-Vlink-Debit/input_Check Email'

2023-01-19 19:39:32 - [TEST_STEP][PASSED] - setText(findTestObject("Object Repository/RecAndPlayBk/Page-Vlink-Debit/input_concat(CheckWriter, , s SSN)_check_ssn"), ""): Text '' is set on object 'Object Repository/RecAndPlayBk/Page-Vlink-Debit/input_concat(CheckWriter, , s SSN)_check_ssn'

2023-01-19 19:39:33 - [MESSAGE][PASSED] - Text '' is set on object 'Object Repository/RecAndPlayBk/Page-Vlink-Debit/input_concat(CheckWriter, , s SSN)_check_ssn'

2023-01-19 19:39:33 - [TEST_STEP][PASSED] - setText(findTestObject("Object Repository/RecAndPlayBk/Page-Vlink-Debit/input_concat(CheckWriter, , s License Numbe_020fef"), ""): Text '' is set on object 'Object Repository/RecAndPlayBk/Page-Vlink-Debit/input_concat(CheckWriter, , s License Numbe_020fef'

2023-01-19 19:39:34 - [MESSAGE][PASSED] - Text '' is set on object 'Object Repository/RecAndPlayBk/Page-Vlink-Debit/input_concat(CheckWriter, , s License Numbe_020fef'

2023-01-19 19:39:34 - [TEST_STEP][PASSED] - setText(findTestObject("Object Repository/RecAndPlayBk/Page-Vlink-Debit/input_concat(CheckWriter, , s License State_21e3e7"), ""): Text '' is set on object 'Object Repository/RecAndPlayBk/Page-Vlink-Debit/input_concat(CheckWriter, , s License State_21e3e7'

2023-01-19 19:39:34 - [MESSAGE][PASSED] - Text '' is set on object 'Object Repository/RecAndPlayBk/Page-Vlink-Debit/input_concat(CheckWriter, , s License State_21e3e7'

2023-01-19 19:39:34 - [TEST_STEP][PASSED] - setText(findTestObject("RecAndPlayBk/Page-Vlink-Debit/input_Standard Entry Class"), sec): Text 'PPD' is set on object 'Object Repository/RecAndPlayBk/Page-Vlink-Debit/input_Standard Entry Class'

2023-01-19 19:39:35 - [MESSAGE][PASSED] - Text 'PPD' is set on object 'Object Repository/RecAndPlayBk/Page-Vlink-Debit/input_Standard Entry Class'

2023-01-19 19:39:35 - [TEST_STEP][PASSED] - click(findTestObject("Object Repository/RecAndPlayBk/Page-Vlink-Debit/input")): Object: 'Object Repository/RecAndPlayBk/Page-Vlink-Debit/input' is clicked on

2023-01-19 19:39:36 - [MESSAGE][PASSED] - Object: 'Object Repository/RecAndPlayBk/Page-Vlink-Debit/input' is clicked on

2023-01-19 19:39:36 - [TEST_STEP][PASSED] - if (verifyTextPresent("Transaction approved, no errors", true)): null

2023-01-19 19:39:37 - [MESSAGE][PASSED] - Text 'Transaction approved, no errors' is present on page  using regular expression

2023-01-19 19:39:37 - [TEST_STEP][PASSED] - println("Transaction Approved, no errors text is present on the Confirmation page"): null

2023-01-19 19:39:37 - [TEST_STEP][PASSED] - sdfo = getText(findTestObject("Object Repository/Page_VLinkReceipt/pre_STX")): Text of object 'Object Repository/Page_VLinkReceipt/pre_STX' is: '<STX>20284|87116|35563             2916715             0  Transaction approved, no errors                   0                                                                                                              <ETX>'

2023-01-19 19:39:37 - [MESSAGE][PASSED] - Text of object 'Object Repository/Page_VLinkReceipt/pre_STX' is: '<STX>20284|87116|35563             2916715             0  Transaction approved, no errors                   0                                                                                                              <ETX>'

2023-01-19 19:39:37 - [TEST_STEP][PASSED] - out.println("sdfo: " + sdfo): null

2023-01-19 19:39:37 - [TEST_STEP][PASSED] - remID = substring(5, 35).trim(): null

2023-01-19 19:39:37 - [TEST_STEP][PASSED] - out.println("remID: " + remID): null

2023-01-19 19:39:37 - [TEST_STEP][PASSED] - traxID = substring(35, 55).trim(): null

2023-01-19 19:39:37 - [TEST_STEP][PASSED] - out.println("traxID: " + traxID): null

2023-01-19 19:39:37 - [TEST_STEP][PASSED] - VLinkSaleRemID = remID: null

2023-01-19 19:39:37 - [TEST_STEP][PASSED] - VLinkSaleTranxID = traxID: null

2023-01-19 19:39:37 - [TEST_STEP][PASSED] - openBrowser(VLinkURL + "ACH_void.html"): Browser is opened with url: 'https://dev-algorithm.govolution.com/vlinktest/demo/version_2_0/ACH_void.html'

2023-01-19 19:39:37 - [MESSAGE][WARNING] - A browser is already opened. Closing browser and opening a new one

2023-01-19 19:39:38 - [MESSAGE][INFO] - Starting 'Chrome' driver

2023-01-19 19:39:38 - [MESSAGE][INFO] - User set preference: ['acceptInsecureCerts', 'true']

2023-01-19 19:39:38 - [MESSAGE][INFO] - Action delay is set to 0 milliseconds

2023-01-19 19:39:40 - [MESSAGE][PASSED] - Browser is opened with url: 'https://dev-algorithm.govolution.com/vlinktest/demo/version_2_0/ACH_void.html'

2023-01-19 19:39:40 - [TEST_STEP][PASSED] - maximizeWindow(): Current window maximized

2023-01-19 19:39:40 - [MESSAGE][PASSED] - Current window maximized

2023-01-19 19:39:40 - [TEST_STEP][PASSED] - setText(findTestObject("Object Repository/RecAndPlayBk/Page-Vlink-ACH-Void/input_Remittance Id"), VLinkSaleRemID): Text '20284|87116|35563' is set on object 'Object Repository/RecAndPlayBk/Page-Vlink-ACH-Void/input_Remittance Id'

2023-01-19 19:39:41 - [MESSAGE][PASSED] - Text '20284|87116|35563' is set on object 'Object Repository/RecAndPlayBk/Page-Vlink-ACH-Void/input_Remittance Id'

2023-01-19 19:39:41 - [TEST_STEP][PASSED] - setText(findTestObject("Object Repository/RecAndPlayBk/Page-Vlink-ACH-Void/input_Application Id"), appID): Text '1773' is set on object 'Object Repository/RecAndPlayBk/Page-Vlink-ACH-Void/input_Application Id'

2023-01-19 19:39:42 - [MESSAGE][PASSED] - Text '1773' is set on object 'Object Repository/RecAndPlayBk/Page-Vlink-ACH-Void/input_Application Id'

2023-01-19 19:39:42 - [TEST_STEP][PASSED] - setText(findTestObject("Object Repository/RecAndPlayBk/Page-Vlink-ACH-Void/input_Username"), username): Text 'username' is set on object 'Object Repository/RecAndPlayBk/Page-Vlink-ACH-Void/input_Username'

2023-01-19 19:39:43 - [MESSAGE][PASSED] - Text 'username' is set on object 'Object Repository/RecAndPlayBk/Page-Vlink-ACH-Void/input_Username'

2023-01-19 19:39:43 - [TEST_STEP][PASSED] - setText(findTestObject("Object Repository/RecAndPlayBk/Page-Vlink-ACH-Void/input_Password"), password): Text 'password' is set on object 'Object Repository/RecAndPlayBk/Page-Vlink-ACH-Void/input_Password'

2023-01-19 19:39:44 - [MESSAGE][PASSED] - Text 'password' is set on object 'Object Repository/RecAndPlayBk/Page-Vlink-ACH-Void/input_Password'

2023-01-19 19:39:44 - [TEST_STEP][PASSED] - setText(findTestObject("Object Repository/RecAndPlayBk/Page-Vlink-ACH-Void/input_Check Type"), checkType): Text 'P' is set on object 'Object Repository/RecAndPlayBk/Page-Vlink-ACH-Void/input_Check Type'

2023-01-19 19:39:45 - [MESSAGE][PASSED] - Text 'P' is set on object 'Object Repository/RecAndPlayBk/Page-Vlink-ACH-Void/input_Check Type'

2023-01-19 19:39:45 - [TEST_STEP][PASSED] - setText(findTestObject("Object Repository/RecAndPlayBk/Page-Vlink-ACH-Void/input_Standard Entry Class"), sec): Text 'PPD' is set on object 'Object Repository/RecAndPlayBk/Page-Vlink-ACH-Void/input_Standard Entry Class'

2023-01-19 19:39:46 - [MESSAGE][PASSED] - Text 'PPD' is set on object 'Object Repository/RecAndPlayBk/Page-Vlink-ACH-Void/input_Standard Entry Class'

2023-01-19 19:39:46 - [TEST_STEP][PASSED] - setText(findTestObject("Object Repository/RecAndPlayBk/Page-Vlink-ACH-Void/input_Transaction ID"), VLinkSaleTranxID): Text '2916715' is set on object 'Object Repository/RecAndPlayBk/Page-Vlink-ACH-Void/input_Transaction ID'

2023-01-19 19:39:47 - [MESSAGE][PASSED] - Text '2916715' is set on object 'Object Repository/RecAndPlayBk/Page-Vlink-ACH-Void/input_Transaction ID'

2023-01-19 19:39:47 - [TEST_STEP][PASSED] - setText(findTestObject("Object Repository/RecAndPlayBk/Page-Vlink-ACH-Void/input_Original Transaction Type"), "200"): Text '200' is set on object 'Object Repository/RecAndPlayBk/Page-Vlink-ACH-Void/input_Original Transaction Type'

2023-01-19 19:39:48 - [MESSAGE][PASSED] - Text '200' is set on object 'Object Repository/RecAndPlayBk/Page-Vlink-ACH-Void/input_Original Transaction Type'

2023-01-19 19:39:48 - [TEST_STEP][PASSED] - click(findTestObject("Object Repository/RecAndPlayBk/Page-Vlink-ACH-Void/input")): Object: 'Object Repository/RecAndPlayBk/Page-Vlink-ACH-Void/input' is clicked on

2023-01-19 19:39:49 - [MESSAGE][PASSED] - Object: 'Object Repository/RecAndPlayBk/Page-Vlink-ACH-Void/input' is clicked on

2023-01-19 19:39:49 - [TEST_STEP][PASSED] - if (verifyTextPresent("Transaction approved, no errors", true)): null

2023-01-19 19:39:49 - [MESSAGE][PASSED] - Text 'Transaction approved, no errors' is present on page  using regular expression

2023-01-19 19:39:49 - [TEST_STEP][PASSED] - println("Transaction Approved, no errors text is present on the Confirmation page"): null

2023-01-19 19:39:49 - [TEST_STEP][PASSED] - out.println("Pass Record Number: " + row): null

2023-01-19 19:39:49 - [TEST_STEP][PASSED] - resText = "Pass": null

2023-01-19 19:39:49 - [TEST_STEP][PASSED] - pages.WriteExcel.demoKey(resText, datText, resColumn, datCloumn, fileLoc, nameSheet, row): pages.WriteExcel.demoKey is PASSED

2023-01-19 19:39:49 - [MESSAGE][PASSED] - pages.WriteExcel.demoKey is PASSED

2023-01-19 19:39:49 - [TEST_STEP][PASSED] - ExecuteTC = findTestData(dataFile).getValue("Execute", row): null

2023-01-19 19:39:49 - [TEST_STEP][PASSED] - out.println("Value of Execute is : " + ExecuteTC): null

2023-01-19 19:39:49 - [TEST_STEP][PASSED] - switch (executionProfile): null

2023-01-19 19:39:49 - [TEST_STEP][PASSED] - case "DemoProfile":: null

2023-01-19 19:39:49 - [TEST_STEP][PASSED] - appID = findTestData(dataFile).getValue("AppIDDemo", row): null

2023-01-19 19:39:49 - [TEST_STEP][PASSED] - username = findTestData(dataFile).getValue("UsernameDemo", row): null

2023-01-19 19:39:50 - [TEST_STEP][PASSED] - password = findTestData(dataFile).getValue("PasswordDemo", row): null

2023-01-19 19:39:50 - [TEST_STEP][PASSED] - break: null

2023-01-19 19:39:50 - [TEST_STEP][PASSED] - if (ExecuteTC.equalsIgnoreCase("Y")): null

2023-01-19 19:39:50 - [TEST_STEP][PASSED] - out.println("Begin Record Number: " + row): null

2023-01-19 19:39:50 - [TEST_STEP][PASSED] - today = new java.util.Date(): null

2023-01-19 19:39:50 - [TEST_STEP][PASSED] - println(today): null

2023-01-19 19:39:50 - [TEST_STEP][PASSED] - datText = today: null

2023-01-19 19:39:50 - [TEST_STEP][PASSED] - checkType = findTestData(dataFile).getValue("CheckType", row): null

2023-01-19 19:39:50 - [TEST_STEP][PASSED] - acNumber = findTestData(dataFile).getValue("AcNumber", row): null

2023-01-19 19:39:50 - [TEST_STEP][PASSED] - company = findTestData(dataFile).getValue("Company", row): null

2023-01-19 19:39:50 - [TEST_STEP][PASSED] - acType = findTestData(dataFile).getValue("AcType", row): null

2023-01-19 19:39:50 - [TEST_STEP][PASSED] - rtn = findTestData(dataFile).getValue("RTN", row): null

2023-01-19 19:39:50 - [TEST_STEP][PASSED] - amount = findTestData(dataFile).getValue("Amount", row): null

2023-01-19 19:39:50 - [TEST_STEP][PASSED] - sec = findTestData(dataFile).getValue("SEC", row): null

2023-01-19 19:39:50 - [TEST_STEP][PASSED] - openBrowser(VLinkURL + "debit.html"): Browser is opened with url: 'https://dev-algorithm.govolution.com/vlinktest/demo/version_2_0/debit.html'

2023-01-19 19:39:50 - [MESSAGE][WARNING] - A browser is already opened. Closing browser and opening a new one

2023-01-19 19:39:51 - [MESSAGE][INFO] - Starting 'Chrome' driver

2023-01-19 19:39:51 - [MESSAGE][INFO] - User set preference: ['acceptInsecureCerts', 'true']

2023-01-19 19:39:51 - [MESSAGE][INFO] - Action delay is set to 0 milliseconds

2023-01-19 19:39:53 - [MESSAGE][PASSED] - Browser is opened with url: 'https://dev-algorithm.govolution.com/vlinktest/demo/version_2_0/debit.html'

2023-01-19 19:39:53 - [TEST_STEP][PASSED] - maximizeWindow(): Current window maximized

2023-01-19 19:39:53 - [MESSAGE][PASSED] - Current window maximized

2023-01-19 19:39:53 - [TEST_STEP][PASSED] - genRemID1 = random() * 99999).toInteger(): null

2023-01-19 19:39:53 - [TEST_STEP][PASSED] - genRemID2 = random() * 99999).toInteger(): null

2023-01-19 19:39:53 - [TEST_STEP][PASSED] - genRemID3 = random() * 99999).toInteger(): null

2023-01-19 19:39:53 - [TEST_STEP][PASSED] - println(genRemID1): null

2023-01-19 19:39:53 - [TEST_STEP][PASSED] - println(genRemID2): null

2023-01-19 19:39:53 - [TEST_STEP][PASSED] - println(genRemID3): null

2023-01-19 19:39:53 - [TEST_STEP][PASSED] - genRemID = genRemID1 + "|" + genRemID2 + "|" + genRemID3: null

2023-01-19 19:39:53 - [TEST_STEP][PASSED] - println(genRemID): null

2023-01-19 19:39:53 - [TEST_STEP][PASSED] - setText(findTestObject("RecAndPlayBk/Page-Vlink-Debit/input_Remittance Id"), genRemID): Text '56065|74746|16968' is set on object 'Object Repository/RecAndPlayBk/Page-Vlink-Debit/input_Remittance Id'

2023-01-19 19:39:54 - [MESSAGE][PASSED] - Text '56065|74746|16968' is set on object 'Object Repository/RecAndPlayBk/Page-Vlink-Debit/input_Remittance Id'

2023-01-19 19:39:54 - [TEST_STEP][PASSED] - setText(findTestObject("RecAndPlayBk/Page-Vlink-Debit/input_Application Id"), appID): Text '1773' is set on object 'Object Repository/RecAndPlayBk/Page-Vlink-Debit/input_Application Id'

2023-01-19 19:39:55 - [MESSAGE][PASSED] - Text '1773' is set on object 'Object Repository/RecAndPlayBk/Page-Vlink-Debit/input_Application Id'

2023-01-19 19:39:55 - [TEST_STEP][PASSED] - setText(findTestObject("RecAndPlayBk/Page-Vlink-Debit/input_Username"), username): Text 'username' is set on object 'Object Repository/RecAndPlayBk/Page-Vlink-Debit/input_Username'

2023-01-19 19:39:56 - [MESSAGE][PASSED] - Text 'username' is set on object 'Object Repository/RecAndPlayBk/Page-Vlink-Debit/input_Username'

2023-01-19 19:39:56 - [TEST_STEP][PASSED] - setText(findTestObject("RecAndPlayBk/Page-Vlink-Debit/input_Password"), password): Text 'password' is set on object 'Object Repository/RecAndPlayBk/Page-Vlink-Debit/input_Password'

2023-01-19 19:39:57 - [MESSAGE][PASSED] - Text 'password' is set on object 'Object Repository/RecAndPlayBk/Page-Vlink-Debit/input_Password'

2023-01-19 19:39:57 - [TEST_STEP][PASSED] - setText(findTestObject("RecAndPlayBk/Page-Vlink-Debit/input_Check Type"), checkType): Text 'P' is set on object 'Object Repository/RecAndPlayBk/Page-Vlink-Debit/input_Check Type'

2023-01-19 19:39:57 - [MESSAGE][PASSED] - Text 'P' is set on object 'Object Repository/RecAndPlayBk/Page-Vlink-Debit/input_Check Type'

2023-01-19 19:39:57 - [TEST_STEP][PASSED] - setText(findTestObject("RecAndPlayBk/Page-Vlink-Debit/input_Account_check"), acNumber): Text '58963214' is set on object 'Object Repository/RecAndPlayBk/Page-Vlink-Debit/input_Account_check'

2023-01-19 19:39:59 - [MESSAGE][PASSED] - Text '58963214' is set on object 'Object Repository/RecAndPlayBk/Page-Vlink-Debit/input_Account_check'

2023-01-19 19:39:59 - [TEST_STEP][PASSED] - setText(findTestObject("RecAndPlayBk/Page-Vlink-Debit/input_Company_check"), company): Text '' is set on object 'Object Repository/RecAndPlayBk/Page-Vlink-Debit/input_Company_check'

2023-01-19 19:39:59 - [MESSAGE][PASSED] - Text '' is set on object 'Object Repository/RecAndPlayBk/Page-Vlink-Debit/input_Company_check'

2023-01-19 19:39:59 - [TEST_STEP][PASSED] - setText(findTestObject("RecAndPlayBk/Page-Vlink-Debit/input_Account Type"), acType): Text '2' is set on object 'Object Repository/RecAndPlayBk/Page-Vlink-Debit/input_Account Type'

2023-01-19 19:40:00 - [MESSAGE][PASSED] - Text '2' is set on object 'Object Repository/RecAndPlayBk/Page-Vlink-Debit/input_Account Type'

2023-01-19 19:40:00 - [TEST_STEP][PASSED] - setText(findTestObject("RecAndPlayBk/Page-Vlink-Debit/input_Routing Number"), rtn): Text '256072691' is set on object 'Object Repository/RecAndPlayBk/Page-Vlink-Debit/input_Routing Number'

2023-01-19 19:40:01 - [MESSAGE][PASSED] - Text '256072691' is set on object 'Object Repository/RecAndPlayBk/Page-Vlink-Debit/input_Routing Number'

2023-01-19 19:40:01 - [TEST_STEP][PASSED] - setText(findTestObject("RecAndPlayBk/Page-Vlink-Debit/input_Amount"), amount): Text '12.50' is set on object 'Object Repository/RecAndPlayBk/Page-Vlink-Debit/input_Amount'

2023-01-19 19:40:02 - [MESSAGE][PASSED] - Text '12.50' is set on object 'Object Repository/RecAndPlayBk/Page-Vlink-Debit/input_Amount'

2023-01-19 19:40:02 - [TEST_STEP][PASSED] - setText(findTestObject("RecAndPlayBk/Page-Vlink-Debit/input_Check Email"), ""): Text '' is set on object 'Object Repository/RecAndPlayBk/Page-Vlink-Debit/input_Check Email'

2023-01-19 19:40:03 - [MESSAGE][PASSED] - Text '' is set on object 'Object Repository/RecAndPlayBk/Page-Vlink-Debit/input_Check Email'

2023-01-19 19:40:03 - [TEST_STEP][PASSED] - setText(findTestObject("Object Repository/RecAndPlayBk/Page-Vlink-Debit/input_concat(CheckWriter, , s SSN)_check_ssn"), ""): Text '' is set on object 'Object Repository/RecAndPlayBk/Page-Vlink-Debit/input_concat(CheckWriter, , s SSN)_check_ssn'

2023-01-19 19:40:04 - [MESSAGE][PASSED] - Text '' is set on object 'Object Repository/RecAndPlayBk/Page-Vlink-Debit/input_concat(CheckWriter, , s SSN)_check_ssn'

2023-01-19 19:40:04 - [TEST_STEP][PASSED] - setText(findTestObject("Object Repository/RecAndPlayBk/Page-Vlink-Debit/input_concat(CheckWriter, , s License Numbe_020fef"), ""): Text '' is set on object 'Object Repository/RecAndPlayBk/Page-Vlink-Debit/input_concat(CheckWriter, , s License Numbe_020fef'

2023-01-19 19:40:05 - [MESSAGE][PASSED] - Text '' is set on object 'Object Repository/RecAndPlayBk/Page-Vlink-Debit/input_concat(CheckWriter, , s License Numbe_020fef'

2023-01-19 19:40:05 - [TEST_STEP][PASSED] - setText(findTestObject("Object Repository/RecAndPlayBk/Page-Vlink-Debit/input_concat(CheckWriter, , s License State_21e3e7"), ""): Text '' is set on object 'Object Repository/RecAndPlayBk/Page-Vlink-Debit/input_concat(CheckWriter, , s License State_21e3e7'

2023-01-19 19:40:05 - [MESSAGE][PASSED] - Text '' is set on object 'Object Repository/RecAndPlayBk/Page-Vlink-Debit/input_concat(CheckWriter, , s License State_21e3e7'

2023-01-19 19:40:05 - [TEST_STEP][PASSED] - setText(findTestObject("RecAndPlayBk/Page-Vlink-Debit/input_Standard Entry Class"), sec): Text 'WEB' is set on object 'Object Repository/RecAndPlayBk/Page-Vlink-Debit/input_Standard Entry Class'

2023-01-19 19:40:06 - [MESSAGE][PASSED] - Text 'WEB' is set on object 'Object Repository/RecAndPlayBk/Page-Vlink-Debit/input_Standard Entry Class'

2023-01-19 19:40:06 - [TEST_STEP][PASSED] - click(findTestObject("Object Repository/RecAndPlayBk/Page-Vlink-Debit/input")): Object: 'Object Repository/RecAndPlayBk/Page-Vlink-Debit/input' is clicked on

2023-01-19 19:40:07 - [MESSAGE][PASSED] - Object: 'Object Repository/RecAndPlayBk/Page-Vlink-Debit/input' is clicked on

2023-01-19 19:40:07 - [TEST_STEP][PASSED] - if (verifyTextPresent("Transaction approved, no errors", true)): null

2023-01-19 19:40:08 - [MESSAGE][PASSED] - Text 'Transaction approved, no errors' is present on page  using regular expression

2023-01-19 19:40:08 - [TEST_STEP][PASSED] - println("Transaction Approved, no errors text is present on the Confirmation page"): null

2023-01-19 19:40:08 - [TEST_STEP][PASSED] - sdfo = getText(findTestObject("Object Repository/Page_VLinkReceipt/pre_STX")): Text of object 'Object Repository/Page_VLinkReceipt/pre_STX' is: '<STX>56065|74746|16968             2916717             0  Transaction approved, no errors                   0                                                                                                              <ETX>'

2023-01-19 19:40:08 - [MESSAGE][PASSED] - Text of object 'Object Repository/Page_VLinkReceipt/pre_STX' is: '<STX>56065|74746|16968             2916717             0  Transaction approved, no errors                   0                                                                                                              <ETX>'

2023-01-19 19:40:08 - [TEST_STEP][PASSED] - out.println("sdfo: " + sdfo): null

2023-01-19 19:40:08 - [TEST_STEP][PASSED] - remID = substring(5, 35).trim(): null

2023-01-19 19:40:08 - [TEST_STEP][PASSED] - out.println("remID: " + remID): null

2023-01-19 19:40:08 - [TEST_STEP][PASSED] - traxID = substring(35, 55).trim(): null

2023-01-19 19:40:08 - [TEST_STEP][PASSED] - out.println("traxID: " + traxID): null

2023-01-19 19:40:08 - [TEST_STEP][PASSED] - VLinkSaleRemID = remID: null

2023-01-19 19:40:08 - [TEST_STEP][PASSED] - VLinkSaleTranxID = traxID: null

2023-01-19 19:40:08 - [TEST_STEP][PASSED] - openBrowser(VLinkURL + "ACH_void.html"): Browser is opened with url: 'https://dev-algorithm.govolution.com/vlinktest/demo/version_2_0/ACH_void.html'

2023-01-19 19:40:08 - [MESSAGE][WARNING] - A browser is already opened. Closing browser and opening a new one

2023-01-19 19:40:09 - [MESSAGE][INFO] - Starting 'Chrome' driver

2023-01-19 19:40:09 - [MESSAGE][INFO] - User set preference: ['acceptInsecureCerts', 'true']

2023-01-19 19:40:09 - [MESSAGE][INFO] - Action delay is set to 0 milliseconds

2023-01-19 19:40:11 - [MESSAGE][PASSED] - Browser is opened with url: 'https://dev-algorithm.govolution.com/vlinktest/demo/version_2_0/ACH_void.html'

2023-01-19 19:40:11 - [TEST_STEP][PASSED] - maximizeWindow(): Current window maximized

2023-01-19 19:40:11 - [MESSAGE][PASSED] - Current window maximized

2023-01-19 19:40:11 - [TEST_STEP][PASSED] - setText(findTestObject("Object Repository/RecAndPlayBk/Page-Vlink-ACH-Void/input_Remittance Id"), VLinkSaleRemID): Text '56065|74746|16968' is set on object 'Object Repository/RecAndPlayBk/Page-Vlink-ACH-Void/input_Remittance Id'

2023-01-19 19:40:11 - [MESSAGE][PASSED] - Text '56065|74746|16968' is set on object 'Object Repository/RecAndPlayBk/Page-Vlink-ACH-Void/input_Remittance Id'

2023-01-19 19:40:11 - [TEST_STEP][PASSED] - setText(findTestObject("Object Repository/RecAndPlayBk/Page-Vlink-ACH-Void/input_Application Id"), appID): Text '1773' is set on object 'Object Repository/RecAndPlayBk/Page-Vlink-ACH-Void/input_Application Id'

2023-01-19 19:40:12 - [MESSAGE][PASSED] - Text '1773' is set on object 'Object Repository/RecAndPlayBk/Page-Vlink-ACH-Void/input_Application Id'

2023-01-19 19:40:12 - [TEST_STEP][PASSED] - setText(findTestObject("Object Repository/RecAndPlayBk/Page-Vlink-ACH-Void/input_Username"), username): Text 'username' is set on object 'Object Repository/RecAndPlayBk/Page-Vlink-ACH-Void/input_Username'

2023-01-19 19:40:13 - [MESSAGE][PASSED] - Text 'username' is set on object 'Object Repository/RecAndPlayBk/Page-Vlink-ACH-Void/input_Username'

2023-01-19 19:40:13 - [TEST_STEP][PASSED] - setText(findTestObject("Object Repository/RecAndPlayBk/Page-Vlink-ACH-Void/input_Password"), password): Text 'password' is set on object 'Object Repository/RecAndPlayBk/Page-Vlink-ACH-Void/input_Password'

2023-01-19 19:40:14 - [MESSAGE][PASSED] - Text 'password' is set on object 'Object Repository/RecAndPlayBk/Page-Vlink-ACH-Void/input_Password'

2023-01-19 19:40:14 - [TEST_STEP][PASSED] - setText(findTestObject("Object Repository/RecAndPlayBk/Page-Vlink-ACH-Void/input_Check Type"), checkType): Text 'P' is set on object 'Object Repository/RecAndPlayBk/Page-Vlink-ACH-Void/input_Check Type'

2023-01-19 19:40:15 - [MESSAGE][PASSED] - Text 'P' is set on object 'Object Repository/RecAndPlayBk/Page-Vlink-ACH-Void/input_Check Type'

2023-01-19 19:40:15 - [TEST_STEP][PASSED] - setText(findTestObject("Object Repository/RecAndPlayBk/Page-Vlink-ACH-Void/input_Standard Entry Class"), sec): Text 'WEB' is set on object 'Object Repository/RecAndPlayBk/Page-Vlink-ACH-Void/input_Standard Entry Class'

2023-01-19 19:40:16 - [MESSAGE][PASSED] - Text 'WEB' is set on object 'Object Repository/RecAndPlayBk/Page-Vlink-ACH-Void/input_Standard Entry Class'

2023-01-19 19:40:16 - [TEST_STEP][PASSED] - setText(findTestObject("Object Repository/RecAndPlayBk/Page-Vlink-ACH-Void/input_Transaction ID"), VLinkSaleTranxID): Text '2916717' is set on object 'Object Repository/RecAndPlayBk/Page-Vlink-ACH-Void/input_Transaction ID'

2023-01-19 19:40:17 - [MESSAGE][PASSED] - Text '2916717' is set on object 'Object Repository/RecAndPlayBk/Page-Vlink-ACH-Void/input_Transaction ID'

2023-01-19 19:40:17 - [TEST_STEP][PASSED] - setText(findTestObject("Object Repository/RecAndPlayBk/Page-Vlink-ACH-Void/input_Original Transaction Type"), "200"): Text '200' is set on object 'Object Repository/RecAndPlayBk/Page-Vlink-ACH-Void/input_Original Transaction Type'

2023-01-19 19:40:17 - [MESSAGE][PASSED] - Text '200' is set on object 'Object Repository/RecAndPlayBk/Page-Vlink-ACH-Void/input_Original Transaction Type'

2023-01-19 19:40:17 - [TEST_STEP][PASSED] - click(findTestObject("Object Repository/RecAndPlayBk/Page-Vlink-ACH-Void/input")): Object: 'Object Repository/RecAndPlayBk/Page-Vlink-ACH-Void/input' is clicked on

2023-01-19 19:40:18 - [MESSAGE][PASSED] - Object: 'Object Repository/RecAndPlayBk/Page-Vlink-ACH-Void/input' is clicked on

2023-01-19 19:40:18 - [TEST_STEP][PASSED] - if (verifyTextPresent("Transaction approved, no errors", true)): null

2023-01-19 19:40:19 - [MESSAGE][PASSED] - Text 'Transaction approved, no errors' is present on page  using regular expression

2023-01-19 19:40:19 - [TEST_STEP][PASSED] - println("Transaction Approved, no errors text is present on the Confirmation page"): null

2023-01-19 19:40:19 - [TEST_STEP][PASSED] - out.println("Pass Record Number: " + row): null

2023-01-19 19:40:19 - [TEST_STEP][PASSED] - resText = "Pass": null

2023-01-19 19:40:19 - [TEST_STEP][PASSED] - pages.WriteExcel.demoKey(resText, datText, resColumn, datCloumn, fileLoc, nameSheet, row): pages.WriteExcel.demoKey is PASSED

2023-01-19 19:40:19 - [MESSAGE][PASSED] - pages.WriteExcel.demoKey is PASSED

2023-01-19 19:40:19 - [TEST_STEP][PASSED] - ExecuteTC = findTestData(dataFile).getValue("Execute", row): null

2023-01-19 19:40:19 - [TEST_STEP][PASSED] - out.println("Value of Execute is : " + ExecuteTC): null

2023-01-19 19:40:19 - [TEST_STEP][PASSED] - switch (executionProfile): null

2023-01-19 19:40:19 - [TEST_STEP][PASSED] - case "DemoProfile":: null

2023-01-19 19:40:19 - [TEST_STEP][PASSED] - appID = findTestData(dataFile).getValue("AppIDDemo", row): null

2023-01-19 19:40:19 - [TEST_STEP][PASSED] - username = findTestData(dataFile).getValue("UsernameDemo", row): null

2023-01-19 19:40:19 - [TEST_STEP][PASSED] - password = findTestData(dataFile).getValue("PasswordDemo", row): null

2023-01-19 19:40:19 - [TEST_STEP][PASSED] - break: null

2023-01-19 19:40:19 - [TEST_STEP][PASSED] - if (ExecuteTC.equalsIgnoreCase("Y")): null

2023-01-19 19:40:19 - [TEST_STEP][PASSED] - out.println("Begin Record Number: " + row): null

2023-01-19 19:40:19 - [TEST_STEP][PASSED] - today = new java.util.Date(): null

2023-01-19 19:40:19 - [TEST_STEP][PASSED] - println(today): null

2023-01-19 19:40:19 - [TEST_STEP][PASSED] - datText = today: null

2023-01-19 19:40:19 - [TEST_STEP][PASSED] - checkType = findTestData(dataFile).getValue("CheckType", row): null

2023-01-19 19:40:19 - [TEST_STEP][PASSED] - acNumber = findTestData(dataFile).getValue("AcNumber", row): null

2023-01-19 19:40:19 - [TEST_STEP][PASSED] - company = findTestData(dataFile).getValue("Company", row): null

2023-01-19 19:40:19 - [TEST_STEP][PASSED] - acType = findTestData(dataFile).getValue("AcType", row): null

2023-01-19 19:40:19 - [TEST_STEP][PASSED] - rtn = findTestData(dataFile).getValue("RTN", row): null

2023-01-19 19:40:19 - [TEST_STEP][PASSED] - amount = findTestData(dataFile).getValue("Amount", row): null

2023-01-19 19:40:19 - [TEST_STEP][PASSED] - sec = findTestData(dataFile).getValue("SEC", row): null

2023-01-19 19:40:20 - [TEST_STEP][PASSED] - openBrowser(VLinkURL + "debit.html"): Browser is opened with url: 'https://dev-algorithm.govolution.com/vlinktest/demo/version_2_0/debit.html'

2023-01-19 19:40:20 - [MESSAGE][WARNING] - A browser is already opened. Closing browser and opening a new one

2023-01-19 19:40:20 - [MESSAGE][INFO] - Starting 'Chrome' driver

2023-01-19 19:40:20 - [MESSAGE][INFO] - User set preference: ['acceptInsecureCerts', 'true']

2023-01-19 19:40:20 - [MESSAGE][INFO] - Action delay is set to 0 milliseconds

2023-01-19 19:40:22 - [MESSAGE][PASSED] - Browser is opened with url: 'https://dev-algorithm.govolution.com/vlinktest/demo/version_2_0/debit.html'

2023-01-19 19:40:22 - [TEST_STEP][PASSED] - maximizeWindow(): Current window maximized

2023-01-19 19:40:22 - [MESSAGE][PASSED] - Current window maximized

2023-01-19 19:40:22 - [TEST_STEP][PASSED] - genRemID1 = random() * 99999).toInteger(): null

2023-01-19 19:40:22 - [TEST_STEP][PASSED] - genRemID2 = random() * 99999).toInteger(): null

2023-01-19 19:40:22 - [TEST_STEP][PASSED] - genRemID3 = random() * 99999).toInteger(): null

2023-01-19 19:40:22 - [TEST_STEP][PASSED] - println(genRemID1): null

2023-01-19 19:40:22 - [TEST_STEP][PASSED] - println(genRemID2): null

2023-01-19 19:40:22 - [TEST_STEP][PASSED] - println(genRemID3): null

2023-01-19 19:40:22 - [TEST_STEP][PASSED] - genRemID = genRemID1 + "|" + genRemID2 + "|" + genRemID3: null

2023-01-19 19:40:22 - [TEST_STEP][PASSED] - println(genRemID): null

2023-01-19 19:40:22 - [TEST_STEP][PASSED] - setText(findTestObject("RecAndPlayBk/Page-Vlink-Debit/input_Remittance Id"), genRemID): Text '66629|7155|32451' is set on object 'Object Repository/RecAndPlayBk/Page-Vlink-Debit/input_Remittance Id'

2023-01-19 19:40:23 - [MESSAGE][PASSED] - Text '66629|7155|32451' is set on object 'Object Repository/RecAndPlayBk/Page-Vlink-Debit/input_Remittance Id'

2023-01-19 19:40:23 - [TEST_STEP][PASSED] - setText(findTestObject("RecAndPlayBk/Page-Vlink-Debit/input_Application Id"), appID): Text '1773' is set on object 'Object Repository/RecAndPlayBk/Page-Vlink-Debit/input_Application Id'

2023-01-19 19:40:24 - [MESSAGE][PASSED] - Text '1773' is set on object 'Object Repository/RecAndPlayBk/Page-Vlink-Debit/input_Application Id'

2023-01-19 19:40:24 - [TEST_STEP][PASSED] - setText(findTestObject("RecAndPlayBk/Page-Vlink-Debit/input_Username"), username): Text 'username' is set on object 'Object Repository/RecAndPlayBk/Page-Vlink-Debit/input_Username'

2023-01-19 19:40:25 - [MESSAGE][PASSED] - Text 'username' is set on object 'Object Repository/RecAndPlayBk/Page-Vlink-Debit/input_Username'

2023-01-19 19:40:25 - [TEST_STEP][PASSED] - setText(findTestObject("RecAndPlayBk/Page-Vlink-Debit/input_Password"), password): Text 'password' is set on object 'Object Repository/RecAndPlayBk/Page-Vlink-Debit/input_Password'

2023-01-19 19:40:26 - [MESSAGE][PASSED] - Text 'password' is set on object 'Object Repository/RecAndPlayBk/Page-Vlink-Debit/input_Password'

2023-01-19 19:40:26 - [TEST_STEP][PASSED] - setText(findTestObject("RecAndPlayBk/Page-Vlink-Debit/input_Check Type"), checkType): Text 'P' is set on object 'Object Repository/RecAndPlayBk/Page-Vlink-Debit/input_Check Type'

2023-01-19 19:40:27 - [MESSAGE][PASSED] - Text 'P' is set on object 'Object Repository/RecAndPlayBk/Page-Vlink-Debit/input_Check Type'

2023-01-19 19:40:27 - [TEST_STEP][PASSED] - setText(findTestObject("RecAndPlayBk/Page-Vlink-Debit/input_Account_check"), acNumber): Text '58963214' is set on object 'Object Repository/RecAndPlayBk/Page-Vlink-Debit/input_Account_check'

2023-01-19 19:40:28 - [MESSAGE][PASSED] - Text '58963214' is set on object 'Object Repository/RecAndPlayBk/Page-Vlink-Debit/input_Account_check'

2023-01-19 19:40:28 - [TEST_STEP][PASSED] - setText(findTestObject("RecAndPlayBk/Page-Vlink-Debit/input_Company_check"), company): Text '' is set on object 'Object Repository/RecAndPlayBk/Page-Vlink-Debit/input_Company_check'

2023-01-19 19:40:29 - [MESSAGE][PASSED] - Text '' is set on object 'Object Repository/RecAndPlayBk/Page-Vlink-Debit/input_Company_check'

2023-01-19 19:40:29 - [TEST_STEP][PASSED] - setText(findTestObject("RecAndPlayBk/Page-Vlink-Debit/input_Account Type"), acType): Text '2' is set on object 'Object Repository/RecAndPlayBk/Page-Vlink-Debit/input_Account Type'

2023-01-19 19:40:29 - [MESSAGE][PASSED] - Text '2' is set on object 'Object Repository/RecAndPlayBk/Page-Vlink-Debit/input_Account Type'

2023-01-19 19:40:29 - [TEST_STEP][PASSED] - setText(findTestObject("RecAndPlayBk/Page-Vlink-Debit/input_Routing Number"), rtn): Text '256072691' is set on object 'Object Repository/RecAndPlayBk/Page-Vlink-Debit/input_Routing Number'

2023-01-19 19:40:30 - [MESSAGE][PASSED] - Text '256072691' is set on object 'Object Repository/RecAndPlayBk/Page-Vlink-Debit/input_Routing Number'

2023-01-19 19:40:30 - [TEST_STEP][PASSED] - setText(findTestObject("RecAndPlayBk/Page-Vlink-Debit/input_Amount"), amount): Text '12.50' is set on object 'Object Repository/RecAndPlayBk/Page-Vlink-Debit/input_Amount'

2023-01-19 19:40:31 - [MESSAGE][PASSED] - Text '12.50' is set on object 'Object Repository/RecAndPlayBk/Page-Vlink-Debit/input_Amount'

2023-01-19 19:40:31 - [TEST_STEP][PASSED] - setText(findTestObject("RecAndPlayBk/Page-Vlink-Debit/input_Check Email"), ""): Text '' is set on object 'Object Repository/RecAndPlayBk/Page-Vlink-Debit/input_Check Email'

2023-01-19 19:40:32 - [MESSAGE][PASSED] - Text '' is set on object 'Object Repository/RecAndPlayBk/Page-Vlink-Debit/input_Check Email'

2023-01-19 19:40:32 - [TEST_STEP][PASSED] - setText(findTestObject("Object Repository/RecAndPlayBk/Page-Vlink-Debit/input_concat(CheckWriter, , s SSN)_check_ssn"), ""): Text '' is set on object 'Object Repository/RecAndPlayBk/Page-Vlink-Debit/input_concat(CheckWriter, , s SSN)_check_ssn'

2023-01-19 19:40:33 - [MESSAGE][PASSED] - Text '' is set on object 'Object Repository/RecAndPlayBk/Page-Vlink-Debit/input_concat(CheckWriter, , s SSN)_check_ssn'

2023-01-19 19:40:33 - [TEST_STEP][PASSED] - setText(findTestObject("Object Repository/RecAndPlayBk/Page-Vlink-Debit/input_concat(CheckWriter, , s License Numbe_020fef"), ""): Text '' is set on object 'Object Repository/RecAndPlayBk/Page-Vlink-Debit/input_concat(CheckWriter, , s License Numbe_020fef'

2023-01-19 19:40:34 - [MESSAGE][PASSED] - Text '' is set on object 'Object Repository/RecAndPlayBk/Page-Vlink-Debit/input_concat(CheckWriter, , s License Numbe_020fef'

2023-01-19 19:40:34 - [TEST_STEP][PASSED] - setText(findTestObject("Object Repository/RecAndPlayBk/Page-Vlink-Debit/input_concat(CheckWriter, , s License State_21e3e7"), ""): Text '' is set on object 'Object Repository/RecAndPlayBk/Page-Vlink-Debit/input_concat(CheckWriter, , s License State_21e3e7'

2023-01-19 19:40:35 - [MESSAGE][PASSED] - Text '' is set on object 'Object Repository/RecAndPlayBk/Page-Vlink-Debit/input_concat(CheckWriter, , s License State_21e3e7'

2023-01-19 19:40:35 - [TEST_STEP][PASSED] - setText(findTestObject("RecAndPlayBk/Page-Vlink-Debit/input_Standard Entry Class"), sec): Text 'TEL' is set on object 'Object Repository/RecAndPlayBk/Page-Vlink-Debit/input_Standard Entry Class'

2023-01-19 19:40:35 - [MESSAGE][PASSED] - Text 'TEL' is set on object 'Object Repository/RecAndPlayBk/Page-Vlink-Debit/input_Standard Entry Class'

2023-01-19 19:40:35 - [TEST_STEP][PASSED] - click(findTestObject("Object Repository/RecAndPlayBk/Page-Vlink-Debit/input")): Object: 'Object Repository/RecAndPlayBk/Page-Vlink-Debit/input' is clicked on

2023-01-19 19:40:36 - [MESSAGE][PASSED] - Object: 'Object Repository/RecAndPlayBk/Page-Vlink-Debit/input' is clicked on

2023-01-19 19:40:36 - [TEST_STEP][PASSED] - if (verifyTextPresent("Transaction approved, no errors", true)): null

2023-01-19 19:40:37 - [MESSAGE][PASSED] - Text 'Transaction approved, no errors' is present on page  using regular expression

2023-01-19 19:40:37 - [TEST_STEP][PASSED] - println("Transaction Approved, no errors text is present on the Confirmation page"): null

2023-01-19 19:40:37 - [TEST_STEP][PASSED] - sdfo = getText(findTestObject("Object Repository/Page_VLinkReceipt/pre_STX")): Text of object 'Object Repository/Page_VLinkReceipt/pre_STX' is: '<STX>66629|7155|32451              2916719             0  Transaction approved, no errors                   0                                                                                                              <ETX>'

2023-01-19 19:40:37 - [MESSAGE][PASSED] - Text of object 'Object Repository/Page_VLinkReceipt/pre_STX' is: '<STX>66629|7155|32451              2916719             0  Transaction approved, no errors                   0                                                                                                              <ETX>'

2023-01-19 19:40:37 - [TEST_STEP][PASSED] - out.println("sdfo: " + sdfo): null

2023-01-19 19:40:37 - [TEST_STEP][PASSED] - remID = substring(5, 35).trim(): null

2023-01-19 19:40:37 - [TEST_STEP][PASSED] - out.println("remID: " + remID): null

2023-01-19 19:40:37 - [TEST_STEP][PASSED] - traxID = substring(35, 55).trim(): null

2023-01-19 19:40:37 - [TEST_STEP][PASSED] - out.println("traxID: " + traxID): null

2023-01-19 19:40:37 - [TEST_STEP][PASSED] - VLinkSaleRemID = remID: null

2023-01-19 19:40:37 - [TEST_STEP][PASSED] - VLinkSaleTranxID = traxID: null

2023-01-19 19:40:37 - [TEST_STEP][PASSED] - openBrowser(VLinkURL + "ACH_void.html"): Browser is opened with url: 'https://dev-algorithm.govolution.com/vlinktest/demo/version_2_0/ACH_void.html'

2023-01-19 19:40:37 - [MESSAGE][WARNING] - A browser is already opened. Closing browser and opening a new one

2023-01-19 19:40:38 - [MESSAGE][INFO] - Starting 'Chrome' driver

2023-01-19 19:40:38 - [MESSAGE][INFO] - User set preference: ['acceptInsecureCerts', 'true']

2023-01-19 19:40:38 - [MESSAGE][INFO] - Action delay is set to 0 milliseconds

2023-01-19 19:40:40 - [MESSAGE][PASSED] - Browser is opened with url: 'https://dev-algorithm.govolution.com/vlinktest/demo/version_2_0/ACH_void.html'

2023-01-19 19:40:40 - [TEST_STEP][PASSED] - maximizeWindow(): Current window maximized

2023-01-19 19:40:40 - [MESSAGE][PASSED] - Current window maximized

2023-01-19 19:40:40 - [TEST_STEP][PASSED] - setText(findTestObject("Object Repository/RecAndPlayBk/Page-Vlink-ACH-Void/input_Remittance Id"), VLinkSaleRemID): Text '66629|7155|32451' is set on object 'Object Repository/RecAndPlayBk/Page-Vlink-ACH-Void/input_Remittance Id'

2023-01-19 19:40:40 - [MESSAGE][PASSED] - Text '66629|7155|32451' is set on object 'Object Repository/RecAndPlayBk/Page-Vlink-ACH-Void/input_Remittance Id'

2023-01-19 19:40:40 - [TEST_STEP][PASSED] - setText(findTestObject("Object Repository/RecAndPlayBk/Page-Vlink-ACH-Void/input_Application Id"), appID): Text '1773' is set on object 'Object Repository/RecAndPlayBk/Page-Vlink-ACH-Void/input_Application Id'

2023-01-19 19:40:41 - [MESSAGE][PASSED] - Text '1773' is set on object 'Object Repository/RecAndPlayBk/Page-Vlink-ACH-Void/input_Application Id'

2023-01-19 19:40:41 - [TEST_STEP][PASSED] - setText(findTestObject("Object Repository/RecAndPlayBk/Page-Vlink-ACH-Void/input_Username"), username): Text 'username' is set on object 'Object Repository/RecAndPlayBk/Page-Vlink-ACH-Void/input_Username'

2023-01-19 19:40:42 - [MESSAGE][PASSED] - Text 'username' is set on object 'Object Repository/RecAndPlayBk/Page-Vlink-ACH-Void/input_Username'

2023-01-19 19:40:42 - [TEST_STEP][PASSED] - setText(findTestObject("Object Repository/RecAndPlayBk/Page-Vlink-ACH-Void/input_Password"), password): Text 'password' is set on object 'Object Repository/RecAndPlayBk/Page-Vlink-ACH-Void/input_Password'

2023-01-19 19:40:43 - [MESSAGE][PASSED] - Text 'password' is set on object 'Object Repository/RecAndPlayBk/Page-Vlink-ACH-Void/input_Password'

2023-01-19 19:40:43 - [TEST_STEP][PASSED] - setText(findTestObject("Object Repository/RecAndPlayBk/Page-Vlink-ACH-Void/input_Check Type"), checkType): Text 'P' is set on object 'Object Repository/RecAndPlayBk/Page-Vlink-ACH-Void/input_Check Type'

2023-01-19 19:40:44 - [MESSAGE][PASSED] - Text 'P' is set on object 'Object Repository/RecAndPlayBk/Page-Vlink-ACH-Void/input_Check Type'

2023-01-19 19:40:44 - [TEST_STEP][PASSED] - setText(findTestObject("Object Repository/RecAndPlayBk/Page-Vlink-ACH-Void/input_Standard Entry Class"), sec): Text 'TEL' is set on object 'Object Repository/RecAndPlayBk/Page-Vlink-ACH-Void/input_Standard Entry Class'

2023-01-19 19:40:44 - [MESSAGE][PASSED] - Text 'TEL' is set on object 'Object Repository/RecAndPlayBk/Page-Vlink-ACH-Void/input_Standard Entry Class'

2023-01-19 19:40:44 - [TEST_STEP][PASSED] - setText(findTestObject("Object Repository/RecAndPlayBk/Page-Vlink-ACH-Void/input_Transaction ID"), VLinkSaleTranxID): Text '2916719' is set on object 'Object Repository/RecAndPlayBk/Page-Vlink-ACH-Void/input_Transaction ID'

2023-01-19 19:40:45 - [MESSAGE][PASSED] - Text '2916719' is set on object 'Object Repository/RecAndPlayBk/Page-Vlink-ACH-Void/input_Transaction ID'

2023-01-19 19:40:45 - [TEST_STEP][PASSED] - setText(findTestObject("Object Repository/RecAndPlayBk/Page-Vlink-ACH-Void/input_Original Transaction Type"), "200"): Text '200' is set on object 'Object Repository/RecAndPlayBk/Page-Vlink-ACH-Void/input_Original Transaction Type'

2023-01-19 19:40:46 - [MESSAGE][PASSED] - Text '200' is set on object 'Object Repository/RecAndPlayBk/Page-Vlink-ACH-Void/input_Original Transaction Type'

2023-01-19 19:40:46 - [TEST_STEP][PASSED] - click(findTestObject("Object Repository/RecAndPlayBk/Page-Vlink-ACH-Void/input")): Object: 'Object Repository/RecAndPlayBk/Page-Vlink-ACH-Void/input' is clicked on

2023-01-19 19:40:47 - [MESSAGE][PASSED] - Object: 'Object Repository/RecAndPlayBk/Page-Vlink-ACH-Void/input' is clicked on

2023-01-19 19:40:47 - [TEST_STEP][PASSED] - if (verifyTextPresent("Transaction approved, no errors", true)): null

2023-01-19 19:40:47 - [MESSAGE][PASSED] - Text 'Transaction approved, no errors' is present on page  using regular expression

2023-01-19 19:40:47 - [TEST_STEP][PASSED] - println("Transaction Approved, no errors text is present on the Confirmation page"): null

2023-01-19 19:40:47 - [TEST_STEP][PASSED] - out.println("Pass Record Number: " + row): null

2023-01-19 19:40:47 - [TEST_STEP][PASSED] - resText = "Pass": null

2023-01-19 19:40:47 - [TEST_STEP][PASSED] - pages.WriteExcel.demoKey(resText, datText, resColumn, datCloumn, fileLoc, nameSheet, row): pages.WriteExcel.demoKey is PASSED

2023-01-19 19:40:47 - [MESSAGE][PASSED] - pages.WriteExcel.demoKey is PASSED

2023-01-19 19:40:47 - [TEST_STEP][PASSED] - ExecuteTC = findTestData(dataFile).getValue("Execute", row): null

2023-01-19 19:40:47 - [TEST_STEP][PASSED] - out.println("Value of Execute is : " + ExecuteTC): null

2023-01-19 19:40:47 - [TEST_STEP][PASSED] - switch (executionProfile): null

2023-01-19 19:40:47 - [TEST_STEP][PASSED] - case "DemoProfile":: null

2023-01-19 19:40:47 - [TEST_STEP][PASSED] - appID = findTestData(dataFile).getValue("AppIDDemo", row): null

2023-01-19 19:40:47 - [TEST_STEP][PASSED] - username = findTestData(dataFile).getValue("UsernameDemo", row): null

2023-01-19 19:40:48 - [TEST_STEP][PASSED] - password = findTestData(dataFile).getValue("PasswordDemo", row): null

2023-01-19 19:40:48 - [TEST_STEP][PASSED] - break: null

2023-01-19 19:40:48 - [TEST_STEP][PASSED] - if (ExecuteTC.equalsIgnoreCase("Y")): null

2023-01-19 19:40:48 - [TEST_STEP][PASSED] - out.println("Begin Record Number: " + row): null

2023-01-19 19:40:48 - [TEST_STEP][PASSED] - today = new java.util.Date(): null

2023-01-19 19:40:48 - [TEST_STEP][PASSED] - println(today): null

2023-01-19 19:40:48 - [TEST_STEP][PASSED] - datText = today: null

2023-01-19 19:40:48 - [TEST_STEP][PASSED] - checkType = findTestData(dataFile).getValue("CheckType", row): null

2023-01-19 19:40:48 - [TEST_STEP][PASSED] - acNumber = findTestData(dataFile).getValue("AcNumber", row): null

2023-01-19 19:40:48 - [TEST_STEP][PASSED] - company = findTestData(dataFile).getValue("Company", row): null

2023-01-19 19:40:48 - [TEST_STEP][PASSED] - acType = findTestData(dataFile).getValue("AcType", row): null

2023-01-19 19:40:48 - [TEST_STEP][PASSED] - rtn = findTestData(dataFile).getValue("RTN", row): null

2023-01-19 19:40:48 - [TEST_STEP][PASSED] - amount = findTestData(dataFile).getValue("Amount", row): null

2023-01-19 19:40:48 - [TEST_STEP][PASSED] - sec = findTestData(dataFile).getValue("SEC", row): null

2023-01-19 19:40:48 - [TEST_STEP][PASSED] - openBrowser(VLinkURL + "debit.html"): Browser is opened with url: 'https://dev-algorithm.govolution.com/vlinktest/demo/version_2_0/debit.html'

2023-01-19 19:40:48 - [MESSAGE][WARNING] - A browser is already opened. Closing browser and opening a new one

2023-01-19 19:40:49 - [MESSAGE][INFO] - Starting 'Chrome' driver

2023-01-19 19:40:49 - [MESSAGE][INFO] - User set preference: ['acceptInsecureCerts', 'true']

2023-01-19 19:40:49 - [MESSAGE][INFO] - Action delay is set to 0 milliseconds

2023-01-19 19:40:51 - [MESSAGE][PASSED] - Browser is opened with url: 'https://dev-algorithm.govolution.com/vlinktest/demo/version_2_0/debit.html'

2023-01-19 19:40:51 - [TEST_STEP][PASSED] - maximizeWindow(): Current window maximized

2023-01-19 19:40:51 - [MESSAGE][PASSED] - Current window maximized

2023-01-19 19:40:51 - [TEST_STEP][PASSED] - genRemID1 = random() * 99999).toInteger(): null

2023-01-19 19:40:51 - [TEST_STEP][PASSED] - genRemID2 = random() * 99999).toInteger(): null

2023-01-19 19:40:51 - [TEST_STEP][PASSED] - genRemID3 = random() * 99999).toInteger(): null

2023-01-19 19:40:51 - [TEST_STEP][PASSED] - println(genRemID1): null

2023-01-19 19:40:51 - [TEST_STEP][PASSED] - println(genRemID2): null

2023-01-19 19:40:51 - [TEST_STEP][PASSED] - println(genRemID3): null

2023-01-19 19:40:51 - [TEST_STEP][PASSED] - genRemID = genRemID1 + "|" + genRemID2 + "|" + genRemID3: null

2023-01-19 19:40:51 - [TEST_STEP][PASSED] - println(genRemID): null

2023-01-19 19:40:51 - [TEST_STEP][PASSED] - setText(findTestObject("RecAndPlayBk/Page-Vlink-Debit/input_Remittance Id"), genRemID): Text '6782|29778|85148' is set on object 'Object Repository/RecAndPlayBk/Page-Vlink-Debit/input_Remittance Id'

2023-01-19 19:40:52 - [MESSAGE][PASSED] - Text '6782|29778|85148' is set on object 'Object Repository/RecAndPlayBk/Page-Vlink-Debit/input_Remittance Id'

2023-01-19 19:40:52 - [TEST_STEP][PASSED] - setText(findTestObject("RecAndPlayBk/Page-Vlink-Debit/input_Application Id"), appID): Text '1773' is set on object 'Object Repository/RecAndPlayBk/Page-Vlink-Debit/input_Application Id'

2023-01-19 19:40:53 - [MESSAGE][PASSED] - Text '1773' is set on object 'Object Repository/RecAndPlayBk/Page-Vlink-Debit/input_Application Id'

2023-01-19 19:40:53 - [TEST_STEP][PASSED] - setText(findTestObject("RecAndPlayBk/Page-Vlink-Debit/input_Username"), username): Text 'username' is set on object 'Object Repository/RecAndPlayBk/Page-Vlink-Debit/input_Username'

2023-01-19 19:40:54 - [MESSAGE][PASSED] - Text 'username' is set on object 'Object Repository/RecAndPlayBk/Page-Vlink-Debit/input_Username'

2023-01-19 19:40:54 - [TEST_STEP][PASSED] - setText(findTestObject("RecAndPlayBk/Page-Vlink-Debit/input_Password"), password): Text 'password' is set on object 'Object Repository/RecAndPlayBk/Page-Vlink-Debit/input_Password'

2023-01-19 19:40:54 - [MESSAGE][PASSED] - Text 'password' is set on object 'Object Repository/RecAndPlayBk/Page-Vlink-Debit/input_Password'

2023-01-19 19:40:54 - [TEST_STEP][PASSED] - setText(findTestObject("RecAndPlayBk/Page-Vlink-Debit/input_Check Type"), checkType): Text 'P' is set on object 'Object Repository/RecAndPlayBk/Page-Vlink-Debit/input_Check Type'

2023-01-19 19:40:55 - [MESSAGE][PASSED] - Text 'P' is set on object 'Object Repository/RecAndPlayBk/Page-Vlink-Debit/input_Check Type'

2023-01-19 19:40:55 - [TEST_STEP][PASSED] - setText(findTestObject("RecAndPlayBk/Page-Vlink-Debit/input_Account_check"), acNumber): Text '58963214' is set on object 'Object Repository/RecAndPlayBk/Page-Vlink-Debit/input_Account_check'

2023-01-19 19:40:56 - [MESSAGE][PASSED] - Text '58963214' is set on object 'Object Repository/RecAndPlayBk/Page-Vlink-Debit/input_Account_check'

2023-01-19 19:40:56 - [TEST_STEP][PASSED] - setText(findTestObject("RecAndPlayBk/Page-Vlink-Debit/input_Company_check"), company): Text '' is set on object 'Object Repository/RecAndPlayBk/Page-Vlink-Debit/input_Company_check'

2023-01-19 19:40:57 - [MESSAGE][PASSED] - Text '' is set on object 'Object Repository/RecAndPlayBk/Page-Vlink-Debit/input_Company_check'

2023-01-19 19:40:57 - [TEST_STEP][PASSED] - setText(findTestObject("RecAndPlayBk/Page-Vlink-Debit/input_Account Type"), acType): Text '2' is set on object 'Object Repository/RecAndPlayBk/Page-Vlink-Debit/input_Account Type'

2023-01-19 19:40:58 - [MESSAGE][PASSED] - Text '2' is set on object 'Object Repository/RecAndPlayBk/Page-Vlink-Debit/input_Account Type'

2023-01-19 19:40:58 - [TEST_STEP][PASSED] - setText(findTestObject("RecAndPlayBk/Page-Vlink-Debit/input_Routing Number"), rtn): Text '256072691' is set on object 'Object Repository/RecAndPlayBk/Page-Vlink-Debit/input_Routing Number'

2023-01-19 19:40:59 - [MESSAGE][PASSED] - Text '256072691' is set on object 'Object Repository/RecAndPlayBk/Page-Vlink-Debit/input_Routing Number'

2023-01-19 19:40:59 - [TEST_STEP][PASSED] - setText(findTestObject("RecAndPlayBk/Page-Vlink-Debit/input_Amount"), amount): Text '12.50' is set on object 'Object Repository/RecAndPlayBk/Page-Vlink-Debit/input_Amount'

2023-01-19 19:41:00 - [MESSAGE][PASSED] - Text '12.50' is set on object 'Object Repository/RecAndPlayBk/Page-Vlink-Debit/input_Amount'

2023-01-19 19:41:00 - [TEST_STEP][PASSED] - setText(findTestObject("RecAndPlayBk/Page-Vlink-Debit/input_Check Email"), ""): Text '' is set on object 'Object Repository/RecAndPlayBk/Page-Vlink-Debit/input_Check Email'

2023-01-19 19:41:00 - [MESSAGE][PASSED] - Text '' is set on object 'Object Repository/RecAndPlayBk/Page-Vlink-Debit/input_Check Email'

2023-01-19 19:41:00 - [TEST_STEP][PASSED] - setText(findTestObject("Object Repository/RecAndPlayBk/Page-Vlink-Debit/input_concat(CheckWriter, , s SSN)_check_ssn"), ""): Text '' is set on object 'Object Repository/RecAndPlayBk/Page-Vlink-Debit/input_concat(CheckWriter, , s SSN)_check_ssn'

2023-01-19 19:41:01 - [MESSAGE][PASSED] - Text '' is set on object 'Object Repository/RecAndPlayBk/Page-Vlink-Debit/input_concat(CheckWriter, , s SSN)_check_ssn'

2023-01-19 19:41:01 - [TEST_STEP][PASSED] - setText(findTestObject("Object Repository/RecAndPlayBk/Page-Vlink-Debit/input_concat(CheckWriter, , s License Numbe_020fef"), ""): Text '' is set on object 'Object Repository/RecAndPlayBk/Page-Vlink-Debit/input_concat(CheckWriter, , s License Numbe_020fef'

2023-01-19 19:41:02 - [MESSAGE][PASSED] - Text '' is set on object 'Object Repository/RecAndPlayBk/Page-Vlink-Debit/input_concat(CheckWriter, , s License Numbe_020fef'

2023-01-19 19:41:02 - [TEST_STEP][PASSED] - setText(findTestObject("Object Repository/RecAndPlayBk/Page-Vlink-Debit/input_concat(CheckWriter, , s License State_21e3e7"), ""): Text '' is set on object 'Object Repository/RecAndPlayBk/Page-Vlink-Debit/input_concat(CheckWriter, , s License State_21e3e7'

2023-01-19 19:41:03 - [MESSAGE][PASSED] - Text '' is set on object 'Object Repository/RecAndPlayBk/Page-Vlink-Debit/input_concat(CheckWriter, , s License State_21e3e7'

2023-01-19 19:41:03 - [TEST_STEP][PASSED] - setText(findTestObject("RecAndPlayBk/Page-Vlink-Debit/input_Standard Entry Class"), sec): Text 'PPD' is set on object 'Object Repository/RecAndPlayBk/Page-Vlink-Debit/input_Standard Entry Class'

2023-01-19 19:41:04 - [MESSAGE][PASSED] - Text 'PPD' is set on object 'Object Repository/RecAndPlayBk/Page-Vlink-Debit/input_Standard Entry Class'

2023-01-19 19:41:04 - [TEST_STEP][PASSED] - click(findTestObject("Object Repository/RecAndPlayBk/Page-Vlink-Debit/input")): Object: 'Object Repository/RecAndPlayBk/Page-Vlink-Debit/input' is clicked on

2023-01-19 19:41:05 - [MESSAGE][PASSED] - Object: 'Object Repository/RecAndPlayBk/Page-Vlink-Debit/input' is clicked on

2023-01-19 19:41:05 - [TEST_STEP][PASSED] - if (verifyTextPresent("Transaction approved, no errors", true)): null

2023-01-19 19:41:05 - [MESSAGE][PASSED] - Text 'Transaction approved, no errors' is present on page  using regular expression

2023-01-19 19:41:05 - [TEST_STEP][PASSED] - println("Transaction Approved, no errors text is present on the Confirmation page"): null

2023-01-19 19:41:05 - [TEST_STEP][PASSED] - sdfo = getText(findTestObject("Object Repository/Page_VLinkReceipt/pre_STX")): Text of object 'Object Repository/Page_VLinkReceipt/pre_STX' is: '<STX>6782|29778|85148              2916721             0  Transaction approved, no errors                   0                                                                                                              <ETX>'

2023-01-19 19:41:05 - [MESSAGE][PASSED] - Text of object 'Object Repository/Page_VLinkReceipt/pre_STX' is: '<STX>6782|29778|85148              2916721             0  Transaction approved, no errors                   0                                                                                                              <ETX>'

2023-01-19 19:41:05 - [TEST_STEP][PASSED] - out.println("sdfo: " + sdfo): null

2023-01-19 19:41:05 - [TEST_STEP][PASSED] - remID = substring(5, 35).trim(): null

2023-01-19 19:41:05 - [TEST_STEP][PASSED] - out.println("remID: " + remID): null

2023-01-19 19:41:05 - [TEST_STEP][PASSED] - traxID = substring(35, 55).trim(): null

2023-01-19 19:41:05 - [TEST_STEP][PASSED] - out.println("traxID: " + traxID): null

2023-01-19 19:41:05 - [TEST_STEP][PASSED] - VLinkSaleRemID = remID: null

2023-01-19 19:41:05 - [TEST_STEP][PASSED] - VLinkSaleTranxID = traxID: null

2023-01-19 19:41:05 - [TEST_STEP][PASSED] - openBrowser(VLinkURL + "ACH_void.html"): Browser is opened with url: 'https://dev-algorithm.govolution.com/vlinktest/demo/version_2_0/ACH_void.html'

2023-01-19 19:41:05 - [MESSAGE][WARNING] - A browser is already opened. Closing browser and opening a new one

2023-01-19 19:41:06 - [MESSAGE][INFO] - Starting 'Chrome' driver

2023-01-19 19:41:06 - [MESSAGE][INFO] - User set preference: ['acceptInsecureCerts', 'true']

2023-01-19 19:41:06 - [MESSAGE][INFO] - Action delay is set to 0 milliseconds

2023-01-19 19:41:08 - [MESSAGE][PASSED] - Browser is opened with url: 'https://dev-algorithm.govolution.com/vlinktest/demo/version_2_0/ACH_void.html'

2023-01-19 19:41:08 - [TEST_STEP][PASSED] - maximizeWindow(): Current window maximized

2023-01-19 19:41:08 - [MESSAGE][PASSED] - Current window maximized

2023-01-19 19:41:08 - [TEST_STEP][PASSED] - setText(findTestObject("Object Repository/RecAndPlayBk/Page-Vlink-ACH-Void/input_Remittance Id"), VLinkSaleRemID): Text '6782|29778|85148' is set on object 'Object Repository/RecAndPlayBk/Page-Vlink-ACH-Void/input_Remittance Id'

2023-01-19 19:41:09 - [MESSAGE][PASSED] - Text '6782|29778|85148' is set on object 'Object Repository/RecAndPlayBk/Page-Vlink-ACH-Void/input_Remittance Id'

2023-01-19 19:41:09 - [TEST_STEP][PASSED] - setText(findTestObject("Object Repository/RecAndPlayBk/Page-Vlink-ACH-Void/input_Application Id"), appID): Text '1773' is set on object 'Object Repository/RecAndPlayBk/Page-Vlink-ACH-Void/input_Application Id'

2023-01-19 19:41:10 - [MESSAGE][PASSED] - Text '1773' is set on object 'Object Repository/RecAndPlayBk/Page-Vlink-ACH-Void/input_Application Id'

2023-01-19 19:41:10 - [TEST_STEP][PASSED] - setText(findTestObject("Object Repository/RecAndPlayBk/Page-Vlink-ACH-Void/input_Username"), username): Text 'username' is set on object 'Object Repository/RecAndPlayBk/Page-Vlink-ACH-Void/input_Username'

2023-01-19 19:41:10 - [MESSAGE][PASSED] - Text 'username' is set on object 'Object Repository/RecAndPlayBk/Page-Vlink-ACH-Void/input_Username'

2023-01-19 19:41:10 - [TEST_STEP][PASSED] - setText(findTestObject("Object Repository/RecAndPlayBk/Page-Vlink-ACH-Void/input_Password"), password): Text 'password' is set on object 'Object Repository/RecAndPlayBk/Page-Vlink-ACH-Void/input_Password'

2023-01-19 19:41:11 - [MESSAGE][PASSED] - Text 'password' is set on object 'Object Repository/RecAndPlayBk/Page-Vlink-ACH-Void/input_Password'

2023-01-19 19:41:11 - [TEST_STEP][PASSED] - setText(findTestObject("Object Repository/RecAndPlayBk/Page-Vlink-ACH-Void/input_Check Type"), checkType): Text 'P' is set on object 'Object Repository/RecAndPlayBk/Page-Vlink-ACH-Void/input_Check Type'

2023-01-19 19:41:12 - [MESSAGE][PASSED] - Text 'P' is set on object 'Object Repository/RecAndPlayBk/Page-Vlink-ACH-Void/input_Check Type'

2023-01-19 19:41:12 - [TEST_STEP][PASSED] - setText(findTestObject("Object Repository/RecAndPlayBk/Page-Vlink-ACH-Void/input_Standard Entry Class"), sec): Text 'PPD' is set on object 'Object Repository/RecAndPlayBk/Page-Vlink-ACH-Void/input_Standard Entry Class'

2023-01-19 19:41:13 - [MESSAGE][PASSED] - Text 'PPD' is set on object 'Object Repository/RecAndPlayBk/Page-Vlink-ACH-Void/input_Standard Entry Class'

2023-01-19 19:41:13 - [TEST_STEP][PASSED] - setText(findTestObject("Object Repository/RecAndPlayBk/Page-Vlink-ACH-Void/input_Transaction ID"), VLinkSaleTranxID): Text '2916721' is set on object 'Object Repository/RecAndPlayBk/Page-Vlink-ACH-Void/input_Transaction ID'

2023-01-19 19:41:14 - [MESSAGE][PASSED] - Text '2916721' is set on object 'Object Repository/RecAndPlayBk/Page-Vlink-ACH-Void/input_Transaction ID'

2023-01-19 19:41:14 - [TEST_STEP][PASSED] - setText(findTestObject("Object Repository/RecAndPlayBk/Page-Vlink-ACH-Void/input_Original Transaction Type"), "200"): Text '200' is set on object 'Object Repository/RecAndPlayBk/Page-Vlink-ACH-Void/input_Original Transaction Type'

2023-01-19 19:41:14 - [MESSAGE][PASSED] - Text '200' is set on object 'Object Repository/RecAndPlayBk/Page-Vlink-ACH-Void/input_Original Transaction Type'

2023-01-19 19:41:14 - [TEST_STEP][PASSED] - click(findTestObject("Object Repository/RecAndPlayBk/Page-Vlink-ACH-Void/input")): Object: 'Object Repository/RecAndPlayBk/Page-Vlink-ACH-Void/input' is clicked on

2023-01-19 19:41:15 - [MESSAGE][PASSED] - Object: 'Object Repository/RecAndPlayBk/Page-Vlink-ACH-Void/input' is clicked on

2023-01-19 19:41:15 - [TEST_STEP][PASSED] - if (verifyTextPresent("Transaction approved, no errors", true)): null

2023-01-19 19:41:16 - [MESSAGE][PASSED] - Text 'Transaction approved, no errors' is present on page  using regular expression

2023-01-19 19:41:16 - [TEST_STEP][PASSED] - println("Transaction Approved, no errors text is present on the Confirmation page"): null

2023-01-19 19:41:16 - [TEST_STEP][PASSED] - out.println("Pass Record Number: " + row): null

2023-01-19 19:41:16 - [TEST_STEP][PASSED] - resText = "Pass": null

2023-01-19 19:41:16 - [TEST_STEP][PASSED] - pages.WriteExcel.demoKey(resText, datText, resColumn, datCloumn, fileLoc, nameSheet, row): pages.WriteExcel.demoKey is PASSED

2023-01-19 19:41:16 - [MESSAGE][PASSED] - pages.WriteExcel.demoKey is PASSED

2023-01-19 19:41:16 - [TEST_STEP][PASSED] - ExecuteTC = findTestData(dataFile).getValue("Execute", row): null

2023-01-19 19:41:16 - [TEST_STEP][PASSED] - out.println("Value of Execute is : " + ExecuteTC): null

2023-01-19 19:41:16 - [TEST_STEP][PASSED] - switch (executionProfile): null

2023-01-19 19:41:16 - [TEST_STEP][PASSED] - case "DemoProfile":: null

2023-01-19 19:41:16 - [TEST_STEP][PASSED] - appID = findTestData(dataFile).getValue("AppIDDemo", row): null

2023-01-19 19:41:16 - [TEST_STEP][PASSED] - username = findTestData(dataFile).getValue("UsernameDemo", row): null

2023-01-19 19:41:16 - [TEST_STEP][PASSED] - password = findTestData(dataFile).getValue("PasswordDemo", row): null

2023-01-19 19:41:16 - [TEST_STEP][PASSED] - break: null

2023-01-19 19:41:16 - [TEST_STEP][PASSED] - if (ExecuteTC.equalsIgnoreCase("Y")): null

2023-01-19 19:41:16 - [TEST_STEP][PASSED] - out.println("Begin Record Number: " + row): null

2023-01-19 19:41:16 - [TEST_STEP][PASSED] - today = new java.util.Date(): null

2023-01-19 19:41:16 - [TEST_STEP][PASSED] - println(today): null

2023-01-19 19:41:16 - [TEST_STEP][PASSED] - datText = today: null

2023-01-19 19:41:16 - [TEST_STEP][PASSED] - checkType = findTestData(dataFile).getValue("CheckType", row): null

2023-01-19 19:41:16 - [TEST_STEP][PASSED] - acNumber = findTestData(dataFile).getValue("AcNumber", row): null

2023-01-19 19:41:16 - [TEST_STEP][PASSED] - company = findTestData(dataFile).getValue("Company", row): null

2023-01-19 19:41:16 - [TEST_STEP][PASSED] - acType = findTestData(dataFile).getValue("AcType", row): null

2023-01-19 19:41:16 - [TEST_STEP][PASSED] - rtn = findTestData(dataFile).getValue("RTN", row): null

2023-01-19 19:41:16 - [TEST_STEP][PASSED] - amount = findTestData(dataFile).getValue("Amount", row): null

2023-01-19 19:41:16 - [TEST_STEP][PASSED] - sec = findTestData(dataFile).getValue("SEC", row): null

2023-01-19 19:41:16 - [TEST_STEP][PASSED] - openBrowser(VLinkURL + "debit.html"): Browser is opened with url: 'https://dev-algorithm.govolution.com/vlinktest/demo/version_2_0/debit.html'

2023-01-19 19:41:16 - [MESSAGE][WARNING] - A browser is already opened. Closing browser and opening a new one

2023-01-19 19:41:17 - [MESSAGE][INFO] - Starting 'Chrome' driver

2023-01-19 19:41:17 - [MESSAGE][INFO] - User set preference: ['acceptInsecureCerts', 'true']

2023-01-19 19:41:17 - [MESSAGE][INFO] - Action delay is set to 0 milliseconds

2023-01-19 19:41:19 - [MESSAGE][PASSED] - Browser is opened with url: 'https://dev-algorithm.govolution.com/vlinktest/demo/version_2_0/debit.html'

2023-01-19 19:41:19 - [TEST_STEP][PASSED] - maximizeWindow(): Current window maximized

2023-01-19 19:41:19 - [MESSAGE][PASSED] - Current window maximized

2023-01-19 19:41:19 - [TEST_STEP][PASSED] - genRemID1 = random() * 99999).toInteger(): null

2023-01-19 19:41:19 - [TEST_STEP][PASSED] - genRemID2 = random() * 99999).toInteger(): null

2023-01-19 19:41:19 - [TEST_STEP][PASSED] - genRemID3 = random() * 99999).toInteger(): null

2023-01-19 19:41:19 - [TEST_STEP][PASSED] - println(genRemID1): null

2023-01-19 19:41:19 - [TEST_STEP][PASSED] - println(genRemID2): null

2023-01-19 19:41:19 - [TEST_STEP][PASSED] - println(genRemID3): null

2023-01-19 19:41:19 - [TEST_STEP][PASSED] - genRemID = genRemID1 + "|" + genRemID2 + "|" + genRemID3: null

2023-01-19 19:41:19 - [TEST_STEP][PASSED] - println(genRemID): null

2023-01-19 19:41:19 - [TEST_STEP][PASSED] - setText(findTestObject("RecAndPlayBk/Page-Vlink-Debit/input_Remittance Id"), genRemID): Text '83642|92310|21453' is set on object 'Object Repository/RecAndPlayBk/Page-Vlink-Debit/input_Remittance Id'

2023-01-19 19:41:20 - [MESSAGE][PASSED] - Text '83642|92310|21453' is set on object 'Object Repository/RecAndPlayBk/Page-Vlink-Debit/input_Remittance Id'

2023-01-19 19:41:20 - [TEST_STEP][PASSED] - setText(findTestObject("RecAndPlayBk/Page-Vlink-Debit/input_Application Id"), appID): Text '1773' is set on object 'Object Repository/RecAndPlayBk/Page-Vlink-Debit/input_Application Id'

2023-01-19 19:41:21 - [MESSAGE][PASSED] - Text '1773' is set on object 'Object Repository/RecAndPlayBk/Page-Vlink-Debit/input_Application Id'

2023-01-19 19:41:21 - [TEST_STEP][PASSED] - setText(findTestObject("RecAndPlayBk/Page-Vlink-Debit/input_Username"), username): Text 'username' is set on object 'Object Repository/RecAndPlayBk/Page-Vlink-Debit/input_Username'

2023-01-19 19:41:22 - [MESSAGE][PASSED] - Text 'username' is set on object 'Object Repository/RecAndPlayBk/Page-Vlink-Debit/input_Username'

2023-01-19 19:41:22 - [TEST_STEP][PASSED] - setText(findTestObject("RecAndPlayBk/Page-Vlink-Debit/input_Password"), password): Text 'password' is set on object 'Object Repository/RecAndPlayBk/Page-Vlink-Debit/input_Password'

2023-01-19 19:41:23 - [MESSAGE][PASSED] - Text 'password' is set on object 'Object Repository/RecAndPlayBk/Page-Vlink-Debit/input_Password'

2023-01-19 19:41:23 - [TEST_STEP][PASSED] - setText(findTestObject("RecAndPlayBk/Page-Vlink-Debit/input_Check Type"), checkType): Text 'C' is set on object 'Object Repository/RecAndPlayBk/Page-Vlink-Debit/input_Check Type'

2023-01-19 19:41:23 - [MESSAGE][PASSED] - Text 'C' is set on object 'Object Repository/RecAndPlayBk/Page-Vlink-Debit/input_Check Type'

2023-01-19 19:41:23 - [TEST_STEP][PASSED] - setText(findTestObject("RecAndPlayBk/Page-Vlink-Debit/input_Account_check"), acNumber): Text '58963214' is set on object 'Object Repository/RecAndPlayBk/Page-Vlink-Debit/input_Account_check'

2023-01-19 19:41:24 - [MESSAGE][PASSED] - Text '58963214' is set on object 'Object Repository/RecAndPlayBk/Page-Vlink-Debit/input_Account_check'

2023-01-19 19:41:24 - [TEST_STEP][PASSED] - setText(findTestObject("RecAndPlayBk/Page-Vlink-Debit/input_Company_check"), company): Text 'My Company' is set on object 'Object Repository/RecAndPlayBk/Page-Vlink-Debit/input_Company_check'

2023-01-19 19:41:25 - [MESSAGE][PASSED] - Text 'My Company' is set on object 'Object Repository/RecAndPlayBk/Page-Vlink-Debit/input_Company_check'

2023-01-19 19:41:25 - [TEST_STEP][PASSED] - setText(findTestObject("RecAndPlayBk/Page-Vlink-Debit/input_Account Type"), acType): Text '' is set on object 'Object Repository/RecAndPlayBk/Page-Vlink-Debit/input_Account Type'

2023-01-19 19:41:26 - [MESSAGE][PASSED] - Text '' is set on object 'Object Repository/RecAndPlayBk/Page-Vlink-Debit/input_Account Type'

2023-01-19 19:41:26 - [TEST_STEP][PASSED] - setText(findTestObject("RecAndPlayBk/Page-Vlink-Debit/input_Routing Number"), rtn): Text '256072691' is set on object 'Object Repository/RecAndPlayBk/Page-Vlink-Debit/input_Routing Number'

2023-01-19 19:41:27 - [MESSAGE][PASSED] - Text '256072691' is set on object 'Object Repository/RecAndPlayBk/Page-Vlink-Debit/input_Routing Number'

2023-01-19 19:41:27 - [TEST_STEP][PASSED] - setText(findTestObject("RecAndPlayBk/Page-Vlink-Debit/input_Amount"), amount): Text '12.50' is set on object 'Object Repository/RecAndPlayBk/Page-Vlink-Debit/input_Amount'

2023-01-19 19:41:28 - [MESSAGE][PASSED] - Text '12.50' is set on object 'Object Repository/RecAndPlayBk/Page-Vlink-Debit/input_Amount'

2023-01-19 19:41:28 - [TEST_STEP][PASSED] - setText(findTestObject("RecAndPlayBk/Page-Vlink-Debit/input_Check Email"), ""): Text '' is set on object 'Object Repository/RecAndPlayBk/Page-Vlink-Debit/input_Check Email'

2023-01-19 19:41:29 - [MESSAGE][PASSED] - Text '' is set on object 'Object Repository/RecAndPlayBk/Page-Vlink-Debit/input_Check Email'

2023-01-19 19:41:29 - [TEST_STEP][PASSED] - setText(findTestObject("Object Repository/RecAndPlayBk/Page-Vlink-Debit/input_concat(CheckWriter, , s SSN)_check_ssn"), ""): Text '' is set on object 'Object Repository/RecAndPlayBk/Page-Vlink-Debit/input_concat(CheckWriter, , s SSN)_check_ssn'

2023-01-19 19:41:30 - [MESSAGE][PASSED] - Text '' is set on object 'Object Repository/RecAndPlayBk/Page-Vlink-Debit/input_concat(CheckWriter, , s SSN)_check_ssn'

2023-01-19 19:41:30 - [TEST_STEP][PASSED] - setText(findTestObject("Object Repository/RecAndPlayBk/Page-Vlink-Debit/input_concat(CheckWriter, , s License Numbe_020fef"), ""): Text '' is set on object 'Object Repository/RecAndPlayBk/Page-Vlink-Debit/input_concat(CheckWriter, , s License Numbe_020fef'

2023-01-19 19:41:31 - [MESSAGE][PASSED] - Text '' is set on object 'Object Repository/RecAndPlayBk/Page-Vlink-Debit/input_concat(CheckWriter, , s License Numbe_020fef'

2023-01-19 19:41:31 - [TEST_STEP][PASSED] - setText(findTestObject("Object Repository/RecAndPlayBk/Page-Vlink-Debit/input_concat(CheckWriter, , s License State_21e3e7"), ""): Text '' is set on object 'Object Repository/RecAndPlayBk/Page-Vlink-Debit/input_concat(CheckWriter, , s License State_21e3e7'

2023-01-19 19:41:31 - [MESSAGE][PASSED] - Text '' is set on object 'Object Repository/RecAndPlayBk/Page-Vlink-Debit/input_concat(CheckWriter, , s License State_21e3e7'

2023-01-19 19:41:31 - [TEST_STEP][PASSED] - setText(findTestObject("RecAndPlayBk/Page-Vlink-Debit/input_Standard Entry Class"), sec): Text 'CCD' is set on object 'Object Repository/RecAndPlayBk/Page-Vlink-Debit/input_Standard Entry Class'

2023-01-19 19:41:32 - [MESSAGE][PASSED] - Text 'CCD' is set on object 'Object Repository/RecAndPlayBk/Page-Vlink-Debit/input_Standard Entry Class'

2023-01-19 19:41:32 - [TEST_STEP][PASSED] - click(findTestObject("Object Repository/RecAndPlayBk/Page-Vlink-Debit/input")): Object: 'Object Repository/RecAndPlayBk/Page-Vlink-Debit/input' is clicked on

2023-01-19 19:41:33 - [MESSAGE][PASSED] - Object: 'Object Repository/RecAndPlayBk/Page-Vlink-Debit/input' is clicked on

2023-01-19 19:41:33 - [TEST_STEP][PASSED] - if (verifyTextPresent("Transaction approved, no errors", true)): null

2023-01-19 19:41:34 - [MESSAGE][PASSED] - Text 'Transaction approved, no errors' is present on page  using regular expression

2023-01-19 19:41:34 - [TEST_STEP][PASSED] - println("Transaction Approved, no errors text is present on the Confirmation page"): null

2023-01-19 19:41:34 - [TEST_STEP][PASSED] - sdfo = getText(findTestObject("Object Repository/Page_VLinkReceipt/pre_STX")): Text of object 'Object Repository/Page_VLinkReceipt/pre_STX' is: '<STX>83642|92310|21453             2916723             0  Transaction approved, no errors                   0                                                                                                              <ETX>'

2023-01-19 19:41:34 - [MESSAGE][PASSED] - Text of object 'Object Repository/Page_VLinkReceipt/pre_STX' is: '<STX>83642|92310|21453             2916723             0  Transaction approved, no errors                   0                                                                                                              <ETX>'

2023-01-19 19:41:34 - [TEST_STEP][PASSED] - out.println("sdfo: " + sdfo): null

2023-01-19 19:41:34 - [TEST_STEP][PASSED] - remID = substring(5, 35).trim(): null

2023-01-19 19:41:34 - [TEST_STEP][PASSED] - out.println("remID: " + remID): null

2023-01-19 19:41:34 - [TEST_STEP][PASSED] - traxID = substring(35, 55).trim(): null

2023-01-19 19:41:34 - [TEST_STEP][PASSED] - out.println("traxID: " + traxID): null

2023-01-19 19:41:34 - [TEST_STEP][PASSED] - VLinkSaleRemID = remID: null

2023-01-19 19:41:34 - [TEST_STEP][PASSED] - VLinkSaleTranxID = traxID: null

2023-01-19 19:41:34 - [TEST_STEP][PASSED] - openBrowser(VLinkURL + "ACH_void.html"): Browser is opened with url: 'https://dev-algorithm.govolution.com/vlinktest/demo/version_2_0/ACH_void.html'

2023-01-19 19:41:34 - [MESSAGE][WARNING] - A browser is already opened. Closing browser and opening a new one

2023-01-19 19:41:35 - [MESSAGE][INFO] - Starting 'Chrome' driver

2023-01-19 19:41:35 - [MESSAGE][INFO] - User set preference: ['acceptInsecureCerts', 'true']

2023-01-19 19:41:35 - [MESSAGE][INFO] - Action delay is set to 0 milliseconds

2023-01-19 19:41:37 - [MESSAGE][PASSED] - Browser is opened with url: 'https://dev-algorithm.govolution.com/vlinktest/demo/version_2_0/ACH_void.html'

2023-01-19 19:41:37 - [TEST_STEP][PASSED] - maximizeWindow(): Current window maximized

2023-01-19 19:41:37 - [MESSAGE][PASSED] - Current window maximized

2023-01-19 19:41:37 - [TEST_STEP][PASSED] - setText(findTestObject("Object Repository/RecAndPlayBk/Page-Vlink-ACH-Void/input_Remittance Id"), VLinkSaleRemID): Text '83642|92310|21453' is set on object 'Object Repository/RecAndPlayBk/Page-Vlink-ACH-Void/input_Remittance Id'

2023-01-19 19:41:38 - [MESSAGE][PASSED] - Text '83642|92310|21453' is set on object 'Object Repository/RecAndPlayBk/Page-Vlink-ACH-Void/input_Remittance Id'

2023-01-19 19:41:38 - [TEST_STEP][PASSED] - setText(findTestObject("Object Repository/RecAndPlayBk/Page-Vlink-ACH-Void/input_Application Id"), appID): Text '1773' is set on object 'Object Repository/RecAndPlayBk/Page-Vlink-ACH-Void/input_Application Id'

2023-01-19 19:41:39 - [MESSAGE][PASSED] - Text '1773' is set on object 'Object Repository/RecAndPlayBk/Page-Vlink-ACH-Void/input_Application Id'

2023-01-19 19:41:39 - [TEST_STEP][PASSED] - setText(findTestObject("Object Repository/RecAndPlayBk/Page-Vlink-ACH-Void/input_Username"), username): Text 'username' is set on object 'Object Repository/RecAndPlayBk/Page-Vlink-ACH-Void/input_Username'

2023-01-19 19:41:40 - [MESSAGE][PASSED] - Text 'username' is set on object 'Object Repository/RecAndPlayBk/Page-Vlink-ACH-Void/input_Username'

2023-01-19 19:41:40 - [TEST_STEP][PASSED] - setText(findTestObject("Object Repository/RecAndPlayBk/Page-Vlink-ACH-Void/input_Password"), password): Text 'password' is set on object 'Object Repository/RecAndPlayBk/Page-Vlink-ACH-Void/input_Password'

2023-01-19 19:41:40 - [MESSAGE][PASSED] - Text 'password' is set on object 'Object Repository/RecAndPlayBk/Page-Vlink-ACH-Void/input_Password'

2023-01-19 19:41:40 - [TEST_STEP][PASSED] - setText(findTestObject("Object Repository/RecAndPlayBk/Page-Vlink-ACH-Void/input_Check Type"), checkType): Text 'C' is set on object 'Object Repository/RecAndPlayBk/Page-Vlink-ACH-Void/input_Check Type'

2023-01-19 19:41:41 - [MESSAGE][PASSED] - Text 'C' is set on object 'Object Repository/RecAndPlayBk/Page-Vlink-ACH-Void/input_Check Type'

2023-01-19 19:41:41 - [TEST_STEP][PASSED] - setText(findTestObject("Object Repository/RecAndPlayBk/Page-Vlink-ACH-Void/input_Standard Entry Class"), sec): Text 'CCD' is set on object 'Object Repository/RecAndPlayBk/Page-Vlink-ACH-Void/input_Standard Entry Class'

2023-01-19 19:41:42 - [MESSAGE][PASSED] - Text 'CCD' is set on object 'Object Repository/RecAndPlayBk/Page-Vlink-ACH-Void/input_Standard Entry Class'

2023-01-19 19:41:42 - [TEST_STEP][PASSED] - setText(findTestObject("Object Repository/RecAndPlayBk/Page-Vlink-ACH-Void/input_Transaction ID"), VLinkSaleTranxID): Text '2916723' is set on object 'Object Repository/RecAndPlayBk/Page-Vlink-ACH-Void/input_Transaction ID'

2023-01-19 19:41:43 - [MESSAGE][PASSED] - Text '2916723' is set on object 'Object Repository/RecAndPlayBk/Page-Vlink-ACH-Void/input_Transaction ID'

2023-01-19 19:41:43 - [TEST_STEP][PASSED] - setText(findTestObject("Object Repository/RecAndPlayBk/Page-Vlink-ACH-Void/input_Original Transaction Type"), "200"): Text '200' is set on object 'Object Repository/RecAndPlayBk/Page-Vlink-ACH-Void/input_Original Transaction Type'

2023-01-19 19:41:44 - [MESSAGE][PASSED] - Text '200' is set on object 'Object Repository/RecAndPlayBk/Page-Vlink-ACH-Void/input_Original Transaction Type'

2023-01-19 19:41:44 - [TEST_STEP][PASSED] - click(findTestObject("Object Repository/RecAndPlayBk/Page-Vlink-ACH-Void/input")): Object: 'Object Repository/RecAndPlayBk/Page-Vlink-ACH-Void/input' is clicked on

2023-01-19 19:41:45 - [MESSAGE][PASSED] - Object: 'Object Repository/RecAndPlayBk/Page-Vlink-ACH-Void/input' is clicked on

2023-01-19 19:41:45 - [TEST_STEP][PASSED] - if (verifyTextPresent("Transaction approved, no errors", true)): null

2023-01-19 19:41:46 - [MESSAGE][PASSED] - Text 'Transaction approved, no errors' is present on page  using regular expression

2023-01-19 19:41:46 - [TEST_STEP][PASSED] - println("Transaction Approved, no errors text is present on the Confirmation page"): null

2023-01-19 19:41:46 - [TEST_STEP][PASSED] - out.println("Pass Record Number: " + row): null

2023-01-19 19:41:46 - [TEST_STEP][PASSED] - resText = "Pass": null

2023-01-19 19:41:46 - [TEST_STEP][PASSED] - pages.WriteExcel.demoKey(resText, datText, resColumn, datCloumn, fileLoc, nameSheet, row): pages.WriteExcel.demoKey is PASSED

2023-01-19 19:41:46 - [MESSAGE][PASSED] - pages.WriteExcel.demoKey is PASSED]]></system-out>
         <system-err><![CDATA[]]></system-err>
      </testcase>
      <system-out><![CDATA[2023-01-19 19:16:29 - [TEST_SUITE][FAILED] - QA_Smoke_Test: Test Cases/RecAndPlayBk/VLink/Debit-Credit FAILED.
Reason:
com.kms.katalon.core.exception.StepFailedException: Text 'Transaction approved, no errors' is not present on page  using regular expression (Root cause: com.kms.katalon.core.exception.StepFailedException: Text 'Transaction approved, no errors' is not present on page  using regular expression
	at com.kms.katalon.core.webui.keyword.internal.WebUIKeywordMain.stepFailed(WebUIKeywordMain.groovy:64)
	at com.kms.katalon.core.webui.keyword.builtin.VerifyTextPresentKeyword$_verifyTextPresent_closure1.doCall(VerifyTextPresentKeyword.groovy:79)
	at com.kms.katalon.core.webui.keyword.builtin.VerifyTextPresentKeyword$_verifyTextPresent_closure1.call(VerifyTextPresentKeyword.groovy)
	at com.kms.katalon.core.webui.keyword.internal.WebUIKeywordMain.runKeyword(WebUIKeywordMain.groovy:20)
	at com.kms.katalon.core.webui.keyword.builtin.VerifyTextPresentKeyword.verifyTextPresent(VerifyTextPresentKeyword.groovy:83)
	at com.kms.katalon.core.webui.keyword.builtin.VerifyTextPresentKeyword.execute(VerifyTextPresentKeyword.groovy:68)
	at com.kms.katalon.core.keyword.internal.KeywordExecutor.executeKeywordForPlatform(KeywordExecutor.groovy:74)
	at com.kms.katalon.core.webui.keyword.WebUiBuiltInKeywords.verifyTextPresent(WebUiBuiltInKeywords.groovy:1723)
	at com.kms.katalon.core.webui.keyword.WebUiBuiltInKeywords$verifyTextPresent$3.call(Unknown Source)
	at Debit-Credit.run(Debit-Credit:145)
	at com.kms.katalon.core.main.ScriptEngine.run(ScriptEngine.java:194)
	at com.kms.katalon.core.main.ScriptEngine.runScriptAsRawText(ScriptEngine.java:119)
	at com.kms.katalon.core.main.TestCaseExecutor.runScript(TestCaseExecutor.java:442)
	at com.kms.katalon.core.main.TestCaseExecutor.doExecute(TestCaseExecutor.java:433)
	at com.kms.katalon.core.main.TestCaseExecutor.processExecutionPhase(TestCaseExecutor.java:412)
	at com.kms.katalon.core.main.TestCaseExecutor.accessMainPhase(TestCaseExecutor.java:404)
	at com.kms.katalon.core.main.TestCaseExecutor.execute(TestCaseExecutor.java:281)
	at com.kms.katalon.core.main.TestSuiteExecutor.accessTestCaseMainPhase(TestSuiteExecutor.java:202)
	at com.kms.katalon.core.main.TestSuiteExecutor.accessTestSuiteMainPhase(TestSuiteExecutor.java:164)
	at com.kms.katalon.core.main.TestSuiteExecutor.execute(TestSuiteExecutor.java:105)
	at com.kms.katalon.core.main.TestCaseMain.startTestSuite(TestCaseMain.java:185)
	at com.kms.katalon.core.main.TestCaseMain$startTestSuite$0.call(Unknown Source)
	at TempTestSuite1674173784562.run(TempTestSuite1674173784562.groovy:36)
)
	at com.kms.katalon.core.keyword.internal.KeywordMain.stepFailed(KeywordMain.groovy:39)
	at com.kms.katalon.core.webui.keyword.internal.WebUIKeywordMain.stepFailed(WebUIKeywordMain.groovy:64)
	at com.kms.katalon.core.webui.keyword.builtin.VerifyTextPresentKeyword$_verifyTextPresent_closure1.doCall(VerifyTextPresentKeyword.groovy:79)
	at com.kms.katalon.core.webui.keyword.builtin.VerifyTextPresentKeyword$_verifyTextPresent_closure1.call(VerifyTextPresentKeyword.groovy)
	at com.kms.katalon.core.webui.keyword.internal.WebUIKeywordMain.runKeyword(WebUIKeywordMain.groovy:20)
	at com.kms.katalon.core.webui.keyword.builtin.VerifyTextPresentKeyword.verifyTextPresent(VerifyTextPresentKeyword.groovy:83)
	at com.kms.katalon.core.webui.keyword.builtin.VerifyTextPresentKeyword.execute(VerifyTextPresentKeyword.groovy:68)
	at com.kms.katalon.core.keyword.internal.KeywordExecutor.executeKeywordForPlatform(KeywordExecutor.groovy:74)
	at com.kms.katalon.core.webui.keyword.WebUiBuiltInKeywords.verifyTextPresent(WebUiBuiltInKeywords.groovy:1723)
	at com.kms.katalon.core.webui.keyword.WebUiBuiltInKeywords$verifyTextPresent$3.call(Unknown Source)
	at Debit-Credit.run(Debit-Credit:145)
	at com.kms.katalon.core.main.ScriptEngine.run(ScriptEngine.java:194)
	at com.kms.katalon.core.main.ScriptEngine.runScriptAsRawText(ScriptEngine.java:119)
	at com.kms.katalon.core.main.TestCaseExecutor.runScript(TestCaseExecutor.java:442)
	at com.kms.katalon.core.main.TestCaseExecutor.doExecute(TestCaseExecutor.java:433)
	at com.kms.katalon.core.main.TestCaseExecutor.processExecutionPhase(TestCaseExecutor.java:412)
	at com.kms.katalon.core.main.TestCaseExecutor.accessMainPhase(TestCaseExecutor.java:404)
	at com.kms.katalon.core.main.TestCaseExecutor.execute(TestCaseExecutor.java:281)
	at com.kms.katalon.core.main.TestSuiteExecutor.accessTestCaseMainPhase(TestSuiteExecutor.java:202)
	at com.kms.katalon.core.main.TestSuiteExecutor.accessTestSuiteMainPhase(TestSuiteExecutor.java:164)
	at com.kms.katalon.core.main.TestSuiteExecutor.execute(TestSuiteExecutor.java:105)
	at com.kms.katalon.core.main.TestCaseMain.startTestSuite(TestCaseMain.java:185)
	at com.kms.katalon.core.main.TestCaseMain$startTestSuite$0.call(Unknown Source)
	at TempTestSuite1674173784562.run(TempTestSuite1674173784562.groovy:36)
Caused by: com.kms.katalon.core.exception.StepFailedException: Text 'Transaction approved, no errors' is not present on page  using regular expression
	... 23 more]]></system-out>
      <system-err><![CDATA[2023-01-19 19:16:29 - [TEST_SUITE][FAILED] - QA_Smoke_Test: Test Cases/RecAndPlayBk/VLink/Debit-Credit FAILED.
Reason:
com.kms.katalon.core.exception.StepFailedException: Text 'Transaction approved, no errors' is not present on page  using regular expression (Root cause: com.kms.katalon.core.exception.StepFailedException: Text 'Transaction approved, no errors' is not present on page  using regular expression
	at com.kms.katalon.core.webui.keyword.internal.WebUIKeywordMain.stepFailed(WebUIKeywordMain.groovy:64)
	at com.kms.katalon.core.webui.keyword.builtin.VerifyTextPresentKeyword$_verifyTextPresent_closure1.doCall(VerifyTextPresentKeyword.groovy:79)
	at com.kms.katalon.core.webui.keyword.builtin.VerifyTextPresentKeyword$_verifyTextPresent_closure1.call(VerifyTextPresentKeyword.groovy)
	at com.kms.katalon.core.webui.keyword.internal.WebUIKeywordMain.runKeyword(WebUIKeywordMain.groovy:20)
	at com.kms.katalon.core.webui.keyword.builtin.VerifyTextPresentKeyword.verifyTextPresent(VerifyTextPresentKeyword.groovy:83)
	at com.kms.katalon.core.webui.keyword.builtin.VerifyTextPresentKeyword.execute(VerifyTextPresentKeyword.groovy:68)
	at com.kms.katalon.core.keyword.internal.KeywordExecutor.executeKeywordForPlatform(KeywordExecutor.groovy:74)
	at com.kms.katalon.core.webui.keyword.WebUiBuiltInKeywords.verifyTextPresent(WebUiBuiltInKeywords.groovy:1723)
	at com.kms.katalon.core.webui.keyword.WebUiBuiltInKeywords$verifyTextPresent$3.call(Unknown Source)
	at Debit-Credit.run(Debit-Credit:145)
	at com.kms.katalon.core.main.ScriptEngine.run(ScriptEngine.java:194)
	at com.kms.katalon.core.main.ScriptEngine.runScriptAsRawText(ScriptEngine.java:119)
	at com.kms.katalon.core.main.TestCaseExecutor.runScript(TestCaseExecutor.java:442)
	at com.kms.katalon.core.main.TestCaseExecutor.doExecute(TestCaseExecutor.java:433)
	at com.kms.katalon.core.main.TestCaseExecutor.processExecutionPhase(TestCaseExecutor.java:412)
	at com.kms.katalon.core.main.TestCaseExecutor.accessMainPhase(TestCaseExecutor.java:404)
	at com.kms.katalon.core.main.TestCaseExecutor.execute(TestCaseExecutor.java:281)
	at com.kms.katalon.core.main.TestSuiteExecutor.accessTestCaseMainPhase(TestSuiteExecutor.java:202)
	at com.kms.katalon.core.main.TestSuiteExecutor.accessTestSuiteMainPhase(TestSuiteExecutor.java:164)
	at com.kms.katalon.core.main.TestSuiteExecutor.execute(TestSuiteExecutor.java:105)
	at com.kms.katalon.core.main.TestCaseMain.startTestSuite(TestCaseMain.java:185)
	at com.kms.katalon.core.main.TestCaseMain$startTestSuite$0.call(Unknown Source)
	at TempTestSuite1674173784562.run(TempTestSuite1674173784562.groovy:36)
)
	at com.kms.katalon.core.keyword.internal.KeywordMain.stepFailed(KeywordMain.groovy:39)
	at com.kms.katalon.core.webui.keyword.internal.WebUIKeywordMain.stepFailed(WebUIKeywordMain.groovy:64)
	at com.kms.katalon.core.webui.keyword.builtin.VerifyTextPresentKeyword$_verifyTextPresent_closure1.doCall(VerifyTextPresentKeyword.groovy:79)
	at com.kms.katalon.core.webui.keyword.builtin.VerifyTextPresentKeyword$_verifyTextPresent_closure1.call(VerifyTextPresentKeyword.groovy)
	at com.kms.katalon.core.webui.keyword.internal.WebUIKeywordMain.runKeyword(WebUIKeywordMain.groovy:20)
	at com.kms.katalon.core.webui.keyword.builtin.VerifyTextPresentKeyword.verifyTextPresent(VerifyTextPresentKeyword.groovy:83)
	at com.kms.katalon.core.webui.keyword.builtin.VerifyTextPresentKeyword.execute(VerifyTextPresentKeyword.groovy:68)
	at com.kms.katalon.core.keyword.internal.KeywordExecutor.executeKeywordForPlatform(KeywordExecutor.groovy:74)
	at com.kms.katalon.core.webui.keyword.WebUiBuiltInKeywords.verifyTextPresent(WebUiBuiltInKeywords.groovy:1723)
	at com.kms.katalon.core.webui.keyword.WebUiBuiltInKeywords$verifyTextPresent$3.call(Unknown Source)
	at Debit-Credit.run(Debit-Credit:145)
	at com.kms.katalon.core.main.ScriptEngine.run(ScriptEngine.java:194)
	at com.kms.katalon.core.main.ScriptEngine.runScriptAsRawText(ScriptEngine.java:119)
	at com.kms.katalon.core.main.TestCaseExecutor.runScript(TestCaseExecutor.java:442)
	at com.kms.katalon.core.main.TestCaseExecutor.doExecute(TestCaseExecutor.java:433)
	at com.kms.katalon.core.main.TestCaseExecutor.processExecutionPhase(TestCaseExecutor.java:412)
	at com.kms.katalon.core.main.TestCaseExecutor.accessMainPhase(TestCaseExecutor.java:404)
	at com.kms.katalon.core.main.TestCaseExecutor.execute(TestCaseExecutor.java:281)
	at com.kms.katalon.core.main.TestSuiteExecutor.accessTestCaseMainPhase(TestSuiteExecutor.java:202)
	at com.kms.katalon.core.main.TestSuiteExecutor.accessTestSuiteMainPhase(TestSuiteExecutor.java:164)
	at com.kms.katalon.core.main.TestSuiteExecutor.execute(TestSuiteExecutor.java:105)
	at com.kms.katalon.core.main.TestCaseMain.startTestSuite(TestCaseMain.java:185)
	at com.kms.katalon.core.main.TestCaseMain$startTestSuite$0.call(Unknown Source)
	at TempTestSuite1674173784562.run(TempTestSuite1674173784562.groovy:36)
Caused by: com.kms.katalon.core.exception.StepFailedException: Text 'Transaction approved, no errors' is not present on page  using regular expression
	... 23 more]]></system-err>
   </testsuite>
</testsuites>
