<?xml version="1.0" encoding="UTF-8"?>
<testsuites name="QA_IWP2.3_Regression" time="2220.147" tests="57" failures="3" errors="19">
   <testsuite name="QA_IWP2.3_Regression" tests="57" failures="3" errors="19" time="2220.147" skipped="0" timestamp="2023-12-16 21:00:47" hostname="imtiaz - DESKTOP-B2QI6NS.govolution.com" id="Test Suites/QA/IWP2.3/QA_IWP2.3_Regression">
      <properties>
         <property name="deviceName" value=""/>
         <property name="devicePlatform" value=""/>
         <property name="logFolder" value="E:\\Cloned-Project-Katalon\\VPS-Katalon\\Reports\\20231216_210040\\QA\\IWP2.3\\QA_IWP2.3_Regression\\20231216_210040"/>
         <property name="logFiles" value="E:\\Cloned-Project-Katalon\\VPS-Katalon\\Reports\\20231216_210040\\QA\\IWP2.3\\QA_IWP2.3_Regression\\20231216_210040\\execution0.log, E:\\Cloned-Project-Katalon\\VPS-Katalon\\Reports\\20231216_210040\\QA\\IWP2.3\\QA_IWP2.3_Regression\\20231216_210040\\execution1.log"/>
         <property name="attachments" value=""/>
         <property name="hostName" value="imtiaz - DESKTOP-B2QI6NS.govolution.com"/>
         <property name="os" value="Windows 10 64bit"/>
         <property name="katalonVersion" value="8.6.6.208"/>
         <property name="browser" value="Chrome 120.0.0.0"/>
         <property name="hostAddress" value="172.31.253.139"/>
         <property name="sessionId" value="408a71c158f7ac142b561bbfb730d417"/>
         <property name="seleniumVersion" value="3.141.59"/>
         <property name="proxyInformation" value="ProxyInformation { proxyOption=NO_PROXY, proxyServerType=HTTP, username=, password=********, proxyServerAddress=, proxyServerPort=0, executionList=&quot;&quot;, isApplyToDesiredCapabilities=true }"/>
         <property name="platform" value="Windows 10"/>
      </properties>
      <testcase name="Test Cases/IntegratedWeb/IWP23-SelIDE/AmountInThousands1CC" time="28.859" classname="Test Cases/IntegratedWeb/IWP23-SelIDE/AmountInThousands1CC" status="PASSED">
         <system-out><![CDATA[2023-12-16 21:00:48 - [TEST_CASE][PASSED] - Test Cases/IntegratedWeb/IWP23-SelIDE/AmountInThousands1CC: Test Cases/IntegratedWeb/IWP23-SelIDE/AmountInThousands1CC

2023-12-16 21:00:48 - [TEST_STEP][PASSED] - softAssertion = new org.testng.asserts.SoftAssert(): null

2023-12-16 21:00:48 - [TEST_STEP][PASSED] - openBrowser("https://www.google.com/"): Browser is opened with url: 'https://www.google.com/'

2023-12-16 21:00:49 - [MESSAGE][INFO] - Starting 'Chrome' driver

2023-12-16 21:00:49 - [MESSAGE][INFO] - User set preference: ['acceptInsecureCerts', 'true']

2023-12-16 21:00:49 - [MESSAGE][INFO] - Action delay is set to 0 milliseconds

2023-12-16 21:00:54 - [MESSAGE][PASSED] - Browser is opened with url: 'https://www.google.com/'

2023-12-16 21:00:54 - [TEST_STEP][PASSED] - driver = getWebDriver(): null

2023-12-16 21:00:54 - [TEST_STEP][PASSED] - baseUrl = "https://www.google.com/": null

2023-12-16 21:00:54 - [TEST_STEP][PASSED] - selenium = new com.thoughtworks.selenium.webdriven.WebDriverBackedSelenium(driver, baseUrl): null

2023-12-16 21:00:54 - [TEST_STEP][PASSED] - emulatorURL = urlEmulator: null

2023-12-16 21:00:54 - [TEST_STEP][PASSED] - selenium.open(emulatorURL): null

2023-12-16 21:00:55 - [TEST_STEP][PASSED] - selenium.select("name=message_version", "label=2.3"): null

2023-12-16 21:00:55 - [TEST_STEP][PASSED] - selenium.waitForPageToLoad("30000"): null

2023-12-16 21:00:56 - [TEST_STEP][PASSED] - selenium.type("name=amount", 00".toString()): null

2023-12-16 21:00:56 - [TEST_STEP][PASSED] - selenium.type("name=client_account_number", "CAN12345"): null

2023-12-16 21:00:56 - [TEST_STEP][PASSED] - selenium.type("name=action_type", "PayNow"): null

2023-12-16 21:00:56 - [TEST_STEP][PASSED] - selenium.type("name=language", "en_US"): null

2023-12-16 21:00:56 - [TEST_STEP][PASSED] - selenium.type("name=billing_firstname", "Mandy"): null

2023-12-16 21:00:56 - [TEST_STEP][PASSED] - selenium.type("name=billing_lastname", "Iguera"): null

2023-12-16 21:00:56 - [TEST_STEP][PASSED] - selenium.type("name=billing_address", "56 World Center Drive".toString()): null

2023-12-16 21:00:56 - [TEST_STEP][PASSED] - selenium.type("name=billing_address2", "Suite 600".toString()): null

2023-12-16 21:00:56 - [TEST_STEP][PASSED] - selenium.type("name=billing_country_id", "840"): null

2023-12-16 21:00:57 - [TEST_STEP][PASSED] - selenium.type("name=billing_city", "Orlando"): null

2023-12-16 21:00:57 - [TEST_STEP][PASSED] - selenium.type("name=billing_state", "NH"): null

2023-12-16 21:00:57 - [TEST_STEP][PASSED] - selenium.type("name=billing_zip", "03106"): null

2023-12-16 21:00:57 - [TEST_STEP][PASSED] - selenium.type("name=order_number", "PPPPOOOO"): null

2023-12-16 21:00:57 - [TEST_STEP][PASSED] - selenium.type("name=user_defined1", "udf1"): null

2023-12-16 21:00:57 - [TEST_STEP][PASSED] - selenium.type("name=user_defined2", "udf2"): null

2023-12-16 21:00:57 - [TEST_STEP][PASSED] - selenium.type("name=user_defined3", "udf3"): null

2023-12-16 21:00:57 - [TEST_STEP][PASSED] - selenium.type("name=user_defined4", "Orange Label".toString()): null

2023-12-16 21:00:57 - [TEST_STEP][PASSED] - selenium.type("name=user_defined5", "Soccer Label".toString()): null

2023-12-16 21:00:57 - [TEST_STEP][PASSED] - selenium.click("name=submit"): null

2023-12-16 21:00:57 - [TEST_STEP][PASSED] - selenium.waitForPageToLoad("30000"): null

2023-12-16 21:00:58 - [TEST_STEP][PASSED] - testHarnessURL = urlTestHarness: null

2023-12-16 21:00:58 - [TEST_STEP][PASSED] - selenium.open(testHarnessURL): null

2023-12-16 21:00:58 - [TEST_STEP][PASSED] - Thread.sleep(2000): null

2023-12-16 21:01:00 - [TEST_STEP][PASSED] - selenium.type("name=application_id", "653"): null

2023-12-16 21:01:00 - [TEST_STEP][PASSED] - selenium.type("name=message_version", 3".toString()): null

2023-12-16 21:01:01 - [TEST_STEP][PASSED] - genRemID = RandomStringUtils.random(12, true, true): null

2023-12-16 21:01:01 - [TEST_STEP][PASSED] - selenium.type("name=remittance_id", genRemID): null

2023-12-16 21:01:01 - [TEST_STEP][PASSED] - selenium.click("css=input.formSubmit"): null

2023-12-16 21:01:02 - [TEST_STEP][PASSED] - selenium.waitForPageToLoad("30000"): null

2023-12-16 21:01:02 - [TEST_STEP][PASSED] - selenium.selectWindow("null"): null

2023-12-16 21:01:02 - [TEST_STEP][PASSED] - selenium.click("name=paymentMethod"): null

2023-12-16 21:01:03 - [TEST_STEP][PASSED] - selenium.click("css=input[type="submit"]"): null

2023-12-16 21:01:04 - [TEST_STEP][PASSED] - selenium.waitForPageToLoad("30000"): null

2023-12-16 21:01:04 - [TEST_STEP][PASSED] - selenium.type("name=amount", 00".toString()): null

2023-12-16 21:01:04 - [TEST_STEP][PASSED] - selenium.type("id=cardNumber", "4111111111111111"): null

2023-12-16 21:01:04 - [TEST_STEP][PASSED] - selenium.select("name=cardExpMonth", "label=04"): null

2023-12-16 21:01:05 - [TEST_STEP][PASSED] - selenium.select("name=cardExpYear", "label=2028"): null

2023-12-16 21:01:05 - [TEST_STEP][PASSED] - selenium.type("name=emailAddress", com".toString()): null

2023-12-16 21:01:05 - [TEST_STEP][PASSED] - selenium.click("id=checkedAcceptCondition"): null

2023-12-16 21:01:05 - [TEST_STEP][PASSED] - selenium.click("name=ccSubmit"): null

2023-12-16 21:01:05 - [TEST_STEP][PASSED] - selenium.waitForPageToLoad("30000"): null

2023-12-16 21:01:06 - [TEST_STEP][PASSED] - verifyTextPresent("Please verify the following information:", true): Text 'Please verify the following information:' is present on page  using regular expression

2023-12-16 21:01:06 - [MESSAGE][PASSED] - Text 'Please verify the following information:' is present on page  using regular expression

2023-12-16 21:01:06 - [TEST_STEP][PASSED] - verifyTextPresent("Is this information correct", true): Text 'Is this information correct' is present on page  using regular expression

2023-12-16 21:01:07 - [MESSAGE][PASSED] - Text 'Is this information correct' is present on page  using regular expression

2023-12-16 21:01:07 - [TEST_STEP][PASSED] - verifyTextPresent("$3,500.00", false): Text '$3,500.00' is present on page 

2023-12-16 21:01:07 - [MESSAGE][PASSED] - Text '$3,500.00' is present on page 

2023-12-16 21:01:07 - [TEST_STEP][PASSED] - selenium.click("name=confirmNotifyAction"): null

2023-12-16 21:01:07 - [TEST_STEP][PASSED] - selenium.waitForPageToLoad("30000"): null

2023-12-16 21:01:08 - [TEST_STEP][PASSED] - Thread.sleep(8000): null

2023-12-16 21:01:16 - [TEST_STEP][PASSED] - verifyTextPresent("Successful Payment Receipt", true): Text 'Successful Payment Receipt' is present on page  using regular expression

2023-12-16 21:01:16 - [MESSAGE][PASSED] - Text 'Successful Payment Receipt' is present on page  using regular expression

2023-12-16 21:01:16 - [TEST_STEP][PASSED] - verifyTextPresent("$3,500.00", false): Text '$3,500.00' is present on page 

2023-12-16 21:01:17 - [MESSAGE][PASSED] - Text '$3,500.00' is present on page]]></system-out>
         <system-err><![CDATA[]]></system-err>
      </testcase>
      <testcase name="Test Cases/IntegratedWeb/IWP23-SelIDE/AmountInThousands1PC" time="26.393" classname="Test Cases/IntegratedWeb/IWP23-SelIDE/AmountInThousands1PC" status="PASSED">
         <system-out><![CDATA[2023-12-16 21:01:17 - [TEST_CASE][PASSED] - Test Cases/IntegratedWeb/IWP23-SelIDE/AmountInThousands1PC: Test Cases/IntegratedWeb/IWP23-SelIDE/AmountInThousands1PC

2023-12-16 21:01:17 - [TEST_STEP][PASSED] - softAssertion = new org.testng.asserts.SoftAssert(): null

2023-12-16 21:01:17 - [TEST_STEP][PASSED] - openBrowser("https://www.google.com/"): Browser is opened with url: 'https://www.google.com/'

2023-12-16 21:01:17 - [MESSAGE][WARNING] - A browser is already opened. Closing browser and opening a new one

2023-12-16 21:01:18 - [MESSAGE][INFO] - Starting 'Chrome' driver

2023-12-16 21:01:18 - [MESSAGE][INFO] - User set preference: ['acceptInsecureCerts', 'true']

2023-12-16 21:01:18 - [MESSAGE][INFO] - Action delay is set to 0 milliseconds

2023-12-16 21:01:21 - [MESSAGE][PASSED] - Browser is opened with url: 'https://www.google.com/'

2023-12-16 21:01:21 - [TEST_STEP][PASSED] - driver = getWebDriver(): null

2023-12-16 21:01:21 - [TEST_STEP][PASSED] - baseUrl = "https://www.google.com/": null

2023-12-16 21:01:21 - [TEST_STEP][PASSED] - selenium = new com.thoughtworks.selenium.webdriven.WebDriverBackedSelenium(driver, baseUrl): null

2023-12-16 21:01:21 - [TEST_STEP][PASSED] - emulatorURL = urlEmulator: null

2023-12-16 21:01:21 - [TEST_STEP][PASSED] - selenium.open(emulatorURL): null

2023-12-16 21:01:21 - [TEST_STEP][PASSED] - selenium.select("name=message_version", "label=2.3"): null

2023-12-16 21:01:22 - [TEST_STEP][PASSED] - selenium.waitForPageToLoad("30000"): null

2023-12-16 21:01:22 - [TEST_STEP][PASSED] - selenium.type("name=amount", 00".toString()): null

2023-12-16 21:01:22 - [TEST_STEP][PASSED] - selenium.type("name=client_account_number", "58478CAN"): null

2023-12-16 21:01:22 - [TEST_STEP][PASSED] - selenium.type("name=action_type", "PayNow"): null

2023-12-16 21:01:22 - [TEST_STEP][PASSED] - selenium.type("name=language", "en_US"): null

2023-12-16 21:01:22 - [TEST_STEP][PASSED] - selenium.type("name=billing_firstname", "Ajudo"): null

2023-12-16 21:01:23 - [TEST_STEP][PASSED] - selenium.type("name=billing_lastname", "Larenca"): null

2023-12-16 21:01:23 - [TEST_STEP][PASSED] - selenium.type("name=billing_address", "125 Main Road".toString()): null

2023-12-16 21:01:23 - [TEST_STEP][PASSED] - selenium.type("name=billing_address2", "Suite 600".toString()): null

2023-12-16 21:01:23 - [TEST_STEP][PASSED] - selenium.type("name=billing_country_id", "840"): null

2023-12-16 21:01:23 - [TEST_STEP][PASSED] - selenium.type("name=billing_city", "Manchester"): null

2023-12-16 21:01:23 - [TEST_STEP][PASSED] - selenium.type("name=billing_state", "NH"): null

2023-12-16 21:01:23 - [TEST_STEP][PASSED] - selenium.type("name=billing_zip", "03106"): null

2023-12-16 21:01:23 - [TEST_STEP][PASSED] - selenium.type("name=order_number", "258741"): null

2023-12-16 21:01:23 - [TEST_STEP][PASSED] - selenium.type("name=user_defined1", "udf1"): null

2023-12-16 21:01:23 - [TEST_STEP][PASSED] - selenium.type("name=user_defined2", "udf2"): null

2023-12-16 21:01:23 - [TEST_STEP][PASSED] - selenium.type("name=user_defined3", "udf3"): null

2023-12-16 21:01:23 - [TEST_STEP][PASSED] - selenium.type("name=user_defined4", "Orange Label".toString()): null

2023-12-16 21:01:23 - [TEST_STEP][PASSED] - selenium.type("name=user_defined5", "Soccer Label".toString()): null

2023-12-16 21:01:23 - [TEST_STEP][PASSED] - selenium.click("name=submit"): null

2023-12-16 21:01:24 - [TEST_STEP][PASSED] - selenium.waitForPageToLoad("30000"): null

2023-12-16 21:01:24 - [TEST_STEP][PASSED] - Thread.sleep(2000): null

2023-12-16 21:01:26 - [TEST_STEP][PASSED] - testHarnessURL = urlTestHarness: null

2023-12-16 21:01:26 - [TEST_STEP][PASSED] - selenium.open(testHarnessURL): null

2023-12-16 21:01:27 - [TEST_STEP][PASSED] - selenium.type("name=application_id", "653"): null

2023-12-16 21:01:27 - [TEST_STEP][PASSED] - selenium.type("name=message_version", 3".toString()): null

2023-12-16 21:01:27 - [TEST_STEP][PASSED] - genRemIDVoid = RandomStringUtils.random(12, true, true): null

2023-12-16 21:01:27 - [TEST_STEP][PASSED] - selenium.type("name=remittance_id", genRemIDVoid): null

2023-12-16 21:01:27 - [TEST_STEP][PASSED] - selenium.click("css=input.formSubmit"): null

2023-12-16 21:01:28 - [TEST_STEP][PASSED] - selenium.waitForPageToLoad("30000"): null

2023-12-16 21:01:28 - [TEST_STEP][PASSED] - selenium.click("xpath=(//input[@name='paymentMethod'])[2]"): null

2023-12-16 21:01:29 - [TEST_STEP][PASSED] - selenium.click("css=input[type="submit"]"): null

2023-12-16 21:01:30 - [TEST_STEP][PASSED] - selenium.waitForPageToLoad("30000"): null

2023-12-16 21:01:30 - [TEST_STEP][PASSED] - selenium.type("name=amount", 00".toString()): null

2023-12-16 21:01:30 - [TEST_STEP][PASSED] - selenium.type("name=billingFirstname", "Mike"): null

2023-12-16 21:01:30 - [TEST_STEP][PASSED] - selenium.type("name=billingLastname", "Chingiti"): null

2023-12-16 21:01:30 - [TEST_STEP][PASSED] - selenium.type("id=routingNumber", "256072691"): null

2023-12-16 21:01:31 - [TEST_STEP][PASSED] - selenium.type("id=accountNumber", "11111111"): null

2023-12-16 21:01:31 - [TEST_STEP][PASSED] - selenium.type("id=confirmAccountNumber", "11111111"): null

2023-12-16 21:01:31 - [TEST_STEP][PASSED] - selenium.click("name=accountType"): null

2023-12-16 21:01:31 - [TEST_STEP][PASSED] - selenium.type("name=billingAddress", "104 main road".toString()): null

2023-12-16 21:01:31 - [TEST_STEP][PASSED] - selenium.type("name=billingAddress2", ""): null

2023-12-16 21:01:31 - [TEST_STEP][PASSED] - selenium.type("id=billing-zip-input", "22201"): null

2023-12-16 21:01:31 - [TEST_STEP][PASSED] - selenium.click("id=checkedAcceptCondition"): null

2023-12-16 21:01:31 - [TEST_STEP][PASSED] - selenium.click("name=achSubmit"): null

2023-12-16 21:01:32 - [TEST_STEP][PASSED] - selenium.waitForPageToLoad("30000"): null

2023-12-16 21:01:32 - [TEST_STEP][PASSED] - verifyTextPresent("Please verify the following information:", true): Text 'Please verify the following information:' is present on page  using regular expression

2023-12-16 21:01:32 - [MESSAGE][PASSED] - Text 'Please verify the following information:' is present on page  using regular expression

2023-12-16 21:01:32 - [TEST_STEP][PASSED] - verifyTextPresent("Is this information correct", true): Text 'Is this information correct' is present on page  using regular expression

2023-12-16 21:01:33 - [MESSAGE][PASSED] - Text 'Is this information correct' is present on page  using regular expression

2023-12-16 21:01:33 - [TEST_STEP][PASSED] - verifyTextPresent("$3,500.00", false): Text '$3,500.00' is present on page 

2023-12-16 21:01:33 - [MESSAGE][PASSED] - Text '$3,500.00' is present on page 

2023-12-16 21:01:33 - [TEST_STEP][PASSED] - selenium.click("name=confirmNotifyAction"): null

2023-12-16 21:01:34 - [TEST_STEP][PASSED] - selenium.waitForPageToLoad("30000"): null

2023-12-16 21:01:34 - [TEST_STEP][PASSED] - Thread.sleep(8000): null

2023-12-16 21:01:42 - [TEST_STEP][PASSED] - verifyTextPresent("Successful Payment Receipt", true): Text 'Successful Payment Receipt' is present on page  using regular expression

2023-12-16 21:01:43 - [MESSAGE][PASSED] - Text 'Successful Payment Receipt' is present on page  using regular expression

2023-12-16 21:01:43 - [TEST_STEP][PASSED] - verifyTextPresent("$3,500.00", false): Text '$3,500.00' is present on page 

2023-12-16 21:01:43 - [MESSAGE][PASSED] - Text '$3,500.00' is present on page 

2023-12-16 21:01:43 - [TEST_STEP][PASSED] - println("End Test: AmountInThousands1PC"): null]]></system-out>
         <system-err><![CDATA[]]></system-err>
      </testcase>
      <testcase name="Test Cases/IntegratedWeb/IWP23-SelIDE/AmountInThousands2CC" time="25.443" classname="Test Cases/IntegratedWeb/IWP23-SelIDE/AmountInThousands2CC" status="PASSED">
         <system-out><![CDATA[2023-12-16 21:01:43 - [TEST_CASE][PASSED] - Test Cases/IntegratedWeb/IWP23-SelIDE/AmountInThousands2CC: Test Cases/IntegratedWeb/IWP23-SelIDE/AmountInThousands2CC

2023-12-16 21:01:44 - [TEST_STEP][PASSED] - softAssertion = new org.testng.asserts.SoftAssert(): null

2023-12-16 21:01:44 - [TEST_STEP][PASSED] - openBrowser("https://www.google.com/"): Browser is opened with url: 'https://www.google.com/'

2023-12-16 21:01:44 - [MESSAGE][WARNING] - A browser is already opened. Closing browser and opening a new one

2023-12-16 21:01:45 - [MESSAGE][INFO] - Starting 'Chrome' driver

2023-12-16 21:01:45 - [MESSAGE][INFO] - User set preference: ['acceptInsecureCerts', 'true']

2023-12-16 21:01:45 - [MESSAGE][INFO] - Action delay is set to 0 milliseconds

2023-12-16 21:01:48 - [MESSAGE][PASSED] - Browser is opened with url: 'https://www.google.com/'

2023-12-16 21:01:48 - [TEST_STEP][PASSED] - driver = getWebDriver(): null

2023-12-16 21:01:48 - [TEST_STEP][PASSED] - baseUrl = "https://www.google.com/": null

2023-12-16 21:01:48 - [TEST_STEP][PASSED] - selenium = new com.thoughtworks.selenium.webdriven.WebDriverBackedSelenium(driver, baseUrl): null

2023-12-16 21:01:48 - [TEST_STEP][PASSED] - println("Begin Test: AmountInThousands2CC"): null

2023-12-16 21:01:48 - [TEST_STEP][PASSED] - emulatorURL = urlEmulator: null

2023-12-16 21:01:48 - [TEST_STEP][PASSED] - selenium.open(emulatorURL): null

2023-12-16 21:01:48 - [TEST_STEP][PASSED] - selenium.selectWindow("null"): null

2023-12-16 21:01:48 - [TEST_STEP][PASSED] - selenium.select("name=message_version", "label=2.3"): null

2023-12-16 21:01:48 - [TEST_STEP][PASSED] - selenium.waitForPageToLoad("30000"): null

2023-12-16 21:01:49 - [TEST_STEP][PASSED] - selenium.type("name=amount", 00".toString()): null

2023-12-16 21:01:49 - [TEST_STEP][PASSED] - selenium.type("name=client_account_number", "CAN12345"): null

2023-12-16 21:01:49 - [TEST_STEP][PASSED] - selenium.type("name=action_type", "PayNow"): null

2023-12-16 21:01:49 - [TEST_STEP][PASSED] - selenium.type("name=language", "en_US"): null

2023-12-16 21:01:49 - [TEST_STEP][PASSED] - selenium.type("name=billing_firstname", "Mandy"): null

2023-12-16 21:01:49 - [TEST_STEP][PASSED] - selenium.type("name=billing_lastname", "Iguera"): null

2023-12-16 21:01:49 - [TEST_STEP][PASSED] - selenium.type("name=billing_address", "56 World Center Drive".toString()): null

2023-12-16 21:01:49 - [TEST_STEP][PASSED] - selenium.type("name=billing_address2", "Suite 600".toString()): null

2023-12-16 21:01:49 - [TEST_STEP][PASSED] - selenium.type("name=billing_country_id", "840"): null

2023-12-16 21:01:49 - [TEST_STEP][PASSED] - selenium.type("name=billing_city", "Orlando"): null

2023-12-16 21:01:49 - [TEST_STEP][PASSED] - selenium.type("name=billing_state", "NH"): null

2023-12-16 21:01:49 - [TEST_STEP][PASSED] - selenium.type("name=billing_zip", "03106"): null

2023-12-16 21:01:49 - [TEST_STEP][PASSED] - selenium.type("name=order_number", "PPPPOOOO"): null

2023-12-16 21:01:50 - [TEST_STEP][PASSED] - selenium.type("name=user_defined1", "udf1"): null

2023-12-16 21:01:50 - [TEST_STEP][PASSED] - selenium.type("name=user_defined2", "udf2"): null

2023-12-16 21:01:50 - [TEST_STEP][PASSED] - selenium.type("name=user_defined3", "udf3"): null

2023-12-16 21:01:50 - [TEST_STEP][PASSED] - selenium.type("name=user_defined4", "Orange Label".toString()): null

2023-12-16 21:01:50 - [TEST_STEP][PASSED] - selenium.type("name=user_defined5", "Soccer Label".toString()): null

2023-12-16 21:01:50 - [TEST_STEP][PASSED] - selenium.click("name=submit"): null

2023-12-16 21:01:50 - [TEST_STEP][PASSED] - selenium.waitForPageToLoad("30000"): null

2023-12-16 21:01:51 - [TEST_STEP][PASSED] - testHarnessURL = urlTestHarness: null

2023-12-16 21:01:51 - [TEST_STEP][PASSED] - selenium.open(testHarnessURL): null

2023-12-16 21:01:51 - [TEST_STEP][PASSED] - Thread.sleep(2000): null

2023-12-16 21:01:53 - [TEST_STEP][PASSED] - selenium.type("name=application_id", "653"): null

2023-12-16 21:01:53 - [TEST_STEP][PASSED] - selenium.type("name=message_version", 3".toString()): null

2023-12-16 21:01:53 - [TEST_STEP][PASSED] - genRemIDVoid = RandomStringUtils.random(12, true, true): null

2023-12-16 21:01:53 - [TEST_STEP][PASSED] - selenium.type("name=remittance_id", genRemIDVoid): null

2023-12-16 21:01:53 - [TEST_STEP][PASSED] - selenium.click("css=input.formSubmit"): null

2023-12-16 21:01:54 - [TEST_STEP][PASSED] - selenium.waitForPageToLoad("30000"): null

2023-12-16 21:01:55 - [TEST_STEP][PASSED] - selenium.selectWindow("null"): null

2023-12-16 21:01:55 - [TEST_STEP][PASSED] - selenium.click("name=paymentMethod"): null

2023-12-16 21:01:55 - [TEST_STEP][PASSED] - selenium.click("css=input[type="submit"]"): null

2023-12-16 21:01:56 - [TEST_STEP][PASSED] - selenium.waitForPageToLoad("30000"): null

2023-12-16 21:01:56 - [TEST_STEP][PASSED] - selenium.type("name=amount", 00".toString()): null

2023-12-16 21:01:56 - [TEST_STEP][PASSED] - selenium.type("id=cardNumber", "4111111111111111"): null

2023-12-16 21:01:56 - [TEST_STEP][PASSED] - selenium.select("name=cardExpMonth", "label=04"): null

2023-12-16 21:01:57 - [TEST_STEP][PASSED] - selenium.select("name=cardExpYear", "label=2028"): null

2023-12-16 21:01:57 - [TEST_STEP][PASSED] - selenium.type("name=emailAddress", com".toString()): null

2023-12-16 21:01:57 - [TEST_STEP][PASSED] - selenium.click("id=checkedAcceptCondition"): null

2023-12-16 21:01:57 - [TEST_STEP][PASSED] - selenium.click("name=ccSubmit"): null

2023-12-16 21:01:57 - [TEST_STEP][PASSED] - selenium.waitForPageToLoad("30000"): null

2023-12-16 21:01:58 - [TEST_STEP][PASSED] - verifyTextPresent("Please verify the following information:", true): Text 'Please verify the following information:' is present on page  using regular expression

2023-12-16 21:01:58 - [MESSAGE][PASSED] - Text 'Please verify the following information:' is present on page  using regular expression

2023-12-16 21:01:58 - [TEST_STEP][PASSED] - verifyTextPresent("Is this information correct", true): Text 'Is this information correct' is present on page  using regular expression

2023-12-16 21:01:58 - [MESSAGE][PASSED] - Text 'Is this information correct' is present on page  using regular expression

2023-12-16 21:01:58 - [TEST_STEP][PASSED] - verifyTextPresent("$4,500.00", false): Text '$4,500.00' is present on page 

2023-12-16 21:01:59 - [MESSAGE][PASSED] - Text '$4,500.00' is present on page 

2023-12-16 21:01:59 - [TEST_STEP][PASSED] - selenium.click("name=confirmNotifyAction"): null

2023-12-16 21:01:59 - [TEST_STEP][PASSED] - selenium.waitForPageToLoad("30000"): null

2023-12-16 21:02:00 - [TEST_STEP][PASSED] - Thread.sleep(8000): null

2023-12-16 21:02:08 - [TEST_STEP][PASSED] - verifyTextPresent("Successful Payment Receipt", true): Text 'Successful Payment Receipt' is present on page  using regular expression

2023-12-16 21:02:08 - [MESSAGE][PASSED] - Text 'Successful Payment Receipt' is present on page  using regular expression

2023-12-16 21:02:08 - [TEST_STEP][PASSED] - verifyTextPresent("$4,500.00", false): Text '$4,500.00' is present on page 

2023-12-16 21:02:08 - [MESSAGE][PASSED] - Text '$4,500.00' is present on page 

2023-12-16 21:02:08 - [TEST_STEP][PASSED] - println("End Test: AmountInThousands2CC"): null]]></system-out>
         <system-err><![CDATA[]]></system-err>
      </testcase>
      <testcase name="Test Cases/IntegratedWeb/IWP23-SelIDE/AmountInThousands2PC" time="26.235" classname="Test Cases/IntegratedWeb/IWP23-SelIDE/AmountInThousands2PC" status="PASSED">
         <system-out><![CDATA[2023-12-16 21:02:08 - [TEST_CASE][PASSED] - Test Cases/IntegratedWeb/IWP23-SelIDE/AmountInThousands2PC: Test Cases/IntegratedWeb/IWP23-SelIDE/AmountInThousands2PC

2023-12-16 21:02:09 - [TEST_STEP][PASSED] - softAssertion = new org.testng.asserts.SoftAssert(): null

2023-12-16 21:02:09 - [TEST_STEP][PASSED] - openBrowser("https://www.google.com/"): Browser is opened with url: 'https://www.google.com/'

2023-12-16 21:02:09 - [MESSAGE][WARNING] - A browser is already opened. Closing browser and opening a new one

2023-12-16 21:02:10 - [MESSAGE][INFO] - Starting 'Chrome' driver

2023-12-16 21:02:10 - [MESSAGE][INFO] - User set preference: ['acceptInsecureCerts', 'true']

2023-12-16 21:02:10 - [MESSAGE][INFO] - Action delay is set to 0 milliseconds

2023-12-16 21:02:12 - [MESSAGE][PASSED] - Browser is opened with url: 'https://www.google.com/'

2023-12-16 21:02:12 - [TEST_STEP][PASSED] - driver = getWebDriver(): null

2023-12-16 21:02:12 - [TEST_STEP][PASSED] - baseUrl = "https://www.google.com/": null

2023-12-16 21:02:12 - [TEST_STEP][PASSED] - selenium = new com.thoughtworks.selenium.webdriven.WebDriverBackedSelenium(driver, baseUrl): null

2023-12-16 21:02:12 - [TEST_STEP][PASSED] - println("Begin Test: AmountInThousands2PC"): null

2023-12-16 21:02:12 - [TEST_STEP][PASSED] - emulatorURL = urlEmulator: null

2023-12-16 21:02:12 - [TEST_STEP][PASSED] - selenium.open(emulatorURL): null

2023-12-16 21:02:13 - [TEST_STEP][PASSED] - selenium.selectWindow("null"): null

2023-12-16 21:02:13 - [TEST_STEP][PASSED] - selenium.select("name=message_version", "label=2.3"): null

2023-12-16 21:02:14 - [TEST_STEP][PASSED] - selenium.waitForPageToLoad("30000"): null

2023-12-16 21:02:14 - [TEST_STEP][PASSED] - selenium.type("name=amount", 00".toString()): null

2023-12-16 21:02:14 - [TEST_STEP][PASSED] - selenium.type("name=client_account_number", "CAN12345"): null

2023-12-16 21:02:14 - [TEST_STEP][PASSED] - selenium.type("name=action_type", "PayNow"): null

2023-12-16 21:02:14 - [TEST_STEP][PASSED] - selenium.type("name=language", "en_US"): null

2023-12-16 21:02:14 - [TEST_STEP][PASSED] - selenium.type("name=billing_firstname", "Mandy"): null

2023-12-16 21:02:14 - [TEST_STEP][PASSED] - selenium.type("name=billing_lastname", "Iguera"): null

2023-12-16 21:02:15 - [TEST_STEP][PASSED] - selenium.type("name=billing_address", "56 World Center Drive".toString()): null

2023-12-16 21:02:15 - [TEST_STEP][PASSED] - selenium.type("name=billing_address2", "Suite 600".toString()): null

2023-12-16 21:02:15 - [TEST_STEP][PASSED] - selenium.type("name=billing_country_id", "840"): null

2023-12-16 21:02:15 - [TEST_STEP][PASSED] - selenium.type("name=billing_city", "Orlando"): null

2023-12-16 21:02:15 - [TEST_STEP][PASSED] - selenium.type("name=billing_state", "NH"): null

2023-12-16 21:02:15 - [TEST_STEP][PASSED] - selenium.type("name=billing_zip", "03106"): null

2023-12-16 21:02:15 - [TEST_STEP][PASSED] - selenium.type("name=order_number", "PPPPOOOO"): null

2023-12-16 21:02:15 - [TEST_STEP][PASSED] - selenium.type("name=user_defined1", "udf1"): null

2023-12-16 21:02:15 - [TEST_STEP][PASSED] - selenium.type("name=user_defined2", "udf2"): null

2023-12-16 21:02:15 - [TEST_STEP][PASSED] - selenium.type("name=user_defined3", "udf3"): null

2023-12-16 21:02:15 - [TEST_STEP][PASSED] - selenium.type("name=user_defined4", "Orange Label".toString()): null

2023-12-16 21:02:15 - [TEST_STEP][PASSED] - selenium.type("name=user_defined5", "Soccer Label".toString()): null

2023-12-16 21:02:15 - [TEST_STEP][PASSED] - selenium.click("name=submit"): null

2023-12-16 21:02:15 - [TEST_STEP][PASSED] - selenium.waitForPageToLoad("30000"): null

2023-12-16 21:02:16 - [TEST_STEP][PASSED] - Thread.sleep(2000): null

2023-12-16 21:02:18 - [TEST_STEP][PASSED] - testHarnessURL = urlTestHarness: null

2023-12-16 21:02:18 - [TEST_STEP][PASSED] - selenium.open(testHarnessURL): null

2023-12-16 21:02:18 - [TEST_STEP][PASSED] - selenium.type("name=application_id", "653"): null

2023-12-16 21:02:18 - [TEST_STEP][PASSED] - selenium.type("name=message_version", 3".toString()): null

2023-12-16 21:02:18 - [TEST_STEP][PASSED] - genRemIDVoid = RandomStringUtils.random(12, true, true): null

2023-12-16 21:02:18 - [TEST_STEP][PASSED] - selenium.type("name=remittance_id", genRemIDVoid): null

2023-12-16 21:02:18 - [TEST_STEP][PASSED] - selenium.click("css=input.formSubmit"): null

2023-12-16 21:02:19 - [TEST_STEP][PASSED] - selenium.waitForPageToLoad("30000"): null

2023-12-16 21:02:20 - [TEST_STEP][PASSED] - selenium.click("xpath=(//input[@name='paymentMethod'])[2]"): null

2023-12-16 21:02:20 - [TEST_STEP][PASSED] - selenium.click("css=input[type="submit"]"): null

2023-12-16 21:02:21 - [TEST_STEP][PASSED] - selenium.waitForPageToLoad("30000"): null

2023-12-16 21:02:22 - [TEST_STEP][PASSED] - selenium.type("name=amount", 00".toString()): null

2023-12-16 21:02:22 - [TEST_STEP][PASSED] - selenium.type("name=billingFirstname", "Mike"): null

2023-12-16 21:02:22 - [TEST_STEP][PASSED] - selenium.type("name=billingLastname", "Chingiti"): null

2023-12-16 21:02:22 - [TEST_STEP][PASSED] - selenium.type("id=routingNumber", "256072691"): null

2023-12-16 21:02:22 - [TEST_STEP][PASSED] - selenium.type("id=accountNumber", "11111111"): null

2023-12-16 21:02:22 - [TEST_STEP][PASSED] - selenium.type("id=confirmAccountNumber", "11111111"): null

2023-12-16 21:02:22 - [TEST_STEP][PASSED] - selenium.click("name=accountType"): null

2023-12-16 21:02:22 - [TEST_STEP][PASSED] - selenium.type("name=billingAddress", "104 main road".toString()): null

2023-12-16 21:02:22 - [TEST_STEP][PASSED] - selenium.type("name=billingAddress2", ""): null

2023-12-16 21:02:22 - [TEST_STEP][PASSED] - selenium.type("id=billing-zip-input", "22201"): null

2023-12-16 21:02:23 - [TEST_STEP][PASSED] - selenium.click("id=checkedAcceptCondition"): null

2023-12-16 21:02:23 - [TEST_STEP][PASSED] - selenium.click("name=achSubmit"): null

2023-12-16 21:02:23 - [TEST_STEP][PASSED] - selenium.waitForPageToLoad("30000"): null

2023-12-16 21:02:24 - [TEST_STEP][PASSED] - verifyTextPresent("Please verify the following information:", true): Text 'Please verify the following information:' is present on page  using regular expression

2023-12-16 21:02:24 - [MESSAGE][PASSED] - Text 'Please verify the following information:' is present on page  using regular expression

2023-12-16 21:02:24 - [TEST_STEP][PASSED] - verifyTextPresent("Is this information correct", true): Text 'Is this information correct' is present on page  using regular expression

2023-12-16 21:02:24 - [MESSAGE][PASSED] - Text 'Is this information correct' is present on page  using regular expression

2023-12-16 21:02:24 - [TEST_STEP][PASSED] - verifyTextPresent("$4,500.00", false): Text '$4,500.00' is present on page 

2023-12-16 21:02:25 - [MESSAGE][PASSED] - Text '$4,500.00' is present on page 

2023-12-16 21:02:25 - [TEST_STEP][PASSED] - selenium.click("name=confirmNotifyAction"): null

2023-12-16 21:02:25 - [TEST_STEP][PASSED] - selenium.waitForPageToLoad("30000"): null

2023-12-16 21:02:26 - [TEST_STEP][PASSED] - Thread.sleep(8000): null

2023-12-16 21:02:34 - [TEST_STEP][PASSED] - softAssertion.assertEquals("Successful Payment Receipt", selenium.getText("css=td > h2")): null

2023-12-16 21:02:34 - [TEST_STEP][PASSED] - softAssertion.assertEquals(Pattern.matches("selenium.getText("css=div.main_col")", "4,500.00.*"), true): null

2023-12-16 21:02:34 - [TEST_STEP][PASSED] - verifyTextPresent("Successful Payment Receipt", true): Text 'Successful Payment Receipt' is present on page  using regular expression

2023-12-16 21:02:34 - [MESSAGE][PASSED] - Text 'Successful Payment Receipt' is present on page  using regular expression

2023-12-16 21:02:34 - [TEST_STEP][PASSED] - verifyTextPresent("$4,500.00", false): Text '$4,500.00' is present on page 

2023-12-16 21:02:35 - [MESSAGE][PASSED] - Text '$4,500.00' is present on page 

2023-12-16 21:02:35 - [TEST_STEP][PASSED] - println("End Test: AmountInThousands2PC"): null]]></system-out>
         <system-err><![CDATA[]]></system-err>
      </testcase>
      <testcase name="Test Cases/IntegratedWeb/IWP23-SelIDE/AmpersandCC" time="46.98" classname="Test Cases/IntegratedWeb/IWP23-SelIDE/AmpersandCC" status="PASSED">
         <system-out><![CDATA[2023-12-16 21:02:35 - [TEST_CASE][PASSED] - Test Cases/IntegratedWeb/IWP23-SelIDE/AmpersandCC: Test Cases/IntegratedWeb/IWP23-SelIDE/AmpersandCC

2023-12-16 21:02:35 - [TEST_STEP][PASSED] - softAssertion = new org.testng.asserts.SoftAssert(): null

2023-12-16 21:02:35 - [TEST_STEP][PASSED] - openBrowser("https://www.google.com/"): Browser is opened with url: 'https://www.google.com/'

2023-12-16 21:02:35 - [MESSAGE][WARNING] - A browser is already opened. Closing browser and opening a new one

2023-12-16 21:02:36 - [MESSAGE][INFO] - Starting 'Chrome' driver

2023-12-16 21:02:36 - [MESSAGE][INFO] - User set preference: ['acceptInsecureCerts', 'true']

2023-12-16 21:02:36 - [MESSAGE][INFO] - Action delay is set to 0 milliseconds

2023-12-16 21:02:39 - [MESSAGE][PASSED] - Browser is opened with url: 'https://www.google.com/'

2023-12-16 21:02:39 - [TEST_STEP][PASSED] - driver = getWebDriver(): null

2023-12-16 21:02:39 - [TEST_STEP][PASSED] - baseUrl = "https://www.google.com/": null

2023-12-16 21:02:39 - [TEST_STEP][PASSED] - selenium = new com.thoughtworks.selenium.webdriven.WebDriverBackedSelenium(driver, baseUrl): null

2023-12-16 21:02:39 - [TEST_STEP][PASSED] - println("Begin Test: AmpersandCC"): null

2023-12-16 21:02:39 - [TEST_STEP][PASSED] - emulatorURL = urlEmulator: null

2023-12-16 21:02:39 - [TEST_STEP][PASSED] - selenium.open(emulatorURL): null

2023-12-16 21:02:40 - [TEST_STEP][PASSED] - selenium.selectWindow("null"): null

2023-12-16 21:02:40 - [TEST_STEP][PASSED] - selenium.select("name=message_version", "label=2.3"): null

2023-12-16 21:02:40 - [TEST_STEP][PASSED] - selenium.waitForPageToLoad("30000"): null

2023-12-16 21:02:40 - [TEST_STEP][PASSED] - selenium.type("name=amount", 00".toString()): null

2023-12-16 21:02:41 - [TEST_STEP][PASSED] - selenium.type("name=client_account_number", "CAN12345"): null

2023-12-16 21:02:41 - [TEST_STEP][PASSED] - selenium.type("name=action_type", "PayNow"): null

2023-12-16 21:02:41 - [TEST_STEP][PASSED] - selenium.type("name=language", "en_US"): null

2023-12-16 21:02:41 - [TEST_STEP][PASSED] - selenium.type("name=billing_firstname", "Mandy"): null

2023-12-16 21:02:41 - [TEST_STEP][PASSED] - selenium.type("name=billing_lastname", "Iguera"): null

2023-12-16 21:02:41 - [TEST_STEP][PASSED] - selenium.type("name=billing_address", "56 World Center Drive".toString()): null

2023-12-16 21:02:41 - [TEST_STEP][PASSED] - selenium.type("name=billing_address2", "Suite 600".toString()): null

2023-12-16 21:02:41 - [TEST_STEP][PASSED] - selenium.type("name=billing_country_id", "840"): null

2023-12-16 21:02:41 - [TEST_STEP][PASSED] - selenium.type("name=billing_city", "Orlando"): null

2023-12-16 21:02:41 - [TEST_STEP][PASSED] - selenium.type("name=billing_state", "NH"): null

2023-12-16 21:02:41 - [TEST_STEP][PASSED] - selenium.type("name=billing_zip", "03106"): null

2023-12-16 21:02:41 - [TEST_STEP][PASSED] - selenium.type("name=order_number", "PPPPOOOO"): null

2023-12-16 21:02:41 - [TEST_STEP][PASSED] - selenium.type("name=user_defined1", "udf1"): null

2023-12-16 21:02:41 - [TEST_STEP][PASSED] - selenium.type("name=user_defined2", "udf2"): null

2023-12-16 21:02:41 - [TEST_STEP][PASSED] - selenium.type("name=user_defined3", "udf3"): null

2023-12-16 21:02:41 - [TEST_STEP][PASSED] - selenium.type("name=user_defined4", "Orange Label".toString()): null

2023-12-16 21:02:41 - [TEST_STEP][PASSED] - selenium.type("name=user_defined5", "Soccer Label".toString()): null

2023-12-16 21:02:41 - [TEST_STEP][PASSED] - selenium.click("name=submit"): null

2023-12-16 21:02:42 - [TEST_STEP][PASSED] - selenium.waitForPageToLoad("30000"): null

2023-12-16 21:02:42 - [TEST_STEP][PASSED] - testHarnessURL = urlTestHarness: null

2023-12-16 21:02:42 - [TEST_STEP][PASSED] - selenium.open(testHarnessURL): null

2023-12-16 21:02:43 - [TEST_STEP][PASSED] - Thread.sleep(20000): null

2023-12-16 21:03:03 - [TEST_STEP][PASSED] - selenium.type("name=application_id", "635"): null

2023-12-16 21:03:03 - [TEST_STEP][PASSED] - selenium.type("name=message_version", 3".toString()): null

2023-12-16 21:03:03 - [TEST_STEP][PASSED] - genRemIDVoid = RandomStringUtils.random(12, true, true): null

2023-12-16 21:03:03 - [TEST_STEP][PASSED] - selenium.type("name=remittance_id", genRemIDVoid): null

2023-12-16 21:03:03 - [TEST_STEP][PASSED] - selenium.click("css=input.formSubmit"): null

2023-12-16 21:03:04 - [TEST_STEP][PASSED] - selenium.waitForPageToLoad("30000"): null

2023-12-16 21:03:04 - [TEST_STEP][PASSED] - selenium.selectWindow("null"): null

2023-12-16 21:03:04 - [TEST_STEP][PASSED] - selenium.click("name=paymentMethod"): null

2023-12-16 21:03:04 - [TEST_STEP][PASSED] - selenium.click("css=input[type="submit"]"): null

2023-12-16 21:03:05 - [TEST_STEP][PASSED] - selenium.waitForPageToLoad("30000"): null

2023-12-16 21:03:06 - [TEST_STEP][PASSED] - selenium.type("id=cardNumber", "4111111111111111"): null

2023-12-16 21:03:06 - [TEST_STEP][PASSED] - selenium.type("id=spc", "123"): null

2023-12-16 21:03:06 - [TEST_STEP][PASSED] - selenium.select("name=cardExpMonth", "label=04"): null

2023-12-16 21:03:06 - [TEST_STEP][PASSED] - selenium.select("name=cardExpYear", "label=2028"): null

2023-12-16 21:03:06 - [TEST_STEP][PASSED] - selenium.type("name=billingName", "CardName & Son Mai Johnson & Son Mai Johnson & S".toString()): null

2023-12-16 21:03:06 - [TEST_STEP][PASSED] - selenium.type("name=billingAddress", "AddLine1 & Son Mai Johnson & Son Mai Johnson & S".toString()): null

2023-12-16 21:03:06 - [TEST_STEP][PASSED] - selenium.type("name=billingAddress2", "AddLine2 & Son Mai Johnson & Son Mai Johnson & S".toString()): null

2023-12-16 21:03:06 - [TEST_STEP][PASSED] - selenium.type("name=emailAddress", com".toString()): null

2023-12-16 21:03:06 - [TEST_STEP][PASSED] - selenium.click("id=checkedAcceptCondition"): null

2023-12-16 21:03:06 - [TEST_STEP][PASSED] - selenium.click("name=ccSubmit"): null

2023-12-16 21:03:07 - [TEST_STEP][PASSED] - selenium.waitForPageToLoad("30000"): null

2023-12-16 21:03:08 - [TEST_STEP][PASSED] - verifyTextPresent("Please verify the following information:", true): Text 'Please verify the following information:' is present on page  using regular expression

2023-12-16 21:03:08 - [MESSAGE][PASSED] - Text 'Please verify the following information:' is present on page  using regular expression

2023-12-16 21:03:08 - [TEST_STEP][PASSED] - verifyTextPresent("CardName & Son Mai Johnson & Son Mai Johnson & S", true): Text 'CardName & Son Mai Johnson & Son Mai Johnson & S' is present on page  using regular expression

2023-12-16 21:03:08 - [MESSAGE][PASSED] - Text 'CardName & Son Mai Johnson & Son Mai Johnson & S' is present on page  using regular expression

2023-12-16 21:03:08 - [TEST_STEP][PASSED] - verifyTextPresent("AddLine1 & Son Mai Johnson & Son Mai Johnson & S", true): Text 'AddLine1 & Son Mai Johnson & Son Mai Johnson & S' is present on page  using regular expression

2023-12-16 21:03:09 - [MESSAGE][PASSED] - Text 'AddLine1 & Son Mai Johnson & Son Mai Johnson & S' is present on page  using regular expression

2023-12-16 21:03:09 - [TEST_STEP][PASSED] - verifyTextPresent("AddLine2 & Son Mai Johnson & Son Mai Johnson & S", true): Text 'AddLine2 & Son Mai Johnson & Son Mai Johnson & S' is present on page  using regular expression

2023-12-16 21:03:09 - [MESSAGE][PASSED] - Text 'AddLine2 & Son Mai Johnson & Son Mai Johnson & S' is present on page  using regular expression

2023-12-16 21:03:09 - [TEST_STEP][PASSED] - verifyTextPresent("Is this information correct", true): Text 'Is this information correct' is present on page  using regular expression

2023-12-16 21:03:09 - [MESSAGE][PASSED] - Text 'Is this information correct' is present on page  using regular expression

2023-12-16 21:03:09 - [TEST_STEP][PASSED] - selenium.click("name=confirmNotifyAction"): null

2023-12-16 21:03:10 - [TEST_STEP][PASSED] - selenium.waitForPageToLoad("30000"): null

2023-12-16 21:03:10 - [TEST_STEP][PASSED] - Thread.sleep(8000): null

2023-12-16 21:03:18 - [TEST_STEP][PASSED] - verifyTextPresent("Successful Payment Receipt", true): Text 'Successful Payment Receipt' is present on page  using regular expression

2023-12-16 21:03:18 - [MESSAGE][PASSED] - Text 'Successful Payment Receipt' is present on page  using regular expression

2023-12-16 21:03:18 - [TEST_STEP][PASSED] - verifyTextPresent("Please print this receipt for your records", true): Text 'Please print this receipt for your records' is present on page  using regular expression

2023-12-16 21:03:19 - [MESSAGE][PASSED] - Text 'Please print this receipt for your records' is present on page  using regular expression

2023-12-16 21:03:19 - [TEST_STEP][PASSED] - verifyTextPresent("$10.00", false): Text '$10.00' is present on page 

2023-12-16 21:03:19 - [MESSAGE][PASSED] - Text '$10.00' is present on page 

2023-12-16 21:03:19 - [TEST_STEP][PASSED] - verifyTextPresent("Authorization and Capture", true): Text 'Authorization and Capture' is present on page  using regular expression

2023-12-16 21:03:19 - [MESSAGE][PASSED] - Text 'Authorization and Capture' is present on page  using regular expression

2023-12-16 21:03:19 - [TEST_STEP][PASSED] - verifyTextPresent("CARDNAME & SON MAI JOHNSON & SON MAI JOHNSON & S", true): Text 'CARDNAME & SON MAI JOHNSON & SON MAI JOHNSON & S' is present on page  using regular expression

2023-12-16 21:03:20 - [MESSAGE][PASSED] - Text 'CARDNAME & SON MAI JOHNSON & SON MAI JOHNSON & S' is present on page  using regular expression

2023-12-16 21:03:20 - [TEST_STEP][PASSED] - verifyTextPresent("1111", true): Text '1111' is present on page  using regular expression

2023-12-16 21:03:20 - [MESSAGE][PASSED] - Text '1111' is present on page  using regular expression

2023-12-16 21:03:20 - [TEST_STEP][PASSED] - verifyTextPresent("AddLine1 & Son Mai Johnson & Son Mai Johnson & S", true): Text 'AddLine1 & Son Mai Johnson & Son Mai Johnson & S' is present on page  using regular expression

2023-12-16 21:03:20 - [MESSAGE][PASSED] - Text 'AddLine1 & Son Mai Johnson & Son Mai Johnson & S' is present on page  using regular expression

2023-12-16 21:03:20 - [TEST_STEP][PASSED] - verifyTextPresent("AddLine2 & Son Mai Johnson & Son Mai Johnson & S", true): Text 'AddLine2 & Son Mai Johnson & Son Mai Johnson & S' is present on page  using regular expression

2023-12-16 21:03:20 - [MESSAGE][PASSED] - Text 'AddLine2 & Son Mai Johnson & Son Mai Johnson & S' is present on page  using regular expression

2023-12-16 21:03:20 - [TEST_STEP][PASSED] - verifyTextPresent("United States", true): Text 'United States' is present on page  using regular expression

2023-12-16 21:03:21 - [MESSAGE][PASSED] - Text 'United States' is present on page  using regular expression

2023-12-16 21:03:21 - [TEST_STEP][PASSED] - verifyTextPresent("HOOKSETT", true): Text 'HOOKSETT' is present on page  using regular expression

2023-12-16 21:03:21 - [MESSAGE][PASSED] - Text 'HOOKSETT' is present on page  using regular expression

2023-12-16 21:03:21 - [TEST_STEP][PASSED] - verifyTextPresent("NH", true): Text 'NH' is present on page  using regular expression

2023-12-16 21:03:21 - [MESSAGE][PASSED] - Text 'NH' is present on page  using regular expression

2023-12-16 21:03:21 - [TEST_STEP][PASSED] - verifyTextPresent("03106", true): Text '03106' is present on page  using regular expression

2023-12-16 21:03:22 - [MESSAGE][PASSED] - Text '03106' is present on page  using regular expression

2023-12-16 21:03:22 - [TEST_STEP][PASSED] - println("End Test: AmpersandCC"): null]]></system-out>
         <system-err><![CDATA[]]></system-err>
      </testcase>
      <testcase name="Test Cases/IntegratedWeb/IWP23-SelIDE/AmpersandCorp" time="12.881" classname="Test Cases/IntegratedWeb/IWP23-SelIDE/AmpersandCorp" status="ERROR">
         <error type="ERROR" message="Test Cases/IntegratedWeb/IWP23-SelIDE/AmpersandCorp FAILED.
Reason:
com.thoughtworks.selenium.SeleniumException: Element name=variableField4DropdownGroupItemID not found
	at com.thoughtworks.selenium.webdriven.ElementFinder.findElement(ElementFinder.java:93)
	at com.thoughtworks.selenium.webdriven.commands.SeleniumSelect.&lt;init>(SeleniumSelect.java:48)
	at com.thoughtworks.selenium.webdriven.commands.SelectOption.handleSeleneseCommand(SelectOption.java:41)
	at com.thoughtworks.selenium.webdriven.commands.SelectOption.handleSeleneseCommand(SelectOption.java:26)
	at com.thoughtworks.selenium.webdriven.SeleneseCommand.apply(SeleneseCommand.java:39)
	at com.thoughtworks.selenium.webdriven.Timer.run(Timer.java:41)
	at com.thoughtworks.selenium.webdriven.WebDriverCommandProcessor.execute(WebDriverCommandProcessor.java:150)
	at com.thoughtworks.selenium.webdriven.WebDriverCommandProcessor.doCommand(WebDriverCommandProcessor.java:76)
	at com.thoughtworks.selenium.DefaultSelenium.select(DefaultSelenium.java:350)
	at com.thoughtworks.selenium.Selenium$select$0.call(Unknown Source)
	at AmpersandCorp.run(AmpersandCorp:110)
	at com.kms.katalon.core.main.ScriptEngine.run(ScriptEngine.java:194)
	at com.kms.katalon.core.main.ScriptEngine.runScriptAsRawText(ScriptEngine.java:119)
	at com.kms.katalon.core.main.TestCaseExecutor.runScript(TestCaseExecutor.java:448)
	at com.kms.katalon.core.main.TestCaseExecutor.doExecute(TestCaseExecutor.java:439)
	at com.kms.katalon.core.main.TestCaseExecutor.processExecutionPhase(TestCaseExecutor.java:418)
	at com.kms.katalon.core.main.TestCaseExecutor.accessMainPhase(TestCaseExecutor.java:410)
	at com.kms.katalon.core.main.TestCaseExecutor.execute(TestCaseExecutor.java:285)
	at com.kms.katalon.core.main.TestCaseExecutor.execute(TestCaseExecutor.java:369)
	at com.kms.katalon.core.main.TestCaseExecutor.execute(TestCaseExecutor.java:369)
	at com.kms.katalon.core.main.TestCaseExecutor.execute(TestCaseExecutor.java:369)
	at com.kms.katalon.core.common.CommonExecutor.accessTestCaseMainPhase(CommonExecutor.java:65)
	at com.kms.katalon.core.main.TestSuiteExecutor.accessTestSuiteMainPhase(TestSuiteExecutor.java:148)
	at com.kms.katalon.core.main.TestSuiteExecutor.execute(TestSuiteExecutor.java:106)
	at com.kms.katalon.core.main.TestCaseMain.startTestSuite(TestCaseMain.java:187)
	at com.kms.katalon.core.main.TestCaseMain$startTestSuite$0.call(Unknown Source)
	at TempTestSuite1702778440031.run(TempTestSuite1702778440031.groovy:36)
Caused by: org.openqa.selenium.JavascriptException: javascript error: Element name=variableField4DropdownGroupItemID not found
  (Session info: chrome=120.0.6099.109)
Build info: version: '3.141.59', revision: 'e82be7d358', time: '2018-11-14T08:25:53'
System info: host: 'DESKTOP-B2QI6NS', ip: '172.31.253.139', os.name: 'Windows 10', os.arch: 'amd64', os.version: '10.0', java.version: '1.8.0_181'
Driver info: com.kms.katalon.selenium.driver.CChromeDriver
Capabilities {acceptInsecureCerts: true, browserName: chrome, browserVersion: 120.0.6099.109, chrome: {chromedriverVersion: 119.0.6045.105 (38c72552c5e..., userDataDir: C:\Users\imtiaz\AppData\Loc...}, fedcm:accounts: true, goog:chromeOptions: {debuggerAddress: localhost:49887}, javascriptEnabled: true, networkConnectionEnabled: false, pageLoadStrategy: normal, platform: WINDOWS, platformName: WINDOWS, proxy: Proxy(), setWindowRect: true, strictFileInteractability: false, timeouts: {implicit: 0, pageLoad: 300000, script: 30000}, unhandledPromptBehavior: dismiss and notify, webauthn:extension:credBlob: true, webauthn:extension:largeBlob: true, webauthn:extension:minPinLength: true, webauthn:extension:prf: true, webauthn:virtualAuthenticators: true}
Session ID: 907952ca95c05efe3f785aae2ae9aad8
	at org.openqa.selenium.remote.http.W3CHttpResponseCodec.createException(W3CHttpResponseCodec.java:187)
	at org.openqa.selenium.remote.http.W3CHttpResponseCodec.decode(W3CHttpResponseCodec.java:122)
	at org.openqa.selenium.remote.http.W3CHttpResponseCodec.decode(W3CHttpResponseCodec.java:49)
	at org.openqa.selenium.remote.HttpCommandExecutor.execute(HttpCommandExecutor.java:158)
	at org.openqa.selenium.remote.service.DriverCommandExecutor.execute(DriverCommandExecutor.java:83)
	at org.openqa.selenium.remote.RemoteWebDriver.execute(RemoteWebDriver.java:552)
	at com.kms.katalon.selenium.driver.CChromeDriver.execute(CChromeDriver.java:19)
	at org.openqa.selenium.remote.RemoteWebDriver.executeScript(RemoteWebDriver.java:489)
	at org.openqa.selenium.support.events.EventFiringWebDriver.lambda$new$1(EventFiringWebDriver.java:105)
	at com.sun.proxy.$Proxy10.executeScript(Unknown Source)
	at org.openqa.selenium.support.events.EventFiringWebDriver.executeScript(EventFiringWebDriver.java:229)
	at com.thoughtworks.selenium.webdriven.ElementFinder.findElement(ElementFinder.java:91)
	... 26 more
"/>
         <system-out><![CDATA[2023-12-16 21:04:01 - [TEST_CASE][ERROR] - Test Cases/IntegratedWeb/IWP23-SelIDE/AmpersandCorp: Test Cases/IntegratedWeb/IWP23-SelIDE/AmpersandCorp FAILED.
Reason:
com.thoughtworks.selenium.SeleniumException: Element name=variableField4DropdownGroupItemID not found
	at com.thoughtworks.selenium.webdriven.ElementFinder.findElement(ElementFinder.java:93)
	at com.thoughtworks.selenium.webdriven.commands.SeleniumSelect.<init>(SeleniumSelect.java:48)
	at com.thoughtworks.selenium.webdriven.commands.SelectOption.handleSeleneseCommand(SelectOption.java:41)
	at com.thoughtworks.selenium.webdriven.commands.SelectOption.handleSeleneseCommand(SelectOption.java:26)
	at com.thoughtworks.selenium.webdriven.SeleneseCommand.apply(SeleneseCommand.java:39)
	at com.thoughtworks.selenium.webdriven.Timer.run(Timer.java:41)
	at com.thoughtworks.selenium.webdriven.WebDriverCommandProcessor.execute(WebDriverCommandProcessor.java:150)
	at com.thoughtworks.selenium.webdriven.WebDriverCommandProcessor.doCommand(WebDriverCommandProcessor.java:76)
	at com.thoughtworks.selenium.DefaultSelenium.select(DefaultSelenium.java:350)
	at com.thoughtworks.selenium.Selenium$select$0.call(Unknown Source)
	at AmpersandCorp.run(AmpersandCorp:110)
	at com.kms.katalon.core.main.ScriptEngine.run(ScriptEngine.java:194)
	at com.kms.katalon.core.main.ScriptEngine.runScriptAsRawText(ScriptEngine.java:119)
	at com.kms.katalon.core.main.TestCaseExecutor.runScript(TestCaseExecutor.java:448)
	at com.kms.katalon.core.main.TestCaseExecutor.doExecute(TestCaseExecutor.java:439)
	at com.kms.katalon.core.main.TestCaseExecutor.processExecutionPhase(TestCaseExecutor.java:418)
	at com.kms.katalon.core.main.TestCaseExecutor.accessMainPhase(TestCaseExecutor.java:410)
	at com.kms.katalon.core.main.TestCaseExecutor.execute(TestCaseExecutor.java:285)
	at com.kms.katalon.core.main.TestCaseExecutor.execute(TestCaseExecutor.java:369)
	at com.kms.katalon.core.main.TestCaseExecutor.execute(TestCaseExecutor.java:369)
	at com.kms.katalon.core.main.TestCaseExecutor.execute(TestCaseExecutor.java:369)
	at com.kms.katalon.core.common.CommonExecutor.accessTestCaseMainPhase(CommonExecutor.java:65)
	at com.kms.katalon.core.main.TestSuiteExecutor.accessTestSuiteMainPhase(TestSuiteExecutor.java:148)
	at com.kms.katalon.core.main.TestSuiteExecutor.execute(TestSuiteExecutor.java:106)
	at com.kms.katalon.core.main.TestCaseMain.startTestSuite(TestCaseMain.java:187)
	at com.kms.katalon.core.main.TestCaseMain$startTestSuite$0.call(Unknown Source)
	at TempTestSuite1702778440031.run(TempTestSuite1702778440031.groovy:36)
Caused by: org.openqa.selenium.JavascriptException: javascript error: Element name=variableField4DropdownGroupItemID not found
  (Session info: chrome=120.0.6099.109)
Build info: version: '3.141.59', revision: 'e82be7d358', time: '2018-11-14T08:25:53'
System info: host: 'DESKTOP-B2QI6NS', ip: '172.31.253.139', os.name: 'Windows 10', os.arch: 'amd64', os.version: '10.0', java.version: '1.8.0_181'
Driver info: com.kms.katalon.selenium.driver.CChromeDriver
Capabilities {acceptInsecureCerts: true, browserName: chrome, browserVersion: 120.0.6099.109, chrome: {chromedriverVersion: 119.0.6045.105 (38c72552c5e..., userDataDir: C:\Users\imtiaz\AppData\Loc...}, fedcm:accounts: true, goog:chromeOptions: {debuggerAddress: localhost:49887}, javascriptEnabled: true, networkConnectionEnabled: false, pageLoadStrategy: normal, platform: WINDOWS, platformName: WINDOWS, proxy: Proxy(), setWindowRect: true, strictFileInteractability: false, timeouts: {implicit: 0, pageLoad: 300000, script: 30000}, unhandledPromptBehavior: dismiss and notify, webauthn:extension:credBlob: true, webauthn:extension:largeBlob: true, webauthn:extension:minPinLength: true, webauthn:extension:prf: true, webauthn:virtualAuthenticators: true}
Session ID: 907952ca95c05efe3f785aae2ae9aad8
	at org.openqa.selenium.remote.http.W3CHttpResponseCodec.createException(W3CHttpResponseCodec.java:187)
	at org.openqa.selenium.remote.http.W3CHttpResponseCodec.decode(W3CHttpResponseCodec.java:122)
	at org.openqa.selenium.remote.http.W3CHttpResponseCodec.decode(W3CHttpResponseCodec.java:49)
	at org.openqa.selenium.remote.HttpCommandExecutor.execute(HttpCommandExecutor.java:158)
	at org.openqa.selenium.remote.service.DriverCommandExecutor.execute(DriverCommandExecutor.java:83)
	at org.openqa.selenium.remote.RemoteWebDriver.execute(RemoteWebDriver.java:552)
	at com.kms.katalon.selenium.driver.CChromeDriver.execute(CChromeDriver.java:19)
	at org.openqa.selenium.remote.RemoteWebDriver.executeScript(RemoteWebDriver.java:489)
	at org.openqa.selenium.support.events.EventFiringWebDriver.lambda$new$1(EventFiringWebDriver.java:105)
	at com.sun.proxy.$Proxy10.executeScript(Unknown Source)
	at org.openqa.selenium.support.events.EventFiringWebDriver.executeScript(EventFiringWebDriver.java:229)
	at com.thoughtworks.selenium.webdriven.ElementFinder.findElement(ElementFinder.java:91)
	... 26 more


2023-12-16 21:04:01 - [TEST_STEP][PASSED] - softAssertion = new org.testng.asserts.SoftAssert(): null

2023-12-16 21:04:01 - [TEST_STEP][PASSED] - openBrowser("https://www.google.com/"): Browser is opened with url: 'https://www.google.com/'

2023-12-16 21:04:01 - [MESSAGE][WARNING] - A browser is already opened. Closing browser and opening a new one

2023-12-16 21:04:02 - [MESSAGE][INFO] - Starting 'Chrome' driver

2023-12-16 21:04:02 - [MESSAGE][INFO] - User set preference: ['acceptInsecureCerts', 'true']

2023-12-16 21:04:02 - [MESSAGE][INFO] - Action delay is set to 0 milliseconds

2023-12-16 21:04:05 - [MESSAGE][PASSED] - Browser is opened with url: 'https://www.google.com/'

2023-12-16 21:04:05 - [TEST_STEP][PASSED] - driver = getWebDriver(): null

2023-12-16 21:04:05 - [TEST_STEP][PASSED] - baseUrl = "https://www.google.com/": null

2023-12-16 21:04:05 - [TEST_STEP][PASSED] - selenium = new com.thoughtworks.selenium.webdriven.WebDriverBackedSelenium(driver, baseUrl): null

2023-12-16 21:04:05 - [TEST_STEP][PASSED] - println("Begin Test: AmpersandCorp"): null

2023-12-16 21:04:05 - [TEST_STEP][PASSED] - emulatorURL = urlEmulator: null

2023-12-16 21:04:05 - [TEST_STEP][PASSED] - selenium.open(emulatorURL): null

2023-12-16 21:04:05 - [TEST_STEP][PASSED] - selenium.selectWindow("null"): null

2023-12-16 21:04:05 - [TEST_STEP][PASSED] - selenium.select("name=message_version", "label=2.3"): null

2023-12-16 21:04:05 - [TEST_STEP][PASSED] - selenium.waitForPageToLoad("30000"): null

2023-12-16 21:04:06 - [TEST_STEP][PASSED] - selenium.type("name=amount", 00".toString()): null

2023-12-16 21:04:06 - [TEST_STEP][PASSED] - selenium.type("name=client_account_number", "CAN12345"): null

2023-12-16 21:04:06 - [TEST_STEP][PASSED] - selenium.type("name=action_type", "PayNow"): null

2023-12-16 21:04:06 - [TEST_STEP][PASSED] - selenium.type("name=language", "en_US"): null

2023-12-16 21:04:06 - [TEST_STEP][PASSED] - selenium.type("name=billing_firstname", "Mandy"): null

2023-12-16 21:04:06 - [TEST_STEP][PASSED] - selenium.type("name=billing_lastname", "Iguera"): null

2023-12-16 21:04:06 - [TEST_STEP][PASSED] - selenium.type("name=billing_address", "56 World Center Drive".toString()): null

2023-12-16 21:04:06 - [TEST_STEP][PASSED] - selenium.type("name=billing_address2", "Suite 600".toString()): null

2023-12-16 21:04:06 - [TEST_STEP][PASSED] - selenium.type("name=billing_country_id", "840"): null

2023-12-16 21:04:06 - [TEST_STEP][PASSED] - selenium.type("name=billing_city", "Orlando"): null

2023-12-16 21:04:07 - [TEST_STEP][PASSED] - selenium.type("name=billing_state", "NH"): null

2023-12-16 21:04:07 - [TEST_STEP][PASSED] - selenium.type("name=billing_zip", "03106"): null

2023-12-16 21:04:07 - [TEST_STEP][PASSED] - selenium.type("name=order_number", "PPPPOOOO"): null

2023-12-16 21:04:07 - [TEST_STEP][PASSED] - selenium.type("name=user_defined1", "udf1"): null

2023-12-16 21:04:07 - [TEST_STEP][PASSED] - selenium.type("name=user_defined2", "udf2"): null

2023-12-16 21:04:07 - [TEST_STEP][PASSED] - selenium.type("name=user_defined3", "udf3"): null

2023-12-16 21:04:07 - [TEST_STEP][PASSED] - selenium.type("name=user_defined4", "Orange Label".toString()): null

2023-12-16 21:04:07 - [TEST_STEP][PASSED] - selenium.type("name=user_defined5", "Soccer Label".toString()): null

2023-12-16 21:04:07 - [TEST_STEP][PASSED] - selenium.click("name=submit"): null

2023-12-16 21:04:07 - [TEST_STEP][PASSED] - selenium.waitForPageToLoad("30000"): null

2023-12-16 21:04:08 - [TEST_STEP][PASSED] - Thread.sleep(2000): null

2023-12-16 21:04:10 - [TEST_STEP][PASSED] - testHarnessURL = urlTestHarness: null

2023-12-16 21:04:10 - [TEST_STEP][PASSED] - selenium.open(testHarnessURL): null

2023-12-16 21:04:10 - [TEST_STEP][PASSED] - selenium.type("name=application_id", "635"): null

2023-12-16 21:04:10 - [TEST_STEP][PASSED] - selenium.type("name=message_version", 3".toString()): null

2023-12-16 21:04:10 - [TEST_STEP][PASSED] - genRemIDVoid = RandomStringUtils.random(12, true, true): null

2023-12-16 21:04:10 - [TEST_STEP][PASSED] - selenium.type("name=remittance_id", genRemIDVoid): null

2023-12-16 21:04:10 - [TEST_STEP][PASSED] - selenium.click("css=input.formSubmit"): null

2023-12-16 21:04:11 - [TEST_STEP][PASSED] - selenium.waitForPageToLoad("30000"): null

2023-12-16 21:04:12 - [TEST_STEP][PASSED] - selenium.click("xpath=(//input[@name='paymentMethod'])[3]"): null

2023-12-16 21:04:12 - [TEST_STEP][PASSED] - selenium.click("css=input[type="submit"]"): null

2023-12-16 21:04:13 - [TEST_STEP][PASSED] - selenium.waitForPageToLoad("30000"): null

2023-12-16 21:04:14 - [TEST_STEP][PASSED] - selenium.type("name=amount", 50".toString()): null

2023-12-16 21:04:14 - [TEST_STEP][PASSED] - selenium.type("name=userDefined2", "udf2 data".toString()): null

2023-12-16 21:04:14 - [TEST_STEP][PASSED] - selenium.type("name=userDefined3", "udf3 data".toString()): null

2023-12-16 21:04:14 - [TEST_STEP][ERROR] - selenium.select("name=variableField4DropdownGroupItemID", "label=Purple"): Test Cases/IntegratedWeb/IWP23-SelIDE/AmpersandCorp FAILED.
Reason:
com.thoughtworks.selenium.SeleniumException: Element name=variableField4DropdownGroupItemID not found
	at com.thoughtworks.selenium.webdriven.ElementFinder.findElement(ElementFinder.java:93)
	at com.thoughtworks.selenium.webdriven.commands.SeleniumSelect.<init>(SeleniumSelect.java:48)
	at com.thoughtworks.selenium.webdriven.commands.SelectOption.handleSeleneseCommand(SelectOption.java:41)
	at com.thoughtworks.selenium.webdriven.commands.SelectOption.handleSeleneseCommand(SelectOption.java:26)
	at com.thoughtworks.selenium.webdriven.SeleneseCommand.apply(SeleneseCommand.java:39)
	at com.thoughtworks.selenium.webdriven.Timer.run(Timer.java:41)
	at com.thoughtworks.selenium.webdriven.WebDriverCommandProcessor.execute(WebDriverCommandProcessor.java:150)
	at com.thoughtworks.selenium.webdriven.WebDriverCommandProcessor.doCommand(WebDriverCommandProcessor.java:76)
	at com.thoughtworks.selenium.DefaultSelenium.select(DefaultSelenium.java:350)
	at com.thoughtworks.selenium.Selenium$select$0.call(Unknown Source)
	at AmpersandCorp.run(AmpersandCorp:110)
	at com.kms.katalon.core.main.ScriptEngine.run(ScriptEngine.java:194)
	at com.kms.katalon.core.main.ScriptEngine.runScriptAsRawText(ScriptEngine.java:119)
	at com.kms.katalon.core.main.TestCaseExecutor.runScript(TestCaseExecutor.java:448)
	at com.kms.katalon.core.main.TestCaseExecutor.doExecute(TestCaseExecutor.java:439)
	at com.kms.katalon.core.main.TestCaseExecutor.processExecutionPhase(TestCaseExecutor.java:418)
	at com.kms.katalon.core.main.TestCaseExecutor.accessMainPhase(TestCaseExecutor.java:410)
	at com.kms.katalon.core.main.TestCaseExecutor.execute(TestCaseExecutor.java:285)
	at com.kms.katalon.core.main.TestCaseExecutor.execute(TestCaseExecutor.java:369)
	at com.kms.katalon.core.main.TestCaseExecutor.execute(TestCaseExecutor.java:369)
	at com.kms.katalon.core.main.TestCaseExecutor.execute(TestCaseExecutor.java:369)
	at com.kms.katalon.core.common.CommonExecutor.accessTestCaseMainPhase(CommonExecutor.java:65)
	at com.kms.katalon.core.main.TestSuiteExecutor.accessTestSuiteMainPhase(TestSuiteExecutor.java:148)
	at com.kms.katalon.core.main.TestSuiteExecutor.execute(TestSuiteExecutor.java:106)
	at com.kms.katalon.core.main.TestCaseMain.startTestSuite(TestCaseMain.java:187)
	at com.kms.katalon.core.main.TestCaseMain$startTestSuite$0.call(Unknown Source)
	at TempTestSuite1702778440031.run(TempTestSuite1702778440031.groovy:36)
Caused by: org.openqa.selenium.JavascriptException: javascript error: Element name=variableField4DropdownGroupItemID not found
  (Session info: chrome=120.0.6099.109)
Build info: version: '3.141.59', revision: 'e82be7d358', time: '2018-11-14T08:25:53'
System info: host: 'DESKTOP-B2QI6NS', ip: '172.31.253.139', os.name: 'Windows 10', os.arch: 'amd64', os.version: '10.0', java.version: '1.8.0_181'
Driver info: com.kms.katalon.selenium.driver.CChromeDriver
Capabilities {acceptInsecureCerts: true, browserName: chrome, browserVersion: 120.0.6099.109, chrome: {chromedriverVersion: 119.0.6045.105 (38c72552c5e..., userDataDir: C:\Users\imtiaz\AppData\Loc...}, fedcm:accounts: true, goog:chromeOptions: {debuggerAddress: localhost:49887}, javascriptEnabled: true, networkConnectionEnabled: false, pageLoadStrategy: normal, platform: WINDOWS, platformName: WINDOWS, proxy: Proxy(), setWindowRect: true, strictFileInteractability: false, timeouts: {implicit: 0, pageLoad: 300000, script: 30000}, unhandledPromptBehavior: dismiss and notify, webauthn:extension:credBlob: true, webauthn:extension:largeBlob: true, webauthn:extension:minPinLength: true, webauthn:extension:prf: true, webauthn:virtualAuthenticators: true}
Session ID: 907952ca95c05efe3f785aae2ae9aad8
	at org.openqa.selenium.remote.http.W3CHttpResponseCodec.createException(W3CHttpResponseCodec.java:187)
	at org.openqa.selenium.remote.http.W3CHttpResponseCodec.decode(W3CHttpResponseCodec.java:122)
	at org.openqa.selenium.remote.http.W3CHttpResponseCodec.decode(W3CHttpResponseCodec.java:49)
	at org.openqa.selenium.remote.HttpCommandExecutor.execute(HttpCommandExecutor.java:158)
	at org.openqa.selenium.remote.service.DriverCommandExecutor.execute(DriverCommandExecutor.java:83)
	at org.openqa.selenium.remote.RemoteWebDriver.execute(RemoteWebDriver.java:552)
	at com.kms.katalon.selenium.driver.CChromeDriver.execute(CChromeDriver.java:19)
	at org.openqa.selenium.remote.RemoteWebDriver.executeScript(RemoteWebDriver.java:489)
	at org.openqa.selenium.support.events.EventFiringWebDriver.lambda$new$1(EventFiringWebDriver.java:105)
	at com.sun.proxy.$Proxy10.executeScript(Unknown Source)
	at org.openqa.selenium.support.events.EventFiringWebDriver.executeScript(EventFiringWebDriver.java:229)
	at com.thoughtworks.selenium.webdriven.ElementFinder.findElement(ElementFinder.java:91)
	at com.thoughtworks.selenium.webdriven.commands.SeleniumSelect.<init>(SeleniumSelect.java:48)
	at com.thoughtworks.selenium.webdriven.commands.SelectOption.handleSeleneseCommand(SelectOption.java:41)
	at com.thoughtworks.selenium.webdriven.commands.SelectOption.handleSeleneseCommand(SelectOption.java:26)
	at com.thoughtworks.selenium.webdriven.SeleneseCommand.apply(SeleneseCommand.java:39)
	at com.thoughtworks.selenium.webdriven.Timer.run(Timer.java:41)
	at com.thoughtworks.selenium.webdriven.WebDriverCommandProcessor.execute(WebDriverCommandProcessor.java:150)
	at com.thoughtworks.selenium.webdriven.WebDriverCommandProcessor.doCommand(WebDriverCommandProcessor.java:76)
	at com.thoughtworks.selenium.DefaultSelenium.select(DefaultSelenium.java:350)
	at com.thoughtworks.selenium.Selenium$select$0.call(Unknown Source)
	at Script1702500262223.run(Script1702500262223.groovy:110)
	... 16 more


2023-12-16 21:04:14 - [MESSAGE][ERROR] - Test Cases/IntegratedWeb/IWP23-SelIDE/AmpersandCorp FAILED.
Reason:
com.thoughtworks.selenium.SeleniumException: Element name=variableField4DropdownGroupItemID not found
	at com.thoughtworks.selenium.webdriven.ElementFinder.findElement(ElementFinder.java:93)
	at com.thoughtworks.selenium.webdriven.commands.SeleniumSelect.<init>(SeleniumSelect.java:48)
	at com.thoughtworks.selenium.webdriven.commands.SelectOption.handleSeleneseCommand(SelectOption.java:41)
	at com.thoughtworks.selenium.webdriven.commands.SelectOption.handleSeleneseCommand(SelectOption.java:26)
	at com.thoughtworks.selenium.webdriven.SeleneseCommand.apply(SeleneseCommand.java:39)
	at com.thoughtworks.selenium.webdriven.Timer.run(Timer.java:41)
	at com.thoughtworks.selenium.webdriven.WebDriverCommandProcessor.execute(WebDriverCommandProcessor.java:150)
	at com.thoughtworks.selenium.webdriven.WebDriverCommandProcessor.doCommand(WebDriverCommandProcessor.java:76)
	at com.thoughtworks.selenium.DefaultSelenium.select(DefaultSelenium.java:350)
	at com.thoughtworks.selenium.Selenium$select$0.call(Unknown Source)
	at AmpersandCorp.run(AmpersandCorp:110)
	at com.kms.katalon.core.main.ScriptEngine.run(ScriptEngine.java:194)
	at com.kms.katalon.core.main.ScriptEngine.runScriptAsRawText(ScriptEngine.java:119)
	at com.kms.katalon.core.main.TestCaseExecutor.runScript(TestCaseExecutor.java:448)
	at com.kms.katalon.core.main.TestCaseExecutor.doExecute(TestCaseExecutor.java:439)
	at com.kms.katalon.core.main.TestCaseExecutor.processExecutionPhase(TestCaseExecutor.java:418)
	at com.kms.katalon.core.main.TestCaseExecutor.accessMainPhase(TestCaseExecutor.java:410)
	at com.kms.katalon.core.main.TestCaseExecutor.execute(TestCaseExecutor.java:285)
	at com.kms.katalon.core.main.TestCaseExecutor.execute(TestCaseExecutor.java:369)
	at com.kms.katalon.core.main.TestCaseExecutor.execute(TestCaseExecutor.java:369)
	at com.kms.katalon.core.main.TestCaseExecutor.execute(TestCaseExecutor.java:369)
	at com.kms.katalon.core.common.CommonExecutor.accessTestCaseMainPhase(CommonExecutor.java:65)
	at com.kms.katalon.core.main.TestSuiteExecutor.accessTestSuiteMainPhase(TestSuiteExecutor.java:148)
	at com.kms.katalon.core.main.TestSuiteExecutor.execute(TestSuiteExecutor.java:106)
	at com.kms.katalon.core.main.TestCaseMain.startTestSuite(TestCaseMain.java:187)
	at com.kms.katalon.core.main.TestCaseMain$startTestSuite$0.call(Unknown Source)
	at TempTestSuite1702778440031.run(TempTestSuite1702778440031.groovy:36)
Caused by: org.openqa.selenium.JavascriptException: javascript error: Element name=variableField4DropdownGroupItemID not found
  (Session info: chrome=120.0.6099.109)
Build info: version: '3.141.59', revision: 'e82be7d358', time: '2018-11-14T08:25:53'
System info: host: 'DESKTOP-B2QI6NS', ip: '172.31.253.139', os.name: 'Windows 10', os.arch: 'amd64', os.version: '10.0', java.version: '1.8.0_181'
Driver info: com.kms.katalon.selenium.driver.CChromeDriver
Capabilities {acceptInsecureCerts: true, browserName: chrome, browserVersion: 120.0.6099.109, chrome: {chromedriverVersion: 119.0.6045.105 (38c72552c5e..., userDataDir: C:\Users\imtiaz\AppData\Loc...}, fedcm:accounts: true, goog:chromeOptions: {debuggerAddress: localhost:49887}, javascriptEnabled: true, networkConnectionEnabled: false, pageLoadStrategy: normal, platform: WINDOWS, platformName: WINDOWS, proxy: Proxy(), setWindowRect: true, strictFileInteractability: false, timeouts: {implicit: 0, pageLoad: 300000, script: 30000}, unhandledPromptBehavior: dismiss and notify, webauthn:extension:credBlob: true, webauthn:extension:largeBlob: true, webauthn:extension:minPinLength: true, webauthn:extension:prf: true, webauthn:virtualAuthenticators: true}
Session ID: 907952ca95c05efe3f785aae2ae9aad8
	at org.openqa.selenium.remote.http.W3CHttpResponseCodec.createException(W3CHttpResponseCodec.java:187)
	at org.openqa.selenium.remote.http.W3CHttpResponseCodec.decode(W3CHttpResponseCodec.java:122)
	at org.openqa.selenium.remote.http.W3CHttpResponseCodec.decode(W3CHttpResponseCodec.java:49)
	at org.openqa.selenium.remote.HttpCommandExecutor.execute(HttpCommandExecutor.java:158)
	at org.openqa.selenium.remote.service.DriverCommandExecutor.execute(DriverCommandExecutor.java:83)
	at org.openqa.selenium.remote.RemoteWebDriver.execute(RemoteWebDriver.java:552)
	at com.kms.katalon.selenium.driver.CChromeDriver.execute(CChromeDriver.java:19)
	at org.openqa.selenium.remote.RemoteWebDriver.executeScript(RemoteWebDriver.java:489)
	at org.openqa.selenium.support.events.EventFiringWebDriver.lambda$new$1(EventFiringWebDriver.java:105)
	at com.sun.proxy.$Proxy10.executeScript(Unknown Source)
	at org.openqa.selenium.support.events.EventFiringWebDriver.executeScript(EventFiringWebDriver.java:229)
	at com.thoughtworks.selenium.webdriven.ElementFinder.findElement(ElementFinder.java:91)
	at com.thoughtworks.selenium.webdriven.commands.SeleniumSelect.<init>(SeleniumSelect.java:48)
	at com.thoughtworks.selenium.webdriven.commands.SelectOption.handleSeleneseCommand(SelectOption.java:41)
	at com.thoughtworks.selenium.webdriven.commands.SelectOption.handleSeleneseCommand(SelectOption.java:26)
	at com.thoughtworks.selenium.webdriven.SeleneseCommand.apply(SeleneseCommand.java:39)
	at com.thoughtworks.selenium.webdriven.Timer.run(Timer.java:41)
	at com.thoughtworks.selenium.webdriven.WebDriverCommandProcessor.execute(WebDriverCommandProcessor.java:150)
	at com.thoughtworks.selenium.webdriven.WebDriverCommandProcessor.doCommand(WebDriverCommandProcessor.java:76)
	at com.thoughtworks.selenium.DefaultSelenium.select(DefaultSelenium.java:350)
	at com.thoughtworks.selenium.Selenium$select$0.call(Unknown Source)
	at Script1702500262223.run(Script1702500262223.groovy:110)
	... 16 more]]></system-out>
         <system-err><![CDATA[2023-12-16 21:04:01 - [TEST_CASE][ERROR] - Test Cases/IntegratedWeb/IWP23-SelIDE/AmpersandCorp: Test Cases/IntegratedWeb/IWP23-SelIDE/AmpersandCorp FAILED.
Reason:
com.thoughtworks.selenium.SeleniumException: Element name=variableField4DropdownGroupItemID not found
	at com.thoughtworks.selenium.webdriven.ElementFinder.findElement(ElementFinder.java:93)
	at com.thoughtworks.selenium.webdriven.commands.SeleniumSelect.<init>(SeleniumSelect.java:48)
	at com.thoughtworks.selenium.webdriven.commands.SelectOption.handleSeleneseCommand(SelectOption.java:41)
	at com.thoughtworks.selenium.webdriven.commands.SelectOption.handleSeleneseCommand(SelectOption.java:26)
	at com.thoughtworks.selenium.webdriven.SeleneseCommand.apply(SeleneseCommand.java:39)
	at com.thoughtworks.selenium.webdriven.Timer.run(Timer.java:41)
	at com.thoughtworks.selenium.webdriven.WebDriverCommandProcessor.execute(WebDriverCommandProcessor.java:150)
	at com.thoughtworks.selenium.webdriven.WebDriverCommandProcessor.doCommand(WebDriverCommandProcessor.java:76)
	at com.thoughtworks.selenium.DefaultSelenium.select(DefaultSelenium.java:350)
	at com.thoughtworks.selenium.Selenium$select$0.call(Unknown Source)
	at AmpersandCorp.run(AmpersandCorp:110)
	at com.kms.katalon.core.main.ScriptEngine.run(ScriptEngine.java:194)
	at com.kms.katalon.core.main.ScriptEngine.runScriptAsRawText(ScriptEngine.java:119)
	at com.kms.katalon.core.main.TestCaseExecutor.runScript(TestCaseExecutor.java:448)
	at com.kms.katalon.core.main.TestCaseExecutor.doExecute(TestCaseExecutor.java:439)
	at com.kms.katalon.core.main.TestCaseExecutor.processExecutionPhase(TestCaseExecutor.java:418)
	at com.kms.katalon.core.main.TestCaseExecutor.accessMainPhase(TestCaseExecutor.java:410)
	at com.kms.katalon.core.main.TestCaseExecutor.execute(TestCaseExecutor.java:285)
	at com.kms.katalon.core.main.TestCaseExecutor.execute(TestCaseExecutor.java:369)
	at com.kms.katalon.core.main.TestCaseExecutor.execute(TestCaseExecutor.java:369)
	at com.kms.katalon.core.main.TestCaseExecutor.execute(TestCaseExecutor.java:369)
	at com.kms.katalon.core.common.CommonExecutor.accessTestCaseMainPhase(CommonExecutor.java:65)
	at com.kms.katalon.core.main.TestSuiteExecutor.accessTestSuiteMainPhase(TestSuiteExecutor.java:148)
	at com.kms.katalon.core.main.TestSuiteExecutor.execute(TestSuiteExecutor.java:106)
	at com.kms.katalon.core.main.TestCaseMain.startTestSuite(TestCaseMain.java:187)
	at com.kms.katalon.core.main.TestCaseMain$startTestSuite$0.call(Unknown Source)
	at TempTestSuite1702778440031.run(TempTestSuite1702778440031.groovy:36)
Caused by: org.openqa.selenium.JavascriptException: javascript error: Element name=variableField4DropdownGroupItemID not found
  (Session info: chrome=120.0.6099.109)
Build info: version: '3.141.59', revision: 'e82be7d358', time: '2018-11-14T08:25:53'
System info: host: 'DESKTOP-B2QI6NS', ip: '172.31.253.139', os.name: 'Windows 10', os.arch: 'amd64', os.version: '10.0', java.version: '1.8.0_181'
Driver info: com.kms.katalon.selenium.driver.CChromeDriver
Capabilities {acceptInsecureCerts: true, browserName: chrome, browserVersion: 120.0.6099.109, chrome: {chromedriverVersion: 119.0.6045.105 (38c72552c5e..., userDataDir: C:\Users\imtiaz\AppData\Loc...}, fedcm:accounts: true, goog:chromeOptions: {debuggerAddress: localhost:49887}, javascriptEnabled: true, networkConnectionEnabled: false, pageLoadStrategy: normal, platform: WINDOWS, platformName: WINDOWS, proxy: Proxy(), setWindowRect: true, strictFileInteractability: false, timeouts: {implicit: 0, pageLoad: 300000, script: 30000}, unhandledPromptBehavior: dismiss and notify, webauthn:extension:credBlob: true, webauthn:extension:largeBlob: true, webauthn:extension:minPinLength: true, webauthn:extension:prf: true, webauthn:virtualAuthenticators: true}
Session ID: 907952ca95c05efe3f785aae2ae9aad8
	at org.openqa.selenium.remote.http.W3CHttpResponseCodec.createException(W3CHttpResponseCodec.java:187)
	at org.openqa.selenium.remote.http.W3CHttpResponseCodec.decode(W3CHttpResponseCodec.java:122)
	at org.openqa.selenium.remote.http.W3CHttpResponseCodec.decode(W3CHttpResponseCodec.java:49)
	at org.openqa.selenium.remote.HttpCommandExecutor.execute(HttpCommandExecutor.java:158)
	at org.openqa.selenium.remote.service.DriverCommandExecutor.execute(DriverCommandExecutor.java:83)
	at org.openqa.selenium.remote.RemoteWebDriver.execute(RemoteWebDriver.java:552)
	at com.kms.katalon.selenium.driver.CChromeDriver.execute(CChromeDriver.java:19)
	at org.openqa.selenium.remote.RemoteWebDriver.executeScript(RemoteWebDriver.java:489)
	at org.openqa.selenium.support.events.EventFiringWebDriver.lambda$new$1(EventFiringWebDriver.java:105)
	at com.sun.proxy.$Proxy10.executeScript(Unknown Source)
	at org.openqa.selenium.support.events.EventFiringWebDriver.executeScript(EventFiringWebDriver.java:229)
	at com.thoughtworks.selenium.webdriven.ElementFinder.findElement(ElementFinder.java:91)
	... 26 more]]></system-err>
      </testcase>
      <testcase name="Test Cases/IntegratedWeb/IWP23-SelIDE/AmpersandPC" time="12.429" classname="Test Cases/IntegratedWeb/IWP23-SelIDE/AmpersandPC" status="ERROR">
         <error type="ERROR" message="Test Cases/IntegratedWeb/IWP23-SelIDE/AmpersandPC FAILED.
Reason:
com.thoughtworks.selenium.SeleniumException: Element name=variableField4DropdownGroupItemID not found
	at com.thoughtworks.selenium.webdriven.ElementFinder.findElement(ElementFinder.java:93)
	at com.thoughtworks.selenium.webdriven.commands.SeleniumSelect.&lt;init>(SeleniumSelect.java:48)
	at com.thoughtworks.selenium.webdriven.commands.SelectOption.handleSeleneseCommand(SelectOption.java:41)
	at com.thoughtworks.selenium.webdriven.commands.SelectOption.handleSeleneseCommand(SelectOption.java:26)
	at com.thoughtworks.selenium.webdriven.SeleneseCommand.apply(SeleneseCommand.java:39)
	at com.thoughtworks.selenium.webdriven.Timer.run(Timer.java:41)
	at com.thoughtworks.selenium.webdriven.WebDriverCommandProcessor.execute(WebDriverCommandProcessor.java:150)
	at com.thoughtworks.selenium.webdriven.WebDriverCommandProcessor.doCommand(WebDriverCommandProcessor.java:76)
	at com.thoughtworks.selenium.DefaultSelenium.select(DefaultSelenium.java:350)
	at com.thoughtworks.selenium.Selenium$select$0.call(Unknown Source)
	at AmpersandPC.run(AmpersandPC:110)
	at com.kms.katalon.core.main.ScriptEngine.run(ScriptEngine.java:194)
	at com.kms.katalon.core.main.ScriptEngine.runScriptAsRawText(ScriptEngine.java:119)
	at com.kms.katalon.core.main.TestCaseExecutor.runScript(TestCaseExecutor.java:448)
	at com.kms.katalon.core.main.TestCaseExecutor.doExecute(TestCaseExecutor.java:439)
	at com.kms.katalon.core.main.TestCaseExecutor.processExecutionPhase(TestCaseExecutor.java:418)
	at com.kms.katalon.core.main.TestCaseExecutor.accessMainPhase(TestCaseExecutor.java:410)
	at com.kms.katalon.core.main.TestCaseExecutor.execute(TestCaseExecutor.java:285)
	at com.kms.katalon.core.main.TestCaseExecutor.execute(TestCaseExecutor.java:369)
	at com.kms.katalon.core.main.TestCaseExecutor.execute(TestCaseExecutor.java:369)
	at com.kms.katalon.core.main.TestCaseExecutor.execute(TestCaseExecutor.java:369)
	at com.kms.katalon.core.common.CommonExecutor.accessTestCaseMainPhase(CommonExecutor.java:65)
	at com.kms.katalon.core.main.TestSuiteExecutor.accessTestSuiteMainPhase(TestSuiteExecutor.java:148)
	at com.kms.katalon.core.main.TestSuiteExecutor.execute(TestSuiteExecutor.java:106)
	at com.kms.katalon.core.main.TestCaseMain.startTestSuite(TestCaseMain.java:187)
	at com.kms.katalon.core.main.TestCaseMain$startTestSuite$0.call(Unknown Source)
	at TempTestSuite1702778440031.run(TempTestSuite1702778440031.groovy:36)
Caused by: org.openqa.selenium.JavascriptException: javascript error: Element name=variableField4DropdownGroupItemID not found
  (Session info: chrome=120.0.6099.109)
Build info: version: '3.141.59', revision: 'e82be7d358', time: '2018-11-14T08:25:53'
System info: host: 'DESKTOP-B2QI6NS', ip: '172.31.253.139', os.name: 'Windows 10', os.arch: 'amd64', os.version: '10.0', java.version: '1.8.0_181'
Driver info: com.kms.katalon.selenium.driver.CChromeDriver
Capabilities {acceptInsecureCerts: true, browserName: chrome, browserVersion: 120.0.6099.109, chrome: {chromedriverVersion: 119.0.6045.105 (38c72552c5e..., userDataDir: C:\Users\imtiaz\AppData\Loc...}, fedcm:accounts: true, goog:chromeOptions: {debuggerAddress: localhost:50392}, javascriptEnabled: true, networkConnectionEnabled: false, pageLoadStrategy: normal, platform: WINDOWS, platformName: WINDOWS, proxy: Proxy(), setWindowRect: true, strictFileInteractability: false, timeouts: {implicit: 0, pageLoad: 300000, script: 30000}, unhandledPromptBehavior: dismiss and notify, webauthn:extension:credBlob: true, webauthn:extension:largeBlob: true, webauthn:extension:minPinLength: true, webauthn:extension:prf: true, webauthn:virtualAuthenticators: true}
Session ID: 74eec38d6240fb6e21d1f34ba36ab17e
	at org.openqa.selenium.remote.http.W3CHttpResponseCodec.createException(W3CHttpResponseCodec.java:187)
	at org.openqa.selenium.remote.http.W3CHttpResponseCodec.decode(W3CHttpResponseCodec.java:122)
	at org.openqa.selenium.remote.http.W3CHttpResponseCodec.decode(W3CHttpResponseCodec.java:49)
	at org.openqa.selenium.remote.HttpCommandExecutor.execute(HttpCommandExecutor.java:158)
	at org.openqa.selenium.remote.service.DriverCommandExecutor.execute(DriverCommandExecutor.java:83)
	at org.openqa.selenium.remote.RemoteWebDriver.execute(RemoteWebDriver.java:552)
	at com.kms.katalon.selenium.driver.CChromeDriver.execute(CChromeDriver.java:19)
	at org.openqa.selenium.remote.RemoteWebDriver.executeScript(RemoteWebDriver.java:489)
	at org.openqa.selenium.support.events.EventFiringWebDriver.lambda$new$1(EventFiringWebDriver.java:105)
	at com.sun.proxy.$Proxy10.executeScript(Unknown Source)
	at org.openqa.selenium.support.events.EventFiringWebDriver.executeScript(EventFiringWebDriver.java:229)
	at com.thoughtworks.selenium.webdriven.ElementFinder.findElement(ElementFinder.java:91)
	... 26 more
"/>
         <system-out><![CDATA[2023-12-16 21:04:53 - [TEST_CASE][ERROR] - Test Cases/IntegratedWeb/IWP23-SelIDE/AmpersandPC: Test Cases/IntegratedWeb/IWP23-SelIDE/AmpersandPC FAILED.
Reason:
com.thoughtworks.selenium.SeleniumException: Element name=variableField4DropdownGroupItemID not found
	at com.thoughtworks.selenium.webdriven.ElementFinder.findElement(ElementFinder.java:93)
	at com.thoughtworks.selenium.webdriven.commands.SeleniumSelect.<init>(SeleniumSelect.java:48)
	at com.thoughtworks.selenium.webdriven.commands.SelectOption.handleSeleneseCommand(SelectOption.java:41)
	at com.thoughtworks.selenium.webdriven.commands.SelectOption.handleSeleneseCommand(SelectOption.java:26)
	at com.thoughtworks.selenium.webdriven.SeleneseCommand.apply(SeleneseCommand.java:39)
	at com.thoughtworks.selenium.webdriven.Timer.run(Timer.java:41)
	at com.thoughtworks.selenium.webdriven.WebDriverCommandProcessor.execute(WebDriverCommandProcessor.java:150)
	at com.thoughtworks.selenium.webdriven.WebDriverCommandProcessor.doCommand(WebDriverCommandProcessor.java:76)
	at com.thoughtworks.selenium.DefaultSelenium.select(DefaultSelenium.java:350)
	at com.thoughtworks.selenium.Selenium$select$0.call(Unknown Source)
	at AmpersandPC.run(AmpersandPC:110)
	at com.kms.katalon.core.main.ScriptEngine.run(ScriptEngine.java:194)
	at com.kms.katalon.core.main.ScriptEngine.runScriptAsRawText(ScriptEngine.java:119)
	at com.kms.katalon.core.main.TestCaseExecutor.runScript(TestCaseExecutor.java:448)
	at com.kms.katalon.core.main.TestCaseExecutor.doExecute(TestCaseExecutor.java:439)
	at com.kms.katalon.core.main.TestCaseExecutor.processExecutionPhase(TestCaseExecutor.java:418)
	at com.kms.katalon.core.main.TestCaseExecutor.accessMainPhase(TestCaseExecutor.java:410)
	at com.kms.katalon.core.main.TestCaseExecutor.execute(TestCaseExecutor.java:285)
	at com.kms.katalon.core.main.TestCaseExecutor.execute(TestCaseExecutor.java:369)
	at com.kms.katalon.core.main.TestCaseExecutor.execute(TestCaseExecutor.java:369)
	at com.kms.katalon.core.main.TestCaseExecutor.execute(TestCaseExecutor.java:369)
	at com.kms.katalon.core.common.CommonExecutor.accessTestCaseMainPhase(CommonExecutor.java:65)
	at com.kms.katalon.core.main.TestSuiteExecutor.accessTestSuiteMainPhase(TestSuiteExecutor.java:148)
	at com.kms.katalon.core.main.TestSuiteExecutor.execute(TestSuiteExecutor.java:106)
	at com.kms.katalon.core.main.TestCaseMain.startTestSuite(TestCaseMain.java:187)
	at com.kms.katalon.core.main.TestCaseMain$startTestSuite$0.call(Unknown Source)
	at TempTestSuite1702778440031.run(TempTestSuite1702778440031.groovy:36)
Caused by: org.openqa.selenium.JavascriptException: javascript error: Element name=variableField4DropdownGroupItemID not found
  (Session info: chrome=120.0.6099.109)
Build info: version: '3.141.59', revision: 'e82be7d358', time: '2018-11-14T08:25:53'
System info: host: 'DESKTOP-B2QI6NS', ip: '172.31.253.139', os.name: 'Windows 10', os.arch: 'amd64', os.version: '10.0', java.version: '1.8.0_181'
Driver info: com.kms.katalon.selenium.driver.CChromeDriver
Capabilities {acceptInsecureCerts: true, browserName: chrome, browserVersion: 120.0.6099.109, chrome: {chromedriverVersion: 119.0.6045.105 (38c72552c5e..., userDataDir: C:\Users\imtiaz\AppData\Loc...}, fedcm:accounts: true, goog:chromeOptions: {debuggerAddress: localhost:50392}, javascriptEnabled: true, networkConnectionEnabled: false, pageLoadStrategy: normal, platform: WINDOWS, platformName: WINDOWS, proxy: Proxy(), setWindowRect: true, strictFileInteractability: false, timeouts: {implicit: 0, pageLoad: 300000, script: 30000}, unhandledPromptBehavior: dismiss and notify, webauthn:extension:credBlob: true, webauthn:extension:largeBlob: true, webauthn:extension:minPinLength: true, webauthn:extension:prf: true, webauthn:virtualAuthenticators: true}
Session ID: 74eec38d6240fb6e21d1f34ba36ab17e
	at org.openqa.selenium.remote.http.W3CHttpResponseCodec.createException(W3CHttpResponseCodec.java:187)
	at org.openqa.selenium.remote.http.W3CHttpResponseCodec.decode(W3CHttpResponseCodec.java:122)
	at org.openqa.selenium.remote.http.W3CHttpResponseCodec.decode(W3CHttpResponseCodec.java:49)
	at org.openqa.selenium.remote.HttpCommandExecutor.execute(HttpCommandExecutor.java:158)
	at org.openqa.selenium.remote.service.DriverCommandExecutor.execute(DriverCommandExecutor.java:83)
	at org.openqa.selenium.remote.RemoteWebDriver.execute(RemoteWebDriver.java:552)
	at com.kms.katalon.selenium.driver.CChromeDriver.execute(CChromeDriver.java:19)
	at org.openqa.selenium.remote.RemoteWebDriver.executeScript(RemoteWebDriver.java:489)
	at org.openqa.selenium.support.events.EventFiringWebDriver.lambda$new$1(EventFiringWebDriver.java:105)
	at com.sun.proxy.$Proxy10.executeScript(Unknown Source)
	at org.openqa.selenium.support.events.EventFiringWebDriver.executeScript(EventFiringWebDriver.java:229)
	at com.thoughtworks.selenium.webdriven.ElementFinder.findElement(ElementFinder.java:91)
	... 26 more


2023-12-16 21:04:53 - [TEST_STEP][PASSED] - softAssertion = new org.testng.asserts.SoftAssert(): null

2023-12-16 21:04:53 - [TEST_STEP][PASSED] - openBrowser("https://www.google.com/"): Browser is opened with url: 'https://www.google.com/'

2023-12-16 21:04:53 - [MESSAGE][WARNING] - A browser is already opened. Closing browser and opening a new one

2023-12-16 21:04:54 - [MESSAGE][INFO] - Starting 'Chrome' driver

2023-12-16 21:04:54 - [MESSAGE][INFO] - User set preference: ['acceptInsecureCerts', 'true']

2023-12-16 21:04:54 - [MESSAGE][INFO] - Action delay is set to 0 milliseconds

2023-12-16 21:04:57 - [MESSAGE][PASSED] - Browser is opened with url: 'https://www.google.com/'

2023-12-16 21:04:57 - [TEST_STEP][PASSED] - driver = getWebDriver(): null

2023-12-16 21:04:57 - [TEST_STEP][PASSED] - baseUrl = "https://www.google.com/": null

2023-12-16 21:04:57 - [TEST_STEP][PASSED] - selenium = new com.thoughtworks.selenium.webdriven.WebDriverBackedSelenium(driver, baseUrl): null

2023-12-16 21:04:57 - [TEST_STEP][PASSED] - println("Begin Test: AmpersandPC"): null

2023-12-16 21:04:57 - [TEST_STEP][PASSED] - emulatorURL = urlEmulator: null

2023-12-16 21:04:57 - [TEST_STEP][PASSED] - selenium.open(emulatorURL): null

2023-12-16 21:04:57 - [TEST_STEP][PASSED] - selenium.selectWindow("null"): null

2023-12-16 21:04:57 - [TEST_STEP][PASSED] - selenium.select("name=message_version", "label=2.3"): null

2023-12-16 21:04:57 - [TEST_STEP][PASSED] - selenium.waitForPageToLoad("30000"): null

2023-12-16 21:04:58 - [TEST_STEP][PASSED] - selenium.type("name=amount", 00".toString()): null

2023-12-16 21:04:58 - [TEST_STEP][PASSED] - selenium.type("name=client_account_number", "CAN12345"): null

2023-12-16 21:04:58 - [TEST_STEP][PASSED] - selenium.type("name=action_type", "PayNow"): null

2023-12-16 21:04:58 - [TEST_STEP][PASSED] - selenium.type("name=language", "en_US"): null

2023-12-16 21:04:58 - [TEST_STEP][PASSED] - selenium.type("name=billing_firstname", "Mandy"): null

2023-12-16 21:04:58 - [TEST_STEP][PASSED] - selenium.type("name=billing_lastname", "Iguera"): null

2023-12-16 21:04:58 - [TEST_STEP][PASSED] - selenium.type("name=billing_address", "56 World Center Drive".toString()): null

2023-12-16 21:04:58 - [TEST_STEP][PASSED] - selenium.type("name=billing_address2", "Suite 600".toString()): null

2023-12-16 21:04:58 - [TEST_STEP][PASSED] - selenium.type("name=billing_country_id", "840"): null

2023-12-16 21:04:58 - [TEST_STEP][PASSED] - selenium.type("name=billing_city", "Orlando"): null

2023-12-16 21:04:58 - [TEST_STEP][PASSED] - selenium.type("name=billing_state", "NH"): null

2023-12-16 21:04:59 - [TEST_STEP][PASSED] - selenium.type("name=billing_zip", "03106"): null

2023-12-16 21:04:59 - [TEST_STEP][PASSED] - selenium.type("name=order_number", "PPPPOOOO"): null

2023-12-16 21:04:59 - [TEST_STEP][PASSED] - selenium.type("name=user_defined1", "udf1"): null

2023-12-16 21:04:59 - [TEST_STEP][PASSED] - selenium.type("name=user_defined2", "udf2"): null

2023-12-16 21:04:59 - [TEST_STEP][PASSED] - selenium.type("name=user_defined3", "udf3"): null

2023-12-16 21:04:59 - [TEST_STEP][PASSED] - selenium.type("name=user_defined4", "Orange Label".toString()): null

2023-12-16 21:04:59 - [TEST_STEP][PASSED] - selenium.type("name=user_defined5", "Soccer Label".toString()): null

2023-12-16 21:04:59 - [TEST_STEP][PASSED] - selenium.click("name=submit"): null

2023-12-16 21:04:59 - [TEST_STEP][PASSED] - selenium.waitForPageToLoad("30000"): null

2023-12-16 21:05:00 - [TEST_STEP][PASSED] - Thread.sleep(2000): null

2023-12-16 21:05:02 - [TEST_STEP][PASSED] - testHarnessURL = urlTestHarness: null

2023-12-16 21:05:02 - [TEST_STEP][PASSED] - selenium.open(testHarnessURL): null

2023-12-16 21:05:02 - [TEST_STEP][PASSED] - selenium.type("name=application_id", "635"): null

2023-12-16 21:05:02 - [TEST_STEP][PASSED] - selenium.type("name=message_version", 3".toString()): null

2023-12-16 21:05:02 - [TEST_STEP][PASSED] - genRemIDVoid = RandomStringUtils.random(12, true, true): null

2023-12-16 21:05:02 - [TEST_STEP][PASSED] - selenium.type("name=remittance_id", genRemIDVoid): null

2023-12-16 21:05:02 - [TEST_STEP][PASSED] - selenium.click("css=input.formSubmit"): null

2023-12-16 21:05:03 - [TEST_STEP][PASSED] - selenium.waitForPageToLoad("30000"): null

2023-12-16 21:05:04 - [TEST_STEP][PASSED] - selenium.click("xpath=(//input[@name='paymentMethod'])[2]"): null

2023-12-16 21:05:04 - [TEST_STEP][PASSED] - selenium.click("css=input[type="submit"]"): null

2023-12-16 21:05:04 - [TEST_STEP][PASSED] - selenium.waitForPageToLoad("30000"): null

2023-12-16 21:05:05 - [TEST_STEP][PASSED] - selenium.type("name=amount", 50".toString()): null

2023-12-16 21:05:05 - [TEST_STEP][PASSED] - selenium.type("name=userDefined2", "udf2 data".toString()): null

2023-12-16 21:05:05 - [TEST_STEP][PASSED] - selenium.type("name=userDefined3", "udf3 data".toString()): null

2023-12-16 21:05:05 - [TEST_STEP][ERROR] - selenium.select("name=variableField4DropdownGroupItemID", "label=Purple"): Test Cases/IntegratedWeb/IWP23-SelIDE/AmpersandPC FAILED.
Reason:
com.thoughtworks.selenium.SeleniumException: Element name=variableField4DropdownGroupItemID not found
	at com.thoughtworks.selenium.webdriven.ElementFinder.findElement(ElementFinder.java:93)
	at com.thoughtworks.selenium.webdriven.commands.SeleniumSelect.<init>(SeleniumSelect.java:48)
	at com.thoughtworks.selenium.webdriven.commands.SelectOption.handleSeleneseCommand(SelectOption.java:41)
	at com.thoughtworks.selenium.webdriven.commands.SelectOption.handleSeleneseCommand(SelectOption.java:26)
	at com.thoughtworks.selenium.webdriven.SeleneseCommand.apply(SeleneseCommand.java:39)
	at com.thoughtworks.selenium.webdriven.Timer.run(Timer.java:41)
	at com.thoughtworks.selenium.webdriven.WebDriverCommandProcessor.execute(WebDriverCommandProcessor.java:150)
	at com.thoughtworks.selenium.webdriven.WebDriverCommandProcessor.doCommand(WebDriverCommandProcessor.java:76)
	at com.thoughtworks.selenium.DefaultSelenium.select(DefaultSelenium.java:350)
	at com.thoughtworks.selenium.Selenium$select$0.call(Unknown Source)
	at AmpersandPC.run(AmpersandPC:110)
	at com.kms.katalon.core.main.ScriptEngine.run(ScriptEngine.java:194)
	at com.kms.katalon.core.main.ScriptEngine.runScriptAsRawText(ScriptEngine.java:119)
	at com.kms.katalon.core.main.TestCaseExecutor.runScript(TestCaseExecutor.java:448)
	at com.kms.katalon.core.main.TestCaseExecutor.doExecute(TestCaseExecutor.java:439)
	at com.kms.katalon.core.main.TestCaseExecutor.processExecutionPhase(TestCaseExecutor.java:418)
	at com.kms.katalon.core.main.TestCaseExecutor.accessMainPhase(TestCaseExecutor.java:410)
	at com.kms.katalon.core.main.TestCaseExecutor.execute(TestCaseExecutor.java:285)
	at com.kms.katalon.core.main.TestCaseExecutor.execute(TestCaseExecutor.java:369)
	at com.kms.katalon.core.main.TestCaseExecutor.execute(TestCaseExecutor.java:369)
	at com.kms.katalon.core.main.TestCaseExecutor.execute(TestCaseExecutor.java:369)
	at com.kms.katalon.core.common.CommonExecutor.accessTestCaseMainPhase(CommonExecutor.java:65)
	at com.kms.katalon.core.main.TestSuiteExecutor.accessTestSuiteMainPhase(TestSuiteExecutor.java:148)
	at com.kms.katalon.core.main.TestSuiteExecutor.execute(TestSuiteExecutor.java:106)
	at com.kms.katalon.core.main.TestCaseMain.startTestSuite(TestCaseMain.java:187)
	at com.kms.katalon.core.main.TestCaseMain$startTestSuite$0.call(Unknown Source)
	at TempTestSuite1702778440031.run(TempTestSuite1702778440031.groovy:36)
Caused by: org.openqa.selenium.JavascriptException: javascript error: Element name=variableField4DropdownGroupItemID not found
  (Session info: chrome=120.0.6099.109)
Build info: version: '3.141.59', revision: 'e82be7d358', time: '2018-11-14T08:25:53'
System info: host: 'DESKTOP-B2QI6NS', ip: '172.31.253.139', os.name: 'Windows 10', os.arch: 'amd64', os.version: '10.0', java.version: '1.8.0_181'
Driver info: com.kms.katalon.selenium.driver.CChromeDriver
Capabilities {acceptInsecureCerts: true, browserName: chrome, browserVersion: 120.0.6099.109, chrome: {chromedriverVersion: 119.0.6045.105 (38c72552c5e..., userDataDir: C:\Users\imtiaz\AppData\Loc...}, fedcm:accounts: true, goog:chromeOptions: {debuggerAddress: localhost:50392}, javascriptEnabled: true, networkConnectionEnabled: false, pageLoadStrategy: normal, platform: WINDOWS, platformName: WINDOWS, proxy: Proxy(), setWindowRect: true, strictFileInteractability: false, timeouts: {implicit: 0, pageLoad: 300000, script: 30000}, unhandledPromptBehavior: dismiss and notify, webauthn:extension:credBlob: true, webauthn:extension:largeBlob: true, webauthn:extension:minPinLength: true, webauthn:extension:prf: true, webauthn:virtualAuthenticators: true}
Session ID: 74eec38d6240fb6e21d1f34ba36ab17e
	at org.openqa.selenium.remote.http.W3CHttpResponseCodec.createException(W3CHttpResponseCodec.java:187)
	at org.openqa.selenium.remote.http.W3CHttpResponseCodec.decode(W3CHttpResponseCodec.java:122)
	at org.openqa.selenium.remote.http.W3CHttpResponseCodec.decode(W3CHttpResponseCodec.java:49)
	at org.openqa.selenium.remote.HttpCommandExecutor.execute(HttpCommandExecutor.java:158)
	at org.openqa.selenium.remote.service.DriverCommandExecutor.execute(DriverCommandExecutor.java:83)
	at org.openqa.selenium.remote.RemoteWebDriver.execute(RemoteWebDriver.java:552)
	at com.kms.katalon.selenium.driver.CChromeDriver.execute(CChromeDriver.java:19)
	at org.openqa.selenium.remote.RemoteWebDriver.executeScript(RemoteWebDriver.java:489)
	at org.openqa.selenium.support.events.EventFiringWebDriver.lambda$new$1(EventFiringWebDriver.java:105)
	at com.sun.proxy.$Proxy10.executeScript(Unknown Source)
	at org.openqa.selenium.support.events.EventFiringWebDriver.executeScript(EventFiringWebDriver.java:229)
	at com.thoughtworks.selenium.webdriven.ElementFinder.findElement(ElementFinder.java:91)
	at com.thoughtworks.selenium.webdriven.commands.SeleniumSelect.<init>(SeleniumSelect.java:48)
	at com.thoughtworks.selenium.webdriven.commands.SelectOption.handleSeleneseCommand(SelectOption.java:41)
	at com.thoughtworks.selenium.webdriven.commands.SelectOption.handleSeleneseCommand(SelectOption.java:26)
	at com.thoughtworks.selenium.webdriven.SeleneseCommand.apply(SeleneseCommand.java:39)
	at com.thoughtworks.selenium.webdriven.Timer.run(Timer.java:41)
	at com.thoughtworks.selenium.webdriven.WebDriverCommandProcessor.execute(WebDriverCommandProcessor.java:150)
	at com.thoughtworks.selenium.webdriven.WebDriverCommandProcessor.doCommand(WebDriverCommandProcessor.java:76)
	at com.thoughtworks.selenium.DefaultSelenium.select(DefaultSelenium.java:350)
	at com.thoughtworks.selenium.Selenium$select$0.call(Unknown Source)
	at Script1702500281013.run(Script1702500281013.groovy:110)
	... 16 more


2023-12-16 21:05:05 - [MESSAGE][ERROR] - Test Cases/IntegratedWeb/IWP23-SelIDE/AmpersandPC FAILED.
Reason:
com.thoughtworks.selenium.SeleniumException: Element name=variableField4DropdownGroupItemID not found
	at com.thoughtworks.selenium.webdriven.ElementFinder.findElement(ElementFinder.java:93)
	at com.thoughtworks.selenium.webdriven.commands.SeleniumSelect.<init>(SeleniumSelect.java:48)
	at com.thoughtworks.selenium.webdriven.commands.SelectOption.handleSeleneseCommand(SelectOption.java:41)
	at com.thoughtworks.selenium.webdriven.commands.SelectOption.handleSeleneseCommand(SelectOption.java:26)
	at com.thoughtworks.selenium.webdriven.SeleneseCommand.apply(SeleneseCommand.java:39)
	at com.thoughtworks.selenium.webdriven.Timer.run(Timer.java:41)
	at com.thoughtworks.selenium.webdriven.WebDriverCommandProcessor.execute(WebDriverCommandProcessor.java:150)
	at com.thoughtworks.selenium.webdriven.WebDriverCommandProcessor.doCommand(WebDriverCommandProcessor.java:76)
	at com.thoughtworks.selenium.DefaultSelenium.select(DefaultSelenium.java:350)
	at com.thoughtworks.selenium.Selenium$select$0.call(Unknown Source)
	at AmpersandPC.run(AmpersandPC:110)
	at com.kms.katalon.core.main.ScriptEngine.run(ScriptEngine.java:194)
	at com.kms.katalon.core.main.ScriptEngine.runScriptAsRawText(ScriptEngine.java:119)
	at com.kms.katalon.core.main.TestCaseExecutor.runScript(TestCaseExecutor.java:448)
	at com.kms.katalon.core.main.TestCaseExecutor.doExecute(TestCaseExecutor.java:439)
	at com.kms.katalon.core.main.TestCaseExecutor.processExecutionPhase(TestCaseExecutor.java:418)
	at com.kms.katalon.core.main.TestCaseExecutor.accessMainPhase(TestCaseExecutor.java:410)
	at com.kms.katalon.core.main.TestCaseExecutor.execute(TestCaseExecutor.java:285)
	at com.kms.katalon.core.main.TestCaseExecutor.execute(TestCaseExecutor.java:369)
	at com.kms.katalon.core.main.TestCaseExecutor.execute(TestCaseExecutor.java:369)
	at com.kms.katalon.core.main.TestCaseExecutor.execute(TestCaseExecutor.java:369)
	at com.kms.katalon.core.common.CommonExecutor.accessTestCaseMainPhase(CommonExecutor.java:65)
	at com.kms.katalon.core.main.TestSuiteExecutor.accessTestSuiteMainPhase(TestSuiteExecutor.java:148)
	at com.kms.katalon.core.main.TestSuiteExecutor.execute(TestSuiteExecutor.java:106)
	at com.kms.katalon.core.main.TestCaseMain.startTestSuite(TestCaseMain.java:187)
	at com.kms.katalon.core.main.TestCaseMain$startTestSuite$0.call(Unknown Source)
	at TempTestSuite1702778440031.run(TempTestSuite1702778440031.groovy:36)
Caused by: org.openqa.selenium.JavascriptException: javascript error: Element name=variableField4DropdownGroupItemID not found
  (Session info: chrome=120.0.6099.109)
Build info: version: '3.141.59', revision: 'e82be7d358', time: '2018-11-14T08:25:53'
System info: host: 'DESKTOP-B2QI6NS', ip: '172.31.253.139', os.name: 'Windows 10', os.arch: 'amd64', os.version: '10.0', java.version: '1.8.0_181'
Driver info: com.kms.katalon.selenium.driver.CChromeDriver
Capabilities {acceptInsecureCerts: true, browserName: chrome, browserVersion: 120.0.6099.109, chrome: {chromedriverVersion: 119.0.6045.105 (38c72552c5e..., userDataDir: C:\Users\imtiaz\AppData\Loc...}, fedcm:accounts: true, goog:chromeOptions: {debuggerAddress: localhost:50392}, javascriptEnabled: true, networkConnectionEnabled: false, pageLoadStrategy: normal, platform: WINDOWS, platformName: WINDOWS, proxy: Proxy(), setWindowRect: true, strictFileInteractability: false, timeouts: {implicit: 0, pageLoad: 300000, script: 30000}, unhandledPromptBehavior: dismiss and notify, webauthn:extension:credBlob: true, webauthn:extension:largeBlob: true, webauthn:extension:minPinLength: true, webauthn:extension:prf: true, webauthn:virtualAuthenticators: true}
Session ID: 74eec38d6240fb6e21d1f34ba36ab17e
	at org.openqa.selenium.remote.http.W3CHttpResponseCodec.createException(W3CHttpResponseCodec.java:187)
	at org.openqa.selenium.remote.http.W3CHttpResponseCodec.decode(W3CHttpResponseCodec.java:122)
	at org.openqa.selenium.remote.http.W3CHttpResponseCodec.decode(W3CHttpResponseCodec.java:49)
	at org.openqa.selenium.remote.HttpCommandExecutor.execute(HttpCommandExecutor.java:158)
	at org.openqa.selenium.remote.service.DriverCommandExecutor.execute(DriverCommandExecutor.java:83)
	at org.openqa.selenium.remote.RemoteWebDriver.execute(RemoteWebDriver.java:552)
	at com.kms.katalon.selenium.driver.CChromeDriver.execute(CChromeDriver.java:19)
	at org.openqa.selenium.remote.RemoteWebDriver.executeScript(RemoteWebDriver.java:489)
	at org.openqa.selenium.support.events.EventFiringWebDriver.lambda$new$1(EventFiringWebDriver.java:105)
	at com.sun.proxy.$Proxy10.executeScript(Unknown Source)
	at org.openqa.selenium.support.events.EventFiringWebDriver.executeScript(EventFiringWebDriver.java:229)
	at com.thoughtworks.selenium.webdriven.ElementFinder.findElement(ElementFinder.java:91)
	at com.thoughtworks.selenium.webdriven.commands.SeleniumSelect.<init>(SeleniumSelect.java:48)
	at com.thoughtworks.selenium.webdriven.commands.SelectOption.handleSeleneseCommand(SelectOption.java:41)
	at com.thoughtworks.selenium.webdriven.commands.SelectOption.handleSeleneseCommand(SelectOption.java:26)
	at com.thoughtworks.selenium.webdriven.SeleneseCommand.apply(SeleneseCommand.java:39)
	at com.thoughtworks.selenium.webdriven.Timer.run(Timer.java:41)
	at com.thoughtworks.selenium.webdriven.WebDriverCommandProcessor.execute(WebDriverCommandProcessor.java:150)
	at com.thoughtworks.selenium.webdriven.WebDriverCommandProcessor.doCommand(WebDriverCommandProcessor.java:76)
	at com.thoughtworks.selenium.DefaultSelenium.select(DefaultSelenium.java:350)
	at com.thoughtworks.selenium.Selenium$select$0.call(Unknown Source)
	at Script1702500281013.run(Script1702500281013.groovy:110)
	... 16 more]]></system-out>
         <system-err><![CDATA[2023-12-16 21:04:53 - [TEST_CASE][ERROR] - Test Cases/IntegratedWeb/IWP23-SelIDE/AmpersandPC: Test Cases/IntegratedWeb/IWP23-SelIDE/AmpersandPC FAILED.
Reason:
com.thoughtworks.selenium.SeleniumException: Element name=variableField4DropdownGroupItemID not found
	at com.thoughtworks.selenium.webdriven.ElementFinder.findElement(ElementFinder.java:93)
	at com.thoughtworks.selenium.webdriven.commands.SeleniumSelect.<init>(SeleniumSelect.java:48)
	at com.thoughtworks.selenium.webdriven.commands.SelectOption.handleSeleneseCommand(SelectOption.java:41)
	at com.thoughtworks.selenium.webdriven.commands.SelectOption.handleSeleneseCommand(SelectOption.java:26)
	at com.thoughtworks.selenium.webdriven.SeleneseCommand.apply(SeleneseCommand.java:39)
	at com.thoughtworks.selenium.webdriven.Timer.run(Timer.java:41)
	at com.thoughtworks.selenium.webdriven.WebDriverCommandProcessor.execute(WebDriverCommandProcessor.java:150)
	at com.thoughtworks.selenium.webdriven.WebDriverCommandProcessor.doCommand(WebDriverCommandProcessor.java:76)
	at com.thoughtworks.selenium.DefaultSelenium.select(DefaultSelenium.java:350)
	at com.thoughtworks.selenium.Selenium$select$0.call(Unknown Source)
	at AmpersandPC.run(AmpersandPC:110)
	at com.kms.katalon.core.main.ScriptEngine.run(ScriptEngine.java:194)
	at com.kms.katalon.core.main.ScriptEngine.runScriptAsRawText(ScriptEngine.java:119)
	at com.kms.katalon.core.main.TestCaseExecutor.runScript(TestCaseExecutor.java:448)
	at com.kms.katalon.core.main.TestCaseExecutor.doExecute(TestCaseExecutor.java:439)
	at com.kms.katalon.core.main.TestCaseExecutor.processExecutionPhase(TestCaseExecutor.java:418)
	at com.kms.katalon.core.main.TestCaseExecutor.accessMainPhase(TestCaseExecutor.java:410)
	at com.kms.katalon.core.main.TestCaseExecutor.execute(TestCaseExecutor.java:285)
	at com.kms.katalon.core.main.TestCaseExecutor.execute(TestCaseExecutor.java:369)
	at com.kms.katalon.core.main.TestCaseExecutor.execute(TestCaseExecutor.java:369)
	at com.kms.katalon.core.main.TestCaseExecutor.execute(TestCaseExecutor.java:369)
	at com.kms.katalon.core.common.CommonExecutor.accessTestCaseMainPhase(CommonExecutor.java:65)
	at com.kms.katalon.core.main.TestSuiteExecutor.accessTestSuiteMainPhase(TestSuiteExecutor.java:148)
	at com.kms.katalon.core.main.TestSuiteExecutor.execute(TestSuiteExecutor.java:106)
	at com.kms.katalon.core.main.TestCaseMain.startTestSuite(TestCaseMain.java:187)
	at com.kms.katalon.core.main.TestCaseMain$startTestSuite$0.call(Unknown Source)
	at TempTestSuite1702778440031.run(TempTestSuite1702778440031.groovy:36)
Caused by: org.openqa.selenium.JavascriptException: javascript error: Element name=variableField4DropdownGroupItemID not found
  (Session info: chrome=120.0.6099.109)
Build info: version: '3.141.59', revision: 'e82be7d358', time: '2018-11-14T08:25:53'
System info: host: 'DESKTOP-B2QI6NS', ip: '172.31.253.139', os.name: 'Windows 10', os.arch: 'amd64', os.version: '10.0', java.version: '1.8.0_181'
Driver info: com.kms.katalon.selenium.driver.CChromeDriver
Capabilities {acceptInsecureCerts: true, browserName: chrome, browserVersion: 120.0.6099.109, chrome: {chromedriverVersion: 119.0.6045.105 (38c72552c5e..., userDataDir: C:\Users\imtiaz\AppData\Loc...}, fedcm:accounts: true, goog:chromeOptions: {debuggerAddress: localhost:50392}, javascriptEnabled: true, networkConnectionEnabled: false, pageLoadStrategy: normal, platform: WINDOWS, platformName: WINDOWS, proxy: Proxy(), setWindowRect: true, strictFileInteractability: false, timeouts: {implicit: 0, pageLoad: 300000, script: 30000}, unhandledPromptBehavior: dismiss and notify, webauthn:extension:credBlob: true, webauthn:extension:largeBlob: true, webauthn:extension:minPinLength: true, webauthn:extension:prf: true, webauthn:virtualAuthenticators: true}
Session ID: 74eec38d6240fb6e21d1f34ba36ab17e
	at org.openqa.selenium.remote.http.W3CHttpResponseCodec.createException(W3CHttpResponseCodec.java:187)
	at org.openqa.selenium.remote.http.W3CHttpResponseCodec.decode(W3CHttpResponseCodec.java:122)
	at org.openqa.selenium.remote.http.W3CHttpResponseCodec.decode(W3CHttpResponseCodec.java:49)
	at org.openqa.selenium.remote.HttpCommandExecutor.execute(HttpCommandExecutor.java:158)
	at org.openqa.selenium.remote.service.DriverCommandExecutor.execute(DriverCommandExecutor.java:83)
	at org.openqa.selenium.remote.RemoteWebDriver.execute(RemoteWebDriver.java:552)
	at com.kms.katalon.selenium.driver.CChromeDriver.execute(CChromeDriver.java:19)
	at org.openqa.selenium.remote.RemoteWebDriver.executeScript(RemoteWebDriver.java:489)
	at org.openqa.selenium.support.events.EventFiringWebDriver.lambda$new$1(EventFiringWebDriver.java:105)
	at com.sun.proxy.$Proxy10.executeScript(Unknown Source)
	at org.openqa.selenium.support.events.EventFiringWebDriver.executeScript(EventFiringWebDriver.java:229)
	at com.thoughtworks.selenium.webdriven.ElementFinder.findElement(ElementFinder.java:91)
	... 26 more]]></system-err>
      </testcase>
      <testcase name="Test Cases/IntegratedWeb/IWP23-SelIDE/CardExpirationError" time="12.473" classname="Test Cases/IntegratedWeb/IWP23-SelIDE/CardExpirationError" status="ERROR">
         <error type="ERROR" message="Test Cases/IntegratedWeb/IWP23-SelIDE/CardExpirationError FAILED.
Reason:
com.thoughtworks.selenium.SeleniumException: Element name=variableField4DropdownGroupItemID not found
	at com.thoughtworks.selenium.webdriven.ElementFinder.findElement(ElementFinder.java:93)
	at com.thoughtworks.selenium.webdriven.commands.SeleniumSelect.&lt;init>(SeleniumSelect.java:48)
	at com.thoughtworks.selenium.webdriven.commands.SelectOption.handleSeleneseCommand(SelectOption.java:41)
	at com.thoughtworks.selenium.webdriven.commands.SelectOption.handleSeleneseCommand(SelectOption.java:26)
	at com.thoughtworks.selenium.webdriven.SeleneseCommand.apply(SeleneseCommand.java:39)
	at com.thoughtworks.selenium.webdriven.Timer.run(Timer.java:41)
	at com.thoughtworks.selenium.webdriven.WebDriverCommandProcessor.execute(WebDriverCommandProcessor.java:150)
	at com.thoughtworks.selenium.webdriven.WebDriverCommandProcessor.doCommand(WebDriverCommandProcessor.java:76)
	at com.thoughtworks.selenium.DefaultSelenium.select(DefaultSelenium.java:350)
	at com.thoughtworks.selenium.Selenium$select$0.call(Unknown Source)
	at CardExpirationError.run(CardExpirationError:111)
	at com.kms.katalon.core.main.ScriptEngine.run(ScriptEngine.java:194)
	at com.kms.katalon.core.main.ScriptEngine.runScriptAsRawText(ScriptEngine.java:119)
	at com.kms.katalon.core.main.TestCaseExecutor.runScript(TestCaseExecutor.java:448)
	at com.kms.katalon.core.main.TestCaseExecutor.doExecute(TestCaseExecutor.java:439)
	at com.kms.katalon.core.main.TestCaseExecutor.processExecutionPhase(TestCaseExecutor.java:418)
	at com.kms.katalon.core.main.TestCaseExecutor.accessMainPhase(TestCaseExecutor.java:410)
	at com.kms.katalon.core.main.TestCaseExecutor.execute(TestCaseExecutor.java:285)
	at com.kms.katalon.core.main.TestCaseExecutor.execute(TestCaseExecutor.java:369)
	at com.kms.katalon.core.main.TestCaseExecutor.execute(TestCaseExecutor.java:369)
	at com.kms.katalon.core.main.TestCaseExecutor.execute(TestCaseExecutor.java:369)
	at com.kms.katalon.core.common.CommonExecutor.accessTestCaseMainPhase(CommonExecutor.java:65)
	at com.kms.katalon.core.main.TestSuiteExecutor.accessTestSuiteMainPhase(TestSuiteExecutor.java:148)
	at com.kms.katalon.core.main.TestSuiteExecutor.execute(TestSuiteExecutor.java:106)
	at com.kms.katalon.core.main.TestCaseMain.startTestSuite(TestCaseMain.java:187)
	at com.kms.katalon.core.main.TestCaseMain$startTestSuite$0.call(Unknown Source)
	at TempTestSuite1702778440031.run(TempTestSuite1702778440031.groovy:36)
Caused by: org.openqa.selenium.JavascriptException: javascript error: Element name=variableField4DropdownGroupItemID not found
  (Session info: chrome=120.0.6099.109)
Build info: version: '3.141.59', revision: 'e82be7d358', time: '2018-11-14T08:25:53'
System info: host: 'DESKTOP-B2QI6NS', ip: '172.31.253.139', os.name: 'Windows 10', os.arch: 'amd64', os.version: '10.0', java.version: '1.8.0_181'
Driver info: com.kms.katalon.selenium.driver.CChromeDriver
Capabilities {acceptInsecureCerts: true, browserName: chrome, browserVersion: 120.0.6099.109, chrome: {chromedriverVersion: 119.0.6045.105 (38c72552c5e..., userDataDir: C:\Users\imtiaz\AppData\Loc...}, fedcm:accounts: true, goog:chromeOptions: {debuggerAddress: localhost:50886}, javascriptEnabled: true, networkConnectionEnabled: false, pageLoadStrategy: normal, platform: WINDOWS, platformName: WINDOWS, proxy: Proxy(), setWindowRect: true, strictFileInteractability: false, timeouts: {implicit: 0, pageLoad: 300000, script: 30000}, unhandledPromptBehavior: dismiss and notify, webauthn:extension:credBlob: true, webauthn:extension:largeBlob: true, webauthn:extension:minPinLength: true, webauthn:extension:prf: true, webauthn:virtualAuthenticators: true}
Session ID: 1966c434819ab9b4922639ac498e4e4c
	at org.openqa.selenium.remote.http.W3CHttpResponseCodec.createException(W3CHttpResponseCodec.java:187)
	at org.openqa.selenium.remote.http.W3CHttpResponseCodec.decode(W3CHttpResponseCodec.java:122)
	at org.openqa.selenium.remote.http.W3CHttpResponseCodec.decode(W3CHttpResponseCodec.java:49)
	at org.openqa.selenium.remote.HttpCommandExecutor.execute(HttpCommandExecutor.java:158)
	at org.openqa.selenium.remote.service.DriverCommandExecutor.execute(DriverCommandExecutor.java:83)
	at org.openqa.selenium.remote.RemoteWebDriver.execute(RemoteWebDriver.java:552)
	at com.kms.katalon.selenium.driver.CChromeDriver.execute(CChromeDriver.java:19)
	at org.openqa.selenium.remote.RemoteWebDriver.executeScript(RemoteWebDriver.java:489)
	at org.openqa.selenium.support.events.EventFiringWebDriver.lambda$new$1(EventFiringWebDriver.java:105)
	at com.sun.proxy.$Proxy10.executeScript(Unknown Source)
	at org.openqa.selenium.support.events.EventFiringWebDriver.executeScript(EventFiringWebDriver.java:229)
	at com.thoughtworks.selenium.webdriven.ElementFinder.findElement(ElementFinder.java:91)
	... 26 more
"/>
         <system-out><![CDATA[2023-12-16 21:05:43 - [TEST_CASE][ERROR] - Test Cases/IntegratedWeb/IWP23-SelIDE/CardExpirationError: Test Cases/IntegratedWeb/IWP23-SelIDE/CardExpirationError FAILED.
Reason:
com.thoughtworks.selenium.SeleniumException: Element name=variableField4DropdownGroupItemID not found
	at com.thoughtworks.selenium.webdriven.ElementFinder.findElement(ElementFinder.java:93)
	at com.thoughtworks.selenium.webdriven.commands.SeleniumSelect.<init>(SeleniumSelect.java:48)
	at com.thoughtworks.selenium.webdriven.commands.SelectOption.handleSeleneseCommand(SelectOption.java:41)
	at com.thoughtworks.selenium.webdriven.commands.SelectOption.handleSeleneseCommand(SelectOption.java:26)
	at com.thoughtworks.selenium.webdriven.SeleneseCommand.apply(SeleneseCommand.java:39)
	at com.thoughtworks.selenium.webdriven.Timer.run(Timer.java:41)
	at com.thoughtworks.selenium.webdriven.WebDriverCommandProcessor.execute(WebDriverCommandProcessor.java:150)
	at com.thoughtworks.selenium.webdriven.WebDriverCommandProcessor.doCommand(WebDriverCommandProcessor.java:76)
	at com.thoughtworks.selenium.DefaultSelenium.select(DefaultSelenium.java:350)
	at com.thoughtworks.selenium.Selenium$select$0.call(Unknown Source)
	at CardExpirationError.run(CardExpirationError:111)
	at com.kms.katalon.core.main.ScriptEngine.run(ScriptEngine.java:194)
	at com.kms.katalon.core.main.ScriptEngine.runScriptAsRawText(ScriptEngine.java:119)
	at com.kms.katalon.core.main.TestCaseExecutor.runScript(TestCaseExecutor.java:448)
	at com.kms.katalon.core.main.TestCaseExecutor.doExecute(TestCaseExecutor.java:439)
	at com.kms.katalon.core.main.TestCaseExecutor.processExecutionPhase(TestCaseExecutor.java:418)
	at com.kms.katalon.core.main.TestCaseExecutor.accessMainPhase(TestCaseExecutor.java:410)
	at com.kms.katalon.core.main.TestCaseExecutor.execute(TestCaseExecutor.java:285)
	at com.kms.katalon.core.main.TestCaseExecutor.execute(TestCaseExecutor.java:369)
	at com.kms.katalon.core.main.TestCaseExecutor.execute(TestCaseExecutor.java:369)
	at com.kms.katalon.core.main.TestCaseExecutor.execute(TestCaseExecutor.java:369)
	at com.kms.katalon.core.common.CommonExecutor.accessTestCaseMainPhase(CommonExecutor.java:65)
	at com.kms.katalon.core.main.TestSuiteExecutor.accessTestSuiteMainPhase(TestSuiteExecutor.java:148)
	at com.kms.katalon.core.main.TestSuiteExecutor.execute(TestSuiteExecutor.java:106)
	at com.kms.katalon.core.main.TestCaseMain.startTestSuite(TestCaseMain.java:187)
	at com.kms.katalon.core.main.TestCaseMain$startTestSuite$0.call(Unknown Source)
	at TempTestSuite1702778440031.run(TempTestSuite1702778440031.groovy:36)
Caused by: org.openqa.selenium.JavascriptException: javascript error: Element name=variableField4DropdownGroupItemID not found
  (Session info: chrome=120.0.6099.109)
Build info: version: '3.141.59', revision: 'e82be7d358', time: '2018-11-14T08:25:53'
System info: host: 'DESKTOP-B2QI6NS', ip: '172.31.253.139', os.name: 'Windows 10', os.arch: 'amd64', os.version: '10.0', java.version: '1.8.0_181'
Driver info: com.kms.katalon.selenium.driver.CChromeDriver
Capabilities {acceptInsecureCerts: true, browserName: chrome, browserVersion: 120.0.6099.109, chrome: {chromedriverVersion: 119.0.6045.105 (38c72552c5e..., userDataDir: C:\Users\imtiaz\AppData\Loc...}, fedcm:accounts: true, goog:chromeOptions: {debuggerAddress: localhost:50886}, javascriptEnabled: true, networkConnectionEnabled: false, pageLoadStrategy: normal, platform: WINDOWS, platformName: WINDOWS, proxy: Proxy(), setWindowRect: true, strictFileInteractability: false, timeouts: {implicit: 0, pageLoad: 300000, script: 30000}, unhandledPromptBehavior: dismiss and notify, webauthn:extension:credBlob: true, webauthn:extension:largeBlob: true, webauthn:extension:minPinLength: true, webauthn:extension:prf: true, webauthn:virtualAuthenticators: true}
Session ID: 1966c434819ab9b4922639ac498e4e4c
	at org.openqa.selenium.remote.http.W3CHttpResponseCodec.createException(W3CHttpResponseCodec.java:187)
	at org.openqa.selenium.remote.http.W3CHttpResponseCodec.decode(W3CHttpResponseCodec.java:122)
	at org.openqa.selenium.remote.http.W3CHttpResponseCodec.decode(W3CHttpResponseCodec.java:49)
	at org.openqa.selenium.remote.HttpCommandExecutor.execute(HttpCommandExecutor.java:158)
	at org.openqa.selenium.remote.service.DriverCommandExecutor.execute(DriverCommandExecutor.java:83)
	at org.openqa.selenium.remote.RemoteWebDriver.execute(RemoteWebDriver.java:552)
	at com.kms.katalon.selenium.driver.CChromeDriver.execute(CChromeDriver.java:19)
	at org.openqa.selenium.remote.RemoteWebDriver.executeScript(RemoteWebDriver.java:489)
	at org.openqa.selenium.support.events.EventFiringWebDriver.lambda$new$1(EventFiringWebDriver.java:105)
	at com.sun.proxy.$Proxy10.executeScript(Unknown Source)
	at org.openqa.selenium.support.events.EventFiringWebDriver.executeScript(EventFiringWebDriver.java:229)
	at com.thoughtworks.selenium.webdriven.ElementFinder.findElement(ElementFinder.java:91)
	... 26 more


2023-12-16 21:05:43 - [TEST_STEP][PASSED] - softAssertion = new org.testng.asserts.SoftAssert(): null

2023-12-16 21:05:43 - [TEST_STEP][PASSED] - openBrowser("https://www.google.com/"): Browser is opened with url: 'https://www.google.com/'

2023-12-16 21:05:43 - [MESSAGE][WARNING] - A browser is already opened. Closing browser and opening a new one

2023-12-16 21:05:44 - [MESSAGE][INFO] - Starting 'Chrome' driver

2023-12-16 21:05:44 - [MESSAGE][INFO] - User set preference: ['acceptInsecureCerts', 'true']

2023-12-16 21:05:44 - [MESSAGE][INFO] - Action delay is set to 0 milliseconds

2023-12-16 21:05:47 - [MESSAGE][PASSED] - Browser is opened with url: 'https://www.google.com/'

2023-12-16 21:05:47 - [TEST_STEP][PASSED] - driver = getWebDriver(): null

2023-12-16 21:05:47 - [TEST_STEP][PASSED] - baseUrl = "https://www.google.com/": null

2023-12-16 21:05:47 - [TEST_STEP][PASSED] - selenium = new com.thoughtworks.selenium.webdriven.WebDriverBackedSelenium(driver, baseUrl): null

2023-12-16 21:05:47 - [TEST_STEP][PASSED] - println("Begin Test: CardExpirationError"): null

2023-12-16 21:05:47 - [TEST_STEP][PASSED] - emulatorURL = urlEmulator: null

2023-12-16 21:05:47 - [TEST_STEP][PASSED] - selenium.open(emulatorURL): null

2023-12-16 21:05:47 - [TEST_STEP][PASSED] - selenium.selectWindow("null"): null

2023-12-16 21:05:47 - [TEST_STEP][PASSED] - selenium.select("name=message_version", "label=2.3"): null

2023-12-16 21:05:48 - [TEST_STEP][PASSED] - selenium.waitForPageToLoad("30000"): null

2023-12-16 21:05:48 - [TEST_STEP][PASSED] - selenium.type("name=amount", 00".toString()): null

2023-12-16 21:05:48 - [TEST_STEP][PASSED] - selenium.type("name=client_account_number", "CAN12345"): null

2023-12-16 21:05:48 - [TEST_STEP][PASSED] - selenium.type("name=action_type", "PayNow"): null

2023-12-16 21:05:48 - [TEST_STEP][PASSED] - selenium.type("name=language", "en_US"): null

2023-12-16 21:05:48 - [TEST_STEP][PASSED] - selenium.type("name=billing_firstname", "Mandy"): null

2023-12-16 21:05:48 - [TEST_STEP][PASSED] - selenium.type("name=billing_lastname", "Iguera"): null

2023-12-16 21:05:49 - [TEST_STEP][PASSED] - selenium.type("name=billing_address", "56 World Center Drive".toString()): null

2023-12-16 21:05:49 - [TEST_STEP][PASSED] - selenium.type("name=billing_address2", "Suite 600".toString()): null

2023-12-16 21:05:49 - [TEST_STEP][PASSED] - selenium.type("name=billing_country_id", "840"): null

2023-12-16 21:05:49 - [TEST_STEP][PASSED] - selenium.type("name=billing_city", "Orlando"): null

2023-12-16 21:05:49 - [TEST_STEP][PASSED] - selenium.type("name=billing_state", "NH"): null

2023-12-16 21:05:49 - [TEST_STEP][PASSED] - selenium.type("name=billing_zip", "03106"): null

2023-12-16 21:05:49 - [TEST_STEP][PASSED] - selenium.type("name=order_number", "PPPPOOOO"): null

2023-12-16 21:05:49 - [TEST_STEP][PASSED] - selenium.type("name=user_defined1", "udf1"): null

2023-12-16 21:05:49 - [TEST_STEP][PASSED] - selenium.type("name=user_defined2", "udf2"): null

2023-12-16 21:05:49 - [TEST_STEP][PASSED] - selenium.type("name=user_defined3", "udf3"): null

2023-12-16 21:05:49 - [TEST_STEP][PASSED] - selenium.type("name=user_defined4", "Orange Label".toString()): null

2023-12-16 21:05:49 - [TEST_STEP][PASSED] - selenium.type("name=user_defined5", "Soccer Label".toString()): null

2023-12-16 21:05:49 - [TEST_STEP][PASSED] - selenium.click("name=submit"): null

2023-12-16 21:05:49 - [TEST_STEP][PASSED] - selenium.waitForPageToLoad("30000"): null

2023-12-16 21:05:50 - [TEST_STEP][PASSED] - Thread.sleep(2000): null

2023-12-16 21:05:52 - [TEST_STEP][PASSED] - testHarnessURL = urlTestHarness: null

2023-12-16 21:05:52 - [TEST_STEP][PASSED] - selenium.open(testHarnessURL): null

2023-12-16 21:05:52 - [TEST_STEP][PASSED] - selenium.type("name=application_id", "635"): null

2023-12-16 21:05:52 - [TEST_STEP][PASSED] - selenium.type("name=message_version", 3".toString()): null

2023-12-16 21:05:52 - [TEST_STEP][PASSED] - genRemIDVoid = RandomStringUtils.random(12, true, true): null

2023-12-16 21:05:52 - [TEST_STEP][PASSED] - selenium.type("name=remittance_id", genRemIDVoid): null

2023-12-16 21:05:52 - [TEST_STEP][PASSED] - selenium.click("css=input.formSubmit"): null

2023-12-16 21:05:53 - [TEST_STEP][PASSED] - selenium.waitForPageToLoad("30000"): null

2023-12-16 21:05:54 - [TEST_STEP][PASSED] - selenium.selectWindow("null"): null

2023-12-16 21:05:54 - [TEST_STEP][PASSED] - selenium.click("name=paymentMethod"): null

2023-12-16 21:05:54 - [TEST_STEP][PASSED] - selenium.click("css=input[type="submit"]"): null

2023-12-16 21:05:55 - [TEST_STEP][PASSED] - selenium.waitForPageToLoad("30000"): null

2023-12-16 21:05:55 - [TEST_STEP][PASSED] - selenium.type("name=amount", 00".toString()): null

2023-12-16 21:05:56 - [TEST_STEP][PASSED] - selenium.type("name=userDefined2", "udf2 new".toString()): null

2023-12-16 21:05:56 - [TEST_STEP][PASSED] - selenium.type("name=userDefined3", "udf3 new".toString()): null

2023-12-16 21:05:56 - [TEST_STEP][ERROR] - selenium.select("name=variableField4DropdownGroupItemID", "label=Purple"): Test Cases/IntegratedWeb/IWP23-SelIDE/CardExpirationError FAILED.
Reason:
com.thoughtworks.selenium.SeleniumException: Element name=variableField4DropdownGroupItemID not found
	at com.thoughtworks.selenium.webdriven.ElementFinder.findElement(ElementFinder.java:93)
	at com.thoughtworks.selenium.webdriven.commands.SeleniumSelect.<init>(SeleniumSelect.java:48)
	at com.thoughtworks.selenium.webdriven.commands.SelectOption.handleSeleneseCommand(SelectOption.java:41)
	at com.thoughtworks.selenium.webdriven.commands.SelectOption.handleSeleneseCommand(SelectOption.java:26)
	at com.thoughtworks.selenium.webdriven.SeleneseCommand.apply(SeleneseCommand.java:39)
	at com.thoughtworks.selenium.webdriven.Timer.run(Timer.java:41)
	at com.thoughtworks.selenium.webdriven.WebDriverCommandProcessor.execute(WebDriverCommandProcessor.java:150)
	at com.thoughtworks.selenium.webdriven.WebDriverCommandProcessor.doCommand(WebDriverCommandProcessor.java:76)
	at com.thoughtworks.selenium.DefaultSelenium.select(DefaultSelenium.java:350)
	at com.thoughtworks.selenium.Selenium$select$0.call(Unknown Source)
	at CardExpirationError.run(CardExpirationError:111)
	at com.kms.katalon.core.main.ScriptEngine.run(ScriptEngine.java:194)
	at com.kms.katalon.core.main.ScriptEngine.runScriptAsRawText(ScriptEngine.java:119)
	at com.kms.katalon.core.main.TestCaseExecutor.runScript(TestCaseExecutor.java:448)
	at com.kms.katalon.core.main.TestCaseExecutor.doExecute(TestCaseExecutor.java:439)
	at com.kms.katalon.core.main.TestCaseExecutor.processExecutionPhase(TestCaseExecutor.java:418)
	at com.kms.katalon.core.main.TestCaseExecutor.accessMainPhase(TestCaseExecutor.java:410)
	at com.kms.katalon.core.main.TestCaseExecutor.execute(TestCaseExecutor.java:285)
	at com.kms.katalon.core.main.TestCaseExecutor.execute(TestCaseExecutor.java:369)
	at com.kms.katalon.core.main.TestCaseExecutor.execute(TestCaseExecutor.java:369)
	at com.kms.katalon.core.main.TestCaseExecutor.execute(TestCaseExecutor.java:369)
	at com.kms.katalon.core.common.CommonExecutor.accessTestCaseMainPhase(CommonExecutor.java:65)
	at com.kms.katalon.core.main.TestSuiteExecutor.accessTestSuiteMainPhase(TestSuiteExecutor.java:148)
	at com.kms.katalon.core.main.TestSuiteExecutor.execute(TestSuiteExecutor.java:106)
	at com.kms.katalon.core.main.TestCaseMain.startTestSuite(TestCaseMain.java:187)
	at com.kms.katalon.core.main.TestCaseMain$startTestSuite$0.call(Unknown Source)
	at TempTestSuite1702778440031.run(TempTestSuite1702778440031.groovy:36)
Caused by: org.openqa.selenium.JavascriptException: javascript error: Element name=variableField4DropdownGroupItemID not found
  (Session info: chrome=120.0.6099.109)
Build info: version: '3.141.59', revision: 'e82be7d358', time: '2018-11-14T08:25:53'
System info: host: 'DESKTOP-B2QI6NS', ip: '172.31.253.139', os.name: 'Windows 10', os.arch: 'amd64', os.version: '10.0', java.version: '1.8.0_181'
Driver info: com.kms.katalon.selenium.driver.CChromeDriver
Capabilities {acceptInsecureCerts: true, browserName: chrome, browserVersion: 120.0.6099.109, chrome: {chromedriverVersion: 119.0.6045.105 (38c72552c5e..., userDataDir: C:\Users\imtiaz\AppData\Loc...}, fedcm:accounts: true, goog:chromeOptions: {debuggerAddress: localhost:50886}, javascriptEnabled: true, networkConnectionEnabled: false, pageLoadStrategy: normal, platform: WINDOWS, platformName: WINDOWS, proxy: Proxy(), setWindowRect: true, strictFileInteractability: false, timeouts: {implicit: 0, pageLoad: 300000, script: 30000}, unhandledPromptBehavior: dismiss and notify, webauthn:extension:credBlob: true, webauthn:extension:largeBlob: true, webauthn:extension:minPinLength: true, webauthn:extension:prf: true, webauthn:virtualAuthenticators: true}
Session ID: 1966c434819ab9b4922639ac498e4e4c
	at org.openqa.selenium.remote.http.W3CHttpResponseCodec.createException(W3CHttpResponseCodec.java:187)
	at org.openqa.selenium.remote.http.W3CHttpResponseCodec.decode(W3CHttpResponseCodec.java:122)
	at org.openqa.selenium.remote.http.W3CHttpResponseCodec.decode(W3CHttpResponseCodec.java:49)
	at org.openqa.selenium.remote.HttpCommandExecutor.execute(HttpCommandExecutor.java:158)
	at org.openqa.selenium.remote.service.DriverCommandExecutor.execute(DriverCommandExecutor.java:83)
	at org.openqa.selenium.remote.RemoteWebDriver.execute(RemoteWebDriver.java:552)
	at com.kms.katalon.selenium.driver.CChromeDriver.execute(CChromeDriver.java:19)
	at org.openqa.selenium.remote.RemoteWebDriver.executeScript(RemoteWebDriver.java:489)
	at org.openqa.selenium.support.events.EventFiringWebDriver.lambda$new$1(EventFiringWebDriver.java:105)
	at com.sun.proxy.$Proxy10.executeScript(Unknown Source)
	at org.openqa.selenium.support.events.EventFiringWebDriver.executeScript(EventFiringWebDriver.java:229)
	at com.thoughtworks.selenium.webdriven.ElementFinder.findElement(ElementFinder.java:91)
	at com.thoughtworks.selenium.webdriven.commands.SeleniumSelect.<init>(SeleniumSelect.java:48)
	at com.thoughtworks.selenium.webdriven.commands.SelectOption.handleSeleneseCommand(SelectOption.java:41)
	at com.thoughtworks.selenium.webdriven.commands.SelectOption.handleSeleneseCommand(SelectOption.java:26)
	at com.thoughtworks.selenium.webdriven.SeleneseCommand.apply(SeleneseCommand.java:39)
	at com.thoughtworks.selenium.webdriven.Timer.run(Timer.java:41)
	at com.thoughtworks.selenium.webdriven.WebDriverCommandProcessor.execute(WebDriverCommandProcessor.java:150)
	at com.thoughtworks.selenium.webdriven.WebDriverCommandProcessor.doCommand(WebDriverCommandProcessor.java:76)
	at com.thoughtworks.selenium.DefaultSelenium.select(DefaultSelenium.java:350)
	at com.thoughtworks.selenium.Selenium$select$0.call(Unknown Source)
	at Script1702500301604.run(Script1702500301604.groovy:111)
	... 16 more


2023-12-16 21:05:56 - [MESSAGE][ERROR] - Test Cases/IntegratedWeb/IWP23-SelIDE/CardExpirationError FAILED.
Reason:
com.thoughtworks.selenium.SeleniumException: Element name=variableField4DropdownGroupItemID not found
	at com.thoughtworks.selenium.webdriven.ElementFinder.findElement(ElementFinder.java:93)
	at com.thoughtworks.selenium.webdriven.commands.SeleniumSelect.<init>(SeleniumSelect.java:48)
	at com.thoughtworks.selenium.webdriven.commands.SelectOption.handleSeleneseCommand(SelectOption.java:41)
	at com.thoughtworks.selenium.webdriven.commands.SelectOption.handleSeleneseCommand(SelectOption.java:26)
	at com.thoughtworks.selenium.webdriven.SeleneseCommand.apply(SeleneseCommand.java:39)
	at com.thoughtworks.selenium.webdriven.Timer.run(Timer.java:41)
	at com.thoughtworks.selenium.webdriven.WebDriverCommandProcessor.execute(WebDriverCommandProcessor.java:150)
	at com.thoughtworks.selenium.webdriven.WebDriverCommandProcessor.doCommand(WebDriverCommandProcessor.java:76)
	at com.thoughtworks.selenium.DefaultSelenium.select(DefaultSelenium.java:350)
	at com.thoughtworks.selenium.Selenium$select$0.call(Unknown Source)
	at CardExpirationError.run(CardExpirationError:111)
	at com.kms.katalon.core.main.ScriptEngine.run(ScriptEngine.java:194)
	at com.kms.katalon.core.main.ScriptEngine.runScriptAsRawText(ScriptEngine.java:119)
	at com.kms.katalon.core.main.TestCaseExecutor.runScript(TestCaseExecutor.java:448)
	at com.kms.katalon.core.main.TestCaseExecutor.doExecute(TestCaseExecutor.java:439)
	at com.kms.katalon.core.main.TestCaseExecutor.processExecutionPhase(TestCaseExecutor.java:418)
	at com.kms.katalon.core.main.TestCaseExecutor.accessMainPhase(TestCaseExecutor.java:410)
	at com.kms.katalon.core.main.TestCaseExecutor.execute(TestCaseExecutor.java:285)
	at com.kms.katalon.core.main.TestCaseExecutor.execute(TestCaseExecutor.java:369)
	at com.kms.katalon.core.main.TestCaseExecutor.execute(TestCaseExecutor.java:369)
	at com.kms.katalon.core.main.TestCaseExecutor.execute(TestCaseExecutor.java:369)
	at com.kms.katalon.core.common.CommonExecutor.accessTestCaseMainPhase(CommonExecutor.java:65)
	at com.kms.katalon.core.main.TestSuiteExecutor.accessTestSuiteMainPhase(TestSuiteExecutor.java:148)
	at com.kms.katalon.core.main.TestSuiteExecutor.execute(TestSuiteExecutor.java:106)
	at com.kms.katalon.core.main.TestCaseMain.startTestSuite(TestCaseMain.java:187)
	at com.kms.katalon.core.main.TestCaseMain$startTestSuite$0.call(Unknown Source)
	at TempTestSuite1702778440031.run(TempTestSuite1702778440031.groovy:36)
Caused by: org.openqa.selenium.JavascriptException: javascript error: Element name=variableField4DropdownGroupItemID not found
  (Session info: chrome=120.0.6099.109)
Build info: version: '3.141.59', revision: 'e82be7d358', time: '2018-11-14T08:25:53'
System info: host: 'DESKTOP-B2QI6NS', ip: '172.31.253.139', os.name: 'Windows 10', os.arch: 'amd64', os.version: '10.0', java.version: '1.8.0_181'
Driver info: com.kms.katalon.selenium.driver.CChromeDriver
Capabilities {acceptInsecureCerts: true, browserName: chrome, browserVersion: 120.0.6099.109, chrome: {chromedriverVersion: 119.0.6045.105 (38c72552c5e..., userDataDir: C:\Users\imtiaz\AppData\Loc...}, fedcm:accounts: true, goog:chromeOptions: {debuggerAddress: localhost:50886}, javascriptEnabled: true, networkConnectionEnabled: false, pageLoadStrategy: normal, platform: WINDOWS, platformName: WINDOWS, proxy: Proxy(), setWindowRect: true, strictFileInteractability: false, timeouts: {implicit: 0, pageLoad: 300000, script: 30000}, unhandledPromptBehavior: dismiss and notify, webauthn:extension:credBlob: true, webauthn:extension:largeBlob: true, webauthn:extension:minPinLength: true, webauthn:extension:prf: true, webauthn:virtualAuthenticators: true}
Session ID: 1966c434819ab9b4922639ac498e4e4c
	at org.openqa.selenium.remote.http.W3CHttpResponseCodec.createException(W3CHttpResponseCodec.java:187)
	at org.openqa.selenium.remote.http.W3CHttpResponseCodec.decode(W3CHttpResponseCodec.java:122)
	at org.openqa.selenium.remote.http.W3CHttpResponseCodec.decode(W3CHttpResponseCodec.java:49)
	at org.openqa.selenium.remote.HttpCommandExecutor.execute(HttpCommandExecutor.java:158)
	at org.openqa.selenium.remote.service.DriverCommandExecutor.execute(DriverCommandExecutor.java:83)
	at org.openqa.selenium.remote.RemoteWebDriver.execute(RemoteWebDriver.java:552)
	at com.kms.katalon.selenium.driver.CChromeDriver.execute(CChromeDriver.java:19)
	at org.openqa.selenium.remote.RemoteWebDriver.executeScript(RemoteWebDriver.java:489)
	at org.openqa.selenium.support.events.EventFiringWebDriver.lambda$new$1(EventFiringWebDriver.java:105)
	at com.sun.proxy.$Proxy10.executeScript(Unknown Source)
	at org.openqa.selenium.support.events.EventFiringWebDriver.executeScript(EventFiringWebDriver.java:229)
	at com.thoughtworks.selenium.webdriven.ElementFinder.findElement(ElementFinder.java:91)
	at com.thoughtworks.selenium.webdriven.commands.SeleniumSelect.<init>(SeleniumSelect.java:48)
	at com.thoughtworks.selenium.webdriven.commands.SelectOption.handleSeleneseCommand(SelectOption.java:41)
	at com.thoughtworks.selenium.webdriven.commands.SelectOption.handleSeleneseCommand(SelectOption.java:26)
	at com.thoughtworks.selenium.webdriven.SeleneseCommand.apply(SeleneseCommand.java:39)
	at com.thoughtworks.selenium.webdriven.Timer.run(Timer.java:41)
	at com.thoughtworks.selenium.webdriven.WebDriverCommandProcessor.execute(WebDriverCommandProcessor.java:150)
	at com.thoughtworks.selenium.webdriven.WebDriverCommandProcessor.doCommand(WebDriverCommandProcessor.java:76)
	at com.thoughtworks.selenium.DefaultSelenium.select(DefaultSelenium.java:350)
	at com.thoughtworks.selenium.Selenium$select$0.call(Unknown Source)
	at Script1702500301604.run(Script1702500301604.groovy:111)
	... 16 more]]></system-out>
         <system-err><![CDATA[2023-12-16 21:05:43 - [TEST_CASE][ERROR] - Test Cases/IntegratedWeb/IWP23-SelIDE/CardExpirationError: Test Cases/IntegratedWeb/IWP23-SelIDE/CardExpirationError FAILED.
Reason:
com.thoughtworks.selenium.SeleniumException: Element name=variableField4DropdownGroupItemID not found
	at com.thoughtworks.selenium.webdriven.ElementFinder.findElement(ElementFinder.java:93)
	at com.thoughtworks.selenium.webdriven.commands.SeleniumSelect.<init>(SeleniumSelect.java:48)
	at com.thoughtworks.selenium.webdriven.commands.SelectOption.handleSeleneseCommand(SelectOption.java:41)
	at com.thoughtworks.selenium.webdriven.commands.SelectOption.handleSeleneseCommand(SelectOption.java:26)
	at com.thoughtworks.selenium.webdriven.SeleneseCommand.apply(SeleneseCommand.java:39)
	at com.thoughtworks.selenium.webdriven.Timer.run(Timer.java:41)
	at com.thoughtworks.selenium.webdriven.WebDriverCommandProcessor.execute(WebDriverCommandProcessor.java:150)
	at com.thoughtworks.selenium.webdriven.WebDriverCommandProcessor.doCommand(WebDriverCommandProcessor.java:76)
	at com.thoughtworks.selenium.DefaultSelenium.select(DefaultSelenium.java:350)
	at com.thoughtworks.selenium.Selenium$select$0.call(Unknown Source)
	at CardExpirationError.run(CardExpirationError:111)
	at com.kms.katalon.core.main.ScriptEngine.run(ScriptEngine.java:194)
	at com.kms.katalon.core.main.ScriptEngine.runScriptAsRawText(ScriptEngine.java:119)
	at com.kms.katalon.core.main.TestCaseExecutor.runScript(TestCaseExecutor.java:448)
	at com.kms.katalon.core.main.TestCaseExecutor.doExecute(TestCaseExecutor.java:439)
	at com.kms.katalon.core.main.TestCaseExecutor.processExecutionPhase(TestCaseExecutor.java:418)
	at com.kms.katalon.core.main.TestCaseExecutor.accessMainPhase(TestCaseExecutor.java:410)
	at com.kms.katalon.core.main.TestCaseExecutor.execute(TestCaseExecutor.java:285)
	at com.kms.katalon.core.main.TestCaseExecutor.execute(TestCaseExecutor.java:369)
	at com.kms.katalon.core.main.TestCaseExecutor.execute(TestCaseExecutor.java:369)
	at com.kms.katalon.core.main.TestCaseExecutor.execute(TestCaseExecutor.java:369)
	at com.kms.katalon.core.common.CommonExecutor.accessTestCaseMainPhase(CommonExecutor.java:65)
	at com.kms.katalon.core.main.TestSuiteExecutor.accessTestSuiteMainPhase(TestSuiteExecutor.java:148)
	at com.kms.katalon.core.main.TestSuiteExecutor.execute(TestSuiteExecutor.java:106)
	at com.kms.katalon.core.main.TestCaseMain.startTestSuite(TestCaseMain.java:187)
	at com.kms.katalon.core.main.TestCaseMain$startTestSuite$0.call(Unknown Source)
	at TempTestSuite1702778440031.run(TempTestSuite1702778440031.groovy:36)
Caused by: org.openqa.selenium.JavascriptException: javascript error: Element name=variableField4DropdownGroupItemID not found
  (Session info: chrome=120.0.6099.109)
Build info: version: '3.141.59', revision: 'e82be7d358', time: '2018-11-14T08:25:53'
System info: host: 'DESKTOP-B2QI6NS', ip: '172.31.253.139', os.name: 'Windows 10', os.arch: 'amd64', os.version: '10.0', java.version: '1.8.0_181'
Driver info: com.kms.katalon.selenium.driver.CChromeDriver
Capabilities {acceptInsecureCerts: true, browserName: chrome, browserVersion: 120.0.6099.109, chrome: {chromedriverVersion: 119.0.6045.105 (38c72552c5e..., userDataDir: C:\Users\imtiaz\AppData\Loc...}, fedcm:accounts: true, goog:chromeOptions: {debuggerAddress: localhost:50886}, javascriptEnabled: true, networkConnectionEnabled: false, pageLoadStrategy: normal, platform: WINDOWS, platformName: WINDOWS, proxy: Proxy(), setWindowRect: true, strictFileInteractability: false, timeouts: {implicit: 0, pageLoad: 300000, script: 30000}, unhandledPromptBehavior: dismiss and notify, webauthn:extension:credBlob: true, webauthn:extension:largeBlob: true, webauthn:extension:minPinLength: true, webauthn:extension:prf: true, webauthn:virtualAuthenticators: true}
Session ID: 1966c434819ab9b4922639ac498e4e4c
	at org.openqa.selenium.remote.http.W3CHttpResponseCodec.createException(W3CHttpResponseCodec.java:187)
	at org.openqa.selenium.remote.http.W3CHttpResponseCodec.decode(W3CHttpResponseCodec.java:122)
	at org.openqa.selenium.remote.http.W3CHttpResponseCodec.decode(W3CHttpResponseCodec.java:49)
	at org.openqa.selenium.remote.HttpCommandExecutor.execute(HttpCommandExecutor.java:158)
	at org.openqa.selenium.remote.service.DriverCommandExecutor.execute(DriverCommandExecutor.java:83)
	at org.openqa.selenium.remote.RemoteWebDriver.execute(RemoteWebDriver.java:552)
	at com.kms.katalon.selenium.driver.CChromeDriver.execute(CChromeDriver.java:19)
	at org.openqa.selenium.remote.RemoteWebDriver.executeScript(RemoteWebDriver.java:489)
	at org.openqa.selenium.support.events.EventFiringWebDriver.lambda$new$1(EventFiringWebDriver.java:105)
	at com.sun.proxy.$Proxy10.executeScript(Unknown Source)
	at org.openqa.selenium.support.events.EventFiringWebDriver.executeScript(EventFiringWebDriver.java:229)
	at com.thoughtworks.selenium.webdriven.ElementFinder.findElement(ElementFinder.java:91)
	... 26 more]]></system-err>
      </testcase>
      <testcase name="Test Cases/IntegratedWeb/IWP23-SelIDE/CardNotAcceptedError" time="12.609" classname="Test Cases/IntegratedWeb/IWP23-SelIDE/CardNotAcceptedError" status="ERROR">
         <error type="ERROR" message="Test Cases/IntegratedWeb/IWP23-SelIDE/CardNotAcceptedError FAILED.
Reason:
com.thoughtworks.selenium.SeleniumException: Element name=variableField4DropdownGroupItemID not found
	at com.thoughtworks.selenium.webdriven.ElementFinder.findElement(ElementFinder.java:93)
	at com.thoughtworks.selenium.webdriven.commands.SeleniumSelect.&lt;init>(SeleniumSelect.java:48)
	at com.thoughtworks.selenium.webdriven.commands.SelectOption.handleSeleneseCommand(SelectOption.java:41)
	at com.thoughtworks.selenium.webdriven.commands.SelectOption.handleSeleneseCommand(SelectOption.java:26)
	at com.thoughtworks.selenium.webdriven.SeleneseCommand.apply(SeleneseCommand.java:39)
	at com.thoughtworks.selenium.webdriven.Timer.run(Timer.java:41)
	at com.thoughtworks.selenium.webdriven.WebDriverCommandProcessor.execute(WebDriverCommandProcessor.java:150)
	at com.thoughtworks.selenium.webdriven.WebDriverCommandProcessor.doCommand(WebDriverCommandProcessor.java:76)
	at com.thoughtworks.selenium.DefaultSelenium.select(DefaultSelenium.java:350)
	at com.thoughtworks.selenium.Selenium$select$0.call(Unknown Source)
	at CardNotAcceptedError.run(CardNotAcceptedError:112)
	at com.kms.katalon.core.main.ScriptEngine.run(ScriptEngine.java:194)
	at com.kms.katalon.core.main.ScriptEngine.runScriptAsRawText(ScriptEngine.java:119)
	at com.kms.katalon.core.main.TestCaseExecutor.runScript(TestCaseExecutor.java:448)
	at com.kms.katalon.core.main.TestCaseExecutor.doExecute(TestCaseExecutor.java:439)
	at com.kms.katalon.core.main.TestCaseExecutor.processExecutionPhase(TestCaseExecutor.java:418)
	at com.kms.katalon.core.main.TestCaseExecutor.accessMainPhase(TestCaseExecutor.java:410)
	at com.kms.katalon.core.main.TestCaseExecutor.execute(TestCaseExecutor.java:285)
	at com.kms.katalon.core.main.TestCaseExecutor.execute(TestCaseExecutor.java:369)
	at com.kms.katalon.core.main.TestCaseExecutor.execute(TestCaseExecutor.java:369)
	at com.kms.katalon.core.main.TestCaseExecutor.execute(TestCaseExecutor.java:369)
	at com.kms.katalon.core.common.CommonExecutor.accessTestCaseMainPhase(CommonExecutor.java:65)
	at com.kms.katalon.core.main.TestSuiteExecutor.accessTestSuiteMainPhase(TestSuiteExecutor.java:148)
	at com.kms.katalon.core.main.TestSuiteExecutor.execute(TestSuiteExecutor.java:106)
	at com.kms.katalon.core.main.TestCaseMain.startTestSuite(TestCaseMain.java:187)
	at com.kms.katalon.core.main.TestCaseMain$startTestSuite$0.call(Unknown Source)
	at TempTestSuite1702778440031.run(TempTestSuite1702778440031.groovy:36)
Caused by: org.openqa.selenium.JavascriptException: javascript error: Element name=variableField4DropdownGroupItemID not found
  (Session info: chrome=120.0.6099.109)
Build info: version: '3.141.59', revision: 'e82be7d358', time: '2018-11-14T08:25:53'
System info: host: 'DESKTOP-B2QI6NS', ip: '172.31.253.139', os.name: 'Windows 10', os.arch: 'amd64', os.version: '10.0', java.version: '1.8.0_181'
Driver info: com.kms.katalon.selenium.driver.CChromeDriver
Capabilities {acceptInsecureCerts: true, browserName: chrome, browserVersion: 120.0.6099.109, chrome: {chromedriverVersion: 119.0.6045.105 (38c72552c5e..., userDataDir: C:\Users\imtiaz\AppData\Loc...}, fedcm:accounts: true, goog:chromeOptions: {debuggerAddress: localhost:51388}, javascriptEnabled: true, networkConnectionEnabled: false, pageLoadStrategy: normal, platform: WINDOWS, platformName: WINDOWS, proxy: Proxy(), setWindowRect: true, strictFileInteractability: false, timeouts: {implicit: 0, pageLoad: 300000, script: 30000}, unhandledPromptBehavior: dismiss and notify, webauthn:extension:credBlob: true, webauthn:extension:largeBlob: true, webauthn:extension:minPinLength: true, webauthn:extension:prf: true, webauthn:virtualAuthenticators: true}
Session ID: 904ab126141327ef9238f5adf5a2970f
	at org.openqa.selenium.remote.http.W3CHttpResponseCodec.createException(W3CHttpResponseCodec.java:187)
	at org.openqa.selenium.remote.http.W3CHttpResponseCodec.decode(W3CHttpResponseCodec.java:122)
	at org.openqa.selenium.remote.http.W3CHttpResponseCodec.decode(W3CHttpResponseCodec.java:49)
	at org.openqa.selenium.remote.HttpCommandExecutor.execute(HttpCommandExecutor.java:158)
	at org.openqa.selenium.remote.service.DriverCommandExecutor.execute(DriverCommandExecutor.java:83)
	at org.openqa.selenium.remote.RemoteWebDriver.execute(RemoteWebDriver.java:552)
	at com.kms.katalon.selenium.driver.CChromeDriver.execute(CChromeDriver.java:19)
	at org.openqa.selenium.remote.RemoteWebDriver.executeScript(RemoteWebDriver.java:489)
	at org.openqa.selenium.support.events.EventFiringWebDriver.lambda$new$1(EventFiringWebDriver.java:105)
	at com.sun.proxy.$Proxy10.executeScript(Unknown Source)
	at org.openqa.selenium.support.events.EventFiringWebDriver.executeScript(EventFiringWebDriver.java:229)
	at com.thoughtworks.selenium.webdriven.ElementFinder.findElement(ElementFinder.java:91)
	... 26 more
"/>
         <system-out><![CDATA[2023-12-16 21:06:35 - [TEST_CASE][ERROR] - Test Cases/IntegratedWeb/IWP23-SelIDE/CardNotAcceptedError: Test Cases/IntegratedWeb/IWP23-SelIDE/CardNotAcceptedError FAILED.
Reason:
com.thoughtworks.selenium.SeleniumException: Element name=variableField4DropdownGroupItemID not found
	at com.thoughtworks.selenium.webdriven.ElementFinder.findElement(ElementFinder.java:93)
	at com.thoughtworks.selenium.webdriven.commands.SeleniumSelect.<init>(SeleniumSelect.java:48)
	at com.thoughtworks.selenium.webdriven.commands.SelectOption.handleSeleneseCommand(SelectOption.java:41)
	at com.thoughtworks.selenium.webdriven.commands.SelectOption.handleSeleneseCommand(SelectOption.java:26)
	at com.thoughtworks.selenium.webdriven.SeleneseCommand.apply(SeleneseCommand.java:39)
	at com.thoughtworks.selenium.webdriven.Timer.run(Timer.java:41)
	at com.thoughtworks.selenium.webdriven.WebDriverCommandProcessor.execute(WebDriverCommandProcessor.java:150)
	at com.thoughtworks.selenium.webdriven.WebDriverCommandProcessor.doCommand(WebDriverCommandProcessor.java:76)
	at com.thoughtworks.selenium.DefaultSelenium.select(DefaultSelenium.java:350)
	at com.thoughtworks.selenium.Selenium$select$0.call(Unknown Source)
	at CardNotAcceptedError.run(CardNotAcceptedError:112)
	at com.kms.katalon.core.main.ScriptEngine.run(ScriptEngine.java:194)
	at com.kms.katalon.core.main.ScriptEngine.runScriptAsRawText(ScriptEngine.java:119)
	at com.kms.katalon.core.main.TestCaseExecutor.runScript(TestCaseExecutor.java:448)
	at com.kms.katalon.core.main.TestCaseExecutor.doExecute(TestCaseExecutor.java:439)
	at com.kms.katalon.core.main.TestCaseExecutor.processExecutionPhase(TestCaseExecutor.java:418)
	at com.kms.katalon.core.main.TestCaseExecutor.accessMainPhase(TestCaseExecutor.java:410)
	at com.kms.katalon.core.main.TestCaseExecutor.execute(TestCaseExecutor.java:285)
	at com.kms.katalon.core.main.TestCaseExecutor.execute(TestCaseExecutor.java:369)
	at com.kms.katalon.core.main.TestCaseExecutor.execute(TestCaseExecutor.java:369)
	at com.kms.katalon.core.main.TestCaseExecutor.execute(TestCaseExecutor.java:369)
	at com.kms.katalon.core.common.CommonExecutor.accessTestCaseMainPhase(CommonExecutor.java:65)
	at com.kms.katalon.core.main.TestSuiteExecutor.accessTestSuiteMainPhase(TestSuiteExecutor.java:148)
	at com.kms.katalon.core.main.TestSuiteExecutor.execute(TestSuiteExecutor.java:106)
	at com.kms.katalon.core.main.TestCaseMain.startTestSuite(TestCaseMain.java:187)
	at com.kms.katalon.core.main.TestCaseMain$startTestSuite$0.call(Unknown Source)
	at TempTestSuite1702778440031.run(TempTestSuite1702778440031.groovy:36)
Caused by: org.openqa.selenium.JavascriptException: javascript error: Element name=variableField4DropdownGroupItemID not found
  (Session info: chrome=120.0.6099.109)
Build info: version: '3.141.59', revision: 'e82be7d358', time: '2018-11-14T08:25:53'
System info: host: 'DESKTOP-B2QI6NS', ip: '172.31.253.139', os.name: 'Windows 10', os.arch: 'amd64', os.version: '10.0', java.version: '1.8.0_181'
Driver info: com.kms.katalon.selenium.driver.CChromeDriver
Capabilities {acceptInsecureCerts: true, browserName: chrome, browserVersion: 120.0.6099.109, chrome: {chromedriverVersion: 119.0.6045.105 (38c72552c5e..., userDataDir: C:\Users\imtiaz\AppData\Loc...}, fedcm:accounts: true, goog:chromeOptions: {debuggerAddress: localhost:51388}, javascriptEnabled: true, networkConnectionEnabled: false, pageLoadStrategy: normal, platform: WINDOWS, platformName: WINDOWS, proxy: Proxy(), setWindowRect: true, strictFileInteractability: false, timeouts: {implicit: 0, pageLoad: 300000, script: 30000}, unhandledPromptBehavior: dismiss and notify, webauthn:extension:credBlob: true, webauthn:extension:largeBlob: true, webauthn:extension:minPinLength: true, webauthn:extension:prf: true, webauthn:virtualAuthenticators: true}
Session ID: 904ab126141327ef9238f5adf5a2970f
	at org.openqa.selenium.remote.http.W3CHttpResponseCodec.createException(W3CHttpResponseCodec.java:187)
	at org.openqa.selenium.remote.http.W3CHttpResponseCodec.decode(W3CHttpResponseCodec.java:122)
	at org.openqa.selenium.remote.http.W3CHttpResponseCodec.decode(W3CHttpResponseCodec.java:49)
	at org.openqa.selenium.remote.HttpCommandExecutor.execute(HttpCommandExecutor.java:158)
	at org.openqa.selenium.remote.service.DriverCommandExecutor.execute(DriverCommandExecutor.java:83)
	at org.openqa.selenium.remote.RemoteWebDriver.execute(RemoteWebDriver.java:552)
	at com.kms.katalon.selenium.driver.CChromeDriver.execute(CChromeDriver.java:19)
	at org.openqa.selenium.remote.RemoteWebDriver.executeScript(RemoteWebDriver.java:489)
	at org.openqa.selenium.support.events.EventFiringWebDriver.lambda$new$1(EventFiringWebDriver.java:105)
	at com.sun.proxy.$Proxy10.executeScript(Unknown Source)
	at org.openqa.selenium.support.events.EventFiringWebDriver.executeScript(EventFiringWebDriver.java:229)
	at com.thoughtworks.selenium.webdriven.ElementFinder.findElement(ElementFinder.java:91)
	... 26 more


2023-12-16 21:06:35 - [TEST_STEP][PASSED] - softAssertion = new org.testng.asserts.SoftAssert(): null

2023-12-16 21:06:35 - [TEST_STEP][PASSED] - openBrowser("https://www.google.com/"): Browser is opened with url: 'https://www.google.com/'

2023-12-16 21:06:35 - [MESSAGE][WARNING] - A browser is already opened. Closing browser and opening a new one

2023-12-16 21:06:35 - [MESSAGE][INFO] - Starting 'Chrome' driver

2023-12-16 21:06:35 - [MESSAGE][INFO] - User set preference: ['acceptInsecureCerts', 'true']

2023-12-16 21:06:35 - [MESSAGE][INFO] - Action delay is set to 0 milliseconds

2023-12-16 21:06:38 - [MESSAGE][PASSED] - Browser is opened with url: 'https://www.google.com/'

2023-12-16 21:06:38 - [TEST_STEP][PASSED] - driver = getWebDriver(): null

2023-12-16 21:06:38 - [TEST_STEP][PASSED] - baseUrl = "https://www.google.com/": null

2023-12-16 21:06:38 - [TEST_STEP][PASSED] - selenium = new com.thoughtworks.selenium.webdriven.WebDriverBackedSelenium(driver, baseUrl): null

2023-12-16 21:06:38 - [TEST_STEP][PASSED] - println("Begin Test: CardNotAcceptedError"): null

2023-12-16 21:06:38 - [TEST_STEP][PASSED] - emulatorURL = urlEmulator: null

2023-12-16 21:06:38 - [TEST_STEP][PASSED] - selenium.open(emulatorURL): null

2023-12-16 21:06:39 - [TEST_STEP][PASSED] - selenium.selectWindow("null"): null

2023-12-16 21:06:39 - [TEST_STEP][PASSED] - selenium.select("name=message_version", "label=2.3"): null

2023-12-16 21:06:39 - [TEST_STEP][PASSED] - selenium.waitForPageToLoad("30000"): null

2023-12-16 21:06:39 - [TEST_STEP][PASSED] - selenium.type("name=amount", 00".toString()): null

2023-12-16 21:06:40 - [TEST_STEP][PASSED] - selenium.type("name=client_account_number", "CAN12345"): null

2023-12-16 21:06:40 - [TEST_STEP][PASSED] - selenium.type("name=action_type", "PayNow"): null

2023-12-16 21:06:40 - [TEST_STEP][PASSED] - selenium.type("name=language", "en_US"): null

2023-12-16 21:06:40 - [TEST_STEP][PASSED] - selenium.type("name=billing_firstname", "Mandy"): null

2023-12-16 21:06:40 - [TEST_STEP][PASSED] - selenium.type("name=billing_lastname", "Iguera"): null

2023-12-16 21:06:40 - [TEST_STEP][PASSED] - selenium.type("name=billing_address", "56 World Center Drive".toString()): null

2023-12-16 21:06:40 - [TEST_STEP][PASSED] - selenium.type("name=billing_address2", "Suite 600".toString()): null

2023-12-16 21:06:40 - [TEST_STEP][PASSED] - selenium.type("name=billing_country_id", "840"): null

2023-12-16 21:06:40 - [TEST_STEP][PASSED] - selenium.type("name=billing_city", "Orlando"): null

2023-12-16 21:06:40 - [TEST_STEP][PASSED] - selenium.type("name=billing_state", "NH"): null

2023-12-16 21:06:40 - [TEST_STEP][PASSED] - selenium.type("name=billing_zip", "03106"): null

2023-12-16 21:06:40 - [TEST_STEP][PASSED] - selenium.type("name=order_number", "PPPPOOOO"): null

2023-12-16 21:06:40 - [TEST_STEP][PASSED] - selenium.type("name=user_defined1", "udf1"): null

2023-12-16 21:06:40 - [TEST_STEP][PASSED] - selenium.type("name=user_defined2", "udf2"): null

2023-12-16 21:06:40 - [TEST_STEP][PASSED] - selenium.type("name=user_defined3", "udf3"): null

2023-12-16 21:06:40 - [TEST_STEP][PASSED] - selenium.type("name=user_defined4", "Orange Label".toString()): null

2023-12-16 21:06:40 - [TEST_STEP][PASSED] - selenium.type("name=user_defined5", "Soccer Label".toString()): null

2023-12-16 21:06:40 - [TEST_STEP][PASSED] - selenium.click("name=submit"): null

2023-12-16 21:06:41 - [TEST_STEP][PASSED] - selenium.waitForPageToLoad("30000"): null

2023-12-16 21:06:41 - [TEST_STEP][PASSED] - Thread.sleep(2000): null

2023-12-16 21:06:43 - [TEST_STEP][PASSED] - testHarnessURL = urlTestHarness: null

2023-12-16 21:06:43 - [TEST_STEP][PASSED] - selenium.open(testHarnessURL): null

2023-12-16 21:06:44 - [TEST_STEP][PASSED] - selenium.type("name=application_id", "635"): null

2023-12-16 21:06:44 - [TEST_STEP][PASSED] - selenium.type("name=message_version", 3".toString()): null

2023-12-16 21:06:44 - [TEST_STEP][PASSED] - genRemIDVoid = RandomStringUtils.random(12, true, true): null

2023-12-16 21:06:44 - [TEST_STEP][PASSED] - selenium.type("name=remittance_id", genRemIDVoid): null

2023-12-16 21:06:44 - [TEST_STEP][PASSED] - selenium.click("css=input.formSubmit"): null

2023-12-16 21:06:45 - [TEST_STEP][PASSED] - selenium.waitForPageToLoad("30000"): null

2023-12-16 21:06:45 - [TEST_STEP][PASSED] - selenium.selectWindow("null"): null

2023-12-16 21:06:45 - [TEST_STEP][PASSED] - selenium.click("name=paymentMethod"): null

2023-12-16 21:06:45 - [TEST_STEP][PASSED] - selenium.click("css=input[type="submit"]"): null

2023-12-16 21:06:46 - [TEST_STEP][PASSED] - selenium.waitForPageToLoad("30000"): null

2023-12-16 21:06:47 - [TEST_STEP][PASSED] - selenium.type("name=amount", 00".toString()): null

2023-12-16 21:06:47 - [TEST_STEP][PASSED] - selenium.type("name=userDefined2", "udf2 new".toString()): null

2023-12-16 21:06:47 - [TEST_STEP][PASSED] - selenium.type("name=userDefined3", "udf3 new".toString()): null

2023-12-16 21:06:47 - [TEST_STEP][ERROR] - selenium.select("name=variableField4DropdownGroupItemID", "label=Purple"): Test Cases/IntegratedWeb/IWP23-SelIDE/CardNotAcceptedError FAILED.
Reason:
com.thoughtworks.selenium.SeleniumException: Element name=variableField4DropdownGroupItemID not found
	at com.thoughtworks.selenium.webdriven.ElementFinder.findElement(ElementFinder.java:93)
	at com.thoughtworks.selenium.webdriven.commands.SeleniumSelect.<init>(SeleniumSelect.java:48)
	at com.thoughtworks.selenium.webdriven.commands.SelectOption.handleSeleneseCommand(SelectOption.java:41)
	at com.thoughtworks.selenium.webdriven.commands.SelectOption.handleSeleneseCommand(SelectOption.java:26)
	at com.thoughtworks.selenium.webdriven.SeleneseCommand.apply(SeleneseCommand.java:39)
	at com.thoughtworks.selenium.webdriven.Timer.run(Timer.java:41)
	at com.thoughtworks.selenium.webdriven.WebDriverCommandProcessor.execute(WebDriverCommandProcessor.java:150)
	at com.thoughtworks.selenium.webdriven.WebDriverCommandProcessor.doCommand(WebDriverCommandProcessor.java:76)
	at com.thoughtworks.selenium.DefaultSelenium.select(DefaultSelenium.java:350)
	at com.thoughtworks.selenium.Selenium$select$0.call(Unknown Source)
	at CardNotAcceptedError.run(CardNotAcceptedError:112)
	at com.kms.katalon.core.main.ScriptEngine.run(ScriptEngine.java:194)
	at com.kms.katalon.core.main.ScriptEngine.runScriptAsRawText(ScriptEngine.java:119)
	at com.kms.katalon.core.main.TestCaseExecutor.runScript(TestCaseExecutor.java:448)
	at com.kms.katalon.core.main.TestCaseExecutor.doExecute(TestCaseExecutor.java:439)
	at com.kms.katalon.core.main.TestCaseExecutor.processExecutionPhase(TestCaseExecutor.java:418)
	at com.kms.katalon.core.main.TestCaseExecutor.accessMainPhase(TestCaseExecutor.java:410)
	at com.kms.katalon.core.main.TestCaseExecutor.execute(TestCaseExecutor.java:285)
	at com.kms.katalon.core.main.TestCaseExecutor.execute(TestCaseExecutor.java:369)
	at com.kms.katalon.core.main.TestCaseExecutor.execute(TestCaseExecutor.java:369)
	at com.kms.katalon.core.main.TestCaseExecutor.execute(TestCaseExecutor.java:369)
	at com.kms.katalon.core.common.CommonExecutor.accessTestCaseMainPhase(CommonExecutor.java:65)
	at com.kms.katalon.core.main.TestSuiteExecutor.accessTestSuiteMainPhase(TestSuiteExecutor.java:148)
	at com.kms.katalon.core.main.TestSuiteExecutor.execute(TestSuiteExecutor.java:106)
	at com.kms.katalon.core.main.TestCaseMain.startTestSuite(TestCaseMain.java:187)
	at com.kms.katalon.core.main.TestCaseMain$startTestSuite$0.call(Unknown Source)
	at TempTestSuite1702778440031.run(TempTestSuite1702778440031.groovy:36)
Caused by: org.openqa.selenium.JavascriptException: javascript error: Element name=variableField4DropdownGroupItemID not found
  (Session info: chrome=120.0.6099.109)
Build info: version: '3.141.59', revision: 'e82be7d358', time: '2018-11-14T08:25:53'
System info: host: 'DESKTOP-B2QI6NS', ip: '172.31.253.139', os.name: 'Windows 10', os.arch: 'amd64', os.version: '10.0', java.version: '1.8.0_181'
Driver info: com.kms.katalon.selenium.driver.CChromeDriver
Capabilities {acceptInsecureCerts: true, browserName: chrome, browserVersion: 120.0.6099.109, chrome: {chromedriverVersion: 119.0.6045.105 (38c72552c5e..., userDataDir: C:\Users\imtiaz\AppData\Loc...}, fedcm:accounts: true, goog:chromeOptions: {debuggerAddress: localhost:51388}, javascriptEnabled: true, networkConnectionEnabled: false, pageLoadStrategy: normal, platform: WINDOWS, platformName: WINDOWS, proxy: Proxy(), setWindowRect: true, strictFileInteractability: false, timeouts: {implicit: 0, pageLoad: 300000, script: 30000}, unhandledPromptBehavior: dismiss and notify, webauthn:extension:credBlob: true, webauthn:extension:largeBlob: true, webauthn:extension:minPinLength: true, webauthn:extension:prf: true, webauthn:virtualAuthenticators: true}
Session ID: 904ab126141327ef9238f5adf5a2970f
	at org.openqa.selenium.remote.http.W3CHttpResponseCodec.createException(W3CHttpResponseCodec.java:187)
	at org.openqa.selenium.remote.http.W3CHttpResponseCodec.decode(W3CHttpResponseCodec.java:122)
	at org.openqa.selenium.remote.http.W3CHttpResponseCodec.decode(W3CHttpResponseCodec.java:49)
	at org.openqa.selenium.remote.HttpCommandExecutor.execute(HttpCommandExecutor.java:158)
	at org.openqa.selenium.remote.service.DriverCommandExecutor.execute(DriverCommandExecutor.java:83)
	at org.openqa.selenium.remote.RemoteWebDriver.execute(RemoteWebDriver.java:552)
	at com.kms.katalon.selenium.driver.CChromeDriver.execute(CChromeDriver.java:19)
	at org.openqa.selenium.remote.RemoteWebDriver.executeScript(RemoteWebDriver.java:489)
	at org.openqa.selenium.support.events.EventFiringWebDriver.lambda$new$1(EventFiringWebDriver.java:105)
	at com.sun.proxy.$Proxy10.executeScript(Unknown Source)
	at org.openqa.selenium.support.events.EventFiringWebDriver.executeScript(EventFiringWebDriver.java:229)
	at com.thoughtworks.selenium.webdriven.ElementFinder.findElement(ElementFinder.java:91)
	at com.thoughtworks.selenium.webdriven.commands.SeleniumSelect.<init>(SeleniumSelect.java:48)
	at com.thoughtworks.selenium.webdriven.commands.SelectOption.handleSeleneseCommand(SelectOption.java:41)
	at com.thoughtworks.selenium.webdriven.commands.SelectOption.handleSeleneseCommand(SelectOption.java:26)
	at com.thoughtworks.selenium.webdriven.SeleneseCommand.apply(SeleneseCommand.java:39)
	at com.thoughtworks.selenium.webdriven.Timer.run(Timer.java:41)
	at com.thoughtworks.selenium.webdriven.WebDriverCommandProcessor.execute(WebDriverCommandProcessor.java:150)
	at com.thoughtworks.selenium.webdriven.WebDriverCommandProcessor.doCommand(WebDriverCommandProcessor.java:76)
	at com.thoughtworks.selenium.DefaultSelenium.select(DefaultSelenium.java:350)
	at com.thoughtworks.selenium.Selenium$select$0.call(Unknown Source)
	at Script1702500323343.run(Script1702500323343.groovy:112)
	... 16 more


2023-12-16 21:06:47 - [MESSAGE][ERROR] - Test Cases/IntegratedWeb/IWP23-SelIDE/CardNotAcceptedError FAILED.
Reason:
com.thoughtworks.selenium.SeleniumException: Element name=variableField4DropdownGroupItemID not found
	at com.thoughtworks.selenium.webdriven.ElementFinder.findElement(ElementFinder.java:93)
	at com.thoughtworks.selenium.webdriven.commands.SeleniumSelect.<init>(SeleniumSelect.java:48)
	at com.thoughtworks.selenium.webdriven.commands.SelectOption.handleSeleneseCommand(SelectOption.java:41)
	at com.thoughtworks.selenium.webdriven.commands.SelectOption.handleSeleneseCommand(SelectOption.java:26)
	at com.thoughtworks.selenium.webdriven.SeleneseCommand.apply(SeleneseCommand.java:39)
	at com.thoughtworks.selenium.webdriven.Timer.run(Timer.java:41)
	at com.thoughtworks.selenium.webdriven.WebDriverCommandProcessor.execute(WebDriverCommandProcessor.java:150)
	at com.thoughtworks.selenium.webdriven.WebDriverCommandProcessor.doCommand(WebDriverCommandProcessor.java:76)
	at com.thoughtworks.selenium.DefaultSelenium.select(DefaultSelenium.java:350)
	at com.thoughtworks.selenium.Selenium$select$0.call(Unknown Source)
	at CardNotAcceptedError.run(CardNotAcceptedError:112)
	at com.kms.katalon.core.main.ScriptEngine.run(ScriptEngine.java:194)
	at com.kms.katalon.core.main.ScriptEngine.runScriptAsRawText(ScriptEngine.java:119)
	at com.kms.katalon.core.main.TestCaseExecutor.runScript(TestCaseExecutor.java:448)
	at com.kms.katalon.core.main.TestCaseExecutor.doExecute(TestCaseExecutor.java:439)
	at com.kms.katalon.core.main.TestCaseExecutor.processExecutionPhase(TestCaseExecutor.java:418)
	at com.kms.katalon.core.main.TestCaseExecutor.accessMainPhase(TestCaseExecutor.java:410)
	at com.kms.katalon.core.main.TestCaseExecutor.execute(TestCaseExecutor.java:285)
	at com.kms.katalon.core.main.TestCaseExecutor.execute(TestCaseExecutor.java:369)
	at com.kms.katalon.core.main.TestCaseExecutor.execute(TestCaseExecutor.java:369)
	at com.kms.katalon.core.main.TestCaseExecutor.execute(TestCaseExecutor.java:369)
	at com.kms.katalon.core.common.CommonExecutor.accessTestCaseMainPhase(CommonExecutor.java:65)
	at com.kms.katalon.core.main.TestSuiteExecutor.accessTestSuiteMainPhase(TestSuiteExecutor.java:148)
	at com.kms.katalon.core.main.TestSuiteExecutor.execute(TestSuiteExecutor.java:106)
	at com.kms.katalon.core.main.TestCaseMain.startTestSuite(TestCaseMain.java:187)
	at com.kms.katalon.core.main.TestCaseMain$startTestSuite$0.call(Unknown Source)
	at TempTestSuite1702778440031.run(TempTestSuite1702778440031.groovy:36)
Caused by: org.openqa.selenium.JavascriptException: javascript error: Element name=variableField4DropdownGroupItemID not found
  (Session info: chrome=120.0.6099.109)
Build info: version: '3.141.59', revision: 'e82be7d358', time: '2018-11-14T08:25:53'
System info: host: 'DESKTOP-B2QI6NS', ip: '172.31.253.139', os.name: 'Windows 10', os.arch: 'amd64', os.version: '10.0', java.version: '1.8.0_181'
Driver info: com.kms.katalon.selenium.driver.CChromeDriver
Capabilities {acceptInsecureCerts: true, browserName: chrome, browserVersion: 120.0.6099.109, chrome: {chromedriverVersion: 119.0.6045.105 (38c72552c5e..., userDataDir: C:\Users\imtiaz\AppData\Loc...}, fedcm:accounts: true, goog:chromeOptions: {debuggerAddress: localhost:51388}, javascriptEnabled: true, networkConnectionEnabled: false, pageLoadStrategy: normal, platform: WINDOWS, platformName: WINDOWS, proxy: Proxy(), setWindowRect: true, strictFileInteractability: false, timeouts: {implicit: 0, pageLoad: 300000, script: 30000}, unhandledPromptBehavior: dismiss and notify, webauthn:extension:credBlob: true, webauthn:extension:largeBlob: true, webauthn:extension:minPinLength: true, webauthn:extension:prf: true, webauthn:virtualAuthenticators: true}
Session ID: 904ab126141327ef9238f5adf5a2970f
	at org.openqa.selenium.remote.http.W3CHttpResponseCodec.createException(W3CHttpResponseCodec.java:187)
	at org.openqa.selenium.remote.http.W3CHttpResponseCodec.decode(W3CHttpResponseCodec.java:122)
	at org.openqa.selenium.remote.http.W3CHttpResponseCodec.decode(W3CHttpResponseCodec.java:49)
	at org.openqa.selenium.remote.HttpCommandExecutor.execute(HttpCommandExecutor.java:158)
	at org.openqa.selenium.remote.service.DriverCommandExecutor.execute(DriverCommandExecutor.java:83)
	at org.openqa.selenium.remote.RemoteWebDriver.execute(RemoteWebDriver.java:552)
	at com.kms.katalon.selenium.driver.CChromeDriver.execute(CChromeDriver.java:19)
	at org.openqa.selenium.remote.RemoteWebDriver.executeScript(RemoteWebDriver.java:489)
	at org.openqa.selenium.support.events.EventFiringWebDriver.lambda$new$1(EventFiringWebDriver.java:105)
	at com.sun.proxy.$Proxy10.executeScript(Unknown Source)
	at org.openqa.selenium.support.events.EventFiringWebDriver.executeScript(EventFiringWebDriver.java:229)
	at com.thoughtworks.selenium.webdriven.ElementFinder.findElement(ElementFinder.java:91)
	at com.thoughtworks.selenium.webdriven.commands.SeleniumSelect.<init>(SeleniumSelect.java:48)
	at com.thoughtworks.selenium.webdriven.commands.SelectOption.handleSeleneseCommand(SelectOption.java:41)
	at com.thoughtworks.selenium.webdriven.commands.SelectOption.handleSeleneseCommand(SelectOption.java:26)
	at com.thoughtworks.selenium.webdriven.SeleneseCommand.apply(SeleneseCommand.java:39)
	at com.thoughtworks.selenium.webdriven.Timer.run(Timer.java:41)
	at com.thoughtworks.selenium.webdriven.WebDriverCommandProcessor.execute(WebDriverCommandProcessor.java:150)
	at com.thoughtworks.selenium.webdriven.WebDriverCommandProcessor.doCommand(WebDriverCommandProcessor.java:76)
	at com.thoughtworks.selenium.DefaultSelenium.select(DefaultSelenium.java:350)
	at com.thoughtworks.selenium.Selenium$select$0.call(Unknown Source)
	at Script1702500323343.run(Script1702500323343.groovy:112)
	... 16 more]]></system-out>
         <system-err><![CDATA[2023-12-16 21:06:35 - [TEST_CASE][ERROR] - Test Cases/IntegratedWeb/IWP23-SelIDE/CardNotAcceptedError: Test Cases/IntegratedWeb/IWP23-SelIDE/CardNotAcceptedError FAILED.
Reason:
com.thoughtworks.selenium.SeleniumException: Element name=variableField4DropdownGroupItemID not found
	at com.thoughtworks.selenium.webdriven.ElementFinder.findElement(ElementFinder.java:93)
	at com.thoughtworks.selenium.webdriven.commands.SeleniumSelect.<init>(SeleniumSelect.java:48)
	at com.thoughtworks.selenium.webdriven.commands.SelectOption.handleSeleneseCommand(SelectOption.java:41)
	at com.thoughtworks.selenium.webdriven.commands.SelectOption.handleSeleneseCommand(SelectOption.java:26)
	at com.thoughtworks.selenium.webdriven.SeleneseCommand.apply(SeleneseCommand.java:39)
	at com.thoughtworks.selenium.webdriven.Timer.run(Timer.java:41)
	at com.thoughtworks.selenium.webdriven.WebDriverCommandProcessor.execute(WebDriverCommandProcessor.java:150)
	at com.thoughtworks.selenium.webdriven.WebDriverCommandProcessor.doCommand(WebDriverCommandProcessor.java:76)
	at com.thoughtworks.selenium.DefaultSelenium.select(DefaultSelenium.java:350)
	at com.thoughtworks.selenium.Selenium$select$0.call(Unknown Source)
	at CardNotAcceptedError.run(CardNotAcceptedError:112)
	at com.kms.katalon.core.main.ScriptEngine.run(ScriptEngine.java:194)
	at com.kms.katalon.core.main.ScriptEngine.runScriptAsRawText(ScriptEngine.java:119)
	at com.kms.katalon.core.main.TestCaseExecutor.runScript(TestCaseExecutor.java:448)
	at com.kms.katalon.core.main.TestCaseExecutor.doExecute(TestCaseExecutor.java:439)
	at com.kms.katalon.core.main.TestCaseExecutor.processExecutionPhase(TestCaseExecutor.java:418)
	at com.kms.katalon.core.main.TestCaseExecutor.accessMainPhase(TestCaseExecutor.java:410)
	at com.kms.katalon.core.main.TestCaseExecutor.execute(TestCaseExecutor.java:285)
	at com.kms.katalon.core.main.TestCaseExecutor.execute(TestCaseExecutor.java:369)
	at com.kms.katalon.core.main.TestCaseExecutor.execute(TestCaseExecutor.java:369)
	at com.kms.katalon.core.main.TestCaseExecutor.execute(TestCaseExecutor.java:369)
	at com.kms.katalon.core.common.CommonExecutor.accessTestCaseMainPhase(CommonExecutor.java:65)
	at com.kms.katalon.core.main.TestSuiteExecutor.accessTestSuiteMainPhase(TestSuiteExecutor.java:148)
	at com.kms.katalon.core.main.TestSuiteExecutor.execute(TestSuiteExecutor.java:106)
	at com.kms.katalon.core.main.TestCaseMain.startTestSuite(TestCaseMain.java:187)
	at com.kms.katalon.core.main.TestCaseMain$startTestSuite$0.call(Unknown Source)
	at TempTestSuite1702778440031.run(TempTestSuite1702778440031.groovy:36)
Caused by: org.openqa.selenium.JavascriptException: javascript error: Element name=variableField4DropdownGroupItemID not found
  (Session info: chrome=120.0.6099.109)
Build info: version: '3.141.59', revision: 'e82be7d358', time: '2018-11-14T08:25:53'
System info: host: 'DESKTOP-B2QI6NS', ip: '172.31.253.139', os.name: 'Windows 10', os.arch: 'amd64', os.version: '10.0', java.version: '1.8.0_181'
Driver info: com.kms.katalon.selenium.driver.CChromeDriver
Capabilities {acceptInsecureCerts: true, browserName: chrome, browserVersion: 120.0.6099.109, chrome: {chromedriverVersion: 119.0.6045.105 (38c72552c5e..., userDataDir: C:\Users\imtiaz\AppData\Loc...}, fedcm:accounts: true, goog:chromeOptions: {debuggerAddress: localhost:51388}, javascriptEnabled: true, networkConnectionEnabled: false, pageLoadStrategy: normal, platform: WINDOWS, platformName: WINDOWS, proxy: Proxy(), setWindowRect: true, strictFileInteractability: false, timeouts: {implicit: 0, pageLoad: 300000, script: 30000}, unhandledPromptBehavior: dismiss and notify, webauthn:extension:credBlob: true, webauthn:extension:largeBlob: true, webauthn:extension:minPinLength: true, webauthn:extension:prf: true, webauthn:virtualAuthenticators: true}
Session ID: 904ab126141327ef9238f5adf5a2970f
	at org.openqa.selenium.remote.http.W3CHttpResponseCodec.createException(W3CHttpResponseCodec.java:187)
	at org.openqa.selenium.remote.http.W3CHttpResponseCodec.decode(W3CHttpResponseCodec.java:122)
	at org.openqa.selenium.remote.http.W3CHttpResponseCodec.decode(W3CHttpResponseCodec.java:49)
	at org.openqa.selenium.remote.HttpCommandExecutor.execute(HttpCommandExecutor.java:158)
	at org.openqa.selenium.remote.service.DriverCommandExecutor.execute(DriverCommandExecutor.java:83)
	at org.openqa.selenium.remote.RemoteWebDriver.execute(RemoteWebDriver.java:552)
	at com.kms.katalon.selenium.driver.CChromeDriver.execute(CChromeDriver.java:19)
	at org.openqa.selenium.remote.RemoteWebDriver.executeScript(RemoteWebDriver.java:489)
	at org.openqa.selenium.support.events.EventFiringWebDriver.lambda$new$1(EventFiringWebDriver.java:105)
	at com.sun.proxy.$Proxy10.executeScript(Unknown Source)
	at org.openqa.selenium.support.events.EventFiringWebDriver.executeScript(EventFiringWebDriver.java:229)
	at com.thoughtworks.selenium.webdriven.ElementFinder.findElement(ElementFinder.java:91)
	... 26 more]]></system-err>
      </testcase>
      <testcase name="Test Cases/IntegratedWeb/IWP23-SelIDE/DCFAboveCeilingCC" time="26.732" classname="Test Cases/IntegratedWeb/IWP23-SelIDE/DCFAboveCeilingCC" status="PASSED">
         <system-out><![CDATA[2023-12-16 21:06:47 - [TEST_CASE][PASSED] - Test Cases/IntegratedWeb/IWP23-SelIDE/DCFAboveCeilingCC: Test Cases/IntegratedWeb/IWP23-SelIDE/DCFAboveCeilingCC

2023-12-16 21:06:48 - [TEST_STEP][PASSED] - softAssertion = new org.testng.asserts.SoftAssert(): null

2023-12-16 21:06:48 - [TEST_STEP][PASSED] - openBrowser("https://www.google.com/"): Browser is opened with url: 'https://www.google.com/'

2023-12-16 21:06:48 - [MESSAGE][WARNING] - A browser is already opened. Closing browser and opening a new one

2023-12-16 21:06:49 - [MESSAGE][INFO] - Starting 'Chrome' driver

2023-12-16 21:06:49 - [MESSAGE][INFO] - User set preference: ['acceptInsecureCerts', 'true']

2023-12-16 21:06:49 - [MESSAGE][INFO] - Action delay is set to 0 milliseconds

2023-12-16 21:06:52 - [MESSAGE][PASSED] - Browser is opened with url: 'https://www.google.com/'

2023-12-16 21:06:52 - [TEST_STEP][PASSED] - driver = getWebDriver(): null

2023-12-16 21:06:52 - [TEST_STEP][PASSED] - baseUrl = "https://www.google.com/": null

2023-12-16 21:06:52 - [TEST_STEP][PASSED] - selenium = new com.thoughtworks.selenium.webdriven.WebDriverBackedSelenium(driver, baseUrl): null

2023-12-16 21:06:52 - [TEST_STEP][PASSED] - println("Begin Test: DCFAboveCeilingCC"): null

2023-12-16 21:06:52 - [TEST_STEP][PASSED] - emulatorURL = urlEmulator: null

2023-12-16 21:06:52 - [TEST_STEP][PASSED] - selenium.open(emulatorURL): null

2023-12-16 21:06:52 - [TEST_STEP][PASSED] - selenium.selectWindow("null"): null

2023-12-16 21:06:52 - [TEST_STEP][PASSED] - selenium.select("name=message_version", "label=2.3"): null

2023-12-16 21:06:52 - [TEST_STEP][PASSED] - selenium.waitForPageToLoad("30000"): null

2023-12-16 21:06:53 - [TEST_STEP][PASSED] - selenium.type("name=amount", 00".toString()): null

2023-12-16 21:06:53 - [TEST_STEP][PASSED] - selenium.type("name=client_account_number", "CAN12345"): null

2023-12-16 21:06:53 - [TEST_STEP][PASSED] - selenium.type("name=action_type", "PayNow"): null

2023-12-16 21:06:53 - [TEST_STEP][PASSED] - selenium.type("name=language", "en_US"): null

2023-12-16 21:06:53 - [TEST_STEP][PASSED] - selenium.type("name=billing_firstname", "Mandy"): null

2023-12-16 21:06:53 - [TEST_STEP][PASSED] - selenium.type("name=billing_lastname", "Iguera"): null

2023-12-16 21:06:53 - [TEST_STEP][PASSED] - selenium.type("name=billing_address", "56 World Center Drive".toString()): null

2023-12-16 21:06:53 - [TEST_STEP][PASSED] - selenium.type("name=billing_address2", "Suite 600".toString()): null

2023-12-16 21:06:53 - [TEST_STEP][PASSED] - selenium.type("name=billing_country_id", "840"): null

2023-12-16 21:06:53 - [TEST_STEP][PASSED] - selenium.type("name=billing_city", "Orlando"): null

2023-12-16 21:06:53 - [TEST_STEP][PASSED] - selenium.type("name=billing_state", "NH"): null

2023-12-16 21:06:53 - [TEST_STEP][PASSED] - selenium.type("name=billing_zip", "03106"): null

2023-12-16 21:06:54 - [TEST_STEP][PASSED] - selenium.type("name=order_number", "PPPPOOOO"): null

2023-12-16 21:06:54 - [TEST_STEP][PASSED] - selenium.type("name=user_defined1", "udf1"): null

2023-12-16 21:06:54 - [TEST_STEP][PASSED] - selenium.type("name=user_defined2", "udf2"): null

2023-12-16 21:06:54 - [TEST_STEP][PASSED] - selenium.type("name=user_defined3", "udf3"): null

2023-12-16 21:06:54 - [TEST_STEP][PASSED] - selenium.type("name=user_defined4", "Orange Label".toString()): null

2023-12-16 21:06:54 - [TEST_STEP][PASSED] - selenium.type("name=user_defined5", "Soccer Label".toString()): null

2023-12-16 21:06:54 - [TEST_STEP][PASSED] - selenium.click("name=submit"): null

2023-12-16 21:06:54 - [TEST_STEP][PASSED] - selenium.waitForPageToLoad("30000"): null

2023-12-16 21:06:55 - [TEST_STEP][PASSED] - testHarnessURL = urlTestHarness: null

2023-12-16 21:06:55 - [TEST_STEP][PASSED] - selenium.open(testHarnessURL): null

2023-12-16 21:06:55 - [TEST_STEP][PASSED] - Thread.sleep(2000): null

2023-12-16 21:06:57 - [TEST_STEP][PASSED] - selenium.type("name=application_id", "637"): null

2023-12-16 21:06:57 - [TEST_STEP][PASSED] - selenium.type("name=message_version", 3".toString()): null

2023-12-16 21:06:57 - [TEST_STEP][PASSED] - genRemIDVoid = RandomStringUtils.random(12, true, true): null

2023-12-16 21:06:57 - [TEST_STEP][PASSED] - selenium.type("name=remittance_id", genRemIDVoid): null

2023-12-16 21:06:57 - [TEST_STEP][PASSED] - selenium.click("css=input.formSubmit"): null

2023-12-16 21:06:58 - [TEST_STEP][PASSED] - selenium.waitForPageToLoad("30000"): null

2023-12-16 21:06:58 - [TEST_STEP][PASSED] - selenium.selectWindow("null"): null

2023-12-16 21:06:58 - [TEST_STEP][PASSED] - selenium.click("name=paymentMethod"): null

2023-12-16 21:06:59 - [TEST_STEP][PASSED] - selenium.click("css=input[type="submit"]"): null

2023-12-16 21:07:00 - [TEST_STEP][PASSED] - selenium.waitForPageToLoad("30000"): null

2023-12-16 21:07:00 - [TEST_STEP][PASSED] - selenium.type("name=amount", 00".toString()): null

2023-12-16 21:07:00 - [TEST_STEP][PASSED] - selenium.type("name=billingName", "Leslie Howard".toString()): null

2023-12-16 21:07:00 - [TEST_STEP][PASSED] - selenium.type("id=cardNumber", "4111111111111111"): null

2023-12-16 21:07:00 - [TEST_STEP][PASSED] - selenium.type("id=spc", "568"): null

2023-12-16 21:07:00 - [TEST_STEP][PASSED] - selenium.select("name=cardExpMonth", "label=02"): null

2023-12-16 21:07:01 - [TEST_STEP][PASSED] - selenium.select("name=cardExpYear", "label=2028"): null

2023-12-16 21:07:01 - [TEST_STEP][PASSED] - selenium.type("name=billingAddress", "778 Main street".toString()): null

2023-12-16 21:07:01 - [TEST_STEP][PASSED] - selenium.type("name=billingAddress2", ""): null

2023-12-16 21:07:01 - [TEST_STEP][PASSED] - selenium.type("id=billing-zip-input", "22201"): null

2023-12-16 21:07:01 - [TEST_STEP][PASSED] - selenium.type("name=emailAddress", ""): null

2023-12-16 21:07:01 - [TEST_STEP][PASSED] - selenium.click("id=checkedAcceptCondition"): null

2023-12-16 21:07:01 - [TEST_STEP][PASSED] - selenium.click("name=ccSubmit"): null

2023-12-16 21:07:01 - [TEST_STEP][PASSED] - selenium.waitForPageToLoad("30000"): null

2023-12-16 21:07:02 - [TEST_STEP][PASSED] - verifyTextPresent("Please verify the following information:", true): Text 'Please verify the following information:' is present on page  using regular expression

2023-12-16 21:07:02 - [MESSAGE][PASSED] - Text 'Please verify the following information:' is present on page  using regular expression

2023-12-16 21:07:02 - [TEST_STEP][PASSED] - verifyTextPresent("Is this information correct", true): Text 'Is this information correct' is present on page  using regular expression

2023-12-16 21:07:03 - [MESSAGE][PASSED] - Text 'Is this information correct' is present on page  using regular expression

2023-12-16 21:07:03 - [TEST_STEP][PASSED] - selenium.click("name=confirmNotifyAction"): null

2023-12-16 21:07:03 - [TEST_STEP][PASSED] - selenium.waitForPageToLoad("30000"): null

2023-12-16 21:07:04 - [TEST_STEP][PASSED] - Thread.sleep(8000): null

2023-12-16 21:07:12 - [TEST_STEP][PASSED] - verifyTextPresent("Successful Payment Receipt", true): Text 'Successful Payment Receipt' is present on page  using regular expression

2023-12-16 21:07:12 - [MESSAGE][PASSED] - Text 'Successful Payment Receipt' is present on page  using regular expression

2023-12-16 21:07:12 - [TEST_STEP][PASSED] - verifyTextPresent("Please print this receipt for your records", true): Text 'Please print this receipt for your records' is present on page  using regular expression

2023-12-16 21:07:12 - [MESSAGE][PASSED] - Text 'Please print this receipt for your records' is present on page  using regular expression

2023-12-16 21:07:12 - [TEST_STEP][PASSED] - verifyTextPresent("$110.00", false): Text '$110.00' is present on page 

2023-12-16 21:07:13 - [MESSAGE][PASSED] - Text '$110.00' is present on page 

2023-12-16 21:07:13 - [TEST_STEP][PASSED] - verifyTextPresent("Authorization and Capture", true): Text 'Authorization and Capture' is present on page  using regular expression

2023-12-16 21:07:13 - [MESSAGE][PASSED] - Text 'Authorization and Capture' is present on page  using regular expression

2023-12-16 21:07:13 - [TEST_STEP][PASSED] - verifyTextPresent("Visa", true): Text 'Visa' is present on page  using regular expression

2023-12-16 21:07:13 - [MESSAGE][PASSED] - Text 'Visa' is present on page  using regular expression

2023-12-16 21:07:13 - [TEST_STEP][PASSED] - verifyTextPresent("LESLIE HOWARD", true): Text 'LESLIE HOWARD' is present on page  using regular expression

2023-12-16 21:07:14 - [MESSAGE][PASSED] - Text 'LESLIE HOWARD' is present on page  using regular expression

2023-12-16 21:07:14 - [TEST_STEP][PASSED] - verifyTextPresent("1111", true): Text '1111' is present on page  using regular expression

2023-12-16 21:07:14 - [MESSAGE][PASSED] - Text '1111' is present on page  using regular expression

2023-12-16 21:07:14 - [TEST_STEP][PASSED] - println("End Test: DCFAboveCeilingCC"): null]]></system-out>
         <system-err><![CDATA[]]></system-err>
      </testcase>
      <testcase name="Test Cases/IntegratedWeb/IWP23-SelIDE/DCFAboveCeilingPC" time="29.115" classname="Test Cases/IntegratedWeb/IWP23-SelIDE/DCFAboveCeilingPC" status="PASSED">
         <system-out><![CDATA[2023-12-16 21:07:14 - [TEST_CASE][PASSED] - Test Cases/IntegratedWeb/IWP23-SelIDE/DCFAboveCeilingPC: Test Cases/IntegratedWeb/IWP23-SelIDE/DCFAboveCeilingPC

2023-12-16 21:07:14 - [TEST_STEP][PASSED] - softAssertion = new org.testng.asserts.SoftAssert(): null

2023-12-16 21:07:14 - [TEST_STEP][PASSED] - openBrowser("https://www.google.com/"): Browser is opened with url: 'https://www.google.com/'

2023-12-16 21:07:14 - [MESSAGE][WARNING] - A browser is already opened. Closing browser and opening a new one

2023-12-16 21:07:15 - [MESSAGE][INFO] - Starting 'Chrome' driver

2023-12-16 21:07:15 - [MESSAGE][INFO] - User set preference: ['acceptInsecureCerts', 'true']

2023-12-16 21:07:15 - [MESSAGE][INFO] - Action delay is set to 0 milliseconds

2023-12-16 21:07:18 - [MESSAGE][PASSED] - Browser is opened with url: 'https://www.google.com/'

2023-12-16 21:07:18 - [TEST_STEP][PASSED] - driver = getWebDriver(): null

2023-12-16 21:07:18 - [TEST_STEP][PASSED] - baseUrl = "https://www.google.com/": null

2023-12-16 21:07:18 - [TEST_STEP][PASSED] - selenium = new com.thoughtworks.selenium.webdriven.WebDriverBackedSelenium(driver, baseUrl): null

2023-12-16 21:07:18 - [TEST_STEP][PASSED] - println("Begin Test: DCFAboveCeilingPC"): null

2023-12-16 21:07:18 - [TEST_STEP][PASSED] - emulatorURL = urlEmulator: null

2023-12-16 21:07:18 - [TEST_STEP][PASSED] - selenium.open(emulatorURL): null

2023-12-16 21:07:19 - [TEST_STEP][PASSED] - selenium.selectWindow("null"): null

2023-12-16 21:07:19 - [TEST_STEP][PASSED] - selenium.select("name=message_version", "label=2.3"): null

2023-12-16 21:07:19 - [TEST_STEP][PASSED] - selenium.waitForPageToLoad("30000"): null

2023-12-16 21:07:20 - [TEST_STEP][PASSED] - selenium.type("name=amount", 00".toString()): null

2023-12-16 21:07:20 - [TEST_STEP][PASSED] - selenium.type("name=client_account_number", "CAN12345"): null

2023-12-16 21:07:20 - [TEST_STEP][PASSED] - selenium.type("name=action_type", "PayNow"): null

2023-12-16 21:07:20 - [TEST_STEP][PASSED] - selenium.type("name=language", "en_US"): null

2023-12-16 21:07:20 - [TEST_STEP][PASSED] - selenium.type("name=billing_firstname", "Mandy"): null

2023-12-16 21:07:20 - [TEST_STEP][PASSED] - selenium.type("name=billing_lastname", "Iguera"): null

2023-12-16 21:07:20 - [TEST_STEP][PASSED] - selenium.type("name=billing_address", "56 World Center Drive".toString()): null

2023-12-16 21:07:20 - [TEST_STEP][PASSED] - selenium.type("name=billing_address2", "Suite 600".toString()): null

2023-12-16 21:07:20 - [TEST_STEP][PASSED] - selenium.type("name=billing_country_id", "840"): null

2023-12-16 21:07:20 - [TEST_STEP][PASSED] - selenium.type("name=billing_city", "Orlando"): null

2023-12-16 21:07:20 - [TEST_STEP][PASSED] - selenium.type("name=billing_state", "NH"): null

2023-12-16 21:07:20 - [TEST_STEP][PASSED] - selenium.type("name=billing_zip", "03106"): null

2023-12-16 21:07:20 - [TEST_STEP][PASSED] - selenium.type("name=order_number", "PPPPOOOO"): null

2023-12-16 21:07:20 - [TEST_STEP][PASSED] - selenium.type("name=user_defined1", "udf1"): null

2023-12-16 21:07:20 - [TEST_STEP][PASSED] - selenium.type("name=user_defined2", "udf2"): null

2023-12-16 21:07:20 - [TEST_STEP][PASSED] - selenium.type("name=user_defined3", "udf3"): null

2023-12-16 21:07:20 - [TEST_STEP][PASSED] - selenium.type("name=user_defined4", "Orange Label".toString()): null

2023-12-16 21:07:21 - [TEST_STEP][PASSED] - selenium.type("name=user_defined5", "Soccer Label".toString()): null

2023-12-16 21:07:21 - [TEST_STEP][PASSED] - selenium.click("name=submit"): null

2023-12-16 21:07:21 - [TEST_STEP][PASSED] - selenium.waitForPageToLoad("30000"): null

2023-12-16 21:07:21 - [TEST_STEP][PASSED] - Thread.sleep(2000): null

2023-12-16 21:07:23 - [TEST_STEP][PASSED] - testHarnessURL = urlTestHarness: null

2023-12-16 21:07:23 - [TEST_STEP][PASSED] - selenium.open(testHarnessURL): null

2023-12-16 21:07:24 - [TEST_STEP][PASSED] - selenium.type("name=application_id", "637"): null

2023-12-16 21:07:24 - [TEST_STEP][PASSED] - selenium.type("name=message_version", 3".toString()): null

2023-12-16 21:07:24 - [TEST_STEP][PASSED] - genRemIDVoid = RandomStringUtils.random(12, true, true): null

2023-12-16 21:07:24 - [TEST_STEP][PASSED] - selenium.type("name=remittance_id", genRemIDVoid): null

2023-12-16 21:07:24 - [TEST_STEP][PASSED] - selenium.click("css=input.formSubmit"): null

2023-12-16 21:07:25 - [TEST_STEP][PASSED] - selenium.waitForPageToLoad("30000"): null

2023-12-16 21:07:25 - [TEST_STEP][PASSED] - selenium.click("xpath=(//input[@name='paymentMethod'])[2]"): null

2023-12-16 21:07:26 - [TEST_STEP][PASSED] - selenium.click("css=input[type="submit"]"): null

2023-12-16 21:07:27 - [TEST_STEP][PASSED] - selenium.waitForPageToLoad("30000"): null

2023-12-16 21:07:27 - [TEST_STEP][PASSED] - selenium.type("name=amount", 00".toString()): null

2023-12-16 21:07:28 - [TEST_STEP][PASSED] - selenium.type("name=billingFirstname", "Mike"): null

2023-12-16 21:07:28 - [TEST_STEP][PASSED] - selenium.type("name=billingLastname", "Chingiti"): null

2023-12-16 21:07:28 - [TEST_STEP][PASSED] - selenium.type("id=routingNumber", "256072691"): null

2023-12-16 21:07:28 - [TEST_STEP][PASSED] - selenium.type("id=accountNumber", "11111111"): null

2023-12-16 21:07:28 - [TEST_STEP][PASSED] - selenium.type("id=confirmAccountNumber", "11111111"): null

2023-12-16 21:07:28 - [TEST_STEP][PASSED] - selenium.click("name=accountType"): null

2023-12-16 21:07:28 - [TEST_STEP][PASSED] - selenium.type("name=billingAddress", "104 main road".toString()): null

2023-12-16 21:07:28 - [TEST_STEP][PASSED] - selenium.type("name=billingAddress2", ""): null

2023-12-16 21:07:28 - [TEST_STEP][PASSED] - selenium.type("id=billing-zip-input", "22201"): null

2023-12-16 21:07:28 - [TEST_STEP][PASSED] - selenium.click("id=checkedAcceptCondition"): null

2023-12-16 21:07:28 - [TEST_STEP][PASSED] - selenium.click("name=achSubmit"): null

2023-12-16 21:07:29 - [TEST_STEP][PASSED] - selenium.waitForPageToLoad("30000"): null

2023-12-16 21:07:29 - [TEST_STEP][PASSED] - verifyTextPresent("Please verify the following information:", true): Text 'Please verify the following information:' is present on page  using regular expression

2023-12-16 21:07:30 - [MESSAGE][PASSED] - Text 'Please verify the following information:' is present on page  using regular expression

2023-12-16 21:07:30 - [TEST_STEP][PASSED] - verifyTextPresent("Is this information correct", true): Text 'Is this information correct' is present on page  using regular expression

2023-12-16 21:07:30 - [MESSAGE][PASSED] - Text 'Is this information correct' is present on page  using regular expression

2023-12-16 21:07:30 - [TEST_STEP][PASSED] - selenium.click("name=confirmNotifyAction"): null

2023-12-16 21:07:30 - [TEST_STEP][PASSED] - selenium.waitForPageToLoad("30000"): null

2023-12-16 21:07:31 - [TEST_STEP][PASSED] - Thread.sleep(8000): null

2023-12-16 21:07:39 - [TEST_STEP][PASSED] - verifyTextPresent("Successful Payment Receipt", true): Text 'Successful Payment Receipt' is present on page  using regular expression

2023-12-16 21:07:39 - [MESSAGE][PASSED] - Text 'Successful Payment Receipt' is present on page  using regular expression

2023-12-16 21:07:39 - [TEST_STEP][PASSED] - verifyTextPresent("Please print this receipt for your records", true): Text 'Please print this receipt for your records' is present on page  using regular expression

2023-12-16 21:07:40 - [MESSAGE][PASSED] - Text 'Please print this receipt for your records' is present on page  using regular expression

2023-12-16 21:07:40 - [TEST_STEP][PASSED] - verifyTextPresent("$110.00", false): Text '$110.00' is present on page 

2023-12-16 21:07:40 - [MESSAGE][PASSED] - Text '$110.00' is present on page 

2023-12-16 21:07:40 - [TEST_STEP][PASSED] - verifyTextPresent("Debit", true): Text 'Debit' is present on page  using regular expression

2023-12-16 21:07:40 - [MESSAGE][PASSED] - Text 'Debit' is present on page  using regular expression

2023-12-16 21:07:40 - [TEST_STEP][PASSED] - verifyTextPresent("Personal", true): Text 'Personal' is present on page  using regular expression

2023-12-16 21:07:40 - [MESSAGE][PASSED] - Text 'Personal' is present on page  using regular expression

2023-12-16 21:07:40 - [TEST_STEP][PASSED] - verifyTextPresent("Checking", true): Text 'Checking' is present on page  using regular expression

2023-12-16 21:07:41 - [MESSAGE][PASSED] - Text 'Checking' is present on page  using regular expression

2023-12-16 21:07:41 - [TEST_STEP][PASSED] - verifyTextPresent("1111", true): Text '1111' is present on page  using regular expression

2023-12-16 21:07:41 - [MESSAGE][PASSED] - Text '1111' is present on page  using regular expression

2023-12-16 21:07:41 - [TEST_STEP][PASSED] - verifyTextPresent("2691", true): Text '2691' is present on page  using regular expression

2023-12-16 21:07:41 - [MESSAGE][PASSED] - Text '2691' is present on page  using regular expression

2023-12-16 21:07:41 - [TEST_STEP][PASSED] - verifyTextPresent("MIKE CHINGITI", true): Text 'MIKE CHINGITI' is present on page  using regular expression

2023-12-16 21:07:41 - [MESSAGE][PASSED] - Text 'MIKE CHINGITI' is present on page  using regular expression

2023-12-16 21:07:41 - [TEST_STEP][PASSED] - verifyTextPresent("104 main road", true): Text '104 main road' is present on page  using regular expression

2023-12-16 21:07:42 - [MESSAGE][PASSED] - Text '104 main road' is present on page  using regular expression

2023-12-16 21:07:42 - [TEST_STEP][PASSED] - verifyTextPresent("United States", true): Text 'United States' is present on page  using regular expression

2023-12-16 21:07:42 - [MESSAGE][PASSED] - Text 'United States' is present on page  using regular expression

2023-12-16 21:07:42 - [TEST_STEP][PASSED] - verifyTextPresent("ARLINGTON", true): Text 'ARLINGTON' is present on page  using regular expression

2023-12-16 21:07:42 - [MESSAGE][PASSED] - Text 'ARLINGTON' is present on page  using regular expression

2023-12-16 21:07:42 - [TEST_STEP][PASSED] - verifyTextPresent("Virginia", true): Text 'Virginia' is present on page  using regular expression

2023-12-16 21:07:43 - [MESSAGE][PASSED] - Text 'Virginia' is present on page  using regular expression

2023-12-16 21:07:43 - [TEST_STEP][PASSED] - verifyTextPresent("22201", true): Text '22201' is present on page  using regular expression

2023-12-16 21:07:43 - [MESSAGE][PASSED] - Text '22201' is present on page  using regular expression

2023-12-16 21:07:43 - [TEST_STEP][PASSED] - println("End Test: DCFAboveCeilingPC"): null]]></system-out>
         <system-err><![CDATA[]]></system-err>
      </testcase>
      <testcase name="Test Cases/IntegratedWeb/IWP23-SelIDE/DCFBelowFloorCC" time="26.57" classname="Test Cases/IntegratedWeb/IWP23-SelIDE/DCFBelowFloorCC" status="PASSED">
         <system-out><![CDATA[2023-12-16 21:07:43 - [TEST_CASE][PASSED] - Test Cases/IntegratedWeb/IWP23-SelIDE/DCFBelowFloorCC: Test Cases/IntegratedWeb/IWP23-SelIDE/DCFBelowFloorCC

2023-12-16 21:07:44 - [TEST_STEP][PASSED] - softAssertion = new org.testng.asserts.SoftAssert(): null

2023-12-16 21:07:44 - [TEST_STEP][PASSED] - openBrowser("https://www.google.com/"): Browser is opened with url: 'https://www.google.com/'

2023-12-16 21:07:44 - [MESSAGE][WARNING] - A browser is already opened. Closing browser and opening a new one

2023-12-16 21:07:44 - [MESSAGE][INFO] - Starting 'Chrome' driver

2023-12-16 21:07:44 - [MESSAGE][INFO] - User set preference: ['acceptInsecureCerts', 'true']

2023-12-16 21:07:45 - [MESSAGE][INFO] - Action delay is set to 0 milliseconds

2023-12-16 21:07:47 - [MESSAGE][PASSED] - Browser is opened with url: 'https://www.google.com/'

2023-12-16 21:07:47 - [TEST_STEP][PASSED] - driver = getWebDriver(): null

2023-12-16 21:07:47 - [TEST_STEP][PASSED] - baseUrl = "https://www.google.com/": null

2023-12-16 21:07:47 - [TEST_STEP][PASSED] - selenium = new com.thoughtworks.selenium.webdriven.WebDriverBackedSelenium(driver, baseUrl): null

2023-12-16 21:07:47 - [TEST_STEP][PASSED] - println("Begin Test: DCFBelowFloorCC"): null

2023-12-16 21:07:47 - [TEST_STEP][PASSED] - emulatorURL = urlEmulator: null

2023-12-16 21:07:47 - [TEST_STEP][PASSED] - selenium.open(emulatorURL): null

2023-12-16 21:07:48 - [TEST_STEP][PASSED] - selenium.selectWindow("null"): null

2023-12-16 21:07:48 - [TEST_STEP][PASSED] - selenium.select("name=message_version", "label=2.3"): null

2023-12-16 21:07:48 - [TEST_STEP][PASSED] - selenium.waitForPageToLoad("30000"): null

2023-12-16 21:07:49 - [TEST_STEP][PASSED] - selenium.type("name=amount", 00".toString()): null

2023-12-16 21:07:49 - [TEST_STEP][PASSED] - selenium.type("name=client_account_number", "CAN12345"): null

2023-12-16 21:07:49 - [TEST_STEP][PASSED] - selenium.type("name=action_type", "PayNow"): null

2023-12-16 21:07:49 - [TEST_STEP][PASSED] - selenium.type("name=language", "en_US"): null

2023-12-16 21:07:49 - [TEST_STEP][PASSED] - selenium.type("name=billing_firstname", "Mandy"): null

2023-12-16 21:07:49 - [TEST_STEP][PASSED] - selenium.type("name=billing_lastname", "Iguera"): null

2023-12-16 21:07:49 - [TEST_STEP][PASSED] - selenium.type("name=billing_address", "56 World Center Drive".toString()): null

2023-12-16 21:07:49 - [TEST_STEP][PASSED] - selenium.type("name=billing_address2", "Suite 600".toString()): null

2023-12-16 21:07:49 - [TEST_STEP][PASSED] - selenium.type("name=billing_country_id", "840"): null

2023-12-16 21:07:49 - [TEST_STEP][PASSED] - selenium.type("name=billing_city", "Orlando"): null

2023-12-16 21:07:49 - [TEST_STEP][PASSED] - selenium.type("name=billing_state", "NH"): null

2023-12-16 21:07:49 - [TEST_STEP][PASSED] - selenium.type("name=billing_zip", "03106"): null

2023-12-16 21:07:49 - [TEST_STEP][PASSED] - selenium.type("name=order_number", "PPPPOOOO"): null

2023-12-16 21:07:49 - [TEST_STEP][PASSED] - selenium.type("name=user_defined1", "udf1"): null

2023-12-16 21:07:49 - [TEST_STEP][PASSED] - selenium.type("name=user_defined2", "udf2"): null

2023-12-16 21:07:49 - [TEST_STEP][PASSED] - selenium.type("name=user_defined3", "udf3"): null

2023-12-16 21:07:49 - [TEST_STEP][PASSED] - selenium.type("name=user_defined4", "Orange Label".toString()): null

2023-12-16 21:07:50 - [TEST_STEP][PASSED] - selenium.type("name=user_defined5", "Soccer Label".toString()): null

2023-12-16 21:07:50 - [TEST_STEP][PASSED] - selenium.click("name=submit"): null

2023-12-16 21:07:50 - [TEST_STEP][PASSED] - selenium.waitForPageToLoad("30000"): null

2023-12-16 21:07:50 - [TEST_STEP][PASSED] - testHarnessURL = urlTestHarness: null

2023-12-16 21:07:50 - [TEST_STEP][PASSED] - selenium.open(testHarnessURL): null

2023-12-16 21:07:51 - [TEST_STEP][PASSED] - Thread.sleep(2000): null

2023-12-16 21:07:53 - [TEST_STEP][PASSED] - selenium.type("name=application_id", "637"): null

2023-12-16 21:07:53 - [TEST_STEP][PASSED] - selenium.type("name=message_version", 3".toString()): null

2023-12-16 21:07:53 - [TEST_STEP][PASSED] - genRemIDVoid = RandomStringUtils.random(12, true, true): null

2023-12-16 21:07:53 - [TEST_STEP][PASSED] - selenium.type("name=remittance_id", genRemIDVoid): null

2023-12-16 21:07:53 - [TEST_STEP][PASSED] - selenium.click("css=input.formSubmit"): null

2023-12-16 21:07:54 - [TEST_STEP][PASSED] - selenium.waitForPageToLoad("30000"): null

2023-12-16 21:07:54 - [TEST_STEP][PASSED] - selenium.selectWindow("null"): null

2023-12-16 21:07:54 - [TEST_STEP][PASSED] - selenium.click("name=paymentMethod"): null

2023-12-16 21:07:55 - [TEST_STEP][PASSED] - selenium.click("css=input[type="submit"]"): null

2023-12-16 21:07:55 - [TEST_STEP][PASSED] - selenium.waitForPageToLoad("30000"): null

2023-12-16 21:07:56 - [TEST_STEP][PASSED] - selenium.type("name=amount", 00".toString()): null

2023-12-16 21:07:56 - [TEST_STEP][PASSED] - selenium.type("name=billingName", "Leslie Howard".toString()): null

2023-12-16 21:07:56 - [TEST_STEP][PASSED] - selenium.type("id=cardNumber", "4111111111111111"): null

2023-12-16 21:07:56 - [TEST_STEP][PASSED] - selenium.type("id=spc", "568"): null

2023-12-16 21:07:56 - [TEST_STEP][PASSED] - selenium.select("name=cardExpMonth", "label=02"): null

2023-12-16 21:07:56 - [TEST_STEP][PASSED] - selenium.select("name=cardExpYear", "label=2028"): null

2023-12-16 21:07:56 - [TEST_STEP][PASSED] - selenium.type("name=billingAddress", "778 Main street".toString()): null

2023-12-16 21:07:56 - [TEST_STEP][PASSED] - selenium.type("name=billingAddress2", ""): null

2023-12-16 21:07:56 - [TEST_STEP][PASSED] - selenium.type("id=billing-zip-input", "22201"): null

2023-12-16 21:07:57 - [TEST_STEP][PASSED] - selenium.type("name=emailAddress", ""): null

2023-12-16 21:07:57 - [TEST_STEP][PASSED] - selenium.click("id=checkedAcceptCondition"): null

2023-12-16 21:07:57 - [TEST_STEP][PASSED] - selenium.click("name=ccSubmit"): null

2023-12-16 21:07:57 - [TEST_STEP][PASSED] - selenium.waitForPageToLoad("30000"): null

2023-12-16 21:07:58 - [TEST_STEP][PASSED] - verifyTextPresent("Please verify the following information:", true): Text 'Please verify the following information:' is present on page  using regular expression

2023-12-16 21:07:58 - [MESSAGE][PASSED] - Text 'Please verify the following information:' is present on page  using regular expression

2023-12-16 21:07:58 - [TEST_STEP][PASSED] - verifyTextPresent("Is this information correct", true): Text 'Is this information correct' is present on page  using regular expression

2023-12-16 21:07:58 - [MESSAGE][PASSED] - Text 'Is this information correct' is present on page  using regular expression

2023-12-16 21:07:58 - [TEST_STEP][PASSED] - selenium.click("name=confirmNotifyAction"): null

2023-12-16 21:07:59 - [TEST_STEP][PASSED] - selenium.waitForPageToLoad("30000"): null

2023-12-16 21:07:59 - [TEST_STEP][PASSED] - Thread.sleep(8000): null

2023-12-16 21:08:07 - [TEST_STEP][PASSED] - verifyTextPresent("Successful Payment Receipt", true): Text 'Successful Payment Receipt' is present on page  using regular expression

2023-12-16 21:08:08 - [MESSAGE][PASSED] - Text 'Successful Payment Receipt' is present on page  using regular expression

2023-12-16 21:08:08 - [TEST_STEP][PASSED] - verifyTextPresent("Please print this receipt for your records", true): Text 'Please print this receipt for your records' is present on page  using regular expression

2023-12-16 21:08:08 - [MESSAGE][PASSED] - Text 'Please print this receipt for your records' is present on page  using regular expression

2023-12-16 21:08:08 - [TEST_STEP][PASSED] - verifyTextPresent("$1.00", false): Text '$1.00' is present on page 

2023-12-16 21:08:08 - [MESSAGE][PASSED] - Text '$1.00' is present on page 

2023-12-16 21:08:08 - [TEST_STEP][PASSED] - verifyTextPresent("Authorization and Capture", true): Text 'Authorization and Capture' is present on page  using regular expression

2023-12-16 21:08:09 - [MESSAGE][PASSED] - Text 'Authorization and Capture' is present on page  using regular expression

2023-12-16 21:08:09 - [TEST_STEP][PASSED] - verifyTextPresent("Visa", true): Text 'Visa' is present on page  using regular expression

2023-12-16 21:08:09 - [MESSAGE][PASSED] - Text 'Visa' is present on page  using regular expression

2023-12-16 21:08:09 - [TEST_STEP][PASSED] - verifyTextPresent("LESLIE HOWARD", true): Text 'LESLIE HOWARD' is present on page  using regular expression

2023-12-16 21:08:09 - [MESSAGE][PASSED] - Text 'LESLIE HOWARD' is present on page  using regular expression

2023-12-16 21:08:09 - [TEST_STEP][PASSED] - verifyTextPresent("1111", true): Text '1111' is present on page  using regular expression

2023-12-16 21:08:10 - [MESSAGE][PASSED] - Text '1111' is present on page  using regular expression

2023-12-16 21:08:10 - [TEST_STEP][PASSED] - println("End Test: DCFBelowFloorCC"): null]]></system-out>
         <system-err><![CDATA[]]></system-err>
      </testcase>
      <testcase name="Test Cases/IntegratedWeb/IWP23-SelIDE/DCFBelowFloorPC" time="28.594" classname="Test Cases/IntegratedWeb/IWP23-SelIDE/DCFBelowFloorPC" status="PASSED">
         <system-out><![CDATA[2023-12-16 21:08:10 - [TEST_CASE][PASSED] - Test Cases/IntegratedWeb/IWP23-SelIDE/DCFBelowFloorPC: Test Cases/IntegratedWeb/IWP23-SelIDE/DCFBelowFloorPC

2023-12-16 21:08:10 - [TEST_STEP][PASSED] - softAssertion = new org.testng.asserts.SoftAssert(): null

2023-12-16 21:08:10 - [TEST_STEP][PASSED] - openBrowser("https://www.google.com/"): Browser is opened with url: 'https://www.google.com/'

2023-12-16 21:08:10 - [MESSAGE][WARNING] - A browser is already opened. Closing browser and opening a new one

2023-12-16 21:08:11 - [MESSAGE][INFO] - Starting 'Chrome' driver

2023-12-16 21:08:11 - [MESSAGE][INFO] - User set preference: ['acceptInsecureCerts', 'true']

2023-12-16 21:08:11 - [MESSAGE][INFO] - Action delay is set to 0 milliseconds

2023-12-16 21:08:14 - [MESSAGE][PASSED] - Browser is opened with url: 'https://www.google.com/'

2023-12-16 21:08:14 - [TEST_STEP][PASSED] - driver = getWebDriver(): null

2023-12-16 21:08:14 - [TEST_STEP][PASSED] - baseUrl = "https://www.google.com/": null

2023-12-16 21:08:14 - [TEST_STEP][PASSED] - selenium = new com.thoughtworks.selenium.webdriven.WebDriverBackedSelenium(driver, baseUrl): null

2023-12-16 21:08:14 - [TEST_STEP][PASSED] - println("Begin Test: DCFBelowFloorPC"): null

2023-12-16 21:08:14 - [TEST_STEP][PASSED] - emulatorURL = urlEmulator: null

2023-12-16 21:08:14 - [TEST_STEP][PASSED] - selenium.open(emulatorURL): null

2023-12-16 21:08:14 - [TEST_STEP][PASSED] - selenium.selectWindow("null"): null

2023-12-16 21:08:14 - [TEST_STEP][PASSED] - selenium.select("name=message_version", "label=2.3"): null

2023-12-16 21:08:15 - [TEST_STEP][PASSED] - selenium.waitForPageToLoad("30000"): null

2023-12-16 21:08:15 - [TEST_STEP][PASSED] - selenium.type("name=amount", 00".toString()): null

2023-12-16 21:08:15 - [TEST_STEP][PASSED] - selenium.type("name=client_account_number", "CAN12345"): null

2023-12-16 21:08:15 - [TEST_STEP][PASSED] - selenium.type("name=action_type", "PayNow"): null

2023-12-16 21:08:15 - [TEST_STEP][PASSED] - selenium.type("name=language", "en_US"): null

2023-12-16 21:08:15 - [TEST_STEP][PASSED] - selenium.type("name=billing_firstname", "Mandy"): null

2023-12-16 21:08:16 - [TEST_STEP][PASSED] - selenium.type("name=billing_lastname", "Iguera"): null

2023-12-16 21:08:16 - [TEST_STEP][PASSED] - selenium.type("name=billing_address", "56 World Center Drive".toString()): null

2023-12-16 21:08:16 - [TEST_STEP][PASSED] - selenium.type("name=billing_address2", "Suite 600".toString()): null

2023-12-16 21:08:16 - [TEST_STEP][PASSED] - selenium.type("name=billing_country_id", "840"): null

2023-12-16 21:08:16 - [TEST_STEP][PASSED] - selenium.type("name=billing_city", "Orlando"): null

2023-12-16 21:08:16 - [TEST_STEP][PASSED] - selenium.type("name=billing_state", "NH"): null

2023-12-16 21:08:16 - [TEST_STEP][PASSED] - selenium.type("name=billing_zip", "03106"): null

2023-12-16 21:08:16 - [TEST_STEP][PASSED] - selenium.type("name=order_number", "PPPPOOOO"): null

2023-12-16 21:08:16 - [TEST_STEP][PASSED] - selenium.type("name=user_defined1", "udf1"): null

2023-12-16 21:08:16 - [TEST_STEP][PASSED] - selenium.type("name=user_defined2", "udf2"): null

2023-12-16 21:08:16 - [TEST_STEP][PASSED] - selenium.type("name=user_defined3", "udf3"): null

2023-12-16 21:08:16 - [TEST_STEP][PASSED] - selenium.type("name=user_defined4", "Orange Label".toString()): null

2023-12-16 21:08:16 - [TEST_STEP][PASSED] - selenium.type("name=user_defined5", "Soccer Label".toString()): null

2023-12-16 21:08:16 - [TEST_STEP][PASSED] - selenium.click("name=submit"): null

2023-12-16 21:08:16 - [TEST_STEP][PASSED] - selenium.waitForPageToLoad("30000"): null

2023-12-16 21:08:17 - [TEST_STEP][PASSED] - Thread.sleep(2000): null

2023-12-16 21:08:19 - [TEST_STEP][PASSED] - testHarnessURL = urlTestHarness: null

2023-12-16 21:08:19 - [TEST_STEP][PASSED] - selenium.open(testHarnessURL): null

2023-12-16 21:08:19 - [TEST_STEP][PASSED] - selenium.type("name=application_id", "637"): null

2023-12-16 21:08:19 - [TEST_STEP][PASSED] - selenium.type("name=message_version", 3".toString()): null

2023-12-16 21:08:19 - [TEST_STEP][PASSED] - genRemIDVoid = RandomStringUtils.random(12, true, true): null

2023-12-16 21:08:19 - [TEST_STEP][PASSED] - selenium.type("name=remittance_id", genRemIDVoid): null

2023-12-16 21:08:19 - [TEST_STEP][PASSED] - selenium.click("css=input.formSubmit"): null

2023-12-16 21:08:20 - [TEST_STEP][PASSED] - selenium.waitForPageToLoad("30000"): null

2023-12-16 21:08:21 - [TEST_STEP][PASSED] - selenium.click("xpath=(//input[@name='paymentMethod'])[2]"): null

2023-12-16 21:08:21 - [TEST_STEP][PASSED] - selenium.click("css=input[type="submit"]"): null

2023-12-16 21:08:22 - [TEST_STEP][PASSED] - selenium.waitForPageToLoad("30000"): null

2023-12-16 21:08:23 - [TEST_STEP][PASSED] - selenium.type("name=amount", 00".toString()): null

2023-12-16 21:08:23 - [TEST_STEP][PASSED] - selenium.type("name=billingFirstname", "Mike"): null

2023-12-16 21:08:23 - [TEST_STEP][PASSED] - selenium.type("name=billingLastname", "Chingiti"): null

2023-12-16 21:08:23 - [TEST_STEP][PASSED] - selenium.type("id=routingNumber", "256072691"): null

2023-12-16 21:08:23 - [TEST_STEP][PASSED] - selenium.type("id=accountNumber", "11111111"): null

2023-12-16 21:08:23 - [TEST_STEP][PASSED] - selenium.type("id=confirmAccountNumber", "11111111"): null

2023-12-16 21:08:23 - [TEST_STEP][PASSED] - selenium.click("name=accountType"): null

2023-12-16 21:08:23 - [TEST_STEP][PASSED] - selenium.type("name=billingAddress", "104 main road".toString()): null

2023-12-16 21:08:23 - [TEST_STEP][PASSED] - selenium.type("name=billingAddress2", ""): null

2023-12-16 21:08:23 - [TEST_STEP][PASSED] - selenium.type("id=billing-zip-input", "22201"): null

2023-12-16 21:08:23 - [TEST_STEP][PASSED] - selenium.click("id=checkedAcceptCondition"): null

2023-12-16 21:08:23 - [TEST_STEP][PASSED] - selenium.click("name=achSubmit"): null

2023-12-16 21:08:24 - [TEST_STEP][PASSED] - selenium.waitForPageToLoad("30000"): null

2023-12-16 21:08:24 - [TEST_STEP][PASSED] - verifyTextPresent("Please verify the following information:", true): Text 'Please verify the following information:' is present on page  using regular expression

2023-12-16 21:08:25 - [MESSAGE][PASSED] - Text 'Please verify the following information:' is present on page  using regular expression

2023-12-16 21:08:25 - [TEST_STEP][PASSED] - verifyTextPresent("Is this information correct", true): Text 'Is this information correct' is present on page  using regular expression

2023-12-16 21:08:25 - [MESSAGE][PASSED] - Text 'Is this information correct' is present on page  using regular expression

2023-12-16 21:08:25 - [TEST_STEP][PASSED] - selenium.click("name=confirmNotifyAction"): null

2023-12-16 21:08:25 - [TEST_STEP][PASSED] - selenium.waitForPageToLoad("30000"): null

2023-12-16 21:08:26 - [TEST_STEP][PASSED] - Thread.sleep(8000): null

2023-12-16 21:08:34 - [TEST_STEP][PASSED] - verifyTextPresent("Successful Payment Receipt", true): Text 'Successful Payment Receipt' is present on page  using regular expression

2023-12-16 21:08:34 - [MESSAGE][PASSED] - Text 'Successful Payment Receipt' is present on page  using regular expression

2023-12-16 21:08:34 - [TEST_STEP][PASSED] - verifyTextPresent("Please print this receipt for your records", true): Text 'Please print this receipt for your records' is present on page  using regular expression

2023-12-16 21:08:35 - [MESSAGE][PASSED] - Text 'Please print this receipt for your records' is present on page  using regular expression

2023-12-16 21:08:35 - [TEST_STEP][PASSED] - verifyTextPresent("$1.00", false): Text '$1.00' is present on page 

2023-12-16 21:08:35 - [MESSAGE][PASSED] - Text '$1.00' is present on page 

2023-12-16 21:08:35 - [TEST_STEP][PASSED] - verifyTextPresent("Debit", true): Text 'Debit' is present on page  using regular expression

2023-12-16 21:08:35 - [MESSAGE][PASSED] - Text 'Debit' is present on page  using regular expression

2023-12-16 21:08:35 - [TEST_STEP][PASSED] - verifyTextPresent("Personal", true): Text 'Personal' is present on page  using regular expression

2023-12-16 21:08:35 - [MESSAGE][PASSED] - Text 'Personal' is present on page  using regular expression

2023-12-16 21:08:35 - [TEST_STEP][PASSED] - verifyTextPresent("Checking", true): Text 'Checking' is present on page  using regular expression

2023-12-16 21:08:36 - [MESSAGE][PASSED] - Text 'Checking' is present on page  using regular expression

2023-12-16 21:08:36 - [TEST_STEP][PASSED] - verifyTextPresent("1111", true): Text '1111' is present on page  using regular expression

2023-12-16 21:08:36 - [MESSAGE][PASSED] - Text '1111' is present on page  using regular expression

2023-12-16 21:08:36 - [TEST_STEP][PASSED] - verifyTextPresent("2691", true): Text '2691' is present on page  using regular expression

2023-12-16 21:08:36 - [MESSAGE][PASSED] - Text '2691' is present on page  using regular expression

2023-12-16 21:08:36 - [TEST_STEP][PASSED] - verifyTextPresent("MIKE CHINGITI", true): Text 'MIKE CHINGITI' is present on page  using regular expression

2023-12-16 21:08:37 - [MESSAGE][PASSED] - Text 'MIKE CHINGITI' is present on page  using regular expression

2023-12-16 21:08:37 - [TEST_STEP][PASSED] - verifyTextPresent("104 main road", true): Text '104 main road' is present on page  using regular expression

2023-12-16 21:08:37 - [MESSAGE][PASSED] - Text '104 main road' is present on page  using regular expression

2023-12-16 21:08:37 - [TEST_STEP][PASSED] - verifyTextPresent("United States", true): Text 'United States' is present on page  using regular expression

2023-12-16 21:08:37 - [MESSAGE][PASSED] - Text 'United States' is present on page  using regular expression

2023-12-16 21:08:37 - [TEST_STEP][PASSED] - verifyTextPresent("ARLINGTON", true): Text 'ARLINGTON' is present on page  using regular expression

2023-12-16 21:08:38 - [MESSAGE][PASSED] - Text 'ARLINGTON' is present on page  using regular expression

2023-12-16 21:08:38 - [TEST_STEP][PASSED] - verifyTextPresent("Virginia", true): Text 'Virginia' is present on page  using regular expression

2023-12-16 21:08:38 - [MESSAGE][PASSED] - Text 'Virginia' is present on page  using regular expression

2023-12-16 21:08:38 - [TEST_STEP][PASSED] - verifyTextPresent("22201", true): Text '22201' is present on page  using regular expression

2023-12-16 21:08:38 - [MESSAGE][PASSED] - Text '22201' is present on page  using regular expression

2023-12-16 21:08:38 - [TEST_STEP][PASSED] - println("End Test: DCFBelowFloorPC"): null]]></system-out>
         <system-err><![CDATA[]]></system-err>
      </testcase>
      <testcase name="Test Cases/IntegratedWeb/IWP23-SelIDE/DCFcancelOnCFCC" time="23.268" classname="Test Cases/IntegratedWeb/IWP23-SelIDE/DCFcancelOnCFCC" status="FAILED">
         <failure type="FAILED" message="Test Cases/IntegratedWeb/IWP23-SelIDE/DCFcancelOnCFCC FAILED.
Reason:
com.kms.katalon.core.exception.StepFailedException: Text 'This transaction is subject to a Convenience Fees of $2.00' is not present on page  using regular expression (Root cause: com.kms.katalon.core.exception.StepFailedException: Text 'This transaction is subject to a Convenience Fees of $2.00' is not present on page  using regular expression
	at com.kms.katalon.core.webui.keyword.internal.WebUIKeywordMain.stepFailed(WebUIKeywordMain.groovy:64)
	at com.kms.katalon.core.webui.keyword.builtin.VerifyTextPresentKeyword$_verifyTextPresent_closure1.doCall(VerifyTextPresentKeyword.groovy:79)
	at com.kms.katalon.core.webui.keyword.builtin.VerifyTextPresentKeyword$_verifyTextPresent_closure1.call(VerifyTextPresentKeyword.groovy)
	at com.kms.katalon.core.webui.keyword.internal.WebUIKeywordMain.runKeyword(WebUIKeywordMain.groovy:20)
	at com.kms.katalon.core.webui.keyword.builtin.VerifyTextPresentKeyword.verifyTextPresent(VerifyTextPresentKeyword.groovy:83)
	at com.kms.katalon.core.webui.keyword.builtin.VerifyTextPresentKeyword.execute(VerifyTextPresentKeyword.groovy:68)
	at com.kms.katalon.core.keyword.internal.KeywordExecutor.executeKeywordForPlatform(KeywordExecutor.groovy:74)
	at com.kms.katalon.core.webui.keyword.WebUiBuiltInKeywords.verifyTextPresent(WebUiBuiltInKeywords.groovy:1723)
	at com.kms.katalon.core.webui.keyword.WebUiBuiltInKeywords$verifyTextPresent$0.call(Unknown Source)
	at DCFcancelOnCFCC.run(DCFcancelOnCFCC:146)
	at com.kms.katalon.core.main.ScriptEngine.run(ScriptEngine.java:194)
	at com.kms.katalon.core.main.ScriptEngine.runScriptAsRawText(ScriptEngine.java:119)
	at com.kms.katalon.core.main.TestCaseExecutor.runScript(TestCaseExecutor.java:448)
	at com.kms.katalon.core.main.TestCaseExecutor.doExecute(TestCaseExecutor.java:439)
	at com.kms.katalon.core.main.TestCaseExecutor.processExecutionPhase(TestCaseExecutor.java:418)
	at com.kms.katalon.core.main.TestCaseExecutor.accessMainPhase(TestCaseExecutor.java:410)
	at com.kms.katalon.core.main.TestCaseExecutor.execute(TestCaseExecutor.java:285)
	at com.kms.katalon.core.main.TestCaseExecutor.execute(TestCaseExecutor.java:369)
	at com.kms.katalon.core.main.TestCaseExecutor.execute(TestCaseExecutor.java:369)
	at com.kms.katalon.core.main.TestCaseExecutor.execute(TestCaseExecutor.java:369)
	at com.kms.katalon.core.common.CommonExecutor.accessTestCaseMainPhase(CommonExecutor.java:65)
	at com.kms.katalon.core.main.TestSuiteExecutor.accessTestSuiteMainPhase(TestSuiteExecutor.java:148)
	at com.kms.katalon.core.main.TestSuiteExecutor.execute(TestSuiteExecutor.java:106)
	at com.kms.katalon.core.main.TestCaseMain.startTestSuite(TestCaseMain.java:187)
	at com.kms.katalon.core.main.TestCaseMain$startTestSuite$0.call(Unknown Source)
	at TempTestSuite1702778440031.run(TempTestSuite1702778440031.groovy:36)
)
	at com.kms.katalon.core.keyword.internal.KeywordMain.stepFailed(KeywordMain.groovy:39)
	at com.kms.katalon.core.webui.keyword.internal.WebUIKeywordMain.stepFailed(WebUIKeywordMain.groovy:64)
	at com.kms.katalon.core.webui.keyword.builtin.VerifyTextPresentKeyword$_verifyTextPresent_closure1.doCall(VerifyTextPresentKeyword.groovy:79)
	at com.kms.katalon.core.webui.keyword.builtin.VerifyTextPresentKeyword$_verifyTextPresent_closure1.call(VerifyTextPresentKeyword.groovy)
	at com.kms.katalon.core.webui.keyword.internal.WebUIKeywordMain.runKeyword(WebUIKeywordMain.groovy:20)
	at com.kms.katalon.core.webui.keyword.builtin.VerifyTextPresentKeyword.verifyTextPresent(VerifyTextPresentKeyword.groovy:83)
	at com.kms.katalon.core.webui.keyword.builtin.VerifyTextPresentKeyword.execute(VerifyTextPresentKeyword.groovy:68)
	at com.kms.katalon.core.keyword.internal.KeywordExecutor.executeKeywordForPlatform(KeywordExecutor.groovy:74)
	at com.kms.katalon.core.webui.keyword.WebUiBuiltInKeywords.verifyTextPresent(WebUiBuiltInKeywords.groovy:1723)
	at com.kms.katalon.core.webui.keyword.WebUiBuiltInKeywords$verifyTextPresent$0.call(Unknown Source)
	at DCFcancelOnCFCC.run(DCFcancelOnCFCC:146)
	at com.kms.katalon.core.main.ScriptEngine.run(ScriptEngine.java:194)
	at com.kms.katalon.core.main.ScriptEngine.runScriptAsRawText(ScriptEngine.java:119)
	at com.kms.katalon.core.main.TestCaseExecutor.runScript(TestCaseExecutor.java:448)
	at com.kms.katalon.core.main.TestCaseExecutor.doExecute(TestCaseExecutor.java:439)
	at com.kms.katalon.core.main.TestCaseExecutor.processExecutionPhase(TestCaseExecutor.java:418)
	at com.kms.katalon.core.main.TestCaseExecutor.accessMainPhase(TestCaseExecutor.java:410)
	at com.kms.katalon.core.main.TestCaseExecutor.execute(TestCaseExecutor.java:285)
	at com.kms.katalon.core.main.TestCaseExecutor.execute(TestCaseExecutor.java:369)
	at com.kms.katalon.core.main.TestCaseExecutor.execute(TestCaseExecutor.java:369)
	at com.kms.katalon.core.main.TestCaseExecutor.execute(TestCaseExecutor.java:369)
	at com.kms.katalon.core.common.CommonExecutor.accessTestCaseMainPhase(CommonExecutor.java:65)
	at com.kms.katalon.core.main.TestSuiteExecutor.accessTestSuiteMainPhase(TestSuiteExecutor.java:148)
	at com.kms.katalon.core.main.TestSuiteExecutor.execute(TestSuiteExecutor.java:106)
	at com.kms.katalon.core.main.TestCaseMain.startTestSuite(TestCaseMain.java:187)
	at com.kms.katalon.core.main.TestCaseMain$startTestSuite$0.call(Unknown Source)
	at TempTestSuite1702778440031.run(TempTestSuite1702778440031.groovy:36)
Caused by: com.kms.katalon.core.exception.StepFailedException: Text 'This transaction is subject to a Convenience Fees of $2.00' is not present on page  using regular expression
	... 26 more
"/>
         <system-out><![CDATA[2023-12-16 21:09:50 - [TEST_CASE][FAILED] - Test Cases/IntegratedWeb/IWP23-SelIDE/DCFcancelOnCFCC: Test Cases/IntegratedWeb/IWP23-SelIDE/DCFcancelOnCFCC FAILED.
Reason:
com.kms.katalon.core.exception.StepFailedException: Text 'This transaction is subject to a Convenience Fees of $2.00' is not present on page  using regular expression (Root cause: com.kms.katalon.core.exception.StepFailedException: Text 'This transaction is subject to a Convenience Fees of $2.00' is not present on page  using regular expression
	at com.kms.katalon.core.webui.keyword.internal.WebUIKeywordMain.stepFailed(WebUIKeywordMain.groovy:64)
	at com.kms.katalon.core.webui.keyword.builtin.VerifyTextPresentKeyword$_verifyTextPresent_closure1.doCall(VerifyTextPresentKeyword.groovy:79)
	at com.kms.katalon.core.webui.keyword.builtin.VerifyTextPresentKeyword$_verifyTextPresent_closure1.call(VerifyTextPresentKeyword.groovy)
	at com.kms.katalon.core.webui.keyword.internal.WebUIKeywordMain.runKeyword(WebUIKeywordMain.groovy:20)
	at com.kms.katalon.core.webui.keyword.builtin.VerifyTextPresentKeyword.verifyTextPresent(VerifyTextPresentKeyword.groovy:83)
	at com.kms.katalon.core.webui.keyword.builtin.VerifyTextPresentKeyword.execute(VerifyTextPresentKeyword.groovy:68)
	at com.kms.katalon.core.keyword.internal.KeywordExecutor.executeKeywordForPlatform(KeywordExecutor.groovy:74)
	at com.kms.katalon.core.webui.keyword.WebUiBuiltInKeywords.verifyTextPresent(WebUiBuiltInKeywords.groovy:1723)
	at com.kms.katalon.core.webui.keyword.WebUiBuiltInKeywords$verifyTextPresent$0.call(Unknown Source)
	at DCFcancelOnCFCC.run(DCFcancelOnCFCC:146)
	at com.kms.katalon.core.main.ScriptEngine.run(ScriptEngine.java:194)
	at com.kms.katalon.core.main.ScriptEngine.runScriptAsRawText(ScriptEngine.java:119)
	at com.kms.katalon.core.main.TestCaseExecutor.runScript(TestCaseExecutor.java:448)
	at com.kms.katalon.core.main.TestCaseExecutor.doExecute(TestCaseExecutor.java:439)
	at com.kms.katalon.core.main.TestCaseExecutor.processExecutionPhase(TestCaseExecutor.java:418)
	at com.kms.katalon.core.main.TestCaseExecutor.accessMainPhase(TestCaseExecutor.java:410)
	at com.kms.katalon.core.main.TestCaseExecutor.execute(TestCaseExecutor.java:285)
	at com.kms.katalon.core.main.TestCaseExecutor.execute(TestCaseExecutor.java:369)
	at com.kms.katalon.core.main.TestCaseExecutor.execute(TestCaseExecutor.java:369)
	at com.kms.katalon.core.main.TestCaseExecutor.execute(TestCaseExecutor.java:369)
	at com.kms.katalon.core.common.CommonExecutor.accessTestCaseMainPhase(CommonExecutor.java:65)
	at com.kms.katalon.core.main.TestSuiteExecutor.accessTestSuiteMainPhase(TestSuiteExecutor.java:148)
	at com.kms.katalon.core.main.TestSuiteExecutor.execute(TestSuiteExecutor.java:106)
	at com.kms.katalon.core.main.TestCaseMain.startTestSuite(TestCaseMain.java:187)
	at com.kms.katalon.core.main.TestCaseMain$startTestSuite$0.call(Unknown Source)
	at TempTestSuite1702778440031.run(TempTestSuite1702778440031.groovy:36)
)
	at com.kms.katalon.core.keyword.internal.KeywordMain.stepFailed(KeywordMain.groovy:39)
	at com.kms.katalon.core.webui.keyword.internal.WebUIKeywordMain.stepFailed(WebUIKeywordMain.groovy:64)
	at com.kms.katalon.core.webui.keyword.builtin.VerifyTextPresentKeyword$_verifyTextPresent_closure1.doCall(VerifyTextPresentKeyword.groovy:79)
	at com.kms.katalon.core.webui.keyword.builtin.VerifyTextPresentKeyword$_verifyTextPresent_closure1.call(VerifyTextPresentKeyword.groovy)
	at com.kms.katalon.core.webui.keyword.internal.WebUIKeywordMain.runKeyword(WebUIKeywordMain.groovy:20)
	at com.kms.katalon.core.webui.keyword.builtin.VerifyTextPresentKeyword.verifyTextPresent(VerifyTextPresentKeyword.groovy:83)
	at com.kms.katalon.core.webui.keyword.builtin.VerifyTextPresentKeyword.execute(VerifyTextPresentKeyword.groovy:68)
	at com.kms.katalon.core.keyword.internal.KeywordExecutor.executeKeywordForPlatform(KeywordExecutor.groovy:74)
	at com.kms.katalon.core.webui.keyword.WebUiBuiltInKeywords.verifyTextPresent(WebUiBuiltInKeywords.groovy:1723)
	at com.kms.katalon.core.webui.keyword.WebUiBuiltInKeywords$verifyTextPresent$0.call(Unknown Source)
	at DCFcancelOnCFCC.run(DCFcancelOnCFCC:146)
	at com.kms.katalon.core.main.ScriptEngine.run(ScriptEngine.java:194)
	at com.kms.katalon.core.main.ScriptEngine.runScriptAsRawText(ScriptEngine.java:119)
	at com.kms.katalon.core.main.TestCaseExecutor.runScript(TestCaseExecutor.java:448)
	at com.kms.katalon.core.main.TestCaseExecutor.doExecute(TestCaseExecutor.java:439)
	at com.kms.katalon.core.main.TestCaseExecutor.processExecutionPhase(TestCaseExecutor.java:418)
	at com.kms.katalon.core.main.TestCaseExecutor.accessMainPhase(TestCaseExecutor.java:410)
	at com.kms.katalon.core.main.TestCaseExecutor.execute(TestCaseExecutor.java:285)
	at com.kms.katalon.core.main.TestCaseExecutor.execute(TestCaseExecutor.java:369)
	at com.kms.katalon.core.main.TestCaseExecutor.execute(TestCaseExecutor.java:369)
	at com.kms.katalon.core.main.TestCaseExecutor.execute(TestCaseExecutor.java:369)
	at com.kms.katalon.core.common.CommonExecutor.accessTestCaseMainPhase(CommonExecutor.java:65)
	at com.kms.katalon.core.main.TestSuiteExecutor.accessTestSuiteMainPhase(TestSuiteExecutor.java:148)
	at com.kms.katalon.core.main.TestSuiteExecutor.execute(TestSuiteExecutor.java:106)
	at com.kms.katalon.core.main.TestCaseMain.startTestSuite(TestCaseMain.java:187)
	at com.kms.katalon.core.main.TestCaseMain$startTestSuite$0.call(Unknown Source)
	at TempTestSuite1702778440031.run(TempTestSuite1702778440031.groovy:36)
Caused by: com.kms.katalon.core.exception.StepFailedException: Text 'This transaction is subject to a Convenience Fees of $2.00' is not present on page  using regular expression
	... 26 more


2023-12-16 21:09:50 - [TEST_STEP][PASSED] - softAssertion = new org.testng.asserts.SoftAssert(): null

2023-12-16 21:09:50 - [TEST_STEP][PASSED] - openBrowser("https://www.google.com/"): Browser is opened with url: 'https://www.google.com/'

2023-12-16 21:09:50 - [MESSAGE][WARNING] - A browser is already opened. Closing browser and opening a new one

2023-12-16 21:09:51 - [MESSAGE][INFO] - Starting 'Chrome' driver

2023-12-16 21:09:51 - [MESSAGE][INFO] - User set preference: ['acceptInsecureCerts', 'true']

2023-12-16 21:09:51 - [MESSAGE][INFO] - Action delay is set to 0 milliseconds

2023-12-16 21:09:54 - [MESSAGE][PASSED] - Browser is opened with url: 'https://www.google.com/'

2023-12-16 21:09:54 - [TEST_STEP][PASSED] - driver = getWebDriver(): null

2023-12-16 21:09:54 - [TEST_STEP][PASSED] - baseUrl = "https://www.google.com/": null

2023-12-16 21:09:54 - [TEST_STEP][PASSED] - selenium = new com.thoughtworks.selenium.webdriven.WebDriverBackedSelenium(driver, baseUrl): null

2023-12-16 21:09:54 - [TEST_STEP][PASSED] - println("Begin Test: DCFcancelOnCFCC"): null

2023-12-16 21:09:54 - [TEST_STEP][PASSED] - emulatorURL = urlEmulator: null

2023-12-16 21:09:54 - [TEST_STEP][PASSED] - selenium.open(emulatorURL): null

2023-12-16 21:09:54 - [TEST_STEP][PASSED] - selenium.selectWindow("null"): null

2023-12-16 21:09:54 - [TEST_STEP][PASSED] - selenium.select("name=message_version", "label=2.3"): null

2023-12-16 21:09:55 - [TEST_STEP][PASSED] - selenium.waitForPageToLoad("30000"): null

2023-12-16 21:09:55 - [TEST_STEP][PASSED] - selenium.type("name=amount", 00".toString()): null

2023-12-16 21:09:55 - [TEST_STEP][PASSED] - selenium.type("name=client_account_number", "CAN12345"): null

2023-12-16 21:09:55 - [TEST_STEP][PASSED] - selenium.type("name=action_type", "PayNow"): null

2023-12-16 21:09:55 - [TEST_STEP][PASSED] - selenium.type("name=language", "en_US"): null

2023-12-16 21:09:55 - [TEST_STEP][PASSED] - selenium.type("name=billing_firstname", "Mandy"): null

2023-12-16 21:09:55 - [TEST_STEP][PASSED] - selenium.type("name=billing_lastname", "Iguera"): null

2023-12-16 21:09:55 - [TEST_STEP][PASSED] - selenium.type("name=billing_address", "56 World Center Drive".toString()): null

2023-12-16 21:09:55 - [TEST_STEP][PASSED] - selenium.type("name=billing_address2", "Suite 600".toString()): null

2023-12-16 21:09:56 - [TEST_STEP][PASSED] - selenium.type("name=billing_country_id", "840"): null

2023-12-16 21:09:56 - [TEST_STEP][PASSED] - selenium.type("name=billing_city", "Orlando"): null

2023-12-16 21:09:56 - [TEST_STEP][PASSED] - selenium.type("name=billing_state", "NH"): null

2023-12-16 21:09:56 - [TEST_STEP][PASSED] - selenium.type("name=billing_zip", "03106"): null

2023-12-16 21:09:56 - [TEST_STEP][PASSED] - selenium.type("name=order_number", "PPPPOOOO"): null

2023-12-16 21:09:56 - [TEST_STEP][PASSED] - selenium.type("name=user_defined1", "udf1"): null

2023-12-16 21:09:56 - [TEST_STEP][PASSED] - selenium.type("name=user_defined2", "udf2"): null

2023-12-16 21:09:56 - [TEST_STEP][PASSED] - selenium.type("name=user_defined3", "udf3"): null

2023-12-16 21:09:56 - [TEST_STEP][PASSED] - selenium.type("name=user_defined4", "Orange Label".toString()): null

2023-12-16 21:09:56 - [TEST_STEP][PASSED] - selenium.type("name=user_defined5", "Soccer Label".toString()): null

2023-12-16 21:09:56 - [TEST_STEP][PASSED] - selenium.click("name=submit"): null

2023-12-16 21:09:56 - [TEST_STEP][PASSED] - selenium.waitForPageToLoad("30000"): null

2023-12-16 21:09:57 - [TEST_STEP][PASSED] - testHarnessURL = urlTestHarness: null

2023-12-16 21:09:57 - [TEST_STEP][PASSED] - selenium.open(testHarnessURL): null

2023-12-16 21:09:57 - [TEST_STEP][PASSED] - Thread.sleep(2000): null

2023-12-16 21:09:59 - [TEST_STEP][PASSED] - selenium.type("name=application_id", "637"): null

2023-12-16 21:09:59 - [TEST_STEP][PASSED] - selenium.type("name=message_version", 3".toString()): null

2023-12-16 21:09:59 - [TEST_STEP][PASSED] - remID = selenium.getEval("  " + "Date.now"): null

2023-12-16 21:09:59 - [TEST_STEP][PASSED] - selenium.type("name=remittance_id", remID.toString()): null

2023-12-16 21:09:59 - [TEST_STEP][PASSED] - genRemIDVoid = RandomStringUtils.random(12, true, true): null

2023-12-16 21:09:59 - [TEST_STEP][PASSED] - selenium.type("name=remittance_id", genRemIDVoid): null

2023-12-16 21:09:59 - [TEST_STEP][PASSED] - selenium.click("css=input.formSubmit"): null

2023-12-16 21:10:00 - [TEST_STEP][PASSED] - selenium.waitForPageToLoad("30000"): null

2023-12-16 21:10:01 - [TEST_STEP][PASSED] - selenium.selectWindow("null"): null

2023-12-16 21:10:01 - [TEST_STEP][PASSED] - selenium.click("name=paymentMethod"): null

2023-12-16 21:10:01 - [TEST_STEP][PASSED] - selenium.click("css=input[type="submit"]"): null

2023-12-16 21:10:01 - [TEST_STEP][PASSED] - selenium.waitForPageToLoad("30000"): null

2023-12-16 21:10:02 - [TEST_STEP][PASSED] - selenium.type("name=amount", 50".toString()): null

2023-12-16 21:10:02 - [TEST_STEP][PASSED] - selenium.type("name=billingName", "Leslie Howard".toString()): null

2023-12-16 21:10:02 - [TEST_STEP][PASSED] - selenium.type("id=cardNumber", "4111111111111111"): null

2023-12-16 21:10:02 - [TEST_STEP][PASSED] - selenium.type("id=spc", "568"): null

2023-12-16 21:10:02 - [TEST_STEP][PASSED] - selenium.select("name=cardExpMonth", "label=02"): null

2023-12-16 21:10:03 - [TEST_STEP][PASSED] - selenium.select("name=cardExpYear", "label=2028"): null

2023-12-16 21:10:03 - [TEST_STEP][PASSED] - selenium.type("name=billingAddress", "778 Main street".toString()): null

2023-12-16 21:10:03 - [TEST_STEP][PASSED] - selenium.type("name=billingAddress2", ""): null

2023-12-16 21:10:03 - [TEST_STEP][PASSED] - selenium.type("id=billing-zip-input", "22201"): null

2023-12-16 21:10:03 - [TEST_STEP][PASSED] - selenium.type("name=emailAddress", ""): null

2023-12-16 21:10:03 - [TEST_STEP][PASSED] - selenium.click("id=checkedAcceptCondition"): null

2023-12-16 21:10:03 - [TEST_STEP][PASSED] - selenium.click("name=ccSubmit"): null

2023-12-16 21:10:03 - [TEST_STEP][PASSED] - selenium.waitForPageToLoad("30000"): null

2023-12-16 21:10:04 - [TEST_STEP][PASSED] - verifyTextPresent("Please verify the following information:", true): Text 'Please verify the following information:' is present on page  using regular expression

2023-12-16 21:10:04 - [MESSAGE][PASSED] - Text 'Please verify the following information:' is present on page  using regular expression

2023-12-16 21:10:04 - [TEST_STEP][PASSED] - verifyTextPresent("Is this information correct", true): Text 'Is this information correct' is present on page  using regular expression

2023-12-16 21:10:05 - [MESSAGE][PASSED] - Text 'Is this information correct' is present on page  using regular expression

2023-12-16 21:10:05 - [TEST_STEP][PASSED] - selenium.click("name=confirmNotifyAction"): null

2023-12-16 21:10:05 - [TEST_STEP][PASSED] - selenium.waitForPageToLoad("30000"): null

2023-12-16 21:10:06 - [TEST_STEP][FAILED] - verifyTextPresent("This transaction is subject to a Convenience Fees of $2.00", true): Text 'This transaction is subject to a Convenience Fees of $2.00' is not present on page  using regular expression (Root cause: com.kms.katalon.core.exception.StepFailedException: Text 'This transaction is subject to a Convenience Fees of $2.00' is not present on page  using regular expression
	at com.kms.katalon.core.webui.keyword.internal.WebUIKeywordMain.stepFailed(WebUIKeywordMain.groovy:64)
	at com.kms.katalon.core.webui.keyword.builtin.VerifyTextPresentKeyword$_verifyTextPresent_closure1.doCall(VerifyTextPresentKeyword.groovy:79)
	at com.kms.katalon.core.webui.keyword.builtin.VerifyTextPresentKeyword$_verifyTextPresent_closure1.call(VerifyTextPresentKeyword.groovy)
	at com.kms.katalon.core.webui.keyword.internal.WebUIKeywordMain.runKeyword(WebUIKeywordMain.groovy:20)
	at com.kms.katalon.core.webui.keyword.builtin.VerifyTextPresentKeyword.verifyTextPresent(VerifyTextPresentKeyword.groovy:83)
	at com.kms.katalon.core.webui.keyword.builtin.VerifyTextPresentKeyword.execute(VerifyTextPresentKeyword.groovy:68)
	at com.kms.katalon.core.keyword.internal.KeywordExecutor.executeKeywordForPlatform(KeywordExecutor.groovy:74)
	at com.kms.katalon.core.webui.keyword.WebUiBuiltInKeywords.verifyTextPresent(WebUiBuiltInKeywords.groovy:1723)
	at com.kms.katalon.core.webui.keyword.WebUiBuiltInKeywords$verifyTextPresent$0.call(Unknown Source)
	at DCFcancelOnCFCC.run(DCFcancelOnCFCC:146)
	at com.kms.katalon.core.main.ScriptEngine.run(ScriptEngine.java:194)
	at com.kms.katalon.core.main.ScriptEngine.runScriptAsRawText(ScriptEngine.java:119)
	at com.kms.katalon.core.main.TestCaseExecutor.runScript(TestCaseExecutor.java:448)
	at com.kms.katalon.core.main.TestCaseExecutor.doExecute(TestCaseExecutor.java:439)
	at com.kms.katalon.core.main.TestCaseExecutor.processExecutionPhase(TestCaseExecutor.java:418)
	at com.kms.katalon.core.main.TestCaseExecutor.accessMainPhase(TestCaseExecutor.java:410)
	at com.kms.katalon.core.main.TestCaseExecutor.execute(TestCaseExecutor.java:285)
	at com.kms.katalon.core.main.TestCaseExecutor.execute(TestCaseExecutor.java:369)
	at com.kms.katalon.core.main.TestCaseExecutor.execute(TestCaseExecutor.java:369)
	at com.kms.katalon.core.main.TestCaseExecutor.execute(TestCaseExecutor.java:369)
	at com.kms.katalon.core.common.CommonExecutor.accessTestCaseMainPhase(CommonExecutor.java:65)
	at com.kms.katalon.core.main.TestSuiteExecutor.accessTestSuiteMainPhase(TestSuiteExecutor.java:148)
	at com.kms.katalon.core.main.TestSuiteExecutor.execute(TestSuiteExecutor.java:106)
	at com.kms.katalon.core.main.TestCaseMain.startTestSuite(TestCaseMain.java:187)
	at com.kms.katalon.core.main.TestCaseMain$startTestSuite$0.call(Unknown Source)
	at TempTestSuite1702778440031.run(TempTestSuite1702778440031.groovy:36)
)

2023-12-16 21:10:06 - [MESSAGE][FAILED] - Text 'This transaction is subject to a Convenience Fees of $2.00' is not present on page  using regular expression (Root cause: com.kms.katalon.core.exception.StepFailedException: Text 'This transaction is subject to a Convenience Fees of $2.00' is not present on page  using regular expression
	at com.kms.katalon.core.webui.keyword.internal.WebUIKeywordMain.stepFailed(WebUIKeywordMain.groovy:64)
	at com.kms.katalon.core.webui.keyword.builtin.VerifyTextPresentKeyword$_verifyTextPresent_closure1.doCall(VerifyTextPresentKeyword.groovy:79)
	at com.kms.katalon.core.webui.keyword.builtin.VerifyTextPresentKeyword$_verifyTextPresent_closure1.call(VerifyTextPresentKeyword.groovy)
	at com.kms.katalon.core.webui.keyword.internal.WebUIKeywordMain.runKeyword(WebUIKeywordMain.groovy:20)
	at com.kms.katalon.core.webui.keyword.builtin.VerifyTextPresentKeyword.verifyTextPresent(VerifyTextPresentKeyword.groovy:83)
	at com.kms.katalon.core.webui.keyword.builtin.VerifyTextPresentKeyword.execute(VerifyTextPresentKeyword.groovy:68)
	at com.kms.katalon.core.keyword.internal.KeywordExecutor.executeKeywordForPlatform(KeywordExecutor.groovy:74)
	at com.kms.katalon.core.webui.keyword.WebUiBuiltInKeywords.verifyTextPresent(WebUiBuiltInKeywords.groovy:1723)
	at com.kms.katalon.core.webui.keyword.WebUiBuiltInKeywords$verifyTextPresent$0.call(Unknown Source)
	at DCFcancelOnCFCC.run(DCFcancelOnCFCC:146)
	at com.kms.katalon.core.main.ScriptEngine.run(ScriptEngine.java:194)
	at com.kms.katalon.core.main.ScriptEngine.runScriptAsRawText(ScriptEngine.java:119)
	at com.kms.katalon.core.main.TestCaseExecutor.runScript(TestCaseExecutor.java:448)
	at com.kms.katalon.core.main.TestCaseExecutor.doExecute(TestCaseExecutor.java:439)
	at com.kms.katalon.core.main.TestCaseExecutor.processExecutionPhase(TestCaseExecutor.java:418)
	at com.kms.katalon.core.main.TestCaseExecutor.accessMainPhase(TestCaseExecutor.java:410)
	at com.kms.katalon.core.main.TestCaseExecutor.execute(TestCaseExecutor.java:285)
	at com.kms.katalon.core.main.TestCaseExecutor.execute(TestCaseExecutor.java:369)
	at com.kms.katalon.core.main.TestCaseExecutor.execute(TestCaseExecutor.java:369)
	at com.kms.katalon.core.main.TestCaseExecutor.execute(TestCaseExecutor.java:369)
	at com.kms.katalon.core.common.CommonExecutor.accessTestCaseMainPhase(CommonExecutor.java:65)
	at com.kms.katalon.core.main.TestSuiteExecutor.accessTestSuiteMainPhase(TestSuiteExecutor.java:148)
	at com.kms.katalon.core.main.TestSuiteExecutor.execute(TestSuiteExecutor.java:106)
	at com.kms.katalon.core.main.TestCaseMain.startTestSuite(TestCaseMain.java:187)
	at com.kms.katalon.core.main.TestCaseMain$startTestSuite$0.call(Unknown Source)
	at TempTestSuite1702778440031.run(TempTestSuite1702778440031.groovy:36)
)

2023-12-16 21:10:06 - [TEST_STEP][PASSED] - verifyTextPresent("Payment Amount:", true): Text 'Payment Amount:' is present on page  using regular expression

2023-12-16 21:10:06 - [MESSAGE][PASSED] - Text 'Payment Amount:' is present on page  using regular expression

2023-12-16 21:10:06 - [TEST_STEP][PASSED] - verifyTextPresent("$11.50", false): Text '$11.50' is present on page 

2023-12-16 21:10:07 - [MESSAGE][PASSED] - Text '$11.50' is present on page 

2023-12-16 21:10:07 - [TEST_STEP][PASSED] - verifyTextPresent("Convenience Fees:", true): Text 'Convenience Fees:' is present on page  using regular expression

2023-12-16 21:10:07 - [MESSAGE][PASSED] - Text 'Convenience Fees:' is present on page  using regular expression

2023-12-16 21:10:07 - [TEST_STEP][PASSED] - verifyTextPresent("$2.00", false): Text '$2.00' is present on page 

2023-12-16 21:10:07 - [MESSAGE][PASSED] - Text '$2.00' is present on page 

2023-12-16 21:10:07 - [TEST_STEP][PASSED] - verifyTextPresent("Total Amount:", true): Text 'Total Amount:' is present on page  using regular expression

2023-12-16 21:10:07 - [MESSAGE][PASSED] - Text 'Total Amount:' is present on page  using regular expression

2023-12-16 21:10:07 - [TEST_STEP][PASSED] - verifyTextPresent("$13.50", false): Text '$13.50' is present on page 

2023-12-16 21:10:08 - [MESSAGE][PASSED] - Text '$13.50' is present on page 

2023-12-16 21:10:08 - [TEST_STEP][PASSED] - verifyTextPresent("Two transactions will appear on your bank statement, one in the amount of $11.50 and one in the amount of $2.00", false): Text 'Two transactions will appear on your bank statement, one in the amount of $11.50 and one in the amount of $2.00' is present on page 

2023-12-16 21:10:08 - [MESSAGE][PASSED] - Text 'Two transactions will appear on your bank statement, one in the amount of $11.50 and one in the amount of $2.00' is present on page 

2023-12-16 21:10:08 - [TEST_STEP][PASSED] - selenium.click("document.process.convFeeNotifyAction[1]"): null

2023-12-16 21:10:08 - [TEST_STEP][PASSED] - selenium.waitForPageToLoad("30000"): null

2023-12-16 21:10:09 - [TEST_STEP][PASSED] - Thread.sleep(4000): null

2023-12-16 21:10:13 - [TEST_STEP][PASSED] - verifyTextPresent("Payment Canceled", true): Text 'Payment Canceled' is present on page  using regular expression

2023-12-16 21:10:13 - [MESSAGE][PASSED] - Text 'Payment Canceled' is present on page  using regular expression

2023-12-16 21:10:13 - [TEST_STEP][PASSED] - println("End Test: DCFcancelOnCFCC"): null]]></system-out>
         <system-err><![CDATA[2023-12-16 21:09:50 - [TEST_CASE][FAILED] - Test Cases/IntegratedWeb/IWP23-SelIDE/DCFcancelOnCFCC: Test Cases/IntegratedWeb/IWP23-SelIDE/DCFcancelOnCFCC FAILED.
Reason:
com.kms.katalon.core.exception.StepFailedException: Text 'This transaction is subject to a Convenience Fees of $2.00' is not present on page  using regular expression (Root cause: com.kms.katalon.core.exception.StepFailedException: Text 'This transaction is subject to a Convenience Fees of $2.00' is not present on page  using regular expression
	at com.kms.katalon.core.webui.keyword.internal.WebUIKeywordMain.stepFailed(WebUIKeywordMain.groovy:64)
	at com.kms.katalon.core.webui.keyword.builtin.VerifyTextPresentKeyword$_verifyTextPresent_closure1.doCall(VerifyTextPresentKeyword.groovy:79)
	at com.kms.katalon.core.webui.keyword.builtin.VerifyTextPresentKeyword$_verifyTextPresent_closure1.call(VerifyTextPresentKeyword.groovy)
	at com.kms.katalon.core.webui.keyword.internal.WebUIKeywordMain.runKeyword(WebUIKeywordMain.groovy:20)
	at com.kms.katalon.core.webui.keyword.builtin.VerifyTextPresentKeyword.verifyTextPresent(VerifyTextPresentKeyword.groovy:83)
	at com.kms.katalon.core.webui.keyword.builtin.VerifyTextPresentKeyword.execute(VerifyTextPresentKeyword.groovy:68)
	at com.kms.katalon.core.keyword.internal.KeywordExecutor.executeKeywordForPlatform(KeywordExecutor.groovy:74)
	at com.kms.katalon.core.webui.keyword.WebUiBuiltInKeywords.verifyTextPresent(WebUiBuiltInKeywords.groovy:1723)
	at com.kms.katalon.core.webui.keyword.WebUiBuiltInKeywords$verifyTextPresent$0.call(Unknown Source)
	at DCFcancelOnCFCC.run(DCFcancelOnCFCC:146)
	at com.kms.katalon.core.main.ScriptEngine.run(ScriptEngine.java:194)
	at com.kms.katalon.core.main.ScriptEngine.runScriptAsRawText(ScriptEngine.java:119)
	at com.kms.katalon.core.main.TestCaseExecutor.runScript(TestCaseExecutor.java:448)
	at com.kms.katalon.core.main.TestCaseExecutor.doExecute(TestCaseExecutor.java:439)
	at com.kms.katalon.core.main.TestCaseExecutor.processExecutionPhase(TestCaseExecutor.java:418)
	at com.kms.katalon.core.main.TestCaseExecutor.accessMainPhase(TestCaseExecutor.java:410)
	at com.kms.katalon.core.main.TestCaseExecutor.execute(TestCaseExecutor.java:285)
	at com.kms.katalon.core.main.TestCaseExecutor.execute(TestCaseExecutor.java:369)
	at com.kms.katalon.core.main.TestCaseExecutor.execute(TestCaseExecutor.java:369)
	at com.kms.katalon.core.main.TestCaseExecutor.execute(TestCaseExecutor.java:369)
	at com.kms.katalon.core.common.CommonExecutor.accessTestCaseMainPhase(CommonExecutor.java:65)
	at com.kms.katalon.core.main.TestSuiteExecutor.accessTestSuiteMainPhase(TestSuiteExecutor.java:148)
	at com.kms.katalon.core.main.TestSuiteExecutor.execute(TestSuiteExecutor.java:106)
	at com.kms.katalon.core.main.TestCaseMain.startTestSuite(TestCaseMain.java:187)
	at com.kms.katalon.core.main.TestCaseMain$startTestSuite$0.call(Unknown Source)
	at TempTestSuite1702778440031.run(TempTestSuite1702778440031.groovy:36)
)
	at com.kms.katalon.core.keyword.internal.KeywordMain.stepFailed(KeywordMain.groovy:39)
	at com.kms.katalon.core.webui.keyword.internal.WebUIKeywordMain.stepFailed(WebUIKeywordMain.groovy:64)
	at com.kms.katalon.core.webui.keyword.builtin.VerifyTextPresentKeyword$_verifyTextPresent_closure1.doCall(VerifyTextPresentKeyword.groovy:79)
	at com.kms.katalon.core.webui.keyword.builtin.VerifyTextPresentKeyword$_verifyTextPresent_closure1.call(VerifyTextPresentKeyword.groovy)
	at com.kms.katalon.core.webui.keyword.internal.WebUIKeywordMain.runKeyword(WebUIKeywordMain.groovy:20)
	at com.kms.katalon.core.webui.keyword.builtin.VerifyTextPresentKeyword.verifyTextPresent(VerifyTextPresentKeyword.groovy:83)
	at com.kms.katalon.core.webui.keyword.builtin.VerifyTextPresentKeyword.execute(VerifyTextPresentKeyword.groovy:68)
	at com.kms.katalon.core.keyword.internal.KeywordExecutor.executeKeywordForPlatform(KeywordExecutor.groovy:74)
	at com.kms.katalon.core.webui.keyword.WebUiBuiltInKeywords.verifyTextPresent(WebUiBuiltInKeywords.groovy:1723)
	at com.kms.katalon.core.webui.keyword.WebUiBuiltInKeywords$verifyTextPresent$0.call(Unknown Source)
	at DCFcancelOnCFCC.run(DCFcancelOnCFCC:146)
	at com.kms.katalon.core.main.ScriptEngine.run(ScriptEngine.java:194)
	at com.kms.katalon.core.main.ScriptEngine.runScriptAsRawText(ScriptEngine.java:119)
	at com.kms.katalon.core.main.TestCaseExecutor.runScript(TestCaseExecutor.java:448)
	at com.kms.katalon.core.main.TestCaseExecutor.doExecute(TestCaseExecutor.java:439)
	at com.kms.katalon.core.main.TestCaseExecutor.processExecutionPhase(TestCaseExecutor.java:418)
	at com.kms.katalon.core.main.TestCaseExecutor.accessMainPhase(TestCaseExecutor.java:410)
	at com.kms.katalon.core.main.TestCaseExecutor.execute(TestCaseExecutor.java:285)
	at com.kms.katalon.core.main.TestCaseExecutor.execute(TestCaseExecutor.java:369)
	at com.kms.katalon.core.main.TestCaseExecutor.execute(TestCaseExecutor.java:369)
	at com.kms.katalon.core.main.TestCaseExecutor.execute(TestCaseExecutor.java:369)
	at com.kms.katalon.core.common.CommonExecutor.accessTestCaseMainPhase(CommonExecutor.java:65)
	at com.kms.katalon.core.main.TestSuiteExecutor.accessTestSuiteMainPhase(TestSuiteExecutor.java:148)
	at com.kms.katalon.core.main.TestSuiteExecutor.execute(TestSuiteExecutor.java:106)
	at com.kms.katalon.core.main.TestCaseMain.startTestSuite(TestCaseMain.java:187)
	at com.kms.katalon.core.main.TestCaseMain$startTestSuite$0.call(Unknown Source)
	at TempTestSuite1702778440031.run(TempTestSuite1702778440031.groovy:36)
Caused by: com.kms.katalon.core.exception.StepFailedException: Text 'This transaction is subject to a Convenience Fees of $2.00' is not present on page  using regular expression
	... 26 more]]></system-err>
      </testcase>
      <testcase name="Test Cases/IntegratedWeb/IWP23-SelIDE/DCFCancelOnCFPC" time="18.442" classname="Test Cases/IntegratedWeb/IWP23-SelIDE/DCFCancelOnCFPC" status="ERROR">
         <error type="ERROR" message="Test Cases/IntegratedWeb/IWP23-SelIDE/DCFCancelOnCFPC FAILED.
Reason:
com.thoughtworks.selenium.SeleniumException: Element document.pocess.convFeeNotifyAction[1] not found
	at com.thoughtworks.selenium.webdriven.ElementFinder.findElement(ElementFinder.java:93)
	at com.thoughtworks.selenium.webdriven.commands.Click.handleSeleneseCommand(Click.java:39)
	at com.thoughtworks.selenium.webdriven.commands.Click.handleSeleneseCommand(Click.java:26)
	at com.thoughtworks.selenium.webdriven.SeleneseCommand.apply(SeleneseCommand.java:36)
	at com.thoughtworks.selenium.webdriven.Timer.run(Timer.java:41)
	at com.thoughtworks.selenium.webdriven.WebDriverCommandProcessor.execute(WebDriverCommandProcessor.java:150)
	at com.thoughtworks.selenium.webdriven.WebDriverCommandProcessor.doCommand(WebDriverCommandProcessor.java:76)
	at com.thoughtworks.selenium.DefaultSelenium.click(DefaultSelenium.java:198)
	at com.thoughtworks.selenium.Selenium$click$3.call(Unknown Source)
	at DCFCancelOnCFPC.run(DCFCancelOnCFPC:153)
	at com.kms.katalon.core.main.ScriptEngine.run(ScriptEngine.java:194)
	at com.kms.katalon.core.main.ScriptEngine.runScriptAsRawText(ScriptEngine.java:119)
	at com.kms.katalon.core.main.TestCaseExecutor.runScript(TestCaseExecutor.java:448)
	at com.kms.katalon.core.main.TestCaseExecutor.doExecute(TestCaseExecutor.java:439)
	at com.kms.katalon.core.main.TestCaseExecutor.processExecutionPhase(TestCaseExecutor.java:418)
	at com.kms.katalon.core.main.TestCaseExecutor.accessMainPhase(TestCaseExecutor.java:410)
	at com.kms.katalon.core.main.TestCaseExecutor.execute(TestCaseExecutor.java:285)
	at com.kms.katalon.core.main.TestCaseExecutor.execute(TestCaseExecutor.java:369)
	at com.kms.katalon.core.main.TestCaseExecutor.execute(TestCaseExecutor.java:369)
	at com.kms.katalon.core.main.TestCaseExecutor.execute(TestCaseExecutor.java:369)
	at com.kms.katalon.core.common.CommonExecutor.accessTestCaseMainPhase(CommonExecutor.java:65)
	at com.kms.katalon.core.main.TestSuiteExecutor.accessTestSuiteMainPhase(TestSuiteExecutor.java:148)
	at com.kms.katalon.core.main.TestSuiteExecutor.execute(TestSuiteExecutor.java:106)
	at com.kms.katalon.core.main.TestCaseMain.startTestSuite(TestCaseMain.java:187)
	at com.kms.katalon.core.main.TestCaseMain$startTestSuite$0.call(Unknown Source)
	at TempTestSuite1702778440031.run(TempTestSuite1702778440031.groovy:36)
Caused by: org.openqa.selenium.JavascriptException: javascript error: Element document.pocess.convFeeNotifyAction[1] not found
  (Session info: chrome=120.0.6099.109)
Build info: version: '3.141.59', revision: 'e82be7d358', time: '2018-11-14T08:25:53'
System info: host: 'DESKTOP-B2QI6NS', ip: '172.31.253.139', os.name: 'Windows 10', os.arch: 'amd64', os.version: '10.0', java.version: '1.8.0_181'
Driver info: com.kms.katalon.selenium.driver.CChromeDriver
Capabilities {acceptInsecureCerts: true, browserName: chrome, browserVersion: 120.0.6099.109, chrome: {chromedriverVersion: 119.0.6045.105 (38c72552c5e..., userDataDir: C:\Users\imtiaz\AppData\Loc...}, fedcm:accounts: true, goog:chromeOptions: {debuggerAddress: localhost:53529}, javascriptEnabled: true, networkConnectionEnabled: false, pageLoadStrategy: normal, platform: WINDOWS, platformName: WINDOWS, proxy: Proxy(), setWindowRect: true, strictFileInteractability: false, timeouts: {implicit: 0, pageLoad: 300000, script: 30000}, unhandledPromptBehavior: dismiss and notify, webauthn:extension:credBlob: true, webauthn:extension:largeBlob: true, webauthn:extension:minPinLength: true, webauthn:extension:prf: true, webauthn:virtualAuthenticators: true}
Session ID: 1d22b937508f426389b7ffdf61c4ca33
	at org.openqa.selenium.remote.http.W3CHttpResponseCodec.createException(W3CHttpResponseCodec.java:187)
	at org.openqa.selenium.remote.http.W3CHttpResponseCodec.decode(W3CHttpResponseCodec.java:122)
	at org.openqa.selenium.remote.http.W3CHttpResponseCodec.decode(W3CHttpResponseCodec.java:49)
	at org.openqa.selenium.remote.HttpCommandExecutor.execute(HttpCommandExecutor.java:158)
	at org.openqa.selenium.remote.service.DriverCommandExecutor.execute(DriverCommandExecutor.java:83)
	at org.openqa.selenium.remote.RemoteWebDriver.execute(RemoteWebDriver.java:552)
	at com.kms.katalon.selenium.driver.CChromeDriver.execute(CChromeDriver.java:19)
	at org.openqa.selenium.remote.RemoteWebDriver.executeScript(RemoteWebDriver.java:489)
	at org.openqa.selenium.support.events.EventFiringWebDriver.lambda$new$1(EventFiringWebDriver.java:105)
	at com.sun.proxy.$Proxy10.executeScript(Unknown Source)
	at org.openqa.selenium.support.events.EventFiringWebDriver.executeScript(EventFiringWebDriver.java:229)
	at com.thoughtworks.selenium.webdriven.ElementFinder.findElement(ElementFinder.java:91)
	... 25 more
"/>
         <system-out><![CDATA[2023-12-16 21:11:08 - [TEST_CASE][ERROR] - Test Cases/IntegratedWeb/IWP23-SelIDE/DCFCancelOnCFPC: Test Cases/IntegratedWeb/IWP23-SelIDE/DCFCancelOnCFPC FAILED.
Reason:
com.thoughtworks.selenium.SeleniumException: Element document.pocess.convFeeNotifyAction[1] not found
	at com.thoughtworks.selenium.webdriven.ElementFinder.findElement(ElementFinder.java:93)
	at com.thoughtworks.selenium.webdriven.commands.Click.handleSeleneseCommand(Click.java:39)
	at com.thoughtworks.selenium.webdriven.commands.Click.handleSeleneseCommand(Click.java:26)
	at com.thoughtworks.selenium.webdriven.SeleneseCommand.apply(SeleneseCommand.java:36)
	at com.thoughtworks.selenium.webdriven.Timer.run(Timer.java:41)
	at com.thoughtworks.selenium.webdriven.WebDriverCommandProcessor.execute(WebDriverCommandProcessor.java:150)
	at com.thoughtworks.selenium.webdriven.WebDriverCommandProcessor.doCommand(WebDriverCommandProcessor.java:76)
	at com.thoughtworks.selenium.DefaultSelenium.click(DefaultSelenium.java:198)
	at com.thoughtworks.selenium.Selenium$click$3.call(Unknown Source)
	at DCFCancelOnCFPC.run(DCFCancelOnCFPC:153)
	at com.kms.katalon.core.main.ScriptEngine.run(ScriptEngine.java:194)
	at com.kms.katalon.core.main.ScriptEngine.runScriptAsRawText(ScriptEngine.java:119)
	at com.kms.katalon.core.main.TestCaseExecutor.runScript(TestCaseExecutor.java:448)
	at com.kms.katalon.core.main.TestCaseExecutor.doExecute(TestCaseExecutor.java:439)
	at com.kms.katalon.core.main.TestCaseExecutor.processExecutionPhase(TestCaseExecutor.java:418)
	at com.kms.katalon.core.main.TestCaseExecutor.accessMainPhase(TestCaseExecutor.java:410)
	at com.kms.katalon.core.main.TestCaseExecutor.execute(TestCaseExecutor.java:285)
	at com.kms.katalon.core.main.TestCaseExecutor.execute(TestCaseExecutor.java:369)
	at com.kms.katalon.core.main.TestCaseExecutor.execute(TestCaseExecutor.java:369)
	at com.kms.katalon.core.main.TestCaseExecutor.execute(TestCaseExecutor.java:369)
	at com.kms.katalon.core.common.CommonExecutor.accessTestCaseMainPhase(CommonExecutor.java:65)
	at com.kms.katalon.core.main.TestSuiteExecutor.accessTestSuiteMainPhase(TestSuiteExecutor.java:148)
	at com.kms.katalon.core.main.TestSuiteExecutor.execute(TestSuiteExecutor.java:106)
	at com.kms.katalon.core.main.TestCaseMain.startTestSuite(TestCaseMain.java:187)
	at com.kms.katalon.core.main.TestCaseMain$startTestSuite$0.call(Unknown Source)
	at TempTestSuite1702778440031.run(TempTestSuite1702778440031.groovy:36)
Caused by: org.openqa.selenium.JavascriptException: javascript error: Element document.pocess.convFeeNotifyAction[1] not found
  (Session info: chrome=120.0.6099.109)
Build info: version: '3.141.59', revision: 'e82be7d358', time: '2018-11-14T08:25:53'
System info: host: 'DESKTOP-B2QI6NS', ip: '172.31.253.139', os.name: 'Windows 10', os.arch: 'amd64', os.version: '10.0', java.version: '1.8.0_181'
Driver info: com.kms.katalon.selenium.driver.CChromeDriver
Capabilities {acceptInsecureCerts: true, browserName: chrome, browserVersion: 120.0.6099.109, chrome: {chromedriverVersion: 119.0.6045.105 (38c72552c5e..., userDataDir: C:\Users\imtiaz\AppData\Loc...}, fedcm:accounts: true, goog:chromeOptions: {debuggerAddress: localhost:53529}, javascriptEnabled: true, networkConnectionEnabled: false, pageLoadStrategy: normal, platform: WINDOWS, platformName: WINDOWS, proxy: Proxy(), setWindowRect: true, strictFileInteractability: false, timeouts: {implicit: 0, pageLoad: 300000, script: 30000}, unhandledPromptBehavior: dismiss and notify, webauthn:extension:credBlob: true, webauthn:extension:largeBlob: true, webauthn:extension:minPinLength: true, webauthn:extension:prf: true, webauthn:virtualAuthenticators: true}
Session ID: 1d22b937508f426389b7ffdf61c4ca33
	at org.openqa.selenium.remote.http.W3CHttpResponseCodec.createException(W3CHttpResponseCodec.java:187)
	at org.openqa.selenium.remote.http.W3CHttpResponseCodec.decode(W3CHttpResponseCodec.java:122)
	at org.openqa.selenium.remote.http.W3CHttpResponseCodec.decode(W3CHttpResponseCodec.java:49)
	at org.openqa.selenium.remote.HttpCommandExecutor.execute(HttpCommandExecutor.java:158)
	at org.openqa.selenium.remote.service.DriverCommandExecutor.execute(DriverCommandExecutor.java:83)
	at org.openqa.selenium.remote.RemoteWebDriver.execute(RemoteWebDriver.java:552)
	at com.kms.katalon.selenium.driver.CChromeDriver.execute(CChromeDriver.java:19)
	at org.openqa.selenium.remote.RemoteWebDriver.executeScript(RemoteWebDriver.java:489)
	at org.openqa.selenium.support.events.EventFiringWebDriver.lambda$new$1(EventFiringWebDriver.java:105)
	at com.sun.proxy.$Proxy10.executeScript(Unknown Source)
	at org.openqa.selenium.support.events.EventFiringWebDriver.executeScript(EventFiringWebDriver.java:229)
	at com.thoughtworks.selenium.webdriven.ElementFinder.findElement(ElementFinder.java:91)
	... 25 more


2023-12-16 21:11:08 - [TEST_STEP][PASSED] - softAssertion = new org.testng.asserts.SoftAssert(): null

2023-12-16 21:11:08 - [TEST_STEP][PASSED] - openBrowser("https://www.google.com/"): Browser is opened with url: 'https://www.google.com/'

2023-12-16 21:11:08 - [MESSAGE][WARNING] - A browser is already opened. Closing browser and opening a new one

2023-12-16 21:11:09 - [MESSAGE][INFO] - Starting 'Chrome' driver

2023-12-16 21:11:09 - [MESSAGE][INFO] - User set preference: ['acceptInsecureCerts', 'true']

2023-12-16 21:11:09 - [MESSAGE][INFO] - Action delay is set to 0 milliseconds

2023-12-16 21:11:12 - [MESSAGE][PASSED] - Browser is opened with url: 'https://www.google.com/'

2023-12-16 21:11:12 - [TEST_STEP][PASSED] - driver = getWebDriver(): null

2023-12-16 21:11:12 - [TEST_STEP][PASSED] - baseUrl = "https://www.google.com/": null

2023-12-16 21:11:12 - [TEST_STEP][PASSED] - selenium = new com.thoughtworks.selenium.webdriven.WebDriverBackedSelenium(driver, baseUrl): null

2023-12-16 21:11:12 - [TEST_STEP][PASSED] - println("Begin Test: DCFCancelOnCFPC"): null

2023-12-16 21:11:12 - [TEST_STEP][PASSED] - emulatorURL = urlEmulator: null

2023-12-16 21:11:12 - [TEST_STEP][PASSED] - selenium.open(emulatorURL): null

2023-12-16 21:11:13 - [TEST_STEP][PASSED] - selenium.selectWindow("null"): null

2023-12-16 21:11:13 - [TEST_STEP][PASSED] - selenium.select("name=message_version", "label=2.3"): null

2023-12-16 21:11:13 - [TEST_STEP][PASSED] - selenium.waitForPageToLoad("30000"): null

2023-12-16 21:11:13 - [TEST_STEP][PASSED] - selenium.type("name=amount", 00".toString()): null

2023-12-16 21:11:13 - [TEST_STEP][PASSED] - selenium.type("name=client_account_number", "CAN12345"): null

2023-12-16 21:11:14 - [TEST_STEP][PASSED] - selenium.type("name=action_type", "PayNow"): null

2023-12-16 21:11:14 - [TEST_STEP][PASSED] - selenium.type("name=language", "en_US"): null

2023-12-16 21:11:14 - [TEST_STEP][PASSED] - selenium.type("name=billing_firstname", "Mandy"): null

2023-12-16 21:11:14 - [TEST_STEP][PASSED] - selenium.type("name=billing_lastname", "Iguera"): null

2023-12-16 21:11:14 - [TEST_STEP][PASSED] - selenium.type("name=billing_address", "56 World Center Drive".toString()): null

2023-12-16 21:11:14 - [TEST_STEP][PASSED] - selenium.type("name=billing_address2", "Suite 600".toString()): null

2023-12-16 21:11:14 - [TEST_STEP][PASSED] - selenium.type("name=billing_country_id", "840"): null

2023-12-16 21:11:14 - [TEST_STEP][PASSED] - selenium.type("name=billing_city", "Orlando"): null

2023-12-16 21:11:14 - [TEST_STEP][PASSED] - selenium.type("name=billing_state", "NH"): null

2023-12-16 21:11:14 - [TEST_STEP][PASSED] - selenium.type("name=billing_zip", "03106"): null

2023-12-16 21:11:14 - [TEST_STEP][PASSED] - selenium.type("name=order_number", "PPPPOOOO"): null

2023-12-16 21:11:14 - [TEST_STEP][PASSED] - selenium.type("name=user_defined1", "udf1"): null

2023-12-16 21:11:14 - [TEST_STEP][PASSED] - selenium.type("name=user_defined2", "udf2"): null

2023-12-16 21:11:14 - [TEST_STEP][PASSED] - selenium.type("name=user_defined3", "udf3"): null

2023-12-16 21:11:14 - [TEST_STEP][PASSED] - selenium.type("name=user_defined4", "Orange Label".toString()): null

2023-12-16 21:11:14 - [TEST_STEP][PASSED] - selenium.type("name=user_defined5", "Soccer Label".toString()): null

2023-12-16 21:11:14 - [TEST_STEP][PASSED] - selenium.click("name=submit"): null

2023-12-16 21:11:15 - [TEST_STEP][PASSED] - selenium.waitForPageToLoad("30000"): null

2023-12-16 21:11:15 - [TEST_STEP][PASSED] - Thread.sleep(2000): null

2023-12-16 21:11:17 - [TEST_STEP][PASSED] - testHarnessURL = urlTestHarness: null

2023-12-16 21:11:17 - [TEST_STEP][PASSED] - selenium.open(testHarnessURL): null

2023-12-16 21:11:17 - [TEST_STEP][PASSED] - selenium.type("name=application_id", "637"): null

2023-12-16 21:11:18 - [TEST_STEP][PASSED] - selenium.type("name=message_version", 3".toString()): null

2023-12-16 21:11:18 - [TEST_STEP][PASSED] - genRemIDVoid = RandomStringUtils.random(12, true, true): null

2023-12-16 21:11:18 - [TEST_STEP][PASSED] - selenium.type("name=remittance_id", genRemIDVoid): null

2023-12-16 21:11:18 - [TEST_STEP][PASSED] - selenium.click("css=input.formSubmit"): null

2023-12-16 21:11:18 - [TEST_STEP][PASSED] - selenium.waitForPageToLoad("30000"): null

2023-12-16 21:11:19 - [TEST_STEP][PASSED] - selenium.click("xpath=(//input[@name='paymentMethod'])[2]"): null

2023-12-16 21:11:19 - [TEST_STEP][PASSED] - selenium.click("css=input[type="submit"]"): null

2023-12-16 21:11:20 - [TEST_STEP][PASSED] - selenium.waitForPageToLoad("30000"): null

2023-12-16 21:11:21 - [TEST_STEP][PASSED] - selenium.type("name=amount", 50".toString()): null

2023-12-16 21:11:21 - [TEST_STEP][PASSED] - selenium.type("name=billingFirstname", "Mike"): null

2023-12-16 21:11:21 - [TEST_STEP][PASSED] - selenium.type("name=billingLastname", "Chingiti"): null

2023-12-16 21:11:21 - [TEST_STEP][PASSED] - selenium.type("id=routingNumber", "256072691"): null

2023-12-16 21:11:21 - [TEST_STEP][PASSED] - selenium.type("id=accountNumber", "11111111"): null

2023-12-16 21:11:21 - [TEST_STEP][PASSED] - selenium.type("id=confirmAccountNumber", "11111111"): null

2023-12-16 21:11:21 - [TEST_STEP][PASSED] - selenium.click("name=accountType"): null

2023-12-16 21:11:21 - [TEST_STEP][PASSED] - selenium.type("name=billingAddress", "104 main road".toString()): null

2023-12-16 21:11:21 - [TEST_STEP][PASSED] - selenium.type("name=billingAddress2", ""): null

2023-12-16 21:11:21 - [TEST_STEP][PASSED] - selenium.type("id=billing-zip-input", "22201"): null

2023-12-16 21:11:22 - [TEST_STEP][PASSED] - selenium.click("id=checkedAcceptCondition"): null

2023-12-16 21:11:22 - [TEST_STEP][PASSED] - selenium.click("name=achSubmit"): null

2023-12-16 21:11:22 - [TEST_STEP][PASSED] - selenium.waitForPageToLoad("30000"): null

2023-12-16 21:11:23 - [TEST_STEP][PASSED] - verifyTextPresent("Please verify the following information:", true): Text 'Please verify the following information:' is present on page  using regular expression

2023-12-16 21:11:23 - [MESSAGE][PASSED] - Text 'Please verify the following information:' is present on page  using regular expression

2023-12-16 21:11:23 - [TEST_STEP][PASSED] - verifyTextPresent("Is this information correct", true): Text 'Is this information correct' is present on page  using regular expression

2023-12-16 21:11:23 - [MESSAGE][PASSED] - Text 'Is this information correct' is present on page  using regular expression

2023-12-16 21:11:23 - [TEST_STEP][PASSED] - selenium.click("name=confirmNotifyAction"): null

2023-12-16 21:11:24 - [TEST_STEP][PASSED] - selenium.waitForPageToLoad("30000"): null

2023-12-16 21:11:24 - [TEST_STEP][PASSED] - verifyTextPresent("This transaction is subject to a Convenience Fees of $2.00", false): Text 'This transaction is subject to a Convenience Fees of $2.00' is present on page 

2023-12-16 21:11:25 - [MESSAGE][PASSED] - Text 'This transaction is subject to a Convenience Fees of $2.00' is present on page 

2023-12-16 21:11:25 - [TEST_STEP][PASSED] - verifyTextPresent("Payment Amount:", true): Text 'Payment Amount:' is present on page  using regular expression

2023-12-16 21:11:25 - [MESSAGE][PASSED] - Text 'Payment Amount:' is present on page  using regular expression

2023-12-16 21:11:25 - [TEST_STEP][PASSED] - verifyTextPresent("$10.50", false): Text '$10.50' is present on page 

2023-12-16 21:11:25 - [MESSAGE][PASSED] - Text '$10.50' is present on page 

2023-12-16 21:11:25 - [TEST_STEP][PASSED] - verifyTextPresent("Convenience Fees:", true): Text 'Convenience Fees:' is present on page  using regular expression

2023-12-16 21:11:26 - [MESSAGE][PASSED] - Text 'Convenience Fees:' is present on page  using regular expression

2023-12-16 21:11:26 - [TEST_STEP][PASSED] - verifyTextPresent("$2.00", false): Text '$2.00' is present on page 

2023-12-16 21:11:26 - [MESSAGE][PASSED] - Text '$2.00' is present on page 

2023-12-16 21:11:26 - [TEST_STEP][PASSED] - verifyTextPresent("Total Amount:", true): Text 'Total Amount:' is present on page  using regular expression

2023-12-16 21:11:26 - [MESSAGE][PASSED] - Text 'Total Amount:' is present on page  using regular expression

2023-12-16 21:11:26 - [TEST_STEP][PASSED] - verifyTextPresent("$12.50", false): Text '$12.50' is present on page 

2023-12-16 21:11:26 - [MESSAGE][PASSED] - Text '$12.50' is present on page 

2023-12-16 21:11:26 - [TEST_STEP][PASSED] - verifyTextPresent("Two transactions will appear on your bank statement, one in the amount of $10.50 and one in the amount of $2.00", false): Text 'Two transactions will appear on your bank statement, one in the amount of $10.50 and one in the amount of $2.00' is present on page 

2023-12-16 21:11:27 - [MESSAGE][PASSED] - Text 'Two transactions will appear on your bank statement, one in the amount of $10.50 and one in the amount of $2.00' is present on page 

2023-12-16 21:11:27 - [TEST_STEP][ERROR] - selenium.click("document.pocess.convFeeNotifyAction[1]"): Test Cases/IntegratedWeb/IWP23-SelIDE/DCFCancelOnCFPC FAILED.
Reason:
com.thoughtworks.selenium.SeleniumException: Element document.pocess.convFeeNotifyAction[1] not found
	at com.thoughtworks.selenium.webdriven.ElementFinder.findElement(ElementFinder.java:93)
	at com.thoughtworks.selenium.webdriven.commands.Click.handleSeleneseCommand(Click.java:39)
	at com.thoughtworks.selenium.webdriven.commands.Click.handleSeleneseCommand(Click.java:26)
	at com.thoughtworks.selenium.webdriven.SeleneseCommand.apply(SeleneseCommand.java:36)
	at com.thoughtworks.selenium.webdriven.Timer.run(Timer.java:41)
	at com.thoughtworks.selenium.webdriven.WebDriverCommandProcessor.execute(WebDriverCommandProcessor.java:150)
	at com.thoughtworks.selenium.webdriven.WebDriverCommandProcessor.doCommand(WebDriverCommandProcessor.java:76)
	at com.thoughtworks.selenium.DefaultSelenium.click(DefaultSelenium.java:198)
	at com.thoughtworks.selenium.Selenium$click$3.call(Unknown Source)
	at DCFCancelOnCFPC.run(DCFCancelOnCFPC:153)
	at com.kms.katalon.core.main.ScriptEngine.run(ScriptEngine.java:194)
	at com.kms.katalon.core.main.ScriptEngine.runScriptAsRawText(ScriptEngine.java:119)
	at com.kms.katalon.core.main.TestCaseExecutor.runScript(TestCaseExecutor.java:448)
	at com.kms.katalon.core.main.TestCaseExecutor.doExecute(TestCaseExecutor.java:439)
	at com.kms.katalon.core.main.TestCaseExecutor.processExecutionPhase(TestCaseExecutor.java:418)
	at com.kms.katalon.core.main.TestCaseExecutor.accessMainPhase(TestCaseExecutor.java:410)
	at com.kms.katalon.core.main.TestCaseExecutor.execute(TestCaseExecutor.java:285)
	at com.kms.katalon.core.main.TestCaseExecutor.execute(TestCaseExecutor.java:369)
	at com.kms.katalon.core.main.TestCaseExecutor.execute(TestCaseExecutor.java:369)
	at com.kms.katalon.core.main.TestCaseExecutor.execute(TestCaseExecutor.java:369)
	at com.kms.katalon.core.common.CommonExecutor.accessTestCaseMainPhase(CommonExecutor.java:65)
	at com.kms.katalon.core.main.TestSuiteExecutor.accessTestSuiteMainPhase(TestSuiteExecutor.java:148)
	at com.kms.katalon.core.main.TestSuiteExecutor.execute(TestSuiteExecutor.java:106)
	at com.kms.katalon.core.main.TestCaseMain.startTestSuite(TestCaseMain.java:187)
	at com.kms.katalon.core.main.TestCaseMain$startTestSuite$0.call(Unknown Source)
	at TempTestSuite1702778440031.run(TempTestSuite1702778440031.groovy:36)
Caused by: org.openqa.selenium.JavascriptException: javascript error: Element document.pocess.convFeeNotifyAction[1] not found
  (Session info: chrome=120.0.6099.109)
Build info: version: '3.141.59', revision: 'e82be7d358', time: '2018-11-14T08:25:53'
System info: host: 'DESKTOP-B2QI6NS', ip: '172.31.253.139', os.name: 'Windows 10', os.arch: 'amd64', os.version: '10.0', java.version: '1.8.0_181'
Driver info: com.kms.katalon.selenium.driver.CChromeDriver
Capabilities {acceptInsecureCerts: true, browserName: chrome, browserVersion: 120.0.6099.109, chrome: {chromedriverVersion: 119.0.6045.105 (38c72552c5e..., userDataDir: C:\Users\imtiaz\AppData\Loc...}, fedcm:accounts: true, goog:chromeOptions: {debuggerAddress: localhost:53529}, javascriptEnabled: true, networkConnectionEnabled: false, pageLoadStrategy: normal, platform: WINDOWS, platformName: WINDOWS, proxy: Proxy(), setWindowRect: true, strictFileInteractability: false, timeouts: {implicit: 0, pageLoad: 300000, script: 30000}, unhandledPromptBehavior: dismiss and notify, webauthn:extension:credBlob: true, webauthn:extension:largeBlob: true, webauthn:extension:minPinLength: true, webauthn:extension:prf: true, webauthn:virtualAuthenticators: true}
Session ID: 1d22b937508f426389b7ffdf61c4ca33
	at org.openqa.selenium.remote.http.W3CHttpResponseCodec.createException(W3CHttpResponseCodec.java:187)
	at org.openqa.selenium.remote.http.W3CHttpResponseCodec.decode(W3CHttpResponseCodec.java:122)
	at org.openqa.selenium.remote.http.W3CHttpResponseCodec.decode(W3CHttpResponseCodec.java:49)
	at org.openqa.selenium.remote.HttpCommandExecutor.execute(HttpCommandExecutor.java:158)
	at org.openqa.selenium.remote.service.DriverCommandExecutor.execute(DriverCommandExecutor.java:83)
	at org.openqa.selenium.remote.RemoteWebDriver.execute(RemoteWebDriver.java:552)
	at com.kms.katalon.selenium.driver.CChromeDriver.execute(CChromeDriver.java:19)
	at org.openqa.selenium.remote.RemoteWebDriver.executeScript(RemoteWebDriver.java:489)
	at org.openqa.selenium.support.events.EventFiringWebDriver.lambda$new$1(EventFiringWebDriver.java:105)
	at com.sun.proxy.$Proxy10.executeScript(Unknown Source)
	at org.openqa.selenium.support.events.EventFiringWebDriver.executeScript(EventFiringWebDriver.java:229)
	at com.thoughtworks.selenium.webdriven.ElementFinder.findElement(ElementFinder.java:91)
	at com.thoughtworks.selenium.webdriven.commands.Click.handleSeleneseCommand(Click.java:39)
	at com.thoughtworks.selenium.webdriven.commands.Click.handleSeleneseCommand(Click.java:26)
	at com.thoughtworks.selenium.webdriven.SeleneseCommand.apply(SeleneseCommand.java:36)
	at com.thoughtworks.selenium.webdriven.Timer.run(Timer.java:41)
	at com.thoughtworks.selenium.webdriven.WebDriverCommandProcessor.execute(WebDriverCommandProcessor.java:150)
	at com.thoughtworks.selenium.webdriven.WebDriverCommandProcessor.doCommand(WebDriverCommandProcessor.java:76)
	at com.thoughtworks.selenium.DefaultSelenium.click(DefaultSelenium.java:198)
	at com.thoughtworks.selenium.Selenium$click$3.call(Unknown Source)
	at Script1702500713413.run(Script1702500713413.groovy:153)
	... 16 more


2023-12-16 21:11:27 - [MESSAGE][ERROR] - Test Cases/IntegratedWeb/IWP23-SelIDE/DCFCancelOnCFPC FAILED.
Reason:
com.thoughtworks.selenium.SeleniumException: Element document.pocess.convFeeNotifyAction[1] not found
	at com.thoughtworks.selenium.webdriven.ElementFinder.findElement(ElementFinder.java:93)
	at com.thoughtworks.selenium.webdriven.commands.Click.handleSeleneseCommand(Click.java:39)
	at com.thoughtworks.selenium.webdriven.commands.Click.handleSeleneseCommand(Click.java:26)
	at com.thoughtworks.selenium.webdriven.SeleneseCommand.apply(SeleneseCommand.java:36)
	at com.thoughtworks.selenium.webdriven.Timer.run(Timer.java:41)
	at com.thoughtworks.selenium.webdriven.WebDriverCommandProcessor.execute(WebDriverCommandProcessor.java:150)
	at com.thoughtworks.selenium.webdriven.WebDriverCommandProcessor.doCommand(WebDriverCommandProcessor.java:76)
	at com.thoughtworks.selenium.DefaultSelenium.click(DefaultSelenium.java:198)
	at com.thoughtworks.selenium.Selenium$click$3.call(Unknown Source)
	at DCFCancelOnCFPC.run(DCFCancelOnCFPC:153)
	at com.kms.katalon.core.main.ScriptEngine.run(ScriptEngine.java:194)
	at com.kms.katalon.core.main.ScriptEngine.runScriptAsRawText(ScriptEngine.java:119)
	at com.kms.katalon.core.main.TestCaseExecutor.runScript(TestCaseExecutor.java:448)
	at com.kms.katalon.core.main.TestCaseExecutor.doExecute(TestCaseExecutor.java:439)
	at com.kms.katalon.core.main.TestCaseExecutor.processExecutionPhase(TestCaseExecutor.java:418)
	at com.kms.katalon.core.main.TestCaseExecutor.accessMainPhase(TestCaseExecutor.java:410)
	at com.kms.katalon.core.main.TestCaseExecutor.execute(TestCaseExecutor.java:285)
	at com.kms.katalon.core.main.TestCaseExecutor.execute(TestCaseExecutor.java:369)
	at com.kms.katalon.core.main.TestCaseExecutor.execute(TestCaseExecutor.java:369)
	at com.kms.katalon.core.main.TestCaseExecutor.execute(TestCaseExecutor.java:369)
	at com.kms.katalon.core.common.CommonExecutor.accessTestCaseMainPhase(CommonExecutor.java:65)
	at com.kms.katalon.core.main.TestSuiteExecutor.accessTestSuiteMainPhase(TestSuiteExecutor.java:148)
	at com.kms.katalon.core.main.TestSuiteExecutor.execute(TestSuiteExecutor.java:106)
	at com.kms.katalon.core.main.TestCaseMain.startTestSuite(TestCaseMain.java:187)
	at com.kms.katalon.core.main.TestCaseMain$startTestSuite$0.call(Unknown Source)
	at TempTestSuite1702778440031.run(TempTestSuite1702778440031.groovy:36)
Caused by: org.openqa.selenium.JavascriptException: javascript error: Element document.pocess.convFeeNotifyAction[1] not found
  (Session info: chrome=120.0.6099.109)
Build info: version: '3.141.59', revision: 'e82be7d358', time: '2018-11-14T08:25:53'
System info: host: 'DESKTOP-B2QI6NS', ip: '172.31.253.139', os.name: 'Windows 10', os.arch: 'amd64', os.version: '10.0', java.version: '1.8.0_181'
Driver info: com.kms.katalon.selenium.driver.CChromeDriver
Capabilities {acceptInsecureCerts: true, browserName: chrome, browserVersion: 120.0.6099.109, chrome: {chromedriverVersion: 119.0.6045.105 (38c72552c5e..., userDataDir: C:\Users\imtiaz\AppData\Loc...}, fedcm:accounts: true, goog:chromeOptions: {debuggerAddress: localhost:53529}, javascriptEnabled: true, networkConnectionEnabled: false, pageLoadStrategy: normal, platform: WINDOWS, platformName: WINDOWS, proxy: Proxy(), setWindowRect: true, strictFileInteractability: false, timeouts: {implicit: 0, pageLoad: 300000, script: 30000}, unhandledPromptBehavior: dismiss and notify, webauthn:extension:credBlob: true, webauthn:extension:largeBlob: true, webauthn:extension:minPinLength: true, webauthn:extension:prf: true, webauthn:virtualAuthenticators: true}
Session ID: 1d22b937508f426389b7ffdf61c4ca33
	at org.openqa.selenium.remote.http.W3CHttpResponseCodec.createException(W3CHttpResponseCodec.java:187)
	at org.openqa.selenium.remote.http.W3CHttpResponseCodec.decode(W3CHttpResponseCodec.java:122)
	at org.openqa.selenium.remote.http.W3CHttpResponseCodec.decode(W3CHttpResponseCodec.java:49)
	at org.openqa.selenium.remote.HttpCommandExecutor.execute(HttpCommandExecutor.java:158)
	at org.openqa.selenium.remote.service.DriverCommandExecutor.execute(DriverCommandExecutor.java:83)
	at org.openqa.selenium.remote.RemoteWebDriver.execute(RemoteWebDriver.java:552)
	at com.kms.katalon.selenium.driver.CChromeDriver.execute(CChromeDriver.java:19)
	at org.openqa.selenium.remote.RemoteWebDriver.executeScript(RemoteWebDriver.java:489)
	at org.openqa.selenium.support.events.EventFiringWebDriver.lambda$new$1(EventFiringWebDriver.java:105)
	at com.sun.proxy.$Proxy10.executeScript(Unknown Source)
	at org.openqa.selenium.support.events.EventFiringWebDriver.executeScript(EventFiringWebDriver.java:229)
	at com.thoughtworks.selenium.webdriven.ElementFinder.findElement(ElementFinder.java:91)
	at com.thoughtworks.selenium.webdriven.commands.Click.handleSeleneseCommand(Click.java:39)
	at com.thoughtworks.selenium.webdriven.commands.Click.handleSeleneseCommand(Click.java:26)
	at com.thoughtworks.selenium.webdriven.SeleneseCommand.apply(SeleneseCommand.java:36)
	at com.thoughtworks.selenium.webdriven.Timer.run(Timer.java:41)
	at com.thoughtworks.selenium.webdriven.WebDriverCommandProcessor.execute(WebDriverCommandProcessor.java:150)
	at com.thoughtworks.selenium.webdriven.WebDriverCommandProcessor.doCommand(WebDriverCommandProcessor.java:76)
	at com.thoughtworks.selenium.DefaultSelenium.click(DefaultSelenium.java:198)
	at com.thoughtworks.selenium.Selenium$click$3.call(Unknown Source)
	at Script1702500713413.run(Script1702500713413.groovy:153)
	... 16 more]]></system-out>
         <system-err><![CDATA[2023-12-16 21:11:08 - [TEST_CASE][ERROR] - Test Cases/IntegratedWeb/IWP23-SelIDE/DCFCancelOnCFPC: Test Cases/IntegratedWeb/IWP23-SelIDE/DCFCancelOnCFPC FAILED.
Reason:
com.thoughtworks.selenium.SeleniumException: Element document.pocess.convFeeNotifyAction[1] not found
	at com.thoughtworks.selenium.webdriven.ElementFinder.findElement(ElementFinder.java:93)
	at com.thoughtworks.selenium.webdriven.commands.Click.handleSeleneseCommand(Click.java:39)
	at com.thoughtworks.selenium.webdriven.commands.Click.handleSeleneseCommand(Click.java:26)
	at com.thoughtworks.selenium.webdriven.SeleneseCommand.apply(SeleneseCommand.java:36)
	at com.thoughtworks.selenium.webdriven.Timer.run(Timer.java:41)
	at com.thoughtworks.selenium.webdriven.WebDriverCommandProcessor.execute(WebDriverCommandProcessor.java:150)
	at com.thoughtworks.selenium.webdriven.WebDriverCommandProcessor.doCommand(WebDriverCommandProcessor.java:76)
	at com.thoughtworks.selenium.DefaultSelenium.click(DefaultSelenium.java:198)
	at com.thoughtworks.selenium.Selenium$click$3.call(Unknown Source)
	at DCFCancelOnCFPC.run(DCFCancelOnCFPC:153)
	at com.kms.katalon.core.main.ScriptEngine.run(ScriptEngine.java:194)
	at com.kms.katalon.core.main.ScriptEngine.runScriptAsRawText(ScriptEngine.java:119)
	at com.kms.katalon.core.main.TestCaseExecutor.runScript(TestCaseExecutor.java:448)
	at com.kms.katalon.core.main.TestCaseExecutor.doExecute(TestCaseExecutor.java:439)
	at com.kms.katalon.core.main.TestCaseExecutor.processExecutionPhase(TestCaseExecutor.java:418)
	at com.kms.katalon.core.main.TestCaseExecutor.accessMainPhase(TestCaseExecutor.java:410)
	at com.kms.katalon.core.main.TestCaseExecutor.execute(TestCaseExecutor.java:285)
	at com.kms.katalon.core.main.TestCaseExecutor.execute(TestCaseExecutor.java:369)
	at com.kms.katalon.core.main.TestCaseExecutor.execute(TestCaseExecutor.java:369)
	at com.kms.katalon.core.main.TestCaseExecutor.execute(TestCaseExecutor.java:369)
	at com.kms.katalon.core.common.CommonExecutor.accessTestCaseMainPhase(CommonExecutor.java:65)
	at com.kms.katalon.core.main.TestSuiteExecutor.accessTestSuiteMainPhase(TestSuiteExecutor.java:148)
	at com.kms.katalon.core.main.TestSuiteExecutor.execute(TestSuiteExecutor.java:106)
	at com.kms.katalon.core.main.TestCaseMain.startTestSuite(TestCaseMain.java:187)
	at com.kms.katalon.core.main.TestCaseMain$startTestSuite$0.call(Unknown Source)
	at TempTestSuite1702778440031.run(TempTestSuite1702778440031.groovy:36)
Caused by: org.openqa.selenium.JavascriptException: javascript error: Element document.pocess.convFeeNotifyAction[1] not found
  (Session info: chrome=120.0.6099.109)
Build info: version: '3.141.59', revision: 'e82be7d358', time: '2018-11-14T08:25:53'
System info: host: 'DESKTOP-B2QI6NS', ip: '172.31.253.139', os.name: 'Windows 10', os.arch: 'amd64', os.version: '10.0', java.version: '1.8.0_181'
Driver info: com.kms.katalon.selenium.driver.CChromeDriver
Capabilities {acceptInsecureCerts: true, browserName: chrome, browserVersion: 120.0.6099.109, chrome: {chromedriverVersion: 119.0.6045.105 (38c72552c5e..., userDataDir: C:\Users\imtiaz\AppData\Loc...}, fedcm:accounts: true, goog:chromeOptions: {debuggerAddress: localhost:53529}, javascriptEnabled: true, networkConnectionEnabled: false, pageLoadStrategy: normal, platform: WINDOWS, platformName: WINDOWS, proxy: Proxy(), setWindowRect: true, strictFileInteractability: false, timeouts: {implicit: 0, pageLoad: 300000, script: 30000}, unhandledPromptBehavior: dismiss and notify, webauthn:extension:credBlob: true, webauthn:extension:largeBlob: true, webauthn:extension:minPinLength: true, webauthn:extension:prf: true, webauthn:virtualAuthenticators: true}
Session ID: 1d22b937508f426389b7ffdf61c4ca33
	at org.openqa.selenium.remote.http.W3CHttpResponseCodec.createException(W3CHttpResponseCodec.java:187)
	at org.openqa.selenium.remote.http.W3CHttpResponseCodec.decode(W3CHttpResponseCodec.java:122)
	at org.openqa.selenium.remote.http.W3CHttpResponseCodec.decode(W3CHttpResponseCodec.java:49)
	at org.openqa.selenium.remote.HttpCommandExecutor.execute(HttpCommandExecutor.java:158)
	at org.openqa.selenium.remote.service.DriverCommandExecutor.execute(DriverCommandExecutor.java:83)
	at org.openqa.selenium.remote.RemoteWebDriver.execute(RemoteWebDriver.java:552)
	at com.kms.katalon.selenium.driver.CChromeDriver.execute(CChromeDriver.java:19)
	at org.openqa.selenium.remote.RemoteWebDriver.executeScript(RemoteWebDriver.java:489)
	at org.openqa.selenium.support.events.EventFiringWebDriver.lambda$new$1(EventFiringWebDriver.java:105)
	at com.sun.proxy.$Proxy10.executeScript(Unknown Source)
	at org.openqa.selenium.support.events.EventFiringWebDriver.executeScript(EventFiringWebDriver.java:229)
	at com.thoughtworks.selenium.webdriven.ElementFinder.findElement(ElementFinder.java:91)
	... 25 more]]></system-err>
      </testcase>
      <testcase name="Test Cases/IntegratedWeb/IWP23-SelIDE/DCFFlatSuccessfulCC" time="30.432" classname="Test Cases/IntegratedWeb/IWP23-SelIDE/DCFFlatSuccessfulCC" status="PASSED">
         <system-out><![CDATA[2023-12-16 21:11:27 - [TEST_CASE][PASSED] - Test Cases/IntegratedWeb/IWP23-SelIDE/DCFFlatSuccessfulCC: Test Cases/IntegratedWeb/IWP23-SelIDE/DCFFlatSuccessfulCC

2023-12-16 21:11:27 - [TEST_STEP][PASSED] - softAssertion = new org.testng.asserts.SoftAssert(): null

2023-12-16 21:11:27 - [TEST_STEP][PASSED] - openBrowser("https://www.google.com/"): Browser is opened with url: 'https://www.google.com/'

2023-12-16 21:11:27 - [MESSAGE][WARNING] - A browser is already opened. Closing browser and opening a new one

2023-12-16 21:11:28 - [MESSAGE][INFO] - Starting 'Chrome' driver

2023-12-16 21:11:28 - [MESSAGE][INFO] - User set preference: ['acceptInsecureCerts', 'true']

2023-12-16 21:11:28 - [MESSAGE][INFO] - Action delay is set to 0 milliseconds

2023-12-16 21:11:31 - [MESSAGE][PASSED] - Browser is opened with url: 'https://www.google.com/'

2023-12-16 21:11:31 - [TEST_STEP][PASSED] - driver = getWebDriver(): null

2023-12-16 21:11:31 - [TEST_STEP][PASSED] - baseUrl = "https://www.google.com/": null

2023-12-16 21:11:31 - [TEST_STEP][PASSED] - selenium = new com.thoughtworks.selenium.webdriven.WebDriverBackedSelenium(driver, baseUrl): null

2023-12-16 21:11:31 - [TEST_STEP][PASSED] - println("Begin Test: DCFFlatSuccessfulCC"): null

2023-12-16 21:11:31 - [TEST_STEP][PASSED] - emulatorURL = urlEmulator: null

2023-12-16 21:11:31 - [TEST_STEP][PASSED] - selenium.open(emulatorURL): null

2023-12-16 21:11:32 - [TEST_STEP][PASSED] - selenium.selectWindow("null"): null

2023-12-16 21:11:32 - [TEST_STEP][PASSED] - selenium.select("name=message_version", "label=2.3"): null

2023-12-16 21:11:32 - [TEST_STEP][PASSED] - selenium.waitForPageToLoad("30000"): null

2023-12-16 21:11:33 - [TEST_STEP][PASSED] - selenium.type("name=amount", 00".toString()): null

2023-12-16 21:11:33 - [TEST_STEP][PASSED] - selenium.type("name=client_account_number", "CAN12345"): null

2023-12-16 21:11:33 - [TEST_STEP][PASSED] - selenium.type("name=action_type", "PayNow"): null

2023-12-16 21:11:33 - [TEST_STEP][PASSED] - selenium.type("name=language", "en_US"): null

2023-12-16 21:11:33 - [TEST_STEP][PASSED] - selenium.type("name=billing_firstname", "Mandy"): null

2023-12-16 21:11:33 - [TEST_STEP][PASSED] - selenium.type("name=billing_lastname", "Iguera"): null

2023-12-16 21:11:33 - [TEST_STEP][PASSED] - selenium.type("name=billing_address", "56 World Center Drive".toString()): null

2023-12-16 21:11:33 - [TEST_STEP][PASSED] - selenium.type("name=billing_address2", "Suite 600".toString()): null

2023-12-16 21:11:33 - [TEST_STEP][PASSED] - selenium.type("name=billing_country_id", "840"): null

2023-12-16 21:11:33 - [TEST_STEP][PASSED] - selenium.type("name=billing_city", "Orlando"): null

2023-12-16 21:11:33 - [TEST_STEP][PASSED] - selenium.type("name=billing_state", "NH"): null

2023-12-16 21:11:33 - [TEST_STEP][PASSED] - selenium.type("name=billing_zip", "03106"): null

2023-12-16 21:11:33 - [TEST_STEP][PASSED] - selenium.type("name=order_number", "PPPPOOOO"): null

2023-12-16 21:11:33 - [TEST_STEP][PASSED] - selenium.type("name=user_defined1", "udf1"): null

2023-12-16 21:11:33 - [TEST_STEP][PASSED] - selenium.type("name=user_defined2", "udf2"): null

2023-12-16 21:11:33 - [TEST_STEP][PASSED] - selenium.type("name=user_defined3", "udf3"): null

2023-12-16 21:11:33 - [TEST_STEP][PASSED] - selenium.type("name=user_defined4", "Orange Label".toString()): null

2023-12-16 21:11:33 - [TEST_STEP][PASSED] - selenium.type("name=user_defined5", "Soccer Label".toString()): null

2023-12-16 21:11:33 - [TEST_STEP][PASSED] - selenium.click("name=submit"): null

2023-12-16 21:11:34 - [TEST_STEP][PASSED] - testHarnessURL = urlTestHarness: null

2023-12-16 21:11:34 - [TEST_STEP][PASSED] - selenium.open(testHarnessURL): null

2023-12-16 21:11:34 - [TEST_STEP][PASSED] - Thread.sleep(2000): null

2023-12-16 21:11:36 - [TEST_STEP][PASSED] - selenium.type("name=application_id", "637"): null

2023-12-16 21:11:36 - [TEST_STEP][PASSED] - selenium.type("name=message_version", 3".toString()): null

2023-12-16 21:11:36 - [TEST_STEP][PASSED] - genRemIDVoid = RandomStringUtils.random(12, true, true): null

2023-12-16 21:11:36 - [TEST_STEP][PASSED] - selenium.type("name=remittance_id", genRemIDVoid): null

2023-12-16 21:11:36 - [TEST_STEP][PASSED] - selenium.click("css=input.formSubmit"): null

2023-12-16 21:11:37 - [TEST_STEP][PASSED] - selenium.waitForPageToLoad("30000"): null

2023-12-16 21:11:38 - [TEST_STEP][PASSED] - selenium.selectWindow("null"): null

2023-12-16 21:11:38 - [TEST_STEP][PASSED] - selenium.click("name=paymentMethod"): null

2023-12-16 21:11:38 - [TEST_STEP][PASSED] - selenium.click("css=input[type="submit"]"): null

2023-12-16 21:11:39 - [TEST_STEP][PASSED] - selenium.waitForPageToLoad("30000"): null

2023-12-16 21:11:39 - [TEST_STEP][PASSED] - selenium.type("name=amount", 50".toString()): null

2023-12-16 21:11:39 - [TEST_STEP][PASSED] - selenium.type("name=billingName", "Leslie Howard".toString()): null

2023-12-16 21:11:39 - [TEST_STEP][PASSED] - selenium.type("id=cardNumber", "4111111111111111"): null

2023-12-16 21:11:39 - [TEST_STEP][PASSED] - selenium.type("id=spc", "568"): null

2023-12-16 21:11:39 - [TEST_STEP][PASSED] - selenium.select("name=cardExpMonth", "label=02"): null

2023-12-16 21:11:40 - [TEST_STEP][PASSED] - selenium.select("name=cardExpYear", "label=2028"): null

2023-12-16 21:11:40 - [TEST_STEP][PASSED] - selenium.type("name=billingAddress", "778 Main street".toString()): null

2023-12-16 21:11:40 - [TEST_STEP][PASSED] - selenium.type("name=billingAddress2", ""): null

2023-12-16 21:11:40 - [TEST_STEP][PASSED] - selenium.type("id=billing-zip-input", "22201"): null

2023-12-16 21:11:40 - [TEST_STEP][PASSED] - selenium.type("name=emailAddress", ""): null

2023-12-16 21:11:40 - [TEST_STEP][PASSED] - selenium.click("id=checkedAcceptCondition"): null

2023-12-16 21:11:40 - [TEST_STEP][PASSED] - selenium.click("name=ccSubmit"): null

2023-12-16 21:11:41 - [TEST_STEP][PASSED] - selenium.waitForPageToLoad("30000"): null

2023-12-16 21:11:41 - [TEST_STEP][PASSED] - verifyTextPresent("Please verify the following information:", true): Text 'Please verify the following information:' is present on page  using regular expression

2023-12-16 21:11:41 - [MESSAGE][PASSED] - Text 'Please verify the following information:' is present on page  using regular expression

2023-12-16 21:11:41 - [TEST_STEP][PASSED] - verifyTextPresent("Is this information correct", true): Text 'Is this information correct' is present on page  using regular expression

2023-12-16 21:11:42 - [MESSAGE][PASSED] - Text 'Is this information correct' is present on page  using regular expression

2023-12-16 21:11:42 - [TEST_STEP][PASSED] - selenium.click("name=confirmNotifyAction"): null

2023-12-16 21:11:42 - [TEST_STEP][PASSED] - selenium.waitForPageToLoad("30000"): null

2023-12-16 21:11:43 - [TEST_STEP][PASSED] - verifyTextPresent("This transaction is subject to a Convenience Fees of $2.00", false): Text 'This transaction is subject to a Convenience Fees of $2.00' is present on page 

2023-12-16 21:11:43 - [MESSAGE][PASSED] - Text 'This transaction is subject to a Convenience Fees of $2.00' is present on page 

2023-12-16 21:11:43 - [TEST_STEP][PASSED] - verifyTextPresent("Payment Amount:", true): Text 'Payment Amount:' is present on page  using regular expression

2023-12-16 21:11:43 - [MESSAGE][PASSED] - Text 'Payment Amount:' is present on page  using regular expression

2023-12-16 21:11:43 - [TEST_STEP][PASSED] - verifyTextPresent("$11.50", false): Text '$11.50' is present on page 

2023-12-16 21:11:44 - [MESSAGE][PASSED] - Text '$11.50' is present on page 

2023-12-16 21:11:44 - [TEST_STEP][PASSED] - verifyTextPresent("Convenience Fees:", true): Text 'Convenience Fees:' is present on page  using regular expression

2023-12-16 21:11:44 - [MESSAGE][PASSED] - Text 'Convenience Fees:' is present on page  using regular expression

2023-12-16 21:11:44 - [TEST_STEP][PASSED] - verifyTextPresent("$2.00", false): Text '$2.00' is present on page 

2023-12-16 21:11:44 - [MESSAGE][PASSED] - Text '$2.00' is present on page 

2023-12-16 21:11:44 - [TEST_STEP][PASSED] - verifyTextPresent("Total Amount:", true): Text 'Total Amount:' is present on page  using regular expression

2023-12-16 21:11:45 - [MESSAGE][PASSED] - Text 'Total Amount:' is present on page  using regular expression

2023-12-16 21:11:45 - [TEST_STEP][PASSED] - verifyTextPresent("$13.50", false): Text '$13.50' is present on page 

2023-12-16 21:11:45 - [MESSAGE][PASSED] - Text '$13.50' is present on page 

2023-12-16 21:11:45 - [TEST_STEP][PASSED] - verifyTextPresent("Two transactions will appear on your bank statement, one in the amount of $11.50 and one in the amount of $2.00", false): Text 'Two transactions will appear on your bank statement, one in the amount of $11.50 and one in the amount of $2.00' is present on page 

2023-12-16 21:11:45 - [MESSAGE][PASSED] - Text 'Two transactions will appear on your bank statement, one in the amount of $11.50 and one in the amount of $2.00' is present on page 

2023-12-16 21:11:45 - [TEST_STEP][PASSED] - selenium.click("name=convFeeNotifyAction"): null

2023-12-16 21:11:46 - [TEST_STEP][PASSED] - selenium.waitForPageToLoad("30000"): null

2023-12-16 21:11:46 - [TEST_STEP][PASSED] - Thread.sleep(8000): null

2023-12-16 21:11:54 - [TEST_STEP][PASSED] - verifyTextPresent("Successful Payment Receipt", true): Text 'Successful Payment Receipt' is present on page  using regular expression

2023-12-16 21:11:54 - [MESSAGE][PASSED] - Text 'Successful Payment Receipt' is present on page  using regular expression

2023-12-16 21:11:54 - [TEST_STEP][PASSED] - verifyTextPresent("Please print this receipt for your records", true): Text 'Please print this receipt for your records' is present on page  using regular expression

2023-12-16 21:11:55 - [MESSAGE][PASSED] - Text 'Please print this receipt for your records' is present on page  using regular expression

2023-12-16 21:11:55 - [TEST_STEP][PASSED] - verifyTextPresent("$11.50", false): Text '$11.50' is present on page 

2023-12-16 21:11:55 - [MESSAGE][PASSED] - Text '$11.50' is present on page 

2023-12-16 21:11:55 - [TEST_STEP][PASSED] - verifyTextPresent("$2.00", false): Text '$2.00' is present on page 

2023-12-16 21:11:55 - [MESSAGE][PASSED] - Text '$2.00' is present on page 

2023-12-16 21:11:55 - [TEST_STEP][PASSED] - verifyTextPresent("Dual Transaction", true): Text 'Dual Transaction' is present on page  using regular expression

2023-12-16 21:11:56 - [MESSAGE][PASSED] - Text 'Dual Transaction' is present on page  using regular expression

2023-12-16 21:11:56 - [TEST_STEP][PASSED] - verifyTextPresent("$13.50", false): Text '$13.50' is present on page 

2023-12-16 21:11:56 - [MESSAGE][PASSED] - Text '$13.50' is present on page 

2023-12-16 21:11:56 - [TEST_STEP][PASSED] - verifyTextPresent("Authorization and Capture", true): Text 'Authorization and Capture' is present on page  using regular expression

2023-12-16 21:11:56 - [MESSAGE][PASSED] - Text 'Authorization and Capture' is present on page  using regular expression

2023-12-16 21:11:56 - [TEST_STEP][PASSED] - verifyTextPresent("Visa", true): Text 'Visa' is present on page  using regular expression

2023-12-16 21:11:57 - [MESSAGE][PASSED] - Text 'Visa' is present on page  using regular expression

2023-12-16 21:11:57 - [TEST_STEP][PASSED] - verifyTextPresent("LESLIE HOWARD", true): Text 'LESLIE HOWARD' is present on page  using regular expression

2023-12-16 21:11:57 - [MESSAGE][PASSED] - Text 'LESLIE HOWARD' is present on page  using regular expression

2023-12-16 21:11:57 - [TEST_STEP][PASSED] - verifyTextPresent("1111", true): Text '1111' is present on page  using regular expression

2023-12-16 21:11:57 - [MESSAGE][PASSED] - Text '1111' is present on page  using regular expression

2023-12-16 21:11:57 - [TEST_STEP][PASSED] - println("End Test: DCFFlatSuccessfulCC"): null]]></system-out>
         <system-err><![CDATA[]]></system-err>
      </testcase>
      <testcase name="Test Cases/IntegratedWeb/IWP23-SelIDE/DCFFlatSuccessfulPC" time="33.172" classname="Test Cases/IntegratedWeb/IWP23-SelIDE/DCFFlatSuccessfulPC" status="PASSED">
         <system-out><![CDATA[2023-12-16 21:11:57 - [TEST_CASE][PASSED] - Test Cases/IntegratedWeb/IWP23-SelIDE/DCFFlatSuccessfulPC: Test Cases/IntegratedWeb/IWP23-SelIDE/DCFFlatSuccessfulPC

2023-12-16 21:11:58 - [TEST_STEP][PASSED] - softAssertion = new org.testng.asserts.SoftAssert(): null

2023-12-16 21:11:58 - [TEST_STEP][PASSED] - openBrowser("https://www.google.com/"): Browser is opened with url: 'https://www.google.com/'

2023-12-16 21:11:58 - [MESSAGE][WARNING] - A browser is already opened. Closing browser and opening a new one

2023-12-16 21:11:59 - [MESSAGE][INFO] - Starting 'Chrome' driver

2023-12-16 21:11:59 - [MESSAGE][INFO] - User set preference: ['acceptInsecureCerts', 'true']

2023-12-16 21:11:59 - [MESSAGE][INFO] - Action delay is set to 0 milliseconds

2023-12-16 21:12:02 - [MESSAGE][PASSED] - Browser is opened with url: 'https://www.google.com/'

2023-12-16 21:12:02 - [TEST_STEP][PASSED] - driver = getWebDriver(): null

2023-12-16 21:12:02 - [TEST_STEP][PASSED] - baseUrl = "https://www.google.com/": null

2023-12-16 21:12:02 - [TEST_STEP][PASSED] - selenium = new com.thoughtworks.selenium.webdriven.WebDriverBackedSelenium(driver, baseUrl): null

2023-12-16 21:12:02 - [TEST_STEP][PASSED] - println("Begin Test: DCFFlatSuccessfulPC"): null

2023-12-16 21:12:02 - [TEST_STEP][PASSED] - emulatorURL = urlEmulator: null

2023-12-16 21:12:02 - [TEST_STEP][PASSED] - selenium.open(emulatorURL): null

2023-12-16 21:12:02 - [TEST_STEP][PASSED] - selenium.selectWindow("null"): null

2023-12-16 21:12:02 - [TEST_STEP][PASSED] - selenium.select("name=message_version", "label=2.3"): null

2023-12-16 21:12:03 - [TEST_STEP][PASSED] - selenium.waitForPageToLoad("30000"): null

2023-12-16 21:12:03 - [TEST_STEP][PASSED] - selenium.type("name=amount", 00".toString()): null

2023-12-16 21:12:03 - [TEST_STEP][PASSED] - selenium.type("name=client_account_number", "CAN12345"): null

2023-12-16 21:12:03 - [TEST_STEP][PASSED] - selenium.type("name=action_type", "PayNow"): null

2023-12-16 21:12:03 - [TEST_STEP][PASSED] - selenium.type("name=language", "en_US"): null

2023-12-16 21:12:03 - [TEST_STEP][PASSED] - selenium.type("name=billing_firstname", "Mandy"): null

2023-12-16 21:12:03 - [TEST_STEP][PASSED] - selenium.type("name=billing_lastname", "Iguera"): null

2023-12-16 21:12:03 - [TEST_STEP][PASSED] - selenium.type("name=billing_address", "56 World Center Drive".toString()): null

2023-12-16 21:12:03 - [TEST_STEP][PASSED] - selenium.type("name=billing_address2", "Suite 600".toString()): null

2023-12-16 21:12:04 - [TEST_STEP][PASSED] - selenium.type("name=billing_country_id", "840"): null

2023-12-16 21:12:04 - [TEST_STEP][PASSED] - selenium.type("name=billing_city", "Orlando"): null

2023-12-16 21:12:04 - [TEST_STEP][PASSED] - selenium.type("name=billing_state", "NH"): null

2023-12-16 21:12:04 - [TEST_STEP][PASSED] - selenium.type("name=billing_zip", "03106"): null

2023-12-16 21:12:04 - [TEST_STEP][PASSED] - selenium.type("name=order_number", "PPPPOOOO"): null

2023-12-16 21:12:04 - [TEST_STEP][PASSED] - selenium.type("name=user_defined1", "udf1"): null

2023-12-16 21:12:04 - [TEST_STEP][PASSED] - selenium.type("name=user_defined2", "udf2"): null

2023-12-16 21:12:04 - [TEST_STEP][PASSED] - selenium.type("name=user_defined3", "udf3"): null

2023-12-16 21:12:04 - [TEST_STEP][PASSED] - selenium.type("name=user_defined4", "Orange Label".toString()): null

2023-12-16 21:12:04 - [TEST_STEP][PASSED] - selenium.type("name=user_defined5", "Soccer Label".toString()): null

2023-12-16 21:12:04 - [TEST_STEP][PASSED] - selenium.click("name=submit"): null

2023-12-16 21:12:04 - [TEST_STEP][PASSED] - selenium.waitForPageToLoad("30000"): null

2023-12-16 21:12:05 - [TEST_STEP][PASSED] - Thread.sleep(2000): null

2023-12-16 21:12:07 - [TEST_STEP][PASSED] - testHarnessURL = urlTestHarness: null

2023-12-16 21:12:07 - [TEST_STEP][PASSED] - selenium.open(testHarnessURL): null

2023-12-16 21:12:07 - [TEST_STEP][PASSED] - selenium.type("name=application_id", "637"): null

2023-12-16 21:12:07 - [TEST_STEP][PASSED] - selenium.type("name=message_version", 3".toString()): null

2023-12-16 21:12:07 - [TEST_STEP][PASSED] - genRemIDVoid = RandomStringUtils.random(12, true, true): null

2023-12-16 21:12:07 - [TEST_STEP][PASSED] - selenium.type("name=remittance_id", genRemIDVoid): null

2023-12-16 21:12:07 - [TEST_STEP][PASSED] - selenium.click("css=input.formSubmit"): null

2023-12-16 21:12:09 - [TEST_STEP][PASSED] - selenium.waitForPageToLoad("30000"): null

2023-12-16 21:12:09 - [TEST_STEP][PASSED] - selenium.click("xpath=(//input[@name='paymentMethod'])[2]"): null

2023-12-16 21:12:09 - [TEST_STEP][PASSED] - selenium.click("css=input[type="submit"]"): null

2023-12-16 21:12:10 - [TEST_STEP][PASSED] - selenium.waitForPageToLoad("30000"): null

2023-12-16 21:12:11 - [TEST_STEP][PASSED] - selenium.type("name=amount", 50".toString()): null

2023-12-16 21:12:11 - [TEST_STEP][PASSED] - selenium.type("name=billingFirstname", "Mike"): null

2023-12-16 21:12:11 - [TEST_STEP][PASSED] - selenium.type("name=billingLastname", "Chingiti"): null

2023-12-16 21:12:11 - [TEST_STEP][PASSED] - selenium.type("id=routingNumber", "256072691"): null

2023-12-16 21:12:11 - [TEST_STEP][PASSED] - selenium.type("id=accountNumber", "11111111"): null

2023-12-16 21:12:11 - [TEST_STEP][PASSED] - selenium.type("id=confirmAccountNumber", "11111111"): null

2023-12-16 21:12:11 - [TEST_STEP][PASSED] - selenium.click("name=accountType"): null

2023-12-16 21:12:11 - [TEST_STEP][PASSED] - selenium.type("name=billingAddress", "104 main road".toString()): null

2023-12-16 21:12:11 - [TEST_STEP][PASSED] - selenium.type("name=billingAddress2", ""): null

2023-12-16 21:12:11 - [TEST_STEP][PASSED] - selenium.type("id=billing-zip-input", "22201"): null

2023-12-16 21:12:11 - [TEST_STEP][PASSED] - selenium.click("id=checkedAcceptCondition"): null

2023-12-16 21:12:11 - [TEST_STEP][PASSED] - selenium.click("name=achSubmit"): null

2023-12-16 21:12:12 - [TEST_STEP][PASSED] - selenium.waitForPageToLoad("30000"): null

2023-12-16 21:12:12 - [TEST_STEP][PASSED] - verifyTextPresent("Please verify the following information:", true): Text 'Please verify the following information:' is present on page  using regular expression

2023-12-16 21:12:13 - [MESSAGE][PASSED] - Text 'Please verify the following information:' is present on page  using regular expression

2023-12-16 21:12:13 - [TEST_STEP][PASSED] - verifyTextPresent("Is this information correct", true): Text 'Is this information correct' is present on page  using regular expression

2023-12-16 21:12:13 - [MESSAGE][PASSED] - Text 'Is this information correct' is present on page  using regular expression

2023-12-16 21:12:13 - [TEST_STEP][PASSED] - selenium.click("name=confirmNotifyAction"): null

2023-12-16 21:12:13 - [TEST_STEP][PASSED] - selenium.waitForPageToLoad("30000"): null

2023-12-16 21:12:14 - [TEST_STEP][PASSED] - verifyTextPresent("This transaction is subject to a Convenience Fees of $2.00", false): Text 'This transaction is subject to a Convenience Fees of $2.00' is present on page 

2023-12-16 21:12:14 - [MESSAGE][PASSED] - Text 'This transaction is subject to a Convenience Fees of $2.00' is present on page 

2023-12-16 21:12:14 - [TEST_STEP][PASSED] - verifyTextPresent("Payment Amount:", true): Text 'Payment Amount:' is present on page  using regular expression

2023-12-16 21:12:15 - [MESSAGE][PASSED] - Text 'Payment Amount:' is present on page  using regular expression

2023-12-16 21:12:15 - [TEST_STEP][PASSED] - verifyTextPresent("$10.50", false): Text '$10.50' is present on page 

2023-12-16 21:12:15 - [MESSAGE][PASSED] - Text '$10.50' is present on page 

2023-12-16 21:12:15 - [TEST_STEP][PASSED] - verifyTextPresent("Convenience Fees:", true): Text 'Convenience Fees:' is present on page  using regular expression

2023-12-16 21:12:15 - [MESSAGE][PASSED] - Text 'Convenience Fees:' is present on page  using regular expression

2023-12-16 21:12:15 - [TEST_STEP][PASSED] - verifyTextPresent("$2.00", false): Text '$2.00' is present on page 

2023-12-16 21:12:15 - [MESSAGE][PASSED] - Text '$2.00' is present on page 

2023-12-16 21:12:15 - [TEST_STEP][PASSED] - verifyTextPresent("Total Amount:", true): Text 'Total Amount:' is present on page  using regular expression

2023-12-16 21:12:16 - [MESSAGE][PASSED] - Text 'Total Amount:' is present on page  using regular expression

2023-12-16 21:12:16 - [TEST_STEP][PASSED] - verifyTextPresent("$12.50", false): Text '$12.50' is present on page 

2023-12-16 21:12:16 - [MESSAGE][PASSED] - Text '$12.50' is present on page 

2023-12-16 21:12:16 - [TEST_STEP][PASSED] - verifyTextPresent("Two transactions will appear on your bank statement, one in the amount of $10.50 and one in the amount of $2.00", false): Text 'Two transactions will appear on your bank statement, one in the amount of $10.50 and one in the amount of $2.00' is present on page 

2023-12-16 21:12:16 - [MESSAGE][PASSED] - Text 'Two transactions will appear on your bank statement, one in the amount of $10.50 and one in the amount of $2.00' is present on page 

2023-12-16 21:12:16 - [TEST_STEP][PASSED] - selenium.click("name=convFeeNotifyAction"): null

2023-12-16 21:12:17 - [TEST_STEP][PASSED] - selenium.waitForPageToLoad("30000"): null

2023-12-16 21:12:17 - [TEST_STEP][PASSED] - Thread.sleep(8000): null

2023-12-16 21:12:25 - [TEST_STEP][PASSED] - verifyTextPresent("Successful Payment Receipt", true): Text 'Successful Payment Receipt' is present on page  using regular expression

2023-12-16 21:12:26 - [MESSAGE][PASSED] - Text 'Successful Payment Receipt' is present on page  using regular expression

2023-12-16 21:12:26 - [TEST_STEP][PASSED] - verifyTextPresent("Please print this receipt for your records", true): Text 'Please print this receipt for your records' is present on page  using regular expression

2023-12-16 21:12:26 - [MESSAGE][PASSED] - Text 'Please print this receipt for your records' is present on page  using regular expression

2023-12-16 21:12:26 - [TEST_STEP][PASSED] - verifyTextPresent("$10.50", false): Text '$10.50' is present on page 

2023-12-16 21:12:26 - [MESSAGE][PASSED] - Text '$10.50' is present on page 

2023-12-16 21:12:26 - [TEST_STEP][PASSED] - verifyTextPresent("$2.00", false): Text '$2.00' is present on page 

2023-12-16 21:12:26 - [MESSAGE][PASSED] - Text '$2.00' is present on page 

2023-12-16 21:12:26 - [TEST_STEP][PASSED] - verifyTextPresent("Dual Transaction", true): Text 'Dual Transaction' is present on page  using regular expression

2023-12-16 21:12:27 - [MESSAGE][PASSED] - Text 'Dual Transaction' is present on page  using regular expression

2023-12-16 21:12:27 - [TEST_STEP][PASSED] - verifyTextPresent("$12.50", false): Text '$12.50' is present on page 

2023-12-16 21:12:27 - [MESSAGE][PASSED] - Text '$12.50' is present on page 

2023-12-16 21:12:27 - [TEST_STEP][PASSED] - verifyTextPresent("1111", true): Text '1111' is present on page  using regular expression

2023-12-16 21:12:27 - [MESSAGE][PASSED] - Text '1111' is present on page  using regular expression

2023-12-16 21:12:27 - [TEST_STEP][PASSED] - verifyTextPresent("Debit", true): Text 'Debit' is present on page  using regular expression

2023-12-16 21:12:28 - [MESSAGE][PASSED] - Text 'Debit' is present on page  using regular expression

2023-12-16 21:12:28 - [TEST_STEP][PASSED] - verifyTextPresent("Personal", true): Text 'Personal' is present on page  using regular expression

2023-12-16 21:12:28 - [MESSAGE][PASSED] - Text 'Personal' is present on page  using regular expression

2023-12-16 21:12:28 - [TEST_STEP][PASSED] - verifyTextPresent("Checking", true): Text 'Checking' is present on page  using regular expression

2023-12-16 21:12:28 - [MESSAGE][PASSED] - Text 'Checking' is present on page  using regular expression

2023-12-16 21:12:28 - [TEST_STEP][PASSED] - verifyTextPresent("2691", true): Text '2691' is present on page  using regular expression

2023-12-16 21:12:29 - [MESSAGE][PASSED] - Text '2691' is present on page  using regular expression

2023-12-16 21:12:29 - [TEST_STEP][PASSED] - verifyTextPresent("MIKE CHINGITI", true): Text 'MIKE CHINGITI' is present on page  using regular expression

2023-12-16 21:12:29 - [MESSAGE][PASSED] - Text 'MIKE CHINGITI' is present on page  using regular expression

2023-12-16 21:12:29 - [TEST_STEP][PASSED] - verifyTextPresent("104 main road", true): Text '104 main road' is present on page  using regular expression

2023-12-16 21:12:29 - [MESSAGE][PASSED] - Text '104 main road' is present on page  using regular expression

2023-12-16 21:12:29 - [TEST_STEP][PASSED] - verifyTextPresent("United States", true): Text 'United States' is present on page  using regular expression

2023-12-16 21:12:29 - [MESSAGE][PASSED] - Text 'United States' is present on page  using regular expression

2023-12-16 21:12:29 - [TEST_STEP][PASSED] - verifyTextPresent("ARLINGTON", true): Text 'ARLINGTON' is present on page  using regular expression

2023-12-16 21:12:30 - [MESSAGE][PASSED] - Text 'ARLINGTON' is present on page  using regular expression

2023-12-16 21:12:30 - [TEST_STEP][PASSED] - verifyTextPresent("Virginia", true): Text 'Virginia' is present on page  using regular expression

2023-12-16 21:12:30 - [MESSAGE][PASSED] - Text 'Virginia' is present on page  using regular expression

2023-12-16 21:12:30 - [TEST_STEP][PASSED] - verifyTextPresent("22201", true): Text '22201' is present on page  using regular expression

2023-12-16 21:12:30 - [MESSAGE][PASSED] - Text '22201' is present on page  using regular expression

2023-12-16 21:12:30 - [TEST_STEP][PASSED] - println("End Test: DCFFlatSuccessfulPC"): null]]></system-out>
         <system-err><![CDATA[]]></system-err>
      </testcase>
      <testcase name="Test Cases/IntegratedWeb/IWP23-SelIDE/DCFModifyCC" time="38.074" classname="Test Cases/IntegratedWeb/IWP23-SelIDE/DCFModifyCC" status="PASSED">
         <system-out><![CDATA[2023-12-16 21:12:30 - [TEST_CASE][PASSED] - Test Cases/IntegratedWeb/IWP23-SelIDE/DCFModifyCC: Test Cases/IntegratedWeb/IWP23-SelIDE/DCFModifyCC

2023-12-16 21:12:31 - [TEST_STEP][PASSED] - softAssertion = new org.testng.asserts.SoftAssert(): null

2023-12-16 21:12:31 - [TEST_STEP][PASSED] - openBrowser("https://www.google.com/"): Browser is opened with url: 'https://www.google.com/'

2023-12-16 21:12:31 - [MESSAGE][WARNING] - A browser is already opened. Closing browser and opening a new one

2023-12-16 21:12:32 - [MESSAGE][INFO] - Starting 'Chrome' driver

2023-12-16 21:12:32 - [MESSAGE][INFO] - User set preference: ['acceptInsecureCerts', 'true']

2023-12-16 21:12:32 - [MESSAGE][INFO] - Action delay is set to 0 milliseconds

2023-12-16 21:12:35 - [MESSAGE][PASSED] - Browser is opened with url: 'https://www.google.com/'

2023-12-16 21:12:35 - [TEST_STEP][PASSED] - driver = getWebDriver(): null

2023-12-16 21:12:35 - [TEST_STEP][PASSED] - baseUrl = "https://www.google.com/": null

2023-12-16 21:12:35 - [TEST_STEP][PASSED] - selenium = new com.thoughtworks.selenium.webdriven.WebDriverBackedSelenium(driver, baseUrl): null

2023-12-16 21:12:35 - [TEST_STEP][PASSED] - println("Begin Test: DCFModifyCC"): null

2023-12-16 21:12:35 - [TEST_STEP][PASSED] - emulatorURL = urlEmulator: null

2023-12-16 21:12:35 - [TEST_STEP][PASSED] - selenium.open(emulatorURL): null

2023-12-16 21:12:35 - [TEST_STEP][PASSED] - selenium.selectWindow("null"): null

2023-12-16 21:12:35 - [TEST_STEP][PASSED] - selenium.select("name=message_version", "label=2.3"): null

2023-12-16 21:12:36 - [TEST_STEP][PASSED] - selenium.waitForPageToLoad("30000"): null

2023-12-16 21:12:36 - [TEST_STEP][PASSED] - selenium.type("name=amount", 00".toString()): null

2023-12-16 21:12:36 - [TEST_STEP][PASSED] - selenium.type("name=client_account_number", "CAN12345"): null

2023-12-16 21:12:36 - [TEST_STEP][PASSED] - selenium.type("name=action_type", "PayNow"): null

2023-12-16 21:12:36 - [TEST_STEP][PASSED] - selenium.type("name=language", "en_US"): null

2023-12-16 21:12:36 - [TEST_STEP][PASSED] - selenium.type("name=billing_firstname", "Mandy"): null

2023-12-16 21:12:36 - [TEST_STEP][PASSED] - selenium.type("name=billing_lastname", "Iguera"): null

2023-12-16 21:12:36 - [TEST_STEP][PASSED] - selenium.type("name=billing_address", "56 World Center Drive".toString()): null

2023-12-16 21:12:36 - [TEST_STEP][PASSED] - selenium.type("name=billing_address2", "Suite 600".toString()): null

2023-12-16 21:12:37 - [TEST_STEP][PASSED] - selenium.type("name=billing_country_id", "840"): null

2023-12-16 21:12:37 - [TEST_STEP][PASSED] - selenium.type("name=billing_city", "Orlando"): null

2023-12-16 21:12:37 - [TEST_STEP][PASSED] - selenium.type("name=billing_state", "NH"): null

2023-12-16 21:12:37 - [TEST_STEP][PASSED] - selenium.type("name=billing_zip", "03106"): null

2023-12-16 21:12:37 - [TEST_STEP][PASSED] - selenium.type("name=order_number", "PPPPOOOO"): null

2023-12-16 21:12:37 - [TEST_STEP][PASSED] - selenium.type("name=user_defined1", "udf1"): null

2023-12-16 21:12:37 - [TEST_STEP][PASSED] - selenium.type("name=user_defined2", "udf2"): null

2023-12-16 21:12:37 - [TEST_STEP][PASSED] - selenium.type("name=user_defined3", "udf3"): null

2023-12-16 21:12:37 - [TEST_STEP][PASSED] - selenium.type("name=user_defined4", "Orange Label".toString()): null

2023-12-16 21:12:37 - [TEST_STEP][PASSED] - selenium.type("name=user_defined5", "Soccer Label".toString()): null

2023-12-16 21:12:37 - [TEST_STEP][PASSED] - selenium.click("name=submit"): null

2023-12-16 21:12:37 - [TEST_STEP][PASSED] - selenium.waitForPageToLoad("30000"): null

2023-12-16 21:12:38 - [TEST_STEP][PASSED] - testHarnessURL = urlTestHarness: null

2023-12-16 21:12:38 - [TEST_STEP][PASSED] - selenium.open(testHarnessURL): null

2023-12-16 21:12:38 - [TEST_STEP][PASSED] - Thread.sleep(2000): null

2023-12-16 21:12:40 - [TEST_STEP][PASSED] - selenium.type("name=application_id", "637"): null

2023-12-16 21:12:40 - [TEST_STEP][PASSED] - selenium.type("name=message_version", 3".toString()): null

2023-12-16 21:12:40 - [TEST_STEP][PASSED] - genRemIDVoid = RandomStringUtils.random(12, true, true): null

2023-12-16 21:12:40 - [TEST_STEP][PASSED] - selenium.type("name=remittance_id", genRemIDVoid): null

2023-12-16 21:12:40 - [TEST_STEP][PASSED] - selenium.click("css=input.formSubmit"): null

2023-12-16 21:12:42 - [TEST_STEP][PASSED] - selenium.waitForPageToLoad("30000"): null

2023-12-16 21:12:42 - [TEST_STEP][PASSED] - selenium.selectWindow("null"): null

2023-12-16 21:12:42 - [TEST_STEP][PASSED] - selenium.click("name=paymentMethod"): null

2023-12-16 21:12:42 - [TEST_STEP][PASSED] - selenium.click("css=input[type="submit"]"): null

2023-12-16 21:12:43 - [TEST_STEP][PASSED] - selenium.waitForPageToLoad("30000"): null

2023-12-16 21:12:44 - [TEST_STEP][PASSED] - selenium.type("name=amount", 50".toString()): null

2023-12-16 21:12:44 - [TEST_STEP][PASSED] - selenium.type("name=billingName", "Leslie Howard".toString()): null

2023-12-16 21:12:44 - [TEST_STEP][PASSED] - selenium.type("id=cardNumber", "4111111111111111"): null

2023-12-16 21:12:44 - [TEST_STEP][PASSED] - selenium.type("id=spc", "568"): null

2023-12-16 21:12:44 - [TEST_STEP][PASSED] - selenium.select("name=cardExpMonth", "label=02"): null

2023-12-16 21:12:44 - [TEST_STEP][PASSED] - selenium.select("name=cardExpYear", "label=2028"): null

2023-12-16 21:12:44 - [TEST_STEP][PASSED] - selenium.type("name=billingAddress", "778 Main street".toString()): null

2023-12-16 21:12:44 - [TEST_STEP][PASSED] - selenium.type("name=billingAddress2", ""): null

2023-12-16 21:12:44 - [TEST_STEP][PASSED] - selenium.type("id=billing-zip-input", "22201"): null

2023-12-16 21:12:44 - [TEST_STEP][PASSED] - selenium.type("name=emailAddress", ""): null

2023-12-16 21:12:44 - [TEST_STEP][PASSED] - selenium.click("id=checkedAcceptCondition"): null

2023-12-16 21:12:45 - [TEST_STEP][PASSED] - selenium.click("name=ccSubmit"): null

2023-12-16 21:12:45 - [TEST_STEP][PASSED] - selenium.waitForPageToLoad("30000"): null

2023-12-16 21:12:46 - [TEST_STEP][PASSED] - verifyTextPresent("Please verify the following information:", true): Text 'Please verify the following information:' is present on page  using regular expression

2023-12-16 21:12:46 - [MESSAGE][PASSED] - Text 'Please verify the following information:' is present on page  using regular expression

2023-12-16 21:12:46 - [TEST_STEP][PASSED] - verifyTextPresent("Is this information correct", true): Text 'Is this information correct' is present on page  using regular expression

2023-12-16 21:12:46 - [MESSAGE][PASSED] - Text 'Is this information correct' is present on page  using regular expression

2023-12-16 21:12:46 - [TEST_STEP][PASSED] - verifyTextPresent("udf1", true): Text 'udf1' is present on page  using regular expression

2023-12-16 21:12:46 - [MESSAGE][PASSED] - Text 'udf1' is present on page  using regular expression

2023-12-16 21:12:46 - [TEST_STEP][PASSED] - verifyTextPresent("udf2", true): Text 'udf2' is present on page  using regular expression

2023-12-16 21:12:47 - [MESSAGE][PASSED] - Text 'udf2' is present on page  using regular expression

2023-12-16 21:12:47 - [TEST_STEP][PASSED] - verifyTextPresent("udf3", true): Text 'udf3' is present on page  using regular expression

2023-12-16 21:12:47 - [MESSAGE][PASSED] - Text 'udf3' is present on page  using regular expression

2023-12-16 21:12:47 - [TEST_STEP][PASSED] - verifyTextPresent("Orange Label", true): Text 'Orange Label' is present on page  using regular expression

2023-12-16 21:12:47 - [MESSAGE][PASSED] - Text 'Orange Label' is present on page  using regular expression

2023-12-16 21:12:47 - [TEST_STEP][PASSED] - verifyTextPresent("Leslie Howard", true): Text 'Leslie Howard' is present on page  using regular expression

2023-12-16 21:12:48 - [MESSAGE][PASSED] - Text 'Leslie Howard' is present on page  using regular expression

2023-12-16 21:12:48 - [TEST_STEP][PASSED] - verifyTextPresent("Visa", true): Text 'Visa' is present on page  using regular expression

2023-12-16 21:12:48 - [MESSAGE][PASSED] - Text 'Visa' is present on page  using regular expression

2023-12-16 21:12:48 - [TEST_STEP][PASSED] - verifyTextPresent("778 Main street", true): Text '778 Main street' is present on page  using regular expression

2023-12-16 21:12:48 - [MESSAGE][PASSED] - Text '778 Main street' is present on page  using regular expression

2023-12-16 21:12:48 - [TEST_STEP][PASSED] - verifyTextPresent("ARLINGTON", true): Text 'ARLINGTON' is present on page  using regular expression

2023-12-16 21:12:49 - [MESSAGE][PASSED] - Text 'ARLINGTON' is present on page  using regular expression

2023-12-16 21:12:49 - [TEST_STEP][PASSED] - verifyTextPresent("Virginia", true): Text 'Virginia' is present on page  using regular expression

2023-12-16 21:12:49 - [MESSAGE][PASSED] - Text 'Virginia' is present on page  using regular expression

2023-12-16 21:12:49 - [TEST_STEP][PASSED] - verifyTextPresent("22201", true): Text '22201' is present on page  using regular expression

2023-12-16 21:12:49 - [MESSAGE][PASSED] - Text '22201' is present on page  using regular expression

2023-12-16 21:12:49 - [TEST_STEP][PASSED] - verifyTextPresent("1111", true): Text '1111' is present on page  using regular expression

2023-12-16 21:12:50 - [MESSAGE][PASSED] - Text '1111' is present on page  using regular expression

2023-12-16 21:12:50 - [TEST_STEP][PASSED] - verifyTextPresent("2/2028", true): Text '2/2028' is present on page  using regular expression

2023-12-16 21:12:50 - [MESSAGE][PASSED] - Text '2/2028' is present on page  using regular expression

2023-12-16 21:12:50 - [TEST_STEP][PASSED] - selenium.click("document.process.confirmNotifyAction[1]"): null

2023-12-16 21:12:51 - [TEST_STEP][PASSED] - selenium.waitForPageToLoad("30000"): null

2023-12-16 21:12:51 - [TEST_STEP][PASSED] - selenium.type("name=amount", 50".toString()): null

2023-12-16 21:12:51 - [TEST_STEP][PASSED] - selenium.type("name=userDefined2", "udf2 modified".toString()): null

2023-12-16 21:12:51 - [TEST_STEP][PASSED] - selenium.type("name=userDefined3", "udf3 modified".toString()): null

2023-12-16 21:12:51 - [TEST_STEP][PASSED] - selenium.type("name=billingName", "Mashr Mortaza".toString()): null

2023-12-16 21:12:51 - [TEST_STEP][PASSED] - selenium.type("id=cardNumber", "5424000000000015"): null

2023-12-16 21:12:52 - [TEST_STEP][PASSED] - selenium.type("id=spc", "568"): null

2023-12-16 21:12:52 - [TEST_STEP][PASSED] - selenium.select("name=cardExpMonth", "label=06"): null

2023-12-16 21:12:52 - [TEST_STEP][PASSED] - selenium.select("name=cardExpYear", "label=2029"): null

2023-12-16 21:12:52 - [TEST_STEP][PASSED] - selenium.type("name=billingAddress", "1589 Left Turn".toString()): null

2023-12-16 21:12:52 - [TEST_STEP][PASSED] - selenium.type("name=billingAddress2", ""): null

2023-12-16 21:12:52 - [TEST_STEP][PASSED] - selenium.type("id=billing-zip-input", "21054"): null

2023-12-16 21:12:52 - [TEST_STEP][PASSED] - selenium.type("name=emailAddress", ""): null

2023-12-16 21:12:52 - [TEST_STEP][PASSED] - selenium.click("name=ccSubmit"): null

2023-12-16 21:12:53 - [TEST_STEP][PASSED] - selenium.waitForPageToLoad("30000"): null

2023-12-16 21:12:53 - [TEST_STEP][PASSED] - verifyTextPresent("Please verify the following information:", true): Text 'Please verify the following information:' is present on page  using regular expression

2023-12-16 21:12:53 - [MESSAGE][PASSED] - Text 'Please verify the following information:' is present on page  using regular expression

2023-12-16 21:12:53 - [TEST_STEP][PASSED] - verifyTextPresent("Is this information correct", true): Text 'Is this information correct' is present on page  using regular expression

2023-12-16 21:12:54 - [MESSAGE][PASSED] - Text 'Is this information correct' is present on page  using regular expression

2023-12-16 21:12:54 - [TEST_STEP][PASSED] - verifyTextPresent("udf1", true): Text 'udf1' is present on page  using regular expression

2023-12-16 21:12:54 - [MESSAGE][PASSED] - Text 'udf1' is present on page  using regular expression

2023-12-16 21:12:54 - [TEST_STEP][PASSED] - verifyTextPresent("udf2 modified", true): Text 'udf2 modified' is present on page  using regular expression

2023-12-16 21:12:54 - [MESSAGE][PASSED] - Text 'udf2 modified' is present on page  using regular expression

2023-12-16 21:12:54 - [TEST_STEP][PASSED] - verifyTextPresent("udf3 modified", true): Text 'udf3 modified' is present on page  using regular expression

2023-12-16 21:12:55 - [MESSAGE][PASSED] - Text 'udf3 modified' is present on page  using regular expression

2023-12-16 21:12:55 - [TEST_STEP][PASSED] - verifyTextPresent("Orange Label", true): Text 'Orange Label' is present on page  using regular expression

2023-12-16 21:12:55 - [MESSAGE][PASSED] - Text 'Orange Label' is present on page  using regular expression

2023-12-16 21:12:55 - [TEST_STEP][PASSED] - verifyTextPresent("Mashr Mortaza", true): Text 'Mashr Mortaza' is present on page  using regular expression

2023-12-16 21:12:55 - [MESSAGE][PASSED] - Text 'Mashr Mortaza' is present on page  using regular expression

2023-12-16 21:12:55 - [TEST_STEP][PASSED] - verifyTextPresent("MasterCard", true): Text 'MasterCard' is present on page  using regular expression

2023-12-16 21:12:56 - [MESSAGE][PASSED] - Text 'MasterCard' is present on page  using regular expression

2023-12-16 21:12:56 - [TEST_STEP][PASSED] - verifyTextPresent("1589 Left Turn", true): Text '1589 Left Turn' is present on page  using regular expression

2023-12-16 21:12:56 - [MESSAGE][PASSED] - Text '1589 Left Turn' is present on page  using regular expression

2023-12-16 21:12:56 - [TEST_STEP][PASSED] - verifyTextPresent("GAMBRILLS", true): Text 'GAMBRILLS' is present on page  using regular expression

2023-12-16 21:12:56 - [MESSAGE][PASSED] - Text 'GAMBRILLS' is present on page  using regular expression

2023-12-16 21:12:56 - [TEST_STEP][PASSED] - verifyTextPresent("Maryland", true): Text 'Maryland' is present on page  using regular expression

2023-12-16 21:12:56 - [MESSAGE][PASSED] - Text 'Maryland' is present on page  using regular expression

2023-12-16 21:12:56 - [TEST_STEP][PASSED] - verifyTextPresent("21054", true): Text '21054' is present on page  using regular expression

2023-12-16 21:12:57 - [MESSAGE][PASSED] - Text '21054' is present on page  using regular expression

2023-12-16 21:12:57 - [TEST_STEP][PASSED] - verifyTextPresent("0015", true): Text '0015' is present on page  using regular expression

2023-12-16 21:12:57 - [MESSAGE][PASSED] - Text '0015' is present on page  using regular expression

2023-12-16 21:12:57 - [TEST_STEP][PASSED] - verifyTextPresent("6/2029", true): Text '6/2029' is present on page  using regular expression

2023-12-16 21:12:57 - [MESSAGE][PASSED] - Text '6/2029' is present on page  using regular expression

2023-12-16 21:12:57 - [TEST_STEP][PASSED] - selenium.click("name=confirmNotifyAction"): null

2023-12-16 21:12:58 - [TEST_STEP][PASSED] - selenium.waitForPageToLoad("30000"): null

2023-12-16 21:12:58 - [TEST_STEP][PASSED] - Thread.sleep(8000): null

2023-12-16 21:13:06 - [TEST_STEP][PASSED] - verifyTextPresent("Successful Payment Receipt", true): Text 'Successful Payment Receipt' is present on page  using regular expression

2023-12-16 21:13:07 - [MESSAGE][PASSED] - Text 'Successful Payment Receipt' is present on page  using regular expression

2023-12-16 21:13:07 - [TEST_STEP][PASSED] - verifyTextPresent("Please print this receipt for your records", true): Text 'Please print this receipt for your records' is present on page  using regular expression

2023-12-16 21:13:07 - [MESSAGE][PASSED] - Text 'Please print this receipt for your records' is present on page  using regular expression

2023-12-16 21:13:07 - [TEST_STEP][PASSED] - verifyTextPresent("$25.50", false): Text '$25.50' is present on page 

2023-12-16 21:13:07 - [MESSAGE][PASSED] - Text '$25.50' is present on page 

2023-12-16 21:13:07 - [TEST_STEP][PASSED] - verifyTextPresent("Authorization and Capture", true): Text 'Authorization and Capture' is present on page  using regular expression

2023-12-16 21:13:08 - [MESSAGE][PASSED] - Text 'Authorization and Capture' is present on page  using regular expression

2023-12-16 21:13:08 - [TEST_STEP][PASSED] - verifyTextPresent("MasterCard", true): Text 'MasterCard' is present on page  using regular expression

2023-12-16 21:13:08 - [MESSAGE][PASSED] - Text 'MasterCard' is present on page  using regular expression

2023-12-16 21:13:08 - [TEST_STEP][PASSED] - verifyTextPresent("MASHR MORTAZA", true): Text 'MASHR MORTAZA' is present on page  using regular expression

2023-12-16 21:13:08 - [MESSAGE][PASSED] - Text 'MASHR MORTAZA' is present on page  using regular expression

2023-12-16 21:13:08 - [TEST_STEP][PASSED] - verifyTextPresent("0015", true): Text '0015' is present on page  using regular expression

2023-12-16 21:13:08 - [MESSAGE][PASSED] - Text '0015' is present on page  using regular expression

2023-12-16 21:13:08 - [TEST_STEP][PASSED] - println("End Test: DCFModifyCC"): null]]></system-out>
         <system-err><![CDATA[]]></system-err>
      </testcase>
      <testcase name="Test Cases/IntegratedWeb/IWP23-SelIDE/DCFPercentageSuccessfulCC" time="30.596" classname="Test Cases/IntegratedWeb/IWP23-SelIDE/DCFPercentageSuccessfulCC" status="PASSED">
         <system-out><![CDATA[2023-12-16 21:13:08 - [TEST_CASE][PASSED] - Test Cases/IntegratedWeb/IWP23-SelIDE/DCFPercentageSuccessfulCC: Test Cases/IntegratedWeb/IWP23-SelIDE/DCFPercentageSuccessfulCC

2023-12-16 21:13:09 - [TEST_STEP][PASSED] - softAssertion = new org.testng.asserts.SoftAssert(): null

2023-12-16 21:13:09 - [TEST_STEP][PASSED] - openBrowser("https://www.google.com/"): Browser is opened with url: 'https://www.google.com/'

2023-12-16 21:13:09 - [MESSAGE][WARNING] - A browser is already opened. Closing browser and opening a new one

2023-12-16 21:13:10 - [MESSAGE][INFO] - Starting 'Chrome' driver

2023-12-16 21:13:10 - [MESSAGE][INFO] - User set preference: ['acceptInsecureCerts', 'true']

2023-12-16 21:13:10 - [MESSAGE][INFO] - Action delay is set to 0 milliseconds

2023-12-16 21:13:13 - [MESSAGE][PASSED] - Browser is opened with url: 'https://www.google.com/'

2023-12-16 21:13:13 - [TEST_STEP][PASSED] - driver = getWebDriver(): null

2023-12-16 21:13:13 - [TEST_STEP][PASSED] - baseUrl = "https://www.google.com/": null

2023-12-16 21:13:13 - [TEST_STEP][PASSED] - selenium = new com.thoughtworks.selenium.webdriven.WebDriverBackedSelenium(driver, baseUrl): null

2023-12-16 21:13:13 - [TEST_STEP][PASSED] - println("Begin Test: DCFPercentageSuccessfulCC"): null

2023-12-16 21:13:13 - [TEST_STEP][PASSED] - emulatorURL = urlEmulator: null

2023-12-16 21:13:13 - [TEST_STEP][PASSED] - selenium.open(emulatorURL): null

2023-12-16 21:13:13 - [TEST_STEP][PASSED] - selenium.selectWindow("null"): null

2023-12-16 21:13:13 - [TEST_STEP][PASSED] - selenium.select("name=message_version", "label=2.3"): null

2023-12-16 21:13:14 - [TEST_STEP][PASSED] - selenium.waitForPageToLoad("30000"): null

2023-12-16 21:13:14 - [TEST_STEP][PASSED] - selenium.type("name=amount", 00".toString()): null

2023-12-16 21:13:14 - [TEST_STEP][PASSED] - selenium.type("name=client_account_number", "CAN12345"): null

2023-12-16 21:13:14 - [TEST_STEP][PASSED] - selenium.type("name=action_type", "PayNow"): null

2023-12-16 21:13:14 - [TEST_STEP][PASSED] - selenium.type("name=language", "en_US"): null

2023-12-16 21:13:14 - [TEST_STEP][PASSED] - selenium.type("name=billing_firstname", "Mandy"): null

2023-12-16 21:13:14 - [TEST_STEP][PASSED] - selenium.type("name=billing_lastname", "Iguera"): null

2023-12-16 21:13:14 - [TEST_STEP][PASSED] - selenium.type("name=billing_address", "56 World Center Drive".toString()): null

2023-12-16 21:13:14 - [TEST_STEP][PASSED] - selenium.type("name=billing_address2", "Suite 600".toString()): null

2023-12-16 21:13:15 - [TEST_STEP][PASSED] - selenium.type("name=billing_country_id", "840"): null

2023-12-16 21:13:15 - [TEST_STEP][PASSED] - selenium.type("name=billing_city", "Orlando"): null

2023-12-16 21:13:15 - [TEST_STEP][PASSED] - selenium.type("name=billing_state", "NH"): null

2023-12-16 21:13:15 - [TEST_STEP][PASSED] - selenium.type("name=billing_zip", "03106"): null

2023-12-16 21:13:15 - [TEST_STEP][PASSED] - selenium.type("name=order_number", "PPPPOOOO"): null

2023-12-16 21:13:15 - [TEST_STEP][PASSED] - selenium.type("name=user_defined1", "udf1"): null

2023-12-16 21:13:15 - [TEST_STEP][PASSED] - selenium.type("name=user_defined2", "udf2"): null

2023-12-16 21:13:15 - [TEST_STEP][PASSED] - selenium.type("name=user_defined3", "udf3"): null

2023-12-16 21:13:15 - [TEST_STEP][PASSED] - selenium.type("name=user_defined4", "Orange Label".toString()): null

2023-12-16 21:13:15 - [TEST_STEP][PASSED] - selenium.type("name=user_defined5", "Soccer Label".toString()): null

2023-12-16 21:13:15 - [TEST_STEP][PASSED] - selenium.click("name=submit"): null

2023-12-16 21:13:15 - [TEST_STEP][PASSED] - selenium.waitForPageToLoad("30000"): null

2023-12-16 21:13:16 - [TEST_STEP][PASSED] - testHarnessURL = urlTestHarness: null

2023-12-16 21:13:16 - [TEST_STEP][PASSED] - selenium.open(testHarnessURL): null

2023-12-16 21:13:16 - [TEST_STEP][PASSED] - Thread.sleep(2000): null

2023-12-16 21:13:18 - [TEST_STEP][PASSED] - selenium.type("name=application_id", "637"): null

2023-12-16 21:13:18 - [TEST_STEP][PASSED] - selenium.type("name=message_version", 3".toString()): null

2023-12-16 21:13:18 - [TEST_STEP][PASSED] - genRemIDVoid = RandomStringUtils.random(12, true, true): null

2023-12-16 21:13:18 - [TEST_STEP][PASSED] - selenium.type("name=remittance_id", genRemIDVoid): null

2023-12-16 21:13:18 - [TEST_STEP][PASSED] - selenium.click("css=input.formSubmit"): null

2023-12-16 21:13:19 - [TEST_STEP][PASSED] - selenium.waitForPageToLoad("30000"): null

2023-12-16 21:13:20 - [TEST_STEP][PASSED] - selenium.selectWindow("null"): null

2023-12-16 21:13:20 - [TEST_STEP][PASSED] - selenium.click("name=paymentMethod"): null

2023-12-16 21:13:20 - [TEST_STEP][PASSED] - selenium.click("css=input[type="submit"]"): null

2023-12-16 21:13:20 - [TEST_STEP][PASSED] - selenium.waitForPageToLoad("30000"): null

2023-12-16 21:13:21 - [TEST_STEP][PASSED] - selenium.type("name=amount", 00".toString()): null

2023-12-16 21:13:21 - [TEST_STEP][PASSED] - selenium.type("name=billingName", "Leslie Howard".toString()): null

2023-12-16 21:13:21 - [TEST_STEP][PASSED] - selenium.type("id=cardNumber", "4111111111111111"): null

2023-12-16 21:13:21 - [TEST_STEP][PASSED] - selenium.type("id=spc", "568"): null

2023-12-16 21:13:21 - [TEST_STEP][PASSED] - selenium.select("name=cardExpMonth", "label=02"): null

2023-12-16 21:13:21 - [TEST_STEP][PASSED] - selenium.select("name=cardExpYear", "label=2028"): null

2023-12-16 21:13:22 - [TEST_STEP][PASSED] - selenium.type("name=billingAddress", "778 Main street".toString()): null

2023-12-16 21:13:22 - [TEST_STEP][PASSED] - selenium.type("name=billingAddress2", ""): null

2023-12-16 21:13:22 - [TEST_STEP][PASSED] - selenium.type("id=billing-zip-input", "22201"): null

2023-12-16 21:13:22 - [TEST_STEP][PASSED] - selenium.type("name=emailAddress", ""): null

2023-12-16 21:13:22 - [TEST_STEP][PASSED] - selenium.click("id=checkedAcceptCondition"): null

2023-12-16 21:13:22 - [TEST_STEP][PASSED] - selenium.click("name=ccSubmit"): null

2023-12-16 21:13:22 - [TEST_STEP][PASSED] - selenium.waitForPageToLoad("30000"): null

2023-12-16 21:13:23 - [TEST_STEP][PASSED] - verifyTextPresent("Please verify the following information:", true): Text 'Please verify the following information:' is present on page  using regular expression

2023-12-16 21:13:23 - [MESSAGE][PASSED] - Text 'Please verify the following information:' is present on page  using regular expression

2023-12-16 21:13:23 - [TEST_STEP][PASSED] - verifyTextPresent("Is this information correct", true): Text 'Is this information correct' is present on page  using regular expression

2023-12-16 21:13:24 - [MESSAGE][PASSED] - Text 'Is this information correct' is present on page  using regular expression

2023-12-16 21:13:24 - [TEST_STEP][PASSED] - selenium.click("name=confirmNotifyAction"): null

2023-12-16 21:13:24 - [TEST_STEP][PASSED] - selenium.waitForPageToLoad("30000"): null

2023-12-16 21:13:25 - [TEST_STEP][PASSED] - verifyTextPresent("This transaction is subject to a Convenience Fees of $10.00", false): Text 'This transaction is subject to a Convenience Fees of $10.00' is present on page 

2023-12-16 21:13:25 - [MESSAGE][PASSED] - Text 'This transaction is subject to a Convenience Fees of $10.00' is present on page 

2023-12-16 21:13:25 - [TEST_STEP][PASSED] - verifyTextPresent("Payment Amount:", true): Text 'Payment Amount:' is present on page  using regular expression

2023-12-16 21:13:25 - [MESSAGE][PASSED] - Text 'Payment Amount:' is present on page  using regular expression

2023-12-16 21:13:25 - [TEST_STEP][PASSED] - verifyTextPresent("$100.00", false): Text '$100.00' is present on page 

2023-12-16 21:13:26 - [MESSAGE][PASSED] - Text '$100.00' is present on page 

2023-12-16 21:13:26 - [TEST_STEP][PASSED] - verifyTextPresent("Convenience Fees:", true): Text 'Convenience Fees:' is present on page  using regular expression

2023-12-16 21:13:26 - [MESSAGE][PASSED] - Text 'Convenience Fees:' is present on page  using regular expression

2023-12-16 21:13:26 - [TEST_STEP][PASSED] - verifyTextPresent("$10.00", false): Text '$10.00' is present on page 

2023-12-16 21:13:26 - [MESSAGE][PASSED] - Text '$10.00' is present on page 

2023-12-16 21:13:26 - [TEST_STEP][PASSED] - verifyTextPresent("Total Amount:", true): Text 'Total Amount:' is present on page  using regular expression

2023-12-16 21:13:26 - [MESSAGE][PASSED] - Text 'Total Amount:' is present on page  using regular expression

2023-12-16 21:13:26 - [TEST_STEP][PASSED] - verifyTextPresent("$110.00", false): Text '$110.00' is present on page 

2023-12-16 21:13:27 - [MESSAGE][PASSED] - Text '$110.00' is present on page 

2023-12-16 21:13:27 - [TEST_STEP][PASSED] - verifyTextPresent("Two transactions will appear on your bank statement, one in the amount of $100.00 and one in the amount of $10.00", false): Text 'Two transactions will appear on your bank statement, one in the amount of $100.00 and one in the amount of $10.00' is present on page 

2023-12-16 21:13:27 - [MESSAGE][PASSED] - Text 'Two transactions will appear on your bank statement, one in the amount of $100.00 and one in the amount of $10.00' is present on page 

2023-12-16 21:13:27 - [TEST_STEP][PASSED] - selenium.click("name=convFeeNotifyAction"): null

2023-12-16 21:13:28 - [TEST_STEP][PASSED] - selenium.waitForPageToLoad("30000"): null

2023-12-16 21:13:28 - [TEST_STEP][PASSED] - Thread.sleep(8000): null

2023-12-16 21:13:36 - [TEST_STEP][PASSED] - verifyTextPresent("Successful Payment Receipt", true): Text 'Successful Payment Receipt' is present on page  using regular expression

2023-12-16 21:13:36 - [MESSAGE][PASSED] - Text 'Successful Payment Receipt' is present on page  using regular expression

2023-12-16 21:13:36 - [TEST_STEP][PASSED] - verifyTextPresent("Please print this receipt for your records", true): Text 'Please print this receipt for your records' is present on page  using regular expression

2023-12-16 21:13:37 - [MESSAGE][PASSED] - Text 'Please print this receipt for your records' is present on page  using regular expression

2023-12-16 21:13:37 - [TEST_STEP][PASSED] - verifyTextPresent("$100.00", false): Text '$100.00' is present on page 

2023-12-16 21:13:37 - [MESSAGE][PASSED] - Text '$100.00' is present on page 

2023-12-16 21:13:37 - [TEST_STEP][PASSED] - verifyTextPresent("$10.00", false): Text '$10.00' is present on page 

2023-12-16 21:13:37 - [MESSAGE][PASSED] - Text '$10.00' is present on page 

2023-12-16 21:13:37 - [TEST_STEP][PASSED] - verifyTextPresent("Dual Transaction", true): Text 'Dual Transaction' is present on page  using regular expression

2023-12-16 21:13:38 - [MESSAGE][PASSED] - Text 'Dual Transaction' is present on page  using regular expression

2023-12-16 21:13:38 - [TEST_STEP][PASSED] - verifyTextPresent("$110.00", false): Text '$110.00' is present on page 

2023-12-16 21:13:38 - [MESSAGE][PASSED] - Text '$110.00' is present on page 

2023-12-16 21:13:38 - [TEST_STEP][PASSED] - verifyTextPresent("Authorization and Capture", true): Text 'Authorization and Capture' is present on page  using regular expression

2023-12-16 21:13:38 - [MESSAGE][PASSED] - Text 'Authorization and Capture' is present on page  using regular expression

2023-12-16 21:13:38 - [TEST_STEP][PASSED] - verifyTextPresent("Visa", true): Text 'Visa' is present on page  using regular expression

2023-12-16 21:13:38 - [MESSAGE][PASSED] - Text 'Visa' is present on page  using regular expression

2023-12-16 21:13:38 - [TEST_STEP][PASSED] - verifyTextPresent("LESLIE HOWARD", true): Text 'LESLIE HOWARD' is present on page  using regular expression

2023-12-16 21:13:39 - [MESSAGE][PASSED] - Text 'LESLIE HOWARD' is present on page  using regular expression

2023-12-16 21:13:39 - [TEST_STEP][PASSED] - verifyTextPresent("1111", true): Text '1111' is present on page  using regular expression

2023-12-16 21:13:39 - [MESSAGE][PASSED] - Text '1111' is present on page  using regular expression

2023-12-16 21:13:39 - [TEST_STEP][PASSED] - println("End Test: DCFPercentageSuccessfulCC"): null]]></system-out>
         <system-err><![CDATA[]]></system-err>
      </testcase>
      <testcase name="Test Cases/IntegratedWeb/IWP23-SelIDE/DCFPercentageSuccessfulPC" time="32.966" classname="Test Cases/IntegratedWeb/IWP23-SelIDE/DCFPercentageSuccessfulPC" status="PASSED">
         <system-out><![CDATA[2023-12-16 21:13:39 - [TEST_CASE][PASSED] - Test Cases/IntegratedWeb/IWP23-SelIDE/DCFPercentageSuccessfulPC: Test Cases/IntegratedWeb/IWP23-SelIDE/DCFPercentageSuccessfulPC

2023-12-16 21:13:40 - [TEST_STEP][PASSED] - softAssertion = new org.testng.asserts.SoftAssert(): null

2023-12-16 21:13:40 - [TEST_STEP][PASSED] - openBrowser("https://www.google.com/"): Browser is opened with url: 'https://www.google.com/'

2023-12-16 21:13:40 - [MESSAGE][WARNING] - A browser is already opened. Closing browser and opening a new one

2023-12-16 21:13:41 - [MESSAGE][INFO] - Starting 'Chrome' driver

2023-12-16 21:13:41 - [MESSAGE][INFO] - User set preference: ['acceptInsecureCerts', 'true']

2023-12-16 21:13:41 - [MESSAGE][INFO] - Action delay is set to 0 milliseconds

2023-12-16 21:13:44 - [MESSAGE][PASSED] - Browser is opened with url: 'https://www.google.com/'

2023-12-16 21:13:44 - [TEST_STEP][PASSED] - driver = getWebDriver(): null

2023-12-16 21:13:44 - [TEST_STEP][PASSED] - baseUrl = "https://www.google.com/": null

2023-12-16 21:13:44 - [TEST_STEP][PASSED] - selenium = new com.thoughtworks.selenium.webdriven.WebDriverBackedSelenium(driver, baseUrl): null

2023-12-16 21:13:44 - [TEST_STEP][PASSED] - println("Begin Test: DCFPercentageSuccessfulPC"): null

2023-12-16 21:13:44 - [TEST_STEP][PASSED] - emulatorURL = urlEmulator: null

2023-12-16 21:13:44 - [TEST_STEP][PASSED] - selenium.open(emulatorURL): null

2023-12-16 21:13:44 - [TEST_STEP][PASSED] - selenium.selectWindow("null"): null

2023-12-16 21:13:44 - [TEST_STEP][PASSED] - selenium.select("name=message_version", "label=2.3"): null

2023-12-16 21:13:44 - [TEST_STEP][PASSED] - selenium.waitForPageToLoad("30000"): null

2023-12-16 21:13:45 - [TEST_STEP][PASSED] - selenium.type("name=amount", 00".toString()): null

2023-12-16 21:13:45 - [TEST_STEP][PASSED] - selenium.type("name=client_account_number", "CAN12345"): null

2023-12-16 21:13:45 - [TEST_STEP][PASSED] - selenium.type("name=action_type", "PayNow"): null

2023-12-16 21:13:45 - [TEST_STEP][PASSED] - selenium.type("name=language", "en_US"): null

2023-12-16 21:13:45 - [TEST_STEP][PASSED] - selenium.type("name=billing_firstname", "Mandy"): null

2023-12-16 21:13:45 - [TEST_STEP][PASSED] - selenium.type("name=billing_lastname", "Iguera"): null

2023-12-16 21:13:45 - [TEST_STEP][PASSED] - selenium.type("name=billing_address", "56 World Center Drive".toString()): null

2023-12-16 21:13:45 - [TEST_STEP][PASSED] - selenium.type("name=billing_address2", "Suite 600".toString()): null

2023-12-16 21:13:45 - [TEST_STEP][PASSED] - selenium.type("name=billing_country_id", "840"): null

2023-12-16 21:13:45 - [TEST_STEP][PASSED] - selenium.type("name=billing_city", "Orlando"): null

2023-12-16 21:13:45 - [TEST_STEP][PASSED] - selenium.type("name=billing_state", "NH"): null

2023-12-16 21:13:45 - [TEST_STEP][PASSED] - selenium.type("name=billing_zip", "03106"): null

2023-12-16 21:13:45 - [TEST_STEP][PASSED] - selenium.type("name=order_number", "PPPPOOOO"): null

2023-12-16 21:13:46 - [TEST_STEP][PASSED] - selenium.type("name=user_defined1", "udf1"): null

2023-12-16 21:13:46 - [TEST_STEP][PASSED] - selenium.type("name=user_defined2", "udf2"): null

2023-12-16 21:13:46 - [TEST_STEP][PASSED] - selenium.type("name=user_defined3", "udf3"): null

2023-12-16 21:13:46 - [TEST_STEP][PASSED] - selenium.type("name=user_defined4", "Orange Label".toString()): null

2023-12-16 21:13:46 - [TEST_STEP][PASSED] - selenium.type("name=user_defined5", "Soccer Label".toString()): null

2023-12-16 21:13:46 - [TEST_STEP][PASSED] - selenium.click("name=submit"): null

2023-12-16 21:13:46 - [TEST_STEP][PASSED] - selenium.waitForPageToLoad("30000"): null

2023-12-16 21:13:46 - [TEST_STEP][PASSED] - Thread.sleep(2000): null

2023-12-16 21:13:48 - [TEST_STEP][PASSED] - testHarnessURL = urlTestHarness: null

2023-12-16 21:13:48 - [TEST_STEP][PASSED] - selenium.open(testHarnessURL): null

2023-12-16 21:13:49 - [TEST_STEP][PASSED] - selenium.type("name=application_id", "637"): null

2023-12-16 21:13:49 - [TEST_STEP][PASSED] - selenium.type("name=message_version", 3".toString()): null

2023-12-16 21:13:49 - [TEST_STEP][PASSED] - genRemIDVoid = RandomStringUtils.random(12, true, true): null

2023-12-16 21:13:49 - [TEST_STEP][PASSED] - selenium.type("name=remittance_id", genRemIDVoid): null

2023-12-16 21:13:49 - [TEST_STEP][PASSED] - selenium.click("css=input.formSubmit"): null

2023-12-16 21:13:50 - [TEST_STEP][PASSED] - selenium.waitForPageToLoad("30000"): null

2023-12-16 21:13:50 - [TEST_STEP][PASSED] - selenium.click("xpath=(//input[@name='paymentMethod'])[2]"): null

2023-12-16 21:13:51 - [TEST_STEP][PASSED] - selenium.click("css=input[type="submit"]"): null

2023-12-16 21:13:51 - [TEST_STEP][PASSED] - selenium.waitForPageToLoad("30000"): null

2023-12-16 21:13:52 - [TEST_STEP][PASSED] - selenium.type("name=amount", 00".toString()): null

2023-12-16 21:13:52 - [TEST_STEP][PASSED] - selenium.type("name=billingFirstname", "Mike"): null

2023-12-16 21:13:52 - [TEST_STEP][PASSED] - selenium.type("name=billingLastname", "Chingiti"): null

2023-12-16 21:13:52 - [TEST_STEP][PASSED] - selenium.type("id=routingNumber", "256072691"): null

2023-12-16 21:13:52 - [TEST_STEP][PASSED] - selenium.type("id=accountNumber", "11111111"): null

2023-12-16 21:13:52 - [TEST_STEP][PASSED] - selenium.type("id=confirmAccountNumber", "11111111"): null

2023-12-16 21:13:52 - [TEST_STEP][PASSED] - selenium.click("name=accountType"): null

2023-12-16 21:13:53 - [TEST_STEP][PASSED] - selenium.type("name=billingAddress", "104 main road".toString()): null

2023-12-16 21:13:53 - [TEST_STEP][PASSED] - selenium.type("name=billingAddress2", ""): null

2023-12-16 21:13:53 - [TEST_STEP][PASSED] - selenium.type("id=billing-zip-input", "22201"): null

2023-12-16 21:13:53 - [TEST_STEP][PASSED] - selenium.click("id=checkedAcceptCondition"): null

2023-12-16 21:13:53 - [TEST_STEP][PASSED] - selenium.click("name=achSubmit"): null

2023-12-16 21:13:53 - [TEST_STEP][PASSED] - selenium.waitForPageToLoad("30000"): null

2023-12-16 21:13:54 - [TEST_STEP][PASSED] - verifyTextPresent("Please verify the following information:", true): Text 'Please verify the following information:' is present on page  using regular expression

2023-12-16 21:13:54 - [MESSAGE][PASSED] - Text 'Please verify the following information:' is present on page  using regular expression

2023-12-16 21:13:54 - [TEST_STEP][PASSED] - verifyTextPresent("Is this information correct", true): Text 'Is this information correct' is present on page  using regular expression

2023-12-16 21:13:54 - [MESSAGE][PASSED] - Text 'Is this information correct' is present on page  using regular expression

2023-12-16 21:13:54 - [TEST_STEP][PASSED] - selenium.click("name=confirmNotifyAction"): null

2023-12-16 21:13:55 - [TEST_STEP][PASSED] - selenium.waitForPageToLoad("30000"): null

2023-12-16 21:13:55 - [TEST_STEP][PASSED] - verifyTextPresent("This transaction is subject to a Convenience Fees of $10.00", false): Text 'This transaction is subject to a Convenience Fees of $10.00' is present on page 

2023-12-16 21:13:56 - [MESSAGE][PASSED] - Text 'This transaction is subject to a Convenience Fees of $10.00' is present on page 

2023-12-16 21:13:56 - [TEST_STEP][PASSED] - verifyTextPresent("Payment Amount:", true): Text 'Payment Amount:' is present on page  using regular expression

2023-12-16 21:13:56 - [MESSAGE][PASSED] - Text 'Payment Amount:' is present on page  using regular expression

2023-12-16 21:13:56 - [TEST_STEP][PASSED] - verifyTextPresent("$100.00", false): Text '$100.00' is present on page 

2023-12-16 21:13:56 - [MESSAGE][PASSED] - Text '$100.00' is present on page 

2023-12-16 21:13:56 - [TEST_STEP][PASSED] - verifyTextPresent("Convenience Fees:", true): Text 'Convenience Fees:' is present on page  using regular expression

2023-12-16 21:13:57 - [MESSAGE][PASSED] - Text 'Convenience Fees:' is present on page  using regular expression

2023-12-16 21:13:57 - [TEST_STEP][PASSED] - verifyTextPresent("$10.00", false): Text '$10.00' is present on page 

2023-12-16 21:13:57 - [MESSAGE][PASSED] - Text '$10.00' is present on page 

2023-12-16 21:13:57 - [TEST_STEP][PASSED] - verifyTextPresent("Total Amount:", true): Text 'Total Amount:' is present on page  using regular expression

2023-12-16 21:13:57 - [MESSAGE][PASSED] - Text 'Total Amount:' is present on page  using regular expression

2023-12-16 21:13:57 - [TEST_STEP][PASSED] - verifyTextPresent("$110.00", false): Text '$110.00' is present on page 

2023-12-16 21:13:58 - [MESSAGE][PASSED] - Text '$110.00' is present on page 

2023-12-16 21:13:58 - [TEST_STEP][PASSED] - verifyTextPresent("Two transactions will appear on your bank statement, one in the amount of $100.00 and one in the amount of $10.00", false): Text 'Two transactions will appear on your bank statement, one in the amount of $100.00 and one in the amount of $10.00' is present on page 

2023-12-16 21:13:58 - [MESSAGE][PASSED] - Text 'Two transactions will appear on your bank statement, one in the amount of $100.00 and one in the amount of $10.00' is present on page 

2023-12-16 21:13:58 - [TEST_STEP][PASSED] - selenium.click("name=convFeeNotifyAction"): null

2023-12-16 21:13:58 - [TEST_STEP][PASSED] - selenium.waitForPageToLoad("30000"): null

2023-12-16 21:13:59 - [TEST_STEP][PASSED] - Thread.sleep(8000): null

2023-12-16 21:14:07 - [TEST_STEP][PASSED] - verifyTextPresent("Successful Payment Receipt", true): Text 'Successful Payment Receipt' is present on page  using regular expression

2023-12-16 21:14:07 - [MESSAGE][PASSED] - Text 'Successful Payment Receipt' is present on page  using regular expression

2023-12-16 21:14:07 - [TEST_STEP][PASSED] - verifyTextPresent("Please print this receipt for your records", true): Text 'Please print this receipt for your records' is present on page  using regular expression

2023-12-16 21:14:08 - [MESSAGE][PASSED] - Text 'Please print this receipt for your records' is present on page  using regular expression

2023-12-16 21:14:08 - [TEST_STEP][PASSED] - verifyTextPresent("$100.00", false): Text '$100.00' is present on page 

2023-12-16 21:14:08 - [MESSAGE][PASSED] - Text '$100.00' is present on page 

2023-12-16 21:14:08 - [TEST_STEP][PASSED] - verifyTextPresent("$10.00", false): Text '$10.00' is present on page 

2023-12-16 21:14:08 - [MESSAGE][PASSED] - Text '$10.00' is present on page 

2023-12-16 21:14:08 - [TEST_STEP][PASSED] - verifyTextPresent("Dual Transaction", true): Text 'Dual Transaction' is present on page  using regular expression

2023-12-16 21:14:08 - [MESSAGE][PASSED] - Text 'Dual Transaction' is present on page  using regular expression

2023-12-16 21:14:08 - [TEST_STEP][PASSED] - verifyTextPresent("$110.00", false): Text '$110.00' is present on page 

2023-12-16 21:14:09 - [MESSAGE][PASSED] - Text '$110.00' is present on page 

2023-12-16 21:14:09 - [TEST_STEP][PASSED] - verifyTextPresent("Debit", true): Text 'Debit' is present on page  using regular expression

2023-12-16 21:14:09 - [MESSAGE][PASSED] - Text 'Debit' is present on page  using regular expression

2023-12-16 21:14:09 - [TEST_STEP][PASSED] - verifyTextPresent("Personal", true): Text 'Personal' is present on page  using regular expression

2023-12-16 21:14:09 - [MESSAGE][PASSED] - Text 'Personal' is present on page  using regular expression

2023-12-16 21:14:09 - [TEST_STEP][PASSED] - verifyTextPresent("Checking", true): Text 'Checking' is present on page  using regular expression

2023-12-16 21:14:10 - [MESSAGE][PASSED] - Text 'Checking' is present on page  using regular expression

2023-12-16 21:14:10 - [TEST_STEP][PASSED] - verifyTextPresent("1111", true): Text '1111' is present on page  using regular expression

2023-12-16 21:14:10 - [MESSAGE][PASSED] - Text '1111' is present on page  using regular expression

2023-12-16 21:14:10 - [TEST_STEP][PASSED] - verifyTextPresent("2691", true): Text '2691' is present on page  using regular expression

2023-12-16 21:14:10 - [MESSAGE][PASSED] - Text '2691' is present on page  using regular expression

2023-12-16 21:14:10 - [TEST_STEP][PASSED] - verifyTextPresent("MIKE CHINGITI", true): Text 'MIKE CHINGITI' is present on page  using regular expression

2023-12-16 21:14:11 - [MESSAGE][PASSED] - Text 'MIKE CHINGITI' is present on page  using regular expression

2023-12-16 21:14:11 - [TEST_STEP][PASSED] - verifyTextPresent("104 main road", true): Text '104 main road' is present on page  using regular expression

2023-12-16 21:14:11 - [MESSAGE][PASSED] - Text '104 main road' is present on page  using regular expression

2023-12-16 21:14:11 - [TEST_STEP][PASSED] - verifyTextPresent("United States", true): Text 'United States' is present on page  using regular expression

2023-12-16 21:14:11 - [MESSAGE][PASSED] - Text 'United States' is present on page  using regular expression

2023-12-16 21:14:11 - [TEST_STEP][PASSED] - verifyTextPresent("ARLINGTON", true): Text 'ARLINGTON' is present on page  using regular expression

2023-12-16 21:14:11 - [MESSAGE][PASSED] - Text 'ARLINGTON' is present on page  using regular expression

2023-12-16 21:14:11 - [TEST_STEP][PASSED] - verifyTextPresent("Virginia", true): Text 'Virginia' is present on page  using regular expression

2023-12-16 21:14:12 - [MESSAGE][PASSED] - Text 'Virginia' is present on page  using regular expression

2023-12-16 21:14:12 - [TEST_STEP][PASSED] - verifyTextPresent("22201", true): Text '22201' is present on page  using regular expression

2023-12-16 21:14:12 - [MESSAGE][PASSED] - Text '22201' is present on page  using regular expression

2023-12-16 21:14:12 - [TEST_STEP][PASSED] - println("End Test: DCFPercentageSuccessfulPC"): null]]></system-out>
         <system-err><![CDATA[]]></system-err>
      </testcase>
      <testcase name="Test Cases/IntegratedWeb/IWP23-SelIDE/DuplicateTransaction" time="8.825" classname="Test Cases/IntegratedWeb/IWP23-SelIDE/DuplicateTransaction" status="FAILED">
         <failure type="FAILED" message="Test Cases/IntegratedWeb/IWP23-SelIDE/DuplicateTransaction FAILED.
Reason:
com.kms.katalon.core.exception.StepFailedException: Text 'Vrelay2.5 - Error The following error occurred: &lt;br> Transaction cannot be processed [duplicate transaction]&lt;br> Please&amp;nbsp;&amp;nbsp;click here to continue' is not present on page  using regular expression (Root cause: com.kms.katalon.core.exception.StepFailedException: Text 'Vrelay2.5 - Error The following error occurred: &lt;br> Transaction cannot be processed [duplicate transaction]&lt;br> Please&amp;nbsp;&amp;nbsp;click here to continue' is not present on page  using regular expression
	at com.kms.katalon.core.webui.keyword.internal.WebUIKeywordMain.stepFailed(WebUIKeywordMain.groovy:64)
	at com.kms.katalon.core.webui.keyword.builtin.VerifyTextPresentKeyword$_verifyTextPresent_closure1.doCall(VerifyTextPresentKeyword.groovy:79)
	at com.kms.katalon.core.webui.keyword.builtin.VerifyTextPresentKeyword$_verifyTextPresent_closure1.call(VerifyTextPresentKeyword.groovy)
	at com.kms.katalon.core.webui.keyword.internal.WebUIKeywordMain.runKeyword(WebUIKeywordMain.groovy:20)
	at com.kms.katalon.core.webui.keyword.builtin.VerifyTextPresentKeyword.verifyTextPresent(VerifyTextPresentKeyword.groovy:83)
	at com.kms.katalon.core.webui.keyword.builtin.VerifyTextPresentKeyword.execute(VerifyTextPresentKeyword.groovy:68)
	at com.kms.katalon.core.keyword.internal.KeywordExecutor.executeKeywordForPlatform(KeywordExecutor.groovy:74)
	at com.kms.katalon.core.webui.keyword.WebUiBuiltInKeywords.verifyTextPresent(WebUiBuiltInKeywords.groovy:1723)
	at com.kms.katalon.core.webui.keyword.WebUiBuiltInKeywords$verifyTextPresent$0.call(Unknown Source)
	at DuplicateTransaction.run(DuplicateTransaction:100)
	at com.kms.katalon.core.main.ScriptEngine.run(ScriptEngine.java:194)
	at com.kms.katalon.core.main.ScriptEngine.runScriptAsRawText(ScriptEngine.java:119)
	at com.kms.katalon.core.main.TestCaseExecutor.runScript(TestCaseExecutor.java:448)
	at com.kms.katalon.core.main.TestCaseExecutor.doExecute(TestCaseExecutor.java:439)
	at com.kms.katalon.core.main.TestCaseExecutor.processExecutionPhase(TestCaseExecutor.java:418)
	at com.kms.katalon.core.main.TestCaseExecutor.accessMainPhase(TestCaseExecutor.java:410)
	at com.kms.katalon.core.main.TestCaseExecutor.execute(TestCaseExecutor.java:285)
	at com.kms.katalon.core.main.TestCaseExecutor.execute(TestCaseExecutor.java:369)
	at com.kms.katalon.core.main.TestCaseExecutor.execute(TestCaseExecutor.java:369)
	at com.kms.katalon.core.main.TestCaseExecutor.execute(TestCaseExecutor.java:369)
	at com.kms.katalon.core.common.CommonExecutor.accessTestCaseMainPhase(CommonExecutor.java:65)
	at com.kms.katalon.core.main.TestSuiteExecutor.accessTestSuiteMainPhase(TestSuiteExecutor.java:148)
	at com.kms.katalon.core.main.TestSuiteExecutor.execute(TestSuiteExecutor.java:106)
	at com.kms.katalon.core.main.TestCaseMain.startTestSuite(TestCaseMain.java:187)
	at com.kms.katalon.core.main.TestCaseMain$startTestSuite$0.call(Unknown Source)
	at TempTestSuite1702778440031.run(TempTestSuite1702778440031.groovy:36)
)
	at com.kms.katalon.core.keyword.internal.KeywordMain.stepFailed(KeywordMain.groovy:39)
	at com.kms.katalon.core.webui.keyword.internal.WebUIKeywordMain.stepFailed(WebUIKeywordMain.groovy:64)
	at com.kms.katalon.core.webui.keyword.builtin.VerifyTextPresentKeyword$_verifyTextPresent_closure1.doCall(VerifyTextPresentKeyword.groovy:79)
	at com.kms.katalon.core.webui.keyword.builtin.VerifyTextPresentKeyword$_verifyTextPresent_closure1.call(VerifyTextPresentKeyword.groovy)
	at com.kms.katalon.core.webui.keyword.internal.WebUIKeywordMain.runKeyword(WebUIKeywordMain.groovy:20)
	at com.kms.katalon.core.webui.keyword.builtin.VerifyTextPresentKeyword.verifyTextPresent(VerifyTextPresentKeyword.groovy:83)
	at com.kms.katalon.core.webui.keyword.builtin.VerifyTextPresentKeyword.execute(VerifyTextPresentKeyword.groovy:68)
	at com.kms.katalon.core.keyword.internal.KeywordExecutor.executeKeywordForPlatform(KeywordExecutor.groovy:74)
	at com.kms.katalon.core.webui.keyword.WebUiBuiltInKeywords.verifyTextPresent(WebUiBuiltInKeywords.groovy:1723)
	at com.kms.katalon.core.webui.keyword.WebUiBuiltInKeywords$verifyTextPresent$0.call(Unknown Source)
	at DuplicateTransaction.run(DuplicateTransaction:100)
	at com.kms.katalon.core.main.ScriptEngine.run(ScriptEngine.java:194)
	at com.kms.katalon.core.main.ScriptEngine.runScriptAsRawText(ScriptEngine.java:119)
	at com.kms.katalon.core.main.TestCaseExecutor.runScript(TestCaseExecutor.java:448)
	at com.kms.katalon.core.main.TestCaseExecutor.doExecute(TestCaseExecutor.java:439)
	at com.kms.katalon.core.main.TestCaseExecutor.processExecutionPhase(TestCaseExecutor.java:418)
	at com.kms.katalon.core.main.TestCaseExecutor.accessMainPhase(TestCaseExecutor.java:410)
	at com.kms.katalon.core.main.TestCaseExecutor.execute(TestCaseExecutor.java:285)
	at com.kms.katalon.core.main.TestCaseExecutor.execute(TestCaseExecutor.java:369)
	at com.kms.katalon.core.main.TestCaseExecutor.execute(TestCaseExecutor.java:369)
	at com.kms.katalon.core.main.TestCaseExecutor.execute(TestCaseExecutor.java:369)
	at com.kms.katalon.core.common.CommonExecutor.accessTestCaseMainPhase(CommonExecutor.java:65)
	at com.kms.katalon.core.main.TestSuiteExecutor.accessTestSuiteMainPhase(TestSuiteExecutor.java:148)
	at com.kms.katalon.core.main.TestSuiteExecutor.execute(TestSuiteExecutor.java:106)
	at com.kms.katalon.core.main.TestCaseMain.startTestSuite(TestCaseMain.java:187)
	at com.kms.katalon.core.main.TestCaseMain$startTestSuite$0.call(Unknown Source)
	at TempTestSuite1702778440031.run(TempTestSuite1702778440031.groovy:36)
Caused by: com.kms.katalon.core.exception.StepFailedException: Text 'Vrelay2.5 - Error The following error occurred: &lt;br> Transaction cannot be processed [duplicate transaction]&lt;br> Please&amp;nbsp;&amp;nbsp;click here to continue' is not present on page  using regular expression
	... 26 more
"/>
         <system-out><![CDATA[2023-12-16 21:14:39 - [TEST_CASE][FAILED] - Test Cases/IntegratedWeb/IWP23-SelIDE/DuplicateTransaction: Test Cases/IntegratedWeb/IWP23-SelIDE/DuplicateTransaction FAILED.
Reason:
com.kms.katalon.core.exception.StepFailedException: Text 'Vrelay2.5 - Error The following error occurred: <br> Transaction cannot be processed [duplicate transaction]<br> Please&nbsp;&nbsp;click here to continue' is not present on page  using regular expression (Root cause: com.kms.katalon.core.exception.StepFailedException: Text 'Vrelay2.5 - Error The following error occurred: <br> Transaction cannot be processed [duplicate transaction]<br> Please&nbsp;&nbsp;click here to continue' is not present on page  using regular expression
	at com.kms.katalon.core.webui.keyword.internal.WebUIKeywordMain.stepFailed(WebUIKeywordMain.groovy:64)
	at com.kms.katalon.core.webui.keyword.builtin.VerifyTextPresentKeyword$_verifyTextPresent_closure1.doCall(VerifyTextPresentKeyword.groovy:79)
	at com.kms.katalon.core.webui.keyword.builtin.VerifyTextPresentKeyword$_verifyTextPresent_closure1.call(VerifyTextPresentKeyword.groovy)
	at com.kms.katalon.core.webui.keyword.internal.WebUIKeywordMain.runKeyword(WebUIKeywordMain.groovy:20)
	at com.kms.katalon.core.webui.keyword.builtin.VerifyTextPresentKeyword.verifyTextPresent(VerifyTextPresentKeyword.groovy:83)
	at com.kms.katalon.core.webui.keyword.builtin.VerifyTextPresentKeyword.execute(VerifyTextPresentKeyword.groovy:68)
	at com.kms.katalon.core.keyword.internal.KeywordExecutor.executeKeywordForPlatform(KeywordExecutor.groovy:74)
	at com.kms.katalon.core.webui.keyword.WebUiBuiltInKeywords.verifyTextPresent(WebUiBuiltInKeywords.groovy:1723)
	at com.kms.katalon.core.webui.keyword.WebUiBuiltInKeywords$verifyTextPresent$0.call(Unknown Source)
	at DuplicateTransaction.run(DuplicateTransaction:100)
	at com.kms.katalon.core.main.ScriptEngine.run(ScriptEngine.java:194)
	at com.kms.katalon.core.main.ScriptEngine.runScriptAsRawText(ScriptEngine.java:119)
	at com.kms.katalon.core.main.TestCaseExecutor.runScript(TestCaseExecutor.java:448)
	at com.kms.katalon.core.main.TestCaseExecutor.doExecute(TestCaseExecutor.java:439)
	at com.kms.katalon.core.main.TestCaseExecutor.processExecutionPhase(TestCaseExecutor.java:418)
	at com.kms.katalon.core.main.TestCaseExecutor.accessMainPhase(TestCaseExecutor.java:410)
	at com.kms.katalon.core.main.TestCaseExecutor.execute(TestCaseExecutor.java:285)
	at com.kms.katalon.core.main.TestCaseExecutor.execute(TestCaseExecutor.java:369)
	at com.kms.katalon.core.main.TestCaseExecutor.execute(TestCaseExecutor.java:369)
	at com.kms.katalon.core.main.TestCaseExecutor.execute(TestCaseExecutor.java:369)
	at com.kms.katalon.core.common.CommonExecutor.accessTestCaseMainPhase(CommonExecutor.java:65)
	at com.kms.katalon.core.main.TestSuiteExecutor.accessTestSuiteMainPhase(TestSuiteExecutor.java:148)
	at com.kms.katalon.core.main.TestSuiteExecutor.execute(TestSuiteExecutor.java:106)
	at com.kms.katalon.core.main.TestCaseMain.startTestSuite(TestCaseMain.java:187)
	at com.kms.katalon.core.main.TestCaseMain$startTestSuite$0.call(Unknown Source)
	at TempTestSuite1702778440031.run(TempTestSuite1702778440031.groovy:36)
)
	at com.kms.katalon.core.keyword.internal.KeywordMain.stepFailed(KeywordMain.groovy:39)
	at com.kms.katalon.core.webui.keyword.internal.WebUIKeywordMain.stepFailed(WebUIKeywordMain.groovy:64)
	at com.kms.katalon.core.webui.keyword.builtin.VerifyTextPresentKeyword$_verifyTextPresent_closure1.doCall(VerifyTextPresentKeyword.groovy:79)
	at com.kms.katalon.core.webui.keyword.builtin.VerifyTextPresentKeyword$_verifyTextPresent_closure1.call(VerifyTextPresentKeyword.groovy)
	at com.kms.katalon.core.webui.keyword.internal.WebUIKeywordMain.runKeyword(WebUIKeywordMain.groovy:20)
	at com.kms.katalon.core.webui.keyword.builtin.VerifyTextPresentKeyword.verifyTextPresent(VerifyTextPresentKeyword.groovy:83)
	at com.kms.katalon.core.webui.keyword.builtin.VerifyTextPresentKeyword.execute(VerifyTextPresentKeyword.groovy:68)
	at com.kms.katalon.core.keyword.internal.KeywordExecutor.executeKeywordForPlatform(KeywordExecutor.groovy:74)
	at com.kms.katalon.core.webui.keyword.WebUiBuiltInKeywords.verifyTextPresent(WebUiBuiltInKeywords.groovy:1723)
	at com.kms.katalon.core.webui.keyword.WebUiBuiltInKeywords$verifyTextPresent$0.call(Unknown Source)
	at DuplicateTransaction.run(DuplicateTransaction:100)
	at com.kms.katalon.core.main.ScriptEngine.run(ScriptEngine.java:194)
	at com.kms.katalon.core.main.ScriptEngine.runScriptAsRawText(ScriptEngine.java:119)
	at com.kms.katalon.core.main.TestCaseExecutor.runScript(TestCaseExecutor.java:448)
	at com.kms.katalon.core.main.TestCaseExecutor.doExecute(TestCaseExecutor.java:439)
	at com.kms.katalon.core.main.TestCaseExecutor.processExecutionPhase(TestCaseExecutor.java:418)
	at com.kms.katalon.core.main.TestCaseExecutor.accessMainPhase(TestCaseExecutor.java:410)
	at com.kms.katalon.core.main.TestCaseExecutor.execute(TestCaseExecutor.java:285)
	at com.kms.katalon.core.main.TestCaseExecutor.execute(TestCaseExecutor.java:369)
	at com.kms.katalon.core.main.TestCaseExecutor.execute(TestCaseExecutor.java:369)
	at com.kms.katalon.core.main.TestCaseExecutor.execute(TestCaseExecutor.java:369)
	at com.kms.katalon.core.common.CommonExecutor.accessTestCaseMainPhase(CommonExecutor.java:65)
	at com.kms.katalon.core.main.TestSuiteExecutor.accessTestSuiteMainPhase(TestSuiteExecutor.java:148)
	at com.kms.katalon.core.main.TestSuiteExecutor.execute(TestSuiteExecutor.java:106)
	at com.kms.katalon.core.main.TestCaseMain.startTestSuite(TestCaseMain.java:187)
	at com.kms.katalon.core.main.TestCaseMain$startTestSuite$0.call(Unknown Source)
	at TempTestSuite1702778440031.run(TempTestSuite1702778440031.groovy:36)
Caused by: com.kms.katalon.core.exception.StepFailedException: Text 'Vrelay2.5 - Error The following error occurred: <br> Transaction cannot be processed [duplicate transaction]<br> Please&nbsp;&nbsp;click here to continue' is not present on page  using regular expression
	... 26 more


2023-12-16 21:14:39 - [TEST_STEP][PASSED] - softAssertion = new org.testng.asserts.SoftAssert(): null

2023-12-16 21:14:39 - [TEST_STEP][PASSED] - openBrowser("https://www.google.com/"): Browser is opened with url: 'https://www.google.com/'

2023-12-16 21:14:39 - [MESSAGE][WARNING] - A browser is already opened. Closing browser and opening a new one

2023-12-16 21:14:40 - [MESSAGE][INFO] - Starting 'Chrome' driver

2023-12-16 21:14:40 - [MESSAGE][INFO] - User set preference: ['acceptInsecureCerts', 'true']

2023-12-16 21:14:40 - [MESSAGE][INFO] - Action delay is set to 0 milliseconds

2023-12-16 21:14:43 - [MESSAGE][PASSED] - Browser is opened with url: 'https://www.google.com/'

2023-12-16 21:14:43 - [TEST_STEP][PASSED] - driver = getWebDriver(): null

2023-12-16 21:14:43 - [TEST_STEP][PASSED] - baseUrl = "https://www.google.com/": null

2023-12-16 21:14:43 - [TEST_STEP][PASSED] - selenium = new com.thoughtworks.selenium.webdriven.WebDriverBackedSelenium(driver, baseUrl): null

2023-12-16 21:14:43 - [TEST_STEP][PASSED] - println("Begin Test: Duplicate Transaction"): null

2023-12-16 21:14:43 - [TEST_STEP][PASSED] - emulatorURL = urlEmulator: null

2023-12-16 21:14:43 - [TEST_STEP][PASSED] - selenium.open(emulatorURL): null

2023-12-16 21:14:43 - [TEST_STEP][PASSED] - selenium.selectWindow("null"): null

2023-12-16 21:14:43 - [TEST_STEP][PASSED] - selenium.select("name=message_version", "label=2.3"): null

2023-12-16 21:14:44 - [TEST_STEP][PASSED] - selenium.waitForPageToLoad("30000"): null

2023-12-16 21:14:44 - [TEST_STEP][PASSED] - selenium.type("name=amount", 00".toString()): null

2023-12-16 21:14:44 - [TEST_STEP][PASSED] - selenium.type("name=client_account_number", "CAN12345"): null

2023-12-16 21:14:44 - [TEST_STEP][PASSED] - selenium.type("name=action_type", "PayNow"): null

2023-12-16 21:14:44 - [TEST_STEP][PASSED] - selenium.type("name=language", "en_US"): null

2023-12-16 21:14:44 - [TEST_STEP][PASSED] - selenium.type("name=billing_firstname", "Duplicate"): null

2023-12-16 21:14:44 - [TEST_STEP][PASSED] - selenium.type("name=billing_lastname", "Transaction"): null

2023-12-16 21:14:44 - [TEST_STEP][PASSED] - selenium.type("name=billing_address", "56 World Center Drive".toString()): null

2023-12-16 21:14:44 - [TEST_STEP][PASSED] - selenium.type("name=billing_address2", "Suite 600".toString()): null

2023-12-16 21:14:45 - [TEST_STEP][PASSED] - selenium.type("name=billing_country_id", "840"): null

2023-12-16 21:14:45 - [TEST_STEP][PASSED] - selenium.type("name=billing_city", "Orlando"): null

2023-12-16 21:14:45 - [TEST_STEP][PASSED] - selenium.type("name=billing_state", "NH"): null

2023-12-16 21:14:45 - [TEST_STEP][PASSED] - selenium.type("name=billing_zip", "03106"): null

2023-12-16 21:14:45 - [TEST_STEP][PASSED] - selenium.type("name=order_number", "PPPPOOOO"): null

2023-12-16 21:14:45 - [TEST_STEP][PASSED] - selenium.type("name=user_defined1", "udf1"): null

2023-12-16 21:14:45 - [TEST_STEP][PASSED] - selenium.type("name=user_defined2", "udf2"): null

2023-12-16 21:14:45 - [TEST_STEP][PASSED] - selenium.type("name=user_defined3", "udf3"): null

2023-12-16 21:14:45 - [TEST_STEP][PASSED] - selenium.type("name=user_defined4", "udf4"): null

2023-12-16 21:14:45 - [TEST_STEP][PASSED] - selenium.type("name=user_defined5", "udf5"): null

2023-12-16 21:14:45 - [TEST_STEP][PASSED] - selenium.click("name=submit"): null

2023-12-16 21:14:45 - [TEST_STEP][PASSED] - selenium.waitForPageToLoad("30000"): null

2023-12-16 21:14:46 - [TEST_STEP][PASSED] - testHarnessURL = urlTestHarness: null

2023-12-16 21:14:46 - [TEST_STEP][PASSED] - selenium.open(testHarnessURL): null

2023-12-16 21:14:46 - [TEST_STEP][PASSED] - selenium.type("name=application_id", "561"): null

2023-12-16 21:14:46 - [TEST_STEP][PASSED] - selenium.type("name=message_version", 3".toString()): null

2023-12-16 21:14:46 - [TEST_STEP][PASSED] - selenium.type("name=remittance_id", "1234567903"): null

2023-12-16 21:14:46 - [TEST_STEP][PASSED] - selenium.click("css=input.formSubmit"): null

2023-12-16 21:14:47 - [TEST_STEP][PASSED] - selenium.waitForPageToLoad("30000"): null

2023-12-16 21:14:47 - [TEST_STEP][FAILED] - verifyTextPresent("Vrelay2.5 - Error The following error occurred: <br> Transaction cannot be processed [duplicate transaction]<br> Please&nbsp;&nbsp;click here to continue", true): Text 'Vrelay2.5 - Error The following error occurred: <br> Transaction cannot be processed [duplicate transaction]<br> Please&nbsp;&nbsp;click here to continue' is not present on page  using regular expression (Root cause: com.kms.katalon.core.exception.StepFailedException: Text 'Vrelay2.5 - Error The following error occurred: <br> Transaction cannot be processed [duplicate transaction]<br> Please&nbsp;&nbsp;click here to continue' is not present on page  using regular expression
	at com.kms.katalon.core.webui.keyword.internal.WebUIKeywordMain.stepFailed(WebUIKeywordMain.groovy:64)
	at com.kms.katalon.core.webui.keyword.builtin.VerifyTextPresentKeyword$_verifyTextPresent_closure1.doCall(VerifyTextPresentKeyword.groovy:79)
	at com.kms.katalon.core.webui.keyword.builtin.VerifyTextPresentKeyword$_verifyTextPresent_closure1.call(VerifyTextPresentKeyword.groovy)
	at com.kms.katalon.core.webui.keyword.internal.WebUIKeywordMain.runKeyword(WebUIKeywordMain.groovy:20)
	at com.kms.katalon.core.webui.keyword.builtin.VerifyTextPresentKeyword.verifyTextPresent(VerifyTextPresentKeyword.groovy:83)
	at com.kms.katalon.core.webui.keyword.builtin.VerifyTextPresentKeyword.execute(VerifyTextPresentKeyword.groovy:68)
	at com.kms.katalon.core.keyword.internal.KeywordExecutor.executeKeywordForPlatform(KeywordExecutor.groovy:74)
	at com.kms.katalon.core.webui.keyword.WebUiBuiltInKeywords.verifyTextPresent(WebUiBuiltInKeywords.groovy:1723)
	at com.kms.katalon.core.webui.keyword.WebUiBuiltInKeywords$verifyTextPresent$0.call(Unknown Source)
	at DuplicateTransaction.run(DuplicateTransaction:100)
	at com.kms.katalon.core.main.ScriptEngine.run(ScriptEngine.java:194)
	at com.kms.katalon.core.main.ScriptEngine.runScriptAsRawText(ScriptEngine.java:119)
	at com.kms.katalon.core.main.TestCaseExecutor.runScript(TestCaseExecutor.java:448)
	at com.kms.katalon.core.main.TestCaseExecutor.doExecute(TestCaseExecutor.java:439)
	at com.kms.katalon.core.main.TestCaseExecutor.processExecutionPhase(TestCaseExecutor.java:418)
	at com.kms.katalon.core.main.TestCaseExecutor.accessMainPhase(TestCaseExecutor.java:410)
	at com.kms.katalon.core.main.TestCaseExecutor.execute(TestCaseExecutor.java:285)
	at com.kms.katalon.core.main.TestCaseExecutor.execute(TestCaseExecutor.java:369)
	at com.kms.katalon.core.main.TestCaseExecutor.execute(TestCaseExecutor.java:369)
	at com.kms.katalon.core.main.TestCaseExecutor.execute(TestCaseExecutor.java:369)
	at com.kms.katalon.core.common.CommonExecutor.accessTestCaseMainPhase(CommonExecutor.java:65)
	at com.kms.katalon.core.main.TestSuiteExecutor.accessTestSuiteMainPhase(TestSuiteExecutor.java:148)
	at com.kms.katalon.core.main.TestSuiteExecutor.execute(TestSuiteExecutor.java:106)
	at com.kms.katalon.core.main.TestCaseMain.startTestSuite(TestCaseMain.java:187)
	at com.kms.katalon.core.main.TestCaseMain$startTestSuite$0.call(Unknown Source)
	at TempTestSuite1702778440031.run(TempTestSuite1702778440031.groovy:36)
)

2023-12-16 21:14:48 - [MESSAGE][FAILED] - Text 'Vrelay2.5 - Error The following error occurred: <br> Transaction cannot be processed [duplicate transaction]<br> Please&nbsp;&nbsp;click here to continue' is not present on page  using regular expression (Root cause: com.kms.katalon.core.exception.StepFailedException: Text 'Vrelay2.5 - Error The following error occurred: <br> Transaction cannot be processed [duplicate transaction]<br> Please&nbsp;&nbsp;click here to continue' is not present on page  using regular expression
	at com.kms.katalon.core.webui.keyword.internal.WebUIKeywordMain.stepFailed(WebUIKeywordMain.groovy:64)
	at com.kms.katalon.core.webui.keyword.builtin.VerifyTextPresentKeyword$_verifyTextPresent_closure1.doCall(VerifyTextPresentKeyword.groovy:79)
	at com.kms.katalon.core.webui.keyword.builtin.VerifyTextPresentKeyword$_verifyTextPresent_closure1.call(VerifyTextPresentKeyword.groovy)
	at com.kms.katalon.core.webui.keyword.internal.WebUIKeywordMain.runKeyword(WebUIKeywordMain.groovy:20)
	at com.kms.katalon.core.webui.keyword.builtin.VerifyTextPresentKeyword.verifyTextPresent(VerifyTextPresentKeyword.groovy:83)
	at com.kms.katalon.core.webui.keyword.builtin.VerifyTextPresentKeyword.execute(VerifyTextPresentKeyword.groovy:68)
	at com.kms.katalon.core.keyword.internal.KeywordExecutor.executeKeywordForPlatform(KeywordExecutor.groovy:74)
	at com.kms.katalon.core.webui.keyword.WebUiBuiltInKeywords.verifyTextPresent(WebUiBuiltInKeywords.groovy:1723)
	at com.kms.katalon.core.webui.keyword.WebUiBuiltInKeywords$verifyTextPresent$0.call(Unknown Source)
	at DuplicateTransaction.run(DuplicateTransaction:100)
	at com.kms.katalon.core.main.ScriptEngine.run(ScriptEngine.java:194)
	at com.kms.katalon.core.main.ScriptEngine.runScriptAsRawText(ScriptEngine.java:119)
	at com.kms.katalon.core.main.TestCaseExecutor.runScript(TestCaseExecutor.java:448)
	at com.kms.katalon.core.main.TestCaseExecutor.doExecute(TestCaseExecutor.java:439)
	at com.kms.katalon.core.main.TestCaseExecutor.processExecutionPhase(TestCaseExecutor.java:418)
	at com.kms.katalon.core.main.TestCaseExecutor.accessMainPhase(TestCaseExecutor.java:410)
	at com.kms.katalon.core.main.TestCaseExecutor.execute(TestCaseExecutor.java:285)
	at com.kms.katalon.core.main.TestCaseExecutor.execute(TestCaseExecutor.java:369)
	at com.kms.katalon.core.main.TestCaseExecutor.execute(TestCaseExecutor.java:369)
	at com.kms.katalon.core.main.TestCaseExecutor.execute(TestCaseExecutor.java:369)
	at com.kms.katalon.core.common.CommonExecutor.accessTestCaseMainPhase(CommonExecutor.java:65)
	at com.kms.katalon.core.main.TestSuiteExecutor.accessTestSuiteMainPhase(TestSuiteExecutor.java:148)
	at com.kms.katalon.core.main.TestSuiteExecutor.execute(TestSuiteExecutor.java:106)
	at com.kms.katalon.core.main.TestCaseMain.startTestSuite(TestCaseMain.java:187)
	at com.kms.katalon.core.main.TestCaseMain$startTestSuite$0.call(Unknown Source)
	at TempTestSuite1702778440031.run(TempTestSuite1702778440031.groovy:36)
)

2023-12-16 21:14:48 - [TEST_STEP][PASSED] - println("End Test: Duplicate Transaction"): null]]></system-out>
         <system-err><![CDATA[2023-12-16 21:14:39 - [TEST_CASE][FAILED] - Test Cases/IntegratedWeb/IWP23-SelIDE/DuplicateTransaction: Test Cases/IntegratedWeb/IWP23-SelIDE/DuplicateTransaction FAILED.
Reason:
com.kms.katalon.core.exception.StepFailedException: Text 'Vrelay2.5 - Error The following error occurred: <br> Transaction cannot be processed [duplicate transaction]<br> Please&nbsp;&nbsp;click here to continue' is not present on page  using regular expression (Root cause: com.kms.katalon.core.exception.StepFailedException: Text 'Vrelay2.5 - Error The following error occurred: <br> Transaction cannot be processed [duplicate transaction]<br> Please&nbsp;&nbsp;click here to continue' is not present on page  using regular expression
	at com.kms.katalon.core.webui.keyword.internal.WebUIKeywordMain.stepFailed(WebUIKeywordMain.groovy:64)
	at com.kms.katalon.core.webui.keyword.builtin.VerifyTextPresentKeyword$_verifyTextPresent_closure1.doCall(VerifyTextPresentKeyword.groovy:79)
	at com.kms.katalon.core.webui.keyword.builtin.VerifyTextPresentKeyword$_verifyTextPresent_closure1.call(VerifyTextPresentKeyword.groovy)
	at com.kms.katalon.core.webui.keyword.internal.WebUIKeywordMain.runKeyword(WebUIKeywordMain.groovy:20)
	at com.kms.katalon.core.webui.keyword.builtin.VerifyTextPresentKeyword.verifyTextPresent(VerifyTextPresentKeyword.groovy:83)
	at com.kms.katalon.core.webui.keyword.builtin.VerifyTextPresentKeyword.execute(VerifyTextPresentKeyword.groovy:68)
	at com.kms.katalon.core.keyword.internal.KeywordExecutor.executeKeywordForPlatform(KeywordExecutor.groovy:74)
	at com.kms.katalon.core.webui.keyword.WebUiBuiltInKeywords.verifyTextPresent(WebUiBuiltInKeywords.groovy:1723)
	at com.kms.katalon.core.webui.keyword.WebUiBuiltInKeywords$verifyTextPresent$0.call(Unknown Source)
	at DuplicateTransaction.run(DuplicateTransaction:100)
	at com.kms.katalon.core.main.ScriptEngine.run(ScriptEngine.java:194)
	at com.kms.katalon.core.main.ScriptEngine.runScriptAsRawText(ScriptEngine.java:119)
	at com.kms.katalon.core.main.TestCaseExecutor.runScript(TestCaseExecutor.java:448)
	at com.kms.katalon.core.main.TestCaseExecutor.doExecute(TestCaseExecutor.java:439)
	at com.kms.katalon.core.main.TestCaseExecutor.processExecutionPhase(TestCaseExecutor.java:418)
	at com.kms.katalon.core.main.TestCaseExecutor.accessMainPhase(TestCaseExecutor.java:410)
	at com.kms.katalon.core.main.TestCaseExecutor.execute(TestCaseExecutor.java:285)
	at com.kms.katalon.core.main.TestCaseExecutor.execute(TestCaseExecutor.java:369)
	at com.kms.katalon.core.main.TestCaseExecutor.execute(TestCaseExecutor.java:369)
	at com.kms.katalon.core.main.TestCaseExecutor.execute(TestCaseExecutor.java:369)
	at com.kms.katalon.core.common.CommonExecutor.accessTestCaseMainPhase(CommonExecutor.java:65)
	at com.kms.katalon.core.main.TestSuiteExecutor.accessTestSuiteMainPhase(TestSuiteExecutor.java:148)
	at com.kms.katalon.core.main.TestSuiteExecutor.execute(TestSuiteExecutor.java:106)
	at com.kms.katalon.core.main.TestCaseMain.startTestSuite(TestCaseMain.java:187)
	at com.kms.katalon.core.main.TestCaseMain$startTestSuite$0.call(Unknown Source)
	at TempTestSuite1702778440031.run(TempTestSuite1702778440031.groovy:36)
)
	at com.kms.katalon.core.keyword.internal.KeywordMain.stepFailed(KeywordMain.groovy:39)
	at com.kms.katalon.core.webui.keyword.internal.WebUIKeywordMain.stepFailed(WebUIKeywordMain.groovy:64)
	at com.kms.katalon.core.webui.keyword.builtin.VerifyTextPresentKeyword$_verifyTextPresent_closure1.doCall(VerifyTextPresentKeyword.groovy:79)
	at com.kms.katalon.core.webui.keyword.builtin.VerifyTextPresentKeyword$_verifyTextPresent_closure1.call(VerifyTextPresentKeyword.groovy)
	at com.kms.katalon.core.webui.keyword.internal.WebUIKeywordMain.runKeyword(WebUIKeywordMain.groovy:20)
	at com.kms.katalon.core.webui.keyword.builtin.VerifyTextPresentKeyword.verifyTextPresent(VerifyTextPresentKeyword.groovy:83)
	at com.kms.katalon.core.webui.keyword.builtin.VerifyTextPresentKeyword.execute(VerifyTextPresentKeyword.groovy:68)
	at com.kms.katalon.core.keyword.internal.KeywordExecutor.executeKeywordForPlatform(KeywordExecutor.groovy:74)
	at com.kms.katalon.core.webui.keyword.WebUiBuiltInKeywords.verifyTextPresent(WebUiBuiltInKeywords.groovy:1723)
	at com.kms.katalon.core.webui.keyword.WebUiBuiltInKeywords$verifyTextPresent$0.call(Unknown Source)
	at DuplicateTransaction.run(DuplicateTransaction:100)
	at com.kms.katalon.core.main.ScriptEngine.run(ScriptEngine.java:194)
	at com.kms.katalon.core.main.ScriptEngine.runScriptAsRawText(ScriptEngine.java:119)
	at com.kms.katalon.core.main.TestCaseExecutor.runScript(TestCaseExecutor.java:448)
	at com.kms.katalon.core.main.TestCaseExecutor.doExecute(TestCaseExecutor.java:439)
	at com.kms.katalon.core.main.TestCaseExecutor.processExecutionPhase(TestCaseExecutor.java:418)
	at com.kms.katalon.core.main.TestCaseExecutor.accessMainPhase(TestCaseExecutor.java:410)
	at com.kms.katalon.core.main.TestCaseExecutor.execute(TestCaseExecutor.java:285)
	at com.kms.katalon.core.main.TestCaseExecutor.execute(TestCaseExecutor.java:369)
	at com.kms.katalon.core.main.TestCaseExecutor.execute(TestCaseExecutor.java:369)
	at com.kms.katalon.core.main.TestCaseExecutor.execute(TestCaseExecutor.java:369)
	at com.kms.katalon.core.common.CommonExecutor.accessTestCaseMainPhase(CommonExecutor.java:65)
	at com.kms.katalon.core.main.TestSuiteExecutor.accessTestSuiteMainPhase(TestSuiteExecutor.java:148)
	at com.kms.katalon.core.main.TestSuiteExecutor.execute(TestSuiteExecutor.java:106)
	at com.kms.katalon.core.main.TestCaseMain.startTestSuite(TestCaseMain.java:187)
	at com.kms.katalon.core.main.TestCaseMain$startTestSuite$0.call(Unknown Source)
	at TempTestSuite1702778440031.run(TempTestSuite1702778440031.groovy:36)
Caused by: com.kms.katalon.core.exception.StepFailedException: Text 'Vrelay2.5 - Error The following error occurred: <br> Transaction cannot be processed [duplicate transaction]<br> Please&nbsp;&nbsp;click here to continue' is not present on page  using regular expression
	... 26 more]]></system-err>
      </testcase>
      <testcase name="Test Cases/IntegratedWeb/IWP23-SelIDE/MaximumAmountErrorCC" time="12.263" classname="Test Cases/IntegratedWeb/IWP23-SelIDE/MaximumAmountErrorCC" status="ERROR">
         <error type="ERROR" message="Test Cases/IntegratedWeb/IWP23-SelIDE/MaximumAmountErrorCC FAILED.
Reason:
com.thoughtworks.selenium.SeleniumException: Element name=variableField4DropdownGroupItemID not found
	at com.thoughtworks.selenium.webdriven.ElementFinder.findElement(ElementFinder.java:93)
	at com.thoughtworks.selenium.webdriven.commands.SeleniumSelect.&lt;init>(SeleniumSelect.java:48)
	at com.thoughtworks.selenium.webdriven.commands.SelectOption.handleSeleneseCommand(SelectOption.java:41)
	at com.thoughtworks.selenium.webdriven.commands.SelectOption.handleSeleneseCommand(SelectOption.java:26)
	at com.thoughtworks.selenium.webdriven.SeleneseCommand.apply(SeleneseCommand.java:39)
	at com.thoughtworks.selenium.webdriven.Timer.run(Timer.java:41)
	at com.thoughtworks.selenium.webdriven.WebDriverCommandProcessor.execute(WebDriverCommandProcessor.java:150)
	at com.thoughtworks.selenium.webdriven.WebDriverCommandProcessor.doCommand(WebDriverCommandProcessor.java:76)
	at com.thoughtworks.selenium.DefaultSelenium.select(DefaultSelenium.java:350)
	at com.thoughtworks.selenium.Selenium$select$0.call(Unknown Source)
	at MaximumAmountErrorCC.run(MaximumAmountErrorCC:112)
	at com.kms.katalon.core.main.ScriptEngine.run(ScriptEngine.java:194)
	at com.kms.katalon.core.main.ScriptEngine.runScriptAsRawText(ScriptEngine.java:119)
	at com.kms.katalon.core.main.TestCaseExecutor.runScript(TestCaseExecutor.java:448)
	at com.kms.katalon.core.main.TestCaseExecutor.doExecute(TestCaseExecutor.java:439)
	at com.kms.katalon.core.main.TestCaseExecutor.processExecutionPhase(TestCaseExecutor.java:418)
	at com.kms.katalon.core.main.TestCaseExecutor.accessMainPhase(TestCaseExecutor.java:410)
	at com.kms.katalon.core.main.TestCaseExecutor.execute(TestCaseExecutor.java:285)
	at com.kms.katalon.core.main.TestCaseExecutor.execute(TestCaseExecutor.java:369)
	at com.kms.katalon.core.main.TestCaseExecutor.execute(TestCaseExecutor.java:369)
	at com.kms.katalon.core.main.TestCaseExecutor.execute(TestCaseExecutor.java:369)
	at com.kms.katalon.core.common.CommonExecutor.accessTestCaseMainPhase(CommonExecutor.java:65)
	at com.kms.katalon.core.main.TestSuiteExecutor.accessTestSuiteMainPhase(TestSuiteExecutor.java:148)
	at com.kms.katalon.core.main.TestSuiteExecutor.execute(TestSuiteExecutor.java:106)
	at com.kms.katalon.core.main.TestCaseMain.startTestSuite(TestCaseMain.java:187)
	at com.kms.katalon.core.main.TestCaseMain$startTestSuite$0.call(Unknown Source)
	at TempTestSuite1702778440031.run(TempTestSuite1702778440031.groovy:36)
Caused by: org.openqa.selenium.JavascriptException: javascript error: Element name=variableField4DropdownGroupItemID not found
  (Session info: chrome=120.0.6099.109)
Build info: version: '3.141.59', revision: 'e82be7d358', time: '2018-11-14T08:25:53'
System info: host: 'DESKTOP-B2QI6NS', ip: '172.31.253.139', os.name: 'Windows 10', os.arch: 'amd64', os.version: '10.0', java.version: '1.8.0_181'
Driver info: com.kms.katalon.selenium.driver.CChromeDriver
Capabilities {acceptInsecureCerts: true, browserName: chrome, browserVersion: 120.0.6099.109, chrome: {chromedriverVersion: 119.0.6045.105 (38c72552c5e..., userDataDir: C:\Users\imtiaz\AppData\Loc...}, fedcm:accounts: true, goog:chromeOptions: {debuggerAddress: localhost:55614}, javascriptEnabled: true, networkConnectionEnabled: false, pageLoadStrategy: normal, platform: WINDOWS, platformName: WINDOWS, proxy: Proxy(), setWindowRect: true, strictFileInteractability: false, timeouts: {implicit: 0, pageLoad: 300000, script: 30000}, unhandledPromptBehavior: dismiss and notify, webauthn:extension:credBlob: true, webauthn:extension:largeBlob: true, webauthn:extension:minPinLength: true, webauthn:extension:prf: true, webauthn:virtualAuthenticators: true}
Session ID: 9470b297aa7b9b3964c463e0fc102685
	at org.openqa.selenium.remote.http.W3CHttpResponseCodec.createException(W3CHttpResponseCodec.java:187)
	at org.openqa.selenium.remote.http.W3CHttpResponseCodec.decode(W3CHttpResponseCodec.java:122)
	at org.openqa.selenium.remote.http.W3CHttpResponseCodec.decode(W3CHttpResponseCodec.java:49)
	at org.openqa.selenium.remote.HttpCommandExecutor.execute(HttpCommandExecutor.java:158)
	at org.openqa.selenium.remote.service.DriverCommandExecutor.execute(DriverCommandExecutor.java:83)
	at org.openqa.selenium.remote.RemoteWebDriver.execute(RemoteWebDriver.java:552)
	at com.kms.katalon.selenium.driver.CChromeDriver.execute(CChromeDriver.java:19)
	at org.openqa.selenium.remote.RemoteWebDriver.executeScript(RemoteWebDriver.java:489)
	at org.openqa.selenium.support.events.EventFiringWebDriver.lambda$new$1(EventFiringWebDriver.java:105)
	at com.sun.proxy.$Proxy10.executeScript(Unknown Source)
	at org.openqa.selenium.support.events.EventFiringWebDriver.executeScript(EventFiringWebDriver.java:229)
	at com.thoughtworks.selenium.webdriven.ElementFinder.findElement(ElementFinder.java:91)
	... 26 more
"/>
         <system-out><![CDATA[2023-12-16 21:15:26 - [TEST_CASE][ERROR] - Test Cases/IntegratedWeb/IWP23-SelIDE/MaximumAmountErrorCC: Test Cases/IntegratedWeb/IWP23-SelIDE/MaximumAmountErrorCC FAILED.
Reason:
com.thoughtworks.selenium.SeleniumException: Element name=variableField4DropdownGroupItemID not found
	at com.thoughtworks.selenium.webdriven.ElementFinder.findElement(ElementFinder.java:93)
	at com.thoughtworks.selenium.webdriven.commands.SeleniumSelect.<init>(SeleniumSelect.java:48)
	at com.thoughtworks.selenium.webdriven.commands.SelectOption.handleSeleneseCommand(SelectOption.java:41)
	at com.thoughtworks.selenium.webdriven.commands.SelectOption.handleSeleneseCommand(SelectOption.java:26)
	at com.thoughtworks.selenium.webdriven.SeleneseCommand.apply(SeleneseCommand.java:39)
	at com.thoughtworks.selenium.webdriven.Timer.run(Timer.java:41)
	at com.thoughtworks.selenium.webdriven.WebDriverCommandProcessor.execute(WebDriverCommandProcessor.java:150)
	at com.thoughtworks.selenium.webdriven.WebDriverCommandProcessor.doCommand(WebDriverCommandProcessor.java:76)
	at com.thoughtworks.selenium.DefaultSelenium.select(DefaultSelenium.java:350)
	at com.thoughtworks.selenium.Selenium$select$0.call(Unknown Source)
	at MaximumAmountErrorCC.run(MaximumAmountErrorCC:112)
	at com.kms.katalon.core.main.ScriptEngine.run(ScriptEngine.java:194)
	at com.kms.katalon.core.main.ScriptEngine.runScriptAsRawText(ScriptEngine.java:119)
	at com.kms.katalon.core.main.TestCaseExecutor.runScript(TestCaseExecutor.java:448)
	at com.kms.katalon.core.main.TestCaseExecutor.doExecute(TestCaseExecutor.java:439)
	at com.kms.katalon.core.main.TestCaseExecutor.processExecutionPhase(TestCaseExecutor.java:418)
	at com.kms.katalon.core.main.TestCaseExecutor.accessMainPhase(TestCaseExecutor.java:410)
	at com.kms.katalon.core.main.TestCaseExecutor.execute(TestCaseExecutor.java:285)
	at com.kms.katalon.core.main.TestCaseExecutor.execute(TestCaseExecutor.java:369)
	at com.kms.katalon.core.main.TestCaseExecutor.execute(TestCaseExecutor.java:369)
	at com.kms.katalon.core.main.TestCaseExecutor.execute(TestCaseExecutor.java:369)
	at com.kms.katalon.core.common.CommonExecutor.accessTestCaseMainPhase(CommonExecutor.java:65)
	at com.kms.katalon.core.main.TestSuiteExecutor.accessTestSuiteMainPhase(TestSuiteExecutor.java:148)
	at com.kms.katalon.core.main.TestSuiteExecutor.execute(TestSuiteExecutor.java:106)
	at com.kms.katalon.core.main.TestCaseMain.startTestSuite(TestCaseMain.java:187)
	at com.kms.katalon.core.main.TestCaseMain$startTestSuite$0.call(Unknown Source)
	at TempTestSuite1702778440031.run(TempTestSuite1702778440031.groovy:36)
Caused by: org.openqa.selenium.JavascriptException: javascript error: Element name=variableField4DropdownGroupItemID not found
  (Session info: chrome=120.0.6099.109)
Build info: version: '3.141.59', revision: 'e82be7d358', time: '2018-11-14T08:25:53'
System info: host: 'DESKTOP-B2QI6NS', ip: '172.31.253.139', os.name: 'Windows 10', os.arch: 'amd64', os.version: '10.0', java.version: '1.8.0_181'
Driver info: com.kms.katalon.selenium.driver.CChromeDriver
Capabilities {acceptInsecureCerts: true, browserName: chrome, browserVersion: 120.0.6099.109, chrome: {chromedriverVersion: 119.0.6045.105 (38c72552c5e..., userDataDir: C:\Users\imtiaz\AppData\Loc...}, fedcm:accounts: true, goog:chromeOptions: {debuggerAddress: localhost:55614}, javascriptEnabled: true, networkConnectionEnabled: false, pageLoadStrategy: normal, platform: WINDOWS, platformName: WINDOWS, proxy: Proxy(), setWindowRect: true, strictFileInteractability: false, timeouts: {implicit: 0, pageLoad: 300000, script: 30000}, unhandledPromptBehavior: dismiss and notify, webauthn:extension:credBlob: true, webauthn:extension:largeBlob: true, webauthn:extension:minPinLength: true, webauthn:extension:prf: true, webauthn:virtualAuthenticators: true}
Session ID: 9470b297aa7b9b3964c463e0fc102685
	at org.openqa.selenium.remote.http.W3CHttpResponseCodec.createException(W3CHttpResponseCodec.java:187)
	at org.openqa.selenium.remote.http.W3CHttpResponseCodec.decode(W3CHttpResponseCodec.java:122)
	at org.openqa.selenium.remote.http.W3CHttpResponseCodec.decode(W3CHttpResponseCodec.java:49)
	at org.openqa.selenium.remote.HttpCommandExecutor.execute(HttpCommandExecutor.java:158)
	at org.openqa.selenium.remote.service.DriverCommandExecutor.execute(DriverCommandExecutor.java:83)
	at org.openqa.selenium.remote.RemoteWebDriver.execute(RemoteWebDriver.java:552)
	at com.kms.katalon.selenium.driver.CChromeDriver.execute(CChromeDriver.java:19)
	at org.openqa.selenium.remote.RemoteWebDriver.executeScript(RemoteWebDriver.java:489)
	at org.openqa.selenium.support.events.EventFiringWebDriver.lambda$new$1(EventFiringWebDriver.java:105)
	at com.sun.proxy.$Proxy10.executeScript(Unknown Source)
	at org.openqa.selenium.support.events.EventFiringWebDriver.executeScript(EventFiringWebDriver.java:229)
	at com.thoughtworks.selenium.webdriven.ElementFinder.findElement(ElementFinder.java:91)
	... 26 more


2023-12-16 21:15:26 - [TEST_STEP][PASSED] - softAssertion = new org.testng.asserts.SoftAssert(): null

2023-12-16 21:15:26 - [TEST_STEP][PASSED] - openBrowser("https://www.google.com/"): Browser is opened with url: 'https://www.google.com/'

2023-12-16 21:15:26 - [MESSAGE][WARNING] - A browser is already opened. Closing browser and opening a new one

2023-12-16 21:15:27 - [MESSAGE][INFO] - Starting 'Chrome' driver

2023-12-16 21:15:27 - [MESSAGE][INFO] - User set preference: ['acceptInsecureCerts', 'true']

2023-12-16 21:15:27 - [MESSAGE][INFO] - Action delay is set to 0 milliseconds

2023-12-16 21:15:30 - [MESSAGE][PASSED] - Browser is opened with url: 'https://www.google.com/'

2023-12-16 21:15:30 - [TEST_STEP][PASSED] - driver = getWebDriver(): null

2023-12-16 21:15:30 - [TEST_STEP][PASSED] - baseUrl = "https://www.google.com/": null

2023-12-16 21:15:30 - [TEST_STEP][PASSED] - selenium = new com.thoughtworks.selenium.webdriven.WebDriverBackedSelenium(driver, baseUrl): null

2023-12-16 21:15:30 - [TEST_STEP][PASSED] - println("Begin Test: MaximumAmountErrorCC"): null

2023-12-16 21:15:30 - [TEST_STEP][PASSED] - emulatorURL = urlEmulator: null

2023-12-16 21:15:30 - [TEST_STEP][PASSED] - selenium.open(emulatorURL): null

2023-12-16 21:15:30 - [TEST_STEP][PASSED] - selenium.selectWindow("null"): null

2023-12-16 21:15:30 - [TEST_STEP][PASSED] - selenium.select("name=message_version", "label=2.3"): null

2023-12-16 21:15:30 - [TEST_STEP][PASSED] - selenium.waitForPageToLoad("30000"): null

2023-12-16 21:15:31 - [TEST_STEP][PASSED] - selenium.type("name=amount", 00".toString()): null

2023-12-16 21:15:31 - [TEST_STEP][PASSED] - selenium.type("name=client_account_number", "CAN12345"): null

2023-12-16 21:15:31 - [TEST_STEP][PASSED] - selenium.type("name=action_type", "PayNow"): null

2023-12-16 21:15:31 - [TEST_STEP][PASSED] - selenium.type("name=language", "en_US"): null

2023-12-16 21:15:31 - [TEST_STEP][PASSED] - selenium.type("name=billing_firstname", "Mandy"): null

2023-12-16 21:15:31 - [TEST_STEP][PASSED] - selenium.type("name=billing_lastname", "Iguera"): null

2023-12-16 21:15:31 - [TEST_STEP][PASSED] - selenium.type("name=billing_address", "56 World Center Drive".toString()): null

2023-12-16 21:15:31 - [TEST_STEP][PASSED] - selenium.type("name=billing_address2", "Suite 600".toString()): null

2023-12-16 21:15:31 - [TEST_STEP][PASSED] - selenium.type("name=billing_country_id", "840"): null

2023-12-16 21:15:31 - [TEST_STEP][PASSED] - selenium.type("name=billing_city", "Orlando"): null

2023-12-16 21:15:31 - [TEST_STEP][PASSED] - selenium.type("name=billing_state", "NH"): null

2023-12-16 21:15:31 - [TEST_STEP][PASSED] - selenium.type("name=billing_zip", "03106"): null

2023-12-16 21:15:32 - [TEST_STEP][PASSED] - selenium.type("name=order_number", "PPPPOOOO"): null

2023-12-16 21:15:32 - [TEST_STEP][PASSED] - selenium.type("name=user_defined1", "udf1"): null

2023-12-16 21:15:32 - [TEST_STEP][PASSED] - selenium.type("name=user_defined2", "udf2"): null

2023-12-16 21:15:32 - [TEST_STEP][PASSED] - selenium.type("name=user_defined3", "udf3"): null

2023-12-16 21:15:32 - [TEST_STEP][PASSED] - selenium.type("name=user_defined4", "Orange Label".toString()): null

2023-12-16 21:15:32 - [TEST_STEP][PASSED] - selenium.type("name=user_defined5", "Soccer Label".toString()): null

2023-12-16 21:15:32 - [TEST_STEP][PASSED] - selenium.click("name=submit"): null

2023-12-16 21:15:32 - [TEST_STEP][PASSED] - selenium.waitForPageToLoad("30000"): null

2023-12-16 21:15:33 - [TEST_STEP][PASSED] - Thread.sleep(2000): null

2023-12-16 21:15:35 - [TEST_STEP][PASSED] - testHarnessURL = urlTestHarness: null

2023-12-16 21:15:35 - [TEST_STEP][PASSED] - selenium.open(testHarnessURL): null

2023-12-16 21:15:35 - [TEST_STEP][PASSED] - selenium.type("name=application_id", "635"): null

2023-12-16 21:15:35 - [TEST_STEP][PASSED] - selenium.type("name=message_version", 3".toString()): null

2023-12-16 21:15:35 - [TEST_STEP][PASSED] - genRemIDVoid = RandomStringUtils.random(12, true, true): null

2023-12-16 21:15:35 - [TEST_STEP][PASSED] - selenium.type("name=remittance_id", genRemIDVoid): null

2023-12-16 21:15:35 - [TEST_STEP][PASSED] - selenium.click("css=input.formSubmit"): null

2023-12-16 21:15:36 - [TEST_STEP][PASSED] - selenium.waitForPageToLoad("30000"): null

2023-12-16 21:15:37 - [TEST_STEP][PASSED] - selenium.selectWindow("null"): null

2023-12-16 21:15:37 - [TEST_STEP][PASSED] - selenium.click("name=paymentMethod"): null

2023-12-16 21:15:37 - [TEST_STEP][PASSED] - selenium.click("css=input[type="submit"]"): null

2023-12-16 21:15:37 - [TEST_STEP][PASSED] - selenium.waitForPageToLoad("30000"): null

2023-12-16 21:15:38 - [TEST_STEP][PASSED] - selenium.type("name=amount", 00".toString()): null

2023-12-16 21:15:38 - [TEST_STEP][PASSED] - selenium.type("name=userDefined2", "udf2 new".toString()): null

2023-12-16 21:15:38 - [TEST_STEP][PASSED] - selenium.type("name=userDefined3", "udf3 new".toString()): null

2023-12-16 21:15:38 - [TEST_STEP][ERROR] - selenium.select("name=variableField4DropdownGroupItemID", "label=Purple"): Test Cases/IntegratedWeb/IWP23-SelIDE/MaximumAmountErrorCC FAILED.
Reason:
com.thoughtworks.selenium.SeleniumException: Element name=variableField4DropdownGroupItemID not found
	at com.thoughtworks.selenium.webdriven.ElementFinder.findElement(ElementFinder.java:93)
	at com.thoughtworks.selenium.webdriven.commands.SeleniumSelect.<init>(SeleniumSelect.java:48)
	at com.thoughtworks.selenium.webdriven.commands.SelectOption.handleSeleneseCommand(SelectOption.java:41)
	at com.thoughtworks.selenium.webdriven.commands.SelectOption.handleSeleneseCommand(SelectOption.java:26)
	at com.thoughtworks.selenium.webdriven.SeleneseCommand.apply(SeleneseCommand.java:39)
	at com.thoughtworks.selenium.webdriven.Timer.run(Timer.java:41)
	at com.thoughtworks.selenium.webdriven.WebDriverCommandProcessor.execute(WebDriverCommandProcessor.java:150)
	at com.thoughtworks.selenium.webdriven.WebDriverCommandProcessor.doCommand(WebDriverCommandProcessor.java:76)
	at com.thoughtworks.selenium.DefaultSelenium.select(DefaultSelenium.java:350)
	at com.thoughtworks.selenium.Selenium$select$0.call(Unknown Source)
	at MaximumAmountErrorCC.run(MaximumAmountErrorCC:112)
	at com.kms.katalon.core.main.ScriptEngine.run(ScriptEngine.java:194)
	at com.kms.katalon.core.main.ScriptEngine.runScriptAsRawText(ScriptEngine.java:119)
	at com.kms.katalon.core.main.TestCaseExecutor.runScript(TestCaseExecutor.java:448)
	at com.kms.katalon.core.main.TestCaseExecutor.doExecute(TestCaseExecutor.java:439)
	at com.kms.katalon.core.main.TestCaseExecutor.processExecutionPhase(TestCaseExecutor.java:418)
	at com.kms.katalon.core.main.TestCaseExecutor.accessMainPhase(TestCaseExecutor.java:410)
	at com.kms.katalon.core.main.TestCaseExecutor.execute(TestCaseExecutor.java:285)
	at com.kms.katalon.core.main.TestCaseExecutor.execute(TestCaseExecutor.java:369)
	at com.kms.katalon.core.main.TestCaseExecutor.execute(TestCaseExecutor.java:369)
	at com.kms.katalon.core.main.TestCaseExecutor.execute(TestCaseExecutor.java:369)
	at com.kms.katalon.core.common.CommonExecutor.accessTestCaseMainPhase(CommonExecutor.java:65)
	at com.kms.katalon.core.main.TestSuiteExecutor.accessTestSuiteMainPhase(TestSuiteExecutor.java:148)
	at com.kms.katalon.core.main.TestSuiteExecutor.execute(TestSuiteExecutor.java:106)
	at com.kms.katalon.core.main.TestCaseMain.startTestSuite(TestCaseMain.java:187)
	at com.kms.katalon.core.main.TestCaseMain$startTestSuite$0.call(Unknown Source)
	at TempTestSuite1702778440031.run(TempTestSuite1702778440031.groovy:36)
Caused by: org.openqa.selenium.JavascriptException: javascript error: Element name=variableField4DropdownGroupItemID not found
  (Session info: chrome=120.0.6099.109)
Build info: version: '3.141.59', revision: 'e82be7d358', time: '2018-11-14T08:25:53'
System info: host: 'DESKTOP-B2QI6NS', ip: '172.31.253.139', os.name: 'Windows 10', os.arch: 'amd64', os.version: '10.0', java.version: '1.8.0_181'
Driver info: com.kms.katalon.selenium.driver.CChromeDriver
Capabilities {acceptInsecureCerts: true, browserName: chrome, browserVersion: 120.0.6099.109, chrome: {chromedriverVersion: 119.0.6045.105 (38c72552c5e..., userDataDir: C:\Users\imtiaz\AppData\Loc...}, fedcm:accounts: true, goog:chromeOptions: {debuggerAddress: localhost:55614}, javascriptEnabled: true, networkConnectionEnabled: false, pageLoadStrategy: normal, platform: WINDOWS, platformName: WINDOWS, proxy: Proxy(), setWindowRect: true, strictFileInteractability: false, timeouts: {implicit: 0, pageLoad: 300000, script: 30000}, unhandledPromptBehavior: dismiss and notify, webauthn:extension:credBlob: true, webauthn:extension:largeBlob: true, webauthn:extension:minPinLength: true, webauthn:extension:prf: true, webauthn:virtualAuthenticators: true}
Session ID: 9470b297aa7b9b3964c463e0fc102685
	at org.openqa.selenium.remote.http.W3CHttpResponseCodec.createException(W3CHttpResponseCodec.java:187)
	at org.openqa.selenium.remote.http.W3CHttpResponseCodec.decode(W3CHttpResponseCodec.java:122)
	at org.openqa.selenium.remote.http.W3CHttpResponseCodec.decode(W3CHttpResponseCodec.java:49)
	at org.openqa.selenium.remote.HttpCommandExecutor.execute(HttpCommandExecutor.java:158)
	at org.openqa.selenium.remote.service.DriverCommandExecutor.execute(DriverCommandExecutor.java:83)
	at org.openqa.selenium.remote.RemoteWebDriver.execute(RemoteWebDriver.java:552)
	at com.kms.katalon.selenium.driver.CChromeDriver.execute(CChromeDriver.java:19)
	at org.openqa.selenium.remote.RemoteWebDriver.executeScript(RemoteWebDriver.java:489)
	at org.openqa.selenium.support.events.EventFiringWebDriver.lambda$new$1(EventFiringWebDriver.java:105)
	at com.sun.proxy.$Proxy10.executeScript(Unknown Source)
	at org.openqa.selenium.support.events.EventFiringWebDriver.executeScript(EventFiringWebDriver.java:229)
	at com.thoughtworks.selenium.webdriven.ElementFinder.findElement(ElementFinder.java:91)
	at com.thoughtworks.selenium.webdriven.commands.SeleniumSelect.<init>(SeleniumSelect.java:48)
	at com.thoughtworks.selenium.webdriven.commands.SelectOption.handleSeleneseCommand(SelectOption.java:41)
	at com.thoughtworks.selenium.webdriven.commands.SelectOption.handleSeleneseCommand(SelectOption.java:26)
	at com.thoughtworks.selenium.webdriven.SeleneseCommand.apply(SeleneseCommand.java:39)
	at com.thoughtworks.selenium.webdriven.Timer.run(Timer.java:41)
	at com.thoughtworks.selenium.webdriven.WebDriverCommandProcessor.execute(WebDriverCommandProcessor.java:150)
	at com.thoughtworks.selenium.webdriven.WebDriverCommandProcessor.doCommand(WebDriverCommandProcessor.java:76)
	at com.thoughtworks.selenium.DefaultSelenium.select(DefaultSelenium.java:350)
	at com.thoughtworks.selenium.Selenium$select$0.call(Unknown Source)
	at Script1702500871154.run(Script1702500871154.groovy:112)
	... 16 more


2023-12-16 21:15:38 - [MESSAGE][ERROR] - Test Cases/IntegratedWeb/IWP23-SelIDE/MaximumAmountErrorCC FAILED.
Reason:
com.thoughtworks.selenium.SeleniumException: Element name=variableField4DropdownGroupItemID not found
	at com.thoughtworks.selenium.webdriven.ElementFinder.findElement(ElementFinder.java:93)
	at com.thoughtworks.selenium.webdriven.commands.SeleniumSelect.<init>(SeleniumSelect.java:48)
	at com.thoughtworks.selenium.webdriven.commands.SelectOption.handleSeleneseCommand(SelectOption.java:41)
	at com.thoughtworks.selenium.webdriven.commands.SelectOption.handleSeleneseCommand(SelectOption.java:26)
	at com.thoughtworks.selenium.webdriven.SeleneseCommand.apply(SeleneseCommand.java:39)
	at com.thoughtworks.selenium.webdriven.Timer.run(Timer.java:41)
	at com.thoughtworks.selenium.webdriven.WebDriverCommandProcessor.execute(WebDriverCommandProcessor.java:150)
	at com.thoughtworks.selenium.webdriven.WebDriverCommandProcessor.doCommand(WebDriverCommandProcessor.java:76)
	at com.thoughtworks.selenium.DefaultSelenium.select(DefaultSelenium.java:350)
	at com.thoughtworks.selenium.Selenium$select$0.call(Unknown Source)
	at MaximumAmountErrorCC.run(MaximumAmountErrorCC:112)
	at com.kms.katalon.core.main.ScriptEngine.run(ScriptEngine.java:194)
	at com.kms.katalon.core.main.ScriptEngine.runScriptAsRawText(ScriptEngine.java:119)
	at com.kms.katalon.core.main.TestCaseExecutor.runScript(TestCaseExecutor.java:448)
	at com.kms.katalon.core.main.TestCaseExecutor.doExecute(TestCaseExecutor.java:439)
	at com.kms.katalon.core.main.TestCaseExecutor.processExecutionPhase(TestCaseExecutor.java:418)
	at com.kms.katalon.core.main.TestCaseExecutor.accessMainPhase(TestCaseExecutor.java:410)
	at com.kms.katalon.core.main.TestCaseExecutor.execute(TestCaseExecutor.java:285)
	at com.kms.katalon.core.main.TestCaseExecutor.execute(TestCaseExecutor.java:369)
	at com.kms.katalon.core.main.TestCaseExecutor.execute(TestCaseExecutor.java:369)
	at com.kms.katalon.core.main.TestCaseExecutor.execute(TestCaseExecutor.java:369)
	at com.kms.katalon.core.common.CommonExecutor.accessTestCaseMainPhase(CommonExecutor.java:65)
	at com.kms.katalon.core.main.TestSuiteExecutor.accessTestSuiteMainPhase(TestSuiteExecutor.java:148)
	at com.kms.katalon.core.main.TestSuiteExecutor.execute(TestSuiteExecutor.java:106)
	at com.kms.katalon.core.main.TestCaseMain.startTestSuite(TestCaseMain.java:187)
	at com.kms.katalon.core.main.TestCaseMain$startTestSuite$0.call(Unknown Source)
	at TempTestSuite1702778440031.run(TempTestSuite1702778440031.groovy:36)
Caused by: org.openqa.selenium.JavascriptException: javascript error: Element name=variableField4DropdownGroupItemID not found
  (Session info: chrome=120.0.6099.109)
Build info: version: '3.141.59', revision: 'e82be7d358', time: '2018-11-14T08:25:53'
System info: host: 'DESKTOP-B2QI6NS', ip: '172.31.253.139', os.name: 'Windows 10', os.arch: 'amd64', os.version: '10.0', java.version: '1.8.0_181'
Driver info: com.kms.katalon.selenium.driver.CChromeDriver
Capabilities {acceptInsecureCerts: true, browserName: chrome, browserVersion: 120.0.6099.109, chrome: {chromedriverVersion: 119.0.6045.105 (38c72552c5e..., userDataDir: C:\Users\imtiaz\AppData\Loc...}, fedcm:accounts: true, goog:chromeOptions: {debuggerAddress: localhost:55614}, javascriptEnabled: true, networkConnectionEnabled: false, pageLoadStrategy: normal, platform: WINDOWS, platformName: WINDOWS, proxy: Proxy(), setWindowRect: true, strictFileInteractability: false, timeouts: {implicit: 0, pageLoad: 300000, script: 30000}, unhandledPromptBehavior: dismiss and notify, webauthn:extension:credBlob: true, webauthn:extension:largeBlob: true, webauthn:extension:minPinLength: true, webauthn:extension:prf: true, webauthn:virtualAuthenticators: true}
Session ID: 9470b297aa7b9b3964c463e0fc102685
	at org.openqa.selenium.remote.http.W3CHttpResponseCodec.createException(W3CHttpResponseCodec.java:187)
	at org.openqa.selenium.remote.http.W3CHttpResponseCodec.decode(W3CHttpResponseCodec.java:122)
	at org.openqa.selenium.remote.http.W3CHttpResponseCodec.decode(W3CHttpResponseCodec.java:49)
	at org.openqa.selenium.remote.HttpCommandExecutor.execute(HttpCommandExecutor.java:158)
	at org.openqa.selenium.remote.service.DriverCommandExecutor.execute(DriverCommandExecutor.java:83)
	at org.openqa.selenium.remote.RemoteWebDriver.execute(RemoteWebDriver.java:552)
	at com.kms.katalon.selenium.driver.CChromeDriver.execute(CChromeDriver.java:19)
	at org.openqa.selenium.remote.RemoteWebDriver.executeScript(RemoteWebDriver.java:489)
	at org.openqa.selenium.support.events.EventFiringWebDriver.lambda$new$1(EventFiringWebDriver.java:105)
	at com.sun.proxy.$Proxy10.executeScript(Unknown Source)
	at org.openqa.selenium.support.events.EventFiringWebDriver.executeScript(EventFiringWebDriver.java:229)
	at com.thoughtworks.selenium.webdriven.ElementFinder.findElement(ElementFinder.java:91)
	at com.thoughtworks.selenium.webdriven.commands.SeleniumSelect.<init>(SeleniumSelect.java:48)
	at com.thoughtworks.selenium.webdriven.commands.SelectOption.handleSeleneseCommand(SelectOption.java:41)
	at com.thoughtworks.selenium.webdriven.commands.SelectOption.handleSeleneseCommand(SelectOption.java:26)
	at com.thoughtworks.selenium.webdriven.SeleneseCommand.apply(SeleneseCommand.java:39)
	at com.thoughtworks.selenium.webdriven.Timer.run(Timer.java:41)
	at com.thoughtworks.selenium.webdriven.WebDriverCommandProcessor.execute(WebDriverCommandProcessor.java:150)
	at com.thoughtworks.selenium.webdriven.WebDriverCommandProcessor.doCommand(WebDriverCommandProcessor.java:76)
	at com.thoughtworks.selenium.DefaultSelenium.select(DefaultSelenium.java:350)
	at com.thoughtworks.selenium.Selenium$select$0.call(Unknown Source)
	at Script1702500871154.run(Script1702500871154.groovy:112)
	... 16 more]]></system-out>
         <system-err><![CDATA[2023-12-16 21:15:26 - [TEST_CASE][ERROR] - Test Cases/IntegratedWeb/IWP23-SelIDE/MaximumAmountErrorCC: Test Cases/IntegratedWeb/IWP23-SelIDE/MaximumAmountErrorCC FAILED.
Reason:
com.thoughtworks.selenium.SeleniumException: Element name=variableField4DropdownGroupItemID not found
	at com.thoughtworks.selenium.webdriven.ElementFinder.findElement(ElementFinder.java:93)
	at com.thoughtworks.selenium.webdriven.commands.SeleniumSelect.<init>(SeleniumSelect.java:48)
	at com.thoughtworks.selenium.webdriven.commands.SelectOption.handleSeleneseCommand(SelectOption.java:41)
	at com.thoughtworks.selenium.webdriven.commands.SelectOption.handleSeleneseCommand(SelectOption.java:26)
	at com.thoughtworks.selenium.webdriven.SeleneseCommand.apply(SeleneseCommand.java:39)
	at com.thoughtworks.selenium.webdriven.Timer.run(Timer.java:41)
	at com.thoughtworks.selenium.webdriven.WebDriverCommandProcessor.execute(WebDriverCommandProcessor.java:150)
	at com.thoughtworks.selenium.webdriven.WebDriverCommandProcessor.doCommand(WebDriverCommandProcessor.java:76)
	at com.thoughtworks.selenium.DefaultSelenium.select(DefaultSelenium.java:350)
	at com.thoughtworks.selenium.Selenium$select$0.call(Unknown Source)
	at MaximumAmountErrorCC.run(MaximumAmountErrorCC:112)
	at com.kms.katalon.core.main.ScriptEngine.run(ScriptEngine.java:194)
	at com.kms.katalon.core.main.ScriptEngine.runScriptAsRawText(ScriptEngine.java:119)
	at com.kms.katalon.core.main.TestCaseExecutor.runScript(TestCaseExecutor.java:448)
	at com.kms.katalon.core.main.TestCaseExecutor.doExecute(TestCaseExecutor.java:439)
	at com.kms.katalon.core.main.TestCaseExecutor.processExecutionPhase(TestCaseExecutor.java:418)
	at com.kms.katalon.core.main.TestCaseExecutor.accessMainPhase(TestCaseExecutor.java:410)
	at com.kms.katalon.core.main.TestCaseExecutor.execute(TestCaseExecutor.java:285)
	at com.kms.katalon.core.main.TestCaseExecutor.execute(TestCaseExecutor.java:369)
	at com.kms.katalon.core.main.TestCaseExecutor.execute(TestCaseExecutor.java:369)
	at com.kms.katalon.core.main.TestCaseExecutor.execute(TestCaseExecutor.java:369)
	at com.kms.katalon.core.common.CommonExecutor.accessTestCaseMainPhase(CommonExecutor.java:65)
	at com.kms.katalon.core.main.TestSuiteExecutor.accessTestSuiteMainPhase(TestSuiteExecutor.java:148)
	at com.kms.katalon.core.main.TestSuiteExecutor.execute(TestSuiteExecutor.java:106)
	at com.kms.katalon.core.main.TestCaseMain.startTestSuite(TestCaseMain.java:187)
	at com.kms.katalon.core.main.TestCaseMain$startTestSuite$0.call(Unknown Source)
	at TempTestSuite1702778440031.run(TempTestSuite1702778440031.groovy:36)
Caused by: org.openqa.selenium.JavascriptException: javascript error: Element name=variableField4DropdownGroupItemID not found
  (Session info: chrome=120.0.6099.109)
Build info: version: '3.141.59', revision: 'e82be7d358', time: '2018-11-14T08:25:53'
System info: host: 'DESKTOP-B2QI6NS', ip: '172.31.253.139', os.name: 'Windows 10', os.arch: 'amd64', os.version: '10.0', java.version: '1.8.0_181'
Driver info: com.kms.katalon.selenium.driver.CChromeDriver
Capabilities {acceptInsecureCerts: true, browserName: chrome, browserVersion: 120.0.6099.109, chrome: {chromedriverVersion: 119.0.6045.105 (38c72552c5e..., userDataDir: C:\Users\imtiaz\AppData\Loc...}, fedcm:accounts: true, goog:chromeOptions: {debuggerAddress: localhost:55614}, javascriptEnabled: true, networkConnectionEnabled: false, pageLoadStrategy: normal, platform: WINDOWS, platformName: WINDOWS, proxy: Proxy(), setWindowRect: true, strictFileInteractability: false, timeouts: {implicit: 0, pageLoad: 300000, script: 30000}, unhandledPromptBehavior: dismiss and notify, webauthn:extension:credBlob: true, webauthn:extension:largeBlob: true, webauthn:extension:minPinLength: true, webauthn:extension:prf: true, webauthn:virtualAuthenticators: true}
Session ID: 9470b297aa7b9b3964c463e0fc102685
	at org.openqa.selenium.remote.http.W3CHttpResponseCodec.createException(W3CHttpResponseCodec.java:187)
	at org.openqa.selenium.remote.http.W3CHttpResponseCodec.decode(W3CHttpResponseCodec.java:122)
	at org.openqa.selenium.remote.http.W3CHttpResponseCodec.decode(W3CHttpResponseCodec.java:49)
	at org.openqa.selenium.remote.HttpCommandExecutor.execute(HttpCommandExecutor.java:158)
	at org.openqa.selenium.remote.service.DriverCommandExecutor.execute(DriverCommandExecutor.java:83)
	at org.openqa.selenium.remote.RemoteWebDriver.execute(RemoteWebDriver.java:552)
	at com.kms.katalon.selenium.driver.CChromeDriver.execute(CChromeDriver.java:19)
	at org.openqa.selenium.remote.RemoteWebDriver.executeScript(RemoteWebDriver.java:489)
	at org.openqa.selenium.support.events.EventFiringWebDriver.lambda$new$1(EventFiringWebDriver.java:105)
	at com.sun.proxy.$Proxy10.executeScript(Unknown Source)
	at org.openqa.selenium.support.events.EventFiringWebDriver.executeScript(EventFiringWebDriver.java:229)
	at com.thoughtworks.selenium.webdriven.ElementFinder.findElement(ElementFinder.java:91)
	... 26 more]]></system-err>
      </testcase>
      <testcase name="Test Cases/IntegratedWeb/IWP23-SelIDE/MaximumAmountErrorPC" time="12.899" classname="Test Cases/IntegratedWeb/IWP23-SelIDE/MaximumAmountErrorPC" status="ERROR">
         <error type="ERROR" message="Test Cases/IntegratedWeb/IWP23-SelIDE/MaximumAmountErrorPC FAILED.
Reason:
com.thoughtworks.selenium.SeleniumException: Element name=variableField4DropdownGroupItemID not found
	at com.thoughtworks.selenium.webdriven.ElementFinder.findElement(ElementFinder.java:93)
	at com.thoughtworks.selenium.webdriven.commands.SeleniumSelect.&lt;init>(SeleniumSelect.java:48)
	at com.thoughtworks.selenium.webdriven.commands.SelectOption.handleSeleneseCommand(SelectOption.java:41)
	at com.thoughtworks.selenium.webdriven.commands.SelectOption.handleSeleneseCommand(SelectOption.java:26)
	at com.thoughtworks.selenium.webdriven.SeleneseCommand.apply(SeleneseCommand.java:39)
	at com.thoughtworks.selenium.webdriven.Timer.run(Timer.java:41)
	at com.thoughtworks.selenium.webdriven.WebDriverCommandProcessor.execute(WebDriverCommandProcessor.java:150)
	at com.thoughtworks.selenium.webdriven.WebDriverCommandProcessor.doCommand(WebDriverCommandProcessor.java:76)
	at com.thoughtworks.selenium.DefaultSelenium.select(DefaultSelenium.java:350)
	at com.thoughtworks.selenium.Selenium$select$0.call(Unknown Source)
	at MaximumAmountErrorPC.run(MaximumAmountErrorPC:110)
	at com.kms.katalon.core.main.ScriptEngine.run(ScriptEngine.java:194)
	at com.kms.katalon.core.main.ScriptEngine.runScriptAsRawText(ScriptEngine.java:119)
	at com.kms.katalon.core.main.TestCaseExecutor.runScript(TestCaseExecutor.java:448)
	at com.kms.katalon.core.main.TestCaseExecutor.doExecute(TestCaseExecutor.java:439)
	at com.kms.katalon.core.main.TestCaseExecutor.processExecutionPhase(TestCaseExecutor.java:418)
	at com.kms.katalon.core.main.TestCaseExecutor.accessMainPhase(TestCaseExecutor.java:410)
	at com.kms.katalon.core.main.TestCaseExecutor.execute(TestCaseExecutor.java:285)
	at com.kms.katalon.core.main.TestCaseExecutor.execute(TestCaseExecutor.java:369)
	at com.kms.katalon.core.main.TestCaseExecutor.execute(TestCaseExecutor.java:369)
	at com.kms.katalon.core.main.TestCaseExecutor.execute(TestCaseExecutor.java:369)
	at com.kms.katalon.core.common.CommonExecutor.accessTestCaseMainPhase(CommonExecutor.java:65)
	at com.kms.katalon.core.main.TestSuiteExecutor.accessTestSuiteMainPhase(TestSuiteExecutor.java:148)
	at com.kms.katalon.core.main.TestSuiteExecutor.execute(TestSuiteExecutor.java:106)
	at com.kms.katalon.core.main.TestCaseMain.startTestSuite(TestCaseMain.java:187)
	at com.kms.katalon.core.main.TestCaseMain$startTestSuite$0.call(Unknown Source)
	at TempTestSuite1702778440031.run(TempTestSuite1702778440031.groovy:36)
Caused by: org.openqa.selenium.JavascriptException: javascript error: Element name=variableField4DropdownGroupItemID not found
  (Session info: chrome=120.0.6099.109)
Build info: version: '3.141.59', revision: 'e82be7d358', time: '2018-11-14T08:25:53'
System info: host: 'DESKTOP-B2QI6NS', ip: '172.31.253.139', os.name: 'Windows 10', os.arch: 'amd64', os.version: '10.0', java.version: '1.8.0_181'
Driver info: com.kms.katalon.selenium.driver.CChromeDriver
Capabilities {acceptInsecureCerts: true, browserName: chrome, browserVersion: 120.0.6099.109, chrome: {chromedriverVersion: 119.0.6045.105 (38c72552c5e..., userDataDir: C:\Users\imtiaz\AppData\Loc...}, fedcm:accounts: true, goog:chromeOptions: {debuggerAddress: localhost:56088}, javascriptEnabled: true, networkConnectionEnabled: false, pageLoadStrategy: normal, platform: WINDOWS, platformName: WINDOWS, proxy: Proxy(), setWindowRect: true, strictFileInteractability: false, timeouts: {implicit: 0, pageLoad: 300000, script: 30000}, unhandledPromptBehavior: dismiss and notify, webauthn:extension:credBlob: true, webauthn:extension:largeBlob: true, webauthn:extension:minPinLength: true, webauthn:extension:prf: true, webauthn:virtualAuthenticators: true}
Session ID: a4fb5e21c8634599365ef600c33e7c3b
	at org.openqa.selenium.remote.http.W3CHttpResponseCodec.createException(W3CHttpResponseCodec.java:187)
	at org.openqa.selenium.remote.http.W3CHttpResponseCodec.decode(W3CHttpResponseCodec.java:122)
	at org.openqa.selenium.remote.http.W3CHttpResponseCodec.decode(W3CHttpResponseCodec.java:49)
	at org.openqa.selenium.remote.HttpCommandExecutor.execute(HttpCommandExecutor.java:158)
	at org.openqa.selenium.remote.service.DriverCommandExecutor.execute(DriverCommandExecutor.java:83)
	at org.openqa.selenium.remote.RemoteWebDriver.execute(RemoteWebDriver.java:552)
	at com.kms.katalon.selenium.driver.CChromeDriver.execute(CChromeDriver.java:19)
	at org.openqa.selenium.remote.RemoteWebDriver.executeScript(RemoteWebDriver.java:489)
	at org.openqa.selenium.support.events.EventFiringWebDriver.lambda$new$1(EventFiringWebDriver.java:105)
	at com.sun.proxy.$Proxy10.executeScript(Unknown Source)
	at org.openqa.selenium.support.events.EventFiringWebDriver.executeScript(EventFiringWebDriver.java:229)
	at com.thoughtworks.selenium.webdriven.ElementFinder.findElement(ElementFinder.java:91)
	... 26 more
"/>
         <system-out><![CDATA[2023-12-16 21:16:16 - [TEST_CASE][ERROR] - Test Cases/IntegratedWeb/IWP23-SelIDE/MaximumAmountErrorPC: Test Cases/IntegratedWeb/IWP23-SelIDE/MaximumAmountErrorPC FAILED.
Reason:
com.thoughtworks.selenium.SeleniumException: Element name=variableField4DropdownGroupItemID not found
	at com.thoughtworks.selenium.webdriven.ElementFinder.findElement(ElementFinder.java:93)
	at com.thoughtworks.selenium.webdriven.commands.SeleniumSelect.<init>(SeleniumSelect.java:48)
	at com.thoughtworks.selenium.webdriven.commands.SelectOption.handleSeleneseCommand(SelectOption.java:41)
	at com.thoughtworks.selenium.webdriven.commands.SelectOption.handleSeleneseCommand(SelectOption.java:26)
	at com.thoughtworks.selenium.webdriven.SeleneseCommand.apply(SeleneseCommand.java:39)
	at com.thoughtworks.selenium.webdriven.Timer.run(Timer.java:41)
	at com.thoughtworks.selenium.webdriven.WebDriverCommandProcessor.execute(WebDriverCommandProcessor.java:150)
	at com.thoughtworks.selenium.webdriven.WebDriverCommandProcessor.doCommand(WebDriverCommandProcessor.java:76)
	at com.thoughtworks.selenium.DefaultSelenium.select(DefaultSelenium.java:350)
	at com.thoughtworks.selenium.Selenium$select$0.call(Unknown Source)
	at MaximumAmountErrorPC.run(MaximumAmountErrorPC:110)
	at com.kms.katalon.core.main.ScriptEngine.run(ScriptEngine.java:194)
	at com.kms.katalon.core.main.ScriptEngine.runScriptAsRawText(ScriptEngine.java:119)
	at com.kms.katalon.core.main.TestCaseExecutor.runScript(TestCaseExecutor.java:448)
	at com.kms.katalon.core.main.TestCaseExecutor.doExecute(TestCaseExecutor.java:439)
	at com.kms.katalon.core.main.TestCaseExecutor.processExecutionPhase(TestCaseExecutor.java:418)
	at com.kms.katalon.core.main.TestCaseExecutor.accessMainPhase(TestCaseExecutor.java:410)
	at com.kms.katalon.core.main.TestCaseExecutor.execute(TestCaseExecutor.java:285)
	at com.kms.katalon.core.main.TestCaseExecutor.execute(TestCaseExecutor.java:369)
	at com.kms.katalon.core.main.TestCaseExecutor.execute(TestCaseExecutor.java:369)
	at com.kms.katalon.core.main.TestCaseExecutor.execute(TestCaseExecutor.java:369)
	at com.kms.katalon.core.common.CommonExecutor.accessTestCaseMainPhase(CommonExecutor.java:65)
	at com.kms.katalon.core.main.TestSuiteExecutor.accessTestSuiteMainPhase(TestSuiteExecutor.java:148)
	at com.kms.katalon.core.main.TestSuiteExecutor.execute(TestSuiteExecutor.java:106)
	at com.kms.katalon.core.main.TestCaseMain.startTestSuite(TestCaseMain.java:187)
	at com.kms.katalon.core.main.TestCaseMain$startTestSuite$0.call(Unknown Source)
	at TempTestSuite1702778440031.run(TempTestSuite1702778440031.groovy:36)
Caused by: org.openqa.selenium.JavascriptException: javascript error: Element name=variableField4DropdownGroupItemID not found
  (Session info: chrome=120.0.6099.109)
Build info: version: '3.141.59', revision: 'e82be7d358', time: '2018-11-14T08:25:53'
System info: host: 'DESKTOP-B2QI6NS', ip: '172.31.253.139', os.name: 'Windows 10', os.arch: 'amd64', os.version: '10.0', java.version: '1.8.0_181'
Driver info: com.kms.katalon.selenium.driver.CChromeDriver
Capabilities {acceptInsecureCerts: true, browserName: chrome, browserVersion: 120.0.6099.109, chrome: {chromedriverVersion: 119.0.6045.105 (38c72552c5e..., userDataDir: C:\Users\imtiaz\AppData\Loc...}, fedcm:accounts: true, goog:chromeOptions: {debuggerAddress: localhost:56088}, javascriptEnabled: true, networkConnectionEnabled: false, pageLoadStrategy: normal, platform: WINDOWS, platformName: WINDOWS, proxy: Proxy(), setWindowRect: true, strictFileInteractability: false, timeouts: {implicit: 0, pageLoad: 300000, script: 30000}, unhandledPromptBehavior: dismiss and notify, webauthn:extension:credBlob: true, webauthn:extension:largeBlob: true, webauthn:extension:minPinLength: true, webauthn:extension:prf: true, webauthn:virtualAuthenticators: true}
Session ID: a4fb5e21c8634599365ef600c33e7c3b
	at org.openqa.selenium.remote.http.W3CHttpResponseCodec.createException(W3CHttpResponseCodec.java:187)
	at org.openqa.selenium.remote.http.W3CHttpResponseCodec.decode(W3CHttpResponseCodec.java:122)
	at org.openqa.selenium.remote.http.W3CHttpResponseCodec.decode(W3CHttpResponseCodec.java:49)
	at org.openqa.selenium.remote.HttpCommandExecutor.execute(HttpCommandExecutor.java:158)
	at org.openqa.selenium.remote.service.DriverCommandExecutor.execute(DriverCommandExecutor.java:83)
	at org.openqa.selenium.remote.RemoteWebDriver.execute(RemoteWebDriver.java:552)
	at com.kms.katalon.selenium.driver.CChromeDriver.execute(CChromeDriver.java:19)
	at org.openqa.selenium.remote.RemoteWebDriver.executeScript(RemoteWebDriver.java:489)
	at org.openqa.selenium.support.events.EventFiringWebDriver.lambda$new$1(EventFiringWebDriver.java:105)
	at com.sun.proxy.$Proxy10.executeScript(Unknown Source)
	at org.openqa.selenium.support.events.EventFiringWebDriver.executeScript(EventFiringWebDriver.java:229)
	at com.thoughtworks.selenium.webdriven.ElementFinder.findElement(ElementFinder.java:91)
	... 26 more


2023-12-16 21:16:16 - [TEST_STEP][PASSED] - softAssertion = new org.testng.asserts.SoftAssert(): null

2023-12-16 21:16:16 - [TEST_STEP][PASSED] - openBrowser("https://www.google.com/"): Browser is opened with url: 'https://www.google.com/'

2023-12-16 21:16:16 - [MESSAGE][WARNING] - A browser is already opened. Closing browser and opening a new one

2023-12-16 21:16:17 - [MESSAGE][INFO] - Starting 'Chrome' driver

2023-12-16 21:16:17 - [MESSAGE][INFO] - User set preference: ['acceptInsecureCerts', 'true']

2023-12-16 21:16:17 - [MESSAGE][INFO] - Action delay is set to 0 milliseconds

2023-12-16 21:16:20 - [MESSAGE][PASSED] - Browser is opened with url: 'https://www.google.com/'

2023-12-16 21:16:20 - [TEST_STEP][PASSED] - driver = getWebDriver(): null

2023-12-16 21:16:20 - [TEST_STEP][PASSED] - baseUrl = "https://www.google.com/": null

2023-12-16 21:16:20 - [TEST_STEP][PASSED] - selenium = new com.thoughtworks.selenium.webdriven.WebDriverBackedSelenium(driver, baseUrl): null

2023-12-16 21:16:20 - [TEST_STEP][PASSED] - println("Begin Test: MaximumAmountErrorPC"): null

2023-12-16 21:16:20 - [TEST_STEP][PASSED] - emulatorURL = urlEmulator: null

2023-12-16 21:16:20 - [TEST_STEP][PASSED] - selenium.open(emulatorURL): null

2023-12-16 21:16:20 - [TEST_STEP][PASSED] - selenium.selectWindow("null"): null

2023-12-16 21:16:20 - [TEST_STEP][PASSED] - selenium.select("name=message_version", "label=2.3"): null

2023-12-16 21:16:20 - [TEST_STEP][PASSED] - selenium.waitForPageToLoad("30000"): null

2023-12-16 21:16:21 - [TEST_STEP][PASSED] - selenium.type("name=amount", 00".toString()): null

2023-12-16 21:16:21 - [TEST_STEP][PASSED] - selenium.type("name=client_account_number", "CAN12345"): null

2023-12-16 21:16:21 - [TEST_STEP][PASSED] - selenium.type("name=action_type", "PayNow"): null

2023-12-16 21:16:21 - [TEST_STEP][PASSED] - selenium.type("name=language", "en_US"): null

2023-12-16 21:16:21 - [TEST_STEP][PASSED] - selenium.type("name=billing_firstname", "Mandy"): null

2023-12-16 21:16:21 - [TEST_STEP][PASSED] - selenium.type("name=billing_lastname", "Iguera"): null

2023-12-16 21:16:21 - [TEST_STEP][PASSED] - selenium.type("name=billing_address", "56 World Center Drive".toString()): null

2023-12-16 21:16:21 - [TEST_STEP][PASSED] - selenium.type("name=billing_address2", "Suite 600".toString()): null

2023-12-16 21:16:21 - [TEST_STEP][PASSED] - selenium.type("name=billing_country_id", "840"): null

2023-12-16 21:16:21 - [TEST_STEP][PASSED] - selenium.type("name=billing_city", "Orlando"): null

2023-12-16 21:16:21 - [TEST_STEP][PASSED] - selenium.type("name=billing_state", "NH"): null

2023-12-16 21:16:22 - [TEST_STEP][PASSED] - selenium.type("name=billing_zip", "03106"): null

2023-12-16 21:16:22 - [TEST_STEP][PASSED] - selenium.type("name=order_number", "PPPPOOOO"): null

2023-12-16 21:16:22 - [TEST_STEP][PASSED] - selenium.type("name=user_defined1", "udf1"): null

2023-12-16 21:16:22 - [TEST_STEP][PASSED] - selenium.type("name=user_defined2", "udf2"): null

2023-12-16 21:16:22 - [TEST_STEP][PASSED] - selenium.type("name=user_defined3", "udf3"): null

2023-12-16 21:16:22 - [TEST_STEP][PASSED] - selenium.type("name=user_defined4", "Orange Label".toString()): null

2023-12-16 21:16:22 - [TEST_STEP][PASSED] - selenium.type("name=user_defined5", "Soccer Label".toString()): null

2023-12-16 21:16:22 - [TEST_STEP][PASSED] - selenium.click("name=submit"): null

2023-12-16 21:16:22 - [TEST_STEP][PASSED] - selenium.waitForPageToLoad("30000"): null

2023-12-16 21:16:23 - [TEST_STEP][PASSED] - Thread.sleep(2000): null

2023-12-16 21:16:25 - [TEST_STEP][PASSED] - testHarnessURL = urlTestHarness: null

2023-12-16 21:16:25 - [TEST_STEP][PASSED] - selenium.open(testHarnessURL): null

2023-12-16 21:16:25 - [TEST_STEP][PASSED] - selenium.type("name=application_id", "635"): null

2023-12-16 21:16:25 - [TEST_STEP][PASSED] - selenium.type("name=message_version", 3".toString()): null

2023-12-16 21:16:25 - [TEST_STEP][PASSED] - genRemIDVoid = RandomStringUtils.random(12, true, true): null

2023-12-16 21:16:25 - [TEST_STEP][PASSED] - selenium.type("name=remittance_id", genRemIDVoid): null

2023-12-16 21:16:25 - [TEST_STEP][PASSED] - selenium.click("css=input.formSubmit"): null

2023-12-16 21:16:26 - [TEST_STEP][PASSED] - selenium.waitForPageToLoad("30000"): null

2023-12-16 21:16:27 - [TEST_STEP][PASSED] - selenium.click("xpath=(//input[@name='paymentMethod'])[2]"): null

2023-12-16 21:16:27 - [TEST_STEP][PASSED] - selenium.click("css=input[type="submit"]"): null

2023-12-16 21:16:28 - [TEST_STEP][PASSED] - selenium.waitForPageToLoad("30000"): null

2023-12-16 21:16:28 - [TEST_STEP][PASSED] - selenium.type("name=amount", 00".toString()): null

2023-12-16 21:16:28 - [TEST_STEP][PASSED] - selenium.type("name=userDefined2", ""): null

2023-12-16 21:16:28 - [TEST_STEP][PASSED] - selenium.type("name=userDefined3", "udf3 data".toString()): null

2023-12-16 21:16:29 - [TEST_STEP][ERROR] - selenium.select("name=variableField4DropdownGroupItemID", "--Select One--"): Test Cases/IntegratedWeb/IWP23-SelIDE/MaximumAmountErrorPC FAILED.
Reason:
com.thoughtworks.selenium.SeleniumException: Element name=variableField4DropdownGroupItemID not found
	at com.thoughtworks.selenium.webdriven.ElementFinder.findElement(ElementFinder.java:93)
	at com.thoughtworks.selenium.webdriven.commands.SeleniumSelect.<init>(SeleniumSelect.java:48)
	at com.thoughtworks.selenium.webdriven.commands.SelectOption.handleSeleneseCommand(SelectOption.java:41)
	at com.thoughtworks.selenium.webdriven.commands.SelectOption.handleSeleneseCommand(SelectOption.java:26)
	at com.thoughtworks.selenium.webdriven.SeleneseCommand.apply(SeleneseCommand.java:39)
	at com.thoughtworks.selenium.webdriven.Timer.run(Timer.java:41)
	at com.thoughtworks.selenium.webdriven.WebDriverCommandProcessor.execute(WebDriverCommandProcessor.java:150)
	at com.thoughtworks.selenium.webdriven.WebDriverCommandProcessor.doCommand(WebDriverCommandProcessor.java:76)
	at com.thoughtworks.selenium.DefaultSelenium.select(DefaultSelenium.java:350)
	at com.thoughtworks.selenium.Selenium$select$0.call(Unknown Source)
	at MaximumAmountErrorPC.run(MaximumAmountErrorPC:110)
	at com.kms.katalon.core.main.ScriptEngine.run(ScriptEngine.java:194)
	at com.kms.katalon.core.main.ScriptEngine.runScriptAsRawText(ScriptEngine.java:119)
	at com.kms.katalon.core.main.TestCaseExecutor.runScript(TestCaseExecutor.java:448)
	at com.kms.katalon.core.main.TestCaseExecutor.doExecute(TestCaseExecutor.java:439)
	at com.kms.katalon.core.main.TestCaseExecutor.processExecutionPhase(TestCaseExecutor.java:418)
	at com.kms.katalon.core.main.TestCaseExecutor.accessMainPhase(TestCaseExecutor.java:410)
	at com.kms.katalon.core.main.TestCaseExecutor.execute(TestCaseExecutor.java:285)
	at com.kms.katalon.core.main.TestCaseExecutor.execute(TestCaseExecutor.java:369)
	at com.kms.katalon.core.main.TestCaseExecutor.execute(TestCaseExecutor.java:369)
	at com.kms.katalon.core.main.TestCaseExecutor.execute(TestCaseExecutor.java:369)
	at com.kms.katalon.core.common.CommonExecutor.accessTestCaseMainPhase(CommonExecutor.java:65)
	at com.kms.katalon.core.main.TestSuiteExecutor.accessTestSuiteMainPhase(TestSuiteExecutor.java:148)
	at com.kms.katalon.core.main.TestSuiteExecutor.execute(TestSuiteExecutor.java:106)
	at com.kms.katalon.core.main.TestCaseMain.startTestSuite(TestCaseMain.java:187)
	at com.kms.katalon.core.main.TestCaseMain$startTestSuite$0.call(Unknown Source)
	at TempTestSuite1702778440031.run(TempTestSuite1702778440031.groovy:36)
Caused by: org.openqa.selenium.JavascriptException: javascript error: Element name=variableField4DropdownGroupItemID not found
  (Session info: chrome=120.0.6099.109)
Build info: version: '3.141.59', revision: 'e82be7d358', time: '2018-11-14T08:25:53'
System info: host: 'DESKTOP-B2QI6NS', ip: '172.31.253.139', os.name: 'Windows 10', os.arch: 'amd64', os.version: '10.0', java.version: '1.8.0_181'
Driver info: com.kms.katalon.selenium.driver.CChromeDriver
Capabilities {acceptInsecureCerts: true, browserName: chrome, browserVersion: 120.0.6099.109, chrome: {chromedriverVersion: 119.0.6045.105 (38c72552c5e..., userDataDir: C:\Users\imtiaz\AppData\Loc...}, fedcm:accounts: true, goog:chromeOptions: {debuggerAddress: localhost:56088}, javascriptEnabled: true, networkConnectionEnabled: false, pageLoadStrategy: normal, platform: WINDOWS, platformName: WINDOWS, proxy: Proxy(), setWindowRect: true, strictFileInteractability: false, timeouts: {implicit: 0, pageLoad: 300000, script: 30000}, unhandledPromptBehavior: dismiss and notify, webauthn:extension:credBlob: true, webauthn:extension:largeBlob: true, webauthn:extension:minPinLength: true, webauthn:extension:prf: true, webauthn:virtualAuthenticators: true}
Session ID: a4fb5e21c8634599365ef600c33e7c3b
	at org.openqa.selenium.remote.http.W3CHttpResponseCodec.createException(W3CHttpResponseCodec.java:187)
	at org.openqa.selenium.remote.http.W3CHttpResponseCodec.decode(W3CHttpResponseCodec.java:122)
	at org.openqa.selenium.remote.http.W3CHttpResponseCodec.decode(W3CHttpResponseCodec.java:49)
	at org.openqa.selenium.remote.HttpCommandExecutor.execute(HttpCommandExecutor.java:158)
	at org.openqa.selenium.remote.service.DriverCommandExecutor.execute(DriverCommandExecutor.java:83)
	at org.openqa.selenium.remote.RemoteWebDriver.execute(RemoteWebDriver.java:552)
	at com.kms.katalon.selenium.driver.CChromeDriver.execute(CChromeDriver.java:19)
	at org.openqa.selenium.remote.RemoteWebDriver.executeScript(RemoteWebDriver.java:489)
	at org.openqa.selenium.support.events.EventFiringWebDriver.lambda$new$1(EventFiringWebDriver.java:105)
	at com.sun.proxy.$Proxy10.executeScript(Unknown Source)
	at org.openqa.selenium.support.events.EventFiringWebDriver.executeScript(EventFiringWebDriver.java:229)
	at com.thoughtworks.selenium.webdriven.ElementFinder.findElement(ElementFinder.java:91)
	at com.thoughtworks.selenium.webdriven.commands.SeleniumSelect.<init>(SeleniumSelect.java:48)
	at com.thoughtworks.selenium.webdriven.commands.SelectOption.handleSeleneseCommand(SelectOption.java:41)
	at com.thoughtworks.selenium.webdriven.commands.SelectOption.handleSeleneseCommand(SelectOption.java:26)
	at com.thoughtworks.selenium.webdriven.SeleneseCommand.apply(SeleneseCommand.java:39)
	at com.thoughtworks.selenium.webdriven.Timer.run(Timer.java:41)
	at com.thoughtworks.selenium.webdriven.WebDriverCommandProcessor.execute(WebDriverCommandProcessor.java:150)
	at com.thoughtworks.selenium.webdriven.WebDriverCommandProcessor.doCommand(WebDriverCommandProcessor.java:76)
	at com.thoughtworks.selenium.DefaultSelenium.select(DefaultSelenium.java:350)
	at com.thoughtworks.selenium.Selenium$select$0.call(Unknown Source)
	at Script1702500900342.run(Script1702500900342.groovy:110)
	... 16 more


2023-12-16 21:16:29 - [MESSAGE][ERROR] - Test Cases/IntegratedWeb/IWP23-SelIDE/MaximumAmountErrorPC FAILED.
Reason:
com.thoughtworks.selenium.SeleniumException: Element name=variableField4DropdownGroupItemID not found
	at com.thoughtworks.selenium.webdriven.ElementFinder.findElement(ElementFinder.java:93)
	at com.thoughtworks.selenium.webdriven.commands.SeleniumSelect.<init>(SeleniumSelect.java:48)
	at com.thoughtworks.selenium.webdriven.commands.SelectOption.handleSeleneseCommand(SelectOption.java:41)
	at com.thoughtworks.selenium.webdriven.commands.SelectOption.handleSeleneseCommand(SelectOption.java:26)
	at com.thoughtworks.selenium.webdriven.SeleneseCommand.apply(SeleneseCommand.java:39)
	at com.thoughtworks.selenium.webdriven.Timer.run(Timer.java:41)
	at com.thoughtworks.selenium.webdriven.WebDriverCommandProcessor.execute(WebDriverCommandProcessor.java:150)
	at com.thoughtworks.selenium.webdriven.WebDriverCommandProcessor.doCommand(WebDriverCommandProcessor.java:76)
	at com.thoughtworks.selenium.DefaultSelenium.select(DefaultSelenium.java:350)
	at com.thoughtworks.selenium.Selenium$select$0.call(Unknown Source)
	at MaximumAmountErrorPC.run(MaximumAmountErrorPC:110)
	at com.kms.katalon.core.main.ScriptEngine.run(ScriptEngine.java:194)
	at com.kms.katalon.core.main.ScriptEngine.runScriptAsRawText(ScriptEngine.java:119)
	at com.kms.katalon.core.main.TestCaseExecutor.runScript(TestCaseExecutor.java:448)
	at com.kms.katalon.core.main.TestCaseExecutor.doExecute(TestCaseExecutor.java:439)
	at com.kms.katalon.core.main.TestCaseExecutor.processExecutionPhase(TestCaseExecutor.java:418)
	at com.kms.katalon.core.main.TestCaseExecutor.accessMainPhase(TestCaseExecutor.java:410)
	at com.kms.katalon.core.main.TestCaseExecutor.execute(TestCaseExecutor.java:285)
	at com.kms.katalon.core.main.TestCaseExecutor.execute(TestCaseExecutor.java:369)
	at com.kms.katalon.core.main.TestCaseExecutor.execute(TestCaseExecutor.java:369)
	at com.kms.katalon.core.main.TestCaseExecutor.execute(TestCaseExecutor.java:369)
	at com.kms.katalon.core.common.CommonExecutor.accessTestCaseMainPhase(CommonExecutor.java:65)
	at com.kms.katalon.core.main.TestSuiteExecutor.accessTestSuiteMainPhase(TestSuiteExecutor.java:148)
	at com.kms.katalon.core.main.TestSuiteExecutor.execute(TestSuiteExecutor.java:106)
	at com.kms.katalon.core.main.TestCaseMain.startTestSuite(TestCaseMain.java:187)
	at com.kms.katalon.core.main.TestCaseMain$startTestSuite$0.call(Unknown Source)
	at TempTestSuite1702778440031.run(TempTestSuite1702778440031.groovy:36)
Caused by: org.openqa.selenium.JavascriptException: javascript error: Element name=variableField4DropdownGroupItemID not found
  (Session info: chrome=120.0.6099.109)
Build info: version: '3.141.59', revision: 'e82be7d358', time: '2018-11-14T08:25:53'
System info: host: 'DESKTOP-B2QI6NS', ip: '172.31.253.139', os.name: 'Windows 10', os.arch: 'amd64', os.version: '10.0', java.version: '1.8.0_181'
Driver info: com.kms.katalon.selenium.driver.CChromeDriver
Capabilities {acceptInsecureCerts: true, browserName: chrome, browserVersion: 120.0.6099.109, chrome: {chromedriverVersion: 119.0.6045.105 (38c72552c5e..., userDataDir: C:\Users\imtiaz\AppData\Loc...}, fedcm:accounts: true, goog:chromeOptions: {debuggerAddress: localhost:56088}, javascriptEnabled: true, networkConnectionEnabled: false, pageLoadStrategy: normal, platform: WINDOWS, platformName: WINDOWS, proxy: Proxy(), setWindowRect: true, strictFileInteractability: false, timeouts: {implicit: 0, pageLoad: 300000, script: 30000}, unhandledPromptBehavior: dismiss and notify, webauthn:extension:credBlob: true, webauthn:extension:largeBlob: true, webauthn:extension:minPinLength: true, webauthn:extension:prf: true, webauthn:virtualAuthenticators: true}
Session ID: a4fb5e21c8634599365ef600c33e7c3b
	at org.openqa.selenium.remote.http.W3CHttpResponseCodec.createException(W3CHttpResponseCodec.java:187)
	at org.openqa.selenium.remote.http.W3CHttpResponseCodec.decode(W3CHttpResponseCodec.java:122)
	at org.openqa.selenium.remote.http.W3CHttpResponseCodec.decode(W3CHttpResponseCodec.java:49)
	at org.openqa.selenium.remote.HttpCommandExecutor.execute(HttpCommandExecutor.java:158)
	at org.openqa.selenium.remote.service.DriverCommandExecutor.execute(DriverCommandExecutor.java:83)
	at org.openqa.selenium.remote.RemoteWebDriver.execute(RemoteWebDriver.java:552)
	at com.kms.katalon.selenium.driver.CChromeDriver.execute(CChromeDriver.java:19)
	at org.openqa.selenium.remote.RemoteWebDriver.executeScript(RemoteWebDriver.java:489)
	at org.openqa.selenium.support.events.EventFiringWebDriver.lambda$new$1(EventFiringWebDriver.java:105)
	at com.sun.proxy.$Proxy10.executeScript(Unknown Source)
	at org.openqa.selenium.support.events.EventFiringWebDriver.executeScript(EventFiringWebDriver.java:229)
	at com.thoughtworks.selenium.webdriven.ElementFinder.findElement(ElementFinder.java:91)
	at com.thoughtworks.selenium.webdriven.commands.SeleniumSelect.<init>(SeleniumSelect.java:48)
	at com.thoughtworks.selenium.webdriven.commands.SelectOption.handleSeleneseCommand(SelectOption.java:41)
	at com.thoughtworks.selenium.webdriven.commands.SelectOption.handleSeleneseCommand(SelectOption.java:26)
	at com.thoughtworks.selenium.webdriven.SeleneseCommand.apply(SeleneseCommand.java:39)
	at com.thoughtworks.selenium.webdriven.Timer.run(Timer.java:41)
	at com.thoughtworks.selenium.webdriven.WebDriverCommandProcessor.execute(WebDriverCommandProcessor.java:150)
	at com.thoughtworks.selenium.webdriven.WebDriverCommandProcessor.doCommand(WebDriverCommandProcessor.java:76)
	at com.thoughtworks.selenium.DefaultSelenium.select(DefaultSelenium.java:350)
	at com.thoughtworks.selenium.Selenium$select$0.call(Unknown Source)
	at Script1702500900342.run(Script1702500900342.groovy:110)
	... 16 more]]></system-out>
         <system-err><![CDATA[2023-12-16 21:16:16 - [TEST_CASE][ERROR] - Test Cases/IntegratedWeb/IWP23-SelIDE/MaximumAmountErrorPC: Test Cases/IntegratedWeb/IWP23-SelIDE/MaximumAmountErrorPC FAILED.
Reason:
com.thoughtworks.selenium.SeleniumException: Element name=variableField4DropdownGroupItemID not found
	at com.thoughtworks.selenium.webdriven.ElementFinder.findElement(ElementFinder.java:93)
	at com.thoughtworks.selenium.webdriven.commands.SeleniumSelect.<init>(SeleniumSelect.java:48)
	at com.thoughtworks.selenium.webdriven.commands.SelectOption.handleSeleneseCommand(SelectOption.java:41)
	at com.thoughtworks.selenium.webdriven.commands.SelectOption.handleSeleneseCommand(SelectOption.java:26)
	at com.thoughtworks.selenium.webdriven.SeleneseCommand.apply(SeleneseCommand.java:39)
	at com.thoughtworks.selenium.webdriven.Timer.run(Timer.java:41)
	at com.thoughtworks.selenium.webdriven.WebDriverCommandProcessor.execute(WebDriverCommandProcessor.java:150)
	at com.thoughtworks.selenium.webdriven.WebDriverCommandProcessor.doCommand(WebDriverCommandProcessor.java:76)
	at com.thoughtworks.selenium.DefaultSelenium.select(DefaultSelenium.java:350)
	at com.thoughtworks.selenium.Selenium$select$0.call(Unknown Source)
	at MaximumAmountErrorPC.run(MaximumAmountErrorPC:110)
	at com.kms.katalon.core.main.ScriptEngine.run(ScriptEngine.java:194)
	at com.kms.katalon.core.main.ScriptEngine.runScriptAsRawText(ScriptEngine.java:119)
	at com.kms.katalon.core.main.TestCaseExecutor.runScript(TestCaseExecutor.java:448)
	at com.kms.katalon.core.main.TestCaseExecutor.doExecute(TestCaseExecutor.java:439)
	at com.kms.katalon.core.main.TestCaseExecutor.processExecutionPhase(TestCaseExecutor.java:418)
	at com.kms.katalon.core.main.TestCaseExecutor.accessMainPhase(TestCaseExecutor.java:410)
	at com.kms.katalon.core.main.TestCaseExecutor.execute(TestCaseExecutor.java:285)
	at com.kms.katalon.core.main.TestCaseExecutor.execute(TestCaseExecutor.java:369)
	at com.kms.katalon.core.main.TestCaseExecutor.execute(TestCaseExecutor.java:369)
	at com.kms.katalon.core.main.TestCaseExecutor.execute(TestCaseExecutor.java:369)
	at com.kms.katalon.core.common.CommonExecutor.accessTestCaseMainPhase(CommonExecutor.java:65)
	at com.kms.katalon.core.main.TestSuiteExecutor.accessTestSuiteMainPhase(TestSuiteExecutor.java:148)
	at com.kms.katalon.core.main.TestSuiteExecutor.execute(TestSuiteExecutor.java:106)
	at com.kms.katalon.core.main.TestCaseMain.startTestSuite(TestCaseMain.java:187)
	at com.kms.katalon.core.main.TestCaseMain$startTestSuite$0.call(Unknown Source)
	at TempTestSuite1702778440031.run(TempTestSuite1702778440031.groovy:36)
Caused by: org.openqa.selenium.JavascriptException: javascript error: Element name=variableField4DropdownGroupItemID not found
  (Session info: chrome=120.0.6099.109)
Build info: version: '3.141.59', revision: 'e82be7d358', time: '2018-11-14T08:25:53'
System info: host: 'DESKTOP-B2QI6NS', ip: '172.31.253.139', os.name: 'Windows 10', os.arch: 'amd64', os.version: '10.0', java.version: '1.8.0_181'
Driver info: com.kms.katalon.selenium.driver.CChromeDriver
Capabilities {acceptInsecureCerts: true, browserName: chrome, browserVersion: 120.0.6099.109, chrome: {chromedriverVersion: 119.0.6045.105 (38c72552c5e..., userDataDir: C:\Users\imtiaz\AppData\Loc...}, fedcm:accounts: true, goog:chromeOptions: {debuggerAddress: localhost:56088}, javascriptEnabled: true, networkConnectionEnabled: false, pageLoadStrategy: normal, platform: WINDOWS, platformName: WINDOWS, proxy: Proxy(), setWindowRect: true, strictFileInteractability: false, timeouts: {implicit: 0, pageLoad: 300000, script: 30000}, unhandledPromptBehavior: dismiss and notify, webauthn:extension:credBlob: true, webauthn:extension:largeBlob: true, webauthn:extension:minPinLength: true, webauthn:extension:prf: true, webauthn:virtualAuthenticators: true}
Session ID: a4fb5e21c8634599365ef600c33e7c3b
	at org.openqa.selenium.remote.http.W3CHttpResponseCodec.createException(W3CHttpResponseCodec.java:187)
	at org.openqa.selenium.remote.http.W3CHttpResponseCodec.decode(W3CHttpResponseCodec.java:122)
	at org.openqa.selenium.remote.http.W3CHttpResponseCodec.decode(W3CHttpResponseCodec.java:49)
	at org.openqa.selenium.remote.HttpCommandExecutor.execute(HttpCommandExecutor.java:158)
	at org.openqa.selenium.remote.service.DriverCommandExecutor.execute(DriverCommandExecutor.java:83)
	at org.openqa.selenium.remote.RemoteWebDriver.execute(RemoteWebDriver.java:552)
	at com.kms.katalon.selenium.driver.CChromeDriver.execute(CChromeDriver.java:19)
	at org.openqa.selenium.remote.RemoteWebDriver.executeScript(RemoteWebDriver.java:489)
	at org.openqa.selenium.support.events.EventFiringWebDriver.lambda$new$1(EventFiringWebDriver.java:105)
	at com.sun.proxy.$Proxy10.executeScript(Unknown Source)
	at org.openqa.selenium.support.events.EventFiringWebDriver.executeScript(EventFiringWebDriver.java:229)
	at com.thoughtworks.selenium.webdriven.ElementFinder.findElement(ElementFinder.java:91)
	... 26 more]]></system-err>
      </testcase>
      <testcase name="Test Cases/IntegratedWeb/IWP23-SelIDE/MinimumAmountErrorCC" time="12.723" classname="Test Cases/IntegratedWeb/IWP23-SelIDE/MinimumAmountErrorCC" status="ERROR">
         <error type="ERROR" message="Test Cases/IntegratedWeb/IWP23-SelIDE/MinimumAmountErrorCC FAILED.
Reason:
com.thoughtworks.selenium.SeleniumException: Element name=variableField4DropdownGroupItemID not found
	at com.thoughtworks.selenium.webdriven.ElementFinder.findElement(ElementFinder.java:93)
	at com.thoughtworks.selenium.webdriven.commands.SeleniumSelect.&lt;init>(SeleniumSelect.java:48)
	at com.thoughtworks.selenium.webdriven.commands.SelectOption.handleSeleneseCommand(SelectOption.java:41)
	at com.thoughtworks.selenium.webdriven.commands.SelectOption.handleSeleneseCommand(SelectOption.java:26)
	at com.thoughtworks.selenium.webdriven.SeleneseCommand.apply(SeleneseCommand.java:39)
	at com.thoughtworks.selenium.webdriven.Timer.run(Timer.java:41)
	at com.thoughtworks.selenium.webdriven.WebDriverCommandProcessor.execute(WebDriverCommandProcessor.java:150)
	at com.thoughtworks.selenium.webdriven.WebDriverCommandProcessor.doCommand(WebDriverCommandProcessor.java:76)
	at com.thoughtworks.selenium.DefaultSelenium.select(DefaultSelenium.java:350)
	at com.thoughtworks.selenium.Selenium$select$0.call(Unknown Source)
	at MinimumAmountErrorCC.run(MinimumAmountErrorCC:111)
	at com.kms.katalon.core.main.ScriptEngine.run(ScriptEngine.java:194)
	at com.kms.katalon.core.main.ScriptEngine.runScriptAsRawText(ScriptEngine.java:119)
	at com.kms.katalon.core.main.TestCaseExecutor.runScript(TestCaseExecutor.java:448)
	at com.kms.katalon.core.main.TestCaseExecutor.doExecute(TestCaseExecutor.java:439)
	at com.kms.katalon.core.main.TestCaseExecutor.processExecutionPhase(TestCaseExecutor.java:418)
	at com.kms.katalon.core.main.TestCaseExecutor.accessMainPhase(TestCaseExecutor.java:410)
	at com.kms.katalon.core.main.TestCaseExecutor.execute(TestCaseExecutor.java:285)
	at com.kms.katalon.core.main.TestCaseExecutor.execute(TestCaseExecutor.java:369)
	at com.kms.katalon.core.main.TestCaseExecutor.execute(TestCaseExecutor.java:369)
	at com.kms.katalon.core.main.TestCaseExecutor.execute(TestCaseExecutor.java:369)
	at com.kms.katalon.core.common.CommonExecutor.accessTestCaseMainPhase(CommonExecutor.java:65)
	at com.kms.katalon.core.main.TestSuiteExecutor.accessTestSuiteMainPhase(TestSuiteExecutor.java:148)
	at com.kms.katalon.core.main.TestSuiteExecutor.execute(TestSuiteExecutor.java:106)
	at com.kms.katalon.core.main.TestCaseMain.startTestSuite(TestCaseMain.java:187)
	at com.kms.katalon.core.main.TestCaseMain$startTestSuite$0.call(Unknown Source)
	at TempTestSuite1702778440031.run(TempTestSuite1702778440031.groovy:36)
Caused by: org.openqa.selenium.JavascriptException: javascript error: Element name=variableField4DropdownGroupItemID not found
  (Session info: chrome=120.0.6099.109)
Build info: version: '3.141.59', revision: 'e82be7d358', time: '2018-11-14T08:25:53'
System info: host: 'DESKTOP-B2QI6NS', ip: '172.31.253.139', os.name: 'Windows 10', os.arch: 'amd64', os.version: '10.0', java.version: '1.8.0_181'
Driver info: com.kms.katalon.selenium.driver.CChromeDriver
Capabilities {acceptInsecureCerts: true, browserName: chrome, browserVersion: 120.0.6099.109, chrome: {chromedriverVersion: 119.0.6045.105 (38c72552c5e..., userDataDir: C:\Users\imtiaz\AppData\Loc...}, fedcm:accounts: true, goog:chromeOptions: {debuggerAddress: localhost:56586}, javascriptEnabled: true, networkConnectionEnabled: false, pageLoadStrategy: normal, platform: WINDOWS, platformName: WINDOWS, proxy: Proxy(), setWindowRect: true, strictFileInteractability: false, timeouts: {implicit: 0, pageLoad: 300000, script: 30000}, unhandledPromptBehavior: dismiss and notify, webauthn:extension:credBlob: true, webauthn:extension:largeBlob: true, webauthn:extension:minPinLength: true, webauthn:extension:prf: true, webauthn:virtualAuthenticators: true}
Session ID: c287a1b6d97370515409a8b3a161ef58
	at org.openqa.selenium.remote.http.W3CHttpResponseCodec.createException(W3CHttpResponseCodec.java:187)
	at org.openqa.selenium.remote.http.W3CHttpResponseCodec.decode(W3CHttpResponseCodec.java:122)
	at org.openqa.selenium.remote.http.W3CHttpResponseCodec.decode(W3CHttpResponseCodec.java:49)
	at org.openqa.selenium.remote.HttpCommandExecutor.execute(HttpCommandExecutor.java:158)
	at org.openqa.selenium.remote.service.DriverCommandExecutor.execute(DriverCommandExecutor.java:83)
	at org.openqa.selenium.remote.RemoteWebDriver.execute(RemoteWebDriver.java:552)
	at com.kms.katalon.selenium.driver.CChromeDriver.execute(CChromeDriver.java:19)
	at org.openqa.selenium.remote.RemoteWebDriver.executeScript(RemoteWebDriver.java:489)
	at org.openqa.selenium.support.events.EventFiringWebDriver.lambda$new$1(EventFiringWebDriver.java:105)
	at com.sun.proxy.$Proxy10.executeScript(Unknown Source)
	at org.openqa.selenium.support.events.EventFiringWebDriver.executeScript(EventFiringWebDriver.java:229)
	at com.thoughtworks.selenium.webdriven.ElementFinder.findElement(ElementFinder.java:91)
	... 26 more
"/>
         <system-out><![CDATA[2023-12-16 21:17:06 - [TEST_CASE][ERROR] - Test Cases/IntegratedWeb/IWP23-SelIDE/MinimumAmountErrorCC: Test Cases/IntegratedWeb/IWP23-SelIDE/MinimumAmountErrorCC FAILED.
Reason:
com.thoughtworks.selenium.SeleniumException: Element name=variableField4DropdownGroupItemID not found
	at com.thoughtworks.selenium.webdriven.ElementFinder.findElement(ElementFinder.java:93)
	at com.thoughtworks.selenium.webdriven.commands.SeleniumSelect.<init>(SeleniumSelect.java:48)
	at com.thoughtworks.selenium.webdriven.commands.SelectOption.handleSeleneseCommand(SelectOption.java:41)
	at com.thoughtworks.selenium.webdriven.commands.SelectOption.handleSeleneseCommand(SelectOption.java:26)
	at com.thoughtworks.selenium.webdriven.SeleneseCommand.apply(SeleneseCommand.java:39)
	at com.thoughtworks.selenium.webdriven.Timer.run(Timer.java:41)
	at com.thoughtworks.selenium.webdriven.WebDriverCommandProcessor.execute(WebDriverCommandProcessor.java:150)
	at com.thoughtworks.selenium.webdriven.WebDriverCommandProcessor.doCommand(WebDriverCommandProcessor.java:76)
	at com.thoughtworks.selenium.DefaultSelenium.select(DefaultSelenium.java:350)
	at com.thoughtworks.selenium.Selenium$select$0.call(Unknown Source)
	at MinimumAmountErrorCC.run(MinimumAmountErrorCC:111)
	at com.kms.katalon.core.main.ScriptEngine.run(ScriptEngine.java:194)
	at com.kms.katalon.core.main.ScriptEngine.runScriptAsRawText(ScriptEngine.java:119)
	at com.kms.katalon.core.main.TestCaseExecutor.runScript(TestCaseExecutor.java:448)
	at com.kms.katalon.core.main.TestCaseExecutor.doExecute(TestCaseExecutor.java:439)
	at com.kms.katalon.core.main.TestCaseExecutor.processExecutionPhase(TestCaseExecutor.java:418)
	at com.kms.katalon.core.main.TestCaseExecutor.accessMainPhase(TestCaseExecutor.java:410)
	at com.kms.katalon.core.main.TestCaseExecutor.execute(TestCaseExecutor.java:285)
	at com.kms.katalon.core.main.TestCaseExecutor.execute(TestCaseExecutor.java:369)
	at com.kms.katalon.core.main.TestCaseExecutor.execute(TestCaseExecutor.java:369)
	at com.kms.katalon.core.main.TestCaseExecutor.execute(TestCaseExecutor.java:369)
	at com.kms.katalon.core.common.CommonExecutor.accessTestCaseMainPhase(CommonExecutor.java:65)
	at com.kms.katalon.core.main.TestSuiteExecutor.accessTestSuiteMainPhase(TestSuiteExecutor.java:148)
	at com.kms.katalon.core.main.TestSuiteExecutor.execute(TestSuiteExecutor.java:106)
	at com.kms.katalon.core.main.TestCaseMain.startTestSuite(TestCaseMain.java:187)
	at com.kms.katalon.core.main.TestCaseMain$startTestSuite$0.call(Unknown Source)
	at TempTestSuite1702778440031.run(TempTestSuite1702778440031.groovy:36)
Caused by: org.openqa.selenium.JavascriptException: javascript error: Element name=variableField4DropdownGroupItemID not found
  (Session info: chrome=120.0.6099.109)
Build info: version: '3.141.59', revision: 'e82be7d358', time: '2018-11-14T08:25:53'
System info: host: 'DESKTOP-B2QI6NS', ip: '172.31.253.139', os.name: 'Windows 10', os.arch: 'amd64', os.version: '10.0', java.version: '1.8.0_181'
Driver info: com.kms.katalon.selenium.driver.CChromeDriver
Capabilities {acceptInsecureCerts: true, browserName: chrome, browserVersion: 120.0.6099.109, chrome: {chromedriverVersion: 119.0.6045.105 (38c72552c5e..., userDataDir: C:\Users\imtiaz\AppData\Loc...}, fedcm:accounts: true, goog:chromeOptions: {debuggerAddress: localhost:56586}, javascriptEnabled: true, networkConnectionEnabled: false, pageLoadStrategy: normal, platform: WINDOWS, platformName: WINDOWS, proxy: Proxy(), setWindowRect: true, strictFileInteractability: false, timeouts: {implicit: 0, pageLoad: 300000, script: 30000}, unhandledPromptBehavior: dismiss and notify, webauthn:extension:credBlob: true, webauthn:extension:largeBlob: true, webauthn:extension:minPinLength: true, webauthn:extension:prf: true, webauthn:virtualAuthenticators: true}
Session ID: c287a1b6d97370515409a8b3a161ef58
	at org.openqa.selenium.remote.http.W3CHttpResponseCodec.createException(W3CHttpResponseCodec.java:187)
	at org.openqa.selenium.remote.http.W3CHttpResponseCodec.decode(W3CHttpResponseCodec.java:122)
	at org.openqa.selenium.remote.http.W3CHttpResponseCodec.decode(W3CHttpResponseCodec.java:49)
	at org.openqa.selenium.remote.HttpCommandExecutor.execute(HttpCommandExecutor.java:158)
	at org.openqa.selenium.remote.service.DriverCommandExecutor.execute(DriverCommandExecutor.java:83)
	at org.openqa.selenium.remote.RemoteWebDriver.execute(RemoteWebDriver.java:552)
	at com.kms.katalon.selenium.driver.CChromeDriver.execute(CChromeDriver.java:19)
	at org.openqa.selenium.remote.RemoteWebDriver.executeScript(RemoteWebDriver.java:489)
	at org.openqa.selenium.support.events.EventFiringWebDriver.lambda$new$1(EventFiringWebDriver.java:105)
	at com.sun.proxy.$Proxy10.executeScript(Unknown Source)
	at org.openqa.selenium.support.events.EventFiringWebDriver.executeScript(EventFiringWebDriver.java:229)
	at com.thoughtworks.selenium.webdriven.ElementFinder.findElement(ElementFinder.java:91)
	... 26 more


2023-12-16 21:17:06 - [TEST_STEP][PASSED] - softAssertion = new org.testng.asserts.SoftAssert(): null

2023-12-16 21:17:06 - [TEST_STEP][PASSED] - openBrowser("https://www.google.com/"): Browser is opened with url: 'https://www.google.com/'

2023-12-16 21:17:06 - [MESSAGE][WARNING] - A browser is already opened. Closing browser and opening a new one

2023-12-16 21:17:07 - [MESSAGE][INFO] - Starting 'Chrome' driver

2023-12-16 21:17:07 - [MESSAGE][INFO] - User set preference: ['acceptInsecureCerts', 'true']

2023-12-16 21:17:07 - [MESSAGE][INFO] - Action delay is set to 0 milliseconds

2023-12-16 21:17:10 - [MESSAGE][PASSED] - Browser is opened with url: 'https://www.google.com/'

2023-12-16 21:17:10 - [TEST_STEP][PASSED] - driver = getWebDriver(): null

2023-12-16 21:17:10 - [TEST_STEP][PASSED] - baseUrl = "https://www.google.com/": null

2023-12-16 21:17:10 - [TEST_STEP][PASSED] - selenium = new com.thoughtworks.selenium.webdriven.WebDriverBackedSelenium(driver, baseUrl): null

2023-12-16 21:17:10 - [TEST_STEP][PASSED] - println("Begin Test: MinimumAmountErrorCC"): null

2023-12-16 21:17:10 - [TEST_STEP][PASSED] - emulatorURL = urlEmulator: null

2023-12-16 21:17:10 - [TEST_STEP][PASSED] - selenium.open(emulatorURL): null

2023-12-16 21:17:10 - [TEST_STEP][PASSED] - selenium.selectWindow("null"): null

2023-12-16 21:17:10 - [TEST_STEP][PASSED] - selenium.select("name=message_version", "label=2.3"): null

2023-12-16 21:17:11 - [TEST_STEP][PASSED] - selenium.waitForPageToLoad("30000"): null

2023-12-16 21:17:11 - [TEST_STEP][PASSED] - selenium.type("name=amount", 00".toString()): null

2023-12-16 21:17:11 - [TEST_STEP][PASSED] - selenium.type("name=client_account_number", "CAN12345"): null

2023-12-16 21:17:11 - [TEST_STEP][PASSED] - selenium.type("name=action_type", "PayNow"): null

2023-12-16 21:17:12 - [TEST_STEP][PASSED] - selenium.type("name=language", "en_US"): null

2023-12-16 21:17:12 - [TEST_STEP][PASSED] - selenium.type("name=billing_firstname", "Mandy"): null

2023-12-16 21:17:12 - [TEST_STEP][PASSED] - selenium.type("name=billing_lastname", "Iguera"): null

2023-12-16 21:17:12 - [TEST_STEP][PASSED] - selenium.type("name=billing_address", "56 World Center Drive".toString()): null

2023-12-16 21:17:12 - [TEST_STEP][PASSED] - selenium.type("name=billing_address2", "Suite 600".toString()): null

2023-12-16 21:17:12 - [TEST_STEP][PASSED] - selenium.type("name=billing_country_id", "840"): null

2023-12-16 21:17:12 - [TEST_STEP][PASSED] - selenium.type("name=billing_city", "Orlando"): null

2023-12-16 21:17:12 - [TEST_STEP][PASSED] - selenium.type("name=billing_state", "NH"): null

2023-12-16 21:17:12 - [TEST_STEP][PASSED] - selenium.type("name=billing_zip", "03106"): null

2023-12-16 21:17:12 - [TEST_STEP][PASSED] - selenium.type("name=order_number", "PPPPOOOO"): null

2023-12-16 21:17:12 - [TEST_STEP][PASSED] - selenium.type("name=user_defined1", "udf1"): null

2023-12-16 21:17:12 - [TEST_STEP][PASSED] - selenium.type("name=user_defined2", "udf2"): null

2023-12-16 21:17:12 - [TEST_STEP][PASSED] - selenium.type("name=user_defined3", "udf3"): null

2023-12-16 21:17:12 - [TEST_STEP][PASSED] - selenium.type("name=user_defined4", "Orange Label".toString()): null

2023-12-16 21:17:12 - [TEST_STEP][PASSED] - selenium.type("name=user_defined5", "Soccer Label".toString()): null

2023-12-16 21:17:12 - [TEST_STEP][PASSED] - selenium.click("name=submit"): null

2023-12-16 21:17:12 - [TEST_STEP][PASSED] - selenium.waitForPageToLoad("30000"): null

2023-12-16 21:17:13 - [TEST_STEP][PASSED] - Thread.sleep(2000): null

2023-12-16 21:17:15 - [TEST_STEP][PASSED] - testHarnessURL = urlTestHarness: null

2023-12-16 21:17:15 - [TEST_STEP][PASSED] - selenium.open(testHarnessURL): null

2023-12-16 21:17:15 - [TEST_STEP][PASSED] - selenium.type("name=application_id", "635"): null

2023-12-16 21:17:15 - [TEST_STEP][PASSED] - selenium.type("name=message_version", 3".toString()): null

2023-12-16 21:17:15 - [TEST_STEP][PASSED] - genRemIDVoid = RandomStringUtils.random(12, true, true): null

2023-12-16 21:17:15 - [TEST_STEP][PASSED] - selenium.type("name=remittance_id", genRemIDVoid): null

2023-12-16 21:17:16 - [TEST_STEP][PASSED] - selenium.click("css=input.formSubmit"): null

2023-12-16 21:17:16 - [TEST_STEP][PASSED] - selenium.waitForPageToLoad("30000"): null

2023-12-16 21:17:17 - [TEST_STEP][PASSED] - selenium.selectWindow("null"): null

2023-12-16 21:17:17 - [TEST_STEP][PASSED] - selenium.click("name=paymentMethod"): null

2023-12-16 21:17:17 - [TEST_STEP][PASSED] - selenium.click("css=input[type="submit"]"): null

2023-12-16 21:17:18 - [TEST_STEP][PASSED] - selenium.waitForPageToLoad("30000"): null

2023-12-16 21:17:19 - [TEST_STEP][PASSED] - selenium.type("name=amount", 00".toString()): null

2023-12-16 21:17:19 - [TEST_STEP][PASSED] - selenium.type("name=userDefined2", "udf2 new".toString()): null

2023-12-16 21:17:19 - [TEST_STEP][PASSED] - selenium.type("name=userDefined3", "udf3 new".toString()): null

2023-12-16 21:17:19 - [TEST_STEP][ERROR] - selenium.select("name=variableField4DropdownGroupItemID", "label=Purple"): Test Cases/IntegratedWeb/IWP23-SelIDE/MinimumAmountErrorCC FAILED.
Reason:
com.thoughtworks.selenium.SeleniumException: Element name=variableField4DropdownGroupItemID not found
	at com.thoughtworks.selenium.webdriven.ElementFinder.findElement(ElementFinder.java:93)
	at com.thoughtworks.selenium.webdriven.commands.SeleniumSelect.<init>(SeleniumSelect.java:48)
	at com.thoughtworks.selenium.webdriven.commands.SelectOption.handleSeleneseCommand(SelectOption.java:41)
	at com.thoughtworks.selenium.webdriven.commands.SelectOption.handleSeleneseCommand(SelectOption.java:26)
	at com.thoughtworks.selenium.webdriven.SeleneseCommand.apply(SeleneseCommand.java:39)
	at com.thoughtworks.selenium.webdriven.Timer.run(Timer.java:41)
	at com.thoughtworks.selenium.webdriven.WebDriverCommandProcessor.execute(WebDriverCommandProcessor.java:150)
	at com.thoughtworks.selenium.webdriven.WebDriverCommandProcessor.doCommand(WebDriverCommandProcessor.java:76)
	at com.thoughtworks.selenium.DefaultSelenium.select(DefaultSelenium.java:350)
	at com.thoughtworks.selenium.Selenium$select$0.call(Unknown Source)
	at MinimumAmountErrorCC.run(MinimumAmountErrorCC:111)
	at com.kms.katalon.core.main.ScriptEngine.run(ScriptEngine.java:194)
	at com.kms.katalon.core.main.ScriptEngine.runScriptAsRawText(ScriptEngine.java:119)
	at com.kms.katalon.core.main.TestCaseExecutor.runScript(TestCaseExecutor.java:448)
	at com.kms.katalon.core.main.TestCaseExecutor.doExecute(TestCaseExecutor.java:439)
	at com.kms.katalon.core.main.TestCaseExecutor.processExecutionPhase(TestCaseExecutor.java:418)
	at com.kms.katalon.core.main.TestCaseExecutor.accessMainPhase(TestCaseExecutor.java:410)
	at com.kms.katalon.core.main.TestCaseExecutor.execute(TestCaseExecutor.java:285)
	at com.kms.katalon.core.main.TestCaseExecutor.execute(TestCaseExecutor.java:369)
	at com.kms.katalon.core.main.TestCaseExecutor.execute(TestCaseExecutor.java:369)
	at com.kms.katalon.core.main.TestCaseExecutor.execute(TestCaseExecutor.java:369)
	at com.kms.katalon.core.common.CommonExecutor.accessTestCaseMainPhase(CommonExecutor.java:65)
	at com.kms.katalon.core.main.TestSuiteExecutor.accessTestSuiteMainPhase(TestSuiteExecutor.java:148)
	at com.kms.katalon.core.main.TestSuiteExecutor.execute(TestSuiteExecutor.java:106)
	at com.kms.katalon.core.main.TestCaseMain.startTestSuite(TestCaseMain.java:187)
	at com.kms.katalon.core.main.TestCaseMain$startTestSuite$0.call(Unknown Source)
	at TempTestSuite1702778440031.run(TempTestSuite1702778440031.groovy:36)
Caused by: org.openqa.selenium.JavascriptException: javascript error: Element name=variableField4DropdownGroupItemID not found
  (Session info: chrome=120.0.6099.109)
Build info: version: '3.141.59', revision: 'e82be7d358', time: '2018-11-14T08:25:53'
System info: host: 'DESKTOP-B2QI6NS', ip: '172.31.253.139', os.name: 'Windows 10', os.arch: 'amd64', os.version: '10.0', java.version: '1.8.0_181'
Driver info: com.kms.katalon.selenium.driver.CChromeDriver
Capabilities {acceptInsecureCerts: true, browserName: chrome, browserVersion: 120.0.6099.109, chrome: {chromedriverVersion: 119.0.6045.105 (38c72552c5e..., userDataDir: C:\Users\imtiaz\AppData\Loc...}, fedcm:accounts: true, goog:chromeOptions: {debuggerAddress: localhost:56586}, javascriptEnabled: true, networkConnectionEnabled: false, pageLoadStrategy: normal, platform: WINDOWS, platformName: WINDOWS, proxy: Proxy(), setWindowRect: true, strictFileInteractability: false, timeouts: {implicit: 0, pageLoad: 300000, script: 30000}, unhandledPromptBehavior: dismiss and notify, webauthn:extension:credBlob: true, webauthn:extension:largeBlob: true, webauthn:extension:minPinLength: true, webauthn:extension:prf: true, webauthn:virtualAuthenticators: true}
Session ID: c287a1b6d97370515409a8b3a161ef58
	at org.openqa.selenium.remote.http.W3CHttpResponseCodec.createException(W3CHttpResponseCodec.java:187)
	at org.openqa.selenium.remote.http.W3CHttpResponseCodec.decode(W3CHttpResponseCodec.java:122)
	at org.openqa.selenium.remote.http.W3CHttpResponseCodec.decode(W3CHttpResponseCodec.java:49)
	at org.openqa.selenium.remote.HttpCommandExecutor.execute(HttpCommandExecutor.java:158)
	at org.openqa.selenium.remote.service.DriverCommandExecutor.execute(DriverCommandExecutor.java:83)
	at org.openqa.selenium.remote.RemoteWebDriver.execute(RemoteWebDriver.java:552)
	at com.kms.katalon.selenium.driver.CChromeDriver.execute(CChromeDriver.java:19)
	at org.openqa.selenium.remote.RemoteWebDriver.executeScript(RemoteWebDriver.java:489)
	at org.openqa.selenium.support.events.EventFiringWebDriver.lambda$new$1(EventFiringWebDriver.java:105)
	at com.sun.proxy.$Proxy10.executeScript(Unknown Source)
	at org.openqa.selenium.support.events.EventFiringWebDriver.executeScript(EventFiringWebDriver.java:229)
	at com.thoughtworks.selenium.webdriven.ElementFinder.findElement(ElementFinder.java:91)
	at com.thoughtworks.selenium.webdriven.commands.SeleniumSelect.<init>(SeleniumSelect.java:48)
	at com.thoughtworks.selenium.webdriven.commands.SelectOption.handleSeleneseCommand(SelectOption.java:41)
	at com.thoughtworks.selenium.webdriven.commands.SelectOption.handleSeleneseCommand(SelectOption.java:26)
	at com.thoughtworks.selenium.webdriven.SeleneseCommand.apply(SeleneseCommand.java:39)
	at com.thoughtworks.selenium.webdriven.Timer.run(Timer.java:41)
	at com.thoughtworks.selenium.webdriven.WebDriverCommandProcessor.execute(WebDriverCommandProcessor.java:150)
	at com.thoughtworks.selenium.webdriven.WebDriverCommandProcessor.doCommand(WebDriverCommandProcessor.java:76)
	at com.thoughtworks.selenium.DefaultSelenium.select(DefaultSelenium.java:350)
	at com.thoughtworks.selenium.Selenium$select$0.call(Unknown Source)
	at Script1702500928953.run(Script1702500928953.groovy:111)
	... 16 more


2023-12-16 21:17:19 - [MESSAGE][ERROR] - Test Cases/IntegratedWeb/IWP23-SelIDE/MinimumAmountErrorCC FAILED.
Reason:
com.thoughtworks.selenium.SeleniumException: Element name=variableField4DropdownGroupItemID not found
	at com.thoughtworks.selenium.webdriven.ElementFinder.findElement(ElementFinder.java:93)
	at com.thoughtworks.selenium.webdriven.commands.SeleniumSelect.<init>(SeleniumSelect.java:48)
	at com.thoughtworks.selenium.webdriven.commands.SelectOption.handleSeleneseCommand(SelectOption.java:41)
	at com.thoughtworks.selenium.webdriven.commands.SelectOption.handleSeleneseCommand(SelectOption.java:26)
	at com.thoughtworks.selenium.webdriven.SeleneseCommand.apply(SeleneseCommand.java:39)
	at com.thoughtworks.selenium.webdriven.Timer.run(Timer.java:41)
	at com.thoughtworks.selenium.webdriven.WebDriverCommandProcessor.execute(WebDriverCommandProcessor.java:150)
	at com.thoughtworks.selenium.webdriven.WebDriverCommandProcessor.doCommand(WebDriverCommandProcessor.java:76)
	at com.thoughtworks.selenium.DefaultSelenium.select(DefaultSelenium.java:350)
	at com.thoughtworks.selenium.Selenium$select$0.call(Unknown Source)
	at MinimumAmountErrorCC.run(MinimumAmountErrorCC:111)
	at com.kms.katalon.core.main.ScriptEngine.run(ScriptEngine.java:194)
	at com.kms.katalon.core.main.ScriptEngine.runScriptAsRawText(ScriptEngine.java:119)
	at com.kms.katalon.core.main.TestCaseExecutor.runScript(TestCaseExecutor.java:448)
	at com.kms.katalon.core.main.TestCaseExecutor.doExecute(TestCaseExecutor.java:439)
	at com.kms.katalon.core.main.TestCaseExecutor.processExecutionPhase(TestCaseExecutor.java:418)
	at com.kms.katalon.core.main.TestCaseExecutor.accessMainPhase(TestCaseExecutor.java:410)
	at com.kms.katalon.core.main.TestCaseExecutor.execute(TestCaseExecutor.java:285)
	at com.kms.katalon.core.main.TestCaseExecutor.execute(TestCaseExecutor.java:369)
	at com.kms.katalon.core.main.TestCaseExecutor.execute(TestCaseExecutor.java:369)
	at com.kms.katalon.core.main.TestCaseExecutor.execute(TestCaseExecutor.java:369)
	at com.kms.katalon.core.common.CommonExecutor.accessTestCaseMainPhase(CommonExecutor.java:65)
	at com.kms.katalon.core.main.TestSuiteExecutor.accessTestSuiteMainPhase(TestSuiteExecutor.java:148)
	at com.kms.katalon.core.main.TestSuiteExecutor.execute(TestSuiteExecutor.java:106)
	at com.kms.katalon.core.main.TestCaseMain.startTestSuite(TestCaseMain.java:187)
	at com.kms.katalon.core.main.TestCaseMain$startTestSuite$0.call(Unknown Source)
	at TempTestSuite1702778440031.run(TempTestSuite1702778440031.groovy:36)
Caused by: org.openqa.selenium.JavascriptException: javascript error: Element name=variableField4DropdownGroupItemID not found
  (Session info: chrome=120.0.6099.109)
Build info: version: '3.141.59', revision: 'e82be7d358', time: '2018-11-14T08:25:53'
System info: host: 'DESKTOP-B2QI6NS', ip: '172.31.253.139', os.name: 'Windows 10', os.arch: 'amd64', os.version: '10.0', java.version: '1.8.0_181'
Driver info: com.kms.katalon.selenium.driver.CChromeDriver
Capabilities {acceptInsecureCerts: true, browserName: chrome, browserVersion: 120.0.6099.109, chrome: {chromedriverVersion: 119.0.6045.105 (38c72552c5e..., userDataDir: C:\Users\imtiaz\AppData\Loc...}, fedcm:accounts: true, goog:chromeOptions: {debuggerAddress: localhost:56586}, javascriptEnabled: true, networkConnectionEnabled: false, pageLoadStrategy: normal, platform: WINDOWS, platformName: WINDOWS, proxy: Proxy(), setWindowRect: true, strictFileInteractability: false, timeouts: {implicit: 0, pageLoad: 300000, script: 30000}, unhandledPromptBehavior: dismiss and notify, webauthn:extension:credBlob: true, webauthn:extension:largeBlob: true, webauthn:extension:minPinLength: true, webauthn:extension:prf: true, webauthn:virtualAuthenticators: true}
Session ID: c287a1b6d97370515409a8b3a161ef58
	at org.openqa.selenium.remote.http.W3CHttpResponseCodec.createException(W3CHttpResponseCodec.java:187)
	at org.openqa.selenium.remote.http.W3CHttpResponseCodec.decode(W3CHttpResponseCodec.java:122)
	at org.openqa.selenium.remote.http.W3CHttpResponseCodec.decode(W3CHttpResponseCodec.java:49)
	at org.openqa.selenium.remote.HttpCommandExecutor.execute(HttpCommandExecutor.java:158)
	at org.openqa.selenium.remote.service.DriverCommandExecutor.execute(DriverCommandExecutor.java:83)
	at org.openqa.selenium.remote.RemoteWebDriver.execute(RemoteWebDriver.java:552)
	at com.kms.katalon.selenium.driver.CChromeDriver.execute(CChromeDriver.java:19)
	at org.openqa.selenium.remote.RemoteWebDriver.executeScript(RemoteWebDriver.java:489)
	at org.openqa.selenium.support.events.EventFiringWebDriver.lambda$new$1(EventFiringWebDriver.java:105)
	at com.sun.proxy.$Proxy10.executeScript(Unknown Source)
	at org.openqa.selenium.support.events.EventFiringWebDriver.executeScript(EventFiringWebDriver.java:229)
	at com.thoughtworks.selenium.webdriven.ElementFinder.findElement(ElementFinder.java:91)
	at com.thoughtworks.selenium.webdriven.commands.SeleniumSelect.<init>(SeleniumSelect.java:48)
	at com.thoughtworks.selenium.webdriven.commands.SelectOption.handleSeleneseCommand(SelectOption.java:41)
	at com.thoughtworks.selenium.webdriven.commands.SelectOption.handleSeleneseCommand(SelectOption.java:26)
	at com.thoughtworks.selenium.webdriven.SeleneseCommand.apply(SeleneseCommand.java:39)
	at com.thoughtworks.selenium.webdriven.Timer.run(Timer.java:41)
	at com.thoughtworks.selenium.webdriven.WebDriverCommandProcessor.execute(WebDriverCommandProcessor.java:150)
	at com.thoughtworks.selenium.webdriven.WebDriverCommandProcessor.doCommand(WebDriverCommandProcessor.java:76)
	at com.thoughtworks.selenium.DefaultSelenium.select(DefaultSelenium.java:350)
	at com.thoughtworks.selenium.Selenium$select$0.call(Unknown Source)
	at Script1702500928953.run(Script1702500928953.groovy:111)
	... 16 more]]></system-out>
         <system-err><![CDATA[2023-12-16 21:17:06 - [TEST_CASE][ERROR] - Test Cases/IntegratedWeb/IWP23-SelIDE/MinimumAmountErrorCC: Test Cases/IntegratedWeb/IWP23-SelIDE/MinimumAmountErrorCC FAILED.
Reason:
com.thoughtworks.selenium.SeleniumException: Element name=variableField4DropdownGroupItemID not found
	at com.thoughtworks.selenium.webdriven.ElementFinder.findElement(ElementFinder.java:93)
	at com.thoughtworks.selenium.webdriven.commands.SeleniumSelect.<init>(SeleniumSelect.java:48)
	at com.thoughtworks.selenium.webdriven.commands.SelectOption.handleSeleneseCommand(SelectOption.java:41)
	at com.thoughtworks.selenium.webdriven.commands.SelectOption.handleSeleneseCommand(SelectOption.java:26)
	at com.thoughtworks.selenium.webdriven.SeleneseCommand.apply(SeleneseCommand.java:39)
	at com.thoughtworks.selenium.webdriven.Timer.run(Timer.java:41)
	at com.thoughtworks.selenium.webdriven.WebDriverCommandProcessor.execute(WebDriverCommandProcessor.java:150)
	at com.thoughtworks.selenium.webdriven.WebDriverCommandProcessor.doCommand(WebDriverCommandProcessor.java:76)
	at com.thoughtworks.selenium.DefaultSelenium.select(DefaultSelenium.java:350)
	at com.thoughtworks.selenium.Selenium$select$0.call(Unknown Source)
	at MinimumAmountErrorCC.run(MinimumAmountErrorCC:111)
	at com.kms.katalon.core.main.ScriptEngine.run(ScriptEngine.java:194)
	at com.kms.katalon.core.main.ScriptEngine.runScriptAsRawText(ScriptEngine.java:119)
	at com.kms.katalon.core.main.TestCaseExecutor.runScript(TestCaseExecutor.java:448)
	at com.kms.katalon.core.main.TestCaseExecutor.doExecute(TestCaseExecutor.java:439)
	at com.kms.katalon.core.main.TestCaseExecutor.processExecutionPhase(TestCaseExecutor.java:418)
	at com.kms.katalon.core.main.TestCaseExecutor.accessMainPhase(TestCaseExecutor.java:410)
	at com.kms.katalon.core.main.TestCaseExecutor.execute(TestCaseExecutor.java:285)
	at com.kms.katalon.core.main.TestCaseExecutor.execute(TestCaseExecutor.java:369)
	at com.kms.katalon.core.main.TestCaseExecutor.execute(TestCaseExecutor.java:369)
	at com.kms.katalon.core.main.TestCaseExecutor.execute(TestCaseExecutor.java:369)
	at com.kms.katalon.core.common.CommonExecutor.accessTestCaseMainPhase(CommonExecutor.java:65)
	at com.kms.katalon.core.main.TestSuiteExecutor.accessTestSuiteMainPhase(TestSuiteExecutor.java:148)
	at com.kms.katalon.core.main.TestSuiteExecutor.execute(TestSuiteExecutor.java:106)
	at com.kms.katalon.core.main.TestCaseMain.startTestSuite(TestCaseMain.java:187)
	at com.kms.katalon.core.main.TestCaseMain$startTestSuite$0.call(Unknown Source)
	at TempTestSuite1702778440031.run(TempTestSuite1702778440031.groovy:36)
Caused by: org.openqa.selenium.JavascriptException: javascript error: Element name=variableField4DropdownGroupItemID not found
  (Session info: chrome=120.0.6099.109)
Build info: version: '3.141.59', revision: 'e82be7d358', time: '2018-11-14T08:25:53'
System info: host: 'DESKTOP-B2QI6NS', ip: '172.31.253.139', os.name: 'Windows 10', os.arch: 'amd64', os.version: '10.0', java.version: '1.8.0_181'
Driver info: com.kms.katalon.selenium.driver.CChromeDriver
Capabilities {acceptInsecureCerts: true, browserName: chrome, browserVersion: 120.0.6099.109, chrome: {chromedriverVersion: 119.0.6045.105 (38c72552c5e..., userDataDir: C:\Users\imtiaz\AppData\Loc...}, fedcm:accounts: true, goog:chromeOptions: {debuggerAddress: localhost:56586}, javascriptEnabled: true, networkConnectionEnabled: false, pageLoadStrategy: normal, platform: WINDOWS, platformName: WINDOWS, proxy: Proxy(), setWindowRect: true, strictFileInteractability: false, timeouts: {implicit: 0, pageLoad: 300000, script: 30000}, unhandledPromptBehavior: dismiss and notify, webauthn:extension:credBlob: true, webauthn:extension:largeBlob: true, webauthn:extension:minPinLength: true, webauthn:extension:prf: true, webauthn:virtualAuthenticators: true}
Session ID: c287a1b6d97370515409a8b3a161ef58
	at org.openqa.selenium.remote.http.W3CHttpResponseCodec.createException(W3CHttpResponseCodec.java:187)
	at org.openqa.selenium.remote.http.W3CHttpResponseCodec.decode(W3CHttpResponseCodec.java:122)
	at org.openqa.selenium.remote.http.W3CHttpResponseCodec.decode(W3CHttpResponseCodec.java:49)
	at org.openqa.selenium.remote.HttpCommandExecutor.execute(HttpCommandExecutor.java:158)
	at org.openqa.selenium.remote.service.DriverCommandExecutor.execute(DriverCommandExecutor.java:83)
	at org.openqa.selenium.remote.RemoteWebDriver.execute(RemoteWebDriver.java:552)
	at com.kms.katalon.selenium.driver.CChromeDriver.execute(CChromeDriver.java:19)
	at org.openqa.selenium.remote.RemoteWebDriver.executeScript(RemoteWebDriver.java:489)
	at org.openqa.selenium.support.events.EventFiringWebDriver.lambda$new$1(EventFiringWebDriver.java:105)
	at com.sun.proxy.$Proxy10.executeScript(Unknown Source)
	at org.openqa.selenium.support.events.EventFiringWebDriver.executeScript(EventFiringWebDriver.java:229)
	at com.thoughtworks.selenium.webdriven.ElementFinder.findElement(ElementFinder.java:91)
	... 26 more]]></system-err>
      </testcase>
      <testcase name="Test Cases/IntegratedWeb/IWP23-SelIDE/MinimumAmountErrorPC" time="12.518" classname="Test Cases/IntegratedWeb/IWP23-SelIDE/MinimumAmountErrorPC" status="ERROR">
         <error type="ERROR" message="Test Cases/IntegratedWeb/IWP23-SelIDE/MinimumAmountErrorPC FAILED.
Reason:
com.thoughtworks.selenium.SeleniumException: Element name=variableField4DropdownGroupItemID not found
	at com.thoughtworks.selenium.webdriven.ElementFinder.findElement(ElementFinder.java:93)
	at com.thoughtworks.selenium.webdriven.commands.SeleniumSelect.&lt;init>(SeleniumSelect.java:48)
	at com.thoughtworks.selenium.webdriven.commands.SelectOption.handleSeleneseCommand(SelectOption.java:41)
	at com.thoughtworks.selenium.webdriven.commands.SelectOption.handleSeleneseCommand(SelectOption.java:26)
	at com.thoughtworks.selenium.webdriven.SeleneseCommand.apply(SeleneseCommand.java:39)
	at com.thoughtworks.selenium.webdriven.Timer.run(Timer.java:41)
	at com.thoughtworks.selenium.webdriven.WebDriverCommandProcessor.execute(WebDriverCommandProcessor.java:150)
	at com.thoughtworks.selenium.webdriven.WebDriverCommandProcessor.doCommand(WebDriverCommandProcessor.java:76)
	at com.thoughtworks.selenium.DefaultSelenium.select(DefaultSelenium.java:350)
	at com.thoughtworks.selenium.Selenium$select$0.call(Unknown Source)
	at MinimumAmountErrorPC.run(MinimumAmountErrorPC:110)
	at com.kms.katalon.core.main.ScriptEngine.run(ScriptEngine.java:194)
	at com.kms.katalon.core.main.ScriptEngine.runScriptAsRawText(ScriptEngine.java:119)
	at com.kms.katalon.core.main.TestCaseExecutor.runScript(TestCaseExecutor.java:448)
	at com.kms.katalon.core.main.TestCaseExecutor.doExecute(TestCaseExecutor.java:439)
	at com.kms.katalon.core.main.TestCaseExecutor.processExecutionPhase(TestCaseExecutor.java:418)
	at com.kms.katalon.core.main.TestCaseExecutor.accessMainPhase(TestCaseExecutor.java:410)
	at com.kms.katalon.core.main.TestCaseExecutor.execute(TestCaseExecutor.java:285)
	at com.kms.katalon.core.main.TestCaseExecutor.execute(TestCaseExecutor.java:369)
	at com.kms.katalon.core.main.TestCaseExecutor.execute(TestCaseExecutor.java:369)
	at com.kms.katalon.core.main.TestCaseExecutor.execute(TestCaseExecutor.java:369)
	at com.kms.katalon.core.common.CommonExecutor.accessTestCaseMainPhase(CommonExecutor.java:65)
	at com.kms.katalon.core.main.TestSuiteExecutor.accessTestSuiteMainPhase(TestSuiteExecutor.java:148)
	at com.kms.katalon.core.main.TestSuiteExecutor.execute(TestSuiteExecutor.java:106)
	at com.kms.katalon.core.main.TestCaseMain.startTestSuite(TestCaseMain.java:187)
	at com.kms.katalon.core.main.TestCaseMain$startTestSuite$0.call(Unknown Source)
	at TempTestSuite1702778440031.run(TempTestSuite1702778440031.groovy:36)
Caused by: org.openqa.selenium.JavascriptException: javascript error: Element name=variableField4DropdownGroupItemID not found
  (Session info: chrome=120.0.6099.109)
Build info: version: '3.141.59', revision: 'e82be7d358', time: '2018-11-14T08:25:53'
System info: host: 'DESKTOP-B2QI6NS', ip: '172.31.253.139', os.name: 'Windows 10', os.arch: 'amd64', os.version: '10.0', java.version: '1.8.0_181'
Driver info: com.kms.katalon.selenium.driver.CChromeDriver
Capabilities {acceptInsecureCerts: true, browserName: chrome, browserVersion: 120.0.6099.109, chrome: {chromedriverVersion: 119.0.6045.105 (38c72552c5e..., userDataDir: C:\Users\imtiaz\AppData\Loc...}, fedcm:accounts: true, goog:chromeOptions: {debuggerAddress: localhost:57086}, javascriptEnabled: true, networkConnectionEnabled: false, pageLoadStrategy: normal, platform: WINDOWS, platformName: WINDOWS, proxy: Proxy(), setWindowRect: true, strictFileInteractability: false, timeouts: {implicit: 0, pageLoad: 300000, script: 30000}, unhandledPromptBehavior: dismiss and notify, webauthn:extension:credBlob: true, webauthn:extension:largeBlob: true, webauthn:extension:minPinLength: true, webauthn:extension:prf: true, webauthn:virtualAuthenticators: true}
Session ID: ec17efe3a91cfd392d1700d6a5d04b1e
	at org.openqa.selenium.remote.http.W3CHttpResponseCodec.createException(W3CHttpResponseCodec.java:187)
	at org.openqa.selenium.remote.http.W3CHttpResponseCodec.decode(W3CHttpResponseCodec.java:122)
	at org.openqa.selenium.remote.http.W3CHttpResponseCodec.decode(W3CHttpResponseCodec.java:49)
	at org.openqa.selenium.remote.HttpCommandExecutor.execute(HttpCommandExecutor.java:158)
	at org.openqa.selenium.remote.service.DriverCommandExecutor.execute(DriverCommandExecutor.java:83)
	at org.openqa.selenium.remote.RemoteWebDriver.execute(RemoteWebDriver.java:552)
	at com.kms.katalon.selenium.driver.CChromeDriver.execute(CChromeDriver.java:19)
	at org.openqa.selenium.remote.RemoteWebDriver.executeScript(RemoteWebDriver.java:489)
	at org.openqa.selenium.support.events.EventFiringWebDriver.lambda$new$1(EventFiringWebDriver.java:105)
	at com.sun.proxy.$Proxy10.executeScript(Unknown Source)
	at org.openqa.selenium.support.events.EventFiringWebDriver.executeScript(EventFiringWebDriver.java:229)
	at com.thoughtworks.selenium.webdriven.ElementFinder.findElement(ElementFinder.java:91)
	... 26 more
"/>
         <system-out><![CDATA[2023-12-16 21:17:57 - [TEST_CASE][ERROR] - Test Cases/IntegratedWeb/IWP23-SelIDE/MinimumAmountErrorPC: Test Cases/IntegratedWeb/IWP23-SelIDE/MinimumAmountErrorPC FAILED.
Reason:
com.thoughtworks.selenium.SeleniumException: Element name=variableField4DropdownGroupItemID not found
	at com.thoughtworks.selenium.webdriven.ElementFinder.findElement(ElementFinder.java:93)
	at com.thoughtworks.selenium.webdriven.commands.SeleniumSelect.<init>(SeleniumSelect.java:48)
	at com.thoughtworks.selenium.webdriven.commands.SelectOption.handleSeleneseCommand(SelectOption.java:41)
	at com.thoughtworks.selenium.webdriven.commands.SelectOption.handleSeleneseCommand(SelectOption.java:26)
	at com.thoughtworks.selenium.webdriven.SeleneseCommand.apply(SeleneseCommand.java:39)
	at com.thoughtworks.selenium.webdriven.Timer.run(Timer.java:41)
	at com.thoughtworks.selenium.webdriven.WebDriverCommandProcessor.execute(WebDriverCommandProcessor.java:150)
	at com.thoughtworks.selenium.webdriven.WebDriverCommandProcessor.doCommand(WebDriverCommandProcessor.java:76)
	at com.thoughtworks.selenium.DefaultSelenium.select(DefaultSelenium.java:350)
	at com.thoughtworks.selenium.Selenium$select$0.call(Unknown Source)
	at MinimumAmountErrorPC.run(MinimumAmountErrorPC:110)
	at com.kms.katalon.core.main.ScriptEngine.run(ScriptEngine.java:194)
	at com.kms.katalon.core.main.ScriptEngine.runScriptAsRawText(ScriptEngine.java:119)
	at com.kms.katalon.core.main.TestCaseExecutor.runScript(TestCaseExecutor.java:448)
	at com.kms.katalon.core.main.TestCaseExecutor.doExecute(TestCaseExecutor.java:439)
	at com.kms.katalon.core.main.TestCaseExecutor.processExecutionPhase(TestCaseExecutor.java:418)
	at com.kms.katalon.core.main.TestCaseExecutor.accessMainPhase(TestCaseExecutor.java:410)
	at com.kms.katalon.core.main.TestCaseExecutor.execute(TestCaseExecutor.java:285)
	at com.kms.katalon.core.main.TestCaseExecutor.execute(TestCaseExecutor.java:369)
	at com.kms.katalon.core.main.TestCaseExecutor.execute(TestCaseExecutor.java:369)
	at com.kms.katalon.core.main.TestCaseExecutor.execute(TestCaseExecutor.java:369)
	at com.kms.katalon.core.common.CommonExecutor.accessTestCaseMainPhase(CommonExecutor.java:65)
	at com.kms.katalon.core.main.TestSuiteExecutor.accessTestSuiteMainPhase(TestSuiteExecutor.java:148)
	at com.kms.katalon.core.main.TestSuiteExecutor.execute(TestSuiteExecutor.java:106)
	at com.kms.katalon.core.main.TestCaseMain.startTestSuite(TestCaseMain.java:187)
	at com.kms.katalon.core.main.TestCaseMain$startTestSuite$0.call(Unknown Source)
	at TempTestSuite1702778440031.run(TempTestSuite1702778440031.groovy:36)
Caused by: org.openqa.selenium.JavascriptException: javascript error: Element name=variableField4DropdownGroupItemID not found
  (Session info: chrome=120.0.6099.109)
Build info: version: '3.141.59', revision: 'e82be7d358', time: '2018-11-14T08:25:53'
System info: host: 'DESKTOP-B2QI6NS', ip: '172.31.253.139', os.name: 'Windows 10', os.arch: 'amd64', os.version: '10.0', java.version: '1.8.0_181'
Driver info: com.kms.katalon.selenium.driver.CChromeDriver
Capabilities {acceptInsecureCerts: true, browserName: chrome, browserVersion: 120.0.6099.109, chrome: {chromedriverVersion: 119.0.6045.105 (38c72552c5e..., userDataDir: C:\Users\imtiaz\AppData\Loc...}, fedcm:accounts: true, goog:chromeOptions: {debuggerAddress: localhost:57086}, javascriptEnabled: true, networkConnectionEnabled: false, pageLoadStrategy: normal, platform: WINDOWS, platformName: WINDOWS, proxy: Proxy(), setWindowRect: true, strictFileInteractability: false, timeouts: {implicit: 0, pageLoad: 300000, script: 30000}, unhandledPromptBehavior: dismiss and notify, webauthn:extension:credBlob: true, webauthn:extension:largeBlob: true, webauthn:extension:minPinLength: true, webauthn:extension:prf: true, webauthn:virtualAuthenticators: true}
Session ID: ec17efe3a91cfd392d1700d6a5d04b1e
	at org.openqa.selenium.remote.http.W3CHttpResponseCodec.createException(W3CHttpResponseCodec.java:187)
	at org.openqa.selenium.remote.http.W3CHttpResponseCodec.decode(W3CHttpResponseCodec.java:122)
	at org.openqa.selenium.remote.http.W3CHttpResponseCodec.decode(W3CHttpResponseCodec.java:49)
	at org.openqa.selenium.remote.HttpCommandExecutor.execute(HttpCommandExecutor.java:158)
	at org.openqa.selenium.remote.service.DriverCommandExecutor.execute(DriverCommandExecutor.java:83)
	at org.openqa.selenium.remote.RemoteWebDriver.execute(RemoteWebDriver.java:552)
	at com.kms.katalon.selenium.driver.CChromeDriver.execute(CChromeDriver.java:19)
	at org.openqa.selenium.remote.RemoteWebDriver.executeScript(RemoteWebDriver.java:489)
	at org.openqa.selenium.support.events.EventFiringWebDriver.lambda$new$1(EventFiringWebDriver.java:105)
	at com.sun.proxy.$Proxy10.executeScript(Unknown Source)
	at org.openqa.selenium.support.events.EventFiringWebDriver.executeScript(EventFiringWebDriver.java:229)
	at com.thoughtworks.selenium.webdriven.ElementFinder.findElement(ElementFinder.java:91)
	... 26 more


2023-12-16 21:17:57 - [TEST_STEP][PASSED] - softAssertion = new org.testng.asserts.SoftAssert(): null

2023-12-16 21:17:57 - [TEST_STEP][PASSED] - openBrowser("https://www.google.com/"): Browser is opened with url: 'https://www.google.com/'

2023-12-16 21:17:57 - [MESSAGE][WARNING] - A browser is already opened. Closing browser and opening a new one

2023-12-16 21:17:58 - [MESSAGE][INFO] - Starting 'Chrome' driver

2023-12-16 21:17:58 - [MESSAGE][INFO] - User set preference: ['acceptInsecureCerts', 'true']

2023-12-16 21:17:58 - [MESSAGE][INFO] - Action delay is set to 0 milliseconds

2023-12-16 21:18:00 - [MESSAGE][PASSED] - Browser is opened with url: 'https://www.google.com/'

2023-12-16 21:18:00 - [TEST_STEP][PASSED] - driver = getWebDriver(): null

2023-12-16 21:18:00 - [TEST_STEP][PASSED] - baseUrl = "https://www.google.com/": null

2023-12-16 21:18:00 - [TEST_STEP][PASSED] - selenium = new com.thoughtworks.selenium.webdriven.WebDriverBackedSelenium(driver, baseUrl): null

2023-12-16 21:18:00 - [TEST_STEP][PASSED] - println("Begin Test: MinimumAmountErrorPC"): null

2023-12-16 21:18:00 - [TEST_STEP][PASSED] - emulatorURL = urlEmulator: null

2023-12-16 21:18:00 - [TEST_STEP][PASSED] - selenium.open(emulatorURL): null

2023-12-16 21:18:01 - [TEST_STEP][PASSED] - selenium.selectWindow("null"): null

2023-12-16 21:18:01 - [TEST_STEP][PASSED] - selenium.select("name=message_version", "label=2.3"): null

2023-12-16 21:18:01 - [TEST_STEP][PASSED] - selenium.waitForPageToLoad("30000"): null

2023-12-16 21:18:02 - [TEST_STEP][PASSED] - selenium.type("name=amount", 00".toString()): null

2023-12-16 21:18:02 - [TEST_STEP][PASSED] - selenium.type("name=client_account_number", "CAN12345"): null

2023-12-16 21:18:02 - [TEST_STEP][PASSED] - selenium.type("name=action_type", "PayNow"): null

2023-12-16 21:18:02 - [TEST_STEP][PASSED] - selenium.type("name=language", "en_US"): null

2023-12-16 21:18:02 - [TEST_STEP][PASSED] - selenium.type("name=billing_firstname", "Mandy"): null

2023-12-16 21:18:02 - [TEST_STEP][PASSED] - selenium.type("name=billing_lastname", "Iguera"): null

2023-12-16 21:18:02 - [TEST_STEP][PASSED] - selenium.type("name=billing_address", "56 World Center Drive".toString()): null

2023-12-16 21:18:02 - [TEST_STEP][PASSED] - selenium.type("name=billing_address2", "Suite 600".toString()): null

2023-12-16 21:18:02 - [TEST_STEP][PASSED] - selenium.type("name=billing_country_id", "840"): null

2023-12-16 21:18:02 - [TEST_STEP][PASSED] - selenium.type("name=billing_city", "Orlando"): null

2023-12-16 21:18:02 - [TEST_STEP][PASSED] - selenium.type("name=billing_state", "NH"): null

2023-12-16 21:18:02 - [TEST_STEP][PASSED] - selenium.type("name=billing_zip", "03106"): null

2023-12-16 21:18:02 - [TEST_STEP][PASSED] - selenium.type("name=order_number", "PPPPOOOO"): null

2023-12-16 21:18:02 - [TEST_STEP][PASSED] - selenium.type("name=user_defined1", "udf1"): null

2023-12-16 21:18:02 - [TEST_STEP][PASSED] - selenium.type("name=user_defined2", "udf2"): null

2023-12-16 21:18:03 - [TEST_STEP][PASSED] - selenium.type("name=user_defined3", "udf3"): null

2023-12-16 21:18:03 - [TEST_STEP][PASSED] - selenium.type("name=user_defined4", "Orange Label".toString()): null

2023-12-16 21:18:03 - [TEST_STEP][PASSED] - selenium.type("name=user_defined5", "Soccer Label".toString()): null

2023-12-16 21:18:03 - [TEST_STEP][PASSED] - selenium.click("name=submit"): null

2023-12-16 21:18:03 - [TEST_STEP][PASSED] - selenium.waitForPageToLoad("30000"): null

2023-12-16 21:18:03 - [TEST_STEP][PASSED] - Thread.sleep(2000): null

2023-12-16 21:18:05 - [TEST_STEP][PASSED] - testHarnessURL = urlTestHarness: null

2023-12-16 21:18:05 - [TEST_STEP][PASSED] - selenium.open(testHarnessURL): null

2023-12-16 21:18:06 - [TEST_STEP][PASSED] - selenium.type("name=application_id", "635"): null

2023-12-16 21:18:06 - [TEST_STEP][PASSED] - selenium.type("name=message_version", 3".toString()): null

2023-12-16 21:18:06 - [TEST_STEP][PASSED] - genRemIDVoid = RandomStringUtils.random(12, true, true): null

2023-12-16 21:18:06 - [TEST_STEP][PASSED] - selenium.type("name=remittance_id", genRemIDVoid): null

2023-12-16 21:18:06 - [TEST_STEP][PASSED] - selenium.click("css=input.formSubmit"): null

2023-12-16 21:18:07 - [TEST_STEP][PASSED] - selenium.waitForPageToLoad("30000"): null

2023-12-16 21:18:07 - [TEST_STEP][PASSED] - selenium.click("xpath=(//input[@name='paymentMethod'])[2]"): null

2023-12-16 21:18:08 - [TEST_STEP][PASSED] - selenium.click("css=input[type="submit"]"): null

2023-12-16 21:18:09 - [TEST_STEP][PASSED] - selenium.waitForPageToLoad("30000"): null

2023-12-16 21:18:09 - [TEST_STEP][PASSED] - selenium.type("name=amount", 00".toString()): null

2023-12-16 21:18:09 - [TEST_STEP][PASSED] - selenium.type("name=userDefined2", ""): null

2023-12-16 21:18:09 - [TEST_STEP][PASSED] - selenium.type("name=userDefined3", "udf3 data".toString()): null

2023-12-16 21:18:09 - [TEST_STEP][ERROR] - selenium.select("name=variableField4DropdownGroupItemID", "--Select One--"): Test Cases/IntegratedWeb/IWP23-SelIDE/MinimumAmountErrorPC FAILED.
Reason:
com.thoughtworks.selenium.SeleniumException: Element name=variableField4DropdownGroupItemID not found
	at com.thoughtworks.selenium.webdriven.ElementFinder.findElement(ElementFinder.java:93)
	at com.thoughtworks.selenium.webdriven.commands.SeleniumSelect.<init>(SeleniumSelect.java:48)
	at com.thoughtworks.selenium.webdriven.commands.SelectOption.handleSeleneseCommand(SelectOption.java:41)
	at com.thoughtworks.selenium.webdriven.commands.SelectOption.handleSeleneseCommand(SelectOption.java:26)
	at com.thoughtworks.selenium.webdriven.SeleneseCommand.apply(SeleneseCommand.java:39)
	at com.thoughtworks.selenium.webdriven.Timer.run(Timer.java:41)
	at com.thoughtworks.selenium.webdriven.WebDriverCommandProcessor.execute(WebDriverCommandProcessor.java:150)
	at com.thoughtworks.selenium.webdriven.WebDriverCommandProcessor.doCommand(WebDriverCommandProcessor.java:76)
	at com.thoughtworks.selenium.DefaultSelenium.select(DefaultSelenium.java:350)
	at com.thoughtworks.selenium.Selenium$select$0.call(Unknown Source)
	at MinimumAmountErrorPC.run(MinimumAmountErrorPC:110)
	at com.kms.katalon.core.main.ScriptEngine.run(ScriptEngine.java:194)
	at com.kms.katalon.core.main.ScriptEngine.runScriptAsRawText(ScriptEngine.java:119)
	at com.kms.katalon.core.main.TestCaseExecutor.runScript(TestCaseExecutor.java:448)
	at com.kms.katalon.core.main.TestCaseExecutor.doExecute(TestCaseExecutor.java:439)
	at com.kms.katalon.core.main.TestCaseExecutor.processExecutionPhase(TestCaseExecutor.java:418)
	at com.kms.katalon.core.main.TestCaseExecutor.accessMainPhase(TestCaseExecutor.java:410)
	at com.kms.katalon.core.main.TestCaseExecutor.execute(TestCaseExecutor.java:285)
	at com.kms.katalon.core.main.TestCaseExecutor.execute(TestCaseExecutor.java:369)
	at com.kms.katalon.core.main.TestCaseExecutor.execute(TestCaseExecutor.java:369)
	at com.kms.katalon.core.main.TestCaseExecutor.execute(TestCaseExecutor.java:369)
	at com.kms.katalon.core.common.CommonExecutor.accessTestCaseMainPhase(CommonExecutor.java:65)
	at com.kms.katalon.core.main.TestSuiteExecutor.accessTestSuiteMainPhase(TestSuiteExecutor.java:148)
	at com.kms.katalon.core.main.TestSuiteExecutor.execute(TestSuiteExecutor.java:106)
	at com.kms.katalon.core.main.TestCaseMain.startTestSuite(TestCaseMain.java:187)
	at com.kms.katalon.core.main.TestCaseMain$startTestSuite$0.call(Unknown Source)
	at TempTestSuite1702778440031.run(TempTestSuite1702778440031.groovy:36)
Caused by: org.openqa.selenium.JavascriptException: javascript error: Element name=variableField4DropdownGroupItemID not found
  (Session info: chrome=120.0.6099.109)
Build info: version: '3.141.59', revision: 'e82be7d358', time: '2018-11-14T08:25:53'
System info: host: 'DESKTOP-B2QI6NS', ip: '172.31.253.139', os.name: 'Windows 10', os.arch: 'amd64', os.version: '10.0', java.version: '1.8.0_181'
Driver info: com.kms.katalon.selenium.driver.CChromeDriver
Capabilities {acceptInsecureCerts: true, browserName: chrome, browserVersion: 120.0.6099.109, chrome: {chromedriverVersion: 119.0.6045.105 (38c72552c5e..., userDataDir: C:\Users\imtiaz\AppData\Loc...}, fedcm:accounts: true, goog:chromeOptions: {debuggerAddress: localhost:57086}, javascriptEnabled: true, networkConnectionEnabled: false, pageLoadStrategy: normal, platform: WINDOWS, platformName: WINDOWS, proxy: Proxy(), setWindowRect: true, strictFileInteractability: false, timeouts: {implicit: 0, pageLoad: 300000, script: 30000}, unhandledPromptBehavior: dismiss and notify, webauthn:extension:credBlob: true, webauthn:extension:largeBlob: true, webauthn:extension:minPinLength: true, webauthn:extension:prf: true, webauthn:virtualAuthenticators: true}
Session ID: ec17efe3a91cfd392d1700d6a5d04b1e
	at org.openqa.selenium.remote.http.W3CHttpResponseCodec.createException(W3CHttpResponseCodec.java:187)
	at org.openqa.selenium.remote.http.W3CHttpResponseCodec.decode(W3CHttpResponseCodec.java:122)
	at org.openqa.selenium.remote.http.W3CHttpResponseCodec.decode(W3CHttpResponseCodec.java:49)
	at org.openqa.selenium.remote.HttpCommandExecutor.execute(HttpCommandExecutor.java:158)
	at org.openqa.selenium.remote.service.DriverCommandExecutor.execute(DriverCommandExecutor.java:83)
	at org.openqa.selenium.remote.RemoteWebDriver.execute(RemoteWebDriver.java:552)
	at com.kms.katalon.selenium.driver.CChromeDriver.execute(CChromeDriver.java:19)
	at org.openqa.selenium.remote.RemoteWebDriver.executeScript(RemoteWebDriver.java:489)
	at org.openqa.selenium.support.events.EventFiringWebDriver.lambda$new$1(EventFiringWebDriver.java:105)
	at com.sun.proxy.$Proxy10.executeScript(Unknown Source)
	at org.openqa.selenium.support.events.EventFiringWebDriver.executeScript(EventFiringWebDriver.java:229)
	at com.thoughtworks.selenium.webdriven.ElementFinder.findElement(ElementFinder.java:91)
	at com.thoughtworks.selenium.webdriven.commands.SeleniumSelect.<init>(SeleniumSelect.java:48)
	at com.thoughtworks.selenium.webdriven.commands.SelectOption.handleSeleneseCommand(SelectOption.java:41)
	at com.thoughtworks.selenium.webdriven.commands.SelectOption.handleSeleneseCommand(SelectOption.java:26)
	at com.thoughtworks.selenium.webdriven.SeleneseCommand.apply(SeleneseCommand.java:39)
	at com.thoughtworks.selenium.webdriven.Timer.run(Timer.java:41)
	at com.thoughtworks.selenium.webdriven.WebDriverCommandProcessor.execute(WebDriverCommandProcessor.java:150)
	at com.thoughtworks.selenium.webdriven.WebDriverCommandProcessor.doCommand(WebDriverCommandProcessor.java:76)
	at com.thoughtworks.selenium.DefaultSelenium.select(DefaultSelenium.java:350)
	at com.thoughtworks.selenium.Selenium$select$0.call(Unknown Source)
	at Script1702500955762.run(Script1702500955762.groovy:110)
	... 16 more


2023-12-16 21:18:09 - [MESSAGE][ERROR] - Test Cases/IntegratedWeb/IWP23-SelIDE/MinimumAmountErrorPC FAILED.
Reason:
com.thoughtworks.selenium.SeleniumException: Element name=variableField4DropdownGroupItemID not found
	at com.thoughtworks.selenium.webdriven.ElementFinder.findElement(ElementFinder.java:93)
	at com.thoughtworks.selenium.webdriven.commands.SeleniumSelect.<init>(SeleniumSelect.java:48)
	at com.thoughtworks.selenium.webdriven.commands.SelectOption.handleSeleneseCommand(SelectOption.java:41)
	at com.thoughtworks.selenium.webdriven.commands.SelectOption.handleSeleneseCommand(SelectOption.java:26)
	at com.thoughtworks.selenium.webdriven.SeleneseCommand.apply(SeleneseCommand.java:39)
	at com.thoughtworks.selenium.webdriven.Timer.run(Timer.java:41)
	at com.thoughtworks.selenium.webdriven.WebDriverCommandProcessor.execute(WebDriverCommandProcessor.java:150)
	at com.thoughtworks.selenium.webdriven.WebDriverCommandProcessor.doCommand(WebDriverCommandProcessor.java:76)
	at com.thoughtworks.selenium.DefaultSelenium.select(DefaultSelenium.java:350)
	at com.thoughtworks.selenium.Selenium$select$0.call(Unknown Source)
	at MinimumAmountErrorPC.run(MinimumAmountErrorPC:110)
	at com.kms.katalon.core.main.ScriptEngine.run(ScriptEngine.java:194)
	at com.kms.katalon.core.main.ScriptEngine.runScriptAsRawText(ScriptEngine.java:119)
	at com.kms.katalon.core.main.TestCaseExecutor.runScript(TestCaseExecutor.java:448)
	at com.kms.katalon.core.main.TestCaseExecutor.doExecute(TestCaseExecutor.java:439)
	at com.kms.katalon.core.main.TestCaseExecutor.processExecutionPhase(TestCaseExecutor.java:418)
	at com.kms.katalon.core.main.TestCaseExecutor.accessMainPhase(TestCaseExecutor.java:410)
	at com.kms.katalon.core.main.TestCaseExecutor.execute(TestCaseExecutor.java:285)
	at com.kms.katalon.core.main.TestCaseExecutor.execute(TestCaseExecutor.java:369)
	at com.kms.katalon.core.main.TestCaseExecutor.execute(TestCaseExecutor.java:369)
	at com.kms.katalon.core.main.TestCaseExecutor.execute(TestCaseExecutor.java:369)
	at com.kms.katalon.core.common.CommonExecutor.accessTestCaseMainPhase(CommonExecutor.java:65)
	at com.kms.katalon.core.main.TestSuiteExecutor.accessTestSuiteMainPhase(TestSuiteExecutor.java:148)
	at com.kms.katalon.core.main.TestSuiteExecutor.execute(TestSuiteExecutor.java:106)
	at com.kms.katalon.core.main.TestCaseMain.startTestSuite(TestCaseMain.java:187)
	at com.kms.katalon.core.main.TestCaseMain$startTestSuite$0.call(Unknown Source)
	at TempTestSuite1702778440031.run(TempTestSuite1702778440031.groovy:36)
Caused by: org.openqa.selenium.JavascriptException: javascript error: Element name=variableField4DropdownGroupItemID not found
  (Session info: chrome=120.0.6099.109)
Build info: version: '3.141.59', revision: 'e82be7d358', time: '2018-11-14T08:25:53'
System info: host: 'DESKTOP-B2QI6NS', ip: '172.31.253.139', os.name: 'Windows 10', os.arch: 'amd64', os.version: '10.0', java.version: '1.8.0_181'
Driver info: com.kms.katalon.selenium.driver.CChromeDriver
Capabilities {acceptInsecureCerts: true, browserName: chrome, browserVersion: 120.0.6099.109, chrome: {chromedriverVersion: 119.0.6045.105 (38c72552c5e..., userDataDir: C:\Users\imtiaz\AppData\Loc...}, fedcm:accounts: true, goog:chromeOptions: {debuggerAddress: localhost:57086}, javascriptEnabled: true, networkConnectionEnabled: false, pageLoadStrategy: normal, platform: WINDOWS, platformName: WINDOWS, proxy: Proxy(), setWindowRect: true, strictFileInteractability: false, timeouts: {implicit: 0, pageLoad: 300000, script: 30000}, unhandledPromptBehavior: dismiss and notify, webauthn:extension:credBlob: true, webauthn:extension:largeBlob: true, webauthn:extension:minPinLength: true, webauthn:extension:prf: true, webauthn:virtualAuthenticators: true}
Session ID: ec17efe3a91cfd392d1700d6a5d04b1e
	at org.openqa.selenium.remote.http.W3CHttpResponseCodec.createException(W3CHttpResponseCodec.java:187)
	at org.openqa.selenium.remote.http.W3CHttpResponseCodec.decode(W3CHttpResponseCodec.java:122)
	at org.openqa.selenium.remote.http.W3CHttpResponseCodec.decode(W3CHttpResponseCodec.java:49)
	at org.openqa.selenium.remote.HttpCommandExecutor.execute(HttpCommandExecutor.java:158)
	at org.openqa.selenium.remote.service.DriverCommandExecutor.execute(DriverCommandExecutor.java:83)
	at org.openqa.selenium.remote.RemoteWebDriver.execute(RemoteWebDriver.java:552)
	at com.kms.katalon.selenium.driver.CChromeDriver.execute(CChromeDriver.java:19)
	at org.openqa.selenium.remote.RemoteWebDriver.executeScript(RemoteWebDriver.java:489)
	at org.openqa.selenium.support.events.EventFiringWebDriver.lambda$new$1(EventFiringWebDriver.java:105)
	at com.sun.proxy.$Proxy10.executeScript(Unknown Source)
	at org.openqa.selenium.support.events.EventFiringWebDriver.executeScript(EventFiringWebDriver.java:229)
	at com.thoughtworks.selenium.webdriven.ElementFinder.findElement(ElementFinder.java:91)
	at com.thoughtworks.selenium.webdriven.commands.SeleniumSelect.<init>(SeleniumSelect.java:48)
	at com.thoughtworks.selenium.webdriven.commands.SelectOption.handleSeleneseCommand(SelectOption.java:41)
	at com.thoughtworks.selenium.webdriven.commands.SelectOption.handleSeleneseCommand(SelectOption.java:26)
	at com.thoughtworks.selenium.webdriven.SeleneseCommand.apply(SeleneseCommand.java:39)
	at com.thoughtworks.selenium.webdriven.Timer.run(Timer.java:41)
	at com.thoughtworks.selenium.webdriven.WebDriverCommandProcessor.execute(WebDriverCommandProcessor.java:150)
	at com.thoughtworks.selenium.webdriven.WebDriverCommandProcessor.doCommand(WebDriverCommandProcessor.java:76)
	at com.thoughtworks.selenium.DefaultSelenium.select(DefaultSelenium.java:350)
	at com.thoughtworks.selenium.Selenium$select$0.call(Unknown Source)
	at Script1702500955762.run(Script1702500955762.groovy:110)
	... 16 more]]></system-out>
         <system-err><![CDATA[2023-12-16 21:17:57 - [TEST_CASE][ERROR] - Test Cases/IntegratedWeb/IWP23-SelIDE/MinimumAmountErrorPC: Test Cases/IntegratedWeb/IWP23-SelIDE/MinimumAmountErrorPC FAILED.
Reason:
com.thoughtworks.selenium.SeleniumException: Element name=variableField4DropdownGroupItemID not found
	at com.thoughtworks.selenium.webdriven.ElementFinder.findElement(ElementFinder.java:93)
	at com.thoughtworks.selenium.webdriven.commands.SeleniumSelect.<init>(SeleniumSelect.java:48)
	at com.thoughtworks.selenium.webdriven.commands.SelectOption.handleSeleneseCommand(SelectOption.java:41)
	at com.thoughtworks.selenium.webdriven.commands.SelectOption.handleSeleneseCommand(SelectOption.java:26)
	at com.thoughtworks.selenium.webdriven.SeleneseCommand.apply(SeleneseCommand.java:39)
	at com.thoughtworks.selenium.webdriven.Timer.run(Timer.java:41)
	at com.thoughtworks.selenium.webdriven.WebDriverCommandProcessor.execute(WebDriverCommandProcessor.java:150)
	at com.thoughtworks.selenium.webdriven.WebDriverCommandProcessor.doCommand(WebDriverCommandProcessor.java:76)
	at com.thoughtworks.selenium.DefaultSelenium.select(DefaultSelenium.java:350)
	at com.thoughtworks.selenium.Selenium$select$0.call(Unknown Source)
	at MinimumAmountErrorPC.run(MinimumAmountErrorPC:110)
	at com.kms.katalon.core.main.ScriptEngine.run(ScriptEngine.java:194)
	at com.kms.katalon.core.main.ScriptEngine.runScriptAsRawText(ScriptEngine.java:119)
	at com.kms.katalon.core.main.TestCaseExecutor.runScript(TestCaseExecutor.java:448)
	at com.kms.katalon.core.main.TestCaseExecutor.doExecute(TestCaseExecutor.java:439)
	at com.kms.katalon.core.main.TestCaseExecutor.processExecutionPhase(TestCaseExecutor.java:418)
	at com.kms.katalon.core.main.TestCaseExecutor.accessMainPhase(TestCaseExecutor.java:410)
	at com.kms.katalon.core.main.TestCaseExecutor.execute(TestCaseExecutor.java:285)
	at com.kms.katalon.core.main.TestCaseExecutor.execute(TestCaseExecutor.java:369)
	at com.kms.katalon.core.main.TestCaseExecutor.execute(TestCaseExecutor.java:369)
	at com.kms.katalon.core.main.TestCaseExecutor.execute(TestCaseExecutor.java:369)
	at com.kms.katalon.core.common.CommonExecutor.accessTestCaseMainPhase(CommonExecutor.java:65)
	at com.kms.katalon.core.main.TestSuiteExecutor.accessTestSuiteMainPhase(TestSuiteExecutor.java:148)
	at com.kms.katalon.core.main.TestSuiteExecutor.execute(TestSuiteExecutor.java:106)
	at com.kms.katalon.core.main.TestCaseMain.startTestSuite(TestCaseMain.java:187)
	at com.kms.katalon.core.main.TestCaseMain$startTestSuite$0.call(Unknown Source)
	at TempTestSuite1702778440031.run(TempTestSuite1702778440031.groovy:36)
Caused by: org.openqa.selenium.JavascriptException: javascript error: Element name=variableField4DropdownGroupItemID not found
  (Session info: chrome=120.0.6099.109)
Build info: version: '3.141.59', revision: 'e82be7d358', time: '2018-11-14T08:25:53'
System info: host: 'DESKTOP-B2QI6NS', ip: '172.31.253.139', os.name: 'Windows 10', os.arch: 'amd64', os.version: '10.0', java.version: '1.8.0_181'
Driver info: com.kms.katalon.selenium.driver.CChromeDriver
Capabilities {acceptInsecureCerts: true, browserName: chrome, browserVersion: 120.0.6099.109, chrome: {chromedriverVersion: 119.0.6045.105 (38c72552c5e..., userDataDir: C:\Users\imtiaz\AppData\Loc...}, fedcm:accounts: true, goog:chromeOptions: {debuggerAddress: localhost:57086}, javascriptEnabled: true, networkConnectionEnabled: false, pageLoadStrategy: normal, platform: WINDOWS, platformName: WINDOWS, proxy: Proxy(), setWindowRect: true, strictFileInteractability: false, timeouts: {implicit: 0, pageLoad: 300000, script: 30000}, unhandledPromptBehavior: dismiss and notify, webauthn:extension:credBlob: true, webauthn:extension:largeBlob: true, webauthn:extension:minPinLength: true, webauthn:extension:prf: true, webauthn:virtualAuthenticators: true}
Session ID: ec17efe3a91cfd392d1700d6a5d04b1e
	at org.openqa.selenium.remote.http.W3CHttpResponseCodec.createException(W3CHttpResponseCodec.java:187)
	at org.openqa.selenium.remote.http.W3CHttpResponseCodec.decode(W3CHttpResponseCodec.java:122)
	at org.openqa.selenium.remote.http.W3CHttpResponseCodec.decode(W3CHttpResponseCodec.java:49)
	at org.openqa.selenium.remote.HttpCommandExecutor.execute(HttpCommandExecutor.java:158)
	at org.openqa.selenium.remote.service.DriverCommandExecutor.execute(DriverCommandExecutor.java:83)
	at org.openqa.selenium.remote.RemoteWebDriver.execute(RemoteWebDriver.java:552)
	at com.kms.katalon.selenium.driver.CChromeDriver.execute(CChromeDriver.java:19)
	at org.openqa.selenium.remote.RemoteWebDriver.executeScript(RemoteWebDriver.java:489)
	at org.openqa.selenium.support.events.EventFiringWebDriver.lambda$new$1(EventFiringWebDriver.java:105)
	at com.sun.proxy.$Proxy10.executeScript(Unknown Source)
	at org.openqa.selenium.support.events.EventFiringWebDriver.executeScript(EventFiringWebDriver.java:229)
	at com.thoughtworks.selenium.webdriven.ElementFinder.findElement(ElementFinder.java:91)
	... 26 more]]></system-err>
      </testcase>
      <testcase name="Test Cases/IntegratedWeb/IWP23-SelIDE/MissingReqFieldsPC" time="12.696" classname="Test Cases/IntegratedWeb/IWP23-SelIDE/MissingReqFieldsPC" status="ERROR">
         <error type="ERROR" message="Test Cases/IntegratedWeb/IWP23-SelIDE/MissingReqFieldsPC FAILED.
Reason:
com.thoughtworks.selenium.SeleniumException: Element name=variableField4DropdownGroupItemID not found
	at com.thoughtworks.selenium.webdriven.ElementFinder.findElement(ElementFinder.java:93)
	at com.thoughtworks.selenium.webdriven.commands.SeleniumSelect.&lt;init>(SeleniumSelect.java:48)
	at com.thoughtworks.selenium.webdriven.commands.SelectOption.handleSeleneseCommand(SelectOption.java:41)
	at com.thoughtworks.selenium.webdriven.commands.SelectOption.handleSeleneseCommand(SelectOption.java:26)
	at com.thoughtworks.selenium.webdriven.SeleneseCommand.apply(SeleneseCommand.java:39)
	at com.thoughtworks.selenium.webdriven.Timer.run(Timer.java:41)
	at com.thoughtworks.selenium.webdriven.WebDriverCommandProcessor.execute(WebDriverCommandProcessor.java:150)
	at com.thoughtworks.selenium.webdriven.WebDriverCommandProcessor.doCommand(WebDriverCommandProcessor.java:76)
	at com.thoughtworks.selenium.DefaultSelenium.select(DefaultSelenium.java:350)
	at com.thoughtworks.selenium.Selenium$select$0.call(Unknown Source)
	at MissingReqFieldsPC.run(MissingReqFieldsPC:110)
	at com.kms.katalon.core.main.ScriptEngine.run(ScriptEngine.java:194)
	at com.kms.katalon.core.main.ScriptEngine.runScriptAsRawText(ScriptEngine.java:119)
	at com.kms.katalon.core.main.TestCaseExecutor.runScript(TestCaseExecutor.java:448)
	at com.kms.katalon.core.main.TestCaseExecutor.doExecute(TestCaseExecutor.java:439)
	at com.kms.katalon.core.main.TestCaseExecutor.processExecutionPhase(TestCaseExecutor.java:418)
	at com.kms.katalon.core.main.TestCaseExecutor.accessMainPhase(TestCaseExecutor.java:410)
	at com.kms.katalon.core.main.TestCaseExecutor.execute(TestCaseExecutor.java:285)
	at com.kms.katalon.core.main.TestCaseExecutor.execute(TestCaseExecutor.java:369)
	at com.kms.katalon.core.main.TestCaseExecutor.execute(TestCaseExecutor.java:369)
	at com.kms.katalon.core.main.TestCaseExecutor.execute(TestCaseExecutor.java:369)
	at com.kms.katalon.core.common.CommonExecutor.accessTestCaseMainPhase(CommonExecutor.java:65)
	at com.kms.katalon.core.main.TestSuiteExecutor.accessTestSuiteMainPhase(TestSuiteExecutor.java:148)
	at com.kms.katalon.core.main.TestSuiteExecutor.execute(TestSuiteExecutor.java:106)
	at com.kms.katalon.core.main.TestCaseMain.startTestSuite(TestCaseMain.java:187)
	at com.kms.katalon.core.main.TestCaseMain$startTestSuite$0.call(Unknown Source)
	at TempTestSuite1702778440031.run(TempTestSuite1702778440031.groovy:36)
Caused by: org.openqa.selenium.JavascriptException: javascript error: Element name=variableField4DropdownGroupItemID not found
  (Session info: chrome=120.0.6099.109)
Build info: version: '3.141.59', revision: 'e82be7d358', time: '2018-11-14T08:25:53'
System info: host: 'DESKTOP-B2QI6NS', ip: '172.31.253.139', os.name: 'Windows 10', os.arch: 'amd64', os.version: '10.0', java.version: '1.8.0_181'
Driver info: com.kms.katalon.selenium.driver.CChromeDriver
Capabilities {acceptInsecureCerts: true, browserName: chrome, browserVersion: 120.0.6099.109, chrome: {chromedriverVersion: 119.0.6045.105 (38c72552c5e..., userDataDir: C:\Users\imtiaz\AppData\Loc...}, fedcm:accounts: true, goog:chromeOptions: {debuggerAddress: localhost:57551}, javascriptEnabled: true, networkConnectionEnabled: false, pageLoadStrategy: normal, platform: WINDOWS, platformName: WINDOWS, proxy: Proxy(), setWindowRect: true, strictFileInteractability: false, timeouts: {implicit: 0, pageLoad: 300000, script: 30000}, unhandledPromptBehavior: dismiss and notify, webauthn:extension:credBlob: true, webauthn:extension:largeBlob: true, webauthn:extension:minPinLength: true, webauthn:extension:prf: true, webauthn:virtualAuthenticators: true}
Session ID: f91814352c9406b4b22248842188e341
	at org.openqa.selenium.remote.http.W3CHttpResponseCodec.createException(W3CHttpResponseCodec.java:187)
	at org.openqa.selenium.remote.http.W3CHttpResponseCodec.decode(W3CHttpResponseCodec.java:122)
	at org.openqa.selenium.remote.http.W3CHttpResponseCodec.decode(W3CHttpResponseCodec.java:49)
	at org.openqa.selenium.remote.HttpCommandExecutor.execute(HttpCommandExecutor.java:158)
	at org.openqa.selenium.remote.service.DriverCommandExecutor.execute(DriverCommandExecutor.java:83)
	at org.openqa.selenium.remote.RemoteWebDriver.execute(RemoteWebDriver.java:552)
	at com.kms.katalon.selenium.driver.CChromeDriver.execute(CChromeDriver.java:19)
	at org.openqa.selenium.remote.RemoteWebDriver.executeScript(RemoteWebDriver.java:489)
	at org.openqa.selenium.support.events.EventFiringWebDriver.lambda$new$1(EventFiringWebDriver.java:105)
	at com.sun.proxy.$Proxy10.executeScript(Unknown Source)
	at org.openqa.selenium.support.events.EventFiringWebDriver.executeScript(EventFiringWebDriver.java:229)
	at com.thoughtworks.selenium.webdriven.ElementFinder.findElement(ElementFinder.java:91)
	... 26 more
"/>
         <system-out><![CDATA[2023-12-16 21:18:48 - [TEST_CASE][ERROR] - Test Cases/IntegratedWeb/IWP23-SelIDE/MissingReqFieldsPC: Test Cases/IntegratedWeb/IWP23-SelIDE/MissingReqFieldsPC FAILED.
Reason:
com.thoughtworks.selenium.SeleniumException: Element name=variableField4DropdownGroupItemID not found
	at com.thoughtworks.selenium.webdriven.ElementFinder.findElement(ElementFinder.java:93)
	at com.thoughtworks.selenium.webdriven.commands.SeleniumSelect.<init>(SeleniumSelect.java:48)
	at com.thoughtworks.selenium.webdriven.commands.SelectOption.handleSeleneseCommand(SelectOption.java:41)
	at com.thoughtworks.selenium.webdriven.commands.SelectOption.handleSeleneseCommand(SelectOption.java:26)
	at com.thoughtworks.selenium.webdriven.SeleneseCommand.apply(SeleneseCommand.java:39)
	at com.thoughtworks.selenium.webdriven.Timer.run(Timer.java:41)
	at com.thoughtworks.selenium.webdriven.WebDriverCommandProcessor.execute(WebDriverCommandProcessor.java:150)
	at com.thoughtworks.selenium.webdriven.WebDriverCommandProcessor.doCommand(WebDriverCommandProcessor.java:76)
	at com.thoughtworks.selenium.DefaultSelenium.select(DefaultSelenium.java:350)
	at com.thoughtworks.selenium.Selenium$select$0.call(Unknown Source)
	at MissingReqFieldsPC.run(MissingReqFieldsPC:110)
	at com.kms.katalon.core.main.ScriptEngine.run(ScriptEngine.java:194)
	at com.kms.katalon.core.main.ScriptEngine.runScriptAsRawText(ScriptEngine.java:119)
	at com.kms.katalon.core.main.TestCaseExecutor.runScript(TestCaseExecutor.java:448)
	at com.kms.katalon.core.main.TestCaseExecutor.doExecute(TestCaseExecutor.java:439)
	at com.kms.katalon.core.main.TestCaseExecutor.processExecutionPhase(TestCaseExecutor.java:418)
	at com.kms.katalon.core.main.TestCaseExecutor.accessMainPhase(TestCaseExecutor.java:410)
	at com.kms.katalon.core.main.TestCaseExecutor.execute(TestCaseExecutor.java:285)
	at com.kms.katalon.core.main.TestCaseExecutor.execute(TestCaseExecutor.java:369)
	at com.kms.katalon.core.main.TestCaseExecutor.execute(TestCaseExecutor.java:369)
	at com.kms.katalon.core.main.TestCaseExecutor.execute(TestCaseExecutor.java:369)
	at com.kms.katalon.core.common.CommonExecutor.accessTestCaseMainPhase(CommonExecutor.java:65)
	at com.kms.katalon.core.main.TestSuiteExecutor.accessTestSuiteMainPhase(TestSuiteExecutor.java:148)
	at com.kms.katalon.core.main.TestSuiteExecutor.execute(TestSuiteExecutor.java:106)
	at com.kms.katalon.core.main.TestCaseMain.startTestSuite(TestCaseMain.java:187)
	at com.kms.katalon.core.main.TestCaseMain$startTestSuite$0.call(Unknown Source)
	at TempTestSuite1702778440031.run(TempTestSuite1702778440031.groovy:36)
Caused by: org.openqa.selenium.JavascriptException: javascript error: Element name=variableField4DropdownGroupItemID not found
  (Session info: chrome=120.0.6099.109)
Build info: version: '3.141.59', revision: 'e82be7d358', time: '2018-11-14T08:25:53'
System info: host: 'DESKTOP-B2QI6NS', ip: '172.31.253.139', os.name: 'Windows 10', os.arch: 'amd64', os.version: '10.0', java.version: '1.8.0_181'
Driver info: com.kms.katalon.selenium.driver.CChromeDriver
Capabilities {acceptInsecureCerts: true, browserName: chrome, browserVersion: 120.0.6099.109, chrome: {chromedriverVersion: 119.0.6045.105 (38c72552c5e..., userDataDir: C:\Users\imtiaz\AppData\Loc...}, fedcm:accounts: true, goog:chromeOptions: {debuggerAddress: localhost:57551}, javascriptEnabled: true, networkConnectionEnabled: false, pageLoadStrategy: normal, platform: WINDOWS, platformName: WINDOWS, proxy: Proxy(), setWindowRect: true, strictFileInteractability: false, timeouts: {implicit: 0, pageLoad: 300000, script: 30000}, unhandledPromptBehavior: dismiss and notify, webauthn:extension:credBlob: true, webauthn:extension:largeBlob: true, webauthn:extension:minPinLength: true, webauthn:extension:prf: true, webauthn:virtualAuthenticators: true}
Session ID: f91814352c9406b4b22248842188e341
	at org.openqa.selenium.remote.http.W3CHttpResponseCodec.createException(W3CHttpResponseCodec.java:187)
	at org.openqa.selenium.remote.http.W3CHttpResponseCodec.decode(W3CHttpResponseCodec.java:122)
	at org.openqa.selenium.remote.http.W3CHttpResponseCodec.decode(W3CHttpResponseCodec.java:49)
	at org.openqa.selenium.remote.HttpCommandExecutor.execute(HttpCommandExecutor.java:158)
	at org.openqa.selenium.remote.service.DriverCommandExecutor.execute(DriverCommandExecutor.java:83)
	at org.openqa.selenium.remote.RemoteWebDriver.execute(RemoteWebDriver.java:552)
	at com.kms.katalon.selenium.driver.CChromeDriver.execute(CChromeDriver.java:19)
	at org.openqa.selenium.remote.RemoteWebDriver.executeScript(RemoteWebDriver.java:489)
	at org.openqa.selenium.support.events.EventFiringWebDriver.lambda$new$1(EventFiringWebDriver.java:105)
	at com.sun.proxy.$Proxy10.executeScript(Unknown Source)
	at org.openqa.selenium.support.events.EventFiringWebDriver.executeScript(EventFiringWebDriver.java:229)
	at com.thoughtworks.selenium.webdriven.ElementFinder.findElement(ElementFinder.java:91)
	... 26 more


2023-12-16 21:18:48 - [TEST_STEP][PASSED] - softAssertion = new org.testng.asserts.SoftAssert(): null

2023-12-16 21:18:48 - [TEST_STEP][PASSED] - openBrowser("https://www.google.com/"): Browser is opened with url: 'https://www.google.com/'

2023-12-16 21:18:48 - [MESSAGE][WARNING] - A browser is already opened. Closing browser and opening a new one

2023-12-16 21:18:49 - [MESSAGE][INFO] - Starting 'Chrome' driver

2023-12-16 21:18:49 - [MESSAGE][INFO] - User set preference: ['acceptInsecureCerts', 'true']

2023-12-16 21:18:49 - [MESSAGE][INFO] - Action delay is set to 0 milliseconds

2023-12-16 21:18:52 - [MESSAGE][PASSED] - Browser is opened with url: 'https://www.google.com/'

2023-12-16 21:18:52 - [TEST_STEP][PASSED] - driver = getWebDriver(): null

2023-12-16 21:18:52 - [TEST_STEP][PASSED] - baseUrl = "https://www.google.com/": null

2023-12-16 21:18:52 - [TEST_STEP][PASSED] - selenium = new com.thoughtworks.selenium.webdriven.WebDriverBackedSelenium(driver, baseUrl): null

2023-12-16 21:18:52 - [TEST_STEP][PASSED] - println("Begin Test: MissingReqFieldsPC"): null

2023-12-16 21:18:52 - [TEST_STEP][PASSED] - emulatorURL = urlEmulator: null

2023-12-16 21:18:52 - [TEST_STEP][PASSED] - selenium.open(emulatorURL): null

2023-12-16 21:18:52 - [TEST_STEP][PASSED] - selenium.selectWindow("null"): null

2023-12-16 21:18:52 - [TEST_STEP][PASSED] - selenium.select("name=message_version", "label=2.3"): null

2023-12-16 21:18:53 - [TEST_STEP][PASSED] - selenium.waitForPageToLoad("30000"): null

2023-12-16 21:18:53 - [TEST_STEP][PASSED] - selenium.type("name=amount", 00".toString()): null

2023-12-16 21:18:53 - [TEST_STEP][PASSED] - selenium.type("name=client_account_number", "CAN12345"): null

2023-12-16 21:18:53 - [TEST_STEP][PASSED] - selenium.type("name=action_type", "PayNow"): null

2023-12-16 21:18:53 - [TEST_STEP][PASSED] - selenium.type("name=language", "en_US"): null

2023-12-16 21:18:53 - [TEST_STEP][PASSED] - selenium.type("name=billing_firstname", "Mandy"): null

2023-12-16 21:18:53 - [TEST_STEP][PASSED] - selenium.type("name=billing_lastname", "Iguera"): null

2023-12-16 21:18:53 - [TEST_STEP][PASSED] - selenium.type("name=billing_address", "56 World Center Drive".toString()): null

2023-12-16 21:18:53 - [TEST_STEP][PASSED] - selenium.type("name=billing_address2", "Suite 600".toString()): null

2023-12-16 21:18:54 - [TEST_STEP][PASSED] - selenium.type("name=billing_country_id", "840"): null

2023-12-16 21:18:54 - [TEST_STEP][PASSED] - selenium.type("name=billing_city", "Orlando"): null

2023-12-16 21:18:54 - [TEST_STEP][PASSED] - selenium.type("name=billing_state", "NH"): null

2023-12-16 21:18:54 - [TEST_STEP][PASSED] - selenium.type("name=billing_zip", "03106"): null

2023-12-16 21:18:54 - [TEST_STEP][PASSED] - selenium.type("name=order_number", "PPPPOOOO"): null

2023-12-16 21:18:54 - [TEST_STEP][PASSED] - selenium.type("name=user_defined1", "udf1"): null

2023-12-16 21:18:54 - [TEST_STEP][PASSED] - selenium.type("name=user_defined2", "udf2"): null

2023-12-16 21:18:54 - [TEST_STEP][PASSED] - selenium.type("name=user_defined3", "udf3"): null

2023-12-16 21:18:54 - [TEST_STEP][PASSED] - selenium.type("name=user_defined4", "Orange Label".toString()): null

2023-12-16 21:18:54 - [TEST_STEP][PASSED] - selenium.type("name=user_defined5", "Soccer Label".toString()): null

2023-12-16 21:18:54 - [TEST_STEP][PASSED] - selenium.click("name=submit"): null

2023-12-16 21:18:54 - [TEST_STEP][PASSED] - selenium.waitForPageToLoad("30000"): null

2023-12-16 21:18:55 - [TEST_STEP][PASSED] - Thread.sleep(2000): null

2023-12-16 21:18:57 - [TEST_STEP][PASSED] - testHarnessURL = urlTestHarness: null

2023-12-16 21:18:57 - [TEST_STEP][PASSED] - selenium.open(testHarnessURL): null

2023-12-16 21:18:57 - [TEST_STEP][PASSED] - selenium.type("name=application_id", "635"): null

2023-12-16 21:18:57 - [TEST_STEP][PASSED] - selenium.type("name=message_version", 3".toString()): null

2023-12-16 21:18:57 - [TEST_STEP][PASSED] - genRemIDVoid = RandomStringUtils.random(12, true, true): null

2023-12-16 21:18:57 - [TEST_STEP][PASSED] - selenium.type("name=remittance_id", genRemIDVoid): null

2023-12-16 21:18:57 - [TEST_STEP][PASSED] - selenium.click("css=input.formSubmit"): null

2023-12-16 21:18:58 - [TEST_STEP][PASSED] - selenium.waitForPageToLoad("30000"): null

2023-12-16 21:18:59 - [TEST_STEP][PASSED] - selenium.click("xpath=(//input[@name='paymentMethod'])[2]"): null

2023-12-16 21:18:59 - [TEST_STEP][PASSED] - selenium.click("css=input[type="submit"]"): null

2023-12-16 21:19:00 - [TEST_STEP][PASSED] - selenium.waitForPageToLoad("30000"): null

2023-12-16 21:19:00 - [TEST_STEP][PASSED] - selenium.type("name=amount", ""): null

2023-12-16 21:19:01 - [TEST_STEP][PASSED] - selenium.type("name=userDefined2", "udf2 data".toString()): null

2023-12-16 21:19:01 - [TEST_STEP][PASSED] - selenium.type("name=userDefined3", ""): null

2023-12-16 21:19:01 - [TEST_STEP][ERROR] - selenium.select("name=variableField4DropdownGroupItemID", "label=Purple"): Test Cases/IntegratedWeb/IWP23-SelIDE/MissingReqFieldsPC FAILED.
Reason:
com.thoughtworks.selenium.SeleniumException: Element name=variableField4DropdownGroupItemID not found
	at com.thoughtworks.selenium.webdriven.ElementFinder.findElement(ElementFinder.java:93)
	at com.thoughtworks.selenium.webdriven.commands.SeleniumSelect.<init>(SeleniumSelect.java:48)
	at com.thoughtworks.selenium.webdriven.commands.SelectOption.handleSeleneseCommand(SelectOption.java:41)
	at com.thoughtworks.selenium.webdriven.commands.SelectOption.handleSeleneseCommand(SelectOption.java:26)
	at com.thoughtworks.selenium.webdriven.SeleneseCommand.apply(SeleneseCommand.java:39)
	at com.thoughtworks.selenium.webdriven.Timer.run(Timer.java:41)
	at com.thoughtworks.selenium.webdriven.WebDriverCommandProcessor.execute(WebDriverCommandProcessor.java:150)
	at com.thoughtworks.selenium.webdriven.WebDriverCommandProcessor.doCommand(WebDriverCommandProcessor.java:76)
	at com.thoughtworks.selenium.DefaultSelenium.select(DefaultSelenium.java:350)
	at com.thoughtworks.selenium.Selenium$select$0.call(Unknown Source)
	at MissingReqFieldsPC.run(MissingReqFieldsPC:110)
	at com.kms.katalon.core.main.ScriptEngine.run(ScriptEngine.java:194)
	at com.kms.katalon.core.main.ScriptEngine.runScriptAsRawText(ScriptEngine.java:119)
	at com.kms.katalon.core.main.TestCaseExecutor.runScript(TestCaseExecutor.java:448)
	at com.kms.katalon.core.main.TestCaseExecutor.doExecute(TestCaseExecutor.java:439)
	at com.kms.katalon.core.main.TestCaseExecutor.processExecutionPhase(TestCaseExecutor.java:418)
	at com.kms.katalon.core.main.TestCaseExecutor.accessMainPhase(TestCaseExecutor.java:410)
	at com.kms.katalon.core.main.TestCaseExecutor.execute(TestCaseExecutor.java:285)
	at com.kms.katalon.core.main.TestCaseExecutor.execute(TestCaseExecutor.java:369)
	at com.kms.katalon.core.main.TestCaseExecutor.execute(TestCaseExecutor.java:369)
	at com.kms.katalon.core.main.TestCaseExecutor.execute(TestCaseExecutor.java:369)
	at com.kms.katalon.core.common.CommonExecutor.accessTestCaseMainPhase(CommonExecutor.java:65)
	at com.kms.katalon.core.main.TestSuiteExecutor.accessTestSuiteMainPhase(TestSuiteExecutor.java:148)
	at com.kms.katalon.core.main.TestSuiteExecutor.execute(TestSuiteExecutor.java:106)
	at com.kms.katalon.core.main.TestCaseMain.startTestSuite(TestCaseMain.java:187)
	at com.kms.katalon.core.main.TestCaseMain$startTestSuite$0.call(Unknown Source)
	at TempTestSuite1702778440031.run(TempTestSuite1702778440031.groovy:36)
Caused by: org.openqa.selenium.JavascriptException: javascript error: Element name=variableField4DropdownGroupItemID not found
  (Session info: chrome=120.0.6099.109)
Build info: version: '3.141.59', revision: 'e82be7d358', time: '2018-11-14T08:25:53'
System info: host: 'DESKTOP-B2QI6NS', ip: '172.31.253.139', os.name: 'Windows 10', os.arch: 'amd64', os.version: '10.0', java.version: '1.8.0_181'
Driver info: com.kms.katalon.selenium.driver.CChromeDriver
Capabilities {acceptInsecureCerts: true, browserName: chrome, browserVersion: 120.0.6099.109, chrome: {chromedriverVersion: 119.0.6045.105 (38c72552c5e..., userDataDir: C:\Users\imtiaz\AppData\Loc...}, fedcm:accounts: true, goog:chromeOptions: {debuggerAddress: localhost:57551}, javascriptEnabled: true, networkConnectionEnabled: false, pageLoadStrategy: normal, platform: WINDOWS, platformName: WINDOWS, proxy: Proxy(), setWindowRect: true, strictFileInteractability: false, timeouts: {implicit: 0, pageLoad: 300000, script: 30000}, unhandledPromptBehavior: dismiss and notify, webauthn:extension:credBlob: true, webauthn:extension:largeBlob: true, webauthn:extension:minPinLength: true, webauthn:extension:prf: true, webauthn:virtualAuthenticators: true}
Session ID: f91814352c9406b4b22248842188e341
	at org.openqa.selenium.remote.http.W3CHttpResponseCodec.createException(W3CHttpResponseCodec.java:187)
	at org.openqa.selenium.remote.http.W3CHttpResponseCodec.decode(W3CHttpResponseCodec.java:122)
	at org.openqa.selenium.remote.http.W3CHttpResponseCodec.decode(W3CHttpResponseCodec.java:49)
	at org.openqa.selenium.remote.HttpCommandExecutor.execute(HttpCommandExecutor.java:158)
	at org.openqa.selenium.remote.service.DriverCommandExecutor.execute(DriverCommandExecutor.java:83)
	at org.openqa.selenium.remote.RemoteWebDriver.execute(RemoteWebDriver.java:552)
	at com.kms.katalon.selenium.driver.CChromeDriver.execute(CChromeDriver.java:19)
	at org.openqa.selenium.remote.RemoteWebDriver.executeScript(RemoteWebDriver.java:489)
	at org.openqa.selenium.support.events.EventFiringWebDriver.lambda$new$1(EventFiringWebDriver.java:105)
	at com.sun.proxy.$Proxy10.executeScript(Unknown Source)
	at org.openqa.selenium.support.events.EventFiringWebDriver.executeScript(EventFiringWebDriver.java:229)
	at com.thoughtworks.selenium.webdriven.ElementFinder.findElement(ElementFinder.java:91)
	at com.thoughtworks.selenium.webdriven.commands.SeleniumSelect.<init>(SeleniumSelect.java:48)
	at com.thoughtworks.selenium.webdriven.commands.SelectOption.handleSeleneseCommand(SelectOption.java:41)
	at com.thoughtworks.selenium.webdriven.commands.SelectOption.handleSeleneseCommand(SelectOption.java:26)
	at com.thoughtworks.selenium.webdriven.SeleneseCommand.apply(SeleneseCommand.java:39)
	at com.thoughtworks.selenium.webdriven.Timer.run(Timer.java:41)
	at com.thoughtworks.selenium.webdriven.WebDriverCommandProcessor.execute(WebDriverCommandProcessor.java:150)
	at com.thoughtworks.selenium.webdriven.WebDriverCommandProcessor.doCommand(WebDriverCommandProcessor.java:76)
	at com.thoughtworks.selenium.DefaultSelenium.select(DefaultSelenium.java:350)
	at com.thoughtworks.selenium.Selenium$select$0.call(Unknown Source)
	at Script1702500977175.run(Script1702500977175.groovy:110)
	... 16 more


2023-12-16 21:19:01 - [MESSAGE][ERROR] - Test Cases/IntegratedWeb/IWP23-SelIDE/MissingReqFieldsPC FAILED.
Reason:
com.thoughtworks.selenium.SeleniumException: Element name=variableField4DropdownGroupItemID not found
	at com.thoughtworks.selenium.webdriven.ElementFinder.findElement(ElementFinder.java:93)
	at com.thoughtworks.selenium.webdriven.commands.SeleniumSelect.<init>(SeleniumSelect.java:48)
	at com.thoughtworks.selenium.webdriven.commands.SelectOption.handleSeleneseCommand(SelectOption.java:41)
	at com.thoughtworks.selenium.webdriven.commands.SelectOption.handleSeleneseCommand(SelectOption.java:26)
	at com.thoughtworks.selenium.webdriven.SeleneseCommand.apply(SeleneseCommand.java:39)
	at com.thoughtworks.selenium.webdriven.Timer.run(Timer.java:41)
	at com.thoughtworks.selenium.webdriven.WebDriverCommandProcessor.execute(WebDriverCommandProcessor.java:150)
	at com.thoughtworks.selenium.webdriven.WebDriverCommandProcessor.doCommand(WebDriverCommandProcessor.java:76)
	at com.thoughtworks.selenium.DefaultSelenium.select(DefaultSelenium.java:350)
	at com.thoughtworks.selenium.Selenium$select$0.call(Unknown Source)
	at MissingReqFieldsPC.run(MissingReqFieldsPC:110)
	at com.kms.katalon.core.main.ScriptEngine.run(ScriptEngine.java:194)
	at com.kms.katalon.core.main.ScriptEngine.runScriptAsRawText(ScriptEngine.java:119)
	at com.kms.katalon.core.main.TestCaseExecutor.runScript(TestCaseExecutor.java:448)
	at com.kms.katalon.core.main.TestCaseExecutor.doExecute(TestCaseExecutor.java:439)
	at com.kms.katalon.core.main.TestCaseExecutor.processExecutionPhase(TestCaseExecutor.java:418)
	at com.kms.katalon.core.main.TestCaseExecutor.accessMainPhase(TestCaseExecutor.java:410)
	at com.kms.katalon.core.main.TestCaseExecutor.execute(TestCaseExecutor.java:285)
	at com.kms.katalon.core.main.TestCaseExecutor.execute(TestCaseExecutor.java:369)
	at com.kms.katalon.core.main.TestCaseExecutor.execute(TestCaseExecutor.java:369)
	at com.kms.katalon.core.main.TestCaseExecutor.execute(TestCaseExecutor.java:369)
	at com.kms.katalon.core.common.CommonExecutor.accessTestCaseMainPhase(CommonExecutor.java:65)
	at com.kms.katalon.core.main.TestSuiteExecutor.accessTestSuiteMainPhase(TestSuiteExecutor.java:148)
	at com.kms.katalon.core.main.TestSuiteExecutor.execute(TestSuiteExecutor.java:106)
	at com.kms.katalon.core.main.TestCaseMain.startTestSuite(TestCaseMain.java:187)
	at com.kms.katalon.core.main.TestCaseMain$startTestSuite$0.call(Unknown Source)
	at TempTestSuite1702778440031.run(TempTestSuite1702778440031.groovy:36)
Caused by: org.openqa.selenium.JavascriptException: javascript error: Element name=variableField4DropdownGroupItemID not found
  (Session info: chrome=120.0.6099.109)
Build info: version: '3.141.59', revision: 'e82be7d358', time: '2018-11-14T08:25:53'
System info: host: 'DESKTOP-B2QI6NS', ip: '172.31.253.139', os.name: 'Windows 10', os.arch: 'amd64', os.version: '10.0', java.version: '1.8.0_181'
Driver info: com.kms.katalon.selenium.driver.CChromeDriver
Capabilities {acceptInsecureCerts: true, browserName: chrome, browserVersion: 120.0.6099.109, chrome: {chromedriverVersion: 119.0.6045.105 (38c72552c5e..., userDataDir: C:\Users\imtiaz\AppData\Loc...}, fedcm:accounts: true, goog:chromeOptions: {debuggerAddress: localhost:57551}, javascriptEnabled: true, networkConnectionEnabled: false, pageLoadStrategy: normal, platform: WINDOWS, platformName: WINDOWS, proxy: Proxy(), setWindowRect: true, strictFileInteractability: false, timeouts: {implicit: 0, pageLoad: 300000, script: 30000}, unhandledPromptBehavior: dismiss and notify, webauthn:extension:credBlob: true, webauthn:extension:largeBlob: true, webauthn:extension:minPinLength: true, webauthn:extension:prf: true, webauthn:virtualAuthenticators: true}
Session ID: f91814352c9406b4b22248842188e341
	at org.openqa.selenium.remote.http.W3CHttpResponseCodec.createException(W3CHttpResponseCodec.java:187)
	at org.openqa.selenium.remote.http.W3CHttpResponseCodec.decode(W3CHttpResponseCodec.java:122)
	at org.openqa.selenium.remote.http.W3CHttpResponseCodec.decode(W3CHttpResponseCodec.java:49)
	at org.openqa.selenium.remote.HttpCommandExecutor.execute(HttpCommandExecutor.java:158)
	at org.openqa.selenium.remote.service.DriverCommandExecutor.execute(DriverCommandExecutor.java:83)
	at org.openqa.selenium.remote.RemoteWebDriver.execute(RemoteWebDriver.java:552)
	at com.kms.katalon.selenium.driver.CChromeDriver.execute(CChromeDriver.java:19)
	at org.openqa.selenium.remote.RemoteWebDriver.executeScript(RemoteWebDriver.java:489)
	at org.openqa.selenium.support.events.EventFiringWebDriver.lambda$new$1(EventFiringWebDriver.java:105)
	at com.sun.proxy.$Proxy10.executeScript(Unknown Source)
	at org.openqa.selenium.support.events.EventFiringWebDriver.executeScript(EventFiringWebDriver.java:229)
	at com.thoughtworks.selenium.webdriven.ElementFinder.findElement(ElementFinder.java:91)
	at com.thoughtworks.selenium.webdriven.commands.SeleniumSelect.<init>(SeleniumSelect.java:48)
	at com.thoughtworks.selenium.webdriven.commands.SelectOption.handleSeleneseCommand(SelectOption.java:41)
	at com.thoughtworks.selenium.webdriven.commands.SelectOption.handleSeleneseCommand(SelectOption.java:26)
	at com.thoughtworks.selenium.webdriven.SeleneseCommand.apply(SeleneseCommand.java:39)
	at com.thoughtworks.selenium.webdriven.Timer.run(Timer.java:41)
	at com.thoughtworks.selenium.webdriven.WebDriverCommandProcessor.execute(WebDriverCommandProcessor.java:150)
	at com.thoughtworks.selenium.webdriven.WebDriverCommandProcessor.doCommand(WebDriverCommandProcessor.java:76)
	at com.thoughtworks.selenium.DefaultSelenium.select(DefaultSelenium.java:350)
	at com.thoughtworks.selenium.Selenium$select$0.call(Unknown Source)
	at Script1702500977175.run(Script1702500977175.groovy:110)
	... 16 more]]></system-out>
         <system-err><![CDATA[2023-12-16 21:18:48 - [TEST_CASE][ERROR] - Test Cases/IntegratedWeb/IWP23-SelIDE/MissingReqFieldsPC: Test Cases/IntegratedWeb/IWP23-SelIDE/MissingReqFieldsPC FAILED.
Reason:
com.thoughtworks.selenium.SeleniumException: Element name=variableField4DropdownGroupItemID not found
	at com.thoughtworks.selenium.webdriven.ElementFinder.findElement(ElementFinder.java:93)
	at com.thoughtworks.selenium.webdriven.commands.SeleniumSelect.<init>(SeleniumSelect.java:48)
	at com.thoughtworks.selenium.webdriven.commands.SelectOption.handleSeleneseCommand(SelectOption.java:41)
	at com.thoughtworks.selenium.webdriven.commands.SelectOption.handleSeleneseCommand(SelectOption.java:26)
	at com.thoughtworks.selenium.webdriven.SeleneseCommand.apply(SeleneseCommand.java:39)
	at com.thoughtworks.selenium.webdriven.Timer.run(Timer.java:41)
	at com.thoughtworks.selenium.webdriven.WebDriverCommandProcessor.execute(WebDriverCommandProcessor.java:150)
	at com.thoughtworks.selenium.webdriven.WebDriverCommandProcessor.doCommand(WebDriverCommandProcessor.java:76)
	at com.thoughtworks.selenium.DefaultSelenium.select(DefaultSelenium.java:350)
	at com.thoughtworks.selenium.Selenium$select$0.call(Unknown Source)
	at MissingReqFieldsPC.run(MissingReqFieldsPC:110)
	at com.kms.katalon.core.main.ScriptEngine.run(ScriptEngine.java:194)
	at com.kms.katalon.core.main.ScriptEngine.runScriptAsRawText(ScriptEngine.java:119)
	at com.kms.katalon.core.main.TestCaseExecutor.runScript(TestCaseExecutor.java:448)
	at com.kms.katalon.core.main.TestCaseExecutor.doExecute(TestCaseExecutor.java:439)
	at com.kms.katalon.core.main.TestCaseExecutor.processExecutionPhase(TestCaseExecutor.java:418)
	at com.kms.katalon.core.main.TestCaseExecutor.accessMainPhase(TestCaseExecutor.java:410)
	at com.kms.katalon.core.main.TestCaseExecutor.execute(TestCaseExecutor.java:285)
	at com.kms.katalon.core.main.TestCaseExecutor.execute(TestCaseExecutor.java:369)
	at com.kms.katalon.core.main.TestCaseExecutor.execute(TestCaseExecutor.java:369)
	at com.kms.katalon.core.main.TestCaseExecutor.execute(TestCaseExecutor.java:369)
	at com.kms.katalon.core.common.CommonExecutor.accessTestCaseMainPhase(CommonExecutor.java:65)
	at com.kms.katalon.core.main.TestSuiteExecutor.accessTestSuiteMainPhase(TestSuiteExecutor.java:148)
	at com.kms.katalon.core.main.TestSuiteExecutor.execute(TestSuiteExecutor.java:106)
	at com.kms.katalon.core.main.TestCaseMain.startTestSuite(TestCaseMain.java:187)
	at com.kms.katalon.core.main.TestCaseMain$startTestSuite$0.call(Unknown Source)
	at TempTestSuite1702778440031.run(TempTestSuite1702778440031.groovy:36)
Caused by: org.openqa.selenium.JavascriptException: javascript error: Element name=variableField4DropdownGroupItemID not found
  (Session info: chrome=120.0.6099.109)
Build info: version: '3.141.59', revision: 'e82be7d358', time: '2018-11-14T08:25:53'
System info: host: 'DESKTOP-B2QI6NS', ip: '172.31.253.139', os.name: 'Windows 10', os.arch: 'amd64', os.version: '10.0', java.version: '1.8.0_181'
Driver info: com.kms.katalon.selenium.driver.CChromeDriver
Capabilities {acceptInsecureCerts: true, browserName: chrome, browserVersion: 120.0.6099.109, chrome: {chromedriverVersion: 119.0.6045.105 (38c72552c5e..., userDataDir: C:\Users\imtiaz\AppData\Loc...}, fedcm:accounts: true, goog:chromeOptions: {debuggerAddress: localhost:57551}, javascriptEnabled: true, networkConnectionEnabled: false, pageLoadStrategy: normal, platform: WINDOWS, platformName: WINDOWS, proxy: Proxy(), setWindowRect: true, strictFileInteractability: false, timeouts: {implicit: 0, pageLoad: 300000, script: 30000}, unhandledPromptBehavior: dismiss and notify, webauthn:extension:credBlob: true, webauthn:extension:largeBlob: true, webauthn:extension:minPinLength: true, webauthn:extension:prf: true, webauthn:virtualAuthenticators: true}
Session ID: f91814352c9406b4b22248842188e341
	at org.openqa.selenium.remote.http.W3CHttpResponseCodec.createException(W3CHttpResponseCodec.java:187)
	at org.openqa.selenium.remote.http.W3CHttpResponseCodec.decode(W3CHttpResponseCodec.java:122)
	at org.openqa.selenium.remote.http.W3CHttpResponseCodec.decode(W3CHttpResponseCodec.java:49)
	at org.openqa.selenium.remote.HttpCommandExecutor.execute(HttpCommandExecutor.java:158)
	at org.openqa.selenium.remote.service.DriverCommandExecutor.execute(DriverCommandExecutor.java:83)
	at org.openqa.selenium.remote.RemoteWebDriver.execute(RemoteWebDriver.java:552)
	at com.kms.katalon.selenium.driver.CChromeDriver.execute(CChromeDriver.java:19)
	at org.openqa.selenium.remote.RemoteWebDriver.executeScript(RemoteWebDriver.java:489)
	at org.openqa.selenium.support.events.EventFiringWebDriver.lambda$new$1(EventFiringWebDriver.java:105)
	at com.sun.proxy.$Proxy10.executeScript(Unknown Source)
	at org.openqa.selenium.support.events.EventFiringWebDriver.executeScript(EventFiringWebDriver.java:229)
	at com.thoughtworks.selenium.webdriven.ElementFinder.findElement(ElementFinder.java:91)
	... 26 more]]></system-err>
      </testcase>
      <testcase name="Test Cases/IntegratedWeb/IWP23-SelIDE/MissingRequiredFieldsCC" time="12.417" classname="Test Cases/IntegratedWeb/IWP23-SelIDE/MissingRequiredFieldsCC" status="ERROR">
         <error type="ERROR" message="Test Cases/IntegratedWeb/IWP23-SelIDE/MissingRequiredFieldsCC FAILED.
Reason:
com.thoughtworks.selenium.SeleniumException: Element name=variableField4DropdownGroupItemID not found
	at com.thoughtworks.selenium.webdriven.ElementFinder.findElement(ElementFinder.java:93)
	at com.thoughtworks.selenium.webdriven.commands.SeleniumSelect.&lt;init>(SeleniumSelect.java:48)
	at com.thoughtworks.selenium.webdriven.commands.SelectOption.handleSeleneseCommand(SelectOption.java:41)
	at com.thoughtworks.selenium.webdriven.commands.SelectOption.handleSeleneseCommand(SelectOption.java:26)
	at com.thoughtworks.selenium.webdriven.SeleneseCommand.apply(SeleneseCommand.java:39)
	at com.thoughtworks.selenium.webdriven.Timer.run(Timer.java:41)
	at com.thoughtworks.selenium.webdriven.WebDriverCommandProcessor.execute(WebDriverCommandProcessor.java:150)
	at com.thoughtworks.selenium.webdriven.WebDriverCommandProcessor.doCommand(WebDriverCommandProcessor.java:76)
	at com.thoughtworks.selenium.DefaultSelenium.select(DefaultSelenium.java:350)
	at com.thoughtworks.selenium.Selenium$select$0.call(Unknown Source)
	at MissingRequiredFieldsCC.run(MissingRequiredFieldsCC:111)
	at com.kms.katalon.core.main.ScriptEngine.run(ScriptEngine.java:194)
	at com.kms.katalon.core.main.ScriptEngine.runScriptAsRawText(ScriptEngine.java:119)
	at com.kms.katalon.core.main.TestCaseExecutor.runScript(TestCaseExecutor.java:448)
	at com.kms.katalon.core.main.TestCaseExecutor.doExecute(TestCaseExecutor.java:439)
	at com.kms.katalon.core.main.TestCaseExecutor.processExecutionPhase(TestCaseExecutor.java:418)
	at com.kms.katalon.core.main.TestCaseExecutor.accessMainPhase(TestCaseExecutor.java:410)
	at com.kms.katalon.core.main.TestCaseExecutor.execute(TestCaseExecutor.java:285)
	at com.kms.katalon.core.main.TestCaseExecutor.execute(TestCaseExecutor.java:369)
	at com.kms.katalon.core.main.TestCaseExecutor.execute(TestCaseExecutor.java:369)
	at com.kms.katalon.core.main.TestCaseExecutor.execute(TestCaseExecutor.java:369)
	at com.kms.katalon.core.common.CommonExecutor.accessTestCaseMainPhase(CommonExecutor.java:65)
	at com.kms.katalon.core.main.TestSuiteExecutor.accessTestSuiteMainPhase(TestSuiteExecutor.java:148)
	at com.kms.katalon.core.main.TestSuiteExecutor.execute(TestSuiteExecutor.java:106)
	at com.kms.katalon.core.main.TestCaseMain.startTestSuite(TestCaseMain.java:187)
	at com.kms.katalon.core.main.TestCaseMain$startTestSuite$0.call(Unknown Source)
	at TempTestSuite1702778440031.run(TempTestSuite1702778440031.groovy:36)
Caused by: org.openqa.selenium.JavascriptException: javascript error: Element name=variableField4DropdownGroupItemID not found
  (Session info: chrome=120.0.6099.109)
Build info: version: '3.141.59', revision: 'e82be7d358', time: '2018-11-14T08:25:53'
System info: host: 'DESKTOP-B2QI6NS', ip: '172.31.253.139', os.name: 'Windows 10', os.arch: 'amd64', os.version: '10.0', java.version: '1.8.0_181'
Driver info: com.kms.katalon.selenium.driver.CChromeDriver
Capabilities {acceptInsecureCerts: true, browserName: chrome, browserVersion: 120.0.6099.109, chrome: {chromedriverVersion: 119.0.6045.105 (38c72552c5e..., userDataDir: C:\Users\imtiaz\AppData\Loc...}, fedcm:accounts: true, goog:chromeOptions: {debuggerAddress: localhost:58024}, javascriptEnabled: true, networkConnectionEnabled: false, pageLoadStrategy: normal, platform: WINDOWS, platformName: WINDOWS, proxy: Proxy(), setWindowRect: true, strictFileInteractability: false, timeouts: {implicit: 0, pageLoad: 300000, script: 30000}, unhandledPromptBehavior: dismiss and notify, webauthn:extension:credBlob: true, webauthn:extension:largeBlob: true, webauthn:extension:minPinLength: true, webauthn:extension:prf: true, webauthn:virtualAuthenticators: true}
Session ID: fd7e992e4c038b3bf368f146a80fff3e
	at org.openqa.selenium.remote.http.W3CHttpResponseCodec.createException(W3CHttpResponseCodec.java:187)
	at org.openqa.selenium.remote.http.W3CHttpResponseCodec.decode(W3CHttpResponseCodec.java:122)
	at org.openqa.selenium.remote.http.W3CHttpResponseCodec.decode(W3CHttpResponseCodec.java:49)
	at org.openqa.selenium.remote.HttpCommandExecutor.execute(HttpCommandExecutor.java:158)
	at org.openqa.selenium.remote.service.DriverCommandExecutor.execute(DriverCommandExecutor.java:83)
	at org.openqa.selenium.remote.RemoteWebDriver.execute(RemoteWebDriver.java:552)
	at com.kms.katalon.selenium.driver.CChromeDriver.execute(CChromeDriver.java:19)
	at org.openqa.selenium.remote.RemoteWebDriver.executeScript(RemoteWebDriver.java:489)
	at org.openqa.selenium.support.events.EventFiringWebDriver.lambda$new$1(EventFiringWebDriver.java:105)
	at com.sun.proxy.$Proxy10.executeScript(Unknown Source)
	at org.openqa.selenium.support.events.EventFiringWebDriver.executeScript(EventFiringWebDriver.java:229)
	at com.thoughtworks.selenium.webdriven.ElementFinder.findElement(ElementFinder.java:91)
	... 26 more
"/>
         <system-out><![CDATA[2023-12-16 21:19:39 - [TEST_CASE][ERROR] - Test Cases/IntegratedWeb/IWP23-SelIDE/MissingRequiredFieldsCC: Test Cases/IntegratedWeb/IWP23-SelIDE/MissingRequiredFieldsCC FAILED.
Reason:
com.thoughtworks.selenium.SeleniumException: Element name=variableField4DropdownGroupItemID not found
	at com.thoughtworks.selenium.webdriven.ElementFinder.findElement(ElementFinder.java:93)
	at com.thoughtworks.selenium.webdriven.commands.SeleniumSelect.<init>(SeleniumSelect.java:48)
	at com.thoughtworks.selenium.webdriven.commands.SelectOption.handleSeleneseCommand(SelectOption.java:41)
	at com.thoughtworks.selenium.webdriven.commands.SelectOption.handleSeleneseCommand(SelectOption.java:26)
	at com.thoughtworks.selenium.webdriven.SeleneseCommand.apply(SeleneseCommand.java:39)
	at com.thoughtworks.selenium.webdriven.Timer.run(Timer.java:41)
	at com.thoughtworks.selenium.webdriven.WebDriverCommandProcessor.execute(WebDriverCommandProcessor.java:150)
	at com.thoughtworks.selenium.webdriven.WebDriverCommandProcessor.doCommand(WebDriverCommandProcessor.java:76)
	at com.thoughtworks.selenium.DefaultSelenium.select(DefaultSelenium.java:350)
	at com.thoughtworks.selenium.Selenium$select$0.call(Unknown Source)
	at MissingRequiredFieldsCC.run(MissingRequiredFieldsCC:111)
	at com.kms.katalon.core.main.ScriptEngine.run(ScriptEngine.java:194)
	at com.kms.katalon.core.main.ScriptEngine.runScriptAsRawText(ScriptEngine.java:119)
	at com.kms.katalon.core.main.TestCaseExecutor.runScript(TestCaseExecutor.java:448)
	at com.kms.katalon.core.main.TestCaseExecutor.doExecute(TestCaseExecutor.java:439)
	at com.kms.katalon.core.main.TestCaseExecutor.processExecutionPhase(TestCaseExecutor.java:418)
	at com.kms.katalon.core.main.TestCaseExecutor.accessMainPhase(TestCaseExecutor.java:410)
	at com.kms.katalon.core.main.TestCaseExecutor.execute(TestCaseExecutor.java:285)
	at com.kms.katalon.core.main.TestCaseExecutor.execute(TestCaseExecutor.java:369)
	at com.kms.katalon.core.main.TestCaseExecutor.execute(TestCaseExecutor.java:369)
	at com.kms.katalon.core.main.TestCaseExecutor.execute(TestCaseExecutor.java:369)
	at com.kms.katalon.core.common.CommonExecutor.accessTestCaseMainPhase(CommonExecutor.java:65)
	at com.kms.katalon.core.main.TestSuiteExecutor.accessTestSuiteMainPhase(TestSuiteExecutor.java:148)
	at com.kms.katalon.core.main.TestSuiteExecutor.execute(TestSuiteExecutor.java:106)
	at com.kms.katalon.core.main.TestCaseMain.startTestSuite(TestCaseMain.java:187)
	at com.kms.katalon.core.main.TestCaseMain$startTestSuite$0.call(Unknown Source)
	at TempTestSuite1702778440031.run(TempTestSuite1702778440031.groovy:36)
Caused by: org.openqa.selenium.JavascriptException: javascript error: Element name=variableField4DropdownGroupItemID not found
  (Session info: chrome=120.0.6099.109)
Build info: version: '3.141.59', revision: 'e82be7d358', time: '2018-11-14T08:25:53'
System info: host: 'DESKTOP-B2QI6NS', ip: '172.31.253.139', os.name: 'Windows 10', os.arch: 'amd64', os.version: '10.0', java.version: '1.8.0_181'
Driver info: com.kms.katalon.selenium.driver.CChromeDriver
Capabilities {acceptInsecureCerts: true, browserName: chrome, browserVersion: 120.0.6099.109, chrome: {chromedriverVersion: 119.0.6045.105 (38c72552c5e..., userDataDir: C:\Users\imtiaz\AppData\Loc...}, fedcm:accounts: true, goog:chromeOptions: {debuggerAddress: localhost:58024}, javascriptEnabled: true, networkConnectionEnabled: false, pageLoadStrategy: normal, platform: WINDOWS, platformName: WINDOWS, proxy: Proxy(), setWindowRect: true, strictFileInteractability: false, timeouts: {implicit: 0, pageLoad: 300000, script: 30000}, unhandledPromptBehavior: dismiss and notify, webauthn:extension:credBlob: true, webauthn:extension:largeBlob: true, webauthn:extension:minPinLength: true, webauthn:extension:prf: true, webauthn:virtualAuthenticators: true}
Session ID: fd7e992e4c038b3bf368f146a80fff3e
	at org.openqa.selenium.remote.http.W3CHttpResponseCodec.createException(W3CHttpResponseCodec.java:187)
	at org.openqa.selenium.remote.http.W3CHttpResponseCodec.decode(W3CHttpResponseCodec.java:122)
	at org.openqa.selenium.remote.http.W3CHttpResponseCodec.decode(W3CHttpResponseCodec.java:49)
	at org.openqa.selenium.remote.HttpCommandExecutor.execute(HttpCommandExecutor.java:158)
	at org.openqa.selenium.remote.service.DriverCommandExecutor.execute(DriverCommandExecutor.java:83)
	at org.openqa.selenium.remote.RemoteWebDriver.execute(RemoteWebDriver.java:552)
	at com.kms.katalon.selenium.driver.CChromeDriver.execute(CChromeDriver.java:19)
	at org.openqa.selenium.remote.RemoteWebDriver.executeScript(RemoteWebDriver.java:489)
	at org.openqa.selenium.support.events.EventFiringWebDriver.lambda$new$1(EventFiringWebDriver.java:105)
	at com.sun.proxy.$Proxy10.executeScript(Unknown Source)
	at org.openqa.selenium.support.events.EventFiringWebDriver.executeScript(EventFiringWebDriver.java:229)
	at com.thoughtworks.selenium.webdriven.ElementFinder.findElement(ElementFinder.java:91)
	... 26 more


2023-12-16 21:19:39 - [TEST_STEP][PASSED] - softAssertion = new org.testng.asserts.SoftAssert(): null

2023-12-16 21:19:39 - [TEST_STEP][PASSED] - openBrowser("https://www.google.com/"): Browser is opened with url: 'https://www.google.com/'

2023-12-16 21:19:39 - [MESSAGE][WARNING] - A browser is already opened. Closing browser and opening a new one

2023-12-16 21:19:40 - [MESSAGE][INFO] - Starting 'Chrome' driver

2023-12-16 21:19:40 - [MESSAGE][INFO] - User set preference: ['acceptInsecureCerts', 'true']

2023-12-16 21:19:40 - [MESSAGE][INFO] - Action delay is set to 0 milliseconds

2023-12-16 21:19:43 - [MESSAGE][PASSED] - Browser is opened with url: 'https://www.google.com/'

2023-12-16 21:19:43 - [TEST_STEP][PASSED] - driver = getWebDriver(): null

2023-12-16 21:19:43 - [TEST_STEP][PASSED] - baseUrl = "https://www.google.com/": null

2023-12-16 21:19:43 - [TEST_STEP][PASSED] - selenium = new com.thoughtworks.selenium.webdriven.WebDriverBackedSelenium(driver, baseUrl): null

2023-12-16 21:19:43 - [TEST_STEP][PASSED] - println("Begin Test: MissingRequiredFieldsCC"): null

2023-12-16 21:19:43 - [TEST_STEP][PASSED] - emulatorURL = urlEmulator: null

2023-12-16 21:19:43 - [TEST_STEP][PASSED] - selenium.open(emulatorURL): null

2023-12-16 21:19:43 - [TEST_STEP][PASSED] - selenium.selectWindow("null"): null

2023-12-16 21:19:43 - [TEST_STEP][PASSED] - selenium.select("name=message_version", "label=2.3"): null

2023-12-16 21:19:43 - [TEST_STEP][PASSED] - selenium.waitForPageToLoad("30000"): null

2023-12-16 21:19:44 - [TEST_STEP][PASSED] - selenium.type("name=amount", 00".toString()): null

2023-12-16 21:19:44 - [TEST_STEP][PASSED] - selenium.type("name=client_account_number", "CAN12345"): null

2023-12-16 21:19:44 - [TEST_STEP][PASSED] - selenium.type("name=action_type", "PayNow"): null

2023-12-16 21:19:44 - [TEST_STEP][PASSED] - selenium.type("name=language", "en_US"): null

2023-12-16 21:19:44 - [TEST_STEP][PASSED] - selenium.type("name=billing_firstname", "Mandy"): null

2023-12-16 21:19:44 - [TEST_STEP][PASSED] - selenium.type("name=billing_lastname", "Iguera"): null

2023-12-16 21:19:44 - [TEST_STEP][PASSED] - selenium.type("name=billing_address", "56 World Center Drive".toString()): null

2023-12-16 21:19:44 - [TEST_STEP][PASSED] - selenium.type("name=billing_address2", "Suite 600".toString()): null

2023-12-16 21:19:44 - [TEST_STEP][PASSED] - selenium.type("name=billing_country_id", "840"): null

2023-12-16 21:19:44 - [TEST_STEP][PASSED] - selenium.type("name=billing_city", "Orlando"): null

2023-12-16 21:19:44 - [TEST_STEP][PASSED] - selenium.type("name=billing_state", "NH"): null

2023-12-16 21:19:44 - [TEST_STEP][PASSED] - selenium.type("name=billing_zip", "03106"): null

2023-12-16 21:19:45 - [TEST_STEP][PASSED] - selenium.type("name=order_number", "PPPPOOOO"): null

2023-12-16 21:19:45 - [TEST_STEP][PASSED] - selenium.type("name=user_defined1", "udf1"): null

2023-12-16 21:19:45 - [TEST_STEP][PASSED] - selenium.type("name=user_defined2", "udf2"): null

2023-12-16 21:19:45 - [TEST_STEP][PASSED] - selenium.type("name=user_defined3", "udf3"): null

2023-12-16 21:19:45 - [TEST_STEP][PASSED] - selenium.type("name=user_defined4", "Orange Label".toString()): null

2023-12-16 21:19:45 - [TEST_STEP][PASSED] - selenium.type("name=user_defined5", "Soccer Label".toString()): null

2023-12-16 21:19:45 - [TEST_STEP][PASSED] - selenium.click("name=submit"): null

2023-12-16 21:19:45 - [TEST_STEP][PASSED] - selenium.waitForPageToLoad("30000"): null

2023-12-16 21:19:46 - [TEST_STEP][PASSED] - Thread.sleep(2000): null

2023-12-16 21:19:48 - [TEST_STEP][PASSED] - testHarnessURL = urlTestHarness: null

2023-12-16 21:19:48 - [TEST_STEP][PASSED] - selenium.open(testHarnessURL): null

2023-12-16 21:19:48 - [TEST_STEP][PASSED] - selenium.type("name=application_id", "635"): null

2023-12-16 21:19:48 - [TEST_STEP][PASSED] - selenium.type("name=message_version", 3".toString()): null

2023-12-16 21:19:48 - [TEST_STEP][PASSED] - genRemIDVoid = RandomStringUtils.random(12, true, true): null

2023-12-16 21:19:48 - [TEST_STEP][PASSED] - selenium.type("name=remittance_id", genRemIDVoid): null

2023-12-16 21:19:48 - [TEST_STEP][PASSED] - selenium.click("css=input.formSubmit"): null

2023-12-16 21:19:49 - [TEST_STEP][PASSED] - selenium.waitForPageToLoad("30000"): null

2023-12-16 21:19:50 - [TEST_STEP][PASSED] - selenium.selectWindow("null"): null

2023-12-16 21:19:50 - [TEST_STEP][PASSED] - selenium.click("name=paymentMethod"): null

2023-12-16 21:19:50 - [TEST_STEP][PASSED] - selenium.click("css=input[type="submit"]"): null

2023-12-16 21:19:50 - [TEST_STEP][PASSED] - selenium.waitForPageToLoad("30000"): null

2023-12-16 21:19:51 - [TEST_STEP][PASSED] - selenium.type("name=amount", ""): null

2023-12-16 21:19:51 - [TEST_STEP][PASSED] - selenium.type("name=userDefined2", "udf2 new".toString()): null

2023-12-16 21:19:51 - [TEST_STEP][PASSED] - selenium.type("name=userDefined3", ""): null

2023-12-16 21:19:51 - [TEST_STEP][ERROR] - selenium.select("name=variableField4DropdownGroupItemID", "label=Purple"): Test Cases/IntegratedWeb/IWP23-SelIDE/MissingRequiredFieldsCC FAILED.
Reason:
com.thoughtworks.selenium.SeleniumException: Element name=variableField4DropdownGroupItemID not found
	at com.thoughtworks.selenium.webdriven.ElementFinder.findElement(ElementFinder.java:93)
	at com.thoughtworks.selenium.webdriven.commands.SeleniumSelect.<init>(SeleniumSelect.java:48)
	at com.thoughtworks.selenium.webdriven.commands.SelectOption.handleSeleneseCommand(SelectOption.java:41)
	at com.thoughtworks.selenium.webdriven.commands.SelectOption.handleSeleneseCommand(SelectOption.java:26)
	at com.thoughtworks.selenium.webdriven.SeleneseCommand.apply(SeleneseCommand.java:39)
	at com.thoughtworks.selenium.webdriven.Timer.run(Timer.java:41)
	at com.thoughtworks.selenium.webdriven.WebDriverCommandProcessor.execute(WebDriverCommandProcessor.java:150)
	at com.thoughtworks.selenium.webdriven.WebDriverCommandProcessor.doCommand(WebDriverCommandProcessor.java:76)
	at com.thoughtworks.selenium.DefaultSelenium.select(DefaultSelenium.java:350)
	at com.thoughtworks.selenium.Selenium$select$0.call(Unknown Source)
	at MissingRequiredFieldsCC.run(MissingRequiredFieldsCC:111)
	at com.kms.katalon.core.main.ScriptEngine.run(ScriptEngine.java:194)
	at com.kms.katalon.core.main.ScriptEngine.runScriptAsRawText(ScriptEngine.java:119)
	at com.kms.katalon.core.main.TestCaseExecutor.runScript(TestCaseExecutor.java:448)
	at com.kms.katalon.core.main.TestCaseExecutor.doExecute(TestCaseExecutor.java:439)
	at com.kms.katalon.core.main.TestCaseExecutor.processExecutionPhase(TestCaseExecutor.java:418)
	at com.kms.katalon.core.main.TestCaseExecutor.accessMainPhase(TestCaseExecutor.java:410)
	at com.kms.katalon.core.main.TestCaseExecutor.execute(TestCaseExecutor.java:285)
	at com.kms.katalon.core.main.TestCaseExecutor.execute(TestCaseExecutor.java:369)
	at com.kms.katalon.core.main.TestCaseExecutor.execute(TestCaseExecutor.java:369)
	at com.kms.katalon.core.main.TestCaseExecutor.execute(TestCaseExecutor.java:369)
	at com.kms.katalon.core.common.CommonExecutor.accessTestCaseMainPhase(CommonExecutor.java:65)
	at com.kms.katalon.core.main.TestSuiteExecutor.accessTestSuiteMainPhase(TestSuiteExecutor.java:148)
	at com.kms.katalon.core.main.TestSuiteExecutor.execute(TestSuiteExecutor.java:106)
	at com.kms.katalon.core.main.TestCaseMain.startTestSuite(TestCaseMain.java:187)
	at com.kms.katalon.core.main.TestCaseMain$startTestSuite$0.call(Unknown Source)
	at TempTestSuite1702778440031.run(TempTestSuite1702778440031.groovy:36)
Caused by: org.openqa.selenium.JavascriptException: javascript error: Element name=variableField4DropdownGroupItemID not found
  (Session info: chrome=120.0.6099.109)
Build info: version: '3.141.59', revision: 'e82be7d358', time: '2018-11-14T08:25:53'
System info: host: 'DESKTOP-B2QI6NS', ip: '172.31.253.139', os.name: 'Windows 10', os.arch: 'amd64', os.version: '10.0', java.version: '1.8.0_181'
Driver info: com.kms.katalon.selenium.driver.CChromeDriver
Capabilities {acceptInsecureCerts: true, browserName: chrome, browserVersion: 120.0.6099.109, chrome: {chromedriverVersion: 119.0.6045.105 (38c72552c5e..., userDataDir: C:\Users\imtiaz\AppData\Loc...}, fedcm:accounts: true, goog:chromeOptions: {debuggerAddress: localhost:58024}, javascriptEnabled: true, networkConnectionEnabled: false, pageLoadStrategy: normal, platform: WINDOWS, platformName: WINDOWS, proxy: Proxy(), setWindowRect: true, strictFileInteractability: false, timeouts: {implicit: 0, pageLoad: 300000, script: 30000}, unhandledPromptBehavior: dismiss and notify, webauthn:extension:credBlob: true, webauthn:extension:largeBlob: true, webauthn:extension:minPinLength: true, webauthn:extension:prf: true, webauthn:virtualAuthenticators: true}
Session ID: fd7e992e4c038b3bf368f146a80fff3e
	at org.openqa.selenium.remote.http.W3CHttpResponseCodec.createException(W3CHttpResponseCodec.java:187)
	at org.openqa.selenium.remote.http.W3CHttpResponseCodec.decode(W3CHttpResponseCodec.java:122)
	at org.openqa.selenium.remote.http.W3CHttpResponseCodec.decode(W3CHttpResponseCodec.java:49)
	at org.openqa.selenium.remote.HttpCommandExecutor.execute(HttpCommandExecutor.java:158)
	at org.openqa.selenium.remote.service.DriverCommandExecutor.execute(DriverCommandExecutor.java:83)
	at org.openqa.selenium.remote.RemoteWebDriver.execute(RemoteWebDriver.java:552)
	at com.kms.katalon.selenium.driver.CChromeDriver.execute(CChromeDriver.java:19)
	at org.openqa.selenium.remote.RemoteWebDriver.executeScript(RemoteWebDriver.java:489)
	at org.openqa.selenium.support.events.EventFiringWebDriver.lambda$new$1(EventFiringWebDriver.java:105)
	at com.sun.proxy.$Proxy10.executeScript(Unknown Source)
	at org.openqa.selenium.support.events.EventFiringWebDriver.executeScript(EventFiringWebDriver.java:229)
	at com.thoughtworks.selenium.webdriven.ElementFinder.findElement(ElementFinder.java:91)
	at com.thoughtworks.selenium.webdriven.commands.SeleniumSelect.<init>(SeleniumSelect.java:48)
	at com.thoughtworks.selenium.webdriven.commands.SelectOption.handleSeleneseCommand(SelectOption.java:41)
	at com.thoughtworks.selenium.webdriven.commands.SelectOption.handleSeleneseCommand(SelectOption.java:26)
	at com.thoughtworks.selenium.webdriven.SeleneseCommand.apply(SeleneseCommand.java:39)
	at com.thoughtworks.selenium.webdriven.Timer.run(Timer.java:41)
	at com.thoughtworks.selenium.webdriven.WebDriverCommandProcessor.execute(WebDriverCommandProcessor.java:150)
	at com.thoughtworks.selenium.webdriven.WebDriverCommandProcessor.doCommand(WebDriverCommandProcessor.java:76)
	at com.thoughtworks.selenium.DefaultSelenium.select(DefaultSelenium.java:350)
	at com.thoughtworks.selenium.Selenium$select$0.call(Unknown Source)
	at Script1702500998872.run(Script1702500998872.groovy:111)
	... 16 more


2023-12-16 21:19:51 - [MESSAGE][ERROR] - Test Cases/IntegratedWeb/IWP23-SelIDE/MissingRequiredFieldsCC FAILED.
Reason:
com.thoughtworks.selenium.SeleniumException: Element name=variableField4DropdownGroupItemID not found
	at com.thoughtworks.selenium.webdriven.ElementFinder.findElement(ElementFinder.java:93)
	at com.thoughtworks.selenium.webdriven.commands.SeleniumSelect.<init>(SeleniumSelect.java:48)
	at com.thoughtworks.selenium.webdriven.commands.SelectOption.handleSeleneseCommand(SelectOption.java:41)
	at com.thoughtworks.selenium.webdriven.commands.SelectOption.handleSeleneseCommand(SelectOption.java:26)
	at com.thoughtworks.selenium.webdriven.SeleneseCommand.apply(SeleneseCommand.java:39)
	at com.thoughtworks.selenium.webdriven.Timer.run(Timer.java:41)
	at com.thoughtworks.selenium.webdriven.WebDriverCommandProcessor.execute(WebDriverCommandProcessor.java:150)
	at com.thoughtworks.selenium.webdriven.WebDriverCommandProcessor.doCommand(WebDriverCommandProcessor.java:76)
	at com.thoughtworks.selenium.DefaultSelenium.select(DefaultSelenium.java:350)
	at com.thoughtworks.selenium.Selenium$select$0.call(Unknown Source)
	at MissingRequiredFieldsCC.run(MissingRequiredFieldsCC:111)
	at com.kms.katalon.core.main.ScriptEngine.run(ScriptEngine.java:194)
	at com.kms.katalon.core.main.ScriptEngine.runScriptAsRawText(ScriptEngine.java:119)
	at com.kms.katalon.core.main.TestCaseExecutor.runScript(TestCaseExecutor.java:448)
	at com.kms.katalon.core.main.TestCaseExecutor.doExecute(TestCaseExecutor.java:439)
	at com.kms.katalon.core.main.TestCaseExecutor.processExecutionPhase(TestCaseExecutor.java:418)
	at com.kms.katalon.core.main.TestCaseExecutor.accessMainPhase(TestCaseExecutor.java:410)
	at com.kms.katalon.core.main.TestCaseExecutor.execute(TestCaseExecutor.java:285)
	at com.kms.katalon.core.main.TestCaseExecutor.execute(TestCaseExecutor.java:369)
	at com.kms.katalon.core.main.TestCaseExecutor.execute(TestCaseExecutor.java:369)
	at com.kms.katalon.core.main.TestCaseExecutor.execute(TestCaseExecutor.java:369)
	at com.kms.katalon.core.common.CommonExecutor.accessTestCaseMainPhase(CommonExecutor.java:65)
	at com.kms.katalon.core.main.TestSuiteExecutor.accessTestSuiteMainPhase(TestSuiteExecutor.java:148)
	at com.kms.katalon.core.main.TestSuiteExecutor.execute(TestSuiteExecutor.java:106)
	at com.kms.katalon.core.main.TestCaseMain.startTestSuite(TestCaseMain.java:187)
	at com.kms.katalon.core.main.TestCaseMain$startTestSuite$0.call(Unknown Source)
	at TempTestSuite1702778440031.run(TempTestSuite1702778440031.groovy:36)
Caused by: org.openqa.selenium.JavascriptException: javascript error: Element name=variableField4DropdownGroupItemID not found
  (Session info: chrome=120.0.6099.109)
Build info: version: '3.141.59', revision: 'e82be7d358', time: '2018-11-14T08:25:53'
System info: host: 'DESKTOP-B2QI6NS', ip: '172.31.253.139', os.name: 'Windows 10', os.arch: 'amd64', os.version: '10.0', java.version: '1.8.0_181'
Driver info: com.kms.katalon.selenium.driver.CChromeDriver
Capabilities {acceptInsecureCerts: true, browserName: chrome, browserVersion: 120.0.6099.109, chrome: {chromedriverVersion: 119.0.6045.105 (38c72552c5e..., userDataDir: C:\Users\imtiaz\AppData\Loc...}, fedcm:accounts: true, goog:chromeOptions: {debuggerAddress: localhost:58024}, javascriptEnabled: true, networkConnectionEnabled: false, pageLoadStrategy: normal, platform: WINDOWS, platformName: WINDOWS, proxy: Proxy(), setWindowRect: true, strictFileInteractability: false, timeouts: {implicit: 0, pageLoad: 300000, script: 30000}, unhandledPromptBehavior: dismiss and notify, webauthn:extension:credBlob: true, webauthn:extension:largeBlob: true, webauthn:extension:minPinLength: true, webauthn:extension:prf: true, webauthn:virtualAuthenticators: true}
Session ID: fd7e992e4c038b3bf368f146a80fff3e
	at org.openqa.selenium.remote.http.W3CHttpResponseCodec.createException(W3CHttpResponseCodec.java:187)
	at org.openqa.selenium.remote.http.W3CHttpResponseCodec.decode(W3CHttpResponseCodec.java:122)
	at org.openqa.selenium.remote.http.W3CHttpResponseCodec.decode(W3CHttpResponseCodec.java:49)
	at org.openqa.selenium.remote.HttpCommandExecutor.execute(HttpCommandExecutor.java:158)
	at org.openqa.selenium.remote.service.DriverCommandExecutor.execute(DriverCommandExecutor.java:83)
	at org.openqa.selenium.remote.RemoteWebDriver.execute(RemoteWebDriver.java:552)
	at com.kms.katalon.selenium.driver.CChromeDriver.execute(CChromeDriver.java:19)
	at org.openqa.selenium.remote.RemoteWebDriver.executeScript(RemoteWebDriver.java:489)
	at org.openqa.selenium.support.events.EventFiringWebDriver.lambda$new$1(EventFiringWebDriver.java:105)
	at com.sun.proxy.$Proxy10.executeScript(Unknown Source)
	at org.openqa.selenium.support.events.EventFiringWebDriver.executeScript(EventFiringWebDriver.java:229)
	at com.thoughtworks.selenium.webdriven.ElementFinder.findElement(ElementFinder.java:91)
	at com.thoughtworks.selenium.webdriven.commands.SeleniumSelect.<init>(SeleniumSelect.java:48)
	at com.thoughtworks.selenium.webdriven.commands.SelectOption.handleSeleneseCommand(SelectOption.java:41)
	at com.thoughtworks.selenium.webdriven.commands.SelectOption.handleSeleneseCommand(SelectOption.java:26)
	at com.thoughtworks.selenium.webdriven.SeleneseCommand.apply(SeleneseCommand.java:39)
	at com.thoughtworks.selenium.webdriven.Timer.run(Timer.java:41)
	at com.thoughtworks.selenium.webdriven.WebDriverCommandProcessor.execute(WebDriverCommandProcessor.java:150)
	at com.thoughtworks.selenium.webdriven.WebDriverCommandProcessor.doCommand(WebDriverCommandProcessor.java:76)
	at com.thoughtworks.selenium.DefaultSelenium.select(DefaultSelenium.java:350)
	at com.thoughtworks.selenium.Selenium$select$0.call(Unknown Source)
	at Script1702500998872.run(Script1702500998872.groovy:111)
	... 16 more]]></system-out>
         <system-err><![CDATA[2023-12-16 21:19:39 - [TEST_CASE][ERROR] - Test Cases/IntegratedWeb/IWP23-SelIDE/MissingRequiredFieldsCC: Test Cases/IntegratedWeb/IWP23-SelIDE/MissingRequiredFieldsCC FAILED.
Reason:
com.thoughtworks.selenium.SeleniumException: Element name=variableField4DropdownGroupItemID not found
	at com.thoughtworks.selenium.webdriven.ElementFinder.findElement(ElementFinder.java:93)
	at com.thoughtworks.selenium.webdriven.commands.SeleniumSelect.<init>(SeleniumSelect.java:48)
	at com.thoughtworks.selenium.webdriven.commands.SelectOption.handleSeleneseCommand(SelectOption.java:41)
	at com.thoughtworks.selenium.webdriven.commands.SelectOption.handleSeleneseCommand(SelectOption.java:26)
	at com.thoughtworks.selenium.webdriven.SeleneseCommand.apply(SeleneseCommand.java:39)
	at com.thoughtworks.selenium.webdriven.Timer.run(Timer.java:41)
	at com.thoughtworks.selenium.webdriven.WebDriverCommandProcessor.execute(WebDriverCommandProcessor.java:150)
	at com.thoughtworks.selenium.webdriven.WebDriverCommandProcessor.doCommand(WebDriverCommandProcessor.java:76)
	at com.thoughtworks.selenium.DefaultSelenium.select(DefaultSelenium.java:350)
	at com.thoughtworks.selenium.Selenium$select$0.call(Unknown Source)
	at MissingRequiredFieldsCC.run(MissingRequiredFieldsCC:111)
	at com.kms.katalon.core.main.ScriptEngine.run(ScriptEngine.java:194)
	at com.kms.katalon.core.main.ScriptEngine.runScriptAsRawText(ScriptEngine.java:119)
	at com.kms.katalon.core.main.TestCaseExecutor.runScript(TestCaseExecutor.java:448)
	at com.kms.katalon.core.main.TestCaseExecutor.doExecute(TestCaseExecutor.java:439)
	at com.kms.katalon.core.main.TestCaseExecutor.processExecutionPhase(TestCaseExecutor.java:418)
	at com.kms.katalon.core.main.TestCaseExecutor.accessMainPhase(TestCaseExecutor.java:410)
	at com.kms.katalon.core.main.TestCaseExecutor.execute(TestCaseExecutor.java:285)
	at com.kms.katalon.core.main.TestCaseExecutor.execute(TestCaseExecutor.java:369)
	at com.kms.katalon.core.main.TestCaseExecutor.execute(TestCaseExecutor.java:369)
	at com.kms.katalon.core.main.TestCaseExecutor.execute(TestCaseExecutor.java:369)
	at com.kms.katalon.core.common.CommonExecutor.accessTestCaseMainPhase(CommonExecutor.java:65)
	at com.kms.katalon.core.main.TestSuiteExecutor.accessTestSuiteMainPhase(TestSuiteExecutor.java:148)
	at com.kms.katalon.core.main.TestSuiteExecutor.execute(TestSuiteExecutor.java:106)
	at com.kms.katalon.core.main.TestCaseMain.startTestSuite(TestCaseMain.java:187)
	at com.kms.katalon.core.main.TestCaseMain$startTestSuite$0.call(Unknown Source)
	at TempTestSuite1702778440031.run(TempTestSuite1702778440031.groovy:36)
Caused by: org.openqa.selenium.JavascriptException: javascript error: Element name=variableField4DropdownGroupItemID not found
  (Session info: chrome=120.0.6099.109)
Build info: version: '3.141.59', revision: 'e82be7d358', time: '2018-11-14T08:25:53'
System info: host: 'DESKTOP-B2QI6NS', ip: '172.31.253.139', os.name: 'Windows 10', os.arch: 'amd64', os.version: '10.0', java.version: '1.8.0_181'
Driver info: com.kms.katalon.selenium.driver.CChromeDriver
Capabilities {acceptInsecureCerts: true, browserName: chrome, browserVersion: 120.0.6099.109, chrome: {chromedriverVersion: 119.0.6045.105 (38c72552c5e..., userDataDir: C:\Users\imtiaz\AppData\Loc...}, fedcm:accounts: true, goog:chromeOptions: {debuggerAddress: localhost:58024}, javascriptEnabled: true, networkConnectionEnabled: false, pageLoadStrategy: normal, platform: WINDOWS, platformName: WINDOWS, proxy: Proxy(), setWindowRect: true, strictFileInteractability: false, timeouts: {implicit: 0, pageLoad: 300000, script: 30000}, unhandledPromptBehavior: dismiss and notify, webauthn:extension:credBlob: true, webauthn:extension:largeBlob: true, webauthn:extension:minPinLength: true, webauthn:extension:prf: true, webauthn:virtualAuthenticators: true}
Session ID: fd7e992e4c038b3bf368f146a80fff3e
	at org.openqa.selenium.remote.http.W3CHttpResponseCodec.createException(W3CHttpResponseCodec.java:187)
	at org.openqa.selenium.remote.http.W3CHttpResponseCodec.decode(W3CHttpResponseCodec.java:122)
	at org.openqa.selenium.remote.http.W3CHttpResponseCodec.decode(W3CHttpResponseCodec.java:49)
	at org.openqa.selenium.remote.HttpCommandExecutor.execute(HttpCommandExecutor.java:158)
	at org.openqa.selenium.remote.service.DriverCommandExecutor.execute(DriverCommandExecutor.java:83)
	at org.openqa.selenium.remote.RemoteWebDriver.execute(RemoteWebDriver.java:552)
	at com.kms.katalon.selenium.driver.CChromeDriver.execute(CChromeDriver.java:19)
	at org.openqa.selenium.remote.RemoteWebDriver.executeScript(RemoteWebDriver.java:489)
	at org.openqa.selenium.support.events.EventFiringWebDriver.lambda$new$1(EventFiringWebDriver.java:105)
	at com.sun.proxy.$Proxy10.executeScript(Unknown Source)
	at org.openqa.selenium.support.events.EventFiringWebDriver.executeScript(EventFiringWebDriver.java:229)
	at com.thoughtworks.selenium.webdriven.ElementFinder.findElement(ElementFinder.java:91)
	... 26 more]]></system-err>
      </testcase>
      <testcase name="Test Cases/IntegratedWeb/IWP23-SelIDE/NoCFModifyCC" time="12.424" classname="Test Cases/IntegratedWeb/IWP23-SelIDE/NoCFModifyCC" status="ERROR">
         <error type="ERROR" message="Test Cases/IntegratedWeb/IWP23-SelIDE/NoCFModifyCC FAILED.
Reason:
com.thoughtworks.selenium.SeleniumException: Element name=variableField4DropdownGroupItemID not found
	at com.thoughtworks.selenium.webdriven.ElementFinder.findElement(ElementFinder.java:93)
	at com.thoughtworks.selenium.webdriven.commands.SeleniumSelect.&lt;init>(SeleniumSelect.java:48)
	at com.thoughtworks.selenium.webdriven.commands.SelectOption.handleSeleneseCommand(SelectOption.java:41)
	at com.thoughtworks.selenium.webdriven.commands.SelectOption.handleSeleneseCommand(SelectOption.java:26)
	at com.thoughtworks.selenium.webdriven.SeleneseCommand.apply(SeleneseCommand.java:39)
	at com.thoughtworks.selenium.webdriven.Timer.run(Timer.java:41)
	at com.thoughtworks.selenium.webdriven.WebDriverCommandProcessor.execute(WebDriverCommandProcessor.java:150)
	at com.thoughtworks.selenium.webdriven.WebDriverCommandProcessor.doCommand(WebDriverCommandProcessor.java:76)
	at com.thoughtworks.selenium.DefaultSelenium.select(DefaultSelenium.java:350)
	at com.thoughtworks.selenium.Selenium$select$0.call(Unknown Source)
	at NoCFModifyCC.run(NoCFModifyCC:111)
	at com.kms.katalon.core.main.ScriptEngine.run(ScriptEngine.java:194)
	at com.kms.katalon.core.main.ScriptEngine.runScriptAsRawText(ScriptEngine.java:119)
	at com.kms.katalon.core.main.TestCaseExecutor.runScript(TestCaseExecutor.java:448)
	at com.kms.katalon.core.main.TestCaseExecutor.doExecute(TestCaseExecutor.java:439)
	at com.kms.katalon.core.main.TestCaseExecutor.processExecutionPhase(TestCaseExecutor.java:418)
	at com.kms.katalon.core.main.TestCaseExecutor.accessMainPhase(TestCaseExecutor.java:410)
	at com.kms.katalon.core.main.TestCaseExecutor.execute(TestCaseExecutor.java:285)
	at com.kms.katalon.core.main.TestCaseExecutor.execute(TestCaseExecutor.java:369)
	at com.kms.katalon.core.main.TestCaseExecutor.execute(TestCaseExecutor.java:369)
	at com.kms.katalon.core.main.TestCaseExecutor.execute(TestCaseExecutor.java:369)
	at com.kms.katalon.core.common.CommonExecutor.accessTestCaseMainPhase(CommonExecutor.java:65)
	at com.kms.katalon.core.main.TestSuiteExecutor.accessTestSuiteMainPhase(TestSuiteExecutor.java:148)
	at com.kms.katalon.core.main.TestSuiteExecutor.execute(TestSuiteExecutor.java:106)
	at com.kms.katalon.core.main.TestCaseMain.startTestSuite(TestCaseMain.java:187)
	at com.kms.katalon.core.main.TestCaseMain$startTestSuite$0.call(Unknown Source)
	at TempTestSuite1702778440031.run(TempTestSuite1702778440031.groovy:36)
Caused by: org.openqa.selenium.JavascriptException: javascript error: Element name=variableField4DropdownGroupItemID not found
  (Session info: chrome=120.0.6099.109)
Build info: version: '3.141.59', revision: 'e82be7d358', time: '2018-11-14T08:25:53'
System info: host: 'DESKTOP-B2QI6NS', ip: '172.31.253.139', os.name: 'Windows 10', os.arch: 'amd64', os.version: '10.0', java.version: '1.8.0_181'
Driver info: com.kms.katalon.selenium.driver.CChromeDriver
Capabilities {acceptInsecureCerts: true, browserName: chrome, browserVersion: 120.0.6099.109, chrome: {chromedriverVersion: 119.0.6045.105 (38c72552c5e..., userDataDir: C:\Users\imtiaz\AppData\Loc...}, fedcm:accounts: true, goog:chromeOptions: {debuggerAddress: localhost:58505}, javascriptEnabled: true, networkConnectionEnabled: false, pageLoadStrategy: normal, platform: WINDOWS, platformName: WINDOWS, proxy: Proxy(), setWindowRect: true, strictFileInteractability: false, timeouts: {implicit: 0, pageLoad: 300000, script: 30000}, unhandledPromptBehavior: dismiss and notify, webauthn:extension:credBlob: true, webauthn:extension:largeBlob: true, webauthn:extension:minPinLength: true, webauthn:extension:prf: true, webauthn:virtualAuthenticators: true}
Session ID: 00329b1f2056c3e96d3051cc759135d1
	at org.openqa.selenium.remote.http.W3CHttpResponseCodec.createException(W3CHttpResponseCodec.java:187)
	at org.openqa.selenium.remote.http.W3CHttpResponseCodec.decode(W3CHttpResponseCodec.java:122)
	at org.openqa.selenium.remote.http.W3CHttpResponseCodec.decode(W3CHttpResponseCodec.java:49)
	at org.openqa.selenium.remote.HttpCommandExecutor.execute(HttpCommandExecutor.java:158)
	at org.openqa.selenium.remote.service.DriverCommandExecutor.execute(DriverCommandExecutor.java:83)
	at org.openqa.selenium.remote.RemoteWebDriver.execute(RemoteWebDriver.java:552)
	at com.kms.katalon.selenium.driver.CChromeDriver.execute(CChromeDriver.java:19)
	at org.openqa.selenium.remote.RemoteWebDriver.executeScript(RemoteWebDriver.java:489)
	at org.openqa.selenium.support.events.EventFiringWebDriver.lambda$new$1(EventFiringWebDriver.java:105)
	at com.sun.proxy.$Proxy10.executeScript(Unknown Source)
	at org.openqa.selenium.support.events.EventFiringWebDriver.executeScript(EventFiringWebDriver.java:229)
	at com.thoughtworks.selenium.webdriven.ElementFinder.findElement(ElementFinder.java:91)
	... 26 more
"/>
         <system-out><![CDATA[2023-12-16 21:20:29 - [TEST_CASE][ERROR] - Test Cases/IntegratedWeb/IWP23-SelIDE/NoCFModifyCC: Test Cases/IntegratedWeb/IWP23-SelIDE/NoCFModifyCC FAILED.
Reason:
com.thoughtworks.selenium.SeleniumException: Element name=variableField4DropdownGroupItemID not found
	at com.thoughtworks.selenium.webdriven.ElementFinder.findElement(ElementFinder.java:93)
	at com.thoughtworks.selenium.webdriven.commands.SeleniumSelect.<init>(SeleniumSelect.java:48)
	at com.thoughtworks.selenium.webdriven.commands.SelectOption.handleSeleneseCommand(SelectOption.java:41)
	at com.thoughtworks.selenium.webdriven.commands.SelectOption.handleSeleneseCommand(SelectOption.java:26)
	at com.thoughtworks.selenium.webdriven.SeleneseCommand.apply(SeleneseCommand.java:39)
	at com.thoughtworks.selenium.webdriven.Timer.run(Timer.java:41)
	at com.thoughtworks.selenium.webdriven.WebDriverCommandProcessor.execute(WebDriverCommandProcessor.java:150)
	at com.thoughtworks.selenium.webdriven.WebDriverCommandProcessor.doCommand(WebDriverCommandProcessor.java:76)
	at com.thoughtworks.selenium.DefaultSelenium.select(DefaultSelenium.java:350)
	at com.thoughtworks.selenium.Selenium$select$0.call(Unknown Source)
	at NoCFModifyCC.run(NoCFModifyCC:111)
	at com.kms.katalon.core.main.ScriptEngine.run(ScriptEngine.java:194)
	at com.kms.katalon.core.main.ScriptEngine.runScriptAsRawText(ScriptEngine.java:119)
	at com.kms.katalon.core.main.TestCaseExecutor.runScript(TestCaseExecutor.java:448)
	at com.kms.katalon.core.main.TestCaseExecutor.doExecute(TestCaseExecutor.java:439)
	at com.kms.katalon.core.main.TestCaseExecutor.processExecutionPhase(TestCaseExecutor.java:418)
	at com.kms.katalon.core.main.TestCaseExecutor.accessMainPhase(TestCaseExecutor.java:410)
	at com.kms.katalon.core.main.TestCaseExecutor.execute(TestCaseExecutor.java:285)
	at com.kms.katalon.core.main.TestCaseExecutor.execute(TestCaseExecutor.java:369)
	at com.kms.katalon.core.main.TestCaseExecutor.execute(TestCaseExecutor.java:369)
	at com.kms.katalon.core.main.TestCaseExecutor.execute(TestCaseExecutor.java:369)
	at com.kms.katalon.core.common.CommonExecutor.accessTestCaseMainPhase(CommonExecutor.java:65)
	at com.kms.katalon.core.main.TestSuiteExecutor.accessTestSuiteMainPhase(TestSuiteExecutor.java:148)
	at com.kms.katalon.core.main.TestSuiteExecutor.execute(TestSuiteExecutor.java:106)
	at com.kms.katalon.core.main.TestCaseMain.startTestSuite(TestCaseMain.java:187)
	at com.kms.katalon.core.main.TestCaseMain$startTestSuite$0.call(Unknown Source)
	at TempTestSuite1702778440031.run(TempTestSuite1702778440031.groovy:36)
Caused by: org.openqa.selenium.JavascriptException: javascript error: Element name=variableField4DropdownGroupItemID not found
  (Session info: chrome=120.0.6099.109)
Build info: version: '3.141.59', revision: 'e82be7d358', time: '2018-11-14T08:25:53'
System info: host: 'DESKTOP-B2QI6NS', ip: '172.31.253.139', os.name: 'Windows 10', os.arch: 'amd64', os.version: '10.0', java.version: '1.8.0_181'
Driver info: com.kms.katalon.selenium.driver.CChromeDriver
Capabilities {acceptInsecureCerts: true, browserName: chrome, browserVersion: 120.0.6099.109, chrome: {chromedriverVersion: 119.0.6045.105 (38c72552c5e..., userDataDir: C:\Users\imtiaz\AppData\Loc...}, fedcm:accounts: true, goog:chromeOptions: {debuggerAddress: localhost:58505}, javascriptEnabled: true, networkConnectionEnabled: false, pageLoadStrategy: normal, platform: WINDOWS, platformName: WINDOWS, proxy: Proxy(), setWindowRect: true, strictFileInteractability: false, timeouts: {implicit: 0, pageLoad: 300000, script: 30000}, unhandledPromptBehavior: dismiss and notify, webauthn:extension:credBlob: true, webauthn:extension:largeBlob: true, webauthn:extension:minPinLength: true, webauthn:extension:prf: true, webauthn:virtualAuthenticators: true}
Session ID: 00329b1f2056c3e96d3051cc759135d1
	at org.openqa.selenium.remote.http.W3CHttpResponseCodec.createException(W3CHttpResponseCodec.java:187)
	at org.openqa.selenium.remote.http.W3CHttpResponseCodec.decode(W3CHttpResponseCodec.java:122)
	at org.openqa.selenium.remote.http.W3CHttpResponseCodec.decode(W3CHttpResponseCodec.java:49)
	at org.openqa.selenium.remote.HttpCommandExecutor.execute(HttpCommandExecutor.java:158)
	at org.openqa.selenium.remote.service.DriverCommandExecutor.execute(DriverCommandExecutor.java:83)
	at org.openqa.selenium.remote.RemoteWebDriver.execute(RemoteWebDriver.java:552)
	at com.kms.katalon.selenium.driver.CChromeDriver.execute(CChromeDriver.java:19)
	at org.openqa.selenium.remote.RemoteWebDriver.executeScript(RemoteWebDriver.java:489)
	at org.openqa.selenium.support.events.EventFiringWebDriver.lambda$new$1(EventFiringWebDriver.java:105)
	at com.sun.proxy.$Proxy10.executeScript(Unknown Source)
	at org.openqa.selenium.support.events.EventFiringWebDriver.executeScript(EventFiringWebDriver.java:229)
	at com.thoughtworks.selenium.webdriven.ElementFinder.findElement(ElementFinder.java:91)
	... 26 more


2023-12-16 21:20:29 - [TEST_STEP][PASSED] - softAssertion = new org.testng.asserts.SoftAssert(): null

2023-12-16 21:20:29 - [TEST_STEP][PASSED] - openBrowser("https://www.google.com/"): Browser is opened with url: 'https://www.google.com/'

2023-12-16 21:20:29 - [MESSAGE][WARNING] - A browser is already opened. Closing browser and opening a new one

2023-12-16 21:20:30 - [MESSAGE][INFO] - Starting 'Chrome' driver

2023-12-16 21:20:30 - [MESSAGE][INFO] - User set preference: ['acceptInsecureCerts', 'true']

2023-12-16 21:20:30 - [MESSAGE][INFO] - Action delay is set to 0 milliseconds

2023-12-16 21:20:33 - [MESSAGE][PASSED] - Browser is opened with url: 'https://www.google.com/'

2023-12-16 21:20:33 - [TEST_STEP][PASSED] - driver = getWebDriver(): null

2023-12-16 21:20:33 - [TEST_STEP][PASSED] - baseUrl = "https://www.google.com/": null

2023-12-16 21:20:33 - [TEST_STEP][PASSED] - selenium = new com.thoughtworks.selenium.webdriven.WebDriverBackedSelenium(driver, baseUrl): null

2023-12-16 21:20:33 - [TEST_STEP][PASSED] - println("Begin Test: NoCFModifyCC"): null

2023-12-16 21:20:33 - [TEST_STEP][PASSED] - emulatorURL = urlEmulator: null

2023-12-16 21:20:33 - [TEST_STEP][PASSED] - selenium.open(emulatorURL): null

2023-12-16 21:20:33 - [TEST_STEP][PASSED] - selenium.selectWindow("null"): null

2023-12-16 21:20:33 - [TEST_STEP][PASSED] - selenium.select("name=message_version", "label=2.3"): null

2023-12-16 21:20:33 - [TEST_STEP][PASSED] - selenium.waitForPageToLoad("30000"): null

2023-12-16 21:20:34 - [TEST_STEP][PASSED] - selenium.type("name=amount", 00".toString()): null

2023-12-16 21:20:34 - [TEST_STEP][PASSED] - selenium.type("name=client_account_number", "CAN12345"): null

2023-12-16 21:20:34 - [TEST_STEP][PASSED] - selenium.type("name=action_type", "PayNow"): null

2023-12-16 21:20:34 - [TEST_STEP][PASSED] - selenium.type("name=language", "en_US"): null

2023-12-16 21:20:34 - [TEST_STEP][PASSED] - selenium.type("name=billing_firstname", "Mandy"): null

2023-12-16 21:20:34 - [TEST_STEP][PASSED] - selenium.type("name=billing_lastname", "Iguera"): null

2023-12-16 21:20:34 - [TEST_STEP][PASSED] - selenium.type("name=billing_address", "56 World Center Drive".toString()): null

2023-12-16 21:20:34 - [TEST_STEP][PASSED] - selenium.type("name=billing_address2", "Suite 600".toString()): null

2023-12-16 21:20:34 - [TEST_STEP][PASSED] - selenium.type("name=billing_country_id", "840"): null

2023-12-16 21:20:34 - [TEST_STEP][PASSED] - selenium.type("name=billing_city", "Orlando"): null

2023-12-16 21:20:34 - [TEST_STEP][PASSED] - selenium.type("name=billing_state", "NH"): null

2023-12-16 21:20:35 - [TEST_STEP][PASSED] - selenium.type("name=billing_zip", "03106"): null

2023-12-16 21:20:35 - [TEST_STEP][PASSED] - selenium.type("name=order_number", "PPPPOOOO"): null

2023-12-16 21:20:35 - [TEST_STEP][PASSED] - selenium.type("name=user_defined1", "udf1"): null

2023-12-16 21:20:35 - [TEST_STEP][PASSED] - selenium.type("name=user_defined2", "udf2"): null

2023-12-16 21:20:35 - [TEST_STEP][PASSED] - selenium.type("name=user_defined3", "udf3"): null

2023-12-16 21:20:35 - [TEST_STEP][PASSED] - selenium.type("name=user_defined4", "Orange Label".toString()): null

2023-12-16 21:20:35 - [TEST_STEP][PASSED] - selenium.type("name=user_defined5", "Soccer Label".toString()): null

2023-12-16 21:20:35 - [TEST_STEP][PASSED] - selenium.click("name=submit"): null

2023-12-16 21:20:35 - [TEST_STEP][PASSED] - selenium.waitForPageToLoad("30000"): null

2023-12-16 21:20:36 - [TEST_STEP][PASSED] - testHarnessURL = urlTestHarness: null

2023-12-16 21:20:36 - [TEST_STEP][PASSED] - selenium.open(testHarnessURL): null

2023-12-16 21:20:36 - [TEST_STEP][PASSED] - Thread.sleep(2000): null

2023-12-16 21:20:38 - [TEST_STEP][PASSED] - selenium.type("name=application_id", "635"): null

2023-12-16 21:20:38 - [TEST_STEP][PASSED] - selenium.type("name=message_version", 3".toString()): null

2023-12-16 21:20:38 - [TEST_STEP][PASSED] - genRemIDVoid = RandomStringUtils.random(12, true, true): null

2023-12-16 21:20:38 - [TEST_STEP][PASSED] - selenium.type("name=remittance_id", genRemIDVoid): null

2023-12-16 21:20:38 - [TEST_STEP][PASSED] - selenium.click("css=input.formSubmit"): null

2023-12-16 21:20:39 - [TEST_STEP][PASSED] - selenium.waitForPageToLoad("30000"): null

2023-12-16 21:20:39 - [TEST_STEP][PASSED] - selenium.selectWindow("null"): null

2023-12-16 21:20:39 - [TEST_STEP][PASSED] - selenium.click("name=paymentMethod"): null

2023-12-16 21:20:39 - [TEST_STEP][PASSED] - selenium.click("css=input[type="submit"]"): null

2023-12-16 21:20:40 - [TEST_STEP][PASSED] - selenium.waitForPageToLoad("30000"): null

2023-12-16 21:20:41 - [TEST_STEP][PASSED] - selenium.type("name=amount", 50".toString()): null

2023-12-16 21:20:41 - [TEST_STEP][PASSED] - selenium.type("name=userDefined2", ""): null

2023-12-16 21:20:41 - [TEST_STEP][PASSED] - selenium.type("name=userDefined3", "udf3 new".toString()): null

2023-12-16 21:20:41 - [TEST_STEP][ERROR] - selenium.select("name=variableField4DropdownGroupItemID", "--Select One--"): Test Cases/IntegratedWeb/IWP23-SelIDE/NoCFModifyCC FAILED.
Reason:
com.thoughtworks.selenium.SeleniumException: Element name=variableField4DropdownGroupItemID not found
	at com.thoughtworks.selenium.webdriven.ElementFinder.findElement(ElementFinder.java:93)
	at com.thoughtworks.selenium.webdriven.commands.SeleniumSelect.<init>(SeleniumSelect.java:48)
	at com.thoughtworks.selenium.webdriven.commands.SelectOption.handleSeleneseCommand(SelectOption.java:41)
	at com.thoughtworks.selenium.webdriven.commands.SelectOption.handleSeleneseCommand(SelectOption.java:26)
	at com.thoughtworks.selenium.webdriven.SeleneseCommand.apply(SeleneseCommand.java:39)
	at com.thoughtworks.selenium.webdriven.Timer.run(Timer.java:41)
	at com.thoughtworks.selenium.webdriven.WebDriverCommandProcessor.execute(WebDriverCommandProcessor.java:150)
	at com.thoughtworks.selenium.webdriven.WebDriverCommandProcessor.doCommand(WebDriverCommandProcessor.java:76)
	at com.thoughtworks.selenium.DefaultSelenium.select(DefaultSelenium.java:350)
	at com.thoughtworks.selenium.Selenium$select$0.call(Unknown Source)
	at NoCFModifyCC.run(NoCFModifyCC:111)
	at com.kms.katalon.core.main.ScriptEngine.run(ScriptEngine.java:194)
	at com.kms.katalon.core.main.ScriptEngine.runScriptAsRawText(ScriptEngine.java:119)
	at com.kms.katalon.core.main.TestCaseExecutor.runScript(TestCaseExecutor.java:448)
	at com.kms.katalon.core.main.TestCaseExecutor.doExecute(TestCaseExecutor.java:439)
	at com.kms.katalon.core.main.TestCaseExecutor.processExecutionPhase(TestCaseExecutor.java:418)
	at com.kms.katalon.core.main.TestCaseExecutor.accessMainPhase(TestCaseExecutor.java:410)
	at com.kms.katalon.core.main.TestCaseExecutor.execute(TestCaseExecutor.java:285)
	at com.kms.katalon.core.main.TestCaseExecutor.execute(TestCaseExecutor.java:369)
	at com.kms.katalon.core.main.TestCaseExecutor.execute(TestCaseExecutor.java:369)
	at com.kms.katalon.core.main.TestCaseExecutor.execute(TestCaseExecutor.java:369)
	at com.kms.katalon.core.common.CommonExecutor.accessTestCaseMainPhase(CommonExecutor.java:65)
	at com.kms.katalon.core.main.TestSuiteExecutor.accessTestSuiteMainPhase(TestSuiteExecutor.java:148)
	at com.kms.katalon.core.main.TestSuiteExecutor.execute(TestSuiteExecutor.java:106)
	at com.kms.katalon.core.main.TestCaseMain.startTestSuite(TestCaseMain.java:187)
	at com.kms.katalon.core.main.TestCaseMain$startTestSuite$0.call(Unknown Source)
	at TempTestSuite1702778440031.run(TempTestSuite1702778440031.groovy:36)
Caused by: org.openqa.selenium.JavascriptException: javascript error: Element name=variableField4DropdownGroupItemID not found
  (Session info: chrome=120.0.6099.109)
Build info: version: '3.141.59', revision: 'e82be7d358', time: '2018-11-14T08:25:53'
System info: host: 'DESKTOP-B2QI6NS', ip: '172.31.253.139', os.name: 'Windows 10', os.arch: 'amd64', os.version: '10.0', java.version: '1.8.0_181'
Driver info: com.kms.katalon.selenium.driver.CChromeDriver
Capabilities {acceptInsecureCerts: true, browserName: chrome, browserVersion: 120.0.6099.109, chrome: {chromedriverVersion: 119.0.6045.105 (38c72552c5e..., userDataDir: C:\Users\imtiaz\AppData\Loc...}, fedcm:accounts: true, goog:chromeOptions: {debuggerAddress: localhost:58505}, javascriptEnabled: true, networkConnectionEnabled: false, pageLoadStrategy: normal, platform: WINDOWS, platformName: WINDOWS, proxy: Proxy(), setWindowRect: true, strictFileInteractability: false, timeouts: {implicit: 0, pageLoad: 300000, script: 30000}, unhandledPromptBehavior: dismiss and notify, webauthn:extension:credBlob: true, webauthn:extension:largeBlob: true, webauthn:extension:minPinLength: true, webauthn:extension:prf: true, webauthn:virtualAuthenticators: true}
Session ID: 00329b1f2056c3e96d3051cc759135d1
	at org.openqa.selenium.remote.http.W3CHttpResponseCodec.createException(W3CHttpResponseCodec.java:187)
	at org.openqa.selenium.remote.http.W3CHttpResponseCodec.decode(W3CHttpResponseCodec.java:122)
	at org.openqa.selenium.remote.http.W3CHttpResponseCodec.decode(W3CHttpResponseCodec.java:49)
	at org.openqa.selenium.remote.HttpCommandExecutor.execute(HttpCommandExecutor.java:158)
	at org.openqa.selenium.remote.service.DriverCommandExecutor.execute(DriverCommandExecutor.java:83)
	at org.openqa.selenium.remote.RemoteWebDriver.execute(RemoteWebDriver.java:552)
	at com.kms.katalon.selenium.driver.CChromeDriver.execute(CChromeDriver.java:19)
	at org.openqa.selenium.remote.RemoteWebDriver.executeScript(RemoteWebDriver.java:489)
	at org.openqa.selenium.support.events.EventFiringWebDriver.lambda$new$1(EventFiringWebDriver.java:105)
	at com.sun.proxy.$Proxy10.executeScript(Unknown Source)
	at org.openqa.selenium.support.events.EventFiringWebDriver.executeScript(EventFiringWebDriver.java:229)
	at com.thoughtworks.selenium.webdriven.ElementFinder.findElement(ElementFinder.java:91)
	at com.thoughtworks.selenium.webdriven.commands.SeleniumSelect.<init>(SeleniumSelect.java:48)
	at com.thoughtworks.selenium.webdriven.commands.SelectOption.handleSeleneseCommand(SelectOption.java:41)
	at com.thoughtworks.selenium.webdriven.commands.SelectOption.handleSeleneseCommand(SelectOption.java:26)
	at com.thoughtworks.selenium.webdriven.SeleneseCommand.apply(SeleneseCommand.java:39)
	at com.thoughtworks.selenium.webdriven.Timer.run(Timer.java:41)
	at com.thoughtworks.selenium.webdriven.WebDriverCommandProcessor.execute(WebDriverCommandProcessor.java:150)
	at com.thoughtworks.selenium.webdriven.WebDriverCommandProcessor.doCommand(WebDriverCommandProcessor.java:76)
	at com.thoughtworks.selenium.DefaultSelenium.select(DefaultSelenium.java:350)
	at com.thoughtworks.selenium.Selenium$select$0.call(Unknown Source)
	at Script1702501025176.run(Script1702501025176.groovy:111)
	... 16 more


2023-12-16 21:20:41 - [MESSAGE][ERROR] - Test Cases/IntegratedWeb/IWP23-SelIDE/NoCFModifyCC FAILED.
Reason:
com.thoughtworks.selenium.SeleniumException: Element name=variableField4DropdownGroupItemID not found
	at com.thoughtworks.selenium.webdriven.ElementFinder.findElement(ElementFinder.java:93)
	at com.thoughtworks.selenium.webdriven.commands.SeleniumSelect.<init>(SeleniumSelect.java:48)
	at com.thoughtworks.selenium.webdriven.commands.SelectOption.handleSeleneseCommand(SelectOption.java:41)
	at com.thoughtworks.selenium.webdriven.commands.SelectOption.handleSeleneseCommand(SelectOption.java:26)
	at com.thoughtworks.selenium.webdriven.SeleneseCommand.apply(SeleneseCommand.java:39)
	at com.thoughtworks.selenium.webdriven.Timer.run(Timer.java:41)
	at com.thoughtworks.selenium.webdriven.WebDriverCommandProcessor.execute(WebDriverCommandProcessor.java:150)
	at com.thoughtworks.selenium.webdriven.WebDriverCommandProcessor.doCommand(WebDriverCommandProcessor.java:76)
	at com.thoughtworks.selenium.DefaultSelenium.select(DefaultSelenium.java:350)
	at com.thoughtworks.selenium.Selenium$select$0.call(Unknown Source)
	at NoCFModifyCC.run(NoCFModifyCC:111)
	at com.kms.katalon.core.main.ScriptEngine.run(ScriptEngine.java:194)
	at com.kms.katalon.core.main.ScriptEngine.runScriptAsRawText(ScriptEngine.java:119)
	at com.kms.katalon.core.main.TestCaseExecutor.runScript(TestCaseExecutor.java:448)
	at com.kms.katalon.core.main.TestCaseExecutor.doExecute(TestCaseExecutor.java:439)
	at com.kms.katalon.core.main.TestCaseExecutor.processExecutionPhase(TestCaseExecutor.java:418)
	at com.kms.katalon.core.main.TestCaseExecutor.accessMainPhase(TestCaseExecutor.java:410)
	at com.kms.katalon.core.main.TestCaseExecutor.execute(TestCaseExecutor.java:285)
	at com.kms.katalon.core.main.TestCaseExecutor.execute(TestCaseExecutor.java:369)
	at com.kms.katalon.core.main.TestCaseExecutor.execute(TestCaseExecutor.java:369)
	at com.kms.katalon.core.main.TestCaseExecutor.execute(TestCaseExecutor.java:369)
	at com.kms.katalon.core.common.CommonExecutor.accessTestCaseMainPhase(CommonExecutor.java:65)
	at com.kms.katalon.core.main.TestSuiteExecutor.accessTestSuiteMainPhase(TestSuiteExecutor.java:148)
	at com.kms.katalon.core.main.TestSuiteExecutor.execute(TestSuiteExecutor.java:106)
	at com.kms.katalon.core.main.TestCaseMain.startTestSuite(TestCaseMain.java:187)
	at com.kms.katalon.core.main.TestCaseMain$startTestSuite$0.call(Unknown Source)
	at TempTestSuite1702778440031.run(TempTestSuite1702778440031.groovy:36)
Caused by: org.openqa.selenium.JavascriptException: javascript error: Element name=variableField4DropdownGroupItemID not found
  (Session info: chrome=120.0.6099.109)
Build info: version: '3.141.59', revision: 'e82be7d358', time: '2018-11-14T08:25:53'
System info: host: 'DESKTOP-B2QI6NS', ip: '172.31.253.139', os.name: 'Windows 10', os.arch: 'amd64', os.version: '10.0', java.version: '1.8.0_181'
Driver info: com.kms.katalon.selenium.driver.CChromeDriver
Capabilities {acceptInsecureCerts: true, browserName: chrome, browserVersion: 120.0.6099.109, chrome: {chromedriverVersion: 119.0.6045.105 (38c72552c5e..., userDataDir: C:\Users\imtiaz\AppData\Loc...}, fedcm:accounts: true, goog:chromeOptions: {debuggerAddress: localhost:58505}, javascriptEnabled: true, networkConnectionEnabled: false, pageLoadStrategy: normal, platform: WINDOWS, platformName: WINDOWS, proxy: Proxy(), setWindowRect: true, strictFileInteractability: false, timeouts: {implicit: 0, pageLoad: 300000, script: 30000}, unhandledPromptBehavior: dismiss and notify, webauthn:extension:credBlob: true, webauthn:extension:largeBlob: true, webauthn:extension:minPinLength: true, webauthn:extension:prf: true, webauthn:virtualAuthenticators: true}
Session ID: 00329b1f2056c3e96d3051cc759135d1
	at org.openqa.selenium.remote.http.W3CHttpResponseCodec.createException(W3CHttpResponseCodec.java:187)
	at org.openqa.selenium.remote.http.W3CHttpResponseCodec.decode(W3CHttpResponseCodec.java:122)
	at org.openqa.selenium.remote.http.W3CHttpResponseCodec.decode(W3CHttpResponseCodec.java:49)
	at org.openqa.selenium.remote.HttpCommandExecutor.execute(HttpCommandExecutor.java:158)
	at org.openqa.selenium.remote.service.DriverCommandExecutor.execute(DriverCommandExecutor.java:83)
	at org.openqa.selenium.remote.RemoteWebDriver.execute(RemoteWebDriver.java:552)
	at com.kms.katalon.selenium.driver.CChromeDriver.execute(CChromeDriver.java:19)
	at org.openqa.selenium.remote.RemoteWebDriver.executeScript(RemoteWebDriver.java:489)
	at org.openqa.selenium.support.events.EventFiringWebDriver.lambda$new$1(EventFiringWebDriver.java:105)
	at com.sun.proxy.$Proxy10.executeScript(Unknown Source)
	at org.openqa.selenium.support.events.EventFiringWebDriver.executeScript(EventFiringWebDriver.java:229)
	at com.thoughtworks.selenium.webdriven.ElementFinder.findElement(ElementFinder.java:91)
	at com.thoughtworks.selenium.webdriven.commands.SeleniumSelect.<init>(SeleniumSelect.java:48)
	at com.thoughtworks.selenium.webdriven.commands.SelectOption.handleSeleneseCommand(SelectOption.java:41)
	at com.thoughtworks.selenium.webdriven.commands.SelectOption.handleSeleneseCommand(SelectOption.java:26)
	at com.thoughtworks.selenium.webdriven.SeleneseCommand.apply(SeleneseCommand.java:39)
	at com.thoughtworks.selenium.webdriven.Timer.run(Timer.java:41)
	at com.thoughtworks.selenium.webdriven.WebDriverCommandProcessor.execute(WebDriverCommandProcessor.java:150)
	at com.thoughtworks.selenium.webdriven.WebDriverCommandProcessor.doCommand(WebDriverCommandProcessor.java:76)
	at com.thoughtworks.selenium.DefaultSelenium.select(DefaultSelenium.java:350)
	at com.thoughtworks.selenium.Selenium$select$0.call(Unknown Source)
	at Script1702501025176.run(Script1702501025176.groovy:111)
	... 16 more]]></system-out>
         <system-err><![CDATA[2023-12-16 21:20:29 - [TEST_CASE][ERROR] - Test Cases/IntegratedWeb/IWP23-SelIDE/NoCFModifyCC: Test Cases/IntegratedWeb/IWP23-SelIDE/NoCFModifyCC FAILED.
Reason:
com.thoughtworks.selenium.SeleniumException: Element name=variableField4DropdownGroupItemID not found
	at com.thoughtworks.selenium.webdriven.ElementFinder.findElement(ElementFinder.java:93)
	at com.thoughtworks.selenium.webdriven.commands.SeleniumSelect.<init>(SeleniumSelect.java:48)
	at com.thoughtworks.selenium.webdriven.commands.SelectOption.handleSeleneseCommand(SelectOption.java:41)
	at com.thoughtworks.selenium.webdriven.commands.SelectOption.handleSeleneseCommand(SelectOption.java:26)
	at com.thoughtworks.selenium.webdriven.SeleneseCommand.apply(SeleneseCommand.java:39)
	at com.thoughtworks.selenium.webdriven.Timer.run(Timer.java:41)
	at com.thoughtworks.selenium.webdriven.WebDriverCommandProcessor.execute(WebDriverCommandProcessor.java:150)
	at com.thoughtworks.selenium.webdriven.WebDriverCommandProcessor.doCommand(WebDriverCommandProcessor.java:76)
	at com.thoughtworks.selenium.DefaultSelenium.select(DefaultSelenium.java:350)
	at com.thoughtworks.selenium.Selenium$select$0.call(Unknown Source)
	at NoCFModifyCC.run(NoCFModifyCC:111)
	at com.kms.katalon.core.main.ScriptEngine.run(ScriptEngine.java:194)
	at com.kms.katalon.core.main.ScriptEngine.runScriptAsRawText(ScriptEngine.java:119)
	at com.kms.katalon.core.main.TestCaseExecutor.runScript(TestCaseExecutor.java:448)
	at com.kms.katalon.core.main.TestCaseExecutor.doExecute(TestCaseExecutor.java:439)
	at com.kms.katalon.core.main.TestCaseExecutor.processExecutionPhase(TestCaseExecutor.java:418)
	at com.kms.katalon.core.main.TestCaseExecutor.accessMainPhase(TestCaseExecutor.java:410)
	at com.kms.katalon.core.main.TestCaseExecutor.execute(TestCaseExecutor.java:285)
	at com.kms.katalon.core.main.TestCaseExecutor.execute(TestCaseExecutor.java:369)
	at com.kms.katalon.core.main.TestCaseExecutor.execute(TestCaseExecutor.java:369)
	at com.kms.katalon.core.main.TestCaseExecutor.execute(TestCaseExecutor.java:369)
	at com.kms.katalon.core.common.CommonExecutor.accessTestCaseMainPhase(CommonExecutor.java:65)
	at com.kms.katalon.core.main.TestSuiteExecutor.accessTestSuiteMainPhase(TestSuiteExecutor.java:148)
	at com.kms.katalon.core.main.TestSuiteExecutor.execute(TestSuiteExecutor.java:106)
	at com.kms.katalon.core.main.TestCaseMain.startTestSuite(TestCaseMain.java:187)
	at com.kms.katalon.core.main.TestCaseMain$startTestSuite$0.call(Unknown Source)
	at TempTestSuite1702778440031.run(TempTestSuite1702778440031.groovy:36)
Caused by: org.openqa.selenium.JavascriptException: javascript error: Element name=variableField4DropdownGroupItemID not found
  (Session info: chrome=120.0.6099.109)
Build info: version: '3.141.59', revision: 'e82be7d358', time: '2018-11-14T08:25:53'
System info: host: 'DESKTOP-B2QI6NS', ip: '172.31.253.139', os.name: 'Windows 10', os.arch: 'amd64', os.version: '10.0', java.version: '1.8.0_181'
Driver info: com.kms.katalon.selenium.driver.CChromeDriver
Capabilities {acceptInsecureCerts: true, browserName: chrome, browserVersion: 120.0.6099.109, chrome: {chromedriverVersion: 119.0.6045.105 (38c72552c5e..., userDataDir: C:\Users\imtiaz\AppData\Loc...}, fedcm:accounts: true, goog:chromeOptions: {debuggerAddress: localhost:58505}, javascriptEnabled: true, networkConnectionEnabled: false, pageLoadStrategy: normal, platform: WINDOWS, platformName: WINDOWS, proxy: Proxy(), setWindowRect: true, strictFileInteractability: false, timeouts: {implicit: 0, pageLoad: 300000, script: 30000}, unhandledPromptBehavior: dismiss and notify, webauthn:extension:credBlob: true, webauthn:extension:largeBlob: true, webauthn:extension:minPinLength: true, webauthn:extension:prf: true, webauthn:virtualAuthenticators: true}
Session ID: 00329b1f2056c3e96d3051cc759135d1
	at org.openqa.selenium.remote.http.W3CHttpResponseCodec.createException(W3CHttpResponseCodec.java:187)
	at org.openqa.selenium.remote.http.W3CHttpResponseCodec.decode(W3CHttpResponseCodec.java:122)
	at org.openqa.selenium.remote.http.W3CHttpResponseCodec.decode(W3CHttpResponseCodec.java:49)
	at org.openqa.selenium.remote.HttpCommandExecutor.execute(HttpCommandExecutor.java:158)
	at org.openqa.selenium.remote.service.DriverCommandExecutor.execute(DriverCommandExecutor.java:83)
	at org.openqa.selenium.remote.RemoteWebDriver.execute(RemoteWebDriver.java:552)
	at com.kms.katalon.selenium.driver.CChromeDriver.execute(CChromeDriver.java:19)
	at org.openqa.selenium.remote.RemoteWebDriver.executeScript(RemoteWebDriver.java:489)
	at org.openqa.selenium.support.events.EventFiringWebDriver.lambda$new$1(EventFiringWebDriver.java:105)
	at com.sun.proxy.$Proxy10.executeScript(Unknown Source)
	at org.openqa.selenium.support.events.EventFiringWebDriver.executeScript(EventFiringWebDriver.java:229)
	at com.thoughtworks.selenium.webdriven.ElementFinder.findElement(ElementFinder.java:91)
	... 26 more]]></system-err>
      </testcase>
      <testcase name="Test Cases/IntegratedWeb/IWP23-SelIDE/NoModifyAmountCC" time="23.921" classname="Test Cases/IntegratedWeb/IWP23-SelIDE/NoModifyAmountCC" status="PASSED">
         <system-out><![CDATA[2023-12-16 21:20:41 - [TEST_CASE][PASSED] - Test Cases/IntegratedWeb/IWP23-SelIDE/NoModifyAmountCC: Test Cases/IntegratedWeb/IWP23-SelIDE/NoModifyAmountCC

2023-12-16 21:20:42 - [TEST_STEP][PASSED] - softAssertion = new org.testng.asserts.SoftAssert(): null

2023-12-16 21:20:42 - [TEST_STEP][PASSED] - openBrowser("https://www.google.com/"): Browser is opened with url: 'https://www.google.com/'

2023-12-16 21:20:42 - [MESSAGE][WARNING] - A browser is already opened. Closing browser and opening a new one

2023-12-16 21:20:43 - [MESSAGE][INFO] - Starting 'Chrome' driver

2023-12-16 21:20:43 - [MESSAGE][INFO] - User set preference: ['acceptInsecureCerts', 'true']

2023-12-16 21:20:43 - [MESSAGE][INFO] - Action delay is set to 0 milliseconds

2023-12-16 21:20:46 - [MESSAGE][PASSED] - Browser is opened with url: 'https://www.google.com/'

2023-12-16 21:20:46 - [TEST_STEP][PASSED] - driver = getWebDriver(): null

2023-12-16 21:20:46 - [TEST_STEP][PASSED] - baseUrl = "https://www.google.com/": null

2023-12-16 21:20:46 - [TEST_STEP][PASSED] - selenium = new com.thoughtworks.selenium.webdriven.WebDriverBackedSelenium(driver, baseUrl): null

2023-12-16 21:20:46 - [TEST_STEP][PASSED] - println("Begin Test: NoModifyAmountCC"): null

2023-12-16 21:20:46 - [TEST_STEP][PASSED] - emulatorURL = urlEmulator: null

2023-12-16 21:20:46 - [TEST_STEP][PASSED] - selenium.open(emulatorURL): null

2023-12-16 21:20:46 - [TEST_STEP][PASSED] - selenium.selectWindow("null"): null

2023-12-16 21:20:46 - [TEST_STEP][PASSED] - selenium.select("name=message_version", "label=2.3"): null

2023-12-16 21:20:46 - [TEST_STEP][PASSED] - selenium.waitForPageToLoad("30000"): null

2023-12-16 21:20:47 - [TEST_STEP][PASSED] - selenium.type("name=amount", 00".toString()): null

2023-12-16 21:20:47 - [TEST_STEP][PASSED] - selenium.type("name=client_account_number", "CAN12345"): null

2023-12-16 21:20:47 - [TEST_STEP][PASSED] - selenium.type("name=action_type", "PayNow"): null

2023-12-16 21:20:47 - [TEST_STEP][PASSED] - selenium.type("name=language", "en_US"): null

2023-12-16 21:20:47 - [TEST_STEP][PASSED] - selenium.type("name=billing_firstname", "Mandy"): null

2023-12-16 21:20:47 - [TEST_STEP][PASSED] - selenium.type("name=billing_lastname", "Iguera"): null

2023-12-16 21:20:47 - [TEST_STEP][PASSED] - selenium.type("name=billing_address", "56 World Center Drive".toString()): null

2023-12-16 21:20:47 - [TEST_STEP][PASSED] - selenium.type("name=billing_address2", "Suite 600".toString()): null

2023-12-16 21:20:48 - [TEST_STEP][PASSED] - selenium.type("name=billing_country_id", "840"): null

2023-12-16 21:20:48 - [TEST_STEP][PASSED] - selenium.type("name=billing_city", "Orlando"): null

2023-12-16 21:20:48 - [TEST_STEP][PASSED] - selenium.type("name=billing_state", "NH"): null

2023-12-16 21:20:48 - [TEST_STEP][PASSED] - selenium.type("name=billing_zip", "03106"): null

2023-12-16 21:20:48 - [TEST_STEP][PASSED] - selenium.type("name=order_number", "PPPPOOOO"): null

2023-12-16 21:20:48 - [TEST_STEP][PASSED] - selenium.type("name=user_defined1", "udf1"): null

2023-12-16 21:20:48 - [TEST_STEP][PASSED] - selenium.type("name=user_defined2", "udf2"): null

2023-12-16 21:20:48 - [TEST_STEP][PASSED] - selenium.type("name=user_defined3", "udf3"): null

2023-12-16 21:20:48 - [TEST_STEP][PASSED] - selenium.type("name=user_defined4", "Orange Label".toString()): null

2023-12-16 21:20:48 - [TEST_STEP][PASSED] - selenium.type("name=user_defined5", "Soccer Label".toString()): null

2023-12-16 21:20:48 - [TEST_STEP][PASSED] - selenium.click("name=submit"): null

2023-12-16 21:20:48 - [TEST_STEP][PASSED] - selenium.waitForPageToLoad("30000"): null

2023-12-16 21:20:49 - [TEST_STEP][PASSED] - testHarnessURL = urlTestHarness: null

2023-12-16 21:20:49 - [TEST_STEP][PASSED] - selenium.open(testHarnessURL): null

2023-12-16 21:20:49 - [TEST_STEP][PASSED] - Thread.sleep(2000): null

2023-12-16 21:20:51 - [TEST_STEP][PASSED] - selenium.type("name=application_id", "654"): null

2023-12-16 21:20:51 - [TEST_STEP][PASSED] - selenium.type("name=message_version", 3".toString()): null

2023-12-16 21:20:51 - [TEST_STEP][PASSED] - genRemIDVoid = RandomStringUtils.random(12, true, true): null

2023-12-16 21:20:51 - [TEST_STEP][PASSED] - selenium.type("name=remittance_id", genRemIDVoid): null

2023-12-16 21:20:51 - [TEST_STEP][PASSED] - selenium.click("css=input.formSubmit"): null

2023-12-16 21:20:52 - [TEST_STEP][PASSED] - selenium.waitForPageToLoad("30000"): null

2023-12-16 21:20:53 - [TEST_STEP][PASSED] - selenium.selectWindow("null"): null

2023-12-16 21:20:53 - [TEST_STEP][PASSED] - selenium.click("name=paymentMethod"): null

2023-12-16 21:20:53 - [TEST_STEP][PASSED] - selenium.click("css=input[type="submit"]"): null

2023-12-16 21:20:53 - [TEST_STEP][PASSED] - selenium.waitForPageToLoad("30000"): null

2023-12-16 21:20:54 - [TEST_STEP][PASSED] - selenium.type("id=cardNumber", "4111111111111111"): null

2023-12-16 21:20:54 - [TEST_STEP][PASSED] - selenium.select("name=cardExpMonth", "label=04"): null

2023-12-16 21:20:54 - [TEST_STEP][PASSED] - selenium.select("name=cardExpYear", "label=2028"): null

2023-12-16 21:20:54 - [TEST_STEP][PASSED] - selenium.type("name=emailAddress", com".toString()): null

2023-12-16 21:20:54 - [TEST_STEP][PASSED] - selenium.click("id=checkedAcceptCondition"): null

2023-12-16 21:20:54 - [TEST_STEP][PASSED] - selenium.click("name=ccSubmit"): null

2023-12-16 21:20:55 - [TEST_STEP][PASSED] - selenium.waitForPageToLoad("30000"): null

2023-12-16 21:20:55 - [TEST_STEP][PASSED] - verifyTextPresent("$10.00", false): Text '$10.00' is present on page 

2023-12-16 21:20:56 - [MESSAGE][PASSED] - Text '$10.00' is present on page 

2023-12-16 21:20:56 - [TEST_STEP][PASSED] - selenium.click("name=confirmNotifyAction"): null

2023-12-16 21:20:56 - [TEST_STEP][PASSED] - selenium.waitForPageToLoad("30000"): null

2023-12-16 21:20:57 - [TEST_STEP][PASSED] - Thread.sleep(8000): null

2023-12-16 21:21:05 - [TEST_STEP][PASSED] - verifyTextPresent("$10.00", false): Text '$10.00' is present on page 

2023-12-16 21:21:05 - [MESSAGE][PASSED] - Text '$10.00' is present on page 

2023-12-16 21:21:05 - [TEST_STEP][PASSED] - println("End Test: NoModifyAmountCC"): null]]></system-out>
         <system-err><![CDATA[]]></system-err>
      </testcase>
      <testcase name="Test Cases/IntegratedWeb/IWP23-SelIDE/NoModifyAmountPC" time="24.192" classname="Test Cases/IntegratedWeb/IWP23-SelIDE/NoModifyAmountPC" status="FAILED">
         <failure type="FAILED" message="Test Cases/IntegratedWeb/IWP23-SelIDE/NoModifyAmountPC FAILED.
Reason:
com.kms.katalon.core.exception.StepFailedException: Text '$10.00' is not present on page  (Root cause: com.kms.katalon.core.exception.StepFailedException: Text '$10.00' is not present on page 
	at com.kms.katalon.core.webui.keyword.internal.WebUIKeywordMain.stepFailed(WebUIKeywordMain.groovy:64)
	at com.kms.katalon.core.webui.keyword.builtin.VerifyTextPresentKeyword$_verifyTextPresent_closure1.doCall(VerifyTextPresentKeyword.groovy:79)
	at com.kms.katalon.core.webui.keyword.builtin.VerifyTextPresentKeyword$_verifyTextPresent_closure1.call(VerifyTextPresentKeyword.groovy)
	at com.kms.katalon.core.webui.keyword.internal.WebUIKeywordMain.runKeyword(WebUIKeywordMain.groovy:20)
	at com.kms.katalon.core.webui.keyword.builtin.VerifyTextPresentKeyword.verifyTextPresent(VerifyTextPresentKeyword.groovy:83)
	at com.kms.katalon.core.webui.keyword.builtin.VerifyTextPresentKeyword.execute(VerifyTextPresentKeyword.groovy:68)
	at com.kms.katalon.core.keyword.internal.KeywordExecutor.executeKeywordForPlatform(KeywordExecutor.groovy:74)
	at com.kms.katalon.core.webui.keyword.WebUiBuiltInKeywords.verifyTextPresent(WebUiBuiltInKeywords.groovy:1723)
	at com.kms.katalon.core.webui.keyword.WebUiBuiltInKeywords$verifyTextPresent$0.call(Unknown Source)
	at NoModifyAmountPC.run(NoModifyAmountPC:110)
	at com.kms.katalon.core.main.ScriptEngine.run(ScriptEngine.java:194)
	at com.kms.katalon.core.main.ScriptEngine.runScriptAsRawText(ScriptEngine.java:119)
	at com.kms.katalon.core.main.TestCaseExecutor.runScript(TestCaseExecutor.java:448)
	at com.kms.katalon.core.main.TestCaseExecutor.doExecute(TestCaseExecutor.java:439)
	at com.kms.katalon.core.main.TestCaseExecutor.processExecutionPhase(TestCaseExecutor.java:418)
	at com.kms.katalon.core.main.TestCaseExecutor.accessMainPhase(TestCaseExecutor.java:410)
	at com.kms.katalon.core.main.TestCaseExecutor.execute(TestCaseExecutor.java:285)
	at com.kms.katalon.core.main.TestCaseExecutor.execute(TestCaseExecutor.java:369)
	at com.kms.katalon.core.main.TestCaseExecutor.execute(TestCaseExecutor.java:369)
	at com.kms.katalon.core.main.TestCaseExecutor.execute(TestCaseExecutor.java:369)
	at com.kms.katalon.core.common.CommonExecutor.accessTestCaseMainPhase(CommonExecutor.java:65)
	at com.kms.katalon.core.main.TestSuiteExecutor.accessTestSuiteMainPhase(TestSuiteExecutor.java:148)
	at com.kms.katalon.core.main.TestSuiteExecutor.execute(TestSuiteExecutor.java:106)
	at com.kms.katalon.core.main.TestCaseMain.startTestSuite(TestCaseMain.java:187)
	at com.kms.katalon.core.main.TestCaseMain$startTestSuite$0.call(Unknown Source)
	at TempTestSuite1702778440031.run(TempTestSuite1702778440031.groovy:36)
)
	at com.kms.katalon.core.keyword.internal.KeywordMain.stepFailed(KeywordMain.groovy:39)
	at com.kms.katalon.core.webui.keyword.internal.WebUIKeywordMain.stepFailed(WebUIKeywordMain.groovy:64)
	at com.kms.katalon.core.webui.keyword.builtin.VerifyTextPresentKeyword$_verifyTextPresent_closure1.doCall(VerifyTextPresentKeyword.groovy:79)
	at com.kms.katalon.core.webui.keyword.builtin.VerifyTextPresentKeyword$_verifyTextPresent_closure1.call(VerifyTextPresentKeyword.groovy)
	at com.kms.katalon.core.webui.keyword.internal.WebUIKeywordMain.runKeyword(WebUIKeywordMain.groovy:20)
	at com.kms.katalon.core.webui.keyword.builtin.VerifyTextPresentKeyword.verifyTextPresent(VerifyTextPresentKeyword.groovy:83)
	at com.kms.katalon.core.webui.keyword.builtin.VerifyTextPresentKeyword.execute(VerifyTextPresentKeyword.groovy:68)
	at com.kms.katalon.core.keyword.internal.KeywordExecutor.executeKeywordForPlatform(KeywordExecutor.groovy:74)
	at com.kms.katalon.core.webui.keyword.WebUiBuiltInKeywords.verifyTextPresent(WebUiBuiltInKeywords.groovy:1723)
	at com.kms.katalon.core.webui.keyword.WebUiBuiltInKeywords$verifyTextPresent$0.call(Unknown Source)
	at NoModifyAmountPC.run(NoModifyAmountPC:110)
	at com.kms.katalon.core.main.ScriptEngine.run(ScriptEngine.java:194)
	at com.kms.katalon.core.main.ScriptEngine.runScriptAsRawText(ScriptEngine.java:119)
	at com.kms.katalon.core.main.TestCaseExecutor.runScript(TestCaseExecutor.java:448)
	at com.kms.katalon.core.main.TestCaseExecutor.doExecute(TestCaseExecutor.java:439)
	at com.kms.katalon.core.main.TestCaseExecutor.processExecutionPhase(TestCaseExecutor.java:418)
	at com.kms.katalon.core.main.TestCaseExecutor.accessMainPhase(TestCaseExecutor.java:410)
	at com.kms.katalon.core.main.TestCaseExecutor.execute(TestCaseExecutor.java:285)
	at com.kms.katalon.core.main.TestCaseExecutor.execute(TestCaseExecutor.java:369)
	at com.kms.katalon.core.main.TestCaseExecutor.execute(TestCaseExecutor.java:369)
	at com.kms.katalon.core.main.TestCaseExecutor.execute(TestCaseExecutor.java:369)
	at com.kms.katalon.core.common.CommonExecutor.accessTestCaseMainPhase(CommonExecutor.java:65)
	at com.kms.katalon.core.main.TestSuiteExecutor.accessTestSuiteMainPhase(TestSuiteExecutor.java:148)
	at com.kms.katalon.core.main.TestSuiteExecutor.execute(TestSuiteExecutor.java:106)
	at com.kms.katalon.core.main.TestCaseMain.startTestSuite(TestCaseMain.java:187)
	at com.kms.katalon.core.main.TestCaseMain$startTestSuite$0.call(Unknown Source)
	at TempTestSuite1702778440031.run(TempTestSuite1702778440031.groovy:36)
Caused by: com.kms.katalon.core.exception.StepFailedException: Text '$10.00' is not present on page 
	... 26 more
"/>
         <system-out><![CDATA[2023-12-16 21:22:19 - [TEST_CASE][FAILED] - Test Cases/IntegratedWeb/IWP23-SelIDE/NoModifyAmountPC: Test Cases/IntegratedWeb/IWP23-SelIDE/NoModifyAmountPC FAILED.
Reason:
com.kms.katalon.core.exception.StepFailedException: Text '$10.00' is not present on page  (Root cause: com.kms.katalon.core.exception.StepFailedException: Text '$10.00' is not present on page 
	at com.kms.katalon.core.webui.keyword.internal.WebUIKeywordMain.stepFailed(WebUIKeywordMain.groovy:64)
	at com.kms.katalon.core.webui.keyword.builtin.VerifyTextPresentKeyword$_verifyTextPresent_closure1.doCall(VerifyTextPresentKeyword.groovy:79)
	at com.kms.katalon.core.webui.keyword.builtin.VerifyTextPresentKeyword$_verifyTextPresent_closure1.call(VerifyTextPresentKeyword.groovy)
	at com.kms.katalon.core.webui.keyword.internal.WebUIKeywordMain.runKeyword(WebUIKeywordMain.groovy:20)
	at com.kms.katalon.core.webui.keyword.builtin.VerifyTextPresentKeyword.verifyTextPresent(VerifyTextPresentKeyword.groovy:83)
	at com.kms.katalon.core.webui.keyword.builtin.VerifyTextPresentKeyword.execute(VerifyTextPresentKeyword.groovy:68)
	at com.kms.katalon.core.keyword.internal.KeywordExecutor.executeKeywordForPlatform(KeywordExecutor.groovy:74)
	at com.kms.katalon.core.webui.keyword.WebUiBuiltInKeywords.verifyTextPresent(WebUiBuiltInKeywords.groovy:1723)
	at com.kms.katalon.core.webui.keyword.WebUiBuiltInKeywords$verifyTextPresent$0.call(Unknown Source)
	at NoModifyAmountPC.run(NoModifyAmountPC:110)
	at com.kms.katalon.core.main.ScriptEngine.run(ScriptEngine.java:194)
	at com.kms.katalon.core.main.ScriptEngine.runScriptAsRawText(ScriptEngine.java:119)
	at com.kms.katalon.core.main.TestCaseExecutor.runScript(TestCaseExecutor.java:448)
	at com.kms.katalon.core.main.TestCaseExecutor.doExecute(TestCaseExecutor.java:439)
	at com.kms.katalon.core.main.TestCaseExecutor.processExecutionPhase(TestCaseExecutor.java:418)
	at com.kms.katalon.core.main.TestCaseExecutor.accessMainPhase(TestCaseExecutor.java:410)
	at com.kms.katalon.core.main.TestCaseExecutor.execute(TestCaseExecutor.java:285)
	at com.kms.katalon.core.main.TestCaseExecutor.execute(TestCaseExecutor.java:369)
	at com.kms.katalon.core.main.TestCaseExecutor.execute(TestCaseExecutor.java:369)
	at com.kms.katalon.core.main.TestCaseExecutor.execute(TestCaseExecutor.java:369)
	at com.kms.katalon.core.common.CommonExecutor.accessTestCaseMainPhase(CommonExecutor.java:65)
	at com.kms.katalon.core.main.TestSuiteExecutor.accessTestSuiteMainPhase(TestSuiteExecutor.java:148)
	at com.kms.katalon.core.main.TestSuiteExecutor.execute(TestSuiteExecutor.java:106)
	at com.kms.katalon.core.main.TestCaseMain.startTestSuite(TestCaseMain.java:187)
	at com.kms.katalon.core.main.TestCaseMain$startTestSuite$0.call(Unknown Source)
	at TempTestSuite1702778440031.run(TempTestSuite1702778440031.groovy:36)
)
	at com.kms.katalon.core.keyword.internal.KeywordMain.stepFailed(KeywordMain.groovy:39)
	at com.kms.katalon.core.webui.keyword.internal.WebUIKeywordMain.stepFailed(WebUIKeywordMain.groovy:64)
	at com.kms.katalon.core.webui.keyword.builtin.VerifyTextPresentKeyword$_verifyTextPresent_closure1.doCall(VerifyTextPresentKeyword.groovy:79)
	at com.kms.katalon.core.webui.keyword.builtin.VerifyTextPresentKeyword$_verifyTextPresent_closure1.call(VerifyTextPresentKeyword.groovy)
	at com.kms.katalon.core.webui.keyword.internal.WebUIKeywordMain.runKeyword(WebUIKeywordMain.groovy:20)
	at com.kms.katalon.core.webui.keyword.builtin.VerifyTextPresentKeyword.verifyTextPresent(VerifyTextPresentKeyword.groovy:83)
	at com.kms.katalon.core.webui.keyword.builtin.VerifyTextPresentKeyword.execute(VerifyTextPresentKeyword.groovy:68)
	at com.kms.katalon.core.keyword.internal.KeywordExecutor.executeKeywordForPlatform(KeywordExecutor.groovy:74)
	at com.kms.katalon.core.webui.keyword.WebUiBuiltInKeywords.verifyTextPresent(WebUiBuiltInKeywords.groovy:1723)
	at com.kms.katalon.core.webui.keyword.WebUiBuiltInKeywords$verifyTextPresent$0.call(Unknown Source)
	at NoModifyAmountPC.run(NoModifyAmountPC:110)
	at com.kms.katalon.core.main.ScriptEngine.run(ScriptEngine.java:194)
	at com.kms.katalon.core.main.ScriptEngine.runScriptAsRawText(ScriptEngine.java:119)
	at com.kms.katalon.core.main.TestCaseExecutor.runScript(TestCaseExecutor.java:448)
	at com.kms.katalon.core.main.TestCaseExecutor.doExecute(TestCaseExecutor.java:439)
	at com.kms.katalon.core.main.TestCaseExecutor.processExecutionPhase(TestCaseExecutor.java:418)
	at com.kms.katalon.core.main.TestCaseExecutor.accessMainPhase(TestCaseExecutor.java:410)
	at com.kms.katalon.core.main.TestCaseExecutor.execute(TestCaseExecutor.java:285)
	at com.kms.katalon.core.main.TestCaseExecutor.execute(TestCaseExecutor.java:369)
	at com.kms.katalon.core.main.TestCaseExecutor.execute(TestCaseExecutor.java:369)
	at com.kms.katalon.core.main.TestCaseExecutor.execute(TestCaseExecutor.java:369)
	at com.kms.katalon.core.common.CommonExecutor.accessTestCaseMainPhase(CommonExecutor.java:65)
	at com.kms.katalon.core.main.TestSuiteExecutor.accessTestSuiteMainPhase(TestSuiteExecutor.java:148)
	at com.kms.katalon.core.main.TestSuiteExecutor.execute(TestSuiteExecutor.java:106)
	at com.kms.katalon.core.main.TestCaseMain.startTestSuite(TestCaseMain.java:187)
	at com.kms.katalon.core.main.TestCaseMain$startTestSuite$0.call(Unknown Source)
	at TempTestSuite1702778440031.run(TempTestSuite1702778440031.groovy:36)
Caused by: com.kms.katalon.core.exception.StepFailedException: Text '$10.00' is not present on page 
	... 26 more


2023-12-16 21:22:19 - [TEST_STEP][PASSED] - softAssertion = new org.testng.asserts.SoftAssert(): null

2023-12-16 21:22:19 - [TEST_STEP][PASSED] - openBrowser("https://www.google.com/"): Browser is opened with url: 'https://www.google.com/'

2023-12-16 21:22:19 - [MESSAGE][WARNING] - A browser is already opened. Closing browser and opening a new one

2023-12-16 21:22:20 - [MESSAGE][INFO] - Starting 'Chrome' driver

2023-12-16 21:22:20 - [MESSAGE][INFO] - User set preference: ['acceptInsecureCerts', 'true']

2023-12-16 21:22:20 - [MESSAGE][INFO] - Action delay is set to 0 milliseconds

2023-12-16 21:22:22 - [MESSAGE][PASSED] - Browser is opened with url: 'https://www.google.com/'

2023-12-16 21:22:22 - [TEST_STEP][PASSED] - driver = getWebDriver(): null

2023-12-16 21:22:22 - [TEST_STEP][PASSED] - baseUrl = "https://www.google.com/": null

2023-12-16 21:22:22 - [TEST_STEP][PASSED] - selenium = new com.thoughtworks.selenium.webdriven.WebDriverBackedSelenium(driver, baseUrl): null

2023-12-16 21:22:22 - [TEST_STEP][PASSED] - println("Begin Test: NoModifyAmountPC"): null

2023-12-16 21:22:22 - [TEST_STEP][PASSED] - emulatorURL = urlEmulator: null

2023-12-16 21:22:22 - [TEST_STEP][PASSED] - selenium.open(emulatorURL): null

2023-12-16 21:22:23 - [TEST_STEP][PASSED] - selenium.selectWindow("null"): null

2023-12-16 21:22:23 - [TEST_STEP][PASSED] - selenium.select("name=message_version", "label=2.3"): null

2023-12-16 21:22:23 - [TEST_STEP][PASSED] - selenium.waitForPageToLoad("30000"): null

2023-12-16 21:22:23 - [TEST_STEP][PASSED] - selenium.type("name=amount", 00".toString()): null

2023-12-16 21:22:24 - [TEST_STEP][PASSED] - selenium.type("name=client_account_number", "CAN12345"): null

2023-12-16 21:22:24 - [TEST_STEP][PASSED] - selenium.type("name=action_type", "PayNow"): null

2023-12-16 21:22:24 - [TEST_STEP][PASSED] - selenium.type("name=language", "en_US"): null

2023-12-16 21:22:24 - [TEST_STEP][PASSED] - selenium.type("name=billing_firstname", "Mandy"): null

2023-12-16 21:22:24 - [TEST_STEP][PASSED] - selenium.type("name=billing_lastname", "Iguera"): null

2023-12-16 21:22:24 - [TEST_STEP][PASSED] - selenium.type("name=billing_address", "56 World Center Drive".toString()): null

2023-12-16 21:22:24 - [TEST_STEP][PASSED] - selenium.type("name=billing_address2", "Suite 600".toString()): null

2023-12-16 21:22:24 - [TEST_STEP][PASSED] - selenium.type("name=billing_country_id", "840"): null

2023-12-16 21:22:24 - [TEST_STEP][PASSED] - selenium.type("name=billing_city", "Orlando"): null

2023-12-16 21:22:24 - [TEST_STEP][PASSED] - selenium.type("name=billing_state", "NH"): null

2023-12-16 21:22:24 - [TEST_STEP][PASSED] - selenium.type("name=billing_zip", "03106"): null

2023-12-16 21:22:24 - [TEST_STEP][PASSED] - selenium.type("name=order_number", "PPPPOOOO"): null

2023-12-16 21:22:24 - [TEST_STEP][PASSED] - selenium.type("name=user_defined1", "udf1"): null

2023-12-16 21:22:24 - [TEST_STEP][PASSED] - selenium.type("name=user_defined2", "udf2"): null

2023-12-16 21:22:24 - [TEST_STEP][PASSED] - selenium.type("name=user_defined3", "udf3"): null

2023-12-16 21:22:24 - [TEST_STEP][PASSED] - selenium.type("name=user_defined4", "Orange Label".toString()): null

2023-12-16 21:22:24 - [TEST_STEP][PASSED] - selenium.type("name=user_defined5", "Soccer Label".toString()): null

2023-12-16 21:22:25 - [TEST_STEP][PASSED] - selenium.click("name=submit"): null

2023-12-16 21:22:25 - [TEST_STEP][PASSED] - selenium.waitForPageToLoad("30000"): null

2023-12-16 21:22:25 - [TEST_STEP][PASSED] - Thread.sleep(2000): null

2023-12-16 21:22:27 - [TEST_STEP][PASSED] - testHarnessURL = urlTestHarness: null

2023-12-16 21:22:27 - [TEST_STEP][PASSED] - selenium.open(testHarnessURL): null

2023-12-16 21:22:28 - [TEST_STEP][PASSED] - selenium.type("name=application_id", "654"): null

2023-12-16 21:22:28 - [TEST_STEP][PASSED] - selenium.type("name=message_version", 3".toString()): null

2023-12-16 21:22:28 - [TEST_STEP][PASSED] - genRemIDVoid = RandomStringUtils.random(12, true, true): null

2023-12-16 21:22:28 - [TEST_STEP][PASSED] - selenium.type("name=remittance_id", genRemIDVoid): null

2023-12-16 21:22:28 - [TEST_STEP][PASSED] - selenium.click("css=input.formSubmit"): null

2023-12-16 21:22:29 - [TEST_STEP][PASSED] - selenium.waitForPageToLoad("30000"): null

2023-12-16 21:22:29 - [TEST_STEP][PASSED] - selenium.click("xpath=(//input[@name='paymentMethod'])[2]"): null

2023-12-16 21:22:29 - [TEST_STEP][PASSED] - selenium.click("css=input[type="submit"]"): null

2023-12-16 21:22:30 - [TEST_STEP][PASSED] - selenium.waitForPageToLoad("30000"): null

2023-12-16 21:22:31 - [TEST_STEP][FAILED] - verifyTextPresent("$10.00", false): Text '$10.00' is not present on page  (Root cause: com.kms.katalon.core.exception.StepFailedException: Text '$10.00' is not present on page 
	at com.kms.katalon.core.webui.keyword.internal.WebUIKeywordMain.stepFailed(WebUIKeywordMain.groovy:64)
	at com.kms.katalon.core.webui.keyword.builtin.VerifyTextPresentKeyword$_verifyTextPresent_closure1.doCall(VerifyTextPresentKeyword.groovy:79)
	at com.kms.katalon.core.webui.keyword.builtin.VerifyTextPresentKeyword$_verifyTextPresent_closure1.call(VerifyTextPresentKeyword.groovy)
	at com.kms.katalon.core.webui.keyword.internal.WebUIKeywordMain.runKeyword(WebUIKeywordMain.groovy:20)
	at com.kms.katalon.core.webui.keyword.builtin.VerifyTextPresentKeyword.verifyTextPresent(VerifyTextPresentKeyword.groovy:83)
	at com.kms.katalon.core.webui.keyword.builtin.VerifyTextPresentKeyword.execute(VerifyTextPresentKeyword.groovy:68)
	at com.kms.katalon.core.keyword.internal.KeywordExecutor.executeKeywordForPlatform(KeywordExecutor.groovy:74)
	at com.kms.katalon.core.webui.keyword.WebUiBuiltInKeywords.verifyTextPresent(WebUiBuiltInKeywords.groovy:1723)
	at com.kms.katalon.core.webui.keyword.WebUiBuiltInKeywords$verifyTextPresent$0.call(Unknown Source)
	at NoModifyAmountPC.run(NoModifyAmountPC:110)
	at com.kms.katalon.core.main.ScriptEngine.run(ScriptEngine.java:194)
	at com.kms.katalon.core.main.ScriptEngine.runScriptAsRawText(ScriptEngine.java:119)
	at com.kms.katalon.core.main.TestCaseExecutor.runScript(TestCaseExecutor.java:448)
	at com.kms.katalon.core.main.TestCaseExecutor.doExecute(TestCaseExecutor.java:439)
	at com.kms.katalon.core.main.TestCaseExecutor.processExecutionPhase(TestCaseExecutor.java:418)
	at com.kms.katalon.core.main.TestCaseExecutor.accessMainPhase(TestCaseExecutor.java:410)
	at com.kms.katalon.core.main.TestCaseExecutor.execute(TestCaseExecutor.java:285)
	at com.kms.katalon.core.main.TestCaseExecutor.execute(TestCaseExecutor.java:369)
	at com.kms.katalon.core.main.TestCaseExecutor.execute(TestCaseExecutor.java:369)
	at com.kms.katalon.core.main.TestCaseExecutor.execute(TestCaseExecutor.java:369)
	at com.kms.katalon.core.common.CommonExecutor.accessTestCaseMainPhase(CommonExecutor.java:65)
	at com.kms.katalon.core.main.TestSuiteExecutor.accessTestSuiteMainPhase(TestSuiteExecutor.java:148)
	at com.kms.katalon.core.main.TestSuiteExecutor.execute(TestSuiteExecutor.java:106)
	at com.kms.katalon.core.main.TestCaseMain.startTestSuite(TestCaseMain.java:187)
	at com.kms.katalon.core.main.TestCaseMain$startTestSuite$0.call(Unknown Source)
	at TempTestSuite1702778440031.run(TempTestSuite1702778440031.groovy:36)
)

2023-12-16 21:22:31 - [MESSAGE][FAILED] - Text '$10.00' is not present on page  (Root cause: com.kms.katalon.core.exception.StepFailedException: Text '$10.00' is not present on page 
	at com.kms.katalon.core.webui.keyword.internal.WebUIKeywordMain.stepFailed(WebUIKeywordMain.groovy:64)
	at com.kms.katalon.core.webui.keyword.builtin.VerifyTextPresentKeyword$_verifyTextPresent_closure1.doCall(VerifyTextPresentKeyword.groovy:79)
	at com.kms.katalon.core.webui.keyword.builtin.VerifyTextPresentKeyword$_verifyTextPresent_closure1.call(VerifyTextPresentKeyword.groovy)
	at com.kms.katalon.core.webui.keyword.internal.WebUIKeywordMain.runKeyword(WebUIKeywordMain.groovy:20)
	at com.kms.katalon.core.webui.keyword.builtin.VerifyTextPresentKeyword.verifyTextPresent(VerifyTextPresentKeyword.groovy:83)
	at com.kms.katalon.core.webui.keyword.builtin.VerifyTextPresentKeyword.execute(VerifyTextPresentKeyword.groovy:68)
	at com.kms.katalon.core.keyword.internal.KeywordExecutor.executeKeywordForPlatform(KeywordExecutor.groovy:74)
	at com.kms.katalon.core.webui.keyword.WebUiBuiltInKeywords.verifyTextPresent(WebUiBuiltInKeywords.groovy:1723)
	at com.kms.katalon.core.webui.keyword.WebUiBuiltInKeywords$verifyTextPresent$0.call(Unknown Source)
	at NoModifyAmountPC.run(NoModifyAmountPC:110)
	at com.kms.katalon.core.main.ScriptEngine.run(ScriptEngine.java:194)
	at com.kms.katalon.core.main.ScriptEngine.runScriptAsRawText(ScriptEngine.java:119)
	at com.kms.katalon.core.main.TestCaseExecutor.runScript(TestCaseExecutor.java:448)
	at com.kms.katalon.core.main.TestCaseExecutor.doExecute(TestCaseExecutor.java:439)
	at com.kms.katalon.core.main.TestCaseExecutor.processExecutionPhase(TestCaseExecutor.java:418)
	at com.kms.katalon.core.main.TestCaseExecutor.accessMainPhase(TestCaseExecutor.java:410)
	at com.kms.katalon.core.main.TestCaseExecutor.execute(TestCaseExecutor.java:285)
	at com.kms.katalon.core.main.TestCaseExecutor.execute(TestCaseExecutor.java:369)
	at com.kms.katalon.core.main.TestCaseExecutor.execute(TestCaseExecutor.java:369)
	at com.kms.katalon.core.main.TestCaseExecutor.execute(TestCaseExecutor.java:369)
	at com.kms.katalon.core.common.CommonExecutor.accessTestCaseMainPhase(CommonExecutor.java:65)
	at com.kms.katalon.core.main.TestSuiteExecutor.accessTestSuiteMainPhase(TestSuiteExecutor.java:148)
	at com.kms.katalon.core.main.TestSuiteExecutor.execute(TestSuiteExecutor.java:106)
	at com.kms.katalon.core.main.TestCaseMain.startTestSuite(TestCaseMain.java:187)
	at com.kms.katalon.core.main.TestCaseMain$startTestSuite$0.call(Unknown Source)
	at TempTestSuite1702778440031.run(TempTestSuite1702778440031.groovy:36)
)

2023-12-16 21:22:31 - [TEST_STEP][PASSED] - selenium.type("name=billingFirstname", "Mike"): null

2023-12-16 21:22:31 - [TEST_STEP][PASSED] - selenium.type("name=billingLastname", "Chingiti"): null

2023-12-16 21:22:31 - [TEST_STEP][PASSED] - selenium.type("id=routingNumber", "256072691"): null

2023-12-16 21:22:31 - [TEST_STEP][PASSED] - selenium.type("id=accountNumber", "11111111"): null

2023-12-16 21:22:31 - [TEST_STEP][PASSED] - selenium.type("id=confirmAccountNumber", "11111111"): null

2023-12-16 21:22:31 - [TEST_STEP][PASSED] - selenium.click("name=accountType"): null

2023-12-16 21:22:31 - [TEST_STEP][PASSED] - selenium.type("name=billingAddress", "104 main road".toString()): null

2023-12-16 21:22:31 - [TEST_STEP][PASSED] - selenium.type("name=billingAddress2", ""): null

2023-12-16 21:22:32 - [TEST_STEP][PASSED] - selenium.type("id=billing-zip-input", "22201"): null

2023-12-16 21:22:32 - [TEST_STEP][PASSED] - selenium.click("id=checkedAcceptCondition"): null

2023-12-16 21:22:32 - [TEST_STEP][PASSED] - selenium.click("name=achSubmit"): null

2023-12-16 21:22:32 - [TEST_STEP][PASSED] - selenium.waitForPageToLoad("30000"): null

2023-12-16 21:22:33 - [TEST_STEP][PASSED] - verifyTextPresent("Please verify the following information:", true): Text 'Please verify the following information:' is present on page  using regular expression

2023-12-16 21:22:33 - [MESSAGE][PASSED] - Text 'Please verify the following information:' is present on page  using regular expression

2023-12-16 21:22:33 - [TEST_STEP][PASSED] - verifyTextPresent("Is this information correct", true): Text 'Is this information correct' is present on page  using regular expression

2023-12-16 21:22:33 - [MESSAGE][PASSED] - Text 'Is this information correct' is present on page  using regular expression

2023-12-16 21:22:33 - [TEST_STEP][PASSED] - verifyTextPresent("$10.00", false): Text '$10.00' is present on page 

2023-12-16 21:22:34 - [MESSAGE][PASSED] - Text '$10.00' is present on page 

2023-12-16 21:22:34 - [TEST_STEP][PASSED] - selenium.click("name=confirmNotifyAction"): null

2023-12-16 21:22:34 - [TEST_STEP][PASSED] - selenium.waitForPageToLoad("30000"): null

2023-12-16 21:22:34 - [TEST_STEP][PASSED] - Thread.sleep(8000): null

2023-12-16 21:22:42 - [TEST_STEP][PASSED] - verifyTextPresent("$10.00", false): Text '$10.00' is present on page 

2023-12-16 21:22:43 - [MESSAGE][PASSED] - Text '$10.00' is present on page 

2023-12-16 21:22:43 - [TEST_STEP][PASSED] - println("End Test: NoModifyAmountPC"): null]]></system-out>
         <system-err><![CDATA[2023-12-16 21:22:19 - [TEST_CASE][FAILED] - Test Cases/IntegratedWeb/IWP23-SelIDE/NoModifyAmountPC: Test Cases/IntegratedWeb/IWP23-SelIDE/NoModifyAmountPC FAILED.
Reason:
com.kms.katalon.core.exception.StepFailedException: Text '$10.00' is not present on page  (Root cause: com.kms.katalon.core.exception.StepFailedException: Text '$10.00' is not present on page 
	at com.kms.katalon.core.webui.keyword.internal.WebUIKeywordMain.stepFailed(WebUIKeywordMain.groovy:64)
	at com.kms.katalon.core.webui.keyword.builtin.VerifyTextPresentKeyword$_verifyTextPresent_closure1.doCall(VerifyTextPresentKeyword.groovy:79)
	at com.kms.katalon.core.webui.keyword.builtin.VerifyTextPresentKeyword$_verifyTextPresent_closure1.call(VerifyTextPresentKeyword.groovy)
	at com.kms.katalon.core.webui.keyword.internal.WebUIKeywordMain.runKeyword(WebUIKeywordMain.groovy:20)
	at com.kms.katalon.core.webui.keyword.builtin.VerifyTextPresentKeyword.verifyTextPresent(VerifyTextPresentKeyword.groovy:83)
	at com.kms.katalon.core.webui.keyword.builtin.VerifyTextPresentKeyword.execute(VerifyTextPresentKeyword.groovy:68)
	at com.kms.katalon.core.keyword.internal.KeywordExecutor.executeKeywordForPlatform(KeywordExecutor.groovy:74)
	at com.kms.katalon.core.webui.keyword.WebUiBuiltInKeywords.verifyTextPresent(WebUiBuiltInKeywords.groovy:1723)
	at com.kms.katalon.core.webui.keyword.WebUiBuiltInKeywords$verifyTextPresent$0.call(Unknown Source)
	at NoModifyAmountPC.run(NoModifyAmountPC:110)
	at com.kms.katalon.core.main.ScriptEngine.run(ScriptEngine.java:194)
	at com.kms.katalon.core.main.ScriptEngine.runScriptAsRawText(ScriptEngine.java:119)
	at com.kms.katalon.core.main.TestCaseExecutor.runScript(TestCaseExecutor.java:448)
	at com.kms.katalon.core.main.TestCaseExecutor.doExecute(TestCaseExecutor.java:439)
	at com.kms.katalon.core.main.TestCaseExecutor.processExecutionPhase(TestCaseExecutor.java:418)
	at com.kms.katalon.core.main.TestCaseExecutor.accessMainPhase(TestCaseExecutor.java:410)
	at com.kms.katalon.core.main.TestCaseExecutor.execute(TestCaseExecutor.java:285)
	at com.kms.katalon.core.main.TestCaseExecutor.execute(TestCaseExecutor.java:369)
	at com.kms.katalon.core.main.TestCaseExecutor.execute(TestCaseExecutor.java:369)
	at com.kms.katalon.core.main.TestCaseExecutor.execute(TestCaseExecutor.java:369)
	at com.kms.katalon.core.common.CommonExecutor.accessTestCaseMainPhase(CommonExecutor.java:65)
	at com.kms.katalon.core.main.TestSuiteExecutor.accessTestSuiteMainPhase(TestSuiteExecutor.java:148)
	at com.kms.katalon.core.main.TestSuiteExecutor.execute(TestSuiteExecutor.java:106)
	at com.kms.katalon.core.main.TestCaseMain.startTestSuite(TestCaseMain.java:187)
	at com.kms.katalon.core.main.TestCaseMain$startTestSuite$0.call(Unknown Source)
	at TempTestSuite1702778440031.run(TempTestSuite1702778440031.groovy:36)
)
	at com.kms.katalon.core.keyword.internal.KeywordMain.stepFailed(KeywordMain.groovy:39)
	at com.kms.katalon.core.webui.keyword.internal.WebUIKeywordMain.stepFailed(WebUIKeywordMain.groovy:64)
	at com.kms.katalon.core.webui.keyword.builtin.VerifyTextPresentKeyword$_verifyTextPresent_closure1.doCall(VerifyTextPresentKeyword.groovy:79)
	at com.kms.katalon.core.webui.keyword.builtin.VerifyTextPresentKeyword$_verifyTextPresent_closure1.call(VerifyTextPresentKeyword.groovy)
	at com.kms.katalon.core.webui.keyword.internal.WebUIKeywordMain.runKeyword(WebUIKeywordMain.groovy:20)
	at com.kms.katalon.core.webui.keyword.builtin.VerifyTextPresentKeyword.verifyTextPresent(VerifyTextPresentKeyword.groovy:83)
	at com.kms.katalon.core.webui.keyword.builtin.VerifyTextPresentKeyword.execute(VerifyTextPresentKeyword.groovy:68)
	at com.kms.katalon.core.keyword.internal.KeywordExecutor.executeKeywordForPlatform(KeywordExecutor.groovy:74)
	at com.kms.katalon.core.webui.keyword.WebUiBuiltInKeywords.verifyTextPresent(WebUiBuiltInKeywords.groovy:1723)
	at com.kms.katalon.core.webui.keyword.WebUiBuiltInKeywords$verifyTextPresent$0.call(Unknown Source)
	at NoModifyAmountPC.run(NoModifyAmountPC:110)
	at com.kms.katalon.core.main.ScriptEngine.run(ScriptEngine.java:194)
	at com.kms.katalon.core.main.ScriptEngine.runScriptAsRawText(ScriptEngine.java:119)
	at com.kms.katalon.core.main.TestCaseExecutor.runScript(TestCaseExecutor.java:448)
	at com.kms.katalon.core.main.TestCaseExecutor.doExecute(TestCaseExecutor.java:439)
	at com.kms.katalon.core.main.TestCaseExecutor.processExecutionPhase(TestCaseExecutor.java:418)
	at com.kms.katalon.core.main.TestCaseExecutor.accessMainPhase(TestCaseExecutor.java:410)
	at com.kms.katalon.core.main.TestCaseExecutor.execute(TestCaseExecutor.java:285)
	at com.kms.katalon.core.main.TestCaseExecutor.execute(TestCaseExecutor.java:369)
	at com.kms.katalon.core.main.TestCaseExecutor.execute(TestCaseExecutor.java:369)
	at com.kms.katalon.core.main.TestCaseExecutor.execute(TestCaseExecutor.java:369)
	at com.kms.katalon.core.common.CommonExecutor.accessTestCaseMainPhase(CommonExecutor.java:65)
	at com.kms.katalon.core.main.TestSuiteExecutor.accessTestSuiteMainPhase(TestSuiteExecutor.java:148)
	at com.kms.katalon.core.main.TestSuiteExecutor.execute(TestSuiteExecutor.java:106)
	at com.kms.katalon.core.main.TestCaseMain.startTestSuite(TestCaseMain.java:187)
	at com.kms.katalon.core.main.TestCaseMain$startTestSuite$0.call(Unknown Source)
	at TempTestSuite1702778440031.run(TempTestSuite1702778440031.groovy:36)
Caused by: com.kms.katalon.core.exception.StepFailedException: Text '$10.00' is not present on page 
	... 26 more]]></system-err>
      </testcase>
      <testcase name="Test Cases/IntegratedWeb/IWP23-SelIDE/NoOverPayButUnderPayCC" time="24.199" classname="Test Cases/IntegratedWeb/IWP23-SelIDE/NoOverPayButUnderPayCC" status="PASSED">
         <system-out><![CDATA[2023-12-16 21:22:43 - [TEST_CASE][PASSED] - Test Cases/IntegratedWeb/IWP23-SelIDE/NoOverPayButUnderPayCC: Test Cases/IntegratedWeb/IWP23-SelIDE/NoOverPayButUnderPayCC

2023-12-16 21:22:43 - [TEST_STEP][PASSED] - softAssertion = new org.testng.asserts.SoftAssert(): null

2023-12-16 21:22:43 - [TEST_STEP][PASSED] - openBrowser("https://www.google.com/"): Browser is opened with url: 'https://www.google.com/'

2023-12-16 21:22:43 - [MESSAGE][WARNING] - A browser is already opened. Closing browser and opening a new one

2023-12-16 21:22:44 - [MESSAGE][INFO] - Starting 'Chrome' driver

2023-12-16 21:22:44 - [MESSAGE][INFO] - User set preference: ['acceptInsecureCerts', 'true']

2023-12-16 21:22:44 - [MESSAGE][INFO] - Action delay is set to 0 milliseconds

2023-12-16 21:22:47 - [MESSAGE][PASSED] - Browser is opened with url: 'https://www.google.com/'

2023-12-16 21:22:47 - [TEST_STEP][PASSED] - driver = getWebDriver(): null

2023-12-16 21:22:47 - [TEST_STEP][PASSED] - baseUrl = "https://www.google.com/": null

2023-12-16 21:22:47 - [TEST_STEP][PASSED] - selenium = new com.thoughtworks.selenium.webdriven.WebDriverBackedSelenium(driver, baseUrl): null

2023-12-16 21:22:47 - [TEST_STEP][PASSED] - println("Begin Test: NoOverPayButUnderPayCC"): null

2023-12-16 21:22:47 - [TEST_STEP][PASSED] - emulatorURL = urlEmulator: null

2023-12-16 21:22:47 - [TEST_STEP][PASSED] - selenium.open(emulatorURL): null

2023-12-16 21:22:48 - [TEST_STEP][PASSED] - selenium.selectWindow("null"): null

2023-12-16 21:22:48 - [TEST_STEP][PASSED] - selenium.select("name=message_version", "label=2.3"): null

2023-12-16 21:22:48 - [TEST_STEP][PASSED] - selenium.waitForPageToLoad("30000"): null

2023-12-16 21:22:49 - [TEST_STEP][PASSED] - selenium.type("name=amount", 00".toString()): null

2023-12-16 21:22:49 - [TEST_STEP][PASSED] - selenium.type("name=client_account_number", "CAN12345"): null

2023-12-16 21:22:49 - [TEST_STEP][PASSED] - selenium.type("name=action_type", "PayNow"): null

2023-12-16 21:22:49 - [TEST_STEP][PASSED] - selenium.type("name=language", "en_US"): null

2023-12-16 21:22:49 - [TEST_STEP][PASSED] - selenium.type("name=billing_firstname", "Mandy"): null

2023-12-16 21:22:49 - [TEST_STEP][PASSED] - selenium.type("name=billing_lastname", "Iguera"): null

2023-12-16 21:22:49 - [TEST_STEP][PASSED] - selenium.type("name=billing_address", "56 World Center Drive".toString()): null

2023-12-16 21:22:49 - [TEST_STEP][PASSED] - selenium.type("name=billing_address2", "Suite 600".toString()): null

2023-12-16 21:22:49 - [TEST_STEP][PASSED] - selenium.type("name=billing_country_id", "840"): null

2023-12-16 21:22:49 - [TEST_STEP][PASSED] - selenium.type("name=billing_city", "Orlando"): null

2023-12-16 21:22:49 - [TEST_STEP][PASSED] - selenium.type("name=billing_state", "NH"): null

2023-12-16 21:22:49 - [TEST_STEP][PASSED] - selenium.type("name=billing_zip", "03106"): null

2023-12-16 21:22:49 - [TEST_STEP][PASSED] - selenium.type("name=order_number", "PPPPOOOO"): null

2023-12-16 21:22:49 - [TEST_STEP][PASSED] - selenium.type("name=user_defined1", "udf1"): null

2023-12-16 21:22:49 - [TEST_STEP][PASSED] - selenium.type("name=user_defined2", "udf2"): null

2023-12-16 21:22:49 - [TEST_STEP][PASSED] - selenium.type("name=user_defined3", "udf3"): null

2023-12-16 21:22:49 - [TEST_STEP][PASSED] - selenium.type("name=user_defined4", "Orange Label".toString()): null

2023-12-16 21:22:50 - [TEST_STEP][PASSED] - selenium.type("name=user_defined5", "Soccer Label".toString()): null

2023-12-16 21:22:50 - [TEST_STEP][PASSED] - selenium.click("name=submit"): null

2023-12-16 21:22:50 - [TEST_STEP][PASSED] - selenium.waitForPageToLoad("30000"): null

2023-12-16 21:22:50 - [TEST_STEP][PASSED] - testHarnessURL = urlTestHarness: null

2023-12-16 21:22:50 - [TEST_STEP][PASSED] - selenium.open(testHarnessURL): null

2023-12-16 21:22:51 - [TEST_STEP][PASSED] - Thread.sleep(2000): null

2023-12-16 21:22:53 - [TEST_STEP][PASSED] - selenium.type("name=application_id", "652"): null

2023-12-16 21:22:53 - [TEST_STEP][PASSED] - selenium.type("name=message_version", 3".toString()): null

2023-12-16 21:22:53 - [TEST_STEP][PASSED] - genRemIDVoid = RandomStringUtils.random(12, true, true): null

2023-12-16 21:22:53 - [TEST_STEP][PASSED] - selenium.type("name=remittance_id", genRemIDVoid): null

2023-12-16 21:22:53 - [TEST_STEP][PASSED] - selenium.click("css=input.formSubmit"): null

2023-12-16 21:22:54 - [TEST_STEP][PASSED] - selenium.waitForPageToLoad("30000"): null

2023-12-16 21:22:54 - [TEST_STEP][PASSED] - selenium.selectWindow("null"): null

2023-12-16 21:22:54 - [TEST_STEP][PASSED] - selenium.click("name=paymentMethod"): null

2023-12-16 21:22:54 - [TEST_STEP][PASSED] - selenium.click("css=input[type="submit"]"): null

2023-12-16 21:22:55 - [TEST_STEP][PASSED] - selenium.waitForPageToLoad("30000"): null

2023-12-16 21:22:56 - [TEST_STEP][PASSED] - selenium.type("name=amount", 00".toString()): null

2023-12-16 21:22:56 - [TEST_STEP][PASSED] - selenium.type("id=cardNumber", "4111111111111111"): null

2023-12-16 21:22:56 - [TEST_STEP][PASSED] - selenium.select("name=cardExpMonth", "label=04"): null

2023-12-16 21:22:56 - [TEST_STEP][PASSED] - selenium.select("name=cardExpYear", "label=2028"): null

2023-12-16 21:22:56 - [TEST_STEP][PASSED] - selenium.type("name=emailAddress", com".toString()): null

2023-12-16 21:22:56 - [TEST_STEP][PASSED] - selenium.click("id=checkedAcceptCondition"): null

2023-12-16 21:22:56 - [TEST_STEP][PASSED] - selenium.click("name=ccSubmit"): null

2023-12-16 21:22:57 - [TEST_STEP][PASSED] - selenium.waitForPageToLoad("30000"): null

2023-12-16 21:22:57 - [TEST_STEP][PASSED] - verifyTextPresent("$2.00", false): Text '$2.00' is present on page 

2023-12-16 21:22:58 - [MESSAGE][PASSED] - Text '$2.00' is present on page 

2023-12-16 21:22:58 - [TEST_STEP][PASSED] - selenium.click("name=confirmNotifyAction"): null

2023-12-16 21:22:58 - [TEST_STEP][PASSED] - selenium.waitForPageToLoad("30000"): null

2023-12-16 21:22:59 - [TEST_STEP][PASSED] - Thread.sleep(8000): null

2023-12-16 21:23:07 - [TEST_STEP][PASSED] - verifyTextPresent("$2.00", false): Text '$2.00' is present on page 

2023-12-16 21:23:07 - [MESSAGE][PASSED] - Text '$2.00' is present on page 

2023-12-16 21:23:07 - [TEST_STEP][PASSED] - println("End Test: NoOverPayButUnderPayCC"): null]]></system-out>
         <system-err><![CDATA[]]></system-err>
      </testcase>
      <testcase name="Test Cases/IntegratedWeb/IWP23-SelIDE/NoOverPayButUnderPayPC" time="25.083" classname="Test Cases/IntegratedWeb/IWP23-SelIDE/NoOverPayButUnderPayPC" status="PASSED">
         <system-out><![CDATA[2023-12-16 21:23:07 - [TEST_CASE][PASSED] - Test Cases/IntegratedWeb/IWP23-SelIDE/NoOverPayButUnderPayPC: Test Cases/IntegratedWeb/IWP23-SelIDE/NoOverPayButUnderPayPC

2023-12-16 21:23:08 - [TEST_STEP][PASSED] - softAssertion = new org.testng.asserts.SoftAssert(): null

2023-12-16 21:23:08 - [TEST_STEP][PASSED] - openBrowser("https://www.google.com/"): Browser is opened with url: 'https://www.google.com/'

2023-12-16 21:23:08 - [MESSAGE][WARNING] - A browser is already opened. Closing browser and opening a new one

2023-12-16 21:23:08 - [MESSAGE][INFO] - Starting 'Chrome' driver

2023-12-16 21:23:08 - [MESSAGE][INFO] - User set preference: ['acceptInsecureCerts', 'true']

2023-12-16 21:23:08 - [MESSAGE][INFO] - Action delay is set to 0 milliseconds

2023-12-16 21:23:11 - [MESSAGE][PASSED] - Browser is opened with url: 'https://www.google.com/'

2023-12-16 21:23:11 - [TEST_STEP][PASSED] - driver = getWebDriver(): null

2023-12-16 21:23:11 - [TEST_STEP][PASSED] - baseUrl = "https://www.google.com/": null

2023-12-16 21:23:11 - [TEST_STEP][PASSED] - selenium = new com.thoughtworks.selenium.webdriven.WebDriverBackedSelenium(driver, baseUrl): null

2023-12-16 21:23:11 - [TEST_STEP][PASSED] - println("Begin Test: NoOverPayButUnderPayPC"): null

2023-12-16 21:23:11 - [TEST_STEP][PASSED] - emulatorURL = urlEmulator: null

2023-12-16 21:23:11 - [TEST_STEP][PASSED] - selenium.open(emulatorURL): null

2023-12-16 21:23:12 - [TEST_STEP][PASSED] - selenium.selectWindow("null"): null

2023-12-16 21:23:12 - [TEST_STEP][PASSED] - selenium.select("name=message_version", "label=2.3"): null

2023-12-16 21:23:12 - [TEST_STEP][PASSED] - selenium.waitForPageToLoad("30000"): null

2023-12-16 21:23:13 - [TEST_STEP][PASSED] - selenium.type("name=amount", 00".toString()): null

2023-12-16 21:23:13 - [TEST_STEP][PASSED] - selenium.type("name=client_account_number", "CAN12345"): null

2023-12-16 21:23:13 - [TEST_STEP][PASSED] - selenium.type("name=action_type", "PayNow"): null

2023-12-16 21:23:13 - [TEST_STEP][PASSED] - selenium.type("name=language", "en_US"): null

2023-12-16 21:23:13 - [TEST_STEP][PASSED] - selenium.type("name=billing_firstname", "Mandy"): null

2023-12-16 21:23:13 - [TEST_STEP][PASSED] - selenium.type("name=billing_lastname", "Iguera"): null

2023-12-16 21:23:13 - [TEST_STEP][PASSED] - selenium.type("name=billing_address", "56 World Center Drive".toString()): null

2023-12-16 21:23:13 - [TEST_STEP][PASSED] - selenium.type("name=billing_address2", "Suite 600".toString()): null

2023-12-16 21:23:13 - [TEST_STEP][PASSED] - selenium.type("name=billing_country_id", "840"): null

2023-12-16 21:23:13 - [TEST_STEP][PASSED] - selenium.type("name=billing_city", "Orlando"): null

2023-12-16 21:23:13 - [TEST_STEP][PASSED] - selenium.type("name=billing_state", "NH"): null

2023-12-16 21:23:13 - [TEST_STEP][PASSED] - selenium.type("name=billing_zip", "03106"): null

2023-12-16 21:23:13 - [TEST_STEP][PASSED] - selenium.type("name=order_number", "PPPPOOOO"): null

2023-12-16 21:23:13 - [TEST_STEP][PASSED] - selenium.type("name=user_defined1", "udf1"): null

2023-12-16 21:23:13 - [TEST_STEP][PASSED] - selenium.type("name=user_defined2", "udf2"): null

2023-12-16 21:23:13 - [TEST_STEP][PASSED] - selenium.type("name=user_defined3", "udf3"): null

2023-12-16 21:23:13 - [TEST_STEP][PASSED] - selenium.type("name=user_defined4", "Orange Label".toString()): null

2023-12-16 21:23:13 - [TEST_STEP][PASSED] - selenium.type("name=user_defined5", "Soccer Label".toString()): null

2023-12-16 21:23:14 - [TEST_STEP][PASSED] - selenium.click("name=submit"): null

2023-12-16 21:23:14 - [TEST_STEP][PASSED] - selenium.waitForPageToLoad("30000"): null

2023-12-16 21:23:14 - [TEST_STEP][PASSED] - Thread.sleep(2000): null

2023-12-16 21:23:16 - [TEST_STEP][PASSED] - testHarnessURL = urlTestHarness: null

2023-12-16 21:23:16 - [TEST_STEP][PASSED] - selenium.open(testHarnessURL): null

2023-12-16 21:23:17 - [TEST_STEP][PASSED] - selenium.type("name=application_id", "652"): null

2023-12-16 21:23:17 - [TEST_STEP][PASSED] - selenium.type("name=message_version", 3".toString()): null

2023-12-16 21:23:17 - [TEST_STEP][PASSED] - genRemIDVoid = RandomStringUtils.random(12, true, true): null

2023-12-16 21:23:17 - [TEST_STEP][PASSED] - selenium.type("name=remittance_id", genRemIDVoid): null

2023-12-16 21:23:17 - [TEST_STEP][PASSED] - selenium.click("css=input.formSubmit"): null

2023-12-16 21:23:18 - [TEST_STEP][PASSED] - selenium.waitForPageToLoad("30000"): null

2023-12-16 21:23:18 - [TEST_STEP][PASSED] - selenium.click("xpath=(//input[@name='paymentMethod'])[2]"): null

2023-12-16 21:23:19 - [TEST_STEP][PASSED] - selenium.click("css=input[type="submit"]"): null

2023-12-16 21:23:19 - [TEST_STEP][PASSED] - selenium.waitForPageToLoad("30000"): null

2023-12-16 21:23:20 - [TEST_STEP][PASSED] - selenium.type("name=amount", 00".toString()): null

2023-12-16 21:23:20 - [TEST_STEP][PASSED] - selenium.type("name=userDefined1", "udf1 data".toString()): null

2023-12-16 21:23:20 - [TEST_STEP][PASSED] - selenium.type("name=userDefined2", "udf2 data".toString()): null

2023-12-16 21:23:20 - [TEST_STEP][PASSED] - selenium.type("name=billingFirstname", "Mike"): null

2023-12-16 21:23:20 - [TEST_STEP][PASSED] - selenium.type("name=billingLastname", "Chingiti"): null

2023-12-16 21:23:20 - [TEST_STEP][PASSED] - selenium.type("id=routingNumber", "256072691"): null

2023-12-16 21:23:20 - [TEST_STEP][PASSED] - selenium.type("id=accountNumber", "11111111"): null

2023-12-16 21:23:20 - [TEST_STEP][PASSED] - selenium.type("id=confirmAccountNumber", "11111111"): null

2023-12-16 21:23:20 - [TEST_STEP][PASSED] - selenium.click("name=accountType"): null

2023-12-16 21:23:20 - [TEST_STEP][PASSED] - selenium.type("name=billingAddress", "104 main road".toString()): null

2023-12-16 21:23:20 - [TEST_STEP][PASSED] - selenium.type("name=billingAddress2", ""): null

2023-12-16 21:23:20 - [TEST_STEP][PASSED] - selenium.type("id=billing-zip-input", "22201"): null

2023-12-16 21:23:21 - [TEST_STEP][PASSED] - selenium.click("id=checkedAcceptCondition"): null

2023-12-16 21:23:21 - [TEST_STEP][PASSED] - selenium.click("name=achSubmit"): null

2023-12-16 21:23:21 - [TEST_STEP][PASSED] - selenium.waitForPageToLoad("30000"): null

2023-12-16 21:23:22 - [TEST_STEP][PASSED] - verifyTextPresent("Please verify the following information:", true): Text 'Please verify the following information:' is present on page  using regular expression

2023-12-16 21:23:22 - [MESSAGE][PASSED] - Text 'Please verify the following information:' is present on page  using regular expression

2023-12-16 21:23:22 - [TEST_STEP][PASSED] - verifyTextPresent("Is this information correct", true): Text 'Is this information correct' is present on page  using regular expression

2023-12-16 21:23:22 - [MESSAGE][PASSED] - Text 'Is this information correct' is present on page  using regular expression

2023-12-16 21:23:22 - [TEST_STEP][PASSED] - verifyTextPresent("$2.00", false): Text '$2.00' is present on page 

2023-12-16 21:23:23 - [MESSAGE][PASSED] - Text '$2.00' is present on page 

2023-12-16 21:23:23 - [TEST_STEP][PASSED] - selenium.click("name=confirmNotifyAction"): null

2023-12-16 21:23:23 - [TEST_STEP][PASSED] - selenium.waitForPageToLoad("30000"): null

2023-12-16 21:23:23 - [TEST_STEP][PASSED] - Thread.sleep(8000): null

2023-12-16 21:23:31 - [TEST_STEP][PASSED] - verifyTextPresent("Successful Payment Receipt", true): Text 'Successful Payment Receipt' is present on page  using regular expression

2023-12-16 21:23:32 - [MESSAGE][PASSED] - Text 'Successful Payment Receipt' is present on page  using regular expression

2023-12-16 21:23:32 - [TEST_STEP][PASSED] - verifyTextPresent("$2.00", false): Text '$2.00' is present on page 

2023-12-16 21:23:32 - [MESSAGE][PASSED] - Text '$2.00' is present on page 

2023-12-16 21:23:32 - [TEST_STEP][PASSED] - println("End Test: NoOverPayButUnderPayPC"): null]]></system-out>
         <system-err><![CDATA[]]></system-err>
      </testcase>
      <testcase name="Test Cases/IntegratedWeb/IWP23-SelIDE/NoOverPayCC" time="16.064" classname="Test Cases/IntegratedWeb/IWP23-SelIDE/NoOverPayCC" status="PASSED">
         <system-out><![CDATA[2023-12-16 21:23:32 - [TEST_CASE][PASSED] - Test Cases/IntegratedWeb/IWP23-SelIDE/NoOverPayCC: Test Cases/IntegratedWeb/IWP23-SelIDE/NoOverPayCC

2023-12-16 21:23:33 - [TEST_STEP][PASSED] - softAssertion = new org.testng.asserts.SoftAssert(): null

2023-12-16 21:23:33 - [TEST_STEP][PASSED] - openBrowser("https://www.google.com/"): Browser is opened with url: 'https://www.google.com/'

2023-12-16 21:23:33 - [MESSAGE][WARNING] - A browser is already opened. Closing browser and opening a new one

2023-12-16 21:23:34 - [MESSAGE][INFO] - Starting 'Chrome' driver

2023-12-16 21:23:34 - [MESSAGE][INFO] - User set preference: ['acceptInsecureCerts', 'true']

2023-12-16 21:23:34 - [MESSAGE][INFO] - Action delay is set to 0 milliseconds

2023-12-16 21:23:36 - [MESSAGE][PASSED] - Browser is opened with url: 'https://www.google.com/'

2023-12-16 21:23:36 - [TEST_STEP][PASSED] - driver = getWebDriver(): null

2023-12-16 21:23:36 - [TEST_STEP][PASSED] - baseUrl = "https://www.google.com/": null

2023-12-16 21:23:36 - [TEST_STEP][PASSED] - selenium = new com.thoughtworks.selenium.webdriven.WebDriverBackedSelenium(driver, baseUrl): null

2023-12-16 21:23:36 - [TEST_STEP][PASSED] - println("Begin Test: NoOverPayCC"): null

2023-12-16 21:23:36 - [TEST_STEP][PASSED] - emulatorURL = urlEmulator: null

2023-12-16 21:23:36 - [TEST_STEP][PASSED] - selenium.open(emulatorURL): null

2023-12-16 21:23:37 - [TEST_STEP][PASSED] - selenium.selectWindow("null"): null

2023-12-16 21:23:37 - [TEST_STEP][PASSED] - selenium.select("name=message_version", "label=2.3"): null

2023-12-16 21:23:37 - [TEST_STEP][PASSED] - selenium.waitForPageToLoad("30000"): null

2023-12-16 21:23:38 - [TEST_STEP][PASSED] - selenium.type("name=amount", 00".toString()): null

2023-12-16 21:23:38 - [TEST_STEP][PASSED] - selenium.type("name=client_account_number", "CAN12345"): null

2023-12-16 21:23:38 - [TEST_STEP][PASSED] - selenium.type("name=action_type", "PayNow"): null

2023-12-16 21:23:38 - [TEST_STEP][PASSED] - selenium.type("name=language", "en_US"): null

2023-12-16 21:23:38 - [TEST_STEP][PASSED] - selenium.type("name=billing_firstname", "Mandy"): null

2023-12-16 21:23:38 - [TEST_STEP][PASSED] - selenium.type("name=billing_lastname", "Iguera"): null

2023-12-16 21:23:38 - [TEST_STEP][PASSED] - selenium.type("name=billing_address", "56 World Center Drive".toString()): null

2023-12-16 21:23:38 - [TEST_STEP][PASSED] - selenium.type("name=billing_address2", "Suite 600".toString()): null

2023-12-16 21:23:38 - [TEST_STEP][PASSED] - selenium.type("name=billing_country_id", "840"): null

2023-12-16 21:23:38 - [TEST_STEP][PASSED] - selenium.type("name=billing_city", "Orlando"): null

2023-12-16 21:23:38 - [TEST_STEP][PASSED] - selenium.type("name=billing_state", "NH"): null

2023-12-16 21:23:38 - [TEST_STEP][PASSED] - selenium.type("name=billing_zip", "03106"): null

2023-12-16 21:23:38 - [TEST_STEP][PASSED] - selenium.type("name=order_number", "PPPPOOOO"): null

2023-12-16 21:23:38 - [TEST_STEP][PASSED] - selenium.type("name=user_defined1", "udf1"): null

2023-12-16 21:23:38 - [TEST_STEP][PASSED] - selenium.type("name=user_defined2", "udf2"): null

2023-12-16 21:23:38 - [TEST_STEP][PASSED] - selenium.type("name=user_defined3", "udf3"): null

2023-12-16 21:23:39 - [TEST_STEP][PASSED] - selenium.type("name=user_defined4", "Orange Label".toString()): null

2023-12-16 21:23:39 - [TEST_STEP][PASSED] - selenium.type("name=user_defined5", "Soccer Label".toString()): null

2023-12-16 21:23:39 - [TEST_STEP][PASSED] - selenium.click("name=submit"): null

2023-12-16 21:23:39 - [TEST_STEP][PASSED] - selenium.waitForPageToLoad("30000"): null

2023-12-16 21:23:39 - [TEST_STEP][PASSED] - testHarnessURL = urlTestHarness: null

2023-12-16 21:23:39 - [TEST_STEP][PASSED] - selenium.open(testHarnessURL): null

2023-12-16 21:23:40 - [TEST_STEP][PASSED] - Thread.sleep(2000): null

2023-12-16 21:23:42 - [TEST_STEP][PASSED] - selenium.type("name=application_id", "652"): null

2023-12-16 21:23:42 - [TEST_STEP][PASSED] - selenium.type("name=message_version", 3".toString()): null

2023-12-16 21:23:42 - [TEST_STEP][PASSED] - genRemIDVoid = RandomStringUtils.random(12, true, true): null

2023-12-16 21:23:42 - [TEST_STEP][PASSED] - selenium.type("name=remittance_id", genRemIDVoid): null

2023-12-16 21:23:42 - [TEST_STEP][PASSED] - selenium.click("css=input.formSubmit"): null

2023-12-16 21:23:44 - [TEST_STEP][PASSED] - selenium.waitForPageToLoad("30000"): null

2023-12-16 21:23:44 - [TEST_STEP][PASSED] - selenium.selectWindow("null"): null

2023-12-16 21:23:44 - [TEST_STEP][PASSED] - selenium.click("name=paymentMethod"): null

2023-12-16 21:23:44 - [TEST_STEP][PASSED] - selenium.click("css=input[type="submit"]"): null

2023-12-16 21:23:45 - [TEST_STEP][PASSED] - selenium.waitForPageToLoad("30000"): null

2023-12-16 21:23:46 - [TEST_STEP][PASSED] - selenium.type("name=amount", 00".toString()): null

2023-12-16 21:23:46 - [TEST_STEP][PASSED] - selenium.type("id=cardNumber", "4111111111111111"): null

2023-12-16 21:23:46 - [TEST_STEP][PASSED] - selenium.select("name=cardExpMonth", "label=04"): null

2023-12-16 21:23:46 - [TEST_STEP][PASSED] - selenium.select("name=cardExpYear", "label=2028"): null

2023-12-16 21:23:46 - [TEST_STEP][PASSED] - selenium.type("name=emailAddress", com".toString()): null

2023-12-16 21:23:46 - [TEST_STEP][PASSED] - selenium.click("id=checkedAcceptCondition"): null

2023-12-16 21:23:46 - [TEST_STEP][PASSED] - selenium.click("name=ccSubmit"): null

2023-12-16 21:23:47 - [TEST_STEP][PASSED] - selenium.waitForPageToLoad("30000"): null

2023-12-16 21:23:47 - [TEST_STEP][PASSED] - verifyTextPresent("Payment amounts more than", true): Text 'Payment amounts more than' is present on page  using regular expression

2023-12-16 21:23:48 - [MESSAGE][PASSED] - Text 'Payment amounts more than' is present on page  using regular expression

2023-12-16 21:23:48 - [TEST_STEP][PASSED] - verifyTextPresent("are not accepted", true): Text 'are not accepted' is present on page  using regular expression

2023-12-16 21:23:48 - [MESSAGE][PASSED] - Text 'are not accepted' is present on page  using regular expression

2023-12-16 21:23:48 - [TEST_STEP][PASSED] - println("End Test: NoOverPayCC"): null]]></system-out>
         <system-err><![CDATA[]]></system-err>
      </testcase>
      <testcase name="Test Cases/IntegratedWeb/IWP23-SelIDE/NoOverPayPC" time="16.333" classname="Test Cases/IntegratedWeb/IWP23-SelIDE/NoOverPayPC" status="PASSED">
         <system-out><![CDATA[2023-12-16 21:23:48 - [TEST_CASE][PASSED] - Test Cases/IntegratedWeb/IWP23-SelIDE/NoOverPayPC: Test Cases/IntegratedWeb/IWP23-SelIDE/NoOverPayPC

2023-12-16 21:23:49 - [TEST_STEP][PASSED] - softAssertion = new org.testng.asserts.SoftAssert(): null

2023-12-16 21:23:49 - [TEST_STEP][PASSED] - openBrowser("https://www.google.com/"): Browser is opened with url: 'https://www.google.com/'

2023-12-16 21:23:49 - [MESSAGE][WARNING] - A browser is already opened. Closing browser and opening a new one

2023-12-16 21:23:50 - [MESSAGE][INFO] - Starting 'Chrome' driver

2023-12-16 21:23:50 - [MESSAGE][INFO] - User set preference: ['acceptInsecureCerts', 'true']

2023-12-16 21:23:50 - [MESSAGE][INFO] - Action delay is set to 0 milliseconds

2023-12-16 21:23:53 - [MESSAGE][PASSED] - Browser is opened with url: 'https://www.google.com/'

2023-12-16 21:23:53 - [TEST_STEP][PASSED] - driver = getWebDriver(): null

2023-12-16 21:23:53 - [TEST_STEP][PASSED] - baseUrl = "https://www.google.com/": null

2023-12-16 21:23:53 - [TEST_STEP][PASSED] - selenium = new com.thoughtworks.selenium.webdriven.WebDriverBackedSelenium(driver, baseUrl): null

2023-12-16 21:23:53 - [TEST_STEP][PASSED] - println("Begin Test: NoOverPayPC"): null

2023-12-16 21:23:53 - [TEST_STEP][PASSED] - emulatorURL = urlEmulator: null

2023-12-16 21:23:53 - [TEST_STEP][PASSED] - selenium.open(emulatorURL): null

2023-12-16 21:23:53 - [TEST_STEP][PASSED] - selenium.selectWindow("null"): null

2023-12-16 21:23:53 - [TEST_STEP][PASSED] - selenium.select("name=message_version", "label=2.3"): null

2023-12-16 21:23:53 - [TEST_STEP][PASSED] - selenium.waitForPageToLoad("30000"): null

2023-12-16 21:23:54 - [TEST_STEP][PASSED] - selenium.type("name=amount", 00".toString()): null

2023-12-16 21:23:54 - [TEST_STEP][PASSED] - selenium.type("name=client_account_number", "CAN12345"): null

2023-12-16 21:23:54 - [TEST_STEP][PASSED] - selenium.type("name=action_type", "PayNow"): null

2023-12-16 21:23:54 - [TEST_STEP][PASSED] - selenium.type("name=language", "en_US"): null

2023-12-16 21:23:54 - [TEST_STEP][PASSED] - selenium.type("name=billing_firstname", "Mandy"): null

2023-12-16 21:23:54 - [TEST_STEP][PASSED] - selenium.type("name=billing_lastname", "Iguera"): null

2023-12-16 21:23:54 - [TEST_STEP][PASSED] - selenium.type("name=billing_address", "56 World Center Drive".toString()): null

2023-12-16 21:23:54 - [TEST_STEP][PASSED] - selenium.type("name=billing_address2", "Suite 600".toString()): null

2023-12-16 21:23:54 - [TEST_STEP][PASSED] - selenium.type("name=billing_country_id", "840"): null

2023-12-16 21:23:55 - [TEST_STEP][PASSED] - selenium.type("name=billing_city", "Orlando"): null

2023-12-16 21:23:55 - [TEST_STEP][PASSED] - selenium.type("name=billing_state", "NH"): null

2023-12-16 21:23:55 - [TEST_STEP][PASSED] - selenium.type("name=billing_zip", "03106"): null

2023-12-16 21:23:55 - [TEST_STEP][PASSED] - selenium.type("name=order_number", "PPPPOOOO"): null

2023-12-16 21:23:55 - [TEST_STEP][PASSED] - selenium.type("name=user_defined1", "udf1"): null

2023-12-16 21:23:55 - [TEST_STEP][PASSED] - selenium.type("name=user_defined2", "udf2"): null

2023-12-16 21:23:55 - [TEST_STEP][PASSED] - selenium.type("name=user_defined3", "udf3"): null

2023-12-16 21:23:55 - [TEST_STEP][PASSED] - selenium.type("name=user_defined4", "Orange Label".toString()): null

2023-12-16 21:23:55 - [TEST_STEP][PASSED] - selenium.type("name=user_defined5", "Soccer Label".toString()): null

2023-12-16 21:23:55 - [TEST_STEP][PASSED] - selenium.click("name=submit"): null

2023-12-16 21:23:55 - [TEST_STEP][PASSED] - selenium.waitForPageToLoad("30000"): null

2023-12-16 21:23:56 - [TEST_STEP][PASSED] - Thread.sleep(2000): null

2023-12-16 21:23:58 - [TEST_STEP][PASSED] - testHarnessURL = urlTestHarness: null

2023-12-16 21:23:58 - [TEST_STEP][PASSED] - selenium.open(testHarnessURL): null

2023-12-16 21:23:58 - [TEST_STEP][PASSED] - selenium.type("name=application_id", "652"): null

2023-12-16 21:23:58 - [TEST_STEP][PASSED] - selenium.type("name=message_version", 3".toString()): null

2023-12-16 21:23:58 - [TEST_STEP][PASSED] - remID = selenium.getEval("  " + "Date.now"): null

2023-12-16 21:23:58 - [TEST_STEP][PASSED] - selenium.type("name=remittance_id", remID.toString()): null

2023-12-16 21:23:58 - [TEST_STEP][PASSED] - genRemIDVoid = RandomStringUtils.random(12, true, true): null

2023-12-16 21:23:58 - [TEST_STEP][PASSED] - selenium.type("name=remittance_id", genRemIDVoid): null

2023-12-16 21:23:58 - [TEST_STEP][PASSED] - selenium.click("css=input.formSubmit"): null

2023-12-16 21:23:59 - [TEST_STEP][PASSED] - selenium.waitForPageToLoad("30000"): null

2023-12-16 21:24:00 - [TEST_STEP][PASSED] - selenium.click("xpath=(//input[@name='paymentMethod'])[2]"): null

2023-12-16 21:24:00 - [TEST_STEP][PASSED] - selenium.click("css=input[type="submit"]"): null

2023-12-16 21:24:01 - [TEST_STEP][PASSED] - selenium.waitForPageToLoad("30000"): null

2023-12-16 21:24:02 - [TEST_STEP][PASSED] - selenium.type("name=amount", 00".toString()): null

2023-12-16 21:24:02 - [TEST_STEP][PASSED] - selenium.type("name=userDefined1", "udf1 data".toString()): null

2023-12-16 21:24:02 - [TEST_STEP][PASSED] - selenium.type("name=userDefined2", "udf2 data".toString()): null

2023-12-16 21:24:02 - [TEST_STEP][PASSED] - selenium.type("name=billingFirstname", "Mike"): null

2023-12-16 21:24:02 - [TEST_STEP][PASSED] - selenium.type("name=billingLastname", "Chingiti"): null

2023-12-16 21:24:02 - [TEST_STEP][PASSED] - selenium.type("id=routingNumber", "256072691"): null

2023-12-16 21:24:02 - [TEST_STEP][PASSED] - selenium.type("id=accountNumber", "11111111"): null

2023-12-16 21:24:02 - [TEST_STEP][PASSED] - selenium.type("id=confirmAccountNumber", "11111111"): null

2023-12-16 21:24:02 - [TEST_STEP][PASSED] - selenium.click("name=accountType"): null

2023-12-16 21:24:02 - [TEST_STEP][PASSED] - selenium.type("name=billingAddress", "104 main road".toString()): null

2023-12-16 21:24:02 - [TEST_STEP][PASSED] - selenium.type("name=billingAddress2", ""): null

2023-12-16 21:24:02 - [TEST_STEP][PASSED] - selenium.type("id=billing-zip-input", "22201"): null

2023-12-16 21:24:02 - [TEST_STEP][PASSED] - selenium.click("id=checkedAcceptCondition"): null

2023-12-16 21:24:03 - [TEST_STEP][PASSED] - selenium.click("name=achSubmit"): null

2023-12-16 21:24:03 - [TEST_STEP][PASSED] - selenium.waitForPageToLoad("30000"): null

2023-12-16 21:24:04 - [TEST_STEP][PASSED] - verifyTextPresent("Payment amounts more than", true): Text 'Payment amounts more than' is present on page  using regular expression

2023-12-16 21:24:04 - [MESSAGE][PASSED] - Text 'Payment amounts more than' is present on page  using regular expression

2023-12-16 21:24:04 - [TEST_STEP][PASSED] - verifyTextPresent("are not accepted", true): Text 'are not accepted' is present on page  using regular expression

2023-12-16 21:24:04 - [MESSAGE][PASSED] - Text 'are not accepted' is present on page  using regular expression

2023-12-16 21:24:04 - [TEST_STEP][PASSED] - println("End Test: NoOverPayPC"): null]]></system-out>
         <system-err><![CDATA[]]></system-err>
      </testcase>
      <testcase name="Test Cases/IntegratedWeb/IWP23-SelIDE/NoUnderPayButOverPay" time="24.447" classname="Test Cases/IntegratedWeb/IWP23-SelIDE/NoUnderPayButOverPay" status="PASSED">
         <system-out><![CDATA[2023-12-16 21:24:05 - [TEST_CASE][PASSED] - Test Cases/IntegratedWeb/IWP23-SelIDE/NoUnderPayButOverPay: Test Cases/IntegratedWeb/IWP23-SelIDE/NoUnderPayButOverPay

2023-12-16 21:24:05 - [TEST_STEP][PASSED] - softAssertion = new org.testng.asserts.SoftAssert(): null

2023-12-16 21:24:05 - [TEST_STEP][PASSED] - openBrowser("https://www.google.com/"): Browser is opened with url: 'https://www.google.com/'

2023-12-16 21:24:05 - [MESSAGE][WARNING] - A browser is already opened. Closing browser and opening a new one

2023-12-16 21:24:06 - [MESSAGE][INFO] - Starting 'Chrome' driver

2023-12-16 21:24:06 - [MESSAGE][INFO] - User set preference: ['acceptInsecureCerts', 'true']

2023-12-16 21:24:06 - [MESSAGE][INFO] - Action delay is set to 0 milliseconds

2023-12-16 21:24:09 - [MESSAGE][PASSED] - Browser is opened with url: 'https://www.google.com/'

2023-12-16 21:24:09 - [TEST_STEP][PASSED] - driver = getWebDriver(): null

2023-12-16 21:24:09 - [TEST_STEP][PASSED] - baseUrl = "https://www.google.com/": null

2023-12-16 21:24:09 - [TEST_STEP][PASSED] - selenium = new com.thoughtworks.selenium.webdriven.WebDriverBackedSelenium(driver, baseUrl): null

2023-12-16 21:24:09 - [TEST_STEP][PASSED] - println("Begin Test: NoUnderPayButOverPay"): null

2023-12-16 21:24:09 - [TEST_STEP][PASSED] - emulatorURL = urlEmulator: null

2023-12-16 21:24:09 - [TEST_STEP][PASSED] - selenium.open(emulatorURL): null

2023-12-16 21:24:09 - [TEST_STEP][PASSED] - selenium.selectWindow("null"): null

2023-12-16 21:24:09 - [TEST_STEP][PASSED] - selenium.select("name=message_version", "label=2.3"): null

2023-12-16 21:24:10 - [TEST_STEP][PASSED] - selenium.waitForPageToLoad("30000"): null

2023-12-16 21:24:10 - [TEST_STEP][PASSED] - selenium.type("name=amount", 00".toString()): null

2023-12-16 21:24:10 - [TEST_STEP][PASSED] - selenium.type("name=client_account_number", "CAN12345"): null

2023-12-16 21:24:10 - [TEST_STEP][PASSED] - selenium.type("name=action_type", "PayNow"): null

2023-12-16 21:24:10 - [TEST_STEP][PASSED] - selenium.type("name=language", "en_US"): null

2023-12-16 21:24:10 - [TEST_STEP][PASSED] - selenium.type("name=billing_firstname", "Mandy"): null

2023-12-16 21:24:10 - [TEST_STEP][PASSED] - selenium.type("name=billing_lastname", "Iguera"): null

2023-12-16 21:24:10 - [TEST_STEP][PASSED] - selenium.type("name=billing_address", "56 World Center Drive".toString()): null

2023-12-16 21:24:11 - [TEST_STEP][PASSED] - selenium.type("name=billing_address2", "Suite 600".toString()): null

2023-12-16 21:24:11 - [TEST_STEP][PASSED] - selenium.type("name=billing_country_id", "840"): null

2023-12-16 21:24:11 - [TEST_STEP][PASSED] - selenium.type("name=billing_city", "Orlando"): null

2023-12-16 21:24:11 - [TEST_STEP][PASSED] - selenium.type("name=billing_state", "NH"): null

2023-12-16 21:24:11 - [TEST_STEP][PASSED] - selenium.type("name=billing_zip", "03106"): null

2023-12-16 21:24:11 - [TEST_STEP][PASSED] - selenium.type("name=order_number", "PPPPOOOO"): null

2023-12-16 21:24:11 - [TEST_STEP][PASSED] - selenium.type("name=user_defined1", "udf1"): null

2023-12-16 21:24:11 - [TEST_STEP][PASSED] - selenium.type("name=user_defined2", "udf2"): null

2023-12-16 21:24:11 - [TEST_STEP][PASSED] - selenium.type("name=user_defined3", "udf3"): null

2023-12-16 21:24:11 - [TEST_STEP][PASSED] - selenium.type("name=user_defined4", "Orange Label".toString()): null

2023-12-16 21:24:11 - [TEST_STEP][PASSED] - selenium.type("name=user_defined5", "Soccer Label".toString()): null

2023-12-16 21:24:11 - [TEST_STEP][PASSED] - selenium.click("name=submit"): null

2023-12-16 21:24:11 - [TEST_STEP][PASSED] - selenium.waitForPageToLoad("30000"): null

2023-12-16 21:24:12 - [TEST_STEP][PASSED] - testHarnessURL = urlTestHarness: null

2023-12-16 21:24:12 - [TEST_STEP][PASSED] - selenium.open(testHarnessURL): null

2023-12-16 21:24:12 - [TEST_STEP][PASSED] - Thread.sleep(2000): null

2023-12-16 21:24:14 - [TEST_STEP][PASSED] - selenium.type("name=application_id", "653"): null

2023-12-16 21:24:14 - [TEST_STEP][PASSED] - selenium.type("name=message_version", 3".toString()): null

2023-12-16 21:24:14 - [TEST_STEP][PASSED] - genRemIDVoid = RandomStringUtils.random(12, true, true): null

2023-12-16 21:24:14 - [TEST_STEP][PASSED] - selenium.type("name=remittance_id", genRemIDVoid): null

2023-12-16 21:24:14 - [TEST_STEP][PASSED] - selenium.click("css=input.formSubmit"): null

2023-12-16 21:24:16 - [TEST_STEP][PASSED] - selenium.waitForPageToLoad("30000"): null

2023-12-16 21:24:16 - [TEST_STEP][PASSED] - selenium.selectWindow("null"): null

2023-12-16 21:24:16 - [TEST_STEP][PASSED] - selenium.click("name=paymentMethod"): null

2023-12-16 21:24:16 - [TEST_STEP][PASSED] - selenium.click("css=input[type="submit"]"): null

2023-12-16 21:24:17 - [TEST_STEP][PASSED] - selenium.waitForPageToLoad("30000"): null

2023-12-16 21:24:18 - [TEST_STEP][PASSED] - selenium.type("name=amount", 00".toString()): null

2023-12-16 21:24:18 - [TEST_STEP][PASSED] - selenium.type("id=cardNumber", "4111111111111111"): null

2023-12-16 21:24:18 - [TEST_STEP][PASSED] - selenium.select("name=cardExpMonth", "label=04"): null

2023-12-16 21:24:18 - [TEST_STEP][PASSED] - selenium.select("name=cardExpYear", "label=2028"): null

2023-12-16 21:24:18 - [TEST_STEP][PASSED] - selenium.type("name=emailAddress", com".toString()): null

2023-12-16 21:24:18 - [TEST_STEP][PASSED] - selenium.click("id=checkedAcceptCondition"): null

2023-12-16 21:24:18 - [TEST_STEP][PASSED] - selenium.click("name=ccSubmit"): null

2023-12-16 21:24:19 - [TEST_STEP][PASSED] - selenium.waitForPageToLoad("30000"): null

2023-12-16 21:24:19 - [TEST_STEP][PASSED] - verifyTextPresent("$695.00", false): Text '$695.00' is present on page 

2023-12-16 21:24:20 - [MESSAGE][PASSED] - Text '$695.00' is present on page 

2023-12-16 21:24:20 - [TEST_STEP][PASSED] - selenium.click("name=confirmNotifyAction"): null

2023-12-16 21:24:20 - [TEST_STEP][PASSED] - selenium.waitForPageToLoad("30000"): null

2023-12-16 21:24:21 - [TEST_STEP][PASSED] - Thread.sleep(8000): null

2023-12-16 21:24:29 - [TEST_STEP][PASSED] - verifyTextPresent("$695.00", false): Text '$695.00' is present on page 

2023-12-16 21:24:29 - [MESSAGE][PASSED] - Text '$695.00' is present on page 

2023-12-16 21:24:29 - [TEST_STEP][PASSED] - println("End Test: NoUnderPayButOverPay"): null]]></system-out>
         <system-err><![CDATA[]]></system-err>
      </testcase>
      <testcase name="Test Cases/IntegratedWeb/IWP23-SelIDE/NoUnderPaybutOverPayPC" time="25.815" classname="Test Cases/IntegratedWeb/IWP23-SelIDE/NoUnderPaybutOverPayPC" status="PASSED">
         <system-out><![CDATA[2023-12-16 21:24:29 - [TEST_CASE][PASSED] - Test Cases/IntegratedWeb/IWP23-SelIDE/NoUnderPaybutOverPayPC: Test Cases/IntegratedWeb/IWP23-SelIDE/NoUnderPaybutOverPayPC

2023-12-16 21:24:30 - [TEST_STEP][PASSED] - softAssertion = new org.testng.asserts.SoftAssert(): null

2023-12-16 21:24:30 - [TEST_STEP][PASSED] - openBrowser("https://www.google.com/"): Browser is opened with url: 'https://www.google.com/'

2023-12-16 21:24:30 - [MESSAGE][WARNING] - A browser is already opened. Closing browser and opening a new one

2023-12-16 21:24:30 - [MESSAGE][INFO] - Starting 'Chrome' driver

2023-12-16 21:24:30 - [MESSAGE][INFO] - User set preference: ['acceptInsecureCerts', 'true']

2023-12-16 21:24:30 - [MESSAGE][INFO] - Action delay is set to 0 milliseconds

2023-12-16 21:24:33 - [MESSAGE][PASSED] - Browser is opened with url: 'https://www.google.com/'

2023-12-16 21:24:33 - [TEST_STEP][PASSED] - driver = getWebDriver(): null

2023-12-16 21:24:33 - [TEST_STEP][PASSED] - baseUrl = "https://www.google.com/": null

2023-12-16 21:24:33 - [TEST_STEP][PASSED] - selenium = new com.thoughtworks.selenium.webdriven.WebDriverBackedSelenium(driver, baseUrl): null

2023-12-16 21:24:33 - [TEST_STEP][PASSED] - println("Begin Test: NoUnderPaybutOverPayPC"): null

2023-12-16 21:24:33 - [TEST_STEP][PASSED] - emulatorURL = urlEmulator: null

2023-12-16 21:24:33 - [TEST_STEP][PASSED] - selenium.open(emulatorURL): null

2023-12-16 21:24:34 - [TEST_STEP][PASSED] - selenium.selectWindow("null"): null

2023-12-16 21:24:34 - [TEST_STEP][PASSED] - selenium.select("name=message_version", "label=2.3"): null

2023-12-16 21:24:34 - [TEST_STEP][PASSED] - selenium.waitForPageToLoad("30000"): null

2023-12-16 21:24:35 - [TEST_STEP][PASSED] - selenium.type("name=amount", 00".toString()): null

2023-12-16 21:24:35 - [TEST_STEP][PASSED] - selenium.type("name=client_account_number", "CAN12345"): null

2023-12-16 21:24:35 - [TEST_STEP][PASSED] - selenium.type("name=action_type", "PayNow"): null

2023-12-16 21:24:35 - [TEST_STEP][PASSED] - selenium.type("name=language", "en_US"): null

2023-12-16 21:24:35 - [TEST_STEP][PASSED] - selenium.type("name=billing_firstname", "Mandy"): null

2023-12-16 21:24:35 - [TEST_STEP][PASSED] - selenium.type("name=billing_lastname", "Iguera"): null

2023-12-16 21:24:35 - [TEST_STEP][PASSED] - selenium.type("name=billing_address", "56 World Center Drive".toString()): null

2023-12-16 21:24:35 - [TEST_STEP][PASSED] - selenium.type("name=billing_address2", "Suite 600".toString()): null

2023-12-16 21:24:35 - [TEST_STEP][PASSED] - selenium.type("name=billing_country_id", "840"): null

2023-12-16 21:24:35 - [TEST_STEP][PASSED] - selenium.type("name=billing_city", "Orlando"): null

2023-12-16 21:24:35 - [TEST_STEP][PASSED] - selenium.type("name=billing_state", "NH"): null

2023-12-16 21:24:35 - [TEST_STEP][PASSED] - selenium.type("name=billing_zip", "03106"): null

2023-12-16 21:24:35 - [TEST_STEP][PASSED] - selenium.type("name=order_number", "PPPPOOOO"): null

2023-12-16 21:24:35 - [TEST_STEP][PASSED] - selenium.type("name=user_defined1", "udf1"): null

2023-12-16 21:24:35 - [TEST_STEP][PASSED] - selenium.type("name=user_defined2", "udf2"): null

2023-12-16 21:24:35 - [TEST_STEP][PASSED] - selenium.type("name=user_defined3", "udf3"): null

2023-12-16 21:24:35 - [TEST_STEP][PASSED] - selenium.type("name=user_defined4", "Orange Label".toString()): null

2023-12-16 21:24:35 - [TEST_STEP][PASSED] - selenium.type("name=user_defined5", "Soccer Label".toString()): null

2023-12-16 21:24:36 - [TEST_STEP][PASSED] - selenium.click("name=submit"): null

2023-12-16 21:24:36 - [TEST_STEP][PASSED] - selenium.waitForPageToLoad("30000"): null

2023-12-16 21:24:36 - [TEST_STEP][PASSED] - Thread.sleep(2000): null

2023-12-16 21:24:38 - [TEST_STEP][PASSED] - testHarnessURL = urlTestHarness: null

2023-12-16 21:24:38 - [TEST_STEP][PASSED] - selenium.open(testHarnessURL): null

2023-12-16 21:24:39 - [TEST_STEP][PASSED] - selenium.type("name=application_id", "653"): null

2023-12-16 21:24:39 - [TEST_STEP][PASSED] - selenium.type("name=message_version", 3".toString()): null

2023-12-16 21:24:39 - [TEST_STEP][PASSED] - genRemIDVoid = RandomStringUtils.random(12, true, true): null

2023-12-16 21:24:39 - [TEST_STEP][PASSED] - selenium.type("name=remittance_id", genRemIDVoid): null

2023-12-16 21:24:39 - [TEST_STEP][PASSED] - selenium.click("css=input.formSubmit"): null

2023-12-16 21:24:40 - [TEST_STEP][PASSED] - selenium.waitForPageToLoad("30000"): null

2023-12-16 21:24:40 - [TEST_STEP][PASSED] - selenium.click("xpath=(//input[@name='paymentMethod'])[2]"): null

2023-12-16 21:24:41 - [TEST_STEP][PASSED] - selenium.click("css=input[type="submit"]"): null

2023-12-16 21:24:42 - [TEST_STEP][PASSED] - selenium.waitForPageToLoad("30000"): null

2023-12-16 21:24:42 - [TEST_STEP][PASSED] - selenium.type("name=amount", 00".toString()): null

2023-12-16 21:24:42 - [TEST_STEP][PASSED] - selenium.type("name=billingFirstname", "Mike"): null

2023-12-16 21:24:42 - [TEST_STEP][PASSED] - selenium.type("name=billingLastname", "Chingiti"): null

2023-12-16 21:24:42 - [TEST_STEP][PASSED] - selenium.type("id=routingNumber", "256072691"): null

2023-12-16 21:24:42 - [TEST_STEP][PASSED] - selenium.type("id=accountNumber", "11111111"): null

2023-12-16 21:24:42 - [TEST_STEP][PASSED] - selenium.type("id=confirmAccountNumber", "11111111"): null

2023-12-16 21:24:43 - [TEST_STEP][PASSED] - selenium.click("name=accountType"): null

2023-12-16 21:24:43 - [TEST_STEP][PASSED] - selenium.type("name=billingAddress", "104 main road".toString()): null

2023-12-16 21:24:43 - [TEST_STEP][PASSED] - selenium.type("name=billingAddress2", ""): null

2023-12-16 21:24:43 - [TEST_STEP][PASSED] - selenium.type("id=billing-zip-input", "22201"): null

2023-12-16 21:24:43 - [TEST_STEP][PASSED] - selenium.click("id=checkedAcceptCondition"): null

2023-12-16 21:24:43 - [TEST_STEP][PASSED] - selenium.click("name=achSubmit"): null

2023-12-16 21:24:43 - [TEST_STEP][PASSED] - selenium.waitForPageToLoad("30000"): null

2023-12-16 21:24:44 - [TEST_STEP][PASSED] - verifyTextPresent("Please verify the following information:", true): Text 'Please verify the following information:' is present on page  using regular expression

2023-12-16 21:24:44 - [MESSAGE][PASSED] - Text 'Please verify the following information:' is present on page  using regular expression

2023-12-16 21:24:44 - [TEST_STEP][PASSED] - verifyTextPresent("Is this information correct", true): Text 'Is this information correct' is present on page  using regular expression

2023-12-16 21:24:44 - [MESSAGE][PASSED] - Text 'Is this information correct' is present on page  using regular expression

2023-12-16 21:24:44 - [TEST_STEP][PASSED] - verifyTextPresent("$695.00", false): Text '$695.00' is present on page 

2023-12-16 21:24:45 - [MESSAGE][PASSED] - Text '$695.00' is present on page 

2023-12-16 21:24:45 - [TEST_STEP][PASSED] - selenium.click("name=confirmNotifyAction"): null

2023-12-16 21:24:46 - [TEST_STEP][PASSED] - selenium.waitForPageToLoad("30000"): null

2023-12-16 21:24:46 - [TEST_STEP][PASSED] - Thread.sleep(8000): null

2023-12-16 21:24:54 - [TEST_STEP][PASSED] - verifyTextPresent("Successful Payment Receipt", true): Text 'Successful Payment Receipt' is present on page  using regular expression

2023-12-16 21:24:55 - [MESSAGE][PASSED] - Text 'Successful Payment Receipt' is present on page  using regular expression

2023-12-16 21:24:55 - [TEST_STEP][PASSED] - verifyTextPresent("$695.00", false): Text '$695.00' is present on page 

2023-12-16 21:24:55 - [MESSAGE][PASSED] - Text '$695.00' is present on page 

2023-12-16 21:24:55 - [TEST_STEP][PASSED] - println("End Test: NoUnderPaybutOverPayPC"): null]]></system-out>
         <system-err><![CDATA[]]></system-err>
      </testcase>
      <testcase name="Test Cases/IntegratedWeb/IWP23-SelIDE/NoUnderPayCC" time="15.504" classname="Test Cases/IntegratedWeb/IWP23-SelIDE/NoUnderPayCC" status="PASSED">
         <system-out><![CDATA[2023-12-16 21:24:55 - [TEST_CASE][PASSED] - Test Cases/IntegratedWeb/IWP23-SelIDE/NoUnderPayCC: Test Cases/IntegratedWeb/IWP23-SelIDE/NoUnderPayCC

2023-12-16 21:24:55 - [TEST_STEP][PASSED] - softAssertion = new org.testng.asserts.SoftAssert(): null

2023-12-16 21:24:55 - [TEST_STEP][PASSED] - openBrowser("https://www.google.com/"): Browser is opened with url: 'https://www.google.com/'

2023-12-16 21:24:55 - [MESSAGE][WARNING] - A browser is already opened. Closing browser and opening a new one

2023-12-16 21:24:56 - [MESSAGE][INFO] - Starting 'Chrome' driver

2023-12-16 21:24:56 - [MESSAGE][INFO] - User set preference: ['acceptInsecureCerts', 'true']

2023-12-16 21:24:56 - [MESSAGE][INFO] - Action delay is set to 0 milliseconds

2023-12-16 21:24:59 - [MESSAGE][PASSED] - Browser is opened with url: 'https://www.google.com/'

2023-12-16 21:24:59 - [TEST_STEP][PASSED] - driver = getWebDriver(): null

2023-12-16 21:24:59 - [TEST_STEP][PASSED] - baseUrl = "https://www.google.com/": null

2023-12-16 21:24:59 - [TEST_STEP][PASSED] - selenium = new com.thoughtworks.selenium.webdriven.WebDriverBackedSelenium(driver, baseUrl): null

2023-12-16 21:24:59 - [TEST_STEP][PASSED] - println("Begin Test: NoUnderPayCC"): null

2023-12-16 21:24:59 - [TEST_STEP][PASSED] - emulatorURL = urlEmulator: null

2023-12-16 21:24:59 - [TEST_STEP][PASSED] - selenium.open(emulatorURL): null

2023-12-16 21:25:00 - [TEST_STEP][PASSED] - selenium.selectWindow("null"): null

2023-12-16 21:25:00 - [TEST_STEP][PASSED] - selenium.select("name=message_version", "label=2.3"): null

2023-12-16 21:25:00 - [TEST_STEP][PASSED] - selenium.waitForPageToLoad("30000"): null

2023-12-16 21:25:01 - [TEST_STEP][PASSED] - selenium.type("name=amount", 00".toString()): null

2023-12-16 21:25:01 - [TEST_STEP][PASSED] - selenium.type("name=client_account_number", "CAN12345"): null

2023-12-16 21:25:01 - [TEST_STEP][PASSED] - selenium.type("name=action_type", "PayNow"): null

2023-12-16 21:25:01 - [TEST_STEP][PASSED] - selenium.type("name=language", "en_US"): null

2023-12-16 21:25:01 - [TEST_STEP][PASSED] - selenium.type("name=billing_firstname", "Mandy"): null

2023-12-16 21:25:01 - [TEST_STEP][PASSED] - selenium.type("name=billing_lastname", "Iguera"): null

2023-12-16 21:25:01 - [TEST_STEP][PASSED] - selenium.type("name=billing_address", "56 World Center Drive".toString()): null

2023-12-16 21:25:01 - [TEST_STEP][PASSED] - selenium.type("name=billing_address2", "Suite 600".toString()): null

2023-12-16 21:25:01 - [TEST_STEP][PASSED] - selenium.type("name=billing_country_id", "840"): null

2023-12-16 21:25:01 - [TEST_STEP][PASSED] - selenium.type("name=billing_city", "Orlando"): null

2023-12-16 21:25:01 - [TEST_STEP][PASSED] - selenium.type("name=billing_state", "NH"): null

2023-12-16 21:25:01 - [TEST_STEP][PASSED] - selenium.type("name=billing_zip", "03106"): null

2023-12-16 21:25:01 - [TEST_STEP][PASSED] - selenium.type("name=order_number", "PPPPOOOO"): null

2023-12-16 21:25:01 - [TEST_STEP][PASSED] - selenium.type("name=user_defined1", "udf1"): null

2023-12-16 21:25:01 - [TEST_STEP][PASSED] - selenium.type("name=user_defined2", "udf2"): null

2023-12-16 21:25:01 - [TEST_STEP][PASSED] - selenium.type("name=user_defined3", "udf3"): null

2023-12-16 21:25:01 - [TEST_STEP][PASSED] - selenium.type("name=user_defined4", "Orange Label".toString()): null

2023-12-16 21:25:01 - [TEST_STEP][PASSED] - selenium.type("name=user_defined5", "Soccer Label".toString()): null

2023-12-16 21:25:02 - [TEST_STEP][PASSED] - selenium.click("name=submit"): null

2023-12-16 21:25:02 - [TEST_STEP][PASSED] - selenium.waitForPageToLoad("30000"): null

2023-12-16 21:25:02 - [TEST_STEP][PASSED] - testHarnessURL = urlTestHarness: null

2023-12-16 21:25:02 - [TEST_STEP][PASSED] - selenium.open(testHarnessURL): null

2023-12-16 21:25:03 - [TEST_STEP][PASSED] - Thread.sleep(2000): null

2023-12-16 21:25:05 - [TEST_STEP][PASSED] - selenium.type("name=application_id", "653"): null

2023-12-16 21:25:05 - [TEST_STEP][PASSED] - selenium.type("name=message_version", 3".toString()): null

2023-12-16 21:25:05 - [TEST_STEP][PASSED] - genRemIDVoid = RandomStringUtils.random(12, true, true): null

2023-12-16 21:25:05 - [TEST_STEP][PASSED] - selenium.type("name=remittance_id", genRemIDVoid): null

2023-12-16 21:25:05 - [TEST_STEP][PASSED] - selenium.click("css=input.formSubmit"): null

2023-12-16 21:25:06 - [TEST_STEP][PASSED] - selenium.waitForPageToLoad("30000"): null

2023-12-16 21:25:06 - [TEST_STEP][PASSED] - selenium.selectWindow("null"): null

2023-12-16 21:25:06 - [TEST_STEP][PASSED] - selenium.click("name=paymentMethod"): null

2023-12-16 21:25:06 - [TEST_STEP][PASSED] - selenium.click("css=input[type="submit"]"): null

2023-12-16 21:25:07 - [TEST_STEP][PASSED] - selenium.waitForPageToLoad("30000"): null

2023-12-16 21:25:08 - [TEST_STEP][PASSED] - selenium.type("name=amount", 00".toString()): null

2023-12-16 21:25:08 - [TEST_STEP][PASSED] - selenium.type("id=cardNumber", "4111111111111111"): null

2023-12-16 21:25:08 - [TEST_STEP][PASSED] - selenium.select("name=cardExpMonth", "label=04"): null

2023-12-16 21:25:08 - [TEST_STEP][PASSED] - selenium.select("name=cardExpYear", "label=2028"): null

2023-12-16 21:25:08 - [TEST_STEP][PASSED] - selenium.type("name=emailAddress", com".toString()): null

2023-12-16 21:25:08 - [TEST_STEP][PASSED] - selenium.click("id=checkedAcceptCondition"): null

2023-12-16 21:25:08 - [TEST_STEP][PASSED] - selenium.click("name=ccSubmit"): null

2023-12-16 21:25:09 - [TEST_STEP][PASSED] - selenium.waitForPageToLoad("30000"): null

2023-12-16 21:25:10 - [TEST_STEP][PASSED] - verifyTextPresent("Payment amounts less than", true): Text 'Payment amounts less than' is present on page  using regular expression

2023-12-16 21:25:10 - [MESSAGE][PASSED] - Text 'Payment amounts less than' is present on page  using regular expression

2023-12-16 21:25:10 - [TEST_STEP][PASSED] - verifyTextPresent("are not accepted", true): Text 'are not accepted' is present on page  using regular expression

2023-12-16 21:25:10 - [MESSAGE][PASSED] - Text 'are not accepted' is present on page  using regular expression

2023-12-16 21:25:10 - [TEST_STEP][PASSED] - println("End Test: NoUnderPayCC"): null]]></system-out>
         <system-err><![CDATA[]]></system-err>
      </testcase>
      <testcase name="Test Cases/IntegratedWeb/IWP23-SelIDE/NoUnderPayPC" time="15.86" classname="Test Cases/IntegratedWeb/IWP23-SelIDE/NoUnderPayPC" status="PASSED">
         <system-out><![CDATA[2023-12-16 21:25:10 - [TEST_CASE][PASSED] - Test Cases/IntegratedWeb/IWP23-SelIDE/NoUnderPayPC: Test Cases/IntegratedWeb/IWP23-SelIDE/NoUnderPayPC

2023-12-16 21:25:11 - [TEST_STEP][PASSED] - softAssertion = new org.testng.asserts.SoftAssert(): null

2023-12-16 21:25:11 - [TEST_STEP][PASSED] - openBrowser("https://www.google.com/"): Browser is opened with url: 'https://www.google.com/'

2023-12-16 21:25:11 - [MESSAGE][WARNING] - A browser is already opened. Closing browser and opening a new one

2023-12-16 21:25:12 - [MESSAGE][INFO] - Starting 'Chrome' driver

2023-12-16 21:25:12 - [MESSAGE][INFO] - User set preference: ['acceptInsecureCerts', 'true']

2023-12-16 21:25:12 - [MESSAGE][INFO] - Action delay is set to 0 milliseconds

2023-12-16 21:25:15 - [MESSAGE][PASSED] - Browser is opened with url: 'https://www.google.com/'

2023-12-16 21:25:15 - [TEST_STEP][PASSED] - driver = getWebDriver(): null

2023-12-16 21:25:15 - [TEST_STEP][PASSED] - baseUrl = "https://www.google.com/": null

2023-12-16 21:25:15 - [TEST_STEP][PASSED] - selenium = new com.thoughtworks.selenium.webdriven.WebDriverBackedSelenium(driver, baseUrl): null

2023-12-16 21:25:15 - [TEST_STEP][PASSED] - println("Begin Test: NoUnderPayPC"): null

2023-12-16 21:25:15 - [TEST_STEP][PASSED] - emulatorURL = urlEmulator: null

2023-12-16 21:25:15 - [TEST_STEP][PASSED] - selenium.open(emulatorURL): null

2023-12-16 21:25:15 - [TEST_STEP][PASSED] - selenium.selectWindow("null"): null

2023-12-16 21:25:15 - [TEST_STEP][PASSED] - selenium.select("name=message_version", "label=2.3"): null

2023-12-16 21:25:15 - [TEST_STEP][PASSED] - selenium.waitForPageToLoad("30000"): null

2023-12-16 21:25:16 - [TEST_STEP][PASSED] - selenium.type("name=amount", 00".toString()): null

2023-12-16 21:25:16 - [TEST_STEP][PASSED] - selenium.type("name=client_account_number", "CAN12345"): null

2023-12-16 21:25:16 - [TEST_STEP][PASSED] - selenium.type("name=action_type", "PayNow"): null

2023-12-16 21:25:16 - [TEST_STEP][PASSED] - selenium.type("name=language", "en_US"): null

2023-12-16 21:25:16 - [TEST_STEP][PASSED] - selenium.type("name=billing_firstname", "Mandy"): null

2023-12-16 21:25:16 - [TEST_STEP][PASSED] - selenium.type("name=billing_lastname", "Iguera"): null

2023-12-16 21:25:16 - [TEST_STEP][PASSED] - selenium.type("name=billing_address", "56 World Center Drive".toString()): null

2023-12-16 21:25:16 - [TEST_STEP][PASSED] - selenium.type("name=billing_address2", "Suite 600".toString()): null

2023-12-16 21:25:16 - [TEST_STEP][PASSED] - selenium.type("name=billing_country_id", "840"): null

2023-12-16 21:25:16 - [TEST_STEP][PASSED] - selenium.type("name=billing_city", "Orlando"): null

2023-12-16 21:25:16 - [TEST_STEP][PASSED] - selenium.type("name=billing_state", "NH"): null

2023-12-16 21:25:17 - [TEST_STEP][PASSED] - selenium.type("name=billing_zip", "03106"): null

2023-12-16 21:25:17 - [TEST_STEP][PASSED] - selenium.type("name=order_number", "PPPPOOOO"): null

2023-12-16 21:25:17 - [TEST_STEP][PASSED] - selenium.type("name=user_defined1", "udf1"): null

2023-12-16 21:25:17 - [TEST_STEP][PASSED] - selenium.type("name=user_defined2", "udf2"): null

2023-12-16 21:25:17 - [TEST_STEP][PASSED] - selenium.type("name=user_defined3", "udf3"): null

2023-12-16 21:25:17 - [TEST_STEP][PASSED] - selenium.type("name=user_defined4", "Orange Label".toString()): null

2023-12-16 21:25:17 - [TEST_STEP][PASSED] - selenium.type("name=user_defined5", "Soccer Label".toString()): null

2023-12-16 21:25:17 - [TEST_STEP][PASSED] - selenium.click("name=submit"): null

2023-12-16 21:25:17 - [TEST_STEP][PASSED] - selenium.waitForPageToLoad("30000"): null

2023-12-16 21:25:18 - [TEST_STEP][PASSED] - Thread.sleep(2000): null

2023-12-16 21:25:20 - [TEST_STEP][PASSED] - testHarnessURL = urlTestHarness: null

2023-12-16 21:25:20 - [TEST_STEP][PASSED] - selenium.open(testHarnessURL): null

2023-12-16 21:25:20 - [TEST_STEP][PASSED] - selenium.type("name=application_id", "653"): null

2023-12-16 21:25:20 - [TEST_STEP][PASSED] - selenium.type("name=message_version", 3".toString()): null

2023-12-16 21:25:20 - [TEST_STEP][PASSED] - genRemIDVoid = RandomStringUtils.random(12, true, true): null

2023-12-16 21:25:20 - [TEST_STEP][PASSED] - selenium.type("name=remittance_id", genRemIDVoid): null

2023-12-16 21:25:20 - [TEST_STEP][PASSED] - selenium.click("css=input.formSubmit"): null

2023-12-16 21:25:21 - [TEST_STEP][PASSED] - selenium.waitForPageToLoad("30000"): null

2023-12-16 21:25:22 - [TEST_STEP][PASSED] - selenium.click("xpath=(//input[@name='paymentMethod'])[2]"): null

2023-12-16 21:25:22 - [TEST_STEP][PASSED] - selenium.click("css=input[type="submit"]"): null

2023-12-16 21:25:23 - [TEST_STEP][PASSED] - selenium.waitForPageToLoad("30000"): null

2023-12-16 21:25:23 - [TEST_STEP][PASSED] - selenium.type("name=amount", 00".toString()): null

2023-12-16 21:25:24 - [TEST_STEP][PASSED] - selenium.type("name=billingFirstname", "Mike"): null

2023-12-16 21:25:24 - [TEST_STEP][PASSED] - selenium.type("name=billingLastname", "Chingiti"): null

2023-12-16 21:25:24 - [TEST_STEP][PASSED] - selenium.type("id=routingNumber", "256072691"): null

2023-12-16 21:25:24 - [TEST_STEP][PASSED] - selenium.type("id=accountNumber", "11111111"): null

2023-12-16 21:25:24 - [TEST_STEP][PASSED] - selenium.type("id=confirmAccountNumber", "11111111"): null

2023-12-16 21:25:24 - [TEST_STEP][PASSED] - selenium.click("name=accountType"): null

2023-12-16 21:25:24 - [TEST_STEP][PASSED] - selenium.type("name=billingAddress", "104 main road".toString()): null

2023-12-16 21:25:24 - [TEST_STEP][PASSED] - selenium.type("name=billingAddress2", ""): null

2023-12-16 21:25:24 - [TEST_STEP][PASSED] - selenium.type("id=billing-zip-input", "22201"): null

2023-12-16 21:25:24 - [TEST_STEP][PASSED] - selenium.click("id=checkedAcceptCondition"): null

2023-12-16 21:25:24 - [TEST_STEP][PASSED] - selenium.click("name=achSubmit"): null

2023-12-16 21:25:25 - [TEST_STEP][PASSED] - selenium.waitForPageToLoad("30000"): null

2023-12-16 21:25:25 - [TEST_STEP][PASSED] - verifyTextPresent("Payment amounts less than", true): Text 'Payment amounts less than' is present on page  using regular expression

2023-12-16 21:25:26 - [MESSAGE][PASSED] - Text 'Payment amounts less than' is present on page  using regular expression

2023-12-16 21:25:26 - [TEST_STEP][PASSED] - verifyTextPresent("are not accepted", true): Text 'are not accepted' is present on page  using regular expression

2023-12-16 21:25:26 - [MESSAGE][PASSED] - Text 'are not accepted' is present on page  using regular expression

2023-12-16 21:25:26 - [TEST_STEP][PASSED] - println("End Test: NoUnderPayPC"): null]]></system-out>
         <system-err><![CDATA[]]></system-err>
      </testcase>
      <testcase name="Test Cases/IntegratedWeb/IWP23-SelIDE/SCFAboveCeilingCC" time="26.411" classname="Test Cases/IntegratedWeb/IWP23-SelIDE/SCFAboveCeilingCC" status="PASSED">
         <system-out><![CDATA[2023-12-16 21:25:26 - [TEST_CASE][PASSED] - Test Cases/IntegratedWeb/IWP23-SelIDE/SCFAboveCeilingCC: Test Cases/IntegratedWeb/IWP23-SelIDE/SCFAboveCeilingCC

2023-12-16 21:25:27 - [TEST_STEP][PASSED] - softAssertion = new org.testng.asserts.SoftAssert(): null

2023-12-16 21:25:27 - [TEST_STEP][PASSED] - openBrowser("https://www.google.com/"): Browser is opened with url: 'https://www.google.com/'

2023-12-16 21:25:27 - [MESSAGE][WARNING] - A browser is already opened. Closing browser and opening a new one

2023-12-16 21:25:28 - [MESSAGE][INFO] - Starting 'Chrome' driver

2023-12-16 21:25:28 - [MESSAGE][INFO] - User set preference: ['acceptInsecureCerts', 'true']

2023-12-16 21:25:28 - [MESSAGE][INFO] - Action delay is set to 0 milliseconds

2023-12-16 21:25:30 - [MESSAGE][PASSED] - Browser is opened with url: 'https://www.google.com/'

2023-12-16 21:25:30 - [TEST_STEP][PASSED] - driver = getWebDriver(): null

2023-12-16 21:25:30 - [TEST_STEP][PASSED] - baseUrl = "https://www.google.com/": null

2023-12-16 21:25:30 - [TEST_STEP][PASSED] - selenium = new com.thoughtworks.selenium.webdriven.WebDriverBackedSelenium(driver, baseUrl): null

2023-12-16 21:25:31 - [TEST_STEP][PASSED] - println("Begin Test: SCFAboveCeilingCC"): null

2023-12-16 21:25:31 - [TEST_STEP][PASSED] - emulatorURL = urlEmulator: null

2023-12-16 21:25:31 - [TEST_STEP][PASSED] - selenium.open(emulatorURL): null

2023-12-16 21:25:31 - [TEST_STEP][PASSED] - selenium.selectWindow("null"): null

2023-12-16 21:25:31 - [TEST_STEP][PASSED] - selenium.select("name=message_version", "label=2.3"): null

2023-12-16 21:25:31 - [TEST_STEP][PASSED] - selenium.waitForPageToLoad("30000"): null

2023-12-16 21:25:32 - [TEST_STEP][PASSED] - selenium.type("name=amount", 00".toString()): null

2023-12-16 21:25:32 - [TEST_STEP][PASSED] - selenium.type("name=client_account_number", "CAN12345"): null

2023-12-16 21:25:32 - [TEST_STEP][PASSED] - selenium.type("name=action_type", "PayNow"): null

2023-12-16 21:25:32 - [TEST_STEP][PASSED] - selenium.type("name=language", "en_US"): null

2023-12-16 21:25:32 - [TEST_STEP][PASSED] - selenium.type("name=billing_firstname", "Mandy"): null

2023-12-16 21:25:32 - [TEST_STEP][PASSED] - selenium.type("name=billing_lastname", "Iguera"): null

2023-12-16 21:25:32 - [TEST_STEP][PASSED] - selenium.type("name=billing_address", "56 World Center Drive".toString()): null

2023-12-16 21:25:32 - [TEST_STEP][PASSED] - selenium.type("name=billing_address2", "Suite 600".toString()): null

2023-12-16 21:25:32 - [TEST_STEP][PASSED] - selenium.type("name=billing_country_id", "840"): null

2023-12-16 21:25:32 - [TEST_STEP][PASSED] - selenium.type("name=billing_city", "Orlando"): null

2023-12-16 21:25:32 - [TEST_STEP][PASSED] - selenium.type("name=billing_state", "NH"): null

2023-12-16 21:25:32 - [TEST_STEP][PASSED] - selenium.type("name=billing_zip", "03106"): null

2023-12-16 21:25:32 - [TEST_STEP][PASSED] - selenium.type("name=order_number", "PPPPOOOO"): null

2023-12-16 21:25:32 - [TEST_STEP][PASSED] - selenium.type("name=user_defined1", "udf1"): null

2023-12-16 21:25:32 - [TEST_STEP][PASSED] - selenium.type("name=user_defined2", "udf2"): null

2023-12-16 21:25:33 - [TEST_STEP][PASSED] - selenium.type("name=user_defined3", "udf3"): null

2023-12-16 21:25:33 - [TEST_STEP][PASSED] - selenium.type("name=user_defined4", "Orange Label".toString()): null

2023-12-16 21:25:33 - [TEST_STEP][PASSED] - selenium.type("name=user_defined5", "Soccer Label".toString()): null

2023-12-16 21:25:33 - [TEST_STEP][PASSED] - selenium.click("name=submit"): null

2023-12-16 21:25:33 - [TEST_STEP][PASSED] - selenium.waitForPageToLoad("30000"): null

2023-12-16 21:25:33 - [TEST_STEP][PASSED] - testHarnessURL = urlTestHarness: null

2023-12-16 21:25:33 - [TEST_STEP][PASSED] - selenium.open(testHarnessURL): null

2023-12-16 21:25:34 - [TEST_STEP][PASSED] - Thread.sleep(2000): null

2023-12-16 21:25:36 - [TEST_STEP][PASSED] - selenium.type("name=application_id", "636"): null

2023-12-16 21:25:36 - [TEST_STEP][PASSED] - selenium.type("name=message_version", 3".toString()): null

2023-12-16 21:25:36 - [TEST_STEP][PASSED] - genRemIDVoid = RandomStringUtils.random(12, true, true): null

2023-12-16 21:25:36 - [TEST_STEP][PASSED] - selenium.type("name=remittance_id", genRemIDVoid): null

2023-12-16 21:25:36 - [TEST_STEP][PASSED] - selenium.click("css=input.formSubmit"): null

2023-12-16 21:25:37 - [TEST_STEP][PASSED] - selenium.waitForPageToLoad("30000"): null

2023-12-16 21:25:37 - [TEST_STEP][PASSED] - selenium.selectWindow("null"): null

2023-12-16 21:25:37 - [TEST_STEP][PASSED] - selenium.click("name=paymentMethod"): null

2023-12-16 21:25:37 - [TEST_STEP][PASSED] - selenium.click("css=input[type="submit"]"): null

2023-12-16 21:25:39 - [TEST_STEP][PASSED] - selenium.waitForPageToLoad("30000"): null

2023-12-16 21:25:39 - [TEST_STEP][PASSED] - selenium.type("name=amount", 00".toString()): null

2023-12-16 21:25:39 - [TEST_STEP][PASSED] - selenium.type("name=billingName", "Leslie Howard".toString()): null

2023-12-16 21:25:39 - [TEST_STEP][PASSED] - selenium.type("id=cardNumber", "4111111111111111"): null

2023-12-16 21:25:39 - [TEST_STEP][PASSED] - selenium.type("id=spc", "568"): null

2023-12-16 21:25:39 - [TEST_STEP][PASSED] - selenium.select("name=cardExpMonth", "label=02"): null

2023-12-16 21:25:39 - [TEST_STEP][PASSED] - selenium.select("name=cardExpYear", "label=2028"): null

2023-12-16 21:25:39 - [TEST_STEP][PASSED] - selenium.type("name=billingAddress", "778 Main street".toString()): null

2023-12-16 21:25:40 - [TEST_STEP][PASSED] - selenium.type("name=billingAddress2", ""): null

2023-12-16 21:25:40 - [TEST_STEP][PASSED] - selenium.type("id=billing-zip-input", "22201"): null

2023-12-16 21:25:40 - [TEST_STEP][PASSED] - selenium.type("name=emailAddress", ""): null

2023-12-16 21:25:40 - [TEST_STEP][PASSED] - selenium.click("id=checkedAcceptCondition"): null

2023-12-16 21:25:40 - [TEST_STEP][PASSED] - selenium.click("name=ccSubmit"): null

2023-12-16 21:25:40 - [TEST_STEP][PASSED] - selenium.waitForPageToLoad("30000"): null

2023-12-16 21:25:41 - [TEST_STEP][PASSED] - verifyTextPresent("Please verify the following information:", true): Text 'Please verify the following information:' is present on page  using regular expression

2023-12-16 21:25:41 - [MESSAGE][PASSED] - Text 'Please verify the following information:' is present on page  using regular expression

2023-12-16 21:25:41 - [TEST_STEP][PASSED] - verifyTextPresent("Is this information correct", true): Text 'Is this information correct' is present on page  using regular expression

2023-12-16 21:25:41 - [MESSAGE][PASSED] - Text 'Is this information correct' is present on page  using regular expression

2023-12-16 21:25:41 - [TEST_STEP][PASSED] - selenium.click("name=confirmNotifyAction"): null

2023-12-16 21:25:42 - [TEST_STEP][PASSED] - selenium.waitForPageToLoad("30000"): null

2023-12-16 21:25:42 - [TEST_STEP][PASSED] - Thread.sleep(8000): null

2023-12-16 21:25:50 - [TEST_STEP][PASSED] - verifyTextPresent("Successful Payment Receipt", true): Text 'Successful Payment Receipt' is present on page  using regular expression

2023-12-16 21:25:51 - [MESSAGE][PASSED] - Text 'Successful Payment Receipt' is present on page  using regular expression

2023-12-16 21:25:51 - [TEST_STEP][PASSED] - verifyTextPresent("Please print this receipt for your records", true): Text 'Please print this receipt for your records' is present on page  using regular expression

2023-12-16 21:25:51 - [MESSAGE][PASSED] - Text 'Please print this receipt for your records' is present on page  using regular expression

2023-12-16 21:25:51 - [TEST_STEP][PASSED] - verifyTextPresent("$110.00", false): Text '$110.00' is present on page 

2023-12-16 21:25:51 - [MESSAGE][PASSED] - Text '$110.00' is present on page 

2023-12-16 21:25:51 - [TEST_STEP][PASSED] - verifyTextPresent("Authorization and Capture", true): Text 'Authorization and Capture' is present on page  using regular expression

2023-12-16 21:25:52 - [MESSAGE][PASSED] - Text 'Authorization and Capture' is present on page  using regular expression

2023-12-16 21:25:52 - [TEST_STEP][PASSED] - verifyTextPresent("Visa", true): Text 'Visa' is present on page  using regular expression

2023-12-16 21:25:52 - [MESSAGE][PASSED] - Text 'Visa' is present on page  using regular expression

2023-12-16 21:25:52 - [TEST_STEP][PASSED] - verifyTextPresent("LESLIE HOWARD", true): Text 'LESLIE HOWARD' is present on page  using regular expression

2023-12-16 21:25:52 - [MESSAGE][PASSED] - Text 'LESLIE HOWARD' is present on page  using regular expression

2023-12-16 21:25:52 - [TEST_STEP][PASSED] - verifyTextPresent("1111", true): Text '1111' is present on page  using regular expression

2023-12-16 21:25:53 - [MESSAGE][PASSED] - Text '1111' is present on page  using regular expression

2023-12-16 21:25:53 - [TEST_STEP][PASSED] - println("End Test: SCFAboveCeilingCC"): null]]></system-out>
         <system-err><![CDATA[]]></system-err>
      </testcase>
      <testcase name="Test Cases/IntegratedWeb/IWP23-SelIDE/SCFAboveCeilingPC" time="27.939" classname="Test Cases/IntegratedWeb/IWP23-SelIDE/SCFAboveCeilingPC" status="PASSED">
         <system-out><![CDATA[2023-12-16 21:25:53 - [TEST_CASE][PASSED] - Test Cases/IntegratedWeb/IWP23-SelIDE/SCFAboveCeilingPC: Test Cases/IntegratedWeb/IWP23-SelIDE/SCFAboveCeilingPC

2023-12-16 21:25:53 - [TEST_STEP][PASSED] - softAssertion = new org.testng.asserts.SoftAssert(): null

2023-12-16 21:25:53 - [TEST_STEP][PASSED] - openBrowser("https://www.google.com/"): Browser is opened with url: 'https://www.google.com/'

2023-12-16 21:25:53 - [MESSAGE][WARNING] - A browser is already opened. Closing browser and opening a new one

2023-12-16 21:25:54 - [MESSAGE][INFO] - Starting 'Chrome' driver

2023-12-16 21:25:54 - [MESSAGE][INFO] - User set preference: ['acceptInsecureCerts', 'true']

2023-12-16 21:25:54 - [MESSAGE][INFO] - Action delay is set to 0 milliseconds

2023-12-16 21:25:57 - [MESSAGE][PASSED] - Browser is opened with url: 'https://www.google.com/'

2023-12-16 21:25:57 - [TEST_STEP][PASSED] - driver = getWebDriver(): null

2023-12-16 21:25:57 - [TEST_STEP][PASSED] - baseUrl = "https://www.google.com/": null

2023-12-16 21:25:57 - [TEST_STEP][PASSED] - selenium = new com.thoughtworks.selenium.webdriven.WebDriverBackedSelenium(driver, baseUrl): null

2023-12-16 21:25:57 - [TEST_STEP][PASSED] - println("Begin Test: SCFAboveCeilingPC"): null

2023-12-16 21:25:57 - [TEST_STEP][PASSED] - emulatorURL = urlEmulator: null

2023-12-16 21:25:57 - [TEST_STEP][PASSED] - selenium.open(emulatorURL): null

2023-12-16 21:25:57 - [TEST_STEP][PASSED] - selenium.selectWindow("null"): null

2023-12-16 21:25:57 - [TEST_STEP][PASSED] - selenium.select("name=message_version", "label=2.3"): null

2023-12-16 21:25:57 - [TEST_STEP][PASSED] - selenium.waitForPageToLoad("30000"): null

2023-12-16 21:25:58 - [TEST_STEP][PASSED] - selenium.type("name=amount", 00".toString()): null

2023-12-16 21:25:58 - [TEST_STEP][PASSED] - selenium.type("name=client_account_number", "CAN12345"): null

2023-12-16 21:25:58 - [TEST_STEP][PASSED] - selenium.type("name=action_type", "PayNow"): null

2023-12-16 21:25:58 - [TEST_STEP][PASSED] - selenium.type("name=language", "en_US"): null

2023-12-16 21:25:58 - [TEST_STEP][PASSED] - selenium.type("name=billing_firstname", "Mandy"): null

2023-12-16 21:25:58 - [TEST_STEP][PASSED] - selenium.type("name=billing_lastname", "Iguera"): null

2023-12-16 21:25:58 - [TEST_STEP][PASSED] - selenium.type("name=billing_address", "56 World Center Drive".toString()): null

2023-12-16 21:25:58 - [TEST_STEP][PASSED] - selenium.type("name=billing_address2", "Suite 600".toString()): null

2023-12-16 21:25:58 - [TEST_STEP][PASSED] - selenium.type("name=billing_country_id", "840"): null

2023-12-16 21:25:58 - [TEST_STEP][PASSED] - selenium.type("name=billing_city", "Orlando"): null

2023-12-16 21:25:58 - [TEST_STEP][PASSED] - selenium.type("name=billing_state", "NH"): null

2023-12-16 21:25:59 - [TEST_STEP][PASSED] - selenium.type("name=billing_zip", "03106"): null

2023-12-16 21:25:59 - [TEST_STEP][PASSED] - selenium.type("name=order_number", "PPPPOOOO"): null

2023-12-16 21:25:59 - [TEST_STEP][PASSED] - selenium.type("name=user_defined1", "udf1"): null

2023-12-16 21:25:59 - [TEST_STEP][PASSED] - selenium.type("name=user_defined2", "udf2"): null

2023-12-16 21:25:59 - [TEST_STEP][PASSED] - selenium.type("name=user_defined3", "udf3"): null

2023-12-16 21:25:59 - [TEST_STEP][PASSED] - selenium.type("name=user_defined4", "Orange Label".toString()): null

2023-12-16 21:25:59 - [TEST_STEP][PASSED] - selenium.type("name=user_defined5", "Soccer Label".toString()): null

2023-12-16 21:25:59 - [TEST_STEP][PASSED] - selenium.click("name=submit"): null

2023-12-16 21:25:59 - [TEST_STEP][PASSED] - selenium.waitForPageToLoad("30000"): null

2023-12-16 21:26:00 - [TEST_STEP][PASSED] - Thread.sleep(2000): null

2023-12-16 21:26:02 - [TEST_STEP][PASSED] - testHarnessURL = urlTestHarness: null

2023-12-16 21:26:02 - [TEST_STEP][PASSED] - selenium.open(testHarnessURL): null

2023-12-16 21:26:02 - [TEST_STEP][PASSED] - selenium.type("name=application_id", "636"): null

2023-12-16 21:26:02 - [TEST_STEP][PASSED] - selenium.type("name=message_version", 3".toString()): null

2023-12-16 21:26:02 - [TEST_STEP][PASSED] - genRemIDVoid = RandomStringUtils.random(12, true, true): null

2023-12-16 21:26:02 - [TEST_STEP][PASSED] - selenium.type("name=remittance_id", genRemIDVoid): null

2023-12-16 21:26:02 - [TEST_STEP][PASSED] - selenium.click("css=input.formSubmit"): null

2023-12-16 21:26:03 - [TEST_STEP][PASSED] - selenium.waitForPageToLoad("30000"): null

2023-12-16 21:26:04 - [TEST_STEP][PASSED] - selenium.click("xpath=(//input[@name='paymentMethod'])[2]"): null

2023-12-16 21:26:04 - [TEST_STEP][PASSED] - selenium.click("css=input[type="submit"]"): null

2023-12-16 21:26:05 - [TEST_STEP][PASSED] - selenium.waitForPageToLoad("30000"): null

2023-12-16 21:26:05 - [TEST_STEP][PASSED] - selenium.type("name=amount", 00".toString()): null

2023-12-16 21:26:05 - [TEST_STEP][PASSED] - selenium.type("name=billingFirstname", "Mike"): null

2023-12-16 21:26:06 - [TEST_STEP][PASSED] - selenium.type("name=billingLastname", "Chingiti"): null

2023-12-16 21:26:06 - [TEST_STEP][PASSED] - selenium.type("id=routingNumber", "256072691"): null

2023-12-16 21:26:06 - [TEST_STEP][PASSED] - selenium.type("id=accountNumber", "11111111"): null

2023-12-16 21:26:06 - [TEST_STEP][PASSED] - selenium.type("id=confirmAccountNumber", "11111111"): null

2023-12-16 21:26:06 - [TEST_STEP][PASSED] - selenium.click("name=accountType"): null

2023-12-16 21:26:06 - [TEST_STEP][PASSED] - selenium.type("name=billingAddress", "104 main road".toString()): null

2023-12-16 21:26:06 - [TEST_STEP][PASSED] - selenium.type("name=billingAddress2", ""): null

2023-12-16 21:26:06 - [TEST_STEP][PASSED] - selenium.type("id=billing-zip-input", "22201"): null

2023-12-16 21:26:06 - [TEST_STEP][PASSED] - selenium.click("id=checkedAcceptCondition"): null

2023-12-16 21:26:06 - [TEST_STEP][PASSED] - selenium.click("name=achSubmit"): null

2023-12-16 21:26:07 - [TEST_STEP][PASSED] - selenium.waitForPageToLoad("30000"): null

2023-12-16 21:26:07 - [TEST_STEP][PASSED] - verifyTextPresent("Please verify the following information:", true): Text 'Please verify the following information:' is present on page  using regular expression

2023-12-16 21:26:07 - [MESSAGE][PASSED] - Text 'Please verify the following information:' is present on page  using regular expression

2023-12-16 21:26:07 - [TEST_STEP][PASSED] - verifyTextPresent("Is this information correct", true): Text 'Is this information correct' is present on page  using regular expression

2023-12-16 21:26:08 - [MESSAGE][PASSED] - Text 'Is this information correct' is present on page  using regular expression

2023-12-16 21:26:08 - [TEST_STEP][PASSED] - selenium.click("name=confirmNotifyAction"): null

2023-12-16 21:26:08 - [TEST_STEP][PASSED] - selenium.waitForPageToLoad("30000"): null

2023-12-16 21:26:09 - [TEST_STEP][PASSED] - Thread.sleep(8000): null

2023-12-16 21:26:17 - [TEST_STEP][PASSED] - verifyTextPresent("Successful Payment Receipt", true): Text 'Successful Payment Receipt' is present on page  using regular expression

2023-12-16 21:26:17 - [MESSAGE][PASSED] - Text 'Successful Payment Receipt' is present on page  using regular expression

2023-12-16 21:26:17 - [TEST_STEP][PASSED] - verifyTextPresent("$110.00", false): Text '$110.00' is present on page 

2023-12-16 21:26:17 - [MESSAGE][PASSED] - Text '$110.00' is present on page 

2023-12-16 21:26:17 - [TEST_STEP][PASSED] - verifyTextPresent("Debit", true): Text 'Debit' is present on page  using regular expression

2023-12-16 21:26:18 - [MESSAGE][PASSED] - Text 'Debit' is present on page  using regular expression

2023-12-16 21:26:18 - [TEST_STEP][PASSED] - verifyTextPresent("Personal", true): Text 'Personal' is present on page  using regular expression

2023-12-16 21:26:18 - [MESSAGE][PASSED] - Text 'Personal' is present on page  using regular expression

2023-12-16 21:26:18 - [TEST_STEP][PASSED] - verifyTextPresent("Checking", true): Text 'Checking' is present on page  using regular expression

2023-12-16 21:26:18 - [MESSAGE][PASSED] - Text 'Checking' is present on page  using regular expression

2023-12-16 21:26:18 - [TEST_STEP][PASSED] - verifyTextPresent("1111", true): Text '1111' is present on page  using regular expression

2023-12-16 21:26:18 - [MESSAGE][PASSED] - Text '1111' is present on page  using regular expression

2023-12-16 21:26:18 - [TEST_STEP][PASSED] - verifyTextPresent("2691", true): Text '2691' is present on page  using regular expression

2023-12-16 21:26:19 - [MESSAGE][PASSED] - Text '2691' is present on page  using regular expression

2023-12-16 21:26:19 - [TEST_STEP][PASSED] - verifyTextPresent("MIKE CHINGITI", true): Text 'MIKE CHINGITI' is present on page  using regular expression

2023-12-16 21:26:19 - [MESSAGE][PASSED] - Text 'MIKE CHINGITI' is present on page  using regular expression

2023-12-16 21:26:19 - [TEST_STEP][PASSED] - verifyTextPresent("104 main road", true): Text '104 main road' is present on page  using regular expression

2023-12-16 21:26:19 - [MESSAGE][PASSED] - Text '104 main road' is present on page  using regular expression

2023-12-16 21:26:19 - [TEST_STEP][PASSED] - verifyTextPresent("United States", true): Text 'United States' is present on page  using regular expression

2023-12-16 21:26:20 - [MESSAGE][PASSED] - Text 'United States' is present on page  using regular expression

2023-12-16 21:26:20 - [TEST_STEP][PASSED] - verifyTextPresent("ARLINGTON", true): Text 'ARLINGTON' is present on page  using regular expression

2023-12-16 21:26:20 - [MESSAGE][PASSED] - Text 'ARLINGTON' is present on page  using regular expression

2023-12-16 21:26:20 - [TEST_STEP][PASSED] - verifyTextPresent("Virginia", true): Text 'Virginia' is present on page  using regular expression

2023-12-16 21:26:20 - [MESSAGE][PASSED] - Text 'Virginia' is present on page  using regular expression

2023-12-16 21:26:20 - [TEST_STEP][PASSED] - verifyTextPresent("22201", true): Text '22201' is present on page  using regular expression

2023-12-16 21:26:21 - [MESSAGE][PASSED] - Text '22201' is present on page  using regular expression

2023-12-16 21:26:21 - [TEST_STEP][PASSED] - println("End Test: SCFAboveCeilingPC"): null]]></system-out>
         <system-err><![CDATA[]]></system-err>
      </testcase>
      <testcase name="Test Cases/IntegratedWeb/IWP23-SelIDE/SCFBelowFloorCC" time="26.257" classname="Test Cases/IntegratedWeb/IWP23-SelIDE/SCFBelowFloorCC" status="PASSED">
         <system-out><![CDATA[2023-12-16 21:26:21 - [TEST_CASE][PASSED] - Test Cases/IntegratedWeb/IWP23-SelIDE/SCFBelowFloorCC: Test Cases/IntegratedWeb/IWP23-SelIDE/SCFBelowFloorCC

2023-12-16 21:26:21 - [TEST_STEP][PASSED] - softAssertion = new org.testng.asserts.SoftAssert(): null

2023-12-16 21:26:21 - [TEST_STEP][PASSED] - openBrowser("https://www.google.com/"): Browser is opened with url: 'https://www.google.com/'

2023-12-16 21:26:21 - [MESSAGE][WARNING] - A browser is already opened. Closing browser and opening a new one

2023-12-16 21:26:22 - [MESSAGE][INFO] - Starting 'Chrome' driver

2023-12-16 21:26:22 - [MESSAGE][INFO] - User set preference: ['acceptInsecureCerts', 'true']

2023-12-16 21:26:22 - [MESSAGE][INFO] - Action delay is set to 0 milliseconds

2023-12-16 21:26:25 - [MESSAGE][PASSED] - Browser is opened with url: 'https://www.google.com/'

2023-12-16 21:26:25 - [TEST_STEP][PASSED] - driver = getWebDriver(): null

2023-12-16 21:26:25 - [TEST_STEP][PASSED] - baseUrl = "https://www.google.com/": null

2023-12-16 21:26:25 - [TEST_STEP][PASSED] - selenium = new com.thoughtworks.selenium.webdriven.WebDriverBackedSelenium(driver, baseUrl): null

2023-12-16 21:26:25 - [TEST_STEP][PASSED] - println("Begin Test: SCFBelowFloorCC"): null

2023-12-16 21:26:25 - [TEST_STEP][PASSED] - emulatorURL = urlEmulator: null

2023-12-16 21:26:25 - [TEST_STEP][PASSED] - selenium.open(emulatorURL): null

2023-12-16 21:26:25 - [TEST_STEP][PASSED] - selenium.selectWindow("null"): null

2023-12-16 21:26:25 - [TEST_STEP][PASSED] - selenium.select("name=message_version", "label=2.3"): null

2023-12-16 21:26:26 - [TEST_STEP][PASSED] - selenium.waitForPageToLoad("30000"): null

2023-12-16 21:26:26 - [TEST_STEP][PASSED] - selenium.type("name=amount", 00".toString()): null

2023-12-16 21:26:26 - [TEST_STEP][PASSED] - selenium.type("name=client_account_number", "CAN12345"): null

2023-12-16 21:26:26 - [TEST_STEP][PASSED] - selenium.type("name=action_type", "PayNow"): null

2023-12-16 21:26:26 - [TEST_STEP][PASSED] - selenium.type("name=language", "en_US"): null

2023-12-16 21:26:26 - [TEST_STEP][PASSED] - selenium.type("name=billing_firstname", "Mandy"): null

2023-12-16 21:26:26 - [TEST_STEP][PASSED] - selenium.type("name=billing_lastname", "Iguera"): null

2023-12-16 21:26:26 - [TEST_STEP][PASSED] - selenium.type("name=billing_address", "56 World Center Drive".toString()): null

2023-12-16 21:26:27 - [TEST_STEP][PASSED] - selenium.type("name=billing_address2", "Suite 600".toString()): null

2023-12-16 21:26:27 - [TEST_STEP][PASSED] - selenium.type("name=billing_country_id", "840"): null

2023-12-16 21:26:27 - [TEST_STEP][PASSED] - selenium.type("name=billing_city", "Orlando"): null

2023-12-16 21:26:27 - [TEST_STEP][PASSED] - selenium.type("name=billing_state", "NH"): null

2023-12-16 21:26:27 - [TEST_STEP][PASSED] - selenium.type("name=billing_zip", "03106"): null

2023-12-16 21:26:27 - [TEST_STEP][PASSED] - selenium.type("name=order_number", "PPPPOOOO"): null

2023-12-16 21:26:27 - [TEST_STEP][PASSED] - selenium.type("name=user_defined1", "udf1"): null

2023-12-16 21:26:27 - [TEST_STEP][PASSED] - selenium.type("name=user_defined2", "udf2"): null

2023-12-16 21:26:27 - [TEST_STEP][PASSED] - selenium.type("name=user_defined3", "udf3"): null

2023-12-16 21:26:27 - [TEST_STEP][PASSED] - selenium.type("name=user_defined4", "Orange Label".toString()): null

2023-12-16 21:26:27 - [TEST_STEP][PASSED] - selenium.type("name=user_defined5", "Soccer Label".toString()): null

2023-12-16 21:26:27 - [TEST_STEP][PASSED] - selenium.click("name=submit"): null

2023-12-16 21:26:27 - [TEST_STEP][PASSED] - selenium.waitForPageToLoad("30000"): null

2023-12-16 21:26:28 - [TEST_STEP][PASSED] - testHarnessURL = urlTestHarness: null

2023-12-16 21:26:28 - [TEST_STEP][PASSED] - selenium.open(testHarnessURL): null

2023-12-16 21:26:28 - [TEST_STEP][PASSED] - Thread.sleep(2000): null

2023-12-16 21:26:30 - [TEST_STEP][PASSED] - selenium.type("name=application_id", "636"): null

2023-12-16 21:26:30 - [TEST_STEP][PASSED] - selenium.type("name=message_version", 3".toString()): null

2023-12-16 21:26:30 - [TEST_STEP][PASSED] - genRemIDVoid = RandomStringUtils.random(12, true, true): null

2023-12-16 21:26:30 - [TEST_STEP][PASSED] - selenium.type("name=remittance_id", genRemIDVoid): null

2023-12-16 21:26:30 - [TEST_STEP][PASSED] - selenium.click("css=input.formSubmit"): null

2023-12-16 21:26:31 - [TEST_STEP][PASSED] - selenium.waitForPageToLoad("30000"): null

2023-12-16 21:26:32 - [TEST_STEP][PASSED] - selenium.selectWindow("null"): null

2023-12-16 21:26:32 - [TEST_STEP][PASSED] - selenium.click("name=paymentMethod"): null

2023-12-16 21:26:32 - [TEST_STEP][PASSED] - selenium.click("css=input[type="submit"]"): null

2023-12-16 21:26:33 - [TEST_STEP][PASSED] - selenium.waitForPageToLoad("30000"): null

2023-12-16 21:26:33 - [TEST_STEP][PASSED] - selenium.type("name=amount", 00".toString()): null

2023-12-16 21:26:33 - [TEST_STEP][PASSED] - selenium.type("name=billingName", "Leslie Howard".toString()): null

2023-12-16 21:26:33 - [TEST_STEP][PASSED] - selenium.type("id=cardNumber", "4111111111111111"): null

2023-12-16 21:26:33 - [TEST_STEP][PASSED] - selenium.type("id=spc", "568"): null

2023-12-16 21:26:33 - [TEST_STEP][PASSED] - selenium.select("name=cardExpMonth", "label=02"): null

2023-12-16 21:26:34 - [TEST_STEP][PASSED] - selenium.select("name=cardExpYear", "label=2028"): null

2023-12-16 21:26:34 - [TEST_STEP][PASSED] - selenium.type("name=billingAddress", "778 Main street".toString()): null

2023-12-16 21:26:34 - [TEST_STEP][PASSED] - selenium.type("name=billingAddress2", ""): null

2023-12-16 21:26:34 - [TEST_STEP][PASSED] - selenium.type("id=billing-zip-input", "22201"): null

2023-12-16 21:26:34 - [TEST_STEP][PASSED] - selenium.type("name=emailAddress", ""): null

2023-12-16 21:26:34 - [TEST_STEP][PASSED] - selenium.click("id=checkedAcceptCondition"): null

2023-12-16 21:26:34 - [TEST_STEP][PASSED] - selenium.click("name=ccSubmit"): null

2023-12-16 21:26:34 - [TEST_STEP][PASSED] - selenium.waitForPageToLoad("30000"): null

2023-12-16 21:26:35 - [TEST_STEP][PASSED] - verifyTextPresent("Please verify the following information:", true): Text 'Please verify the following information:' is present on page  using regular expression

2023-12-16 21:26:35 - [MESSAGE][PASSED] - Text 'Please verify the following information:' is present on page  using regular expression

2023-12-16 21:26:35 - [TEST_STEP][PASSED] - verifyTextPresent("Is this information correct", true): Text 'Is this information correct' is present on page  using regular expression

2023-12-16 21:26:36 - [MESSAGE][PASSED] - Text 'Is this information correct' is present on page  using regular expression

2023-12-16 21:26:36 - [TEST_STEP][PASSED] - selenium.click("name=confirmNotifyAction"): null

2023-12-16 21:26:36 - [TEST_STEP][PASSED] - selenium.waitForPageToLoad("30000"): null

2023-12-16 21:26:37 - [TEST_STEP][PASSED] - Thread.sleep(8000): null

2023-12-16 21:26:45 - [TEST_STEP][PASSED] - verifyTextPresent("Successful Payment Receipt", true): Text 'Successful Payment Receipt' is present on page  using regular expression

2023-12-16 21:26:45 - [MESSAGE][PASSED] - Text 'Successful Payment Receipt' is present on page  using regular expression

2023-12-16 21:26:45 - [TEST_STEP][PASSED] - verifyTextPresent("Please print this receipt for your records", true): Text 'Please print this receipt for your records' is present on page  using regular expression

2023-12-16 21:26:45 - [MESSAGE][PASSED] - Text 'Please print this receipt for your records' is present on page  using regular expression

2023-12-16 21:26:45 - [TEST_STEP][PASSED] - verifyTextPresent("$1.00", false): Text '$1.00' is present on page 

2023-12-16 21:26:46 - [MESSAGE][PASSED] - Text '$1.00' is present on page 

2023-12-16 21:26:46 - [TEST_STEP][PASSED] - verifyTextPresent("Authorization and Capture", true): Text 'Authorization and Capture' is present on page  using regular expression

2023-12-16 21:26:46 - [MESSAGE][PASSED] - Text 'Authorization and Capture' is present on page  using regular expression

2023-12-16 21:26:46 - [TEST_STEP][PASSED] - verifyTextPresent("Visa", true): Text 'Visa' is present on page  using regular expression

2023-12-16 21:26:46 - [MESSAGE][PASSED] - Text 'Visa' is present on page  using regular expression

2023-12-16 21:26:46 - [TEST_STEP][PASSED] - verifyTextPresent("LESLIE HOWARD", true): Text 'LESLIE HOWARD' is present on page  using regular expression

2023-12-16 21:26:46 - [MESSAGE][PASSED] - Text 'LESLIE HOWARD' is present on page  using regular expression

2023-12-16 21:26:46 - [TEST_STEP][PASSED] - verifyTextPresent("1111", true): Text '1111' is present on page  using regular expression

2023-12-16 21:26:47 - [MESSAGE][PASSED] - Text '1111' is present on page  using regular expression

2023-12-16 21:26:47 - [TEST_STEP][PASSED] - println("End Test: SCFBelowFloorCC"): null]]></system-out>
         <system-err><![CDATA[]]></system-err>
      </testcase>
      <testcase name="Test Cases/IntegratedWeb/IWP23-SelIDE/SCFBelowFloorPC" time="28.263" classname="Test Cases/IntegratedWeb/IWP23-SelIDE/SCFBelowFloorPC" status="PASSED">
         <system-out><![CDATA[2023-12-16 21:26:47 - [TEST_CASE][PASSED] - Test Cases/IntegratedWeb/IWP23-SelIDE/SCFBelowFloorPC: Test Cases/IntegratedWeb/IWP23-SelIDE/SCFBelowFloorPC

2023-12-16 21:26:47 - [TEST_STEP][PASSED] - softAssertion = new org.testng.asserts.SoftAssert(): null

2023-12-16 21:26:47 - [TEST_STEP][PASSED] - openBrowser("https://www.google.com/"): Browser is opened with url: 'https://www.google.com/'

2023-12-16 21:26:47 - [MESSAGE][WARNING] - A browser is already opened. Closing browser and opening a new one

2023-12-16 21:26:48 - [MESSAGE][INFO] - Starting 'Chrome' driver

2023-12-16 21:26:48 - [MESSAGE][INFO] - User set preference: ['acceptInsecureCerts', 'true']

2023-12-16 21:26:48 - [MESSAGE][INFO] - Action delay is set to 0 milliseconds

2023-12-16 21:26:51 - [MESSAGE][PASSED] - Browser is opened with url: 'https://www.google.com/'

2023-12-16 21:26:51 - [TEST_STEP][PASSED] - driver = getWebDriver(): null

2023-12-16 21:26:51 - [TEST_STEP][PASSED] - baseUrl = "https://www.google.com/": null

2023-12-16 21:26:51 - [TEST_STEP][PASSED] - selenium = new com.thoughtworks.selenium.webdriven.WebDriverBackedSelenium(driver, baseUrl): null

2023-12-16 21:26:51 - [TEST_STEP][PASSED] - println("Begin Test: SCFBelowFloorPC"): null

2023-12-16 21:26:51 - [TEST_STEP][PASSED] - emulatorURL = urlEmulator: null

2023-12-16 21:26:51 - [TEST_STEP][PASSED] - selenium.open(emulatorURL): null

2023-12-16 21:26:52 - [TEST_STEP][PASSED] - selenium.selectWindow("null"): null

2023-12-16 21:26:52 - [TEST_STEP][PASSED] - selenium.select("name=message_version", "label=2.3"): null

2023-12-16 21:26:52 - [TEST_STEP][PASSED] - selenium.waitForPageToLoad("30000"): null

2023-12-16 21:26:52 - [TEST_STEP][PASSED] - selenium.type("name=amount", 00".toString()): null

2023-12-16 21:26:53 - [TEST_STEP][PASSED] - selenium.type("name=client_account_number", "CAN12345"): null

2023-12-16 21:26:53 - [TEST_STEP][PASSED] - selenium.type("name=action_type", "PayNow"): null

2023-12-16 21:26:53 - [TEST_STEP][PASSED] - selenium.type("name=language", "en_US"): null

2023-12-16 21:26:53 - [TEST_STEP][PASSED] - selenium.type("name=billing_firstname", "Mandy"): null

2023-12-16 21:26:53 - [TEST_STEP][PASSED] - selenium.type("name=billing_lastname", "Iguera"): null

2023-12-16 21:26:53 - [TEST_STEP][PASSED] - selenium.type("name=billing_address", "56 World Center Drive".toString()): null

2023-12-16 21:26:53 - [TEST_STEP][PASSED] - selenium.type("name=billing_address2", "Suite 600".toString()): null

2023-12-16 21:26:53 - [TEST_STEP][PASSED] - selenium.type("name=billing_country_id", "840"): null

2023-12-16 21:26:53 - [TEST_STEP][PASSED] - selenium.type("name=billing_city", "Orlando"): null

2023-12-16 21:26:53 - [TEST_STEP][PASSED] - selenium.type("name=billing_state", "NH"): null

2023-12-16 21:26:53 - [TEST_STEP][PASSED] - selenium.type("name=billing_zip", "03106"): null

2023-12-16 21:26:53 - [TEST_STEP][PASSED] - selenium.type("name=order_number", "PPPPOOOO"): null

2023-12-16 21:26:53 - [TEST_STEP][PASSED] - selenium.type("name=user_defined1", "udf1"): null

2023-12-16 21:26:53 - [TEST_STEP][PASSED] - selenium.type("name=user_defined2", "udf2"): null

2023-12-16 21:26:53 - [TEST_STEP][PASSED] - selenium.type("name=user_defined3", "udf3"): null

2023-12-16 21:26:53 - [TEST_STEP][PASSED] - selenium.type("name=user_defined4", "Orange Label".toString()): null

2023-12-16 21:26:53 - [TEST_STEP][PASSED] - selenium.type("name=user_defined5", "Soccer Label".toString()): null

2023-12-16 21:26:53 - [TEST_STEP][PASSED] - selenium.click("name=submit"): null

2023-12-16 21:26:54 - [TEST_STEP][PASSED] - selenium.waitForPageToLoad("30000"): null

2023-12-16 21:26:54 - [TEST_STEP][PASSED] - Thread.sleep(2000): null

2023-12-16 21:26:56 - [TEST_STEP][PASSED] - testHarnessURL = urlTestHarness: null

2023-12-16 21:26:56 - [TEST_STEP][PASSED] - selenium.open(testHarnessURL): null

2023-12-16 21:26:56 - [TEST_STEP][PASSED] - selenium.type("name=application_id", "636"): null

2023-12-16 21:26:57 - [TEST_STEP][PASSED] - selenium.type("name=message_version", 3".toString()): null

2023-12-16 21:26:57 - [TEST_STEP][PASSED] - genRemIDVoid = RandomStringUtils.random(12, true, true): null

2023-12-16 21:26:57 - [TEST_STEP][PASSED] - selenium.type("name=remittance_id", genRemIDVoid): null

2023-12-16 21:26:57 - [TEST_STEP][PASSED] - selenium.click("css=input.formSubmit"): null

2023-12-16 21:26:57 - [TEST_STEP][PASSED] - selenium.waitForPageToLoad("30000"): null

2023-12-16 21:26:58 - [TEST_STEP][PASSED] - selenium.click("xpath=(//input[@name='paymentMethod'])[2]"): null

2023-12-16 21:26:58 - [TEST_STEP][PASSED] - selenium.click("css=input[type="submit"]"): null

2023-12-16 21:26:59 - [TEST_STEP][PASSED] - selenium.waitForPageToLoad("30000"): null

2023-12-16 21:27:00 - [TEST_STEP][PASSED] - selenium.type("name=amount", 00".toString()): null

2023-12-16 21:27:00 - [TEST_STEP][PASSED] - selenium.type("name=billingFirstname", "Mike"): null

2023-12-16 21:27:00 - [TEST_STEP][PASSED] - selenium.type("name=billingLastname", "Chingiti"): null

2023-12-16 21:27:00 - [TEST_STEP][PASSED] - selenium.type("id=routingNumber", "256072691"): null

2023-12-16 21:27:00 - [TEST_STEP][PASSED] - selenium.type("id=accountNumber", "11111111"): null

2023-12-16 21:27:00 - [TEST_STEP][PASSED] - selenium.type("id=confirmAccountNumber", "11111111"): null

2023-12-16 21:27:00 - [TEST_STEP][PASSED] - selenium.click("name=accountType"): null

2023-12-16 21:27:00 - [TEST_STEP][PASSED] - selenium.type("name=billingAddress", "104 main road".toString()): null

2023-12-16 21:27:00 - [TEST_STEP][PASSED] - selenium.type("name=billingAddress2", ""): null

2023-12-16 21:27:00 - [TEST_STEP][PASSED] - selenium.type("id=billing-zip-input", "22201"): null

2023-12-16 21:27:01 - [TEST_STEP][PASSED] - selenium.click("id=checkedAcceptCondition"): null

2023-12-16 21:27:01 - [TEST_STEP][PASSED] - selenium.click("name=achSubmit"): null

2023-12-16 21:27:01 - [TEST_STEP][PASSED] - selenium.waitForPageToLoad("30000"): null

2023-12-16 21:27:02 - [TEST_STEP][PASSED] - verifyTextPresent("Please verify the following information:", true): Text 'Please verify the following information:' is present on page  using regular expression

2023-12-16 21:27:02 - [MESSAGE][PASSED] - Text 'Please verify the following information:' is present on page  using regular expression

2023-12-16 21:27:02 - [TEST_STEP][PASSED] - verifyTextPresent("Is this information correct", true): Text 'Is this information correct' is present on page  using regular expression

2023-12-16 21:27:02 - [MESSAGE][PASSED] - Text 'Is this information correct' is present on page  using regular expression

2023-12-16 21:27:02 - [TEST_STEP][PASSED] - selenium.click("name=confirmNotifyAction"): null

2023-12-16 21:27:03 - [TEST_STEP][PASSED] - selenium.waitForPageToLoad("30000"): null

2023-12-16 21:27:03 - [TEST_STEP][PASSED] - Thread.sleep(8000): null

2023-12-16 21:27:11 - [TEST_STEP][PASSED] - verifyTextPresent("Successful Payment Receipt", true): Text 'Successful Payment Receipt' is present on page  using regular expression

2023-12-16 21:27:11 - [MESSAGE][PASSED] - Text 'Successful Payment Receipt' is present on page  using regular expression

2023-12-16 21:27:11 - [TEST_STEP][PASSED] - verifyTextPresent("$1.00", false): Text '$1.00' is present on page 

2023-12-16 21:27:12 - [MESSAGE][PASSED] - Text '$1.00' is present on page 

2023-12-16 21:27:12 - [TEST_STEP][PASSED] - verifyTextPresent("Debit", true): Text 'Debit' is present on page  using regular expression

2023-12-16 21:27:12 - [MESSAGE][PASSED] - Text 'Debit' is present on page  using regular expression

2023-12-16 21:27:12 - [TEST_STEP][PASSED] - verifyTextPresent("Personal", true): Text 'Personal' is present on page  using regular expression

2023-12-16 21:27:12 - [MESSAGE][PASSED] - Text 'Personal' is present on page  using regular expression

2023-12-16 21:27:12 - [TEST_STEP][PASSED] - verifyTextPresent("Checking", true): Text 'Checking' is present on page  using regular expression

2023-12-16 21:27:13 - [MESSAGE][PASSED] - Text 'Checking' is present on page  using regular expression

2023-12-16 21:27:13 - [TEST_STEP][PASSED] - verifyTextPresent("1111", true): Text '1111' is present on page  using regular expression

2023-12-16 21:27:13 - [MESSAGE][PASSED] - Text '1111' is present on page  using regular expression

2023-12-16 21:27:13 - [TEST_STEP][PASSED] - verifyTextPresent("2691", true): Text '2691' is present on page  using regular expression

2023-12-16 21:27:13 - [MESSAGE][PASSED] - Text '2691' is present on page  using regular expression

2023-12-16 21:27:13 - [TEST_STEP][PASSED] - verifyTextPresent("MIKE CHINGITI", true): Text 'MIKE CHINGITI' is present on page  using regular expression

2023-12-16 21:27:14 - [MESSAGE][PASSED] - Text 'MIKE CHINGITI' is present on page  using regular expression

2023-12-16 21:27:14 - [TEST_STEP][PASSED] - verifyTextPresent("104 main road", true): Text '104 main road' is present on page  using regular expression

2023-12-16 21:27:14 - [MESSAGE][PASSED] - Text '104 main road' is present on page  using regular expression

2023-12-16 21:27:14 - [TEST_STEP][PASSED] - verifyTextPresent("United States", true): Text 'United States' is present on page  using regular expression

2023-12-16 21:27:14 - [MESSAGE][PASSED] - Text 'United States' is present on page  using regular expression

2023-12-16 21:27:14 - [TEST_STEP][PASSED] - verifyTextPresent("ARLINGTON", true): Text 'ARLINGTON' is present on page  using regular expression

2023-12-16 21:27:14 - [MESSAGE][PASSED] - Text 'ARLINGTON' is present on page  using regular expression

2023-12-16 21:27:14 - [TEST_STEP][PASSED] - verifyTextPresent("Virginia", true): Text 'Virginia' is present on page  using regular expression

2023-12-16 21:27:15 - [MESSAGE][PASSED] - Text 'Virginia' is present on page  using regular expression

2023-12-16 21:27:15 - [TEST_STEP][PASSED] - verifyTextPresent("22201", true): Text '22201' is present on page  using regular expression

2023-12-16 21:27:15 - [MESSAGE][PASSED] - Text '22201' is present on page  using regular expression

2023-12-16 21:27:15 - [TEST_STEP][PASSED] - println("End Test: SCFBelowFloorPC"): null]]></system-out>
         <system-err><![CDATA[]]></system-err>
      </testcase>
      <testcase name="Test Cases/IntegratedWeb/IWP23-SelIDE/SCFcancelOnCFCC" time="23.663" classname="Test Cases/IntegratedWeb/IWP23-SelIDE/SCFcancelOnCFCC" status="PASSED">
         <system-out><![CDATA[2023-12-16 21:27:15 - [TEST_CASE][PASSED] - Test Cases/IntegratedWeb/IWP23-SelIDE/SCFcancelOnCFCC: Test Cases/IntegratedWeb/IWP23-SelIDE/SCFcancelOnCFCC

2023-12-16 21:27:16 - [TEST_STEP][PASSED] - softAssertion = new org.testng.asserts.SoftAssert(): null

2023-12-16 21:27:16 - [TEST_STEP][PASSED] - openBrowser("https://www.google.com/"): Browser is opened with url: 'https://www.google.com/'

2023-12-16 21:27:16 - [MESSAGE][WARNING] - A browser is already opened. Closing browser and opening a new one

2023-12-16 21:27:17 - [MESSAGE][INFO] - Starting 'Chrome' driver

2023-12-16 21:27:17 - [MESSAGE][INFO] - User set preference: ['acceptInsecureCerts', 'true']

2023-12-16 21:27:17 - [MESSAGE][INFO] - Action delay is set to 0 milliseconds

2023-12-16 21:27:19 - [MESSAGE][PASSED] - Browser is opened with url: 'https://www.google.com/'

2023-12-16 21:27:19 - [TEST_STEP][PASSED] - driver = getWebDriver(): null

2023-12-16 21:27:19 - [TEST_STEP][PASSED] - baseUrl = "https://www.google.com/": null

2023-12-16 21:27:19 - [TEST_STEP][PASSED] - selenium = new com.thoughtworks.selenium.webdriven.WebDriverBackedSelenium(driver, baseUrl): null

2023-12-16 21:27:19 - [TEST_STEP][PASSED] - println("Begin Test: SCFcancelOnCFCC"): null

2023-12-16 21:27:19 - [TEST_STEP][PASSED] - emulatorURL = urlEmulator: null

2023-12-16 21:27:19 - [TEST_STEP][PASSED] - selenium.open(emulatorURL): null

2023-12-16 21:27:20 - [TEST_STEP][PASSED] - selenium.selectWindow("null"): null

2023-12-16 21:27:20 - [TEST_STEP][PASSED] - selenium.select("name=message_version", "label=2.3"): null

2023-12-16 21:27:20 - [TEST_STEP][PASSED] - selenium.waitForPageToLoad("30000"): null

2023-12-16 21:27:21 - [TEST_STEP][PASSED] - selenium.type("name=amount", 00".toString()): null

2023-12-16 21:27:21 - [TEST_STEP][PASSED] - selenium.type("name=client_account_number", "CAN12345"): null

2023-12-16 21:27:21 - [TEST_STEP][PASSED] - selenium.type("name=action_type", "PayNow"): null

2023-12-16 21:27:21 - [TEST_STEP][PASSED] - selenium.type("name=language", "en_US"): null

2023-12-16 21:27:21 - [TEST_STEP][PASSED] - selenium.type("name=billing_firstname", "Mandy"): null

2023-12-16 21:27:21 - [TEST_STEP][PASSED] - selenium.type("name=billing_lastname", "Iguera"): null

2023-12-16 21:27:21 - [TEST_STEP][PASSED] - selenium.type("name=billing_address", "56 World Center Drive".toString()): null

2023-12-16 21:27:21 - [TEST_STEP][PASSED] - selenium.type("name=billing_address2", "Suite 600".toString()): null

2023-12-16 21:27:21 - [TEST_STEP][PASSED] - selenium.type("name=billing_country_id", "840"): null

2023-12-16 21:27:21 - [TEST_STEP][PASSED] - selenium.type("name=billing_city", "Orlando"): null

2023-12-16 21:27:21 - [TEST_STEP][PASSED] - selenium.type("name=billing_state", "NH"): null

2023-12-16 21:27:21 - [TEST_STEP][PASSED] - selenium.type("name=billing_zip", "03106"): null

2023-12-16 21:27:21 - [TEST_STEP][PASSED] - selenium.type("name=order_number", "PPPPOOOO"): null

2023-12-16 21:27:21 - [TEST_STEP][PASSED] - selenium.type("name=user_defined1", "udf1"): null

2023-12-16 21:27:21 - [TEST_STEP][PASSED] - selenium.type("name=user_defined2", "udf2"): null

2023-12-16 21:27:21 - [TEST_STEP][PASSED] - selenium.type("name=user_defined3", "udf3"): null

2023-12-16 21:27:22 - [TEST_STEP][PASSED] - selenium.type("name=user_defined4", "Orange Label".toString()): null

2023-12-16 21:27:22 - [TEST_STEP][PASSED] - selenium.type("name=user_defined5", "Soccer Label".toString()): null

2023-12-16 21:27:22 - [TEST_STEP][PASSED] - selenium.click("name=submit"): null

2023-12-16 21:27:22 - [TEST_STEP][PASSED] - selenium.waitForPageToLoad("30000"): null

2023-12-16 21:27:22 - [TEST_STEP][PASSED] - testHarnessURL = urlTestHarness: null

2023-12-16 21:27:22 - [TEST_STEP][PASSED] - selenium.open(testHarnessURL): null

2023-12-16 21:27:23 - [TEST_STEP][PASSED] - Thread.sleep(2000): null

2023-12-16 21:27:25 - [TEST_STEP][PASSED] - selenium.type("name=application_id", "636"): null

2023-12-16 21:27:25 - [TEST_STEP][PASSED] - selenium.type("name=message_version", 3".toString()): null

2023-12-16 21:27:25 - [TEST_STEP][PASSED] - genRemIDVoid = RandomStringUtils.random(12, true, true): null

2023-12-16 21:27:25 - [TEST_STEP][PASSED] - selenium.type("name=remittance_id", genRemIDVoid): null

2023-12-16 21:27:25 - [TEST_STEP][PASSED] - selenium.click("css=input.formSubmit"): null

2023-12-16 21:27:26 - [TEST_STEP][PASSED] - selenium.waitForPageToLoad("30000"): null

2023-12-16 21:27:26 - [TEST_STEP][PASSED] - selenium.selectWindow("null"): null

2023-12-16 21:27:26 - [TEST_STEP][PASSED] - selenium.click("name=paymentMethod"): null

2023-12-16 21:27:26 - [TEST_STEP][PASSED] - selenium.click("css=input[type="submit"]"): null

2023-12-16 21:27:27 - [TEST_STEP][PASSED] - selenium.waitForPageToLoad("30000"): null

2023-12-16 21:27:28 - [TEST_STEP][PASSED] - selenium.type("name=amount", 50".toString()): null

2023-12-16 21:27:28 - [TEST_STEP][PASSED] - selenium.type("name=billingName", "Leslie Howard".toString()): null

2023-12-16 21:27:28 - [TEST_STEP][PASSED] - selenium.type("id=cardNumber", "4111111111111111"): null

2023-12-16 21:27:28 - [TEST_STEP][PASSED] - selenium.type("id=spc", "568"): null

2023-12-16 21:27:28 - [TEST_STEP][PASSED] - selenium.select("name=cardExpMonth", "label=02"): null

2023-12-16 21:27:28 - [TEST_STEP][PASSED] - selenium.select("name=cardExpYear", "label=2028"): null

2023-12-16 21:27:28 - [TEST_STEP][PASSED] - selenium.type("name=billingAddress", "778 Main street".toString()): null

2023-12-16 21:27:28 - [TEST_STEP][PASSED] - selenium.type("name=billingAddress2", ""): null

2023-12-16 21:27:28 - [TEST_STEP][PASSED] - selenium.type("id=billing-zip-input", "22201"): null

2023-12-16 21:27:28 - [TEST_STEP][PASSED] - selenium.type("name=emailAddress", ""): null

2023-12-16 21:27:28 - [TEST_STEP][PASSED] - selenium.click("id=checkedAcceptCondition"): null

2023-12-16 21:27:28 - [TEST_STEP][PASSED] - selenium.click("name=ccSubmit"): null

2023-12-16 21:27:29 - [TEST_STEP][PASSED] - selenium.waitForPageToLoad("30000"): null

2023-12-16 21:27:29 - [TEST_STEP][PASSED] - verifyTextPresent("Please verify the following information:", true): Text 'Please verify the following information:' is present on page  using regular expression

2023-12-16 21:27:30 - [MESSAGE][PASSED] - Text 'Please verify the following information:' is present on page  using regular expression

2023-12-16 21:27:30 - [TEST_STEP][PASSED] - verifyTextPresent("Is this information correct", true): Text 'Is this information correct' is present on page  using regular expression

2023-12-16 21:27:30 - [MESSAGE][PASSED] - Text 'Is this information correct' is present on page  using regular expression

2023-12-16 21:27:30 - [TEST_STEP][PASSED] - selenium.click("name=confirmNotifyAction"): null

2023-12-16 21:27:31 - [TEST_STEP][PASSED] - selenium.waitForPageToLoad("30000"): null

2023-12-16 21:27:31 - [TEST_STEP][PASSED] - verifyTextPresent("Payment Amount:", true): Text 'Payment Amount:' is present on page  using regular expression

2023-12-16 21:27:31 - [MESSAGE][PASSED] - Text 'Payment Amount:' is present on page  using regular expression

2023-12-16 21:27:31 - [TEST_STEP][PASSED] - verifyTextPresent("Convenience Fees:", true): Text 'Convenience Fees:' is present on page  using regular expression

2023-12-16 21:27:32 - [MESSAGE][PASSED] - Text 'Convenience Fees:' is present on page  using regular expression

2023-12-16 21:27:32 - [TEST_STEP][PASSED] - verifyTextPresent("Total Amount:", true): Text 'Total Amount:' is present on page  using regular expression

2023-12-16 21:27:32 - [MESSAGE][PASSED] - Text 'Total Amount:' is present on page  using regular expression

2023-12-16 21:27:32 - [TEST_STEP][PASSED] - verifyTextPresent("This transaction is subject to a Convenience Fees of $2.00", false): Text 'This transaction is subject to a Convenience Fees of $2.00' is present on page 

2023-12-16 21:27:32 - [MESSAGE][PASSED] - Text 'This transaction is subject to a Convenience Fees of $2.00' is present on page 

2023-12-16 21:27:32 - [TEST_STEP][PASSED] - verifyTextPresent("$11.50", false): Text '$11.50' is present on page 

2023-12-16 21:27:33 - [MESSAGE][PASSED] - Text '$11.50' is present on page 

2023-12-16 21:27:33 - [TEST_STEP][PASSED] - verifyTextPresent("$2.00", false): Text '$2.00' is present on page 

2023-12-16 21:27:33 - [MESSAGE][PASSED] - Text '$2.00' is present on page 

2023-12-16 21:27:33 - [TEST_STEP][PASSED] - verifyTextPresent("$13.50", false): Text '$13.50' is present on page 

2023-12-16 21:27:33 - [MESSAGE][PASSED] - Text '$13.50' is present on page 

2023-12-16 21:27:33 - [TEST_STEP][PASSED] - verifyTextPresent("One transaction in the amount of $13.50 will appear on your bank statement", false): Text 'One transaction in the amount of $13.50 will appear on your bank statement' is present on page 

2023-12-16 21:27:33 - [MESSAGE][PASSED] - Text 'One transaction in the amount of $13.50 will appear on your bank statement' is present on page 

2023-12-16 21:27:33 - [TEST_STEP][PASSED] - selenium.click("document.process.convFeeNotifyAction[1]"): null

2023-12-16 21:27:34 - [TEST_STEP][PASSED] - selenium.waitForPageToLoad("30000"): null

2023-12-16 21:27:34 - [TEST_STEP][PASSED] - Thread.sleep(4000): null

2023-12-16 21:27:38 - [TEST_STEP][PASSED] - verifyTextPresent("Payment Canceled", true): Text 'Payment Canceled' is present on page  using regular expression

2023-12-16 21:27:39 - [MESSAGE][PASSED] - Text 'Payment Canceled' is present on page  using regular expression

2023-12-16 21:27:39 - [TEST_STEP][PASSED] - println("End Test: SCFcancelOnCFCC"): null]]></system-out>
         <system-err><![CDATA[]]></system-err>
      </testcase>
      <testcase name="Test Cases/IntegratedWeb/IWP23-SelIDE/SCFCancelOnCFPC" time="19.308" classname="Test Cases/IntegratedWeb/IWP23-SelIDE/SCFCancelOnCFPC" status="ERROR">
         <error type="ERROR" message="Test Cases/IntegratedWeb/IWP23-SelIDE/SCFCancelOnCFPC FAILED.
Reason:
com.thoughtworks.selenium.SeleniumException: Element document.pocess.convFeeNotifyAction[1] not found
	at com.thoughtworks.selenium.webdriven.ElementFinder.findElement(ElementFinder.java:93)
	at com.thoughtworks.selenium.webdriven.commands.Click.handleSeleneseCommand(Click.java:39)
	at com.thoughtworks.selenium.webdriven.commands.Click.handleSeleneseCommand(Click.java:26)
	at com.thoughtworks.selenium.webdriven.SeleneseCommand.apply(SeleneseCommand.java:36)
	at com.thoughtworks.selenium.webdriven.Timer.run(Timer.java:41)
	at com.thoughtworks.selenium.webdriven.WebDriverCommandProcessor.execute(WebDriverCommandProcessor.java:150)
	at com.thoughtworks.selenium.webdriven.WebDriverCommandProcessor.doCommand(WebDriverCommandProcessor.java:76)
	at com.thoughtworks.selenium.DefaultSelenium.click(DefaultSelenium.java:198)
	at com.thoughtworks.selenium.Selenium$click$3.call(Unknown Source)
	at SCFCancelOnCFPC.run(SCFCancelOnCFPC:155)
	at com.kms.katalon.core.main.ScriptEngine.run(ScriptEngine.java:194)
	at com.kms.katalon.core.main.ScriptEngine.runScriptAsRawText(ScriptEngine.java:119)
	at com.kms.katalon.core.main.TestCaseExecutor.runScript(TestCaseExecutor.java:448)
	at com.kms.katalon.core.main.TestCaseExecutor.doExecute(TestCaseExecutor.java:439)
	at com.kms.katalon.core.main.TestCaseExecutor.processExecutionPhase(TestCaseExecutor.java:418)
	at com.kms.katalon.core.main.TestCaseExecutor.accessMainPhase(TestCaseExecutor.java:410)
	at com.kms.katalon.core.main.TestCaseExecutor.execute(TestCaseExecutor.java:285)
	at com.kms.katalon.core.main.TestCaseExecutor.execute(TestCaseExecutor.java:369)
	at com.kms.katalon.core.main.TestCaseExecutor.execute(TestCaseExecutor.java:369)
	at com.kms.katalon.core.main.TestCaseExecutor.execute(TestCaseExecutor.java:369)
	at com.kms.katalon.core.common.CommonExecutor.accessTestCaseMainPhase(CommonExecutor.java:65)
	at com.kms.katalon.core.main.TestSuiteExecutor.accessTestSuiteMainPhase(TestSuiteExecutor.java:148)
	at com.kms.katalon.core.main.TestSuiteExecutor.execute(TestSuiteExecutor.java:106)
	at com.kms.katalon.core.main.TestCaseMain.startTestSuite(TestCaseMain.java:187)
	at com.kms.katalon.core.main.TestCaseMain$startTestSuite$0.call(Unknown Source)
	at TempTestSuite1702778440031.run(TempTestSuite1702778440031.groovy:36)
Caused by: org.openqa.selenium.JavascriptException: javascript error: Element document.pocess.convFeeNotifyAction[1] not found
  (Session info: chrome=120.0.6099.109)
Build info: version: '3.141.59', revision: 'e82be7d358', time: '2018-11-14T08:25:53'
System info: host: 'DESKTOP-B2QI6NS', ip: '172.31.253.139', os.name: 'Windows 10', os.arch: 'amd64', os.version: '10.0', java.version: '1.8.0_181'
Driver info: com.kms.katalon.selenium.driver.CChromeDriver
Capabilities {acceptInsecureCerts: true, browserName: chrome, browserVersion: 120.0.6099.109, chrome: {chromedriverVersion: 119.0.6045.105 (38c72552c5e..., userDataDir: C:\Users\imtiaz\AppData\Loc...}, fedcm:accounts: true, goog:chromeOptions: {debuggerAddress: localhost:62272}, javascriptEnabled: true, networkConnectionEnabled: false, pageLoadStrategy: normal, platform: WINDOWS, platformName: WINDOWS, proxy: Proxy(), setWindowRect: true, strictFileInteractability: false, timeouts: {implicit: 0, pageLoad: 300000, script: 30000}, unhandledPromptBehavior: dismiss and notify, webauthn:extension:credBlob: true, webauthn:extension:largeBlob: true, webauthn:extension:minPinLength: true, webauthn:extension:prf: true, webauthn:virtualAuthenticators: true}
Session ID: 2d2034cfc0a59a251912616adef09fa3
	at org.openqa.selenium.remote.http.W3CHttpResponseCodec.createException(W3CHttpResponseCodec.java:187)
	at org.openqa.selenium.remote.http.W3CHttpResponseCodec.decode(W3CHttpResponseCodec.java:122)
	at org.openqa.selenium.remote.http.W3CHttpResponseCodec.decode(W3CHttpResponseCodec.java:49)
	at org.openqa.selenium.remote.HttpCommandExecutor.execute(HttpCommandExecutor.java:158)
	at org.openqa.selenium.remote.service.DriverCommandExecutor.execute(DriverCommandExecutor.java:83)
	at org.openqa.selenium.remote.RemoteWebDriver.execute(RemoteWebDriver.java:552)
	at com.kms.katalon.selenium.driver.CChromeDriver.execute(CChromeDriver.java:19)
	at org.openqa.selenium.remote.RemoteWebDriver.executeScript(RemoteWebDriver.java:489)
	at org.openqa.selenium.support.events.EventFiringWebDriver.lambda$new$1(EventFiringWebDriver.java:105)
	at com.sun.proxy.$Proxy10.executeScript(Unknown Source)
	at org.openqa.selenium.support.events.EventFiringWebDriver.executeScript(EventFiringWebDriver.java:229)
	at com.thoughtworks.selenium.webdriven.ElementFinder.findElement(ElementFinder.java:91)
	... 25 more
"/>
         <system-out><![CDATA[2023-12-16 21:28:33 - [TEST_CASE][ERROR] - Test Cases/IntegratedWeb/IWP23-SelIDE/SCFCancelOnCFPC: Test Cases/IntegratedWeb/IWP23-SelIDE/SCFCancelOnCFPC FAILED.
Reason:
com.thoughtworks.selenium.SeleniumException: Element document.pocess.convFeeNotifyAction[1] not found
	at com.thoughtworks.selenium.webdriven.ElementFinder.findElement(ElementFinder.java:93)
	at com.thoughtworks.selenium.webdriven.commands.Click.handleSeleneseCommand(Click.java:39)
	at com.thoughtworks.selenium.webdriven.commands.Click.handleSeleneseCommand(Click.java:26)
	at com.thoughtworks.selenium.webdriven.SeleneseCommand.apply(SeleneseCommand.java:36)
	at com.thoughtworks.selenium.webdriven.Timer.run(Timer.java:41)
	at com.thoughtworks.selenium.webdriven.WebDriverCommandProcessor.execute(WebDriverCommandProcessor.java:150)
	at com.thoughtworks.selenium.webdriven.WebDriverCommandProcessor.doCommand(WebDriverCommandProcessor.java:76)
	at com.thoughtworks.selenium.DefaultSelenium.click(DefaultSelenium.java:198)
	at com.thoughtworks.selenium.Selenium$click$3.call(Unknown Source)
	at SCFCancelOnCFPC.run(SCFCancelOnCFPC:155)
	at com.kms.katalon.core.main.ScriptEngine.run(ScriptEngine.java:194)
	at com.kms.katalon.core.main.ScriptEngine.runScriptAsRawText(ScriptEngine.java:119)
	at com.kms.katalon.core.main.TestCaseExecutor.runScript(TestCaseExecutor.java:448)
	at com.kms.katalon.core.main.TestCaseExecutor.doExecute(TestCaseExecutor.java:439)
	at com.kms.katalon.core.main.TestCaseExecutor.processExecutionPhase(TestCaseExecutor.java:418)
	at com.kms.katalon.core.main.TestCaseExecutor.accessMainPhase(TestCaseExecutor.java:410)
	at com.kms.katalon.core.main.TestCaseExecutor.execute(TestCaseExecutor.java:285)
	at com.kms.katalon.core.main.TestCaseExecutor.execute(TestCaseExecutor.java:369)
	at com.kms.katalon.core.main.TestCaseExecutor.execute(TestCaseExecutor.java:369)
	at com.kms.katalon.core.main.TestCaseExecutor.execute(TestCaseExecutor.java:369)
	at com.kms.katalon.core.common.CommonExecutor.accessTestCaseMainPhase(CommonExecutor.java:65)
	at com.kms.katalon.core.main.TestSuiteExecutor.accessTestSuiteMainPhase(TestSuiteExecutor.java:148)
	at com.kms.katalon.core.main.TestSuiteExecutor.execute(TestSuiteExecutor.java:106)
	at com.kms.katalon.core.main.TestCaseMain.startTestSuite(TestCaseMain.java:187)
	at com.kms.katalon.core.main.TestCaseMain$startTestSuite$0.call(Unknown Source)
	at TempTestSuite1702778440031.run(TempTestSuite1702778440031.groovy:36)
Caused by: org.openqa.selenium.JavascriptException: javascript error: Element document.pocess.convFeeNotifyAction[1] not found
  (Session info: chrome=120.0.6099.109)
Build info: version: '3.141.59', revision: 'e82be7d358', time: '2018-11-14T08:25:53'
System info: host: 'DESKTOP-B2QI6NS', ip: '172.31.253.139', os.name: 'Windows 10', os.arch: 'amd64', os.version: '10.0', java.version: '1.8.0_181'
Driver info: com.kms.katalon.selenium.driver.CChromeDriver
Capabilities {acceptInsecureCerts: true, browserName: chrome, browserVersion: 120.0.6099.109, chrome: {chromedriverVersion: 119.0.6045.105 (38c72552c5e..., userDataDir: C:\Users\imtiaz\AppData\Loc...}, fedcm:accounts: true, goog:chromeOptions: {debuggerAddress: localhost:62272}, javascriptEnabled: true, networkConnectionEnabled: false, pageLoadStrategy: normal, platform: WINDOWS, platformName: WINDOWS, proxy: Proxy(), setWindowRect: true, strictFileInteractability: false, timeouts: {implicit: 0, pageLoad: 300000, script: 30000}, unhandledPromptBehavior: dismiss and notify, webauthn:extension:credBlob: true, webauthn:extension:largeBlob: true, webauthn:extension:minPinLength: true, webauthn:extension:prf: true, webauthn:virtualAuthenticators: true}
Session ID: 2d2034cfc0a59a251912616adef09fa3
	at org.openqa.selenium.remote.http.W3CHttpResponseCodec.createException(W3CHttpResponseCodec.java:187)
	at org.openqa.selenium.remote.http.W3CHttpResponseCodec.decode(W3CHttpResponseCodec.java:122)
	at org.openqa.selenium.remote.http.W3CHttpResponseCodec.decode(W3CHttpResponseCodec.java:49)
	at org.openqa.selenium.remote.HttpCommandExecutor.execute(HttpCommandExecutor.java:158)
	at org.openqa.selenium.remote.service.DriverCommandExecutor.execute(DriverCommandExecutor.java:83)
	at org.openqa.selenium.remote.RemoteWebDriver.execute(RemoteWebDriver.java:552)
	at com.kms.katalon.selenium.driver.CChromeDriver.execute(CChromeDriver.java:19)
	at org.openqa.selenium.remote.RemoteWebDriver.executeScript(RemoteWebDriver.java:489)
	at org.openqa.selenium.support.events.EventFiringWebDriver.lambda$new$1(EventFiringWebDriver.java:105)
	at com.sun.proxy.$Proxy10.executeScript(Unknown Source)
	at org.openqa.selenium.support.events.EventFiringWebDriver.executeScript(EventFiringWebDriver.java:229)
	at com.thoughtworks.selenium.webdriven.ElementFinder.findElement(ElementFinder.java:91)
	... 25 more


2023-12-16 21:28:33 - [TEST_STEP][PASSED] - softAssertion = new org.testng.asserts.SoftAssert(): null

2023-12-16 21:28:33 - [TEST_STEP][PASSED] - openBrowser("https://www.google.com/"): Browser is opened with url: 'https://www.google.com/'

2023-12-16 21:28:33 - [MESSAGE][WARNING] - A browser is already opened. Closing browser and opening a new one

2023-12-16 21:28:34 - [MESSAGE][INFO] - Starting 'Chrome' driver

2023-12-16 21:28:34 - [MESSAGE][INFO] - User set preference: ['acceptInsecureCerts', 'true']

2023-12-16 21:28:34 - [MESSAGE][INFO] - Action delay is set to 0 milliseconds

2023-12-16 21:28:37 - [MESSAGE][PASSED] - Browser is opened with url: 'https://www.google.com/'

2023-12-16 21:28:37 - [TEST_STEP][PASSED] - driver = getWebDriver(): null

2023-12-16 21:28:37 - [TEST_STEP][PASSED] - baseUrl = "https://www.google.com/": null

2023-12-16 21:28:37 - [TEST_STEP][PASSED] - selenium = new com.thoughtworks.selenium.webdriven.WebDriverBackedSelenium(driver, baseUrl): null

2023-12-16 21:28:37 - [TEST_STEP][PASSED] - println("Begin Test: SCFCancelOnCFPC"): null

2023-12-16 21:28:37 - [TEST_STEP][PASSED] - emulatorURL = urlEmulator: null

2023-12-16 21:28:37 - [TEST_STEP][PASSED] - selenium.open(emulatorURL): null

2023-12-16 21:28:38 - [TEST_STEP][PASSED] - selenium.selectWindow("null"): null

2023-12-16 21:28:38 - [TEST_STEP][PASSED] - selenium.select("name=message_version", "label=2.3"): null

2023-12-16 21:28:38 - [TEST_STEP][PASSED] - selenium.waitForPageToLoad("30000"): null

2023-12-16 21:28:39 - [TEST_STEP][PASSED] - selenium.type("name=amount", 00".toString()): null

2023-12-16 21:28:39 - [TEST_STEP][PASSED] - selenium.type("name=client_account_number", "CAN12345"): null

2023-12-16 21:28:39 - [TEST_STEP][PASSED] - selenium.type("name=action_type", "PayNow"): null

2023-12-16 21:28:39 - [TEST_STEP][PASSED] - selenium.type("name=language", "en_US"): null

2023-12-16 21:28:39 - [TEST_STEP][PASSED] - selenium.type("name=billing_firstname", "Mandy"): null

2023-12-16 21:28:39 - [TEST_STEP][PASSED] - selenium.type("name=billing_lastname", "Iguera"): null

2023-12-16 21:28:39 - [TEST_STEP][PASSED] - selenium.type("name=billing_address", "56 World Center Drive".toString()): null

2023-12-16 21:28:39 - [TEST_STEP][PASSED] - selenium.type("name=billing_address2", "Suite 600".toString()): null

2023-12-16 21:28:39 - [TEST_STEP][PASSED] - selenium.type("name=billing_country_id", "840"): null

2023-12-16 21:28:39 - [TEST_STEP][PASSED] - selenium.type("name=billing_city", "Orlando"): null

2023-12-16 21:28:39 - [TEST_STEP][PASSED] - selenium.type("name=billing_state", "NH"): null

2023-12-16 21:28:39 - [TEST_STEP][PASSED] - selenium.type("name=billing_zip", "03106"): null

2023-12-16 21:28:39 - [TEST_STEP][PASSED] - selenium.type("name=order_number", "PPPPOOOO"): null

2023-12-16 21:28:39 - [TEST_STEP][PASSED] - selenium.type("name=user_defined1", "udf1"): null

2023-12-16 21:28:39 - [TEST_STEP][PASSED] - selenium.type("name=user_defined2", "udf2"): null

2023-12-16 21:28:39 - [TEST_STEP][PASSED] - selenium.type("name=user_defined3", "udf3"): null

2023-12-16 21:28:39 - [TEST_STEP][PASSED] - selenium.type("name=user_defined4", "Orange Label".toString()): null

2023-12-16 21:28:39 - [TEST_STEP][PASSED] - selenium.type("name=user_defined5", "Soccer Label".toString()): null

2023-12-16 21:28:39 - [TEST_STEP][PASSED] - selenium.click("name=submit"): null

2023-12-16 21:28:40 - [TEST_STEP][PASSED] - selenium.waitForPageToLoad("30000"): null

2023-12-16 21:28:40 - [TEST_STEP][PASSED] - Thread.sleep(2000): null

2023-12-16 21:28:42 - [TEST_STEP][PASSED] - testHarnessURL = urlTestHarness: null

2023-12-16 21:28:42 - [TEST_STEP][PASSED] - selenium.open(testHarnessURL): null

2023-12-16 21:28:43 - [TEST_STEP][PASSED] - selenium.type("name=application_id", "636"): null

2023-12-16 21:28:43 - [TEST_STEP][PASSED] - selenium.type("name=message_version", 3".toString()): null

2023-12-16 21:28:43 - [TEST_STEP][PASSED] - genRemIDVoid = RandomStringUtils.random(12, true, true): null

2023-12-16 21:28:43 - [TEST_STEP][PASSED] - selenium.type("name=remittance_id", genRemIDVoid): null

2023-12-16 21:28:43 - [TEST_STEP][PASSED] - selenium.click("css=input.formSubmit"): null

2023-12-16 21:28:44 - [TEST_STEP][PASSED] - selenium.waitForPageToLoad("30000"): null

2023-12-16 21:28:44 - [TEST_STEP][PASSED] - selenium.click("xpath=(//input[@name='paymentMethod'])[2]"): null

2023-12-16 21:28:44 - [TEST_STEP][PASSED] - selenium.click("css=input[type="submit"]"): null

2023-12-16 21:28:46 - [TEST_STEP][PASSED] - selenium.waitForPageToLoad("30000"): null

2023-12-16 21:28:47 - [TEST_STEP][PASSED] - selenium.type("name=amount", 50".toString()): null

2023-12-16 21:28:47 - [TEST_STEP][PASSED] - selenium.type("name=billingFirstname", "Mike"): null

2023-12-16 21:28:47 - [TEST_STEP][PASSED] - selenium.type("name=billingLastname", "Chingiti"): null

2023-12-16 21:28:47 - [TEST_STEP][PASSED] - selenium.type("id=routingNumber", "256072691"): null

2023-12-16 21:28:47 - [TEST_STEP][PASSED] - selenium.type("id=accountNumber", "11111111"): null

2023-12-16 21:28:47 - [TEST_STEP][PASSED] - selenium.type("id=confirmAccountNumber", "11111111"): null

2023-12-16 21:28:47 - [TEST_STEP][PASSED] - selenium.click("name=accountType"): null

2023-12-16 21:28:47 - [TEST_STEP][PASSED] - selenium.type("name=billingAddress", "104 main road".toString()): null

2023-12-16 21:28:47 - [TEST_STEP][PASSED] - selenium.type("name=billingAddress2", ""): null

2023-12-16 21:28:47 - [TEST_STEP][PASSED] - selenium.type("id=billing-zip-input", "22201"): null

2023-12-16 21:28:48 - [TEST_STEP][PASSED] - selenium.click("id=checkedAcceptCondition"): null

2023-12-16 21:28:48 - [TEST_STEP][PASSED] - selenium.click("name=achSubmit"): null

2023-12-16 21:28:48 - [TEST_STEP][PASSED] - selenium.waitForPageToLoad("30000"): null

2023-12-16 21:28:49 - [TEST_STEP][PASSED] - verifyTextPresent("Please verify the following information:", true): Text 'Please verify the following information:' is present on page  using regular expression

2023-12-16 21:28:49 - [MESSAGE][PASSED] - Text 'Please verify the following information:' is present on page  using regular expression

2023-12-16 21:28:49 - [TEST_STEP][PASSED] - verifyTextPresent("Is this information correct", true): Text 'Is this information correct' is present on page  using regular expression

2023-12-16 21:28:49 - [MESSAGE][PASSED] - Text 'Is this information correct' is present on page  using regular expression

2023-12-16 21:28:49 - [TEST_STEP][PASSED] - selenium.click("name=confirmNotifyAction"): null

2023-12-16 21:28:50 - [TEST_STEP][PASSED] - selenium.waitForPageToLoad("30000"): null

2023-12-16 21:28:50 - [TEST_STEP][PASSED] - verifyTextPresent("This transaction is subject to a Convenience Fees of $2.00", false): Text 'This transaction is subject to a Convenience Fees of $2.00' is present on page 

2023-12-16 21:28:51 - [MESSAGE][PASSED] - Text 'This transaction is subject to a Convenience Fees of $2.00' is present on page 

2023-12-16 21:28:51 - [TEST_STEP][PASSED] - verifyTextPresent("Payment Amount:", true): Text 'Payment Amount:' is present on page  using regular expression

2023-12-16 21:28:51 - [MESSAGE][PASSED] - Text 'Payment Amount:' is present on page  using regular expression

2023-12-16 21:28:51 - [TEST_STEP][PASSED] - verifyTextPresent("$10.50", false): Text '$10.50' is present on page 

2023-12-16 21:28:51 - [MESSAGE][PASSED] - Text '$10.50' is present on page 

2023-12-16 21:28:51 - [TEST_STEP][PASSED] - verifyTextPresent("Convenience Fees:", true): Text 'Convenience Fees:' is present on page  using regular expression

2023-12-16 21:28:51 - [MESSAGE][PASSED] - Text 'Convenience Fees:' is present on page  using regular expression

2023-12-16 21:28:51 - [TEST_STEP][PASSED] - verifyTextPresent("$2.00", false): Text '$2.00' is present on page 

2023-12-16 21:28:52 - [MESSAGE][PASSED] - Text '$2.00' is present on page 

2023-12-16 21:28:52 - [TEST_STEP][PASSED] - verifyTextPresent("Total Amount:", true): Text 'Total Amount:' is present on page  using regular expression

2023-12-16 21:28:52 - [MESSAGE][PASSED] - Text 'Total Amount:' is present on page  using regular expression

2023-12-16 21:28:52 - [TEST_STEP][PASSED] - verifyTextPresent("$12.50", false): Text '$12.50' is present on page 

2023-12-16 21:28:52 - [MESSAGE][PASSED] - Text '$12.50' is present on page 

2023-12-16 21:28:52 - [TEST_STEP][PASSED] - verifyTextPresent("One transaction in the amount of $12.50 will appear on your bank statement", false): Text 'One transaction in the amount of $12.50 will appear on your bank statement' is present on page 

2023-12-16 21:28:52 - [MESSAGE][PASSED] - Text 'One transaction in the amount of $12.50 will appear on your bank statement' is present on page 

2023-12-16 21:28:52 - [TEST_STEP][ERROR] - selenium.click("document.pocess.convFeeNotifyAction[1]"): Test Cases/IntegratedWeb/IWP23-SelIDE/SCFCancelOnCFPC FAILED.
Reason:
com.thoughtworks.selenium.SeleniumException: Element document.pocess.convFeeNotifyAction[1] not found
	at com.thoughtworks.selenium.webdriven.ElementFinder.findElement(ElementFinder.java:93)
	at com.thoughtworks.selenium.webdriven.commands.Click.handleSeleneseCommand(Click.java:39)
	at com.thoughtworks.selenium.webdriven.commands.Click.handleSeleneseCommand(Click.java:26)
	at com.thoughtworks.selenium.webdriven.SeleneseCommand.apply(SeleneseCommand.java:36)
	at com.thoughtworks.selenium.webdriven.Timer.run(Timer.java:41)
	at com.thoughtworks.selenium.webdriven.WebDriverCommandProcessor.execute(WebDriverCommandProcessor.java:150)
	at com.thoughtworks.selenium.webdriven.WebDriverCommandProcessor.doCommand(WebDriverCommandProcessor.java:76)
	at com.thoughtworks.selenium.DefaultSelenium.click(DefaultSelenium.java:198)
	at com.thoughtworks.selenium.Selenium$click$3.call(Unknown Source)
	at SCFCancelOnCFPC.run(SCFCancelOnCFPC:155)
	at com.kms.katalon.core.main.ScriptEngine.run(ScriptEngine.java:194)
	at com.kms.katalon.core.main.ScriptEngine.runScriptAsRawText(ScriptEngine.java:119)
	at com.kms.katalon.core.main.TestCaseExecutor.runScript(TestCaseExecutor.java:448)
	at com.kms.katalon.core.main.TestCaseExecutor.doExecute(TestCaseExecutor.java:439)
	at com.kms.katalon.core.main.TestCaseExecutor.processExecutionPhase(TestCaseExecutor.java:418)
	at com.kms.katalon.core.main.TestCaseExecutor.accessMainPhase(TestCaseExecutor.java:410)
	at com.kms.katalon.core.main.TestCaseExecutor.execute(TestCaseExecutor.java:285)
	at com.kms.katalon.core.main.TestCaseExecutor.execute(TestCaseExecutor.java:369)
	at com.kms.katalon.core.main.TestCaseExecutor.execute(TestCaseExecutor.java:369)
	at com.kms.katalon.core.main.TestCaseExecutor.execute(TestCaseExecutor.java:369)
	at com.kms.katalon.core.common.CommonExecutor.accessTestCaseMainPhase(CommonExecutor.java:65)
	at com.kms.katalon.core.main.TestSuiteExecutor.accessTestSuiteMainPhase(TestSuiteExecutor.java:148)
	at com.kms.katalon.core.main.TestSuiteExecutor.execute(TestSuiteExecutor.java:106)
	at com.kms.katalon.core.main.TestCaseMain.startTestSuite(TestCaseMain.java:187)
	at com.kms.katalon.core.main.TestCaseMain$startTestSuite$0.call(Unknown Source)
	at TempTestSuite1702778440031.run(TempTestSuite1702778440031.groovy:36)
Caused by: org.openqa.selenium.JavascriptException: javascript error: Element document.pocess.convFeeNotifyAction[1] not found
  (Session info: chrome=120.0.6099.109)
Build info: version: '3.141.59', revision: 'e82be7d358', time: '2018-11-14T08:25:53'
System info: host: 'DESKTOP-B2QI6NS', ip: '172.31.253.139', os.name: 'Windows 10', os.arch: 'amd64', os.version: '10.0', java.version: '1.8.0_181'
Driver info: com.kms.katalon.selenium.driver.CChromeDriver
Capabilities {acceptInsecureCerts: true, browserName: chrome, browserVersion: 120.0.6099.109, chrome: {chromedriverVersion: 119.0.6045.105 (38c72552c5e..., userDataDir: C:\Users\imtiaz\AppData\Loc...}, fedcm:accounts: true, goog:chromeOptions: {debuggerAddress: localhost:62272}, javascriptEnabled: true, networkConnectionEnabled: false, pageLoadStrategy: normal, platform: WINDOWS, platformName: WINDOWS, proxy: Proxy(), setWindowRect: true, strictFileInteractability: false, timeouts: {implicit: 0, pageLoad: 300000, script: 30000}, unhandledPromptBehavior: dismiss and notify, webauthn:extension:credBlob: true, webauthn:extension:largeBlob: true, webauthn:extension:minPinLength: true, webauthn:extension:prf: true, webauthn:virtualAuthenticators: true}
Session ID: 2d2034cfc0a59a251912616adef09fa3
	at org.openqa.selenium.remote.http.W3CHttpResponseCodec.createException(W3CHttpResponseCodec.java:187)
	at org.openqa.selenium.remote.http.W3CHttpResponseCodec.decode(W3CHttpResponseCodec.java:122)
	at org.openqa.selenium.remote.http.W3CHttpResponseCodec.decode(W3CHttpResponseCodec.java:49)
	at org.openqa.selenium.remote.HttpCommandExecutor.execute(HttpCommandExecutor.java:158)
	at org.openqa.selenium.remote.service.DriverCommandExecutor.execute(DriverCommandExecutor.java:83)
	at org.openqa.selenium.remote.RemoteWebDriver.execute(RemoteWebDriver.java:552)
	at com.kms.katalon.selenium.driver.CChromeDriver.execute(CChromeDriver.java:19)
	at org.openqa.selenium.remote.RemoteWebDriver.executeScript(RemoteWebDriver.java:489)
	at org.openqa.selenium.support.events.EventFiringWebDriver.lambda$new$1(EventFiringWebDriver.java:105)
	at com.sun.proxy.$Proxy10.executeScript(Unknown Source)
	at org.openqa.selenium.support.events.EventFiringWebDriver.executeScript(EventFiringWebDriver.java:229)
	at com.thoughtworks.selenium.webdriven.ElementFinder.findElement(ElementFinder.java:91)
	at com.thoughtworks.selenium.webdriven.commands.Click.handleSeleneseCommand(Click.java:39)
	at com.thoughtworks.selenium.webdriven.commands.Click.handleSeleneseCommand(Click.java:26)
	at com.thoughtworks.selenium.webdriven.SeleneseCommand.apply(SeleneseCommand.java:36)
	at com.thoughtworks.selenium.webdriven.Timer.run(Timer.java:41)
	at com.thoughtworks.selenium.webdriven.WebDriverCommandProcessor.execute(WebDriverCommandProcessor.java:150)
	at com.thoughtworks.selenium.webdriven.WebDriverCommandProcessor.doCommand(WebDriverCommandProcessor.java:76)
	at com.thoughtworks.selenium.DefaultSelenium.click(DefaultSelenium.java:198)
	at com.thoughtworks.selenium.Selenium$click$3.call(Unknown Source)
	at Script1702501394687.run(Script1702501394687.groovy:155)
	... 16 more


2023-12-16 21:28:53 - [MESSAGE][ERROR] - Test Cases/IntegratedWeb/IWP23-SelIDE/SCFCancelOnCFPC FAILED.
Reason:
com.thoughtworks.selenium.SeleniumException: Element document.pocess.convFeeNotifyAction[1] not found
	at com.thoughtworks.selenium.webdriven.ElementFinder.findElement(ElementFinder.java:93)
	at com.thoughtworks.selenium.webdriven.commands.Click.handleSeleneseCommand(Click.java:39)
	at com.thoughtworks.selenium.webdriven.commands.Click.handleSeleneseCommand(Click.java:26)
	at com.thoughtworks.selenium.webdriven.SeleneseCommand.apply(SeleneseCommand.java:36)
	at com.thoughtworks.selenium.webdriven.Timer.run(Timer.java:41)
	at com.thoughtworks.selenium.webdriven.WebDriverCommandProcessor.execute(WebDriverCommandProcessor.java:150)
	at com.thoughtworks.selenium.webdriven.WebDriverCommandProcessor.doCommand(WebDriverCommandProcessor.java:76)
	at com.thoughtworks.selenium.DefaultSelenium.click(DefaultSelenium.java:198)
	at com.thoughtworks.selenium.Selenium$click$3.call(Unknown Source)
	at SCFCancelOnCFPC.run(SCFCancelOnCFPC:155)
	at com.kms.katalon.core.main.ScriptEngine.run(ScriptEngine.java:194)
	at com.kms.katalon.core.main.ScriptEngine.runScriptAsRawText(ScriptEngine.java:119)
	at com.kms.katalon.core.main.TestCaseExecutor.runScript(TestCaseExecutor.java:448)
	at com.kms.katalon.core.main.TestCaseExecutor.doExecute(TestCaseExecutor.java:439)
	at com.kms.katalon.core.main.TestCaseExecutor.processExecutionPhase(TestCaseExecutor.java:418)
	at com.kms.katalon.core.main.TestCaseExecutor.accessMainPhase(TestCaseExecutor.java:410)
	at com.kms.katalon.core.main.TestCaseExecutor.execute(TestCaseExecutor.java:285)
	at com.kms.katalon.core.main.TestCaseExecutor.execute(TestCaseExecutor.java:369)
	at com.kms.katalon.core.main.TestCaseExecutor.execute(TestCaseExecutor.java:369)
	at com.kms.katalon.core.main.TestCaseExecutor.execute(TestCaseExecutor.java:369)
	at com.kms.katalon.core.common.CommonExecutor.accessTestCaseMainPhase(CommonExecutor.java:65)
	at com.kms.katalon.core.main.TestSuiteExecutor.accessTestSuiteMainPhase(TestSuiteExecutor.java:148)
	at com.kms.katalon.core.main.TestSuiteExecutor.execute(TestSuiteExecutor.java:106)
	at com.kms.katalon.core.main.TestCaseMain.startTestSuite(TestCaseMain.java:187)
	at com.kms.katalon.core.main.TestCaseMain$startTestSuite$0.call(Unknown Source)
	at TempTestSuite1702778440031.run(TempTestSuite1702778440031.groovy:36)
Caused by: org.openqa.selenium.JavascriptException: javascript error: Element document.pocess.convFeeNotifyAction[1] not found
  (Session info: chrome=120.0.6099.109)
Build info: version: '3.141.59', revision: 'e82be7d358', time: '2018-11-14T08:25:53'
System info: host: 'DESKTOP-B2QI6NS', ip: '172.31.253.139', os.name: 'Windows 10', os.arch: 'amd64', os.version: '10.0', java.version: '1.8.0_181'
Driver info: com.kms.katalon.selenium.driver.CChromeDriver
Capabilities {acceptInsecureCerts: true, browserName: chrome, browserVersion: 120.0.6099.109, chrome: {chromedriverVersion: 119.0.6045.105 (38c72552c5e..., userDataDir: C:\Users\imtiaz\AppData\Loc...}, fedcm:accounts: true, goog:chromeOptions: {debuggerAddress: localhost:62272}, javascriptEnabled: true, networkConnectionEnabled: false, pageLoadStrategy: normal, platform: WINDOWS, platformName: WINDOWS, proxy: Proxy(), setWindowRect: true, strictFileInteractability: false, timeouts: {implicit: 0, pageLoad: 300000, script: 30000}, unhandledPromptBehavior: dismiss and notify, webauthn:extension:credBlob: true, webauthn:extension:largeBlob: true, webauthn:extension:minPinLength: true, webauthn:extension:prf: true, webauthn:virtualAuthenticators: true}
Session ID: 2d2034cfc0a59a251912616adef09fa3
	at org.openqa.selenium.remote.http.W3CHttpResponseCodec.createException(W3CHttpResponseCodec.java:187)
	at org.openqa.selenium.remote.http.W3CHttpResponseCodec.decode(W3CHttpResponseCodec.java:122)
	at org.openqa.selenium.remote.http.W3CHttpResponseCodec.decode(W3CHttpResponseCodec.java:49)
	at org.openqa.selenium.remote.HttpCommandExecutor.execute(HttpCommandExecutor.java:158)
	at org.openqa.selenium.remote.service.DriverCommandExecutor.execute(DriverCommandExecutor.java:83)
	at org.openqa.selenium.remote.RemoteWebDriver.execute(RemoteWebDriver.java:552)
	at com.kms.katalon.selenium.driver.CChromeDriver.execute(CChromeDriver.java:19)
	at org.openqa.selenium.remote.RemoteWebDriver.executeScript(RemoteWebDriver.java:489)
	at org.openqa.selenium.support.events.EventFiringWebDriver.lambda$new$1(EventFiringWebDriver.java:105)
	at com.sun.proxy.$Proxy10.executeScript(Unknown Source)
	at org.openqa.selenium.support.events.EventFiringWebDriver.executeScript(EventFiringWebDriver.java:229)
	at com.thoughtworks.selenium.webdriven.ElementFinder.findElement(ElementFinder.java:91)
	at com.thoughtworks.selenium.webdriven.commands.Click.handleSeleneseCommand(Click.java:39)
	at com.thoughtworks.selenium.webdriven.commands.Click.handleSeleneseCommand(Click.java:26)
	at com.thoughtworks.selenium.webdriven.SeleneseCommand.apply(SeleneseCommand.java:36)
	at com.thoughtworks.selenium.webdriven.Timer.run(Timer.java:41)
	at com.thoughtworks.selenium.webdriven.WebDriverCommandProcessor.execute(WebDriverCommandProcessor.java:150)
	at com.thoughtworks.selenium.webdriven.WebDriverCommandProcessor.doCommand(WebDriverCommandProcessor.java:76)
	at com.thoughtworks.selenium.DefaultSelenium.click(DefaultSelenium.java:198)
	at com.thoughtworks.selenium.Selenium$click$3.call(Unknown Source)
	at Script1702501394687.run(Script1702501394687.groovy:155)
	... 16 more]]></system-out>
         <system-err><![CDATA[2023-12-16 21:28:33 - [TEST_CASE][ERROR] - Test Cases/IntegratedWeb/IWP23-SelIDE/SCFCancelOnCFPC: Test Cases/IntegratedWeb/IWP23-SelIDE/SCFCancelOnCFPC FAILED.
Reason:
com.thoughtworks.selenium.SeleniumException: Element document.pocess.convFeeNotifyAction[1] not found
	at com.thoughtworks.selenium.webdriven.ElementFinder.findElement(ElementFinder.java:93)
	at com.thoughtworks.selenium.webdriven.commands.Click.handleSeleneseCommand(Click.java:39)
	at com.thoughtworks.selenium.webdriven.commands.Click.handleSeleneseCommand(Click.java:26)
	at com.thoughtworks.selenium.webdriven.SeleneseCommand.apply(SeleneseCommand.java:36)
	at com.thoughtworks.selenium.webdriven.Timer.run(Timer.java:41)
	at com.thoughtworks.selenium.webdriven.WebDriverCommandProcessor.execute(WebDriverCommandProcessor.java:150)
	at com.thoughtworks.selenium.webdriven.WebDriverCommandProcessor.doCommand(WebDriverCommandProcessor.java:76)
	at com.thoughtworks.selenium.DefaultSelenium.click(DefaultSelenium.java:198)
	at com.thoughtworks.selenium.Selenium$click$3.call(Unknown Source)
	at SCFCancelOnCFPC.run(SCFCancelOnCFPC:155)
	at com.kms.katalon.core.main.ScriptEngine.run(ScriptEngine.java:194)
	at com.kms.katalon.core.main.ScriptEngine.runScriptAsRawText(ScriptEngine.java:119)
	at com.kms.katalon.core.main.TestCaseExecutor.runScript(TestCaseExecutor.java:448)
	at com.kms.katalon.core.main.TestCaseExecutor.doExecute(TestCaseExecutor.java:439)
	at com.kms.katalon.core.main.TestCaseExecutor.processExecutionPhase(TestCaseExecutor.java:418)
	at com.kms.katalon.core.main.TestCaseExecutor.accessMainPhase(TestCaseExecutor.java:410)
	at com.kms.katalon.core.main.TestCaseExecutor.execute(TestCaseExecutor.java:285)
	at com.kms.katalon.core.main.TestCaseExecutor.execute(TestCaseExecutor.java:369)
	at com.kms.katalon.core.main.TestCaseExecutor.execute(TestCaseExecutor.java:369)
	at com.kms.katalon.core.main.TestCaseExecutor.execute(TestCaseExecutor.java:369)
	at com.kms.katalon.core.common.CommonExecutor.accessTestCaseMainPhase(CommonExecutor.java:65)
	at com.kms.katalon.core.main.TestSuiteExecutor.accessTestSuiteMainPhase(TestSuiteExecutor.java:148)
	at com.kms.katalon.core.main.TestSuiteExecutor.execute(TestSuiteExecutor.java:106)
	at com.kms.katalon.core.main.TestCaseMain.startTestSuite(TestCaseMain.java:187)
	at com.kms.katalon.core.main.TestCaseMain$startTestSuite$0.call(Unknown Source)
	at TempTestSuite1702778440031.run(TempTestSuite1702778440031.groovy:36)
Caused by: org.openqa.selenium.JavascriptException: javascript error: Element document.pocess.convFeeNotifyAction[1] not found
  (Session info: chrome=120.0.6099.109)
Build info: version: '3.141.59', revision: 'e82be7d358', time: '2018-11-14T08:25:53'
System info: host: 'DESKTOP-B2QI6NS', ip: '172.31.253.139', os.name: 'Windows 10', os.arch: 'amd64', os.version: '10.0', java.version: '1.8.0_181'
Driver info: com.kms.katalon.selenium.driver.CChromeDriver
Capabilities {acceptInsecureCerts: true, browserName: chrome, browserVersion: 120.0.6099.109, chrome: {chromedriverVersion: 119.0.6045.105 (38c72552c5e..., userDataDir: C:\Users\imtiaz\AppData\Loc...}, fedcm:accounts: true, goog:chromeOptions: {debuggerAddress: localhost:62272}, javascriptEnabled: true, networkConnectionEnabled: false, pageLoadStrategy: normal, platform: WINDOWS, platformName: WINDOWS, proxy: Proxy(), setWindowRect: true, strictFileInteractability: false, timeouts: {implicit: 0, pageLoad: 300000, script: 30000}, unhandledPromptBehavior: dismiss and notify, webauthn:extension:credBlob: true, webauthn:extension:largeBlob: true, webauthn:extension:minPinLength: true, webauthn:extension:prf: true, webauthn:virtualAuthenticators: true}
Session ID: 2d2034cfc0a59a251912616adef09fa3
	at org.openqa.selenium.remote.http.W3CHttpResponseCodec.createException(W3CHttpResponseCodec.java:187)
	at org.openqa.selenium.remote.http.W3CHttpResponseCodec.decode(W3CHttpResponseCodec.java:122)
	at org.openqa.selenium.remote.http.W3CHttpResponseCodec.decode(W3CHttpResponseCodec.java:49)
	at org.openqa.selenium.remote.HttpCommandExecutor.execute(HttpCommandExecutor.java:158)
	at org.openqa.selenium.remote.service.DriverCommandExecutor.execute(DriverCommandExecutor.java:83)
	at org.openqa.selenium.remote.RemoteWebDriver.execute(RemoteWebDriver.java:552)
	at com.kms.katalon.selenium.driver.CChromeDriver.execute(CChromeDriver.java:19)
	at org.openqa.selenium.remote.RemoteWebDriver.executeScript(RemoteWebDriver.java:489)
	at org.openqa.selenium.support.events.EventFiringWebDriver.lambda$new$1(EventFiringWebDriver.java:105)
	at com.sun.proxy.$Proxy10.executeScript(Unknown Source)
	at org.openqa.selenium.support.events.EventFiringWebDriver.executeScript(EventFiringWebDriver.java:229)
	at com.thoughtworks.selenium.webdriven.ElementFinder.findElement(ElementFinder.java:91)
	... 25 more]]></system-err>
      </testcase>
      <testcase name="Test Cases/IntegratedWeb/IWP23-SelIDE/SCFFlatSuccessfulPC" time="32.892" classname="Test Cases/IntegratedWeb/IWP23-SelIDE/SCFFlatSuccessfulPC" status="PASSED">
         <system-out><![CDATA[2023-12-16 21:28:53 - [TEST_CASE][PASSED] - Test Cases/IntegratedWeb/IWP23-SelIDE/SCFFlatSuccessfulPC: Test Cases/IntegratedWeb/IWP23-SelIDE/SCFFlatSuccessfulPC

2023-12-16 21:28:53 - [TEST_STEP][PASSED] - softAssertion = new org.testng.asserts.SoftAssert(): null

2023-12-16 21:28:53 - [TEST_STEP][PASSED] - openBrowser("https://www.google.com/"): Browser is opened with url: 'https://www.google.com/'

2023-12-16 21:28:53 - [MESSAGE][WARNING] - A browser is already opened. Closing browser and opening a new one

2023-12-16 21:28:54 - [MESSAGE][INFO] - Starting 'Chrome' driver

2023-12-16 21:28:54 - [MESSAGE][INFO] - User set preference: ['acceptInsecureCerts', 'true']

2023-12-16 21:28:54 - [MESSAGE][INFO] - Action delay is set to 0 milliseconds

2023-12-16 21:28:57 - [MESSAGE][PASSED] - Browser is opened with url: 'https://www.google.com/'

2023-12-16 21:28:57 - [TEST_STEP][PASSED] - driver = getWebDriver(): null

2023-12-16 21:28:57 - [TEST_STEP][PASSED] - baseUrl = "https://www.google.com/": null

2023-12-16 21:28:57 - [TEST_STEP][PASSED] - selenium = new com.thoughtworks.selenium.webdriven.WebDriverBackedSelenium(driver, baseUrl): null

2023-12-16 21:28:57 - [TEST_STEP][PASSED] - println("Begin Test: SCFFlatSuccessfulPC"): null

2023-12-16 21:28:57 - [TEST_STEP][PASSED] - emulatorURL = urlEmulator: null

2023-12-16 21:28:57 - [TEST_STEP][PASSED] - selenium.open(emulatorURL): null

2023-12-16 21:28:58 - [TEST_STEP][PASSED] - selenium.selectWindow("null"): null

2023-12-16 21:28:58 - [TEST_STEP][PASSED] - selenium.select("name=message_version", "label=2.3"): null

2023-12-16 21:28:58 - [TEST_STEP][PASSED] - selenium.waitForPageToLoad("30000"): null

2023-12-16 21:28:58 - [TEST_STEP][PASSED] - selenium.type("name=amount", 00".toString()): null

2023-12-16 21:28:58 - [TEST_STEP][PASSED] - selenium.type("name=client_account_number", "CAN12345"): null

2023-12-16 21:28:59 - [TEST_STEP][PASSED] - selenium.type("name=action_type", "PayNow"): null

2023-12-16 21:28:59 - [TEST_STEP][PASSED] - selenium.type("name=language", "en_US"): null

2023-12-16 21:28:59 - [TEST_STEP][PASSED] - selenium.type("name=billing_firstname", "Mandy"): null

2023-12-16 21:28:59 - [TEST_STEP][PASSED] - selenium.type("name=billing_lastname", "Iguera"): null

2023-12-16 21:28:59 - [TEST_STEP][PASSED] - selenium.type("name=billing_address", "56 World Center Drive".toString()): null

2023-12-16 21:28:59 - [TEST_STEP][PASSED] - selenium.type("name=billing_address2", "Suite 600".toString()): null

2023-12-16 21:28:59 - [TEST_STEP][PASSED] - selenium.type("name=billing_country_id", "840"): null

2023-12-16 21:28:59 - [TEST_STEP][PASSED] - selenium.type("name=billing_city", "Orlando"): null

2023-12-16 21:28:59 - [TEST_STEP][PASSED] - selenium.type("name=billing_state", "NH"): null

2023-12-16 21:28:59 - [TEST_STEP][PASSED] - selenium.type("name=billing_zip", "03106"): null

2023-12-16 21:28:59 - [TEST_STEP][PASSED] - selenium.type("name=order_number", "PPPPOOOO"): null

2023-12-16 21:28:59 - [TEST_STEP][PASSED] - selenium.type("name=user_defined1", "udf1"): null

2023-12-16 21:28:59 - [TEST_STEP][PASSED] - selenium.type("name=user_defined2", "udf2"): null

2023-12-16 21:28:59 - [TEST_STEP][PASSED] - selenium.type("name=user_defined3", "udf3"): null

2023-12-16 21:28:59 - [TEST_STEP][PASSED] - selenium.type("name=user_defined4", "Orange Label".toString()): null

2023-12-16 21:28:59 - [TEST_STEP][PASSED] - selenium.type("name=user_defined5", "Soccer Label".toString()): null

2023-12-16 21:28:59 - [TEST_STEP][PASSED] - selenium.click("name=submit"): null

2023-12-16 21:29:00 - [TEST_STEP][PASSED] - selenium.waitForPageToLoad("30000"): null

2023-12-16 21:29:00 - [TEST_STEP][PASSED] - Thread.sleep(2000): null

2023-12-16 21:29:02 - [TEST_STEP][PASSED] - testHarnessURL = urlTestHarness: null

2023-12-16 21:29:02 - [TEST_STEP][PASSED] - selenium.open(testHarnessURL): null

2023-12-16 21:29:02 - [TEST_STEP][PASSED] - selenium.type("name=application_id", "636"): null

2023-12-16 21:29:02 - [TEST_STEP][PASSED] - selenium.type("name=message_version", 3".toString()): null

2023-12-16 21:29:03 - [TEST_STEP][PASSED] - genRemIDVoid = RandomStringUtils.random(12, true, true): null

2023-12-16 21:29:03 - [TEST_STEP][PASSED] - selenium.type("name=remittance_id", genRemIDVoid): null

2023-12-16 21:29:03 - [TEST_STEP][PASSED] - selenium.click("css=input.formSubmit"): null

2023-12-16 21:29:03 - [TEST_STEP][PASSED] - selenium.waitForPageToLoad("30000"): null

2023-12-16 21:29:04 - [TEST_STEP][PASSED] - selenium.click("xpath=(//input[@name='paymentMethod'])[2]"): null

2023-12-16 21:29:04 - [TEST_STEP][PASSED] - selenium.click("css=input[type="submit"]"): null

2023-12-16 21:29:05 - [TEST_STEP][PASSED] - selenium.waitForPageToLoad("30000"): null

2023-12-16 21:29:06 - [TEST_STEP][PASSED] - selenium.type("name=amount", 50".toString()): null

2023-12-16 21:29:06 - [TEST_STEP][PASSED] - selenium.type("name=billingFirstname", "Mike"): null

2023-12-16 21:29:06 - [TEST_STEP][PASSED] - selenium.type("name=billingLastname", "Chingiti"): null

2023-12-16 21:29:06 - [TEST_STEP][PASSED] - selenium.type("id=routingNumber", "256072691"): null

2023-12-16 21:29:06 - [TEST_STEP][PASSED] - selenium.type("id=accountNumber", "11111111"): null

2023-12-16 21:29:06 - [TEST_STEP][PASSED] - selenium.type("id=confirmAccountNumber", "11111111"): null

2023-12-16 21:29:06 - [TEST_STEP][PASSED] - selenium.click("name=accountType"): null

2023-12-16 21:29:06 - [TEST_STEP][PASSED] - selenium.type("name=billingAddress", "104 main road".toString()): null

2023-12-16 21:29:06 - [TEST_STEP][PASSED] - selenium.type("name=billingAddress2", ""): null

2023-12-16 21:29:06 - [TEST_STEP][PASSED] - selenium.type("id=billing-zip-input", "22201"): null

2023-12-16 21:29:06 - [TEST_STEP][PASSED] - selenium.click("id=checkedAcceptCondition"): null

2023-12-16 21:29:06 - [TEST_STEP][PASSED] - selenium.click("name=achSubmit"): null

2023-12-16 21:29:07 - [TEST_STEP][PASSED] - selenium.waitForPageToLoad("30000"): null

2023-12-16 21:29:07 - [TEST_STEP][PASSED] - verifyTextPresent("Please verify the following information:", true): Text 'Please verify the following information:' is present on page  using regular expression

2023-12-16 21:29:08 - [MESSAGE][PASSED] - Text 'Please verify the following information:' is present on page  using regular expression

2023-12-16 21:29:08 - [TEST_STEP][PASSED] - verifyTextPresent("Is this information correct", true): Text 'Is this information correct' is present on page  using regular expression

2023-12-16 21:29:08 - [MESSAGE][PASSED] - Text 'Is this information correct' is present on page  using regular expression

2023-12-16 21:29:08 - [TEST_STEP][PASSED] - selenium.click("name=confirmNotifyAction"): null

2023-12-16 21:29:08 - [TEST_STEP][PASSED] - selenium.waitForPageToLoad("30000"): null

2023-12-16 21:29:09 - [TEST_STEP][PASSED] - verifyTextPresent("This transaction is subject to a Convenience Fees of $2.00", false): Text 'This transaction is subject to a Convenience Fees of $2.00' is present on page 

2023-12-16 21:29:09 - [MESSAGE][PASSED] - Text 'This transaction is subject to a Convenience Fees of $2.00' is present on page 

2023-12-16 21:29:09 - [TEST_STEP][PASSED] - verifyTextPresent("Payment Amount:", true): Text 'Payment Amount:' is present on page  using regular expression

2023-12-16 21:29:10 - [MESSAGE][PASSED] - Text 'Payment Amount:' is present on page  using regular expression

2023-12-16 21:29:10 - [TEST_STEP][PASSED] - verifyTextPresent("$10.50", false): Text '$10.50' is present on page 

2023-12-16 21:29:10 - [MESSAGE][PASSED] - Text '$10.50' is present on page 

2023-12-16 21:29:10 - [TEST_STEP][PASSED] - verifyTextPresent("Convenience Fees:", true): Text 'Convenience Fees:' is present on page  using regular expression

2023-12-16 21:29:10 - [MESSAGE][PASSED] - Text 'Convenience Fees:' is present on page  using regular expression

2023-12-16 21:29:10 - [TEST_STEP][PASSED] - verifyTextPresent("$2.00", false): Text '$2.00' is present on page 

2023-12-16 21:29:10 - [MESSAGE][PASSED] - Text '$2.00' is present on page 

2023-12-16 21:29:10 - [TEST_STEP][PASSED] - verifyTextPresent("Total Amount:", true): Text 'Total Amount:' is present on page  using regular expression

2023-12-16 21:29:11 - [MESSAGE][PASSED] - Text 'Total Amount:' is present on page  using regular expression

2023-12-16 21:29:11 - [TEST_STEP][PASSED] - verifyTextPresent("$12.50", false): Text '$12.50' is present on page 

2023-12-16 21:29:11 - [MESSAGE][PASSED] - Text '$12.50' is present on page 

2023-12-16 21:29:11 - [TEST_STEP][PASSED] - verifyTextPresent("One transaction in the amount of $12.50 will appear on your bank statement", false): Text 'One transaction in the amount of $12.50 will appear on your bank statement' is present on page 

2023-12-16 21:29:11 - [MESSAGE][PASSED] - Text 'One transaction in the amount of $12.50 will appear on your bank statement' is present on page 

2023-12-16 21:29:11 - [TEST_STEP][PASSED] - selenium.click("name=convFeeNotifyAction"): null

2023-12-16 21:29:12 - [TEST_STEP][PASSED] - selenium.waitForPageToLoad("30000"): null

2023-12-16 21:29:12 - [TEST_STEP][PASSED] - Thread.sleep(8000): null

2023-12-16 21:29:20 - [TEST_STEP][PASSED] - verifyTextPresent("Successful Payment Receipt", true): Text 'Successful Payment Receipt' is present on page  using regular expression

2023-12-16 21:29:21 - [MESSAGE][PASSED] - Text 'Successful Payment Receipt' is present on page  using regular expression

2023-12-16 21:29:21 - [TEST_STEP][PASSED] - verifyTextPresent("Please print this receipt for your records", true): Text 'Please print this receipt for your records' is present on page  using regular expression

2023-12-16 21:29:21 - [MESSAGE][PASSED] - Text 'Please print this receipt for your records' is present on page  using regular expression

2023-12-16 21:29:21 - [TEST_STEP][PASSED] - verifyTextPresent("$10.50", false): Text '$10.50' is present on page 

2023-12-16 21:29:21 - [MESSAGE][PASSED] - Text '$10.50' is present on page 

2023-12-16 21:29:21 - [TEST_STEP][PASSED] - verifyTextPresent("$2.00", false): Text '$2.00' is present on page 

2023-12-16 21:29:22 - [MESSAGE][PASSED] - Text '$2.00' is present on page 

2023-12-16 21:29:22 - [TEST_STEP][PASSED] - verifyTextPresent("Single Transaction", true): Text 'Single Transaction' is present on page  using regular expression

2023-12-16 21:29:22 - [MESSAGE][PASSED] - Text 'Single Transaction' is present on page  using regular expression

2023-12-16 21:29:22 - [TEST_STEP][PASSED] - verifyTextPresent("$12.50", false): Text '$12.50' is present on page 

2023-12-16 21:29:22 - [MESSAGE][PASSED] - Text '$12.50' is present on page 

2023-12-16 21:29:22 - [TEST_STEP][PASSED] - verifyTextPresent("Debit", true): Text 'Debit' is present on page  using regular expression

2023-12-16 21:29:22 - [MESSAGE][PASSED] - Text 'Debit' is present on page  using regular expression

2023-12-16 21:29:22 - [TEST_STEP][PASSED] - verifyTextPresent("Personal", true): Text 'Personal' is present on page  using regular expression

2023-12-16 21:29:23 - [MESSAGE][PASSED] - Text 'Personal' is present on page  using regular expression

2023-12-16 21:29:23 - [TEST_STEP][PASSED] - verifyTextPresent("Checking", true): Text 'Checking' is present on page  using regular expression

2023-12-16 21:29:23 - [MESSAGE][PASSED] - Text 'Checking' is present on page  using regular expression

2023-12-16 21:29:23 - [TEST_STEP][PASSED] - verifyTextPresent("1111", true): Text '1111' is present on page  using regular expression

2023-12-16 21:29:23 - [MESSAGE][PASSED] - Text '1111' is present on page  using regular expression

2023-12-16 21:29:23 - [TEST_STEP][PASSED] - verifyTextPresent("2691", true): Text '2691' is present on page  using regular expression

2023-12-16 21:29:24 - [MESSAGE][PASSED] - Text '2691' is present on page  using regular expression

2023-12-16 21:29:24 - [TEST_STEP][PASSED] - verifyTextPresent("MIKE CHINGITI", true): Text 'MIKE CHINGITI' is present on page  using regular expression

2023-12-16 21:29:24 - [MESSAGE][PASSED] - Text 'MIKE CHINGITI' is present on page  using regular expression

2023-12-16 21:29:24 - [TEST_STEP][PASSED] - verifyTextPresent("104 main road", true): Text '104 main road' is present on page  using regular expression

2023-12-16 21:29:24 - [MESSAGE][PASSED] - Text '104 main road' is present on page  using regular expression

2023-12-16 21:29:24 - [TEST_STEP][PASSED] - verifyTextPresent("United States", true): Text 'United States' is present on page  using regular expression

2023-12-16 21:29:25 - [MESSAGE][PASSED] - Text 'United States' is present on page  using regular expression

2023-12-16 21:29:25 - [TEST_STEP][PASSED] - verifyTextPresent("ARLINGTON", true): Text 'ARLINGTON' is present on page  using regular expression

2023-12-16 21:29:25 - [MESSAGE][PASSED] - Text 'ARLINGTON' is present on page  using regular expression

2023-12-16 21:29:25 - [TEST_STEP][PASSED] - verifyTextPresent("Virginia", true): Text 'Virginia' is present on page  using regular expression

2023-12-16 21:29:25 - [MESSAGE][PASSED] - Text 'Virginia' is present on page  using regular expression

2023-12-16 21:29:25 - [TEST_STEP][PASSED] - verifyTextPresent("22201", true): Text '22201' is present on page  using regular expression

2023-12-16 21:29:25 - [MESSAGE][PASSED] - Text '22201' is present on page  using regular expression

2023-12-16 21:29:25 - [TEST_STEP][PASSED] - println("End Test: SCFFlatSuccessfulPC"): null]]></system-out>
         <system-err><![CDATA[]]></system-err>
      </testcase>
      <testcase name="Test Cases/IntegratedWeb/IWP23-SelIDE/SCFModifyCC" time="37.951" classname="Test Cases/IntegratedWeb/IWP23-SelIDE/SCFModifyCC" status="PASSED">
         <system-out><![CDATA[2023-12-16 21:29:25 - [TEST_CASE][PASSED] - Test Cases/IntegratedWeb/IWP23-SelIDE/SCFModifyCC: Test Cases/IntegratedWeb/IWP23-SelIDE/SCFModifyCC

2023-12-16 21:29:26 - [TEST_STEP][PASSED] - softAssertion = new org.testng.asserts.SoftAssert(): null

2023-12-16 21:29:26 - [TEST_STEP][PASSED] - openBrowser("https://www.google.com/"): Browser is opened with url: 'https://www.google.com/'

2023-12-16 21:29:26 - [MESSAGE][WARNING] - A browser is already opened. Closing browser and opening a new one

2023-12-16 21:29:27 - [MESSAGE][INFO] - Starting 'Chrome' driver

2023-12-16 21:29:27 - [MESSAGE][INFO] - User set preference: ['acceptInsecureCerts', 'true']

2023-12-16 21:29:27 - [MESSAGE][INFO] - Action delay is set to 0 milliseconds

2023-12-16 21:29:30 - [MESSAGE][PASSED] - Browser is opened with url: 'https://www.google.com/'

2023-12-16 21:29:30 - [TEST_STEP][PASSED] - driver = getWebDriver(): null

2023-12-16 21:29:30 - [TEST_STEP][PASSED] - baseUrl = "https://www.google.com/": null

2023-12-16 21:29:30 - [TEST_STEP][PASSED] - selenium = new com.thoughtworks.selenium.webdriven.WebDriverBackedSelenium(driver, baseUrl): null

2023-12-16 21:29:30 - [TEST_STEP][PASSED] - println("Begin Test: SCFModifyCC"): null

2023-12-16 21:29:30 - [TEST_STEP][PASSED] - emulatorURL = urlEmulator: null

2023-12-16 21:29:30 - [TEST_STEP][PASSED] - selenium.open(emulatorURL): null

2023-12-16 21:29:30 - [TEST_STEP][PASSED] - selenium.selectWindow("null"): null

2023-12-16 21:29:30 - [TEST_STEP][PASSED] - selenium.select("name=message_version", "label=2.3"): null

2023-12-16 21:29:31 - [TEST_STEP][PASSED] - selenium.waitForPageToLoad("30000"): null

2023-12-16 21:29:31 - [TEST_STEP][PASSED] - selenium.type("name=amount", 00".toString()): null

2023-12-16 21:29:31 - [TEST_STEP][PASSED] - selenium.type("name=client_account_number", "CAN12345"): null

2023-12-16 21:29:31 - [TEST_STEP][PASSED] - selenium.type("name=action_type", "PayNow"): null

2023-12-16 21:29:31 - [TEST_STEP][PASSED] - selenium.type("name=language", "en_US"): null

2023-12-16 21:29:31 - [TEST_STEP][PASSED] - selenium.type("name=billing_firstname", "Mandy"): null

2023-12-16 21:29:31 - [TEST_STEP][PASSED] - selenium.type("name=billing_lastname", "Iguera"): null

2023-12-16 21:29:32 - [TEST_STEP][PASSED] - selenium.type("name=billing_address", "56 World Center Drive".toString()): null

2023-12-16 21:29:32 - [TEST_STEP][PASSED] - selenium.type("name=billing_address2", "Suite 600".toString()): null

2023-12-16 21:29:32 - [TEST_STEP][PASSED] - selenium.type("name=billing_country_id", "840"): null

2023-12-16 21:29:32 - [TEST_STEP][PASSED] - selenium.type("name=billing_city", "Orlando"): null

2023-12-16 21:29:32 - [TEST_STEP][PASSED] - selenium.type("name=billing_state", "NH"): null

2023-12-16 21:29:32 - [TEST_STEP][PASSED] - selenium.type("name=billing_zip", "03106"): null

2023-12-16 21:29:32 - [TEST_STEP][PASSED] - selenium.type("name=order_number", "PPPPOOOO"): null

2023-12-16 21:29:32 - [TEST_STEP][PASSED] - selenium.type("name=user_defined1", "udf1"): null

2023-12-16 21:29:32 - [TEST_STEP][PASSED] - selenium.type("name=user_defined2", "udf2"): null

2023-12-16 21:29:32 - [TEST_STEP][PASSED] - selenium.type("name=user_defined3", "udf3"): null

2023-12-16 21:29:32 - [TEST_STEP][PASSED] - selenium.type("name=user_defined4", "Orange Label".toString()): null

2023-12-16 21:29:32 - [TEST_STEP][PASSED] - selenium.type("name=user_defined5", "Soccer Label".toString()): null

2023-12-16 21:29:32 - [TEST_STEP][PASSED] - selenium.click("name=submit"): null

2023-12-16 21:29:32 - [TEST_STEP][PASSED] - selenium.waitForPageToLoad("30000"): null

2023-12-16 21:29:33 - [TEST_STEP][PASSED] - testHarnessURL = urlTestHarness: null

2023-12-16 21:29:33 - [TEST_STEP][PASSED] - selenium.open(testHarnessURL): null

2023-12-16 21:29:33 - [TEST_STEP][PASSED] - Thread.sleep(2000): null

2023-12-16 21:29:35 - [TEST_STEP][PASSED] - selenium.type("name=application_id", "636"): null

2023-12-16 21:29:35 - [TEST_STEP][PASSED] - selenium.type("name=message_version", 3".toString()): null

2023-12-16 21:29:35 - [TEST_STEP][PASSED] - genRemIDVoid = RandomStringUtils.random(12, true, true): null

2023-12-16 21:29:35 - [TEST_STEP][PASSED] - selenium.type("name=remittance_id", genRemIDVoid): null

2023-12-16 21:29:35 - [TEST_STEP][PASSED] - selenium.click("css=input.formSubmit"): null

2023-12-16 21:29:36 - [TEST_STEP][PASSED] - selenium.waitForPageToLoad("30000"): null

2023-12-16 21:29:37 - [TEST_STEP][PASSED] - selenium.selectWindow("null"): null

2023-12-16 21:29:37 - [TEST_STEP][PASSED] - selenium.click("name=paymentMethod"): null

2023-12-16 21:29:37 - [TEST_STEP][PASSED] - selenium.click("css=input[type="submit"]"): null

2023-12-16 21:29:38 - [TEST_STEP][PASSED] - selenium.waitForPageToLoad("30000"): null

2023-12-16 21:29:38 - [TEST_STEP][PASSED] - selenium.type("name=amount", 50".toString()): null

2023-12-16 21:29:38 - [TEST_STEP][PASSED] - selenium.type("name=billingName", "Leslie Howard".toString()): null

2023-12-16 21:29:38 - [TEST_STEP][PASSED] - selenium.type("id=cardNumber", "4111111111111111"): null

2023-12-16 21:29:38 - [TEST_STEP][PASSED] - selenium.type("id=spc", "568"): null

2023-12-16 21:29:38 - [TEST_STEP][PASSED] - selenium.select("name=cardExpMonth", "label=02"): null

2023-12-16 21:29:39 - [TEST_STEP][PASSED] - selenium.select("name=cardExpYear", "label=2028"): null

2023-12-16 21:29:39 - [TEST_STEP][PASSED] - selenium.type("name=billingAddress", "778 Main street".toString()): null

2023-12-16 21:29:39 - [TEST_STEP][PASSED] - selenium.type("name=billingAddress2", ""): null

2023-12-16 21:29:39 - [TEST_STEP][PASSED] - selenium.type("id=billing-zip-input", "22201"): null

2023-12-16 21:29:39 - [TEST_STEP][PASSED] - selenium.type("name=emailAddress", ""): null

2023-12-16 21:29:39 - [TEST_STEP][PASSED] - selenium.click("id=checkedAcceptCondition"): null

2023-12-16 21:29:39 - [TEST_STEP][PASSED] - selenium.click("name=ccSubmit"): null

2023-12-16 21:29:40 - [TEST_STEP][PASSED] - selenium.waitForPageToLoad("30000"): null

2023-12-16 21:29:40 - [TEST_STEP][PASSED] - verifyTextPresent("Please verify the following information:", true): Text 'Please verify the following information:' is present on page  using regular expression

2023-12-16 21:29:40 - [MESSAGE][PASSED] - Text 'Please verify the following information:' is present on page  using regular expression

2023-12-16 21:29:40 - [TEST_STEP][PASSED] - verifyTextPresent("Is this information correct", true): Text 'Is this information correct' is present on page  using regular expression

2023-12-16 21:29:41 - [MESSAGE][PASSED] - Text 'Is this information correct' is present on page  using regular expression

2023-12-16 21:29:41 - [TEST_STEP][PASSED] - verifyTextPresent("udf1", true): Text 'udf1' is present on page  using regular expression

2023-12-16 21:29:41 - [MESSAGE][PASSED] - Text 'udf1' is present on page  using regular expression

2023-12-16 21:29:41 - [TEST_STEP][PASSED] - verifyTextPresent("udf2", true): Text 'udf2' is present on page  using regular expression

2023-12-16 21:29:41 - [MESSAGE][PASSED] - Text 'udf2' is present on page  using regular expression

2023-12-16 21:29:41 - [TEST_STEP][PASSED] - verifyTextPresent("udf3", true): Text 'udf3' is present on page  using regular expression

2023-12-16 21:29:42 - [MESSAGE][PASSED] - Text 'udf3' is present on page  using regular expression

2023-12-16 21:29:42 - [TEST_STEP][PASSED] - verifyTextPresent("Orange Label", true): Text 'Orange Label' is present on page  using regular expression

2023-12-16 21:29:42 - [MESSAGE][PASSED] - Text 'Orange Label' is present on page  using regular expression

2023-12-16 21:29:42 - [TEST_STEP][PASSED] - verifyTextPresent("Leslie Howard", true): Text 'Leslie Howard' is present on page  using regular expression

2023-12-16 21:29:42 - [MESSAGE][PASSED] - Text 'Leslie Howard' is present on page  using regular expression

2023-12-16 21:29:42 - [TEST_STEP][PASSED] - verifyTextPresent("Visa", true): Text 'Visa' is present on page  using regular expression

2023-12-16 21:29:43 - [MESSAGE][PASSED] - Text 'Visa' is present on page  using regular expression

2023-12-16 21:29:43 - [TEST_STEP][PASSED] - verifyTextPresent("778 Main street", true): Text '778 Main street' is present on page  using regular expression

2023-12-16 21:29:43 - [MESSAGE][PASSED] - Text '778 Main street' is present on page  using regular expression

2023-12-16 21:29:43 - [TEST_STEP][PASSED] - verifyTextPresent("ARLINGTON", true): Text 'ARLINGTON' is present on page  using regular expression

2023-12-16 21:29:43 - [MESSAGE][PASSED] - Text 'ARLINGTON' is present on page  using regular expression

2023-12-16 21:29:43 - [TEST_STEP][PASSED] - verifyTextPresent("Virginia", true): Text 'Virginia' is present on page  using regular expression

2023-12-16 21:29:44 - [MESSAGE][PASSED] - Text 'Virginia' is present on page  using regular expression

2023-12-16 21:29:44 - [TEST_STEP][PASSED] - verifyTextPresent("22201", true): Text '22201' is present on page  using regular expression

2023-12-16 21:29:44 - [MESSAGE][PASSED] - Text '22201' is present on page  using regular expression

2023-12-16 21:29:44 - [TEST_STEP][PASSED] - verifyTextPresent("1111", true): Text '1111' is present on page  using regular expression

2023-12-16 21:29:44 - [MESSAGE][PASSED] - Text '1111' is present on page  using regular expression

2023-12-16 21:29:44 - [TEST_STEP][PASSED] - verifyTextPresent("2/2028", true): Text '2/2028' is present on page  using regular expression

2023-12-16 21:29:44 - [MESSAGE][PASSED] - Text '2/2028' is present on page  using regular expression

2023-12-16 21:29:44 - [TEST_STEP][PASSED] - selenium.click("document.process.confirmNotifyAction[1]"): null

2023-12-16 21:29:45 - [TEST_STEP][PASSED] - selenium.waitForPageToLoad("30000"): null

2023-12-16 21:29:46 - [TEST_STEP][PASSED] - selenium.type("name=amount", 50".toString()): null

2023-12-16 21:29:46 - [TEST_STEP][PASSED] - selenium.type("name=userDefined2", "udf2 modified".toString()): null

2023-12-16 21:29:46 - [TEST_STEP][PASSED] - selenium.type("name=userDefined3", "udf3 modified".toString()): null

2023-12-16 21:29:46 - [TEST_STEP][PASSED] - selenium.type("name=billingName", "Mashr Mortaza".toString()): null

2023-12-16 21:29:46 - [TEST_STEP][PASSED] - selenium.type("id=cardNumber", "5424000000000015"): null

2023-12-16 21:29:46 - [TEST_STEP][PASSED] - selenium.type("id=spc", "568"): null

2023-12-16 21:29:46 - [TEST_STEP][PASSED] - selenium.select("name=cardExpMonth", "label=06"): null

2023-12-16 21:29:46 - [TEST_STEP][PASSED] - selenium.select("name=cardExpYear", "label=2029"): null

2023-12-16 21:29:46 - [TEST_STEP][PASSED] - selenium.type("name=billingAddress", "1589 Left Turn".toString()): null

2023-12-16 21:29:46 - [TEST_STEP][PASSED] - selenium.type("name=billingAddress2", ""): null

2023-12-16 21:29:46 - [TEST_STEP][PASSED] - selenium.type("id=billing-zip-input", "21054"): null

2023-12-16 21:29:46 - [TEST_STEP][PASSED] - selenium.type("name=emailAddress", ""): null

2023-12-16 21:29:46 - [TEST_STEP][PASSED] - selenium.click("name=ccSubmit"): null

2023-12-16 21:29:47 - [TEST_STEP][PASSED] - selenium.waitForPageToLoad("30000"): null

2023-12-16 21:29:47 - [TEST_STEP][PASSED] - verifyTextPresent("Please verify the following information:", true): Text 'Please verify the following information:' is present on page  using regular expression

2023-12-16 21:29:48 - [MESSAGE][PASSED] - Text 'Please verify the following information:' is present on page  using regular expression

2023-12-16 21:29:48 - [TEST_STEP][PASSED] - verifyTextPresent("Is this information correct", true): Text 'Is this information correct' is present on page  using regular expression

2023-12-16 21:29:48 - [MESSAGE][PASSED] - Text 'Is this information correct' is present on page  using regular expression

2023-12-16 21:29:48 - [TEST_STEP][PASSED] - verifyTextPresent("udf1", true): Text 'udf1' is present on page  using regular expression

2023-12-16 21:29:48 - [MESSAGE][PASSED] - Text 'udf1' is present on page  using regular expression

2023-12-16 21:29:48 - [TEST_STEP][PASSED] - verifyTextPresent("udf2 modified", true): Text 'udf2 modified' is present on page  using regular expression

2023-12-16 21:29:49 - [MESSAGE][PASSED] - Text 'udf2 modified' is present on page  using regular expression

2023-12-16 21:29:49 - [TEST_STEP][PASSED] - verifyTextPresent("udf3 modified", true): Text 'udf3 modified' is present on page  using regular expression

2023-12-16 21:29:49 - [MESSAGE][PASSED] - Text 'udf3 modified' is present on page  using regular expression

2023-12-16 21:29:49 - [TEST_STEP][PASSED] - verifyTextPresent("Orange Label", true): Text 'Orange Label' is present on page  using regular expression

2023-12-16 21:29:49 - [MESSAGE][PASSED] - Text 'Orange Label' is present on page  using regular expression

2023-12-16 21:29:49 - [TEST_STEP][PASSED] - verifyTextPresent("Mashr Mortaza", true): Text 'Mashr Mortaza' is present on page  using regular expression

2023-12-16 21:29:50 - [MESSAGE][PASSED] - Text 'Mashr Mortaza' is present on page  using regular expression

2023-12-16 21:29:50 - [TEST_STEP][PASSED] - verifyTextPresent("MasterCard", true): Text 'MasterCard' is present on page  using regular expression

2023-12-16 21:29:50 - [MESSAGE][PASSED] - Text 'MasterCard' is present on page  using regular expression

2023-12-16 21:29:50 - [TEST_STEP][PASSED] - verifyTextPresent("1589 Left Turn", true): Text '1589 Left Turn' is present on page  using regular expression

2023-12-16 21:29:50 - [MESSAGE][PASSED] - Text '1589 Left Turn' is present on page  using regular expression

2023-12-16 21:29:50 - [TEST_STEP][PASSED] - verifyTextPresent("GAMBRILLS", true): Text 'GAMBRILLS' is present on page  using regular expression

2023-12-16 21:29:50 - [MESSAGE][PASSED] - Text 'GAMBRILLS' is present on page  using regular expression

2023-12-16 21:29:50 - [TEST_STEP][PASSED] - verifyTextPresent("Maryland", true): Text 'Maryland' is present on page  using regular expression

2023-12-16 21:29:51 - [MESSAGE][PASSED] - Text 'Maryland' is present on page  using regular expression

2023-12-16 21:29:51 - [TEST_STEP][PASSED] - verifyTextPresent("21054", true): Text '21054' is present on page  using regular expression

2023-12-16 21:29:51 - [MESSAGE][PASSED] - Text '21054' is present on page  using regular expression

2023-12-16 21:29:51 - [TEST_STEP][PASSED] - verifyTextPresent("0015", true): Text '0015' is present on page  using regular expression

2023-12-16 21:29:51 - [MESSAGE][PASSED] - Text '0015' is present on page  using regular expression

2023-12-16 21:29:51 - [TEST_STEP][PASSED] - verifyTextPresent("6/2029", true): Text '6/2029' is present on page  using regular expression

2023-12-16 21:29:52 - [MESSAGE][PASSED] - Text '6/2029' is present on page  using regular expression

2023-12-16 21:29:52 - [TEST_STEP][PASSED] - selenium.click("name=confirmNotifyAction"): null

2023-12-16 21:29:52 - [TEST_STEP][PASSED] - selenium.waitForPageToLoad("30000"): null

2023-12-16 21:29:53 - [TEST_STEP][PASSED] - Thread.sleep(8000): null

2023-12-16 21:30:01 - [TEST_STEP][PASSED] - verifyTextPresent("Successful Payment Receipt", true): Text 'Successful Payment Receipt' is present on page  using regular expression

2023-12-16 21:30:01 - [MESSAGE][PASSED] - Text 'Successful Payment Receipt' is present on page  using regular expression

2023-12-16 21:30:01 - [TEST_STEP][PASSED] - verifyTextPresent("Please print this receipt for your records", true): Text 'Please print this receipt for your records' is present on page  using regular expression

2023-12-16 21:30:01 - [MESSAGE][PASSED] - Text 'Please print this receipt for your records' is present on page  using regular expression

2023-12-16 21:30:01 - [TEST_STEP][PASSED] - verifyTextPresent("udf1", true): Text 'udf1' is present on page  using regular expression

2023-12-16 21:30:02 - [MESSAGE][PASSED] - Text 'udf1' is present on page  using regular expression

2023-12-16 21:30:02 - [TEST_STEP][PASSED] - verifyTextPresent("Orange Label", true): Text 'Orange Label' is present on page  using regular expression

2023-12-16 21:30:02 - [MESSAGE][PASSED] - Text 'Orange Label' is present on page  using regular expression

2023-12-16 21:30:02 - [TEST_STEP][PASSED] - verifyTextPresent("25.50", true): Text '25.50' is present on page  using regular expression

2023-12-16 21:30:02 - [MESSAGE][PASSED] - Text '25.50' is present on page  using regular expression

2023-12-16 21:30:02 - [TEST_STEP][PASSED] - verifyTextPresent("Authorization and Capture", true): Text 'Authorization and Capture' is present on page  using regular expression

2023-12-16 21:30:03 - [MESSAGE][PASSED] - Text 'Authorization and Capture' is present on page  using regular expression

2023-12-16 21:30:03 - [TEST_STEP][PASSED] - verifyTextPresent("MasterCard", true): Text 'MasterCard' is present on page  using regular expression

2023-12-16 21:30:03 - [MESSAGE][PASSED] - Text 'MasterCard' is present on page  using regular expression

2023-12-16 21:30:03 - [TEST_STEP][PASSED] - verifyTextPresent("MASHR MORTAZA", true): Text 'MASHR MORTAZA' is present on page  using regular expression

2023-12-16 21:30:03 - [MESSAGE][PASSED] - Text 'MASHR MORTAZA' is present on page  using regular expression

2023-12-16 21:30:03 - [TEST_STEP][PASSED] - verifyTextPresent("0015", true): Text '0015' is present on page  using regular expression

2023-12-16 21:30:03 - [MESSAGE][PASSED] - Text '0015' is present on page  using regular expression

2023-12-16 21:30:03 - [TEST_STEP][PASSED] - println("End Test: SCFModifyCC"): null]]></system-out>
         <system-err><![CDATA[]]></system-err>
      </testcase>
      <testcase name="Test Cases/IntegratedWeb/IWP23-SelIDE/SCFPercentageSuccessfulCC" time="31.58" classname="Test Cases/IntegratedWeb/IWP23-SelIDE/SCFPercentageSuccessfulCC" status="PASSED">
         <system-out><![CDATA[2023-12-16 21:30:03 - [TEST_CASE][PASSED] - Test Cases/IntegratedWeb/IWP23-SelIDE/SCFPercentageSuccessfulCC: Test Cases/IntegratedWeb/IWP23-SelIDE/SCFPercentageSuccessfulCC

2023-12-16 21:30:04 - [TEST_STEP][PASSED] - softAssertion = new org.testng.asserts.SoftAssert(): null

2023-12-16 21:30:04 - [TEST_STEP][PASSED] - openBrowser("https://www.google.com/"): Browser is opened with url: 'https://www.google.com/'

2023-12-16 21:30:04 - [MESSAGE][WARNING] - A browser is already opened. Closing browser and opening a new one

2023-12-16 21:30:05 - [MESSAGE][INFO] - Starting 'Chrome' driver

2023-12-16 21:30:05 - [MESSAGE][INFO] - User set preference: ['acceptInsecureCerts', 'true']

2023-12-16 21:30:05 - [MESSAGE][INFO] - Action delay is set to 0 milliseconds

2023-12-16 21:30:08 - [MESSAGE][PASSED] - Browser is opened with url: 'https://www.google.com/'

2023-12-16 21:30:08 - [TEST_STEP][PASSED] - driver = getWebDriver(): null

2023-12-16 21:30:08 - [TEST_STEP][PASSED] - baseUrl = "https://www.google.com/": null

2023-12-16 21:30:08 - [TEST_STEP][PASSED] - selenium = new com.thoughtworks.selenium.webdriven.WebDriverBackedSelenium(driver, baseUrl): null

2023-12-16 21:30:08 - [TEST_STEP][PASSED] - println("Begin Test: SCFPercentageSuccessfulCC"): null

2023-12-16 21:30:08 - [TEST_STEP][PASSED] - emulatorURL = urlEmulator: null

2023-12-16 21:30:08 - [TEST_STEP][PASSED] - selenium.open(emulatorURL): null

2023-12-16 21:30:08 - [TEST_STEP][PASSED] - selenium.selectWindow("null"): null

2023-12-16 21:30:08 - [TEST_STEP][PASSED] - selenium.select("name=message_version", "label=2.3"): null

2023-12-16 21:30:08 - [TEST_STEP][PASSED] - selenium.waitForPageToLoad("30000"): null

2023-12-16 21:30:09 - [TEST_STEP][PASSED] - selenium.type("name=amount", 00".toString()): null

2023-12-16 21:30:09 - [TEST_STEP][PASSED] - selenium.type("name=client_account_number", "CAN12345"): null

2023-12-16 21:30:09 - [TEST_STEP][PASSED] - selenium.type("name=action_type", "PayNow"): null

2023-12-16 21:30:09 - [TEST_STEP][PASSED] - selenium.type("name=language", "en_US"): null

2023-12-16 21:30:09 - [TEST_STEP][PASSED] - selenium.type("name=billing_firstname", "Mandy"): null

2023-12-16 21:30:09 - [TEST_STEP][PASSED] - selenium.type("name=billing_lastname", "Iguera"): null

2023-12-16 21:30:09 - [TEST_STEP][PASSED] - selenium.type("name=billing_address", "56 World Center Drive".toString()): null

2023-12-16 21:30:09 - [TEST_STEP][PASSED] - selenium.type("name=billing_address2", "Suite 600".toString()): null

2023-12-16 21:30:09 - [TEST_STEP][PASSED] - selenium.type("name=billing_country_id", "840"): null

2023-12-16 21:30:10 - [TEST_STEP][PASSED] - selenium.type("name=billing_city", "Orlando"): null

2023-12-16 21:30:10 - [TEST_STEP][PASSED] - selenium.type("name=billing_state", "NH"): null

2023-12-16 21:30:10 - [TEST_STEP][PASSED] - selenium.type("name=billing_zip", "03106"): null

2023-12-16 21:30:10 - [TEST_STEP][PASSED] - selenium.type("name=order_number", "PPPPOOOO"): null

2023-12-16 21:30:10 - [TEST_STEP][PASSED] - selenium.type("name=user_defined1", "udf1"): null

2023-12-16 21:30:10 - [TEST_STEP][PASSED] - selenium.type("name=user_defined2", "udf2"): null

2023-12-16 21:30:10 - [TEST_STEP][PASSED] - selenium.type("name=user_defined3", "udf3"): null

2023-12-16 21:30:10 - [TEST_STEP][PASSED] - selenium.type("name=user_defined4", "Orange Label".toString()): null

2023-12-16 21:30:10 - [TEST_STEP][PASSED] - selenium.type("name=user_defined5", "Soccer Label".toString()): null

2023-12-16 21:30:10 - [TEST_STEP][PASSED] - selenium.click("name=submit"): null

2023-12-16 21:30:10 - [TEST_STEP][PASSED] - selenium.waitForPageToLoad("30000"): null

2023-12-16 21:30:11 - [TEST_STEP][PASSED] - testHarnessURL = urlTestHarness: null

2023-12-16 21:30:11 - [TEST_STEP][PASSED] - selenium.open(testHarnessURL): null

2023-12-16 21:30:11 - [TEST_STEP][PASSED] - Thread.sleep(2000): null

2023-12-16 21:30:13 - [TEST_STEP][PASSED] - selenium.type("name=application_id", "636"): null

2023-12-16 21:30:13 - [TEST_STEP][PASSED] - selenium.type("name=message_version", 3".toString()): null

2023-12-16 21:30:13 - [TEST_STEP][PASSED] - genRemIDVoid = RandomStringUtils.random(12, true, true): null

2023-12-16 21:30:13 - [TEST_STEP][PASSED] - selenium.type("name=remittance_id", genRemIDVoid): null

2023-12-16 21:30:13 - [TEST_STEP][PASSED] - selenium.click("css=input.formSubmit"): null

2023-12-16 21:30:14 - [TEST_STEP][PASSED] - selenium.waitForPageToLoad("30000"): null

2023-12-16 21:30:15 - [TEST_STEP][PASSED] - selenium.selectWindow("null"): null

2023-12-16 21:30:15 - [TEST_STEP][PASSED] - selenium.click("name=paymentMethod"): null

2023-12-16 21:30:15 - [TEST_STEP][PASSED] - selenium.click("css=input[type="submit"]"): null

2023-12-16 21:30:16 - [TEST_STEP][PASSED] - selenium.waitForPageToLoad("30000"): null

2023-12-16 21:30:16 - [TEST_STEP][PASSED] - selenium.type("name=amount", 00".toString()): null

2023-12-16 21:30:16 - [TEST_STEP][PASSED] - selenium.type("name=billingName", "Leslie Howard".toString()): null

2023-12-16 21:30:17 - [TEST_STEP][PASSED] - selenium.type("id=cardNumber", "4111111111111111"): null

2023-12-16 21:30:17 - [TEST_STEP][PASSED] - selenium.type("id=spc", "568"): null

2023-12-16 21:30:17 - [TEST_STEP][PASSED] - selenium.select("name=cardExpMonth", "label=02"): null

2023-12-16 21:30:17 - [TEST_STEP][PASSED] - selenium.select("name=cardExpYear", "label=2028"): null

2023-12-16 21:30:17 - [TEST_STEP][PASSED] - selenium.type("name=billingAddress", "778 Main street".toString()): null

2023-12-16 21:30:17 - [TEST_STEP][PASSED] - selenium.type("name=billingAddress2", ""): null

2023-12-16 21:30:17 - [TEST_STEP][PASSED] - selenium.type("id=billing-zip-input", "22201"): null

2023-12-16 21:30:17 - [TEST_STEP][PASSED] - selenium.type("name=emailAddress", ""): null

2023-12-16 21:30:17 - [TEST_STEP][PASSED] - selenium.click("id=checkedAcceptCondition"): null

2023-12-16 21:30:17 - [TEST_STEP][PASSED] - selenium.click("name=ccSubmit"): null

2023-12-16 21:30:18 - [TEST_STEP][PASSED] - selenium.waitForPageToLoad("30000"): null

2023-12-16 21:30:18 - [TEST_STEP][PASSED] - verifyTextPresent("Please verify the following information:", true): Text 'Please verify the following information:' is present on page  using regular expression

2023-12-16 21:30:19 - [MESSAGE][PASSED] - Text 'Please verify the following information:' is present on page  using regular expression

2023-12-16 21:30:19 - [TEST_STEP][PASSED] - verifyTextPresent("Is this information correct", true): Text 'Is this information correct' is present on page  using regular expression

2023-12-16 21:30:19 - [MESSAGE][PASSED] - Text 'Is this information correct' is present on page  using regular expression

2023-12-16 21:30:19 - [TEST_STEP][PASSED] - selenium.click("name=confirmNotifyAction"): null

2023-12-16 21:30:19 - [TEST_STEP][PASSED] - selenium.waitForPageToLoad("30000"): null

2023-12-16 21:30:20 - [TEST_STEP][PASSED] - verifyTextPresent("This transaction is subject to a Convenience Fees of $10.00", false): Text 'This transaction is subject to a Convenience Fees of $10.00' is present on page 

2023-12-16 21:30:20 - [MESSAGE][PASSED] - Text 'This transaction is subject to a Convenience Fees of $10.00' is present on page 

2023-12-16 21:30:20 - [TEST_STEP][PASSED] - verifyTextPresent("Payment Amount:", true): Text 'Payment Amount:' is present on page  using regular expression

2023-12-16 21:30:21 - [MESSAGE][PASSED] - Text 'Payment Amount:' is present on page  using regular expression

2023-12-16 21:30:21 - [TEST_STEP][PASSED] - verifyTextPresent("$100.00", false): Text '$100.00' is present on page 

2023-12-16 21:30:21 - [MESSAGE][PASSED] - Text '$100.00' is present on page 

2023-12-16 21:30:21 - [TEST_STEP][PASSED] - verifyTextPresent("Convenience Fees:", true): Text 'Convenience Fees:' is present on page  using regular expression

2023-12-16 21:30:21 - [MESSAGE][PASSED] - Text 'Convenience Fees:' is present on page  using regular expression

2023-12-16 21:30:21 - [TEST_STEP][PASSED] - verifyTextPresent("$10.00", false): Text '$10.00' is present on page 

2023-12-16 21:30:21 - [MESSAGE][PASSED] - Text '$10.00' is present on page 

2023-12-16 21:30:21 - [TEST_STEP][PASSED] - verifyTextPresent("Total Amount:", true): Text 'Total Amount:' is present on page  using regular expression

2023-12-16 21:30:22 - [MESSAGE][PASSED] - Text 'Total Amount:' is present on page  using regular expression

2023-12-16 21:30:22 - [TEST_STEP][PASSED] - verifyTextPresent("$110.00", false): Text '$110.00' is present on page 

2023-12-16 21:30:22 - [MESSAGE][PASSED] - Text '$110.00' is present on page 

2023-12-16 21:30:22 - [TEST_STEP][PASSED] - verifyTextPresent("One transaction in the amount of $110.00 will appear on your bank statement", false): Text 'One transaction in the amount of $110.00 will appear on your bank statement' is present on page 

2023-12-16 21:30:22 - [MESSAGE][PASSED] - Text 'One transaction in the amount of $110.00 will appear on your bank statement' is present on page 

2023-12-16 21:30:22 - [TEST_STEP][PASSED] - selenium.click("name=convFeeNotifyAction"): null

2023-12-16 21:30:23 - [TEST_STEP][PASSED] - selenium.waitForPageToLoad("30000"): null

2023-12-16 21:30:23 - [TEST_STEP][PASSED] - Thread.sleep(8000): null

2023-12-16 21:30:31 - [TEST_STEP][PASSED] - verifyTextPresent("Successful Payment Receipt", true): Text 'Successful Payment Receipt' is present on page  using regular expression

2023-12-16 21:30:32 - [MESSAGE][PASSED] - Text 'Successful Payment Receipt' is present on page  using regular expression

2023-12-16 21:30:32 - [TEST_STEP][PASSED] - verifyTextPresent("Please print this receipt for your records", true): Text 'Please print this receipt for your records' is present on page  using regular expression

2023-12-16 21:30:32 - [MESSAGE][PASSED] - Text 'Please print this receipt for your records' is present on page  using regular expression

2023-12-16 21:30:32 - [TEST_STEP][PASSED] - verifyTextPresent("udf1", true): Text 'udf1' is present on page  using regular expression

2023-12-16 21:30:32 - [MESSAGE][PASSED] - Text 'udf1' is present on page  using regular expression

2023-12-16 21:30:32 - [TEST_STEP][PASSED] - verifyTextPresent("Orange Label", true): Text 'Orange Label' is present on page  using regular expression

2023-12-16 21:30:33 - [MESSAGE][PASSED] - Text 'Orange Label' is present on page  using regular expression

2023-12-16 21:30:33 - [TEST_STEP][PASSED] - verifyTextPresent("$100.00", false): Text '$100.00' is present on page 

2023-12-16 21:30:33 - [MESSAGE][PASSED] - Text '$100.00' is present on page 

2023-12-16 21:30:33 - [TEST_STEP][PASSED] - verifyTextPresent("$10.00", false): Text '$10.00' is present on page 

2023-12-16 21:30:33 - [MESSAGE][PASSED] - Text '$10.00' is present on page 

2023-12-16 21:30:33 - [TEST_STEP][PASSED] - verifyTextPresent("Single Transaction", true): Text 'Single Transaction' is present on page  using regular expression

2023-12-16 21:30:33 - [MESSAGE][PASSED] - Text 'Single Transaction' is present on page  using regular expression

2023-12-16 21:30:33 - [TEST_STEP][PASSED] - verifyTextPresent("$110.00", false): Text '$110.00' is present on page 

2023-12-16 21:30:34 - [MESSAGE][PASSED] - Text '$110.00' is present on page 

2023-12-16 21:30:34 - [TEST_STEP][PASSED] - verifyTextPresent("Authorization and Capture", true): Text 'Authorization and Capture' is present on page  using regular expression

2023-12-16 21:30:34 - [MESSAGE][PASSED] - Text 'Authorization and Capture' is present on page  using regular expression

2023-12-16 21:30:34 - [TEST_STEP][PASSED] - verifyTextPresent("Visa", true): Text 'Visa' is present on page  using regular expression

2023-12-16 21:30:34 - [MESSAGE][PASSED] - Text 'Visa' is present on page  using regular expression

2023-12-16 21:30:34 - [TEST_STEP][PASSED] - verifyTextPresent("LESLIE HOWARD", true): Text 'LESLIE HOWARD' is present on page  using regular expression

2023-12-16 21:30:35 - [MESSAGE][PASSED] - Text 'LESLIE HOWARD' is present on page  using regular expression

2023-12-16 21:30:35 - [TEST_STEP][PASSED] - verifyTextPresent("1111", true): Text '1111' is present on page  using regular expression

2023-12-16 21:30:35 - [MESSAGE][PASSED] - Text '1111' is present on page  using regular expression

2023-12-16 21:30:35 - [TEST_STEP][PASSED] - println("End Test: SCFPercentageSuccessfulCC"): null]]></system-out>
         <system-err><![CDATA[]]></system-err>
      </testcase>
      <testcase name="Test Cases/IntegratedWeb/IWP23-SelIDE/SCFPercentageSuccessfulPC" time="32.479" classname="Test Cases/IntegratedWeb/IWP23-SelIDE/SCFPercentageSuccessfulPC" status="PASSED">
         <system-out><![CDATA[2023-12-16 21:30:35 - [TEST_CASE][PASSED] - Test Cases/IntegratedWeb/IWP23-SelIDE/SCFPercentageSuccessfulPC: Test Cases/IntegratedWeb/IWP23-SelIDE/SCFPercentageSuccessfulPC

2023-12-16 21:30:36 - [TEST_STEP][PASSED] - softAssertion = new org.testng.asserts.SoftAssert(): null

2023-12-16 21:30:36 - [TEST_STEP][PASSED] - openBrowser("https://www.google.com/"): Browser is opened with url: 'https://www.google.com/'

2023-12-16 21:30:36 - [MESSAGE][WARNING] - A browser is already opened. Closing browser and opening a new one

2023-12-16 21:30:37 - [MESSAGE][INFO] - Starting 'Chrome' driver

2023-12-16 21:30:37 - [MESSAGE][INFO] - User set preference: ['acceptInsecureCerts', 'true']

2023-12-16 21:30:37 - [MESSAGE][INFO] - Action delay is set to 0 milliseconds

2023-12-16 21:30:40 - [MESSAGE][PASSED] - Browser is opened with url: 'https://www.google.com/'

2023-12-16 21:30:40 - [TEST_STEP][PASSED] - driver = getWebDriver(): null

2023-12-16 21:30:40 - [TEST_STEP][PASSED] - baseUrl = "https://www.google.com/": null

2023-12-16 21:30:40 - [TEST_STEP][PASSED] - selenium = new com.thoughtworks.selenium.webdriven.WebDriverBackedSelenium(driver, baseUrl): null

2023-12-16 21:30:40 - [TEST_STEP][PASSED] - println("Begin Test: SCFPercentageSuccessfulPC"): null

2023-12-16 21:30:40 - [TEST_STEP][PASSED] - emulatorURL = urlEmulator: null

2023-12-16 21:30:40 - [TEST_STEP][PASSED] - selenium.open(emulatorURL): null

2023-12-16 21:30:40 - [TEST_STEP][PASSED] - selenium.selectWindow("null"): null

2023-12-16 21:30:40 - [TEST_STEP][PASSED] - selenium.select("name=message_version", "label=2.3"): null

2023-12-16 21:30:40 - [TEST_STEP][PASSED] - selenium.waitForPageToLoad("30000"): null

2023-12-16 21:30:41 - [TEST_STEP][PASSED] - selenium.type("name=amount", 00".toString()): null

2023-12-16 21:30:41 - [TEST_STEP][PASSED] - selenium.type("name=client_account_number", "CAN12345"): null

2023-12-16 21:30:41 - [TEST_STEP][PASSED] - selenium.type("name=action_type", "PayNow"): null

2023-12-16 21:30:41 - [TEST_STEP][PASSED] - selenium.type("name=language", "en_US"): null

2023-12-16 21:30:41 - [TEST_STEP][PASSED] - selenium.type("name=billing_firstname", "Mandy"): null

2023-12-16 21:30:41 - [TEST_STEP][PASSED] - selenium.type("name=billing_lastname", "Iguera"): null

2023-12-16 21:30:41 - [TEST_STEP][PASSED] - selenium.type("name=billing_address", "56 World Center Drive".toString()): null

2023-12-16 21:30:41 - [TEST_STEP][PASSED] - selenium.type("name=billing_address2", "Suite 600".toString()): null

2023-12-16 21:30:41 - [TEST_STEP][PASSED] - selenium.type("name=billing_country_id", "840"): null

2023-12-16 21:30:41 - [TEST_STEP][PASSED] - selenium.type("name=billing_city", "Orlando"): null

2023-12-16 21:30:41 - [TEST_STEP][PASSED] - selenium.type("name=billing_state", "NH"): null

2023-12-16 21:30:41 - [TEST_STEP][PASSED] - selenium.type("name=billing_zip", "03106"): null

2023-12-16 21:30:41 - [TEST_STEP][PASSED] - selenium.type("name=order_number", "PPPPOOOO"): null

2023-12-16 21:30:41 - [TEST_STEP][PASSED] - selenium.type("name=user_defined1", "udf1"): null

2023-12-16 21:30:41 - [TEST_STEP][PASSED] - selenium.type("name=user_defined2", "udf2"): null

2023-12-16 21:30:42 - [TEST_STEP][PASSED] - selenium.type("name=user_defined3", "udf3"): null

2023-12-16 21:30:42 - [TEST_STEP][PASSED] - selenium.type("name=user_defined4", "Orange Label".toString()): null

2023-12-16 21:30:42 - [TEST_STEP][PASSED] - selenium.type("name=user_defined5", "Soccer Label".toString()): null

2023-12-16 21:30:42 - [TEST_STEP][PASSED] - selenium.click("name=submit"): null

2023-12-16 21:30:42 - [TEST_STEP][PASSED] - selenium.waitForPageToLoad("30000"): null

2023-12-16 21:30:42 - [TEST_STEP][PASSED] - Thread.sleep(2000): null

2023-12-16 21:30:44 - [TEST_STEP][PASSED] - testHarnessURL = urlTestHarness: null

2023-12-16 21:30:44 - [TEST_STEP][PASSED] - selenium.open(testHarnessURL): null

2023-12-16 21:30:45 - [TEST_STEP][PASSED] - selenium.type("name=application_id", "636"): null

2023-12-16 21:30:45 - [TEST_STEP][PASSED] - selenium.type("name=message_version", 3".toString()): null

2023-12-16 21:30:45 - [TEST_STEP][PASSED] - genRemIDVoid = RandomStringUtils.random(12, true, true): null

2023-12-16 21:30:45 - [TEST_STEP][PASSED] - selenium.type("name=remittance_id", genRemIDVoid): null

2023-12-16 21:30:45 - [TEST_STEP][PASSED] - selenium.click("css=input.formSubmit"): null

2023-12-16 21:30:46 - [TEST_STEP][PASSED] - selenium.waitForPageToLoad("30000"): null

2023-12-16 21:30:46 - [TEST_STEP][PASSED] - selenium.click("xpath=(//input[@name='paymentMethod'])[2]"): null

2023-12-16 21:30:47 - [TEST_STEP][PASSED] - selenium.click("css=input[type="submit"]"): null

2023-12-16 21:30:47 - [TEST_STEP][PASSED] - selenium.waitForPageToLoad("30000"): null

2023-12-16 21:30:48 - [TEST_STEP][PASSED] - selenium.type("name=amount", 00".toString()): null

2023-12-16 21:30:48 - [TEST_STEP][PASSED] - selenium.type("name=billingFirstname", "Mike"): null

2023-12-16 21:30:48 - [TEST_STEP][PASSED] - selenium.type("name=billingLastname", "Chingiti"): null

2023-12-16 21:30:48 - [TEST_STEP][PASSED] - selenium.type("id=routingNumber", "256072691"): null

2023-12-16 21:30:48 - [TEST_STEP][PASSED] - selenium.type("id=accountNumber", "11111111"): null

2023-12-16 21:30:48 - [TEST_STEP][PASSED] - selenium.type("id=confirmAccountNumber", "11111111"): null

2023-12-16 21:30:48 - [TEST_STEP][PASSED] - selenium.click("name=accountType"): null

2023-12-16 21:30:48 - [TEST_STEP][PASSED] - selenium.type("name=billingAddress", "104 main road".toString()): null

2023-12-16 21:30:49 - [TEST_STEP][PASSED] - selenium.type("name=billingAddress2", ""): null

2023-12-16 21:30:49 - [TEST_STEP][PASSED] - selenium.type("id=billing-zip-input", "22201"): null

2023-12-16 21:30:49 - [TEST_STEP][PASSED] - selenium.click("id=checkedAcceptCondition"): null

2023-12-16 21:30:49 - [TEST_STEP][PASSED] - selenium.click("name=achSubmit"): null

2023-12-16 21:30:49 - [TEST_STEP][PASSED] - selenium.waitForPageToLoad("30000"): null

2023-12-16 21:30:50 - [TEST_STEP][PASSED] - verifyTextPresent("Please verify the following information:", true): Text 'Please verify the following information:' is present on page  using regular expression

2023-12-16 21:30:50 - [MESSAGE][PASSED] - Text 'Please verify the following information:' is present on page  using regular expression

2023-12-16 21:30:50 - [TEST_STEP][PASSED] - verifyTextPresent("Is this information correct", true): Text 'Is this information correct' is present on page  using regular expression

2023-12-16 21:30:50 - [MESSAGE][PASSED] - Text 'Is this information correct' is present on page  using regular expression

2023-12-16 21:30:50 - [TEST_STEP][PASSED] - selenium.click("name=confirmNotifyAction"): null

2023-12-16 21:30:51 - [TEST_STEP][PASSED] - selenium.waitForPageToLoad("30000"): null

2023-12-16 21:30:51 - [TEST_STEP][PASSED] - verifyTextPresent("This transaction is subject to a Convenience Fees of $10.00", false): Text 'This transaction is subject to a Convenience Fees of $10.00' is present on page 

2023-12-16 21:30:52 - [MESSAGE][PASSED] - Text 'This transaction is subject to a Convenience Fees of $10.00' is present on page 

2023-12-16 21:30:52 - [TEST_STEP][PASSED] - verifyTextPresent("Payment Amount:", true): Text 'Payment Amount:' is present on page  using regular expression

2023-12-16 21:30:52 - [MESSAGE][PASSED] - Text 'Payment Amount:' is present on page  using regular expression

2023-12-16 21:30:52 - [TEST_STEP][PASSED] - verifyTextPresent("$100.00", false): Text '$100.00' is present on page 

2023-12-16 21:30:52 - [MESSAGE][PASSED] - Text '$100.00' is present on page 

2023-12-16 21:30:52 - [TEST_STEP][PASSED] - verifyTextPresent("Convenience Fees:", true): Text 'Convenience Fees:' is present on page  using regular expression

2023-12-16 21:30:52 - [MESSAGE][PASSED] - Text 'Convenience Fees:' is present on page  using regular expression

2023-12-16 21:30:52 - [TEST_STEP][PASSED] - verifyTextPresent("$10.00", false): Text '$10.00' is present on page 

2023-12-16 21:30:53 - [MESSAGE][PASSED] - Text '$10.00' is present on page 

2023-12-16 21:30:53 - [TEST_STEP][PASSED] - verifyTextPresent("Total Amount:", true): Text 'Total Amount:' is present on page  using regular expression

2023-12-16 21:30:53 - [MESSAGE][PASSED] - Text 'Total Amount:' is present on page  using regular expression

2023-12-16 21:30:53 - [TEST_STEP][PASSED] - verifyTextPresent("$110.00", false): Text '$110.00' is present on page 

2023-12-16 21:30:53 - [MESSAGE][PASSED] - Text '$110.00' is present on page 

2023-12-16 21:30:53 - [TEST_STEP][PASSED] - verifyTextPresent("One transaction in the amount of $110.00 will appear on your bank statement", false): Text 'One transaction in the amount of $110.00 will appear on your bank statement' is present on page 

2023-12-16 21:30:54 - [MESSAGE][PASSED] - Text 'One transaction in the amount of $110.00 will appear on your bank statement' is present on page 

2023-12-16 21:30:54 - [TEST_STEP][PASSED] - selenium.click("name=convFeeNotifyAction"): null

2023-12-16 21:30:54 - [TEST_STEP][PASSED] - selenium.waitForPageToLoad("30000"): null

2023-12-16 21:30:55 - [TEST_STEP][PASSED] - Thread.sleep(8000): null

2023-12-16 21:31:03 - [TEST_STEP][PASSED] - verifyTextPresent("Successful Payment Receipt", true): Text 'Successful Payment Receipt' is present on page  using regular expression

2023-12-16 21:31:03 - [MESSAGE][PASSED] - Text 'Successful Payment Receipt' is present on page  using regular expression

2023-12-16 21:31:03 - [TEST_STEP][PASSED] - verifyTextPresent("Please print this receipt for your records", true): Text 'Please print this receipt for your records' is present on page  using regular expression

2023-12-16 21:31:03 - [MESSAGE][PASSED] - Text 'Please print this receipt for your records' is present on page  using regular expression

2023-12-16 21:31:03 - [TEST_STEP][PASSED] - verifyTextPresent("100.00", true): Text '100.00' is present on page  using regular expression

2023-12-16 21:31:03 - [MESSAGE][PASSED] - Text '100.00' is present on page  using regular expression

2023-12-16 21:31:03 - [TEST_STEP][PASSED] - verifyTextPresent("10.00", true): Text '10.00' is present on page  using regular expression

2023-12-16 21:31:04 - [MESSAGE][PASSED] - Text '10.00' is present on page  using regular expression

2023-12-16 21:31:04 - [TEST_STEP][PASSED] - verifyTextPresent("Single Transaction", true): Text 'Single Transaction' is present on page  using regular expression

2023-12-16 21:31:04 - [MESSAGE][PASSED] - Text 'Single Transaction' is present on page  using regular expression

2023-12-16 21:31:04 - [TEST_STEP][PASSED] - verifyTextPresent("110.00", true): Text '110.00' is present on page  using regular expression

2023-12-16 21:31:04 - [MESSAGE][PASSED] - Text '110.00' is present on page  using regular expression

2023-12-16 21:31:04 - [TEST_STEP][PASSED] - verifyTextPresent("Debit", true): Text 'Debit' is present on page  using regular expression

2023-12-16 21:31:05 - [MESSAGE][PASSED] - Text 'Debit' is present on page  using regular expression

2023-12-16 21:31:05 - [TEST_STEP][PASSED] - verifyTextPresent("Personal", true): Text 'Personal' is present on page  using regular expression

2023-12-16 21:31:05 - [MESSAGE][PASSED] - Text 'Personal' is present on page  using regular expression

2023-12-16 21:31:05 - [TEST_STEP][PASSED] - verifyTextPresent("Checking", true): Text 'Checking' is present on page  using regular expression

2023-12-16 21:31:05 - [MESSAGE][PASSED] - Text 'Checking' is present on page  using regular expression

2023-12-16 21:31:05 - [TEST_STEP][PASSED] - verifyTextPresent("1111", true): Text '1111' is present on page  using regular expression

2023-12-16 21:31:05 - [MESSAGE][PASSED] - Text '1111' is present on page  using regular expression

2023-12-16 21:31:05 - [TEST_STEP][PASSED] - verifyTextPresent("2691", true): Text '2691' is present on page  using regular expression

2023-12-16 21:31:06 - [MESSAGE][PASSED] - Text '2691' is present on page  using regular expression

2023-12-16 21:31:06 - [TEST_STEP][PASSED] - verifyTextPresent("MIKE CHINGITI", true): Text 'MIKE CHINGITI' is present on page  using regular expression

2023-12-16 21:31:06 - [MESSAGE][PASSED] - Text 'MIKE CHINGITI' is present on page  using regular expression

2023-12-16 21:31:06 - [TEST_STEP][PASSED] - verifyTextPresent("104 main road", true): Text '104 main road' is present on page  using regular expression

2023-12-16 21:31:06 - [MESSAGE][PASSED] - Text '104 main road' is present on page  using regular expression

2023-12-16 21:31:06 - [TEST_STEP][PASSED] - verifyTextPresent("United States", true): Text 'United States' is present on page  using regular expression

2023-12-16 21:31:07 - [MESSAGE][PASSED] - Text 'United States' is present on page  using regular expression

2023-12-16 21:31:07 - [TEST_STEP][PASSED] - verifyTextPresent("ARLINGTON", true): Text 'ARLINGTON' is present on page  using regular expression

2023-12-16 21:31:07 - [MESSAGE][PASSED] - Text 'ARLINGTON' is present on page  using regular expression

2023-12-16 21:31:07 - [TEST_STEP][PASSED] - verifyTextPresent("Virginia", true): Text 'Virginia' is present on page  using regular expression

2023-12-16 21:31:07 - [MESSAGE][PASSED] - Text 'Virginia' is present on page  using regular expression

2023-12-16 21:31:07 - [TEST_STEP][PASSED] - verifyTextPresent("22201", true): Text '22201' is present on page  using regular expression

2023-12-16 21:31:07 - [MESSAGE][PASSED] - Text '22201' is present on page  using regular expression

2023-12-16 21:31:07 - [TEST_STEP][PASSED] - println("End Test: SCFPercentageSuccessfulPC"): null]]></system-out>
         <system-err><![CDATA[]]></system-err>
      </testcase>
      <testcase name="Test Cases/IntegratedWeb/IWP23-SelIDE/SCFSuccessfulCC" time="31.555" classname="Test Cases/IntegratedWeb/IWP23-SelIDE/SCFSuccessfulCC" status="PASSED">
         <system-out><![CDATA[2023-12-16 21:31:07 - [TEST_CASE][PASSED] - Test Cases/IntegratedWeb/IWP23-SelIDE/SCFSuccessfulCC: Test Cases/IntegratedWeb/IWP23-SelIDE/SCFSuccessfulCC

2023-12-16 21:31:08 - [TEST_STEP][PASSED] - softAssertion = new org.testng.asserts.SoftAssert(): null

2023-12-16 21:31:08 - [TEST_STEP][PASSED] - openBrowser("https://www.google.com/"): Browser is opened with url: 'https://www.google.com/'

2023-12-16 21:31:08 - [MESSAGE][WARNING] - A browser is already opened. Closing browser and opening a new one

2023-12-16 21:31:09 - [MESSAGE][INFO] - Starting 'Chrome' driver

2023-12-16 21:31:09 - [MESSAGE][INFO] - User set preference: ['acceptInsecureCerts', 'true']

2023-12-16 21:31:09 - [MESSAGE][INFO] - Action delay is set to 0 milliseconds

2023-12-16 21:31:12 - [MESSAGE][PASSED] - Browser is opened with url: 'https://www.google.com/'

2023-12-16 21:31:12 - [TEST_STEP][PASSED] - driver = getWebDriver(): null

2023-12-16 21:31:12 - [TEST_STEP][PASSED] - baseUrl = "https://www.google.com/": null

2023-12-16 21:31:12 - [TEST_STEP][PASSED] - selenium = new com.thoughtworks.selenium.webdriven.WebDriverBackedSelenium(driver, baseUrl): null

2023-12-16 21:31:12 - [TEST_STEP][PASSED] - println("Begin Test: SCFSuccessfulCC"): null

2023-12-16 21:31:12 - [TEST_STEP][PASSED] - emulatorURL = urlEmulator: null

2023-12-16 21:31:12 - [TEST_STEP][PASSED] - selenium.open(emulatorURL): null

2023-12-16 21:31:12 - [TEST_STEP][PASSED] - selenium.selectWindow("null"): null

2023-12-16 21:31:12 - [TEST_STEP][PASSED] - selenium.select("name=message_version", "label=2.3"): null

2023-12-16 21:31:13 - [TEST_STEP][PASSED] - selenium.waitForPageToLoad("30000"): null

2023-12-16 21:31:13 - [TEST_STEP][PASSED] - selenium.type("name=amount", 00".toString()): null

2023-12-16 21:31:13 - [TEST_STEP][PASSED] - selenium.type("name=client_account_number", "CAN12345"): null

2023-12-16 21:31:13 - [TEST_STEP][PASSED] - selenium.type("name=action_type", "PayNow"): null

2023-12-16 21:31:13 - [TEST_STEP][PASSED] - selenium.type("name=language", "en_US"): null

2023-12-16 21:31:13 - [TEST_STEP][PASSED] - selenium.type("name=billing_firstname", "Mandy"): null

2023-12-16 21:31:13 - [TEST_STEP][PASSED] - selenium.type("name=billing_lastname", "Iguera"): null

2023-12-16 21:31:13 - [TEST_STEP][PASSED] - selenium.type("name=billing_address", "56 World Center Drive".toString()): null

2023-12-16 21:31:14 - [TEST_STEP][PASSED] - selenium.type("name=billing_address2", "Suite 600".toString()): null

2023-12-16 21:31:14 - [TEST_STEP][PASSED] - selenium.type("name=billing_country_id", "840"): null

2023-12-16 21:31:14 - [TEST_STEP][PASSED] - selenium.type("name=billing_city", "Orlando"): null

2023-12-16 21:31:14 - [TEST_STEP][PASSED] - selenium.type("name=billing_state", "NH"): null

2023-12-16 21:31:14 - [TEST_STEP][PASSED] - selenium.type("name=billing_zip", "03106"): null

2023-12-16 21:31:14 - [TEST_STEP][PASSED] - selenium.type("name=order_number", "PPPPOOOO"): null

2023-12-16 21:31:14 - [TEST_STEP][PASSED] - selenium.type("name=user_defined1", "udf1"): null

2023-12-16 21:31:14 - [TEST_STEP][PASSED] - selenium.type("name=user_defined2", "udf2"): null

2023-12-16 21:31:14 - [TEST_STEP][PASSED] - selenium.type("name=user_defined3", "udf3"): null

2023-12-16 21:31:14 - [TEST_STEP][PASSED] - selenium.type("name=user_defined4", "Orange Label".toString()): null

2023-12-16 21:31:14 - [TEST_STEP][PASSED] - selenium.type("name=user_defined5", "Soccer Label".toString()): null

2023-12-16 21:31:14 - [TEST_STEP][PASSED] - selenium.click("name=submit"): null

2023-12-16 21:31:14 - [TEST_STEP][PASSED] - selenium.waitForPageToLoad("30000"): null

2023-12-16 21:31:15 - [TEST_STEP][PASSED] - testHarnessURL = urlTestHarness: null

2023-12-16 21:31:15 - [TEST_STEP][PASSED] - selenium.open(testHarnessURL): null

2023-12-16 21:31:15 - [TEST_STEP][PASSED] - Thread.sleep(2000): null

2023-12-16 21:31:17 - [TEST_STEP][PASSED] - selenium.type("name=application_id", "636"): null

2023-12-16 21:31:17 - [TEST_STEP][PASSED] - selenium.type("name=message_version", 3".toString()): null

2023-12-16 21:31:17 - [TEST_STEP][PASSED] - genRemIDVoid = RandomStringUtils.random(12, true, true): null

2023-12-16 21:31:17 - [TEST_STEP][PASSED] - selenium.type("name=remittance_id", genRemIDVoid): null

2023-12-16 21:31:17 - [TEST_STEP][PASSED] - selenium.click("css=input.formSubmit"): null

2023-12-16 21:31:18 - [TEST_STEP][PASSED] - selenium.waitForPageToLoad("30000"): null

2023-12-16 21:31:19 - [TEST_STEP][PASSED] - selenium.selectWindow("null"): null

2023-12-16 21:31:19 - [TEST_STEP][PASSED] - selenium.click("name=paymentMethod"): null

2023-12-16 21:31:19 - [TEST_STEP][PASSED] - selenium.click("css=input[type="submit"]"): null

2023-12-16 21:31:20 - [TEST_STEP][PASSED] - selenium.waitForPageToLoad("30000"): null

2023-12-16 21:31:20 - [TEST_STEP][PASSED] - selenium.type("name=amount", 50".toString()): null

2023-12-16 21:31:20 - [TEST_STEP][PASSED] - selenium.type("name=billingName", "Leslie Howard".toString()): null

2023-12-16 21:31:21 - [TEST_STEP][PASSED] - selenium.type("id=cardNumber", "4111111111111111"): null

2023-12-16 21:31:21 - [TEST_STEP][PASSED] - selenium.type("id=spc", "568"): null

2023-12-16 21:31:21 - [TEST_STEP][PASSED] - selenium.select("name=cardExpMonth", "label=02"): null

2023-12-16 21:31:21 - [TEST_STEP][PASSED] - selenium.select("name=cardExpYear", "label=2028"): null

2023-12-16 21:31:21 - [TEST_STEP][PASSED] - selenium.type("name=billingAddress", "778 Main street".toString()): null

2023-12-16 21:31:21 - [TEST_STEP][PASSED] - selenium.type("name=billingAddress2", ""): null

2023-12-16 21:31:21 - [TEST_STEP][PASSED] - selenium.type("id=billing-zip-input", "22201"): null

2023-12-16 21:31:21 - [TEST_STEP][PASSED] - selenium.type("name=emailAddress", ""): null

2023-12-16 21:31:21 - [TEST_STEP][PASSED] - selenium.click("id=checkedAcceptCondition"): null

2023-12-16 21:31:21 - [TEST_STEP][PASSED] - selenium.click("name=ccSubmit"): null

2023-12-16 21:31:22 - [TEST_STEP][PASSED] - selenium.waitForPageToLoad("30000"): null

2023-12-16 21:31:22 - [TEST_STEP][PASSED] - verifyTextPresent("Please verify the following information:", true): Text 'Please verify the following information:' is present on page  using regular expression

2023-12-16 21:31:23 - [MESSAGE][PASSED] - Text 'Please verify the following information:' is present on page  using regular expression

2023-12-16 21:31:23 - [TEST_STEP][PASSED] - verifyTextPresent("Is this information correct", true): Text 'Is this information correct' is present on page  using regular expression

2023-12-16 21:31:23 - [MESSAGE][PASSED] - Text 'Is this information correct' is present on page  using regular expression

2023-12-16 21:31:23 - [TEST_STEP][PASSED] - selenium.click("name=confirmNotifyAction"): null

2023-12-16 21:31:23 - [TEST_STEP][PASSED] - selenium.waitForPageToLoad("30000"): null

2023-12-16 21:31:24 - [TEST_STEP][PASSED] - verifyTextPresent("This transaction is subject to a Convenience Fees of $2.00", false): Text 'This transaction is subject to a Convenience Fees of $2.00' is present on page 

2023-12-16 21:31:24 - [MESSAGE][PASSED] - Text 'This transaction is subject to a Convenience Fees of $2.00' is present on page 

2023-12-16 21:31:24 - [TEST_STEP][PASSED] - verifyTextPresent("Payment Amount:", true): Text 'Payment Amount:' is present on page  using regular expression

2023-12-16 21:31:25 - [MESSAGE][PASSED] - Text 'Payment Amount:' is present on page  using regular expression

2023-12-16 21:31:25 - [TEST_STEP][PASSED] - verifyTextPresent("$11.50", false): Text '$11.50' is present on page 

2023-12-16 21:31:25 - [MESSAGE][PASSED] - Text '$11.50' is present on page 

2023-12-16 21:31:25 - [TEST_STEP][PASSED] - verifyTextPresent("Convenience Fees:", true): Text 'Convenience Fees:' is present on page  using regular expression

2023-12-16 21:31:25 - [MESSAGE][PASSED] - Text 'Convenience Fees:' is present on page  using regular expression

2023-12-16 21:31:25 - [TEST_STEP][PASSED] - verifyTextPresent("$2.00", false): Text '$2.00' is present on page 

2023-12-16 21:31:25 - [MESSAGE][PASSED] - Text '$2.00' is present on page 

2023-12-16 21:31:25 - [TEST_STEP][PASSED] - verifyTextPresent("Total Amount:", true): Text 'Total Amount:' is present on page  using regular expression

2023-12-16 21:31:26 - [MESSAGE][PASSED] - Text 'Total Amount:' is present on page  using regular expression

2023-12-16 21:31:26 - [TEST_STEP][PASSED] - verifyTextPresent("$13.50", false): Text '$13.50' is present on page 

2023-12-16 21:31:26 - [MESSAGE][PASSED] - Text '$13.50' is present on page 

2023-12-16 21:31:26 - [TEST_STEP][PASSED] - verifyTextPresent("One transaction in the amount of $13.50 will appear on your bank statement", false): Text 'One transaction in the amount of $13.50 will appear on your bank statement' is present on page 

2023-12-16 21:31:26 - [MESSAGE][PASSED] - Text 'One transaction in the amount of $13.50 will appear on your bank statement' is present on page 

2023-12-16 21:31:26 - [TEST_STEP][PASSED] - selenium.click("name=convFeeNotifyAction"): null

2023-12-16 21:31:27 - [TEST_STEP][PASSED] - selenium.waitForPageToLoad("30000"): null

2023-12-16 21:31:27 - [TEST_STEP][PASSED] - Thread.sleep(8000): null

2023-12-16 21:31:35 - [TEST_STEP][PASSED] - verifyTextPresent("Successful Payment Receipt", true): Text 'Successful Payment Receipt' is present on page  using regular expression

2023-12-16 21:31:36 - [MESSAGE][PASSED] - Text 'Successful Payment Receipt' is present on page  using regular expression

2023-12-16 21:31:36 - [TEST_STEP][PASSED] - verifyTextPresent("Please print this receipt for your records", true): Text 'Please print this receipt for your records' is present on page  using regular expression

2023-12-16 21:31:36 - [MESSAGE][PASSED] - Text 'Please print this receipt for your records' is present on page  using regular expression

2023-12-16 21:31:36 - [TEST_STEP][PASSED] - verifyTextPresent("udf1", true): Text 'udf1' is present on page  using regular expression

2023-12-16 21:31:36 - [MESSAGE][PASSED] - Text 'udf1' is present on page  using regular expression

2023-12-16 21:31:36 - [TEST_STEP][PASSED] - verifyTextPresent("Orange Label", true): Text 'Orange Label' is present on page  using regular expression

2023-12-16 21:31:37 - [MESSAGE][PASSED] - Text 'Orange Label' is present on page  using regular expression

2023-12-16 21:31:37 - [TEST_STEP][PASSED] - verifyTextPresent("11.50", true): Text '11.50' is present on page  using regular expression

2023-12-16 21:31:37 - [MESSAGE][PASSED] - Text '11.50' is present on page  using regular expression

2023-12-16 21:31:37 - [TEST_STEP][PASSED] - verifyTextPresent("2.00", true): Text '2.00' is present on page  using regular expression

2023-12-16 21:31:37 - [MESSAGE][PASSED] - Text '2.00' is present on page  using regular expression

2023-12-16 21:31:37 - [TEST_STEP][PASSED] - verifyTextPresent("Single Transaction", true): Text 'Single Transaction' is present on page  using regular expression

2023-12-16 21:31:37 - [MESSAGE][PASSED] - Text 'Single Transaction' is present on page  using regular expression

2023-12-16 21:31:37 - [TEST_STEP][PASSED] - verifyTextPresent("13.50", true): Text '13.50' is present on page  using regular expression

2023-12-16 21:31:38 - [MESSAGE][PASSED] - Text '13.50' is present on page  using regular expression

2023-12-16 21:31:38 - [TEST_STEP][PASSED] - verifyTextPresent("Authorization and Capture", true): Text 'Authorization and Capture' is present on page  using regular expression

2023-12-16 21:31:38 - [MESSAGE][PASSED] - Text 'Authorization and Capture' is present on page  using regular expression

2023-12-16 21:31:38 - [TEST_STEP][PASSED] - verifyTextPresent("Visa", true): Text 'Visa' is present on page  using regular expression

2023-12-16 21:31:38 - [MESSAGE][PASSED] - Text 'Visa' is present on page  using regular expression

2023-12-16 21:31:38 - [TEST_STEP][PASSED] - verifyTextPresent("LESLIE HOWARD", true): Text 'LESLIE HOWARD' is present on page  using regular expression

2023-12-16 21:31:39 - [MESSAGE][PASSED] - Text 'LESLIE HOWARD' is present on page  using regular expression

2023-12-16 21:31:39 - [TEST_STEP][PASSED] - verifyTextPresent("1111", true): Text '1111' is present on page  using regular expression

2023-12-16 21:31:39 - [MESSAGE][PASSED] - Text '1111' is present on page  using regular expression

2023-12-16 21:31:39 - [TEST_STEP][PASSED] - println("End Test: SCFSuccessfulCC"): null]]></system-out>
         <system-err><![CDATA[]]></system-err>
      </testcase>
      <testcase name="Test Cases/IntegratedWeb/IWP23-SelIDE/SuccessfulCCAllFields" time="36.509" classname="Test Cases/IntegratedWeb/IWP23-SelIDE/SuccessfulCCAllFields" status="PASSED">
         <system-out><![CDATA[2023-12-16 21:31:39 - [TEST_CASE][PASSED] - Test Cases/IntegratedWeb/IWP23-SelIDE/SuccessfulCCAllFields: Test Cases/IntegratedWeb/IWP23-SelIDE/SuccessfulCCAllFields

2023-12-16 21:31:40 - [TEST_STEP][PASSED] - softAssertion = new org.testng.asserts.SoftAssert(): null

2023-12-16 21:31:40 - [TEST_STEP][PASSED] - openBrowser("https://www.google.com/"): Browser is opened with url: 'https://www.google.com/'

2023-12-16 21:31:40 - [MESSAGE][WARNING] - A browser is already opened. Closing browser and opening a new one

2023-12-16 21:31:41 - [MESSAGE][INFO] - Starting 'Chrome' driver

2023-12-16 21:31:41 - [MESSAGE][INFO] - User set preference: ['acceptInsecureCerts', 'true']

2023-12-16 21:31:41 - [MESSAGE][INFO] - Action delay is set to 0 milliseconds

2023-12-16 21:31:43 - [MESSAGE][PASSED] - Browser is opened with url: 'https://www.google.com/'

2023-12-16 21:31:43 - [TEST_STEP][PASSED] - driver = getWebDriver(): null

2023-12-16 21:31:43 - [TEST_STEP][PASSED] - baseUrl = "https://www.google.com/": null

2023-12-16 21:31:43 - [TEST_STEP][PASSED] - selenium = new com.thoughtworks.selenium.webdriven.WebDriverBackedSelenium(driver, baseUrl): null

2023-12-16 21:31:43 - [TEST_STEP][PASSED] - println("Begin Test: SuccessfulCCAllFields"): null

2023-12-16 21:31:43 - [TEST_STEP][PASSED] - emulatorURL = urlEmulator: null

2023-12-16 21:31:43 - [TEST_STEP][PASSED] - selenium.open(emulatorURL): null

2023-12-16 21:31:44 - [TEST_STEP][PASSED] - selenium.selectWindow("null"): null

2023-12-16 21:31:44 - [TEST_STEP][PASSED] - selenium.select("name=message_version", "label=2.3"): null

2023-12-16 21:31:44 - [TEST_STEP][PASSED] - selenium.waitForPageToLoad("30000"): null

2023-12-16 21:31:45 - [TEST_STEP][PASSED] - selenium.type("name=amount", 00".toString()): null

2023-12-16 21:31:45 - [TEST_STEP][PASSED] - selenium.type("name=client_account_number", "CAN12345"): null

2023-12-16 21:31:45 - [TEST_STEP][PASSED] - selenium.type("name=action_type", "PayNow"): null

2023-12-16 21:31:45 - [TEST_STEP][PASSED] - selenium.type("name=language", "en_US"): null

2023-12-16 21:31:45 - [TEST_STEP][PASSED] - selenium.type("name=billing_firstname", "Mandy"): null

2023-12-16 21:31:45 - [TEST_STEP][PASSED] - selenium.type("name=billing_lastname", "Iguera"): null

2023-12-16 21:31:45 - [TEST_STEP][PASSED] - selenium.type("name=billing_address", "56 World Center Drive".toString()): null

2023-12-16 21:31:45 - [TEST_STEP][PASSED] - selenium.type("name=billing_address2", "Suite 600".toString()): null

2023-12-16 21:31:45 - [TEST_STEP][PASSED] - selenium.type("name=billing_country_id", "840"): null

2023-12-16 21:31:45 - [TEST_STEP][PASSED] - selenium.type("name=billing_city", "Orlando"): null

2023-12-16 21:31:45 - [TEST_STEP][PASSED] - selenium.type("name=billing_state", "NH"): null

2023-12-16 21:31:45 - [TEST_STEP][PASSED] - selenium.type("name=billing_zip", "03106"): null

2023-12-16 21:31:45 - [TEST_STEP][PASSED] - selenium.type("name=order_number", "PPPPOOOO"): null

2023-12-16 21:31:45 - [TEST_STEP][PASSED] - selenium.type("name=user_defined1", "udf1"): null

2023-12-16 21:31:45 - [TEST_STEP][PASSED] - selenium.type("name=user_defined2", "udf2"): null

2023-12-16 21:31:45 - [TEST_STEP][PASSED] - selenium.type("name=user_defined3", "udf3"): null

2023-12-16 21:31:46 - [TEST_STEP][PASSED] - selenium.type("name=user_defined4", "Orange Label".toString()): null

2023-12-16 21:31:46 - [TEST_STEP][PASSED] - selenium.type("name=user_defined5", "Soccer Label".toString()): null

2023-12-16 21:31:46 - [TEST_STEP][PASSED] - selenium.click("name=submit"): null

2023-12-16 21:31:46 - [TEST_STEP][PASSED] - selenium.waitForPageToLoad("30000"): null

2023-12-16 21:31:46 - [TEST_STEP][PASSED] - testHarnessURL = urlTestHarness: null

2023-12-16 21:31:46 - [TEST_STEP][PASSED] - selenium.open(testHarnessURL): null

2023-12-16 21:31:47 - [TEST_STEP][PASSED] - Thread.sleep(8000): null

2023-12-16 21:31:55 - [TEST_STEP][PASSED] - selenium.type("name=application_id", "635"): null

2023-12-16 21:31:55 - [TEST_STEP][PASSED] - selenium.type("name=message_version", 3".toString()): null

2023-12-16 21:31:55 - [TEST_STEP][PASSED] - genRemIDVoid = RandomStringUtils.random(12, true, true): null

2023-12-16 21:31:55 - [TEST_STEP][PASSED] - selenium.type("name=remittance_id", genRemIDVoid): null

2023-12-16 21:31:55 - [TEST_STEP][PASSED] - selenium.click("css=input.formSubmit"): null

2023-12-16 21:31:56 - [TEST_STEP][PASSED] - selenium.waitForPageToLoad("30000"): null

2023-12-16 21:31:56 - [TEST_STEP][PASSED] - selenium.selectWindow("null"): null

2023-12-16 21:31:56 - [TEST_STEP][PASSED] - selenium.click("name=paymentMethod"): null

2023-12-16 21:31:56 - [TEST_STEP][PASSED] - selenium.click("css=input[type="submit"]"): null

2023-12-16 21:31:58 - [TEST_STEP][PASSED] - selenium.waitForPageToLoad("30000"): null

2023-12-16 21:31:58 - [TEST_STEP][PASSED] - selenium.type("id=cardNumber", "4111111111111111"): null

2023-12-16 21:31:58 - [TEST_STEP][PASSED] - selenium.type("id=spc", "123"): null

2023-12-16 21:31:58 - [TEST_STEP][PASSED] - selenium.select("name=cardExpMonth", "label=04"): null

2023-12-16 21:31:58 - [TEST_STEP][PASSED] - selenium.select("name=cardExpYear", "label=2024"): null

2023-12-16 21:31:58 - [TEST_STEP][PASSED] - selenium.type("name=emailAddress", com".toString()): null

2023-12-16 21:31:58 - [TEST_STEP][PASSED] - selenium.click("id=checkedAcceptCondition"): null

2023-12-16 21:31:59 - [TEST_STEP][PASSED] - selenium.click("name=ccSubmit"): null

2023-12-16 21:31:59 - [TEST_STEP][PASSED] - selenium.waitForPageToLoad("30000"): null

2023-12-16 21:32:00 - [TEST_STEP][PASSED] - verifyTextPresent("Please verify the following information:", true): Text 'Please verify the following information:' is present on page  using regular expression

2023-12-16 21:32:00 - [MESSAGE][PASSED] - Text 'Please verify the following information:' is present on page  using regular expression

2023-12-16 21:32:00 - [TEST_STEP][PASSED] - verifyTextPresent("Is this information correct", true): Text 'Is this information correct' is present on page  using regular expression

2023-12-16 21:32:00 - [MESSAGE][PASSED] - Text 'Is this information correct' is present on page  using regular expression

2023-12-16 21:32:00 - [TEST_STEP][PASSED] - verifyTextPresent("1111", true): Text '1111' is present on page  using regular expression

2023-12-16 21:32:01 - [MESSAGE][PASSED] - Text '1111' is present on page  using regular expression

2023-12-16 21:32:01 - [TEST_STEP][PASSED] - verifyTextPresent("4/2024", true): Text '4/2024' is present on page  using regular expression

2023-12-16 21:32:01 - [MESSAGE][PASSED] - Text '4/2024' is present on page  using regular expression

2023-12-16 21:32:01 - [TEST_STEP][PASSED] - verifyTextPresent("iahmed@govolution.com", true): Text 'iahmed@govolution.com' is present on page  using regular expression

2023-12-16 21:32:01 - [MESSAGE][PASSED] - Text 'iahmed@govolution.com' is present on page  using regular expression

2023-12-16 21:32:01 - [TEST_STEP][PASSED] - selenium.click("name=confirmNotifyAction"): null

2023-12-16 21:32:02 - [TEST_STEP][PASSED] - selenium.waitForPageToLoad("30000"): null

2023-12-16 21:32:02 - [TEST_STEP][PASSED] - Thread.sleep(8000): null

2023-12-16 21:32:10 - [TEST_STEP][PASSED] - verifyTextPresent("Successful Payment Receipt", true): Text 'Successful Payment Receipt' is present on page  using regular expression

2023-12-16 21:32:10 - [MESSAGE][PASSED] - Text 'Successful Payment Receipt' is present on page  using regular expression

2023-12-16 21:32:10 - [TEST_STEP][PASSED] - verifyTextPresent("Please print this receipt for your records", true): Text 'Please print this receipt for your records' is present on page  using regular expression

2023-12-16 21:32:11 - [MESSAGE][PASSED] - Text 'Please print this receipt for your records' is present on page  using regular expression

2023-12-16 21:32:11 - [TEST_STEP][PASSED] - verifyTextPresent("udf1", true): Text 'udf1' is present on page  using regular expression

2023-12-16 21:32:11 - [MESSAGE][PASSED] - Text 'udf1' is present on page  using regular expression

2023-12-16 21:32:11 - [TEST_STEP][PASSED] - verifyTextPresent("udf2", true): Text 'udf2' is present on page  using regular expression

2023-12-16 21:32:11 - [MESSAGE][PASSED] - Text 'udf2' is present on page  using regular expression

2023-12-16 21:32:11 - [TEST_STEP][PASSED] - verifyTextPresent("udf3", true): Text 'udf3' is present on page  using regular expression

2023-12-16 21:32:12 - [MESSAGE][PASSED] - Text 'udf3' is present on page  using regular expression

2023-12-16 21:32:12 - [TEST_STEP][PASSED] - verifyTextPresent("Orange Label", true): Text 'Orange Label' is present on page  using regular expression

2023-12-16 21:32:12 - [MESSAGE][PASSED] - Text 'Orange Label' is present on page  using regular expression

2023-12-16 21:32:12 - [TEST_STEP][PASSED] - verifyTextPresent("Soccer Label", true): Text 'Soccer Label' is present on page  using regular expression

2023-12-16 21:32:12 - [MESSAGE][PASSED] - Text 'Soccer Label' is present on page  using regular expression

2023-12-16 21:32:12 - [TEST_STEP][PASSED] - verifyTextPresent("10.00", true): Text '10.00' is present on page  using regular expression

2023-12-16 21:32:13 - [MESSAGE][PASSED] - Text '10.00' is present on page  using regular expression

2023-12-16 21:32:13 - [TEST_STEP][PASSED] - verifyTextPresent("Authorization and Capture", true): Text 'Authorization and Capture' is present on page  using regular expression

2023-12-16 21:32:13 - [MESSAGE][PASSED] - Text 'Authorization and Capture' is present on page  using regular expression

2023-12-16 21:32:13 - [TEST_STEP][PASSED] - verifyTextPresent("Visa", true): Text 'Visa' is present on page  using regular expression

2023-12-16 21:32:13 - [MESSAGE][PASSED] - Text 'Visa' is present on page  using regular expression

2023-12-16 21:32:13 - [TEST_STEP][PASSED] - verifyTextPresent("MANDY IGUERA", true): Text 'MANDY IGUERA' is present on page  using regular expression

2023-12-16 21:32:13 - [MESSAGE][PASSED] - Text 'MANDY IGUERA' is present on page  using regular expression

2023-12-16 21:32:13 - [TEST_STEP][PASSED] - verifyTextPresent("1111", true): Text '1111' is present on page  using regular expression

2023-12-16 21:32:14 - [MESSAGE][PASSED] - Text '1111' is present on page  using regular expression

2023-12-16 21:32:14 - [TEST_STEP][PASSED] - verifyTextPresent("56 World Center Drive", true): Text '56 World Center Drive' is present on page  using regular expression

2023-12-16 21:32:14 - [MESSAGE][PASSED] - Text '56 World Center Drive' is present on page  using regular expression

2023-12-16 21:32:14 - [TEST_STEP][PASSED] - verifyTextPresent("Suite 600", true): Text 'Suite 600' is present on page  using regular expression

2023-12-16 21:32:14 - [MESSAGE][PASSED] - Text 'Suite 600' is present on page  using regular expression

2023-12-16 21:32:14 - [TEST_STEP][PASSED] - verifyTextPresent("United States", true): Text 'United States' is present on page  using regular expression

2023-12-16 21:32:15 - [MESSAGE][PASSED] - Text 'United States' is present on page  using regular expression

2023-12-16 21:32:15 - [TEST_STEP][PASSED] - verifyTextPresent("HOOKSETT", true): Text 'HOOKSETT' is present on page  using regular expression

2023-12-16 21:32:15 - [MESSAGE][PASSED] - Text 'HOOKSETT' is present on page  using regular expression

2023-12-16 21:32:15 - [TEST_STEP][PASSED] - verifyTextPresent("NH", true): Text 'NH' is present on page  using regular expression

2023-12-16 21:32:15 - [MESSAGE][PASSED] - Text 'NH' is present on page  using regular expression

2023-12-16 21:32:15 - [TEST_STEP][PASSED] - verifyTextPresent("03106", true): Text '03106' is present on page  using regular expression

2023-12-16 21:32:16 - [MESSAGE][PASSED] - Text '03106' is present on page  using regular expression

2023-12-16 21:32:16 - [TEST_STEP][PASSED] - println("End Test: SuccessfulCCAllFields"): null]]></system-out>
         <system-err><![CDATA[]]></system-err>
      </testcase>
      <testcase name="Test Cases/IntegratedWeb/IWP23-SelIDE/SuccessfulCCAllFields2" time="12.38" classname="Test Cases/IntegratedWeb/IWP23-SelIDE/SuccessfulCCAllFields2" status="ERROR">
         <error type="ERROR" message="Test Cases/IntegratedWeb/IWP23-SelIDE/SuccessfulCCAllFields2 FAILED.
Reason:
com.thoughtworks.selenium.SeleniumException: Element name=variableField4DropdownGroupItemID not found
	at com.thoughtworks.selenium.webdriven.ElementFinder.findElement(ElementFinder.java:93)
	at com.thoughtworks.selenium.webdriven.commands.SeleniumSelect.&lt;init>(SeleniumSelect.java:48)
	at com.thoughtworks.selenium.webdriven.commands.SelectOption.handleSeleneseCommand(SelectOption.java:41)
	at com.thoughtworks.selenium.webdriven.commands.SelectOption.handleSeleneseCommand(SelectOption.java:26)
	at com.thoughtworks.selenium.webdriven.SeleneseCommand.apply(SeleneseCommand.java:39)
	at com.thoughtworks.selenium.webdriven.Timer.run(Timer.java:41)
	at com.thoughtworks.selenium.webdriven.WebDriverCommandProcessor.execute(WebDriverCommandProcessor.java:150)
	at com.thoughtworks.selenium.webdriven.WebDriverCommandProcessor.doCommand(WebDriverCommandProcessor.java:76)
	at com.thoughtworks.selenium.DefaultSelenium.select(DefaultSelenium.java:350)
	at com.thoughtworks.selenium.Selenium$select$0.call(Unknown Source)
	at SuccessfulCCAllFields2.run(SuccessfulCCAllFields2:111)
	at com.kms.katalon.core.main.ScriptEngine.run(ScriptEngine.java:194)
	at com.kms.katalon.core.main.ScriptEngine.runScriptAsRawText(ScriptEngine.java:119)
	at com.kms.katalon.core.main.TestCaseExecutor.runScript(TestCaseExecutor.java:448)
	at com.kms.katalon.core.main.TestCaseExecutor.doExecute(TestCaseExecutor.java:439)
	at com.kms.katalon.core.main.TestCaseExecutor.processExecutionPhase(TestCaseExecutor.java:418)
	at com.kms.katalon.core.main.TestCaseExecutor.accessMainPhase(TestCaseExecutor.java:410)
	at com.kms.katalon.core.main.TestCaseExecutor.execute(TestCaseExecutor.java:285)
	at com.kms.katalon.core.main.TestCaseExecutor.execute(TestCaseExecutor.java:369)
	at com.kms.katalon.core.main.TestCaseExecutor.execute(TestCaseExecutor.java:369)
	at com.kms.katalon.core.main.TestCaseExecutor.execute(TestCaseExecutor.java:369)
	at com.kms.katalon.core.common.CommonExecutor.accessTestCaseMainPhase(CommonExecutor.java:65)
	at com.kms.katalon.core.main.TestSuiteExecutor.accessTestSuiteMainPhase(TestSuiteExecutor.java:148)
	at com.kms.katalon.core.main.TestSuiteExecutor.execute(TestSuiteExecutor.java:106)
	at com.kms.katalon.core.main.TestCaseMain.startTestSuite(TestCaseMain.java:187)
	at com.kms.katalon.core.main.TestCaseMain$startTestSuite$0.call(Unknown Source)
	at TempTestSuite1702778440031.run(TempTestSuite1702778440031.groovy:36)
Caused by: org.openqa.selenium.JavascriptException: javascript error: Element name=variableField4DropdownGroupItemID not found
  (Session info: chrome=120.0.6099.109)
Build info: version: '3.141.59', revision: 'e82be7d358', time: '2018-11-14T08:25:53'
System info: host: 'DESKTOP-B2QI6NS', ip: '172.31.253.139', os.name: 'Windows 10', os.arch: 'amd64', os.version: '10.0', java.version: '1.8.0_181'
Driver info: com.kms.katalon.selenium.driver.CChromeDriver
Capabilities {acceptInsecureCerts: true, browserName: chrome, browserVersion: 120.0.6099.109, chrome: {chromedriverVersion: 119.0.6045.105 (38c72552c5e..., userDataDir: C:\Users\imtiaz\AppData\Loc...}, fedcm:accounts: true, goog:chromeOptions: {debuggerAddress: localhost:64236}, javascriptEnabled: true, networkConnectionEnabled: false, pageLoadStrategy: normal, platform: WINDOWS, platformName: WINDOWS, proxy: Proxy(), setWindowRect: true, strictFileInteractability: false, timeouts: {implicit: 0, pageLoad: 300000, script: 30000}, unhandledPromptBehavior: dismiss and notify, webauthn:extension:credBlob: true, webauthn:extension:largeBlob: true, webauthn:extension:minPinLength: true, webauthn:extension:prf: true, webauthn:virtualAuthenticators: true}
Session ID: ddce2b06dc0fa865b976d697b26c8b46
	at org.openqa.selenium.remote.http.W3CHttpResponseCodec.createException(W3CHttpResponseCodec.java:187)
	at org.openqa.selenium.remote.http.W3CHttpResponseCodec.decode(W3CHttpResponseCodec.java:122)
	at org.openqa.selenium.remote.http.W3CHttpResponseCodec.decode(W3CHttpResponseCodec.java:49)
	at org.openqa.selenium.remote.HttpCommandExecutor.execute(HttpCommandExecutor.java:158)
	at org.openqa.selenium.remote.service.DriverCommandExecutor.execute(DriverCommandExecutor.java:83)
	at org.openqa.selenium.remote.RemoteWebDriver.execute(RemoteWebDriver.java:552)
	at com.kms.katalon.selenium.driver.CChromeDriver.execute(CChromeDriver.java:19)
	at org.openqa.selenium.remote.RemoteWebDriver.executeScript(RemoteWebDriver.java:489)
	at org.openqa.selenium.support.events.EventFiringWebDriver.lambda$new$1(EventFiringWebDriver.java:105)
	at com.sun.proxy.$Proxy10.executeScript(Unknown Source)
	at org.openqa.selenium.support.events.EventFiringWebDriver.executeScript(EventFiringWebDriver.java:229)
	at com.thoughtworks.selenium.webdriven.ElementFinder.findElement(ElementFinder.java:91)
	... 26 more
"/>
         <system-out><![CDATA[2023-12-16 21:32:53 - [TEST_CASE][ERROR] - Test Cases/IntegratedWeb/IWP23-SelIDE/SuccessfulCCAllFields2: Test Cases/IntegratedWeb/IWP23-SelIDE/SuccessfulCCAllFields2 FAILED.
Reason:
com.thoughtworks.selenium.SeleniumException: Element name=variableField4DropdownGroupItemID not found
	at com.thoughtworks.selenium.webdriven.ElementFinder.findElement(ElementFinder.java:93)
	at com.thoughtworks.selenium.webdriven.commands.SeleniumSelect.<init>(SeleniumSelect.java:48)
	at com.thoughtworks.selenium.webdriven.commands.SelectOption.handleSeleneseCommand(SelectOption.java:41)
	at com.thoughtworks.selenium.webdriven.commands.SelectOption.handleSeleneseCommand(SelectOption.java:26)
	at com.thoughtworks.selenium.webdriven.SeleneseCommand.apply(SeleneseCommand.java:39)
	at com.thoughtworks.selenium.webdriven.Timer.run(Timer.java:41)
	at com.thoughtworks.selenium.webdriven.WebDriverCommandProcessor.execute(WebDriverCommandProcessor.java:150)
	at com.thoughtworks.selenium.webdriven.WebDriverCommandProcessor.doCommand(WebDriverCommandProcessor.java:76)
	at com.thoughtworks.selenium.DefaultSelenium.select(DefaultSelenium.java:350)
	at com.thoughtworks.selenium.Selenium$select$0.call(Unknown Source)
	at SuccessfulCCAllFields2.run(SuccessfulCCAllFields2:111)
	at com.kms.katalon.core.main.ScriptEngine.run(ScriptEngine.java:194)
	at com.kms.katalon.core.main.ScriptEngine.runScriptAsRawText(ScriptEngine.java:119)
	at com.kms.katalon.core.main.TestCaseExecutor.runScript(TestCaseExecutor.java:448)
	at com.kms.katalon.core.main.TestCaseExecutor.doExecute(TestCaseExecutor.java:439)
	at com.kms.katalon.core.main.TestCaseExecutor.processExecutionPhase(TestCaseExecutor.java:418)
	at com.kms.katalon.core.main.TestCaseExecutor.accessMainPhase(TestCaseExecutor.java:410)
	at com.kms.katalon.core.main.TestCaseExecutor.execute(TestCaseExecutor.java:285)
	at com.kms.katalon.core.main.TestCaseExecutor.execute(TestCaseExecutor.java:369)
	at com.kms.katalon.core.main.TestCaseExecutor.execute(TestCaseExecutor.java:369)
	at com.kms.katalon.core.main.TestCaseExecutor.execute(TestCaseExecutor.java:369)
	at com.kms.katalon.core.common.CommonExecutor.accessTestCaseMainPhase(CommonExecutor.java:65)
	at com.kms.katalon.core.main.TestSuiteExecutor.accessTestSuiteMainPhase(TestSuiteExecutor.java:148)
	at com.kms.katalon.core.main.TestSuiteExecutor.execute(TestSuiteExecutor.java:106)
	at com.kms.katalon.core.main.TestCaseMain.startTestSuite(TestCaseMain.java:187)
	at com.kms.katalon.core.main.TestCaseMain$startTestSuite$0.call(Unknown Source)
	at TempTestSuite1702778440031.run(TempTestSuite1702778440031.groovy:36)
Caused by: org.openqa.selenium.JavascriptException: javascript error: Element name=variableField4DropdownGroupItemID not found
  (Session info: chrome=120.0.6099.109)
Build info: version: '3.141.59', revision: 'e82be7d358', time: '2018-11-14T08:25:53'
System info: host: 'DESKTOP-B2QI6NS', ip: '172.31.253.139', os.name: 'Windows 10', os.arch: 'amd64', os.version: '10.0', java.version: '1.8.0_181'
Driver info: com.kms.katalon.selenium.driver.CChromeDriver
Capabilities {acceptInsecureCerts: true, browserName: chrome, browserVersion: 120.0.6099.109, chrome: {chromedriverVersion: 119.0.6045.105 (38c72552c5e..., userDataDir: C:\Users\imtiaz\AppData\Loc...}, fedcm:accounts: true, goog:chromeOptions: {debuggerAddress: localhost:64236}, javascriptEnabled: true, networkConnectionEnabled: false, pageLoadStrategy: normal, platform: WINDOWS, platformName: WINDOWS, proxy: Proxy(), setWindowRect: true, strictFileInteractability: false, timeouts: {implicit: 0, pageLoad: 300000, script: 30000}, unhandledPromptBehavior: dismiss and notify, webauthn:extension:credBlob: true, webauthn:extension:largeBlob: true, webauthn:extension:minPinLength: true, webauthn:extension:prf: true, webauthn:virtualAuthenticators: true}
Session ID: ddce2b06dc0fa865b976d697b26c8b46
	at org.openqa.selenium.remote.http.W3CHttpResponseCodec.createException(W3CHttpResponseCodec.java:187)
	at org.openqa.selenium.remote.http.W3CHttpResponseCodec.decode(W3CHttpResponseCodec.java:122)
	at org.openqa.selenium.remote.http.W3CHttpResponseCodec.decode(W3CHttpResponseCodec.java:49)
	at org.openqa.selenium.remote.HttpCommandExecutor.execute(HttpCommandExecutor.java:158)
	at org.openqa.selenium.remote.service.DriverCommandExecutor.execute(DriverCommandExecutor.java:83)
	at org.openqa.selenium.remote.RemoteWebDriver.execute(RemoteWebDriver.java:552)
	at com.kms.katalon.selenium.driver.CChromeDriver.execute(CChromeDriver.java:19)
	at org.openqa.selenium.remote.RemoteWebDriver.executeScript(RemoteWebDriver.java:489)
	at org.openqa.selenium.support.events.EventFiringWebDriver.lambda$new$1(EventFiringWebDriver.java:105)
	at com.sun.proxy.$Proxy10.executeScript(Unknown Source)
	at org.openqa.selenium.support.events.EventFiringWebDriver.executeScript(EventFiringWebDriver.java:229)
	at com.thoughtworks.selenium.webdriven.ElementFinder.findElement(ElementFinder.java:91)
	... 26 more


2023-12-16 21:32:53 - [TEST_STEP][PASSED] - softAssertion = new org.testng.asserts.SoftAssert(): null

2023-12-16 21:32:53 - [TEST_STEP][PASSED] - openBrowser("https://www.google.com/"): Browser is opened with url: 'https://www.google.com/'

2023-12-16 21:32:53 - [MESSAGE][WARNING] - A browser is already opened. Closing browser and opening a new one

2023-12-16 21:32:54 - [MESSAGE][INFO] - Starting 'Chrome' driver

2023-12-16 21:32:54 - [MESSAGE][INFO] - User set preference: ['acceptInsecureCerts', 'true']

2023-12-16 21:32:54 - [MESSAGE][INFO] - Action delay is set to 0 milliseconds

2023-12-16 21:32:57 - [MESSAGE][PASSED] - Browser is opened with url: 'https://www.google.com/'

2023-12-16 21:32:57 - [TEST_STEP][PASSED] - driver = getWebDriver(): null

2023-12-16 21:32:57 - [TEST_STEP][PASSED] - baseUrl = "https://www.google.com/": null

2023-12-16 21:32:57 - [TEST_STEP][PASSED] - selenium = new com.thoughtworks.selenium.webdriven.WebDriverBackedSelenium(driver, baseUrl): null

2023-12-16 21:32:57 - [TEST_STEP][PASSED] - println("Begin Test: SuccessfulCCAllFields2"): null

2023-12-16 21:32:57 - [TEST_STEP][PASSED] - emulatorURL = urlEmulator: null

2023-12-16 21:32:57 - [TEST_STEP][PASSED] - selenium.open(emulatorURL): null

2023-12-16 21:32:57 - [TEST_STEP][PASSED] - selenium.selectWindow("null"): null

2023-12-16 21:32:57 - [TEST_STEP][PASSED] - selenium.select("name=message_version", "label=2.3"): null

2023-12-16 21:32:58 - [TEST_STEP][PASSED] - selenium.waitForPageToLoad("30000"): null

2023-12-16 21:32:58 - [TEST_STEP][PASSED] - selenium.type("name=amount", 00".toString()): null

2023-12-16 21:32:58 - [TEST_STEP][PASSED] - selenium.type("name=client_account_number", "CAN12345"): null

2023-12-16 21:32:58 - [TEST_STEP][PASSED] - selenium.type("name=action_type", "PayNow"): null

2023-12-16 21:32:58 - [TEST_STEP][PASSED] - selenium.type("name=language", "en_US"): null

2023-12-16 21:32:58 - [TEST_STEP][PASSED] - selenium.type("name=billing_firstname", "Mandy"): null

2023-12-16 21:32:58 - [TEST_STEP][PASSED] - selenium.type("name=billing_lastname", "Iguera"): null

2023-12-16 21:32:59 - [TEST_STEP][PASSED] - selenium.type("name=billing_address", "56 World Center Drive".toString()): null

2023-12-16 21:32:59 - [TEST_STEP][PASSED] - selenium.type("name=billing_address2", "Suite 600".toString()): null

2023-12-16 21:32:59 - [TEST_STEP][PASSED] - selenium.type("name=billing_country_id", "840"): null

2023-12-16 21:32:59 - [TEST_STEP][PASSED] - selenium.type("name=billing_city", "Orlando"): null

2023-12-16 21:32:59 - [TEST_STEP][PASSED] - selenium.type("name=billing_state", "NH"): null

2023-12-16 21:32:59 - [TEST_STEP][PASSED] - selenium.type("name=billing_zip", "03106"): null

2023-12-16 21:32:59 - [TEST_STEP][PASSED] - selenium.type("name=order_number", "PPPPOOOO"): null

2023-12-16 21:32:59 - [TEST_STEP][PASSED] - selenium.type("name=user_defined1", "udf1"): null

2023-12-16 21:32:59 - [TEST_STEP][PASSED] - selenium.type("name=user_defined2", "udf2"): null

2023-12-16 21:32:59 - [TEST_STEP][PASSED] - selenium.type("name=user_defined3", "udf3"): null

2023-12-16 21:32:59 - [TEST_STEP][PASSED] - selenium.type("name=user_defined4", "Orange Label".toString()): null

2023-12-16 21:32:59 - [TEST_STEP][PASSED] - selenium.type("name=user_defined5", "Soccer Label".toString()): null

2023-12-16 21:32:59 - [TEST_STEP][PASSED] - selenium.click("name=submit"): null

2023-12-16 21:32:59 - [TEST_STEP][PASSED] - selenium.waitForPageToLoad("30000"): null

2023-12-16 21:33:00 - [TEST_STEP][PASSED] - Thread.sleep(2000): null

2023-12-16 21:33:02 - [TEST_STEP][PASSED] - testHarnessURL = urlTestHarness: null

2023-12-16 21:33:02 - [TEST_STEP][PASSED] - selenium.open(testHarnessURL): null

2023-12-16 21:33:02 - [TEST_STEP][PASSED] - selenium.type("name=application_id", "635"): null

2023-12-16 21:33:02 - [TEST_STEP][PASSED] - selenium.type("name=message_version", 3".toString()): null

2023-12-16 21:33:02 - [TEST_STEP][PASSED] - genRemIDVoid = RandomStringUtils.random(12, true, true): null

2023-12-16 21:33:02 - [TEST_STEP][PASSED] - selenium.type("name=remittance_id", genRemIDVoid): null

2023-12-16 21:33:02 - [TEST_STEP][PASSED] - selenium.click("css=input.formSubmit"): null

2023-12-16 21:33:03 - [TEST_STEP][PASSED] - selenium.waitForPageToLoad("30000"): null

2023-12-16 21:33:04 - [TEST_STEP][PASSED] - selenium.selectWindow("null"): null

2023-12-16 21:33:04 - [TEST_STEP][PASSED] - selenium.click("name=paymentMethod"): null

2023-12-16 21:33:04 - [TEST_STEP][PASSED] - selenium.click("css=input[type="submit"]"): null

2023-12-16 21:33:05 - [TEST_STEP][PASSED] - selenium.waitForPageToLoad("30000"): null

2023-12-16 21:33:05 - [TEST_STEP][PASSED] - selenium.type("name=amount", 50".toString()): null

2023-12-16 21:33:06 - [TEST_STEP][PASSED] - selenium.type("name=userDefined2", "udf2 new".toString()): null

2023-12-16 21:33:06 - [TEST_STEP][PASSED] - selenium.type("name=userDefined3", "udf3 new".toString()): null

2023-12-16 21:33:06 - [TEST_STEP][ERROR] - selenium.select("name=variableField4DropdownGroupItemID", "label=Purple"): Test Cases/IntegratedWeb/IWP23-SelIDE/SuccessfulCCAllFields2 FAILED.
Reason:
com.thoughtworks.selenium.SeleniumException: Element name=variableField4DropdownGroupItemID not found
	at com.thoughtworks.selenium.webdriven.ElementFinder.findElement(ElementFinder.java:93)
	at com.thoughtworks.selenium.webdriven.commands.SeleniumSelect.<init>(SeleniumSelect.java:48)
	at com.thoughtworks.selenium.webdriven.commands.SelectOption.handleSeleneseCommand(SelectOption.java:41)
	at com.thoughtworks.selenium.webdriven.commands.SelectOption.handleSeleneseCommand(SelectOption.java:26)
	at com.thoughtworks.selenium.webdriven.SeleneseCommand.apply(SeleneseCommand.java:39)
	at com.thoughtworks.selenium.webdriven.Timer.run(Timer.java:41)
	at com.thoughtworks.selenium.webdriven.WebDriverCommandProcessor.execute(WebDriverCommandProcessor.java:150)
	at com.thoughtworks.selenium.webdriven.WebDriverCommandProcessor.doCommand(WebDriverCommandProcessor.java:76)
	at com.thoughtworks.selenium.DefaultSelenium.select(DefaultSelenium.java:350)
	at com.thoughtworks.selenium.Selenium$select$0.call(Unknown Source)
	at SuccessfulCCAllFields2.run(SuccessfulCCAllFields2:111)
	at com.kms.katalon.core.main.ScriptEngine.run(ScriptEngine.java:194)
	at com.kms.katalon.core.main.ScriptEngine.runScriptAsRawText(ScriptEngine.java:119)
	at com.kms.katalon.core.main.TestCaseExecutor.runScript(TestCaseExecutor.java:448)
	at com.kms.katalon.core.main.TestCaseExecutor.doExecute(TestCaseExecutor.java:439)
	at com.kms.katalon.core.main.TestCaseExecutor.processExecutionPhase(TestCaseExecutor.java:418)
	at com.kms.katalon.core.main.TestCaseExecutor.accessMainPhase(TestCaseExecutor.java:410)
	at com.kms.katalon.core.main.TestCaseExecutor.execute(TestCaseExecutor.java:285)
	at com.kms.katalon.core.main.TestCaseExecutor.execute(TestCaseExecutor.java:369)
	at com.kms.katalon.core.main.TestCaseExecutor.execute(TestCaseExecutor.java:369)
	at com.kms.katalon.core.main.TestCaseExecutor.execute(TestCaseExecutor.java:369)
	at com.kms.katalon.core.common.CommonExecutor.accessTestCaseMainPhase(CommonExecutor.java:65)
	at com.kms.katalon.core.main.TestSuiteExecutor.accessTestSuiteMainPhase(TestSuiteExecutor.java:148)
	at com.kms.katalon.core.main.TestSuiteExecutor.execute(TestSuiteExecutor.java:106)
	at com.kms.katalon.core.main.TestCaseMain.startTestSuite(TestCaseMain.java:187)
	at com.kms.katalon.core.main.TestCaseMain$startTestSuite$0.call(Unknown Source)
	at TempTestSuite1702778440031.run(TempTestSuite1702778440031.groovy:36)
Caused by: org.openqa.selenium.JavascriptException: javascript error: Element name=variableField4DropdownGroupItemID not found
  (Session info: chrome=120.0.6099.109)
Build info: version: '3.141.59', revision: 'e82be7d358', time: '2018-11-14T08:25:53'
System info: host: 'DESKTOP-B2QI6NS', ip: '172.31.253.139', os.name: 'Windows 10', os.arch: 'amd64', os.version: '10.0', java.version: '1.8.0_181'
Driver info: com.kms.katalon.selenium.driver.CChromeDriver
Capabilities {acceptInsecureCerts: true, browserName: chrome, browserVersion: 120.0.6099.109, chrome: {chromedriverVersion: 119.0.6045.105 (38c72552c5e..., userDataDir: C:\Users\imtiaz\AppData\Loc...}, fedcm:accounts: true, goog:chromeOptions: {debuggerAddress: localhost:64236}, javascriptEnabled: true, networkConnectionEnabled: false, pageLoadStrategy: normal, platform: WINDOWS, platformName: WINDOWS, proxy: Proxy(), setWindowRect: true, strictFileInteractability: false, timeouts: {implicit: 0, pageLoad: 300000, script: 30000}, unhandledPromptBehavior: dismiss and notify, webauthn:extension:credBlob: true, webauthn:extension:largeBlob: true, webauthn:extension:minPinLength: true, webauthn:extension:prf: true, webauthn:virtualAuthenticators: true}
Session ID: ddce2b06dc0fa865b976d697b26c8b46
	at org.openqa.selenium.remote.http.W3CHttpResponseCodec.createException(W3CHttpResponseCodec.java:187)
	at org.openqa.selenium.remote.http.W3CHttpResponseCodec.decode(W3CHttpResponseCodec.java:122)
	at org.openqa.selenium.remote.http.W3CHttpResponseCodec.decode(W3CHttpResponseCodec.java:49)
	at org.openqa.selenium.remote.HttpCommandExecutor.execute(HttpCommandExecutor.java:158)
	at org.openqa.selenium.remote.service.DriverCommandExecutor.execute(DriverCommandExecutor.java:83)
	at org.openqa.selenium.remote.RemoteWebDriver.execute(RemoteWebDriver.java:552)
	at com.kms.katalon.selenium.driver.CChromeDriver.execute(CChromeDriver.java:19)
	at org.openqa.selenium.remote.RemoteWebDriver.executeScript(RemoteWebDriver.java:489)
	at org.openqa.selenium.support.events.EventFiringWebDriver.lambda$new$1(EventFiringWebDriver.java:105)
	at com.sun.proxy.$Proxy10.executeScript(Unknown Source)
	at org.openqa.selenium.support.events.EventFiringWebDriver.executeScript(EventFiringWebDriver.java:229)
	at com.thoughtworks.selenium.webdriven.ElementFinder.findElement(ElementFinder.java:91)
	at com.thoughtworks.selenium.webdriven.commands.SeleniumSelect.<init>(SeleniumSelect.java:48)
	at com.thoughtworks.selenium.webdriven.commands.SelectOption.handleSeleneseCommand(SelectOption.java:41)
	at com.thoughtworks.selenium.webdriven.commands.SelectOption.handleSeleneseCommand(SelectOption.java:26)
	at com.thoughtworks.selenium.webdriven.SeleneseCommand.apply(SeleneseCommand.java:39)
	at com.thoughtworks.selenium.webdriven.Timer.run(Timer.java:41)
	at com.thoughtworks.selenium.webdriven.WebDriverCommandProcessor.execute(WebDriverCommandProcessor.java:150)
	at com.thoughtworks.selenium.webdriven.WebDriverCommandProcessor.doCommand(WebDriverCommandProcessor.java:76)
	at com.thoughtworks.selenium.DefaultSelenium.select(DefaultSelenium.java:350)
	at com.thoughtworks.selenium.Selenium$select$0.call(Unknown Source)
	at Script1702501574578.run(Script1702501574578.groovy:111)
	... 16 more


2023-12-16 21:33:06 - [MESSAGE][ERROR] - Test Cases/IntegratedWeb/IWP23-SelIDE/SuccessfulCCAllFields2 FAILED.
Reason:
com.thoughtworks.selenium.SeleniumException: Element name=variableField4DropdownGroupItemID not found
	at com.thoughtworks.selenium.webdriven.ElementFinder.findElement(ElementFinder.java:93)
	at com.thoughtworks.selenium.webdriven.commands.SeleniumSelect.<init>(SeleniumSelect.java:48)
	at com.thoughtworks.selenium.webdriven.commands.SelectOption.handleSeleneseCommand(SelectOption.java:41)
	at com.thoughtworks.selenium.webdriven.commands.SelectOption.handleSeleneseCommand(SelectOption.java:26)
	at com.thoughtworks.selenium.webdriven.SeleneseCommand.apply(SeleneseCommand.java:39)
	at com.thoughtworks.selenium.webdriven.Timer.run(Timer.java:41)
	at com.thoughtworks.selenium.webdriven.WebDriverCommandProcessor.execute(WebDriverCommandProcessor.java:150)
	at com.thoughtworks.selenium.webdriven.WebDriverCommandProcessor.doCommand(WebDriverCommandProcessor.java:76)
	at com.thoughtworks.selenium.DefaultSelenium.select(DefaultSelenium.java:350)
	at com.thoughtworks.selenium.Selenium$select$0.call(Unknown Source)
	at SuccessfulCCAllFields2.run(SuccessfulCCAllFields2:111)
	at com.kms.katalon.core.main.ScriptEngine.run(ScriptEngine.java:194)
	at com.kms.katalon.core.main.ScriptEngine.runScriptAsRawText(ScriptEngine.java:119)
	at com.kms.katalon.core.main.TestCaseExecutor.runScript(TestCaseExecutor.java:448)
	at com.kms.katalon.core.main.TestCaseExecutor.doExecute(TestCaseExecutor.java:439)
	at com.kms.katalon.core.main.TestCaseExecutor.processExecutionPhase(TestCaseExecutor.java:418)
	at com.kms.katalon.core.main.TestCaseExecutor.accessMainPhase(TestCaseExecutor.java:410)
	at com.kms.katalon.core.main.TestCaseExecutor.execute(TestCaseExecutor.java:285)
	at com.kms.katalon.core.main.TestCaseExecutor.execute(TestCaseExecutor.java:369)
	at com.kms.katalon.core.main.TestCaseExecutor.execute(TestCaseExecutor.java:369)
	at com.kms.katalon.core.main.TestCaseExecutor.execute(TestCaseExecutor.java:369)
	at com.kms.katalon.core.common.CommonExecutor.accessTestCaseMainPhase(CommonExecutor.java:65)
	at com.kms.katalon.core.main.TestSuiteExecutor.accessTestSuiteMainPhase(TestSuiteExecutor.java:148)
	at com.kms.katalon.core.main.TestSuiteExecutor.execute(TestSuiteExecutor.java:106)
	at com.kms.katalon.core.main.TestCaseMain.startTestSuite(TestCaseMain.java:187)
	at com.kms.katalon.core.main.TestCaseMain$startTestSuite$0.call(Unknown Source)
	at TempTestSuite1702778440031.run(TempTestSuite1702778440031.groovy:36)
Caused by: org.openqa.selenium.JavascriptException: javascript error: Element name=variableField4DropdownGroupItemID not found
  (Session info: chrome=120.0.6099.109)
Build info: version: '3.141.59', revision: 'e82be7d358', time: '2018-11-14T08:25:53'
System info: host: 'DESKTOP-B2QI6NS', ip: '172.31.253.139', os.name: 'Windows 10', os.arch: 'amd64', os.version: '10.0', java.version: '1.8.0_181'
Driver info: com.kms.katalon.selenium.driver.CChromeDriver
Capabilities {acceptInsecureCerts: true, browserName: chrome, browserVersion: 120.0.6099.109, chrome: {chromedriverVersion: 119.0.6045.105 (38c72552c5e..., userDataDir: C:\Users\imtiaz\AppData\Loc...}, fedcm:accounts: true, goog:chromeOptions: {debuggerAddress: localhost:64236}, javascriptEnabled: true, networkConnectionEnabled: false, pageLoadStrategy: normal, platform: WINDOWS, platformName: WINDOWS, proxy: Proxy(), setWindowRect: true, strictFileInteractability: false, timeouts: {implicit: 0, pageLoad: 300000, script: 30000}, unhandledPromptBehavior: dismiss and notify, webauthn:extension:credBlob: true, webauthn:extension:largeBlob: true, webauthn:extension:minPinLength: true, webauthn:extension:prf: true, webauthn:virtualAuthenticators: true}
Session ID: ddce2b06dc0fa865b976d697b26c8b46
	at org.openqa.selenium.remote.http.W3CHttpResponseCodec.createException(W3CHttpResponseCodec.java:187)
	at org.openqa.selenium.remote.http.W3CHttpResponseCodec.decode(W3CHttpResponseCodec.java:122)
	at org.openqa.selenium.remote.http.W3CHttpResponseCodec.decode(W3CHttpResponseCodec.java:49)
	at org.openqa.selenium.remote.HttpCommandExecutor.execute(HttpCommandExecutor.java:158)
	at org.openqa.selenium.remote.service.DriverCommandExecutor.execute(DriverCommandExecutor.java:83)
	at org.openqa.selenium.remote.RemoteWebDriver.execute(RemoteWebDriver.java:552)
	at com.kms.katalon.selenium.driver.CChromeDriver.execute(CChromeDriver.java:19)
	at org.openqa.selenium.remote.RemoteWebDriver.executeScript(RemoteWebDriver.java:489)
	at org.openqa.selenium.support.events.EventFiringWebDriver.lambda$new$1(EventFiringWebDriver.java:105)
	at com.sun.proxy.$Proxy10.executeScript(Unknown Source)
	at org.openqa.selenium.support.events.EventFiringWebDriver.executeScript(EventFiringWebDriver.java:229)
	at com.thoughtworks.selenium.webdriven.ElementFinder.findElement(ElementFinder.java:91)
	at com.thoughtworks.selenium.webdriven.commands.SeleniumSelect.<init>(SeleniumSelect.java:48)
	at com.thoughtworks.selenium.webdriven.commands.SelectOption.handleSeleneseCommand(SelectOption.java:41)
	at com.thoughtworks.selenium.webdriven.commands.SelectOption.handleSeleneseCommand(SelectOption.java:26)
	at com.thoughtworks.selenium.webdriven.SeleneseCommand.apply(SeleneseCommand.java:39)
	at com.thoughtworks.selenium.webdriven.Timer.run(Timer.java:41)
	at com.thoughtworks.selenium.webdriven.WebDriverCommandProcessor.execute(WebDriverCommandProcessor.java:150)
	at com.thoughtworks.selenium.webdriven.WebDriverCommandProcessor.doCommand(WebDriverCommandProcessor.java:76)
	at com.thoughtworks.selenium.DefaultSelenium.select(DefaultSelenium.java:350)
	at com.thoughtworks.selenium.Selenium$select$0.call(Unknown Source)
	at Script1702501574578.run(Script1702501574578.groovy:111)
	... 16 more]]></system-out>
         <system-err><![CDATA[2023-12-16 21:32:53 - [TEST_CASE][ERROR] - Test Cases/IntegratedWeb/IWP23-SelIDE/SuccessfulCCAllFields2: Test Cases/IntegratedWeb/IWP23-SelIDE/SuccessfulCCAllFields2 FAILED.
Reason:
com.thoughtworks.selenium.SeleniumException: Element name=variableField4DropdownGroupItemID not found
	at com.thoughtworks.selenium.webdriven.ElementFinder.findElement(ElementFinder.java:93)
	at com.thoughtworks.selenium.webdriven.commands.SeleniumSelect.<init>(SeleniumSelect.java:48)
	at com.thoughtworks.selenium.webdriven.commands.SelectOption.handleSeleneseCommand(SelectOption.java:41)
	at com.thoughtworks.selenium.webdriven.commands.SelectOption.handleSeleneseCommand(SelectOption.java:26)
	at com.thoughtworks.selenium.webdriven.SeleneseCommand.apply(SeleneseCommand.java:39)
	at com.thoughtworks.selenium.webdriven.Timer.run(Timer.java:41)
	at com.thoughtworks.selenium.webdriven.WebDriverCommandProcessor.execute(WebDriverCommandProcessor.java:150)
	at com.thoughtworks.selenium.webdriven.WebDriverCommandProcessor.doCommand(WebDriverCommandProcessor.java:76)
	at com.thoughtworks.selenium.DefaultSelenium.select(DefaultSelenium.java:350)
	at com.thoughtworks.selenium.Selenium$select$0.call(Unknown Source)
	at SuccessfulCCAllFields2.run(SuccessfulCCAllFields2:111)
	at com.kms.katalon.core.main.ScriptEngine.run(ScriptEngine.java:194)
	at com.kms.katalon.core.main.ScriptEngine.runScriptAsRawText(ScriptEngine.java:119)
	at com.kms.katalon.core.main.TestCaseExecutor.runScript(TestCaseExecutor.java:448)
	at com.kms.katalon.core.main.TestCaseExecutor.doExecute(TestCaseExecutor.java:439)
	at com.kms.katalon.core.main.TestCaseExecutor.processExecutionPhase(TestCaseExecutor.java:418)
	at com.kms.katalon.core.main.TestCaseExecutor.accessMainPhase(TestCaseExecutor.java:410)
	at com.kms.katalon.core.main.TestCaseExecutor.execute(TestCaseExecutor.java:285)
	at com.kms.katalon.core.main.TestCaseExecutor.execute(TestCaseExecutor.java:369)
	at com.kms.katalon.core.main.TestCaseExecutor.execute(TestCaseExecutor.java:369)
	at com.kms.katalon.core.main.TestCaseExecutor.execute(TestCaseExecutor.java:369)
	at com.kms.katalon.core.common.CommonExecutor.accessTestCaseMainPhase(CommonExecutor.java:65)
	at com.kms.katalon.core.main.TestSuiteExecutor.accessTestSuiteMainPhase(TestSuiteExecutor.java:148)
	at com.kms.katalon.core.main.TestSuiteExecutor.execute(TestSuiteExecutor.java:106)
	at com.kms.katalon.core.main.TestCaseMain.startTestSuite(TestCaseMain.java:187)
	at com.kms.katalon.core.main.TestCaseMain$startTestSuite$0.call(Unknown Source)
	at TempTestSuite1702778440031.run(TempTestSuite1702778440031.groovy:36)
Caused by: org.openqa.selenium.JavascriptException: javascript error: Element name=variableField4DropdownGroupItemID not found
  (Session info: chrome=120.0.6099.109)
Build info: version: '3.141.59', revision: 'e82be7d358', time: '2018-11-14T08:25:53'
System info: host: 'DESKTOP-B2QI6NS', ip: '172.31.253.139', os.name: 'Windows 10', os.arch: 'amd64', os.version: '10.0', java.version: '1.8.0_181'
Driver info: com.kms.katalon.selenium.driver.CChromeDriver
Capabilities {acceptInsecureCerts: true, browserName: chrome, browserVersion: 120.0.6099.109, chrome: {chromedriverVersion: 119.0.6045.105 (38c72552c5e..., userDataDir: C:\Users\imtiaz\AppData\Loc...}, fedcm:accounts: true, goog:chromeOptions: {debuggerAddress: localhost:64236}, javascriptEnabled: true, networkConnectionEnabled: false, pageLoadStrategy: normal, platform: WINDOWS, platformName: WINDOWS, proxy: Proxy(), setWindowRect: true, strictFileInteractability: false, timeouts: {implicit: 0, pageLoad: 300000, script: 30000}, unhandledPromptBehavior: dismiss and notify, webauthn:extension:credBlob: true, webauthn:extension:largeBlob: true, webauthn:extension:minPinLength: true, webauthn:extension:prf: true, webauthn:virtualAuthenticators: true}
Session ID: ddce2b06dc0fa865b976d697b26c8b46
	at org.openqa.selenium.remote.http.W3CHttpResponseCodec.createException(W3CHttpResponseCodec.java:187)
	at org.openqa.selenium.remote.http.W3CHttpResponseCodec.decode(W3CHttpResponseCodec.java:122)
	at org.openqa.selenium.remote.http.W3CHttpResponseCodec.decode(W3CHttpResponseCodec.java:49)
	at org.openqa.selenium.remote.HttpCommandExecutor.execute(HttpCommandExecutor.java:158)
	at org.openqa.selenium.remote.service.DriverCommandExecutor.execute(DriverCommandExecutor.java:83)
	at org.openqa.selenium.remote.RemoteWebDriver.execute(RemoteWebDriver.java:552)
	at com.kms.katalon.selenium.driver.CChromeDriver.execute(CChromeDriver.java:19)
	at org.openqa.selenium.remote.RemoteWebDriver.executeScript(RemoteWebDriver.java:489)
	at org.openqa.selenium.support.events.EventFiringWebDriver.lambda$new$1(EventFiringWebDriver.java:105)
	at com.sun.proxy.$Proxy10.executeScript(Unknown Source)
	at org.openqa.selenium.support.events.EventFiringWebDriver.executeScript(EventFiringWebDriver.java:229)
	at com.thoughtworks.selenium.webdriven.ElementFinder.findElement(ElementFinder.java:91)
	... 26 more]]></system-err>
      </testcase>
      <testcase name="Test Cases/IntegratedWeb/IWP23-SelIDE/SuccessfulCCAllFields3" time="12.565" classname="Test Cases/IntegratedWeb/IWP23-SelIDE/SuccessfulCCAllFields3" status="ERROR">
         <error type="ERROR" message="Test Cases/IntegratedWeb/IWP23-SelIDE/SuccessfulCCAllFields3 FAILED.
Reason:
com.thoughtworks.selenium.SeleniumException: Element name=variableField4DropdownGroupItemID not found
	at com.thoughtworks.selenium.webdriven.ElementFinder.findElement(ElementFinder.java:93)
	at com.thoughtworks.selenium.webdriven.commands.SeleniumSelect.&lt;init>(SeleniumSelect.java:48)
	at com.thoughtworks.selenium.webdriven.commands.SelectOption.handleSeleneseCommand(SelectOption.java:41)
	at com.thoughtworks.selenium.webdriven.commands.SelectOption.handleSeleneseCommand(SelectOption.java:26)
	at com.thoughtworks.selenium.webdriven.SeleneseCommand.apply(SeleneseCommand.java:39)
	at com.thoughtworks.selenium.webdriven.Timer.run(Timer.java:41)
	at com.thoughtworks.selenium.webdriven.WebDriverCommandProcessor.execute(WebDriverCommandProcessor.java:150)
	at com.thoughtworks.selenium.webdriven.WebDriverCommandProcessor.doCommand(WebDriverCommandProcessor.java:76)
	at com.thoughtworks.selenium.DefaultSelenium.select(DefaultSelenium.java:350)
	at com.thoughtworks.selenium.Selenium$select$0.call(Unknown Source)
	at SuccessfulCCAllFields3.run(SuccessfulCCAllFields3:111)
	at com.kms.katalon.core.main.ScriptEngine.run(ScriptEngine.java:194)
	at com.kms.katalon.core.main.ScriptEngine.runScriptAsRawText(ScriptEngine.java:119)
	at com.kms.katalon.core.main.TestCaseExecutor.runScript(TestCaseExecutor.java:448)
	at com.kms.katalon.core.main.TestCaseExecutor.doExecute(TestCaseExecutor.java:439)
	at com.kms.katalon.core.main.TestCaseExecutor.processExecutionPhase(TestCaseExecutor.java:418)
	at com.kms.katalon.core.main.TestCaseExecutor.accessMainPhase(TestCaseExecutor.java:410)
	at com.kms.katalon.core.main.TestCaseExecutor.execute(TestCaseExecutor.java:285)
	at com.kms.katalon.core.main.TestCaseExecutor.execute(TestCaseExecutor.java:369)
	at com.kms.katalon.core.main.TestCaseExecutor.execute(TestCaseExecutor.java:369)
	at com.kms.katalon.core.main.TestCaseExecutor.execute(TestCaseExecutor.java:369)
	at com.kms.katalon.core.common.CommonExecutor.accessTestCaseMainPhase(CommonExecutor.java:65)
	at com.kms.katalon.core.main.TestSuiteExecutor.accessTestSuiteMainPhase(TestSuiteExecutor.java:148)
	at com.kms.katalon.core.main.TestSuiteExecutor.execute(TestSuiteExecutor.java:106)
	at com.kms.katalon.core.main.TestCaseMain.startTestSuite(TestCaseMain.java:187)
	at com.kms.katalon.core.main.TestCaseMain$startTestSuite$0.call(Unknown Source)
	at TempTestSuite1702778440031.run(TempTestSuite1702778440031.groovy:36)
Caused by: org.openqa.selenium.JavascriptException: javascript error: Element name=variableField4DropdownGroupItemID not found
  (Session info: chrome=120.0.6099.109)
Build info: version: '3.141.59', revision: 'e82be7d358', time: '2018-11-14T08:25:53'
System info: host: 'DESKTOP-B2QI6NS', ip: '172.31.253.139', os.name: 'Windows 10', os.arch: 'amd64', os.version: '10.0', java.version: '1.8.0_181'
Driver info: com.kms.katalon.selenium.driver.CChromeDriver
Capabilities {acceptInsecureCerts: true, browserName: chrome, browserVersion: 120.0.6099.109, chrome: {chromedriverVersion: 119.0.6045.105 (38c72552c5e..., userDataDir: C:\Users\imtiaz\AppData\Loc...}, fedcm:accounts: true, goog:chromeOptions: {debuggerAddress: localhost:64741}, javascriptEnabled: true, networkConnectionEnabled: false, pageLoadStrategy: normal, platform: WINDOWS, platformName: WINDOWS, proxy: Proxy(), setWindowRect: true, strictFileInteractability: false, timeouts: {implicit: 0, pageLoad: 300000, script: 30000}, unhandledPromptBehavior: dismiss and notify, webauthn:extension:credBlob: true, webauthn:extension:largeBlob: true, webauthn:extension:minPinLength: true, webauthn:extension:prf: true, webauthn:virtualAuthenticators: true}
Session ID: 78fd6c96f90fa457d6fcd07afc324f69
	at org.openqa.selenium.remote.http.W3CHttpResponseCodec.createException(W3CHttpResponseCodec.java:187)
	at org.openqa.selenium.remote.http.W3CHttpResponseCodec.decode(W3CHttpResponseCodec.java:122)
	at org.openqa.selenium.remote.http.W3CHttpResponseCodec.decode(W3CHttpResponseCodec.java:49)
	at org.openqa.selenium.remote.HttpCommandExecutor.execute(HttpCommandExecutor.java:158)
	at org.openqa.selenium.remote.service.DriverCommandExecutor.execute(DriverCommandExecutor.java:83)
	at org.openqa.selenium.remote.RemoteWebDriver.execute(RemoteWebDriver.java:552)
	at com.kms.katalon.selenium.driver.CChromeDriver.execute(CChromeDriver.java:19)
	at org.openqa.selenium.remote.RemoteWebDriver.executeScript(RemoteWebDriver.java:489)
	at org.openqa.selenium.support.events.EventFiringWebDriver.lambda$new$1(EventFiringWebDriver.java:105)
	at com.sun.proxy.$Proxy10.executeScript(Unknown Source)
	at org.openqa.selenium.support.events.EventFiringWebDriver.executeScript(EventFiringWebDriver.java:229)
	at com.thoughtworks.selenium.webdriven.ElementFinder.findElement(ElementFinder.java:91)
	... 26 more
"/>
         <system-out><![CDATA[2023-12-16 21:33:44 - [TEST_CASE][ERROR] - Test Cases/IntegratedWeb/IWP23-SelIDE/SuccessfulCCAllFields3: Test Cases/IntegratedWeb/IWP23-SelIDE/SuccessfulCCAllFields3 FAILED.
Reason:
com.thoughtworks.selenium.SeleniumException: Element name=variableField4DropdownGroupItemID not found
	at com.thoughtworks.selenium.webdriven.ElementFinder.findElement(ElementFinder.java:93)
	at com.thoughtworks.selenium.webdriven.commands.SeleniumSelect.<init>(SeleniumSelect.java:48)
	at com.thoughtworks.selenium.webdriven.commands.SelectOption.handleSeleneseCommand(SelectOption.java:41)
	at com.thoughtworks.selenium.webdriven.commands.SelectOption.handleSeleneseCommand(SelectOption.java:26)
	at com.thoughtworks.selenium.webdriven.SeleneseCommand.apply(SeleneseCommand.java:39)
	at com.thoughtworks.selenium.webdriven.Timer.run(Timer.java:41)
	at com.thoughtworks.selenium.webdriven.WebDriverCommandProcessor.execute(WebDriverCommandProcessor.java:150)
	at com.thoughtworks.selenium.webdriven.WebDriverCommandProcessor.doCommand(WebDriverCommandProcessor.java:76)
	at com.thoughtworks.selenium.DefaultSelenium.select(DefaultSelenium.java:350)
	at com.thoughtworks.selenium.Selenium$select$0.call(Unknown Source)
	at SuccessfulCCAllFields3.run(SuccessfulCCAllFields3:111)
	at com.kms.katalon.core.main.ScriptEngine.run(ScriptEngine.java:194)
	at com.kms.katalon.core.main.ScriptEngine.runScriptAsRawText(ScriptEngine.java:119)
	at com.kms.katalon.core.main.TestCaseExecutor.runScript(TestCaseExecutor.java:448)
	at com.kms.katalon.core.main.TestCaseExecutor.doExecute(TestCaseExecutor.java:439)
	at com.kms.katalon.core.main.TestCaseExecutor.processExecutionPhase(TestCaseExecutor.java:418)
	at com.kms.katalon.core.main.TestCaseExecutor.accessMainPhase(TestCaseExecutor.java:410)
	at com.kms.katalon.core.main.TestCaseExecutor.execute(TestCaseExecutor.java:285)
	at com.kms.katalon.core.main.TestCaseExecutor.execute(TestCaseExecutor.java:369)
	at com.kms.katalon.core.main.TestCaseExecutor.execute(TestCaseExecutor.java:369)
	at com.kms.katalon.core.main.TestCaseExecutor.execute(TestCaseExecutor.java:369)
	at com.kms.katalon.core.common.CommonExecutor.accessTestCaseMainPhase(CommonExecutor.java:65)
	at com.kms.katalon.core.main.TestSuiteExecutor.accessTestSuiteMainPhase(TestSuiteExecutor.java:148)
	at com.kms.katalon.core.main.TestSuiteExecutor.execute(TestSuiteExecutor.java:106)
	at com.kms.katalon.core.main.TestCaseMain.startTestSuite(TestCaseMain.java:187)
	at com.kms.katalon.core.main.TestCaseMain$startTestSuite$0.call(Unknown Source)
	at TempTestSuite1702778440031.run(TempTestSuite1702778440031.groovy:36)
Caused by: org.openqa.selenium.JavascriptException: javascript error: Element name=variableField4DropdownGroupItemID not found
  (Session info: chrome=120.0.6099.109)
Build info: version: '3.141.59', revision: 'e82be7d358', time: '2018-11-14T08:25:53'
System info: host: 'DESKTOP-B2QI6NS', ip: '172.31.253.139', os.name: 'Windows 10', os.arch: 'amd64', os.version: '10.0', java.version: '1.8.0_181'
Driver info: com.kms.katalon.selenium.driver.CChromeDriver
Capabilities {acceptInsecureCerts: true, browserName: chrome, browserVersion: 120.0.6099.109, chrome: {chromedriverVersion: 119.0.6045.105 (38c72552c5e..., userDataDir: C:\Users\imtiaz\AppData\Loc...}, fedcm:accounts: true, goog:chromeOptions: {debuggerAddress: localhost:64741}, javascriptEnabled: true, networkConnectionEnabled: false, pageLoadStrategy: normal, platform: WINDOWS, platformName: WINDOWS, proxy: Proxy(), setWindowRect: true, strictFileInteractability: false, timeouts: {implicit: 0, pageLoad: 300000, script: 30000}, unhandledPromptBehavior: dismiss and notify, webauthn:extension:credBlob: true, webauthn:extension:largeBlob: true, webauthn:extension:minPinLength: true, webauthn:extension:prf: true, webauthn:virtualAuthenticators: true}
Session ID: 78fd6c96f90fa457d6fcd07afc324f69
	at org.openqa.selenium.remote.http.W3CHttpResponseCodec.createException(W3CHttpResponseCodec.java:187)
	at org.openqa.selenium.remote.http.W3CHttpResponseCodec.decode(W3CHttpResponseCodec.java:122)
	at org.openqa.selenium.remote.http.W3CHttpResponseCodec.decode(W3CHttpResponseCodec.java:49)
	at org.openqa.selenium.remote.HttpCommandExecutor.execute(HttpCommandExecutor.java:158)
	at org.openqa.selenium.remote.service.DriverCommandExecutor.execute(DriverCommandExecutor.java:83)
	at org.openqa.selenium.remote.RemoteWebDriver.execute(RemoteWebDriver.java:552)
	at com.kms.katalon.selenium.driver.CChromeDriver.execute(CChromeDriver.java:19)
	at org.openqa.selenium.remote.RemoteWebDriver.executeScript(RemoteWebDriver.java:489)
	at org.openqa.selenium.support.events.EventFiringWebDriver.lambda$new$1(EventFiringWebDriver.java:105)
	at com.sun.proxy.$Proxy10.executeScript(Unknown Source)
	at org.openqa.selenium.support.events.EventFiringWebDriver.executeScript(EventFiringWebDriver.java:229)
	at com.thoughtworks.selenium.webdriven.ElementFinder.findElement(ElementFinder.java:91)
	... 26 more


2023-12-16 21:33:44 - [TEST_STEP][PASSED] - softAssertion = new org.testng.asserts.SoftAssert(): null

2023-12-16 21:33:44 - [TEST_STEP][PASSED] - openBrowser("https://www.google.com/"): Browser is opened with url: 'https://www.google.com/'

2023-12-16 21:33:44 - [MESSAGE][WARNING] - A browser is already opened. Closing browser and opening a new one

2023-12-16 21:33:45 - [MESSAGE][INFO] - Starting 'Chrome' driver

2023-12-16 21:33:45 - [MESSAGE][INFO] - User set preference: ['acceptInsecureCerts', 'true']

2023-12-16 21:33:45 - [MESSAGE][INFO] - Action delay is set to 0 milliseconds

2023-12-16 21:33:48 - [MESSAGE][PASSED] - Browser is opened with url: 'https://www.google.com/'

2023-12-16 21:33:48 - [TEST_STEP][PASSED] - driver = getWebDriver(): null

2023-12-16 21:33:48 - [TEST_STEP][PASSED] - baseUrl = "https://www.google.com/": null

2023-12-16 21:33:48 - [TEST_STEP][PASSED] - selenium = new com.thoughtworks.selenium.webdriven.WebDriverBackedSelenium(driver, baseUrl): null

2023-12-16 21:33:48 - [TEST_STEP][PASSED] - println("Begin Test: SuccessfulCCAllFields3"): null

2023-12-16 21:33:48 - [TEST_STEP][PASSED] - emulatorURL = urlEmulator: null

2023-12-16 21:33:48 - [TEST_STEP][PASSED] - selenium.open(emulatorURL): null

2023-12-16 21:33:48 - [TEST_STEP][PASSED] - selenium.selectWindow("null"): null

2023-12-16 21:33:48 - [TEST_STEP][PASSED] - selenium.select("name=message_version", "label=2.3"): null

2023-12-16 21:33:48 - [TEST_STEP][PASSED] - selenium.waitForPageToLoad("30000"): null

2023-12-16 21:33:49 - [TEST_STEP][PASSED] - selenium.type("name=amount", 00".toString()): null

2023-12-16 21:33:49 - [TEST_STEP][PASSED] - selenium.type("name=client_account_number", "CAN12345"): null

2023-12-16 21:33:49 - [TEST_STEP][PASSED] - selenium.type("name=action_type", "PayNow"): null

2023-12-16 21:33:49 - [TEST_STEP][PASSED] - selenium.type("name=language", "en_US"): null

2023-12-16 21:33:49 - [TEST_STEP][PASSED] - selenium.type("name=billing_firstname", ""): null

2023-12-16 21:33:49 - [TEST_STEP][PASSED] - selenium.type("name=billing_lastname", ""): null

2023-12-16 21:33:49 - [TEST_STEP][PASSED] - selenium.type("name=billing_address", ""): null

2023-12-16 21:33:49 - [TEST_STEP][PASSED] - selenium.type("name=billing_address2", ""): null

2023-12-16 21:33:49 - [TEST_STEP][PASSED] - selenium.type("name=billing_country_id", "840"): null

2023-12-16 21:33:49 - [TEST_STEP][PASSED] - selenium.type("name=billing_city", ""): null

2023-12-16 21:33:49 - [TEST_STEP][PASSED] - selenium.type("name=billing_state", ""): null

2023-12-16 21:33:49 - [TEST_STEP][PASSED] - selenium.type("name=billing_zip", ""): null

2023-12-16 21:33:49 - [TEST_STEP][PASSED] - selenium.type("name=order_number", "PPPPOOOO"): null

2023-12-16 21:33:49 - [TEST_STEP][PASSED] - selenium.type("name=user_defined1", ""): null

2023-12-16 21:33:50 - [TEST_STEP][PASSED] - selenium.type("name=user_defined2", ""): null

2023-12-16 21:33:50 - [TEST_STEP][PASSED] - selenium.type("name=user_defined3", ""): null

2023-12-16 21:33:50 - [TEST_STEP][PASSED] - selenium.type("name=user_defined4", ""): null

2023-12-16 21:33:50 - [TEST_STEP][PASSED] - selenium.type("name=user_defined5", ""): null

2023-12-16 21:33:50 - [TEST_STEP][PASSED] - selenium.click("name=submit"): null

2023-12-16 21:33:50 - [TEST_STEP][PASSED] - selenium.waitForPageToLoad("30000"): null

2023-12-16 21:33:50 - [TEST_STEP][PASSED] - Thread.sleep(2000): null

2023-12-16 21:33:52 - [TEST_STEP][PASSED] - testHarnessURL = urlTestHarness: null

2023-12-16 21:33:52 - [TEST_STEP][PASSED] - selenium.open(testHarnessURL): null

2023-12-16 21:33:53 - [TEST_STEP][PASSED] - selenium.type("name=application_id", "635"): null

2023-12-16 21:33:53 - [TEST_STEP][PASSED] - selenium.type("name=message_version", 3".toString()): null

2023-12-16 21:33:53 - [TEST_STEP][PASSED] - genRemIDVoid = RandomStringUtils.random(12, true, true): null

2023-12-16 21:33:53 - [TEST_STEP][PASSED] - selenium.type("name=remittance_id", genRemIDVoid): null

2023-12-16 21:33:53 - [TEST_STEP][PASSED] - selenium.click("css=input.formSubmit"): null

2023-12-16 21:33:54 - [TEST_STEP][PASSED] - selenium.waitForPageToLoad("30000"): null

2023-12-16 21:33:55 - [TEST_STEP][PASSED] - selenium.selectWindow("null"): null

2023-12-16 21:33:55 - [TEST_STEP][PASSED] - selenium.click("name=paymentMethod"): null

2023-12-16 21:33:55 - [TEST_STEP][PASSED] - selenium.click("css=input[type="submit"]"): null

2023-12-16 21:33:56 - [TEST_STEP][PASSED] - selenium.waitForPageToLoad("30000"): null

2023-12-16 21:33:56 - [TEST_STEP][PASSED] - selenium.type("name=amount", 50".toString()): null

2023-12-16 21:33:56 - [TEST_STEP][PASSED] - selenium.type("name=userDefined2", "udf2 new".toString()): null

2023-12-16 21:33:56 - [TEST_STEP][PASSED] - selenium.type("name=userDefined3", "udf3 new".toString()): null

2023-12-16 21:33:56 - [TEST_STEP][ERROR] - selenium.select("name=variableField4DropdownGroupItemID", "label=Purple"): Test Cases/IntegratedWeb/IWP23-SelIDE/SuccessfulCCAllFields3 FAILED.
Reason:
com.thoughtworks.selenium.SeleniumException: Element name=variableField4DropdownGroupItemID not found
	at com.thoughtworks.selenium.webdriven.ElementFinder.findElement(ElementFinder.java:93)
	at com.thoughtworks.selenium.webdriven.commands.SeleniumSelect.<init>(SeleniumSelect.java:48)
	at com.thoughtworks.selenium.webdriven.commands.SelectOption.handleSeleneseCommand(SelectOption.java:41)
	at com.thoughtworks.selenium.webdriven.commands.SelectOption.handleSeleneseCommand(SelectOption.java:26)
	at com.thoughtworks.selenium.webdriven.SeleneseCommand.apply(SeleneseCommand.java:39)
	at com.thoughtworks.selenium.webdriven.Timer.run(Timer.java:41)
	at com.thoughtworks.selenium.webdriven.WebDriverCommandProcessor.execute(WebDriverCommandProcessor.java:150)
	at com.thoughtworks.selenium.webdriven.WebDriverCommandProcessor.doCommand(WebDriverCommandProcessor.java:76)
	at com.thoughtworks.selenium.DefaultSelenium.select(DefaultSelenium.java:350)
	at com.thoughtworks.selenium.Selenium$select$0.call(Unknown Source)
	at SuccessfulCCAllFields3.run(SuccessfulCCAllFields3:111)
	at com.kms.katalon.core.main.ScriptEngine.run(ScriptEngine.java:194)
	at com.kms.katalon.core.main.ScriptEngine.runScriptAsRawText(ScriptEngine.java:119)
	at com.kms.katalon.core.main.TestCaseExecutor.runScript(TestCaseExecutor.java:448)
	at com.kms.katalon.core.main.TestCaseExecutor.doExecute(TestCaseExecutor.java:439)
	at com.kms.katalon.core.main.TestCaseExecutor.processExecutionPhase(TestCaseExecutor.java:418)
	at com.kms.katalon.core.main.TestCaseExecutor.accessMainPhase(TestCaseExecutor.java:410)
	at com.kms.katalon.core.main.TestCaseExecutor.execute(TestCaseExecutor.java:285)
	at com.kms.katalon.core.main.TestCaseExecutor.execute(TestCaseExecutor.java:369)
	at com.kms.katalon.core.main.TestCaseExecutor.execute(TestCaseExecutor.java:369)
	at com.kms.katalon.core.main.TestCaseExecutor.execute(TestCaseExecutor.java:369)
	at com.kms.katalon.core.common.CommonExecutor.accessTestCaseMainPhase(CommonExecutor.java:65)
	at com.kms.katalon.core.main.TestSuiteExecutor.accessTestSuiteMainPhase(TestSuiteExecutor.java:148)
	at com.kms.katalon.core.main.TestSuiteExecutor.execute(TestSuiteExecutor.java:106)
	at com.kms.katalon.core.main.TestCaseMain.startTestSuite(TestCaseMain.java:187)
	at com.kms.katalon.core.main.TestCaseMain$startTestSuite$0.call(Unknown Source)
	at TempTestSuite1702778440031.run(TempTestSuite1702778440031.groovy:36)
Caused by: org.openqa.selenium.JavascriptException: javascript error: Element name=variableField4DropdownGroupItemID not found
  (Session info: chrome=120.0.6099.109)
Build info: version: '3.141.59', revision: 'e82be7d358', time: '2018-11-14T08:25:53'
System info: host: 'DESKTOP-B2QI6NS', ip: '172.31.253.139', os.name: 'Windows 10', os.arch: 'amd64', os.version: '10.0', java.version: '1.8.0_181'
Driver info: com.kms.katalon.selenium.driver.CChromeDriver
Capabilities {acceptInsecureCerts: true, browserName: chrome, browserVersion: 120.0.6099.109, chrome: {chromedriverVersion: 119.0.6045.105 (38c72552c5e..., userDataDir: C:\Users\imtiaz\AppData\Loc...}, fedcm:accounts: true, goog:chromeOptions: {debuggerAddress: localhost:64741}, javascriptEnabled: true, networkConnectionEnabled: false, pageLoadStrategy: normal, platform: WINDOWS, platformName: WINDOWS, proxy: Proxy(), setWindowRect: true, strictFileInteractability: false, timeouts: {implicit: 0, pageLoad: 300000, script: 30000}, unhandledPromptBehavior: dismiss and notify, webauthn:extension:credBlob: true, webauthn:extension:largeBlob: true, webauthn:extension:minPinLength: true, webauthn:extension:prf: true, webauthn:virtualAuthenticators: true}
Session ID: 78fd6c96f90fa457d6fcd07afc324f69
	at org.openqa.selenium.remote.http.W3CHttpResponseCodec.createException(W3CHttpResponseCodec.java:187)
	at org.openqa.selenium.remote.http.W3CHttpResponseCodec.decode(W3CHttpResponseCodec.java:122)
	at org.openqa.selenium.remote.http.W3CHttpResponseCodec.decode(W3CHttpResponseCodec.java:49)
	at org.openqa.selenium.remote.HttpCommandExecutor.execute(HttpCommandExecutor.java:158)
	at org.openqa.selenium.remote.service.DriverCommandExecutor.execute(DriverCommandExecutor.java:83)
	at org.openqa.selenium.remote.RemoteWebDriver.execute(RemoteWebDriver.java:552)
	at com.kms.katalon.selenium.driver.CChromeDriver.execute(CChromeDriver.java:19)
	at org.openqa.selenium.remote.RemoteWebDriver.executeScript(RemoteWebDriver.java:489)
	at org.openqa.selenium.support.events.EventFiringWebDriver.lambda$new$1(EventFiringWebDriver.java:105)
	at com.sun.proxy.$Proxy10.executeScript(Unknown Source)
	at org.openqa.selenium.support.events.EventFiringWebDriver.executeScript(EventFiringWebDriver.java:229)
	at com.thoughtworks.selenium.webdriven.ElementFinder.findElement(ElementFinder.java:91)
	at com.thoughtworks.selenium.webdriven.commands.SeleniumSelect.<init>(SeleniumSelect.java:48)
	at com.thoughtworks.selenium.webdriven.commands.SelectOption.handleSeleneseCommand(SelectOption.java:41)
	at com.thoughtworks.selenium.webdriven.commands.SelectOption.handleSeleneseCommand(SelectOption.java:26)
	at com.thoughtworks.selenium.webdriven.SeleneseCommand.apply(SeleneseCommand.java:39)
	at com.thoughtworks.selenium.webdriven.Timer.run(Timer.java:41)
	at com.thoughtworks.selenium.webdriven.WebDriverCommandProcessor.execute(WebDriverCommandProcessor.java:150)
	at com.thoughtworks.selenium.webdriven.WebDriverCommandProcessor.doCommand(WebDriverCommandProcessor.java:76)
	at com.thoughtworks.selenium.DefaultSelenium.select(DefaultSelenium.java:350)
	at com.thoughtworks.selenium.Selenium$select$0.call(Unknown Source)
	at Script1702501594458.run(Script1702501594458.groovy:111)
	... 16 more


2023-12-16 21:33:56 - [MESSAGE][ERROR] - Test Cases/IntegratedWeb/IWP23-SelIDE/SuccessfulCCAllFields3 FAILED.
Reason:
com.thoughtworks.selenium.SeleniumException: Element name=variableField4DropdownGroupItemID not found
	at com.thoughtworks.selenium.webdriven.ElementFinder.findElement(ElementFinder.java:93)
	at com.thoughtworks.selenium.webdriven.commands.SeleniumSelect.<init>(SeleniumSelect.java:48)
	at com.thoughtworks.selenium.webdriven.commands.SelectOption.handleSeleneseCommand(SelectOption.java:41)
	at com.thoughtworks.selenium.webdriven.commands.SelectOption.handleSeleneseCommand(SelectOption.java:26)
	at com.thoughtworks.selenium.webdriven.SeleneseCommand.apply(SeleneseCommand.java:39)
	at com.thoughtworks.selenium.webdriven.Timer.run(Timer.java:41)
	at com.thoughtworks.selenium.webdriven.WebDriverCommandProcessor.execute(WebDriverCommandProcessor.java:150)
	at com.thoughtworks.selenium.webdriven.WebDriverCommandProcessor.doCommand(WebDriverCommandProcessor.java:76)
	at com.thoughtworks.selenium.DefaultSelenium.select(DefaultSelenium.java:350)
	at com.thoughtworks.selenium.Selenium$select$0.call(Unknown Source)
	at SuccessfulCCAllFields3.run(SuccessfulCCAllFields3:111)
	at com.kms.katalon.core.main.ScriptEngine.run(ScriptEngine.java:194)
	at com.kms.katalon.core.main.ScriptEngine.runScriptAsRawText(ScriptEngine.java:119)
	at com.kms.katalon.core.main.TestCaseExecutor.runScript(TestCaseExecutor.java:448)
	at com.kms.katalon.core.main.TestCaseExecutor.doExecute(TestCaseExecutor.java:439)
	at com.kms.katalon.core.main.TestCaseExecutor.processExecutionPhase(TestCaseExecutor.java:418)
	at com.kms.katalon.core.main.TestCaseExecutor.accessMainPhase(TestCaseExecutor.java:410)
	at com.kms.katalon.core.main.TestCaseExecutor.execute(TestCaseExecutor.java:285)
	at com.kms.katalon.core.main.TestCaseExecutor.execute(TestCaseExecutor.java:369)
	at com.kms.katalon.core.main.TestCaseExecutor.execute(TestCaseExecutor.java:369)
	at com.kms.katalon.core.main.TestCaseExecutor.execute(TestCaseExecutor.java:369)
	at com.kms.katalon.core.common.CommonExecutor.accessTestCaseMainPhase(CommonExecutor.java:65)
	at com.kms.katalon.core.main.TestSuiteExecutor.accessTestSuiteMainPhase(TestSuiteExecutor.java:148)
	at com.kms.katalon.core.main.TestSuiteExecutor.execute(TestSuiteExecutor.java:106)
	at com.kms.katalon.core.main.TestCaseMain.startTestSuite(TestCaseMain.java:187)
	at com.kms.katalon.core.main.TestCaseMain$startTestSuite$0.call(Unknown Source)
	at TempTestSuite1702778440031.run(TempTestSuite1702778440031.groovy:36)
Caused by: org.openqa.selenium.JavascriptException: javascript error: Element name=variableField4DropdownGroupItemID not found
  (Session info: chrome=120.0.6099.109)
Build info: version: '3.141.59', revision: 'e82be7d358', time: '2018-11-14T08:25:53'
System info: host: 'DESKTOP-B2QI6NS', ip: '172.31.253.139', os.name: 'Windows 10', os.arch: 'amd64', os.version: '10.0', java.version: '1.8.0_181'
Driver info: com.kms.katalon.selenium.driver.CChromeDriver
Capabilities {acceptInsecureCerts: true, browserName: chrome, browserVersion: 120.0.6099.109, chrome: {chromedriverVersion: 119.0.6045.105 (38c72552c5e..., userDataDir: C:\Users\imtiaz\AppData\Loc...}, fedcm:accounts: true, goog:chromeOptions: {debuggerAddress: localhost:64741}, javascriptEnabled: true, networkConnectionEnabled: false, pageLoadStrategy: normal, platform: WINDOWS, platformName: WINDOWS, proxy: Proxy(), setWindowRect: true, strictFileInteractability: false, timeouts: {implicit: 0, pageLoad: 300000, script: 30000}, unhandledPromptBehavior: dismiss and notify, webauthn:extension:credBlob: true, webauthn:extension:largeBlob: true, webauthn:extension:minPinLength: true, webauthn:extension:prf: true, webauthn:virtualAuthenticators: true}
Session ID: 78fd6c96f90fa457d6fcd07afc324f69
	at org.openqa.selenium.remote.http.W3CHttpResponseCodec.createException(W3CHttpResponseCodec.java:187)
	at org.openqa.selenium.remote.http.W3CHttpResponseCodec.decode(W3CHttpResponseCodec.java:122)
	at org.openqa.selenium.remote.http.W3CHttpResponseCodec.decode(W3CHttpResponseCodec.java:49)
	at org.openqa.selenium.remote.HttpCommandExecutor.execute(HttpCommandExecutor.java:158)
	at org.openqa.selenium.remote.service.DriverCommandExecutor.execute(DriverCommandExecutor.java:83)
	at org.openqa.selenium.remote.RemoteWebDriver.execute(RemoteWebDriver.java:552)
	at com.kms.katalon.selenium.driver.CChromeDriver.execute(CChromeDriver.java:19)
	at org.openqa.selenium.remote.RemoteWebDriver.executeScript(RemoteWebDriver.java:489)
	at org.openqa.selenium.support.events.EventFiringWebDriver.lambda$new$1(EventFiringWebDriver.java:105)
	at com.sun.proxy.$Proxy10.executeScript(Unknown Source)
	at org.openqa.selenium.support.events.EventFiringWebDriver.executeScript(EventFiringWebDriver.java:229)
	at com.thoughtworks.selenium.webdriven.ElementFinder.findElement(ElementFinder.java:91)
	at com.thoughtworks.selenium.webdriven.commands.SeleniumSelect.<init>(SeleniumSelect.java:48)
	at com.thoughtworks.selenium.webdriven.commands.SelectOption.handleSeleneseCommand(SelectOption.java:41)
	at com.thoughtworks.selenium.webdriven.commands.SelectOption.handleSeleneseCommand(SelectOption.java:26)
	at com.thoughtworks.selenium.webdriven.SeleneseCommand.apply(SeleneseCommand.java:39)
	at com.thoughtworks.selenium.webdriven.Timer.run(Timer.java:41)
	at com.thoughtworks.selenium.webdriven.WebDriverCommandProcessor.execute(WebDriverCommandProcessor.java:150)
	at com.thoughtworks.selenium.webdriven.WebDriverCommandProcessor.doCommand(WebDriverCommandProcessor.java:76)
	at com.thoughtworks.selenium.DefaultSelenium.select(DefaultSelenium.java:350)
	at com.thoughtworks.selenium.Selenium$select$0.call(Unknown Source)
	at Script1702501594458.run(Script1702501594458.groovy:111)
	... 16 more]]></system-out>
         <system-err><![CDATA[2023-12-16 21:33:44 - [TEST_CASE][ERROR] - Test Cases/IntegratedWeb/IWP23-SelIDE/SuccessfulCCAllFields3: Test Cases/IntegratedWeb/IWP23-SelIDE/SuccessfulCCAllFields3 FAILED.
Reason:
com.thoughtworks.selenium.SeleniumException: Element name=variableField4DropdownGroupItemID not found
	at com.thoughtworks.selenium.webdriven.ElementFinder.findElement(ElementFinder.java:93)
	at com.thoughtworks.selenium.webdriven.commands.SeleniumSelect.<init>(SeleniumSelect.java:48)
	at com.thoughtworks.selenium.webdriven.commands.SelectOption.handleSeleneseCommand(SelectOption.java:41)
	at com.thoughtworks.selenium.webdriven.commands.SelectOption.handleSeleneseCommand(SelectOption.java:26)
	at com.thoughtworks.selenium.webdriven.SeleneseCommand.apply(SeleneseCommand.java:39)
	at com.thoughtworks.selenium.webdriven.Timer.run(Timer.java:41)
	at com.thoughtworks.selenium.webdriven.WebDriverCommandProcessor.execute(WebDriverCommandProcessor.java:150)
	at com.thoughtworks.selenium.webdriven.WebDriverCommandProcessor.doCommand(WebDriverCommandProcessor.java:76)
	at com.thoughtworks.selenium.DefaultSelenium.select(DefaultSelenium.java:350)
	at com.thoughtworks.selenium.Selenium$select$0.call(Unknown Source)
	at SuccessfulCCAllFields3.run(SuccessfulCCAllFields3:111)
	at com.kms.katalon.core.main.ScriptEngine.run(ScriptEngine.java:194)
	at com.kms.katalon.core.main.ScriptEngine.runScriptAsRawText(ScriptEngine.java:119)
	at com.kms.katalon.core.main.TestCaseExecutor.runScript(TestCaseExecutor.java:448)
	at com.kms.katalon.core.main.TestCaseExecutor.doExecute(TestCaseExecutor.java:439)
	at com.kms.katalon.core.main.TestCaseExecutor.processExecutionPhase(TestCaseExecutor.java:418)
	at com.kms.katalon.core.main.TestCaseExecutor.accessMainPhase(TestCaseExecutor.java:410)
	at com.kms.katalon.core.main.TestCaseExecutor.execute(TestCaseExecutor.java:285)
	at com.kms.katalon.core.main.TestCaseExecutor.execute(TestCaseExecutor.java:369)
	at com.kms.katalon.core.main.TestCaseExecutor.execute(TestCaseExecutor.java:369)
	at com.kms.katalon.core.main.TestCaseExecutor.execute(TestCaseExecutor.java:369)
	at com.kms.katalon.core.common.CommonExecutor.accessTestCaseMainPhase(CommonExecutor.java:65)
	at com.kms.katalon.core.main.TestSuiteExecutor.accessTestSuiteMainPhase(TestSuiteExecutor.java:148)
	at com.kms.katalon.core.main.TestSuiteExecutor.execute(TestSuiteExecutor.java:106)
	at com.kms.katalon.core.main.TestCaseMain.startTestSuite(TestCaseMain.java:187)
	at com.kms.katalon.core.main.TestCaseMain$startTestSuite$0.call(Unknown Source)
	at TempTestSuite1702778440031.run(TempTestSuite1702778440031.groovy:36)
Caused by: org.openqa.selenium.JavascriptException: javascript error: Element name=variableField4DropdownGroupItemID not found
  (Session info: chrome=120.0.6099.109)
Build info: version: '3.141.59', revision: 'e82be7d358', time: '2018-11-14T08:25:53'
System info: host: 'DESKTOP-B2QI6NS', ip: '172.31.253.139', os.name: 'Windows 10', os.arch: 'amd64', os.version: '10.0', java.version: '1.8.0_181'
Driver info: com.kms.katalon.selenium.driver.CChromeDriver
Capabilities {acceptInsecureCerts: true, browserName: chrome, browserVersion: 120.0.6099.109, chrome: {chromedriverVersion: 119.0.6045.105 (38c72552c5e..., userDataDir: C:\Users\imtiaz\AppData\Loc...}, fedcm:accounts: true, goog:chromeOptions: {debuggerAddress: localhost:64741}, javascriptEnabled: true, networkConnectionEnabled: false, pageLoadStrategy: normal, platform: WINDOWS, platformName: WINDOWS, proxy: Proxy(), setWindowRect: true, strictFileInteractability: false, timeouts: {implicit: 0, pageLoad: 300000, script: 30000}, unhandledPromptBehavior: dismiss and notify, webauthn:extension:credBlob: true, webauthn:extension:largeBlob: true, webauthn:extension:minPinLength: true, webauthn:extension:prf: true, webauthn:virtualAuthenticators: true}
Session ID: 78fd6c96f90fa457d6fcd07afc324f69
	at org.openqa.selenium.remote.http.W3CHttpResponseCodec.createException(W3CHttpResponseCodec.java:187)
	at org.openqa.selenium.remote.http.W3CHttpResponseCodec.decode(W3CHttpResponseCodec.java:122)
	at org.openqa.selenium.remote.http.W3CHttpResponseCodec.decode(W3CHttpResponseCodec.java:49)
	at org.openqa.selenium.remote.HttpCommandExecutor.execute(HttpCommandExecutor.java:158)
	at org.openqa.selenium.remote.service.DriverCommandExecutor.execute(DriverCommandExecutor.java:83)
	at org.openqa.selenium.remote.RemoteWebDriver.execute(RemoteWebDriver.java:552)
	at com.kms.katalon.selenium.driver.CChromeDriver.execute(CChromeDriver.java:19)
	at org.openqa.selenium.remote.RemoteWebDriver.executeScript(RemoteWebDriver.java:489)
	at org.openqa.selenium.support.events.EventFiringWebDriver.lambda$new$1(EventFiringWebDriver.java:105)
	at com.sun.proxy.$Proxy10.executeScript(Unknown Source)
	at org.openqa.selenium.support.events.EventFiringWebDriver.executeScript(EventFiringWebDriver.java:229)
	at com.thoughtworks.selenium.webdriven.ElementFinder.findElement(ElementFinder.java:91)
	... 26 more]]></system-err>
      </testcase>
      <testcase name="Test Cases/IntegratedWeb/IWP23-SelIDE/SuccessfulCCReqFields" time="12.249" classname="Test Cases/IntegratedWeb/IWP23-SelIDE/SuccessfulCCReqFields" status="ERROR">
         <error type="ERROR" message="Test Cases/IntegratedWeb/IWP23-SelIDE/SuccessfulCCReqFields FAILED.
Reason:
com.thoughtworks.selenium.SeleniumException: Element name=variableField4DropdownGroupItemID not found
	at com.thoughtworks.selenium.webdriven.ElementFinder.findElement(ElementFinder.java:93)
	at com.thoughtworks.selenium.webdriven.commands.SeleniumSelect.&lt;init>(SeleniumSelect.java:48)
	at com.thoughtworks.selenium.webdriven.commands.SelectOption.handleSeleneseCommand(SelectOption.java:41)
	at com.thoughtworks.selenium.webdriven.commands.SelectOption.handleSeleneseCommand(SelectOption.java:26)
	at com.thoughtworks.selenium.webdriven.SeleneseCommand.apply(SeleneseCommand.java:39)
	at com.thoughtworks.selenium.webdriven.Timer.run(Timer.java:41)
	at com.thoughtworks.selenium.webdriven.WebDriverCommandProcessor.execute(WebDriverCommandProcessor.java:150)
	at com.thoughtworks.selenium.webdriven.WebDriverCommandProcessor.doCommand(WebDriverCommandProcessor.java:76)
	at com.thoughtworks.selenium.DefaultSelenium.select(DefaultSelenium.java:350)
	at com.thoughtworks.selenium.Selenium$select$0.call(Unknown Source)
	at SuccessfulCCReqFields.run(SuccessfulCCReqFields:111)
	at com.kms.katalon.core.main.ScriptEngine.run(ScriptEngine.java:194)
	at com.kms.katalon.core.main.ScriptEngine.runScriptAsRawText(ScriptEngine.java:119)
	at com.kms.katalon.core.main.TestCaseExecutor.runScript(TestCaseExecutor.java:448)
	at com.kms.katalon.core.main.TestCaseExecutor.doExecute(TestCaseExecutor.java:439)
	at com.kms.katalon.core.main.TestCaseExecutor.processExecutionPhase(TestCaseExecutor.java:418)
	at com.kms.katalon.core.main.TestCaseExecutor.accessMainPhase(TestCaseExecutor.java:410)
	at com.kms.katalon.core.main.TestCaseExecutor.execute(TestCaseExecutor.java:285)
	at com.kms.katalon.core.main.TestCaseExecutor.execute(TestCaseExecutor.java:369)
	at com.kms.katalon.core.main.TestCaseExecutor.execute(TestCaseExecutor.java:369)
	at com.kms.katalon.core.main.TestCaseExecutor.execute(TestCaseExecutor.java:369)
	at com.kms.katalon.core.common.CommonExecutor.accessTestCaseMainPhase(CommonExecutor.java:65)
	at com.kms.katalon.core.main.TestSuiteExecutor.accessTestSuiteMainPhase(TestSuiteExecutor.java:148)
	at com.kms.katalon.core.main.TestSuiteExecutor.execute(TestSuiteExecutor.java:106)
	at com.kms.katalon.core.main.TestCaseMain.startTestSuite(TestCaseMain.java:187)
	at com.kms.katalon.core.main.TestCaseMain$startTestSuite$0.call(Unknown Source)
	at TempTestSuite1702778440031.run(TempTestSuite1702778440031.groovy:36)
Caused by: org.openqa.selenium.JavascriptException: javascript error: Element name=variableField4DropdownGroupItemID not found
  (Session info: chrome=120.0.6099.109)
Build info: version: '3.141.59', revision: 'e82be7d358', time: '2018-11-14T08:25:53'
System info: host: 'DESKTOP-B2QI6NS', ip: '172.31.253.139', os.name: 'Windows 10', os.arch: 'amd64', os.version: '10.0', java.version: '1.8.0_181'
Driver info: com.kms.katalon.selenium.driver.CChromeDriver
Capabilities {acceptInsecureCerts: true, browserName: chrome, browserVersion: 120.0.6099.109, chrome: {chromedriverVersion: 119.0.6045.105 (38c72552c5e..., userDataDir: C:\Users\imtiaz\AppData\Loc...}, fedcm:accounts: true, goog:chromeOptions: {debuggerAddress: localhost:65229}, javascriptEnabled: true, networkConnectionEnabled: false, pageLoadStrategy: normal, platform: WINDOWS, platformName: WINDOWS, proxy: Proxy(), setWindowRect: true, strictFileInteractability: false, timeouts: {implicit: 0, pageLoad: 300000, script: 30000}, unhandledPromptBehavior: dismiss and notify, webauthn:extension:credBlob: true, webauthn:extension:largeBlob: true, webauthn:extension:minPinLength: true, webauthn:extension:prf: true, webauthn:virtualAuthenticators: true}
Session ID: 032c58e4d28356da58c6dc327d072c88
	at org.openqa.selenium.remote.http.W3CHttpResponseCodec.createException(W3CHttpResponseCodec.java:187)
	at org.openqa.selenium.remote.http.W3CHttpResponseCodec.decode(W3CHttpResponseCodec.java:122)
	at org.openqa.selenium.remote.http.W3CHttpResponseCodec.decode(W3CHttpResponseCodec.java:49)
	at org.openqa.selenium.remote.HttpCommandExecutor.execute(HttpCommandExecutor.java:158)
	at org.openqa.selenium.remote.service.DriverCommandExecutor.execute(DriverCommandExecutor.java:83)
	at org.openqa.selenium.remote.RemoteWebDriver.execute(RemoteWebDriver.java:552)
	at com.kms.katalon.selenium.driver.CChromeDriver.execute(CChromeDriver.java:19)
	at org.openqa.selenium.remote.RemoteWebDriver.executeScript(RemoteWebDriver.java:489)
	at org.openqa.selenium.support.events.EventFiringWebDriver.lambda$new$1(EventFiringWebDriver.java:105)
	at com.sun.proxy.$Proxy10.executeScript(Unknown Source)
	at org.openqa.selenium.support.events.EventFiringWebDriver.executeScript(EventFiringWebDriver.java:229)
	at com.thoughtworks.selenium.webdriven.ElementFinder.findElement(ElementFinder.java:91)
	... 26 more
"/>
         <system-out><![CDATA[2023-12-16 21:34:34 - [TEST_CASE][ERROR] - Test Cases/IntegratedWeb/IWP23-SelIDE/SuccessfulCCReqFields: Test Cases/IntegratedWeb/IWP23-SelIDE/SuccessfulCCReqFields FAILED.
Reason:
com.thoughtworks.selenium.SeleniumException: Element name=variableField4DropdownGroupItemID not found
	at com.thoughtworks.selenium.webdriven.ElementFinder.findElement(ElementFinder.java:93)
	at com.thoughtworks.selenium.webdriven.commands.SeleniumSelect.<init>(SeleniumSelect.java:48)
	at com.thoughtworks.selenium.webdriven.commands.SelectOption.handleSeleneseCommand(SelectOption.java:41)
	at com.thoughtworks.selenium.webdriven.commands.SelectOption.handleSeleneseCommand(SelectOption.java:26)
	at com.thoughtworks.selenium.webdriven.SeleneseCommand.apply(SeleneseCommand.java:39)
	at com.thoughtworks.selenium.webdriven.Timer.run(Timer.java:41)
	at com.thoughtworks.selenium.webdriven.WebDriverCommandProcessor.execute(WebDriverCommandProcessor.java:150)
	at com.thoughtworks.selenium.webdriven.WebDriverCommandProcessor.doCommand(WebDriverCommandProcessor.java:76)
	at com.thoughtworks.selenium.DefaultSelenium.select(DefaultSelenium.java:350)
	at com.thoughtworks.selenium.Selenium$select$0.call(Unknown Source)
	at SuccessfulCCReqFields.run(SuccessfulCCReqFields:111)
	at com.kms.katalon.core.main.ScriptEngine.run(ScriptEngine.java:194)
	at com.kms.katalon.core.main.ScriptEngine.runScriptAsRawText(ScriptEngine.java:119)
	at com.kms.katalon.core.main.TestCaseExecutor.runScript(TestCaseExecutor.java:448)
	at com.kms.katalon.core.main.TestCaseExecutor.doExecute(TestCaseExecutor.java:439)
	at com.kms.katalon.core.main.TestCaseExecutor.processExecutionPhase(TestCaseExecutor.java:418)
	at com.kms.katalon.core.main.TestCaseExecutor.accessMainPhase(TestCaseExecutor.java:410)
	at com.kms.katalon.core.main.TestCaseExecutor.execute(TestCaseExecutor.java:285)
	at com.kms.katalon.core.main.TestCaseExecutor.execute(TestCaseExecutor.java:369)
	at com.kms.katalon.core.main.TestCaseExecutor.execute(TestCaseExecutor.java:369)
	at com.kms.katalon.core.main.TestCaseExecutor.execute(TestCaseExecutor.java:369)
	at com.kms.katalon.core.common.CommonExecutor.accessTestCaseMainPhase(CommonExecutor.java:65)
	at com.kms.katalon.core.main.TestSuiteExecutor.accessTestSuiteMainPhase(TestSuiteExecutor.java:148)
	at com.kms.katalon.core.main.TestSuiteExecutor.execute(TestSuiteExecutor.java:106)
	at com.kms.katalon.core.main.TestCaseMain.startTestSuite(TestCaseMain.java:187)
	at com.kms.katalon.core.main.TestCaseMain$startTestSuite$0.call(Unknown Source)
	at TempTestSuite1702778440031.run(TempTestSuite1702778440031.groovy:36)
Caused by: org.openqa.selenium.JavascriptException: javascript error: Element name=variableField4DropdownGroupItemID not found
  (Session info: chrome=120.0.6099.109)
Build info: version: '3.141.59', revision: 'e82be7d358', time: '2018-11-14T08:25:53'
System info: host: 'DESKTOP-B2QI6NS', ip: '172.31.253.139', os.name: 'Windows 10', os.arch: 'amd64', os.version: '10.0', java.version: '1.8.0_181'
Driver info: com.kms.katalon.selenium.driver.CChromeDriver
Capabilities {acceptInsecureCerts: true, browserName: chrome, browserVersion: 120.0.6099.109, chrome: {chromedriverVersion: 119.0.6045.105 (38c72552c5e..., userDataDir: C:\Users\imtiaz\AppData\Loc...}, fedcm:accounts: true, goog:chromeOptions: {debuggerAddress: localhost:65229}, javascriptEnabled: true, networkConnectionEnabled: false, pageLoadStrategy: normal, platform: WINDOWS, platformName: WINDOWS, proxy: Proxy(), setWindowRect: true, strictFileInteractability: false, timeouts: {implicit: 0, pageLoad: 300000, script: 30000}, unhandledPromptBehavior: dismiss and notify, webauthn:extension:credBlob: true, webauthn:extension:largeBlob: true, webauthn:extension:minPinLength: true, webauthn:extension:prf: true, webauthn:virtualAuthenticators: true}
Session ID: 032c58e4d28356da58c6dc327d072c88
	at org.openqa.selenium.remote.http.W3CHttpResponseCodec.createException(W3CHttpResponseCodec.java:187)
	at org.openqa.selenium.remote.http.W3CHttpResponseCodec.decode(W3CHttpResponseCodec.java:122)
	at org.openqa.selenium.remote.http.W3CHttpResponseCodec.decode(W3CHttpResponseCodec.java:49)
	at org.openqa.selenium.remote.HttpCommandExecutor.execute(HttpCommandExecutor.java:158)
	at org.openqa.selenium.remote.service.DriverCommandExecutor.execute(DriverCommandExecutor.java:83)
	at org.openqa.selenium.remote.RemoteWebDriver.execute(RemoteWebDriver.java:552)
	at com.kms.katalon.selenium.driver.CChromeDriver.execute(CChromeDriver.java:19)
	at org.openqa.selenium.remote.RemoteWebDriver.executeScript(RemoteWebDriver.java:489)
	at org.openqa.selenium.support.events.EventFiringWebDriver.lambda$new$1(EventFiringWebDriver.java:105)
	at com.sun.proxy.$Proxy10.executeScript(Unknown Source)
	at org.openqa.selenium.support.events.EventFiringWebDriver.executeScript(EventFiringWebDriver.java:229)
	at com.thoughtworks.selenium.webdriven.ElementFinder.findElement(ElementFinder.java:91)
	... 26 more


2023-12-16 21:34:34 - [TEST_STEP][PASSED] - softAssertion = new org.testng.asserts.SoftAssert(): null

2023-12-16 21:34:34 - [TEST_STEP][PASSED] - openBrowser("https://www.google.com/"): Browser is opened with url: 'https://www.google.com/'

2023-12-16 21:34:34 - [MESSAGE][WARNING] - A browser is already opened. Closing browser and opening a new one

2023-12-16 21:34:35 - [MESSAGE][INFO] - Starting 'Chrome' driver

2023-12-16 21:34:35 - [MESSAGE][INFO] - User set preference: ['acceptInsecureCerts', 'true']

2023-12-16 21:34:35 - [MESSAGE][INFO] - Action delay is set to 0 milliseconds

2023-12-16 21:34:38 - [MESSAGE][PASSED] - Browser is opened with url: 'https://www.google.com/'

2023-12-16 21:34:38 - [TEST_STEP][PASSED] - driver = getWebDriver(): null

2023-12-16 21:34:38 - [TEST_STEP][PASSED] - baseUrl = "https://www.google.com/": null

2023-12-16 21:34:38 - [TEST_STEP][PASSED] - selenium = new com.thoughtworks.selenium.webdriven.WebDriverBackedSelenium(driver, baseUrl): null

2023-12-16 21:34:38 - [TEST_STEP][PASSED] - println("Begin Test: SuccessfulCCReqFields"): null

2023-12-16 21:34:38 - [TEST_STEP][PASSED] - emulatorURL = urlEmulator: null

2023-12-16 21:34:38 - [TEST_STEP][PASSED] - selenium.open(emulatorURL): null

2023-12-16 21:34:38 - [TEST_STEP][PASSED] - selenium.selectWindow("null"): null

2023-12-16 21:34:38 - [TEST_STEP][PASSED] - selenium.select("name=message_version", "label=2.3"): null

2023-12-16 21:34:39 - [TEST_STEP][PASSED] - selenium.waitForPageToLoad("30000"): null

2023-12-16 21:34:39 - [TEST_STEP][PASSED] - selenium.type("name=amount", 00".toString()): null

2023-12-16 21:34:39 - [TEST_STEP][PASSED] - selenium.type("name=client_account_number", "CAN12345"): null

2023-12-16 21:34:39 - [TEST_STEP][PASSED] - selenium.type("name=action_type", "PayNow"): null

2023-12-16 21:34:39 - [TEST_STEP][PASSED] - selenium.type("name=language", "en_US"): null

2023-12-16 21:34:40 - [TEST_STEP][PASSED] - selenium.type("name=billing_firstname", "Mandy"): null

2023-12-16 21:34:40 - [TEST_STEP][PASSED] - selenium.type("name=billing_lastname", "Iguera"): null

2023-12-16 21:34:40 - [TEST_STEP][PASSED] - selenium.type("name=billing_address", "56 World Center Drive".toString()): null

2023-12-16 21:34:40 - [TEST_STEP][PASSED] - selenium.type("name=billing_address2", "Suite 600".toString()): null

2023-12-16 21:34:40 - [TEST_STEP][PASSED] - selenium.type("name=billing_country_id", "840"): null

2023-12-16 21:34:40 - [TEST_STEP][PASSED] - selenium.type("name=billing_city", "Orlando"): null

2023-12-16 21:34:40 - [TEST_STEP][PASSED] - selenium.type("name=billing_state", "NH"): null

2023-12-16 21:34:40 - [TEST_STEP][PASSED] - selenium.type("name=billing_zip", "03106"): null

2023-12-16 21:34:40 - [TEST_STEP][PASSED] - selenium.type("name=order_number", "PPPPOOOO"): null

2023-12-16 21:34:40 - [TEST_STEP][PASSED] - selenium.type("name=user_defined1", "udf1"): null

2023-12-16 21:34:40 - [TEST_STEP][PASSED] - selenium.type("name=user_defined2", "udf2"): null

2023-12-16 21:34:40 - [TEST_STEP][PASSED] - selenium.type("name=user_defined3", "udf3"): null

2023-12-16 21:34:40 - [TEST_STEP][PASSED] - selenium.type("name=user_defined4", "Orange Label".toString()): null

2023-12-16 21:34:40 - [TEST_STEP][PASSED] - selenium.type("name=user_defined5", "Soccer Label".toString()): null

2023-12-16 21:34:40 - [TEST_STEP][PASSED] - selenium.click("name=submit"): null

2023-12-16 21:34:40 - [TEST_STEP][PASSED] - selenium.waitForPageToLoad("30000"): null

2023-12-16 21:34:41 - [TEST_STEP][PASSED] - testHarnessURL = urlTestHarness: null

2023-12-16 21:34:41 - [TEST_STEP][PASSED] - selenium.open(testHarnessURL): null

2023-12-16 21:34:41 - [TEST_STEP][PASSED] - Thread.sleep(2000): null

2023-12-16 21:34:43 - [TEST_STEP][PASSED] - selenium.type("name=application_id", "635"): null

2023-12-16 21:34:43 - [TEST_STEP][PASSED] - selenium.type("name=message_version", 3".toString()): null

2023-12-16 21:34:44 - [TEST_STEP][PASSED] - genRemIDVoid = RandomStringUtils.random(12, true, true): null

2023-12-16 21:34:44 - [TEST_STEP][PASSED] - selenium.type("name=remittance_id", genRemIDVoid): null

2023-12-16 21:34:44 - [TEST_STEP][PASSED] - selenium.click("css=input.formSubmit"): null

2023-12-16 21:34:44 - [TEST_STEP][PASSED] - selenium.waitForPageToLoad("30000"): null

2023-12-16 21:34:45 - [TEST_STEP][PASSED] - selenium.selectWindow("null"): null

2023-12-16 21:34:45 - [TEST_STEP][PASSED] - selenium.click("name=paymentMethod"): null

2023-12-16 21:34:45 - [TEST_STEP][PASSED] - selenium.click("css=input[type="submit"]"): null

2023-12-16 21:34:46 - [TEST_STEP][PASSED] - selenium.waitForPageToLoad("30000"): null

2023-12-16 21:34:46 - [TEST_STEP][PASSED] - selenium.type("name=amount", 50".toString()): null

2023-12-16 21:34:46 - [TEST_STEP][PASSED] - selenium.type("name=userDefined2", ""): null

2023-12-16 21:34:46 - [TEST_STEP][PASSED] - selenium.type("name=userDefined3", "udf3 new".toString()): null

2023-12-16 21:34:46 - [TEST_STEP][ERROR] - selenium.select("name=variableField4DropdownGroupItemID", "--Select One--"): Test Cases/IntegratedWeb/IWP23-SelIDE/SuccessfulCCReqFields FAILED.
Reason:
com.thoughtworks.selenium.SeleniumException: Element name=variableField4DropdownGroupItemID not found
	at com.thoughtworks.selenium.webdriven.ElementFinder.findElement(ElementFinder.java:93)
	at com.thoughtworks.selenium.webdriven.commands.SeleniumSelect.<init>(SeleniumSelect.java:48)
	at com.thoughtworks.selenium.webdriven.commands.SelectOption.handleSeleneseCommand(SelectOption.java:41)
	at com.thoughtworks.selenium.webdriven.commands.SelectOption.handleSeleneseCommand(SelectOption.java:26)
	at com.thoughtworks.selenium.webdriven.SeleneseCommand.apply(SeleneseCommand.java:39)
	at com.thoughtworks.selenium.webdriven.Timer.run(Timer.java:41)
	at com.thoughtworks.selenium.webdriven.WebDriverCommandProcessor.execute(WebDriverCommandProcessor.java:150)
	at com.thoughtworks.selenium.webdriven.WebDriverCommandProcessor.doCommand(WebDriverCommandProcessor.java:76)
	at com.thoughtworks.selenium.DefaultSelenium.select(DefaultSelenium.java:350)
	at com.thoughtworks.selenium.Selenium$select$0.call(Unknown Source)
	at SuccessfulCCReqFields.run(SuccessfulCCReqFields:111)
	at com.kms.katalon.core.main.ScriptEngine.run(ScriptEngine.java:194)
	at com.kms.katalon.core.main.ScriptEngine.runScriptAsRawText(ScriptEngine.java:119)
	at com.kms.katalon.core.main.TestCaseExecutor.runScript(TestCaseExecutor.java:448)
	at com.kms.katalon.core.main.TestCaseExecutor.doExecute(TestCaseExecutor.java:439)
	at com.kms.katalon.core.main.TestCaseExecutor.processExecutionPhase(TestCaseExecutor.java:418)
	at com.kms.katalon.core.main.TestCaseExecutor.accessMainPhase(TestCaseExecutor.java:410)
	at com.kms.katalon.core.main.TestCaseExecutor.execute(TestCaseExecutor.java:285)
	at com.kms.katalon.core.main.TestCaseExecutor.execute(TestCaseExecutor.java:369)
	at com.kms.katalon.core.main.TestCaseExecutor.execute(TestCaseExecutor.java:369)
	at com.kms.katalon.core.main.TestCaseExecutor.execute(TestCaseExecutor.java:369)
	at com.kms.katalon.core.common.CommonExecutor.accessTestCaseMainPhase(CommonExecutor.java:65)
	at com.kms.katalon.core.main.TestSuiteExecutor.accessTestSuiteMainPhase(TestSuiteExecutor.java:148)
	at com.kms.katalon.core.main.TestSuiteExecutor.execute(TestSuiteExecutor.java:106)
	at com.kms.katalon.core.main.TestCaseMain.startTestSuite(TestCaseMain.java:187)
	at com.kms.katalon.core.main.TestCaseMain$startTestSuite$0.call(Unknown Source)
	at TempTestSuite1702778440031.run(TempTestSuite1702778440031.groovy:36)
Caused by: org.openqa.selenium.JavascriptException: javascript error: Element name=variableField4DropdownGroupItemID not found
  (Session info: chrome=120.0.6099.109)
Build info: version: '3.141.59', revision: 'e82be7d358', time: '2018-11-14T08:25:53'
System info: host: 'DESKTOP-B2QI6NS', ip: '172.31.253.139', os.name: 'Windows 10', os.arch: 'amd64', os.version: '10.0', java.version: '1.8.0_181'
Driver info: com.kms.katalon.selenium.driver.CChromeDriver
Capabilities {acceptInsecureCerts: true, browserName: chrome, browserVersion: 120.0.6099.109, chrome: {chromedriverVersion: 119.0.6045.105 (38c72552c5e..., userDataDir: C:\Users\imtiaz\AppData\Loc...}, fedcm:accounts: true, goog:chromeOptions: {debuggerAddress: localhost:65229}, javascriptEnabled: true, networkConnectionEnabled: false, pageLoadStrategy: normal, platform: WINDOWS, platformName: WINDOWS, proxy: Proxy(), setWindowRect: true, strictFileInteractability: false, timeouts: {implicit: 0, pageLoad: 300000, script: 30000}, unhandledPromptBehavior: dismiss and notify, webauthn:extension:credBlob: true, webauthn:extension:largeBlob: true, webauthn:extension:minPinLength: true, webauthn:extension:prf: true, webauthn:virtualAuthenticators: true}
Session ID: 032c58e4d28356da58c6dc327d072c88
	at org.openqa.selenium.remote.http.W3CHttpResponseCodec.createException(W3CHttpResponseCodec.java:187)
	at org.openqa.selenium.remote.http.W3CHttpResponseCodec.decode(W3CHttpResponseCodec.java:122)
	at org.openqa.selenium.remote.http.W3CHttpResponseCodec.decode(W3CHttpResponseCodec.java:49)
	at org.openqa.selenium.remote.HttpCommandExecutor.execute(HttpCommandExecutor.java:158)
	at org.openqa.selenium.remote.service.DriverCommandExecutor.execute(DriverCommandExecutor.java:83)
	at org.openqa.selenium.remote.RemoteWebDriver.execute(RemoteWebDriver.java:552)
	at com.kms.katalon.selenium.driver.CChromeDriver.execute(CChromeDriver.java:19)
	at org.openqa.selenium.remote.RemoteWebDriver.executeScript(RemoteWebDriver.java:489)
	at org.openqa.selenium.support.events.EventFiringWebDriver.lambda$new$1(EventFiringWebDriver.java:105)
	at com.sun.proxy.$Proxy10.executeScript(Unknown Source)
	at org.openqa.selenium.support.events.EventFiringWebDriver.executeScript(EventFiringWebDriver.java:229)
	at com.thoughtworks.selenium.webdriven.ElementFinder.findElement(ElementFinder.java:91)
	at com.thoughtworks.selenium.webdriven.commands.SeleniumSelect.<init>(SeleniumSelect.java:48)
	at com.thoughtworks.selenium.webdriven.commands.SelectOption.handleSeleneseCommand(SelectOption.java:41)
	at com.thoughtworks.selenium.webdriven.commands.SelectOption.handleSeleneseCommand(SelectOption.java:26)
	at com.thoughtworks.selenium.webdriven.SeleneseCommand.apply(SeleneseCommand.java:39)
	at com.thoughtworks.selenium.webdriven.Timer.run(Timer.java:41)
	at com.thoughtworks.selenium.webdriven.WebDriverCommandProcessor.execute(WebDriverCommandProcessor.java:150)
	at com.thoughtworks.selenium.webdriven.WebDriverCommandProcessor.doCommand(WebDriverCommandProcessor.java:76)
	at com.thoughtworks.selenium.DefaultSelenium.select(DefaultSelenium.java:350)
	at com.thoughtworks.selenium.Selenium$select$0.call(Unknown Source)
	at Script1702501616253.run(Script1702501616253.groovy:111)
	... 16 more


2023-12-16 21:34:46 - [MESSAGE][ERROR] - Test Cases/IntegratedWeb/IWP23-SelIDE/SuccessfulCCReqFields FAILED.
Reason:
com.thoughtworks.selenium.SeleniumException: Element name=variableField4DropdownGroupItemID not found
	at com.thoughtworks.selenium.webdriven.ElementFinder.findElement(ElementFinder.java:93)
	at com.thoughtworks.selenium.webdriven.commands.SeleniumSelect.<init>(SeleniumSelect.java:48)
	at com.thoughtworks.selenium.webdriven.commands.SelectOption.handleSeleneseCommand(SelectOption.java:41)
	at com.thoughtworks.selenium.webdriven.commands.SelectOption.handleSeleneseCommand(SelectOption.java:26)
	at com.thoughtworks.selenium.webdriven.SeleneseCommand.apply(SeleneseCommand.java:39)
	at com.thoughtworks.selenium.webdriven.Timer.run(Timer.java:41)
	at com.thoughtworks.selenium.webdriven.WebDriverCommandProcessor.execute(WebDriverCommandProcessor.java:150)
	at com.thoughtworks.selenium.webdriven.WebDriverCommandProcessor.doCommand(WebDriverCommandProcessor.java:76)
	at com.thoughtworks.selenium.DefaultSelenium.select(DefaultSelenium.java:350)
	at com.thoughtworks.selenium.Selenium$select$0.call(Unknown Source)
	at SuccessfulCCReqFields.run(SuccessfulCCReqFields:111)
	at com.kms.katalon.core.main.ScriptEngine.run(ScriptEngine.java:194)
	at com.kms.katalon.core.main.ScriptEngine.runScriptAsRawText(ScriptEngine.java:119)
	at com.kms.katalon.core.main.TestCaseExecutor.runScript(TestCaseExecutor.java:448)
	at com.kms.katalon.core.main.TestCaseExecutor.doExecute(TestCaseExecutor.java:439)
	at com.kms.katalon.core.main.TestCaseExecutor.processExecutionPhase(TestCaseExecutor.java:418)
	at com.kms.katalon.core.main.TestCaseExecutor.accessMainPhase(TestCaseExecutor.java:410)
	at com.kms.katalon.core.main.TestCaseExecutor.execute(TestCaseExecutor.java:285)
	at com.kms.katalon.core.main.TestCaseExecutor.execute(TestCaseExecutor.java:369)
	at com.kms.katalon.core.main.TestCaseExecutor.execute(TestCaseExecutor.java:369)
	at com.kms.katalon.core.main.TestCaseExecutor.execute(TestCaseExecutor.java:369)
	at com.kms.katalon.core.common.CommonExecutor.accessTestCaseMainPhase(CommonExecutor.java:65)
	at com.kms.katalon.core.main.TestSuiteExecutor.accessTestSuiteMainPhase(TestSuiteExecutor.java:148)
	at com.kms.katalon.core.main.TestSuiteExecutor.execute(TestSuiteExecutor.java:106)
	at com.kms.katalon.core.main.TestCaseMain.startTestSuite(TestCaseMain.java:187)
	at com.kms.katalon.core.main.TestCaseMain$startTestSuite$0.call(Unknown Source)
	at TempTestSuite1702778440031.run(TempTestSuite1702778440031.groovy:36)
Caused by: org.openqa.selenium.JavascriptException: javascript error: Element name=variableField4DropdownGroupItemID not found
  (Session info: chrome=120.0.6099.109)
Build info: version: '3.141.59', revision: 'e82be7d358', time: '2018-11-14T08:25:53'
System info: host: 'DESKTOP-B2QI6NS', ip: '172.31.253.139', os.name: 'Windows 10', os.arch: 'amd64', os.version: '10.0', java.version: '1.8.0_181'
Driver info: com.kms.katalon.selenium.driver.CChromeDriver
Capabilities {acceptInsecureCerts: true, browserName: chrome, browserVersion: 120.0.6099.109, chrome: {chromedriverVersion: 119.0.6045.105 (38c72552c5e..., userDataDir: C:\Users\imtiaz\AppData\Loc...}, fedcm:accounts: true, goog:chromeOptions: {debuggerAddress: localhost:65229}, javascriptEnabled: true, networkConnectionEnabled: false, pageLoadStrategy: normal, platform: WINDOWS, platformName: WINDOWS, proxy: Proxy(), setWindowRect: true, strictFileInteractability: false, timeouts: {implicit: 0, pageLoad: 300000, script: 30000}, unhandledPromptBehavior: dismiss and notify, webauthn:extension:credBlob: true, webauthn:extension:largeBlob: true, webauthn:extension:minPinLength: true, webauthn:extension:prf: true, webauthn:virtualAuthenticators: true}
Session ID: 032c58e4d28356da58c6dc327d072c88
	at org.openqa.selenium.remote.http.W3CHttpResponseCodec.createException(W3CHttpResponseCodec.java:187)
	at org.openqa.selenium.remote.http.W3CHttpResponseCodec.decode(W3CHttpResponseCodec.java:122)
	at org.openqa.selenium.remote.http.W3CHttpResponseCodec.decode(W3CHttpResponseCodec.java:49)
	at org.openqa.selenium.remote.HttpCommandExecutor.execute(HttpCommandExecutor.java:158)
	at org.openqa.selenium.remote.service.DriverCommandExecutor.execute(DriverCommandExecutor.java:83)
	at org.openqa.selenium.remote.RemoteWebDriver.execute(RemoteWebDriver.java:552)
	at com.kms.katalon.selenium.driver.CChromeDriver.execute(CChromeDriver.java:19)
	at org.openqa.selenium.remote.RemoteWebDriver.executeScript(RemoteWebDriver.java:489)
	at org.openqa.selenium.support.events.EventFiringWebDriver.lambda$new$1(EventFiringWebDriver.java:105)
	at com.sun.proxy.$Proxy10.executeScript(Unknown Source)
	at org.openqa.selenium.support.events.EventFiringWebDriver.executeScript(EventFiringWebDriver.java:229)
	at com.thoughtworks.selenium.webdriven.ElementFinder.findElement(ElementFinder.java:91)
	at com.thoughtworks.selenium.webdriven.commands.SeleniumSelect.<init>(SeleniumSelect.java:48)
	at com.thoughtworks.selenium.webdriven.commands.SelectOption.handleSeleneseCommand(SelectOption.java:41)
	at com.thoughtworks.selenium.webdriven.commands.SelectOption.handleSeleneseCommand(SelectOption.java:26)
	at com.thoughtworks.selenium.webdriven.SeleneseCommand.apply(SeleneseCommand.java:39)
	at com.thoughtworks.selenium.webdriven.Timer.run(Timer.java:41)
	at com.thoughtworks.selenium.webdriven.WebDriverCommandProcessor.execute(WebDriverCommandProcessor.java:150)
	at com.thoughtworks.selenium.webdriven.WebDriverCommandProcessor.doCommand(WebDriverCommandProcessor.java:76)
	at com.thoughtworks.selenium.DefaultSelenium.select(DefaultSelenium.java:350)
	at com.thoughtworks.selenium.Selenium$select$0.call(Unknown Source)
	at Script1702501616253.run(Script1702501616253.groovy:111)
	... 16 more]]></system-out>
         <system-err><![CDATA[2023-12-16 21:34:34 - [TEST_CASE][ERROR] - Test Cases/IntegratedWeb/IWP23-SelIDE/SuccessfulCCReqFields: Test Cases/IntegratedWeb/IWP23-SelIDE/SuccessfulCCReqFields FAILED.
Reason:
com.thoughtworks.selenium.SeleniumException: Element name=variableField4DropdownGroupItemID not found
	at com.thoughtworks.selenium.webdriven.ElementFinder.findElement(ElementFinder.java:93)
	at com.thoughtworks.selenium.webdriven.commands.SeleniumSelect.<init>(SeleniumSelect.java:48)
	at com.thoughtworks.selenium.webdriven.commands.SelectOption.handleSeleneseCommand(SelectOption.java:41)
	at com.thoughtworks.selenium.webdriven.commands.SelectOption.handleSeleneseCommand(SelectOption.java:26)
	at com.thoughtworks.selenium.webdriven.SeleneseCommand.apply(SeleneseCommand.java:39)
	at com.thoughtworks.selenium.webdriven.Timer.run(Timer.java:41)
	at com.thoughtworks.selenium.webdriven.WebDriverCommandProcessor.execute(WebDriverCommandProcessor.java:150)
	at com.thoughtworks.selenium.webdriven.WebDriverCommandProcessor.doCommand(WebDriverCommandProcessor.java:76)
	at com.thoughtworks.selenium.DefaultSelenium.select(DefaultSelenium.java:350)
	at com.thoughtworks.selenium.Selenium$select$0.call(Unknown Source)
	at SuccessfulCCReqFields.run(SuccessfulCCReqFields:111)
	at com.kms.katalon.core.main.ScriptEngine.run(ScriptEngine.java:194)
	at com.kms.katalon.core.main.ScriptEngine.runScriptAsRawText(ScriptEngine.java:119)
	at com.kms.katalon.core.main.TestCaseExecutor.runScript(TestCaseExecutor.java:448)
	at com.kms.katalon.core.main.TestCaseExecutor.doExecute(TestCaseExecutor.java:439)
	at com.kms.katalon.core.main.TestCaseExecutor.processExecutionPhase(TestCaseExecutor.java:418)
	at com.kms.katalon.core.main.TestCaseExecutor.accessMainPhase(TestCaseExecutor.java:410)
	at com.kms.katalon.core.main.TestCaseExecutor.execute(TestCaseExecutor.java:285)
	at com.kms.katalon.core.main.TestCaseExecutor.execute(TestCaseExecutor.java:369)
	at com.kms.katalon.core.main.TestCaseExecutor.execute(TestCaseExecutor.java:369)
	at com.kms.katalon.core.main.TestCaseExecutor.execute(TestCaseExecutor.java:369)
	at com.kms.katalon.core.common.CommonExecutor.accessTestCaseMainPhase(CommonExecutor.java:65)
	at com.kms.katalon.core.main.TestSuiteExecutor.accessTestSuiteMainPhase(TestSuiteExecutor.java:148)
	at com.kms.katalon.core.main.TestSuiteExecutor.execute(TestSuiteExecutor.java:106)
	at com.kms.katalon.core.main.TestCaseMain.startTestSuite(TestCaseMain.java:187)
	at com.kms.katalon.core.main.TestCaseMain$startTestSuite$0.call(Unknown Source)
	at TempTestSuite1702778440031.run(TempTestSuite1702778440031.groovy:36)
Caused by: org.openqa.selenium.JavascriptException: javascript error: Element name=variableField4DropdownGroupItemID not found
  (Session info: chrome=120.0.6099.109)
Build info: version: '3.141.59', revision: 'e82be7d358', time: '2018-11-14T08:25:53'
System info: host: 'DESKTOP-B2QI6NS', ip: '172.31.253.139', os.name: 'Windows 10', os.arch: 'amd64', os.version: '10.0', java.version: '1.8.0_181'
Driver info: com.kms.katalon.selenium.driver.CChromeDriver
Capabilities {acceptInsecureCerts: true, browserName: chrome, browserVersion: 120.0.6099.109, chrome: {chromedriverVersion: 119.0.6045.105 (38c72552c5e..., userDataDir: C:\Users\imtiaz\AppData\Loc...}, fedcm:accounts: true, goog:chromeOptions: {debuggerAddress: localhost:65229}, javascriptEnabled: true, networkConnectionEnabled: false, pageLoadStrategy: normal, platform: WINDOWS, platformName: WINDOWS, proxy: Proxy(), setWindowRect: true, strictFileInteractability: false, timeouts: {implicit: 0, pageLoad: 300000, script: 30000}, unhandledPromptBehavior: dismiss and notify, webauthn:extension:credBlob: true, webauthn:extension:largeBlob: true, webauthn:extension:minPinLength: true, webauthn:extension:prf: true, webauthn:virtualAuthenticators: true}
Session ID: 032c58e4d28356da58c6dc327d072c88
	at org.openqa.selenium.remote.http.W3CHttpResponseCodec.createException(W3CHttpResponseCodec.java:187)
	at org.openqa.selenium.remote.http.W3CHttpResponseCodec.decode(W3CHttpResponseCodec.java:122)
	at org.openqa.selenium.remote.http.W3CHttpResponseCodec.decode(W3CHttpResponseCodec.java:49)
	at org.openqa.selenium.remote.HttpCommandExecutor.execute(HttpCommandExecutor.java:158)
	at org.openqa.selenium.remote.service.DriverCommandExecutor.execute(DriverCommandExecutor.java:83)
	at org.openqa.selenium.remote.RemoteWebDriver.execute(RemoteWebDriver.java:552)
	at com.kms.katalon.selenium.driver.CChromeDriver.execute(CChromeDriver.java:19)
	at org.openqa.selenium.remote.RemoteWebDriver.executeScript(RemoteWebDriver.java:489)
	at org.openqa.selenium.support.events.EventFiringWebDriver.lambda$new$1(EventFiringWebDriver.java:105)
	at com.sun.proxy.$Proxy10.executeScript(Unknown Source)
	at org.openqa.selenium.support.events.EventFiringWebDriver.executeScript(EventFiringWebDriver.java:229)
	at com.thoughtworks.selenium.webdriven.ElementFinder.findElement(ElementFinder.java:91)
	... 26 more]]></system-err>
      </testcase>
      <testcase name="Test Cases/IntegratedWeb/IWP23-SelIDE/SuccessfulPCAllFields" time="13.173" classname="Test Cases/IntegratedWeb/IWP23-SelIDE/SuccessfulPCAllFields" status="ERROR">
         <error type="ERROR" message="Test Cases/IntegratedWeb/IWP23-SelIDE/SuccessfulPCAllFields FAILED.
Reason:
com.thoughtworks.selenium.SeleniumException: Element name=variableField4DropdownGroupItemID not found
	at com.thoughtworks.selenium.webdriven.ElementFinder.findElement(ElementFinder.java:93)
	at com.thoughtworks.selenium.webdriven.commands.SeleniumSelect.&lt;init>(SeleniumSelect.java:48)
	at com.thoughtworks.selenium.webdriven.commands.SelectOption.handleSeleneseCommand(SelectOption.java:41)
	at com.thoughtworks.selenium.webdriven.commands.SelectOption.handleSeleneseCommand(SelectOption.java:26)
	at com.thoughtworks.selenium.webdriven.SeleneseCommand.apply(SeleneseCommand.java:39)
	at com.thoughtworks.selenium.webdriven.Timer.run(Timer.java:41)
	at com.thoughtworks.selenium.webdriven.WebDriverCommandProcessor.execute(WebDriverCommandProcessor.java:150)
	at com.thoughtworks.selenium.webdriven.WebDriverCommandProcessor.doCommand(WebDriverCommandProcessor.java:76)
	at com.thoughtworks.selenium.DefaultSelenium.select(DefaultSelenium.java:350)
	at com.thoughtworks.selenium.Selenium$select$0.call(Unknown Source)
	at SuccessfulPCAllFields.run(SuccessfulPCAllFields:110)
	at com.kms.katalon.core.main.ScriptEngine.run(ScriptEngine.java:194)
	at com.kms.katalon.core.main.ScriptEngine.runScriptAsRawText(ScriptEngine.java:119)
	at com.kms.katalon.core.main.TestCaseExecutor.runScript(TestCaseExecutor.java:448)
	at com.kms.katalon.core.main.TestCaseExecutor.doExecute(TestCaseExecutor.java:439)
	at com.kms.katalon.core.main.TestCaseExecutor.processExecutionPhase(TestCaseExecutor.java:418)
	at com.kms.katalon.core.main.TestCaseExecutor.accessMainPhase(TestCaseExecutor.java:410)
	at com.kms.katalon.core.main.TestCaseExecutor.execute(TestCaseExecutor.java:285)
	at com.kms.katalon.core.main.TestCaseExecutor.execute(TestCaseExecutor.java:369)
	at com.kms.katalon.core.main.TestCaseExecutor.execute(TestCaseExecutor.java:369)
	at com.kms.katalon.core.main.TestCaseExecutor.execute(TestCaseExecutor.java:369)
	at com.kms.katalon.core.common.CommonExecutor.accessTestCaseMainPhase(CommonExecutor.java:65)
	at com.kms.katalon.core.main.TestSuiteExecutor.accessTestSuiteMainPhase(TestSuiteExecutor.java:148)
	at com.kms.katalon.core.main.TestSuiteExecutor.execute(TestSuiteExecutor.java:106)
	at com.kms.katalon.core.main.TestCaseMain.startTestSuite(TestCaseMain.java:187)
	at com.kms.katalon.core.main.TestCaseMain$startTestSuite$0.call(Unknown Source)
	at TempTestSuite1702778440031.run(TempTestSuite1702778440031.groovy:36)
Caused by: org.openqa.selenium.JavascriptException: javascript error: Element name=variableField4DropdownGroupItemID not found
  (Session info: chrome=120.0.6099.109)
Build info: version: '3.141.59', revision: 'e82be7d358', time: '2018-11-14T08:25:53'
System info: host: 'DESKTOP-B2QI6NS', ip: '172.31.253.139', os.name: 'Windows 10', os.arch: 'amd64', os.version: '10.0', java.version: '1.8.0_181'
Driver info: com.kms.katalon.selenium.driver.CChromeDriver
Capabilities {acceptInsecureCerts: true, browserName: chrome, browserVersion: 120.0.6099.109, chrome: {chromedriverVersion: 119.0.6045.105 (38c72552c5e..., userDataDir: C:\Users\imtiaz\AppData\Loc...}, fedcm:accounts: true, goog:chromeOptions: {debuggerAddress: localhost:49327}, javascriptEnabled: true, networkConnectionEnabled: false, pageLoadStrategy: normal, platform: WINDOWS, platformName: WINDOWS, proxy: Proxy(), setWindowRect: true, strictFileInteractability: false, timeouts: {implicit: 0, pageLoad: 300000, script: 30000}, unhandledPromptBehavior: dismiss and notify, webauthn:extension:credBlob: true, webauthn:extension:largeBlob: true, webauthn:extension:minPinLength: true, webauthn:extension:prf: true, webauthn:virtualAuthenticators: true}
Session ID: f3e6d6348fa4688efd6ac429853eee6f
	at org.openqa.selenium.remote.http.W3CHttpResponseCodec.createException(W3CHttpResponseCodec.java:187)
	at org.openqa.selenium.remote.http.W3CHttpResponseCodec.decode(W3CHttpResponseCodec.java:122)
	at org.openqa.selenium.remote.http.W3CHttpResponseCodec.decode(W3CHttpResponseCodec.java:49)
	at org.openqa.selenium.remote.HttpCommandExecutor.execute(HttpCommandExecutor.java:158)
	at org.openqa.selenium.remote.service.DriverCommandExecutor.execute(DriverCommandExecutor.java:83)
	at org.openqa.selenium.remote.RemoteWebDriver.execute(RemoteWebDriver.java:552)
	at com.kms.katalon.selenium.driver.CChromeDriver.execute(CChromeDriver.java:19)
	at org.openqa.selenium.remote.RemoteWebDriver.executeScript(RemoteWebDriver.java:489)
	at org.openqa.selenium.support.events.EventFiringWebDriver.lambda$new$1(EventFiringWebDriver.java:105)
	at com.sun.proxy.$Proxy10.executeScript(Unknown Source)
	at org.openqa.selenium.support.events.EventFiringWebDriver.executeScript(EventFiringWebDriver.java:229)
	at com.thoughtworks.selenium.webdriven.ElementFinder.findElement(ElementFinder.java:91)
	... 26 more
"/>
         <system-out><![CDATA[2023-12-16 21:35:25 - [TEST_CASE][ERROR] - Test Cases/IntegratedWeb/IWP23-SelIDE/SuccessfulPCAllFields: Test Cases/IntegratedWeb/IWP23-SelIDE/SuccessfulPCAllFields FAILED.
Reason:
com.thoughtworks.selenium.SeleniumException: Element name=variableField4DropdownGroupItemID not found
	at com.thoughtworks.selenium.webdriven.ElementFinder.findElement(ElementFinder.java:93)
	at com.thoughtworks.selenium.webdriven.commands.SeleniumSelect.<init>(SeleniumSelect.java:48)
	at com.thoughtworks.selenium.webdriven.commands.SelectOption.handleSeleneseCommand(SelectOption.java:41)
	at com.thoughtworks.selenium.webdriven.commands.SelectOption.handleSeleneseCommand(SelectOption.java:26)
	at com.thoughtworks.selenium.webdriven.SeleneseCommand.apply(SeleneseCommand.java:39)
	at com.thoughtworks.selenium.webdriven.Timer.run(Timer.java:41)
	at com.thoughtworks.selenium.webdriven.WebDriverCommandProcessor.execute(WebDriverCommandProcessor.java:150)
	at com.thoughtworks.selenium.webdriven.WebDriverCommandProcessor.doCommand(WebDriverCommandProcessor.java:76)
	at com.thoughtworks.selenium.DefaultSelenium.select(DefaultSelenium.java:350)
	at com.thoughtworks.selenium.Selenium$select$0.call(Unknown Source)
	at SuccessfulPCAllFields.run(SuccessfulPCAllFields:110)
	at com.kms.katalon.core.main.ScriptEngine.run(ScriptEngine.java:194)
	at com.kms.katalon.core.main.ScriptEngine.runScriptAsRawText(ScriptEngine.java:119)
	at com.kms.katalon.core.main.TestCaseExecutor.runScript(TestCaseExecutor.java:448)
	at com.kms.katalon.core.main.TestCaseExecutor.doExecute(TestCaseExecutor.java:439)
	at com.kms.katalon.core.main.TestCaseExecutor.processExecutionPhase(TestCaseExecutor.java:418)
	at com.kms.katalon.core.main.TestCaseExecutor.accessMainPhase(TestCaseExecutor.java:410)
	at com.kms.katalon.core.main.TestCaseExecutor.execute(TestCaseExecutor.java:285)
	at com.kms.katalon.core.main.TestCaseExecutor.execute(TestCaseExecutor.java:369)
	at com.kms.katalon.core.main.TestCaseExecutor.execute(TestCaseExecutor.java:369)
	at com.kms.katalon.core.main.TestCaseExecutor.execute(TestCaseExecutor.java:369)
	at com.kms.katalon.core.common.CommonExecutor.accessTestCaseMainPhase(CommonExecutor.java:65)
	at com.kms.katalon.core.main.TestSuiteExecutor.accessTestSuiteMainPhase(TestSuiteExecutor.java:148)
	at com.kms.katalon.core.main.TestSuiteExecutor.execute(TestSuiteExecutor.java:106)
	at com.kms.katalon.core.main.TestCaseMain.startTestSuite(TestCaseMain.java:187)
	at com.kms.katalon.core.main.TestCaseMain$startTestSuite$0.call(Unknown Source)
	at TempTestSuite1702778440031.run(TempTestSuite1702778440031.groovy:36)
Caused by: org.openqa.selenium.JavascriptException: javascript error: Element name=variableField4DropdownGroupItemID not found
  (Session info: chrome=120.0.6099.109)
Build info: version: '3.141.59', revision: 'e82be7d358', time: '2018-11-14T08:25:53'
System info: host: 'DESKTOP-B2QI6NS', ip: '172.31.253.139', os.name: 'Windows 10', os.arch: 'amd64', os.version: '10.0', java.version: '1.8.0_181'
Driver info: com.kms.katalon.selenium.driver.CChromeDriver
Capabilities {acceptInsecureCerts: true, browserName: chrome, browserVersion: 120.0.6099.109, chrome: {chromedriverVersion: 119.0.6045.105 (38c72552c5e..., userDataDir: C:\Users\imtiaz\AppData\Loc...}, fedcm:accounts: true, goog:chromeOptions: {debuggerAddress: localhost:49327}, javascriptEnabled: true, networkConnectionEnabled: false, pageLoadStrategy: normal, platform: WINDOWS, platformName: WINDOWS, proxy: Proxy(), setWindowRect: true, strictFileInteractability: false, timeouts: {implicit: 0, pageLoad: 300000, script: 30000}, unhandledPromptBehavior: dismiss and notify, webauthn:extension:credBlob: true, webauthn:extension:largeBlob: true, webauthn:extension:minPinLength: true, webauthn:extension:prf: true, webauthn:virtualAuthenticators: true}
Session ID: f3e6d6348fa4688efd6ac429853eee6f
	at org.openqa.selenium.remote.http.W3CHttpResponseCodec.createException(W3CHttpResponseCodec.java:187)
	at org.openqa.selenium.remote.http.W3CHttpResponseCodec.decode(W3CHttpResponseCodec.java:122)
	at org.openqa.selenium.remote.http.W3CHttpResponseCodec.decode(W3CHttpResponseCodec.java:49)
	at org.openqa.selenium.remote.HttpCommandExecutor.execute(HttpCommandExecutor.java:158)
	at org.openqa.selenium.remote.service.DriverCommandExecutor.execute(DriverCommandExecutor.java:83)
	at org.openqa.selenium.remote.RemoteWebDriver.execute(RemoteWebDriver.java:552)
	at com.kms.katalon.selenium.driver.CChromeDriver.execute(CChromeDriver.java:19)
	at org.openqa.selenium.remote.RemoteWebDriver.executeScript(RemoteWebDriver.java:489)
	at org.openqa.selenium.support.events.EventFiringWebDriver.lambda$new$1(EventFiringWebDriver.java:105)
	at com.sun.proxy.$Proxy10.executeScript(Unknown Source)
	at org.openqa.selenium.support.events.EventFiringWebDriver.executeScript(EventFiringWebDriver.java:229)
	at com.thoughtworks.selenium.webdriven.ElementFinder.findElement(ElementFinder.java:91)
	... 26 more


2023-12-16 21:35:25 - [TEST_STEP][PASSED] - softAssertion = new org.testng.asserts.SoftAssert(): null

2023-12-16 21:35:25 - [TEST_STEP][PASSED] - openBrowser("https://www.google.com/"): Browser is opened with url: 'https://www.google.com/'

2023-12-16 21:35:25 - [MESSAGE][WARNING] - A browser is already opened. Closing browser and opening a new one

2023-12-16 21:35:26 - [MESSAGE][INFO] - Starting 'Chrome' driver

2023-12-16 21:35:26 - [MESSAGE][INFO] - User set preference: ['acceptInsecureCerts', 'true']

2023-12-16 21:35:26 - [MESSAGE][INFO] - Action delay is set to 0 milliseconds

2023-12-16 21:35:29 - [MESSAGE][PASSED] - Browser is opened with url: 'https://www.google.com/'

2023-12-16 21:35:29 - [TEST_STEP][PASSED] - driver = getWebDriver(): null

2023-12-16 21:35:29 - [TEST_STEP][PASSED] - baseUrl = "https://www.google.com/": null

2023-12-16 21:35:29 - [TEST_STEP][PASSED] - selenium = new com.thoughtworks.selenium.webdriven.WebDriverBackedSelenium(driver, baseUrl): null

2023-12-16 21:35:29 - [TEST_STEP][PASSED] - println("Begin Test: SuccessfulPCAllFields"): null

2023-12-16 21:35:29 - [TEST_STEP][PASSED] - emulatorURL = urlEmulator: null

2023-12-16 21:35:29 - [TEST_STEP][PASSED] - selenium.open(emulatorURL): null

2023-12-16 21:35:29 - [TEST_STEP][PASSED] - selenium.selectWindow("null"): null

2023-12-16 21:35:29 - [TEST_STEP][PASSED] - selenium.select("name=message_version", "label=2.3"): null

2023-12-16 21:35:30 - [TEST_STEP][PASSED] - selenium.waitForPageToLoad("30000"): null

2023-12-16 21:35:30 - [TEST_STEP][PASSED] - selenium.type("name=amount", 00".toString()): null

2023-12-16 21:35:30 - [TEST_STEP][PASSED] - selenium.type("name=client_account_number", "CAN12345"): null

2023-12-16 21:35:30 - [TEST_STEP][PASSED] - selenium.type("name=action_type", "PayNow"): null

2023-12-16 21:35:30 - [TEST_STEP][PASSED] - selenium.type("name=language", "en_US"): null

2023-12-16 21:35:31 - [TEST_STEP][PASSED] - selenium.type("name=billing_firstname", "Mandy"): null

2023-12-16 21:35:31 - [TEST_STEP][PASSED] - selenium.type("name=billing_lastname", "Iguera"): null

2023-12-16 21:35:31 - [TEST_STEP][PASSED] - selenium.type("name=billing_address", "56 World Center Drive".toString()): null

2023-12-16 21:35:31 - [TEST_STEP][PASSED] - selenium.type("name=billing_address2", "Suite 600".toString()): null

2023-12-16 21:35:31 - [TEST_STEP][PASSED] - selenium.type("name=billing_country_id", "840"): null

2023-12-16 21:35:31 - [TEST_STEP][PASSED] - selenium.type("name=billing_city", "Orlando"): null

2023-12-16 21:35:31 - [TEST_STEP][PASSED] - selenium.type("name=billing_state", "NH"): null

2023-12-16 21:35:31 - [TEST_STEP][PASSED] - selenium.type("name=billing_zip", "03106"): null

2023-12-16 21:35:31 - [TEST_STEP][PASSED] - selenium.type("name=order_number", "PPPPOOOO"): null

2023-12-16 21:35:31 - [TEST_STEP][PASSED] - selenium.type("name=user_defined1", "udf1"): null

2023-12-16 21:35:31 - [TEST_STEP][PASSED] - selenium.type("name=user_defined2", "udf2"): null

2023-12-16 21:35:31 - [TEST_STEP][PASSED] - selenium.type("name=user_defined3", "udf3"): null

2023-12-16 21:35:31 - [TEST_STEP][PASSED] - selenium.type("name=user_defined4", "Orange Label".toString()): null

2023-12-16 21:35:31 - [TEST_STEP][PASSED] - selenium.type("name=user_defined5", "Soccer Label".toString()): null

2023-12-16 21:35:31 - [TEST_STEP][PASSED] - selenium.click("name=submit"): null

2023-12-16 21:35:31 - [TEST_STEP][PASSED] - selenium.waitForPageToLoad("30000"): null

2023-12-16 21:35:32 - [TEST_STEP][PASSED] - Thread.sleep(2000): null

2023-12-16 21:35:34 - [TEST_STEP][PASSED] - testHarnessURL = urlTestHarness: null

2023-12-16 21:35:34 - [TEST_STEP][PASSED] - selenium.open(testHarnessURL): null

2023-12-16 21:35:34 - [TEST_STEP][PASSED] - selenium.type("name=application_id", "635"): null

2023-12-16 21:35:34 - [TEST_STEP][PASSED] - selenium.type("name=message_version", 3".toString()): null

2023-12-16 21:35:34 - [TEST_STEP][PASSED] - genRemIDVoid = RandomStringUtils.random(12, true, true): null

2023-12-16 21:35:34 - [TEST_STEP][PASSED] - selenium.type("name=remittance_id", genRemIDVoid): null

2023-12-16 21:35:35 - [TEST_STEP][PASSED] - selenium.click("css=input.formSubmit"): null

2023-12-16 21:35:36 - [TEST_STEP][PASSED] - selenium.waitForPageToLoad("30000"): null

2023-12-16 21:35:36 - [TEST_STEP][PASSED] - selenium.click("xpath=(//input[@name='paymentMethod'])[2]"): null

2023-12-16 21:35:36 - [TEST_STEP][PASSED] - selenium.click("css=input[type="submit"]"): null

2023-12-16 21:35:37 - [TEST_STEP][PASSED] - selenium.waitForPageToLoad("30000"): null

2023-12-16 21:35:38 - [TEST_STEP][PASSED] - selenium.type("name=amount", 50".toString()): null

2023-12-16 21:35:38 - [TEST_STEP][PASSED] - selenium.type("name=userDefined2", "udf2 data".toString()): null

2023-12-16 21:35:38 - [TEST_STEP][PASSED] - selenium.type("name=userDefined3", "udf3 data".toString()): null

2023-12-16 21:35:38 - [TEST_STEP][ERROR] - selenium.select("name=variableField4DropdownGroupItemID", "label=Purple"): Test Cases/IntegratedWeb/IWP23-SelIDE/SuccessfulPCAllFields FAILED.
Reason:
com.thoughtworks.selenium.SeleniumException: Element name=variableField4DropdownGroupItemID not found
	at com.thoughtworks.selenium.webdriven.ElementFinder.findElement(ElementFinder.java:93)
	at com.thoughtworks.selenium.webdriven.commands.SeleniumSelect.<init>(SeleniumSelect.java:48)
	at com.thoughtworks.selenium.webdriven.commands.SelectOption.handleSeleneseCommand(SelectOption.java:41)
	at com.thoughtworks.selenium.webdriven.commands.SelectOption.handleSeleneseCommand(SelectOption.java:26)
	at com.thoughtworks.selenium.webdriven.SeleneseCommand.apply(SeleneseCommand.java:39)
	at com.thoughtworks.selenium.webdriven.Timer.run(Timer.java:41)
	at com.thoughtworks.selenium.webdriven.WebDriverCommandProcessor.execute(WebDriverCommandProcessor.java:150)
	at com.thoughtworks.selenium.webdriven.WebDriverCommandProcessor.doCommand(WebDriverCommandProcessor.java:76)
	at com.thoughtworks.selenium.DefaultSelenium.select(DefaultSelenium.java:350)
	at com.thoughtworks.selenium.Selenium$select$0.call(Unknown Source)
	at SuccessfulPCAllFields.run(SuccessfulPCAllFields:110)
	at com.kms.katalon.core.main.ScriptEngine.run(ScriptEngine.java:194)
	at com.kms.katalon.core.main.ScriptEngine.runScriptAsRawText(ScriptEngine.java:119)
	at com.kms.katalon.core.main.TestCaseExecutor.runScript(TestCaseExecutor.java:448)
	at com.kms.katalon.core.main.TestCaseExecutor.doExecute(TestCaseExecutor.java:439)
	at com.kms.katalon.core.main.TestCaseExecutor.processExecutionPhase(TestCaseExecutor.java:418)
	at com.kms.katalon.core.main.TestCaseExecutor.accessMainPhase(TestCaseExecutor.java:410)
	at com.kms.katalon.core.main.TestCaseExecutor.execute(TestCaseExecutor.java:285)
	at com.kms.katalon.core.main.TestCaseExecutor.execute(TestCaseExecutor.java:369)
	at com.kms.katalon.core.main.TestCaseExecutor.execute(TestCaseExecutor.java:369)
	at com.kms.katalon.core.main.TestCaseExecutor.execute(TestCaseExecutor.java:369)
	at com.kms.katalon.core.common.CommonExecutor.accessTestCaseMainPhase(CommonExecutor.java:65)
	at com.kms.katalon.core.main.TestSuiteExecutor.accessTestSuiteMainPhase(TestSuiteExecutor.java:148)
	at com.kms.katalon.core.main.TestSuiteExecutor.execute(TestSuiteExecutor.java:106)
	at com.kms.katalon.core.main.TestCaseMain.startTestSuite(TestCaseMain.java:187)
	at com.kms.katalon.core.main.TestCaseMain$startTestSuite$0.call(Unknown Source)
	at TempTestSuite1702778440031.run(TempTestSuite1702778440031.groovy:36)
Caused by: org.openqa.selenium.JavascriptException: javascript error: Element name=variableField4DropdownGroupItemID not found
  (Session info: chrome=120.0.6099.109)
Build info: version: '3.141.59', revision: 'e82be7d358', time: '2018-11-14T08:25:53'
System info: host: 'DESKTOP-B2QI6NS', ip: '172.31.253.139', os.name: 'Windows 10', os.arch: 'amd64', os.version: '10.0', java.version: '1.8.0_181'
Driver info: com.kms.katalon.selenium.driver.CChromeDriver
Capabilities {acceptInsecureCerts: true, browserName: chrome, browserVersion: 120.0.6099.109, chrome: {chromedriverVersion: 119.0.6045.105 (38c72552c5e..., userDataDir: C:\Users\imtiaz\AppData\Loc...}, fedcm:accounts: true, goog:chromeOptions: {debuggerAddress: localhost:49327}, javascriptEnabled: true, networkConnectionEnabled: false, pageLoadStrategy: normal, platform: WINDOWS, platformName: WINDOWS, proxy: Proxy(), setWindowRect: true, strictFileInteractability: false, timeouts: {implicit: 0, pageLoad: 300000, script: 30000}, unhandledPromptBehavior: dismiss and notify, webauthn:extension:credBlob: true, webauthn:extension:largeBlob: true, webauthn:extension:minPinLength: true, webauthn:extension:prf: true, webauthn:virtualAuthenticators: true}
Session ID: f3e6d6348fa4688efd6ac429853eee6f
	at org.openqa.selenium.remote.http.W3CHttpResponseCodec.createException(W3CHttpResponseCodec.java:187)
	at org.openqa.selenium.remote.http.W3CHttpResponseCodec.decode(W3CHttpResponseCodec.java:122)
	at org.openqa.selenium.remote.http.W3CHttpResponseCodec.decode(W3CHttpResponseCodec.java:49)
	at org.openqa.selenium.remote.HttpCommandExecutor.execute(HttpCommandExecutor.java:158)
	at org.openqa.selenium.remote.service.DriverCommandExecutor.execute(DriverCommandExecutor.java:83)
	at org.openqa.selenium.remote.RemoteWebDriver.execute(RemoteWebDriver.java:552)
	at com.kms.katalon.selenium.driver.CChromeDriver.execute(CChromeDriver.java:19)
	at org.openqa.selenium.remote.RemoteWebDriver.executeScript(RemoteWebDriver.java:489)
	at org.openqa.selenium.support.events.EventFiringWebDriver.lambda$new$1(EventFiringWebDriver.java:105)
	at com.sun.proxy.$Proxy10.executeScript(Unknown Source)
	at org.openqa.selenium.support.events.EventFiringWebDriver.executeScript(EventFiringWebDriver.java:229)
	at com.thoughtworks.selenium.webdriven.ElementFinder.findElement(ElementFinder.java:91)
	at com.thoughtworks.selenium.webdriven.commands.SeleniumSelect.<init>(SeleniumSelect.java:48)
	at com.thoughtworks.selenium.webdriven.commands.SelectOption.handleSeleneseCommand(SelectOption.java:41)
	at com.thoughtworks.selenium.webdriven.commands.SelectOption.handleSeleneseCommand(SelectOption.java:26)
	at com.thoughtworks.selenium.webdriven.SeleneseCommand.apply(SeleneseCommand.java:39)
	at com.thoughtworks.selenium.webdriven.Timer.run(Timer.java:41)
	at com.thoughtworks.selenium.webdriven.WebDriverCommandProcessor.execute(WebDriverCommandProcessor.java:150)
	at com.thoughtworks.selenium.webdriven.WebDriverCommandProcessor.doCommand(WebDriverCommandProcessor.java:76)
	at com.thoughtworks.selenium.DefaultSelenium.select(DefaultSelenium.java:350)
	at com.thoughtworks.selenium.Selenium$select$0.call(Unknown Source)
	at Script1702501638035.run(Script1702501638035.groovy:110)
	... 16 more


2023-12-16 21:35:38 - [MESSAGE][ERROR] - Test Cases/IntegratedWeb/IWP23-SelIDE/SuccessfulPCAllFields FAILED.
Reason:
com.thoughtworks.selenium.SeleniumException: Element name=variableField4DropdownGroupItemID not found
	at com.thoughtworks.selenium.webdriven.ElementFinder.findElement(ElementFinder.java:93)
	at com.thoughtworks.selenium.webdriven.commands.SeleniumSelect.<init>(SeleniumSelect.java:48)
	at com.thoughtworks.selenium.webdriven.commands.SelectOption.handleSeleneseCommand(SelectOption.java:41)
	at com.thoughtworks.selenium.webdriven.commands.SelectOption.handleSeleneseCommand(SelectOption.java:26)
	at com.thoughtworks.selenium.webdriven.SeleneseCommand.apply(SeleneseCommand.java:39)
	at com.thoughtworks.selenium.webdriven.Timer.run(Timer.java:41)
	at com.thoughtworks.selenium.webdriven.WebDriverCommandProcessor.execute(WebDriverCommandProcessor.java:150)
	at com.thoughtworks.selenium.webdriven.WebDriverCommandProcessor.doCommand(WebDriverCommandProcessor.java:76)
	at com.thoughtworks.selenium.DefaultSelenium.select(DefaultSelenium.java:350)
	at com.thoughtworks.selenium.Selenium$select$0.call(Unknown Source)
	at SuccessfulPCAllFields.run(SuccessfulPCAllFields:110)
	at com.kms.katalon.core.main.ScriptEngine.run(ScriptEngine.java:194)
	at com.kms.katalon.core.main.ScriptEngine.runScriptAsRawText(ScriptEngine.java:119)
	at com.kms.katalon.core.main.TestCaseExecutor.runScript(TestCaseExecutor.java:448)
	at com.kms.katalon.core.main.TestCaseExecutor.doExecute(TestCaseExecutor.java:439)
	at com.kms.katalon.core.main.TestCaseExecutor.processExecutionPhase(TestCaseExecutor.java:418)
	at com.kms.katalon.core.main.TestCaseExecutor.accessMainPhase(TestCaseExecutor.java:410)
	at com.kms.katalon.core.main.TestCaseExecutor.execute(TestCaseExecutor.java:285)
	at com.kms.katalon.core.main.TestCaseExecutor.execute(TestCaseExecutor.java:369)
	at com.kms.katalon.core.main.TestCaseExecutor.execute(TestCaseExecutor.java:369)
	at com.kms.katalon.core.main.TestCaseExecutor.execute(TestCaseExecutor.java:369)
	at com.kms.katalon.core.common.CommonExecutor.accessTestCaseMainPhase(CommonExecutor.java:65)
	at com.kms.katalon.core.main.TestSuiteExecutor.accessTestSuiteMainPhase(TestSuiteExecutor.java:148)
	at com.kms.katalon.core.main.TestSuiteExecutor.execute(TestSuiteExecutor.java:106)
	at com.kms.katalon.core.main.TestCaseMain.startTestSuite(TestCaseMain.java:187)
	at com.kms.katalon.core.main.TestCaseMain$startTestSuite$0.call(Unknown Source)
	at TempTestSuite1702778440031.run(TempTestSuite1702778440031.groovy:36)
Caused by: org.openqa.selenium.JavascriptException: javascript error: Element name=variableField4DropdownGroupItemID not found
  (Session info: chrome=120.0.6099.109)
Build info: version: '3.141.59', revision: 'e82be7d358', time: '2018-11-14T08:25:53'
System info: host: 'DESKTOP-B2QI6NS', ip: '172.31.253.139', os.name: 'Windows 10', os.arch: 'amd64', os.version: '10.0', java.version: '1.8.0_181'
Driver info: com.kms.katalon.selenium.driver.CChromeDriver
Capabilities {acceptInsecureCerts: true, browserName: chrome, browserVersion: 120.0.6099.109, chrome: {chromedriverVersion: 119.0.6045.105 (38c72552c5e..., userDataDir: C:\Users\imtiaz\AppData\Loc...}, fedcm:accounts: true, goog:chromeOptions: {debuggerAddress: localhost:49327}, javascriptEnabled: true, networkConnectionEnabled: false, pageLoadStrategy: normal, platform: WINDOWS, platformName: WINDOWS, proxy: Proxy(), setWindowRect: true, strictFileInteractability: false, timeouts: {implicit: 0, pageLoad: 300000, script: 30000}, unhandledPromptBehavior: dismiss and notify, webauthn:extension:credBlob: true, webauthn:extension:largeBlob: true, webauthn:extension:minPinLength: true, webauthn:extension:prf: true, webauthn:virtualAuthenticators: true}
Session ID: f3e6d6348fa4688efd6ac429853eee6f
	at org.openqa.selenium.remote.http.W3CHttpResponseCodec.createException(W3CHttpResponseCodec.java:187)
	at org.openqa.selenium.remote.http.W3CHttpResponseCodec.decode(W3CHttpResponseCodec.java:122)
	at org.openqa.selenium.remote.http.W3CHttpResponseCodec.decode(W3CHttpResponseCodec.java:49)
	at org.openqa.selenium.remote.HttpCommandExecutor.execute(HttpCommandExecutor.java:158)
	at org.openqa.selenium.remote.service.DriverCommandExecutor.execute(DriverCommandExecutor.java:83)
	at org.openqa.selenium.remote.RemoteWebDriver.execute(RemoteWebDriver.java:552)
	at com.kms.katalon.selenium.driver.CChromeDriver.execute(CChromeDriver.java:19)
	at org.openqa.selenium.remote.RemoteWebDriver.executeScript(RemoteWebDriver.java:489)
	at org.openqa.selenium.support.events.EventFiringWebDriver.lambda$new$1(EventFiringWebDriver.java:105)
	at com.sun.proxy.$Proxy10.executeScript(Unknown Source)
	at org.openqa.selenium.support.events.EventFiringWebDriver.executeScript(EventFiringWebDriver.java:229)
	at com.thoughtworks.selenium.webdriven.ElementFinder.findElement(ElementFinder.java:91)
	at com.thoughtworks.selenium.webdriven.commands.SeleniumSelect.<init>(SeleniumSelect.java:48)
	at com.thoughtworks.selenium.webdriven.commands.SelectOption.handleSeleneseCommand(SelectOption.java:41)
	at com.thoughtworks.selenium.webdriven.commands.SelectOption.handleSeleneseCommand(SelectOption.java:26)
	at com.thoughtworks.selenium.webdriven.SeleneseCommand.apply(SeleneseCommand.java:39)
	at com.thoughtworks.selenium.webdriven.Timer.run(Timer.java:41)
	at com.thoughtworks.selenium.webdriven.WebDriverCommandProcessor.execute(WebDriverCommandProcessor.java:150)
	at com.thoughtworks.selenium.webdriven.WebDriverCommandProcessor.doCommand(WebDriverCommandProcessor.java:76)
	at com.thoughtworks.selenium.DefaultSelenium.select(DefaultSelenium.java:350)
	at com.thoughtworks.selenium.Selenium$select$0.call(Unknown Source)
	at Script1702501638035.run(Script1702501638035.groovy:110)
	... 16 more]]></system-out>
         <system-err><![CDATA[2023-12-16 21:35:25 - [TEST_CASE][ERROR] - Test Cases/IntegratedWeb/IWP23-SelIDE/SuccessfulPCAllFields: Test Cases/IntegratedWeb/IWP23-SelIDE/SuccessfulPCAllFields FAILED.
Reason:
com.thoughtworks.selenium.SeleniumException: Element name=variableField4DropdownGroupItemID not found
	at com.thoughtworks.selenium.webdriven.ElementFinder.findElement(ElementFinder.java:93)
	at com.thoughtworks.selenium.webdriven.commands.SeleniumSelect.<init>(SeleniumSelect.java:48)
	at com.thoughtworks.selenium.webdriven.commands.SelectOption.handleSeleneseCommand(SelectOption.java:41)
	at com.thoughtworks.selenium.webdriven.commands.SelectOption.handleSeleneseCommand(SelectOption.java:26)
	at com.thoughtworks.selenium.webdriven.SeleneseCommand.apply(SeleneseCommand.java:39)
	at com.thoughtworks.selenium.webdriven.Timer.run(Timer.java:41)
	at com.thoughtworks.selenium.webdriven.WebDriverCommandProcessor.execute(WebDriverCommandProcessor.java:150)
	at com.thoughtworks.selenium.webdriven.WebDriverCommandProcessor.doCommand(WebDriverCommandProcessor.java:76)
	at com.thoughtworks.selenium.DefaultSelenium.select(DefaultSelenium.java:350)
	at com.thoughtworks.selenium.Selenium$select$0.call(Unknown Source)
	at SuccessfulPCAllFields.run(SuccessfulPCAllFields:110)
	at com.kms.katalon.core.main.ScriptEngine.run(ScriptEngine.java:194)
	at com.kms.katalon.core.main.ScriptEngine.runScriptAsRawText(ScriptEngine.java:119)
	at com.kms.katalon.core.main.TestCaseExecutor.runScript(TestCaseExecutor.java:448)
	at com.kms.katalon.core.main.TestCaseExecutor.doExecute(TestCaseExecutor.java:439)
	at com.kms.katalon.core.main.TestCaseExecutor.processExecutionPhase(TestCaseExecutor.java:418)
	at com.kms.katalon.core.main.TestCaseExecutor.accessMainPhase(TestCaseExecutor.java:410)
	at com.kms.katalon.core.main.TestCaseExecutor.execute(TestCaseExecutor.java:285)
	at com.kms.katalon.core.main.TestCaseExecutor.execute(TestCaseExecutor.java:369)
	at com.kms.katalon.core.main.TestCaseExecutor.execute(TestCaseExecutor.java:369)
	at com.kms.katalon.core.main.TestCaseExecutor.execute(TestCaseExecutor.java:369)
	at com.kms.katalon.core.common.CommonExecutor.accessTestCaseMainPhase(CommonExecutor.java:65)
	at com.kms.katalon.core.main.TestSuiteExecutor.accessTestSuiteMainPhase(TestSuiteExecutor.java:148)
	at com.kms.katalon.core.main.TestSuiteExecutor.execute(TestSuiteExecutor.java:106)
	at com.kms.katalon.core.main.TestCaseMain.startTestSuite(TestCaseMain.java:187)
	at com.kms.katalon.core.main.TestCaseMain$startTestSuite$0.call(Unknown Source)
	at TempTestSuite1702778440031.run(TempTestSuite1702778440031.groovy:36)
Caused by: org.openqa.selenium.JavascriptException: javascript error: Element name=variableField4DropdownGroupItemID not found
  (Session info: chrome=120.0.6099.109)
Build info: version: '3.141.59', revision: 'e82be7d358', time: '2018-11-14T08:25:53'
System info: host: 'DESKTOP-B2QI6NS', ip: '172.31.253.139', os.name: 'Windows 10', os.arch: 'amd64', os.version: '10.0', java.version: '1.8.0_181'
Driver info: com.kms.katalon.selenium.driver.CChromeDriver
Capabilities {acceptInsecureCerts: true, browserName: chrome, browserVersion: 120.0.6099.109, chrome: {chromedriverVersion: 119.0.6045.105 (38c72552c5e..., userDataDir: C:\Users\imtiaz\AppData\Loc...}, fedcm:accounts: true, goog:chromeOptions: {debuggerAddress: localhost:49327}, javascriptEnabled: true, networkConnectionEnabled: false, pageLoadStrategy: normal, platform: WINDOWS, platformName: WINDOWS, proxy: Proxy(), setWindowRect: true, strictFileInteractability: false, timeouts: {implicit: 0, pageLoad: 300000, script: 30000}, unhandledPromptBehavior: dismiss and notify, webauthn:extension:credBlob: true, webauthn:extension:largeBlob: true, webauthn:extension:minPinLength: true, webauthn:extension:prf: true, webauthn:virtualAuthenticators: true}
Session ID: f3e6d6348fa4688efd6ac429853eee6f
	at org.openqa.selenium.remote.http.W3CHttpResponseCodec.createException(W3CHttpResponseCodec.java:187)
	at org.openqa.selenium.remote.http.W3CHttpResponseCodec.decode(W3CHttpResponseCodec.java:122)
	at org.openqa.selenium.remote.http.W3CHttpResponseCodec.decode(W3CHttpResponseCodec.java:49)
	at org.openqa.selenium.remote.HttpCommandExecutor.execute(HttpCommandExecutor.java:158)
	at org.openqa.selenium.remote.service.DriverCommandExecutor.execute(DriverCommandExecutor.java:83)
	at org.openqa.selenium.remote.RemoteWebDriver.execute(RemoteWebDriver.java:552)
	at com.kms.katalon.selenium.driver.CChromeDriver.execute(CChromeDriver.java:19)
	at org.openqa.selenium.remote.RemoteWebDriver.executeScript(RemoteWebDriver.java:489)
	at org.openqa.selenium.support.events.EventFiringWebDriver.lambda$new$1(EventFiringWebDriver.java:105)
	at com.sun.proxy.$Proxy10.executeScript(Unknown Source)
	at org.openqa.selenium.support.events.EventFiringWebDriver.executeScript(EventFiringWebDriver.java:229)
	at com.thoughtworks.selenium.webdriven.ElementFinder.findElement(ElementFinder.java:91)
	... 26 more]]></system-err>
      </testcase>
      <testcase name="Test Cases/IntegratedWeb/IWP23-SelIDE/SuccessfulPCReqFields" time="12.611" classname="Test Cases/IntegratedWeb/IWP23-SelIDE/SuccessfulPCReqFields" status="ERROR">
         <error type="ERROR" message="Test Cases/IntegratedWeb/IWP23-SelIDE/SuccessfulPCReqFields FAILED.
Reason:
com.thoughtworks.selenium.SeleniumException: Element name=variableField4DropdownGroupItemID not found
	at com.thoughtworks.selenium.webdriven.ElementFinder.findElement(ElementFinder.java:93)
	at com.thoughtworks.selenium.webdriven.commands.SeleniumSelect.&lt;init>(SeleniumSelect.java:48)
	at com.thoughtworks.selenium.webdriven.commands.SelectOption.handleSeleneseCommand(SelectOption.java:41)
	at com.thoughtworks.selenium.webdriven.commands.SelectOption.handleSeleneseCommand(SelectOption.java:26)
	at com.thoughtworks.selenium.webdriven.SeleneseCommand.apply(SeleneseCommand.java:39)
	at com.thoughtworks.selenium.webdriven.Timer.run(Timer.java:41)
	at com.thoughtworks.selenium.webdriven.WebDriverCommandProcessor.execute(WebDriverCommandProcessor.java:150)
	at com.thoughtworks.selenium.webdriven.WebDriverCommandProcessor.doCommand(WebDriverCommandProcessor.java:76)
	at com.thoughtworks.selenium.DefaultSelenium.select(DefaultSelenium.java:350)
	at com.thoughtworks.selenium.Selenium$select$0.call(Unknown Source)
	at SuccessfulPCReqFields.run(SuccessfulPCReqFields:110)
	at com.kms.katalon.core.main.ScriptEngine.run(ScriptEngine.java:194)
	at com.kms.katalon.core.main.ScriptEngine.runScriptAsRawText(ScriptEngine.java:119)
	at com.kms.katalon.core.main.TestCaseExecutor.runScript(TestCaseExecutor.java:448)
	at com.kms.katalon.core.main.TestCaseExecutor.doExecute(TestCaseExecutor.java:439)
	at com.kms.katalon.core.main.TestCaseExecutor.processExecutionPhase(TestCaseExecutor.java:418)
	at com.kms.katalon.core.main.TestCaseExecutor.accessMainPhase(TestCaseExecutor.java:410)
	at com.kms.katalon.core.main.TestCaseExecutor.execute(TestCaseExecutor.java:285)
	at com.kms.katalon.core.main.TestCaseExecutor.execute(TestCaseExecutor.java:369)
	at com.kms.katalon.core.main.TestCaseExecutor.execute(TestCaseExecutor.java:369)
	at com.kms.katalon.core.main.TestCaseExecutor.execute(TestCaseExecutor.java:369)
	at com.kms.katalon.core.common.CommonExecutor.accessTestCaseMainPhase(CommonExecutor.java:65)
	at com.kms.katalon.core.main.TestSuiteExecutor.accessTestSuiteMainPhase(TestSuiteExecutor.java:148)
	at com.kms.katalon.core.main.TestSuiteExecutor.execute(TestSuiteExecutor.java:106)
	at com.kms.katalon.core.main.TestCaseMain.startTestSuite(TestCaseMain.java:187)
	at com.kms.katalon.core.main.TestCaseMain$startTestSuite$0.call(Unknown Source)
	at TempTestSuite1702778440031.run(TempTestSuite1702778440031.groovy:36)
Caused by: org.openqa.selenium.JavascriptException: javascript error: Element name=variableField4DropdownGroupItemID not found
  (Session info: chrome=120.0.6099.109)
Build info: version: '3.141.59', revision: 'e82be7d358', time: '2018-11-14T08:25:53'
System info: host: 'DESKTOP-B2QI6NS', ip: '172.31.253.139', os.name: 'Windows 10', os.arch: 'amd64', os.version: '10.0', java.version: '1.8.0_181'
Driver info: com.kms.katalon.selenium.driver.CChromeDriver
Capabilities {acceptInsecureCerts: true, browserName: chrome, browserVersion: 120.0.6099.109, chrome: {chromedriverVersion: 119.0.6045.105 (38c72552c5e..., userDataDir: C:\Users\imtiaz\AppData\Loc...}, fedcm:accounts: true, goog:chromeOptions: {debuggerAddress: localhost:49838}, javascriptEnabled: true, networkConnectionEnabled: false, pageLoadStrategy: normal, platform: WINDOWS, platformName: WINDOWS, proxy: Proxy(), setWindowRect: true, strictFileInteractability: false, timeouts: {implicit: 0, pageLoad: 300000, script: 30000}, unhandledPromptBehavior: dismiss and notify, webauthn:extension:credBlob: true, webauthn:extension:largeBlob: true, webauthn:extension:minPinLength: true, webauthn:extension:prf: true, webauthn:virtualAuthenticators: true}
Session ID: b492357536efb780aa79ae08d8d76d97
	at org.openqa.selenium.remote.http.W3CHttpResponseCodec.createException(W3CHttpResponseCodec.java:187)
	at org.openqa.selenium.remote.http.W3CHttpResponseCodec.decode(W3CHttpResponseCodec.java:122)
	at org.openqa.selenium.remote.http.W3CHttpResponseCodec.decode(W3CHttpResponseCodec.java:49)
	at org.openqa.selenium.remote.HttpCommandExecutor.execute(HttpCommandExecutor.java:158)
	at org.openqa.selenium.remote.service.DriverCommandExecutor.execute(DriverCommandExecutor.java:83)
	at org.openqa.selenium.remote.RemoteWebDriver.execute(RemoteWebDriver.java:552)
	at com.kms.katalon.selenium.driver.CChromeDriver.execute(CChromeDriver.java:19)
	at org.openqa.selenium.remote.RemoteWebDriver.executeScript(RemoteWebDriver.java:489)
	at org.openqa.selenium.support.events.EventFiringWebDriver.lambda$new$1(EventFiringWebDriver.java:105)
	at com.sun.proxy.$Proxy10.executeScript(Unknown Source)
	at org.openqa.selenium.support.events.EventFiringWebDriver.executeScript(EventFiringWebDriver.java:229)
	at com.thoughtworks.selenium.webdriven.ElementFinder.findElement(ElementFinder.java:91)
	... 26 more
"/>
         <system-out><![CDATA[2023-12-16 21:36:17 - [TEST_CASE][ERROR] - Test Cases/IntegratedWeb/IWP23-SelIDE/SuccessfulPCReqFields: Test Cases/IntegratedWeb/IWP23-SelIDE/SuccessfulPCReqFields FAILED.
Reason:
com.thoughtworks.selenium.SeleniumException: Element name=variableField4DropdownGroupItemID not found
	at com.thoughtworks.selenium.webdriven.ElementFinder.findElement(ElementFinder.java:93)
	at com.thoughtworks.selenium.webdriven.commands.SeleniumSelect.<init>(SeleniumSelect.java:48)
	at com.thoughtworks.selenium.webdriven.commands.SelectOption.handleSeleneseCommand(SelectOption.java:41)
	at com.thoughtworks.selenium.webdriven.commands.SelectOption.handleSeleneseCommand(SelectOption.java:26)
	at com.thoughtworks.selenium.webdriven.SeleneseCommand.apply(SeleneseCommand.java:39)
	at com.thoughtworks.selenium.webdriven.Timer.run(Timer.java:41)
	at com.thoughtworks.selenium.webdriven.WebDriverCommandProcessor.execute(WebDriverCommandProcessor.java:150)
	at com.thoughtworks.selenium.webdriven.WebDriverCommandProcessor.doCommand(WebDriverCommandProcessor.java:76)
	at com.thoughtworks.selenium.DefaultSelenium.select(DefaultSelenium.java:350)
	at com.thoughtworks.selenium.Selenium$select$0.call(Unknown Source)
	at SuccessfulPCReqFields.run(SuccessfulPCReqFields:110)
	at com.kms.katalon.core.main.ScriptEngine.run(ScriptEngine.java:194)
	at com.kms.katalon.core.main.ScriptEngine.runScriptAsRawText(ScriptEngine.java:119)
	at com.kms.katalon.core.main.TestCaseExecutor.runScript(TestCaseExecutor.java:448)
	at com.kms.katalon.core.main.TestCaseExecutor.doExecute(TestCaseExecutor.java:439)
	at com.kms.katalon.core.main.TestCaseExecutor.processExecutionPhase(TestCaseExecutor.java:418)
	at com.kms.katalon.core.main.TestCaseExecutor.accessMainPhase(TestCaseExecutor.java:410)
	at com.kms.katalon.core.main.TestCaseExecutor.execute(TestCaseExecutor.java:285)
	at com.kms.katalon.core.main.TestCaseExecutor.execute(TestCaseExecutor.java:369)
	at com.kms.katalon.core.main.TestCaseExecutor.execute(TestCaseExecutor.java:369)
	at com.kms.katalon.core.main.TestCaseExecutor.execute(TestCaseExecutor.java:369)
	at com.kms.katalon.core.common.CommonExecutor.accessTestCaseMainPhase(CommonExecutor.java:65)
	at com.kms.katalon.core.main.TestSuiteExecutor.accessTestSuiteMainPhase(TestSuiteExecutor.java:148)
	at com.kms.katalon.core.main.TestSuiteExecutor.execute(TestSuiteExecutor.java:106)
	at com.kms.katalon.core.main.TestCaseMain.startTestSuite(TestCaseMain.java:187)
	at com.kms.katalon.core.main.TestCaseMain$startTestSuite$0.call(Unknown Source)
	at TempTestSuite1702778440031.run(TempTestSuite1702778440031.groovy:36)
Caused by: org.openqa.selenium.JavascriptException: javascript error: Element name=variableField4DropdownGroupItemID not found
  (Session info: chrome=120.0.6099.109)
Build info: version: '3.141.59', revision: 'e82be7d358', time: '2018-11-14T08:25:53'
System info: host: 'DESKTOP-B2QI6NS', ip: '172.31.253.139', os.name: 'Windows 10', os.arch: 'amd64', os.version: '10.0', java.version: '1.8.0_181'
Driver info: com.kms.katalon.selenium.driver.CChromeDriver
Capabilities {acceptInsecureCerts: true, browserName: chrome, browserVersion: 120.0.6099.109, chrome: {chromedriverVersion: 119.0.6045.105 (38c72552c5e..., userDataDir: C:\Users\imtiaz\AppData\Loc...}, fedcm:accounts: true, goog:chromeOptions: {debuggerAddress: localhost:49838}, javascriptEnabled: true, networkConnectionEnabled: false, pageLoadStrategy: normal, platform: WINDOWS, platformName: WINDOWS, proxy: Proxy(), setWindowRect: true, strictFileInteractability: false, timeouts: {implicit: 0, pageLoad: 300000, script: 30000}, unhandledPromptBehavior: dismiss and notify, webauthn:extension:credBlob: true, webauthn:extension:largeBlob: true, webauthn:extension:minPinLength: true, webauthn:extension:prf: true, webauthn:virtualAuthenticators: true}
Session ID: b492357536efb780aa79ae08d8d76d97
	at org.openqa.selenium.remote.http.W3CHttpResponseCodec.createException(W3CHttpResponseCodec.java:187)
	at org.openqa.selenium.remote.http.W3CHttpResponseCodec.decode(W3CHttpResponseCodec.java:122)
	at org.openqa.selenium.remote.http.W3CHttpResponseCodec.decode(W3CHttpResponseCodec.java:49)
	at org.openqa.selenium.remote.HttpCommandExecutor.execute(HttpCommandExecutor.java:158)
	at org.openqa.selenium.remote.service.DriverCommandExecutor.execute(DriverCommandExecutor.java:83)
	at org.openqa.selenium.remote.RemoteWebDriver.execute(RemoteWebDriver.java:552)
	at com.kms.katalon.selenium.driver.CChromeDriver.execute(CChromeDriver.java:19)
	at org.openqa.selenium.remote.RemoteWebDriver.executeScript(RemoteWebDriver.java:489)
	at org.openqa.selenium.support.events.EventFiringWebDriver.lambda$new$1(EventFiringWebDriver.java:105)
	at com.sun.proxy.$Proxy10.executeScript(Unknown Source)
	at org.openqa.selenium.support.events.EventFiringWebDriver.executeScript(EventFiringWebDriver.java:229)
	at com.thoughtworks.selenium.webdriven.ElementFinder.findElement(ElementFinder.java:91)
	... 26 more


2023-12-16 21:36:17 - [TEST_STEP][PASSED] - softAssertion = new org.testng.asserts.SoftAssert(): null

2023-12-16 21:36:17 - [TEST_STEP][PASSED] - openBrowser("https://www.google.com/"): Browser is opened with url: 'https://www.google.com/'

2023-12-16 21:36:17 - [MESSAGE][WARNING] - A browser is already opened. Closing browser and opening a new one

2023-12-16 21:36:18 - [MESSAGE][INFO] - Starting 'Chrome' driver

2023-12-16 21:36:18 - [MESSAGE][INFO] - User set preference: ['acceptInsecureCerts', 'true']

2023-12-16 21:36:18 - [MESSAGE][INFO] - Action delay is set to 0 milliseconds

2023-12-16 21:36:21 - [MESSAGE][PASSED] - Browser is opened with url: 'https://www.google.com/'

2023-12-16 21:36:21 - [TEST_STEP][PASSED] - driver = getWebDriver(): null

2023-12-16 21:36:21 - [TEST_STEP][PASSED] - baseUrl = "https://www.google.com/": null

2023-12-16 21:36:21 - [TEST_STEP][PASSED] - selenium = new com.thoughtworks.selenium.webdriven.WebDriverBackedSelenium(driver, baseUrl): null

2023-12-16 21:36:21 - [TEST_STEP][PASSED] - println("Begin Test: SuccessfulPCReqFields"): null

2023-12-16 21:36:21 - [TEST_STEP][PASSED] - emulatorURL = urlEmulator: null

2023-12-16 21:36:21 - [TEST_STEP][PASSED] - selenium.open(emulatorURL): null

2023-12-16 21:36:21 - [TEST_STEP][PASSED] - selenium.selectWindow("null"): null

2023-12-16 21:36:21 - [TEST_STEP][PASSED] - selenium.select("name=message_version", "label=2.3"): null

2023-12-16 21:36:22 - [TEST_STEP][PASSED] - selenium.waitForPageToLoad("30000"): null

2023-12-16 21:36:22 - [TEST_STEP][PASSED] - selenium.type("name=amount", 00".toString()): null

2023-12-16 21:36:22 - [TEST_STEP][PASSED] - selenium.type("name=client_account_number", "CAN12345"): null

2023-12-16 21:36:22 - [TEST_STEP][PASSED] - selenium.type("name=action_type", "PayNow"): null

2023-12-16 21:36:22 - [TEST_STEP][PASSED] - selenium.type("name=language", "en_US"): null

2023-12-16 21:36:22 - [TEST_STEP][PASSED] - selenium.type("name=billing_firstname", "Mandy"): null

2023-12-16 21:36:23 - [TEST_STEP][PASSED] - selenium.type("name=billing_lastname", "Iguera"): null

2023-12-16 21:36:23 - [TEST_STEP][PASSED] - selenium.type("name=billing_address", "56 World Center Drive".toString()): null

2023-12-16 21:36:23 - [TEST_STEP][PASSED] - selenium.type("name=billing_address2", "Suite 600".toString()): null

2023-12-16 21:36:23 - [TEST_STEP][PASSED] - selenium.type("name=billing_country_id", "840"): null

2023-12-16 21:36:23 - [TEST_STEP][PASSED] - selenium.type("name=billing_city", "Orlando"): null

2023-12-16 21:36:23 - [TEST_STEP][PASSED] - selenium.type("name=billing_state", "NH"): null

2023-12-16 21:36:23 - [TEST_STEP][PASSED] - selenium.type("name=billing_zip", "03106"): null

2023-12-16 21:36:23 - [TEST_STEP][PASSED] - selenium.type("name=order_number", "PPPPOOOO"): null

2023-12-16 21:36:23 - [TEST_STEP][PASSED] - selenium.type("name=user_defined1", "udf1"): null

2023-12-16 21:36:23 - [TEST_STEP][PASSED] - selenium.type("name=user_defined2", "udf2"): null

2023-12-16 21:36:23 - [TEST_STEP][PASSED] - selenium.type("name=user_defined3", "udf3"): null

2023-12-16 21:36:23 - [TEST_STEP][PASSED] - selenium.type("name=user_defined4", "Orange Label".toString()): null

2023-12-16 21:36:23 - [TEST_STEP][PASSED] - selenium.type("name=user_defined5", "Soccer Label".toString()): null

2023-12-16 21:36:23 - [TEST_STEP][PASSED] - selenium.click("name=submit"): null

2023-12-16 21:36:23 - [TEST_STEP][PASSED] - selenium.waitForPageToLoad("30000"): null

2023-12-16 21:36:24 - [TEST_STEP][PASSED] - Thread.sleep(2000): null

2023-12-16 21:36:26 - [TEST_STEP][PASSED] - testHarnessURL = urlTestHarness: null

2023-12-16 21:36:26 - [TEST_STEP][PASSED] - selenium.open(testHarnessURL): null

2023-12-16 21:36:26 - [TEST_STEP][PASSED] - selenium.type("name=application_id", "635"): null

2023-12-16 21:36:26 - [TEST_STEP][PASSED] - selenium.type("name=message_version", 3".toString()): null

2023-12-16 21:36:26 - [TEST_STEP][PASSED] - genRemIDVoid = RandomStringUtils.random(12, true, true): null

2023-12-16 21:36:26 - [TEST_STEP][PASSED] - selenium.type("name=remittance_id", genRemIDVoid): null

2023-12-16 21:36:26 - [TEST_STEP][PASSED] - selenium.click("css=input.formSubmit"): null

2023-12-16 21:36:27 - [TEST_STEP][PASSED] - selenium.waitForPageToLoad("30000"): null

2023-12-16 21:36:28 - [TEST_STEP][PASSED] - selenium.click("xpath=(//input[@name='paymentMethod'])[2]"): null

2023-12-16 21:36:28 - [TEST_STEP][PASSED] - selenium.click("css=input[type="submit"]"): null

2023-12-16 21:36:29 - [TEST_STEP][PASSED] - selenium.waitForPageToLoad("30000"): null

2023-12-16 21:36:29 - [TEST_STEP][PASSED] - selenium.type("name=amount", 50".toString()): null

2023-12-16 21:36:30 - [TEST_STEP][PASSED] - selenium.type("name=userDefined2", ""): null

2023-12-16 21:36:30 - [TEST_STEP][PASSED] - selenium.type("name=userDefined3", "udf3 data".toString()): null

2023-12-16 21:36:30 - [TEST_STEP][ERROR] - selenium.select("name=variableField4DropdownGroupItemID", "--Select One--"): Test Cases/IntegratedWeb/IWP23-SelIDE/SuccessfulPCReqFields FAILED.
Reason:
com.thoughtworks.selenium.SeleniumException: Element name=variableField4DropdownGroupItemID not found
	at com.thoughtworks.selenium.webdriven.ElementFinder.findElement(ElementFinder.java:93)
	at com.thoughtworks.selenium.webdriven.commands.SeleniumSelect.<init>(SeleniumSelect.java:48)
	at com.thoughtworks.selenium.webdriven.commands.SelectOption.handleSeleneseCommand(SelectOption.java:41)
	at com.thoughtworks.selenium.webdriven.commands.SelectOption.handleSeleneseCommand(SelectOption.java:26)
	at com.thoughtworks.selenium.webdriven.SeleneseCommand.apply(SeleneseCommand.java:39)
	at com.thoughtworks.selenium.webdriven.Timer.run(Timer.java:41)
	at com.thoughtworks.selenium.webdriven.WebDriverCommandProcessor.execute(WebDriverCommandProcessor.java:150)
	at com.thoughtworks.selenium.webdriven.WebDriverCommandProcessor.doCommand(WebDriverCommandProcessor.java:76)
	at com.thoughtworks.selenium.DefaultSelenium.select(DefaultSelenium.java:350)
	at com.thoughtworks.selenium.Selenium$select$0.call(Unknown Source)
	at SuccessfulPCReqFields.run(SuccessfulPCReqFields:110)
	at com.kms.katalon.core.main.ScriptEngine.run(ScriptEngine.java:194)
	at com.kms.katalon.core.main.ScriptEngine.runScriptAsRawText(ScriptEngine.java:119)
	at com.kms.katalon.core.main.TestCaseExecutor.runScript(TestCaseExecutor.java:448)
	at com.kms.katalon.core.main.TestCaseExecutor.doExecute(TestCaseExecutor.java:439)
	at com.kms.katalon.core.main.TestCaseExecutor.processExecutionPhase(TestCaseExecutor.java:418)
	at com.kms.katalon.core.main.TestCaseExecutor.accessMainPhase(TestCaseExecutor.java:410)
	at com.kms.katalon.core.main.TestCaseExecutor.execute(TestCaseExecutor.java:285)
	at com.kms.katalon.core.main.TestCaseExecutor.execute(TestCaseExecutor.java:369)
	at com.kms.katalon.core.main.TestCaseExecutor.execute(TestCaseExecutor.java:369)
	at com.kms.katalon.core.main.TestCaseExecutor.execute(TestCaseExecutor.java:369)
	at com.kms.katalon.core.common.CommonExecutor.accessTestCaseMainPhase(CommonExecutor.java:65)
	at com.kms.katalon.core.main.TestSuiteExecutor.accessTestSuiteMainPhase(TestSuiteExecutor.java:148)
	at com.kms.katalon.core.main.TestSuiteExecutor.execute(TestSuiteExecutor.java:106)
	at com.kms.katalon.core.main.TestCaseMain.startTestSuite(TestCaseMain.java:187)
	at com.kms.katalon.core.main.TestCaseMain$startTestSuite$0.call(Unknown Source)
	at TempTestSuite1702778440031.run(TempTestSuite1702778440031.groovy:36)
Caused by: org.openqa.selenium.JavascriptException: javascript error: Element name=variableField4DropdownGroupItemID not found
  (Session info: chrome=120.0.6099.109)
Build info: version: '3.141.59', revision: 'e82be7d358', time: '2018-11-14T08:25:53'
System info: host: 'DESKTOP-B2QI6NS', ip: '172.31.253.139', os.name: 'Windows 10', os.arch: 'amd64', os.version: '10.0', java.version: '1.8.0_181'
Driver info: com.kms.katalon.selenium.driver.CChromeDriver
Capabilities {acceptInsecureCerts: true, browserName: chrome, browserVersion: 120.0.6099.109, chrome: {chromedriverVersion: 119.0.6045.105 (38c72552c5e..., userDataDir: C:\Users\imtiaz\AppData\Loc...}, fedcm:accounts: true, goog:chromeOptions: {debuggerAddress: localhost:49838}, javascriptEnabled: true, networkConnectionEnabled: false, pageLoadStrategy: normal, platform: WINDOWS, platformName: WINDOWS, proxy: Proxy(), setWindowRect: true, strictFileInteractability: false, timeouts: {implicit: 0, pageLoad: 300000, script: 30000}, unhandledPromptBehavior: dismiss and notify, webauthn:extension:credBlob: true, webauthn:extension:largeBlob: true, webauthn:extension:minPinLength: true, webauthn:extension:prf: true, webauthn:virtualAuthenticators: true}
Session ID: b492357536efb780aa79ae08d8d76d97
	at org.openqa.selenium.remote.http.W3CHttpResponseCodec.createException(W3CHttpResponseCodec.java:187)
	at org.openqa.selenium.remote.http.W3CHttpResponseCodec.decode(W3CHttpResponseCodec.java:122)
	at org.openqa.selenium.remote.http.W3CHttpResponseCodec.decode(W3CHttpResponseCodec.java:49)
	at org.openqa.selenium.remote.HttpCommandExecutor.execute(HttpCommandExecutor.java:158)
	at org.openqa.selenium.remote.service.DriverCommandExecutor.execute(DriverCommandExecutor.java:83)
	at org.openqa.selenium.remote.RemoteWebDriver.execute(RemoteWebDriver.java:552)
	at com.kms.katalon.selenium.driver.CChromeDriver.execute(CChromeDriver.java:19)
	at org.openqa.selenium.remote.RemoteWebDriver.executeScript(RemoteWebDriver.java:489)
	at org.openqa.selenium.support.events.EventFiringWebDriver.lambda$new$1(EventFiringWebDriver.java:105)
	at com.sun.proxy.$Proxy10.executeScript(Unknown Source)
	at org.openqa.selenium.support.events.EventFiringWebDriver.executeScript(EventFiringWebDriver.java:229)
	at com.thoughtworks.selenium.webdriven.ElementFinder.findElement(ElementFinder.java:91)
	at com.thoughtworks.selenium.webdriven.commands.SeleniumSelect.<init>(SeleniumSelect.java:48)
	at com.thoughtworks.selenium.webdriven.commands.SelectOption.handleSeleneseCommand(SelectOption.java:41)
	at com.thoughtworks.selenium.webdriven.commands.SelectOption.handleSeleneseCommand(SelectOption.java:26)
	at com.thoughtworks.selenium.webdriven.SeleneseCommand.apply(SeleneseCommand.java:39)
	at com.thoughtworks.selenium.webdriven.Timer.run(Timer.java:41)
	at com.thoughtworks.selenium.webdriven.WebDriverCommandProcessor.execute(WebDriverCommandProcessor.java:150)
	at com.thoughtworks.selenium.webdriven.WebDriverCommandProcessor.doCommand(WebDriverCommandProcessor.java:76)
	at com.thoughtworks.selenium.DefaultSelenium.select(DefaultSelenium.java:350)
	at com.thoughtworks.selenium.Selenium$select$0.call(Unknown Source)
	at Script1702501768198.run(Script1702501768198.groovy:110)
	... 16 more


2023-12-16 21:36:30 - [MESSAGE][ERROR] - Test Cases/IntegratedWeb/IWP23-SelIDE/SuccessfulPCReqFields FAILED.
Reason:
com.thoughtworks.selenium.SeleniumException: Element name=variableField4DropdownGroupItemID not found
	at com.thoughtworks.selenium.webdriven.ElementFinder.findElement(ElementFinder.java:93)
	at com.thoughtworks.selenium.webdriven.commands.SeleniumSelect.<init>(SeleniumSelect.java:48)
	at com.thoughtworks.selenium.webdriven.commands.SelectOption.handleSeleneseCommand(SelectOption.java:41)
	at com.thoughtworks.selenium.webdriven.commands.SelectOption.handleSeleneseCommand(SelectOption.java:26)
	at com.thoughtworks.selenium.webdriven.SeleneseCommand.apply(SeleneseCommand.java:39)
	at com.thoughtworks.selenium.webdriven.Timer.run(Timer.java:41)
	at com.thoughtworks.selenium.webdriven.WebDriverCommandProcessor.execute(WebDriverCommandProcessor.java:150)
	at com.thoughtworks.selenium.webdriven.WebDriverCommandProcessor.doCommand(WebDriverCommandProcessor.java:76)
	at com.thoughtworks.selenium.DefaultSelenium.select(DefaultSelenium.java:350)
	at com.thoughtworks.selenium.Selenium$select$0.call(Unknown Source)
	at SuccessfulPCReqFields.run(SuccessfulPCReqFields:110)
	at com.kms.katalon.core.main.ScriptEngine.run(ScriptEngine.java:194)
	at com.kms.katalon.core.main.ScriptEngine.runScriptAsRawText(ScriptEngine.java:119)
	at com.kms.katalon.core.main.TestCaseExecutor.runScript(TestCaseExecutor.java:448)
	at com.kms.katalon.core.main.TestCaseExecutor.doExecute(TestCaseExecutor.java:439)
	at com.kms.katalon.core.main.TestCaseExecutor.processExecutionPhase(TestCaseExecutor.java:418)
	at com.kms.katalon.core.main.TestCaseExecutor.accessMainPhase(TestCaseExecutor.java:410)
	at com.kms.katalon.core.main.TestCaseExecutor.execute(TestCaseExecutor.java:285)
	at com.kms.katalon.core.main.TestCaseExecutor.execute(TestCaseExecutor.java:369)
	at com.kms.katalon.core.main.TestCaseExecutor.execute(TestCaseExecutor.java:369)
	at com.kms.katalon.core.main.TestCaseExecutor.execute(TestCaseExecutor.java:369)
	at com.kms.katalon.core.common.CommonExecutor.accessTestCaseMainPhase(CommonExecutor.java:65)
	at com.kms.katalon.core.main.TestSuiteExecutor.accessTestSuiteMainPhase(TestSuiteExecutor.java:148)
	at com.kms.katalon.core.main.TestSuiteExecutor.execute(TestSuiteExecutor.java:106)
	at com.kms.katalon.core.main.TestCaseMain.startTestSuite(TestCaseMain.java:187)
	at com.kms.katalon.core.main.TestCaseMain$startTestSuite$0.call(Unknown Source)
	at TempTestSuite1702778440031.run(TempTestSuite1702778440031.groovy:36)
Caused by: org.openqa.selenium.JavascriptException: javascript error: Element name=variableField4DropdownGroupItemID not found
  (Session info: chrome=120.0.6099.109)
Build info: version: '3.141.59', revision: 'e82be7d358', time: '2018-11-14T08:25:53'
System info: host: 'DESKTOP-B2QI6NS', ip: '172.31.253.139', os.name: 'Windows 10', os.arch: 'amd64', os.version: '10.0', java.version: '1.8.0_181'
Driver info: com.kms.katalon.selenium.driver.CChromeDriver
Capabilities {acceptInsecureCerts: true, browserName: chrome, browserVersion: 120.0.6099.109, chrome: {chromedriverVersion: 119.0.6045.105 (38c72552c5e..., userDataDir: C:\Users\imtiaz\AppData\Loc...}, fedcm:accounts: true, goog:chromeOptions: {debuggerAddress: localhost:49838}, javascriptEnabled: true, networkConnectionEnabled: false, pageLoadStrategy: normal, platform: WINDOWS, platformName: WINDOWS, proxy: Proxy(), setWindowRect: true, strictFileInteractability: false, timeouts: {implicit: 0, pageLoad: 300000, script: 30000}, unhandledPromptBehavior: dismiss and notify, webauthn:extension:credBlob: true, webauthn:extension:largeBlob: true, webauthn:extension:minPinLength: true, webauthn:extension:prf: true, webauthn:virtualAuthenticators: true}
Session ID: b492357536efb780aa79ae08d8d76d97
	at org.openqa.selenium.remote.http.W3CHttpResponseCodec.createException(W3CHttpResponseCodec.java:187)
	at org.openqa.selenium.remote.http.W3CHttpResponseCodec.decode(W3CHttpResponseCodec.java:122)
	at org.openqa.selenium.remote.http.W3CHttpResponseCodec.decode(W3CHttpResponseCodec.java:49)
	at org.openqa.selenium.remote.HttpCommandExecutor.execute(HttpCommandExecutor.java:158)
	at org.openqa.selenium.remote.service.DriverCommandExecutor.execute(DriverCommandExecutor.java:83)
	at org.openqa.selenium.remote.RemoteWebDriver.execute(RemoteWebDriver.java:552)
	at com.kms.katalon.selenium.driver.CChromeDriver.execute(CChromeDriver.java:19)
	at org.openqa.selenium.remote.RemoteWebDriver.executeScript(RemoteWebDriver.java:489)
	at org.openqa.selenium.support.events.EventFiringWebDriver.lambda$new$1(EventFiringWebDriver.java:105)
	at com.sun.proxy.$Proxy10.executeScript(Unknown Source)
	at org.openqa.selenium.support.events.EventFiringWebDriver.executeScript(EventFiringWebDriver.java:229)
	at com.thoughtworks.selenium.webdriven.ElementFinder.findElement(ElementFinder.java:91)
	at com.thoughtworks.selenium.webdriven.commands.SeleniumSelect.<init>(SeleniumSelect.java:48)
	at com.thoughtworks.selenium.webdriven.commands.SelectOption.handleSeleneseCommand(SelectOption.java:41)
	at com.thoughtworks.selenium.webdriven.commands.SelectOption.handleSeleneseCommand(SelectOption.java:26)
	at com.thoughtworks.selenium.webdriven.SeleneseCommand.apply(SeleneseCommand.java:39)
	at com.thoughtworks.selenium.webdriven.Timer.run(Timer.java:41)
	at com.thoughtworks.selenium.webdriven.WebDriverCommandProcessor.execute(WebDriverCommandProcessor.java:150)
	at com.thoughtworks.selenium.webdriven.WebDriverCommandProcessor.doCommand(WebDriverCommandProcessor.java:76)
	at com.thoughtworks.selenium.DefaultSelenium.select(DefaultSelenium.java:350)
	at com.thoughtworks.selenium.Selenium$select$0.call(Unknown Source)
	at Script1702501768198.run(Script1702501768198.groovy:110)
	... 16 more]]></system-out>
         <system-err><![CDATA[2023-12-16 21:36:17 - [TEST_CASE][ERROR] - Test Cases/IntegratedWeb/IWP23-SelIDE/SuccessfulPCReqFields: Test Cases/IntegratedWeb/IWP23-SelIDE/SuccessfulPCReqFields FAILED.
Reason:
com.thoughtworks.selenium.SeleniumException: Element name=variableField4DropdownGroupItemID not found
	at com.thoughtworks.selenium.webdriven.ElementFinder.findElement(ElementFinder.java:93)
	at com.thoughtworks.selenium.webdriven.commands.SeleniumSelect.<init>(SeleniumSelect.java:48)
	at com.thoughtworks.selenium.webdriven.commands.SelectOption.handleSeleneseCommand(SelectOption.java:41)
	at com.thoughtworks.selenium.webdriven.commands.SelectOption.handleSeleneseCommand(SelectOption.java:26)
	at com.thoughtworks.selenium.webdriven.SeleneseCommand.apply(SeleneseCommand.java:39)
	at com.thoughtworks.selenium.webdriven.Timer.run(Timer.java:41)
	at com.thoughtworks.selenium.webdriven.WebDriverCommandProcessor.execute(WebDriverCommandProcessor.java:150)
	at com.thoughtworks.selenium.webdriven.WebDriverCommandProcessor.doCommand(WebDriverCommandProcessor.java:76)
	at com.thoughtworks.selenium.DefaultSelenium.select(DefaultSelenium.java:350)
	at com.thoughtworks.selenium.Selenium$select$0.call(Unknown Source)
	at SuccessfulPCReqFields.run(SuccessfulPCReqFields:110)
	at com.kms.katalon.core.main.ScriptEngine.run(ScriptEngine.java:194)
	at com.kms.katalon.core.main.ScriptEngine.runScriptAsRawText(ScriptEngine.java:119)
	at com.kms.katalon.core.main.TestCaseExecutor.runScript(TestCaseExecutor.java:448)
	at com.kms.katalon.core.main.TestCaseExecutor.doExecute(TestCaseExecutor.java:439)
	at com.kms.katalon.core.main.TestCaseExecutor.processExecutionPhase(TestCaseExecutor.java:418)
	at com.kms.katalon.core.main.TestCaseExecutor.accessMainPhase(TestCaseExecutor.java:410)
	at com.kms.katalon.core.main.TestCaseExecutor.execute(TestCaseExecutor.java:285)
	at com.kms.katalon.core.main.TestCaseExecutor.execute(TestCaseExecutor.java:369)
	at com.kms.katalon.core.main.TestCaseExecutor.execute(TestCaseExecutor.java:369)
	at com.kms.katalon.core.main.TestCaseExecutor.execute(TestCaseExecutor.java:369)
	at com.kms.katalon.core.common.CommonExecutor.accessTestCaseMainPhase(CommonExecutor.java:65)
	at com.kms.katalon.core.main.TestSuiteExecutor.accessTestSuiteMainPhase(TestSuiteExecutor.java:148)
	at com.kms.katalon.core.main.TestSuiteExecutor.execute(TestSuiteExecutor.java:106)
	at com.kms.katalon.core.main.TestCaseMain.startTestSuite(TestCaseMain.java:187)
	at com.kms.katalon.core.main.TestCaseMain$startTestSuite$0.call(Unknown Source)
	at TempTestSuite1702778440031.run(TempTestSuite1702778440031.groovy:36)
Caused by: org.openqa.selenium.JavascriptException: javascript error: Element name=variableField4DropdownGroupItemID not found
  (Session info: chrome=120.0.6099.109)
Build info: version: '3.141.59', revision: 'e82be7d358', time: '2018-11-14T08:25:53'
System info: host: 'DESKTOP-B2QI6NS', ip: '172.31.253.139', os.name: 'Windows 10', os.arch: 'amd64', os.version: '10.0', java.version: '1.8.0_181'
Driver info: com.kms.katalon.selenium.driver.CChromeDriver
Capabilities {acceptInsecureCerts: true, browserName: chrome, browserVersion: 120.0.6099.109, chrome: {chromedriverVersion: 119.0.6045.105 (38c72552c5e..., userDataDir: C:\Users\imtiaz\AppData\Loc...}, fedcm:accounts: true, goog:chromeOptions: {debuggerAddress: localhost:49838}, javascriptEnabled: true, networkConnectionEnabled: false, pageLoadStrategy: normal, platform: WINDOWS, platformName: WINDOWS, proxy: Proxy(), setWindowRect: true, strictFileInteractability: false, timeouts: {implicit: 0, pageLoad: 300000, script: 30000}, unhandledPromptBehavior: dismiss and notify, webauthn:extension:credBlob: true, webauthn:extension:largeBlob: true, webauthn:extension:minPinLength: true, webauthn:extension:prf: true, webauthn:virtualAuthenticators: true}
Session ID: b492357536efb780aa79ae08d8d76d97
	at org.openqa.selenium.remote.http.W3CHttpResponseCodec.createException(W3CHttpResponseCodec.java:187)
	at org.openqa.selenium.remote.http.W3CHttpResponseCodec.decode(W3CHttpResponseCodec.java:122)
	at org.openqa.selenium.remote.http.W3CHttpResponseCodec.decode(W3CHttpResponseCodec.java:49)
	at org.openqa.selenium.remote.HttpCommandExecutor.execute(HttpCommandExecutor.java:158)
	at org.openqa.selenium.remote.service.DriverCommandExecutor.execute(DriverCommandExecutor.java:83)
	at org.openqa.selenium.remote.RemoteWebDriver.execute(RemoteWebDriver.java:552)
	at com.kms.katalon.selenium.driver.CChromeDriver.execute(CChromeDriver.java:19)
	at org.openqa.selenium.remote.RemoteWebDriver.executeScript(RemoteWebDriver.java:489)
	at org.openqa.selenium.support.events.EventFiringWebDriver.lambda$new$1(EventFiringWebDriver.java:105)
	at com.sun.proxy.$Proxy10.executeScript(Unknown Source)
	at org.openqa.selenium.support.events.EventFiringWebDriver.executeScript(EventFiringWebDriver.java:229)
	at com.thoughtworks.selenium.webdriven.ElementFinder.findElement(ElementFinder.java:91)
	... 26 more]]></system-err>
      </testcase>
      <testcase name="Test Cases/IntegratedWeb/IWP23-SelIDE/TermsAndConditionsCC" time="26.096" classname="Test Cases/IntegratedWeb/IWP23-SelIDE/TermsAndConditionsCC" status="PASSED">
         <system-out><![CDATA[2023-12-16 21:36:30 - [TEST_CASE][PASSED] - Test Cases/IntegratedWeb/IWP23-SelIDE/TermsAndConditionsCC: Test Cases/IntegratedWeb/IWP23-SelIDE/TermsAndConditionsCC

2023-12-16 21:36:30 - [TEST_STEP][PASSED] - softAssertion = new org.testng.asserts.SoftAssert(): null

2023-12-16 21:36:30 - [TEST_STEP][PASSED] - openBrowser("https://www.google.com/"): Browser is opened with url: 'https://www.google.com/'

2023-12-16 21:36:30 - [MESSAGE][WARNING] - A browser is already opened. Closing browser and opening a new one

2023-12-16 21:36:31 - [MESSAGE][INFO] - Starting 'Chrome' driver

2023-12-16 21:36:31 - [MESSAGE][INFO] - User set preference: ['acceptInsecureCerts', 'true']

2023-12-16 21:36:31 - [MESSAGE][INFO] - Action delay is set to 0 milliseconds

2023-12-16 21:36:34 - [MESSAGE][PASSED] - Browser is opened with url: 'https://www.google.com/'

2023-12-16 21:36:34 - [TEST_STEP][PASSED] - driver = getWebDriver(): null

2023-12-16 21:36:34 - [TEST_STEP][PASSED] - baseUrl = "https://www.google.com/": null

2023-12-16 21:36:34 - [TEST_STEP][PASSED] - selenium = new com.thoughtworks.selenium.webdriven.WebDriverBackedSelenium(driver, baseUrl): null

2023-12-16 21:36:34 - [TEST_STEP][PASSED] - println("Begin Test: TermsAndConditionsCC"): null

2023-12-16 21:36:34 - [TEST_STEP][PASSED] - emulatorURL = urlEmulator: null

2023-12-16 21:36:34 - [TEST_STEP][PASSED] - selenium.open(emulatorURL): null

2023-12-16 21:36:34 - [TEST_STEP][PASSED] - selenium.selectWindow("null"): null

2023-12-16 21:36:34 - [TEST_STEP][PASSED] - selenium.select("name=message_version", "label=2.3"): null

2023-12-16 21:36:35 - [TEST_STEP][PASSED] - selenium.waitForPageToLoad("30000"): null

2023-12-16 21:36:35 - [TEST_STEP][PASSED] - selenium.type("name=amount", 00".toString()): null

2023-12-16 21:36:35 - [TEST_STEP][PASSED] - selenium.type("name=client_account_number", "CAN12345"): null

2023-12-16 21:36:35 - [TEST_STEP][PASSED] - selenium.type("name=action_type", "PayNow"): null

2023-12-16 21:36:35 - [TEST_STEP][PASSED] - selenium.type("name=language", "en_US"): null

2023-12-16 21:36:35 - [TEST_STEP][PASSED] - selenium.type("name=billing_firstname", "Mandy"): null

2023-12-16 21:36:36 - [TEST_STEP][PASSED] - selenium.type("name=billing_lastname", "Iguera"): null

2023-12-16 21:36:36 - [TEST_STEP][PASSED] - selenium.type("name=billing_address", "56 World Center Drive".toString()): null

2023-12-16 21:36:36 - [TEST_STEP][PASSED] - selenium.type("name=billing_address2", "Suite 600".toString()): null

2023-12-16 21:36:36 - [TEST_STEP][PASSED] - selenium.type("name=billing_country_id", "840"): null

2023-12-16 21:36:36 - [TEST_STEP][PASSED] - selenium.type("name=billing_city", "Orlando"): null

2023-12-16 21:36:36 - [TEST_STEP][PASSED] - selenium.type("name=billing_state", "NH"): null

2023-12-16 21:36:36 - [TEST_STEP][PASSED] - selenium.type("name=billing_zip", "03106"): null

2023-12-16 21:36:36 - [TEST_STEP][PASSED] - selenium.type("name=order_number", "PPPPOOOO"): null

2023-12-16 21:36:36 - [TEST_STEP][PASSED] - selenium.type("name=user_defined1", "udf1"): null

2023-12-16 21:36:36 - [TEST_STEP][PASSED] - selenium.type("name=user_defined2", "udf2"): null

2023-12-16 21:36:36 - [TEST_STEP][PASSED] - selenium.type("name=user_defined3", "udf3"): null

2023-12-16 21:36:36 - [TEST_STEP][PASSED] - selenium.type("name=user_defined4", "Orange Label".toString()): null

2023-12-16 21:36:36 - [TEST_STEP][PASSED] - selenium.type("name=user_defined5", "Soccer Label".toString()): null

2023-12-16 21:36:36 - [TEST_STEP][PASSED] - selenium.click("name=submit"): null

2023-12-16 21:36:36 - [TEST_STEP][PASSED] - selenium.waitForPageToLoad("30000"): null

2023-12-16 21:36:37 - [TEST_STEP][PASSED] - testHarnessURL = urlTestHarness: null

2023-12-16 21:36:37 - [TEST_STEP][PASSED] - selenium.open(testHarnessURL): null

2023-12-16 21:36:37 - [TEST_STEP][PASSED] - Thread.sleep(2000): null

2023-12-16 21:36:39 - [TEST_STEP][PASSED] - selenium.type("name=application_id", "635"): null

2023-12-16 21:36:39 - [TEST_STEP][PASSED] - selenium.type("name=message_version", 3".toString()): null

2023-12-16 21:36:39 - [TEST_STEP][PASSED] - genRemIDVoid = RandomStringUtils.random(12, true, true): null

2023-12-16 21:36:39 - [TEST_STEP][PASSED] - selenium.type("name=remittance_id", genRemIDVoid): null

2023-12-16 21:36:39 - [TEST_STEP][PASSED] - selenium.click("css=input.formSubmit"): null

2023-12-16 21:36:40 - [TEST_STEP][PASSED] - selenium.waitForPageToLoad("30000"): null

2023-12-16 21:36:41 - [TEST_STEP][PASSED] - selenium.selectWindow("null"): null

2023-12-16 21:36:41 - [TEST_STEP][PASSED] - selenium.click("name=paymentMethod"): null

2023-12-16 21:36:41 - [TEST_STEP][PASSED] - selenium.click("css=input[type="submit"]"): null

2023-12-16 21:36:42 - [TEST_STEP][PASSED] - selenium.waitForPageToLoad("30000"): null

2023-12-16 21:36:42 - [TEST_STEP][PASSED] - selenium.type("id=cardNumber", "4111111111111111"): null

2023-12-16 21:36:42 - [TEST_STEP][PASSED] - selenium.type("id=spc", "123"): null

2023-12-16 21:36:42 - [TEST_STEP][PASSED] - selenium.select("name=cardExpMonth", "label=04"): null

2023-12-16 21:36:42 - [TEST_STEP][PASSED] - selenium.select("name=cardExpYear", "label=2028"): null

2023-12-16 21:36:43 - [TEST_STEP][PASSED] - selenium.type("name=emailAddress", com".toString()): null

2023-12-16 21:36:43 - [TEST_STEP][PASSED] - selenium.click("id=checkedAcceptCondition"): null

2023-12-16 21:36:43 - [TEST_STEP][PASSED] - selenium.selectWindow("null"): null

2023-12-16 21:36:43 - [TEST_STEP][PASSED] - verifyTextPresent("These are Customer CC Terms", true): Text 'These are Customer CC Terms' is present on page  using regular expression

2023-12-16 21:36:43 - [MESSAGE][PASSED] - Text 'These are Customer CC Terms' is present on page  using regular expression

2023-12-16 21:36:43 - [TEST_STEP][PASSED] - verifyTextPresent("These are CC Custom HTML", true): Text 'These are CC Custom HTML' is present on page  using regular expression

2023-12-16 21:36:43 - [MESSAGE][PASSED] - Text 'These are CC Custom HTML' is present on page  using regular expression

2023-12-16 21:36:43 - [TEST_STEP][PASSED] - selenium.click("name=ccSubmit"): null

2023-12-16 21:36:44 - [TEST_STEP][PASSED] - selenium.waitForPageToLoad("30000"): null

2023-12-16 21:36:44 - [TEST_STEP][PASSED] - verifyTextPresent("Please verify the following information:", true): Text 'Please verify the following information:' is present on page  using regular expression

2023-12-16 21:36:45 - [MESSAGE][PASSED] - Text 'Please verify the following information:' is present on page  using regular expression

2023-12-16 21:36:45 - [TEST_STEP][PASSED] - verifyTextPresent("Is this information correct", true): Text 'Is this information correct' is present on page  using regular expression

2023-12-16 21:36:45 - [MESSAGE][PASSED] - Text 'Is this information correct' is present on page  using regular expression

2023-12-16 21:36:45 - [TEST_STEP][PASSED] - verifyTextPresent("1111", true): Text '1111' is present on page  using regular expression

2023-12-16 21:36:45 - [MESSAGE][PASSED] - Text '1111' is present on page  using regular expression

2023-12-16 21:36:45 - [TEST_STEP][PASSED] - verifyTextPresent("4/2028", true): Text '4/2028' is present on page  using regular expression

2023-12-16 21:36:46 - [MESSAGE][PASSED] - Text '4/2028' is present on page  using regular expression

2023-12-16 21:36:46 - [TEST_STEP][PASSED] - verifyTextPresent("iahmed@govolution.com", true): Text 'iahmed@govolution.com' is present on page  using regular expression

2023-12-16 21:36:46 - [MESSAGE][PASSED] - Text 'iahmed@govolution.com' is present on page  using regular expression

2023-12-16 21:36:46 - [TEST_STEP][PASSED] - verifyTextPresent("These are CC Custom HTML", true): Text 'These are CC Custom HTML' is present on page  using regular expression

2023-12-16 21:36:46 - [MESSAGE][PASSED] - Text 'These are CC Custom HTML' is present on page  using regular expression

2023-12-16 21:36:46 - [TEST_STEP][PASSED] - selenium.click("name=confirmNotifyAction"): null

2023-12-16 21:36:47 - [TEST_STEP][PASSED] - selenium.waitForPageToLoad("30000"): null

2023-12-16 21:36:47 - [TEST_STEP][PASSED] - Thread.sleep(8000): null

2023-12-16 21:36:55 - [TEST_STEP][PASSED] - verifyTextPresent("Successful Payment Receipt", true): Text 'Successful Payment Receipt' is present on page  using regular expression

2023-12-16 21:36:55 - [MESSAGE][PASSED] - Text 'Successful Payment Receipt' is present on page  using regular expression

2023-12-16 21:36:55 - [TEST_STEP][PASSED] - verifyTextPresent("Please print this receipt for your records", true): Text 'Please print this receipt for your records' is present on page  using regular expression

2023-12-16 21:36:56 - [MESSAGE][PASSED] - Text 'Please print this receipt for your records' is present on page  using regular expression

2023-12-16 21:36:56 - [TEST_STEP][PASSED] - println("End Test: TermsAndConditionsCC"): null]]></system-out>
         <system-err><![CDATA[]]></system-err>
      </testcase>
      <testcase name="Test Cases/IntegratedWeb/IWP23-SelIDE/TermsAndConditionsPC" time="12.464" classname="Test Cases/IntegratedWeb/IWP23-SelIDE/TermsAndConditionsPC" status="ERROR">
         <error type="ERROR" message="Test Cases/IntegratedWeb/IWP23-SelIDE/TermsAndConditionsPC FAILED.
Reason:
com.thoughtworks.selenium.SeleniumException: Element name=variableField4DropdownGroupItemID not found
	at com.thoughtworks.selenium.webdriven.ElementFinder.findElement(ElementFinder.java:93)
	at com.thoughtworks.selenium.webdriven.commands.SeleniumSelect.&lt;init>(SeleniumSelect.java:48)
	at com.thoughtworks.selenium.webdriven.commands.SelectOption.handleSeleneseCommand(SelectOption.java:41)
	at com.thoughtworks.selenium.webdriven.commands.SelectOption.handleSeleneseCommand(SelectOption.java:26)
	at com.thoughtworks.selenium.webdriven.SeleneseCommand.apply(SeleneseCommand.java:39)
	at com.thoughtworks.selenium.webdriven.Timer.run(Timer.java:41)
	at com.thoughtworks.selenium.webdriven.WebDriverCommandProcessor.execute(WebDriverCommandProcessor.java:150)
	at com.thoughtworks.selenium.webdriven.WebDriverCommandProcessor.doCommand(WebDriverCommandProcessor.java:76)
	at com.thoughtworks.selenium.DefaultSelenium.select(DefaultSelenium.java:350)
	at com.thoughtworks.selenium.Selenium$select$0.call(Unknown Source)
	at TermsAndConditionsPC.run(TermsAndConditionsPC:110)
	at com.kms.katalon.core.main.ScriptEngine.run(ScriptEngine.java:194)
	at com.kms.katalon.core.main.ScriptEngine.runScriptAsRawText(ScriptEngine.java:119)
	at com.kms.katalon.core.main.TestCaseExecutor.runScript(TestCaseExecutor.java:448)
	at com.kms.katalon.core.main.TestCaseExecutor.doExecute(TestCaseExecutor.java:439)
	at com.kms.katalon.core.main.TestCaseExecutor.processExecutionPhase(TestCaseExecutor.java:418)
	at com.kms.katalon.core.main.TestCaseExecutor.accessMainPhase(TestCaseExecutor.java:410)
	at com.kms.katalon.core.main.TestCaseExecutor.execute(TestCaseExecutor.java:285)
	at com.kms.katalon.core.main.TestCaseExecutor.execute(TestCaseExecutor.java:369)
	at com.kms.katalon.core.main.TestCaseExecutor.execute(TestCaseExecutor.java:369)
	at com.kms.katalon.core.main.TestCaseExecutor.execute(TestCaseExecutor.java:369)
	at com.kms.katalon.core.common.CommonExecutor.accessTestCaseMainPhase(CommonExecutor.java:65)
	at com.kms.katalon.core.main.TestSuiteExecutor.accessTestSuiteMainPhase(TestSuiteExecutor.java:148)
	at com.kms.katalon.core.main.TestSuiteExecutor.execute(TestSuiteExecutor.java:106)
	at com.kms.katalon.core.main.TestCaseMain.startTestSuite(TestCaseMain.java:187)
	at com.kms.katalon.core.main.TestCaseMain$startTestSuite$0.call(Unknown Source)
	at TempTestSuite1702778440031.run(TempTestSuite1702778440031.groovy:36)
Caused by: org.openqa.selenium.JavascriptException: javascript error: Element name=variableField4DropdownGroupItemID not found
  (Session info: chrome=120.0.6099.109)
Build info: version: '3.141.59', revision: 'e82be7d358', time: '2018-11-14T08:25:53'
System info: host: 'DESKTOP-B2QI6NS', ip: '172.31.253.139', os.name: 'Windows 10', os.arch: 'amd64', os.version: '10.0', java.version: '1.8.0_181'
Driver info: com.kms.katalon.selenium.driver.CChromeDriver
Capabilities {acceptInsecureCerts: true, browserName: chrome, browserVersion: 120.0.6099.109, chrome: {chromedriverVersion: 119.0.6045.105 (38c72552c5e..., userDataDir: C:\Users\imtiaz\AppData\Loc...}, fedcm:accounts: true, goog:chromeOptions: {debuggerAddress: localhost:50526}, javascriptEnabled: true, networkConnectionEnabled: false, pageLoadStrategy: normal, platform: WINDOWS, platformName: WINDOWS, proxy: Proxy(), setWindowRect: true, strictFileInteractability: false, timeouts: {implicit: 0, pageLoad: 300000, script: 30000}, unhandledPromptBehavior: dismiss and notify, webauthn:extension:credBlob: true, webauthn:extension:largeBlob: true, webauthn:extension:minPinLength: true, webauthn:extension:prf: true, webauthn:virtualAuthenticators: true}
Session ID: 408a71c158f7ac142b561bbfb730d417
	at org.openqa.selenium.remote.http.W3CHttpResponseCodec.createException(W3CHttpResponseCodec.java:187)
	at org.openqa.selenium.remote.http.W3CHttpResponseCodec.decode(W3CHttpResponseCodec.java:122)
	at org.openqa.selenium.remote.http.W3CHttpResponseCodec.decode(W3CHttpResponseCodec.java:49)
	at org.openqa.selenium.remote.HttpCommandExecutor.execute(HttpCommandExecutor.java:158)
	at org.openqa.selenium.remote.service.DriverCommandExecutor.execute(DriverCommandExecutor.java:83)
	at org.openqa.selenium.remote.RemoteWebDriver.execute(RemoteWebDriver.java:552)
	at com.kms.katalon.selenium.driver.CChromeDriver.execute(CChromeDriver.java:19)
	at org.openqa.selenium.remote.RemoteWebDriver.executeScript(RemoteWebDriver.java:489)
	at org.openqa.selenium.support.events.EventFiringWebDriver.lambda$new$1(EventFiringWebDriver.java:105)
	at com.sun.proxy.$Proxy10.executeScript(Unknown Source)
	at org.openqa.selenium.support.events.EventFiringWebDriver.executeScript(EventFiringWebDriver.java:229)
	at com.thoughtworks.selenium.webdriven.ElementFinder.findElement(ElementFinder.java:91)
	... 26 more
"/>
         <system-out><![CDATA[2023-12-16 21:37:35 - [TEST_CASE][ERROR] - Test Cases/IntegratedWeb/IWP23-SelIDE/TermsAndConditionsPC: Test Cases/IntegratedWeb/IWP23-SelIDE/TermsAndConditionsPC FAILED.
Reason:
com.thoughtworks.selenium.SeleniumException: Element name=variableField4DropdownGroupItemID not found
	at com.thoughtworks.selenium.webdriven.ElementFinder.findElement(ElementFinder.java:93)
	at com.thoughtworks.selenium.webdriven.commands.SeleniumSelect.<init>(SeleniumSelect.java:48)
	at com.thoughtworks.selenium.webdriven.commands.SelectOption.handleSeleneseCommand(SelectOption.java:41)
	at com.thoughtworks.selenium.webdriven.commands.SelectOption.handleSeleneseCommand(SelectOption.java:26)
	at com.thoughtworks.selenium.webdriven.SeleneseCommand.apply(SeleneseCommand.java:39)
	at com.thoughtworks.selenium.webdriven.Timer.run(Timer.java:41)
	at com.thoughtworks.selenium.webdriven.WebDriverCommandProcessor.execute(WebDriverCommandProcessor.java:150)
	at com.thoughtworks.selenium.webdriven.WebDriverCommandProcessor.doCommand(WebDriverCommandProcessor.java:76)
	at com.thoughtworks.selenium.DefaultSelenium.select(DefaultSelenium.java:350)
	at com.thoughtworks.selenium.Selenium$select$0.call(Unknown Source)
	at TermsAndConditionsPC.run(TermsAndConditionsPC:110)
	at com.kms.katalon.core.main.ScriptEngine.run(ScriptEngine.java:194)
	at com.kms.katalon.core.main.ScriptEngine.runScriptAsRawText(ScriptEngine.java:119)
	at com.kms.katalon.core.main.TestCaseExecutor.runScript(TestCaseExecutor.java:448)
	at com.kms.katalon.core.main.TestCaseExecutor.doExecute(TestCaseExecutor.java:439)
	at com.kms.katalon.core.main.TestCaseExecutor.processExecutionPhase(TestCaseExecutor.java:418)
	at com.kms.katalon.core.main.TestCaseExecutor.accessMainPhase(TestCaseExecutor.java:410)
	at com.kms.katalon.core.main.TestCaseExecutor.execute(TestCaseExecutor.java:285)
	at com.kms.katalon.core.main.TestCaseExecutor.execute(TestCaseExecutor.java:369)
	at com.kms.katalon.core.main.TestCaseExecutor.execute(TestCaseExecutor.java:369)
	at com.kms.katalon.core.main.TestCaseExecutor.execute(TestCaseExecutor.java:369)
	at com.kms.katalon.core.common.CommonExecutor.accessTestCaseMainPhase(CommonExecutor.java:65)
	at com.kms.katalon.core.main.TestSuiteExecutor.accessTestSuiteMainPhase(TestSuiteExecutor.java:148)
	at com.kms.katalon.core.main.TestSuiteExecutor.execute(TestSuiteExecutor.java:106)
	at com.kms.katalon.core.main.TestCaseMain.startTestSuite(TestCaseMain.java:187)
	at com.kms.katalon.core.main.TestCaseMain$startTestSuite$0.call(Unknown Source)
	at TempTestSuite1702778440031.run(TempTestSuite1702778440031.groovy:36)
Caused by: org.openqa.selenium.JavascriptException: javascript error: Element name=variableField4DropdownGroupItemID not found
  (Session info: chrome=120.0.6099.109)
Build info: version: '3.141.59', revision: 'e82be7d358', time: '2018-11-14T08:25:53'
System info: host: 'DESKTOP-B2QI6NS', ip: '172.31.253.139', os.name: 'Windows 10', os.arch: 'amd64', os.version: '10.0', java.version: '1.8.0_181'
Driver info: com.kms.katalon.selenium.driver.CChromeDriver
Capabilities {acceptInsecureCerts: true, browserName: chrome, browserVersion: 120.0.6099.109, chrome: {chromedriverVersion: 119.0.6045.105 (38c72552c5e..., userDataDir: C:\Users\imtiaz\AppData\Loc...}, fedcm:accounts: true, goog:chromeOptions: {debuggerAddress: localhost:50526}, javascriptEnabled: true, networkConnectionEnabled: false, pageLoadStrategy: normal, platform: WINDOWS, platformName: WINDOWS, proxy: Proxy(), setWindowRect: true, strictFileInteractability: false, timeouts: {implicit: 0, pageLoad: 300000, script: 30000}, unhandledPromptBehavior: dismiss and notify, webauthn:extension:credBlob: true, webauthn:extension:largeBlob: true, webauthn:extension:minPinLength: true, webauthn:extension:prf: true, webauthn:virtualAuthenticators: true}
Session ID: 408a71c158f7ac142b561bbfb730d417
	at org.openqa.selenium.remote.http.W3CHttpResponseCodec.createException(W3CHttpResponseCodec.java:187)
	at org.openqa.selenium.remote.http.W3CHttpResponseCodec.decode(W3CHttpResponseCodec.java:122)
	at org.openqa.selenium.remote.http.W3CHttpResponseCodec.decode(W3CHttpResponseCodec.java:49)
	at org.openqa.selenium.remote.HttpCommandExecutor.execute(HttpCommandExecutor.java:158)
	at org.openqa.selenium.remote.service.DriverCommandExecutor.execute(DriverCommandExecutor.java:83)
	at org.openqa.selenium.remote.RemoteWebDriver.execute(RemoteWebDriver.java:552)
	at com.kms.katalon.selenium.driver.CChromeDriver.execute(CChromeDriver.java:19)
	at org.openqa.selenium.remote.RemoteWebDriver.executeScript(RemoteWebDriver.java:489)
	at org.openqa.selenium.support.events.EventFiringWebDriver.lambda$new$1(EventFiringWebDriver.java:105)
	at com.sun.proxy.$Proxy10.executeScript(Unknown Source)
	at org.openqa.selenium.support.events.EventFiringWebDriver.executeScript(EventFiringWebDriver.java:229)
	at com.thoughtworks.selenium.webdriven.ElementFinder.findElement(ElementFinder.java:91)
	... 26 more


2023-12-16 21:37:35 - [TEST_STEP][PASSED] - softAssertion = new org.testng.asserts.SoftAssert(): null

2023-12-16 21:37:35 - [TEST_STEP][PASSED] - openBrowser("https://www.google.com/"): Browser is opened with url: 'https://www.google.com/'

2023-12-16 21:37:35 - [MESSAGE][WARNING] - A browser is already opened. Closing browser and opening a new one

2023-12-16 21:37:36 - [MESSAGE][INFO] - Starting 'Chrome' driver

2023-12-16 21:37:36 - [MESSAGE][INFO] - User set preference: ['acceptInsecureCerts', 'true']

2023-12-16 21:37:36 - [MESSAGE][INFO] - Action delay is set to 0 milliseconds

2023-12-16 21:37:39 - [MESSAGE][PASSED] - Browser is opened with url: 'https://www.google.com/'

2023-12-16 21:37:39 - [TEST_STEP][PASSED] - driver = getWebDriver(): null

2023-12-16 21:37:39 - [TEST_STEP][PASSED] - baseUrl = "https://www.google.com/": null

2023-12-16 21:37:39 - [TEST_STEP][PASSED] - selenium = new com.thoughtworks.selenium.webdriven.WebDriverBackedSelenium(driver, baseUrl): null

2023-12-16 21:37:39 - [TEST_STEP][PASSED] - println("Begin Test: TermsAndConditionsPC"): null

2023-12-16 21:37:39 - [TEST_STEP][PASSED] - emulatorURL = urlEmulator: null

2023-12-16 21:37:39 - [TEST_STEP][PASSED] - selenium.open(emulatorURL): null

2023-12-16 21:37:39 - [TEST_STEP][PASSED] - selenium.selectWindow("null"): null

2023-12-16 21:37:39 - [TEST_STEP][PASSED] - selenium.select("name=message_version", "label=2.3"): null

2023-12-16 21:37:39 - [TEST_STEP][PASSED] - selenium.waitForPageToLoad("30000"): null

2023-12-16 21:37:40 - [TEST_STEP][PASSED] - selenium.type("name=amount", 00".toString()): null

2023-12-16 21:37:40 - [TEST_STEP][PASSED] - selenium.type("name=client_account_number", "CAN12345"): null

2023-12-16 21:37:40 - [TEST_STEP][PASSED] - selenium.type("name=action_type", "PayNow"): null

2023-12-16 21:37:40 - [TEST_STEP][PASSED] - selenium.type("name=language", "en_US"): null

2023-12-16 21:37:40 - [TEST_STEP][PASSED] - selenium.type("name=billing_firstname", "Mandy"): null

2023-12-16 21:37:40 - [TEST_STEP][PASSED] - selenium.type("name=billing_lastname", "Iguera"): null

2023-12-16 21:37:40 - [TEST_STEP][PASSED] - selenium.type("name=billing_address", "56 World Center Drive".toString()): null

2023-12-16 21:37:40 - [TEST_STEP][PASSED] - selenium.type("name=billing_address2", "Suite 600".toString()): null

2023-12-16 21:37:40 - [TEST_STEP][PASSED] - selenium.type("name=billing_country_id", "840"): null

2023-12-16 21:37:40 - [TEST_STEP][PASSED] - selenium.type("name=billing_city", "Orlando"): null

2023-12-16 21:37:40 - [TEST_STEP][PASSED] - selenium.type("name=billing_state", "NH"): null

2023-12-16 21:37:41 - [TEST_STEP][PASSED] - selenium.type("name=billing_zip", "03106"): null

2023-12-16 21:37:41 - [TEST_STEP][PASSED] - selenium.type("name=order_number", "PPPPOOOO"): null

2023-12-16 21:37:41 - [TEST_STEP][PASSED] - selenium.type("name=user_defined1", "udf1"): null

2023-12-16 21:37:41 - [TEST_STEP][PASSED] - selenium.type("name=user_defined2", "udf2"): null

2023-12-16 21:37:41 - [TEST_STEP][PASSED] - selenium.type("name=user_defined3", "udf3"): null

2023-12-16 21:37:41 - [TEST_STEP][PASSED] - selenium.type("name=user_defined4", "Orange Label".toString()): null

2023-12-16 21:37:41 - [TEST_STEP][PASSED] - selenium.type("name=user_defined5", "Soccer Label".toString()): null

2023-12-16 21:37:41 - [TEST_STEP][PASSED] - selenium.click("name=submit"): null

2023-12-16 21:37:41 - [TEST_STEP][PASSED] - selenium.waitForPageToLoad("30000"): null

2023-12-16 21:37:42 - [TEST_STEP][PASSED] - Thread.sleep(2000): null

2023-12-16 21:37:44 - [TEST_STEP][PASSED] - testHarnessURL = urlTestHarness: null

2023-12-16 21:37:44 - [TEST_STEP][PASSED] - selenium.open(testHarnessURL): null

2023-12-16 21:37:44 - [TEST_STEP][PASSED] - selenium.type("name=application_id", "635"): null

2023-12-16 21:37:44 - [TEST_STEP][PASSED] - selenium.type("name=message_version", 3".toString()): null

2023-12-16 21:37:44 - [TEST_STEP][PASSED] - genRemIDVoid = RandomStringUtils.random(12, true, true): null

2023-12-16 21:37:44 - [TEST_STEP][PASSED] - selenium.type("name=remittance_id", genRemIDVoid): null

2023-12-16 21:37:44 - [TEST_STEP][PASSED] - selenium.click("css=input.formSubmit"): null

2023-12-16 21:37:45 - [TEST_STEP][PASSED] - selenium.waitForPageToLoad("30000"): null

2023-12-16 21:37:46 - [TEST_STEP][PASSED] - selenium.click("xpath=(//input[@name='paymentMethod'])[2]"): null

2023-12-16 21:37:46 - [TEST_STEP][PASSED] - selenium.click("css=input[type="submit"]"): null

2023-12-16 21:37:47 - [TEST_STEP][PASSED] - selenium.waitForPageToLoad("30000"): null

2023-12-16 21:37:47 - [TEST_STEP][PASSED] - selenium.type("name=amount", 50".toString()): null

2023-12-16 21:37:47 - [TEST_STEP][PASSED] - selenium.type("name=userDefined2", ""): null

2023-12-16 21:37:47 - [TEST_STEP][PASSED] - selenium.type("name=userDefined3", "udf3 data".toString()): null

2023-12-16 21:37:47 - [TEST_STEP][ERROR] - selenium.select("name=variableField4DropdownGroupItemID", "--Select One--"): Test Cases/IntegratedWeb/IWP23-SelIDE/TermsAndConditionsPC FAILED.
Reason:
com.thoughtworks.selenium.SeleniumException: Element name=variableField4DropdownGroupItemID not found
	at com.thoughtworks.selenium.webdriven.ElementFinder.findElement(ElementFinder.java:93)
	at com.thoughtworks.selenium.webdriven.commands.SeleniumSelect.<init>(SeleniumSelect.java:48)
	at com.thoughtworks.selenium.webdriven.commands.SelectOption.handleSeleneseCommand(SelectOption.java:41)
	at com.thoughtworks.selenium.webdriven.commands.SelectOption.handleSeleneseCommand(SelectOption.java:26)
	at com.thoughtworks.selenium.webdriven.SeleneseCommand.apply(SeleneseCommand.java:39)
	at com.thoughtworks.selenium.webdriven.Timer.run(Timer.java:41)
	at com.thoughtworks.selenium.webdriven.WebDriverCommandProcessor.execute(WebDriverCommandProcessor.java:150)
	at com.thoughtworks.selenium.webdriven.WebDriverCommandProcessor.doCommand(WebDriverCommandProcessor.java:76)
	at com.thoughtworks.selenium.DefaultSelenium.select(DefaultSelenium.java:350)
	at com.thoughtworks.selenium.Selenium$select$0.call(Unknown Source)
	at TermsAndConditionsPC.run(TermsAndConditionsPC:110)
	at com.kms.katalon.core.main.ScriptEngine.run(ScriptEngine.java:194)
	at com.kms.katalon.core.main.ScriptEngine.runScriptAsRawText(ScriptEngine.java:119)
	at com.kms.katalon.core.main.TestCaseExecutor.runScript(TestCaseExecutor.java:448)
	at com.kms.katalon.core.main.TestCaseExecutor.doExecute(TestCaseExecutor.java:439)
	at com.kms.katalon.core.main.TestCaseExecutor.processExecutionPhase(TestCaseExecutor.java:418)
	at com.kms.katalon.core.main.TestCaseExecutor.accessMainPhase(TestCaseExecutor.java:410)
	at com.kms.katalon.core.main.TestCaseExecutor.execute(TestCaseExecutor.java:285)
	at com.kms.katalon.core.main.TestCaseExecutor.execute(TestCaseExecutor.java:369)
	at com.kms.katalon.core.main.TestCaseExecutor.execute(TestCaseExecutor.java:369)
	at com.kms.katalon.core.main.TestCaseExecutor.execute(TestCaseExecutor.java:369)
	at com.kms.katalon.core.common.CommonExecutor.accessTestCaseMainPhase(CommonExecutor.java:65)
	at com.kms.katalon.core.main.TestSuiteExecutor.accessTestSuiteMainPhase(TestSuiteExecutor.java:148)
	at com.kms.katalon.core.main.TestSuiteExecutor.execute(TestSuiteExecutor.java:106)
	at com.kms.katalon.core.main.TestCaseMain.startTestSuite(TestCaseMain.java:187)
	at com.kms.katalon.core.main.TestCaseMain$startTestSuite$0.call(Unknown Source)
	at TempTestSuite1702778440031.run(TempTestSuite1702778440031.groovy:36)
Caused by: org.openqa.selenium.JavascriptException: javascript error: Element name=variableField4DropdownGroupItemID not found
  (Session info: chrome=120.0.6099.109)
Build info: version: '3.141.59', revision: 'e82be7d358', time: '2018-11-14T08:25:53'
System info: host: 'DESKTOP-B2QI6NS', ip: '172.31.253.139', os.name: 'Windows 10', os.arch: 'amd64', os.version: '10.0', java.version: '1.8.0_181'
Driver info: com.kms.katalon.selenium.driver.CChromeDriver
Capabilities {acceptInsecureCerts: true, browserName: chrome, browserVersion: 120.0.6099.109, chrome: {chromedriverVersion: 119.0.6045.105 (38c72552c5e..., userDataDir: C:\Users\imtiaz\AppData\Loc...}, fedcm:accounts: true, goog:chromeOptions: {debuggerAddress: localhost:50526}, javascriptEnabled: true, networkConnectionEnabled: false, pageLoadStrategy: normal, platform: WINDOWS, platformName: WINDOWS, proxy: Proxy(), setWindowRect: true, strictFileInteractability: false, timeouts: {implicit: 0, pageLoad: 300000, script: 30000}, unhandledPromptBehavior: dismiss and notify, webauthn:extension:credBlob: true, webauthn:extension:largeBlob: true, webauthn:extension:minPinLength: true, webauthn:extension:prf: true, webauthn:virtualAuthenticators: true}
Session ID: 408a71c158f7ac142b561bbfb730d417
	at org.openqa.selenium.remote.http.W3CHttpResponseCodec.createException(W3CHttpResponseCodec.java:187)
	at org.openqa.selenium.remote.http.W3CHttpResponseCodec.decode(W3CHttpResponseCodec.java:122)
	at org.openqa.selenium.remote.http.W3CHttpResponseCodec.decode(W3CHttpResponseCodec.java:49)
	at org.openqa.selenium.remote.HttpCommandExecutor.execute(HttpCommandExecutor.java:158)
	at org.openqa.selenium.remote.service.DriverCommandExecutor.execute(DriverCommandExecutor.java:83)
	at org.openqa.selenium.remote.RemoteWebDriver.execute(RemoteWebDriver.java:552)
	at com.kms.katalon.selenium.driver.CChromeDriver.execute(CChromeDriver.java:19)
	at org.openqa.selenium.remote.RemoteWebDriver.executeScript(RemoteWebDriver.java:489)
	at org.openqa.selenium.support.events.EventFiringWebDriver.lambda$new$1(EventFiringWebDriver.java:105)
	at com.sun.proxy.$Proxy10.executeScript(Unknown Source)
	at org.openqa.selenium.support.events.EventFiringWebDriver.executeScript(EventFiringWebDriver.java:229)
	at com.thoughtworks.selenium.webdriven.ElementFinder.findElement(ElementFinder.java:91)
	at com.thoughtworks.selenium.webdriven.commands.SeleniumSelect.<init>(SeleniumSelect.java:48)
	at com.thoughtworks.selenium.webdriven.commands.SelectOption.handleSeleneseCommand(SelectOption.java:41)
	at com.thoughtworks.selenium.webdriven.commands.SelectOption.handleSeleneseCommand(SelectOption.java:26)
	at com.thoughtworks.selenium.webdriven.SeleneseCommand.apply(SeleneseCommand.java:39)
	at com.thoughtworks.selenium.webdriven.Timer.run(Timer.java:41)
	at com.thoughtworks.selenium.webdriven.WebDriverCommandProcessor.execute(WebDriverCommandProcessor.java:150)
	at com.thoughtworks.selenium.webdriven.WebDriverCommandProcessor.doCommand(WebDriverCommandProcessor.java:76)
	at com.thoughtworks.selenium.DefaultSelenium.select(DefaultSelenium.java:350)
	at com.thoughtworks.selenium.Selenium$select$0.call(Unknown Source)
	at Script1702501814019.run(Script1702501814019.groovy:110)
	... 16 more


2023-12-16 21:37:47 - [MESSAGE][ERROR] - Test Cases/IntegratedWeb/IWP23-SelIDE/TermsAndConditionsPC FAILED.
Reason:
com.thoughtworks.selenium.SeleniumException: Element name=variableField4DropdownGroupItemID not found
	at com.thoughtworks.selenium.webdriven.ElementFinder.findElement(ElementFinder.java:93)
	at com.thoughtworks.selenium.webdriven.commands.SeleniumSelect.<init>(SeleniumSelect.java:48)
	at com.thoughtworks.selenium.webdriven.commands.SelectOption.handleSeleneseCommand(SelectOption.java:41)
	at com.thoughtworks.selenium.webdriven.commands.SelectOption.handleSeleneseCommand(SelectOption.java:26)
	at com.thoughtworks.selenium.webdriven.SeleneseCommand.apply(SeleneseCommand.java:39)
	at com.thoughtworks.selenium.webdriven.Timer.run(Timer.java:41)
	at com.thoughtworks.selenium.webdriven.WebDriverCommandProcessor.execute(WebDriverCommandProcessor.java:150)
	at com.thoughtworks.selenium.webdriven.WebDriverCommandProcessor.doCommand(WebDriverCommandProcessor.java:76)
	at com.thoughtworks.selenium.DefaultSelenium.select(DefaultSelenium.java:350)
	at com.thoughtworks.selenium.Selenium$select$0.call(Unknown Source)
	at TermsAndConditionsPC.run(TermsAndConditionsPC:110)
	at com.kms.katalon.core.main.ScriptEngine.run(ScriptEngine.java:194)
	at com.kms.katalon.core.main.ScriptEngine.runScriptAsRawText(ScriptEngine.java:119)
	at com.kms.katalon.core.main.TestCaseExecutor.runScript(TestCaseExecutor.java:448)
	at com.kms.katalon.core.main.TestCaseExecutor.doExecute(TestCaseExecutor.java:439)
	at com.kms.katalon.core.main.TestCaseExecutor.processExecutionPhase(TestCaseExecutor.java:418)
	at com.kms.katalon.core.main.TestCaseExecutor.accessMainPhase(TestCaseExecutor.java:410)
	at com.kms.katalon.core.main.TestCaseExecutor.execute(TestCaseExecutor.java:285)
	at com.kms.katalon.core.main.TestCaseExecutor.execute(TestCaseExecutor.java:369)
	at com.kms.katalon.core.main.TestCaseExecutor.execute(TestCaseExecutor.java:369)
	at com.kms.katalon.core.main.TestCaseExecutor.execute(TestCaseExecutor.java:369)
	at com.kms.katalon.core.common.CommonExecutor.accessTestCaseMainPhase(CommonExecutor.java:65)
	at com.kms.katalon.core.main.TestSuiteExecutor.accessTestSuiteMainPhase(TestSuiteExecutor.java:148)
	at com.kms.katalon.core.main.TestSuiteExecutor.execute(TestSuiteExecutor.java:106)
	at com.kms.katalon.core.main.TestCaseMain.startTestSuite(TestCaseMain.java:187)
	at com.kms.katalon.core.main.TestCaseMain$startTestSuite$0.call(Unknown Source)
	at TempTestSuite1702778440031.run(TempTestSuite1702778440031.groovy:36)
Caused by: org.openqa.selenium.JavascriptException: javascript error: Element name=variableField4DropdownGroupItemID not found
  (Session info: chrome=120.0.6099.109)
Build info: version: '3.141.59', revision: 'e82be7d358', time: '2018-11-14T08:25:53'
System info: host: 'DESKTOP-B2QI6NS', ip: '172.31.253.139', os.name: 'Windows 10', os.arch: 'amd64', os.version: '10.0', java.version: '1.8.0_181'
Driver info: com.kms.katalon.selenium.driver.CChromeDriver
Capabilities {acceptInsecureCerts: true, browserName: chrome, browserVersion: 120.0.6099.109, chrome: {chromedriverVersion: 119.0.6045.105 (38c72552c5e..., userDataDir: C:\Users\imtiaz\AppData\Loc...}, fedcm:accounts: true, goog:chromeOptions: {debuggerAddress: localhost:50526}, javascriptEnabled: true, networkConnectionEnabled: false, pageLoadStrategy: normal, platform: WINDOWS, platformName: WINDOWS, proxy: Proxy(), setWindowRect: true, strictFileInteractability: false, timeouts: {implicit: 0, pageLoad: 300000, script: 30000}, unhandledPromptBehavior: dismiss and notify, webauthn:extension:credBlob: true, webauthn:extension:largeBlob: true, webauthn:extension:minPinLength: true, webauthn:extension:prf: true, webauthn:virtualAuthenticators: true}
Session ID: 408a71c158f7ac142b561bbfb730d417
	at org.openqa.selenium.remote.http.W3CHttpResponseCodec.createException(W3CHttpResponseCodec.java:187)
	at org.openqa.selenium.remote.http.W3CHttpResponseCodec.decode(W3CHttpResponseCodec.java:122)
	at org.openqa.selenium.remote.http.W3CHttpResponseCodec.decode(W3CHttpResponseCodec.java:49)
	at org.openqa.selenium.remote.HttpCommandExecutor.execute(HttpCommandExecutor.java:158)
	at org.openqa.selenium.remote.service.DriverCommandExecutor.execute(DriverCommandExecutor.java:83)
	at org.openqa.selenium.remote.RemoteWebDriver.execute(RemoteWebDriver.java:552)
	at com.kms.katalon.selenium.driver.CChromeDriver.execute(CChromeDriver.java:19)
	at org.openqa.selenium.remote.RemoteWebDriver.executeScript(RemoteWebDriver.java:489)
	at org.openqa.selenium.support.events.EventFiringWebDriver.lambda$new$1(EventFiringWebDriver.java:105)
	at com.sun.proxy.$Proxy10.executeScript(Unknown Source)
	at org.openqa.selenium.support.events.EventFiringWebDriver.executeScript(EventFiringWebDriver.java:229)
	at com.thoughtworks.selenium.webdriven.ElementFinder.findElement(ElementFinder.java:91)
	at com.thoughtworks.selenium.webdriven.commands.SeleniumSelect.<init>(SeleniumSelect.java:48)
	at com.thoughtworks.selenium.webdriven.commands.SelectOption.handleSeleneseCommand(SelectOption.java:41)
	at com.thoughtworks.selenium.webdriven.commands.SelectOption.handleSeleneseCommand(SelectOption.java:26)
	at com.thoughtworks.selenium.webdriven.SeleneseCommand.apply(SeleneseCommand.java:39)
	at com.thoughtworks.selenium.webdriven.Timer.run(Timer.java:41)
	at com.thoughtworks.selenium.webdriven.WebDriverCommandProcessor.execute(WebDriverCommandProcessor.java:150)
	at com.thoughtworks.selenium.webdriven.WebDriverCommandProcessor.doCommand(WebDriverCommandProcessor.java:76)
	at com.thoughtworks.selenium.DefaultSelenium.select(DefaultSelenium.java:350)
	at com.thoughtworks.selenium.Selenium$select$0.call(Unknown Source)
	at Script1702501814019.run(Script1702501814019.groovy:110)
	... 16 more]]></system-out>
         <system-err><![CDATA[2023-12-16 21:37:35 - [TEST_CASE][ERROR] - Test Cases/IntegratedWeb/IWP23-SelIDE/TermsAndConditionsPC: Test Cases/IntegratedWeb/IWP23-SelIDE/TermsAndConditionsPC FAILED.
Reason:
com.thoughtworks.selenium.SeleniumException: Element name=variableField4DropdownGroupItemID not found
	at com.thoughtworks.selenium.webdriven.ElementFinder.findElement(ElementFinder.java:93)
	at com.thoughtworks.selenium.webdriven.commands.SeleniumSelect.<init>(SeleniumSelect.java:48)
	at com.thoughtworks.selenium.webdriven.commands.SelectOption.handleSeleneseCommand(SelectOption.java:41)
	at com.thoughtworks.selenium.webdriven.commands.SelectOption.handleSeleneseCommand(SelectOption.java:26)
	at com.thoughtworks.selenium.webdriven.SeleneseCommand.apply(SeleneseCommand.java:39)
	at com.thoughtworks.selenium.webdriven.Timer.run(Timer.java:41)
	at com.thoughtworks.selenium.webdriven.WebDriverCommandProcessor.execute(WebDriverCommandProcessor.java:150)
	at com.thoughtworks.selenium.webdriven.WebDriverCommandProcessor.doCommand(WebDriverCommandProcessor.java:76)
	at com.thoughtworks.selenium.DefaultSelenium.select(DefaultSelenium.java:350)
	at com.thoughtworks.selenium.Selenium$select$0.call(Unknown Source)
	at TermsAndConditionsPC.run(TermsAndConditionsPC:110)
	at com.kms.katalon.core.main.ScriptEngine.run(ScriptEngine.java:194)
	at com.kms.katalon.core.main.ScriptEngine.runScriptAsRawText(ScriptEngine.java:119)
	at com.kms.katalon.core.main.TestCaseExecutor.runScript(TestCaseExecutor.java:448)
	at com.kms.katalon.core.main.TestCaseExecutor.doExecute(TestCaseExecutor.java:439)
	at com.kms.katalon.core.main.TestCaseExecutor.processExecutionPhase(TestCaseExecutor.java:418)
	at com.kms.katalon.core.main.TestCaseExecutor.accessMainPhase(TestCaseExecutor.java:410)
	at com.kms.katalon.core.main.TestCaseExecutor.execute(TestCaseExecutor.java:285)
	at com.kms.katalon.core.main.TestCaseExecutor.execute(TestCaseExecutor.java:369)
	at com.kms.katalon.core.main.TestCaseExecutor.execute(TestCaseExecutor.java:369)
	at com.kms.katalon.core.main.TestCaseExecutor.execute(TestCaseExecutor.java:369)
	at com.kms.katalon.core.common.CommonExecutor.accessTestCaseMainPhase(CommonExecutor.java:65)
	at com.kms.katalon.core.main.TestSuiteExecutor.accessTestSuiteMainPhase(TestSuiteExecutor.java:148)
	at com.kms.katalon.core.main.TestSuiteExecutor.execute(TestSuiteExecutor.java:106)
	at com.kms.katalon.core.main.TestCaseMain.startTestSuite(TestCaseMain.java:187)
	at com.kms.katalon.core.main.TestCaseMain$startTestSuite$0.call(Unknown Source)
	at TempTestSuite1702778440031.run(TempTestSuite1702778440031.groovy:36)
Caused by: org.openqa.selenium.JavascriptException: javascript error: Element name=variableField4DropdownGroupItemID not found
  (Session info: chrome=120.0.6099.109)
Build info: version: '3.141.59', revision: 'e82be7d358', time: '2018-11-14T08:25:53'
System info: host: 'DESKTOP-B2QI6NS', ip: '172.31.253.139', os.name: 'Windows 10', os.arch: 'amd64', os.version: '10.0', java.version: '1.8.0_181'
Driver info: com.kms.katalon.selenium.driver.CChromeDriver
Capabilities {acceptInsecureCerts: true, browserName: chrome, browserVersion: 120.0.6099.109, chrome: {chromedriverVersion: 119.0.6045.105 (38c72552c5e..., userDataDir: C:\Users\imtiaz\AppData\Loc...}, fedcm:accounts: true, goog:chromeOptions: {debuggerAddress: localhost:50526}, javascriptEnabled: true, networkConnectionEnabled: false, pageLoadStrategy: normal, platform: WINDOWS, platformName: WINDOWS, proxy: Proxy(), setWindowRect: true, strictFileInteractability: false, timeouts: {implicit: 0, pageLoad: 300000, script: 30000}, unhandledPromptBehavior: dismiss and notify, webauthn:extension:credBlob: true, webauthn:extension:largeBlob: true, webauthn:extension:minPinLength: true, webauthn:extension:prf: true, webauthn:virtualAuthenticators: true}
Session ID: 408a71c158f7ac142b561bbfb730d417
	at org.openqa.selenium.remote.http.W3CHttpResponseCodec.createException(W3CHttpResponseCodec.java:187)
	at org.openqa.selenium.remote.http.W3CHttpResponseCodec.decode(W3CHttpResponseCodec.java:122)
	at org.openqa.selenium.remote.http.W3CHttpResponseCodec.decode(W3CHttpResponseCodec.java:49)
	at org.openqa.selenium.remote.HttpCommandExecutor.execute(HttpCommandExecutor.java:158)
	at org.openqa.selenium.remote.service.DriverCommandExecutor.execute(DriverCommandExecutor.java:83)
	at org.openqa.selenium.remote.RemoteWebDriver.execute(RemoteWebDriver.java:552)
	at com.kms.katalon.selenium.driver.CChromeDriver.execute(CChromeDriver.java:19)
	at org.openqa.selenium.remote.RemoteWebDriver.executeScript(RemoteWebDriver.java:489)
	at org.openqa.selenium.support.events.EventFiringWebDriver.lambda$new$1(EventFiringWebDriver.java:105)
	at com.sun.proxy.$Proxy10.executeScript(Unknown Source)
	at org.openqa.selenium.support.events.EventFiringWebDriver.executeScript(EventFiringWebDriver.java:229)
	at com.thoughtworks.selenium.webdriven.ElementFinder.findElement(ElementFinder.java:91)
	... 26 more]]></system-err>
      </testcase>
      <system-out><![CDATA[2023-12-16 21:00:47 - [TEST_SUITE][ERROR] - QA_IWP2.3_Regression: Test Cases/IntegratedWeb/IWP23-SelIDE/AmpersandCorp FAILED.
Reason:
com.thoughtworks.selenium.SeleniumException: Element name=variableField4DropdownGroupItemID not found
	at com.thoughtworks.selenium.webdriven.ElementFinder.findElement(ElementFinder.java:93)
	at com.thoughtworks.selenium.webdriven.commands.SeleniumSelect.<init>(SeleniumSelect.java:48)
	at com.thoughtworks.selenium.webdriven.commands.SelectOption.handleSeleneseCommand(SelectOption.java:41)
	at com.thoughtworks.selenium.webdriven.commands.SelectOption.handleSeleneseCommand(SelectOption.java:26)
	at com.thoughtworks.selenium.webdriven.SeleneseCommand.apply(SeleneseCommand.java:39)
	at com.thoughtworks.selenium.webdriven.Timer.run(Timer.java:41)
	at com.thoughtworks.selenium.webdriven.WebDriverCommandProcessor.execute(WebDriverCommandProcessor.java:150)
	at com.thoughtworks.selenium.webdriven.WebDriverCommandProcessor.doCommand(WebDriverCommandProcessor.java:76)
	at com.thoughtworks.selenium.DefaultSelenium.select(DefaultSelenium.java:350)
	at com.thoughtworks.selenium.Selenium$select$0.call(Unknown Source)
	at AmpersandCorp.run(AmpersandCorp:110)
	at com.kms.katalon.core.main.ScriptEngine.run(ScriptEngine.java:194)
	at com.kms.katalon.core.main.ScriptEngine.runScriptAsRawText(ScriptEngine.java:119)
	at com.kms.katalon.core.main.TestCaseExecutor.runScript(TestCaseExecutor.java:448)
	at com.kms.katalon.core.main.TestCaseExecutor.doExecute(TestCaseExecutor.java:439)
	at com.kms.katalon.core.main.TestCaseExecutor.processExecutionPhase(TestCaseExecutor.java:418)
	at com.kms.katalon.core.main.TestCaseExecutor.accessMainPhase(TestCaseExecutor.java:410)
	at com.kms.katalon.core.main.TestCaseExecutor.execute(TestCaseExecutor.java:285)
	at com.kms.katalon.core.common.CommonExecutor.accessTestCaseMainPhase(CommonExecutor.java:65)
	at com.kms.katalon.core.main.TestSuiteExecutor.accessTestSuiteMainPhase(TestSuiteExecutor.java:148)
	at com.kms.katalon.core.main.TestSuiteExecutor.execute(TestSuiteExecutor.java:106)
	at com.kms.katalon.core.main.TestCaseMain.startTestSuite(TestCaseMain.java:187)
	at com.kms.katalon.core.main.TestCaseMain$startTestSuite$0.call(Unknown Source)
	at TempTestSuite1702778440031.run(TempTestSuite1702778440031.groovy:36)
Caused by: org.openqa.selenium.JavascriptException: javascript error: Element name=variableField4DropdownGroupItemID not found
  (Session info: chrome=120.0.6099.109)
Build info: version: '3.141.59', revision: 'e82be7d358', time: '2018-11-14T08:25:53'
System info: host: 'DESKTOP-B2QI6NS', ip: '172.31.253.139', os.name: 'Windows 10', os.arch: 'amd64', os.version: '10.0', java.version: '1.8.0_181'
Driver info: com.kms.katalon.selenium.driver.CChromeDriver
Capabilities {acceptInsecureCerts: true, browserName: chrome, browserVersion: 120.0.6099.109, chrome: {chromedriverVersion: 119.0.6045.105 (38c72552c5e..., userDataDir: C:\Users\imtiaz\AppData\Loc...}, fedcm:accounts: true, goog:chromeOptions: {debuggerAddress: localhost:49491}, javascriptEnabled: true, networkConnectionEnabled: false, pageLoadStrategy: normal, platform: WINDOWS, platformName: WINDOWS, proxy: Proxy(), setWindowRect: true, strictFileInteractability: false, timeouts: {implicit: 0, pageLoad: 300000, script: 30000}, unhandledPromptBehavior: dismiss and notify, webauthn:extension:credBlob: true, webauthn:extension:largeBlob: true, webauthn:extension:minPinLength: true, webauthn:extension:prf: true, webauthn:virtualAuthenticators: true}
Session ID: 43126c69478c1ff69ccc30b89a8bad30
	at org.openqa.selenium.remote.http.W3CHttpResponseCodec.createException(W3CHttpResponseCodec.java:187)
	at org.openqa.selenium.remote.http.W3CHttpResponseCodec.decode(W3CHttpResponseCodec.java:122)
	at org.openqa.selenium.remote.http.W3CHttpResponseCodec.decode(W3CHttpResponseCodec.java:49)
	at org.openqa.selenium.remote.HttpCommandExecutor.execute(HttpCommandExecutor.java:158)
	at org.openqa.selenium.remote.service.DriverCommandExecutor.execute(DriverCommandExecutor.java:83)
	at org.openqa.selenium.remote.RemoteWebDriver.execute(RemoteWebDriver.java:552)
	at com.kms.katalon.selenium.driver.CChromeDriver.execute(CChromeDriver.java:19)
	at org.openqa.selenium.remote.RemoteWebDriver.executeScript(RemoteWebDriver.java:489)
	at org.openqa.selenium.support.events.EventFiringWebDriver.lambda$new$1(EventFiringWebDriver.java:105)
	at com.sun.proxy.$Proxy10.executeScript(Unknown Source)
	at org.openqa.selenium.support.events.EventFiringWebDriver.executeScript(EventFiringWebDriver.java:229)
	at com.thoughtworks.selenium.webdriven.ElementFinder.findElement(ElementFinder.java:91)
	... 23 more]]></system-out>
      <system-err><![CDATA[2023-12-16 21:00:47 - [TEST_SUITE][ERROR] - QA_IWP2.3_Regression: Test Cases/IntegratedWeb/IWP23-SelIDE/AmpersandCorp FAILED.
Reason:
com.thoughtworks.selenium.SeleniumException: Element name=variableField4DropdownGroupItemID not found
	at com.thoughtworks.selenium.webdriven.ElementFinder.findElement(ElementFinder.java:93)
	at com.thoughtworks.selenium.webdriven.commands.SeleniumSelect.<init>(SeleniumSelect.java:48)
	at com.thoughtworks.selenium.webdriven.commands.SelectOption.handleSeleneseCommand(SelectOption.java:41)
	at com.thoughtworks.selenium.webdriven.commands.SelectOption.handleSeleneseCommand(SelectOption.java:26)
	at com.thoughtworks.selenium.webdriven.SeleneseCommand.apply(SeleneseCommand.java:39)
	at com.thoughtworks.selenium.webdriven.Timer.run(Timer.java:41)
	at com.thoughtworks.selenium.webdriven.WebDriverCommandProcessor.execute(WebDriverCommandProcessor.java:150)
	at com.thoughtworks.selenium.webdriven.WebDriverCommandProcessor.doCommand(WebDriverCommandProcessor.java:76)
	at com.thoughtworks.selenium.DefaultSelenium.select(DefaultSelenium.java:350)
	at com.thoughtworks.selenium.Selenium$select$0.call(Unknown Source)
	at AmpersandCorp.run(AmpersandCorp:110)
	at com.kms.katalon.core.main.ScriptEngine.run(ScriptEngine.java:194)
	at com.kms.katalon.core.main.ScriptEngine.runScriptAsRawText(ScriptEngine.java:119)
	at com.kms.katalon.core.main.TestCaseExecutor.runScript(TestCaseExecutor.java:448)
	at com.kms.katalon.core.main.TestCaseExecutor.doExecute(TestCaseExecutor.java:439)
	at com.kms.katalon.core.main.TestCaseExecutor.processExecutionPhase(TestCaseExecutor.java:418)
	at com.kms.katalon.core.main.TestCaseExecutor.accessMainPhase(TestCaseExecutor.java:410)
	at com.kms.katalon.core.main.TestCaseExecutor.execute(TestCaseExecutor.java:285)
	at com.kms.katalon.core.common.CommonExecutor.accessTestCaseMainPhase(CommonExecutor.java:65)
	at com.kms.katalon.core.main.TestSuiteExecutor.accessTestSuiteMainPhase(TestSuiteExecutor.java:148)
	at com.kms.katalon.core.main.TestSuiteExecutor.execute(TestSuiteExecutor.java:106)
	at com.kms.katalon.core.main.TestCaseMain.startTestSuite(TestCaseMain.java:187)
	at com.kms.katalon.core.main.TestCaseMain$startTestSuite$0.call(Unknown Source)
	at TempTestSuite1702778440031.run(TempTestSuite1702778440031.groovy:36)
Caused by: org.openqa.selenium.JavascriptException: javascript error: Element name=variableField4DropdownGroupItemID not found
  (Session info: chrome=120.0.6099.109)
Build info: version: '3.141.59', revision: 'e82be7d358', time: '2018-11-14T08:25:53'
System info: host: 'DESKTOP-B2QI6NS', ip: '172.31.253.139', os.name: 'Windows 10', os.arch: 'amd64', os.version: '10.0', java.version: '1.8.0_181'
Driver info: com.kms.katalon.selenium.driver.CChromeDriver
Capabilities {acceptInsecureCerts: true, browserName: chrome, browserVersion: 120.0.6099.109, chrome: {chromedriverVersion: 119.0.6045.105 (38c72552c5e..., userDataDir: C:\Users\imtiaz\AppData\Loc...}, fedcm:accounts: true, goog:chromeOptions: {debuggerAddress: localhost:49491}, javascriptEnabled: true, networkConnectionEnabled: false, pageLoadStrategy: normal, platform: WINDOWS, platformName: WINDOWS, proxy: Proxy(), setWindowRect: true, strictFileInteractability: false, timeouts: {implicit: 0, pageLoad: 300000, script: 30000}, unhandledPromptBehavior: dismiss and notify, webauthn:extension:credBlob: true, webauthn:extension:largeBlob: true, webauthn:extension:minPinLength: true, webauthn:extension:prf: true, webauthn:virtualAuthenticators: true}
Session ID: 43126c69478c1ff69ccc30b89a8bad30
	at org.openqa.selenium.remote.http.W3CHttpResponseCodec.createException(W3CHttpResponseCodec.java:187)
	at org.openqa.selenium.remote.http.W3CHttpResponseCodec.decode(W3CHttpResponseCodec.java:122)
	at org.openqa.selenium.remote.http.W3CHttpResponseCodec.decode(W3CHttpResponseCodec.java:49)
	at org.openqa.selenium.remote.HttpCommandExecutor.execute(HttpCommandExecutor.java:158)
	at org.openqa.selenium.remote.service.DriverCommandExecutor.execute(DriverCommandExecutor.java:83)
	at org.openqa.selenium.remote.RemoteWebDriver.execute(RemoteWebDriver.java:552)
	at com.kms.katalon.selenium.driver.CChromeDriver.execute(CChromeDriver.java:19)
	at org.openqa.selenium.remote.RemoteWebDriver.executeScript(RemoteWebDriver.java:489)
	at org.openqa.selenium.support.events.EventFiringWebDriver.lambda$new$1(EventFiringWebDriver.java:105)
	at com.sun.proxy.$Proxy10.executeScript(Unknown Source)
	at org.openqa.selenium.support.events.EventFiringWebDriver.executeScript(EventFiringWebDriver.java:229)
	at com.thoughtworks.selenium.webdriven.ElementFinder.findElement(ElementFinder.java:91)
	... 23 more]]></system-err>
   </testsuite>
</testsuites>
