<?xml version="1.0" encoding="UTF-8"?>
<testsuites name="IWP30 Smoke TestSuite" time="3740.652" tests="17" failures="6" errors="0">
   <testsuite name="IWP30 Smoke TestSuite" tests="17" failures="6" errors="0" time="3740.652" skipped="0" timestamp="2024-05-15 15:10:25" hostname="imtiaz - DESKTOP-B2QI6NS.govolution.com" id="Test Suites/QA/IWP3.0/IWP30 Smoke TestSuite">
      <properties>
         <property name="deviceName" value=""/>
         <property name="devicePlatform" value=""/>
         <property name="logFolder" value="E:\\Cloned-Project-Katalon\\VPS-Katalon\\Reports\\20240515_151019\\QA\\IWP3.0\\IWP30 Smoke TestSuite\\20240515_151019"/>
         <property name="logFiles" value="E:\\Cloned-Project-Katalon\\VPS-Katalon\\Reports\\20240515_151019\\QA\\IWP3.0\\IWP30 Smoke TestSuite\\20240515_151019\\execution0.log"/>
         <property name="attachments" value="E:\\Cloned-Project-Katalon\\VPS-Katalon\\Reports\\20240515_151019\\QA\\IWP3.0\\IWP30 Smoke TestSuite\\20240515_151019\\1715801094775.png, E:\\Cloned-Project-Katalon\\VPS-Katalon\\Reports\\20240515_151019\\QA\\IWP3.0\\IWP30 Smoke TestSuite\\20240515_151019\\1715801129209.png, E:\\Cloned-Project-Katalon\\VPS-Katalon\\Reports\\20240515_151019\\QA\\IWP3.0\\IWP30 Smoke TestSuite\\20240515_151019\\1715801162245.png, E:\\Cloned-Project-Katalon\\VPS-Katalon\\Reports\\20240515_151019\\QA\\IWP3.0\\IWP30 Smoke TestSuite\\20240515_151019\\1715801196708.png, E:\\Cloned-Project-Katalon\\VPS-Katalon\\Reports\\20240515_151019\\QA\\IWP3.0\\IWP30 Smoke TestSuite\\20240515_151019\\1715801258634.png, E:\\Cloned-Project-Katalon\\VPS-Katalon\\Reports\\20240515_151019\\QA\\IWP3.0\\IWP30 Smoke TestSuite\\20240515_151019\\1715801298271.png, E:\\Cloned-Project-Katalon\\VPS-Katalon\\Reports\\20240515_151019\\QA\\IWP3.0\\IWP30 Smoke TestSuite\\20240515_151019\\1715801355474.png, E:\\Cloned-Project-Katalon\\VPS-Katalon\\Reports\\20240515_151019\\QA\\IWP3.0\\IWP30 Smoke TestSuite\\20240515_151019\\1715801392492.png, E:\\Cloned-Project-Katalon\\VPS-Katalon\\Reports\\20240515_151019\\QA\\IWP3.0\\IWP30 Smoke TestSuite\\20240515_151019\\1715801521294.png, E:\\Cloned-Project-Katalon\\VPS-Katalon\\Reports\\20240515_151019\\QA\\IWP3.0\\IWP30 Smoke TestSuite\\20240515_151019\\1715801560657.png, E:\\Cloned-Project-Katalon\\VPS-Katalon\\Reports\\20240515_151019\\QA\\IWP3.0\\IWP30 Smoke TestSuite\\20240515_151019\\1715801621753.png, E:\\Cloned-Project-Katalon\\VPS-Katalon\\Reports\\20240515_151019\\QA\\IWP3.0\\IWP30 Smoke TestSuite\\20240515_151019\\1715801660901.png, E:\\Cloned-Project-Katalon\\VPS-Katalon\\Reports\\20240515_151019\\QA\\IWP3.0\\IWP30 Smoke TestSuite\\20240515_151019\\1715801721978.png, E:\\Cloned-Project-Katalon\\VPS-Katalon\\Reports\\20240515_151019\\QA\\IWP3.0\\IWP30 Smoke TestSuite\\20240515_151019\\1715801761545.png, E:\\Cloned-Project-Katalon\\VPS-Katalon\\Reports\\20240515_151019\\QA\\IWP3.0\\IWP30 Smoke TestSuite\\20240515_151019\\1715801822664.png, E:\\Cloned-Project-Katalon\\VPS-Katalon\\Reports\\20240515_151019\\QA\\IWP3.0\\IWP30 Smoke TestSuite\\20240515_151019\\1715801862133.png, E:\\Cloned-Project-Katalon\\VPS-Katalon\\Reports\\20240515_151019\\QA\\IWP3.0\\IWP30 Smoke TestSuite\\20240515_151019\\1715801962157.png, E:\\Cloned-Project-Katalon\\VPS-Katalon\\Reports\\20240515_151019\\QA\\IWP3.0\\IWP30 Smoke TestSuite\\20240515_151019\\1715802061557.png, E:\\Cloned-Project-Katalon\\VPS-Katalon\\Reports\\20240515_151019\\QA\\IWP3.0\\IWP30 Smoke TestSuite\\20240515_151019\\1715802672270.png, E:\\Cloned-Project-Katalon\\VPS-Katalon\\Reports\\20240515_151019\\QA\\IWP3.0\\IWP30 Smoke TestSuite\\20240515_151019\\1715802712038.png, E:\\Cloned-Project-Katalon\\VPS-Katalon\\Reports\\20240515_151019\\QA\\IWP3.0\\IWP30 Smoke TestSuite\\20240515_151019\\1715802773452.png, E:\\Cloned-Project-Katalon\\VPS-Katalon\\Reports\\20240515_151019\\QA\\IWP3.0\\IWP30 Smoke TestSuite\\20240515_151019\\1715802810093.png, E:\\Cloned-Project-Katalon\\VPS-Katalon\\Reports\\20240515_151019\\QA\\IWP3.0\\IWP30 Smoke TestSuite\\20240515_151019\\1715802948198.png, E:\\Cloned-Project-Katalon\\VPS-Katalon\\Reports\\20240515_151019\\QA\\IWP3.0\\IWP30 Smoke TestSuite\\20240515_151019\\1715802987537.png, E:\\Cloned-Project-Katalon\\VPS-Katalon\\Reports\\20240515_151019\\QA\\IWP3.0\\IWP30 Smoke TestSuite\\20240515_151019\\1715803052993.png, E:\\Cloned-Project-Katalon\\VPS-Katalon\\Reports\\20240515_151019\\QA\\IWP3.0\\IWP30 Smoke TestSuite\\20240515_151019\\1715803092611.png, E:\\Cloned-Project-Katalon\\VPS-Katalon\\Reports\\20240515_151019\\QA\\IWP3.0\\IWP30 Smoke TestSuite\\20240515_151019\\1715803157330.png, E:\\Cloned-Project-Katalon\\VPS-Katalon\\Reports\\20240515_151019\\QA\\IWP3.0\\IWP30 Smoke TestSuite\\20240515_151019\\1715803196653.png, E:\\Cloned-Project-Katalon\\VPS-Katalon\\Reports\\20240515_151019\\QA\\IWP3.0\\IWP30 Smoke TestSuite\\20240515_151019\\1715803261533.png, E:\\Cloned-Project-Katalon\\VPS-Katalon\\Reports\\20240515_151019\\QA\\IWP3.0\\IWP30 Smoke TestSuite\\20240515_151019\\1715803300699.png, E:\\Cloned-Project-Katalon\\VPS-Katalon\\Reports\\20240515_151019\\QA\\IWP3.0\\IWP30 Smoke TestSuite\\20240515_151019\\1715803404359.png, E:\\Cloned-Project-Katalon\\VPS-Katalon\\Reports\\20240515_151019\\QA\\IWP3.0\\IWP30 Smoke TestSuite\\20240515_151019\\1715803508509.png, E:\\Cloned-Project-Katalon\\VPS-Katalon\\Reports\\20240515_151019\\QA\\IWP3.0\\IWP30 Smoke TestSuite\\20240515_151019\\1715803732337.png, E:\\Cloned-Project-Katalon\\VPS-Katalon\\Reports\\20240515_151019\\QA\\IWP3.0\\IWP30 Smoke TestSuite\\20240515_151019\\1715803804452.png, E:\\Cloned-Project-Katalon\\VPS-Katalon\\Reports\\20240515_151019\\QA\\IWP3.0\\IWP30 Smoke TestSuite\\20240515_151019\\1715803838969.png, E:\\Cloned-Project-Katalon\\VPS-Katalon\\Reports\\20240515_151019\\QA\\IWP3.0\\IWP30 Smoke TestSuite\\20240515_151019\\1715803872087.png"/>
         <property name="hostName" value="imtiaz - DESKTOP-B2QI6NS.govolution.com"/>
         <property name="os" value="Windows 10 64bit"/>
         <property name="katalonVersion" value="8.6.9.208"/>
         <property name="browser" value="Chrome 124.0.0.0"/>
         <property name="hostAddress" value="172.31.253.185"/>
         <property name="sessionId" value="386a06526c77e433c927ce54382359a4"/>
         <property name="seleniumVersion" value="3.141.59"/>
         <property name="proxyInformation" value="ProxyInformation { proxyOption=NO_PROXY, proxyServerType=HTTP, username=, password=********, proxyServerAddress=, proxyServerPort=0, executionList=&quot;&quot;, isApplyToDesiredCapabilities=true }"/>
         <property name="platform" value="Windows 10"/>
      </properties>
      <testcase name="Test Cases/IntegratedWeb/IWP30/Payments/PayNowSuccessfulPaymentNoCFCC" time="212.081" classname="Test Cases/IntegratedWeb/IWP30/Payments/PayNowSuccessfulPaymentNoCFCC" status="PASSED">
         <system-out><![CDATA[2024-05-15 15:10:26 - [TEST_CASE][PASSED] - Test Cases/IntegratedWeb/IWP30/Payments/PayNowSuccessfulPaymentNoCFCC: Test Cases/IntegratedWeb/IWP30/Payments/PayNowSuccessfulPaymentNoCFCC

2024-05-15 15:10:27 - [TEST_STEP][PASSED] - resText = "Fail": null

2024-05-15 15:10:27 - [TEST_STEP][PASSED] - resColumn = "Result": null

2024-05-15 15:10:27 - [TEST_STEP][PASSED] - datCloumn = "Date": null

2024-05-15 15:10:27 - [TEST_STEP][PASSED] - fileLoc = "KatalonData/IWPTestData/VRelay30PayNowCC.xlsx": null

2024-05-15 15:10:27 - [TEST_STEP][PASSED] - numOfRows = <not implemented yet for class: org.codehaus.groovy.ast.expr.EmptyExpression>: null

2024-05-15 15:10:27 - [TEST_STEP][PASSED] - dataFile = <not implemented yet for class: org.codehaus.groovy.ast.expr.EmptyExpression>: null

2024-05-15 15:10:27 - [TEST_STEP][PASSED] - nameSheet = <not implemented yet for class: org.codehaus.groovy.ast.expr.EmptyExpression>: null

2024-05-15 15:10:27 - [TEST_STEP][PASSED] - dataFileEmulator = <not implemented yet for class: org.codehaus.groovy.ast.expr.EmptyExpression>: null

2024-05-15 15:10:27 - [TEST_STEP][PASSED] - nameSheet = "PayNowCC": null

2024-05-15 15:10:27 - [TEST_STEP][PASSED] - dataFile = "IWPTestData/PayNowCreditCard": null

2024-05-15 15:10:27 - [TEST_STEP][PASSED] - dataFileEmulator = "IWPTestData/EmulatorData": null

2024-05-15 15:10:27 - [TEST_STEP][PASSED] - numOfRows = findTestData(dataFile).getRowNumbers(): null

2024-05-15 15:10:28 - [TEST_STEP][PASSED] - println("Number of Records: " + numOfRows): null

2024-05-15 15:10:28 - [TEST_STEP][PASSED] - for ([row = 1, row <= numOfRows, (row++)]): Browser is closed

2024-05-15 15:10:28 - [TEST_STEP][PASSED] - ExecuteTC = findTestData(dataFile).getValue("Execute", row): null

2024-05-15 15:10:28 - [TEST_STEP][PASSED] - out.println("Value of Execute is : " + ExecuteTC): null

2024-05-15 15:10:28 - [TEST_STEP][PASSED] - if (ExecuteTC.equalsIgnoreCase("Y")): Browser is closed

2024-05-15 15:10:28 - [TEST_STEP][PASSED] - out.println("Begin Record Number: " + row): null

2024-05-15 15:10:28 - [TEST_STEP][PASSED] - today = new java.util.Date(): null

2024-05-15 15:10:28 - [TEST_STEP][PASSED] - println(today): null

2024-05-15 15:10:28 - [TEST_STEP][PASSED] - datText = today: null

2024-05-15 15:10:28 - [TEST_STEP][PASSED] - EmulatorDataKey = findTestData(dataFile).getValue("EmulatorData", row): null

2024-05-15 15:10:28 - [TEST_STEP][PASSED] - out.println("Value of Emulator Key is : " + EmulatorDataKey): null

2024-05-15 15:10:28 - [TEST_STEP][PASSED] - iwpPages.emulatorIWP30.setDataEmulator_DD(EmulatorDataKey): iwpPages.emulatorIWP30.setDataEmulator_DD is PASSED

2024-05-15 15:10:30 - [MESSAGE][INFO] - Starting 'Chrome' driver

2024-05-15 15:10:30 - [MESSAGE][INFO] - User set preference: ['acceptInsecureCerts', 'true']

2024-05-15 15:10:30 - [MESSAGE][INFO] - Action delay is set to 0 milliseconds

2024-05-15 15:10:33 - [MESSAGE][PASSED] - Browser is opened with url: 'https://qa2.velocitypayment.com/agency/config.do?action=editor&message_version=3_0'

2024-05-15 15:10:34 - [MESSAGE][PASSED] - Current window maximized

2024-05-15 15:10:35 - [MESSAGE][PASSED] - All options with value '3.0' are selected in object 'Object Repository/IWP30/Page_VRelay30Emulator/MV'  using regular expression

2024-05-15 15:10:36 - [MESSAGE][PASSED] - Text '10.50' is set on object 'Object Repository/IWP30/Page_VRelay30Emulator/Amount'

2024-05-15 15:10:36 - [MESSAGE][PASSED] - Text '26412167' is set on object 'Object Repository/IWP30/Page_VRelay30Emulator/CAN'

2024-05-15 15:10:37 - [MESSAGE][PASSED] - Text 'PayNow' is set on object 'Object Repository/IWP30/Page_VRelay30Emulator/Action'

2024-05-15 15:10:38 - [MESSAGE][PASSED] - Text 'en_US' is set on object 'Object Repository/IWP30/Page_VRelay30Emulator/Lang'

2024-05-15 15:10:38 - [MESSAGE][PASSED] - Text 'Elizath' is set on object 'Object Repository/IWP30/Page_VRelay30Emulator/Fname'

2024-05-15 15:10:39 - [MESSAGE][PASSED] - Text 'Christine' is set on object 'Object Repository/IWP30/Page_VRelay30Emulator/Lname'

2024-05-15 15:10:40 - [MESSAGE][PASSED] - Text '258 Underwood rd' is set on object 'Object Repository/IWP30/Page_VRelay30Emulator/AL1'

2024-05-15 15:10:40 - [MESSAGE][PASSED] - Text 'Suite 600' is set on object 'Object Repository/IWP30/Page_VRelay30Emulator/AL2'

2024-05-15 15:10:41 - [MESSAGE][PASSED] - Text '840' is set on object 'Object Repository/IWP30/Page_VRelay30Emulator/Country'

2024-05-15 15:10:41 - [MESSAGE][PASSED] - Text 'Arlington' is set on object 'Object Repository/IWP30/Page_VRelay30Emulator/City'

2024-05-15 15:10:42 - [MESSAGE][PASSED] - Text 'VA' is set on object 'Object Repository/IWP30/Page_VRelay30Emulator/State'

2024-05-15 15:10:43 - [MESSAGE][PASSED] - Text '22201' is set on object 'Object Repository/IWP30/Page_VRelay30Emulator/ZIP'

2024-05-15 15:10:43 - [MESSAGE][PASSED] - Text '' is set on object 'Object Repository/IWP30/Page_VRelay30Emulator/Order'

2024-05-15 15:10:44 - [MESSAGE][PASSED] - Text '' is set on object 'Object Repository/IWP30/Page_VRelay30Emulator/Company'

2024-05-15 15:10:45 - [MESSAGE][PASSED] - Text 'iahmed@govolution.com' is set on object 'Object Repository/IWP30/Page_VRelay30Emulator/Email'

2024-05-15 15:10:45 - [MESSAGE][PASSED] - Text 'udf data 1' is set on object 'Object Repository/IWP30/Page_VRelay30Emulator/UDF1'

2024-05-15 15:10:46 - [MESSAGE][PASSED] - Text 'udf data 2' is set on object 'Object Repository/IWP30/Page_VRelay30Emulator/UDF2'

2024-05-15 15:10:47 - [MESSAGE][PASSED] - Text 'udf data 3' is set on object 'Object Repository/IWP30/Page_VRelay30Emulator/UDF3'

2024-05-15 15:10:47 - [MESSAGE][PASSED] - Text 'udf data 4' is set on object 'Object Repository/IWP30/Page_VRelay30Emulator/UDF4'

2024-05-15 15:10:48 - [MESSAGE][PASSED] - Text 'udf data 5' is set on object 'Object Repository/IWP30/Page_VRelay30Emulator/UDF5'

2024-05-15 15:10:49 - [MESSAGE][PASSED] - Text 'udf data 6' is set on object 'Object Repository/IWP30/Page_VRelay30Emulator/UDF6'

2024-05-15 15:10:49 - [MESSAGE][PASSED] - Text 'Orange' is set on object 'Object Repository/IWP30/Page_VRelay30Emulator/UDF7'

2024-05-15 15:10:50 - [MESSAGE][PASSED] - Text 'Soccer' is set on object 'Object Repository/IWP30/Page_VRelay30Emulator/UDF8'

2024-05-15 15:10:50 - [MESSAGE][PASSED] - Text 'udf data 9' is set on object 'Object Repository/IWP30/Page_VRelay30Emulator/UDF9'

2024-05-15 15:10:51 - [MESSAGE][PASSED] - Text 'udf data 10' is set on object 'Object Repository/IWP30/Page_VRelay30Emulator/UDF10'

2024-05-15 15:10:52 - [MESSAGE][PASSED] - Object: 'Object Repository/IWP30/Page_VRelay30Emulator/Submit' is clicked on

2024-05-15 15:10:53 - [MESSAGE][PASSED] - Browser is closed

2024-05-15 15:10:54 - [MESSAGE][PASSED] - iwpPages.emulatorIWP30.setDataEmulator_DD is PASSED

2024-05-15 15:10:54 - [TEST_STEP][PASSED] - testHarnessURL = urlTestHarness: null

2024-05-15 15:10:54 - [TEST_STEP][PASSED] - openBrowser(testHarnessURL): Browser is opened with url: 'https://dev-algorithm.govolution.com/vrelaytest/QA2/version_2_2/vrelaytest.html'

2024-05-15 15:10:54 - [MESSAGE][INFO] - Starting 'Chrome' driver

2024-05-15 15:10:54 - [MESSAGE][INFO] - User set preference: ['acceptInsecureCerts', 'true']

2024-05-15 15:10:54 - [MESSAGE][INFO] - Action delay is set to 0 milliseconds

2024-05-15 15:10:56 - [MESSAGE][PASSED] - Browser is opened with url: 'https://dev-algorithm.govolution.com/vrelaytest/QA2/version_2_2/vrelaytest.html'

2024-05-15 15:10:56 - [TEST_STEP][PASSED] - maximizeWindow(): Current window maximized

2024-05-15 15:10:56 - [MESSAGE][PASSED] - Current window maximized

2024-05-15 15:10:56 - [TEST_STEP][PASSED] - iwpPages.TestHarnessPage.setDataMethod(row, dataFile): iwpPages.TestHarnessPage.setDataMethod is PASSED

2024-05-15 15:10:57 - [MESSAGE][PASSED] - Object 'Object Repository/IWP30/Page_QATestHarness/RemittanceID' is present

2024-05-15 15:10:58 - [MESSAGE][PASSED] - Text '649' is set on object 'Object Repository/IWP30/Page_QATestHarness/ApplicationID'

2024-05-15 15:10:58 - [MESSAGE][PASSED] - Text '3.0' is set on object 'Object Repository/IWP30/Page_QATestHarness/MessageVersion'

2024-05-15 15:10:59 - [MESSAGE][PASSED] - Text '8FOHzb1GDX6S' is set on object 'Object Repository/IWP30/Page_QATestHarness/RemittanceID'

2024-05-15 15:11:01 - [MESSAGE][PASSED] - Object: 'Object Repository/IWP30/Page_QATestHarness/SubmitButton' is clicked on

2024-05-15 15:11:01 - [MESSAGE][PASSED] - iwpPages.TestHarnessPage.setDataMethod is PASSED

2024-05-15 15:11:01 - [TEST_STEP][PASSED] - check(findTestObject("Object Repository/IWP30/Page_SelectPaymentMethod/PayByCreditCard")): Object 'Object Repository/IWP30/Page_SelectPaymentMethod/PayByCreditCard' is checked

2024-05-15 15:11:02 - [MESSAGE][PASSED] - Object 'Object Repository/IWP30/Page_SelectPaymentMethod/PayByCreditCard' is checked

2024-05-15 15:11:02 - [TEST_STEP][PASSED] - click(findTestObject("Object Repository/IWP30/Page_SelectPaymentMethod/MakePaymentButton")): Object: 'Object Repository/IWP30/Page_SelectPaymentMethod/MakePaymentButton' is clicked on

2024-05-15 15:11:03 - [MESSAGE][PASSED] - Object: 'Object Repository/IWP30/Page_SelectPaymentMethod/MakePaymentButton' is clicked on

2024-05-15 15:11:03 - [TEST_STEP][PASSED] - iwpPages.ccPaymentEntryPage.setDataIWPCreditCard(row, dataFile): iwpPages.ccPaymentEntryPage.setDataIWPCreditCard is PASSED

2024-05-15 15:11:05 - [MESSAGE][PASSED] - Object 'Object Repository/IWP30/Page_CCPaymentEntry/Name' is present

2024-05-15 15:11:05 - [MESSAGE][PASSED] - Text '5146312200000035' is set on object 'Object Repository/IWP30/Page_CCPaymentEntry/CardNumber'

2024-05-15 15:11:06 - [MESSAGE][PASSED] - Text '123' is set on object 'Object Repository/IWP30/Page_CCPaymentEntry/SPC'

2024-05-15 15:11:07 - [MESSAGE][PASSED] - All options with label '09' are selected in object 'Object Repository/IWP30/Page_CCPaymentEntry/Month' 

2024-05-15 15:11:08 - [MESSAGE][PASSED] - All options with label '2028' are selected in object 'Object Repository/IWP30/Page_CCPaymentEntry/Year' 

2024-05-15 15:11:08 - [MESSAGE][PASSED] - Object 'Object Repository/IWP30/Page_CCPaymentEntry/TermCondCheckBox' is present

2024-05-15 15:11:08 - [MESSAGE][PASSED] - Object 'Object Repository/IWP30/Page_CCPaymentEntry/TermCondCheckBox' is checked

2024-05-15 15:11:08 - [MESSAGE][PASSED] - Object 'Object Repository/IWP30/Page_CCPaymentEntry/ContinueButton' is present

2024-05-15 15:11:10 - [MESSAGE][PASSED] - Object: 'Object Repository/IWP30/Page_CCPaymentEntry/ContinueButton' is clicked on

2024-05-15 15:11:10 - [MESSAGE][PASSED] - iwpPages.ccPaymentEntryPage.setDataIWPCreditCard is PASSED

2024-05-15 15:11:10 - [TEST_STEP][PASSED] - click(findTestObject("Object Repository/IWP30/Page_Confirmation/ConfirmButton")): Object: 'Object Repository/IWP30/Page_Confirmation/ConfirmButton' is clicked on

2024-05-15 15:11:12 - [MESSAGE][PASSED] - Object: 'Object Repository/IWP30/Page_Confirmation/ConfirmButton' is clicked on

2024-05-15 15:11:12 - [TEST_STEP][PASSED] - Thread.sleep(10000): null

2024-05-15 15:11:22 - [TEST_STEP][PASSED] - if (verifyTextPresent("Successful Payment Receipt", false)): null

2024-05-15 15:11:22 - [MESSAGE][PASSED] - Text 'Successful Payment Receipt' is present on page 

2024-05-15 15:11:22 - [TEST_STEP][PASSED] - println("Successful Payment Receipt text is present on the Receipt page"): null

2024-05-15 15:11:22 - [TEST_STEP][PASSED] - markPassed("Successful Payment Receipt text is present on the Receipt page"): Successful Payment Receipt text is present on the Receipt page

2024-05-15 15:11:22 - [MESSAGE][PASSED] - Successful Payment Receipt text is present on the Receipt page

2024-05-15 15:11:22 - [TEST_STEP][PASSED] - resText = "Pass": null

2024-05-15 15:11:22 - [TEST_STEP][PASSED] - pages.WriteExcel.demoKey(resText, datText, resColumn, datCloumn, fileLoc, nameSheet, row): pages.WriteExcel.demoKey is PASSED

2024-05-15 15:11:23 - [MESSAGE][PASSED] - pages.WriteExcel.demoKey is PASSED

2024-05-15 15:11:23 - [TEST_STEP][PASSED] - closeBrowser(): Browser is closed

2024-05-15 15:11:24 - [MESSAGE][PASSED] - Browser is closed

2024-05-15 15:11:24 - [TEST_STEP][PASSED] - ExecuteTC = findTestData(dataFile).getValue("Execute", row): null

2024-05-15 15:11:24 - [TEST_STEP][PASSED] - out.println("Value of Execute is : " + ExecuteTC): null

2024-05-15 15:11:24 - [TEST_STEP][PASSED] - if (ExecuteTC.equalsIgnoreCase("Y")): Browser is closed

2024-05-15 15:11:24 - [TEST_STEP][PASSED] - out.println("Begin Record Number: " + row): null

2024-05-15 15:11:24 - [TEST_STEP][PASSED] - today = new java.util.Date(): null

2024-05-15 15:11:24 - [TEST_STEP][PASSED] - println(today): null

2024-05-15 15:11:24 - [TEST_STEP][PASSED] - datText = today: null

2024-05-15 15:11:24 - [TEST_STEP][PASSED] - EmulatorDataKey = findTestData(dataFile).getValue("EmulatorData", row): null

2024-05-15 15:11:24 - [TEST_STEP][PASSED] - out.println("Value of Emulator Key is : " + EmulatorDataKey): null

2024-05-15 15:11:24 - [TEST_STEP][PASSED] - iwpPages.emulatorIWP30.setDataEmulator_DD(EmulatorDataKey): iwpPages.emulatorIWP30.setDataEmulator_DD is PASSED

2024-05-15 15:11:25 - [MESSAGE][INFO] - Starting 'Chrome' driver

2024-05-15 15:11:25 - [MESSAGE][INFO] - User set preference: ['acceptInsecureCerts', 'true']

2024-05-15 15:11:25 - [MESSAGE][INFO] - Action delay is set to 0 milliseconds

2024-05-15 15:11:28 - [MESSAGE][PASSED] - Browser is opened with url: 'https://qa2.velocitypayment.com/agency/config.do?action=editor&message_version=3_0'

2024-05-15 15:11:28 - [MESSAGE][PASSED] - Current window maximized

2024-05-15 15:11:29 - [MESSAGE][PASSED] - All options with value '3.0' are selected in object 'Object Repository/IWP30/Page_VRelay30Emulator/MV'  using regular expression

2024-05-15 15:11:30 - [MESSAGE][PASSED] - Text '10.50' is set on object 'Object Repository/IWP30/Page_VRelay30Emulator/Amount'

2024-05-15 15:11:30 - [MESSAGE][PASSED] - Text '26412167' is set on object 'Object Repository/IWP30/Page_VRelay30Emulator/CAN'

2024-05-15 15:11:31 - [MESSAGE][PASSED] - Text 'PayNow' is set on object 'Object Repository/IWP30/Page_VRelay30Emulator/Action'

2024-05-15 15:11:32 - [MESSAGE][PASSED] - Text 'en_US' is set on object 'Object Repository/IWP30/Page_VRelay30Emulator/Lang'

2024-05-15 15:11:32 - [MESSAGE][PASSED] - Text 'Elizath' is set on object 'Object Repository/IWP30/Page_VRelay30Emulator/Fname'

2024-05-15 15:11:33 - [MESSAGE][PASSED] - Text 'Christine' is set on object 'Object Repository/IWP30/Page_VRelay30Emulator/Lname'

2024-05-15 15:11:33 - [MESSAGE][PASSED] - Text '258 Underwood rd' is set on object 'Object Repository/IWP30/Page_VRelay30Emulator/AL1'

2024-05-15 15:11:34 - [MESSAGE][PASSED] - Text 'Suite 600' is set on object 'Object Repository/IWP30/Page_VRelay30Emulator/AL2'

2024-05-15 15:11:35 - [MESSAGE][PASSED] - Text '840' is set on object 'Object Repository/IWP30/Page_VRelay30Emulator/Country'

2024-05-15 15:11:35 - [MESSAGE][PASSED] - Text 'Arlington' is set on object 'Object Repository/IWP30/Page_VRelay30Emulator/City'

2024-05-15 15:11:36 - [MESSAGE][PASSED] - Text 'VA' is set on object 'Object Repository/IWP30/Page_VRelay30Emulator/State'

2024-05-15 15:11:37 - [MESSAGE][PASSED] - Text '22201' is set on object 'Object Repository/IWP30/Page_VRelay30Emulator/ZIP'

2024-05-15 15:11:37 - [MESSAGE][PASSED] - Text '' is set on object 'Object Repository/IWP30/Page_VRelay30Emulator/Order'

2024-05-15 15:11:38 - [MESSAGE][PASSED] - Text '' is set on object 'Object Repository/IWP30/Page_VRelay30Emulator/Company'

2024-05-15 15:11:39 - [MESSAGE][PASSED] - Text 'iahmed@govolution.com' is set on object 'Object Repository/IWP30/Page_VRelay30Emulator/Email'

2024-05-15 15:11:39 - [MESSAGE][PASSED] - Text 'udf data 1' is set on object 'Object Repository/IWP30/Page_VRelay30Emulator/UDF1'

2024-05-15 15:11:40 - [MESSAGE][PASSED] - Text 'udf data 2' is set on object 'Object Repository/IWP30/Page_VRelay30Emulator/UDF2'

2024-05-15 15:11:41 - [MESSAGE][PASSED] - Text 'udf data 3' is set on object 'Object Repository/IWP30/Page_VRelay30Emulator/UDF3'

2024-05-15 15:11:41 - [MESSAGE][PASSED] - Text 'udf data 4' is set on object 'Object Repository/IWP30/Page_VRelay30Emulator/UDF4'

2024-05-15 15:11:42 - [MESSAGE][PASSED] - Text 'udf data 5' is set on object 'Object Repository/IWP30/Page_VRelay30Emulator/UDF5'

2024-05-15 15:11:42 - [MESSAGE][PASSED] - Text 'udf data 6' is set on object 'Object Repository/IWP30/Page_VRelay30Emulator/UDF6'

2024-05-15 15:11:43 - [MESSAGE][PASSED] - Text 'Orange' is set on object 'Object Repository/IWP30/Page_VRelay30Emulator/UDF7'

2024-05-15 15:11:44 - [MESSAGE][PASSED] - Text 'Soccer' is set on object 'Object Repository/IWP30/Page_VRelay30Emulator/UDF8'

2024-05-15 15:11:44 - [MESSAGE][PASSED] - Text 'udf data 9' is set on object 'Object Repository/IWP30/Page_VRelay30Emulator/UDF9'

2024-05-15 15:11:45 - [MESSAGE][PASSED] - Text 'udf data 10' is set on object 'Object Repository/IWP30/Page_VRelay30Emulator/UDF10'

2024-05-15 15:11:45 - [MESSAGE][PASSED] - Object: 'Object Repository/IWP30/Page_VRelay30Emulator/Submit' is clicked on

2024-05-15 15:11:47 - [MESSAGE][PASSED] - Browser is closed

2024-05-15 15:11:48 - [MESSAGE][PASSED] - iwpPages.emulatorIWP30.setDataEmulator_DD is PASSED

2024-05-15 15:11:48 - [TEST_STEP][PASSED] - testHarnessURL = urlTestHarness: null

2024-05-15 15:11:48 - [TEST_STEP][PASSED] - openBrowser(testHarnessURL): Browser is opened with url: 'https://dev-algorithm.govolution.com/vrelaytest/QA2/version_2_2/vrelaytest.html'

2024-05-15 15:11:48 - [MESSAGE][INFO] - Starting 'Chrome' driver

2024-05-15 15:11:48 - [MESSAGE][INFO] - User set preference: ['acceptInsecureCerts', 'true']

2024-05-15 15:11:48 - [MESSAGE][INFO] - Action delay is set to 0 milliseconds

2024-05-15 15:11:50 - [MESSAGE][PASSED] - Browser is opened with url: 'https://dev-algorithm.govolution.com/vrelaytest/QA2/version_2_2/vrelaytest.html'

2024-05-15 15:11:50 - [TEST_STEP][PASSED] - maximizeWindow(): Current window maximized

2024-05-15 15:11:50 - [MESSAGE][PASSED] - Current window maximized

2024-05-15 15:11:51 - [TEST_STEP][PASSED] - iwpPages.TestHarnessPage.setDataMethod(row, dataFile): iwpPages.TestHarnessPage.setDataMethod is PASSED

2024-05-15 15:11:51 - [MESSAGE][PASSED] - Object 'Object Repository/IWP30/Page_QATestHarness/RemittanceID' is present

2024-05-15 15:11:52 - [MESSAGE][PASSED] - Text '649' is set on object 'Object Repository/IWP30/Page_QATestHarness/ApplicationID'

2024-05-15 15:11:52 - [MESSAGE][PASSED] - Text '3.0' is set on object 'Object Repository/IWP30/Page_QATestHarness/MessageVersion'

2024-05-15 15:11:53 - [MESSAGE][PASSED] - Text '72POMM4HPxXG' is set on object 'Object Repository/IWP30/Page_QATestHarness/RemittanceID'

2024-05-15 15:11:55 - [MESSAGE][PASSED] - Object: 'Object Repository/IWP30/Page_QATestHarness/SubmitButton' is clicked on

2024-05-15 15:11:55 - [MESSAGE][PASSED] - iwpPages.TestHarnessPage.setDataMethod is PASSED

2024-05-15 15:11:55 - [TEST_STEP][PASSED] - check(findTestObject("Object Repository/IWP30/Page_SelectPaymentMethod/PayByCreditCard")): Object 'Object Repository/IWP30/Page_SelectPaymentMethod/PayByCreditCard' is checked

2024-05-15 15:11:55 - [MESSAGE][PASSED] - Object 'Object Repository/IWP30/Page_SelectPaymentMethod/PayByCreditCard' is checked

2024-05-15 15:11:55 - [TEST_STEP][PASSED] - click(findTestObject("Object Repository/IWP30/Page_SelectPaymentMethod/MakePaymentButton")): Object: 'Object Repository/IWP30/Page_SelectPaymentMethod/MakePaymentButton' is clicked on

2024-05-15 15:11:57 - [MESSAGE][PASSED] - Object: 'Object Repository/IWP30/Page_SelectPaymentMethod/MakePaymentButton' is clicked on

2024-05-15 15:11:57 - [TEST_STEP][PASSED] - iwpPages.ccPaymentEntryPage.setDataIWPCreditCard(row, dataFile): iwpPages.ccPaymentEntryPage.setDataIWPCreditCard is PASSED

2024-05-15 15:11:59 - [MESSAGE][PASSED] - Object 'Object Repository/IWP30/Page_CCPaymentEntry/Name' is present

2024-05-15 15:11:59 - [MESSAGE][PASSED] - Text '4761730000000011' is set on object 'Object Repository/IWP30/Page_CCPaymentEntry/CardNumber'

2024-05-15 15:12:00 - [MESSAGE][PASSED] - Text '123' is set on object 'Object Repository/IWP30/Page_CCPaymentEntry/SPC'

2024-05-15 15:12:01 - [MESSAGE][PASSED] - All options with label '12' are selected in object 'Object Repository/IWP30/Page_CCPaymentEntry/Month' 

2024-05-15 15:12:01 - [MESSAGE][PASSED] - All options with label '2028' are selected in object 'Object Repository/IWP30/Page_CCPaymentEntry/Year' 

2024-05-15 15:12:01 - [MESSAGE][PASSED] - Object 'Object Repository/IWP30/Page_CCPaymentEntry/TermCondCheckBox' is present

2024-05-15 15:12:02 - [MESSAGE][PASSED] - Object 'Object Repository/IWP30/Page_CCPaymentEntry/TermCondCheckBox' is checked

2024-05-15 15:12:02 - [MESSAGE][PASSED] - Object 'Object Repository/IWP30/Page_CCPaymentEntry/ContinueButton' is present

2024-05-15 15:12:03 - [MESSAGE][PASSED] - Object: 'Object Repository/IWP30/Page_CCPaymentEntry/ContinueButton' is clicked on

2024-05-15 15:12:03 - [MESSAGE][PASSED] - iwpPages.ccPaymentEntryPage.setDataIWPCreditCard is PASSED

2024-05-15 15:12:03 - [TEST_STEP][PASSED] - click(findTestObject("Object Repository/IWP30/Page_Confirmation/ConfirmButton")): Object: 'Object Repository/IWP30/Page_Confirmation/ConfirmButton' is clicked on

2024-05-15 15:12:04 - [MESSAGE][PASSED] - Object: 'Object Repository/IWP30/Page_Confirmation/ConfirmButton' is clicked on

2024-05-15 15:12:04 - [TEST_STEP][PASSED] - Thread.sleep(10000): null

2024-05-15 15:12:14 - [TEST_STEP][PASSED] - if (verifyTextPresent("Successful Payment Receipt", false)): null

2024-05-15 15:12:15 - [MESSAGE][PASSED] - Text 'Successful Payment Receipt' is present on page 

2024-05-15 15:12:15 - [TEST_STEP][PASSED] - println("Successful Payment Receipt text is present on the Receipt page"): null

2024-05-15 15:12:15 - [TEST_STEP][PASSED] - markPassed("Successful Payment Receipt text is present on the Receipt page"): Successful Payment Receipt text is present on the Receipt page

2024-05-15 15:12:15 - [MESSAGE][PASSED] - Successful Payment Receipt text is present on the Receipt page

2024-05-15 15:12:15 - [TEST_STEP][PASSED] - resText = "Pass": null

2024-05-15 15:12:15 - [TEST_STEP][PASSED] - pages.WriteExcel.demoKey(resText, datText, resColumn, datCloumn, fileLoc, nameSheet, row): pages.WriteExcel.demoKey is PASSED

2024-05-15 15:12:15 - [MESSAGE][PASSED] - pages.WriteExcel.demoKey is PASSED

2024-05-15 15:12:15 - [TEST_STEP][PASSED] - closeBrowser(): Browser is closed

2024-05-15 15:12:17 - [MESSAGE][PASSED] - Browser is closed

2024-05-15 15:12:17 - [TEST_STEP][PASSED] - ExecuteTC = findTestData(dataFile).getValue("Execute", row): null

2024-05-15 15:12:17 - [TEST_STEP][PASSED] - out.println("Value of Execute is : " + ExecuteTC): null

2024-05-15 15:12:17 - [TEST_STEP][PASSED] - if (ExecuteTC.equalsIgnoreCase("Y")): Browser is closed

2024-05-15 15:12:17 - [TEST_STEP][PASSED] - out.println("Begin Record Number: " + row): null

2024-05-15 15:12:17 - [TEST_STEP][PASSED] - today = new java.util.Date(): null

2024-05-15 15:12:17 - [TEST_STEP][PASSED] - println(today): null

2024-05-15 15:12:17 - [TEST_STEP][PASSED] - datText = today: null

2024-05-15 15:12:17 - [TEST_STEP][PASSED] - EmulatorDataKey = findTestData(dataFile).getValue("EmulatorData", row): null

2024-05-15 15:12:17 - [TEST_STEP][PASSED] - out.println("Value of Emulator Key is : " + EmulatorDataKey): null

2024-05-15 15:12:17 - [TEST_STEP][PASSED] - iwpPages.emulatorIWP30.setDataEmulator_DD(EmulatorDataKey): iwpPages.emulatorIWP30.setDataEmulator_DD is PASSED

2024-05-15 15:12:17 - [MESSAGE][INFO] - Starting 'Chrome' driver

2024-05-15 15:12:17 - [MESSAGE][INFO] - User set preference: ['acceptInsecureCerts', 'true']

2024-05-15 15:12:17 - [MESSAGE][INFO] - Action delay is set to 0 milliseconds

2024-05-15 15:12:20 - [MESSAGE][PASSED] - Browser is opened with url: 'https://qa2.velocitypayment.com/agency/config.do?action=editor&message_version=3_0'

2024-05-15 15:12:20 - [MESSAGE][PASSED] - Current window maximized

2024-05-15 15:12:21 - [MESSAGE][PASSED] - All options with value '3.0' are selected in object 'Object Repository/IWP30/Page_VRelay30Emulator/MV'  using regular expression

2024-05-15 15:12:22 - [MESSAGE][PASSED] - Text '10.50' is set on object 'Object Repository/IWP30/Page_VRelay30Emulator/Amount'

2024-05-15 15:12:22 - [MESSAGE][PASSED] - Text '26412167' is set on object 'Object Repository/IWP30/Page_VRelay30Emulator/CAN'

2024-05-15 15:12:23 - [MESSAGE][PASSED] - Text 'PayNow' is set on object 'Object Repository/IWP30/Page_VRelay30Emulator/Action'

2024-05-15 15:12:24 - [MESSAGE][PASSED] - Text 'en_US' is set on object 'Object Repository/IWP30/Page_VRelay30Emulator/Lang'

2024-05-15 15:12:24 - [MESSAGE][PASSED] - Text 'Elizath' is set on object 'Object Repository/IWP30/Page_VRelay30Emulator/Fname'

2024-05-15 15:12:25 - [MESSAGE][PASSED] - Text 'Christine' is set on object 'Object Repository/IWP30/Page_VRelay30Emulator/Lname'

2024-05-15 15:12:25 - [MESSAGE][PASSED] - Text '258 Underwood rd' is set on object 'Object Repository/IWP30/Page_VRelay30Emulator/AL1'

2024-05-15 15:12:26 - [MESSAGE][PASSED] - Text 'Suite 600' is set on object 'Object Repository/IWP30/Page_VRelay30Emulator/AL2'

2024-05-15 15:12:27 - [MESSAGE][PASSED] - Text '840' is set on object 'Object Repository/IWP30/Page_VRelay30Emulator/Country'

2024-05-15 15:12:27 - [MESSAGE][PASSED] - Text 'Arlington' is set on object 'Object Repository/IWP30/Page_VRelay30Emulator/City'

2024-05-15 15:12:28 - [MESSAGE][PASSED] - Text 'VA' is set on object 'Object Repository/IWP30/Page_VRelay30Emulator/State'

2024-05-15 15:12:29 - [MESSAGE][PASSED] - Text '22201' is set on object 'Object Repository/IWP30/Page_VRelay30Emulator/ZIP'

2024-05-15 15:12:29 - [MESSAGE][PASSED] - Text '' is set on object 'Object Repository/IWP30/Page_VRelay30Emulator/Order'

2024-05-15 15:12:30 - [MESSAGE][PASSED] - Text '' is set on object 'Object Repository/IWP30/Page_VRelay30Emulator/Company'

2024-05-15 15:12:31 - [MESSAGE][PASSED] - Text 'iahmed@govolution.com' is set on object 'Object Repository/IWP30/Page_VRelay30Emulator/Email'

2024-05-15 15:12:31 - [MESSAGE][PASSED] - Text 'udf data 1' is set on object 'Object Repository/IWP30/Page_VRelay30Emulator/UDF1'

2024-05-15 15:12:32 - [MESSAGE][PASSED] - Text 'udf data 2' is set on object 'Object Repository/IWP30/Page_VRelay30Emulator/UDF2'

2024-05-15 15:12:33 - [MESSAGE][PASSED] - Text 'udf data 3' is set on object 'Object Repository/IWP30/Page_VRelay30Emulator/UDF3'

2024-05-15 15:12:33 - [MESSAGE][PASSED] - Text 'udf data 4' is set on object 'Object Repository/IWP30/Page_VRelay30Emulator/UDF4'

2024-05-15 15:12:34 - [MESSAGE][PASSED] - Text 'udf data 5' is set on object 'Object Repository/IWP30/Page_VRelay30Emulator/UDF5'

2024-05-15 15:12:35 - [MESSAGE][PASSED] - Text 'udf data 6' is set on object 'Object Repository/IWP30/Page_VRelay30Emulator/UDF6'

2024-05-15 15:12:35 - [MESSAGE][PASSED] - Text 'Orange' is set on object 'Object Repository/IWP30/Page_VRelay30Emulator/UDF7'

2024-05-15 15:12:36 - [MESSAGE][PASSED] - Text 'Soccer' is set on object 'Object Repository/IWP30/Page_VRelay30Emulator/UDF8'

2024-05-15 15:12:36 - [MESSAGE][PASSED] - Text 'udf data 9' is set on object 'Object Repository/IWP30/Page_VRelay30Emulator/UDF9'

2024-05-15 15:12:37 - [MESSAGE][PASSED] - Text 'udf data 10' is set on object 'Object Repository/IWP30/Page_VRelay30Emulator/UDF10'

2024-05-15 15:12:38 - [MESSAGE][PASSED] - Object: 'Object Repository/IWP30/Page_VRelay30Emulator/Submit' is clicked on

2024-05-15 15:12:39 - [MESSAGE][PASSED] - Browser is closed

2024-05-15 15:12:40 - [MESSAGE][PASSED] - iwpPages.emulatorIWP30.setDataEmulator_DD is PASSED

2024-05-15 15:12:40 - [TEST_STEP][PASSED] - testHarnessURL = urlTestHarness: null

2024-05-15 15:12:40 - [TEST_STEP][PASSED] - openBrowser(testHarnessURL): Browser is opened with url: 'https://dev-algorithm.govolution.com/vrelaytest/QA2/version_2_2/vrelaytest.html'

2024-05-15 15:12:40 - [MESSAGE][INFO] - Starting 'Chrome' driver

2024-05-15 15:12:40 - [MESSAGE][INFO] - User set preference: ['acceptInsecureCerts', 'true']

2024-05-15 15:12:40 - [MESSAGE][INFO] - Action delay is set to 0 milliseconds

2024-05-15 15:12:42 - [MESSAGE][PASSED] - Browser is opened with url: 'https://dev-algorithm.govolution.com/vrelaytest/QA2/version_2_2/vrelaytest.html'

2024-05-15 15:12:42 - [TEST_STEP][PASSED] - maximizeWindow(): Current window maximized

2024-05-15 15:12:42 - [MESSAGE][PASSED] - Current window maximized

2024-05-15 15:12:42 - [TEST_STEP][PASSED] - iwpPages.TestHarnessPage.setDataMethod(row, dataFile): iwpPages.TestHarnessPage.setDataMethod is PASSED

2024-05-15 15:12:43 - [MESSAGE][PASSED] - Object 'Object Repository/IWP30/Page_QATestHarness/RemittanceID' is present

2024-05-15 15:12:43 - [MESSAGE][PASSED] - Text '649' is set on object 'Object Repository/IWP30/Page_QATestHarness/ApplicationID'

2024-05-15 15:12:44 - [MESSAGE][PASSED] - Text '3.0' is set on object 'Object Repository/IWP30/Page_QATestHarness/MessageVersion'

2024-05-15 15:12:45 - [MESSAGE][PASSED] - Text 'fgne63FXOT9M' is set on object 'Object Repository/IWP30/Page_QATestHarness/RemittanceID'

2024-05-15 15:12:46 - [MESSAGE][PASSED] - Object: 'Object Repository/IWP30/Page_QATestHarness/SubmitButton' is clicked on

2024-05-15 15:12:46 - [MESSAGE][PASSED] - iwpPages.TestHarnessPage.setDataMethod is PASSED

2024-05-15 15:12:46 - [TEST_STEP][PASSED] - check(findTestObject("Object Repository/IWP30/Page_SelectPaymentMethod/PayByCreditCard")): Object 'Object Repository/IWP30/Page_SelectPaymentMethod/PayByCreditCard' is checked

2024-05-15 15:12:47 - [MESSAGE][PASSED] - Object 'Object Repository/IWP30/Page_SelectPaymentMethod/PayByCreditCard' is checked

2024-05-15 15:12:47 - [TEST_STEP][PASSED] - click(findTestObject("Object Repository/IWP30/Page_SelectPaymentMethod/MakePaymentButton")): Object: 'Object Repository/IWP30/Page_SelectPaymentMethod/MakePaymentButton' is clicked on

2024-05-15 15:12:48 - [MESSAGE][PASSED] - Object: 'Object Repository/IWP30/Page_SelectPaymentMethod/MakePaymentButton' is clicked on

2024-05-15 15:12:48 - [TEST_STEP][PASSED] - iwpPages.ccPaymentEntryPage.setDataIWPCreditCard(row, dataFile): iwpPages.ccPaymentEntryPage.setDataIWPCreditCard is PASSED

2024-05-15 15:12:49 - [MESSAGE][PASSED] - Object 'Object Repository/IWP30/Page_CCPaymentEntry/Name' is present

2024-05-15 15:12:50 - [MESSAGE][PASSED] - Text '6510000000000216' is set on object 'Object Repository/IWP30/Page_CCPaymentEntry/CardNumber'

2024-05-15 15:12:51 - [MESSAGE][PASSED] - Text '123' is set on object 'Object Repository/IWP30/Page_CCPaymentEntry/SPC'

2024-05-15 15:12:51 - [MESSAGE][PASSED] - All options with label '12' are selected in object 'Object Repository/IWP30/Page_CCPaymentEntry/Month' 

2024-05-15 15:12:52 - [MESSAGE][PASSED] - All options with label '2028' are selected in object 'Object Repository/IWP30/Page_CCPaymentEntry/Year' 

2024-05-15 15:12:52 - [MESSAGE][PASSED] - Object 'Object Repository/IWP30/Page_CCPaymentEntry/TermCondCheckBox' is present

2024-05-15 15:12:53 - [MESSAGE][PASSED] - Object 'Object Repository/IWP30/Page_CCPaymentEntry/TermCondCheckBox' is checked

2024-05-15 15:12:53 - [MESSAGE][PASSED] - Object 'Object Repository/IWP30/Page_CCPaymentEntry/ContinueButton' is present

2024-05-15 15:12:54 - [MESSAGE][PASSED] - Object: 'Object Repository/IWP30/Page_CCPaymentEntry/ContinueButton' is clicked on

2024-05-15 15:12:54 - [MESSAGE][PASSED] - iwpPages.ccPaymentEntryPage.setDataIWPCreditCard is PASSED

2024-05-15 15:12:54 - [TEST_STEP][PASSED] - click(findTestObject("Object Repository/IWP30/Page_Confirmation/ConfirmButton")): Object: 'Object Repository/IWP30/Page_Confirmation/ConfirmButton' is clicked on

2024-05-15 15:12:55 - [MESSAGE][PASSED] - Object: 'Object Repository/IWP30/Page_Confirmation/ConfirmButton' is clicked on

2024-05-15 15:12:55 - [TEST_STEP][PASSED] - Thread.sleep(10000): null

2024-05-15 15:13:05 - [TEST_STEP][PASSED] - if (verifyTextPresent("Successful Payment Receipt", false)): null

2024-05-15 15:13:05 - [MESSAGE][PASSED] - Text 'Successful Payment Receipt' is present on page 

2024-05-15 15:13:05 - [TEST_STEP][PASSED] - println("Successful Payment Receipt text is present on the Receipt page"): null

2024-05-15 15:13:05 - [TEST_STEP][PASSED] - markPassed("Successful Payment Receipt text is present on the Receipt page"): Successful Payment Receipt text is present on the Receipt page

2024-05-15 15:13:05 - [MESSAGE][PASSED] - Successful Payment Receipt text is present on the Receipt page

2024-05-15 15:13:05 - [TEST_STEP][PASSED] - resText = "Pass": null

2024-05-15 15:13:05 - [TEST_STEP][PASSED] - pages.WriteExcel.demoKey(resText, datText, resColumn, datCloumn, fileLoc, nameSheet, row): pages.WriteExcel.demoKey is PASSED

2024-05-15 15:13:06 - [MESSAGE][PASSED] - pages.WriteExcel.demoKey is PASSED

2024-05-15 15:13:06 - [TEST_STEP][PASSED] - closeBrowser(): Browser is closed

2024-05-15 15:13:07 - [MESSAGE][PASSED] - Browser is closed

2024-05-15 15:13:07 - [TEST_STEP][PASSED] - ExecuteTC = findTestData(dataFile).getValue("Execute", row): null

2024-05-15 15:13:07 - [TEST_STEP][PASSED] - out.println("Value of Execute is : " + ExecuteTC): null

2024-05-15 15:13:07 - [TEST_STEP][PASSED] - if (ExecuteTC.equalsIgnoreCase("Y")): Browser is closed

2024-05-15 15:13:07 - [TEST_STEP][PASSED] - out.println("Begin Record Number: " + row): null

2024-05-15 15:13:07 - [TEST_STEP][PASSED] - today = new java.util.Date(): null

2024-05-15 15:13:07 - [TEST_STEP][PASSED] - println(today): null

2024-05-15 15:13:07 - [TEST_STEP][PASSED] - datText = today: null

2024-05-15 15:13:07 - [TEST_STEP][PASSED] - EmulatorDataKey = findTestData(dataFile).getValue("EmulatorData", row): null

2024-05-15 15:13:07 - [TEST_STEP][PASSED] - out.println("Value of Emulator Key is : " + EmulatorDataKey): null

2024-05-15 15:13:07 - [TEST_STEP][PASSED] - iwpPages.emulatorIWP30.setDataEmulator_DD(EmulatorDataKey): iwpPages.emulatorIWP30.setDataEmulator_DD is PASSED

2024-05-15 15:13:08 - [MESSAGE][INFO] - Starting 'Chrome' driver

2024-05-15 15:13:08 - [MESSAGE][INFO] - User set preference: ['acceptInsecureCerts', 'true']

2024-05-15 15:13:08 - [MESSAGE][INFO] - Action delay is set to 0 milliseconds

2024-05-15 15:13:10 - [MESSAGE][PASSED] - Browser is opened with url: 'https://qa2.velocitypayment.com/agency/config.do?action=editor&message_version=3_0'

2024-05-15 15:13:11 - [MESSAGE][PASSED] - Current window maximized

2024-05-15 15:13:12 - [MESSAGE][PASSED] - All options with value '3.0' are selected in object 'Object Repository/IWP30/Page_VRelay30Emulator/MV'  using regular expression

2024-05-15 15:13:12 - [MESSAGE][PASSED] - Text '10.50' is set on object 'Object Repository/IWP30/Page_VRelay30Emulator/Amount'

2024-05-15 15:13:13 - [MESSAGE][PASSED] - Text '26412167' is set on object 'Object Repository/IWP30/Page_VRelay30Emulator/CAN'

2024-05-15 15:13:14 - [MESSAGE][PASSED] - Text 'PayNow' is set on object 'Object Repository/IWP30/Page_VRelay30Emulator/Action'

2024-05-15 15:13:14 - [MESSAGE][PASSED] - Text 'en_US' is set on object 'Object Repository/IWP30/Page_VRelay30Emulator/Lang'

2024-05-15 15:13:15 - [MESSAGE][PASSED] - Text 'Elizath' is set on object 'Object Repository/IWP30/Page_VRelay30Emulator/Fname'

2024-05-15 15:13:16 - [MESSAGE][PASSED] - Text 'Christine' is set on object 'Object Repository/IWP30/Page_VRelay30Emulator/Lname'

2024-05-15 15:13:16 - [MESSAGE][PASSED] - Text '258 Underwood rd' is set on object 'Object Repository/IWP30/Page_VRelay30Emulator/AL1'

2024-05-15 15:13:17 - [MESSAGE][PASSED] - Text 'Suite 600' is set on object 'Object Repository/IWP30/Page_VRelay30Emulator/AL2'

2024-05-15 15:13:17 - [MESSAGE][PASSED] - Text '840' is set on object 'Object Repository/IWP30/Page_VRelay30Emulator/Country'

2024-05-15 15:13:18 - [MESSAGE][PASSED] - Text 'Arlington' is set on object 'Object Repository/IWP30/Page_VRelay30Emulator/City'

2024-05-15 15:13:19 - [MESSAGE][PASSED] - Text 'VA' is set on object 'Object Repository/IWP30/Page_VRelay30Emulator/State'

2024-05-15 15:13:19 - [MESSAGE][PASSED] - Text '22201' is set on object 'Object Repository/IWP30/Page_VRelay30Emulator/ZIP'

2024-05-15 15:13:20 - [MESSAGE][PASSED] - Text '' is set on object 'Object Repository/IWP30/Page_VRelay30Emulator/Order'

2024-05-15 15:13:20 - [MESSAGE][PASSED] - Text '' is set on object 'Object Repository/IWP30/Page_VRelay30Emulator/Company'

2024-05-15 15:13:21 - [MESSAGE][PASSED] - Text 'iahmed@govolution.com' is set on object 'Object Repository/IWP30/Page_VRelay30Emulator/Email'

2024-05-15 15:13:22 - [MESSAGE][PASSED] - Text 'udf data 1' is set on object 'Object Repository/IWP30/Page_VRelay30Emulator/UDF1'

2024-05-15 15:13:22 - [MESSAGE][PASSED] - Text 'udf data 2' is set on object 'Object Repository/IWP30/Page_VRelay30Emulator/UDF2'

2024-05-15 15:13:23 - [MESSAGE][PASSED] - Text 'udf data 3' is set on object 'Object Repository/IWP30/Page_VRelay30Emulator/UDF3'

2024-05-15 15:13:24 - [MESSAGE][PASSED] - Text 'udf data 4' is set on object 'Object Repository/IWP30/Page_VRelay30Emulator/UDF4'

2024-05-15 15:13:24 - [MESSAGE][PASSED] - Text 'udf data 5' is set on object 'Object Repository/IWP30/Page_VRelay30Emulator/UDF5'

2024-05-15 15:13:25 - [MESSAGE][PASSED] - Text 'udf data 6' is set on object 'Object Repository/IWP30/Page_VRelay30Emulator/UDF6'

2024-05-15 15:13:26 - [MESSAGE][PASSED] - Text 'Orange' is set on object 'Object Repository/IWP30/Page_VRelay30Emulator/UDF7'

2024-05-15 15:13:26 - [MESSAGE][PASSED] - Text 'Soccer' is set on object 'Object Repository/IWP30/Page_VRelay30Emulator/UDF8'

2024-05-15 15:13:27 - [MESSAGE][PASSED] - Text 'udf data 9' is set on object 'Object Repository/IWP30/Page_VRelay30Emulator/UDF9'

2024-05-15 15:13:27 - [MESSAGE][PASSED] - Text 'udf data 10' is set on object 'Object Repository/IWP30/Page_VRelay30Emulator/UDF10'

2024-05-15 15:13:28 - [MESSAGE][PASSED] - Object: 'Object Repository/IWP30/Page_VRelay30Emulator/Submit' is clicked on

2024-05-15 15:13:29 - [MESSAGE][PASSED] - Browser is closed

2024-05-15 15:13:30 - [MESSAGE][PASSED] - iwpPages.emulatorIWP30.setDataEmulator_DD is PASSED

2024-05-15 15:13:30 - [TEST_STEP][PASSED] - testHarnessURL = urlTestHarness: null

2024-05-15 15:13:30 - [TEST_STEP][PASSED] - openBrowser(testHarnessURL): Browser is opened with url: 'https://dev-algorithm.govolution.com/vrelaytest/QA2/version_2_2/vrelaytest.html'

2024-05-15 15:13:30 - [MESSAGE][INFO] - Starting 'Chrome' driver

2024-05-15 15:13:30 - [MESSAGE][INFO] - User set preference: ['acceptInsecureCerts', 'true']

2024-05-15 15:13:30 - [MESSAGE][INFO] - Action delay is set to 0 milliseconds

2024-05-15 15:13:32 - [MESSAGE][PASSED] - Browser is opened with url: 'https://dev-algorithm.govolution.com/vrelaytest/QA2/version_2_2/vrelaytest.html'

2024-05-15 15:13:32 - [TEST_STEP][PASSED] - maximizeWindow(): Current window maximized

2024-05-15 15:13:33 - [MESSAGE][PASSED] - Current window maximized

2024-05-15 15:13:33 - [TEST_STEP][PASSED] - iwpPages.TestHarnessPage.setDataMethod(row, dataFile): iwpPages.TestHarnessPage.setDataMethod is PASSED

2024-05-15 15:13:33 - [MESSAGE][PASSED] - Object 'Object Repository/IWP30/Page_QATestHarness/RemittanceID' is present

2024-05-15 15:13:34 - [MESSAGE][PASSED] - Text '649' is set on object 'Object Repository/IWP30/Page_QATestHarness/ApplicationID'

2024-05-15 15:13:35 - [MESSAGE][PASSED] - Text '3.0' is set on object 'Object Repository/IWP30/Page_QATestHarness/MessageVersion'

2024-05-15 15:13:35 - [MESSAGE][PASSED] - Text 'DU0nLGdoCQRC' is set on object 'Object Repository/IWP30/Page_QATestHarness/RemittanceID'

2024-05-15 15:13:37 - [MESSAGE][PASSED] - Object: 'Object Repository/IWP30/Page_QATestHarness/SubmitButton' is clicked on

2024-05-15 15:13:37 - [MESSAGE][PASSED] - iwpPages.TestHarnessPage.setDataMethod is PASSED

2024-05-15 15:13:37 - [TEST_STEP][PASSED] - check(findTestObject("Object Repository/IWP30/Page_SelectPaymentMethod/PayByCreditCard")): Object 'Object Repository/IWP30/Page_SelectPaymentMethod/PayByCreditCard' is checked

2024-05-15 15:13:37 - [MESSAGE][PASSED] - Object 'Object Repository/IWP30/Page_SelectPaymentMethod/PayByCreditCard' is checked

2024-05-15 15:13:37 - [TEST_STEP][PASSED] - click(findTestObject("Object Repository/IWP30/Page_SelectPaymentMethod/MakePaymentButton")): Object: 'Object Repository/IWP30/Page_SelectPaymentMethod/MakePaymentButton' is clicked on

2024-05-15 15:13:38 - [MESSAGE][PASSED] - Object: 'Object Repository/IWP30/Page_SelectPaymentMethod/MakePaymentButton' is clicked on

2024-05-15 15:13:38 - [TEST_STEP][PASSED] - iwpPages.ccPaymentEntryPage.setDataIWPCreditCard(row, dataFile): iwpPages.ccPaymentEntryPage.setDataIWPCreditCard is PASSED

2024-05-15 15:13:40 - [MESSAGE][PASSED] - Object 'Object Repository/IWP30/Page_CCPaymentEntry/Name' is present

2024-05-15 15:13:41 - [MESSAGE][PASSED] - Text '374245002771003' is set on object 'Object Repository/IWP30/Page_CCPaymentEntry/CardNumber'

2024-05-15 15:13:41 - [MESSAGE][PASSED] - Text '1234' is set on object 'Object Repository/IWP30/Page_CCPaymentEntry/SPC'

2024-05-15 15:13:42 - [MESSAGE][PASSED] - All options with label '12' are selected in object 'Object Repository/IWP30/Page_CCPaymentEntry/Month' 

2024-05-15 15:13:42 - [MESSAGE][PASSED] - All options with label '2028' are selected in object 'Object Repository/IWP30/Page_CCPaymentEntry/Year' 

2024-05-15 15:13:43 - [MESSAGE][PASSED] - Object 'Object Repository/IWP30/Page_CCPaymentEntry/TermCondCheckBox' is present

2024-05-15 15:13:43 - [MESSAGE][PASSED] - Object 'Object Repository/IWP30/Page_CCPaymentEntry/TermCondCheckBox' is checked

2024-05-15 15:13:43 - [MESSAGE][PASSED] - Object 'Object Repository/IWP30/Page_CCPaymentEntry/ContinueButton' is present

2024-05-15 15:13:45 - [MESSAGE][PASSED] - Object: 'Object Repository/IWP30/Page_CCPaymentEntry/ContinueButton' is clicked on

2024-05-15 15:13:45 - [MESSAGE][PASSED] - iwpPages.ccPaymentEntryPage.setDataIWPCreditCard is PASSED

2024-05-15 15:13:45 - [TEST_STEP][PASSED] - click(findTestObject("Object Repository/IWP30/Page_Confirmation/ConfirmButton")): Object: 'Object Repository/IWP30/Page_Confirmation/ConfirmButton' is clicked on

2024-05-15 15:13:46 - [MESSAGE][PASSED] - Object: 'Object Repository/IWP30/Page_Confirmation/ConfirmButton' is clicked on

2024-05-15 15:13:46 - [TEST_STEP][PASSED] - Thread.sleep(10000): null

2024-05-15 15:13:56 - [TEST_STEP][PASSED] - if (verifyTextPresent("Successful Payment Receipt", false)): null

2024-05-15 15:13:56 - [MESSAGE][PASSED] - Text 'Successful Payment Receipt' is present on page 

2024-05-15 15:13:56 - [TEST_STEP][PASSED] - println("Successful Payment Receipt text is present on the Receipt page"): null

2024-05-15 15:13:56 - [TEST_STEP][PASSED] - markPassed("Successful Payment Receipt text is present on the Receipt page"): Successful Payment Receipt text is present on the Receipt page

2024-05-15 15:13:56 - [MESSAGE][PASSED] - Successful Payment Receipt text is present on the Receipt page

2024-05-15 15:13:56 - [TEST_STEP][PASSED] - resText = "Pass": null

2024-05-15 15:13:56 - [TEST_STEP][PASSED] - pages.WriteExcel.demoKey(resText, datText, resColumn, datCloumn, fileLoc, nameSheet, row): pages.WriteExcel.demoKey is PASSED

2024-05-15 15:13:56 - [MESSAGE][PASSED] - pages.WriteExcel.demoKey is PASSED

2024-05-15 15:13:56 - [TEST_STEP][PASSED] - closeBrowser(): Browser is closed

2024-05-15 15:13:58 - [MESSAGE][PASSED] - Browser is closed]]></system-out>
         <system-err><![CDATA[]]></system-err>
      </testcase>
      <testcase name="Test Cases/IntegratedWeb/IWP30/Payments/PayNowSuccessfulPaymentSCFCC" time="248.267" classname="Test Cases/IntegratedWeb/IWP30/Payments/PayNowSuccessfulPaymentSCFCC" status="PASSED">
         <system-out><![CDATA[2024-05-15 15:13:58 - [TEST_CASE][PASSED] - Test Cases/IntegratedWeb/IWP30/Payments/PayNowSuccessfulPaymentSCFCC: Test Cases/IntegratedWeb/IWP30/Payments/PayNowSuccessfulPaymentSCFCC

2024-05-15 15:13:58 - [TEST_STEP][PASSED] - resText = "Fail": null

2024-05-15 15:13:58 - [TEST_STEP][PASSED] - resColumn = "Result": null

2024-05-15 15:13:58 - [TEST_STEP][PASSED] - datCloumn = "Date": null

2024-05-15 15:13:58 - [TEST_STEP][PASSED] - fileLoc = "KatalonData/IWPTestData/VRelay30PayNowCC.xlsx": null

2024-05-15 15:13:58 - [TEST_STEP][PASSED] - numOfRows = <not implemented yet for class: org.codehaus.groovy.ast.expr.EmptyExpression>: null

2024-05-15 15:13:58 - [TEST_STEP][PASSED] - dataFile = <not implemented yet for class: org.codehaus.groovy.ast.expr.EmptyExpression>: null

2024-05-15 15:13:58 - [TEST_STEP][PASSED] - nameSheet = <not implemented yet for class: org.codehaus.groovy.ast.expr.EmptyExpression>: null

2024-05-15 15:13:58 - [TEST_STEP][PASSED] - dataFileEmulator = <not implemented yet for class: org.codehaus.groovy.ast.expr.EmptyExpression>: null

2024-05-15 15:13:58 - [TEST_STEP][PASSED] - nameSheet = "PayNowCCSCF": null

2024-05-15 15:13:58 - [TEST_STEP][PASSED] - dataFile = "IWPTestData/PayNowCreditCardSCF": null

2024-05-15 15:13:58 - [TEST_STEP][PASSED] - dataFileEmulator = "IWPTestData/EmulatorData": null

2024-05-15 15:13:58 - [TEST_STEP][PASSED] - numOfRows = findTestData(dataFile).getRowNumbers(): null

2024-05-15 15:13:59 - [TEST_STEP][PASSED] - println("Number of Records: " + numOfRows): null

2024-05-15 15:13:59 - [TEST_STEP][PASSED] - for ([row = 1, row <= numOfRows, (row++)]): null

2024-05-15 15:13:59 - [TEST_STEP][PASSED] - ExecuteTC = findTestData(dataFile).getValue("Execute", row): null

2024-05-15 15:13:59 - [TEST_STEP][PASSED] - out.println("Value of Execute is : " + ExecuteTC): null

2024-05-15 15:13:59 - [TEST_STEP][PASSED] - if (ExecuteTC.equalsIgnoreCase("Y")): null

2024-05-15 15:13:59 - [TEST_STEP][PASSED] - out.println("Begin Record Number: " + row): null

2024-05-15 15:13:59 - [TEST_STEP][PASSED] - today = new java.util.Date(): null

2024-05-15 15:13:59 - [TEST_STEP][PASSED] - println(today): null

2024-05-15 15:13:59 - [TEST_STEP][PASSED] - datText = today: null

2024-05-15 15:13:59 - [TEST_STEP][PASSED] - EmulatorDataKey = findTestData(dataFile).getValue("EmulatorData", row): null

2024-05-15 15:13:59 - [TEST_STEP][PASSED] - out.println("Value of Emulator Key is : " + EmulatorDataKey): null

2024-05-15 15:13:59 - [TEST_STEP][PASSED] - iwpPages.emulatorIWP30.setDataEmulator_DD(EmulatorDataKey): iwpPages.emulatorIWP30.setDataEmulator_DD is PASSED

2024-05-15 15:14:00 - [MESSAGE][INFO] - Starting 'Chrome' driver

2024-05-15 15:14:00 - [MESSAGE][INFO] - User set preference: ['acceptInsecureCerts', 'true']

2024-05-15 15:14:00 - [MESSAGE][INFO] - Action delay is set to 0 milliseconds

2024-05-15 15:14:02 - [MESSAGE][PASSED] - Browser is opened with url: 'https://qa2.velocitypayment.com/agency/config.do?action=editor&message_version=3_0'

2024-05-15 15:14:02 - [MESSAGE][PASSED] - Current window maximized

2024-05-15 15:14:04 - [MESSAGE][PASSED] - All options with value '3.0' are selected in object 'Object Repository/IWP30/Page_VRelay30Emulator/MV'  using regular expression

2024-05-15 15:14:04 - [MESSAGE][PASSED] - Text '10.50' is set on object 'Object Repository/IWP30/Page_VRelay30Emulator/Amount'

2024-05-15 15:14:05 - [MESSAGE][PASSED] - Text '26412167' is set on object 'Object Repository/IWP30/Page_VRelay30Emulator/CAN'

2024-05-15 15:14:06 - [MESSAGE][PASSED] - Text 'PayNow' is set on object 'Object Repository/IWP30/Page_VRelay30Emulator/Action'

2024-05-15 15:14:06 - [MESSAGE][PASSED] - Text 'en_US' is set on object 'Object Repository/IWP30/Page_VRelay30Emulator/Lang'

2024-05-15 15:14:07 - [MESSAGE][PASSED] - Text 'Elizath' is set on object 'Object Repository/IWP30/Page_VRelay30Emulator/Fname'

2024-05-15 15:14:08 - [MESSAGE][PASSED] - Text 'Christine' is set on object 'Object Repository/IWP30/Page_VRelay30Emulator/Lname'

2024-05-15 15:14:08 - [MESSAGE][PASSED] - Text '258 Underwood rd' is set on object 'Object Repository/IWP30/Page_VRelay30Emulator/AL1'

2024-05-15 15:14:09 - [MESSAGE][PASSED] - Text 'Suite 600' is set on object 'Object Repository/IWP30/Page_VRelay30Emulator/AL2'

2024-05-15 15:14:09 - [MESSAGE][PASSED] - Text '840' is set on object 'Object Repository/IWP30/Page_VRelay30Emulator/Country'

2024-05-15 15:14:10 - [MESSAGE][PASSED] - Text 'Arlington' is set on object 'Object Repository/IWP30/Page_VRelay30Emulator/City'

2024-05-15 15:14:11 - [MESSAGE][PASSED] - Text 'VA' is set on object 'Object Repository/IWP30/Page_VRelay30Emulator/State'

2024-05-15 15:14:11 - [MESSAGE][PASSED] - Text '22201' is set on object 'Object Repository/IWP30/Page_VRelay30Emulator/ZIP'

2024-05-15 15:14:12 - [MESSAGE][PASSED] - Text '' is set on object 'Object Repository/IWP30/Page_VRelay30Emulator/Order'

2024-05-15 15:14:13 - [MESSAGE][PASSED] - Text '' is set on object 'Object Repository/IWP30/Page_VRelay30Emulator/Company'

2024-05-15 15:14:13 - [MESSAGE][PASSED] - Text 'iahmed@govolution.com' is set on object 'Object Repository/IWP30/Page_VRelay30Emulator/Email'

2024-05-15 15:14:14 - [MESSAGE][PASSED] - Text 'udf data 1' is set on object 'Object Repository/IWP30/Page_VRelay30Emulator/UDF1'

2024-05-15 15:14:15 - [MESSAGE][PASSED] - Text 'udf data 2' is set on object 'Object Repository/IWP30/Page_VRelay30Emulator/UDF2'

2024-05-15 15:14:15 - [MESSAGE][PASSED] - Text 'udf data 3' is set on object 'Object Repository/IWP30/Page_VRelay30Emulator/UDF3'

2024-05-15 15:14:16 - [MESSAGE][PASSED] - Text 'udf data 4' is set on object 'Object Repository/IWP30/Page_VRelay30Emulator/UDF4'

2024-05-15 15:14:17 - [MESSAGE][PASSED] - Text 'udf data 5' is set on object 'Object Repository/IWP30/Page_VRelay30Emulator/UDF5'

2024-05-15 15:14:17 - [MESSAGE][PASSED] - Text 'udf data 6' is set on object 'Object Repository/IWP30/Page_VRelay30Emulator/UDF6'

2024-05-15 15:14:18 - [MESSAGE][PASSED] - Text 'Orange' is set on object 'Object Repository/IWP30/Page_VRelay30Emulator/UDF7'

2024-05-15 15:14:18 - [MESSAGE][PASSED] - Text 'Soccer' is set on object 'Object Repository/IWP30/Page_VRelay30Emulator/UDF8'

2024-05-15 15:14:19 - [MESSAGE][PASSED] - Text 'udf data 9' is set on object 'Object Repository/IWP30/Page_VRelay30Emulator/UDF9'

2024-05-15 15:14:20 - [MESSAGE][PASSED] - Text 'udf data 10' is set on object 'Object Repository/IWP30/Page_VRelay30Emulator/UDF10'

2024-05-15 15:14:20 - [MESSAGE][PASSED] - Object: 'Object Repository/IWP30/Page_VRelay30Emulator/Submit' is clicked on

2024-05-15 15:14:21 - [MESSAGE][PASSED] - Browser is closed

2024-05-15 15:14:23 - [MESSAGE][PASSED] - iwpPages.emulatorIWP30.setDataEmulator_DD is PASSED

2024-05-15 15:14:23 - [TEST_STEP][PASSED] - testHarnessURL = urlTestHarness: null

2024-05-15 15:14:23 - [TEST_STEP][PASSED] - openBrowser(testHarnessURL): Browser is opened with url: 'https://dev-algorithm.govolution.com/vrelaytest/QA2/version_2_2/vrelaytest.html'

2024-05-15 15:14:23 - [MESSAGE][INFO] - Starting 'Chrome' driver

2024-05-15 15:14:23 - [MESSAGE][INFO] - User set preference: ['acceptInsecureCerts', 'true']

2024-05-15 15:14:23 - [MESSAGE][INFO] - Action delay is set to 0 milliseconds

2024-05-15 15:14:25 - [MESSAGE][PASSED] - Browser is opened with url: 'https://dev-algorithm.govolution.com/vrelaytest/QA2/version_2_2/vrelaytest.html'

2024-05-15 15:14:25 - [TEST_STEP][PASSED] - maximizeWindow(): Current window maximized

2024-05-15 15:14:25 - [MESSAGE][PASSED] - Current window maximized

2024-05-15 15:14:25 - [TEST_STEP][PASSED] - iwpPages.TestHarnessPage.setDataMethod(row, dataFile): iwpPages.TestHarnessPage.setDataMethod is PASSED

2024-05-15 15:14:26 - [MESSAGE][PASSED] - Object 'Object Repository/IWP30/Page_QATestHarness/RemittanceID' is present

2024-05-15 15:14:27 - [MESSAGE][PASSED] - Text '650' is set on object 'Object Repository/IWP30/Page_QATestHarness/ApplicationID'

2024-05-15 15:14:27 - [MESSAGE][PASSED] - Text '3.0' is set on object 'Object Repository/IWP30/Page_QATestHarness/MessageVersion'

2024-05-15 15:14:28 - [MESSAGE][PASSED] - Text 'Jo8S8FT3mSpH' is set on object 'Object Repository/IWP30/Page_QATestHarness/RemittanceID'

2024-05-15 15:14:29 - [MESSAGE][PASSED] - Object: 'Object Repository/IWP30/Page_QATestHarness/SubmitButton' is clicked on

2024-05-15 15:14:29 - [MESSAGE][PASSED] - iwpPages.TestHarnessPage.setDataMethod is PASSED

2024-05-15 15:14:29 - [TEST_STEP][PASSED] - check(findTestObject("Object Repository/IWP30/Page_SelectPaymentMethod/PayByCreditCard")): Object 'Object Repository/IWP30/Page_SelectPaymentMethod/PayByCreditCard' is checked

2024-05-15 15:14:30 - [MESSAGE][PASSED] - Object 'Object Repository/IWP30/Page_SelectPaymentMethod/PayByCreditCard' is checked

2024-05-15 15:14:30 - [TEST_STEP][PASSED] - click(findTestObject("Object Repository/IWP30/Page_SelectPaymentMethod/MakePaymentButton")): Object: 'Object Repository/IWP30/Page_SelectPaymentMethod/MakePaymentButton' is clicked on

2024-05-15 15:14:32 - [MESSAGE][PASSED] - Object: 'Object Repository/IWP30/Page_SelectPaymentMethod/MakePaymentButton' is clicked on

2024-05-15 15:14:32 - [TEST_STEP][PASSED] - iwpPages.ccPaymentEntryPage.setDataIWPCreditCard(row, dataFile): iwpPages.ccPaymentEntryPage.setDataIWPCreditCard is PASSED

2024-05-15 15:14:34 - [MESSAGE][PASSED] - Object 'Object Repository/IWP30/Page_CCPaymentEntry/Name' is present

2024-05-15 15:14:34 - [MESSAGE][PASSED] - Text '5146312200000035' is set on object 'Object Repository/IWP30/Page_CCPaymentEntry/CardNumber'

2024-05-15 15:14:35 - [MESSAGE][PASSED] - Text '123' is set on object 'Object Repository/IWP30/Page_CCPaymentEntry/SPC'

2024-05-15 15:14:36 - [MESSAGE][PASSED] - All options with label '09' are selected in object 'Object Repository/IWP30/Page_CCPaymentEntry/Month' 

2024-05-15 15:14:36 - [MESSAGE][PASSED] - All options with label '2028' are selected in object 'Object Repository/IWP30/Page_CCPaymentEntry/Year' 

2024-05-15 15:14:36 - [MESSAGE][PASSED] - Object 'Object Repository/IWP30/Page_CCPaymentEntry/TermCondCheckBox' is present

2024-05-15 15:14:37 - [MESSAGE][PASSED] - Object 'Object Repository/IWP30/Page_CCPaymentEntry/TermCondCheckBox' is checked

2024-05-15 15:14:37 - [MESSAGE][PASSED] - Object 'Object Repository/IWP30/Page_CCPaymentEntry/ContinueButton' is present

2024-05-15 15:14:38 - [MESSAGE][PASSED] - Object: 'Object Repository/IWP30/Page_CCPaymentEntry/ContinueButton' is clicked on

2024-05-15 15:14:38 - [MESSAGE][PASSED] - iwpPages.ccPaymentEntryPage.setDataIWPCreditCard is PASSED

2024-05-15 15:14:38 - [TEST_STEP][PASSED] - click(findTestObject("Object Repository/IWP30/Page_Confirmation/ConfirmButton")): Object: 'Object Repository/IWP30/Page_Confirmation/ConfirmButton' is clicked on

2024-05-15 15:14:39 - [MESSAGE][PASSED] - Object: 'Object Repository/IWP30/Page_Confirmation/ConfirmButton' is clicked on

2024-05-15 15:14:39 - [TEST_STEP][PASSED] - Thread.sleep(10000): null

2024-05-15 15:14:49 - [TEST_STEP][PASSED] - click(findTestObject("Object Repository/IWP30/Page_AcceptCF/input_convFeeNotifyAction")): Object: 'Object Repository/IWP30/Page_AcceptCF/input_convFeeNotifyAction' is clicked on

2024-05-15 15:14:51 - [MESSAGE][PASSED] - Object: 'Object Repository/IWP30/Page_AcceptCF/input_convFeeNotifyAction' is clicked on

2024-05-15 15:14:51 - [TEST_STEP][PASSED] - Thread.sleep(10000): null

2024-05-15 15:15:01 - [TEST_STEP][PASSED] - if (verifyTextPresent("Successful Payment Receipt", false)): null

2024-05-15 15:15:01 - [MESSAGE][PASSED] - Text 'Successful Payment Receipt' is present on page 

2024-05-15 15:15:01 - [TEST_STEP][PASSED] - println("Successful Payment Receipt text is present on the Receipt page"): null

2024-05-15 15:15:01 - [TEST_STEP][PASSED] - markPassed("Successful Payment Receipt text is present on the Receipt page"): Successful Payment Receipt text is present on the Receipt page

2024-05-15 15:15:01 - [MESSAGE][PASSED] - Successful Payment Receipt text is present on the Receipt page

2024-05-15 15:15:01 - [TEST_STEP][PASSED] - resText = "Pass": null

2024-05-15 15:15:01 - [TEST_STEP][PASSED] - pages.WriteExcel.demoKey(resText, datText, resColumn, datCloumn, fileLoc, nameSheet, row): pages.WriteExcel.demoKey is PASSED

2024-05-15 15:15:01 - [MESSAGE][PASSED] - pages.WriteExcel.demoKey is PASSED

2024-05-15 15:15:01 - [TEST_STEP][PASSED] - ExecuteTC = findTestData(dataFile).getValue("Execute", row): null

2024-05-15 15:15:01 - [TEST_STEP][PASSED] - out.println("Value of Execute is : " + ExecuteTC): null

2024-05-15 15:15:01 - [TEST_STEP][PASSED] - if (ExecuteTC.equalsIgnoreCase("Y")): null

2024-05-15 15:15:01 - [TEST_STEP][PASSED] - out.println("Begin Record Number: " + row): null

2024-05-15 15:15:01 - [TEST_STEP][PASSED] - today = new java.util.Date(): null

2024-05-15 15:15:01 - [TEST_STEP][PASSED] - println(today): null

2024-05-15 15:15:01 - [TEST_STEP][PASSED] - datText = today: null

2024-05-15 15:15:01 - [TEST_STEP][PASSED] - EmulatorDataKey = findTestData(dataFile).getValue("EmulatorData", row): null

2024-05-15 15:15:01 - [TEST_STEP][PASSED] - out.println("Value of Emulator Key is : " + EmulatorDataKey): null

2024-05-15 15:15:01 - [TEST_STEP][PASSED] - iwpPages.emulatorIWP30.setDataEmulator_DD(EmulatorDataKey): iwpPages.emulatorIWP30.setDataEmulator_DD is PASSED

2024-05-15 15:15:02 - [MESSAGE][WARNING] - A browser is already opened. Closing browser and opening a new one

2024-05-15 15:15:03 - [MESSAGE][INFO] - Starting 'Chrome' driver

2024-05-15 15:15:03 - [MESSAGE][INFO] - User set preference: ['acceptInsecureCerts', 'true']

2024-05-15 15:15:03 - [MESSAGE][INFO] - Action delay is set to 0 milliseconds

2024-05-15 15:15:06 - [MESSAGE][PASSED] - Browser is opened with url: 'https://qa2.velocitypayment.com/agency/config.do?action=editor&message_version=3_0'

2024-05-15 15:15:06 - [MESSAGE][PASSED] - Current window maximized

2024-05-15 15:15:07 - [MESSAGE][PASSED] - All options with value '3.0' are selected in object 'Object Repository/IWP30/Page_VRelay30Emulator/MV'  using regular expression

2024-05-15 15:15:08 - [MESSAGE][PASSED] - Text '10.50' is set on object 'Object Repository/IWP30/Page_VRelay30Emulator/Amount'

2024-05-15 15:15:08 - [MESSAGE][PASSED] - Text '26412167' is set on object 'Object Repository/IWP30/Page_VRelay30Emulator/CAN'

2024-05-15 15:15:09 - [MESSAGE][PASSED] - Text 'PayNow' is set on object 'Object Repository/IWP30/Page_VRelay30Emulator/Action'

2024-05-15 15:15:10 - [MESSAGE][PASSED] - Text 'en_US' is set on object 'Object Repository/IWP30/Page_VRelay30Emulator/Lang'

2024-05-15 15:15:10 - [MESSAGE][PASSED] - Text 'Elizath' is set on object 'Object Repository/IWP30/Page_VRelay30Emulator/Fname'

2024-05-15 15:15:11 - [MESSAGE][PASSED] - Text 'Christine' is set on object 'Object Repository/IWP30/Page_VRelay30Emulator/Lname'

2024-05-15 15:15:11 - [MESSAGE][PASSED] - Text '258 Underwood rd' is set on object 'Object Repository/IWP30/Page_VRelay30Emulator/AL1'

2024-05-15 15:15:12 - [MESSAGE][PASSED] - Text 'Suite 600' is set on object 'Object Repository/IWP30/Page_VRelay30Emulator/AL2'

2024-05-15 15:15:13 - [MESSAGE][PASSED] - Text '840' is set on object 'Object Repository/IWP30/Page_VRelay30Emulator/Country'

2024-05-15 15:15:13 - [MESSAGE][PASSED] - Text 'Arlington' is set on object 'Object Repository/IWP30/Page_VRelay30Emulator/City'

2024-05-15 15:15:14 - [MESSAGE][PASSED] - Text 'VA' is set on object 'Object Repository/IWP30/Page_VRelay30Emulator/State'

2024-05-15 15:15:15 - [MESSAGE][PASSED] - Text '22201' is set on object 'Object Repository/IWP30/Page_VRelay30Emulator/ZIP'

2024-05-15 15:15:15 - [MESSAGE][PASSED] - Text '' is set on object 'Object Repository/IWP30/Page_VRelay30Emulator/Order'

2024-05-15 15:15:16 - [MESSAGE][PASSED] - Text '' is set on object 'Object Repository/IWP30/Page_VRelay30Emulator/Company'

2024-05-15 15:15:16 - [MESSAGE][PASSED] - Text 'iahmed@govolution.com' is set on object 'Object Repository/IWP30/Page_VRelay30Emulator/Email'

2024-05-15 15:15:17 - [MESSAGE][PASSED] - Text 'udf data 1' is set on object 'Object Repository/IWP30/Page_VRelay30Emulator/UDF1'

2024-05-15 15:15:18 - [MESSAGE][PASSED] - Text 'udf data 2' is set on object 'Object Repository/IWP30/Page_VRelay30Emulator/UDF2'

2024-05-15 15:15:18 - [MESSAGE][PASSED] - Text 'udf data 3' is set on object 'Object Repository/IWP30/Page_VRelay30Emulator/UDF3'

2024-05-15 15:15:19 - [MESSAGE][PASSED] - Text 'udf data 4' is set on object 'Object Repository/IWP30/Page_VRelay30Emulator/UDF4'

2024-05-15 15:15:20 - [MESSAGE][PASSED] - Text 'udf data 5' is set on object 'Object Repository/IWP30/Page_VRelay30Emulator/UDF5'

2024-05-15 15:15:20 - [MESSAGE][PASSED] - Text 'udf data 6' is set on object 'Object Repository/IWP30/Page_VRelay30Emulator/UDF6'

2024-05-15 15:15:21 - [MESSAGE][PASSED] - Text 'Orange' is set on object 'Object Repository/IWP30/Page_VRelay30Emulator/UDF7'

2024-05-15 15:15:21 - [MESSAGE][PASSED] - Text 'Soccer' is set on object 'Object Repository/IWP30/Page_VRelay30Emulator/UDF8'

2024-05-15 15:15:22 - [MESSAGE][PASSED] - Text 'udf data 9' is set on object 'Object Repository/IWP30/Page_VRelay30Emulator/UDF9'

2024-05-15 15:15:23 - [MESSAGE][PASSED] - Text 'udf data 10' is set on object 'Object Repository/IWP30/Page_VRelay30Emulator/UDF10'

2024-05-15 15:15:23 - [MESSAGE][PASSED] - Object: 'Object Repository/IWP30/Page_VRelay30Emulator/Submit' is clicked on

2024-05-15 15:15:24 - [MESSAGE][PASSED] - Browser is closed

2024-05-15 15:15:26 - [MESSAGE][PASSED] - iwpPages.emulatorIWP30.setDataEmulator_DD is PASSED

2024-05-15 15:15:26 - [TEST_STEP][PASSED] - testHarnessURL = urlTestHarness: null

2024-05-15 15:15:26 - [TEST_STEP][PASSED] - openBrowser(testHarnessURL): Browser is opened with url: 'https://dev-algorithm.govolution.com/vrelaytest/QA2/version_2_2/vrelaytest.html'

2024-05-15 15:15:26 - [MESSAGE][INFO] - Starting 'Chrome' driver

2024-05-15 15:15:26 - [MESSAGE][INFO] - User set preference: ['acceptInsecureCerts', 'true']

2024-05-15 15:15:26 - [MESSAGE][INFO] - Action delay is set to 0 milliseconds

2024-05-15 15:15:28 - [MESSAGE][PASSED] - Browser is opened with url: 'https://dev-algorithm.govolution.com/vrelaytest/QA2/version_2_2/vrelaytest.html'

2024-05-15 15:15:28 - [TEST_STEP][PASSED] - maximizeWindow(): Current window maximized

2024-05-15 15:15:28 - [MESSAGE][PASSED] - Current window maximized

2024-05-15 15:15:28 - [TEST_STEP][PASSED] - iwpPages.TestHarnessPage.setDataMethod(row, dataFile): iwpPages.TestHarnessPage.setDataMethod is PASSED

2024-05-15 15:15:28 - [MESSAGE][PASSED] - Object 'Object Repository/IWP30/Page_QATestHarness/RemittanceID' is present

2024-05-15 15:15:29 - [MESSAGE][PASSED] - Text '650' is set on object 'Object Repository/IWP30/Page_QATestHarness/ApplicationID'

2024-05-15 15:15:30 - [MESSAGE][PASSED] - Text '3.0' is set on object 'Object Repository/IWP30/Page_QATestHarness/MessageVersion'

2024-05-15 15:15:30 - [MESSAGE][PASSED] - Text '4VDU0Iiyq6mQ' is set on object 'Object Repository/IWP30/Page_QATestHarness/RemittanceID'

2024-05-15 15:15:32 - [MESSAGE][PASSED] - Object: 'Object Repository/IWP30/Page_QATestHarness/SubmitButton' is clicked on

2024-05-15 15:15:32 - [MESSAGE][PASSED] - iwpPages.TestHarnessPage.setDataMethod is PASSED

2024-05-15 15:15:32 - [TEST_STEP][PASSED] - check(findTestObject("Object Repository/IWP30/Page_SelectPaymentMethod/PayByCreditCard")): Object 'Object Repository/IWP30/Page_SelectPaymentMethod/PayByCreditCard' is checked

2024-05-15 15:15:33 - [MESSAGE][PASSED] - Object 'Object Repository/IWP30/Page_SelectPaymentMethod/PayByCreditCard' is checked

2024-05-15 15:15:33 - [TEST_STEP][PASSED] - click(findTestObject("Object Repository/IWP30/Page_SelectPaymentMethod/MakePaymentButton")): Object: 'Object Repository/IWP30/Page_SelectPaymentMethod/MakePaymentButton' is clicked on

2024-05-15 15:15:34 - [MESSAGE][PASSED] - Object: 'Object Repository/IWP30/Page_SelectPaymentMethod/MakePaymentButton' is clicked on

2024-05-15 15:15:34 - [TEST_STEP][PASSED] - iwpPages.ccPaymentEntryPage.setDataIWPCreditCard(row, dataFile): iwpPages.ccPaymentEntryPage.setDataIWPCreditCard is PASSED

2024-05-15 15:15:35 - [MESSAGE][PASSED] - Object 'Object Repository/IWP30/Page_CCPaymentEntry/Name' is present

2024-05-15 15:15:36 - [MESSAGE][PASSED] - Text '4761730000000011' is set on object 'Object Repository/IWP30/Page_CCPaymentEntry/CardNumber'

2024-05-15 15:15:37 - [MESSAGE][PASSED] - Text '123' is set on object 'Object Repository/IWP30/Page_CCPaymentEntry/SPC'

2024-05-15 15:15:37 - [MESSAGE][PASSED] - All options with label '12' are selected in object 'Object Repository/IWP30/Page_CCPaymentEntry/Month' 

2024-05-15 15:15:38 - [MESSAGE][PASSED] - All options with label '2028' are selected in object 'Object Repository/IWP30/Page_CCPaymentEntry/Year' 

2024-05-15 15:15:38 - [MESSAGE][PASSED] - Object 'Object Repository/IWP30/Page_CCPaymentEntry/TermCondCheckBox' is present

2024-05-15 15:15:39 - [MESSAGE][PASSED] - Object 'Object Repository/IWP30/Page_CCPaymentEntry/TermCondCheckBox' is checked

2024-05-15 15:15:39 - [MESSAGE][PASSED] - Object 'Object Repository/IWP30/Page_CCPaymentEntry/ContinueButton' is present

2024-05-15 15:15:40 - [MESSAGE][PASSED] - Object: 'Object Repository/IWP30/Page_CCPaymentEntry/ContinueButton' is clicked on

2024-05-15 15:15:40 - [MESSAGE][PASSED] - iwpPages.ccPaymentEntryPage.setDataIWPCreditCard is PASSED

2024-05-15 15:15:40 - [TEST_STEP][PASSED] - click(findTestObject("Object Repository/IWP30/Page_Confirmation/ConfirmButton")): Object: 'Object Repository/IWP30/Page_Confirmation/ConfirmButton' is clicked on

2024-05-15 15:15:41 - [MESSAGE][PASSED] - Object: 'Object Repository/IWP30/Page_Confirmation/ConfirmButton' is clicked on

2024-05-15 15:15:41 - [TEST_STEP][PASSED] - Thread.sleep(10000): null

2024-05-15 15:15:51 - [TEST_STEP][PASSED] - click(findTestObject("Object Repository/IWP30/Page_AcceptCF/input_convFeeNotifyAction")): Object: 'Object Repository/IWP30/Page_AcceptCF/input_convFeeNotifyAction' is clicked on

2024-05-15 15:15:53 - [MESSAGE][PASSED] - Object: 'Object Repository/IWP30/Page_AcceptCF/input_convFeeNotifyAction' is clicked on

2024-05-15 15:15:53 - [TEST_STEP][PASSED] - Thread.sleep(10000): null

2024-05-15 15:16:03 - [TEST_STEP][PASSED] - if (verifyTextPresent("Successful Payment Receipt", false)): null

2024-05-15 15:16:03 - [MESSAGE][PASSED] - Text 'Successful Payment Receipt' is present on page 

2024-05-15 15:16:03 - [TEST_STEP][PASSED] - println("Successful Payment Receipt text is present on the Receipt page"): null

2024-05-15 15:16:03 - [TEST_STEP][PASSED] - markPassed("Successful Payment Receipt text is present on the Receipt page"): Successful Payment Receipt text is present on the Receipt page

2024-05-15 15:16:03 - [MESSAGE][PASSED] - Successful Payment Receipt text is present on the Receipt page

2024-05-15 15:16:03 - [TEST_STEP][PASSED] - resText = "Pass": null

2024-05-15 15:16:03 - [TEST_STEP][PASSED] - pages.WriteExcel.demoKey(resText, datText, resColumn, datCloumn, fileLoc, nameSheet, row): pages.WriteExcel.demoKey is PASSED

2024-05-15 15:16:03 - [MESSAGE][PASSED] - pages.WriteExcel.demoKey is PASSED

2024-05-15 15:16:03 - [TEST_STEP][PASSED] - ExecuteTC = findTestData(dataFile).getValue("Execute", row): null

2024-05-15 15:16:03 - [TEST_STEP][PASSED] - out.println("Value of Execute is : " + ExecuteTC): null

2024-05-15 15:16:03 - [TEST_STEP][PASSED] - if (ExecuteTC.equalsIgnoreCase("Y")): null

2024-05-15 15:16:03 - [TEST_STEP][PASSED] - out.println("Begin Record Number: " + row): null

2024-05-15 15:16:03 - [TEST_STEP][PASSED] - today = new java.util.Date(): null

2024-05-15 15:16:03 - [TEST_STEP][PASSED] - println(today): null

2024-05-15 15:16:03 - [TEST_STEP][PASSED] - datText = today: null

2024-05-15 15:16:03 - [TEST_STEP][PASSED] - EmulatorDataKey = findTestData(dataFile).getValue("EmulatorData", row): null

2024-05-15 15:16:03 - [TEST_STEP][PASSED] - out.println("Value of Emulator Key is : " + EmulatorDataKey): null

2024-05-15 15:16:03 - [TEST_STEP][PASSED] - iwpPages.emulatorIWP30.setDataEmulator_DD(EmulatorDataKey): iwpPages.emulatorIWP30.setDataEmulator_DD is PASSED

2024-05-15 15:16:04 - [MESSAGE][WARNING] - A browser is already opened. Closing browser and opening a new one

2024-05-15 15:16:05 - [MESSAGE][INFO] - Starting 'Chrome' driver

2024-05-15 15:16:05 - [MESSAGE][INFO] - User set preference: ['acceptInsecureCerts', 'true']

2024-05-15 15:16:05 - [MESSAGE][INFO] - Action delay is set to 0 milliseconds

2024-05-15 15:16:07 - [MESSAGE][PASSED] - Browser is opened with url: 'https://qa2.velocitypayment.com/agency/config.do?action=editor&message_version=3_0'

2024-05-15 15:16:08 - [MESSAGE][PASSED] - Current window maximized

2024-05-15 15:16:09 - [MESSAGE][PASSED] - All options with value '3.0' are selected in object 'Object Repository/IWP30/Page_VRelay30Emulator/MV'  using regular expression

2024-05-15 15:16:09 - [MESSAGE][PASSED] - Text '10.50' is set on object 'Object Repository/IWP30/Page_VRelay30Emulator/Amount'

2024-05-15 15:16:10 - [MESSAGE][PASSED] - Text '26412167' is set on object 'Object Repository/IWP30/Page_VRelay30Emulator/CAN'

2024-05-15 15:16:10 - [MESSAGE][PASSED] - Text 'PayNow' is set on object 'Object Repository/IWP30/Page_VRelay30Emulator/Action'

2024-05-15 15:16:11 - [MESSAGE][PASSED] - Text 'en_US' is set on object 'Object Repository/IWP30/Page_VRelay30Emulator/Lang'

2024-05-15 15:16:12 - [MESSAGE][PASSED] - Text 'Elizath' is set on object 'Object Repository/IWP30/Page_VRelay30Emulator/Fname'

2024-05-15 15:16:12 - [MESSAGE][PASSED] - Text 'Christine' is set on object 'Object Repository/IWP30/Page_VRelay30Emulator/Lname'

2024-05-15 15:16:13 - [MESSAGE][PASSED] - Text '258 Underwood rd' is set on object 'Object Repository/IWP30/Page_VRelay30Emulator/AL1'

2024-05-15 15:16:14 - [MESSAGE][PASSED] - Text 'Suite 600' is set on object 'Object Repository/IWP30/Page_VRelay30Emulator/AL2'

2024-05-15 15:16:14 - [MESSAGE][PASSED] - Text '840' is set on object 'Object Repository/IWP30/Page_VRelay30Emulator/Country'

2024-05-15 15:16:15 - [MESSAGE][PASSED] - Text 'Arlington' is set on object 'Object Repository/IWP30/Page_VRelay30Emulator/City'

2024-05-15 15:16:15 - [MESSAGE][PASSED] - Text 'VA' is set on object 'Object Repository/IWP30/Page_VRelay30Emulator/State'

2024-05-15 15:16:16 - [MESSAGE][PASSED] - Text '22201' is set on object 'Object Repository/IWP30/Page_VRelay30Emulator/ZIP'

2024-05-15 15:16:17 - [MESSAGE][PASSED] - Text '' is set on object 'Object Repository/IWP30/Page_VRelay30Emulator/Order'

2024-05-15 15:16:17 - [MESSAGE][PASSED] - Text '' is set on object 'Object Repository/IWP30/Page_VRelay30Emulator/Company'

2024-05-15 15:16:18 - [MESSAGE][PASSED] - Text 'iahmed@govolution.com' is set on object 'Object Repository/IWP30/Page_VRelay30Emulator/Email'

2024-05-15 15:16:19 - [MESSAGE][PASSED] - Text 'udf data 1' is set on object 'Object Repository/IWP30/Page_VRelay30Emulator/UDF1'

2024-05-15 15:16:19 - [MESSAGE][PASSED] - Text 'udf data 2' is set on object 'Object Repository/IWP30/Page_VRelay30Emulator/UDF2'

2024-05-15 15:16:20 - [MESSAGE][PASSED] - Text 'udf data 3' is set on object 'Object Repository/IWP30/Page_VRelay30Emulator/UDF3'

2024-05-15 15:16:21 - [MESSAGE][PASSED] - Text 'udf data 4' is set on object 'Object Repository/IWP30/Page_VRelay30Emulator/UDF4'

2024-05-15 15:16:21 - [MESSAGE][PASSED] - Text 'udf data 5' is set on object 'Object Repository/IWP30/Page_VRelay30Emulator/UDF5'

2024-05-15 15:16:22 - [MESSAGE][PASSED] - Text 'udf data 6' is set on object 'Object Repository/IWP30/Page_VRelay30Emulator/UDF6'

2024-05-15 15:16:22 - [MESSAGE][PASSED] - Text 'Orange' is set on object 'Object Repository/IWP30/Page_VRelay30Emulator/UDF7'

2024-05-15 15:16:23 - [MESSAGE][PASSED] - Text 'Soccer' is set on object 'Object Repository/IWP30/Page_VRelay30Emulator/UDF8'

2024-05-15 15:16:24 - [MESSAGE][PASSED] - Text 'udf data 9' is set on object 'Object Repository/IWP30/Page_VRelay30Emulator/UDF9'

2024-05-15 15:16:24 - [MESSAGE][PASSED] - Text 'udf data 10' is set on object 'Object Repository/IWP30/Page_VRelay30Emulator/UDF10'

2024-05-15 15:16:25 - [MESSAGE][PASSED] - Object: 'Object Repository/IWP30/Page_VRelay30Emulator/Submit' is clicked on

2024-05-15 15:16:26 - [MESSAGE][PASSED] - Browser is closed

2024-05-15 15:16:27 - [MESSAGE][PASSED] - iwpPages.emulatorIWP30.setDataEmulator_DD is PASSED

2024-05-15 15:16:27 - [TEST_STEP][PASSED] - testHarnessURL = urlTestHarness: null

2024-05-15 15:16:27 - [TEST_STEP][PASSED] - openBrowser(testHarnessURL): Browser is opened with url: 'https://dev-algorithm.govolution.com/vrelaytest/QA2/version_2_2/vrelaytest.html'

2024-05-15 15:16:27 - [MESSAGE][INFO] - Starting 'Chrome' driver

2024-05-15 15:16:27 - [MESSAGE][INFO] - User set preference: ['acceptInsecureCerts', 'true']

2024-05-15 15:16:27 - [MESSAGE][INFO] - Action delay is set to 0 milliseconds

2024-05-15 15:16:29 - [MESSAGE][PASSED] - Browser is opened with url: 'https://dev-algorithm.govolution.com/vrelaytest/QA2/version_2_2/vrelaytest.html'

2024-05-15 15:16:29 - [TEST_STEP][PASSED] - maximizeWindow(): Current window maximized

2024-05-15 15:16:30 - [MESSAGE][PASSED] - Current window maximized

2024-05-15 15:16:30 - [TEST_STEP][PASSED] - iwpPages.TestHarnessPage.setDataMethod(row, dataFile): iwpPages.TestHarnessPage.setDataMethod is PASSED

2024-05-15 15:16:30 - [MESSAGE][PASSED] - Object 'Object Repository/IWP30/Page_QATestHarness/RemittanceID' is present

2024-05-15 15:16:31 - [MESSAGE][PASSED] - Text '650' is set on object 'Object Repository/IWP30/Page_QATestHarness/ApplicationID'

2024-05-15 15:16:31 - [MESSAGE][PASSED] - Text '3.0' is set on object 'Object Repository/IWP30/Page_QATestHarness/MessageVersion'

2024-05-15 15:16:32 - [MESSAGE][PASSED] - Text 'yuY7ZfRx4y33' is set on object 'Object Repository/IWP30/Page_QATestHarness/RemittanceID'

2024-05-15 15:16:33 - [MESSAGE][PASSED] - Object: 'Object Repository/IWP30/Page_QATestHarness/SubmitButton' is clicked on

2024-05-15 15:16:33 - [MESSAGE][PASSED] - iwpPages.TestHarnessPage.setDataMethod is PASSED

2024-05-15 15:16:33 - [TEST_STEP][PASSED] - check(findTestObject("Object Repository/IWP30/Page_SelectPaymentMethod/PayByCreditCard")): Object 'Object Repository/IWP30/Page_SelectPaymentMethod/PayByCreditCard' is checked

2024-05-15 15:16:34 - [MESSAGE][PASSED] - Object 'Object Repository/IWP30/Page_SelectPaymentMethod/PayByCreditCard' is checked

2024-05-15 15:16:34 - [TEST_STEP][PASSED] - click(findTestObject("Object Repository/IWP30/Page_SelectPaymentMethod/MakePaymentButton")): Object: 'Object Repository/IWP30/Page_SelectPaymentMethod/MakePaymentButton' is clicked on

2024-05-15 15:16:35 - [MESSAGE][PASSED] - Object: 'Object Repository/IWP30/Page_SelectPaymentMethod/MakePaymentButton' is clicked on

2024-05-15 15:16:35 - [TEST_STEP][PASSED] - iwpPages.ccPaymentEntryPage.setDataIWPCreditCard(row, dataFile): iwpPages.ccPaymentEntryPage.setDataIWPCreditCard is PASSED

2024-05-15 15:16:36 - [MESSAGE][PASSED] - Object 'Object Repository/IWP30/Page_CCPaymentEntry/Name' is present

2024-05-15 15:16:37 - [MESSAGE][PASSED] - Text '6510000000000216' is set on object 'Object Repository/IWP30/Page_CCPaymentEntry/CardNumber'

2024-05-15 15:16:38 - [MESSAGE][PASSED] - Text '123' is set on object 'Object Repository/IWP30/Page_CCPaymentEntry/SPC'

2024-05-15 15:16:38 - [MESSAGE][PASSED] - All options with label '12' are selected in object 'Object Repository/IWP30/Page_CCPaymentEntry/Month' 

2024-05-15 15:16:39 - [MESSAGE][PASSED] - All options with label '2028' are selected in object 'Object Repository/IWP30/Page_CCPaymentEntry/Year' 

2024-05-15 15:16:39 - [MESSAGE][PASSED] - Object 'Object Repository/IWP30/Page_CCPaymentEntry/TermCondCheckBox' is present

2024-05-15 15:16:40 - [MESSAGE][PASSED] - Object 'Object Repository/IWP30/Page_CCPaymentEntry/TermCondCheckBox' is checked

2024-05-15 15:16:40 - [MESSAGE][PASSED] - Object 'Object Repository/IWP30/Page_CCPaymentEntry/ContinueButton' is present

2024-05-15 15:16:41 - [MESSAGE][PASSED] - Object: 'Object Repository/IWP30/Page_CCPaymentEntry/ContinueButton' is clicked on

2024-05-15 15:16:41 - [MESSAGE][PASSED] - iwpPages.ccPaymentEntryPage.setDataIWPCreditCard is PASSED

2024-05-15 15:16:41 - [TEST_STEP][PASSED] - click(findTestObject("Object Repository/IWP30/Page_Confirmation/ConfirmButton")): Object: 'Object Repository/IWP30/Page_Confirmation/ConfirmButton' is clicked on

2024-05-15 15:16:42 - [MESSAGE][PASSED] - Object: 'Object Repository/IWP30/Page_Confirmation/ConfirmButton' is clicked on

2024-05-15 15:16:42 - [TEST_STEP][PASSED] - Thread.sleep(10000): null

2024-05-15 15:16:52 - [TEST_STEP][PASSED] - click(findTestObject("Object Repository/IWP30/Page_AcceptCF/input_convFeeNotifyAction")): Object: 'Object Repository/IWP30/Page_AcceptCF/input_convFeeNotifyAction' is clicked on

2024-05-15 15:16:53 - [MESSAGE][PASSED] - Object: 'Object Repository/IWP30/Page_AcceptCF/input_convFeeNotifyAction' is clicked on

2024-05-15 15:16:53 - [TEST_STEP][PASSED] - Thread.sleep(10000): null

2024-05-15 15:17:03 - [TEST_STEP][PASSED] - if (verifyTextPresent("Successful Payment Receipt", false)): null

2024-05-15 15:17:04 - [MESSAGE][PASSED] - Text 'Successful Payment Receipt' is present on page 

2024-05-15 15:17:04 - [TEST_STEP][PASSED] - println("Successful Payment Receipt text is present on the Receipt page"): null

2024-05-15 15:17:04 - [TEST_STEP][PASSED] - markPassed("Successful Payment Receipt text is present on the Receipt page"): Successful Payment Receipt text is present on the Receipt page

2024-05-15 15:17:04 - [MESSAGE][PASSED] - Successful Payment Receipt text is present on the Receipt page

2024-05-15 15:17:04 - [TEST_STEP][PASSED] - resText = "Pass": null

2024-05-15 15:17:04 - [TEST_STEP][PASSED] - pages.WriteExcel.demoKey(resText, datText, resColumn, datCloumn, fileLoc, nameSheet, row): pages.WriteExcel.demoKey is PASSED

2024-05-15 15:17:04 - [MESSAGE][PASSED] - pages.WriteExcel.demoKey is PASSED

2024-05-15 15:17:04 - [TEST_STEP][PASSED] - ExecuteTC = findTestData(dataFile).getValue("Execute", row): null

2024-05-15 15:17:04 - [TEST_STEP][PASSED] - out.println("Value of Execute is : " + ExecuteTC): null

2024-05-15 15:17:04 - [TEST_STEP][PASSED] - if (ExecuteTC.equalsIgnoreCase("Y")): null

2024-05-15 15:17:04 - [TEST_STEP][PASSED] - out.println("Begin Record Number: " + row): null

2024-05-15 15:17:04 - [TEST_STEP][PASSED] - today = new java.util.Date(): null

2024-05-15 15:17:04 - [TEST_STEP][PASSED] - println(today): null

2024-05-15 15:17:04 - [TEST_STEP][PASSED] - datText = today: null

2024-05-15 15:17:04 - [TEST_STEP][PASSED] - EmulatorDataKey = findTestData(dataFile).getValue("EmulatorData", row): null

2024-05-15 15:17:04 - [TEST_STEP][PASSED] - out.println("Value of Emulator Key is : " + EmulatorDataKey): null

2024-05-15 15:17:04 - [TEST_STEP][PASSED] - iwpPages.emulatorIWP30.setDataEmulator_DD(EmulatorDataKey): iwpPages.emulatorIWP30.setDataEmulator_DD is PASSED

2024-05-15 15:17:05 - [MESSAGE][WARNING] - A browser is already opened. Closing browser and opening a new one

2024-05-15 15:17:06 - [MESSAGE][INFO] - Starting 'Chrome' driver

2024-05-15 15:17:06 - [MESSAGE][INFO] - User set preference: ['acceptInsecureCerts', 'true']

2024-05-15 15:17:06 - [MESSAGE][INFO] - Action delay is set to 0 milliseconds

2024-05-15 15:17:09 - [MESSAGE][PASSED] - Browser is opened with url: 'https://qa2.velocitypayment.com/agency/config.do?action=editor&message_version=3_0'

2024-05-15 15:17:09 - [MESSAGE][PASSED] - Current window maximized

2024-05-15 15:17:10 - [MESSAGE][PASSED] - All options with value '3.0' are selected in object 'Object Repository/IWP30/Page_VRelay30Emulator/MV'  using regular expression

2024-05-15 15:17:11 - [MESSAGE][PASSED] - Text '10.50' is set on object 'Object Repository/IWP30/Page_VRelay30Emulator/Amount'

2024-05-15 15:17:11 - [MESSAGE][PASSED] - Text '26412167' is set on object 'Object Repository/IWP30/Page_VRelay30Emulator/CAN'

2024-05-15 15:17:12 - [MESSAGE][PASSED] - Text 'PayNow' is set on object 'Object Repository/IWP30/Page_VRelay30Emulator/Action'

2024-05-15 15:17:13 - [MESSAGE][PASSED] - Text 'en_US' is set on object 'Object Repository/IWP30/Page_VRelay30Emulator/Lang'

2024-05-15 15:17:13 - [MESSAGE][PASSED] - Text 'Elizath' is set on object 'Object Repository/IWP30/Page_VRelay30Emulator/Fname'

2024-05-15 15:17:14 - [MESSAGE][PASSED] - Text 'Christine' is set on object 'Object Repository/IWP30/Page_VRelay30Emulator/Lname'

2024-05-15 15:17:15 - [MESSAGE][PASSED] - Text '258 Underwood rd' is set on object 'Object Repository/IWP30/Page_VRelay30Emulator/AL1'

2024-05-15 15:17:15 - [MESSAGE][PASSED] - Text 'Suite 600' is set on object 'Object Repository/IWP30/Page_VRelay30Emulator/AL2'

2024-05-15 15:17:16 - [MESSAGE][PASSED] - Text '840' is set on object 'Object Repository/IWP30/Page_VRelay30Emulator/Country'

2024-05-15 15:17:16 - [MESSAGE][PASSED] - Text 'Arlington' is set on object 'Object Repository/IWP30/Page_VRelay30Emulator/City'

2024-05-15 15:17:17 - [MESSAGE][PASSED] - Text 'VA' is set on object 'Object Repository/IWP30/Page_VRelay30Emulator/State'

2024-05-15 15:17:18 - [MESSAGE][PASSED] - Text '22201' is set on object 'Object Repository/IWP30/Page_VRelay30Emulator/ZIP'

2024-05-15 15:17:18 - [MESSAGE][PASSED] - Text '' is set on object 'Object Repository/IWP30/Page_VRelay30Emulator/Order'

2024-05-15 15:17:19 - [MESSAGE][PASSED] - Text '' is set on object 'Object Repository/IWP30/Page_VRelay30Emulator/Company'

2024-05-15 15:17:20 - [MESSAGE][PASSED] - Text 'iahmed@govolution.com' is set on object 'Object Repository/IWP30/Page_VRelay30Emulator/Email'

2024-05-15 15:17:20 - [MESSAGE][PASSED] - Text 'udf data 1' is set on object 'Object Repository/IWP30/Page_VRelay30Emulator/UDF1'

2024-05-15 15:17:21 - [MESSAGE][PASSED] - Text 'udf data 2' is set on object 'Object Repository/IWP30/Page_VRelay30Emulator/UDF2'

2024-05-15 15:17:22 - [MESSAGE][PASSED] - Text 'udf data 3' is set on object 'Object Repository/IWP30/Page_VRelay30Emulator/UDF3'

2024-05-15 15:17:22 - [MESSAGE][PASSED] - Text 'udf data 4' is set on object 'Object Repository/IWP30/Page_VRelay30Emulator/UDF4'

2024-05-15 15:17:23 - [MESSAGE][PASSED] - Text 'udf data 5' is set on object 'Object Repository/IWP30/Page_VRelay30Emulator/UDF5'

2024-05-15 15:17:24 - [MESSAGE][PASSED] - Text 'udf data 6' is set on object 'Object Repository/IWP30/Page_VRelay30Emulator/UDF6'

2024-05-15 15:17:24 - [MESSAGE][PASSED] - Text 'Orange' is set on object 'Object Repository/IWP30/Page_VRelay30Emulator/UDF7'

2024-05-15 15:17:25 - [MESSAGE][PASSED] - Text 'Soccer' is set on object 'Object Repository/IWP30/Page_VRelay30Emulator/UDF8'

2024-05-15 15:17:25 - [MESSAGE][PASSED] - Text 'udf data 9' is set on object 'Object Repository/IWP30/Page_VRelay30Emulator/UDF9'

2024-05-15 15:17:26 - [MESSAGE][PASSED] - Text 'udf data 10' is set on object 'Object Repository/IWP30/Page_VRelay30Emulator/UDF10'

2024-05-15 15:17:27 - [MESSAGE][PASSED] - Object: 'Object Repository/IWP30/Page_VRelay30Emulator/Submit' is clicked on

2024-05-15 15:17:28 - [MESSAGE][PASSED] - Browser is closed

2024-05-15 15:17:29 - [MESSAGE][PASSED] - iwpPages.emulatorIWP30.setDataEmulator_DD is PASSED

2024-05-15 15:17:29 - [TEST_STEP][PASSED] - testHarnessURL = urlTestHarness: null

2024-05-15 15:17:29 - [TEST_STEP][PASSED] - openBrowser(testHarnessURL): Browser is opened with url: 'https://dev-algorithm.govolution.com/vrelaytest/QA2/version_2_2/vrelaytest.html'

2024-05-15 15:17:29 - [MESSAGE][INFO] - Starting 'Chrome' driver

2024-05-15 15:17:29 - [MESSAGE][INFO] - User set preference: ['acceptInsecureCerts', 'true']

2024-05-15 15:17:29 - [MESSAGE][INFO] - Action delay is set to 0 milliseconds

2024-05-15 15:17:31 - [MESSAGE][PASSED] - Browser is opened with url: 'https://dev-algorithm.govolution.com/vrelaytest/QA2/version_2_2/vrelaytest.html'

2024-05-15 15:17:31 - [TEST_STEP][PASSED] - maximizeWindow(): Current window maximized

2024-05-15 15:17:31 - [MESSAGE][PASSED] - Current window maximized

2024-05-15 15:17:31 - [TEST_STEP][PASSED] - iwpPages.TestHarnessPage.setDataMethod(row, dataFile): iwpPages.TestHarnessPage.setDataMethod is PASSED

2024-05-15 15:17:32 - [MESSAGE][PASSED] - Object 'Object Repository/IWP30/Page_QATestHarness/RemittanceID' is present

2024-05-15 15:17:32 - [MESSAGE][PASSED] - Text '650' is set on object 'Object Repository/IWP30/Page_QATestHarness/ApplicationID'

2024-05-15 15:17:33 - [MESSAGE][PASSED] - Text '3.0' is set on object 'Object Repository/IWP30/Page_QATestHarness/MessageVersion'

2024-05-15 15:17:34 - [MESSAGE][PASSED] - Text 'iejPFHJIvhRq' is set on object 'Object Repository/IWP30/Page_QATestHarness/RemittanceID'

2024-05-15 15:17:35 - [MESSAGE][PASSED] - Object: 'Object Repository/IWP30/Page_QATestHarness/SubmitButton' is clicked on

2024-05-15 15:17:35 - [MESSAGE][PASSED] - iwpPages.TestHarnessPage.setDataMethod is PASSED

2024-05-15 15:17:35 - [TEST_STEP][PASSED] - check(findTestObject("Object Repository/IWP30/Page_SelectPaymentMethod/PayByCreditCard")): Object 'Object Repository/IWP30/Page_SelectPaymentMethod/PayByCreditCard' is checked

2024-05-15 15:17:36 - [MESSAGE][PASSED] - Object 'Object Repository/IWP30/Page_SelectPaymentMethod/PayByCreditCard' is checked

2024-05-15 15:17:36 - [TEST_STEP][PASSED] - click(findTestObject("Object Repository/IWP30/Page_SelectPaymentMethod/MakePaymentButton")): Object: 'Object Repository/IWP30/Page_SelectPaymentMethod/MakePaymentButton' is clicked on

2024-05-15 15:17:37 - [MESSAGE][PASSED] - Object: 'Object Repository/IWP30/Page_SelectPaymentMethod/MakePaymentButton' is clicked on

2024-05-15 15:17:37 - [TEST_STEP][PASSED] - iwpPages.ccPaymentEntryPage.setDataIWPCreditCard(row, dataFile): iwpPages.ccPaymentEntryPage.setDataIWPCreditCard is PASSED

2024-05-15 15:17:39 - [MESSAGE][PASSED] - Object 'Object Repository/IWP30/Page_CCPaymentEntry/Name' is present

2024-05-15 15:17:39 - [MESSAGE][PASSED] - Text '374245002771003' is set on object 'Object Repository/IWP30/Page_CCPaymentEntry/CardNumber'

2024-05-15 15:17:40 - [MESSAGE][PASSED] - Text '1234' is set on object 'Object Repository/IWP30/Page_CCPaymentEntry/SPC'

2024-05-15 15:17:41 - [MESSAGE][PASSED] - All options with label '12' are selected in object 'Object Repository/IWP30/Page_CCPaymentEntry/Month' 

2024-05-15 15:17:41 - [MESSAGE][PASSED] - All options with label '2028' are selected in object 'Object Repository/IWP30/Page_CCPaymentEntry/Year' 

2024-05-15 15:17:42 - [MESSAGE][PASSED] - Object 'Object Repository/IWP30/Page_CCPaymentEntry/TermCondCheckBox' is present

2024-05-15 15:17:42 - [MESSAGE][PASSED] - Object 'Object Repository/IWP30/Page_CCPaymentEntry/TermCondCheckBox' is checked

2024-05-15 15:17:42 - [MESSAGE][PASSED] - Object 'Object Repository/IWP30/Page_CCPaymentEntry/ContinueButton' is present

2024-05-15 15:17:43 - [MESSAGE][PASSED] - Object: 'Object Repository/IWP30/Page_CCPaymentEntry/ContinueButton' is clicked on

2024-05-15 15:17:43 - [MESSAGE][PASSED] - iwpPages.ccPaymentEntryPage.setDataIWPCreditCard is PASSED

2024-05-15 15:17:43 - [TEST_STEP][PASSED] - click(findTestObject("Object Repository/IWP30/Page_Confirmation/ConfirmButton")): Object: 'Object Repository/IWP30/Page_Confirmation/ConfirmButton' is clicked on

2024-05-15 15:17:45 - [MESSAGE][PASSED] - Object: 'Object Repository/IWP30/Page_Confirmation/ConfirmButton' is clicked on

2024-05-15 15:17:45 - [TEST_STEP][PASSED] - Thread.sleep(10000): null

2024-05-15 15:17:55 - [TEST_STEP][PASSED] - click(findTestObject("Object Repository/IWP30/Page_AcceptCF/input_convFeeNotifyAction")): Object: 'Object Repository/IWP30/Page_AcceptCF/input_convFeeNotifyAction' is clicked on

2024-05-15 15:17:56 - [MESSAGE][PASSED] - Object: 'Object Repository/IWP30/Page_AcceptCF/input_convFeeNotifyAction' is clicked on

2024-05-15 15:17:56 - [TEST_STEP][PASSED] - Thread.sleep(10000): null

2024-05-15 15:18:06 - [TEST_STEP][PASSED] - if (verifyTextPresent("Successful Payment Receipt", false)): null

2024-05-15 15:18:06 - [MESSAGE][PASSED] - Text 'Successful Payment Receipt' is present on page 

2024-05-15 15:18:06 - [TEST_STEP][PASSED] - println("Successful Payment Receipt text is present on the Receipt page"): null

2024-05-15 15:18:06 - [TEST_STEP][PASSED] - markPassed("Successful Payment Receipt text is present on the Receipt page"): Successful Payment Receipt text is present on the Receipt page

2024-05-15 15:18:06 - [MESSAGE][PASSED] - Successful Payment Receipt text is present on the Receipt page

2024-05-15 15:18:06 - [TEST_STEP][PASSED] - resText = "Pass": null

2024-05-15 15:18:06 - [TEST_STEP][PASSED] - pages.WriteExcel.demoKey(resText, datText, resColumn, datCloumn, fileLoc, nameSheet, row): pages.WriteExcel.demoKey is PASSED

2024-05-15 15:18:06 - [MESSAGE][PASSED] - pages.WriteExcel.demoKey is PASSED]]></system-out>
         <system-err><![CDATA[]]></system-err>
      </testcase>
      <testcase name="Test Cases/IntegratedWeb/IWP30/Payments/PayNowSuccessfulPaymentDCFCC" time="246.7" classname="Test Cases/IntegratedWeb/IWP30/Payments/PayNowSuccessfulPaymentDCFCC" status="PASSED">
         <system-out><![CDATA[2024-05-15 15:18:06 - [TEST_CASE][PASSED] - Test Cases/IntegratedWeb/IWP30/Payments/PayNowSuccessfulPaymentDCFCC: Test Cases/IntegratedWeb/IWP30/Payments/PayNowSuccessfulPaymentDCFCC

2024-05-15 15:18:07 - [TEST_STEP][PASSED] - resText = "Fail": null

2024-05-15 15:18:07 - [TEST_STEP][PASSED] - resColumn = "Result": null

2024-05-15 15:18:07 - [TEST_STEP][PASSED] - datCloumn = "Date": null

2024-05-15 15:18:07 - [TEST_STEP][PASSED] - fileLoc = "KatalonData/IWPTestData/VRelay30PayNowCC.xlsx": null

2024-05-15 15:18:07 - [TEST_STEP][PASSED] - numOfRows = <not implemented yet for class: org.codehaus.groovy.ast.expr.EmptyExpression>: null

2024-05-15 15:18:07 - [TEST_STEP][PASSED] - dataFile = <not implemented yet for class: org.codehaus.groovy.ast.expr.EmptyExpression>: null

2024-05-15 15:18:07 - [TEST_STEP][PASSED] - nameSheet = <not implemented yet for class: org.codehaus.groovy.ast.expr.EmptyExpression>: null

2024-05-15 15:18:07 - [TEST_STEP][PASSED] - dataFileEmulator = <not implemented yet for class: org.codehaus.groovy.ast.expr.EmptyExpression>: null

2024-05-15 15:18:07 - [TEST_STEP][PASSED] - nameSheet = "PayNowCCDCF": null

2024-05-15 15:18:07 - [TEST_STEP][PASSED] - dataFile = "IWPTestData/PayNowCreditCardDCF": null

2024-05-15 15:18:07 - [TEST_STEP][PASSED] - dataFileEmulator = "IWPTestData/EmulatorData": null

2024-05-15 15:18:07 - [TEST_STEP][PASSED] - numOfRows = findTestData(dataFile).getRowNumbers(): null

2024-05-15 15:18:07 - [TEST_STEP][PASSED] - println("Number of Records: " + numOfRows): null

2024-05-15 15:18:07 - [TEST_STEP][PASSED] - for ([row = 1, row <= numOfRows, (row++)]): null

2024-05-15 15:18:07 - [TEST_STEP][PASSED] - ExecuteTC = findTestData(dataFile).getValue("Execute", row): null

2024-05-15 15:18:07 - [TEST_STEP][PASSED] - out.println("Value of Execute is : " + ExecuteTC): null

2024-05-15 15:18:07 - [TEST_STEP][PASSED] - if (ExecuteTC.equalsIgnoreCase("Y")): null

2024-05-15 15:18:07 - [TEST_STEP][PASSED] - out.println("Begin Record Number: " + row): null

2024-05-15 15:18:07 - [TEST_STEP][PASSED] - today = new java.util.Date(): null

2024-05-15 15:18:07 - [TEST_STEP][PASSED] - println(today): null

2024-05-15 15:18:07 - [TEST_STEP][PASSED] - datText = today: null

2024-05-15 15:18:07 - [TEST_STEP][PASSED] - EmulatorDataKey = findTestData(dataFile).getValue("EmulatorData", row): null

2024-05-15 15:18:07 - [TEST_STEP][PASSED] - out.println("Value of Emulator Key is : " + EmulatorDataKey): null

2024-05-15 15:18:07 - [TEST_STEP][PASSED] - iwpPages.emulatorIWP30.setDataEmulator_DD(EmulatorDataKey): iwpPages.emulatorIWP30.setDataEmulator_DD is PASSED

2024-05-15 15:18:08 - [MESSAGE][WARNING] - A browser is already opened. Closing browser and opening a new one

2024-05-15 15:18:09 - [MESSAGE][INFO] - Starting 'Chrome' driver

2024-05-15 15:18:09 - [MESSAGE][INFO] - User set preference: ['acceptInsecureCerts', 'true']

2024-05-15 15:18:09 - [MESSAGE][INFO] - Action delay is set to 0 milliseconds

2024-05-15 15:18:11 - [MESSAGE][PASSED] - Browser is opened with url: 'https://qa2.velocitypayment.com/agency/config.do?action=editor&message_version=3_0'

2024-05-15 15:18:12 - [MESSAGE][PASSED] - Current window maximized

2024-05-15 15:18:12 - [MESSAGE][PASSED] - All options with value '3.0' are selected in object 'Object Repository/IWP30/Page_VRelay30Emulator/MV'  using regular expression

2024-05-15 15:18:13 - [MESSAGE][PASSED] - Text '10.50' is set on object 'Object Repository/IWP30/Page_VRelay30Emulator/Amount'

2024-05-15 15:18:14 - [MESSAGE][PASSED] - Text '26412167' is set on object 'Object Repository/IWP30/Page_VRelay30Emulator/CAN'

2024-05-15 15:18:14 - [MESSAGE][PASSED] - Text 'PayNow' is set on object 'Object Repository/IWP30/Page_VRelay30Emulator/Action'

2024-05-15 15:18:15 - [MESSAGE][PASSED] - Text 'en_US' is set on object 'Object Repository/IWP30/Page_VRelay30Emulator/Lang'

2024-05-15 15:18:16 - [MESSAGE][PASSED] - Text 'Elizath' is set on object 'Object Repository/IWP30/Page_VRelay30Emulator/Fname'

2024-05-15 15:18:16 - [MESSAGE][PASSED] - Text 'Christine' is set on object 'Object Repository/IWP30/Page_VRelay30Emulator/Lname'

2024-05-15 15:18:17 - [MESSAGE][PASSED] - Text '258 Underwood rd' is set on object 'Object Repository/IWP30/Page_VRelay30Emulator/AL1'

2024-05-15 15:18:17 - [MESSAGE][PASSED] - Text 'Suite 600' is set on object 'Object Repository/IWP30/Page_VRelay30Emulator/AL2'

2024-05-15 15:18:18 - [MESSAGE][PASSED] - Text '840' is set on object 'Object Repository/IWP30/Page_VRelay30Emulator/Country'

2024-05-15 15:18:19 - [MESSAGE][PASSED] - Text 'Arlington' is set on object 'Object Repository/IWP30/Page_VRelay30Emulator/City'

2024-05-15 15:18:19 - [MESSAGE][PASSED] - Text 'VA' is set on object 'Object Repository/IWP30/Page_VRelay30Emulator/State'

2024-05-15 15:18:20 - [MESSAGE][PASSED] - Text '22201' is set on object 'Object Repository/IWP30/Page_VRelay30Emulator/ZIP'

2024-05-15 15:18:21 - [MESSAGE][PASSED] - Text '' is set on object 'Object Repository/IWP30/Page_VRelay30Emulator/Order'

2024-05-15 15:18:21 - [MESSAGE][PASSED] - Text '' is set on object 'Object Repository/IWP30/Page_VRelay30Emulator/Company'

2024-05-15 15:18:22 - [MESSAGE][PASSED] - Text 'iahmed@govolution.com' is set on object 'Object Repository/IWP30/Page_VRelay30Emulator/Email'

2024-05-15 15:18:23 - [MESSAGE][PASSED] - Text 'udf data 1' is set on object 'Object Repository/IWP30/Page_VRelay30Emulator/UDF1'

2024-05-15 15:18:23 - [MESSAGE][PASSED] - Text 'udf data 2' is set on object 'Object Repository/IWP30/Page_VRelay30Emulator/UDF2'

2024-05-15 15:18:24 - [MESSAGE][PASSED] - Text 'udf data 3' is set on object 'Object Repository/IWP30/Page_VRelay30Emulator/UDF3'

2024-05-15 15:18:24 - [MESSAGE][PASSED] - Text 'udf data 4' is set on object 'Object Repository/IWP30/Page_VRelay30Emulator/UDF4'

2024-05-15 15:18:25 - [MESSAGE][PASSED] - Text 'udf data 5' is set on object 'Object Repository/IWP30/Page_VRelay30Emulator/UDF5'

2024-05-15 15:18:26 - [MESSAGE][PASSED] - Text 'udf data 6' is set on object 'Object Repository/IWP30/Page_VRelay30Emulator/UDF6'

2024-05-15 15:18:26 - [MESSAGE][PASSED] - Text 'Orange' is set on object 'Object Repository/IWP30/Page_VRelay30Emulator/UDF7'

2024-05-15 15:18:27 - [MESSAGE][PASSED] - Text 'Soccer' is set on object 'Object Repository/IWP30/Page_VRelay30Emulator/UDF8'

2024-05-15 15:18:28 - [MESSAGE][PASSED] - Text 'udf data 9' is set on object 'Object Repository/IWP30/Page_VRelay30Emulator/UDF9'

2024-05-15 15:18:28 - [MESSAGE][PASSED] - Text 'udf data 10' is set on object 'Object Repository/IWP30/Page_VRelay30Emulator/UDF10'

2024-05-15 15:18:29 - [MESSAGE][PASSED] - Object: 'Object Repository/IWP30/Page_VRelay30Emulator/Submit' is clicked on

2024-05-15 15:18:30 - [MESSAGE][PASSED] - Browser is closed

2024-05-15 15:18:31 - [MESSAGE][PASSED] - iwpPages.emulatorIWP30.setDataEmulator_DD is PASSED

2024-05-15 15:18:31 - [TEST_STEP][PASSED] - testHarnessURL = urlTestHarness: null

2024-05-15 15:18:31 - [TEST_STEP][PASSED] - openBrowser(testHarnessURL): Browser is opened with url: 'https://dev-algorithm.govolution.com/vrelaytest/QA2/version_2_2/vrelaytest.html'

2024-05-15 15:18:31 - [MESSAGE][INFO] - Starting 'Chrome' driver

2024-05-15 15:18:31 - [MESSAGE][INFO] - User set preference: ['acceptInsecureCerts', 'true']

2024-05-15 15:18:31 - [MESSAGE][INFO] - Action delay is set to 0 milliseconds

2024-05-15 15:18:33 - [MESSAGE][PASSED] - Browser is opened with url: 'https://dev-algorithm.govolution.com/vrelaytest/QA2/version_2_2/vrelaytest.html'

2024-05-15 15:18:33 - [TEST_STEP][PASSED] - maximizeWindow(): Current window maximized

2024-05-15 15:18:34 - [MESSAGE][PASSED] - Current window maximized

2024-05-15 15:18:34 - [TEST_STEP][PASSED] - iwpPages.TestHarnessPage.setDataMethod(row, dataFile): iwpPages.TestHarnessPage.setDataMethod is PASSED

2024-05-15 15:18:34 - [MESSAGE][PASSED] - Object 'Object Repository/IWP30/Page_QATestHarness/RemittanceID' is present

2024-05-15 15:18:35 - [MESSAGE][PASSED] - Text '651' is set on object 'Object Repository/IWP30/Page_QATestHarness/ApplicationID'

2024-05-15 15:18:35 - [MESSAGE][PASSED] - Text '3.0' is set on object 'Object Repository/IWP30/Page_QATestHarness/MessageVersion'

2024-05-15 15:18:36 - [MESSAGE][PASSED] - Text '61aYhnHhXqad' is set on object 'Object Repository/IWP30/Page_QATestHarness/RemittanceID'

2024-05-15 15:18:37 - [MESSAGE][PASSED] - Object: 'Object Repository/IWP30/Page_QATestHarness/SubmitButton' is clicked on

2024-05-15 15:18:37 - [MESSAGE][PASSED] - iwpPages.TestHarnessPage.setDataMethod is PASSED

2024-05-15 15:18:37 - [TEST_STEP][PASSED] - check(findTestObject("Object Repository/IWP30/Page_SelectPaymentMethod/PayByCreditCard")): Object 'Object Repository/IWP30/Page_SelectPaymentMethod/PayByCreditCard' is checked

2024-05-15 15:18:38 - [MESSAGE][PASSED] - Object 'Object Repository/IWP30/Page_SelectPaymentMethod/PayByCreditCard' is checked

2024-05-15 15:18:38 - [TEST_STEP][PASSED] - click(findTestObject("Object Repository/IWP30/Page_SelectPaymentMethod/MakePaymentButton")): Object: 'Object Repository/IWP30/Page_SelectPaymentMethod/MakePaymentButton' is clicked on

2024-05-15 15:18:39 - [MESSAGE][PASSED] - Object: 'Object Repository/IWP30/Page_SelectPaymentMethod/MakePaymentButton' is clicked on

2024-05-15 15:18:39 - [TEST_STEP][PASSED] - iwpPages.ccPaymentEntryPage.setDataIWPCreditCard(row, dataFile): iwpPages.ccPaymentEntryPage.setDataIWPCreditCard is PASSED

2024-05-15 15:18:41 - [MESSAGE][PASSED] - Object 'Object Repository/IWP30/Page_CCPaymentEntry/Name' is present

2024-05-15 15:18:41 - [MESSAGE][PASSED] - Text '5146312200000035' is set on object 'Object Repository/IWP30/Page_CCPaymentEntry/CardNumber'

2024-05-15 15:18:42 - [MESSAGE][PASSED] - Text '123' is set on object 'Object Repository/IWP30/Page_CCPaymentEntry/SPC'

2024-05-15 15:18:43 - [MESSAGE][PASSED] - All options with label '09' are selected in object 'Object Repository/IWP30/Page_CCPaymentEntry/Month' 

2024-05-15 15:18:43 - [MESSAGE][PASSED] - All options with label '2028' are selected in object 'Object Repository/IWP30/Page_CCPaymentEntry/Year' 

2024-05-15 15:18:44 - [MESSAGE][PASSED] - Object 'Object Repository/IWP30/Page_CCPaymentEntry/TermCondCheckBox' is present

2024-05-15 15:18:44 - [MESSAGE][PASSED] - Object 'Object Repository/IWP30/Page_CCPaymentEntry/TermCondCheckBox' is checked

2024-05-15 15:18:44 - [MESSAGE][PASSED] - Object 'Object Repository/IWP30/Page_CCPaymentEntry/ContinueButton' is present

2024-05-15 15:18:46 - [MESSAGE][PASSED] - Object: 'Object Repository/IWP30/Page_CCPaymentEntry/ContinueButton' is clicked on

2024-05-15 15:18:46 - [MESSAGE][PASSED] - iwpPages.ccPaymentEntryPage.setDataIWPCreditCard is PASSED

2024-05-15 15:18:46 - [TEST_STEP][PASSED] - click(findTestObject("Object Repository/IWP30/Page_Confirmation/ConfirmButton")): Object: 'Object Repository/IWP30/Page_Confirmation/ConfirmButton' is clicked on

2024-05-15 15:18:47 - [MESSAGE][PASSED] - Object: 'Object Repository/IWP30/Page_Confirmation/ConfirmButton' is clicked on

2024-05-15 15:18:47 - [TEST_STEP][PASSED] - Thread.sleep(10000): null

2024-05-15 15:18:57 - [TEST_STEP][PASSED] - click(findTestObject("Object Repository/IWP30/Page_AcceptCF/input_convFeeNotifyAction")): Object: 'Object Repository/IWP30/Page_AcceptCF/input_convFeeNotifyAction' is clicked on

2024-05-15 15:18:58 - [MESSAGE][PASSED] - Object: 'Object Repository/IWP30/Page_AcceptCF/input_convFeeNotifyAction' is clicked on

2024-05-15 15:18:58 - [TEST_STEP][PASSED] - Thread.sleep(10000): null

2024-05-15 15:19:08 - [TEST_STEP][PASSED] - if (verifyTextPresent("Successful Payment Receipt", false)): null

2024-05-15 15:19:08 - [MESSAGE][PASSED] - Text 'Successful Payment Receipt' is present on page 

2024-05-15 15:19:08 - [TEST_STEP][PASSED] - println("Successful Payment Receipt text is present on the Receipt page"): null

2024-05-15 15:19:08 - [TEST_STEP][PASSED] - markPassed("Successful Payment Receipt text is present on the Receipt page"): Successful Payment Receipt text is present on the Receipt page

2024-05-15 15:19:08 - [MESSAGE][PASSED] - Successful Payment Receipt text is present on the Receipt page

2024-05-15 15:19:08 - [TEST_STEP][PASSED] - resText = "Pass": null

2024-05-15 15:19:08 - [TEST_STEP][PASSED] - pages.WriteExcel.demoKey(resText, datText, resColumn, datCloumn, fileLoc, nameSheet, row): pages.WriteExcel.demoKey is PASSED

2024-05-15 15:19:08 - [MESSAGE][PASSED] - pages.WriteExcel.demoKey is PASSED

2024-05-15 15:19:08 - [TEST_STEP][PASSED] - ExecuteTC = findTestData(dataFile).getValue("Execute", row): null

2024-05-15 15:19:08 - [TEST_STEP][PASSED] - out.println("Value of Execute is : " + ExecuteTC): null

2024-05-15 15:19:08 - [TEST_STEP][PASSED] - if (ExecuteTC.equalsIgnoreCase("Y")): null

2024-05-15 15:19:08 - [TEST_STEP][PASSED] - out.println("Begin Record Number: " + row): null

2024-05-15 15:19:08 - [TEST_STEP][PASSED] - today = new java.util.Date(): null

2024-05-15 15:19:08 - [TEST_STEP][PASSED] - println(today): null

2024-05-15 15:19:08 - [TEST_STEP][PASSED] - datText = today: null

2024-05-15 15:19:08 - [TEST_STEP][PASSED] - EmulatorDataKey = findTestData(dataFile).getValue("EmulatorData", row): null

2024-05-15 15:19:09 - [TEST_STEP][PASSED] - out.println("Value of Emulator Key is : " + EmulatorDataKey): null

2024-05-15 15:19:09 - [TEST_STEP][PASSED] - iwpPages.emulatorIWP30.setDataEmulator_DD(EmulatorDataKey): iwpPages.emulatorIWP30.setDataEmulator_DD is PASSED

2024-05-15 15:19:09 - [MESSAGE][WARNING] - A browser is already opened. Closing browser and opening a new one

2024-05-15 15:19:11 - [MESSAGE][INFO] - Starting 'Chrome' driver

2024-05-15 15:19:11 - [MESSAGE][INFO] - User set preference: ['acceptInsecureCerts', 'true']

2024-05-15 15:19:11 - [MESSAGE][INFO] - Action delay is set to 0 milliseconds

2024-05-15 15:19:13 - [MESSAGE][PASSED] - Browser is opened with url: 'https://qa2.velocitypayment.com/agency/config.do?action=editor&message_version=3_0'

2024-05-15 15:19:13 - [MESSAGE][PASSED] - Current window maximized

2024-05-15 15:19:14 - [MESSAGE][PASSED] - All options with value '3.0' are selected in object 'Object Repository/IWP30/Page_VRelay30Emulator/MV'  using regular expression

2024-05-15 15:19:15 - [MESSAGE][PASSED] - Text '10.50' is set on object 'Object Repository/IWP30/Page_VRelay30Emulator/Amount'

2024-05-15 15:19:15 - [MESSAGE][PASSED] - Text '26412167' is set on object 'Object Repository/IWP30/Page_VRelay30Emulator/CAN'

2024-05-15 15:19:16 - [MESSAGE][PASSED] - Text 'PayNow' is set on object 'Object Repository/IWP30/Page_VRelay30Emulator/Action'

2024-05-15 15:19:16 - [MESSAGE][PASSED] - Text 'en_US' is set on object 'Object Repository/IWP30/Page_VRelay30Emulator/Lang'

2024-05-15 15:19:17 - [MESSAGE][PASSED] - Text 'Elizath' is set on object 'Object Repository/IWP30/Page_VRelay30Emulator/Fname'

2024-05-15 15:19:18 - [MESSAGE][PASSED] - Text 'Christine' is set on object 'Object Repository/IWP30/Page_VRelay30Emulator/Lname'

2024-05-15 15:19:18 - [MESSAGE][PASSED] - Text '258 Underwood rd' is set on object 'Object Repository/IWP30/Page_VRelay30Emulator/AL1'

2024-05-15 15:19:19 - [MESSAGE][PASSED] - Text 'Suite 600' is set on object 'Object Repository/IWP30/Page_VRelay30Emulator/AL2'

2024-05-15 15:19:20 - [MESSAGE][PASSED] - Text '840' is set on object 'Object Repository/IWP30/Page_VRelay30Emulator/Country'

2024-05-15 15:19:20 - [MESSAGE][PASSED] - Text 'Arlington' is set on object 'Object Repository/IWP30/Page_VRelay30Emulator/City'

2024-05-15 15:19:21 - [MESSAGE][PASSED] - Text 'VA' is set on object 'Object Repository/IWP30/Page_VRelay30Emulator/State'

2024-05-15 15:19:22 - [MESSAGE][PASSED] - Text '22201' is set on object 'Object Repository/IWP30/Page_VRelay30Emulator/ZIP'

2024-05-15 15:19:22 - [MESSAGE][PASSED] - Text '' is set on object 'Object Repository/IWP30/Page_VRelay30Emulator/Order'

2024-05-15 15:19:23 - [MESSAGE][PASSED] - Text '' is set on object 'Object Repository/IWP30/Page_VRelay30Emulator/Company'

2024-05-15 15:19:23 - [MESSAGE][PASSED] - Text 'iahmed@govolution.com' is set on object 'Object Repository/IWP30/Page_VRelay30Emulator/Email'

2024-05-15 15:19:24 - [MESSAGE][PASSED] - Text 'udf data 1' is set on object 'Object Repository/IWP30/Page_VRelay30Emulator/UDF1'

2024-05-15 15:19:25 - [MESSAGE][PASSED] - Text 'udf data 2' is set on object 'Object Repository/IWP30/Page_VRelay30Emulator/UDF2'

2024-05-15 15:19:25 - [MESSAGE][PASSED] - Text 'udf data 3' is set on object 'Object Repository/IWP30/Page_VRelay30Emulator/UDF3'

2024-05-15 15:19:26 - [MESSAGE][PASSED] - Text 'udf data 4' is set on object 'Object Repository/IWP30/Page_VRelay30Emulator/UDF4'

2024-05-15 15:19:27 - [MESSAGE][PASSED] - Text 'udf data 5' is set on object 'Object Repository/IWP30/Page_VRelay30Emulator/UDF5'

2024-05-15 15:19:27 - [MESSAGE][PASSED] - Text 'udf data 6' is set on object 'Object Repository/IWP30/Page_VRelay30Emulator/UDF6'

2024-05-15 15:19:28 - [MESSAGE][PASSED] - Text 'Orange' is set on object 'Object Repository/IWP30/Page_VRelay30Emulator/UDF7'

2024-05-15 15:19:29 - [MESSAGE][PASSED] - Text 'Soccer' is set on object 'Object Repository/IWP30/Page_VRelay30Emulator/UDF8'

2024-05-15 15:19:29 - [MESSAGE][PASSED] - Text 'udf data 9' is set on object 'Object Repository/IWP30/Page_VRelay30Emulator/UDF9'

2024-05-15 15:19:30 - [MESSAGE][PASSED] - Text 'udf data 10' is set on object 'Object Repository/IWP30/Page_VRelay30Emulator/UDF10'

2024-05-15 15:19:30 - [MESSAGE][PASSED] - Object: 'Object Repository/IWP30/Page_VRelay30Emulator/Submit' is clicked on

2024-05-15 15:19:32 - [MESSAGE][PASSED] - Browser is closed

2024-05-15 15:19:33 - [MESSAGE][PASSED] - iwpPages.emulatorIWP30.setDataEmulator_DD is PASSED

2024-05-15 15:19:33 - [TEST_STEP][PASSED] - testHarnessURL = urlTestHarness: null

2024-05-15 15:19:33 - [TEST_STEP][PASSED] - openBrowser(testHarnessURL): Browser is opened with url: 'https://dev-algorithm.govolution.com/vrelaytest/QA2/version_2_2/vrelaytest.html'

2024-05-15 15:19:33 - [MESSAGE][INFO] - Starting 'Chrome' driver

2024-05-15 15:19:33 - [MESSAGE][INFO] - User set preference: ['acceptInsecureCerts', 'true']

2024-05-15 15:19:33 - [MESSAGE][INFO] - Action delay is set to 0 milliseconds

2024-05-15 15:19:35 - [MESSAGE][PASSED] - Browser is opened with url: 'https://dev-algorithm.govolution.com/vrelaytest/QA2/version_2_2/vrelaytest.html'

2024-05-15 15:19:35 - [TEST_STEP][PASSED] - maximizeWindow(): Current window maximized

2024-05-15 15:19:35 - [MESSAGE][PASSED] - Current window maximized

2024-05-15 15:19:35 - [TEST_STEP][PASSED] - iwpPages.TestHarnessPage.setDataMethod(row, dataFile): iwpPages.TestHarnessPage.setDataMethod is PASSED

2024-05-15 15:19:36 - [MESSAGE][PASSED] - Object 'Object Repository/IWP30/Page_QATestHarness/RemittanceID' is present

2024-05-15 15:19:36 - [MESSAGE][PASSED] - Text '651' is set on object 'Object Repository/IWP30/Page_QATestHarness/ApplicationID'

2024-05-15 15:19:37 - [MESSAGE][PASSED] - Text '3.0' is set on object 'Object Repository/IWP30/Page_QATestHarness/MessageVersion'

2024-05-15 15:19:38 - [MESSAGE][PASSED] - Text 'FB3u1z3ddAR2' is set on object 'Object Repository/IWP30/Page_QATestHarness/RemittanceID'

2024-05-15 15:19:39 - [MESSAGE][PASSED] - Object: 'Object Repository/IWP30/Page_QATestHarness/SubmitButton' is clicked on

2024-05-15 15:19:39 - [MESSAGE][PASSED] - iwpPages.TestHarnessPage.setDataMethod is PASSED

2024-05-15 15:19:39 - [TEST_STEP][PASSED] - check(findTestObject("Object Repository/IWP30/Page_SelectPaymentMethod/PayByCreditCard")): Object 'Object Repository/IWP30/Page_SelectPaymentMethod/PayByCreditCard' is checked

2024-05-15 15:19:39 - [MESSAGE][PASSED] - Object 'Object Repository/IWP30/Page_SelectPaymentMethod/PayByCreditCard' is checked

2024-05-15 15:19:39 - [TEST_STEP][PASSED] - click(findTestObject("Object Repository/IWP30/Page_SelectPaymentMethod/MakePaymentButton")): Object: 'Object Repository/IWP30/Page_SelectPaymentMethod/MakePaymentButton' is clicked on

2024-05-15 15:19:40 - [MESSAGE][PASSED] - Object: 'Object Repository/IWP30/Page_SelectPaymentMethod/MakePaymentButton' is clicked on

2024-05-15 15:19:40 - [TEST_STEP][PASSED] - iwpPages.ccPaymentEntryPage.setDataIWPCreditCard(row, dataFile): iwpPages.ccPaymentEntryPage.setDataIWPCreditCard is PASSED

2024-05-15 15:19:42 - [MESSAGE][PASSED] - Object 'Object Repository/IWP30/Page_CCPaymentEntry/Name' is present

2024-05-15 15:19:43 - [MESSAGE][PASSED] - Text '4761730000000011' is set on object 'Object Repository/IWP30/Page_CCPaymentEntry/CardNumber'

2024-05-15 15:19:43 - [MESSAGE][PASSED] - Text '123' is set on object 'Object Repository/IWP30/Page_CCPaymentEntry/SPC'

2024-05-15 15:19:44 - [MESSAGE][PASSED] - All options with label '12' are selected in object 'Object Repository/IWP30/Page_CCPaymentEntry/Month' 

2024-05-15 15:19:45 - [MESSAGE][PASSED] - All options with label '2028' are selected in object 'Object Repository/IWP30/Page_CCPaymentEntry/Year' 

2024-05-15 15:19:45 - [MESSAGE][PASSED] - Object 'Object Repository/IWP30/Page_CCPaymentEntry/TermCondCheckBox' is present

2024-05-15 15:19:45 - [MESSAGE][PASSED] - Object 'Object Repository/IWP30/Page_CCPaymentEntry/TermCondCheckBox' is checked

2024-05-15 15:19:46 - [MESSAGE][PASSED] - Object 'Object Repository/IWP30/Page_CCPaymentEntry/ContinueButton' is present

2024-05-15 15:19:47 - [MESSAGE][PASSED] - Object: 'Object Repository/IWP30/Page_CCPaymentEntry/ContinueButton' is clicked on

2024-05-15 15:19:47 - [MESSAGE][PASSED] - iwpPages.ccPaymentEntryPage.setDataIWPCreditCard is PASSED

2024-05-15 15:19:47 - [TEST_STEP][PASSED] - click(findTestObject("Object Repository/IWP30/Page_Confirmation/ConfirmButton")): Object: 'Object Repository/IWP30/Page_Confirmation/ConfirmButton' is clicked on

2024-05-15 15:19:48 - [MESSAGE][PASSED] - Object: 'Object Repository/IWP30/Page_Confirmation/ConfirmButton' is clicked on

2024-05-15 15:19:48 - [TEST_STEP][PASSED] - Thread.sleep(10000): null

2024-05-15 15:19:58 - [TEST_STEP][PASSED] - click(findTestObject("Object Repository/IWP30/Page_AcceptCF/input_convFeeNotifyAction")): Object: 'Object Repository/IWP30/Page_AcceptCF/input_convFeeNotifyAction' is clicked on

2024-05-15 15:19:59 - [MESSAGE][PASSED] - Object: 'Object Repository/IWP30/Page_AcceptCF/input_convFeeNotifyAction' is clicked on

2024-05-15 15:19:59 - [TEST_STEP][PASSED] - Thread.sleep(10000): null

2024-05-15 15:20:09 - [TEST_STEP][PASSED] - if (verifyTextPresent("Successful Payment Receipt", false)): null

2024-05-15 15:20:09 - [MESSAGE][PASSED] - Text 'Successful Payment Receipt' is present on page 

2024-05-15 15:20:09 - [TEST_STEP][PASSED] - println("Successful Payment Receipt text is present on the Receipt page"): null

2024-05-15 15:20:09 - [TEST_STEP][PASSED] - markPassed("Successful Payment Receipt text is present on the Receipt page"): Successful Payment Receipt text is present on the Receipt page

2024-05-15 15:20:09 - [MESSAGE][PASSED] - Successful Payment Receipt text is present on the Receipt page

2024-05-15 15:20:09 - [TEST_STEP][PASSED] - resText = "Pass": null

2024-05-15 15:20:09 - [TEST_STEP][PASSED] - pages.WriteExcel.demoKey(resText, datText, resColumn, datCloumn, fileLoc, nameSheet, row): pages.WriteExcel.demoKey is PASSED

2024-05-15 15:20:09 - [MESSAGE][PASSED] - pages.WriteExcel.demoKey is PASSED

2024-05-15 15:20:09 - [TEST_STEP][PASSED] - ExecuteTC = findTestData(dataFile).getValue("Execute", row): null

2024-05-15 15:20:10 - [TEST_STEP][PASSED] - out.println("Value of Execute is : " + ExecuteTC): null

2024-05-15 15:20:10 - [TEST_STEP][PASSED] - if (ExecuteTC.equalsIgnoreCase("Y")): null

2024-05-15 15:20:10 - [TEST_STEP][PASSED] - out.println("Begin Record Number: " + row): null

2024-05-15 15:20:10 - [TEST_STEP][PASSED] - today = new java.util.Date(): null

2024-05-15 15:20:10 - [TEST_STEP][PASSED] - println(today): null

2024-05-15 15:20:10 - [TEST_STEP][PASSED] - datText = today: null

2024-05-15 15:20:10 - [TEST_STEP][PASSED] - EmulatorDataKey = findTestData(dataFile).getValue("EmulatorData", row): null

2024-05-15 15:20:10 - [TEST_STEP][PASSED] - out.println("Value of Emulator Key is : " + EmulatorDataKey): null

2024-05-15 15:20:10 - [TEST_STEP][PASSED] - iwpPages.emulatorIWP30.setDataEmulator_DD(EmulatorDataKey): iwpPages.emulatorIWP30.setDataEmulator_DD is PASSED

2024-05-15 15:20:10 - [MESSAGE][WARNING] - A browser is already opened. Closing browser and opening a new one

2024-05-15 15:20:12 - [MESSAGE][INFO] - Starting 'Chrome' driver

2024-05-15 15:20:12 - [MESSAGE][INFO] - User set preference: ['acceptInsecureCerts', 'true']

2024-05-15 15:20:12 - [MESSAGE][INFO] - Action delay is set to 0 milliseconds

2024-05-15 15:20:14 - [MESSAGE][PASSED] - Browser is opened with url: 'https://qa2.velocitypayment.com/agency/config.do?action=editor&message_version=3_0'

2024-05-15 15:20:14 - [MESSAGE][PASSED] - Current window maximized

2024-05-15 15:20:15 - [MESSAGE][PASSED] - All options with value '3.0' are selected in object 'Object Repository/IWP30/Page_VRelay30Emulator/MV'  using regular expression

2024-05-15 15:20:16 - [MESSAGE][PASSED] - Text '10.50' is set on object 'Object Repository/IWP30/Page_VRelay30Emulator/Amount'

2024-05-15 15:20:17 - [MESSAGE][PASSED] - Text '26412167' is set on object 'Object Repository/IWP30/Page_VRelay30Emulator/CAN'

2024-05-15 15:20:17 - [MESSAGE][PASSED] - Text 'PayNow' is set on object 'Object Repository/IWP30/Page_VRelay30Emulator/Action'

2024-05-15 15:20:18 - [MESSAGE][PASSED] - Text 'en_US' is set on object 'Object Repository/IWP30/Page_VRelay30Emulator/Lang'

2024-05-15 15:20:18 - [MESSAGE][PASSED] - Text 'Elizath' is set on object 'Object Repository/IWP30/Page_VRelay30Emulator/Fname'

2024-05-15 15:20:19 - [MESSAGE][PASSED] - Text 'Christine' is set on object 'Object Repository/IWP30/Page_VRelay30Emulator/Lname'

2024-05-15 15:20:20 - [MESSAGE][PASSED] - Text '258 Underwood rd' is set on object 'Object Repository/IWP30/Page_VRelay30Emulator/AL1'

2024-05-15 15:20:20 - [MESSAGE][PASSED] - Text 'Suite 600' is set on object 'Object Repository/IWP30/Page_VRelay30Emulator/AL2'

2024-05-15 15:20:21 - [MESSAGE][PASSED] - Text '840' is set on object 'Object Repository/IWP30/Page_VRelay30Emulator/Country'

2024-05-15 15:20:22 - [MESSAGE][PASSED] - Text 'Arlington' is set on object 'Object Repository/IWP30/Page_VRelay30Emulator/City'

2024-05-15 15:20:22 - [MESSAGE][PASSED] - Text 'VA' is set on object 'Object Repository/IWP30/Page_VRelay30Emulator/State'

2024-05-15 15:20:23 - [MESSAGE][PASSED] - Text '22201' is set on object 'Object Repository/IWP30/Page_VRelay30Emulator/ZIP'

2024-05-15 15:20:24 - [MESSAGE][PASSED] - Text '' is set on object 'Object Repository/IWP30/Page_VRelay30Emulator/Order'

2024-05-15 15:20:24 - [MESSAGE][PASSED] - Text '' is set on object 'Object Repository/IWP30/Page_VRelay30Emulator/Company'

2024-05-15 15:20:25 - [MESSAGE][PASSED] - Text 'iahmed@govolution.com' is set on object 'Object Repository/IWP30/Page_VRelay30Emulator/Email'

2024-05-15 15:20:26 - [MESSAGE][PASSED] - Text 'udf data 1' is set on object 'Object Repository/IWP30/Page_VRelay30Emulator/UDF1'

2024-05-15 15:20:26 - [MESSAGE][PASSED] - Text 'udf data 2' is set on object 'Object Repository/IWP30/Page_VRelay30Emulator/UDF2'

2024-05-15 15:20:27 - [MESSAGE][PASSED] - Text 'udf data 3' is set on object 'Object Repository/IWP30/Page_VRelay30Emulator/UDF3'

2024-05-15 15:20:28 - [MESSAGE][PASSED] - Text 'udf data 4' is set on object 'Object Repository/IWP30/Page_VRelay30Emulator/UDF4'

2024-05-15 15:20:28 - [MESSAGE][PASSED] - Text 'udf data 5' is set on object 'Object Repository/IWP30/Page_VRelay30Emulator/UDF5'

2024-05-15 15:20:29 - [MESSAGE][PASSED] - Text 'udf data 6' is set on object 'Object Repository/IWP30/Page_VRelay30Emulator/UDF6'

2024-05-15 15:20:30 - [MESSAGE][PASSED] - Text 'Orange' is set on object 'Object Repository/IWP30/Page_VRelay30Emulator/UDF7'

2024-05-15 15:20:30 - [MESSAGE][PASSED] - Text 'Soccer' is set on object 'Object Repository/IWP30/Page_VRelay30Emulator/UDF8'

2024-05-15 15:20:31 - [MESSAGE][PASSED] - Text 'udf data 9' is set on object 'Object Repository/IWP30/Page_VRelay30Emulator/UDF9'

2024-05-15 15:20:31 - [MESSAGE][PASSED] - Text 'udf data 10' is set on object 'Object Repository/IWP30/Page_VRelay30Emulator/UDF10'

2024-05-15 15:20:32 - [MESSAGE][PASSED] - Object: 'Object Repository/IWP30/Page_VRelay30Emulator/Submit' is clicked on

2024-05-15 15:20:33 - [MESSAGE][PASSED] - Browser is closed

2024-05-15 15:20:34 - [MESSAGE][PASSED] - iwpPages.emulatorIWP30.setDataEmulator_DD is PASSED

2024-05-15 15:20:34 - [TEST_STEP][PASSED] - testHarnessURL = urlTestHarness: null

2024-05-15 15:20:34 - [TEST_STEP][PASSED] - openBrowser(testHarnessURL): Browser is opened with url: 'https://dev-algorithm.govolution.com/vrelaytest/QA2/version_2_2/vrelaytest.html'

2024-05-15 15:20:34 - [MESSAGE][INFO] - Starting 'Chrome' driver

2024-05-15 15:20:34 - [MESSAGE][INFO] - User set preference: ['acceptInsecureCerts', 'true']

2024-05-15 15:20:34 - [MESSAGE][INFO] - Action delay is set to 0 milliseconds

2024-05-15 15:20:36 - [MESSAGE][PASSED] - Browser is opened with url: 'https://dev-algorithm.govolution.com/vrelaytest/QA2/version_2_2/vrelaytest.html'

2024-05-15 15:20:36 - [TEST_STEP][PASSED] - maximizeWindow(): Current window maximized

2024-05-15 15:20:37 - [MESSAGE][PASSED] - Current window maximized

2024-05-15 15:20:37 - [TEST_STEP][PASSED] - iwpPages.TestHarnessPage.setDataMethod(row, dataFile): iwpPages.TestHarnessPage.setDataMethod is PASSED

2024-05-15 15:20:37 - [MESSAGE][PASSED] - Object 'Object Repository/IWP30/Page_QATestHarness/RemittanceID' is present

2024-05-15 15:20:38 - [MESSAGE][PASSED] - Text '651' is set on object 'Object Repository/IWP30/Page_QATestHarness/ApplicationID'

2024-05-15 15:20:39 - [MESSAGE][PASSED] - Text '3.0' is set on object 'Object Repository/IWP30/Page_QATestHarness/MessageVersion'

2024-05-15 15:20:39 - [MESSAGE][PASSED] - Text 'MYm8pJ3Y0x97' is set on object 'Object Repository/IWP30/Page_QATestHarness/RemittanceID'

2024-05-15 15:20:41 - [MESSAGE][PASSED] - Object: 'Object Repository/IWP30/Page_QATestHarness/SubmitButton' is clicked on

2024-05-15 15:20:41 - [MESSAGE][PASSED] - iwpPages.TestHarnessPage.setDataMethod is PASSED

2024-05-15 15:20:41 - [TEST_STEP][PASSED] - check(findTestObject("Object Repository/IWP30/Page_SelectPaymentMethod/PayByCreditCard")): Object 'Object Repository/IWP30/Page_SelectPaymentMethod/PayByCreditCard' is checked

2024-05-15 15:20:41 - [MESSAGE][PASSED] - Object 'Object Repository/IWP30/Page_SelectPaymentMethod/PayByCreditCard' is checked

2024-05-15 15:20:41 - [TEST_STEP][PASSED] - click(findTestObject("Object Repository/IWP30/Page_SelectPaymentMethod/MakePaymentButton")): Object: 'Object Repository/IWP30/Page_SelectPaymentMethod/MakePaymentButton' is clicked on

2024-05-15 15:20:43 - [MESSAGE][PASSED] - Object: 'Object Repository/IWP30/Page_SelectPaymentMethod/MakePaymentButton' is clicked on

2024-05-15 15:20:43 - [TEST_STEP][PASSED] - iwpPages.ccPaymentEntryPage.setDataIWPCreditCard(row, dataFile): iwpPages.ccPaymentEntryPage.setDataIWPCreditCard is PASSED

2024-05-15 15:20:44 - [MESSAGE][PASSED] - Object 'Object Repository/IWP30/Page_CCPaymentEntry/Name' is present

2024-05-15 15:20:45 - [MESSAGE][PASSED] - Text '6510000000000216' is set on object 'Object Repository/IWP30/Page_CCPaymentEntry/CardNumber'

2024-05-15 15:20:45 - [MESSAGE][PASSED] - Text '123' is set on object 'Object Repository/IWP30/Page_CCPaymentEntry/SPC'

2024-05-15 15:20:46 - [MESSAGE][PASSED] - All options with label '12' are selected in object 'Object Repository/IWP30/Page_CCPaymentEntry/Month' 

2024-05-15 15:20:47 - [MESSAGE][PASSED] - All options with label '2028' are selected in object 'Object Repository/IWP30/Page_CCPaymentEntry/Year' 

2024-05-15 15:20:47 - [MESSAGE][PASSED] - Object 'Object Repository/IWP30/Page_CCPaymentEntry/TermCondCheckBox' is present

2024-05-15 15:20:47 - [MESSAGE][PASSED] - Object 'Object Repository/IWP30/Page_CCPaymentEntry/TermCondCheckBox' is checked

2024-05-15 15:20:48 - [MESSAGE][PASSED] - Object 'Object Repository/IWP30/Page_CCPaymentEntry/ContinueButton' is present

2024-05-15 15:20:49 - [MESSAGE][PASSED] - Object: 'Object Repository/IWP30/Page_CCPaymentEntry/ContinueButton' is clicked on

2024-05-15 15:20:49 - [MESSAGE][PASSED] - iwpPages.ccPaymentEntryPage.setDataIWPCreditCard is PASSED

2024-05-15 15:20:49 - [TEST_STEP][PASSED] - click(findTestObject("Object Repository/IWP30/Page_Confirmation/ConfirmButton")): Object: 'Object Repository/IWP30/Page_Confirmation/ConfirmButton' is clicked on

2024-05-15 15:20:50 - [MESSAGE][PASSED] - Object: 'Object Repository/IWP30/Page_Confirmation/ConfirmButton' is clicked on

2024-05-15 15:20:50 - [TEST_STEP][PASSED] - Thread.sleep(10000): null

2024-05-15 15:21:00 - [TEST_STEP][PASSED] - click(findTestObject("Object Repository/IWP30/Page_AcceptCF/input_convFeeNotifyAction")): Object: 'Object Repository/IWP30/Page_AcceptCF/input_convFeeNotifyAction' is clicked on

2024-05-15 15:21:01 - [MESSAGE][PASSED] - Object: 'Object Repository/IWP30/Page_AcceptCF/input_convFeeNotifyAction' is clicked on

2024-05-15 15:21:01 - [TEST_STEP][PASSED] - Thread.sleep(10000): null

2024-05-15 15:21:11 - [TEST_STEP][PASSED] - if (verifyTextPresent("Successful Payment Receipt", false)): null

2024-05-15 15:21:12 - [MESSAGE][PASSED] - Text 'Successful Payment Receipt' is present on page 

2024-05-15 15:21:12 - [TEST_STEP][PASSED] - println("Successful Payment Receipt text is present on the Receipt page"): null

2024-05-15 15:21:12 - [TEST_STEP][PASSED] - markPassed("Successful Payment Receipt text is present on the Receipt page"): Successful Payment Receipt text is present on the Receipt page

2024-05-15 15:21:12 - [MESSAGE][PASSED] - Successful Payment Receipt text is present on the Receipt page

2024-05-15 15:21:12 - [TEST_STEP][PASSED] - resText = "Pass": null

2024-05-15 15:21:12 - [TEST_STEP][PASSED] - pages.WriteExcel.demoKey(resText, datText, resColumn, datCloumn, fileLoc, nameSheet, row): pages.WriteExcel.demoKey is PASSED

2024-05-15 15:21:12 - [MESSAGE][PASSED] - pages.WriteExcel.demoKey is PASSED

2024-05-15 15:21:12 - [TEST_STEP][PASSED] - ExecuteTC = findTestData(dataFile).getValue("Execute", row): null

2024-05-15 15:21:12 - [TEST_STEP][PASSED] - out.println("Value of Execute is : " + ExecuteTC): null

2024-05-15 15:21:12 - [TEST_STEP][PASSED] - if (ExecuteTC.equalsIgnoreCase("Y")): null

2024-05-15 15:21:12 - [TEST_STEP][PASSED] - out.println("Begin Record Number: " + row): null

2024-05-15 15:21:12 - [TEST_STEP][PASSED] - today = new java.util.Date(): null

2024-05-15 15:21:12 - [TEST_STEP][PASSED] - println(today): null

2024-05-15 15:21:12 - [TEST_STEP][PASSED] - datText = today: null

2024-05-15 15:21:12 - [TEST_STEP][PASSED] - EmulatorDataKey = findTestData(dataFile).getValue("EmulatorData", row): null

2024-05-15 15:21:12 - [TEST_STEP][PASSED] - out.println("Value of Emulator Key is : " + EmulatorDataKey): null

2024-05-15 15:21:12 - [TEST_STEP][PASSED] - iwpPages.emulatorIWP30.setDataEmulator_DD(EmulatorDataKey): iwpPages.emulatorIWP30.setDataEmulator_DD is PASSED

2024-05-15 15:21:13 - [MESSAGE][WARNING] - A browser is already opened. Closing browser and opening a new one

2024-05-15 15:21:14 - [MESSAGE][INFO] - Starting 'Chrome' driver

2024-05-15 15:21:14 - [MESSAGE][INFO] - User set preference: ['acceptInsecureCerts', 'true']

2024-05-15 15:21:14 - [MESSAGE][INFO] - Action delay is set to 0 milliseconds

2024-05-15 15:21:16 - [MESSAGE][PASSED] - Browser is opened with url: 'https://qa2.velocitypayment.com/agency/config.do?action=editor&message_version=3_0'

2024-05-15 15:21:17 - [MESSAGE][PASSED] - Current window maximized

2024-05-15 15:21:17 - [MESSAGE][PASSED] - All options with value '3.0' are selected in object 'Object Repository/IWP30/Page_VRelay30Emulator/MV'  using regular expression

2024-05-15 15:21:18 - [MESSAGE][PASSED] - Text '10.50' is set on object 'Object Repository/IWP30/Page_VRelay30Emulator/Amount'

2024-05-15 15:21:19 - [MESSAGE][PASSED] - Text '26412167' is set on object 'Object Repository/IWP30/Page_VRelay30Emulator/CAN'

2024-05-15 15:21:19 - [MESSAGE][PASSED] - Text 'PayNow' is set on object 'Object Repository/IWP30/Page_VRelay30Emulator/Action'

2024-05-15 15:21:20 - [MESSAGE][PASSED] - Text 'en_US' is set on object 'Object Repository/IWP30/Page_VRelay30Emulator/Lang'

2024-05-15 15:21:21 - [MESSAGE][PASSED] - Text 'Elizath' is set on object 'Object Repository/IWP30/Page_VRelay30Emulator/Fname'

2024-05-15 15:21:21 - [MESSAGE][PASSED] - Text 'Christine' is set on object 'Object Repository/IWP30/Page_VRelay30Emulator/Lname'

2024-05-15 15:21:22 - [MESSAGE][PASSED] - Text '258 Underwood rd' is set on object 'Object Repository/IWP30/Page_VRelay30Emulator/AL1'

2024-05-15 15:21:23 - [MESSAGE][PASSED] - Text 'Suite 600' is set on object 'Object Repository/IWP30/Page_VRelay30Emulator/AL2'

2024-05-15 15:21:23 - [MESSAGE][PASSED] - Text '840' is set on object 'Object Repository/IWP30/Page_VRelay30Emulator/Country'

2024-05-15 15:21:24 - [MESSAGE][PASSED] - Text 'Arlington' is set on object 'Object Repository/IWP30/Page_VRelay30Emulator/City'

2024-05-15 15:21:24 - [MESSAGE][PASSED] - Text 'VA' is set on object 'Object Repository/IWP30/Page_VRelay30Emulator/State'

2024-05-15 15:21:25 - [MESSAGE][PASSED] - Text '22201' is set on object 'Object Repository/IWP30/Page_VRelay30Emulator/ZIP'

2024-05-15 15:21:26 - [MESSAGE][PASSED] - Text '' is set on object 'Object Repository/IWP30/Page_VRelay30Emulator/Order'

2024-05-15 15:21:26 - [MESSAGE][PASSED] - Text '' is set on object 'Object Repository/IWP30/Page_VRelay30Emulator/Company'

2024-05-15 15:21:27 - [MESSAGE][PASSED] - Text 'iahmed@govolution.com' is set on object 'Object Repository/IWP30/Page_VRelay30Emulator/Email'

2024-05-15 15:21:28 - [MESSAGE][PASSED] - Text 'udf data 1' is set on object 'Object Repository/IWP30/Page_VRelay30Emulator/UDF1'

2024-05-15 15:21:28 - [MESSAGE][PASSED] - Text 'udf data 2' is set on object 'Object Repository/IWP30/Page_VRelay30Emulator/UDF2'

2024-05-15 15:21:29 - [MESSAGE][PASSED] - Text 'udf data 3' is set on object 'Object Repository/IWP30/Page_VRelay30Emulator/UDF3'

2024-05-15 15:21:30 - [MESSAGE][PASSED] - Text 'udf data 4' is set on object 'Object Repository/IWP30/Page_VRelay30Emulator/UDF4'

2024-05-15 15:21:30 - [MESSAGE][PASSED] - Text 'udf data 5' is set on object 'Object Repository/IWP30/Page_VRelay30Emulator/UDF5'

2024-05-15 15:21:31 - [MESSAGE][PASSED] - Text 'udf data 6' is set on object 'Object Repository/IWP30/Page_VRelay30Emulator/UDF6'

2024-05-15 15:21:31 - [MESSAGE][PASSED] - Text 'Orange' is set on object 'Object Repository/IWP30/Page_VRelay30Emulator/UDF7'

2024-05-15 15:21:32 - [MESSAGE][PASSED] - Text 'Soccer' is set on object 'Object Repository/IWP30/Page_VRelay30Emulator/UDF8'

2024-05-15 15:21:33 - [MESSAGE][PASSED] - Text 'udf data 9' is set on object 'Object Repository/IWP30/Page_VRelay30Emulator/UDF9'

2024-05-15 15:21:33 - [MESSAGE][PASSED] - Text 'udf data 10' is set on object 'Object Repository/IWP30/Page_VRelay30Emulator/UDF10'

2024-05-15 15:21:34 - [MESSAGE][PASSED] - Object: 'Object Repository/IWP30/Page_VRelay30Emulator/Submit' is clicked on

2024-05-15 15:21:35 - [MESSAGE][PASSED] - Browser is closed

2024-05-15 15:21:36 - [MESSAGE][PASSED] - iwpPages.emulatorIWP30.setDataEmulator_DD is PASSED

2024-05-15 15:21:36 - [TEST_STEP][PASSED] - testHarnessURL = urlTestHarness: null

2024-05-15 15:21:36 - [TEST_STEP][PASSED] - openBrowser(testHarnessURL): Browser is opened with url: 'https://dev-algorithm.govolution.com/vrelaytest/QA2/version_2_2/vrelaytest.html'

2024-05-15 15:21:36 - [MESSAGE][INFO] - Starting 'Chrome' driver

2024-05-15 15:21:36 - [MESSAGE][INFO] - User set preference: ['acceptInsecureCerts', 'true']

2024-05-15 15:21:36 - [MESSAGE][INFO] - Action delay is set to 0 milliseconds

2024-05-15 15:21:38 - [MESSAGE][PASSED] - Browser is opened with url: 'https://dev-algorithm.govolution.com/vrelaytest/QA2/version_2_2/vrelaytest.html'

2024-05-15 15:21:38 - [TEST_STEP][PASSED] - maximizeWindow(): Current window maximized

2024-05-15 15:21:39 - [MESSAGE][PASSED] - Current window maximized

2024-05-15 15:21:39 - [TEST_STEP][PASSED] - iwpPages.TestHarnessPage.setDataMethod(row, dataFile): iwpPages.TestHarnessPage.setDataMethod is PASSED

2024-05-15 15:21:39 - [MESSAGE][PASSED] - Object 'Object Repository/IWP30/Page_QATestHarness/RemittanceID' is present

2024-05-15 15:21:40 - [MESSAGE][PASSED] - Text '651' is set on object 'Object Repository/IWP30/Page_QATestHarness/ApplicationID'

2024-05-15 15:21:40 - [MESSAGE][PASSED] - Text '3.0' is set on object 'Object Repository/IWP30/Page_QATestHarness/MessageVersion'

2024-05-15 15:21:41 - [MESSAGE][PASSED] - Text 'PbHQouL0AZNl' is set on object 'Object Repository/IWP30/Page_QATestHarness/RemittanceID'

2024-05-15 15:21:42 - [MESSAGE][PASSED] - Object: 'Object Repository/IWP30/Page_QATestHarness/SubmitButton' is clicked on

2024-05-15 15:21:42 - [MESSAGE][PASSED] - iwpPages.TestHarnessPage.setDataMethod is PASSED

2024-05-15 15:21:42 - [TEST_STEP][PASSED] - check(findTestObject("Object Repository/IWP30/Page_SelectPaymentMethod/PayByCreditCard")): Object 'Object Repository/IWP30/Page_SelectPaymentMethod/PayByCreditCard' is checked

2024-05-15 15:21:43 - [MESSAGE][PASSED] - Object 'Object Repository/IWP30/Page_SelectPaymentMethod/PayByCreditCard' is checked

2024-05-15 15:21:43 - [TEST_STEP][PASSED] - click(findTestObject("Object Repository/IWP30/Page_SelectPaymentMethod/MakePaymentButton")): Object: 'Object Repository/IWP30/Page_SelectPaymentMethod/MakePaymentButton' is clicked on

2024-05-15 15:21:44 - [MESSAGE][PASSED] - Object: 'Object Repository/IWP30/Page_SelectPaymentMethod/MakePaymentButton' is clicked on

2024-05-15 15:21:44 - [TEST_STEP][PASSED] - iwpPages.ccPaymentEntryPage.setDataIWPCreditCard(row, dataFile): iwpPages.ccPaymentEntryPage.setDataIWPCreditCard is PASSED

2024-05-15 15:21:46 - [MESSAGE][PASSED] - Object 'Object Repository/IWP30/Page_CCPaymentEntry/Name' is present

2024-05-15 15:21:46 - [MESSAGE][PASSED] - Text '374245002771003' is set on object 'Object Repository/IWP30/Page_CCPaymentEntry/CardNumber'

2024-05-15 15:21:47 - [MESSAGE][PASSED] - Text '1234' is set on object 'Object Repository/IWP30/Page_CCPaymentEntry/SPC'

2024-05-15 15:21:48 - [MESSAGE][PASSED] - All options with label '12' are selected in object 'Object Repository/IWP30/Page_CCPaymentEntry/Month' 

2024-05-15 15:21:48 - [MESSAGE][PASSED] - All options with label '2028' are selected in object 'Object Repository/IWP30/Page_CCPaymentEntry/Year' 

2024-05-15 15:21:49 - [MESSAGE][PASSED] - Object 'Object Repository/IWP30/Page_CCPaymentEntry/TermCondCheckBox' is present

2024-05-15 15:21:49 - [MESSAGE][PASSED] - Object 'Object Repository/IWP30/Page_CCPaymentEntry/TermCondCheckBox' is checked

2024-05-15 15:21:49 - [MESSAGE][PASSED] - Object 'Object Repository/IWP30/Page_CCPaymentEntry/ContinueButton' is present

2024-05-15 15:21:50 - [MESSAGE][PASSED] - Object: 'Object Repository/IWP30/Page_CCPaymentEntry/ContinueButton' is clicked on

2024-05-15 15:21:50 - [MESSAGE][PASSED] - iwpPages.ccPaymentEntryPage.setDataIWPCreditCard is PASSED

2024-05-15 15:21:50 - [TEST_STEP][PASSED] - click(findTestObject("Object Repository/IWP30/Page_Confirmation/ConfirmButton")): Object: 'Object Repository/IWP30/Page_Confirmation/ConfirmButton' is clicked on

2024-05-15 15:21:51 - [MESSAGE][PASSED] - Object: 'Object Repository/IWP30/Page_Confirmation/ConfirmButton' is clicked on

2024-05-15 15:21:51 - [TEST_STEP][PASSED] - Thread.sleep(10000): null

2024-05-15 15:22:01 - [TEST_STEP][PASSED] - click(findTestObject("Object Repository/IWP30/Page_AcceptCF/input_convFeeNotifyAction")): Object: 'Object Repository/IWP30/Page_AcceptCF/input_convFeeNotifyAction' is clicked on

2024-05-15 15:22:03 - [MESSAGE][PASSED] - Object: 'Object Repository/IWP30/Page_AcceptCF/input_convFeeNotifyAction' is clicked on

2024-05-15 15:22:03 - [TEST_STEP][PASSED] - Thread.sleep(10000): null

2024-05-15 15:22:13 - [TEST_STEP][PASSED] - if (verifyTextPresent("Successful Payment Receipt", false)): null

2024-05-15 15:22:13 - [MESSAGE][PASSED] - Text 'Successful Payment Receipt' is present on page 

2024-05-15 15:22:13 - [TEST_STEP][PASSED] - println("Successful Payment Receipt text is present on the Receipt page"): null

2024-05-15 15:22:13 - [TEST_STEP][PASSED] - markPassed("Successful Payment Receipt text is present on the Receipt page"): Successful Payment Receipt text is present on the Receipt page

2024-05-15 15:22:13 - [MESSAGE][PASSED] - Successful Payment Receipt text is present on the Receipt page

2024-05-15 15:22:13 - [TEST_STEP][PASSED] - resText = "Pass": null

2024-05-15 15:22:13 - [TEST_STEP][PASSED] - pages.WriteExcel.demoKey(resText, datText, resColumn, datCloumn, fileLoc, nameSheet, row): pages.WriteExcel.demoKey is PASSED

2024-05-15 15:22:13 - [MESSAGE][PASSED] - pages.WriteExcel.demoKey is PASSED]]></system-out>
         <system-err><![CDATA[]]></system-err>
      </testcase>
      <testcase name="Test Cases/IntegratedWeb/IWP30/Payments/VerifyDualCFVerbiage" time="49.912" classname="Test Cases/IntegratedWeb/IWP30/Payments/VerifyDualCFVerbiage" status="PASSED">
         <system-out><![CDATA[2024-05-15 15:22:13 - [TEST_CASE][PASSED] - Test Cases/IntegratedWeb/IWP30/Payments/VerifyDualCFVerbiage: Test Cases/IntegratedWeb/IWP30/Payments/VerifyDualCFVerbiage

2024-05-15 15:22:14 - [TEST_STEP][PASSED] - resText = "Fail": null

2024-05-15 15:22:14 - [TEST_STEP][PASSED] - resColumn = "Result": null

2024-05-15 15:22:14 - [TEST_STEP][PASSED] - datCloumn = "Date": null

2024-05-15 15:22:14 - [TEST_STEP][PASSED] - fileLoc = "KatalonData/IWPTestData/VRelay30PayNowCC.xlsx": null

2024-05-15 15:22:14 - [TEST_STEP][PASSED] - numOfRows = <not implemented yet for class: org.codehaus.groovy.ast.expr.EmptyExpression>: null

2024-05-15 15:22:14 - [TEST_STEP][PASSED] - dataFile = <not implemented yet for class: org.codehaus.groovy.ast.expr.EmptyExpression>: null

2024-05-15 15:22:14 - [TEST_STEP][PASSED] - nameSheet = <not implemented yet for class: org.codehaus.groovy.ast.expr.EmptyExpression>: null

2024-05-15 15:22:14 - [TEST_STEP][PASSED] - dataFileEmulator = <not implemented yet for class: org.codehaus.groovy.ast.expr.EmptyExpression>: null

2024-05-15 15:22:14 - [TEST_STEP][PASSED] - nameSheet = "DCFVerbiage": null

2024-05-15 15:22:14 - [TEST_STEP][PASSED] - dataFile = "IWPTestData/DCFVerbiage": null

2024-05-15 15:22:14 - [TEST_STEP][PASSED] - dataFileEmulator = "IWPTestData/EmulatorData": null

2024-05-15 15:22:14 - [TEST_STEP][PASSED] - numOfRows = findTestData(dataFile).getRowNumbers(): null

2024-05-15 15:22:14 - [TEST_STEP][PASSED] - println("Number of Records: " + numOfRows): null

2024-05-15 15:22:14 - [TEST_STEP][PASSED] - for ([row = 1, row <= numOfRows, (row++)]): null

2024-05-15 15:22:14 - [TEST_STEP][PASSED] - ExecuteTC = findTestData(dataFile).getValue("Execute", row): null

2024-05-15 15:22:14 - [TEST_STEP][PASSED] - out.println("Value of Execute is : " + ExecuteTC): null

2024-05-15 15:22:14 - [TEST_STEP][PASSED] - if (ExecuteTC.equalsIgnoreCase("Y")): Text 'Two transactions will appear on your bank statement, one in the amount of $10.50 and one in the amount of $2.00' is present on page 

2024-05-15 15:22:14 - [TEST_STEP][PASSED] - out.println("Begin Record Number: " + row): null

2024-05-15 15:22:14 - [TEST_STEP][PASSED] - today = new java.util.Date(): null

2024-05-15 15:22:14 - [TEST_STEP][PASSED] - println(today): null

2024-05-15 15:22:14 - [TEST_STEP][PASSED] - datText = today: null

2024-05-15 15:22:14 - [TEST_STEP][PASSED] - EmulatorDataKey = findTestData(dataFile).getValue("EmulatorData", row): null

2024-05-15 15:22:14 - [TEST_STEP][PASSED] - out.println("Value of Emulator Key is : " + EmulatorDataKey): null

2024-05-15 15:22:14 - [TEST_STEP][PASSED] - iwpPages.emulatorIWP30.setDataEmulator_DD(EmulatorDataKey): iwpPages.emulatorIWP30.setDataEmulator_DD is PASSED

2024-05-15 15:22:14 - [MESSAGE][WARNING] - A browser is already opened. Closing browser and opening a new one

2024-05-15 15:22:16 - [MESSAGE][INFO] - Starting 'Chrome' driver

2024-05-15 15:22:16 - [MESSAGE][INFO] - User set preference: ['acceptInsecureCerts', 'true']

2024-05-15 15:22:16 - [MESSAGE][INFO] - Action delay is set to 0 milliseconds

2024-05-15 15:22:18 - [MESSAGE][PASSED] - Browser is opened with url: 'https://qa2.velocitypayment.com/agency/config.do?action=editor&message_version=3_0'

2024-05-15 15:22:18 - [MESSAGE][PASSED] - Current window maximized

2024-05-15 15:22:19 - [MESSAGE][PASSED] - All options with value '3.0' are selected in object 'Object Repository/IWP30/Page_VRelay30Emulator/MV'  using regular expression

2024-05-15 15:22:20 - [MESSAGE][PASSED] - Text '10.50' is set on object 'Object Repository/IWP30/Page_VRelay30Emulator/Amount'

2024-05-15 15:22:20 - [MESSAGE][PASSED] - Text '26412167' is set on object 'Object Repository/IWP30/Page_VRelay30Emulator/CAN'

2024-05-15 15:22:21 - [MESSAGE][PASSED] - Text 'PayNow' is set on object 'Object Repository/IWP30/Page_VRelay30Emulator/Action'

2024-05-15 15:22:22 - [MESSAGE][PASSED] - Text 'en_US' is set on object 'Object Repository/IWP30/Page_VRelay30Emulator/Lang'

2024-05-15 15:22:22 - [MESSAGE][PASSED] - Text 'Elizath' is set on object 'Object Repository/IWP30/Page_VRelay30Emulator/Fname'

2024-05-15 15:22:23 - [MESSAGE][PASSED] - Text 'Christine' is set on object 'Object Repository/IWP30/Page_VRelay30Emulator/Lname'

2024-05-15 15:22:24 - [MESSAGE][PASSED] - Text '258 Underwood rd' is set on object 'Object Repository/IWP30/Page_VRelay30Emulator/AL1'

2024-05-15 15:22:24 - [MESSAGE][PASSED] - Text 'Suite 600' is set on object 'Object Repository/IWP30/Page_VRelay30Emulator/AL2'

2024-05-15 15:22:25 - [MESSAGE][PASSED] - Text '840' is set on object 'Object Repository/IWP30/Page_VRelay30Emulator/Country'

2024-05-15 15:22:25 - [MESSAGE][PASSED] - Text 'Arlington' is set on object 'Object Repository/IWP30/Page_VRelay30Emulator/City'

2024-05-15 15:22:26 - [MESSAGE][PASSED] - Text 'VA' is set on object 'Object Repository/IWP30/Page_VRelay30Emulator/State'

2024-05-15 15:22:27 - [MESSAGE][PASSED] - Text '22201' is set on object 'Object Repository/IWP30/Page_VRelay30Emulator/ZIP'

2024-05-15 15:22:27 - [MESSAGE][PASSED] - Text '' is set on object 'Object Repository/IWP30/Page_VRelay30Emulator/Order'

2024-05-15 15:22:28 - [MESSAGE][PASSED] - Text '' is set on object 'Object Repository/IWP30/Page_VRelay30Emulator/Company'

2024-05-15 15:22:29 - [MESSAGE][PASSED] - Text 'iahmed@govolution.com' is set on object 'Object Repository/IWP30/Page_VRelay30Emulator/Email'

2024-05-15 15:22:29 - [MESSAGE][PASSED] - Text 'udf data 1' is set on object 'Object Repository/IWP30/Page_VRelay30Emulator/UDF1'

2024-05-15 15:22:30 - [MESSAGE][PASSED] - Text 'udf data 2' is set on object 'Object Repository/IWP30/Page_VRelay30Emulator/UDF2'

2024-05-15 15:22:31 - [MESSAGE][PASSED] - Text 'udf data 3' is set on object 'Object Repository/IWP30/Page_VRelay30Emulator/UDF3'

2024-05-15 15:22:31 - [MESSAGE][PASSED] - Text 'udf data 4' is set on object 'Object Repository/IWP30/Page_VRelay30Emulator/UDF4'

2024-05-15 15:22:32 - [MESSAGE][PASSED] - Text 'udf data 5' is set on object 'Object Repository/IWP30/Page_VRelay30Emulator/UDF5'

2024-05-15 15:22:32 - [MESSAGE][PASSED] - Text 'udf data 6' is set on object 'Object Repository/IWP30/Page_VRelay30Emulator/UDF6'

2024-05-15 15:22:33 - [MESSAGE][PASSED] - Text 'Orange' is set on object 'Object Repository/IWP30/Page_VRelay30Emulator/UDF7'

2024-05-15 15:22:34 - [MESSAGE][PASSED] - Text 'Soccer' is set on object 'Object Repository/IWP30/Page_VRelay30Emulator/UDF8'

2024-05-15 15:22:34 - [MESSAGE][PASSED] - Text 'udf data 9' is set on object 'Object Repository/IWP30/Page_VRelay30Emulator/UDF9'

2024-05-15 15:22:35 - [MESSAGE][PASSED] - Text 'udf data 10' is set on object 'Object Repository/IWP30/Page_VRelay30Emulator/UDF10'

2024-05-15 15:22:35 - [MESSAGE][PASSED] - Object: 'Object Repository/IWP30/Page_VRelay30Emulator/Submit' is clicked on

2024-05-15 15:22:37 - [MESSAGE][PASSED] - Browser is closed

2024-05-15 15:22:38 - [MESSAGE][PASSED] - iwpPages.emulatorIWP30.setDataEmulator_DD is PASSED

2024-05-15 15:22:38 - [TEST_STEP][PASSED] - testHarnessURL = urlTestHarness: null

2024-05-15 15:22:38 - [TEST_STEP][PASSED] - openBrowser(testHarnessURL): Browser is opened with url: 'https://dev-algorithm.govolution.com/vrelaytest/QA2/version_2_2/vrelaytest.html'

2024-05-15 15:22:38 - [MESSAGE][INFO] - Starting 'Chrome' driver

2024-05-15 15:22:38 - [MESSAGE][INFO] - User set preference: ['acceptInsecureCerts', 'true']

2024-05-15 15:22:38 - [MESSAGE][INFO] - Action delay is set to 0 milliseconds

2024-05-15 15:22:40 - [MESSAGE][PASSED] - Browser is opened with url: 'https://dev-algorithm.govolution.com/vrelaytest/QA2/version_2_2/vrelaytest.html'

2024-05-15 15:22:40 - [TEST_STEP][PASSED] - maximizeWindow(): Current window maximized

2024-05-15 15:22:40 - [MESSAGE][PASSED] - Current window maximized

2024-05-15 15:22:40 - [TEST_STEP][PASSED] - iwpPages.TestHarnessPage.setDataMethod(row, dataFile): iwpPages.TestHarnessPage.setDataMethod is PASSED

2024-05-15 15:22:41 - [MESSAGE][PASSED] - Object 'Object Repository/IWP30/Page_QATestHarness/RemittanceID' is present

2024-05-15 15:22:41 - [MESSAGE][PASSED] - Text '651' is set on object 'Object Repository/IWP30/Page_QATestHarness/ApplicationID'

2024-05-15 15:22:42 - [MESSAGE][PASSED] - Text '3.0' is set on object 'Object Repository/IWP30/Page_QATestHarness/MessageVersion'

2024-05-15 15:22:43 - [MESSAGE][PASSED] - Text 'DcNAIj8S0mH2' is set on object 'Object Repository/IWP30/Page_QATestHarness/RemittanceID'

2024-05-15 15:22:45 - [MESSAGE][PASSED] - Object: 'Object Repository/IWP30/Page_QATestHarness/SubmitButton' is clicked on

2024-05-15 15:22:45 - [MESSAGE][PASSED] - iwpPages.TestHarnessPage.setDataMethod is PASSED

2024-05-15 15:22:45 - [TEST_STEP][PASSED] - check(findTestObject("Object Repository/IWP30/Page_SelectPaymentMethod/PayByCreditCard")): Object 'Object Repository/IWP30/Page_SelectPaymentMethod/PayByCreditCard' is checked

2024-05-15 15:22:45 - [MESSAGE][PASSED] - Object 'Object Repository/IWP30/Page_SelectPaymentMethod/PayByCreditCard' is checked

2024-05-15 15:22:45 - [TEST_STEP][PASSED] - click(findTestObject("Object Repository/IWP30/Page_SelectPaymentMethod/MakePaymentButton")): Object: 'Object Repository/IWP30/Page_SelectPaymentMethod/MakePaymentButton' is clicked on

2024-05-15 15:22:48 - [MESSAGE][PASSED] - Object: 'Object Repository/IWP30/Page_SelectPaymentMethod/MakePaymentButton' is clicked on

2024-05-15 15:22:48 - [TEST_STEP][PASSED] - iwpPages.ccPaymentEntryPage.setDataIWPCreditCard(row, dataFile): iwpPages.ccPaymentEntryPage.setDataIWPCreditCard is PASSED

2024-05-15 15:22:50 - [MESSAGE][PASSED] - Object 'Object Repository/IWP30/Page_CCPaymentEntry/Name' is present

2024-05-15 15:22:51 - [MESSAGE][PASSED] - Text '5146312200000035' is set on object 'Object Repository/IWP30/Page_CCPaymentEntry/CardNumber'

2024-05-15 15:22:51 - [MESSAGE][PASSED] - Text '123' is set on object 'Object Repository/IWP30/Page_CCPaymentEntry/SPC'

2024-05-15 15:22:52 - [MESSAGE][PASSED] - All options with label '09' are selected in object 'Object Repository/IWP30/Page_CCPaymentEntry/Month' 

2024-05-15 15:22:52 - [MESSAGE][PASSED] - All options with label '2028' are selected in object 'Object Repository/IWP30/Page_CCPaymentEntry/Year' 

2024-05-15 15:22:53 - [MESSAGE][PASSED] - Object 'Object Repository/IWP30/Page_CCPaymentEntry/TermCondCheckBox' is present

2024-05-15 15:22:53 - [MESSAGE][PASSED] - Object 'Object Repository/IWP30/Page_CCPaymentEntry/TermCondCheckBox' is checked

2024-05-15 15:22:53 - [MESSAGE][PASSED] - Object 'Object Repository/IWP30/Page_CCPaymentEntry/ContinueButton' is present

2024-05-15 15:22:54 - [MESSAGE][PASSED] - Object: 'Object Repository/IWP30/Page_CCPaymentEntry/ContinueButton' is clicked on

2024-05-15 15:22:54 - [MESSAGE][PASSED] - iwpPages.ccPaymentEntryPage.setDataIWPCreditCard is PASSED

2024-05-15 15:22:54 - [TEST_STEP][PASSED] - click(findTestObject("Object Repository/IWP30/Page_Confirmation/ConfirmButton")): Object: 'Object Repository/IWP30/Page_Confirmation/ConfirmButton' is clicked on

2024-05-15 15:22:55 - [MESSAGE][PASSED] - Object: 'Object Repository/IWP30/Page_Confirmation/ConfirmButton' is clicked on

2024-05-15 15:22:55 - [TEST_STEP][PASSED] - Thread.sleep(5000): null

2024-05-15 15:23:00 - [TEST_STEP][PASSED] - verifyTextPresent("This transaction is subject to a Convenience Fees of $2.00", false): Text 'This transaction is subject to a Convenience Fees of $2.00' is present on page 

2024-05-15 15:23:01 - [MESSAGE][PASSED] - Text 'This transaction is subject to a Convenience Fees of $2.00' is present on page 

2024-05-15 15:23:01 - [TEST_STEP][PASSED] - verifyTextPresent("Payment Amount", false): Text 'Payment Amount' is present on page 

2024-05-15 15:23:01 - [MESSAGE][PASSED] - Text 'Payment Amount' is present on page 

2024-05-15 15:23:01 - [TEST_STEP][PASSED] - verifyTextPresent("Convenience Fees", false): Text 'Convenience Fees' is present on page 

2024-05-15 15:23:01 - [MESSAGE][PASSED] - Text 'Convenience Fees' is present on page 

2024-05-15 15:23:01 - [TEST_STEP][PASSED] - verifyTextPresent("$10.50", false): Text '$10.50' is present on page 

2024-05-15 15:23:02 - [MESSAGE][PASSED] - Text '$10.50' is present on page 

2024-05-15 15:23:02 - [TEST_STEP][PASSED] - verifyTextPresent("$10.50", false): Text '$10.50' is present on page 

2024-05-15 15:23:02 - [MESSAGE][PASSED] - Text '$10.50' is present on page 

2024-05-15 15:23:02 - [TEST_STEP][PASSED] - verifyTextPresent("Total Amount", false): Text 'Total Amount' is present on page 

2024-05-15 15:23:02 - [MESSAGE][PASSED] - Text 'Total Amount' is present on page 

2024-05-15 15:23:02 - [TEST_STEP][PASSED] - verifyTextPresent("$12.50", false): Text '$12.50' is present on page 

2024-05-15 15:23:02 - [MESSAGE][PASSED] - Text '$12.50' is present on page 

2024-05-15 15:23:02 - [TEST_STEP][PASSED] - verifyTextPresent("Two transactions will appear on your bank statement, one in the amount of $10.50 and one in the amount of $2.00", false): Text 'Two transactions will appear on your bank statement, one in the amount of $10.50 and one in the amount of $2.00' is present on page 

2024-05-15 15:23:03 - [MESSAGE][PASSED] - Text 'Two transactions will appear on your bank statement, one in the amount of $10.50 and one in the amount of $2.00' is present on page 

2024-05-15 15:23:03 - [TEST_STEP][PASSED] - ExecuteTC = findTestData(dataFile).getValue("Execute", row): null

2024-05-15 15:23:03 - [TEST_STEP][PASSED] - out.println("Value of Execute is : " + ExecuteTC): null

2024-05-15 15:23:03 - [TEST_STEP][PASSED] - if (ExecuteTC.equalsIgnoreCase("Y")): null

2024-05-15 15:23:03 - [TEST_STEP][PASSED] - ExecuteTC = findTestData(dataFile).getValue("Execute", row): null

2024-05-15 15:23:03 - [TEST_STEP][PASSED] - out.println("Value of Execute is : " + ExecuteTC): null

2024-05-15 15:23:03 - [TEST_STEP][PASSED] - if (ExecuteTC.equalsIgnoreCase("Y")): null

2024-05-15 15:23:03 - [TEST_STEP][PASSED] - ExecuteTC = findTestData(dataFile).getValue("Execute", row): null

2024-05-15 15:23:03 - [TEST_STEP][PASSED] - out.println("Value of Execute is : " + ExecuteTC): null

2024-05-15 15:23:03 - [TEST_STEP][PASSED] - if (ExecuteTC.equalsIgnoreCase("Y")): null]]></system-out>
         <system-err><![CDATA[]]></system-err>
      </testcase>
      <testcase name="Test Cases/IntegratedWeb/IWP30/Payments/VerifySingleCFVerbiage" time="46.943" classname="Test Cases/IntegratedWeb/IWP30/Payments/VerifySingleCFVerbiage" status="PASSED">
         <system-out><![CDATA[2024-05-15 15:23:03 - [TEST_CASE][PASSED] - Test Cases/IntegratedWeb/IWP30/Payments/VerifySingleCFVerbiage: Test Cases/IntegratedWeb/IWP30/Payments/VerifySingleCFVerbiage

2024-05-15 15:23:03 - [TEST_STEP][PASSED] - resText = "Fail": null

2024-05-15 15:23:03 - [TEST_STEP][PASSED] - resColumn = "Result": null

2024-05-15 15:23:03 - [TEST_STEP][PASSED] - datCloumn = "Date": null

2024-05-15 15:23:03 - [TEST_STEP][PASSED] - fileLoc = "KatalonData/IWPTestData/VRelay30PayNowCC.xlsx": null

2024-05-15 15:23:03 - [TEST_STEP][PASSED] - numOfRows = <not implemented yet for class: org.codehaus.groovy.ast.expr.EmptyExpression>: null

2024-05-15 15:23:03 - [TEST_STEP][PASSED] - dataFile = <not implemented yet for class: org.codehaus.groovy.ast.expr.EmptyExpression>: null

2024-05-15 15:23:03 - [TEST_STEP][PASSED] - nameSheet = <not implemented yet for class: org.codehaus.groovy.ast.expr.EmptyExpression>: null

2024-05-15 15:23:03 - [TEST_STEP][PASSED] - dataFileEmulator = <not implemented yet for class: org.codehaus.groovy.ast.expr.EmptyExpression>: null

2024-05-15 15:23:03 - [TEST_STEP][PASSED] - nameSheet = "SCFVerbiage": null

2024-05-15 15:23:03 - [TEST_STEP][PASSED] - dataFile = "IWPTestData/SCFVerbiage": null

2024-05-15 15:23:03 - [TEST_STEP][PASSED] - dataFileEmulator = "IWPTestData/EmulatorData": null

2024-05-15 15:23:03 - [TEST_STEP][PASSED] - numOfRows = findTestData(dataFile).getRowNumbers(): null

2024-05-15 15:23:03 - [TEST_STEP][PASSED] - println("Number of Records: " + numOfRows): null

2024-05-15 15:23:03 - [TEST_STEP][PASSED] - for ([row = 1, row <= numOfRows, (row++)]): null

2024-05-15 15:23:03 - [TEST_STEP][PASSED] - ExecuteTC = findTestData(dataFile).getValue("Execute", row): null

2024-05-15 15:23:03 - [TEST_STEP][PASSED] - out.println("Value of Execute is : " + ExecuteTC): null

2024-05-15 15:23:03 - [TEST_STEP][PASSED] - if (ExecuteTC.equalsIgnoreCase("Y")): Text 'One transaction in the amount of $12.50 will appear on your bank statement' is present on page 

2024-05-15 15:23:03 - [TEST_STEP][PASSED] - out.println("Begin Record Number: " + row): null

2024-05-15 15:23:03 - [TEST_STEP][PASSED] - today = new java.util.Date(): null

2024-05-15 15:23:03 - [TEST_STEP][PASSED] - println(today): null

2024-05-15 15:23:03 - [TEST_STEP][PASSED] - datText = today: null

2024-05-15 15:23:03 - [TEST_STEP][PASSED] - EmulatorDataKey = findTestData(dataFile).getValue("EmulatorData", row): null

2024-05-15 15:23:04 - [TEST_STEP][PASSED] - out.println("Value of Emulator Key is : " + EmulatorDataKey): null

2024-05-15 15:23:04 - [TEST_STEP][PASSED] - iwpPages.emulatorIWP30.setDataEmulator_DD(EmulatorDataKey): iwpPages.emulatorIWP30.setDataEmulator_DD is PASSED

2024-05-15 15:23:04 - [MESSAGE][WARNING] - A browser is already opened. Closing browser and opening a new one

2024-05-15 15:23:06 - [MESSAGE][INFO] - Starting 'Chrome' driver

2024-05-15 15:23:06 - [MESSAGE][INFO] - User set preference: ['acceptInsecureCerts', 'true']

2024-05-15 15:23:06 - [MESSAGE][INFO] - Action delay is set to 0 milliseconds

2024-05-15 15:23:08 - [MESSAGE][PASSED] - Browser is opened with url: 'https://qa2.velocitypayment.com/agency/config.do?action=editor&message_version=3_0'

2024-05-15 15:23:08 - [MESSAGE][PASSED] - Current window maximized

2024-05-15 15:23:09 - [MESSAGE][PASSED] - All options with value '3.0' are selected in object 'Object Repository/IWP30/Page_VRelay30Emulator/MV'  using regular expression

2024-05-15 15:23:09 - [MESSAGE][PASSED] - Text '10.50' is set on object 'Object Repository/IWP30/Page_VRelay30Emulator/Amount'

2024-05-15 15:23:10 - [MESSAGE][PASSED] - Text '26412167' is set on object 'Object Repository/IWP30/Page_VRelay30Emulator/CAN'

2024-05-15 15:23:11 - [MESSAGE][PASSED] - Text 'PayNow' is set on object 'Object Repository/IWP30/Page_VRelay30Emulator/Action'

2024-05-15 15:23:11 - [MESSAGE][PASSED] - Text 'en_US' is set on object 'Object Repository/IWP30/Page_VRelay30Emulator/Lang'

2024-05-15 15:23:12 - [MESSAGE][PASSED] - Text 'Elizath' is set on object 'Object Repository/IWP30/Page_VRelay30Emulator/Fname'

2024-05-15 15:23:13 - [MESSAGE][PASSED] - Text 'Christine' is set on object 'Object Repository/IWP30/Page_VRelay30Emulator/Lname'

2024-05-15 15:23:13 - [MESSAGE][PASSED] - Text '258 Underwood rd' is set on object 'Object Repository/IWP30/Page_VRelay30Emulator/AL1'

2024-05-15 15:23:14 - [MESSAGE][PASSED] - Text 'Suite 600' is set on object 'Object Repository/IWP30/Page_VRelay30Emulator/AL2'

2024-05-15 15:23:14 - [MESSAGE][PASSED] - Text '840' is set on object 'Object Repository/IWP30/Page_VRelay30Emulator/Country'

2024-05-15 15:23:15 - [MESSAGE][PASSED] - Text 'Arlington' is set on object 'Object Repository/IWP30/Page_VRelay30Emulator/City'

2024-05-15 15:23:16 - [MESSAGE][PASSED] - Text 'VA' is set on object 'Object Repository/IWP30/Page_VRelay30Emulator/State'

2024-05-15 15:23:16 - [MESSAGE][PASSED] - Text '22201' is set on object 'Object Repository/IWP30/Page_VRelay30Emulator/ZIP'

2024-05-15 15:23:17 - [MESSAGE][PASSED] - Text '' is set on object 'Object Repository/IWP30/Page_VRelay30Emulator/Order'

2024-05-15 15:23:18 - [MESSAGE][PASSED] - Text '' is set on object 'Object Repository/IWP30/Page_VRelay30Emulator/Company'

2024-05-15 15:23:18 - [MESSAGE][PASSED] - Text 'iahmed@govolution.com' is set on object 'Object Repository/IWP30/Page_VRelay30Emulator/Email'

2024-05-15 15:23:19 - [MESSAGE][PASSED] - Text 'udf data 1' is set on object 'Object Repository/IWP30/Page_VRelay30Emulator/UDF1'

2024-05-15 15:23:20 - [MESSAGE][PASSED] - Text 'udf data 2' is set on object 'Object Repository/IWP30/Page_VRelay30Emulator/UDF2'

2024-05-15 15:23:20 - [MESSAGE][PASSED] - Text 'udf data 3' is set on object 'Object Repository/IWP30/Page_VRelay30Emulator/UDF3'

2024-05-15 15:23:21 - [MESSAGE][PASSED] - Text 'udf data 4' is set on object 'Object Repository/IWP30/Page_VRelay30Emulator/UDF4'

2024-05-15 15:23:22 - [MESSAGE][PASSED] - Text 'udf data 5' is set on object 'Object Repository/IWP30/Page_VRelay30Emulator/UDF5'

2024-05-15 15:23:22 - [MESSAGE][PASSED] - Text 'udf data 6' is set on object 'Object Repository/IWP30/Page_VRelay30Emulator/UDF6'

2024-05-15 15:23:23 - [MESSAGE][PASSED] - Text 'Orange' is set on object 'Object Repository/IWP30/Page_VRelay30Emulator/UDF7'

2024-05-15 15:23:23 - [MESSAGE][PASSED] - Text 'Soccer' is set on object 'Object Repository/IWP30/Page_VRelay30Emulator/UDF8'

2024-05-15 15:23:24 - [MESSAGE][PASSED] - Text 'udf data 9' is set on object 'Object Repository/IWP30/Page_VRelay30Emulator/UDF9'

2024-05-15 15:23:25 - [MESSAGE][PASSED] - Text 'udf data 10' is set on object 'Object Repository/IWP30/Page_VRelay30Emulator/UDF10'

2024-05-15 15:23:25 - [MESSAGE][PASSED] - Object: 'Object Repository/IWP30/Page_VRelay30Emulator/Submit' is clicked on

2024-05-15 15:23:26 - [MESSAGE][PASSED] - Browser is closed

2024-05-15 15:23:28 - [MESSAGE][PASSED] - iwpPages.emulatorIWP30.setDataEmulator_DD is PASSED

2024-05-15 15:23:28 - [TEST_STEP][PASSED] - testHarnessURL = urlTestHarness: null

2024-05-15 15:23:28 - [TEST_STEP][PASSED] - openBrowser(testHarnessURL): Browser is opened with url: 'https://dev-algorithm.govolution.com/vrelaytest/QA2/version_2_2/vrelaytest.html'

2024-05-15 15:23:28 - [MESSAGE][INFO] - Starting 'Chrome' driver

2024-05-15 15:23:28 - [MESSAGE][INFO] - User set preference: ['acceptInsecureCerts', 'true']

2024-05-15 15:23:28 - [MESSAGE][INFO] - Action delay is set to 0 milliseconds

2024-05-15 15:23:30 - [MESSAGE][PASSED] - Browser is opened with url: 'https://dev-algorithm.govolution.com/vrelaytest/QA2/version_2_2/vrelaytest.html'

2024-05-15 15:23:30 - [TEST_STEP][PASSED] - maximizeWindow(): Current window maximized

2024-05-15 15:23:30 - [MESSAGE][PASSED] - Current window maximized

2024-05-15 15:23:30 - [TEST_STEP][PASSED] - iwpPages.TestHarnessPage.setDataMethod(row, dataFile): iwpPages.TestHarnessPage.setDataMethod is PASSED

2024-05-15 15:23:30 - [MESSAGE][PASSED] - Object 'Object Repository/IWP30/Page_QATestHarness/RemittanceID' is present

2024-05-15 15:23:31 - [MESSAGE][PASSED] - Text '650' is set on object 'Object Repository/IWP30/Page_QATestHarness/ApplicationID'

2024-05-15 15:23:32 - [MESSAGE][PASSED] - Text '3.0' is set on object 'Object Repository/IWP30/Page_QATestHarness/MessageVersion'

2024-05-15 15:23:32 - [MESSAGE][PASSED] - Text 'TQgzHBK6VOCu' is set on object 'Object Repository/IWP30/Page_QATestHarness/RemittanceID'

2024-05-15 15:23:34 - [MESSAGE][PASSED] - Object: 'Object Repository/IWP30/Page_QATestHarness/SubmitButton' is clicked on

2024-05-15 15:23:34 - [MESSAGE][PASSED] - iwpPages.TestHarnessPage.setDataMethod is PASSED

2024-05-15 15:23:34 - [TEST_STEP][PASSED] - check(findTestObject("Object Repository/IWP30/Page_SelectPaymentMethod/PayByCreditCard")): Object 'Object Repository/IWP30/Page_SelectPaymentMethod/PayByCreditCard' is checked

2024-05-15 15:23:34 - [MESSAGE][PASSED] - Object 'Object Repository/IWP30/Page_SelectPaymentMethod/PayByCreditCard' is checked

2024-05-15 15:23:34 - [TEST_STEP][PASSED] - click(findTestObject("Object Repository/IWP30/Page_SelectPaymentMethod/MakePaymentButton")): Object: 'Object Repository/IWP30/Page_SelectPaymentMethod/MakePaymentButton' is clicked on

2024-05-15 15:23:35 - [MESSAGE][PASSED] - Object: 'Object Repository/IWP30/Page_SelectPaymentMethod/MakePaymentButton' is clicked on

2024-05-15 15:23:35 - [TEST_STEP][PASSED] - iwpPages.ccPaymentEntryPage.setDataIWPCreditCard(row, dataFile): iwpPages.ccPaymentEntryPage.setDataIWPCreditCard is PASSED

2024-05-15 15:23:37 - [MESSAGE][PASSED] - Object 'Object Repository/IWP30/Page_CCPaymentEntry/Name' is present

2024-05-15 15:23:38 - [MESSAGE][PASSED] - Text '5146312200000035' is set on object 'Object Repository/IWP30/Page_CCPaymentEntry/CardNumber'

2024-05-15 15:23:38 - [MESSAGE][PASSED] - Text '123' is set on object 'Object Repository/IWP30/Page_CCPaymentEntry/SPC'

2024-05-15 15:23:39 - [MESSAGE][PASSED] - All options with label '09' are selected in object 'Object Repository/IWP30/Page_CCPaymentEntry/Month' 

2024-05-15 15:23:39 - [MESSAGE][PASSED] - All options with label '2028' are selected in object 'Object Repository/IWP30/Page_CCPaymentEntry/Year' 

2024-05-15 15:23:40 - [MESSAGE][PASSED] - Object 'Object Repository/IWP30/Page_CCPaymentEntry/TermCondCheckBox' is present

2024-05-15 15:23:40 - [MESSAGE][PASSED] - Object 'Object Repository/IWP30/Page_CCPaymentEntry/TermCondCheckBox' is checked

2024-05-15 15:23:41 - [MESSAGE][PASSED] - Object 'Object Repository/IWP30/Page_CCPaymentEntry/ContinueButton' is present

2024-05-15 15:23:41 - [MESSAGE][PASSED] - Object: 'Object Repository/IWP30/Page_CCPaymentEntry/ContinueButton' is clicked on

2024-05-15 15:23:41 - [MESSAGE][PASSED] - iwpPages.ccPaymentEntryPage.setDataIWPCreditCard is PASSED

2024-05-15 15:23:41 - [TEST_STEP][PASSED] - click(findTestObject("Object Repository/IWP30/Page_Confirmation/ConfirmButton")): Object: 'Object Repository/IWP30/Page_Confirmation/ConfirmButton' is clicked on

2024-05-15 15:23:42 - [MESSAGE][PASSED] - Object: 'Object Repository/IWP30/Page_Confirmation/ConfirmButton' is clicked on

2024-05-15 15:23:42 - [TEST_STEP][PASSED] - Thread.sleep(5000): null

2024-05-15 15:23:47 - [TEST_STEP][PASSED] - verifyTextPresent("This transaction is subject to a Convenience Fees of $2.00", false): Text 'This transaction is subject to a Convenience Fees of $2.00' is present on page 

2024-05-15 15:23:48 - [MESSAGE][PASSED] - Text 'This transaction is subject to a Convenience Fees of $2.00' is present on page 

2024-05-15 15:23:48 - [TEST_STEP][PASSED] - verifyTextPresent("Payment Amount", false): Text 'Payment Amount' is present on page 

2024-05-15 15:23:48 - [MESSAGE][PASSED] - Text 'Payment Amount' is present on page 

2024-05-15 15:23:48 - [TEST_STEP][PASSED] - verifyTextPresent("Convenience Fees", false): Text 'Convenience Fees' is present on page 

2024-05-15 15:23:48 - [MESSAGE][PASSED] - Text 'Convenience Fees' is present on page 

2024-05-15 15:23:48 - [TEST_STEP][PASSED] - verifyTextPresent("$10.50", false): Text '$10.50' is present on page 

2024-05-15 15:23:49 - [MESSAGE][PASSED] - Text '$10.50' is present on page 

2024-05-15 15:23:49 - [TEST_STEP][PASSED] - verifyTextPresent("$10.50", false): Text '$10.50' is present on page 

2024-05-15 15:23:49 - [MESSAGE][PASSED] - Text '$10.50' is present on page 

2024-05-15 15:23:49 - [TEST_STEP][PASSED] - verifyTextPresent("Total Amount", false): Text 'Total Amount' is present on page 

2024-05-15 15:23:49 - [MESSAGE][PASSED] - Text 'Total Amount' is present on page 

2024-05-15 15:23:49 - [TEST_STEP][PASSED] - verifyTextPresent("$12.50", false): Text '$12.50' is present on page 

2024-05-15 15:23:49 - [MESSAGE][PASSED] - Text '$12.50' is present on page 

2024-05-15 15:23:49 - [TEST_STEP][PASSED] - verifyTextPresent("One transaction in the amount of $12.50 will appear on your bank statement", false): Text 'One transaction in the amount of $12.50 will appear on your bank statement' is present on page 

2024-05-15 15:23:50 - [MESSAGE][PASSED] - Text 'One transaction in the amount of $12.50 will appear on your bank statement' is present on page 

2024-05-15 15:23:50 - [TEST_STEP][PASSED] - ExecuteTC = findTestData(dataFile).getValue("Execute", row): null

2024-05-15 15:23:50 - [TEST_STEP][PASSED] - out.println("Value of Execute is : " + ExecuteTC): null

2024-05-15 15:23:50 - [TEST_STEP][PASSED] - if (ExecuteTC.equalsIgnoreCase("Y")): null

2024-05-15 15:23:50 - [TEST_STEP][PASSED] - ExecuteTC = findTestData(dataFile).getValue("Execute", row): null

2024-05-15 15:23:50 - [TEST_STEP][PASSED] - out.println("Value of Execute is : " + ExecuteTC): null

2024-05-15 15:23:50 - [TEST_STEP][PASSED] - if (ExecuteTC.equalsIgnoreCase("Y")): null

2024-05-15 15:23:50 - [TEST_STEP][PASSED] - ExecuteTC = findTestData(dataFile).getValue("Execute", row): null

2024-05-15 15:23:50 - [TEST_STEP][PASSED] - out.println("Value of Execute is : " + ExecuteTC): null

2024-05-15 15:23:50 - [TEST_STEP][PASSED] - if (ExecuteTC.equalsIgnoreCase("Y")): null]]></system-out>
         <system-err><![CDATA[]]></system-err>
      </testcase>
      <testcase name="Test Cases/IntegratedWeb/IWP30/Payments/NoModifyAmountCC" time="179.426" classname="Test Cases/IntegratedWeb/IWP30/Payments/NoModifyAmountCC" status="FAILED">
         <failure type="FAILED" message="Test Cases/IntegratedWeb/IWP30/Payments/NoModifyAmountCC FAILED.
Reason:
com.kms.katalon.core.exception.StepFailedException: Unable to check object 'Object Repository/IWP30/Page_SelectPaymentMethod/PayByCreditCard' (Root cause: com.kms.katalon.core.exception.StepFailedException: Unable to check object 'Object Repository/IWP30/Page_SelectPaymentMethod/PayByCreditCard'
	at com.kms.katalon.core.webui.keyword.internal.WebUIKeywordMain.stepFailed(WebUIKeywordMain.groovy:64)
	at com.kms.katalon.core.webui.keyword.internal.WebUIKeywordMain.runKeyword(WebUIKeywordMain.groovy:26)
	at com.kms.katalon.core.webui.keyword.builtin.CheckKeyword.check(CheckKeyword.groovy:88)
	at com.kms.katalon.core.webui.keyword.builtin.CheckKeyword.execute(CheckKeyword.groovy:67)
	at com.kms.katalon.core.keyword.internal.KeywordExecutor.executeKeywordForPlatform(KeywordExecutor.groovy:74)
	at com.kms.katalon.core.webui.keyword.WebUiBuiltInKeywords.check(WebUiBuiltInKeywords.groovy:1069)
	at com.kms.katalon.core.webui.keyword.WebUiBuiltInKeywords$check$6.call(Unknown Source)
	at NoModifyAmountCC.run(NoModifyAmountCC:75)
	at com.kms.katalon.core.main.ScriptEngine.run(ScriptEngine.java:194)
	at com.kms.katalon.core.main.ScriptEngine.runScriptAsRawText(ScriptEngine.java:119)
	at com.kms.katalon.core.main.TestCaseExecutor.runScript(TestCaseExecutor.java:448)
	at com.kms.katalon.core.main.TestCaseExecutor.doExecute(TestCaseExecutor.java:439)
	at com.kms.katalon.core.main.TestCaseExecutor.processExecutionPhase(TestCaseExecutor.java:418)
	at com.kms.katalon.core.main.TestCaseExecutor.accessMainPhase(TestCaseExecutor.java:410)
	at com.kms.katalon.core.main.TestCaseExecutor.execute(TestCaseExecutor.java:285)
	at com.kms.katalon.core.common.CommonExecutor.accessTestCaseMainPhase(CommonExecutor.java:65)
	at com.kms.katalon.core.main.TestSuiteExecutor.accessTestSuiteMainPhase(TestSuiteExecutor.java:148)
	at com.kms.katalon.core.main.TestSuiteExecutor.execute(TestSuiteExecutor.java:106)
	at com.kms.katalon.core.main.TestCaseMain.startTestSuite(TestCaseMain.java:187)
	at com.kms.katalon.core.main.TestCaseMain$startTestSuite$0.call(Unknown Source)
	at TempTestSuite1715800219174.run(TempTestSuite1715800219174.groovy:35)
Caused by: com.kms.katalon.core.webui.exception.WebElementNotFoundException: Web element with id: 'Object Repository/IWP30/Page_SelectPaymentMethod/PayByCreditCard' located by '//*[@type = 'radio' and @name = 'paymentMethod' and @alt = 'Pay by Credit or Debit Card']' not found
	at com.kms.katalon.core.webui.common.WebUiCommonHelper.findWebElement(WebUiCommonHelper.java:1381)
	at com.kms.katalon.core.webui.keyword.internal.WebUIAbstractKeyword.findWebElement(WebUIAbstractKeyword.groovy:27)
	at com.kms.katalon.core.webui.keyword.internal.WebUIAbstractKeyword.findWebElement(WebUIAbstractKeyword.groovy:26)
	at com.kms.katalon.core.webui.keyword.builtin.CheckKeyword$_check_closure1.doCall(CheckKeyword.groovy:77)
	at com.kms.katalon.core.webui.keyword.builtin.CheckKeyword$_check_closure1.call(CheckKeyword.groovy)
	at com.kms.katalon.core.webui.keyword.internal.WebUIKeywordMain.runKeyword(WebUIKeywordMain.groovy:20)
	at com.kms.katalon.core.webui.keyword.builtin.CheckKeyword.check(CheckKeyword.groovy:88)
	at com.kms.katalon.core.webui.keyword.builtin.CheckKeyword.execute(CheckKeyword.groovy:67)
	at com.kms.katalon.core.keyword.internal.KeywordExecutor.executeKeywordForPlatform(KeywordExecutor.groovy:74)
	at com.kms.katalon.core.webui.keyword.WebUiBuiltInKeywords.check(WebUiBuiltInKeywords.groovy:1069)
	at com.kms.katalon.core.webui.keyword.WebUiBuiltInKeywords$check$6.call(Unknown Source)
	at Script1688676105506.run(Script1688676105506.groovy:75)
	... 13 more
)
	at com.kms.katalon.core.keyword.internal.KeywordMain.stepFailed(KeywordMain.groovy:39)
	at com.kms.katalon.core.webui.keyword.internal.WebUIKeywordMain.stepFailed(WebUIKeywordMain.groovy:64)
	at com.kms.katalon.core.webui.keyword.internal.WebUIKeywordMain.runKeyword(WebUIKeywordMain.groovy:26)
	at com.kms.katalon.core.webui.keyword.builtin.CheckKeyword.check(CheckKeyword.groovy:88)
	at com.kms.katalon.core.webui.keyword.builtin.CheckKeyword.execute(CheckKeyword.groovy:67)
	at com.kms.katalon.core.keyword.internal.KeywordExecutor.executeKeywordForPlatform(KeywordExecutor.groovy:74)
	at com.kms.katalon.core.webui.keyword.WebUiBuiltInKeywords.check(WebUiBuiltInKeywords.groovy:1069)
	at com.kms.katalon.core.webui.keyword.WebUiBuiltInKeywords$check$6.call(Unknown Source)
	at NoModifyAmountCC.run(NoModifyAmountCC:75)
	at com.kms.katalon.core.main.ScriptEngine.run(ScriptEngine.java:194)
	at com.kms.katalon.core.main.ScriptEngine.runScriptAsRawText(ScriptEngine.java:119)
	at com.kms.katalon.core.main.TestCaseExecutor.runScript(TestCaseExecutor.java:448)
	at com.kms.katalon.core.main.TestCaseExecutor.doExecute(TestCaseExecutor.java:439)
	at com.kms.katalon.core.main.TestCaseExecutor.processExecutionPhase(TestCaseExecutor.java:418)
	at com.kms.katalon.core.main.TestCaseExecutor.accessMainPhase(TestCaseExecutor.java:410)
	at com.kms.katalon.core.main.TestCaseExecutor.execute(TestCaseExecutor.java:285)
	at com.kms.katalon.core.common.CommonExecutor.accessTestCaseMainPhase(CommonExecutor.java:65)
	at com.kms.katalon.core.main.TestSuiteExecutor.accessTestSuiteMainPhase(TestSuiteExecutor.java:148)
	at com.kms.katalon.core.main.TestSuiteExecutor.execute(TestSuiteExecutor.java:106)
	at com.kms.katalon.core.main.TestCaseMain.startTestSuite(TestCaseMain.java:187)
	at com.kms.katalon.core.main.TestCaseMain$startTestSuite$0.call(Unknown Source)
	at TempTestSuite1715800219174.run(TempTestSuite1715800219174.groovy:35)
Caused by: com.kms.katalon.core.exception.StepFailedException: Unable to check object 'Object Repository/IWP30/Page_SelectPaymentMethod/PayByCreditCard'
	... 21 more
Caused by: com.kms.katalon.core.webui.exception.WebElementNotFoundException: Web element with id: 'Object Repository/IWP30/Page_SelectPaymentMethod/PayByCreditCard' located by '//*[@type = 'radio' and @name = 'paymentMethod' and @alt = 'Pay by Credit or Debit Card']' not found
	at com.kms.katalon.core.webui.common.WebUiCommonHelper.findWebElement(WebUiCommonHelper.java:1381)
	at com.kms.katalon.core.webui.keyword.internal.WebUIAbstractKeyword.findWebElement(WebUIAbstractKeyword.groovy:27)
	at com.kms.katalon.core.webui.keyword.internal.WebUIAbstractKeyword.findWebElement(WebUIAbstractKeyword.groovy:26)
	at com.kms.katalon.core.webui.keyword.builtin.CheckKeyword$_check_closure1.doCall(CheckKeyword.groovy:77)
	at com.kms.katalon.core.webui.keyword.builtin.CheckKeyword$_check_closure1.call(CheckKeyword.groovy)
	at com.kms.katalon.core.webui.keyword.internal.WebUIKeywordMain.runKeyword(WebUIKeywordMain.groovy:20)
	... 19 more
"/>
         <system-out><![CDATA[2024-05-15 15:23:50 - [TEST_CASE][FAILED] - Test Cases/IntegratedWeb/IWP30/Payments/NoModifyAmountCC: Test Cases/IntegratedWeb/IWP30/Payments/NoModifyAmountCC FAILED.
Reason:
com.kms.katalon.core.exception.StepFailedException: Unable to check object 'Object Repository/IWP30/Page_SelectPaymentMethod/PayByCreditCard' (Root cause: com.kms.katalon.core.exception.StepFailedException: Unable to check object 'Object Repository/IWP30/Page_SelectPaymentMethod/PayByCreditCard'
	at com.kms.katalon.core.webui.keyword.internal.WebUIKeywordMain.stepFailed(WebUIKeywordMain.groovy:64)
	at com.kms.katalon.core.webui.keyword.internal.WebUIKeywordMain.runKeyword(WebUIKeywordMain.groovy:26)
	at com.kms.katalon.core.webui.keyword.builtin.CheckKeyword.check(CheckKeyword.groovy:88)
	at com.kms.katalon.core.webui.keyword.builtin.CheckKeyword.execute(CheckKeyword.groovy:67)
	at com.kms.katalon.core.keyword.internal.KeywordExecutor.executeKeywordForPlatform(KeywordExecutor.groovy:74)
	at com.kms.katalon.core.webui.keyword.WebUiBuiltInKeywords.check(WebUiBuiltInKeywords.groovy:1069)
	at com.kms.katalon.core.webui.keyword.WebUiBuiltInKeywords$check$6.call(Unknown Source)
	at NoModifyAmountCC.run(NoModifyAmountCC:75)
	at com.kms.katalon.core.main.ScriptEngine.run(ScriptEngine.java:194)
	at com.kms.katalon.core.main.ScriptEngine.runScriptAsRawText(ScriptEngine.java:119)
	at com.kms.katalon.core.main.TestCaseExecutor.runScript(TestCaseExecutor.java:448)
	at com.kms.katalon.core.main.TestCaseExecutor.doExecute(TestCaseExecutor.java:439)
	at com.kms.katalon.core.main.TestCaseExecutor.processExecutionPhase(TestCaseExecutor.java:418)
	at com.kms.katalon.core.main.TestCaseExecutor.accessMainPhase(TestCaseExecutor.java:410)
	at com.kms.katalon.core.main.TestCaseExecutor.execute(TestCaseExecutor.java:285)
	at com.kms.katalon.core.common.CommonExecutor.accessTestCaseMainPhase(CommonExecutor.java:65)
	at com.kms.katalon.core.main.TestSuiteExecutor.accessTestSuiteMainPhase(TestSuiteExecutor.java:148)
	at com.kms.katalon.core.main.TestSuiteExecutor.execute(TestSuiteExecutor.java:106)
	at com.kms.katalon.core.main.TestCaseMain.startTestSuite(TestCaseMain.java:187)
	at com.kms.katalon.core.main.TestCaseMain$startTestSuite$0.call(Unknown Source)
	at TempTestSuite1715800219174.run(TempTestSuite1715800219174.groovy:35)
Caused by: com.kms.katalon.core.webui.exception.WebElementNotFoundException: Web element with id: 'Object Repository/IWP30/Page_SelectPaymentMethod/PayByCreditCard' located by '//*[@type = 'radio' and @name = 'paymentMethod' and @alt = 'Pay by Credit or Debit Card']' not found
	at com.kms.katalon.core.webui.common.WebUiCommonHelper.findWebElement(WebUiCommonHelper.java:1381)
	at com.kms.katalon.core.webui.keyword.internal.WebUIAbstractKeyword.findWebElement(WebUIAbstractKeyword.groovy:27)
	at com.kms.katalon.core.webui.keyword.internal.WebUIAbstractKeyword.findWebElement(WebUIAbstractKeyword.groovy:26)
	at com.kms.katalon.core.webui.keyword.builtin.CheckKeyword$_check_closure1.doCall(CheckKeyword.groovy:77)
	at com.kms.katalon.core.webui.keyword.builtin.CheckKeyword$_check_closure1.call(CheckKeyword.groovy)
	at com.kms.katalon.core.webui.keyword.internal.WebUIKeywordMain.runKeyword(WebUIKeywordMain.groovy:20)
	at com.kms.katalon.core.webui.keyword.builtin.CheckKeyword.check(CheckKeyword.groovy:88)
	at com.kms.katalon.core.webui.keyword.builtin.CheckKeyword.execute(CheckKeyword.groovy:67)
	at com.kms.katalon.core.keyword.internal.KeywordExecutor.executeKeywordForPlatform(KeywordExecutor.groovy:74)
	at com.kms.katalon.core.webui.keyword.WebUiBuiltInKeywords.check(WebUiBuiltInKeywords.groovy:1069)
	at com.kms.katalon.core.webui.keyword.WebUiBuiltInKeywords$check$6.call(Unknown Source)
	at Script1688676105506.run(Script1688676105506.groovy:75)
	... 13 more
)
	at com.kms.katalon.core.keyword.internal.KeywordMain.stepFailed(KeywordMain.groovy:39)
	at com.kms.katalon.core.webui.keyword.internal.WebUIKeywordMain.stepFailed(WebUIKeywordMain.groovy:64)
	at com.kms.katalon.core.webui.keyword.internal.WebUIKeywordMain.runKeyword(WebUIKeywordMain.groovy:26)
	at com.kms.katalon.core.webui.keyword.builtin.CheckKeyword.check(CheckKeyword.groovy:88)
	at com.kms.katalon.core.webui.keyword.builtin.CheckKeyword.execute(CheckKeyword.groovy:67)
	at com.kms.katalon.core.keyword.internal.KeywordExecutor.executeKeywordForPlatform(KeywordExecutor.groovy:74)
	at com.kms.katalon.core.webui.keyword.WebUiBuiltInKeywords.check(WebUiBuiltInKeywords.groovy:1069)
	at com.kms.katalon.core.webui.keyword.WebUiBuiltInKeywords$check$6.call(Unknown Source)
	at NoModifyAmountCC.run(NoModifyAmountCC:75)
	at com.kms.katalon.core.main.ScriptEngine.run(ScriptEngine.java:194)
	at com.kms.katalon.core.main.ScriptEngine.runScriptAsRawText(ScriptEngine.java:119)
	at com.kms.katalon.core.main.TestCaseExecutor.runScript(TestCaseExecutor.java:448)
	at com.kms.katalon.core.main.TestCaseExecutor.doExecute(TestCaseExecutor.java:439)
	at com.kms.katalon.core.main.TestCaseExecutor.processExecutionPhase(TestCaseExecutor.java:418)
	at com.kms.katalon.core.main.TestCaseExecutor.accessMainPhase(TestCaseExecutor.java:410)
	at com.kms.katalon.core.main.TestCaseExecutor.execute(TestCaseExecutor.java:285)
	at com.kms.katalon.core.common.CommonExecutor.accessTestCaseMainPhase(CommonExecutor.java:65)
	at com.kms.katalon.core.main.TestSuiteExecutor.accessTestSuiteMainPhase(TestSuiteExecutor.java:148)
	at com.kms.katalon.core.main.TestSuiteExecutor.execute(TestSuiteExecutor.java:106)
	at com.kms.katalon.core.main.TestCaseMain.startTestSuite(TestCaseMain.java:187)
	at com.kms.katalon.core.main.TestCaseMain$startTestSuite$0.call(Unknown Source)
	at TempTestSuite1715800219174.run(TempTestSuite1715800219174.groovy:35)
Caused by: com.kms.katalon.core.exception.StepFailedException: Unable to check object 'Object Repository/IWP30/Page_SelectPaymentMethod/PayByCreditCard'
	... 21 more
Caused by: com.kms.katalon.core.webui.exception.WebElementNotFoundException: Web element with id: 'Object Repository/IWP30/Page_SelectPaymentMethod/PayByCreditCard' located by '//*[@type = 'radio' and @name = 'paymentMethod' and @alt = 'Pay by Credit or Debit Card']' not found
	at com.kms.katalon.core.webui.common.WebUiCommonHelper.findWebElement(WebUiCommonHelper.java:1381)
	at com.kms.katalon.core.webui.keyword.internal.WebUIAbstractKeyword.findWebElement(WebUIAbstractKeyword.groovy:27)
	at com.kms.katalon.core.webui.keyword.internal.WebUIAbstractKeyword.findWebElement(WebUIAbstractKeyword.groovy:26)
	at com.kms.katalon.core.webui.keyword.builtin.CheckKeyword$_check_closure1.doCall(CheckKeyword.groovy:77)
	at com.kms.katalon.core.webui.keyword.builtin.CheckKeyword$_check_closure1.call(CheckKeyword.groovy)
	at com.kms.katalon.core.webui.keyword.internal.WebUIKeywordMain.runKeyword(WebUIKeywordMain.groovy:20)
	... 19 more


2024-05-15 15:23:50 - [TEST_STEP][PASSED] - resText = "Fail": null

2024-05-15 15:23:50 - [TEST_STEP][PASSED] - resColumn = "Result": null

2024-05-15 15:23:50 - [TEST_STEP][PASSED] - datCloumn = "Date": null

2024-05-15 15:23:50 - [TEST_STEP][PASSED] - fileLoc = "KatalonData/IWPTestData/VRelay30PayNowCC.xlsx": null

2024-05-15 15:23:50 - [TEST_STEP][PASSED] - numOfRows = <not implemented yet for class: org.codehaus.groovy.ast.expr.EmptyExpression>: null

2024-05-15 15:23:50 - [TEST_STEP][PASSED] - dataFile = <not implemented yet for class: org.codehaus.groovy.ast.expr.EmptyExpression>: null

2024-05-15 15:23:50 - [TEST_STEP][PASSED] - nameSheet = <not implemented yet for class: org.codehaus.groovy.ast.expr.EmptyExpression>: null

2024-05-15 15:23:50 - [TEST_STEP][PASSED] - dataFileEmulator = <not implemented yet for class: org.codehaus.groovy.ast.expr.EmptyExpression>: null

2024-05-15 15:23:50 - [TEST_STEP][PASSED] - nameSheet = "NoModifyAmount": null

2024-05-15 15:23:50 - [TEST_STEP][PASSED] - dataFile = "IWPTestData/NoModifyAmount": null

2024-05-15 15:23:50 - [TEST_STEP][PASSED] - dataFileEmulator = "IWPTestData/EmulatorData": null

2024-05-15 15:23:50 - [TEST_STEP][PASSED] - numOfRows = findTestData(dataFile).getRowNumbers(): null

2024-05-15 15:23:50 - [TEST_STEP][PASSED] - println("Number of Records: " + numOfRows): null

2024-05-15 15:23:50 - [TEST_STEP][FAILED] - for ([row = 1, row <= numOfRows, (row++)]): null

2024-05-15 15:23:50 - [TEST_STEP][PASSED] - ExecuteTC = findTestData(dataFile).getValue("Execute", row): null

2024-05-15 15:23:50 - [TEST_STEP][PASSED] - out.println("Value of Execute is : " + ExecuteTC): null

2024-05-15 15:23:50 - [TEST_STEP][FAILED] - if (ExecuteTC.equalsIgnoreCase("Y")): null

2024-05-15 15:23:50 - [TEST_STEP][PASSED] - out.println("Begin Record Number: " + row): null

2024-05-15 15:23:50 - [TEST_STEP][PASSED] - today = new java.util.Date(): null

2024-05-15 15:23:50 - [TEST_STEP][PASSED] - println(today): null

2024-05-15 15:23:50 - [TEST_STEP][PASSED] - datText = today: null

2024-05-15 15:23:50 - [TEST_STEP][PASSED] - EmulatorDataKey = findTestData(dataFile).getValue("EmulatorData", row): null

2024-05-15 15:23:51 - [TEST_STEP][PASSED] - out.println("Value of Emulator Key is : " + EmulatorDataKey): null

2024-05-15 15:23:51 - [TEST_STEP][PASSED] - iwpPages.emulatorIWP30.setDataEmulator_DD(EmulatorDataKey): iwpPages.emulatorIWP30.setDataEmulator_DD is PASSED

2024-05-15 15:23:51 - [MESSAGE][WARNING] - A browser is already opened. Closing browser and opening a new one

2024-05-15 15:23:53 - [MESSAGE][INFO] - Starting 'Chrome' driver

2024-05-15 15:23:53 - [MESSAGE][INFO] - User set preference: ['acceptInsecureCerts', 'true']

2024-05-15 15:23:53 - [MESSAGE][INFO] - Action delay is set to 0 milliseconds

2024-05-15 15:23:55 - [MESSAGE][PASSED] - Browser is opened with url: 'https://qa2.velocitypayment.com/agency/config.do?action=editor&message_version=3_0'

2024-05-15 15:23:55 - [MESSAGE][PASSED] - Current window maximized

2024-05-15 15:23:56 - [MESSAGE][PASSED] - All options with value '3.0' are selected in object 'Object Repository/IWP30/Page_VRelay30Emulator/MV'  using regular expression

2024-05-15 15:23:57 - [MESSAGE][PASSED] - Text '10.50' is set on object 'Object Repository/IWP30/Page_VRelay30Emulator/Amount'

2024-05-15 15:23:57 - [MESSAGE][PASSED] - Text '26412167' is set on object 'Object Repository/IWP30/Page_VRelay30Emulator/CAN'

2024-05-15 15:23:58 - [MESSAGE][PASSED] - Text 'PayNow' is set on object 'Object Repository/IWP30/Page_VRelay30Emulator/Action'

2024-05-15 15:23:58 - [MESSAGE][PASSED] - Text 'en_US' is set on object 'Object Repository/IWP30/Page_VRelay30Emulator/Lang'

2024-05-15 15:23:59 - [MESSAGE][PASSED] - Text 'Elizath' is set on object 'Object Repository/IWP30/Page_VRelay30Emulator/Fname'

2024-05-15 15:24:00 - [MESSAGE][PASSED] - Text 'Christine' is set on object 'Object Repository/IWP30/Page_VRelay30Emulator/Lname'

2024-05-15 15:24:00 - [MESSAGE][PASSED] - Text '258 Underwood rd' is set on object 'Object Repository/IWP30/Page_VRelay30Emulator/AL1'

2024-05-15 15:24:01 - [MESSAGE][PASSED] - Text 'Suite 600' is set on object 'Object Repository/IWP30/Page_VRelay30Emulator/AL2'

2024-05-15 15:24:02 - [MESSAGE][PASSED] - Text '840' is set on object 'Object Repository/IWP30/Page_VRelay30Emulator/Country'

2024-05-15 15:24:02 - [MESSAGE][PASSED] - Text 'Arlington' is set on object 'Object Repository/IWP30/Page_VRelay30Emulator/City'

2024-05-15 15:24:03 - [MESSAGE][PASSED] - Text 'VA' is set on object 'Object Repository/IWP30/Page_VRelay30Emulator/State'

2024-05-15 15:24:03 - [MESSAGE][PASSED] - Text '22201' is set on object 'Object Repository/IWP30/Page_VRelay30Emulator/ZIP'

2024-05-15 15:24:04 - [MESSAGE][PASSED] - Text '' is set on object 'Object Repository/IWP30/Page_VRelay30Emulator/Order'

2024-05-15 15:24:05 - [MESSAGE][PASSED] - Text '' is set on object 'Object Repository/IWP30/Page_VRelay30Emulator/Company'

2024-05-15 15:24:05 - [MESSAGE][PASSED] - Text 'iahmed@govolution.com' is set on object 'Object Repository/IWP30/Page_VRelay30Emulator/Email'

2024-05-15 15:24:06 - [MESSAGE][PASSED] - Text 'udf data 1' is set on object 'Object Repository/IWP30/Page_VRelay30Emulator/UDF1'

2024-05-15 15:24:07 - [MESSAGE][PASSED] - Text 'udf data 2' is set on object 'Object Repository/IWP30/Page_VRelay30Emulator/UDF2'

2024-05-15 15:24:07 - [MESSAGE][PASSED] - Text 'udf data 3' is set on object 'Object Repository/IWP30/Page_VRelay30Emulator/UDF3'

2024-05-15 15:24:08 - [MESSAGE][PASSED] - Text 'udf data 4' is set on object 'Object Repository/IWP30/Page_VRelay30Emulator/UDF4'

2024-05-15 15:24:09 - [MESSAGE][PASSED] - Text 'udf data 5' is set on object 'Object Repository/IWP30/Page_VRelay30Emulator/UDF5'

2024-05-15 15:24:09 - [MESSAGE][PASSED] - Text 'udf data 6' is set on object 'Object Repository/IWP30/Page_VRelay30Emulator/UDF6'

2024-05-15 15:24:10 - [MESSAGE][PASSED] - Text 'Orange' is set on object 'Object Repository/IWP30/Page_VRelay30Emulator/UDF7'

2024-05-15 15:24:11 - [MESSAGE][PASSED] - Text 'Soccer' is set on object 'Object Repository/IWP30/Page_VRelay30Emulator/UDF8'

2024-05-15 15:24:11 - [MESSAGE][PASSED] - Text 'udf data 9' is set on object 'Object Repository/IWP30/Page_VRelay30Emulator/UDF9'

2024-05-15 15:24:12 - [MESSAGE][PASSED] - Text 'udf data 10' is set on object 'Object Repository/IWP30/Page_VRelay30Emulator/UDF10'

2024-05-15 15:24:12 - [MESSAGE][PASSED] - Object: 'Object Repository/IWP30/Page_VRelay30Emulator/Submit' is clicked on

2024-05-15 15:24:14 - [MESSAGE][PASSED] - Browser is closed

2024-05-15 15:24:15 - [MESSAGE][PASSED] - iwpPages.emulatorIWP30.setDataEmulator_DD is PASSED

2024-05-15 15:24:15 - [TEST_STEP][PASSED] - testHarnessURL = urlTestHarness: null

2024-05-15 15:24:15 - [TEST_STEP][PASSED] - openBrowser(testHarnessURL): Browser is opened with url: 'https://dev-algorithm.govolution.com/vrelaytest/QA2/version_2_2/vrelaytest.html'

2024-05-15 15:24:15 - [MESSAGE][INFO] - Starting 'Chrome' driver

2024-05-15 15:24:15 - [MESSAGE][INFO] - User set preference: ['acceptInsecureCerts', 'true']

2024-05-15 15:24:15 - [MESSAGE][INFO] - Action delay is set to 0 milliseconds

2024-05-15 15:24:17 - [MESSAGE][PASSED] - Browser is opened with url: 'https://dev-algorithm.govolution.com/vrelaytest/QA2/version_2_2/vrelaytest.html'

2024-05-15 15:24:17 - [TEST_STEP][PASSED] - maximizeWindow(): Current window maximized

2024-05-15 15:24:17 - [MESSAGE][PASSED] - Current window maximized

2024-05-15 15:24:17 - [TEST_STEP][PASSED] - iwpPages.TestHarnessPage.setDataMethod(row, dataFile): iwpPages.TestHarnessPage.setDataMethod is PASSED

2024-05-15 15:24:17 - [MESSAGE][PASSED] - Object 'Object Repository/IWP30/Page_QATestHarness/RemittanceID' is present

2024-05-15 15:24:18 - [MESSAGE][PASSED] - Text '654' is set on object 'Object Repository/IWP30/Page_QATestHarness/ApplicationID'

2024-05-15 15:24:19 - [MESSAGE][PASSED] - Text '3.0' is set on object 'Object Repository/IWP30/Page_QATestHarness/MessageVersion'

2024-05-15 15:24:19 - [MESSAGE][PASSED] - Text 'lFu8LbAEmgGp' is set on object 'Object Repository/IWP30/Page_QATestHarness/RemittanceID'

2024-05-15 15:24:21 - [MESSAGE][PASSED] - Object: 'Object Repository/IWP30/Page_QATestHarness/SubmitButton' is clicked on

2024-05-15 15:24:21 - [MESSAGE][PASSED] - iwpPages.TestHarnessPage.setDataMethod is PASSED

2024-05-15 15:24:21 - [TEST_STEP][FAILED] - check(findTestObject("Object Repository/IWP30/Page_SelectPaymentMethod/PayByCreditCard")): Unable to check object 'Object Repository/IWP30/Page_SelectPaymentMethod/PayByCreditCard' (Root cause: com.kms.katalon.core.exception.StepFailedException: Unable to check object 'Object Repository/IWP30/Page_SelectPaymentMethod/PayByCreditCard'
	at com.kms.katalon.core.webui.keyword.internal.WebUIKeywordMain.stepFailed(WebUIKeywordMain.groovy:64)
	at com.kms.katalon.core.webui.keyword.internal.WebUIKeywordMain.runKeyword(WebUIKeywordMain.groovy:26)
	at com.kms.katalon.core.webui.keyword.builtin.CheckKeyword.check(CheckKeyword.groovy:88)
	at com.kms.katalon.core.webui.keyword.builtin.CheckKeyword.execute(CheckKeyword.groovy:67)
	at com.kms.katalon.core.keyword.internal.KeywordExecutor.executeKeywordForPlatform(KeywordExecutor.groovy:74)
	at com.kms.katalon.core.webui.keyword.WebUiBuiltInKeywords.check(WebUiBuiltInKeywords.groovy:1069)
	at com.kms.katalon.core.webui.keyword.WebUiBuiltInKeywords$check$6.call(Unknown Source)
	at NoModifyAmountCC.run(NoModifyAmountCC:75)
	at com.kms.katalon.core.main.ScriptEngine.run(ScriptEngine.java:194)
	at com.kms.katalon.core.main.ScriptEngine.runScriptAsRawText(ScriptEngine.java:119)
	at com.kms.katalon.core.main.TestCaseExecutor.runScript(TestCaseExecutor.java:448)
	at com.kms.katalon.core.main.TestCaseExecutor.doExecute(TestCaseExecutor.java:439)
	at com.kms.katalon.core.main.TestCaseExecutor.processExecutionPhase(TestCaseExecutor.java:418)
	at com.kms.katalon.core.main.TestCaseExecutor.accessMainPhase(TestCaseExecutor.java:410)
	at com.kms.katalon.core.main.TestCaseExecutor.execute(TestCaseExecutor.java:285)
	at com.kms.katalon.core.common.CommonExecutor.accessTestCaseMainPhase(CommonExecutor.java:65)
	at com.kms.katalon.core.main.TestSuiteExecutor.accessTestSuiteMainPhase(TestSuiteExecutor.java:148)
	at com.kms.katalon.core.main.TestSuiteExecutor.execute(TestSuiteExecutor.java:106)
	at com.kms.katalon.core.main.TestCaseMain.startTestSuite(TestCaseMain.java:187)
	at com.kms.katalon.core.main.TestCaseMain$startTestSuite$0.call(Unknown Source)
	at TempTestSuite1715800219174.run(TempTestSuite1715800219174.groovy:35)
Caused by: com.kms.katalon.core.webui.exception.WebElementNotFoundException: Web element with id: 'Object Repository/IWP30/Page_SelectPaymentMethod/PayByCreditCard' located by '//*[@type = 'radio' and @name = 'paymentMethod' and @alt = 'Pay by Credit or Debit Card']' not found
	at com.kms.katalon.core.webui.common.WebUiCommonHelper.findWebElement(WebUiCommonHelper.java:1381)
	at com.kms.katalon.core.webui.keyword.internal.WebUIAbstractKeyword.findWebElement(WebUIAbstractKeyword.groovy:27)
	at com.kms.katalon.core.webui.keyword.internal.WebUIAbstractKeyword.findWebElement(WebUIAbstractKeyword.groovy:26)
	at com.kms.katalon.core.webui.keyword.builtin.CheckKeyword$_check_closure1.doCall(CheckKeyword.groovy:77)
	at com.kms.katalon.core.webui.keyword.builtin.CheckKeyword$_check_closure1.call(CheckKeyword.groovy)
	at com.kms.katalon.core.webui.keyword.internal.WebUIKeywordMain.runKeyword(WebUIKeywordMain.groovy:20)
	at com.kms.katalon.core.webui.keyword.builtin.CheckKeyword.check(CheckKeyword.groovy:88)
	at com.kms.katalon.core.webui.keyword.builtin.CheckKeyword.execute(CheckKeyword.groovy:67)
	at com.kms.katalon.core.keyword.internal.KeywordExecutor.executeKeywordForPlatform(KeywordExecutor.groovy:74)
	at com.kms.katalon.core.webui.keyword.WebUiBuiltInKeywords.check(WebUiBuiltInKeywords.groovy:1069)
	at com.kms.katalon.core.webui.keyword.WebUiBuiltInKeywords$check$6.call(Unknown Source)
	at Script1688676105506.run(Script1688676105506.groovy:75)
	... 13 more
)

2024-05-15 15:24:52 - [MESSAGE][INFO] - Unable to find the element located by 'By.xpath: //*[@type = 'radio' and @name = 'paymentMethod' and @alt = 'Pay by Credit or Debit Card']'. Please recheck the objects properties to make sure the desired element is located. 

2024-05-15 15:24:52 - [MESSAGE][WARNING] - [SELF-HEALING] Failed to find element with id 'Object Repository/IWP30/Page_SelectPaymentMethod/PayByCreditCard'. Try using Self-healing.

2024-05-15 15:24:53 - [MESSAGE][INFO] - Unable to find the element located by 'By.xpath: //input[@name='paymentMethod']'. Please recheck the objects properties to make sure the desired element is located. 

2024-05-15 15:24:53 - [MESSAGE][INFO] - [SELF-HEALING] Failed Locator: '//input[@name='paymentMethod']'.

2024-05-15 15:24:53 - [MESSAGE][INFO] - [SELF-HEALING] Failed Locator: '//form[@id='selectForm']/table/tbody/tr[2]/td[2]/input'.

2024-05-15 15:24:54 - [MESSAGE][INFO] - [SELF-HEALING] Failed Locator: '//td[2]/input'.

2024-05-15 15:24:54 - [MESSAGE][INFO] - [SELF-HEALING] Failed Locator: '//input[@name='paymentMethod']'.

2024-05-15 15:24:54 - [MESSAGE][INFO] - [SELF-HEALING] Failed Locator: '//form[@id='selectForm']/table/tbody/tr[2]/td[2]/input'.

2024-05-15 15:24:54 - [MESSAGE][INFO] - [SELF-HEALING] Failed Locator: '//td[2]/input'.

2024-05-15 15:24:54 - [MESSAGE][WARNING] - [SELF-HEALING] Cannot find elements when the selector is null

2024-05-15 15:24:55 - [MESSAGE][FAILED] - Unable to check object 'Object Repository/IWP30/Page_SelectPaymentMethod/PayByCreditCard' (Root cause: com.kms.katalon.core.exception.StepFailedException: Unable to check object 'Object Repository/IWP30/Page_SelectPaymentMethod/PayByCreditCard'
	at com.kms.katalon.core.webui.keyword.internal.WebUIKeywordMain.stepFailed(WebUIKeywordMain.groovy:64)
	at com.kms.katalon.core.webui.keyword.internal.WebUIKeywordMain.runKeyword(WebUIKeywordMain.groovy:26)
	at com.kms.katalon.core.webui.keyword.builtin.CheckKeyword.check(CheckKeyword.groovy:88)
	at com.kms.katalon.core.webui.keyword.builtin.CheckKeyword.execute(CheckKeyword.groovy:67)
	at com.kms.katalon.core.keyword.internal.KeywordExecutor.executeKeywordForPlatform(KeywordExecutor.groovy:74)
	at com.kms.katalon.core.webui.keyword.WebUiBuiltInKeywords.check(WebUiBuiltInKeywords.groovy:1069)
	at com.kms.katalon.core.webui.keyword.WebUiBuiltInKeywords$check$6.call(Unknown Source)
	at NoModifyAmountCC.run(NoModifyAmountCC:75)
	at com.kms.katalon.core.main.ScriptEngine.run(ScriptEngine.java:194)
	at com.kms.katalon.core.main.ScriptEngine.runScriptAsRawText(ScriptEngine.java:119)
	at com.kms.katalon.core.main.TestCaseExecutor.runScript(TestCaseExecutor.java:448)
	at com.kms.katalon.core.main.TestCaseExecutor.doExecute(TestCaseExecutor.java:439)
	at com.kms.katalon.core.main.TestCaseExecutor.processExecutionPhase(TestCaseExecutor.java:418)
	at com.kms.katalon.core.main.TestCaseExecutor.accessMainPhase(TestCaseExecutor.java:410)
	at com.kms.katalon.core.main.TestCaseExecutor.execute(TestCaseExecutor.java:285)
	at com.kms.katalon.core.common.CommonExecutor.accessTestCaseMainPhase(CommonExecutor.java:65)
	at com.kms.katalon.core.main.TestSuiteExecutor.accessTestSuiteMainPhase(TestSuiteExecutor.java:148)
	at com.kms.katalon.core.main.TestSuiteExecutor.execute(TestSuiteExecutor.java:106)
	at com.kms.katalon.core.main.TestCaseMain.startTestSuite(TestCaseMain.java:187)
	at com.kms.katalon.core.main.TestCaseMain$startTestSuite$0.call(Unknown Source)
	at TempTestSuite1715800219174.run(TempTestSuite1715800219174.groovy:35)
Caused by: com.kms.katalon.core.webui.exception.WebElementNotFoundException: Web element with id: 'Object Repository/IWP30/Page_SelectPaymentMethod/PayByCreditCard' located by '//*[@type = 'radio' and @name = 'paymentMethod' and @alt = 'Pay by Credit or Debit Card']' not found
	at com.kms.katalon.core.webui.common.WebUiCommonHelper.findWebElement(WebUiCommonHelper.java:1381)
	at com.kms.katalon.core.webui.keyword.internal.WebUIAbstractKeyword.findWebElement(WebUIAbstractKeyword.groovy:27)
	at com.kms.katalon.core.webui.keyword.internal.WebUIAbstractKeyword.findWebElement(WebUIAbstractKeyword.groovy:26)
	at com.kms.katalon.core.webui.keyword.builtin.CheckKeyword$_check_closure1.doCall(CheckKeyword.groovy:77)
	at com.kms.katalon.core.webui.keyword.builtin.CheckKeyword$_check_closure1.call(CheckKeyword.groovy)
	at com.kms.katalon.core.webui.keyword.internal.WebUIKeywordMain.runKeyword(WebUIKeywordMain.groovy:20)
	at com.kms.katalon.core.webui.keyword.builtin.CheckKeyword.check(CheckKeyword.groovy:88)
	at com.kms.katalon.core.webui.keyword.builtin.CheckKeyword.execute(CheckKeyword.groovy:67)
	at com.kms.katalon.core.keyword.internal.KeywordExecutor.executeKeywordForPlatform(KeywordExecutor.groovy:74)
	at com.kms.katalon.core.webui.keyword.WebUiBuiltInKeywords.check(WebUiBuiltInKeywords.groovy:1069)
	at com.kms.katalon.core.webui.keyword.WebUiBuiltInKeywords$check$6.call(Unknown Source)
	at Script1688676105506.run(Script1688676105506.groovy:75)
	... 13 more
)
[[ATTACHMENT|E:\\Cloned-Project-Katalon\\VPS-Katalon\\Reports\\20240515_151019\\QA\\IWP3.0\\IWP30 Smoke TestSuite\\20240515_151019\\1715801094775.png]]

2024-05-15 15:24:55 - [TEST_STEP][FAILED] - click(findTestObject("Object Repository/IWP30/Page_SelectPaymentMethod/MakePaymentButton")): Unable to click on object 'Object Repository/IWP30/Page_SelectPaymentMethod/MakePaymentButton' (Root cause: com.kms.katalon.core.exception.StepFailedException: Unable to click on object 'Object Repository/IWP30/Page_SelectPaymentMethod/MakePaymentButton'
	at com.kms.katalon.core.webui.keyword.internal.WebUIKeywordMain.stepFailed(WebUIKeywordMain.groovy:64)
	at com.kms.katalon.core.webui.keyword.internal.WebUIKeywordMain.runKeyword(WebUIKeywordMain.groovy:26)
	at com.kms.katalon.core.webui.keyword.builtin.ClickKeyword.click(ClickKeyword.groovy:74)
	at com.kms.katalon.core.webui.keyword.builtin.ClickKeyword.execute(ClickKeyword.groovy:40)
	at com.kms.katalon.core.keyword.internal.KeywordExecutor.executeKeywordForPlatform(KeywordExecutor.groovy:74)
	at com.kms.katalon.core.webui.keyword.WebUiBuiltInKeywords.click(WebUiBuiltInKeywords.groovy:620)
	at com.kms.katalon.core.webui.keyword.WebUiBuiltInKeywords$click$3.call(Unknown Source)
	at NoModifyAmountCC.run(NoModifyAmountCC:77)
	at com.kms.katalon.core.main.ScriptEngine.run(ScriptEngine.java:194)
	at com.kms.katalon.core.main.ScriptEngine.runScriptAsRawText(ScriptEngine.java:119)
	at com.kms.katalon.core.main.TestCaseExecutor.runScript(TestCaseExecutor.java:448)
	at com.kms.katalon.core.main.TestCaseExecutor.doExecute(TestCaseExecutor.java:439)
	at com.kms.katalon.core.main.TestCaseExecutor.processExecutionPhase(TestCaseExecutor.java:418)
	at com.kms.katalon.core.main.TestCaseExecutor.accessMainPhase(TestCaseExecutor.java:410)
	at com.kms.katalon.core.main.TestCaseExecutor.execute(TestCaseExecutor.java:285)
	at com.kms.katalon.core.common.CommonExecutor.accessTestCaseMainPhase(CommonExecutor.java:65)
	at com.kms.katalon.core.main.TestSuiteExecutor.accessTestSuiteMainPhase(TestSuiteExecutor.java:148)
	at com.kms.katalon.core.main.TestSuiteExecutor.execute(TestSuiteExecutor.java:106)
	at com.kms.katalon.core.main.TestCaseMain.startTestSuite(TestCaseMain.java:187)
	at com.kms.katalon.core.main.TestCaseMain$startTestSuite$0.call(Unknown Source)
	at TempTestSuite1715800219174.run(TempTestSuite1715800219174.groovy:35)
Caused by: com.kms.katalon.core.webui.exception.WebElementNotFoundException: Web element with id: 'Object Repository/IWP30/Page_SelectPaymentMethod/MakePaymentButton' located by '//*[@type = 'submit']' not found
	at com.kms.katalon.core.webui.common.WebUiCommonHelper.findWebElement(WebUiCommonHelper.java:1381)
	at com.kms.katalon.core.webui.keyword.internal.WebUIAbstractKeyword.findWebElement(WebUIAbstractKeyword.groovy:27)
	at com.kms.katalon.core.webui.keyword.builtin.ClickKeyword$_click_closure1.doCall(ClickKeyword.groovy:65)
	at com.kms.katalon.core.webui.keyword.builtin.ClickKeyword$_click_closure1.call(ClickKeyword.groovy)
	at com.kms.katalon.core.webui.keyword.internal.WebUIKeywordMain.runKeyword(WebUIKeywordMain.groovy:20)
	at com.kms.katalon.core.webui.keyword.builtin.ClickKeyword.click(ClickKeyword.groovy:74)
	at com.kms.katalon.core.webui.keyword.builtin.ClickKeyword.execute(ClickKeyword.groovy:40)
	at com.kms.katalon.core.keyword.internal.KeywordExecutor.executeKeywordForPlatform(KeywordExecutor.groovy:74)
	at com.kms.katalon.core.webui.keyword.WebUiBuiltInKeywords.click(WebUiBuiltInKeywords.groovy:620)
	at com.kms.katalon.core.webui.keyword.WebUiBuiltInKeywords$click$3.call(Unknown Source)
	at Script1688676105506.run(Script1688676105506.groovy:77)
	... 13 more
)

2024-05-15 15:25:26 - [MESSAGE][INFO] - Unable to find the element located by 'By.xpath: //*[@type = 'submit']'. Please recheck the objects properties to make sure the desired element is located. 

2024-05-15 15:25:26 - [MESSAGE][WARNING] - [SELF-HEALING] Failed to find element with id 'Object Repository/IWP30/Page_SelectPaymentMethod/MakePaymentButton'. Try using Self-healing.

2024-05-15 15:25:27 - [MESSAGE][INFO] - Unable to find the element located by 'By.xpath: //input[@value='Make a Payment']'. Please recheck the objects properties to make sure the desired element is located. 

2024-05-15 15:25:28 - [MESSAGE][INFO] - [SELF-HEALING] Failed Locator: '//input[@value='Make a Payment']'.

2024-05-15 15:25:28 - [MESSAGE][INFO] - [SELF-HEALING] Failed Locator: '//div[@id='pay']/input'.

2024-05-15 15:25:28 - [MESSAGE][INFO] - [SELF-HEALING] Failed Locator: '//div/input'.

2024-05-15 15:25:28 - [MESSAGE][INFO] - [SELF-HEALING] Failed Locator: '//input[@value='Make a Payment']'.

2024-05-15 15:25:28 - [MESSAGE][INFO] - [SELF-HEALING] Failed Locator: '//div[@id='pay']/input'.

2024-05-15 15:25:29 - [MESSAGE][INFO] - [SELF-HEALING] Failed Locator: '//div/input'.

2024-05-15 15:25:29 - [MESSAGE][WARNING] - [SELF-HEALING] Cannot find elements when the selector is null

2024-05-15 15:25:29 - [MESSAGE][FAILED] - Unable to click on object 'Object Repository/IWP30/Page_SelectPaymentMethod/MakePaymentButton' (Root cause: com.kms.katalon.core.exception.StepFailedException: Unable to click on object 'Object Repository/IWP30/Page_SelectPaymentMethod/MakePaymentButton'
	at com.kms.katalon.core.webui.keyword.internal.WebUIKeywordMain.stepFailed(WebUIKeywordMain.groovy:64)
	at com.kms.katalon.core.webui.keyword.internal.WebUIKeywordMain.runKeyword(WebUIKeywordMain.groovy:26)
	at com.kms.katalon.core.webui.keyword.builtin.ClickKeyword.click(ClickKeyword.groovy:74)
	at com.kms.katalon.core.webui.keyword.builtin.ClickKeyword.execute(ClickKeyword.groovy:40)
	at com.kms.katalon.core.keyword.internal.KeywordExecutor.executeKeywordForPlatform(KeywordExecutor.groovy:74)
	at com.kms.katalon.core.webui.keyword.WebUiBuiltInKeywords.click(WebUiBuiltInKeywords.groovy:620)
	at com.kms.katalon.core.webui.keyword.WebUiBuiltInKeywords$click$3.call(Unknown Source)
	at NoModifyAmountCC.run(NoModifyAmountCC:77)
	at com.kms.katalon.core.main.ScriptEngine.run(ScriptEngine.java:194)
	at com.kms.katalon.core.main.ScriptEngine.runScriptAsRawText(ScriptEngine.java:119)
	at com.kms.katalon.core.main.TestCaseExecutor.runScript(TestCaseExecutor.java:448)
	at com.kms.katalon.core.main.TestCaseExecutor.doExecute(TestCaseExecutor.java:439)
	at com.kms.katalon.core.main.TestCaseExecutor.processExecutionPhase(TestCaseExecutor.java:418)
	at com.kms.katalon.core.main.TestCaseExecutor.accessMainPhase(TestCaseExecutor.java:410)
	at com.kms.katalon.core.main.TestCaseExecutor.execute(TestCaseExecutor.java:285)
	at com.kms.katalon.core.common.CommonExecutor.accessTestCaseMainPhase(CommonExecutor.java:65)
	at com.kms.katalon.core.main.TestSuiteExecutor.accessTestSuiteMainPhase(TestSuiteExecutor.java:148)
	at com.kms.katalon.core.main.TestSuiteExecutor.execute(TestSuiteExecutor.java:106)
	at com.kms.katalon.core.main.TestCaseMain.startTestSuite(TestCaseMain.java:187)
	at com.kms.katalon.core.main.TestCaseMain$startTestSuite$0.call(Unknown Source)
	at TempTestSuite1715800219174.run(TempTestSuite1715800219174.groovy:35)
Caused by: com.kms.katalon.core.webui.exception.WebElementNotFoundException: Web element with id: 'Object Repository/IWP30/Page_SelectPaymentMethod/MakePaymentButton' located by '//*[@type = 'submit']' not found
	at com.kms.katalon.core.webui.common.WebUiCommonHelper.findWebElement(WebUiCommonHelper.java:1381)
	at com.kms.katalon.core.webui.keyword.internal.WebUIAbstractKeyword.findWebElement(WebUIAbstractKeyword.groovy:27)
	at com.kms.katalon.core.webui.keyword.builtin.ClickKeyword$_click_closure1.doCall(ClickKeyword.groovy:65)
	at com.kms.katalon.core.webui.keyword.builtin.ClickKeyword$_click_closure1.call(ClickKeyword.groovy)
	at com.kms.katalon.core.webui.keyword.internal.WebUIKeywordMain.runKeyword(WebUIKeywordMain.groovy:20)
	at com.kms.katalon.core.webui.keyword.builtin.ClickKeyword.click(ClickKeyword.groovy:74)
	at com.kms.katalon.core.webui.keyword.builtin.ClickKeyword.execute(ClickKeyword.groovy:40)
	at com.kms.katalon.core.keyword.internal.KeywordExecutor.executeKeywordForPlatform(KeywordExecutor.groovy:74)
	at com.kms.katalon.core.webui.keyword.WebUiBuiltInKeywords.click(WebUiBuiltInKeywords.groovy:620)
	at com.kms.katalon.core.webui.keyword.WebUiBuiltInKeywords$click$3.call(Unknown Source)
	at Script1688676105506.run(Script1688676105506.groovy:77)
	... 13 more
)
[[ATTACHMENT|E:\\Cloned-Project-Katalon\\VPS-Katalon\\Reports\\20240515_151019\\QA\\IWP3.0\\IWP30 Smoke TestSuite\\20240515_151019\\1715801129209.png]]

2024-05-15 15:25:29 - [TEST_STEP][FAILED] - iwpPages.ccPaymentEntryPage.setDataIWPCreditCard(row, dataFile): com.kms.katalon.core.exception.StepFailedException: com.kms.katalon.core.webui.exception.WebElementNotFoundException: Web element with id: 'Object Repository/IWP30/Page_CCPaymentEntry/Name' located by '//*[@type = 'text' and @name = 'billingName' and @alt = concat("Cardholder" , "'" , "s Name")]' not found (Root cause: com.kms.katalon.core.exception.StepFailedException: com.kms.katalon.core.webui.exception.WebElementNotFoundException: Web element with id: 'Object Repository/IWP30/Page_CCPaymentEntry/Name' located by '//*[@type = 'text' and @name = 'billingName' and @alt = concat("Cardholder" , "'" , "s Name")]' not found
	at com.kms.katalon.core.webui.keyword.internal.WebUIKeywordMain.stepFailed(WebUIKeywordMain.groovy:64)
	at com.kms.katalon.core.webui.keyword.builtin.VerifyElementPresentKeyword$_verifyElementPresent_closure1.doCall(VerifyElementPresentKeyword.groovy:85)
	at com.kms.katalon.core.webui.keyword.builtin.VerifyElementPresentKeyword$_verifyElementPresent_closure1.call(VerifyElementPresentKeyword.groovy)
	at com.kms.katalon.core.webui.keyword.internal.WebUIKeywordMain.runKeyword(WebUIKeywordMain.groovy:20)
	at com.kms.katalon.core.webui.keyword.builtin.VerifyElementPresentKeyword.verifyElementPresent(VerifyElementPresentKeyword.groovy:92)
	at com.kms.katalon.core.webui.keyword.builtin.VerifyElementPresentKeyword.execute(VerifyElementPresentKeyword.groovy:68)
	at com.kms.katalon.core.keyword.internal.KeywordExecutor.executeKeywordForPlatform(KeywordExecutor.groovy:74)
	at com.kms.katalon.core.webui.keyword.WebUiBuiltInKeywords.verifyElementPresent(WebUiBuiltInKeywords.groovy:1464)
	at com.kms.katalon.core.webui.keyword.WebUiBuiltInKeywords$verifyElementPresent$5.call(Unknown Source)
	at iwpPages.ccPaymentEntryPage.setDataIWPCreditCard(ccPaymentEntryPage.groovy:392)
	at iwpPages.ccPaymentEntryPage.invokeMethod(ccPaymentEntryPage.groovy)
	at com.kms.katalon.core.main.CustomKeywordDelegatingMetaClass.invokeStaticMethod(CustomKeywordDelegatingMetaClass.java:55)
	at NoModifyAmountCC.run(NoModifyAmountCC:81)
	at com.kms.katalon.core.main.ScriptEngine.run(ScriptEngine.java:194)
	at com.kms.katalon.core.main.ScriptEngine.runScriptAsRawText(ScriptEngine.java:119)
	at com.kms.katalon.core.main.TestCaseExecutor.runScript(TestCaseExecutor.java:448)
	at com.kms.katalon.core.main.TestCaseExecutor.doExecute(TestCaseExecutor.java:439)
	at com.kms.katalon.core.main.TestCaseExecutor.processExecutionPhase(TestCaseExecutor.java:418)
	at com.kms.katalon.core.main.TestCaseExecutor.accessMainPhase(TestCaseExecutor.java:410)
	at com.kms.katalon.core.main.TestCaseExecutor.execute(TestCaseExecutor.java:285)
	at com.kms.katalon.core.common.CommonExecutor.accessTestCaseMainPhase(CommonExecutor.java:65)
	at com.kms.katalon.core.main.TestSuiteExecutor.accessTestSuiteMainPhase(TestSuiteExecutor.java:148)
	at com.kms.katalon.core.main.TestSuiteExecutor.execute(TestSuiteExecutor.java:106)
	at com.kms.katalon.core.main.TestCaseMain.startTestSuite(TestCaseMain.java:187)
	at com.kms.katalon.core.main.TestCaseMain$startTestSuite$0.call(Unknown Source)
	at TempTestSuite1715800219174.run(TempTestSuite1715800219174.groovy:35)
)

2024-05-15 15:26:02 - [MESSAGE][INFO] - Unable to find the element located by 'By.xpath: //*[@type = 'text' and @name = 'billingName' and @alt = concat("Cardholder" , "'" , "s Name")]'. Please recheck the objects properties to make sure the desired element is located. 

2024-05-15 15:26:02 - [MESSAGE][FAILED] - com.kms.katalon.core.webui.exception.WebElementNotFoundException: Web element with id: 'Object Repository/IWP30/Page_CCPaymentEntry/Name' located by '//*[@type = 'text' and @name = 'billingName' and @alt = concat("Cardholder" , "'" , "s Name")]' not found (Root cause: com.kms.katalon.core.exception.StepFailedException: com.kms.katalon.core.webui.exception.WebElementNotFoundException: Web element with id: 'Object Repository/IWP30/Page_CCPaymentEntry/Name' located by '//*[@type = 'text' and @name = 'billingName' and @alt = concat("Cardholder" , "'" , "s Name")]' not found
	at com.kms.katalon.core.webui.keyword.internal.WebUIKeywordMain.stepFailed(WebUIKeywordMain.groovy:64)
	at com.kms.katalon.core.webui.keyword.builtin.VerifyElementPresentKeyword$_verifyElementPresent_closure1.doCall(VerifyElementPresentKeyword.groovy:85)
	at com.kms.katalon.core.webui.keyword.builtin.VerifyElementPresentKeyword$_verifyElementPresent_closure1.call(VerifyElementPresentKeyword.groovy)
	at com.kms.katalon.core.webui.keyword.internal.WebUIKeywordMain.runKeyword(WebUIKeywordMain.groovy:20)
	at com.kms.katalon.core.webui.keyword.builtin.VerifyElementPresentKeyword.verifyElementPresent(VerifyElementPresentKeyword.groovy:92)
	at com.kms.katalon.core.webui.keyword.builtin.VerifyElementPresentKeyword.execute(VerifyElementPresentKeyword.groovy:68)
	at com.kms.katalon.core.keyword.internal.KeywordExecutor.executeKeywordForPlatform(KeywordExecutor.groovy:74)
	at com.kms.katalon.core.webui.keyword.WebUiBuiltInKeywords.verifyElementPresent(WebUiBuiltInKeywords.groovy:1464)
	at com.kms.katalon.core.webui.keyword.WebUiBuiltInKeywords$verifyElementPresent$5.call(Unknown Source)
	at iwpPages.ccPaymentEntryPage.setDataIWPCreditCard(ccPaymentEntryPage.groovy:392)
	at iwpPages.ccPaymentEntryPage.invokeMethod(ccPaymentEntryPage.groovy)
	at com.kms.katalon.core.main.CustomKeywordDelegatingMetaClass.invokeStaticMethod(CustomKeywordDelegatingMetaClass.java:55)
	at NoModifyAmountCC.run(NoModifyAmountCC:81)
	at com.kms.katalon.core.main.ScriptEngine.run(ScriptEngine.java:194)
	at com.kms.katalon.core.main.ScriptEngine.runScriptAsRawText(ScriptEngine.java:119)
	at com.kms.katalon.core.main.TestCaseExecutor.runScript(TestCaseExecutor.java:448)
	at com.kms.katalon.core.main.TestCaseExecutor.doExecute(TestCaseExecutor.java:439)
	at com.kms.katalon.core.main.TestCaseExecutor.processExecutionPhase(TestCaseExecutor.java:418)
	at com.kms.katalon.core.main.TestCaseExecutor.accessMainPhase(TestCaseExecutor.java:410)
	at com.kms.katalon.core.main.TestCaseExecutor.execute(TestCaseExecutor.java:285)
	at com.kms.katalon.core.common.CommonExecutor.accessTestCaseMainPhase(CommonExecutor.java:65)
	at com.kms.katalon.core.main.TestSuiteExecutor.accessTestSuiteMainPhase(TestSuiteExecutor.java:148)
	at com.kms.katalon.core.main.TestSuiteExecutor.execute(TestSuiteExecutor.java:106)
	at com.kms.katalon.core.main.TestCaseMain.startTestSuite(TestCaseMain.java:187)
	at com.kms.katalon.core.main.TestCaseMain$startTestSuite$0.call(Unknown Source)
	at TempTestSuite1715800219174.run(TempTestSuite1715800219174.groovy:35)
)
[[ATTACHMENT|E:\\Cloned-Project-Katalon\\VPS-Katalon\\Reports\\20240515_151019\\QA\\IWP3.0\\IWP30 Smoke TestSuite\\20240515_151019\\1715801162245.png]]

2024-05-15 15:26:02 - [MESSAGE][FAILED] - com.kms.katalon.core.exception.StepFailedException: com.kms.katalon.core.webui.exception.WebElementNotFoundException: Web element with id: 'Object Repository/IWP30/Page_CCPaymentEntry/Name' located by '//*[@type = 'text' and @name = 'billingName' and @alt = concat("Cardholder" , "'" , "s Name")]' not found (Root cause: com.kms.katalon.core.exception.StepFailedException: com.kms.katalon.core.webui.exception.WebElementNotFoundException: Web element with id: 'Object Repository/IWP30/Page_CCPaymentEntry/Name' located by '//*[@type = 'text' and @name = 'billingName' and @alt = concat("Cardholder" , "'" , "s Name")]' not found
	at com.kms.katalon.core.webui.keyword.internal.WebUIKeywordMain.stepFailed(WebUIKeywordMain.groovy:64)
	at com.kms.katalon.core.webui.keyword.builtin.VerifyElementPresentKeyword$_verifyElementPresent_closure1.doCall(VerifyElementPresentKeyword.groovy:85)
	at com.kms.katalon.core.webui.keyword.builtin.VerifyElementPresentKeyword$_verifyElementPresent_closure1.call(VerifyElementPresentKeyword.groovy)
	at com.kms.katalon.core.webui.keyword.internal.WebUIKeywordMain.runKeyword(WebUIKeywordMain.groovy:20)
	at com.kms.katalon.core.webui.keyword.builtin.VerifyElementPresentKeyword.verifyElementPresent(VerifyElementPresentKeyword.groovy:92)
	at com.kms.katalon.core.webui.keyword.builtin.VerifyElementPresentKeyword.execute(VerifyElementPresentKeyword.groovy:68)
	at com.kms.katalon.core.keyword.internal.KeywordExecutor.executeKeywordForPlatform(KeywordExecutor.groovy:74)
	at com.kms.katalon.core.webui.keyword.WebUiBuiltInKeywords.verifyElementPresent(WebUiBuiltInKeywords.groovy:1464)
	at com.kms.katalon.core.webui.keyword.WebUiBuiltInKeywords$verifyElementPresent$5.call(Unknown Source)
	at iwpPages.ccPaymentEntryPage.setDataIWPCreditCard(ccPaymentEntryPage.groovy:392)
	at iwpPages.ccPaymentEntryPage.invokeMethod(ccPaymentEntryPage.groovy)
	at com.kms.katalon.core.main.CustomKeywordDelegatingMetaClass.invokeStaticMethod(CustomKeywordDelegatingMetaClass.java:55)
	at NoModifyAmountCC.run(NoModifyAmountCC:81)
	at com.kms.katalon.core.main.ScriptEngine.run(ScriptEngine.java:194)
	at com.kms.katalon.core.main.ScriptEngine.runScriptAsRawText(ScriptEngine.java:119)
	at com.kms.katalon.core.main.TestCaseExecutor.runScript(TestCaseExecutor.java:448)
	at com.kms.katalon.core.main.TestCaseExecutor.doExecute(TestCaseExecutor.java:439)
	at com.kms.katalon.core.main.TestCaseExecutor.processExecutionPhase(TestCaseExecutor.java:418)
	at com.kms.katalon.core.main.TestCaseExecutor.accessMainPhase(TestCaseExecutor.java:410)
	at com.kms.katalon.core.main.TestCaseExecutor.execute(TestCaseExecutor.java:285)
	at com.kms.katalon.core.common.CommonExecutor.accessTestCaseMainPhase(CommonExecutor.java:65)
	at com.kms.katalon.core.main.TestSuiteExecutor.accessTestSuiteMainPhase(TestSuiteExecutor.java:148)
	at com.kms.katalon.core.main.TestSuiteExecutor.execute(TestSuiteExecutor.java:106)
	at com.kms.katalon.core.main.TestCaseMain.startTestSuite(TestCaseMain.java:187)
	at com.kms.katalon.core.main.TestCaseMain$startTestSuite$0.call(Unknown Source)
	at TempTestSuite1715800219174.run(TempTestSuite1715800219174.groovy:35)
)

2024-05-15 15:26:02 - [TEST_STEP][FAILED] - click(findTestObject("Object Repository/IWP30/Page_Confirmation/ConfirmButton")): Unable to click on object 'Object Repository/IWP30/Page_Confirmation/ConfirmButton' (Root cause: com.kms.katalon.core.exception.StepFailedException: Unable to click on object 'Object Repository/IWP30/Page_Confirmation/ConfirmButton'
	at com.kms.katalon.core.webui.keyword.internal.WebUIKeywordMain.stepFailed(WebUIKeywordMain.groovy:64)
	at com.kms.katalon.core.webui.keyword.internal.WebUIKeywordMain.runKeyword(WebUIKeywordMain.groovy:26)
	at com.kms.katalon.core.webui.keyword.builtin.ClickKeyword.click(ClickKeyword.groovy:74)
	at com.kms.katalon.core.webui.keyword.builtin.ClickKeyword.execute(ClickKeyword.groovy:40)
	at com.kms.katalon.core.keyword.internal.KeywordExecutor.executeKeywordForPlatform(KeywordExecutor.groovy:74)
	at com.kms.katalon.core.webui.keyword.WebUiBuiltInKeywords.click(WebUiBuiltInKeywords.groovy:620)
	at com.kms.katalon.core.webui.keyword.WebUiBuiltInKeywords$click$3.call(Unknown Source)
	at NoModifyAmountCC.run(NoModifyAmountCC:84)
	at com.kms.katalon.core.main.ScriptEngine.run(ScriptEngine.java:194)
	at com.kms.katalon.core.main.ScriptEngine.runScriptAsRawText(ScriptEngine.java:119)
	at com.kms.katalon.core.main.TestCaseExecutor.runScript(TestCaseExecutor.java:448)
	at com.kms.katalon.core.main.TestCaseExecutor.doExecute(TestCaseExecutor.java:439)
	at com.kms.katalon.core.main.TestCaseExecutor.processExecutionPhase(TestCaseExecutor.java:418)
	at com.kms.katalon.core.main.TestCaseExecutor.accessMainPhase(TestCaseExecutor.java:410)
	at com.kms.katalon.core.main.TestCaseExecutor.execute(TestCaseExecutor.java:285)
	at com.kms.katalon.core.common.CommonExecutor.accessTestCaseMainPhase(CommonExecutor.java:65)
	at com.kms.katalon.core.main.TestSuiteExecutor.accessTestSuiteMainPhase(TestSuiteExecutor.java:148)
	at com.kms.katalon.core.main.TestSuiteExecutor.execute(TestSuiteExecutor.java:106)
	at com.kms.katalon.core.main.TestCaseMain.startTestSuite(TestCaseMain.java:187)
	at com.kms.katalon.core.main.TestCaseMain$startTestSuite$0.call(Unknown Source)
	at TempTestSuite1715800219174.run(TempTestSuite1715800219174.groovy:35)
Caused by: com.kms.katalon.core.webui.exception.WebElementNotFoundException: Web element with id: 'Object Repository/IWP30/Page_Confirmation/ConfirmButton' located by '//*[@type = 'submit' and @name = 'confirmNotifyAction' and @id = 'submitYes' and @value = 'Confirm']' not found
	at com.kms.katalon.core.webui.common.WebUiCommonHelper.findWebElement(WebUiCommonHelper.java:1381)
	at com.kms.katalon.core.webui.keyword.internal.WebUIAbstractKeyword.findWebElement(WebUIAbstractKeyword.groovy:27)
	at com.kms.katalon.core.webui.keyword.builtin.ClickKeyword$_click_closure1.doCall(ClickKeyword.groovy:65)
	at com.kms.katalon.core.webui.keyword.builtin.ClickKeyword$_click_closure1.call(ClickKeyword.groovy)
	at com.kms.katalon.core.webui.keyword.internal.WebUIKeywordMain.runKeyword(WebUIKeywordMain.groovy:20)
	at com.kms.katalon.core.webui.keyword.builtin.ClickKeyword.click(ClickKeyword.groovy:74)
	at com.kms.katalon.core.webui.keyword.builtin.ClickKeyword.execute(ClickKeyword.groovy:40)
	at com.kms.katalon.core.keyword.internal.KeywordExecutor.executeKeywordForPlatform(KeywordExecutor.groovy:74)
	at com.kms.katalon.core.webui.keyword.WebUiBuiltInKeywords.click(WebUiBuiltInKeywords.groovy:620)
	at com.kms.katalon.core.webui.keyword.WebUiBuiltInKeywords$click$3.call(Unknown Source)
	at Script1688676105506.run(Script1688676105506.groovy:84)
	... 13 more
)

2024-05-15 15:26:34 - [MESSAGE][INFO] - Unable to find the element located by 'By.xpath: //*[@type = 'submit' and @name = 'confirmNotifyAction' and @id = 'submitYes' and @value = 'Confirm']'. Please recheck the objects properties to make sure the desired element is located. 

2024-05-15 15:26:34 - [MESSAGE][WARNING] - [SELF-HEALING] Failed to find element with id 'Object Repository/IWP30/Page_Confirmation/ConfirmButton'. Try using Self-healing.

2024-05-15 15:26:35 - [MESSAGE][INFO] - Unable to find the element located by 'By.xpath: //input[@id='submitYes']'. Please recheck the objects properties to make sure the desired element is located. 

2024-05-15 15:26:35 - [MESSAGE][INFO] - [SELF-HEALING] Failed Locator: '//input[@id='submitYes']'.

2024-05-15 15:26:35 - [MESSAGE][INFO] - [SELF-HEALING] Failed Locator: '//div/input'.

2024-05-15 15:26:35 - [MESSAGE][INFO] - [SELF-HEALING] Failed Locator: '//input[@id='submitYes']'.

2024-05-15 15:26:36 - [MESSAGE][INFO] - [SELF-HEALING] Failed Locator: '//div/input'.

2024-05-15 15:26:36 - [MESSAGE][INFO] - [SELF-HEALING] Failed Locator: '//input[@id='submitYes']'.

2024-05-15 15:26:36 - [MESSAGE][INFO] - [SELF-HEALING] Failed Locator: '//div/input'.

2024-05-15 15:26:36 - [MESSAGE][WARNING] - [SELF-HEALING] Cannot find elements when the selector is null

2024-05-15 15:26:37 - [MESSAGE][FAILED] - Unable to click on object 'Object Repository/IWP30/Page_Confirmation/ConfirmButton' (Root cause: com.kms.katalon.core.exception.StepFailedException: Unable to click on object 'Object Repository/IWP30/Page_Confirmation/ConfirmButton'
	at com.kms.katalon.core.webui.keyword.internal.WebUIKeywordMain.stepFailed(WebUIKeywordMain.groovy:64)
	at com.kms.katalon.core.webui.keyword.internal.WebUIKeywordMain.runKeyword(WebUIKeywordMain.groovy:26)
	at com.kms.katalon.core.webui.keyword.builtin.ClickKeyword.click(ClickKeyword.groovy:74)
	at com.kms.katalon.core.webui.keyword.builtin.ClickKeyword.execute(ClickKeyword.groovy:40)
	at com.kms.katalon.core.keyword.internal.KeywordExecutor.executeKeywordForPlatform(KeywordExecutor.groovy:74)
	at com.kms.katalon.core.webui.keyword.WebUiBuiltInKeywords.click(WebUiBuiltInKeywords.groovy:620)
	at com.kms.katalon.core.webui.keyword.WebUiBuiltInKeywords$click$3.call(Unknown Source)
	at NoModifyAmountCC.run(NoModifyAmountCC:84)
	at com.kms.katalon.core.main.ScriptEngine.run(ScriptEngine.java:194)
	at com.kms.katalon.core.main.ScriptEngine.runScriptAsRawText(ScriptEngine.java:119)
	at com.kms.katalon.core.main.TestCaseExecutor.runScript(TestCaseExecutor.java:448)
	at com.kms.katalon.core.main.TestCaseExecutor.doExecute(TestCaseExecutor.java:439)
	at com.kms.katalon.core.main.TestCaseExecutor.processExecutionPhase(TestCaseExecutor.java:418)
	at com.kms.katalon.core.main.TestCaseExecutor.accessMainPhase(TestCaseExecutor.java:410)
	at com.kms.katalon.core.main.TestCaseExecutor.execute(TestCaseExecutor.java:285)
	at com.kms.katalon.core.common.CommonExecutor.accessTestCaseMainPhase(CommonExecutor.java:65)
	at com.kms.katalon.core.main.TestSuiteExecutor.accessTestSuiteMainPhase(TestSuiteExecutor.java:148)
	at com.kms.katalon.core.main.TestSuiteExecutor.execute(TestSuiteExecutor.java:106)
	at com.kms.katalon.core.main.TestCaseMain.startTestSuite(TestCaseMain.java:187)
	at com.kms.katalon.core.main.TestCaseMain$startTestSuite$0.call(Unknown Source)
	at TempTestSuite1715800219174.run(TempTestSuite1715800219174.groovy:35)
Caused by: com.kms.katalon.core.webui.exception.WebElementNotFoundException: Web element with id: 'Object Repository/IWP30/Page_Confirmation/ConfirmButton' located by '//*[@type = 'submit' and @name = 'confirmNotifyAction' and @id = 'submitYes' and @value = 'Confirm']' not found
	at com.kms.katalon.core.webui.common.WebUiCommonHelper.findWebElement(WebUiCommonHelper.java:1381)
	at com.kms.katalon.core.webui.keyword.internal.WebUIAbstractKeyword.findWebElement(WebUIAbstractKeyword.groovy:27)
	at com.kms.katalon.core.webui.keyword.builtin.ClickKeyword$_click_closure1.doCall(ClickKeyword.groovy:65)
	at com.kms.katalon.core.webui.keyword.builtin.ClickKeyword$_click_closure1.call(ClickKeyword.groovy)
	at com.kms.katalon.core.webui.keyword.internal.WebUIKeywordMain.runKeyword(WebUIKeywordMain.groovy:20)
	at com.kms.katalon.core.webui.keyword.builtin.ClickKeyword.click(ClickKeyword.groovy:74)
	at com.kms.katalon.core.webui.keyword.builtin.ClickKeyword.execute(ClickKeyword.groovy:40)
	at com.kms.katalon.core.keyword.internal.KeywordExecutor.executeKeywordForPlatform(KeywordExecutor.groovy:74)
	at com.kms.katalon.core.webui.keyword.WebUiBuiltInKeywords.click(WebUiBuiltInKeywords.groovy:620)
	at com.kms.katalon.core.webui.keyword.WebUiBuiltInKeywords$click$3.call(Unknown Source)
	at Script1688676105506.run(Script1688676105506.groovy:84)
	... 13 more
)
[[ATTACHMENT|E:\\Cloned-Project-Katalon\\VPS-Katalon\\Reports\\20240515_151019\\QA\\IWP3.0\\IWP30 Smoke TestSuite\\20240515_151019\\1715801196708.png]]

2024-05-15 15:26:37 - [TEST_STEP][PASSED] - Thread.sleep(10000): null

2024-05-15 15:26:47 - [TEST_STEP][FAILED] - if (verifyTextPresent("Successful Payment Receipt", false)): Text 'Successful Payment Receipt' is not present on page  (Root cause: com.kms.katalon.core.exception.StepFailedException: Text 'Successful Payment Receipt' is not present on page 
	at com.kms.katalon.core.webui.keyword.internal.WebUIKeywordMain.stepFailed(WebUIKeywordMain.groovy:64)
	at com.kms.katalon.core.webui.keyword.builtin.VerifyTextPresentKeyword$_verifyTextPresent_closure1.doCall(VerifyTextPresentKeyword.groovy:79)
	at com.kms.katalon.core.webui.keyword.builtin.VerifyTextPresentKeyword$_verifyTextPresent_closure1.call(VerifyTextPresentKeyword.groovy)
	at com.kms.katalon.core.webui.keyword.internal.WebUIKeywordMain.runKeyword(WebUIKeywordMain.groovy:20)
	at com.kms.katalon.core.webui.keyword.builtin.VerifyTextPresentKeyword.verifyTextPresent(VerifyTextPresentKeyword.groovy:83)
	at com.kms.katalon.core.webui.keyword.builtin.VerifyTextPresentKeyword.execute(VerifyTextPresentKeyword.groovy:68)
	at com.kms.katalon.core.keyword.internal.KeywordExecutor.executeKeywordForPlatform(KeywordExecutor.groovy:74)
	at com.kms.katalon.core.webui.keyword.WebUiBuiltInKeywords.verifyTextPresent(WebUiBuiltInKeywords.groovy:1723)
	at com.kms.katalon.core.webui.keyword.WebUiBuiltInKeywords$verifyTextPresent$8.call(Unknown Source)
	at NoModifyAmountCC.run(NoModifyAmountCC:89)
	at com.kms.katalon.core.main.ScriptEngine.run(ScriptEngine.java:194)
	at com.kms.katalon.core.main.ScriptEngine.runScriptAsRawText(ScriptEngine.java:119)
	at com.kms.katalon.core.main.TestCaseExecutor.runScript(TestCaseExecutor.java:448)
	at com.kms.katalon.core.main.TestCaseExecutor.doExecute(TestCaseExecutor.java:439)
	at com.kms.katalon.core.main.TestCaseExecutor.processExecutionPhase(TestCaseExecutor.java:418)
	at com.kms.katalon.core.main.TestCaseExecutor.accessMainPhase(TestCaseExecutor.java:410)
	at com.kms.katalon.core.main.TestCaseExecutor.execute(TestCaseExecutor.java:285)
	at com.kms.katalon.core.common.CommonExecutor.accessTestCaseMainPhase(CommonExecutor.java:65)
	at com.kms.katalon.core.main.TestSuiteExecutor.accessTestSuiteMainPhase(TestSuiteExecutor.java:148)
	at com.kms.katalon.core.main.TestSuiteExecutor.execute(TestSuiteExecutor.java:106)
	at com.kms.katalon.core.main.TestCaseMain.startTestSuite(TestCaseMain.java:187)
	at com.kms.katalon.core.main.TestCaseMain$startTestSuite$0.call(Unknown Source)
	at TempTestSuite1715800219174.run(TempTestSuite1715800219174.groovy:35)
)

2024-05-15 15:26:47 - [MESSAGE][FAILED] - Text 'Successful Payment Receipt' is not present on page  (Root cause: com.kms.katalon.core.exception.StepFailedException: Text 'Successful Payment Receipt' is not present on page 
	at com.kms.katalon.core.webui.keyword.internal.WebUIKeywordMain.stepFailed(WebUIKeywordMain.groovy:64)
	at com.kms.katalon.core.webui.keyword.builtin.VerifyTextPresentKeyword$_verifyTextPresent_closure1.doCall(VerifyTextPresentKeyword.groovy:79)
	at com.kms.katalon.core.webui.keyword.builtin.VerifyTextPresentKeyword$_verifyTextPresent_closure1.call(VerifyTextPresentKeyword.groovy)
	at com.kms.katalon.core.webui.keyword.internal.WebUIKeywordMain.runKeyword(WebUIKeywordMain.groovy:20)
	at com.kms.katalon.core.webui.keyword.builtin.VerifyTextPresentKeyword.verifyTextPresent(VerifyTextPresentKeyword.groovy:83)
	at com.kms.katalon.core.webui.keyword.builtin.VerifyTextPresentKeyword.execute(VerifyTextPresentKeyword.groovy:68)
	at com.kms.katalon.core.keyword.internal.KeywordExecutor.executeKeywordForPlatform(KeywordExecutor.groovy:74)
	at com.kms.katalon.core.webui.keyword.WebUiBuiltInKeywords.verifyTextPresent(WebUiBuiltInKeywords.groovy:1723)
	at com.kms.katalon.core.webui.keyword.WebUiBuiltInKeywords$verifyTextPresent$8.call(Unknown Source)
	at NoModifyAmountCC.run(NoModifyAmountCC:89)
	at com.kms.katalon.core.main.ScriptEngine.run(ScriptEngine.java:194)
	at com.kms.katalon.core.main.ScriptEngine.runScriptAsRawText(ScriptEngine.java:119)
	at com.kms.katalon.core.main.TestCaseExecutor.runScript(TestCaseExecutor.java:448)
	at com.kms.katalon.core.main.TestCaseExecutor.doExecute(TestCaseExecutor.java:439)
	at com.kms.katalon.core.main.TestCaseExecutor.processExecutionPhase(TestCaseExecutor.java:418)
	at com.kms.katalon.core.main.TestCaseExecutor.accessMainPhase(TestCaseExecutor.java:410)
	at com.kms.katalon.core.main.TestCaseExecutor.execute(TestCaseExecutor.java:285)
	at com.kms.katalon.core.common.CommonExecutor.accessTestCaseMainPhase(CommonExecutor.java:65)
	at com.kms.katalon.core.main.TestSuiteExecutor.accessTestSuiteMainPhase(TestSuiteExecutor.java:148)
	at com.kms.katalon.core.main.TestSuiteExecutor.execute(TestSuiteExecutor.java:106)
	at com.kms.katalon.core.main.TestCaseMain.startTestSuite(TestCaseMain.java:187)
	at com.kms.katalon.core.main.TestCaseMain$startTestSuite$0.call(Unknown Source)
	at TempTestSuite1715800219174.run(TempTestSuite1715800219174.groovy:35)
)

2024-05-15 15:26:47 - [TEST_STEP][FAILED] - else: null

2024-05-15 15:26:47 - [TEST_STEP][PASSED] - println("Successful Payment Receipt text is not present on the Receipt page"): null

2024-05-15 15:26:47 - [TEST_STEP][FAILED] - markFailed("Error on Page is : " + getText(findTestObject("Object Repository/IWP30/Page_Receipt/div_ReceiptSourceCode"))): Error on Page is : Make a Real Estate Payment
Lorem ipsum dolor sit amet, consectetuer adipiscing elit, sed diam nonummy nibh euismod tincidunt ut laoreet dolore magna aliquam erat volutpat. Ut wisi enim ad minim veniam, quis nostrud exerci tation ullamcorper suscipit lobortis nisl ut aliquip ex ea commodo consequat.


TestvRelayNoModifyAmount - Error
The following error occurred:
Transaction cannot be processed [trouble connecting to server for verification]
Please  click here to continue.


Debug Information ():

2024-05-15 15:26:48 - [MESSAGE][PASSED] - Text of object 'Object Repository/IWP30/Page_Receipt/div_ReceiptSourceCode' is: 'Make a Real Estate Payment
Lorem ipsum dolor sit amet, consectetuer adipiscing elit, sed diam nonummy nibh euismod tincidunt ut laoreet dolore magna aliquam erat volutpat. Ut wisi enim ad minim veniam, quis nostrud exerci tation ullamcorper suscipit lobortis nisl ut aliquip ex ea commodo consequat.


TestvRelayNoModifyAmount - Error
The following error occurred:
Transaction cannot be processed [trouble connecting to server for verification]
Please  click here to continue.


Debug Information ():'

2024-05-15 15:26:48 - [MESSAGE][FAILED] - Error on Page is : Make a Real Estate Payment
Lorem ipsum dolor sit amet, consectetuer adipiscing elit, sed diam nonummy nibh euismod tincidunt ut laoreet dolore magna aliquam erat volutpat. Ut wisi enim ad minim veniam, quis nostrud exerci tation ullamcorper suscipit lobortis nisl ut aliquip ex ea commodo consequat.


TestvRelayNoModifyAmount - Error
The following error occurred:
Transaction cannot be processed [trouble connecting to server for verification]
Please  click here to continue.


Debug Information ():

2024-05-15 15:26:48 - [TEST_STEP][PASSED] - resText = "Fail": null

2024-05-15 15:26:48 - [TEST_STEP][PASSED] - pages.WriteExcel.demoKey(resText, datText, resColumn, datCloumn, fileLoc, nameSheet, row): pages.WriteExcel.demoKey is PASSED

2024-05-15 15:26:48 - [MESSAGE][PASSED] - pages.WriteExcel.demoKey is PASSED

2024-05-15 15:26:48 - [TEST_STEP][PASSED] - println(getText(findTestObject("Object Repository/IWP30/Page_Receipt/div_ReceiptSourceCode"))): Text of object 'Object Repository/IWP30/Page_Receipt/div_ReceiptSourceCode' is: 'Make a Real Estate Payment
Lorem ipsum dolor sit amet, consectetuer adipiscing elit, sed diam nonummy nibh euismod tincidunt ut laoreet dolore magna aliquam erat volutpat. Ut wisi enim ad minim veniam, quis nostrud exerci tation ullamcorper suscipit lobortis nisl ut aliquip ex ea commodo consequat.


TestvRelayNoModifyAmount - Error
The following error occurred:
Transaction cannot be processed [trouble connecting to server for verification]
Please  click here to continue.


Debug Information ():'

2024-05-15 15:26:48 - [MESSAGE][PASSED] - Text of object 'Object Repository/IWP30/Page_Receipt/div_ReceiptSourceCode' is: 'Make a Real Estate Payment
Lorem ipsum dolor sit amet, consectetuer adipiscing elit, sed diam nonummy nibh euismod tincidunt ut laoreet dolore magna aliquam erat volutpat. Ut wisi enim ad minim veniam, quis nostrud exerci tation ullamcorper suscipit lobortis nisl ut aliquip ex ea commodo consequat.


TestvRelayNoModifyAmount - Error
The following error occurred:
Transaction cannot be processed [trouble connecting to server for verification]
Please  click here to continue.


Debug Information ():'

2024-05-15 15:26:48 - [TEST_STEP][PASSED] - closeBrowser(): Browser is closed

2024-05-15 15:26:49 - [MESSAGE][PASSED] - Browser is closed]]></system-out>
         <system-err><![CDATA[2024-05-15 15:23:50 - [TEST_CASE][FAILED] - Test Cases/IntegratedWeb/IWP30/Payments/NoModifyAmountCC: Test Cases/IntegratedWeb/IWP30/Payments/NoModifyAmountCC FAILED.
Reason:
com.kms.katalon.core.exception.StepFailedException: Unable to check object 'Object Repository/IWP30/Page_SelectPaymentMethod/PayByCreditCard' (Root cause: com.kms.katalon.core.exception.StepFailedException: Unable to check object 'Object Repository/IWP30/Page_SelectPaymentMethod/PayByCreditCard'
	at com.kms.katalon.core.webui.keyword.internal.WebUIKeywordMain.stepFailed(WebUIKeywordMain.groovy:64)
	at com.kms.katalon.core.webui.keyword.internal.WebUIKeywordMain.runKeyword(WebUIKeywordMain.groovy:26)
	at com.kms.katalon.core.webui.keyword.builtin.CheckKeyword.check(CheckKeyword.groovy:88)
	at com.kms.katalon.core.webui.keyword.builtin.CheckKeyword.execute(CheckKeyword.groovy:67)
	at com.kms.katalon.core.keyword.internal.KeywordExecutor.executeKeywordForPlatform(KeywordExecutor.groovy:74)
	at com.kms.katalon.core.webui.keyword.WebUiBuiltInKeywords.check(WebUiBuiltInKeywords.groovy:1069)
	at com.kms.katalon.core.webui.keyword.WebUiBuiltInKeywords$check$6.call(Unknown Source)
	at NoModifyAmountCC.run(NoModifyAmountCC:75)
	at com.kms.katalon.core.main.ScriptEngine.run(ScriptEngine.java:194)
	at com.kms.katalon.core.main.ScriptEngine.runScriptAsRawText(ScriptEngine.java:119)
	at com.kms.katalon.core.main.TestCaseExecutor.runScript(TestCaseExecutor.java:448)
	at com.kms.katalon.core.main.TestCaseExecutor.doExecute(TestCaseExecutor.java:439)
	at com.kms.katalon.core.main.TestCaseExecutor.processExecutionPhase(TestCaseExecutor.java:418)
	at com.kms.katalon.core.main.TestCaseExecutor.accessMainPhase(TestCaseExecutor.java:410)
	at com.kms.katalon.core.main.TestCaseExecutor.execute(TestCaseExecutor.java:285)
	at com.kms.katalon.core.common.CommonExecutor.accessTestCaseMainPhase(CommonExecutor.java:65)
	at com.kms.katalon.core.main.TestSuiteExecutor.accessTestSuiteMainPhase(TestSuiteExecutor.java:148)
	at com.kms.katalon.core.main.TestSuiteExecutor.execute(TestSuiteExecutor.java:106)
	at com.kms.katalon.core.main.TestCaseMain.startTestSuite(TestCaseMain.java:187)
	at com.kms.katalon.core.main.TestCaseMain$startTestSuite$0.call(Unknown Source)
	at TempTestSuite1715800219174.run(TempTestSuite1715800219174.groovy:35)
Caused by: com.kms.katalon.core.webui.exception.WebElementNotFoundException: Web element with id: 'Object Repository/IWP30/Page_SelectPaymentMethod/PayByCreditCard' located by '//*[@type = 'radio' and @name = 'paymentMethod' and @alt = 'Pay by Credit or Debit Card']' not found
	at com.kms.katalon.core.webui.common.WebUiCommonHelper.findWebElement(WebUiCommonHelper.java:1381)
	at com.kms.katalon.core.webui.keyword.internal.WebUIAbstractKeyword.findWebElement(WebUIAbstractKeyword.groovy:27)
	at com.kms.katalon.core.webui.keyword.internal.WebUIAbstractKeyword.findWebElement(WebUIAbstractKeyword.groovy:26)
	at com.kms.katalon.core.webui.keyword.builtin.CheckKeyword$_check_closure1.doCall(CheckKeyword.groovy:77)
	at com.kms.katalon.core.webui.keyword.builtin.CheckKeyword$_check_closure1.call(CheckKeyword.groovy)
	at com.kms.katalon.core.webui.keyword.internal.WebUIKeywordMain.runKeyword(WebUIKeywordMain.groovy:20)
	at com.kms.katalon.core.webui.keyword.builtin.CheckKeyword.check(CheckKeyword.groovy:88)
	at com.kms.katalon.core.webui.keyword.builtin.CheckKeyword.execute(CheckKeyword.groovy:67)
	at com.kms.katalon.core.keyword.internal.KeywordExecutor.executeKeywordForPlatform(KeywordExecutor.groovy:74)
	at com.kms.katalon.core.webui.keyword.WebUiBuiltInKeywords.check(WebUiBuiltInKeywords.groovy:1069)
	at com.kms.katalon.core.webui.keyword.WebUiBuiltInKeywords$check$6.call(Unknown Source)
	at Script1688676105506.run(Script1688676105506.groovy:75)
	... 13 more
)
	at com.kms.katalon.core.keyword.internal.KeywordMain.stepFailed(KeywordMain.groovy:39)
	at com.kms.katalon.core.webui.keyword.internal.WebUIKeywordMain.stepFailed(WebUIKeywordMain.groovy:64)
	at com.kms.katalon.core.webui.keyword.internal.WebUIKeywordMain.runKeyword(WebUIKeywordMain.groovy:26)
	at com.kms.katalon.core.webui.keyword.builtin.CheckKeyword.check(CheckKeyword.groovy:88)
	at com.kms.katalon.core.webui.keyword.builtin.CheckKeyword.execute(CheckKeyword.groovy:67)
	at com.kms.katalon.core.keyword.internal.KeywordExecutor.executeKeywordForPlatform(KeywordExecutor.groovy:74)
	at com.kms.katalon.core.webui.keyword.WebUiBuiltInKeywords.check(WebUiBuiltInKeywords.groovy:1069)
	at com.kms.katalon.core.webui.keyword.WebUiBuiltInKeywords$check$6.call(Unknown Source)
	at NoModifyAmountCC.run(NoModifyAmountCC:75)
	at com.kms.katalon.core.main.ScriptEngine.run(ScriptEngine.java:194)
	at com.kms.katalon.core.main.ScriptEngine.runScriptAsRawText(ScriptEngine.java:119)
	at com.kms.katalon.core.main.TestCaseExecutor.runScript(TestCaseExecutor.java:448)
	at com.kms.katalon.core.main.TestCaseExecutor.doExecute(TestCaseExecutor.java:439)
	at com.kms.katalon.core.main.TestCaseExecutor.processExecutionPhase(TestCaseExecutor.java:418)
	at com.kms.katalon.core.main.TestCaseExecutor.accessMainPhase(TestCaseExecutor.java:410)
	at com.kms.katalon.core.main.TestCaseExecutor.execute(TestCaseExecutor.java:285)
	at com.kms.katalon.core.common.CommonExecutor.accessTestCaseMainPhase(CommonExecutor.java:65)
	at com.kms.katalon.core.main.TestSuiteExecutor.accessTestSuiteMainPhase(TestSuiteExecutor.java:148)
	at com.kms.katalon.core.main.TestSuiteExecutor.execute(TestSuiteExecutor.java:106)
	at com.kms.katalon.core.main.TestCaseMain.startTestSuite(TestCaseMain.java:187)
	at com.kms.katalon.core.main.TestCaseMain$startTestSuite$0.call(Unknown Source)
	at TempTestSuite1715800219174.run(TempTestSuite1715800219174.groovy:35)
Caused by: com.kms.katalon.core.exception.StepFailedException: Unable to check object 'Object Repository/IWP30/Page_SelectPaymentMethod/PayByCreditCard'
	... 21 more
Caused by: com.kms.katalon.core.webui.exception.WebElementNotFoundException: Web element with id: 'Object Repository/IWP30/Page_SelectPaymentMethod/PayByCreditCard' located by '//*[@type = 'radio' and @name = 'paymentMethod' and @alt = 'Pay by Credit or Debit Card']' not found
	at com.kms.katalon.core.webui.common.WebUiCommonHelper.findWebElement(WebUiCommonHelper.java:1381)
	at com.kms.katalon.core.webui.keyword.internal.WebUIAbstractKeyword.findWebElement(WebUIAbstractKeyword.groovy:27)
	at com.kms.katalon.core.webui.keyword.internal.WebUIAbstractKeyword.findWebElement(WebUIAbstractKeyword.groovy:26)
	at com.kms.katalon.core.webui.keyword.builtin.CheckKeyword$_check_closure1.doCall(CheckKeyword.groovy:77)
	at com.kms.katalon.core.webui.keyword.builtin.CheckKeyword$_check_closure1.call(CheckKeyword.groovy)
	at com.kms.katalon.core.webui.keyword.internal.WebUIKeywordMain.runKeyword(WebUIKeywordMain.groovy:20)
	... 19 more]]></system-err>
      </testcase>
      <testcase name="Test Cases/IntegratedWeb/IWP30/Payments/PayNowReqFieldsCC" time="864.762" classname="Test Cases/IntegratedWeb/IWP30/Payments/PayNowReqFieldsCC" status="FAILED">
         <failure type="FAILED" message="Test Cases/IntegratedWeb/IWP30/Payments/PayNowReqFieldsCC FAILED.
Reason:
com.kms.katalon.core.exception.StepFailedException: Unable to select option by label '2023' of object 'Object Repository/IWP30/Page_CCPaymentEntry/Year'  (Root cause: com.kms.katalon.core.exception.StepFailedException: Unable to select option by label '2023' of object 'Object Repository/IWP30/Page_CCPaymentEntry/Year' 
	at com.kms.katalon.core.webui.keyword.internal.WebUIKeywordMain.stepFailed(WebUIKeywordMain.groovy:64)
	at com.kms.katalon.core.webui.keyword.internal.WebUIKeywordMain.runKeyword(WebUIKeywordMain.groovy:26)
	at com.kms.katalon.core.webui.keyword.builtin.SelectOptionByLabelKeyword.selectOptionByLabel(SelectOptionByLabelKeyword.groovy:98)
	at com.kms.katalon.core.webui.keyword.builtin.SelectOptionByLabelKeyword.execute(SelectOptionByLabelKeyword.groovy:71)
	at com.kms.katalon.core.keyword.internal.KeywordExecutor.executeKeywordForPlatform(KeywordExecutor.groovy:74)
	at com.kms.katalon.core.webui.keyword.WebUiBuiltInKeywords.selectOptionByLabel(WebUiBuiltInKeywords.groovy:1230)
	at com.kms.katalon.core.webui.keyword.WebUiBuiltInKeywords$selectOptionByLabel$7.call(Unknown Source)
	at PayNowReqFieldsCC.run(PayNowReqFieldsCC:476)
	at com.kms.katalon.core.main.ScriptEngine.run(ScriptEngine.java:194)
	at com.kms.katalon.core.main.ScriptEngine.runScriptAsRawText(ScriptEngine.java:119)
	at com.kms.katalon.core.main.TestCaseExecutor.runScript(TestCaseExecutor.java:448)
	at com.kms.katalon.core.main.TestCaseExecutor.doExecute(TestCaseExecutor.java:439)
	at com.kms.katalon.core.main.TestCaseExecutor.processExecutionPhase(TestCaseExecutor.java:418)
	at com.kms.katalon.core.main.TestCaseExecutor.accessMainPhase(TestCaseExecutor.java:410)
	at com.kms.katalon.core.main.TestCaseExecutor.execute(TestCaseExecutor.java:285)
	at com.kms.katalon.core.common.CommonExecutor.accessTestCaseMainPhase(CommonExecutor.java:65)
	at com.kms.katalon.core.main.TestSuiteExecutor.accessTestSuiteMainPhase(TestSuiteExecutor.java:148)
	at com.kms.katalon.core.main.TestSuiteExecutor.execute(TestSuiteExecutor.java:106)
	at com.kms.katalon.core.main.TestCaseMain.startTestSuite(TestCaseMain.java:187)
	at com.kms.katalon.core.main.TestCaseMain$startTestSuite$0.call(Unknown Source)
	at TempTestSuite1715800219174.run(TempTestSuite1715800219174.groovy:35)
Caused by: org.openqa.selenium.NoSuchElementException: Cannot locate element with text: 2023
For documentation on this error, please visit: https://www.seleniumhq.org/exceptions/no_such_element.html
Build info: version: '3.141.59', revision: 'e82be7d358', time: '2018-11-14T08:25:53'
System info: host: 'DESKTOP-B2QI6NS', ip: '172.31.253.185', os.name: 'Windows 10', os.arch: 'amd64', os.version: '10.0', java.version: '1.8.0_181'
Driver info: driver.version: unknown
	at org.openqa.selenium.support.ui.Select.selectByVisibleText(Select.java:147)
	at com.kms.katalon.core.webui.common.WebUiCommonHelper.selectOrDeselectOptionsByLabel(WebUiCommonHelper.java:310)
	at com.kms.katalon.core.webui.keyword.builtin.SelectOptionByLabelKeyword$_selectOptionByLabel_closure1.doCall(SelectOptionByLabelKeyword.groovy:87)
	at com.kms.katalon.core.webui.keyword.builtin.SelectOptionByLabelKeyword$_selectOptionByLabel_closure1.call(SelectOptionByLabelKeyword.groovy)
	at com.kms.katalon.core.webui.keyword.internal.WebUIKeywordMain.runKeyword(WebUIKeywordMain.groovy:20)
	at com.kms.katalon.core.webui.keyword.builtin.SelectOptionByLabelKeyword.selectOptionByLabel(SelectOptionByLabelKeyword.groovy:98)
	at com.kms.katalon.core.webui.keyword.builtin.SelectOptionByLabelKeyword.execute(SelectOptionByLabelKeyword.groovy:71)
	at com.kms.katalon.core.keyword.internal.KeywordExecutor.executeKeywordForPlatform(KeywordExecutor.groovy:74)
	at com.kms.katalon.core.webui.keyword.WebUiBuiltInKeywords.selectOptionByLabel(WebUiBuiltInKeywords.groovy:1230)
	at com.kms.katalon.core.webui.keyword.WebUiBuiltInKeywords$selectOptionByLabel$7.call(Unknown Source)
	at Script1593468708030.run(Script1593468708030.groovy:476)
	... 13 more
)
	at com.kms.katalon.core.keyword.internal.KeywordMain.stepFailed(KeywordMain.groovy:39)
	at com.kms.katalon.core.webui.keyword.internal.WebUIKeywordMain.stepFailed(WebUIKeywordMain.groovy:64)
	at com.kms.katalon.core.webui.keyword.internal.WebUIKeywordMain.runKeyword(WebUIKeywordMain.groovy:26)
	at com.kms.katalon.core.webui.keyword.builtin.SelectOptionByLabelKeyword.selectOptionByLabel(SelectOptionByLabelKeyword.groovy:98)
	at com.kms.katalon.core.webui.keyword.builtin.SelectOptionByLabelKeyword.execute(SelectOptionByLabelKeyword.groovy:71)
	at com.kms.katalon.core.keyword.internal.KeywordExecutor.executeKeywordForPlatform(KeywordExecutor.groovy:74)
	at com.kms.katalon.core.webui.keyword.WebUiBuiltInKeywords.selectOptionByLabel(WebUiBuiltInKeywords.groovy:1230)
	at com.kms.katalon.core.webui.keyword.WebUiBuiltInKeywords$selectOptionByLabel$7.call(Unknown Source)
	at PayNowReqFieldsCC.run(PayNowReqFieldsCC:476)
	at com.kms.katalon.core.main.ScriptEngine.run(ScriptEngine.java:194)
	at com.kms.katalon.core.main.ScriptEngine.runScriptAsRawText(ScriptEngine.java:119)
	at com.kms.katalon.core.main.TestCaseExecutor.runScript(TestCaseExecutor.java:448)
	at com.kms.katalon.core.main.TestCaseExecutor.doExecute(TestCaseExecutor.java:439)
	at com.kms.katalon.core.main.TestCaseExecutor.processExecutionPhase(TestCaseExecutor.java:418)
	at com.kms.katalon.core.main.TestCaseExecutor.accessMainPhase(TestCaseExecutor.java:410)
	at com.kms.katalon.core.main.TestCaseExecutor.execute(TestCaseExecutor.java:285)
	at com.kms.katalon.core.common.CommonExecutor.accessTestCaseMainPhase(CommonExecutor.java:65)
	at com.kms.katalon.core.main.TestSuiteExecutor.accessTestSuiteMainPhase(TestSuiteExecutor.java:148)
	at com.kms.katalon.core.main.TestSuiteExecutor.execute(TestSuiteExecutor.java:106)
	at com.kms.katalon.core.main.TestCaseMain.startTestSuite(TestCaseMain.java:187)
	at com.kms.katalon.core.main.TestCaseMain$startTestSuite$0.call(Unknown Source)
	at TempTestSuite1715800219174.run(TempTestSuite1715800219174.groovy:35)
Caused by: com.kms.katalon.core.exception.StepFailedException: Unable to select option by label '2023' of object 'Object Repository/IWP30/Page_CCPaymentEntry/Year' 
	... 21 more
Caused by: org.openqa.selenium.NoSuchElementException: Cannot locate element with text: 2023
For documentation on this error, please visit: https://www.seleniumhq.org/exceptions/no_such_element.html
Build info: version: '3.141.59', revision: 'e82be7d358', time: '2018-11-14T08:25:53'
System info: host: 'DESKTOP-B2QI6NS', ip: '172.31.253.185', os.name: 'Windows 10', os.arch: 'amd64', os.version: '10.0', java.version: '1.8.0_181'
Driver info: driver.version: unknown
	at org.openqa.selenium.support.ui.Select.selectByVisibleText(Select.java:147)
	at com.kms.katalon.core.webui.common.WebUiCommonHelper.selectOrDeselectOptionsByLabel(WebUiCommonHelper.java:310)
	at com.kms.katalon.core.webui.keyword.builtin.SelectOptionByLabelKeyword$_selectOptionByLabel_closure1.doCall(SelectOptionByLabelKeyword.groovy:87)
	at com.kms.katalon.core.webui.keyword.builtin.SelectOptionByLabelKeyword$_selectOptionByLabel_closure1.call(SelectOptionByLabelKeyword.groovy)
	at com.kms.katalon.core.webui.keyword.internal.WebUIKeywordMain.runKeyword(WebUIKeywordMain.groovy:20)
	... 19 more
"/>
         <system-out><![CDATA[2024-05-15 15:26:49 - [TEST_CASE][FAILED] - Test Cases/IntegratedWeb/IWP30/Payments/PayNowReqFieldsCC: Test Cases/IntegratedWeb/IWP30/Payments/PayNowReqFieldsCC FAILED.
Reason:
com.kms.katalon.core.exception.StepFailedException: Unable to select option by label '2023' of object 'Object Repository/IWP30/Page_CCPaymentEntry/Year'  (Root cause: com.kms.katalon.core.exception.StepFailedException: Unable to select option by label '2023' of object 'Object Repository/IWP30/Page_CCPaymentEntry/Year' 
	at com.kms.katalon.core.webui.keyword.internal.WebUIKeywordMain.stepFailed(WebUIKeywordMain.groovy:64)
	at com.kms.katalon.core.webui.keyword.internal.WebUIKeywordMain.runKeyword(WebUIKeywordMain.groovy:26)
	at com.kms.katalon.core.webui.keyword.builtin.SelectOptionByLabelKeyword.selectOptionByLabel(SelectOptionByLabelKeyword.groovy:98)
	at com.kms.katalon.core.webui.keyword.builtin.SelectOptionByLabelKeyword.execute(SelectOptionByLabelKeyword.groovy:71)
	at com.kms.katalon.core.keyword.internal.KeywordExecutor.executeKeywordForPlatform(KeywordExecutor.groovy:74)
	at com.kms.katalon.core.webui.keyword.WebUiBuiltInKeywords.selectOptionByLabel(WebUiBuiltInKeywords.groovy:1230)
	at com.kms.katalon.core.webui.keyword.WebUiBuiltInKeywords$selectOptionByLabel$7.call(Unknown Source)
	at PayNowReqFieldsCC.run(PayNowReqFieldsCC:476)
	at com.kms.katalon.core.main.ScriptEngine.run(ScriptEngine.java:194)
	at com.kms.katalon.core.main.ScriptEngine.runScriptAsRawText(ScriptEngine.java:119)
	at com.kms.katalon.core.main.TestCaseExecutor.runScript(TestCaseExecutor.java:448)
	at com.kms.katalon.core.main.TestCaseExecutor.doExecute(TestCaseExecutor.java:439)
	at com.kms.katalon.core.main.TestCaseExecutor.processExecutionPhase(TestCaseExecutor.java:418)
	at com.kms.katalon.core.main.TestCaseExecutor.accessMainPhase(TestCaseExecutor.java:410)
	at com.kms.katalon.core.main.TestCaseExecutor.execute(TestCaseExecutor.java:285)
	at com.kms.katalon.core.common.CommonExecutor.accessTestCaseMainPhase(CommonExecutor.java:65)
	at com.kms.katalon.core.main.TestSuiteExecutor.accessTestSuiteMainPhase(TestSuiteExecutor.java:148)
	at com.kms.katalon.core.main.TestSuiteExecutor.execute(TestSuiteExecutor.java:106)
	at com.kms.katalon.core.main.TestCaseMain.startTestSuite(TestCaseMain.java:187)
	at com.kms.katalon.core.main.TestCaseMain$startTestSuite$0.call(Unknown Source)
	at TempTestSuite1715800219174.run(TempTestSuite1715800219174.groovy:35)
Caused by: org.openqa.selenium.NoSuchElementException: Cannot locate element with text: 2023
For documentation on this error, please visit: https://www.seleniumhq.org/exceptions/no_such_element.html
Build info: version: '3.141.59', revision: 'e82be7d358', time: '2018-11-14T08:25:53'
System info: host: 'DESKTOP-B2QI6NS', ip: '172.31.253.185', os.name: 'Windows 10', os.arch: 'amd64', os.version: '10.0', java.version: '1.8.0_181'
Driver info: driver.version: unknown
	at org.openqa.selenium.support.ui.Select.selectByVisibleText(Select.java:147)
	at com.kms.katalon.core.webui.common.WebUiCommonHelper.selectOrDeselectOptionsByLabel(WebUiCommonHelper.java:310)
	at com.kms.katalon.core.webui.keyword.builtin.SelectOptionByLabelKeyword$_selectOptionByLabel_closure1.doCall(SelectOptionByLabelKeyword.groovy:87)
	at com.kms.katalon.core.webui.keyword.builtin.SelectOptionByLabelKeyword$_selectOptionByLabel_closure1.call(SelectOptionByLabelKeyword.groovy)
	at com.kms.katalon.core.webui.keyword.internal.WebUIKeywordMain.runKeyword(WebUIKeywordMain.groovy:20)
	at com.kms.katalon.core.webui.keyword.builtin.SelectOptionByLabelKeyword.selectOptionByLabel(SelectOptionByLabelKeyword.groovy:98)
	at com.kms.katalon.core.webui.keyword.builtin.SelectOptionByLabelKeyword.execute(SelectOptionByLabelKeyword.groovy:71)
	at com.kms.katalon.core.keyword.internal.KeywordExecutor.executeKeywordForPlatform(KeywordExecutor.groovy:74)
	at com.kms.katalon.core.webui.keyword.WebUiBuiltInKeywords.selectOptionByLabel(WebUiBuiltInKeywords.groovy:1230)
	at com.kms.katalon.core.webui.keyword.WebUiBuiltInKeywords$selectOptionByLabel$7.call(Unknown Source)
	at Script1593468708030.run(Script1593468708030.groovy:476)
	... 13 more
)
	at com.kms.katalon.core.keyword.internal.KeywordMain.stepFailed(KeywordMain.groovy:39)
	at com.kms.katalon.core.webui.keyword.internal.WebUIKeywordMain.stepFailed(WebUIKeywordMain.groovy:64)
	at com.kms.katalon.core.webui.keyword.internal.WebUIKeywordMain.runKeyword(WebUIKeywordMain.groovy:26)
	at com.kms.katalon.core.webui.keyword.builtin.SelectOptionByLabelKeyword.selectOptionByLabel(SelectOptionByLabelKeyword.groovy:98)
	at com.kms.katalon.core.webui.keyword.builtin.SelectOptionByLabelKeyword.execute(SelectOptionByLabelKeyword.groovy:71)
	at com.kms.katalon.core.keyword.internal.KeywordExecutor.executeKeywordForPlatform(KeywordExecutor.groovy:74)
	at com.kms.katalon.core.webui.keyword.WebUiBuiltInKeywords.selectOptionByLabel(WebUiBuiltInKeywords.groovy:1230)
	at com.kms.katalon.core.webui.keyword.WebUiBuiltInKeywords$selectOptionByLabel$7.call(Unknown Source)
	at PayNowReqFieldsCC.run(PayNowReqFieldsCC:476)
	at com.kms.katalon.core.main.ScriptEngine.run(ScriptEngine.java:194)
	at com.kms.katalon.core.main.ScriptEngine.runScriptAsRawText(ScriptEngine.java:119)
	at com.kms.katalon.core.main.TestCaseExecutor.runScript(TestCaseExecutor.java:448)
	at com.kms.katalon.core.main.TestCaseExecutor.doExecute(TestCaseExecutor.java:439)
	at com.kms.katalon.core.main.TestCaseExecutor.processExecutionPhase(TestCaseExecutor.java:418)
	at com.kms.katalon.core.main.TestCaseExecutor.accessMainPhase(TestCaseExecutor.java:410)
	at com.kms.katalon.core.main.TestCaseExecutor.execute(TestCaseExecutor.java:285)
	at com.kms.katalon.core.common.CommonExecutor.accessTestCaseMainPhase(CommonExecutor.java:65)
	at com.kms.katalon.core.main.TestSuiteExecutor.accessTestSuiteMainPhase(TestSuiteExecutor.java:148)
	at com.kms.katalon.core.main.TestSuiteExecutor.execute(TestSuiteExecutor.java:106)
	at com.kms.katalon.core.main.TestCaseMain.startTestSuite(TestCaseMain.java:187)
	at com.kms.katalon.core.main.TestCaseMain$startTestSuite$0.call(Unknown Source)
	at TempTestSuite1715800219174.run(TempTestSuite1715800219174.groovy:35)
Caused by: com.kms.katalon.core.exception.StepFailedException: Unable to select option by label '2023' of object 'Object Repository/IWP30/Page_CCPaymentEntry/Year' 
	... 21 more
Caused by: org.openqa.selenium.NoSuchElementException: Cannot locate element with text: 2023
For documentation on this error, please visit: https://www.seleniumhq.org/exceptions/no_such_element.html
Build info: version: '3.141.59', revision: 'e82be7d358', time: '2018-11-14T08:25:53'
System info: host: 'DESKTOP-B2QI6NS', ip: '172.31.253.185', os.name: 'Windows 10', os.arch: 'amd64', os.version: '10.0', java.version: '1.8.0_181'
Driver info: driver.version: unknown
	at org.openqa.selenium.support.ui.Select.selectByVisibleText(Select.java:147)
	at com.kms.katalon.core.webui.common.WebUiCommonHelper.selectOrDeselectOptionsByLabel(WebUiCommonHelper.java:310)
	at com.kms.katalon.core.webui.keyword.builtin.SelectOptionByLabelKeyword$_selectOptionByLabel_closure1.doCall(SelectOptionByLabelKeyword.groovy:87)
	at com.kms.katalon.core.webui.keyword.builtin.SelectOptionByLabelKeyword$_selectOptionByLabel_closure1.call(SelectOptionByLabelKeyword.groovy)
	at com.kms.katalon.core.webui.keyword.internal.WebUIKeywordMain.runKeyword(WebUIKeywordMain.groovy:20)
	... 19 more


2024-05-15 15:26:50 - [TEST_STEP][PASSED] - numOfRows = findTestData("IWPTestData/IWP30PayNowCC").getRowNumbers(): null

2024-05-15 15:26:50 - [TEST_STEP][PASSED] - println(numOfRows): null

2024-05-15 15:26:50 - [TEST_STEP][FAILED] - for ([row = 1, row <= numOfRows, (row++)]): null

2024-05-15 15:26:50 - [TEST_STEP][PASSED] - ExecuteTC = findTestData("IWPTestData/IWP30PayNowCC").getValue("Execute", row): null

2024-05-15 15:26:50 - [TEST_STEP][PASSED] - out.println("Value of Execute is : " + ExecuteTC): null

2024-05-15 15:26:50 - [TEST_STEP][FAILED] - if (ExecuteTC.equalsIgnoreCase("Y")): null

2024-05-15 15:26:50 - [TEST_STEP][PASSED] - out.println("Begin Record Number: " + row): null

2024-05-15 15:26:50 - [TEST_STEP][FAILED] - try: null

2024-05-15 15:26:50 - [TEST_STEP][PASSED] - MV = findTestData("IWPTestData/IWP30PayNowCC").getValue("MV", row): null

2024-05-15 15:26:50 - [TEST_STEP][PASSED] - println(MV): null

2024-05-15 15:26:50 - [TEST_STEP][PASSED] - Amount = findTestData("IWPTestData/IWP30PayNowCC").getValue("Amount", row): null

2024-05-15 15:26:50 - [TEST_STEP][PASSED] - println(Amount): null

2024-05-15 15:26:50 - [TEST_STEP][PASSED] - CAN = findTestData("IWPTestData/IWP30PayNowCC").getValue("CAN", row): null

2024-05-15 15:26:50 - [TEST_STEP][PASSED] - println(CAN): null

2024-05-15 15:26:50 - [TEST_STEP][PASSED] - Action = findTestData("IWPTestData/IWP30PayNowCC").getValue("Action", row): null

2024-05-15 15:26:50 - [TEST_STEP][PASSED] - println(Action): null

2024-05-15 15:26:50 - [TEST_STEP][PASSED] - Lang = findTestData("IWPTestData/IWP30PayNowCC").getValue("Lang", row): null

2024-05-15 15:26:50 - [TEST_STEP][PASSED] - println(Lang): null

2024-05-15 15:26:50 - [TEST_STEP][PASSED] - Fname = findTestData("IWPTestData/IWP30PayNowCC").getValue("Fname", row): null

2024-05-15 15:26:50 - [TEST_STEP][PASSED] - println(Fname): null

2024-05-15 15:26:50 - [TEST_STEP][PASSED] - Lname = findTestData("IWPTestData/IWP30PayNowCC").getValue("Lname", row): null

2024-05-15 15:26:50 - [TEST_STEP][PASSED] - println(Lname): null

2024-05-15 15:26:50 - [TEST_STEP][PASSED] - AL1 = findTestData("IWPTestData/IWP30PayNowCC").getValue("AL1", row): null

2024-05-15 15:26:50 - [TEST_STEP][PASSED] - println(AL1): null

2024-05-15 15:26:50 - [TEST_STEP][PASSED] - AL2 = findTestData("IWPTestData/IWP30PayNowCC").getValue("AL2", row): null

2024-05-15 15:26:50 - [TEST_STEP][PASSED] - println(AL2): null

2024-05-15 15:26:50 - [TEST_STEP][PASSED] - Country = findTestData("IWPTestData/IWP30PayNowCC").getValue("Country", row): null

2024-05-15 15:26:50 - [TEST_STEP][PASSED] - println(Country): null

2024-05-15 15:26:50 - [TEST_STEP][PASSED] - City = findTestData("IWPTestData/IWP30PayNowCC").getValue("City", row): null

2024-05-15 15:26:51 - [TEST_STEP][PASSED] - println(City): null

2024-05-15 15:26:51 - [TEST_STEP][PASSED] - State = findTestData("IWPTestData/IWP30PayNowCC").getValue("State", row): null

2024-05-15 15:26:51 - [TEST_STEP][PASSED] - println(State): null

2024-05-15 15:26:51 - [TEST_STEP][PASSED] - ZIP = findTestData("IWPTestData/IWP30PayNowCC").getValue("ZIP", row): null

2024-05-15 15:26:51 - [TEST_STEP][PASSED] - println(ZIP): null

2024-05-15 15:26:51 - [TEST_STEP][PASSED] - Order = findTestData("IWPTestData/IWP30PayNowCC").getValue("Order", row): null

2024-05-15 15:26:51 - [TEST_STEP][PASSED] - println(Order): null

2024-05-15 15:26:51 - [TEST_STEP][PASSED] - CompanyName = findTestData("IWPTestData/IWP30PayNowCC").getValue("CompanyName", row): null

2024-05-15 15:26:51 - [TEST_STEP][PASSED] - println(CompanyName): null

2024-05-15 15:26:51 - [TEST_STEP][PASSED] - Email = findTestData("IWPTestData/IWP30PayNowCC").getValue("Email", row): null

2024-05-15 15:26:51 - [TEST_STEP][PASSED] - println(Email): null

2024-05-15 15:26:51 - [TEST_STEP][PASSED] - UDF1 = findTestData("IWPTestData/IWP30PayNowCC").getValue("UDF1", row): null

2024-05-15 15:26:51 - [TEST_STEP][PASSED] - println(UDF1): null

2024-05-15 15:26:51 - [TEST_STEP][PASSED] - UDF2 = findTestData("IWPTestData/IWP30PayNowCC").getValue("UDF2", row): null

2024-05-15 15:26:51 - [TEST_STEP][PASSED] - println(UDF2): null

2024-05-15 15:26:51 - [TEST_STEP][PASSED] - UDF3 = findTestData("IWPTestData/IWP30PayNowCC").getValue("UDF3", row): null

2024-05-15 15:26:51 - [TEST_STEP][PASSED] - println(UDF3): null

2024-05-15 15:26:51 - [TEST_STEP][PASSED] - UDF4 = findTestData("IWPTestData/IWP30PayNowCC").getValue("UDF4", row): null

2024-05-15 15:26:51 - [TEST_STEP][PASSED] - println(UDF4): null

2024-05-15 15:26:51 - [TEST_STEP][PASSED] - UDF5 = findTestData("IWPTestData/IWP30PayNowCC").getValue("UDF5", row): null

2024-05-15 15:26:51 - [TEST_STEP][PASSED] - println(UDF5): null

2024-05-15 15:26:51 - [TEST_STEP][PASSED] - UDF6 = findTestData("IWPTestData/IWP30PayNowCC").getValue("UDF6", row): null

2024-05-15 15:26:51 - [TEST_STEP][PASSED] - println(UDF6): null

2024-05-15 15:26:51 - [TEST_STEP][PASSED] - UDF7 = findTestData("IWPTestData/IWP30PayNowCC").getValue("UDF7", row): null

2024-05-15 15:26:51 - [TEST_STEP][PASSED] - println(UDF7): null

2024-05-15 15:26:51 - [TEST_STEP][PASSED] - UDF8 = findTestData("IWPTestData/IWP30PayNowCC").getValue("UDF8", row): null

2024-05-15 15:26:51 - [TEST_STEP][PASSED] - println(UDF8): null

2024-05-15 15:26:51 - [TEST_STEP][PASSED] - UDF9 = findTestData("IWPTestData/IWP30PayNowCC").getValue("UDF9", row): null

2024-05-15 15:26:51 - [TEST_STEP][PASSED] - println(UDF9): null

2024-05-15 15:26:51 - [TEST_STEP][PASSED] - UDF10 = findTestData("IWPTestData/IWP30PayNowCC").getValue("UDF10", row): null

2024-05-15 15:26:51 - [TEST_STEP][PASSED] - println(UDF10): null

2024-05-15 15:26:51 - [TEST_STEP][PASSED] - AppID = findTestData("IWPTestData/IWP30PayNowCC").getValue("AppID", row): null

2024-05-15 15:26:51 - [TEST_STEP][PASSED] - println(AppID): null

2024-05-15 15:26:51 - [TEST_STEP][PASSED] - MessageVersion = findTestData("IWPTestData/IWP30PayNowCC").getValue("MessageVersion", row): null

2024-05-15 15:26:51 - [TEST_STEP][PASSED] - println(MessageVersion): null

2024-05-15 15:26:51 - [TEST_STEP][PASSED] - CCAmount = findTestData("IWPTestData/IWP30PayNowCC").getValue("CCAmount", row): null

2024-05-15 15:26:51 - [TEST_STEP][PASSED] - println(CCAmount): null

2024-05-15 15:26:51 - [TEST_STEP][PASSED] - CCUDF1 = findTestData("IWPTestData/IWP30PayNowCC").getValue("CCUDF1", row): null

2024-05-15 15:26:51 - [TEST_STEP][PASSED] - println(CCUDF1): null

2024-05-15 15:26:51 - [TEST_STEP][PASSED] - CCUDF2 = findTestData("IWPTestData/IWP30PayNowCC").getValue("CCUDF2", row): null

2024-05-15 15:26:51 - [TEST_STEP][PASSED] - println(CCUDF2): null

2024-05-15 15:26:51 - [TEST_STEP][PASSED] - CCUDF3 = findTestData("IWPTestData/IWP30PayNowCC").getValue("CCUDF3", row): null

2024-05-15 15:26:51 - [TEST_STEP][PASSED] - println(CCUDF3): null

2024-05-15 15:26:51 - [TEST_STEP][PASSED] - CCUDF4 = findTestData("IWPTestData/IWP30PayNowCC").getValue("CCUDF4", row): null

2024-05-15 15:26:51 - [TEST_STEP][PASSED] - println(CCUDF4): null

2024-05-15 15:26:51 - [TEST_STEP][PASSED] - CCUDF5 = findTestData("IWPTestData/IWP30PayNowCC").getValue("CCUDF5", row): null

2024-05-15 15:26:52 - [TEST_STEP][PASSED] - println(CCUDF5): null

2024-05-15 15:26:52 - [TEST_STEP][PASSED] - CCUDF6 = findTestData("IWPTestData/IWP30PayNowCC").getValue("CCUDF6", row): null

2024-05-15 15:26:52 - [TEST_STEP][PASSED] - println(CCUDF6): null

2024-05-15 15:26:52 - [TEST_STEP][PASSED] - CCUDF7 = findTestData("IWPTestData/IWP30PayNowCC").getValue("CCUDF7", row): null

2024-05-15 15:26:52 - [TEST_STEP][PASSED] - println(CCUDF7): null

2024-05-15 15:26:52 - [TEST_STEP][PASSED] - CCUDF8 = findTestData("IWPTestData/IWP30PayNowCC").getValue("CCUDF8", row): null

2024-05-15 15:26:52 - [TEST_STEP][PASSED] - println(CCUDF8): null

2024-05-15 15:26:52 - [TEST_STEP][PASSED] - CCUDF9 = findTestData("IWPTestData/IWP30PayNowCC").getValue("CCUDF9", row): null

2024-05-15 15:26:52 - [TEST_STEP][PASSED] - println(CCUDF9): null

2024-05-15 15:26:52 - [TEST_STEP][PASSED] - CCUDF10 = findTestData("IWPTestData/IWP30PayNowCC").getValue("CCUDF10", row): null

2024-05-15 15:26:52 - [TEST_STEP][PASSED] - println(CCUDF10): null

2024-05-15 15:26:52 - [TEST_STEP][PASSED] - CCName = findTestData("IWPTestData/IWP30PayNowCC").getValue("CCName", row): null

2024-05-15 15:26:52 - [TEST_STEP][PASSED] - println(CCName): null

2024-05-15 15:26:52 - [TEST_STEP][PASSED] - CCCardNum = findTestData("IWPTestData/IWP30PayNowCC").getValue("CCCardNum", row): null

2024-05-15 15:26:52 - [TEST_STEP][PASSED] - println(CCCardNum): null

2024-05-15 15:26:52 - [TEST_STEP][PASSED] - CCSPC = findTestData("IWPTestData/IWP30PayNowCC").getValue("CCSPC", row): null

2024-05-15 15:26:52 - [TEST_STEP][PASSED] - println(CCSPC): null

2024-05-15 15:26:52 - [TEST_STEP][PASSED] - CCExpM = findTestData("IWPTestData/IWP30PayNowCC").getValue("CCExpM", row): null

2024-05-15 15:26:52 - [TEST_STEP][PASSED] - println(CCExpM): null

2024-05-15 15:26:52 - [TEST_STEP][PASSED] - CCExpY = findTestData("IWPTestData/IWP30PayNowCC").getValue("CCExpY", row): null

2024-05-15 15:26:52 - [TEST_STEP][PASSED] - println(CCExpY): null

2024-05-15 15:26:52 - [TEST_STEP][PASSED] - CCDate = findTestData("IWPTestData/IWP30PayNowCC").getValue("CCDate", row): null

2024-05-15 15:26:52 - [TEST_STEP][PASSED] - println(CCDate): null

2024-05-15 15:26:52 - [TEST_STEP][PASSED] - CCAL1 = findTestData("IWPTestData/IWP30PayNowCC").getValue("CCAL1", row): null

2024-05-15 15:26:52 - [TEST_STEP][PASSED] - println(CCAL1): null

2024-05-15 15:26:52 - [TEST_STEP][PASSED] - CCAL2 = findTestData("IWPTestData/IWP30PayNowCC").getValue("CCAL2", row): null

2024-05-15 15:26:52 - [TEST_STEP][PASSED] - println(CCAL2): null

2024-05-15 15:26:52 - [TEST_STEP][PASSED] - CCZIP = findTestData("IWPTestData/IWP30PayNowCC").getValue("CCZIP", row): null

2024-05-15 15:26:52 - [TEST_STEP][PASSED] - println(CCZIP): null

2024-05-15 15:26:52 - [TEST_STEP][PASSED] - CCEmail = findTestData("IWPTestData/IWP30PayNowCC").getValue("CCEmail", row): null

2024-05-15 15:26:52 - [TEST_STEP][PASSED] - println(CCEmail): null

2024-05-15 15:26:52 - [TEST_STEP][PASSED] - openBrowser(urlEmulator): Browser is opened with url: 'https://qa2.velocitypayment.com/agency/config.do?action=editor'

2024-05-15 15:26:52 - [MESSAGE][INFO] - Starting 'Chrome' driver

2024-05-15 15:26:52 - [MESSAGE][INFO] - User set preference: ['acceptInsecureCerts', 'true']

2024-05-15 15:26:52 - [MESSAGE][INFO] - Action delay is set to 0 milliseconds

2024-05-15 15:26:55 - [MESSAGE][PASSED] - Browser is opened with url: 'https://qa2.velocitypayment.com/agency/config.do?action=editor'

2024-05-15 15:26:55 - [TEST_STEP][PASSED] - maximizeWindow(): Current window maximized

2024-05-15 15:26:55 - [MESSAGE][PASSED] - Current window maximized

2024-05-15 15:26:55 - [TEST_STEP][PASSED] - selectOptionByValue(findTestObject("IWP30/Page_VRelay30Emulator/MV"), MV, true): All options with value '3.0' are selected in object 'Object Repository/IWP30/Page_VRelay30Emulator/MV'  using regular expression

2024-05-15 15:26:57 - [MESSAGE][PASSED] - All options with value '3.0' are selected in object 'Object Repository/IWP30/Page_VRelay30Emulator/MV'  using regular expression

2024-05-15 15:26:57 - [TEST_STEP][PASSED] - setText(findTestObject("IWP30/Page_VRelay30Emulator/Amount"), Amount): Text '10.50' is set on object 'Object Repository/IWP30/Page_VRelay30Emulator/Amount'

2024-05-15 15:26:57 - [MESSAGE][PASSED] - Text '10.50' is set on object 'Object Repository/IWP30/Page_VRelay30Emulator/Amount'

2024-05-15 15:26:57 - [TEST_STEP][PASSED] - setText(findTestObject("IWP30/Page_VRelay30Emulator/CAN"), CAN): Text '26411005' is set on object 'Object Repository/IWP30/Page_VRelay30Emulator/CAN'

2024-05-15 15:26:58 - [MESSAGE][PASSED] - Text '26411005' is set on object 'Object Repository/IWP30/Page_VRelay30Emulator/CAN'

2024-05-15 15:26:58 - [TEST_STEP][PASSED] - setText(findTestObject("IWP30/Page_VRelay30Emulator/Action"), Action): Text 'PayNow' is set on object 'Object Repository/IWP30/Page_VRelay30Emulator/Action'

2024-05-15 15:26:58 - [MESSAGE][PASSED] - Text 'PayNow' is set on object 'Object Repository/IWP30/Page_VRelay30Emulator/Action'

2024-05-15 15:26:58 - [TEST_STEP][PASSED] - setText(findTestObject("IWP30/Page_VRelay30Emulator/Lang"), Lang): Text 'en_US' is set on object 'Object Repository/IWP30/Page_VRelay30Emulator/Lang'

2024-05-15 15:26:59 - [MESSAGE][PASSED] - Text 'en_US' is set on object 'Object Repository/IWP30/Page_VRelay30Emulator/Lang'

2024-05-15 15:26:59 - [TEST_STEP][PASSED] - setText(findTestObject("IWP30/Page_VRelay30Emulator/Fname"), Fname): Text '' is set on object 'Object Repository/IWP30/Page_VRelay30Emulator/Fname'

2024-05-15 15:27:00 - [MESSAGE][PASSED] - Text '' is set on object 'Object Repository/IWP30/Page_VRelay30Emulator/Fname'

2024-05-15 15:27:00 - [TEST_STEP][PASSED] - setText(findTestObject("IWP30/Page_VRelay30Emulator/Lname"), Lname): Text '' is set on object 'Object Repository/IWP30/Page_VRelay30Emulator/Lname'

2024-05-15 15:27:00 - [MESSAGE][PASSED] - Text '' is set on object 'Object Repository/IWP30/Page_VRelay30Emulator/Lname'

2024-05-15 15:27:00 - [TEST_STEP][PASSED] - setText(findTestObject("IWP30/Page_VRelay30Emulator/AL1"), AL1): Text '' is set on object 'Object Repository/IWP30/Page_VRelay30Emulator/AL1'

2024-05-15 15:27:01 - [MESSAGE][PASSED] - Text '' is set on object 'Object Repository/IWP30/Page_VRelay30Emulator/AL1'

2024-05-15 15:27:01 - [TEST_STEP][PASSED] - setText(findTestObject("IWP30/Page_VRelay30Emulator/AL2"), AL2): Text '' is set on object 'Object Repository/IWP30/Page_VRelay30Emulator/AL2'

2024-05-15 15:27:02 - [MESSAGE][PASSED] - Text '' is set on object 'Object Repository/IWP30/Page_VRelay30Emulator/AL2'

2024-05-15 15:27:02 - [TEST_STEP][PASSED] - setText(findTestObject("IWP30/Page_VRelay30Emulator/Country"), Country): Text '840' is set on object 'Object Repository/IWP30/Page_VRelay30Emulator/Country'

2024-05-15 15:27:02 - [MESSAGE][PASSED] - Text '840' is set on object 'Object Repository/IWP30/Page_VRelay30Emulator/Country'

2024-05-15 15:27:02 - [TEST_STEP][PASSED] - setText(findTestObject("IWP30/Page_VRelay30Emulator/City"), City): Text '' is set on object 'Object Repository/IWP30/Page_VRelay30Emulator/City'

2024-05-15 15:27:03 - [MESSAGE][PASSED] - Text '' is set on object 'Object Repository/IWP30/Page_VRelay30Emulator/City'

2024-05-15 15:27:03 - [TEST_STEP][PASSED] - setText(findTestObject("IWP30/Page_VRelay30Emulator/State"), State): Text '' is set on object 'Object Repository/IWP30/Page_VRelay30Emulator/State'

2024-05-15 15:27:03 - [MESSAGE][PASSED] - Text '' is set on object 'Object Repository/IWP30/Page_VRelay30Emulator/State'

2024-05-15 15:27:03 - [TEST_STEP][PASSED] - setText(findTestObject("IWP30/Page_VRelay30Emulator/ZIP"), ZIP): Text '' is set on object 'Object Repository/IWP30/Page_VRelay30Emulator/ZIP'

2024-05-15 15:27:04 - [MESSAGE][PASSED] - Text '' is set on object 'Object Repository/IWP30/Page_VRelay30Emulator/ZIP'

2024-05-15 15:27:04 - [TEST_STEP][PASSED] - setText(findTestObject("IWP30/Page_VRelay30Emulator/Order"), Order): Text '' is set on object 'Object Repository/IWP30/Page_VRelay30Emulator/Order'

2024-05-15 15:27:05 - [MESSAGE][PASSED] - Text '' is set on object 'Object Repository/IWP30/Page_VRelay30Emulator/Order'

2024-05-15 15:27:05 - [TEST_STEP][PASSED] - setText(findTestObject("IWP30/Page_VRelay30Emulator/Company"), CompanyName): Text '' is set on object 'Object Repository/IWP30/Page_VRelay30Emulator/Company'

2024-05-15 15:27:05 - [MESSAGE][PASSED] - Text '' is set on object 'Object Repository/IWP30/Page_VRelay30Emulator/Company'

2024-05-15 15:27:05 - [TEST_STEP][PASSED] - setText(findTestObject("IWP30/Page_VRelay30Emulator/Email"), Email): Text '' is set on object 'Object Repository/IWP30/Page_VRelay30Emulator/Email'

2024-05-15 15:27:06 - [MESSAGE][PASSED] - Text '' is set on object 'Object Repository/IWP30/Page_VRelay30Emulator/Email'

2024-05-15 15:27:06 - [TEST_STEP][PASSED] - setText(findTestObject("IWP30/Page_VRelay30Emulator/UDF1"), UDF1): Text '' is set on object 'Object Repository/IWP30/Page_VRelay30Emulator/UDF1'

2024-05-15 15:27:07 - [MESSAGE][PASSED] - Text '' is set on object 'Object Repository/IWP30/Page_VRelay30Emulator/UDF1'

2024-05-15 15:27:07 - [TEST_STEP][PASSED] - setText(findTestObject("IWP30/Page_VRelay30Emulator/UDF2"), UDF2): Text '' is set on object 'Object Repository/IWP30/Page_VRelay30Emulator/UDF2'

2024-05-15 15:27:07 - [MESSAGE][PASSED] - Text '' is set on object 'Object Repository/IWP30/Page_VRelay30Emulator/UDF2'

2024-05-15 15:27:07 - [TEST_STEP][PASSED] - setText(findTestObject("IWP30/Page_VRelay30Emulator/UDF3"), UDF3): Text '' is set on object 'Object Repository/IWP30/Page_VRelay30Emulator/UDF3'

2024-05-15 15:27:08 - [MESSAGE][PASSED] - Text '' is set on object 'Object Repository/IWP30/Page_VRelay30Emulator/UDF3'

2024-05-15 15:27:08 - [TEST_STEP][PASSED] - setText(findTestObject("IWP30/Page_VRelay30Emulator/UDF4"), UDF4): Text 'udf data 4' is set on object 'Object Repository/IWP30/Page_VRelay30Emulator/UDF4'

2024-05-15 15:27:09 - [MESSAGE][PASSED] - Text 'udf data 4' is set on object 'Object Repository/IWP30/Page_VRelay30Emulator/UDF4'

2024-05-15 15:27:09 - [TEST_STEP][PASSED] - setText(findTestObject("IWP30/Page_VRelay30Emulator/UDF5"), UDF5): Text 'udf data 5' is set on object 'Object Repository/IWP30/Page_VRelay30Emulator/UDF5'

2024-05-15 15:27:09 - [MESSAGE][PASSED] - Text 'udf data 5' is set on object 'Object Repository/IWP30/Page_VRelay30Emulator/UDF5'

2024-05-15 15:27:09 - [TEST_STEP][PASSED] - setText(findTestObject("IWP30/Page_VRelay30Emulator/UDF6"), UDF6): Text '' is set on object 'Object Repository/IWP30/Page_VRelay30Emulator/UDF6'

2024-05-15 15:27:10 - [MESSAGE][PASSED] - Text '' is set on object 'Object Repository/IWP30/Page_VRelay30Emulator/UDF6'

2024-05-15 15:27:10 - [TEST_STEP][PASSED] - setText(findTestObject("IWP30/Page_VRelay30Emulator/UDF7"), UDF7): Text '' is set on object 'Object Repository/IWP30/Page_VRelay30Emulator/UDF7'

2024-05-15 15:27:10 - [MESSAGE][PASSED] - Text '' is set on object 'Object Repository/IWP30/Page_VRelay30Emulator/UDF7'

2024-05-15 15:27:10 - [TEST_STEP][PASSED] - setText(findTestObject("IWP30/Page_VRelay30Emulator/UDF8"), UDF8): Text '' is set on object 'Object Repository/IWP30/Page_VRelay30Emulator/UDF8'

2024-05-15 15:27:11 - [MESSAGE][PASSED] - Text '' is set on object 'Object Repository/IWP30/Page_VRelay30Emulator/UDF8'

2024-05-15 15:27:11 - [TEST_STEP][PASSED] - setText(findTestObject("IWP30/Page_VRelay30Emulator/UDF9"), UDF9): Text 'udf data 9' is set on object 'Object Repository/IWP30/Page_VRelay30Emulator/UDF9'

2024-05-15 15:27:12 - [MESSAGE][PASSED] - Text 'udf data 9' is set on object 'Object Repository/IWP30/Page_VRelay30Emulator/UDF9'

2024-05-15 15:27:12 - [TEST_STEP][PASSED] - setText(findTestObject("IWP30/Page_VRelay30Emulator/UDF10"), UDF10): Text 'udf data 10' is set on object 'Object Repository/IWP30/Page_VRelay30Emulator/UDF10'

2024-05-15 15:27:12 - [MESSAGE][PASSED] - Text 'udf data 10' is set on object 'Object Repository/IWP30/Page_VRelay30Emulator/UDF10'

2024-05-15 15:27:12 - [TEST_STEP][PASSED] - Thread.sleep(5000): null

2024-05-15 15:27:17 - [TEST_STEP][PASSED] - click(findTestObject("IWP30/Page_VRelay30Emulator/Submit")): Object: 'Object Repository/IWP30/Page_VRelay30Emulator/Submit' is clicked on

2024-05-15 15:27:18 - [MESSAGE][PASSED] - Object: 'Object Repository/IWP30/Page_VRelay30Emulator/Submit' is clicked on

2024-05-15 15:27:18 - [TEST_STEP][PASSED] - closeBrowser(): Browser is closed

2024-05-15 15:27:19 - [MESSAGE][PASSED] - Browser is closed

2024-05-15 15:27:19 - [TEST_STEP][PASSED] - openBrowser(urlTestHarness): Browser is opened with url: 'https://dev-algorithm.govolution.com/vrelaytest/QA2/version_2_2/vrelaytest.html'

2024-05-15 15:27:19 - [MESSAGE][INFO] - Starting 'Chrome' driver

2024-05-15 15:27:19 - [MESSAGE][INFO] - User set preference: ['acceptInsecureCerts', 'true']

2024-05-15 15:27:19 - [MESSAGE][INFO] - Action delay is set to 0 milliseconds

2024-05-15 15:27:21 - [MESSAGE][PASSED] - Browser is opened with url: 'https://dev-algorithm.govolution.com/vrelaytest/QA2/version_2_2/vrelaytest.html'

2024-05-15 15:27:21 - [TEST_STEP][PASSED] - maximizeWindow(): Current window maximized

2024-05-15 15:27:21 - [MESSAGE][PASSED] - Current window maximized

2024-05-15 15:27:21 - [TEST_STEP][PASSED] - genRemIDVoid = RandomStringUtils.random(12, true, true): null

2024-05-15 15:27:21 - [TEST_STEP][PASSED] - if (verifyElementPresent(findTestObject("Object Repository/IWP30/Page_QATestHarness/RemittanceID"), 30)): null

2024-05-15 15:27:22 - [MESSAGE][PASSED] - Object 'Object Repository/IWP30/Page_QATestHarness/RemittanceID' is present

2024-05-15 15:27:22 - [TEST_STEP][PASSED] - println("We are on Test Harness page, start populating"): null

2024-05-15 15:27:22 - [TEST_STEP][PASSED] - setText(findTestObject("Object Repository/IWP30/Page_QATestHarness/ApplicationID"), AppID): Text '649' is set on object 'Object Repository/IWP30/Page_QATestHarness/ApplicationID'

2024-05-15 15:27:22 - [MESSAGE][PASSED] - Text '649' is set on object 'Object Repository/IWP30/Page_QATestHarness/ApplicationID'

2024-05-15 15:27:22 - [TEST_STEP][PASSED] - setText(findTestObject("Object Repository/IWP30/Page_QATestHarness/MessageVersion"), MessageVersion): Text '3.0' is set on object 'Object Repository/IWP30/Page_QATestHarness/MessageVersion'

2024-05-15 15:27:23 - [MESSAGE][PASSED] - Text '3.0' is set on object 'Object Repository/IWP30/Page_QATestHarness/MessageVersion'

2024-05-15 15:27:23 - [TEST_STEP][PASSED] - setText(findTestObject("Object Repository/IWP30/Page_QATestHarness/RemittanceID"), genRemIDVoid): Text '02eSjphdGzRa' is set on object 'Object Repository/IWP30/Page_QATestHarness/RemittanceID'

2024-05-15 15:27:24 - [MESSAGE][PASSED] - Text '02eSjphdGzRa' is set on object 'Object Repository/IWP30/Page_QATestHarness/RemittanceID'

2024-05-15 15:27:24 - [TEST_STEP][PASSED] - click(findTestObject("Object Repository/IWP30/Page_QATestHarness/SubmitButton")): Object: 'Object Repository/IWP30/Page_QATestHarness/SubmitButton' is clicked on

2024-05-15 15:27:25 - [MESSAGE][PASSED] - Object: 'Object Repository/IWP30/Page_QATestHarness/SubmitButton' is clicked on

2024-05-15 15:27:25 - [TEST_STEP][PASSED] - if (verifyElementPresent(findTestObject("Object Repository/IWP30/Page_SelectPaymentMethod/PayByCreditCard"), 30)): null

2024-05-15 15:27:25 - [MESSAGE][PASSED] - Object 'Object Repository/IWP30/Page_SelectPaymentMethod/PayByCreditCard' is present

2024-05-15 15:27:25 - [TEST_STEP][PASSED] - println("We are on Select Payment Method page, start populating"): null

2024-05-15 15:27:25 - [TEST_STEP][PASSED] - check(findTestObject("Object Repository/IWP30/Page_SelectPaymentMethod/PayByCreditCard")): Object 'Object Repository/IWP30/Page_SelectPaymentMethod/PayByCreditCard' is checked

2024-05-15 15:27:26 - [MESSAGE][PASSED] - Object 'Object Repository/IWP30/Page_SelectPaymentMethod/PayByCreditCard' is checked

2024-05-15 15:27:26 - [TEST_STEP][PASSED] - Thread.sleep(1000): null

2024-05-15 15:27:27 - [TEST_STEP][PASSED] - click(findTestObject("Object Repository/IWP30/Page_SelectPaymentMethod/MakePaymentButton")): Object: 'Object Repository/IWP30/Page_SelectPaymentMethod/MakePaymentButton' is clicked on

2024-05-15 15:27:28 - [MESSAGE][PASSED] - Object: 'Object Repository/IWP30/Page_SelectPaymentMethod/MakePaymentButton' is clicked on

2024-05-15 15:27:28 - [TEST_STEP][PASSED] - if (verifyElementPresent(findTestObject("Object Repository/IWP30/Page_CCPaymentEntry/Name"), 30)): null

2024-05-15 15:27:29 - [MESSAGE][PASSED] - Object 'Object Repository/IWP30/Page_CCPaymentEntry/Name' is present

2024-05-15 15:27:29 - [TEST_STEP][PASSED] - println("We are on Credit Card Payment Entry page, start populating"): null

2024-05-15 15:27:29 - [TEST_STEP][PASSED] - if (verifyElementPresent(findTestObject("Object Repository/IWP30/Page_CCPaymentEntry/Amount"), 30)): null

2024-05-15 15:27:29 - [MESSAGE][PASSED] - Object 'Object Repository/IWP30/Page_CCPaymentEntry/Amount' is present

2024-05-15 15:27:29 - [TEST_STEP][PASSED] - if (!(CCAmount.isEmpty())): Text '20.50' is set on object 'Object Repository/IWP30/Page_CCPaymentEntry/Amount'

2024-05-15 15:27:29 - [TEST_STEP][PASSED] - setText(findTestObject("Object Repository/IWP30/Page_CCPaymentEntry/Amount"), CCAmount): Text '20.50' is set on object 'Object Repository/IWP30/Page_CCPaymentEntry/Amount'

2024-05-15 15:27:30 - [MESSAGE][PASSED] - Text '20.50' is set on object 'Object Repository/IWP30/Page_CCPaymentEntry/Amount'

2024-05-15 15:27:30 - [TEST_STEP][PASSED] - if (verifyElementPresent(findTestObject("Object Repository/IWP30/Page_CCPaymentEntry/UserDefined2"), 30)): null

2024-05-15 15:27:30 - [MESSAGE][PASSED] - Object 'Object Repository/IWP30/Page_CCPaymentEntry/UserDefined2' is present

2024-05-15 15:27:30 - [TEST_STEP][PASSED] - if (!(CCUDF2.isEmpty())): Text 'Number 2' is set on object 'Object Repository/IWP30/Page_CCPaymentEntry/UserDefined2'

2024-05-15 15:27:30 - [TEST_STEP][PASSED] - setText(findTestObject("Object Repository/IWP30/Page_CCPaymentEntry/UserDefined2"), CCUDF2): Text 'Number 2' is set on object 'Object Repository/IWP30/Page_CCPaymentEntry/UserDefined2'

2024-05-15 15:27:31 - [MESSAGE][PASSED] - Text 'Number 2' is set on object 'Object Repository/IWP30/Page_CCPaymentEntry/UserDefined2'

2024-05-15 15:27:31 - [TEST_STEP][PASSED] - if (verifyElementPresent(findTestObject("Object Repository/IWP30/Page_CCPaymentEntry/UserDefined3"), 30)): null

2024-05-15 15:27:31 - [MESSAGE][PASSED] - Object 'Object Repository/IWP30/Page_CCPaymentEntry/UserDefined3' is present

2024-05-15 15:27:31 - [TEST_STEP][PASSED] - if (!(CCUDF3.isEmpty())): Text 'Number 3' is set on object 'Object Repository/IWP30/Page_CCPaymentEntry/UserDefined3'

2024-05-15 15:27:31 - [TEST_STEP][PASSED] - setText(findTestObject("Object Repository/IWP30/Page_CCPaymentEntry/UserDefined3"), CCUDF3): Text 'Number 3' is set on object 'Object Repository/IWP30/Page_CCPaymentEntry/UserDefined3'

2024-05-15 15:27:32 - [MESSAGE][PASSED] - Text 'Number 3' is set on object 'Object Repository/IWP30/Page_CCPaymentEntry/UserDefined3'

2024-05-15 15:27:32 - [TEST_STEP][PASSED] - if (verifyElementPresent(findTestObject("Object Repository/IWP30/Page_CCPaymentEntry/UserDefined7"), 30)): null

2024-05-15 15:27:32 - [MESSAGE][PASSED] - Object 'Object Repository/IWP30/Page_CCPaymentEntry/UserDefined7' is present

2024-05-15 15:27:32 - [TEST_STEP][PASSED] - if (!(CCUDF7.isEmpty())): All options with label 'Orange' are selected in object 'Object Repository/IWP30/Page_CCPaymentEntry/UserDefined7' 

2024-05-15 15:27:32 - [TEST_STEP][PASSED] - selectOptionByLabel(findTestObject("Object Repository/IWP30/Page_CCPaymentEntry/UserDefined7"), CCUDF7, false): All options with label 'Orange' are selected in object 'Object Repository/IWP30/Page_CCPaymentEntry/UserDefined7' 

2024-05-15 15:27:32 - [MESSAGE][PASSED] - All options with label 'Orange' are selected in object 'Object Repository/IWP30/Page_CCPaymentEntry/UserDefined7' 

2024-05-15 15:27:32 - [TEST_STEP][PASSED] - if (verifyElementPresent(findTestObject("Object Repository/IWP30/Page_CCPaymentEntry/UserDefined8"), 30)): null

2024-05-15 15:27:33 - [MESSAGE][PASSED] - Object 'Object Repository/IWP30/Page_CCPaymentEntry/UserDefined8' is present

2024-05-15 15:27:33 - [TEST_STEP][PASSED] - if (!(CCUDF8.isEmpty())): All options with label 'Tennis' are selected in object 'Object Repository/IWP30/Page_CCPaymentEntry/UserDefined8' 

2024-05-15 15:27:33 - [TEST_STEP][PASSED] - selectOptionByLabel(findTestObject("Object Repository/IWP30/Page_CCPaymentEntry/UserDefined8"), CCUDF8, false): All options with label 'Tennis' are selected in object 'Object Repository/IWP30/Page_CCPaymentEntry/UserDefined8' 

2024-05-15 15:27:33 - [MESSAGE][PASSED] - All options with label 'Tennis' are selected in object 'Object Repository/IWP30/Page_CCPaymentEntry/UserDefined8' 

2024-05-15 15:27:33 - [TEST_STEP][PASSED] - if (verifyElementPresent(findTestObject("Object Repository/IWP30/Page_CCPaymentEntry/Name"), 30)): null

2024-05-15 15:27:34 - [MESSAGE][PASSED] - Object 'Object Repository/IWP30/Page_CCPaymentEntry/Name' is present

2024-05-15 15:27:34 - [TEST_STEP][PASSED] - if (!(CCName.isEmpty())): Text 'Mera Naam' is set on object 'Object Repository/IWP30/Page_CCPaymentEntry/Name'

2024-05-15 15:27:34 - [TEST_STEP][PASSED] - setText(findTestObject("Object Repository/IWP30/Page_CCPaymentEntry/Name"), CCName): Text 'Mera Naam' is set on object 'Object Repository/IWP30/Page_CCPaymentEntry/Name'

2024-05-15 15:27:34 - [MESSAGE][PASSED] - Text 'Mera Naam' is set on object 'Object Repository/IWP30/Page_CCPaymentEntry/Name'

2024-05-15 15:27:34 - [TEST_STEP][PASSED] - if (verifyElementPresent(findTestObject("Object Repository/IWP30/Page_CCPaymentEntry/CardNumber"), 30)): null

2024-05-15 15:27:35 - [MESSAGE][PASSED] - Object 'Object Repository/IWP30/Page_CCPaymentEntry/CardNumber' is present

2024-05-15 15:27:35 - [TEST_STEP][PASSED] - if (!(CCCardNum.isEmpty())): Text '4111111111111111' is set on object 'Object Repository/IWP30/Page_CCPaymentEntry/CardNumber'

2024-05-15 15:27:35 - [TEST_STEP][PASSED] - setText(findTestObject("Object Repository/IWP30/Page_CCPaymentEntry/CardNumber"), CCCardNum): Text '4111111111111111' is set on object 'Object Repository/IWP30/Page_CCPaymentEntry/CardNumber'

2024-05-15 15:27:35 - [MESSAGE][PASSED] - Text '4111111111111111' is set on object 'Object Repository/IWP30/Page_CCPaymentEntry/CardNumber'

2024-05-15 15:27:35 - [TEST_STEP][PASSED] - if (verifyElementPresent(findTestObject("Object Repository/IWP30/Page_CCPaymentEntry/SPC"), 30)): null

2024-05-15 15:27:36 - [MESSAGE][PASSED] - Object 'Object Repository/IWP30/Page_CCPaymentEntry/SPC' is present

2024-05-15 15:27:36 - [TEST_STEP][PASSED] - if (!(CCSPC.isEmpty())): Text '123' is set on object 'Object Repository/IWP30/Page_CCPaymentEntry/SPC'

2024-05-15 15:27:36 - [TEST_STEP][PASSED] - setText(findTestObject("Object Repository/IWP30/Page_CCPaymentEntry/SPC"), CCSPC): Text '123' is set on object 'Object Repository/IWP30/Page_CCPaymentEntry/SPC'

2024-05-15 15:27:36 - [MESSAGE][PASSED] - Text '123' is set on object 'Object Repository/IWP30/Page_CCPaymentEntry/SPC'

2024-05-15 15:27:36 - [TEST_STEP][PASSED] - if (verifyElementPresent(findTestObject("Object Repository/IWP30/Page_CCPaymentEntry/Month"), 30)): null

2024-05-15 15:27:37 - [MESSAGE][PASSED] - Object 'Object Repository/IWP30/Page_CCPaymentEntry/Month' is present

2024-05-15 15:27:37 - [TEST_STEP][PASSED] - if (!(CCExpM.isEmpty())): All options with label '09' are selected in object 'Object Repository/IWP30/Page_CCPaymentEntry/Month' 

2024-05-15 15:27:37 - [TEST_STEP][PASSED] - selectOptionByLabel(findTestObject("Object Repository/IWP30/Page_CCPaymentEntry/Month"), CCExpM, false): All options with label '09' are selected in object 'Object Repository/IWP30/Page_CCPaymentEntry/Month' 

2024-05-15 15:27:37 - [MESSAGE][PASSED] - All options with label '09' are selected in object 'Object Repository/IWP30/Page_CCPaymentEntry/Month' 

2024-05-15 15:27:37 - [TEST_STEP][PASSED] - if (verifyElementPresent(findTestObject("Object Repository/IWP30/Page_CCPaymentEntry/Year"), 30)): null

2024-05-15 15:27:38 - [MESSAGE][PASSED] - Object 'Object Repository/IWP30/Page_CCPaymentEntry/Year' is present

2024-05-15 15:27:38 - [TEST_STEP][FAILED] - if (!(CCExpY.isEmpty())): Unable to select option by label '2023' of object 'Object Repository/IWP30/Page_CCPaymentEntry/Year'  (Root cause: com.kms.katalon.core.exception.StepFailedException: Unable to select option by label '2023' of object 'Object Repository/IWP30/Page_CCPaymentEntry/Year' 
	at com.kms.katalon.core.webui.keyword.internal.WebUIKeywordMain.stepFailed(WebUIKeywordMain.groovy:64)
	at com.kms.katalon.core.webui.keyword.internal.WebUIKeywordMain.runKeyword(WebUIKeywordMain.groovy:26)
	at com.kms.katalon.core.webui.keyword.builtin.SelectOptionByLabelKeyword.selectOptionByLabel(SelectOptionByLabelKeyword.groovy:98)
	at com.kms.katalon.core.webui.keyword.builtin.SelectOptionByLabelKeyword.execute(SelectOptionByLabelKeyword.groovy:71)
	at com.kms.katalon.core.keyword.internal.KeywordExecutor.executeKeywordForPlatform(KeywordExecutor.groovy:74)
	at com.kms.katalon.core.webui.keyword.WebUiBuiltInKeywords.selectOptionByLabel(WebUiBuiltInKeywords.groovy:1230)
	at com.kms.katalon.core.webui.keyword.WebUiBuiltInKeywords$selectOptionByLabel$7.call(Unknown Source)
	at PayNowReqFieldsCC.run(PayNowReqFieldsCC:476)
	at com.kms.katalon.core.main.ScriptEngine.run(ScriptEngine.java:194)
	at com.kms.katalon.core.main.ScriptEngine.runScriptAsRawText(ScriptEngine.java:119)
	at com.kms.katalon.core.main.TestCaseExecutor.runScript(TestCaseExecutor.java:448)
	at com.kms.katalon.core.main.TestCaseExecutor.doExecute(TestCaseExecutor.java:439)
	at com.kms.katalon.core.main.TestCaseExecutor.processExecutionPhase(TestCaseExecutor.java:418)
	at com.kms.katalon.core.main.TestCaseExecutor.accessMainPhase(TestCaseExecutor.java:410)
	at com.kms.katalon.core.main.TestCaseExecutor.execute(TestCaseExecutor.java:285)
	at com.kms.katalon.core.common.CommonExecutor.accessTestCaseMainPhase(CommonExecutor.java:65)
	at com.kms.katalon.core.main.TestSuiteExecutor.accessTestSuiteMainPhase(TestSuiteExecutor.java:148)
	at com.kms.katalon.core.main.TestSuiteExecutor.execute(TestSuiteExecutor.java:106)
	at com.kms.katalon.core.main.TestCaseMain.startTestSuite(TestCaseMain.java:187)
	at com.kms.katalon.core.main.TestCaseMain$startTestSuite$0.call(Unknown Source)
	at TempTestSuite1715800219174.run(TempTestSuite1715800219174.groovy:35)
Caused by: org.openqa.selenium.NoSuchElementException: Cannot locate element with text: 2023
For documentation on this error, please visit: https://www.seleniumhq.org/exceptions/no_such_element.html
Build info: version: '3.141.59', revision: 'e82be7d358', time: '2018-11-14T08:25:53'
System info: host: 'DESKTOP-B2QI6NS', ip: '172.31.253.185', os.name: 'Windows 10', os.arch: 'amd64', os.version: '10.0', java.version: '1.8.0_181'
Driver info: driver.version: unknown
	at org.openqa.selenium.support.ui.Select.selectByVisibleText(Select.java:147)
	at com.kms.katalon.core.webui.common.WebUiCommonHelper.selectOrDeselectOptionsByLabel(WebUiCommonHelper.java:310)
	at com.kms.katalon.core.webui.keyword.builtin.SelectOptionByLabelKeyword$_selectOptionByLabel_closure1.doCall(SelectOptionByLabelKeyword.groovy:87)
	at com.kms.katalon.core.webui.keyword.builtin.SelectOptionByLabelKeyword$_selectOptionByLabel_closure1.call(SelectOptionByLabelKeyword.groovy)
	at com.kms.katalon.core.webui.keyword.internal.WebUIKeywordMain.runKeyword(WebUIKeywordMain.groovy:20)
	at com.kms.katalon.core.webui.keyword.builtin.SelectOptionByLabelKeyword.selectOptionByLabel(SelectOptionByLabelKeyword.groovy:98)
	at com.kms.katalon.core.webui.keyword.builtin.SelectOptionByLabelKeyword.execute(SelectOptionByLabelKeyword.groovy:71)
	at com.kms.katalon.core.keyword.internal.KeywordExecutor.executeKeywordForPlatform(KeywordExecutor.groovy:74)
	at com.kms.katalon.core.webui.keyword.WebUiBuiltInKeywords.selectOptionByLabel(WebUiBuiltInKeywords.groovy:1230)
	at com.kms.katalon.core.webui.keyword.WebUiBuiltInKeywords$selectOptionByLabel$7.call(Unknown Source)
	at Script1593468708030.run(Script1593468708030.groovy:476)
	... 13 more
)

2024-05-15 15:27:38 - [TEST_STEP][FAILED] - selectOptionByLabel(findTestObject("Object Repository/IWP30/Page_CCPaymentEntry/Year"), CCExpY, false): Unable to select option by label '2023' of object 'Object Repository/IWP30/Page_CCPaymentEntry/Year'  (Root cause: com.kms.katalon.core.exception.StepFailedException: Unable to select option by label '2023' of object 'Object Repository/IWP30/Page_CCPaymentEntry/Year' 
	at com.kms.katalon.core.webui.keyword.internal.WebUIKeywordMain.stepFailed(WebUIKeywordMain.groovy:64)
	at com.kms.katalon.core.webui.keyword.internal.WebUIKeywordMain.runKeyword(WebUIKeywordMain.groovy:26)
	at com.kms.katalon.core.webui.keyword.builtin.SelectOptionByLabelKeyword.selectOptionByLabel(SelectOptionByLabelKeyword.groovy:98)
	at com.kms.katalon.core.webui.keyword.builtin.SelectOptionByLabelKeyword.execute(SelectOptionByLabelKeyword.groovy:71)
	at com.kms.katalon.core.keyword.internal.KeywordExecutor.executeKeywordForPlatform(KeywordExecutor.groovy:74)
	at com.kms.katalon.core.webui.keyword.WebUiBuiltInKeywords.selectOptionByLabel(WebUiBuiltInKeywords.groovy:1230)
	at com.kms.katalon.core.webui.keyword.WebUiBuiltInKeywords$selectOptionByLabel$7.call(Unknown Source)
	at PayNowReqFieldsCC.run(PayNowReqFieldsCC:476)
	at com.kms.katalon.core.main.ScriptEngine.run(ScriptEngine.java:194)
	at com.kms.katalon.core.main.ScriptEngine.runScriptAsRawText(ScriptEngine.java:119)
	at com.kms.katalon.core.main.TestCaseExecutor.runScript(TestCaseExecutor.java:448)
	at com.kms.katalon.core.main.TestCaseExecutor.doExecute(TestCaseExecutor.java:439)
	at com.kms.katalon.core.main.TestCaseExecutor.processExecutionPhase(TestCaseExecutor.java:418)
	at com.kms.katalon.core.main.TestCaseExecutor.accessMainPhase(TestCaseExecutor.java:410)
	at com.kms.katalon.core.main.TestCaseExecutor.execute(TestCaseExecutor.java:285)
	at com.kms.katalon.core.common.CommonExecutor.accessTestCaseMainPhase(CommonExecutor.java:65)
	at com.kms.katalon.core.main.TestSuiteExecutor.accessTestSuiteMainPhase(TestSuiteExecutor.java:148)
	at com.kms.katalon.core.main.TestSuiteExecutor.execute(TestSuiteExecutor.java:106)
	at com.kms.katalon.core.main.TestCaseMain.startTestSuite(TestCaseMain.java:187)
	at com.kms.katalon.core.main.TestCaseMain$startTestSuite$0.call(Unknown Source)
	at TempTestSuite1715800219174.run(TempTestSuite1715800219174.groovy:35)
Caused by: org.openqa.selenium.NoSuchElementException: Cannot locate element with text: 2023
For documentation on this error, please visit: https://www.seleniumhq.org/exceptions/no_such_element.html
Build info: version: '3.141.59', revision: 'e82be7d358', time: '2018-11-14T08:25:53'
System info: host: 'DESKTOP-B2QI6NS', ip: '172.31.253.185', os.name: 'Windows 10', os.arch: 'amd64', os.version: '10.0', java.version: '1.8.0_181'
Driver info: driver.version: unknown
	at org.openqa.selenium.support.ui.Select.selectByVisibleText(Select.java:147)
	at com.kms.katalon.core.webui.common.WebUiCommonHelper.selectOrDeselectOptionsByLabel(WebUiCommonHelper.java:310)
	at com.kms.katalon.core.webui.keyword.builtin.SelectOptionByLabelKeyword$_selectOptionByLabel_closure1.doCall(SelectOptionByLabelKeyword.groovy:87)
	at com.kms.katalon.core.webui.keyword.builtin.SelectOptionByLabelKeyword$_selectOptionByLabel_closure1.call(SelectOptionByLabelKeyword.groovy)
	at com.kms.katalon.core.webui.keyword.internal.WebUIKeywordMain.runKeyword(WebUIKeywordMain.groovy:20)
	at com.kms.katalon.core.webui.keyword.builtin.SelectOptionByLabelKeyword.selectOptionByLabel(SelectOptionByLabelKeyword.groovy:98)
	at com.kms.katalon.core.webui.keyword.builtin.SelectOptionByLabelKeyword.execute(SelectOptionByLabelKeyword.groovy:71)
	at com.kms.katalon.core.keyword.internal.KeywordExecutor.executeKeywordForPlatform(KeywordExecutor.groovy:74)
	at com.kms.katalon.core.webui.keyword.WebUiBuiltInKeywords.selectOptionByLabel(WebUiBuiltInKeywords.groovy:1230)
	at com.kms.katalon.core.webui.keyword.WebUiBuiltInKeywords$selectOptionByLabel$7.call(Unknown Source)
	at Script1593468708030.run(Script1593468708030.groovy:476)
	... 13 more
)

2024-05-15 15:27:39 - [MESSAGE][FAILED] - Unable to select option by label '2023' of object 'Object Repository/IWP30/Page_CCPaymentEntry/Year'  (Root cause: com.kms.katalon.core.exception.StepFailedException: Unable to select option by label '2023' of object 'Object Repository/IWP30/Page_CCPaymentEntry/Year' 
	at com.kms.katalon.core.webui.keyword.internal.WebUIKeywordMain.stepFailed(WebUIKeywordMain.groovy:64)
	at com.kms.katalon.core.webui.keyword.internal.WebUIKeywordMain.runKeyword(WebUIKeywordMain.groovy:26)
	at com.kms.katalon.core.webui.keyword.builtin.SelectOptionByLabelKeyword.selectOptionByLabel(SelectOptionByLabelKeyword.groovy:98)
	at com.kms.katalon.core.webui.keyword.builtin.SelectOptionByLabelKeyword.execute(SelectOptionByLabelKeyword.groovy:71)
	at com.kms.katalon.core.keyword.internal.KeywordExecutor.executeKeywordForPlatform(KeywordExecutor.groovy:74)
	at com.kms.katalon.core.webui.keyword.WebUiBuiltInKeywords.selectOptionByLabel(WebUiBuiltInKeywords.groovy:1230)
	at com.kms.katalon.core.webui.keyword.WebUiBuiltInKeywords$selectOptionByLabel$7.call(Unknown Source)
	at PayNowReqFieldsCC.run(PayNowReqFieldsCC:476)
	at com.kms.katalon.core.main.ScriptEngine.run(ScriptEngine.java:194)
	at com.kms.katalon.core.main.ScriptEngine.runScriptAsRawText(ScriptEngine.java:119)
	at com.kms.katalon.core.main.TestCaseExecutor.runScript(TestCaseExecutor.java:448)
	at com.kms.katalon.core.main.TestCaseExecutor.doExecute(TestCaseExecutor.java:439)
	at com.kms.katalon.core.main.TestCaseExecutor.processExecutionPhase(TestCaseExecutor.java:418)
	at com.kms.katalon.core.main.TestCaseExecutor.accessMainPhase(TestCaseExecutor.java:410)
	at com.kms.katalon.core.main.TestCaseExecutor.execute(TestCaseExecutor.java:285)
	at com.kms.katalon.core.common.CommonExecutor.accessTestCaseMainPhase(CommonExecutor.java:65)
	at com.kms.katalon.core.main.TestSuiteExecutor.accessTestSuiteMainPhase(TestSuiteExecutor.java:148)
	at com.kms.katalon.core.main.TestSuiteExecutor.execute(TestSuiteExecutor.java:106)
	at com.kms.katalon.core.main.TestCaseMain.startTestSuite(TestCaseMain.java:187)
	at com.kms.katalon.core.main.TestCaseMain$startTestSuite$0.call(Unknown Source)
	at TempTestSuite1715800219174.run(TempTestSuite1715800219174.groovy:35)
Caused by: org.openqa.selenium.NoSuchElementException: Cannot locate element with text: 2023
For documentation on this error, please visit: https://www.seleniumhq.org/exceptions/no_such_element.html
Build info: version: '3.141.59', revision: 'e82be7d358', time: '2018-11-14T08:25:53'
System info: host: 'DESKTOP-B2QI6NS', ip: '172.31.253.185', os.name: 'Windows 10', os.arch: 'amd64', os.version: '10.0', java.version: '1.8.0_181'
Driver info: driver.version: unknown
	at org.openqa.selenium.support.ui.Select.selectByVisibleText(Select.java:147)
	at com.kms.katalon.core.webui.common.WebUiCommonHelper.selectOrDeselectOptionsByLabel(WebUiCommonHelper.java:310)
	at com.kms.katalon.core.webui.keyword.builtin.SelectOptionByLabelKeyword$_selectOptionByLabel_closure1.doCall(SelectOptionByLabelKeyword.groovy:87)
	at com.kms.katalon.core.webui.keyword.builtin.SelectOptionByLabelKeyword$_selectOptionByLabel_closure1.call(SelectOptionByLabelKeyword.groovy)
	at com.kms.katalon.core.webui.keyword.internal.WebUIKeywordMain.runKeyword(WebUIKeywordMain.groovy:20)
	at com.kms.katalon.core.webui.keyword.builtin.SelectOptionByLabelKeyword.selectOptionByLabel(SelectOptionByLabelKeyword.groovy:98)
	at com.kms.katalon.core.webui.keyword.builtin.SelectOptionByLabelKeyword.execute(SelectOptionByLabelKeyword.groovy:71)
	at com.kms.katalon.core.keyword.internal.KeywordExecutor.executeKeywordForPlatform(KeywordExecutor.groovy:74)
	at com.kms.katalon.core.webui.keyword.WebUiBuiltInKeywords.selectOptionByLabel(WebUiBuiltInKeywords.groovy:1230)
	at com.kms.katalon.core.webui.keyword.WebUiBuiltInKeywords$selectOptionByLabel$7.call(Unknown Source)
	at Script1593468708030.run(Script1593468708030.groovy:476)
	... 13 more
)
[[ATTACHMENT|E:\\Cloned-Project-Katalon\\VPS-Katalon\\Reports\\20240515_151019\\QA\\IWP3.0\\IWP30 Smoke TestSuite\\20240515_151019\\1715801258634.png]]

2024-05-15 15:27:39 - [TEST_STEP][PASSED] - if (verifyElementPresent(findTestObject("Object Repository/IWP30/Page_CCPaymentEntry/ProcessDate"), 30)): null

2024-05-15 15:27:39 - [MESSAGE][PASSED] - Object 'Object Repository/IWP30/Page_CCPaymentEntry/ProcessDate' is present

2024-05-15 15:27:39 - [TEST_STEP][PASSED] - if (!(CCDate.isEmpty())): null

2024-05-15 15:27:39 - [TEST_STEP][PASSED] - else: null

2024-05-15 15:27:39 - [TEST_STEP][PASSED] - println("CCDate is not present in the Excel Spreadsheet"): null

2024-05-15 15:27:39 - [TEST_STEP][PASSED] - if (verifyElementPresent(findTestObject("Object Repository/IWP30/Page_CCPaymentEntry/AL1"), 30)): null

2024-05-15 15:27:39 - [MESSAGE][PASSED] - Object 'Object Repository/IWP30/Page_CCPaymentEntry/AL1' is present

2024-05-15 15:27:39 - [TEST_STEP][PASSED] - if (!(CCAL1.isEmpty())): Text 'Mera AL1' is set on object 'Object Repository/IWP30/Page_CCPaymentEntry/AL1'

2024-05-15 15:27:39 - [TEST_STEP][PASSED] - setText(findTestObject("Object Repository/IWP30/Page_CCPaymentEntry/AL1"), CCAL1): Text 'Mera AL1' is set on object 'Object Repository/IWP30/Page_CCPaymentEntry/AL1'

2024-05-15 15:27:40 - [MESSAGE][PASSED] - Text 'Mera AL1' is set on object 'Object Repository/IWP30/Page_CCPaymentEntry/AL1'

2024-05-15 15:27:40 - [TEST_STEP][PASSED] - if (verifyElementPresent(findTestObject("Object Repository/IWP30/Page_CCPaymentEntry/AL2"), 30)): null

2024-05-15 15:27:40 - [MESSAGE][PASSED] - Object 'Object Repository/IWP30/Page_CCPaymentEntry/AL2' is present

2024-05-15 15:27:40 - [TEST_STEP][PASSED] - if (!(CCAL2.isEmpty())): Text 'Mera AL2' is set on object 'Object Repository/IWP30/Page_CCPaymentEntry/AL2'

2024-05-15 15:27:40 - [TEST_STEP][PASSED] - setText(findTestObject("Object Repository/IWP30/Page_CCPaymentEntry/AL2"), CCAL2): Text 'Mera AL2' is set on object 'Object Repository/IWP30/Page_CCPaymentEntry/AL2'

2024-05-15 15:27:41 - [MESSAGE][PASSED] - Text 'Mera AL2' is set on object 'Object Repository/IWP30/Page_CCPaymentEntry/AL2'

2024-05-15 15:27:41 - [TEST_STEP][PASSED] - if (verifyElementPresent(findTestObject("Object Repository/IWP30/Page_CCPaymentEntry/ZIP"), 30)): null

2024-05-15 15:27:41 - [MESSAGE][PASSED] - Object 'Object Repository/IWP30/Page_CCPaymentEntry/ZIP' is present

2024-05-15 15:27:41 - [TEST_STEP][PASSED] - if (!(CCZIP.isEmpty())): Text '21054' is set on object 'Object Repository/IWP30/Page_CCPaymentEntry/ZIP'

2024-05-15 15:27:41 - [TEST_STEP][PASSED] - setText(findTestObject("Object Repository/IWP30/Page_CCPaymentEntry/ZIP"), CCZIP): Text '21054' is set on object 'Object Repository/IWP30/Page_CCPaymentEntry/ZIP'

2024-05-15 15:27:42 - [MESSAGE][PASSED] - Text '21054' is set on object 'Object Repository/IWP30/Page_CCPaymentEntry/ZIP'

2024-05-15 15:27:42 - [TEST_STEP][PASSED] - if (verifyElementPresent(findTestObject("Object Repository/IWP30/Page_CCPaymentEntry/EmailAddress"), 30)): null

2024-05-15 15:27:42 - [MESSAGE][PASSED] - Object 'Object Repository/IWP30/Page_CCPaymentEntry/EmailAddress' is present

2024-05-15 15:27:42 - [TEST_STEP][PASSED] - if (!(CCEmail.isEmpty())): Text 'merae@gmail.com' is set on object 'Object Repository/IWP30/Page_CCPaymentEntry/EmailAddress'

2024-05-15 15:27:42 - [TEST_STEP][PASSED] - setText(findTestObject("Object Repository/IWP30/Page_CCPaymentEntry/EmailAddress"), CCEmail): Text 'merae@gmail.com' is set on object 'Object Repository/IWP30/Page_CCPaymentEntry/EmailAddress'

2024-05-15 15:27:43 - [MESSAGE][PASSED] - Text 'merae@gmail.com' is set on object 'Object Repository/IWP30/Page_CCPaymentEntry/EmailAddress'

2024-05-15 15:27:43 - [TEST_STEP][PASSED] - if (verifyElementPresent(findTestObject("Object Repository/IWP30/Page_CCPaymentEntry/TermCondCheckBox"), 30)): null

2024-05-15 15:27:43 - [MESSAGE][PASSED] - Object 'Object Repository/IWP30/Page_CCPaymentEntry/TermCondCheckBox' is present

2024-05-15 15:27:43 - [TEST_STEP][PASSED] - check(findTestObject("Object Repository/IWP30/Page_CCPaymentEntry/TermCondCheckBox")): Object 'Object Repository/IWP30/Page_CCPaymentEntry/TermCondCheckBox' is checked

2024-05-15 15:27:44 - [MESSAGE][PASSED] - Object 'Object Repository/IWP30/Page_CCPaymentEntry/TermCondCheckBox' is checked

2024-05-15 15:27:44 - [TEST_STEP][PASSED] - if (verifyElementPresent(findTestObject("Object Repository/IWP30/Page_CCPaymentEntry/ContinueButton"), 30)): null

2024-05-15 15:27:44 - [MESSAGE][PASSED] - Object 'Object Repository/IWP30/Page_CCPaymentEntry/ContinueButton' is present

2024-05-15 15:27:44 - [TEST_STEP][PASSED] - click(findTestObject("Object Repository/IWP30/Page_CCPaymentEntry/ContinueButton")): Object: 'Object Repository/IWP30/Page_CCPaymentEntry/ContinueButton' is clicked on

2024-05-15 15:27:46 - [MESSAGE][PASSED] - Object: 'Object Repository/IWP30/Page_CCPaymentEntry/ContinueButton' is clicked on

2024-05-15 15:27:46 - [TEST_STEP][FAILED] - if (verifyTextPresent("Please verify the following information", false)): Text 'Please verify the following information' is not present on page  (Root cause: com.kms.katalon.core.exception.StepFailedException: Text 'Please verify the following information' is not present on page 
	at com.kms.katalon.core.webui.keyword.internal.WebUIKeywordMain.stepFailed(WebUIKeywordMain.groovy:64)
	at com.kms.katalon.core.webui.keyword.builtin.VerifyTextPresentKeyword$_verifyTextPresent_closure1.doCall(VerifyTextPresentKeyword.groovy:79)
	at com.kms.katalon.core.webui.keyword.builtin.VerifyTextPresentKeyword$_verifyTextPresent_closure1.call(VerifyTextPresentKeyword.groovy)
	at com.kms.katalon.core.webui.keyword.internal.WebUIKeywordMain.runKeyword(WebUIKeywordMain.groovy:20)
	at com.kms.katalon.core.webui.keyword.builtin.VerifyTextPresentKeyword.verifyTextPresent(VerifyTextPresentKeyword.groovy:83)
	at com.kms.katalon.core.webui.keyword.builtin.VerifyTextPresentKeyword.execute(VerifyTextPresentKeyword.groovy:68)
	at com.kms.katalon.core.keyword.internal.KeywordExecutor.executeKeywordForPlatform(KeywordExecutor.groovy:74)
	at com.kms.katalon.core.webui.keyword.WebUiBuiltInKeywords.verifyTextPresent(WebUiBuiltInKeywords.groovy:1723)
	at com.kms.katalon.core.webui.keyword.WebUiBuiltInKeywords$verifyTextPresent$8.call(Unknown Source)
	at PayNowReqFieldsCC.run(PayNowReqFieldsCC:573)
	at com.kms.katalon.core.main.ScriptEngine.run(ScriptEngine.java:194)
	at com.kms.katalon.core.main.ScriptEngine.runScriptAsRawText(ScriptEngine.java:119)
	at com.kms.katalon.core.main.TestCaseExecutor.runScript(TestCaseExecutor.java:448)
	at com.kms.katalon.core.main.TestCaseExecutor.doExecute(TestCaseExecutor.java:439)
	at com.kms.katalon.core.main.TestCaseExecutor.processExecutionPhase(TestCaseExecutor.java:418)
	at com.kms.katalon.core.main.TestCaseExecutor.accessMainPhase(TestCaseExecutor.java:410)
	at com.kms.katalon.core.main.TestCaseExecutor.execute(TestCaseExecutor.java:285)
	at com.kms.katalon.core.common.CommonExecutor.accessTestCaseMainPhase(CommonExecutor.java:65)
	at com.kms.katalon.core.main.TestSuiteExecutor.accessTestSuiteMainPhase(TestSuiteExecutor.java:148)
	at com.kms.katalon.core.main.TestSuiteExecutor.execute(TestSuiteExecutor.java:106)
	at com.kms.katalon.core.main.TestCaseMain.startTestSuite(TestCaseMain.java:187)
	at com.kms.katalon.core.main.TestCaseMain$startTestSuite$0.call(Unknown Source)
	at TempTestSuite1715800219174.run(TempTestSuite1715800219174.groovy:35)
)

2024-05-15 15:27:46 - [MESSAGE][FAILED] - Text 'Please verify the following information' is not present on page  (Root cause: com.kms.katalon.core.exception.StepFailedException: Text 'Please verify the following information' is not present on page 
	at com.kms.katalon.core.webui.keyword.internal.WebUIKeywordMain.stepFailed(WebUIKeywordMain.groovy:64)
	at com.kms.katalon.core.webui.keyword.builtin.VerifyTextPresentKeyword$_verifyTextPresent_closure1.doCall(VerifyTextPresentKeyword.groovy:79)
	at com.kms.katalon.core.webui.keyword.builtin.VerifyTextPresentKeyword$_verifyTextPresent_closure1.call(VerifyTextPresentKeyword.groovy)
	at com.kms.katalon.core.webui.keyword.internal.WebUIKeywordMain.runKeyword(WebUIKeywordMain.groovy:20)
	at com.kms.katalon.core.webui.keyword.builtin.VerifyTextPresentKeyword.verifyTextPresent(VerifyTextPresentKeyword.groovy:83)
	at com.kms.katalon.core.webui.keyword.builtin.VerifyTextPresentKeyword.execute(VerifyTextPresentKeyword.groovy:68)
	at com.kms.katalon.core.keyword.internal.KeywordExecutor.executeKeywordForPlatform(KeywordExecutor.groovy:74)
	at com.kms.katalon.core.webui.keyword.WebUiBuiltInKeywords.verifyTextPresent(WebUiBuiltInKeywords.groovy:1723)
	at com.kms.katalon.core.webui.keyword.WebUiBuiltInKeywords$verifyTextPresent$8.call(Unknown Source)
	at PayNowReqFieldsCC.run(PayNowReqFieldsCC:573)
	at com.kms.katalon.core.main.ScriptEngine.run(ScriptEngine.java:194)
	at com.kms.katalon.core.main.ScriptEngine.runScriptAsRawText(ScriptEngine.java:119)
	at com.kms.katalon.core.main.TestCaseExecutor.runScript(TestCaseExecutor.java:448)
	at com.kms.katalon.core.main.TestCaseExecutor.doExecute(TestCaseExecutor.java:439)
	at com.kms.katalon.core.main.TestCaseExecutor.processExecutionPhase(TestCaseExecutor.java:418)
	at com.kms.katalon.core.main.TestCaseExecutor.accessMainPhase(TestCaseExecutor.java:410)
	at com.kms.katalon.core.main.TestCaseExecutor.execute(TestCaseExecutor.java:285)
	at com.kms.katalon.core.common.CommonExecutor.accessTestCaseMainPhase(CommonExecutor.java:65)
	at com.kms.katalon.core.main.TestSuiteExecutor.accessTestSuiteMainPhase(TestSuiteExecutor.java:148)
	at com.kms.katalon.core.main.TestSuiteExecutor.execute(TestSuiteExecutor.java:106)
	at com.kms.katalon.core.main.TestCaseMain.startTestSuite(TestCaseMain.java:187)
	at com.kms.katalon.core.main.TestCaseMain$startTestSuite$0.call(Unknown Source)
	at TempTestSuite1715800219174.run(TempTestSuite1715800219174.groovy:35)
)

2024-05-15 15:27:46 - [TEST_STEP][PASSED] - else: null

2024-05-15 15:27:46 - [TEST_STEP][FAILED] - if (verifyTextPresent("Is this information correct?", false)): Text 'Is this information correct?' is not present on page  (Root cause: com.kms.katalon.core.exception.StepFailedException: Text 'Is this information correct?' is not present on page 
	at com.kms.katalon.core.webui.keyword.internal.WebUIKeywordMain.stepFailed(WebUIKeywordMain.groovy:64)
	at com.kms.katalon.core.webui.keyword.builtin.VerifyTextPresentKeyword$_verifyTextPresent_closure1.doCall(VerifyTextPresentKeyword.groovy:79)
	at com.kms.katalon.core.webui.keyword.builtin.VerifyTextPresentKeyword$_verifyTextPresent_closure1.call(VerifyTextPresentKeyword.groovy)
	at com.kms.katalon.core.webui.keyword.internal.WebUIKeywordMain.runKeyword(WebUIKeywordMain.groovy:20)
	at com.kms.katalon.core.webui.keyword.builtin.VerifyTextPresentKeyword.verifyTextPresent(VerifyTextPresentKeyword.groovy:83)
	at com.kms.katalon.core.webui.keyword.builtin.VerifyTextPresentKeyword.execute(VerifyTextPresentKeyword.groovy:68)
	at com.kms.katalon.core.keyword.internal.KeywordExecutor.executeKeywordForPlatform(KeywordExecutor.groovy:74)
	at com.kms.katalon.core.webui.keyword.WebUiBuiltInKeywords.verifyTextPresent(WebUiBuiltInKeywords.groovy:1723)
	at com.kms.katalon.core.webui.keyword.WebUiBuiltInKeywords$verifyTextPresent$8.call(Unknown Source)
	at PayNowReqFieldsCC.run(PayNowReqFieldsCC:581)
	at com.kms.katalon.core.main.ScriptEngine.run(ScriptEngine.java:194)
	at com.kms.katalon.core.main.ScriptEngine.runScriptAsRawText(ScriptEngine.java:119)
	at com.kms.katalon.core.main.TestCaseExecutor.runScript(TestCaseExecutor.java:448)
	at com.kms.katalon.core.main.TestCaseExecutor.doExecute(TestCaseExecutor.java:439)
	at com.kms.katalon.core.main.TestCaseExecutor.processExecutionPhase(TestCaseExecutor.java:418)
	at com.kms.katalon.core.main.TestCaseExecutor.accessMainPhase(TestCaseExecutor.java:410)
	at com.kms.katalon.core.main.TestCaseExecutor.execute(TestCaseExecutor.java:285)
	at com.kms.katalon.core.common.CommonExecutor.accessTestCaseMainPhase(CommonExecutor.java:65)
	at com.kms.katalon.core.main.TestSuiteExecutor.accessTestSuiteMainPhase(TestSuiteExecutor.java:148)
	at com.kms.katalon.core.main.TestSuiteExecutor.execute(TestSuiteExecutor.java:106)
	at com.kms.katalon.core.main.TestCaseMain.startTestSuite(TestCaseMain.java:187)
	at com.kms.katalon.core.main.TestCaseMain$startTestSuite$0.call(Unknown Source)
	at TempTestSuite1715800219174.run(TempTestSuite1715800219174.groovy:35)
)

2024-05-15 15:27:47 - [MESSAGE][FAILED] - Text 'Is this information correct?' is not present on page  (Root cause: com.kms.katalon.core.exception.StepFailedException: Text 'Is this information correct?' is not present on page 
	at com.kms.katalon.core.webui.keyword.internal.WebUIKeywordMain.stepFailed(WebUIKeywordMain.groovy:64)
	at com.kms.katalon.core.webui.keyword.builtin.VerifyTextPresentKeyword$_verifyTextPresent_closure1.doCall(VerifyTextPresentKeyword.groovy:79)
	at com.kms.katalon.core.webui.keyword.builtin.VerifyTextPresentKeyword$_verifyTextPresent_closure1.call(VerifyTextPresentKeyword.groovy)
	at com.kms.katalon.core.webui.keyword.internal.WebUIKeywordMain.runKeyword(WebUIKeywordMain.groovy:20)
	at com.kms.katalon.core.webui.keyword.builtin.VerifyTextPresentKeyword.verifyTextPresent(VerifyTextPresentKeyword.groovy:83)
	at com.kms.katalon.core.webui.keyword.builtin.VerifyTextPresentKeyword.execute(VerifyTextPresentKeyword.groovy:68)
	at com.kms.katalon.core.keyword.internal.KeywordExecutor.executeKeywordForPlatform(KeywordExecutor.groovy:74)
	at com.kms.katalon.core.webui.keyword.WebUiBuiltInKeywords.verifyTextPresent(WebUiBuiltInKeywords.groovy:1723)
	at com.kms.katalon.core.webui.keyword.WebUiBuiltInKeywords$verifyTextPresent$8.call(Unknown Source)
	at PayNowReqFieldsCC.run(PayNowReqFieldsCC:581)
	at com.kms.katalon.core.main.ScriptEngine.run(ScriptEngine.java:194)
	at com.kms.katalon.core.main.ScriptEngine.runScriptAsRawText(ScriptEngine.java:119)
	at com.kms.katalon.core.main.TestCaseExecutor.runScript(TestCaseExecutor.java:448)
	at com.kms.katalon.core.main.TestCaseExecutor.doExecute(TestCaseExecutor.java:439)
	at com.kms.katalon.core.main.TestCaseExecutor.processExecutionPhase(TestCaseExecutor.java:418)
	at com.kms.katalon.core.main.TestCaseExecutor.accessMainPhase(TestCaseExecutor.java:410)
	at com.kms.katalon.core.main.TestCaseExecutor.execute(TestCaseExecutor.java:285)
	at com.kms.katalon.core.common.CommonExecutor.accessTestCaseMainPhase(CommonExecutor.java:65)
	at com.kms.katalon.core.main.TestSuiteExecutor.accessTestSuiteMainPhase(TestSuiteExecutor.java:148)
	at com.kms.katalon.core.main.TestSuiteExecutor.execute(TestSuiteExecutor.java:106)
	at com.kms.katalon.core.main.TestCaseMain.startTestSuite(TestCaseMain.java:187)
	at com.kms.katalon.core.main.TestCaseMain$startTestSuite$0.call(Unknown Source)
	at TempTestSuite1715800219174.run(TempTestSuite1715800219174.groovy:35)
)

2024-05-15 15:27:47 - [TEST_STEP][PASSED] - else: null

2024-05-15 15:27:47 - [TEST_STEP][PASSED] - println("Is this information correct text is not present on the Confirmation page"): null

2024-05-15 15:27:47 - [TEST_STEP][FAILED] - if (verifyElementPresent(findTestObject("Object Repository/IWP30/Page_Confirmation/ConfirmButton"), 30)): com.kms.katalon.core.webui.exception.WebElementNotFoundException: Web element with id: 'Object Repository/IWP30/Page_Confirmation/ConfirmButton' located by '//*[@type = 'submit' and @name = 'confirmNotifyAction' and @id = 'submitYes' and @value = 'Confirm']' not found (Root cause: com.kms.katalon.core.exception.StepFailedException: com.kms.katalon.core.webui.exception.WebElementNotFoundException: Web element with id: 'Object Repository/IWP30/Page_Confirmation/ConfirmButton' located by '//*[@type = 'submit' and @name = 'confirmNotifyAction' and @id = 'submitYes' and @value = 'Confirm']' not found
	at com.kms.katalon.core.webui.keyword.internal.WebUIKeywordMain.stepFailed(WebUIKeywordMain.groovy:64)
	at com.kms.katalon.core.webui.keyword.builtin.VerifyElementPresentKeyword$_verifyElementPresent_closure1.doCall(VerifyElementPresentKeyword.groovy:85)
	at com.kms.katalon.core.webui.keyword.builtin.VerifyElementPresentKeyword$_verifyElementPresent_closure1.call(VerifyElementPresentKeyword.groovy)
	at com.kms.katalon.core.webui.keyword.internal.WebUIKeywordMain.runKeyword(WebUIKeywordMain.groovy:20)
	at com.kms.katalon.core.webui.keyword.builtin.VerifyElementPresentKeyword.verifyElementPresent(VerifyElementPresentKeyword.groovy:92)
	at com.kms.katalon.core.webui.keyword.builtin.VerifyElementPresentKeyword.execute(VerifyElementPresentKeyword.groovy:68)
	at com.kms.katalon.core.keyword.internal.KeywordExecutor.executeKeywordForPlatform(KeywordExecutor.groovy:74)
	at com.kms.katalon.core.webui.keyword.WebUiBuiltInKeywords.verifyElementPresent(WebUiBuiltInKeywords.groovy:1464)
	at com.kms.katalon.core.webui.keyword.WebUiBuiltInKeywords$verifyElementPresent$5.call(Unknown Source)
	at PayNowReqFieldsCC.run(PayNowReqFieldsCC:589)
	at com.kms.katalon.core.main.ScriptEngine.run(ScriptEngine.java:194)
	at com.kms.katalon.core.main.ScriptEngine.runScriptAsRawText(ScriptEngine.java:119)
	at com.kms.katalon.core.main.TestCaseExecutor.runScript(TestCaseExecutor.java:448)
	at com.kms.katalon.core.main.TestCaseExecutor.doExecute(TestCaseExecutor.java:439)
	at com.kms.katalon.core.main.TestCaseExecutor.processExecutionPhase(TestCaseExecutor.java:418)
	at com.kms.katalon.core.main.TestCaseExecutor.accessMainPhase(TestCaseExecutor.java:410)
	at com.kms.katalon.core.main.TestCaseExecutor.execute(TestCaseExecutor.java:285)
	at com.kms.katalon.core.common.CommonExecutor.accessTestCaseMainPhase(CommonExecutor.java:65)
	at com.kms.katalon.core.main.TestSuiteExecutor.accessTestSuiteMainPhase(TestSuiteExecutor.java:148)
	at com.kms.katalon.core.main.TestSuiteExecutor.execute(TestSuiteExecutor.java:106)
	at com.kms.katalon.core.main.TestCaseMain.startTestSuite(TestCaseMain.java:187)
	at com.kms.katalon.core.main.TestCaseMain$startTestSuite$0.call(Unknown Source)
	at TempTestSuite1715800219174.run(TempTestSuite1715800219174.groovy:35)
)

2024-05-15 15:28:18 - [MESSAGE][INFO] - Unable to find the element located by 'By.xpath: //*[@type = 'submit' and @name = 'confirmNotifyAction' and @id = 'submitYes' and @value = 'Confirm']'. Please recheck the objects properties to make sure the desired element is located. 

2024-05-15 15:28:18 - [MESSAGE][FAILED] - com.kms.katalon.core.webui.exception.WebElementNotFoundException: Web element with id: 'Object Repository/IWP30/Page_Confirmation/ConfirmButton' located by '//*[@type = 'submit' and @name = 'confirmNotifyAction' and @id = 'submitYes' and @value = 'Confirm']' not found (Root cause: com.kms.katalon.core.exception.StepFailedException: com.kms.katalon.core.webui.exception.WebElementNotFoundException: Web element with id: 'Object Repository/IWP30/Page_Confirmation/ConfirmButton' located by '//*[@type = 'submit' and @name = 'confirmNotifyAction' and @id = 'submitYes' and @value = 'Confirm']' not found
	at com.kms.katalon.core.webui.keyword.internal.WebUIKeywordMain.stepFailed(WebUIKeywordMain.groovy:64)
	at com.kms.katalon.core.webui.keyword.builtin.VerifyElementPresentKeyword$_verifyElementPresent_closure1.doCall(VerifyElementPresentKeyword.groovy:85)
	at com.kms.katalon.core.webui.keyword.builtin.VerifyElementPresentKeyword$_verifyElementPresent_closure1.call(VerifyElementPresentKeyword.groovy)
	at com.kms.katalon.core.webui.keyword.internal.WebUIKeywordMain.runKeyword(WebUIKeywordMain.groovy:20)
	at com.kms.katalon.core.webui.keyword.builtin.VerifyElementPresentKeyword.verifyElementPresent(VerifyElementPresentKeyword.groovy:92)
	at com.kms.katalon.core.webui.keyword.builtin.VerifyElementPresentKeyword.execute(VerifyElementPresentKeyword.groovy:68)
	at com.kms.katalon.core.keyword.internal.KeywordExecutor.executeKeywordForPlatform(KeywordExecutor.groovy:74)
	at com.kms.katalon.core.webui.keyword.WebUiBuiltInKeywords.verifyElementPresent(WebUiBuiltInKeywords.groovy:1464)
	at com.kms.katalon.core.webui.keyword.WebUiBuiltInKeywords$verifyElementPresent$5.call(Unknown Source)
	at PayNowReqFieldsCC.run(PayNowReqFieldsCC:589)
	at com.kms.katalon.core.main.ScriptEngine.run(ScriptEngine.java:194)
	at com.kms.katalon.core.main.ScriptEngine.runScriptAsRawText(ScriptEngine.java:119)
	at com.kms.katalon.core.main.TestCaseExecutor.runScript(TestCaseExecutor.java:448)
	at com.kms.katalon.core.main.TestCaseExecutor.doExecute(TestCaseExecutor.java:439)
	at com.kms.katalon.core.main.TestCaseExecutor.processExecutionPhase(TestCaseExecutor.java:418)
	at com.kms.katalon.core.main.TestCaseExecutor.accessMainPhase(TestCaseExecutor.java:410)
	at com.kms.katalon.core.main.TestCaseExecutor.execute(TestCaseExecutor.java:285)
	at com.kms.katalon.core.common.CommonExecutor.accessTestCaseMainPhase(CommonExecutor.java:65)
	at com.kms.katalon.core.main.TestSuiteExecutor.accessTestSuiteMainPhase(TestSuiteExecutor.java:148)
	at com.kms.katalon.core.main.TestSuiteExecutor.execute(TestSuiteExecutor.java:106)
	at com.kms.katalon.core.main.TestCaseMain.startTestSuite(TestCaseMain.java:187)
	at com.kms.katalon.core.main.TestCaseMain$startTestSuite$0.call(Unknown Source)
	at TempTestSuite1715800219174.run(TempTestSuite1715800219174.groovy:35)
)
[[ATTACHMENT|E:\\Cloned-Project-Katalon\\VPS-Katalon\\Reports\\20240515_151019\\QA\\IWP3.0\\IWP30 Smoke TestSuite\\20240515_151019\\1715801298271.png]]

2024-05-15 15:28:18 - [TEST_STEP][PASSED] - else: null

2024-05-15 15:28:18 - [TEST_STEP][PASSED] - println("Confirm button is missing on the Confirmation page"): null

2024-05-15 15:28:18 - [TEST_STEP][PASSED] - Thread.sleep(10000): null

2024-05-15 15:28:28 - [TEST_STEP][FAILED] - if (verifyTextPresent("Successful Payment Receipt", false)): Text 'Successful Payment Receipt' is not present on page  (Root cause: com.kms.katalon.core.exception.StepFailedException: Text 'Successful Payment Receipt' is not present on page 
	at com.kms.katalon.core.webui.keyword.internal.WebUIKeywordMain.stepFailed(WebUIKeywordMain.groovy:64)
	at com.kms.katalon.core.webui.keyword.builtin.VerifyTextPresentKeyword$_verifyTextPresent_closure1.doCall(VerifyTextPresentKeyword.groovy:79)
	at com.kms.katalon.core.webui.keyword.builtin.VerifyTextPresentKeyword$_verifyTextPresent_closure1.call(VerifyTextPresentKeyword.groovy)
	at com.kms.katalon.core.webui.keyword.internal.WebUIKeywordMain.runKeyword(WebUIKeywordMain.groovy:20)
	at com.kms.katalon.core.webui.keyword.builtin.VerifyTextPresentKeyword.verifyTextPresent(VerifyTextPresentKeyword.groovy:83)
	at com.kms.katalon.core.webui.keyword.builtin.VerifyTextPresentKeyword.execute(VerifyTextPresentKeyword.groovy:68)
	at com.kms.katalon.core.keyword.internal.KeywordExecutor.executeKeywordForPlatform(KeywordExecutor.groovy:74)
	at com.kms.katalon.core.webui.keyword.WebUiBuiltInKeywords.verifyTextPresent(WebUiBuiltInKeywords.groovy:1723)
	at com.kms.katalon.core.webui.keyword.WebUiBuiltInKeywords$verifyTextPresent$8.call(Unknown Source)
	at PayNowReqFieldsCC.run(PayNowReqFieldsCC:604)
	at com.kms.katalon.core.main.ScriptEngine.run(ScriptEngine.java:194)
	at com.kms.katalon.core.main.ScriptEngine.runScriptAsRawText(ScriptEngine.java:119)
	at com.kms.katalon.core.main.TestCaseExecutor.runScript(TestCaseExecutor.java:448)
	at com.kms.katalon.core.main.TestCaseExecutor.doExecute(TestCaseExecutor.java:439)
	at com.kms.katalon.core.main.TestCaseExecutor.processExecutionPhase(TestCaseExecutor.java:418)
	at com.kms.katalon.core.main.TestCaseExecutor.accessMainPhase(TestCaseExecutor.java:410)
	at com.kms.katalon.core.main.TestCaseExecutor.execute(TestCaseExecutor.java:285)
	at com.kms.katalon.core.common.CommonExecutor.accessTestCaseMainPhase(CommonExecutor.java:65)
	at com.kms.katalon.core.main.TestSuiteExecutor.accessTestSuiteMainPhase(TestSuiteExecutor.java:148)
	at com.kms.katalon.core.main.TestSuiteExecutor.execute(TestSuiteExecutor.java:106)
	at com.kms.katalon.core.main.TestCaseMain.startTestSuite(TestCaseMain.java:187)
	at com.kms.katalon.core.main.TestCaseMain$startTestSuite$0.call(Unknown Source)
	at TempTestSuite1715800219174.run(TempTestSuite1715800219174.groovy:35)
)

2024-05-15 15:28:29 - [MESSAGE][FAILED] - Text 'Successful Payment Receipt' is not present on page  (Root cause: com.kms.katalon.core.exception.StepFailedException: Text 'Successful Payment Receipt' is not present on page 
	at com.kms.katalon.core.webui.keyword.internal.WebUIKeywordMain.stepFailed(WebUIKeywordMain.groovy:64)
	at com.kms.katalon.core.webui.keyword.builtin.VerifyTextPresentKeyword$_verifyTextPresent_closure1.doCall(VerifyTextPresentKeyword.groovy:79)
	at com.kms.katalon.core.webui.keyword.builtin.VerifyTextPresentKeyword$_verifyTextPresent_closure1.call(VerifyTextPresentKeyword.groovy)
	at com.kms.katalon.core.webui.keyword.internal.WebUIKeywordMain.runKeyword(WebUIKeywordMain.groovy:20)
	at com.kms.katalon.core.webui.keyword.builtin.VerifyTextPresentKeyword.verifyTextPresent(VerifyTextPresentKeyword.groovy:83)
	at com.kms.katalon.core.webui.keyword.builtin.VerifyTextPresentKeyword.execute(VerifyTextPresentKeyword.groovy:68)
	at com.kms.katalon.core.keyword.internal.KeywordExecutor.executeKeywordForPlatform(KeywordExecutor.groovy:74)
	at com.kms.katalon.core.webui.keyword.WebUiBuiltInKeywords.verifyTextPresent(WebUiBuiltInKeywords.groovy:1723)
	at com.kms.katalon.core.webui.keyword.WebUiBuiltInKeywords$verifyTextPresent$8.call(Unknown Source)
	at PayNowReqFieldsCC.run(PayNowReqFieldsCC:604)
	at com.kms.katalon.core.main.ScriptEngine.run(ScriptEngine.java:194)
	at com.kms.katalon.core.main.ScriptEngine.runScriptAsRawText(ScriptEngine.java:119)
	at com.kms.katalon.core.main.TestCaseExecutor.runScript(TestCaseExecutor.java:448)
	at com.kms.katalon.core.main.TestCaseExecutor.doExecute(TestCaseExecutor.java:439)
	at com.kms.katalon.core.main.TestCaseExecutor.processExecutionPhase(TestCaseExecutor.java:418)
	at com.kms.katalon.core.main.TestCaseExecutor.accessMainPhase(TestCaseExecutor.java:410)
	at com.kms.katalon.core.main.TestCaseExecutor.execute(TestCaseExecutor.java:285)
	at com.kms.katalon.core.common.CommonExecutor.accessTestCaseMainPhase(CommonExecutor.java:65)
	at com.kms.katalon.core.main.TestSuiteExecutor.accessTestSuiteMainPhase(TestSuiteExecutor.java:148)
	at com.kms.katalon.core.main.TestSuiteExecutor.execute(TestSuiteExecutor.java:106)
	at com.kms.katalon.core.main.TestCaseMain.startTestSuite(TestCaseMain.java:187)
	at com.kms.katalon.core.main.TestCaseMain$startTestSuite$0.call(Unknown Source)
	at TempTestSuite1715800219174.run(TempTestSuite1715800219174.groovy:35)
)

2024-05-15 15:28:29 - [TEST_STEP][PASSED] - else: null

2024-05-15 15:28:29 - [TEST_STEP][FAILED] - if (verifyTextPresent("Please print this receipt for your records", false)): Text 'Please print this receipt for your records' is not present on page  (Root cause: com.kms.katalon.core.exception.StepFailedException: Text 'Please print this receipt for your records' is not present on page 
	at com.kms.katalon.core.webui.keyword.internal.WebUIKeywordMain.stepFailed(WebUIKeywordMain.groovy:64)
	at com.kms.katalon.core.webui.keyword.builtin.VerifyTextPresentKeyword$_verifyTextPresent_closure1.doCall(VerifyTextPresentKeyword.groovy:79)
	at com.kms.katalon.core.webui.keyword.builtin.VerifyTextPresentKeyword$_verifyTextPresent_closure1.call(VerifyTextPresentKeyword.groovy)
	at com.kms.katalon.core.webui.keyword.internal.WebUIKeywordMain.runKeyword(WebUIKeywordMain.groovy:20)
	at com.kms.katalon.core.webui.keyword.builtin.VerifyTextPresentKeyword.verifyTextPresent(VerifyTextPresentKeyword.groovy:83)
	at com.kms.katalon.core.webui.keyword.builtin.VerifyTextPresentKeyword.execute(VerifyTextPresentKeyword.groovy:68)
	at com.kms.katalon.core.keyword.internal.KeywordExecutor.executeKeywordForPlatform(KeywordExecutor.groovy:74)
	at com.kms.katalon.core.webui.keyword.WebUiBuiltInKeywords.verifyTextPresent(WebUiBuiltInKeywords.groovy:1723)
	at com.kms.katalon.core.webui.keyword.WebUiBuiltInKeywords$verifyTextPresent$8.call(Unknown Source)
	at PayNowReqFieldsCC.run(PayNowReqFieldsCC:611)
	at com.kms.katalon.core.main.ScriptEngine.run(ScriptEngine.java:194)
	at com.kms.katalon.core.main.ScriptEngine.runScriptAsRawText(ScriptEngine.java:119)
	at com.kms.katalon.core.main.TestCaseExecutor.runScript(TestCaseExecutor.java:448)
	at com.kms.katalon.core.main.TestCaseExecutor.doExecute(TestCaseExecutor.java:439)
	at com.kms.katalon.core.main.TestCaseExecutor.processExecutionPhase(TestCaseExecutor.java:418)
	at com.kms.katalon.core.main.TestCaseExecutor.accessMainPhase(TestCaseExecutor.java:410)
	at com.kms.katalon.core.main.TestCaseExecutor.execute(TestCaseExecutor.java:285)
	at com.kms.katalon.core.common.CommonExecutor.accessTestCaseMainPhase(CommonExecutor.java:65)
	at com.kms.katalon.core.main.TestSuiteExecutor.accessTestSuiteMainPhase(TestSuiteExecutor.java:148)
	at com.kms.katalon.core.main.TestSuiteExecutor.execute(TestSuiteExecutor.java:106)
	at com.kms.katalon.core.main.TestCaseMain.startTestSuite(TestCaseMain.java:187)
	at com.kms.katalon.core.main.TestCaseMain$startTestSuite$0.call(Unknown Source)
	at TempTestSuite1715800219174.run(TempTestSuite1715800219174.groovy:35)
)

2024-05-15 15:28:29 - [MESSAGE][FAILED] - Text 'Please print this receipt for your records' is not present on page  (Root cause: com.kms.katalon.core.exception.StepFailedException: Text 'Please print this receipt for your records' is not present on page 
	at com.kms.katalon.core.webui.keyword.internal.WebUIKeywordMain.stepFailed(WebUIKeywordMain.groovy:64)
	at com.kms.katalon.core.webui.keyword.builtin.VerifyTextPresentKeyword$_verifyTextPresent_closure1.doCall(VerifyTextPresentKeyword.groovy:79)
	at com.kms.katalon.core.webui.keyword.builtin.VerifyTextPresentKeyword$_verifyTextPresent_closure1.call(VerifyTextPresentKeyword.groovy)
	at com.kms.katalon.core.webui.keyword.internal.WebUIKeywordMain.runKeyword(WebUIKeywordMain.groovy:20)
	at com.kms.katalon.core.webui.keyword.builtin.VerifyTextPresentKeyword.verifyTextPresent(VerifyTextPresentKeyword.groovy:83)
	at com.kms.katalon.core.webui.keyword.builtin.VerifyTextPresentKeyword.execute(VerifyTextPresentKeyword.groovy:68)
	at com.kms.katalon.core.keyword.internal.KeywordExecutor.executeKeywordForPlatform(KeywordExecutor.groovy:74)
	at com.kms.katalon.core.webui.keyword.WebUiBuiltInKeywords.verifyTextPresent(WebUiBuiltInKeywords.groovy:1723)
	at com.kms.katalon.core.webui.keyword.WebUiBuiltInKeywords$verifyTextPresent$8.call(Unknown Source)
	at PayNowReqFieldsCC.run(PayNowReqFieldsCC:611)
	at com.kms.katalon.core.main.ScriptEngine.run(ScriptEngine.java:194)
	at com.kms.katalon.core.main.ScriptEngine.runScriptAsRawText(ScriptEngine.java:119)
	at com.kms.katalon.core.main.TestCaseExecutor.runScript(TestCaseExecutor.java:448)
	at com.kms.katalon.core.main.TestCaseExecutor.doExecute(TestCaseExecutor.java:439)
	at com.kms.katalon.core.main.TestCaseExecutor.processExecutionPhase(TestCaseExecutor.java:418)
	at com.kms.katalon.core.main.TestCaseExecutor.accessMainPhase(TestCaseExecutor.java:410)
	at com.kms.katalon.core.main.TestCaseExecutor.execute(TestCaseExecutor.java:285)
	at com.kms.katalon.core.common.CommonExecutor.accessTestCaseMainPhase(CommonExecutor.java:65)
	at com.kms.katalon.core.main.TestSuiteExecutor.accessTestSuiteMainPhase(TestSuiteExecutor.java:148)
	at com.kms.katalon.core.main.TestSuiteExecutor.execute(TestSuiteExecutor.java:106)
	at com.kms.katalon.core.main.TestCaseMain.startTestSuite(TestCaseMain.java:187)
	at com.kms.katalon.core.main.TestCaseMain$startTestSuite$0.call(Unknown Source)
	at TempTestSuite1715800219174.run(TempTestSuite1715800219174.groovy:35)
)

2024-05-15 15:28:29 - [TEST_STEP][PASSED] - else: null

2024-05-15 15:28:29 - [TEST_STEP][PASSED] - if (verifyElementPresent(findTestObject("Object Repository/IWP30/Page_Receipt/ExitButton"), 30)): null

2024-05-15 15:28:29 - [MESSAGE][PASSED] - Object 'Object Repository/IWP30/Page_Receipt/ExitButton' is present

2024-05-15 15:28:29 - [TEST_STEP][PASSED] - println("Exit Button is present on the Receipt page"): null

2024-05-15 15:28:29 - [TEST_STEP][PASSED] - closeBrowser(): Browser is closed

2024-05-15 15:28:31 - [MESSAGE][PASSED] - Browser is closed

2024-05-15 15:28:31 - [TEST_STEP][PASSED] - ExecuteTC = findTestData("IWPTestData/IWP30PayNowCC").getValue("Execute", row): null

2024-05-15 15:28:31 - [TEST_STEP][PASSED] - out.println("Value of Execute is : " + ExecuteTC): null

2024-05-15 15:28:31 - [TEST_STEP][FAILED] - if (ExecuteTC.equalsIgnoreCase("Y")): null

2024-05-15 15:28:31 - [TEST_STEP][PASSED] - out.println("Begin Record Number: " + row): null

2024-05-15 15:28:31 - [TEST_STEP][FAILED] - try: null

2024-05-15 15:28:31 - [TEST_STEP][PASSED] - MV = findTestData("IWPTestData/IWP30PayNowCC").getValue("MV", row): null

2024-05-15 15:28:31 - [TEST_STEP][PASSED] - println(MV): null

2024-05-15 15:28:31 - [TEST_STEP][PASSED] - Amount = findTestData("IWPTestData/IWP30PayNowCC").getValue("Amount", row): null

2024-05-15 15:28:31 - [TEST_STEP][PASSED] - println(Amount): null

2024-05-15 15:28:31 - [TEST_STEP][PASSED] - CAN = findTestData("IWPTestData/IWP30PayNowCC").getValue("CAN", row): null

2024-05-15 15:28:31 - [TEST_STEP][PASSED] - println(CAN): null

2024-05-15 15:28:31 - [TEST_STEP][PASSED] - Action = findTestData("IWPTestData/IWP30PayNowCC").getValue("Action", row): null

2024-05-15 15:28:31 - [TEST_STEP][PASSED] - println(Action): null

2024-05-15 15:28:31 - [TEST_STEP][PASSED] - Lang = findTestData("IWPTestData/IWP30PayNowCC").getValue("Lang", row): null

2024-05-15 15:28:31 - [TEST_STEP][PASSED] - println(Lang): null

2024-05-15 15:28:31 - [TEST_STEP][PASSED] - Fname = findTestData("IWPTestData/IWP30PayNowCC").getValue("Fname", row): null

2024-05-15 15:28:31 - [TEST_STEP][PASSED] - println(Fname): null

2024-05-15 15:28:31 - [TEST_STEP][PASSED] - Lname = findTestData("IWPTestData/IWP30PayNowCC").getValue("Lname", row): null

2024-05-15 15:28:31 - [TEST_STEP][PASSED] - println(Lname): null

2024-05-15 15:28:31 - [TEST_STEP][PASSED] - AL1 = findTestData("IWPTestData/IWP30PayNowCC").getValue("AL1", row): null

2024-05-15 15:28:31 - [TEST_STEP][PASSED] - println(AL1): null

2024-05-15 15:28:31 - [TEST_STEP][PASSED] - AL2 = findTestData("IWPTestData/IWP30PayNowCC").getValue("AL2", row): null

2024-05-15 15:28:31 - [TEST_STEP][PASSED] - println(AL2): null

2024-05-15 15:28:31 - [TEST_STEP][PASSED] - Country = findTestData("IWPTestData/IWP30PayNowCC").getValue("Country", row): null

2024-05-15 15:28:31 - [TEST_STEP][PASSED] - println(Country): null

2024-05-15 15:28:31 - [TEST_STEP][PASSED] - City = findTestData("IWPTestData/IWP30PayNowCC").getValue("City", row): null

2024-05-15 15:28:31 - [TEST_STEP][PASSED] - println(City): null

2024-05-15 15:28:31 - [TEST_STEP][PASSED] - State = findTestData("IWPTestData/IWP30PayNowCC").getValue("State", row): null

2024-05-15 15:28:31 - [TEST_STEP][PASSED] - println(State): null

2024-05-15 15:28:31 - [TEST_STEP][PASSED] - ZIP = findTestData("IWPTestData/IWP30PayNowCC").getValue("ZIP", row): null

2024-05-15 15:28:31 - [TEST_STEP][PASSED] - println(ZIP): null

2024-05-15 15:28:31 - [TEST_STEP][PASSED] - Order = findTestData("IWPTestData/IWP30PayNowCC").getValue("Order", row): null

2024-05-15 15:28:31 - [TEST_STEP][PASSED] - println(Order): null

2024-05-15 15:28:31 - [TEST_STEP][PASSED] - CompanyName = findTestData("IWPTestData/IWP30PayNowCC").getValue("CompanyName", row): null

2024-05-15 15:28:31 - [TEST_STEP][PASSED] - println(CompanyName): null

2024-05-15 15:28:31 - [TEST_STEP][PASSED] - Email = findTestData("IWPTestData/IWP30PayNowCC").getValue("Email", row): null

2024-05-15 15:28:31 - [TEST_STEP][PASSED] - println(Email): null

2024-05-15 15:28:31 - [TEST_STEP][PASSED] - UDF1 = findTestData("IWPTestData/IWP30PayNowCC").getValue("UDF1", row): null

2024-05-15 15:28:31 - [TEST_STEP][PASSED] - println(UDF1): null

2024-05-15 15:28:31 - [TEST_STEP][PASSED] - UDF2 = findTestData("IWPTestData/IWP30PayNowCC").getValue("UDF2", row): null

2024-05-15 15:28:32 - [TEST_STEP][PASSED] - println(UDF2): null

2024-05-15 15:28:32 - [TEST_STEP][PASSED] - UDF3 = findTestData("IWPTestData/IWP30PayNowCC").getValue("UDF3", row): null

2024-05-15 15:28:32 - [TEST_STEP][PASSED] - println(UDF3): null

2024-05-15 15:28:32 - [TEST_STEP][PASSED] - UDF4 = findTestData("IWPTestData/IWP30PayNowCC").getValue("UDF4", row): null

2024-05-15 15:28:32 - [TEST_STEP][PASSED] - println(UDF4): null

2024-05-15 15:28:32 - [TEST_STEP][PASSED] - UDF5 = findTestData("IWPTestData/IWP30PayNowCC").getValue("UDF5", row): null

2024-05-15 15:28:32 - [TEST_STEP][PASSED] - println(UDF5): null

2024-05-15 15:28:32 - [TEST_STEP][PASSED] - UDF6 = findTestData("IWPTestData/IWP30PayNowCC").getValue("UDF6", row): null

2024-05-15 15:28:32 - [TEST_STEP][PASSED] - println(UDF6): null

2024-05-15 15:28:32 - [TEST_STEP][PASSED] - UDF7 = findTestData("IWPTestData/IWP30PayNowCC").getValue("UDF7", row): null

2024-05-15 15:28:32 - [TEST_STEP][PASSED] - println(UDF7): null

2024-05-15 15:28:32 - [TEST_STEP][PASSED] - UDF8 = findTestData("IWPTestData/IWP30PayNowCC").getValue("UDF8", row): null

2024-05-15 15:28:32 - [TEST_STEP][PASSED] - println(UDF8): null

2024-05-15 15:28:32 - [TEST_STEP][PASSED] - UDF9 = findTestData("IWPTestData/IWP30PayNowCC").getValue("UDF9", row): null

2024-05-15 15:28:32 - [TEST_STEP][PASSED] - println(UDF9): null

2024-05-15 15:28:32 - [TEST_STEP][PASSED] - UDF10 = findTestData("IWPTestData/IWP30PayNowCC").getValue("UDF10", row): null

2024-05-15 15:28:32 - [TEST_STEP][PASSED] - println(UDF10): null

2024-05-15 15:28:32 - [TEST_STEP][PASSED] - AppID = findTestData("IWPTestData/IWP30PayNowCC").getValue("AppID", row): null

2024-05-15 15:28:32 - [TEST_STEP][PASSED] - println(AppID): null

2024-05-15 15:28:32 - [TEST_STEP][PASSED] - MessageVersion = findTestData("IWPTestData/IWP30PayNowCC").getValue("MessageVersion", row): null

2024-05-15 15:28:32 - [TEST_STEP][PASSED] - println(MessageVersion): null

2024-05-15 15:28:32 - [TEST_STEP][PASSED] - CCAmount = findTestData("IWPTestData/IWP30PayNowCC").getValue("CCAmount", row): null

2024-05-15 15:28:32 - [TEST_STEP][PASSED] - println(CCAmount): null

2024-05-15 15:28:32 - [TEST_STEP][PASSED] - CCUDF1 = findTestData("IWPTestData/IWP30PayNowCC").getValue("CCUDF1", row): null

2024-05-15 15:28:32 - [TEST_STEP][PASSED] - println(CCUDF1): null

2024-05-15 15:28:32 - [TEST_STEP][PASSED] - CCUDF2 = findTestData("IWPTestData/IWP30PayNowCC").getValue("CCUDF2", row): null

2024-05-15 15:28:32 - [TEST_STEP][PASSED] - println(CCUDF2): null

2024-05-15 15:28:32 - [TEST_STEP][PASSED] - CCUDF3 = findTestData("IWPTestData/IWP30PayNowCC").getValue("CCUDF3", row): null

2024-05-15 15:28:32 - [TEST_STEP][PASSED] - println(CCUDF3): null

2024-05-15 15:28:32 - [TEST_STEP][PASSED] - CCUDF4 = findTestData("IWPTestData/IWP30PayNowCC").getValue("CCUDF4", row): null

2024-05-15 15:28:32 - [TEST_STEP][PASSED] - println(CCUDF4): null

2024-05-15 15:28:32 - [TEST_STEP][PASSED] - CCUDF5 = findTestData("IWPTestData/IWP30PayNowCC").getValue("CCUDF5", row): null

2024-05-15 15:28:32 - [TEST_STEP][PASSED] - println(CCUDF5): null

2024-05-15 15:28:32 - [TEST_STEP][PASSED] - CCUDF6 = findTestData("IWPTestData/IWP30PayNowCC").getValue("CCUDF6", row): null

2024-05-15 15:28:32 - [TEST_STEP][PASSED] - println(CCUDF6): null

2024-05-15 15:28:32 - [TEST_STEP][PASSED] - CCUDF7 = findTestData("IWPTestData/IWP30PayNowCC").getValue("CCUDF7", row): null

2024-05-15 15:28:32 - [TEST_STEP][PASSED] - println(CCUDF7): null

2024-05-15 15:28:32 - [TEST_STEP][PASSED] - CCUDF8 = findTestData("IWPTestData/IWP30PayNowCC").getValue("CCUDF8", row): null

2024-05-15 15:28:32 - [TEST_STEP][PASSED] - println(CCUDF8): null

2024-05-15 15:28:32 - [TEST_STEP][PASSED] - CCUDF9 = findTestData("IWPTestData/IWP30PayNowCC").getValue("CCUDF9", row): null

2024-05-15 15:28:32 - [TEST_STEP][PASSED] - println(CCUDF9): null

2024-05-15 15:28:32 - [TEST_STEP][PASSED] - CCUDF10 = findTestData("IWPTestData/IWP30PayNowCC").getValue("CCUDF10", row): null

2024-05-15 15:28:32 - [TEST_STEP][PASSED] - println(CCUDF10): null

2024-05-15 15:28:32 - [TEST_STEP][PASSED] - CCName = findTestData("IWPTestData/IWP30PayNowCC").getValue("CCName", row): null

2024-05-15 15:28:32 - [TEST_STEP][PASSED] - println(CCName): null

2024-05-15 15:28:32 - [TEST_STEP][PASSED] - CCCardNum = findTestData("IWPTestData/IWP30PayNowCC").getValue("CCCardNum", row): null

2024-05-15 15:28:32 - [TEST_STEP][PASSED] - println(CCCardNum): null

2024-05-15 15:28:32 - [TEST_STEP][PASSED] - CCSPC = findTestData("IWPTestData/IWP30PayNowCC").getValue("CCSPC", row): null

2024-05-15 15:28:33 - [TEST_STEP][PASSED] - println(CCSPC): null

2024-05-15 15:28:33 - [TEST_STEP][PASSED] - CCExpM = findTestData("IWPTestData/IWP30PayNowCC").getValue("CCExpM", row): null

2024-05-15 15:28:33 - [TEST_STEP][PASSED] - println(CCExpM): null

2024-05-15 15:28:33 - [TEST_STEP][PASSED] - CCExpY = findTestData("IWPTestData/IWP30PayNowCC").getValue("CCExpY", row): null

2024-05-15 15:28:33 - [TEST_STEP][PASSED] - println(CCExpY): null

2024-05-15 15:28:33 - [TEST_STEP][PASSED] - CCDate = findTestData("IWPTestData/IWP30PayNowCC").getValue("CCDate", row): null

2024-05-15 15:28:33 - [TEST_STEP][PASSED] - println(CCDate): null

2024-05-15 15:28:33 - [TEST_STEP][PASSED] - CCAL1 = findTestData("IWPTestData/IWP30PayNowCC").getValue("CCAL1", row): null

2024-05-15 15:28:33 - [TEST_STEP][PASSED] - println(CCAL1): null

2024-05-15 15:28:33 - [TEST_STEP][PASSED] - CCAL2 = findTestData("IWPTestData/IWP30PayNowCC").getValue("CCAL2", row): null

2024-05-15 15:28:33 - [TEST_STEP][PASSED] - println(CCAL2): null

2024-05-15 15:28:33 - [TEST_STEP][PASSED] - CCZIP = findTestData("IWPTestData/IWP30PayNowCC").getValue("CCZIP", row): null

2024-05-15 15:28:33 - [TEST_STEP][PASSED] - println(CCZIP): null

2024-05-15 15:28:33 - [TEST_STEP][PASSED] - CCEmail = findTestData("IWPTestData/IWP30PayNowCC").getValue("CCEmail", row): null

2024-05-15 15:28:33 - [TEST_STEP][PASSED] - println(CCEmail): null

2024-05-15 15:28:33 - [TEST_STEP][PASSED] - openBrowser(urlEmulator): Browser is opened with url: 'https://qa2.velocitypayment.com/agency/config.do?action=editor'

2024-05-15 15:28:33 - [MESSAGE][INFO] - Starting 'Chrome' driver

2024-05-15 15:28:33 - [MESSAGE][INFO] - User set preference: ['acceptInsecureCerts', 'true']

2024-05-15 15:28:33 - [MESSAGE][INFO] - Action delay is set to 0 milliseconds

2024-05-15 15:28:35 - [MESSAGE][PASSED] - Browser is opened with url: 'https://qa2.velocitypayment.com/agency/config.do?action=editor'

2024-05-15 15:28:35 - [TEST_STEP][PASSED] - maximizeWindow(): Current window maximized

2024-05-15 15:28:35 - [MESSAGE][PASSED] - Current window maximized

2024-05-15 15:28:35 - [TEST_STEP][PASSED] - selectOptionByValue(findTestObject("IWP30/Page_VRelay30Emulator/MV"), MV, true): All options with value '3.0' are selected in object 'Object Repository/IWP30/Page_VRelay30Emulator/MV'  using regular expression

2024-05-15 15:28:36 - [MESSAGE][PASSED] - All options with value '3.0' are selected in object 'Object Repository/IWP30/Page_VRelay30Emulator/MV'  using regular expression

2024-05-15 15:28:36 - [TEST_STEP][PASSED] - setText(findTestObject("IWP30/Page_VRelay30Emulator/Amount"), Amount): Text '10.50' is set on object 'Object Repository/IWP30/Page_VRelay30Emulator/Amount'

2024-05-15 15:28:37 - [MESSAGE][PASSED] - Text '10.50' is set on object 'Object Repository/IWP30/Page_VRelay30Emulator/Amount'

2024-05-15 15:28:37 - [TEST_STEP][PASSED] - setText(findTestObject("IWP30/Page_VRelay30Emulator/CAN"), CAN): Text '26411005' is set on object 'Object Repository/IWP30/Page_VRelay30Emulator/CAN'

2024-05-15 15:28:38 - [MESSAGE][PASSED] - Text '26411005' is set on object 'Object Repository/IWP30/Page_VRelay30Emulator/CAN'

2024-05-15 15:28:38 - [TEST_STEP][PASSED] - setText(findTestObject("IWP30/Page_VRelay30Emulator/Action"), Action): Text 'PayNow' is set on object 'Object Repository/IWP30/Page_VRelay30Emulator/Action'

2024-05-15 15:28:38 - [MESSAGE][PASSED] - Text 'PayNow' is set on object 'Object Repository/IWP30/Page_VRelay30Emulator/Action'

2024-05-15 15:28:38 - [TEST_STEP][PASSED] - setText(findTestObject("IWP30/Page_VRelay30Emulator/Lang"), Lang): Text 'en_US' is set on object 'Object Repository/IWP30/Page_VRelay30Emulator/Lang'

2024-05-15 15:28:39 - [MESSAGE][PASSED] - Text 'en_US' is set on object 'Object Repository/IWP30/Page_VRelay30Emulator/Lang'

2024-05-15 15:28:39 - [TEST_STEP][PASSED] - setText(findTestObject("IWP30/Page_VRelay30Emulator/Fname"), Fname): Text 'Marty' is set on object 'Object Repository/IWP30/Page_VRelay30Emulator/Fname'

2024-05-15 15:28:40 - [MESSAGE][PASSED] - Text 'Marty' is set on object 'Object Repository/IWP30/Page_VRelay30Emulator/Fname'

2024-05-15 15:28:40 - [TEST_STEP][PASSED] - setText(findTestObject("IWP30/Page_VRelay30Emulator/Lname"), Lname): Text 'Jones' is set on object 'Object Repository/IWP30/Page_VRelay30Emulator/Lname'

2024-05-15 15:28:40 - [MESSAGE][PASSED] - Text 'Jones' is set on object 'Object Repository/IWP30/Page_VRelay30Emulator/Lname'

2024-05-15 15:28:40 - [TEST_STEP][PASSED] - setText(findTestObject("IWP30/Page_VRelay30Emulator/AL1"), AL1): Text '2311 York road' is set on object 'Object Repository/IWP30/Page_VRelay30Emulator/AL1'

2024-05-15 15:28:41 - [MESSAGE][PASSED] - Text '2311 York road' is set on object 'Object Repository/IWP30/Page_VRelay30Emulator/AL1'

2024-05-15 15:28:41 - [TEST_STEP][PASSED] - setText(findTestObject("IWP30/Page_VRelay30Emulator/AL2"), AL2): Text 'Suite 600' is set on object 'Object Repository/IWP30/Page_VRelay30Emulator/AL2'

2024-05-15 15:28:42 - [MESSAGE][PASSED] - Text 'Suite 600' is set on object 'Object Repository/IWP30/Page_VRelay30Emulator/AL2'

2024-05-15 15:28:42 - [TEST_STEP][PASSED] - setText(findTestObject("IWP30/Page_VRelay30Emulator/Country"), Country): Text '840' is set on object 'Object Repository/IWP30/Page_VRelay30Emulator/Country'

2024-05-15 15:28:42 - [MESSAGE][PASSED] - Text '840' is set on object 'Object Repository/IWP30/Page_VRelay30Emulator/Country'

2024-05-15 15:28:42 - [TEST_STEP][PASSED] - setText(findTestObject("IWP30/Page_VRelay30Emulator/City"), City): Text 'Arlington' is set on object 'Object Repository/IWP30/Page_VRelay30Emulator/City'

2024-05-15 15:28:43 - [MESSAGE][PASSED] - Text 'Arlington' is set on object 'Object Repository/IWP30/Page_VRelay30Emulator/City'

2024-05-15 15:28:43 - [TEST_STEP][PASSED] - setText(findTestObject("IWP30/Page_VRelay30Emulator/State"), State): Text 'VA' is set on object 'Object Repository/IWP30/Page_VRelay30Emulator/State'

2024-05-15 15:28:43 - [MESSAGE][PASSED] - Text 'VA' is set on object 'Object Repository/IWP30/Page_VRelay30Emulator/State'

2024-05-15 15:28:43 - [TEST_STEP][PASSED] - setText(findTestObject("IWP30/Page_VRelay30Emulator/ZIP"), ZIP): Text '22201' is set on object 'Object Repository/IWP30/Page_VRelay30Emulator/ZIP'

2024-05-15 15:28:44 - [MESSAGE][PASSED] - Text '22201' is set on object 'Object Repository/IWP30/Page_VRelay30Emulator/ZIP'

2024-05-15 15:28:44 - [TEST_STEP][PASSED] - setText(findTestObject("IWP30/Page_VRelay30Emulator/Order"), Order): Text '' is set on object 'Object Repository/IWP30/Page_VRelay30Emulator/Order'

2024-05-15 15:28:45 - [MESSAGE][PASSED] - Text '' is set on object 'Object Repository/IWP30/Page_VRelay30Emulator/Order'

2024-05-15 15:28:45 - [TEST_STEP][PASSED] - setText(findTestObject("IWP30/Page_VRelay30Emulator/Company"), CompanyName): Text '' is set on object 'Object Repository/IWP30/Page_VRelay30Emulator/Company'

2024-05-15 15:28:45 - [MESSAGE][PASSED] - Text '' is set on object 'Object Repository/IWP30/Page_VRelay30Emulator/Company'

2024-05-15 15:28:45 - [TEST_STEP][PASSED] - setText(findTestObject("IWP30/Page_VRelay30Emulator/Email"), Email): Text 'iahmed@govolution.com' is set on object 'Object Repository/IWP30/Page_VRelay30Emulator/Email'

2024-05-15 15:28:46 - [MESSAGE][PASSED] - Text 'iahmed@govolution.com' is set on object 'Object Repository/IWP30/Page_VRelay30Emulator/Email'

2024-05-15 15:28:46 - [TEST_STEP][PASSED] - setText(findTestObject("IWP30/Page_VRelay30Emulator/UDF1"), UDF1): Text 'udf data 1' is set on object 'Object Repository/IWP30/Page_VRelay30Emulator/UDF1'

2024-05-15 15:28:47 - [MESSAGE][PASSED] - Text 'udf data 1' is set on object 'Object Repository/IWP30/Page_VRelay30Emulator/UDF1'

2024-05-15 15:28:47 - [TEST_STEP][PASSED] - setText(findTestObject("IWP30/Page_VRelay30Emulator/UDF2"), UDF2): Text 'udf data 2' is set on object 'Object Repository/IWP30/Page_VRelay30Emulator/UDF2'

2024-05-15 15:28:47 - [MESSAGE][PASSED] - Text 'udf data 2' is set on object 'Object Repository/IWP30/Page_VRelay30Emulator/UDF2'

2024-05-15 15:28:47 - [TEST_STEP][PASSED] - setText(findTestObject("IWP30/Page_VRelay30Emulator/UDF3"), UDF3): Text 'udf data 3' is set on object 'Object Repository/IWP30/Page_VRelay30Emulator/UDF3'

2024-05-15 15:28:48 - [MESSAGE][PASSED] - Text 'udf data 3' is set on object 'Object Repository/IWP30/Page_VRelay30Emulator/UDF3'

2024-05-15 15:28:48 - [TEST_STEP][PASSED] - setText(findTestObject("IWP30/Page_VRelay30Emulator/UDF4"), UDF4): Text 'udf data 4' is set on object 'Object Repository/IWP30/Page_VRelay30Emulator/UDF4'

2024-05-15 15:28:49 - [MESSAGE][PASSED] - Text 'udf data 4' is set on object 'Object Repository/IWP30/Page_VRelay30Emulator/UDF4'

2024-05-15 15:28:49 - [TEST_STEP][PASSED] - setText(findTestObject("IWP30/Page_VRelay30Emulator/UDF5"), UDF5): Text 'udf data 5' is set on object 'Object Repository/IWP30/Page_VRelay30Emulator/UDF5'

2024-05-15 15:28:49 - [MESSAGE][PASSED] - Text 'udf data 5' is set on object 'Object Repository/IWP30/Page_VRelay30Emulator/UDF5'

2024-05-15 15:28:49 - [TEST_STEP][PASSED] - setText(findTestObject("IWP30/Page_VRelay30Emulator/UDF6"), UDF6): Text 'udf data 6' is set on object 'Object Repository/IWP30/Page_VRelay30Emulator/UDF6'

2024-05-15 15:28:50 - [MESSAGE][PASSED] - Text 'udf data 6' is set on object 'Object Repository/IWP30/Page_VRelay30Emulator/UDF6'

2024-05-15 15:28:50 - [TEST_STEP][PASSED] - setText(findTestObject("IWP30/Page_VRelay30Emulator/UDF7"), UDF7): Text 'Purple' is set on object 'Object Repository/IWP30/Page_VRelay30Emulator/UDF7'

2024-05-15 15:28:51 - [MESSAGE][PASSED] - Text 'Purple' is set on object 'Object Repository/IWP30/Page_VRelay30Emulator/UDF7'

2024-05-15 15:28:51 - [TEST_STEP][PASSED] - setText(findTestObject("IWP30/Page_VRelay30Emulator/UDF8"), UDF8): Text 'Tennis' is set on object 'Object Repository/IWP30/Page_VRelay30Emulator/UDF8'

2024-05-15 15:28:51 - [MESSAGE][PASSED] - Text 'Tennis' is set on object 'Object Repository/IWP30/Page_VRelay30Emulator/UDF8'

2024-05-15 15:28:51 - [TEST_STEP][PASSED] - setText(findTestObject("IWP30/Page_VRelay30Emulator/UDF9"), UDF9): Text 'udf data 9' is set on object 'Object Repository/IWP30/Page_VRelay30Emulator/UDF9'

2024-05-15 15:28:52 - [MESSAGE][PASSED] - Text 'udf data 9' is set on object 'Object Repository/IWP30/Page_VRelay30Emulator/UDF9'

2024-05-15 15:28:52 - [TEST_STEP][PASSED] - setText(findTestObject("IWP30/Page_VRelay30Emulator/UDF10"), UDF10): Text 'udf data 10' is set on object 'Object Repository/IWP30/Page_VRelay30Emulator/UDF10'

2024-05-15 15:28:52 - [MESSAGE][PASSED] - Text 'udf data 10' is set on object 'Object Repository/IWP30/Page_VRelay30Emulator/UDF10'

2024-05-15 15:28:52 - [TEST_STEP][PASSED] - Thread.sleep(5000): null

2024-05-15 15:28:57 - [TEST_STEP][PASSED] - click(findTestObject("IWP30/Page_VRelay30Emulator/Submit")): Object: 'Object Repository/IWP30/Page_VRelay30Emulator/Submit' is clicked on

2024-05-15 15:28:58 - [MESSAGE][PASSED] - Object: 'Object Repository/IWP30/Page_VRelay30Emulator/Submit' is clicked on

2024-05-15 15:28:58 - [TEST_STEP][PASSED] - closeBrowser(): Browser is closed

2024-05-15 15:28:59 - [MESSAGE][PASSED] - Browser is closed

2024-05-15 15:28:59 - [TEST_STEP][PASSED] - openBrowser(urlTestHarness): Browser is opened with url: 'https://dev-algorithm.govolution.com/vrelaytest/QA2/version_2_2/vrelaytest.html'

2024-05-15 15:28:59 - [MESSAGE][INFO] - Starting 'Chrome' driver

2024-05-15 15:28:59 - [MESSAGE][INFO] - User set preference: ['acceptInsecureCerts', 'true']

2024-05-15 15:28:59 - [MESSAGE][INFO] - Action delay is set to 0 milliseconds

2024-05-15 15:29:01 - [MESSAGE][PASSED] - Browser is opened with url: 'https://dev-algorithm.govolution.com/vrelaytest/QA2/version_2_2/vrelaytest.html'

2024-05-15 15:29:01 - [TEST_STEP][PASSED] - maximizeWindow(): Current window maximized

2024-05-15 15:29:02 - [MESSAGE][PASSED] - Current window maximized

2024-05-15 15:29:02 - [TEST_STEP][PASSED] - genRemIDVoid = RandomStringUtils.random(12, true, true): null

2024-05-15 15:29:02 - [TEST_STEP][PASSED] - if (verifyElementPresent(findTestObject("Object Repository/IWP30/Page_QATestHarness/RemittanceID"), 30)): null

2024-05-15 15:29:02 - [MESSAGE][PASSED] - Object 'Object Repository/IWP30/Page_QATestHarness/RemittanceID' is present

2024-05-15 15:29:02 - [TEST_STEP][PASSED] - println("We are on Test Harness page, start populating"): null

2024-05-15 15:29:02 - [TEST_STEP][PASSED] - setText(findTestObject("Object Repository/IWP30/Page_QATestHarness/ApplicationID"), AppID): Text '649' is set on object 'Object Repository/IWP30/Page_QATestHarness/ApplicationID'

2024-05-15 15:29:03 - [MESSAGE][PASSED] - Text '649' is set on object 'Object Repository/IWP30/Page_QATestHarness/ApplicationID'

2024-05-15 15:29:03 - [TEST_STEP][PASSED] - setText(findTestObject("Object Repository/IWP30/Page_QATestHarness/MessageVersion"), MessageVersion): Text '3.0' is set on object 'Object Repository/IWP30/Page_QATestHarness/MessageVersion'

2024-05-15 15:29:03 - [MESSAGE][PASSED] - Text '3.0' is set on object 'Object Repository/IWP30/Page_QATestHarness/MessageVersion'

2024-05-15 15:29:03 - [TEST_STEP][PASSED] - setText(findTestObject("Object Repository/IWP30/Page_QATestHarness/RemittanceID"), genRemIDVoid): Text 'NOL5ssvfMUBg' is set on object 'Object Repository/IWP30/Page_QATestHarness/RemittanceID'

2024-05-15 15:29:04 - [MESSAGE][PASSED] - Text 'NOL5ssvfMUBg' is set on object 'Object Repository/IWP30/Page_QATestHarness/RemittanceID'

2024-05-15 15:29:04 - [TEST_STEP][PASSED] - click(findTestObject("Object Repository/IWP30/Page_QATestHarness/SubmitButton")): Object: 'Object Repository/IWP30/Page_QATestHarness/SubmitButton' is clicked on

2024-05-15 15:29:05 - [MESSAGE][PASSED] - Object: 'Object Repository/IWP30/Page_QATestHarness/SubmitButton' is clicked on

2024-05-15 15:29:05 - [TEST_STEP][PASSED] - if (verifyElementPresent(findTestObject("Object Repository/IWP30/Page_SelectPaymentMethod/PayByCreditCard"), 30)): null

2024-05-15 15:29:06 - [MESSAGE][PASSED] - Object 'Object Repository/IWP30/Page_SelectPaymentMethod/PayByCreditCard' is present

2024-05-15 15:29:06 - [TEST_STEP][PASSED] - println("We are on Select Payment Method page, start populating"): null

2024-05-15 15:29:06 - [TEST_STEP][PASSED] - check(findTestObject("Object Repository/IWP30/Page_SelectPaymentMethod/PayByCreditCard")): Object 'Object Repository/IWP30/Page_SelectPaymentMethod/PayByCreditCard' is checked

2024-05-15 15:29:06 - [MESSAGE][PASSED] - Object 'Object Repository/IWP30/Page_SelectPaymentMethod/PayByCreditCard' is checked

2024-05-15 15:29:06 - [TEST_STEP][PASSED] - Thread.sleep(1000): null

2024-05-15 15:29:07 - [TEST_STEP][PASSED] - click(findTestObject("Object Repository/IWP30/Page_SelectPaymentMethod/MakePaymentButton")): Object: 'Object Repository/IWP30/Page_SelectPaymentMethod/MakePaymentButton' is clicked on

2024-05-15 15:29:08 - [MESSAGE][PASSED] - Object: 'Object Repository/IWP30/Page_SelectPaymentMethod/MakePaymentButton' is clicked on

2024-05-15 15:29:08 - [TEST_STEP][PASSED] - if (verifyElementPresent(findTestObject("Object Repository/IWP30/Page_CCPaymentEntry/Name"), 30)): null

2024-05-15 15:29:09 - [MESSAGE][PASSED] - Object 'Object Repository/IWP30/Page_CCPaymentEntry/Name' is present

2024-05-15 15:29:09 - [TEST_STEP][PASSED] - println("We are on Credit Card Payment Entry page, start populating"): null

2024-05-15 15:29:09 - [TEST_STEP][PASSED] - if (verifyElementPresent(findTestObject("Object Repository/IWP30/Page_CCPaymentEntry/Amount"), 30)): null

2024-05-15 15:29:10 - [MESSAGE][PASSED] - Object 'Object Repository/IWP30/Page_CCPaymentEntry/Amount' is present

2024-05-15 15:29:10 - [TEST_STEP][PASSED] - if (!(CCAmount.isEmpty())): null

2024-05-15 15:29:10 - [TEST_STEP][PASSED] - else: null

2024-05-15 15:29:10 - [TEST_STEP][PASSED] - println("Amount is not present in the Excel Spreadsheet"): null

2024-05-15 15:29:10 - [TEST_STEP][PASSED] - if (verifyElementPresent(findTestObject("Object Repository/IWP30/Page_CCPaymentEntry/UserDefined2"), 30)): null

2024-05-15 15:29:10 - [MESSAGE][PASSED] - Object 'Object Repository/IWP30/Page_CCPaymentEntry/UserDefined2' is present

2024-05-15 15:29:10 - [TEST_STEP][PASSED] - if (!(CCUDF2.isEmpty())): null

2024-05-15 15:29:10 - [TEST_STEP][PASSED] - else: null

2024-05-15 15:29:10 - [TEST_STEP][PASSED] - println("UDF2 data is not present in the Excel Spreadsheet"): null

2024-05-15 15:29:10 - [TEST_STEP][PASSED] - if (verifyElementPresent(findTestObject("Object Repository/IWP30/Page_CCPaymentEntry/UserDefined3"), 30)): null

2024-05-15 15:29:10 - [MESSAGE][PASSED] - Object 'Object Repository/IWP30/Page_CCPaymentEntry/UserDefined3' is present

2024-05-15 15:29:10 - [TEST_STEP][PASSED] - if (!(CCUDF3.isEmpty())): null

2024-05-15 15:29:10 - [TEST_STEP][PASSED] - else: null

2024-05-15 15:29:10 - [TEST_STEP][PASSED] - println("UDF3 data is not present in the Excel Spreadsheet"): null

2024-05-15 15:29:10 - [TEST_STEP][PASSED] - if (verifyElementPresent(findTestObject("Object Repository/IWP30/Page_CCPaymentEntry/UserDefined7"), 30)): null

2024-05-15 15:29:10 - [MESSAGE][PASSED] - Object 'Object Repository/IWP30/Page_CCPaymentEntry/UserDefined7' is present

2024-05-15 15:29:10 - [TEST_STEP][PASSED] - if (!(CCUDF7.isEmpty())): null

2024-05-15 15:29:10 - [TEST_STEP][PASSED] - else: null

2024-05-15 15:29:10 - [TEST_STEP][PASSED] - println("UDF7 data is not present in the Excel Spreadsheet"): null

2024-05-15 15:29:10 - [TEST_STEP][PASSED] - if (verifyElementPresent(findTestObject("Object Repository/IWP30/Page_CCPaymentEntry/UserDefined8"), 30)): null

2024-05-15 15:29:11 - [MESSAGE][PASSED] - Object 'Object Repository/IWP30/Page_CCPaymentEntry/UserDefined8' is present

2024-05-15 15:29:11 - [TEST_STEP][PASSED] - if (!(CCUDF8.isEmpty())): null

2024-05-15 15:29:11 - [TEST_STEP][PASSED] - else: null

2024-05-15 15:29:11 - [TEST_STEP][PASSED] - println("UDF8 data is not present in the Excel Spreadsheet"): null

2024-05-15 15:29:11 - [TEST_STEP][PASSED] - if (verifyElementPresent(findTestObject("Object Repository/IWP30/Page_CCPaymentEntry/Name"), 30)): null

2024-05-15 15:29:11 - [MESSAGE][PASSED] - Object 'Object Repository/IWP30/Page_CCPaymentEntry/Name' is present

2024-05-15 15:29:11 - [TEST_STEP][PASSED] - if (!(CCName.isEmpty())): null

2024-05-15 15:29:11 - [TEST_STEP][PASSED] - else: null

2024-05-15 15:29:11 - [TEST_STEP][PASSED] - println("CCName data is not present in the Excel Spreadsheet"): null

2024-05-15 15:29:11 - [TEST_STEP][PASSED] - if (verifyElementPresent(findTestObject("Object Repository/IWP30/Page_CCPaymentEntry/CardNumber"), 30)): null

2024-05-15 15:29:11 - [MESSAGE][PASSED] - Object 'Object Repository/IWP30/Page_CCPaymentEntry/CardNumber' is present

2024-05-15 15:29:11 - [TEST_STEP][PASSED] - if (!(CCCardNum.isEmpty())): Text '4111111111111111' is set on object 'Object Repository/IWP30/Page_CCPaymentEntry/CardNumber'

2024-05-15 15:29:11 - [TEST_STEP][PASSED] - setText(findTestObject("Object Repository/IWP30/Page_CCPaymentEntry/CardNumber"), CCCardNum): Text '4111111111111111' is set on object 'Object Repository/IWP30/Page_CCPaymentEntry/CardNumber'

2024-05-15 15:29:12 - [MESSAGE][PASSED] - Text '4111111111111111' is set on object 'Object Repository/IWP30/Page_CCPaymentEntry/CardNumber'

2024-05-15 15:29:12 - [TEST_STEP][PASSED] - if (verifyElementPresent(findTestObject("Object Repository/IWP30/Page_CCPaymentEntry/SPC"), 30)): null

2024-05-15 15:29:13 - [MESSAGE][PASSED] - Object 'Object Repository/IWP30/Page_CCPaymentEntry/SPC' is present

2024-05-15 15:29:13 - [TEST_STEP][PASSED] - if (!(CCSPC.isEmpty())): Text '123' is set on object 'Object Repository/IWP30/Page_CCPaymentEntry/SPC'

2024-05-15 15:29:13 - [TEST_STEP][PASSED] - setText(findTestObject("Object Repository/IWP30/Page_CCPaymentEntry/SPC"), CCSPC): Text '123' is set on object 'Object Repository/IWP30/Page_CCPaymentEntry/SPC'

2024-05-15 15:29:13 - [MESSAGE][PASSED] - Text '123' is set on object 'Object Repository/IWP30/Page_CCPaymentEntry/SPC'

2024-05-15 15:29:13 - [TEST_STEP][PASSED] - if (verifyElementPresent(findTestObject("Object Repository/IWP30/Page_CCPaymentEntry/Month"), 30)): null

2024-05-15 15:29:14 - [MESSAGE][PASSED] - Object 'Object Repository/IWP30/Page_CCPaymentEntry/Month' is present

2024-05-15 15:29:14 - [TEST_STEP][PASSED] - if (!(CCExpM.isEmpty())): All options with label '09' are selected in object 'Object Repository/IWP30/Page_CCPaymentEntry/Month' 

2024-05-15 15:29:14 - [TEST_STEP][PASSED] - selectOptionByLabel(findTestObject("Object Repository/IWP30/Page_CCPaymentEntry/Month"), CCExpM, false): All options with label '09' are selected in object 'Object Repository/IWP30/Page_CCPaymentEntry/Month' 

2024-05-15 15:29:14 - [MESSAGE][PASSED] - All options with label '09' are selected in object 'Object Repository/IWP30/Page_CCPaymentEntry/Month' 

2024-05-15 15:29:14 - [TEST_STEP][PASSED] - if (verifyElementPresent(findTestObject("Object Repository/IWP30/Page_CCPaymentEntry/Year"), 30)): null

2024-05-15 15:29:14 - [MESSAGE][PASSED] - Object 'Object Repository/IWP30/Page_CCPaymentEntry/Year' is present

2024-05-15 15:29:14 - [TEST_STEP][FAILED] - if (!(CCExpY.isEmpty())): Unable to select option by label '2023' of object 'Object Repository/IWP30/Page_CCPaymentEntry/Year'  (Root cause: com.kms.katalon.core.exception.StepFailedException: Unable to select option by label '2023' of object 'Object Repository/IWP30/Page_CCPaymentEntry/Year' 
	at com.kms.katalon.core.webui.keyword.internal.WebUIKeywordMain.stepFailed(WebUIKeywordMain.groovy:64)
	at com.kms.katalon.core.webui.keyword.internal.WebUIKeywordMain.runKeyword(WebUIKeywordMain.groovy:26)
	at com.kms.katalon.core.webui.keyword.builtin.SelectOptionByLabelKeyword.selectOptionByLabel(SelectOptionByLabelKeyword.groovy:98)
	at com.kms.katalon.core.webui.keyword.builtin.SelectOptionByLabelKeyword.execute(SelectOptionByLabelKeyword.groovy:71)
	at com.kms.katalon.core.keyword.internal.KeywordExecutor.executeKeywordForPlatform(KeywordExecutor.groovy:74)
	at com.kms.katalon.core.webui.keyword.WebUiBuiltInKeywords.selectOptionByLabel(WebUiBuiltInKeywords.groovy:1230)
	at com.kms.katalon.core.webui.keyword.WebUiBuiltInKeywords$selectOptionByLabel$7.call(Unknown Source)
	at PayNowReqFieldsCC.run(PayNowReqFieldsCC:476)
	at com.kms.katalon.core.main.ScriptEngine.run(ScriptEngine.java:194)
	at com.kms.katalon.core.main.ScriptEngine.runScriptAsRawText(ScriptEngine.java:119)
	at com.kms.katalon.core.main.TestCaseExecutor.runScript(TestCaseExecutor.java:448)
	at com.kms.katalon.core.main.TestCaseExecutor.doExecute(TestCaseExecutor.java:439)
	at com.kms.katalon.core.main.TestCaseExecutor.processExecutionPhase(TestCaseExecutor.java:418)
	at com.kms.katalon.core.main.TestCaseExecutor.accessMainPhase(TestCaseExecutor.java:410)
	at com.kms.katalon.core.main.TestCaseExecutor.execute(TestCaseExecutor.java:285)
	at com.kms.katalon.core.common.CommonExecutor.accessTestCaseMainPhase(CommonExecutor.java:65)
	at com.kms.katalon.core.main.TestSuiteExecutor.accessTestSuiteMainPhase(TestSuiteExecutor.java:148)
	at com.kms.katalon.core.main.TestSuiteExecutor.execute(TestSuiteExecutor.java:106)
	at com.kms.katalon.core.main.TestCaseMain.startTestSuite(TestCaseMain.java:187)
	at com.kms.katalon.core.main.TestCaseMain$startTestSuite$0.call(Unknown Source)
	at TempTestSuite1715800219174.run(TempTestSuite1715800219174.groovy:35)
Caused by: org.openqa.selenium.NoSuchElementException: Cannot locate element with text: 2023
For documentation on this error, please visit: https://www.seleniumhq.org/exceptions/no_such_element.html
Build info: version: '3.141.59', revision: 'e82be7d358', time: '2018-11-14T08:25:53'
System info: host: 'DESKTOP-B2QI6NS', ip: '172.31.253.185', os.name: 'Windows 10', os.arch: 'amd64', os.version: '10.0', java.version: '1.8.0_181'
Driver info: driver.version: unknown
	at org.openqa.selenium.support.ui.Select.selectByVisibleText(Select.java:147)
	at com.kms.katalon.core.webui.common.WebUiCommonHelper.selectOrDeselectOptionsByLabel(WebUiCommonHelper.java:310)
	at com.kms.katalon.core.webui.keyword.builtin.SelectOptionByLabelKeyword$_selectOptionByLabel_closure1.doCall(SelectOptionByLabelKeyword.groovy:87)
	at com.kms.katalon.core.webui.keyword.builtin.SelectOptionByLabelKeyword$_selectOptionByLabel_closure1.call(SelectOptionByLabelKeyword.groovy)
	at com.kms.katalon.core.webui.keyword.internal.WebUIKeywordMain.runKeyword(WebUIKeywordMain.groovy:20)
	at com.kms.katalon.core.webui.keyword.builtin.SelectOptionByLabelKeyword.selectOptionByLabel(SelectOptionByLabelKeyword.groovy:98)
	at com.kms.katalon.core.webui.keyword.builtin.SelectOptionByLabelKeyword.execute(SelectOptionByLabelKeyword.groovy:71)
	at com.kms.katalon.core.keyword.internal.KeywordExecutor.executeKeywordForPlatform(KeywordExecutor.groovy:74)
	at com.kms.katalon.core.webui.keyword.WebUiBuiltInKeywords.selectOptionByLabel(WebUiBuiltInKeywords.groovy:1230)
	at com.kms.katalon.core.webui.keyword.WebUiBuiltInKeywords$selectOptionByLabel$7.call(Unknown Source)
	at Script1593468708030.run(Script1593468708030.groovy:476)
	... 13 more
)

2024-05-15 15:29:14 - [TEST_STEP][FAILED] - selectOptionByLabel(findTestObject("Object Repository/IWP30/Page_CCPaymentEntry/Year"), CCExpY, false): Unable to select option by label '2023' of object 'Object Repository/IWP30/Page_CCPaymentEntry/Year'  (Root cause: com.kms.katalon.core.exception.StepFailedException: Unable to select option by label '2023' of object 'Object Repository/IWP30/Page_CCPaymentEntry/Year' 
	at com.kms.katalon.core.webui.keyword.internal.WebUIKeywordMain.stepFailed(WebUIKeywordMain.groovy:64)
	at com.kms.katalon.core.webui.keyword.internal.WebUIKeywordMain.runKeyword(WebUIKeywordMain.groovy:26)
	at com.kms.katalon.core.webui.keyword.builtin.SelectOptionByLabelKeyword.selectOptionByLabel(SelectOptionByLabelKeyword.groovy:98)
	at com.kms.katalon.core.webui.keyword.builtin.SelectOptionByLabelKeyword.execute(SelectOptionByLabelKeyword.groovy:71)
	at com.kms.katalon.core.keyword.internal.KeywordExecutor.executeKeywordForPlatform(KeywordExecutor.groovy:74)
	at com.kms.katalon.core.webui.keyword.WebUiBuiltInKeywords.selectOptionByLabel(WebUiBuiltInKeywords.groovy:1230)
	at com.kms.katalon.core.webui.keyword.WebUiBuiltInKeywords$selectOptionByLabel$7.call(Unknown Source)
	at PayNowReqFieldsCC.run(PayNowReqFieldsCC:476)
	at com.kms.katalon.core.main.ScriptEngine.run(ScriptEngine.java:194)
	at com.kms.katalon.core.main.ScriptEngine.runScriptAsRawText(ScriptEngine.java:119)
	at com.kms.katalon.core.main.TestCaseExecutor.runScript(TestCaseExecutor.java:448)
	at com.kms.katalon.core.main.TestCaseExecutor.doExecute(TestCaseExecutor.java:439)
	at com.kms.katalon.core.main.TestCaseExecutor.processExecutionPhase(TestCaseExecutor.java:418)
	at com.kms.katalon.core.main.TestCaseExecutor.accessMainPhase(TestCaseExecutor.java:410)
	at com.kms.katalon.core.main.TestCaseExecutor.execute(TestCaseExecutor.java:285)
	at com.kms.katalon.core.common.CommonExecutor.accessTestCaseMainPhase(CommonExecutor.java:65)
	at com.kms.katalon.core.main.TestSuiteExecutor.accessTestSuiteMainPhase(TestSuiteExecutor.java:148)
	at com.kms.katalon.core.main.TestSuiteExecutor.execute(TestSuiteExecutor.java:106)
	at com.kms.katalon.core.main.TestCaseMain.startTestSuite(TestCaseMain.java:187)
	at com.kms.katalon.core.main.TestCaseMain$startTestSuite$0.call(Unknown Source)
	at TempTestSuite1715800219174.run(TempTestSuite1715800219174.groovy:35)
Caused by: org.openqa.selenium.NoSuchElementException: Cannot locate element with text: 2023
For documentation on this error, please visit: https://www.seleniumhq.org/exceptions/no_such_element.html
Build info: version: '3.141.59', revision: 'e82be7d358', time: '2018-11-14T08:25:53'
System info: host: 'DESKTOP-B2QI6NS', ip: '172.31.253.185', os.name: 'Windows 10', os.arch: 'amd64', os.version: '10.0', java.version: '1.8.0_181'
Driver info: driver.version: unknown
	at org.openqa.selenium.support.ui.Select.selectByVisibleText(Select.java:147)
	at com.kms.katalon.core.webui.common.WebUiCommonHelper.selectOrDeselectOptionsByLabel(WebUiCommonHelper.java:310)
	at com.kms.katalon.core.webui.keyword.builtin.SelectOptionByLabelKeyword$_selectOptionByLabel_closure1.doCall(SelectOptionByLabelKeyword.groovy:87)
	at com.kms.katalon.core.webui.keyword.builtin.SelectOptionByLabelKeyword$_selectOptionByLabel_closure1.call(SelectOptionByLabelKeyword.groovy)
	at com.kms.katalon.core.webui.keyword.internal.WebUIKeywordMain.runKeyword(WebUIKeywordMain.groovy:20)
	at com.kms.katalon.core.webui.keyword.builtin.SelectOptionByLabelKeyword.selectOptionByLabel(SelectOptionByLabelKeyword.groovy:98)
	at com.kms.katalon.core.webui.keyword.builtin.SelectOptionByLabelKeyword.execute(SelectOptionByLabelKeyword.groovy:71)
	at com.kms.katalon.core.keyword.internal.KeywordExecutor.executeKeywordForPlatform(KeywordExecutor.groovy:74)
	at com.kms.katalon.core.webui.keyword.WebUiBuiltInKeywords.selectOptionByLabel(WebUiBuiltInKeywords.groovy:1230)
	at com.kms.katalon.core.webui.keyword.WebUiBuiltInKeywords$selectOptionByLabel$7.call(Unknown Source)
	at Script1593468708030.run(Script1593468708030.groovy:476)
	... 13 more
)

2024-05-15 15:29:16 - [MESSAGE][FAILED] - Unable to select option by label '2023' of object 'Object Repository/IWP30/Page_CCPaymentEntry/Year'  (Root cause: com.kms.katalon.core.exception.StepFailedException: Unable to select option by label '2023' of object 'Object Repository/IWP30/Page_CCPaymentEntry/Year' 
	at com.kms.katalon.core.webui.keyword.internal.WebUIKeywordMain.stepFailed(WebUIKeywordMain.groovy:64)
	at com.kms.katalon.core.webui.keyword.internal.WebUIKeywordMain.runKeyword(WebUIKeywordMain.groovy:26)
	at com.kms.katalon.core.webui.keyword.builtin.SelectOptionByLabelKeyword.selectOptionByLabel(SelectOptionByLabelKeyword.groovy:98)
	at com.kms.katalon.core.webui.keyword.builtin.SelectOptionByLabelKeyword.execute(SelectOptionByLabelKeyword.groovy:71)
	at com.kms.katalon.core.keyword.internal.KeywordExecutor.executeKeywordForPlatform(KeywordExecutor.groovy:74)
	at com.kms.katalon.core.webui.keyword.WebUiBuiltInKeywords.selectOptionByLabel(WebUiBuiltInKeywords.groovy:1230)
	at com.kms.katalon.core.webui.keyword.WebUiBuiltInKeywords$selectOptionByLabel$7.call(Unknown Source)
	at PayNowReqFieldsCC.run(PayNowReqFieldsCC:476)
	at com.kms.katalon.core.main.ScriptEngine.run(ScriptEngine.java:194)
	at com.kms.katalon.core.main.ScriptEngine.runScriptAsRawText(ScriptEngine.java:119)
	at com.kms.katalon.core.main.TestCaseExecutor.runScript(TestCaseExecutor.java:448)
	at com.kms.katalon.core.main.TestCaseExecutor.doExecute(TestCaseExecutor.java:439)
	at com.kms.katalon.core.main.TestCaseExecutor.processExecutionPhase(TestCaseExecutor.java:418)
	at com.kms.katalon.core.main.TestCaseExecutor.accessMainPhase(TestCaseExecutor.java:410)
	at com.kms.katalon.core.main.TestCaseExecutor.execute(TestCaseExecutor.java:285)
	at com.kms.katalon.core.common.CommonExecutor.accessTestCaseMainPhase(CommonExecutor.java:65)
	at com.kms.katalon.core.main.TestSuiteExecutor.accessTestSuiteMainPhase(TestSuiteExecutor.java:148)
	at com.kms.katalon.core.main.TestSuiteExecutor.execute(TestSuiteExecutor.java:106)
	at com.kms.katalon.core.main.TestCaseMain.startTestSuite(TestCaseMain.java:187)
	at com.kms.katalon.core.main.TestCaseMain$startTestSuite$0.call(Unknown Source)
	at TempTestSuite1715800219174.run(TempTestSuite1715800219174.groovy:35)
Caused by: org.openqa.selenium.NoSuchElementException: Cannot locate element with text: 2023
For documentation on this error, please visit: https://www.seleniumhq.org/exceptions/no_such_element.html
Build info: version: '3.141.59', revision: 'e82be7d358', time: '2018-11-14T08:25:53'
System info: host: 'DESKTOP-B2QI6NS', ip: '172.31.253.185', os.name: 'Windows 10', os.arch: 'amd64', os.version: '10.0', java.version: '1.8.0_181'
Driver info: driver.version: unknown
	at org.openqa.selenium.support.ui.Select.selectByVisibleText(Select.java:147)
	at com.kms.katalon.core.webui.common.WebUiCommonHelper.selectOrDeselectOptionsByLabel(WebUiCommonHelper.java:310)
	at com.kms.katalon.core.webui.keyword.builtin.SelectOptionByLabelKeyword$_selectOptionByLabel_closure1.doCall(SelectOptionByLabelKeyword.groovy:87)
	at com.kms.katalon.core.webui.keyword.builtin.SelectOptionByLabelKeyword$_selectOptionByLabel_closure1.call(SelectOptionByLabelKeyword.groovy)
	at com.kms.katalon.core.webui.keyword.internal.WebUIKeywordMain.runKeyword(WebUIKeywordMain.groovy:20)
	at com.kms.katalon.core.webui.keyword.builtin.SelectOptionByLabelKeyword.selectOptionByLabel(SelectOptionByLabelKeyword.groovy:98)
	at com.kms.katalon.core.webui.keyword.builtin.SelectOptionByLabelKeyword.execute(SelectOptionByLabelKeyword.groovy:71)
	at com.kms.katalon.core.keyword.internal.KeywordExecutor.executeKeywordForPlatform(KeywordExecutor.groovy:74)
	at com.kms.katalon.core.webui.keyword.WebUiBuiltInKeywords.selectOptionByLabel(WebUiBuiltInKeywords.groovy:1230)
	at com.kms.katalon.core.webui.keyword.WebUiBuiltInKeywords$selectOptionByLabel$7.call(Unknown Source)
	at Script1593468708030.run(Script1593468708030.groovy:476)
	... 13 more
)
[[ATTACHMENT|E:\\Cloned-Project-Katalon\\VPS-Katalon\\Reports\\20240515_151019\\QA\\IWP3.0\\IWP30 Smoke TestSuite\\20240515_151019\\1715801355474.png]]

2024-05-15 15:29:16 - [TEST_STEP][PASSED] - if (verifyElementPresent(findTestObject("Object Repository/IWP30/Page_CCPaymentEntry/ProcessDate"), 30)): null

2024-05-15 15:29:16 - [MESSAGE][PASSED] - Object 'Object Repository/IWP30/Page_CCPaymentEntry/ProcessDate' is present

2024-05-15 15:29:16 - [TEST_STEP][PASSED] - if (!(CCDate.isEmpty())): null

2024-05-15 15:29:16 - [TEST_STEP][PASSED] - else: null

2024-05-15 15:29:16 - [TEST_STEP][PASSED] - println("CCDate is not present in the Excel Spreadsheet"): null

2024-05-15 15:29:16 - [TEST_STEP][PASSED] - if (verifyElementPresent(findTestObject("Object Repository/IWP30/Page_CCPaymentEntry/AL1"), 30)): null

2024-05-15 15:29:16 - [MESSAGE][PASSED] - Object 'Object Repository/IWP30/Page_CCPaymentEntry/AL1' is present

2024-05-15 15:29:16 - [TEST_STEP][PASSED] - if (!(CCAL1.isEmpty())): null

2024-05-15 15:29:16 - [TEST_STEP][PASSED] - else: null

2024-05-15 15:29:16 - [TEST_STEP][PASSED] - println("CCAL1 is not present in the Excel Spreadsheet"): null

2024-05-15 15:29:16 - [TEST_STEP][PASSED] - if (verifyElementPresent(findTestObject("Object Repository/IWP30/Page_CCPaymentEntry/AL2"), 30)): null

2024-05-15 15:29:17 - [MESSAGE][PASSED] - Object 'Object Repository/IWP30/Page_CCPaymentEntry/AL2' is present

2024-05-15 15:29:17 - [TEST_STEP][PASSED] - if (!(CCAL2.isEmpty())): null

2024-05-15 15:29:17 - [TEST_STEP][PASSED] - else: null

2024-05-15 15:29:17 - [TEST_STEP][PASSED] - println("CCAL2 is not present in the Excel Spreadsheet"): null

2024-05-15 15:29:17 - [TEST_STEP][PASSED] - if (verifyElementPresent(findTestObject("Object Repository/IWP30/Page_CCPaymentEntry/ZIP"), 30)): null

2024-05-15 15:29:17 - [MESSAGE][PASSED] - Object 'Object Repository/IWP30/Page_CCPaymentEntry/ZIP' is present

2024-05-15 15:29:17 - [TEST_STEP][PASSED] - if (!(CCZIP.isEmpty())): null

2024-05-15 15:29:17 - [TEST_STEP][PASSED] - else: null

2024-05-15 15:29:17 - [TEST_STEP][PASSED] - println("CCZIP is not present in the Excel Spreadsheet"): null

2024-05-15 15:29:17 - [TEST_STEP][PASSED] - if (verifyElementPresent(findTestObject("Object Repository/IWP30/Page_CCPaymentEntry/EmailAddress"), 30)): null

2024-05-15 15:29:17 - [MESSAGE][PASSED] - Object 'Object Repository/IWP30/Page_CCPaymentEntry/EmailAddress' is present

2024-05-15 15:29:17 - [TEST_STEP][PASSED] - if (!(CCEmail.isEmpty())): null

2024-05-15 15:29:17 - [TEST_STEP][PASSED] - else: null

2024-05-15 15:29:17 - [TEST_STEP][PASSED] - println("CCEmail is not present in the Excel Spreadsheet"): null

2024-05-15 15:29:17 - [TEST_STEP][PASSED] - if (verifyElementPresent(findTestObject("Object Repository/IWP30/Page_CCPaymentEntry/TermCondCheckBox"), 30)): null

2024-05-15 15:29:18 - [MESSAGE][PASSED] - Object 'Object Repository/IWP30/Page_CCPaymentEntry/TermCondCheckBox' is present

2024-05-15 15:29:18 - [TEST_STEP][PASSED] - check(findTestObject("Object Repository/IWP30/Page_CCPaymentEntry/TermCondCheckBox")): Object 'Object Repository/IWP30/Page_CCPaymentEntry/TermCondCheckBox' is checked

2024-05-15 15:29:18 - [MESSAGE][PASSED] - Object 'Object Repository/IWP30/Page_CCPaymentEntry/TermCondCheckBox' is checked

2024-05-15 15:29:18 - [TEST_STEP][PASSED] - if (verifyElementPresent(findTestObject("Object Repository/IWP30/Page_CCPaymentEntry/ContinueButton"), 30)): null

2024-05-15 15:29:18 - [MESSAGE][PASSED] - Object 'Object Repository/IWP30/Page_CCPaymentEntry/ContinueButton' is present

2024-05-15 15:29:18 - [TEST_STEP][PASSED] - click(findTestObject("Object Repository/IWP30/Page_CCPaymentEntry/ContinueButton")): Object: 'Object Repository/IWP30/Page_CCPaymentEntry/ContinueButton' is clicked on

2024-05-15 15:29:20 - [MESSAGE][PASSED] - Object: 'Object Repository/IWP30/Page_CCPaymentEntry/ContinueButton' is clicked on

2024-05-15 15:29:20 - [TEST_STEP][FAILED] - if (verifyTextPresent("Please verify the following information", false)): Text 'Please verify the following information' is not present on page  (Root cause: com.kms.katalon.core.exception.StepFailedException: Text 'Please verify the following information' is not present on page 
	at com.kms.katalon.core.webui.keyword.internal.WebUIKeywordMain.stepFailed(WebUIKeywordMain.groovy:64)
	at com.kms.katalon.core.webui.keyword.builtin.VerifyTextPresentKeyword$_verifyTextPresent_closure1.doCall(VerifyTextPresentKeyword.groovy:79)
	at com.kms.katalon.core.webui.keyword.builtin.VerifyTextPresentKeyword$_verifyTextPresent_closure1.call(VerifyTextPresentKeyword.groovy)
	at com.kms.katalon.core.webui.keyword.internal.WebUIKeywordMain.runKeyword(WebUIKeywordMain.groovy:20)
	at com.kms.katalon.core.webui.keyword.builtin.VerifyTextPresentKeyword.verifyTextPresent(VerifyTextPresentKeyword.groovy:83)
	at com.kms.katalon.core.webui.keyword.builtin.VerifyTextPresentKeyword.execute(VerifyTextPresentKeyword.groovy:68)
	at com.kms.katalon.core.keyword.internal.KeywordExecutor.executeKeywordForPlatform(KeywordExecutor.groovy:74)
	at com.kms.katalon.core.webui.keyword.WebUiBuiltInKeywords.verifyTextPresent(WebUiBuiltInKeywords.groovy:1723)
	at com.kms.katalon.core.webui.keyword.WebUiBuiltInKeywords$verifyTextPresent$8.call(Unknown Source)
	at PayNowReqFieldsCC.run(PayNowReqFieldsCC:573)
	at com.kms.katalon.core.main.ScriptEngine.run(ScriptEngine.java:194)
	at com.kms.katalon.core.main.ScriptEngine.runScriptAsRawText(ScriptEngine.java:119)
	at com.kms.katalon.core.main.TestCaseExecutor.runScript(TestCaseExecutor.java:448)
	at com.kms.katalon.core.main.TestCaseExecutor.doExecute(TestCaseExecutor.java:439)
	at com.kms.katalon.core.main.TestCaseExecutor.processExecutionPhase(TestCaseExecutor.java:418)
	at com.kms.katalon.core.main.TestCaseExecutor.accessMainPhase(TestCaseExecutor.java:410)
	at com.kms.katalon.core.main.TestCaseExecutor.execute(TestCaseExecutor.java:285)
	at com.kms.katalon.core.common.CommonExecutor.accessTestCaseMainPhase(CommonExecutor.java:65)
	at com.kms.katalon.core.main.TestSuiteExecutor.accessTestSuiteMainPhase(TestSuiteExecutor.java:148)
	at com.kms.katalon.core.main.TestSuiteExecutor.execute(TestSuiteExecutor.java:106)
	at com.kms.katalon.core.main.TestCaseMain.startTestSuite(TestCaseMain.java:187)
	at com.kms.katalon.core.main.TestCaseMain$startTestSuite$0.call(Unknown Source)
	at TempTestSuite1715800219174.run(TempTestSuite1715800219174.groovy:35)
)

2024-05-15 15:29:20 - [MESSAGE][FAILED] - Text 'Please verify the following information' is not present on page  (Root cause: com.kms.katalon.core.exception.StepFailedException: Text 'Please verify the following information' is not present on page 
	at com.kms.katalon.core.webui.keyword.internal.WebUIKeywordMain.stepFailed(WebUIKeywordMain.groovy:64)
	at com.kms.katalon.core.webui.keyword.builtin.VerifyTextPresentKeyword$_verifyTextPresent_closure1.doCall(VerifyTextPresentKeyword.groovy:79)
	at com.kms.katalon.core.webui.keyword.builtin.VerifyTextPresentKeyword$_verifyTextPresent_closure1.call(VerifyTextPresentKeyword.groovy)
	at com.kms.katalon.core.webui.keyword.internal.WebUIKeywordMain.runKeyword(WebUIKeywordMain.groovy:20)
	at com.kms.katalon.core.webui.keyword.builtin.VerifyTextPresentKeyword.verifyTextPresent(VerifyTextPresentKeyword.groovy:83)
	at com.kms.katalon.core.webui.keyword.builtin.VerifyTextPresentKeyword.execute(VerifyTextPresentKeyword.groovy:68)
	at com.kms.katalon.core.keyword.internal.KeywordExecutor.executeKeywordForPlatform(KeywordExecutor.groovy:74)
	at com.kms.katalon.core.webui.keyword.WebUiBuiltInKeywords.verifyTextPresent(WebUiBuiltInKeywords.groovy:1723)
	at com.kms.katalon.core.webui.keyword.WebUiBuiltInKeywords$verifyTextPresent$8.call(Unknown Source)
	at PayNowReqFieldsCC.run(PayNowReqFieldsCC:573)
	at com.kms.katalon.core.main.ScriptEngine.run(ScriptEngine.java:194)
	at com.kms.katalon.core.main.ScriptEngine.runScriptAsRawText(ScriptEngine.java:119)
	at com.kms.katalon.core.main.TestCaseExecutor.runScript(TestCaseExecutor.java:448)
	at com.kms.katalon.core.main.TestCaseExecutor.doExecute(TestCaseExecutor.java:439)
	at com.kms.katalon.core.main.TestCaseExecutor.processExecutionPhase(TestCaseExecutor.java:418)
	at com.kms.katalon.core.main.TestCaseExecutor.accessMainPhase(TestCaseExecutor.java:410)
	at com.kms.katalon.core.main.TestCaseExecutor.execute(TestCaseExecutor.java:285)
	at com.kms.katalon.core.common.CommonExecutor.accessTestCaseMainPhase(CommonExecutor.java:65)
	at com.kms.katalon.core.main.TestSuiteExecutor.accessTestSuiteMainPhase(TestSuiteExecutor.java:148)
	at com.kms.katalon.core.main.TestSuiteExecutor.execute(TestSuiteExecutor.java:106)
	at com.kms.katalon.core.main.TestCaseMain.startTestSuite(TestCaseMain.java:187)
	at com.kms.katalon.core.main.TestCaseMain$startTestSuite$0.call(Unknown Source)
	at TempTestSuite1715800219174.run(TempTestSuite1715800219174.groovy:35)
)

2024-05-15 15:29:20 - [TEST_STEP][PASSED] - else: null

2024-05-15 15:29:20 - [TEST_STEP][FAILED] - if (verifyTextPresent("Is this information correct?", false)): Text 'Is this information correct?' is not present on page  (Root cause: com.kms.katalon.core.exception.StepFailedException: Text 'Is this information correct?' is not present on page 
	at com.kms.katalon.core.webui.keyword.internal.WebUIKeywordMain.stepFailed(WebUIKeywordMain.groovy:64)
	at com.kms.katalon.core.webui.keyword.builtin.VerifyTextPresentKeyword$_verifyTextPresent_closure1.doCall(VerifyTextPresentKeyword.groovy:79)
	at com.kms.katalon.core.webui.keyword.builtin.VerifyTextPresentKeyword$_verifyTextPresent_closure1.call(VerifyTextPresentKeyword.groovy)
	at com.kms.katalon.core.webui.keyword.internal.WebUIKeywordMain.runKeyword(WebUIKeywordMain.groovy:20)
	at com.kms.katalon.core.webui.keyword.builtin.VerifyTextPresentKeyword.verifyTextPresent(VerifyTextPresentKeyword.groovy:83)
	at com.kms.katalon.core.webui.keyword.builtin.VerifyTextPresentKeyword.execute(VerifyTextPresentKeyword.groovy:68)
	at com.kms.katalon.core.keyword.internal.KeywordExecutor.executeKeywordForPlatform(KeywordExecutor.groovy:74)
	at com.kms.katalon.core.webui.keyword.WebUiBuiltInKeywords.verifyTextPresent(WebUiBuiltInKeywords.groovy:1723)
	at com.kms.katalon.core.webui.keyword.WebUiBuiltInKeywords$verifyTextPresent$8.call(Unknown Source)
	at PayNowReqFieldsCC.run(PayNowReqFieldsCC:581)
	at com.kms.katalon.core.main.ScriptEngine.run(ScriptEngine.java:194)
	at com.kms.katalon.core.main.ScriptEngine.runScriptAsRawText(ScriptEngine.java:119)
	at com.kms.katalon.core.main.TestCaseExecutor.runScript(TestCaseExecutor.java:448)
	at com.kms.katalon.core.main.TestCaseExecutor.doExecute(TestCaseExecutor.java:439)
	at com.kms.katalon.core.main.TestCaseExecutor.processExecutionPhase(TestCaseExecutor.java:418)
	at com.kms.katalon.core.main.TestCaseExecutor.accessMainPhase(TestCaseExecutor.java:410)
	at com.kms.katalon.core.main.TestCaseExecutor.execute(TestCaseExecutor.java:285)
	at com.kms.katalon.core.common.CommonExecutor.accessTestCaseMainPhase(CommonExecutor.java:65)
	at com.kms.katalon.core.main.TestSuiteExecutor.accessTestSuiteMainPhase(TestSuiteExecutor.java:148)
	at com.kms.katalon.core.main.TestSuiteExecutor.execute(TestSuiteExecutor.java:106)
	at com.kms.katalon.core.main.TestCaseMain.startTestSuite(TestCaseMain.java:187)
	at com.kms.katalon.core.main.TestCaseMain$startTestSuite$0.call(Unknown Source)
	at TempTestSuite1715800219174.run(TempTestSuite1715800219174.groovy:35)
)

2024-05-15 15:29:21 - [MESSAGE][FAILED] - Text 'Is this information correct?' is not present on page  (Root cause: com.kms.katalon.core.exception.StepFailedException: Text 'Is this information correct?' is not present on page 
	at com.kms.katalon.core.webui.keyword.internal.WebUIKeywordMain.stepFailed(WebUIKeywordMain.groovy:64)
	at com.kms.katalon.core.webui.keyword.builtin.VerifyTextPresentKeyword$_verifyTextPresent_closure1.doCall(VerifyTextPresentKeyword.groovy:79)
	at com.kms.katalon.core.webui.keyword.builtin.VerifyTextPresentKeyword$_verifyTextPresent_closure1.call(VerifyTextPresentKeyword.groovy)
	at com.kms.katalon.core.webui.keyword.internal.WebUIKeywordMain.runKeyword(WebUIKeywordMain.groovy:20)
	at com.kms.katalon.core.webui.keyword.builtin.VerifyTextPresentKeyword.verifyTextPresent(VerifyTextPresentKeyword.groovy:83)
	at com.kms.katalon.core.webui.keyword.builtin.VerifyTextPresentKeyword.execute(VerifyTextPresentKeyword.groovy:68)
	at com.kms.katalon.core.keyword.internal.KeywordExecutor.executeKeywordForPlatform(KeywordExecutor.groovy:74)
	at com.kms.katalon.core.webui.keyword.WebUiBuiltInKeywords.verifyTextPresent(WebUiBuiltInKeywords.groovy:1723)
	at com.kms.katalon.core.webui.keyword.WebUiBuiltInKeywords$verifyTextPresent$8.call(Unknown Source)
	at PayNowReqFieldsCC.run(PayNowReqFieldsCC:581)
	at com.kms.katalon.core.main.ScriptEngine.run(ScriptEngine.java:194)
	at com.kms.katalon.core.main.ScriptEngine.runScriptAsRawText(ScriptEngine.java:119)
	at com.kms.katalon.core.main.TestCaseExecutor.runScript(TestCaseExecutor.java:448)
	at com.kms.katalon.core.main.TestCaseExecutor.doExecute(TestCaseExecutor.java:439)
	at com.kms.katalon.core.main.TestCaseExecutor.processExecutionPhase(TestCaseExecutor.java:418)
	at com.kms.katalon.core.main.TestCaseExecutor.accessMainPhase(TestCaseExecutor.java:410)
	at com.kms.katalon.core.main.TestCaseExecutor.execute(TestCaseExecutor.java:285)
	at com.kms.katalon.core.common.CommonExecutor.accessTestCaseMainPhase(CommonExecutor.java:65)
	at com.kms.katalon.core.main.TestSuiteExecutor.accessTestSuiteMainPhase(TestSuiteExecutor.java:148)
	at com.kms.katalon.core.main.TestSuiteExecutor.execute(TestSuiteExecutor.java:106)
	at com.kms.katalon.core.main.TestCaseMain.startTestSuite(TestCaseMain.java:187)
	at com.kms.katalon.core.main.TestCaseMain$startTestSuite$0.call(Unknown Source)
	at TempTestSuite1715800219174.run(TempTestSuite1715800219174.groovy:35)
)

2024-05-15 15:29:21 - [TEST_STEP][PASSED] - else: null

2024-05-15 15:29:21 - [TEST_STEP][PASSED] - println("Is this information correct text is not present on the Confirmation page"): null

2024-05-15 15:29:21 - [TEST_STEP][FAILED] - if (verifyElementPresent(findTestObject("Object Repository/IWP30/Page_Confirmation/ConfirmButton"), 30)): com.kms.katalon.core.webui.exception.WebElementNotFoundException: Web element with id: 'Object Repository/IWP30/Page_Confirmation/ConfirmButton' located by '//*[@type = 'submit' and @name = 'confirmNotifyAction' and @id = 'submitYes' and @value = 'Confirm']' not found (Root cause: com.kms.katalon.core.exception.StepFailedException: com.kms.katalon.core.webui.exception.WebElementNotFoundException: Web element with id: 'Object Repository/IWP30/Page_Confirmation/ConfirmButton' located by '//*[@type = 'submit' and @name = 'confirmNotifyAction' and @id = 'submitYes' and @value = 'Confirm']' not found
	at com.kms.katalon.core.webui.keyword.internal.WebUIKeywordMain.stepFailed(WebUIKeywordMain.groovy:64)
	at com.kms.katalon.core.webui.keyword.builtin.VerifyElementPresentKeyword$_verifyElementPresent_closure1.doCall(VerifyElementPresentKeyword.groovy:85)
	at com.kms.katalon.core.webui.keyword.builtin.VerifyElementPresentKeyword$_verifyElementPresent_closure1.call(VerifyElementPresentKeyword.groovy)
	at com.kms.katalon.core.webui.keyword.internal.WebUIKeywordMain.runKeyword(WebUIKeywordMain.groovy:20)
	at com.kms.katalon.core.webui.keyword.builtin.VerifyElementPresentKeyword.verifyElementPresent(VerifyElementPresentKeyword.groovy:92)
	at com.kms.katalon.core.webui.keyword.builtin.VerifyElementPresentKeyword.execute(VerifyElementPresentKeyword.groovy:68)
	at com.kms.katalon.core.keyword.internal.KeywordExecutor.executeKeywordForPlatform(KeywordExecutor.groovy:74)
	at com.kms.katalon.core.webui.keyword.WebUiBuiltInKeywords.verifyElementPresent(WebUiBuiltInKeywords.groovy:1464)
	at com.kms.katalon.core.webui.keyword.WebUiBuiltInKeywords$verifyElementPresent$5.call(Unknown Source)
	at PayNowReqFieldsCC.run(PayNowReqFieldsCC:589)
	at com.kms.katalon.core.main.ScriptEngine.run(ScriptEngine.java:194)
	at com.kms.katalon.core.main.ScriptEngine.runScriptAsRawText(ScriptEngine.java:119)
	at com.kms.katalon.core.main.TestCaseExecutor.runScript(TestCaseExecutor.java:448)
	at com.kms.katalon.core.main.TestCaseExecutor.doExecute(TestCaseExecutor.java:439)
	at com.kms.katalon.core.main.TestCaseExecutor.processExecutionPhase(TestCaseExecutor.java:418)
	at com.kms.katalon.core.main.TestCaseExecutor.accessMainPhase(TestCaseExecutor.java:410)
	at com.kms.katalon.core.main.TestCaseExecutor.execute(TestCaseExecutor.java:285)
	at com.kms.katalon.core.common.CommonExecutor.accessTestCaseMainPhase(CommonExecutor.java:65)
	at com.kms.katalon.core.main.TestSuiteExecutor.accessTestSuiteMainPhase(TestSuiteExecutor.java:148)
	at com.kms.katalon.core.main.TestSuiteExecutor.execute(TestSuiteExecutor.java:106)
	at com.kms.katalon.core.main.TestCaseMain.startTestSuite(TestCaseMain.java:187)
	at com.kms.katalon.core.main.TestCaseMain$startTestSuite$0.call(Unknown Source)
	at TempTestSuite1715800219174.run(TempTestSuite1715800219174.groovy:35)
)

2024-05-15 15:29:52 - [MESSAGE][INFO] - Unable to find the element located by 'By.xpath: //*[@type = 'submit' and @name = 'confirmNotifyAction' and @id = 'submitYes' and @value = 'Confirm']'. Please recheck the objects properties to make sure the desired element is located. 

2024-05-15 15:29:53 - [MESSAGE][FAILED] - com.kms.katalon.core.webui.exception.WebElementNotFoundException: Web element with id: 'Object Repository/IWP30/Page_Confirmation/ConfirmButton' located by '//*[@type = 'submit' and @name = 'confirmNotifyAction' and @id = 'submitYes' and @value = 'Confirm']' not found (Root cause: com.kms.katalon.core.exception.StepFailedException: com.kms.katalon.core.webui.exception.WebElementNotFoundException: Web element with id: 'Object Repository/IWP30/Page_Confirmation/ConfirmButton' located by '//*[@type = 'submit' and @name = 'confirmNotifyAction' and @id = 'submitYes' and @value = 'Confirm']' not found
	at com.kms.katalon.core.webui.keyword.internal.WebUIKeywordMain.stepFailed(WebUIKeywordMain.groovy:64)
	at com.kms.katalon.core.webui.keyword.builtin.VerifyElementPresentKeyword$_verifyElementPresent_closure1.doCall(VerifyElementPresentKeyword.groovy:85)
	at com.kms.katalon.core.webui.keyword.builtin.VerifyElementPresentKeyword$_verifyElementPresent_closure1.call(VerifyElementPresentKeyword.groovy)
	at com.kms.katalon.core.webui.keyword.internal.WebUIKeywordMain.runKeyword(WebUIKeywordMain.groovy:20)
	at com.kms.katalon.core.webui.keyword.builtin.VerifyElementPresentKeyword.verifyElementPresent(VerifyElementPresentKeyword.groovy:92)
	at com.kms.katalon.core.webui.keyword.builtin.VerifyElementPresentKeyword.execute(VerifyElementPresentKeyword.groovy:68)
	at com.kms.katalon.core.keyword.internal.KeywordExecutor.executeKeywordForPlatform(KeywordExecutor.groovy:74)
	at com.kms.katalon.core.webui.keyword.WebUiBuiltInKeywords.verifyElementPresent(WebUiBuiltInKeywords.groovy:1464)
	at com.kms.katalon.core.webui.keyword.WebUiBuiltInKeywords$verifyElementPresent$5.call(Unknown Source)
	at PayNowReqFieldsCC.run(PayNowReqFieldsCC:589)
	at com.kms.katalon.core.main.ScriptEngine.run(ScriptEngine.java:194)
	at com.kms.katalon.core.main.ScriptEngine.runScriptAsRawText(ScriptEngine.java:119)
	at com.kms.katalon.core.main.TestCaseExecutor.runScript(TestCaseExecutor.java:448)
	at com.kms.katalon.core.main.TestCaseExecutor.doExecute(TestCaseExecutor.java:439)
	at com.kms.katalon.core.main.TestCaseExecutor.processExecutionPhase(TestCaseExecutor.java:418)
	at com.kms.katalon.core.main.TestCaseExecutor.accessMainPhase(TestCaseExecutor.java:410)
	at com.kms.katalon.core.main.TestCaseExecutor.execute(TestCaseExecutor.java:285)
	at com.kms.katalon.core.common.CommonExecutor.accessTestCaseMainPhase(CommonExecutor.java:65)
	at com.kms.katalon.core.main.TestSuiteExecutor.accessTestSuiteMainPhase(TestSuiteExecutor.java:148)
	at com.kms.katalon.core.main.TestSuiteExecutor.execute(TestSuiteExecutor.java:106)
	at com.kms.katalon.core.main.TestCaseMain.startTestSuite(TestCaseMain.java:187)
	at com.kms.katalon.core.main.TestCaseMain$startTestSuite$0.call(Unknown Source)
	at TempTestSuite1715800219174.run(TempTestSuite1715800219174.groovy:35)
)
[[ATTACHMENT|E:\\Cloned-Project-Katalon\\VPS-Katalon\\Reports\\20240515_151019\\QA\\IWP3.0\\IWP30 Smoke TestSuite\\20240515_151019\\1715801392492.png]]

2024-05-15 15:29:53 - [TEST_STEP][PASSED] - else: null

2024-05-15 15:29:53 - [TEST_STEP][PASSED] - println("Confirm button is missing on the Confirmation page"): null

2024-05-15 15:29:53 - [TEST_STEP][PASSED] - Thread.sleep(10000): null

2024-05-15 15:30:03 - [TEST_STEP][FAILED] - if (verifyTextPresent("Successful Payment Receipt", false)): Text 'Successful Payment Receipt' is not present on page  (Root cause: com.kms.katalon.core.exception.StepFailedException: Text 'Successful Payment Receipt' is not present on page 
	at com.kms.katalon.core.webui.keyword.internal.WebUIKeywordMain.stepFailed(WebUIKeywordMain.groovy:64)
	at com.kms.katalon.core.webui.keyword.builtin.VerifyTextPresentKeyword$_verifyTextPresent_closure1.doCall(VerifyTextPresentKeyword.groovy:79)
	at com.kms.katalon.core.webui.keyword.builtin.VerifyTextPresentKeyword$_verifyTextPresent_closure1.call(VerifyTextPresentKeyword.groovy)
	at com.kms.katalon.core.webui.keyword.internal.WebUIKeywordMain.runKeyword(WebUIKeywordMain.groovy:20)
	at com.kms.katalon.core.webui.keyword.builtin.VerifyTextPresentKeyword.verifyTextPresent(VerifyTextPresentKeyword.groovy:83)
	at com.kms.katalon.core.webui.keyword.builtin.VerifyTextPresentKeyword.execute(VerifyTextPresentKeyword.groovy:68)
	at com.kms.katalon.core.keyword.internal.KeywordExecutor.executeKeywordForPlatform(KeywordExecutor.groovy:74)
	at com.kms.katalon.core.webui.keyword.WebUiBuiltInKeywords.verifyTextPresent(WebUiBuiltInKeywords.groovy:1723)
	at com.kms.katalon.core.webui.keyword.WebUiBuiltInKeywords$verifyTextPresent$8.call(Unknown Source)
	at PayNowReqFieldsCC.run(PayNowReqFieldsCC:604)
	at com.kms.katalon.core.main.ScriptEngine.run(ScriptEngine.java:194)
	at com.kms.katalon.core.main.ScriptEngine.runScriptAsRawText(ScriptEngine.java:119)
	at com.kms.katalon.core.main.TestCaseExecutor.runScript(TestCaseExecutor.java:448)
	at com.kms.katalon.core.main.TestCaseExecutor.doExecute(TestCaseExecutor.java:439)
	at com.kms.katalon.core.main.TestCaseExecutor.processExecutionPhase(TestCaseExecutor.java:418)
	at com.kms.katalon.core.main.TestCaseExecutor.accessMainPhase(TestCaseExecutor.java:410)
	at com.kms.katalon.core.main.TestCaseExecutor.execute(TestCaseExecutor.java:285)
	at com.kms.katalon.core.common.CommonExecutor.accessTestCaseMainPhase(CommonExecutor.java:65)
	at com.kms.katalon.core.main.TestSuiteExecutor.accessTestSuiteMainPhase(TestSuiteExecutor.java:148)
	at com.kms.katalon.core.main.TestSuiteExecutor.execute(TestSuiteExecutor.java:106)
	at com.kms.katalon.core.main.TestCaseMain.startTestSuite(TestCaseMain.java:187)
	at com.kms.katalon.core.main.TestCaseMain$startTestSuite$0.call(Unknown Source)
	at TempTestSuite1715800219174.run(TempTestSuite1715800219174.groovy:35)
)

2024-05-15 15:30:03 - [MESSAGE][FAILED] - Text 'Successful Payment Receipt' is not present on page  (Root cause: com.kms.katalon.core.exception.StepFailedException: Text 'Successful Payment Receipt' is not present on page 
	at com.kms.katalon.core.webui.keyword.internal.WebUIKeywordMain.stepFailed(WebUIKeywordMain.groovy:64)
	at com.kms.katalon.core.webui.keyword.builtin.VerifyTextPresentKeyword$_verifyTextPresent_closure1.doCall(VerifyTextPresentKeyword.groovy:79)
	at com.kms.katalon.core.webui.keyword.builtin.VerifyTextPresentKeyword$_verifyTextPresent_closure1.call(VerifyTextPresentKeyword.groovy)
	at com.kms.katalon.core.webui.keyword.internal.WebUIKeywordMain.runKeyword(WebUIKeywordMain.groovy:20)
	at com.kms.katalon.core.webui.keyword.builtin.VerifyTextPresentKeyword.verifyTextPresent(VerifyTextPresentKeyword.groovy:83)
	at com.kms.katalon.core.webui.keyword.builtin.VerifyTextPresentKeyword.execute(VerifyTextPresentKeyword.groovy:68)
	at com.kms.katalon.core.keyword.internal.KeywordExecutor.executeKeywordForPlatform(KeywordExecutor.groovy:74)
	at com.kms.katalon.core.webui.keyword.WebUiBuiltInKeywords.verifyTextPresent(WebUiBuiltInKeywords.groovy:1723)
	at com.kms.katalon.core.webui.keyword.WebUiBuiltInKeywords$verifyTextPresent$8.call(Unknown Source)
	at PayNowReqFieldsCC.run(PayNowReqFieldsCC:604)
	at com.kms.katalon.core.main.ScriptEngine.run(ScriptEngine.java:194)
	at com.kms.katalon.core.main.ScriptEngine.runScriptAsRawText(ScriptEngine.java:119)
	at com.kms.katalon.core.main.TestCaseExecutor.runScript(TestCaseExecutor.java:448)
	at com.kms.katalon.core.main.TestCaseExecutor.doExecute(TestCaseExecutor.java:439)
	at com.kms.katalon.core.main.TestCaseExecutor.processExecutionPhase(TestCaseExecutor.java:418)
	at com.kms.katalon.core.main.TestCaseExecutor.accessMainPhase(TestCaseExecutor.java:410)
	at com.kms.katalon.core.main.TestCaseExecutor.execute(TestCaseExecutor.java:285)
	at com.kms.katalon.core.common.CommonExecutor.accessTestCaseMainPhase(CommonExecutor.java:65)
	at com.kms.katalon.core.main.TestSuiteExecutor.accessTestSuiteMainPhase(TestSuiteExecutor.java:148)
	at com.kms.katalon.core.main.TestSuiteExecutor.execute(TestSuiteExecutor.java:106)
	at com.kms.katalon.core.main.TestCaseMain.startTestSuite(TestCaseMain.java:187)
	at com.kms.katalon.core.main.TestCaseMain$startTestSuite$0.call(Unknown Source)
	at TempTestSuite1715800219174.run(TempTestSuite1715800219174.groovy:35)
)

2024-05-15 15:30:03 - [TEST_STEP][PASSED] - else: null

2024-05-15 15:30:03 - [TEST_STEP][FAILED] - if (verifyTextPresent("Please print this receipt for your records", false)): Text 'Please print this receipt for your records' is not present on page  (Root cause: com.kms.katalon.core.exception.StepFailedException: Text 'Please print this receipt for your records' is not present on page 
	at com.kms.katalon.core.webui.keyword.internal.WebUIKeywordMain.stepFailed(WebUIKeywordMain.groovy:64)
	at com.kms.katalon.core.webui.keyword.builtin.VerifyTextPresentKeyword$_verifyTextPresent_closure1.doCall(VerifyTextPresentKeyword.groovy:79)
	at com.kms.katalon.core.webui.keyword.builtin.VerifyTextPresentKeyword$_verifyTextPresent_closure1.call(VerifyTextPresentKeyword.groovy)
	at com.kms.katalon.core.webui.keyword.internal.WebUIKeywordMain.runKeyword(WebUIKeywordMain.groovy:20)
	at com.kms.katalon.core.webui.keyword.builtin.VerifyTextPresentKeyword.verifyTextPresent(VerifyTextPresentKeyword.groovy:83)
	at com.kms.katalon.core.webui.keyword.builtin.VerifyTextPresentKeyword.execute(VerifyTextPresentKeyword.groovy:68)
	at com.kms.katalon.core.keyword.internal.KeywordExecutor.executeKeywordForPlatform(KeywordExecutor.groovy:74)
	at com.kms.katalon.core.webui.keyword.WebUiBuiltInKeywords.verifyTextPresent(WebUiBuiltInKeywords.groovy:1723)
	at com.kms.katalon.core.webui.keyword.WebUiBuiltInKeywords$verifyTextPresent$8.call(Unknown Source)
	at PayNowReqFieldsCC.run(PayNowReqFieldsCC:611)
	at com.kms.katalon.core.main.ScriptEngine.run(ScriptEngine.java:194)
	at com.kms.katalon.core.main.ScriptEngine.runScriptAsRawText(ScriptEngine.java:119)
	at com.kms.katalon.core.main.TestCaseExecutor.runScript(TestCaseExecutor.java:448)
	at com.kms.katalon.core.main.TestCaseExecutor.doExecute(TestCaseExecutor.java:439)
	at com.kms.katalon.core.main.TestCaseExecutor.processExecutionPhase(TestCaseExecutor.java:418)
	at com.kms.katalon.core.main.TestCaseExecutor.accessMainPhase(TestCaseExecutor.java:410)
	at com.kms.katalon.core.main.TestCaseExecutor.execute(TestCaseExecutor.java:285)
	at com.kms.katalon.core.common.CommonExecutor.accessTestCaseMainPhase(CommonExecutor.java:65)
	at com.kms.katalon.core.main.TestSuiteExecutor.accessTestSuiteMainPhase(TestSuiteExecutor.java:148)
	at com.kms.katalon.core.main.TestSuiteExecutor.execute(TestSuiteExecutor.java:106)
	at com.kms.katalon.core.main.TestCaseMain.startTestSuite(TestCaseMain.java:187)
	at com.kms.katalon.core.main.TestCaseMain$startTestSuite$0.call(Unknown Source)
	at TempTestSuite1715800219174.run(TempTestSuite1715800219174.groovy:35)
)

2024-05-15 15:30:03 - [MESSAGE][FAILED] - Text 'Please print this receipt for your records' is not present on page  (Root cause: com.kms.katalon.core.exception.StepFailedException: Text 'Please print this receipt for your records' is not present on page 
	at com.kms.katalon.core.webui.keyword.internal.WebUIKeywordMain.stepFailed(WebUIKeywordMain.groovy:64)
	at com.kms.katalon.core.webui.keyword.builtin.VerifyTextPresentKeyword$_verifyTextPresent_closure1.doCall(VerifyTextPresentKeyword.groovy:79)
	at com.kms.katalon.core.webui.keyword.builtin.VerifyTextPresentKeyword$_verifyTextPresent_closure1.call(VerifyTextPresentKeyword.groovy)
	at com.kms.katalon.core.webui.keyword.internal.WebUIKeywordMain.runKeyword(WebUIKeywordMain.groovy:20)
	at com.kms.katalon.core.webui.keyword.builtin.VerifyTextPresentKeyword.verifyTextPresent(VerifyTextPresentKeyword.groovy:83)
	at com.kms.katalon.core.webui.keyword.builtin.VerifyTextPresentKeyword.execute(VerifyTextPresentKeyword.groovy:68)
	at com.kms.katalon.core.keyword.internal.KeywordExecutor.executeKeywordForPlatform(KeywordExecutor.groovy:74)
	at com.kms.katalon.core.webui.keyword.WebUiBuiltInKeywords.verifyTextPresent(WebUiBuiltInKeywords.groovy:1723)
	at com.kms.katalon.core.webui.keyword.WebUiBuiltInKeywords$verifyTextPresent$8.call(Unknown Source)
	at PayNowReqFieldsCC.run(PayNowReqFieldsCC:611)
	at com.kms.katalon.core.main.ScriptEngine.run(ScriptEngine.java:194)
	at com.kms.katalon.core.main.ScriptEngine.runScriptAsRawText(ScriptEngine.java:119)
	at com.kms.katalon.core.main.TestCaseExecutor.runScript(TestCaseExecutor.java:448)
	at com.kms.katalon.core.main.TestCaseExecutor.doExecute(TestCaseExecutor.java:439)
	at com.kms.katalon.core.main.TestCaseExecutor.processExecutionPhase(TestCaseExecutor.java:418)
	at com.kms.katalon.core.main.TestCaseExecutor.accessMainPhase(TestCaseExecutor.java:410)
	at com.kms.katalon.core.main.TestCaseExecutor.execute(TestCaseExecutor.java:285)
	at com.kms.katalon.core.common.CommonExecutor.accessTestCaseMainPhase(CommonExecutor.java:65)
	at com.kms.katalon.core.main.TestSuiteExecutor.accessTestSuiteMainPhase(TestSuiteExecutor.java:148)
	at com.kms.katalon.core.main.TestSuiteExecutor.execute(TestSuiteExecutor.java:106)
	at com.kms.katalon.core.main.TestCaseMain.startTestSuite(TestCaseMain.java:187)
	at com.kms.katalon.core.main.TestCaseMain$startTestSuite$0.call(Unknown Source)
	at TempTestSuite1715800219174.run(TempTestSuite1715800219174.groovy:35)
)

2024-05-15 15:30:03 - [TEST_STEP][PASSED] - else: null

2024-05-15 15:30:03 - [TEST_STEP][PASSED] - if (verifyElementPresent(findTestObject("Object Repository/IWP30/Page_Receipt/ExitButton"), 30)): null

2024-05-15 15:30:04 - [MESSAGE][PASSED] - Object 'Object Repository/IWP30/Page_Receipt/ExitButton' is present

2024-05-15 15:30:04 - [TEST_STEP][PASSED] - println("Exit Button is present on the Receipt page"): null

2024-05-15 15:30:04 - [TEST_STEP][PASSED] - closeBrowser(): Browser is closed

2024-05-15 15:30:05 - [MESSAGE][PASSED] - Browser is closed

2024-05-15 15:30:05 - [TEST_STEP][PASSED] - ExecuteTC = findTestData("IWPTestData/IWP30PayNowCC").getValue("Execute", row): null

2024-05-15 15:30:05 - [TEST_STEP][PASSED] - out.println("Value of Execute is : " + ExecuteTC): null

2024-05-15 15:30:05 - [TEST_STEP][PASSED] - if (ExecuteTC.equalsIgnoreCase("Y")): Browser is closed

2024-05-15 15:30:05 - [TEST_STEP][PASSED] - out.println("Begin Record Number: " + row): null

2024-05-15 15:30:05 - [TEST_STEP][PASSED] - try: null

2024-05-15 15:30:05 - [TEST_STEP][PASSED] - MV = findTestData("IWPTestData/IWP30PayNowCC").getValue("MV", row): null

2024-05-15 15:30:05 - [TEST_STEP][PASSED] - println(MV): null

2024-05-15 15:30:05 - [TEST_STEP][PASSED] - Amount = findTestData("IWPTestData/IWP30PayNowCC").getValue("Amount", row): null

2024-05-15 15:30:05 - [TEST_STEP][PASSED] - println(Amount): null

2024-05-15 15:30:05 - [TEST_STEP][PASSED] - CAN = findTestData("IWPTestData/IWP30PayNowCC").getValue("CAN", row): null

2024-05-15 15:30:05 - [TEST_STEP][PASSED] - println(CAN): null

2024-05-15 15:30:05 - [TEST_STEP][PASSED] - Action = findTestData("IWPTestData/IWP30PayNowCC").getValue("Action", row): null

2024-05-15 15:30:05 - [TEST_STEP][PASSED] - println(Action): null

2024-05-15 15:30:05 - [TEST_STEP][PASSED] - Lang = findTestData("IWPTestData/IWP30PayNowCC").getValue("Lang", row): null

2024-05-15 15:30:05 - [TEST_STEP][PASSED] - println(Lang): null

2024-05-15 15:30:05 - [TEST_STEP][PASSED] - Fname = findTestData("IWPTestData/IWP30PayNowCC").getValue("Fname", row): null

2024-05-15 15:30:05 - [TEST_STEP][PASSED] - println(Fname): null

2024-05-15 15:30:05 - [TEST_STEP][PASSED] - Lname = findTestData("IWPTestData/IWP30PayNowCC").getValue("Lname", row): null

2024-05-15 15:30:05 - [TEST_STEP][PASSED] - println(Lname): null

2024-05-15 15:30:05 - [TEST_STEP][PASSED] - AL1 = findTestData("IWPTestData/IWP30PayNowCC").getValue("AL1", row): null

2024-05-15 15:30:05 - [TEST_STEP][PASSED] - println(AL1): null

2024-05-15 15:30:05 - [TEST_STEP][PASSED] - AL2 = findTestData("IWPTestData/IWP30PayNowCC").getValue("AL2", row): null

2024-05-15 15:30:05 - [TEST_STEP][PASSED] - println(AL2): null

2024-05-15 15:30:05 - [TEST_STEP][PASSED] - Country = findTestData("IWPTestData/IWP30PayNowCC").getValue("Country", row): null

2024-05-15 15:30:05 - [TEST_STEP][PASSED] - println(Country): null

2024-05-15 15:30:05 - [TEST_STEP][PASSED] - City = findTestData("IWPTestData/IWP30PayNowCC").getValue("City", row): null

2024-05-15 15:30:05 - [TEST_STEP][PASSED] - println(City): null

2024-05-15 15:30:05 - [TEST_STEP][PASSED] - State = findTestData("IWPTestData/IWP30PayNowCC").getValue("State", row): null

2024-05-15 15:30:06 - [TEST_STEP][PASSED] - println(State): null

2024-05-15 15:30:06 - [TEST_STEP][PASSED] - ZIP = findTestData("IWPTestData/IWP30PayNowCC").getValue("ZIP", row): null

2024-05-15 15:30:06 - [TEST_STEP][PASSED] - println(ZIP): null

2024-05-15 15:30:06 - [TEST_STEP][PASSED] - Order = findTestData("IWPTestData/IWP30PayNowCC").getValue("Order", row): null

2024-05-15 15:30:06 - [TEST_STEP][PASSED] - println(Order): null

2024-05-15 15:30:06 - [TEST_STEP][PASSED] - CompanyName = findTestData("IWPTestData/IWP30PayNowCC").getValue("CompanyName", row): null

2024-05-15 15:30:06 - [TEST_STEP][PASSED] - println(CompanyName): null

2024-05-15 15:30:06 - [TEST_STEP][PASSED] - Email = findTestData("IWPTestData/IWP30PayNowCC").getValue("Email", row): null

2024-05-15 15:30:06 - [TEST_STEP][PASSED] - println(Email): null

2024-05-15 15:30:06 - [TEST_STEP][PASSED] - UDF1 = findTestData("IWPTestData/IWP30PayNowCC").getValue("UDF1", row): null

2024-05-15 15:30:06 - [TEST_STEP][PASSED] - println(UDF1): null

2024-05-15 15:30:06 - [TEST_STEP][PASSED] - UDF2 = findTestData("IWPTestData/IWP30PayNowCC").getValue("UDF2", row): null

2024-05-15 15:30:06 - [TEST_STEP][PASSED] - println(UDF2): null

2024-05-15 15:30:06 - [TEST_STEP][PASSED] - UDF3 = findTestData("IWPTestData/IWP30PayNowCC").getValue("UDF3", row): null

2024-05-15 15:30:06 - [TEST_STEP][PASSED] - println(UDF3): null

2024-05-15 15:30:06 - [TEST_STEP][PASSED] - UDF4 = findTestData("IWPTestData/IWP30PayNowCC").getValue("UDF4", row): null

2024-05-15 15:30:06 - [TEST_STEP][PASSED] - println(UDF4): null

2024-05-15 15:30:06 - [TEST_STEP][PASSED] - UDF5 = findTestData("IWPTestData/IWP30PayNowCC").getValue("UDF5", row): null

2024-05-15 15:30:06 - [TEST_STEP][PASSED] - println(UDF5): null

2024-05-15 15:30:06 - [TEST_STEP][PASSED] - UDF6 = findTestData("IWPTestData/IWP30PayNowCC").getValue("UDF6", row): null

2024-05-15 15:30:06 - [TEST_STEP][PASSED] - println(UDF6): null

2024-05-15 15:30:06 - [TEST_STEP][PASSED] - UDF7 = findTestData("IWPTestData/IWP30PayNowCC").getValue("UDF7", row): null

2024-05-15 15:30:06 - [TEST_STEP][PASSED] - println(UDF7): null

2024-05-15 15:30:06 - [TEST_STEP][PASSED] - UDF8 = findTestData("IWPTestData/IWP30PayNowCC").getValue("UDF8", row): null

2024-05-15 15:30:06 - [TEST_STEP][PASSED] - println(UDF8): null

2024-05-15 15:30:06 - [TEST_STEP][PASSED] - UDF9 = findTestData("IWPTestData/IWP30PayNowCC").getValue("UDF9", row): null

2024-05-15 15:30:06 - [TEST_STEP][PASSED] - println(UDF9): null

2024-05-15 15:30:06 - [TEST_STEP][PASSED] - UDF10 = findTestData("IWPTestData/IWP30PayNowCC").getValue("UDF10", row): null

2024-05-15 15:30:06 - [TEST_STEP][PASSED] - println(UDF10): null

2024-05-15 15:30:06 - [TEST_STEP][PASSED] - AppID = findTestData("IWPTestData/IWP30PayNowCC").getValue("AppID", row): null

2024-05-15 15:30:06 - [TEST_STEP][PASSED] - println(AppID): null

2024-05-15 15:30:06 - [TEST_STEP][PASSED] - MessageVersion = findTestData("IWPTestData/IWP30PayNowCC").getValue("MessageVersion", row): null

2024-05-15 15:30:06 - [TEST_STEP][PASSED] - println(MessageVersion): null

2024-05-15 15:30:06 - [TEST_STEP][PASSED] - CCAmount = findTestData("IWPTestData/IWP30PayNowCC").getValue("CCAmount", row): null

2024-05-15 15:30:06 - [TEST_STEP][PASSED] - println(CCAmount): null

2024-05-15 15:30:06 - [TEST_STEP][PASSED] - CCUDF1 = findTestData("IWPTestData/IWP30PayNowCC").getValue("CCUDF1", row): null

2024-05-15 15:30:06 - [TEST_STEP][PASSED] - println(CCUDF1): null

2024-05-15 15:30:06 - [TEST_STEP][PASSED] - CCUDF2 = findTestData("IWPTestData/IWP30PayNowCC").getValue("CCUDF2", row): null

2024-05-15 15:30:06 - [TEST_STEP][PASSED] - println(CCUDF2): null

2024-05-15 15:30:06 - [TEST_STEP][PASSED] - CCUDF3 = findTestData("IWPTestData/IWP30PayNowCC").getValue("CCUDF3", row): null

2024-05-15 15:30:06 - [TEST_STEP][PASSED] - println(CCUDF3): null

2024-05-15 15:30:06 - [TEST_STEP][PASSED] - CCUDF4 = findTestData("IWPTestData/IWP30PayNowCC").getValue("CCUDF4", row): null

2024-05-15 15:30:06 - [TEST_STEP][PASSED] - println(CCUDF4): null

2024-05-15 15:30:06 - [TEST_STEP][PASSED] - CCUDF5 = findTestData("IWPTestData/IWP30PayNowCC").getValue("CCUDF5", row): null

2024-05-15 15:30:06 - [TEST_STEP][PASSED] - println(CCUDF5): null

2024-05-15 15:30:06 - [TEST_STEP][PASSED] - CCUDF6 = findTestData("IWPTestData/IWP30PayNowCC").getValue("CCUDF6", row): null

2024-05-15 15:30:07 - [TEST_STEP][PASSED] - println(CCUDF6): null

2024-05-15 15:30:07 - [TEST_STEP][PASSED] - CCUDF7 = findTestData("IWPTestData/IWP30PayNowCC").getValue("CCUDF7", row): null

2024-05-15 15:30:07 - [TEST_STEP][PASSED] - println(CCUDF7): null

2024-05-15 15:30:07 - [TEST_STEP][PASSED] - CCUDF8 = findTestData("IWPTestData/IWP30PayNowCC").getValue("CCUDF8", row): null

2024-05-15 15:30:07 - [TEST_STEP][PASSED] - println(CCUDF8): null

2024-05-15 15:30:07 - [TEST_STEP][PASSED] - CCUDF9 = findTestData("IWPTestData/IWP30PayNowCC").getValue("CCUDF9", row): null

2024-05-15 15:30:07 - [TEST_STEP][PASSED] - println(CCUDF9): null

2024-05-15 15:30:07 - [TEST_STEP][PASSED] - CCUDF10 = findTestData("IWPTestData/IWP30PayNowCC").getValue("CCUDF10", row): null

2024-05-15 15:30:07 - [TEST_STEP][PASSED] - println(CCUDF10): null

2024-05-15 15:30:07 - [TEST_STEP][PASSED] - CCName = findTestData("IWPTestData/IWP30PayNowCC").getValue("CCName", row): null

2024-05-15 15:30:07 - [TEST_STEP][PASSED] - println(CCName): null

2024-05-15 15:30:07 - [TEST_STEP][PASSED] - CCCardNum = findTestData("IWPTestData/IWP30PayNowCC").getValue("CCCardNum", row): null

2024-05-15 15:30:07 - [TEST_STEP][PASSED] - println(CCCardNum): null

2024-05-15 15:30:07 - [TEST_STEP][PASSED] - CCSPC = findTestData("IWPTestData/IWP30PayNowCC").getValue("CCSPC", row): null

2024-05-15 15:30:07 - [TEST_STEP][PASSED] - println(CCSPC): null

2024-05-15 15:30:07 - [TEST_STEP][PASSED] - CCExpM = findTestData("IWPTestData/IWP30PayNowCC").getValue("CCExpM", row): null

2024-05-15 15:30:07 - [TEST_STEP][PASSED] - println(CCExpM): null

2024-05-15 15:30:07 - [TEST_STEP][PASSED] - CCExpY = findTestData("IWPTestData/IWP30PayNowCC").getValue("CCExpY", row): null

2024-05-15 15:30:07 - [TEST_STEP][PASSED] - println(CCExpY): null

2024-05-15 15:30:07 - [TEST_STEP][PASSED] - CCDate = findTestData("IWPTestData/IWP30PayNowCC").getValue("CCDate", row): null

2024-05-15 15:30:07 - [TEST_STEP][PASSED] - println(CCDate): null

2024-05-15 15:30:07 - [TEST_STEP][PASSED] - CCAL1 = findTestData("IWPTestData/IWP30PayNowCC").getValue("CCAL1", row): null

2024-05-15 15:30:07 - [TEST_STEP][PASSED] - println(CCAL1): null

2024-05-15 15:30:07 - [TEST_STEP][PASSED] - CCAL2 = findTestData("IWPTestData/IWP30PayNowCC").getValue("CCAL2", row): null

2024-05-15 15:30:07 - [TEST_STEP][PASSED] - println(CCAL2): null

2024-05-15 15:30:07 - [TEST_STEP][PASSED] - CCZIP = findTestData("IWPTestData/IWP30PayNowCC").getValue("CCZIP", row): null

2024-05-15 15:30:07 - [TEST_STEP][PASSED] - println(CCZIP): null

2024-05-15 15:30:07 - [TEST_STEP][PASSED] - CCEmail = findTestData("IWPTestData/IWP30PayNowCC").getValue("CCEmail", row): null

2024-05-15 15:30:07 - [TEST_STEP][PASSED] - println(CCEmail): null

2024-05-15 15:30:07 - [TEST_STEP][PASSED] - openBrowser(urlEmulator): Browser is opened with url: 'https://qa2.velocitypayment.com/agency/config.do?action=editor'

2024-05-15 15:30:07 - [MESSAGE][INFO] - Starting 'Chrome' driver

2024-05-15 15:30:07 - [MESSAGE][INFO] - User set preference: ['acceptInsecureCerts', 'true']

2024-05-15 15:30:07 - [MESSAGE][INFO] - Action delay is set to 0 milliseconds

2024-05-15 15:30:09 - [MESSAGE][PASSED] - Browser is opened with url: 'https://qa2.velocitypayment.com/agency/config.do?action=editor'

2024-05-15 15:30:09 - [TEST_STEP][PASSED] - maximizeWindow(): Current window maximized

2024-05-15 15:30:10 - [MESSAGE][PASSED] - Current window maximized

2024-05-15 15:30:10 - [TEST_STEP][PASSED] - selectOptionByValue(findTestObject("IWP30/Page_VRelay30Emulator/MV"), MV, true): All options with value '3.0' are selected in object 'Object Repository/IWP30/Page_VRelay30Emulator/MV'  using regular expression

2024-05-15 15:30:11 - [MESSAGE][PASSED] - All options with value '3.0' are selected in object 'Object Repository/IWP30/Page_VRelay30Emulator/MV'  using regular expression

2024-05-15 15:30:11 - [TEST_STEP][PASSED] - setText(findTestObject("IWP30/Page_VRelay30Emulator/Amount"), Amount): Text '29.50' is set on object 'Object Repository/IWP30/Page_VRelay30Emulator/Amount'

2024-05-15 15:30:12 - [MESSAGE][PASSED] - Text '29.50' is set on object 'Object Repository/IWP30/Page_VRelay30Emulator/Amount'

2024-05-15 15:30:12 - [TEST_STEP][PASSED] - setText(findTestObject("IWP30/Page_VRelay30Emulator/CAN"), CAN): Text '26412109' is set on object 'Object Repository/IWP30/Page_VRelay30Emulator/CAN'

2024-05-15 15:30:12 - [MESSAGE][PASSED] - Text '26412109' is set on object 'Object Repository/IWP30/Page_VRelay30Emulator/CAN'

2024-05-15 15:30:12 - [TEST_STEP][PASSED] - setText(findTestObject("IWP30/Page_VRelay30Emulator/Action"), Action): Text 'PayNow' is set on object 'Object Repository/IWP30/Page_VRelay30Emulator/Action'

2024-05-15 15:30:13 - [MESSAGE][PASSED] - Text 'PayNow' is set on object 'Object Repository/IWP30/Page_VRelay30Emulator/Action'

2024-05-15 15:30:13 - [TEST_STEP][PASSED] - setText(findTestObject("IWP30/Page_VRelay30Emulator/Lang"), Lang): Text 'en_US' is set on object 'Object Repository/IWP30/Page_VRelay30Emulator/Lang'

2024-05-15 15:30:14 - [MESSAGE][PASSED] - Text 'en_US' is set on object 'Object Repository/IWP30/Page_VRelay30Emulator/Lang'

2024-05-15 15:30:14 - [TEST_STEP][PASSED] - setText(findTestObject("IWP30/Page_VRelay30Emulator/Fname"), Fname): Text 'Jonty' is set on object 'Object Repository/IWP30/Page_VRelay30Emulator/Fname'

2024-05-15 15:30:14 - [MESSAGE][PASSED] - Text 'Jonty' is set on object 'Object Repository/IWP30/Page_VRelay30Emulator/Fname'

2024-05-15 15:30:14 - [TEST_STEP][PASSED] - setText(findTestObject("IWP30/Page_VRelay30Emulator/Lname"), Lname): Text 'Smith' is set on object 'Object Repository/IWP30/Page_VRelay30Emulator/Lname'

2024-05-15 15:30:15 - [MESSAGE][PASSED] - Text 'Smith' is set on object 'Object Repository/IWP30/Page_VRelay30Emulator/Lname'

2024-05-15 15:30:15 - [TEST_STEP][PASSED] - setText(findTestObject("IWP30/Page_VRelay30Emulator/AL1"), AL1): Text '15 Elm St' is set on object 'Object Repository/IWP30/Page_VRelay30Emulator/AL1'

2024-05-15 15:30:16 - [MESSAGE][PASSED] - Text '15 Elm St' is set on object 'Object Repository/IWP30/Page_VRelay30Emulator/AL1'

2024-05-15 15:30:16 - [TEST_STEP][PASSED] - setText(findTestObject("IWP30/Page_VRelay30Emulator/AL2"), AL2): Text 'Suite 600' is set on object 'Object Repository/IWP30/Page_VRelay30Emulator/AL2'

2024-05-15 15:30:16 - [MESSAGE][PASSED] - Text 'Suite 600' is set on object 'Object Repository/IWP30/Page_VRelay30Emulator/AL2'

2024-05-15 15:30:16 - [TEST_STEP][PASSED] - setText(findTestObject("IWP30/Page_VRelay30Emulator/Country"), Country): Text '840' is set on object 'Object Repository/IWP30/Page_VRelay30Emulator/Country'

2024-05-15 15:30:17 - [MESSAGE][PASSED] - Text '840' is set on object 'Object Repository/IWP30/Page_VRelay30Emulator/Country'

2024-05-15 15:30:17 - [TEST_STEP][PASSED] - setText(findTestObject("IWP30/Page_VRelay30Emulator/City"), City): Text 'Gambrills' is set on object 'Object Repository/IWP30/Page_VRelay30Emulator/City'

2024-05-15 15:30:18 - [MESSAGE][PASSED] - Text 'Gambrills' is set on object 'Object Repository/IWP30/Page_VRelay30Emulator/City'

2024-05-15 15:30:18 - [TEST_STEP][PASSED] - setText(findTestObject("IWP30/Page_VRelay30Emulator/State"), State): Text 'MD' is set on object 'Object Repository/IWP30/Page_VRelay30Emulator/State'

2024-05-15 15:30:18 - [MESSAGE][PASSED] - Text 'MD' is set on object 'Object Repository/IWP30/Page_VRelay30Emulator/State'

2024-05-15 15:30:18 - [TEST_STEP][PASSED] - setText(findTestObject("IWP30/Page_VRelay30Emulator/ZIP"), ZIP): Text '21054' is set on object 'Object Repository/IWP30/Page_VRelay30Emulator/ZIP'

2024-05-15 15:30:19 - [MESSAGE][PASSED] - Text '21054' is set on object 'Object Repository/IWP30/Page_VRelay30Emulator/ZIP'

2024-05-15 15:30:19 - [TEST_STEP][PASSED] - setText(findTestObject("IWP30/Page_VRelay30Emulator/Order"), Order): Text '' is set on object 'Object Repository/IWP30/Page_VRelay30Emulator/Order'

2024-05-15 15:30:19 - [MESSAGE][PASSED] - Text '' is set on object 'Object Repository/IWP30/Page_VRelay30Emulator/Order'

2024-05-15 15:30:19 - [TEST_STEP][PASSED] - setText(findTestObject("IWP30/Page_VRelay30Emulator/Company"), CompanyName): Text '' is set on object 'Object Repository/IWP30/Page_VRelay30Emulator/Company'

2024-05-15 15:30:20 - [MESSAGE][PASSED] - Text '' is set on object 'Object Repository/IWP30/Page_VRelay30Emulator/Company'

2024-05-15 15:30:20 - [TEST_STEP][PASSED] - setText(findTestObject("IWP30/Page_VRelay30Emulator/Email"), Email): Text 'iahmed@govolution.com' is set on object 'Object Repository/IWP30/Page_VRelay30Emulator/Email'

2024-05-15 15:30:21 - [MESSAGE][PASSED] - Text 'iahmed@govolution.com' is set on object 'Object Repository/IWP30/Page_VRelay30Emulator/Email'

2024-05-15 15:30:21 - [TEST_STEP][PASSED] - setText(findTestObject("IWP30/Page_VRelay30Emulator/UDF1"), UDF1): Text 'udf data 1' is set on object 'Object Repository/IWP30/Page_VRelay30Emulator/UDF1'

2024-05-15 15:30:22 - [MESSAGE][PASSED] - Text 'udf data 1' is set on object 'Object Repository/IWP30/Page_VRelay30Emulator/UDF1'

2024-05-15 15:30:22 - [TEST_STEP][PASSED] - setText(findTestObject("IWP30/Page_VRelay30Emulator/UDF2"), UDF2): Text 'udf data 2' is set on object 'Object Repository/IWP30/Page_VRelay30Emulator/UDF2'

2024-05-15 15:30:22 - [MESSAGE][PASSED] - Text 'udf data 2' is set on object 'Object Repository/IWP30/Page_VRelay30Emulator/UDF2'

2024-05-15 15:30:22 - [TEST_STEP][PASSED] - setText(findTestObject("IWP30/Page_VRelay30Emulator/UDF3"), UDF3): Text 'udf data 3' is set on object 'Object Repository/IWP30/Page_VRelay30Emulator/UDF3'

2024-05-15 15:30:23 - [MESSAGE][PASSED] - Text 'udf data 3' is set on object 'Object Repository/IWP30/Page_VRelay30Emulator/UDF3'

2024-05-15 15:30:23 - [TEST_STEP][PASSED] - setText(findTestObject("IWP30/Page_VRelay30Emulator/UDF4"), UDF4): Text 'udf data 4' is set on object 'Object Repository/IWP30/Page_VRelay30Emulator/UDF4'

2024-05-15 15:30:23 - [MESSAGE][PASSED] - Text 'udf data 4' is set on object 'Object Repository/IWP30/Page_VRelay30Emulator/UDF4'

2024-05-15 15:30:23 - [TEST_STEP][PASSED] - setText(findTestObject("IWP30/Page_VRelay30Emulator/UDF5"), UDF5): Text 'udf data 5' is set on object 'Object Repository/IWP30/Page_VRelay30Emulator/UDF5'

2024-05-15 15:30:24 - [MESSAGE][PASSED] - Text 'udf data 5' is set on object 'Object Repository/IWP30/Page_VRelay30Emulator/UDF5'

2024-05-15 15:30:24 - [TEST_STEP][PASSED] - setText(findTestObject("IWP30/Page_VRelay30Emulator/UDF6"), UDF6): Text 'udf data 6' is set on object 'Object Repository/IWP30/Page_VRelay30Emulator/UDF6'

2024-05-15 15:30:25 - [MESSAGE][PASSED] - Text 'udf data 6' is set on object 'Object Repository/IWP30/Page_VRelay30Emulator/UDF6'

2024-05-15 15:30:25 - [TEST_STEP][PASSED] - setText(findTestObject("IWP30/Page_VRelay30Emulator/UDF7"), UDF7): Text 'Orange' is set on object 'Object Repository/IWP30/Page_VRelay30Emulator/UDF7'

2024-05-15 15:30:25 - [MESSAGE][PASSED] - Text 'Orange' is set on object 'Object Repository/IWP30/Page_VRelay30Emulator/UDF7'

2024-05-15 15:30:25 - [TEST_STEP][PASSED] - setText(findTestObject("IWP30/Page_VRelay30Emulator/UDF8"), UDF8): Text 'Soccer' is set on object 'Object Repository/IWP30/Page_VRelay30Emulator/UDF8'

2024-05-15 15:30:26 - [MESSAGE][PASSED] - Text 'Soccer' is set on object 'Object Repository/IWP30/Page_VRelay30Emulator/UDF8'

2024-05-15 15:30:26 - [TEST_STEP][PASSED] - setText(findTestObject("IWP30/Page_VRelay30Emulator/UDF9"), UDF9): Text 'udf data 9' is set on object 'Object Repository/IWP30/Page_VRelay30Emulator/UDF9'

2024-05-15 15:30:27 - [MESSAGE][PASSED] - Text 'udf data 9' is set on object 'Object Repository/IWP30/Page_VRelay30Emulator/UDF9'

2024-05-15 15:30:27 - [TEST_STEP][PASSED] - setText(findTestObject("IWP30/Page_VRelay30Emulator/UDF10"), UDF10): Text 'udf data 10' is set on object 'Object Repository/IWP30/Page_VRelay30Emulator/UDF10'

2024-05-15 15:30:27 - [MESSAGE][PASSED] - Text 'udf data 10' is set on object 'Object Repository/IWP30/Page_VRelay30Emulator/UDF10'

2024-05-15 15:30:27 - [TEST_STEP][PASSED] - Thread.sleep(5000): null

2024-05-15 15:30:32 - [TEST_STEP][PASSED] - click(findTestObject("IWP30/Page_VRelay30Emulator/Submit")): Object: 'Object Repository/IWP30/Page_VRelay30Emulator/Submit' is clicked on

2024-05-15 15:30:33 - [MESSAGE][PASSED] - Object: 'Object Repository/IWP30/Page_VRelay30Emulator/Submit' is clicked on

2024-05-15 15:30:33 - [TEST_STEP][PASSED] - closeBrowser(): Browser is closed

2024-05-15 15:30:34 - [MESSAGE][PASSED] - Browser is closed

2024-05-15 15:30:34 - [TEST_STEP][PASSED] - openBrowser(urlTestHarness): Browser is opened with url: 'https://dev-algorithm.govolution.com/vrelaytest/QA2/version_2_2/vrelaytest.html'

2024-05-15 15:30:34 - [MESSAGE][INFO] - Starting 'Chrome' driver

2024-05-15 15:30:34 - [MESSAGE][INFO] - User set preference: ['acceptInsecureCerts', 'true']

2024-05-15 15:30:34 - [MESSAGE][INFO] - Action delay is set to 0 milliseconds

2024-05-15 15:30:36 - [MESSAGE][PASSED] - Browser is opened with url: 'https://dev-algorithm.govolution.com/vrelaytest/QA2/version_2_2/vrelaytest.html'

2024-05-15 15:30:36 - [TEST_STEP][PASSED] - maximizeWindow(): Current window maximized

2024-05-15 15:30:36 - [MESSAGE][PASSED] - Current window maximized

2024-05-15 15:30:36 - [TEST_STEP][PASSED] - genRemIDVoid = RandomStringUtils.random(12, true, true): null

2024-05-15 15:30:36 - [TEST_STEP][PASSED] - if (verifyElementPresent(findTestObject("Object Repository/IWP30/Page_QATestHarness/RemittanceID"), 30)): null

2024-05-15 15:30:37 - [MESSAGE][PASSED] - Object 'Object Repository/IWP30/Page_QATestHarness/RemittanceID' is present

2024-05-15 15:30:37 - [TEST_STEP][PASSED] - println("We are on Test Harness page, start populating"): null

2024-05-15 15:30:37 - [TEST_STEP][PASSED] - setText(findTestObject("Object Repository/IWP30/Page_QATestHarness/ApplicationID"), AppID): Text '649' is set on object 'Object Repository/IWP30/Page_QATestHarness/ApplicationID'

2024-05-15 15:30:37 - [MESSAGE][PASSED] - Text '649' is set on object 'Object Repository/IWP30/Page_QATestHarness/ApplicationID'

2024-05-15 15:30:37 - [TEST_STEP][PASSED] - setText(findTestObject("Object Repository/IWP30/Page_QATestHarness/MessageVersion"), MessageVersion): Text '3.0' is set on object 'Object Repository/IWP30/Page_QATestHarness/MessageVersion'

2024-05-15 15:30:38 - [MESSAGE][PASSED] - Text '3.0' is set on object 'Object Repository/IWP30/Page_QATestHarness/MessageVersion'

2024-05-15 15:30:38 - [TEST_STEP][PASSED] - setText(findTestObject("Object Repository/IWP30/Page_QATestHarness/RemittanceID"), genRemIDVoid): Text 'L279VQAk1Co4' is set on object 'Object Repository/IWP30/Page_QATestHarness/RemittanceID'

2024-05-15 15:30:39 - [MESSAGE][PASSED] - Text 'L279VQAk1Co4' is set on object 'Object Repository/IWP30/Page_QATestHarness/RemittanceID'

2024-05-15 15:30:39 - [TEST_STEP][PASSED] - click(findTestObject("Object Repository/IWP30/Page_QATestHarness/SubmitButton")): Object: 'Object Repository/IWP30/Page_QATestHarness/SubmitButton' is clicked on

2024-05-15 15:30:40 - [MESSAGE][PASSED] - Object: 'Object Repository/IWP30/Page_QATestHarness/SubmitButton' is clicked on

2024-05-15 15:30:40 - [TEST_STEP][PASSED] - if (verifyElementPresent(findTestObject("Object Repository/IWP30/Page_SelectPaymentMethod/PayByCreditCard"), 30)): null

2024-05-15 15:30:40 - [MESSAGE][PASSED] - Object 'Object Repository/IWP30/Page_SelectPaymentMethod/PayByCreditCard' is present

2024-05-15 15:30:40 - [TEST_STEP][PASSED] - println("We are on Select Payment Method page, start populating"): null

2024-05-15 15:30:40 - [TEST_STEP][PASSED] - check(findTestObject("Object Repository/IWP30/Page_SelectPaymentMethod/PayByCreditCard")): Object 'Object Repository/IWP30/Page_SelectPaymentMethod/PayByCreditCard' is checked

2024-05-15 15:30:41 - [MESSAGE][PASSED] - Object 'Object Repository/IWP30/Page_SelectPaymentMethod/PayByCreditCard' is checked

2024-05-15 15:30:41 - [TEST_STEP][PASSED] - Thread.sleep(1000): null

2024-05-15 15:30:42 - [TEST_STEP][PASSED] - click(findTestObject("Object Repository/IWP30/Page_SelectPaymentMethod/MakePaymentButton")): Object: 'Object Repository/IWP30/Page_SelectPaymentMethod/MakePaymentButton' is clicked on

2024-05-15 15:30:42 - [MESSAGE][PASSED] - Object: 'Object Repository/IWP30/Page_SelectPaymentMethod/MakePaymentButton' is clicked on

2024-05-15 15:30:42 - [TEST_STEP][PASSED] - if (verifyElementPresent(findTestObject("Object Repository/IWP30/Page_CCPaymentEntry/Name"), 30)): null

2024-05-15 15:30:43 - [MESSAGE][PASSED] - Object 'Object Repository/IWP30/Page_CCPaymentEntry/Name' is present

2024-05-15 15:30:43 - [TEST_STEP][PASSED] - println("We are on Credit Card Payment Entry page, start populating"): null

2024-05-15 15:30:43 - [TEST_STEP][PASSED] - if (verifyElementPresent(findTestObject("Object Repository/IWP30/Page_CCPaymentEntry/Amount"), 30)): null

2024-05-15 15:30:44 - [MESSAGE][PASSED] - Object 'Object Repository/IWP30/Page_CCPaymentEntry/Amount' is present

2024-05-15 15:30:44 - [TEST_STEP][PASSED] - if (!(CCAmount.isEmpty())): Text '20.50' is set on object 'Object Repository/IWP30/Page_CCPaymentEntry/Amount'

2024-05-15 15:30:44 - [TEST_STEP][PASSED] - setText(findTestObject("Object Repository/IWP30/Page_CCPaymentEntry/Amount"), CCAmount): Text '20.50' is set on object 'Object Repository/IWP30/Page_CCPaymentEntry/Amount'

2024-05-15 15:30:44 - [MESSAGE][PASSED] - Text '20.50' is set on object 'Object Repository/IWP30/Page_CCPaymentEntry/Amount'

2024-05-15 15:30:44 - [TEST_STEP][PASSED] - if (verifyElementPresent(findTestObject("Object Repository/IWP30/Page_CCPaymentEntry/UserDefined2"), 30)): null

2024-05-15 15:30:45 - [MESSAGE][PASSED] - Object 'Object Repository/IWP30/Page_CCPaymentEntry/UserDefined2' is present

2024-05-15 15:30:45 - [TEST_STEP][PASSED] - if (!(CCUDF2.isEmpty())): Text 'Circle' is set on object 'Object Repository/IWP30/Page_CCPaymentEntry/UserDefined2'

2024-05-15 15:30:45 - [TEST_STEP][PASSED] - setText(findTestObject("Object Repository/IWP30/Page_CCPaymentEntry/UserDefined2"), CCUDF2): Text 'Circle' is set on object 'Object Repository/IWP30/Page_CCPaymentEntry/UserDefined2'

2024-05-15 15:30:45 - [MESSAGE][PASSED] - Text 'Circle' is set on object 'Object Repository/IWP30/Page_CCPaymentEntry/UserDefined2'

2024-05-15 15:30:45 - [TEST_STEP][PASSED] - if (verifyElementPresent(findTestObject("Object Repository/IWP30/Page_CCPaymentEntry/UserDefined3"), 30)): null

2024-05-15 15:30:46 - [MESSAGE][PASSED] - Object 'Object Repository/IWP30/Page_CCPaymentEntry/UserDefined3' is present

2024-05-15 15:30:46 - [TEST_STEP][PASSED] - if (!(CCUDF3.isEmpty())): Text 'Triangle' is set on object 'Object Repository/IWP30/Page_CCPaymentEntry/UserDefined3'

2024-05-15 15:30:46 - [TEST_STEP][PASSED] - setText(findTestObject("Object Repository/IWP30/Page_CCPaymentEntry/UserDefined3"), CCUDF3): Text 'Triangle' is set on object 'Object Repository/IWP30/Page_CCPaymentEntry/UserDefined3'

2024-05-15 15:30:46 - [MESSAGE][PASSED] - Text 'Triangle' is set on object 'Object Repository/IWP30/Page_CCPaymentEntry/UserDefined3'

2024-05-15 15:30:46 - [TEST_STEP][PASSED] - if (verifyElementPresent(findTestObject("Object Repository/IWP30/Page_CCPaymentEntry/UserDefined7"), 30)): null

2024-05-15 15:30:47 - [MESSAGE][PASSED] - Object 'Object Repository/IWP30/Page_CCPaymentEntry/UserDefined7' is present

2024-05-15 15:30:47 - [TEST_STEP][PASSED] - if (!(CCUDF7.isEmpty())): All options with label 'Purple' are selected in object 'Object Repository/IWP30/Page_CCPaymentEntry/UserDefined7' 

2024-05-15 15:30:47 - [TEST_STEP][PASSED] - selectOptionByLabel(findTestObject("Object Repository/IWP30/Page_CCPaymentEntry/UserDefined7"), CCUDF7, false): All options with label 'Purple' are selected in object 'Object Repository/IWP30/Page_CCPaymentEntry/UserDefined7' 

2024-05-15 15:30:47 - [MESSAGE][PASSED] - All options with label 'Purple' are selected in object 'Object Repository/IWP30/Page_CCPaymentEntry/UserDefined7' 

2024-05-15 15:30:47 - [TEST_STEP][PASSED] - if (verifyElementPresent(findTestObject("Object Repository/IWP30/Page_CCPaymentEntry/UserDefined8"), 30)): null

2024-05-15 15:30:48 - [MESSAGE][PASSED] - Object 'Object Repository/IWP30/Page_CCPaymentEntry/UserDefined8' is present

2024-05-15 15:30:48 - [TEST_STEP][PASSED] - if (!(CCUDF8.isEmpty())): All options with label 'Tennis' are selected in object 'Object Repository/IWP30/Page_CCPaymentEntry/UserDefined8' 

2024-05-15 15:30:48 - [TEST_STEP][PASSED] - selectOptionByLabel(findTestObject("Object Repository/IWP30/Page_CCPaymentEntry/UserDefined8"), CCUDF8, false): All options with label 'Tennis' are selected in object 'Object Repository/IWP30/Page_CCPaymentEntry/UserDefined8' 

2024-05-15 15:30:48 - [MESSAGE][PASSED] - All options with label 'Tennis' are selected in object 'Object Repository/IWP30/Page_CCPaymentEntry/UserDefined8' 

2024-05-15 15:30:48 - [TEST_STEP][PASSED] - if (verifyElementPresent(findTestObject("Object Repository/IWP30/Page_CCPaymentEntry/Name"), 30)): null

2024-05-15 15:30:49 - [MESSAGE][PASSED] - Object 'Object Repository/IWP30/Page_CCPaymentEntry/Name' is present

2024-05-15 15:30:49 - [TEST_STEP][PASSED] - if (!(CCName.isEmpty())): Text 'Alan Donald' is set on object 'Object Repository/IWP30/Page_CCPaymentEntry/Name'

2024-05-15 15:30:49 - [TEST_STEP][PASSED] - setText(findTestObject("Object Repository/IWP30/Page_CCPaymentEntry/Name"), CCName): Text 'Alan Donald' is set on object 'Object Repository/IWP30/Page_CCPaymentEntry/Name'

2024-05-15 15:30:49 - [MESSAGE][PASSED] - Text 'Alan Donald' is set on object 'Object Repository/IWP30/Page_CCPaymentEntry/Name'

2024-05-15 15:30:49 - [TEST_STEP][PASSED] - if (verifyElementPresent(findTestObject("Object Repository/IWP30/Page_CCPaymentEntry/CardNumber"), 30)): null

2024-05-15 15:30:49 - [MESSAGE][PASSED] - Object 'Object Repository/IWP30/Page_CCPaymentEntry/CardNumber' is present

2024-05-15 15:30:49 - [TEST_STEP][PASSED] - if (!(CCCardNum.isEmpty())): Text '4111111111111111' is set on object 'Object Repository/IWP30/Page_CCPaymentEntry/CardNumber'

2024-05-15 15:30:49 - [TEST_STEP][PASSED] - setText(findTestObject("Object Repository/IWP30/Page_CCPaymentEntry/CardNumber"), CCCardNum): Text '4111111111111111' is set on object 'Object Repository/IWP30/Page_CCPaymentEntry/CardNumber'

2024-05-15 15:30:50 - [MESSAGE][PASSED] - Text '4111111111111111' is set on object 'Object Repository/IWP30/Page_CCPaymentEntry/CardNumber'

2024-05-15 15:30:50 - [TEST_STEP][PASSED] - if (verifyElementPresent(findTestObject("Object Repository/IWP30/Page_CCPaymentEntry/SPC"), 30)): null

2024-05-15 15:30:50 - [MESSAGE][PASSED] - Object 'Object Repository/IWP30/Page_CCPaymentEntry/SPC' is present

2024-05-15 15:30:50 - [TEST_STEP][PASSED] - if (!(CCSPC.isEmpty())): Text '258' is set on object 'Object Repository/IWP30/Page_CCPaymentEntry/SPC'

2024-05-15 15:30:50 - [TEST_STEP][PASSED] - setText(findTestObject("Object Repository/IWP30/Page_CCPaymentEntry/SPC"), CCSPC): Text '258' is set on object 'Object Repository/IWP30/Page_CCPaymentEntry/SPC'

2024-05-15 15:30:51 - [MESSAGE][PASSED] - Text '258' is set on object 'Object Repository/IWP30/Page_CCPaymentEntry/SPC'

2024-05-15 15:30:51 - [TEST_STEP][PASSED] - if (verifyElementPresent(findTestObject("Object Repository/IWP30/Page_CCPaymentEntry/Month"), 30)): null

2024-05-15 15:30:51 - [MESSAGE][PASSED] - Object 'Object Repository/IWP30/Page_CCPaymentEntry/Month' is present

2024-05-15 15:30:51 - [TEST_STEP][PASSED] - if (!(CCExpM.isEmpty())): All options with label '10' are selected in object 'Object Repository/IWP30/Page_CCPaymentEntry/Month' 

2024-05-15 15:30:51 - [TEST_STEP][PASSED] - selectOptionByLabel(findTestObject("Object Repository/IWP30/Page_CCPaymentEntry/Month"), CCExpM, false): All options with label '10' are selected in object 'Object Repository/IWP30/Page_CCPaymentEntry/Month' 

2024-05-15 15:30:52 - [MESSAGE][PASSED] - All options with label '10' are selected in object 'Object Repository/IWP30/Page_CCPaymentEntry/Month' 

2024-05-15 15:30:52 - [TEST_STEP][PASSED] - if (verifyElementPresent(findTestObject("Object Repository/IWP30/Page_CCPaymentEntry/Year"), 30)): null

2024-05-15 15:30:52 - [MESSAGE][PASSED] - Object 'Object Repository/IWP30/Page_CCPaymentEntry/Year' is present

2024-05-15 15:30:52 - [TEST_STEP][PASSED] - if (!(CCExpY.isEmpty())): All options with label '2025' are selected in object 'Object Repository/IWP30/Page_CCPaymentEntry/Year' 

2024-05-15 15:30:52 - [TEST_STEP][PASSED] - selectOptionByLabel(findTestObject("Object Repository/IWP30/Page_CCPaymentEntry/Year"), CCExpY, false): All options with label '2025' are selected in object 'Object Repository/IWP30/Page_CCPaymentEntry/Year' 

2024-05-15 15:30:53 - [MESSAGE][PASSED] - All options with label '2025' are selected in object 'Object Repository/IWP30/Page_CCPaymentEntry/Year' 

2024-05-15 15:30:53 - [TEST_STEP][PASSED] - if (verifyElementPresent(findTestObject("Object Repository/IWP30/Page_CCPaymentEntry/ProcessDate"), 30)): null

2024-05-15 15:30:53 - [MESSAGE][PASSED] - Object 'Object Repository/IWP30/Page_CCPaymentEntry/ProcessDate' is present

2024-05-15 15:30:53 - [TEST_STEP][PASSED] - if (!(CCDate.isEmpty())): null

2024-05-15 15:30:53 - [TEST_STEP][PASSED] - else: null

2024-05-15 15:30:53 - [TEST_STEP][PASSED] - println("CCDate is not present in the Excel Spreadsheet"): null

2024-05-15 15:30:53 - [TEST_STEP][PASSED] - if (verifyElementPresent(findTestObject("Object Repository/IWP30/Page_CCPaymentEntry/AL1"), 30)): null

2024-05-15 15:30:54 - [MESSAGE][PASSED] - Object 'Object Repository/IWP30/Page_CCPaymentEntry/AL1' is present

2024-05-15 15:30:54 - [TEST_STEP][PASSED] - if (!(CCAL1.isEmpty())): Text 'Mera AL1' is set on object 'Object Repository/IWP30/Page_CCPaymentEntry/AL1'

2024-05-15 15:30:54 - [TEST_STEP][PASSED] - setText(findTestObject("Object Repository/IWP30/Page_CCPaymentEntry/AL1"), CCAL1): Text 'Mera AL1' is set on object 'Object Repository/IWP30/Page_CCPaymentEntry/AL1'

2024-05-15 15:30:54 - [MESSAGE][PASSED] - Text 'Mera AL1' is set on object 'Object Repository/IWP30/Page_CCPaymentEntry/AL1'

2024-05-15 15:30:54 - [TEST_STEP][PASSED] - if (verifyElementPresent(findTestObject("Object Repository/IWP30/Page_CCPaymentEntry/AL2"), 30)): null

2024-05-15 15:30:54 - [MESSAGE][PASSED] - Object 'Object Repository/IWP30/Page_CCPaymentEntry/AL2' is present

2024-05-15 15:30:54 - [TEST_STEP][PASSED] - if (!(CCAL2.isEmpty())): Text 'Mera AL2' is set on object 'Object Repository/IWP30/Page_CCPaymentEntry/AL2'

2024-05-15 15:30:54 - [TEST_STEP][PASSED] - setText(findTestObject("Object Repository/IWP30/Page_CCPaymentEntry/AL2"), CCAL2): Text 'Mera AL2' is set on object 'Object Repository/IWP30/Page_CCPaymentEntry/AL2'

2024-05-15 15:30:55 - [MESSAGE][PASSED] - Text 'Mera AL2' is set on object 'Object Repository/IWP30/Page_CCPaymentEntry/AL2'

2024-05-15 15:30:55 - [TEST_STEP][PASSED] - if (verifyElementPresent(findTestObject("Object Repository/IWP30/Page_CCPaymentEntry/ZIP"), 30)): null

2024-05-15 15:30:55 - [MESSAGE][PASSED] - Object 'Object Repository/IWP30/Page_CCPaymentEntry/ZIP' is present

2024-05-15 15:30:55 - [TEST_STEP][PASSED] - if (!(CCZIP.isEmpty())): Text '21054' is set on object 'Object Repository/IWP30/Page_CCPaymentEntry/ZIP'

2024-05-15 15:30:55 - [TEST_STEP][PASSED] - setText(findTestObject("Object Repository/IWP30/Page_CCPaymentEntry/ZIP"), CCZIP): Text '21054' is set on object 'Object Repository/IWP30/Page_CCPaymentEntry/ZIP'

2024-05-15 15:30:56 - [MESSAGE][PASSED] - Text '21054' is set on object 'Object Repository/IWP30/Page_CCPaymentEntry/ZIP'

2024-05-15 15:30:56 - [TEST_STEP][PASSED] - if (verifyElementPresent(findTestObject("Object Repository/IWP30/Page_CCPaymentEntry/EmailAddress"), 30)): null

2024-05-15 15:30:57 - [MESSAGE][PASSED] - Object 'Object Repository/IWP30/Page_CCPaymentEntry/EmailAddress' is present

2024-05-15 15:30:57 - [TEST_STEP][PASSED] - if (!(CCEmail.isEmpty())): Text 'merae@gmail.com' is set on object 'Object Repository/IWP30/Page_CCPaymentEntry/EmailAddress'

2024-05-15 15:30:57 - [TEST_STEP][PASSED] - setText(findTestObject("Object Repository/IWP30/Page_CCPaymentEntry/EmailAddress"), CCEmail): Text 'merae@gmail.com' is set on object 'Object Repository/IWP30/Page_CCPaymentEntry/EmailAddress'

2024-05-15 15:30:57 - [MESSAGE][PASSED] - Text 'merae@gmail.com' is set on object 'Object Repository/IWP30/Page_CCPaymentEntry/EmailAddress'

2024-05-15 15:30:57 - [TEST_STEP][PASSED] - if (verifyElementPresent(findTestObject("Object Repository/IWP30/Page_CCPaymentEntry/TermCondCheckBox"), 30)): null

2024-05-15 15:30:58 - [MESSAGE][PASSED] - Object 'Object Repository/IWP30/Page_CCPaymentEntry/TermCondCheckBox' is present

2024-05-15 15:30:58 - [TEST_STEP][PASSED] - check(findTestObject("Object Repository/IWP30/Page_CCPaymentEntry/TermCondCheckBox")): Object 'Object Repository/IWP30/Page_CCPaymentEntry/TermCondCheckBox' is checked

2024-05-15 15:30:58 - [MESSAGE][PASSED] - Object 'Object Repository/IWP30/Page_CCPaymentEntry/TermCondCheckBox' is checked

2024-05-15 15:30:58 - [TEST_STEP][PASSED] - if (verifyElementPresent(findTestObject("Object Repository/IWP30/Page_CCPaymentEntry/ContinueButton"), 30)): null

2024-05-15 15:30:58 - [MESSAGE][PASSED] - Object 'Object Repository/IWP30/Page_CCPaymentEntry/ContinueButton' is present

2024-05-15 15:30:58 - [TEST_STEP][PASSED] - click(findTestObject("Object Repository/IWP30/Page_CCPaymentEntry/ContinueButton")): Object: 'Object Repository/IWP30/Page_CCPaymentEntry/ContinueButton' is clicked on

2024-05-15 15:30:59 - [MESSAGE][PASSED] - Object: 'Object Repository/IWP30/Page_CCPaymentEntry/ContinueButton' is clicked on

2024-05-15 15:30:59 - [TEST_STEP][PASSED] - if (verifyTextPresent("Please verify the following information", false)): null

2024-05-15 15:31:00 - [MESSAGE][PASSED] - Text 'Please verify the following information' is present on page 

2024-05-15 15:31:00 - [TEST_STEP][PASSED] - println("Please verify the following information text is present on the Confirmation page"): null

2024-05-15 15:31:00 - [TEST_STEP][PASSED] - if (verifyTextPresent("Is this information correct?", false)): null

2024-05-15 15:31:00 - [MESSAGE][PASSED] - Text 'Is this information correct?' is present on page 

2024-05-15 15:31:00 - [TEST_STEP][PASSED] - println("Is this information correct text is present on the Confirmation page"): null

2024-05-15 15:31:00 - [TEST_STEP][PASSED] - if (verifyElementPresent(findTestObject("Object Repository/IWP30/Page_Confirmation/ConfirmButton"), 30)): null

2024-05-15 15:31:00 - [MESSAGE][PASSED] - Object 'Object Repository/IWP30/Page_Confirmation/ConfirmButton' is present

2024-05-15 15:31:00 - [TEST_STEP][PASSED] - click(findTestObject("Object Repository/IWP30/Page_Confirmation/ConfirmButton")): Object: 'Object Repository/IWP30/Page_Confirmation/ConfirmButton' is clicked on

2024-05-15 15:31:02 - [MESSAGE][PASSED] - Object: 'Object Repository/IWP30/Page_Confirmation/ConfirmButton' is clicked on

2024-05-15 15:31:02 - [TEST_STEP][PASSED] - Thread.sleep(10000): null

2024-05-15 15:31:12 - [TEST_STEP][PASSED] - if (verifyTextPresent("Successful Payment Receipt", false)): null

2024-05-15 15:31:12 - [MESSAGE][PASSED] - Text 'Successful Payment Receipt' is present on page 

2024-05-15 15:31:12 - [TEST_STEP][PASSED] - println("Successful Payment Receipt text is present on the Receipt page"): null

2024-05-15 15:31:12 - [TEST_STEP][PASSED] - if (verifyTextPresent("Please print this receipt for your records", false)): null

2024-05-15 15:31:12 - [MESSAGE][PASSED] - Text 'Please print this receipt for your records' is present on page 

2024-05-15 15:31:12 - [TEST_STEP][PASSED] - println("Please print this receipt for your records text is present on the Receipt page"): null

2024-05-15 15:31:12 - [TEST_STEP][PASSED] - if (verifyElementPresent(findTestObject("Object Repository/IWP30/Page_Receipt/ExitButton"), 30)): null

2024-05-15 15:31:13 - [MESSAGE][PASSED] - Object 'Object Repository/IWP30/Page_Receipt/ExitButton' is present

2024-05-15 15:31:13 - [TEST_STEP][PASSED] - println("Exit Button is present on the Receipt page"): null

2024-05-15 15:31:13 - [TEST_STEP][PASSED] - closeBrowser(): Browser is closed

2024-05-15 15:31:14 - [MESSAGE][PASSED] - Browser is closed

2024-05-15 15:31:14 - [TEST_STEP][PASSED] - ExecuteTC = findTestData("IWPTestData/IWP30PayNowCC").getValue("Execute", row): null

2024-05-15 15:31:14 - [TEST_STEP][PASSED] - out.println("Value of Execute is : " + ExecuteTC): null

2024-05-15 15:31:14 - [TEST_STEP][FAILED] - if (ExecuteTC.equalsIgnoreCase("Y")): null

2024-05-15 15:31:14 - [TEST_STEP][PASSED] - out.println("Begin Record Number: " + row): null

2024-05-15 15:31:14 - [TEST_STEP][FAILED] - try: null

2024-05-15 15:31:14 - [TEST_STEP][PASSED] - MV = findTestData("IWPTestData/IWP30PayNowCC").getValue("MV", row): null

2024-05-15 15:31:14 - [TEST_STEP][PASSED] - println(MV): null

2024-05-15 15:31:14 - [TEST_STEP][PASSED] - Amount = findTestData("IWPTestData/IWP30PayNowCC").getValue("Amount", row): null

2024-05-15 15:31:14 - [TEST_STEP][PASSED] - println(Amount): null

2024-05-15 15:31:14 - [TEST_STEP][PASSED] - CAN = findTestData("IWPTestData/IWP30PayNowCC").getValue("CAN", row): null

2024-05-15 15:31:14 - [TEST_STEP][PASSED] - println(CAN): null

2024-05-15 15:31:14 - [TEST_STEP][PASSED] - Action = findTestData("IWPTestData/IWP30PayNowCC").getValue("Action", row): null

2024-05-15 15:31:14 - [TEST_STEP][PASSED] - println(Action): null

2024-05-15 15:31:14 - [TEST_STEP][PASSED] - Lang = findTestData("IWPTestData/IWP30PayNowCC").getValue("Lang", row): null

2024-05-15 15:31:14 - [TEST_STEP][PASSED] - println(Lang): null

2024-05-15 15:31:14 - [TEST_STEP][PASSED] - Fname = findTestData("IWPTestData/IWP30PayNowCC").getValue("Fname", row): null

2024-05-15 15:31:14 - [TEST_STEP][PASSED] - println(Fname): null

2024-05-15 15:31:14 - [TEST_STEP][PASSED] - Lname = findTestData("IWPTestData/IWP30PayNowCC").getValue("Lname", row): null

2024-05-15 15:31:14 - [TEST_STEP][PASSED] - println(Lname): null

2024-05-15 15:31:14 - [TEST_STEP][PASSED] - AL1 = findTestData("IWPTestData/IWP30PayNowCC").getValue("AL1", row): null

2024-05-15 15:31:14 - [TEST_STEP][PASSED] - println(AL1): null

2024-05-15 15:31:14 - [TEST_STEP][PASSED] - AL2 = findTestData("IWPTestData/IWP30PayNowCC").getValue("AL2", row): null

2024-05-15 15:31:14 - [TEST_STEP][PASSED] - println(AL2): null

2024-05-15 15:31:14 - [TEST_STEP][PASSED] - Country = findTestData("IWPTestData/IWP30PayNowCC").getValue("Country", row): null

2024-05-15 15:31:14 - [TEST_STEP][PASSED] - println(Country): null

2024-05-15 15:31:14 - [TEST_STEP][PASSED] - City = findTestData("IWPTestData/IWP30PayNowCC").getValue("City", row): null

2024-05-15 15:31:14 - [TEST_STEP][PASSED] - println(City): null

2024-05-15 15:31:14 - [TEST_STEP][PASSED] - State = findTestData("IWPTestData/IWP30PayNowCC").getValue("State", row): null

2024-05-15 15:31:14 - [TEST_STEP][PASSED] - println(State): null

2024-05-15 15:31:14 - [TEST_STEP][PASSED] - ZIP = findTestData("IWPTestData/IWP30PayNowCC").getValue("ZIP", row): null

2024-05-15 15:31:15 - [TEST_STEP][PASSED] - println(ZIP): null

2024-05-15 15:31:15 - [TEST_STEP][PASSED] - Order = findTestData("IWPTestData/IWP30PayNowCC").getValue("Order", row): null

2024-05-15 15:31:15 - [TEST_STEP][PASSED] - println(Order): null

2024-05-15 15:31:15 - [TEST_STEP][PASSED] - CompanyName = findTestData("IWPTestData/IWP30PayNowCC").getValue("CompanyName", row): null

2024-05-15 15:31:15 - [TEST_STEP][PASSED] - println(CompanyName): null

2024-05-15 15:31:15 - [TEST_STEP][PASSED] - Email = findTestData("IWPTestData/IWP30PayNowCC").getValue("Email", row): null

2024-05-15 15:31:15 - [TEST_STEP][PASSED] - println(Email): null

2024-05-15 15:31:15 - [TEST_STEP][PASSED] - UDF1 = findTestData("IWPTestData/IWP30PayNowCC").getValue("UDF1", row): null

2024-05-15 15:31:15 - [TEST_STEP][PASSED] - println(UDF1): null

2024-05-15 15:31:15 - [TEST_STEP][PASSED] - UDF2 = findTestData("IWPTestData/IWP30PayNowCC").getValue("UDF2", row): null

2024-05-15 15:31:15 - [TEST_STEP][PASSED] - println(UDF2): null

2024-05-15 15:31:15 - [TEST_STEP][PASSED] - UDF3 = findTestData("IWPTestData/IWP30PayNowCC").getValue("UDF3", row): null

2024-05-15 15:31:15 - [TEST_STEP][PASSED] - println(UDF3): null

2024-05-15 15:31:15 - [TEST_STEP][PASSED] - UDF4 = findTestData("IWPTestData/IWP30PayNowCC").getValue("UDF4", row): null

2024-05-15 15:31:15 - [TEST_STEP][PASSED] - println(UDF4): null

2024-05-15 15:31:15 - [TEST_STEP][PASSED] - UDF5 = findTestData("IWPTestData/IWP30PayNowCC").getValue("UDF5", row): null

2024-05-15 15:31:15 - [TEST_STEP][PASSED] - println(UDF5): null

2024-05-15 15:31:15 - [TEST_STEP][PASSED] - UDF6 = findTestData("IWPTestData/IWP30PayNowCC").getValue("UDF6", row): null

2024-05-15 15:31:15 - [TEST_STEP][PASSED] - println(UDF6): null

2024-05-15 15:31:15 - [TEST_STEP][PASSED] - UDF7 = findTestData("IWPTestData/IWP30PayNowCC").getValue("UDF7", row): null

2024-05-15 15:31:15 - [TEST_STEP][PASSED] - println(UDF7): null

2024-05-15 15:31:15 - [TEST_STEP][PASSED] - UDF8 = findTestData("IWPTestData/IWP30PayNowCC").getValue("UDF8", row): null

2024-05-15 15:31:15 - [TEST_STEP][PASSED] - println(UDF8): null

2024-05-15 15:31:15 - [TEST_STEP][PASSED] - UDF9 = findTestData("IWPTestData/IWP30PayNowCC").getValue("UDF9", row): null

2024-05-15 15:31:15 - [TEST_STEP][PASSED] - println(UDF9): null

2024-05-15 15:31:15 - [TEST_STEP][PASSED] - UDF10 = findTestData("IWPTestData/IWP30PayNowCC").getValue("UDF10", row): null

2024-05-15 15:31:15 - [TEST_STEP][PASSED] - println(UDF10): null

2024-05-15 15:31:15 - [TEST_STEP][PASSED] - AppID = findTestData("IWPTestData/IWP30PayNowCC").getValue("AppID", row): null

2024-05-15 15:31:15 - [TEST_STEP][PASSED] - println(AppID): null

2024-05-15 15:31:15 - [TEST_STEP][PASSED] - MessageVersion = findTestData("IWPTestData/IWP30PayNowCC").getValue("MessageVersion", row): null

2024-05-15 15:31:15 - [TEST_STEP][PASSED] - println(MessageVersion): null

2024-05-15 15:31:15 - [TEST_STEP][PASSED] - CCAmount = findTestData("IWPTestData/IWP30PayNowCC").getValue("CCAmount", row): null

2024-05-15 15:31:15 - [TEST_STEP][PASSED] - println(CCAmount): null

2024-05-15 15:31:15 - [TEST_STEP][PASSED] - CCUDF1 = findTestData("IWPTestData/IWP30PayNowCC").getValue("CCUDF1", row): null

2024-05-15 15:31:15 - [TEST_STEP][PASSED] - println(CCUDF1): null

2024-05-15 15:31:15 - [TEST_STEP][PASSED] - CCUDF2 = findTestData("IWPTestData/IWP30PayNowCC").getValue("CCUDF2", row): null

2024-05-15 15:31:15 - [TEST_STEP][PASSED] - println(CCUDF2): null

2024-05-15 15:31:15 - [TEST_STEP][PASSED] - CCUDF3 = findTestData("IWPTestData/IWP30PayNowCC").getValue("CCUDF3", row): null

2024-05-15 15:31:15 - [TEST_STEP][PASSED] - println(CCUDF3): null

2024-05-15 15:31:15 - [TEST_STEP][PASSED] - CCUDF4 = findTestData("IWPTestData/IWP30PayNowCC").getValue("CCUDF4", row): null

2024-05-15 15:31:15 - [TEST_STEP][PASSED] - println(CCUDF4): null

2024-05-15 15:31:15 - [TEST_STEP][PASSED] - CCUDF5 = findTestData("IWPTestData/IWP30PayNowCC").getValue("CCUDF5", row): null

2024-05-15 15:31:15 - [TEST_STEP][PASSED] - println(CCUDF5): null

2024-05-15 15:31:15 - [TEST_STEP][PASSED] - CCUDF6 = findTestData("IWPTestData/IWP30PayNowCC").getValue("CCUDF6", row): null

2024-05-15 15:31:15 - [TEST_STEP][PASSED] - println(CCUDF6): null

2024-05-15 15:31:15 - [TEST_STEP][PASSED] - CCUDF7 = findTestData("IWPTestData/IWP30PayNowCC").getValue("CCUDF7", row): null

2024-05-15 15:31:15 - [TEST_STEP][PASSED] - println(CCUDF7): null

2024-05-15 15:31:15 - [TEST_STEP][PASSED] - CCUDF8 = findTestData("IWPTestData/IWP30PayNowCC").getValue("CCUDF8", row): null

2024-05-15 15:31:15 - [TEST_STEP][PASSED] - println(CCUDF8): null

2024-05-15 15:31:15 - [TEST_STEP][PASSED] - CCUDF9 = findTestData("IWPTestData/IWP30PayNowCC").getValue("CCUDF9", row): null

2024-05-15 15:31:16 - [TEST_STEP][PASSED] - println(CCUDF9): null

2024-05-15 15:31:16 - [TEST_STEP][PASSED] - CCUDF10 = findTestData("IWPTestData/IWP30PayNowCC").getValue("CCUDF10", row): null

2024-05-15 15:31:16 - [TEST_STEP][PASSED] - println(CCUDF10): null

2024-05-15 15:31:16 - [TEST_STEP][PASSED] - CCName = findTestData("IWPTestData/IWP30PayNowCC").getValue("CCName", row): null

2024-05-15 15:31:16 - [TEST_STEP][PASSED] - println(CCName): null

2024-05-15 15:31:16 - [TEST_STEP][PASSED] - CCCardNum = findTestData("IWPTestData/IWP30PayNowCC").getValue("CCCardNum", row): null

2024-05-15 15:31:16 - [TEST_STEP][PASSED] - println(CCCardNum): null

2024-05-15 15:31:16 - [TEST_STEP][PASSED] - CCSPC = findTestData("IWPTestData/IWP30PayNowCC").getValue("CCSPC", row): null

2024-05-15 15:31:16 - [TEST_STEP][PASSED] - println(CCSPC): null

2024-05-15 15:31:16 - [TEST_STEP][PASSED] - CCExpM = findTestData("IWPTestData/IWP30PayNowCC").getValue("CCExpM", row): null

2024-05-15 15:31:16 - [TEST_STEP][PASSED] - println(CCExpM): null

2024-05-15 15:31:16 - [TEST_STEP][PASSED] - CCExpY = findTestData("IWPTestData/IWP30PayNowCC").getValue("CCExpY", row): null

2024-05-15 15:31:16 - [TEST_STEP][PASSED] - println(CCExpY): null

2024-05-15 15:31:16 - [TEST_STEP][PASSED] - CCDate = findTestData("IWPTestData/IWP30PayNowCC").getValue("CCDate", row): null

2024-05-15 15:31:16 - [TEST_STEP][PASSED] - println(CCDate): null

2024-05-15 15:31:16 - [TEST_STEP][PASSED] - CCAL1 = findTestData("IWPTestData/IWP30PayNowCC").getValue("CCAL1", row): null

2024-05-15 15:31:16 - [TEST_STEP][PASSED] - println(CCAL1): null

2024-05-15 15:31:16 - [TEST_STEP][PASSED] - CCAL2 = findTestData("IWPTestData/IWP30PayNowCC").getValue("CCAL2", row): null

2024-05-15 15:31:16 - [TEST_STEP][PASSED] - println(CCAL2): null

2024-05-15 15:31:16 - [TEST_STEP][PASSED] - CCZIP = findTestData("IWPTestData/IWP30PayNowCC").getValue("CCZIP", row): null

2024-05-15 15:31:16 - [TEST_STEP][PASSED] - println(CCZIP): null

2024-05-15 15:31:16 - [TEST_STEP][PASSED] - CCEmail = findTestData("IWPTestData/IWP30PayNowCC").getValue("CCEmail", row): null

2024-05-15 15:31:16 - [TEST_STEP][PASSED] - println(CCEmail): null

2024-05-15 15:31:16 - [TEST_STEP][PASSED] - openBrowser(urlEmulator): Browser is opened with url: 'https://qa2.velocitypayment.com/agency/config.do?action=editor'

2024-05-15 15:31:16 - [MESSAGE][INFO] - Starting 'Chrome' driver

2024-05-15 15:31:16 - [MESSAGE][INFO] - User set preference: ['acceptInsecureCerts', 'true']

2024-05-15 15:31:16 - [MESSAGE][INFO] - Action delay is set to 0 milliseconds

2024-05-15 15:31:18 - [MESSAGE][PASSED] - Browser is opened with url: 'https://qa2.velocitypayment.com/agency/config.do?action=editor'

2024-05-15 15:31:18 - [TEST_STEP][PASSED] - maximizeWindow(): Current window maximized

2024-05-15 15:31:18 - [MESSAGE][PASSED] - Current window maximized

2024-05-15 15:31:18 - [TEST_STEP][PASSED] - selectOptionByValue(findTestObject("IWP30/Page_VRelay30Emulator/MV"), MV, true): All options with value '3.0' are selected in object 'Object Repository/IWP30/Page_VRelay30Emulator/MV'  using regular expression

2024-05-15 15:31:20 - [MESSAGE][PASSED] - All options with value '3.0' are selected in object 'Object Repository/IWP30/Page_VRelay30Emulator/MV'  using regular expression

2024-05-15 15:31:20 - [TEST_STEP][PASSED] - setText(findTestObject("IWP30/Page_VRelay30Emulator/Amount"), Amount): Text '10.50' is set on object 'Object Repository/IWP30/Page_VRelay30Emulator/Amount'

2024-05-15 15:31:20 - [MESSAGE][PASSED] - Text '10.50' is set on object 'Object Repository/IWP30/Page_VRelay30Emulator/Amount'

2024-05-15 15:31:20 - [TEST_STEP][PASSED] - setText(findTestObject("IWP30/Page_VRelay30Emulator/CAN"), CAN): Text '26411005' is set on object 'Object Repository/IWP30/Page_VRelay30Emulator/CAN'

2024-05-15 15:31:21 - [MESSAGE][PASSED] - Text '26411005' is set on object 'Object Repository/IWP30/Page_VRelay30Emulator/CAN'

2024-05-15 15:31:21 - [TEST_STEP][PASSED] - setText(findTestObject("IWP30/Page_VRelay30Emulator/Action"), Action): Text 'PayNow' is set on object 'Object Repository/IWP30/Page_VRelay30Emulator/Action'

2024-05-15 15:31:22 - [MESSAGE][PASSED] - Text 'PayNow' is set on object 'Object Repository/IWP30/Page_VRelay30Emulator/Action'

2024-05-15 15:31:22 - [TEST_STEP][PASSED] - setText(findTestObject("IWP30/Page_VRelay30Emulator/Lang"), Lang): Text 'en_US' is set on object 'Object Repository/IWP30/Page_VRelay30Emulator/Lang'

2024-05-15 15:31:22 - [MESSAGE][PASSED] - Text 'en_US' is set on object 'Object Repository/IWP30/Page_VRelay30Emulator/Lang'

2024-05-15 15:31:22 - [TEST_STEP][PASSED] - setText(findTestObject("IWP30/Page_VRelay30Emulator/Fname"), Fname): Text '' is set on object 'Object Repository/IWP30/Page_VRelay30Emulator/Fname'

2024-05-15 15:31:23 - [MESSAGE][PASSED] - Text '' is set on object 'Object Repository/IWP30/Page_VRelay30Emulator/Fname'

2024-05-15 15:31:23 - [TEST_STEP][PASSED] - setText(findTestObject("IWP30/Page_VRelay30Emulator/Lname"), Lname): Text '' is set on object 'Object Repository/IWP30/Page_VRelay30Emulator/Lname'

2024-05-15 15:31:23 - [MESSAGE][PASSED] - Text '' is set on object 'Object Repository/IWP30/Page_VRelay30Emulator/Lname'

2024-05-15 15:31:23 - [TEST_STEP][PASSED] - setText(findTestObject("IWP30/Page_VRelay30Emulator/AL1"), AL1): Text '' is set on object 'Object Repository/IWP30/Page_VRelay30Emulator/AL1'

2024-05-15 15:31:24 - [MESSAGE][PASSED] - Text '' is set on object 'Object Repository/IWP30/Page_VRelay30Emulator/AL1'

2024-05-15 15:31:24 - [TEST_STEP][PASSED] - setText(findTestObject("IWP30/Page_VRelay30Emulator/AL2"), AL2): Text '' is set on object 'Object Repository/IWP30/Page_VRelay30Emulator/AL2'

2024-05-15 15:31:25 - [MESSAGE][PASSED] - Text '' is set on object 'Object Repository/IWP30/Page_VRelay30Emulator/AL2'

2024-05-15 15:31:25 - [TEST_STEP][PASSED] - setText(findTestObject("IWP30/Page_VRelay30Emulator/Country"), Country): Text '840' is set on object 'Object Repository/IWP30/Page_VRelay30Emulator/Country'

2024-05-15 15:31:25 - [MESSAGE][PASSED] - Text '840' is set on object 'Object Repository/IWP30/Page_VRelay30Emulator/Country'

2024-05-15 15:31:25 - [TEST_STEP][PASSED] - setText(findTestObject("IWP30/Page_VRelay30Emulator/City"), City): Text '' is set on object 'Object Repository/IWP30/Page_VRelay30Emulator/City'

2024-05-15 15:31:26 - [MESSAGE][PASSED] - Text '' is set on object 'Object Repository/IWP30/Page_VRelay30Emulator/City'

2024-05-15 15:31:26 - [TEST_STEP][PASSED] - setText(findTestObject("IWP30/Page_VRelay30Emulator/State"), State): Text '' is set on object 'Object Repository/IWP30/Page_VRelay30Emulator/State'

2024-05-15 15:31:26 - [MESSAGE][PASSED] - Text '' is set on object 'Object Repository/IWP30/Page_VRelay30Emulator/State'

2024-05-15 15:31:26 - [TEST_STEP][PASSED] - setText(findTestObject("IWP30/Page_VRelay30Emulator/ZIP"), ZIP): Text '' is set on object 'Object Repository/IWP30/Page_VRelay30Emulator/ZIP'

2024-05-15 15:31:27 - [MESSAGE][PASSED] - Text '' is set on object 'Object Repository/IWP30/Page_VRelay30Emulator/ZIP'

2024-05-15 15:31:27 - [TEST_STEP][PASSED] - setText(findTestObject("IWP30/Page_VRelay30Emulator/Order"), Order): Text '' is set on object 'Object Repository/IWP30/Page_VRelay30Emulator/Order'

2024-05-15 15:31:28 - [MESSAGE][PASSED] - Text '' is set on object 'Object Repository/IWP30/Page_VRelay30Emulator/Order'

2024-05-15 15:31:28 - [TEST_STEP][PASSED] - setText(findTestObject("IWP30/Page_VRelay30Emulator/Company"), CompanyName): Text '' is set on object 'Object Repository/IWP30/Page_VRelay30Emulator/Company'

2024-05-15 15:31:28 - [MESSAGE][PASSED] - Text '' is set on object 'Object Repository/IWP30/Page_VRelay30Emulator/Company'

2024-05-15 15:31:28 - [TEST_STEP][PASSED] - setText(findTestObject("IWP30/Page_VRelay30Emulator/Email"), Email): Text '' is set on object 'Object Repository/IWP30/Page_VRelay30Emulator/Email'

2024-05-15 15:31:29 - [MESSAGE][PASSED] - Text '' is set on object 'Object Repository/IWP30/Page_VRelay30Emulator/Email'

2024-05-15 15:31:29 - [TEST_STEP][PASSED] - setText(findTestObject("IWP30/Page_VRelay30Emulator/UDF1"), UDF1): Text '' is set on object 'Object Repository/IWP30/Page_VRelay30Emulator/UDF1'

2024-05-15 15:31:30 - [MESSAGE][PASSED] - Text '' is set on object 'Object Repository/IWP30/Page_VRelay30Emulator/UDF1'

2024-05-15 15:31:30 - [TEST_STEP][PASSED] - setText(findTestObject("IWP30/Page_VRelay30Emulator/UDF2"), UDF2): Text '' is set on object 'Object Repository/IWP30/Page_VRelay30Emulator/UDF2'

2024-05-15 15:31:30 - [MESSAGE][PASSED] - Text '' is set on object 'Object Repository/IWP30/Page_VRelay30Emulator/UDF2'

2024-05-15 15:31:30 - [TEST_STEP][PASSED] - setText(findTestObject("IWP30/Page_VRelay30Emulator/UDF3"), UDF3): Text '' is set on object 'Object Repository/IWP30/Page_VRelay30Emulator/UDF3'

2024-05-15 15:31:31 - [MESSAGE][PASSED] - Text '' is set on object 'Object Repository/IWP30/Page_VRelay30Emulator/UDF3'

2024-05-15 15:31:31 - [TEST_STEP][PASSED] - setText(findTestObject("IWP30/Page_VRelay30Emulator/UDF4"), UDF4): Text 'udf data 4' is set on object 'Object Repository/IWP30/Page_VRelay30Emulator/UDF4'

2024-05-15 15:31:31 - [MESSAGE][PASSED] - Text 'udf data 4' is set on object 'Object Repository/IWP30/Page_VRelay30Emulator/UDF4'

2024-05-15 15:31:31 - [TEST_STEP][PASSED] - setText(findTestObject("IWP30/Page_VRelay30Emulator/UDF5"), UDF5): Text 'udf data 5' is set on object 'Object Repository/IWP30/Page_VRelay30Emulator/UDF5'

2024-05-15 15:31:32 - [MESSAGE][PASSED] - Text 'udf data 5' is set on object 'Object Repository/IWP30/Page_VRelay30Emulator/UDF5'

2024-05-15 15:31:32 - [TEST_STEP][PASSED] - setText(findTestObject("IWP30/Page_VRelay30Emulator/UDF6"), UDF6): Text '' is set on object 'Object Repository/IWP30/Page_VRelay30Emulator/UDF6'

2024-05-15 15:31:33 - [MESSAGE][PASSED] - Text '' is set on object 'Object Repository/IWP30/Page_VRelay30Emulator/UDF6'

2024-05-15 15:31:33 - [TEST_STEP][PASSED] - setText(findTestObject("IWP30/Page_VRelay30Emulator/UDF7"), UDF7): Text '' is set on object 'Object Repository/IWP30/Page_VRelay30Emulator/UDF7'

2024-05-15 15:31:33 - [MESSAGE][PASSED] - Text '' is set on object 'Object Repository/IWP30/Page_VRelay30Emulator/UDF7'

2024-05-15 15:31:33 - [TEST_STEP][PASSED] - setText(findTestObject("IWP30/Page_VRelay30Emulator/UDF8"), UDF8): Text '' is set on object 'Object Repository/IWP30/Page_VRelay30Emulator/UDF8'

2024-05-15 15:31:34 - [MESSAGE][PASSED] - Text '' is set on object 'Object Repository/IWP30/Page_VRelay30Emulator/UDF8'

2024-05-15 15:31:34 - [TEST_STEP][PASSED] - setText(findTestObject("IWP30/Page_VRelay30Emulator/UDF9"), UDF9): Text 'udf data 9' is set on object 'Object Repository/IWP30/Page_VRelay30Emulator/UDF9'

2024-05-15 15:31:35 - [MESSAGE][PASSED] - Text 'udf data 9' is set on object 'Object Repository/IWP30/Page_VRelay30Emulator/UDF9'

2024-05-15 15:31:35 - [TEST_STEP][PASSED] - setText(findTestObject("IWP30/Page_VRelay30Emulator/UDF10"), UDF10): Text 'udf data 10' is set on object 'Object Repository/IWP30/Page_VRelay30Emulator/UDF10'

2024-05-15 15:31:35 - [MESSAGE][PASSED] - Text 'udf data 10' is set on object 'Object Repository/IWP30/Page_VRelay30Emulator/UDF10'

2024-05-15 15:31:35 - [TEST_STEP][PASSED] - Thread.sleep(5000): null

2024-05-15 15:31:40 - [TEST_STEP][PASSED] - click(findTestObject("IWP30/Page_VRelay30Emulator/Submit")): Object: 'Object Repository/IWP30/Page_VRelay30Emulator/Submit' is clicked on

2024-05-15 15:31:41 - [MESSAGE][PASSED] - Object: 'Object Repository/IWP30/Page_VRelay30Emulator/Submit' is clicked on

2024-05-15 15:31:41 - [TEST_STEP][PASSED] - closeBrowser(): Browser is closed

2024-05-15 15:31:42 - [MESSAGE][PASSED] - Browser is closed

2024-05-15 15:31:42 - [TEST_STEP][PASSED] - openBrowser(urlTestHarness): Browser is opened with url: 'https://dev-algorithm.govolution.com/vrelaytest/QA2/version_2_2/vrelaytest.html'

2024-05-15 15:31:42 - [MESSAGE][INFO] - Starting 'Chrome' driver

2024-05-15 15:31:42 - [MESSAGE][INFO] - User set preference: ['acceptInsecureCerts', 'true']

2024-05-15 15:31:42 - [MESSAGE][INFO] - Action delay is set to 0 milliseconds

2024-05-15 15:31:44 - [MESSAGE][PASSED] - Browser is opened with url: 'https://dev-algorithm.govolution.com/vrelaytest/QA2/version_2_2/vrelaytest.html'

2024-05-15 15:31:44 - [TEST_STEP][PASSED] - maximizeWindow(): Current window maximized

2024-05-15 15:31:44 - [MESSAGE][PASSED] - Current window maximized

2024-05-15 15:31:44 - [TEST_STEP][PASSED] - genRemIDVoid = RandomStringUtils.random(12, true, true): null

2024-05-15 15:31:44 - [TEST_STEP][PASSED] - if (verifyElementPresent(findTestObject("Object Repository/IWP30/Page_QATestHarness/RemittanceID"), 30)): null

2024-05-15 15:31:45 - [MESSAGE][PASSED] - Object 'Object Repository/IWP30/Page_QATestHarness/RemittanceID' is present

2024-05-15 15:31:45 - [TEST_STEP][PASSED] - println("We are on Test Harness page, start populating"): null

2024-05-15 15:31:45 - [TEST_STEP][PASSED] - setText(findTestObject("Object Repository/IWP30/Page_QATestHarness/ApplicationID"), AppID): Text '649' is set on object 'Object Repository/IWP30/Page_QATestHarness/ApplicationID'

2024-05-15 15:31:45 - [MESSAGE][PASSED] - Text '649' is set on object 'Object Repository/IWP30/Page_QATestHarness/ApplicationID'

2024-05-15 15:31:45 - [TEST_STEP][PASSED] - setText(findTestObject("Object Repository/IWP30/Page_QATestHarness/MessageVersion"), MessageVersion): Text '3.0' is set on object 'Object Repository/IWP30/Page_QATestHarness/MessageVersion'

2024-05-15 15:31:46 - [MESSAGE][PASSED] - Text '3.0' is set on object 'Object Repository/IWP30/Page_QATestHarness/MessageVersion'

2024-05-15 15:31:46 - [TEST_STEP][PASSED] - setText(findTestObject("Object Repository/IWP30/Page_QATestHarness/RemittanceID"), genRemIDVoid): Text 'jAj8vtC8ftj9' is set on object 'Object Repository/IWP30/Page_QATestHarness/RemittanceID'

2024-05-15 15:31:47 - [MESSAGE][PASSED] - Text 'jAj8vtC8ftj9' is set on object 'Object Repository/IWP30/Page_QATestHarness/RemittanceID'

2024-05-15 15:31:47 - [TEST_STEP][PASSED] - click(findTestObject("Object Repository/IWP30/Page_QATestHarness/SubmitButton")): Object: 'Object Repository/IWP30/Page_QATestHarness/SubmitButton' is clicked on

2024-05-15 15:31:48 - [MESSAGE][PASSED] - Object: 'Object Repository/IWP30/Page_QATestHarness/SubmitButton' is clicked on

2024-05-15 15:31:48 - [TEST_STEP][PASSED] - if (verifyElementPresent(findTestObject("Object Repository/IWP30/Page_SelectPaymentMethod/PayByCreditCard"), 30)): null

2024-05-15 15:31:48 - [MESSAGE][PASSED] - Object 'Object Repository/IWP30/Page_SelectPaymentMethod/PayByCreditCard' is present

2024-05-15 15:31:48 - [TEST_STEP][PASSED] - println("We are on Select Payment Method page, start populating"): null

2024-05-15 15:31:48 - [TEST_STEP][PASSED] - check(findTestObject("Object Repository/IWP30/Page_SelectPaymentMethod/PayByCreditCard")): Object 'Object Repository/IWP30/Page_SelectPaymentMethod/PayByCreditCard' is checked

2024-05-15 15:31:49 - [MESSAGE][PASSED] - Object 'Object Repository/IWP30/Page_SelectPaymentMethod/PayByCreditCard' is checked

2024-05-15 15:31:49 - [TEST_STEP][PASSED] - Thread.sleep(1000): null

2024-05-15 15:31:50 - [TEST_STEP][PASSED] - click(findTestObject("Object Repository/IWP30/Page_SelectPaymentMethod/MakePaymentButton")): Object: 'Object Repository/IWP30/Page_SelectPaymentMethod/MakePaymentButton' is clicked on

2024-05-15 15:31:51 - [MESSAGE][PASSED] - Object: 'Object Repository/IWP30/Page_SelectPaymentMethod/MakePaymentButton' is clicked on

2024-05-15 15:31:51 - [TEST_STEP][PASSED] - if (verifyElementPresent(findTestObject("Object Repository/IWP30/Page_CCPaymentEntry/Name"), 30)): null

2024-05-15 15:31:51 - [MESSAGE][PASSED] - Object 'Object Repository/IWP30/Page_CCPaymentEntry/Name' is present

2024-05-15 15:31:51 - [TEST_STEP][PASSED] - println("We are on Credit Card Payment Entry page, start populating"): null

2024-05-15 15:31:51 - [TEST_STEP][PASSED] - if (verifyElementPresent(findTestObject("Object Repository/IWP30/Page_CCPaymentEntry/Amount"), 30)): null

2024-05-15 15:31:52 - [MESSAGE][PASSED] - Object 'Object Repository/IWP30/Page_CCPaymentEntry/Amount' is present

2024-05-15 15:31:52 - [TEST_STEP][PASSED] - if (!(CCAmount.isEmpty())): Text '20.50' is set on object 'Object Repository/IWP30/Page_CCPaymentEntry/Amount'

2024-05-15 15:31:52 - [TEST_STEP][PASSED] - setText(findTestObject("Object Repository/IWP30/Page_CCPaymentEntry/Amount"), CCAmount): Text '20.50' is set on object 'Object Repository/IWP30/Page_CCPaymentEntry/Amount'

2024-05-15 15:31:52 - [MESSAGE][PASSED] - Text '20.50' is set on object 'Object Repository/IWP30/Page_CCPaymentEntry/Amount'

2024-05-15 15:31:52 - [TEST_STEP][PASSED] - if (verifyElementPresent(findTestObject("Object Repository/IWP30/Page_CCPaymentEntry/UserDefined2"), 30)): null

2024-05-15 15:31:53 - [MESSAGE][PASSED] - Object 'Object Repository/IWP30/Page_CCPaymentEntry/UserDefined2' is present

2024-05-15 15:31:53 - [TEST_STEP][PASSED] - if (!(CCUDF2.isEmpty())): Text 'Number 2' is set on object 'Object Repository/IWP30/Page_CCPaymentEntry/UserDefined2'

2024-05-15 15:31:53 - [TEST_STEP][PASSED] - setText(findTestObject("Object Repository/IWP30/Page_CCPaymentEntry/UserDefined2"), CCUDF2): Text 'Number 2' is set on object 'Object Repository/IWP30/Page_CCPaymentEntry/UserDefined2'

2024-05-15 15:31:53 - [MESSAGE][PASSED] - Text 'Number 2' is set on object 'Object Repository/IWP30/Page_CCPaymentEntry/UserDefined2'

2024-05-15 15:31:53 - [TEST_STEP][PASSED] - if (verifyElementPresent(findTestObject("Object Repository/IWP30/Page_CCPaymentEntry/UserDefined3"), 30)): null

2024-05-15 15:31:54 - [MESSAGE][PASSED] - Object 'Object Repository/IWP30/Page_CCPaymentEntry/UserDefined3' is present

2024-05-15 15:31:54 - [TEST_STEP][PASSED] - if (!(CCUDF3.isEmpty())): Text 'Number 3' is set on object 'Object Repository/IWP30/Page_CCPaymentEntry/UserDefined3'

2024-05-15 15:31:54 - [TEST_STEP][PASSED] - setText(findTestObject("Object Repository/IWP30/Page_CCPaymentEntry/UserDefined3"), CCUDF3): Text 'Number 3' is set on object 'Object Repository/IWP30/Page_CCPaymentEntry/UserDefined3'

2024-05-15 15:31:54 - [MESSAGE][PASSED] - Text 'Number 3' is set on object 'Object Repository/IWP30/Page_CCPaymentEntry/UserDefined3'

2024-05-15 15:31:54 - [TEST_STEP][PASSED] - if (verifyElementPresent(findTestObject("Object Repository/IWP30/Page_CCPaymentEntry/UserDefined7"), 30)): null

2024-05-15 15:31:55 - [MESSAGE][PASSED] - Object 'Object Repository/IWP30/Page_CCPaymentEntry/UserDefined7' is present

2024-05-15 15:31:55 - [TEST_STEP][PASSED] - if (!(CCUDF7.isEmpty())): All options with label 'Orange' are selected in object 'Object Repository/IWP30/Page_CCPaymentEntry/UserDefined7' 

2024-05-15 15:31:55 - [TEST_STEP][PASSED] - selectOptionByLabel(findTestObject("Object Repository/IWP30/Page_CCPaymentEntry/UserDefined7"), CCUDF7, false): All options with label 'Orange' are selected in object 'Object Repository/IWP30/Page_CCPaymentEntry/UserDefined7' 

2024-05-15 15:31:55 - [MESSAGE][PASSED] - All options with label 'Orange' are selected in object 'Object Repository/IWP30/Page_CCPaymentEntry/UserDefined7' 

2024-05-15 15:31:55 - [TEST_STEP][PASSED] - if (verifyElementPresent(findTestObject("Object Repository/IWP30/Page_CCPaymentEntry/UserDefined8"), 30)): null

2024-05-15 15:31:56 - [MESSAGE][PASSED] - Object 'Object Repository/IWP30/Page_CCPaymentEntry/UserDefined8' is present

2024-05-15 15:31:56 - [TEST_STEP][PASSED] - if (!(CCUDF8.isEmpty())): All options with label 'Tennis' are selected in object 'Object Repository/IWP30/Page_CCPaymentEntry/UserDefined8' 

2024-05-15 15:31:56 - [TEST_STEP][PASSED] - selectOptionByLabel(findTestObject("Object Repository/IWP30/Page_CCPaymentEntry/UserDefined8"), CCUDF8, false): All options with label 'Tennis' are selected in object 'Object Repository/IWP30/Page_CCPaymentEntry/UserDefined8' 

2024-05-15 15:31:56 - [MESSAGE][PASSED] - All options with label 'Tennis' are selected in object 'Object Repository/IWP30/Page_CCPaymentEntry/UserDefined8' 

2024-05-15 15:31:56 - [TEST_STEP][PASSED] - if (verifyElementPresent(findTestObject("Object Repository/IWP30/Page_CCPaymentEntry/Name"), 30)): null

2024-05-15 15:31:56 - [MESSAGE][PASSED] - Object 'Object Repository/IWP30/Page_CCPaymentEntry/Name' is present

2024-05-15 15:31:56 - [TEST_STEP][PASSED] - if (!(CCName.isEmpty())): Text 'Mera Naam' is set on object 'Object Repository/IWP30/Page_CCPaymentEntry/Name'

2024-05-15 15:31:56 - [TEST_STEP][PASSED] - setText(findTestObject("Object Repository/IWP30/Page_CCPaymentEntry/Name"), CCName): Text 'Mera Naam' is set on object 'Object Repository/IWP30/Page_CCPaymentEntry/Name'

2024-05-15 15:31:57 - [MESSAGE][PASSED] - Text 'Mera Naam' is set on object 'Object Repository/IWP30/Page_CCPaymentEntry/Name'

2024-05-15 15:31:57 - [TEST_STEP][PASSED] - if (verifyElementPresent(findTestObject("Object Repository/IWP30/Page_CCPaymentEntry/CardNumber"), 30)): null

2024-05-15 15:31:57 - [MESSAGE][PASSED] - Object 'Object Repository/IWP30/Page_CCPaymentEntry/CardNumber' is present

2024-05-15 15:31:57 - [TEST_STEP][PASSED] - if (!(CCCardNum.isEmpty())): Text '5424000000000015' is set on object 'Object Repository/IWP30/Page_CCPaymentEntry/CardNumber'

2024-05-15 15:31:57 - [TEST_STEP][PASSED] - setText(findTestObject("Object Repository/IWP30/Page_CCPaymentEntry/CardNumber"), CCCardNum): Text '5424000000000015' is set on object 'Object Repository/IWP30/Page_CCPaymentEntry/CardNumber'

2024-05-15 15:31:58 - [MESSAGE][PASSED] - Text '5424000000000015' is set on object 'Object Repository/IWP30/Page_CCPaymentEntry/CardNumber'

2024-05-15 15:31:58 - [TEST_STEP][PASSED] - if (verifyElementPresent(findTestObject("Object Repository/IWP30/Page_CCPaymentEntry/SPC"), 30)): null

2024-05-15 15:31:58 - [MESSAGE][PASSED] - Object 'Object Repository/IWP30/Page_CCPaymentEntry/SPC' is present

2024-05-15 15:31:58 - [TEST_STEP][PASSED] - if (!(CCSPC.isEmpty())): Text '123' is set on object 'Object Repository/IWP30/Page_CCPaymentEntry/SPC'

2024-05-15 15:31:58 - [TEST_STEP][PASSED] - setText(findTestObject("Object Repository/IWP30/Page_CCPaymentEntry/SPC"), CCSPC): Text '123' is set on object 'Object Repository/IWP30/Page_CCPaymentEntry/SPC'

2024-05-15 15:31:59 - [MESSAGE][PASSED] - Text '123' is set on object 'Object Repository/IWP30/Page_CCPaymentEntry/SPC'

2024-05-15 15:31:59 - [TEST_STEP][PASSED] - if (verifyElementPresent(findTestObject("Object Repository/IWP30/Page_CCPaymentEntry/Month"), 30)): null

2024-05-15 15:31:59 - [MESSAGE][PASSED] - Object 'Object Repository/IWP30/Page_CCPaymentEntry/Month' is present

2024-05-15 15:31:59 - [TEST_STEP][PASSED] - if (!(CCExpM.isEmpty())): All options with label '09' are selected in object 'Object Repository/IWP30/Page_CCPaymentEntry/Month' 

2024-05-15 15:31:59 - [TEST_STEP][PASSED] - selectOptionByLabel(findTestObject("Object Repository/IWP30/Page_CCPaymentEntry/Month"), CCExpM, false): All options with label '09' are selected in object 'Object Repository/IWP30/Page_CCPaymentEntry/Month' 

2024-05-15 15:32:00 - [MESSAGE][PASSED] - All options with label '09' are selected in object 'Object Repository/IWP30/Page_CCPaymentEntry/Month' 

2024-05-15 15:32:00 - [TEST_STEP][PASSED] - if (verifyElementPresent(findTestObject("Object Repository/IWP30/Page_CCPaymentEntry/Year"), 30)): null

2024-05-15 15:32:00 - [MESSAGE][PASSED] - Object 'Object Repository/IWP30/Page_CCPaymentEntry/Year' is present

2024-05-15 15:32:00 - [TEST_STEP][FAILED] - if (!(CCExpY.isEmpty())): Unable to select option by label '2023' of object 'Object Repository/IWP30/Page_CCPaymentEntry/Year'  (Root cause: com.kms.katalon.core.exception.StepFailedException: Unable to select option by label '2023' of object 'Object Repository/IWP30/Page_CCPaymentEntry/Year' 
	at com.kms.katalon.core.webui.keyword.internal.WebUIKeywordMain.stepFailed(WebUIKeywordMain.groovy:64)
	at com.kms.katalon.core.webui.keyword.internal.WebUIKeywordMain.runKeyword(WebUIKeywordMain.groovy:26)
	at com.kms.katalon.core.webui.keyword.builtin.SelectOptionByLabelKeyword.selectOptionByLabel(SelectOptionByLabelKeyword.groovy:98)
	at com.kms.katalon.core.webui.keyword.builtin.SelectOptionByLabelKeyword.execute(SelectOptionByLabelKeyword.groovy:71)
	at com.kms.katalon.core.keyword.internal.KeywordExecutor.executeKeywordForPlatform(KeywordExecutor.groovy:74)
	at com.kms.katalon.core.webui.keyword.WebUiBuiltInKeywords.selectOptionByLabel(WebUiBuiltInKeywords.groovy:1230)
	at com.kms.katalon.core.webui.keyword.WebUiBuiltInKeywords$selectOptionByLabel$7.call(Unknown Source)
	at PayNowReqFieldsCC.run(PayNowReqFieldsCC:476)
	at com.kms.katalon.core.main.ScriptEngine.run(ScriptEngine.java:194)
	at com.kms.katalon.core.main.ScriptEngine.runScriptAsRawText(ScriptEngine.java:119)
	at com.kms.katalon.core.main.TestCaseExecutor.runScript(TestCaseExecutor.java:448)
	at com.kms.katalon.core.main.TestCaseExecutor.doExecute(TestCaseExecutor.java:439)
	at com.kms.katalon.core.main.TestCaseExecutor.processExecutionPhase(TestCaseExecutor.java:418)
	at com.kms.katalon.core.main.TestCaseExecutor.accessMainPhase(TestCaseExecutor.java:410)
	at com.kms.katalon.core.main.TestCaseExecutor.execute(TestCaseExecutor.java:285)
	at com.kms.katalon.core.common.CommonExecutor.accessTestCaseMainPhase(CommonExecutor.java:65)
	at com.kms.katalon.core.main.TestSuiteExecutor.accessTestSuiteMainPhase(TestSuiteExecutor.java:148)
	at com.kms.katalon.core.main.TestSuiteExecutor.execute(TestSuiteExecutor.java:106)
	at com.kms.katalon.core.main.TestCaseMain.startTestSuite(TestCaseMain.java:187)
	at com.kms.katalon.core.main.TestCaseMain$startTestSuite$0.call(Unknown Source)
	at TempTestSuite1715800219174.run(TempTestSuite1715800219174.groovy:35)
Caused by: org.openqa.selenium.NoSuchElementException: Cannot locate element with text: 2023
For documentation on this error, please visit: https://www.seleniumhq.org/exceptions/no_such_element.html
Build info: version: '3.141.59', revision: 'e82be7d358', time: '2018-11-14T08:25:53'
System info: host: 'DESKTOP-B2QI6NS', ip: '172.31.253.185', os.name: 'Windows 10', os.arch: 'amd64', os.version: '10.0', java.version: '1.8.0_181'
Driver info: driver.version: unknown
	at org.openqa.selenium.support.ui.Select.selectByVisibleText(Select.java:147)
	at com.kms.katalon.core.webui.common.WebUiCommonHelper.selectOrDeselectOptionsByLabel(WebUiCommonHelper.java:310)
	at com.kms.katalon.core.webui.keyword.builtin.SelectOptionByLabelKeyword$_selectOptionByLabel_closure1.doCall(SelectOptionByLabelKeyword.groovy:87)
	at com.kms.katalon.core.webui.keyword.builtin.SelectOptionByLabelKeyword$_selectOptionByLabel_closure1.call(SelectOptionByLabelKeyword.groovy)
	at com.kms.katalon.core.webui.keyword.internal.WebUIKeywordMain.runKeyword(WebUIKeywordMain.groovy:20)
	at com.kms.katalon.core.webui.keyword.builtin.SelectOptionByLabelKeyword.selectOptionByLabel(SelectOptionByLabelKeyword.groovy:98)
	at com.kms.katalon.core.webui.keyword.builtin.SelectOptionByLabelKeyword.execute(SelectOptionByLabelKeyword.groovy:71)
	at com.kms.katalon.core.keyword.internal.KeywordExecutor.executeKeywordForPlatform(KeywordExecutor.groovy:74)
	at com.kms.katalon.core.webui.keyword.WebUiBuiltInKeywords.selectOptionByLabel(WebUiBuiltInKeywords.groovy:1230)
	at com.kms.katalon.core.webui.keyword.WebUiBuiltInKeywords$selectOptionByLabel$7.call(Unknown Source)
	at Script1593468708030.run(Script1593468708030.groovy:476)
	... 13 more
)

2024-05-15 15:32:00 - [TEST_STEP][FAILED] - selectOptionByLabel(findTestObject("Object Repository/IWP30/Page_CCPaymentEntry/Year"), CCExpY, false): Unable to select option by label '2023' of object 'Object Repository/IWP30/Page_CCPaymentEntry/Year'  (Root cause: com.kms.katalon.core.exception.StepFailedException: Unable to select option by label '2023' of object 'Object Repository/IWP30/Page_CCPaymentEntry/Year' 
	at com.kms.katalon.core.webui.keyword.internal.WebUIKeywordMain.stepFailed(WebUIKeywordMain.groovy:64)
	at com.kms.katalon.core.webui.keyword.internal.WebUIKeywordMain.runKeyword(WebUIKeywordMain.groovy:26)
	at com.kms.katalon.core.webui.keyword.builtin.SelectOptionByLabelKeyword.selectOptionByLabel(SelectOptionByLabelKeyword.groovy:98)
	at com.kms.katalon.core.webui.keyword.builtin.SelectOptionByLabelKeyword.execute(SelectOptionByLabelKeyword.groovy:71)
	at com.kms.katalon.core.keyword.internal.KeywordExecutor.executeKeywordForPlatform(KeywordExecutor.groovy:74)
	at com.kms.katalon.core.webui.keyword.WebUiBuiltInKeywords.selectOptionByLabel(WebUiBuiltInKeywords.groovy:1230)
	at com.kms.katalon.core.webui.keyword.WebUiBuiltInKeywords$selectOptionByLabel$7.call(Unknown Source)
	at PayNowReqFieldsCC.run(PayNowReqFieldsCC:476)
	at com.kms.katalon.core.main.ScriptEngine.run(ScriptEngine.java:194)
	at com.kms.katalon.core.main.ScriptEngine.runScriptAsRawText(ScriptEngine.java:119)
	at com.kms.katalon.core.main.TestCaseExecutor.runScript(TestCaseExecutor.java:448)
	at com.kms.katalon.core.main.TestCaseExecutor.doExecute(TestCaseExecutor.java:439)
	at com.kms.katalon.core.main.TestCaseExecutor.processExecutionPhase(TestCaseExecutor.java:418)
	at com.kms.katalon.core.main.TestCaseExecutor.accessMainPhase(TestCaseExecutor.java:410)
	at com.kms.katalon.core.main.TestCaseExecutor.execute(TestCaseExecutor.java:285)
	at com.kms.katalon.core.common.CommonExecutor.accessTestCaseMainPhase(CommonExecutor.java:65)
	at com.kms.katalon.core.main.TestSuiteExecutor.accessTestSuiteMainPhase(TestSuiteExecutor.java:148)
	at com.kms.katalon.core.main.TestSuiteExecutor.execute(TestSuiteExecutor.java:106)
	at com.kms.katalon.core.main.TestCaseMain.startTestSuite(TestCaseMain.java:187)
	at com.kms.katalon.core.main.TestCaseMain$startTestSuite$0.call(Unknown Source)
	at TempTestSuite1715800219174.run(TempTestSuite1715800219174.groovy:35)
Caused by: org.openqa.selenium.NoSuchElementException: Cannot locate element with text: 2023
For documentation on this error, please visit: https://www.seleniumhq.org/exceptions/no_such_element.html
Build info: version: '3.141.59', revision: 'e82be7d358', time: '2018-11-14T08:25:53'
System info: host: 'DESKTOP-B2QI6NS', ip: '172.31.253.185', os.name: 'Windows 10', os.arch: 'amd64', os.version: '10.0', java.version: '1.8.0_181'
Driver info: driver.version: unknown
	at org.openqa.selenium.support.ui.Select.selectByVisibleText(Select.java:147)
	at com.kms.katalon.core.webui.common.WebUiCommonHelper.selectOrDeselectOptionsByLabel(WebUiCommonHelper.java:310)
	at com.kms.katalon.core.webui.keyword.builtin.SelectOptionByLabelKeyword$_selectOptionByLabel_closure1.doCall(SelectOptionByLabelKeyword.groovy:87)
	at com.kms.katalon.core.webui.keyword.builtin.SelectOptionByLabelKeyword$_selectOptionByLabel_closure1.call(SelectOptionByLabelKeyword.groovy)
	at com.kms.katalon.core.webui.keyword.internal.WebUIKeywordMain.runKeyword(WebUIKeywordMain.groovy:20)
	at com.kms.katalon.core.webui.keyword.builtin.SelectOptionByLabelKeyword.selectOptionByLabel(SelectOptionByLabelKeyword.groovy:98)
	at com.kms.katalon.core.webui.keyword.builtin.SelectOptionByLabelKeyword.execute(SelectOptionByLabelKeyword.groovy:71)
	at com.kms.katalon.core.keyword.internal.KeywordExecutor.executeKeywordForPlatform(KeywordExecutor.groovy:74)
	at com.kms.katalon.core.webui.keyword.WebUiBuiltInKeywords.selectOptionByLabel(WebUiBuiltInKeywords.groovy:1230)
	at com.kms.katalon.core.webui.keyword.WebUiBuiltInKeywords$selectOptionByLabel$7.call(Unknown Source)
	at Script1593468708030.run(Script1593468708030.groovy:476)
	... 13 more
)

2024-05-15 15:32:02 - [MESSAGE][FAILED] - Unable to select option by label '2023' of object 'Object Repository/IWP30/Page_CCPaymentEntry/Year'  (Root cause: com.kms.katalon.core.exception.StepFailedException: Unable to select option by label '2023' of object 'Object Repository/IWP30/Page_CCPaymentEntry/Year' 
	at com.kms.katalon.core.webui.keyword.internal.WebUIKeywordMain.stepFailed(WebUIKeywordMain.groovy:64)
	at com.kms.katalon.core.webui.keyword.internal.WebUIKeywordMain.runKeyword(WebUIKeywordMain.groovy:26)
	at com.kms.katalon.core.webui.keyword.builtin.SelectOptionByLabelKeyword.selectOptionByLabel(SelectOptionByLabelKeyword.groovy:98)
	at com.kms.katalon.core.webui.keyword.builtin.SelectOptionByLabelKeyword.execute(SelectOptionByLabelKeyword.groovy:71)
	at com.kms.katalon.core.keyword.internal.KeywordExecutor.executeKeywordForPlatform(KeywordExecutor.groovy:74)
	at com.kms.katalon.core.webui.keyword.WebUiBuiltInKeywords.selectOptionByLabel(WebUiBuiltInKeywords.groovy:1230)
	at com.kms.katalon.core.webui.keyword.WebUiBuiltInKeywords$selectOptionByLabel$7.call(Unknown Source)
	at PayNowReqFieldsCC.run(PayNowReqFieldsCC:476)
	at com.kms.katalon.core.main.ScriptEngine.run(ScriptEngine.java:194)
	at com.kms.katalon.core.main.ScriptEngine.runScriptAsRawText(ScriptEngine.java:119)
	at com.kms.katalon.core.main.TestCaseExecutor.runScript(TestCaseExecutor.java:448)
	at com.kms.katalon.core.main.TestCaseExecutor.doExecute(TestCaseExecutor.java:439)
	at com.kms.katalon.core.main.TestCaseExecutor.processExecutionPhase(TestCaseExecutor.java:418)
	at com.kms.katalon.core.main.TestCaseExecutor.accessMainPhase(TestCaseExecutor.java:410)
	at com.kms.katalon.core.main.TestCaseExecutor.execute(TestCaseExecutor.java:285)
	at com.kms.katalon.core.common.CommonExecutor.accessTestCaseMainPhase(CommonExecutor.java:65)
	at com.kms.katalon.core.main.TestSuiteExecutor.accessTestSuiteMainPhase(TestSuiteExecutor.java:148)
	at com.kms.katalon.core.main.TestSuiteExecutor.execute(TestSuiteExecutor.java:106)
	at com.kms.katalon.core.main.TestCaseMain.startTestSuite(TestCaseMain.java:187)
	at com.kms.katalon.core.main.TestCaseMain$startTestSuite$0.call(Unknown Source)
	at TempTestSuite1715800219174.run(TempTestSuite1715800219174.groovy:35)
Caused by: org.openqa.selenium.NoSuchElementException: Cannot locate element with text: 2023
For documentation on this error, please visit: https://www.seleniumhq.org/exceptions/no_such_element.html
Build info: version: '3.141.59', revision: 'e82be7d358', time: '2018-11-14T08:25:53'
System info: host: 'DESKTOP-B2QI6NS', ip: '172.31.253.185', os.name: 'Windows 10', os.arch: 'amd64', os.version: '10.0', java.version: '1.8.0_181'
Driver info: driver.version: unknown
	at org.openqa.selenium.support.ui.Select.selectByVisibleText(Select.java:147)
	at com.kms.katalon.core.webui.common.WebUiCommonHelper.selectOrDeselectOptionsByLabel(WebUiCommonHelper.java:310)
	at com.kms.katalon.core.webui.keyword.builtin.SelectOptionByLabelKeyword$_selectOptionByLabel_closure1.doCall(SelectOptionByLabelKeyword.groovy:87)
	at com.kms.katalon.core.webui.keyword.builtin.SelectOptionByLabelKeyword$_selectOptionByLabel_closure1.call(SelectOptionByLabelKeyword.groovy)
	at com.kms.katalon.core.webui.keyword.internal.WebUIKeywordMain.runKeyword(WebUIKeywordMain.groovy:20)
	at com.kms.katalon.core.webui.keyword.builtin.SelectOptionByLabelKeyword.selectOptionByLabel(SelectOptionByLabelKeyword.groovy:98)
	at com.kms.katalon.core.webui.keyword.builtin.SelectOptionByLabelKeyword.execute(SelectOptionByLabelKeyword.groovy:71)
	at com.kms.katalon.core.keyword.internal.KeywordExecutor.executeKeywordForPlatform(KeywordExecutor.groovy:74)
	at com.kms.katalon.core.webui.keyword.WebUiBuiltInKeywords.selectOptionByLabel(WebUiBuiltInKeywords.groovy:1230)
	at com.kms.katalon.core.webui.keyword.WebUiBuiltInKeywords$selectOptionByLabel$7.call(Unknown Source)
	at Script1593468708030.run(Script1593468708030.groovy:476)
	... 13 more
)
[[ATTACHMENT|E:\\Cloned-Project-Katalon\\VPS-Katalon\\Reports\\20240515_151019\\QA\\IWP3.0\\IWP30 Smoke TestSuite\\20240515_151019\\1715801521294.png]]

2024-05-15 15:32:02 - [TEST_STEP][PASSED] - if (verifyElementPresent(findTestObject("Object Repository/IWP30/Page_CCPaymentEntry/ProcessDate"), 30)): null

2024-05-15 15:32:02 - [MESSAGE][PASSED] - Object 'Object Repository/IWP30/Page_CCPaymentEntry/ProcessDate' is present

2024-05-15 15:32:02 - [TEST_STEP][PASSED] - if (!(CCDate.isEmpty())): null

2024-05-15 15:32:02 - [TEST_STEP][PASSED] - else: null

2024-05-15 15:32:02 - [TEST_STEP][PASSED] - println("CCDate is not present in the Excel Spreadsheet"): null

2024-05-15 15:32:02 - [TEST_STEP][PASSED] - if (verifyElementPresent(findTestObject("Object Repository/IWP30/Page_CCPaymentEntry/AL1"), 30)): null

2024-05-15 15:32:02 - [MESSAGE][PASSED] - Object 'Object Repository/IWP30/Page_CCPaymentEntry/AL1' is present

2024-05-15 15:32:02 - [TEST_STEP][PASSED] - if (!(CCAL1.isEmpty())): Text 'Mera AL1' is set on object 'Object Repository/IWP30/Page_CCPaymentEntry/AL1'

2024-05-15 15:32:02 - [TEST_STEP][PASSED] - setText(findTestObject("Object Repository/IWP30/Page_CCPaymentEntry/AL1"), CCAL1): Text 'Mera AL1' is set on object 'Object Repository/IWP30/Page_CCPaymentEntry/AL1'

2024-05-15 15:32:03 - [MESSAGE][PASSED] - Text 'Mera AL1' is set on object 'Object Repository/IWP30/Page_CCPaymentEntry/AL1'

2024-05-15 15:32:03 - [TEST_STEP][PASSED] - if (verifyElementPresent(findTestObject("Object Repository/IWP30/Page_CCPaymentEntry/AL2"), 30)): null

2024-05-15 15:32:03 - [MESSAGE][PASSED] - Object 'Object Repository/IWP30/Page_CCPaymentEntry/AL2' is present

2024-05-15 15:32:03 - [TEST_STEP][PASSED] - if (!(CCAL2.isEmpty())): Text 'Mera AL2' is set on object 'Object Repository/IWP30/Page_CCPaymentEntry/AL2'

2024-05-15 15:32:03 - [TEST_STEP][PASSED] - setText(findTestObject("Object Repository/IWP30/Page_CCPaymentEntry/AL2"), CCAL2): Text 'Mera AL2' is set on object 'Object Repository/IWP30/Page_CCPaymentEntry/AL2'

2024-05-15 15:32:04 - [MESSAGE][PASSED] - Text 'Mera AL2' is set on object 'Object Repository/IWP30/Page_CCPaymentEntry/AL2'

2024-05-15 15:32:04 - [TEST_STEP][PASSED] - if (verifyElementPresent(findTestObject("Object Repository/IWP30/Page_CCPaymentEntry/ZIP"), 30)): null

2024-05-15 15:32:04 - [MESSAGE][PASSED] - Object 'Object Repository/IWP30/Page_CCPaymentEntry/ZIP' is present

2024-05-15 15:32:04 - [TEST_STEP][PASSED] - if (!(CCZIP.isEmpty())): Text '21054' is set on object 'Object Repository/IWP30/Page_CCPaymentEntry/ZIP'

2024-05-15 15:32:04 - [TEST_STEP][PASSED] - setText(findTestObject("Object Repository/IWP30/Page_CCPaymentEntry/ZIP"), CCZIP): Text '21054' is set on object 'Object Repository/IWP30/Page_CCPaymentEntry/ZIP'

2024-05-15 15:32:05 - [MESSAGE][PASSED] - Text '21054' is set on object 'Object Repository/IWP30/Page_CCPaymentEntry/ZIP'

2024-05-15 15:32:05 - [TEST_STEP][PASSED] - if (verifyElementPresent(findTestObject("Object Repository/IWP30/Page_CCPaymentEntry/EmailAddress"), 30)): null

2024-05-15 15:32:05 - [MESSAGE][PASSED] - Object 'Object Repository/IWP30/Page_CCPaymentEntry/EmailAddress' is present

2024-05-15 15:32:05 - [TEST_STEP][PASSED] - if (!(CCEmail.isEmpty())): Text 'merae@gmail.com' is set on object 'Object Repository/IWP30/Page_CCPaymentEntry/EmailAddress'

2024-05-15 15:32:05 - [TEST_STEP][PASSED] - setText(findTestObject("Object Repository/IWP30/Page_CCPaymentEntry/EmailAddress"), CCEmail): Text 'merae@gmail.com' is set on object 'Object Repository/IWP30/Page_CCPaymentEntry/EmailAddress'

2024-05-15 15:32:06 - [MESSAGE][PASSED] - Text 'merae@gmail.com' is set on object 'Object Repository/IWP30/Page_CCPaymentEntry/EmailAddress'

2024-05-15 15:32:06 - [TEST_STEP][PASSED] - if (verifyElementPresent(findTestObject("Object Repository/IWP30/Page_CCPaymentEntry/TermCondCheckBox"), 30)): null

2024-05-15 15:32:06 - [MESSAGE][PASSED] - Object 'Object Repository/IWP30/Page_CCPaymentEntry/TermCondCheckBox' is present

2024-05-15 15:32:06 - [TEST_STEP][PASSED] - check(findTestObject("Object Repository/IWP30/Page_CCPaymentEntry/TermCondCheckBox")): Object 'Object Repository/IWP30/Page_CCPaymentEntry/TermCondCheckBox' is checked

2024-05-15 15:32:06 - [MESSAGE][PASSED] - Object 'Object Repository/IWP30/Page_CCPaymentEntry/TermCondCheckBox' is checked

2024-05-15 15:32:06 - [TEST_STEP][PASSED] - if (verifyElementPresent(findTestObject("Object Repository/IWP30/Page_CCPaymentEntry/ContinueButton"), 30)): null

2024-05-15 15:32:07 - [MESSAGE][PASSED] - Object 'Object Repository/IWP30/Page_CCPaymentEntry/ContinueButton' is present

2024-05-15 15:32:07 - [TEST_STEP][PASSED] - click(findTestObject("Object Repository/IWP30/Page_CCPaymentEntry/ContinueButton")): Object: 'Object Repository/IWP30/Page_CCPaymentEntry/ContinueButton' is clicked on

2024-05-15 15:32:08 - [MESSAGE][PASSED] - Object: 'Object Repository/IWP30/Page_CCPaymentEntry/ContinueButton' is clicked on

2024-05-15 15:32:08 - [TEST_STEP][FAILED] - if (verifyTextPresent("Please verify the following information", false)): Text 'Please verify the following information' is not present on page  (Root cause: com.kms.katalon.core.exception.StepFailedException: Text 'Please verify the following information' is not present on page 
	at com.kms.katalon.core.webui.keyword.internal.WebUIKeywordMain.stepFailed(WebUIKeywordMain.groovy:64)
	at com.kms.katalon.core.webui.keyword.builtin.VerifyTextPresentKeyword$_verifyTextPresent_closure1.doCall(VerifyTextPresentKeyword.groovy:79)
	at com.kms.katalon.core.webui.keyword.builtin.VerifyTextPresentKeyword$_verifyTextPresent_closure1.call(VerifyTextPresentKeyword.groovy)
	at com.kms.katalon.core.webui.keyword.internal.WebUIKeywordMain.runKeyword(WebUIKeywordMain.groovy:20)
	at com.kms.katalon.core.webui.keyword.builtin.VerifyTextPresentKeyword.verifyTextPresent(VerifyTextPresentKeyword.groovy:83)
	at com.kms.katalon.core.webui.keyword.builtin.VerifyTextPresentKeyword.execute(VerifyTextPresentKeyword.groovy:68)
	at com.kms.katalon.core.keyword.internal.KeywordExecutor.executeKeywordForPlatform(KeywordExecutor.groovy:74)
	at com.kms.katalon.core.webui.keyword.WebUiBuiltInKeywords.verifyTextPresent(WebUiBuiltInKeywords.groovy:1723)
	at com.kms.katalon.core.webui.keyword.WebUiBuiltInKeywords$verifyTextPresent$8.call(Unknown Source)
	at PayNowReqFieldsCC.run(PayNowReqFieldsCC:573)
	at com.kms.katalon.core.main.ScriptEngine.run(ScriptEngine.java:194)
	at com.kms.katalon.core.main.ScriptEngine.runScriptAsRawText(ScriptEngine.java:119)
	at com.kms.katalon.core.main.TestCaseExecutor.runScript(TestCaseExecutor.java:448)
	at com.kms.katalon.core.main.TestCaseExecutor.doExecute(TestCaseExecutor.java:439)
	at com.kms.katalon.core.main.TestCaseExecutor.processExecutionPhase(TestCaseExecutor.java:418)
	at com.kms.katalon.core.main.TestCaseExecutor.accessMainPhase(TestCaseExecutor.java:410)
	at com.kms.katalon.core.main.TestCaseExecutor.execute(TestCaseExecutor.java:285)
	at com.kms.katalon.core.common.CommonExecutor.accessTestCaseMainPhase(CommonExecutor.java:65)
	at com.kms.katalon.core.main.TestSuiteExecutor.accessTestSuiteMainPhase(TestSuiteExecutor.java:148)
	at com.kms.katalon.core.main.TestSuiteExecutor.execute(TestSuiteExecutor.java:106)
	at com.kms.katalon.core.main.TestCaseMain.startTestSuite(TestCaseMain.java:187)
	at com.kms.katalon.core.main.TestCaseMain$startTestSuite$0.call(Unknown Source)
	at TempTestSuite1715800219174.run(TempTestSuite1715800219174.groovy:35)
)

2024-05-15 15:32:09 - [MESSAGE][FAILED] - Text 'Please verify the following information' is not present on page  (Root cause: com.kms.katalon.core.exception.StepFailedException: Text 'Please verify the following information' is not present on page 
	at com.kms.katalon.core.webui.keyword.internal.WebUIKeywordMain.stepFailed(WebUIKeywordMain.groovy:64)
	at com.kms.katalon.core.webui.keyword.builtin.VerifyTextPresentKeyword$_verifyTextPresent_closure1.doCall(VerifyTextPresentKeyword.groovy:79)
	at com.kms.katalon.core.webui.keyword.builtin.VerifyTextPresentKeyword$_verifyTextPresent_closure1.call(VerifyTextPresentKeyword.groovy)
	at com.kms.katalon.core.webui.keyword.internal.WebUIKeywordMain.runKeyword(WebUIKeywordMain.groovy:20)
	at com.kms.katalon.core.webui.keyword.builtin.VerifyTextPresentKeyword.verifyTextPresent(VerifyTextPresentKeyword.groovy:83)
	at com.kms.katalon.core.webui.keyword.builtin.VerifyTextPresentKeyword.execute(VerifyTextPresentKeyword.groovy:68)
	at com.kms.katalon.core.keyword.internal.KeywordExecutor.executeKeywordForPlatform(KeywordExecutor.groovy:74)
	at com.kms.katalon.core.webui.keyword.WebUiBuiltInKeywords.verifyTextPresent(WebUiBuiltInKeywords.groovy:1723)
	at com.kms.katalon.core.webui.keyword.WebUiBuiltInKeywords$verifyTextPresent$8.call(Unknown Source)
	at PayNowReqFieldsCC.run(PayNowReqFieldsCC:573)
	at com.kms.katalon.core.main.ScriptEngine.run(ScriptEngine.java:194)
	at com.kms.katalon.core.main.ScriptEngine.runScriptAsRawText(ScriptEngine.java:119)
	at com.kms.katalon.core.main.TestCaseExecutor.runScript(TestCaseExecutor.java:448)
	at com.kms.katalon.core.main.TestCaseExecutor.doExecute(TestCaseExecutor.java:439)
	at com.kms.katalon.core.main.TestCaseExecutor.processExecutionPhase(TestCaseExecutor.java:418)
	at com.kms.katalon.core.main.TestCaseExecutor.accessMainPhase(TestCaseExecutor.java:410)
	at com.kms.katalon.core.main.TestCaseExecutor.execute(TestCaseExecutor.java:285)
	at com.kms.katalon.core.common.CommonExecutor.accessTestCaseMainPhase(CommonExecutor.java:65)
	at com.kms.katalon.core.main.TestSuiteExecutor.accessTestSuiteMainPhase(TestSuiteExecutor.java:148)
	at com.kms.katalon.core.main.TestSuiteExecutor.execute(TestSuiteExecutor.java:106)
	at com.kms.katalon.core.main.TestCaseMain.startTestSuite(TestCaseMain.java:187)
	at com.kms.katalon.core.main.TestCaseMain$startTestSuite$0.call(Unknown Source)
	at TempTestSuite1715800219174.run(TempTestSuite1715800219174.groovy:35)
)

2024-05-15 15:32:09 - [TEST_STEP][PASSED] - else: null

2024-05-15 15:32:09 - [TEST_STEP][FAILED] - if (verifyTextPresent("Is this information correct?", false)): Text 'Is this information correct?' is not present on page  (Root cause: com.kms.katalon.core.exception.StepFailedException: Text 'Is this information correct?' is not present on page 
	at com.kms.katalon.core.webui.keyword.internal.WebUIKeywordMain.stepFailed(WebUIKeywordMain.groovy:64)
	at com.kms.katalon.core.webui.keyword.builtin.VerifyTextPresentKeyword$_verifyTextPresent_closure1.doCall(VerifyTextPresentKeyword.groovy:79)
	at com.kms.katalon.core.webui.keyword.builtin.VerifyTextPresentKeyword$_verifyTextPresent_closure1.call(VerifyTextPresentKeyword.groovy)
	at com.kms.katalon.core.webui.keyword.internal.WebUIKeywordMain.runKeyword(WebUIKeywordMain.groovy:20)
	at com.kms.katalon.core.webui.keyword.builtin.VerifyTextPresentKeyword.verifyTextPresent(VerifyTextPresentKeyword.groovy:83)
	at com.kms.katalon.core.webui.keyword.builtin.VerifyTextPresentKeyword.execute(VerifyTextPresentKeyword.groovy:68)
	at com.kms.katalon.core.keyword.internal.KeywordExecutor.executeKeywordForPlatform(KeywordExecutor.groovy:74)
	at com.kms.katalon.core.webui.keyword.WebUiBuiltInKeywords.verifyTextPresent(WebUiBuiltInKeywords.groovy:1723)
	at com.kms.katalon.core.webui.keyword.WebUiBuiltInKeywords$verifyTextPresent$8.call(Unknown Source)
	at PayNowReqFieldsCC.run(PayNowReqFieldsCC:581)
	at com.kms.katalon.core.main.ScriptEngine.run(ScriptEngine.java:194)
	at com.kms.katalon.core.main.ScriptEngine.runScriptAsRawText(ScriptEngine.java:119)
	at com.kms.katalon.core.main.TestCaseExecutor.runScript(TestCaseExecutor.java:448)
	at com.kms.katalon.core.main.TestCaseExecutor.doExecute(TestCaseExecutor.java:439)
	at com.kms.katalon.core.main.TestCaseExecutor.processExecutionPhase(TestCaseExecutor.java:418)
	at com.kms.katalon.core.main.TestCaseExecutor.accessMainPhase(TestCaseExecutor.java:410)
	at com.kms.katalon.core.main.TestCaseExecutor.execute(TestCaseExecutor.java:285)
	at com.kms.katalon.core.common.CommonExecutor.accessTestCaseMainPhase(CommonExecutor.java:65)
	at com.kms.katalon.core.main.TestSuiteExecutor.accessTestSuiteMainPhase(TestSuiteExecutor.java:148)
	at com.kms.katalon.core.main.TestSuiteExecutor.execute(TestSuiteExecutor.java:106)
	at com.kms.katalon.core.main.TestCaseMain.startTestSuite(TestCaseMain.java:187)
	at com.kms.katalon.core.main.TestCaseMain$startTestSuite$0.call(Unknown Source)
	at TempTestSuite1715800219174.run(TempTestSuite1715800219174.groovy:35)
)

2024-05-15 15:32:09 - [MESSAGE][FAILED] - Text 'Is this information correct?' is not present on page  (Root cause: com.kms.katalon.core.exception.StepFailedException: Text 'Is this information correct?' is not present on page 
	at com.kms.katalon.core.webui.keyword.internal.WebUIKeywordMain.stepFailed(WebUIKeywordMain.groovy:64)
	at com.kms.katalon.core.webui.keyword.builtin.VerifyTextPresentKeyword$_verifyTextPresent_closure1.doCall(VerifyTextPresentKeyword.groovy:79)
	at com.kms.katalon.core.webui.keyword.builtin.VerifyTextPresentKeyword$_verifyTextPresent_closure1.call(VerifyTextPresentKeyword.groovy)
	at com.kms.katalon.core.webui.keyword.internal.WebUIKeywordMain.runKeyword(WebUIKeywordMain.groovy:20)
	at com.kms.katalon.core.webui.keyword.builtin.VerifyTextPresentKeyword.verifyTextPresent(VerifyTextPresentKeyword.groovy:83)
	at com.kms.katalon.core.webui.keyword.builtin.VerifyTextPresentKeyword.execute(VerifyTextPresentKeyword.groovy:68)
	at com.kms.katalon.core.keyword.internal.KeywordExecutor.executeKeywordForPlatform(KeywordExecutor.groovy:74)
	at com.kms.katalon.core.webui.keyword.WebUiBuiltInKeywords.verifyTextPresent(WebUiBuiltInKeywords.groovy:1723)
	at com.kms.katalon.core.webui.keyword.WebUiBuiltInKeywords$verifyTextPresent$8.call(Unknown Source)
	at PayNowReqFieldsCC.run(PayNowReqFieldsCC:581)
	at com.kms.katalon.core.main.ScriptEngine.run(ScriptEngine.java:194)
	at com.kms.katalon.core.main.ScriptEngine.runScriptAsRawText(ScriptEngine.java:119)
	at com.kms.katalon.core.main.TestCaseExecutor.runScript(TestCaseExecutor.java:448)
	at com.kms.katalon.core.main.TestCaseExecutor.doExecute(TestCaseExecutor.java:439)
	at com.kms.katalon.core.main.TestCaseExecutor.processExecutionPhase(TestCaseExecutor.java:418)
	at com.kms.katalon.core.main.TestCaseExecutor.accessMainPhase(TestCaseExecutor.java:410)
	at com.kms.katalon.core.main.TestCaseExecutor.execute(TestCaseExecutor.java:285)
	at com.kms.katalon.core.common.CommonExecutor.accessTestCaseMainPhase(CommonExecutor.java:65)
	at com.kms.katalon.core.main.TestSuiteExecutor.accessTestSuiteMainPhase(TestSuiteExecutor.java:148)
	at com.kms.katalon.core.main.TestSuiteExecutor.execute(TestSuiteExecutor.java:106)
	at com.kms.katalon.core.main.TestCaseMain.startTestSuite(TestCaseMain.java:187)
	at com.kms.katalon.core.main.TestCaseMain$startTestSuite$0.call(Unknown Source)
	at TempTestSuite1715800219174.run(TempTestSuite1715800219174.groovy:35)
)

2024-05-15 15:32:09 - [TEST_STEP][PASSED] - else: null

2024-05-15 15:32:09 - [TEST_STEP][PASSED] - println("Is this information correct text is not present on the Confirmation page"): null

2024-05-15 15:32:09 - [TEST_STEP][FAILED] - if (verifyElementPresent(findTestObject("Object Repository/IWP30/Page_Confirmation/ConfirmButton"), 30)): com.kms.katalon.core.webui.exception.WebElementNotFoundException: Web element with id: 'Object Repository/IWP30/Page_Confirmation/ConfirmButton' located by '//*[@type = 'submit' and @name = 'confirmNotifyAction' and @id = 'submitYes' and @value = 'Confirm']' not found (Root cause: com.kms.katalon.core.exception.StepFailedException: com.kms.katalon.core.webui.exception.WebElementNotFoundException: Web element with id: 'Object Repository/IWP30/Page_Confirmation/ConfirmButton' located by '//*[@type = 'submit' and @name = 'confirmNotifyAction' and @id = 'submitYes' and @value = 'Confirm']' not found
	at com.kms.katalon.core.webui.keyword.internal.WebUIKeywordMain.stepFailed(WebUIKeywordMain.groovy:64)
	at com.kms.katalon.core.webui.keyword.builtin.VerifyElementPresentKeyword$_verifyElementPresent_closure1.doCall(VerifyElementPresentKeyword.groovy:85)
	at com.kms.katalon.core.webui.keyword.builtin.VerifyElementPresentKeyword$_verifyElementPresent_closure1.call(VerifyElementPresentKeyword.groovy)
	at com.kms.katalon.core.webui.keyword.internal.WebUIKeywordMain.runKeyword(WebUIKeywordMain.groovy:20)
	at com.kms.katalon.core.webui.keyword.builtin.VerifyElementPresentKeyword.verifyElementPresent(VerifyElementPresentKeyword.groovy:92)
	at com.kms.katalon.core.webui.keyword.builtin.VerifyElementPresentKeyword.execute(VerifyElementPresentKeyword.groovy:68)
	at com.kms.katalon.core.keyword.internal.KeywordExecutor.executeKeywordForPlatform(KeywordExecutor.groovy:74)
	at com.kms.katalon.core.webui.keyword.WebUiBuiltInKeywords.verifyElementPresent(WebUiBuiltInKeywords.groovy:1464)
	at com.kms.katalon.core.webui.keyword.WebUiBuiltInKeywords$verifyElementPresent$5.call(Unknown Source)
	at PayNowReqFieldsCC.run(PayNowReqFieldsCC:589)
	at com.kms.katalon.core.main.ScriptEngine.run(ScriptEngine.java:194)
	at com.kms.katalon.core.main.ScriptEngine.runScriptAsRawText(ScriptEngine.java:119)
	at com.kms.katalon.core.main.TestCaseExecutor.runScript(TestCaseExecutor.java:448)
	at com.kms.katalon.core.main.TestCaseExecutor.doExecute(TestCaseExecutor.java:439)
	at com.kms.katalon.core.main.TestCaseExecutor.processExecutionPhase(TestCaseExecutor.java:418)
	at com.kms.katalon.core.main.TestCaseExecutor.accessMainPhase(TestCaseExecutor.java:410)
	at com.kms.katalon.core.main.TestCaseExecutor.execute(TestCaseExecutor.java:285)
	at com.kms.katalon.core.common.CommonExecutor.accessTestCaseMainPhase(CommonExecutor.java:65)
	at com.kms.katalon.core.main.TestSuiteExecutor.accessTestSuiteMainPhase(TestSuiteExecutor.java:148)
	at com.kms.katalon.core.main.TestSuiteExecutor.execute(TestSuiteExecutor.java:106)
	at com.kms.katalon.core.main.TestCaseMain.startTestSuite(TestCaseMain.java:187)
	at com.kms.katalon.core.main.TestCaseMain$startTestSuite$0.call(Unknown Source)
	at TempTestSuite1715800219174.run(TempTestSuite1715800219174.groovy:35)
)

2024-05-15 15:32:40 - [MESSAGE][INFO] - Unable to find the element located by 'By.xpath: //*[@type = 'submit' and @name = 'confirmNotifyAction' and @id = 'submitYes' and @value = 'Confirm']'. Please recheck the objects properties to make sure the desired element is located. 

2024-05-15 15:32:41 - [MESSAGE][FAILED] - com.kms.katalon.core.webui.exception.WebElementNotFoundException: Web element with id: 'Object Repository/IWP30/Page_Confirmation/ConfirmButton' located by '//*[@type = 'submit' and @name = 'confirmNotifyAction' and @id = 'submitYes' and @value = 'Confirm']' not found (Root cause: com.kms.katalon.core.exception.StepFailedException: com.kms.katalon.core.webui.exception.WebElementNotFoundException: Web element with id: 'Object Repository/IWP30/Page_Confirmation/ConfirmButton' located by '//*[@type = 'submit' and @name = 'confirmNotifyAction' and @id = 'submitYes' and @value = 'Confirm']' not found
	at com.kms.katalon.core.webui.keyword.internal.WebUIKeywordMain.stepFailed(WebUIKeywordMain.groovy:64)
	at com.kms.katalon.core.webui.keyword.builtin.VerifyElementPresentKeyword$_verifyElementPresent_closure1.doCall(VerifyElementPresentKeyword.groovy:85)
	at com.kms.katalon.core.webui.keyword.builtin.VerifyElementPresentKeyword$_verifyElementPresent_closure1.call(VerifyElementPresentKeyword.groovy)
	at com.kms.katalon.core.webui.keyword.internal.WebUIKeywordMain.runKeyword(WebUIKeywordMain.groovy:20)
	at com.kms.katalon.core.webui.keyword.builtin.VerifyElementPresentKeyword.verifyElementPresent(VerifyElementPresentKeyword.groovy:92)
	at com.kms.katalon.core.webui.keyword.builtin.VerifyElementPresentKeyword.execute(VerifyElementPresentKeyword.groovy:68)
	at com.kms.katalon.core.keyword.internal.KeywordExecutor.executeKeywordForPlatform(KeywordExecutor.groovy:74)
	at com.kms.katalon.core.webui.keyword.WebUiBuiltInKeywords.verifyElementPresent(WebUiBuiltInKeywords.groovy:1464)
	at com.kms.katalon.core.webui.keyword.WebUiBuiltInKeywords$verifyElementPresent$5.call(Unknown Source)
	at PayNowReqFieldsCC.run(PayNowReqFieldsCC:589)
	at com.kms.katalon.core.main.ScriptEngine.run(ScriptEngine.java:194)
	at com.kms.katalon.core.main.ScriptEngine.runScriptAsRawText(ScriptEngine.java:119)
	at com.kms.katalon.core.main.TestCaseExecutor.runScript(TestCaseExecutor.java:448)
	at com.kms.katalon.core.main.TestCaseExecutor.doExecute(TestCaseExecutor.java:439)
	at com.kms.katalon.core.main.TestCaseExecutor.processExecutionPhase(TestCaseExecutor.java:418)
	at com.kms.katalon.core.main.TestCaseExecutor.accessMainPhase(TestCaseExecutor.java:410)
	at com.kms.katalon.core.main.TestCaseExecutor.execute(TestCaseExecutor.java:285)
	at com.kms.katalon.core.common.CommonExecutor.accessTestCaseMainPhase(CommonExecutor.java:65)
	at com.kms.katalon.core.main.TestSuiteExecutor.accessTestSuiteMainPhase(TestSuiteExecutor.java:148)
	at com.kms.katalon.core.main.TestSuiteExecutor.execute(TestSuiteExecutor.java:106)
	at com.kms.katalon.core.main.TestCaseMain.startTestSuite(TestCaseMain.java:187)
	at com.kms.katalon.core.main.TestCaseMain$startTestSuite$0.call(Unknown Source)
	at TempTestSuite1715800219174.run(TempTestSuite1715800219174.groovy:35)
)
[[ATTACHMENT|E:\\Cloned-Project-Katalon\\VPS-Katalon\\Reports\\20240515_151019\\QA\\IWP3.0\\IWP30 Smoke TestSuite\\20240515_151019\\1715801560657.png]]

2024-05-15 15:32:41 - [TEST_STEP][PASSED] - else: null

2024-05-15 15:32:41 - [TEST_STEP][PASSED] - println("Confirm button is missing on the Confirmation page"): null

2024-05-15 15:32:41 - [TEST_STEP][PASSED] - Thread.sleep(10000): null

2024-05-15 15:32:51 - [TEST_STEP][FAILED] - if (verifyTextPresent("Successful Payment Receipt", false)): Text 'Successful Payment Receipt' is not present on page  (Root cause: com.kms.katalon.core.exception.StepFailedException: Text 'Successful Payment Receipt' is not present on page 
	at com.kms.katalon.core.webui.keyword.internal.WebUIKeywordMain.stepFailed(WebUIKeywordMain.groovy:64)
	at com.kms.katalon.core.webui.keyword.builtin.VerifyTextPresentKeyword$_verifyTextPresent_closure1.doCall(VerifyTextPresentKeyword.groovy:79)
	at com.kms.katalon.core.webui.keyword.builtin.VerifyTextPresentKeyword$_verifyTextPresent_closure1.call(VerifyTextPresentKeyword.groovy)
	at com.kms.katalon.core.webui.keyword.internal.WebUIKeywordMain.runKeyword(WebUIKeywordMain.groovy:20)
	at com.kms.katalon.core.webui.keyword.builtin.VerifyTextPresentKeyword.verifyTextPresent(VerifyTextPresentKeyword.groovy:83)
	at com.kms.katalon.core.webui.keyword.builtin.VerifyTextPresentKeyword.execute(VerifyTextPresentKeyword.groovy:68)
	at com.kms.katalon.core.keyword.internal.KeywordExecutor.executeKeywordForPlatform(KeywordExecutor.groovy:74)
	at com.kms.katalon.core.webui.keyword.WebUiBuiltInKeywords.verifyTextPresent(WebUiBuiltInKeywords.groovy:1723)
	at com.kms.katalon.core.webui.keyword.WebUiBuiltInKeywords$verifyTextPresent$8.call(Unknown Source)
	at PayNowReqFieldsCC.run(PayNowReqFieldsCC:604)
	at com.kms.katalon.core.main.ScriptEngine.run(ScriptEngine.java:194)
	at com.kms.katalon.core.main.ScriptEngine.runScriptAsRawText(ScriptEngine.java:119)
	at com.kms.katalon.core.main.TestCaseExecutor.runScript(TestCaseExecutor.java:448)
	at com.kms.katalon.core.main.TestCaseExecutor.doExecute(TestCaseExecutor.java:439)
	at com.kms.katalon.core.main.TestCaseExecutor.processExecutionPhase(TestCaseExecutor.java:418)
	at com.kms.katalon.core.main.TestCaseExecutor.accessMainPhase(TestCaseExecutor.java:410)
	at com.kms.katalon.core.main.TestCaseExecutor.execute(TestCaseExecutor.java:285)
	at com.kms.katalon.core.common.CommonExecutor.accessTestCaseMainPhase(CommonExecutor.java:65)
	at com.kms.katalon.core.main.TestSuiteExecutor.accessTestSuiteMainPhase(TestSuiteExecutor.java:148)
	at com.kms.katalon.core.main.TestSuiteExecutor.execute(TestSuiteExecutor.java:106)
	at com.kms.katalon.core.main.TestCaseMain.startTestSuite(TestCaseMain.java:187)
	at com.kms.katalon.core.main.TestCaseMain$startTestSuite$0.call(Unknown Source)
	at TempTestSuite1715800219174.run(TempTestSuite1715800219174.groovy:35)
)

2024-05-15 15:32:51 - [MESSAGE][FAILED] - Text 'Successful Payment Receipt' is not present on page  (Root cause: com.kms.katalon.core.exception.StepFailedException: Text 'Successful Payment Receipt' is not present on page 
	at com.kms.katalon.core.webui.keyword.internal.WebUIKeywordMain.stepFailed(WebUIKeywordMain.groovy:64)
	at com.kms.katalon.core.webui.keyword.builtin.VerifyTextPresentKeyword$_verifyTextPresent_closure1.doCall(VerifyTextPresentKeyword.groovy:79)
	at com.kms.katalon.core.webui.keyword.builtin.VerifyTextPresentKeyword$_verifyTextPresent_closure1.call(VerifyTextPresentKeyword.groovy)
	at com.kms.katalon.core.webui.keyword.internal.WebUIKeywordMain.runKeyword(WebUIKeywordMain.groovy:20)
	at com.kms.katalon.core.webui.keyword.builtin.VerifyTextPresentKeyword.verifyTextPresent(VerifyTextPresentKeyword.groovy:83)
	at com.kms.katalon.core.webui.keyword.builtin.VerifyTextPresentKeyword.execute(VerifyTextPresentKeyword.groovy:68)
	at com.kms.katalon.core.keyword.internal.KeywordExecutor.executeKeywordForPlatform(KeywordExecutor.groovy:74)
	at com.kms.katalon.core.webui.keyword.WebUiBuiltInKeywords.verifyTextPresent(WebUiBuiltInKeywords.groovy:1723)
	at com.kms.katalon.core.webui.keyword.WebUiBuiltInKeywords$verifyTextPresent$8.call(Unknown Source)
	at PayNowReqFieldsCC.run(PayNowReqFieldsCC:604)
	at com.kms.katalon.core.main.ScriptEngine.run(ScriptEngine.java:194)
	at com.kms.katalon.core.main.ScriptEngine.runScriptAsRawText(ScriptEngine.java:119)
	at com.kms.katalon.core.main.TestCaseExecutor.runScript(TestCaseExecutor.java:448)
	at com.kms.katalon.core.main.TestCaseExecutor.doExecute(TestCaseExecutor.java:439)
	at com.kms.katalon.core.main.TestCaseExecutor.processExecutionPhase(TestCaseExecutor.java:418)
	at com.kms.katalon.core.main.TestCaseExecutor.accessMainPhase(TestCaseExecutor.java:410)
	at com.kms.katalon.core.main.TestCaseExecutor.execute(TestCaseExecutor.java:285)
	at com.kms.katalon.core.common.CommonExecutor.accessTestCaseMainPhase(CommonExecutor.java:65)
	at com.kms.katalon.core.main.TestSuiteExecutor.accessTestSuiteMainPhase(TestSuiteExecutor.java:148)
	at com.kms.katalon.core.main.TestSuiteExecutor.execute(TestSuiteExecutor.java:106)
	at com.kms.katalon.core.main.TestCaseMain.startTestSuite(TestCaseMain.java:187)
	at com.kms.katalon.core.main.TestCaseMain$startTestSuite$0.call(Unknown Source)
	at TempTestSuite1715800219174.run(TempTestSuite1715800219174.groovy:35)
)

2024-05-15 15:32:51 - [TEST_STEP][PASSED] - else: null

2024-05-15 15:32:51 - [TEST_STEP][FAILED] - if (verifyTextPresent("Please print this receipt for your records", false)): Text 'Please print this receipt for your records' is not present on page  (Root cause: com.kms.katalon.core.exception.StepFailedException: Text 'Please print this receipt for your records' is not present on page 
	at com.kms.katalon.core.webui.keyword.internal.WebUIKeywordMain.stepFailed(WebUIKeywordMain.groovy:64)
	at com.kms.katalon.core.webui.keyword.builtin.VerifyTextPresentKeyword$_verifyTextPresent_closure1.doCall(VerifyTextPresentKeyword.groovy:79)
	at com.kms.katalon.core.webui.keyword.builtin.VerifyTextPresentKeyword$_verifyTextPresent_closure1.call(VerifyTextPresentKeyword.groovy)
	at com.kms.katalon.core.webui.keyword.internal.WebUIKeywordMain.runKeyword(WebUIKeywordMain.groovy:20)
	at com.kms.katalon.core.webui.keyword.builtin.VerifyTextPresentKeyword.verifyTextPresent(VerifyTextPresentKeyword.groovy:83)
	at com.kms.katalon.core.webui.keyword.builtin.VerifyTextPresentKeyword.execute(VerifyTextPresentKeyword.groovy:68)
	at com.kms.katalon.core.keyword.internal.KeywordExecutor.executeKeywordForPlatform(KeywordExecutor.groovy:74)
	at com.kms.katalon.core.webui.keyword.WebUiBuiltInKeywords.verifyTextPresent(WebUiBuiltInKeywords.groovy:1723)
	at com.kms.katalon.core.webui.keyword.WebUiBuiltInKeywords$verifyTextPresent$8.call(Unknown Source)
	at PayNowReqFieldsCC.run(PayNowReqFieldsCC:611)
	at com.kms.katalon.core.main.ScriptEngine.run(ScriptEngine.java:194)
	at com.kms.katalon.core.main.ScriptEngine.runScriptAsRawText(ScriptEngine.java:119)
	at com.kms.katalon.core.main.TestCaseExecutor.runScript(TestCaseExecutor.java:448)
	at com.kms.katalon.core.main.TestCaseExecutor.doExecute(TestCaseExecutor.java:439)
	at com.kms.katalon.core.main.TestCaseExecutor.processExecutionPhase(TestCaseExecutor.java:418)
	at com.kms.katalon.core.main.TestCaseExecutor.accessMainPhase(TestCaseExecutor.java:410)
	at com.kms.katalon.core.main.TestCaseExecutor.execute(TestCaseExecutor.java:285)
	at com.kms.katalon.core.common.CommonExecutor.accessTestCaseMainPhase(CommonExecutor.java:65)
	at com.kms.katalon.core.main.TestSuiteExecutor.accessTestSuiteMainPhase(TestSuiteExecutor.java:148)
	at com.kms.katalon.core.main.TestSuiteExecutor.execute(TestSuiteExecutor.java:106)
	at com.kms.katalon.core.main.TestCaseMain.startTestSuite(TestCaseMain.java:187)
	at com.kms.katalon.core.main.TestCaseMain$startTestSuite$0.call(Unknown Source)
	at TempTestSuite1715800219174.run(TempTestSuite1715800219174.groovy:35)
)

2024-05-15 15:32:52 - [MESSAGE][FAILED] - Text 'Please print this receipt for your records' is not present on page  (Root cause: com.kms.katalon.core.exception.StepFailedException: Text 'Please print this receipt for your records' is not present on page 
	at com.kms.katalon.core.webui.keyword.internal.WebUIKeywordMain.stepFailed(WebUIKeywordMain.groovy:64)
	at com.kms.katalon.core.webui.keyword.builtin.VerifyTextPresentKeyword$_verifyTextPresent_closure1.doCall(VerifyTextPresentKeyword.groovy:79)
	at com.kms.katalon.core.webui.keyword.builtin.VerifyTextPresentKeyword$_verifyTextPresent_closure1.call(VerifyTextPresentKeyword.groovy)
	at com.kms.katalon.core.webui.keyword.internal.WebUIKeywordMain.runKeyword(WebUIKeywordMain.groovy:20)
	at com.kms.katalon.core.webui.keyword.builtin.VerifyTextPresentKeyword.verifyTextPresent(VerifyTextPresentKeyword.groovy:83)
	at com.kms.katalon.core.webui.keyword.builtin.VerifyTextPresentKeyword.execute(VerifyTextPresentKeyword.groovy:68)
	at com.kms.katalon.core.keyword.internal.KeywordExecutor.executeKeywordForPlatform(KeywordExecutor.groovy:74)
	at com.kms.katalon.core.webui.keyword.WebUiBuiltInKeywords.verifyTextPresent(WebUiBuiltInKeywords.groovy:1723)
	at com.kms.katalon.core.webui.keyword.WebUiBuiltInKeywords$verifyTextPresent$8.call(Unknown Source)
	at PayNowReqFieldsCC.run(PayNowReqFieldsCC:611)
	at com.kms.katalon.core.main.ScriptEngine.run(ScriptEngine.java:194)
	at com.kms.katalon.core.main.ScriptEngine.runScriptAsRawText(ScriptEngine.java:119)
	at com.kms.katalon.core.main.TestCaseExecutor.runScript(TestCaseExecutor.java:448)
	at com.kms.katalon.core.main.TestCaseExecutor.doExecute(TestCaseExecutor.java:439)
	at com.kms.katalon.core.main.TestCaseExecutor.processExecutionPhase(TestCaseExecutor.java:418)
	at com.kms.katalon.core.main.TestCaseExecutor.accessMainPhase(TestCaseExecutor.java:410)
	at com.kms.katalon.core.main.TestCaseExecutor.execute(TestCaseExecutor.java:285)
	at com.kms.katalon.core.common.CommonExecutor.accessTestCaseMainPhase(CommonExecutor.java:65)
	at com.kms.katalon.core.main.TestSuiteExecutor.accessTestSuiteMainPhase(TestSuiteExecutor.java:148)
	at com.kms.katalon.core.main.TestSuiteExecutor.execute(TestSuiteExecutor.java:106)
	at com.kms.katalon.core.main.TestCaseMain.startTestSuite(TestCaseMain.java:187)
	at com.kms.katalon.core.main.TestCaseMain$startTestSuite$0.call(Unknown Source)
	at TempTestSuite1715800219174.run(TempTestSuite1715800219174.groovy:35)
)

2024-05-15 15:32:52 - [TEST_STEP][PASSED] - else: null

2024-05-15 15:32:52 - [TEST_STEP][PASSED] - if (verifyElementPresent(findTestObject("Object Repository/IWP30/Page_Receipt/ExitButton"), 30)): null

2024-05-15 15:32:52 - [MESSAGE][PASSED] - Object 'Object Repository/IWP30/Page_Receipt/ExitButton' is present

2024-05-15 15:32:52 - [TEST_STEP][PASSED] - println("Exit Button is present on the Receipt page"): null

2024-05-15 15:32:52 - [TEST_STEP][PASSED] - closeBrowser(): Browser is closed

2024-05-15 15:32:53 - [MESSAGE][PASSED] - Browser is closed

2024-05-15 15:32:53 - [TEST_STEP][PASSED] - ExecuteTC = findTestData("IWPTestData/IWP30PayNowCC").getValue("Execute", row): null

2024-05-15 15:32:53 - [TEST_STEP][PASSED] - out.println("Value of Execute is : " + ExecuteTC): null

2024-05-15 15:32:53 - [TEST_STEP][FAILED] - if (ExecuteTC.equalsIgnoreCase("Y")): null

2024-05-15 15:32:53 - [TEST_STEP][PASSED] - out.println("Begin Record Number: " + row): null

2024-05-15 15:32:53 - [TEST_STEP][FAILED] - try: null

2024-05-15 15:32:53 - [TEST_STEP][PASSED] - MV = findTestData("IWPTestData/IWP30PayNowCC").getValue("MV", row): null

2024-05-15 15:32:53 - [TEST_STEP][PASSED] - println(MV): null

2024-05-15 15:32:53 - [TEST_STEP][PASSED] - Amount = findTestData("IWPTestData/IWP30PayNowCC").getValue("Amount", row): null

2024-05-15 15:32:53 - [TEST_STEP][PASSED] - println(Amount): null

2024-05-15 15:32:53 - [TEST_STEP][PASSED] - CAN = findTestData("IWPTestData/IWP30PayNowCC").getValue("CAN", row): null

2024-05-15 15:32:53 - [TEST_STEP][PASSED] - println(CAN): null

2024-05-15 15:32:53 - [TEST_STEP][PASSED] - Action = findTestData("IWPTestData/IWP30PayNowCC").getValue("Action", row): null

2024-05-15 15:32:53 - [TEST_STEP][PASSED] - println(Action): null

2024-05-15 15:32:53 - [TEST_STEP][PASSED] - Lang = findTestData("IWPTestData/IWP30PayNowCC").getValue("Lang", row): null

2024-05-15 15:32:53 - [TEST_STEP][PASSED] - println(Lang): null

2024-05-15 15:32:53 - [TEST_STEP][PASSED] - Fname = findTestData("IWPTestData/IWP30PayNowCC").getValue("Fname", row): null

2024-05-15 15:32:53 - [TEST_STEP][PASSED] - println(Fname): null

2024-05-15 15:32:53 - [TEST_STEP][PASSED] - Lname = findTestData("IWPTestData/IWP30PayNowCC").getValue("Lname", row): null

2024-05-15 15:32:54 - [TEST_STEP][PASSED] - println(Lname): null

2024-05-15 15:32:54 - [TEST_STEP][PASSED] - AL1 = findTestData("IWPTestData/IWP30PayNowCC").getValue("AL1", row): null

2024-05-15 15:32:54 - [TEST_STEP][PASSED] - println(AL1): null

2024-05-15 15:32:54 - [TEST_STEP][PASSED] - AL2 = findTestData("IWPTestData/IWP30PayNowCC").getValue("AL2", row): null

2024-05-15 15:32:54 - [TEST_STEP][PASSED] - println(AL2): null

2024-05-15 15:32:54 - [TEST_STEP][PASSED] - Country = findTestData("IWPTestData/IWP30PayNowCC").getValue("Country", row): null

2024-05-15 15:32:54 - [TEST_STEP][PASSED] - println(Country): null

2024-05-15 15:32:54 - [TEST_STEP][PASSED] - City = findTestData("IWPTestData/IWP30PayNowCC").getValue("City", row): null

2024-05-15 15:32:54 - [TEST_STEP][PASSED] - println(City): null

2024-05-15 15:32:54 - [TEST_STEP][PASSED] - State = findTestData("IWPTestData/IWP30PayNowCC").getValue("State", row): null

2024-05-15 15:32:54 - [TEST_STEP][PASSED] - println(State): null

2024-05-15 15:32:54 - [TEST_STEP][PASSED] - ZIP = findTestData("IWPTestData/IWP30PayNowCC").getValue("ZIP", row): null

2024-05-15 15:32:54 - [TEST_STEP][PASSED] - println(ZIP): null

2024-05-15 15:32:54 - [TEST_STEP][PASSED] - Order = findTestData("IWPTestData/IWP30PayNowCC").getValue("Order", row): null

2024-05-15 15:32:54 - [TEST_STEP][PASSED] - println(Order): null

2024-05-15 15:32:54 - [TEST_STEP][PASSED] - CompanyName = findTestData("IWPTestData/IWP30PayNowCC").getValue("CompanyName", row): null

2024-05-15 15:32:54 - [TEST_STEP][PASSED] - println(CompanyName): null

2024-05-15 15:32:54 - [TEST_STEP][PASSED] - Email = findTestData("IWPTestData/IWP30PayNowCC").getValue("Email", row): null

2024-05-15 15:32:54 - [TEST_STEP][PASSED] - println(Email): null

2024-05-15 15:32:54 - [TEST_STEP][PASSED] - UDF1 = findTestData("IWPTestData/IWP30PayNowCC").getValue("UDF1", row): null

2024-05-15 15:32:54 - [TEST_STEP][PASSED] - println(UDF1): null

2024-05-15 15:32:54 - [TEST_STEP][PASSED] - UDF2 = findTestData("IWPTestData/IWP30PayNowCC").getValue("UDF2", row): null

2024-05-15 15:32:54 - [TEST_STEP][PASSED] - println(UDF2): null

2024-05-15 15:32:54 - [TEST_STEP][PASSED] - UDF3 = findTestData("IWPTestData/IWP30PayNowCC").getValue("UDF3", row): null

2024-05-15 15:32:54 - [TEST_STEP][PASSED] - println(UDF3): null

2024-05-15 15:32:54 - [TEST_STEP][PASSED] - UDF4 = findTestData("IWPTestData/IWP30PayNowCC").getValue("UDF4", row): null

2024-05-15 15:32:54 - [TEST_STEP][PASSED] - println(UDF4): null

2024-05-15 15:32:54 - [TEST_STEP][PASSED] - UDF5 = findTestData("IWPTestData/IWP30PayNowCC").getValue("UDF5", row): null

2024-05-15 15:32:54 - [TEST_STEP][PASSED] - println(UDF5): null

2024-05-15 15:32:54 - [TEST_STEP][PASSED] - UDF6 = findTestData("IWPTestData/IWP30PayNowCC").getValue("UDF6", row): null

2024-05-15 15:32:54 - [TEST_STEP][PASSED] - println(UDF6): null

2024-05-15 15:32:54 - [TEST_STEP][PASSED] - UDF7 = findTestData("IWPTestData/IWP30PayNowCC").getValue("UDF7", row): null

2024-05-15 15:32:54 - [TEST_STEP][PASSED] - println(UDF7): null

2024-05-15 15:32:54 - [TEST_STEP][PASSED] - UDF8 = findTestData("IWPTestData/IWP30PayNowCC").getValue("UDF8", row): null

2024-05-15 15:32:54 - [TEST_STEP][PASSED] - println(UDF8): null

2024-05-15 15:32:54 - [TEST_STEP][PASSED] - UDF9 = findTestData("IWPTestData/IWP30PayNowCC").getValue("UDF9", row): null

2024-05-15 15:32:54 - [TEST_STEP][PASSED] - println(UDF9): null

2024-05-15 15:32:54 - [TEST_STEP][PASSED] - UDF10 = findTestData("IWPTestData/IWP30PayNowCC").getValue("UDF10", row): null

2024-05-15 15:32:54 - [TEST_STEP][PASSED] - println(UDF10): null

2024-05-15 15:32:54 - [TEST_STEP][PASSED] - AppID = findTestData("IWPTestData/IWP30PayNowCC").getValue("AppID", row): null

2024-05-15 15:32:54 - [TEST_STEP][PASSED] - println(AppID): null

2024-05-15 15:32:54 - [TEST_STEP][PASSED] - MessageVersion = findTestData("IWPTestData/IWP30PayNowCC").getValue("MessageVersion", row): null

2024-05-15 15:32:54 - [TEST_STEP][PASSED] - println(MessageVersion): null

2024-05-15 15:32:54 - [TEST_STEP][PASSED] - CCAmount = findTestData("IWPTestData/IWP30PayNowCC").getValue("CCAmount", row): null

2024-05-15 15:32:54 - [TEST_STEP][PASSED] - println(CCAmount): null

2024-05-15 15:32:54 - [TEST_STEP][PASSED] - CCUDF1 = findTestData("IWPTestData/IWP30PayNowCC").getValue("CCUDF1", row): null

2024-05-15 15:32:55 - [TEST_STEP][PASSED] - println(CCUDF1): null

2024-05-15 15:32:55 - [TEST_STEP][PASSED] - CCUDF2 = findTestData("IWPTestData/IWP30PayNowCC").getValue("CCUDF2", row): null

2024-05-15 15:32:55 - [TEST_STEP][PASSED] - println(CCUDF2): null

2024-05-15 15:32:55 - [TEST_STEP][PASSED] - CCUDF3 = findTestData("IWPTestData/IWP30PayNowCC").getValue("CCUDF3", row): null

2024-05-15 15:32:55 - [TEST_STEP][PASSED] - println(CCUDF3): null

2024-05-15 15:32:55 - [TEST_STEP][PASSED] - CCUDF4 = findTestData("IWPTestData/IWP30PayNowCC").getValue("CCUDF4", row): null

2024-05-15 15:32:55 - [TEST_STEP][PASSED] - println(CCUDF4): null

2024-05-15 15:32:55 - [TEST_STEP][PASSED] - CCUDF5 = findTestData("IWPTestData/IWP30PayNowCC").getValue("CCUDF5", row): null

2024-05-15 15:32:55 - [TEST_STEP][PASSED] - println(CCUDF5): null

2024-05-15 15:32:55 - [TEST_STEP][PASSED] - CCUDF6 = findTestData("IWPTestData/IWP30PayNowCC").getValue("CCUDF6", row): null

2024-05-15 15:32:55 - [TEST_STEP][PASSED] - println(CCUDF6): null

2024-05-15 15:32:55 - [TEST_STEP][PASSED] - CCUDF7 = findTestData("IWPTestData/IWP30PayNowCC").getValue("CCUDF7", row): null

2024-05-15 15:32:55 - [TEST_STEP][PASSED] - println(CCUDF7): null

2024-05-15 15:32:55 - [TEST_STEP][PASSED] - CCUDF8 = findTestData("IWPTestData/IWP30PayNowCC").getValue("CCUDF8", row): null

2024-05-15 15:32:55 - [TEST_STEP][PASSED] - println(CCUDF8): null

2024-05-15 15:32:55 - [TEST_STEP][PASSED] - CCUDF9 = findTestData("IWPTestData/IWP30PayNowCC").getValue("CCUDF9", row): null

2024-05-15 15:32:55 - [TEST_STEP][PASSED] - println(CCUDF9): null

2024-05-15 15:32:55 - [TEST_STEP][PASSED] - CCUDF10 = findTestData("IWPTestData/IWP30PayNowCC").getValue("CCUDF10", row): null

2024-05-15 15:32:55 - [TEST_STEP][PASSED] - println(CCUDF10): null

2024-05-15 15:32:55 - [TEST_STEP][PASSED] - CCName = findTestData("IWPTestData/IWP30PayNowCC").getValue("CCName", row): null

2024-05-15 15:32:55 - [TEST_STEP][PASSED] - println(CCName): null

2024-05-15 15:32:55 - [TEST_STEP][PASSED] - CCCardNum = findTestData("IWPTestData/IWP30PayNowCC").getValue("CCCardNum", row): null

2024-05-15 15:32:55 - [TEST_STEP][PASSED] - println(CCCardNum): null

2024-05-15 15:32:55 - [TEST_STEP][PASSED] - CCSPC = findTestData("IWPTestData/IWP30PayNowCC").getValue("CCSPC", row): null

2024-05-15 15:32:55 - [TEST_STEP][PASSED] - println(CCSPC): null

2024-05-15 15:32:55 - [TEST_STEP][PASSED] - CCExpM = findTestData("IWPTestData/IWP30PayNowCC").getValue("CCExpM", row): null

2024-05-15 15:32:55 - [TEST_STEP][PASSED] - println(CCExpM): null

2024-05-15 15:32:55 - [TEST_STEP][PASSED] - CCExpY = findTestData("IWPTestData/IWP30PayNowCC").getValue("CCExpY", row): null

2024-05-15 15:32:55 - [TEST_STEP][PASSED] - println(CCExpY): null

2024-05-15 15:32:55 - [TEST_STEP][PASSED] - CCDate = findTestData("IWPTestData/IWP30PayNowCC").getValue("CCDate", row): null

2024-05-15 15:32:55 - [TEST_STEP][PASSED] - println(CCDate): null

2024-05-15 15:32:55 - [TEST_STEP][PASSED] - CCAL1 = findTestData("IWPTestData/IWP30PayNowCC").getValue("CCAL1", row): null

2024-05-15 15:32:55 - [TEST_STEP][PASSED] - println(CCAL1): null

2024-05-15 15:32:55 - [TEST_STEP][PASSED] - CCAL2 = findTestData("IWPTestData/IWP30PayNowCC").getValue("CCAL2", row): null

2024-05-15 15:32:55 - [TEST_STEP][PASSED] - println(CCAL2): null

2024-05-15 15:32:55 - [TEST_STEP][PASSED] - CCZIP = findTestData("IWPTestData/IWP30PayNowCC").getValue("CCZIP", row): null

2024-05-15 15:32:55 - [TEST_STEP][PASSED] - println(CCZIP): null

2024-05-15 15:32:55 - [TEST_STEP][PASSED] - CCEmail = findTestData("IWPTestData/IWP30PayNowCC").getValue("CCEmail", row): null

2024-05-15 15:32:55 - [TEST_STEP][PASSED] - println(CCEmail): null

2024-05-15 15:32:55 - [TEST_STEP][PASSED] - openBrowser(urlEmulator): Browser is opened with url: 'https://qa2.velocitypayment.com/agency/config.do?action=editor'

2024-05-15 15:32:55 - [MESSAGE][INFO] - Starting 'Chrome' driver

2024-05-15 15:32:55 - [MESSAGE][INFO] - User set preference: ['acceptInsecureCerts', 'true']

2024-05-15 15:32:55 - [MESSAGE][INFO] - Action delay is set to 0 milliseconds

2024-05-15 15:32:58 - [MESSAGE][PASSED] - Browser is opened with url: 'https://qa2.velocitypayment.com/agency/config.do?action=editor'

2024-05-15 15:32:58 - [TEST_STEP][PASSED] - maximizeWindow(): Current window maximized

2024-05-15 15:32:58 - [MESSAGE][PASSED] - Current window maximized

2024-05-15 15:32:58 - [TEST_STEP][PASSED] - selectOptionByValue(findTestObject("IWP30/Page_VRelay30Emulator/MV"), MV, true): All options with value '3.0' are selected in object 'Object Repository/IWP30/Page_VRelay30Emulator/MV'  using regular expression

2024-05-15 15:32:59 - [MESSAGE][PASSED] - All options with value '3.0' are selected in object 'Object Repository/IWP30/Page_VRelay30Emulator/MV'  using regular expression

2024-05-15 15:32:59 - [TEST_STEP][PASSED] - setText(findTestObject("IWP30/Page_VRelay30Emulator/Amount"), Amount): Text '10.50' is set on object 'Object Repository/IWP30/Page_VRelay30Emulator/Amount'

2024-05-15 15:33:00 - [MESSAGE][PASSED] - Text '10.50' is set on object 'Object Repository/IWP30/Page_VRelay30Emulator/Amount'

2024-05-15 15:33:00 - [TEST_STEP][PASSED] - setText(findTestObject("IWP30/Page_VRelay30Emulator/CAN"), CAN): Text '26411005' is set on object 'Object Repository/IWP30/Page_VRelay30Emulator/CAN'

2024-05-15 15:33:00 - [MESSAGE][PASSED] - Text '26411005' is set on object 'Object Repository/IWP30/Page_VRelay30Emulator/CAN'

2024-05-15 15:33:00 - [TEST_STEP][PASSED] - setText(findTestObject("IWP30/Page_VRelay30Emulator/Action"), Action): Text 'PayNow' is set on object 'Object Repository/IWP30/Page_VRelay30Emulator/Action'

2024-05-15 15:33:01 - [MESSAGE][PASSED] - Text 'PayNow' is set on object 'Object Repository/IWP30/Page_VRelay30Emulator/Action'

2024-05-15 15:33:01 - [TEST_STEP][PASSED] - setText(findTestObject("IWP30/Page_VRelay30Emulator/Lang"), Lang): Text 'en_US' is set on object 'Object Repository/IWP30/Page_VRelay30Emulator/Lang'

2024-05-15 15:33:02 - [MESSAGE][PASSED] - Text 'en_US' is set on object 'Object Repository/IWP30/Page_VRelay30Emulator/Lang'

2024-05-15 15:33:02 - [TEST_STEP][PASSED] - setText(findTestObject("IWP30/Page_VRelay30Emulator/Fname"), Fname): Text '' is set on object 'Object Repository/IWP30/Page_VRelay30Emulator/Fname'

2024-05-15 15:33:02 - [MESSAGE][PASSED] - Text '' is set on object 'Object Repository/IWP30/Page_VRelay30Emulator/Fname'

2024-05-15 15:33:02 - [TEST_STEP][PASSED] - setText(findTestObject("IWP30/Page_VRelay30Emulator/Lname"), Lname): Text '' is set on object 'Object Repository/IWP30/Page_VRelay30Emulator/Lname'

2024-05-15 15:33:03 - [MESSAGE][PASSED] - Text '' is set on object 'Object Repository/IWP30/Page_VRelay30Emulator/Lname'

2024-05-15 15:33:03 - [TEST_STEP][PASSED] - setText(findTestObject("IWP30/Page_VRelay30Emulator/AL1"), AL1): Text '' is set on object 'Object Repository/IWP30/Page_VRelay30Emulator/AL1'

2024-05-15 15:33:03 - [MESSAGE][PASSED] - Text '' is set on object 'Object Repository/IWP30/Page_VRelay30Emulator/AL1'

2024-05-15 15:33:03 - [TEST_STEP][PASSED] - setText(findTestObject("IWP30/Page_VRelay30Emulator/AL2"), AL2): Text '' is set on object 'Object Repository/IWP30/Page_VRelay30Emulator/AL2'

2024-05-15 15:33:04 - [MESSAGE][PASSED] - Text '' is set on object 'Object Repository/IWP30/Page_VRelay30Emulator/AL2'

2024-05-15 15:33:04 - [TEST_STEP][PASSED] - setText(findTestObject("IWP30/Page_VRelay30Emulator/Country"), Country): Text '840' is set on object 'Object Repository/IWP30/Page_VRelay30Emulator/Country'

2024-05-15 15:33:05 - [MESSAGE][PASSED] - Text '840' is set on object 'Object Repository/IWP30/Page_VRelay30Emulator/Country'

2024-05-15 15:33:05 - [TEST_STEP][PASSED] - setText(findTestObject("IWP30/Page_VRelay30Emulator/City"), City): Text '' is set on object 'Object Repository/IWP30/Page_VRelay30Emulator/City'

2024-05-15 15:33:05 - [MESSAGE][PASSED] - Text '' is set on object 'Object Repository/IWP30/Page_VRelay30Emulator/City'

2024-05-15 15:33:05 - [TEST_STEP][PASSED] - setText(findTestObject("IWP30/Page_VRelay30Emulator/State"), State): Text '' is set on object 'Object Repository/IWP30/Page_VRelay30Emulator/State'

2024-05-15 15:33:06 - [MESSAGE][PASSED] - Text '' is set on object 'Object Repository/IWP30/Page_VRelay30Emulator/State'

2024-05-15 15:33:06 - [TEST_STEP][PASSED] - setText(findTestObject("IWP30/Page_VRelay30Emulator/ZIP"), ZIP): Text '' is set on object 'Object Repository/IWP30/Page_VRelay30Emulator/ZIP'

2024-05-15 15:33:06 - [MESSAGE][PASSED] - Text '' is set on object 'Object Repository/IWP30/Page_VRelay30Emulator/ZIP'

2024-05-15 15:33:06 - [TEST_STEP][PASSED] - setText(findTestObject("IWP30/Page_VRelay30Emulator/Order"), Order): Text '' is set on object 'Object Repository/IWP30/Page_VRelay30Emulator/Order'

2024-05-15 15:33:07 - [MESSAGE][PASSED] - Text '' is set on object 'Object Repository/IWP30/Page_VRelay30Emulator/Order'

2024-05-15 15:33:07 - [TEST_STEP][PASSED] - setText(findTestObject("IWP30/Page_VRelay30Emulator/Company"), CompanyName): Text '' is set on object 'Object Repository/IWP30/Page_VRelay30Emulator/Company'

2024-05-15 15:33:08 - [MESSAGE][PASSED] - Text '' is set on object 'Object Repository/IWP30/Page_VRelay30Emulator/Company'

2024-05-15 15:33:08 - [TEST_STEP][PASSED] - setText(findTestObject("IWP30/Page_VRelay30Emulator/Email"), Email): Text '' is set on object 'Object Repository/IWP30/Page_VRelay30Emulator/Email'

2024-05-15 15:33:09 - [MESSAGE][PASSED] - Text '' is set on object 'Object Repository/IWP30/Page_VRelay30Emulator/Email'

2024-05-15 15:33:09 - [TEST_STEP][PASSED] - setText(findTestObject("IWP30/Page_VRelay30Emulator/UDF1"), UDF1): Text '' is set on object 'Object Repository/IWP30/Page_VRelay30Emulator/UDF1'

2024-05-15 15:33:09 - [MESSAGE][PASSED] - Text '' is set on object 'Object Repository/IWP30/Page_VRelay30Emulator/UDF1'

2024-05-15 15:33:09 - [TEST_STEP][PASSED] - setText(findTestObject("IWP30/Page_VRelay30Emulator/UDF2"), UDF2): Text '' is set on object 'Object Repository/IWP30/Page_VRelay30Emulator/UDF2'

2024-05-15 15:33:10 - [MESSAGE][PASSED] - Text '' is set on object 'Object Repository/IWP30/Page_VRelay30Emulator/UDF2'

2024-05-15 15:33:10 - [TEST_STEP][PASSED] - setText(findTestObject("IWP30/Page_VRelay30Emulator/UDF3"), UDF3): Text '' is set on object 'Object Repository/IWP30/Page_VRelay30Emulator/UDF3'

2024-05-15 15:33:10 - [MESSAGE][PASSED] - Text '' is set on object 'Object Repository/IWP30/Page_VRelay30Emulator/UDF3'

2024-05-15 15:33:10 - [TEST_STEP][PASSED] - setText(findTestObject("IWP30/Page_VRelay30Emulator/UDF4"), UDF4): Text 'udf data 4' is set on object 'Object Repository/IWP30/Page_VRelay30Emulator/UDF4'

2024-05-15 15:33:11 - [MESSAGE][PASSED] - Text 'udf data 4' is set on object 'Object Repository/IWP30/Page_VRelay30Emulator/UDF4'

2024-05-15 15:33:11 - [TEST_STEP][PASSED] - setText(findTestObject("IWP30/Page_VRelay30Emulator/UDF5"), UDF5): Text 'udf data 5' is set on object 'Object Repository/IWP30/Page_VRelay30Emulator/UDF5'

2024-05-15 15:33:12 - [MESSAGE][PASSED] - Text 'udf data 5' is set on object 'Object Repository/IWP30/Page_VRelay30Emulator/UDF5'

2024-05-15 15:33:12 - [TEST_STEP][PASSED] - setText(findTestObject("IWP30/Page_VRelay30Emulator/UDF6"), UDF6): Text '' is set on object 'Object Repository/IWP30/Page_VRelay30Emulator/UDF6'

2024-05-15 15:33:12 - [MESSAGE][PASSED] - Text '' is set on object 'Object Repository/IWP30/Page_VRelay30Emulator/UDF6'

2024-05-15 15:33:12 - [TEST_STEP][PASSED] - setText(findTestObject("IWP30/Page_VRelay30Emulator/UDF7"), UDF7): Text '' is set on object 'Object Repository/IWP30/Page_VRelay30Emulator/UDF7'

2024-05-15 15:33:13 - [MESSAGE][PASSED] - Text '' is set on object 'Object Repository/IWP30/Page_VRelay30Emulator/UDF7'

2024-05-15 15:33:13 - [TEST_STEP][PASSED] - setText(findTestObject("IWP30/Page_VRelay30Emulator/UDF8"), UDF8): Text '' is set on object 'Object Repository/IWP30/Page_VRelay30Emulator/UDF8'

2024-05-15 15:33:14 - [MESSAGE][PASSED] - Text '' is set on object 'Object Repository/IWP30/Page_VRelay30Emulator/UDF8'

2024-05-15 15:33:14 - [TEST_STEP][PASSED] - setText(findTestObject("IWP30/Page_VRelay30Emulator/UDF9"), UDF9): Text 'udf data 9' is set on object 'Object Repository/IWP30/Page_VRelay30Emulator/UDF9'

2024-05-15 15:33:14 - [MESSAGE][PASSED] - Text 'udf data 9' is set on object 'Object Repository/IWP30/Page_VRelay30Emulator/UDF9'

2024-05-15 15:33:14 - [TEST_STEP][PASSED] - setText(findTestObject("IWP30/Page_VRelay30Emulator/UDF10"), UDF10): Text 'udf data 10' is set on object 'Object Repository/IWP30/Page_VRelay30Emulator/UDF10'

2024-05-15 15:33:15 - [MESSAGE][PASSED] - Text 'udf data 10' is set on object 'Object Repository/IWP30/Page_VRelay30Emulator/UDF10'

2024-05-15 15:33:15 - [TEST_STEP][PASSED] - Thread.sleep(5000): null

2024-05-15 15:33:20 - [TEST_STEP][PASSED] - click(findTestObject("IWP30/Page_VRelay30Emulator/Submit")): Object: 'Object Repository/IWP30/Page_VRelay30Emulator/Submit' is clicked on

2024-05-15 15:33:20 - [MESSAGE][PASSED] - Object: 'Object Repository/IWP30/Page_VRelay30Emulator/Submit' is clicked on

2024-05-15 15:33:20 - [TEST_STEP][PASSED] - closeBrowser(): Browser is closed

2024-05-15 15:33:22 - [MESSAGE][PASSED] - Browser is closed

2024-05-15 15:33:22 - [TEST_STEP][PASSED] - openBrowser(urlTestHarness): Browser is opened with url: 'https://dev-algorithm.govolution.com/vrelaytest/QA2/version_2_2/vrelaytest.html'

2024-05-15 15:33:22 - [MESSAGE][INFO] - Starting 'Chrome' driver

2024-05-15 15:33:22 - [MESSAGE][INFO] - User set preference: ['acceptInsecureCerts', 'true']

2024-05-15 15:33:22 - [MESSAGE][INFO] - Action delay is set to 0 milliseconds

2024-05-15 15:33:24 - [MESSAGE][PASSED] - Browser is opened with url: 'https://dev-algorithm.govolution.com/vrelaytest/QA2/version_2_2/vrelaytest.html'

2024-05-15 15:33:24 - [TEST_STEP][PASSED] - maximizeWindow(): Current window maximized

2024-05-15 15:33:24 - [MESSAGE][PASSED] - Current window maximized

2024-05-15 15:33:24 - [TEST_STEP][PASSED] - genRemIDVoid = RandomStringUtils.random(12, true, true): null

2024-05-15 15:33:24 - [TEST_STEP][PASSED] - if (verifyElementPresent(findTestObject("Object Repository/IWP30/Page_QATestHarness/RemittanceID"), 30)): null

2024-05-15 15:33:24 - [MESSAGE][PASSED] - Object 'Object Repository/IWP30/Page_QATestHarness/RemittanceID' is present

2024-05-15 15:33:24 - [TEST_STEP][PASSED] - println("We are on Test Harness page, start populating"): null

2024-05-15 15:33:24 - [TEST_STEP][PASSED] - setText(findTestObject("Object Repository/IWP30/Page_QATestHarness/ApplicationID"), AppID): Text '649' is set on object 'Object Repository/IWP30/Page_QATestHarness/ApplicationID'

2024-05-15 15:33:25 - [MESSAGE][PASSED] - Text '649' is set on object 'Object Repository/IWP30/Page_QATestHarness/ApplicationID'

2024-05-15 15:33:25 - [TEST_STEP][PASSED] - setText(findTestObject("Object Repository/IWP30/Page_QATestHarness/MessageVersion"), MessageVersion): Text '3.0' is set on object 'Object Repository/IWP30/Page_QATestHarness/MessageVersion'

2024-05-15 15:33:26 - [MESSAGE][PASSED] - Text '3.0' is set on object 'Object Repository/IWP30/Page_QATestHarness/MessageVersion'

2024-05-15 15:33:26 - [TEST_STEP][PASSED] - setText(findTestObject("Object Repository/IWP30/Page_QATestHarness/RemittanceID"), genRemIDVoid): Text 'LMG8Jh8Fqf54' is set on object 'Object Repository/IWP30/Page_QATestHarness/RemittanceID'

2024-05-15 15:33:27 - [MESSAGE][PASSED] - Text 'LMG8Jh8Fqf54' is set on object 'Object Repository/IWP30/Page_QATestHarness/RemittanceID'

2024-05-15 15:33:27 - [TEST_STEP][PASSED] - click(findTestObject("Object Repository/IWP30/Page_QATestHarness/SubmitButton")): Object: 'Object Repository/IWP30/Page_QATestHarness/SubmitButton' is clicked on

2024-05-15 15:33:28 - [MESSAGE][PASSED] - Object: 'Object Repository/IWP30/Page_QATestHarness/SubmitButton' is clicked on

2024-05-15 15:33:28 - [TEST_STEP][PASSED] - if (verifyElementPresent(findTestObject("Object Repository/IWP30/Page_SelectPaymentMethod/PayByCreditCard"), 30)): null

2024-05-15 15:33:29 - [MESSAGE][PASSED] - Object 'Object Repository/IWP30/Page_SelectPaymentMethod/PayByCreditCard' is present

2024-05-15 15:33:29 - [TEST_STEP][PASSED] - println("We are on Select Payment Method page, start populating"): null

2024-05-15 15:33:29 - [TEST_STEP][PASSED] - check(findTestObject("Object Repository/IWP30/Page_SelectPaymentMethod/PayByCreditCard")): Object 'Object Repository/IWP30/Page_SelectPaymentMethod/PayByCreditCard' is checked

2024-05-15 15:33:29 - [MESSAGE][PASSED] - Object 'Object Repository/IWP30/Page_SelectPaymentMethod/PayByCreditCard' is checked

2024-05-15 15:33:29 - [TEST_STEP][PASSED] - Thread.sleep(1000): null

2024-05-15 15:33:30 - [TEST_STEP][PASSED] - click(findTestObject("Object Repository/IWP30/Page_SelectPaymentMethod/MakePaymentButton")): Object: 'Object Repository/IWP30/Page_SelectPaymentMethod/MakePaymentButton' is clicked on

2024-05-15 15:33:31 - [MESSAGE][PASSED] - Object: 'Object Repository/IWP30/Page_SelectPaymentMethod/MakePaymentButton' is clicked on

2024-05-15 15:33:31 - [TEST_STEP][PASSED] - if (verifyElementPresent(findTestObject("Object Repository/IWP30/Page_CCPaymentEntry/Name"), 30)): null

2024-05-15 15:33:32 - [MESSAGE][PASSED] - Object 'Object Repository/IWP30/Page_CCPaymentEntry/Name' is present

2024-05-15 15:33:32 - [TEST_STEP][PASSED] - println("We are on Credit Card Payment Entry page, start populating"): null

2024-05-15 15:33:32 - [TEST_STEP][PASSED] - if (verifyElementPresent(findTestObject("Object Repository/IWP30/Page_CCPaymentEntry/Amount"), 30)): null

2024-05-15 15:33:32 - [MESSAGE][PASSED] - Object 'Object Repository/IWP30/Page_CCPaymentEntry/Amount' is present

2024-05-15 15:33:32 - [TEST_STEP][PASSED] - if (!(CCAmount.isEmpty())): Text '20.50' is set on object 'Object Repository/IWP30/Page_CCPaymentEntry/Amount'

2024-05-15 15:33:32 - [TEST_STEP][PASSED] - setText(findTestObject("Object Repository/IWP30/Page_CCPaymentEntry/Amount"), CCAmount): Text '20.50' is set on object 'Object Repository/IWP30/Page_CCPaymentEntry/Amount'

2024-05-15 15:33:33 - [MESSAGE][PASSED] - Text '20.50' is set on object 'Object Repository/IWP30/Page_CCPaymentEntry/Amount'

2024-05-15 15:33:33 - [TEST_STEP][PASSED] - if (verifyElementPresent(findTestObject("Object Repository/IWP30/Page_CCPaymentEntry/UserDefined2"), 30)): null

2024-05-15 15:33:33 - [MESSAGE][PASSED] - Object 'Object Repository/IWP30/Page_CCPaymentEntry/UserDefined2' is present

2024-05-15 15:33:33 - [TEST_STEP][PASSED] - if (!(CCUDF2.isEmpty())): Text 'Number 2' is set on object 'Object Repository/IWP30/Page_CCPaymentEntry/UserDefined2'

2024-05-15 15:33:33 - [TEST_STEP][PASSED] - setText(findTestObject("Object Repository/IWP30/Page_CCPaymentEntry/UserDefined2"), CCUDF2): Text 'Number 2' is set on object 'Object Repository/IWP30/Page_CCPaymentEntry/UserDefined2'

2024-05-15 15:33:34 - [MESSAGE][PASSED] - Text 'Number 2' is set on object 'Object Repository/IWP30/Page_CCPaymentEntry/UserDefined2'

2024-05-15 15:33:34 - [TEST_STEP][PASSED] - if (verifyElementPresent(findTestObject("Object Repository/IWP30/Page_CCPaymentEntry/UserDefined3"), 30)): null

2024-05-15 15:33:34 - [MESSAGE][PASSED] - Object 'Object Repository/IWP30/Page_CCPaymentEntry/UserDefined3' is present

2024-05-15 15:33:34 - [TEST_STEP][PASSED] - if (!(CCUDF3.isEmpty())): Text 'Number 3' is set on object 'Object Repository/IWP30/Page_CCPaymentEntry/UserDefined3'

2024-05-15 15:33:34 - [TEST_STEP][PASSED] - setText(findTestObject("Object Repository/IWP30/Page_CCPaymentEntry/UserDefined3"), CCUDF3): Text 'Number 3' is set on object 'Object Repository/IWP30/Page_CCPaymentEntry/UserDefined3'

2024-05-15 15:33:35 - [MESSAGE][PASSED] - Text 'Number 3' is set on object 'Object Repository/IWP30/Page_CCPaymentEntry/UserDefined3'

2024-05-15 15:33:35 - [TEST_STEP][PASSED] - if (verifyElementPresent(findTestObject("Object Repository/IWP30/Page_CCPaymentEntry/UserDefined7"), 30)): null

2024-05-15 15:33:35 - [MESSAGE][PASSED] - Object 'Object Repository/IWP30/Page_CCPaymentEntry/UserDefined7' is present

2024-05-15 15:33:35 - [TEST_STEP][PASSED] - if (!(CCUDF7.isEmpty())): All options with label 'Orange' are selected in object 'Object Repository/IWP30/Page_CCPaymentEntry/UserDefined7' 

2024-05-15 15:33:35 - [TEST_STEP][PASSED] - selectOptionByLabel(findTestObject("Object Repository/IWP30/Page_CCPaymentEntry/UserDefined7"), CCUDF7, false): All options with label 'Orange' are selected in object 'Object Repository/IWP30/Page_CCPaymentEntry/UserDefined7' 

2024-05-15 15:33:36 - [MESSAGE][PASSED] - All options with label 'Orange' are selected in object 'Object Repository/IWP30/Page_CCPaymentEntry/UserDefined7' 

2024-05-15 15:33:36 - [TEST_STEP][PASSED] - if (verifyElementPresent(findTestObject("Object Repository/IWP30/Page_CCPaymentEntry/UserDefined8"), 30)): null

2024-05-15 15:33:36 - [MESSAGE][PASSED] - Object 'Object Repository/IWP30/Page_CCPaymentEntry/UserDefined8' is present

2024-05-15 15:33:36 - [TEST_STEP][PASSED] - if (!(CCUDF8.isEmpty())): All options with label 'Tennis' are selected in object 'Object Repository/IWP30/Page_CCPaymentEntry/UserDefined8' 

2024-05-15 15:33:36 - [TEST_STEP][PASSED] - selectOptionByLabel(findTestObject("Object Repository/IWP30/Page_CCPaymentEntry/UserDefined8"), CCUDF8, false): All options with label 'Tennis' are selected in object 'Object Repository/IWP30/Page_CCPaymentEntry/UserDefined8' 

2024-05-15 15:33:37 - [MESSAGE][PASSED] - All options with label 'Tennis' are selected in object 'Object Repository/IWP30/Page_CCPaymentEntry/UserDefined8' 

2024-05-15 15:33:37 - [TEST_STEP][PASSED] - if (verifyElementPresent(findTestObject("Object Repository/IWP30/Page_CCPaymentEntry/Name"), 30)): null

2024-05-15 15:33:37 - [MESSAGE][PASSED] - Object 'Object Repository/IWP30/Page_CCPaymentEntry/Name' is present

2024-05-15 15:33:37 - [TEST_STEP][PASSED] - if (!(CCName.isEmpty())): Text 'Mera Naam' is set on object 'Object Repository/IWP30/Page_CCPaymentEntry/Name'

2024-05-15 15:33:37 - [TEST_STEP][PASSED] - setText(findTestObject("Object Repository/IWP30/Page_CCPaymentEntry/Name"), CCName): Text 'Mera Naam' is set on object 'Object Repository/IWP30/Page_CCPaymentEntry/Name'

2024-05-15 15:33:38 - [MESSAGE][PASSED] - Text 'Mera Naam' is set on object 'Object Repository/IWP30/Page_CCPaymentEntry/Name'

2024-05-15 15:33:38 - [TEST_STEP][PASSED] - if (verifyElementPresent(findTestObject("Object Repository/IWP30/Page_CCPaymentEntry/CardNumber"), 30)): null

2024-05-15 15:33:38 - [MESSAGE][PASSED] - Object 'Object Repository/IWP30/Page_CCPaymentEntry/CardNumber' is present

2024-05-15 15:33:38 - [TEST_STEP][PASSED] - if (!(CCCardNum.isEmpty())): Text '370000000000002' is set on object 'Object Repository/IWP30/Page_CCPaymentEntry/CardNumber'

2024-05-15 15:33:38 - [TEST_STEP][PASSED] - setText(findTestObject("Object Repository/IWP30/Page_CCPaymentEntry/CardNumber"), CCCardNum): Text '370000000000002' is set on object 'Object Repository/IWP30/Page_CCPaymentEntry/CardNumber'

2024-05-15 15:33:39 - [MESSAGE][PASSED] - Text '370000000000002' is set on object 'Object Repository/IWP30/Page_CCPaymentEntry/CardNumber'

2024-05-15 15:33:39 - [TEST_STEP][PASSED] - if (verifyElementPresent(findTestObject("Object Repository/IWP30/Page_CCPaymentEntry/SPC"), 30)): null

2024-05-15 15:33:39 - [MESSAGE][PASSED] - Object 'Object Repository/IWP30/Page_CCPaymentEntry/SPC' is present

2024-05-15 15:33:39 - [TEST_STEP][PASSED] - if (!(CCSPC.isEmpty())): Text '1234' is set on object 'Object Repository/IWP30/Page_CCPaymentEntry/SPC'

2024-05-15 15:33:39 - [TEST_STEP][PASSED] - setText(findTestObject("Object Repository/IWP30/Page_CCPaymentEntry/SPC"), CCSPC): Text '1234' is set on object 'Object Repository/IWP30/Page_CCPaymentEntry/SPC'

2024-05-15 15:33:39 - [MESSAGE][PASSED] - Text '1234' is set on object 'Object Repository/IWP30/Page_CCPaymentEntry/SPC'

2024-05-15 15:33:39 - [TEST_STEP][PASSED] - if (verifyElementPresent(findTestObject("Object Repository/IWP30/Page_CCPaymentEntry/Month"), 30)): null

2024-05-15 15:33:40 - [MESSAGE][PASSED] - Object 'Object Repository/IWP30/Page_CCPaymentEntry/Month' is present

2024-05-15 15:33:40 - [TEST_STEP][PASSED] - if (!(CCExpM.isEmpty())): All options with label '09' are selected in object 'Object Repository/IWP30/Page_CCPaymentEntry/Month' 

2024-05-15 15:33:40 - [TEST_STEP][PASSED] - selectOptionByLabel(findTestObject("Object Repository/IWP30/Page_CCPaymentEntry/Month"), CCExpM, false): All options with label '09' are selected in object 'Object Repository/IWP30/Page_CCPaymentEntry/Month' 

2024-05-15 15:33:40 - [MESSAGE][PASSED] - All options with label '09' are selected in object 'Object Repository/IWP30/Page_CCPaymentEntry/Month' 

2024-05-15 15:33:40 - [TEST_STEP][PASSED] - if (verifyElementPresent(findTestObject("Object Repository/IWP30/Page_CCPaymentEntry/Year"), 30)): null

2024-05-15 15:33:41 - [MESSAGE][PASSED] - Object 'Object Repository/IWP30/Page_CCPaymentEntry/Year' is present

2024-05-15 15:33:41 - [TEST_STEP][FAILED] - if (!(CCExpY.isEmpty())): Unable to select option by label '2023' of object 'Object Repository/IWP30/Page_CCPaymentEntry/Year'  (Root cause: com.kms.katalon.core.exception.StepFailedException: Unable to select option by label '2023' of object 'Object Repository/IWP30/Page_CCPaymentEntry/Year' 
	at com.kms.katalon.core.webui.keyword.internal.WebUIKeywordMain.stepFailed(WebUIKeywordMain.groovy:64)
	at com.kms.katalon.core.webui.keyword.internal.WebUIKeywordMain.runKeyword(WebUIKeywordMain.groovy:26)
	at com.kms.katalon.core.webui.keyword.builtin.SelectOptionByLabelKeyword.selectOptionByLabel(SelectOptionByLabelKeyword.groovy:98)
	at com.kms.katalon.core.webui.keyword.builtin.SelectOptionByLabelKeyword.execute(SelectOptionByLabelKeyword.groovy:71)
	at com.kms.katalon.core.keyword.internal.KeywordExecutor.executeKeywordForPlatform(KeywordExecutor.groovy:74)
	at com.kms.katalon.core.webui.keyword.WebUiBuiltInKeywords.selectOptionByLabel(WebUiBuiltInKeywords.groovy:1230)
	at com.kms.katalon.core.webui.keyword.WebUiBuiltInKeywords$selectOptionByLabel$7.call(Unknown Source)
	at PayNowReqFieldsCC.run(PayNowReqFieldsCC:476)
	at com.kms.katalon.core.main.ScriptEngine.run(ScriptEngine.java:194)
	at com.kms.katalon.core.main.ScriptEngine.runScriptAsRawText(ScriptEngine.java:119)
	at com.kms.katalon.core.main.TestCaseExecutor.runScript(TestCaseExecutor.java:448)
	at com.kms.katalon.core.main.TestCaseExecutor.doExecute(TestCaseExecutor.java:439)
	at com.kms.katalon.core.main.TestCaseExecutor.processExecutionPhase(TestCaseExecutor.java:418)
	at com.kms.katalon.core.main.TestCaseExecutor.accessMainPhase(TestCaseExecutor.java:410)
	at com.kms.katalon.core.main.TestCaseExecutor.execute(TestCaseExecutor.java:285)
	at com.kms.katalon.core.common.CommonExecutor.accessTestCaseMainPhase(CommonExecutor.java:65)
	at com.kms.katalon.core.main.TestSuiteExecutor.accessTestSuiteMainPhase(TestSuiteExecutor.java:148)
	at com.kms.katalon.core.main.TestSuiteExecutor.execute(TestSuiteExecutor.java:106)
	at com.kms.katalon.core.main.TestCaseMain.startTestSuite(TestCaseMain.java:187)
	at com.kms.katalon.core.main.TestCaseMain$startTestSuite$0.call(Unknown Source)
	at TempTestSuite1715800219174.run(TempTestSuite1715800219174.groovy:35)
Caused by: org.openqa.selenium.NoSuchElementException: Cannot locate element with text: 2023
For documentation on this error, please visit: https://www.seleniumhq.org/exceptions/no_such_element.html
Build info: version: '3.141.59', revision: 'e82be7d358', time: '2018-11-14T08:25:53'
System info: host: 'DESKTOP-B2QI6NS', ip: '172.31.253.185', os.name: 'Windows 10', os.arch: 'amd64', os.version: '10.0', java.version: '1.8.0_181'
Driver info: driver.version: unknown
	at org.openqa.selenium.support.ui.Select.selectByVisibleText(Select.java:147)
	at com.kms.katalon.core.webui.common.WebUiCommonHelper.selectOrDeselectOptionsByLabel(WebUiCommonHelper.java:310)
	at com.kms.katalon.core.webui.keyword.builtin.SelectOptionByLabelKeyword$_selectOptionByLabel_closure1.doCall(SelectOptionByLabelKeyword.groovy:87)
	at com.kms.katalon.core.webui.keyword.builtin.SelectOptionByLabelKeyword$_selectOptionByLabel_closure1.call(SelectOptionByLabelKeyword.groovy)
	at com.kms.katalon.core.webui.keyword.internal.WebUIKeywordMain.runKeyword(WebUIKeywordMain.groovy:20)
	at com.kms.katalon.core.webui.keyword.builtin.SelectOptionByLabelKeyword.selectOptionByLabel(SelectOptionByLabelKeyword.groovy:98)
	at com.kms.katalon.core.webui.keyword.builtin.SelectOptionByLabelKeyword.execute(SelectOptionByLabelKeyword.groovy:71)
	at com.kms.katalon.core.keyword.internal.KeywordExecutor.executeKeywordForPlatform(KeywordExecutor.groovy:74)
	at com.kms.katalon.core.webui.keyword.WebUiBuiltInKeywords.selectOptionByLabel(WebUiBuiltInKeywords.groovy:1230)
	at com.kms.katalon.core.webui.keyword.WebUiBuiltInKeywords$selectOptionByLabel$7.call(Unknown Source)
	at Script1593468708030.run(Script1593468708030.groovy:476)
	... 13 more
)

2024-05-15 15:33:41 - [TEST_STEP][FAILED] - selectOptionByLabel(findTestObject("Object Repository/IWP30/Page_CCPaymentEntry/Year"), CCExpY, false): Unable to select option by label '2023' of object 'Object Repository/IWP30/Page_CCPaymentEntry/Year'  (Root cause: com.kms.katalon.core.exception.StepFailedException: Unable to select option by label '2023' of object 'Object Repository/IWP30/Page_CCPaymentEntry/Year' 
	at com.kms.katalon.core.webui.keyword.internal.WebUIKeywordMain.stepFailed(WebUIKeywordMain.groovy:64)
	at com.kms.katalon.core.webui.keyword.internal.WebUIKeywordMain.runKeyword(WebUIKeywordMain.groovy:26)
	at com.kms.katalon.core.webui.keyword.builtin.SelectOptionByLabelKeyword.selectOptionByLabel(SelectOptionByLabelKeyword.groovy:98)
	at com.kms.katalon.core.webui.keyword.builtin.SelectOptionByLabelKeyword.execute(SelectOptionByLabelKeyword.groovy:71)
	at com.kms.katalon.core.keyword.internal.KeywordExecutor.executeKeywordForPlatform(KeywordExecutor.groovy:74)
	at com.kms.katalon.core.webui.keyword.WebUiBuiltInKeywords.selectOptionByLabel(WebUiBuiltInKeywords.groovy:1230)
	at com.kms.katalon.core.webui.keyword.WebUiBuiltInKeywords$selectOptionByLabel$7.call(Unknown Source)
	at PayNowReqFieldsCC.run(PayNowReqFieldsCC:476)
	at com.kms.katalon.core.main.ScriptEngine.run(ScriptEngine.java:194)
	at com.kms.katalon.core.main.ScriptEngine.runScriptAsRawText(ScriptEngine.java:119)
	at com.kms.katalon.core.main.TestCaseExecutor.runScript(TestCaseExecutor.java:448)
	at com.kms.katalon.core.main.TestCaseExecutor.doExecute(TestCaseExecutor.java:439)
	at com.kms.katalon.core.main.TestCaseExecutor.processExecutionPhase(TestCaseExecutor.java:418)
	at com.kms.katalon.core.main.TestCaseExecutor.accessMainPhase(TestCaseExecutor.java:410)
	at com.kms.katalon.core.main.TestCaseExecutor.execute(TestCaseExecutor.java:285)
	at com.kms.katalon.core.common.CommonExecutor.accessTestCaseMainPhase(CommonExecutor.java:65)
	at com.kms.katalon.core.main.TestSuiteExecutor.accessTestSuiteMainPhase(TestSuiteExecutor.java:148)
	at com.kms.katalon.core.main.TestSuiteExecutor.execute(TestSuiteExecutor.java:106)
	at com.kms.katalon.core.main.TestCaseMain.startTestSuite(TestCaseMain.java:187)
	at com.kms.katalon.core.main.TestCaseMain$startTestSuite$0.call(Unknown Source)
	at TempTestSuite1715800219174.run(TempTestSuite1715800219174.groovy:35)
Caused by: org.openqa.selenium.NoSuchElementException: Cannot locate element with text: 2023
For documentation on this error, please visit: https://www.seleniumhq.org/exceptions/no_such_element.html
Build info: version: '3.141.59', revision: 'e82be7d358', time: '2018-11-14T08:25:53'
System info: host: 'DESKTOP-B2QI6NS', ip: '172.31.253.185', os.name: 'Windows 10', os.arch: 'amd64', os.version: '10.0', java.version: '1.8.0_181'
Driver info: driver.version: unknown
	at org.openqa.selenium.support.ui.Select.selectByVisibleText(Select.java:147)
	at com.kms.katalon.core.webui.common.WebUiCommonHelper.selectOrDeselectOptionsByLabel(WebUiCommonHelper.java:310)
	at com.kms.katalon.core.webui.keyword.builtin.SelectOptionByLabelKeyword$_selectOptionByLabel_closure1.doCall(SelectOptionByLabelKeyword.groovy:87)
	at com.kms.katalon.core.webui.keyword.builtin.SelectOptionByLabelKeyword$_selectOptionByLabel_closure1.call(SelectOptionByLabelKeyword.groovy)
	at com.kms.katalon.core.webui.keyword.internal.WebUIKeywordMain.runKeyword(WebUIKeywordMain.groovy:20)
	at com.kms.katalon.core.webui.keyword.builtin.SelectOptionByLabelKeyword.selectOptionByLabel(SelectOptionByLabelKeyword.groovy:98)
	at com.kms.katalon.core.webui.keyword.builtin.SelectOptionByLabelKeyword.execute(SelectOptionByLabelKeyword.groovy:71)
	at com.kms.katalon.core.keyword.internal.KeywordExecutor.executeKeywordForPlatform(KeywordExecutor.groovy:74)
	at com.kms.katalon.core.webui.keyword.WebUiBuiltInKeywords.selectOptionByLabel(WebUiBuiltInKeywords.groovy:1230)
	at com.kms.katalon.core.webui.keyword.WebUiBuiltInKeywords$selectOptionByLabel$7.call(Unknown Source)
	at Script1593468708030.run(Script1593468708030.groovy:476)
	... 13 more
)

2024-05-15 15:33:42 - [MESSAGE][FAILED] - Unable to select option by label '2023' of object 'Object Repository/IWP30/Page_CCPaymentEntry/Year'  (Root cause: com.kms.katalon.core.exception.StepFailedException: Unable to select option by label '2023' of object 'Object Repository/IWP30/Page_CCPaymentEntry/Year' 
	at com.kms.katalon.core.webui.keyword.internal.WebUIKeywordMain.stepFailed(WebUIKeywordMain.groovy:64)
	at com.kms.katalon.core.webui.keyword.internal.WebUIKeywordMain.runKeyword(WebUIKeywordMain.groovy:26)
	at com.kms.katalon.core.webui.keyword.builtin.SelectOptionByLabelKeyword.selectOptionByLabel(SelectOptionByLabelKeyword.groovy:98)
	at com.kms.katalon.core.webui.keyword.builtin.SelectOptionByLabelKeyword.execute(SelectOptionByLabelKeyword.groovy:71)
	at com.kms.katalon.core.keyword.internal.KeywordExecutor.executeKeywordForPlatform(KeywordExecutor.groovy:74)
	at com.kms.katalon.core.webui.keyword.WebUiBuiltInKeywords.selectOptionByLabel(WebUiBuiltInKeywords.groovy:1230)
	at com.kms.katalon.core.webui.keyword.WebUiBuiltInKeywords$selectOptionByLabel$7.call(Unknown Source)
	at PayNowReqFieldsCC.run(PayNowReqFieldsCC:476)
	at com.kms.katalon.core.main.ScriptEngine.run(ScriptEngine.java:194)
	at com.kms.katalon.core.main.ScriptEngine.runScriptAsRawText(ScriptEngine.java:119)
	at com.kms.katalon.core.main.TestCaseExecutor.runScript(TestCaseExecutor.java:448)
	at com.kms.katalon.core.main.TestCaseExecutor.doExecute(TestCaseExecutor.java:439)
	at com.kms.katalon.core.main.TestCaseExecutor.processExecutionPhase(TestCaseExecutor.java:418)
	at com.kms.katalon.core.main.TestCaseExecutor.accessMainPhase(TestCaseExecutor.java:410)
	at com.kms.katalon.core.main.TestCaseExecutor.execute(TestCaseExecutor.java:285)
	at com.kms.katalon.core.common.CommonExecutor.accessTestCaseMainPhase(CommonExecutor.java:65)
	at com.kms.katalon.core.main.TestSuiteExecutor.accessTestSuiteMainPhase(TestSuiteExecutor.java:148)
	at com.kms.katalon.core.main.TestSuiteExecutor.execute(TestSuiteExecutor.java:106)
	at com.kms.katalon.core.main.TestCaseMain.startTestSuite(TestCaseMain.java:187)
	at com.kms.katalon.core.main.TestCaseMain$startTestSuite$0.call(Unknown Source)
	at TempTestSuite1715800219174.run(TempTestSuite1715800219174.groovy:35)
Caused by: org.openqa.selenium.NoSuchElementException: Cannot locate element with text: 2023
For documentation on this error, please visit: https://www.seleniumhq.org/exceptions/no_such_element.html
Build info: version: '3.141.59', revision: 'e82be7d358', time: '2018-11-14T08:25:53'
System info: host: 'DESKTOP-B2QI6NS', ip: '172.31.253.185', os.name: 'Windows 10', os.arch: 'amd64', os.version: '10.0', java.version: '1.8.0_181'
Driver info: driver.version: unknown
	at org.openqa.selenium.support.ui.Select.selectByVisibleText(Select.java:147)
	at com.kms.katalon.core.webui.common.WebUiCommonHelper.selectOrDeselectOptionsByLabel(WebUiCommonHelper.java:310)
	at com.kms.katalon.core.webui.keyword.builtin.SelectOptionByLabelKeyword$_selectOptionByLabel_closure1.doCall(SelectOptionByLabelKeyword.groovy:87)
	at com.kms.katalon.core.webui.keyword.builtin.SelectOptionByLabelKeyword$_selectOptionByLabel_closure1.call(SelectOptionByLabelKeyword.groovy)
	at com.kms.katalon.core.webui.keyword.internal.WebUIKeywordMain.runKeyword(WebUIKeywordMain.groovy:20)
	at com.kms.katalon.core.webui.keyword.builtin.SelectOptionByLabelKeyword.selectOptionByLabel(SelectOptionByLabelKeyword.groovy:98)
	at com.kms.katalon.core.webui.keyword.builtin.SelectOptionByLabelKeyword.execute(SelectOptionByLabelKeyword.groovy:71)
	at com.kms.katalon.core.keyword.internal.KeywordExecutor.executeKeywordForPlatform(KeywordExecutor.groovy:74)
	at com.kms.katalon.core.webui.keyword.WebUiBuiltInKeywords.selectOptionByLabel(WebUiBuiltInKeywords.groovy:1230)
	at com.kms.katalon.core.webui.keyword.WebUiBuiltInKeywords$selectOptionByLabel$7.call(Unknown Source)
	at Script1593468708030.run(Script1593468708030.groovy:476)
	... 13 more
)
[[ATTACHMENT|E:\\Cloned-Project-Katalon\\VPS-Katalon\\Reports\\20240515_151019\\QA\\IWP3.0\\IWP30 Smoke TestSuite\\20240515_151019\\1715801621753.png]]

2024-05-15 15:33:42 - [TEST_STEP][PASSED] - if (verifyElementPresent(findTestObject("Object Repository/IWP30/Page_CCPaymentEntry/ProcessDate"), 30)): null

2024-05-15 15:33:42 - [MESSAGE][PASSED] - Object 'Object Repository/IWP30/Page_CCPaymentEntry/ProcessDate' is present

2024-05-15 15:33:42 - [TEST_STEP][PASSED] - if (!(CCDate.isEmpty())): null

2024-05-15 15:33:42 - [TEST_STEP][PASSED] - else: null

2024-05-15 15:33:42 - [TEST_STEP][PASSED] - println("CCDate is not present in the Excel Spreadsheet"): null

2024-05-15 15:33:42 - [TEST_STEP][PASSED] - if (verifyElementPresent(findTestObject("Object Repository/IWP30/Page_CCPaymentEntry/AL1"), 30)): null

2024-05-15 15:33:43 - [MESSAGE][PASSED] - Object 'Object Repository/IWP30/Page_CCPaymentEntry/AL1' is present

2024-05-15 15:33:43 - [TEST_STEP][PASSED] - if (!(CCAL1.isEmpty())): Text 'Mera AL1' is set on object 'Object Repository/IWP30/Page_CCPaymentEntry/AL1'

2024-05-15 15:33:43 - [TEST_STEP][PASSED] - setText(findTestObject("Object Repository/IWP30/Page_CCPaymentEntry/AL1"), CCAL1): Text 'Mera AL1' is set on object 'Object Repository/IWP30/Page_CCPaymentEntry/AL1'

2024-05-15 15:33:43 - [MESSAGE][PASSED] - Text 'Mera AL1' is set on object 'Object Repository/IWP30/Page_CCPaymentEntry/AL1'

2024-05-15 15:33:43 - [TEST_STEP][PASSED] - if (verifyElementPresent(findTestObject("Object Repository/IWP30/Page_CCPaymentEntry/AL2"), 30)): null

2024-05-15 15:33:43 - [MESSAGE][PASSED] - Object 'Object Repository/IWP30/Page_CCPaymentEntry/AL2' is present

2024-05-15 15:33:43 - [TEST_STEP][PASSED] - if (!(CCAL2.isEmpty())): Text 'Mera AL2' is set on object 'Object Repository/IWP30/Page_CCPaymentEntry/AL2'

2024-05-15 15:33:43 - [TEST_STEP][PASSED] - setText(findTestObject("Object Repository/IWP30/Page_CCPaymentEntry/AL2"), CCAL2): Text 'Mera AL2' is set on object 'Object Repository/IWP30/Page_CCPaymentEntry/AL2'

2024-05-15 15:33:44 - [MESSAGE][PASSED] - Text 'Mera AL2' is set on object 'Object Repository/IWP30/Page_CCPaymentEntry/AL2'

2024-05-15 15:33:44 - [TEST_STEP][PASSED] - if (verifyElementPresent(findTestObject("Object Repository/IWP30/Page_CCPaymentEntry/ZIP"), 30)): null

2024-05-15 15:33:44 - [MESSAGE][PASSED] - Object 'Object Repository/IWP30/Page_CCPaymentEntry/ZIP' is present

2024-05-15 15:33:44 - [TEST_STEP][PASSED] - if (!(CCZIP.isEmpty())): Text '21054' is set on object 'Object Repository/IWP30/Page_CCPaymentEntry/ZIP'

2024-05-15 15:33:44 - [TEST_STEP][PASSED] - setText(findTestObject("Object Repository/IWP30/Page_CCPaymentEntry/ZIP"), CCZIP): Text '21054' is set on object 'Object Repository/IWP30/Page_CCPaymentEntry/ZIP'

2024-05-15 15:33:45 - [MESSAGE][PASSED] - Text '21054' is set on object 'Object Repository/IWP30/Page_CCPaymentEntry/ZIP'

2024-05-15 15:33:45 - [TEST_STEP][PASSED] - if (verifyElementPresent(findTestObject("Object Repository/IWP30/Page_CCPaymentEntry/EmailAddress"), 30)): null

2024-05-15 15:33:45 - [MESSAGE][PASSED] - Object 'Object Repository/IWP30/Page_CCPaymentEntry/EmailAddress' is present

2024-05-15 15:33:45 - [TEST_STEP][PASSED] - if (!(CCEmail.isEmpty())): Text 'merae@gmail.com' is set on object 'Object Repository/IWP30/Page_CCPaymentEntry/EmailAddress'

2024-05-15 15:33:45 - [TEST_STEP][PASSED] - setText(findTestObject("Object Repository/IWP30/Page_CCPaymentEntry/EmailAddress"), CCEmail): Text 'merae@gmail.com' is set on object 'Object Repository/IWP30/Page_CCPaymentEntry/EmailAddress'

2024-05-15 15:33:46 - [MESSAGE][PASSED] - Text 'merae@gmail.com' is set on object 'Object Repository/IWP30/Page_CCPaymentEntry/EmailAddress'

2024-05-15 15:33:46 - [TEST_STEP][PASSED] - if (verifyElementPresent(findTestObject("Object Repository/IWP30/Page_CCPaymentEntry/TermCondCheckBox"), 30)): null

2024-05-15 15:33:47 - [MESSAGE][PASSED] - Object 'Object Repository/IWP30/Page_CCPaymentEntry/TermCondCheckBox' is present

2024-05-15 15:33:47 - [TEST_STEP][PASSED] - check(findTestObject("Object Repository/IWP30/Page_CCPaymentEntry/TermCondCheckBox")): Object 'Object Repository/IWP30/Page_CCPaymentEntry/TermCondCheckBox' is checked

2024-05-15 15:33:47 - [MESSAGE][PASSED] - Object 'Object Repository/IWP30/Page_CCPaymentEntry/TermCondCheckBox' is checked

2024-05-15 15:33:47 - [TEST_STEP][PASSED] - if (verifyElementPresent(findTestObject("Object Repository/IWP30/Page_CCPaymentEntry/ContinueButton"), 30)): null

2024-05-15 15:33:47 - [MESSAGE][PASSED] - Object 'Object Repository/IWP30/Page_CCPaymentEntry/ContinueButton' is present

2024-05-15 15:33:47 - [TEST_STEP][PASSED] - click(findTestObject("Object Repository/IWP30/Page_CCPaymentEntry/ContinueButton")): Object: 'Object Repository/IWP30/Page_CCPaymentEntry/ContinueButton' is clicked on

2024-05-15 15:33:48 - [MESSAGE][PASSED] - Object: 'Object Repository/IWP30/Page_CCPaymentEntry/ContinueButton' is clicked on

2024-05-15 15:33:48 - [TEST_STEP][FAILED] - if (verifyTextPresent("Please verify the following information", false)): Text 'Please verify the following information' is not present on page  (Root cause: com.kms.katalon.core.exception.StepFailedException: Text 'Please verify the following information' is not present on page 
	at com.kms.katalon.core.webui.keyword.internal.WebUIKeywordMain.stepFailed(WebUIKeywordMain.groovy:64)
	at com.kms.katalon.core.webui.keyword.builtin.VerifyTextPresentKeyword$_verifyTextPresent_closure1.doCall(VerifyTextPresentKeyword.groovy:79)
	at com.kms.katalon.core.webui.keyword.builtin.VerifyTextPresentKeyword$_verifyTextPresent_closure1.call(VerifyTextPresentKeyword.groovy)
	at com.kms.katalon.core.webui.keyword.internal.WebUIKeywordMain.runKeyword(WebUIKeywordMain.groovy:20)
	at com.kms.katalon.core.webui.keyword.builtin.VerifyTextPresentKeyword.verifyTextPresent(VerifyTextPresentKeyword.groovy:83)
	at com.kms.katalon.core.webui.keyword.builtin.VerifyTextPresentKeyword.execute(VerifyTextPresentKeyword.groovy:68)
	at com.kms.katalon.core.keyword.internal.KeywordExecutor.executeKeywordForPlatform(KeywordExecutor.groovy:74)
	at com.kms.katalon.core.webui.keyword.WebUiBuiltInKeywords.verifyTextPresent(WebUiBuiltInKeywords.groovy:1723)
	at com.kms.katalon.core.webui.keyword.WebUiBuiltInKeywords$verifyTextPresent$8.call(Unknown Source)
	at PayNowReqFieldsCC.run(PayNowReqFieldsCC:573)
	at com.kms.katalon.core.main.ScriptEngine.run(ScriptEngine.java:194)
	at com.kms.katalon.core.main.ScriptEngine.runScriptAsRawText(ScriptEngine.java:119)
	at com.kms.katalon.core.main.TestCaseExecutor.runScript(TestCaseExecutor.java:448)
	at com.kms.katalon.core.main.TestCaseExecutor.doExecute(TestCaseExecutor.java:439)
	at com.kms.katalon.core.main.TestCaseExecutor.processExecutionPhase(TestCaseExecutor.java:418)
	at com.kms.katalon.core.main.TestCaseExecutor.accessMainPhase(TestCaseExecutor.java:410)
	at com.kms.katalon.core.main.TestCaseExecutor.execute(TestCaseExecutor.java:285)
	at com.kms.katalon.core.common.CommonExecutor.accessTestCaseMainPhase(CommonExecutor.java:65)
	at com.kms.katalon.core.main.TestSuiteExecutor.accessTestSuiteMainPhase(TestSuiteExecutor.java:148)
	at com.kms.katalon.core.main.TestSuiteExecutor.execute(TestSuiteExecutor.java:106)
	at com.kms.katalon.core.main.TestCaseMain.startTestSuite(TestCaseMain.java:187)
	at com.kms.katalon.core.main.TestCaseMain$startTestSuite$0.call(Unknown Source)
	at TempTestSuite1715800219174.run(TempTestSuite1715800219174.groovy:35)
)

2024-05-15 15:33:49 - [MESSAGE][FAILED] - Text 'Please verify the following information' is not present on page  (Root cause: com.kms.katalon.core.exception.StepFailedException: Text 'Please verify the following information' is not present on page 
	at com.kms.katalon.core.webui.keyword.internal.WebUIKeywordMain.stepFailed(WebUIKeywordMain.groovy:64)
	at com.kms.katalon.core.webui.keyword.builtin.VerifyTextPresentKeyword$_verifyTextPresent_closure1.doCall(VerifyTextPresentKeyword.groovy:79)
	at com.kms.katalon.core.webui.keyword.builtin.VerifyTextPresentKeyword$_verifyTextPresent_closure1.call(VerifyTextPresentKeyword.groovy)
	at com.kms.katalon.core.webui.keyword.internal.WebUIKeywordMain.runKeyword(WebUIKeywordMain.groovy:20)
	at com.kms.katalon.core.webui.keyword.builtin.VerifyTextPresentKeyword.verifyTextPresent(VerifyTextPresentKeyword.groovy:83)
	at com.kms.katalon.core.webui.keyword.builtin.VerifyTextPresentKeyword.execute(VerifyTextPresentKeyword.groovy:68)
	at com.kms.katalon.core.keyword.internal.KeywordExecutor.executeKeywordForPlatform(KeywordExecutor.groovy:74)
	at com.kms.katalon.core.webui.keyword.WebUiBuiltInKeywords.verifyTextPresent(WebUiBuiltInKeywords.groovy:1723)
	at com.kms.katalon.core.webui.keyword.WebUiBuiltInKeywords$verifyTextPresent$8.call(Unknown Source)
	at PayNowReqFieldsCC.run(PayNowReqFieldsCC:573)
	at com.kms.katalon.core.main.ScriptEngine.run(ScriptEngine.java:194)
	at com.kms.katalon.core.main.ScriptEngine.runScriptAsRawText(ScriptEngine.java:119)
	at com.kms.katalon.core.main.TestCaseExecutor.runScript(TestCaseExecutor.java:448)
	at com.kms.katalon.core.main.TestCaseExecutor.doExecute(TestCaseExecutor.java:439)
	at com.kms.katalon.core.main.TestCaseExecutor.processExecutionPhase(TestCaseExecutor.java:418)
	at com.kms.katalon.core.main.TestCaseExecutor.accessMainPhase(TestCaseExecutor.java:410)
	at com.kms.katalon.core.main.TestCaseExecutor.execute(TestCaseExecutor.java:285)
	at com.kms.katalon.core.common.CommonExecutor.accessTestCaseMainPhase(CommonExecutor.java:65)
	at com.kms.katalon.core.main.TestSuiteExecutor.accessTestSuiteMainPhase(TestSuiteExecutor.java:148)
	at com.kms.katalon.core.main.TestSuiteExecutor.execute(TestSuiteExecutor.java:106)
	at com.kms.katalon.core.main.TestCaseMain.startTestSuite(TestCaseMain.java:187)
	at com.kms.katalon.core.main.TestCaseMain$startTestSuite$0.call(Unknown Source)
	at TempTestSuite1715800219174.run(TempTestSuite1715800219174.groovy:35)
)

2024-05-15 15:33:49 - [TEST_STEP][PASSED] - else: null

2024-05-15 15:33:49 - [TEST_STEP][FAILED] - if (verifyTextPresent("Is this information correct?", false)): Text 'Is this information correct?' is not present on page  (Root cause: com.kms.katalon.core.exception.StepFailedException: Text 'Is this information correct?' is not present on page 
	at com.kms.katalon.core.webui.keyword.internal.WebUIKeywordMain.stepFailed(WebUIKeywordMain.groovy:64)
	at com.kms.katalon.core.webui.keyword.builtin.VerifyTextPresentKeyword$_verifyTextPresent_closure1.doCall(VerifyTextPresentKeyword.groovy:79)
	at com.kms.katalon.core.webui.keyword.builtin.VerifyTextPresentKeyword$_verifyTextPresent_closure1.call(VerifyTextPresentKeyword.groovy)
	at com.kms.katalon.core.webui.keyword.internal.WebUIKeywordMain.runKeyword(WebUIKeywordMain.groovy:20)
	at com.kms.katalon.core.webui.keyword.builtin.VerifyTextPresentKeyword.verifyTextPresent(VerifyTextPresentKeyword.groovy:83)
	at com.kms.katalon.core.webui.keyword.builtin.VerifyTextPresentKeyword.execute(VerifyTextPresentKeyword.groovy:68)
	at com.kms.katalon.core.keyword.internal.KeywordExecutor.executeKeywordForPlatform(KeywordExecutor.groovy:74)
	at com.kms.katalon.core.webui.keyword.WebUiBuiltInKeywords.verifyTextPresent(WebUiBuiltInKeywords.groovy:1723)
	at com.kms.katalon.core.webui.keyword.WebUiBuiltInKeywords$verifyTextPresent$8.call(Unknown Source)
	at PayNowReqFieldsCC.run(PayNowReqFieldsCC:581)
	at com.kms.katalon.core.main.ScriptEngine.run(ScriptEngine.java:194)
	at com.kms.katalon.core.main.ScriptEngine.runScriptAsRawText(ScriptEngine.java:119)
	at com.kms.katalon.core.main.TestCaseExecutor.runScript(TestCaseExecutor.java:448)
	at com.kms.katalon.core.main.TestCaseExecutor.doExecute(TestCaseExecutor.java:439)
	at com.kms.katalon.core.main.TestCaseExecutor.processExecutionPhase(TestCaseExecutor.java:418)
	at com.kms.katalon.core.main.TestCaseExecutor.accessMainPhase(TestCaseExecutor.java:410)
	at com.kms.katalon.core.main.TestCaseExecutor.execute(TestCaseExecutor.java:285)
	at com.kms.katalon.core.common.CommonExecutor.accessTestCaseMainPhase(CommonExecutor.java:65)
	at com.kms.katalon.core.main.TestSuiteExecutor.accessTestSuiteMainPhase(TestSuiteExecutor.java:148)
	at com.kms.katalon.core.main.TestSuiteExecutor.execute(TestSuiteExecutor.java:106)
	at com.kms.katalon.core.main.TestCaseMain.startTestSuite(TestCaseMain.java:187)
	at com.kms.katalon.core.main.TestCaseMain$startTestSuite$0.call(Unknown Source)
	at TempTestSuite1715800219174.run(TempTestSuite1715800219174.groovy:35)
)

2024-05-15 15:33:49 - [MESSAGE][FAILED] - Text 'Is this information correct?' is not present on page  (Root cause: com.kms.katalon.core.exception.StepFailedException: Text 'Is this information correct?' is not present on page 
	at com.kms.katalon.core.webui.keyword.internal.WebUIKeywordMain.stepFailed(WebUIKeywordMain.groovy:64)
	at com.kms.katalon.core.webui.keyword.builtin.VerifyTextPresentKeyword$_verifyTextPresent_closure1.doCall(VerifyTextPresentKeyword.groovy:79)
	at com.kms.katalon.core.webui.keyword.builtin.VerifyTextPresentKeyword$_verifyTextPresent_closure1.call(VerifyTextPresentKeyword.groovy)
	at com.kms.katalon.core.webui.keyword.internal.WebUIKeywordMain.runKeyword(WebUIKeywordMain.groovy:20)
	at com.kms.katalon.core.webui.keyword.builtin.VerifyTextPresentKeyword.verifyTextPresent(VerifyTextPresentKeyword.groovy:83)
	at com.kms.katalon.core.webui.keyword.builtin.VerifyTextPresentKeyword.execute(VerifyTextPresentKeyword.groovy:68)
	at com.kms.katalon.core.keyword.internal.KeywordExecutor.executeKeywordForPlatform(KeywordExecutor.groovy:74)
	at com.kms.katalon.core.webui.keyword.WebUiBuiltInKeywords.verifyTextPresent(WebUiBuiltInKeywords.groovy:1723)
	at com.kms.katalon.core.webui.keyword.WebUiBuiltInKeywords$verifyTextPresent$8.call(Unknown Source)
	at PayNowReqFieldsCC.run(PayNowReqFieldsCC:581)
	at com.kms.katalon.core.main.ScriptEngine.run(ScriptEngine.java:194)
	at com.kms.katalon.core.main.ScriptEngine.runScriptAsRawText(ScriptEngine.java:119)
	at com.kms.katalon.core.main.TestCaseExecutor.runScript(TestCaseExecutor.java:448)
	at com.kms.katalon.core.main.TestCaseExecutor.doExecute(TestCaseExecutor.java:439)
	at com.kms.katalon.core.main.TestCaseExecutor.processExecutionPhase(TestCaseExecutor.java:418)
	at com.kms.katalon.core.main.TestCaseExecutor.accessMainPhase(TestCaseExecutor.java:410)
	at com.kms.katalon.core.main.TestCaseExecutor.execute(TestCaseExecutor.java:285)
	at com.kms.katalon.core.common.CommonExecutor.accessTestCaseMainPhase(CommonExecutor.java:65)
	at com.kms.katalon.core.main.TestSuiteExecutor.accessTestSuiteMainPhase(TestSuiteExecutor.java:148)
	at com.kms.katalon.core.main.TestSuiteExecutor.execute(TestSuiteExecutor.java:106)
	at com.kms.katalon.core.main.TestCaseMain.startTestSuite(TestCaseMain.java:187)
	at com.kms.katalon.core.main.TestCaseMain$startTestSuite$0.call(Unknown Source)
	at TempTestSuite1715800219174.run(TempTestSuite1715800219174.groovy:35)
)

2024-05-15 15:33:49 - [TEST_STEP][PASSED] - else: null

2024-05-15 15:33:49 - [TEST_STEP][PASSED] - println("Is this information correct text is not present on the Confirmation page"): null

2024-05-15 15:33:49 - [TEST_STEP][FAILED] - if (verifyElementPresent(findTestObject("Object Repository/IWP30/Page_Confirmation/ConfirmButton"), 30)): com.kms.katalon.core.webui.exception.WebElementNotFoundException: Web element with id: 'Object Repository/IWP30/Page_Confirmation/ConfirmButton' located by '//*[@type = 'submit' and @name = 'confirmNotifyAction' and @id = 'submitYes' and @value = 'Confirm']' not found (Root cause: com.kms.katalon.core.exception.StepFailedException: com.kms.katalon.core.webui.exception.WebElementNotFoundException: Web element with id: 'Object Repository/IWP30/Page_Confirmation/ConfirmButton' located by '//*[@type = 'submit' and @name = 'confirmNotifyAction' and @id = 'submitYes' and @value = 'Confirm']' not found
	at com.kms.katalon.core.webui.keyword.internal.WebUIKeywordMain.stepFailed(WebUIKeywordMain.groovy:64)
	at com.kms.katalon.core.webui.keyword.builtin.VerifyElementPresentKeyword$_verifyElementPresent_closure1.doCall(VerifyElementPresentKeyword.groovy:85)
	at com.kms.katalon.core.webui.keyword.builtin.VerifyElementPresentKeyword$_verifyElementPresent_closure1.call(VerifyElementPresentKeyword.groovy)
	at com.kms.katalon.core.webui.keyword.internal.WebUIKeywordMain.runKeyword(WebUIKeywordMain.groovy:20)
	at com.kms.katalon.core.webui.keyword.builtin.VerifyElementPresentKeyword.verifyElementPresent(VerifyElementPresentKeyword.groovy:92)
	at com.kms.katalon.core.webui.keyword.builtin.VerifyElementPresentKeyword.execute(VerifyElementPresentKeyword.groovy:68)
	at com.kms.katalon.core.keyword.internal.KeywordExecutor.executeKeywordForPlatform(KeywordExecutor.groovy:74)
	at com.kms.katalon.core.webui.keyword.WebUiBuiltInKeywords.verifyElementPresent(WebUiBuiltInKeywords.groovy:1464)
	at com.kms.katalon.core.webui.keyword.WebUiBuiltInKeywords$verifyElementPresent$5.call(Unknown Source)
	at PayNowReqFieldsCC.run(PayNowReqFieldsCC:589)
	at com.kms.katalon.core.main.ScriptEngine.run(ScriptEngine.java:194)
	at com.kms.katalon.core.main.ScriptEngine.runScriptAsRawText(ScriptEngine.java:119)
	at com.kms.katalon.core.main.TestCaseExecutor.runScript(TestCaseExecutor.java:448)
	at com.kms.katalon.core.main.TestCaseExecutor.doExecute(TestCaseExecutor.java:439)
	at com.kms.katalon.core.main.TestCaseExecutor.processExecutionPhase(TestCaseExecutor.java:418)
	at com.kms.katalon.core.main.TestCaseExecutor.accessMainPhase(TestCaseExecutor.java:410)
	at com.kms.katalon.core.main.TestCaseExecutor.execute(TestCaseExecutor.java:285)
	at com.kms.katalon.core.common.CommonExecutor.accessTestCaseMainPhase(CommonExecutor.java:65)
	at com.kms.katalon.core.main.TestSuiteExecutor.accessTestSuiteMainPhase(TestSuiteExecutor.java:148)
	at com.kms.katalon.core.main.TestSuiteExecutor.execute(TestSuiteExecutor.java:106)
	at com.kms.katalon.core.main.TestCaseMain.startTestSuite(TestCaseMain.java:187)
	at com.kms.katalon.core.main.TestCaseMain$startTestSuite$0.call(Unknown Source)
	at TempTestSuite1715800219174.run(TempTestSuite1715800219174.groovy:35)
)

2024-05-15 15:34:20 - [MESSAGE][INFO] - Unable to find the element located by 'By.xpath: //*[@type = 'submit' and @name = 'confirmNotifyAction' and @id = 'submitYes' and @value = 'Confirm']'. Please recheck the objects properties to make sure the desired element is located. 

2024-05-15 15:34:21 - [MESSAGE][FAILED] - com.kms.katalon.core.webui.exception.WebElementNotFoundException: Web element with id: 'Object Repository/IWP30/Page_Confirmation/ConfirmButton' located by '//*[@type = 'submit' and @name = 'confirmNotifyAction' and @id = 'submitYes' and @value = 'Confirm']' not found (Root cause: com.kms.katalon.core.exception.StepFailedException: com.kms.katalon.core.webui.exception.WebElementNotFoundException: Web element with id: 'Object Repository/IWP30/Page_Confirmation/ConfirmButton' located by '//*[@type = 'submit' and @name = 'confirmNotifyAction' and @id = 'submitYes' and @value = 'Confirm']' not found
	at com.kms.katalon.core.webui.keyword.internal.WebUIKeywordMain.stepFailed(WebUIKeywordMain.groovy:64)
	at com.kms.katalon.core.webui.keyword.builtin.VerifyElementPresentKeyword$_verifyElementPresent_closure1.doCall(VerifyElementPresentKeyword.groovy:85)
	at com.kms.katalon.core.webui.keyword.builtin.VerifyElementPresentKeyword$_verifyElementPresent_closure1.call(VerifyElementPresentKeyword.groovy)
	at com.kms.katalon.core.webui.keyword.internal.WebUIKeywordMain.runKeyword(WebUIKeywordMain.groovy:20)
	at com.kms.katalon.core.webui.keyword.builtin.VerifyElementPresentKeyword.verifyElementPresent(VerifyElementPresentKeyword.groovy:92)
	at com.kms.katalon.core.webui.keyword.builtin.VerifyElementPresentKeyword.execute(VerifyElementPresentKeyword.groovy:68)
	at com.kms.katalon.core.keyword.internal.KeywordExecutor.executeKeywordForPlatform(KeywordExecutor.groovy:74)
	at com.kms.katalon.core.webui.keyword.WebUiBuiltInKeywords.verifyElementPresent(WebUiBuiltInKeywords.groovy:1464)
	at com.kms.katalon.core.webui.keyword.WebUiBuiltInKeywords$verifyElementPresent$5.call(Unknown Source)
	at PayNowReqFieldsCC.run(PayNowReqFieldsCC:589)
	at com.kms.katalon.core.main.ScriptEngine.run(ScriptEngine.java:194)
	at com.kms.katalon.core.main.ScriptEngine.runScriptAsRawText(ScriptEngine.java:119)
	at com.kms.katalon.core.main.TestCaseExecutor.runScript(TestCaseExecutor.java:448)
	at com.kms.katalon.core.main.TestCaseExecutor.doExecute(TestCaseExecutor.java:439)
	at com.kms.katalon.core.main.TestCaseExecutor.processExecutionPhase(TestCaseExecutor.java:418)
	at com.kms.katalon.core.main.TestCaseExecutor.accessMainPhase(TestCaseExecutor.java:410)
	at com.kms.katalon.core.main.TestCaseExecutor.execute(TestCaseExecutor.java:285)
	at com.kms.katalon.core.common.CommonExecutor.accessTestCaseMainPhase(CommonExecutor.java:65)
	at com.kms.katalon.core.main.TestSuiteExecutor.accessTestSuiteMainPhase(TestSuiteExecutor.java:148)
	at com.kms.katalon.core.main.TestSuiteExecutor.execute(TestSuiteExecutor.java:106)
	at com.kms.katalon.core.main.TestCaseMain.startTestSuite(TestCaseMain.java:187)
	at com.kms.katalon.core.main.TestCaseMain$startTestSuite$0.call(Unknown Source)
	at TempTestSuite1715800219174.run(TempTestSuite1715800219174.groovy:35)
)
[[ATTACHMENT|E:\\Cloned-Project-Katalon\\VPS-Katalon\\Reports\\20240515_151019\\QA\\IWP3.0\\IWP30 Smoke TestSuite\\20240515_151019\\1715801660901.png]]

2024-05-15 15:34:21 - [TEST_STEP][PASSED] - else: null

2024-05-15 15:34:21 - [TEST_STEP][PASSED] - println("Confirm button is missing on the Confirmation page"): null

2024-05-15 15:34:21 - [TEST_STEP][PASSED] - Thread.sleep(10000): null

2024-05-15 15:34:31 - [TEST_STEP][FAILED] - if (verifyTextPresent("Successful Payment Receipt", false)): Text 'Successful Payment Receipt' is not present on page  (Root cause: com.kms.katalon.core.exception.StepFailedException: Text 'Successful Payment Receipt' is not present on page 
	at com.kms.katalon.core.webui.keyword.internal.WebUIKeywordMain.stepFailed(WebUIKeywordMain.groovy:64)
	at com.kms.katalon.core.webui.keyword.builtin.VerifyTextPresentKeyword$_verifyTextPresent_closure1.doCall(VerifyTextPresentKeyword.groovy:79)
	at com.kms.katalon.core.webui.keyword.builtin.VerifyTextPresentKeyword$_verifyTextPresent_closure1.call(VerifyTextPresentKeyword.groovy)
	at com.kms.katalon.core.webui.keyword.internal.WebUIKeywordMain.runKeyword(WebUIKeywordMain.groovy:20)
	at com.kms.katalon.core.webui.keyword.builtin.VerifyTextPresentKeyword.verifyTextPresent(VerifyTextPresentKeyword.groovy:83)
	at com.kms.katalon.core.webui.keyword.builtin.VerifyTextPresentKeyword.execute(VerifyTextPresentKeyword.groovy:68)
	at com.kms.katalon.core.keyword.internal.KeywordExecutor.executeKeywordForPlatform(KeywordExecutor.groovy:74)
	at com.kms.katalon.core.webui.keyword.WebUiBuiltInKeywords.verifyTextPresent(WebUiBuiltInKeywords.groovy:1723)
	at com.kms.katalon.core.webui.keyword.WebUiBuiltInKeywords$verifyTextPresent$8.call(Unknown Source)
	at PayNowReqFieldsCC.run(PayNowReqFieldsCC:604)
	at com.kms.katalon.core.main.ScriptEngine.run(ScriptEngine.java:194)
	at com.kms.katalon.core.main.ScriptEngine.runScriptAsRawText(ScriptEngine.java:119)
	at com.kms.katalon.core.main.TestCaseExecutor.runScript(TestCaseExecutor.java:448)
	at com.kms.katalon.core.main.TestCaseExecutor.doExecute(TestCaseExecutor.java:439)
	at com.kms.katalon.core.main.TestCaseExecutor.processExecutionPhase(TestCaseExecutor.java:418)
	at com.kms.katalon.core.main.TestCaseExecutor.accessMainPhase(TestCaseExecutor.java:410)
	at com.kms.katalon.core.main.TestCaseExecutor.execute(TestCaseExecutor.java:285)
	at com.kms.katalon.core.common.CommonExecutor.accessTestCaseMainPhase(CommonExecutor.java:65)
	at com.kms.katalon.core.main.TestSuiteExecutor.accessTestSuiteMainPhase(TestSuiteExecutor.java:148)
	at com.kms.katalon.core.main.TestSuiteExecutor.execute(TestSuiteExecutor.java:106)
	at com.kms.katalon.core.main.TestCaseMain.startTestSuite(TestCaseMain.java:187)
	at com.kms.katalon.core.main.TestCaseMain$startTestSuite$0.call(Unknown Source)
	at TempTestSuite1715800219174.run(TempTestSuite1715800219174.groovy:35)
)

2024-05-15 15:34:31 - [MESSAGE][FAILED] - Text 'Successful Payment Receipt' is not present on page  (Root cause: com.kms.katalon.core.exception.StepFailedException: Text 'Successful Payment Receipt' is not present on page 
	at com.kms.katalon.core.webui.keyword.internal.WebUIKeywordMain.stepFailed(WebUIKeywordMain.groovy:64)
	at com.kms.katalon.core.webui.keyword.builtin.VerifyTextPresentKeyword$_verifyTextPresent_closure1.doCall(VerifyTextPresentKeyword.groovy:79)
	at com.kms.katalon.core.webui.keyword.builtin.VerifyTextPresentKeyword$_verifyTextPresent_closure1.call(VerifyTextPresentKeyword.groovy)
	at com.kms.katalon.core.webui.keyword.internal.WebUIKeywordMain.runKeyword(WebUIKeywordMain.groovy:20)
	at com.kms.katalon.core.webui.keyword.builtin.VerifyTextPresentKeyword.verifyTextPresent(VerifyTextPresentKeyword.groovy:83)
	at com.kms.katalon.core.webui.keyword.builtin.VerifyTextPresentKeyword.execute(VerifyTextPresentKeyword.groovy:68)
	at com.kms.katalon.core.keyword.internal.KeywordExecutor.executeKeywordForPlatform(KeywordExecutor.groovy:74)
	at com.kms.katalon.core.webui.keyword.WebUiBuiltInKeywords.verifyTextPresent(WebUiBuiltInKeywords.groovy:1723)
	at com.kms.katalon.core.webui.keyword.WebUiBuiltInKeywords$verifyTextPresent$8.call(Unknown Source)
	at PayNowReqFieldsCC.run(PayNowReqFieldsCC:604)
	at com.kms.katalon.core.main.ScriptEngine.run(ScriptEngine.java:194)
	at com.kms.katalon.core.main.ScriptEngine.runScriptAsRawText(ScriptEngine.java:119)
	at com.kms.katalon.core.main.TestCaseExecutor.runScript(TestCaseExecutor.java:448)
	at com.kms.katalon.core.main.TestCaseExecutor.doExecute(TestCaseExecutor.java:439)
	at com.kms.katalon.core.main.TestCaseExecutor.processExecutionPhase(TestCaseExecutor.java:418)
	at com.kms.katalon.core.main.TestCaseExecutor.accessMainPhase(TestCaseExecutor.java:410)
	at com.kms.katalon.core.main.TestCaseExecutor.execute(TestCaseExecutor.java:285)
	at com.kms.katalon.core.common.CommonExecutor.accessTestCaseMainPhase(CommonExecutor.java:65)
	at com.kms.katalon.core.main.TestSuiteExecutor.accessTestSuiteMainPhase(TestSuiteExecutor.java:148)
	at com.kms.katalon.core.main.TestSuiteExecutor.execute(TestSuiteExecutor.java:106)
	at com.kms.katalon.core.main.TestCaseMain.startTestSuite(TestCaseMain.java:187)
	at com.kms.katalon.core.main.TestCaseMain$startTestSuite$0.call(Unknown Source)
	at TempTestSuite1715800219174.run(TempTestSuite1715800219174.groovy:35)
)

2024-05-15 15:34:31 - [TEST_STEP][PASSED] - else: null

2024-05-15 15:34:31 - [TEST_STEP][FAILED] - if (verifyTextPresent("Please print this receipt for your records", false)): Text 'Please print this receipt for your records' is not present on page  (Root cause: com.kms.katalon.core.exception.StepFailedException: Text 'Please print this receipt for your records' is not present on page 
	at com.kms.katalon.core.webui.keyword.internal.WebUIKeywordMain.stepFailed(WebUIKeywordMain.groovy:64)
	at com.kms.katalon.core.webui.keyword.builtin.VerifyTextPresentKeyword$_verifyTextPresent_closure1.doCall(VerifyTextPresentKeyword.groovy:79)
	at com.kms.katalon.core.webui.keyword.builtin.VerifyTextPresentKeyword$_verifyTextPresent_closure1.call(VerifyTextPresentKeyword.groovy)
	at com.kms.katalon.core.webui.keyword.internal.WebUIKeywordMain.runKeyword(WebUIKeywordMain.groovy:20)
	at com.kms.katalon.core.webui.keyword.builtin.VerifyTextPresentKeyword.verifyTextPresent(VerifyTextPresentKeyword.groovy:83)
	at com.kms.katalon.core.webui.keyword.builtin.VerifyTextPresentKeyword.execute(VerifyTextPresentKeyword.groovy:68)
	at com.kms.katalon.core.keyword.internal.KeywordExecutor.executeKeywordForPlatform(KeywordExecutor.groovy:74)
	at com.kms.katalon.core.webui.keyword.WebUiBuiltInKeywords.verifyTextPresent(WebUiBuiltInKeywords.groovy:1723)
	at com.kms.katalon.core.webui.keyword.WebUiBuiltInKeywords$verifyTextPresent$8.call(Unknown Source)
	at PayNowReqFieldsCC.run(PayNowReqFieldsCC:611)
	at com.kms.katalon.core.main.ScriptEngine.run(ScriptEngine.java:194)
	at com.kms.katalon.core.main.ScriptEngine.runScriptAsRawText(ScriptEngine.java:119)
	at com.kms.katalon.core.main.TestCaseExecutor.runScript(TestCaseExecutor.java:448)
	at com.kms.katalon.core.main.TestCaseExecutor.doExecute(TestCaseExecutor.java:439)
	at com.kms.katalon.core.main.TestCaseExecutor.processExecutionPhase(TestCaseExecutor.java:418)
	at com.kms.katalon.core.main.TestCaseExecutor.accessMainPhase(TestCaseExecutor.java:410)
	at com.kms.katalon.core.main.TestCaseExecutor.execute(TestCaseExecutor.java:285)
	at com.kms.katalon.core.common.CommonExecutor.accessTestCaseMainPhase(CommonExecutor.java:65)
	at com.kms.katalon.core.main.TestSuiteExecutor.accessTestSuiteMainPhase(TestSuiteExecutor.java:148)
	at com.kms.katalon.core.main.TestSuiteExecutor.execute(TestSuiteExecutor.java:106)
	at com.kms.katalon.core.main.TestCaseMain.startTestSuite(TestCaseMain.java:187)
	at com.kms.katalon.core.main.TestCaseMain$startTestSuite$0.call(Unknown Source)
	at TempTestSuite1715800219174.run(TempTestSuite1715800219174.groovy:35)
)

2024-05-15 15:34:32 - [MESSAGE][FAILED] - Text 'Please print this receipt for your records' is not present on page  (Root cause: com.kms.katalon.core.exception.StepFailedException: Text 'Please print this receipt for your records' is not present on page 
	at com.kms.katalon.core.webui.keyword.internal.WebUIKeywordMain.stepFailed(WebUIKeywordMain.groovy:64)
	at com.kms.katalon.core.webui.keyword.builtin.VerifyTextPresentKeyword$_verifyTextPresent_closure1.doCall(VerifyTextPresentKeyword.groovy:79)
	at com.kms.katalon.core.webui.keyword.builtin.VerifyTextPresentKeyword$_verifyTextPresent_closure1.call(VerifyTextPresentKeyword.groovy)
	at com.kms.katalon.core.webui.keyword.internal.WebUIKeywordMain.runKeyword(WebUIKeywordMain.groovy:20)
	at com.kms.katalon.core.webui.keyword.builtin.VerifyTextPresentKeyword.verifyTextPresent(VerifyTextPresentKeyword.groovy:83)
	at com.kms.katalon.core.webui.keyword.builtin.VerifyTextPresentKeyword.execute(VerifyTextPresentKeyword.groovy:68)
	at com.kms.katalon.core.keyword.internal.KeywordExecutor.executeKeywordForPlatform(KeywordExecutor.groovy:74)
	at com.kms.katalon.core.webui.keyword.WebUiBuiltInKeywords.verifyTextPresent(WebUiBuiltInKeywords.groovy:1723)
	at com.kms.katalon.core.webui.keyword.WebUiBuiltInKeywords$verifyTextPresent$8.call(Unknown Source)
	at PayNowReqFieldsCC.run(PayNowReqFieldsCC:611)
	at com.kms.katalon.core.main.ScriptEngine.run(ScriptEngine.java:194)
	at com.kms.katalon.core.main.ScriptEngine.runScriptAsRawText(ScriptEngine.java:119)
	at com.kms.katalon.core.main.TestCaseExecutor.runScript(TestCaseExecutor.java:448)
	at com.kms.katalon.core.main.TestCaseExecutor.doExecute(TestCaseExecutor.java:439)
	at com.kms.katalon.core.main.TestCaseExecutor.processExecutionPhase(TestCaseExecutor.java:418)
	at com.kms.katalon.core.main.TestCaseExecutor.accessMainPhase(TestCaseExecutor.java:410)
	at com.kms.katalon.core.main.TestCaseExecutor.execute(TestCaseExecutor.java:285)
	at com.kms.katalon.core.common.CommonExecutor.accessTestCaseMainPhase(CommonExecutor.java:65)
	at com.kms.katalon.core.main.TestSuiteExecutor.accessTestSuiteMainPhase(TestSuiteExecutor.java:148)
	at com.kms.katalon.core.main.TestSuiteExecutor.execute(TestSuiteExecutor.java:106)
	at com.kms.katalon.core.main.TestCaseMain.startTestSuite(TestCaseMain.java:187)
	at com.kms.katalon.core.main.TestCaseMain$startTestSuite$0.call(Unknown Source)
	at TempTestSuite1715800219174.run(TempTestSuite1715800219174.groovy:35)
)

2024-05-15 15:34:32 - [TEST_STEP][PASSED] - else: null

2024-05-15 15:34:32 - [TEST_STEP][PASSED] - if (verifyElementPresent(findTestObject("Object Repository/IWP30/Page_Receipt/ExitButton"), 30)): null

2024-05-15 15:34:32 - [MESSAGE][PASSED] - Object 'Object Repository/IWP30/Page_Receipt/ExitButton' is present

2024-05-15 15:34:32 - [TEST_STEP][PASSED] - println("Exit Button is present on the Receipt page"): null

2024-05-15 15:34:32 - [TEST_STEP][PASSED] - closeBrowser(): Browser is closed

2024-05-15 15:34:33 - [MESSAGE][PASSED] - Browser is closed

2024-05-15 15:34:33 - [TEST_STEP][PASSED] - ExecuteTC = findTestData("IWPTestData/IWP30PayNowCC").getValue("Execute", row): null

2024-05-15 15:34:33 - [TEST_STEP][PASSED] - out.println("Value of Execute is : " + ExecuteTC): null

2024-05-15 15:34:33 - [TEST_STEP][FAILED] - if (ExecuteTC.equalsIgnoreCase("Y")): null

2024-05-15 15:34:33 - [TEST_STEP][PASSED] - out.println("Begin Record Number: " + row): null

2024-05-15 15:34:33 - [TEST_STEP][FAILED] - try: null

2024-05-15 15:34:33 - [TEST_STEP][PASSED] - MV = findTestData("IWPTestData/IWP30PayNowCC").getValue("MV", row): null

2024-05-15 15:34:34 - [TEST_STEP][PASSED] - println(MV): null

2024-05-15 15:34:34 - [TEST_STEP][PASSED] - Amount = findTestData("IWPTestData/IWP30PayNowCC").getValue("Amount", row): null

2024-05-15 15:34:34 - [TEST_STEP][PASSED] - println(Amount): null

2024-05-15 15:34:34 - [TEST_STEP][PASSED] - CAN = findTestData("IWPTestData/IWP30PayNowCC").getValue("CAN", row): null

2024-05-15 15:34:34 - [TEST_STEP][PASSED] - println(CAN): null

2024-05-15 15:34:34 - [TEST_STEP][PASSED] - Action = findTestData("IWPTestData/IWP30PayNowCC").getValue("Action", row): null

2024-05-15 15:34:34 - [TEST_STEP][PASSED] - println(Action): null

2024-05-15 15:34:34 - [TEST_STEP][PASSED] - Lang = findTestData("IWPTestData/IWP30PayNowCC").getValue("Lang", row): null

2024-05-15 15:34:34 - [TEST_STEP][PASSED] - println(Lang): null

2024-05-15 15:34:34 - [TEST_STEP][PASSED] - Fname = findTestData("IWPTestData/IWP30PayNowCC").getValue("Fname", row): null

2024-05-15 15:34:34 - [TEST_STEP][PASSED] - println(Fname): null

2024-05-15 15:34:34 - [TEST_STEP][PASSED] - Lname = findTestData("IWPTestData/IWP30PayNowCC").getValue("Lname", row): null

2024-05-15 15:34:34 - [TEST_STEP][PASSED] - println(Lname): null

2024-05-15 15:34:34 - [TEST_STEP][PASSED] - AL1 = findTestData("IWPTestData/IWP30PayNowCC").getValue("AL1", row): null

2024-05-15 15:34:34 - [TEST_STEP][PASSED] - println(AL1): null

2024-05-15 15:34:34 - [TEST_STEP][PASSED] - AL2 = findTestData("IWPTestData/IWP30PayNowCC").getValue("AL2", row): null

2024-05-15 15:34:34 - [TEST_STEP][PASSED] - println(AL2): null

2024-05-15 15:34:34 - [TEST_STEP][PASSED] - Country = findTestData("IWPTestData/IWP30PayNowCC").getValue("Country", row): null

2024-05-15 15:34:34 - [TEST_STEP][PASSED] - println(Country): null

2024-05-15 15:34:34 - [TEST_STEP][PASSED] - City = findTestData("IWPTestData/IWP30PayNowCC").getValue("City", row): null

2024-05-15 15:34:34 - [TEST_STEP][PASSED] - println(City): null

2024-05-15 15:34:34 - [TEST_STEP][PASSED] - State = findTestData("IWPTestData/IWP30PayNowCC").getValue("State", row): null

2024-05-15 15:34:34 - [TEST_STEP][PASSED] - println(State): null

2024-05-15 15:34:34 - [TEST_STEP][PASSED] - ZIP = findTestData("IWPTestData/IWP30PayNowCC").getValue("ZIP", row): null

2024-05-15 15:34:34 - [TEST_STEP][PASSED] - println(ZIP): null

2024-05-15 15:34:34 - [TEST_STEP][PASSED] - Order = findTestData("IWPTestData/IWP30PayNowCC").getValue("Order", row): null

2024-05-15 15:34:34 - [TEST_STEP][PASSED] - println(Order): null

2024-05-15 15:34:34 - [TEST_STEP][PASSED] - CompanyName = findTestData("IWPTestData/IWP30PayNowCC").getValue("CompanyName", row): null

2024-05-15 15:34:34 - [TEST_STEP][PASSED] - println(CompanyName): null

2024-05-15 15:34:34 - [TEST_STEP][PASSED] - Email = findTestData("IWPTestData/IWP30PayNowCC").getValue("Email", row): null

2024-05-15 15:34:34 - [TEST_STEP][PASSED] - println(Email): null

2024-05-15 15:34:34 - [TEST_STEP][PASSED] - UDF1 = findTestData("IWPTestData/IWP30PayNowCC").getValue("UDF1", row): null

2024-05-15 15:34:34 - [TEST_STEP][PASSED] - println(UDF1): null

2024-05-15 15:34:34 - [TEST_STEP][PASSED] - UDF2 = findTestData("IWPTestData/IWP30PayNowCC").getValue("UDF2", row): null

2024-05-15 15:34:34 - [TEST_STEP][PASSED] - println(UDF2): null

2024-05-15 15:34:34 - [TEST_STEP][PASSED] - UDF3 = findTestData("IWPTestData/IWP30PayNowCC").getValue("UDF3", row): null

2024-05-15 15:34:34 - [TEST_STEP][PASSED] - println(UDF3): null

2024-05-15 15:34:34 - [TEST_STEP][PASSED] - UDF4 = findTestData("IWPTestData/IWP30PayNowCC").getValue("UDF4", row): null

2024-05-15 15:34:34 - [TEST_STEP][PASSED] - println(UDF4): null

2024-05-15 15:34:34 - [TEST_STEP][PASSED] - UDF5 = findTestData("IWPTestData/IWP30PayNowCC").getValue("UDF5", row): null

2024-05-15 15:34:34 - [TEST_STEP][PASSED] - println(UDF5): null

2024-05-15 15:34:34 - [TEST_STEP][PASSED] - UDF6 = findTestData("IWPTestData/IWP30PayNowCC").getValue("UDF6", row): null

2024-05-15 15:34:34 - [TEST_STEP][PASSED] - println(UDF6): null

2024-05-15 15:34:34 - [TEST_STEP][PASSED] - UDF7 = findTestData("IWPTestData/IWP30PayNowCC").getValue("UDF7", row): null

2024-05-15 15:34:35 - [TEST_STEP][PASSED] - println(UDF7): null

2024-05-15 15:34:35 - [TEST_STEP][PASSED] - UDF8 = findTestData("IWPTestData/IWP30PayNowCC").getValue("UDF8", row): null

2024-05-15 15:34:35 - [TEST_STEP][PASSED] - println(UDF8): null

2024-05-15 15:34:35 - [TEST_STEP][PASSED] - UDF9 = findTestData("IWPTestData/IWP30PayNowCC").getValue("UDF9", row): null

2024-05-15 15:34:35 - [TEST_STEP][PASSED] - println(UDF9): null

2024-05-15 15:34:35 - [TEST_STEP][PASSED] - UDF10 = findTestData("IWPTestData/IWP30PayNowCC").getValue("UDF10", row): null

2024-05-15 15:34:35 - [TEST_STEP][PASSED] - println(UDF10): null

2024-05-15 15:34:35 - [TEST_STEP][PASSED] - AppID = findTestData("IWPTestData/IWP30PayNowCC").getValue("AppID", row): null

2024-05-15 15:34:35 - [TEST_STEP][PASSED] - println(AppID): null

2024-05-15 15:34:35 - [TEST_STEP][PASSED] - MessageVersion = findTestData("IWPTestData/IWP30PayNowCC").getValue("MessageVersion", row): null

2024-05-15 15:34:35 - [TEST_STEP][PASSED] - println(MessageVersion): null

2024-05-15 15:34:35 - [TEST_STEP][PASSED] - CCAmount = findTestData("IWPTestData/IWP30PayNowCC").getValue("CCAmount", row): null

2024-05-15 15:34:35 - [TEST_STEP][PASSED] - println(CCAmount): null

2024-05-15 15:34:35 - [TEST_STEP][PASSED] - CCUDF1 = findTestData("IWPTestData/IWP30PayNowCC").getValue("CCUDF1", row): null

2024-05-15 15:34:35 - [TEST_STEP][PASSED] - println(CCUDF1): null

2024-05-15 15:34:35 - [TEST_STEP][PASSED] - CCUDF2 = findTestData("IWPTestData/IWP30PayNowCC").getValue("CCUDF2", row): null

2024-05-15 15:34:35 - [TEST_STEP][PASSED] - println(CCUDF2): null

2024-05-15 15:34:35 - [TEST_STEP][PASSED] - CCUDF3 = findTestData("IWPTestData/IWP30PayNowCC").getValue("CCUDF3", row): null

2024-05-15 15:34:35 - [TEST_STEP][PASSED] - println(CCUDF3): null

2024-05-15 15:34:35 - [TEST_STEP][PASSED] - CCUDF4 = findTestData("IWPTestData/IWP30PayNowCC").getValue("CCUDF4", row): null

2024-05-15 15:34:35 - [TEST_STEP][PASSED] - println(CCUDF4): null

2024-05-15 15:34:35 - [TEST_STEP][PASSED] - CCUDF5 = findTestData("IWPTestData/IWP30PayNowCC").getValue("CCUDF5", row): null

2024-05-15 15:34:35 - [TEST_STEP][PASSED] - println(CCUDF5): null

2024-05-15 15:34:35 - [TEST_STEP][PASSED] - CCUDF6 = findTestData("IWPTestData/IWP30PayNowCC").getValue("CCUDF6", row): null

2024-05-15 15:34:35 - [TEST_STEP][PASSED] - println(CCUDF6): null

2024-05-15 15:34:35 - [TEST_STEP][PASSED] - CCUDF7 = findTestData("IWPTestData/IWP30PayNowCC").getValue("CCUDF7", row): null

2024-05-15 15:34:35 - [TEST_STEP][PASSED] - println(CCUDF7): null

2024-05-15 15:34:35 - [TEST_STEP][PASSED] - CCUDF8 = findTestData("IWPTestData/IWP30PayNowCC").getValue("CCUDF8", row): null

2024-05-15 15:34:35 - [TEST_STEP][PASSED] - println(CCUDF8): null

2024-05-15 15:34:35 - [TEST_STEP][PASSED] - CCUDF9 = findTestData("IWPTestData/IWP30PayNowCC").getValue("CCUDF9", row): null

2024-05-15 15:34:35 - [TEST_STEP][PASSED] - println(CCUDF9): null

2024-05-15 15:34:35 - [TEST_STEP][PASSED] - CCUDF10 = findTestData("IWPTestData/IWP30PayNowCC").getValue("CCUDF10", row): null

2024-05-15 15:34:35 - [TEST_STEP][PASSED] - println(CCUDF10): null

2024-05-15 15:34:35 - [TEST_STEP][PASSED] - CCName = findTestData("IWPTestData/IWP30PayNowCC").getValue("CCName", row): null

2024-05-15 15:34:35 - [TEST_STEP][PASSED] - println(CCName): null

2024-05-15 15:34:35 - [TEST_STEP][PASSED] - CCCardNum = findTestData("IWPTestData/IWP30PayNowCC").getValue("CCCardNum", row): null

2024-05-15 15:34:35 - [TEST_STEP][PASSED] - println(CCCardNum): null

2024-05-15 15:34:35 - [TEST_STEP][PASSED] - CCSPC = findTestData("IWPTestData/IWP30PayNowCC").getValue("CCSPC", row): null

2024-05-15 15:34:35 - [TEST_STEP][PASSED] - println(CCSPC): null

2024-05-15 15:34:35 - [TEST_STEP][PASSED] - CCExpM = findTestData("IWPTestData/IWP30PayNowCC").getValue("CCExpM", row): null

2024-05-15 15:34:35 - [TEST_STEP][PASSED] - println(CCExpM): null

2024-05-15 15:34:35 - [TEST_STEP][PASSED] - CCExpY = findTestData("IWPTestData/IWP30PayNowCC").getValue("CCExpY", row): null

2024-05-15 15:34:35 - [TEST_STEP][PASSED] - println(CCExpY): null

2024-05-15 15:34:35 - [TEST_STEP][PASSED] - CCDate = findTestData("IWPTestData/IWP30PayNowCC").getValue("CCDate", row): null

2024-05-15 15:34:36 - [TEST_STEP][PASSED] - println(CCDate): null

2024-05-15 15:34:36 - [TEST_STEP][PASSED] - CCAL1 = findTestData("IWPTestData/IWP30PayNowCC").getValue("CCAL1", row): null

2024-05-15 15:34:36 - [TEST_STEP][PASSED] - println(CCAL1): null

2024-05-15 15:34:36 - [TEST_STEP][PASSED] - CCAL2 = findTestData("IWPTestData/IWP30PayNowCC").getValue("CCAL2", row): null

2024-05-15 15:34:36 - [TEST_STEP][PASSED] - println(CCAL2): null

2024-05-15 15:34:36 - [TEST_STEP][PASSED] - CCZIP = findTestData("IWPTestData/IWP30PayNowCC").getValue("CCZIP", row): null

2024-05-15 15:34:36 - [TEST_STEP][PASSED] - println(CCZIP): null

2024-05-15 15:34:36 - [TEST_STEP][PASSED] - CCEmail = findTestData("IWPTestData/IWP30PayNowCC").getValue("CCEmail", row): null

2024-05-15 15:34:36 - [TEST_STEP][PASSED] - println(CCEmail): null

2024-05-15 15:34:36 - [TEST_STEP][PASSED] - openBrowser(urlEmulator): Browser is opened with url: 'https://qa2.velocitypayment.com/agency/config.do?action=editor'

2024-05-15 15:34:36 - [MESSAGE][INFO] - Starting 'Chrome' driver

2024-05-15 15:34:36 - [MESSAGE][INFO] - User set preference: ['acceptInsecureCerts', 'true']

2024-05-15 15:34:36 - [MESSAGE][INFO] - Action delay is set to 0 milliseconds

2024-05-15 15:34:38 - [MESSAGE][PASSED] - Browser is opened with url: 'https://qa2.velocitypayment.com/agency/config.do?action=editor'

2024-05-15 15:34:38 - [TEST_STEP][PASSED] - maximizeWindow(): Current window maximized

2024-05-15 15:34:39 - [MESSAGE][PASSED] - Current window maximized

2024-05-15 15:34:39 - [TEST_STEP][PASSED] - selectOptionByValue(findTestObject("IWP30/Page_VRelay30Emulator/MV"), MV, true): All options with value '3.0' are selected in object 'Object Repository/IWP30/Page_VRelay30Emulator/MV'  using regular expression

2024-05-15 15:34:40 - [MESSAGE][PASSED] - All options with value '3.0' are selected in object 'Object Repository/IWP30/Page_VRelay30Emulator/MV'  using regular expression

2024-05-15 15:34:40 - [TEST_STEP][PASSED] - setText(findTestObject("IWP30/Page_VRelay30Emulator/Amount"), Amount): Text '10.50' is set on object 'Object Repository/IWP30/Page_VRelay30Emulator/Amount'

2024-05-15 15:34:41 - [MESSAGE][PASSED] - Text '10.50' is set on object 'Object Repository/IWP30/Page_VRelay30Emulator/Amount'

2024-05-15 15:34:41 - [TEST_STEP][PASSED] - setText(findTestObject("IWP30/Page_VRelay30Emulator/CAN"), CAN): Text '26411005' is set on object 'Object Repository/IWP30/Page_VRelay30Emulator/CAN'

2024-05-15 15:34:41 - [MESSAGE][PASSED] - Text '26411005' is set on object 'Object Repository/IWP30/Page_VRelay30Emulator/CAN'

2024-05-15 15:34:41 - [TEST_STEP][PASSED] - setText(findTestObject("IWP30/Page_VRelay30Emulator/Action"), Action): Text 'PayNow' is set on object 'Object Repository/IWP30/Page_VRelay30Emulator/Action'

2024-05-15 15:34:42 - [MESSAGE][PASSED] - Text 'PayNow' is set on object 'Object Repository/IWP30/Page_VRelay30Emulator/Action'

2024-05-15 15:34:42 - [TEST_STEP][PASSED] - setText(findTestObject("IWP30/Page_VRelay30Emulator/Lang"), Lang): Text 'en_US' is set on object 'Object Repository/IWP30/Page_VRelay30Emulator/Lang'

2024-05-15 15:34:42 - [MESSAGE][PASSED] - Text 'en_US' is set on object 'Object Repository/IWP30/Page_VRelay30Emulator/Lang'

2024-05-15 15:34:42 - [TEST_STEP][PASSED] - setText(findTestObject("IWP30/Page_VRelay30Emulator/Fname"), Fname): Text '' is set on object 'Object Repository/IWP30/Page_VRelay30Emulator/Fname'

2024-05-15 15:34:43 - [MESSAGE][PASSED] - Text '' is set on object 'Object Repository/IWP30/Page_VRelay30Emulator/Fname'

2024-05-15 15:34:43 - [TEST_STEP][PASSED] - setText(findTestObject("IWP30/Page_VRelay30Emulator/Lname"), Lname): Text '' is set on object 'Object Repository/IWP30/Page_VRelay30Emulator/Lname'

2024-05-15 15:34:44 - [MESSAGE][PASSED] - Text '' is set on object 'Object Repository/IWP30/Page_VRelay30Emulator/Lname'

2024-05-15 15:34:44 - [TEST_STEP][PASSED] - setText(findTestObject("IWP30/Page_VRelay30Emulator/AL1"), AL1): Text '' is set on object 'Object Repository/IWP30/Page_VRelay30Emulator/AL1'

2024-05-15 15:34:44 - [MESSAGE][PASSED] - Text '' is set on object 'Object Repository/IWP30/Page_VRelay30Emulator/AL1'

2024-05-15 15:34:44 - [TEST_STEP][PASSED] - setText(findTestObject("IWP30/Page_VRelay30Emulator/AL2"), AL2): Text '' is set on object 'Object Repository/IWP30/Page_VRelay30Emulator/AL2'

2024-05-15 15:34:45 - [MESSAGE][PASSED] - Text '' is set on object 'Object Repository/IWP30/Page_VRelay30Emulator/AL2'

2024-05-15 15:34:45 - [TEST_STEP][PASSED] - setText(findTestObject("IWP30/Page_VRelay30Emulator/Country"), Country): Text '840' is set on object 'Object Repository/IWP30/Page_VRelay30Emulator/Country'

2024-05-15 15:34:46 - [MESSAGE][PASSED] - Text '840' is set on object 'Object Repository/IWP30/Page_VRelay30Emulator/Country'

2024-05-15 15:34:46 - [TEST_STEP][PASSED] - setText(findTestObject("IWP30/Page_VRelay30Emulator/City"), City): Text '' is set on object 'Object Repository/IWP30/Page_VRelay30Emulator/City'

2024-05-15 15:34:46 - [MESSAGE][PASSED] - Text '' is set on object 'Object Repository/IWP30/Page_VRelay30Emulator/City'

2024-05-15 15:34:46 - [TEST_STEP][PASSED] - setText(findTestObject("IWP30/Page_VRelay30Emulator/State"), State): Text '' is set on object 'Object Repository/IWP30/Page_VRelay30Emulator/State'

2024-05-15 15:34:47 - [MESSAGE][PASSED] - Text '' is set on object 'Object Repository/IWP30/Page_VRelay30Emulator/State'

2024-05-15 15:34:47 - [TEST_STEP][PASSED] - setText(findTestObject("IWP30/Page_VRelay30Emulator/ZIP"), ZIP): Text '' is set on object 'Object Repository/IWP30/Page_VRelay30Emulator/ZIP'

2024-05-15 15:34:47 - [MESSAGE][PASSED] - Text '' is set on object 'Object Repository/IWP30/Page_VRelay30Emulator/ZIP'

2024-05-15 15:34:47 - [TEST_STEP][PASSED] - setText(findTestObject("IWP30/Page_VRelay30Emulator/Order"), Order): Text '' is set on object 'Object Repository/IWP30/Page_VRelay30Emulator/Order'

2024-05-15 15:34:48 - [MESSAGE][PASSED] - Text '' is set on object 'Object Repository/IWP30/Page_VRelay30Emulator/Order'

2024-05-15 15:34:48 - [TEST_STEP][PASSED] - setText(findTestObject("IWP30/Page_VRelay30Emulator/Company"), CompanyName): Text '' is set on object 'Object Repository/IWP30/Page_VRelay30Emulator/Company'

2024-05-15 15:34:49 - [MESSAGE][PASSED] - Text '' is set on object 'Object Repository/IWP30/Page_VRelay30Emulator/Company'

2024-05-15 15:34:49 - [TEST_STEP][PASSED] - setText(findTestObject("IWP30/Page_VRelay30Emulator/Email"), Email): Text '' is set on object 'Object Repository/IWP30/Page_VRelay30Emulator/Email'

2024-05-15 15:34:50 - [MESSAGE][PASSED] - Text '' is set on object 'Object Repository/IWP30/Page_VRelay30Emulator/Email'

2024-05-15 15:34:50 - [TEST_STEP][PASSED] - setText(findTestObject("IWP30/Page_VRelay30Emulator/UDF1"), UDF1): Text '' is set on object 'Object Repository/IWP30/Page_VRelay30Emulator/UDF1'

2024-05-15 15:34:50 - [MESSAGE][PASSED] - Text '' is set on object 'Object Repository/IWP30/Page_VRelay30Emulator/UDF1'

2024-05-15 15:34:50 - [TEST_STEP][PASSED] - setText(findTestObject("IWP30/Page_VRelay30Emulator/UDF2"), UDF2): Text '' is set on object 'Object Repository/IWP30/Page_VRelay30Emulator/UDF2'

2024-05-15 15:34:51 - [MESSAGE][PASSED] - Text '' is set on object 'Object Repository/IWP30/Page_VRelay30Emulator/UDF2'

2024-05-15 15:34:51 - [TEST_STEP][PASSED] - setText(findTestObject("IWP30/Page_VRelay30Emulator/UDF3"), UDF3): Text '' is set on object 'Object Repository/IWP30/Page_VRelay30Emulator/UDF3'

2024-05-15 15:34:51 - [MESSAGE][PASSED] - Text '' is set on object 'Object Repository/IWP30/Page_VRelay30Emulator/UDF3'

2024-05-15 15:34:51 - [TEST_STEP][PASSED] - setText(findTestObject("IWP30/Page_VRelay30Emulator/UDF4"), UDF4): Text 'udf data 4' is set on object 'Object Repository/IWP30/Page_VRelay30Emulator/UDF4'

2024-05-15 15:34:52 - [MESSAGE][PASSED] - Text 'udf data 4' is set on object 'Object Repository/IWP30/Page_VRelay30Emulator/UDF4'

2024-05-15 15:34:52 - [TEST_STEP][PASSED] - setText(findTestObject("IWP30/Page_VRelay30Emulator/UDF5"), UDF5): Text 'udf data 5' is set on object 'Object Repository/IWP30/Page_VRelay30Emulator/UDF5'

2024-05-15 15:34:53 - [MESSAGE][PASSED] - Text 'udf data 5' is set on object 'Object Repository/IWP30/Page_VRelay30Emulator/UDF5'

2024-05-15 15:34:53 - [TEST_STEP][PASSED] - setText(findTestObject("IWP30/Page_VRelay30Emulator/UDF6"), UDF6): Text '' is set on object 'Object Repository/IWP30/Page_VRelay30Emulator/UDF6'

2024-05-15 15:34:53 - [MESSAGE][PASSED] - Text '' is set on object 'Object Repository/IWP30/Page_VRelay30Emulator/UDF6'

2024-05-15 15:34:53 - [TEST_STEP][PASSED] - setText(findTestObject("IWP30/Page_VRelay30Emulator/UDF7"), UDF7): Text '' is set on object 'Object Repository/IWP30/Page_VRelay30Emulator/UDF7'

2024-05-15 15:34:54 - [MESSAGE][PASSED] - Text '' is set on object 'Object Repository/IWP30/Page_VRelay30Emulator/UDF7'

2024-05-15 15:34:54 - [TEST_STEP][PASSED] - setText(findTestObject("IWP30/Page_VRelay30Emulator/UDF8"), UDF8): Text '' is set on object 'Object Repository/IWP30/Page_VRelay30Emulator/UDF8'

2024-05-15 15:34:54 - [MESSAGE][PASSED] - Text '' is set on object 'Object Repository/IWP30/Page_VRelay30Emulator/UDF8'

2024-05-15 15:34:54 - [TEST_STEP][PASSED] - setText(findTestObject("IWP30/Page_VRelay30Emulator/UDF9"), UDF9): Text 'udf data 9' is set on object 'Object Repository/IWP30/Page_VRelay30Emulator/UDF9'

2024-05-15 15:34:55 - [MESSAGE][PASSED] - Text 'udf data 9' is set on object 'Object Repository/IWP30/Page_VRelay30Emulator/UDF9'

2024-05-15 15:34:55 - [TEST_STEP][PASSED] - setText(findTestObject("IWP30/Page_VRelay30Emulator/UDF10"), UDF10): Text 'udf data 10' is set on object 'Object Repository/IWP30/Page_VRelay30Emulator/UDF10'

2024-05-15 15:34:56 - [MESSAGE][PASSED] - Text 'udf data 10' is set on object 'Object Repository/IWP30/Page_VRelay30Emulator/UDF10'

2024-05-15 15:34:56 - [TEST_STEP][PASSED] - Thread.sleep(5000): null

2024-05-15 15:35:01 - [TEST_STEP][PASSED] - click(findTestObject("IWP30/Page_VRelay30Emulator/Submit")): Object: 'Object Repository/IWP30/Page_VRelay30Emulator/Submit' is clicked on

2024-05-15 15:35:01 - [MESSAGE][PASSED] - Object: 'Object Repository/IWP30/Page_VRelay30Emulator/Submit' is clicked on

2024-05-15 15:35:01 - [TEST_STEP][PASSED] - closeBrowser(): Browser is closed

2024-05-15 15:35:02 - [MESSAGE][PASSED] - Browser is closed

2024-05-15 15:35:02 - [TEST_STEP][PASSED] - openBrowser(urlTestHarness): Browser is opened with url: 'https://dev-algorithm.govolution.com/vrelaytest/QA2/version_2_2/vrelaytest.html'

2024-05-15 15:35:02 - [MESSAGE][INFO] - Starting 'Chrome' driver

2024-05-15 15:35:02 - [MESSAGE][INFO] - User set preference: ['acceptInsecureCerts', 'true']

2024-05-15 15:35:02 - [MESSAGE][INFO] - Action delay is set to 0 milliseconds

2024-05-15 15:35:05 - [MESSAGE][PASSED] - Browser is opened with url: 'https://dev-algorithm.govolution.com/vrelaytest/QA2/version_2_2/vrelaytest.html'

2024-05-15 15:35:05 - [TEST_STEP][PASSED] - maximizeWindow(): Current window maximized

2024-05-15 15:35:05 - [MESSAGE][PASSED] - Current window maximized

2024-05-15 15:35:05 - [TEST_STEP][PASSED] - genRemIDVoid = RandomStringUtils.random(12, true, true): null

2024-05-15 15:35:05 - [TEST_STEP][PASSED] - if (verifyElementPresent(findTestObject("Object Repository/IWP30/Page_QATestHarness/RemittanceID"), 30)): null

2024-05-15 15:35:05 - [MESSAGE][PASSED] - Object 'Object Repository/IWP30/Page_QATestHarness/RemittanceID' is present

2024-05-15 15:35:05 - [TEST_STEP][PASSED] - println("We are on Test Harness page, start populating"): null

2024-05-15 15:35:05 - [TEST_STEP][PASSED] - setText(findTestObject("Object Repository/IWP30/Page_QATestHarness/ApplicationID"), AppID): Text '649' is set on object 'Object Repository/IWP30/Page_QATestHarness/ApplicationID'

2024-05-15 15:35:06 - [MESSAGE][PASSED] - Text '649' is set on object 'Object Repository/IWP30/Page_QATestHarness/ApplicationID'

2024-05-15 15:35:06 - [TEST_STEP][PASSED] - setText(findTestObject("Object Repository/IWP30/Page_QATestHarness/MessageVersion"), MessageVersion): Text '3.0' is set on object 'Object Repository/IWP30/Page_QATestHarness/MessageVersion'

2024-05-15 15:35:07 - [MESSAGE][PASSED] - Text '3.0' is set on object 'Object Repository/IWP30/Page_QATestHarness/MessageVersion'

2024-05-15 15:35:07 - [TEST_STEP][PASSED] - setText(findTestObject("Object Repository/IWP30/Page_QATestHarness/RemittanceID"), genRemIDVoid): Text '8jxgd4vSi0UI' is set on object 'Object Repository/IWP30/Page_QATestHarness/RemittanceID'

2024-05-15 15:35:07 - [MESSAGE][PASSED] - Text '8jxgd4vSi0UI' is set on object 'Object Repository/IWP30/Page_QATestHarness/RemittanceID'

2024-05-15 15:35:07 - [TEST_STEP][PASSED] - click(findTestObject("Object Repository/IWP30/Page_QATestHarness/SubmitButton")): Object: 'Object Repository/IWP30/Page_QATestHarness/SubmitButton' is clicked on

2024-05-15 15:35:09 - [MESSAGE][PASSED] - Object: 'Object Repository/IWP30/Page_QATestHarness/SubmitButton' is clicked on

2024-05-15 15:35:09 - [TEST_STEP][PASSED] - if (verifyElementPresent(findTestObject("Object Repository/IWP30/Page_SelectPaymentMethod/PayByCreditCard"), 30)): null

2024-05-15 15:35:09 - [MESSAGE][PASSED] - Object 'Object Repository/IWP30/Page_SelectPaymentMethod/PayByCreditCard' is present

2024-05-15 15:35:09 - [TEST_STEP][PASSED] - println("We are on Select Payment Method page, start populating"): null

2024-05-15 15:35:09 - [TEST_STEP][PASSED] - check(findTestObject("Object Repository/IWP30/Page_SelectPaymentMethod/PayByCreditCard")): Object 'Object Repository/IWP30/Page_SelectPaymentMethod/PayByCreditCard' is checked

2024-05-15 15:35:09 - [MESSAGE][PASSED] - Object 'Object Repository/IWP30/Page_SelectPaymentMethod/PayByCreditCard' is checked

2024-05-15 15:35:09 - [TEST_STEP][PASSED] - Thread.sleep(1000): null

2024-05-15 15:35:10 - [TEST_STEP][PASSED] - click(findTestObject("Object Repository/IWP30/Page_SelectPaymentMethod/MakePaymentButton")): Object: 'Object Repository/IWP30/Page_SelectPaymentMethod/MakePaymentButton' is clicked on

2024-05-15 15:35:11 - [MESSAGE][PASSED] - Object: 'Object Repository/IWP30/Page_SelectPaymentMethod/MakePaymentButton' is clicked on

2024-05-15 15:35:11 - [TEST_STEP][PASSED] - if (verifyElementPresent(findTestObject("Object Repository/IWP30/Page_CCPaymentEntry/Name"), 30)): null

2024-05-15 15:35:12 - [MESSAGE][PASSED] - Object 'Object Repository/IWP30/Page_CCPaymentEntry/Name' is present

2024-05-15 15:35:12 - [TEST_STEP][PASSED] - println("We are on Credit Card Payment Entry page, start populating"): null

2024-05-15 15:35:12 - [TEST_STEP][PASSED] - if (verifyElementPresent(findTestObject("Object Repository/IWP30/Page_CCPaymentEntry/Amount"), 30)): null

2024-05-15 15:35:12 - [MESSAGE][PASSED] - Object 'Object Repository/IWP30/Page_CCPaymentEntry/Amount' is present

2024-05-15 15:35:12 - [TEST_STEP][PASSED] - if (!(CCAmount.isEmpty())): Text '20.50' is set on object 'Object Repository/IWP30/Page_CCPaymentEntry/Amount'

2024-05-15 15:35:12 - [TEST_STEP][PASSED] - setText(findTestObject("Object Repository/IWP30/Page_CCPaymentEntry/Amount"), CCAmount): Text '20.50' is set on object 'Object Repository/IWP30/Page_CCPaymentEntry/Amount'

2024-05-15 15:35:13 - [MESSAGE][PASSED] - Text '20.50' is set on object 'Object Repository/IWP30/Page_CCPaymentEntry/Amount'

2024-05-15 15:35:13 - [TEST_STEP][PASSED] - if (verifyElementPresent(findTestObject("Object Repository/IWP30/Page_CCPaymentEntry/UserDefined2"), 30)): null

2024-05-15 15:35:13 - [MESSAGE][PASSED] - Object 'Object Repository/IWP30/Page_CCPaymentEntry/UserDefined2' is present

2024-05-15 15:35:13 - [TEST_STEP][PASSED] - if (!(CCUDF2.isEmpty())): Text 'Number 2' is set on object 'Object Repository/IWP30/Page_CCPaymentEntry/UserDefined2'

2024-05-15 15:35:13 - [TEST_STEP][PASSED] - setText(findTestObject("Object Repository/IWP30/Page_CCPaymentEntry/UserDefined2"), CCUDF2): Text 'Number 2' is set on object 'Object Repository/IWP30/Page_CCPaymentEntry/UserDefined2'

2024-05-15 15:35:14 - [MESSAGE][PASSED] - Text 'Number 2' is set on object 'Object Repository/IWP30/Page_CCPaymentEntry/UserDefined2'

2024-05-15 15:35:14 - [TEST_STEP][PASSED] - if (verifyElementPresent(findTestObject("Object Repository/IWP30/Page_CCPaymentEntry/UserDefined3"), 30)): null

2024-05-15 15:35:14 - [MESSAGE][PASSED] - Object 'Object Repository/IWP30/Page_CCPaymentEntry/UserDefined3' is present

2024-05-15 15:35:14 - [TEST_STEP][PASSED] - if (!(CCUDF3.isEmpty())): Text 'Number 3' is set on object 'Object Repository/IWP30/Page_CCPaymentEntry/UserDefined3'

2024-05-15 15:35:14 - [TEST_STEP][PASSED] - setText(findTestObject("Object Repository/IWP30/Page_CCPaymentEntry/UserDefined3"), CCUDF3): Text 'Number 3' is set on object 'Object Repository/IWP30/Page_CCPaymentEntry/UserDefined3'

2024-05-15 15:35:15 - [MESSAGE][PASSED] - Text 'Number 3' is set on object 'Object Repository/IWP30/Page_CCPaymentEntry/UserDefined3'

2024-05-15 15:35:15 - [TEST_STEP][PASSED] - if (verifyElementPresent(findTestObject("Object Repository/IWP30/Page_CCPaymentEntry/UserDefined7"), 30)): null

2024-05-15 15:35:15 - [MESSAGE][PASSED] - Object 'Object Repository/IWP30/Page_CCPaymentEntry/UserDefined7' is present

2024-05-15 15:35:15 - [TEST_STEP][PASSED] - if (!(CCUDF7.isEmpty())): All options with label 'Orange' are selected in object 'Object Repository/IWP30/Page_CCPaymentEntry/UserDefined7' 

2024-05-15 15:35:15 - [TEST_STEP][PASSED] - selectOptionByLabel(findTestObject("Object Repository/IWP30/Page_CCPaymentEntry/UserDefined7"), CCUDF7, false): All options with label 'Orange' are selected in object 'Object Repository/IWP30/Page_CCPaymentEntry/UserDefined7' 

2024-05-15 15:35:16 - [MESSAGE][PASSED] - All options with label 'Orange' are selected in object 'Object Repository/IWP30/Page_CCPaymentEntry/UserDefined7' 

2024-05-15 15:35:16 - [TEST_STEP][PASSED] - if (verifyElementPresent(findTestObject("Object Repository/IWP30/Page_CCPaymentEntry/UserDefined8"), 30)): null

2024-05-15 15:35:16 - [MESSAGE][PASSED] - Object 'Object Repository/IWP30/Page_CCPaymentEntry/UserDefined8' is present

2024-05-15 15:35:16 - [TEST_STEP][PASSED] - if (!(CCUDF8.isEmpty())): All options with label 'Tennis' are selected in object 'Object Repository/IWP30/Page_CCPaymentEntry/UserDefined8' 

2024-05-15 15:35:16 - [TEST_STEP][PASSED] - selectOptionByLabel(findTestObject("Object Repository/IWP30/Page_CCPaymentEntry/UserDefined8"), CCUDF8, false): All options with label 'Tennis' are selected in object 'Object Repository/IWP30/Page_CCPaymentEntry/UserDefined8' 

2024-05-15 15:35:17 - [MESSAGE][PASSED] - All options with label 'Tennis' are selected in object 'Object Repository/IWP30/Page_CCPaymentEntry/UserDefined8' 

2024-05-15 15:35:17 - [TEST_STEP][PASSED] - if (verifyElementPresent(findTestObject("Object Repository/IWP30/Page_CCPaymentEntry/Name"), 30)): null

2024-05-15 15:35:17 - [MESSAGE][PASSED] - Object 'Object Repository/IWP30/Page_CCPaymentEntry/Name' is present

2024-05-15 15:35:17 - [TEST_STEP][PASSED] - if (!(CCName.isEmpty())): Text 'Mera Naam' is set on object 'Object Repository/IWP30/Page_CCPaymentEntry/Name'

2024-05-15 15:35:17 - [TEST_STEP][PASSED] - setText(findTestObject("Object Repository/IWP30/Page_CCPaymentEntry/Name"), CCName): Text 'Mera Naam' is set on object 'Object Repository/IWP30/Page_CCPaymentEntry/Name'

2024-05-15 15:35:18 - [MESSAGE][PASSED] - Text 'Mera Naam' is set on object 'Object Repository/IWP30/Page_CCPaymentEntry/Name'

2024-05-15 15:35:18 - [TEST_STEP][PASSED] - if (verifyElementPresent(findTestObject("Object Repository/IWP30/Page_CCPaymentEntry/CardNumber"), 30)): null

2024-05-15 15:35:18 - [MESSAGE][PASSED] - Object 'Object Repository/IWP30/Page_CCPaymentEntry/CardNumber' is present

2024-05-15 15:35:18 - [TEST_STEP][PASSED] - if (!(CCCardNum.isEmpty())): Text '6011000000000004' is set on object 'Object Repository/IWP30/Page_CCPaymentEntry/CardNumber'

2024-05-15 15:35:18 - [TEST_STEP][PASSED] - setText(findTestObject("Object Repository/IWP30/Page_CCPaymentEntry/CardNumber"), CCCardNum): Text '6011000000000004' is set on object 'Object Repository/IWP30/Page_CCPaymentEntry/CardNumber'

2024-05-15 15:35:19 - [MESSAGE][PASSED] - Text '6011000000000004' is set on object 'Object Repository/IWP30/Page_CCPaymentEntry/CardNumber'

2024-05-15 15:35:19 - [TEST_STEP][PASSED] - if (verifyElementPresent(findTestObject("Object Repository/IWP30/Page_CCPaymentEntry/SPC"), 30)): null

2024-05-15 15:35:19 - [MESSAGE][PASSED] - Object 'Object Repository/IWP30/Page_CCPaymentEntry/SPC' is present

2024-05-15 15:35:19 - [TEST_STEP][PASSED] - if (!(CCSPC.isEmpty())): Text '123' is set on object 'Object Repository/IWP30/Page_CCPaymentEntry/SPC'

2024-05-15 15:35:19 - [TEST_STEP][PASSED] - setText(findTestObject("Object Repository/IWP30/Page_CCPaymentEntry/SPC"), CCSPC): Text '123' is set on object 'Object Repository/IWP30/Page_CCPaymentEntry/SPC'

2024-05-15 15:35:20 - [MESSAGE][PASSED] - Text '123' is set on object 'Object Repository/IWP30/Page_CCPaymentEntry/SPC'

2024-05-15 15:35:20 - [TEST_STEP][PASSED] - if (verifyElementPresent(findTestObject("Object Repository/IWP30/Page_CCPaymentEntry/Month"), 30)): null

2024-05-15 15:35:20 - [MESSAGE][PASSED] - Object 'Object Repository/IWP30/Page_CCPaymentEntry/Month' is present

2024-05-15 15:35:20 - [TEST_STEP][PASSED] - if (!(CCExpM.isEmpty())): All options with label '09' are selected in object 'Object Repository/IWP30/Page_CCPaymentEntry/Month' 

2024-05-15 15:35:20 - [TEST_STEP][PASSED] - selectOptionByLabel(findTestObject("Object Repository/IWP30/Page_CCPaymentEntry/Month"), CCExpM, false): All options with label '09' are selected in object 'Object Repository/IWP30/Page_CCPaymentEntry/Month' 

2024-05-15 15:35:21 - [MESSAGE][PASSED] - All options with label '09' are selected in object 'Object Repository/IWP30/Page_CCPaymentEntry/Month' 

2024-05-15 15:35:21 - [TEST_STEP][PASSED] - if (verifyElementPresent(findTestObject("Object Repository/IWP30/Page_CCPaymentEntry/Year"), 30)): null

2024-05-15 15:35:21 - [MESSAGE][PASSED] - Object 'Object Repository/IWP30/Page_CCPaymentEntry/Year' is present

2024-05-15 15:35:21 - [TEST_STEP][FAILED] - if (!(CCExpY.isEmpty())): Unable to select option by label '2023' of object 'Object Repository/IWP30/Page_CCPaymentEntry/Year'  (Root cause: com.kms.katalon.core.exception.StepFailedException: Unable to select option by label '2023' of object 'Object Repository/IWP30/Page_CCPaymentEntry/Year' 
	at com.kms.katalon.core.webui.keyword.internal.WebUIKeywordMain.stepFailed(WebUIKeywordMain.groovy:64)
	at com.kms.katalon.core.webui.keyword.internal.WebUIKeywordMain.runKeyword(WebUIKeywordMain.groovy:26)
	at com.kms.katalon.core.webui.keyword.builtin.SelectOptionByLabelKeyword.selectOptionByLabel(SelectOptionByLabelKeyword.groovy:98)
	at com.kms.katalon.core.webui.keyword.builtin.SelectOptionByLabelKeyword.execute(SelectOptionByLabelKeyword.groovy:71)
	at com.kms.katalon.core.keyword.internal.KeywordExecutor.executeKeywordForPlatform(KeywordExecutor.groovy:74)
	at com.kms.katalon.core.webui.keyword.WebUiBuiltInKeywords.selectOptionByLabel(WebUiBuiltInKeywords.groovy:1230)
	at com.kms.katalon.core.webui.keyword.WebUiBuiltInKeywords$selectOptionByLabel$7.call(Unknown Source)
	at PayNowReqFieldsCC.run(PayNowReqFieldsCC:476)
	at com.kms.katalon.core.main.ScriptEngine.run(ScriptEngine.java:194)
	at com.kms.katalon.core.main.ScriptEngine.runScriptAsRawText(ScriptEngine.java:119)
	at com.kms.katalon.core.main.TestCaseExecutor.runScript(TestCaseExecutor.java:448)
	at com.kms.katalon.core.main.TestCaseExecutor.doExecute(TestCaseExecutor.java:439)
	at com.kms.katalon.core.main.TestCaseExecutor.processExecutionPhase(TestCaseExecutor.java:418)
	at com.kms.katalon.core.main.TestCaseExecutor.accessMainPhase(TestCaseExecutor.java:410)
	at com.kms.katalon.core.main.TestCaseExecutor.execute(TestCaseExecutor.java:285)
	at com.kms.katalon.core.common.CommonExecutor.accessTestCaseMainPhase(CommonExecutor.java:65)
	at com.kms.katalon.core.main.TestSuiteExecutor.accessTestSuiteMainPhase(TestSuiteExecutor.java:148)
	at com.kms.katalon.core.main.TestSuiteExecutor.execute(TestSuiteExecutor.java:106)
	at com.kms.katalon.core.main.TestCaseMain.startTestSuite(TestCaseMain.java:187)
	at com.kms.katalon.core.main.TestCaseMain$startTestSuite$0.call(Unknown Source)
	at TempTestSuite1715800219174.run(TempTestSuite1715800219174.groovy:35)
Caused by: org.openqa.selenium.NoSuchElementException: Cannot locate element with text: 2023
For documentation on this error, please visit: https://www.seleniumhq.org/exceptions/no_such_element.html
Build info: version: '3.141.59', revision: 'e82be7d358', time: '2018-11-14T08:25:53'
System info: host: 'DESKTOP-B2QI6NS', ip: '172.31.253.185', os.name: 'Windows 10', os.arch: 'amd64', os.version: '10.0', java.version: '1.8.0_181'
Driver info: driver.version: unknown
	at org.openqa.selenium.support.ui.Select.selectByVisibleText(Select.java:147)
	at com.kms.katalon.core.webui.common.WebUiCommonHelper.selectOrDeselectOptionsByLabel(WebUiCommonHelper.java:310)
	at com.kms.katalon.core.webui.keyword.builtin.SelectOptionByLabelKeyword$_selectOptionByLabel_closure1.doCall(SelectOptionByLabelKeyword.groovy:87)
	at com.kms.katalon.core.webui.keyword.builtin.SelectOptionByLabelKeyword$_selectOptionByLabel_closure1.call(SelectOptionByLabelKeyword.groovy)
	at com.kms.katalon.core.webui.keyword.internal.WebUIKeywordMain.runKeyword(WebUIKeywordMain.groovy:20)
	at com.kms.katalon.core.webui.keyword.builtin.SelectOptionByLabelKeyword.selectOptionByLabel(SelectOptionByLabelKeyword.groovy:98)
	at com.kms.katalon.core.webui.keyword.builtin.SelectOptionByLabelKeyword.execute(SelectOptionByLabelKeyword.groovy:71)
	at com.kms.katalon.core.keyword.internal.KeywordExecutor.executeKeywordForPlatform(KeywordExecutor.groovy:74)
	at com.kms.katalon.core.webui.keyword.WebUiBuiltInKeywords.selectOptionByLabel(WebUiBuiltInKeywords.groovy:1230)
	at com.kms.katalon.core.webui.keyword.WebUiBuiltInKeywords$selectOptionByLabel$7.call(Unknown Source)
	at Script1593468708030.run(Script1593468708030.groovy:476)
	... 13 more
)

2024-05-15 15:35:21 - [TEST_STEP][FAILED] - selectOptionByLabel(findTestObject("Object Repository/IWP30/Page_CCPaymentEntry/Year"), CCExpY, false): Unable to select option by label '2023' of object 'Object Repository/IWP30/Page_CCPaymentEntry/Year'  (Root cause: com.kms.katalon.core.exception.StepFailedException: Unable to select option by label '2023' of object 'Object Repository/IWP30/Page_CCPaymentEntry/Year' 
	at com.kms.katalon.core.webui.keyword.internal.WebUIKeywordMain.stepFailed(WebUIKeywordMain.groovy:64)
	at com.kms.katalon.core.webui.keyword.internal.WebUIKeywordMain.runKeyword(WebUIKeywordMain.groovy:26)
	at com.kms.katalon.core.webui.keyword.builtin.SelectOptionByLabelKeyword.selectOptionByLabel(SelectOptionByLabelKeyword.groovy:98)
	at com.kms.katalon.core.webui.keyword.builtin.SelectOptionByLabelKeyword.execute(SelectOptionByLabelKeyword.groovy:71)
	at com.kms.katalon.core.keyword.internal.KeywordExecutor.executeKeywordForPlatform(KeywordExecutor.groovy:74)
	at com.kms.katalon.core.webui.keyword.WebUiBuiltInKeywords.selectOptionByLabel(WebUiBuiltInKeywords.groovy:1230)
	at com.kms.katalon.core.webui.keyword.WebUiBuiltInKeywords$selectOptionByLabel$7.call(Unknown Source)
	at PayNowReqFieldsCC.run(PayNowReqFieldsCC:476)
	at com.kms.katalon.core.main.ScriptEngine.run(ScriptEngine.java:194)
	at com.kms.katalon.core.main.ScriptEngine.runScriptAsRawText(ScriptEngine.java:119)
	at com.kms.katalon.core.main.TestCaseExecutor.runScript(TestCaseExecutor.java:448)
	at com.kms.katalon.core.main.TestCaseExecutor.doExecute(TestCaseExecutor.java:439)
	at com.kms.katalon.core.main.TestCaseExecutor.processExecutionPhase(TestCaseExecutor.java:418)
	at com.kms.katalon.core.main.TestCaseExecutor.accessMainPhase(TestCaseExecutor.java:410)
	at com.kms.katalon.core.main.TestCaseExecutor.execute(TestCaseExecutor.java:285)
	at com.kms.katalon.core.common.CommonExecutor.accessTestCaseMainPhase(CommonExecutor.java:65)
	at com.kms.katalon.core.main.TestSuiteExecutor.accessTestSuiteMainPhase(TestSuiteExecutor.java:148)
	at com.kms.katalon.core.main.TestSuiteExecutor.execute(TestSuiteExecutor.java:106)
	at com.kms.katalon.core.main.TestCaseMain.startTestSuite(TestCaseMain.java:187)
	at com.kms.katalon.core.main.TestCaseMain$startTestSuite$0.call(Unknown Source)
	at TempTestSuite1715800219174.run(TempTestSuite1715800219174.groovy:35)
Caused by: org.openqa.selenium.NoSuchElementException: Cannot locate element with text: 2023
For documentation on this error, please visit: https://www.seleniumhq.org/exceptions/no_such_element.html
Build info: version: '3.141.59', revision: 'e82be7d358', time: '2018-11-14T08:25:53'
System info: host: 'DESKTOP-B2QI6NS', ip: '172.31.253.185', os.name: 'Windows 10', os.arch: 'amd64', os.version: '10.0', java.version: '1.8.0_181'
Driver info: driver.version: unknown
	at org.openqa.selenium.support.ui.Select.selectByVisibleText(Select.java:147)
	at com.kms.katalon.core.webui.common.WebUiCommonHelper.selectOrDeselectOptionsByLabel(WebUiCommonHelper.java:310)
	at com.kms.katalon.core.webui.keyword.builtin.SelectOptionByLabelKeyword$_selectOptionByLabel_closure1.doCall(SelectOptionByLabelKeyword.groovy:87)
	at com.kms.katalon.core.webui.keyword.builtin.SelectOptionByLabelKeyword$_selectOptionByLabel_closure1.call(SelectOptionByLabelKeyword.groovy)
	at com.kms.katalon.core.webui.keyword.internal.WebUIKeywordMain.runKeyword(WebUIKeywordMain.groovy:20)
	at com.kms.katalon.core.webui.keyword.builtin.SelectOptionByLabelKeyword.selectOptionByLabel(SelectOptionByLabelKeyword.groovy:98)
	at com.kms.katalon.core.webui.keyword.builtin.SelectOptionByLabelKeyword.execute(SelectOptionByLabelKeyword.groovy:71)
	at com.kms.katalon.core.keyword.internal.KeywordExecutor.executeKeywordForPlatform(KeywordExecutor.groovy:74)
	at com.kms.katalon.core.webui.keyword.WebUiBuiltInKeywords.selectOptionByLabel(WebUiBuiltInKeywords.groovy:1230)
	at com.kms.katalon.core.webui.keyword.WebUiBuiltInKeywords$selectOptionByLabel$7.call(Unknown Source)
	at Script1593468708030.run(Script1593468708030.groovy:476)
	... 13 more
)

2024-05-15 15:35:22 - [MESSAGE][FAILED] - Unable to select option by label '2023' of object 'Object Repository/IWP30/Page_CCPaymentEntry/Year'  (Root cause: com.kms.katalon.core.exception.StepFailedException: Unable to select option by label '2023' of object 'Object Repository/IWP30/Page_CCPaymentEntry/Year' 
	at com.kms.katalon.core.webui.keyword.internal.WebUIKeywordMain.stepFailed(WebUIKeywordMain.groovy:64)
	at com.kms.katalon.core.webui.keyword.internal.WebUIKeywordMain.runKeyword(WebUIKeywordMain.groovy:26)
	at com.kms.katalon.core.webui.keyword.builtin.SelectOptionByLabelKeyword.selectOptionByLabel(SelectOptionByLabelKeyword.groovy:98)
	at com.kms.katalon.core.webui.keyword.builtin.SelectOptionByLabelKeyword.execute(SelectOptionByLabelKeyword.groovy:71)
	at com.kms.katalon.core.keyword.internal.KeywordExecutor.executeKeywordForPlatform(KeywordExecutor.groovy:74)
	at com.kms.katalon.core.webui.keyword.WebUiBuiltInKeywords.selectOptionByLabel(WebUiBuiltInKeywords.groovy:1230)
	at com.kms.katalon.core.webui.keyword.WebUiBuiltInKeywords$selectOptionByLabel$7.call(Unknown Source)
	at PayNowReqFieldsCC.run(PayNowReqFieldsCC:476)
	at com.kms.katalon.core.main.ScriptEngine.run(ScriptEngine.java:194)
	at com.kms.katalon.core.main.ScriptEngine.runScriptAsRawText(ScriptEngine.java:119)
	at com.kms.katalon.core.main.TestCaseExecutor.runScript(TestCaseExecutor.java:448)
	at com.kms.katalon.core.main.TestCaseExecutor.doExecute(TestCaseExecutor.java:439)
	at com.kms.katalon.core.main.TestCaseExecutor.processExecutionPhase(TestCaseExecutor.java:418)
	at com.kms.katalon.core.main.TestCaseExecutor.accessMainPhase(TestCaseExecutor.java:410)
	at com.kms.katalon.core.main.TestCaseExecutor.execute(TestCaseExecutor.java:285)
	at com.kms.katalon.core.common.CommonExecutor.accessTestCaseMainPhase(CommonExecutor.java:65)
	at com.kms.katalon.core.main.TestSuiteExecutor.accessTestSuiteMainPhase(TestSuiteExecutor.java:148)
	at com.kms.katalon.core.main.TestSuiteExecutor.execute(TestSuiteExecutor.java:106)
	at com.kms.katalon.core.main.TestCaseMain.startTestSuite(TestCaseMain.java:187)
	at com.kms.katalon.core.main.TestCaseMain$startTestSuite$0.call(Unknown Source)
	at TempTestSuite1715800219174.run(TempTestSuite1715800219174.groovy:35)
Caused by: org.openqa.selenium.NoSuchElementException: Cannot locate element with text: 2023
For documentation on this error, please visit: https://www.seleniumhq.org/exceptions/no_such_element.html
Build info: version: '3.141.59', revision: 'e82be7d358', time: '2018-11-14T08:25:53'
System info: host: 'DESKTOP-B2QI6NS', ip: '172.31.253.185', os.name: 'Windows 10', os.arch: 'amd64', os.version: '10.0', java.version: '1.8.0_181'
Driver info: driver.version: unknown
	at org.openqa.selenium.support.ui.Select.selectByVisibleText(Select.java:147)
	at com.kms.katalon.core.webui.common.WebUiCommonHelper.selectOrDeselectOptionsByLabel(WebUiCommonHelper.java:310)
	at com.kms.katalon.core.webui.keyword.builtin.SelectOptionByLabelKeyword$_selectOptionByLabel_closure1.doCall(SelectOptionByLabelKeyword.groovy:87)
	at com.kms.katalon.core.webui.keyword.builtin.SelectOptionByLabelKeyword$_selectOptionByLabel_closure1.call(SelectOptionByLabelKeyword.groovy)
	at com.kms.katalon.core.webui.keyword.internal.WebUIKeywordMain.runKeyword(WebUIKeywordMain.groovy:20)
	at com.kms.katalon.core.webui.keyword.builtin.SelectOptionByLabelKeyword.selectOptionByLabel(SelectOptionByLabelKeyword.groovy:98)
	at com.kms.katalon.core.webui.keyword.builtin.SelectOptionByLabelKeyword.execute(SelectOptionByLabelKeyword.groovy:71)
	at com.kms.katalon.core.keyword.internal.KeywordExecutor.executeKeywordForPlatform(KeywordExecutor.groovy:74)
	at com.kms.katalon.core.webui.keyword.WebUiBuiltInKeywords.selectOptionByLabel(WebUiBuiltInKeywords.groovy:1230)
	at com.kms.katalon.core.webui.keyword.WebUiBuiltInKeywords$selectOptionByLabel$7.call(Unknown Source)
	at Script1593468708030.run(Script1593468708030.groovy:476)
	... 13 more
)
[[ATTACHMENT|E:\\Cloned-Project-Katalon\\VPS-Katalon\\Reports\\20240515_151019\\QA\\IWP3.0\\IWP30 Smoke TestSuite\\20240515_151019\\1715801721978.png]]

2024-05-15 15:35:22 - [TEST_STEP][PASSED] - if (verifyElementPresent(findTestObject("Object Repository/IWP30/Page_CCPaymentEntry/ProcessDate"), 30)): null

2024-05-15 15:35:23 - [MESSAGE][PASSED] - Object 'Object Repository/IWP30/Page_CCPaymentEntry/ProcessDate' is present

2024-05-15 15:35:23 - [TEST_STEP][PASSED] - if (!(CCDate.isEmpty())): null

2024-05-15 15:35:23 - [TEST_STEP][PASSED] - else: null

2024-05-15 15:35:23 - [TEST_STEP][PASSED] - println("CCDate is not present in the Excel Spreadsheet"): null

2024-05-15 15:35:23 - [TEST_STEP][PASSED] - if (verifyElementPresent(findTestObject("Object Repository/IWP30/Page_CCPaymentEntry/AL1"), 30)): null

2024-05-15 15:35:23 - [MESSAGE][PASSED] - Object 'Object Repository/IWP30/Page_CCPaymentEntry/AL1' is present

2024-05-15 15:35:23 - [TEST_STEP][PASSED] - if (!(CCAL1.isEmpty())): Text 'Mera AL1' is set on object 'Object Repository/IWP30/Page_CCPaymentEntry/AL1'

2024-05-15 15:35:23 - [TEST_STEP][PASSED] - setText(findTestObject("Object Repository/IWP30/Page_CCPaymentEntry/AL1"), CCAL1): Text 'Mera AL1' is set on object 'Object Repository/IWP30/Page_CCPaymentEntry/AL1'

2024-05-15 15:35:23 - [MESSAGE][PASSED] - Text 'Mera AL1' is set on object 'Object Repository/IWP30/Page_CCPaymentEntry/AL1'

2024-05-15 15:35:23 - [TEST_STEP][PASSED] - if (verifyElementPresent(findTestObject("Object Repository/IWP30/Page_CCPaymentEntry/AL2"), 30)): null

2024-05-15 15:35:24 - [MESSAGE][PASSED] - Object 'Object Repository/IWP30/Page_CCPaymentEntry/AL2' is present

2024-05-15 15:35:24 - [TEST_STEP][PASSED] - if (!(CCAL2.isEmpty())): Text 'Mera AL2' is set on object 'Object Repository/IWP30/Page_CCPaymentEntry/AL2'

2024-05-15 15:35:24 - [TEST_STEP][PASSED] - setText(findTestObject("Object Repository/IWP30/Page_CCPaymentEntry/AL2"), CCAL2): Text 'Mera AL2' is set on object 'Object Repository/IWP30/Page_CCPaymentEntry/AL2'

2024-05-15 15:35:24 - [MESSAGE][PASSED] - Text 'Mera AL2' is set on object 'Object Repository/IWP30/Page_CCPaymentEntry/AL2'

2024-05-15 15:35:24 - [TEST_STEP][PASSED] - if (verifyElementPresent(findTestObject("Object Repository/IWP30/Page_CCPaymentEntry/ZIP"), 30)): null

2024-05-15 15:35:25 - [MESSAGE][PASSED] - Object 'Object Repository/IWP30/Page_CCPaymentEntry/ZIP' is present

2024-05-15 15:35:25 - [TEST_STEP][PASSED] - if (!(CCZIP.isEmpty())): Text '21054' is set on object 'Object Repository/IWP30/Page_CCPaymentEntry/ZIP'

2024-05-15 15:35:25 - [TEST_STEP][PASSED] - setText(findTestObject("Object Repository/IWP30/Page_CCPaymentEntry/ZIP"), CCZIP): Text '21054' is set on object 'Object Repository/IWP30/Page_CCPaymentEntry/ZIP'

2024-05-15 15:35:25 - [MESSAGE][PASSED] - Text '21054' is set on object 'Object Repository/IWP30/Page_CCPaymentEntry/ZIP'

2024-05-15 15:35:25 - [TEST_STEP][PASSED] - if (verifyElementPresent(findTestObject("Object Repository/IWP30/Page_CCPaymentEntry/EmailAddress"), 30)): null

2024-05-15 15:35:26 - [MESSAGE][PASSED] - Object 'Object Repository/IWP30/Page_CCPaymentEntry/EmailAddress' is present

2024-05-15 15:35:26 - [TEST_STEP][PASSED] - if (!(CCEmail.isEmpty())): Text 'merae@gmail.com' is set on object 'Object Repository/IWP30/Page_CCPaymentEntry/EmailAddress'

2024-05-15 15:35:26 - [TEST_STEP][PASSED] - setText(findTestObject("Object Repository/IWP30/Page_CCPaymentEntry/EmailAddress"), CCEmail): Text 'merae@gmail.com' is set on object 'Object Repository/IWP30/Page_CCPaymentEntry/EmailAddress'

2024-05-15 15:35:26 - [MESSAGE][PASSED] - Text 'merae@gmail.com' is set on object 'Object Repository/IWP30/Page_CCPaymentEntry/EmailAddress'

2024-05-15 15:35:26 - [TEST_STEP][PASSED] - if (verifyElementPresent(findTestObject("Object Repository/IWP30/Page_CCPaymentEntry/TermCondCheckBox"), 30)): null

2024-05-15 15:35:27 - [MESSAGE][PASSED] - Object 'Object Repository/IWP30/Page_CCPaymentEntry/TermCondCheckBox' is present

2024-05-15 15:35:27 - [TEST_STEP][PASSED] - check(findTestObject("Object Repository/IWP30/Page_CCPaymentEntry/TermCondCheckBox")): Object 'Object Repository/IWP30/Page_CCPaymentEntry/TermCondCheckBox' is checked

2024-05-15 15:35:27 - [MESSAGE][PASSED] - Object 'Object Repository/IWP30/Page_CCPaymentEntry/TermCondCheckBox' is checked

2024-05-15 15:35:27 - [TEST_STEP][PASSED] - if (verifyElementPresent(findTestObject("Object Repository/IWP30/Page_CCPaymentEntry/ContinueButton"), 30)): null

2024-05-15 15:35:27 - [MESSAGE][PASSED] - Object 'Object Repository/IWP30/Page_CCPaymentEntry/ContinueButton' is present

2024-05-15 15:35:27 - [TEST_STEP][PASSED] - click(findTestObject("Object Repository/IWP30/Page_CCPaymentEntry/ContinueButton")): Object: 'Object Repository/IWP30/Page_CCPaymentEntry/ContinueButton' is clicked on

2024-05-15 15:35:29 - [MESSAGE][PASSED] - Object: 'Object Repository/IWP30/Page_CCPaymentEntry/ContinueButton' is clicked on

2024-05-15 15:35:29 - [TEST_STEP][FAILED] - if (verifyTextPresent("Please verify the following information", false)): Text 'Please verify the following information' is not present on page  (Root cause: com.kms.katalon.core.exception.StepFailedException: Text 'Please verify the following information' is not present on page 
	at com.kms.katalon.core.webui.keyword.internal.WebUIKeywordMain.stepFailed(WebUIKeywordMain.groovy:64)
	at com.kms.katalon.core.webui.keyword.builtin.VerifyTextPresentKeyword$_verifyTextPresent_closure1.doCall(VerifyTextPresentKeyword.groovy:79)
	at com.kms.katalon.core.webui.keyword.builtin.VerifyTextPresentKeyword$_verifyTextPresent_closure1.call(VerifyTextPresentKeyword.groovy)
	at com.kms.katalon.core.webui.keyword.internal.WebUIKeywordMain.runKeyword(WebUIKeywordMain.groovy:20)
	at com.kms.katalon.core.webui.keyword.builtin.VerifyTextPresentKeyword.verifyTextPresent(VerifyTextPresentKeyword.groovy:83)
	at com.kms.katalon.core.webui.keyword.builtin.VerifyTextPresentKeyword.execute(VerifyTextPresentKeyword.groovy:68)
	at com.kms.katalon.core.keyword.internal.KeywordExecutor.executeKeywordForPlatform(KeywordExecutor.groovy:74)
	at com.kms.katalon.core.webui.keyword.WebUiBuiltInKeywords.verifyTextPresent(WebUiBuiltInKeywords.groovy:1723)
	at com.kms.katalon.core.webui.keyword.WebUiBuiltInKeywords$verifyTextPresent$8.call(Unknown Source)
	at PayNowReqFieldsCC.run(PayNowReqFieldsCC:573)
	at com.kms.katalon.core.main.ScriptEngine.run(ScriptEngine.java:194)
	at com.kms.katalon.core.main.ScriptEngine.runScriptAsRawText(ScriptEngine.java:119)
	at com.kms.katalon.core.main.TestCaseExecutor.runScript(TestCaseExecutor.java:448)
	at com.kms.katalon.core.main.TestCaseExecutor.doExecute(TestCaseExecutor.java:439)
	at com.kms.katalon.core.main.TestCaseExecutor.processExecutionPhase(TestCaseExecutor.java:418)
	at com.kms.katalon.core.main.TestCaseExecutor.accessMainPhase(TestCaseExecutor.java:410)
	at com.kms.katalon.core.main.TestCaseExecutor.execute(TestCaseExecutor.java:285)
	at com.kms.katalon.core.common.CommonExecutor.accessTestCaseMainPhase(CommonExecutor.java:65)
	at com.kms.katalon.core.main.TestSuiteExecutor.accessTestSuiteMainPhase(TestSuiteExecutor.java:148)
	at com.kms.katalon.core.main.TestSuiteExecutor.execute(TestSuiteExecutor.java:106)
	at com.kms.katalon.core.main.TestCaseMain.startTestSuite(TestCaseMain.java:187)
	at com.kms.katalon.core.main.TestCaseMain$startTestSuite$0.call(Unknown Source)
	at TempTestSuite1715800219174.run(TempTestSuite1715800219174.groovy:35)
)

2024-05-15 15:35:29 - [MESSAGE][FAILED] - Text 'Please verify the following information' is not present on page  (Root cause: com.kms.katalon.core.exception.StepFailedException: Text 'Please verify the following information' is not present on page 
	at com.kms.katalon.core.webui.keyword.internal.WebUIKeywordMain.stepFailed(WebUIKeywordMain.groovy:64)
	at com.kms.katalon.core.webui.keyword.builtin.VerifyTextPresentKeyword$_verifyTextPresent_closure1.doCall(VerifyTextPresentKeyword.groovy:79)
	at com.kms.katalon.core.webui.keyword.builtin.VerifyTextPresentKeyword$_verifyTextPresent_closure1.call(VerifyTextPresentKeyword.groovy)
	at com.kms.katalon.core.webui.keyword.internal.WebUIKeywordMain.runKeyword(WebUIKeywordMain.groovy:20)
	at com.kms.katalon.core.webui.keyword.builtin.VerifyTextPresentKeyword.verifyTextPresent(VerifyTextPresentKeyword.groovy:83)
	at com.kms.katalon.core.webui.keyword.builtin.VerifyTextPresentKeyword.execute(VerifyTextPresentKeyword.groovy:68)
	at com.kms.katalon.core.keyword.internal.KeywordExecutor.executeKeywordForPlatform(KeywordExecutor.groovy:74)
	at com.kms.katalon.core.webui.keyword.WebUiBuiltInKeywords.verifyTextPresent(WebUiBuiltInKeywords.groovy:1723)
	at com.kms.katalon.core.webui.keyword.WebUiBuiltInKeywords$verifyTextPresent$8.call(Unknown Source)
	at PayNowReqFieldsCC.run(PayNowReqFieldsCC:573)
	at com.kms.katalon.core.main.ScriptEngine.run(ScriptEngine.java:194)
	at com.kms.katalon.core.main.ScriptEngine.runScriptAsRawText(ScriptEngine.java:119)
	at com.kms.katalon.core.main.TestCaseExecutor.runScript(TestCaseExecutor.java:448)
	at com.kms.katalon.core.main.TestCaseExecutor.doExecute(TestCaseExecutor.java:439)
	at com.kms.katalon.core.main.TestCaseExecutor.processExecutionPhase(TestCaseExecutor.java:418)
	at com.kms.katalon.core.main.TestCaseExecutor.accessMainPhase(TestCaseExecutor.java:410)
	at com.kms.katalon.core.main.TestCaseExecutor.execute(TestCaseExecutor.java:285)
	at com.kms.katalon.core.common.CommonExecutor.accessTestCaseMainPhase(CommonExecutor.java:65)
	at com.kms.katalon.core.main.TestSuiteExecutor.accessTestSuiteMainPhase(TestSuiteExecutor.java:148)
	at com.kms.katalon.core.main.TestSuiteExecutor.execute(TestSuiteExecutor.java:106)
	at com.kms.katalon.core.main.TestCaseMain.startTestSuite(TestCaseMain.java:187)
	at com.kms.katalon.core.main.TestCaseMain$startTestSuite$0.call(Unknown Source)
	at TempTestSuite1715800219174.run(TempTestSuite1715800219174.groovy:35)
)

2024-05-15 15:35:29 - [TEST_STEP][PASSED] - else: null

2024-05-15 15:35:29 - [TEST_STEP][FAILED] - if (verifyTextPresent("Is this information correct?", false)): Text 'Is this information correct?' is not present on page  (Root cause: com.kms.katalon.core.exception.StepFailedException: Text 'Is this information correct?' is not present on page 
	at com.kms.katalon.core.webui.keyword.internal.WebUIKeywordMain.stepFailed(WebUIKeywordMain.groovy:64)
	at com.kms.katalon.core.webui.keyword.builtin.VerifyTextPresentKeyword$_verifyTextPresent_closure1.doCall(VerifyTextPresentKeyword.groovy:79)
	at com.kms.katalon.core.webui.keyword.builtin.VerifyTextPresentKeyword$_verifyTextPresent_closure1.call(VerifyTextPresentKeyword.groovy)
	at com.kms.katalon.core.webui.keyword.internal.WebUIKeywordMain.runKeyword(WebUIKeywordMain.groovy:20)
	at com.kms.katalon.core.webui.keyword.builtin.VerifyTextPresentKeyword.verifyTextPresent(VerifyTextPresentKeyword.groovy:83)
	at com.kms.katalon.core.webui.keyword.builtin.VerifyTextPresentKeyword.execute(VerifyTextPresentKeyword.groovy:68)
	at com.kms.katalon.core.keyword.internal.KeywordExecutor.executeKeywordForPlatform(KeywordExecutor.groovy:74)
	at com.kms.katalon.core.webui.keyword.WebUiBuiltInKeywords.verifyTextPresent(WebUiBuiltInKeywords.groovy:1723)
	at com.kms.katalon.core.webui.keyword.WebUiBuiltInKeywords$verifyTextPresent$8.call(Unknown Source)
	at PayNowReqFieldsCC.run(PayNowReqFieldsCC:581)
	at com.kms.katalon.core.main.ScriptEngine.run(ScriptEngine.java:194)
	at com.kms.katalon.core.main.ScriptEngine.runScriptAsRawText(ScriptEngine.java:119)
	at com.kms.katalon.core.main.TestCaseExecutor.runScript(TestCaseExecutor.java:448)
	at com.kms.katalon.core.main.TestCaseExecutor.doExecute(TestCaseExecutor.java:439)
	at com.kms.katalon.core.main.TestCaseExecutor.processExecutionPhase(TestCaseExecutor.java:418)
	at com.kms.katalon.core.main.TestCaseExecutor.accessMainPhase(TestCaseExecutor.java:410)
	at com.kms.katalon.core.main.TestCaseExecutor.execute(TestCaseExecutor.java:285)
	at com.kms.katalon.core.common.CommonExecutor.accessTestCaseMainPhase(CommonExecutor.java:65)
	at com.kms.katalon.core.main.TestSuiteExecutor.accessTestSuiteMainPhase(TestSuiteExecutor.java:148)
	at com.kms.katalon.core.main.TestSuiteExecutor.execute(TestSuiteExecutor.java:106)
	at com.kms.katalon.core.main.TestCaseMain.startTestSuite(TestCaseMain.java:187)
	at com.kms.katalon.core.main.TestCaseMain$startTestSuite$0.call(Unknown Source)
	at TempTestSuite1715800219174.run(TempTestSuite1715800219174.groovy:35)
)

2024-05-15 15:35:30 - [MESSAGE][FAILED] - Text 'Is this information correct?' is not present on page  (Root cause: com.kms.katalon.core.exception.StepFailedException: Text 'Is this information correct?' is not present on page 
	at com.kms.katalon.core.webui.keyword.internal.WebUIKeywordMain.stepFailed(WebUIKeywordMain.groovy:64)
	at com.kms.katalon.core.webui.keyword.builtin.VerifyTextPresentKeyword$_verifyTextPresent_closure1.doCall(VerifyTextPresentKeyword.groovy:79)
	at com.kms.katalon.core.webui.keyword.builtin.VerifyTextPresentKeyword$_verifyTextPresent_closure1.call(VerifyTextPresentKeyword.groovy)
	at com.kms.katalon.core.webui.keyword.internal.WebUIKeywordMain.runKeyword(WebUIKeywordMain.groovy:20)
	at com.kms.katalon.core.webui.keyword.builtin.VerifyTextPresentKeyword.verifyTextPresent(VerifyTextPresentKeyword.groovy:83)
	at com.kms.katalon.core.webui.keyword.builtin.VerifyTextPresentKeyword.execute(VerifyTextPresentKeyword.groovy:68)
	at com.kms.katalon.core.keyword.internal.KeywordExecutor.executeKeywordForPlatform(KeywordExecutor.groovy:74)
	at com.kms.katalon.core.webui.keyword.WebUiBuiltInKeywords.verifyTextPresent(WebUiBuiltInKeywords.groovy:1723)
	at com.kms.katalon.core.webui.keyword.WebUiBuiltInKeywords$verifyTextPresent$8.call(Unknown Source)
	at PayNowReqFieldsCC.run(PayNowReqFieldsCC:581)
	at com.kms.katalon.core.main.ScriptEngine.run(ScriptEngine.java:194)
	at com.kms.katalon.core.main.ScriptEngine.runScriptAsRawText(ScriptEngine.java:119)
	at com.kms.katalon.core.main.TestCaseExecutor.runScript(TestCaseExecutor.java:448)
	at com.kms.katalon.core.main.TestCaseExecutor.doExecute(TestCaseExecutor.java:439)
	at com.kms.katalon.core.main.TestCaseExecutor.processExecutionPhase(TestCaseExecutor.java:418)
	at com.kms.katalon.core.main.TestCaseExecutor.accessMainPhase(TestCaseExecutor.java:410)
	at com.kms.katalon.core.main.TestCaseExecutor.execute(TestCaseExecutor.java:285)
	at com.kms.katalon.core.common.CommonExecutor.accessTestCaseMainPhase(CommonExecutor.java:65)
	at com.kms.katalon.core.main.TestSuiteExecutor.accessTestSuiteMainPhase(TestSuiteExecutor.java:148)
	at com.kms.katalon.core.main.TestSuiteExecutor.execute(TestSuiteExecutor.java:106)
	at com.kms.katalon.core.main.TestCaseMain.startTestSuite(TestCaseMain.java:187)
	at com.kms.katalon.core.main.TestCaseMain$startTestSuite$0.call(Unknown Source)
	at TempTestSuite1715800219174.run(TempTestSuite1715800219174.groovy:35)
)

2024-05-15 15:35:30 - [TEST_STEP][PASSED] - else: null

2024-05-15 15:35:30 - [TEST_STEP][PASSED] - println("Is this information correct text is not present on the Confirmation page"): null

2024-05-15 15:35:30 - [TEST_STEP][FAILED] - if (verifyElementPresent(findTestObject("Object Repository/IWP30/Page_Confirmation/ConfirmButton"), 30)): com.kms.katalon.core.webui.exception.WebElementNotFoundException: Web element with id: 'Object Repository/IWP30/Page_Confirmation/ConfirmButton' located by '//*[@type = 'submit' and @name = 'confirmNotifyAction' and @id = 'submitYes' and @value = 'Confirm']' not found (Root cause: com.kms.katalon.core.exception.StepFailedException: com.kms.katalon.core.webui.exception.WebElementNotFoundException: Web element with id: 'Object Repository/IWP30/Page_Confirmation/ConfirmButton' located by '//*[@type = 'submit' and @name = 'confirmNotifyAction' and @id = 'submitYes' and @value = 'Confirm']' not found
	at com.kms.katalon.core.webui.keyword.internal.WebUIKeywordMain.stepFailed(WebUIKeywordMain.groovy:64)
	at com.kms.katalon.core.webui.keyword.builtin.VerifyElementPresentKeyword$_verifyElementPresent_closure1.doCall(VerifyElementPresentKeyword.groovy:85)
	at com.kms.katalon.core.webui.keyword.builtin.VerifyElementPresentKeyword$_verifyElementPresent_closure1.call(VerifyElementPresentKeyword.groovy)
	at com.kms.katalon.core.webui.keyword.internal.WebUIKeywordMain.runKeyword(WebUIKeywordMain.groovy:20)
	at com.kms.katalon.core.webui.keyword.builtin.VerifyElementPresentKeyword.verifyElementPresent(VerifyElementPresentKeyword.groovy:92)
	at com.kms.katalon.core.webui.keyword.builtin.VerifyElementPresentKeyword.execute(VerifyElementPresentKeyword.groovy:68)
	at com.kms.katalon.core.keyword.internal.KeywordExecutor.executeKeywordForPlatform(KeywordExecutor.groovy:74)
	at com.kms.katalon.core.webui.keyword.WebUiBuiltInKeywords.verifyElementPresent(WebUiBuiltInKeywords.groovy:1464)
	at com.kms.katalon.core.webui.keyword.WebUiBuiltInKeywords$verifyElementPresent$5.call(Unknown Source)
	at PayNowReqFieldsCC.run(PayNowReqFieldsCC:589)
	at com.kms.katalon.core.main.ScriptEngine.run(ScriptEngine.java:194)
	at com.kms.katalon.core.main.ScriptEngine.runScriptAsRawText(ScriptEngine.java:119)
	at com.kms.katalon.core.main.TestCaseExecutor.runScript(TestCaseExecutor.java:448)
	at com.kms.katalon.core.main.TestCaseExecutor.doExecute(TestCaseExecutor.java:439)
	at com.kms.katalon.core.main.TestCaseExecutor.processExecutionPhase(TestCaseExecutor.java:418)
	at com.kms.katalon.core.main.TestCaseExecutor.accessMainPhase(TestCaseExecutor.java:410)
	at com.kms.katalon.core.main.TestCaseExecutor.execute(TestCaseExecutor.java:285)
	at com.kms.katalon.core.common.CommonExecutor.accessTestCaseMainPhase(CommonExecutor.java:65)
	at com.kms.katalon.core.main.TestSuiteExecutor.accessTestSuiteMainPhase(TestSuiteExecutor.java:148)
	at com.kms.katalon.core.main.TestSuiteExecutor.execute(TestSuiteExecutor.java:106)
	at com.kms.katalon.core.main.TestCaseMain.startTestSuite(TestCaseMain.java:187)
	at com.kms.katalon.core.main.TestCaseMain$startTestSuite$0.call(Unknown Source)
	at TempTestSuite1715800219174.run(TempTestSuite1715800219174.groovy:35)
)

2024-05-15 15:36:01 - [MESSAGE][INFO] - Unable to find the element located by 'By.xpath: //*[@type = 'submit' and @name = 'confirmNotifyAction' and @id = 'submitYes' and @value = 'Confirm']'. Please recheck the objects properties to make sure the desired element is located. 

2024-05-15 15:36:02 - [MESSAGE][FAILED] - com.kms.katalon.core.webui.exception.WebElementNotFoundException: Web element with id: 'Object Repository/IWP30/Page_Confirmation/ConfirmButton' located by '//*[@type = 'submit' and @name = 'confirmNotifyAction' and @id = 'submitYes' and @value = 'Confirm']' not found (Root cause: com.kms.katalon.core.exception.StepFailedException: com.kms.katalon.core.webui.exception.WebElementNotFoundException: Web element with id: 'Object Repository/IWP30/Page_Confirmation/ConfirmButton' located by '//*[@type = 'submit' and @name = 'confirmNotifyAction' and @id = 'submitYes' and @value = 'Confirm']' not found
	at com.kms.katalon.core.webui.keyword.internal.WebUIKeywordMain.stepFailed(WebUIKeywordMain.groovy:64)
	at com.kms.katalon.core.webui.keyword.builtin.VerifyElementPresentKeyword$_verifyElementPresent_closure1.doCall(VerifyElementPresentKeyword.groovy:85)
	at com.kms.katalon.core.webui.keyword.builtin.VerifyElementPresentKeyword$_verifyElementPresent_closure1.call(VerifyElementPresentKeyword.groovy)
	at com.kms.katalon.core.webui.keyword.internal.WebUIKeywordMain.runKeyword(WebUIKeywordMain.groovy:20)
	at com.kms.katalon.core.webui.keyword.builtin.VerifyElementPresentKeyword.verifyElementPresent(VerifyElementPresentKeyword.groovy:92)
	at com.kms.katalon.core.webui.keyword.builtin.VerifyElementPresentKeyword.execute(VerifyElementPresentKeyword.groovy:68)
	at com.kms.katalon.core.keyword.internal.KeywordExecutor.executeKeywordForPlatform(KeywordExecutor.groovy:74)
	at com.kms.katalon.core.webui.keyword.WebUiBuiltInKeywords.verifyElementPresent(WebUiBuiltInKeywords.groovy:1464)
	at com.kms.katalon.core.webui.keyword.WebUiBuiltInKeywords$verifyElementPresent$5.call(Unknown Source)
	at PayNowReqFieldsCC.run(PayNowReqFieldsCC:589)
	at com.kms.katalon.core.main.ScriptEngine.run(ScriptEngine.java:194)
	at com.kms.katalon.core.main.ScriptEngine.runScriptAsRawText(ScriptEngine.java:119)
	at com.kms.katalon.core.main.TestCaseExecutor.runScript(TestCaseExecutor.java:448)
	at com.kms.katalon.core.main.TestCaseExecutor.doExecute(TestCaseExecutor.java:439)
	at com.kms.katalon.core.main.TestCaseExecutor.processExecutionPhase(TestCaseExecutor.java:418)
	at com.kms.katalon.core.main.TestCaseExecutor.accessMainPhase(TestCaseExecutor.java:410)
	at com.kms.katalon.core.main.TestCaseExecutor.execute(TestCaseExecutor.java:285)
	at com.kms.katalon.core.common.CommonExecutor.accessTestCaseMainPhase(CommonExecutor.java:65)
	at com.kms.katalon.core.main.TestSuiteExecutor.accessTestSuiteMainPhase(TestSuiteExecutor.java:148)
	at com.kms.katalon.core.main.TestSuiteExecutor.execute(TestSuiteExecutor.java:106)
	at com.kms.katalon.core.main.TestCaseMain.startTestSuite(TestCaseMain.java:187)
	at com.kms.katalon.core.main.TestCaseMain$startTestSuite$0.call(Unknown Source)
	at TempTestSuite1715800219174.run(TempTestSuite1715800219174.groovy:35)
)
[[ATTACHMENT|E:\\Cloned-Project-Katalon\\VPS-Katalon\\Reports\\20240515_151019\\QA\\IWP3.0\\IWP30 Smoke TestSuite\\20240515_151019\\1715801761545.png]]

2024-05-15 15:36:02 - [TEST_STEP][PASSED] - else: null

2024-05-15 15:36:02 - [TEST_STEP][PASSED] - println("Confirm button is missing on the Confirmation page"): null

2024-05-15 15:36:02 - [TEST_STEP][PASSED] - Thread.sleep(10000): null

2024-05-15 15:36:12 - [TEST_STEP][FAILED] - if (verifyTextPresent("Successful Payment Receipt", false)): Text 'Successful Payment Receipt' is not present on page  (Root cause: com.kms.katalon.core.exception.StepFailedException: Text 'Successful Payment Receipt' is not present on page 
	at com.kms.katalon.core.webui.keyword.internal.WebUIKeywordMain.stepFailed(WebUIKeywordMain.groovy:64)
	at com.kms.katalon.core.webui.keyword.builtin.VerifyTextPresentKeyword$_verifyTextPresent_closure1.doCall(VerifyTextPresentKeyword.groovy:79)
	at com.kms.katalon.core.webui.keyword.builtin.VerifyTextPresentKeyword$_verifyTextPresent_closure1.call(VerifyTextPresentKeyword.groovy)
	at com.kms.katalon.core.webui.keyword.internal.WebUIKeywordMain.runKeyword(WebUIKeywordMain.groovy:20)
	at com.kms.katalon.core.webui.keyword.builtin.VerifyTextPresentKeyword.verifyTextPresent(VerifyTextPresentKeyword.groovy:83)
	at com.kms.katalon.core.webui.keyword.builtin.VerifyTextPresentKeyword.execute(VerifyTextPresentKeyword.groovy:68)
	at com.kms.katalon.core.keyword.internal.KeywordExecutor.executeKeywordForPlatform(KeywordExecutor.groovy:74)
	at com.kms.katalon.core.webui.keyword.WebUiBuiltInKeywords.verifyTextPresent(WebUiBuiltInKeywords.groovy:1723)
	at com.kms.katalon.core.webui.keyword.WebUiBuiltInKeywords$verifyTextPresent$8.call(Unknown Source)
	at PayNowReqFieldsCC.run(PayNowReqFieldsCC:604)
	at com.kms.katalon.core.main.ScriptEngine.run(ScriptEngine.java:194)
	at com.kms.katalon.core.main.ScriptEngine.runScriptAsRawText(ScriptEngine.java:119)
	at com.kms.katalon.core.main.TestCaseExecutor.runScript(TestCaseExecutor.java:448)
	at com.kms.katalon.core.main.TestCaseExecutor.doExecute(TestCaseExecutor.java:439)
	at com.kms.katalon.core.main.TestCaseExecutor.processExecutionPhase(TestCaseExecutor.java:418)
	at com.kms.katalon.core.main.TestCaseExecutor.accessMainPhase(TestCaseExecutor.java:410)
	at com.kms.katalon.core.main.TestCaseExecutor.execute(TestCaseExecutor.java:285)
	at com.kms.katalon.core.common.CommonExecutor.accessTestCaseMainPhase(CommonExecutor.java:65)
	at com.kms.katalon.core.main.TestSuiteExecutor.accessTestSuiteMainPhase(TestSuiteExecutor.java:148)
	at com.kms.katalon.core.main.TestSuiteExecutor.execute(TestSuiteExecutor.java:106)
	at com.kms.katalon.core.main.TestCaseMain.startTestSuite(TestCaseMain.java:187)
	at com.kms.katalon.core.main.TestCaseMain$startTestSuite$0.call(Unknown Source)
	at TempTestSuite1715800219174.run(TempTestSuite1715800219174.groovy:35)
)

2024-05-15 15:36:12 - [MESSAGE][FAILED] - Text 'Successful Payment Receipt' is not present on page  (Root cause: com.kms.katalon.core.exception.StepFailedException: Text 'Successful Payment Receipt' is not present on page 
	at com.kms.katalon.core.webui.keyword.internal.WebUIKeywordMain.stepFailed(WebUIKeywordMain.groovy:64)
	at com.kms.katalon.core.webui.keyword.builtin.VerifyTextPresentKeyword$_verifyTextPresent_closure1.doCall(VerifyTextPresentKeyword.groovy:79)
	at com.kms.katalon.core.webui.keyword.builtin.VerifyTextPresentKeyword$_verifyTextPresent_closure1.call(VerifyTextPresentKeyword.groovy)
	at com.kms.katalon.core.webui.keyword.internal.WebUIKeywordMain.runKeyword(WebUIKeywordMain.groovy:20)
	at com.kms.katalon.core.webui.keyword.builtin.VerifyTextPresentKeyword.verifyTextPresent(VerifyTextPresentKeyword.groovy:83)
	at com.kms.katalon.core.webui.keyword.builtin.VerifyTextPresentKeyword.execute(VerifyTextPresentKeyword.groovy:68)
	at com.kms.katalon.core.keyword.internal.KeywordExecutor.executeKeywordForPlatform(KeywordExecutor.groovy:74)
	at com.kms.katalon.core.webui.keyword.WebUiBuiltInKeywords.verifyTextPresent(WebUiBuiltInKeywords.groovy:1723)
	at com.kms.katalon.core.webui.keyword.WebUiBuiltInKeywords$verifyTextPresent$8.call(Unknown Source)
	at PayNowReqFieldsCC.run(PayNowReqFieldsCC:604)
	at com.kms.katalon.core.main.ScriptEngine.run(ScriptEngine.java:194)
	at com.kms.katalon.core.main.ScriptEngine.runScriptAsRawText(ScriptEngine.java:119)
	at com.kms.katalon.core.main.TestCaseExecutor.runScript(TestCaseExecutor.java:448)
	at com.kms.katalon.core.main.TestCaseExecutor.doExecute(TestCaseExecutor.java:439)
	at com.kms.katalon.core.main.TestCaseExecutor.processExecutionPhase(TestCaseExecutor.java:418)
	at com.kms.katalon.core.main.TestCaseExecutor.accessMainPhase(TestCaseExecutor.java:410)
	at com.kms.katalon.core.main.TestCaseExecutor.execute(TestCaseExecutor.java:285)
	at com.kms.katalon.core.common.CommonExecutor.accessTestCaseMainPhase(CommonExecutor.java:65)
	at com.kms.katalon.core.main.TestSuiteExecutor.accessTestSuiteMainPhase(TestSuiteExecutor.java:148)
	at com.kms.katalon.core.main.TestSuiteExecutor.execute(TestSuiteExecutor.java:106)
	at com.kms.katalon.core.main.TestCaseMain.startTestSuite(TestCaseMain.java:187)
	at com.kms.katalon.core.main.TestCaseMain$startTestSuite$0.call(Unknown Source)
	at TempTestSuite1715800219174.run(TempTestSuite1715800219174.groovy:35)
)

2024-05-15 15:36:12 - [TEST_STEP][PASSED] - else: null

2024-05-15 15:36:12 - [TEST_STEP][FAILED] - if (verifyTextPresent("Please print this receipt for your records", false)): Text 'Please print this receipt for your records' is not present on page  (Root cause: com.kms.katalon.core.exception.StepFailedException: Text 'Please print this receipt for your records' is not present on page 
	at com.kms.katalon.core.webui.keyword.internal.WebUIKeywordMain.stepFailed(WebUIKeywordMain.groovy:64)
	at com.kms.katalon.core.webui.keyword.builtin.VerifyTextPresentKeyword$_verifyTextPresent_closure1.doCall(VerifyTextPresentKeyword.groovy:79)
	at com.kms.katalon.core.webui.keyword.builtin.VerifyTextPresentKeyword$_verifyTextPresent_closure1.call(VerifyTextPresentKeyword.groovy)
	at com.kms.katalon.core.webui.keyword.internal.WebUIKeywordMain.runKeyword(WebUIKeywordMain.groovy:20)
	at com.kms.katalon.core.webui.keyword.builtin.VerifyTextPresentKeyword.verifyTextPresent(VerifyTextPresentKeyword.groovy:83)
	at com.kms.katalon.core.webui.keyword.builtin.VerifyTextPresentKeyword.execute(VerifyTextPresentKeyword.groovy:68)
	at com.kms.katalon.core.keyword.internal.KeywordExecutor.executeKeywordForPlatform(KeywordExecutor.groovy:74)
	at com.kms.katalon.core.webui.keyword.WebUiBuiltInKeywords.verifyTextPresent(WebUiBuiltInKeywords.groovy:1723)
	at com.kms.katalon.core.webui.keyword.WebUiBuiltInKeywords$verifyTextPresent$8.call(Unknown Source)
	at PayNowReqFieldsCC.run(PayNowReqFieldsCC:611)
	at com.kms.katalon.core.main.ScriptEngine.run(ScriptEngine.java:194)
	at com.kms.katalon.core.main.ScriptEngine.runScriptAsRawText(ScriptEngine.java:119)
	at com.kms.katalon.core.main.TestCaseExecutor.runScript(TestCaseExecutor.java:448)
	at com.kms.katalon.core.main.TestCaseExecutor.doExecute(TestCaseExecutor.java:439)
	at com.kms.katalon.core.main.TestCaseExecutor.processExecutionPhase(TestCaseExecutor.java:418)
	at com.kms.katalon.core.main.TestCaseExecutor.accessMainPhase(TestCaseExecutor.java:410)
	at com.kms.katalon.core.main.TestCaseExecutor.execute(TestCaseExecutor.java:285)
	at com.kms.katalon.core.common.CommonExecutor.accessTestCaseMainPhase(CommonExecutor.java:65)
	at com.kms.katalon.core.main.TestSuiteExecutor.accessTestSuiteMainPhase(TestSuiteExecutor.java:148)
	at com.kms.katalon.core.main.TestSuiteExecutor.execute(TestSuiteExecutor.java:106)
	at com.kms.katalon.core.main.TestCaseMain.startTestSuite(TestCaseMain.java:187)
	at com.kms.katalon.core.main.TestCaseMain$startTestSuite$0.call(Unknown Source)
	at TempTestSuite1715800219174.run(TempTestSuite1715800219174.groovy:35)
)

2024-05-15 15:36:12 - [MESSAGE][FAILED] - Text 'Please print this receipt for your records' is not present on page  (Root cause: com.kms.katalon.core.exception.StepFailedException: Text 'Please print this receipt for your records' is not present on page 
	at com.kms.katalon.core.webui.keyword.internal.WebUIKeywordMain.stepFailed(WebUIKeywordMain.groovy:64)
	at com.kms.katalon.core.webui.keyword.builtin.VerifyTextPresentKeyword$_verifyTextPresent_closure1.doCall(VerifyTextPresentKeyword.groovy:79)
	at com.kms.katalon.core.webui.keyword.builtin.VerifyTextPresentKeyword$_verifyTextPresent_closure1.call(VerifyTextPresentKeyword.groovy)
	at com.kms.katalon.core.webui.keyword.internal.WebUIKeywordMain.runKeyword(WebUIKeywordMain.groovy:20)
	at com.kms.katalon.core.webui.keyword.builtin.VerifyTextPresentKeyword.verifyTextPresent(VerifyTextPresentKeyword.groovy:83)
	at com.kms.katalon.core.webui.keyword.builtin.VerifyTextPresentKeyword.execute(VerifyTextPresentKeyword.groovy:68)
	at com.kms.katalon.core.keyword.internal.KeywordExecutor.executeKeywordForPlatform(KeywordExecutor.groovy:74)
	at com.kms.katalon.core.webui.keyword.WebUiBuiltInKeywords.verifyTextPresent(WebUiBuiltInKeywords.groovy:1723)
	at com.kms.katalon.core.webui.keyword.WebUiBuiltInKeywords$verifyTextPresent$8.call(Unknown Source)
	at PayNowReqFieldsCC.run(PayNowReqFieldsCC:611)
	at com.kms.katalon.core.main.ScriptEngine.run(ScriptEngine.java:194)
	at com.kms.katalon.core.main.ScriptEngine.runScriptAsRawText(ScriptEngine.java:119)
	at com.kms.katalon.core.main.TestCaseExecutor.runScript(TestCaseExecutor.java:448)
	at com.kms.katalon.core.main.TestCaseExecutor.doExecute(TestCaseExecutor.java:439)
	at com.kms.katalon.core.main.TestCaseExecutor.processExecutionPhase(TestCaseExecutor.java:418)
	at com.kms.katalon.core.main.TestCaseExecutor.accessMainPhase(TestCaseExecutor.java:410)
	at com.kms.katalon.core.main.TestCaseExecutor.execute(TestCaseExecutor.java:285)
	at com.kms.katalon.core.common.CommonExecutor.accessTestCaseMainPhase(CommonExecutor.java:65)
	at com.kms.katalon.core.main.TestSuiteExecutor.accessTestSuiteMainPhase(TestSuiteExecutor.java:148)
	at com.kms.katalon.core.main.TestSuiteExecutor.execute(TestSuiteExecutor.java:106)
	at com.kms.katalon.core.main.TestCaseMain.startTestSuite(TestCaseMain.java:187)
	at com.kms.katalon.core.main.TestCaseMain$startTestSuite$0.call(Unknown Source)
	at TempTestSuite1715800219174.run(TempTestSuite1715800219174.groovy:35)
)

2024-05-15 15:36:12 - [TEST_STEP][PASSED] - else: null

2024-05-15 15:36:12 - [TEST_STEP][PASSED] - if (verifyElementPresent(findTestObject("Object Repository/IWP30/Page_Receipt/ExitButton"), 30)): null

2024-05-15 15:36:13 - [MESSAGE][PASSED] - Object 'Object Repository/IWP30/Page_Receipt/ExitButton' is present

2024-05-15 15:36:13 - [TEST_STEP][PASSED] - println("Exit Button is present on the Receipt page"): null

2024-05-15 15:36:13 - [TEST_STEP][PASSED] - closeBrowser(): Browser is closed

2024-05-15 15:36:14 - [MESSAGE][PASSED] - Browser is closed

2024-05-15 15:36:14 - [TEST_STEP][PASSED] - ExecuteTC = findTestData("IWPTestData/IWP30PayNowCC").getValue("Execute", row): null

2024-05-15 15:36:14 - [TEST_STEP][PASSED] - out.println("Value of Execute is : " + ExecuteTC): null

2024-05-15 15:36:14 - [TEST_STEP][FAILED] - if (ExecuteTC.equalsIgnoreCase("Y")): null

2024-05-15 15:36:14 - [TEST_STEP][PASSED] - out.println("Begin Record Number: " + row): null

2024-05-15 15:36:14 - [TEST_STEP][FAILED] - try: null

2024-05-15 15:36:14 - [TEST_STEP][PASSED] - MV = findTestData("IWPTestData/IWP30PayNowCC").getValue("MV", row): null

2024-05-15 15:36:14 - [TEST_STEP][PASSED] - println(MV): null

2024-05-15 15:36:14 - [TEST_STEP][PASSED] - Amount = findTestData("IWPTestData/IWP30PayNowCC").getValue("Amount", row): null

2024-05-15 15:36:14 - [TEST_STEP][PASSED] - println(Amount): null

2024-05-15 15:36:14 - [TEST_STEP][PASSED] - CAN = findTestData("IWPTestData/IWP30PayNowCC").getValue("CAN", row): null

2024-05-15 15:36:14 - [TEST_STEP][PASSED] - println(CAN): null

2024-05-15 15:36:14 - [TEST_STEP][PASSED] - Action = findTestData("IWPTestData/IWP30PayNowCC").getValue("Action", row): null

2024-05-15 15:36:14 - [TEST_STEP][PASSED] - println(Action): null

2024-05-15 15:36:14 - [TEST_STEP][PASSED] - Lang = findTestData("IWPTestData/IWP30PayNowCC").getValue("Lang", row): null

2024-05-15 15:36:14 - [TEST_STEP][PASSED] - println(Lang): null

2024-05-15 15:36:14 - [TEST_STEP][PASSED] - Fname = findTestData("IWPTestData/IWP30PayNowCC").getValue("Fname", row): null

2024-05-15 15:36:14 - [TEST_STEP][PASSED] - println(Fname): null

2024-05-15 15:36:14 - [TEST_STEP][PASSED] - Lname = findTestData("IWPTestData/IWP30PayNowCC").getValue("Lname", row): null

2024-05-15 15:36:14 - [TEST_STEP][PASSED] - println(Lname): null

2024-05-15 15:36:14 - [TEST_STEP][PASSED] - AL1 = findTestData("IWPTestData/IWP30PayNowCC").getValue("AL1", row): null

2024-05-15 15:36:14 - [TEST_STEP][PASSED] - println(AL1): null

2024-05-15 15:36:14 - [TEST_STEP][PASSED] - AL2 = findTestData("IWPTestData/IWP30PayNowCC").getValue("AL2", row): null

2024-05-15 15:36:14 - [TEST_STEP][PASSED] - println(AL2): null

2024-05-15 15:36:14 - [TEST_STEP][PASSED] - Country = findTestData("IWPTestData/IWP30PayNowCC").getValue("Country", row): null

2024-05-15 15:36:15 - [TEST_STEP][PASSED] - println(Country): null

2024-05-15 15:36:15 - [TEST_STEP][PASSED] - City = findTestData("IWPTestData/IWP30PayNowCC").getValue("City", row): null

2024-05-15 15:36:15 - [TEST_STEP][PASSED] - println(City): null

2024-05-15 15:36:15 - [TEST_STEP][PASSED] - State = findTestData("IWPTestData/IWP30PayNowCC").getValue("State", row): null

2024-05-15 15:36:15 - [TEST_STEP][PASSED] - println(State): null

2024-05-15 15:36:15 - [TEST_STEP][PASSED] - ZIP = findTestData("IWPTestData/IWP30PayNowCC").getValue("ZIP", row): null

2024-05-15 15:36:15 - [TEST_STEP][PASSED] - println(ZIP): null

2024-05-15 15:36:15 - [TEST_STEP][PASSED] - Order = findTestData("IWPTestData/IWP30PayNowCC").getValue("Order", row): null

2024-05-15 15:36:15 - [TEST_STEP][PASSED] - println(Order): null

2024-05-15 15:36:15 - [TEST_STEP][PASSED] - CompanyName = findTestData("IWPTestData/IWP30PayNowCC").getValue("CompanyName", row): null

2024-05-15 15:36:15 - [TEST_STEP][PASSED] - println(CompanyName): null

2024-05-15 15:36:15 - [TEST_STEP][PASSED] - Email = findTestData("IWPTestData/IWP30PayNowCC").getValue("Email", row): null

2024-05-15 15:36:15 - [TEST_STEP][PASSED] - println(Email): null

2024-05-15 15:36:15 - [TEST_STEP][PASSED] - UDF1 = findTestData("IWPTestData/IWP30PayNowCC").getValue("UDF1", row): null

2024-05-15 15:36:15 - [TEST_STEP][PASSED] - println(UDF1): null

2024-05-15 15:36:15 - [TEST_STEP][PASSED] - UDF2 = findTestData("IWPTestData/IWP30PayNowCC").getValue("UDF2", row): null

2024-05-15 15:36:15 - [TEST_STEP][PASSED] - println(UDF2): null

2024-05-15 15:36:15 - [TEST_STEP][PASSED] - UDF3 = findTestData("IWPTestData/IWP30PayNowCC").getValue("UDF3", row): null

2024-05-15 15:36:15 - [TEST_STEP][PASSED] - println(UDF3): null

2024-05-15 15:36:15 - [TEST_STEP][PASSED] - UDF4 = findTestData("IWPTestData/IWP30PayNowCC").getValue("UDF4", row): null

2024-05-15 15:36:15 - [TEST_STEP][PASSED] - println(UDF4): null

2024-05-15 15:36:15 - [TEST_STEP][PASSED] - UDF5 = findTestData("IWPTestData/IWP30PayNowCC").getValue("UDF5", row): null

2024-05-15 15:36:15 - [TEST_STEP][PASSED] - println(UDF5): null

2024-05-15 15:36:15 - [TEST_STEP][PASSED] - UDF6 = findTestData("IWPTestData/IWP30PayNowCC").getValue("UDF6", row): null

2024-05-15 15:36:15 - [TEST_STEP][PASSED] - println(UDF6): null

2024-05-15 15:36:15 - [TEST_STEP][PASSED] - UDF7 = findTestData("IWPTestData/IWP30PayNowCC").getValue("UDF7", row): null

2024-05-15 15:36:15 - [TEST_STEP][PASSED] - println(UDF7): null

2024-05-15 15:36:15 - [TEST_STEP][PASSED] - UDF8 = findTestData("IWPTestData/IWP30PayNowCC").getValue("UDF8", row): null

2024-05-15 15:36:15 - [TEST_STEP][PASSED] - println(UDF8): null

2024-05-15 15:36:15 - [TEST_STEP][PASSED] - UDF9 = findTestData("IWPTestData/IWP30PayNowCC").getValue("UDF9", row): null

2024-05-15 15:36:15 - [TEST_STEP][PASSED] - println(UDF9): null

2024-05-15 15:36:15 - [TEST_STEP][PASSED] - UDF10 = findTestData("IWPTestData/IWP30PayNowCC").getValue("UDF10", row): null

2024-05-15 15:36:15 - [TEST_STEP][PASSED] - println(UDF10): null

2024-05-15 15:36:15 - [TEST_STEP][PASSED] - AppID = findTestData("IWPTestData/IWP30PayNowCC").getValue("AppID", row): null

2024-05-15 15:36:15 - [TEST_STEP][PASSED] - println(AppID): null

2024-05-15 15:36:15 - [TEST_STEP][PASSED] - MessageVersion = findTestData("IWPTestData/IWP30PayNowCC").getValue("MessageVersion", row): null

2024-05-15 15:36:15 - [TEST_STEP][PASSED] - println(MessageVersion): null

2024-05-15 15:36:15 - [TEST_STEP][PASSED] - CCAmount = findTestData("IWPTestData/IWP30PayNowCC").getValue("CCAmount", row): null

2024-05-15 15:36:15 - [TEST_STEP][PASSED] - println(CCAmount): null

2024-05-15 15:36:15 - [TEST_STEP][PASSED] - CCUDF1 = findTestData("IWPTestData/IWP30PayNowCC").getValue("CCUDF1", row): null

2024-05-15 15:36:15 - [TEST_STEP][PASSED] - println(CCUDF1): null

2024-05-15 15:36:15 - [TEST_STEP][PASSED] - CCUDF2 = findTestData("IWPTestData/IWP30PayNowCC").getValue("CCUDF2", row): null

2024-05-15 15:36:15 - [TEST_STEP][PASSED] - println(CCUDF2): null

2024-05-15 15:36:15 - [TEST_STEP][PASSED] - CCUDF3 = findTestData("IWPTestData/IWP30PayNowCC").getValue("CCUDF3", row): null

2024-05-15 15:36:15 - [TEST_STEP][PASSED] - println(CCUDF3): null

2024-05-15 15:36:15 - [TEST_STEP][PASSED] - CCUDF4 = findTestData("IWPTestData/IWP30PayNowCC").getValue("CCUDF4", row): null

2024-05-15 15:36:16 - [TEST_STEP][PASSED] - println(CCUDF4): null

2024-05-15 15:36:16 - [TEST_STEP][PASSED] - CCUDF5 = findTestData("IWPTestData/IWP30PayNowCC").getValue("CCUDF5", row): null

2024-05-15 15:36:16 - [TEST_STEP][PASSED] - println(CCUDF5): null

2024-05-15 15:36:16 - [TEST_STEP][PASSED] - CCUDF6 = findTestData("IWPTestData/IWP30PayNowCC").getValue("CCUDF6", row): null

2024-05-15 15:36:16 - [TEST_STEP][PASSED] - println(CCUDF6): null

2024-05-15 15:36:16 - [TEST_STEP][PASSED] - CCUDF7 = findTestData("IWPTestData/IWP30PayNowCC").getValue("CCUDF7", row): null

2024-05-15 15:36:16 - [TEST_STEP][PASSED] - println(CCUDF7): null

2024-05-15 15:36:16 - [TEST_STEP][PASSED] - CCUDF8 = findTestData("IWPTestData/IWP30PayNowCC").getValue("CCUDF8", row): null

2024-05-15 15:36:16 - [TEST_STEP][PASSED] - println(CCUDF8): null

2024-05-15 15:36:16 - [TEST_STEP][PASSED] - CCUDF9 = findTestData("IWPTestData/IWP30PayNowCC").getValue("CCUDF9", row): null

2024-05-15 15:36:16 - [TEST_STEP][PASSED] - println(CCUDF9): null

2024-05-15 15:36:16 - [TEST_STEP][PASSED] - CCUDF10 = findTestData("IWPTestData/IWP30PayNowCC").getValue("CCUDF10", row): null

2024-05-15 15:36:16 - [TEST_STEP][PASSED] - println(CCUDF10): null

2024-05-15 15:36:16 - [TEST_STEP][PASSED] - CCName = findTestData("IWPTestData/IWP30PayNowCC").getValue("CCName", row): null

2024-05-15 15:36:16 - [TEST_STEP][PASSED] - println(CCName): null

2024-05-15 15:36:16 - [TEST_STEP][PASSED] - CCCardNum = findTestData("IWPTestData/IWP30PayNowCC").getValue("CCCardNum", row): null

2024-05-15 15:36:16 - [TEST_STEP][PASSED] - println(CCCardNum): null

2024-05-15 15:36:16 - [TEST_STEP][PASSED] - CCSPC = findTestData("IWPTestData/IWP30PayNowCC").getValue("CCSPC", row): null

2024-05-15 15:36:16 - [TEST_STEP][PASSED] - println(CCSPC): null

2024-05-15 15:36:16 - [TEST_STEP][PASSED] - CCExpM = findTestData("IWPTestData/IWP30PayNowCC").getValue("CCExpM", row): null

2024-05-15 15:36:16 - [TEST_STEP][PASSED] - println(CCExpM): null

2024-05-15 15:36:16 - [TEST_STEP][PASSED] - CCExpY = findTestData("IWPTestData/IWP30PayNowCC").getValue("CCExpY", row): null

2024-05-15 15:36:16 - [TEST_STEP][PASSED] - println(CCExpY): null

2024-05-15 15:36:16 - [TEST_STEP][PASSED] - CCDate = findTestData("IWPTestData/IWP30PayNowCC").getValue("CCDate", row): null

2024-05-15 15:36:16 - [TEST_STEP][PASSED] - println(CCDate): null

2024-05-15 15:36:16 - [TEST_STEP][PASSED] - CCAL1 = findTestData("IWPTestData/IWP30PayNowCC").getValue("CCAL1", row): null

2024-05-15 15:36:16 - [TEST_STEP][PASSED] - println(CCAL1): null

2024-05-15 15:36:16 - [TEST_STEP][PASSED] - CCAL2 = findTestData("IWPTestData/IWP30PayNowCC").getValue("CCAL2", row): null

2024-05-15 15:36:16 - [TEST_STEP][PASSED] - println(CCAL2): null

2024-05-15 15:36:16 - [TEST_STEP][PASSED] - CCZIP = findTestData("IWPTestData/IWP30PayNowCC").getValue("CCZIP", row): null

2024-05-15 15:36:16 - [TEST_STEP][PASSED] - println(CCZIP): null

2024-05-15 15:36:16 - [TEST_STEP][PASSED] - CCEmail = findTestData("IWPTestData/IWP30PayNowCC").getValue("CCEmail", row): null

2024-05-15 15:36:16 - [TEST_STEP][PASSED] - println(CCEmail): null

2024-05-15 15:36:16 - [TEST_STEP][PASSED] - openBrowser(urlEmulator): Browser is opened with url: 'https://qa2.velocitypayment.com/agency/config.do?action=editor'

2024-05-15 15:36:16 - [MESSAGE][INFO] - Starting 'Chrome' driver

2024-05-15 15:36:16 - [MESSAGE][INFO] - User set preference: ['acceptInsecureCerts', 'true']

2024-05-15 15:36:16 - [MESSAGE][INFO] - Action delay is set to 0 milliseconds

2024-05-15 15:36:18 - [MESSAGE][PASSED] - Browser is opened with url: 'https://qa2.velocitypayment.com/agency/config.do?action=editor'

2024-05-15 15:36:18 - [TEST_STEP][PASSED] - maximizeWindow(): Current window maximized

2024-05-15 15:36:19 - [MESSAGE][PASSED] - Current window maximized

2024-05-15 15:36:19 - [TEST_STEP][PASSED] - selectOptionByValue(findTestObject("IWP30/Page_VRelay30Emulator/MV"), MV, true): All options with value '3.0' are selected in object 'Object Repository/IWP30/Page_VRelay30Emulator/MV'  using regular expression

2024-05-15 15:36:20 - [MESSAGE][PASSED] - All options with value '3.0' are selected in object 'Object Repository/IWP30/Page_VRelay30Emulator/MV'  using regular expression

2024-05-15 15:36:20 - [TEST_STEP][PASSED] - setText(findTestObject("IWP30/Page_VRelay30Emulator/Amount"), Amount): Text '10.50' is set on object 'Object Repository/IWP30/Page_VRelay30Emulator/Amount'

2024-05-15 15:36:21 - [MESSAGE][PASSED] - Text '10.50' is set on object 'Object Repository/IWP30/Page_VRelay30Emulator/Amount'

2024-05-15 15:36:21 - [TEST_STEP][PASSED] - setText(findTestObject("IWP30/Page_VRelay30Emulator/CAN"), CAN): Text '26411005' is set on object 'Object Repository/IWP30/Page_VRelay30Emulator/CAN'

2024-05-15 15:36:21 - [MESSAGE][PASSED] - Text '26411005' is set on object 'Object Repository/IWP30/Page_VRelay30Emulator/CAN'

2024-05-15 15:36:21 - [TEST_STEP][PASSED] - setText(findTestObject("IWP30/Page_VRelay30Emulator/Action"), Action): Text 'PayNow' is set on object 'Object Repository/IWP30/Page_VRelay30Emulator/Action'

2024-05-15 15:36:22 - [MESSAGE][PASSED] - Text 'PayNow' is set on object 'Object Repository/IWP30/Page_VRelay30Emulator/Action'

2024-05-15 15:36:22 - [TEST_STEP][PASSED] - setText(findTestObject("IWP30/Page_VRelay30Emulator/Lang"), Lang): Text 'en_US' is set on object 'Object Repository/IWP30/Page_VRelay30Emulator/Lang'

2024-05-15 15:36:23 - [MESSAGE][PASSED] - Text 'en_US' is set on object 'Object Repository/IWP30/Page_VRelay30Emulator/Lang'

2024-05-15 15:36:23 - [TEST_STEP][PASSED] - setText(findTestObject("IWP30/Page_VRelay30Emulator/Fname"), Fname): Text '' is set on object 'Object Repository/IWP30/Page_VRelay30Emulator/Fname'

2024-05-15 15:36:23 - [MESSAGE][PASSED] - Text '' is set on object 'Object Repository/IWP30/Page_VRelay30Emulator/Fname'

2024-05-15 15:36:23 - [TEST_STEP][PASSED] - setText(findTestObject("IWP30/Page_VRelay30Emulator/Lname"), Lname): Text '' is set on object 'Object Repository/IWP30/Page_VRelay30Emulator/Lname'

2024-05-15 15:36:24 - [MESSAGE][PASSED] - Text '' is set on object 'Object Repository/IWP30/Page_VRelay30Emulator/Lname'

2024-05-15 15:36:24 - [TEST_STEP][PASSED] - setText(findTestObject("IWP30/Page_VRelay30Emulator/AL1"), AL1): Text '' is set on object 'Object Repository/IWP30/Page_VRelay30Emulator/AL1'

2024-05-15 15:36:24 - [MESSAGE][PASSED] - Text '' is set on object 'Object Repository/IWP30/Page_VRelay30Emulator/AL1'

2024-05-15 15:36:24 - [TEST_STEP][PASSED] - setText(findTestObject("IWP30/Page_VRelay30Emulator/AL2"), AL2): Text '' is set on object 'Object Repository/IWP30/Page_VRelay30Emulator/AL2'

2024-05-15 15:36:25 - [MESSAGE][PASSED] - Text '' is set on object 'Object Repository/IWP30/Page_VRelay30Emulator/AL2'

2024-05-15 15:36:25 - [TEST_STEP][PASSED] - setText(findTestObject("IWP30/Page_VRelay30Emulator/Country"), Country): Text '840' is set on object 'Object Repository/IWP30/Page_VRelay30Emulator/Country'

2024-05-15 15:36:26 - [MESSAGE][PASSED] - Text '840' is set on object 'Object Repository/IWP30/Page_VRelay30Emulator/Country'

2024-05-15 15:36:26 - [TEST_STEP][PASSED] - setText(findTestObject("IWP30/Page_VRelay30Emulator/City"), City): Text '' is set on object 'Object Repository/IWP30/Page_VRelay30Emulator/City'

2024-05-15 15:36:26 - [MESSAGE][PASSED] - Text '' is set on object 'Object Repository/IWP30/Page_VRelay30Emulator/City'

2024-05-15 15:36:26 - [TEST_STEP][PASSED] - setText(findTestObject("IWP30/Page_VRelay30Emulator/State"), State): Text '' is set on object 'Object Repository/IWP30/Page_VRelay30Emulator/State'

2024-05-15 15:36:27 - [MESSAGE][PASSED] - Text '' is set on object 'Object Repository/IWP30/Page_VRelay30Emulator/State'

2024-05-15 15:36:27 - [TEST_STEP][PASSED] - setText(findTestObject("IWP30/Page_VRelay30Emulator/ZIP"), ZIP): Text '' is set on object 'Object Repository/IWP30/Page_VRelay30Emulator/ZIP'

2024-05-15 15:36:27 - [MESSAGE][PASSED] - Text '' is set on object 'Object Repository/IWP30/Page_VRelay30Emulator/ZIP'

2024-05-15 15:36:27 - [TEST_STEP][PASSED] - setText(findTestObject("IWP30/Page_VRelay30Emulator/Order"), Order): Text '' is set on object 'Object Repository/IWP30/Page_VRelay30Emulator/Order'

2024-05-15 15:36:28 - [MESSAGE][PASSED] - Text '' is set on object 'Object Repository/IWP30/Page_VRelay30Emulator/Order'

2024-05-15 15:36:28 - [TEST_STEP][PASSED] - setText(findTestObject("IWP30/Page_VRelay30Emulator/Company"), CompanyName): Text '' is set on object 'Object Repository/IWP30/Page_VRelay30Emulator/Company'

2024-05-15 15:36:29 - [MESSAGE][PASSED] - Text '' is set on object 'Object Repository/IWP30/Page_VRelay30Emulator/Company'

2024-05-15 15:36:29 - [TEST_STEP][PASSED] - setText(findTestObject("IWP30/Page_VRelay30Emulator/Email"), Email): Text '' is set on object 'Object Repository/IWP30/Page_VRelay30Emulator/Email'

2024-05-15 15:36:30 - [MESSAGE][PASSED] - Text '' is set on object 'Object Repository/IWP30/Page_VRelay30Emulator/Email'

2024-05-15 15:36:30 - [TEST_STEP][PASSED] - setText(findTestObject("IWP30/Page_VRelay30Emulator/UDF1"), UDF1): Text '' is set on object 'Object Repository/IWP30/Page_VRelay30Emulator/UDF1'

2024-05-15 15:36:31 - [MESSAGE][PASSED] - Text '' is set on object 'Object Repository/IWP30/Page_VRelay30Emulator/UDF1'

2024-05-15 15:36:31 - [TEST_STEP][PASSED] - setText(findTestObject("IWP30/Page_VRelay30Emulator/UDF2"), UDF2): Text '' is set on object 'Object Repository/IWP30/Page_VRelay30Emulator/UDF2'

2024-05-15 15:36:31 - [MESSAGE][PASSED] - Text '' is set on object 'Object Repository/IWP30/Page_VRelay30Emulator/UDF2'

2024-05-15 15:36:31 - [TEST_STEP][PASSED] - setText(findTestObject("IWP30/Page_VRelay30Emulator/UDF3"), UDF3): Text '' is set on object 'Object Repository/IWP30/Page_VRelay30Emulator/UDF3'

2024-05-15 15:36:32 - [MESSAGE][PASSED] - Text '' is set on object 'Object Repository/IWP30/Page_VRelay30Emulator/UDF3'

2024-05-15 15:36:32 - [TEST_STEP][PASSED] - setText(findTestObject("IWP30/Page_VRelay30Emulator/UDF4"), UDF4): Text 'udf data 4' is set on object 'Object Repository/IWP30/Page_VRelay30Emulator/UDF4'

2024-05-15 15:36:32 - [MESSAGE][PASSED] - Text 'udf data 4' is set on object 'Object Repository/IWP30/Page_VRelay30Emulator/UDF4'

2024-05-15 15:36:32 - [TEST_STEP][PASSED] - setText(findTestObject("IWP30/Page_VRelay30Emulator/UDF5"), UDF5): Text 'udf data 5' is set on object 'Object Repository/IWP30/Page_VRelay30Emulator/UDF5'

2024-05-15 15:36:33 - [MESSAGE][PASSED] - Text 'udf data 5' is set on object 'Object Repository/IWP30/Page_VRelay30Emulator/UDF5'

2024-05-15 15:36:33 - [TEST_STEP][PASSED] - setText(findTestObject("IWP30/Page_VRelay30Emulator/UDF6"), UDF6): Text '' is set on object 'Object Repository/IWP30/Page_VRelay30Emulator/UDF6'

2024-05-15 15:36:34 - [MESSAGE][PASSED] - Text '' is set on object 'Object Repository/IWP30/Page_VRelay30Emulator/UDF6'

2024-05-15 15:36:34 - [TEST_STEP][PASSED] - setText(findTestObject("IWP30/Page_VRelay30Emulator/UDF7"), UDF7): Text '' is set on object 'Object Repository/IWP30/Page_VRelay30Emulator/UDF7'

2024-05-15 15:36:34 - [MESSAGE][PASSED] - Text '' is set on object 'Object Repository/IWP30/Page_VRelay30Emulator/UDF7'

2024-05-15 15:36:34 - [TEST_STEP][PASSED] - setText(findTestObject("IWP30/Page_VRelay30Emulator/UDF8"), UDF8): Text '' is set on object 'Object Repository/IWP30/Page_VRelay30Emulator/UDF8'

2024-05-15 15:36:35 - [MESSAGE][PASSED] - Text '' is set on object 'Object Repository/IWP30/Page_VRelay30Emulator/UDF8'

2024-05-15 15:36:35 - [TEST_STEP][PASSED] - setText(findTestObject("IWP30/Page_VRelay30Emulator/UDF9"), UDF9): Text 'udf data 9' is set on object 'Object Repository/IWP30/Page_VRelay30Emulator/UDF9'

2024-05-15 15:36:35 - [MESSAGE][PASSED] - Text 'udf data 9' is set on object 'Object Repository/IWP30/Page_VRelay30Emulator/UDF9'

2024-05-15 15:36:35 - [TEST_STEP][PASSED] - setText(findTestObject("IWP30/Page_VRelay30Emulator/UDF10"), UDF10): Text 'udf data 10' is set on object 'Object Repository/IWP30/Page_VRelay30Emulator/UDF10'

2024-05-15 15:36:36 - [MESSAGE][PASSED] - Text 'udf data 10' is set on object 'Object Repository/IWP30/Page_VRelay30Emulator/UDF10'

2024-05-15 15:36:36 - [TEST_STEP][PASSED] - Thread.sleep(5000): null

2024-05-15 15:36:41 - [TEST_STEP][PASSED] - click(findTestObject("IWP30/Page_VRelay30Emulator/Submit")): Object: 'Object Repository/IWP30/Page_VRelay30Emulator/Submit' is clicked on

2024-05-15 15:36:42 - [MESSAGE][PASSED] - Object: 'Object Repository/IWP30/Page_VRelay30Emulator/Submit' is clicked on

2024-05-15 15:36:42 - [TEST_STEP][PASSED] - closeBrowser(): Browser is closed

2024-05-15 15:36:43 - [MESSAGE][PASSED] - Browser is closed

2024-05-15 15:36:43 - [TEST_STEP][PASSED] - openBrowser(urlTestHarness): Browser is opened with url: 'https://dev-algorithm.govolution.com/vrelaytest/QA2/version_2_2/vrelaytest.html'

2024-05-15 15:36:43 - [MESSAGE][INFO] - Starting 'Chrome' driver

2024-05-15 15:36:43 - [MESSAGE][INFO] - User set preference: ['acceptInsecureCerts', 'true']

2024-05-15 15:36:43 - [MESSAGE][INFO] - Action delay is set to 0 milliseconds

2024-05-15 15:36:45 - [MESSAGE][PASSED] - Browser is opened with url: 'https://dev-algorithm.govolution.com/vrelaytest/QA2/version_2_2/vrelaytest.html'

2024-05-15 15:36:45 - [TEST_STEP][PASSED] - maximizeWindow(): Current window maximized

2024-05-15 15:36:45 - [MESSAGE][PASSED] - Current window maximized

2024-05-15 15:36:45 - [TEST_STEP][PASSED] - genRemIDVoid = RandomStringUtils.random(12, true, true): null

2024-05-15 15:36:45 - [TEST_STEP][PASSED] - if (verifyElementPresent(findTestObject("Object Repository/IWP30/Page_QATestHarness/RemittanceID"), 30)): null

2024-05-15 15:36:46 - [MESSAGE][PASSED] - Object 'Object Repository/IWP30/Page_QATestHarness/RemittanceID' is present

2024-05-15 15:36:46 - [TEST_STEP][PASSED] - println("We are on Test Harness page, start populating"): null

2024-05-15 15:36:46 - [TEST_STEP][PASSED] - setText(findTestObject("Object Repository/IWP30/Page_QATestHarness/ApplicationID"), AppID): Text '649' is set on object 'Object Repository/IWP30/Page_QATestHarness/ApplicationID'

2024-05-15 15:36:46 - [MESSAGE][PASSED] - Text '649' is set on object 'Object Repository/IWP30/Page_QATestHarness/ApplicationID'

2024-05-15 15:36:46 - [TEST_STEP][PASSED] - setText(findTestObject("Object Repository/IWP30/Page_QATestHarness/MessageVersion"), MessageVersion): Text '3.0' is set on object 'Object Repository/IWP30/Page_QATestHarness/MessageVersion'

2024-05-15 15:36:47 - [MESSAGE][PASSED] - Text '3.0' is set on object 'Object Repository/IWP30/Page_QATestHarness/MessageVersion'

2024-05-15 15:36:47 - [TEST_STEP][PASSED] - setText(findTestObject("Object Repository/IWP30/Page_QATestHarness/RemittanceID"), genRemIDVoid): Text 'ZtbSflmh67LC' is set on object 'Object Repository/IWP30/Page_QATestHarness/RemittanceID'

2024-05-15 15:36:48 - [MESSAGE][PASSED] - Text 'ZtbSflmh67LC' is set on object 'Object Repository/IWP30/Page_QATestHarness/RemittanceID'

2024-05-15 15:36:48 - [TEST_STEP][PASSED] - click(findTestObject("Object Repository/IWP30/Page_QATestHarness/SubmitButton")): Object: 'Object Repository/IWP30/Page_QATestHarness/SubmitButton' is clicked on

2024-05-15 15:36:49 - [MESSAGE][PASSED] - Object: 'Object Repository/IWP30/Page_QATestHarness/SubmitButton' is clicked on

2024-05-15 15:36:49 - [TEST_STEP][PASSED] - if (verifyElementPresent(findTestObject("Object Repository/IWP30/Page_SelectPaymentMethod/PayByCreditCard"), 30)): null

2024-05-15 15:36:49 - [MESSAGE][PASSED] - Object 'Object Repository/IWP30/Page_SelectPaymentMethod/PayByCreditCard' is present

2024-05-15 15:36:49 - [TEST_STEP][PASSED] - println("We are on Select Payment Method page, start populating"): null

2024-05-15 15:36:49 - [TEST_STEP][PASSED] - check(findTestObject("Object Repository/IWP30/Page_SelectPaymentMethod/PayByCreditCard")): Object 'Object Repository/IWP30/Page_SelectPaymentMethod/PayByCreditCard' is checked

2024-05-15 15:36:50 - [MESSAGE][PASSED] - Object 'Object Repository/IWP30/Page_SelectPaymentMethod/PayByCreditCard' is checked

2024-05-15 15:36:50 - [TEST_STEP][PASSED] - Thread.sleep(1000): null

2024-05-15 15:36:51 - [TEST_STEP][PASSED] - click(findTestObject("Object Repository/IWP30/Page_SelectPaymentMethod/MakePaymentButton")): Object: 'Object Repository/IWP30/Page_SelectPaymentMethod/MakePaymentButton' is clicked on

2024-05-15 15:36:52 - [MESSAGE][PASSED] - Object: 'Object Repository/IWP30/Page_SelectPaymentMethod/MakePaymentButton' is clicked on

2024-05-15 15:36:52 - [TEST_STEP][PASSED] - if (verifyElementPresent(findTestObject("Object Repository/IWP30/Page_CCPaymentEntry/Name"), 30)): null

2024-05-15 15:36:52 - [MESSAGE][PASSED] - Object 'Object Repository/IWP30/Page_CCPaymentEntry/Name' is present

2024-05-15 15:36:52 - [TEST_STEP][PASSED] - println("We are on Credit Card Payment Entry page, start populating"): null

2024-05-15 15:36:52 - [TEST_STEP][PASSED] - if (verifyElementPresent(findTestObject("Object Repository/IWP30/Page_CCPaymentEntry/Amount"), 30)): null

2024-05-15 15:36:53 - [MESSAGE][PASSED] - Object 'Object Repository/IWP30/Page_CCPaymentEntry/Amount' is present

2024-05-15 15:36:53 - [TEST_STEP][PASSED] - if (!(CCAmount.isEmpty())): Text '20.50' is set on object 'Object Repository/IWP30/Page_CCPaymentEntry/Amount'

2024-05-15 15:36:53 - [TEST_STEP][PASSED] - setText(findTestObject("Object Repository/IWP30/Page_CCPaymentEntry/Amount"), CCAmount): Text '20.50' is set on object 'Object Repository/IWP30/Page_CCPaymentEntry/Amount'

2024-05-15 15:36:53 - [MESSAGE][PASSED] - Text '20.50' is set on object 'Object Repository/IWP30/Page_CCPaymentEntry/Amount'

2024-05-15 15:36:53 - [TEST_STEP][PASSED] - if (verifyElementPresent(findTestObject("Object Repository/IWP30/Page_CCPaymentEntry/UserDefined2"), 30)): null

2024-05-15 15:36:54 - [MESSAGE][PASSED] - Object 'Object Repository/IWP30/Page_CCPaymentEntry/UserDefined2' is present

2024-05-15 15:36:54 - [TEST_STEP][PASSED] - if (!(CCUDF2.isEmpty())): Text 'Number 2' is set on object 'Object Repository/IWP30/Page_CCPaymentEntry/UserDefined2'

2024-05-15 15:36:54 - [TEST_STEP][PASSED] - setText(findTestObject("Object Repository/IWP30/Page_CCPaymentEntry/UserDefined2"), CCUDF2): Text 'Number 2' is set on object 'Object Repository/IWP30/Page_CCPaymentEntry/UserDefined2'

2024-05-15 15:36:54 - [MESSAGE][PASSED] - Text 'Number 2' is set on object 'Object Repository/IWP30/Page_CCPaymentEntry/UserDefined2'

2024-05-15 15:36:54 - [TEST_STEP][PASSED] - if (verifyElementPresent(findTestObject("Object Repository/IWP30/Page_CCPaymentEntry/UserDefined3"), 30)): null

2024-05-15 15:36:55 - [MESSAGE][PASSED] - Object 'Object Repository/IWP30/Page_CCPaymentEntry/UserDefined3' is present

2024-05-15 15:36:55 - [TEST_STEP][PASSED] - if (!(CCUDF3.isEmpty())): Text 'Number 3' is set on object 'Object Repository/IWP30/Page_CCPaymentEntry/UserDefined3'

2024-05-15 15:36:55 - [TEST_STEP][PASSED] - setText(findTestObject("Object Repository/IWP30/Page_CCPaymentEntry/UserDefined3"), CCUDF3): Text 'Number 3' is set on object 'Object Repository/IWP30/Page_CCPaymentEntry/UserDefined3'

2024-05-15 15:36:56 - [MESSAGE][PASSED] - Text 'Number 3' is set on object 'Object Repository/IWP30/Page_CCPaymentEntry/UserDefined3'

2024-05-15 15:36:56 - [TEST_STEP][PASSED] - if (verifyElementPresent(findTestObject("Object Repository/IWP30/Page_CCPaymentEntry/UserDefined7"), 30)): null

2024-05-15 15:36:56 - [MESSAGE][PASSED] - Object 'Object Repository/IWP30/Page_CCPaymentEntry/UserDefined7' is present

2024-05-15 15:36:56 - [TEST_STEP][PASSED] - if (!(CCUDF7.isEmpty())): All options with label 'Orange' are selected in object 'Object Repository/IWP30/Page_CCPaymentEntry/UserDefined7' 

2024-05-15 15:36:56 - [TEST_STEP][PASSED] - selectOptionByLabel(findTestObject("Object Repository/IWP30/Page_CCPaymentEntry/UserDefined7"), CCUDF7, false): All options with label 'Orange' are selected in object 'Object Repository/IWP30/Page_CCPaymentEntry/UserDefined7' 

2024-05-15 15:36:57 - [MESSAGE][PASSED] - All options with label 'Orange' are selected in object 'Object Repository/IWP30/Page_CCPaymentEntry/UserDefined7' 

2024-05-15 15:36:57 - [TEST_STEP][PASSED] - if (verifyElementPresent(findTestObject("Object Repository/IWP30/Page_CCPaymentEntry/UserDefined8"), 30)): null

2024-05-15 15:36:57 - [MESSAGE][PASSED] - Object 'Object Repository/IWP30/Page_CCPaymentEntry/UserDefined8' is present

2024-05-15 15:36:57 - [TEST_STEP][PASSED] - if (!(CCUDF8.isEmpty())): All options with label 'Tennis' are selected in object 'Object Repository/IWP30/Page_CCPaymentEntry/UserDefined8' 

2024-05-15 15:36:57 - [TEST_STEP][PASSED] - selectOptionByLabel(findTestObject("Object Repository/IWP30/Page_CCPaymentEntry/UserDefined8"), CCUDF8, false): All options with label 'Tennis' are selected in object 'Object Repository/IWP30/Page_CCPaymentEntry/UserDefined8' 

2024-05-15 15:36:58 - [MESSAGE][PASSED] - All options with label 'Tennis' are selected in object 'Object Repository/IWP30/Page_CCPaymentEntry/UserDefined8' 

2024-05-15 15:36:58 - [TEST_STEP][PASSED] - if (verifyElementPresent(findTestObject("Object Repository/IWP30/Page_CCPaymentEntry/Name"), 30)): null

2024-05-15 15:36:58 - [MESSAGE][PASSED] - Object 'Object Repository/IWP30/Page_CCPaymentEntry/Name' is present

2024-05-15 15:36:58 - [TEST_STEP][PASSED] - if (!(CCName.isEmpty())): Text 'Mera Naam' is set on object 'Object Repository/IWP30/Page_CCPaymentEntry/Name'

2024-05-15 15:36:58 - [TEST_STEP][PASSED] - setText(findTestObject("Object Repository/IWP30/Page_CCPaymentEntry/Name"), CCName): Text 'Mera Naam' is set on object 'Object Repository/IWP30/Page_CCPaymentEntry/Name'

2024-05-15 15:36:58 - [MESSAGE][PASSED] - Text 'Mera Naam' is set on object 'Object Repository/IWP30/Page_CCPaymentEntry/Name'

2024-05-15 15:36:58 - [TEST_STEP][PASSED] - if (verifyElementPresent(findTestObject("Object Repository/IWP30/Page_CCPaymentEntry/CardNumber"), 30)): null

2024-05-15 15:36:59 - [MESSAGE][PASSED] - Object 'Object Repository/IWP30/Page_CCPaymentEntry/CardNumber' is present

2024-05-15 15:36:59 - [TEST_STEP][PASSED] - if (!(CCCardNum.isEmpty())): Text '4922222222222223' is set on object 'Object Repository/IWP30/Page_CCPaymentEntry/CardNumber'

2024-05-15 15:36:59 - [TEST_STEP][PASSED] - setText(findTestObject("Object Repository/IWP30/Page_CCPaymentEntry/CardNumber"), CCCardNum): Text '4922222222222223' is set on object 'Object Repository/IWP30/Page_CCPaymentEntry/CardNumber'

2024-05-15 15:36:59 - [MESSAGE][PASSED] - Text '4922222222222223' is set on object 'Object Repository/IWP30/Page_CCPaymentEntry/CardNumber'

2024-05-15 15:36:59 - [TEST_STEP][PASSED] - if (verifyElementPresent(findTestObject("Object Repository/IWP30/Page_CCPaymentEntry/SPC"), 30)): null

2024-05-15 15:37:00 - [MESSAGE][PASSED] - Object 'Object Repository/IWP30/Page_CCPaymentEntry/SPC' is present

2024-05-15 15:37:00 - [TEST_STEP][PASSED] - if (!(CCSPC.isEmpty())): Text '123' is set on object 'Object Repository/IWP30/Page_CCPaymentEntry/SPC'

2024-05-15 15:37:00 - [TEST_STEP][PASSED] - setText(findTestObject("Object Repository/IWP30/Page_CCPaymentEntry/SPC"), CCSPC): Text '123' is set on object 'Object Repository/IWP30/Page_CCPaymentEntry/SPC'

2024-05-15 15:37:00 - [MESSAGE][PASSED] - Text '123' is set on object 'Object Repository/IWP30/Page_CCPaymentEntry/SPC'

2024-05-15 15:37:00 - [TEST_STEP][PASSED] - if (verifyElementPresent(findTestObject("Object Repository/IWP30/Page_CCPaymentEntry/Month"), 30)): null

2024-05-15 15:37:01 - [MESSAGE][PASSED] - Object 'Object Repository/IWP30/Page_CCPaymentEntry/Month' is present

2024-05-15 15:37:01 - [TEST_STEP][PASSED] - if (!(CCExpM.isEmpty())): All options with label '09' are selected in object 'Object Repository/IWP30/Page_CCPaymentEntry/Month' 

2024-05-15 15:37:01 - [TEST_STEP][PASSED] - selectOptionByLabel(findTestObject("Object Repository/IWP30/Page_CCPaymentEntry/Month"), CCExpM, false): All options with label '09' are selected in object 'Object Repository/IWP30/Page_CCPaymentEntry/Month' 

2024-05-15 15:37:01 - [MESSAGE][PASSED] - All options with label '09' are selected in object 'Object Repository/IWP30/Page_CCPaymentEntry/Month' 

2024-05-15 15:37:01 - [TEST_STEP][PASSED] - if (verifyElementPresent(findTestObject("Object Repository/IWP30/Page_CCPaymentEntry/Year"), 30)): null

2024-05-15 15:37:02 - [MESSAGE][PASSED] - Object 'Object Repository/IWP30/Page_CCPaymentEntry/Year' is present

2024-05-15 15:37:02 - [TEST_STEP][FAILED] - if (!(CCExpY.isEmpty())): Unable to select option by label '2023' of object 'Object Repository/IWP30/Page_CCPaymentEntry/Year'  (Root cause: com.kms.katalon.core.exception.StepFailedException: Unable to select option by label '2023' of object 'Object Repository/IWP30/Page_CCPaymentEntry/Year' 
	at com.kms.katalon.core.webui.keyword.internal.WebUIKeywordMain.stepFailed(WebUIKeywordMain.groovy:64)
	at com.kms.katalon.core.webui.keyword.internal.WebUIKeywordMain.runKeyword(WebUIKeywordMain.groovy:26)
	at com.kms.katalon.core.webui.keyword.builtin.SelectOptionByLabelKeyword.selectOptionByLabel(SelectOptionByLabelKeyword.groovy:98)
	at com.kms.katalon.core.webui.keyword.builtin.SelectOptionByLabelKeyword.execute(SelectOptionByLabelKeyword.groovy:71)
	at com.kms.katalon.core.keyword.internal.KeywordExecutor.executeKeywordForPlatform(KeywordExecutor.groovy:74)
	at com.kms.katalon.core.webui.keyword.WebUiBuiltInKeywords.selectOptionByLabel(WebUiBuiltInKeywords.groovy:1230)
	at com.kms.katalon.core.webui.keyword.WebUiBuiltInKeywords$selectOptionByLabel$7.call(Unknown Source)
	at PayNowReqFieldsCC.run(PayNowReqFieldsCC:476)
	at com.kms.katalon.core.main.ScriptEngine.run(ScriptEngine.java:194)
	at com.kms.katalon.core.main.ScriptEngine.runScriptAsRawText(ScriptEngine.java:119)
	at com.kms.katalon.core.main.TestCaseExecutor.runScript(TestCaseExecutor.java:448)
	at com.kms.katalon.core.main.TestCaseExecutor.doExecute(TestCaseExecutor.java:439)
	at com.kms.katalon.core.main.TestCaseExecutor.processExecutionPhase(TestCaseExecutor.java:418)
	at com.kms.katalon.core.main.TestCaseExecutor.accessMainPhase(TestCaseExecutor.java:410)
	at com.kms.katalon.core.main.TestCaseExecutor.execute(TestCaseExecutor.java:285)
	at com.kms.katalon.core.common.CommonExecutor.accessTestCaseMainPhase(CommonExecutor.java:65)
	at com.kms.katalon.core.main.TestSuiteExecutor.accessTestSuiteMainPhase(TestSuiteExecutor.java:148)
	at com.kms.katalon.core.main.TestSuiteExecutor.execute(TestSuiteExecutor.java:106)
	at com.kms.katalon.core.main.TestCaseMain.startTestSuite(TestCaseMain.java:187)
	at com.kms.katalon.core.main.TestCaseMain$startTestSuite$0.call(Unknown Source)
	at TempTestSuite1715800219174.run(TempTestSuite1715800219174.groovy:35)
Caused by: org.openqa.selenium.NoSuchElementException: Cannot locate element with text: 2023
For documentation on this error, please visit: https://www.seleniumhq.org/exceptions/no_such_element.html
Build info: version: '3.141.59', revision: 'e82be7d358', time: '2018-11-14T08:25:53'
System info: host: 'DESKTOP-B2QI6NS', ip: '172.31.253.185', os.name: 'Windows 10', os.arch: 'amd64', os.version: '10.0', java.version: '1.8.0_181'
Driver info: driver.version: unknown
	at org.openqa.selenium.support.ui.Select.selectByVisibleText(Select.java:147)
	at com.kms.katalon.core.webui.common.WebUiCommonHelper.selectOrDeselectOptionsByLabel(WebUiCommonHelper.java:310)
	at com.kms.katalon.core.webui.keyword.builtin.SelectOptionByLabelKeyword$_selectOptionByLabel_closure1.doCall(SelectOptionByLabelKeyword.groovy:87)
	at com.kms.katalon.core.webui.keyword.builtin.SelectOptionByLabelKeyword$_selectOptionByLabel_closure1.call(SelectOptionByLabelKeyword.groovy)
	at com.kms.katalon.core.webui.keyword.internal.WebUIKeywordMain.runKeyword(WebUIKeywordMain.groovy:20)
	at com.kms.katalon.core.webui.keyword.builtin.SelectOptionByLabelKeyword.selectOptionByLabel(SelectOptionByLabelKeyword.groovy:98)
	at com.kms.katalon.core.webui.keyword.builtin.SelectOptionByLabelKeyword.execute(SelectOptionByLabelKeyword.groovy:71)
	at com.kms.katalon.core.keyword.internal.KeywordExecutor.executeKeywordForPlatform(KeywordExecutor.groovy:74)
	at com.kms.katalon.core.webui.keyword.WebUiBuiltInKeywords.selectOptionByLabel(WebUiBuiltInKeywords.groovy:1230)
	at com.kms.katalon.core.webui.keyword.WebUiBuiltInKeywords$selectOptionByLabel$7.call(Unknown Source)
	at Script1593468708030.run(Script1593468708030.groovy:476)
	... 13 more
)

2024-05-15 15:37:02 - [TEST_STEP][FAILED] - selectOptionByLabel(findTestObject("Object Repository/IWP30/Page_CCPaymentEntry/Year"), CCExpY, false): Unable to select option by label '2023' of object 'Object Repository/IWP30/Page_CCPaymentEntry/Year'  (Root cause: com.kms.katalon.core.exception.StepFailedException: Unable to select option by label '2023' of object 'Object Repository/IWP30/Page_CCPaymentEntry/Year' 
	at com.kms.katalon.core.webui.keyword.internal.WebUIKeywordMain.stepFailed(WebUIKeywordMain.groovy:64)
	at com.kms.katalon.core.webui.keyword.internal.WebUIKeywordMain.runKeyword(WebUIKeywordMain.groovy:26)
	at com.kms.katalon.core.webui.keyword.builtin.SelectOptionByLabelKeyword.selectOptionByLabel(SelectOptionByLabelKeyword.groovy:98)
	at com.kms.katalon.core.webui.keyword.builtin.SelectOptionByLabelKeyword.execute(SelectOptionByLabelKeyword.groovy:71)
	at com.kms.katalon.core.keyword.internal.KeywordExecutor.executeKeywordForPlatform(KeywordExecutor.groovy:74)
	at com.kms.katalon.core.webui.keyword.WebUiBuiltInKeywords.selectOptionByLabel(WebUiBuiltInKeywords.groovy:1230)
	at com.kms.katalon.core.webui.keyword.WebUiBuiltInKeywords$selectOptionByLabel$7.call(Unknown Source)
	at PayNowReqFieldsCC.run(PayNowReqFieldsCC:476)
	at com.kms.katalon.core.main.ScriptEngine.run(ScriptEngine.java:194)
	at com.kms.katalon.core.main.ScriptEngine.runScriptAsRawText(ScriptEngine.java:119)
	at com.kms.katalon.core.main.TestCaseExecutor.runScript(TestCaseExecutor.java:448)
	at com.kms.katalon.core.main.TestCaseExecutor.doExecute(TestCaseExecutor.java:439)
	at com.kms.katalon.core.main.TestCaseExecutor.processExecutionPhase(TestCaseExecutor.java:418)
	at com.kms.katalon.core.main.TestCaseExecutor.accessMainPhase(TestCaseExecutor.java:410)
	at com.kms.katalon.core.main.TestCaseExecutor.execute(TestCaseExecutor.java:285)
	at com.kms.katalon.core.common.CommonExecutor.accessTestCaseMainPhase(CommonExecutor.java:65)
	at com.kms.katalon.core.main.TestSuiteExecutor.accessTestSuiteMainPhase(TestSuiteExecutor.java:148)
	at com.kms.katalon.core.main.TestSuiteExecutor.execute(TestSuiteExecutor.java:106)
	at com.kms.katalon.core.main.TestCaseMain.startTestSuite(TestCaseMain.java:187)
	at com.kms.katalon.core.main.TestCaseMain$startTestSuite$0.call(Unknown Source)
	at TempTestSuite1715800219174.run(TempTestSuite1715800219174.groovy:35)
Caused by: org.openqa.selenium.NoSuchElementException: Cannot locate element with text: 2023
For documentation on this error, please visit: https://www.seleniumhq.org/exceptions/no_such_element.html
Build info: version: '3.141.59', revision: 'e82be7d358', time: '2018-11-14T08:25:53'
System info: host: 'DESKTOP-B2QI6NS', ip: '172.31.253.185', os.name: 'Windows 10', os.arch: 'amd64', os.version: '10.0', java.version: '1.8.0_181'
Driver info: driver.version: unknown
	at org.openqa.selenium.support.ui.Select.selectByVisibleText(Select.java:147)
	at com.kms.katalon.core.webui.common.WebUiCommonHelper.selectOrDeselectOptionsByLabel(WebUiCommonHelper.java:310)
	at com.kms.katalon.core.webui.keyword.builtin.SelectOptionByLabelKeyword$_selectOptionByLabel_closure1.doCall(SelectOptionByLabelKeyword.groovy:87)
	at com.kms.katalon.core.webui.keyword.builtin.SelectOptionByLabelKeyword$_selectOptionByLabel_closure1.call(SelectOptionByLabelKeyword.groovy)
	at com.kms.katalon.core.webui.keyword.internal.WebUIKeywordMain.runKeyword(WebUIKeywordMain.groovy:20)
	at com.kms.katalon.core.webui.keyword.builtin.SelectOptionByLabelKeyword.selectOptionByLabel(SelectOptionByLabelKeyword.groovy:98)
	at com.kms.katalon.core.webui.keyword.builtin.SelectOptionByLabelKeyword.execute(SelectOptionByLabelKeyword.groovy:71)
	at com.kms.katalon.core.keyword.internal.KeywordExecutor.executeKeywordForPlatform(KeywordExecutor.groovy:74)
	at com.kms.katalon.core.webui.keyword.WebUiBuiltInKeywords.selectOptionByLabel(WebUiBuiltInKeywords.groovy:1230)
	at com.kms.katalon.core.webui.keyword.WebUiBuiltInKeywords$selectOptionByLabel$7.call(Unknown Source)
	at Script1593468708030.run(Script1593468708030.groovy:476)
	... 13 more
)

2024-05-15 15:37:03 - [MESSAGE][FAILED] - Unable to select option by label '2023' of object 'Object Repository/IWP30/Page_CCPaymentEntry/Year'  (Root cause: com.kms.katalon.core.exception.StepFailedException: Unable to select option by label '2023' of object 'Object Repository/IWP30/Page_CCPaymentEntry/Year' 
	at com.kms.katalon.core.webui.keyword.internal.WebUIKeywordMain.stepFailed(WebUIKeywordMain.groovy:64)
	at com.kms.katalon.core.webui.keyword.internal.WebUIKeywordMain.runKeyword(WebUIKeywordMain.groovy:26)
	at com.kms.katalon.core.webui.keyword.builtin.SelectOptionByLabelKeyword.selectOptionByLabel(SelectOptionByLabelKeyword.groovy:98)
	at com.kms.katalon.core.webui.keyword.builtin.SelectOptionByLabelKeyword.execute(SelectOptionByLabelKeyword.groovy:71)
	at com.kms.katalon.core.keyword.internal.KeywordExecutor.executeKeywordForPlatform(KeywordExecutor.groovy:74)
	at com.kms.katalon.core.webui.keyword.WebUiBuiltInKeywords.selectOptionByLabel(WebUiBuiltInKeywords.groovy:1230)
	at com.kms.katalon.core.webui.keyword.WebUiBuiltInKeywords$selectOptionByLabel$7.call(Unknown Source)
	at PayNowReqFieldsCC.run(PayNowReqFieldsCC:476)
	at com.kms.katalon.core.main.ScriptEngine.run(ScriptEngine.java:194)
	at com.kms.katalon.core.main.ScriptEngine.runScriptAsRawText(ScriptEngine.java:119)
	at com.kms.katalon.core.main.TestCaseExecutor.runScript(TestCaseExecutor.java:448)
	at com.kms.katalon.core.main.TestCaseExecutor.doExecute(TestCaseExecutor.java:439)
	at com.kms.katalon.core.main.TestCaseExecutor.processExecutionPhase(TestCaseExecutor.java:418)
	at com.kms.katalon.core.main.TestCaseExecutor.accessMainPhase(TestCaseExecutor.java:410)
	at com.kms.katalon.core.main.TestCaseExecutor.execute(TestCaseExecutor.java:285)
	at com.kms.katalon.core.common.CommonExecutor.accessTestCaseMainPhase(CommonExecutor.java:65)
	at com.kms.katalon.core.main.TestSuiteExecutor.accessTestSuiteMainPhase(TestSuiteExecutor.java:148)
	at com.kms.katalon.core.main.TestSuiteExecutor.execute(TestSuiteExecutor.java:106)
	at com.kms.katalon.core.main.TestCaseMain.startTestSuite(TestCaseMain.java:187)
	at com.kms.katalon.core.main.TestCaseMain$startTestSuite$0.call(Unknown Source)
	at TempTestSuite1715800219174.run(TempTestSuite1715800219174.groovy:35)
Caused by: org.openqa.selenium.NoSuchElementException: Cannot locate element with text: 2023
For documentation on this error, please visit: https://www.seleniumhq.org/exceptions/no_such_element.html
Build info: version: '3.141.59', revision: 'e82be7d358', time: '2018-11-14T08:25:53'
System info: host: 'DESKTOP-B2QI6NS', ip: '172.31.253.185', os.name: 'Windows 10', os.arch: 'amd64', os.version: '10.0', java.version: '1.8.0_181'
Driver info: driver.version: unknown
	at org.openqa.selenium.support.ui.Select.selectByVisibleText(Select.java:147)
	at com.kms.katalon.core.webui.common.WebUiCommonHelper.selectOrDeselectOptionsByLabel(WebUiCommonHelper.java:310)
	at com.kms.katalon.core.webui.keyword.builtin.SelectOptionByLabelKeyword$_selectOptionByLabel_closure1.doCall(SelectOptionByLabelKeyword.groovy:87)
	at com.kms.katalon.core.webui.keyword.builtin.SelectOptionByLabelKeyword$_selectOptionByLabel_closure1.call(SelectOptionByLabelKeyword.groovy)
	at com.kms.katalon.core.webui.keyword.internal.WebUIKeywordMain.runKeyword(WebUIKeywordMain.groovy:20)
	at com.kms.katalon.core.webui.keyword.builtin.SelectOptionByLabelKeyword.selectOptionByLabel(SelectOptionByLabelKeyword.groovy:98)
	at com.kms.katalon.core.webui.keyword.builtin.SelectOptionByLabelKeyword.execute(SelectOptionByLabelKeyword.groovy:71)
	at com.kms.katalon.core.keyword.internal.KeywordExecutor.executeKeywordForPlatform(KeywordExecutor.groovy:74)
	at com.kms.katalon.core.webui.keyword.WebUiBuiltInKeywords.selectOptionByLabel(WebUiBuiltInKeywords.groovy:1230)
	at com.kms.katalon.core.webui.keyword.WebUiBuiltInKeywords$selectOptionByLabel$7.call(Unknown Source)
	at Script1593468708030.run(Script1593468708030.groovy:476)
	... 13 more
)
[[ATTACHMENT|E:\\Cloned-Project-Katalon\\VPS-Katalon\\Reports\\20240515_151019\\QA\\IWP3.0\\IWP30 Smoke TestSuite\\20240515_151019\\1715801822664.png]]

2024-05-15 15:37:03 - [TEST_STEP][PASSED] - if (verifyElementPresent(findTestObject("Object Repository/IWP30/Page_CCPaymentEntry/ProcessDate"), 30)): null

2024-05-15 15:37:03 - [MESSAGE][PASSED] - Object 'Object Repository/IWP30/Page_CCPaymentEntry/ProcessDate' is present

2024-05-15 15:37:03 - [TEST_STEP][PASSED] - if (!(CCDate.isEmpty())): null

2024-05-15 15:37:03 - [TEST_STEP][PASSED] - else: null

2024-05-15 15:37:03 - [TEST_STEP][PASSED] - println("CCDate is not present in the Excel Spreadsheet"): null

2024-05-15 15:37:03 - [TEST_STEP][PASSED] - if (verifyElementPresent(findTestObject("Object Repository/IWP30/Page_CCPaymentEntry/AL1"), 30)): null

2024-05-15 15:37:04 - [MESSAGE][PASSED] - Object 'Object Repository/IWP30/Page_CCPaymentEntry/AL1' is present

2024-05-15 15:37:04 - [TEST_STEP][PASSED] - if (!(CCAL1.isEmpty())): Text 'Mera AL1' is set on object 'Object Repository/IWP30/Page_CCPaymentEntry/AL1'

2024-05-15 15:37:04 - [TEST_STEP][PASSED] - setText(findTestObject("Object Repository/IWP30/Page_CCPaymentEntry/AL1"), CCAL1): Text 'Mera AL1' is set on object 'Object Repository/IWP30/Page_CCPaymentEntry/AL1'

2024-05-15 15:37:04 - [MESSAGE][PASSED] - Text 'Mera AL1' is set on object 'Object Repository/IWP30/Page_CCPaymentEntry/AL1'

2024-05-15 15:37:04 - [TEST_STEP][PASSED] - if (verifyElementPresent(findTestObject("Object Repository/IWP30/Page_CCPaymentEntry/AL2"), 30)): null

2024-05-15 15:37:04 - [MESSAGE][PASSED] - Object 'Object Repository/IWP30/Page_CCPaymentEntry/AL2' is present

2024-05-15 15:37:04 - [TEST_STEP][PASSED] - if (!(CCAL2.isEmpty())): Text 'Mera AL2' is set on object 'Object Repository/IWP30/Page_CCPaymentEntry/AL2'

2024-05-15 15:37:04 - [TEST_STEP][PASSED] - setText(findTestObject("Object Repository/IWP30/Page_CCPaymentEntry/AL2"), CCAL2): Text 'Mera AL2' is set on object 'Object Repository/IWP30/Page_CCPaymentEntry/AL2'

2024-05-15 15:37:05 - [MESSAGE][PASSED] - Text 'Mera AL2' is set on object 'Object Repository/IWP30/Page_CCPaymentEntry/AL2'

2024-05-15 15:37:05 - [TEST_STEP][PASSED] - if (verifyElementPresent(findTestObject("Object Repository/IWP30/Page_CCPaymentEntry/ZIP"), 30)): null

2024-05-15 15:37:05 - [MESSAGE][PASSED] - Object 'Object Repository/IWP30/Page_CCPaymentEntry/ZIP' is present

2024-05-15 15:37:05 - [TEST_STEP][PASSED] - if (!(CCZIP.isEmpty())): Text '21054' is set on object 'Object Repository/IWP30/Page_CCPaymentEntry/ZIP'

2024-05-15 15:37:05 - [TEST_STEP][PASSED] - setText(findTestObject("Object Repository/IWP30/Page_CCPaymentEntry/ZIP"), CCZIP): Text '21054' is set on object 'Object Repository/IWP30/Page_CCPaymentEntry/ZIP'

2024-05-15 15:37:06 - [MESSAGE][PASSED] - Text '21054' is set on object 'Object Repository/IWP30/Page_CCPaymentEntry/ZIP'

2024-05-15 15:37:06 - [TEST_STEP][PASSED] - if (verifyElementPresent(findTestObject("Object Repository/IWP30/Page_CCPaymentEntry/EmailAddress"), 30)): null

2024-05-15 15:37:06 - [MESSAGE][PASSED] - Object 'Object Repository/IWP30/Page_CCPaymentEntry/EmailAddress' is present

2024-05-15 15:37:06 - [TEST_STEP][PASSED] - if (!(CCEmail.isEmpty())): Text 'merae@gmail.com' is set on object 'Object Repository/IWP30/Page_CCPaymentEntry/EmailAddress'

2024-05-15 15:37:06 - [TEST_STEP][PASSED] - setText(findTestObject("Object Repository/IWP30/Page_CCPaymentEntry/EmailAddress"), CCEmail): Text 'merae@gmail.com' is set on object 'Object Repository/IWP30/Page_CCPaymentEntry/EmailAddress'

2024-05-15 15:37:07 - [MESSAGE][PASSED] - Text 'merae@gmail.com' is set on object 'Object Repository/IWP30/Page_CCPaymentEntry/EmailAddress'

2024-05-15 15:37:07 - [TEST_STEP][PASSED] - if (verifyElementPresent(findTestObject("Object Repository/IWP30/Page_CCPaymentEntry/TermCondCheckBox"), 30)): null

2024-05-15 15:37:08 - [MESSAGE][PASSED] - Object 'Object Repository/IWP30/Page_CCPaymentEntry/TermCondCheckBox' is present

2024-05-15 15:37:08 - [TEST_STEP][PASSED] - check(findTestObject("Object Repository/IWP30/Page_CCPaymentEntry/TermCondCheckBox")): Object 'Object Repository/IWP30/Page_CCPaymentEntry/TermCondCheckBox' is checked

2024-05-15 15:37:08 - [MESSAGE][PASSED] - Object 'Object Repository/IWP30/Page_CCPaymentEntry/TermCondCheckBox' is checked

2024-05-15 15:37:08 - [TEST_STEP][PASSED] - if (verifyElementPresent(findTestObject("Object Repository/IWP30/Page_CCPaymentEntry/ContinueButton"), 30)): null

2024-05-15 15:37:08 - [MESSAGE][PASSED] - Object 'Object Repository/IWP30/Page_CCPaymentEntry/ContinueButton' is present

2024-05-15 15:37:08 - [TEST_STEP][PASSED] - click(findTestObject("Object Repository/IWP30/Page_CCPaymentEntry/ContinueButton")): Object: 'Object Repository/IWP30/Page_CCPaymentEntry/ContinueButton' is clicked on

2024-05-15 15:37:09 - [MESSAGE][PASSED] - Object: 'Object Repository/IWP30/Page_CCPaymentEntry/ContinueButton' is clicked on

2024-05-15 15:37:09 - [TEST_STEP][FAILED] - if (verifyTextPresent("Please verify the following information", false)): Text 'Please verify the following information' is not present on page  (Root cause: com.kms.katalon.core.exception.StepFailedException: Text 'Please verify the following information' is not present on page 
	at com.kms.katalon.core.webui.keyword.internal.WebUIKeywordMain.stepFailed(WebUIKeywordMain.groovy:64)
	at com.kms.katalon.core.webui.keyword.builtin.VerifyTextPresentKeyword$_verifyTextPresent_closure1.doCall(VerifyTextPresentKeyword.groovy:79)
	at com.kms.katalon.core.webui.keyword.builtin.VerifyTextPresentKeyword$_verifyTextPresent_closure1.call(VerifyTextPresentKeyword.groovy)
	at com.kms.katalon.core.webui.keyword.internal.WebUIKeywordMain.runKeyword(WebUIKeywordMain.groovy:20)
	at com.kms.katalon.core.webui.keyword.builtin.VerifyTextPresentKeyword.verifyTextPresent(VerifyTextPresentKeyword.groovy:83)
	at com.kms.katalon.core.webui.keyword.builtin.VerifyTextPresentKeyword.execute(VerifyTextPresentKeyword.groovy:68)
	at com.kms.katalon.core.keyword.internal.KeywordExecutor.executeKeywordForPlatform(KeywordExecutor.groovy:74)
	at com.kms.katalon.core.webui.keyword.WebUiBuiltInKeywords.verifyTextPresent(WebUiBuiltInKeywords.groovy:1723)
	at com.kms.katalon.core.webui.keyword.WebUiBuiltInKeywords$verifyTextPresent$8.call(Unknown Source)
	at PayNowReqFieldsCC.run(PayNowReqFieldsCC:573)
	at com.kms.katalon.core.main.ScriptEngine.run(ScriptEngine.java:194)
	at com.kms.katalon.core.main.ScriptEngine.runScriptAsRawText(ScriptEngine.java:119)
	at com.kms.katalon.core.main.TestCaseExecutor.runScript(TestCaseExecutor.java:448)
	at com.kms.katalon.core.main.TestCaseExecutor.doExecute(TestCaseExecutor.java:439)
	at com.kms.katalon.core.main.TestCaseExecutor.processExecutionPhase(TestCaseExecutor.java:418)
	at com.kms.katalon.core.main.TestCaseExecutor.accessMainPhase(TestCaseExecutor.java:410)
	at com.kms.katalon.core.main.TestCaseExecutor.execute(TestCaseExecutor.java:285)
	at com.kms.katalon.core.common.CommonExecutor.accessTestCaseMainPhase(CommonExecutor.java:65)
	at com.kms.katalon.core.main.TestSuiteExecutor.accessTestSuiteMainPhase(TestSuiteExecutor.java:148)
	at com.kms.katalon.core.main.TestSuiteExecutor.execute(TestSuiteExecutor.java:106)
	at com.kms.katalon.core.main.TestCaseMain.startTestSuite(TestCaseMain.java:187)
	at com.kms.katalon.core.main.TestCaseMain$startTestSuite$0.call(Unknown Source)
	at TempTestSuite1715800219174.run(TempTestSuite1715800219174.groovy:35)
)

2024-05-15 15:37:10 - [MESSAGE][FAILED] - Text 'Please verify the following information' is not present on page  (Root cause: com.kms.katalon.core.exception.StepFailedException: Text 'Please verify the following information' is not present on page 
	at com.kms.katalon.core.webui.keyword.internal.WebUIKeywordMain.stepFailed(WebUIKeywordMain.groovy:64)
	at com.kms.katalon.core.webui.keyword.builtin.VerifyTextPresentKeyword$_verifyTextPresent_closure1.doCall(VerifyTextPresentKeyword.groovy:79)
	at com.kms.katalon.core.webui.keyword.builtin.VerifyTextPresentKeyword$_verifyTextPresent_closure1.call(VerifyTextPresentKeyword.groovy)
	at com.kms.katalon.core.webui.keyword.internal.WebUIKeywordMain.runKeyword(WebUIKeywordMain.groovy:20)
	at com.kms.katalon.core.webui.keyword.builtin.VerifyTextPresentKeyword.verifyTextPresent(VerifyTextPresentKeyword.groovy:83)
	at com.kms.katalon.core.webui.keyword.builtin.VerifyTextPresentKeyword.execute(VerifyTextPresentKeyword.groovy:68)
	at com.kms.katalon.core.keyword.internal.KeywordExecutor.executeKeywordForPlatform(KeywordExecutor.groovy:74)
	at com.kms.katalon.core.webui.keyword.WebUiBuiltInKeywords.verifyTextPresent(WebUiBuiltInKeywords.groovy:1723)
	at com.kms.katalon.core.webui.keyword.WebUiBuiltInKeywords$verifyTextPresent$8.call(Unknown Source)
	at PayNowReqFieldsCC.run(PayNowReqFieldsCC:573)
	at com.kms.katalon.core.main.ScriptEngine.run(ScriptEngine.java:194)
	at com.kms.katalon.core.main.ScriptEngine.runScriptAsRawText(ScriptEngine.java:119)
	at com.kms.katalon.core.main.TestCaseExecutor.runScript(TestCaseExecutor.java:448)
	at com.kms.katalon.core.main.TestCaseExecutor.doExecute(TestCaseExecutor.java:439)
	at com.kms.katalon.core.main.TestCaseExecutor.processExecutionPhase(TestCaseExecutor.java:418)
	at com.kms.katalon.core.main.TestCaseExecutor.accessMainPhase(TestCaseExecutor.java:410)
	at com.kms.katalon.core.main.TestCaseExecutor.execute(TestCaseExecutor.java:285)
	at com.kms.katalon.core.common.CommonExecutor.accessTestCaseMainPhase(CommonExecutor.java:65)
	at com.kms.katalon.core.main.TestSuiteExecutor.accessTestSuiteMainPhase(TestSuiteExecutor.java:148)
	at com.kms.katalon.core.main.TestSuiteExecutor.execute(TestSuiteExecutor.java:106)
	at com.kms.katalon.core.main.TestCaseMain.startTestSuite(TestCaseMain.java:187)
	at com.kms.katalon.core.main.TestCaseMain$startTestSuite$0.call(Unknown Source)
	at TempTestSuite1715800219174.run(TempTestSuite1715800219174.groovy:35)
)

2024-05-15 15:37:10 - [TEST_STEP][PASSED] - else: null

2024-05-15 15:37:10 - [TEST_STEP][FAILED] - if (verifyTextPresent("Is this information correct?", false)): Text 'Is this information correct?' is not present on page  (Root cause: com.kms.katalon.core.exception.StepFailedException: Text 'Is this information correct?' is not present on page 
	at com.kms.katalon.core.webui.keyword.internal.WebUIKeywordMain.stepFailed(WebUIKeywordMain.groovy:64)
	at com.kms.katalon.core.webui.keyword.builtin.VerifyTextPresentKeyword$_verifyTextPresent_closure1.doCall(VerifyTextPresentKeyword.groovy:79)
	at com.kms.katalon.core.webui.keyword.builtin.VerifyTextPresentKeyword$_verifyTextPresent_closure1.call(VerifyTextPresentKeyword.groovy)
	at com.kms.katalon.core.webui.keyword.internal.WebUIKeywordMain.runKeyword(WebUIKeywordMain.groovy:20)
	at com.kms.katalon.core.webui.keyword.builtin.VerifyTextPresentKeyword.verifyTextPresent(VerifyTextPresentKeyword.groovy:83)
	at com.kms.katalon.core.webui.keyword.builtin.VerifyTextPresentKeyword.execute(VerifyTextPresentKeyword.groovy:68)
	at com.kms.katalon.core.keyword.internal.KeywordExecutor.executeKeywordForPlatform(KeywordExecutor.groovy:74)
	at com.kms.katalon.core.webui.keyword.WebUiBuiltInKeywords.verifyTextPresent(WebUiBuiltInKeywords.groovy:1723)
	at com.kms.katalon.core.webui.keyword.WebUiBuiltInKeywords$verifyTextPresent$8.call(Unknown Source)
	at PayNowReqFieldsCC.run(PayNowReqFieldsCC:581)
	at com.kms.katalon.core.main.ScriptEngine.run(ScriptEngine.java:194)
	at com.kms.katalon.core.main.ScriptEngine.runScriptAsRawText(ScriptEngine.java:119)
	at com.kms.katalon.core.main.TestCaseExecutor.runScript(TestCaseExecutor.java:448)
	at com.kms.katalon.core.main.TestCaseExecutor.doExecute(TestCaseExecutor.java:439)
	at com.kms.katalon.core.main.TestCaseExecutor.processExecutionPhase(TestCaseExecutor.java:418)
	at com.kms.katalon.core.main.TestCaseExecutor.accessMainPhase(TestCaseExecutor.java:410)
	at com.kms.katalon.core.main.TestCaseExecutor.execute(TestCaseExecutor.java:285)
	at com.kms.katalon.core.common.CommonExecutor.accessTestCaseMainPhase(CommonExecutor.java:65)
	at com.kms.katalon.core.main.TestSuiteExecutor.accessTestSuiteMainPhase(TestSuiteExecutor.java:148)
	at com.kms.katalon.core.main.TestSuiteExecutor.execute(TestSuiteExecutor.java:106)
	at com.kms.katalon.core.main.TestCaseMain.startTestSuite(TestCaseMain.java:187)
	at com.kms.katalon.core.main.TestCaseMain$startTestSuite$0.call(Unknown Source)
	at TempTestSuite1715800219174.run(TempTestSuite1715800219174.groovy:35)
)

2024-05-15 15:37:10 - [MESSAGE][FAILED] - Text 'Is this information correct?' is not present on page  (Root cause: com.kms.katalon.core.exception.StepFailedException: Text 'Is this information correct?' is not present on page 
	at com.kms.katalon.core.webui.keyword.internal.WebUIKeywordMain.stepFailed(WebUIKeywordMain.groovy:64)
	at com.kms.katalon.core.webui.keyword.builtin.VerifyTextPresentKeyword$_verifyTextPresent_closure1.doCall(VerifyTextPresentKeyword.groovy:79)
	at com.kms.katalon.core.webui.keyword.builtin.VerifyTextPresentKeyword$_verifyTextPresent_closure1.call(VerifyTextPresentKeyword.groovy)
	at com.kms.katalon.core.webui.keyword.internal.WebUIKeywordMain.runKeyword(WebUIKeywordMain.groovy:20)
	at com.kms.katalon.core.webui.keyword.builtin.VerifyTextPresentKeyword.verifyTextPresent(VerifyTextPresentKeyword.groovy:83)
	at com.kms.katalon.core.webui.keyword.builtin.VerifyTextPresentKeyword.execute(VerifyTextPresentKeyword.groovy:68)
	at com.kms.katalon.core.keyword.internal.KeywordExecutor.executeKeywordForPlatform(KeywordExecutor.groovy:74)
	at com.kms.katalon.core.webui.keyword.WebUiBuiltInKeywords.verifyTextPresent(WebUiBuiltInKeywords.groovy:1723)
	at com.kms.katalon.core.webui.keyword.WebUiBuiltInKeywords$verifyTextPresent$8.call(Unknown Source)
	at PayNowReqFieldsCC.run(PayNowReqFieldsCC:581)
	at com.kms.katalon.core.main.ScriptEngine.run(ScriptEngine.java:194)
	at com.kms.katalon.core.main.ScriptEngine.runScriptAsRawText(ScriptEngine.java:119)
	at com.kms.katalon.core.main.TestCaseExecutor.runScript(TestCaseExecutor.java:448)
	at com.kms.katalon.core.main.TestCaseExecutor.doExecute(TestCaseExecutor.java:439)
	at com.kms.katalon.core.main.TestCaseExecutor.processExecutionPhase(TestCaseExecutor.java:418)
	at com.kms.katalon.core.main.TestCaseExecutor.accessMainPhase(TestCaseExecutor.java:410)
	at com.kms.katalon.core.main.TestCaseExecutor.execute(TestCaseExecutor.java:285)
	at com.kms.katalon.core.common.CommonExecutor.accessTestCaseMainPhase(CommonExecutor.java:65)
	at com.kms.katalon.core.main.TestSuiteExecutor.accessTestSuiteMainPhase(TestSuiteExecutor.java:148)
	at com.kms.katalon.core.main.TestSuiteExecutor.execute(TestSuiteExecutor.java:106)
	at com.kms.katalon.core.main.TestCaseMain.startTestSuite(TestCaseMain.java:187)
	at com.kms.katalon.core.main.TestCaseMain$startTestSuite$0.call(Unknown Source)
	at TempTestSuite1715800219174.run(TempTestSuite1715800219174.groovy:35)
)

2024-05-15 15:37:10 - [TEST_STEP][PASSED] - else: null

2024-05-15 15:37:10 - [TEST_STEP][PASSED] - println("Is this information correct text is not present on the Confirmation page"): null

2024-05-15 15:37:10 - [TEST_STEP][FAILED] - if (verifyElementPresent(findTestObject("Object Repository/IWP30/Page_Confirmation/ConfirmButton"), 30)): com.kms.katalon.core.webui.exception.WebElementNotFoundException: Web element with id: 'Object Repository/IWP30/Page_Confirmation/ConfirmButton' located by '//*[@type = 'submit' and @name = 'confirmNotifyAction' and @id = 'submitYes' and @value = 'Confirm']' not found (Root cause: com.kms.katalon.core.exception.StepFailedException: com.kms.katalon.core.webui.exception.WebElementNotFoundException: Web element with id: 'Object Repository/IWP30/Page_Confirmation/ConfirmButton' located by '//*[@type = 'submit' and @name = 'confirmNotifyAction' and @id = 'submitYes' and @value = 'Confirm']' not found
	at com.kms.katalon.core.webui.keyword.internal.WebUIKeywordMain.stepFailed(WebUIKeywordMain.groovy:64)
	at com.kms.katalon.core.webui.keyword.builtin.VerifyElementPresentKeyword$_verifyElementPresent_closure1.doCall(VerifyElementPresentKeyword.groovy:85)
	at com.kms.katalon.core.webui.keyword.builtin.VerifyElementPresentKeyword$_verifyElementPresent_closure1.call(VerifyElementPresentKeyword.groovy)
	at com.kms.katalon.core.webui.keyword.internal.WebUIKeywordMain.runKeyword(WebUIKeywordMain.groovy:20)
	at com.kms.katalon.core.webui.keyword.builtin.VerifyElementPresentKeyword.verifyElementPresent(VerifyElementPresentKeyword.groovy:92)
	at com.kms.katalon.core.webui.keyword.builtin.VerifyElementPresentKeyword.execute(VerifyElementPresentKeyword.groovy:68)
	at com.kms.katalon.core.keyword.internal.KeywordExecutor.executeKeywordForPlatform(KeywordExecutor.groovy:74)
	at com.kms.katalon.core.webui.keyword.WebUiBuiltInKeywords.verifyElementPresent(WebUiBuiltInKeywords.groovy:1464)
	at com.kms.katalon.core.webui.keyword.WebUiBuiltInKeywords$verifyElementPresent$5.call(Unknown Source)
	at PayNowReqFieldsCC.run(PayNowReqFieldsCC:589)
	at com.kms.katalon.core.main.ScriptEngine.run(ScriptEngine.java:194)
	at com.kms.katalon.core.main.ScriptEngine.runScriptAsRawText(ScriptEngine.java:119)
	at com.kms.katalon.core.main.TestCaseExecutor.runScript(TestCaseExecutor.java:448)
	at com.kms.katalon.core.main.TestCaseExecutor.doExecute(TestCaseExecutor.java:439)
	at com.kms.katalon.core.main.TestCaseExecutor.processExecutionPhase(TestCaseExecutor.java:418)
	at com.kms.katalon.core.main.TestCaseExecutor.accessMainPhase(TestCaseExecutor.java:410)
	at com.kms.katalon.core.main.TestCaseExecutor.execute(TestCaseExecutor.java:285)
	at com.kms.katalon.core.common.CommonExecutor.accessTestCaseMainPhase(CommonExecutor.java:65)
	at com.kms.katalon.core.main.TestSuiteExecutor.accessTestSuiteMainPhase(TestSuiteExecutor.java:148)
	at com.kms.katalon.core.main.TestSuiteExecutor.execute(TestSuiteExecutor.java:106)
	at com.kms.katalon.core.main.TestCaseMain.startTestSuite(TestCaseMain.java:187)
	at com.kms.katalon.core.main.TestCaseMain$startTestSuite$0.call(Unknown Source)
	at TempTestSuite1715800219174.run(TempTestSuite1715800219174.groovy:35)
)

2024-05-15 15:37:42 - [MESSAGE][INFO] - Unable to find the element located by 'By.xpath: //*[@type = 'submit' and @name = 'confirmNotifyAction' and @id = 'submitYes' and @value = 'Confirm']'. Please recheck the objects properties to make sure the desired element is located. 

2024-05-15 15:37:42 - [MESSAGE][FAILED] - com.kms.katalon.core.webui.exception.WebElementNotFoundException: Web element with id: 'Object Repository/IWP30/Page_Confirmation/ConfirmButton' located by '//*[@type = 'submit' and @name = 'confirmNotifyAction' and @id = 'submitYes' and @value = 'Confirm']' not found (Root cause: com.kms.katalon.core.exception.StepFailedException: com.kms.katalon.core.webui.exception.WebElementNotFoundException: Web element with id: 'Object Repository/IWP30/Page_Confirmation/ConfirmButton' located by '//*[@type = 'submit' and @name = 'confirmNotifyAction' and @id = 'submitYes' and @value = 'Confirm']' not found
	at com.kms.katalon.core.webui.keyword.internal.WebUIKeywordMain.stepFailed(WebUIKeywordMain.groovy:64)
	at com.kms.katalon.core.webui.keyword.builtin.VerifyElementPresentKeyword$_verifyElementPresent_closure1.doCall(VerifyElementPresentKeyword.groovy:85)
	at com.kms.katalon.core.webui.keyword.builtin.VerifyElementPresentKeyword$_verifyElementPresent_closure1.call(VerifyElementPresentKeyword.groovy)
	at com.kms.katalon.core.webui.keyword.internal.WebUIKeywordMain.runKeyword(WebUIKeywordMain.groovy:20)
	at com.kms.katalon.core.webui.keyword.builtin.VerifyElementPresentKeyword.verifyElementPresent(VerifyElementPresentKeyword.groovy:92)
	at com.kms.katalon.core.webui.keyword.builtin.VerifyElementPresentKeyword.execute(VerifyElementPresentKeyword.groovy:68)
	at com.kms.katalon.core.keyword.internal.KeywordExecutor.executeKeywordForPlatform(KeywordExecutor.groovy:74)
	at com.kms.katalon.core.webui.keyword.WebUiBuiltInKeywords.verifyElementPresent(WebUiBuiltInKeywords.groovy:1464)
	at com.kms.katalon.core.webui.keyword.WebUiBuiltInKeywords$verifyElementPresent$5.call(Unknown Source)
	at PayNowReqFieldsCC.run(PayNowReqFieldsCC:589)
	at com.kms.katalon.core.main.ScriptEngine.run(ScriptEngine.java:194)
	at com.kms.katalon.core.main.ScriptEngine.runScriptAsRawText(ScriptEngine.java:119)
	at com.kms.katalon.core.main.TestCaseExecutor.runScript(TestCaseExecutor.java:448)
	at com.kms.katalon.core.main.TestCaseExecutor.doExecute(TestCaseExecutor.java:439)
	at com.kms.katalon.core.main.TestCaseExecutor.processExecutionPhase(TestCaseExecutor.java:418)
	at com.kms.katalon.core.main.TestCaseExecutor.accessMainPhase(TestCaseExecutor.java:410)
	at com.kms.katalon.core.main.TestCaseExecutor.execute(TestCaseExecutor.java:285)
	at com.kms.katalon.core.common.CommonExecutor.accessTestCaseMainPhase(CommonExecutor.java:65)
	at com.kms.katalon.core.main.TestSuiteExecutor.accessTestSuiteMainPhase(TestSuiteExecutor.java:148)
	at com.kms.katalon.core.main.TestSuiteExecutor.execute(TestSuiteExecutor.java:106)
	at com.kms.katalon.core.main.TestCaseMain.startTestSuite(TestCaseMain.java:187)
	at com.kms.katalon.core.main.TestCaseMain$startTestSuite$0.call(Unknown Source)
	at TempTestSuite1715800219174.run(TempTestSuite1715800219174.groovy:35)
)
[[ATTACHMENT|E:\\Cloned-Project-Katalon\\VPS-Katalon\\Reports\\20240515_151019\\QA\\IWP3.0\\IWP30 Smoke TestSuite\\20240515_151019\\1715801862133.png]]

2024-05-15 15:37:42 - [TEST_STEP][PASSED] - else: null

2024-05-15 15:37:42 - [TEST_STEP][PASSED] - println("Confirm button is missing on the Confirmation page"): null

2024-05-15 15:37:42 - [TEST_STEP][PASSED] - Thread.sleep(10000): null

2024-05-15 15:37:52 - [TEST_STEP][FAILED] - if (verifyTextPresent("Successful Payment Receipt", false)): Text 'Successful Payment Receipt' is not present on page  (Root cause: com.kms.katalon.core.exception.StepFailedException: Text 'Successful Payment Receipt' is not present on page 
	at com.kms.katalon.core.webui.keyword.internal.WebUIKeywordMain.stepFailed(WebUIKeywordMain.groovy:64)
	at com.kms.katalon.core.webui.keyword.builtin.VerifyTextPresentKeyword$_verifyTextPresent_closure1.doCall(VerifyTextPresentKeyword.groovy:79)
	at com.kms.katalon.core.webui.keyword.builtin.VerifyTextPresentKeyword$_verifyTextPresent_closure1.call(VerifyTextPresentKeyword.groovy)
	at com.kms.katalon.core.webui.keyword.internal.WebUIKeywordMain.runKeyword(WebUIKeywordMain.groovy:20)
	at com.kms.katalon.core.webui.keyword.builtin.VerifyTextPresentKeyword.verifyTextPresent(VerifyTextPresentKeyword.groovy:83)
	at com.kms.katalon.core.webui.keyword.builtin.VerifyTextPresentKeyword.execute(VerifyTextPresentKeyword.groovy:68)
	at com.kms.katalon.core.keyword.internal.KeywordExecutor.executeKeywordForPlatform(KeywordExecutor.groovy:74)
	at com.kms.katalon.core.webui.keyword.WebUiBuiltInKeywords.verifyTextPresent(WebUiBuiltInKeywords.groovy:1723)
	at com.kms.katalon.core.webui.keyword.WebUiBuiltInKeywords$verifyTextPresent$8.call(Unknown Source)
	at PayNowReqFieldsCC.run(PayNowReqFieldsCC:604)
	at com.kms.katalon.core.main.ScriptEngine.run(ScriptEngine.java:194)
	at com.kms.katalon.core.main.ScriptEngine.runScriptAsRawText(ScriptEngine.java:119)
	at com.kms.katalon.core.main.TestCaseExecutor.runScript(TestCaseExecutor.java:448)
	at com.kms.katalon.core.main.TestCaseExecutor.doExecute(TestCaseExecutor.java:439)
	at com.kms.katalon.core.main.TestCaseExecutor.processExecutionPhase(TestCaseExecutor.java:418)
	at com.kms.katalon.core.main.TestCaseExecutor.accessMainPhase(TestCaseExecutor.java:410)
	at com.kms.katalon.core.main.TestCaseExecutor.execute(TestCaseExecutor.java:285)
	at com.kms.katalon.core.common.CommonExecutor.accessTestCaseMainPhase(CommonExecutor.java:65)
	at com.kms.katalon.core.main.TestSuiteExecutor.accessTestSuiteMainPhase(TestSuiteExecutor.java:148)
	at com.kms.katalon.core.main.TestSuiteExecutor.execute(TestSuiteExecutor.java:106)
	at com.kms.katalon.core.main.TestCaseMain.startTestSuite(TestCaseMain.java:187)
	at com.kms.katalon.core.main.TestCaseMain$startTestSuite$0.call(Unknown Source)
	at TempTestSuite1715800219174.run(TempTestSuite1715800219174.groovy:35)
)

2024-05-15 15:37:53 - [MESSAGE][FAILED] - Text 'Successful Payment Receipt' is not present on page  (Root cause: com.kms.katalon.core.exception.StepFailedException: Text 'Successful Payment Receipt' is not present on page 
	at com.kms.katalon.core.webui.keyword.internal.WebUIKeywordMain.stepFailed(WebUIKeywordMain.groovy:64)
	at com.kms.katalon.core.webui.keyword.builtin.VerifyTextPresentKeyword$_verifyTextPresent_closure1.doCall(VerifyTextPresentKeyword.groovy:79)
	at com.kms.katalon.core.webui.keyword.builtin.VerifyTextPresentKeyword$_verifyTextPresent_closure1.call(VerifyTextPresentKeyword.groovy)
	at com.kms.katalon.core.webui.keyword.internal.WebUIKeywordMain.runKeyword(WebUIKeywordMain.groovy:20)
	at com.kms.katalon.core.webui.keyword.builtin.VerifyTextPresentKeyword.verifyTextPresent(VerifyTextPresentKeyword.groovy:83)
	at com.kms.katalon.core.webui.keyword.builtin.VerifyTextPresentKeyword.execute(VerifyTextPresentKeyword.groovy:68)
	at com.kms.katalon.core.keyword.internal.KeywordExecutor.executeKeywordForPlatform(KeywordExecutor.groovy:74)
	at com.kms.katalon.core.webui.keyword.WebUiBuiltInKeywords.verifyTextPresent(WebUiBuiltInKeywords.groovy:1723)
	at com.kms.katalon.core.webui.keyword.WebUiBuiltInKeywords$verifyTextPresent$8.call(Unknown Source)
	at PayNowReqFieldsCC.run(PayNowReqFieldsCC:604)
	at com.kms.katalon.core.main.ScriptEngine.run(ScriptEngine.java:194)
	at com.kms.katalon.core.main.ScriptEngine.runScriptAsRawText(ScriptEngine.java:119)
	at com.kms.katalon.core.main.TestCaseExecutor.runScript(TestCaseExecutor.java:448)
	at com.kms.katalon.core.main.TestCaseExecutor.doExecute(TestCaseExecutor.java:439)
	at com.kms.katalon.core.main.TestCaseExecutor.processExecutionPhase(TestCaseExecutor.java:418)
	at com.kms.katalon.core.main.TestCaseExecutor.accessMainPhase(TestCaseExecutor.java:410)
	at com.kms.katalon.core.main.TestCaseExecutor.execute(TestCaseExecutor.java:285)
	at com.kms.katalon.core.common.CommonExecutor.accessTestCaseMainPhase(CommonExecutor.java:65)
	at com.kms.katalon.core.main.TestSuiteExecutor.accessTestSuiteMainPhase(TestSuiteExecutor.java:148)
	at com.kms.katalon.core.main.TestSuiteExecutor.execute(TestSuiteExecutor.java:106)
	at com.kms.katalon.core.main.TestCaseMain.startTestSuite(TestCaseMain.java:187)
	at com.kms.katalon.core.main.TestCaseMain$startTestSuite$0.call(Unknown Source)
	at TempTestSuite1715800219174.run(TempTestSuite1715800219174.groovy:35)
)

2024-05-15 15:37:53 - [TEST_STEP][PASSED] - else: null

2024-05-15 15:37:53 - [TEST_STEP][FAILED] - if (verifyTextPresent("Please print this receipt for your records", false)): Text 'Please print this receipt for your records' is not present on page  (Root cause: com.kms.katalon.core.exception.StepFailedException: Text 'Please print this receipt for your records' is not present on page 
	at com.kms.katalon.core.webui.keyword.internal.WebUIKeywordMain.stepFailed(WebUIKeywordMain.groovy:64)
	at com.kms.katalon.core.webui.keyword.builtin.VerifyTextPresentKeyword$_verifyTextPresent_closure1.doCall(VerifyTextPresentKeyword.groovy:79)
	at com.kms.katalon.core.webui.keyword.builtin.VerifyTextPresentKeyword$_verifyTextPresent_closure1.call(VerifyTextPresentKeyword.groovy)
	at com.kms.katalon.core.webui.keyword.internal.WebUIKeywordMain.runKeyword(WebUIKeywordMain.groovy:20)
	at com.kms.katalon.core.webui.keyword.builtin.VerifyTextPresentKeyword.verifyTextPresent(VerifyTextPresentKeyword.groovy:83)
	at com.kms.katalon.core.webui.keyword.builtin.VerifyTextPresentKeyword.execute(VerifyTextPresentKeyword.groovy:68)
	at com.kms.katalon.core.keyword.internal.KeywordExecutor.executeKeywordForPlatform(KeywordExecutor.groovy:74)
	at com.kms.katalon.core.webui.keyword.WebUiBuiltInKeywords.verifyTextPresent(WebUiBuiltInKeywords.groovy:1723)
	at com.kms.katalon.core.webui.keyword.WebUiBuiltInKeywords$verifyTextPresent$8.call(Unknown Source)
	at PayNowReqFieldsCC.run(PayNowReqFieldsCC:611)
	at com.kms.katalon.core.main.ScriptEngine.run(ScriptEngine.java:194)
	at com.kms.katalon.core.main.ScriptEngine.runScriptAsRawText(ScriptEngine.java:119)
	at com.kms.katalon.core.main.TestCaseExecutor.runScript(TestCaseExecutor.java:448)
	at com.kms.katalon.core.main.TestCaseExecutor.doExecute(TestCaseExecutor.java:439)
	at com.kms.katalon.core.main.TestCaseExecutor.processExecutionPhase(TestCaseExecutor.java:418)
	at com.kms.katalon.core.main.TestCaseExecutor.accessMainPhase(TestCaseExecutor.java:410)
	at com.kms.katalon.core.main.TestCaseExecutor.execute(TestCaseExecutor.java:285)
	at com.kms.katalon.core.common.CommonExecutor.accessTestCaseMainPhase(CommonExecutor.java:65)
	at com.kms.katalon.core.main.TestSuiteExecutor.accessTestSuiteMainPhase(TestSuiteExecutor.java:148)
	at com.kms.katalon.core.main.TestSuiteExecutor.execute(TestSuiteExecutor.java:106)
	at com.kms.katalon.core.main.TestCaseMain.startTestSuite(TestCaseMain.java:187)
	at com.kms.katalon.core.main.TestCaseMain$startTestSuite$0.call(Unknown Source)
	at TempTestSuite1715800219174.run(TempTestSuite1715800219174.groovy:35)
)

2024-05-15 15:37:53 - [MESSAGE][FAILED] - Text 'Please print this receipt for your records' is not present on page  (Root cause: com.kms.katalon.core.exception.StepFailedException: Text 'Please print this receipt for your records' is not present on page 
	at com.kms.katalon.core.webui.keyword.internal.WebUIKeywordMain.stepFailed(WebUIKeywordMain.groovy:64)
	at com.kms.katalon.core.webui.keyword.builtin.VerifyTextPresentKeyword$_verifyTextPresent_closure1.doCall(VerifyTextPresentKeyword.groovy:79)
	at com.kms.katalon.core.webui.keyword.builtin.VerifyTextPresentKeyword$_verifyTextPresent_closure1.call(VerifyTextPresentKeyword.groovy)
	at com.kms.katalon.core.webui.keyword.internal.WebUIKeywordMain.runKeyword(WebUIKeywordMain.groovy:20)
	at com.kms.katalon.core.webui.keyword.builtin.VerifyTextPresentKeyword.verifyTextPresent(VerifyTextPresentKeyword.groovy:83)
	at com.kms.katalon.core.webui.keyword.builtin.VerifyTextPresentKeyword.execute(VerifyTextPresentKeyword.groovy:68)
	at com.kms.katalon.core.keyword.internal.KeywordExecutor.executeKeywordForPlatform(KeywordExecutor.groovy:74)
	at com.kms.katalon.core.webui.keyword.WebUiBuiltInKeywords.verifyTextPresent(WebUiBuiltInKeywords.groovy:1723)
	at com.kms.katalon.core.webui.keyword.WebUiBuiltInKeywords$verifyTextPresent$8.call(Unknown Source)
	at PayNowReqFieldsCC.run(PayNowReqFieldsCC:611)
	at com.kms.katalon.core.main.ScriptEngine.run(ScriptEngine.java:194)
	at com.kms.katalon.core.main.ScriptEngine.runScriptAsRawText(ScriptEngine.java:119)
	at com.kms.katalon.core.main.TestCaseExecutor.runScript(TestCaseExecutor.java:448)
	at com.kms.katalon.core.main.TestCaseExecutor.doExecute(TestCaseExecutor.java:439)
	at com.kms.katalon.core.main.TestCaseExecutor.processExecutionPhase(TestCaseExecutor.java:418)
	at com.kms.katalon.core.main.TestCaseExecutor.accessMainPhase(TestCaseExecutor.java:410)
	at com.kms.katalon.core.main.TestCaseExecutor.execute(TestCaseExecutor.java:285)
	at com.kms.katalon.core.common.CommonExecutor.accessTestCaseMainPhase(CommonExecutor.java:65)
	at com.kms.katalon.core.main.TestSuiteExecutor.accessTestSuiteMainPhase(TestSuiteExecutor.java:148)
	at com.kms.katalon.core.main.TestSuiteExecutor.execute(TestSuiteExecutor.java:106)
	at com.kms.katalon.core.main.TestCaseMain.startTestSuite(TestCaseMain.java:187)
	at com.kms.katalon.core.main.TestCaseMain$startTestSuite$0.call(Unknown Source)
	at TempTestSuite1715800219174.run(TempTestSuite1715800219174.groovy:35)
)

2024-05-15 15:37:53 - [TEST_STEP][PASSED] - else: null

2024-05-15 15:37:53 - [TEST_STEP][PASSED] - if (verifyElementPresent(findTestObject("Object Repository/IWP30/Page_Receipt/ExitButton"), 30)): null

2024-05-15 15:37:53 - [MESSAGE][PASSED] - Object 'Object Repository/IWP30/Page_Receipt/ExitButton' is present

2024-05-15 15:37:53 - [TEST_STEP][PASSED] - println("Exit Button is present on the Receipt page"): null

2024-05-15 15:37:53 - [TEST_STEP][PASSED] - closeBrowser(): Browser is closed

2024-05-15 15:37:55 - [MESSAGE][PASSED] - Browser is closed

2024-05-15 15:37:55 - [TEST_STEP][PASSED] - ExecuteTC = findTestData("IWPTestData/IWP30PayNowCC").getValue("Execute", row): null

2024-05-15 15:37:55 - [TEST_STEP][PASSED] - out.println("Value of Execute is : " + ExecuteTC): null

2024-05-15 15:37:55 - [TEST_STEP][FAILED] - if (ExecuteTC.equalsIgnoreCase("Y")): null

2024-05-15 15:37:55 - [TEST_STEP][PASSED] - out.println("Begin Record Number: " + row): null

2024-05-15 15:37:55 - [TEST_STEP][FAILED] - try: null

2024-05-15 15:37:55 - [TEST_STEP][PASSED] - MV = findTestData("IWPTestData/IWP30PayNowCC").getValue("MV", row): null

2024-05-15 15:37:55 - [TEST_STEP][PASSED] - println(MV): null

2024-05-15 15:37:55 - [TEST_STEP][PASSED] - Amount = findTestData("IWPTestData/IWP30PayNowCC").getValue("Amount", row): null

2024-05-15 15:37:55 - [TEST_STEP][PASSED] - println(Amount): null

2024-05-15 15:37:55 - [TEST_STEP][PASSED] - CAN = findTestData("IWPTestData/IWP30PayNowCC").getValue("CAN", row): null

2024-05-15 15:37:55 - [TEST_STEP][PASSED] - println(CAN): null

2024-05-15 15:37:55 - [TEST_STEP][PASSED] - Action = findTestData("IWPTestData/IWP30PayNowCC").getValue("Action", row): null

2024-05-15 15:37:55 - [TEST_STEP][PASSED] - println(Action): null

2024-05-15 15:37:55 - [TEST_STEP][PASSED] - Lang = findTestData("IWPTestData/IWP30PayNowCC").getValue("Lang", row): null

2024-05-15 15:37:55 - [TEST_STEP][PASSED] - println(Lang): null

2024-05-15 15:37:55 - [TEST_STEP][PASSED] - Fname = findTestData("IWPTestData/IWP30PayNowCC").getValue("Fname", row): null

2024-05-15 15:37:55 - [TEST_STEP][PASSED] - println(Fname): null

2024-05-15 15:37:55 - [TEST_STEP][PASSED] - Lname = findTestData("IWPTestData/IWP30PayNowCC").getValue("Lname", row): null

2024-05-15 15:37:55 - [TEST_STEP][PASSED] - println(Lname): null

2024-05-15 15:37:55 - [TEST_STEP][PASSED] - AL1 = findTestData("IWPTestData/IWP30PayNowCC").getValue("AL1", row): null

2024-05-15 15:37:55 - [TEST_STEP][PASSED] - println(AL1): null

2024-05-15 15:37:55 - [TEST_STEP][PASSED] - AL2 = findTestData("IWPTestData/IWP30PayNowCC").getValue("AL2", row): null

2024-05-15 15:37:55 - [TEST_STEP][PASSED] - println(AL2): null

2024-05-15 15:37:55 - [TEST_STEP][PASSED] - Country = findTestData("IWPTestData/IWP30PayNowCC").getValue("Country", row): null

2024-05-15 15:37:55 - [TEST_STEP][PASSED] - println(Country): null

2024-05-15 15:37:55 - [TEST_STEP][PASSED] - City = findTestData("IWPTestData/IWP30PayNowCC").getValue("City", row): null

2024-05-15 15:37:55 - [TEST_STEP][PASSED] - println(City): null

2024-05-15 15:37:55 - [TEST_STEP][PASSED] - State = findTestData("IWPTestData/IWP30PayNowCC").getValue("State", row): null

2024-05-15 15:37:55 - [TEST_STEP][PASSED] - println(State): null

2024-05-15 15:37:55 - [TEST_STEP][PASSED] - ZIP = findTestData("IWPTestData/IWP30PayNowCC").getValue("ZIP", row): null

2024-05-15 15:37:55 - [TEST_STEP][PASSED] - println(ZIP): null

2024-05-15 15:37:55 - [TEST_STEP][PASSED] - Order = findTestData("IWPTestData/IWP30PayNowCC").getValue("Order", row): null

2024-05-15 15:37:55 - [TEST_STEP][PASSED] - println(Order): null

2024-05-15 15:37:55 - [TEST_STEP][PASSED] - CompanyName = findTestData("IWPTestData/IWP30PayNowCC").getValue("CompanyName", row): null

2024-05-15 15:37:55 - [TEST_STEP][PASSED] - println(CompanyName): null

2024-05-15 15:37:55 - [TEST_STEP][PASSED] - Email = findTestData("IWPTestData/IWP30PayNowCC").getValue("Email", row): null

2024-05-15 15:37:55 - [TEST_STEP][PASSED] - println(Email): null

2024-05-15 15:37:55 - [TEST_STEP][PASSED] - UDF1 = findTestData("IWPTestData/IWP30PayNowCC").getValue("UDF1", row): null

2024-05-15 15:37:55 - [TEST_STEP][PASSED] - println(UDF1): null

2024-05-15 15:37:55 - [TEST_STEP][PASSED] - UDF2 = findTestData("IWPTestData/IWP30PayNowCC").getValue("UDF2", row): null

2024-05-15 15:37:55 - [TEST_STEP][PASSED] - println(UDF2): null

2024-05-15 15:37:55 - [TEST_STEP][PASSED] - UDF3 = findTestData("IWPTestData/IWP30PayNowCC").getValue("UDF3", row): null

2024-05-15 15:37:55 - [TEST_STEP][PASSED] - println(UDF3): null

2024-05-15 15:37:55 - [TEST_STEP][PASSED] - UDF4 = findTestData("IWPTestData/IWP30PayNowCC").getValue("UDF4", row): null

2024-05-15 15:37:55 - [TEST_STEP][PASSED] - println(UDF4): null

2024-05-15 15:37:55 - [TEST_STEP][PASSED] - UDF5 = findTestData("IWPTestData/IWP30PayNowCC").getValue("UDF5", row): null

2024-05-15 15:37:55 - [TEST_STEP][PASSED] - println(UDF5): null

2024-05-15 15:37:55 - [TEST_STEP][PASSED] - UDF6 = findTestData("IWPTestData/IWP30PayNowCC").getValue("UDF6", row): null

2024-05-15 15:37:55 - [TEST_STEP][PASSED] - println(UDF6): null

2024-05-15 15:37:56 - [TEST_STEP][PASSED] - UDF7 = findTestData("IWPTestData/IWP30PayNowCC").getValue("UDF7", row): null

2024-05-15 15:37:56 - [TEST_STEP][PASSED] - println(UDF7): null

2024-05-15 15:37:56 - [TEST_STEP][PASSED] - UDF8 = findTestData("IWPTestData/IWP30PayNowCC").getValue("UDF8", row): null

2024-05-15 15:37:56 - [TEST_STEP][PASSED] - println(UDF8): null

2024-05-15 15:37:56 - [TEST_STEP][PASSED] - UDF9 = findTestData("IWPTestData/IWP30PayNowCC").getValue("UDF9", row): null

2024-05-15 15:37:56 - [TEST_STEP][PASSED] - println(UDF9): null

2024-05-15 15:37:56 - [TEST_STEP][PASSED] - UDF10 = findTestData("IWPTestData/IWP30PayNowCC").getValue("UDF10", row): null

2024-05-15 15:37:56 - [TEST_STEP][PASSED] - println(UDF10): null

2024-05-15 15:37:56 - [TEST_STEP][PASSED] - AppID = findTestData("IWPTestData/IWP30PayNowCC").getValue("AppID", row): null

2024-05-15 15:37:56 - [TEST_STEP][PASSED] - println(AppID): null

2024-05-15 15:37:56 - [TEST_STEP][PASSED] - MessageVersion = findTestData("IWPTestData/IWP30PayNowCC").getValue("MessageVersion", row): null

2024-05-15 15:37:56 - [TEST_STEP][PASSED] - println(MessageVersion): null

2024-05-15 15:37:56 - [TEST_STEP][PASSED] - CCAmount = findTestData("IWPTestData/IWP30PayNowCC").getValue("CCAmount", row): null

2024-05-15 15:37:56 - [TEST_STEP][PASSED] - println(CCAmount): null

2024-05-15 15:37:56 - [TEST_STEP][PASSED] - CCUDF1 = findTestData("IWPTestData/IWP30PayNowCC").getValue("CCUDF1", row): null

2024-05-15 15:37:56 - [TEST_STEP][PASSED] - println(CCUDF1): null

2024-05-15 15:37:56 - [TEST_STEP][PASSED] - CCUDF2 = findTestData("IWPTestData/IWP30PayNowCC").getValue("CCUDF2", row): null

2024-05-15 15:37:56 - [TEST_STEP][PASSED] - println(CCUDF2): null

2024-05-15 15:37:56 - [TEST_STEP][PASSED] - CCUDF3 = findTestData("IWPTestData/IWP30PayNowCC").getValue("CCUDF3", row): null

2024-05-15 15:37:56 - [TEST_STEP][PASSED] - println(CCUDF3): null

2024-05-15 15:37:56 - [TEST_STEP][PASSED] - CCUDF4 = findTestData("IWPTestData/IWP30PayNowCC").getValue("CCUDF4", row): null

2024-05-15 15:37:56 - [TEST_STEP][PASSED] - println(CCUDF4): null

2024-05-15 15:37:56 - [TEST_STEP][PASSED] - CCUDF5 = findTestData("IWPTestData/IWP30PayNowCC").getValue("CCUDF5", row): null

2024-05-15 15:37:56 - [TEST_STEP][PASSED] - println(CCUDF5): null

2024-05-15 15:37:56 - [TEST_STEP][PASSED] - CCUDF6 = findTestData("IWPTestData/IWP30PayNowCC").getValue("CCUDF6", row): null

2024-05-15 15:37:56 - [TEST_STEP][PASSED] - println(CCUDF6): null

2024-05-15 15:37:56 - [TEST_STEP][PASSED] - CCUDF7 = findTestData("IWPTestData/IWP30PayNowCC").getValue("CCUDF7", row): null

2024-05-15 15:37:56 - [TEST_STEP][PASSED] - println(CCUDF7): null

2024-05-15 15:37:56 - [TEST_STEP][PASSED] - CCUDF8 = findTestData("IWPTestData/IWP30PayNowCC").getValue("CCUDF8", row): null

2024-05-15 15:37:56 - [TEST_STEP][PASSED] - println(CCUDF8): null

2024-05-15 15:37:56 - [TEST_STEP][PASSED] - CCUDF9 = findTestData("IWPTestData/IWP30PayNowCC").getValue("CCUDF9", row): null

2024-05-15 15:37:56 - [TEST_STEP][PASSED] - println(CCUDF9): null

2024-05-15 15:37:56 - [TEST_STEP][PASSED] - CCUDF10 = findTestData("IWPTestData/IWP30PayNowCC").getValue("CCUDF10", row): null

2024-05-15 15:37:56 - [TEST_STEP][PASSED] - println(CCUDF10): null

2024-05-15 15:37:56 - [TEST_STEP][PASSED] - CCName = findTestData("IWPTestData/IWP30PayNowCC").getValue("CCName", row): null

2024-05-15 15:37:56 - [TEST_STEP][PASSED] - println(CCName): null

2024-05-15 15:37:56 - [TEST_STEP][PASSED] - CCCardNum = findTestData("IWPTestData/IWP30PayNowCC").getValue("CCCardNum", row): null

2024-05-15 15:37:56 - [TEST_STEP][PASSED] - println(CCCardNum): null

2024-05-15 15:37:56 - [TEST_STEP][PASSED] - CCSPC = findTestData("IWPTestData/IWP30PayNowCC").getValue("CCSPC", row): null

2024-05-15 15:37:56 - [TEST_STEP][PASSED] - println(CCSPC): null

2024-05-15 15:37:56 - [TEST_STEP][PASSED] - CCExpM = findTestData("IWPTestData/IWP30PayNowCC").getValue("CCExpM", row): null

2024-05-15 15:37:56 - [TEST_STEP][PASSED] - println(CCExpM): null

2024-05-15 15:37:56 - [TEST_STEP][PASSED] - CCExpY = findTestData("IWPTestData/IWP30PayNowCC").getValue("CCExpY", row): null

2024-05-15 15:37:56 - [TEST_STEP][PASSED] - println(CCExpY): null

2024-05-15 15:37:56 - [TEST_STEP][PASSED] - CCDate = findTestData("IWPTestData/IWP30PayNowCC").getValue("CCDate", row): null

2024-05-15 15:37:56 - [TEST_STEP][PASSED] - println(CCDate): null

2024-05-15 15:37:56 - [TEST_STEP][PASSED] - CCAL1 = findTestData("IWPTestData/IWP30PayNowCC").getValue("CCAL1", row): null

2024-05-15 15:37:56 - [TEST_STEP][PASSED] - println(CCAL1): null

2024-05-15 15:37:56 - [TEST_STEP][PASSED] - CCAL2 = findTestData("IWPTestData/IWP30PayNowCC").getValue("CCAL2", row): null

2024-05-15 15:37:57 - [TEST_STEP][PASSED] - println(CCAL2): null

2024-05-15 15:37:57 - [TEST_STEP][PASSED] - CCZIP = findTestData("IWPTestData/IWP30PayNowCC").getValue("CCZIP", row): null

2024-05-15 15:37:57 - [TEST_STEP][PASSED] - println(CCZIP): null

2024-05-15 15:37:57 - [TEST_STEP][PASSED] - CCEmail = findTestData("IWPTestData/IWP30PayNowCC").getValue("CCEmail", row): null

2024-05-15 15:37:57 - [TEST_STEP][PASSED] - println(CCEmail): null

2024-05-15 15:37:57 - [TEST_STEP][PASSED] - openBrowser(urlEmulator): Browser is opened with url: 'https://qa2.velocitypayment.com/agency/config.do?action=editor'

2024-05-15 15:37:57 - [MESSAGE][INFO] - Starting 'Chrome' driver

2024-05-15 15:37:57 - [MESSAGE][INFO] - User set preference: ['acceptInsecureCerts', 'true']

2024-05-15 15:37:57 - [MESSAGE][INFO] - Action delay is set to 0 milliseconds

2024-05-15 15:37:59 - [MESSAGE][PASSED] - Browser is opened with url: 'https://qa2.velocitypayment.com/agency/config.do?action=editor'

2024-05-15 15:37:59 - [TEST_STEP][PASSED] - maximizeWindow(): Current window maximized

2024-05-15 15:37:59 - [MESSAGE][PASSED] - Current window maximized

2024-05-15 15:37:59 - [TEST_STEP][PASSED] - selectOptionByValue(findTestObject("IWP30/Page_VRelay30Emulator/MV"), MV, true): All options with value '3.0' are selected in object 'Object Repository/IWP30/Page_VRelay30Emulator/MV'  using regular expression

2024-05-15 15:38:00 - [MESSAGE][PASSED] - All options with value '3.0' are selected in object 'Object Repository/IWP30/Page_VRelay30Emulator/MV'  using regular expression

2024-05-15 15:38:00 - [TEST_STEP][PASSED] - setText(findTestObject("IWP30/Page_VRelay30Emulator/Amount"), Amount): Text '35.50' is set on object 'Object Repository/IWP30/Page_VRelay30Emulator/Amount'

2024-05-15 15:38:01 - [MESSAGE][PASSED] - Text '35.50' is set on object 'Object Repository/IWP30/Page_VRelay30Emulator/Amount'

2024-05-15 15:38:01 - [TEST_STEP][PASSED] - setText(findTestObject("IWP30/Page_VRelay30Emulator/CAN"), CAN): Text '26412109' is set on object 'Object Repository/IWP30/Page_VRelay30Emulator/CAN'

2024-05-15 15:38:02 - [MESSAGE][PASSED] - Text '26412109' is set on object 'Object Repository/IWP30/Page_VRelay30Emulator/CAN'

2024-05-15 15:38:02 - [TEST_STEP][PASSED] - setText(findTestObject("IWP30/Page_VRelay30Emulator/Action"), Action): Text 'PayNow' is set on object 'Object Repository/IWP30/Page_VRelay30Emulator/Action'

2024-05-15 15:38:02 - [MESSAGE][PASSED] - Text 'PayNow' is set on object 'Object Repository/IWP30/Page_VRelay30Emulator/Action'

2024-05-15 15:38:02 - [TEST_STEP][PASSED] - setText(findTestObject("IWP30/Page_VRelay30Emulator/Lang"), Lang): Text 'en_US' is set on object 'Object Repository/IWP30/Page_VRelay30Emulator/Lang'

2024-05-15 15:38:03 - [MESSAGE][PASSED] - Text 'en_US' is set on object 'Object Repository/IWP30/Page_VRelay30Emulator/Lang'

2024-05-15 15:38:03 - [TEST_STEP][PASSED] - setText(findTestObject("IWP30/Page_VRelay30Emulator/Fname"), Fname): Text 'Jonty' is set on object 'Object Repository/IWP30/Page_VRelay30Emulator/Fname'

2024-05-15 15:38:03 - [MESSAGE][PASSED] - Text 'Jonty' is set on object 'Object Repository/IWP30/Page_VRelay30Emulator/Fname'

2024-05-15 15:38:03 - [TEST_STEP][PASSED] - setText(findTestObject("IWP30/Page_VRelay30Emulator/Lname"), Lname): Text 'Smith' is set on object 'Object Repository/IWP30/Page_VRelay30Emulator/Lname'

2024-05-15 15:38:04 - [MESSAGE][PASSED] - Text 'Smith' is set on object 'Object Repository/IWP30/Page_VRelay30Emulator/Lname'

2024-05-15 15:38:04 - [TEST_STEP][PASSED] - setText(findTestObject("IWP30/Page_VRelay30Emulator/AL1"), AL1): Text '15 Elm St' is set on object 'Object Repository/IWP30/Page_VRelay30Emulator/AL1'

2024-05-15 15:38:05 - [MESSAGE][PASSED] - Text '15 Elm St' is set on object 'Object Repository/IWP30/Page_VRelay30Emulator/AL1'

2024-05-15 15:38:05 - [TEST_STEP][PASSED] - setText(findTestObject("IWP30/Page_VRelay30Emulator/AL2"), AL2): Text 'Suite 600' is set on object 'Object Repository/IWP30/Page_VRelay30Emulator/AL2'

2024-05-15 15:38:05 - [MESSAGE][PASSED] - Text 'Suite 600' is set on object 'Object Repository/IWP30/Page_VRelay30Emulator/AL2'

2024-05-15 15:38:05 - [TEST_STEP][PASSED] - setText(findTestObject("IWP30/Page_VRelay30Emulator/Country"), Country): Text '840' is set on object 'Object Repository/IWP30/Page_VRelay30Emulator/Country'

2024-05-15 15:38:06 - [MESSAGE][PASSED] - Text '840' is set on object 'Object Repository/IWP30/Page_VRelay30Emulator/Country'

2024-05-15 15:38:06 - [TEST_STEP][PASSED] - setText(findTestObject("IWP30/Page_VRelay30Emulator/City"), City): Text 'Gambrills' is set on object 'Object Repository/IWP30/Page_VRelay30Emulator/City'

2024-05-15 15:38:07 - [MESSAGE][PASSED] - Text 'Gambrills' is set on object 'Object Repository/IWP30/Page_VRelay30Emulator/City'

2024-05-15 15:38:07 - [TEST_STEP][PASSED] - setText(findTestObject("IWP30/Page_VRelay30Emulator/State"), State): Text 'MD' is set on object 'Object Repository/IWP30/Page_VRelay30Emulator/State'

2024-05-15 15:38:07 - [MESSAGE][PASSED] - Text 'MD' is set on object 'Object Repository/IWP30/Page_VRelay30Emulator/State'

2024-05-15 15:38:07 - [TEST_STEP][PASSED] - setText(findTestObject("IWP30/Page_VRelay30Emulator/ZIP"), ZIP): Text '21054' is set on object 'Object Repository/IWP30/Page_VRelay30Emulator/ZIP'

2024-05-15 15:38:08 - [MESSAGE][PASSED] - Text '21054' is set on object 'Object Repository/IWP30/Page_VRelay30Emulator/ZIP'

2024-05-15 15:38:08 - [TEST_STEP][PASSED] - setText(findTestObject("IWP30/Page_VRelay30Emulator/Order"), Order): Text '' is set on object 'Object Repository/IWP30/Page_VRelay30Emulator/Order'

2024-05-15 15:38:09 - [MESSAGE][PASSED] - Text '' is set on object 'Object Repository/IWP30/Page_VRelay30Emulator/Order'

2024-05-15 15:38:09 - [TEST_STEP][PASSED] - setText(findTestObject("IWP30/Page_VRelay30Emulator/Company"), CompanyName): Text '' is set on object 'Object Repository/IWP30/Page_VRelay30Emulator/Company'

2024-05-15 15:38:10 - [MESSAGE][PASSED] - Text '' is set on object 'Object Repository/IWP30/Page_VRelay30Emulator/Company'

2024-05-15 15:38:10 - [TEST_STEP][PASSED] - setText(findTestObject("IWP30/Page_VRelay30Emulator/Email"), Email): Text 'iahmed@govolution.com' is set on object 'Object Repository/IWP30/Page_VRelay30Emulator/Email'

2024-05-15 15:38:11 - [MESSAGE][PASSED] - Text 'iahmed@govolution.com' is set on object 'Object Repository/IWP30/Page_VRelay30Emulator/Email'

2024-05-15 15:38:11 - [TEST_STEP][PASSED] - setText(findTestObject("IWP30/Page_VRelay30Emulator/UDF1"), UDF1): Text 'udf data 1' is set on object 'Object Repository/IWP30/Page_VRelay30Emulator/UDF1'

2024-05-15 15:38:11 - [MESSAGE][PASSED] - Text 'udf data 1' is set on object 'Object Repository/IWP30/Page_VRelay30Emulator/UDF1'

2024-05-15 15:38:11 - [TEST_STEP][PASSED] - setText(findTestObject("IWP30/Page_VRelay30Emulator/UDF2"), UDF2): Text 'udf data 2' is set on object 'Object Repository/IWP30/Page_VRelay30Emulator/UDF2'

2024-05-15 15:38:12 - [MESSAGE][PASSED] - Text 'udf data 2' is set on object 'Object Repository/IWP30/Page_VRelay30Emulator/UDF2'

2024-05-15 15:38:12 - [TEST_STEP][PASSED] - setText(findTestObject("IWP30/Page_VRelay30Emulator/UDF3"), UDF3): Text 'udf data 3' is set on object 'Object Repository/IWP30/Page_VRelay30Emulator/UDF3'

2024-05-15 15:38:13 - [MESSAGE][PASSED] - Text 'udf data 3' is set on object 'Object Repository/IWP30/Page_VRelay30Emulator/UDF3'

2024-05-15 15:38:13 - [TEST_STEP][PASSED] - setText(findTestObject("IWP30/Page_VRelay30Emulator/UDF4"), UDF4): Text 'udf data 4' is set on object 'Object Repository/IWP30/Page_VRelay30Emulator/UDF4'

2024-05-15 15:38:13 - [MESSAGE][PASSED] - Text 'udf data 4' is set on object 'Object Repository/IWP30/Page_VRelay30Emulator/UDF4'

2024-05-15 15:38:13 - [TEST_STEP][PASSED] - setText(findTestObject("IWP30/Page_VRelay30Emulator/UDF5"), UDF5): Text 'udf data 5' is set on object 'Object Repository/IWP30/Page_VRelay30Emulator/UDF5'

2024-05-15 15:38:14 - [MESSAGE][PASSED] - Text 'udf data 5' is set on object 'Object Repository/IWP30/Page_VRelay30Emulator/UDF5'

2024-05-15 15:38:14 - [TEST_STEP][PASSED] - setText(findTestObject("IWP30/Page_VRelay30Emulator/UDF6"), UDF6): Text 'udf data 6' is set on object 'Object Repository/IWP30/Page_VRelay30Emulator/UDF6'

2024-05-15 15:38:15 - [MESSAGE][PASSED] - Text 'udf data 6' is set on object 'Object Repository/IWP30/Page_VRelay30Emulator/UDF6'

2024-05-15 15:38:15 - [TEST_STEP][PASSED] - setText(findTestObject("IWP30/Page_VRelay30Emulator/UDF7"), UDF7): Text 'Orange' is set on object 'Object Repository/IWP30/Page_VRelay30Emulator/UDF7'

2024-05-15 15:38:15 - [MESSAGE][PASSED] - Text 'Orange' is set on object 'Object Repository/IWP30/Page_VRelay30Emulator/UDF7'

2024-05-15 15:38:15 - [TEST_STEP][PASSED] - setText(findTestObject("IWP30/Page_VRelay30Emulator/UDF8"), UDF8): Text 'Soccer' is set on object 'Object Repository/IWP30/Page_VRelay30Emulator/UDF8'

2024-05-15 15:38:16 - [MESSAGE][PASSED] - Text 'Soccer' is set on object 'Object Repository/IWP30/Page_VRelay30Emulator/UDF8'

2024-05-15 15:38:16 - [TEST_STEP][PASSED] - setText(findTestObject("IWP30/Page_VRelay30Emulator/UDF9"), UDF9): Text 'udf data 9' is set on object 'Object Repository/IWP30/Page_VRelay30Emulator/UDF9'

2024-05-15 15:38:16 - [MESSAGE][PASSED] - Text 'udf data 9' is set on object 'Object Repository/IWP30/Page_VRelay30Emulator/UDF9'

2024-05-15 15:38:16 - [TEST_STEP][PASSED] - setText(findTestObject("IWP30/Page_VRelay30Emulator/UDF10"), UDF10): Text 'udf data 10' is set on object 'Object Repository/IWP30/Page_VRelay30Emulator/UDF10'

2024-05-15 15:38:17 - [MESSAGE][PASSED] - Text 'udf data 10' is set on object 'Object Repository/IWP30/Page_VRelay30Emulator/UDF10'

2024-05-15 15:38:17 - [TEST_STEP][PASSED] - Thread.sleep(5000): null

2024-05-15 15:38:22 - [TEST_STEP][PASSED] - click(findTestObject("IWP30/Page_VRelay30Emulator/Submit")): Object: 'Object Repository/IWP30/Page_VRelay30Emulator/Submit' is clicked on

2024-05-15 15:38:23 - [MESSAGE][PASSED] - Object: 'Object Repository/IWP30/Page_VRelay30Emulator/Submit' is clicked on

2024-05-15 15:38:23 - [TEST_STEP][PASSED] - closeBrowser(): Browser is closed

2024-05-15 15:38:24 - [MESSAGE][PASSED] - Browser is closed

2024-05-15 15:38:24 - [TEST_STEP][PASSED] - openBrowser(urlTestHarness): Browser is opened with url: 'https://dev-algorithm.govolution.com/vrelaytest/QA2/version_2_2/vrelaytest.html'

2024-05-15 15:38:24 - [MESSAGE][INFO] - Starting 'Chrome' driver

2024-05-15 15:38:24 - [MESSAGE][INFO] - User set preference: ['acceptInsecureCerts', 'true']

2024-05-15 15:38:24 - [MESSAGE][INFO] - Action delay is set to 0 milliseconds

2024-05-15 15:38:26 - [MESSAGE][PASSED] - Browser is opened with url: 'https://dev-algorithm.govolution.com/vrelaytest/QA2/version_2_2/vrelaytest.html'

2024-05-15 15:38:26 - [TEST_STEP][PASSED] - maximizeWindow(): Current window maximized

2024-05-15 15:38:26 - [MESSAGE][PASSED] - Current window maximized

2024-05-15 15:38:26 - [TEST_STEP][PASSED] - genRemIDVoid = RandomStringUtils.random(12, true, true): null

2024-05-15 15:38:26 - [TEST_STEP][PASSED] - if (verifyElementPresent(findTestObject("Object Repository/IWP30/Page_QATestHarness/RemittanceID"), 30)): null

2024-05-15 15:38:26 - [MESSAGE][PASSED] - Object 'Object Repository/IWP30/Page_QATestHarness/RemittanceID' is present

2024-05-15 15:38:26 - [TEST_STEP][PASSED] - println("We are on Test Harness page, start populating"): null

2024-05-15 15:38:26 - [TEST_STEP][PASSED] - setText(findTestObject("Object Repository/IWP30/Page_QATestHarness/ApplicationID"), AppID): Text '649' is set on object 'Object Repository/IWP30/Page_QATestHarness/ApplicationID'

2024-05-15 15:38:27 - [MESSAGE][PASSED] - Text '649' is set on object 'Object Repository/IWP30/Page_QATestHarness/ApplicationID'

2024-05-15 15:38:27 - [TEST_STEP][PASSED] - setText(findTestObject("Object Repository/IWP30/Page_QATestHarness/MessageVersion"), MessageVersion): Text '3.0' is set on object 'Object Repository/IWP30/Page_QATestHarness/MessageVersion'

2024-05-15 15:38:28 - [MESSAGE][PASSED] - Text '3.0' is set on object 'Object Repository/IWP30/Page_QATestHarness/MessageVersion'

2024-05-15 15:38:28 - [TEST_STEP][PASSED] - setText(findTestObject("Object Repository/IWP30/Page_QATestHarness/RemittanceID"), genRemIDVoid): Text 'wBCQdZ8ukEIt' is set on object 'Object Repository/IWP30/Page_QATestHarness/RemittanceID'

2024-05-15 15:38:28 - [MESSAGE][PASSED] - Text 'wBCQdZ8ukEIt' is set on object 'Object Repository/IWP30/Page_QATestHarness/RemittanceID'

2024-05-15 15:38:28 - [TEST_STEP][PASSED] - click(findTestObject("Object Repository/IWP30/Page_QATestHarness/SubmitButton")): Object: 'Object Repository/IWP30/Page_QATestHarness/SubmitButton' is clicked on

2024-05-15 15:38:30 - [MESSAGE][PASSED] - Object: 'Object Repository/IWP30/Page_QATestHarness/SubmitButton' is clicked on

2024-05-15 15:38:30 - [TEST_STEP][PASSED] - if (verifyElementPresent(findTestObject("Object Repository/IWP30/Page_SelectPaymentMethod/PayByCreditCard"), 30)): null

2024-05-15 15:38:30 - [MESSAGE][PASSED] - Object 'Object Repository/IWP30/Page_SelectPaymentMethod/PayByCreditCard' is present

2024-05-15 15:38:30 - [TEST_STEP][PASSED] - println("We are on Select Payment Method page, start populating"): null

2024-05-15 15:38:30 - [TEST_STEP][PASSED] - check(findTestObject("Object Repository/IWP30/Page_SelectPaymentMethod/PayByCreditCard")): Object 'Object Repository/IWP30/Page_SelectPaymentMethod/PayByCreditCard' is checked

2024-05-15 15:38:31 - [MESSAGE][PASSED] - Object 'Object Repository/IWP30/Page_SelectPaymentMethod/PayByCreditCard' is checked

2024-05-15 15:38:31 - [TEST_STEP][PASSED] - Thread.sleep(1000): null

2024-05-15 15:38:32 - [TEST_STEP][PASSED] - click(findTestObject("Object Repository/IWP30/Page_SelectPaymentMethod/MakePaymentButton")): Object: 'Object Repository/IWP30/Page_SelectPaymentMethod/MakePaymentButton' is clicked on

2024-05-15 15:38:33 - [MESSAGE][PASSED] - Object: 'Object Repository/IWP30/Page_SelectPaymentMethod/MakePaymentButton' is clicked on

2024-05-15 15:38:33 - [TEST_STEP][PASSED] - if (verifyElementPresent(findTestObject("Object Repository/IWP30/Page_CCPaymentEntry/Name"), 30)): null

2024-05-15 15:38:33 - [MESSAGE][PASSED] - Object 'Object Repository/IWP30/Page_CCPaymentEntry/Name' is present

2024-05-15 15:38:33 - [TEST_STEP][PASSED] - println("We are on Credit Card Payment Entry page, start populating"): null

2024-05-15 15:38:33 - [TEST_STEP][PASSED] - if (verifyElementPresent(findTestObject("Object Repository/IWP30/Page_CCPaymentEntry/Amount"), 30)): null

2024-05-15 15:38:34 - [MESSAGE][PASSED] - Object 'Object Repository/IWP30/Page_CCPaymentEntry/Amount' is present

2024-05-15 15:38:34 - [TEST_STEP][PASSED] - if (!(CCAmount.isEmpty())): Text '2001.50' is set on object 'Object Repository/IWP30/Page_CCPaymentEntry/Amount'

2024-05-15 15:38:34 - [TEST_STEP][PASSED] - setText(findTestObject("Object Repository/IWP30/Page_CCPaymentEntry/Amount"), CCAmount): Text '2001.50' is set on object 'Object Repository/IWP30/Page_CCPaymentEntry/Amount'

2024-05-15 15:38:34 - [MESSAGE][PASSED] - Text '2001.50' is set on object 'Object Repository/IWP30/Page_CCPaymentEntry/Amount'

2024-05-15 15:38:34 - [TEST_STEP][PASSED] - if (verifyElementPresent(findTestObject("Object Repository/IWP30/Page_CCPaymentEntry/UserDefined2"), 30)): null

2024-05-15 15:38:35 - [MESSAGE][PASSED] - Object 'Object Repository/IWP30/Page_CCPaymentEntry/UserDefined2' is present

2024-05-15 15:38:35 - [TEST_STEP][PASSED] - if (!(CCUDF2.isEmpty())): Text 'Circle' is set on object 'Object Repository/IWP30/Page_CCPaymentEntry/UserDefined2'

2024-05-15 15:38:35 - [TEST_STEP][PASSED] - setText(findTestObject("Object Repository/IWP30/Page_CCPaymentEntry/UserDefined2"), CCUDF2): Text 'Circle' is set on object 'Object Repository/IWP30/Page_CCPaymentEntry/UserDefined2'

2024-05-15 15:38:35 - [MESSAGE][PASSED] - Text 'Circle' is set on object 'Object Repository/IWP30/Page_CCPaymentEntry/UserDefined2'

2024-05-15 15:38:35 - [TEST_STEP][PASSED] - if (verifyElementPresent(findTestObject("Object Repository/IWP30/Page_CCPaymentEntry/UserDefined3"), 30)): null

2024-05-15 15:38:36 - [MESSAGE][PASSED] - Object 'Object Repository/IWP30/Page_CCPaymentEntry/UserDefined3' is present

2024-05-15 15:38:36 - [TEST_STEP][PASSED] - if (!(CCUDF3.isEmpty())): Text 'Triangle' is set on object 'Object Repository/IWP30/Page_CCPaymentEntry/UserDefined3'

2024-05-15 15:38:36 - [TEST_STEP][PASSED] - setText(findTestObject("Object Repository/IWP30/Page_CCPaymentEntry/UserDefined3"), CCUDF3): Text 'Triangle' is set on object 'Object Repository/IWP30/Page_CCPaymentEntry/UserDefined3'

2024-05-15 15:38:36 - [MESSAGE][PASSED] - Text 'Triangle' is set on object 'Object Repository/IWP30/Page_CCPaymentEntry/UserDefined3'

2024-05-15 15:38:36 - [TEST_STEP][PASSED] - if (verifyElementPresent(findTestObject("Object Repository/IWP30/Page_CCPaymentEntry/UserDefined7"), 30)): null

2024-05-15 15:38:37 - [MESSAGE][PASSED] - Object 'Object Repository/IWP30/Page_CCPaymentEntry/UserDefined7' is present

2024-05-15 15:38:37 - [TEST_STEP][PASSED] - if (!(CCUDF7.isEmpty())): All options with label 'Purple' are selected in object 'Object Repository/IWP30/Page_CCPaymentEntry/UserDefined7' 

2024-05-15 15:38:37 - [TEST_STEP][PASSED] - selectOptionByLabel(findTestObject("Object Repository/IWP30/Page_CCPaymentEntry/UserDefined7"), CCUDF7, false): All options with label 'Purple' are selected in object 'Object Repository/IWP30/Page_CCPaymentEntry/UserDefined7' 

2024-05-15 15:38:37 - [MESSAGE][PASSED] - All options with label 'Purple' are selected in object 'Object Repository/IWP30/Page_CCPaymentEntry/UserDefined7' 

2024-05-15 15:38:37 - [TEST_STEP][PASSED] - if (verifyElementPresent(findTestObject("Object Repository/IWP30/Page_CCPaymentEntry/UserDefined8"), 30)): null

2024-05-15 15:38:38 - [MESSAGE][PASSED] - Object 'Object Repository/IWP30/Page_CCPaymentEntry/UserDefined8' is present

2024-05-15 15:38:38 - [TEST_STEP][PASSED] - if (!(CCUDF8.isEmpty())): All options with label 'Tennis' are selected in object 'Object Repository/IWP30/Page_CCPaymentEntry/UserDefined8' 

2024-05-15 15:38:38 - [TEST_STEP][PASSED] - selectOptionByLabel(findTestObject("Object Repository/IWP30/Page_CCPaymentEntry/UserDefined8"), CCUDF8, false): All options with label 'Tennis' are selected in object 'Object Repository/IWP30/Page_CCPaymentEntry/UserDefined8' 

2024-05-15 15:38:38 - [MESSAGE][PASSED] - All options with label 'Tennis' are selected in object 'Object Repository/IWP30/Page_CCPaymentEntry/UserDefined8' 

2024-05-15 15:38:38 - [TEST_STEP][PASSED] - if (verifyElementPresent(findTestObject("Object Repository/IWP30/Page_CCPaymentEntry/Name"), 30)): null

2024-05-15 15:38:39 - [MESSAGE][PASSED] - Object 'Object Repository/IWP30/Page_CCPaymentEntry/Name' is present

2024-05-15 15:38:39 - [TEST_STEP][PASSED] - if (!(CCName.isEmpty())): Text 'Alan Donald' is set on object 'Object Repository/IWP30/Page_CCPaymentEntry/Name'

2024-05-15 15:38:39 - [TEST_STEP][PASSED] - setText(findTestObject("Object Repository/IWP30/Page_CCPaymentEntry/Name"), CCName): Text 'Alan Donald' is set on object 'Object Repository/IWP30/Page_CCPaymentEntry/Name'

2024-05-15 15:38:39 - [MESSAGE][PASSED] - Text 'Alan Donald' is set on object 'Object Repository/IWP30/Page_CCPaymentEntry/Name'

2024-05-15 15:38:39 - [TEST_STEP][PASSED] - if (verifyElementPresent(findTestObject("Object Repository/IWP30/Page_CCPaymentEntry/CardNumber"), 30)): null

2024-05-15 15:38:39 - [MESSAGE][PASSED] - Object 'Object Repository/IWP30/Page_CCPaymentEntry/CardNumber' is present

2024-05-15 15:38:39 - [TEST_STEP][PASSED] - if (!(CCCardNum.isEmpty())): Text '4111111111111111' is set on object 'Object Repository/IWP30/Page_CCPaymentEntry/CardNumber'

2024-05-15 15:38:39 - [TEST_STEP][PASSED] - setText(findTestObject("Object Repository/IWP30/Page_CCPaymentEntry/CardNumber"), CCCardNum): Text '4111111111111111' is set on object 'Object Repository/IWP30/Page_CCPaymentEntry/CardNumber'

2024-05-15 15:38:40 - [MESSAGE][PASSED] - Text '4111111111111111' is set on object 'Object Repository/IWP30/Page_CCPaymentEntry/CardNumber'

2024-05-15 15:38:40 - [TEST_STEP][PASSED] - if (verifyElementPresent(findTestObject("Object Repository/IWP30/Page_CCPaymentEntry/SPC"), 30)): null

2024-05-15 15:38:40 - [MESSAGE][PASSED] - Object 'Object Repository/IWP30/Page_CCPaymentEntry/SPC' is present

2024-05-15 15:38:40 - [TEST_STEP][PASSED] - if (!(CCSPC.isEmpty())): Text '258' is set on object 'Object Repository/IWP30/Page_CCPaymentEntry/SPC'

2024-05-15 15:38:40 - [TEST_STEP][PASSED] - setText(findTestObject("Object Repository/IWP30/Page_CCPaymentEntry/SPC"), CCSPC): Text '258' is set on object 'Object Repository/IWP30/Page_CCPaymentEntry/SPC'

2024-05-15 15:38:41 - [MESSAGE][PASSED] - Text '258' is set on object 'Object Repository/IWP30/Page_CCPaymentEntry/SPC'

2024-05-15 15:38:41 - [TEST_STEP][PASSED] - if (verifyElementPresent(findTestObject("Object Repository/IWP30/Page_CCPaymentEntry/Month"), 30)): null

2024-05-15 15:38:42 - [MESSAGE][PASSED] - Object 'Object Repository/IWP30/Page_CCPaymentEntry/Month' is present

2024-05-15 15:38:42 - [TEST_STEP][PASSED] - if (!(CCExpM.isEmpty())): All options with label '10' are selected in object 'Object Repository/IWP30/Page_CCPaymentEntry/Month' 

2024-05-15 15:38:42 - [TEST_STEP][PASSED] - selectOptionByLabel(findTestObject("Object Repository/IWP30/Page_CCPaymentEntry/Month"), CCExpM, false): All options with label '10' are selected in object 'Object Repository/IWP30/Page_CCPaymentEntry/Month' 

2024-05-15 15:38:42 - [MESSAGE][PASSED] - All options with label '10' are selected in object 'Object Repository/IWP30/Page_CCPaymentEntry/Month' 

2024-05-15 15:38:42 - [TEST_STEP][PASSED] - if (verifyElementPresent(findTestObject("Object Repository/IWP30/Page_CCPaymentEntry/Year"), 30)): null

2024-05-15 15:38:42 - [MESSAGE][PASSED] - Object 'Object Repository/IWP30/Page_CCPaymentEntry/Year' is present

2024-05-15 15:38:42 - [TEST_STEP][PASSED] - if (!(CCExpY.isEmpty())): All options with label '2025' are selected in object 'Object Repository/IWP30/Page_CCPaymentEntry/Year' 

2024-05-15 15:38:42 - [TEST_STEP][PASSED] - selectOptionByLabel(findTestObject("Object Repository/IWP30/Page_CCPaymentEntry/Year"), CCExpY, false): All options with label '2025' are selected in object 'Object Repository/IWP30/Page_CCPaymentEntry/Year' 

2024-05-15 15:38:43 - [MESSAGE][PASSED] - All options with label '2025' are selected in object 'Object Repository/IWP30/Page_CCPaymentEntry/Year' 

2024-05-15 15:38:43 - [TEST_STEP][PASSED] - if (verifyElementPresent(findTestObject("Object Repository/IWP30/Page_CCPaymentEntry/ProcessDate"), 30)): null

2024-05-15 15:38:43 - [MESSAGE][PASSED] - Object 'Object Repository/IWP30/Page_CCPaymentEntry/ProcessDate' is present

2024-05-15 15:38:43 - [TEST_STEP][PASSED] - if (!(CCDate.isEmpty())): null

2024-05-15 15:38:43 - [TEST_STEP][PASSED] - else: null

2024-05-15 15:38:43 - [TEST_STEP][PASSED] - println("CCDate is not present in the Excel Spreadsheet"): null

2024-05-15 15:38:43 - [TEST_STEP][PASSED] - if (verifyElementPresent(findTestObject("Object Repository/IWP30/Page_CCPaymentEntry/AL1"), 30)): null

2024-05-15 15:38:44 - [MESSAGE][PASSED] - Object 'Object Repository/IWP30/Page_CCPaymentEntry/AL1' is present

2024-05-15 15:38:44 - [TEST_STEP][PASSED] - if (!(CCAL1.isEmpty())): Text 'Mera AL1' is set on object 'Object Repository/IWP30/Page_CCPaymentEntry/AL1'

2024-05-15 15:38:44 - [TEST_STEP][PASSED] - setText(findTestObject("Object Repository/IWP30/Page_CCPaymentEntry/AL1"), CCAL1): Text 'Mera AL1' is set on object 'Object Repository/IWP30/Page_CCPaymentEntry/AL1'

2024-05-15 15:38:44 - [MESSAGE][PASSED] - Text 'Mera AL1' is set on object 'Object Repository/IWP30/Page_CCPaymentEntry/AL1'

2024-05-15 15:38:44 - [TEST_STEP][PASSED] - if (verifyElementPresent(findTestObject("Object Repository/IWP30/Page_CCPaymentEntry/AL2"), 30)): null

2024-05-15 15:38:45 - [MESSAGE][PASSED] - Object 'Object Repository/IWP30/Page_CCPaymentEntry/AL2' is present

2024-05-15 15:38:45 - [TEST_STEP][PASSED] - if (!(CCAL2.isEmpty())): Text 'Mera AL2' is set on object 'Object Repository/IWP30/Page_CCPaymentEntry/AL2'

2024-05-15 15:38:45 - [TEST_STEP][PASSED] - setText(findTestObject("Object Repository/IWP30/Page_CCPaymentEntry/AL2"), CCAL2): Text 'Mera AL2' is set on object 'Object Repository/IWP30/Page_CCPaymentEntry/AL2'

2024-05-15 15:38:45 - [MESSAGE][PASSED] - Text 'Mera AL2' is set on object 'Object Repository/IWP30/Page_CCPaymentEntry/AL2'

2024-05-15 15:38:45 - [TEST_STEP][PASSED] - if (verifyElementPresent(findTestObject("Object Repository/IWP30/Page_CCPaymentEntry/ZIP"), 30)): null

2024-05-15 15:38:45 - [MESSAGE][PASSED] - Object 'Object Repository/IWP30/Page_CCPaymentEntry/ZIP' is present

2024-05-15 15:38:45 - [TEST_STEP][PASSED] - if (!(CCZIP.isEmpty())): Text '21054' is set on object 'Object Repository/IWP30/Page_CCPaymentEntry/ZIP'

2024-05-15 15:38:45 - [TEST_STEP][PASSED] - setText(findTestObject("Object Repository/IWP30/Page_CCPaymentEntry/ZIP"), CCZIP): Text '21054' is set on object 'Object Repository/IWP30/Page_CCPaymentEntry/ZIP'

2024-05-15 15:38:46 - [MESSAGE][PASSED] - Text '21054' is set on object 'Object Repository/IWP30/Page_CCPaymentEntry/ZIP'

2024-05-15 15:38:46 - [TEST_STEP][PASSED] - if (verifyElementPresent(findTestObject("Object Repository/IWP30/Page_CCPaymentEntry/EmailAddress"), 30)): null

2024-05-15 15:38:47 - [MESSAGE][PASSED] - Object 'Object Repository/IWP30/Page_CCPaymentEntry/EmailAddress' is present

2024-05-15 15:38:47 - [TEST_STEP][PASSED] - if (!(CCEmail.isEmpty())): Text 'merae@gmail.com' is set on object 'Object Repository/IWP30/Page_CCPaymentEntry/EmailAddress'

2024-05-15 15:38:47 - [TEST_STEP][PASSED] - setText(findTestObject("Object Repository/IWP30/Page_CCPaymentEntry/EmailAddress"), CCEmail): Text 'merae@gmail.com' is set on object 'Object Repository/IWP30/Page_CCPaymentEntry/EmailAddress'

2024-05-15 15:38:48 - [MESSAGE][PASSED] - Text 'merae@gmail.com' is set on object 'Object Repository/IWP30/Page_CCPaymentEntry/EmailAddress'

2024-05-15 15:38:48 - [TEST_STEP][PASSED] - if (verifyElementPresent(findTestObject("Object Repository/IWP30/Page_CCPaymentEntry/TermCondCheckBox"), 30)): null

2024-05-15 15:38:48 - [MESSAGE][PASSED] - Object 'Object Repository/IWP30/Page_CCPaymentEntry/TermCondCheckBox' is present

2024-05-15 15:38:48 - [TEST_STEP][PASSED] - check(findTestObject("Object Repository/IWP30/Page_CCPaymentEntry/TermCondCheckBox")): Object 'Object Repository/IWP30/Page_CCPaymentEntry/TermCondCheckBox' is checked

2024-05-15 15:38:48 - [MESSAGE][PASSED] - Object 'Object Repository/IWP30/Page_CCPaymentEntry/TermCondCheckBox' is checked

2024-05-15 15:38:48 - [TEST_STEP][PASSED] - if (verifyElementPresent(findTestObject("Object Repository/IWP30/Page_CCPaymentEntry/ContinueButton"), 30)): null

2024-05-15 15:38:48 - [MESSAGE][PASSED] - Object 'Object Repository/IWP30/Page_CCPaymentEntry/ContinueButton' is present

2024-05-15 15:38:48 - [TEST_STEP][PASSED] - click(findTestObject("Object Repository/IWP30/Page_CCPaymentEntry/ContinueButton")): Object: 'Object Repository/IWP30/Page_CCPaymentEntry/ContinueButton' is clicked on

2024-05-15 15:38:50 - [MESSAGE][PASSED] - Object: 'Object Repository/IWP30/Page_CCPaymentEntry/ContinueButton' is clicked on

2024-05-15 15:38:50 - [TEST_STEP][FAILED] - if (verifyTextPresent("Please verify the following information", false)): Text 'Please verify the following information' is not present on page  (Root cause: com.kms.katalon.core.exception.StepFailedException: Text 'Please verify the following information' is not present on page 
	at com.kms.katalon.core.webui.keyword.internal.WebUIKeywordMain.stepFailed(WebUIKeywordMain.groovy:64)
	at com.kms.katalon.core.webui.keyword.builtin.VerifyTextPresentKeyword$_verifyTextPresent_closure1.doCall(VerifyTextPresentKeyword.groovy:79)
	at com.kms.katalon.core.webui.keyword.builtin.VerifyTextPresentKeyword$_verifyTextPresent_closure1.call(VerifyTextPresentKeyword.groovy)
	at com.kms.katalon.core.webui.keyword.internal.WebUIKeywordMain.runKeyword(WebUIKeywordMain.groovy:20)
	at com.kms.katalon.core.webui.keyword.builtin.VerifyTextPresentKeyword.verifyTextPresent(VerifyTextPresentKeyword.groovy:83)
	at com.kms.katalon.core.webui.keyword.builtin.VerifyTextPresentKeyword.execute(VerifyTextPresentKeyword.groovy:68)
	at com.kms.katalon.core.keyword.internal.KeywordExecutor.executeKeywordForPlatform(KeywordExecutor.groovy:74)
	at com.kms.katalon.core.webui.keyword.WebUiBuiltInKeywords.verifyTextPresent(WebUiBuiltInKeywords.groovy:1723)
	at com.kms.katalon.core.webui.keyword.WebUiBuiltInKeywords$verifyTextPresent$8.call(Unknown Source)
	at PayNowReqFieldsCC.run(PayNowReqFieldsCC:573)
	at com.kms.katalon.core.main.ScriptEngine.run(ScriptEngine.java:194)
	at com.kms.katalon.core.main.ScriptEngine.runScriptAsRawText(ScriptEngine.java:119)
	at com.kms.katalon.core.main.TestCaseExecutor.runScript(TestCaseExecutor.java:448)
	at com.kms.katalon.core.main.TestCaseExecutor.doExecute(TestCaseExecutor.java:439)
	at com.kms.katalon.core.main.TestCaseExecutor.processExecutionPhase(TestCaseExecutor.java:418)
	at com.kms.katalon.core.main.TestCaseExecutor.accessMainPhase(TestCaseExecutor.java:410)
	at com.kms.katalon.core.main.TestCaseExecutor.execute(TestCaseExecutor.java:285)
	at com.kms.katalon.core.common.CommonExecutor.accessTestCaseMainPhase(CommonExecutor.java:65)
	at com.kms.katalon.core.main.TestSuiteExecutor.accessTestSuiteMainPhase(TestSuiteExecutor.java:148)
	at com.kms.katalon.core.main.TestSuiteExecutor.execute(TestSuiteExecutor.java:106)
	at com.kms.katalon.core.main.TestCaseMain.startTestSuite(TestCaseMain.java:187)
	at com.kms.katalon.core.main.TestCaseMain$startTestSuite$0.call(Unknown Source)
	at TempTestSuite1715800219174.run(TempTestSuite1715800219174.groovy:35)
)

2024-05-15 15:38:50 - [MESSAGE][FAILED] - Text 'Please verify the following information' is not present on page  (Root cause: com.kms.katalon.core.exception.StepFailedException: Text 'Please verify the following information' is not present on page 
	at com.kms.katalon.core.webui.keyword.internal.WebUIKeywordMain.stepFailed(WebUIKeywordMain.groovy:64)
	at com.kms.katalon.core.webui.keyword.builtin.VerifyTextPresentKeyword$_verifyTextPresent_closure1.doCall(VerifyTextPresentKeyword.groovy:79)
	at com.kms.katalon.core.webui.keyword.builtin.VerifyTextPresentKeyword$_verifyTextPresent_closure1.call(VerifyTextPresentKeyword.groovy)
	at com.kms.katalon.core.webui.keyword.internal.WebUIKeywordMain.runKeyword(WebUIKeywordMain.groovy:20)
	at com.kms.katalon.core.webui.keyword.builtin.VerifyTextPresentKeyword.verifyTextPresent(VerifyTextPresentKeyword.groovy:83)
	at com.kms.katalon.core.webui.keyword.builtin.VerifyTextPresentKeyword.execute(VerifyTextPresentKeyword.groovy:68)
	at com.kms.katalon.core.keyword.internal.KeywordExecutor.executeKeywordForPlatform(KeywordExecutor.groovy:74)
	at com.kms.katalon.core.webui.keyword.WebUiBuiltInKeywords.verifyTextPresent(WebUiBuiltInKeywords.groovy:1723)
	at com.kms.katalon.core.webui.keyword.WebUiBuiltInKeywords$verifyTextPresent$8.call(Unknown Source)
	at PayNowReqFieldsCC.run(PayNowReqFieldsCC:573)
	at com.kms.katalon.core.main.ScriptEngine.run(ScriptEngine.java:194)
	at com.kms.katalon.core.main.ScriptEngine.runScriptAsRawText(ScriptEngine.java:119)
	at com.kms.katalon.core.main.TestCaseExecutor.runScript(TestCaseExecutor.java:448)
	at com.kms.katalon.core.main.TestCaseExecutor.doExecute(TestCaseExecutor.java:439)
	at com.kms.katalon.core.main.TestCaseExecutor.processExecutionPhase(TestCaseExecutor.java:418)
	at com.kms.katalon.core.main.TestCaseExecutor.accessMainPhase(TestCaseExecutor.java:410)
	at com.kms.katalon.core.main.TestCaseExecutor.execute(TestCaseExecutor.java:285)
	at com.kms.katalon.core.common.CommonExecutor.accessTestCaseMainPhase(CommonExecutor.java:65)
	at com.kms.katalon.core.main.TestSuiteExecutor.accessTestSuiteMainPhase(TestSuiteExecutor.java:148)
	at com.kms.katalon.core.main.TestSuiteExecutor.execute(TestSuiteExecutor.java:106)
	at com.kms.katalon.core.main.TestCaseMain.startTestSuite(TestCaseMain.java:187)
	at com.kms.katalon.core.main.TestCaseMain$startTestSuite$0.call(Unknown Source)
	at TempTestSuite1715800219174.run(TempTestSuite1715800219174.groovy:35)
)

2024-05-15 15:38:50 - [TEST_STEP][PASSED] - else: null

2024-05-15 15:38:50 - [TEST_STEP][FAILED] - if (verifyTextPresent("Is this information correct?", false)): Text 'Is this information correct?' is not present on page  (Root cause: com.kms.katalon.core.exception.StepFailedException: Text 'Is this information correct?' is not present on page 
	at com.kms.katalon.core.webui.keyword.internal.WebUIKeywordMain.stepFailed(WebUIKeywordMain.groovy:64)
	at com.kms.katalon.core.webui.keyword.builtin.VerifyTextPresentKeyword$_verifyTextPresent_closure1.doCall(VerifyTextPresentKeyword.groovy:79)
	at com.kms.katalon.core.webui.keyword.builtin.VerifyTextPresentKeyword$_verifyTextPresent_closure1.call(VerifyTextPresentKeyword.groovy)
	at com.kms.katalon.core.webui.keyword.internal.WebUIKeywordMain.runKeyword(WebUIKeywordMain.groovy:20)
	at com.kms.katalon.core.webui.keyword.builtin.VerifyTextPresentKeyword.verifyTextPresent(VerifyTextPresentKeyword.groovy:83)
	at com.kms.katalon.core.webui.keyword.builtin.VerifyTextPresentKeyword.execute(VerifyTextPresentKeyword.groovy:68)
	at com.kms.katalon.core.keyword.internal.KeywordExecutor.executeKeywordForPlatform(KeywordExecutor.groovy:74)
	at com.kms.katalon.core.webui.keyword.WebUiBuiltInKeywords.verifyTextPresent(WebUiBuiltInKeywords.groovy:1723)
	at com.kms.katalon.core.webui.keyword.WebUiBuiltInKeywords$verifyTextPresent$8.call(Unknown Source)
	at PayNowReqFieldsCC.run(PayNowReqFieldsCC:581)
	at com.kms.katalon.core.main.ScriptEngine.run(ScriptEngine.java:194)
	at com.kms.katalon.core.main.ScriptEngine.runScriptAsRawText(ScriptEngine.java:119)
	at com.kms.katalon.core.main.TestCaseExecutor.runScript(TestCaseExecutor.java:448)
	at com.kms.katalon.core.main.TestCaseExecutor.doExecute(TestCaseExecutor.java:439)
	at com.kms.katalon.core.main.TestCaseExecutor.processExecutionPhase(TestCaseExecutor.java:418)
	at com.kms.katalon.core.main.TestCaseExecutor.accessMainPhase(TestCaseExecutor.java:410)
	at com.kms.katalon.core.main.TestCaseExecutor.execute(TestCaseExecutor.java:285)
	at com.kms.katalon.core.common.CommonExecutor.accessTestCaseMainPhase(CommonExecutor.java:65)
	at com.kms.katalon.core.main.TestSuiteExecutor.accessTestSuiteMainPhase(TestSuiteExecutor.java:148)
	at com.kms.katalon.core.main.TestSuiteExecutor.execute(TestSuiteExecutor.java:106)
	at com.kms.katalon.core.main.TestCaseMain.startTestSuite(TestCaseMain.java:187)
	at com.kms.katalon.core.main.TestCaseMain$startTestSuite$0.call(Unknown Source)
	at TempTestSuite1715800219174.run(TempTestSuite1715800219174.groovy:35)
)

2024-05-15 15:38:51 - [MESSAGE][FAILED] - Text 'Is this information correct?' is not present on page  (Root cause: com.kms.katalon.core.exception.StepFailedException: Text 'Is this information correct?' is not present on page 
	at com.kms.katalon.core.webui.keyword.internal.WebUIKeywordMain.stepFailed(WebUIKeywordMain.groovy:64)
	at com.kms.katalon.core.webui.keyword.builtin.VerifyTextPresentKeyword$_verifyTextPresent_closure1.doCall(VerifyTextPresentKeyword.groovy:79)
	at com.kms.katalon.core.webui.keyword.builtin.VerifyTextPresentKeyword$_verifyTextPresent_closure1.call(VerifyTextPresentKeyword.groovy)
	at com.kms.katalon.core.webui.keyword.internal.WebUIKeywordMain.runKeyword(WebUIKeywordMain.groovy:20)
	at com.kms.katalon.core.webui.keyword.builtin.VerifyTextPresentKeyword.verifyTextPresent(VerifyTextPresentKeyword.groovy:83)
	at com.kms.katalon.core.webui.keyword.builtin.VerifyTextPresentKeyword.execute(VerifyTextPresentKeyword.groovy:68)
	at com.kms.katalon.core.keyword.internal.KeywordExecutor.executeKeywordForPlatform(KeywordExecutor.groovy:74)
	at com.kms.katalon.core.webui.keyword.WebUiBuiltInKeywords.verifyTextPresent(WebUiBuiltInKeywords.groovy:1723)
	at com.kms.katalon.core.webui.keyword.WebUiBuiltInKeywords$verifyTextPresent$8.call(Unknown Source)
	at PayNowReqFieldsCC.run(PayNowReqFieldsCC:581)
	at com.kms.katalon.core.main.ScriptEngine.run(ScriptEngine.java:194)
	at com.kms.katalon.core.main.ScriptEngine.runScriptAsRawText(ScriptEngine.java:119)
	at com.kms.katalon.core.main.TestCaseExecutor.runScript(TestCaseExecutor.java:448)
	at com.kms.katalon.core.main.TestCaseExecutor.doExecute(TestCaseExecutor.java:439)
	at com.kms.katalon.core.main.TestCaseExecutor.processExecutionPhase(TestCaseExecutor.java:418)
	at com.kms.katalon.core.main.TestCaseExecutor.accessMainPhase(TestCaseExecutor.java:410)
	at com.kms.katalon.core.main.TestCaseExecutor.execute(TestCaseExecutor.java:285)
	at com.kms.katalon.core.common.CommonExecutor.accessTestCaseMainPhase(CommonExecutor.java:65)
	at com.kms.katalon.core.main.TestSuiteExecutor.accessTestSuiteMainPhase(TestSuiteExecutor.java:148)
	at com.kms.katalon.core.main.TestSuiteExecutor.execute(TestSuiteExecutor.java:106)
	at com.kms.katalon.core.main.TestCaseMain.startTestSuite(TestCaseMain.java:187)
	at com.kms.katalon.core.main.TestCaseMain$startTestSuite$0.call(Unknown Source)
	at TempTestSuite1715800219174.run(TempTestSuite1715800219174.groovy:35)
)

2024-05-15 15:38:51 - [TEST_STEP][PASSED] - else: null

2024-05-15 15:38:51 - [TEST_STEP][PASSED] - println("Is this information correct text is not present on the Confirmation page"): null

2024-05-15 15:38:51 - [TEST_STEP][FAILED] - if (verifyElementPresent(findTestObject("Object Repository/IWP30/Page_Confirmation/ConfirmButton"), 30)): com.kms.katalon.core.webui.exception.WebElementNotFoundException: Web element with id: 'Object Repository/IWP30/Page_Confirmation/ConfirmButton' located by '//*[@type = 'submit' and @name = 'confirmNotifyAction' and @id = 'submitYes' and @value = 'Confirm']' not found (Root cause: com.kms.katalon.core.exception.StepFailedException: com.kms.katalon.core.webui.exception.WebElementNotFoundException: Web element with id: 'Object Repository/IWP30/Page_Confirmation/ConfirmButton' located by '//*[@type = 'submit' and @name = 'confirmNotifyAction' and @id = 'submitYes' and @value = 'Confirm']' not found
	at com.kms.katalon.core.webui.keyword.internal.WebUIKeywordMain.stepFailed(WebUIKeywordMain.groovy:64)
	at com.kms.katalon.core.webui.keyword.builtin.VerifyElementPresentKeyword$_verifyElementPresent_closure1.doCall(VerifyElementPresentKeyword.groovy:85)
	at com.kms.katalon.core.webui.keyword.builtin.VerifyElementPresentKeyword$_verifyElementPresent_closure1.call(VerifyElementPresentKeyword.groovy)
	at com.kms.katalon.core.webui.keyword.internal.WebUIKeywordMain.runKeyword(WebUIKeywordMain.groovy:20)
	at com.kms.katalon.core.webui.keyword.builtin.VerifyElementPresentKeyword.verifyElementPresent(VerifyElementPresentKeyword.groovy:92)
	at com.kms.katalon.core.webui.keyword.builtin.VerifyElementPresentKeyword.execute(VerifyElementPresentKeyword.groovy:68)
	at com.kms.katalon.core.keyword.internal.KeywordExecutor.executeKeywordForPlatform(KeywordExecutor.groovy:74)
	at com.kms.katalon.core.webui.keyword.WebUiBuiltInKeywords.verifyElementPresent(WebUiBuiltInKeywords.groovy:1464)
	at com.kms.katalon.core.webui.keyword.WebUiBuiltInKeywords$verifyElementPresent$5.call(Unknown Source)
	at PayNowReqFieldsCC.run(PayNowReqFieldsCC:589)
	at com.kms.katalon.core.main.ScriptEngine.run(ScriptEngine.java:194)
	at com.kms.katalon.core.main.ScriptEngine.runScriptAsRawText(ScriptEngine.java:119)
	at com.kms.katalon.core.main.TestCaseExecutor.runScript(TestCaseExecutor.java:448)
	at com.kms.katalon.core.main.TestCaseExecutor.doExecute(TestCaseExecutor.java:439)
	at com.kms.katalon.core.main.TestCaseExecutor.processExecutionPhase(TestCaseExecutor.java:418)
	at com.kms.katalon.core.main.TestCaseExecutor.accessMainPhase(TestCaseExecutor.java:410)
	at com.kms.katalon.core.main.TestCaseExecutor.execute(TestCaseExecutor.java:285)
	at com.kms.katalon.core.common.CommonExecutor.accessTestCaseMainPhase(CommonExecutor.java:65)
	at com.kms.katalon.core.main.TestSuiteExecutor.accessTestSuiteMainPhase(TestSuiteExecutor.java:148)
	at com.kms.katalon.core.main.TestSuiteExecutor.execute(TestSuiteExecutor.java:106)
	at com.kms.katalon.core.main.TestCaseMain.startTestSuite(TestCaseMain.java:187)
	at com.kms.katalon.core.main.TestCaseMain$startTestSuite$0.call(Unknown Source)
	at TempTestSuite1715800219174.run(TempTestSuite1715800219174.groovy:35)
)

2024-05-15 15:39:22 - [MESSAGE][INFO] - Unable to find the element located by 'By.xpath: //*[@type = 'submit' and @name = 'confirmNotifyAction' and @id = 'submitYes' and @value = 'Confirm']'. Please recheck the objects properties to make sure the desired element is located. 

2024-05-15 15:39:22 - [MESSAGE][FAILED] - com.kms.katalon.core.webui.exception.WebElementNotFoundException: Web element with id: 'Object Repository/IWP30/Page_Confirmation/ConfirmButton' located by '//*[@type = 'submit' and @name = 'confirmNotifyAction' and @id = 'submitYes' and @value = 'Confirm']' not found (Root cause: com.kms.katalon.core.exception.StepFailedException: com.kms.katalon.core.webui.exception.WebElementNotFoundException: Web element with id: 'Object Repository/IWP30/Page_Confirmation/ConfirmButton' located by '//*[@type = 'submit' and @name = 'confirmNotifyAction' and @id = 'submitYes' and @value = 'Confirm']' not found
	at com.kms.katalon.core.webui.keyword.internal.WebUIKeywordMain.stepFailed(WebUIKeywordMain.groovy:64)
	at com.kms.katalon.core.webui.keyword.builtin.VerifyElementPresentKeyword$_verifyElementPresent_closure1.doCall(VerifyElementPresentKeyword.groovy:85)
	at com.kms.katalon.core.webui.keyword.builtin.VerifyElementPresentKeyword$_verifyElementPresent_closure1.call(VerifyElementPresentKeyword.groovy)
	at com.kms.katalon.core.webui.keyword.internal.WebUIKeywordMain.runKeyword(WebUIKeywordMain.groovy:20)
	at com.kms.katalon.core.webui.keyword.builtin.VerifyElementPresentKeyword.verifyElementPresent(VerifyElementPresentKeyword.groovy:92)
	at com.kms.katalon.core.webui.keyword.builtin.VerifyElementPresentKeyword.execute(VerifyElementPresentKeyword.groovy:68)
	at com.kms.katalon.core.keyword.internal.KeywordExecutor.executeKeywordForPlatform(KeywordExecutor.groovy:74)
	at com.kms.katalon.core.webui.keyword.WebUiBuiltInKeywords.verifyElementPresent(WebUiBuiltInKeywords.groovy:1464)
	at com.kms.katalon.core.webui.keyword.WebUiBuiltInKeywords$verifyElementPresent$5.call(Unknown Source)
	at PayNowReqFieldsCC.run(PayNowReqFieldsCC:589)
	at com.kms.katalon.core.main.ScriptEngine.run(ScriptEngine.java:194)
	at com.kms.katalon.core.main.ScriptEngine.runScriptAsRawText(ScriptEngine.java:119)
	at com.kms.katalon.core.main.TestCaseExecutor.runScript(TestCaseExecutor.java:448)
	at com.kms.katalon.core.main.TestCaseExecutor.doExecute(TestCaseExecutor.java:439)
	at com.kms.katalon.core.main.TestCaseExecutor.processExecutionPhase(TestCaseExecutor.java:418)
	at com.kms.katalon.core.main.TestCaseExecutor.accessMainPhase(TestCaseExecutor.java:410)
	at com.kms.katalon.core.main.TestCaseExecutor.execute(TestCaseExecutor.java:285)
	at com.kms.katalon.core.common.CommonExecutor.accessTestCaseMainPhase(CommonExecutor.java:65)
	at com.kms.katalon.core.main.TestSuiteExecutor.accessTestSuiteMainPhase(TestSuiteExecutor.java:148)
	at com.kms.katalon.core.main.TestSuiteExecutor.execute(TestSuiteExecutor.java:106)
	at com.kms.katalon.core.main.TestCaseMain.startTestSuite(TestCaseMain.java:187)
	at com.kms.katalon.core.main.TestCaseMain$startTestSuite$0.call(Unknown Source)
	at TempTestSuite1715800219174.run(TempTestSuite1715800219174.groovy:35)
)
[[ATTACHMENT|E:\\Cloned-Project-Katalon\\VPS-Katalon\\Reports\\20240515_151019\\QA\\IWP3.0\\IWP30 Smoke TestSuite\\20240515_151019\\1715801962157.png]]

2024-05-15 15:39:22 - [TEST_STEP][PASSED] - else: null

2024-05-15 15:39:22 - [TEST_STEP][PASSED] - println("Confirm button is missing on the Confirmation page"): null

2024-05-15 15:39:22 - [TEST_STEP][PASSED] - Thread.sleep(10000): null

2024-05-15 15:39:32 - [TEST_STEP][FAILED] - if (verifyTextPresent("Successful Payment Receipt", false)): Text 'Successful Payment Receipt' is not present on page  (Root cause: com.kms.katalon.core.exception.StepFailedException: Text 'Successful Payment Receipt' is not present on page 
	at com.kms.katalon.core.webui.keyword.internal.WebUIKeywordMain.stepFailed(WebUIKeywordMain.groovy:64)
	at com.kms.katalon.core.webui.keyword.builtin.VerifyTextPresentKeyword$_verifyTextPresent_closure1.doCall(VerifyTextPresentKeyword.groovy:79)
	at com.kms.katalon.core.webui.keyword.builtin.VerifyTextPresentKeyword$_verifyTextPresent_closure1.call(VerifyTextPresentKeyword.groovy)
	at com.kms.katalon.core.webui.keyword.internal.WebUIKeywordMain.runKeyword(WebUIKeywordMain.groovy:20)
	at com.kms.katalon.core.webui.keyword.builtin.VerifyTextPresentKeyword.verifyTextPresent(VerifyTextPresentKeyword.groovy:83)
	at com.kms.katalon.core.webui.keyword.builtin.VerifyTextPresentKeyword.execute(VerifyTextPresentKeyword.groovy:68)
	at com.kms.katalon.core.keyword.internal.KeywordExecutor.executeKeywordForPlatform(KeywordExecutor.groovy:74)
	at com.kms.katalon.core.webui.keyword.WebUiBuiltInKeywords.verifyTextPresent(WebUiBuiltInKeywords.groovy:1723)
	at com.kms.katalon.core.webui.keyword.WebUiBuiltInKeywords$verifyTextPresent$8.call(Unknown Source)
	at PayNowReqFieldsCC.run(PayNowReqFieldsCC:604)
	at com.kms.katalon.core.main.ScriptEngine.run(ScriptEngine.java:194)
	at com.kms.katalon.core.main.ScriptEngine.runScriptAsRawText(ScriptEngine.java:119)
	at com.kms.katalon.core.main.TestCaseExecutor.runScript(TestCaseExecutor.java:448)
	at com.kms.katalon.core.main.TestCaseExecutor.doExecute(TestCaseExecutor.java:439)
	at com.kms.katalon.core.main.TestCaseExecutor.processExecutionPhase(TestCaseExecutor.java:418)
	at com.kms.katalon.core.main.TestCaseExecutor.accessMainPhase(TestCaseExecutor.java:410)
	at com.kms.katalon.core.main.TestCaseExecutor.execute(TestCaseExecutor.java:285)
	at com.kms.katalon.core.common.CommonExecutor.accessTestCaseMainPhase(CommonExecutor.java:65)
	at com.kms.katalon.core.main.TestSuiteExecutor.accessTestSuiteMainPhase(TestSuiteExecutor.java:148)
	at com.kms.katalon.core.main.TestSuiteExecutor.execute(TestSuiteExecutor.java:106)
	at com.kms.katalon.core.main.TestCaseMain.startTestSuite(TestCaseMain.java:187)
	at com.kms.katalon.core.main.TestCaseMain$startTestSuite$0.call(Unknown Source)
	at TempTestSuite1715800219174.run(TempTestSuite1715800219174.groovy:35)
)

2024-05-15 15:39:33 - [MESSAGE][FAILED] - Text 'Successful Payment Receipt' is not present on page  (Root cause: com.kms.katalon.core.exception.StepFailedException: Text 'Successful Payment Receipt' is not present on page 
	at com.kms.katalon.core.webui.keyword.internal.WebUIKeywordMain.stepFailed(WebUIKeywordMain.groovy:64)
	at com.kms.katalon.core.webui.keyword.builtin.VerifyTextPresentKeyword$_verifyTextPresent_closure1.doCall(VerifyTextPresentKeyword.groovy:79)
	at com.kms.katalon.core.webui.keyword.builtin.VerifyTextPresentKeyword$_verifyTextPresent_closure1.call(VerifyTextPresentKeyword.groovy)
	at com.kms.katalon.core.webui.keyword.internal.WebUIKeywordMain.runKeyword(WebUIKeywordMain.groovy:20)
	at com.kms.katalon.core.webui.keyword.builtin.VerifyTextPresentKeyword.verifyTextPresent(VerifyTextPresentKeyword.groovy:83)
	at com.kms.katalon.core.webui.keyword.builtin.VerifyTextPresentKeyword.execute(VerifyTextPresentKeyword.groovy:68)
	at com.kms.katalon.core.keyword.internal.KeywordExecutor.executeKeywordForPlatform(KeywordExecutor.groovy:74)
	at com.kms.katalon.core.webui.keyword.WebUiBuiltInKeywords.verifyTextPresent(WebUiBuiltInKeywords.groovy:1723)
	at com.kms.katalon.core.webui.keyword.WebUiBuiltInKeywords$verifyTextPresent$8.call(Unknown Source)
	at PayNowReqFieldsCC.run(PayNowReqFieldsCC:604)
	at com.kms.katalon.core.main.ScriptEngine.run(ScriptEngine.java:194)
	at com.kms.katalon.core.main.ScriptEngine.runScriptAsRawText(ScriptEngine.java:119)
	at com.kms.katalon.core.main.TestCaseExecutor.runScript(TestCaseExecutor.java:448)
	at com.kms.katalon.core.main.TestCaseExecutor.doExecute(TestCaseExecutor.java:439)
	at com.kms.katalon.core.main.TestCaseExecutor.processExecutionPhase(TestCaseExecutor.java:418)
	at com.kms.katalon.core.main.TestCaseExecutor.accessMainPhase(TestCaseExecutor.java:410)
	at com.kms.katalon.core.main.TestCaseExecutor.execute(TestCaseExecutor.java:285)
	at com.kms.katalon.core.common.CommonExecutor.accessTestCaseMainPhase(CommonExecutor.java:65)
	at com.kms.katalon.core.main.TestSuiteExecutor.accessTestSuiteMainPhase(TestSuiteExecutor.java:148)
	at com.kms.katalon.core.main.TestSuiteExecutor.execute(TestSuiteExecutor.java:106)
	at com.kms.katalon.core.main.TestCaseMain.startTestSuite(TestCaseMain.java:187)
	at com.kms.katalon.core.main.TestCaseMain$startTestSuite$0.call(Unknown Source)
	at TempTestSuite1715800219174.run(TempTestSuite1715800219174.groovy:35)
)

2024-05-15 15:39:33 - [TEST_STEP][PASSED] - else: null

2024-05-15 15:39:33 - [TEST_STEP][FAILED] - if (verifyTextPresent("Please print this receipt for your records", false)): Text 'Please print this receipt for your records' is not present on page  (Root cause: com.kms.katalon.core.exception.StepFailedException: Text 'Please print this receipt for your records' is not present on page 
	at com.kms.katalon.core.webui.keyword.internal.WebUIKeywordMain.stepFailed(WebUIKeywordMain.groovy:64)
	at com.kms.katalon.core.webui.keyword.builtin.VerifyTextPresentKeyword$_verifyTextPresent_closure1.doCall(VerifyTextPresentKeyword.groovy:79)
	at com.kms.katalon.core.webui.keyword.builtin.VerifyTextPresentKeyword$_verifyTextPresent_closure1.call(VerifyTextPresentKeyword.groovy)
	at com.kms.katalon.core.webui.keyword.internal.WebUIKeywordMain.runKeyword(WebUIKeywordMain.groovy:20)
	at com.kms.katalon.core.webui.keyword.builtin.VerifyTextPresentKeyword.verifyTextPresent(VerifyTextPresentKeyword.groovy:83)
	at com.kms.katalon.core.webui.keyword.builtin.VerifyTextPresentKeyword.execute(VerifyTextPresentKeyword.groovy:68)
	at com.kms.katalon.core.keyword.internal.KeywordExecutor.executeKeywordForPlatform(KeywordExecutor.groovy:74)
	at com.kms.katalon.core.webui.keyword.WebUiBuiltInKeywords.verifyTextPresent(WebUiBuiltInKeywords.groovy:1723)
	at com.kms.katalon.core.webui.keyword.WebUiBuiltInKeywords$verifyTextPresent$8.call(Unknown Source)
	at PayNowReqFieldsCC.run(PayNowReqFieldsCC:611)
	at com.kms.katalon.core.main.ScriptEngine.run(ScriptEngine.java:194)
	at com.kms.katalon.core.main.ScriptEngine.runScriptAsRawText(ScriptEngine.java:119)
	at com.kms.katalon.core.main.TestCaseExecutor.runScript(TestCaseExecutor.java:448)
	at com.kms.katalon.core.main.TestCaseExecutor.doExecute(TestCaseExecutor.java:439)
	at com.kms.katalon.core.main.TestCaseExecutor.processExecutionPhase(TestCaseExecutor.java:418)
	at com.kms.katalon.core.main.TestCaseExecutor.accessMainPhase(TestCaseExecutor.java:410)
	at com.kms.katalon.core.main.TestCaseExecutor.execute(TestCaseExecutor.java:285)
	at com.kms.katalon.core.common.CommonExecutor.accessTestCaseMainPhase(CommonExecutor.java:65)
	at com.kms.katalon.core.main.TestSuiteExecutor.accessTestSuiteMainPhase(TestSuiteExecutor.java:148)
	at com.kms.katalon.core.main.TestSuiteExecutor.execute(TestSuiteExecutor.java:106)
	at com.kms.katalon.core.main.TestCaseMain.startTestSuite(TestCaseMain.java:187)
	at com.kms.katalon.core.main.TestCaseMain$startTestSuite$0.call(Unknown Source)
	at TempTestSuite1715800219174.run(TempTestSuite1715800219174.groovy:35)
)

2024-05-15 15:39:33 - [MESSAGE][FAILED] - Text 'Please print this receipt for your records' is not present on page  (Root cause: com.kms.katalon.core.exception.StepFailedException: Text 'Please print this receipt for your records' is not present on page 
	at com.kms.katalon.core.webui.keyword.internal.WebUIKeywordMain.stepFailed(WebUIKeywordMain.groovy:64)
	at com.kms.katalon.core.webui.keyword.builtin.VerifyTextPresentKeyword$_verifyTextPresent_closure1.doCall(VerifyTextPresentKeyword.groovy:79)
	at com.kms.katalon.core.webui.keyword.builtin.VerifyTextPresentKeyword$_verifyTextPresent_closure1.call(VerifyTextPresentKeyword.groovy)
	at com.kms.katalon.core.webui.keyword.internal.WebUIKeywordMain.runKeyword(WebUIKeywordMain.groovy:20)
	at com.kms.katalon.core.webui.keyword.builtin.VerifyTextPresentKeyword.verifyTextPresent(VerifyTextPresentKeyword.groovy:83)
	at com.kms.katalon.core.webui.keyword.builtin.VerifyTextPresentKeyword.execute(VerifyTextPresentKeyword.groovy:68)
	at com.kms.katalon.core.keyword.internal.KeywordExecutor.executeKeywordForPlatform(KeywordExecutor.groovy:74)
	at com.kms.katalon.core.webui.keyword.WebUiBuiltInKeywords.verifyTextPresent(WebUiBuiltInKeywords.groovy:1723)
	at com.kms.katalon.core.webui.keyword.WebUiBuiltInKeywords$verifyTextPresent$8.call(Unknown Source)
	at PayNowReqFieldsCC.run(PayNowReqFieldsCC:611)
	at com.kms.katalon.core.main.ScriptEngine.run(ScriptEngine.java:194)
	at com.kms.katalon.core.main.ScriptEngine.runScriptAsRawText(ScriptEngine.java:119)
	at com.kms.katalon.core.main.TestCaseExecutor.runScript(TestCaseExecutor.java:448)
	at com.kms.katalon.core.main.TestCaseExecutor.doExecute(TestCaseExecutor.java:439)
	at com.kms.katalon.core.main.TestCaseExecutor.processExecutionPhase(TestCaseExecutor.java:418)
	at com.kms.katalon.core.main.TestCaseExecutor.accessMainPhase(TestCaseExecutor.java:410)
	at com.kms.katalon.core.main.TestCaseExecutor.execute(TestCaseExecutor.java:285)
	at com.kms.katalon.core.common.CommonExecutor.accessTestCaseMainPhase(CommonExecutor.java:65)
	at com.kms.katalon.core.main.TestSuiteExecutor.accessTestSuiteMainPhase(TestSuiteExecutor.java:148)
	at com.kms.katalon.core.main.TestSuiteExecutor.execute(TestSuiteExecutor.java:106)
	at com.kms.katalon.core.main.TestCaseMain.startTestSuite(TestCaseMain.java:187)
	at com.kms.katalon.core.main.TestCaseMain$startTestSuite$0.call(Unknown Source)
	at TempTestSuite1715800219174.run(TempTestSuite1715800219174.groovy:35)
)

2024-05-15 15:39:33 - [TEST_STEP][PASSED] - else: null

2024-05-15 15:39:33 - [TEST_STEP][PASSED] - if (verifyElementPresent(findTestObject("Object Repository/IWP30/Page_Receipt/ExitButton"), 30)): null

2024-05-15 15:39:33 - [MESSAGE][PASSED] - Object 'Object Repository/IWP30/Page_Receipt/ExitButton' is present

2024-05-15 15:39:33 - [TEST_STEP][PASSED] - println("Exit Button is present on the Receipt page"): null

2024-05-15 15:39:33 - [TEST_STEP][PASSED] - closeBrowser(): Browser is closed

2024-05-15 15:39:35 - [MESSAGE][PASSED] - Browser is closed

2024-05-15 15:39:35 - [TEST_STEP][PASSED] - ExecuteTC = findTestData("IWPTestData/IWP30PayNowCC").getValue("Execute", row): null

2024-05-15 15:39:35 - [TEST_STEP][PASSED] - out.println("Value of Execute is : " + ExecuteTC): null

2024-05-15 15:39:35 - [TEST_STEP][FAILED] - if (ExecuteTC.equalsIgnoreCase("Y")): null

2024-05-15 15:39:35 - [TEST_STEP][PASSED] - out.println("Begin Record Number: " + row): null

2024-05-15 15:39:35 - [TEST_STEP][FAILED] - try: null

2024-05-15 15:39:35 - [TEST_STEP][PASSED] - MV = findTestData("IWPTestData/IWP30PayNowCC").getValue("MV", row): null

2024-05-15 15:39:35 - [TEST_STEP][PASSED] - println(MV): null

2024-05-15 15:39:35 - [TEST_STEP][PASSED] - Amount = findTestData("IWPTestData/IWP30PayNowCC").getValue("Amount", row): null

2024-05-15 15:39:35 - [TEST_STEP][PASSED] - println(Amount): null

2024-05-15 15:39:35 - [TEST_STEP][PASSED] - CAN = findTestData("IWPTestData/IWP30PayNowCC").getValue("CAN", row): null

2024-05-15 15:39:35 - [TEST_STEP][PASSED] - println(CAN): null

2024-05-15 15:39:35 - [TEST_STEP][PASSED] - Action = findTestData("IWPTestData/IWP30PayNowCC").getValue("Action", row): null

2024-05-15 15:39:35 - [TEST_STEP][PASSED] - println(Action): null

2024-05-15 15:39:35 - [TEST_STEP][PASSED] - Lang = findTestData("IWPTestData/IWP30PayNowCC").getValue("Lang", row): null

2024-05-15 15:39:35 - [TEST_STEP][PASSED] - println(Lang): null

2024-05-15 15:39:35 - [TEST_STEP][PASSED] - Fname = findTestData("IWPTestData/IWP30PayNowCC").getValue("Fname", row): null

2024-05-15 15:39:35 - [TEST_STEP][PASSED] - println(Fname): null

2024-05-15 15:39:35 - [TEST_STEP][PASSED] - Lname = findTestData("IWPTestData/IWP30PayNowCC").getValue("Lname", row): null

2024-05-15 15:39:35 - [TEST_STEP][PASSED] - println(Lname): null

2024-05-15 15:39:35 - [TEST_STEP][PASSED] - AL1 = findTestData("IWPTestData/IWP30PayNowCC").getValue("AL1", row): null

2024-05-15 15:39:35 - [TEST_STEP][PASSED] - println(AL1): null

2024-05-15 15:39:35 - [TEST_STEP][PASSED] - AL2 = findTestData("IWPTestData/IWP30PayNowCC").getValue("AL2", row): null

2024-05-15 15:39:35 - [TEST_STEP][PASSED] - println(AL2): null

2024-05-15 15:39:35 - [TEST_STEP][PASSED] - Country = findTestData("IWPTestData/IWP30PayNowCC").getValue("Country", row): null

2024-05-15 15:39:35 - [TEST_STEP][PASSED] - println(Country): null

2024-05-15 15:39:35 - [TEST_STEP][PASSED] - City = findTestData("IWPTestData/IWP30PayNowCC").getValue("City", row): null

2024-05-15 15:39:35 - [TEST_STEP][PASSED] - println(City): null

2024-05-15 15:39:35 - [TEST_STEP][PASSED] - State = findTestData("IWPTestData/IWP30PayNowCC").getValue("State", row): null

2024-05-15 15:39:35 - [TEST_STEP][PASSED] - println(State): null

2024-05-15 15:39:35 - [TEST_STEP][PASSED] - ZIP = findTestData("IWPTestData/IWP30PayNowCC").getValue("ZIP", row): null

2024-05-15 15:39:35 - [TEST_STEP][PASSED] - println(ZIP): null

2024-05-15 15:39:35 - [TEST_STEP][PASSED] - Order = findTestData("IWPTestData/IWP30PayNowCC").getValue("Order", row): null

2024-05-15 15:39:35 - [TEST_STEP][PASSED] - println(Order): null

2024-05-15 15:39:35 - [TEST_STEP][PASSED] - CompanyName = findTestData("IWPTestData/IWP30PayNowCC").getValue("CompanyName", row): null

2024-05-15 15:39:35 - [TEST_STEP][PASSED] - println(CompanyName): null

2024-05-15 15:39:35 - [TEST_STEP][PASSED] - Email = findTestData("IWPTestData/IWP30PayNowCC").getValue("Email", row): null

2024-05-15 15:39:35 - [TEST_STEP][PASSED] - println(Email): null

2024-05-15 15:39:35 - [TEST_STEP][PASSED] - UDF1 = findTestData("IWPTestData/IWP30PayNowCC").getValue("UDF1", row): null

2024-05-15 15:39:35 - [TEST_STEP][PASSED] - println(UDF1): null

2024-05-15 15:39:35 - [TEST_STEP][PASSED] - UDF2 = findTestData("IWPTestData/IWP30PayNowCC").getValue("UDF2", row): null

2024-05-15 15:39:35 - [TEST_STEP][PASSED] - println(UDF2): null

2024-05-15 15:39:35 - [TEST_STEP][PASSED] - UDF3 = findTestData("IWPTestData/IWP30PayNowCC").getValue("UDF3", row): null

2024-05-15 15:39:35 - [TEST_STEP][PASSED] - println(UDF3): null

2024-05-15 15:39:35 - [TEST_STEP][PASSED] - UDF4 = findTestData("IWPTestData/IWP30PayNowCC").getValue("UDF4", row): null

2024-05-15 15:39:35 - [TEST_STEP][PASSED] - println(UDF4): null

2024-05-15 15:39:35 - [TEST_STEP][PASSED] - UDF5 = findTestData("IWPTestData/IWP30PayNowCC").getValue("UDF5", row): null

2024-05-15 15:39:36 - [TEST_STEP][PASSED] - println(UDF5): null

2024-05-15 15:39:36 - [TEST_STEP][PASSED] - UDF6 = findTestData("IWPTestData/IWP30PayNowCC").getValue("UDF6", row): null

2024-05-15 15:39:36 - [TEST_STEP][PASSED] - println(UDF6): null

2024-05-15 15:39:36 - [TEST_STEP][PASSED] - UDF7 = findTestData("IWPTestData/IWP30PayNowCC").getValue("UDF7", row): null

2024-05-15 15:39:36 - [TEST_STEP][PASSED] - println(UDF7): null

2024-05-15 15:39:36 - [TEST_STEP][PASSED] - UDF8 = findTestData("IWPTestData/IWP30PayNowCC").getValue("UDF8", row): null

2024-05-15 15:39:36 - [TEST_STEP][PASSED] - println(UDF8): null

2024-05-15 15:39:36 - [TEST_STEP][PASSED] - UDF9 = findTestData("IWPTestData/IWP30PayNowCC").getValue("UDF9", row): null

2024-05-15 15:39:36 - [TEST_STEP][PASSED] - println(UDF9): null

2024-05-15 15:39:36 - [TEST_STEP][PASSED] - UDF10 = findTestData("IWPTestData/IWP30PayNowCC").getValue("UDF10", row): null

2024-05-15 15:39:36 - [TEST_STEP][PASSED] - println(UDF10): null

2024-05-15 15:39:36 - [TEST_STEP][PASSED] - AppID = findTestData("IWPTestData/IWP30PayNowCC").getValue("AppID", row): null

2024-05-15 15:39:36 - [TEST_STEP][PASSED] - println(AppID): null

2024-05-15 15:39:36 - [TEST_STEP][PASSED] - MessageVersion = findTestData("IWPTestData/IWP30PayNowCC").getValue("MessageVersion", row): null

2024-05-15 15:39:36 - [TEST_STEP][PASSED] - println(MessageVersion): null

2024-05-15 15:39:36 - [TEST_STEP][PASSED] - CCAmount = findTestData("IWPTestData/IWP30PayNowCC").getValue("CCAmount", row): null

2024-05-15 15:39:36 - [TEST_STEP][PASSED] - println(CCAmount): null

2024-05-15 15:39:36 - [TEST_STEP][PASSED] - CCUDF1 = findTestData("IWPTestData/IWP30PayNowCC").getValue("CCUDF1", row): null

2024-05-15 15:39:36 - [TEST_STEP][PASSED] - println(CCUDF1): null

2024-05-15 15:39:36 - [TEST_STEP][PASSED] - CCUDF2 = findTestData("IWPTestData/IWP30PayNowCC").getValue("CCUDF2", row): null

2024-05-15 15:39:36 - [TEST_STEP][PASSED] - println(CCUDF2): null

2024-05-15 15:39:36 - [TEST_STEP][PASSED] - CCUDF3 = findTestData("IWPTestData/IWP30PayNowCC").getValue("CCUDF3", row): null

2024-05-15 15:39:36 - [TEST_STEP][PASSED] - println(CCUDF3): null

2024-05-15 15:39:36 - [TEST_STEP][PASSED] - CCUDF4 = findTestData("IWPTestData/IWP30PayNowCC").getValue("CCUDF4", row): null

2024-05-15 15:39:36 - [TEST_STEP][PASSED] - println(CCUDF4): null

2024-05-15 15:39:36 - [TEST_STEP][PASSED] - CCUDF5 = findTestData("IWPTestData/IWP30PayNowCC").getValue("CCUDF5", row): null

2024-05-15 15:39:36 - [TEST_STEP][PASSED] - println(CCUDF5): null

2024-05-15 15:39:36 - [TEST_STEP][PASSED] - CCUDF6 = findTestData("IWPTestData/IWP30PayNowCC").getValue("CCUDF6", row): null

2024-05-15 15:39:36 - [TEST_STEP][PASSED] - println(CCUDF6): null

2024-05-15 15:39:36 - [TEST_STEP][PASSED] - CCUDF7 = findTestData("IWPTestData/IWP30PayNowCC").getValue("CCUDF7", row): null

2024-05-15 15:39:36 - [TEST_STEP][PASSED] - println(CCUDF7): null

2024-05-15 15:39:36 - [TEST_STEP][PASSED] - CCUDF8 = findTestData("IWPTestData/IWP30PayNowCC").getValue("CCUDF8", row): null

2024-05-15 15:39:36 - [TEST_STEP][PASSED] - println(CCUDF8): null

2024-05-15 15:39:36 - [TEST_STEP][PASSED] - CCUDF9 = findTestData("IWPTestData/IWP30PayNowCC").getValue("CCUDF9", row): null

2024-05-15 15:39:36 - [TEST_STEP][PASSED] - println(CCUDF9): null

2024-05-15 15:39:36 - [TEST_STEP][PASSED] - CCUDF10 = findTestData("IWPTestData/IWP30PayNowCC").getValue("CCUDF10", row): null

2024-05-15 15:39:36 - [TEST_STEP][PASSED] - println(CCUDF10): null

2024-05-15 15:39:36 - [TEST_STEP][PASSED] - CCName = findTestData("IWPTestData/IWP30PayNowCC").getValue("CCName", row): null

2024-05-15 15:39:36 - [TEST_STEP][PASSED] - println(CCName): null

2024-05-15 15:39:36 - [TEST_STEP][PASSED] - CCCardNum = findTestData("IWPTestData/IWP30PayNowCC").getValue("CCCardNum", row): null

2024-05-15 15:39:36 - [TEST_STEP][PASSED] - println(CCCardNum): null

2024-05-15 15:39:36 - [TEST_STEP][PASSED] - CCSPC = findTestData("IWPTestData/IWP30PayNowCC").getValue("CCSPC", row): null

2024-05-15 15:39:36 - [TEST_STEP][PASSED] - println(CCSPC): null

2024-05-15 15:39:36 - [TEST_STEP][PASSED] - CCExpM = findTestData("IWPTestData/IWP30PayNowCC").getValue("CCExpM", row): null

2024-05-15 15:39:36 - [TEST_STEP][PASSED] - println(CCExpM): null

2024-05-15 15:39:36 - [TEST_STEP][PASSED] - CCExpY = findTestData("IWPTestData/IWP30PayNowCC").getValue("CCExpY", row): null

2024-05-15 15:39:36 - [TEST_STEP][PASSED] - println(CCExpY): null

2024-05-15 15:39:36 - [TEST_STEP][PASSED] - CCDate = findTestData("IWPTestData/IWP30PayNowCC").getValue("CCDate", row): null

2024-05-15 15:39:37 - [TEST_STEP][PASSED] - println(CCDate): null

2024-05-15 15:39:37 - [TEST_STEP][PASSED] - CCAL1 = findTestData("IWPTestData/IWP30PayNowCC").getValue("CCAL1", row): null

2024-05-15 15:39:37 - [TEST_STEP][PASSED] - println(CCAL1): null

2024-05-15 15:39:37 - [TEST_STEP][PASSED] - CCAL2 = findTestData("IWPTestData/IWP30PayNowCC").getValue("CCAL2", row): null

2024-05-15 15:39:37 - [TEST_STEP][PASSED] - println(CCAL2): null

2024-05-15 15:39:37 - [TEST_STEP][PASSED] - CCZIP = findTestData("IWPTestData/IWP30PayNowCC").getValue("CCZIP", row): null

2024-05-15 15:39:37 - [TEST_STEP][PASSED] - println(CCZIP): null

2024-05-15 15:39:37 - [TEST_STEP][PASSED] - CCEmail = findTestData("IWPTestData/IWP30PayNowCC").getValue("CCEmail", row): null

2024-05-15 15:39:37 - [TEST_STEP][PASSED] - println(CCEmail): null

2024-05-15 15:39:37 - [TEST_STEP][PASSED] - openBrowser(urlEmulator): Browser is opened with url: 'https://qa2.velocitypayment.com/agency/config.do?action=editor'

2024-05-15 15:39:37 - [MESSAGE][INFO] - Starting 'Chrome' driver

2024-05-15 15:39:37 - [MESSAGE][INFO] - User set preference: ['acceptInsecureCerts', 'true']

2024-05-15 15:39:37 - [MESSAGE][INFO] - Action delay is set to 0 milliseconds

2024-05-15 15:39:39 - [MESSAGE][PASSED] - Browser is opened with url: 'https://qa2.velocitypayment.com/agency/config.do?action=editor'

2024-05-15 15:39:39 - [TEST_STEP][PASSED] - maximizeWindow(): Current window maximized

2024-05-15 15:39:39 - [MESSAGE][PASSED] - Current window maximized

2024-05-15 15:39:39 - [TEST_STEP][PASSED] - selectOptionByValue(findTestObject("IWP30/Page_VRelay30Emulator/MV"), MV, true): All options with value '3.0' are selected in object 'Object Repository/IWP30/Page_VRelay30Emulator/MV'  using regular expression

2024-05-15 15:39:40 - [MESSAGE][PASSED] - All options with value '3.0' are selected in object 'Object Repository/IWP30/Page_VRelay30Emulator/MV'  using regular expression

2024-05-15 15:39:40 - [TEST_STEP][PASSED] - setText(findTestObject("IWP30/Page_VRelay30Emulator/Amount"), Amount): Text '41.50' is set on object 'Object Repository/IWP30/Page_VRelay30Emulator/Amount'

2024-05-15 15:39:41 - [MESSAGE][PASSED] - Text '41.50' is set on object 'Object Repository/IWP30/Page_VRelay30Emulator/Amount'

2024-05-15 15:39:41 - [TEST_STEP][PASSED] - setText(findTestObject("IWP30/Page_VRelay30Emulator/CAN"), CAN): Text '26412109' is set on object 'Object Repository/IWP30/Page_VRelay30Emulator/CAN'

2024-05-15 15:39:42 - [MESSAGE][PASSED] - Text '26412109' is set on object 'Object Repository/IWP30/Page_VRelay30Emulator/CAN'

2024-05-15 15:39:42 - [TEST_STEP][PASSED] - setText(findTestObject("IWP30/Page_VRelay30Emulator/Action"), Action): Text 'PayNow' is set on object 'Object Repository/IWP30/Page_VRelay30Emulator/Action'

2024-05-15 15:39:42 - [MESSAGE][PASSED] - Text 'PayNow' is set on object 'Object Repository/IWP30/Page_VRelay30Emulator/Action'

2024-05-15 15:39:42 - [TEST_STEP][PASSED] - setText(findTestObject("IWP30/Page_VRelay30Emulator/Lang"), Lang): Text 'en_US' is set on object 'Object Repository/IWP30/Page_VRelay30Emulator/Lang'

2024-05-15 15:39:43 - [MESSAGE][PASSED] - Text 'en_US' is set on object 'Object Repository/IWP30/Page_VRelay30Emulator/Lang'

2024-05-15 15:39:43 - [TEST_STEP][PASSED] - setText(findTestObject("IWP30/Page_VRelay30Emulator/Fname"), Fname): Text 'Jonty' is set on object 'Object Repository/IWP30/Page_VRelay30Emulator/Fname'

2024-05-15 15:39:44 - [MESSAGE][PASSED] - Text 'Jonty' is set on object 'Object Repository/IWP30/Page_VRelay30Emulator/Fname'

2024-05-15 15:39:44 - [TEST_STEP][PASSED] - setText(findTestObject("IWP30/Page_VRelay30Emulator/Lname"), Lname): Text 'Smith' is set on object 'Object Repository/IWP30/Page_VRelay30Emulator/Lname'

2024-05-15 15:39:44 - [MESSAGE][PASSED] - Text 'Smith' is set on object 'Object Repository/IWP30/Page_VRelay30Emulator/Lname'

2024-05-15 15:39:44 - [TEST_STEP][PASSED] - setText(findTestObject("IWP30/Page_VRelay30Emulator/AL1"), AL1): Text '15 Elm St' is set on object 'Object Repository/IWP30/Page_VRelay30Emulator/AL1'

2024-05-15 15:39:45 - [MESSAGE][PASSED] - Text '15 Elm St' is set on object 'Object Repository/IWP30/Page_VRelay30Emulator/AL1'

2024-05-15 15:39:45 - [TEST_STEP][PASSED] - setText(findTestObject("IWP30/Page_VRelay30Emulator/AL2"), AL2): Text 'Suite 600' is set on object 'Object Repository/IWP30/Page_VRelay30Emulator/AL2'

2024-05-15 15:39:45 - [MESSAGE][PASSED] - Text 'Suite 600' is set on object 'Object Repository/IWP30/Page_VRelay30Emulator/AL2'

2024-05-15 15:39:45 - [TEST_STEP][PASSED] - setText(findTestObject("IWP30/Page_VRelay30Emulator/Country"), Country): Text '840' is set on object 'Object Repository/IWP30/Page_VRelay30Emulator/Country'

2024-05-15 15:39:46 - [MESSAGE][PASSED] - Text '840' is set on object 'Object Repository/IWP30/Page_VRelay30Emulator/Country'

2024-05-15 15:39:46 - [TEST_STEP][PASSED] - setText(findTestObject("IWP30/Page_VRelay30Emulator/City"), City): Text 'Gambrills' is set on object 'Object Repository/IWP30/Page_VRelay30Emulator/City'

2024-05-15 15:39:47 - [MESSAGE][PASSED] - Text 'Gambrills' is set on object 'Object Repository/IWP30/Page_VRelay30Emulator/City'

2024-05-15 15:39:47 - [TEST_STEP][PASSED] - setText(findTestObject("IWP30/Page_VRelay30Emulator/State"), State): Text 'MD' is set on object 'Object Repository/IWP30/Page_VRelay30Emulator/State'

2024-05-15 15:39:47 - [MESSAGE][PASSED] - Text 'MD' is set on object 'Object Repository/IWP30/Page_VRelay30Emulator/State'

2024-05-15 15:39:47 - [TEST_STEP][PASSED] - setText(findTestObject("IWP30/Page_VRelay30Emulator/ZIP"), ZIP): Text '21054' is set on object 'Object Repository/IWP30/Page_VRelay30Emulator/ZIP'

2024-05-15 15:39:48 - [MESSAGE][PASSED] - Text '21054' is set on object 'Object Repository/IWP30/Page_VRelay30Emulator/ZIP'

2024-05-15 15:39:48 - [TEST_STEP][PASSED] - setText(findTestObject("IWP30/Page_VRelay30Emulator/Order"), Order): Text '' is set on object 'Object Repository/IWP30/Page_VRelay30Emulator/Order'

2024-05-15 15:39:49 - [MESSAGE][PASSED] - Text '' is set on object 'Object Repository/IWP30/Page_VRelay30Emulator/Order'

2024-05-15 15:39:49 - [TEST_STEP][PASSED] - setText(findTestObject("IWP30/Page_VRelay30Emulator/Company"), CompanyName): Text '' is set on object 'Object Repository/IWP30/Page_VRelay30Emulator/Company'

2024-05-15 15:39:49 - [MESSAGE][PASSED] - Text '' is set on object 'Object Repository/IWP30/Page_VRelay30Emulator/Company'

2024-05-15 15:39:49 - [TEST_STEP][PASSED] - setText(findTestObject("IWP30/Page_VRelay30Emulator/Email"), Email): Text 'iahmed@govolution.com' is set on object 'Object Repository/IWP30/Page_VRelay30Emulator/Email'

2024-05-15 15:39:50 - [MESSAGE][PASSED] - Text 'iahmed@govolution.com' is set on object 'Object Repository/IWP30/Page_VRelay30Emulator/Email'

2024-05-15 15:39:50 - [TEST_STEP][PASSED] - setText(findTestObject("IWP30/Page_VRelay30Emulator/UDF1"), UDF1): Text 'udf data 1' is set on object 'Object Repository/IWP30/Page_VRelay30Emulator/UDF1'

2024-05-15 15:39:51 - [MESSAGE][PASSED] - Text 'udf data 1' is set on object 'Object Repository/IWP30/Page_VRelay30Emulator/UDF1'

2024-05-15 15:39:51 - [TEST_STEP][PASSED] - setText(findTestObject("IWP30/Page_VRelay30Emulator/UDF2"), UDF2): Text 'udf data 2' is set on object 'Object Repository/IWP30/Page_VRelay30Emulator/UDF2'

2024-05-15 15:39:51 - [MESSAGE][PASSED] - Text 'udf data 2' is set on object 'Object Repository/IWP30/Page_VRelay30Emulator/UDF2'

2024-05-15 15:39:51 - [TEST_STEP][PASSED] - setText(findTestObject("IWP30/Page_VRelay30Emulator/UDF3"), UDF3): Text 'udf data 3' is set on object 'Object Repository/IWP30/Page_VRelay30Emulator/UDF3'

2024-05-15 15:39:52 - [MESSAGE][PASSED] - Text 'udf data 3' is set on object 'Object Repository/IWP30/Page_VRelay30Emulator/UDF3'

2024-05-15 15:39:52 - [TEST_STEP][PASSED] - setText(findTestObject("IWP30/Page_VRelay30Emulator/UDF4"), UDF4): Text 'udf data 4' is set on object 'Object Repository/IWP30/Page_VRelay30Emulator/UDF4'

2024-05-15 15:39:53 - [MESSAGE][PASSED] - Text 'udf data 4' is set on object 'Object Repository/IWP30/Page_VRelay30Emulator/UDF4'

2024-05-15 15:39:53 - [TEST_STEP][PASSED] - setText(findTestObject("IWP30/Page_VRelay30Emulator/UDF5"), UDF5): Text 'udf data 5' is set on object 'Object Repository/IWP30/Page_VRelay30Emulator/UDF5'

2024-05-15 15:39:53 - [MESSAGE][PASSED] - Text 'udf data 5' is set on object 'Object Repository/IWP30/Page_VRelay30Emulator/UDF5'

2024-05-15 15:39:53 - [TEST_STEP][PASSED] - setText(findTestObject("IWP30/Page_VRelay30Emulator/UDF6"), UDF6): Text 'udf data 6' is set on object 'Object Repository/IWP30/Page_VRelay30Emulator/UDF6'

2024-05-15 15:39:54 - [MESSAGE][PASSED] - Text 'udf data 6' is set on object 'Object Repository/IWP30/Page_VRelay30Emulator/UDF6'

2024-05-15 15:39:54 - [TEST_STEP][PASSED] - setText(findTestObject("IWP30/Page_VRelay30Emulator/UDF7"), UDF7): Text 'Orange' is set on object 'Object Repository/IWP30/Page_VRelay30Emulator/UDF7'

2024-05-15 15:39:54 - [MESSAGE][PASSED] - Text 'Orange' is set on object 'Object Repository/IWP30/Page_VRelay30Emulator/UDF7'

2024-05-15 15:39:54 - [TEST_STEP][PASSED] - setText(findTestObject("IWP30/Page_VRelay30Emulator/UDF8"), UDF8): Text 'Soccer' is set on object 'Object Repository/IWP30/Page_VRelay30Emulator/UDF8'

2024-05-15 15:39:55 - [MESSAGE][PASSED] - Text 'Soccer' is set on object 'Object Repository/IWP30/Page_VRelay30Emulator/UDF8'

2024-05-15 15:39:55 - [TEST_STEP][PASSED] - setText(findTestObject("IWP30/Page_VRelay30Emulator/UDF9"), UDF9): Text 'udf data 9' is set on object 'Object Repository/IWP30/Page_VRelay30Emulator/UDF9'

2024-05-15 15:39:56 - [MESSAGE][PASSED] - Text 'udf data 9' is set on object 'Object Repository/IWP30/Page_VRelay30Emulator/UDF9'

2024-05-15 15:39:56 - [TEST_STEP][PASSED] - setText(findTestObject("IWP30/Page_VRelay30Emulator/UDF10"), UDF10): Text 'udf data 10' is set on object 'Object Repository/IWP30/Page_VRelay30Emulator/UDF10'

2024-05-15 15:39:56 - [MESSAGE][PASSED] - Text 'udf data 10' is set on object 'Object Repository/IWP30/Page_VRelay30Emulator/UDF10'

2024-05-15 15:39:56 - [TEST_STEP][PASSED] - Thread.sleep(5000): null

2024-05-15 15:40:01 - [TEST_STEP][PASSED] - click(findTestObject("IWP30/Page_VRelay30Emulator/Submit")): Object: 'Object Repository/IWP30/Page_VRelay30Emulator/Submit' is clicked on

2024-05-15 15:40:02 - [MESSAGE][PASSED] - Object: 'Object Repository/IWP30/Page_VRelay30Emulator/Submit' is clicked on

2024-05-15 15:40:02 - [TEST_STEP][PASSED] - closeBrowser(): Browser is closed

2024-05-15 15:40:03 - [MESSAGE][PASSED] - Browser is closed

2024-05-15 15:40:03 - [TEST_STEP][PASSED] - openBrowser(urlTestHarness): Browser is opened with url: 'https://dev-algorithm.govolution.com/vrelaytest/QA2/version_2_2/vrelaytest.html'

2024-05-15 15:40:03 - [MESSAGE][INFO] - Starting 'Chrome' driver

2024-05-15 15:40:03 - [MESSAGE][INFO] - User set preference: ['acceptInsecureCerts', 'true']

2024-05-15 15:40:03 - [MESSAGE][INFO] - Action delay is set to 0 milliseconds

2024-05-15 15:40:05 - [MESSAGE][PASSED] - Browser is opened with url: 'https://dev-algorithm.govolution.com/vrelaytest/QA2/version_2_2/vrelaytest.html'

2024-05-15 15:40:05 - [TEST_STEP][PASSED] - maximizeWindow(): Current window maximized

2024-05-15 15:40:05 - [MESSAGE][PASSED] - Current window maximized

2024-05-15 15:40:05 - [TEST_STEP][PASSED] - genRemIDVoid = RandomStringUtils.random(12, true, true): null

2024-05-15 15:40:05 - [TEST_STEP][PASSED] - if (verifyElementPresent(findTestObject("Object Repository/IWP30/Page_QATestHarness/RemittanceID"), 30)): null

2024-05-15 15:40:06 - [MESSAGE][PASSED] - Object 'Object Repository/IWP30/Page_QATestHarness/RemittanceID' is present

2024-05-15 15:40:06 - [TEST_STEP][PASSED] - println("We are on Test Harness page, start populating"): null

2024-05-15 15:40:06 - [TEST_STEP][PASSED] - setText(findTestObject("Object Repository/IWP30/Page_QATestHarness/ApplicationID"), AppID): Text '649' is set on object 'Object Repository/IWP30/Page_QATestHarness/ApplicationID'

2024-05-15 15:40:06 - [MESSAGE][PASSED] - Text '649' is set on object 'Object Repository/IWP30/Page_QATestHarness/ApplicationID'

2024-05-15 15:40:06 - [TEST_STEP][PASSED] - setText(findTestObject("Object Repository/IWP30/Page_QATestHarness/MessageVersion"), MessageVersion): Text '3.0' is set on object 'Object Repository/IWP30/Page_QATestHarness/MessageVersion'

2024-05-15 15:40:07 - [MESSAGE][PASSED] - Text '3.0' is set on object 'Object Repository/IWP30/Page_QATestHarness/MessageVersion'

2024-05-15 15:40:07 - [TEST_STEP][PASSED] - setText(findTestObject("Object Repository/IWP30/Page_QATestHarness/RemittanceID"), genRemIDVoid): Text '0e3XxT2cTQ8O' is set on object 'Object Repository/IWP30/Page_QATestHarness/RemittanceID'

2024-05-15 15:40:08 - [MESSAGE][PASSED] - Text '0e3XxT2cTQ8O' is set on object 'Object Repository/IWP30/Page_QATestHarness/RemittanceID'

2024-05-15 15:40:08 - [TEST_STEP][PASSED] - click(findTestObject("Object Repository/IWP30/Page_QATestHarness/SubmitButton")): Object: 'Object Repository/IWP30/Page_QATestHarness/SubmitButton' is clicked on

2024-05-15 15:40:09 - [MESSAGE][PASSED] - Object: 'Object Repository/IWP30/Page_QATestHarness/SubmitButton' is clicked on

2024-05-15 15:40:09 - [TEST_STEP][PASSED] - if (verifyElementPresent(findTestObject("Object Repository/IWP30/Page_SelectPaymentMethod/PayByCreditCard"), 30)): null

2024-05-15 15:40:10 - [MESSAGE][PASSED] - Object 'Object Repository/IWP30/Page_SelectPaymentMethod/PayByCreditCard' is present

2024-05-15 15:40:10 - [TEST_STEP][PASSED] - println("We are on Select Payment Method page, start populating"): null

2024-05-15 15:40:10 - [TEST_STEP][PASSED] - check(findTestObject("Object Repository/IWP30/Page_SelectPaymentMethod/PayByCreditCard")): Object 'Object Repository/IWP30/Page_SelectPaymentMethod/PayByCreditCard' is checked

2024-05-15 15:40:10 - [MESSAGE][PASSED] - Object 'Object Repository/IWP30/Page_SelectPaymentMethod/PayByCreditCard' is checked

2024-05-15 15:40:10 - [TEST_STEP][PASSED] - Thread.sleep(1000): null

2024-05-15 15:40:11 - [TEST_STEP][PASSED] - click(findTestObject("Object Repository/IWP30/Page_SelectPaymentMethod/MakePaymentButton")): Object: 'Object Repository/IWP30/Page_SelectPaymentMethod/MakePaymentButton' is clicked on

2024-05-15 15:40:12 - [MESSAGE][PASSED] - Object: 'Object Repository/IWP30/Page_SelectPaymentMethod/MakePaymentButton' is clicked on

2024-05-15 15:40:12 - [TEST_STEP][PASSED] - if (verifyElementPresent(findTestObject("Object Repository/IWP30/Page_CCPaymentEntry/Name"), 30)): null

2024-05-15 15:40:13 - [MESSAGE][PASSED] - Object 'Object Repository/IWP30/Page_CCPaymentEntry/Name' is present

2024-05-15 15:40:13 - [TEST_STEP][PASSED] - println("We are on Credit Card Payment Entry page, start populating"): null

2024-05-15 15:40:13 - [TEST_STEP][PASSED] - if (verifyElementPresent(findTestObject("Object Repository/IWP30/Page_CCPaymentEntry/Amount"), 30)): null

2024-05-15 15:40:13 - [MESSAGE][PASSED] - Object 'Object Repository/IWP30/Page_CCPaymentEntry/Amount' is present

2024-05-15 15:40:13 - [TEST_STEP][PASSED] - if (!(CCAmount.isEmpty())): Text '1.50' is set on object 'Object Repository/IWP30/Page_CCPaymentEntry/Amount'

2024-05-15 15:40:13 - [TEST_STEP][PASSED] - setText(findTestObject("Object Repository/IWP30/Page_CCPaymentEntry/Amount"), CCAmount): Text '1.50' is set on object 'Object Repository/IWP30/Page_CCPaymentEntry/Amount'

2024-05-15 15:40:14 - [MESSAGE][PASSED] - Text '1.50' is set on object 'Object Repository/IWP30/Page_CCPaymentEntry/Amount'

2024-05-15 15:40:14 - [TEST_STEP][PASSED] - if (verifyElementPresent(findTestObject("Object Repository/IWP30/Page_CCPaymentEntry/UserDefined2"), 30)): null

2024-05-15 15:40:14 - [MESSAGE][PASSED] - Object 'Object Repository/IWP30/Page_CCPaymentEntry/UserDefined2' is present

2024-05-15 15:40:14 - [TEST_STEP][PASSED] - if (!(CCUDF2.isEmpty())): Text 'Circle' is set on object 'Object Repository/IWP30/Page_CCPaymentEntry/UserDefined2'

2024-05-15 15:40:14 - [TEST_STEP][PASSED] - setText(findTestObject("Object Repository/IWP30/Page_CCPaymentEntry/UserDefined2"), CCUDF2): Text 'Circle' is set on object 'Object Repository/IWP30/Page_CCPaymentEntry/UserDefined2'

2024-05-15 15:40:15 - [MESSAGE][PASSED] - Text 'Circle' is set on object 'Object Repository/IWP30/Page_CCPaymentEntry/UserDefined2'

2024-05-15 15:40:15 - [TEST_STEP][PASSED] - if (verifyElementPresent(findTestObject("Object Repository/IWP30/Page_CCPaymentEntry/UserDefined3"), 30)): null

2024-05-15 15:40:15 - [MESSAGE][PASSED] - Object 'Object Repository/IWP30/Page_CCPaymentEntry/UserDefined3' is present

2024-05-15 15:40:15 - [TEST_STEP][PASSED] - if (!(CCUDF3.isEmpty())): Text 'Triangle' is set on object 'Object Repository/IWP30/Page_CCPaymentEntry/UserDefined3'

2024-05-15 15:40:15 - [TEST_STEP][PASSED] - setText(findTestObject("Object Repository/IWP30/Page_CCPaymentEntry/UserDefined3"), CCUDF3): Text 'Triangle' is set on object 'Object Repository/IWP30/Page_CCPaymentEntry/UserDefined3'

2024-05-15 15:40:16 - [MESSAGE][PASSED] - Text 'Triangle' is set on object 'Object Repository/IWP30/Page_CCPaymentEntry/UserDefined3'

2024-05-15 15:40:16 - [TEST_STEP][PASSED] - if (verifyElementPresent(findTestObject("Object Repository/IWP30/Page_CCPaymentEntry/UserDefined7"), 30)): null

2024-05-15 15:40:16 - [MESSAGE][PASSED] - Object 'Object Repository/IWP30/Page_CCPaymentEntry/UserDefined7' is present

2024-05-15 15:40:16 - [TEST_STEP][PASSED] - if (!(CCUDF7.isEmpty())): All options with label 'Purple' are selected in object 'Object Repository/IWP30/Page_CCPaymentEntry/UserDefined7' 

2024-05-15 15:40:16 - [TEST_STEP][PASSED] - selectOptionByLabel(findTestObject("Object Repository/IWP30/Page_CCPaymentEntry/UserDefined7"), CCUDF7, false): All options with label 'Purple' are selected in object 'Object Repository/IWP30/Page_CCPaymentEntry/UserDefined7' 

2024-05-15 15:40:17 - [MESSAGE][PASSED] - All options with label 'Purple' are selected in object 'Object Repository/IWP30/Page_CCPaymentEntry/UserDefined7' 

2024-05-15 15:40:17 - [TEST_STEP][PASSED] - if (verifyElementPresent(findTestObject("Object Repository/IWP30/Page_CCPaymentEntry/UserDefined8"), 30)): null

2024-05-15 15:40:17 - [MESSAGE][PASSED] - Object 'Object Repository/IWP30/Page_CCPaymentEntry/UserDefined8' is present

2024-05-15 15:40:17 - [TEST_STEP][PASSED] - if (!(CCUDF8.isEmpty())): All options with label 'Tennis' are selected in object 'Object Repository/IWP30/Page_CCPaymentEntry/UserDefined8' 

2024-05-15 15:40:17 - [TEST_STEP][PASSED] - selectOptionByLabel(findTestObject("Object Repository/IWP30/Page_CCPaymentEntry/UserDefined8"), CCUDF8, false): All options with label 'Tennis' are selected in object 'Object Repository/IWP30/Page_CCPaymentEntry/UserDefined8' 

2024-05-15 15:40:18 - [MESSAGE][PASSED] - All options with label 'Tennis' are selected in object 'Object Repository/IWP30/Page_CCPaymentEntry/UserDefined8' 

2024-05-15 15:40:18 - [TEST_STEP][PASSED] - if (verifyElementPresent(findTestObject("Object Repository/IWP30/Page_CCPaymentEntry/Name"), 30)): null

2024-05-15 15:40:18 - [MESSAGE][PASSED] - Object 'Object Repository/IWP30/Page_CCPaymentEntry/Name' is present

2024-05-15 15:40:18 - [TEST_STEP][PASSED] - if (!(CCName.isEmpty())): Text 'Alan Donald' is set on object 'Object Repository/IWP30/Page_CCPaymentEntry/Name'

2024-05-15 15:40:18 - [TEST_STEP][PASSED] - setText(findTestObject("Object Repository/IWP30/Page_CCPaymentEntry/Name"), CCName): Text 'Alan Donald' is set on object 'Object Repository/IWP30/Page_CCPaymentEntry/Name'

2024-05-15 15:40:19 - [MESSAGE][PASSED] - Text 'Alan Donald' is set on object 'Object Repository/IWP30/Page_CCPaymentEntry/Name'

2024-05-15 15:40:19 - [TEST_STEP][PASSED] - if (verifyElementPresent(findTestObject("Object Repository/IWP30/Page_CCPaymentEntry/CardNumber"), 30)): null

2024-05-15 15:40:19 - [MESSAGE][PASSED] - Object 'Object Repository/IWP30/Page_CCPaymentEntry/CardNumber' is present

2024-05-15 15:40:19 - [TEST_STEP][PASSED] - if (!(CCCardNum.isEmpty())): Text '4111111111111111' is set on object 'Object Repository/IWP30/Page_CCPaymentEntry/CardNumber'

2024-05-15 15:40:19 - [TEST_STEP][PASSED] - setText(findTestObject("Object Repository/IWP30/Page_CCPaymentEntry/CardNumber"), CCCardNum): Text '4111111111111111' is set on object 'Object Repository/IWP30/Page_CCPaymentEntry/CardNumber'

2024-05-15 15:40:19 - [MESSAGE][PASSED] - Text '4111111111111111' is set on object 'Object Repository/IWP30/Page_CCPaymentEntry/CardNumber'

2024-05-15 15:40:20 - [TEST_STEP][PASSED] - if (verifyElementPresent(findTestObject("Object Repository/IWP30/Page_CCPaymentEntry/SPC"), 30)): null

2024-05-15 15:40:20 - [MESSAGE][PASSED] - Object 'Object Repository/IWP30/Page_CCPaymentEntry/SPC' is present

2024-05-15 15:40:20 - [TEST_STEP][PASSED] - if (!(CCSPC.isEmpty())): Text '258' is set on object 'Object Repository/IWP30/Page_CCPaymentEntry/SPC'

2024-05-15 15:40:20 - [TEST_STEP][PASSED] - setText(findTestObject("Object Repository/IWP30/Page_CCPaymentEntry/SPC"), CCSPC): Text '258' is set on object 'Object Repository/IWP30/Page_CCPaymentEntry/SPC'

2024-05-15 15:40:20 - [MESSAGE][PASSED] - Text '258' is set on object 'Object Repository/IWP30/Page_CCPaymentEntry/SPC'

2024-05-15 15:40:20 - [TEST_STEP][PASSED] - if (verifyElementPresent(findTestObject("Object Repository/IWP30/Page_CCPaymentEntry/Month"), 30)): null

2024-05-15 15:40:21 - [MESSAGE][PASSED] - Object 'Object Repository/IWP30/Page_CCPaymentEntry/Month' is present

2024-05-15 15:40:21 - [TEST_STEP][PASSED] - if (!(CCExpM.isEmpty())): All options with label '10' are selected in object 'Object Repository/IWP30/Page_CCPaymentEntry/Month' 

2024-05-15 15:40:21 - [TEST_STEP][PASSED] - selectOptionByLabel(findTestObject("Object Repository/IWP30/Page_CCPaymentEntry/Month"), CCExpM, false): All options with label '10' are selected in object 'Object Repository/IWP30/Page_CCPaymentEntry/Month' 

2024-05-15 15:40:21 - [MESSAGE][PASSED] - All options with label '10' are selected in object 'Object Repository/IWP30/Page_CCPaymentEntry/Month' 

2024-05-15 15:40:21 - [TEST_STEP][PASSED] - if (verifyElementPresent(findTestObject("Object Repository/IWP30/Page_CCPaymentEntry/Year"), 30)): null

2024-05-15 15:40:22 - [MESSAGE][PASSED] - Object 'Object Repository/IWP30/Page_CCPaymentEntry/Year' is present

2024-05-15 15:40:22 - [TEST_STEP][PASSED] - if (!(CCExpY.isEmpty())): All options with label '2025' are selected in object 'Object Repository/IWP30/Page_CCPaymentEntry/Year' 

2024-05-15 15:40:22 - [TEST_STEP][PASSED] - selectOptionByLabel(findTestObject("Object Repository/IWP30/Page_CCPaymentEntry/Year"), CCExpY, false): All options with label '2025' are selected in object 'Object Repository/IWP30/Page_CCPaymentEntry/Year' 

2024-05-15 15:40:22 - [MESSAGE][PASSED] - All options with label '2025' are selected in object 'Object Repository/IWP30/Page_CCPaymentEntry/Year' 

2024-05-15 15:40:22 - [TEST_STEP][PASSED] - if (verifyElementPresent(findTestObject("Object Repository/IWP30/Page_CCPaymentEntry/ProcessDate"), 30)): null

2024-05-15 15:40:23 - [MESSAGE][PASSED] - Object 'Object Repository/IWP30/Page_CCPaymentEntry/ProcessDate' is present

2024-05-15 15:40:23 - [TEST_STEP][PASSED] - if (!(CCDate.isEmpty())): null

2024-05-15 15:40:23 - [TEST_STEP][PASSED] - else: null

2024-05-15 15:40:23 - [TEST_STEP][PASSED] - println("CCDate is not present in the Excel Spreadsheet"): null

2024-05-15 15:40:23 - [TEST_STEP][PASSED] - if (verifyElementPresent(findTestObject("Object Repository/IWP30/Page_CCPaymentEntry/AL1"), 30)): null

2024-05-15 15:40:23 - [MESSAGE][PASSED] - Object 'Object Repository/IWP30/Page_CCPaymentEntry/AL1' is present

2024-05-15 15:40:23 - [TEST_STEP][PASSED] - if (!(CCAL1.isEmpty())): Text 'Mera AL1' is set on object 'Object Repository/IWP30/Page_CCPaymentEntry/AL1'

2024-05-15 15:40:23 - [TEST_STEP][PASSED] - setText(findTestObject("Object Repository/IWP30/Page_CCPaymentEntry/AL1"), CCAL1): Text 'Mera AL1' is set on object 'Object Repository/IWP30/Page_CCPaymentEntry/AL1'

2024-05-15 15:40:24 - [MESSAGE][PASSED] - Text 'Mera AL1' is set on object 'Object Repository/IWP30/Page_CCPaymentEntry/AL1'

2024-05-15 15:40:24 - [TEST_STEP][PASSED] - if (verifyElementPresent(findTestObject("Object Repository/IWP30/Page_CCPaymentEntry/AL2"), 30)): null

2024-05-15 15:40:24 - [MESSAGE][PASSED] - Object 'Object Repository/IWP30/Page_CCPaymentEntry/AL2' is present

2024-05-15 15:40:24 - [TEST_STEP][PASSED] - if (!(CCAL2.isEmpty())): Text 'Mera AL2' is set on object 'Object Repository/IWP30/Page_CCPaymentEntry/AL2'

2024-05-15 15:40:24 - [TEST_STEP][PASSED] - setText(findTestObject("Object Repository/IWP30/Page_CCPaymentEntry/AL2"), CCAL2): Text 'Mera AL2' is set on object 'Object Repository/IWP30/Page_CCPaymentEntry/AL2'

2024-05-15 15:40:24 - [MESSAGE][PASSED] - Text 'Mera AL2' is set on object 'Object Repository/IWP30/Page_CCPaymentEntry/AL2'

2024-05-15 15:40:24 - [TEST_STEP][PASSED] - if (verifyElementPresent(findTestObject("Object Repository/IWP30/Page_CCPaymentEntry/ZIP"), 30)): null

2024-05-15 15:40:25 - [MESSAGE][PASSED] - Object 'Object Repository/IWP30/Page_CCPaymentEntry/ZIP' is present

2024-05-15 15:40:25 - [TEST_STEP][PASSED] - if (!(CCZIP.isEmpty())): Text '21054' is set on object 'Object Repository/IWP30/Page_CCPaymentEntry/ZIP'

2024-05-15 15:40:25 - [TEST_STEP][PASSED] - setText(findTestObject("Object Repository/IWP30/Page_CCPaymentEntry/ZIP"), CCZIP): Text '21054' is set on object 'Object Repository/IWP30/Page_CCPaymentEntry/ZIP'

2024-05-15 15:40:26 - [MESSAGE][PASSED] - Text '21054' is set on object 'Object Repository/IWP30/Page_CCPaymentEntry/ZIP'

2024-05-15 15:40:26 - [TEST_STEP][PASSED] - if (verifyElementPresent(findTestObject("Object Repository/IWP30/Page_CCPaymentEntry/EmailAddress"), 30)): null

2024-05-15 15:40:26 - [MESSAGE][PASSED] - Object 'Object Repository/IWP30/Page_CCPaymentEntry/EmailAddress' is present

2024-05-15 15:40:26 - [TEST_STEP][PASSED] - if (!(CCEmail.isEmpty())): Text 'merae@gmail.com' is set on object 'Object Repository/IWP30/Page_CCPaymentEntry/EmailAddress'

2024-05-15 15:40:26 - [TEST_STEP][PASSED] - setText(findTestObject("Object Repository/IWP30/Page_CCPaymentEntry/EmailAddress"), CCEmail): Text 'merae@gmail.com' is set on object 'Object Repository/IWP30/Page_CCPaymentEntry/EmailAddress'

2024-05-15 15:40:27 - [MESSAGE][PASSED] - Text 'merae@gmail.com' is set on object 'Object Repository/IWP30/Page_CCPaymentEntry/EmailAddress'

2024-05-15 15:40:27 - [TEST_STEP][PASSED] - if (verifyElementPresent(findTestObject("Object Repository/IWP30/Page_CCPaymentEntry/TermCondCheckBox"), 30)): null

2024-05-15 15:40:27 - [MESSAGE][PASSED] - Object 'Object Repository/IWP30/Page_CCPaymentEntry/TermCondCheckBox' is present

2024-05-15 15:40:27 - [TEST_STEP][PASSED] - check(findTestObject("Object Repository/IWP30/Page_CCPaymentEntry/TermCondCheckBox")): Object 'Object Repository/IWP30/Page_CCPaymentEntry/TermCondCheckBox' is checked

2024-05-15 15:40:27 - [MESSAGE][PASSED] - Object 'Object Repository/IWP30/Page_CCPaymentEntry/TermCondCheckBox' is checked

2024-05-15 15:40:27 - [TEST_STEP][PASSED] - if (verifyElementPresent(findTestObject("Object Repository/IWP30/Page_CCPaymentEntry/ContinueButton"), 30)): null

2024-05-15 15:40:28 - [MESSAGE][PASSED] - Object 'Object Repository/IWP30/Page_CCPaymentEntry/ContinueButton' is present

2024-05-15 15:40:28 - [TEST_STEP][PASSED] - click(findTestObject("Object Repository/IWP30/Page_CCPaymentEntry/ContinueButton")): Object: 'Object Repository/IWP30/Page_CCPaymentEntry/ContinueButton' is clicked on

2024-05-15 15:40:29 - [MESSAGE][PASSED] - Object: 'Object Repository/IWP30/Page_CCPaymentEntry/ContinueButton' is clicked on

2024-05-15 15:40:29 - [TEST_STEP][FAILED] - if (verifyTextPresent("Please verify the following information", false)): Text 'Please verify the following information' is not present on page  (Root cause: com.kms.katalon.core.exception.StepFailedException: Text 'Please verify the following information' is not present on page 
	at com.kms.katalon.core.webui.keyword.internal.WebUIKeywordMain.stepFailed(WebUIKeywordMain.groovy:64)
	at com.kms.katalon.core.webui.keyword.builtin.VerifyTextPresentKeyword$_verifyTextPresent_closure1.doCall(VerifyTextPresentKeyword.groovy:79)
	at com.kms.katalon.core.webui.keyword.builtin.VerifyTextPresentKeyword$_verifyTextPresent_closure1.call(VerifyTextPresentKeyword.groovy)
	at com.kms.katalon.core.webui.keyword.internal.WebUIKeywordMain.runKeyword(WebUIKeywordMain.groovy:20)
	at com.kms.katalon.core.webui.keyword.builtin.VerifyTextPresentKeyword.verifyTextPresent(VerifyTextPresentKeyword.groovy:83)
	at com.kms.katalon.core.webui.keyword.builtin.VerifyTextPresentKeyword.execute(VerifyTextPresentKeyword.groovy:68)
	at com.kms.katalon.core.keyword.internal.KeywordExecutor.executeKeywordForPlatform(KeywordExecutor.groovy:74)
	at com.kms.katalon.core.webui.keyword.WebUiBuiltInKeywords.verifyTextPresent(WebUiBuiltInKeywords.groovy:1723)
	at com.kms.katalon.core.webui.keyword.WebUiBuiltInKeywords$verifyTextPresent$8.call(Unknown Source)
	at PayNowReqFieldsCC.run(PayNowReqFieldsCC:573)
	at com.kms.katalon.core.main.ScriptEngine.run(ScriptEngine.java:194)
	at com.kms.katalon.core.main.ScriptEngine.runScriptAsRawText(ScriptEngine.java:119)
	at com.kms.katalon.core.main.TestCaseExecutor.runScript(TestCaseExecutor.java:448)
	at com.kms.katalon.core.main.TestCaseExecutor.doExecute(TestCaseExecutor.java:439)
	at com.kms.katalon.core.main.TestCaseExecutor.processExecutionPhase(TestCaseExecutor.java:418)
	at com.kms.katalon.core.main.TestCaseExecutor.accessMainPhase(TestCaseExecutor.java:410)
	at com.kms.katalon.core.main.TestCaseExecutor.execute(TestCaseExecutor.java:285)
	at com.kms.katalon.core.common.CommonExecutor.accessTestCaseMainPhase(CommonExecutor.java:65)
	at com.kms.katalon.core.main.TestSuiteExecutor.accessTestSuiteMainPhase(TestSuiteExecutor.java:148)
	at com.kms.katalon.core.main.TestSuiteExecutor.execute(TestSuiteExecutor.java:106)
	at com.kms.katalon.core.main.TestCaseMain.startTestSuite(TestCaseMain.java:187)
	at com.kms.katalon.core.main.TestCaseMain$startTestSuite$0.call(Unknown Source)
	at TempTestSuite1715800219174.run(TempTestSuite1715800219174.groovy:35)
)

2024-05-15 15:40:30 - [MESSAGE][FAILED] - Text 'Please verify the following information' is not present on page  (Root cause: com.kms.katalon.core.exception.StepFailedException: Text 'Please verify the following information' is not present on page 
	at com.kms.katalon.core.webui.keyword.internal.WebUIKeywordMain.stepFailed(WebUIKeywordMain.groovy:64)
	at com.kms.katalon.core.webui.keyword.builtin.VerifyTextPresentKeyword$_verifyTextPresent_closure1.doCall(VerifyTextPresentKeyword.groovy:79)
	at com.kms.katalon.core.webui.keyword.builtin.VerifyTextPresentKeyword$_verifyTextPresent_closure1.call(VerifyTextPresentKeyword.groovy)
	at com.kms.katalon.core.webui.keyword.internal.WebUIKeywordMain.runKeyword(WebUIKeywordMain.groovy:20)
	at com.kms.katalon.core.webui.keyword.builtin.VerifyTextPresentKeyword.verifyTextPresent(VerifyTextPresentKeyword.groovy:83)
	at com.kms.katalon.core.webui.keyword.builtin.VerifyTextPresentKeyword.execute(VerifyTextPresentKeyword.groovy:68)
	at com.kms.katalon.core.keyword.internal.KeywordExecutor.executeKeywordForPlatform(KeywordExecutor.groovy:74)
	at com.kms.katalon.core.webui.keyword.WebUiBuiltInKeywords.verifyTextPresent(WebUiBuiltInKeywords.groovy:1723)
	at com.kms.katalon.core.webui.keyword.WebUiBuiltInKeywords$verifyTextPresent$8.call(Unknown Source)
	at PayNowReqFieldsCC.run(PayNowReqFieldsCC:573)
	at com.kms.katalon.core.main.ScriptEngine.run(ScriptEngine.java:194)
	at com.kms.katalon.core.main.ScriptEngine.runScriptAsRawText(ScriptEngine.java:119)
	at com.kms.katalon.core.main.TestCaseExecutor.runScript(TestCaseExecutor.java:448)
	at com.kms.katalon.core.main.TestCaseExecutor.doExecute(TestCaseExecutor.java:439)
	at com.kms.katalon.core.main.TestCaseExecutor.processExecutionPhase(TestCaseExecutor.java:418)
	at com.kms.katalon.core.main.TestCaseExecutor.accessMainPhase(TestCaseExecutor.java:410)
	at com.kms.katalon.core.main.TestCaseExecutor.execute(TestCaseExecutor.java:285)
	at com.kms.katalon.core.common.CommonExecutor.accessTestCaseMainPhase(CommonExecutor.java:65)
	at com.kms.katalon.core.main.TestSuiteExecutor.accessTestSuiteMainPhase(TestSuiteExecutor.java:148)
	at com.kms.katalon.core.main.TestSuiteExecutor.execute(TestSuiteExecutor.java:106)
	at com.kms.katalon.core.main.TestCaseMain.startTestSuite(TestCaseMain.java:187)
	at com.kms.katalon.core.main.TestCaseMain$startTestSuite$0.call(Unknown Source)
	at TempTestSuite1715800219174.run(TempTestSuite1715800219174.groovy:35)
)

2024-05-15 15:40:30 - [TEST_STEP][PASSED] - else: null

2024-05-15 15:40:30 - [TEST_STEP][FAILED] - if (verifyTextPresent("Is this information correct?", false)): Text 'Is this information correct?' is not present on page  (Root cause: com.kms.katalon.core.exception.StepFailedException: Text 'Is this information correct?' is not present on page 
	at com.kms.katalon.core.webui.keyword.internal.WebUIKeywordMain.stepFailed(WebUIKeywordMain.groovy:64)
	at com.kms.katalon.core.webui.keyword.builtin.VerifyTextPresentKeyword$_verifyTextPresent_closure1.doCall(VerifyTextPresentKeyword.groovy:79)
	at com.kms.katalon.core.webui.keyword.builtin.VerifyTextPresentKeyword$_verifyTextPresent_closure1.call(VerifyTextPresentKeyword.groovy)
	at com.kms.katalon.core.webui.keyword.internal.WebUIKeywordMain.runKeyword(WebUIKeywordMain.groovy:20)
	at com.kms.katalon.core.webui.keyword.builtin.VerifyTextPresentKeyword.verifyTextPresent(VerifyTextPresentKeyword.groovy:83)
	at com.kms.katalon.core.webui.keyword.builtin.VerifyTextPresentKeyword.execute(VerifyTextPresentKeyword.groovy:68)
	at com.kms.katalon.core.keyword.internal.KeywordExecutor.executeKeywordForPlatform(KeywordExecutor.groovy:74)
	at com.kms.katalon.core.webui.keyword.WebUiBuiltInKeywords.verifyTextPresent(WebUiBuiltInKeywords.groovy:1723)
	at com.kms.katalon.core.webui.keyword.WebUiBuiltInKeywords$verifyTextPresent$8.call(Unknown Source)
	at PayNowReqFieldsCC.run(PayNowReqFieldsCC:581)
	at com.kms.katalon.core.main.ScriptEngine.run(ScriptEngine.java:194)
	at com.kms.katalon.core.main.ScriptEngine.runScriptAsRawText(ScriptEngine.java:119)
	at com.kms.katalon.core.main.TestCaseExecutor.runScript(TestCaseExecutor.java:448)
	at com.kms.katalon.core.main.TestCaseExecutor.doExecute(TestCaseExecutor.java:439)
	at com.kms.katalon.core.main.TestCaseExecutor.processExecutionPhase(TestCaseExecutor.java:418)
	at com.kms.katalon.core.main.TestCaseExecutor.accessMainPhase(TestCaseExecutor.java:410)
	at com.kms.katalon.core.main.TestCaseExecutor.execute(TestCaseExecutor.java:285)
	at com.kms.katalon.core.common.CommonExecutor.accessTestCaseMainPhase(CommonExecutor.java:65)
	at com.kms.katalon.core.main.TestSuiteExecutor.accessTestSuiteMainPhase(TestSuiteExecutor.java:148)
	at com.kms.katalon.core.main.TestSuiteExecutor.execute(TestSuiteExecutor.java:106)
	at com.kms.katalon.core.main.TestCaseMain.startTestSuite(TestCaseMain.java:187)
	at com.kms.katalon.core.main.TestCaseMain$startTestSuite$0.call(Unknown Source)
	at TempTestSuite1715800219174.run(TempTestSuite1715800219174.groovy:35)
)

2024-05-15 15:40:30 - [MESSAGE][FAILED] - Text 'Is this information correct?' is not present on page  (Root cause: com.kms.katalon.core.exception.StepFailedException: Text 'Is this information correct?' is not present on page 
	at com.kms.katalon.core.webui.keyword.internal.WebUIKeywordMain.stepFailed(WebUIKeywordMain.groovy:64)
	at com.kms.katalon.core.webui.keyword.builtin.VerifyTextPresentKeyword$_verifyTextPresent_closure1.doCall(VerifyTextPresentKeyword.groovy:79)
	at com.kms.katalon.core.webui.keyword.builtin.VerifyTextPresentKeyword$_verifyTextPresent_closure1.call(VerifyTextPresentKeyword.groovy)
	at com.kms.katalon.core.webui.keyword.internal.WebUIKeywordMain.runKeyword(WebUIKeywordMain.groovy:20)
	at com.kms.katalon.core.webui.keyword.builtin.VerifyTextPresentKeyword.verifyTextPresent(VerifyTextPresentKeyword.groovy:83)
	at com.kms.katalon.core.webui.keyword.builtin.VerifyTextPresentKeyword.execute(VerifyTextPresentKeyword.groovy:68)
	at com.kms.katalon.core.keyword.internal.KeywordExecutor.executeKeywordForPlatform(KeywordExecutor.groovy:74)
	at com.kms.katalon.core.webui.keyword.WebUiBuiltInKeywords.verifyTextPresent(WebUiBuiltInKeywords.groovy:1723)
	at com.kms.katalon.core.webui.keyword.WebUiBuiltInKeywords$verifyTextPresent$8.call(Unknown Source)
	at PayNowReqFieldsCC.run(PayNowReqFieldsCC:581)
	at com.kms.katalon.core.main.ScriptEngine.run(ScriptEngine.java:194)
	at com.kms.katalon.core.main.ScriptEngine.runScriptAsRawText(ScriptEngine.java:119)
	at com.kms.katalon.core.main.TestCaseExecutor.runScript(TestCaseExecutor.java:448)
	at com.kms.katalon.core.main.TestCaseExecutor.doExecute(TestCaseExecutor.java:439)
	at com.kms.katalon.core.main.TestCaseExecutor.processExecutionPhase(TestCaseExecutor.java:418)
	at com.kms.katalon.core.main.TestCaseExecutor.accessMainPhase(TestCaseExecutor.java:410)
	at com.kms.katalon.core.main.TestCaseExecutor.execute(TestCaseExecutor.java:285)
	at com.kms.katalon.core.common.CommonExecutor.accessTestCaseMainPhase(CommonExecutor.java:65)
	at com.kms.katalon.core.main.TestSuiteExecutor.accessTestSuiteMainPhase(TestSuiteExecutor.java:148)
	at com.kms.katalon.core.main.TestSuiteExecutor.execute(TestSuiteExecutor.java:106)
	at com.kms.katalon.core.main.TestCaseMain.startTestSuite(TestCaseMain.java:187)
	at com.kms.katalon.core.main.TestCaseMain$startTestSuite$0.call(Unknown Source)
	at TempTestSuite1715800219174.run(TempTestSuite1715800219174.groovy:35)
)

2024-05-15 15:40:30 - [TEST_STEP][PASSED] - else: null

2024-05-15 15:40:30 - [TEST_STEP][PASSED] - println("Is this information correct text is not present on the Confirmation page"): null

2024-05-15 15:40:30 - [TEST_STEP][FAILED] - if (verifyElementPresent(findTestObject("Object Repository/IWP30/Page_Confirmation/ConfirmButton"), 30)): com.kms.katalon.core.webui.exception.WebElementNotFoundException: Web element with id: 'Object Repository/IWP30/Page_Confirmation/ConfirmButton' located by '//*[@type = 'submit' and @name = 'confirmNotifyAction' and @id = 'submitYes' and @value = 'Confirm']' not found (Root cause: com.kms.katalon.core.exception.StepFailedException: com.kms.katalon.core.webui.exception.WebElementNotFoundException: Web element with id: 'Object Repository/IWP30/Page_Confirmation/ConfirmButton' located by '//*[@type = 'submit' and @name = 'confirmNotifyAction' and @id = 'submitYes' and @value = 'Confirm']' not found
	at com.kms.katalon.core.webui.keyword.internal.WebUIKeywordMain.stepFailed(WebUIKeywordMain.groovy:64)
	at com.kms.katalon.core.webui.keyword.builtin.VerifyElementPresentKeyword$_verifyElementPresent_closure1.doCall(VerifyElementPresentKeyword.groovy:85)
	at com.kms.katalon.core.webui.keyword.builtin.VerifyElementPresentKeyword$_verifyElementPresent_closure1.call(VerifyElementPresentKeyword.groovy)
	at com.kms.katalon.core.webui.keyword.internal.WebUIKeywordMain.runKeyword(WebUIKeywordMain.groovy:20)
	at com.kms.katalon.core.webui.keyword.builtin.VerifyElementPresentKeyword.verifyElementPresent(VerifyElementPresentKeyword.groovy:92)
	at com.kms.katalon.core.webui.keyword.builtin.VerifyElementPresentKeyword.execute(VerifyElementPresentKeyword.groovy:68)
	at com.kms.katalon.core.keyword.internal.KeywordExecutor.executeKeywordForPlatform(KeywordExecutor.groovy:74)
	at com.kms.katalon.core.webui.keyword.WebUiBuiltInKeywords.verifyElementPresent(WebUiBuiltInKeywords.groovy:1464)
	at com.kms.katalon.core.webui.keyword.WebUiBuiltInKeywords$verifyElementPresent$5.call(Unknown Source)
	at PayNowReqFieldsCC.run(PayNowReqFieldsCC:589)
	at com.kms.katalon.core.main.ScriptEngine.run(ScriptEngine.java:194)
	at com.kms.katalon.core.main.ScriptEngine.runScriptAsRawText(ScriptEngine.java:119)
	at com.kms.katalon.core.main.TestCaseExecutor.runScript(TestCaseExecutor.java:448)
	at com.kms.katalon.core.main.TestCaseExecutor.doExecute(TestCaseExecutor.java:439)
	at com.kms.katalon.core.main.TestCaseExecutor.processExecutionPhase(TestCaseExecutor.java:418)
	at com.kms.katalon.core.main.TestCaseExecutor.accessMainPhase(TestCaseExecutor.java:410)
	at com.kms.katalon.core.main.TestCaseExecutor.execute(TestCaseExecutor.java:285)
	at com.kms.katalon.core.common.CommonExecutor.accessTestCaseMainPhase(CommonExecutor.java:65)
	at com.kms.katalon.core.main.TestSuiteExecutor.accessTestSuiteMainPhase(TestSuiteExecutor.java:148)
	at com.kms.katalon.core.main.TestSuiteExecutor.execute(TestSuiteExecutor.java:106)
	at com.kms.katalon.core.main.TestCaseMain.startTestSuite(TestCaseMain.java:187)
	at com.kms.katalon.core.main.TestCaseMain$startTestSuite$0.call(Unknown Source)
	at TempTestSuite1715800219174.run(TempTestSuite1715800219174.groovy:35)
)

2024-05-15 15:41:01 - [MESSAGE][INFO] - Unable to find the element located by 'By.xpath: //*[@type = 'submit' and @name = 'confirmNotifyAction' and @id = 'submitYes' and @value = 'Confirm']'. Please recheck the objects properties to make sure the desired element is located. 

2024-05-15 15:41:02 - [MESSAGE][FAILED] - com.kms.katalon.core.webui.exception.WebElementNotFoundException: Web element with id: 'Object Repository/IWP30/Page_Confirmation/ConfirmButton' located by '//*[@type = 'submit' and @name = 'confirmNotifyAction' and @id = 'submitYes' and @value = 'Confirm']' not found (Root cause: com.kms.katalon.core.exception.StepFailedException: com.kms.katalon.core.webui.exception.WebElementNotFoundException: Web element with id: 'Object Repository/IWP30/Page_Confirmation/ConfirmButton' located by '//*[@type = 'submit' and @name = 'confirmNotifyAction' and @id = 'submitYes' and @value = 'Confirm']' not found
	at com.kms.katalon.core.webui.keyword.internal.WebUIKeywordMain.stepFailed(WebUIKeywordMain.groovy:64)
	at com.kms.katalon.core.webui.keyword.builtin.VerifyElementPresentKeyword$_verifyElementPresent_closure1.doCall(VerifyElementPresentKeyword.groovy:85)
	at com.kms.katalon.core.webui.keyword.builtin.VerifyElementPresentKeyword$_verifyElementPresent_closure1.call(VerifyElementPresentKeyword.groovy)
	at com.kms.katalon.core.webui.keyword.internal.WebUIKeywordMain.runKeyword(WebUIKeywordMain.groovy:20)
	at com.kms.katalon.core.webui.keyword.builtin.VerifyElementPresentKeyword.verifyElementPresent(VerifyElementPresentKeyword.groovy:92)
	at com.kms.katalon.core.webui.keyword.builtin.VerifyElementPresentKeyword.execute(VerifyElementPresentKeyword.groovy:68)
	at com.kms.katalon.core.keyword.internal.KeywordExecutor.executeKeywordForPlatform(KeywordExecutor.groovy:74)
	at com.kms.katalon.core.webui.keyword.WebUiBuiltInKeywords.verifyElementPresent(WebUiBuiltInKeywords.groovy:1464)
	at com.kms.katalon.core.webui.keyword.WebUiBuiltInKeywords$verifyElementPresent$5.call(Unknown Source)
	at PayNowReqFieldsCC.run(PayNowReqFieldsCC:589)
	at com.kms.katalon.core.main.ScriptEngine.run(ScriptEngine.java:194)
	at com.kms.katalon.core.main.ScriptEngine.runScriptAsRawText(ScriptEngine.java:119)
	at com.kms.katalon.core.main.TestCaseExecutor.runScript(TestCaseExecutor.java:448)
	at com.kms.katalon.core.main.TestCaseExecutor.doExecute(TestCaseExecutor.java:439)
	at com.kms.katalon.core.main.TestCaseExecutor.processExecutionPhase(TestCaseExecutor.java:418)
	at com.kms.katalon.core.main.TestCaseExecutor.accessMainPhase(TestCaseExecutor.java:410)
	at com.kms.katalon.core.main.TestCaseExecutor.execute(TestCaseExecutor.java:285)
	at com.kms.katalon.core.common.CommonExecutor.accessTestCaseMainPhase(CommonExecutor.java:65)
	at com.kms.katalon.core.main.TestSuiteExecutor.accessTestSuiteMainPhase(TestSuiteExecutor.java:148)
	at com.kms.katalon.core.main.TestSuiteExecutor.execute(TestSuiteExecutor.java:106)
	at com.kms.katalon.core.main.TestCaseMain.startTestSuite(TestCaseMain.java:187)
	at com.kms.katalon.core.main.TestCaseMain$startTestSuite$0.call(Unknown Source)
	at TempTestSuite1715800219174.run(TempTestSuite1715800219174.groovy:35)
)
[[ATTACHMENT|E:\\Cloned-Project-Katalon\\VPS-Katalon\\Reports\\20240515_151019\\QA\\IWP3.0\\IWP30 Smoke TestSuite\\20240515_151019\\1715802061557.png]]

2024-05-15 15:41:02 - [TEST_STEP][PASSED] - else: null

2024-05-15 15:41:02 - [TEST_STEP][PASSED] - println("Confirm button is missing on the Confirmation page"): null

2024-05-15 15:41:02 - [TEST_STEP][PASSED] - Thread.sleep(10000): null

2024-05-15 15:41:12 - [TEST_STEP][FAILED] - if (verifyTextPresent("Successful Payment Receipt", false)): Text 'Successful Payment Receipt' is not present on page  (Root cause: com.kms.katalon.core.exception.StepFailedException: Text 'Successful Payment Receipt' is not present on page 
	at com.kms.katalon.core.webui.keyword.internal.WebUIKeywordMain.stepFailed(WebUIKeywordMain.groovy:64)
	at com.kms.katalon.core.webui.keyword.builtin.VerifyTextPresentKeyword$_verifyTextPresent_closure1.doCall(VerifyTextPresentKeyword.groovy:79)
	at com.kms.katalon.core.webui.keyword.builtin.VerifyTextPresentKeyword$_verifyTextPresent_closure1.call(VerifyTextPresentKeyword.groovy)
	at com.kms.katalon.core.webui.keyword.internal.WebUIKeywordMain.runKeyword(WebUIKeywordMain.groovy:20)
	at com.kms.katalon.core.webui.keyword.builtin.VerifyTextPresentKeyword.verifyTextPresent(VerifyTextPresentKeyword.groovy:83)
	at com.kms.katalon.core.webui.keyword.builtin.VerifyTextPresentKeyword.execute(VerifyTextPresentKeyword.groovy:68)
	at com.kms.katalon.core.keyword.internal.KeywordExecutor.executeKeywordForPlatform(KeywordExecutor.groovy:74)
	at com.kms.katalon.core.webui.keyword.WebUiBuiltInKeywords.verifyTextPresent(WebUiBuiltInKeywords.groovy:1723)
	at com.kms.katalon.core.webui.keyword.WebUiBuiltInKeywords$verifyTextPresent$8.call(Unknown Source)
	at PayNowReqFieldsCC.run(PayNowReqFieldsCC:604)
	at com.kms.katalon.core.main.ScriptEngine.run(ScriptEngine.java:194)
	at com.kms.katalon.core.main.ScriptEngine.runScriptAsRawText(ScriptEngine.java:119)
	at com.kms.katalon.core.main.TestCaseExecutor.runScript(TestCaseExecutor.java:448)
	at com.kms.katalon.core.main.TestCaseExecutor.doExecute(TestCaseExecutor.java:439)
	at com.kms.katalon.core.main.TestCaseExecutor.processExecutionPhase(TestCaseExecutor.java:418)
	at com.kms.katalon.core.main.TestCaseExecutor.accessMainPhase(TestCaseExecutor.java:410)
	at com.kms.katalon.core.main.TestCaseExecutor.execute(TestCaseExecutor.java:285)
	at com.kms.katalon.core.common.CommonExecutor.accessTestCaseMainPhase(CommonExecutor.java:65)
	at com.kms.katalon.core.main.TestSuiteExecutor.accessTestSuiteMainPhase(TestSuiteExecutor.java:148)
	at com.kms.katalon.core.main.TestSuiteExecutor.execute(TestSuiteExecutor.java:106)
	at com.kms.katalon.core.main.TestCaseMain.startTestSuite(TestCaseMain.java:187)
	at com.kms.katalon.core.main.TestCaseMain$startTestSuite$0.call(Unknown Source)
	at TempTestSuite1715800219174.run(TempTestSuite1715800219174.groovy:35)
)

2024-05-15 15:41:12 - [MESSAGE][FAILED] - Text 'Successful Payment Receipt' is not present on page  (Root cause: com.kms.katalon.core.exception.StepFailedException: Text 'Successful Payment Receipt' is not present on page 
	at com.kms.katalon.core.webui.keyword.internal.WebUIKeywordMain.stepFailed(WebUIKeywordMain.groovy:64)
	at com.kms.katalon.core.webui.keyword.builtin.VerifyTextPresentKeyword$_verifyTextPresent_closure1.doCall(VerifyTextPresentKeyword.groovy:79)
	at com.kms.katalon.core.webui.keyword.builtin.VerifyTextPresentKeyword$_verifyTextPresent_closure1.call(VerifyTextPresentKeyword.groovy)
	at com.kms.katalon.core.webui.keyword.internal.WebUIKeywordMain.runKeyword(WebUIKeywordMain.groovy:20)
	at com.kms.katalon.core.webui.keyword.builtin.VerifyTextPresentKeyword.verifyTextPresent(VerifyTextPresentKeyword.groovy:83)
	at com.kms.katalon.core.webui.keyword.builtin.VerifyTextPresentKeyword.execute(VerifyTextPresentKeyword.groovy:68)
	at com.kms.katalon.core.keyword.internal.KeywordExecutor.executeKeywordForPlatform(KeywordExecutor.groovy:74)
	at com.kms.katalon.core.webui.keyword.WebUiBuiltInKeywords.verifyTextPresent(WebUiBuiltInKeywords.groovy:1723)
	at com.kms.katalon.core.webui.keyword.WebUiBuiltInKeywords$verifyTextPresent$8.call(Unknown Source)
	at PayNowReqFieldsCC.run(PayNowReqFieldsCC:604)
	at com.kms.katalon.core.main.ScriptEngine.run(ScriptEngine.java:194)
	at com.kms.katalon.core.main.ScriptEngine.runScriptAsRawText(ScriptEngine.java:119)
	at com.kms.katalon.core.main.TestCaseExecutor.runScript(TestCaseExecutor.java:448)
	at com.kms.katalon.core.main.TestCaseExecutor.doExecute(TestCaseExecutor.java:439)
	at com.kms.katalon.core.main.TestCaseExecutor.processExecutionPhase(TestCaseExecutor.java:418)
	at com.kms.katalon.core.main.TestCaseExecutor.accessMainPhase(TestCaseExecutor.java:410)
	at com.kms.katalon.core.main.TestCaseExecutor.execute(TestCaseExecutor.java:285)
	at com.kms.katalon.core.common.CommonExecutor.accessTestCaseMainPhase(CommonExecutor.java:65)
	at com.kms.katalon.core.main.TestSuiteExecutor.accessTestSuiteMainPhase(TestSuiteExecutor.java:148)
	at com.kms.katalon.core.main.TestSuiteExecutor.execute(TestSuiteExecutor.java:106)
	at com.kms.katalon.core.main.TestCaseMain.startTestSuite(TestCaseMain.java:187)
	at com.kms.katalon.core.main.TestCaseMain$startTestSuite$0.call(Unknown Source)
	at TempTestSuite1715800219174.run(TempTestSuite1715800219174.groovy:35)
)

2024-05-15 15:41:12 - [TEST_STEP][PASSED] - else: null

2024-05-15 15:41:12 - [TEST_STEP][FAILED] - if (verifyTextPresent("Please print this receipt for your records", false)): Text 'Please print this receipt for your records' is not present on page  (Root cause: com.kms.katalon.core.exception.StepFailedException: Text 'Please print this receipt for your records' is not present on page 
	at com.kms.katalon.core.webui.keyword.internal.WebUIKeywordMain.stepFailed(WebUIKeywordMain.groovy:64)
	at com.kms.katalon.core.webui.keyword.builtin.VerifyTextPresentKeyword$_verifyTextPresent_closure1.doCall(VerifyTextPresentKeyword.groovy:79)
	at com.kms.katalon.core.webui.keyword.builtin.VerifyTextPresentKeyword$_verifyTextPresent_closure1.call(VerifyTextPresentKeyword.groovy)
	at com.kms.katalon.core.webui.keyword.internal.WebUIKeywordMain.runKeyword(WebUIKeywordMain.groovy:20)
	at com.kms.katalon.core.webui.keyword.builtin.VerifyTextPresentKeyword.verifyTextPresent(VerifyTextPresentKeyword.groovy:83)
	at com.kms.katalon.core.webui.keyword.builtin.VerifyTextPresentKeyword.execute(VerifyTextPresentKeyword.groovy:68)
	at com.kms.katalon.core.keyword.internal.KeywordExecutor.executeKeywordForPlatform(KeywordExecutor.groovy:74)
	at com.kms.katalon.core.webui.keyword.WebUiBuiltInKeywords.verifyTextPresent(WebUiBuiltInKeywords.groovy:1723)
	at com.kms.katalon.core.webui.keyword.WebUiBuiltInKeywords$verifyTextPresent$8.call(Unknown Source)
	at PayNowReqFieldsCC.run(PayNowReqFieldsCC:611)
	at com.kms.katalon.core.main.ScriptEngine.run(ScriptEngine.java:194)
	at com.kms.katalon.core.main.ScriptEngine.runScriptAsRawText(ScriptEngine.java:119)
	at com.kms.katalon.core.main.TestCaseExecutor.runScript(TestCaseExecutor.java:448)
	at com.kms.katalon.core.main.TestCaseExecutor.doExecute(TestCaseExecutor.java:439)
	at com.kms.katalon.core.main.TestCaseExecutor.processExecutionPhase(TestCaseExecutor.java:418)
	at com.kms.katalon.core.main.TestCaseExecutor.accessMainPhase(TestCaseExecutor.java:410)
	at com.kms.katalon.core.main.TestCaseExecutor.execute(TestCaseExecutor.java:285)
	at com.kms.katalon.core.common.CommonExecutor.accessTestCaseMainPhase(CommonExecutor.java:65)
	at com.kms.katalon.core.main.TestSuiteExecutor.accessTestSuiteMainPhase(TestSuiteExecutor.java:148)
	at com.kms.katalon.core.main.TestSuiteExecutor.execute(TestSuiteExecutor.java:106)
	at com.kms.katalon.core.main.TestCaseMain.startTestSuite(TestCaseMain.java:187)
	at com.kms.katalon.core.main.TestCaseMain$startTestSuite$0.call(Unknown Source)
	at TempTestSuite1715800219174.run(TempTestSuite1715800219174.groovy:35)
)

2024-05-15 15:41:12 - [MESSAGE][FAILED] - Text 'Please print this receipt for your records' is not present on page  (Root cause: com.kms.katalon.core.exception.StepFailedException: Text 'Please print this receipt for your records' is not present on page 
	at com.kms.katalon.core.webui.keyword.internal.WebUIKeywordMain.stepFailed(WebUIKeywordMain.groovy:64)
	at com.kms.katalon.core.webui.keyword.builtin.VerifyTextPresentKeyword$_verifyTextPresent_closure1.doCall(VerifyTextPresentKeyword.groovy:79)
	at com.kms.katalon.core.webui.keyword.builtin.VerifyTextPresentKeyword$_verifyTextPresent_closure1.call(VerifyTextPresentKeyword.groovy)
	at com.kms.katalon.core.webui.keyword.internal.WebUIKeywordMain.runKeyword(WebUIKeywordMain.groovy:20)
	at com.kms.katalon.core.webui.keyword.builtin.VerifyTextPresentKeyword.verifyTextPresent(VerifyTextPresentKeyword.groovy:83)
	at com.kms.katalon.core.webui.keyword.builtin.VerifyTextPresentKeyword.execute(VerifyTextPresentKeyword.groovy:68)
	at com.kms.katalon.core.keyword.internal.KeywordExecutor.executeKeywordForPlatform(KeywordExecutor.groovy:74)
	at com.kms.katalon.core.webui.keyword.WebUiBuiltInKeywords.verifyTextPresent(WebUiBuiltInKeywords.groovy:1723)
	at com.kms.katalon.core.webui.keyword.WebUiBuiltInKeywords$verifyTextPresent$8.call(Unknown Source)
	at PayNowReqFieldsCC.run(PayNowReqFieldsCC:611)
	at com.kms.katalon.core.main.ScriptEngine.run(ScriptEngine.java:194)
	at com.kms.katalon.core.main.ScriptEngine.runScriptAsRawText(ScriptEngine.java:119)
	at com.kms.katalon.core.main.TestCaseExecutor.runScript(TestCaseExecutor.java:448)
	at com.kms.katalon.core.main.TestCaseExecutor.doExecute(TestCaseExecutor.java:439)
	at com.kms.katalon.core.main.TestCaseExecutor.processExecutionPhase(TestCaseExecutor.java:418)
	at com.kms.katalon.core.main.TestCaseExecutor.accessMainPhase(TestCaseExecutor.java:410)
	at com.kms.katalon.core.main.TestCaseExecutor.execute(TestCaseExecutor.java:285)
	at com.kms.katalon.core.common.CommonExecutor.accessTestCaseMainPhase(CommonExecutor.java:65)
	at com.kms.katalon.core.main.TestSuiteExecutor.accessTestSuiteMainPhase(TestSuiteExecutor.java:148)
	at com.kms.katalon.core.main.TestSuiteExecutor.execute(TestSuiteExecutor.java:106)
	at com.kms.katalon.core.main.TestCaseMain.startTestSuite(TestCaseMain.java:187)
	at com.kms.katalon.core.main.TestCaseMain$startTestSuite$0.call(Unknown Source)
	at TempTestSuite1715800219174.run(TempTestSuite1715800219174.groovy:35)
)

2024-05-15 15:41:12 - [TEST_STEP][PASSED] - else: null

2024-05-15 15:41:12 - [TEST_STEP][PASSED] - if (verifyElementPresent(findTestObject("Object Repository/IWP30/Page_Receipt/ExitButton"), 30)): null

2024-05-15 15:41:13 - [MESSAGE][PASSED] - Object 'Object Repository/IWP30/Page_Receipt/ExitButton' is present

2024-05-15 15:41:13 - [TEST_STEP][PASSED] - println("Exit Button is present on the Receipt page"): null

2024-05-15 15:41:13 - [TEST_STEP][PASSED] - closeBrowser(): Browser is closed

2024-05-15 15:41:14 - [MESSAGE][PASSED] - Browser is closed]]></system-out>
         <system-err><![CDATA[2024-05-15 15:26:49 - [TEST_CASE][FAILED] - Test Cases/IntegratedWeb/IWP30/Payments/PayNowReqFieldsCC: Test Cases/IntegratedWeb/IWP30/Payments/PayNowReqFieldsCC FAILED.
Reason:
com.kms.katalon.core.exception.StepFailedException: Unable to select option by label '2023' of object 'Object Repository/IWP30/Page_CCPaymentEntry/Year'  (Root cause: com.kms.katalon.core.exception.StepFailedException: Unable to select option by label '2023' of object 'Object Repository/IWP30/Page_CCPaymentEntry/Year' 
	at com.kms.katalon.core.webui.keyword.internal.WebUIKeywordMain.stepFailed(WebUIKeywordMain.groovy:64)
	at com.kms.katalon.core.webui.keyword.internal.WebUIKeywordMain.runKeyword(WebUIKeywordMain.groovy:26)
	at com.kms.katalon.core.webui.keyword.builtin.SelectOptionByLabelKeyword.selectOptionByLabel(SelectOptionByLabelKeyword.groovy:98)
	at com.kms.katalon.core.webui.keyword.builtin.SelectOptionByLabelKeyword.execute(SelectOptionByLabelKeyword.groovy:71)
	at com.kms.katalon.core.keyword.internal.KeywordExecutor.executeKeywordForPlatform(KeywordExecutor.groovy:74)
	at com.kms.katalon.core.webui.keyword.WebUiBuiltInKeywords.selectOptionByLabel(WebUiBuiltInKeywords.groovy:1230)
	at com.kms.katalon.core.webui.keyword.WebUiBuiltInKeywords$selectOptionByLabel$7.call(Unknown Source)
	at PayNowReqFieldsCC.run(PayNowReqFieldsCC:476)
	at com.kms.katalon.core.main.ScriptEngine.run(ScriptEngine.java:194)
	at com.kms.katalon.core.main.ScriptEngine.runScriptAsRawText(ScriptEngine.java:119)
	at com.kms.katalon.core.main.TestCaseExecutor.runScript(TestCaseExecutor.java:448)
	at com.kms.katalon.core.main.TestCaseExecutor.doExecute(TestCaseExecutor.java:439)
	at com.kms.katalon.core.main.TestCaseExecutor.processExecutionPhase(TestCaseExecutor.java:418)
	at com.kms.katalon.core.main.TestCaseExecutor.accessMainPhase(TestCaseExecutor.java:410)
	at com.kms.katalon.core.main.TestCaseExecutor.execute(TestCaseExecutor.java:285)
	at com.kms.katalon.core.common.CommonExecutor.accessTestCaseMainPhase(CommonExecutor.java:65)
	at com.kms.katalon.core.main.TestSuiteExecutor.accessTestSuiteMainPhase(TestSuiteExecutor.java:148)
	at com.kms.katalon.core.main.TestSuiteExecutor.execute(TestSuiteExecutor.java:106)
	at com.kms.katalon.core.main.TestCaseMain.startTestSuite(TestCaseMain.java:187)
	at com.kms.katalon.core.main.TestCaseMain$startTestSuite$0.call(Unknown Source)
	at TempTestSuite1715800219174.run(TempTestSuite1715800219174.groovy:35)
Caused by: org.openqa.selenium.NoSuchElementException: Cannot locate element with text: 2023
For documentation on this error, please visit: https://www.seleniumhq.org/exceptions/no_such_element.html
Build info: version: '3.141.59', revision: 'e82be7d358', time: '2018-11-14T08:25:53'
System info: host: 'DESKTOP-B2QI6NS', ip: '172.31.253.185', os.name: 'Windows 10', os.arch: 'amd64', os.version: '10.0', java.version: '1.8.0_181'
Driver info: driver.version: unknown
	at org.openqa.selenium.support.ui.Select.selectByVisibleText(Select.java:147)
	at com.kms.katalon.core.webui.common.WebUiCommonHelper.selectOrDeselectOptionsByLabel(WebUiCommonHelper.java:310)
	at com.kms.katalon.core.webui.keyword.builtin.SelectOptionByLabelKeyword$_selectOptionByLabel_closure1.doCall(SelectOptionByLabelKeyword.groovy:87)
	at com.kms.katalon.core.webui.keyword.builtin.SelectOptionByLabelKeyword$_selectOptionByLabel_closure1.call(SelectOptionByLabelKeyword.groovy)
	at com.kms.katalon.core.webui.keyword.internal.WebUIKeywordMain.runKeyword(WebUIKeywordMain.groovy:20)
	at com.kms.katalon.core.webui.keyword.builtin.SelectOptionByLabelKeyword.selectOptionByLabel(SelectOptionByLabelKeyword.groovy:98)
	at com.kms.katalon.core.webui.keyword.builtin.SelectOptionByLabelKeyword.execute(SelectOptionByLabelKeyword.groovy:71)
	at com.kms.katalon.core.keyword.internal.KeywordExecutor.executeKeywordForPlatform(KeywordExecutor.groovy:74)
	at com.kms.katalon.core.webui.keyword.WebUiBuiltInKeywords.selectOptionByLabel(WebUiBuiltInKeywords.groovy:1230)
	at com.kms.katalon.core.webui.keyword.WebUiBuiltInKeywords$selectOptionByLabel$7.call(Unknown Source)
	at Script1593468708030.run(Script1593468708030.groovy:476)
	... 13 more
)
	at com.kms.katalon.core.keyword.internal.KeywordMain.stepFailed(KeywordMain.groovy:39)
	at com.kms.katalon.core.webui.keyword.internal.WebUIKeywordMain.stepFailed(WebUIKeywordMain.groovy:64)
	at com.kms.katalon.core.webui.keyword.internal.WebUIKeywordMain.runKeyword(WebUIKeywordMain.groovy:26)
	at com.kms.katalon.core.webui.keyword.builtin.SelectOptionByLabelKeyword.selectOptionByLabel(SelectOptionByLabelKeyword.groovy:98)
	at com.kms.katalon.core.webui.keyword.builtin.SelectOptionByLabelKeyword.execute(SelectOptionByLabelKeyword.groovy:71)
	at com.kms.katalon.core.keyword.internal.KeywordExecutor.executeKeywordForPlatform(KeywordExecutor.groovy:74)
	at com.kms.katalon.core.webui.keyword.WebUiBuiltInKeywords.selectOptionByLabel(WebUiBuiltInKeywords.groovy:1230)
	at com.kms.katalon.core.webui.keyword.WebUiBuiltInKeywords$selectOptionByLabel$7.call(Unknown Source)
	at PayNowReqFieldsCC.run(PayNowReqFieldsCC:476)
	at com.kms.katalon.core.main.ScriptEngine.run(ScriptEngine.java:194)
	at com.kms.katalon.core.main.ScriptEngine.runScriptAsRawText(ScriptEngine.java:119)
	at com.kms.katalon.core.main.TestCaseExecutor.runScript(TestCaseExecutor.java:448)
	at com.kms.katalon.core.main.TestCaseExecutor.doExecute(TestCaseExecutor.java:439)
	at com.kms.katalon.core.main.TestCaseExecutor.processExecutionPhase(TestCaseExecutor.java:418)
	at com.kms.katalon.core.main.TestCaseExecutor.accessMainPhase(TestCaseExecutor.java:410)
	at com.kms.katalon.core.main.TestCaseExecutor.execute(TestCaseExecutor.java:285)
	at com.kms.katalon.core.common.CommonExecutor.accessTestCaseMainPhase(CommonExecutor.java:65)
	at com.kms.katalon.core.main.TestSuiteExecutor.accessTestSuiteMainPhase(TestSuiteExecutor.java:148)
	at com.kms.katalon.core.main.TestSuiteExecutor.execute(TestSuiteExecutor.java:106)
	at com.kms.katalon.core.main.TestCaseMain.startTestSuite(TestCaseMain.java:187)
	at com.kms.katalon.core.main.TestCaseMain$startTestSuite$0.call(Unknown Source)
	at TempTestSuite1715800219174.run(TempTestSuite1715800219174.groovy:35)
Caused by: com.kms.katalon.core.exception.StepFailedException: Unable to select option by label '2023' of object 'Object Repository/IWP30/Page_CCPaymentEntry/Year' 
	... 21 more
Caused by: org.openqa.selenium.NoSuchElementException: Cannot locate element with text: 2023
For documentation on this error, please visit: https://www.seleniumhq.org/exceptions/no_such_element.html
Build info: version: '3.141.59', revision: 'e82be7d358', time: '2018-11-14T08:25:53'
System info: host: 'DESKTOP-B2QI6NS', ip: '172.31.253.185', os.name: 'Windows 10', os.arch: 'amd64', os.version: '10.0', java.version: '1.8.0_181'
Driver info: driver.version: unknown
	at org.openqa.selenium.support.ui.Select.selectByVisibleText(Select.java:147)
	at com.kms.katalon.core.webui.common.WebUiCommonHelper.selectOrDeselectOptionsByLabel(WebUiCommonHelper.java:310)
	at com.kms.katalon.core.webui.keyword.builtin.SelectOptionByLabelKeyword$_selectOptionByLabel_closure1.doCall(SelectOptionByLabelKeyword.groovy:87)
	at com.kms.katalon.core.webui.keyword.builtin.SelectOptionByLabelKeyword$_selectOptionByLabel_closure1.call(SelectOptionByLabelKeyword.groovy)
	at com.kms.katalon.core.webui.keyword.internal.WebUIKeywordMain.runKeyword(WebUIKeywordMain.groovy:20)
	... 19 more]]></system-err>
      </testcase>
      <testcase name="Test Cases/IntegratedWeb/IWP30/Payments/VerifyUINoCFCC" time="462.805" classname="Test Cases/IntegratedWeb/IWP30/Payments/VerifyUINoCFCC" status="PASSED">
         <system-out><![CDATA[2024-05-15 15:41:14 - [TEST_CASE][PASSED] - Test Cases/IntegratedWeb/IWP30/Payments/VerifyUINoCFCC: Test Cases/IntegratedWeb/IWP30/Payments/VerifyUINoCFCC

2024-05-15 15:41:15 - [TEST_STEP][PASSED] - numOfRows = findTestData("IWPTestData/VerifyUINoCFCCTestData").getRowNumbers(): null

2024-05-15 15:41:15 - [TEST_STEP][PASSED] - println(numOfRows): null

2024-05-15 15:41:15 - [TEST_STEP][PASSED] - dataFile = "IWPTestData/VerifyUINoCFCCTestData": null

2024-05-15 15:41:15 - [TEST_STEP][PASSED] - for ([row = 1, row <= numOfRows, (row++)]): Browser is closed

2024-05-15 15:41:15 - [TEST_STEP][PASSED] - openBrowser(urlEmulator): Browser is opened with url: 'https://qa2.velocitypayment.com/agency/config.do?action=editor'

2024-05-15 15:41:15 - [MESSAGE][INFO] - Starting 'Chrome' driver

2024-05-15 15:41:15 - [MESSAGE][INFO] - User set preference: ['acceptInsecureCerts', 'true']

2024-05-15 15:41:15 - [MESSAGE][INFO] - Action delay is set to 0 milliseconds

2024-05-15 15:41:17 - [MESSAGE][PASSED] - Browser is opened with url: 'https://qa2.velocitypayment.com/agency/config.do?action=editor'

2024-05-15 15:41:17 - [TEST_STEP][PASSED] - maximizeWindow(): Current window maximized

2024-05-15 15:41:17 - [MESSAGE][PASSED] - Current window maximized

2024-05-15 15:41:17 - [TEST_STEP][PASSED] - iwpPages.emulatorIWP30.setDataEmulatorStandard(): iwpPages.emulatorIWP30.setDataEmulatorStandard is PASSED

2024-05-15 15:41:18 - [MESSAGE][PASSED] - Object 'Object Repository/IWP30/Page_VRelay30Emulator/Amount' is present

2024-05-15 15:41:19 - [MESSAGE][PASSED] - All options with value '3.0' are selected in object 'Object Repository/IWP30/Page_VRelay30Emulator/MV'  using regular expression

2024-05-15 15:41:19 - [MESSAGE][PASSED] - Text '10.50' is set on object 'Object Repository/IWP30/Page_VRelay30Emulator/Amount'

2024-05-15 15:41:20 - [MESSAGE][PASSED] - Text '54654701' is set on object 'Object Repository/IWP30/Page_VRelay30Emulator/CAN'

2024-05-15 15:41:21 - [MESSAGE][PASSED] - Text 'PayNow' is set on object 'Object Repository/IWP30/Page_VRelay30Emulator/Action'

2024-05-15 15:41:21 - [MESSAGE][PASSED] - Text 'en_US' is set on object 'Object Repository/IWP30/Page_VRelay30Emulator/Lang'

2024-05-15 15:41:22 - [MESSAGE][PASSED] - Text '' is set on object 'Object Repository/IWP30/Page_VRelay30Emulator/Fname'

2024-05-15 15:41:23 - [MESSAGE][PASSED] - Text '' is set on object 'Object Repository/IWP30/Page_VRelay30Emulator/Lname'

2024-05-15 15:41:23 - [MESSAGE][PASSED] - Text '' is set on object 'Object Repository/IWP30/Page_VRelay30Emulator/AL1'

2024-05-15 15:41:24 - [MESSAGE][PASSED] - Text '' is set on object 'Object Repository/IWP30/Page_VRelay30Emulator/AL2'

2024-05-15 15:41:24 - [MESSAGE][PASSED] - Text '' is set on object 'Object Repository/IWP30/Page_VRelay30Emulator/Country'

2024-05-15 15:41:25 - [MESSAGE][PASSED] - Text '' is set on object 'Object Repository/IWP30/Page_VRelay30Emulator/City'

2024-05-15 15:41:26 - [MESSAGE][PASSED] - Text '' is set on object 'Object Repository/IWP30/Page_VRelay30Emulator/State'

2024-05-15 15:41:26 - [MESSAGE][PASSED] - Text '' is set on object 'Object Repository/IWP30/Page_VRelay30Emulator/ZIP'

2024-05-15 15:41:27 - [MESSAGE][PASSED] - Text '' is set on object 'Object Repository/IWP30/Page_VRelay30Emulator/Order'

2024-05-15 15:41:28 - [MESSAGE][PASSED] - Text '' is set on object 'Object Repository/IWP30/Page_VRelay30Emulator/Company'

2024-05-15 15:41:28 - [MESSAGE][PASSED] - Text '' is set on object 'Object Repository/IWP30/Page_VRelay30Emulator/Email'

2024-05-15 15:41:29 - [MESSAGE][PASSED] - Text '' is set on object 'Object Repository/IWP30/Page_VRelay30Emulator/UDF1'

2024-05-15 15:41:30 - [MESSAGE][PASSED] - Text '' is set on object 'Object Repository/IWP30/Page_VRelay30Emulator/UDF2'

2024-05-15 15:41:30 - [MESSAGE][PASSED] - Text 'data 3' is set on object 'Object Repository/IWP30/Page_VRelay30Emulator/UDF3'

2024-05-15 15:41:31 - [MESSAGE][PASSED] - Text 'data 4' is set on object 'Object Repository/IWP30/Page_VRelay30Emulator/UDF4'

2024-05-15 15:41:31 - [MESSAGE][PASSED] - Text 'data 5' is set on object 'Object Repository/IWP30/Page_VRelay30Emulator/UDF5'

2024-05-15 15:41:32 - [MESSAGE][PASSED] - Text 'data 6' is set on object 'Object Repository/IWP30/Page_VRelay30Emulator/UDF6'

2024-05-15 15:41:33 - [MESSAGE][PASSED] - Text 'Orange' is set on object 'Object Repository/IWP30/Page_VRelay30Emulator/UDF7'

2024-05-15 15:41:33 - [MESSAGE][PASSED] - Text 'Soccer' is set on object 'Object Repository/IWP30/Page_VRelay30Emulator/UDF8'

2024-05-15 15:41:34 - [MESSAGE][PASSED] - Text 'data 9' is set on object 'Object Repository/IWP30/Page_VRelay30Emulator/UDF9'

2024-05-15 15:41:35 - [MESSAGE][PASSED] - Text 'data 10' is set on object 'Object Repository/IWP30/Page_VRelay30Emulator/UDF10'

2024-05-15 15:41:37 - [MESSAGE][PASSED] - Object: 'Object Repository/IWP30/Page_VRelay30Emulator/Submit' is clicked on

2024-05-15 15:41:43 - [MESSAGE][PASSED] - Browser is closed

2024-05-15 15:41:43 - [MESSAGE][PASSED] - iwpPages.emulatorIWP30.setDataEmulatorStandard is PASSED

2024-05-15 15:41:43 - [TEST_STEP][PASSED] - openBrowser(urlTestHarness): Browser is opened with url: 'https://dev-algorithm.govolution.com/vrelaytest/QA2/version_2_2/vrelaytest.html'

2024-05-15 15:41:43 - [MESSAGE][INFO] - Starting 'Chrome' driver

2024-05-15 15:41:43 - [MESSAGE][INFO] - User set preference: ['acceptInsecureCerts', 'true']

2024-05-15 15:41:43 - [MESSAGE][INFO] - Action delay is set to 0 milliseconds

2024-05-15 15:41:45 - [MESSAGE][PASSED] - Browser is opened with url: 'https://dev-algorithm.govolution.com/vrelaytest/QA2/version_2_2/vrelaytest.html'

2024-05-15 15:41:45 - [TEST_STEP][PASSED] - maximizeWindow(): Current window maximized

2024-05-15 15:41:46 - [MESSAGE][PASSED] - Current window maximized

2024-05-15 15:41:46 - [TEST_STEP][PASSED] - genRemIDVoid = RandomStringUtils.random(12, true, true): null

2024-05-15 15:41:46 - [TEST_STEP][PASSED] - if (verifyElementPresent(findTestObject("Object Repository/IWP30/Page_QATestHarness/RemittanceID"), 30)): null

2024-05-15 15:41:46 - [MESSAGE][PASSED] - Object 'Object Repository/IWP30/Page_QATestHarness/RemittanceID' is present

2024-05-15 15:41:46 - [TEST_STEP][PASSED] - println("We are on Test Harness page, start populating"): null

2024-05-15 15:41:46 - [TEST_STEP][PASSED] - setText(findTestObject("Object Repository/IWP30/Page_QATestHarness/ApplicationID"), "649"): Text '649' is set on object 'Object Repository/IWP30/Page_QATestHarness/ApplicationID'

2024-05-15 15:41:47 - [MESSAGE][PASSED] - Text '649' is set on object 'Object Repository/IWP30/Page_QATestHarness/ApplicationID'

2024-05-15 15:41:47 - [TEST_STEP][PASSED] - setText(findTestObject("Object Repository/IWP30/Page_QATestHarness/MessageVersion"), "3.0"): Text '3.0' is set on object 'Object Repository/IWP30/Page_QATestHarness/MessageVersion'

2024-05-15 15:41:47 - [MESSAGE][PASSED] - Text '3.0' is set on object 'Object Repository/IWP30/Page_QATestHarness/MessageVersion'

2024-05-15 15:41:47 - [TEST_STEP][PASSED] - setText(findTestObject("Object Repository/IWP30/Page_QATestHarness/RemittanceID"), genRemIDVoid): Text 'TQWEmo0tA1cB' is set on object 'Object Repository/IWP30/Page_QATestHarness/RemittanceID'

2024-05-15 15:41:48 - [MESSAGE][PASSED] - Text 'TQWEmo0tA1cB' is set on object 'Object Repository/IWP30/Page_QATestHarness/RemittanceID'

2024-05-15 15:41:48 - [TEST_STEP][PASSED] - click(findTestObject("Object Repository/IWP30/Page_QATestHarness/SubmitButton")): Object: 'Object Repository/IWP30/Page_QATestHarness/SubmitButton' is clicked on

2024-05-15 15:41:50 - [MESSAGE][PASSED] - Object: 'Object Repository/IWP30/Page_QATestHarness/SubmitButton' is clicked on

2024-05-15 15:41:50 - [TEST_STEP][PASSED] - verifyTextPresent("Select Payment Method", false): Text 'Select Payment Method' is present on page 

2024-05-15 15:41:50 - [MESSAGE][PASSED] - Text 'Select Payment Method' is present on page 

2024-05-15 15:41:50 - [TEST_STEP][PASSED] - verifyTextPresent("Please Choose the Method of Payment", false): Text 'Please Choose the Method of Payment' is present on page 

2024-05-15 15:41:50 - [MESSAGE][PASSED] - Text 'Please Choose the Method of Payment' is present on page 

2024-05-15 15:41:50 - [TEST_STEP][PASSED] - verifyElementPresent(findTestObject("Object Repository/IWP30/Page_SelectPaymentMethod/PayByCreditCard"), 30): Object 'Object Repository/IWP30/Page_SelectPaymentMethod/PayByCreditCard' is present

2024-05-15 15:41:51 - [MESSAGE][PASSED] - Object 'Object Repository/IWP30/Page_SelectPaymentMethod/PayByCreditCard' is present

2024-05-15 15:41:51 - [TEST_STEP][PASSED] - verifyElementPresent(findTestObject("Object Repository/IWP30/Page_SelectPaymentMethod/PayByCorporateCheck"), 30): Object 'Object Repository/IWP30/Page_SelectPaymentMethod/PayByCorporateCheck' is present

2024-05-15 15:41:51 - [MESSAGE][PASSED] - Object 'Object Repository/IWP30/Page_SelectPaymentMethod/PayByCorporateCheck' is present

2024-05-15 15:41:51 - [TEST_STEP][PASSED] - verifyElementPresent(findTestObject("Object Repository/IWP30/Page_SelectPaymentMethod/PayByPersonalCheck"), 30): Object 'Object Repository/IWP30/Page_SelectPaymentMethod/PayByPersonalCheck' is present

2024-05-15 15:41:51 - [MESSAGE][PASSED] - Object 'Object Repository/IWP30/Page_SelectPaymentMethod/PayByPersonalCheck' is present

2024-05-15 15:41:51 - [TEST_STEP][PASSED] - verifyElementPresent(findTestObject("Object Repository/IWP30/Page_SelectPaymentMethod/ExitButton"), 30): Object 'Object Repository/IWP30/Page_SelectPaymentMethod/ExitButton' is present

2024-05-15 15:41:52 - [MESSAGE][PASSED] - Object 'Object Repository/IWP30/Page_SelectPaymentMethod/ExitButton' is present

2024-05-15 15:41:52 - [TEST_STEP][PASSED] - if (verifyElementPresent(findTestObject("Object Repository/IWP30/Page_SelectPaymentMethod/PayByCreditCard"), 30)): null

2024-05-15 15:41:52 - [MESSAGE][PASSED] - Object 'Object Repository/IWP30/Page_SelectPaymentMethod/PayByCreditCard' is present

2024-05-15 15:41:52 - [TEST_STEP][PASSED] - println("We are on Select Payment Method page, start populating"): null

2024-05-15 15:41:52 - [TEST_STEP][PASSED] - check(findTestObject("Object Repository/IWP30/Page_SelectPaymentMethod/PayByCreditCard")): Object 'Object Repository/IWP30/Page_SelectPaymentMethod/PayByCreditCard' is checked

2024-05-15 15:41:52 - [MESSAGE][PASSED] - Object 'Object Repository/IWP30/Page_SelectPaymentMethod/PayByCreditCard' is checked

2024-05-15 15:41:52 - [TEST_STEP][PASSED] - Thread.sleep(1000): null

2024-05-15 15:41:53 - [TEST_STEP][PASSED] - click(findTestObject("Object Repository/IWP30/Page_SelectPaymentMethod/MakePaymentButton")): Object: 'Object Repository/IWP30/Page_SelectPaymentMethod/MakePaymentButton' is clicked on

2024-05-15 15:41:55 - [MESSAGE][PASSED] - Object: 'Object Repository/IWP30/Page_SelectPaymentMethod/MakePaymentButton' is clicked on

2024-05-15 15:41:55 - [TEST_STEP][PASSED] - verifyTextPresent("Required fields are highlighted with an asterisk", false): Text 'Required fields are highlighted with an asterisk' is present on page 

2024-05-15 15:41:55 - [MESSAGE][PASSED] - Text 'Required fields are highlighted with an asterisk' is present on page 

2024-05-15 15:41:55 - [TEST_STEP][PASSED] - verifyTextPresent("Please enter the following information about your payment", false): Text 'Please enter the following information about your payment' is present on page 

2024-05-15 15:41:56 - [MESSAGE][PASSED] - Text 'Please enter the following information about your payment' is present on page 

2024-05-15 15:41:56 - [TEST_STEP][PASSED] - verifyTextPresent("CAN Label", false): Text 'CAN Label' is present on page 

2024-05-15 15:41:56 - [MESSAGE][PASSED] - Text 'CAN Label' is present on page 

2024-05-15 15:41:56 - [TEST_STEP][PASSED] - verifyTextPresent("Tax Amount", false): Text 'Tax Amount' is present on page 

2024-05-15 15:41:56 - [MESSAGE][PASSED] - Text 'Tax Amount' is present on page 

2024-05-15 15:41:56 - [TEST_STEP][PASSED] - verifyTextPresent("Amount", false): Text 'Amount' is present on page 

2024-05-15 15:41:57 - [MESSAGE][PASSED] - Text 'Amount' is present on page 

2024-05-15 15:41:57 - [TEST_STEP][PASSED] - verifyTextPresent("UDF1 Label", false): Text 'UDF1 Label' is present on page 

2024-05-15 15:41:57 - [MESSAGE][PASSED] - Text 'UDF1 Label' is present on page 

2024-05-15 15:41:57 - [TEST_STEP][PASSED] - verifyTextPresent("UDF2 Label", false): Text 'UDF2 Label' is present on page 

2024-05-15 15:41:57 - [MESSAGE][PASSED] - Text 'UDF2 Label' is present on page 

2024-05-15 15:41:57 - [TEST_STEP][PASSED] - verifyTextPresent("UDF3 Label", false): Text 'UDF3 Label' is present on page 

2024-05-15 15:41:57 - [MESSAGE][PASSED] - Text 'UDF3 Label' is present on page 

2024-05-15 15:41:57 - [TEST_STEP][PASSED] - verifyTextPresent("UDF4 Label", false): Text 'UDF4 Label' is present on page 

2024-05-15 15:41:58 - [MESSAGE][PASSED] - Text 'UDF4 Label' is present on page 

2024-05-15 15:41:58 - [TEST_STEP][PASSED] - verifyTextPresent("UDF6 Label", false): Text 'UDF6 Label' is present on page 

2024-05-15 15:41:58 - [MESSAGE][PASSED] - Text 'UDF6 Label' is present on page 

2024-05-15 15:41:58 - [TEST_STEP][PASSED] - verifyTextPresent("UDF7 Label", false): Text 'UDF7 Label' is present on page 

2024-05-15 15:41:58 - [MESSAGE][PASSED] - Text 'UDF7 Label' is present on page 

2024-05-15 15:41:58 - [TEST_STEP][PASSED] - verifyTextPresent("UDF8 Label", false): Text 'UDF8 Label' is present on page 

2024-05-15 15:41:59 - [MESSAGE][PASSED] - Text 'UDF8 Label' is present on page 

2024-05-15 15:41:59 - [TEST_STEP][PASSED] - verifyTextPresent("UDF9 Label", false): Text 'UDF9 Label' is present on page 

2024-05-15 15:41:59 - [MESSAGE][PASSED] - Text 'UDF9 Label' is present on page 

2024-05-15 15:41:59 - [TEST_STEP][PASSED] - verifyTextPresent("Please enter the following information about your payment method", false): Text 'Please enter the following information about your payment method' is present on page 

2024-05-15 15:41:59 - [MESSAGE][PASSED] - Text 'Please enter the following information about your payment method' is present on page 

2024-05-15 15:41:59 - [TEST_STEP][PASSED] - verifyTextPresent("Cardholder's Name", false): Text 'Cardholder's Name' is present on page 

2024-05-15 15:42:00 - [MESSAGE][PASSED] - Text 'Cardholder's Name' is present on page 

2024-05-15 15:42:00 - [TEST_STEP][PASSED] - verifyTextPresent("Cards Accepted", false): Text 'Cards Accepted' is present on page 

2024-05-15 15:42:00 - [MESSAGE][PASSED] - Text 'Cards Accepted' is present on page 

2024-05-15 15:42:00 - [TEST_STEP][PASSED] - verifyTextPresent("Card Number", false): Text 'Card Number' is present on page 

2024-05-15 15:42:00 - [MESSAGE][PASSED] - Text 'Card Number' is present on page 

2024-05-15 15:42:00 - [TEST_STEP][PASSED] - verifyTextPresent("Card Security Code", false): Text 'Card Security Code' is present on page 

2024-05-15 15:42:01 - [MESSAGE][PASSED] - Text 'Card Security Code' is present on page 

2024-05-15 15:42:01 - [TEST_STEP][PASSED] - verifyTextPresent("Expiration Date", false): Text 'Expiration Date' is present on page 

2024-05-15 15:42:01 - [MESSAGE][PASSED] - Text 'Expiration Date' is present on page 

2024-05-15 15:42:01 - [TEST_STEP][PASSED] - verifyTextPresent("Payment Date", false): Text 'Payment Date' is present on page 

2024-05-15 15:42:01 - [MESSAGE][PASSED] - Text 'Payment Date' is present on page 

2024-05-15 15:42:01 - [TEST_STEP][PASSED] - verifyTextPresent("Billing Information", false): Text 'Billing Information' is present on page 

2024-05-15 15:42:02 - [MESSAGE][PASSED] - Text 'Billing Information' is present on page 

2024-05-15 15:42:02 - [TEST_STEP][PASSED] - verifyTextPresent("Address Line 1", false): Text 'Address Line 1' is present on page 

2024-05-15 15:42:02 - [MESSAGE][PASSED] - Text 'Address Line 1' is present on page 

2024-05-15 15:42:02 - [TEST_STEP][PASSED] - verifyTextPresent("Address Line 2", false): Text 'Address Line 2' is present on page 

2024-05-15 15:42:02 - [MESSAGE][PASSED] - Text 'Address Line 2' is present on page 

2024-05-15 15:42:02 - [TEST_STEP][PASSED] - verifyTextPresent("Country", false): Text 'Country' is present on page 

2024-05-15 15:42:02 - [MESSAGE][PASSED] - Text 'Country' is present on page 

2024-05-15 15:42:02 - [TEST_STEP][PASSED] - verifyTextPresent("ZIP Code", false): Text 'ZIP Code' is present on page 

2024-05-15 15:42:03 - [MESSAGE][PASSED] - Text 'ZIP Code' is present on page 

2024-05-15 15:42:03 - [TEST_STEP][PASSED] - verifyTextPresent("City", false): Text 'City' is present on page 

2024-05-15 15:42:03 - [MESSAGE][PASSED] - Text 'City' is present on page 

2024-05-15 15:42:03 - [TEST_STEP][PASSED] - verifyTextPresent("State", false): Text 'State' is present on page 

2024-05-15 15:42:03 - [MESSAGE][PASSED] - Text 'State' is present on page 

2024-05-15 15:42:03 - [TEST_STEP][PASSED] - verifyTextPresent("Receipt Information", false): Text 'Receipt Information' is present on page 

2024-05-15 15:42:04 - [MESSAGE][PASSED] - Text 'Receipt Information' is present on page 

2024-05-15 15:42:04 - [TEST_STEP][PASSED] - verifyTextPresent("Email Address", false): Text 'Email Address' is present on page 

2024-05-15 15:42:04 - [MESSAGE][PASSED] - Text 'Email Address' is present on page 

2024-05-15 15:42:04 - [TEST_STEP][PASSED] - verifyTextPresent("Please check here to store the payment method for future use", false): Text 'Please check here to store the payment method for future use' is present on page 

2024-05-15 15:42:04 - [MESSAGE][PASSED] - Text 'Please check here to store the payment method for future use' is present on page 

2024-05-15 15:42:04 - [TEST_STEP][PASSED] - verifyTextPresent("These are Customer CC Terms", false): Text 'These are Customer CC Terms' is present on page 

2024-05-15 15:42:05 - [MESSAGE][PASSED] - Text 'These are Customer CC Terms' is present on page 

2024-05-15 15:42:05 - [TEST_STEP][PASSED] - verifyTextPresent("These are CC Custom HTML", false): Text 'These are CC Custom HTML' is present on page 

2024-05-15 15:42:05 - [MESSAGE][PASSED] - Text 'These are CC Custom HTML' is present on page 

2024-05-15 15:42:05 - [TEST_STEP][PASSED] - verifyTextPresent("54654701", false): Text '54654701' is present on page 

2024-05-15 15:42:05 - [MESSAGE][PASSED] - Text '54654701' is present on page 

2024-05-15 15:42:05 - [TEST_STEP][PASSED] - verifyTextPresent("data 4", false): Text 'data 4' is present on page 

2024-05-15 15:42:06 - [MESSAGE][PASSED] - Text 'data 4' is present on page 

2024-05-15 15:42:06 - [TEST_STEP][PASSED] - verifyTextPresent("data 6", false): Text 'data 6' is present on page 

2024-05-15 15:42:06 - [MESSAGE][PASSED] - Text 'data 6' is present on page 

2024-05-15 15:42:06 - [TEST_STEP][PASSED] - verifyTextPresent("data 9", false): Text 'data 9' is present on page 

2024-05-15 15:42:06 - [MESSAGE][PASSED] - Text 'data 9' is present on page 

2024-05-15 15:42:06 - [TEST_STEP][PASSED] - verifyTextNotPresent("UDF5 Label", false): Text 'UDF5 Label' is not present on page

2024-05-15 15:42:07 - [MESSAGE][PASSED] - Text 'UDF5 Label' is not present on page

2024-05-15 15:42:07 - [TEST_STEP][PASSED] - verifyTextNotPresent("UDF10 Label", false): Text 'UDF10 Label' is not present on page

2024-05-15 15:42:07 - [MESSAGE][PASSED] - Text 'UDF10 Label' is not present on page

2024-05-15 15:42:07 - [TEST_STEP][PASSED] - verifyElementPresent(findTestObject("Object Repository/IWP30/Page_CCPaymentEntry/Amount"), 30): Object 'Object Repository/IWP30/Page_CCPaymentEntry/Amount' is present

2024-05-15 15:42:07 - [MESSAGE][PASSED] - Object 'Object Repository/IWP30/Page_CCPaymentEntry/Amount' is present

2024-05-15 15:42:07 - [TEST_STEP][PASSED] - verifyElementPresent(findTestObject("Object Repository/IWP30/Page_CCPaymentEntry/UserDefined2"), 30): Object 'Object Repository/IWP30/Page_CCPaymentEntry/UserDefined2' is present

2024-05-15 15:42:07 - [MESSAGE][PASSED] - Object 'Object Repository/IWP30/Page_CCPaymentEntry/UserDefined2' is present

2024-05-15 15:42:07 - [TEST_STEP][PASSED] - verifyElementPresent(findTestObject("Object Repository/IWP30/Page_CCPaymentEntry/UserDefined3"), 30): Object 'Object Repository/IWP30/Page_CCPaymentEntry/UserDefined3' is present

2024-05-15 15:42:08 - [MESSAGE][PASSED] - Object 'Object Repository/IWP30/Page_CCPaymentEntry/UserDefined3' is present

2024-05-15 15:42:08 - [TEST_STEP][PASSED] - verifyElementPresent(findTestObject("Object Repository/IWP30/Page_CCPaymentEntry/UserDefined7"), 30): Object 'Object Repository/IWP30/Page_CCPaymentEntry/UserDefined7' is present

2024-05-15 15:42:08 - [MESSAGE][PASSED] - Object 'Object Repository/IWP30/Page_CCPaymentEntry/UserDefined7' is present

2024-05-15 15:42:08 - [TEST_STEP][PASSED] - verifyElementPresent(findTestObject("Object Repository/IWP30/Page_CCPaymentEntry/UserDefined8"), 30): Object 'Object Repository/IWP30/Page_CCPaymentEntry/UserDefined8' is present

2024-05-15 15:42:08 - [MESSAGE][PASSED] - Object 'Object Repository/IWP30/Page_CCPaymentEntry/UserDefined8' is present

2024-05-15 15:42:08 - [TEST_STEP][PASSED] - verifyElementPresent(findTestObject("Object Repository/IWP30/Page_CCPaymentEntry/Name"), 30): Object 'Object Repository/IWP30/Page_CCPaymentEntry/Name' is present

2024-05-15 15:42:09 - [MESSAGE][PASSED] - Object 'Object Repository/IWP30/Page_CCPaymentEntry/Name' is present

2024-05-15 15:42:09 - [TEST_STEP][PASSED] - verifyElementPresent(findTestObject("Object Repository/IWP30/Page_CCPaymentEntry/CardNumber"), 30): Object 'Object Repository/IWP30/Page_CCPaymentEntry/CardNumber' is present

2024-05-15 15:42:09 - [MESSAGE][PASSED] - Object 'Object Repository/IWP30/Page_CCPaymentEntry/CardNumber' is present

2024-05-15 15:42:09 - [TEST_STEP][PASSED] - verifyElementPresent(findTestObject("Object Repository/IWP30/Page_CCPaymentEntry/SPC"), 30): Object 'Object Repository/IWP30/Page_CCPaymentEntry/SPC' is present

2024-05-15 15:42:09 - [MESSAGE][PASSED] - Object 'Object Repository/IWP30/Page_CCPaymentEntry/SPC' is present

2024-05-15 15:42:09 - [TEST_STEP][PASSED] - verifyElementPresent(findTestObject("Object Repository/IWP30/Page_CCPaymentEntry/Month"), 30): Object 'Object Repository/IWP30/Page_CCPaymentEntry/Month' is present

2024-05-15 15:42:10 - [MESSAGE][PASSED] - Object 'Object Repository/IWP30/Page_CCPaymentEntry/Month' is present

2024-05-15 15:42:10 - [TEST_STEP][PASSED] - verifyElementPresent(findTestObject("Object Repository/IWP30/Page_CCPaymentEntry/Year"), 30): Object 'Object Repository/IWP30/Page_CCPaymentEntry/Year' is present

2024-05-15 15:42:10 - [MESSAGE][PASSED] - Object 'Object Repository/IWP30/Page_CCPaymentEntry/Year' is present

2024-05-15 15:42:10 - [TEST_STEP][PASSED] - verifyElementPresent(findTestObject("Object Repository/IWP30/Page_CCPaymentEntry/ProcessDate"), 30): Object 'Object Repository/IWP30/Page_CCPaymentEntry/ProcessDate' is present

2024-05-15 15:42:10 - [MESSAGE][PASSED] - Object 'Object Repository/IWP30/Page_CCPaymentEntry/ProcessDate' is present

2024-05-15 15:42:10 - [TEST_STEP][PASSED] - verifyElementPresent(findTestObject("Object Repository/IWP30/Page_CCPaymentEntry/AL1"), 30): Object 'Object Repository/IWP30/Page_CCPaymentEntry/AL1' is present

2024-05-15 15:42:10 - [MESSAGE][PASSED] - Object 'Object Repository/IWP30/Page_CCPaymentEntry/AL1' is present

2024-05-15 15:42:10 - [TEST_STEP][PASSED] - verifyElementPresent(findTestObject("Object Repository/IWP30/Page_CCPaymentEntry/AL2"), 30): Object 'Object Repository/IWP30/Page_CCPaymentEntry/AL2' is present

2024-05-15 15:42:11 - [MESSAGE][PASSED] - Object 'Object Repository/IWP30/Page_CCPaymentEntry/AL2' is present

2024-05-15 15:42:11 - [TEST_STEP][PASSED] - verifyElementPresent(findTestObject("Object Repository/IWP30/Page_CCPaymentEntry/CountryDropDown"), 30): Object 'Object Repository/IWP30/Page_CCPaymentEntry/CountryDropDown' is present

2024-05-15 15:42:11 - [MESSAGE][PASSED] - Object 'Object Repository/IWP30/Page_CCPaymentEntry/CountryDropDown' is present

2024-05-15 15:42:11 - [TEST_STEP][PASSED] - verifyElementPresent(findTestObject("Object Repository/IWP30/Page_CCPaymentEntry/ZIP"), 30): Object 'Object Repository/IWP30/Page_CCPaymentEntry/ZIP' is present

2024-05-15 15:42:11 - [MESSAGE][PASSED] - Object 'Object Repository/IWP30/Page_CCPaymentEntry/ZIP' is present

2024-05-15 15:42:11 - [TEST_STEP][PASSED] - verifyElementPresent(findTestObject("Object Repository/IWP30/Page_CCPaymentEntry/City"), 30): Object 'Object Repository/IWP30/Page_CCPaymentEntry/City' is present

2024-05-15 15:42:12 - [MESSAGE][PASSED] - Object 'Object Repository/IWP30/Page_CCPaymentEntry/City' is present

2024-05-15 15:42:12 - [TEST_STEP][PASSED] - verifyElementPresent(findTestObject("Object Repository/IWP30/Page_CCPaymentEntry/State"), 30): Object 'Object Repository/IWP30/Page_CCPaymentEntry/State' is present

2024-05-15 15:42:12 - [MESSAGE][PASSED] - Object 'Object Repository/IWP30/Page_CCPaymentEntry/State' is present

2024-05-15 15:42:12 - [TEST_STEP][PASSED] - verifyElementPresent(findTestObject("Object Repository/IWP30/Page_CCPaymentEntry/EmailAddress"), 30): Object 'Object Repository/IWP30/Page_CCPaymentEntry/EmailAddress' is present

2024-05-15 15:42:12 - [MESSAGE][PASSED] - Object 'Object Repository/IWP30/Page_CCPaymentEntry/EmailAddress' is present

2024-05-15 15:42:12 - [TEST_STEP][PASSED] - verifyElementPresent(findTestObject("Object Repository/IWP30/Page_CCPaymentEntry/StorePaymentMethodCheckBox"), 30): Object 'Object Repository/IWP30/Page_CCPaymentEntry/StorePaymentMethodCheckBox' is present

2024-05-15 15:42:13 - [MESSAGE][PASSED] - Object 'Object Repository/IWP30/Page_CCPaymentEntry/StorePaymentMethodCheckBox' is present

2024-05-15 15:42:13 - [TEST_STEP][PASSED] - verifyElementPresent(findTestObject("Object Repository/IWP30/Page_CCPaymentEntry/TermCondCheckBox"), 30): Object 'Object Repository/IWP30/Page_CCPaymentEntry/TermCondCheckBox' is present

2024-05-15 15:42:13 - [MESSAGE][PASSED] - Object 'Object Repository/IWP30/Page_CCPaymentEntry/TermCondCheckBox' is present

2024-05-15 15:42:13 - [TEST_STEP][PASSED] - verifyElementPresent(findTestObject("Object Repository/IWP30/Page_CCPaymentEntry/ContinueButton"), 30): Object 'Object Repository/IWP30/Page_CCPaymentEntry/ContinueButton' is present

2024-05-15 15:42:13 - [MESSAGE][PASSED] - Object 'Object Repository/IWP30/Page_CCPaymentEntry/ContinueButton' is present

2024-05-15 15:42:13 - [TEST_STEP][PASSED] - verifyElementPresent(findTestObject("Object Repository/IWP30/Page_CCPaymentEntry/ChangePaymentMethodButton"), 30): Object 'Object Repository/IWP30/Page_CCPaymentEntry/ChangePaymentMethodButton' is present

2024-05-15 15:42:13 - [MESSAGE][PASSED] - Object 'Object Repository/IWP30/Page_CCPaymentEntry/ChangePaymentMethodButton' is present

2024-05-15 15:42:13 - [TEST_STEP][PASSED] - verifyElementPresent(findTestObject("Object Repository/IWP30/Page_CCPaymentEntry/ExitButton"), 30): Object 'Object Repository/IWP30/Page_CCPaymentEntry/ExitButton' is present

2024-05-15 15:42:14 - [MESSAGE][PASSED] - Object 'Object Repository/IWP30/Page_CCPaymentEntry/ExitButton' is present

2024-05-15 15:42:14 - [TEST_STEP][PASSED] - iwpPages.ccPaymentEntryPage.setDataCCPM(row, dataFile): iwpPages.ccPaymentEntryPage.setDataCCPM is PASSED

2024-05-15 15:42:15 - [MESSAGE][PASSED] - Object 'Object Repository/IWP30/Page_CCPaymentEntry/Name' is present

2024-05-15 15:42:15 - [MESSAGE][PASSED] - Object 'Object Repository/IWP30/Page_CCPaymentEntry/Amount' is present

2024-05-15 15:42:16 - [MESSAGE][PASSED] - Text '23.50' is set on object 'Object Repository/IWP30/Page_CCPaymentEntry/Amount'

2024-05-15 15:42:16 - [MESSAGE][PASSED] - Object 'Object Repository/IWP30/Page_CCPaymentEntry/UserDefined2' is present

2024-05-15 15:42:17 - [MESSAGE][PASSED] - Text 'Some Data 2' is set on object 'Object Repository/IWP30/Page_CCPaymentEntry/UserDefined2'

2024-05-15 15:42:17 - [MESSAGE][PASSED] - Object 'Object Repository/IWP30/Page_CCPaymentEntry/UserDefined3' is present

2024-05-15 15:42:18 - [MESSAGE][PASSED] - Text 'Some Data 3' is set on object 'Object Repository/IWP30/Page_CCPaymentEntry/UserDefined3'

2024-05-15 15:42:18 - [MESSAGE][PASSED] - Object 'Object Repository/IWP30/Page_CCPaymentEntry/UserDefined7' is present

2024-05-15 15:42:18 - [MESSAGE][PASSED] - All options with label 'Orange' are selected in object 'Object Repository/IWP30/Page_CCPaymentEntry/UserDefined7' 

2024-05-15 15:42:19 - [MESSAGE][PASSED] - Object 'Object Repository/IWP30/Page_CCPaymentEntry/UserDefined8' is present

2024-05-15 15:42:19 - [MESSAGE][PASSED] - All options with label 'Tennis' are selected in object 'Object Repository/IWP30/Page_CCPaymentEntry/UserDefined8' 

2024-05-15 15:42:20 - [MESSAGE][PASSED] - Object 'Object Repository/IWP30/Page_CCPaymentEntry/Name' is present

2024-05-15 15:42:20 - [MESSAGE][PASSED] - Text 'Horath Tungsten' is set on object 'Object Repository/IWP30/Page_CCPaymentEntry/Name'

2024-05-15 15:42:21 - [MESSAGE][PASSED] - Object 'Object Repository/IWP30/Page_CCPaymentEntry/CardNumber' is present

2024-05-15 15:42:21 - [MESSAGE][PASSED] - Text '4111111111111111' is set on object 'Object Repository/IWP30/Page_CCPaymentEntry/CardNumber'

2024-05-15 15:42:21 - [MESSAGE][PASSED] - Object 'Object Repository/IWP30/Page_CCPaymentEntry/SPC' is present

2024-05-15 15:42:22 - [MESSAGE][PASSED] - Text '147' is set on object 'Object Repository/IWP30/Page_CCPaymentEntry/SPC'

2024-05-15 15:42:22 - [MESSAGE][PASSED] - Object 'Object Repository/IWP30/Page_CCPaymentEntry/Month' is present

2024-05-15 15:42:23 - [MESSAGE][PASSED] - All options with label '12' are selected in object 'Object Repository/IWP30/Page_CCPaymentEntry/Month' 

2024-05-15 15:42:23 - [MESSAGE][PASSED] - Object 'Object Repository/IWP30/Page_CCPaymentEntry/Year' is present

2024-05-15 15:42:24 - [MESSAGE][PASSED] - All options with label '2025' are selected in object 'Object Repository/IWP30/Page_CCPaymentEntry/Year' 

2024-05-15 15:42:24 - [MESSAGE][PASSED] - Object 'Object Repository/IWP30/Page_CCPaymentEntry/ProcessDate' is present

2024-05-15 15:42:25 - [MESSAGE][PASSED] - Object 'Object Repository/IWP30/Page_CCPaymentEntry/AL1' is present

2024-05-15 15:42:25 - [MESSAGE][PASSED] - Text '9563 Elm Street' is set on object 'Object Repository/IWP30/Page_CCPaymentEntry/AL1'

2024-05-15 15:42:25 - [MESSAGE][PASSED] - Object 'Object Repository/IWP30/Page_CCPaymentEntry/AL2' is present

2024-05-15 15:42:26 - [MESSAGE][PASSED] - Text 'Room 3659' is set on object 'Object Repository/IWP30/Page_CCPaymentEntry/AL2'

2024-05-15 15:42:26 - [MESSAGE][PASSED] - Object 'Object Repository/IWP30/Page_CCPaymentEntry/ZIP' is present

2024-05-15 15:42:27 - [MESSAGE][PASSED] - Text '22201' is set on object 'Object Repository/IWP30/Page_CCPaymentEntry/ZIP'

2024-05-15 15:42:27 - [MESSAGE][PASSED] - Object 'Object Repository/IWP30/Page_CCPaymentEntry/EmailAddress' is present

2024-05-15 15:42:28 - [MESSAGE][PASSED] - Text 'myemail@gmail.com' is set on object 'Object Repository/IWP30/Page_CCPaymentEntry/EmailAddress'

2024-05-15 15:42:28 - [MESSAGE][PASSED] - Object 'Object Repository/IWP30/Page_CCPaymentEntry/TermCondCheckBox' is present

2024-05-15 15:42:29 - [MESSAGE][PASSED] - Object 'Object Repository/IWP30/Page_CCPaymentEntry/TermCondCheckBox' is checked

2024-05-15 15:42:29 - [MESSAGE][PASSED] - Object 'Object Repository/IWP30/Page_CCPaymentEntry/ContinueButton' is present

2024-05-15 15:42:30 - [MESSAGE][PASSED] - Object: 'Object Repository/IWP30/Page_CCPaymentEntry/ContinueButton' is clicked on

2024-05-15 15:42:30 - [MESSAGE][PASSED] - iwpPages.ccPaymentEntryPage.setDataCCPM is PASSED

2024-05-15 15:42:30 - [TEST_STEP][PASSED] - Amount = findTestData("IWPTestData/VerifyUINoCFCCTestData").getValue("CCAmount", row): null

2024-05-15 15:42:30 - [TEST_STEP][PASSED] - UDF2 = findTestData("IWPTestData/VerifyUINoCFCCTestData").getValue("CCUDF2", row): null

2024-05-15 15:42:30 - [TEST_STEP][PASSED] - UDF3 = findTestData("IWPTestData/VerifyUINoCFCCTestData").getValue("CCUDF3", row): null

2024-05-15 15:42:30 - [TEST_STEP][PASSED] - UDF7 = findTestData("IWPTestData/VerifyUINoCFCCTestData").getValue("CCUDF7", row): null

2024-05-15 15:42:30 - [TEST_STEP][PASSED] - UDF8 = findTestData("IWPTestData/VerifyUINoCFCCTestData").getValue("CCUDF8", row): null

2024-05-15 15:42:30 - [TEST_STEP][PASSED] - CName = findTestData("IWPTestData/VerifyUINoCFCCTestData").getValue("CCName", row): null

2024-05-15 15:42:30 - [TEST_STEP][PASSED] - CardType = findTestData("IWPTestData/VerifyUINoCFCCTestData").getValue("VerCardType", row): null

2024-05-15 15:42:31 - [TEST_STEP][PASSED] - Last4 = findTestData("IWPTestData/VerifyUINoCFCCTestData").getValue("VerLast4", row): null

2024-05-15 15:42:31 - [TEST_STEP][PASSED] - CExp = findTestData("IWPTestData/VerifyUINoCFCCTestData").getValue("VerExp", row): null

2024-05-15 15:42:31 - [TEST_STEP][PASSED] - AL1 = findTestData("IWPTestData/VerifyUINoCFCCTestData").getValue("CCAL1", row): null

2024-05-15 15:42:31 - [TEST_STEP][PASSED] - AL2 = findTestData("IWPTestData/VerifyUINoCFCCTestData").getValue("CCAL2", row): null

2024-05-15 15:42:31 - [TEST_STEP][PASSED] - City = findTestData("IWPTestData/VerifyUINoCFCCTestData").getValue("VerCity", row): null

2024-05-15 15:42:31 - [TEST_STEP][PASSED] - State = findTestData("IWPTestData/VerifyUINoCFCCTestData").getValue("VerState", row): null

2024-05-15 15:42:31 - [TEST_STEP][PASSED] - CZIP = findTestData("IWPTestData/VerifyUINoCFCCTestData").getValue("CCZIP", row): null

2024-05-15 15:42:31 - [TEST_STEP][PASSED] - Email = findTestData("IWPTestData/VerifyUINoCFCCTestData").getValue("CCEmail", row): null

2024-05-15 15:42:31 - [TEST_STEP][PASSED] - State2 = findTestData("IWPTestData/VerifyUINoCFCCTestData").getValue("VerState2", row): null

2024-05-15 15:42:31 - [TEST_STEP][PASSED] - CName2 = findTestData("IWPTestData/VerifyUINoCFCCTestData").getValue("VerCCName", row): null

2024-05-15 15:42:31 - [TEST_STEP][PASSED] - verifyTextPresent("Please verify the following information", false): Text 'Please verify the following information' is present on page 

2024-05-15 15:42:31 - [MESSAGE][PASSED] - Text 'Please verify the following information' is present on page 

2024-05-15 15:42:31 - [TEST_STEP][PASSED] - verifyTextPresent("CAN Label", false): Text 'CAN Label' is present on page 

2024-05-15 15:42:31 - [MESSAGE][PASSED] - Text 'CAN Label' is present on page 

2024-05-15 15:42:31 - [TEST_STEP][PASSED] - verifyTextPresent("54654701", false): Text '54654701' is present on page 

2024-05-15 15:42:32 - [MESSAGE][PASSED] - Text '54654701' is present on page 

2024-05-15 15:42:32 - [TEST_STEP][PASSED] - verifyTextPresent("Tax Amount", false): Text 'Tax Amount' is present on page 

2024-05-15 15:42:32 - [MESSAGE][PASSED] - Text 'Tax Amount' is present on page 

2024-05-15 15:42:32 - [TEST_STEP][PASSED] - verifyTextPresent("$0.00", false): Text '$0.00' is present on page 

2024-05-15 15:42:32 - [MESSAGE][PASSED] - Text '$0.00' is present on page 

2024-05-15 15:42:32 - [TEST_STEP][PASSED] - verifyTextPresent("Amount", false): Text 'Amount' is present on page 

2024-05-15 15:42:33 - [MESSAGE][PASSED] - Text 'Amount' is present on page 

2024-05-15 15:42:33 - [TEST_STEP][PASSED] - verifyTextPresent(Amount, false): Text '23.50' is present on page 

2024-05-15 15:42:33 - [MESSAGE][PASSED] - Text '23.50' is present on page 

2024-05-15 15:42:33 - [TEST_STEP][PASSED] - verifyTextPresent("UDF2 Label", false): Text 'UDF2 Label' is present on page 

2024-05-15 15:42:33 - [MESSAGE][PASSED] - Text 'UDF2 Label' is present on page 

2024-05-15 15:42:33 - [TEST_STEP][PASSED] - verifyTextPresent(UDF2, false): Text 'Some Data 2' is present on page 

2024-05-15 15:42:33 - [MESSAGE][PASSED] - Text 'Some Data 2' is present on page 

2024-05-15 15:42:33 - [TEST_STEP][PASSED] - verifyTextPresent("UDF3 Label", false): Text 'UDF3 Label' is present on page 

2024-05-15 15:42:34 - [MESSAGE][PASSED] - Text 'UDF3 Label' is present on page 

2024-05-15 15:42:34 - [TEST_STEP][PASSED] - verifyTextPresent(UDF3, false): Text 'Some Data 3' is present on page 

2024-05-15 15:42:34 - [MESSAGE][PASSED] - Text 'Some Data 3' is present on page 

2024-05-15 15:42:34 - [TEST_STEP][PASSED] - verifyTextPresent("UDF4 Label", false): Text 'UDF4 Label' is present on page 

2024-05-15 15:42:34 - [MESSAGE][PASSED] - Text 'UDF4 Label' is present on page 

2024-05-15 15:42:34 - [TEST_STEP][PASSED] - verifyTextPresent("data 4", false): Text 'data 4' is present on page 

2024-05-15 15:42:34 - [MESSAGE][PASSED] - Text 'data 4' is present on page 

2024-05-15 15:42:34 - [TEST_STEP][PASSED] - verifyTextPresent("UDF6 Label", false): Text 'UDF6 Label' is present on page 

2024-05-15 15:42:35 - [MESSAGE][PASSED] - Text 'UDF6 Label' is present on page 

2024-05-15 15:42:35 - [TEST_STEP][PASSED] - verifyTextPresent("data 6", false): Text 'data 6' is present on page 

2024-05-15 15:42:35 - [MESSAGE][PASSED] - Text 'data 6' is present on page 

2024-05-15 15:42:35 - [TEST_STEP][PASSED] - verifyTextPresent("UDF7 Label", false): Text 'UDF7 Label' is present on page 

2024-05-15 15:42:35 - [MESSAGE][PASSED] - Text 'UDF7 Label' is present on page 

2024-05-15 15:42:35 - [TEST_STEP][PASSED] - verifyTextPresent(UDF7, false): Text 'Orange' is present on page 

2024-05-15 15:42:36 - [MESSAGE][PASSED] - Text 'Orange' is present on page 

2024-05-15 15:42:36 - [TEST_STEP][PASSED] - verifyTextPresent("UDF8 Label", false): Text 'UDF8 Label' is present on page 

2024-05-15 15:42:36 - [MESSAGE][PASSED] - Text 'UDF8 Label' is present on page 

2024-05-15 15:42:36 - [TEST_STEP][PASSED] - verifyTextPresent(UDF8, false): Text 'Tennis' is present on page 

2024-05-15 15:42:36 - [MESSAGE][PASSED] - Text 'Tennis' is present on page 

2024-05-15 15:42:36 - [TEST_STEP][PASSED] - verifyTextPresent("UDF9 Label", false): Text 'UDF9 Label' is present on page 

2024-05-15 15:42:36 - [MESSAGE][PASSED] - Text 'UDF9 Label' is present on page 

2024-05-15 15:42:36 - [TEST_STEP][PASSED] - verifyTextPresent("data 9", false): Text 'data 9' is present on page 

2024-05-15 15:42:37 - [MESSAGE][PASSED] - Text 'data 9' is present on page 

2024-05-15 15:42:37 - [TEST_STEP][PASSED] - verifyTextPresent("Card Information", false): Text 'Card Information' is present on page 

2024-05-15 15:42:37 - [MESSAGE][PASSED] - Text 'Card Information' is present on page 

2024-05-15 15:42:37 - [TEST_STEP][PASSED] - verifyTextPresent("Cardholder's Name", false): Text 'Cardholder's Name' is present on page 

2024-05-15 15:42:37 - [MESSAGE][PASSED] - Text 'Cardholder's Name' is present on page 

2024-05-15 15:42:37 - [TEST_STEP][PASSED] - verifyTextPresent(CName, false): Text 'Horath Tungsten' is present on page 

2024-05-15 15:42:38 - [MESSAGE][PASSED] - Text 'Horath Tungsten' is present on page 

2024-05-15 15:42:38 - [TEST_STEP][PASSED] - verifyTextPresent("Card Type", false): Text 'Card Type' is present on page 

2024-05-15 15:42:38 - [MESSAGE][PASSED] - Text 'Card Type' is present on page 

2024-05-15 15:42:38 - [TEST_STEP][PASSED] - verifyTextPresent(CardType, false): Text 'Visa' is present on page 

2024-05-15 15:42:38 - [MESSAGE][PASSED] - Text 'Visa' is present on page 

2024-05-15 15:42:38 - [TEST_STEP][PASSED] - verifyTextPresent("Card Number", false): Text 'Card Number' is present on page 

2024-05-15 15:42:38 - [MESSAGE][PASSED] - Text 'Card Number' is present on page 

2024-05-15 15:42:38 - [TEST_STEP][PASSED] - verifyTextPresent(Last4, false): Text '1111' is present on page 

2024-05-15 15:42:39 - [MESSAGE][PASSED] - Text '1111' is present on page 

2024-05-15 15:42:39 - [TEST_STEP][PASSED] - verifyTextPresent("Card Security Code", false): Text 'Card Security Code' is present on page 

2024-05-15 15:42:39 - [MESSAGE][PASSED] - Text 'Card Security Code' is present on page 

2024-05-15 15:42:39 - [TEST_STEP][PASSED] - verifyTextPresent("Expiration Date", false): Text 'Expiration Date' is present on page 

2024-05-15 15:42:39 - [MESSAGE][PASSED] - Text 'Expiration Date' is present on page 

2024-05-15 15:42:39 - [TEST_STEP][PASSED] - verifyTextPresent(CExp, false): Text '12/2025' is present on page 

2024-05-15 15:42:39 - [MESSAGE][PASSED] - Text '12/2025' is present on page 

2024-05-15 15:42:39 - [TEST_STEP][PASSED] - verifyTextPresent("Payment Date", false): Text 'Payment Date' is present on page 

2024-05-15 15:42:40 - [MESSAGE][PASSED] - Text 'Payment Date' is present on page 

2024-05-15 15:42:40 - [TEST_STEP][PASSED] - verifyTextPresent("Billing Information", false): Text 'Billing Information' is present on page 

2024-05-15 15:42:40 - [MESSAGE][PASSED] - Text 'Billing Information' is present on page 

2024-05-15 15:42:40 - [TEST_STEP][PASSED] - verifyTextPresent("Address Line 1", false): Text 'Address Line 1' is present on page 

2024-05-15 15:42:40 - [MESSAGE][PASSED] - Text 'Address Line 1' is present on page 

2024-05-15 15:42:40 - [TEST_STEP][PASSED] - verifyTextPresent(AL1, false): Text '9563 Elm Street' is present on page 

2024-05-15 15:42:41 - [MESSAGE][PASSED] - Text '9563 Elm Street' is present on page 

2024-05-15 15:42:41 - [TEST_STEP][PASSED] - verifyTextPresent("Address Line 2", false): Text 'Address Line 2' is present on page 

2024-05-15 15:42:41 - [MESSAGE][PASSED] - Text 'Address Line 2' is present on page 

2024-05-15 15:42:41 - [TEST_STEP][PASSED] - verifyTextPresent(AL2, false): Text 'Room 3659' is present on page 

2024-05-15 15:42:41 - [MESSAGE][PASSED] - Text 'Room 3659' is present on page 

2024-05-15 15:42:41 - [TEST_STEP][PASSED] - verifyTextPresent("Country", false): Text 'Country' is present on page 

2024-05-15 15:42:41 - [MESSAGE][PASSED] - Text 'Country' is present on page 

2024-05-15 15:42:41 - [TEST_STEP][PASSED] - verifyTextPresent("United States", false): Text 'United States' is present on page 

2024-05-15 15:42:42 - [MESSAGE][PASSED] - Text 'United States' is present on page 

2024-05-15 15:42:42 - [TEST_STEP][PASSED] - verifyTextPresent("City", false): Text 'City' is present on page 

2024-05-15 15:42:42 - [MESSAGE][PASSED] - Text 'City' is present on page 

2024-05-15 15:42:42 - [TEST_STEP][PASSED] - verifyTextPresent(City, false): Text 'ARLINGTON' is present on page 

2024-05-15 15:42:42 - [MESSAGE][PASSED] - Text 'ARLINGTON' is present on page 

2024-05-15 15:42:42 - [TEST_STEP][PASSED] - verifyTextPresent("State", false): Text 'State' is present on page 

2024-05-15 15:42:43 - [MESSAGE][PASSED] - Text 'State' is present on page 

2024-05-15 15:42:43 - [TEST_STEP][PASSED] - verifyTextPresent(State, false): Text 'Virginia' is present on page 

2024-05-15 15:42:43 - [MESSAGE][PASSED] - Text 'Virginia' is present on page 

2024-05-15 15:42:43 - [TEST_STEP][PASSED] - verifyTextPresent("ZIP Code", false): Text 'ZIP Code' is present on page 

2024-05-15 15:42:43 - [MESSAGE][PASSED] - Text 'ZIP Code' is present on page 

2024-05-15 15:42:43 - [TEST_STEP][PASSED] - verifyTextPresent(CZIP, false): Text '22201' is present on page 

2024-05-15 15:42:43 - [MESSAGE][PASSED] - Text '22201' is present on page 

2024-05-15 15:42:43 - [TEST_STEP][PASSED] - verifyTextPresent("Email Address", false): Text 'Email Address' is present on page 

2024-05-15 15:42:44 - [MESSAGE][PASSED] - Text 'Email Address' is present on page 

2024-05-15 15:42:44 - [TEST_STEP][PASSED] - verifyTextPresent(Email, false): Text 'myemail@gmail.com' is present on page 

2024-05-15 15:42:44 - [MESSAGE][PASSED] - Text 'myemail@gmail.com' is present on page 

2024-05-15 15:42:44 - [TEST_STEP][PASSED] - verifyTextPresent("Is this information correct", false): Text 'Is this information correct' is present on page 

2024-05-15 15:42:44 - [MESSAGE][PASSED] - Text 'Is this information correct' is present on page 

2024-05-15 15:42:44 - [TEST_STEP][PASSED] - verifyTextPresent("These are CC Custom HTML", false): Text 'These are CC Custom HTML' is present on page 

2024-05-15 15:42:44 - [MESSAGE][PASSED] - Text 'These are CC Custom HTML' is present on page 

2024-05-15 15:42:44 - [TEST_STEP][PASSED] - verifyElementPresent(findTestObject("Object Repository/IWP30/Page_Confirmation/ChangePaymentMethodButton"), 30): Object 'Object Repository/IWP30/Page_Confirmation/ChangePaymentMethodButton' is present

2024-05-15 15:42:45 - [MESSAGE][PASSED] - Object 'Object Repository/IWP30/Page_Confirmation/ChangePaymentMethodButton' is present

2024-05-15 15:42:45 - [TEST_STEP][PASSED] - verifyElementPresent(findTestObject("Object Repository/IWP30/Page_Confirmation/ConfirmButton"), 30): Object 'Object Repository/IWP30/Page_Confirmation/ConfirmButton' is present

2024-05-15 15:42:45 - [MESSAGE][PASSED] - Object 'Object Repository/IWP30/Page_Confirmation/ConfirmButton' is present

2024-05-15 15:42:45 - [TEST_STEP][PASSED] - verifyElementPresent(findTestObject("Object Repository/IWP30/Page_Confirmation/ExitButton"), 30): Object 'Object Repository/IWP30/Page_Confirmation/ExitButton' is present

2024-05-15 15:42:45 - [MESSAGE][PASSED] - Object 'Object Repository/IWP30/Page_Confirmation/ExitButton' is present

2024-05-15 15:42:45 - [TEST_STEP][PASSED] - verifyElementPresent(findTestObject("Object Repository/IWP30/Page_Confirmation/ModifyButton"), 30): Object 'Object Repository/IWP30/Page_Confirmation/ModifyButton' is present

2024-05-15 15:42:46 - [MESSAGE][PASSED] - Object 'Object Repository/IWP30/Page_Confirmation/ModifyButton' is present

2024-05-15 15:42:46 - [TEST_STEP][PASSED] - click(findTestObject("Object Repository/IWP30/Page_Confirmation/ConfirmButton")): Object: 'Object Repository/IWP30/Page_Confirmation/ConfirmButton' is clicked on

2024-05-15 15:42:47 - [MESSAGE][PASSED] - Object: 'Object Repository/IWP30/Page_Confirmation/ConfirmButton' is clicked on

2024-05-15 15:42:47 - [TEST_STEP][PASSED] - Thread.sleep(10000): null

2024-05-15 15:42:57 - [TEST_STEP][PASSED] - verifyTextPresent("Successful Payment Receipt", false): Text 'Successful Payment Receipt' is present on page 

2024-05-15 15:42:57 - [MESSAGE][PASSED] - Text 'Successful Payment Receipt' is present on page 

2024-05-15 15:42:57 - [TEST_STEP][PASSED] - verifyTextPresent("Please print this receipt for your records", false): Text 'Please print this receipt for your records' is present on page 

2024-05-15 15:42:57 - [MESSAGE][PASSED] - Text 'Please print this receipt for your records' is present on page 

2024-05-15 15:42:57 - [TEST_STEP][PASSED] - verifyTextPresent("Remittance ID", false): Text 'Remittance ID' is present on page 

2024-05-15 15:42:58 - [MESSAGE][PASSED] - Text 'Remittance ID' is present on page 

2024-05-15 15:42:58 - [TEST_STEP][PASSED] - verifyTextPresent("CAN Label", false): Text 'CAN Label' is present on page 

2024-05-15 15:42:58 - [MESSAGE][PASSED] - Text 'CAN Label' is present on page 

2024-05-15 15:42:58 - [TEST_STEP][PASSED] - verifyTextPresent("54654701", false): Text '54654701' is present on page 

2024-05-15 15:42:58 - [MESSAGE][PASSED] - Text '54654701' is present on page 

2024-05-15 15:42:58 - [TEST_STEP][PASSED] - verifyTextPresent("Received", false): Text 'Received' is present on page 

2024-05-15 15:42:59 - [MESSAGE][PASSED] - Text 'Received' is present on page 

2024-05-15 15:42:59 - [TEST_STEP][PASSED] - verifyTextPresent("UDF1 Label", false): Text 'UDF1 Label' is present on page 

2024-05-15 15:42:59 - [MESSAGE][PASSED] - Text 'UDF1 Label' is present on page 

2024-05-15 15:42:59 - [TEST_STEP][PASSED] - verifyTextPresent("UDF2 Label", false): Text 'UDF2 Label' is present on page 

2024-05-15 15:42:59 - [MESSAGE][PASSED] - Text 'UDF2 Label' is present on page 

2024-05-15 15:42:59 - [TEST_STEP][PASSED] - verifyTextPresent(UDF2, false): Text 'Some Data 2' is present on page 

2024-05-15 15:42:59 - [MESSAGE][PASSED] - Text 'Some Data 2' is present on page 

2024-05-15 15:42:59 - [TEST_STEP][PASSED] - verifyTextPresent("UDF3 Label", false): Text 'UDF3 Label' is present on page 

2024-05-15 15:43:00 - [MESSAGE][PASSED] - Text 'UDF3 Label' is present on page 

2024-05-15 15:43:00 - [TEST_STEP][PASSED] - verifyTextPresent(UDF3, false): Text 'Some Data 3' is present on page 

2024-05-15 15:43:00 - [MESSAGE][PASSED] - Text 'Some Data 3' is present on page 

2024-05-15 15:43:00 - [TEST_STEP][PASSED] - verifyTextPresent("UDF4 Label", false): Text 'UDF4 Label' is present on page 

2024-05-15 15:43:00 - [MESSAGE][PASSED] - Text 'UDF4 Label' is present on page 

2024-05-15 15:43:00 - [TEST_STEP][PASSED] - verifyTextPresent("data 4", false): Text 'data 4' is present on page 

2024-05-15 15:43:00 - [MESSAGE][PASSED] - Text 'data 4' is present on page 

2024-05-15 15:43:00 - [TEST_STEP][PASSED] - verifyTextPresent("UDF6 Label", false): Text 'UDF6 Label' is present on page 

2024-05-15 15:43:01 - [MESSAGE][PASSED] - Text 'UDF6 Label' is present on page 

2024-05-15 15:43:01 - [TEST_STEP][PASSED] - verifyTextPresent("data 6", false): Text 'data 6' is present on page 

2024-05-15 15:43:01 - [MESSAGE][PASSED] - Text 'data 6' is present on page 

2024-05-15 15:43:01 - [TEST_STEP][PASSED] - verifyTextPresent("UDF7 Label", false): Text 'UDF7 Label' is present on page 

2024-05-15 15:43:01 - [MESSAGE][PASSED] - Text 'UDF7 Label' is present on page 

2024-05-15 15:43:01 - [TEST_STEP][PASSED] - verifyTextPresent(UDF7, false): Text 'Orange' is present on page 

2024-05-15 15:43:01 - [MESSAGE][PASSED] - Text 'Orange' is present on page 

2024-05-15 15:43:01 - [TEST_STEP][PASSED] - verifyTextPresent("UDF8 Label", false): Text 'UDF8 Label' is present on page 

2024-05-15 15:43:02 - [MESSAGE][PASSED] - Text 'UDF8 Label' is present on page 

2024-05-15 15:43:02 - [TEST_STEP][PASSED] - verifyTextPresent(UDF8, false): Text 'Tennis' is present on page 

2024-05-15 15:43:02 - [MESSAGE][PASSED] - Text 'Tennis' is present on page 

2024-05-15 15:43:02 - [TEST_STEP][PASSED] - verifyTextPresent("UDF9 Label", false): Text 'UDF9 Label' is present on page 

2024-05-15 15:43:02 - [MESSAGE][PASSED] - Text 'UDF9 Label' is present on page 

2024-05-15 15:43:02 - [TEST_STEP][PASSED] - verifyTextPresent("data 9", false): Text 'data 9' is present on page 

2024-05-15 15:43:02 - [MESSAGE][PASSED] - Text 'data 9' is present on page 

2024-05-15 15:43:02 - [TEST_STEP][PASSED] - verifyTextPresent("Tax Amount", false): Text 'Tax Amount' is present on page 

2024-05-15 15:43:03 - [MESSAGE][PASSED] - Text 'Tax Amount' is present on page 

2024-05-15 15:43:03 - [TEST_STEP][PASSED] - verifyTextPresent("$0.00", false): Text '$0.00' is present on page 

2024-05-15 15:43:03 - [MESSAGE][PASSED] - Text '$0.00' is present on page 

2024-05-15 15:43:03 - [TEST_STEP][PASSED] - verifyTextPresent("Amount", false): Text 'Amount' is present on page 

2024-05-15 15:43:03 - [MESSAGE][PASSED] - Text 'Amount' is present on page 

2024-05-15 15:43:03 - [TEST_STEP][PASSED] - verifyTextPresent(Amount, false): Text '23.50' is present on page 

2024-05-15 15:43:03 - [MESSAGE][PASSED] - Text '23.50' is present on page 

2024-05-15 15:43:03 - [TEST_STEP][PASSED] - verifyTextPresent("Transaction Type", false): Text 'Transaction Type' is present on page 

2024-05-15 15:43:04 - [MESSAGE][PASSED] - Text 'Transaction Type' is present on page 

2024-05-15 15:43:04 - [TEST_STEP][PASSED] - verifyTextPresent("Authorization and Capture", false): Text 'Authorization and Capture' is present on page 

2024-05-15 15:43:04 - [MESSAGE][PASSED] - Text 'Authorization and Capture' is present on page 

2024-05-15 15:43:04 - [TEST_STEP][PASSED] - verifyTextPresent("Card Information", false): Text 'Card Information' is present on page 

2024-05-15 15:43:04 - [MESSAGE][PASSED] - Text 'Card Information' is present on page 

2024-05-15 15:43:04 - [TEST_STEP][PASSED] - verifyTextPresent(CardType, false): Text 'Visa' is present on page 

2024-05-15 15:43:05 - [MESSAGE][PASSED] - Text 'Visa' is present on page 

2024-05-15 15:43:05 - [TEST_STEP][PASSED] - verifyTextPresent(CName2, false): Text 'HORATH TUNGSTEN' is present on page 

2024-05-15 15:43:05 - [MESSAGE][PASSED] - Text 'HORATH TUNGSTEN' is present on page 

2024-05-15 15:43:05 - [TEST_STEP][PASSED] - verifyTextPresent(Last4, false): Text '1111' is present on page 

2024-05-15 15:43:05 - [MESSAGE][PASSED] - Text '1111' is present on page 

2024-05-15 15:43:05 - [TEST_STEP][PASSED] - verifyTextPresent("Billing Information", false): Text 'Billing Information' is present on page 

2024-05-15 15:43:05 - [MESSAGE][PASSED] - Text 'Billing Information' is present on page 

2024-05-15 15:43:05 - [TEST_STEP][PASSED] - verifyTextPresent("Address Line 1", false): Text 'Address Line 1' is present on page 

2024-05-15 15:43:06 - [MESSAGE][PASSED] - Text 'Address Line 1' is present on page 

2024-05-15 15:43:06 - [TEST_STEP][PASSED] - verifyTextPresent(AL1, false): Text '9563 Elm Street' is present on page 

2024-05-15 15:43:06 - [MESSAGE][PASSED] - Text '9563 Elm Street' is present on page 

2024-05-15 15:43:06 - [TEST_STEP][PASSED] - verifyTextPresent("Address Line 2", false): Text 'Address Line 2' is present on page 

2024-05-15 15:43:06 - [MESSAGE][PASSED] - Text 'Address Line 2' is present on page 

2024-05-15 15:43:06 - [TEST_STEP][PASSED] - verifyTextPresent(AL2, false): Text 'Room 3659' is present on page 

2024-05-15 15:43:06 - [MESSAGE][PASSED] - Text 'Room 3659' is present on page 

2024-05-15 15:43:06 - [TEST_STEP][PASSED] - verifyTextPresent("Country", false): Text 'Country' is present on page 

2024-05-15 15:43:07 - [MESSAGE][PASSED] - Text 'Country' is present on page 

2024-05-15 15:43:07 - [TEST_STEP][PASSED] - verifyTextPresent("United States", false): Text 'United States' is present on page 

2024-05-15 15:43:07 - [MESSAGE][PASSED] - Text 'United States' is present on page 

2024-05-15 15:43:07 - [TEST_STEP][PASSED] - verifyTextPresent("City", false): Text 'City' is present on page 

2024-05-15 15:43:07 - [MESSAGE][PASSED] - Text 'City' is present on page 

2024-05-15 15:43:07 - [TEST_STEP][PASSED] - verifyTextPresent(City, false): Text 'ARLINGTON' is present on page 

2024-05-15 15:43:07 - [MESSAGE][PASSED] - Text 'ARLINGTON' is present on page 

2024-05-15 15:43:07 - [TEST_STEP][PASSED] - verifyTextPresent("State", false): Text 'State' is present on page 

2024-05-15 15:43:08 - [MESSAGE][PASSED] - Text 'State' is present on page 

2024-05-15 15:43:08 - [TEST_STEP][PASSED] - verifyTextPresent(State2, false): Text 'VA' is present on page 

2024-05-15 15:43:08 - [MESSAGE][PASSED] - Text 'VA' is present on page 

2024-05-15 15:43:08 - [TEST_STEP][PASSED] - verifyTextPresent("ZIP Code", false): Text 'ZIP Code' is present on page 

2024-05-15 15:43:08 - [MESSAGE][PASSED] - Text 'ZIP Code' is present on page 

2024-05-15 15:43:08 - [TEST_STEP][PASSED] - verifyTextPresent(CZIP, false): Text '22201' is present on page 

2024-05-15 15:43:08 - [MESSAGE][PASSED] - Text '22201' is present on page 

2024-05-15 15:43:08 - [TEST_STEP][PASSED] - verifyElementPresent(findTestObject("Object Repository/IWP30/Page_Receipt/ExitButton"), 30): Object 'Object Repository/IWP30/Page_Receipt/ExitButton' is present

2024-05-15 15:43:09 - [MESSAGE][PASSED] - Object 'Object Repository/IWP30/Page_Receipt/ExitButton' is present

2024-05-15 15:43:09 - [TEST_STEP][PASSED] - closeBrowser(): Browser is closed

2024-05-15 15:43:10 - [MESSAGE][PASSED] - Browser is closed

2024-05-15 15:43:10 - [TEST_STEP][PASSED] - openBrowser(urlEmulator): Browser is opened with url: 'https://qa2.velocitypayment.com/agency/config.do?action=editor'

2024-05-15 15:43:10 - [MESSAGE][INFO] - Starting 'Chrome' driver

2024-05-15 15:43:10 - [MESSAGE][INFO] - User set preference: ['acceptInsecureCerts', 'true']

2024-05-15 15:43:10 - [MESSAGE][INFO] - Action delay is set to 0 milliseconds

2024-05-15 15:43:12 - [MESSAGE][PASSED] - Browser is opened with url: 'https://qa2.velocitypayment.com/agency/config.do?action=editor'

2024-05-15 15:43:12 - [TEST_STEP][PASSED] - maximizeWindow(): Current window maximized

2024-05-15 15:43:12 - [MESSAGE][PASSED] - Current window maximized

2024-05-15 15:43:12 - [TEST_STEP][PASSED] - iwpPages.emulatorIWP30.setDataEmulatorStandard(): iwpPages.emulatorIWP30.setDataEmulatorStandard is PASSED

2024-05-15 15:43:13 - [MESSAGE][PASSED] - Object 'Object Repository/IWP30/Page_VRelay30Emulator/Amount' is present

2024-05-15 15:43:14 - [MESSAGE][PASSED] - All options with value '3.0' are selected in object 'Object Repository/IWP30/Page_VRelay30Emulator/MV'  using regular expression

2024-05-15 15:43:14 - [MESSAGE][PASSED] - Text '10.50' is set on object 'Object Repository/IWP30/Page_VRelay30Emulator/Amount'

2024-05-15 15:43:15 - [MESSAGE][PASSED] - Text '54654701' is set on object 'Object Repository/IWP30/Page_VRelay30Emulator/CAN'

2024-05-15 15:43:16 - [MESSAGE][PASSED] - Text 'PayNow' is set on object 'Object Repository/IWP30/Page_VRelay30Emulator/Action'

2024-05-15 15:43:16 - [MESSAGE][PASSED] - Text 'en_US' is set on object 'Object Repository/IWP30/Page_VRelay30Emulator/Lang'

2024-05-15 15:43:17 - [MESSAGE][PASSED] - Text '' is set on object 'Object Repository/IWP30/Page_VRelay30Emulator/Fname'

2024-05-15 15:43:18 - [MESSAGE][PASSED] - Text '' is set on object 'Object Repository/IWP30/Page_VRelay30Emulator/Lname'

2024-05-15 15:43:18 - [MESSAGE][PASSED] - Text '' is set on object 'Object Repository/IWP30/Page_VRelay30Emulator/AL1'

2024-05-15 15:43:19 - [MESSAGE][PASSED] - Text '' is set on object 'Object Repository/IWP30/Page_VRelay30Emulator/AL2'

2024-05-15 15:43:19 - [MESSAGE][PASSED] - Text '' is set on object 'Object Repository/IWP30/Page_VRelay30Emulator/Country'

2024-05-15 15:43:20 - [MESSAGE][PASSED] - Text '' is set on object 'Object Repository/IWP30/Page_VRelay30Emulator/City'

2024-05-15 15:43:21 - [MESSAGE][PASSED] - Text '' is set on object 'Object Repository/IWP30/Page_VRelay30Emulator/State'

2024-05-15 15:43:21 - [MESSAGE][PASSED] - Text '' is set on object 'Object Repository/IWP30/Page_VRelay30Emulator/ZIP'

2024-05-15 15:43:22 - [MESSAGE][PASSED] - Text '' is set on object 'Object Repository/IWP30/Page_VRelay30Emulator/Order'

2024-05-15 15:43:22 - [MESSAGE][PASSED] - Text '' is set on object 'Object Repository/IWP30/Page_VRelay30Emulator/Company'

2024-05-15 15:43:23 - [MESSAGE][PASSED] - Text '' is set on object 'Object Repository/IWP30/Page_VRelay30Emulator/Email'

2024-05-15 15:43:24 - [MESSAGE][PASSED] - Text '' is set on object 'Object Repository/IWP30/Page_VRelay30Emulator/UDF1'

2024-05-15 15:43:24 - [MESSAGE][PASSED] - Text '' is set on object 'Object Repository/IWP30/Page_VRelay30Emulator/UDF2'

2024-05-15 15:43:25 - [MESSAGE][PASSED] - Text 'data 3' is set on object 'Object Repository/IWP30/Page_VRelay30Emulator/UDF3'

2024-05-15 15:43:26 - [MESSAGE][PASSED] - Text 'data 4' is set on object 'Object Repository/IWP30/Page_VRelay30Emulator/UDF4'

2024-05-15 15:43:26 - [MESSAGE][PASSED] - Text 'data 5' is set on object 'Object Repository/IWP30/Page_VRelay30Emulator/UDF5'

2024-05-15 15:43:27 - [MESSAGE][PASSED] - Text 'data 6' is set on object 'Object Repository/IWP30/Page_VRelay30Emulator/UDF6'

2024-05-15 15:43:27 - [MESSAGE][PASSED] - Text 'Orange' is set on object 'Object Repository/IWP30/Page_VRelay30Emulator/UDF7'

2024-05-15 15:43:28 - [MESSAGE][PASSED] - Text 'Soccer' is set on object 'Object Repository/IWP30/Page_VRelay30Emulator/UDF8'

2024-05-15 15:43:29 - [MESSAGE][PASSED] - Text 'data 9' is set on object 'Object Repository/IWP30/Page_VRelay30Emulator/UDF9'

2024-05-15 15:43:29 - [MESSAGE][PASSED] - Text 'data 10' is set on object 'Object Repository/IWP30/Page_VRelay30Emulator/UDF10'

2024-05-15 15:43:32 - [MESSAGE][PASSED] - Object: 'Object Repository/IWP30/Page_VRelay30Emulator/Submit' is clicked on

2024-05-15 15:43:38 - [MESSAGE][PASSED] - Browser is closed

2024-05-15 15:43:38 - [MESSAGE][PASSED] - iwpPages.emulatorIWP30.setDataEmulatorStandard is PASSED

2024-05-15 15:43:38 - [TEST_STEP][PASSED] - openBrowser(urlTestHarness): Browser is opened with url: 'https://dev-algorithm.govolution.com/vrelaytest/QA2/version_2_2/vrelaytest.html'

2024-05-15 15:43:38 - [MESSAGE][INFO] - Starting 'Chrome' driver

2024-05-15 15:43:38 - [MESSAGE][INFO] - User set preference: ['acceptInsecureCerts', 'true']

2024-05-15 15:43:38 - [MESSAGE][INFO] - Action delay is set to 0 milliseconds

2024-05-15 15:43:40 - [MESSAGE][PASSED] - Browser is opened with url: 'https://dev-algorithm.govolution.com/vrelaytest/QA2/version_2_2/vrelaytest.html'

2024-05-15 15:43:40 - [TEST_STEP][PASSED] - maximizeWindow(): Current window maximized

2024-05-15 15:43:40 - [MESSAGE][PASSED] - Current window maximized

2024-05-15 15:43:40 - [TEST_STEP][PASSED] - genRemIDVoid = RandomStringUtils.random(12, true, true): null

2024-05-15 15:43:40 - [TEST_STEP][PASSED] - if (verifyElementPresent(findTestObject("Object Repository/IWP30/Page_QATestHarness/RemittanceID"), 30)): null

2024-05-15 15:43:41 - [MESSAGE][PASSED] - Object 'Object Repository/IWP30/Page_QATestHarness/RemittanceID' is present

2024-05-15 15:43:41 - [TEST_STEP][PASSED] - println("We are on Test Harness page, start populating"): null

2024-05-15 15:43:41 - [TEST_STEP][PASSED] - setText(findTestObject("Object Repository/IWP30/Page_QATestHarness/ApplicationID"), "649"): Text '649' is set on object 'Object Repository/IWP30/Page_QATestHarness/ApplicationID'

2024-05-15 15:43:42 - [MESSAGE][PASSED] - Text '649' is set on object 'Object Repository/IWP30/Page_QATestHarness/ApplicationID'

2024-05-15 15:43:42 - [TEST_STEP][PASSED] - setText(findTestObject("Object Repository/IWP30/Page_QATestHarness/MessageVersion"), "3.0"): Text '3.0' is set on object 'Object Repository/IWP30/Page_QATestHarness/MessageVersion'

2024-05-15 15:43:42 - [MESSAGE][PASSED] - Text '3.0' is set on object 'Object Repository/IWP30/Page_QATestHarness/MessageVersion'

2024-05-15 15:43:42 - [TEST_STEP][PASSED] - setText(findTestObject("Object Repository/IWP30/Page_QATestHarness/RemittanceID"), genRemIDVoid): Text 'Ze5StYZqlbdy' is set on object 'Object Repository/IWP30/Page_QATestHarness/RemittanceID'

2024-05-15 15:43:43 - [MESSAGE][PASSED] - Text 'Ze5StYZqlbdy' is set on object 'Object Repository/IWP30/Page_QATestHarness/RemittanceID'

2024-05-15 15:43:43 - [TEST_STEP][PASSED] - click(findTestObject("Object Repository/IWP30/Page_QATestHarness/SubmitButton")): Object: 'Object Repository/IWP30/Page_QATestHarness/SubmitButton' is clicked on

2024-05-15 15:43:44 - [MESSAGE][PASSED] - Object: 'Object Repository/IWP30/Page_QATestHarness/SubmitButton' is clicked on

2024-05-15 15:43:44 - [TEST_STEP][PASSED] - verifyTextPresent("Select Payment Method", false): Text 'Select Payment Method' is present on page 

2024-05-15 15:43:45 - [MESSAGE][PASSED] - Text 'Select Payment Method' is present on page 

2024-05-15 15:43:45 - [TEST_STEP][PASSED] - verifyTextPresent("Please Choose the Method of Payment", false): Text 'Please Choose the Method of Payment' is present on page 

2024-05-15 15:43:45 - [MESSAGE][PASSED] - Text 'Please Choose the Method of Payment' is present on page 

2024-05-15 15:43:45 - [TEST_STEP][PASSED] - verifyElementPresent(findTestObject("Object Repository/IWP30/Page_SelectPaymentMethod/PayByCreditCard"), 30): Object 'Object Repository/IWP30/Page_SelectPaymentMethod/PayByCreditCard' is present

2024-05-15 15:43:45 - [MESSAGE][PASSED] - Object 'Object Repository/IWP30/Page_SelectPaymentMethod/PayByCreditCard' is present

2024-05-15 15:43:45 - [TEST_STEP][PASSED] - verifyElementPresent(findTestObject("Object Repository/IWP30/Page_SelectPaymentMethod/PayByCorporateCheck"), 30): Object 'Object Repository/IWP30/Page_SelectPaymentMethod/PayByCorporateCheck' is present

2024-05-15 15:43:46 - [MESSAGE][PASSED] - Object 'Object Repository/IWP30/Page_SelectPaymentMethod/PayByCorporateCheck' is present

2024-05-15 15:43:46 - [TEST_STEP][PASSED] - verifyElementPresent(findTestObject("Object Repository/IWP30/Page_SelectPaymentMethod/PayByPersonalCheck"), 30): Object 'Object Repository/IWP30/Page_SelectPaymentMethod/PayByPersonalCheck' is present

2024-05-15 15:43:46 - [MESSAGE][PASSED] - Object 'Object Repository/IWP30/Page_SelectPaymentMethod/PayByPersonalCheck' is present

2024-05-15 15:43:46 - [TEST_STEP][PASSED] - verifyElementPresent(findTestObject("Object Repository/IWP30/Page_SelectPaymentMethod/ExitButton"), 30): Object 'Object Repository/IWP30/Page_SelectPaymentMethod/ExitButton' is present

2024-05-15 15:43:46 - [MESSAGE][PASSED] - Object 'Object Repository/IWP30/Page_SelectPaymentMethod/ExitButton' is present

2024-05-15 15:43:46 - [TEST_STEP][PASSED] - if (verifyElementPresent(findTestObject("Object Repository/IWP30/Page_SelectPaymentMethod/PayByCreditCard"), 30)): null

2024-05-15 15:43:47 - [MESSAGE][PASSED] - Object 'Object Repository/IWP30/Page_SelectPaymentMethod/PayByCreditCard' is present

2024-05-15 15:43:47 - [TEST_STEP][PASSED] - println("We are on Select Payment Method page, start populating"): null

2024-05-15 15:43:47 - [TEST_STEP][PASSED] - check(findTestObject("Object Repository/IWP30/Page_SelectPaymentMethod/PayByCreditCard")): Object 'Object Repository/IWP30/Page_SelectPaymentMethod/PayByCreditCard' is checked

2024-05-15 15:43:47 - [MESSAGE][PASSED] - Object 'Object Repository/IWP30/Page_SelectPaymentMethod/PayByCreditCard' is checked

2024-05-15 15:43:47 - [TEST_STEP][PASSED] - Thread.sleep(1000): null

2024-05-15 15:43:48 - [TEST_STEP][PASSED] - click(findTestObject("Object Repository/IWP30/Page_SelectPaymentMethod/MakePaymentButton")): Object: 'Object Repository/IWP30/Page_SelectPaymentMethod/MakePaymentButton' is clicked on

2024-05-15 15:43:49 - [MESSAGE][PASSED] - Object: 'Object Repository/IWP30/Page_SelectPaymentMethod/MakePaymentButton' is clicked on

2024-05-15 15:43:49 - [TEST_STEP][PASSED] - verifyTextPresent("Required fields are highlighted with an asterisk", false): Text 'Required fields are highlighted with an asterisk' is present on page 

2024-05-15 15:43:50 - [MESSAGE][PASSED] - Text 'Required fields are highlighted with an asterisk' is present on page 

2024-05-15 15:43:50 - [TEST_STEP][PASSED] - verifyTextPresent("Please enter the following information about your payment", false): Text 'Please enter the following information about your payment' is present on page 

2024-05-15 15:43:50 - [MESSAGE][PASSED] - Text 'Please enter the following information about your payment' is present on page 

2024-05-15 15:43:50 - [TEST_STEP][PASSED] - verifyTextPresent("CAN Label", false): Text 'CAN Label' is present on page 

2024-05-15 15:43:51 - [MESSAGE][PASSED] - Text 'CAN Label' is present on page 

2024-05-15 15:43:51 - [TEST_STEP][PASSED] - verifyTextPresent("Tax Amount", false): Text 'Tax Amount' is present on page 

2024-05-15 15:43:51 - [MESSAGE][PASSED] - Text 'Tax Amount' is present on page 

2024-05-15 15:43:51 - [TEST_STEP][PASSED] - verifyTextPresent("Amount", false): Text 'Amount' is present on page 

2024-05-15 15:43:51 - [MESSAGE][PASSED] - Text 'Amount' is present on page 

2024-05-15 15:43:51 - [TEST_STEP][PASSED] - verifyTextPresent("UDF1 Label", false): Text 'UDF1 Label' is present on page 

2024-05-15 15:43:52 - [MESSAGE][PASSED] - Text 'UDF1 Label' is present on page 

2024-05-15 15:43:52 - [TEST_STEP][PASSED] - verifyTextPresent("UDF2 Label", false): Text 'UDF2 Label' is present on page 

2024-05-15 15:43:52 - [MESSAGE][PASSED] - Text 'UDF2 Label' is present on page 

2024-05-15 15:43:52 - [TEST_STEP][PASSED] - verifyTextPresent("UDF3 Label", false): Text 'UDF3 Label' is present on page 

2024-05-15 15:43:52 - [MESSAGE][PASSED] - Text 'UDF3 Label' is present on page 

2024-05-15 15:43:52 - [TEST_STEP][PASSED] - verifyTextPresent("UDF4 Label", false): Text 'UDF4 Label' is present on page 

2024-05-15 15:43:52 - [MESSAGE][PASSED] - Text 'UDF4 Label' is present on page 

2024-05-15 15:43:52 - [TEST_STEP][PASSED] - verifyTextPresent("UDF6 Label", false): Text 'UDF6 Label' is present on page 

2024-05-15 15:43:53 - [MESSAGE][PASSED] - Text 'UDF6 Label' is present on page 

2024-05-15 15:43:53 - [TEST_STEP][PASSED] - verifyTextPresent("UDF7 Label", false): Text 'UDF7 Label' is present on page 

2024-05-15 15:43:53 - [MESSAGE][PASSED] - Text 'UDF7 Label' is present on page 

2024-05-15 15:43:53 - [TEST_STEP][PASSED] - verifyTextPresent("UDF8 Label", false): Text 'UDF8 Label' is present on page 

2024-05-15 15:43:53 - [MESSAGE][PASSED] - Text 'UDF8 Label' is present on page 

2024-05-15 15:43:53 - [TEST_STEP][PASSED] - verifyTextPresent("UDF9 Label", false): Text 'UDF9 Label' is present on page 

2024-05-15 15:43:54 - [MESSAGE][PASSED] - Text 'UDF9 Label' is present on page 

2024-05-15 15:43:54 - [TEST_STEP][PASSED] - verifyTextPresent("Please enter the following information about your payment method", false): Text 'Please enter the following information about your payment method' is present on page 

2024-05-15 15:43:54 - [MESSAGE][PASSED] - Text 'Please enter the following information about your payment method' is present on page 

2024-05-15 15:43:54 - [TEST_STEP][PASSED] - verifyTextPresent("Cardholder's Name", false): Text 'Cardholder's Name' is present on page 

2024-05-15 15:43:54 - [MESSAGE][PASSED] - Text 'Cardholder's Name' is present on page 

2024-05-15 15:43:54 - [TEST_STEP][PASSED] - verifyTextPresent("Cards Accepted", false): Text 'Cards Accepted' is present on page 

2024-05-15 15:43:55 - [MESSAGE][PASSED] - Text 'Cards Accepted' is present on page 

2024-05-15 15:43:55 - [TEST_STEP][PASSED] - verifyTextPresent("Card Number", false): Text 'Card Number' is present on page 

2024-05-15 15:43:55 - [MESSAGE][PASSED] - Text 'Card Number' is present on page 

2024-05-15 15:43:55 - [TEST_STEP][PASSED] - verifyTextPresent("Card Security Code", false): Text 'Card Security Code' is present on page 

2024-05-15 15:43:55 - [MESSAGE][PASSED] - Text 'Card Security Code' is present on page 

2024-05-15 15:43:55 - [TEST_STEP][PASSED] - verifyTextPresent("Expiration Date", false): Text 'Expiration Date' is present on page 

2024-05-15 15:43:56 - [MESSAGE][PASSED] - Text 'Expiration Date' is present on page 

2024-05-15 15:43:56 - [TEST_STEP][PASSED] - verifyTextPresent("Payment Date", false): Text 'Payment Date' is present on page 

2024-05-15 15:43:56 - [MESSAGE][PASSED] - Text 'Payment Date' is present on page 

2024-05-15 15:43:56 - [TEST_STEP][PASSED] - verifyTextPresent("Billing Information", false): Text 'Billing Information' is present on page 

2024-05-15 15:43:56 - [MESSAGE][PASSED] - Text 'Billing Information' is present on page 

2024-05-15 15:43:56 - [TEST_STEP][PASSED] - verifyTextPresent("Address Line 1", false): Text 'Address Line 1' is present on page 

2024-05-15 15:43:57 - [MESSAGE][PASSED] - Text 'Address Line 1' is present on page 

2024-05-15 15:43:57 - [TEST_STEP][PASSED] - verifyTextPresent("Address Line 2", false): Text 'Address Line 2' is present on page 

2024-05-15 15:43:57 - [MESSAGE][PASSED] - Text 'Address Line 2' is present on page 

2024-05-15 15:43:57 - [TEST_STEP][PASSED] - verifyTextPresent("Country", false): Text 'Country' is present on page 

2024-05-15 15:43:57 - [MESSAGE][PASSED] - Text 'Country' is present on page 

2024-05-15 15:43:57 - [TEST_STEP][PASSED] - verifyTextPresent("ZIP Code", false): Text 'ZIP Code' is present on page 

2024-05-15 15:43:58 - [MESSAGE][PASSED] - Text 'ZIP Code' is present on page 

2024-05-15 15:43:58 - [TEST_STEP][PASSED] - verifyTextPresent("City", false): Text 'City' is present on page 

2024-05-15 15:43:58 - [MESSAGE][PASSED] - Text 'City' is present on page 

2024-05-15 15:43:58 - [TEST_STEP][PASSED] - verifyTextPresent("State", false): Text 'State' is present on page 

2024-05-15 15:43:58 - [MESSAGE][PASSED] - Text 'State' is present on page 

2024-05-15 15:43:58 - [TEST_STEP][PASSED] - verifyTextPresent("Receipt Information", false): Text 'Receipt Information' is present on page 

2024-05-15 15:43:58 - [MESSAGE][PASSED] - Text 'Receipt Information' is present on page 

2024-05-15 15:43:58 - [TEST_STEP][PASSED] - verifyTextPresent("Email Address", false): Text 'Email Address' is present on page 

2024-05-15 15:43:59 - [MESSAGE][PASSED] - Text 'Email Address' is present on page 

2024-05-15 15:43:59 - [TEST_STEP][PASSED] - verifyTextPresent("Please check here to store the payment method for future use", false): Text 'Please check here to store the payment method for future use' is present on page 

2024-05-15 15:43:59 - [MESSAGE][PASSED] - Text 'Please check here to store the payment method for future use' is present on page 

2024-05-15 15:43:59 - [TEST_STEP][PASSED] - verifyTextPresent("These are Customer CC Terms", false): Text 'These are Customer CC Terms' is present on page 

2024-05-15 15:43:59 - [MESSAGE][PASSED] - Text 'These are Customer CC Terms' is present on page 

2024-05-15 15:43:59 - [TEST_STEP][PASSED] - verifyTextPresent("These are CC Custom HTML", false): Text 'These are CC Custom HTML' is present on page 

2024-05-15 15:44:00 - [MESSAGE][PASSED] - Text 'These are CC Custom HTML' is present on page 

2024-05-15 15:44:00 - [TEST_STEP][PASSED] - verifyTextPresent("54654701", false): Text '54654701' is present on page 

2024-05-15 15:44:00 - [MESSAGE][PASSED] - Text '54654701' is present on page 

2024-05-15 15:44:00 - [TEST_STEP][PASSED] - verifyTextPresent("data 4", false): Text 'data 4' is present on page 

2024-05-15 15:44:00 - [MESSAGE][PASSED] - Text 'data 4' is present on page 

2024-05-15 15:44:00 - [TEST_STEP][PASSED] - verifyTextPresent("data 6", false): Text 'data 6' is present on page 

2024-05-15 15:44:01 - [MESSAGE][PASSED] - Text 'data 6' is present on page 

2024-05-15 15:44:01 - [TEST_STEP][PASSED] - verifyTextPresent("data 9", false): Text 'data 9' is present on page 

2024-05-15 15:44:01 - [MESSAGE][PASSED] - Text 'data 9' is present on page 

2024-05-15 15:44:01 - [TEST_STEP][PASSED] - verifyTextNotPresent("UDF5 Label", false): Text 'UDF5 Label' is not present on page

2024-05-15 15:44:01 - [MESSAGE][PASSED] - Text 'UDF5 Label' is not present on page

2024-05-15 15:44:01 - [TEST_STEP][PASSED] - verifyTextNotPresent("UDF10 Label", false): Text 'UDF10 Label' is not present on page

2024-05-15 15:44:02 - [MESSAGE][PASSED] - Text 'UDF10 Label' is not present on page

2024-05-15 15:44:02 - [TEST_STEP][PASSED] - verifyElementPresent(findTestObject("Object Repository/IWP30/Page_CCPaymentEntry/Amount"), 30): Object 'Object Repository/IWP30/Page_CCPaymentEntry/Amount' is present

2024-05-15 15:44:02 - [MESSAGE][PASSED] - Object 'Object Repository/IWP30/Page_CCPaymentEntry/Amount' is present

2024-05-15 15:44:02 - [TEST_STEP][PASSED] - verifyElementPresent(findTestObject("Object Repository/IWP30/Page_CCPaymentEntry/UserDefined2"), 30): Object 'Object Repository/IWP30/Page_CCPaymentEntry/UserDefined2' is present

2024-05-15 15:44:02 - [MESSAGE][PASSED] - Object 'Object Repository/IWP30/Page_CCPaymentEntry/UserDefined2' is present

2024-05-15 15:44:02 - [TEST_STEP][PASSED] - verifyElementPresent(findTestObject("Object Repository/IWP30/Page_CCPaymentEntry/UserDefined3"), 30): Object 'Object Repository/IWP30/Page_CCPaymentEntry/UserDefined3' is present

2024-05-15 15:44:02 - [MESSAGE][PASSED] - Object 'Object Repository/IWP30/Page_CCPaymentEntry/UserDefined3' is present

2024-05-15 15:44:02 - [TEST_STEP][PASSED] - verifyElementPresent(findTestObject("Object Repository/IWP30/Page_CCPaymentEntry/UserDefined7"), 30): Object 'Object Repository/IWP30/Page_CCPaymentEntry/UserDefined7' is present

2024-05-15 15:44:03 - [MESSAGE][PASSED] - Object 'Object Repository/IWP30/Page_CCPaymentEntry/UserDefined7' is present

2024-05-15 15:44:03 - [TEST_STEP][PASSED] - verifyElementPresent(findTestObject("Object Repository/IWP30/Page_CCPaymentEntry/UserDefined8"), 30): Object 'Object Repository/IWP30/Page_CCPaymentEntry/UserDefined8' is present

2024-05-15 15:44:03 - [MESSAGE][PASSED] - Object 'Object Repository/IWP30/Page_CCPaymentEntry/UserDefined8' is present

2024-05-15 15:44:03 - [TEST_STEP][PASSED] - verifyElementPresent(findTestObject("Object Repository/IWP30/Page_CCPaymentEntry/Name"), 30): Object 'Object Repository/IWP30/Page_CCPaymentEntry/Name' is present

2024-05-15 15:44:03 - [MESSAGE][PASSED] - Object 'Object Repository/IWP30/Page_CCPaymentEntry/Name' is present

2024-05-15 15:44:03 - [TEST_STEP][PASSED] - verifyElementPresent(findTestObject("Object Repository/IWP30/Page_CCPaymentEntry/CardNumber"), 30): Object 'Object Repository/IWP30/Page_CCPaymentEntry/CardNumber' is present

2024-05-15 15:44:04 - [MESSAGE][PASSED] - Object 'Object Repository/IWP30/Page_CCPaymentEntry/CardNumber' is present

2024-05-15 15:44:04 - [TEST_STEP][PASSED] - verifyElementPresent(findTestObject("Object Repository/IWP30/Page_CCPaymentEntry/SPC"), 30): Object 'Object Repository/IWP30/Page_CCPaymentEntry/SPC' is present

2024-05-15 15:44:04 - [MESSAGE][PASSED] - Object 'Object Repository/IWP30/Page_CCPaymentEntry/SPC' is present

2024-05-15 15:44:04 - [TEST_STEP][PASSED] - verifyElementPresent(findTestObject("Object Repository/IWP30/Page_CCPaymentEntry/Month"), 30): Object 'Object Repository/IWP30/Page_CCPaymentEntry/Month' is present

2024-05-15 15:44:04 - [MESSAGE][PASSED] - Object 'Object Repository/IWP30/Page_CCPaymentEntry/Month' is present

2024-05-15 15:44:04 - [TEST_STEP][PASSED] - verifyElementPresent(findTestObject("Object Repository/IWP30/Page_CCPaymentEntry/Year"), 30): Object 'Object Repository/IWP30/Page_CCPaymentEntry/Year' is present

2024-05-15 15:44:05 - [MESSAGE][PASSED] - Object 'Object Repository/IWP30/Page_CCPaymentEntry/Year' is present

2024-05-15 15:44:05 - [TEST_STEP][PASSED] - verifyElementPresent(findTestObject("Object Repository/IWP30/Page_CCPaymentEntry/ProcessDate"), 30): Object 'Object Repository/IWP30/Page_CCPaymentEntry/ProcessDate' is present

2024-05-15 15:44:05 - [MESSAGE][PASSED] - Object 'Object Repository/IWP30/Page_CCPaymentEntry/ProcessDate' is present

2024-05-15 15:44:05 - [TEST_STEP][PASSED] - verifyElementPresent(findTestObject("Object Repository/IWP30/Page_CCPaymentEntry/AL1"), 30): Object 'Object Repository/IWP30/Page_CCPaymentEntry/AL1' is present

2024-05-15 15:44:05 - [MESSAGE][PASSED] - Object 'Object Repository/IWP30/Page_CCPaymentEntry/AL1' is present

2024-05-15 15:44:05 - [TEST_STEP][PASSED] - verifyElementPresent(findTestObject("Object Repository/IWP30/Page_CCPaymentEntry/AL2"), 30): Object 'Object Repository/IWP30/Page_CCPaymentEntry/AL2' is present

2024-05-15 15:44:05 - [MESSAGE][PASSED] - Object 'Object Repository/IWP30/Page_CCPaymentEntry/AL2' is present

2024-05-15 15:44:05 - [TEST_STEP][PASSED] - verifyElementPresent(findTestObject("Object Repository/IWP30/Page_CCPaymentEntry/CountryDropDown"), 30): Object 'Object Repository/IWP30/Page_CCPaymentEntry/CountryDropDown' is present

2024-05-15 15:44:06 - [MESSAGE][PASSED] - Object 'Object Repository/IWP30/Page_CCPaymentEntry/CountryDropDown' is present

2024-05-15 15:44:06 - [TEST_STEP][PASSED] - verifyElementPresent(findTestObject("Object Repository/IWP30/Page_CCPaymentEntry/ZIP"), 30): Object 'Object Repository/IWP30/Page_CCPaymentEntry/ZIP' is present

2024-05-15 15:44:06 - [MESSAGE][PASSED] - Object 'Object Repository/IWP30/Page_CCPaymentEntry/ZIP' is present

2024-05-15 15:44:06 - [TEST_STEP][PASSED] - verifyElementPresent(findTestObject("Object Repository/IWP30/Page_CCPaymentEntry/City"), 30): Object 'Object Repository/IWP30/Page_CCPaymentEntry/City' is present

2024-05-15 15:44:06 - [MESSAGE][PASSED] - Object 'Object Repository/IWP30/Page_CCPaymentEntry/City' is present

2024-05-15 15:44:06 - [TEST_STEP][PASSED] - verifyElementPresent(findTestObject("Object Repository/IWP30/Page_CCPaymentEntry/State"), 30): Object 'Object Repository/IWP30/Page_CCPaymentEntry/State' is present

2024-05-15 15:44:07 - [MESSAGE][PASSED] - Object 'Object Repository/IWP30/Page_CCPaymentEntry/State' is present

2024-05-15 15:44:07 - [TEST_STEP][PASSED] - verifyElementPresent(findTestObject("Object Repository/IWP30/Page_CCPaymentEntry/EmailAddress"), 30): Object 'Object Repository/IWP30/Page_CCPaymentEntry/EmailAddress' is present

2024-05-15 15:44:07 - [MESSAGE][PASSED] - Object 'Object Repository/IWP30/Page_CCPaymentEntry/EmailAddress' is present

2024-05-15 15:44:07 - [TEST_STEP][PASSED] - verifyElementPresent(findTestObject("Object Repository/IWP30/Page_CCPaymentEntry/StorePaymentMethodCheckBox"), 30): Object 'Object Repository/IWP30/Page_CCPaymentEntry/StorePaymentMethodCheckBox' is present

2024-05-15 15:44:07 - [MESSAGE][PASSED] - Object 'Object Repository/IWP30/Page_CCPaymentEntry/StorePaymentMethodCheckBox' is present

2024-05-15 15:44:07 - [TEST_STEP][PASSED] - verifyElementPresent(findTestObject("Object Repository/IWP30/Page_CCPaymentEntry/TermCondCheckBox"), 30): Object 'Object Repository/IWP30/Page_CCPaymentEntry/TermCondCheckBox' is present

2024-05-15 15:44:08 - [MESSAGE][PASSED] - Object 'Object Repository/IWP30/Page_CCPaymentEntry/TermCondCheckBox' is present

2024-05-15 15:44:08 - [TEST_STEP][PASSED] - verifyElementPresent(findTestObject("Object Repository/IWP30/Page_CCPaymentEntry/ContinueButton"), 30): Object 'Object Repository/IWP30/Page_CCPaymentEntry/ContinueButton' is present

2024-05-15 15:44:08 - [MESSAGE][PASSED] - Object 'Object Repository/IWP30/Page_CCPaymentEntry/ContinueButton' is present

2024-05-15 15:44:08 - [TEST_STEP][PASSED] - verifyElementPresent(findTestObject("Object Repository/IWP30/Page_CCPaymentEntry/ChangePaymentMethodButton"), 30): Object 'Object Repository/IWP30/Page_CCPaymentEntry/ChangePaymentMethodButton' is present

2024-05-15 15:44:08 - [MESSAGE][PASSED] - Object 'Object Repository/IWP30/Page_CCPaymentEntry/ChangePaymentMethodButton' is present

2024-05-15 15:44:08 - [TEST_STEP][PASSED] - verifyElementPresent(findTestObject("Object Repository/IWP30/Page_CCPaymentEntry/ExitButton"), 30): Object 'Object Repository/IWP30/Page_CCPaymentEntry/ExitButton' is present

2024-05-15 15:44:08 - [MESSAGE][PASSED] - Object 'Object Repository/IWP30/Page_CCPaymentEntry/ExitButton' is present

2024-05-15 15:44:08 - [TEST_STEP][PASSED] - iwpPages.ccPaymentEntryPage.setDataCCPM(row, dataFile): iwpPages.ccPaymentEntryPage.setDataCCPM is PASSED

2024-05-15 15:44:09 - [MESSAGE][PASSED] - Object 'Object Repository/IWP30/Page_CCPaymentEntry/Name' is present

2024-05-15 15:44:10 - [MESSAGE][PASSED] - Object 'Object Repository/IWP30/Page_CCPaymentEntry/Amount' is present

2024-05-15 15:44:10 - [MESSAGE][PASSED] - Text '27.50' is set on object 'Object Repository/IWP30/Page_CCPaymentEntry/Amount'

2024-05-15 15:44:11 - [MESSAGE][PASSED] - Object 'Object Repository/IWP30/Page_CCPaymentEntry/UserDefined2' is present

2024-05-15 15:44:11 - [MESSAGE][PASSED] - Text 'Agneepath' is set on object 'Object Repository/IWP30/Page_CCPaymentEntry/UserDefined2'

2024-05-15 15:44:12 - [MESSAGE][PASSED] - Object 'Object Repository/IWP30/Page_CCPaymentEntry/UserDefined3' is present

2024-05-15 15:44:12 - [MESSAGE][PASSED] - Text 'Kaho Na' is set on object 'Object Repository/IWP30/Page_CCPaymentEntry/UserDefined3'

2024-05-15 15:44:13 - [MESSAGE][PASSED] - Object 'Object Repository/IWP30/Page_CCPaymentEntry/UserDefined7' is present

2024-05-15 15:44:13 - [MESSAGE][PASSED] - All options with label 'Purple' are selected in object 'Object Repository/IWP30/Page_CCPaymentEntry/UserDefined7' 

2024-05-15 15:44:13 - [MESSAGE][PASSED] - Object 'Object Repository/IWP30/Page_CCPaymentEntry/UserDefined8' is present

2024-05-15 15:44:14 - [MESSAGE][PASSED] - All options with label 'Soccer' are selected in object 'Object Repository/IWP30/Page_CCPaymentEntry/UserDefined8' 

2024-05-15 15:44:14 - [MESSAGE][PASSED] - Object 'Object Repository/IWP30/Page_CCPaymentEntry/Name' is present

2024-05-15 15:44:15 - [MESSAGE][PASSED] - Text 'Hritik Roshan' is set on object 'Object Repository/IWP30/Page_CCPaymentEntry/Name'

2024-05-15 15:44:15 - [MESSAGE][PASSED] - Object 'Object Repository/IWP30/Page_CCPaymentEntry/CardNumber' is present

2024-05-15 15:44:16 - [MESSAGE][PASSED] - Text '5424000000000015' is set on object 'Object Repository/IWP30/Page_CCPaymentEntry/CardNumber'

2024-05-15 15:44:16 - [MESSAGE][PASSED] - Object 'Object Repository/IWP30/Page_CCPaymentEntry/SPC' is present

2024-05-15 15:44:17 - [MESSAGE][PASSED] - Text '159' is set on object 'Object Repository/IWP30/Page_CCPaymentEntry/SPC'

2024-05-15 15:44:17 - [MESSAGE][PASSED] - Object 'Object Repository/IWP30/Page_CCPaymentEntry/Month' is present

2024-05-15 15:44:18 - [MESSAGE][PASSED] - All options with label '06' are selected in object 'Object Repository/IWP30/Page_CCPaymentEntry/Month' 

2024-05-15 15:44:18 - [MESSAGE][PASSED] - Object 'Object Repository/IWP30/Page_CCPaymentEntry/Year' is present

2024-05-15 15:44:19 - [MESSAGE][PASSED] - All options with label '2026' are selected in object 'Object Repository/IWP30/Page_CCPaymentEntry/Year' 

2024-05-15 15:44:19 - [MESSAGE][PASSED] - Object 'Object Repository/IWP30/Page_CCPaymentEntry/ProcessDate' is present

2024-05-15 15:44:19 - [MESSAGE][PASSED] - Object 'Object Repository/IWP30/Page_CCPaymentEntry/AL1' is present

2024-05-15 15:44:20 - [MESSAGE][PASSED] - Text '1638 Juhu road' is set on object 'Object Repository/IWP30/Page_CCPaymentEntry/AL1'

2024-05-15 15:44:20 - [MESSAGE][PASSED] - Object 'Object Repository/IWP30/Page_CCPaymentEntry/AL2' is present

2024-05-15 15:44:21 - [MESSAGE][PASSED] - Text 'Build 99' is set on object 'Object Repository/IWP30/Page_CCPaymentEntry/AL2'

2024-05-15 15:44:21 - [MESSAGE][PASSED] - Object 'Object Repository/IWP30/Page_CCPaymentEntry/ZIP' is present

2024-05-15 15:44:22 - [MESSAGE][PASSED] - Text '21054' is set on object 'Object Repository/IWP30/Page_CCPaymentEntry/ZIP'

2024-05-15 15:44:22 - [MESSAGE][PASSED] - Object 'Object Repository/IWP30/Page_CCPaymentEntry/EmailAddress' is present

2024-05-15 15:44:23 - [MESSAGE][PASSED] - Text 'youremail@gmail.com' is set on object 'Object Repository/IWP30/Page_CCPaymentEntry/EmailAddress'

2024-05-15 15:44:23 - [MESSAGE][PASSED] - Object 'Object Repository/IWP30/Page_CCPaymentEntry/TermCondCheckBox' is present

2024-05-15 15:44:24 - [MESSAGE][PASSED] - Object 'Object Repository/IWP30/Page_CCPaymentEntry/TermCondCheckBox' is checked

2024-05-15 15:44:24 - [MESSAGE][PASSED] - Object 'Object Repository/IWP30/Page_CCPaymentEntry/ContinueButton' is present

2024-05-15 15:44:25 - [MESSAGE][PASSED] - Object: 'Object Repository/IWP30/Page_CCPaymentEntry/ContinueButton' is clicked on

2024-05-15 15:44:25 - [MESSAGE][PASSED] - iwpPages.ccPaymentEntryPage.setDataCCPM is PASSED

2024-05-15 15:44:25 - [TEST_STEP][PASSED] - Amount = findTestData("IWPTestData/VerifyUINoCFCCTestData").getValue("CCAmount", row): null

2024-05-15 15:44:25 - [TEST_STEP][PASSED] - UDF2 = findTestData("IWPTestData/VerifyUINoCFCCTestData").getValue("CCUDF2", row): null

2024-05-15 15:44:25 - [TEST_STEP][PASSED] - UDF3 = findTestData("IWPTestData/VerifyUINoCFCCTestData").getValue("CCUDF3", row): null

2024-05-15 15:44:25 - [TEST_STEP][PASSED] - UDF7 = findTestData("IWPTestData/VerifyUINoCFCCTestData").getValue("CCUDF7", row): null

2024-05-15 15:44:25 - [TEST_STEP][PASSED] - UDF8 = findTestData("IWPTestData/VerifyUINoCFCCTestData").getValue("CCUDF8", row): null

2024-05-15 15:44:25 - [TEST_STEP][PASSED] - CName = findTestData("IWPTestData/VerifyUINoCFCCTestData").getValue("CCName", row): null

2024-05-15 15:44:25 - [TEST_STEP][PASSED] - CardType = findTestData("IWPTestData/VerifyUINoCFCCTestData").getValue("VerCardType", row): null

2024-05-15 15:44:25 - [TEST_STEP][PASSED] - Last4 = findTestData("IWPTestData/VerifyUINoCFCCTestData").getValue("VerLast4", row): null

2024-05-15 15:44:25 - [TEST_STEP][PASSED] - CExp = findTestData("IWPTestData/VerifyUINoCFCCTestData").getValue("VerExp", row): null

2024-05-15 15:44:25 - [TEST_STEP][PASSED] - AL1 = findTestData("IWPTestData/VerifyUINoCFCCTestData").getValue("CCAL1", row): null

2024-05-15 15:44:25 - [TEST_STEP][PASSED] - AL2 = findTestData("IWPTestData/VerifyUINoCFCCTestData").getValue("CCAL2", row): null

2024-05-15 15:44:25 - [TEST_STEP][PASSED] - City = findTestData("IWPTestData/VerifyUINoCFCCTestData").getValue("VerCity", row): null

2024-05-15 15:44:25 - [TEST_STEP][PASSED] - State = findTestData("IWPTestData/VerifyUINoCFCCTestData").getValue("VerState", row): null

2024-05-15 15:44:25 - [TEST_STEP][PASSED] - CZIP = findTestData("IWPTestData/VerifyUINoCFCCTestData").getValue("CCZIP", row): null

2024-05-15 15:44:25 - [TEST_STEP][PASSED] - Email = findTestData("IWPTestData/VerifyUINoCFCCTestData").getValue("CCEmail", row): null

2024-05-15 15:44:25 - [TEST_STEP][PASSED] - State2 = findTestData("IWPTestData/VerifyUINoCFCCTestData").getValue("VerState2", row): null

2024-05-15 15:44:26 - [TEST_STEP][PASSED] - CName2 = findTestData("IWPTestData/VerifyUINoCFCCTestData").getValue("VerCCName", row): null

2024-05-15 15:44:26 - [TEST_STEP][PASSED] - verifyTextPresent("Please verify the following information", false): Text 'Please verify the following information' is present on page 

2024-05-15 15:44:26 - [MESSAGE][PASSED] - Text 'Please verify the following information' is present on page 

2024-05-15 15:44:26 - [TEST_STEP][PASSED] - verifyTextPresent("CAN Label", false): Text 'CAN Label' is present on page 

2024-05-15 15:44:26 - [MESSAGE][PASSED] - Text 'CAN Label' is present on page 

2024-05-15 15:44:26 - [TEST_STEP][PASSED] - verifyTextPresent("54654701", false): Text '54654701' is present on page 

2024-05-15 15:44:26 - [MESSAGE][PASSED] - Text '54654701' is present on page 

2024-05-15 15:44:26 - [TEST_STEP][PASSED] - verifyTextPresent("Tax Amount", false): Text 'Tax Amount' is present on page 

2024-05-15 15:44:27 - [MESSAGE][PASSED] - Text 'Tax Amount' is present on page 

2024-05-15 15:44:27 - [TEST_STEP][PASSED] - verifyTextPresent("$0.00", false): Text '$0.00' is present on page 

2024-05-15 15:44:27 - [MESSAGE][PASSED] - Text '$0.00' is present on page 

2024-05-15 15:44:27 - [TEST_STEP][PASSED] - verifyTextPresent("Amount", false): Text 'Amount' is present on page 

2024-05-15 15:44:27 - [MESSAGE][PASSED] - Text 'Amount' is present on page 

2024-05-15 15:44:27 - [TEST_STEP][PASSED] - verifyTextPresent(Amount, false): Text '27.50' is present on page 

2024-05-15 15:44:27 - [MESSAGE][PASSED] - Text '27.50' is present on page 

2024-05-15 15:44:27 - [TEST_STEP][PASSED] - verifyTextPresent("UDF2 Label", false): Text 'UDF2 Label' is present on page 

2024-05-15 15:44:28 - [MESSAGE][PASSED] - Text 'UDF2 Label' is present on page 

2024-05-15 15:44:28 - [TEST_STEP][PASSED] - verifyTextPresent(UDF2, false): Text 'Agneepath' is present on page 

2024-05-15 15:44:28 - [MESSAGE][PASSED] - Text 'Agneepath' is present on page 

2024-05-15 15:44:28 - [TEST_STEP][PASSED] - verifyTextPresent("UDF3 Label", false): Text 'UDF3 Label' is present on page 

2024-05-15 15:44:28 - [MESSAGE][PASSED] - Text 'UDF3 Label' is present on page 

2024-05-15 15:44:28 - [TEST_STEP][PASSED] - verifyTextPresent(UDF3, false): Text 'Kaho Na' is present on page 

2024-05-15 15:44:29 - [MESSAGE][PASSED] - Text 'Kaho Na' is present on page 

2024-05-15 15:44:29 - [TEST_STEP][PASSED] - verifyTextPresent("UDF4 Label", false): Text 'UDF4 Label' is present on page 

2024-05-15 15:44:29 - [MESSAGE][PASSED] - Text 'UDF4 Label' is present on page 

2024-05-15 15:44:29 - [TEST_STEP][PASSED] - verifyTextPresent("data 4", false): Text 'data 4' is present on page 

2024-05-15 15:44:29 - [MESSAGE][PASSED] - Text 'data 4' is present on page 

2024-05-15 15:44:29 - [TEST_STEP][PASSED] - verifyTextPresent("UDF6 Label", false): Text 'UDF6 Label' is present on page 

2024-05-15 15:44:29 - [MESSAGE][PASSED] - Text 'UDF6 Label' is present on page 

2024-05-15 15:44:29 - [TEST_STEP][PASSED] - verifyTextPresent("data 6", false): Text 'data 6' is present on page 

2024-05-15 15:44:30 - [MESSAGE][PASSED] - Text 'data 6' is present on page 

2024-05-15 15:44:30 - [TEST_STEP][PASSED] - verifyTextPresent("UDF7 Label", false): Text 'UDF7 Label' is present on page 

2024-05-15 15:44:30 - [MESSAGE][PASSED] - Text 'UDF7 Label' is present on page 

2024-05-15 15:44:30 - [TEST_STEP][PASSED] - verifyTextPresent(UDF7, false): Text 'Purple' is present on page 

2024-05-15 15:44:30 - [MESSAGE][PASSED] - Text 'Purple' is present on page 

2024-05-15 15:44:30 - [TEST_STEP][PASSED] - verifyTextPresent("UDF8 Label", false): Text 'UDF8 Label' is present on page 

2024-05-15 15:44:31 - [MESSAGE][PASSED] - Text 'UDF8 Label' is present on page 

2024-05-15 15:44:31 - [TEST_STEP][PASSED] - verifyTextPresent(UDF8, false): Text 'Soccer' is present on page 

2024-05-15 15:44:31 - [MESSAGE][PASSED] - Text 'Soccer' is present on page 

2024-05-15 15:44:31 - [TEST_STEP][PASSED] - verifyTextPresent("UDF9 Label", false): Text 'UDF9 Label' is present on page 

2024-05-15 15:44:31 - [MESSAGE][PASSED] - Text 'UDF9 Label' is present on page 

2024-05-15 15:44:31 - [TEST_STEP][PASSED] - verifyTextPresent("data 9", false): Text 'data 9' is present on page 

2024-05-15 15:44:31 - [MESSAGE][PASSED] - Text 'data 9' is present on page 

2024-05-15 15:44:31 - [TEST_STEP][PASSED] - verifyTextPresent("Card Information", false): Text 'Card Information' is present on page 

2024-05-15 15:44:32 - [MESSAGE][PASSED] - Text 'Card Information' is present on page 

2024-05-15 15:44:32 - [TEST_STEP][PASSED] - verifyTextPresent("Cardholder's Name", false): Text 'Cardholder's Name' is present on page 

2024-05-15 15:44:32 - [MESSAGE][PASSED] - Text 'Cardholder's Name' is present on page 

2024-05-15 15:44:32 - [TEST_STEP][PASSED] - verifyTextPresent(CName, false): Text 'Hritik Roshan' is present on page 

2024-05-15 15:44:32 - [MESSAGE][PASSED] - Text 'Hritik Roshan' is present on page 

2024-05-15 15:44:32 - [TEST_STEP][PASSED] - verifyTextPresent("Card Type", false): Text 'Card Type' is present on page 

2024-05-15 15:44:33 - [MESSAGE][PASSED] - Text 'Card Type' is present on page 

2024-05-15 15:44:33 - [TEST_STEP][PASSED] - verifyTextPresent(CardType, false): Text 'MasterCard' is present on page 

2024-05-15 15:44:33 - [MESSAGE][PASSED] - Text 'MasterCard' is present on page 

2024-05-15 15:44:33 - [TEST_STEP][PASSED] - verifyTextPresent("Card Number", false): Text 'Card Number' is present on page 

2024-05-15 15:44:33 - [MESSAGE][PASSED] - Text 'Card Number' is present on page 

2024-05-15 15:44:33 - [TEST_STEP][PASSED] - verifyTextPresent(Last4, false): Text '0015' is present on page 

2024-05-15 15:44:33 - [MESSAGE][PASSED] - Text '0015' is present on page 

2024-05-15 15:44:33 - [TEST_STEP][PASSED] - verifyTextPresent("Card Security Code", false): Text 'Card Security Code' is present on page 

2024-05-15 15:44:34 - [MESSAGE][PASSED] - Text 'Card Security Code' is present on page 

2024-05-15 15:44:34 - [TEST_STEP][PASSED] - verifyTextPresent("Expiration Date", false): Text 'Expiration Date' is present on page 

2024-05-15 15:44:34 - [MESSAGE][PASSED] - Text 'Expiration Date' is present on page 

2024-05-15 15:44:34 - [TEST_STEP][PASSED] - verifyTextPresent(CExp, false): Text '6/2026' is present on page 

2024-05-15 15:44:34 - [MESSAGE][PASSED] - Text '6/2026' is present on page 

2024-05-15 15:44:34 - [TEST_STEP][PASSED] - verifyTextPresent("Payment Date", false): Text 'Payment Date' is present on page 

2024-05-15 15:44:34 - [MESSAGE][PASSED] - Text 'Payment Date' is present on page 

2024-05-15 15:44:34 - [TEST_STEP][PASSED] - verifyTextPresent("Billing Information", false): Text 'Billing Information' is present on page 

2024-05-15 15:44:35 - [MESSAGE][PASSED] - Text 'Billing Information' is present on page 

2024-05-15 15:44:35 - [TEST_STEP][PASSED] - verifyTextPresent("Address Line 1", false): Text 'Address Line 1' is present on page 

2024-05-15 15:44:35 - [MESSAGE][PASSED] - Text 'Address Line 1' is present on page 

2024-05-15 15:44:35 - [TEST_STEP][PASSED] - verifyTextPresent(AL1, false): Text '1638 Juhu road' is present on page 

2024-05-15 15:44:35 - [MESSAGE][PASSED] - Text '1638 Juhu road' is present on page 

2024-05-15 15:44:35 - [TEST_STEP][PASSED] - verifyTextPresent("Address Line 2", false): Text 'Address Line 2' is present on page 

2024-05-15 15:44:36 - [MESSAGE][PASSED] - Text 'Address Line 2' is present on page 

2024-05-15 15:44:36 - [TEST_STEP][PASSED] - verifyTextPresent(AL2, false): Text 'Build 99' is present on page 

2024-05-15 15:44:36 - [MESSAGE][PASSED] - Text 'Build 99' is present on page 

2024-05-15 15:44:36 - [TEST_STEP][PASSED] - verifyTextPresent("Country", false): Text 'Country' is present on page 

2024-05-15 15:44:36 - [MESSAGE][PASSED] - Text 'Country' is present on page 

2024-05-15 15:44:36 - [TEST_STEP][PASSED] - verifyTextPresent("United States", false): Text 'United States' is present on page 

2024-05-15 15:44:36 - [MESSAGE][PASSED] - Text 'United States' is present on page 

2024-05-15 15:44:36 - [TEST_STEP][PASSED] - verifyTextPresent("City", false): Text 'City' is present on page 

2024-05-15 15:44:37 - [MESSAGE][PASSED] - Text 'City' is present on page 

2024-05-15 15:44:37 - [TEST_STEP][PASSED] - verifyTextPresent(City, false): Text 'GAMBRILLS' is present on page 

2024-05-15 15:44:37 - [MESSAGE][PASSED] - Text 'GAMBRILLS' is present on page 

2024-05-15 15:44:37 - [TEST_STEP][PASSED] - verifyTextPresent("State", false): Text 'State' is present on page 

2024-05-15 15:44:37 - [MESSAGE][PASSED] - Text 'State' is present on page 

2024-05-15 15:44:37 - [TEST_STEP][PASSED] - verifyTextPresent(State, false): Text 'Maryland' is present on page 

2024-05-15 15:44:38 - [MESSAGE][PASSED] - Text 'Maryland' is present on page 

2024-05-15 15:44:38 - [TEST_STEP][PASSED] - verifyTextPresent("ZIP Code", false): Text 'ZIP Code' is present on page 

2024-05-15 15:44:38 - [MESSAGE][PASSED] - Text 'ZIP Code' is present on page 

2024-05-15 15:44:38 - [TEST_STEP][PASSED] - verifyTextPresent(CZIP, false): Text '21054' is present on page 

2024-05-15 15:44:38 - [MESSAGE][PASSED] - Text '21054' is present on page 

2024-05-15 15:44:38 - [TEST_STEP][PASSED] - verifyTextPresent("Email Address", false): Text 'Email Address' is present on page 

2024-05-15 15:44:38 - [MESSAGE][PASSED] - Text 'Email Address' is present on page 

2024-05-15 15:44:38 - [TEST_STEP][PASSED] - verifyTextPresent(Email, false): Text 'youremail@gmail.com' is present on page 

2024-05-15 15:44:39 - [MESSAGE][PASSED] - Text 'youremail@gmail.com' is present on page 

2024-05-15 15:44:39 - [TEST_STEP][PASSED] - verifyTextPresent("Is this information correct", false): Text 'Is this information correct' is present on page 

2024-05-15 15:44:39 - [MESSAGE][PASSED] - Text 'Is this information correct' is present on page 

2024-05-15 15:44:39 - [TEST_STEP][PASSED] - verifyTextPresent("These are CC Custom HTML", false): Text 'These are CC Custom HTML' is present on page 

2024-05-15 15:44:39 - [MESSAGE][PASSED] - Text 'These are CC Custom HTML' is present on page 

2024-05-15 15:44:39 - [TEST_STEP][PASSED] - verifyElementPresent(findTestObject("Object Repository/IWP30/Page_Confirmation/ChangePaymentMethodButton"), 30): Object 'Object Repository/IWP30/Page_Confirmation/ChangePaymentMethodButton' is present

2024-05-15 15:44:39 - [MESSAGE][PASSED] - Object 'Object Repository/IWP30/Page_Confirmation/ChangePaymentMethodButton' is present

2024-05-15 15:44:39 - [TEST_STEP][PASSED] - verifyElementPresent(findTestObject("Object Repository/IWP30/Page_Confirmation/ConfirmButton"), 30): Object 'Object Repository/IWP30/Page_Confirmation/ConfirmButton' is present

2024-05-15 15:44:40 - [MESSAGE][PASSED] - Object 'Object Repository/IWP30/Page_Confirmation/ConfirmButton' is present

2024-05-15 15:44:40 - [TEST_STEP][PASSED] - verifyElementPresent(findTestObject("Object Repository/IWP30/Page_Confirmation/ExitButton"), 30): Object 'Object Repository/IWP30/Page_Confirmation/ExitButton' is present

2024-05-15 15:44:40 - [MESSAGE][PASSED] - Object 'Object Repository/IWP30/Page_Confirmation/ExitButton' is present

2024-05-15 15:44:40 - [TEST_STEP][PASSED] - verifyElementPresent(findTestObject("Object Repository/IWP30/Page_Confirmation/ModifyButton"), 30): Object 'Object Repository/IWP30/Page_Confirmation/ModifyButton' is present

2024-05-15 15:44:40 - [MESSAGE][PASSED] - Object 'Object Repository/IWP30/Page_Confirmation/ModifyButton' is present

2024-05-15 15:44:40 - [TEST_STEP][PASSED] - click(findTestObject("Object Repository/IWP30/Page_Confirmation/ConfirmButton")): Object: 'Object Repository/IWP30/Page_Confirmation/ConfirmButton' is clicked on

2024-05-15 15:44:42 - [MESSAGE][PASSED] - Object: 'Object Repository/IWP30/Page_Confirmation/ConfirmButton' is clicked on

2024-05-15 15:44:42 - [TEST_STEP][PASSED] - Thread.sleep(10000): null

2024-05-15 15:44:52 - [TEST_STEP][PASSED] - verifyTextPresent("Successful Payment Receipt", false): Text 'Successful Payment Receipt' is present on page 

2024-05-15 15:44:52 - [MESSAGE][PASSED] - Text 'Successful Payment Receipt' is present on page 

2024-05-15 15:44:52 - [TEST_STEP][PASSED] - verifyTextPresent("Please print this receipt for your records", false): Text 'Please print this receipt for your records' is present on page 

2024-05-15 15:44:52 - [MESSAGE][PASSED] - Text 'Please print this receipt for your records' is present on page 

2024-05-15 15:44:52 - [TEST_STEP][PASSED] - verifyTextPresent("Remittance ID", false): Text 'Remittance ID' is present on page 

2024-05-15 15:44:52 - [MESSAGE][PASSED] - Text 'Remittance ID' is present on page 

2024-05-15 15:44:52 - [TEST_STEP][PASSED] - verifyTextPresent("CAN Label", false): Text 'CAN Label' is present on page 

2024-05-15 15:44:53 - [MESSAGE][PASSED] - Text 'CAN Label' is present on page 

2024-05-15 15:44:53 - [TEST_STEP][PASSED] - verifyTextPresent("54654701", false): Text '54654701' is present on page 

2024-05-15 15:44:53 - [MESSAGE][PASSED] - Text '54654701' is present on page 

2024-05-15 15:44:53 - [TEST_STEP][PASSED] - verifyTextPresent("Received", false): Text 'Received' is present on page 

2024-05-15 15:44:53 - [MESSAGE][PASSED] - Text 'Received' is present on page 

2024-05-15 15:44:53 - [TEST_STEP][PASSED] - verifyTextPresent("UDF1 Label", false): Text 'UDF1 Label' is present on page 

2024-05-15 15:44:53 - [MESSAGE][PASSED] - Text 'UDF1 Label' is present on page 

2024-05-15 15:44:53 - [TEST_STEP][PASSED] - verifyTextPresent("UDF2 Label", false): Text 'UDF2 Label' is present on page 

2024-05-15 15:44:54 - [MESSAGE][PASSED] - Text 'UDF2 Label' is present on page 

2024-05-15 15:44:54 - [TEST_STEP][PASSED] - verifyTextPresent(UDF2, false): Text 'Agneepath' is present on page 

2024-05-15 15:44:54 - [MESSAGE][PASSED] - Text 'Agneepath' is present on page 

2024-05-15 15:44:54 - [TEST_STEP][PASSED] - verifyTextPresent("UDF3 Label", false): Text 'UDF3 Label' is present on page 

2024-05-15 15:44:54 - [MESSAGE][PASSED] - Text 'UDF3 Label' is present on page 

2024-05-15 15:44:54 - [TEST_STEP][PASSED] - verifyTextPresent(UDF3, false): Text 'Kaho Na' is present on page 

2024-05-15 15:44:54 - [MESSAGE][PASSED] - Text 'Kaho Na' is present on page 

2024-05-15 15:44:54 - [TEST_STEP][PASSED] - verifyTextPresent("UDF4 Label", false): Text 'UDF4 Label' is present on page 

2024-05-15 15:44:55 - [MESSAGE][PASSED] - Text 'UDF4 Label' is present on page 

2024-05-15 15:44:55 - [TEST_STEP][PASSED] - verifyTextPresent("data 4", false): Text 'data 4' is present on page 

2024-05-15 15:44:55 - [MESSAGE][PASSED] - Text 'data 4' is present on page 

2024-05-15 15:44:55 - [TEST_STEP][PASSED] - verifyTextPresent("UDF6 Label", false): Text 'UDF6 Label' is present on page 

2024-05-15 15:44:55 - [MESSAGE][PASSED] - Text 'UDF6 Label' is present on page 

2024-05-15 15:44:55 - [TEST_STEP][PASSED] - verifyTextPresent("data 6", false): Text 'data 6' is present on page 

2024-05-15 15:44:55 - [MESSAGE][PASSED] - Text 'data 6' is present on page 

2024-05-15 15:44:55 - [TEST_STEP][PASSED] - verifyTextPresent("UDF7 Label", false): Text 'UDF7 Label' is present on page 

2024-05-15 15:44:56 - [MESSAGE][PASSED] - Text 'UDF7 Label' is present on page 

2024-05-15 15:44:56 - [TEST_STEP][PASSED] - verifyTextPresent(UDF7, false): Text 'Purple' is present on page 

2024-05-15 15:44:56 - [MESSAGE][PASSED] - Text 'Purple' is present on page 

2024-05-15 15:44:56 - [TEST_STEP][PASSED] - verifyTextPresent("UDF8 Label", false): Text 'UDF8 Label' is present on page 

2024-05-15 15:44:56 - [MESSAGE][PASSED] - Text 'UDF8 Label' is present on page 

2024-05-15 15:44:56 - [TEST_STEP][PASSED] - verifyTextPresent(UDF8, false): Text 'Soccer' is present on page 

2024-05-15 15:44:57 - [MESSAGE][PASSED] - Text 'Soccer' is present on page 

2024-05-15 15:44:57 - [TEST_STEP][PASSED] - verifyTextPresent("UDF9 Label", false): Text 'UDF9 Label' is present on page 

2024-05-15 15:44:57 - [MESSAGE][PASSED] - Text 'UDF9 Label' is present on page 

2024-05-15 15:44:57 - [TEST_STEP][PASSED] - verifyTextPresent("data 9", false): Text 'data 9' is present on page 

2024-05-15 15:44:57 - [MESSAGE][PASSED] - Text 'data 9' is present on page 

2024-05-15 15:44:57 - [TEST_STEP][PASSED] - verifyTextPresent("Tax Amount", false): Text 'Tax Amount' is present on page 

2024-05-15 15:44:57 - [MESSAGE][PASSED] - Text 'Tax Amount' is present on page 

2024-05-15 15:44:57 - [TEST_STEP][PASSED] - verifyTextPresent("$0.00", false): Text '$0.00' is present on page 

2024-05-15 15:44:58 - [MESSAGE][PASSED] - Text '$0.00' is present on page 

2024-05-15 15:44:58 - [TEST_STEP][PASSED] - verifyTextPresent("Amount", false): Text 'Amount' is present on page 

2024-05-15 15:44:58 - [MESSAGE][PASSED] - Text 'Amount' is present on page 

2024-05-15 15:44:58 - [TEST_STEP][PASSED] - verifyTextPresent(Amount, false): Text '27.50' is present on page 

2024-05-15 15:44:58 - [MESSAGE][PASSED] - Text '27.50' is present on page 

2024-05-15 15:44:58 - [TEST_STEP][PASSED] - verifyTextPresent("Transaction Type", false): Text 'Transaction Type' is present on page 

2024-05-15 15:44:58 - [MESSAGE][PASSED] - Text 'Transaction Type' is present on page 

2024-05-15 15:44:58 - [TEST_STEP][PASSED] - verifyTextPresent("Authorization and Capture", false): Text 'Authorization and Capture' is present on page 

2024-05-15 15:44:59 - [MESSAGE][PASSED] - Text 'Authorization and Capture' is present on page 

2024-05-15 15:44:59 - [TEST_STEP][PASSED] - verifyTextPresent("Card Information", false): Text 'Card Information' is present on page 

2024-05-15 15:44:59 - [MESSAGE][PASSED] - Text 'Card Information' is present on page 

2024-05-15 15:44:59 - [TEST_STEP][PASSED] - verifyTextPresent(CardType, false): Text 'MasterCard' is present on page 

2024-05-15 15:44:59 - [MESSAGE][PASSED] - Text 'MasterCard' is present on page 

2024-05-15 15:44:59 - [TEST_STEP][PASSED] - verifyTextPresent(CName2, false): Text 'HRITIK ROSHAN' is present on page 

2024-05-15 15:44:59 - [MESSAGE][PASSED] - Text 'HRITIK ROSHAN' is present on page 

2024-05-15 15:44:59 - [TEST_STEP][PASSED] - verifyTextPresent(Last4, false): Text '0015' is present on page 

2024-05-15 15:45:00 - [MESSAGE][PASSED] - Text '0015' is present on page 

2024-05-15 15:45:00 - [TEST_STEP][PASSED] - verifyTextPresent("Billing Information", false): Text 'Billing Information' is present on page 

2024-05-15 15:45:00 - [MESSAGE][PASSED] - Text 'Billing Information' is present on page 

2024-05-15 15:45:00 - [TEST_STEP][PASSED] - verifyTextPresent("Address Line 1", false): Text 'Address Line 1' is present on page 

2024-05-15 15:45:00 - [MESSAGE][PASSED] - Text 'Address Line 1' is present on page 

2024-05-15 15:45:00 - [TEST_STEP][PASSED] - verifyTextPresent(AL1, false): Text '1638 Juhu road' is present on page 

2024-05-15 15:45:00 - [MESSAGE][PASSED] - Text '1638 Juhu road' is present on page 

2024-05-15 15:45:00 - [TEST_STEP][PASSED] - verifyTextPresent("Address Line 2", false): Text 'Address Line 2' is present on page 

2024-05-15 15:45:01 - [MESSAGE][PASSED] - Text 'Address Line 2' is present on page 

2024-05-15 15:45:01 - [TEST_STEP][PASSED] - verifyTextPresent(AL2, false): Text 'Build 99' is present on page 

2024-05-15 15:45:01 - [MESSAGE][PASSED] - Text 'Build 99' is present on page 

2024-05-15 15:45:01 - [TEST_STEP][PASSED] - verifyTextPresent("Country", false): Text 'Country' is present on page 

2024-05-15 15:45:01 - [MESSAGE][PASSED] - Text 'Country' is present on page 

2024-05-15 15:45:01 - [TEST_STEP][PASSED] - verifyTextPresent("United States", false): Text 'United States' is present on page 

2024-05-15 15:45:01 - [MESSAGE][PASSED] - Text 'United States' is present on page 

2024-05-15 15:45:01 - [TEST_STEP][PASSED] - verifyTextPresent("City", false): Text 'City' is present on page 

2024-05-15 15:45:02 - [MESSAGE][PASSED] - Text 'City' is present on page 

2024-05-15 15:45:02 - [TEST_STEP][PASSED] - verifyTextPresent(City, false): Text 'GAMBRILLS' is present on page 

2024-05-15 15:45:02 - [MESSAGE][PASSED] - Text 'GAMBRILLS' is present on page 

2024-05-15 15:45:02 - [TEST_STEP][PASSED] - verifyTextPresent("State", false): Text 'State' is present on page 

2024-05-15 15:45:02 - [MESSAGE][PASSED] - Text 'State' is present on page 

2024-05-15 15:45:02 - [TEST_STEP][PASSED] - verifyTextPresent(State2, false): Text 'MD' is present on page 

2024-05-15 15:45:03 - [MESSAGE][PASSED] - Text 'MD' is present on page 

2024-05-15 15:45:03 - [TEST_STEP][PASSED] - verifyTextPresent("ZIP Code", false): Text 'ZIP Code' is present on page 

2024-05-15 15:45:03 - [MESSAGE][PASSED] - Text 'ZIP Code' is present on page 

2024-05-15 15:45:03 - [TEST_STEP][PASSED] - verifyTextPresent(CZIP, false): Text '21054' is present on page 

2024-05-15 15:45:03 - [MESSAGE][PASSED] - Text '21054' is present on page 

2024-05-15 15:45:03 - [TEST_STEP][PASSED] - verifyElementPresent(findTestObject("Object Repository/IWP30/Page_Receipt/ExitButton"), 30): Object 'Object Repository/IWP30/Page_Receipt/ExitButton' is present

2024-05-15 15:45:03 - [MESSAGE][PASSED] - Object 'Object Repository/IWP30/Page_Receipt/ExitButton' is present

2024-05-15 15:45:03 - [TEST_STEP][PASSED] - closeBrowser(): Browser is closed

2024-05-15 15:45:05 - [MESSAGE][PASSED] - Browser is closed

2024-05-15 15:45:05 - [TEST_STEP][PASSED] - openBrowser(urlEmulator): Browser is opened with url: 'https://qa2.velocitypayment.com/agency/config.do?action=editor'

2024-05-15 15:45:05 - [MESSAGE][INFO] - Starting 'Chrome' driver

2024-05-15 15:45:05 - [MESSAGE][INFO] - User set preference: ['acceptInsecureCerts', 'true']

2024-05-15 15:45:05 - [MESSAGE][INFO] - Action delay is set to 0 milliseconds

2024-05-15 15:45:07 - [MESSAGE][PASSED] - Browser is opened with url: 'https://qa2.velocitypayment.com/agency/config.do?action=editor'

2024-05-15 15:45:07 - [TEST_STEP][PASSED] - maximizeWindow(): Current window maximized

2024-05-15 15:45:07 - [MESSAGE][PASSED] - Current window maximized

2024-05-15 15:45:07 - [TEST_STEP][PASSED] - iwpPages.emulatorIWP30.setDataEmulatorStandard(): iwpPages.emulatorIWP30.setDataEmulatorStandard is PASSED

2024-05-15 15:45:08 - [MESSAGE][PASSED] - Object 'Object Repository/IWP30/Page_VRelay30Emulator/Amount' is present

2024-05-15 15:45:09 - [MESSAGE][PASSED] - All options with value '3.0' are selected in object 'Object Repository/IWP30/Page_VRelay30Emulator/MV'  using regular expression

2024-05-15 15:45:09 - [MESSAGE][PASSED] - Text '10.50' is set on object 'Object Repository/IWP30/Page_VRelay30Emulator/Amount'

2024-05-15 15:45:10 - [MESSAGE][PASSED] - Text '54654701' is set on object 'Object Repository/IWP30/Page_VRelay30Emulator/CAN'

2024-05-15 15:45:11 - [MESSAGE][PASSED] - Text 'PayNow' is set on object 'Object Repository/IWP30/Page_VRelay30Emulator/Action'

2024-05-15 15:45:11 - [MESSAGE][PASSED] - Text 'en_US' is set on object 'Object Repository/IWP30/Page_VRelay30Emulator/Lang'

2024-05-15 15:45:12 - [MESSAGE][PASSED] - Text '' is set on object 'Object Repository/IWP30/Page_VRelay30Emulator/Fname'

2024-05-15 15:45:13 - [MESSAGE][PASSED] - Text '' is set on object 'Object Repository/IWP30/Page_VRelay30Emulator/Lname'

2024-05-15 15:45:13 - [MESSAGE][PASSED] - Text '' is set on object 'Object Repository/IWP30/Page_VRelay30Emulator/AL1'

2024-05-15 15:45:14 - [MESSAGE][PASSED] - Text '' is set on object 'Object Repository/IWP30/Page_VRelay30Emulator/AL2'

2024-05-15 15:45:14 - [MESSAGE][PASSED] - Text '' is set on object 'Object Repository/IWP30/Page_VRelay30Emulator/Country'

2024-05-15 15:45:15 - [MESSAGE][PASSED] - Text '' is set on object 'Object Repository/IWP30/Page_VRelay30Emulator/City'

2024-05-15 15:45:16 - [MESSAGE][PASSED] - Text '' is set on object 'Object Repository/IWP30/Page_VRelay30Emulator/State'

2024-05-15 15:45:16 - [MESSAGE][PASSED] - Text '' is set on object 'Object Repository/IWP30/Page_VRelay30Emulator/ZIP'

2024-05-15 15:45:17 - [MESSAGE][PASSED] - Text '' is set on object 'Object Repository/IWP30/Page_VRelay30Emulator/Order'

2024-05-15 15:45:17 - [MESSAGE][PASSED] - Text '' is set on object 'Object Repository/IWP30/Page_VRelay30Emulator/Company'

2024-05-15 15:45:18 - [MESSAGE][PASSED] - Text '' is set on object 'Object Repository/IWP30/Page_VRelay30Emulator/Email'

2024-05-15 15:45:19 - [MESSAGE][PASSED] - Text '' is set on object 'Object Repository/IWP30/Page_VRelay30Emulator/UDF1'

2024-05-15 15:45:19 - [MESSAGE][PASSED] - Text '' is set on object 'Object Repository/IWP30/Page_VRelay30Emulator/UDF2'

2024-05-15 15:45:20 - [MESSAGE][PASSED] - Text 'data 3' is set on object 'Object Repository/IWP30/Page_VRelay30Emulator/UDF3'

2024-05-15 15:45:21 - [MESSAGE][PASSED] - Text 'data 4' is set on object 'Object Repository/IWP30/Page_VRelay30Emulator/UDF4'

2024-05-15 15:45:21 - [MESSAGE][PASSED] - Text 'data 5' is set on object 'Object Repository/IWP30/Page_VRelay30Emulator/UDF5'

2024-05-15 15:45:22 - [MESSAGE][PASSED] - Text 'data 6' is set on object 'Object Repository/IWP30/Page_VRelay30Emulator/UDF6'

2024-05-15 15:45:22 - [MESSAGE][PASSED] - Text 'Orange' is set on object 'Object Repository/IWP30/Page_VRelay30Emulator/UDF7'

2024-05-15 15:45:23 - [MESSAGE][PASSED] - Text 'Soccer' is set on object 'Object Repository/IWP30/Page_VRelay30Emulator/UDF8'

2024-05-15 15:45:24 - [MESSAGE][PASSED] - Text 'data 9' is set on object 'Object Repository/IWP30/Page_VRelay30Emulator/UDF9'

2024-05-15 15:45:24 - [MESSAGE][PASSED] - Text 'data 10' is set on object 'Object Repository/IWP30/Page_VRelay30Emulator/UDF10'

2024-05-15 15:45:27 - [MESSAGE][PASSED] - Object: 'Object Repository/IWP30/Page_VRelay30Emulator/Submit' is clicked on

2024-05-15 15:45:33 - [MESSAGE][PASSED] - Browser is closed

2024-05-15 15:45:33 - [MESSAGE][PASSED] - iwpPages.emulatorIWP30.setDataEmulatorStandard is PASSED

2024-05-15 15:45:33 - [TEST_STEP][PASSED] - openBrowser(urlTestHarness): Browser is opened with url: 'https://dev-algorithm.govolution.com/vrelaytest/QA2/version_2_2/vrelaytest.html'

2024-05-15 15:45:33 - [MESSAGE][INFO] - Starting 'Chrome' driver

2024-05-15 15:45:33 - [MESSAGE][INFO] - User set preference: ['acceptInsecureCerts', 'true']

2024-05-15 15:45:33 - [MESSAGE][INFO] - Action delay is set to 0 milliseconds

2024-05-15 15:45:35 - [MESSAGE][PASSED] - Browser is opened with url: 'https://dev-algorithm.govolution.com/vrelaytest/QA2/version_2_2/vrelaytest.html'

2024-05-15 15:45:35 - [TEST_STEP][PASSED] - maximizeWindow(): Current window maximized

2024-05-15 15:45:35 - [MESSAGE][PASSED] - Current window maximized

2024-05-15 15:45:35 - [TEST_STEP][PASSED] - genRemIDVoid = RandomStringUtils.random(12, true, true): null

2024-05-15 15:45:35 - [TEST_STEP][PASSED] - if (verifyElementPresent(findTestObject("Object Repository/IWP30/Page_QATestHarness/RemittanceID"), 30)): null

2024-05-15 15:45:36 - [MESSAGE][PASSED] - Object 'Object Repository/IWP30/Page_QATestHarness/RemittanceID' is present

2024-05-15 15:45:36 - [TEST_STEP][PASSED] - println("We are on Test Harness page, start populating"): null

2024-05-15 15:45:36 - [TEST_STEP][PASSED] - setText(findTestObject("Object Repository/IWP30/Page_QATestHarness/ApplicationID"), "649"): Text '649' is set on object 'Object Repository/IWP30/Page_QATestHarness/ApplicationID'

2024-05-15 15:45:36 - [MESSAGE][PASSED] - Text '649' is set on object 'Object Repository/IWP30/Page_QATestHarness/ApplicationID'

2024-05-15 15:45:36 - [TEST_STEP][PASSED] - setText(findTestObject("Object Repository/IWP30/Page_QATestHarness/MessageVersion"), "3.0"): Text '3.0' is set on object 'Object Repository/IWP30/Page_QATestHarness/MessageVersion'

2024-05-15 15:45:37 - [MESSAGE][PASSED] - Text '3.0' is set on object 'Object Repository/IWP30/Page_QATestHarness/MessageVersion'

2024-05-15 15:45:37 - [TEST_STEP][PASSED] - setText(findTestObject("Object Repository/IWP30/Page_QATestHarness/RemittanceID"), genRemIDVoid): Text 'm3Dj6JckHB9D' is set on object 'Object Repository/IWP30/Page_QATestHarness/RemittanceID'

2024-05-15 15:45:38 - [MESSAGE][PASSED] - Text 'm3Dj6JckHB9D' is set on object 'Object Repository/IWP30/Page_QATestHarness/RemittanceID'

2024-05-15 15:45:38 - [TEST_STEP][PASSED] - click(findTestObject("Object Repository/IWP30/Page_QATestHarness/SubmitButton")): Object: 'Object Repository/IWP30/Page_QATestHarness/SubmitButton' is clicked on

2024-05-15 15:45:39 - [MESSAGE][PASSED] - Object: 'Object Repository/IWP30/Page_QATestHarness/SubmitButton' is clicked on

2024-05-15 15:45:39 - [TEST_STEP][PASSED] - verifyTextPresent("Select Payment Method", false): Text 'Select Payment Method' is present on page 

2024-05-15 15:45:40 - [MESSAGE][PASSED] - Text 'Select Payment Method' is present on page 

2024-05-15 15:45:40 - [TEST_STEP][PASSED] - verifyTextPresent("Please Choose the Method of Payment", false): Text 'Please Choose the Method of Payment' is present on page 

2024-05-15 15:45:40 - [MESSAGE][PASSED] - Text 'Please Choose the Method of Payment' is present on page 

2024-05-15 15:45:40 - [TEST_STEP][PASSED] - verifyElementPresent(findTestObject("Object Repository/IWP30/Page_SelectPaymentMethod/PayByCreditCard"), 30): Object 'Object Repository/IWP30/Page_SelectPaymentMethod/PayByCreditCard' is present

2024-05-15 15:45:40 - [MESSAGE][PASSED] - Object 'Object Repository/IWP30/Page_SelectPaymentMethod/PayByCreditCard' is present

2024-05-15 15:45:40 - [TEST_STEP][PASSED] - verifyElementPresent(findTestObject("Object Repository/IWP30/Page_SelectPaymentMethod/PayByCorporateCheck"), 30): Object 'Object Repository/IWP30/Page_SelectPaymentMethod/PayByCorporateCheck' is present

2024-05-15 15:45:41 - [MESSAGE][PASSED] - Object 'Object Repository/IWP30/Page_SelectPaymentMethod/PayByCorporateCheck' is present

2024-05-15 15:45:41 - [TEST_STEP][PASSED] - verifyElementPresent(findTestObject("Object Repository/IWP30/Page_SelectPaymentMethod/PayByPersonalCheck"), 30): Object 'Object Repository/IWP30/Page_SelectPaymentMethod/PayByPersonalCheck' is present

2024-05-15 15:45:41 - [MESSAGE][PASSED] - Object 'Object Repository/IWP30/Page_SelectPaymentMethod/PayByPersonalCheck' is present

2024-05-15 15:45:41 - [TEST_STEP][PASSED] - verifyElementPresent(findTestObject("Object Repository/IWP30/Page_SelectPaymentMethod/ExitButton"), 30): Object 'Object Repository/IWP30/Page_SelectPaymentMethod/ExitButton' is present

2024-05-15 15:45:41 - [MESSAGE][PASSED] - Object 'Object Repository/IWP30/Page_SelectPaymentMethod/ExitButton' is present

2024-05-15 15:45:41 - [TEST_STEP][PASSED] - if (verifyElementPresent(findTestObject("Object Repository/IWP30/Page_SelectPaymentMethod/PayByCreditCard"), 30)): null

2024-05-15 15:45:41 - [MESSAGE][PASSED] - Object 'Object Repository/IWP30/Page_SelectPaymentMethod/PayByCreditCard' is present

2024-05-15 15:45:41 - [TEST_STEP][PASSED] - println("We are on Select Payment Method page, start populating"): null

2024-05-15 15:45:41 - [TEST_STEP][PASSED] - check(findTestObject("Object Repository/IWP30/Page_SelectPaymentMethod/PayByCreditCard")): Object 'Object Repository/IWP30/Page_SelectPaymentMethod/PayByCreditCard' is checked

2024-05-15 15:45:42 - [MESSAGE][PASSED] - Object 'Object Repository/IWP30/Page_SelectPaymentMethod/PayByCreditCard' is checked

2024-05-15 15:45:42 - [TEST_STEP][PASSED] - Thread.sleep(1000): null

2024-05-15 15:45:43 - [TEST_STEP][PASSED] - click(findTestObject("Object Repository/IWP30/Page_SelectPaymentMethod/MakePaymentButton")): Object: 'Object Repository/IWP30/Page_SelectPaymentMethod/MakePaymentButton' is clicked on

2024-05-15 15:45:44 - [MESSAGE][PASSED] - Object: 'Object Repository/IWP30/Page_SelectPaymentMethod/MakePaymentButton' is clicked on

2024-05-15 15:45:44 - [TEST_STEP][PASSED] - verifyTextPresent("Required fields are highlighted with an asterisk", false): Text 'Required fields are highlighted with an asterisk' is present on page 

2024-05-15 15:45:45 - [MESSAGE][PASSED] - Text 'Required fields are highlighted with an asterisk' is present on page 

2024-05-15 15:45:45 - [TEST_STEP][PASSED] - verifyTextPresent("Please enter the following information about your payment", false): Text 'Please enter the following information about your payment' is present on page 

2024-05-15 15:45:45 - [MESSAGE][PASSED] - Text 'Please enter the following information about your payment' is present on page 

2024-05-15 15:45:45 - [TEST_STEP][PASSED] - verifyTextPresent("CAN Label", false): Text 'CAN Label' is present on page 

2024-05-15 15:45:46 - [MESSAGE][PASSED] - Text 'CAN Label' is present on page 

2024-05-15 15:45:46 - [TEST_STEP][PASSED] - verifyTextPresent("Tax Amount", false): Text 'Tax Amount' is present on page 

2024-05-15 15:45:46 - [MESSAGE][PASSED] - Text 'Tax Amount' is present on page 

2024-05-15 15:45:46 - [TEST_STEP][PASSED] - verifyTextPresent("Amount", false): Text 'Amount' is present on page 

2024-05-15 15:45:46 - [MESSAGE][PASSED] - Text 'Amount' is present on page 

2024-05-15 15:45:46 - [TEST_STEP][PASSED] - verifyTextPresent("UDF1 Label", false): Text 'UDF1 Label' is present on page 

2024-05-15 15:45:47 - [MESSAGE][PASSED] - Text 'UDF1 Label' is present on page 

2024-05-15 15:45:47 - [TEST_STEP][PASSED] - verifyTextPresent("UDF2 Label", false): Text 'UDF2 Label' is present on page 

2024-05-15 15:45:47 - [MESSAGE][PASSED] - Text 'UDF2 Label' is present on page 

2024-05-15 15:45:47 - [TEST_STEP][PASSED] - verifyTextPresent("UDF3 Label", false): Text 'UDF3 Label' is present on page 

2024-05-15 15:45:47 - [MESSAGE][PASSED] - Text 'UDF3 Label' is present on page 

2024-05-15 15:45:47 - [TEST_STEP][PASSED] - verifyTextPresent("UDF4 Label", false): Text 'UDF4 Label' is present on page 

2024-05-15 15:45:48 - [MESSAGE][PASSED] - Text 'UDF4 Label' is present on page 

2024-05-15 15:45:48 - [TEST_STEP][PASSED] - verifyTextPresent("UDF6 Label", false): Text 'UDF6 Label' is present on page 

2024-05-15 15:45:48 - [MESSAGE][PASSED] - Text 'UDF6 Label' is present on page 

2024-05-15 15:45:48 - [TEST_STEP][PASSED] - verifyTextPresent("UDF7 Label", false): Text 'UDF7 Label' is present on page 

2024-05-15 15:45:48 - [MESSAGE][PASSED] - Text 'UDF7 Label' is present on page 

2024-05-15 15:45:48 - [TEST_STEP][PASSED] - verifyTextPresent("UDF8 Label", false): Text 'UDF8 Label' is present on page 

2024-05-15 15:45:49 - [MESSAGE][PASSED] - Text 'UDF8 Label' is present on page 

2024-05-15 15:45:49 - [TEST_STEP][PASSED] - verifyTextPresent("UDF9 Label", false): Text 'UDF9 Label' is present on page 

2024-05-15 15:45:49 - [MESSAGE][PASSED] - Text 'UDF9 Label' is present on page 

2024-05-15 15:45:49 - [TEST_STEP][PASSED] - verifyTextPresent("Please enter the following information about your payment method", false): Text 'Please enter the following information about your payment method' is present on page 

2024-05-15 15:45:49 - [MESSAGE][PASSED] - Text 'Please enter the following information about your payment method' is present on page 

2024-05-15 15:45:49 - [TEST_STEP][PASSED] - verifyTextPresent("Cardholder's Name", false): Text 'Cardholder's Name' is present on page 

2024-05-15 15:45:49 - [MESSAGE][PASSED] - Text 'Cardholder's Name' is present on page 

2024-05-15 15:45:49 - [TEST_STEP][PASSED] - verifyTextPresent("Cards Accepted", false): Text 'Cards Accepted' is present on page 

2024-05-15 15:45:50 - [MESSAGE][PASSED] - Text 'Cards Accepted' is present on page 

2024-05-15 15:45:50 - [TEST_STEP][PASSED] - verifyTextPresent("Card Number", false): Text 'Card Number' is present on page 

2024-05-15 15:45:50 - [MESSAGE][PASSED] - Text 'Card Number' is present on page 

2024-05-15 15:45:50 - [TEST_STEP][PASSED] - verifyTextPresent("Card Security Code", false): Text 'Card Security Code' is present on page 

2024-05-15 15:45:50 - [MESSAGE][PASSED] - Text 'Card Security Code' is present on page 

2024-05-15 15:45:50 - [TEST_STEP][PASSED] - verifyTextPresent("Expiration Date", false): Text 'Expiration Date' is present on page 

2024-05-15 15:45:51 - [MESSAGE][PASSED] - Text 'Expiration Date' is present on page 

2024-05-15 15:45:51 - [TEST_STEP][PASSED] - verifyTextPresent("Payment Date", false): Text 'Payment Date' is present on page 

2024-05-15 15:45:51 - [MESSAGE][PASSED] - Text 'Payment Date' is present on page 

2024-05-15 15:45:51 - [TEST_STEP][PASSED] - verifyTextPresent("Billing Information", false): Text 'Billing Information' is present on page 

2024-05-15 15:45:51 - [MESSAGE][PASSED] - Text 'Billing Information' is present on page 

2024-05-15 15:45:51 - [TEST_STEP][PASSED] - verifyTextPresent("Address Line 1", false): Text 'Address Line 1' is present on page 

2024-05-15 15:45:52 - [MESSAGE][PASSED] - Text 'Address Line 1' is present on page 

2024-05-15 15:45:52 - [TEST_STEP][PASSED] - verifyTextPresent("Address Line 2", false): Text 'Address Line 2' is present on page 

2024-05-15 15:45:52 - [MESSAGE][PASSED] - Text 'Address Line 2' is present on page 

2024-05-15 15:45:52 - [TEST_STEP][PASSED] - verifyTextPresent("Country", false): Text 'Country' is present on page 

2024-05-15 15:45:52 - [MESSAGE][PASSED] - Text 'Country' is present on page 

2024-05-15 15:45:52 - [TEST_STEP][PASSED] - verifyTextPresent("ZIP Code", false): Text 'ZIP Code' is present on page 

2024-05-15 15:45:53 - [MESSAGE][PASSED] - Text 'ZIP Code' is present on page 

2024-05-15 15:45:53 - [TEST_STEP][PASSED] - verifyTextPresent("City", false): Text 'City' is present on page 

2024-05-15 15:45:53 - [MESSAGE][PASSED] - Text 'City' is present on page 

2024-05-15 15:45:53 - [TEST_STEP][PASSED] - verifyTextPresent("State", false): Text 'State' is present on page 

2024-05-15 15:45:53 - [MESSAGE][PASSED] - Text 'State' is present on page 

2024-05-15 15:45:53 - [TEST_STEP][PASSED] - verifyTextPresent("Receipt Information", false): Text 'Receipt Information' is present on page 

2024-05-15 15:45:54 - [MESSAGE][PASSED] - Text 'Receipt Information' is present on page 

2024-05-15 15:45:54 - [TEST_STEP][PASSED] - verifyTextPresent("Email Address", false): Text 'Email Address' is present on page 

2024-05-15 15:45:54 - [MESSAGE][PASSED] - Text 'Email Address' is present on page 

2024-05-15 15:45:54 - [TEST_STEP][PASSED] - verifyTextPresent("Please check here to store the payment method for future use", false): Text 'Please check here to store the payment method for future use' is present on page 

2024-05-15 15:45:54 - [MESSAGE][PASSED] - Text 'Please check here to store the payment method for future use' is present on page 

2024-05-15 15:45:54 - [TEST_STEP][PASSED] - verifyTextPresent("These are Customer CC Terms", false): Text 'These are Customer CC Terms' is present on page 

2024-05-15 15:45:54 - [MESSAGE][PASSED] - Text 'These are Customer CC Terms' is present on page 

2024-05-15 15:45:54 - [TEST_STEP][PASSED] - verifyTextPresent("These are CC Custom HTML", false): Text 'These are CC Custom HTML' is present on page 

2024-05-15 15:45:55 - [MESSAGE][PASSED] - Text 'These are CC Custom HTML' is present on page 

2024-05-15 15:45:55 - [TEST_STEP][PASSED] - verifyTextPresent("54654701", false): Text '54654701' is present on page 

2024-05-15 15:45:55 - [MESSAGE][PASSED] - Text '54654701' is present on page 

2024-05-15 15:45:55 - [TEST_STEP][PASSED] - verifyTextPresent("data 4", false): Text 'data 4' is present on page 

2024-05-15 15:45:55 - [MESSAGE][PASSED] - Text 'data 4' is present on page 

2024-05-15 15:45:55 - [TEST_STEP][PASSED] - verifyTextPresent("data 6", false): Text 'data 6' is present on page 

2024-05-15 15:45:56 - [MESSAGE][PASSED] - Text 'data 6' is present on page 

2024-05-15 15:45:56 - [TEST_STEP][PASSED] - verifyTextPresent("data 9", false): Text 'data 9' is present on page 

2024-05-15 15:45:56 - [MESSAGE][PASSED] - Text 'data 9' is present on page 

2024-05-15 15:45:56 - [TEST_STEP][PASSED] - verifyTextNotPresent("UDF5 Label", false): Text 'UDF5 Label' is not present on page

2024-05-15 15:45:56 - [MESSAGE][PASSED] - Text 'UDF5 Label' is not present on page

2024-05-15 15:45:56 - [TEST_STEP][PASSED] - verifyTextNotPresent("UDF10 Label", false): Text 'UDF10 Label' is not present on page

2024-05-15 15:45:57 - [MESSAGE][PASSED] - Text 'UDF10 Label' is not present on page

2024-05-15 15:45:57 - [TEST_STEP][PASSED] - verifyElementPresent(findTestObject("Object Repository/IWP30/Page_CCPaymentEntry/Amount"), 30): Object 'Object Repository/IWP30/Page_CCPaymentEntry/Amount' is present

2024-05-15 15:45:57 - [MESSAGE][PASSED] - Object 'Object Repository/IWP30/Page_CCPaymentEntry/Amount' is present

2024-05-15 15:45:57 - [TEST_STEP][PASSED] - verifyElementPresent(findTestObject("Object Repository/IWP30/Page_CCPaymentEntry/UserDefined2"), 30): Object 'Object Repository/IWP30/Page_CCPaymentEntry/UserDefined2' is present

2024-05-15 15:45:57 - [MESSAGE][PASSED] - Object 'Object Repository/IWP30/Page_CCPaymentEntry/UserDefined2' is present

2024-05-15 15:45:57 - [TEST_STEP][PASSED] - verifyElementPresent(findTestObject("Object Repository/IWP30/Page_CCPaymentEntry/UserDefined3"), 30): Object 'Object Repository/IWP30/Page_CCPaymentEntry/UserDefined3' is present

2024-05-15 15:45:58 - [MESSAGE][PASSED] - Object 'Object Repository/IWP30/Page_CCPaymentEntry/UserDefined3' is present

2024-05-15 15:45:58 - [TEST_STEP][PASSED] - verifyElementPresent(findTestObject("Object Repository/IWP30/Page_CCPaymentEntry/UserDefined7"), 30): Object 'Object Repository/IWP30/Page_CCPaymentEntry/UserDefined7' is present

2024-05-15 15:45:58 - [MESSAGE][PASSED] - Object 'Object Repository/IWP30/Page_CCPaymentEntry/UserDefined7' is present

2024-05-15 15:45:58 - [TEST_STEP][PASSED] - verifyElementPresent(findTestObject("Object Repository/IWP30/Page_CCPaymentEntry/UserDefined8"), 30): Object 'Object Repository/IWP30/Page_CCPaymentEntry/UserDefined8' is present

2024-05-15 15:45:58 - [MESSAGE][PASSED] - Object 'Object Repository/IWP30/Page_CCPaymentEntry/UserDefined8' is present

2024-05-15 15:45:58 - [TEST_STEP][PASSED] - verifyElementPresent(findTestObject("Object Repository/IWP30/Page_CCPaymentEntry/Name"), 30): Object 'Object Repository/IWP30/Page_CCPaymentEntry/Name' is present

2024-05-15 15:45:58 - [MESSAGE][PASSED] - Object 'Object Repository/IWP30/Page_CCPaymentEntry/Name' is present

2024-05-15 15:45:58 - [TEST_STEP][PASSED] - verifyElementPresent(findTestObject("Object Repository/IWP30/Page_CCPaymentEntry/CardNumber"), 30): Object 'Object Repository/IWP30/Page_CCPaymentEntry/CardNumber' is present

2024-05-15 15:45:59 - [MESSAGE][PASSED] - Object 'Object Repository/IWP30/Page_CCPaymentEntry/CardNumber' is present

2024-05-15 15:45:59 - [TEST_STEP][PASSED] - verifyElementPresent(findTestObject("Object Repository/IWP30/Page_CCPaymentEntry/SPC"), 30): Object 'Object Repository/IWP30/Page_CCPaymentEntry/SPC' is present

2024-05-15 15:45:59 - [MESSAGE][PASSED] - Object 'Object Repository/IWP30/Page_CCPaymentEntry/SPC' is present

2024-05-15 15:45:59 - [TEST_STEP][PASSED] - verifyElementPresent(findTestObject("Object Repository/IWP30/Page_CCPaymentEntry/Month"), 30): Object 'Object Repository/IWP30/Page_CCPaymentEntry/Month' is present

2024-05-15 15:45:59 - [MESSAGE][PASSED] - Object 'Object Repository/IWP30/Page_CCPaymentEntry/Month' is present

2024-05-15 15:45:59 - [TEST_STEP][PASSED] - verifyElementPresent(findTestObject("Object Repository/IWP30/Page_CCPaymentEntry/Year"), 30): Object 'Object Repository/IWP30/Page_CCPaymentEntry/Year' is present

2024-05-15 15:46:00 - [MESSAGE][PASSED] - Object 'Object Repository/IWP30/Page_CCPaymentEntry/Year' is present

2024-05-15 15:46:00 - [TEST_STEP][PASSED] - verifyElementPresent(findTestObject("Object Repository/IWP30/Page_CCPaymentEntry/ProcessDate"), 30): Object 'Object Repository/IWP30/Page_CCPaymentEntry/ProcessDate' is present

2024-05-15 15:46:00 - [MESSAGE][PASSED] - Object 'Object Repository/IWP30/Page_CCPaymentEntry/ProcessDate' is present

2024-05-15 15:46:00 - [TEST_STEP][PASSED] - verifyElementPresent(findTestObject("Object Repository/IWP30/Page_CCPaymentEntry/AL1"), 30): Object 'Object Repository/IWP30/Page_CCPaymentEntry/AL1' is present

2024-05-15 15:46:00 - [MESSAGE][PASSED] - Object 'Object Repository/IWP30/Page_CCPaymentEntry/AL1' is present

2024-05-15 15:46:00 - [TEST_STEP][PASSED] - verifyElementPresent(findTestObject("Object Repository/IWP30/Page_CCPaymentEntry/AL2"), 30): Object 'Object Repository/IWP30/Page_CCPaymentEntry/AL2' is present

2024-05-15 15:46:01 - [MESSAGE][PASSED] - Object 'Object Repository/IWP30/Page_CCPaymentEntry/AL2' is present

2024-05-15 15:46:01 - [TEST_STEP][PASSED] - verifyElementPresent(findTestObject("Object Repository/IWP30/Page_CCPaymentEntry/CountryDropDown"), 30): Object 'Object Repository/IWP30/Page_CCPaymentEntry/CountryDropDown' is present

2024-05-15 15:46:01 - [MESSAGE][PASSED] - Object 'Object Repository/IWP30/Page_CCPaymentEntry/CountryDropDown' is present

2024-05-15 15:46:01 - [TEST_STEP][PASSED] - verifyElementPresent(findTestObject("Object Repository/IWP30/Page_CCPaymentEntry/ZIP"), 30): Object 'Object Repository/IWP30/Page_CCPaymentEntry/ZIP' is present

2024-05-15 15:46:01 - [MESSAGE][PASSED] - Object 'Object Repository/IWP30/Page_CCPaymentEntry/ZIP' is present

2024-05-15 15:46:01 - [TEST_STEP][PASSED] - verifyElementPresent(findTestObject("Object Repository/IWP30/Page_CCPaymentEntry/City"), 30): Object 'Object Repository/IWP30/Page_CCPaymentEntry/City' is present

2024-05-15 15:46:01 - [MESSAGE][PASSED] - Object 'Object Repository/IWP30/Page_CCPaymentEntry/City' is present

2024-05-15 15:46:01 - [TEST_STEP][PASSED] - verifyElementPresent(findTestObject("Object Repository/IWP30/Page_CCPaymentEntry/State"), 30): Object 'Object Repository/IWP30/Page_CCPaymentEntry/State' is present

2024-05-15 15:46:02 - [MESSAGE][PASSED] - Object 'Object Repository/IWP30/Page_CCPaymentEntry/State' is present

2024-05-15 15:46:02 - [TEST_STEP][PASSED] - verifyElementPresent(findTestObject("Object Repository/IWP30/Page_CCPaymentEntry/EmailAddress"), 30): Object 'Object Repository/IWP30/Page_CCPaymentEntry/EmailAddress' is present

2024-05-15 15:46:02 - [MESSAGE][PASSED] - Object 'Object Repository/IWP30/Page_CCPaymentEntry/EmailAddress' is present

2024-05-15 15:46:02 - [TEST_STEP][PASSED] - verifyElementPresent(findTestObject("Object Repository/IWP30/Page_CCPaymentEntry/StorePaymentMethodCheckBox"), 30): Object 'Object Repository/IWP30/Page_CCPaymentEntry/StorePaymentMethodCheckBox' is present

2024-05-15 15:46:02 - [MESSAGE][PASSED] - Object 'Object Repository/IWP30/Page_CCPaymentEntry/StorePaymentMethodCheckBox' is present

2024-05-15 15:46:02 - [TEST_STEP][PASSED] - verifyElementPresent(findTestObject("Object Repository/IWP30/Page_CCPaymentEntry/TermCondCheckBox"), 30): Object 'Object Repository/IWP30/Page_CCPaymentEntry/TermCondCheckBox' is present

2024-05-15 15:46:03 - [MESSAGE][PASSED] - Object 'Object Repository/IWP30/Page_CCPaymentEntry/TermCondCheckBox' is present

2024-05-15 15:46:03 - [TEST_STEP][PASSED] - verifyElementPresent(findTestObject("Object Repository/IWP30/Page_CCPaymentEntry/ContinueButton"), 30): Object 'Object Repository/IWP30/Page_CCPaymentEntry/ContinueButton' is present

2024-05-15 15:46:03 - [MESSAGE][PASSED] - Object 'Object Repository/IWP30/Page_CCPaymentEntry/ContinueButton' is present

2024-05-15 15:46:03 - [TEST_STEP][PASSED] - verifyElementPresent(findTestObject("Object Repository/IWP30/Page_CCPaymentEntry/ChangePaymentMethodButton"), 30): Object 'Object Repository/IWP30/Page_CCPaymentEntry/ChangePaymentMethodButton' is present

2024-05-15 15:46:03 - [MESSAGE][PASSED] - Object 'Object Repository/IWP30/Page_CCPaymentEntry/ChangePaymentMethodButton' is present

2024-05-15 15:46:03 - [TEST_STEP][PASSED] - verifyElementPresent(findTestObject("Object Repository/IWP30/Page_CCPaymentEntry/ExitButton"), 30): Object 'Object Repository/IWP30/Page_CCPaymentEntry/ExitButton' is present

2024-05-15 15:46:04 - [MESSAGE][PASSED] - Object 'Object Repository/IWP30/Page_CCPaymentEntry/ExitButton' is present

2024-05-15 15:46:04 - [TEST_STEP][PASSED] - iwpPages.ccPaymentEntryPage.setDataCCPM(row, dataFile): iwpPages.ccPaymentEntryPage.setDataCCPM is PASSED

2024-05-15 15:46:05 - [MESSAGE][PASSED] - Object 'Object Repository/IWP30/Page_CCPaymentEntry/Name' is present

2024-05-15 15:46:05 - [MESSAGE][PASSED] - Object 'Object Repository/IWP30/Page_CCPaymentEntry/Amount' is present

2024-05-15 15:46:06 - [MESSAGE][PASSED] - Text '33.50' is set on object 'Object Repository/IWP30/Page_CCPaymentEntry/Amount'

2024-05-15 15:46:06 - [MESSAGE][PASSED] - Object 'Object Repository/IWP30/Page_CCPaymentEntry/UserDefined2' is present

2024-05-15 15:46:06 - [MESSAGE][PASSED] - Text 'Paani Da' is set on object 'Object Repository/IWP30/Page_CCPaymentEntry/UserDefined2'

2024-05-15 15:46:07 - [MESSAGE][PASSED] - Object 'Object Repository/IWP30/Page_CCPaymentEntry/UserDefined3' is present

2024-05-15 15:46:07 - [MESSAGE][PASSED] - Text 'Andhadun' is set on object 'Object Repository/IWP30/Page_CCPaymentEntry/UserDefined3'

2024-05-15 15:46:08 - [MESSAGE][PASSED] - Object 'Object Repository/IWP30/Page_CCPaymentEntry/UserDefined7' is present

2024-05-15 15:46:08 - [MESSAGE][PASSED] - All options with label 'Orange' are selected in object 'Object Repository/IWP30/Page_CCPaymentEntry/UserDefined7' 

2024-05-15 15:46:09 - [MESSAGE][PASSED] - Object 'Object Repository/IWP30/Page_CCPaymentEntry/UserDefined8' is present

2024-05-15 15:46:09 - [MESSAGE][PASSED] - All options with label 'Tennis' are selected in object 'Object Repository/IWP30/Page_CCPaymentEntry/UserDefined8' 

2024-05-15 15:46:09 - [MESSAGE][PASSED] - Object 'Object Repository/IWP30/Page_CCPaymentEntry/Name' is present

2024-05-15 15:46:10 - [MESSAGE][PASSED] - Text 'Ayush Khuranna' is set on object 'Object Repository/IWP30/Page_CCPaymentEntry/Name'

2024-05-15 15:46:10 - [MESSAGE][PASSED] - Object 'Object Repository/IWP30/Page_CCPaymentEntry/CardNumber' is present

2024-05-15 15:46:11 - [MESSAGE][PASSED] - Text '370000000000002' is set on object 'Object Repository/IWP30/Page_CCPaymentEntry/CardNumber'

2024-05-15 15:46:11 - [MESSAGE][PASSED] - Object 'Object Repository/IWP30/Page_CCPaymentEntry/SPC' is present

2024-05-15 15:46:12 - [MESSAGE][PASSED] - Text '3698' is set on object 'Object Repository/IWP30/Page_CCPaymentEntry/SPC'

2024-05-15 15:46:12 - [MESSAGE][PASSED] - Object 'Object Repository/IWP30/Page_CCPaymentEntry/Month' is present

2024-05-15 15:46:13 - [MESSAGE][PASSED] - All options with label '08' are selected in object 'Object Repository/IWP30/Page_CCPaymentEntry/Month' 

2024-05-15 15:46:13 - [MESSAGE][PASSED] - Object 'Object Repository/IWP30/Page_CCPaymentEntry/Year' is present

2024-05-15 15:46:14 - [MESSAGE][PASSED] - All options with label '2027' are selected in object 'Object Repository/IWP30/Page_CCPaymentEntry/Year' 

2024-05-15 15:46:14 - [MESSAGE][PASSED] - Object 'Object Repository/IWP30/Page_CCPaymentEntry/ProcessDate' is present

2024-05-15 15:46:14 - [MESSAGE][PASSED] - Object 'Object Repository/IWP30/Page_CCPaymentEntry/AL1' is present

2024-05-15 15:46:15 - [MESSAGE][PASSED] - Text '44 Dadar road' is set on object 'Object Repository/IWP30/Page_CCPaymentEntry/AL1'

2024-05-15 15:46:15 - [MESSAGE][PASSED] - Object 'Object Repository/IWP30/Page_CCPaymentEntry/AL2' is present

2024-05-15 15:46:16 - [MESSAGE][PASSED] - Text 'House 63' is set on object 'Object Repository/IWP30/Page_CCPaymentEntry/AL2'

2024-05-15 15:46:16 - [MESSAGE][PASSED] - Object 'Object Repository/IWP30/Page_CCPaymentEntry/ZIP' is present

2024-05-15 15:46:17 - [MESSAGE][PASSED] - Text '21144' is set on object 'Object Repository/IWP30/Page_CCPaymentEntry/ZIP'

2024-05-15 15:46:17 - [MESSAGE][PASSED] - Object 'Object Repository/IWP30/Page_CCPaymentEntry/EmailAddress' is present

2024-05-15 15:46:18 - [MESSAGE][PASSED] - Text 'someone@gmail.com' is set on object 'Object Repository/IWP30/Page_CCPaymentEntry/EmailAddress'

2024-05-15 15:46:18 - [MESSAGE][PASSED] - Object 'Object Repository/IWP30/Page_CCPaymentEntry/TermCondCheckBox' is present

2024-05-15 15:46:19 - [MESSAGE][PASSED] - Object 'Object Repository/IWP30/Page_CCPaymentEntry/TermCondCheckBox' is checked

2024-05-15 15:46:19 - [MESSAGE][PASSED] - Object 'Object Repository/IWP30/Page_CCPaymentEntry/ContinueButton' is present

2024-05-15 15:46:21 - [MESSAGE][PASSED] - Object: 'Object Repository/IWP30/Page_CCPaymentEntry/ContinueButton' is clicked on

2024-05-15 15:46:21 - [MESSAGE][PASSED] - iwpPages.ccPaymentEntryPage.setDataCCPM is PASSED

2024-05-15 15:46:21 - [TEST_STEP][PASSED] - Amount = findTestData("IWPTestData/VerifyUINoCFCCTestData").getValue("CCAmount", row): null

2024-05-15 15:46:21 - [TEST_STEP][PASSED] - UDF2 = findTestData("IWPTestData/VerifyUINoCFCCTestData").getValue("CCUDF2", row): null

2024-05-15 15:46:21 - [TEST_STEP][PASSED] - UDF3 = findTestData("IWPTestData/VerifyUINoCFCCTestData").getValue("CCUDF3", row): null

2024-05-15 15:46:21 - [TEST_STEP][PASSED] - UDF7 = findTestData("IWPTestData/VerifyUINoCFCCTestData").getValue("CCUDF7", row): null

2024-05-15 15:46:21 - [TEST_STEP][PASSED] - UDF8 = findTestData("IWPTestData/VerifyUINoCFCCTestData").getValue("CCUDF8", row): null

2024-05-15 15:46:21 - [TEST_STEP][PASSED] - CName = findTestData("IWPTestData/VerifyUINoCFCCTestData").getValue("CCName", row): null

2024-05-15 15:46:21 - [TEST_STEP][PASSED] - CardType = findTestData("IWPTestData/VerifyUINoCFCCTestData").getValue("VerCardType", row): null

2024-05-15 15:46:21 - [TEST_STEP][PASSED] - Last4 = findTestData("IWPTestData/VerifyUINoCFCCTestData").getValue("VerLast4", row): null

2024-05-15 15:46:21 - [TEST_STEP][PASSED] - CExp = findTestData("IWPTestData/VerifyUINoCFCCTestData").getValue("VerExp", row): null

2024-05-15 15:46:21 - [TEST_STEP][PASSED] - AL1 = findTestData("IWPTestData/VerifyUINoCFCCTestData").getValue("CCAL1", row): null

2024-05-15 15:46:21 - [TEST_STEP][PASSED] - AL2 = findTestData("IWPTestData/VerifyUINoCFCCTestData").getValue("CCAL2", row): null

2024-05-15 15:46:21 - [TEST_STEP][PASSED] - City = findTestData("IWPTestData/VerifyUINoCFCCTestData").getValue("VerCity", row): null

2024-05-15 15:46:21 - [TEST_STEP][PASSED] - State = findTestData("IWPTestData/VerifyUINoCFCCTestData").getValue("VerState", row): null

2024-05-15 15:46:21 - [TEST_STEP][PASSED] - CZIP = findTestData("IWPTestData/VerifyUINoCFCCTestData").getValue("CCZIP", row): null

2024-05-15 15:46:21 - [TEST_STEP][PASSED] - Email = findTestData("IWPTestData/VerifyUINoCFCCTestData").getValue("CCEmail", row): null

2024-05-15 15:46:21 - [TEST_STEP][PASSED] - State2 = findTestData("IWPTestData/VerifyUINoCFCCTestData").getValue("VerState2", row): null

2024-05-15 15:46:22 - [TEST_STEP][PASSED] - CName2 = findTestData("IWPTestData/VerifyUINoCFCCTestData").getValue("VerCCName", row): null

2024-05-15 15:46:22 - [TEST_STEP][PASSED] - verifyTextPresent("Please verify the following information", false): Text 'Please verify the following information' is present on page 

2024-05-15 15:46:22 - [MESSAGE][PASSED] - Text 'Please verify the following information' is present on page 

2024-05-15 15:46:22 - [TEST_STEP][PASSED] - verifyTextPresent("CAN Label", false): Text 'CAN Label' is present on page 

2024-05-15 15:46:22 - [MESSAGE][PASSED] - Text 'CAN Label' is present on page 

2024-05-15 15:46:22 - [TEST_STEP][PASSED] - verifyTextPresent("54654701", false): Text '54654701' is present on page 

2024-05-15 15:46:22 - [MESSAGE][PASSED] - Text '54654701' is present on page 

2024-05-15 15:46:22 - [TEST_STEP][PASSED] - verifyTextPresent("Tax Amount", false): Text 'Tax Amount' is present on page 

2024-05-15 15:46:23 - [MESSAGE][PASSED] - Text 'Tax Amount' is present on page 

2024-05-15 15:46:23 - [TEST_STEP][PASSED] - verifyTextPresent("$0.00", false): Text '$0.00' is present on page 

2024-05-15 15:46:23 - [MESSAGE][PASSED] - Text '$0.00' is present on page 

2024-05-15 15:46:23 - [TEST_STEP][PASSED] - verifyTextPresent("Amount", false): Text 'Amount' is present on page 

2024-05-15 15:46:23 - [MESSAGE][PASSED] - Text 'Amount' is present on page 

2024-05-15 15:46:23 - [TEST_STEP][PASSED] - verifyTextPresent(Amount, false): Text '33.50' is present on page 

2024-05-15 15:46:24 - [MESSAGE][PASSED] - Text '33.50' is present on page 

2024-05-15 15:46:24 - [TEST_STEP][PASSED] - verifyTextPresent("UDF2 Label", false): Text 'UDF2 Label' is present on page 

2024-05-15 15:46:24 - [MESSAGE][PASSED] - Text 'UDF2 Label' is present on page 

2024-05-15 15:46:24 - [TEST_STEP][PASSED] - verifyTextPresent(UDF2, false): Text 'Paani Da' is present on page 

2024-05-15 15:46:24 - [MESSAGE][PASSED] - Text 'Paani Da' is present on page 

2024-05-15 15:46:24 - [TEST_STEP][PASSED] - verifyTextPresent("UDF3 Label", false): Text 'UDF3 Label' is present on page 

2024-05-15 15:46:24 - [MESSAGE][PASSED] - Text 'UDF3 Label' is present on page 

2024-05-15 15:46:24 - [TEST_STEP][PASSED] - verifyTextPresent(UDF3, false): Text 'Andhadun' is present on page 

2024-05-15 15:46:25 - [MESSAGE][PASSED] - Text 'Andhadun' is present on page 

2024-05-15 15:46:25 - [TEST_STEP][PASSED] - verifyTextPresent("UDF4 Label", false): Text 'UDF4 Label' is present on page 

2024-05-15 15:46:25 - [MESSAGE][PASSED] - Text 'UDF4 Label' is present on page 

2024-05-15 15:46:25 - [TEST_STEP][PASSED] - verifyTextPresent("data 4", false): Text 'data 4' is present on page 

2024-05-15 15:46:25 - [MESSAGE][PASSED] - Text 'data 4' is present on page 

2024-05-15 15:46:25 - [TEST_STEP][PASSED] - verifyTextPresent("UDF6 Label", false): Text 'UDF6 Label' is present on page 

2024-05-15 15:46:25 - [MESSAGE][PASSED] - Text 'UDF6 Label' is present on page 

2024-05-15 15:46:25 - [TEST_STEP][PASSED] - verifyTextPresent("data 6", false): Text 'data 6' is present on page 

2024-05-15 15:46:26 - [MESSAGE][PASSED] - Text 'data 6' is present on page 

2024-05-15 15:46:26 - [TEST_STEP][PASSED] - verifyTextPresent("UDF7 Label", false): Text 'UDF7 Label' is present on page 

2024-05-15 15:46:26 - [MESSAGE][PASSED] - Text 'UDF7 Label' is present on page 

2024-05-15 15:46:26 - [TEST_STEP][PASSED] - verifyTextPresent(UDF7, false): Text 'Orange' is present on page 

2024-05-15 15:46:26 - [MESSAGE][PASSED] - Text 'Orange' is present on page 

2024-05-15 15:46:26 - [TEST_STEP][PASSED] - verifyTextPresent("UDF8 Label", false): Text 'UDF8 Label' is present on page 

2024-05-15 15:46:27 - [MESSAGE][PASSED] - Text 'UDF8 Label' is present on page 

2024-05-15 15:46:27 - [TEST_STEP][PASSED] - verifyTextPresent(UDF8, false): Text 'Tennis' is present on page 

2024-05-15 15:46:27 - [MESSAGE][PASSED] - Text 'Tennis' is present on page 

2024-05-15 15:46:27 - [TEST_STEP][PASSED] - verifyTextPresent("UDF9 Label", false): Text 'UDF9 Label' is present on page 

2024-05-15 15:46:27 - [MESSAGE][PASSED] - Text 'UDF9 Label' is present on page 

2024-05-15 15:46:27 - [TEST_STEP][PASSED] - verifyTextPresent("data 9", false): Text 'data 9' is present on page 

2024-05-15 15:46:27 - [MESSAGE][PASSED] - Text 'data 9' is present on page 

2024-05-15 15:46:27 - [TEST_STEP][PASSED] - verifyTextPresent("Card Information", false): Text 'Card Information' is present on page 

2024-05-15 15:46:28 - [MESSAGE][PASSED] - Text 'Card Information' is present on page 

2024-05-15 15:46:28 - [TEST_STEP][PASSED] - verifyTextPresent("Cardholder's Name", false): Text 'Cardholder's Name' is present on page 

2024-05-15 15:46:28 - [MESSAGE][PASSED] - Text 'Cardholder's Name' is present on page 

2024-05-15 15:46:28 - [TEST_STEP][PASSED] - verifyTextPresent(CName, false): Text 'Ayush Khuranna' is present on page 

2024-05-15 15:46:28 - [MESSAGE][PASSED] - Text 'Ayush Khuranna' is present on page 

2024-05-15 15:46:28 - [TEST_STEP][PASSED] - verifyTextPresent("Card Type", false): Text 'Card Type' is present on page 

2024-05-15 15:46:29 - [MESSAGE][PASSED] - Text 'Card Type' is present on page 

2024-05-15 15:46:29 - [TEST_STEP][PASSED] - verifyTextPresent(CardType, false): Text 'American Express' is present on page 

2024-05-15 15:46:29 - [MESSAGE][PASSED] - Text 'American Express' is present on page 

2024-05-15 15:46:29 - [TEST_STEP][PASSED] - verifyTextPresent("Card Number", false): Text 'Card Number' is present on page 

2024-05-15 15:46:29 - [MESSAGE][PASSED] - Text 'Card Number' is present on page 

2024-05-15 15:46:29 - [TEST_STEP][PASSED] - verifyTextPresent(Last4, false): Text '0002' is present on page 

2024-05-15 15:46:29 - [MESSAGE][PASSED] - Text '0002' is present on page 

2024-05-15 15:46:29 - [TEST_STEP][PASSED] - verifyTextPresent("Card Security Code", false): Text 'Card Security Code' is present on page 

2024-05-15 15:46:30 - [MESSAGE][PASSED] - Text 'Card Security Code' is present on page 

2024-05-15 15:46:30 - [TEST_STEP][PASSED] - verifyTextPresent("Expiration Date", false): Text 'Expiration Date' is present on page 

2024-05-15 15:46:30 - [MESSAGE][PASSED] - Text 'Expiration Date' is present on page 

2024-05-15 15:46:30 - [TEST_STEP][PASSED] - verifyTextPresent(CExp, false): Text '8/2027' is present on page 

2024-05-15 15:46:30 - [MESSAGE][PASSED] - Text '8/2027' is present on page 

2024-05-15 15:46:30 - [TEST_STEP][PASSED] - verifyTextPresent("Payment Date", false): Text 'Payment Date' is present on page 

2024-05-15 15:46:30 - [MESSAGE][PASSED] - Text 'Payment Date' is present on page 

2024-05-15 15:46:30 - [TEST_STEP][PASSED] - verifyTextPresent("Billing Information", false): Text 'Billing Information' is present on page 

2024-05-15 15:46:31 - [MESSAGE][PASSED] - Text 'Billing Information' is present on page 

2024-05-15 15:46:31 - [TEST_STEP][PASSED] - verifyTextPresent("Address Line 1", false): Text 'Address Line 1' is present on page 

2024-05-15 15:46:31 - [MESSAGE][PASSED] - Text 'Address Line 1' is present on page 

2024-05-15 15:46:31 - [TEST_STEP][PASSED] - verifyTextPresent(AL1, false): Text '44 Dadar road' is present on page 

2024-05-15 15:46:31 - [MESSAGE][PASSED] - Text '44 Dadar road' is present on page 

2024-05-15 15:46:31 - [TEST_STEP][PASSED] - verifyTextPresent("Address Line 2", false): Text 'Address Line 2' is present on page 

2024-05-15 15:46:32 - [MESSAGE][PASSED] - Text 'Address Line 2' is present on page 

2024-05-15 15:46:32 - [TEST_STEP][PASSED] - verifyTextPresent(AL2, false): Text 'House 63' is present on page 

2024-05-15 15:46:32 - [MESSAGE][PASSED] - Text 'House 63' is present on page 

2024-05-15 15:46:32 - [TEST_STEP][PASSED] - verifyTextPresent("Country", false): Text 'Country' is present on page 

2024-05-15 15:46:32 - [MESSAGE][PASSED] - Text 'Country' is present on page 

2024-05-15 15:46:32 - [TEST_STEP][PASSED] - verifyTextPresent("United States", false): Text 'United States' is present on page 

2024-05-15 15:46:32 - [MESSAGE][PASSED] - Text 'United States' is present on page 

2024-05-15 15:46:32 - [TEST_STEP][PASSED] - verifyTextPresent("City", false): Text 'City' is present on page 

2024-05-15 15:46:33 - [MESSAGE][PASSED] - Text 'City' is present on page 

2024-05-15 15:46:33 - [TEST_STEP][PASSED] - verifyTextPresent(City, false): Text 'SEVERN' is present on page 

2024-05-15 15:46:33 - [MESSAGE][PASSED] - Text 'SEVERN' is present on page 

2024-05-15 15:46:33 - [TEST_STEP][PASSED] - verifyTextPresent("State", false): Text 'State' is present on page 

2024-05-15 15:46:33 - [MESSAGE][PASSED] - Text 'State' is present on page 

2024-05-15 15:46:33 - [TEST_STEP][PASSED] - verifyTextPresent(State, false): Text 'Maryland' is present on page 

2024-05-15 15:46:34 - [MESSAGE][PASSED] - Text 'Maryland' is present on page 

2024-05-15 15:46:34 - [TEST_STEP][PASSED] - verifyTextPresent("ZIP Code", false): Text 'ZIP Code' is present on page 

2024-05-15 15:46:34 - [MESSAGE][PASSED] - Text 'ZIP Code' is present on page 

2024-05-15 15:46:34 - [TEST_STEP][PASSED] - verifyTextPresent(CZIP, false): Text '21144' is present on page 

2024-05-15 15:46:34 - [MESSAGE][PASSED] - Text '21144' is present on page 

2024-05-15 15:46:34 - [TEST_STEP][PASSED] - verifyTextPresent("Email Address", false): Text 'Email Address' is present on page 

2024-05-15 15:46:34 - [MESSAGE][PASSED] - Text 'Email Address' is present on page 

2024-05-15 15:46:34 - [TEST_STEP][PASSED] - verifyTextPresent(Email, false): Text 'someone@gmail.com' is present on page 

2024-05-15 15:46:35 - [MESSAGE][PASSED] - Text 'someone@gmail.com' is present on page 

2024-05-15 15:46:35 - [TEST_STEP][PASSED] - verifyTextPresent("Is this information correct", false): Text 'Is this information correct' is present on page 

2024-05-15 15:46:35 - [MESSAGE][PASSED] - Text 'Is this information correct' is present on page 

2024-05-15 15:46:35 - [TEST_STEP][PASSED] - verifyTextPresent("These are CC Custom HTML", false): Text 'These are CC Custom HTML' is present on page 

2024-05-15 15:46:35 - [MESSAGE][PASSED] - Text 'These are CC Custom HTML' is present on page 

2024-05-15 15:46:35 - [TEST_STEP][PASSED] - verifyElementPresent(findTestObject("Object Repository/IWP30/Page_Confirmation/ChangePaymentMethodButton"), 30): Object 'Object Repository/IWP30/Page_Confirmation/ChangePaymentMethodButton' is present

2024-05-15 15:46:36 - [MESSAGE][PASSED] - Object 'Object Repository/IWP30/Page_Confirmation/ChangePaymentMethodButton' is present

2024-05-15 15:46:36 - [TEST_STEP][PASSED] - verifyElementPresent(findTestObject("Object Repository/IWP30/Page_Confirmation/ConfirmButton"), 30): Object 'Object Repository/IWP30/Page_Confirmation/ConfirmButton' is present

2024-05-15 15:46:36 - [MESSAGE][PASSED] - Object 'Object Repository/IWP30/Page_Confirmation/ConfirmButton' is present

2024-05-15 15:46:36 - [TEST_STEP][PASSED] - verifyElementPresent(findTestObject("Object Repository/IWP30/Page_Confirmation/ExitButton"), 30): Object 'Object Repository/IWP30/Page_Confirmation/ExitButton' is present

2024-05-15 15:46:36 - [MESSAGE][PASSED] - Object 'Object Repository/IWP30/Page_Confirmation/ExitButton' is present

2024-05-15 15:46:36 - [TEST_STEP][PASSED] - verifyElementPresent(findTestObject("Object Repository/IWP30/Page_Confirmation/ModifyButton"), 30): Object 'Object Repository/IWP30/Page_Confirmation/ModifyButton' is present

2024-05-15 15:46:36 - [MESSAGE][PASSED] - Object 'Object Repository/IWP30/Page_Confirmation/ModifyButton' is present

2024-05-15 15:46:36 - [TEST_STEP][PASSED] - click(findTestObject("Object Repository/IWP30/Page_Confirmation/ConfirmButton")): Object: 'Object Repository/IWP30/Page_Confirmation/ConfirmButton' is clicked on

2024-05-15 15:46:38 - [MESSAGE][PASSED] - Object: 'Object Repository/IWP30/Page_Confirmation/ConfirmButton' is clicked on

2024-05-15 15:46:38 - [TEST_STEP][PASSED] - Thread.sleep(10000): null

2024-05-15 15:46:48 - [TEST_STEP][PASSED] - verifyTextPresent("Successful Payment Receipt", false): Text 'Successful Payment Receipt' is present on page 

2024-05-15 15:46:48 - [MESSAGE][PASSED] - Text 'Successful Payment Receipt' is present on page 

2024-05-15 15:46:48 - [TEST_STEP][PASSED] - verifyTextPresent("Please print this receipt for your records", false): Text 'Please print this receipt for your records' is present on page 

2024-05-15 15:46:49 - [MESSAGE][PASSED] - Text 'Please print this receipt for your records' is present on page 

2024-05-15 15:46:49 - [TEST_STEP][PASSED] - verifyTextPresent("Remittance ID", false): Text 'Remittance ID' is present on page 

2024-05-15 15:46:49 - [MESSAGE][PASSED] - Text 'Remittance ID' is present on page 

2024-05-15 15:46:49 - [TEST_STEP][PASSED] - verifyTextPresent("CAN Label", false): Text 'CAN Label' is present on page 

2024-05-15 15:46:49 - [MESSAGE][PASSED] - Text 'CAN Label' is present on page 

2024-05-15 15:46:49 - [TEST_STEP][PASSED] - verifyTextPresent("54654701", false): Text '54654701' is present on page 

2024-05-15 15:46:49 - [MESSAGE][PASSED] - Text '54654701' is present on page 

2024-05-15 15:46:49 - [TEST_STEP][PASSED] - verifyTextPresent("Received", false): Text 'Received' is present on page 

2024-05-15 15:46:50 - [MESSAGE][PASSED] - Text 'Received' is present on page 

2024-05-15 15:46:50 - [TEST_STEP][PASSED] - verifyTextPresent("UDF1 Label", false): Text 'UDF1 Label' is present on page 

2024-05-15 15:46:50 - [MESSAGE][PASSED] - Text 'UDF1 Label' is present on page 

2024-05-15 15:46:50 - [TEST_STEP][PASSED] - verifyTextPresent("UDF2 Label", false): Text 'UDF2 Label' is present on page 

2024-05-15 15:46:50 - [MESSAGE][PASSED] - Text 'UDF2 Label' is present on page 

2024-05-15 15:46:50 - [TEST_STEP][PASSED] - verifyTextPresent(UDF2, false): Text 'Paani Da' is present on page 

2024-05-15 15:46:50 - [MESSAGE][PASSED] - Text 'Paani Da' is present on page 

2024-05-15 15:46:50 - [TEST_STEP][PASSED] - verifyTextPresent("UDF3 Label", false): Text 'UDF3 Label' is present on page 

2024-05-15 15:46:51 - [MESSAGE][PASSED] - Text 'UDF3 Label' is present on page 

2024-05-15 15:46:51 - [TEST_STEP][PASSED] - verifyTextPresent(UDF3, false): Text 'Andhadun' is present on page 

2024-05-15 15:46:51 - [MESSAGE][PASSED] - Text 'Andhadun' is present on page 

2024-05-15 15:46:51 - [TEST_STEP][PASSED] - verifyTextPresent("UDF4 Label", false): Text 'UDF4 Label' is present on page 

2024-05-15 15:46:51 - [MESSAGE][PASSED] - Text 'UDF4 Label' is present on page 

2024-05-15 15:46:51 - [TEST_STEP][PASSED] - verifyTextPresent("data 4", false): Text 'data 4' is present on page 

2024-05-15 15:46:51 - [MESSAGE][PASSED] - Text 'data 4' is present on page 

2024-05-15 15:46:51 - [TEST_STEP][PASSED] - verifyTextPresent("UDF6 Label", false): Text 'UDF6 Label' is present on page 

2024-05-15 15:46:52 - [MESSAGE][PASSED] - Text 'UDF6 Label' is present on page 

2024-05-15 15:46:52 - [TEST_STEP][PASSED] - verifyTextPresent("data 6", false): Text 'data 6' is present on page 

2024-05-15 15:46:52 - [MESSAGE][PASSED] - Text 'data 6' is present on page 

2024-05-15 15:46:52 - [TEST_STEP][PASSED] - verifyTextPresent("UDF7 Label", false): Text 'UDF7 Label' is present on page 

2024-05-15 15:46:52 - [MESSAGE][PASSED] - Text 'UDF7 Label' is present on page 

2024-05-15 15:46:52 - [TEST_STEP][PASSED] - verifyTextPresent(UDF7, false): Text 'Orange' is present on page 

2024-05-15 15:46:53 - [MESSAGE][PASSED] - Text 'Orange' is present on page 

2024-05-15 15:46:53 - [TEST_STEP][PASSED] - verifyTextPresent("UDF8 Label", false): Text 'UDF8 Label' is present on page 

2024-05-15 15:46:53 - [MESSAGE][PASSED] - Text 'UDF8 Label' is present on page 

2024-05-15 15:46:53 - [TEST_STEP][PASSED] - verifyTextPresent(UDF8, false): Text 'Tennis' is present on page 

2024-05-15 15:46:53 - [MESSAGE][PASSED] - Text 'Tennis' is present on page 

2024-05-15 15:46:53 - [TEST_STEP][PASSED] - verifyTextPresent("UDF9 Label", false): Text 'UDF9 Label' is present on page 

2024-05-15 15:46:53 - [MESSAGE][PASSED] - Text 'UDF9 Label' is present on page 

2024-05-15 15:46:53 - [TEST_STEP][PASSED] - verifyTextPresent("data 9", false): Text 'data 9' is present on page 

2024-05-15 15:46:54 - [MESSAGE][PASSED] - Text 'data 9' is present on page 

2024-05-15 15:46:54 - [TEST_STEP][PASSED] - verifyTextPresent("Tax Amount", false): Text 'Tax Amount' is present on page 

2024-05-15 15:46:54 - [MESSAGE][PASSED] - Text 'Tax Amount' is present on page 

2024-05-15 15:46:54 - [TEST_STEP][PASSED] - verifyTextPresent("$0.00", false): Text '$0.00' is present on page 

2024-05-15 15:46:54 - [MESSAGE][PASSED] - Text '$0.00' is present on page 

2024-05-15 15:46:54 - [TEST_STEP][PASSED] - verifyTextPresent("Amount", false): Text 'Amount' is present on page 

2024-05-15 15:46:54 - [MESSAGE][PASSED] - Text 'Amount' is present on page 

2024-05-15 15:46:54 - [TEST_STEP][PASSED] - verifyTextPresent(Amount, false): Text '33.50' is present on page 

2024-05-15 15:46:55 - [MESSAGE][PASSED] - Text '33.50' is present on page 

2024-05-15 15:46:55 - [TEST_STEP][PASSED] - verifyTextPresent("Transaction Type", false): Text 'Transaction Type' is present on page 

2024-05-15 15:46:55 - [MESSAGE][PASSED] - Text 'Transaction Type' is present on page 

2024-05-15 15:46:55 - [TEST_STEP][PASSED] - verifyTextPresent("Authorization and Capture", false): Text 'Authorization and Capture' is present on page 

2024-05-15 15:46:55 - [MESSAGE][PASSED] - Text 'Authorization and Capture' is present on page 

2024-05-15 15:46:55 - [TEST_STEP][PASSED] - verifyTextPresent("Card Information", false): Text 'Card Information' is present on page 

2024-05-15 15:46:55 - [MESSAGE][PASSED] - Text 'Card Information' is present on page 

2024-05-15 15:46:55 - [TEST_STEP][PASSED] - verifyTextPresent(CardType, false): Text 'American Express' is present on page 

2024-05-15 15:46:56 - [MESSAGE][PASSED] - Text 'American Express' is present on page 

2024-05-15 15:46:56 - [TEST_STEP][PASSED] - verifyTextPresent(CName2, false): Text 'AYUSH KHURANNA' is present on page 

2024-05-15 15:46:56 - [MESSAGE][PASSED] - Text 'AYUSH KHURANNA' is present on page 

2024-05-15 15:46:56 - [TEST_STEP][PASSED] - verifyTextPresent(Last4, false): Text '0002' is present on page 

2024-05-15 15:46:56 - [MESSAGE][PASSED] - Text '0002' is present on page 

2024-05-15 15:46:56 - [TEST_STEP][PASSED] - verifyTextPresent("Billing Information", false): Text 'Billing Information' is present on page 

2024-05-15 15:46:56 - [MESSAGE][PASSED] - Text 'Billing Information' is present on page 

2024-05-15 15:46:56 - [TEST_STEP][PASSED] - verifyTextPresent("Address Line 1", false): Text 'Address Line 1' is present on page 

2024-05-15 15:46:57 - [MESSAGE][PASSED] - Text 'Address Line 1' is present on page 

2024-05-15 15:46:57 - [TEST_STEP][PASSED] - verifyTextPresent(AL1, false): Text '44 Dadar road' is present on page 

2024-05-15 15:46:57 - [MESSAGE][PASSED] - Text '44 Dadar road' is present on page 

2024-05-15 15:46:57 - [TEST_STEP][PASSED] - verifyTextPresent("Address Line 2", false): Text 'Address Line 2' is present on page 

2024-05-15 15:46:57 - [MESSAGE][PASSED] - Text 'Address Line 2' is present on page 

2024-05-15 15:46:57 - [TEST_STEP][PASSED] - verifyTextPresent(AL2, false): Text 'House 63' is present on page 

2024-05-15 15:46:57 - [MESSAGE][PASSED] - Text 'House 63' is present on page 

2024-05-15 15:46:57 - [TEST_STEP][PASSED] - verifyTextPresent("Country", false): Text 'Country' is present on page 

2024-05-15 15:46:58 - [MESSAGE][PASSED] - Text 'Country' is present on page 

2024-05-15 15:46:58 - [TEST_STEP][PASSED] - verifyTextPresent("United States", false): Text 'United States' is present on page 

2024-05-15 15:46:58 - [MESSAGE][PASSED] - Text 'United States' is present on page 

2024-05-15 15:46:58 - [TEST_STEP][PASSED] - verifyTextPresent("City", false): Text 'City' is present on page 

2024-05-15 15:46:58 - [MESSAGE][PASSED] - Text 'City' is present on page 

2024-05-15 15:46:58 - [TEST_STEP][PASSED] - verifyTextPresent(City, false): Text 'SEVERN' is present on page 

2024-05-15 15:46:59 - [MESSAGE][PASSED] - Text 'SEVERN' is present on page 

2024-05-15 15:46:59 - [TEST_STEP][PASSED] - verifyTextPresent("State", false): Text 'State' is present on page 

2024-05-15 15:46:59 - [MESSAGE][PASSED] - Text 'State' is present on page 

2024-05-15 15:46:59 - [TEST_STEP][PASSED] - verifyTextPresent(State2, false): Text 'MD' is present on page 

2024-05-15 15:46:59 - [MESSAGE][PASSED] - Text 'MD' is present on page 

2024-05-15 15:46:59 - [TEST_STEP][PASSED] - verifyTextPresent("ZIP Code", false): Text 'ZIP Code' is present on page 

2024-05-15 15:46:59 - [MESSAGE][PASSED] - Text 'ZIP Code' is present on page 

2024-05-15 15:46:59 - [TEST_STEP][PASSED] - verifyTextPresent(CZIP, false): Text '21144' is present on page 

2024-05-15 15:47:00 - [MESSAGE][PASSED] - Text '21144' is present on page 

2024-05-15 15:47:00 - [TEST_STEP][PASSED] - verifyElementPresent(findTestObject("Object Repository/IWP30/Page_Receipt/ExitButton"), 30): Object 'Object Repository/IWP30/Page_Receipt/ExitButton' is present

2024-05-15 15:47:00 - [MESSAGE][PASSED] - Object 'Object Repository/IWP30/Page_Receipt/ExitButton' is present

2024-05-15 15:47:00 - [TEST_STEP][PASSED] - closeBrowser(): Browser is closed

2024-05-15 15:47:01 - [MESSAGE][PASSED] - Browser is closed

2024-05-15 15:47:01 - [TEST_STEP][PASSED] - openBrowser(urlEmulator): Browser is opened with url: 'https://qa2.velocitypayment.com/agency/config.do?action=editor'

2024-05-15 15:47:01 - [MESSAGE][INFO] - Starting 'Chrome' driver

2024-05-15 15:47:01 - [MESSAGE][INFO] - User set preference: ['acceptInsecureCerts', 'true']

2024-05-15 15:47:01 - [MESSAGE][INFO] - Action delay is set to 0 milliseconds

2024-05-15 15:47:04 - [MESSAGE][PASSED] - Browser is opened with url: 'https://qa2.velocitypayment.com/agency/config.do?action=editor'

2024-05-15 15:47:04 - [TEST_STEP][PASSED] - maximizeWindow(): Current window maximized

2024-05-15 15:47:04 - [MESSAGE][PASSED] - Current window maximized

2024-05-15 15:47:04 - [TEST_STEP][PASSED] - iwpPages.emulatorIWP30.setDataEmulatorStandard(): iwpPages.emulatorIWP30.setDataEmulatorStandard is PASSED

2024-05-15 15:47:04 - [MESSAGE][PASSED] - Object 'Object Repository/IWP30/Page_VRelay30Emulator/Amount' is present

2024-05-15 15:47:05 - [MESSAGE][PASSED] - All options with value '3.0' are selected in object 'Object Repository/IWP30/Page_VRelay30Emulator/MV'  using regular expression

2024-05-15 15:47:06 - [MESSAGE][PASSED] - Text '10.50' is set on object 'Object Repository/IWP30/Page_VRelay30Emulator/Amount'

2024-05-15 15:47:07 - [MESSAGE][PASSED] - Text '54654701' is set on object 'Object Repository/IWP30/Page_VRelay30Emulator/CAN'

2024-05-15 15:47:07 - [MESSAGE][PASSED] - Text 'PayNow' is set on object 'Object Repository/IWP30/Page_VRelay30Emulator/Action'

2024-05-15 15:47:08 - [MESSAGE][PASSED] - Text 'en_US' is set on object 'Object Repository/IWP30/Page_VRelay30Emulator/Lang'

2024-05-15 15:47:09 - [MESSAGE][PASSED] - Text '' is set on object 'Object Repository/IWP30/Page_VRelay30Emulator/Fname'

2024-05-15 15:47:09 - [MESSAGE][PASSED] - Text '' is set on object 'Object Repository/IWP30/Page_VRelay30Emulator/Lname'

2024-05-15 15:47:10 - [MESSAGE][PASSED] - Text '' is set on object 'Object Repository/IWP30/Page_VRelay30Emulator/AL1'

2024-05-15 15:47:10 - [MESSAGE][PASSED] - Text '' is set on object 'Object Repository/IWP30/Page_VRelay30Emulator/AL2'

2024-05-15 15:47:11 - [MESSAGE][PASSED] - Text '' is set on object 'Object Repository/IWP30/Page_VRelay30Emulator/Country'

2024-05-15 15:47:12 - [MESSAGE][PASSED] - Text '' is set on object 'Object Repository/IWP30/Page_VRelay30Emulator/City'

2024-05-15 15:47:12 - [MESSAGE][PASSED] - Text '' is set on object 'Object Repository/IWP30/Page_VRelay30Emulator/State'

2024-05-15 15:47:13 - [MESSAGE][PASSED] - Text '' is set on object 'Object Repository/IWP30/Page_VRelay30Emulator/ZIP'

2024-05-15 15:47:14 - [MESSAGE][PASSED] - Text '' is set on object 'Object Repository/IWP30/Page_VRelay30Emulator/Order'

2024-05-15 15:47:14 - [MESSAGE][PASSED] - Text '' is set on object 'Object Repository/IWP30/Page_VRelay30Emulator/Company'

2024-05-15 15:47:15 - [MESSAGE][PASSED] - Text '' is set on object 'Object Repository/IWP30/Page_VRelay30Emulator/Email'

2024-05-15 15:47:16 - [MESSAGE][PASSED] - Text '' is set on object 'Object Repository/IWP30/Page_VRelay30Emulator/UDF1'

2024-05-15 15:47:16 - [MESSAGE][PASSED] - Text '' is set on object 'Object Repository/IWP30/Page_VRelay30Emulator/UDF2'

2024-05-15 15:47:17 - [MESSAGE][PASSED] - Text 'data 3' is set on object 'Object Repository/IWP30/Page_VRelay30Emulator/UDF3'

2024-05-15 15:47:17 - [MESSAGE][PASSED] - Text 'data 4' is set on object 'Object Repository/IWP30/Page_VRelay30Emulator/UDF4'

2024-05-15 15:47:18 - [MESSAGE][PASSED] - Text 'data 5' is set on object 'Object Repository/IWP30/Page_VRelay30Emulator/UDF5'

2024-05-15 15:47:19 - [MESSAGE][PASSED] - Text 'data 6' is set on object 'Object Repository/IWP30/Page_VRelay30Emulator/UDF6'

2024-05-15 15:47:19 - [MESSAGE][PASSED] - Text 'Orange' is set on object 'Object Repository/IWP30/Page_VRelay30Emulator/UDF7'

2024-05-15 15:47:20 - [MESSAGE][PASSED] - Text 'Soccer' is set on object 'Object Repository/IWP30/Page_VRelay30Emulator/UDF8'

2024-05-15 15:47:21 - [MESSAGE][PASSED] - Text 'data 9' is set on object 'Object Repository/IWP30/Page_VRelay30Emulator/UDF9'

2024-05-15 15:47:21 - [MESSAGE][PASSED] - Text 'data 10' is set on object 'Object Repository/IWP30/Page_VRelay30Emulator/UDF10'

2024-05-15 15:47:24 - [MESSAGE][PASSED] - Object: 'Object Repository/IWP30/Page_VRelay30Emulator/Submit' is clicked on

2024-05-15 15:47:30 - [MESSAGE][PASSED] - Browser is closed

2024-05-15 15:47:30 - [MESSAGE][PASSED] - iwpPages.emulatorIWP30.setDataEmulatorStandard is PASSED

2024-05-15 15:47:30 - [TEST_STEP][PASSED] - openBrowser(urlTestHarness): Browser is opened with url: 'https://dev-algorithm.govolution.com/vrelaytest/QA2/version_2_2/vrelaytest.html'

2024-05-15 15:47:30 - [MESSAGE][INFO] - Starting 'Chrome' driver

2024-05-15 15:47:30 - [MESSAGE][INFO] - User set preference: ['acceptInsecureCerts', 'true']

2024-05-15 15:47:30 - [MESSAGE][INFO] - Action delay is set to 0 milliseconds

2024-05-15 15:47:32 - [MESSAGE][PASSED] - Browser is opened with url: 'https://dev-algorithm.govolution.com/vrelaytest/QA2/version_2_2/vrelaytest.html'

2024-05-15 15:47:32 - [TEST_STEP][PASSED] - maximizeWindow(): Current window maximized

2024-05-15 15:47:32 - [MESSAGE][PASSED] - Current window maximized

2024-05-15 15:47:32 - [TEST_STEP][PASSED] - genRemIDVoid = RandomStringUtils.random(12, true, true): null

2024-05-15 15:47:32 - [TEST_STEP][PASSED] - if (verifyElementPresent(findTestObject("Object Repository/IWP30/Page_QATestHarness/RemittanceID"), 30)): null

2024-05-15 15:47:33 - [MESSAGE][PASSED] - Object 'Object Repository/IWP30/Page_QATestHarness/RemittanceID' is present

2024-05-15 15:47:33 - [TEST_STEP][PASSED] - println("We are on Test Harness page, start populating"): null

2024-05-15 15:47:33 - [TEST_STEP][PASSED] - setText(findTestObject("Object Repository/IWP30/Page_QATestHarness/ApplicationID"), "649"): Text '649' is set on object 'Object Repository/IWP30/Page_QATestHarness/ApplicationID'

2024-05-15 15:47:33 - [MESSAGE][PASSED] - Text '649' is set on object 'Object Repository/IWP30/Page_QATestHarness/ApplicationID'

2024-05-15 15:47:33 - [TEST_STEP][PASSED] - setText(findTestObject("Object Repository/IWP30/Page_QATestHarness/MessageVersion"), "3.0"): Text '3.0' is set on object 'Object Repository/IWP30/Page_QATestHarness/MessageVersion'

2024-05-15 15:47:34 - [MESSAGE][PASSED] - Text '3.0' is set on object 'Object Repository/IWP30/Page_QATestHarness/MessageVersion'

2024-05-15 15:47:34 - [TEST_STEP][PASSED] - setText(findTestObject("Object Repository/IWP30/Page_QATestHarness/RemittanceID"), genRemIDVoid): Text 'nVbPtRNQ51Ru' is set on object 'Object Repository/IWP30/Page_QATestHarness/RemittanceID'

2024-05-15 15:47:35 - [MESSAGE][PASSED] - Text 'nVbPtRNQ51Ru' is set on object 'Object Repository/IWP30/Page_QATestHarness/RemittanceID'

2024-05-15 15:47:35 - [TEST_STEP][PASSED] - click(findTestObject("Object Repository/IWP30/Page_QATestHarness/SubmitButton")): Object: 'Object Repository/IWP30/Page_QATestHarness/SubmitButton' is clicked on

2024-05-15 15:47:36 - [MESSAGE][PASSED] - Object: 'Object Repository/IWP30/Page_QATestHarness/SubmitButton' is clicked on

2024-05-15 15:47:36 - [TEST_STEP][PASSED] - verifyTextPresent("Select Payment Method", false): Text 'Select Payment Method' is present on page 

2024-05-15 15:47:37 - [MESSAGE][PASSED] - Text 'Select Payment Method' is present on page 

2024-05-15 15:47:37 - [TEST_STEP][PASSED] - verifyTextPresent("Please Choose the Method of Payment", false): Text 'Please Choose the Method of Payment' is present on page 

2024-05-15 15:47:37 - [MESSAGE][PASSED] - Text 'Please Choose the Method of Payment' is present on page 

2024-05-15 15:47:37 - [TEST_STEP][PASSED] - verifyElementPresent(findTestObject("Object Repository/IWP30/Page_SelectPaymentMethod/PayByCreditCard"), 30): Object 'Object Repository/IWP30/Page_SelectPaymentMethod/PayByCreditCard' is present

2024-05-15 15:47:37 - [MESSAGE][PASSED] - Object 'Object Repository/IWP30/Page_SelectPaymentMethod/PayByCreditCard' is present

2024-05-15 15:47:37 - [TEST_STEP][PASSED] - verifyElementPresent(findTestObject("Object Repository/IWP30/Page_SelectPaymentMethod/PayByCorporateCheck"), 30): Object 'Object Repository/IWP30/Page_SelectPaymentMethod/PayByCorporateCheck' is present

2024-05-15 15:47:38 - [MESSAGE][PASSED] - Object 'Object Repository/IWP30/Page_SelectPaymentMethod/PayByCorporateCheck' is present

2024-05-15 15:47:38 - [TEST_STEP][PASSED] - verifyElementPresent(findTestObject("Object Repository/IWP30/Page_SelectPaymentMethod/PayByPersonalCheck"), 30): Object 'Object Repository/IWP30/Page_SelectPaymentMethod/PayByPersonalCheck' is present

2024-05-15 15:47:38 - [MESSAGE][PASSED] - Object 'Object Repository/IWP30/Page_SelectPaymentMethod/PayByPersonalCheck' is present

2024-05-15 15:47:38 - [TEST_STEP][PASSED] - verifyElementPresent(findTestObject("Object Repository/IWP30/Page_SelectPaymentMethod/ExitButton"), 30): Object 'Object Repository/IWP30/Page_SelectPaymentMethod/ExitButton' is present

2024-05-15 15:47:38 - [MESSAGE][PASSED] - Object 'Object Repository/IWP30/Page_SelectPaymentMethod/ExitButton' is present

2024-05-15 15:47:38 - [TEST_STEP][PASSED] - if (verifyElementPresent(findTestObject("Object Repository/IWP30/Page_SelectPaymentMethod/PayByCreditCard"), 30)): null

2024-05-15 15:47:39 - [MESSAGE][PASSED] - Object 'Object Repository/IWP30/Page_SelectPaymentMethod/PayByCreditCard' is present

2024-05-15 15:47:39 - [TEST_STEP][PASSED] - println("We are on Select Payment Method page, start populating"): null

2024-05-15 15:47:39 - [TEST_STEP][PASSED] - check(findTestObject("Object Repository/IWP30/Page_SelectPaymentMethod/PayByCreditCard")): Object 'Object Repository/IWP30/Page_SelectPaymentMethod/PayByCreditCard' is checked

2024-05-15 15:47:39 - [MESSAGE][PASSED] - Object 'Object Repository/IWP30/Page_SelectPaymentMethod/PayByCreditCard' is checked

2024-05-15 15:47:39 - [TEST_STEP][PASSED] - Thread.sleep(1000): null

2024-05-15 15:47:40 - [TEST_STEP][PASSED] - click(findTestObject("Object Repository/IWP30/Page_SelectPaymentMethod/MakePaymentButton")): Object: 'Object Repository/IWP30/Page_SelectPaymentMethod/MakePaymentButton' is clicked on

2024-05-15 15:47:41 - [MESSAGE][PASSED] - Object: 'Object Repository/IWP30/Page_SelectPaymentMethod/MakePaymentButton' is clicked on

2024-05-15 15:47:41 - [TEST_STEP][PASSED] - verifyTextPresent("Required fields are highlighted with an asterisk", false): Text 'Required fields are highlighted with an asterisk' is present on page 

2024-05-15 15:47:42 - [MESSAGE][PASSED] - Text 'Required fields are highlighted with an asterisk' is present on page 

2024-05-15 15:47:42 - [TEST_STEP][PASSED] - verifyTextPresent("Please enter the following information about your payment", false): Text 'Please enter the following information about your payment' is present on page 

2024-05-15 15:47:42 - [MESSAGE][PASSED] - Text 'Please enter the following information about your payment' is present on page 

2024-05-15 15:47:42 - [TEST_STEP][PASSED] - verifyTextPresent("CAN Label", false): Text 'CAN Label' is present on page 

2024-05-15 15:47:42 - [MESSAGE][PASSED] - Text 'CAN Label' is present on page 

2024-05-15 15:47:42 - [TEST_STEP][PASSED] - verifyTextPresent("Tax Amount", false): Text 'Tax Amount' is present on page 

2024-05-15 15:47:43 - [MESSAGE][PASSED] - Text 'Tax Amount' is present on page 

2024-05-15 15:47:43 - [TEST_STEP][PASSED] - verifyTextPresent("Amount", false): Text 'Amount' is present on page 

2024-05-15 15:47:43 - [MESSAGE][PASSED] - Text 'Amount' is present on page 

2024-05-15 15:47:43 - [TEST_STEP][PASSED] - verifyTextPresent("UDF1 Label", false): Text 'UDF1 Label' is present on page 

2024-05-15 15:47:43 - [MESSAGE][PASSED] - Text 'UDF1 Label' is present on page 

2024-05-15 15:47:43 - [TEST_STEP][PASSED] - verifyTextPresent("UDF2 Label", false): Text 'UDF2 Label' is present on page 

2024-05-15 15:47:44 - [MESSAGE][PASSED] - Text 'UDF2 Label' is present on page 

2024-05-15 15:47:44 - [TEST_STEP][PASSED] - verifyTextPresent("UDF3 Label", false): Text 'UDF3 Label' is present on page 

2024-05-15 15:47:44 - [MESSAGE][PASSED] - Text 'UDF3 Label' is present on page 

2024-05-15 15:47:44 - [TEST_STEP][PASSED] - verifyTextPresent("UDF4 Label", false): Text 'UDF4 Label' is present on page 

2024-05-15 15:47:44 - [MESSAGE][PASSED] - Text 'UDF4 Label' is present on page 

2024-05-15 15:47:44 - [TEST_STEP][PASSED] - verifyTextPresent("UDF6 Label", false): Text 'UDF6 Label' is present on page 

2024-05-15 15:47:45 - [MESSAGE][PASSED] - Text 'UDF6 Label' is present on page 

2024-05-15 15:47:45 - [TEST_STEP][PASSED] - verifyTextPresent("UDF7 Label", false): Text 'UDF7 Label' is present on page 

2024-05-15 15:47:45 - [MESSAGE][PASSED] - Text 'UDF7 Label' is present on page 

2024-05-15 15:47:45 - [TEST_STEP][PASSED] - verifyTextPresent("UDF8 Label", false): Text 'UDF8 Label' is present on page 

2024-05-15 15:47:45 - [MESSAGE][PASSED] - Text 'UDF8 Label' is present on page 

2024-05-15 15:47:45 - [TEST_STEP][PASSED] - verifyTextPresent("UDF9 Label", false): Text 'UDF9 Label' is present on page 

2024-05-15 15:47:46 - [MESSAGE][PASSED] - Text 'UDF9 Label' is present on page 

2024-05-15 15:47:46 - [TEST_STEP][PASSED] - verifyTextPresent("Please enter the following information about your payment method", false): Text 'Please enter the following information about your payment method' is present on page 

2024-05-15 15:47:46 - [MESSAGE][PASSED] - Text 'Please enter the following information about your payment method' is present on page 

2024-05-15 15:47:46 - [TEST_STEP][PASSED] - verifyTextPresent("Cardholder's Name", false): Text 'Cardholder's Name' is present on page 

2024-05-15 15:47:46 - [MESSAGE][PASSED] - Text 'Cardholder's Name' is present on page 

2024-05-15 15:47:46 - [TEST_STEP][PASSED] - verifyTextPresent("Cards Accepted", false): Text 'Cards Accepted' is present on page 

2024-05-15 15:47:47 - [MESSAGE][PASSED] - Text 'Cards Accepted' is present on page 

2024-05-15 15:47:47 - [TEST_STEP][PASSED] - verifyTextPresent("Card Number", false): Text 'Card Number' is present on page 

2024-05-15 15:47:47 - [MESSAGE][PASSED] - Text 'Card Number' is present on page 

2024-05-15 15:47:47 - [TEST_STEP][PASSED] - verifyTextPresent("Card Security Code", false): Text 'Card Security Code' is present on page 

2024-05-15 15:47:47 - [MESSAGE][PASSED] - Text 'Card Security Code' is present on page 

2024-05-15 15:47:47 - [TEST_STEP][PASSED] - verifyTextPresent("Expiration Date", false): Text 'Expiration Date' is present on page 

2024-05-15 15:47:47 - [MESSAGE][PASSED] - Text 'Expiration Date' is present on page 

2024-05-15 15:47:47 - [TEST_STEP][PASSED] - verifyTextPresent("Payment Date", false): Text 'Payment Date' is present on page 

2024-05-15 15:47:48 - [MESSAGE][PASSED] - Text 'Payment Date' is present on page 

2024-05-15 15:47:48 - [TEST_STEP][PASSED] - verifyTextPresent("Billing Information", false): Text 'Billing Information' is present on page 

2024-05-15 15:47:48 - [MESSAGE][PASSED] - Text 'Billing Information' is present on page 

2024-05-15 15:47:48 - [TEST_STEP][PASSED] - verifyTextPresent("Address Line 1", false): Text 'Address Line 1' is present on page 

2024-05-15 15:47:48 - [MESSAGE][PASSED] - Text 'Address Line 1' is present on page 

2024-05-15 15:47:48 - [TEST_STEP][PASSED] - verifyTextPresent("Address Line 2", false): Text 'Address Line 2' is present on page 

2024-05-15 15:47:49 - [MESSAGE][PASSED] - Text 'Address Line 2' is present on page 

2024-05-15 15:47:49 - [TEST_STEP][PASSED] - verifyTextPresent("Country", false): Text 'Country' is present on page 

2024-05-15 15:47:49 - [MESSAGE][PASSED] - Text 'Country' is present on page 

2024-05-15 15:47:49 - [TEST_STEP][PASSED] - verifyTextPresent("ZIP Code", false): Text 'ZIP Code' is present on page 

2024-05-15 15:47:49 - [MESSAGE][PASSED] - Text 'ZIP Code' is present on page 

2024-05-15 15:47:49 - [TEST_STEP][PASSED] - verifyTextPresent("City", false): Text 'City' is present on page 

2024-05-15 15:47:50 - [MESSAGE][PASSED] - Text 'City' is present on page 

2024-05-15 15:47:50 - [TEST_STEP][PASSED] - verifyTextPresent("State", false): Text 'State' is present on page 

2024-05-15 15:47:50 - [MESSAGE][PASSED] - Text 'State' is present on page 

2024-05-15 15:47:50 - [TEST_STEP][PASSED] - verifyTextPresent("Receipt Information", false): Text 'Receipt Information' is present on page 

2024-05-15 15:47:50 - [MESSAGE][PASSED] - Text 'Receipt Information' is present on page 

2024-05-15 15:47:50 - [TEST_STEP][PASSED] - verifyTextPresent("Email Address", false): Text 'Email Address' is present on page 

2024-05-15 15:47:51 - [MESSAGE][PASSED] - Text 'Email Address' is present on page 

2024-05-15 15:47:51 - [TEST_STEP][PASSED] - verifyTextPresent("Please check here to store the payment method for future use", false): Text 'Please check here to store the payment method for future use' is present on page 

2024-05-15 15:47:51 - [MESSAGE][PASSED] - Text 'Please check here to store the payment method for future use' is present on page 

2024-05-15 15:47:51 - [TEST_STEP][PASSED] - verifyTextPresent("These are Customer CC Terms", false): Text 'These are Customer CC Terms' is present on page 

2024-05-15 15:47:51 - [MESSAGE][PASSED] - Text 'These are Customer CC Terms' is present on page 

2024-05-15 15:47:51 - [TEST_STEP][PASSED] - verifyTextPresent("These are CC Custom HTML", false): Text 'These are CC Custom HTML' is present on page 

2024-05-15 15:47:52 - [MESSAGE][PASSED] - Text 'These are CC Custom HTML' is present on page 

2024-05-15 15:47:52 - [TEST_STEP][PASSED] - verifyTextPresent("54654701", false): Text '54654701' is present on page 

2024-05-15 15:47:52 - [MESSAGE][PASSED] - Text '54654701' is present on page 

2024-05-15 15:47:52 - [TEST_STEP][PASSED] - verifyTextPresent("data 4", false): Text 'data 4' is present on page 

2024-05-15 15:47:52 - [MESSAGE][PASSED] - Text 'data 4' is present on page 

2024-05-15 15:47:52 - [TEST_STEP][PASSED] - verifyTextPresent("data 6", false): Text 'data 6' is present on page 

2024-05-15 15:47:52 - [MESSAGE][PASSED] - Text 'data 6' is present on page 

2024-05-15 15:47:52 - [TEST_STEP][PASSED] - verifyTextPresent("data 9", false): Text 'data 9' is present on page 

2024-05-15 15:47:53 - [MESSAGE][PASSED] - Text 'data 9' is present on page 

2024-05-15 15:47:53 - [TEST_STEP][PASSED] - verifyTextNotPresent("UDF5 Label", false): Text 'UDF5 Label' is not present on page

2024-05-15 15:47:53 - [MESSAGE][PASSED] - Text 'UDF5 Label' is not present on page

2024-05-15 15:47:53 - [TEST_STEP][PASSED] - verifyTextNotPresent("UDF10 Label", false): Text 'UDF10 Label' is not present on page

2024-05-15 15:47:53 - [MESSAGE][PASSED] - Text 'UDF10 Label' is not present on page

2024-05-15 15:47:53 - [TEST_STEP][PASSED] - verifyElementPresent(findTestObject("Object Repository/IWP30/Page_CCPaymentEntry/Amount"), 30): Object 'Object Repository/IWP30/Page_CCPaymentEntry/Amount' is present

2024-05-15 15:47:54 - [MESSAGE][PASSED] - Object 'Object Repository/IWP30/Page_CCPaymentEntry/Amount' is present

2024-05-15 15:47:54 - [TEST_STEP][PASSED] - verifyElementPresent(findTestObject("Object Repository/IWP30/Page_CCPaymentEntry/UserDefined2"), 30): Object 'Object Repository/IWP30/Page_CCPaymentEntry/UserDefined2' is present

2024-05-15 15:47:54 - [MESSAGE][PASSED] - Object 'Object Repository/IWP30/Page_CCPaymentEntry/UserDefined2' is present

2024-05-15 15:47:54 - [TEST_STEP][PASSED] - verifyElementPresent(findTestObject("Object Repository/IWP30/Page_CCPaymentEntry/UserDefined3"), 30): Object 'Object Repository/IWP30/Page_CCPaymentEntry/UserDefined3' is present

2024-05-15 15:47:54 - [MESSAGE][PASSED] - Object 'Object Repository/IWP30/Page_CCPaymentEntry/UserDefined3' is present

2024-05-15 15:47:54 - [TEST_STEP][PASSED] - verifyElementPresent(findTestObject("Object Repository/IWP30/Page_CCPaymentEntry/UserDefined7"), 30): Object 'Object Repository/IWP30/Page_CCPaymentEntry/UserDefined7' is present

2024-05-15 15:47:55 - [MESSAGE][PASSED] - Object 'Object Repository/IWP30/Page_CCPaymentEntry/UserDefined7' is present

2024-05-15 15:47:55 - [TEST_STEP][PASSED] - verifyElementPresent(findTestObject("Object Repository/IWP30/Page_CCPaymentEntry/UserDefined8"), 30): Object 'Object Repository/IWP30/Page_CCPaymentEntry/UserDefined8' is present

2024-05-15 15:47:55 - [MESSAGE][PASSED] - Object 'Object Repository/IWP30/Page_CCPaymentEntry/UserDefined8' is present

2024-05-15 15:47:55 - [TEST_STEP][PASSED] - verifyElementPresent(findTestObject("Object Repository/IWP30/Page_CCPaymentEntry/Name"), 30): Object 'Object Repository/IWP30/Page_CCPaymentEntry/Name' is present

2024-05-15 15:47:55 - [MESSAGE][PASSED] - Object 'Object Repository/IWP30/Page_CCPaymentEntry/Name' is present

2024-05-15 15:47:55 - [TEST_STEP][PASSED] - verifyElementPresent(findTestObject("Object Repository/IWP30/Page_CCPaymentEntry/CardNumber"), 30): Object 'Object Repository/IWP30/Page_CCPaymentEntry/CardNumber' is present

2024-05-15 15:47:56 - [MESSAGE][PASSED] - Object 'Object Repository/IWP30/Page_CCPaymentEntry/CardNumber' is present

2024-05-15 15:47:56 - [TEST_STEP][PASSED] - verifyElementPresent(findTestObject("Object Repository/IWP30/Page_CCPaymentEntry/SPC"), 30): Object 'Object Repository/IWP30/Page_CCPaymentEntry/SPC' is present

2024-05-15 15:47:56 - [MESSAGE][PASSED] - Object 'Object Repository/IWP30/Page_CCPaymentEntry/SPC' is present

2024-05-15 15:47:56 - [TEST_STEP][PASSED] - verifyElementPresent(findTestObject("Object Repository/IWP30/Page_CCPaymentEntry/Month"), 30): Object 'Object Repository/IWP30/Page_CCPaymentEntry/Month' is present

2024-05-15 15:47:56 - [MESSAGE][PASSED] - Object 'Object Repository/IWP30/Page_CCPaymentEntry/Month' is present

2024-05-15 15:47:56 - [TEST_STEP][PASSED] - verifyElementPresent(findTestObject("Object Repository/IWP30/Page_CCPaymentEntry/Year"), 30): Object 'Object Repository/IWP30/Page_CCPaymentEntry/Year' is present

2024-05-15 15:47:56 - [MESSAGE][PASSED] - Object 'Object Repository/IWP30/Page_CCPaymentEntry/Year' is present

2024-05-15 15:47:56 - [TEST_STEP][PASSED] - verifyElementPresent(findTestObject("Object Repository/IWP30/Page_CCPaymentEntry/ProcessDate"), 30): Object 'Object Repository/IWP30/Page_CCPaymentEntry/ProcessDate' is present

2024-05-15 15:47:57 - [MESSAGE][PASSED] - Object 'Object Repository/IWP30/Page_CCPaymentEntry/ProcessDate' is present

2024-05-15 15:47:57 - [TEST_STEP][PASSED] - verifyElementPresent(findTestObject("Object Repository/IWP30/Page_CCPaymentEntry/AL1"), 30): Object 'Object Repository/IWP30/Page_CCPaymentEntry/AL1' is present

2024-05-15 15:47:57 - [MESSAGE][PASSED] - Object 'Object Repository/IWP30/Page_CCPaymentEntry/AL1' is present

2024-05-15 15:47:57 - [TEST_STEP][PASSED] - verifyElementPresent(findTestObject("Object Repository/IWP30/Page_CCPaymentEntry/AL2"), 30): Object 'Object Repository/IWP30/Page_CCPaymentEntry/AL2' is present

2024-05-15 15:47:57 - [MESSAGE][PASSED] - Object 'Object Repository/IWP30/Page_CCPaymentEntry/AL2' is present

2024-05-15 15:47:57 - [TEST_STEP][PASSED] - verifyElementPresent(findTestObject("Object Repository/IWP30/Page_CCPaymentEntry/CountryDropDown"), 30): Object 'Object Repository/IWP30/Page_CCPaymentEntry/CountryDropDown' is present

2024-05-15 15:47:58 - [MESSAGE][PASSED] - Object 'Object Repository/IWP30/Page_CCPaymentEntry/CountryDropDown' is present

2024-05-15 15:47:58 - [TEST_STEP][PASSED] - verifyElementPresent(findTestObject("Object Repository/IWP30/Page_CCPaymentEntry/ZIP"), 30): Object 'Object Repository/IWP30/Page_CCPaymentEntry/ZIP' is present

2024-05-15 15:47:58 - [MESSAGE][PASSED] - Object 'Object Repository/IWP30/Page_CCPaymentEntry/ZIP' is present

2024-05-15 15:47:58 - [TEST_STEP][PASSED] - verifyElementPresent(findTestObject("Object Repository/IWP30/Page_CCPaymentEntry/City"), 30): Object 'Object Repository/IWP30/Page_CCPaymentEntry/City' is present

2024-05-15 15:47:58 - [MESSAGE][PASSED] - Object 'Object Repository/IWP30/Page_CCPaymentEntry/City' is present

2024-05-15 15:47:58 - [TEST_STEP][PASSED] - verifyElementPresent(findTestObject("Object Repository/IWP30/Page_CCPaymentEntry/State"), 30): Object 'Object Repository/IWP30/Page_CCPaymentEntry/State' is present

2024-05-15 15:47:59 - [MESSAGE][PASSED] - Object 'Object Repository/IWP30/Page_CCPaymentEntry/State' is present

2024-05-15 15:47:59 - [TEST_STEP][PASSED] - verifyElementPresent(findTestObject("Object Repository/IWP30/Page_CCPaymentEntry/EmailAddress"), 30): Object 'Object Repository/IWP30/Page_CCPaymentEntry/EmailAddress' is present

2024-05-15 15:47:59 - [MESSAGE][PASSED] - Object 'Object Repository/IWP30/Page_CCPaymentEntry/EmailAddress' is present

2024-05-15 15:47:59 - [TEST_STEP][PASSED] - verifyElementPresent(findTestObject("Object Repository/IWP30/Page_CCPaymentEntry/StorePaymentMethodCheckBox"), 30): Object 'Object Repository/IWP30/Page_CCPaymentEntry/StorePaymentMethodCheckBox' is present

2024-05-15 15:47:59 - [MESSAGE][PASSED] - Object 'Object Repository/IWP30/Page_CCPaymentEntry/StorePaymentMethodCheckBox' is present

2024-05-15 15:47:59 - [TEST_STEP][PASSED] - verifyElementPresent(findTestObject("Object Repository/IWP30/Page_CCPaymentEntry/TermCondCheckBox"), 30): Object 'Object Repository/IWP30/Page_CCPaymentEntry/TermCondCheckBox' is present

2024-05-15 15:47:59 - [MESSAGE][PASSED] - Object 'Object Repository/IWP30/Page_CCPaymentEntry/TermCondCheckBox' is present

2024-05-15 15:47:59 - [TEST_STEP][PASSED] - verifyElementPresent(findTestObject("Object Repository/IWP30/Page_CCPaymentEntry/ContinueButton"), 30): Object 'Object Repository/IWP30/Page_CCPaymentEntry/ContinueButton' is present

2024-05-15 15:48:00 - [MESSAGE][PASSED] - Object 'Object Repository/IWP30/Page_CCPaymentEntry/ContinueButton' is present

2024-05-15 15:48:00 - [TEST_STEP][PASSED] - verifyElementPresent(findTestObject("Object Repository/IWP30/Page_CCPaymentEntry/ChangePaymentMethodButton"), 30): Object 'Object Repository/IWP30/Page_CCPaymentEntry/ChangePaymentMethodButton' is present

2024-05-15 15:48:00 - [MESSAGE][PASSED] - Object 'Object Repository/IWP30/Page_CCPaymentEntry/ChangePaymentMethodButton' is present

2024-05-15 15:48:00 - [TEST_STEP][PASSED] - verifyElementPresent(findTestObject("Object Repository/IWP30/Page_CCPaymentEntry/ExitButton"), 30): Object 'Object Repository/IWP30/Page_CCPaymentEntry/ExitButton' is present

2024-05-15 15:48:00 - [MESSAGE][PASSED] - Object 'Object Repository/IWP30/Page_CCPaymentEntry/ExitButton' is present

2024-05-15 15:48:00 - [TEST_STEP][PASSED] - iwpPages.ccPaymentEntryPage.setDataCCPM(row, dataFile): iwpPages.ccPaymentEntryPage.setDataCCPM is PASSED

2024-05-15 15:48:01 - [MESSAGE][PASSED] - Object 'Object Repository/IWP30/Page_CCPaymentEntry/Name' is present

2024-05-15 15:48:02 - [MESSAGE][PASSED] - Object 'Object Repository/IWP30/Page_CCPaymentEntry/Amount' is present

2024-05-15 15:48:02 - [MESSAGE][PASSED] - Text '99.50' is set on object 'Object Repository/IWP30/Page_CCPaymentEntry/Amount'

2024-05-15 15:48:03 - [MESSAGE][PASSED] - Object 'Object Repository/IWP30/Page_CCPaymentEntry/UserDefined2' is present

2024-05-15 15:48:03 - [MESSAGE][PASSED] - Text 'Newton' is set on object 'Object Repository/IWP30/Page_CCPaymentEntry/UserDefined2'

2024-05-15 15:48:04 - [MESSAGE][PASSED] - Object 'Object Repository/IWP30/Page_CCPaymentEntry/UserDefined3' is present

2024-05-15 15:48:04 - [MESSAGE][PASSED] - Text 'Stree' is set on object 'Object Repository/IWP30/Page_CCPaymentEntry/UserDefined3'

2024-05-15 15:48:04 - [MESSAGE][PASSED] - Object 'Object Repository/IWP30/Page_CCPaymentEntry/UserDefined7' is present

2024-05-15 15:48:05 - [MESSAGE][PASSED] - All options with label 'Purple' are selected in object 'Object Repository/IWP30/Page_CCPaymentEntry/UserDefined7' 

2024-05-15 15:48:05 - [MESSAGE][PASSED] - Object 'Object Repository/IWP30/Page_CCPaymentEntry/UserDefined8' is present

2024-05-15 15:48:06 - [MESSAGE][PASSED] - All options with label 'Soccer' are selected in object 'Object Repository/IWP30/Page_CCPaymentEntry/UserDefined8' 

2024-05-15 15:48:06 - [MESSAGE][PASSED] - Object 'Object Repository/IWP30/Page_CCPaymentEntry/Name' is present

2024-05-15 15:48:07 - [MESSAGE][PASSED] - Text 'Raj Kumar Rao' is set on object 'Object Repository/IWP30/Page_CCPaymentEntry/Name'

2024-05-15 15:48:07 - [MESSAGE][PASSED] - Object 'Object Repository/IWP30/Page_CCPaymentEntry/CardNumber' is present

2024-05-15 15:48:08 - [MESSAGE][PASSED] - Text '6011000000000004' is set on object 'Object Repository/IWP30/Page_CCPaymentEntry/CardNumber'

2024-05-15 15:48:08 - [MESSAGE][PASSED] - Object 'Object Repository/IWP30/Page_CCPaymentEntry/SPC' is present

2024-05-15 15:48:09 - [MESSAGE][PASSED] - Text '358' is set on object 'Object Repository/IWP30/Page_CCPaymentEntry/SPC'

2024-05-15 15:48:09 - [MESSAGE][PASSED] - Object 'Object Repository/IWP30/Page_CCPaymentEntry/Month' is present

2024-05-15 15:48:10 - [MESSAGE][PASSED] - All options with label '02' are selected in object 'Object Repository/IWP30/Page_CCPaymentEntry/Month' 

2024-05-15 15:48:10 - [MESSAGE][PASSED] - Object 'Object Repository/IWP30/Page_CCPaymentEntry/Year' is present

2024-05-15 15:48:11 - [MESSAGE][PASSED] - All options with label '2028' are selected in object 'Object Repository/IWP30/Page_CCPaymentEntry/Year' 

2024-05-15 15:48:11 - [MESSAGE][PASSED] - Object 'Object Repository/IWP30/Page_CCPaymentEntry/ProcessDate' is present

2024-05-15 15:48:11 - [MESSAGE][PASSED] - Object 'Object Repository/IWP30/Page_CCPaymentEntry/AL1' is present

2024-05-15 15:48:12 - [MESSAGE][PASSED] - Text '654 Kali terrace' is set on object 'Object Repository/IWP30/Page_CCPaymentEntry/AL1'

2024-05-15 15:48:12 - [MESSAGE][PASSED] - Object 'Object Repository/IWP30/Page_CCPaymentEntry/AL2' is present

2024-05-15 15:48:13 - [MESSAGE][PASSED] - Text 'Suite 159' is set on object 'Object Repository/IWP30/Page_CCPaymentEntry/AL2'

2024-05-15 15:48:13 - [MESSAGE][PASSED] - Object 'Object Repository/IWP30/Page_CCPaymentEntry/ZIP' is present

2024-05-15 15:48:14 - [MESSAGE][PASSED] - Text '21114' is set on object 'Object Repository/IWP30/Page_CCPaymentEntry/ZIP'

2024-05-15 15:48:14 - [MESSAGE][PASSED] - Object 'Object Repository/IWP30/Page_CCPaymentEntry/EmailAddress' is present

2024-05-15 15:48:15 - [MESSAGE][PASSED] - Text 'koiho@gmail.com' is set on object 'Object Repository/IWP30/Page_CCPaymentEntry/EmailAddress'

2024-05-15 15:48:15 - [MESSAGE][PASSED] - Object 'Object Repository/IWP30/Page_CCPaymentEntry/TermCondCheckBox' is present

2024-05-15 15:48:15 - [MESSAGE][PASSED] - Object 'Object Repository/IWP30/Page_CCPaymentEntry/TermCondCheckBox' is checked

2024-05-15 15:48:16 - [MESSAGE][PASSED] - Object 'Object Repository/IWP30/Page_CCPaymentEntry/ContinueButton' is present

2024-05-15 15:48:17 - [MESSAGE][PASSED] - Object: 'Object Repository/IWP30/Page_CCPaymentEntry/ContinueButton' is clicked on

2024-05-15 15:48:17 - [MESSAGE][PASSED] - iwpPages.ccPaymentEntryPage.setDataCCPM is PASSED

2024-05-15 15:48:17 - [TEST_STEP][PASSED] - Amount = findTestData("IWPTestData/VerifyUINoCFCCTestData").getValue("CCAmount", row): null

2024-05-15 15:48:17 - [TEST_STEP][PASSED] - UDF2 = findTestData("IWPTestData/VerifyUINoCFCCTestData").getValue("CCUDF2", row): null

2024-05-15 15:48:17 - [TEST_STEP][PASSED] - UDF3 = findTestData("IWPTestData/VerifyUINoCFCCTestData").getValue("CCUDF3", row): null

2024-05-15 15:48:17 - [TEST_STEP][PASSED] - UDF7 = findTestData("IWPTestData/VerifyUINoCFCCTestData").getValue("CCUDF7", row): null

2024-05-15 15:48:17 - [TEST_STEP][PASSED] - UDF8 = findTestData("IWPTestData/VerifyUINoCFCCTestData").getValue("CCUDF8", row): null

2024-05-15 15:48:17 - [TEST_STEP][PASSED] - CName = findTestData("IWPTestData/VerifyUINoCFCCTestData").getValue("CCName", row): null

2024-05-15 15:48:17 - [TEST_STEP][PASSED] - CardType = findTestData("IWPTestData/VerifyUINoCFCCTestData").getValue("VerCardType", row): null

2024-05-15 15:48:17 - [TEST_STEP][PASSED] - Last4 = findTestData("IWPTestData/VerifyUINoCFCCTestData").getValue("VerLast4", row): null

2024-05-15 15:48:17 - [TEST_STEP][PASSED] - CExp = findTestData("IWPTestData/VerifyUINoCFCCTestData").getValue("VerExp", row): null

2024-05-15 15:48:17 - [TEST_STEP][PASSED] - AL1 = findTestData("IWPTestData/VerifyUINoCFCCTestData").getValue("CCAL1", row): null

2024-05-15 15:48:17 - [TEST_STEP][PASSED] - AL2 = findTestData("IWPTestData/VerifyUINoCFCCTestData").getValue("CCAL2", row): null

2024-05-15 15:48:17 - [TEST_STEP][PASSED] - City = findTestData("IWPTestData/VerifyUINoCFCCTestData").getValue("VerCity", row): null

2024-05-15 15:48:17 - [TEST_STEP][PASSED] - State = findTestData("IWPTestData/VerifyUINoCFCCTestData").getValue("VerState", row): null

2024-05-15 15:48:18 - [TEST_STEP][PASSED] - CZIP = findTestData("IWPTestData/VerifyUINoCFCCTestData").getValue("CCZIP", row): null

2024-05-15 15:48:18 - [TEST_STEP][PASSED] - Email = findTestData("IWPTestData/VerifyUINoCFCCTestData").getValue("CCEmail", row): null

2024-05-15 15:48:18 - [TEST_STEP][PASSED] - State2 = findTestData("IWPTestData/VerifyUINoCFCCTestData").getValue("VerState2", row): null

2024-05-15 15:48:18 - [TEST_STEP][PASSED] - CName2 = findTestData("IWPTestData/VerifyUINoCFCCTestData").getValue("VerCCName", row): null

2024-05-15 15:48:18 - [TEST_STEP][PASSED] - verifyTextPresent("Please verify the following information", false): Text 'Please verify the following information' is present on page 

2024-05-15 15:48:18 - [MESSAGE][PASSED] - Text 'Please verify the following information' is present on page 

2024-05-15 15:48:18 - [TEST_STEP][PASSED] - verifyTextPresent("CAN Label", false): Text 'CAN Label' is present on page 

2024-05-15 15:48:18 - [MESSAGE][PASSED] - Text 'CAN Label' is present on page 

2024-05-15 15:48:18 - [TEST_STEP][PASSED] - verifyTextPresent("54654701", false): Text '54654701' is present on page 

2024-05-15 15:48:19 - [MESSAGE][PASSED] - Text '54654701' is present on page 

2024-05-15 15:48:19 - [TEST_STEP][PASSED] - verifyTextPresent("Tax Amount", false): Text 'Tax Amount' is present on page 

2024-05-15 15:48:19 - [MESSAGE][PASSED] - Text 'Tax Amount' is present on page 

2024-05-15 15:48:19 - [TEST_STEP][PASSED] - verifyTextPresent("$0.00", false): Text '$0.00' is present on page 

2024-05-15 15:48:19 - [MESSAGE][PASSED] - Text '$0.00' is present on page 

2024-05-15 15:48:19 - [TEST_STEP][PASSED] - verifyTextPresent("Amount", false): Text 'Amount' is present on page 

2024-05-15 15:48:19 - [MESSAGE][PASSED] - Text 'Amount' is present on page 

2024-05-15 15:48:19 - [TEST_STEP][PASSED] - verifyTextPresent(Amount, false): Text '99.50' is present on page 

2024-05-15 15:48:20 - [MESSAGE][PASSED] - Text '99.50' is present on page 

2024-05-15 15:48:20 - [TEST_STEP][PASSED] - verifyTextPresent("UDF2 Label", false): Text 'UDF2 Label' is present on page 

2024-05-15 15:48:20 - [MESSAGE][PASSED] - Text 'UDF2 Label' is present on page 

2024-05-15 15:48:20 - [TEST_STEP][PASSED] - verifyTextPresent(UDF2, false): Text 'Newton' is present on page 

2024-05-15 15:48:20 - [MESSAGE][PASSED] - Text 'Newton' is present on page 

2024-05-15 15:48:20 - [TEST_STEP][PASSED] - verifyTextPresent("UDF3 Label", false): Text 'UDF3 Label' is present on page 

2024-05-15 15:48:20 - [MESSAGE][PASSED] - Text 'UDF3 Label' is present on page 

2024-05-15 15:48:20 - [TEST_STEP][PASSED] - verifyTextPresent(UDF3, false): Text 'Stree' is present on page 

2024-05-15 15:48:21 - [MESSAGE][PASSED] - Text 'Stree' is present on page 

2024-05-15 15:48:21 - [TEST_STEP][PASSED] - verifyTextPresent("UDF4 Label", false): Text 'UDF4 Label' is present on page 

2024-05-15 15:48:21 - [MESSAGE][PASSED] - Text 'UDF4 Label' is present on page 

2024-05-15 15:48:21 - [TEST_STEP][PASSED] - verifyTextPresent("data 4", false): Text 'data 4' is present on page 

2024-05-15 15:48:21 - [MESSAGE][PASSED] - Text 'data 4' is present on page 

2024-05-15 15:48:21 - [TEST_STEP][PASSED] - verifyTextPresent("UDF6 Label", false): Text 'UDF6 Label' is present on page 

2024-05-15 15:48:22 - [MESSAGE][PASSED] - Text 'UDF6 Label' is present on page 

2024-05-15 15:48:22 - [TEST_STEP][PASSED] - verifyTextPresent("data 6", false): Text 'data 6' is present on page 

2024-05-15 15:48:22 - [MESSAGE][PASSED] - Text 'data 6' is present on page 

2024-05-15 15:48:22 - [TEST_STEP][PASSED] - verifyTextPresent("UDF7 Label", false): Text 'UDF7 Label' is present on page 

2024-05-15 15:48:22 - [MESSAGE][PASSED] - Text 'UDF7 Label' is present on page 

2024-05-15 15:48:22 - [TEST_STEP][PASSED] - verifyTextPresent(UDF7, false): Text 'Purple' is present on page 

2024-05-15 15:48:22 - [MESSAGE][PASSED] - Text 'Purple' is present on page 

2024-05-15 15:48:22 - [TEST_STEP][PASSED] - verifyTextPresent("UDF8 Label", false): Text 'UDF8 Label' is present on page 

2024-05-15 15:48:23 - [MESSAGE][PASSED] - Text 'UDF8 Label' is present on page 

2024-05-15 15:48:23 - [TEST_STEP][PASSED] - verifyTextPresent(UDF8, false): Text 'Soccer' is present on page 

2024-05-15 15:48:23 - [MESSAGE][PASSED] - Text 'Soccer' is present on page 

2024-05-15 15:48:23 - [TEST_STEP][PASSED] - verifyTextPresent("UDF9 Label", false): Text 'UDF9 Label' is present on page 

2024-05-15 15:48:23 - [MESSAGE][PASSED] - Text 'UDF9 Label' is present on page 

2024-05-15 15:48:23 - [TEST_STEP][PASSED] - verifyTextPresent("data 9", false): Text 'data 9' is present on page 

2024-05-15 15:48:24 - [MESSAGE][PASSED] - Text 'data 9' is present on page 

2024-05-15 15:48:24 - [TEST_STEP][PASSED] - verifyTextPresent("Card Information", false): Text 'Card Information' is present on page 

2024-05-15 15:48:24 - [MESSAGE][PASSED] - Text 'Card Information' is present on page 

2024-05-15 15:48:24 - [TEST_STEP][PASSED] - verifyTextPresent("Cardholder's Name", false): Text 'Cardholder's Name' is present on page 

2024-05-15 15:48:24 - [MESSAGE][PASSED] - Text 'Cardholder's Name' is present on page 

2024-05-15 15:48:24 - [TEST_STEP][PASSED] - verifyTextPresent(CName, false): Text 'Raj Kumar Rao' is present on page 

2024-05-15 15:48:24 - [MESSAGE][PASSED] - Text 'Raj Kumar Rao' is present on page 

2024-05-15 15:48:24 - [TEST_STEP][PASSED] - verifyTextPresent("Card Type", false): Text 'Card Type' is present on page 

2024-05-15 15:48:25 - [MESSAGE][PASSED] - Text 'Card Type' is present on page 

2024-05-15 15:48:25 - [TEST_STEP][PASSED] - verifyTextPresent(CardType, false): Text 'Discover' is present on page 

2024-05-15 15:48:25 - [MESSAGE][PASSED] - Text 'Discover' is present on page 

2024-05-15 15:48:25 - [TEST_STEP][PASSED] - verifyTextPresent("Card Number", false): Text 'Card Number' is present on page 

2024-05-15 15:48:25 - [MESSAGE][PASSED] - Text 'Card Number' is present on page 

2024-05-15 15:48:25 - [TEST_STEP][PASSED] - verifyTextPresent(Last4, false): Text '0004' is present on page 

2024-05-15 15:48:25 - [MESSAGE][PASSED] - Text '0004' is present on page 

2024-05-15 15:48:25 - [TEST_STEP][PASSED] - verifyTextPresent("Card Security Code", false): Text 'Card Security Code' is present on page 

2024-05-15 15:48:26 - [MESSAGE][PASSED] - Text 'Card Security Code' is present on page 

2024-05-15 15:48:26 - [TEST_STEP][PASSED] - verifyTextPresent("Expiration Date", false): Text 'Expiration Date' is present on page 

2024-05-15 15:48:26 - [MESSAGE][PASSED] - Text 'Expiration Date' is present on page 

2024-05-15 15:48:26 - [TEST_STEP][PASSED] - verifyTextPresent(CExp, false): Text '2/2028' is present on page 

2024-05-15 15:48:26 - [MESSAGE][PASSED] - Text '2/2028' is present on page 

2024-05-15 15:48:26 - [TEST_STEP][PASSED] - verifyTextPresent("Payment Date", false): Text 'Payment Date' is present on page 

2024-05-15 15:48:27 - [MESSAGE][PASSED] - Text 'Payment Date' is present on page 

2024-05-15 15:48:27 - [TEST_STEP][PASSED] - verifyTextPresent("Billing Information", false): Text 'Billing Information' is present on page 

2024-05-15 15:48:27 - [MESSAGE][PASSED] - Text 'Billing Information' is present on page 

2024-05-15 15:48:27 - [TEST_STEP][PASSED] - verifyTextPresent("Address Line 1", false): Text 'Address Line 1' is present on page 

2024-05-15 15:48:27 - [MESSAGE][PASSED] - Text 'Address Line 1' is present on page 

2024-05-15 15:48:27 - [TEST_STEP][PASSED] - verifyTextPresent(AL1, false): Text '654 Kali terrace' is present on page 

2024-05-15 15:48:27 - [MESSAGE][PASSED] - Text '654 Kali terrace' is present on page 

2024-05-15 15:48:27 - [TEST_STEP][PASSED] - verifyTextPresent("Address Line 2", false): Text 'Address Line 2' is present on page 

2024-05-15 15:48:28 - [MESSAGE][PASSED] - Text 'Address Line 2' is present on page 

2024-05-15 15:48:28 - [TEST_STEP][PASSED] - verifyTextPresent(AL2, false): Text 'Suite 159' is present on page 

2024-05-15 15:48:28 - [MESSAGE][PASSED] - Text 'Suite 159' is present on page 

2024-05-15 15:48:28 - [TEST_STEP][PASSED] - verifyTextPresent("Country", false): Text 'Country' is present on page 

2024-05-15 15:48:28 - [MESSAGE][PASSED] - Text 'Country' is present on page 

2024-05-15 15:48:28 - [TEST_STEP][PASSED] - verifyTextPresent("United States", false): Text 'United States' is present on page 

2024-05-15 15:48:29 - [MESSAGE][PASSED] - Text 'United States' is present on page 

2024-05-15 15:48:29 - [TEST_STEP][PASSED] - verifyTextPresent("City", false): Text 'City' is present on page 

2024-05-15 15:48:29 - [MESSAGE][PASSED] - Text 'City' is present on page 

2024-05-15 15:48:29 - [TEST_STEP][PASSED] - verifyTextPresent(City, false): Text 'CROFTON' is present on page 

2024-05-15 15:48:29 - [MESSAGE][PASSED] - Text 'CROFTON' is present on page 

2024-05-15 15:48:29 - [TEST_STEP][PASSED] - verifyTextPresent("State", false): Text 'State' is present on page 

2024-05-15 15:48:29 - [MESSAGE][PASSED] - Text 'State' is present on page 

2024-05-15 15:48:29 - [TEST_STEP][PASSED] - verifyTextPresent(State, false): Text 'Maryland' is present on page 

2024-05-15 15:48:30 - [MESSAGE][PASSED] - Text 'Maryland' is present on page 

2024-05-15 15:48:30 - [TEST_STEP][PASSED] - verifyTextPresent("ZIP Code", false): Text 'ZIP Code' is present on page 

2024-05-15 15:48:30 - [MESSAGE][PASSED] - Text 'ZIP Code' is present on page 

2024-05-15 15:48:30 - [TEST_STEP][PASSED] - verifyTextPresent(CZIP, false): Text '21114' is present on page 

2024-05-15 15:48:30 - [MESSAGE][PASSED] - Text '21114' is present on page 

2024-05-15 15:48:30 - [TEST_STEP][PASSED] - verifyTextPresent("Email Address", false): Text 'Email Address' is present on page 

2024-05-15 15:48:30 - [MESSAGE][PASSED] - Text 'Email Address' is present on page 

2024-05-15 15:48:30 - [TEST_STEP][PASSED] - verifyTextPresent(Email, false): Text 'koiho@gmail.com' is present on page 

2024-05-15 15:48:31 - [MESSAGE][PASSED] - Text 'koiho@gmail.com' is present on page 

2024-05-15 15:48:31 - [TEST_STEP][PASSED] - verifyTextPresent("Is this information correct", false): Text 'Is this information correct' is present on page 

2024-05-15 15:48:31 - [MESSAGE][PASSED] - Text 'Is this information correct' is present on page 

2024-05-15 15:48:31 - [TEST_STEP][PASSED] - verifyTextPresent("These are CC Custom HTML", false): Text 'These are CC Custom HTML' is present on page 

2024-05-15 15:48:31 - [MESSAGE][PASSED] - Text 'These are CC Custom HTML' is present on page 

2024-05-15 15:48:31 - [TEST_STEP][PASSED] - verifyElementPresent(findTestObject("Object Repository/IWP30/Page_Confirmation/ChangePaymentMethodButton"), 30): Object 'Object Repository/IWP30/Page_Confirmation/ChangePaymentMethodButton' is present

2024-05-15 15:48:32 - [MESSAGE][PASSED] - Object 'Object Repository/IWP30/Page_Confirmation/ChangePaymentMethodButton' is present

2024-05-15 15:48:32 - [TEST_STEP][PASSED] - verifyElementPresent(findTestObject("Object Repository/IWP30/Page_Confirmation/ConfirmButton"), 30): Object 'Object Repository/IWP30/Page_Confirmation/ConfirmButton' is present

2024-05-15 15:48:32 - [MESSAGE][PASSED] - Object 'Object Repository/IWP30/Page_Confirmation/ConfirmButton' is present

2024-05-15 15:48:32 - [TEST_STEP][PASSED] - verifyElementPresent(findTestObject("Object Repository/IWP30/Page_Confirmation/ExitButton"), 30): Object 'Object Repository/IWP30/Page_Confirmation/ExitButton' is present

2024-05-15 15:48:32 - [MESSAGE][PASSED] - Object 'Object Repository/IWP30/Page_Confirmation/ExitButton' is present

2024-05-15 15:48:32 - [TEST_STEP][PASSED] - verifyElementPresent(findTestObject("Object Repository/IWP30/Page_Confirmation/ModifyButton"), 30): Object 'Object Repository/IWP30/Page_Confirmation/ModifyButton' is present

2024-05-15 15:48:33 - [MESSAGE][PASSED] - Object 'Object Repository/IWP30/Page_Confirmation/ModifyButton' is present

2024-05-15 15:48:33 - [TEST_STEP][PASSED] - click(findTestObject("Object Repository/IWP30/Page_Confirmation/ConfirmButton")): Object: 'Object Repository/IWP30/Page_Confirmation/ConfirmButton' is clicked on

2024-05-15 15:48:34 - [MESSAGE][PASSED] - Object: 'Object Repository/IWP30/Page_Confirmation/ConfirmButton' is clicked on

2024-05-15 15:48:34 - [TEST_STEP][PASSED] - Thread.sleep(10000): null

2024-05-15 15:48:44 - [TEST_STEP][PASSED] - verifyTextPresent("Successful Payment Receipt", false): Text 'Successful Payment Receipt' is present on page 

2024-05-15 15:48:44 - [MESSAGE][PASSED] - Text 'Successful Payment Receipt' is present on page 

2024-05-15 15:48:44 - [TEST_STEP][PASSED] - verifyTextPresent("Please print this receipt for your records", false): Text 'Please print this receipt for your records' is present on page 

2024-05-15 15:48:44 - [MESSAGE][PASSED] - Text 'Please print this receipt for your records' is present on page 

2024-05-15 15:48:44 - [TEST_STEP][PASSED] - verifyTextPresent("Remittance ID", false): Text 'Remittance ID' is present on page 

2024-05-15 15:48:45 - [MESSAGE][PASSED] - Text 'Remittance ID' is present on page 

2024-05-15 15:48:45 - [TEST_STEP][PASSED] - verifyTextPresent("CAN Label", false): Text 'CAN Label' is present on page 

2024-05-15 15:48:45 - [MESSAGE][PASSED] - Text 'CAN Label' is present on page 

2024-05-15 15:48:45 - [TEST_STEP][PASSED] - verifyTextPresent("54654701", false): Text '54654701' is present on page 

2024-05-15 15:48:45 - [MESSAGE][PASSED] - Text '54654701' is present on page 

2024-05-15 15:48:45 - [TEST_STEP][PASSED] - verifyTextPresent("Received", false): Text 'Received' is present on page 

2024-05-15 15:48:45 - [MESSAGE][PASSED] - Text 'Received' is present on page 

2024-05-15 15:48:45 - [TEST_STEP][PASSED] - verifyTextPresent("UDF1 Label", false): Text 'UDF1 Label' is present on page 

2024-05-15 15:48:46 - [MESSAGE][PASSED] - Text 'UDF1 Label' is present on page 

2024-05-15 15:48:46 - [TEST_STEP][PASSED] - verifyTextPresent("UDF2 Label", false): Text 'UDF2 Label' is present on page 

2024-05-15 15:48:46 - [MESSAGE][PASSED] - Text 'UDF2 Label' is present on page 

2024-05-15 15:48:46 - [TEST_STEP][PASSED] - verifyTextPresent(UDF2, false): Text 'Newton' is present on page 

2024-05-15 15:48:46 - [MESSAGE][PASSED] - Text 'Newton' is present on page 

2024-05-15 15:48:46 - [TEST_STEP][PASSED] - verifyTextPresent("UDF3 Label", false): Text 'UDF3 Label' is present on page 

2024-05-15 15:48:46 - [MESSAGE][PASSED] - Text 'UDF3 Label' is present on page 

2024-05-15 15:48:46 - [TEST_STEP][PASSED] - verifyTextPresent(UDF3, false): Text 'Stree' is present on page 

2024-05-15 15:48:47 - [MESSAGE][PASSED] - Text 'Stree' is present on page 

2024-05-15 15:48:47 - [TEST_STEP][PASSED] - verifyTextPresent("UDF4 Label", false): Text 'UDF4 Label' is present on page 

2024-05-15 15:48:47 - [MESSAGE][PASSED] - Text 'UDF4 Label' is present on page 

2024-05-15 15:48:47 - [TEST_STEP][PASSED] - verifyTextPresent("data 4", false): Text 'data 4' is present on page 

2024-05-15 15:48:47 - [MESSAGE][PASSED] - Text 'data 4' is present on page 

2024-05-15 15:48:47 - [TEST_STEP][PASSED] - verifyTextPresent("UDF6 Label", false): Text 'UDF6 Label' is present on page 

2024-05-15 15:48:47 - [MESSAGE][PASSED] - Text 'UDF6 Label' is present on page 

2024-05-15 15:48:47 - [TEST_STEP][PASSED] - verifyTextPresent("data 6", false): Text 'data 6' is present on page 

2024-05-15 15:48:48 - [MESSAGE][PASSED] - Text 'data 6' is present on page 

2024-05-15 15:48:48 - [TEST_STEP][PASSED] - verifyTextPresent("UDF7 Label", false): Text 'UDF7 Label' is present on page 

2024-05-15 15:48:48 - [MESSAGE][PASSED] - Text 'UDF7 Label' is present on page 

2024-05-15 15:48:48 - [TEST_STEP][PASSED] - verifyTextPresent(UDF7, false): Text 'Purple' is present on page 

2024-05-15 15:48:48 - [MESSAGE][PASSED] - Text 'Purple' is present on page 

2024-05-15 15:48:48 - [TEST_STEP][PASSED] - verifyTextPresent("UDF8 Label", false): Text 'UDF8 Label' is present on page 

2024-05-15 15:48:48 - [MESSAGE][PASSED] - Text 'UDF8 Label' is present on page 

2024-05-15 15:48:48 - [TEST_STEP][PASSED] - verifyTextPresent(UDF8, false): Text 'Soccer' is present on page 

2024-05-15 15:48:49 - [MESSAGE][PASSED] - Text 'Soccer' is present on page 

2024-05-15 15:48:49 - [TEST_STEP][PASSED] - verifyTextPresent("UDF9 Label", false): Text 'UDF9 Label' is present on page 

2024-05-15 15:48:49 - [MESSAGE][PASSED] - Text 'UDF9 Label' is present on page 

2024-05-15 15:48:49 - [TEST_STEP][PASSED] - verifyTextPresent("data 9", false): Text 'data 9' is present on page 

2024-05-15 15:48:49 - [MESSAGE][PASSED] - Text 'data 9' is present on page 

2024-05-15 15:48:49 - [TEST_STEP][PASSED] - verifyTextPresent("Tax Amount", false): Text 'Tax Amount' is present on page 

2024-05-15 15:48:49 - [MESSAGE][PASSED] - Text 'Tax Amount' is present on page 

2024-05-15 15:48:49 - [TEST_STEP][PASSED] - verifyTextPresent("$0.00", false): Text '$0.00' is present on page 

2024-05-15 15:48:50 - [MESSAGE][PASSED] - Text '$0.00' is present on page 

2024-05-15 15:48:50 - [TEST_STEP][PASSED] - verifyTextPresent("Amount", false): Text 'Amount' is present on page 

2024-05-15 15:48:50 - [MESSAGE][PASSED] - Text 'Amount' is present on page 

2024-05-15 15:48:50 - [TEST_STEP][PASSED] - verifyTextPresent(Amount, false): Text '99.50' is present on page 

2024-05-15 15:48:50 - [MESSAGE][PASSED] - Text '99.50' is present on page 

2024-05-15 15:48:50 - [TEST_STEP][PASSED] - verifyTextPresent("Transaction Type", false): Text 'Transaction Type' is present on page 

2024-05-15 15:48:51 - [MESSAGE][PASSED] - Text 'Transaction Type' is present on page 

2024-05-15 15:48:51 - [TEST_STEP][PASSED] - verifyTextPresent("Authorization and Capture", false): Text 'Authorization and Capture' is present on page 

2024-05-15 15:48:51 - [MESSAGE][PASSED] - Text 'Authorization and Capture' is present on page 

2024-05-15 15:48:51 - [TEST_STEP][PASSED] - verifyTextPresent("Card Information", false): Text 'Card Information' is present on page 

2024-05-15 15:48:51 - [MESSAGE][PASSED] - Text 'Card Information' is present on page 

2024-05-15 15:48:51 - [TEST_STEP][PASSED] - verifyTextPresent(CardType, false): Text 'Discover' is present on page 

2024-05-15 15:48:51 - [MESSAGE][PASSED] - Text 'Discover' is present on page 

2024-05-15 15:48:51 - [TEST_STEP][PASSED] - verifyTextPresent(CName2, false): Text 'RAJ KUMAR RAO' is present on page 

2024-05-15 15:48:52 - [MESSAGE][PASSED] - Text 'RAJ KUMAR RAO' is present on page 

2024-05-15 15:48:52 - [TEST_STEP][PASSED] - verifyTextPresent(Last4, false): Text '0004' is present on page 

2024-05-15 15:48:52 - [MESSAGE][PASSED] - Text '0004' is present on page 

2024-05-15 15:48:52 - [TEST_STEP][PASSED] - verifyTextPresent("Billing Information", false): Text 'Billing Information' is present on page 

2024-05-15 15:48:52 - [MESSAGE][PASSED] - Text 'Billing Information' is present on page 

2024-05-15 15:48:52 - [TEST_STEP][PASSED] - verifyTextPresent("Address Line 1", false): Text 'Address Line 1' is present on page 

2024-05-15 15:48:52 - [MESSAGE][PASSED] - Text 'Address Line 1' is present on page 

2024-05-15 15:48:52 - [TEST_STEP][PASSED] - verifyTextPresent(AL1, false): Text '654 Kali terrace' is present on page 

2024-05-15 15:48:53 - [MESSAGE][PASSED] - Text '654 Kali terrace' is present on page 

2024-05-15 15:48:53 - [TEST_STEP][PASSED] - verifyTextPresent("Address Line 2", false): Text 'Address Line 2' is present on page 

2024-05-15 15:48:53 - [MESSAGE][PASSED] - Text 'Address Line 2' is present on page 

2024-05-15 15:48:53 - [TEST_STEP][PASSED] - verifyTextPresent(AL2, false): Text 'Suite 159' is present on page 

2024-05-15 15:48:53 - [MESSAGE][PASSED] - Text 'Suite 159' is present on page 

2024-05-15 15:48:53 - [TEST_STEP][PASSED] - verifyTextPresent("Country", false): Text 'Country' is present on page 

2024-05-15 15:48:53 - [MESSAGE][PASSED] - Text 'Country' is present on page 

2024-05-15 15:48:53 - [TEST_STEP][PASSED] - verifyTextPresent("United States", false): Text 'United States' is present on page 

2024-05-15 15:48:54 - [MESSAGE][PASSED] - Text 'United States' is present on page 

2024-05-15 15:48:54 - [TEST_STEP][PASSED] - verifyTextPresent("City", false): Text 'City' is present on page 

2024-05-15 15:48:54 - [MESSAGE][PASSED] - Text 'City' is present on page 

2024-05-15 15:48:54 - [TEST_STEP][PASSED] - verifyTextPresent(City, false): Text 'CROFTON' is present on page 

2024-05-15 15:48:54 - [MESSAGE][PASSED] - Text 'CROFTON' is present on page 

2024-05-15 15:48:54 - [TEST_STEP][PASSED] - verifyTextPresent("State", false): Text 'State' is present on page 

2024-05-15 15:48:54 - [MESSAGE][PASSED] - Text 'State' is present on page 

2024-05-15 15:48:54 - [TEST_STEP][PASSED] - verifyTextPresent(State2, false): Text 'MD' is present on page 

2024-05-15 15:48:55 - [MESSAGE][PASSED] - Text 'MD' is present on page 

2024-05-15 15:48:55 - [TEST_STEP][PASSED] - verifyTextPresent("ZIP Code", false): Text 'ZIP Code' is present on page 

2024-05-15 15:48:55 - [MESSAGE][PASSED] - Text 'ZIP Code' is present on page 

2024-05-15 15:48:55 - [TEST_STEP][PASSED] - verifyTextPresent(CZIP, false): Text '21114' is present on page 

2024-05-15 15:48:55 - [MESSAGE][PASSED] - Text '21114' is present on page 

2024-05-15 15:48:55 - [TEST_STEP][PASSED] - verifyElementPresent(findTestObject("Object Repository/IWP30/Page_Receipt/ExitButton"), 30): Object 'Object Repository/IWP30/Page_Receipt/ExitButton' is present

2024-05-15 15:48:56 - [MESSAGE][PASSED] - Object 'Object Repository/IWP30/Page_Receipt/ExitButton' is present

2024-05-15 15:48:56 - [TEST_STEP][PASSED] - closeBrowser(): Browser is closed

2024-05-15 15:48:57 - [MESSAGE][PASSED] - Browser is closed]]></system-out>
         <system-err><![CDATA[]]></system-err>
      </testcase>
      <testcase name="Test Cases/IntegratedWeb/IWP30/Errors/Error-OverAndUnderPay" time="80.571" classname="Test Cases/IntegratedWeb/IWP30/Errors/Error-OverAndUnderPay" status="PASSED">
         <system-out><![CDATA[2024-05-15 15:48:57 - [TEST_CASE][PASSED] - Test Cases/IntegratedWeb/IWP30/Errors/Error-OverAndUnderPay: Test Cases/IntegratedWeb/IWP30/Errors/Error-OverAndUnderPay

2024-05-15 15:48:57 - [TEST_STEP][PASSED] - resText = "Fail": null

2024-05-15 15:48:57 - [TEST_STEP][PASSED] - resColumn = "Result": null

2024-05-15 15:48:57 - [TEST_STEP][PASSED] - datCloumn = "Date": null

2024-05-15 15:48:57 - [TEST_STEP][PASSED] - fileLoc = "KatalonData/IWPTestData/VRelay30PayNowCC.xlsx": null

2024-05-15 15:48:57 - [TEST_STEP][PASSED] - numOfRows = <not implemented yet for class: org.codehaus.groovy.ast.expr.EmptyExpression>: null

2024-05-15 15:48:57 - [TEST_STEP][PASSED] - dataFile = <not implemented yet for class: org.codehaus.groovy.ast.expr.EmptyExpression>: null

2024-05-15 15:48:57 - [TEST_STEP][PASSED] - nameSheet = <not implemented yet for class: org.codehaus.groovy.ast.expr.EmptyExpression>: null

2024-05-15 15:48:57 - [TEST_STEP][PASSED] - dataFileEmulator = <not implemented yet for class: org.codehaus.groovy.ast.expr.EmptyExpression>: null

2024-05-15 15:48:57 - [TEST_STEP][PASSED] - nameSheet = "OverUnderPay": null

2024-05-15 15:48:57 - [TEST_STEP][PASSED] - dataFile = "IWPTestData/OverAndUnderPay": null

2024-05-15 15:48:57 - [TEST_STEP][PASSED] - dataFileEmulator = "IWPTestData/EmulatorData": null

2024-05-15 15:48:57 - [TEST_STEP][PASSED] - numOfRows = findTestData(dataFile).getRowNumbers(): null

2024-05-15 15:48:57 - [TEST_STEP][PASSED] - println("Number of Records: " + numOfRows): null

2024-05-15 15:48:57 - [TEST_STEP][PASSED] - for ([row = 1, row <= numOfRows, (row++)]): null

2024-05-15 15:48:57 - [TEST_STEP][PASSED] - ExecuteTC = findTestData(dataFile).getValue("Execute", row): null

2024-05-15 15:48:57 - [TEST_STEP][PASSED] - out.println("Value of Execute is : " + ExecuteTC): null

2024-05-15 15:48:57 - [TEST_STEP][PASSED] - if (ExecuteTC.equalsIgnoreCase("Y")): null

2024-05-15 15:48:57 - [TEST_STEP][PASSED] - out.println("Begin Record Number: " + row): null

2024-05-15 15:48:57 - [TEST_STEP][PASSED] - today = new java.util.Date(): null

2024-05-15 15:48:57 - [TEST_STEP][PASSED] - println(today): null

2024-05-15 15:48:57 - [TEST_STEP][PASSED] - datText = today: null

2024-05-15 15:48:57 - [TEST_STEP][PASSED] - EmulatorDataKey = findTestData(dataFile).getValue("EmulatorData", row): null

2024-05-15 15:48:58 - [TEST_STEP][PASSED] - out.println("Value of Emulator Key is : " + EmulatorDataKey): null

2024-05-15 15:48:58 - [TEST_STEP][PASSED] - iwpPages.emulatorIWP30.setDataEmulator_DD(EmulatorDataKey): iwpPages.emulatorIWP30.setDataEmulator_DD is PASSED

2024-05-15 15:48:58 - [MESSAGE][INFO] - Starting 'Chrome' driver

2024-05-15 15:48:58 - [MESSAGE][INFO] - User set preference: ['acceptInsecureCerts', 'true']

2024-05-15 15:48:58 - [MESSAGE][INFO] - Action delay is set to 0 milliseconds

2024-05-15 15:49:01 - [MESSAGE][PASSED] - Browser is opened with url: 'https://qa2.velocitypayment.com/agency/config.do?action=editor&message_version=3_0'

2024-05-15 15:49:01 - [MESSAGE][PASSED] - Current window maximized

2024-05-15 15:49:02 - [MESSAGE][PASSED] - All options with value '3.0' are selected in object 'Object Repository/IWP30/Page_VRelay30Emulator/MV'  using regular expression

2024-05-15 15:49:03 - [MESSAGE][PASSED] - Text '10.50' is set on object 'Object Repository/IWP30/Page_VRelay30Emulator/Amount'

2024-05-15 15:49:03 - [MESSAGE][PASSED] - Text '26412167' is set on object 'Object Repository/IWP30/Page_VRelay30Emulator/CAN'

2024-05-15 15:49:04 - [MESSAGE][PASSED] - Text 'PayNow' is set on object 'Object Repository/IWP30/Page_VRelay30Emulator/Action'

2024-05-15 15:49:04 - [MESSAGE][PASSED] - Text 'en_US' is set on object 'Object Repository/IWP30/Page_VRelay30Emulator/Lang'

2024-05-15 15:49:05 - [MESSAGE][PASSED] - Text 'Elizath' is set on object 'Object Repository/IWP30/Page_VRelay30Emulator/Fname'

2024-05-15 15:49:06 - [MESSAGE][PASSED] - Text 'Christine' is set on object 'Object Repository/IWP30/Page_VRelay30Emulator/Lname'

2024-05-15 15:49:06 - [MESSAGE][PASSED] - Text '258 Underwood rd' is set on object 'Object Repository/IWP30/Page_VRelay30Emulator/AL1'

2024-05-15 15:49:07 - [MESSAGE][PASSED] - Text 'Suite 600' is set on object 'Object Repository/IWP30/Page_VRelay30Emulator/AL2'

2024-05-15 15:49:08 - [MESSAGE][PASSED] - Text '840' is set on object 'Object Repository/IWP30/Page_VRelay30Emulator/Country'

2024-05-15 15:49:08 - [MESSAGE][PASSED] - Text 'Arlington' is set on object 'Object Repository/IWP30/Page_VRelay30Emulator/City'

2024-05-15 15:49:09 - [MESSAGE][PASSED] - Text 'VA' is set on object 'Object Repository/IWP30/Page_VRelay30Emulator/State'

2024-05-15 15:49:09 - [MESSAGE][PASSED] - Text '22201' is set on object 'Object Repository/IWP30/Page_VRelay30Emulator/ZIP'

2024-05-15 15:49:10 - [MESSAGE][PASSED] - Text '' is set on object 'Object Repository/IWP30/Page_VRelay30Emulator/Order'

2024-05-15 15:49:11 - [MESSAGE][PASSED] - Text '' is set on object 'Object Repository/IWP30/Page_VRelay30Emulator/Company'

2024-05-15 15:49:11 - [MESSAGE][PASSED] - Text 'iahmed@govolution.com' is set on object 'Object Repository/IWP30/Page_VRelay30Emulator/Email'

2024-05-15 15:49:12 - [MESSAGE][PASSED] - Text 'udf data 1' is set on object 'Object Repository/IWP30/Page_VRelay30Emulator/UDF1'

2024-05-15 15:49:13 - [MESSAGE][PASSED] - Text 'udf data 2' is set on object 'Object Repository/IWP30/Page_VRelay30Emulator/UDF2'

2024-05-15 15:49:13 - [MESSAGE][PASSED] - Text 'udf data 3' is set on object 'Object Repository/IWP30/Page_VRelay30Emulator/UDF3'

2024-05-15 15:49:14 - [MESSAGE][PASSED] - Text 'udf data 4' is set on object 'Object Repository/IWP30/Page_VRelay30Emulator/UDF4'

2024-05-15 15:49:15 - [MESSAGE][PASSED] - Text 'udf data 5' is set on object 'Object Repository/IWP30/Page_VRelay30Emulator/UDF5'

2024-05-15 15:49:15 - [MESSAGE][PASSED] - Text 'udf data 6' is set on object 'Object Repository/IWP30/Page_VRelay30Emulator/UDF6'

2024-05-15 15:49:16 - [MESSAGE][PASSED] - Text 'Orange' is set on object 'Object Repository/IWP30/Page_VRelay30Emulator/UDF7'

2024-05-15 15:49:16 - [MESSAGE][PASSED] - Text 'Soccer' is set on object 'Object Repository/IWP30/Page_VRelay30Emulator/UDF8'

2024-05-15 15:49:17 - [MESSAGE][PASSED] - Text 'udf data 9' is set on object 'Object Repository/IWP30/Page_VRelay30Emulator/UDF9'

2024-05-15 15:49:18 - [MESSAGE][PASSED] - Text 'udf data 10' is set on object 'Object Repository/IWP30/Page_VRelay30Emulator/UDF10'

2024-05-15 15:49:18 - [MESSAGE][PASSED] - Object: 'Object Repository/IWP30/Page_VRelay30Emulator/Submit' is clicked on

2024-05-15 15:49:19 - [MESSAGE][PASSED] - Browser is closed

2024-05-15 15:49:21 - [MESSAGE][PASSED] - iwpPages.emulatorIWP30.setDataEmulator_DD is PASSED

2024-05-15 15:49:21 - [TEST_STEP][PASSED] - testHarnessURL = urlTestHarness: null

2024-05-15 15:49:21 - [TEST_STEP][PASSED] - openBrowser(testHarnessURL): Browser is opened with url: 'https://dev-algorithm.govolution.com/vrelaytest/QA2/version_2_2/vrelaytest.html'

2024-05-15 15:49:21 - [MESSAGE][INFO] - Starting 'Chrome' driver

2024-05-15 15:49:21 - [MESSAGE][INFO] - User set preference: ['acceptInsecureCerts', 'true']

2024-05-15 15:49:21 - [MESSAGE][INFO] - Action delay is set to 0 milliseconds

2024-05-15 15:49:23 - [MESSAGE][PASSED] - Browser is opened with url: 'https://dev-algorithm.govolution.com/vrelaytest/QA2/version_2_2/vrelaytest.html'

2024-05-15 15:49:23 - [TEST_STEP][PASSED] - maximizeWindow(): Current window maximized

2024-05-15 15:49:23 - [MESSAGE][PASSED] - Current window maximized

2024-05-15 15:49:23 - [TEST_STEP][PASSED] - iwpPages.TestHarnessPage.setDataMethod(row, dataFile): iwpPages.TestHarnessPage.setDataMethod is PASSED

2024-05-15 15:49:24 - [MESSAGE][PASSED] - Object 'Object Repository/IWP30/Page_QATestHarness/RemittanceID' is present

2024-05-15 15:49:25 - [MESSAGE][PASSED] - Text '649' is set on object 'Object Repository/IWP30/Page_QATestHarness/ApplicationID'

2024-05-15 15:49:25 - [MESSAGE][PASSED] - Text '3.0' is set on object 'Object Repository/IWP30/Page_QATestHarness/MessageVersion'

2024-05-15 15:49:26 - [MESSAGE][PASSED] - Text 'n2vArRolCIwi' is set on object 'Object Repository/IWP30/Page_QATestHarness/RemittanceID'

2024-05-15 15:49:27 - [MESSAGE][PASSED] - Object: 'Object Repository/IWP30/Page_QATestHarness/SubmitButton' is clicked on

2024-05-15 15:49:27 - [MESSAGE][PASSED] - iwpPages.TestHarnessPage.setDataMethod is PASSED

2024-05-15 15:49:27 - [TEST_STEP][PASSED] - check(findTestObject("Object Repository/IWP30/Page_SelectPaymentMethod/PayByCreditCard")): Object 'Object Repository/IWP30/Page_SelectPaymentMethod/PayByCreditCard' is checked

2024-05-15 15:49:28 - [MESSAGE][PASSED] - Object 'Object Repository/IWP30/Page_SelectPaymentMethod/PayByCreditCard' is checked

2024-05-15 15:49:28 - [TEST_STEP][PASSED] - click(findTestObject("Object Repository/IWP30/Page_SelectPaymentMethod/MakePaymentButton")): Object: 'Object Repository/IWP30/Page_SelectPaymentMethod/MakePaymentButton' is clicked on

2024-05-15 15:49:29 - [MESSAGE][PASSED] - Object: 'Object Repository/IWP30/Page_SelectPaymentMethod/MakePaymentButton' is clicked on

2024-05-15 15:49:29 - [TEST_STEP][PASSED] - iwpPages.ccPaymentEntryPage.setDataIWPCreditCard(row, dataFile): iwpPages.ccPaymentEntryPage.setDataIWPCreditCard is PASSED

2024-05-15 15:49:30 - [MESSAGE][PASSED] - Object 'Object Repository/IWP30/Page_CCPaymentEntry/Name' is present

2024-05-15 15:49:31 - [MESSAGE][PASSED] - Text '2001.50' is set on object 'Object Repository/IWP30/Page_CCPaymentEntry/Amount'

2024-05-15 15:49:32 - [MESSAGE][PASSED] - Text '5146312200000035' is set on object 'Object Repository/IWP30/Page_CCPaymentEntry/CardNumber'

2024-05-15 15:49:32 - [MESSAGE][PASSED] - Text '123' is set on object 'Object Repository/IWP30/Page_CCPaymentEntry/SPC'

2024-05-15 15:49:33 - [MESSAGE][PASSED] - All options with label '09' are selected in object 'Object Repository/IWP30/Page_CCPaymentEntry/Month' 

2024-05-15 15:49:34 - [MESSAGE][PASSED] - All options with label '2028' are selected in object 'Object Repository/IWP30/Page_CCPaymentEntry/Year' 

2024-05-15 15:49:34 - [MESSAGE][PASSED] - Object 'Object Repository/IWP30/Page_CCPaymentEntry/TermCondCheckBox' is present

2024-05-15 15:49:34 - [MESSAGE][PASSED] - Object 'Object Repository/IWP30/Page_CCPaymentEntry/TermCondCheckBox' is checked

2024-05-15 15:49:35 - [MESSAGE][PASSED] - Object 'Object Repository/IWP30/Page_CCPaymentEntry/ContinueButton' is present

2024-05-15 15:49:36 - [MESSAGE][PASSED] - Object: 'Object Repository/IWP30/Page_CCPaymentEntry/ContinueButton' is clicked on

2024-05-15 15:49:36 - [MESSAGE][PASSED] - iwpPages.ccPaymentEntryPage.setDataIWPCreditCard is PASSED

2024-05-15 15:49:36 - [TEST_STEP][PASSED] - ErrorMessage = findTestData(dataFile).getValue("ErrMsg", row): null

2024-05-15 15:49:36 - [TEST_STEP][PASSED] - if (verifyTextPresent(ErrorMessage, false)): null

2024-05-15 15:49:36 - [MESSAGE][PASSED] - Text 'Amount is greater than maximum' is present on page 

2024-05-15 15:49:36 - [TEST_STEP][PASSED] - println("The following Error Message is present : " + ErrorMessage): null

2024-05-15 15:49:36 - [TEST_STEP][PASSED] - markPassed("Error Message is present : " + ErrorMessage): Error Message is present : Amount is greater than maximum

2024-05-15 15:49:36 - [MESSAGE][PASSED] - Error Message is present : Amount is greater than maximum

2024-05-15 15:49:36 - [TEST_STEP][PASSED] - resText = "Pass": null

2024-05-15 15:49:36 - [TEST_STEP][PASSED] - pages.WriteExcel.demoKey(resText, datText, resColumn, datCloumn, fileLoc, nameSheet, row): pages.WriteExcel.demoKey is PASSED

2024-05-15 15:49:37 - [MESSAGE][PASSED] - pages.WriteExcel.demoKey is PASSED

2024-05-15 15:49:37 - [TEST_STEP][PASSED] - ExecuteTC = findTestData(dataFile).getValue("Execute", row): null

2024-05-15 15:49:37 - [TEST_STEP][PASSED] - out.println("Value of Execute is : " + ExecuteTC): null

2024-05-15 15:49:37 - [TEST_STEP][PASSED] - if (ExecuteTC.equalsIgnoreCase("Y")): null

2024-05-15 15:49:37 - [TEST_STEP][PASSED] - out.println("Begin Record Number: " + row): null

2024-05-15 15:49:37 - [TEST_STEP][PASSED] - today = new java.util.Date(): null

2024-05-15 15:49:37 - [TEST_STEP][PASSED] - println(today): null

2024-05-15 15:49:37 - [TEST_STEP][PASSED] - datText = today: null

2024-05-15 15:49:37 - [TEST_STEP][PASSED] - EmulatorDataKey = findTestData(dataFile).getValue("EmulatorData", row): null

2024-05-15 15:49:37 - [TEST_STEP][PASSED] - out.println("Value of Emulator Key is : " + EmulatorDataKey): null

2024-05-15 15:49:37 - [TEST_STEP][PASSED] - iwpPages.emulatorIWP30.setDataEmulator_DD(EmulatorDataKey): iwpPages.emulatorIWP30.setDataEmulator_DD is PASSED

2024-05-15 15:49:37 - [MESSAGE][WARNING] - A browser is already opened. Closing browser and opening a new one

2024-05-15 15:49:39 - [MESSAGE][INFO] - Starting 'Chrome' driver

2024-05-15 15:49:39 - [MESSAGE][INFO] - User set preference: ['acceptInsecureCerts', 'true']

2024-05-15 15:49:39 - [MESSAGE][INFO] - Action delay is set to 0 milliseconds

2024-05-15 15:49:41 - [MESSAGE][PASSED] - Browser is opened with url: 'https://qa2.velocitypayment.com/agency/config.do?action=editor&message_version=3_0'

2024-05-15 15:49:42 - [MESSAGE][PASSED] - Current window maximized

2024-05-15 15:49:43 - [MESSAGE][PASSED] - All options with value '3.0' are selected in object 'Object Repository/IWP30/Page_VRelay30Emulator/MV'  using regular expression

2024-05-15 15:49:44 - [MESSAGE][PASSED] - Text '10.50' is set on object 'Object Repository/IWP30/Page_VRelay30Emulator/Amount'

2024-05-15 15:49:44 - [MESSAGE][PASSED] - Text '26412167' is set on object 'Object Repository/IWP30/Page_VRelay30Emulator/CAN'

2024-05-15 15:49:45 - [MESSAGE][PASSED] - Text 'PayNow' is set on object 'Object Repository/IWP30/Page_VRelay30Emulator/Action'

2024-05-15 15:49:45 - [MESSAGE][PASSED] - Text 'en_US' is set on object 'Object Repository/IWP30/Page_VRelay30Emulator/Lang'

2024-05-15 15:49:46 - [MESSAGE][PASSED] - Text 'Elizath' is set on object 'Object Repository/IWP30/Page_VRelay30Emulator/Fname'

2024-05-15 15:49:47 - [MESSAGE][PASSED] - Text 'Christine' is set on object 'Object Repository/IWP30/Page_VRelay30Emulator/Lname'

2024-05-15 15:49:47 - [MESSAGE][PASSED] - Text '258 Underwood rd' is set on object 'Object Repository/IWP30/Page_VRelay30Emulator/AL1'

2024-05-15 15:49:48 - [MESSAGE][PASSED] - Text 'Suite 600' is set on object 'Object Repository/IWP30/Page_VRelay30Emulator/AL2'

2024-05-15 15:49:49 - [MESSAGE][PASSED] - Text '840' is set on object 'Object Repository/IWP30/Page_VRelay30Emulator/Country'

2024-05-15 15:49:49 - [MESSAGE][PASSED] - Text 'Arlington' is set on object 'Object Repository/IWP30/Page_VRelay30Emulator/City'

2024-05-15 15:49:50 - [MESSAGE][PASSED] - Text 'VA' is set on object 'Object Repository/IWP30/Page_VRelay30Emulator/State'

2024-05-15 15:49:51 - [MESSAGE][PASSED] - Text '22201' is set on object 'Object Repository/IWP30/Page_VRelay30Emulator/ZIP'

2024-05-15 15:49:51 - [MESSAGE][PASSED] - Text '' is set on object 'Object Repository/IWP30/Page_VRelay30Emulator/Order'

2024-05-15 15:49:52 - [MESSAGE][PASSED] - Text '' is set on object 'Object Repository/IWP30/Page_VRelay30Emulator/Company'

2024-05-15 15:49:52 - [MESSAGE][PASSED] - Text 'iahmed@govolution.com' is set on object 'Object Repository/IWP30/Page_VRelay30Emulator/Email'

2024-05-15 15:49:53 - [MESSAGE][PASSED] - Text 'udf data 1' is set on object 'Object Repository/IWP30/Page_VRelay30Emulator/UDF1'

2024-05-15 15:49:54 - [MESSAGE][PASSED] - Text 'udf data 2' is set on object 'Object Repository/IWP30/Page_VRelay30Emulator/UDF2'

2024-05-15 15:49:54 - [MESSAGE][PASSED] - Text 'udf data 3' is set on object 'Object Repository/IWP30/Page_VRelay30Emulator/UDF3'

2024-05-15 15:49:55 - [MESSAGE][PASSED] - Text 'udf data 4' is set on object 'Object Repository/IWP30/Page_VRelay30Emulator/UDF4'

2024-05-15 15:49:56 - [MESSAGE][PASSED] - Text 'udf data 5' is set on object 'Object Repository/IWP30/Page_VRelay30Emulator/UDF5'

2024-05-15 15:49:56 - [MESSAGE][PASSED] - Text 'udf data 6' is set on object 'Object Repository/IWP30/Page_VRelay30Emulator/UDF6'

2024-05-15 15:49:57 - [MESSAGE][PASSED] - Text 'Orange' is set on object 'Object Repository/IWP30/Page_VRelay30Emulator/UDF7'

2024-05-15 15:49:58 - [MESSAGE][PASSED] - Text 'Soccer' is set on object 'Object Repository/IWP30/Page_VRelay30Emulator/UDF8'

2024-05-15 15:49:58 - [MESSAGE][PASSED] - Text 'udf data 9' is set on object 'Object Repository/IWP30/Page_VRelay30Emulator/UDF9'

2024-05-15 15:49:59 - [MESSAGE][PASSED] - Text 'udf data 10' is set on object 'Object Repository/IWP30/Page_VRelay30Emulator/UDF10'

2024-05-15 15:49:59 - [MESSAGE][PASSED] - Object: 'Object Repository/IWP30/Page_VRelay30Emulator/Submit' is clicked on

2024-05-15 15:50:01 - [MESSAGE][PASSED] - Browser is closed

2024-05-15 15:50:02 - [MESSAGE][PASSED] - iwpPages.emulatorIWP30.setDataEmulator_DD is PASSED

2024-05-15 15:50:02 - [TEST_STEP][PASSED] - testHarnessURL = urlTestHarness: null

2024-05-15 15:50:02 - [TEST_STEP][PASSED] - openBrowser(testHarnessURL): Browser is opened with url: 'https://dev-algorithm.govolution.com/vrelaytest/QA2/version_2_2/vrelaytest.html'

2024-05-15 15:50:02 - [MESSAGE][INFO] - Starting 'Chrome' driver

2024-05-15 15:50:02 - [MESSAGE][INFO] - User set preference: ['acceptInsecureCerts', 'true']

2024-05-15 15:50:02 - [MESSAGE][INFO] - Action delay is set to 0 milliseconds

2024-05-15 15:50:04 - [MESSAGE][PASSED] - Browser is opened with url: 'https://dev-algorithm.govolution.com/vrelaytest/QA2/version_2_2/vrelaytest.html'

2024-05-15 15:50:04 - [TEST_STEP][PASSED] - maximizeWindow(): Current window maximized

2024-05-15 15:50:04 - [MESSAGE][PASSED] - Current window maximized

2024-05-15 15:50:04 - [TEST_STEP][PASSED] - iwpPages.TestHarnessPage.setDataMethod(row, dataFile): iwpPages.TestHarnessPage.setDataMethod is PASSED

2024-05-15 15:50:04 - [MESSAGE][PASSED] - Object 'Object Repository/IWP30/Page_QATestHarness/RemittanceID' is present

2024-05-15 15:50:05 - [MESSAGE][PASSED] - Text '649' is set on object 'Object Repository/IWP30/Page_QATestHarness/ApplicationID'

2024-05-15 15:50:06 - [MESSAGE][PASSED] - Text '3.0' is set on object 'Object Repository/IWP30/Page_QATestHarness/MessageVersion'

2024-05-15 15:50:06 - [MESSAGE][PASSED] - Text 'mPBZNV4xENKw' is set on object 'Object Repository/IWP30/Page_QATestHarness/RemittanceID'

2024-05-15 15:50:08 - [MESSAGE][PASSED] - Object: 'Object Repository/IWP30/Page_QATestHarness/SubmitButton' is clicked on

2024-05-15 15:50:08 - [MESSAGE][PASSED] - iwpPages.TestHarnessPage.setDataMethod is PASSED

2024-05-15 15:50:08 - [TEST_STEP][PASSED] - check(findTestObject("Object Repository/IWP30/Page_SelectPaymentMethod/PayByCreditCard")): Object 'Object Repository/IWP30/Page_SelectPaymentMethod/PayByCreditCard' is checked

2024-05-15 15:50:08 - [MESSAGE][PASSED] - Object 'Object Repository/IWP30/Page_SelectPaymentMethod/PayByCreditCard' is checked

2024-05-15 15:50:08 - [TEST_STEP][PASSED] - click(findTestObject("Object Repository/IWP30/Page_SelectPaymentMethod/MakePaymentButton")): Object: 'Object Repository/IWP30/Page_SelectPaymentMethod/MakePaymentButton' is clicked on

2024-05-15 15:50:10 - [MESSAGE][PASSED] - Object: 'Object Repository/IWP30/Page_SelectPaymentMethod/MakePaymentButton' is clicked on

2024-05-15 15:50:10 - [TEST_STEP][PASSED] - iwpPages.ccPaymentEntryPage.setDataIWPCreditCard(row, dataFile): iwpPages.ccPaymentEntryPage.setDataIWPCreditCard is PASSED

2024-05-15 15:50:11 - [MESSAGE][PASSED] - Object 'Object Repository/IWP30/Page_CCPaymentEntry/Name' is present

2024-05-15 15:50:12 - [MESSAGE][PASSED] - Text '1.50' is set on object 'Object Repository/IWP30/Page_CCPaymentEntry/Amount'

2024-05-15 15:50:12 - [MESSAGE][PASSED] - Text '4761730000000011' is set on object 'Object Repository/IWP30/Page_CCPaymentEntry/CardNumber'

2024-05-15 15:50:13 - [MESSAGE][PASSED] - Text '123' is set on object 'Object Repository/IWP30/Page_CCPaymentEntry/SPC'

2024-05-15 15:50:14 - [MESSAGE][PASSED] - All options with label '12' are selected in object 'Object Repository/IWP30/Page_CCPaymentEntry/Month' 

2024-05-15 15:50:14 - [MESSAGE][PASSED] - All options with label '2028' are selected in object 'Object Repository/IWP30/Page_CCPaymentEntry/Year' 

2024-05-15 15:50:15 - [MESSAGE][PASSED] - Object 'Object Repository/IWP30/Page_CCPaymentEntry/TermCondCheckBox' is present

2024-05-15 15:50:15 - [MESSAGE][PASSED] - Object 'Object Repository/IWP30/Page_CCPaymentEntry/TermCondCheckBox' is checked

2024-05-15 15:50:15 - [MESSAGE][PASSED] - Object 'Object Repository/IWP30/Page_CCPaymentEntry/ContinueButton' is present

2024-05-15 15:50:17 - [MESSAGE][PASSED] - Object: 'Object Repository/IWP30/Page_CCPaymentEntry/ContinueButton' is clicked on

2024-05-15 15:50:17 - [MESSAGE][PASSED] - iwpPages.ccPaymentEntryPage.setDataIWPCreditCard is PASSED

2024-05-15 15:50:17 - [TEST_STEP][PASSED] - ErrorMessage = findTestData(dataFile).getValue("ErrMsg", row): null

2024-05-15 15:50:17 - [TEST_STEP][PASSED] - if (verifyTextPresent(ErrorMessage, false)): null

2024-05-15 15:50:17 - [MESSAGE][PASSED] - Text 'Amount is less than minimum' is present on page 

2024-05-15 15:50:17 - [TEST_STEP][PASSED] - println("The following Error Message is present : " + ErrorMessage): null

2024-05-15 15:50:17 - [TEST_STEP][PASSED] - markPassed("Error Message is present : " + ErrorMessage): Error Message is present : Amount is less than minimum

2024-05-15 15:50:17 - [MESSAGE][PASSED] - Error Message is present : Amount is less than minimum

2024-05-15 15:50:17 - [TEST_STEP][PASSED] - resText = "Pass": null

2024-05-15 15:50:17 - [TEST_STEP][PASSED] - pages.WriteExcel.demoKey(resText, datText, resColumn, datCloumn, fileLoc, nameSheet, row): pages.WriteExcel.demoKey is PASSED

2024-05-15 15:50:17 - [MESSAGE][PASSED] - pages.WriteExcel.demoKey is PASSED

2024-05-15 15:50:17 - [TEST_STEP][PASSED] - ExecuteTC = findTestData(dataFile).getValue("Execute", row): null

2024-05-15 15:50:17 - [TEST_STEP][PASSED] - out.println("Value of Execute is : " + ExecuteTC): null

2024-05-15 15:50:17 - [TEST_STEP][PASSED] - if (ExecuteTC.equalsIgnoreCase("Y")): null

2024-05-15 15:50:17 - [TEST_STEP][PASSED] - ExecuteTC = findTestData(dataFile).getValue("Execute", row): null

2024-05-15 15:50:17 - [TEST_STEP][PASSED] - out.println("Value of Execute is : " + ExecuteTC): null

2024-05-15 15:50:17 - [TEST_STEP][PASSED] - if (ExecuteTC.equalsIgnoreCase("Y")): null]]></system-out>
         <system-err><![CDATA[]]></system-err>
      </testcase>
      <testcase name="Test Cases/IntegratedWeb/IWP30/Misc" time="903.531" classname="Test Cases/IntegratedWeb/IWP30/Misc" status="FAILED">
         <failure type="FAILED" message="Test Cases/IntegratedWeb/IWP30/Misc FAILED.
Reason:
com.kms.katalon.core.exception.StepFailedException: Unable to select option by label '2023' of object 'Object Repository/IWP30/Page_CCPaymentEntry/Year'  (Root cause: com.kms.katalon.core.exception.StepFailedException: Unable to select option by label '2023' of object 'Object Repository/IWP30/Page_CCPaymentEntry/Year' 
	at com.kms.katalon.core.webui.keyword.internal.WebUIKeywordMain.stepFailed(WebUIKeywordMain.groovy:64)
	at com.kms.katalon.core.webui.keyword.internal.WebUIKeywordMain.runKeyword(WebUIKeywordMain.groovy:26)
	at com.kms.katalon.core.webui.keyword.builtin.SelectOptionByLabelKeyword.selectOptionByLabel(SelectOptionByLabelKeyword.groovy:98)
	at com.kms.katalon.core.webui.keyword.builtin.SelectOptionByLabelKeyword.execute(SelectOptionByLabelKeyword.groovy:71)
	at com.kms.katalon.core.keyword.internal.KeywordExecutor.executeKeywordForPlatform(KeywordExecutor.groovy:74)
	at com.kms.katalon.core.webui.keyword.WebUiBuiltInKeywords.selectOptionByLabel(WebUiBuiltInKeywords.groovy:1230)
	at com.kms.katalon.core.webui.keyword.WebUiBuiltInKeywords$selectOptionByLabel$7.call(Unknown Source)
	at iwpPages.ccPaymentEntryPage.setDataCCPM(ccPaymentEntryPage.groovy:252)
	at iwpPages.ccPaymentEntryPage.invokeMethod(ccPaymentEntryPage.groovy)
	at com.kms.katalon.core.main.CustomKeywordDelegatingMetaClass.invokeStaticMethod(CustomKeywordDelegatingMetaClass.java:55)
	at Misc.run(Misc:85)
	at com.kms.katalon.core.main.ScriptEngine.run(ScriptEngine.java:194)
	at com.kms.katalon.core.main.ScriptEngine.runScriptAsRawText(ScriptEngine.java:119)
	at com.kms.katalon.core.main.TestCaseExecutor.runScript(TestCaseExecutor.java:448)
	at com.kms.katalon.core.main.TestCaseExecutor.doExecute(TestCaseExecutor.java:439)
	at com.kms.katalon.core.main.TestCaseExecutor.processExecutionPhase(TestCaseExecutor.java:418)
	at com.kms.katalon.core.main.TestCaseExecutor.accessMainPhase(TestCaseExecutor.java:410)
	at com.kms.katalon.core.main.TestCaseExecutor.execute(TestCaseExecutor.java:285)
	at com.kms.katalon.core.common.CommonExecutor.accessTestCaseMainPhase(CommonExecutor.java:65)
	at com.kms.katalon.core.main.TestSuiteExecutor.accessTestSuiteMainPhase(TestSuiteExecutor.java:148)
	at com.kms.katalon.core.main.TestSuiteExecutor.execute(TestSuiteExecutor.java:106)
	at com.kms.katalon.core.main.TestCaseMain.startTestSuite(TestCaseMain.java:187)
	at com.kms.katalon.core.main.TestCaseMain$startTestSuite$0.call(Unknown Source)
	at TempTestSuite1715800219174.run(TempTestSuite1715800219174.groovy:35)
Caused by: org.openqa.selenium.NoSuchElementException: Cannot locate element with text: 2023
For documentation on this error, please visit: https://www.seleniumhq.org/exceptions/no_such_element.html
Build info: version: '3.141.59', revision: 'e82be7d358', time: '2018-11-14T08:25:53'
System info: host: 'DESKTOP-B2QI6NS', ip: '172.31.253.185', os.name: 'Windows 10', os.arch: 'amd64', os.version: '10.0', java.version: '1.8.0_181'
Driver info: driver.version: unknown
	at org.openqa.selenium.support.ui.Select.selectByVisibleText(Select.java:147)
	at com.kms.katalon.core.webui.common.WebUiCommonHelper.selectOrDeselectOptionsByLabel(WebUiCommonHelper.java:310)
	at com.kms.katalon.core.webui.keyword.builtin.SelectOptionByLabelKeyword$_selectOptionByLabel_closure1.doCall(SelectOptionByLabelKeyword.groovy:87)
	at com.kms.katalon.core.webui.keyword.builtin.SelectOptionByLabelKeyword$_selectOptionByLabel_closure1.call(SelectOptionByLabelKeyword.groovy)
	at com.kms.katalon.core.webui.keyword.internal.WebUIKeywordMain.runKeyword(WebUIKeywordMain.groovy:20)
	at com.kms.katalon.core.webui.keyword.builtin.SelectOptionByLabelKeyword.selectOptionByLabel(SelectOptionByLabelKeyword.groovy:98)
	at com.kms.katalon.core.webui.keyword.builtin.SelectOptionByLabelKeyword.execute(SelectOptionByLabelKeyword.groovy:71)
	at com.kms.katalon.core.keyword.internal.KeywordExecutor.executeKeywordForPlatform(KeywordExecutor.groovy:74)
	at com.kms.katalon.core.webui.keyword.WebUiBuiltInKeywords.selectOptionByLabel(WebUiBuiltInKeywords.groovy:1230)
	at com.kms.katalon.core.webui.keyword.WebUiBuiltInKeywords$selectOptionByLabel$7.call(Unknown Source)
	at iwpPages.ccPaymentEntryPage.setDataCCPM(ccPaymentEntryPage.groovy:252)
	at iwpPages.ccPaymentEntryPage.invokeMethod(ccPaymentEntryPage.groovy)
	at com.kms.katalon.core.main.CustomKeywordDelegatingMetaClass.invokeStaticMethod(CustomKeywordDelegatingMetaClass.java:55)
	at Script1593488051730.run(Script1593488051730.groovy:85)
	... 13 more
)
	at com.kms.katalon.core.keyword.internal.KeywordMain.stepFailed(KeywordMain.groovy:39)
	at com.kms.katalon.core.webui.keyword.internal.WebUIKeywordMain.stepFailed(WebUIKeywordMain.groovy:64)
	at com.kms.katalon.core.webui.keyword.internal.WebUIKeywordMain.runKeyword(WebUIKeywordMain.groovy:26)
	at com.kms.katalon.core.webui.keyword.builtin.SelectOptionByLabelKeyword.selectOptionByLabel(SelectOptionByLabelKeyword.groovy:98)
	at com.kms.katalon.core.webui.keyword.builtin.SelectOptionByLabelKeyword.execute(SelectOptionByLabelKeyword.groovy:71)
	at com.kms.katalon.core.keyword.internal.KeywordExecutor.executeKeywordForPlatform(KeywordExecutor.groovy:74)
	at com.kms.katalon.core.webui.keyword.WebUiBuiltInKeywords.selectOptionByLabel(WebUiBuiltInKeywords.groovy:1230)
	at com.kms.katalon.core.webui.keyword.WebUiBuiltInKeywords$selectOptionByLabel$7.call(Unknown Source)
	at iwpPages.ccPaymentEntryPage.setDataCCPM(ccPaymentEntryPage.groovy:252)
	at iwpPages.ccPaymentEntryPage.invokeMethod(ccPaymentEntryPage.groovy)
	at com.kms.katalon.core.main.CustomKeywordDelegatingMetaClass.invokeStaticMethod(CustomKeywordDelegatingMetaClass.java:55)
	at Misc.run(Misc:85)
	at com.kms.katalon.core.main.ScriptEngine.run(ScriptEngine.java:194)
	at com.kms.katalon.core.main.ScriptEngine.runScriptAsRawText(ScriptEngine.java:119)
	at com.kms.katalon.core.main.TestCaseExecutor.runScript(TestCaseExecutor.java:448)
	at com.kms.katalon.core.main.TestCaseExecutor.doExecute(TestCaseExecutor.java:439)
	at com.kms.katalon.core.main.TestCaseExecutor.processExecutionPhase(TestCaseExecutor.java:418)
	at com.kms.katalon.core.main.TestCaseExecutor.accessMainPhase(TestCaseExecutor.java:410)
	at com.kms.katalon.core.main.TestCaseExecutor.execute(TestCaseExecutor.java:285)
	at com.kms.katalon.core.common.CommonExecutor.accessTestCaseMainPhase(CommonExecutor.java:65)
	at com.kms.katalon.core.main.TestSuiteExecutor.accessTestSuiteMainPhase(TestSuiteExecutor.java:148)
	at com.kms.katalon.core.main.TestSuiteExecutor.execute(TestSuiteExecutor.java:106)
	at com.kms.katalon.core.main.TestCaseMain.startTestSuite(TestCaseMain.java:187)
	at com.kms.katalon.core.main.TestCaseMain$startTestSuite$0.call(Unknown Source)
	at TempTestSuite1715800219174.run(TempTestSuite1715800219174.groovy:35)
Caused by: com.kms.katalon.core.exception.StepFailedException: Unable to select option by label '2023' of object 'Object Repository/IWP30/Page_CCPaymentEntry/Year' 
	... 24 more
Caused by: org.openqa.selenium.NoSuchElementException: Cannot locate element with text: 2023
For documentation on this error, please visit: https://www.seleniumhq.org/exceptions/no_such_element.html
Build info: version: '3.141.59', revision: 'e82be7d358', time: '2018-11-14T08:25:53'
System info: host: 'DESKTOP-B2QI6NS', ip: '172.31.253.185', os.name: 'Windows 10', os.arch: 'amd64', os.version: '10.0', java.version: '1.8.0_181'
Driver info: driver.version: unknown
	at org.openqa.selenium.support.ui.Select.selectByVisibleText(Select.java:147)
	at com.kms.katalon.core.webui.common.WebUiCommonHelper.selectOrDeselectOptionsByLabel(WebUiCommonHelper.java:310)
	at com.kms.katalon.core.webui.keyword.builtin.SelectOptionByLabelKeyword$_selectOptionByLabel_closure1.doCall(SelectOptionByLabelKeyword.groovy:87)
	at com.kms.katalon.core.webui.keyword.builtin.SelectOptionByLabelKeyword$_selectOptionByLabel_closure1.call(SelectOptionByLabelKeyword.groovy)
	at com.kms.katalon.core.webui.keyword.internal.WebUIKeywordMain.runKeyword(WebUIKeywordMain.groovy:20)
	... 22 more
"/>
         <system-out><![CDATA[2024-05-15 15:50:17 - [TEST_CASE][FAILED] - Test Cases/IntegratedWeb/IWP30/Misc: Test Cases/IntegratedWeb/IWP30/Misc FAILED.
Reason:
com.kms.katalon.core.exception.StepFailedException: Unable to select option by label '2023' of object 'Object Repository/IWP30/Page_CCPaymentEntry/Year'  (Root cause: com.kms.katalon.core.exception.StepFailedException: Unable to select option by label '2023' of object 'Object Repository/IWP30/Page_CCPaymentEntry/Year' 
	at com.kms.katalon.core.webui.keyword.internal.WebUIKeywordMain.stepFailed(WebUIKeywordMain.groovy:64)
	at com.kms.katalon.core.webui.keyword.internal.WebUIKeywordMain.runKeyword(WebUIKeywordMain.groovy:26)
	at com.kms.katalon.core.webui.keyword.builtin.SelectOptionByLabelKeyword.selectOptionByLabel(SelectOptionByLabelKeyword.groovy:98)
	at com.kms.katalon.core.webui.keyword.builtin.SelectOptionByLabelKeyword.execute(SelectOptionByLabelKeyword.groovy:71)
	at com.kms.katalon.core.keyword.internal.KeywordExecutor.executeKeywordForPlatform(KeywordExecutor.groovy:74)
	at com.kms.katalon.core.webui.keyword.WebUiBuiltInKeywords.selectOptionByLabel(WebUiBuiltInKeywords.groovy:1230)
	at com.kms.katalon.core.webui.keyword.WebUiBuiltInKeywords$selectOptionByLabel$7.call(Unknown Source)
	at iwpPages.ccPaymentEntryPage.setDataCCPM(ccPaymentEntryPage.groovy:252)
	at iwpPages.ccPaymentEntryPage.invokeMethod(ccPaymentEntryPage.groovy)
	at com.kms.katalon.core.main.CustomKeywordDelegatingMetaClass.invokeStaticMethod(CustomKeywordDelegatingMetaClass.java:55)
	at Misc.run(Misc:85)
	at com.kms.katalon.core.main.ScriptEngine.run(ScriptEngine.java:194)
	at com.kms.katalon.core.main.ScriptEngine.runScriptAsRawText(ScriptEngine.java:119)
	at com.kms.katalon.core.main.TestCaseExecutor.runScript(TestCaseExecutor.java:448)
	at com.kms.katalon.core.main.TestCaseExecutor.doExecute(TestCaseExecutor.java:439)
	at com.kms.katalon.core.main.TestCaseExecutor.processExecutionPhase(TestCaseExecutor.java:418)
	at com.kms.katalon.core.main.TestCaseExecutor.accessMainPhase(TestCaseExecutor.java:410)
	at com.kms.katalon.core.main.TestCaseExecutor.execute(TestCaseExecutor.java:285)
	at com.kms.katalon.core.common.CommonExecutor.accessTestCaseMainPhase(CommonExecutor.java:65)
	at com.kms.katalon.core.main.TestSuiteExecutor.accessTestSuiteMainPhase(TestSuiteExecutor.java:148)
	at com.kms.katalon.core.main.TestSuiteExecutor.execute(TestSuiteExecutor.java:106)
	at com.kms.katalon.core.main.TestCaseMain.startTestSuite(TestCaseMain.java:187)
	at com.kms.katalon.core.main.TestCaseMain$startTestSuite$0.call(Unknown Source)
	at TempTestSuite1715800219174.run(TempTestSuite1715800219174.groovy:35)
Caused by: org.openqa.selenium.NoSuchElementException: Cannot locate element with text: 2023
For documentation on this error, please visit: https://www.seleniumhq.org/exceptions/no_such_element.html
Build info: version: '3.141.59', revision: 'e82be7d358', time: '2018-11-14T08:25:53'
System info: host: 'DESKTOP-B2QI6NS', ip: '172.31.253.185', os.name: 'Windows 10', os.arch: 'amd64', os.version: '10.0', java.version: '1.8.0_181'
Driver info: driver.version: unknown
	at org.openqa.selenium.support.ui.Select.selectByVisibleText(Select.java:147)
	at com.kms.katalon.core.webui.common.WebUiCommonHelper.selectOrDeselectOptionsByLabel(WebUiCommonHelper.java:310)
	at com.kms.katalon.core.webui.keyword.builtin.SelectOptionByLabelKeyword$_selectOptionByLabel_closure1.doCall(SelectOptionByLabelKeyword.groovy:87)
	at com.kms.katalon.core.webui.keyword.builtin.SelectOptionByLabelKeyword$_selectOptionByLabel_closure1.call(SelectOptionByLabelKeyword.groovy)
	at com.kms.katalon.core.webui.keyword.internal.WebUIKeywordMain.runKeyword(WebUIKeywordMain.groovy:20)
	at com.kms.katalon.core.webui.keyword.builtin.SelectOptionByLabelKeyword.selectOptionByLabel(SelectOptionByLabelKeyword.groovy:98)
	at com.kms.katalon.core.webui.keyword.builtin.SelectOptionByLabelKeyword.execute(SelectOptionByLabelKeyword.groovy:71)
	at com.kms.katalon.core.keyword.internal.KeywordExecutor.executeKeywordForPlatform(KeywordExecutor.groovy:74)
	at com.kms.katalon.core.webui.keyword.WebUiBuiltInKeywords.selectOptionByLabel(WebUiBuiltInKeywords.groovy:1230)
	at com.kms.katalon.core.webui.keyword.WebUiBuiltInKeywords$selectOptionByLabel$7.call(Unknown Source)
	at iwpPages.ccPaymentEntryPage.setDataCCPM(ccPaymentEntryPage.groovy:252)
	at iwpPages.ccPaymentEntryPage.invokeMethod(ccPaymentEntryPage.groovy)
	at com.kms.katalon.core.main.CustomKeywordDelegatingMetaClass.invokeStaticMethod(CustomKeywordDelegatingMetaClass.java:55)
	at Script1593488051730.run(Script1593488051730.groovy:85)
	... 13 more
)
	at com.kms.katalon.core.keyword.internal.KeywordMain.stepFailed(KeywordMain.groovy:39)
	at com.kms.katalon.core.webui.keyword.internal.WebUIKeywordMain.stepFailed(WebUIKeywordMain.groovy:64)
	at com.kms.katalon.core.webui.keyword.internal.WebUIKeywordMain.runKeyword(WebUIKeywordMain.groovy:26)
	at com.kms.katalon.core.webui.keyword.builtin.SelectOptionByLabelKeyword.selectOptionByLabel(SelectOptionByLabelKeyword.groovy:98)
	at com.kms.katalon.core.webui.keyword.builtin.SelectOptionByLabelKeyword.execute(SelectOptionByLabelKeyword.groovy:71)
	at com.kms.katalon.core.keyword.internal.KeywordExecutor.executeKeywordForPlatform(KeywordExecutor.groovy:74)
	at com.kms.katalon.core.webui.keyword.WebUiBuiltInKeywords.selectOptionByLabel(WebUiBuiltInKeywords.groovy:1230)
	at com.kms.katalon.core.webui.keyword.WebUiBuiltInKeywords$selectOptionByLabel$7.call(Unknown Source)
	at iwpPages.ccPaymentEntryPage.setDataCCPM(ccPaymentEntryPage.groovy:252)
	at iwpPages.ccPaymentEntryPage.invokeMethod(ccPaymentEntryPage.groovy)
	at com.kms.katalon.core.main.CustomKeywordDelegatingMetaClass.invokeStaticMethod(CustomKeywordDelegatingMetaClass.java:55)
	at Misc.run(Misc:85)
	at com.kms.katalon.core.main.ScriptEngine.run(ScriptEngine.java:194)
	at com.kms.katalon.core.main.ScriptEngine.runScriptAsRawText(ScriptEngine.java:119)
	at com.kms.katalon.core.main.TestCaseExecutor.runScript(TestCaseExecutor.java:448)
	at com.kms.katalon.core.main.TestCaseExecutor.doExecute(TestCaseExecutor.java:439)
	at com.kms.katalon.core.main.TestCaseExecutor.processExecutionPhase(TestCaseExecutor.java:418)
	at com.kms.katalon.core.main.TestCaseExecutor.accessMainPhase(TestCaseExecutor.java:410)
	at com.kms.katalon.core.main.TestCaseExecutor.execute(TestCaseExecutor.java:285)
	at com.kms.katalon.core.common.CommonExecutor.accessTestCaseMainPhase(CommonExecutor.java:65)
	at com.kms.katalon.core.main.TestSuiteExecutor.accessTestSuiteMainPhase(TestSuiteExecutor.java:148)
	at com.kms.katalon.core.main.TestSuiteExecutor.execute(TestSuiteExecutor.java:106)
	at com.kms.katalon.core.main.TestCaseMain.startTestSuite(TestCaseMain.java:187)
	at com.kms.katalon.core.main.TestCaseMain$startTestSuite$0.call(Unknown Source)
	at TempTestSuite1715800219174.run(TempTestSuite1715800219174.groovy:35)
Caused by: com.kms.katalon.core.exception.StepFailedException: Unable to select option by label '2023' of object 'Object Repository/IWP30/Page_CCPaymentEntry/Year' 
	... 24 more
Caused by: org.openqa.selenium.NoSuchElementException: Cannot locate element with text: 2023
For documentation on this error, please visit: https://www.seleniumhq.org/exceptions/no_such_element.html
Build info: version: '3.141.59', revision: 'e82be7d358', time: '2018-11-14T08:25:53'
System info: host: 'DESKTOP-B2QI6NS', ip: '172.31.253.185', os.name: 'Windows 10', os.arch: 'amd64', os.version: '10.0', java.version: '1.8.0_181'
Driver info: driver.version: unknown
	at org.openqa.selenium.support.ui.Select.selectByVisibleText(Select.java:147)
	at com.kms.katalon.core.webui.common.WebUiCommonHelper.selectOrDeselectOptionsByLabel(WebUiCommonHelper.java:310)
	at com.kms.katalon.core.webui.keyword.builtin.SelectOptionByLabelKeyword$_selectOptionByLabel_closure1.doCall(SelectOptionByLabelKeyword.groovy:87)
	at com.kms.katalon.core.webui.keyword.builtin.SelectOptionByLabelKeyword$_selectOptionByLabel_closure1.call(SelectOptionByLabelKeyword.groovy)
	at com.kms.katalon.core.webui.keyword.internal.WebUIKeywordMain.runKeyword(WebUIKeywordMain.groovy:20)
	... 22 more


2024-05-15 15:50:18 - [TEST_STEP][PASSED] - numOfRows = findTestData("IWPTestData/IWP30PayNowCC").getRowNumbers(): null

2024-05-15 15:50:18 - [TEST_STEP][PASSED] - println(numOfRows): null

2024-05-15 15:50:18 - [TEST_STEP][PASSED] - dataFile = "IWPTestData/IWP30PayNowCC": null

2024-05-15 15:50:18 - [TEST_STEP][FAILED] - for ([row = 1, row <= numOfRows, (row++)]): null

2024-05-15 15:50:18 - [TEST_STEP][PASSED] - openBrowser(urlEmulator): Browser is opened with url: 'https://qa2.velocitypayment.com/agency/config.do?action=editor'

2024-05-15 15:50:18 - [MESSAGE][WARNING] - A browser is already opened. Closing browser and opening a new one

2024-05-15 15:50:19 - [MESSAGE][INFO] - Starting 'Chrome' driver

2024-05-15 15:50:19 - [MESSAGE][INFO] - User set preference: ['acceptInsecureCerts', 'true']

2024-05-15 15:50:19 - [MESSAGE][INFO] - Action delay is set to 0 milliseconds

2024-05-15 15:50:22 - [MESSAGE][PASSED] - Browser is opened with url: 'https://qa2.velocitypayment.com/agency/config.do?action=editor'

2024-05-15 15:50:22 - [TEST_STEP][PASSED] - maximizeWindow(): Current window maximized

2024-05-15 15:50:22 - [MESSAGE][PASSED] - Current window maximized

2024-05-15 15:50:22 - [TEST_STEP][PASSED] - iwpPages.emulatorIWP30.getSetData(row, dataFile): iwpPages.emulatorIWP30.getSetData is PASSED

2024-05-15 15:50:24 - [MESSAGE][PASSED] - All options with value '3.0' are selected in object 'Object Repository/IWP30/Page_VRelay30Emulator/MV'  using regular expression

2024-05-15 15:50:25 - [MESSAGE][PASSED] - Text '10.50' is set on object 'Object Repository/IWP30/Page_VRelay30Emulator/Amount'

2024-05-15 15:50:26 - [MESSAGE][PASSED] - Text '26411005' is set on object 'Object Repository/IWP30/Page_VRelay30Emulator/CAN'

2024-05-15 15:50:26 - [MESSAGE][PASSED] - Text 'PayNow' is set on object 'Object Repository/IWP30/Page_VRelay30Emulator/Action'

2024-05-15 15:50:27 - [MESSAGE][PASSED] - Text 'en_US' is set on object 'Object Repository/IWP30/Page_VRelay30Emulator/Lang'

2024-05-15 15:50:28 - [MESSAGE][PASSED] - Text '' is set on object 'Object Repository/IWP30/Page_VRelay30Emulator/Fname'

2024-05-15 15:50:28 - [MESSAGE][PASSED] - Text '' is set on object 'Object Repository/IWP30/Page_VRelay30Emulator/Lname'

2024-05-15 15:50:29 - [MESSAGE][PASSED] - Text '' is set on object 'Object Repository/IWP30/Page_VRelay30Emulator/AL1'

2024-05-15 15:50:29 - [MESSAGE][PASSED] - Text '' is set on object 'Object Repository/IWP30/Page_VRelay30Emulator/AL2'

2024-05-15 15:50:30 - [MESSAGE][PASSED] - Text '840' is set on object 'Object Repository/IWP30/Page_VRelay30Emulator/Country'

2024-05-15 15:50:31 - [MESSAGE][PASSED] - Text '' is set on object 'Object Repository/IWP30/Page_VRelay30Emulator/City'

2024-05-15 15:50:31 - [MESSAGE][PASSED] - Text '' is set on object 'Object Repository/IWP30/Page_VRelay30Emulator/State'

2024-05-15 15:50:32 - [MESSAGE][PASSED] - Text '' is set on object 'Object Repository/IWP30/Page_VRelay30Emulator/ZIP'

2024-05-15 15:50:33 - [MESSAGE][PASSED] - Text '' is set on object 'Object Repository/IWP30/Page_VRelay30Emulator/Order'

2024-05-15 15:50:33 - [MESSAGE][PASSED] - Text '' is set on object 'Object Repository/IWP30/Page_VRelay30Emulator/Company'

2024-05-15 15:50:34 - [MESSAGE][PASSED] - Text '' is set on object 'Object Repository/IWP30/Page_VRelay30Emulator/Email'

2024-05-15 15:50:34 - [MESSAGE][PASSED] - Text '' is set on object 'Object Repository/IWP30/Page_VRelay30Emulator/UDF1'

2024-05-15 15:50:35 - [MESSAGE][PASSED] - Text '' is set on object 'Object Repository/IWP30/Page_VRelay30Emulator/UDF2'

2024-05-15 15:50:36 - [MESSAGE][PASSED] - Text '' is set on object 'Object Repository/IWP30/Page_VRelay30Emulator/UDF3'

2024-05-15 15:50:36 - [MESSAGE][PASSED] - Text 'udf data 4' is set on object 'Object Repository/IWP30/Page_VRelay30Emulator/UDF4'

2024-05-15 15:50:37 - [MESSAGE][PASSED] - Text 'udf data 5' is set on object 'Object Repository/IWP30/Page_VRelay30Emulator/UDF5'

2024-05-15 15:50:38 - [MESSAGE][PASSED] - Text '' is set on object 'Object Repository/IWP30/Page_VRelay30Emulator/UDF6'

2024-05-15 15:50:38 - [MESSAGE][PASSED] - Text '' is set on object 'Object Repository/IWP30/Page_VRelay30Emulator/UDF7'

2024-05-15 15:50:39 - [MESSAGE][PASSED] - Text '' is set on object 'Object Repository/IWP30/Page_VRelay30Emulator/UDF8'

2024-05-15 15:50:39 - [MESSAGE][PASSED] - Text 'udf data 9' is set on object 'Object Repository/IWP30/Page_VRelay30Emulator/UDF9'

2024-05-15 15:50:40 - [MESSAGE][PASSED] - Text 'udf data 10' is set on object 'Object Repository/IWP30/Page_VRelay30Emulator/UDF10'

2024-05-15 15:50:51 - [MESSAGE][PASSED] - Object: 'Object Repository/IWP30/Page_VRelay30Emulator/Submit' is clicked on

2024-05-15 15:50:51 - [MESSAGE][PASSED] - iwpPages.emulatorIWP30.getSetData is PASSED

2024-05-15 15:50:51 - [TEST_STEP][PASSED] - closeBrowser(): Browser is closed

2024-05-15 15:50:52 - [MESSAGE][PASSED] - Browser is closed

2024-05-15 15:50:52 - [TEST_STEP][PASSED] - openBrowser(urlTestHarness): Browser is opened with url: 'https://dev-algorithm.govolution.com/vrelaytest/QA2/version_2_2/vrelaytest.html'

2024-05-15 15:50:52 - [MESSAGE][INFO] - Starting 'Chrome' driver

2024-05-15 15:50:52 - [MESSAGE][INFO] - User set preference: ['acceptInsecureCerts', 'true']

2024-05-15 15:50:52 - [MESSAGE][INFO] - Action delay is set to 0 milliseconds

2024-05-15 15:50:54 - [MESSAGE][PASSED] - Browser is opened with url: 'https://dev-algorithm.govolution.com/vrelaytest/QA2/version_2_2/vrelaytest.html'

2024-05-15 15:50:54 - [TEST_STEP][PASSED] - maximizeWindow(): Current window maximized

2024-05-15 15:50:54 - [MESSAGE][PASSED] - Current window maximized

2024-05-15 15:50:54 - [TEST_STEP][PASSED] - iwpPages.TestHarnessPage.setDataMethod(row, dataFile): iwpPages.TestHarnessPage.setDataMethod is PASSED

2024-05-15 15:50:55 - [MESSAGE][PASSED] - Object 'Object Repository/IWP30/Page_QATestHarness/RemittanceID' is present

2024-05-15 15:50:55 - [MESSAGE][PASSED] - Text '649' is set on object 'Object Repository/IWP30/Page_QATestHarness/ApplicationID'

2024-05-15 15:50:56 - [MESSAGE][PASSED] - Text '3.0' is set on object 'Object Repository/IWP30/Page_QATestHarness/MessageVersion'

2024-05-15 15:50:57 - [MESSAGE][PASSED] - Text 'rdf0bV5LypxB' is set on object 'Object Repository/IWP30/Page_QATestHarness/RemittanceID'

2024-05-15 15:50:58 - [MESSAGE][PASSED] - Object: 'Object Repository/IWP30/Page_QATestHarness/SubmitButton' is clicked on

2024-05-15 15:50:58 - [MESSAGE][PASSED] - iwpPages.TestHarnessPage.setDataMethod is PASSED

2024-05-15 15:50:58 - [TEST_STEP][PASSED] - if (verifyElementPresent(findTestObject("Object Repository/IWP30/Page_SelectPaymentMethod/PayByCreditCard"), 30)): null

2024-05-15 15:50:59 - [MESSAGE][PASSED] - Object 'Object Repository/IWP30/Page_SelectPaymentMethod/PayByCreditCard' is present

2024-05-15 15:50:59 - [TEST_STEP][PASSED] - println("We are on Select Payment Method page, start populating"): null

2024-05-15 15:50:59 - [TEST_STEP][PASSED] - check(findTestObject("Object Repository/IWP30/Page_SelectPaymentMethod/PayByCreditCard")): Object 'Object Repository/IWP30/Page_SelectPaymentMethod/PayByCreditCard' is checked

2024-05-15 15:50:59 - [MESSAGE][PASSED] - Object 'Object Repository/IWP30/Page_SelectPaymentMethod/PayByCreditCard' is checked

2024-05-15 15:50:59 - [TEST_STEP][PASSED] - Thread.sleep(1000): null

2024-05-15 15:51:00 - [TEST_STEP][PASSED] - click(findTestObject("Object Repository/IWP30/Page_SelectPaymentMethod/MakePaymentButton")): Object: 'Object Repository/IWP30/Page_SelectPaymentMethod/MakePaymentButton' is clicked on

2024-05-15 15:51:01 - [MESSAGE][PASSED] - Object: 'Object Repository/IWP30/Page_SelectPaymentMethod/MakePaymentButton' is clicked on

2024-05-15 15:51:01 - [TEST_STEP][FAILED] - iwpPages.ccPaymentEntryPage.setDataCCPM(row, dataFile): com.kms.katalon.core.exception.StepFailedException: Unable to select option by label '2023' of object 'Object Repository/IWP30/Page_CCPaymentEntry/Year'  (Root cause: com.kms.katalon.core.exception.StepFailedException: Unable to select option by label '2023' of object 'Object Repository/IWP30/Page_CCPaymentEntry/Year' 
	at com.kms.katalon.core.webui.keyword.internal.WebUIKeywordMain.stepFailed(WebUIKeywordMain.groovy:64)
	at com.kms.katalon.core.webui.keyword.internal.WebUIKeywordMain.runKeyword(WebUIKeywordMain.groovy:26)
	at com.kms.katalon.core.webui.keyword.builtin.SelectOptionByLabelKeyword.selectOptionByLabel(SelectOptionByLabelKeyword.groovy:98)
	at com.kms.katalon.core.webui.keyword.builtin.SelectOptionByLabelKeyword.execute(SelectOptionByLabelKeyword.groovy:71)
	at com.kms.katalon.core.keyword.internal.KeywordExecutor.executeKeywordForPlatform(KeywordExecutor.groovy:74)
	at com.kms.katalon.core.webui.keyword.WebUiBuiltInKeywords.selectOptionByLabel(WebUiBuiltInKeywords.groovy:1230)
	at com.kms.katalon.core.webui.keyword.WebUiBuiltInKeywords$selectOptionByLabel$7.call(Unknown Source)
	at iwpPages.ccPaymentEntryPage.setDataCCPM(ccPaymentEntryPage.groovy:252)
	at iwpPages.ccPaymentEntryPage.invokeMethod(ccPaymentEntryPage.groovy)
	at com.kms.katalon.core.main.CustomKeywordDelegatingMetaClass.invokeStaticMethod(CustomKeywordDelegatingMetaClass.java:55)
	at Misc.run(Misc:85)
	at com.kms.katalon.core.main.ScriptEngine.run(ScriptEngine.java:194)
	at com.kms.katalon.core.main.ScriptEngine.runScriptAsRawText(ScriptEngine.java:119)
	at com.kms.katalon.core.main.TestCaseExecutor.runScript(TestCaseExecutor.java:448)
	at com.kms.katalon.core.main.TestCaseExecutor.doExecute(TestCaseExecutor.java:439)
	at com.kms.katalon.core.main.TestCaseExecutor.processExecutionPhase(TestCaseExecutor.java:418)
	at com.kms.katalon.core.main.TestCaseExecutor.accessMainPhase(TestCaseExecutor.java:410)
	at com.kms.katalon.core.main.TestCaseExecutor.execute(TestCaseExecutor.java:285)
	at com.kms.katalon.core.common.CommonExecutor.accessTestCaseMainPhase(CommonExecutor.java:65)
	at com.kms.katalon.core.main.TestSuiteExecutor.accessTestSuiteMainPhase(TestSuiteExecutor.java:148)
	at com.kms.katalon.core.main.TestSuiteExecutor.execute(TestSuiteExecutor.java:106)
	at com.kms.katalon.core.main.TestCaseMain.startTestSuite(TestCaseMain.java:187)
	at com.kms.katalon.core.main.TestCaseMain$startTestSuite$0.call(Unknown Source)
	at TempTestSuite1715800219174.run(TempTestSuite1715800219174.groovy:35)
Caused by: org.openqa.selenium.NoSuchElementException: Cannot locate element with text: 2023
For documentation on this error, please visit: https://www.seleniumhq.org/exceptions/no_such_element.html
Build info: version: '3.141.59', revision: 'e82be7d358', time: '2018-11-14T08:25:53'
System info: host: 'DESKTOP-B2QI6NS', ip: '172.31.253.185', os.name: 'Windows 10', os.arch: 'amd64', os.version: '10.0', java.version: '1.8.0_181'
Driver info: driver.version: unknown
	at org.openqa.selenium.support.ui.Select.selectByVisibleText(Select.java:147)
	at com.kms.katalon.core.webui.common.WebUiCommonHelper.selectOrDeselectOptionsByLabel(WebUiCommonHelper.java:310)
	at com.kms.katalon.core.webui.keyword.builtin.SelectOptionByLabelKeyword$_selectOptionByLabel_closure1.doCall(SelectOptionByLabelKeyword.groovy:87)
	at com.kms.katalon.core.webui.keyword.builtin.SelectOptionByLabelKeyword$_selectOptionByLabel_closure1.call(SelectOptionByLabelKeyword.groovy)
	at com.kms.katalon.core.webui.keyword.internal.WebUIKeywordMain.runKeyword(WebUIKeywordMain.groovy:20)
	at com.kms.katalon.core.webui.keyword.builtin.SelectOptionByLabelKeyword.selectOptionByLabel(SelectOptionByLabelKeyword.groovy:98)
	at com.kms.katalon.core.webui.keyword.builtin.SelectOptionByLabelKeyword.execute(SelectOptionByLabelKeyword.groovy:71)
	at com.kms.katalon.core.keyword.internal.KeywordExecutor.executeKeywordForPlatform(KeywordExecutor.groovy:74)
	at com.kms.katalon.core.webui.keyword.WebUiBuiltInKeywords.selectOptionByLabel(WebUiBuiltInKeywords.groovy:1230)
	at com.kms.katalon.core.webui.keyword.WebUiBuiltInKeywords$selectOptionByLabel$7.call(Unknown Source)
	at iwpPages.ccPaymentEntryPage.setDataCCPM(ccPaymentEntryPage.groovy:252)
	at iwpPages.ccPaymentEntryPage.invokeMethod(ccPaymentEntryPage.groovy)
	at com.kms.katalon.core.main.CustomKeywordDelegatingMetaClass.invokeStaticMethod(CustomKeywordDelegatingMetaClass.java:55)
	at Script1593488051730.run(Script1593488051730.groovy:85)
	... 13 more
)

2024-05-15 15:51:02 - [MESSAGE][PASSED] - Object 'Object Repository/IWP30/Page_CCPaymentEntry/Name' is present

2024-05-15 15:51:03 - [MESSAGE][PASSED] - Object 'Object Repository/IWP30/Page_CCPaymentEntry/Amount' is present

2024-05-15 15:51:03 - [MESSAGE][PASSED] - Text '20.50' is set on object 'Object Repository/IWP30/Page_CCPaymentEntry/Amount'

2024-05-15 15:51:04 - [MESSAGE][PASSED] - Object 'Object Repository/IWP30/Page_CCPaymentEntry/UserDefined2' is present

2024-05-15 15:51:04 - [MESSAGE][PASSED] - Text 'Number 2' is set on object 'Object Repository/IWP30/Page_CCPaymentEntry/UserDefined2'

2024-05-15 15:51:05 - [MESSAGE][PASSED] - Object 'Object Repository/IWP30/Page_CCPaymentEntry/UserDefined3' is present

2024-05-15 15:51:05 - [MESSAGE][PASSED] - Text 'Number 3' is set on object 'Object Repository/IWP30/Page_CCPaymentEntry/UserDefined3'

2024-05-15 15:51:06 - [MESSAGE][PASSED] - Object 'Object Repository/IWP30/Page_CCPaymentEntry/UserDefined7' is present

2024-05-15 15:51:06 - [MESSAGE][PASSED] - All options with label 'Orange' are selected in object 'Object Repository/IWP30/Page_CCPaymentEntry/UserDefined7' 

2024-05-15 15:51:07 - [MESSAGE][PASSED] - Object 'Object Repository/IWP30/Page_CCPaymentEntry/UserDefined8' is present

2024-05-15 15:51:07 - [MESSAGE][PASSED] - All options with label 'Tennis' are selected in object 'Object Repository/IWP30/Page_CCPaymentEntry/UserDefined8' 

2024-05-15 15:51:07 - [MESSAGE][PASSED] - Object 'Object Repository/IWP30/Page_CCPaymentEntry/Name' is present

2024-05-15 15:51:08 - [MESSAGE][PASSED] - Text 'Mera Naam' is set on object 'Object Repository/IWP30/Page_CCPaymentEntry/Name'

2024-05-15 15:51:08 - [MESSAGE][PASSED] - Object 'Object Repository/IWP30/Page_CCPaymentEntry/CardNumber' is present

2024-05-15 15:51:09 - [MESSAGE][PASSED] - Text '4111111111111111' is set on object 'Object Repository/IWP30/Page_CCPaymentEntry/CardNumber'

2024-05-15 15:51:09 - [MESSAGE][PASSED] - Object 'Object Repository/IWP30/Page_CCPaymentEntry/SPC' is present

2024-05-15 15:51:10 - [MESSAGE][PASSED] - Text '123' is set on object 'Object Repository/IWP30/Page_CCPaymentEntry/SPC'

2024-05-15 15:51:10 - [MESSAGE][PASSED] - Object 'Object Repository/IWP30/Page_CCPaymentEntry/Month' is present

2024-05-15 15:51:11 - [MESSAGE][PASSED] - All options with label '09' are selected in object 'Object Repository/IWP30/Page_CCPaymentEntry/Month' 

2024-05-15 15:51:11 - [MESSAGE][PASSED] - Object 'Object Repository/IWP30/Page_CCPaymentEntry/Year' is present

2024-05-15 15:51:13 - [MESSAGE][FAILED] - Unable to select option by label '2023' of object 'Object Repository/IWP30/Page_CCPaymentEntry/Year'  (Root cause: com.kms.katalon.core.exception.StepFailedException: Unable to select option by label '2023' of object 'Object Repository/IWP30/Page_CCPaymentEntry/Year' 
	at com.kms.katalon.core.webui.keyword.internal.WebUIKeywordMain.stepFailed(WebUIKeywordMain.groovy:64)
	at com.kms.katalon.core.webui.keyword.internal.WebUIKeywordMain.runKeyword(WebUIKeywordMain.groovy:26)
	at com.kms.katalon.core.webui.keyword.builtin.SelectOptionByLabelKeyword.selectOptionByLabel(SelectOptionByLabelKeyword.groovy:98)
	at com.kms.katalon.core.webui.keyword.builtin.SelectOptionByLabelKeyword.execute(SelectOptionByLabelKeyword.groovy:71)
	at com.kms.katalon.core.keyword.internal.KeywordExecutor.executeKeywordForPlatform(KeywordExecutor.groovy:74)
	at com.kms.katalon.core.webui.keyword.WebUiBuiltInKeywords.selectOptionByLabel(WebUiBuiltInKeywords.groovy:1230)
	at com.kms.katalon.core.webui.keyword.WebUiBuiltInKeywords$selectOptionByLabel$7.call(Unknown Source)
	at iwpPages.ccPaymentEntryPage.setDataCCPM(ccPaymentEntryPage.groovy:252)
	at iwpPages.ccPaymentEntryPage.invokeMethod(ccPaymentEntryPage.groovy)
	at com.kms.katalon.core.main.CustomKeywordDelegatingMetaClass.invokeStaticMethod(CustomKeywordDelegatingMetaClass.java:55)
	at Misc.run(Misc:85)
	at com.kms.katalon.core.main.ScriptEngine.run(ScriptEngine.java:194)
	at com.kms.katalon.core.main.ScriptEngine.runScriptAsRawText(ScriptEngine.java:119)
	at com.kms.katalon.core.main.TestCaseExecutor.runScript(TestCaseExecutor.java:448)
	at com.kms.katalon.core.main.TestCaseExecutor.doExecute(TestCaseExecutor.java:439)
	at com.kms.katalon.core.main.TestCaseExecutor.processExecutionPhase(TestCaseExecutor.java:418)
	at com.kms.katalon.core.main.TestCaseExecutor.accessMainPhase(TestCaseExecutor.java:410)
	at com.kms.katalon.core.main.TestCaseExecutor.execute(TestCaseExecutor.java:285)
	at com.kms.katalon.core.common.CommonExecutor.accessTestCaseMainPhase(CommonExecutor.java:65)
	at com.kms.katalon.core.main.TestSuiteExecutor.accessTestSuiteMainPhase(TestSuiteExecutor.java:148)
	at com.kms.katalon.core.main.TestSuiteExecutor.execute(TestSuiteExecutor.java:106)
	at com.kms.katalon.core.main.TestCaseMain.startTestSuite(TestCaseMain.java:187)
	at com.kms.katalon.core.main.TestCaseMain$startTestSuite$0.call(Unknown Source)
	at TempTestSuite1715800219174.run(TempTestSuite1715800219174.groovy:35)
Caused by: org.openqa.selenium.NoSuchElementException: Cannot locate element with text: 2023
For documentation on this error, please visit: https://www.seleniumhq.org/exceptions/no_such_element.html
Build info: version: '3.141.59', revision: 'e82be7d358', time: '2018-11-14T08:25:53'
System info: host: 'DESKTOP-B2QI6NS', ip: '172.31.253.185', os.name: 'Windows 10', os.arch: 'amd64', os.version: '10.0', java.version: '1.8.0_181'
Driver info: driver.version: unknown
	at org.openqa.selenium.support.ui.Select.selectByVisibleText(Select.java:147)
	at com.kms.katalon.core.webui.common.WebUiCommonHelper.selectOrDeselectOptionsByLabel(WebUiCommonHelper.java:310)
	at com.kms.katalon.core.webui.keyword.builtin.SelectOptionByLabelKeyword$_selectOptionByLabel_closure1.doCall(SelectOptionByLabelKeyword.groovy:87)
	at com.kms.katalon.core.webui.keyword.builtin.SelectOptionByLabelKeyword$_selectOptionByLabel_closure1.call(SelectOptionByLabelKeyword.groovy)
	at com.kms.katalon.core.webui.keyword.internal.WebUIKeywordMain.runKeyword(WebUIKeywordMain.groovy:20)
	at com.kms.katalon.core.webui.keyword.builtin.SelectOptionByLabelKeyword.selectOptionByLabel(SelectOptionByLabelKeyword.groovy:98)
	at com.kms.katalon.core.webui.keyword.builtin.SelectOptionByLabelKeyword.execute(SelectOptionByLabelKeyword.groovy:71)
	at com.kms.katalon.core.keyword.internal.KeywordExecutor.executeKeywordForPlatform(KeywordExecutor.groovy:74)
	at com.kms.katalon.core.webui.keyword.WebUiBuiltInKeywords.selectOptionByLabel(WebUiBuiltInKeywords.groovy:1230)
	at com.kms.katalon.core.webui.keyword.WebUiBuiltInKeywords$selectOptionByLabel$7.call(Unknown Source)
	at iwpPages.ccPaymentEntryPage.setDataCCPM(ccPaymentEntryPage.groovy:252)
	at iwpPages.ccPaymentEntryPage.invokeMethod(ccPaymentEntryPage.groovy)
	at com.kms.katalon.core.main.CustomKeywordDelegatingMetaClass.invokeStaticMethod(CustomKeywordDelegatingMetaClass.java:55)
	at Script1593488051730.run(Script1593488051730.groovy:85)
	... 13 more
)
[[ATTACHMENT|E:\\Cloned-Project-Katalon\\VPS-Katalon\\Reports\\20240515_151019\\QA\\IWP3.0\\IWP30 Smoke TestSuite\\20240515_151019\\1715802672270.png]]

2024-05-15 15:51:13 - [MESSAGE][PASSED] - Object 'Object Repository/IWP30/Page_CCPaymentEntry/ProcessDate' is present

2024-05-15 15:51:14 - [MESSAGE][PASSED] - Object 'Object Repository/IWP30/Page_CCPaymentEntry/AL1' is present

2024-05-15 15:51:14 - [MESSAGE][PASSED] - Text 'Mera AL1' is set on object 'Object Repository/IWP30/Page_CCPaymentEntry/AL1'

2024-05-15 15:51:14 - [MESSAGE][PASSED] - Object 'Object Repository/IWP30/Page_CCPaymentEntry/AL2' is present

2024-05-15 15:51:15 - [MESSAGE][PASSED] - Text 'Mera AL2' is set on object 'Object Repository/IWP30/Page_CCPaymentEntry/AL2'

2024-05-15 15:51:15 - [MESSAGE][PASSED] - Object 'Object Repository/IWP30/Page_CCPaymentEntry/ZIP' is present

2024-05-15 15:51:16 - [MESSAGE][PASSED] - Text '21054' is set on object 'Object Repository/IWP30/Page_CCPaymentEntry/ZIP'

2024-05-15 15:51:16 - [MESSAGE][PASSED] - Object 'Object Repository/IWP30/Page_CCPaymentEntry/EmailAddress' is present

2024-05-15 15:51:17 - [MESSAGE][PASSED] - Text 'merae@gmail.com' is set on object 'Object Repository/IWP30/Page_CCPaymentEntry/EmailAddress'

2024-05-15 15:51:18 - [MESSAGE][PASSED] - Object 'Object Repository/IWP30/Page_CCPaymentEntry/TermCondCheckBox' is present

2024-05-15 15:51:18 - [MESSAGE][PASSED] - Object 'Object Repository/IWP30/Page_CCPaymentEntry/TermCondCheckBox' is checked

2024-05-15 15:51:18 - [MESSAGE][PASSED] - Object 'Object Repository/IWP30/Page_CCPaymentEntry/ContinueButton' is present

2024-05-15 15:51:19 - [MESSAGE][PASSED] - Object: 'Object Repository/IWP30/Page_CCPaymentEntry/ContinueButton' is clicked on

2024-05-15 15:51:19 - [MESSAGE][FAILED] - com.kms.katalon.core.exception.StepFailedException: Unable to select option by label '2023' of object 'Object Repository/IWP30/Page_CCPaymentEntry/Year'  (Root cause: com.kms.katalon.core.exception.StepFailedException: Unable to select option by label '2023' of object 'Object Repository/IWP30/Page_CCPaymentEntry/Year' 
	at com.kms.katalon.core.webui.keyword.internal.WebUIKeywordMain.stepFailed(WebUIKeywordMain.groovy:64)
	at com.kms.katalon.core.webui.keyword.internal.WebUIKeywordMain.runKeyword(WebUIKeywordMain.groovy:26)
	at com.kms.katalon.core.webui.keyword.builtin.SelectOptionByLabelKeyword.selectOptionByLabel(SelectOptionByLabelKeyword.groovy:98)
	at com.kms.katalon.core.webui.keyword.builtin.SelectOptionByLabelKeyword.execute(SelectOptionByLabelKeyword.groovy:71)
	at com.kms.katalon.core.keyword.internal.KeywordExecutor.executeKeywordForPlatform(KeywordExecutor.groovy:74)
	at com.kms.katalon.core.webui.keyword.WebUiBuiltInKeywords.selectOptionByLabel(WebUiBuiltInKeywords.groovy:1230)
	at com.kms.katalon.core.webui.keyword.WebUiBuiltInKeywords$selectOptionByLabel$7.call(Unknown Source)
	at iwpPages.ccPaymentEntryPage.setDataCCPM(ccPaymentEntryPage.groovy:252)
	at iwpPages.ccPaymentEntryPage.invokeMethod(ccPaymentEntryPage.groovy)
	at com.kms.katalon.core.main.CustomKeywordDelegatingMetaClass.invokeStaticMethod(CustomKeywordDelegatingMetaClass.java:55)
	at Misc.run(Misc:85)
	at com.kms.katalon.core.main.ScriptEngine.run(ScriptEngine.java:194)
	at com.kms.katalon.core.main.ScriptEngine.runScriptAsRawText(ScriptEngine.java:119)
	at com.kms.katalon.core.main.TestCaseExecutor.runScript(TestCaseExecutor.java:448)
	at com.kms.katalon.core.main.TestCaseExecutor.doExecute(TestCaseExecutor.java:439)
	at com.kms.katalon.core.main.TestCaseExecutor.processExecutionPhase(TestCaseExecutor.java:418)
	at com.kms.katalon.core.main.TestCaseExecutor.accessMainPhase(TestCaseExecutor.java:410)
	at com.kms.katalon.core.main.TestCaseExecutor.execute(TestCaseExecutor.java:285)
	at com.kms.katalon.core.common.CommonExecutor.accessTestCaseMainPhase(CommonExecutor.java:65)
	at com.kms.katalon.core.main.TestSuiteExecutor.accessTestSuiteMainPhase(TestSuiteExecutor.java:148)
	at com.kms.katalon.core.main.TestSuiteExecutor.execute(TestSuiteExecutor.java:106)
	at com.kms.katalon.core.main.TestCaseMain.startTestSuite(TestCaseMain.java:187)
	at com.kms.katalon.core.main.TestCaseMain$startTestSuite$0.call(Unknown Source)
	at TempTestSuite1715800219174.run(TempTestSuite1715800219174.groovy:35)
Caused by: org.openqa.selenium.NoSuchElementException: Cannot locate element with text: 2023
For documentation on this error, please visit: https://www.seleniumhq.org/exceptions/no_such_element.html
Build info: version: '3.141.59', revision: 'e82be7d358', time: '2018-11-14T08:25:53'
System info: host: 'DESKTOP-B2QI6NS', ip: '172.31.253.185', os.name: 'Windows 10', os.arch: 'amd64', os.version: '10.0', java.version: '1.8.0_181'
Driver info: driver.version: unknown
	at org.openqa.selenium.support.ui.Select.selectByVisibleText(Select.java:147)
	at com.kms.katalon.core.webui.common.WebUiCommonHelper.selectOrDeselectOptionsByLabel(WebUiCommonHelper.java:310)
	at com.kms.katalon.core.webui.keyword.builtin.SelectOptionByLabelKeyword$_selectOptionByLabel_closure1.doCall(SelectOptionByLabelKeyword.groovy:87)
	at com.kms.katalon.core.webui.keyword.builtin.SelectOptionByLabelKeyword$_selectOptionByLabel_closure1.call(SelectOptionByLabelKeyword.groovy)
	at com.kms.katalon.core.webui.keyword.internal.WebUIKeywordMain.runKeyword(WebUIKeywordMain.groovy:20)
	at com.kms.katalon.core.webui.keyword.builtin.SelectOptionByLabelKeyword.selectOptionByLabel(SelectOptionByLabelKeyword.groovy:98)
	at com.kms.katalon.core.webui.keyword.builtin.SelectOptionByLabelKeyword.execute(SelectOptionByLabelKeyword.groovy:71)
	at com.kms.katalon.core.keyword.internal.KeywordExecutor.executeKeywordForPlatform(KeywordExecutor.groovy:74)
	at com.kms.katalon.core.webui.keyword.WebUiBuiltInKeywords.selectOptionByLabel(WebUiBuiltInKeywords.groovy:1230)
	at com.kms.katalon.core.webui.keyword.WebUiBuiltInKeywords$selectOptionByLabel$7.call(Unknown Source)
	at iwpPages.ccPaymentEntryPage.setDataCCPM(ccPaymentEntryPage.groovy:252)
	at iwpPages.ccPaymentEntryPage.invokeMethod(ccPaymentEntryPage.groovy)
	at com.kms.katalon.core.main.CustomKeywordDelegatingMetaClass.invokeStaticMethod(CustomKeywordDelegatingMetaClass.java:55)
	at Script1593488051730.run(Script1593488051730.groovy:85)
	... 13 more
)

2024-05-15 15:51:19 - [TEST_STEP][FAILED] - if (verifyTextPresent("Please verify the following information", false)): Text 'Please verify the following information' is not present on page  (Root cause: com.kms.katalon.core.exception.StepFailedException: Text 'Please verify the following information' is not present on page 
	at com.kms.katalon.core.webui.keyword.internal.WebUIKeywordMain.stepFailed(WebUIKeywordMain.groovy:64)
	at com.kms.katalon.core.webui.keyword.builtin.VerifyTextPresentKeyword$_verifyTextPresent_closure1.doCall(VerifyTextPresentKeyword.groovy:79)
	at com.kms.katalon.core.webui.keyword.builtin.VerifyTextPresentKeyword$_verifyTextPresent_closure1.call(VerifyTextPresentKeyword.groovy)
	at com.kms.katalon.core.webui.keyword.internal.WebUIKeywordMain.runKeyword(WebUIKeywordMain.groovy:20)
	at com.kms.katalon.core.webui.keyword.builtin.VerifyTextPresentKeyword.verifyTextPresent(VerifyTextPresentKeyword.groovy:83)
	at com.kms.katalon.core.webui.keyword.builtin.VerifyTextPresentKeyword.execute(VerifyTextPresentKeyword.groovy:68)
	at com.kms.katalon.core.keyword.internal.KeywordExecutor.executeKeywordForPlatform(KeywordExecutor.groovy:74)
	at com.kms.katalon.core.webui.keyword.WebUiBuiltInKeywords.verifyTextPresent(WebUiBuiltInKeywords.groovy:1723)
	at com.kms.katalon.core.webui.keyword.WebUiBuiltInKeywords$verifyTextPresent$8.call(Unknown Source)
	at Misc.run(Misc:92)
	at com.kms.katalon.core.main.ScriptEngine.run(ScriptEngine.java:194)
	at com.kms.katalon.core.main.ScriptEngine.runScriptAsRawText(ScriptEngine.java:119)
	at com.kms.katalon.core.main.TestCaseExecutor.runScript(TestCaseExecutor.java:448)
	at com.kms.katalon.core.main.TestCaseExecutor.doExecute(TestCaseExecutor.java:439)
	at com.kms.katalon.core.main.TestCaseExecutor.processExecutionPhase(TestCaseExecutor.java:418)
	at com.kms.katalon.core.main.TestCaseExecutor.accessMainPhase(TestCaseExecutor.java:410)
	at com.kms.katalon.core.main.TestCaseExecutor.execute(TestCaseExecutor.java:285)
	at com.kms.katalon.core.common.CommonExecutor.accessTestCaseMainPhase(CommonExecutor.java:65)
	at com.kms.katalon.core.main.TestSuiteExecutor.accessTestSuiteMainPhase(TestSuiteExecutor.java:148)
	at com.kms.katalon.core.main.TestSuiteExecutor.execute(TestSuiteExecutor.java:106)
	at com.kms.katalon.core.main.TestCaseMain.startTestSuite(TestCaseMain.java:187)
	at com.kms.katalon.core.main.TestCaseMain$startTestSuite$0.call(Unknown Source)
	at TempTestSuite1715800219174.run(TempTestSuite1715800219174.groovy:35)
)

2024-05-15 15:51:20 - [MESSAGE][FAILED] - Text 'Please verify the following information' is not present on page  (Root cause: com.kms.katalon.core.exception.StepFailedException: Text 'Please verify the following information' is not present on page 
	at com.kms.katalon.core.webui.keyword.internal.WebUIKeywordMain.stepFailed(WebUIKeywordMain.groovy:64)
	at com.kms.katalon.core.webui.keyword.builtin.VerifyTextPresentKeyword$_verifyTextPresent_closure1.doCall(VerifyTextPresentKeyword.groovy:79)
	at com.kms.katalon.core.webui.keyword.builtin.VerifyTextPresentKeyword$_verifyTextPresent_closure1.call(VerifyTextPresentKeyword.groovy)
	at com.kms.katalon.core.webui.keyword.internal.WebUIKeywordMain.runKeyword(WebUIKeywordMain.groovy:20)
	at com.kms.katalon.core.webui.keyword.builtin.VerifyTextPresentKeyword.verifyTextPresent(VerifyTextPresentKeyword.groovy:83)
	at com.kms.katalon.core.webui.keyword.builtin.VerifyTextPresentKeyword.execute(VerifyTextPresentKeyword.groovy:68)
	at com.kms.katalon.core.keyword.internal.KeywordExecutor.executeKeywordForPlatform(KeywordExecutor.groovy:74)
	at com.kms.katalon.core.webui.keyword.WebUiBuiltInKeywords.verifyTextPresent(WebUiBuiltInKeywords.groovy:1723)
	at com.kms.katalon.core.webui.keyword.WebUiBuiltInKeywords$verifyTextPresent$8.call(Unknown Source)
	at Misc.run(Misc:92)
	at com.kms.katalon.core.main.ScriptEngine.run(ScriptEngine.java:194)
	at com.kms.katalon.core.main.ScriptEngine.runScriptAsRawText(ScriptEngine.java:119)
	at com.kms.katalon.core.main.TestCaseExecutor.runScript(TestCaseExecutor.java:448)
	at com.kms.katalon.core.main.TestCaseExecutor.doExecute(TestCaseExecutor.java:439)
	at com.kms.katalon.core.main.TestCaseExecutor.processExecutionPhase(TestCaseExecutor.java:418)
	at com.kms.katalon.core.main.TestCaseExecutor.accessMainPhase(TestCaseExecutor.java:410)
	at com.kms.katalon.core.main.TestCaseExecutor.execute(TestCaseExecutor.java:285)
	at com.kms.katalon.core.common.CommonExecutor.accessTestCaseMainPhase(CommonExecutor.java:65)
	at com.kms.katalon.core.main.TestSuiteExecutor.accessTestSuiteMainPhase(TestSuiteExecutor.java:148)
	at com.kms.katalon.core.main.TestSuiteExecutor.execute(TestSuiteExecutor.java:106)
	at com.kms.katalon.core.main.TestCaseMain.startTestSuite(TestCaseMain.java:187)
	at com.kms.katalon.core.main.TestCaseMain$startTestSuite$0.call(Unknown Source)
	at TempTestSuite1715800219174.run(TempTestSuite1715800219174.groovy:35)
)

2024-05-15 15:51:20 - [TEST_STEP][PASSED] - else: null

2024-05-15 15:51:20 - [TEST_STEP][FAILED] - if (verifyTextPresent("Is this information correct?", false)): Text 'Is this information correct?' is not present on page  (Root cause: com.kms.katalon.core.exception.StepFailedException: Text 'Is this information correct?' is not present on page 
	at com.kms.katalon.core.webui.keyword.internal.WebUIKeywordMain.stepFailed(WebUIKeywordMain.groovy:64)
	at com.kms.katalon.core.webui.keyword.builtin.VerifyTextPresentKeyword$_verifyTextPresent_closure1.doCall(VerifyTextPresentKeyword.groovy:79)
	at com.kms.katalon.core.webui.keyword.builtin.VerifyTextPresentKeyword$_verifyTextPresent_closure1.call(VerifyTextPresentKeyword.groovy)
	at com.kms.katalon.core.webui.keyword.internal.WebUIKeywordMain.runKeyword(WebUIKeywordMain.groovy:20)
	at com.kms.katalon.core.webui.keyword.builtin.VerifyTextPresentKeyword.verifyTextPresent(VerifyTextPresentKeyword.groovy:83)
	at com.kms.katalon.core.webui.keyword.builtin.VerifyTextPresentKeyword.execute(VerifyTextPresentKeyword.groovy:68)
	at com.kms.katalon.core.keyword.internal.KeywordExecutor.executeKeywordForPlatform(KeywordExecutor.groovy:74)
	at com.kms.katalon.core.webui.keyword.WebUiBuiltInKeywords.verifyTextPresent(WebUiBuiltInKeywords.groovy:1723)
	at com.kms.katalon.core.webui.keyword.WebUiBuiltInKeywords$verifyTextPresent$8.call(Unknown Source)
	at Misc.run(Misc:100)
	at com.kms.katalon.core.main.ScriptEngine.run(ScriptEngine.java:194)
	at com.kms.katalon.core.main.ScriptEngine.runScriptAsRawText(ScriptEngine.java:119)
	at com.kms.katalon.core.main.TestCaseExecutor.runScript(TestCaseExecutor.java:448)
	at com.kms.katalon.core.main.TestCaseExecutor.doExecute(TestCaseExecutor.java:439)
	at com.kms.katalon.core.main.TestCaseExecutor.processExecutionPhase(TestCaseExecutor.java:418)
	at com.kms.katalon.core.main.TestCaseExecutor.accessMainPhase(TestCaseExecutor.java:410)
	at com.kms.katalon.core.main.TestCaseExecutor.execute(TestCaseExecutor.java:285)
	at com.kms.katalon.core.common.CommonExecutor.accessTestCaseMainPhase(CommonExecutor.java:65)
	at com.kms.katalon.core.main.TestSuiteExecutor.accessTestSuiteMainPhase(TestSuiteExecutor.java:148)
	at com.kms.katalon.core.main.TestSuiteExecutor.execute(TestSuiteExecutor.java:106)
	at com.kms.katalon.core.main.TestCaseMain.startTestSuite(TestCaseMain.java:187)
	at com.kms.katalon.core.main.TestCaseMain$startTestSuite$0.call(Unknown Source)
	at TempTestSuite1715800219174.run(TempTestSuite1715800219174.groovy:35)
)

2024-05-15 15:51:20 - [MESSAGE][FAILED] - Text 'Is this information correct?' is not present on page  (Root cause: com.kms.katalon.core.exception.StepFailedException: Text 'Is this information correct?' is not present on page 
	at com.kms.katalon.core.webui.keyword.internal.WebUIKeywordMain.stepFailed(WebUIKeywordMain.groovy:64)
	at com.kms.katalon.core.webui.keyword.builtin.VerifyTextPresentKeyword$_verifyTextPresent_closure1.doCall(VerifyTextPresentKeyword.groovy:79)
	at com.kms.katalon.core.webui.keyword.builtin.VerifyTextPresentKeyword$_verifyTextPresent_closure1.call(VerifyTextPresentKeyword.groovy)
	at com.kms.katalon.core.webui.keyword.internal.WebUIKeywordMain.runKeyword(WebUIKeywordMain.groovy:20)
	at com.kms.katalon.core.webui.keyword.builtin.VerifyTextPresentKeyword.verifyTextPresent(VerifyTextPresentKeyword.groovy:83)
	at com.kms.katalon.core.webui.keyword.builtin.VerifyTextPresentKeyword.execute(VerifyTextPresentKeyword.groovy:68)
	at com.kms.katalon.core.keyword.internal.KeywordExecutor.executeKeywordForPlatform(KeywordExecutor.groovy:74)
	at com.kms.katalon.core.webui.keyword.WebUiBuiltInKeywords.verifyTextPresent(WebUiBuiltInKeywords.groovy:1723)
	at com.kms.katalon.core.webui.keyword.WebUiBuiltInKeywords$verifyTextPresent$8.call(Unknown Source)
	at Misc.run(Misc:100)
	at com.kms.katalon.core.main.ScriptEngine.run(ScriptEngine.java:194)
	at com.kms.katalon.core.main.ScriptEngine.runScriptAsRawText(ScriptEngine.java:119)
	at com.kms.katalon.core.main.TestCaseExecutor.runScript(TestCaseExecutor.java:448)
	at com.kms.katalon.core.main.TestCaseExecutor.doExecute(TestCaseExecutor.java:439)
	at com.kms.katalon.core.main.TestCaseExecutor.processExecutionPhase(TestCaseExecutor.java:418)
	at com.kms.katalon.core.main.TestCaseExecutor.accessMainPhase(TestCaseExecutor.java:410)
	at com.kms.katalon.core.main.TestCaseExecutor.execute(TestCaseExecutor.java:285)
	at com.kms.katalon.core.common.CommonExecutor.accessTestCaseMainPhase(CommonExecutor.java:65)
	at com.kms.katalon.core.main.TestSuiteExecutor.accessTestSuiteMainPhase(TestSuiteExecutor.java:148)
	at com.kms.katalon.core.main.TestSuiteExecutor.execute(TestSuiteExecutor.java:106)
	at com.kms.katalon.core.main.TestCaseMain.startTestSuite(TestCaseMain.java:187)
	at com.kms.katalon.core.main.TestCaseMain$startTestSuite$0.call(Unknown Source)
	at TempTestSuite1715800219174.run(TempTestSuite1715800219174.groovy:35)
)

2024-05-15 15:51:20 - [TEST_STEP][PASSED] - else: null

2024-05-15 15:51:20 - [TEST_STEP][PASSED] - println("Is this information correct text is not present on the Confirmation page"): null

2024-05-15 15:51:20 - [TEST_STEP][FAILED] - if (verifyElementPresent(findTestObject("Object Repository/IWP30/Page_Confirmation/ConfirmButton"), 30)): com.kms.katalon.core.webui.exception.WebElementNotFoundException: Web element with id: 'Object Repository/IWP30/Page_Confirmation/ConfirmButton' located by '//*[@type = 'submit' and @name = 'confirmNotifyAction' and @id = 'submitYes' and @value = 'Confirm']' not found (Root cause: com.kms.katalon.core.exception.StepFailedException: com.kms.katalon.core.webui.exception.WebElementNotFoundException: Web element with id: 'Object Repository/IWP30/Page_Confirmation/ConfirmButton' located by '//*[@type = 'submit' and @name = 'confirmNotifyAction' and @id = 'submitYes' and @value = 'Confirm']' not found
	at com.kms.katalon.core.webui.keyword.internal.WebUIKeywordMain.stepFailed(WebUIKeywordMain.groovy:64)
	at com.kms.katalon.core.webui.keyword.builtin.VerifyElementPresentKeyword$_verifyElementPresent_closure1.doCall(VerifyElementPresentKeyword.groovy:85)
	at com.kms.katalon.core.webui.keyword.builtin.VerifyElementPresentKeyword$_verifyElementPresent_closure1.call(VerifyElementPresentKeyword.groovy)
	at com.kms.katalon.core.webui.keyword.internal.WebUIKeywordMain.runKeyword(WebUIKeywordMain.groovy:20)
	at com.kms.katalon.core.webui.keyword.builtin.VerifyElementPresentKeyword.verifyElementPresent(VerifyElementPresentKeyword.groovy:92)
	at com.kms.katalon.core.webui.keyword.builtin.VerifyElementPresentKeyword.execute(VerifyElementPresentKeyword.groovy:68)
	at com.kms.katalon.core.keyword.internal.KeywordExecutor.executeKeywordForPlatform(KeywordExecutor.groovy:74)
	at com.kms.katalon.core.webui.keyword.WebUiBuiltInKeywords.verifyElementPresent(WebUiBuiltInKeywords.groovy:1464)
	at com.kms.katalon.core.webui.keyword.WebUiBuiltInKeywords$verifyElementPresent$5.call(Unknown Source)
	at Misc.run(Misc:108)
	at com.kms.katalon.core.main.ScriptEngine.run(ScriptEngine.java:194)
	at com.kms.katalon.core.main.ScriptEngine.runScriptAsRawText(ScriptEngine.java:119)
	at com.kms.katalon.core.main.TestCaseExecutor.runScript(TestCaseExecutor.java:448)
	at com.kms.katalon.core.main.TestCaseExecutor.doExecute(TestCaseExecutor.java:439)
	at com.kms.katalon.core.main.TestCaseExecutor.processExecutionPhase(TestCaseExecutor.java:418)
	at com.kms.katalon.core.main.TestCaseExecutor.accessMainPhase(TestCaseExecutor.java:410)
	at com.kms.katalon.core.main.TestCaseExecutor.execute(TestCaseExecutor.java:285)
	at com.kms.katalon.core.common.CommonExecutor.accessTestCaseMainPhase(CommonExecutor.java:65)
	at com.kms.katalon.core.main.TestSuiteExecutor.accessTestSuiteMainPhase(TestSuiteExecutor.java:148)
	at com.kms.katalon.core.main.TestSuiteExecutor.execute(TestSuiteExecutor.java:106)
	at com.kms.katalon.core.main.TestCaseMain.startTestSuite(TestCaseMain.java:187)
	at com.kms.katalon.core.main.TestCaseMain$startTestSuite$0.call(Unknown Source)
	at TempTestSuite1715800219174.run(TempTestSuite1715800219174.groovy:35)
)

2024-05-15 15:51:52 - [MESSAGE][INFO] - Unable to find the element located by 'By.xpath: //*[@type = 'submit' and @name = 'confirmNotifyAction' and @id = 'submitYes' and @value = 'Confirm']'. Please recheck the objects properties to make sure the desired element is located. 

2024-05-15 15:51:52 - [MESSAGE][FAILED] - com.kms.katalon.core.webui.exception.WebElementNotFoundException: Web element with id: 'Object Repository/IWP30/Page_Confirmation/ConfirmButton' located by '//*[@type = 'submit' and @name = 'confirmNotifyAction' and @id = 'submitYes' and @value = 'Confirm']' not found (Root cause: com.kms.katalon.core.exception.StepFailedException: com.kms.katalon.core.webui.exception.WebElementNotFoundException: Web element with id: 'Object Repository/IWP30/Page_Confirmation/ConfirmButton' located by '//*[@type = 'submit' and @name = 'confirmNotifyAction' and @id = 'submitYes' and @value = 'Confirm']' not found
	at com.kms.katalon.core.webui.keyword.internal.WebUIKeywordMain.stepFailed(WebUIKeywordMain.groovy:64)
	at com.kms.katalon.core.webui.keyword.builtin.VerifyElementPresentKeyword$_verifyElementPresent_closure1.doCall(VerifyElementPresentKeyword.groovy:85)
	at com.kms.katalon.core.webui.keyword.builtin.VerifyElementPresentKeyword$_verifyElementPresent_closure1.call(VerifyElementPresentKeyword.groovy)
	at com.kms.katalon.core.webui.keyword.internal.WebUIKeywordMain.runKeyword(WebUIKeywordMain.groovy:20)
	at com.kms.katalon.core.webui.keyword.builtin.VerifyElementPresentKeyword.verifyElementPresent(VerifyElementPresentKeyword.groovy:92)
	at com.kms.katalon.core.webui.keyword.builtin.VerifyElementPresentKeyword.execute(VerifyElementPresentKeyword.groovy:68)
	at com.kms.katalon.core.keyword.internal.KeywordExecutor.executeKeywordForPlatform(KeywordExecutor.groovy:74)
	at com.kms.katalon.core.webui.keyword.WebUiBuiltInKeywords.verifyElementPresent(WebUiBuiltInKeywords.groovy:1464)
	at com.kms.katalon.core.webui.keyword.WebUiBuiltInKeywords$verifyElementPresent$5.call(Unknown Source)
	at Misc.run(Misc:108)
	at com.kms.katalon.core.main.ScriptEngine.run(ScriptEngine.java:194)
	at com.kms.katalon.core.main.ScriptEngine.runScriptAsRawText(ScriptEngine.java:119)
	at com.kms.katalon.core.main.TestCaseExecutor.runScript(TestCaseExecutor.java:448)
	at com.kms.katalon.core.main.TestCaseExecutor.doExecute(TestCaseExecutor.java:439)
	at com.kms.katalon.core.main.TestCaseExecutor.processExecutionPhase(TestCaseExecutor.java:418)
	at com.kms.katalon.core.main.TestCaseExecutor.accessMainPhase(TestCaseExecutor.java:410)
	at com.kms.katalon.core.main.TestCaseExecutor.execute(TestCaseExecutor.java:285)
	at com.kms.katalon.core.common.CommonExecutor.accessTestCaseMainPhase(CommonExecutor.java:65)
	at com.kms.katalon.core.main.TestSuiteExecutor.accessTestSuiteMainPhase(TestSuiteExecutor.java:148)
	at com.kms.katalon.core.main.TestSuiteExecutor.execute(TestSuiteExecutor.java:106)
	at com.kms.katalon.core.main.TestCaseMain.startTestSuite(TestCaseMain.java:187)
	at com.kms.katalon.core.main.TestCaseMain$startTestSuite$0.call(Unknown Source)
	at TempTestSuite1715800219174.run(TempTestSuite1715800219174.groovy:35)
)
[[ATTACHMENT|E:\\Cloned-Project-Katalon\\VPS-Katalon\\Reports\\20240515_151019\\QA\\IWP3.0\\IWP30 Smoke TestSuite\\20240515_151019\\1715802712038.png]]

2024-05-15 15:51:52 - [TEST_STEP][PASSED] - else: null

2024-05-15 15:51:52 - [TEST_STEP][PASSED] - println("Confirm button is missing on the Confirmation page"): null

2024-05-15 15:51:52 - [TEST_STEP][PASSED] - Thread.sleep(10000): null

2024-05-15 15:52:02 - [TEST_STEP][FAILED] - if (verifyTextPresent("Successful Payment Receipt", false)): Text 'Successful Payment Receipt' is not present on page  (Root cause: com.kms.katalon.core.exception.StepFailedException: Text 'Successful Payment Receipt' is not present on page 
	at com.kms.katalon.core.webui.keyword.internal.WebUIKeywordMain.stepFailed(WebUIKeywordMain.groovy:64)
	at com.kms.katalon.core.webui.keyword.builtin.VerifyTextPresentKeyword$_verifyTextPresent_closure1.doCall(VerifyTextPresentKeyword.groovy:79)
	at com.kms.katalon.core.webui.keyword.builtin.VerifyTextPresentKeyword$_verifyTextPresent_closure1.call(VerifyTextPresentKeyword.groovy)
	at com.kms.katalon.core.webui.keyword.internal.WebUIKeywordMain.runKeyword(WebUIKeywordMain.groovy:20)
	at com.kms.katalon.core.webui.keyword.builtin.VerifyTextPresentKeyword.verifyTextPresent(VerifyTextPresentKeyword.groovy:83)
	at com.kms.katalon.core.webui.keyword.builtin.VerifyTextPresentKeyword.execute(VerifyTextPresentKeyword.groovy:68)
	at com.kms.katalon.core.keyword.internal.KeywordExecutor.executeKeywordForPlatform(KeywordExecutor.groovy:74)
	at com.kms.katalon.core.webui.keyword.WebUiBuiltInKeywords.verifyTextPresent(WebUiBuiltInKeywords.groovy:1723)
	at com.kms.katalon.core.webui.keyword.WebUiBuiltInKeywords$verifyTextPresent$8.call(Unknown Source)
	at Misc.run(Misc:123)
	at com.kms.katalon.core.main.ScriptEngine.run(ScriptEngine.java:194)
	at com.kms.katalon.core.main.ScriptEngine.runScriptAsRawText(ScriptEngine.java:119)
	at com.kms.katalon.core.main.TestCaseExecutor.runScript(TestCaseExecutor.java:448)
	at com.kms.katalon.core.main.TestCaseExecutor.doExecute(TestCaseExecutor.java:439)
	at com.kms.katalon.core.main.TestCaseExecutor.processExecutionPhase(TestCaseExecutor.java:418)
	at com.kms.katalon.core.main.TestCaseExecutor.accessMainPhase(TestCaseExecutor.java:410)
	at com.kms.katalon.core.main.TestCaseExecutor.execute(TestCaseExecutor.java:285)
	at com.kms.katalon.core.common.CommonExecutor.accessTestCaseMainPhase(CommonExecutor.java:65)
	at com.kms.katalon.core.main.TestSuiteExecutor.accessTestSuiteMainPhase(TestSuiteExecutor.java:148)
	at com.kms.katalon.core.main.TestSuiteExecutor.execute(TestSuiteExecutor.java:106)
	at com.kms.katalon.core.main.TestCaseMain.startTestSuite(TestCaseMain.java:187)
	at com.kms.katalon.core.main.TestCaseMain$startTestSuite$0.call(Unknown Source)
	at TempTestSuite1715800219174.run(TempTestSuite1715800219174.groovy:35)
)

2024-05-15 15:52:03 - [MESSAGE][FAILED] - Text 'Successful Payment Receipt' is not present on page  (Root cause: com.kms.katalon.core.exception.StepFailedException: Text 'Successful Payment Receipt' is not present on page 
	at com.kms.katalon.core.webui.keyword.internal.WebUIKeywordMain.stepFailed(WebUIKeywordMain.groovy:64)
	at com.kms.katalon.core.webui.keyword.builtin.VerifyTextPresentKeyword$_verifyTextPresent_closure1.doCall(VerifyTextPresentKeyword.groovy:79)
	at com.kms.katalon.core.webui.keyword.builtin.VerifyTextPresentKeyword$_verifyTextPresent_closure1.call(VerifyTextPresentKeyword.groovy)
	at com.kms.katalon.core.webui.keyword.internal.WebUIKeywordMain.runKeyword(WebUIKeywordMain.groovy:20)
	at com.kms.katalon.core.webui.keyword.builtin.VerifyTextPresentKeyword.verifyTextPresent(VerifyTextPresentKeyword.groovy:83)
	at com.kms.katalon.core.webui.keyword.builtin.VerifyTextPresentKeyword.execute(VerifyTextPresentKeyword.groovy:68)
	at com.kms.katalon.core.keyword.internal.KeywordExecutor.executeKeywordForPlatform(KeywordExecutor.groovy:74)
	at com.kms.katalon.core.webui.keyword.WebUiBuiltInKeywords.verifyTextPresent(WebUiBuiltInKeywords.groovy:1723)
	at com.kms.katalon.core.webui.keyword.WebUiBuiltInKeywords$verifyTextPresent$8.call(Unknown Source)
	at Misc.run(Misc:123)
	at com.kms.katalon.core.main.ScriptEngine.run(ScriptEngine.java:194)
	at com.kms.katalon.core.main.ScriptEngine.runScriptAsRawText(ScriptEngine.java:119)
	at com.kms.katalon.core.main.TestCaseExecutor.runScript(TestCaseExecutor.java:448)
	at com.kms.katalon.core.main.TestCaseExecutor.doExecute(TestCaseExecutor.java:439)
	at com.kms.katalon.core.main.TestCaseExecutor.processExecutionPhase(TestCaseExecutor.java:418)
	at com.kms.katalon.core.main.TestCaseExecutor.accessMainPhase(TestCaseExecutor.java:410)
	at com.kms.katalon.core.main.TestCaseExecutor.execute(TestCaseExecutor.java:285)
	at com.kms.katalon.core.common.CommonExecutor.accessTestCaseMainPhase(CommonExecutor.java:65)
	at com.kms.katalon.core.main.TestSuiteExecutor.accessTestSuiteMainPhase(TestSuiteExecutor.java:148)
	at com.kms.katalon.core.main.TestSuiteExecutor.execute(TestSuiteExecutor.java:106)
	at com.kms.katalon.core.main.TestCaseMain.startTestSuite(TestCaseMain.java:187)
	at com.kms.katalon.core.main.TestCaseMain$startTestSuite$0.call(Unknown Source)
	at TempTestSuite1715800219174.run(TempTestSuite1715800219174.groovy:35)
)

2024-05-15 15:52:03 - [TEST_STEP][PASSED] - else: null

2024-05-15 15:52:03 - [TEST_STEP][FAILED] - if (verifyTextPresent("Please print this receipt for your records", false)): Text 'Please print this receipt for your records' is not present on page  (Root cause: com.kms.katalon.core.exception.StepFailedException: Text 'Please print this receipt for your records' is not present on page 
	at com.kms.katalon.core.webui.keyword.internal.WebUIKeywordMain.stepFailed(WebUIKeywordMain.groovy:64)
	at com.kms.katalon.core.webui.keyword.builtin.VerifyTextPresentKeyword$_verifyTextPresent_closure1.doCall(VerifyTextPresentKeyword.groovy:79)
	at com.kms.katalon.core.webui.keyword.builtin.VerifyTextPresentKeyword$_verifyTextPresent_closure1.call(VerifyTextPresentKeyword.groovy)
	at com.kms.katalon.core.webui.keyword.internal.WebUIKeywordMain.runKeyword(WebUIKeywordMain.groovy:20)
	at com.kms.katalon.core.webui.keyword.builtin.VerifyTextPresentKeyword.verifyTextPresent(VerifyTextPresentKeyword.groovy:83)
	at com.kms.katalon.core.webui.keyword.builtin.VerifyTextPresentKeyword.execute(VerifyTextPresentKeyword.groovy:68)
	at com.kms.katalon.core.keyword.internal.KeywordExecutor.executeKeywordForPlatform(KeywordExecutor.groovy:74)
	at com.kms.katalon.core.webui.keyword.WebUiBuiltInKeywords.verifyTextPresent(WebUiBuiltInKeywords.groovy:1723)
	at com.kms.katalon.core.webui.keyword.WebUiBuiltInKeywords$verifyTextPresent$8.call(Unknown Source)
	at Misc.run(Misc:130)
	at com.kms.katalon.core.main.ScriptEngine.run(ScriptEngine.java:194)
	at com.kms.katalon.core.main.ScriptEngine.runScriptAsRawText(ScriptEngine.java:119)
	at com.kms.katalon.core.main.TestCaseExecutor.runScript(TestCaseExecutor.java:448)
	at com.kms.katalon.core.main.TestCaseExecutor.doExecute(TestCaseExecutor.java:439)
	at com.kms.katalon.core.main.TestCaseExecutor.processExecutionPhase(TestCaseExecutor.java:418)
	at com.kms.katalon.core.main.TestCaseExecutor.accessMainPhase(TestCaseExecutor.java:410)
	at com.kms.katalon.core.main.TestCaseExecutor.execute(TestCaseExecutor.java:285)
	at com.kms.katalon.core.common.CommonExecutor.accessTestCaseMainPhase(CommonExecutor.java:65)
	at com.kms.katalon.core.main.TestSuiteExecutor.accessTestSuiteMainPhase(TestSuiteExecutor.java:148)
	at com.kms.katalon.core.main.TestSuiteExecutor.execute(TestSuiteExecutor.java:106)
	at com.kms.katalon.core.main.TestCaseMain.startTestSuite(TestCaseMain.java:187)
	at com.kms.katalon.core.main.TestCaseMain$startTestSuite$0.call(Unknown Source)
	at TempTestSuite1715800219174.run(TempTestSuite1715800219174.groovy:35)
)

2024-05-15 15:52:03 - [MESSAGE][FAILED] - Text 'Please print this receipt for your records' is not present on page  (Root cause: com.kms.katalon.core.exception.StepFailedException: Text 'Please print this receipt for your records' is not present on page 
	at com.kms.katalon.core.webui.keyword.internal.WebUIKeywordMain.stepFailed(WebUIKeywordMain.groovy:64)
	at com.kms.katalon.core.webui.keyword.builtin.VerifyTextPresentKeyword$_verifyTextPresent_closure1.doCall(VerifyTextPresentKeyword.groovy:79)
	at com.kms.katalon.core.webui.keyword.builtin.VerifyTextPresentKeyword$_verifyTextPresent_closure1.call(VerifyTextPresentKeyword.groovy)
	at com.kms.katalon.core.webui.keyword.internal.WebUIKeywordMain.runKeyword(WebUIKeywordMain.groovy:20)
	at com.kms.katalon.core.webui.keyword.builtin.VerifyTextPresentKeyword.verifyTextPresent(VerifyTextPresentKeyword.groovy:83)
	at com.kms.katalon.core.webui.keyword.builtin.VerifyTextPresentKeyword.execute(VerifyTextPresentKeyword.groovy:68)
	at com.kms.katalon.core.keyword.internal.KeywordExecutor.executeKeywordForPlatform(KeywordExecutor.groovy:74)
	at com.kms.katalon.core.webui.keyword.WebUiBuiltInKeywords.verifyTextPresent(WebUiBuiltInKeywords.groovy:1723)
	at com.kms.katalon.core.webui.keyword.WebUiBuiltInKeywords$verifyTextPresent$8.call(Unknown Source)
	at Misc.run(Misc:130)
	at com.kms.katalon.core.main.ScriptEngine.run(ScriptEngine.java:194)
	at com.kms.katalon.core.main.ScriptEngine.runScriptAsRawText(ScriptEngine.java:119)
	at com.kms.katalon.core.main.TestCaseExecutor.runScript(TestCaseExecutor.java:448)
	at com.kms.katalon.core.main.TestCaseExecutor.doExecute(TestCaseExecutor.java:439)
	at com.kms.katalon.core.main.TestCaseExecutor.processExecutionPhase(TestCaseExecutor.java:418)
	at com.kms.katalon.core.main.TestCaseExecutor.accessMainPhase(TestCaseExecutor.java:410)
	at com.kms.katalon.core.main.TestCaseExecutor.execute(TestCaseExecutor.java:285)
	at com.kms.katalon.core.common.CommonExecutor.accessTestCaseMainPhase(CommonExecutor.java:65)
	at com.kms.katalon.core.main.TestSuiteExecutor.accessTestSuiteMainPhase(TestSuiteExecutor.java:148)
	at com.kms.katalon.core.main.TestSuiteExecutor.execute(TestSuiteExecutor.java:106)
	at com.kms.katalon.core.main.TestCaseMain.startTestSuite(TestCaseMain.java:187)
	at com.kms.katalon.core.main.TestCaseMain$startTestSuite$0.call(Unknown Source)
	at TempTestSuite1715800219174.run(TempTestSuite1715800219174.groovy:35)
)

2024-05-15 15:52:03 - [TEST_STEP][PASSED] - else: null

2024-05-15 15:52:03 - [TEST_STEP][PASSED] - if (verifyElementPresent(findTestObject("Object Repository/IWP30/Page_Receipt/ExitButton"), 30)): null

2024-05-15 15:52:03 - [MESSAGE][PASSED] - Object 'Object Repository/IWP30/Page_Receipt/ExitButton' is present

2024-05-15 15:52:03 - [TEST_STEP][PASSED] - println("Exit Button is present on the Receipt page"): null

2024-05-15 15:52:03 - [TEST_STEP][PASSED] - closeBrowser(): Browser is closed

2024-05-15 15:52:05 - [MESSAGE][PASSED] - Browser is closed

2024-05-15 15:52:05 - [TEST_STEP][PASSED] - openBrowser(urlEmulator): Browser is opened with url: 'https://qa2.velocitypayment.com/agency/config.do?action=editor'

2024-05-15 15:52:05 - [MESSAGE][INFO] - Starting 'Chrome' driver

2024-05-15 15:52:05 - [MESSAGE][INFO] - User set preference: ['acceptInsecureCerts', 'true']

2024-05-15 15:52:05 - [MESSAGE][INFO] - Action delay is set to 0 milliseconds

2024-05-15 15:52:07 - [MESSAGE][PASSED] - Browser is opened with url: 'https://qa2.velocitypayment.com/agency/config.do?action=editor'

2024-05-15 15:52:07 - [TEST_STEP][PASSED] - maximizeWindow(): Current window maximized

2024-05-15 15:52:07 - [MESSAGE][PASSED] - Current window maximized

2024-05-15 15:52:07 - [TEST_STEP][PASSED] - iwpPages.emulatorIWP30.getSetData(row, dataFile): iwpPages.emulatorIWP30.getSetData is PASSED

2024-05-15 15:52:09 - [MESSAGE][PASSED] - All options with value '3.0' are selected in object 'Object Repository/IWP30/Page_VRelay30Emulator/MV'  using regular expression

2024-05-15 15:52:10 - [MESSAGE][PASSED] - Text '10.50' is set on object 'Object Repository/IWP30/Page_VRelay30Emulator/Amount'

2024-05-15 15:52:11 - [MESSAGE][PASSED] - Text '26411005' is set on object 'Object Repository/IWP30/Page_VRelay30Emulator/CAN'

2024-05-15 15:52:11 - [MESSAGE][PASSED] - Text 'PayNow' is set on object 'Object Repository/IWP30/Page_VRelay30Emulator/Action'

2024-05-15 15:52:12 - [MESSAGE][PASSED] - Text 'en_US' is set on object 'Object Repository/IWP30/Page_VRelay30Emulator/Lang'

2024-05-15 15:52:13 - [MESSAGE][PASSED] - Text 'Marty' is set on object 'Object Repository/IWP30/Page_VRelay30Emulator/Fname'

2024-05-15 15:52:13 - [MESSAGE][PASSED] - Text 'Jones' is set on object 'Object Repository/IWP30/Page_VRelay30Emulator/Lname'

2024-05-15 15:52:14 - [MESSAGE][PASSED] - Text '2311 York road' is set on object 'Object Repository/IWP30/Page_VRelay30Emulator/AL1'

2024-05-15 15:52:14 - [MESSAGE][PASSED] - Text 'Suite 600' is set on object 'Object Repository/IWP30/Page_VRelay30Emulator/AL2'

2024-05-15 15:52:15 - [MESSAGE][PASSED] - Text '840' is set on object 'Object Repository/IWP30/Page_VRelay30Emulator/Country'

2024-05-15 15:52:16 - [MESSAGE][PASSED] - Text 'Arlington' is set on object 'Object Repository/IWP30/Page_VRelay30Emulator/City'

2024-05-15 15:52:16 - [MESSAGE][PASSED] - Text 'VA' is set on object 'Object Repository/IWP30/Page_VRelay30Emulator/State'

2024-05-15 15:52:17 - [MESSAGE][PASSED] - Text '22201' is set on object 'Object Repository/IWP30/Page_VRelay30Emulator/ZIP'

2024-05-15 15:52:18 - [MESSAGE][PASSED] - Text '' is set on object 'Object Repository/IWP30/Page_VRelay30Emulator/Order'

2024-05-15 15:52:18 - [MESSAGE][PASSED] - Text '' is set on object 'Object Repository/IWP30/Page_VRelay30Emulator/Company'

2024-05-15 15:52:19 - [MESSAGE][PASSED] - Text 'iahmed@govolution.com' is set on object 'Object Repository/IWP30/Page_VRelay30Emulator/Email'

2024-05-15 15:52:20 - [MESSAGE][PASSED] - Text 'udf data 1' is set on object 'Object Repository/IWP30/Page_VRelay30Emulator/UDF1'

2024-05-15 15:52:20 - [MESSAGE][PASSED] - Text 'udf data 2' is set on object 'Object Repository/IWP30/Page_VRelay30Emulator/UDF2'

2024-05-15 15:52:21 - [MESSAGE][PASSED] - Text 'udf data 3' is set on object 'Object Repository/IWP30/Page_VRelay30Emulator/UDF3'

2024-05-15 15:52:21 - [MESSAGE][PASSED] - Text 'udf data 4' is set on object 'Object Repository/IWP30/Page_VRelay30Emulator/UDF4'

2024-05-15 15:52:22 - [MESSAGE][PASSED] - Text 'udf data 5' is set on object 'Object Repository/IWP30/Page_VRelay30Emulator/UDF5'

2024-05-15 15:52:23 - [MESSAGE][PASSED] - Text 'udf data 6' is set on object 'Object Repository/IWP30/Page_VRelay30Emulator/UDF6'

2024-05-15 15:52:23 - [MESSAGE][PASSED] - Text 'Purple' is set on object 'Object Repository/IWP30/Page_VRelay30Emulator/UDF7'

2024-05-15 15:52:24 - [MESSAGE][PASSED] - Text 'Tennis' is set on object 'Object Repository/IWP30/Page_VRelay30Emulator/UDF8'

2024-05-15 15:52:25 - [MESSAGE][PASSED] - Text 'udf data 9' is set on object 'Object Repository/IWP30/Page_VRelay30Emulator/UDF9'

2024-05-15 15:52:25 - [MESSAGE][PASSED] - Text 'udf data 10' is set on object 'Object Repository/IWP30/Page_VRelay30Emulator/UDF10'

2024-05-15 15:52:36 - [MESSAGE][PASSED] - Object: 'Object Repository/IWP30/Page_VRelay30Emulator/Submit' is clicked on

2024-05-15 15:52:36 - [MESSAGE][PASSED] - iwpPages.emulatorIWP30.getSetData is PASSED

2024-05-15 15:52:36 - [TEST_STEP][PASSED] - closeBrowser(): Browser is closed

2024-05-15 15:52:37 - [MESSAGE][PASSED] - Browser is closed

2024-05-15 15:52:37 - [TEST_STEP][PASSED] - openBrowser(urlTestHarness): Browser is opened with url: 'https://dev-algorithm.govolution.com/vrelaytest/QA2/version_2_2/vrelaytest.html'

2024-05-15 15:52:37 - [MESSAGE][INFO] - Starting 'Chrome' driver

2024-05-15 15:52:37 - [MESSAGE][INFO] - User set preference: ['acceptInsecureCerts', 'true']

2024-05-15 15:52:37 - [MESSAGE][INFO] - Action delay is set to 0 milliseconds

2024-05-15 15:52:39 - [MESSAGE][PASSED] - Browser is opened with url: 'https://dev-algorithm.govolution.com/vrelaytest/QA2/version_2_2/vrelaytest.html'

2024-05-15 15:52:39 - [TEST_STEP][PASSED] - maximizeWindow(): Current window maximized

2024-05-15 15:52:39 - [MESSAGE][PASSED] - Current window maximized

2024-05-15 15:52:39 - [TEST_STEP][PASSED] - iwpPages.TestHarnessPage.setDataMethod(row, dataFile): iwpPages.TestHarnessPage.setDataMethod is PASSED

2024-05-15 15:52:40 - [MESSAGE][PASSED] - Object 'Object Repository/IWP30/Page_QATestHarness/RemittanceID' is present

2024-05-15 15:52:41 - [MESSAGE][PASSED] - Text '649' is set on object 'Object Repository/IWP30/Page_QATestHarness/ApplicationID'

2024-05-15 15:52:41 - [MESSAGE][PASSED] - Text '3.0' is set on object 'Object Repository/IWP30/Page_QATestHarness/MessageVersion'

2024-05-15 15:52:42 - [MESSAGE][PASSED] - Text 'pbaC4fTnc1Hj' is set on object 'Object Repository/IWP30/Page_QATestHarness/RemittanceID'

2024-05-15 15:52:43 - [MESSAGE][PASSED] - Object: 'Object Repository/IWP30/Page_QATestHarness/SubmitButton' is clicked on

2024-05-15 15:52:43 - [MESSAGE][PASSED] - iwpPages.TestHarnessPage.setDataMethod is PASSED

2024-05-15 15:52:43 - [TEST_STEP][PASSED] - if (verifyElementPresent(findTestObject("Object Repository/IWP30/Page_SelectPaymentMethod/PayByCreditCard"), 30)): null

2024-05-15 15:52:44 - [MESSAGE][PASSED] - Object 'Object Repository/IWP30/Page_SelectPaymentMethod/PayByCreditCard' is present

2024-05-15 15:52:44 - [TEST_STEP][PASSED] - println("We are on Select Payment Method page, start populating"): null

2024-05-15 15:52:44 - [TEST_STEP][PASSED] - check(findTestObject("Object Repository/IWP30/Page_SelectPaymentMethod/PayByCreditCard")): Object 'Object Repository/IWP30/Page_SelectPaymentMethod/PayByCreditCard' is checked

2024-05-15 15:52:44 - [MESSAGE][PASSED] - Object 'Object Repository/IWP30/Page_SelectPaymentMethod/PayByCreditCard' is checked

2024-05-15 15:52:44 - [TEST_STEP][PASSED] - Thread.sleep(1000): null

2024-05-15 15:52:45 - [TEST_STEP][PASSED] - click(findTestObject("Object Repository/IWP30/Page_SelectPaymentMethod/MakePaymentButton")): Object: 'Object Repository/IWP30/Page_SelectPaymentMethod/MakePaymentButton' is clicked on

2024-05-15 15:52:46 - [MESSAGE][PASSED] - Object: 'Object Repository/IWP30/Page_SelectPaymentMethod/MakePaymentButton' is clicked on

2024-05-15 15:52:46 - [TEST_STEP][FAILED] - iwpPages.ccPaymentEntryPage.setDataCCPM(row, dataFile): com.kms.katalon.core.exception.StepFailedException: Unable to select option by label '2023' of object 'Object Repository/IWP30/Page_CCPaymentEntry/Year'  (Root cause: com.kms.katalon.core.exception.StepFailedException: Unable to select option by label '2023' of object 'Object Repository/IWP30/Page_CCPaymentEntry/Year' 
	at com.kms.katalon.core.webui.keyword.internal.WebUIKeywordMain.stepFailed(WebUIKeywordMain.groovy:64)
	at com.kms.katalon.core.webui.keyword.internal.WebUIKeywordMain.runKeyword(WebUIKeywordMain.groovy:26)
	at com.kms.katalon.core.webui.keyword.builtin.SelectOptionByLabelKeyword.selectOptionByLabel(SelectOptionByLabelKeyword.groovy:98)
	at com.kms.katalon.core.webui.keyword.builtin.SelectOptionByLabelKeyword.execute(SelectOptionByLabelKeyword.groovy:71)
	at com.kms.katalon.core.keyword.internal.KeywordExecutor.executeKeywordForPlatform(KeywordExecutor.groovy:74)
	at com.kms.katalon.core.webui.keyword.WebUiBuiltInKeywords.selectOptionByLabel(WebUiBuiltInKeywords.groovy:1230)
	at com.kms.katalon.core.webui.keyword.WebUiBuiltInKeywords$selectOptionByLabel$7.call(Unknown Source)
	at iwpPages.ccPaymentEntryPage.setDataCCPM(ccPaymentEntryPage.groovy:252)
	at iwpPages.ccPaymentEntryPage.invokeMethod(ccPaymentEntryPage.groovy)
	at com.kms.katalon.core.main.CustomKeywordDelegatingMetaClass.invokeStaticMethod(CustomKeywordDelegatingMetaClass.java:55)
	at Misc.run(Misc:85)
	at com.kms.katalon.core.main.ScriptEngine.run(ScriptEngine.java:194)
	at com.kms.katalon.core.main.ScriptEngine.runScriptAsRawText(ScriptEngine.java:119)
	at com.kms.katalon.core.main.TestCaseExecutor.runScript(TestCaseExecutor.java:448)
	at com.kms.katalon.core.main.TestCaseExecutor.doExecute(TestCaseExecutor.java:439)
	at com.kms.katalon.core.main.TestCaseExecutor.processExecutionPhase(TestCaseExecutor.java:418)
	at com.kms.katalon.core.main.TestCaseExecutor.accessMainPhase(TestCaseExecutor.java:410)
	at com.kms.katalon.core.main.TestCaseExecutor.execute(TestCaseExecutor.java:285)
	at com.kms.katalon.core.common.CommonExecutor.accessTestCaseMainPhase(CommonExecutor.java:65)
	at com.kms.katalon.core.main.TestSuiteExecutor.accessTestSuiteMainPhase(TestSuiteExecutor.java:148)
	at com.kms.katalon.core.main.TestSuiteExecutor.execute(TestSuiteExecutor.java:106)
	at com.kms.katalon.core.main.TestCaseMain.startTestSuite(TestCaseMain.java:187)
	at com.kms.katalon.core.main.TestCaseMain$startTestSuite$0.call(Unknown Source)
	at TempTestSuite1715800219174.run(TempTestSuite1715800219174.groovy:35)
Caused by: org.openqa.selenium.NoSuchElementException: Cannot locate element with text: 2023
For documentation on this error, please visit: https://www.seleniumhq.org/exceptions/no_such_element.html
Build info: version: '3.141.59', revision: 'e82be7d358', time: '2018-11-14T08:25:53'
System info: host: 'DESKTOP-B2QI6NS', ip: '172.31.253.185', os.name: 'Windows 10', os.arch: 'amd64', os.version: '10.0', java.version: '1.8.0_181'
Driver info: driver.version: unknown
	at org.openqa.selenium.support.ui.Select.selectByVisibleText(Select.java:147)
	at com.kms.katalon.core.webui.common.WebUiCommonHelper.selectOrDeselectOptionsByLabel(WebUiCommonHelper.java:310)
	at com.kms.katalon.core.webui.keyword.builtin.SelectOptionByLabelKeyword$_selectOptionByLabel_closure1.doCall(SelectOptionByLabelKeyword.groovy:87)
	at com.kms.katalon.core.webui.keyword.builtin.SelectOptionByLabelKeyword$_selectOptionByLabel_closure1.call(SelectOptionByLabelKeyword.groovy)
	at com.kms.katalon.core.webui.keyword.internal.WebUIKeywordMain.runKeyword(WebUIKeywordMain.groovy:20)
	at com.kms.katalon.core.webui.keyword.builtin.SelectOptionByLabelKeyword.selectOptionByLabel(SelectOptionByLabelKeyword.groovy:98)
	at com.kms.katalon.core.webui.keyword.builtin.SelectOptionByLabelKeyword.execute(SelectOptionByLabelKeyword.groovy:71)
	at com.kms.katalon.core.keyword.internal.KeywordExecutor.executeKeywordForPlatform(KeywordExecutor.groovy:74)
	at com.kms.katalon.core.webui.keyword.WebUiBuiltInKeywords.selectOptionByLabel(WebUiBuiltInKeywords.groovy:1230)
	at com.kms.katalon.core.webui.keyword.WebUiBuiltInKeywords$selectOptionByLabel$7.call(Unknown Source)
	at iwpPages.ccPaymentEntryPage.setDataCCPM(ccPaymentEntryPage.groovy:252)
	at iwpPages.ccPaymentEntryPage.invokeMethod(ccPaymentEntryPage.groovy)
	at com.kms.katalon.core.main.CustomKeywordDelegatingMetaClass.invokeStaticMethod(CustomKeywordDelegatingMetaClass.java:55)
	at Script1593488051730.run(Script1593488051730.groovy:85)
	... 13 more
)

2024-05-15 15:52:47 - [MESSAGE][PASSED] - Object 'Object Repository/IWP30/Page_CCPaymentEntry/Name' is present

2024-05-15 15:52:48 - [MESSAGE][PASSED] - Object 'Object Repository/IWP30/Page_CCPaymentEntry/Amount' is present

2024-05-15 15:52:48 - [MESSAGE][PASSED] - Object 'Object Repository/IWP30/Page_CCPaymentEntry/UserDefined2' is present

2024-05-15 15:52:48 - [MESSAGE][PASSED] - Object 'Object Repository/IWP30/Page_CCPaymentEntry/UserDefined3' is present

2024-05-15 15:52:49 - [MESSAGE][PASSED] - Object 'Object Repository/IWP30/Page_CCPaymentEntry/UserDefined7' is present

2024-05-15 15:52:49 - [MESSAGE][PASSED] - Object 'Object Repository/IWP30/Page_CCPaymentEntry/UserDefined8' is present

2024-05-15 15:52:49 - [MESSAGE][PASSED] - Object 'Object Repository/IWP30/Page_CCPaymentEntry/Name' is present

2024-05-15 15:52:50 - [MESSAGE][PASSED] - Object 'Object Repository/IWP30/Page_CCPaymentEntry/CardNumber' is present

2024-05-15 15:52:50 - [MESSAGE][PASSED] - Text '4111111111111111' is set on object 'Object Repository/IWP30/Page_CCPaymentEntry/CardNumber'

2024-05-15 15:52:51 - [MESSAGE][PASSED] - Object 'Object Repository/IWP30/Page_CCPaymentEntry/SPC' is present

2024-05-15 15:52:51 - [MESSAGE][PASSED] - Text '123' is set on object 'Object Repository/IWP30/Page_CCPaymentEntry/SPC'

2024-05-15 15:52:52 - [MESSAGE][PASSED] - Object 'Object Repository/IWP30/Page_CCPaymentEntry/Month' is present

2024-05-15 15:52:52 - [MESSAGE][PASSED] - All options with label '09' are selected in object 'Object Repository/IWP30/Page_CCPaymentEntry/Month' 

2024-05-15 15:52:52 - [MESSAGE][PASSED] - Object 'Object Repository/IWP30/Page_CCPaymentEntry/Year' is present

2024-05-15 15:52:54 - [MESSAGE][FAILED] - Unable to select option by label '2023' of object 'Object Repository/IWP30/Page_CCPaymentEntry/Year'  (Root cause: com.kms.katalon.core.exception.StepFailedException: Unable to select option by label '2023' of object 'Object Repository/IWP30/Page_CCPaymentEntry/Year' 
	at com.kms.katalon.core.webui.keyword.internal.WebUIKeywordMain.stepFailed(WebUIKeywordMain.groovy:64)
	at com.kms.katalon.core.webui.keyword.internal.WebUIKeywordMain.runKeyword(WebUIKeywordMain.groovy:26)
	at com.kms.katalon.core.webui.keyword.builtin.SelectOptionByLabelKeyword.selectOptionByLabel(SelectOptionByLabelKeyword.groovy:98)
	at com.kms.katalon.core.webui.keyword.builtin.SelectOptionByLabelKeyword.execute(SelectOptionByLabelKeyword.groovy:71)
	at com.kms.katalon.core.keyword.internal.KeywordExecutor.executeKeywordForPlatform(KeywordExecutor.groovy:74)
	at com.kms.katalon.core.webui.keyword.WebUiBuiltInKeywords.selectOptionByLabel(WebUiBuiltInKeywords.groovy:1230)
	at com.kms.katalon.core.webui.keyword.WebUiBuiltInKeywords$selectOptionByLabel$7.call(Unknown Source)
	at iwpPages.ccPaymentEntryPage.setDataCCPM(ccPaymentEntryPage.groovy:252)
	at iwpPages.ccPaymentEntryPage.invokeMethod(ccPaymentEntryPage.groovy)
	at com.kms.katalon.core.main.CustomKeywordDelegatingMetaClass.invokeStaticMethod(CustomKeywordDelegatingMetaClass.java:55)
	at Misc.run(Misc:85)
	at com.kms.katalon.core.main.ScriptEngine.run(ScriptEngine.java:194)
	at com.kms.katalon.core.main.ScriptEngine.runScriptAsRawText(ScriptEngine.java:119)
	at com.kms.katalon.core.main.TestCaseExecutor.runScript(TestCaseExecutor.java:448)
	at com.kms.katalon.core.main.TestCaseExecutor.doExecute(TestCaseExecutor.java:439)
	at com.kms.katalon.core.main.TestCaseExecutor.processExecutionPhase(TestCaseExecutor.java:418)
	at com.kms.katalon.core.main.TestCaseExecutor.accessMainPhase(TestCaseExecutor.java:410)
	at com.kms.katalon.core.main.TestCaseExecutor.execute(TestCaseExecutor.java:285)
	at com.kms.katalon.core.common.CommonExecutor.accessTestCaseMainPhase(CommonExecutor.java:65)
	at com.kms.katalon.core.main.TestSuiteExecutor.accessTestSuiteMainPhase(TestSuiteExecutor.java:148)
	at com.kms.katalon.core.main.TestSuiteExecutor.execute(TestSuiteExecutor.java:106)
	at com.kms.katalon.core.main.TestCaseMain.startTestSuite(TestCaseMain.java:187)
	at com.kms.katalon.core.main.TestCaseMain$startTestSuite$0.call(Unknown Source)
	at TempTestSuite1715800219174.run(TempTestSuite1715800219174.groovy:35)
Caused by: org.openqa.selenium.NoSuchElementException: Cannot locate element with text: 2023
For documentation on this error, please visit: https://www.seleniumhq.org/exceptions/no_such_element.html
Build info: version: '3.141.59', revision: 'e82be7d358', time: '2018-11-14T08:25:53'
System info: host: 'DESKTOP-B2QI6NS', ip: '172.31.253.185', os.name: 'Windows 10', os.arch: 'amd64', os.version: '10.0', java.version: '1.8.0_181'
Driver info: driver.version: unknown
	at org.openqa.selenium.support.ui.Select.selectByVisibleText(Select.java:147)
	at com.kms.katalon.core.webui.common.WebUiCommonHelper.selectOrDeselectOptionsByLabel(WebUiCommonHelper.java:310)
	at com.kms.katalon.core.webui.keyword.builtin.SelectOptionByLabelKeyword$_selectOptionByLabel_closure1.doCall(SelectOptionByLabelKeyword.groovy:87)
	at com.kms.katalon.core.webui.keyword.builtin.SelectOptionByLabelKeyword$_selectOptionByLabel_closure1.call(SelectOptionByLabelKeyword.groovy)
	at com.kms.katalon.core.webui.keyword.internal.WebUIKeywordMain.runKeyword(WebUIKeywordMain.groovy:20)
	at com.kms.katalon.core.webui.keyword.builtin.SelectOptionByLabelKeyword.selectOptionByLabel(SelectOptionByLabelKeyword.groovy:98)
	at com.kms.katalon.core.webui.keyword.builtin.SelectOptionByLabelKeyword.execute(SelectOptionByLabelKeyword.groovy:71)
	at com.kms.katalon.core.keyword.internal.KeywordExecutor.executeKeywordForPlatform(KeywordExecutor.groovy:74)
	at com.kms.katalon.core.webui.keyword.WebUiBuiltInKeywords.selectOptionByLabel(WebUiBuiltInKeywords.groovy:1230)
	at com.kms.katalon.core.webui.keyword.WebUiBuiltInKeywords$selectOptionByLabel$7.call(Unknown Source)
	at iwpPages.ccPaymentEntryPage.setDataCCPM(ccPaymentEntryPage.groovy:252)
	at iwpPages.ccPaymentEntryPage.invokeMethod(ccPaymentEntryPage.groovy)
	at com.kms.katalon.core.main.CustomKeywordDelegatingMetaClass.invokeStaticMethod(CustomKeywordDelegatingMetaClass.java:55)
	at Script1593488051730.run(Script1593488051730.groovy:85)
	... 13 more
)
[[ATTACHMENT|E:\\Cloned-Project-Katalon\\VPS-Katalon\\Reports\\20240515_151019\\QA\\IWP3.0\\IWP30 Smoke TestSuite\\20240515_151019\\1715802773452.png]]

2024-05-15 15:52:54 - [MESSAGE][PASSED] - Object 'Object Repository/IWP30/Page_CCPaymentEntry/ProcessDate' is present

2024-05-15 15:52:54 - [MESSAGE][PASSED] - Object 'Object Repository/IWP30/Page_CCPaymentEntry/AL1' is present

2024-05-15 15:52:55 - [MESSAGE][PASSED] - Object 'Object Repository/IWP30/Page_CCPaymentEntry/AL2' is present

2024-05-15 15:52:55 - [MESSAGE][PASSED] - Object 'Object Repository/IWP30/Page_CCPaymentEntry/ZIP' is present

2024-05-15 15:52:55 - [MESSAGE][PASSED] - Object 'Object Repository/IWP30/Page_CCPaymentEntry/EmailAddress' is present

2024-05-15 15:52:56 - [MESSAGE][PASSED] - Object 'Object Repository/IWP30/Page_CCPaymentEntry/TermCondCheckBox' is present

2024-05-15 15:52:56 - [MESSAGE][PASSED] - Object 'Object Repository/IWP30/Page_CCPaymentEntry/TermCondCheckBox' is checked

2024-05-15 15:52:56 - [MESSAGE][PASSED] - Object 'Object Repository/IWP30/Page_CCPaymentEntry/ContinueButton' is present

2024-05-15 15:52:57 - [MESSAGE][PASSED] - Object: 'Object Repository/IWP30/Page_CCPaymentEntry/ContinueButton' is clicked on

2024-05-15 15:52:57 - [MESSAGE][FAILED] - com.kms.katalon.core.exception.StepFailedException: Unable to select option by label '2023' of object 'Object Repository/IWP30/Page_CCPaymentEntry/Year'  (Root cause: com.kms.katalon.core.exception.StepFailedException: Unable to select option by label '2023' of object 'Object Repository/IWP30/Page_CCPaymentEntry/Year' 
	at com.kms.katalon.core.webui.keyword.internal.WebUIKeywordMain.stepFailed(WebUIKeywordMain.groovy:64)
	at com.kms.katalon.core.webui.keyword.internal.WebUIKeywordMain.runKeyword(WebUIKeywordMain.groovy:26)
	at com.kms.katalon.core.webui.keyword.builtin.SelectOptionByLabelKeyword.selectOptionByLabel(SelectOptionByLabelKeyword.groovy:98)
	at com.kms.katalon.core.webui.keyword.builtin.SelectOptionByLabelKeyword.execute(SelectOptionByLabelKeyword.groovy:71)
	at com.kms.katalon.core.keyword.internal.KeywordExecutor.executeKeywordForPlatform(KeywordExecutor.groovy:74)
	at com.kms.katalon.core.webui.keyword.WebUiBuiltInKeywords.selectOptionByLabel(WebUiBuiltInKeywords.groovy:1230)
	at com.kms.katalon.core.webui.keyword.WebUiBuiltInKeywords$selectOptionByLabel$7.call(Unknown Source)
	at iwpPages.ccPaymentEntryPage.setDataCCPM(ccPaymentEntryPage.groovy:252)
	at iwpPages.ccPaymentEntryPage.invokeMethod(ccPaymentEntryPage.groovy)
	at com.kms.katalon.core.main.CustomKeywordDelegatingMetaClass.invokeStaticMethod(CustomKeywordDelegatingMetaClass.java:55)
	at Misc.run(Misc:85)
	at com.kms.katalon.core.main.ScriptEngine.run(ScriptEngine.java:194)
	at com.kms.katalon.core.main.ScriptEngine.runScriptAsRawText(ScriptEngine.java:119)
	at com.kms.katalon.core.main.TestCaseExecutor.runScript(TestCaseExecutor.java:448)
	at com.kms.katalon.core.main.TestCaseExecutor.doExecute(TestCaseExecutor.java:439)
	at com.kms.katalon.core.main.TestCaseExecutor.processExecutionPhase(TestCaseExecutor.java:418)
	at com.kms.katalon.core.main.TestCaseExecutor.accessMainPhase(TestCaseExecutor.java:410)
	at com.kms.katalon.core.main.TestCaseExecutor.execute(TestCaseExecutor.java:285)
	at com.kms.katalon.core.common.CommonExecutor.accessTestCaseMainPhase(CommonExecutor.java:65)
	at com.kms.katalon.core.main.TestSuiteExecutor.accessTestSuiteMainPhase(TestSuiteExecutor.java:148)
	at com.kms.katalon.core.main.TestSuiteExecutor.execute(TestSuiteExecutor.java:106)
	at com.kms.katalon.core.main.TestCaseMain.startTestSuite(TestCaseMain.java:187)
	at com.kms.katalon.core.main.TestCaseMain$startTestSuite$0.call(Unknown Source)
	at TempTestSuite1715800219174.run(TempTestSuite1715800219174.groovy:35)
Caused by: org.openqa.selenium.NoSuchElementException: Cannot locate element with text: 2023
For documentation on this error, please visit: https://www.seleniumhq.org/exceptions/no_such_element.html
Build info: version: '3.141.59', revision: 'e82be7d358', time: '2018-11-14T08:25:53'
System info: host: 'DESKTOP-B2QI6NS', ip: '172.31.253.185', os.name: 'Windows 10', os.arch: 'amd64', os.version: '10.0', java.version: '1.8.0_181'
Driver info: driver.version: unknown
	at org.openqa.selenium.support.ui.Select.selectByVisibleText(Select.java:147)
	at com.kms.katalon.core.webui.common.WebUiCommonHelper.selectOrDeselectOptionsByLabel(WebUiCommonHelper.java:310)
	at com.kms.katalon.core.webui.keyword.builtin.SelectOptionByLabelKeyword$_selectOptionByLabel_closure1.doCall(SelectOptionByLabelKeyword.groovy:87)
	at com.kms.katalon.core.webui.keyword.builtin.SelectOptionByLabelKeyword$_selectOptionByLabel_closure1.call(SelectOptionByLabelKeyword.groovy)
	at com.kms.katalon.core.webui.keyword.internal.WebUIKeywordMain.runKeyword(WebUIKeywordMain.groovy:20)
	at com.kms.katalon.core.webui.keyword.builtin.SelectOptionByLabelKeyword.selectOptionByLabel(SelectOptionByLabelKeyword.groovy:98)
	at com.kms.katalon.core.webui.keyword.builtin.SelectOptionByLabelKeyword.execute(SelectOptionByLabelKeyword.groovy:71)
	at com.kms.katalon.core.keyword.internal.KeywordExecutor.executeKeywordForPlatform(KeywordExecutor.groovy:74)
	at com.kms.katalon.core.webui.keyword.WebUiBuiltInKeywords.selectOptionByLabel(WebUiBuiltInKeywords.groovy:1230)
	at com.kms.katalon.core.webui.keyword.WebUiBuiltInKeywords$selectOptionByLabel$7.call(Unknown Source)
	at iwpPages.ccPaymentEntryPage.setDataCCPM(ccPaymentEntryPage.groovy:252)
	at iwpPages.ccPaymentEntryPage.invokeMethod(ccPaymentEntryPage.groovy)
	at com.kms.katalon.core.main.CustomKeywordDelegatingMetaClass.invokeStaticMethod(CustomKeywordDelegatingMetaClass.java:55)
	at Script1593488051730.run(Script1593488051730.groovy:85)
	... 13 more
)

2024-05-15 15:52:57 - [TEST_STEP][FAILED] - if (verifyTextPresent("Please verify the following information", false)): Text 'Please verify the following information' is not present on page  (Root cause: com.kms.katalon.core.exception.StepFailedException: Text 'Please verify the following information' is not present on page 
	at com.kms.katalon.core.webui.keyword.internal.WebUIKeywordMain.stepFailed(WebUIKeywordMain.groovy:64)
	at com.kms.katalon.core.webui.keyword.builtin.VerifyTextPresentKeyword$_verifyTextPresent_closure1.doCall(VerifyTextPresentKeyword.groovy:79)
	at com.kms.katalon.core.webui.keyword.builtin.VerifyTextPresentKeyword$_verifyTextPresent_closure1.call(VerifyTextPresentKeyword.groovy)
	at com.kms.katalon.core.webui.keyword.internal.WebUIKeywordMain.runKeyword(WebUIKeywordMain.groovy:20)
	at com.kms.katalon.core.webui.keyword.builtin.VerifyTextPresentKeyword.verifyTextPresent(VerifyTextPresentKeyword.groovy:83)
	at com.kms.katalon.core.webui.keyword.builtin.VerifyTextPresentKeyword.execute(VerifyTextPresentKeyword.groovy:68)
	at com.kms.katalon.core.keyword.internal.KeywordExecutor.executeKeywordForPlatform(KeywordExecutor.groovy:74)
	at com.kms.katalon.core.webui.keyword.WebUiBuiltInKeywords.verifyTextPresent(WebUiBuiltInKeywords.groovy:1723)
	at com.kms.katalon.core.webui.keyword.WebUiBuiltInKeywords$verifyTextPresent$8.call(Unknown Source)
	at Misc.run(Misc:92)
	at com.kms.katalon.core.main.ScriptEngine.run(ScriptEngine.java:194)
	at com.kms.katalon.core.main.ScriptEngine.runScriptAsRawText(ScriptEngine.java:119)
	at com.kms.katalon.core.main.TestCaseExecutor.runScript(TestCaseExecutor.java:448)
	at com.kms.katalon.core.main.TestCaseExecutor.doExecute(TestCaseExecutor.java:439)
	at com.kms.katalon.core.main.TestCaseExecutor.processExecutionPhase(TestCaseExecutor.java:418)
	at com.kms.katalon.core.main.TestCaseExecutor.accessMainPhase(TestCaseExecutor.java:410)
	at com.kms.katalon.core.main.TestCaseExecutor.execute(TestCaseExecutor.java:285)
	at com.kms.katalon.core.common.CommonExecutor.accessTestCaseMainPhase(CommonExecutor.java:65)
	at com.kms.katalon.core.main.TestSuiteExecutor.accessTestSuiteMainPhase(TestSuiteExecutor.java:148)
	at com.kms.katalon.core.main.TestSuiteExecutor.execute(TestSuiteExecutor.java:106)
	at com.kms.katalon.core.main.TestCaseMain.startTestSuite(TestCaseMain.java:187)
	at com.kms.katalon.core.main.TestCaseMain$startTestSuite$0.call(Unknown Source)
	at TempTestSuite1715800219174.run(TempTestSuite1715800219174.groovy:35)
)

2024-05-15 15:52:58 - [MESSAGE][FAILED] - Text 'Please verify the following information' is not present on page  (Root cause: com.kms.katalon.core.exception.StepFailedException: Text 'Please verify the following information' is not present on page 
	at com.kms.katalon.core.webui.keyword.internal.WebUIKeywordMain.stepFailed(WebUIKeywordMain.groovy:64)
	at com.kms.katalon.core.webui.keyword.builtin.VerifyTextPresentKeyword$_verifyTextPresent_closure1.doCall(VerifyTextPresentKeyword.groovy:79)
	at com.kms.katalon.core.webui.keyword.builtin.VerifyTextPresentKeyword$_verifyTextPresent_closure1.call(VerifyTextPresentKeyword.groovy)
	at com.kms.katalon.core.webui.keyword.internal.WebUIKeywordMain.runKeyword(WebUIKeywordMain.groovy:20)
	at com.kms.katalon.core.webui.keyword.builtin.VerifyTextPresentKeyword.verifyTextPresent(VerifyTextPresentKeyword.groovy:83)
	at com.kms.katalon.core.webui.keyword.builtin.VerifyTextPresentKeyword.execute(VerifyTextPresentKeyword.groovy:68)
	at com.kms.katalon.core.keyword.internal.KeywordExecutor.executeKeywordForPlatform(KeywordExecutor.groovy:74)
	at com.kms.katalon.core.webui.keyword.WebUiBuiltInKeywords.verifyTextPresent(WebUiBuiltInKeywords.groovy:1723)
	at com.kms.katalon.core.webui.keyword.WebUiBuiltInKeywords$verifyTextPresent$8.call(Unknown Source)
	at Misc.run(Misc:92)
	at com.kms.katalon.core.main.ScriptEngine.run(ScriptEngine.java:194)
	at com.kms.katalon.core.main.ScriptEngine.runScriptAsRawText(ScriptEngine.java:119)
	at com.kms.katalon.core.main.TestCaseExecutor.runScript(TestCaseExecutor.java:448)
	at com.kms.katalon.core.main.TestCaseExecutor.doExecute(TestCaseExecutor.java:439)
	at com.kms.katalon.core.main.TestCaseExecutor.processExecutionPhase(TestCaseExecutor.java:418)
	at com.kms.katalon.core.main.TestCaseExecutor.accessMainPhase(TestCaseExecutor.java:410)
	at com.kms.katalon.core.main.TestCaseExecutor.execute(TestCaseExecutor.java:285)
	at com.kms.katalon.core.common.CommonExecutor.accessTestCaseMainPhase(CommonExecutor.java:65)
	at com.kms.katalon.core.main.TestSuiteExecutor.accessTestSuiteMainPhase(TestSuiteExecutor.java:148)
	at com.kms.katalon.core.main.TestSuiteExecutor.execute(TestSuiteExecutor.java:106)
	at com.kms.katalon.core.main.TestCaseMain.startTestSuite(TestCaseMain.java:187)
	at com.kms.katalon.core.main.TestCaseMain$startTestSuite$0.call(Unknown Source)
	at TempTestSuite1715800219174.run(TempTestSuite1715800219174.groovy:35)
)

2024-05-15 15:52:58 - [TEST_STEP][PASSED] - else: null

2024-05-15 15:52:58 - [TEST_STEP][FAILED] - if (verifyTextPresent("Is this information correct?", false)): Text 'Is this information correct?' is not present on page  (Root cause: com.kms.katalon.core.exception.StepFailedException: Text 'Is this information correct?' is not present on page 
	at com.kms.katalon.core.webui.keyword.internal.WebUIKeywordMain.stepFailed(WebUIKeywordMain.groovy:64)
	at com.kms.katalon.core.webui.keyword.builtin.VerifyTextPresentKeyword$_verifyTextPresent_closure1.doCall(VerifyTextPresentKeyword.groovy:79)
	at com.kms.katalon.core.webui.keyword.builtin.VerifyTextPresentKeyword$_verifyTextPresent_closure1.call(VerifyTextPresentKeyword.groovy)
	at com.kms.katalon.core.webui.keyword.internal.WebUIKeywordMain.runKeyword(WebUIKeywordMain.groovy:20)
	at com.kms.katalon.core.webui.keyword.builtin.VerifyTextPresentKeyword.verifyTextPresent(VerifyTextPresentKeyword.groovy:83)
	at com.kms.katalon.core.webui.keyword.builtin.VerifyTextPresentKeyword.execute(VerifyTextPresentKeyword.groovy:68)
	at com.kms.katalon.core.keyword.internal.KeywordExecutor.executeKeywordForPlatform(KeywordExecutor.groovy:74)
	at com.kms.katalon.core.webui.keyword.WebUiBuiltInKeywords.verifyTextPresent(WebUiBuiltInKeywords.groovy:1723)
	at com.kms.katalon.core.webui.keyword.WebUiBuiltInKeywords$verifyTextPresent$8.call(Unknown Source)
	at Misc.run(Misc:100)
	at com.kms.katalon.core.main.ScriptEngine.run(ScriptEngine.java:194)
	at com.kms.katalon.core.main.ScriptEngine.runScriptAsRawText(ScriptEngine.java:119)
	at com.kms.katalon.core.main.TestCaseExecutor.runScript(TestCaseExecutor.java:448)
	at com.kms.katalon.core.main.TestCaseExecutor.doExecute(TestCaseExecutor.java:439)
	at com.kms.katalon.core.main.TestCaseExecutor.processExecutionPhase(TestCaseExecutor.java:418)
	at com.kms.katalon.core.main.TestCaseExecutor.accessMainPhase(TestCaseExecutor.java:410)
	at com.kms.katalon.core.main.TestCaseExecutor.execute(TestCaseExecutor.java:285)
	at com.kms.katalon.core.common.CommonExecutor.accessTestCaseMainPhase(CommonExecutor.java:65)
	at com.kms.katalon.core.main.TestSuiteExecutor.accessTestSuiteMainPhase(TestSuiteExecutor.java:148)
	at com.kms.katalon.core.main.TestSuiteExecutor.execute(TestSuiteExecutor.java:106)
	at com.kms.katalon.core.main.TestCaseMain.startTestSuite(TestCaseMain.java:187)
	at com.kms.katalon.core.main.TestCaseMain$startTestSuite$0.call(Unknown Source)
	at TempTestSuite1715800219174.run(TempTestSuite1715800219174.groovy:35)
)

2024-05-15 15:52:58 - [MESSAGE][FAILED] - Text 'Is this information correct?' is not present on page  (Root cause: com.kms.katalon.core.exception.StepFailedException: Text 'Is this information correct?' is not present on page 
	at com.kms.katalon.core.webui.keyword.internal.WebUIKeywordMain.stepFailed(WebUIKeywordMain.groovy:64)
	at com.kms.katalon.core.webui.keyword.builtin.VerifyTextPresentKeyword$_verifyTextPresent_closure1.doCall(VerifyTextPresentKeyword.groovy:79)
	at com.kms.katalon.core.webui.keyword.builtin.VerifyTextPresentKeyword$_verifyTextPresent_closure1.call(VerifyTextPresentKeyword.groovy)
	at com.kms.katalon.core.webui.keyword.internal.WebUIKeywordMain.runKeyword(WebUIKeywordMain.groovy:20)
	at com.kms.katalon.core.webui.keyword.builtin.VerifyTextPresentKeyword.verifyTextPresent(VerifyTextPresentKeyword.groovy:83)
	at com.kms.katalon.core.webui.keyword.builtin.VerifyTextPresentKeyword.execute(VerifyTextPresentKeyword.groovy:68)
	at com.kms.katalon.core.keyword.internal.KeywordExecutor.executeKeywordForPlatform(KeywordExecutor.groovy:74)
	at com.kms.katalon.core.webui.keyword.WebUiBuiltInKeywords.verifyTextPresent(WebUiBuiltInKeywords.groovy:1723)
	at com.kms.katalon.core.webui.keyword.WebUiBuiltInKeywords$verifyTextPresent$8.call(Unknown Source)
	at Misc.run(Misc:100)
	at com.kms.katalon.core.main.ScriptEngine.run(ScriptEngine.java:194)
	at com.kms.katalon.core.main.ScriptEngine.runScriptAsRawText(ScriptEngine.java:119)
	at com.kms.katalon.core.main.TestCaseExecutor.runScript(TestCaseExecutor.java:448)
	at com.kms.katalon.core.main.TestCaseExecutor.doExecute(TestCaseExecutor.java:439)
	at com.kms.katalon.core.main.TestCaseExecutor.processExecutionPhase(TestCaseExecutor.java:418)
	at com.kms.katalon.core.main.TestCaseExecutor.accessMainPhase(TestCaseExecutor.java:410)
	at com.kms.katalon.core.main.TestCaseExecutor.execute(TestCaseExecutor.java:285)
	at com.kms.katalon.core.common.CommonExecutor.accessTestCaseMainPhase(CommonExecutor.java:65)
	at com.kms.katalon.core.main.TestSuiteExecutor.accessTestSuiteMainPhase(TestSuiteExecutor.java:148)
	at com.kms.katalon.core.main.TestSuiteExecutor.execute(TestSuiteExecutor.java:106)
	at com.kms.katalon.core.main.TestCaseMain.startTestSuite(TestCaseMain.java:187)
	at com.kms.katalon.core.main.TestCaseMain$startTestSuite$0.call(Unknown Source)
	at TempTestSuite1715800219174.run(TempTestSuite1715800219174.groovy:35)
)

2024-05-15 15:52:58 - [TEST_STEP][PASSED] - else: null

2024-05-15 15:52:58 - [TEST_STEP][PASSED] - println("Is this information correct text is not present on the Confirmation page"): null

2024-05-15 15:52:58 - [TEST_STEP][FAILED] - if (verifyElementPresent(findTestObject("Object Repository/IWP30/Page_Confirmation/ConfirmButton"), 30)): com.kms.katalon.core.webui.exception.WebElementNotFoundException: Web element with id: 'Object Repository/IWP30/Page_Confirmation/ConfirmButton' located by '//*[@type = 'submit' and @name = 'confirmNotifyAction' and @id = 'submitYes' and @value = 'Confirm']' not found (Root cause: com.kms.katalon.core.exception.StepFailedException: com.kms.katalon.core.webui.exception.WebElementNotFoundException: Web element with id: 'Object Repository/IWP30/Page_Confirmation/ConfirmButton' located by '//*[@type = 'submit' and @name = 'confirmNotifyAction' and @id = 'submitYes' and @value = 'Confirm']' not found
	at com.kms.katalon.core.webui.keyword.internal.WebUIKeywordMain.stepFailed(WebUIKeywordMain.groovy:64)
	at com.kms.katalon.core.webui.keyword.builtin.VerifyElementPresentKeyword$_verifyElementPresent_closure1.doCall(VerifyElementPresentKeyword.groovy:85)
	at com.kms.katalon.core.webui.keyword.builtin.VerifyElementPresentKeyword$_verifyElementPresent_closure1.call(VerifyElementPresentKeyword.groovy)
	at com.kms.katalon.core.webui.keyword.internal.WebUIKeywordMain.runKeyword(WebUIKeywordMain.groovy:20)
	at com.kms.katalon.core.webui.keyword.builtin.VerifyElementPresentKeyword.verifyElementPresent(VerifyElementPresentKeyword.groovy:92)
	at com.kms.katalon.core.webui.keyword.builtin.VerifyElementPresentKeyword.execute(VerifyElementPresentKeyword.groovy:68)
	at com.kms.katalon.core.keyword.internal.KeywordExecutor.executeKeywordForPlatform(KeywordExecutor.groovy:74)
	at com.kms.katalon.core.webui.keyword.WebUiBuiltInKeywords.verifyElementPresent(WebUiBuiltInKeywords.groovy:1464)
	at com.kms.katalon.core.webui.keyword.WebUiBuiltInKeywords$verifyElementPresent$5.call(Unknown Source)
	at Misc.run(Misc:108)
	at com.kms.katalon.core.main.ScriptEngine.run(ScriptEngine.java:194)
	at com.kms.katalon.core.main.ScriptEngine.runScriptAsRawText(ScriptEngine.java:119)
	at com.kms.katalon.core.main.TestCaseExecutor.runScript(TestCaseExecutor.java:448)
	at com.kms.katalon.core.main.TestCaseExecutor.doExecute(TestCaseExecutor.java:439)
	at com.kms.katalon.core.main.TestCaseExecutor.processExecutionPhase(TestCaseExecutor.java:418)
	at com.kms.katalon.core.main.TestCaseExecutor.accessMainPhase(TestCaseExecutor.java:410)
	at com.kms.katalon.core.main.TestCaseExecutor.execute(TestCaseExecutor.java:285)
	at com.kms.katalon.core.common.CommonExecutor.accessTestCaseMainPhase(CommonExecutor.java:65)
	at com.kms.katalon.core.main.TestSuiteExecutor.accessTestSuiteMainPhase(TestSuiteExecutor.java:148)
	at com.kms.katalon.core.main.TestSuiteExecutor.execute(TestSuiteExecutor.java:106)
	at com.kms.katalon.core.main.TestCaseMain.startTestSuite(TestCaseMain.java:187)
	at com.kms.katalon.core.main.TestCaseMain$startTestSuite$0.call(Unknown Source)
	at TempTestSuite1715800219174.run(TempTestSuite1715800219174.groovy:35)
)

2024-05-15 15:53:30 - [MESSAGE][INFO] - Unable to find the element located by 'By.xpath: //*[@type = 'submit' and @name = 'confirmNotifyAction' and @id = 'submitYes' and @value = 'Confirm']'. Please recheck the objects properties to make sure the desired element is located. 

2024-05-15 15:53:30 - [MESSAGE][FAILED] - com.kms.katalon.core.webui.exception.WebElementNotFoundException: Web element with id: 'Object Repository/IWP30/Page_Confirmation/ConfirmButton' located by '//*[@type = 'submit' and @name = 'confirmNotifyAction' and @id = 'submitYes' and @value = 'Confirm']' not found (Root cause: com.kms.katalon.core.exception.StepFailedException: com.kms.katalon.core.webui.exception.WebElementNotFoundException: Web element with id: 'Object Repository/IWP30/Page_Confirmation/ConfirmButton' located by '//*[@type = 'submit' and @name = 'confirmNotifyAction' and @id = 'submitYes' and @value = 'Confirm']' not found
	at com.kms.katalon.core.webui.keyword.internal.WebUIKeywordMain.stepFailed(WebUIKeywordMain.groovy:64)
	at com.kms.katalon.core.webui.keyword.builtin.VerifyElementPresentKeyword$_verifyElementPresent_closure1.doCall(VerifyElementPresentKeyword.groovy:85)
	at com.kms.katalon.core.webui.keyword.builtin.VerifyElementPresentKeyword$_verifyElementPresent_closure1.call(VerifyElementPresentKeyword.groovy)
	at com.kms.katalon.core.webui.keyword.internal.WebUIKeywordMain.runKeyword(WebUIKeywordMain.groovy:20)
	at com.kms.katalon.core.webui.keyword.builtin.VerifyElementPresentKeyword.verifyElementPresent(VerifyElementPresentKeyword.groovy:92)
	at com.kms.katalon.core.webui.keyword.builtin.VerifyElementPresentKeyword.execute(VerifyElementPresentKeyword.groovy:68)
	at com.kms.katalon.core.keyword.internal.KeywordExecutor.executeKeywordForPlatform(KeywordExecutor.groovy:74)
	at com.kms.katalon.core.webui.keyword.WebUiBuiltInKeywords.verifyElementPresent(WebUiBuiltInKeywords.groovy:1464)
	at com.kms.katalon.core.webui.keyword.WebUiBuiltInKeywords$verifyElementPresent$5.call(Unknown Source)
	at Misc.run(Misc:108)
	at com.kms.katalon.core.main.ScriptEngine.run(ScriptEngine.java:194)
	at com.kms.katalon.core.main.ScriptEngine.runScriptAsRawText(ScriptEngine.java:119)
	at com.kms.katalon.core.main.TestCaseExecutor.runScript(TestCaseExecutor.java:448)
	at com.kms.katalon.core.main.TestCaseExecutor.doExecute(TestCaseExecutor.java:439)
	at com.kms.katalon.core.main.TestCaseExecutor.processExecutionPhase(TestCaseExecutor.java:418)
	at com.kms.katalon.core.main.TestCaseExecutor.accessMainPhase(TestCaseExecutor.java:410)
	at com.kms.katalon.core.main.TestCaseExecutor.execute(TestCaseExecutor.java:285)
	at com.kms.katalon.core.common.CommonExecutor.accessTestCaseMainPhase(CommonExecutor.java:65)
	at com.kms.katalon.core.main.TestSuiteExecutor.accessTestSuiteMainPhase(TestSuiteExecutor.java:148)
	at com.kms.katalon.core.main.TestSuiteExecutor.execute(TestSuiteExecutor.java:106)
	at com.kms.katalon.core.main.TestCaseMain.startTestSuite(TestCaseMain.java:187)
	at com.kms.katalon.core.main.TestCaseMain$startTestSuite$0.call(Unknown Source)
	at TempTestSuite1715800219174.run(TempTestSuite1715800219174.groovy:35)
)
[[ATTACHMENT|E:\\Cloned-Project-Katalon\\VPS-Katalon\\Reports\\20240515_151019\\QA\\IWP3.0\\IWP30 Smoke TestSuite\\20240515_151019\\1715802810093.png]]

2024-05-15 15:53:30 - [TEST_STEP][PASSED] - else: null

2024-05-15 15:53:30 - [TEST_STEP][PASSED] - println("Confirm button is missing on the Confirmation page"): null

2024-05-15 15:53:30 - [TEST_STEP][PASSED] - Thread.sleep(10000): null

2024-05-15 15:53:40 - [TEST_STEP][FAILED] - if (verifyTextPresent("Successful Payment Receipt", false)): Text 'Successful Payment Receipt' is not present on page  (Root cause: com.kms.katalon.core.exception.StepFailedException: Text 'Successful Payment Receipt' is not present on page 
	at com.kms.katalon.core.webui.keyword.internal.WebUIKeywordMain.stepFailed(WebUIKeywordMain.groovy:64)
	at com.kms.katalon.core.webui.keyword.builtin.VerifyTextPresentKeyword$_verifyTextPresent_closure1.doCall(VerifyTextPresentKeyword.groovy:79)
	at com.kms.katalon.core.webui.keyword.builtin.VerifyTextPresentKeyword$_verifyTextPresent_closure1.call(VerifyTextPresentKeyword.groovy)
	at com.kms.katalon.core.webui.keyword.internal.WebUIKeywordMain.runKeyword(WebUIKeywordMain.groovy:20)
	at com.kms.katalon.core.webui.keyword.builtin.VerifyTextPresentKeyword.verifyTextPresent(VerifyTextPresentKeyword.groovy:83)
	at com.kms.katalon.core.webui.keyword.builtin.VerifyTextPresentKeyword.execute(VerifyTextPresentKeyword.groovy:68)
	at com.kms.katalon.core.keyword.internal.KeywordExecutor.executeKeywordForPlatform(KeywordExecutor.groovy:74)
	at com.kms.katalon.core.webui.keyword.WebUiBuiltInKeywords.verifyTextPresent(WebUiBuiltInKeywords.groovy:1723)
	at com.kms.katalon.core.webui.keyword.WebUiBuiltInKeywords$verifyTextPresent$8.call(Unknown Source)
	at Misc.run(Misc:123)
	at com.kms.katalon.core.main.ScriptEngine.run(ScriptEngine.java:194)
	at com.kms.katalon.core.main.ScriptEngine.runScriptAsRawText(ScriptEngine.java:119)
	at com.kms.katalon.core.main.TestCaseExecutor.runScript(TestCaseExecutor.java:448)
	at com.kms.katalon.core.main.TestCaseExecutor.doExecute(TestCaseExecutor.java:439)
	at com.kms.katalon.core.main.TestCaseExecutor.processExecutionPhase(TestCaseExecutor.java:418)
	at com.kms.katalon.core.main.TestCaseExecutor.accessMainPhase(TestCaseExecutor.java:410)
	at com.kms.katalon.core.main.TestCaseExecutor.execute(TestCaseExecutor.java:285)
	at com.kms.katalon.core.common.CommonExecutor.accessTestCaseMainPhase(CommonExecutor.java:65)
	at com.kms.katalon.core.main.TestSuiteExecutor.accessTestSuiteMainPhase(TestSuiteExecutor.java:148)
	at com.kms.katalon.core.main.TestSuiteExecutor.execute(TestSuiteExecutor.java:106)
	at com.kms.katalon.core.main.TestCaseMain.startTestSuite(TestCaseMain.java:187)
	at com.kms.katalon.core.main.TestCaseMain$startTestSuite$0.call(Unknown Source)
	at TempTestSuite1715800219174.run(TempTestSuite1715800219174.groovy:35)
)

2024-05-15 15:53:41 - [MESSAGE][FAILED] - Text 'Successful Payment Receipt' is not present on page  (Root cause: com.kms.katalon.core.exception.StepFailedException: Text 'Successful Payment Receipt' is not present on page 
	at com.kms.katalon.core.webui.keyword.internal.WebUIKeywordMain.stepFailed(WebUIKeywordMain.groovy:64)
	at com.kms.katalon.core.webui.keyword.builtin.VerifyTextPresentKeyword$_verifyTextPresent_closure1.doCall(VerifyTextPresentKeyword.groovy:79)
	at com.kms.katalon.core.webui.keyword.builtin.VerifyTextPresentKeyword$_verifyTextPresent_closure1.call(VerifyTextPresentKeyword.groovy)
	at com.kms.katalon.core.webui.keyword.internal.WebUIKeywordMain.runKeyword(WebUIKeywordMain.groovy:20)
	at com.kms.katalon.core.webui.keyword.builtin.VerifyTextPresentKeyword.verifyTextPresent(VerifyTextPresentKeyword.groovy:83)
	at com.kms.katalon.core.webui.keyword.builtin.VerifyTextPresentKeyword.execute(VerifyTextPresentKeyword.groovy:68)
	at com.kms.katalon.core.keyword.internal.KeywordExecutor.executeKeywordForPlatform(KeywordExecutor.groovy:74)
	at com.kms.katalon.core.webui.keyword.WebUiBuiltInKeywords.verifyTextPresent(WebUiBuiltInKeywords.groovy:1723)
	at com.kms.katalon.core.webui.keyword.WebUiBuiltInKeywords$verifyTextPresent$8.call(Unknown Source)
	at Misc.run(Misc:123)
	at com.kms.katalon.core.main.ScriptEngine.run(ScriptEngine.java:194)
	at com.kms.katalon.core.main.ScriptEngine.runScriptAsRawText(ScriptEngine.java:119)
	at com.kms.katalon.core.main.TestCaseExecutor.runScript(TestCaseExecutor.java:448)
	at com.kms.katalon.core.main.TestCaseExecutor.doExecute(TestCaseExecutor.java:439)
	at com.kms.katalon.core.main.TestCaseExecutor.processExecutionPhase(TestCaseExecutor.java:418)
	at com.kms.katalon.core.main.TestCaseExecutor.accessMainPhase(TestCaseExecutor.java:410)
	at com.kms.katalon.core.main.TestCaseExecutor.execute(TestCaseExecutor.java:285)
	at com.kms.katalon.core.common.CommonExecutor.accessTestCaseMainPhase(CommonExecutor.java:65)
	at com.kms.katalon.core.main.TestSuiteExecutor.accessTestSuiteMainPhase(TestSuiteExecutor.java:148)
	at com.kms.katalon.core.main.TestSuiteExecutor.execute(TestSuiteExecutor.java:106)
	at com.kms.katalon.core.main.TestCaseMain.startTestSuite(TestCaseMain.java:187)
	at com.kms.katalon.core.main.TestCaseMain$startTestSuite$0.call(Unknown Source)
	at TempTestSuite1715800219174.run(TempTestSuite1715800219174.groovy:35)
)

2024-05-15 15:53:41 - [TEST_STEP][PASSED] - else: null

2024-05-15 15:53:41 - [TEST_STEP][FAILED] - if (verifyTextPresent("Please print this receipt for your records", false)): Text 'Please print this receipt for your records' is not present on page  (Root cause: com.kms.katalon.core.exception.StepFailedException: Text 'Please print this receipt for your records' is not present on page 
	at com.kms.katalon.core.webui.keyword.internal.WebUIKeywordMain.stepFailed(WebUIKeywordMain.groovy:64)
	at com.kms.katalon.core.webui.keyword.builtin.VerifyTextPresentKeyword$_verifyTextPresent_closure1.doCall(VerifyTextPresentKeyword.groovy:79)
	at com.kms.katalon.core.webui.keyword.builtin.VerifyTextPresentKeyword$_verifyTextPresent_closure1.call(VerifyTextPresentKeyword.groovy)
	at com.kms.katalon.core.webui.keyword.internal.WebUIKeywordMain.runKeyword(WebUIKeywordMain.groovy:20)
	at com.kms.katalon.core.webui.keyword.builtin.VerifyTextPresentKeyword.verifyTextPresent(VerifyTextPresentKeyword.groovy:83)
	at com.kms.katalon.core.webui.keyword.builtin.VerifyTextPresentKeyword.execute(VerifyTextPresentKeyword.groovy:68)
	at com.kms.katalon.core.keyword.internal.KeywordExecutor.executeKeywordForPlatform(KeywordExecutor.groovy:74)
	at com.kms.katalon.core.webui.keyword.WebUiBuiltInKeywords.verifyTextPresent(WebUiBuiltInKeywords.groovy:1723)
	at com.kms.katalon.core.webui.keyword.WebUiBuiltInKeywords$verifyTextPresent$8.call(Unknown Source)
	at Misc.run(Misc:130)
	at com.kms.katalon.core.main.ScriptEngine.run(ScriptEngine.java:194)
	at com.kms.katalon.core.main.ScriptEngine.runScriptAsRawText(ScriptEngine.java:119)
	at com.kms.katalon.core.main.TestCaseExecutor.runScript(TestCaseExecutor.java:448)
	at com.kms.katalon.core.main.TestCaseExecutor.doExecute(TestCaseExecutor.java:439)
	at com.kms.katalon.core.main.TestCaseExecutor.processExecutionPhase(TestCaseExecutor.java:418)
	at com.kms.katalon.core.main.TestCaseExecutor.accessMainPhase(TestCaseExecutor.java:410)
	at com.kms.katalon.core.main.TestCaseExecutor.execute(TestCaseExecutor.java:285)
	at com.kms.katalon.core.common.CommonExecutor.accessTestCaseMainPhase(CommonExecutor.java:65)
	at com.kms.katalon.core.main.TestSuiteExecutor.accessTestSuiteMainPhase(TestSuiteExecutor.java:148)
	at com.kms.katalon.core.main.TestSuiteExecutor.execute(TestSuiteExecutor.java:106)
	at com.kms.katalon.core.main.TestCaseMain.startTestSuite(TestCaseMain.java:187)
	at com.kms.katalon.core.main.TestCaseMain$startTestSuite$0.call(Unknown Source)
	at TempTestSuite1715800219174.run(TempTestSuite1715800219174.groovy:35)
)

2024-05-15 15:53:41 - [MESSAGE][FAILED] - Text 'Please print this receipt for your records' is not present on page  (Root cause: com.kms.katalon.core.exception.StepFailedException: Text 'Please print this receipt for your records' is not present on page 
	at com.kms.katalon.core.webui.keyword.internal.WebUIKeywordMain.stepFailed(WebUIKeywordMain.groovy:64)
	at com.kms.katalon.core.webui.keyword.builtin.VerifyTextPresentKeyword$_verifyTextPresent_closure1.doCall(VerifyTextPresentKeyword.groovy:79)
	at com.kms.katalon.core.webui.keyword.builtin.VerifyTextPresentKeyword$_verifyTextPresent_closure1.call(VerifyTextPresentKeyword.groovy)
	at com.kms.katalon.core.webui.keyword.internal.WebUIKeywordMain.runKeyword(WebUIKeywordMain.groovy:20)
	at com.kms.katalon.core.webui.keyword.builtin.VerifyTextPresentKeyword.verifyTextPresent(VerifyTextPresentKeyword.groovy:83)
	at com.kms.katalon.core.webui.keyword.builtin.VerifyTextPresentKeyword.execute(VerifyTextPresentKeyword.groovy:68)
	at com.kms.katalon.core.keyword.internal.KeywordExecutor.executeKeywordForPlatform(KeywordExecutor.groovy:74)
	at com.kms.katalon.core.webui.keyword.WebUiBuiltInKeywords.verifyTextPresent(WebUiBuiltInKeywords.groovy:1723)
	at com.kms.katalon.core.webui.keyword.WebUiBuiltInKeywords$verifyTextPresent$8.call(Unknown Source)
	at Misc.run(Misc:130)
	at com.kms.katalon.core.main.ScriptEngine.run(ScriptEngine.java:194)
	at com.kms.katalon.core.main.ScriptEngine.runScriptAsRawText(ScriptEngine.java:119)
	at com.kms.katalon.core.main.TestCaseExecutor.runScript(TestCaseExecutor.java:448)
	at com.kms.katalon.core.main.TestCaseExecutor.doExecute(TestCaseExecutor.java:439)
	at com.kms.katalon.core.main.TestCaseExecutor.processExecutionPhase(TestCaseExecutor.java:418)
	at com.kms.katalon.core.main.TestCaseExecutor.accessMainPhase(TestCaseExecutor.java:410)
	at com.kms.katalon.core.main.TestCaseExecutor.execute(TestCaseExecutor.java:285)
	at com.kms.katalon.core.common.CommonExecutor.accessTestCaseMainPhase(CommonExecutor.java:65)
	at com.kms.katalon.core.main.TestSuiteExecutor.accessTestSuiteMainPhase(TestSuiteExecutor.java:148)
	at com.kms.katalon.core.main.TestSuiteExecutor.execute(TestSuiteExecutor.java:106)
	at com.kms.katalon.core.main.TestCaseMain.startTestSuite(TestCaseMain.java:187)
	at com.kms.katalon.core.main.TestCaseMain$startTestSuite$0.call(Unknown Source)
	at TempTestSuite1715800219174.run(TempTestSuite1715800219174.groovy:35)
)

2024-05-15 15:53:41 - [TEST_STEP][PASSED] - else: null

2024-05-15 15:53:41 - [TEST_STEP][PASSED] - if (verifyElementPresent(findTestObject("Object Repository/IWP30/Page_Receipt/ExitButton"), 30)): null

2024-05-15 15:53:41 - [MESSAGE][PASSED] - Object 'Object Repository/IWP30/Page_Receipt/ExitButton' is present

2024-05-15 15:53:41 - [TEST_STEP][PASSED] - println("Exit Button is present on the Receipt page"): null

2024-05-15 15:53:41 - [TEST_STEP][PASSED] - closeBrowser(): Browser is closed

2024-05-15 15:53:43 - [MESSAGE][PASSED] - Browser is closed

2024-05-15 15:53:43 - [TEST_STEP][PASSED] - openBrowser(urlEmulator): Browser is opened with url: 'https://qa2.velocitypayment.com/agency/config.do?action=editor'

2024-05-15 15:53:43 - [MESSAGE][INFO] - Starting 'Chrome' driver

2024-05-15 15:53:43 - [MESSAGE][INFO] - User set preference: ['acceptInsecureCerts', 'true']

2024-05-15 15:53:43 - [MESSAGE][INFO] - Action delay is set to 0 milliseconds

2024-05-15 15:53:45 - [MESSAGE][PASSED] - Browser is opened with url: 'https://qa2.velocitypayment.com/agency/config.do?action=editor'

2024-05-15 15:53:45 - [TEST_STEP][PASSED] - maximizeWindow(): Current window maximized

2024-05-15 15:53:45 - [MESSAGE][PASSED] - Current window maximized

2024-05-15 15:53:45 - [TEST_STEP][PASSED] - iwpPages.emulatorIWP30.getSetData(row, dataFile): iwpPages.emulatorIWP30.getSetData is PASSED

2024-05-15 15:53:47 - [MESSAGE][PASSED] - All options with value '3.0' are selected in object 'Object Repository/IWP30/Page_VRelay30Emulator/MV'  using regular expression

2024-05-15 15:53:48 - [MESSAGE][PASSED] - Text '29.50' is set on object 'Object Repository/IWP30/Page_VRelay30Emulator/Amount'

2024-05-15 15:53:49 - [MESSAGE][PASSED] - Text '26412109' is set on object 'Object Repository/IWP30/Page_VRelay30Emulator/CAN'

2024-05-15 15:53:49 - [MESSAGE][PASSED] - Text 'PayNow' is set on object 'Object Repository/IWP30/Page_VRelay30Emulator/Action'

2024-05-15 15:53:50 - [MESSAGE][PASSED] - Text 'en_US' is set on object 'Object Repository/IWP30/Page_VRelay30Emulator/Lang'

2024-05-15 15:53:50 - [MESSAGE][PASSED] - Text 'Jonty' is set on object 'Object Repository/IWP30/Page_VRelay30Emulator/Fname'

2024-05-15 15:53:51 - [MESSAGE][PASSED] - Text 'Smith' is set on object 'Object Repository/IWP30/Page_VRelay30Emulator/Lname'

2024-05-15 15:53:52 - [MESSAGE][PASSED] - Text '15 Elm St' is set on object 'Object Repository/IWP30/Page_VRelay30Emulator/AL1'

2024-05-15 15:53:52 - [MESSAGE][PASSED] - Text 'Suite 600' is set on object 'Object Repository/IWP30/Page_VRelay30Emulator/AL2'

2024-05-15 15:53:53 - [MESSAGE][PASSED] - Text '840' is set on object 'Object Repository/IWP30/Page_VRelay30Emulator/Country'

2024-05-15 15:53:54 - [MESSAGE][PASSED] - Text 'Gambrills' is set on object 'Object Repository/IWP30/Page_VRelay30Emulator/City'

2024-05-15 15:53:54 - [MESSAGE][PASSED] - Text 'MD' is set on object 'Object Repository/IWP30/Page_VRelay30Emulator/State'

2024-05-15 15:53:55 - [MESSAGE][PASSED] - Text '21054' is set on object 'Object Repository/IWP30/Page_VRelay30Emulator/ZIP'

2024-05-15 15:53:56 - [MESSAGE][PASSED] - Text '' is set on object 'Object Repository/IWP30/Page_VRelay30Emulator/Order'

2024-05-15 15:53:56 - [MESSAGE][PASSED] - Text '' is set on object 'Object Repository/IWP30/Page_VRelay30Emulator/Company'

2024-05-15 15:53:57 - [MESSAGE][PASSED] - Text 'iahmed@govolution.com' is set on object 'Object Repository/IWP30/Page_VRelay30Emulator/Email'

2024-05-15 15:53:58 - [MESSAGE][PASSED] - Text 'udf data 1' is set on object 'Object Repository/IWP30/Page_VRelay30Emulator/UDF1'

2024-05-15 15:53:58 - [MESSAGE][PASSED] - Text 'udf data 2' is set on object 'Object Repository/IWP30/Page_VRelay30Emulator/UDF2'

2024-05-15 15:53:59 - [MESSAGE][PASSED] - Text 'udf data 3' is set on object 'Object Repository/IWP30/Page_VRelay30Emulator/UDF3'

2024-05-15 15:53:59 - [MESSAGE][PASSED] - Text 'udf data 4' is set on object 'Object Repository/IWP30/Page_VRelay30Emulator/UDF4'

2024-05-15 15:54:00 - [MESSAGE][PASSED] - Text 'udf data 5' is set on object 'Object Repository/IWP30/Page_VRelay30Emulator/UDF5'

2024-05-15 15:54:01 - [MESSAGE][PASSED] - Text 'udf data 6' is set on object 'Object Repository/IWP30/Page_VRelay30Emulator/UDF6'

2024-05-15 15:54:01 - [MESSAGE][PASSED] - Text 'Orange' is set on object 'Object Repository/IWP30/Page_VRelay30Emulator/UDF7'

2024-05-15 15:54:02 - [MESSAGE][PASSED] - Text 'Soccer' is set on object 'Object Repository/IWP30/Page_VRelay30Emulator/UDF8'

2024-05-15 15:54:03 - [MESSAGE][PASSED] - Text 'udf data 9' is set on object 'Object Repository/IWP30/Page_VRelay30Emulator/UDF9'

2024-05-15 15:54:03 - [MESSAGE][PASSED] - Text 'udf data 10' is set on object 'Object Repository/IWP30/Page_VRelay30Emulator/UDF10'

2024-05-15 15:54:14 - [MESSAGE][PASSED] - Object: 'Object Repository/IWP30/Page_VRelay30Emulator/Submit' is clicked on

2024-05-15 15:54:14 - [MESSAGE][PASSED] - iwpPages.emulatorIWP30.getSetData is PASSED

2024-05-15 15:54:14 - [TEST_STEP][PASSED] - closeBrowser(): Browser is closed

2024-05-15 15:54:15 - [MESSAGE][PASSED] - Browser is closed

2024-05-15 15:54:15 - [TEST_STEP][PASSED] - openBrowser(urlTestHarness): Browser is opened with url: 'https://dev-algorithm.govolution.com/vrelaytest/QA2/version_2_2/vrelaytest.html'

2024-05-15 15:54:15 - [MESSAGE][INFO] - Starting 'Chrome' driver

2024-05-15 15:54:15 - [MESSAGE][INFO] - User set preference: ['acceptInsecureCerts', 'true']

2024-05-15 15:54:15 - [MESSAGE][INFO] - Action delay is set to 0 milliseconds

2024-05-15 15:54:17 - [MESSAGE][PASSED] - Browser is opened with url: 'https://dev-algorithm.govolution.com/vrelaytest/QA2/version_2_2/vrelaytest.html'

2024-05-15 15:54:17 - [TEST_STEP][PASSED] - maximizeWindow(): Current window maximized

2024-05-15 15:54:17 - [MESSAGE][PASSED] - Current window maximized

2024-05-15 15:54:17 - [TEST_STEP][PASSED] - iwpPages.TestHarnessPage.setDataMethod(row, dataFile): iwpPages.TestHarnessPage.setDataMethod is PASSED

2024-05-15 15:54:18 - [MESSAGE][PASSED] - Object 'Object Repository/IWP30/Page_QATestHarness/RemittanceID' is present

2024-05-15 15:54:19 - [MESSAGE][PASSED] - Text '649' is set on object 'Object Repository/IWP30/Page_QATestHarness/ApplicationID'

2024-05-15 15:54:19 - [MESSAGE][PASSED] - Text '3.0' is set on object 'Object Repository/IWP30/Page_QATestHarness/MessageVersion'

2024-05-15 15:54:20 - [MESSAGE][PASSED] - Text '2HkirIqRdGYJ' is set on object 'Object Repository/IWP30/Page_QATestHarness/RemittanceID'

2024-05-15 15:54:21 - [MESSAGE][PASSED] - Object: 'Object Repository/IWP30/Page_QATestHarness/SubmitButton' is clicked on

2024-05-15 15:54:21 - [MESSAGE][PASSED] - iwpPages.TestHarnessPage.setDataMethod is PASSED

2024-05-15 15:54:21 - [TEST_STEP][PASSED] - if (verifyElementPresent(findTestObject("Object Repository/IWP30/Page_SelectPaymentMethod/PayByCreditCard"), 30)): null

2024-05-15 15:54:22 - [MESSAGE][PASSED] - Object 'Object Repository/IWP30/Page_SelectPaymentMethod/PayByCreditCard' is present

2024-05-15 15:54:22 - [TEST_STEP][PASSED] - println("We are on Select Payment Method page, start populating"): null

2024-05-15 15:54:22 - [TEST_STEP][PASSED] - check(findTestObject("Object Repository/IWP30/Page_SelectPaymentMethod/PayByCreditCard")): Object 'Object Repository/IWP30/Page_SelectPaymentMethod/PayByCreditCard' is checked

2024-05-15 15:54:22 - [MESSAGE][PASSED] - Object 'Object Repository/IWP30/Page_SelectPaymentMethod/PayByCreditCard' is checked

2024-05-15 15:54:22 - [TEST_STEP][PASSED] - Thread.sleep(1000): null

2024-05-15 15:54:23 - [TEST_STEP][PASSED] - click(findTestObject("Object Repository/IWP30/Page_SelectPaymentMethod/MakePaymentButton")): Object: 'Object Repository/IWP30/Page_SelectPaymentMethod/MakePaymentButton' is clicked on

2024-05-15 15:54:24 - [MESSAGE][PASSED] - Object: 'Object Repository/IWP30/Page_SelectPaymentMethod/MakePaymentButton' is clicked on

2024-05-15 15:54:24 - [TEST_STEP][PASSED] - iwpPages.ccPaymentEntryPage.setDataCCPM(row, dataFile): iwpPages.ccPaymentEntryPage.setDataCCPM is PASSED

2024-05-15 15:54:26 - [MESSAGE][PASSED] - Object 'Object Repository/IWP30/Page_CCPaymentEntry/Name' is present

2024-05-15 15:54:26 - [MESSAGE][PASSED] - Object 'Object Repository/IWP30/Page_CCPaymentEntry/Amount' is present

2024-05-15 15:54:27 - [MESSAGE][PASSED] - Text '20.50' is set on object 'Object Repository/IWP30/Page_CCPaymentEntry/Amount'

2024-05-15 15:54:27 - [MESSAGE][PASSED] - Object 'Object Repository/IWP30/Page_CCPaymentEntry/UserDefined2' is present

2024-05-15 15:54:28 - [MESSAGE][PASSED] - Text 'Circle' is set on object 'Object Repository/IWP30/Page_CCPaymentEntry/UserDefined2'

2024-05-15 15:54:28 - [MESSAGE][PASSED] - Object 'Object Repository/IWP30/Page_CCPaymentEntry/UserDefined3' is present

2024-05-15 15:54:29 - [MESSAGE][PASSED] - Text 'Triangle' is set on object 'Object Repository/IWP30/Page_CCPaymentEntry/UserDefined3'

2024-05-15 15:54:29 - [MESSAGE][PASSED] - Object 'Object Repository/IWP30/Page_CCPaymentEntry/UserDefined7' is present

2024-05-15 15:54:30 - [MESSAGE][PASSED] - All options with label 'Purple' are selected in object 'Object Repository/IWP30/Page_CCPaymentEntry/UserDefined7' 

2024-05-15 15:54:30 - [MESSAGE][PASSED] - Object 'Object Repository/IWP30/Page_CCPaymentEntry/UserDefined8' is present

2024-05-15 15:54:30 - [MESSAGE][PASSED] - All options with label 'Tennis' are selected in object 'Object Repository/IWP30/Page_CCPaymentEntry/UserDefined8' 

2024-05-15 15:54:31 - [MESSAGE][PASSED] - Object 'Object Repository/IWP30/Page_CCPaymentEntry/Name' is present

2024-05-15 15:54:31 - [MESSAGE][PASSED] - Text 'Alan Donald' is set on object 'Object Repository/IWP30/Page_CCPaymentEntry/Name'

2024-05-15 15:54:32 - [MESSAGE][PASSED] - Object 'Object Repository/IWP30/Page_CCPaymentEntry/CardNumber' is present

2024-05-15 15:54:32 - [MESSAGE][PASSED] - Text '4111111111111111' is set on object 'Object Repository/IWP30/Page_CCPaymentEntry/CardNumber'

2024-05-15 15:54:33 - [MESSAGE][PASSED] - Object 'Object Repository/IWP30/Page_CCPaymentEntry/SPC' is present

2024-05-15 15:54:33 - [MESSAGE][PASSED] - Text '258' is set on object 'Object Repository/IWP30/Page_CCPaymentEntry/SPC'

2024-05-15 15:54:34 - [MESSAGE][PASSED] - Object 'Object Repository/IWP30/Page_CCPaymentEntry/Month' is present

2024-05-15 15:54:34 - [MESSAGE][PASSED] - All options with label '10' are selected in object 'Object Repository/IWP30/Page_CCPaymentEntry/Month' 

2024-05-15 15:54:34 - [MESSAGE][PASSED] - Object 'Object Repository/IWP30/Page_CCPaymentEntry/Year' is present

2024-05-15 15:54:35 - [MESSAGE][PASSED] - All options with label '2025' are selected in object 'Object Repository/IWP30/Page_CCPaymentEntry/Year' 

2024-05-15 15:54:35 - [MESSAGE][PASSED] - Object 'Object Repository/IWP30/Page_CCPaymentEntry/ProcessDate' is present

2024-05-15 15:54:36 - [MESSAGE][PASSED] - Object 'Object Repository/IWP30/Page_CCPaymentEntry/AL1' is present

2024-05-15 15:54:36 - [MESSAGE][PASSED] - Text 'Mera AL1' is set on object 'Object Repository/IWP30/Page_CCPaymentEntry/AL1'

2024-05-15 15:54:37 - [MESSAGE][PASSED] - Object 'Object Repository/IWP30/Page_CCPaymentEntry/AL2' is present

2024-05-15 15:54:37 - [MESSAGE][PASSED] - Text 'Mera AL2' is set on object 'Object Repository/IWP30/Page_CCPaymentEntry/AL2'

2024-05-15 15:54:37 - [MESSAGE][PASSED] - Object 'Object Repository/IWP30/Page_CCPaymentEntry/ZIP' is present

2024-05-15 15:54:38 - [MESSAGE][PASSED] - Text '21054' is set on object 'Object Repository/IWP30/Page_CCPaymentEntry/ZIP'

2024-05-15 15:54:39 - [MESSAGE][PASSED] - Object 'Object Repository/IWP30/Page_CCPaymentEntry/EmailAddress' is present

2024-05-15 15:54:40 - [MESSAGE][PASSED] - Text 'merae@gmail.com' is set on object 'Object Repository/IWP30/Page_CCPaymentEntry/EmailAddress'

2024-05-15 15:54:40 - [MESSAGE][PASSED] - Object 'Object Repository/IWP30/Page_CCPaymentEntry/TermCondCheckBox' is present

2024-05-15 15:54:40 - [MESSAGE][PASSED] - Object 'Object Repository/IWP30/Page_CCPaymentEntry/TermCondCheckBox' is checked

2024-05-15 15:54:40 - [MESSAGE][PASSED] - Object 'Object Repository/IWP30/Page_CCPaymentEntry/ContinueButton' is present

2024-05-15 15:54:41 - [MESSAGE][PASSED] - Object: 'Object Repository/IWP30/Page_CCPaymentEntry/ContinueButton' is clicked on

2024-05-15 15:54:41 - [MESSAGE][PASSED] - iwpPages.ccPaymentEntryPage.setDataCCPM is PASSED

2024-05-15 15:54:41 - [TEST_STEP][PASSED] - if (verifyTextPresent("Please verify the following information", false)): null

2024-05-15 15:54:42 - [MESSAGE][PASSED] - Text 'Please verify the following information' is present on page 

2024-05-15 15:54:42 - [TEST_STEP][PASSED] - println("Please verify the following information text is present on the Confirmation page"): null

2024-05-15 15:54:42 - [TEST_STEP][PASSED] - if (verifyTextPresent("Is this information correct?", false)): null

2024-05-15 15:54:42 - [MESSAGE][PASSED] - Text 'Is this information correct?' is present on page 

2024-05-15 15:54:42 - [TEST_STEP][PASSED] - println("Is this information correct text is present on the Confirmation page"): null

2024-05-15 15:54:42 - [TEST_STEP][PASSED] - if (verifyElementPresent(findTestObject("Object Repository/IWP30/Page_Confirmation/ConfirmButton"), 30)): null

2024-05-15 15:54:43 - [MESSAGE][PASSED] - Object 'Object Repository/IWP30/Page_Confirmation/ConfirmButton' is present

2024-05-15 15:54:43 - [TEST_STEP][PASSED] - click(findTestObject("Object Repository/IWP30/Page_Confirmation/ConfirmButton")): Object: 'Object Repository/IWP30/Page_Confirmation/ConfirmButton' is clicked on

2024-05-15 15:54:44 - [MESSAGE][PASSED] - Object: 'Object Repository/IWP30/Page_Confirmation/ConfirmButton' is clicked on

2024-05-15 15:54:44 - [TEST_STEP][PASSED] - Thread.sleep(10000): null

2024-05-15 15:54:54 - [TEST_STEP][PASSED] - if (verifyTextPresent("Successful Payment Receipt", false)): null

2024-05-15 15:54:54 - [MESSAGE][PASSED] - Text 'Successful Payment Receipt' is present on page 

2024-05-15 15:54:54 - [TEST_STEP][PASSED] - println("Successful Payment Receipt text is present on the Receipt page"): null

2024-05-15 15:54:54 - [TEST_STEP][PASSED] - if (verifyTextPresent("Please print this receipt for your records", false)): null

2024-05-15 15:54:54 - [MESSAGE][PASSED] - Text 'Please print this receipt for your records' is present on page 

2024-05-15 15:54:54 - [TEST_STEP][PASSED] - println("Please print this receipt for your records text is present on the Receipt page"): null

2024-05-15 15:54:54 - [TEST_STEP][PASSED] - if (verifyElementPresent(findTestObject("Object Repository/IWP30/Page_Receipt/ExitButton"), 30)): null

2024-05-15 15:54:54 - [MESSAGE][PASSED] - Object 'Object Repository/IWP30/Page_Receipt/ExitButton' is present

2024-05-15 15:54:54 - [TEST_STEP][PASSED] - println("Exit Button is present on the Receipt page"): null

2024-05-15 15:54:54 - [TEST_STEP][PASSED] - closeBrowser(): Browser is closed

2024-05-15 15:54:56 - [MESSAGE][PASSED] - Browser is closed

2024-05-15 15:54:56 - [TEST_STEP][PASSED] - openBrowser(urlEmulator): Browser is opened with url: 'https://qa2.velocitypayment.com/agency/config.do?action=editor'

2024-05-15 15:54:56 - [MESSAGE][INFO] - Starting 'Chrome' driver

2024-05-15 15:54:56 - [MESSAGE][INFO] - User set preference: ['acceptInsecureCerts', 'true']

2024-05-15 15:54:56 - [MESSAGE][INFO] - Action delay is set to 0 milliseconds

2024-05-15 15:54:58 - [MESSAGE][PASSED] - Browser is opened with url: 'https://qa2.velocitypayment.com/agency/config.do?action=editor'

2024-05-15 15:54:58 - [TEST_STEP][PASSED] - maximizeWindow(): Current window maximized

2024-05-15 15:54:58 - [MESSAGE][PASSED] - Current window maximized

2024-05-15 15:54:58 - [TEST_STEP][PASSED] - iwpPages.emulatorIWP30.getSetData(row, dataFile): iwpPages.emulatorIWP30.getSetData is PASSED

2024-05-15 15:55:00 - [MESSAGE][PASSED] - All options with value '3.0' are selected in object 'Object Repository/IWP30/Page_VRelay30Emulator/MV'  using regular expression

2024-05-15 15:55:01 - [MESSAGE][PASSED] - Text '10.50' is set on object 'Object Repository/IWP30/Page_VRelay30Emulator/Amount'

2024-05-15 15:55:02 - [MESSAGE][PASSED] - Text '26411005' is set on object 'Object Repository/IWP30/Page_VRelay30Emulator/CAN'

2024-05-15 15:55:02 - [MESSAGE][PASSED] - Text 'PayNow' is set on object 'Object Repository/IWP30/Page_VRelay30Emulator/Action'

2024-05-15 15:55:03 - [MESSAGE][PASSED] - Text 'en_US' is set on object 'Object Repository/IWP30/Page_VRelay30Emulator/Lang'

2024-05-15 15:55:04 - [MESSAGE][PASSED] - Text '' is set on object 'Object Repository/IWP30/Page_VRelay30Emulator/Fname'

2024-05-15 15:55:04 - [MESSAGE][PASSED] - Text '' is set on object 'Object Repository/IWP30/Page_VRelay30Emulator/Lname'

2024-05-15 15:55:05 - [MESSAGE][PASSED] - Text '' is set on object 'Object Repository/IWP30/Page_VRelay30Emulator/AL1'

2024-05-15 15:55:06 - [MESSAGE][PASSED] - Text '' is set on object 'Object Repository/IWP30/Page_VRelay30Emulator/AL2'

2024-05-15 15:55:06 - [MESSAGE][PASSED] - Text '840' is set on object 'Object Repository/IWP30/Page_VRelay30Emulator/Country'

2024-05-15 15:55:07 - [MESSAGE][PASSED] - Text '' is set on object 'Object Repository/IWP30/Page_VRelay30Emulator/City'

2024-05-15 15:55:07 - [MESSAGE][PASSED] - Text '' is set on object 'Object Repository/IWP30/Page_VRelay30Emulator/State'

2024-05-15 15:55:08 - [MESSAGE][PASSED] - Text '' is set on object 'Object Repository/IWP30/Page_VRelay30Emulator/ZIP'

2024-05-15 15:55:09 - [MESSAGE][PASSED] - Text '' is set on object 'Object Repository/IWP30/Page_VRelay30Emulator/Order'

2024-05-15 15:55:09 - [MESSAGE][PASSED] - Text '' is set on object 'Object Repository/IWP30/Page_VRelay30Emulator/Company'

2024-05-15 15:55:10 - [MESSAGE][PASSED] - Text '' is set on object 'Object Repository/IWP30/Page_VRelay30Emulator/Email'

2024-05-15 15:55:11 - [MESSAGE][PASSED] - Text '' is set on object 'Object Repository/IWP30/Page_VRelay30Emulator/UDF1'

2024-05-15 15:55:11 - [MESSAGE][PASSED] - Text '' is set on object 'Object Repository/IWP30/Page_VRelay30Emulator/UDF2'

2024-05-15 15:55:12 - [MESSAGE][PASSED] - Text '' is set on object 'Object Repository/IWP30/Page_VRelay30Emulator/UDF3'

2024-05-15 15:55:12 - [MESSAGE][PASSED] - Text 'udf data 4' is set on object 'Object Repository/IWP30/Page_VRelay30Emulator/UDF4'

2024-05-15 15:55:13 - [MESSAGE][PASSED] - Text 'udf data 5' is set on object 'Object Repository/IWP30/Page_VRelay30Emulator/UDF5'

2024-05-15 15:55:14 - [MESSAGE][PASSED] - Text '' is set on object 'Object Repository/IWP30/Page_VRelay30Emulator/UDF6'

2024-05-15 15:55:14 - [MESSAGE][PASSED] - Text '' is set on object 'Object Repository/IWP30/Page_VRelay30Emulator/UDF7'

2024-05-15 15:55:15 - [MESSAGE][PASSED] - Text '' is set on object 'Object Repository/IWP30/Page_VRelay30Emulator/UDF8'

2024-05-15 15:55:16 - [MESSAGE][PASSED] - Text 'udf data 9' is set on object 'Object Repository/IWP30/Page_VRelay30Emulator/UDF9'

2024-05-15 15:55:16 - [MESSAGE][PASSED] - Text 'udf data 10' is set on object 'Object Repository/IWP30/Page_VRelay30Emulator/UDF10'

2024-05-15 15:55:27 - [MESSAGE][PASSED] - Object: 'Object Repository/IWP30/Page_VRelay30Emulator/Submit' is clicked on

2024-05-15 15:55:27 - [MESSAGE][PASSED] - iwpPages.emulatorIWP30.getSetData is PASSED

2024-05-15 15:55:27 - [TEST_STEP][PASSED] - closeBrowser(): Browser is closed

2024-05-15 15:55:28 - [MESSAGE][PASSED] - Browser is closed

2024-05-15 15:55:28 - [TEST_STEP][PASSED] - openBrowser(urlTestHarness): Browser is opened with url: 'https://dev-algorithm.govolution.com/vrelaytest/QA2/version_2_2/vrelaytest.html'

2024-05-15 15:55:28 - [MESSAGE][INFO] - Starting 'Chrome' driver

2024-05-15 15:55:28 - [MESSAGE][INFO] - User set preference: ['acceptInsecureCerts', 'true']

2024-05-15 15:55:28 - [MESSAGE][INFO] - Action delay is set to 0 milliseconds

2024-05-15 15:55:30 - [MESSAGE][PASSED] - Browser is opened with url: 'https://dev-algorithm.govolution.com/vrelaytest/QA2/version_2_2/vrelaytest.html'

2024-05-15 15:55:30 - [TEST_STEP][PASSED] - maximizeWindow(): Current window maximized

2024-05-15 15:55:30 - [MESSAGE][PASSED] - Current window maximized

2024-05-15 15:55:30 - [TEST_STEP][PASSED] - iwpPages.TestHarnessPage.setDataMethod(row, dataFile): iwpPages.TestHarnessPage.setDataMethod is PASSED

2024-05-15 15:55:31 - [MESSAGE][PASSED] - Object 'Object Repository/IWP30/Page_QATestHarness/RemittanceID' is present

2024-05-15 15:55:32 - [MESSAGE][PASSED] - Text '649' is set on object 'Object Repository/IWP30/Page_QATestHarness/ApplicationID'

2024-05-15 15:55:32 - [MESSAGE][PASSED] - Text '3.0' is set on object 'Object Repository/IWP30/Page_QATestHarness/MessageVersion'

2024-05-15 15:55:33 - [MESSAGE][PASSED] - Text 'HkEWnWaYBlG2' is set on object 'Object Repository/IWP30/Page_QATestHarness/RemittanceID'

2024-05-15 15:55:34 - [MESSAGE][PASSED] - Object: 'Object Repository/IWP30/Page_QATestHarness/SubmitButton' is clicked on

2024-05-15 15:55:34 - [MESSAGE][PASSED] - iwpPages.TestHarnessPage.setDataMethod is PASSED

2024-05-15 15:55:34 - [TEST_STEP][PASSED] - if (verifyElementPresent(findTestObject("Object Repository/IWP30/Page_SelectPaymentMethod/PayByCreditCard"), 30)): null

2024-05-15 15:55:35 - [MESSAGE][PASSED] - Object 'Object Repository/IWP30/Page_SelectPaymentMethod/PayByCreditCard' is present

2024-05-15 15:55:35 - [TEST_STEP][PASSED] - println("We are on Select Payment Method page, start populating"): null

2024-05-15 15:55:35 - [TEST_STEP][PASSED] - check(findTestObject("Object Repository/IWP30/Page_SelectPaymentMethod/PayByCreditCard")): Object 'Object Repository/IWP30/Page_SelectPaymentMethod/PayByCreditCard' is checked

2024-05-15 15:55:35 - [MESSAGE][PASSED] - Object 'Object Repository/IWP30/Page_SelectPaymentMethod/PayByCreditCard' is checked

2024-05-15 15:55:35 - [TEST_STEP][PASSED] - Thread.sleep(1000): null

2024-05-15 15:55:36 - [TEST_STEP][PASSED] - click(findTestObject("Object Repository/IWP30/Page_SelectPaymentMethod/MakePaymentButton")): Object: 'Object Repository/IWP30/Page_SelectPaymentMethod/MakePaymentButton' is clicked on

2024-05-15 15:55:37 - [MESSAGE][PASSED] - Object: 'Object Repository/IWP30/Page_SelectPaymentMethod/MakePaymentButton' is clicked on

2024-05-15 15:55:37 - [TEST_STEP][FAILED] - iwpPages.ccPaymentEntryPage.setDataCCPM(row, dataFile): com.kms.katalon.core.exception.StepFailedException: Unable to select option by label '2023' of object 'Object Repository/IWP30/Page_CCPaymentEntry/Year'  (Root cause: com.kms.katalon.core.exception.StepFailedException: Unable to select option by label '2023' of object 'Object Repository/IWP30/Page_CCPaymentEntry/Year' 
	at com.kms.katalon.core.webui.keyword.internal.WebUIKeywordMain.stepFailed(WebUIKeywordMain.groovy:64)
	at com.kms.katalon.core.webui.keyword.internal.WebUIKeywordMain.runKeyword(WebUIKeywordMain.groovy:26)
	at com.kms.katalon.core.webui.keyword.builtin.SelectOptionByLabelKeyword.selectOptionByLabel(SelectOptionByLabelKeyword.groovy:98)
	at com.kms.katalon.core.webui.keyword.builtin.SelectOptionByLabelKeyword.execute(SelectOptionByLabelKeyword.groovy:71)
	at com.kms.katalon.core.keyword.internal.KeywordExecutor.executeKeywordForPlatform(KeywordExecutor.groovy:74)
	at com.kms.katalon.core.webui.keyword.WebUiBuiltInKeywords.selectOptionByLabel(WebUiBuiltInKeywords.groovy:1230)
	at com.kms.katalon.core.webui.keyword.WebUiBuiltInKeywords$selectOptionByLabel$7.call(Unknown Source)
	at iwpPages.ccPaymentEntryPage.setDataCCPM(ccPaymentEntryPage.groovy:252)
	at iwpPages.ccPaymentEntryPage.invokeMethod(ccPaymentEntryPage.groovy)
	at com.kms.katalon.core.main.CustomKeywordDelegatingMetaClass.invokeStaticMethod(CustomKeywordDelegatingMetaClass.java:55)
	at Misc.run(Misc:85)
	at com.kms.katalon.core.main.ScriptEngine.run(ScriptEngine.java:194)
	at com.kms.katalon.core.main.ScriptEngine.runScriptAsRawText(ScriptEngine.java:119)
	at com.kms.katalon.core.main.TestCaseExecutor.runScript(TestCaseExecutor.java:448)
	at com.kms.katalon.core.main.TestCaseExecutor.doExecute(TestCaseExecutor.java:439)
	at com.kms.katalon.core.main.TestCaseExecutor.processExecutionPhase(TestCaseExecutor.java:418)
	at com.kms.katalon.core.main.TestCaseExecutor.accessMainPhase(TestCaseExecutor.java:410)
	at com.kms.katalon.core.main.TestCaseExecutor.execute(TestCaseExecutor.java:285)
	at com.kms.katalon.core.common.CommonExecutor.accessTestCaseMainPhase(CommonExecutor.java:65)
	at com.kms.katalon.core.main.TestSuiteExecutor.accessTestSuiteMainPhase(TestSuiteExecutor.java:148)
	at com.kms.katalon.core.main.TestSuiteExecutor.execute(TestSuiteExecutor.java:106)
	at com.kms.katalon.core.main.TestCaseMain.startTestSuite(TestCaseMain.java:187)
	at com.kms.katalon.core.main.TestCaseMain$startTestSuite$0.call(Unknown Source)
	at TempTestSuite1715800219174.run(TempTestSuite1715800219174.groovy:35)
Caused by: org.openqa.selenium.NoSuchElementException: Cannot locate element with text: 2023
For documentation on this error, please visit: https://www.seleniumhq.org/exceptions/no_such_element.html
Build info: version: '3.141.59', revision: 'e82be7d358', time: '2018-11-14T08:25:53'
System info: host: 'DESKTOP-B2QI6NS', ip: '172.31.253.185', os.name: 'Windows 10', os.arch: 'amd64', os.version: '10.0', java.version: '1.8.0_181'
Driver info: driver.version: unknown
	at org.openqa.selenium.support.ui.Select.selectByVisibleText(Select.java:147)
	at com.kms.katalon.core.webui.common.WebUiCommonHelper.selectOrDeselectOptionsByLabel(WebUiCommonHelper.java:310)
	at com.kms.katalon.core.webui.keyword.builtin.SelectOptionByLabelKeyword$_selectOptionByLabel_closure1.doCall(SelectOptionByLabelKeyword.groovy:87)
	at com.kms.katalon.core.webui.keyword.builtin.SelectOptionByLabelKeyword$_selectOptionByLabel_closure1.call(SelectOptionByLabelKeyword.groovy)
	at com.kms.katalon.core.webui.keyword.internal.WebUIKeywordMain.runKeyword(WebUIKeywordMain.groovy:20)
	at com.kms.katalon.core.webui.keyword.builtin.SelectOptionByLabelKeyword.selectOptionByLabel(SelectOptionByLabelKeyword.groovy:98)
	at com.kms.katalon.core.webui.keyword.builtin.SelectOptionByLabelKeyword.execute(SelectOptionByLabelKeyword.groovy:71)
	at com.kms.katalon.core.keyword.internal.KeywordExecutor.executeKeywordForPlatform(KeywordExecutor.groovy:74)
	at com.kms.katalon.core.webui.keyword.WebUiBuiltInKeywords.selectOptionByLabel(WebUiBuiltInKeywords.groovy:1230)
	at com.kms.katalon.core.webui.keyword.WebUiBuiltInKeywords$selectOptionByLabel$7.call(Unknown Source)
	at iwpPages.ccPaymentEntryPage.setDataCCPM(ccPaymentEntryPage.groovy:252)
	at iwpPages.ccPaymentEntryPage.invokeMethod(ccPaymentEntryPage.groovy)
	at com.kms.katalon.core.main.CustomKeywordDelegatingMetaClass.invokeStaticMethod(CustomKeywordDelegatingMetaClass.java:55)
	at Script1593488051730.run(Script1593488051730.groovy:85)
	... 13 more
)

2024-05-15 15:55:38 - [MESSAGE][PASSED] - Object 'Object Repository/IWP30/Page_CCPaymentEntry/Name' is present

2024-05-15 15:55:39 - [MESSAGE][PASSED] - Object 'Object Repository/IWP30/Page_CCPaymentEntry/Amount' is present

2024-05-15 15:55:39 - [MESSAGE][PASSED] - Text '20.50' is set on object 'Object Repository/IWP30/Page_CCPaymentEntry/Amount'

2024-05-15 15:55:40 - [MESSAGE][PASSED] - Object 'Object Repository/IWP30/Page_CCPaymentEntry/UserDefined2' is present

2024-05-15 15:55:40 - [MESSAGE][PASSED] - Text 'Number 2' is set on object 'Object Repository/IWP30/Page_CCPaymentEntry/UserDefined2'

2024-05-15 15:55:41 - [MESSAGE][PASSED] - Object 'Object Repository/IWP30/Page_CCPaymentEntry/UserDefined3' is present

2024-05-15 15:55:41 - [MESSAGE][PASSED] - Text 'Number 3' is set on object 'Object Repository/IWP30/Page_CCPaymentEntry/UserDefined3'

2024-05-15 15:55:42 - [MESSAGE][PASSED] - Object 'Object Repository/IWP30/Page_CCPaymentEntry/UserDefined7' is present

2024-05-15 15:55:42 - [MESSAGE][PASSED] - All options with label 'Orange' are selected in object 'Object Repository/IWP30/Page_CCPaymentEntry/UserDefined7' 

2024-05-15 15:55:43 - [MESSAGE][PASSED] - Object 'Object Repository/IWP30/Page_CCPaymentEntry/UserDefined8' is present

2024-05-15 15:55:43 - [MESSAGE][PASSED] - All options with label 'Tennis' are selected in object 'Object Repository/IWP30/Page_CCPaymentEntry/UserDefined8' 

2024-05-15 15:55:43 - [MESSAGE][PASSED] - Object 'Object Repository/IWP30/Page_CCPaymentEntry/Name' is present

2024-05-15 15:55:44 - [MESSAGE][PASSED] - Text 'Mera Naam' is set on object 'Object Repository/IWP30/Page_CCPaymentEntry/Name'

2024-05-15 15:55:44 - [MESSAGE][PASSED] - Object 'Object Repository/IWP30/Page_CCPaymentEntry/CardNumber' is present

2024-05-15 15:55:45 - [MESSAGE][PASSED] - Text '5424000000000015' is set on object 'Object Repository/IWP30/Page_CCPaymentEntry/CardNumber'

2024-05-15 15:55:45 - [MESSAGE][PASSED] - Object 'Object Repository/IWP30/Page_CCPaymentEntry/SPC' is present

2024-05-15 15:55:46 - [MESSAGE][PASSED] - Text '123' is set on object 'Object Repository/IWP30/Page_CCPaymentEntry/SPC'

2024-05-15 15:55:46 - [MESSAGE][PASSED] - Object 'Object Repository/IWP30/Page_CCPaymentEntry/Month' is present

2024-05-15 15:55:47 - [MESSAGE][PASSED] - All options with label '09' are selected in object 'Object Repository/IWP30/Page_CCPaymentEntry/Month' 

2024-05-15 15:55:47 - [MESSAGE][PASSED] - Object 'Object Repository/IWP30/Page_CCPaymentEntry/Year' is present

2024-05-15 15:55:48 - [MESSAGE][FAILED] - Unable to select option by label '2023' of object 'Object Repository/IWP30/Page_CCPaymentEntry/Year'  (Root cause: com.kms.katalon.core.exception.StepFailedException: Unable to select option by label '2023' of object 'Object Repository/IWP30/Page_CCPaymentEntry/Year' 
	at com.kms.katalon.core.webui.keyword.internal.WebUIKeywordMain.stepFailed(WebUIKeywordMain.groovy:64)
	at com.kms.katalon.core.webui.keyword.internal.WebUIKeywordMain.runKeyword(WebUIKeywordMain.groovy:26)
	at com.kms.katalon.core.webui.keyword.builtin.SelectOptionByLabelKeyword.selectOptionByLabel(SelectOptionByLabelKeyword.groovy:98)
	at com.kms.katalon.core.webui.keyword.builtin.SelectOptionByLabelKeyword.execute(SelectOptionByLabelKeyword.groovy:71)
	at com.kms.katalon.core.keyword.internal.KeywordExecutor.executeKeywordForPlatform(KeywordExecutor.groovy:74)
	at com.kms.katalon.core.webui.keyword.WebUiBuiltInKeywords.selectOptionByLabel(WebUiBuiltInKeywords.groovy:1230)
	at com.kms.katalon.core.webui.keyword.WebUiBuiltInKeywords$selectOptionByLabel$7.call(Unknown Source)
	at iwpPages.ccPaymentEntryPage.setDataCCPM(ccPaymentEntryPage.groovy:252)
	at iwpPages.ccPaymentEntryPage.invokeMethod(ccPaymentEntryPage.groovy)
	at com.kms.katalon.core.main.CustomKeywordDelegatingMetaClass.invokeStaticMethod(CustomKeywordDelegatingMetaClass.java:55)
	at Misc.run(Misc:85)
	at com.kms.katalon.core.main.ScriptEngine.run(ScriptEngine.java:194)
	at com.kms.katalon.core.main.ScriptEngine.runScriptAsRawText(ScriptEngine.java:119)
	at com.kms.katalon.core.main.TestCaseExecutor.runScript(TestCaseExecutor.java:448)
	at com.kms.katalon.core.main.TestCaseExecutor.doExecute(TestCaseExecutor.java:439)
	at com.kms.katalon.core.main.TestCaseExecutor.processExecutionPhase(TestCaseExecutor.java:418)
	at com.kms.katalon.core.main.TestCaseExecutor.accessMainPhase(TestCaseExecutor.java:410)
	at com.kms.katalon.core.main.TestCaseExecutor.execute(TestCaseExecutor.java:285)
	at com.kms.katalon.core.common.CommonExecutor.accessTestCaseMainPhase(CommonExecutor.java:65)
	at com.kms.katalon.core.main.TestSuiteExecutor.accessTestSuiteMainPhase(TestSuiteExecutor.java:148)
	at com.kms.katalon.core.main.TestSuiteExecutor.execute(TestSuiteExecutor.java:106)
	at com.kms.katalon.core.main.TestCaseMain.startTestSuite(TestCaseMain.java:187)
	at com.kms.katalon.core.main.TestCaseMain$startTestSuite$0.call(Unknown Source)
	at TempTestSuite1715800219174.run(TempTestSuite1715800219174.groovy:35)
Caused by: org.openqa.selenium.NoSuchElementException: Cannot locate element with text: 2023
For documentation on this error, please visit: https://www.seleniumhq.org/exceptions/no_such_element.html
Build info: version: '3.141.59', revision: 'e82be7d358', time: '2018-11-14T08:25:53'
System info: host: 'DESKTOP-B2QI6NS', ip: '172.31.253.185', os.name: 'Windows 10', os.arch: 'amd64', os.version: '10.0', java.version: '1.8.0_181'
Driver info: driver.version: unknown
	at org.openqa.selenium.support.ui.Select.selectByVisibleText(Select.java:147)
	at com.kms.katalon.core.webui.common.WebUiCommonHelper.selectOrDeselectOptionsByLabel(WebUiCommonHelper.java:310)
	at com.kms.katalon.core.webui.keyword.builtin.SelectOptionByLabelKeyword$_selectOptionByLabel_closure1.doCall(SelectOptionByLabelKeyword.groovy:87)
	at com.kms.katalon.core.webui.keyword.builtin.SelectOptionByLabelKeyword$_selectOptionByLabel_closure1.call(SelectOptionByLabelKeyword.groovy)
	at com.kms.katalon.core.webui.keyword.internal.WebUIKeywordMain.runKeyword(WebUIKeywordMain.groovy:20)
	at com.kms.katalon.core.webui.keyword.builtin.SelectOptionByLabelKeyword.selectOptionByLabel(SelectOptionByLabelKeyword.groovy:98)
	at com.kms.katalon.core.webui.keyword.builtin.SelectOptionByLabelKeyword.execute(SelectOptionByLabelKeyword.groovy:71)
	at com.kms.katalon.core.keyword.internal.KeywordExecutor.executeKeywordForPlatform(KeywordExecutor.groovy:74)
	at com.kms.katalon.core.webui.keyword.WebUiBuiltInKeywords.selectOptionByLabel(WebUiBuiltInKeywords.groovy:1230)
	at com.kms.katalon.core.webui.keyword.WebUiBuiltInKeywords$selectOptionByLabel$7.call(Unknown Source)
	at iwpPages.ccPaymentEntryPage.setDataCCPM(ccPaymentEntryPage.groovy:252)
	at iwpPages.ccPaymentEntryPage.invokeMethod(ccPaymentEntryPage.groovy)
	at com.kms.katalon.core.main.CustomKeywordDelegatingMetaClass.invokeStaticMethod(CustomKeywordDelegatingMetaClass.java:55)
	at Script1593488051730.run(Script1593488051730.groovy:85)
	... 13 more
)
[[ATTACHMENT|E:\\Cloned-Project-Katalon\\VPS-Katalon\\Reports\\20240515_151019\\QA\\IWP3.0\\IWP30 Smoke TestSuite\\20240515_151019\\1715802948198.png]]

2024-05-15 15:55:49 - [MESSAGE][PASSED] - Object 'Object Repository/IWP30/Page_CCPaymentEntry/ProcessDate' is present

2024-05-15 15:55:49 - [MESSAGE][PASSED] - Object 'Object Repository/IWP30/Page_CCPaymentEntry/AL1' is present

2024-05-15 15:55:50 - [MESSAGE][PASSED] - Text 'Mera AL1' is set on object 'Object Repository/IWP30/Page_CCPaymentEntry/AL1'

2024-05-15 15:55:50 - [MESSAGE][PASSED] - Object 'Object Repository/IWP30/Page_CCPaymentEntry/AL2' is present

2024-05-15 15:55:51 - [MESSAGE][PASSED] - Text 'Mera AL2' is set on object 'Object Repository/IWP30/Page_CCPaymentEntry/AL2'

2024-05-15 15:55:51 - [MESSAGE][PASSED] - Object 'Object Repository/IWP30/Page_CCPaymentEntry/ZIP' is present

2024-05-15 15:55:52 - [MESSAGE][PASSED] - Text '21054' is set on object 'Object Repository/IWP30/Page_CCPaymentEntry/ZIP'

2024-05-15 15:55:52 - [MESSAGE][PASSED] - Object 'Object Repository/IWP30/Page_CCPaymentEntry/EmailAddress' is present

2024-05-15 15:55:53 - [MESSAGE][PASSED] - Text 'merae@gmail.com' is set on object 'Object Repository/IWP30/Page_CCPaymentEntry/EmailAddress'

2024-05-15 15:55:53 - [MESSAGE][PASSED] - Object 'Object Repository/IWP30/Page_CCPaymentEntry/TermCondCheckBox' is present

2024-05-15 15:55:53 - [MESSAGE][PASSED] - Object 'Object Repository/IWP30/Page_CCPaymentEntry/TermCondCheckBox' is checked

2024-05-15 15:55:54 - [MESSAGE][PASSED] - Object 'Object Repository/IWP30/Page_CCPaymentEntry/ContinueButton' is present

2024-05-15 15:55:55 - [MESSAGE][PASSED] - Object: 'Object Repository/IWP30/Page_CCPaymentEntry/ContinueButton' is clicked on

2024-05-15 15:55:55 - [MESSAGE][FAILED] - com.kms.katalon.core.exception.StepFailedException: Unable to select option by label '2023' of object 'Object Repository/IWP30/Page_CCPaymentEntry/Year'  (Root cause: com.kms.katalon.core.exception.StepFailedException: Unable to select option by label '2023' of object 'Object Repository/IWP30/Page_CCPaymentEntry/Year' 
	at com.kms.katalon.core.webui.keyword.internal.WebUIKeywordMain.stepFailed(WebUIKeywordMain.groovy:64)
	at com.kms.katalon.core.webui.keyword.internal.WebUIKeywordMain.runKeyword(WebUIKeywordMain.groovy:26)
	at com.kms.katalon.core.webui.keyword.builtin.SelectOptionByLabelKeyword.selectOptionByLabel(SelectOptionByLabelKeyword.groovy:98)
	at com.kms.katalon.core.webui.keyword.builtin.SelectOptionByLabelKeyword.execute(SelectOptionByLabelKeyword.groovy:71)
	at com.kms.katalon.core.keyword.internal.KeywordExecutor.executeKeywordForPlatform(KeywordExecutor.groovy:74)
	at com.kms.katalon.core.webui.keyword.WebUiBuiltInKeywords.selectOptionByLabel(WebUiBuiltInKeywords.groovy:1230)
	at com.kms.katalon.core.webui.keyword.WebUiBuiltInKeywords$selectOptionByLabel$7.call(Unknown Source)
	at iwpPages.ccPaymentEntryPage.setDataCCPM(ccPaymentEntryPage.groovy:252)
	at iwpPages.ccPaymentEntryPage.invokeMethod(ccPaymentEntryPage.groovy)
	at com.kms.katalon.core.main.CustomKeywordDelegatingMetaClass.invokeStaticMethod(CustomKeywordDelegatingMetaClass.java:55)
	at Misc.run(Misc:85)
	at com.kms.katalon.core.main.ScriptEngine.run(ScriptEngine.java:194)
	at com.kms.katalon.core.main.ScriptEngine.runScriptAsRawText(ScriptEngine.java:119)
	at com.kms.katalon.core.main.TestCaseExecutor.runScript(TestCaseExecutor.java:448)
	at com.kms.katalon.core.main.TestCaseExecutor.doExecute(TestCaseExecutor.java:439)
	at com.kms.katalon.core.main.TestCaseExecutor.processExecutionPhase(TestCaseExecutor.java:418)
	at com.kms.katalon.core.main.TestCaseExecutor.accessMainPhase(TestCaseExecutor.java:410)
	at com.kms.katalon.core.main.TestCaseExecutor.execute(TestCaseExecutor.java:285)
	at com.kms.katalon.core.common.CommonExecutor.accessTestCaseMainPhase(CommonExecutor.java:65)
	at com.kms.katalon.core.main.TestSuiteExecutor.accessTestSuiteMainPhase(TestSuiteExecutor.java:148)
	at com.kms.katalon.core.main.TestSuiteExecutor.execute(TestSuiteExecutor.java:106)
	at com.kms.katalon.core.main.TestCaseMain.startTestSuite(TestCaseMain.java:187)
	at com.kms.katalon.core.main.TestCaseMain$startTestSuite$0.call(Unknown Source)
	at TempTestSuite1715800219174.run(TempTestSuite1715800219174.groovy:35)
Caused by: org.openqa.selenium.NoSuchElementException: Cannot locate element with text: 2023
For documentation on this error, please visit: https://www.seleniumhq.org/exceptions/no_such_element.html
Build info: version: '3.141.59', revision: 'e82be7d358', time: '2018-11-14T08:25:53'
System info: host: 'DESKTOP-B2QI6NS', ip: '172.31.253.185', os.name: 'Windows 10', os.arch: 'amd64', os.version: '10.0', java.version: '1.8.0_181'
Driver info: driver.version: unknown
	at org.openqa.selenium.support.ui.Select.selectByVisibleText(Select.java:147)
	at com.kms.katalon.core.webui.common.WebUiCommonHelper.selectOrDeselectOptionsByLabel(WebUiCommonHelper.java:310)
	at com.kms.katalon.core.webui.keyword.builtin.SelectOptionByLabelKeyword$_selectOptionByLabel_closure1.doCall(SelectOptionByLabelKeyword.groovy:87)
	at com.kms.katalon.core.webui.keyword.builtin.SelectOptionByLabelKeyword$_selectOptionByLabel_closure1.call(SelectOptionByLabelKeyword.groovy)
	at com.kms.katalon.core.webui.keyword.internal.WebUIKeywordMain.runKeyword(WebUIKeywordMain.groovy:20)
	at com.kms.katalon.core.webui.keyword.builtin.SelectOptionByLabelKeyword.selectOptionByLabel(SelectOptionByLabelKeyword.groovy:98)
	at com.kms.katalon.core.webui.keyword.builtin.SelectOptionByLabelKeyword.execute(SelectOptionByLabelKeyword.groovy:71)
	at com.kms.katalon.core.keyword.internal.KeywordExecutor.executeKeywordForPlatform(KeywordExecutor.groovy:74)
	at com.kms.katalon.core.webui.keyword.WebUiBuiltInKeywords.selectOptionByLabel(WebUiBuiltInKeywords.groovy:1230)
	at com.kms.katalon.core.webui.keyword.WebUiBuiltInKeywords$selectOptionByLabel$7.call(Unknown Source)
	at iwpPages.ccPaymentEntryPage.setDataCCPM(ccPaymentEntryPage.groovy:252)
	at iwpPages.ccPaymentEntryPage.invokeMethod(ccPaymentEntryPage.groovy)
	at com.kms.katalon.core.main.CustomKeywordDelegatingMetaClass.invokeStaticMethod(CustomKeywordDelegatingMetaClass.java:55)
	at Script1593488051730.run(Script1593488051730.groovy:85)
	... 13 more
)

2024-05-15 15:55:55 - [TEST_STEP][FAILED] - if (verifyTextPresent("Please verify the following information", false)): Text 'Please verify the following information' is not present on page  (Root cause: com.kms.katalon.core.exception.StepFailedException: Text 'Please verify the following information' is not present on page 
	at com.kms.katalon.core.webui.keyword.internal.WebUIKeywordMain.stepFailed(WebUIKeywordMain.groovy:64)
	at com.kms.katalon.core.webui.keyword.builtin.VerifyTextPresentKeyword$_verifyTextPresent_closure1.doCall(VerifyTextPresentKeyword.groovy:79)
	at com.kms.katalon.core.webui.keyword.builtin.VerifyTextPresentKeyword$_verifyTextPresent_closure1.call(VerifyTextPresentKeyword.groovy)
	at com.kms.katalon.core.webui.keyword.internal.WebUIKeywordMain.runKeyword(WebUIKeywordMain.groovy:20)
	at com.kms.katalon.core.webui.keyword.builtin.VerifyTextPresentKeyword.verifyTextPresent(VerifyTextPresentKeyword.groovy:83)
	at com.kms.katalon.core.webui.keyword.builtin.VerifyTextPresentKeyword.execute(VerifyTextPresentKeyword.groovy:68)
	at com.kms.katalon.core.keyword.internal.KeywordExecutor.executeKeywordForPlatform(KeywordExecutor.groovy:74)
	at com.kms.katalon.core.webui.keyword.WebUiBuiltInKeywords.verifyTextPresent(WebUiBuiltInKeywords.groovy:1723)
	at com.kms.katalon.core.webui.keyword.WebUiBuiltInKeywords$verifyTextPresent$8.call(Unknown Source)
	at Misc.run(Misc:92)
	at com.kms.katalon.core.main.ScriptEngine.run(ScriptEngine.java:194)
	at com.kms.katalon.core.main.ScriptEngine.runScriptAsRawText(ScriptEngine.java:119)
	at com.kms.katalon.core.main.TestCaseExecutor.runScript(TestCaseExecutor.java:448)
	at com.kms.katalon.core.main.TestCaseExecutor.doExecute(TestCaseExecutor.java:439)
	at com.kms.katalon.core.main.TestCaseExecutor.processExecutionPhase(TestCaseExecutor.java:418)
	at com.kms.katalon.core.main.TestCaseExecutor.accessMainPhase(TestCaseExecutor.java:410)
	at com.kms.katalon.core.main.TestCaseExecutor.execute(TestCaseExecutor.java:285)
	at com.kms.katalon.core.common.CommonExecutor.accessTestCaseMainPhase(CommonExecutor.java:65)
	at com.kms.katalon.core.main.TestSuiteExecutor.accessTestSuiteMainPhase(TestSuiteExecutor.java:148)
	at com.kms.katalon.core.main.TestSuiteExecutor.execute(TestSuiteExecutor.java:106)
	at com.kms.katalon.core.main.TestCaseMain.startTestSuite(TestCaseMain.java:187)
	at com.kms.katalon.core.main.TestCaseMain$startTestSuite$0.call(Unknown Source)
	at TempTestSuite1715800219174.run(TempTestSuite1715800219174.groovy:35)
)

2024-05-15 15:55:55 - [MESSAGE][FAILED] - Text 'Please verify the following information' is not present on page  (Root cause: com.kms.katalon.core.exception.StepFailedException: Text 'Please verify the following information' is not present on page 
	at com.kms.katalon.core.webui.keyword.internal.WebUIKeywordMain.stepFailed(WebUIKeywordMain.groovy:64)
	at com.kms.katalon.core.webui.keyword.builtin.VerifyTextPresentKeyword$_verifyTextPresent_closure1.doCall(VerifyTextPresentKeyword.groovy:79)
	at com.kms.katalon.core.webui.keyword.builtin.VerifyTextPresentKeyword$_verifyTextPresent_closure1.call(VerifyTextPresentKeyword.groovy)
	at com.kms.katalon.core.webui.keyword.internal.WebUIKeywordMain.runKeyword(WebUIKeywordMain.groovy:20)
	at com.kms.katalon.core.webui.keyword.builtin.VerifyTextPresentKeyword.verifyTextPresent(VerifyTextPresentKeyword.groovy:83)
	at com.kms.katalon.core.webui.keyword.builtin.VerifyTextPresentKeyword.execute(VerifyTextPresentKeyword.groovy:68)
	at com.kms.katalon.core.keyword.internal.KeywordExecutor.executeKeywordForPlatform(KeywordExecutor.groovy:74)
	at com.kms.katalon.core.webui.keyword.WebUiBuiltInKeywords.verifyTextPresent(WebUiBuiltInKeywords.groovy:1723)
	at com.kms.katalon.core.webui.keyword.WebUiBuiltInKeywords$verifyTextPresent$8.call(Unknown Source)
	at Misc.run(Misc:92)
	at com.kms.katalon.core.main.ScriptEngine.run(ScriptEngine.java:194)
	at com.kms.katalon.core.main.ScriptEngine.runScriptAsRawText(ScriptEngine.java:119)
	at com.kms.katalon.core.main.TestCaseExecutor.runScript(TestCaseExecutor.java:448)
	at com.kms.katalon.core.main.TestCaseExecutor.doExecute(TestCaseExecutor.java:439)
	at com.kms.katalon.core.main.TestCaseExecutor.processExecutionPhase(TestCaseExecutor.java:418)
	at com.kms.katalon.core.main.TestCaseExecutor.accessMainPhase(TestCaseExecutor.java:410)
	at com.kms.katalon.core.main.TestCaseExecutor.execute(TestCaseExecutor.java:285)
	at com.kms.katalon.core.common.CommonExecutor.accessTestCaseMainPhase(CommonExecutor.java:65)
	at com.kms.katalon.core.main.TestSuiteExecutor.accessTestSuiteMainPhase(TestSuiteExecutor.java:148)
	at com.kms.katalon.core.main.TestSuiteExecutor.execute(TestSuiteExecutor.java:106)
	at com.kms.katalon.core.main.TestCaseMain.startTestSuite(TestCaseMain.java:187)
	at com.kms.katalon.core.main.TestCaseMain$startTestSuite$0.call(Unknown Source)
	at TempTestSuite1715800219174.run(TempTestSuite1715800219174.groovy:35)
)

2024-05-15 15:55:55 - [TEST_STEP][PASSED] - else: null

2024-05-15 15:55:55 - [TEST_STEP][FAILED] - if (verifyTextPresent("Is this information correct?", false)): Text 'Is this information correct?' is not present on page  (Root cause: com.kms.katalon.core.exception.StepFailedException: Text 'Is this information correct?' is not present on page 
	at com.kms.katalon.core.webui.keyword.internal.WebUIKeywordMain.stepFailed(WebUIKeywordMain.groovy:64)
	at com.kms.katalon.core.webui.keyword.builtin.VerifyTextPresentKeyword$_verifyTextPresent_closure1.doCall(VerifyTextPresentKeyword.groovy:79)
	at com.kms.katalon.core.webui.keyword.builtin.VerifyTextPresentKeyword$_verifyTextPresent_closure1.call(VerifyTextPresentKeyword.groovy)
	at com.kms.katalon.core.webui.keyword.internal.WebUIKeywordMain.runKeyword(WebUIKeywordMain.groovy:20)
	at com.kms.katalon.core.webui.keyword.builtin.VerifyTextPresentKeyword.verifyTextPresent(VerifyTextPresentKeyword.groovy:83)
	at com.kms.katalon.core.webui.keyword.builtin.VerifyTextPresentKeyword.execute(VerifyTextPresentKeyword.groovy:68)
	at com.kms.katalon.core.keyword.internal.KeywordExecutor.executeKeywordForPlatform(KeywordExecutor.groovy:74)
	at com.kms.katalon.core.webui.keyword.WebUiBuiltInKeywords.verifyTextPresent(WebUiBuiltInKeywords.groovy:1723)
	at com.kms.katalon.core.webui.keyword.WebUiBuiltInKeywords$verifyTextPresent$8.call(Unknown Source)
	at Misc.run(Misc:100)
	at com.kms.katalon.core.main.ScriptEngine.run(ScriptEngine.java:194)
	at com.kms.katalon.core.main.ScriptEngine.runScriptAsRawText(ScriptEngine.java:119)
	at com.kms.katalon.core.main.TestCaseExecutor.runScript(TestCaseExecutor.java:448)
	at com.kms.katalon.core.main.TestCaseExecutor.doExecute(TestCaseExecutor.java:439)
	at com.kms.katalon.core.main.TestCaseExecutor.processExecutionPhase(TestCaseExecutor.java:418)
	at com.kms.katalon.core.main.TestCaseExecutor.accessMainPhase(TestCaseExecutor.java:410)
	at com.kms.katalon.core.main.TestCaseExecutor.execute(TestCaseExecutor.java:285)
	at com.kms.katalon.core.common.CommonExecutor.accessTestCaseMainPhase(CommonExecutor.java:65)
	at com.kms.katalon.core.main.TestSuiteExecutor.accessTestSuiteMainPhase(TestSuiteExecutor.java:148)
	at com.kms.katalon.core.main.TestSuiteExecutor.execute(TestSuiteExecutor.java:106)
	at com.kms.katalon.core.main.TestCaseMain.startTestSuite(TestCaseMain.java:187)
	at com.kms.katalon.core.main.TestCaseMain$startTestSuite$0.call(Unknown Source)
	at TempTestSuite1715800219174.run(TempTestSuite1715800219174.groovy:35)
)

2024-05-15 15:55:56 - [MESSAGE][FAILED] - Text 'Is this information correct?' is not present on page  (Root cause: com.kms.katalon.core.exception.StepFailedException: Text 'Is this information correct?' is not present on page 
	at com.kms.katalon.core.webui.keyword.internal.WebUIKeywordMain.stepFailed(WebUIKeywordMain.groovy:64)
	at com.kms.katalon.core.webui.keyword.builtin.VerifyTextPresentKeyword$_verifyTextPresent_closure1.doCall(VerifyTextPresentKeyword.groovy:79)
	at com.kms.katalon.core.webui.keyword.builtin.VerifyTextPresentKeyword$_verifyTextPresent_closure1.call(VerifyTextPresentKeyword.groovy)
	at com.kms.katalon.core.webui.keyword.internal.WebUIKeywordMain.runKeyword(WebUIKeywordMain.groovy:20)
	at com.kms.katalon.core.webui.keyword.builtin.VerifyTextPresentKeyword.verifyTextPresent(VerifyTextPresentKeyword.groovy:83)
	at com.kms.katalon.core.webui.keyword.builtin.VerifyTextPresentKeyword.execute(VerifyTextPresentKeyword.groovy:68)
	at com.kms.katalon.core.keyword.internal.KeywordExecutor.executeKeywordForPlatform(KeywordExecutor.groovy:74)
	at com.kms.katalon.core.webui.keyword.WebUiBuiltInKeywords.verifyTextPresent(WebUiBuiltInKeywords.groovy:1723)
	at com.kms.katalon.core.webui.keyword.WebUiBuiltInKeywords$verifyTextPresent$8.call(Unknown Source)
	at Misc.run(Misc:100)
	at com.kms.katalon.core.main.ScriptEngine.run(ScriptEngine.java:194)
	at com.kms.katalon.core.main.ScriptEngine.runScriptAsRawText(ScriptEngine.java:119)
	at com.kms.katalon.core.main.TestCaseExecutor.runScript(TestCaseExecutor.java:448)
	at com.kms.katalon.core.main.TestCaseExecutor.doExecute(TestCaseExecutor.java:439)
	at com.kms.katalon.core.main.TestCaseExecutor.processExecutionPhase(TestCaseExecutor.java:418)
	at com.kms.katalon.core.main.TestCaseExecutor.accessMainPhase(TestCaseExecutor.java:410)
	at com.kms.katalon.core.main.TestCaseExecutor.execute(TestCaseExecutor.java:285)
	at com.kms.katalon.core.common.CommonExecutor.accessTestCaseMainPhase(CommonExecutor.java:65)
	at com.kms.katalon.core.main.TestSuiteExecutor.accessTestSuiteMainPhase(TestSuiteExecutor.java:148)
	at com.kms.katalon.core.main.TestSuiteExecutor.execute(TestSuiteExecutor.java:106)
	at com.kms.katalon.core.main.TestCaseMain.startTestSuite(TestCaseMain.java:187)
	at com.kms.katalon.core.main.TestCaseMain$startTestSuite$0.call(Unknown Source)
	at TempTestSuite1715800219174.run(TempTestSuite1715800219174.groovy:35)
)

2024-05-15 15:55:56 - [TEST_STEP][PASSED] - else: null

2024-05-15 15:55:56 - [TEST_STEP][PASSED] - println("Is this information correct text is not present on the Confirmation page"): null

2024-05-15 15:55:56 - [TEST_STEP][FAILED] - if (verifyElementPresent(findTestObject("Object Repository/IWP30/Page_Confirmation/ConfirmButton"), 30)): com.kms.katalon.core.webui.exception.WebElementNotFoundException: Web element with id: 'Object Repository/IWP30/Page_Confirmation/ConfirmButton' located by '//*[@type = 'submit' and @name = 'confirmNotifyAction' and @id = 'submitYes' and @value = 'Confirm']' not found (Root cause: com.kms.katalon.core.exception.StepFailedException: com.kms.katalon.core.webui.exception.WebElementNotFoundException: Web element with id: 'Object Repository/IWP30/Page_Confirmation/ConfirmButton' located by '//*[@type = 'submit' and @name = 'confirmNotifyAction' and @id = 'submitYes' and @value = 'Confirm']' not found
	at com.kms.katalon.core.webui.keyword.internal.WebUIKeywordMain.stepFailed(WebUIKeywordMain.groovy:64)
	at com.kms.katalon.core.webui.keyword.builtin.VerifyElementPresentKeyword$_verifyElementPresent_closure1.doCall(VerifyElementPresentKeyword.groovy:85)
	at com.kms.katalon.core.webui.keyword.builtin.VerifyElementPresentKeyword$_verifyElementPresent_closure1.call(VerifyElementPresentKeyword.groovy)
	at com.kms.katalon.core.webui.keyword.internal.WebUIKeywordMain.runKeyword(WebUIKeywordMain.groovy:20)
	at com.kms.katalon.core.webui.keyword.builtin.VerifyElementPresentKeyword.verifyElementPresent(VerifyElementPresentKeyword.groovy:92)
	at com.kms.katalon.core.webui.keyword.builtin.VerifyElementPresentKeyword.execute(VerifyElementPresentKeyword.groovy:68)
	at com.kms.katalon.core.keyword.internal.KeywordExecutor.executeKeywordForPlatform(KeywordExecutor.groovy:74)
	at com.kms.katalon.core.webui.keyword.WebUiBuiltInKeywords.verifyElementPresent(WebUiBuiltInKeywords.groovy:1464)
	at com.kms.katalon.core.webui.keyword.WebUiBuiltInKeywords$verifyElementPresent$5.call(Unknown Source)
	at Misc.run(Misc:108)
	at com.kms.katalon.core.main.ScriptEngine.run(ScriptEngine.java:194)
	at com.kms.katalon.core.main.ScriptEngine.runScriptAsRawText(ScriptEngine.java:119)
	at com.kms.katalon.core.main.TestCaseExecutor.runScript(TestCaseExecutor.java:448)
	at com.kms.katalon.core.main.TestCaseExecutor.doExecute(TestCaseExecutor.java:439)
	at com.kms.katalon.core.main.TestCaseExecutor.processExecutionPhase(TestCaseExecutor.java:418)
	at com.kms.katalon.core.main.TestCaseExecutor.accessMainPhase(TestCaseExecutor.java:410)
	at com.kms.katalon.core.main.TestCaseExecutor.execute(TestCaseExecutor.java:285)
	at com.kms.katalon.core.common.CommonExecutor.accessTestCaseMainPhase(CommonExecutor.java:65)
	at com.kms.katalon.core.main.TestSuiteExecutor.accessTestSuiteMainPhase(TestSuiteExecutor.java:148)
	at com.kms.katalon.core.main.TestSuiteExecutor.execute(TestSuiteExecutor.java:106)
	at com.kms.katalon.core.main.TestCaseMain.startTestSuite(TestCaseMain.java:187)
	at com.kms.katalon.core.main.TestCaseMain$startTestSuite$0.call(Unknown Source)
	at TempTestSuite1715800219174.run(TempTestSuite1715800219174.groovy:35)
)

2024-05-15 15:56:27 - [MESSAGE][INFO] - Unable to find the element located by 'By.xpath: //*[@type = 'submit' and @name = 'confirmNotifyAction' and @id = 'submitYes' and @value = 'Confirm']'. Please recheck the objects properties to make sure the desired element is located. 

2024-05-15 15:56:28 - [MESSAGE][FAILED] - com.kms.katalon.core.webui.exception.WebElementNotFoundException: Web element with id: 'Object Repository/IWP30/Page_Confirmation/ConfirmButton' located by '//*[@type = 'submit' and @name = 'confirmNotifyAction' and @id = 'submitYes' and @value = 'Confirm']' not found (Root cause: com.kms.katalon.core.exception.StepFailedException: com.kms.katalon.core.webui.exception.WebElementNotFoundException: Web element with id: 'Object Repository/IWP30/Page_Confirmation/ConfirmButton' located by '//*[@type = 'submit' and @name = 'confirmNotifyAction' and @id = 'submitYes' and @value = 'Confirm']' not found
	at com.kms.katalon.core.webui.keyword.internal.WebUIKeywordMain.stepFailed(WebUIKeywordMain.groovy:64)
	at com.kms.katalon.core.webui.keyword.builtin.VerifyElementPresentKeyword$_verifyElementPresent_closure1.doCall(VerifyElementPresentKeyword.groovy:85)
	at com.kms.katalon.core.webui.keyword.builtin.VerifyElementPresentKeyword$_verifyElementPresent_closure1.call(VerifyElementPresentKeyword.groovy)
	at com.kms.katalon.core.webui.keyword.internal.WebUIKeywordMain.runKeyword(WebUIKeywordMain.groovy:20)
	at com.kms.katalon.core.webui.keyword.builtin.VerifyElementPresentKeyword.verifyElementPresent(VerifyElementPresentKeyword.groovy:92)
	at com.kms.katalon.core.webui.keyword.builtin.VerifyElementPresentKeyword.execute(VerifyElementPresentKeyword.groovy:68)
	at com.kms.katalon.core.keyword.internal.KeywordExecutor.executeKeywordForPlatform(KeywordExecutor.groovy:74)
	at com.kms.katalon.core.webui.keyword.WebUiBuiltInKeywords.verifyElementPresent(WebUiBuiltInKeywords.groovy:1464)
	at com.kms.katalon.core.webui.keyword.WebUiBuiltInKeywords$verifyElementPresent$5.call(Unknown Source)
	at Misc.run(Misc:108)
	at com.kms.katalon.core.main.ScriptEngine.run(ScriptEngine.java:194)
	at com.kms.katalon.core.main.ScriptEngine.runScriptAsRawText(ScriptEngine.java:119)
	at com.kms.katalon.core.main.TestCaseExecutor.runScript(TestCaseExecutor.java:448)
	at com.kms.katalon.core.main.TestCaseExecutor.doExecute(TestCaseExecutor.java:439)
	at com.kms.katalon.core.main.TestCaseExecutor.processExecutionPhase(TestCaseExecutor.java:418)
	at com.kms.katalon.core.main.TestCaseExecutor.accessMainPhase(TestCaseExecutor.java:410)
	at com.kms.katalon.core.main.TestCaseExecutor.execute(TestCaseExecutor.java:285)
	at com.kms.katalon.core.common.CommonExecutor.accessTestCaseMainPhase(CommonExecutor.java:65)
	at com.kms.katalon.core.main.TestSuiteExecutor.accessTestSuiteMainPhase(TestSuiteExecutor.java:148)
	at com.kms.katalon.core.main.TestSuiteExecutor.execute(TestSuiteExecutor.java:106)
	at com.kms.katalon.core.main.TestCaseMain.startTestSuite(TestCaseMain.java:187)
	at com.kms.katalon.core.main.TestCaseMain$startTestSuite$0.call(Unknown Source)
	at TempTestSuite1715800219174.run(TempTestSuite1715800219174.groovy:35)
)
[[ATTACHMENT|E:\\Cloned-Project-Katalon\\VPS-Katalon\\Reports\\20240515_151019\\QA\\IWP3.0\\IWP30 Smoke TestSuite\\20240515_151019\\1715802987537.png]]

2024-05-15 15:56:28 - [TEST_STEP][PASSED] - else: null

2024-05-15 15:56:28 - [TEST_STEP][PASSED] - println("Confirm button is missing on the Confirmation page"): null

2024-05-15 15:56:28 - [TEST_STEP][PASSED] - Thread.sleep(10000): null

2024-05-15 15:56:38 - [TEST_STEP][FAILED] - if (verifyTextPresent("Successful Payment Receipt", false)): Text 'Successful Payment Receipt' is not present on page  (Root cause: com.kms.katalon.core.exception.StepFailedException: Text 'Successful Payment Receipt' is not present on page 
	at com.kms.katalon.core.webui.keyword.internal.WebUIKeywordMain.stepFailed(WebUIKeywordMain.groovy:64)
	at com.kms.katalon.core.webui.keyword.builtin.VerifyTextPresentKeyword$_verifyTextPresent_closure1.doCall(VerifyTextPresentKeyword.groovy:79)
	at com.kms.katalon.core.webui.keyword.builtin.VerifyTextPresentKeyword$_verifyTextPresent_closure1.call(VerifyTextPresentKeyword.groovy)
	at com.kms.katalon.core.webui.keyword.internal.WebUIKeywordMain.runKeyword(WebUIKeywordMain.groovy:20)
	at com.kms.katalon.core.webui.keyword.builtin.VerifyTextPresentKeyword.verifyTextPresent(VerifyTextPresentKeyword.groovy:83)
	at com.kms.katalon.core.webui.keyword.builtin.VerifyTextPresentKeyword.execute(VerifyTextPresentKeyword.groovy:68)
	at com.kms.katalon.core.keyword.internal.KeywordExecutor.executeKeywordForPlatform(KeywordExecutor.groovy:74)
	at com.kms.katalon.core.webui.keyword.WebUiBuiltInKeywords.verifyTextPresent(WebUiBuiltInKeywords.groovy:1723)
	at com.kms.katalon.core.webui.keyword.WebUiBuiltInKeywords$verifyTextPresent$8.call(Unknown Source)
	at Misc.run(Misc:123)
	at com.kms.katalon.core.main.ScriptEngine.run(ScriptEngine.java:194)
	at com.kms.katalon.core.main.ScriptEngine.runScriptAsRawText(ScriptEngine.java:119)
	at com.kms.katalon.core.main.TestCaseExecutor.runScript(TestCaseExecutor.java:448)
	at com.kms.katalon.core.main.TestCaseExecutor.doExecute(TestCaseExecutor.java:439)
	at com.kms.katalon.core.main.TestCaseExecutor.processExecutionPhase(TestCaseExecutor.java:418)
	at com.kms.katalon.core.main.TestCaseExecutor.accessMainPhase(TestCaseExecutor.java:410)
	at com.kms.katalon.core.main.TestCaseExecutor.execute(TestCaseExecutor.java:285)
	at com.kms.katalon.core.common.CommonExecutor.accessTestCaseMainPhase(CommonExecutor.java:65)
	at com.kms.katalon.core.main.TestSuiteExecutor.accessTestSuiteMainPhase(TestSuiteExecutor.java:148)
	at com.kms.katalon.core.main.TestSuiteExecutor.execute(TestSuiteExecutor.java:106)
	at com.kms.katalon.core.main.TestCaseMain.startTestSuite(TestCaseMain.java:187)
	at com.kms.katalon.core.main.TestCaseMain$startTestSuite$0.call(Unknown Source)
	at TempTestSuite1715800219174.run(TempTestSuite1715800219174.groovy:35)
)

2024-05-15 15:56:38 - [MESSAGE][FAILED] - Text 'Successful Payment Receipt' is not present on page  (Root cause: com.kms.katalon.core.exception.StepFailedException: Text 'Successful Payment Receipt' is not present on page 
	at com.kms.katalon.core.webui.keyword.internal.WebUIKeywordMain.stepFailed(WebUIKeywordMain.groovy:64)
	at com.kms.katalon.core.webui.keyword.builtin.VerifyTextPresentKeyword$_verifyTextPresent_closure1.doCall(VerifyTextPresentKeyword.groovy:79)
	at com.kms.katalon.core.webui.keyword.builtin.VerifyTextPresentKeyword$_verifyTextPresent_closure1.call(VerifyTextPresentKeyword.groovy)
	at com.kms.katalon.core.webui.keyword.internal.WebUIKeywordMain.runKeyword(WebUIKeywordMain.groovy:20)
	at com.kms.katalon.core.webui.keyword.builtin.VerifyTextPresentKeyword.verifyTextPresent(VerifyTextPresentKeyword.groovy:83)
	at com.kms.katalon.core.webui.keyword.builtin.VerifyTextPresentKeyword.execute(VerifyTextPresentKeyword.groovy:68)
	at com.kms.katalon.core.keyword.internal.KeywordExecutor.executeKeywordForPlatform(KeywordExecutor.groovy:74)
	at com.kms.katalon.core.webui.keyword.WebUiBuiltInKeywords.verifyTextPresent(WebUiBuiltInKeywords.groovy:1723)
	at com.kms.katalon.core.webui.keyword.WebUiBuiltInKeywords$verifyTextPresent$8.call(Unknown Source)
	at Misc.run(Misc:123)
	at com.kms.katalon.core.main.ScriptEngine.run(ScriptEngine.java:194)
	at com.kms.katalon.core.main.ScriptEngine.runScriptAsRawText(ScriptEngine.java:119)
	at com.kms.katalon.core.main.TestCaseExecutor.runScript(TestCaseExecutor.java:448)
	at com.kms.katalon.core.main.TestCaseExecutor.doExecute(TestCaseExecutor.java:439)
	at com.kms.katalon.core.main.TestCaseExecutor.processExecutionPhase(TestCaseExecutor.java:418)
	at com.kms.katalon.core.main.TestCaseExecutor.accessMainPhase(TestCaseExecutor.java:410)
	at com.kms.katalon.core.main.TestCaseExecutor.execute(TestCaseExecutor.java:285)
	at com.kms.katalon.core.common.CommonExecutor.accessTestCaseMainPhase(CommonExecutor.java:65)
	at com.kms.katalon.core.main.TestSuiteExecutor.accessTestSuiteMainPhase(TestSuiteExecutor.java:148)
	at com.kms.katalon.core.main.TestSuiteExecutor.execute(TestSuiteExecutor.java:106)
	at com.kms.katalon.core.main.TestCaseMain.startTestSuite(TestCaseMain.java:187)
	at com.kms.katalon.core.main.TestCaseMain$startTestSuite$0.call(Unknown Source)
	at TempTestSuite1715800219174.run(TempTestSuite1715800219174.groovy:35)
)

2024-05-15 15:56:38 - [TEST_STEP][PASSED] - else: null

2024-05-15 15:56:38 - [TEST_STEP][FAILED] - if (verifyTextPresent("Please print this receipt for your records", false)): Text 'Please print this receipt for your records' is not present on page  (Root cause: com.kms.katalon.core.exception.StepFailedException: Text 'Please print this receipt for your records' is not present on page 
	at com.kms.katalon.core.webui.keyword.internal.WebUIKeywordMain.stepFailed(WebUIKeywordMain.groovy:64)
	at com.kms.katalon.core.webui.keyword.builtin.VerifyTextPresentKeyword$_verifyTextPresent_closure1.doCall(VerifyTextPresentKeyword.groovy:79)
	at com.kms.katalon.core.webui.keyword.builtin.VerifyTextPresentKeyword$_verifyTextPresent_closure1.call(VerifyTextPresentKeyword.groovy)
	at com.kms.katalon.core.webui.keyword.internal.WebUIKeywordMain.runKeyword(WebUIKeywordMain.groovy:20)
	at com.kms.katalon.core.webui.keyword.builtin.VerifyTextPresentKeyword.verifyTextPresent(VerifyTextPresentKeyword.groovy:83)
	at com.kms.katalon.core.webui.keyword.builtin.VerifyTextPresentKeyword.execute(VerifyTextPresentKeyword.groovy:68)
	at com.kms.katalon.core.keyword.internal.KeywordExecutor.executeKeywordForPlatform(KeywordExecutor.groovy:74)
	at com.kms.katalon.core.webui.keyword.WebUiBuiltInKeywords.verifyTextPresent(WebUiBuiltInKeywords.groovy:1723)
	at com.kms.katalon.core.webui.keyword.WebUiBuiltInKeywords$verifyTextPresent$8.call(Unknown Source)
	at Misc.run(Misc:130)
	at com.kms.katalon.core.main.ScriptEngine.run(ScriptEngine.java:194)
	at com.kms.katalon.core.main.ScriptEngine.runScriptAsRawText(ScriptEngine.java:119)
	at com.kms.katalon.core.main.TestCaseExecutor.runScript(TestCaseExecutor.java:448)
	at com.kms.katalon.core.main.TestCaseExecutor.doExecute(TestCaseExecutor.java:439)
	at com.kms.katalon.core.main.TestCaseExecutor.processExecutionPhase(TestCaseExecutor.java:418)
	at com.kms.katalon.core.main.TestCaseExecutor.accessMainPhase(TestCaseExecutor.java:410)
	at com.kms.katalon.core.main.TestCaseExecutor.execute(TestCaseExecutor.java:285)
	at com.kms.katalon.core.common.CommonExecutor.accessTestCaseMainPhase(CommonExecutor.java:65)
	at com.kms.katalon.core.main.TestSuiteExecutor.accessTestSuiteMainPhase(TestSuiteExecutor.java:148)
	at com.kms.katalon.core.main.TestSuiteExecutor.execute(TestSuiteExecutor.java:106)
	at com.kms.katalon.core.main.TestCaseMain.startTestSuite(TestCaseMain.java:187)
	at com.kms.katalon.core.main.TestCaseMain$startTestSuite$0.call(Unknown Source)
	at TempTestSuite1715800219174.run(TempTestSuite1715800219174.groovy:35)
)

2024-05-15 15:56:38 - [MESSAGE][FAILED] - Text 'Please print this receipt for your records' is not present on page  (Root cause: com.kms.katalon.core.exception.StepFailedException: Text 'Please print this receipt for your records' is not present on page 
	at com.kms.katalon.core.webui.keyword.internal.WebUIKeywordMain.stepFailed(WebUIKeywordMain.groovy:64)
	at com.kms.katalon.core.webui.keyword.builtin.VerifyTextPresentKeyword$_verifyTextPresent_closure1.doCall(VerifyTextPresentKeyword.groovy:79)
	at com.kms.katalon.core.webui.keyword.builtin.VerifyTextPresentKeyword$_verifyTextPresent_closure1.call(VerifyTextPresentKeyword.groovy)
	at com.kms.katalon.core.webui.keyword.internal.WebUIKeywordMain.runKeyword(WebUIKeywordMain.groovy:20)
	at com.kms.katalon.core.webui.keyword.builtin.VerifyTextPresentKeyword.verifyTextPresent(VerifyTextPresentKeyword.groovy:83)
	at com.kms.katalon.core.webui.keyword.builtin.VerifyTextPresentKeyword.execute(VerifyTextPresentKeyword.groovy:68)
	at com.kms.katalon.core.keyword.internal.KeywordExecutor.executeKeywordForPlatform(KeywordExecutor.groovy:74)
	at com.kms.katalon.core.webui.keyword.WebUiBuiltInKeywords.verifyTextPresent(WebUiBuiltInKeywords.groovy:1723)
	at com.kms.katalon.core.webui.keyword.WebUiBuiltInKeywords$verifyTextPresent$8.call(Unknown Source)
	at Misc.run(Misc:130)
	at com.kms.katalon.core.main.ScriptEngine.run(ScriptEngine.java:194)
	at com.kms.katalon.core.main.ScriptEngine.runScriptAsRawText(ScriptEngine.java:119)
	at com.kms.katalon.core.main.TestCaseExecutor.runScript(TestCaseExecutor.java:448)
	at com.kms.katalon.core.main.TestCaseExecutor.doExecute(TestCaseExecutor.java:439)
	at com.kms.katalon.core.main.TestCaseExecutor.processExecutionPhase(TestCaseExecutor.java:418)
	at com.kms.katalon.core.main.TestCaseExecutor.accessMainPhase(TestCaseExecutor.java:410)
	at com.kms.katalon.core.main.TestCaseExecutor.execute(TestCaseExecutor.java:285)
	at com.kms.katalon.core.common.CommonExecutor.accessTestCaseMainPhase(CommonExecutor.java:65)
	at com.kms.katalon.core.main.TestSuiteExecutor.accessTestSuiteMainPhase(TestSuiteExecutor.java:148)
	at com.kms.katalon.core.main.TestSuiteExecutor.execute(TestSuiteExecutor.java:106)
	at com.kms.katalon.core.main.TestCaseMain.startTestSuite(TestCaseMain.java:187)
	at com.kms.katalon.core.main.TestCaseMain$startTestSuite$0.call(Unknown Source)
	at TempTestSuite1715800219174.run(TempTestSuite1715800219174.groovy:35)
)

2024-05-15 15:56:38 - [TEST_STEP][PASSED] - else: null

2024-05-15 15:56:38 - [TEST_STEP][PASSED] - if (verifyElementPresent(findTestObject("Object Repository/IWP30/Page_Receipt/ExitButton"), 30)): null

2024-05-15 15:56:39 - [MESSAGE][PASSED] - Object 'Object Repository/IWP30/Page_Receipt/ExitButton' is present

2024-05-15 15:56:39 - [TEST_STEP][PASSED] - println("Exit Button is present on the Receipt page"): null

2024-05-15 15:56:39 - [TEST_STEP][PASSED] - closeBrowser(): Browser is closed

2024-05-15 15:56:40 - [MESSAGE][PASSED] - Browser is closed

2024-05-15 15:56:40 - [TEST_STEP][PASSED] - openBrowser(urlEmulator): Browser is opened with url: 'https://qa2.velocitypayment.com/agency/config.do?action=editor'

2024-05-15 15:56:40 - [MESSAGE][INFO] - Starting 'Chrome' driver

2024-05-15 15:56:40 - [MESSAGE][INFO] - User set preference: ['acceptInsecureCerts', 'true']

2024-05-15 15:56:40 - [MESSAGE][INFO] - Action delay is set to 0 milliseconds

2024-05-15 15:56:42 - [MESSAGE][PASSED] - Browser is opened with url: 'https://qa2.velocitypayment.com/agency/config.do?action=editor'

2024-05-15 15:56:42 - [TEST_STEP][PASSED] - maximizeWindow(): Current window maximized

2024-05-15 15:56:42 - [MESSAGE][PASSED] - Current window maximized

2024-05-15 15:56:42 - [TEST_STEP][PASSED] - iwpPages.emulatorIWP30.getSetData(row, dataFile): iwpPages.emulatorIWP30.getSetData is PASSED

2024-05-15 15:56:44 - [MESSAGE][PASSED] - All options with value '3.0' are selected in object 'Object Repository/IWP30/Page_VRelay30Emulator/MV'  using regular expression

2024-05-15 15:56:45 - [MESSAGE][PASSED] - Text '10.50' is set on object 'Object Repository/IWP30/Page_VRelay30Emulator/Amount'

2024-05-15 15:56:46 - [MESSAGE][PASSED] - Text '26411005' is set on object 'Object Repository/IWP30/Page_VRelay30Emulator/CAN'

2024-05-15 15:56:46 - [MESSAGE][PASSED] - Text 'PayNow' is set on object 'Object Repository/IWP30/Page_VRelay30Emulator/Action'

2024-05-15 15:56:47 - [MESSAGE][PASSED] - Text 'en_US' is set on object 'Object Repository/IWP30/Page_VRelay30Emulator/Lang'

2024-05-15 15:56:48 - [MESSAGE][PASSED] - Text '' is set on object 'Object Repository/IWP30/Page_VRelay30Emulator/Fname'

2024-05-15 15:56:48 - [MESSAGE][PASSED] - Text '' is set on object 'Object Repository/IWP30/Page_VRelay30Emulator/Lname'

2024-05-15 15:56:49 - [MESSAGE][PASSED] - Text '' is set on object 'Object Repository/IWP30/Page_VRelay30Emulator/AL1'

2024-05-15 15:56:50 - [MESSAGE][PASSED] - Text '' is set on object 'Object Repository/IWP30/Page_VRelay30Emulator/AL2'

2024-05-15 15:56:50 - [MESSAGE][PASSED] - Text '840' is set on object 'Object Repository/IWP30/Page_VRelay30Emulator/Country'

2024-05-15 15:56:51 - [MESSAGE][PASSED] - Text '' is set on object 'Object Repository/IWP30/Page_VRelay30Emulator/City'

2024-05-15 15:56:51 - [MESSAGE][PASSED] - Text '' is set on object 'Object Repository/IWP30/Page_VRelay30Emulator/State'

2024-05-15 15:56:52 - [MESSAGE][PASSED] - Text '' is set on object 'Object Repository/IWP30/Page_VRelay30Emulator/ZIP'

2024-05-15 15:56:53 - [MESSAGE][PASSED] - Text '' is set on object 'Object Repository/IWP30/Page_VRelay30Emulator/Order'

2024-05-15 15:56:53 - [MESSAGE][PASSED] - Text '' is set on object 'Object Repository/IWP30/Page_VRelay30Emulator/Company'

2024-05-15 15:56:54 - [MESSAGE][PASSED] - Text '' is set on object 'Object Repository/IWP30/Page_VRelay30Emulator/Email'

2024-05-15 15:56:55 - [MESSAGE][PASSED] - Text '' is set on object 'Object Repository/IWP30/Page_VRelay30Emulator/UDF1'

2024-05-15 15:56:55 - [MESSAGE][PASSED] - Text '' is set on object 'Object Repository/IWP30/Page_VRelay30Emulator/UDF2'

2024-05-15 15:56:56 - [MESSAGE][PASSED] - Text '' is set on object 'Object Repository/IWP30/Page_VRelay30Emulator/UDF3'

2024-05-15 15:56:56 - [MESSAGE][PASSED] - Text 'udf data 4' is set on object 'Object Repository/IWP30/Page_VRelay30Emulator/UDF4'

2024-05-15 15:56:57 - [MESSAGE][PASSED] - Text 'udf data 5' is set on object 'Object Repository/IWP30/Page_VRelay30Emulator/UDF5'

2024-05-15 15:56:58 - [MESSAGE][PASSED] - Text '' is set on object 'Object Repository/IWP30/Page_VRelay30Emulator/UDF6'

2024-05-15 15:56:58 - [MESSAGE][PASSED] - Text '' is set on object 'Object Repository/IWP30/Page_VRelay30Emulator/UDF7'

2024-05-15 15:56:59 - [MESSAGE][PASSED] - Text '' is set on object 'Object Repository/IWP30/Page_VRelay30Emulator/UDF8'

2024-05-15 15:56:59 - [MESSAGE][PASSED] - Text 'udf data 9' is set on object 'Object Repository/IWP30/Page_VRelay30Emulator/UDF9'

2024-05-15 15:57:00 - [MESSAGE][PASSED] - Text 'udf data 10' is set on object 'Object Repository/IWP30/Page_VRelay30Emulator/UDF10'

2024-05-15 15:57:11 - [MESSAGE][PASSED] - Object: 'Object Repository/IWP30/Page_VRelay30Emulator/Submit' is clicked on

2024-05-15 15:57:11 - [MESSAGE][PASSED] - iwpPages.emulatorIWP30.getSetData is PASSED

2024-05-15 15:57:11 - [TEST_STEP][PASSED] - closeBrowser(): Browser is closed

2024-05-15 15:57:12 - [MESSAGE][PASSED] - Browser is closed

2024-05-15 15:57:12 - [TEST_STEP][PASSED] - openBrowser(urlTestHarness): Browser is opened with url: 'https://dev-algorithm.govolution.com/vrelaytest/QA2/version_2_2/vrelaytest.html'

2024-05-15 15:57:12 - [MESSAGE][INFO] - Starting 'Chrome' driver

2024-05-15 15:57:12 - [MESSAGE][INFO] - User set preference: ['acceptInsecureCerts', 'true']

2024-05-15 15:57:12 - [MESSAGE][INFO] - Action delay is set to 0 milliseconds

2024-05-15 15:57:14 - [MESSAGE][PASSED] - Browser is opened with url: 'https://dev-algorithm.govolution.com/vrelaytest/QA2/version_2_2/vrelaytest.html'

2024-05-15 15:57:14 - [TEST_STEP][PASSED] - maximizeWindow(): Current window maximized

2024-05-15 15:57:14 - [MESSAGE][PASSED] - Current window maximized

2024-05-15 15:57:14 - [TEST_STEP][PASSED] - iwpPages.TestHarnessPage.setDataMethod(row, dataFile): iwpPages.TestHarnessPage.setDataMethod is PASSED

2024-05-15 15:57:15 - [MESSAGE][PASSED] - Object 'Object Repository/IWP30/Page_QATestHarness/RemittanceID' is present

2024-05-15 15:57:15 - [MESSAGE][PASSED] - Text '649' is set on object 'Object Repository/IWP30/Page_QATestHarness/ApplicationID'

2024-05-15 15:57:16 - [MESSAGE][PASSED] - Text '3.0' is set on object 'Object Repository/IWP30/Page_QATestHarness/MessageVersion'

2024-05-15 15:57:17 - [MESSAGE][PASSED] - Text '0V7IGrb8WhNG' is set on object 'Object Repository/IWP30/Page_QATestHarness/RemittanceID'

2024-05-15 15:57:19 - [MESSAGE][PASSED] - Object: 'Object Repository/IWP30/Page_QATestHarness/SubmitButton' is clicked on

2024-05-15 15:57:19 - [MESSAGE][PASSED] - iwpPages.TestHarnessPage.setDataMethod is PASSED

2024-05-15 15:57:19 - [TEST_STEP][PASSED] - if (verifyElementPresent(findTestObject("Object Repository/IWP30/Page_SelectPaymentMethod/PayByCreditCard"), 30)): null

2024-05-15 15:57:19 - [MESSAGE][PASSED] - Object 'Object Repository/IWP30/Page_SelectPaymentMethod/PayByCreditCard' is present

2024-05-15 15:57:19 - [TEST_STEP][PASSED] - println("We are on Select Payment Method page, start populating"): null

2024-05-15 15:57:19 - [TEST_STEP][PASSED] - check(findTestObject("Object Repository/IWP30/Page_SelectPaymentMethod/PayByCreditCard")): Object 'Object Repository/IWP30/Page_SelectPaymentMethod/PayByCreditCard' is checked

2024-05-15 15:57:20 - [MESSAGE][PASSED] - Object 'Object Repository/IWP30/Page_SelectPaymentMethod/PayByCreditCard' is checked

2024-05-15 15:57:20 - [TEST_STEP][PASSED] - Thread.sleep(1000): null

2024-05-15 15:57:21 - [TEST_STEP][PASSED] - click(findTestObject("Object Repository/IWP30/Page_SelectPaymentMethod/MakePaymentButton")): Object: 'Object Repository/IWP30/Page_SelectPaymentMethod/MakePaymentButton' is clicked on

2024-05-15 15:57:22 - [MESSAGE][PASSED] - Object: 'Object Repository/IWP30/Page_SelectPaymentMethod/MakePaymentButton' is clicked on

2024-05-15 15:57:22 - [TEST_STEP][FAILED] - iwpPages.ccPaymentEntryPage.setDataCCPM(row, dataFile): com.kms.katalon.core.exception.StepFailedException: Unable to select option by label '2023' of object 'Object Repository/IWP30/Page_CCPaymentEntry/Year'  (Root cause: com.kms.katalon.core.exception.StepFailedException: Unable to select option by label '2023' of object 'Object Repository/IWP30/Page_CCPaymentEntry/Year' 
	at com.kms.katalon.core.webui.keyword.internal.WebUIKeywordMain.stepFailed(WebUIKeywordMain.groovy:64)
	at com.kms.katalon.core.webui.keyword.internal.WebUIKeywordMain.runKeyword(WebUIKeywordMain.groovy:26)
	at com.kms.katalon.core.webui.keyword.builtin.SelectOptionByLabelKeyword.selectOptionByLabel(SelectOptionByLabelKeyword.groovy:98)
	at com.kms.katalon.core.webui.keyword.builtin.SelectOptionByLabelKeyword.execute(SelectOptionByLabelKeyword.groovy:71)
	at com.kms.katalon.core.keyword.internal.KeywordExecutor.executeKeywordForPlatform(KeywordExecutor.groovy:74)
	at com.kms.katalon.core.webui.keyword.WebUiBuiltInKeywords.selectOptionByLabel(WebUiBuiltInKeywords.groovy:1230)
	at com.kms.katalon.core.webui.keyword.WebUiBuiltInKeywords$selectOptionByLabel$7.call(Unknown Source)
	at iwpPages.ccPaymentEntryPage.setDataCCPM(ccPaymentEntryPage.groovy:252)
	at iwpPages.ccPaymentEntryPage.invokeMethod(ccPaymentEntryPage.groovy)
	at com.kms.katalon.core.main.CustomKeywordDelegatingMetaClass.invokeStaticMethod(CustomKeywordDelegatingMetaClass.java:55)
	at Misc.run(Misc:85)
	at com.kms.katalon.core.main.ScriptEngine.run(ScriptEngine.java:194)
	at com.kms.katalon.core.main.ScriptEngine.runScriptAsRawText(ScriptEngine.java:119)
	at com.kms.katalon.core.main.TestCaseExecutor.runScript(TestCaseExecutor.java:448)
	at com.kms.katalon.core.main.TestCaseExecutor.doExecute(TestCaseExecutor.java:439)
	at com.kms.katalon.core.main.TestCaseExecutor.processExecutionPhase(TestCaseExecutor.java:418)
	at com.kms.katalon.core.main.TestCaseExecutor.accessMainPhase(TestCaseExecutor.java:410)
	at com.kms.katalon.core.main.TestCaseExecutor.execute(TestCaseExecutor.java:285)
	at com.kms.katalon.core.common.CommonExecutor.accessTestCaseMainPhase(CommonExecutor.java:65)
	at com.kms.katalon.core.main.TestSuiteExecutor.accessTestSuiteMainPhase(TestSuiteExecutor.java:148)
	at com.kms.katalon.core.main.TestSuiteExecutor.execute(TestSuiteExecutor.java:106)
	at com.kms.katalon.core.main.TestCaseMain.startTestSuite(TestCaseMain.java:187)
	at com.kms.katalon.core.main.TestCaseMain$startTestSuite$0.call(Unknown Source)
	at TempTestSuite1715800219174.run(TempTestSuite1715800219174.groovy:35)
Caused by: org.openqa.selenium.NoSuchElementException: Cannot locate element with text: 2023
For documentation on this error, please visit: https://www.seleniumhq.org/exceptions/no_such_element.html
Build info: version: '3.141.59', revision: 'e82be7d358', time: '2018-11-14T08:25:53'
System info: host: 'DESKTOP-B2QI6NS', ip: '172.31.253.185', os.name: 'Windows 10', os.arch: 'amd64', os.version: '10.0', java.version: '1.8.0_181'
Driver info: driver.version: unknown
	at org.openqa.selenium.support.ui.Select.selectByVisibleText(Select.java:147)
	at com.kms.katalon.core.webui.common.WebUiCommonHelper.selectOrDeselectOptionsByLabel(WebUiCommonHelper.java:310)
	at com.kms.katalon.core.webui.keyword.builtin.SelectOptionByLabelKeyword$_selectOptionByLabel_closure1.doCall(SelectOptionByLabelKeyword.groovy:87)
	at com.kms.katalon.core.webui.keyword.builtin.SelectOptionByLabelKeyword$_selectOptionByLabel_closure1.call(SelectOptionByLabelKeyword.groovy)
	at com.kms.katalon.core.webui.keyword.internal.WebUIKeywordMain.runKeyword(WebUIKeywordMain.groovy:20)
	at com.kms.katalon.core.webui.keyword.builtin.SelectOptionByLabelKeyword.selectOptionByLabel(SelectOptionByLabelKeyword.groovy:98)
	at com.kms.katalon.core.webui.keyword.builtin.SelectOptionByLabelKeyword.execute(SelectOptionByLabelKeyword.groovy:71)
	at com.kms.katalon.core.keyword.internal.KeywordExecutor.executeKeywordForPlatform(KeywordExecutor.groovy:74)
	at com.kms.katalon.core.webui.keyword.WebUiBuiltInKeywords.selectOptionByLabel(WebUiBuiltInKeywords.groovy:1230)
	at com.kms.katalon.core.webui.keyword.WebUiBuiltInKeywords$selectOptionByLabel$7.call(Unknown Source)
	at iwpPages.ccPaymentEntryPage.setDataCCPM(ccPaymentEntryPage.groovy:252)
	at iwpPages.ccPaymentEntryPage.invokeMethod(ccPaymentEntryPage.groovy)
	at com.kms.katalon.core.main.CustomKeywordDelegatingMetaClass.invokeStaticMethod(CustomKeywordDelegatingMetaClass.java:55)
	at Script1593488051730.run(Script1593488051730.groovy:85)
	... 13 more
)

2024-05-15 15:57:23 - [MESSAGE][PASSED] - Object 'Object Repository/IWP30/Page_CCPaymentEntry/Name' is present

2024-05-15 15:57:23 - [MESSAGE][PASSED] - Object 'Object Repository/IWP30/Page_CCPaymentEntry/Amount' is present

2024-05-15 15:57:24 - [MESSAGE][PASSED] - Text '20.50' is set on object 'Object Repository/IWP30/Page_CCPaymentEntry/Amount'

2024-05-15 15:57:24 - [MESSAGE][PASSED] - Object 'Object Repository/IWP30/Page_CCPaymentEntry/UserDefined2' is present

2024-05-15 15:57:25 - [MESSAGE][PASSED] - Text 'Number 2' is set on object 'Object Repository/IWP30/Page_CCPaymentEntry/UserDefined2'

2024-05-15 15:57:25 - [MESSAGE][PASSED] - Object 'Object Repository/IWP30/Page_CCPaymentEntry/UserDefined3' is present

2024-05-15 15:57:26 - [MESSAGE][PASSED] - Text 'Number 3' is set on object 'Object Repository/IWP30/Page_CCPaymentEntry/UserDefined3'

2024-05-15 15:57:26 - [MESSAGE][PASSED] - Object 'Object Repository/IWP30/Page_CCPaymentEntry/UserDefined7' is present

2024-05-15 15:57:27 - [MESSAGE][PASSED] - All options with label 'Orange' are selected in object 'Object Repository/IWP30/Page_CCPaymentEntry/UserDefined7' 

2024-05-15 15:57:27 - [MESSAGE][PASSED] - Object 'Object Repository/IWP30/Page_CCPaymentEntry/UserDefined8' is present

2024-05-15 15:57:28 - [MESSAGE][PASSED] - All options with label 'Tennis' are selected in object 'Object Repository/IWP30/Page_CCPaymentEntry/UserDefined8' 

2024-05-15 15:57:28 - [MESSAGE][PASSED] - Object 'Object Repository/IWP30/Page_CCPaymentEntry/Name' is present

2024-05-15 15:57:29 - [MESSAGE][PASSED] - Text 'Mera Naam' is set on object 'Object Repository/IWP30/Page_CCPaymentEntry/Name'

2024-05-15 15:57:29 - [MESSAGE][PASSED] - Object 'Object Repository/IWP30/Page_CCPaymentEntry/CardNumber' is present

2024-05-15 15:57:30 - [MESSAGE][PASSED] - Text '370000000000002' is set on object 'Object Repository/IWP30/Page_CCPaymentEntry/CardNumber'

2024-05-15 15:57:30 - [MESSAGE][PASSED] - Object 'Object Repository/IWP30/Page_CCPaymentEntry/SPC' is present

2024-05-15 15:57:31 - [MESSAGE][PASSED] - Text '1234' is set on object 'Object Repository/IWP30/Page_CCPaymentEntry/SPC'

2024-05-15 15:57:31 - [MESSAGE][PASSED] - Object 'Object Repository/IWP30/Page_CCPaymentEntry/Month' is present

2024-05-15 15:57:32 - [MESSAGE][PASSED] - All options with label '09' are selected in object 'Object Repository/IWP30/Page_CCPaymentEntry/Month' 

2024-05-15 15:57:32 - [MESSAGE][PASSED] - Object 'Object Repository/IWP30/Page_CCPaymentEntry/Year' is present

2024-05-15 15:57:33 - [MESSAGE][FAILED] - Unable to select option by label '2023' of object 'Object Repository/IWP30/Page_CCPaymentEntry/Year'  (Root cause: com.kms.katalon.core.exception.StepFailedException: Unable to select option by label '2023' of object 'Object Repository/IWP30/Page_CCPaymentEntry/Year' 
	at com.kms.katalon.core.webui.keyword.internal.WebUIKeywordMain.stepFailed(WebUIKeywordMain.groovy:64)
	at com.kms.katalon.core.webui.keyword.internal.WebUIKeywordMain.runKeyword(WebUIKeywordMain.groovy:26)
	at com.kms.katalon.core.webui.keyword.builtin.SelectOptionByLabelKeyword.selectOptionByLabel(SelectOptionByLabelKeyword.groovy:98)
	at com.kms.katalon.core.webui.keyword.builtin.SelectOptionByLabelKeyword.execute(SelectOptionByLabelKeyword.groovy:71)
	at com.kms.katalon.core.keyword.internal.KeywordExecutor.executeKeywordForPlatform(KeywordExecutor.groovy:74)
	at com.kms.katalon.core.webui.keyword.WebUiBuiltInKeywords.selectOptionByLabel(WebUiBuiltInKeywords.groovy:1230)
	at com.kms.katalon.core.webui.keyword.WebUiBuiltInKeywords$selectOptionByLabel$7.call(Unknown Source)
	at iwpPages.ccPaymentEntryPage.setDataCCPM(ccPaymentEntryPage.groovy:252)
	at iwpPages.ccPaymentEntryPage.invokeMethod(ccPaymentEntryPage.groovy)
	at com.kms.katalon.core.main.CustomKeywordDelegatingMetaClass.invokeStaticMethod(CustomKeywordDelegatingMetaClass.java:55)
	at Misc.run(Misc:85)
	at com.kms.katalon.core.main.ScriptEngine.run(ScriptEngine.java:194)
	at com.kms.katalon.core.main.ScriptEngine.runScriptAsRawText(ScriptEngine.java:119)
	at com.kms.katalon.core.main.TestCaseExecutor.runScript(TestCaseExecutor.java:448)
	at com.kms.katalon.core.main.TestCaseExecutor.doExecute(TestCaseExecutor.java:439)
	at com.kms.katalon.core.main.TestCaseExecutor.processExecutionPhase(TestCaseExecutor.java:418)
	at com.kms.katalon.core.main.TestCaseExecutor.accessMainPhase(TestCaseExecutor.java:410)
	at com.kms.katalon.core.main.TestCaseExecutor.execute(TestCaseExecutor.java:285)
	at com.kms.katalon.core.common.CommonExecutor.accessTestCaseMainPhase(CommonExecutor.java:65)
	at com.kms.katalon.core.main.TestSuiteExecutor.accessTestSuiteMainPhase(TestSuiteExecutor.java:148)
	at com.kms.katalon.core.main.TestSuiteExecutor.execute(TestSuiteExecutor.java:106)
	at com.kms.katalon.core.main.TestCaseMain.startTestSuite(TestCaseMain.java:187)
	at com.kms.katalon.core.main.TestCaseMain$startTestSuite$0.call(Unknown Source)
	at TempTestSuite1715800219174.run(TempTestSuite1715800219174.groovy:35)
Caused by: org.openqa.selenium.NoSuchElementException: Cannot locate element with text: 2023
For documentation on this error, please visit: https://www.seleniumhq.org/exceptions/no_such_element.html
Build info: version: '3.141.59', revision: 'e82be7d358', time: '2018-11-14T08:25:53'
System info: host: 'DESKTOP-B2QI6NS', ip: '172.31.253.185', os.name: 'Windows 10', os.arch: 'amd64', os.version: '10.0', java.version: '1.8.0_181'
Driver info: driver.version: unknown
	at org.openqa.selenium.support.ui.Select.selectByVisibleText(Select.java:147)
	at com.kms.katalon.core.webui.common.WebUiCommonHelper.selectOrDeselectOptionsByLabel(WebUiCommonHelper.java:310)
	at com.kms.katalon.core.webui.keyword.builtin.SelectOptionByLabelKeyword$_selectOptionByLabel_closure1.doCall(SelectOptionByLabelKeyword.groovy:87)
	at com.kms.katalon.core.webui.keyword.builtin.SelectOptionByLabelKeyword$_selectOptionByLabel_closure1.call(SelectOptionByLabelKeyword.groovy)
	at com.kms.katalon.core.webui.keyword.internal.WebUIKeywordMain.runKeyword(WebUIKeywordMain.groovy:20)
	at com.kms.katalon.core.webui.keyword.builtin.SelectOptionByLabelKeyword.selectOptionByLabel(SelectOptionByLabelKeyword.groovy:98)
	at com.kms.katalon.core.webui.keyword.builtin.SelectOptionByLabelKeyword.execute(SelectOptionByLabelKeyword.groovy:71)
	at com.kms.katalon.core.keyword.internal.KeywordExecutor.executeKeywordForPlatform(KeywordExecutor.groovy:74)
	at com.kms.katalon.core.webui.keyword.WebUiBuiltInKeywords.selectOptionByLabel(WebUiBuiltInKeywords.groovy:1230)
	at com.kms.katalon.core.webui.keyword.WebUiBuiltInKeywords$selectOptionByLabel$7.call(Unknown Source)
	at iwpPages.ccPaymentEntryPage.setDataCCPM(ccPaymentEntryPage.groovy:252)
	at iwpPages.ccPaymentEntryPage.invokeMethod(ccPaymentEntryPage.groovy)
	at com.kms.katalon.core.main.CustomKeywordDelegatingMetaClass.invokeStaticMethod(CustomKeywordDelegatingMetaClass.java:55)
	at Script1593488051730.run(Script1593488051730.groovy:85)
	... 13 more
)
[[ATTACHMENT|E:\\Cloned-Project-Katalon\\VPS-Katalon\\Reports\\20240515_151019\\QA\\IWP3.0\\IWP30 Smoke TestSuite\\20240515_151019\\1715803052993.png]]

2024-05-15 15:57:34 - [MESSAGE][PASSED] - Object 'Object Repository/IWP30/Page_CCPaymentEntry/ProcessDate' is present

2024-05-15 15:57:34 - [MESSAGE][PASSED] - Object 'Object Repository/IWP30/Page_CCPaymentEntry/AL1' is present

2024-05-15 15:57:34 - [MESSAGE][PASSED] - Text 'Mera AL1' is set on object 'Object Repository/IWP30/Page_CCPaymentEntry/AL1'

2024-05-15 15:57:35 - [MESSAGE][PASSED] - Object 'Object Repository/IWP30/Page_CCPaymentEntry/AL2' is present

2024-05-15 15:57:35 - [MESSAGE][PASSED] - Text 'Mera AL2' is set on object 'Object Repository/IWP30/Page_CCPaymentEntry/AL2'

2024-05-15 15:57:36 - [MESSAGE][PASSED] - Object 'Object Repository/IWP30/Page_CCPaymentEntry/ZIP' is present

2024-05-15 15:57:36 - [MESSAGE][PASSED] - Text '21054' is set on object 'Object Repository/IWP30/Page_CCPaymentEntry/ZIP'

2024-05-15 15:57:37 - [MESSAGE][PASSED] - Object 'Object Repository/IWP30/Page_CCPaymentEntry/EmailAddress' is present

2024-05-15 15:57:37 - [MESSAGE][PASSED] - Text 'merae@gmail.com' is set on object 'Object Repository/IWP30/Page_CCPaymentEntry/EmailAddress'

2024-05-15 15:57:38 - [MESSAGE][PASSED] - Object 'Object Repository/IWP30/Page_CCPaymentEntry/TermCondCheckBox' is present

2024-05-15 15:57:38 - [MESSAGE][PASSED] - Object 'Object Repository/IWP30/Page_CCPaymentEntry/TermCondCheckBox' is checked

2024-05-15 15:57:38 - [MESSAGE][PASSED] - Object 'Object Repository/IWP30/Page_CCPaymentEntry/ContinueButton' is present

2024-05-15 15:57:40 - [MESSAGE][PASSED] - Object: 'Object Repository/IWP30/Page_CCPaymentEntry/ContinueButton' is clicked on

2024-05-15 15:57:40 - [MESSAGE][FAILED] - com.kms.katalon.core.exception.StepFailedException: Unable to select option by label '2023' of object 'Object Repository/IWP30/Page_CCPaymentEntry/Year'  (Root cause: com.kms.katalon.core.exception.StepFailedException: Unable to select option by label '2023' of object 'Object Repository/IWP30/Page_CCPaymentEntry/Year' 
	at com.kms.katalon.core.webui.keyword.internal.WebUIKeywordMain.stepFailed(WebUIKeywordMain.groovy:64)
	at com.kms.katalon.core.webui.keyword.internal.WebUIKeywordMain.runKeyword(WebUIKeywordMain.groovy:26)
	at com.kms.katalon.core.webui.keyword.builtin.SelectOptionByLabelKeyword.selectOptionByLabel(SelectOptionByLabelKeyword.groovy:98)
	at com.kms.katalon.core.webui.keyword.builtin.SelectOptionByLabelKeyword.execute(SelectOptionByLabelKeyword.groovy:71)
	at com.kms.katalon.core.keyword.internal.KeywordExecutor.executeKeywordForPlatform(KeywordExecutor.groovy:74)
	at com.kms.katalon.core.webui.keyword.WebUiBuiltInKeywords.selectOptionByLabel(WebUiBuiltInKeywords.groovy:1230)
	at com.kms.katalon.core.webui.keyword.WebUiBuiltInKeywords$selectOptionByLabel$7.call(Unknown Source)
	at iwpPages.ccPaymentEntryPage.setDataCCPM(ccPaymentEntryPage.groovy:252)
	at iwpPages.ccPaymentEntryPage.invokeMethod(ccPaymentEntryPage.groovy)
	at com.kms.katalon.core.main.CustomKeywordDelegatingMetaClass.invokeStaticMethod(CustomKeywordDelegatingMetaClass.java:55)
	at Misc.run(Misc:85)
	at com.kms.katalon.core.main.ScriptEngine.run(ScriptEngine.java:194)
	at com.kms.katalon.core.main.ScriptEngine.runScriptAsRawText(ScriptEngine.java:119)
	at com.kms.katalon.core.main.TestCaseExecutor.runScript(TestCaseExecutor.java:448)
	at com.kms.katalon.core.main.TestCaseExecutor.doExecute(TestCaseExecutor.java:439)
	at com.kms.katalon.core.main.TestCaseExecutor.processExecutionPhase(TestCaseExecutor.java:418)
	at com.kms.katalon.core.main.TestCaseExecutor.accessMainPhase(TestCaseExecutor.java:410)
	at com.kms.katalon.core.main.TestCaseExecutor.execute(TestCaseExecutor.java:285)
	at com.kms.katalon.core.common.CommonExecutor.accessTestCaseMainPhase(CommonExecutor.java:65)
	at com.kms.katalon.core.main.TestSuiteExecutor.accessTestSuiteMainPhase(TestSuiteExecutor.java:148)
	at com.kms.katalon.core.main.TestSuiteExecutor.execute(TestSuiteExecutor.java:106)
	at com.kms.katalon.core.main.TestCaseMain.startTestSuite(TestCaseMain.java:187)
	at com.kms.katalon.core.main.TestCaseMain$startTestSuite$0.call(Unknown Source)
	at TempTestSuite1715800219174.run(TempTestSuite1715800219174.groovy:35)
Caused by: org.openqa.selenium.NoSuchElementException: Cannot locate element with text: 2023
For documentation on this error, please visit: https://www.seleniumhq.org/exceptions/no_such_element.html
Build info: version: '3.141.59', revision: 'e82be7d358', time: '2018-11-14T08:25:53'
System info: host: 'DESKTOP-B2QI6NS', ip: '172.31.253.185', os.name: 'Windows 10', os.arch: 'amd64', os.version: '10.0', java.version: '1.8.0_181'
Driver info: driver.version: unknown
	at org.openqa.selenium.support.ui.Select.selectByVisibleText(Select.java:147)
	at com.kms.katalon.core.webui.common.WebUiCommonHelper.selectOrDeselectOptionsByLabel(WebUiCommonHelper.java:310)
	at com.kms.katalon.core.webui.keyword.builtin.SelectOptionByLabelKeyword$_selectOptionByLabel_closure1.doCall(SelectOptionByLabelKeyword.groovy:87)
	at com.kms.katalon.core.webui.keyword.builtin.SelectOptionByLabelKeyword$_selectOptionByLabel_closure1.call(SelectOptionByLabelKeyword.groovy)
	at com.kms.katalon.core.webui.keyword.internal.WebUIKeywordMain.runKeyword(WebUIKeywordMain.groovy:20)
	at com.kms.katalon.core.webui.keyword.builtin.SelectOptionByLabelKeyword.selectOptionByLabel(SelectOptionByLabelKeyword.groovy:98)
	at com.kms.katalon.core.webui.keyword.builtin.SelectOptionByLabelKeyword.execute(SelectOptionByLabelKeyword.groovy:71)
	at com.kms.katalon.core.keyword.internal.KeywordExecutor.executeKeywordForPlatform(KeywordExecutor.groovy:74)
	at com.kms.katalon.core.webui.keyword.WebUiBuiltInKeywords.selectOptionByLabel(WebUiBuiltInKeywords.groovy:1230)
	at com.kms.katalon.core.webui.keyword.WebUiBuiltInKeywords$selectOptionByLabel$7.call(Unknown Source)
	at iwpPages.ccPaymentEntryPage.setDataCCPM(ccPaymentEntryPage.groovy:252)
	at iwpPages.ccPaymentEntryPage.invokeMethod(ccPaymentEntryPage.groovy)
	at com.kms.katalon.core.main.CustomKeywordDelegatingMetaClass.invokeStaticMethod(CustomKeywordDelegatingMetaClass.java:55)
	at Script1593488051730.run(Script1593488051730.groovy:85)
	... 13 more
)

2024-05-15 15:57:40 - [TEST_STEP][FAILED] - if (verifyTextPresent("Please verify the following information", false)): Text 'Please verify the following information' is not present on page  (Root cause: com.kms.katalon.core.exception.StepFailedException: Text 'Please verify the following information' is not present on page 
	at com.kms.katalon.core.webui.keyword.internal.WebUIKeywordMain.stepFailed(WebUIKeywordMain.groovy:64)
	at com.kms.katalon.core.webui.keyword.builtin.VerifyTextPresentKeyword$_verifyTextPresent_closure1.doCall(VerifyTextPresentKeyword.groovy:79)
	at com.kms.katalon.core.webui.keyword.builtin.VerifyTextPresentKeyword$_verifyTextPresent_closure1.call(VerifyTextPresentKeyword.groovy)
	at com.kms.katalon.core.webui.keyword.internal.WebUIKeywordMain.runKeyword(WebUIKeywordMain.groovy:20)
	at com.kms.katalon.core.webui.keyword.builtin.VerifyTextPresentKeyword.verifyTextPresent(VerifyTextPresentKeyword.groovy:83)
	at com.kms.katalon.core.webui.keyword.builtin.VerifyTextPresentKeyword.execute(VerifyTextPresentKeyword.groovy:68)
	at com.kms.katalon.core.keyword.internal.KeywordExecutor.executeKeywordForPlatform(KeywordExecutor.groovy:74)
	at com.kms.katalon.core.webui.keyword.WebUiBuiltInKeywords.verifyTextPresent(WebUiBuiltInKeywords.groovy:1723)
	at com.kms.katalon.core.webui.keyword.WebUiBuiltInKeywords$verifyTextPresent$8.call(Unknown Source)
	at Misc.run(Misc:92)
	at com.kms.katalon.core.main.ScriptEngine.run(ScriptEngine.java:194)
	at com.kms.katalon.core.main.ScriptEngine.runScriptAsRawText(ScriptEngine.java:119)
	at com.kms.katalon.core.main.TestCaseExecutor.runScript(TestCaseExecutor.java:448)
	at com.kms.katalon.core.main.TestCaseExecutor.doExecute(TestCaseExecutor.java:439)
	at com.kms.katalon.core.main.TestCaseExecutor.processExecutionPhase(TestCaseExecutor.java:418)
	at com.kms.katalon.core.main.TestCaseExecutor.accessMainPhase(TestCaseExecutor.java:410)
	at com.kms.katalon.core.main.TestCaseExecutor.execute(TestCaseExecutor.java:285)
	at com.kms.katalon.core.common.CommonExecutor.accessTestCaseMainPhase(CommonExecutor.java:65)
	at com.kms.katalon.core.main.TestSuiteExecutor.accessTestSuiteMainPhase(TestSuiteExecutor.java:148)
	at com.kms.katalon.core.main.TestSuiteExecutor.execute(TestSuiteExecutor.java:106)
	at com.kms.katalon.core.main.TestCaseMain.startTestSuite(TestCaseMain.java:187)
	at com.kms.katalon.core.main.TestCaseMain$startTestSuite$0.call(Unknown Source)
	at TempTestSuite1715800219174.run(TempTestSuite1715800219174.groovy:35)
)

2024-05-15 15:57:41 - [MESSAGE][FAILED] - Text 'Please verify the following information' is not present on page  (Root cause: com.kms.katalon.core.exception.StepFailedException: Text 'Please verify the following information' is not present on page 
	at com.kms.katalon.core.webui.keyword.internal.WebUIKeywordMain.stepFailed(WebUIKeywordMain.groovy:64)
	at com.kms.katalon.core.webui.keyword.builtin.VerifyTextPresentKeyword$_verifyTextPresent_closure1.doCall(VerifyTextPresentKeyword.groovy:79)
	at com.kms.katalon.core.webui.keyword.builtin.VerifyTextPresentKeyword$_verifyTextPresent_closure1.call(VerifyTextPresentKeyword.groovy)
	at com.kms.katalon.core.webui.keyword.internal.WebUIKeywordMain.runKeyword(WebUIKeywordMain.groovy:20)
	at com.kms.katalon.core.webui.keyword.builtin.VerifyTextPresentKeyword.verifyTextPresent(VerifyTextPresentKeyword.groovy:83)
	at com.kms.katalon.core.webui.keyword.builtin.VerifyTextPresentKeyword.execute(VerifyTextPresentKeyword.groovy:68)
	at com.kms.katalon.core.keyword.internal.KeywordExecutor.executeKeywordForPlatform(KeywordExecutor.groovy:74)
	at com.kms.katalon.core.webui.keyword.WebUiBuiltInKeywords.verifyTextPresent(WebUiBuiltInKeywords.groovy:1723)
	at com.kms.katalon.core.webui.keyword.WebUiBuiltInKeywords$verifyTextPresent$8.call(Unknown Source)
	at Misc.run(Misc:92)
	at com.kms.katalon.core.main.ScriptEngine.run(ScriptEngine.java:194)
	at com.kms.katalon.core.main.ScriptEngine.runScriptAsRawText(ScriptEngine.java:119)
	at com.kms.katalon.core.main.TestCaseExecutor.runScript(TestCaseExecutor.java:448)
	at com.kms.katalon.core.main.TestCaseExecutor.doExecute(TestCaseExecutor.java:439)
	at com.kms.katalon.core.main.TestCaseExecutor.processExecutionPhase(TestCaseExecutor.java:418)
	at com.kms.katalon.core.main.TestCaseExecutor.accessMainPhase(TestCaseExecutor.java:410)
	at com.kms.katalon.core.main.TestCaseExecutor.execute(TestCaseExecutor.java:285)
	at com.kms.katalon.core.common.CommonExecutor.accessTestCaseMainPhase(CommonExecutor.java:65)
	at com.kms.katalon.core.main.TestSuiteExecutor.accessTestSuiteMainPhase(TestSuiteExecutor.java:148)
	at com.kms.katalon.core.main.TestSuiteExecutor.execute(TestSuiteExecutor.java:106)
	at com.kms.katalon.core.main.TestCaseMain.startTestSuite(TestCaseMain.java:187)
	at com.kms.katalon.core.main.TestCaseMain$startTestSuite$0.call(Unknown Source)
	at TempTestSuite1715800219174.run(TempTestSuite1715800219174.groovy:35)
)

2024-05-15 15:57:41 - [TEST_STEP][PASSED] - else: null

2024-05-15 15:57:41 - [TEST_STEP][FAILED] - if (verifyTextPresent("Is this information correct?", false)): Text 'Is this information correct?' is not present on page  (Root cause: com.kms.katalon.core.exception.StepFailedException: Text 'Is this information correct?' is not present on page 
	at com.kms.katalon.core.webui.keyword.internal.WebUIKeywordMain.stepFailed(WebUIKeywordMain.groovy:64)
	at com.kms.katalon.core.webui.keyword.builtin.VerifyTextPresentKeyword$_verifyTextPresent_closure1.doCall(VerifyTextPresentKeyword.groovy:79)
	at com.kms.katalon.core.webui.keyword.builtin.VerifyTextPresentKeyword$_verifyTextPresent_closure1.call(VerifyTextPresentKeyword.groovy)
	at com.kms.katalon.core.webui.keyword.internal.WebUIKeywordMain.runKeyword(WebUIKeywordMain.groovy:20)
	at com.kms.katalon.core.webui.keyword.builtin.VerifyTextPresentKeyword.verifyTextPresent(VerifyTextPresentKeyword.groovy:83)
	at com.kms.katalon.core.webui.keyword.builtin.VerifyTextPresentKeyword.execute(VerifyTextPresentKeyword.groovy:68)
	at com.kms.katalon.core.keyword.internal.KeywordExecutor.executeKeywordForPlatform(KeywordExecutor.groovy:74)
	at com.kms.katalon.core.webui.keyword.WebUiBuiltInKeywords.verifyTextPresent(WebUiBuiltInKeywords.groovy:1723)
	at com.kms.katalon.core.webui.keyword.WebUiBuiltInKeywords$verifyTextPresent$8.call(Unknown Source)
	at Misc.run(Misc:100)
	at com.kms.katalon.core.main.ScriptEngine.run(ScriptEngine.java:194)
	at com.kms.katalon.core.main.ScriptEngine.runScriptAsRawText(ScriptEngine.java:119)
	at com.kms.katalon.core.main.TestCaseExecutor.runScript(TestCaseExecutor.java:448)
	at com.kms.katalon.core.main.TestCaseExecutor.doExecute(TestCaseExecutor.java:439)
	at com.kms.katalon.core.main.TestCaseExecutor.processExecutionPhase(TestCaseExecutor.java:418)
	at com.kms.katalon.core.main.TestCaseExecutor.accessMainPhase(TestCaseExecutor.java:410)
	at com.kms.katalon.core.main.TestCaseExecutor.execute(TestCaseExecutor.java:285)
	at com.kms.katalon.core.common.CommonExecutor.accessTestCaseMainPhase(CommonExecutor.java:65)
	at com.kms.katalon.core.main.TestSuiteExecutor.accessTestSuiteMainPhase(TestSuiteExecutor.java:148)
	at com.kms.katalon.core.main.TestSuiteExecutor.execute(TestSuiteExecutor.java:106)
	at com.kms.katalon.core.main.TestCaseMain.startTestSuite(TestCaseMain.java:187)
	at com.kms.katalon.core.main.TestCaseMain$startTestSuite$0.call(Unknown Source)
	at TempTestSuite1715800219174.run(TempTestSuite1715800219174.groovy:35)
)

2024-05-15 15:57:41 - [MESSAGE][FAILED] - Text 'Is this information correct?' is not present on page  (Root cause: com.kms.katalon.core.exception.StepFailedException: Text 'Is this information correct?' is not present on page 
	at com.kms.katalon.core.webui.keyword.internal.WebUIKeywordMain.stepFailed(WebUIKeywordMain.groovy:64)
	at com.kms.katalon.core.webui.keyword.builtin.VerifyTextPresentKeyword$_verifyTextPresent_closure1.doCall(VerifyTextPresentKeyword.groovy:79)
	at com.kms.katalon.core.webui.keyword.builtin.VerifyTextPresentKeyword$_verifyTextPresent_closure1.call(VerifyTextPresentKeyword.groovy)
	at com.kms.katalon.core.webui.keyword.internal.WebUIKeywordMain.runKeyword(WebUIKeywordMain.groovy:20)
	at com.kms.katalon.core.webui.keyword.builtin.VerifyTextPresentKeyword.verifyTextPresent(VerifyTextPresentKeyword.groovy:83)
	at com.kms.katalon.core.webui.keyword.builtin.VerifyTextPresentKeyword.execute(VerifyTextPresentKeyword.groovy:68)
	at com.kms.katalon.core.keyword.internal.KeywordExecutor.executeKeywordForPlatform(KeywordExecutor.groovy:74)
	at com.kms.katalon.core.webui.keyword.WebUiBuiltInKeywords.verifyTextPresent(WebUiBuiltInKeywords.groovy:1723)
	at com.kms.katalon.core.webui.keyword.WebUiBuiltInKeywords$verifyTextPresent$8.call(Unknown Source)
	at Misc.run(Misc:100)
	at com.kms.katalon.core.main.ScriptEngine.run(ScriptEngine.java:194)
	at com.kms.katalon.core.main.ScriptEngine.runScriptAsRawText(ScriptEngine.java:119)
	at com.kms.katalon.core.main.TestCaseExecutor.runScript(TestCaseExecutor.java:448)
	at com.kms.katalon.core.main.TestCaseExecutor.doExecute(TestCaseExecutor.java:439)
	at com.kms.katalon.core.main.TestCaseExecutor.processExecutionPhase(TestCaseExecutor.java:418)
	at com.kms.katalon.core.main.TestCaseExecutor.accessMainPhase(TestCaseExecutor.java:410)
	at com.kms.katalon.core.main.TestCaseExecutor.execute(TestCaseExecutor.java:285)
	at com.kms.katalon.core.common.CommonExecutor.accessTestCaseMainPhase(CommonExecutor.java:65)
	at com.kms.katalon.core.main.TestSuiteExecutor.accessTestSuiteMainPhase(TestSuiteExecutor.java:148)
	at com.kms.katalon.core.main.TestSuiteExecutor.execute(TestSuiteExecutor.java:106)
	at com.kms.katalon.core.main.TestCaseMain.startTestSuite(TestCaseMain.java:187)
	at com.kms.katalon.core.main.TestCaseMain$startTestSuite$0.call(Unknown Source)
	at TempTestSuite1715800219174.run(TempTestSuite1715800219174.groovy:35)
)

2024-05-15 15:57:41 - [TEST_STEP][PASSED] - else: null

2024-05-15 15:57:41 - [TEST_STEP][PASSED] - println("Is this information correct text is not present on the Confirmation page"): null

2024-05-15 15:57:41 - [TEST_STEP][FAILED] - if (verifyElementPresent(findTestObject("Object Repository/IWP30/Page_Confirmation/ConfirmButton"), 30)): com.kms.katalon.core.webui.exception.WebElementNotFoundException: Web element with id: 'Object Repository/IWP30/Page_Confirmation/ConfirmButton' located by '//*[@type = 'submit' and @name = 'confirmNotifyAction' and @id = 'submitYes' and @value = 'Confirm']' not found (Root cause: com.kms.katalon.core.exception.StepFailedException: com.kms.katalon.core.webui.exception.WebElementNotFoundException: Web element with id: 'Object Repository/IWP30/Page_Confirmation/ConfirmButton' located by '//*[@type = 'submit' and @name = 'confirmNotifyAction' and @id = 'submitYes' and @value = 'Confirm']' not found
	at com.kms.katalon.core.webui.keyword.internal.WebUIKeywordMain.stepFailed(WebUIKeywordMain.groovy:64)
	at com.kms.katalon.core.webui.keyword.builtin.VerifyElementPresentKeyword$_verifyElementPresent_closure1.doCall(VerifyElementPresentKeyword.groovy:85)
	at com.kms.katalon.core.webui.keyword.builtin.VerifyElementPresentKeyword$_verifyElementPresent_closure1.call(VerifyElementPresentKeyword.groovy)
	at com.kms.katalon.core.webui.keyword.internal.WebUIKeywordMain.runKeyword(WebUIKeywordMain.groovy:20)
	at com.kms.katalon.core.webui.keyword.builtin.VerifyElementPresentKeyword.verifyElementPresent(VerifyElementPresentKeyword.groovy:92)
	at com.kms.katalon.core.webui.keyword.builtin.VerifyElementPresentKeyword.execute(VerifyElementPresentKeyword.groovy:68)
	at com.kms.katalon.core.keyword.internal.KeywordExecutor.executeKeywordForPlatform(KeywordExecutor.groovy:74)
	at com.kms.katalon.core.webui.keyword.WebUiBuiltInKeywords.verifyElementPresent(WebUiBuiltInKeywords.groovy:1464)
	at com.kms.katalon.core.webui.keyword.WebUiBuiltInKeywords$verifyElementPresent$5.call(Unknown Source)
	at Misc.run(Misc:108)
	at com.kms.katalon.core.main.ScriptEngine.run(ScriptEngine.java:194)
	at com.kms.katalon.core.main.ScriptEngine.runScriptAsRawText(ScriptEngine.java:119)
	at com.kms.katalon.core.main.TestCaseExecutor.runScript(TestCaseExecutor.java:448)
	at com.kms.katalon.core.main.TestCaseExecutor.doExecute(TestCaseExecutor.java:439)
	at com.kms.katalon.core.main.TestCaseExecutor.processExecutionPhase(TestCaseExecutor.java:418)
	at com.kms.katalon.core.main.TestCaseExecutor.accessMainPhase(TestCaseExecutor.java:410)
	at com.kms.katalon.core.main.TestCaseExecutor.execute(TestCaseExecutor.java:285)
	at com.kms.katalon.core.common.CommonExecutor.accessTestCaseMainPhase(CommonExecutor.java:65)
	at com.kms.katalon.core.main.TestSuiteExecutor.accessTestSuiteMainPhase(TestSuiteExecutor.java:148)
	at com.kms.katalon.core.main.TestSuiteExecutor.execute(TestSuiteExecutor.java:106)
	at com.kms.katalon.core.main.TestCaseMain.startTestSuite(TestCaseMain.java:187)
	at com.kms.katalon.core.main.TestCaseMain$startTestSuite$0.call(Unknown Source)
	at TempTestSuite1715800219174.run(TempTestSuite1715800219174.groovy:35)
)

2024-05-15 15:58:12 - [MESSAGE][INFO] - Unable to find the element located by 'By.xpath: //*[@type = 'submit' and @name = 'confirmNotifyAction' and @id = 'submitYes' and @value = 'Confirm']'. Please recheck the objects properties to make sure the desired element is located. 

2024-05-15 15:58:13 - [MESSAGE][FAILED] - com.kms.katalon.core.webui.exception.WebElementNotFoundException: Web element with id: 'Object Repository/IWP30/Page_Confirmation/ConfirmButton' located by '//*[@type = 'submit' and @name = 'confirmNotifyAction' and @id = 'submitYes' and @value = 'Confirm']' not found (Root cause: com.kms.katalon.core.exception.StepFailedException: com.kms.katalon.core.webui.exception.WebElementNotFoundException: Web element with id: 'Object Repository/IWP30/Page_Confirmation/ConfirmButton' located by '//*[@type = 'submit' and @name = 'confirmNotifyAction' and @id = 'submitYes' and @value = 'Confirm']' not found
	at com.kms.katalon.core.webui.keyword.internal.WebUIKeywordMain.stepFailed(WebUIKeywordMain.groovy:64)
	at com.kms.katalon.core.webui.keyword.builtin.VerifyElementPresentKeyword$_verifyElementPresent_closure1.doCall(VerifyElementPresentKeyword.groovy:85)
	at com.kms.katalon.core.webui.keyword.builtin.VerifyElementPresentKeyword$_verifyElementPresent_closure1.call(VerifyElementPresentKeyword.groovy)
	at com.kms.katalon.core.webui.keyword.internal.WebUIKeywordMain.runKeyword(WebUIKeywordMain.groovy:20)
	at com.kms.katalon.core.webui.keyword.builtin.VerifyElementPresentKeyword.verifyElementPresent(VerifyElementPresentKeyword.groovy:92)
	at com.kms.katalon.core.webui.keyword.builtin.VerifyElementPresentKeyword.execute(VerifyElementPresentKeyword.groovy:68)
	at com.kms.katalon.core.keyword.internal.KeywordExecutor.executeKeywordForPlatform(KeywordExecutor.groovy:74)
	at com.kms.katalon.core.webui.keyword.WebUiBuiltInKeywords.verifyElementPresent(WebUiBuiltInKeywords.groovy:1464)
	at com.kms.katalon.core.webui.keyword.WebUiBuiltInKeywords$verifyElementPresent$5.call(Unknown Source)
	at Misc.run(Misc:108)
	at com.kms.katalon.core.main.ScriptEngine.run(ScriptEngine.java:194)
	at com.kms.katalon.core.main.ScriptEngine.runScriptAsRawText(ScriptEngine.java:119)
	at com.kms.katalon.core.main.TestCaseExecutor.runScript(TestCaseExecutor.java:448)
	at com.kms.katalon.core.main.TestCaseExecutor.doExecute(TestCaseExecutor.java:439)
	at com.kms.katalon.core.main.TestCaseExecutor.processExecutionPhase(TestCaseExecutor.java:418)
	at com.kms.katalon.core.main.TestCaseExecutor.accessMainPhase(TestCaseExecutor.java:410)
	at com.kms.katalon.core.main.TestCaseExecutor.execute(TestCaseExecutor.java:285)
	at com.kms.katalon.core.common.CommonExecutor.accessTestCaseMainPhase(CommonExecutor.java:65)
	at com.kms.katalon.core.main.TestSuiteExecutor.accessTestSuiteMainPhase(TestSuiteExecutor.java:148)
	at com.kms.katalon.core.main.TestSuiteExecutor.execute(TestSuiteExecutor.java:106)
	at com.kms.katalon.core.main.TestCaseMain.startTestSuite(TestCaseMain.java:187)
	at com.kms.katalon.core.main.TestCaseMain$startTestSuite$0.call(Unknown Source)
	at TempTestSuite1715800219174.run(TempTestSuite1715800219174.groovy:35)
)
[[ATTACHMENT|E:\\Cloned-Project-Katalon\\VPS-Katalon\\Reports\\20240515_151019\\QA\\IWP3.0\\IWP30 Smoke TestSuite\\20240515_151019\\1715803092611.png]]

2024-05-15 15:58:13 - [TEST_STEP][PASSED] - else: null

2024-05-15 15:58:13 - [TEST_STEP][PASSED] - println("Confirm button is missing on the Confirmation page"): null

2024-05-15 15:58:13 - [TEST_STEP][PASSED] - Thread.sleep(10000): null

2024-05-15 15:58:23 - [TEST_STEP][FAILED] - if (verifyTextPresent("Successful Payment Receipt", false)): Text 'Successful Payment Receipt' is not present on page  (Root cause: com.kms.katalon.core.exception.StepFailedException: Text 'Successful Payment Receipt' is not present on page 
	at com.kms.katalon.core.webui.keyword.internal.WebUIKeywordMain.stepFailed(WebUIKeywordMain.groovy:64)
	at com.kms.katalon.core.webui.keyword.builtin.VerifyTextPresentKeyword$_verifyTextPresent_closure1.doCall(VerifyTextPresentKeyword.groovy:79)
	at com.kms.katalon.core.webui.keyword.builtin.VerifyTextPresentKeyword$_verifyTextPresent_closure1.call(VerifyTextPresentKeyword.groovy)
	at com.kms.katalon.core.webui.keyword.internal.WebUIKeywordMain.runKeyword(WebUIKeywordMain.groovy:20)
	at com.kms.katalon.core.webui.keyword.builtin.VerifyTextPresentKeyword.verifyTextPresent(VerifyTextPresentKeyword.groovy:83)
	at com.kms.katalon.core.webui.keyword.builtin.VerifyTextPresentKeyword.execute(VerifyTextPresentKeyword.groovy:68)
	at com.kms.katalon.core.keyword.internal.KeywordExecutor.executeKeywordForPlatform(KeywordExecutor.groovy:74)
	at com.kms.katalon.core.webui.keyword.WebUiBuiltInKeywords.verifyTextPresent(WebUiBuiltInKeywords.groovy:1723)
	at com.kms.katalon.core.webui.keyword.WebUiBuiltInKeywords$verifyTextPresent$8.call(Unknown Source)
	at Misc.run(Misc:123)
	at com.kms.katalon.core.main.ScriptEngine.run(ScriptEngine.java:194)
	at com.kms.katalon.core.main.ScriptEngine.runScriptAsRawText(ScriptEngine.java:119)
	at com.kms.katalon.core.main.TestCaseExecutor.runScript(TestCaseExecutor.java:448)
	at com.kms.katalon.core.main.TestCaseExecutor.doExecute(TestCaseExecutor.java:439)
	at com.kms.katalon.core.main.TestCaseExecutor.processExecutionPhase(TestCaseExecutor.java:418)
	at com.kms.katalon.core.main.TestCaseExecutor.accessMainPhase(TestCaseExecutor.java:410)
	at com.kms.katalon.core.main.TestCaseExecutor.execute(TestCaseExecutor.java:285)
	at com.kms.katalon.core.common.CommonExecutor.accessTestCaseMainPhase(CommonExecutor.java:65)
	at com.kms.katalon.core.main.TestSuiteExecutor.accessTestSuiteMainPhase(TestSuiteExecutor.java:148)
	at com.kms.katalon.core.main.TestSuiteExecutor.execute(TestSuiteExecutor.java:106)
	at com.kms.katalon.core.main.TestCaseMain.startTestSuite(TestCaseMain.java:187)
	at com.kms.katalon.core.main.TestCaseMain$startTestSuite$0.call(Unknown Source)
	at TempTestSuite1715800219174.run(TempTestSuite1715800219174.groovy:35)
)

2024-05-15 15:58:23 - [MESSAGE][FAILED] - Text 'Successful Payment Receipt' is not present on page  (Root cause: com.kms.katalon.core.exception.StepFailedException: Text 'Successful Payment Receipt' is not present on page 
	at com.kms.katalon.core.webui.keyword.internal.WebUIKeywordMain.stepFailed(WebUIKeywordMain.groovy:64)
	at com.kms.katalon.core.webui.keyword.builtin.VerifyTextPresentKeyword$_verifyTextPresent_closure1.doCall(VerifyTextPresentKeyword.groovy:79)
	at com.kms.katalon.core.webui.keyword.builtin.VerifyTextPresentKeyword$_verifyTextPresent_closure1.call(VerifyTextPresentKeyword.groovy)
	at com.kms.katalon.core.webui.keyword.internal.WebUIKeywordMain.runKeyword(WebUIKeywordMain.groovy:20)
	at com.kms.katalon.core.webui.keyword.builtin.VerifyTextPresentKeyword.verifyTextPresent(VerifyTextPresentKeyword.groovy:83)
	at com.kms.katalon.core.webui.keyword.builtin.VerifyTextPresentKeyword.execute(VerifyTextPresentKeyword.groovy:68)
	at com.kms.katalon.core.keyword.internal.KeywordExecutor.executeKeywordForPlatform(KeywordExecutor.groovy:74)
	at com.kms.katalon.core.webui.keyword.WebUiBuiltInKeywords.verifyTextPresent(WebUiBuiltInKeywords.groovy:1723)
	at com.kms.katalon.core.webui.keyword.WebUiBuiltInKeywords$verifyTextPresent$8.call(Unknown Source)
	at Misc.run(Misc:123)
	at com.kms.katalon.core.main.ScriptEngine.run(ScriptEngine.java:194)
	at com.kms.katalon.core.main.ScriptEngine.runScriptAsRawText(ScriptEngine.java:119)
	at com.kms.katalon.core.main.TestCaseExecutor.runScript(TestCaseExecutor.java:448)
	at com.kms.katalon.core.main.TestCaseExecutor.doExecute(TestCaseExecutor.java:439)
	at com.kms.katalon.core.main.TestCaseExecutor.processExecutionPhase(TestCaseExecutor.java:418)
	at com.kms.katalon.core.main.TestCaseExecutor.accessMainPhase(TestCaseExecutor.java:410)
	at com.kms.katalon.core.main.TestCaseExecutor.execute(TestCaseExecutor.java:285)
	at com.kms.katalon.core.common.CommonExecutor.accessTestCaseMainPhase(CommonExecutor.java:65)
	at com.kms.katalon.core.main.TestSuiteExecutor.accessTestSuiteMainPhase(TestSuiteExecutor.java:148)
	at com.kms.katalon.core.main.TestSuiteExecutor.execute(TestSuiteExecutor.java:106)
	at com.kms.katalon.core.main.TestCaseMain.startTestSuite(TestCaseMain.java:187)
	at com.kms.katalon.core.main.TestCaseMain$startTestSuite$0.call(Unknown Source)
	at TempTestSuite1715800219174.run(TempTestSuite1715800219174.groovy:35)
)

2024-05-15 15:58:23 - [TEST_STEP][PASSED] - else: null

2024-05-15 15:58:23 - [TEST_STEP][FAILED] - if (verifyTextPresent("Please print this receipt for your records", false)): Text 'Please print this receipt for your records' is not present on page  (Root cause: com.kms.katalon.core.exception.StepFailedException: Text 'Please print this receipt for your records' is not present on page 
	at com.kms.katalon.core.webui.keyword.internal.WebUIKeywordMain.stepFailed(WebUIKeywordMain.groovy:64)
	at com.kms.katalon.core.webui.keyword.builtin.VerifyTextPresentKeyword$_verifyTextPresent_closure1.doCall(VerifyTextPresentKeyword.groovy:79)
	at com.kms.katalon.core.webui.keyword.builtin.VerifyTextPresentKeyword$_verifyTextPresent_closure1.call(VerifyTextPresentKeyword.groovy)
	at com.kms.katalon.core.webui.keyword.internal.WebUIKeywordMain.runKeyword(WebUIKeywordMain.groovy:20)
	at com.kms.katalon.core.webui.keyword.builtin.VerifyTextPresentKeyword.verifyTextPresent(VerifyTextPresentKeyword.groovy:83)
	at com.kms.katalon.core.webui.keyword.builtin.VerifyTextPresentKeyword.execute(VerifyTextPresentKeyword.groovy:68)
	at com.kms.katalon.core.keyword.internal.KeywordExecutor.executeKeywordForPlatform(KeywordExecutor.groovy:74)
	at com.kms.katalon.core.webui.keyword.WebUiBuiltInKeywords.verifyTextPresent(WebUiBuiltInKeywords.groovy:1723)
	at com.kms.katalon.core.webui.keyword.WebUiBuiltInKeywords$verifyTextPresent$8.call(Unknown Source)
	at Misc.run(Misc:130)
	at com.kms.katalon.core.main.ScriptEngine.run(ScriptEngine.java:194)
	at com.kms.katalon.core.main.ScriptEngine.runScriptAsRawText(ScriptEngine.java:119)
	at com.kms.katalon.core.main.TestCaseExecutor.runScript(TestCaseExecutor.java:448)
	at com.kms.katalon.core.main.TestCaseExecutor.doExecute(TestCaseExecutor.java:439)
	at com.kms.katalon.core.main.TestCaseExecutor.processExecutionPhase(TestCaseExecutor.java:418)
	at com.kms.katalon.core.main.TestCaseExecutor.accessMainPhase(TestCaseExecutor.java:410)
	at com.kms.katalon.core.main.TestCaseExecutor.execute(TestCaseExecutor.java:285)
	at com.kms.katalon.core.common.CommonExecutor.accessTestCaseMainPhase(CommonExecutor.java:65)
	at com.kms.katalon.core.main.TestSuiteExecutor.accessTestSuiteMainPhase(TestSuiteExecutor.java:148)
	at com.kms.katalon.core.main.TestSuiteExecutor.execute(TestSuiteExecutor.java:106)
	at com.kms.katalon.core.main.TestCaseMain.startTestSuite(TestCaseMain.java:187)
	at com.kms.katalon.core.main.TestCaseMain$startTestSuite$0.call(Unknown Source)
	at TempTestSuite1715800219174.run(TempTestSuite1715800219174.groovy:35)
)

2024-05-15 15:58:23 - [MESSAGE][FAILED] - Text 'Please print this receipt for your records' is not present on page  (Root cause: com.kms.katalon.core.exception.StepFailedException: Text 'Please print this receipt for your records' is not present on page 
	at com.kms.katalon.core.webui.keyword.internal.WebUIKeywordMain.stepFailed(WebUIKeywordMain.groovy:64)
	at com.kms.katalon.core.webui.keyword.builtin.VerifyTextPresentKeyword$_verifyTextPresent_closure1.doCall(VerifyTextPresentKeyword.groovy:79)
	at com.kms.katalon.core.webui.keyword.builtin.VerifyTextPresentKeyword$_verifyTextPresent_closure1.call(VerifyTextPresentKeyword.groovy)
	at com.kms.katalon.core.webui.keyword.internal.WebUIKeywordMain.runKeyword(WebUIKeywordMain.groovy:20)
	at com.kms.katalon.core.webui.keyword.builtin.VerifyTextPresentKeyword.verifyTextPresent(VerifyTextPresentKeyword.groovy:83)
	at com.kms.katalon.core.webui.keyword.builtin.VerifyTextPresentKeyword.execute(VerifyTextPresentKeyword.groovy:68)
	at com.kms.katalon.core.keyword.internal.KeywordExecutor.executeKeywordForPlatform(KeywordExecutor.groovy:74)
	at com.kms.katalon.core.webui.keyword.WebUiBuiltInKeywords.verifyTextPresent(WebUiBuiltInKeywords.groovy:1723)
	at com.kms.katalon.core.webui.keyword.WebUiBuiltInKeywords$verifyTextPresent$8.call(Unknown Source)
	at Misc.run(Misc:130)
	at com.kms.katalon.core.main.ScriptEngine.run(ScriptEngine.java:194)
	at com.kms.katalon.core.main.ScriptEngine.runScriptAsRawText(ScriptEngine.java:119)
	at com.kms.katalon.core.main.TestCaseExecutor.runScript(TestCaseExecutor.java:448)
	at com.kms.katalon.core.main.TestCaseExecutor.doExecute(TestCaseExecutor.java:439)
	at com.kms.katalon.core.main.TestCaseExecutor.processExecutionPhase(TestCaseExecutor.java:418)
	at com.kms.katalon.core.main.TestCaseExecutor.accessMainPhase(TestCaseExecutor.java:410)
	at com.kms.katalon.core.main.TestCaseExecutor.execute(TestCaseExecutor.java:285)
	at com.kms.katalon.core.common.CommonExecutor.accessTestCaseMainPhase(CommonExecutor.java:65)
	at com.kms.katalon.core.main.TestSuiteExecutor.accessTestSuiteMainPhase(TestSuiteExecutor.java:148)
	at com.kms.katalon.core.main.TestSuiteExecutor.execute(TestSuiteExecutor.java:106)
	at com.kms.katalon.core.main.TestCaseMain.startTestSuite(TestCaseMain.java:187)
	at com.kms.katalon.core.main.TestCaseMain$startTestSuite$0.call(Unknown Source)
	at TempTestSuite1715800219174.run(TempTestSuite1715800219174.groovy:35)
)

2024-05-15 15:58:23 - [TEST_STEP][PASSED] - else: null

2024-05-15 15:58:23 - [TEST_STEP][PASSED] - if (verifyElementPresent(findTestObject("Object Repository/IWP30/Page_Receipt/ExitButton"), 30)): null

2024-05-15 15:58:24 - [MESSAGE][PASSED] - Object 'Object Repository/IWP30/Page_Receipt/ExitButton' is present

2024-05-15 15:58:24 - [TEST_STEP][PASSED] - println("Exit Button is present on the Receipt page"): null

2024-05-15 15:58:24 - [TEST_STEP][PASSED] - closeBrowser(): Browser is closed

2024-05-15 15:58:25 - [MESSAGE][PASSED] - Browser is closed

2024-05-15 15:58:25 - [TEST_STEP][PASSED] - openBrowser(urlEmulator): Browser is opened with url: 'https://qa2.velocitypayment.com/agency/config.do?action=editor'

2024-05-15 15:58:25 - [MESSAGE][INFO] - Starting 'Chrome' driver

2024-05-15 15:58:25 - [MESSAGE][INFO] - User set preference: ['acceptInsecureCerts', 'true']

2024-05-15 15:58:25 - [MESSAGE][INFO] - Action delay is set to 0 milliseconds

2024-05-15 15:58:27 - [MESSAGE][PASSED] - Browser is opened with url: 'https://qa2.velocitypayment.com/agency/config.do?action=editor'

2024-05-15 15:58:27 - [TEST_STEP][PASSED] - maximizeWindow(): Current window maximized

2024-05-15 15:58:27 - [MESSAGE][PASSED] - Current window maximized

2024-05-15 15:58:27 - [TEST_STEP][PASSED] - iwpPages.emulatorIWP30.getSetData(row, dataFile): iwpPages.emulatorIWP30.getSetData is PASSED

2024-05-15 15:58:30 - [MESSAGE][PASSED] - All options with value '3.0' are selected in object 'Object Repository/IWP30/Page_VRelay30Emulator/MV'  using regular expression

2024-05-15 15:58:30 - [MESSAGE][PASSED] - Text '10.50' is set on object 'Object Repository/IWP30/Page_VRelay30Emulator/Amount'

2024-05-15 15:58:31 - [MESSAGE][PASSED] - Text '26411005' is set on object 'Object Repository/IWP30/Page_VRelay30Emulator/CAN'

2024-05-15 15:58:32 - [MESSAGE][PASSED] - Text 'PayNow' is set on object 'Object Repository/IWP30/Page_VRelay30Emulator/Action'

2024-05-15 15:58:32 - [MESSAGE][PASSED] - Text 'en_US' is set on object 'Object Repository/IWP30/Page_VRelay30Emulator/Lang'

2024-05-15 15:58:33 - [MESSAGE][PASSED] - Text '' is set on object 'Object Repository/IWP30/Page_VRelay30Emulator/Fname'

2024-05-15 15:58:33 - [MESSAGE][PASSED] - Text '' is set on object 'Object Repository/IWP30/Page_VRelay30Emulator/Lname'

2024-05-15 15:58:34 - [MESSAGE][PASSED] - Text '' is set on object 'Object Repository/IWP30/Page_VRelay30Emulator/AL1'

2024-05-15 15:58:35 - [MESSAGE][PASSED] - Text '' is set on object 'Object Repository/IWP30/Page_VRelay30Emulator/AL2'

2024-05-15 15:58:35 - [MESSAGE][PASSED] - Text '840' is set on object 'Object Repository/IWP30/Page_VRelay30Emulator/Country'

2024-05-15 15:58:36 - [MESSAGE][PASSED] - Text '' is set on object 'Object Repository/IWP30/Page_VRelay30Emulator/City'

2024-05-15 15:58:36 - [MESSAGE][PASSED] - Text '' is set on object 'Object Repository/IWP30/Page_VRelay30Emulator/State'

2024-05-15 15:58:37 - [MESSAGE][PASSED] - Text '' is set on object 'Object Repository/IWP30/Page_VRelay30Emulator/ZIP'

2024-05-15 15:58:38 - [MESSAGE][PASSED] - Text '' is set on object 'Object Repository/IWP30/Page_VRelay30Emulator/Order'

2024-05-15 15:58:38 - [MESSAGE][PASSED] - Text '' is set on object 'Object Repository/IWP30/Page_VRelay30Emulator/Company'

2024-05-15 15:58:39 - [MESSAGE][PASSED] - Text '' is set on object 'Object Repository/IWP30/Page_VRelay30Emulator/Email'

2024-05-15 15:58:40 - [MESSAGE][PASSED] - Text '' is set on object 'Object Repository/IWP30/Page_VRelay30Emulator/UDF1'

2024-05-15 15:58:40 - [MESSAGE][PASSED] - Text '' is set on object 'Object Repository/IWP30/Page_VRelay30Emulator/UDF2'

2024-05-15 15:58:41 - [MESSAGE][PASSED] - Text '' is set on object 'Object Repository/IWP30/Page_VRelay30Emulator/UDF3'

2024-05-15 15:58:41 - [MESSAGE][PASSED] - Text 'udf data 4' is set on object 'Object Repository/IWP30/Page_VRelay30Emulator/UDF4'

2024-05-15 15:58:42 - [MESSAGE][PASSED] - Text 'udf data 5' is set on object 'Object Repository/IWP30/Page_VRelay30Emulator/UDF5'

2024-05-15 15:58:43 - [MESSAGE][PASSED] - Text '' is set on object 'Object Repository/IWP30/Page_VRelay30Emulator/UDF6'

2024-05-15 15:58:43 - [MESSAGE][PASSED] - Text '' is set on object 'Object Repository/IWP30/Page_VRelay30Emulator/UDF7'

2024-05-15 15:58:44 - [MESSAGE][PASSED] - Text '' is set on object 'Object Repository/IWP30/Page_VRelay30Emulator/UDF8'

2024-05-15 15:58:45 - [MESSAGE][PASSED] - Text 'udf data 9' is set on object 'Object Repository/IWP30/Page_VRelay30Emulator/UDF9'

2024-05-15 15:58:45 - [MESSAGE][PASSED] - Text 'udf data 10' is set on object 'Object Repository/IWP30/Page_VRelay30Emulator/UDF10'

2024-05-15 15:58:56 - [MESSAGE][PASSED] - Object: 'Object Repository/IWP30/Page_VRelay30Emulator/Submit' is clicked on

2024-05-15 15:58:56 - [MESSAGE][PASSED] - iwpPages.emulatorIWP30.getSetData is PASSED

2024-05-15 15:58:56 - [TEST_STEP][PASSED] - closeBrowser(): Browser is closed

2024-05-15 15:58:57 - [MESSAGE][PASSED] - Browser is closed

2024-05-15 15:58:57 - [TEST_STEP][PASSED] - openBrowser(urlTestHarness): Browser is opened with url: 'https://dev-algorithm.govolution.com/vrelaytest/QA2/version_2_2/vrelaytest.html'

2024-05-15 15:58:57 - [MESSAGE][INFO] - Starting 'Chrome' driver

2024-05-15 15:58:57 - [MESSAGE][INFO] - User set preference: ['acceptInsecureCerts', 'true']

2024-05-15 15:58:57 - [MESSAGE][INFO] - Action delay is set to 0 milliseconds

2024-05-15 15:58:59 - [MESSAGE][PASSED] - Browser is opened with url: 'https://dev-algorithm.govolution.com/vrelaytest/QA2/version_2_2/vrelaytest.html'

2024-05-15 15:58:59 - [TEST_STEP][PASSED] - maximizeWindow(): Current window maximized

2024-05-15 15:59:00 - [MESSAGE][PASSED] - Current window maximized

2024-05-15 15:59:00 - [TEST_STEP][PASSED] - iwpPages.TestHarnessPage.setDataMethod(row, dataFile): iwpPages.TestHarnessPage.setDataMethod is PASSED

2024-05-15 15:59:00 - [MESSAGE][PASSED] - Object 'Object Repository/IWP30/Page_QATestHarness/RemittanceID' is present

2024-05-15 15:59:01 - [MESSAGE][PASSED] - Text '649' is set on object 'Object Repository/IWP30/Page_QATestHarness/ApplicationID'

2024-05-15 15:59:01 - [MESSAGE][PASSED] - Text '3.0' is set on object 'Object Repository/IWP30/Page_QATestHarness/MessageVersion'

2024-05-15 15:59:02 - [MESSAGE][PASSED] - Text 'iQYaLR1qxVXz' is set on object 'Object Repository/IWP30/Page_QATestHarness/RemittanceID'

2024-05-15 15:59:03 - [MESSAGE][PASSED] - Object: 'Object Repository/IWP30/Page_QATestHarness/SubmitButton' is clicked on

2024-05-15 15:59:03 - [MESSAGE][PASSED] - iwpPages.TestHarnessPage.setDataMethod is PASSED

2024-05-15 15:59:03 - [TEST_STEP][PASSED] - if (verifyElementPresent(findTestObject("Object Repository/IWP30/Page_SelectPaymentMethod/PayByCreditCard"), 30)): null

2024-05-15 15:59:04 - [MESSAGE][PASSED] - Object 'Object Repository/IWP30/Page_SelectPaymentMethod/PayByCreditCard' is present

2024-05-15 15:59:04 - [TEST_STEP][PASSED] - println("We are on Select Payment Method page, start populating"): null

2024-05-15 15:59:04 - [TEST_STEP][PASSED] - check(findTestObject("Object Repository/IWP30/Page_SelectPaymentMethod/PayByCreditCard")): Object 'Object Repository/IWP30/Page_SelectPaymentMethod/PayByCreditCard' is checked

2024-05-15 15:59:04 - [MESSAGE][PASSED] - Object 'Object Repository/IWP30/Page_SelectPaymentMethod/PayByCreditCard' is checked

2024-05-15 15:59:04 - [TEST_STEP][PASSED] - Thread.sleep(1000): null

2024-05-15 15:59:05 - [TEST_STEP][PASSED] - click(findTestObject("Object Repository/IWP30/Page_SelectPaymentMethod/MakePaymentButton")): Object: 'Object Repository/IWP30/Page_SelectPaymentMethod/MakePaymentButton' is clicked on

2024-05-15 15:59:06 - [MESSAGE][PASSED] - Object: 'Object Repository/IWP30/Page_SelectPaymentMethod/MakePaymentButton' is clicked on

2024-05-15 15:59:06 - [TEST_STEP][FAILED] - iwpPages.ccPaymentEntryPage.setDataCCPM(row, dataFile): com.kms.katalon.core.exception.StepFailedException: Unable to select option by label '2023' of object 'Object Repository/IWP30/Page_CCPaymentEntry/Year'  (Root cause: com.kms.katalon.core.exception.StepFailedException: Unable to select option by label '2023' of object 'Object Repository/IWP30/Page_CCPaymentEntry/Year' 
	at com.kms.katalon.core.webui.keyword.internal.WebUIKeywordMain.stepFailed(WebUIKeywordMain.groovy:64)
	at com.kms.katalon.core.webui.keyword.internal.WebUIKeywordMain.runKeyword(WebUIKeywordMain.groovy:26)
	at com.kms.katalon.core.webui.keyword.builtin.SelectOptionByLabelKeyword.selectOptionByLabel(SelectOptionByLabelKeyword.groovy:98)
	at com.kms.katalon.core.webui.keyword.builtin.SelectOptionByLabelKeyword.execute(SelectOptionByLabelKeyword.groovy:71)
	at com.kms.katalon.core.keyword.internal.KeywordExecutor.executeKeywordForPlatform(KeywordExecutor.groovy:74)
	at com.kms.katalon.core.webui.keyword.WebUiBuiltInKeywords.selectOptionByLabel(WebUiBuiltInKeywords.groovy:1230)
	at com.kms.katalon.core.webui.keyword.WebUiBuiltInKeywords$selectOptionByLabel$7.call(Unknown Source)
	at iwpPages.ccPaymentEntryPage.setDataCCPM(ccPaymentEntryPage.groovy:252)
	at iwpPages.ccPaymentEntryPage.invokeMethod(ccPaymentEntryPage.groovy)
	at com.kms.katalon.core.main.CustomKeywordDelegatingMetaClass.invokeStaticMethod(CustomKeywordDelegatingMetaClass.java:55)
	at Misc.run(Misc:85)
	at com.kms.katalon.core.main.ScriptEngine.run(ScriptEngine.java:194)
	at com.kms.katalon.core.main.ScriptEngine.runScriptAsRawText(ScriptEngine.java:119)
	at com.kms.katalon.core.main.TestCaseExecutor.runScript(TestCaseExecutor.java:448)
	at com.kms.katalon.core.main.TestCaseExecutor.doExecute(TestCaseExecutor.java:439)
	at com.kms.katalon.core.main.TestCaseExecutor.processExecutionPhase(TestCaseExecutor.java:418)
	at com.kms.katalon.core.main.TestCaseExecutor.accessMainPhase(TestCaseExecutor.java:410)
	at com.kms.katalon.core.main.TestCaseExecutor.execute(TestCaseExecutor.java:285)
	at com.kms.katalon.core.common.CommonExecutor.accessTestCaseMainPhase(CommonExecutor.java:65)
	at com.kms.katalon.core.main.TestSuiteExecutor.accessTestSuiteMainPhase(TestSuiteExecutor.java:148)
	at com.kms.katalon.core.main.TestSuiteExecutor.execute(TestSuiteExecutor.java:106)
	at com.kms.katalon.core.main.TestCaseMain.startTestSuite(TestCaseMain.java:187)
	at com.kms.katalon.core.main.TestCaseMain$startTestSuite$0.call(Unknown Source)
	at TempTestSuite1715800219174.run(TempTestSuite1715800219174.groovy:35)
Caused by: org.openqa.selenium.NoSuchElementException: Cannot locate element with text: 2023
For documentation on this error, please visit: https://www.seleniumhq.org/exceptions/no_such_element.html
Build info: version: '3.141.59', revision: 'e82be7d358', time: '2018-11-14T08:25:53'
System info: host: 'DESKTOP-B2QI6NS', ip: '172.31.253.185', os.name: 'Windows 10', os.arch: 'amd64', os.version: '10.0', java.version: '1.8.0_181'
Driver info: driver.version: unknown
	at org.openqa.selenium.support.ui.Select.selectByVisibleText(Select.java:147)
	at com.kms.katalon.core.webui.common.WebUiCommonHelper.selectOrDeselectOptionsByLabel(WebUiCommonHelper.java:310)
	at com.kms.katalon.core.webui.keyword.builtin.SelectOptionByLabelKeyword$_selectOptionByLabel_closure1.doCall(SelectOptionByLabelKeyword.groovy:87)
	at com.kms.katalon.core.webui.keyword.builtin.SelectOptionByLabelKeyword$_selectOptionByLabel_closure1.call(SelectOptionByLabelKeyword.groovy)
	at com.kms.katalon.core.webui.keyword.internal.WebUIKeywordMain.runKeyword(WebUIKeywordMain.groovy:20)
	at com.kms.katalon.core.webui.keyword.builtin.SelectOptionByLabelKeyword.selectOptionByLabel(SelectOptionByLabelKeyword.groovy:98)
	at com.kms.katalon.core.webui.keyword.builtin.SelectOptionByLabelKeyword.execute(SelectOptionByLabelKeyword.groovy:71)
	at com.kms.katalon.core.keyword.internal.KeywordExecutor.executeKeywordForPlatform(KeywordExecutor.groovy:74)
	at com.kms.katalon.core.webui.keyword.WebUiBuiltInKeywords.selectOptionByLabel(WebUiBuiltInKeywords.groovy:1230)
	at com.kms.katalon.core.webui.keyword.WebUiBuiltInKeywords$selectOptionByLabel$7.call(Unknown Source)
	at iwpPages.ccPaymentEntryPage.setDataCCPM(ccPaymentEntryPage.groovy:252)
	at iwpPages.ccPaymentEntryPage.invokeMethod(ccPaymentEntryPage.groovy)
	at com.kms.katalon.core.main.CustomKeywordDelegatingMetaClass.invokeStaticMethod(CustomKeywordDelegatingMetaClass.java:55)
	at Script1593488051730.run(Script1593488051730.groovy:85)
	... 13 more
)

2024-05-15 15:59:07 - [MESSAGE][PASSED] - Object 'Object Repository/IWP30/Page_CCPaymentEntry/Name' is present

2024-05-15 15:59:08 - [MESSAGE][PASSED] - Object 'Object Repository/IWP30/Page_CCPaymentEntry/Amount' is present

2024-05-15 15:59:08 - [MESSAGE][PASSED] - Text '20.50' is set on object 'Object Repository/IWP30/Page_CCPaymentEntry/Amount'

2024-05-15 15:59:09 - [MESSAGE][PASSED] - Object 'Object Repository/IWP30/Page_CCPaymentEntry/UserDefined2' is present

2024-05-15 15:59:09 - [MESSAGE][PASSED] - Text 'Number 2' is set on object 'Object Repository/IWP30/Page_CCPaymentEntry/UserDefined2'

2024-05-15 15:59:10 - [MESSAGE][PASSED] - Object 'Object Repository/IWP30/Page_CCPaymentEntry/UserDefined3' is present

2024-05-15 15:59:10 - [MESSAGE][PASSED] - Text 'Number 3' is set on object 'Object Repository/IWP30/Page_CCPaymentEntry/UserDefined3'

2024-05-15 15:59:11 - [MESSAGE][PASSED] - Object 'Object Repository/IWP30/Page_CCPaymentEntry/UserDefined7' is present

2024-05-15 15:59:11 - [MESSAGE][PASSED] - All options with label 'Orange' are selected in object 'Object Repository/IWP30/Page_CCPaymentEntry/UserDefined7' 

2024-05-15 15:59:12 - [MESSAGE][PASSED] - Object 'Object Repository/IWP30/Page_CCPaymentEntry/UserDefined8' is present

2024-05-15 15:59:12 - [MESSAGE][PASSED] - All options with label 'Tennis' are selected in object 'Object Repository/IWP30/Page_CCPaymentEntry/UserDefined8' 

2024-05-15 15:59:13 - [MESSAGE][PASSED] - Object 'Object Repository/IWP30/Page_CCPaymentEntry/Name' is present

2024-05-15 15:59:13 - [MESSAGE][PASSED] - Text 'Mera Naam' is set on object 'Object Repository/IWP30/Page_CCPaymentEntry/Name'

2024-05-15 15:59:13 - [MESSAGE][PASSED] - Object 'Object Repository/IWP30/Page_CCPaymentEntry/CardNumber' is present

2024-05-15 15:59:14 - [MESSAGE][PASSED] - Text '6011000000000004' is set on object 'Object Repository/IWP30/Page_CCPaymentEntry/CardNumber'

2024-05-15 15:59:14 - [MESSAGE][PASSED] - Object 'Object Repository/IWP30/Page_CCPaymentEntry/SPC' is present

2024-05-15 15:59:15 - [MESSAGE][PASSED] - Text '123' is set on object 'Object Repository/IWP30/Page_CCPaymentEntry/SPC'

2024-05-15 15:59:15 - [MESSAGE][PASSED] - Object 'Object Repository/IWP30/Page_CCPaymentEntry/Month' is present

2024-05-15 15:59:16 - [MESSAGE][PASSED] - All options with label '09' are selected in object 'Object Repository/IWP30/Page_CCPaymentEntry/Month' 

2024-05-15 15:59:16 - [MESSAGE][PASSED] - Object 'Object Repository/IWP30/Page_CCPaymentEntry/Year' is present

2024-05-15 15:59:18 - [MESSAGE][FAILED] - Unable to select option by label '2023' of object 'Object Repository/IWP30/Page_CCPaymentEntry/Year'  (Root cause: com.kms.katalon.core.exception.StepFailedException: Unable to select option by label '2023' of object 'Object Repository/IWP30/Page_CCPaymentEntry/Year' 
	at com.kms.katalon.core.webui.keyword.internal.WebUIKeywordMain.stepFailed(WebUIKeywordMain.groovy:64)
	at com.kms.katalon.core.webui.keyword.internal.WebUIKeywordMain.runKeyword(WebUIKeywordMain.groovy:26)
	at com.kms.katalon.core.webui.keyword.builtin.SelectOptionByLabelKeyword.selectOptionByLabel(SelectOptionByLabelKeyword.groovy:98)
	at com.kms.katalon.core.webui.keyword.builtin.SelectOptionByLabelKeyword.execute(SelectOptionByLabelKeyword.groovy:71)
	at com.kms.katalon.core.keyword.internal.KeywordExecutor.executeKeywordForPlatform(KeywordExecutor.groovy:74)
	at com.kms.katalon.core.webui.keyword.WebUiBuiltInKeywords.selectOptionByLabel(WebUiBuiltInKeywords.groovy:1230)
	at com.kms.katalon.core.webui.keyword.WebUiBuiltInKeywords$selectOptionByLabel$7.call(Unknown Source)
	at iwpPages.ccPaymentEntryPage.setDataCCPM(ccPaymentEntryPage.groovy:252)
	at iwpPages.ccPaymentEntryPage.invokeMethod(ccPaymentEntryPage.groovy)
	at com.kms.katalon.core.main.CustomKeywordDelegatingMetaClass.invokeStaticMethod(CustomKeywordDelegatingMetaClass.java:55)
	at Misc.run(Misc:85)
	at com.kms.katalon.core.main.ScriptEngine.run(ScriptEngine.java:194)
	at com.kms.katalon.core.main.ScriptEngine.runScriptAsRawText(ScriptEngine.java:119)
	at com.kms.katalon.core.main.TestCaseExecutor.runScript(TestCaseExecutor.java:448)
	at com.kms.katalon.core.main.TestCaseExecutor.doExecute(TestCaseExecutor.java:439)
	at com.kms.katalon.core.main.TestCaseExecutor.processExecutionPhase(TestCaseExecutor.java:418)
	at com.kms.katalon.core.main.TestCaseExecutor.accessMainPhase(TestCaseExecutor.java:410)
	at com.kms.katalon.core.main.TestCaseExecutor.execute(TestCaseExecutor.java:285)
	at com.kms.katalon.core.common.CommonExecutor.accessTestCaseMainPhase(CommonExecutor.java:65)
	at com.kms.katalon.core.main.TestSuiteExecutor.accessTestSuiteMainPhase(TestSuiteExecutor.java:148)
	at com.kms.katalon.core.main.TestSuiteExecutor.execute(TestSuiteExecutor.java:106)
	at com.kms.katalon.core.main.TestCaseMain.startTestSuite(TestCaseMain.java:187)
	at com.kms.katalon.core.main.TestCaseMain$startTestSuite$0.call(Unknown Source)
	at TempTestSuite1715800219174.run(TempTestSuite1715800219174.groovy:35)
Caused by: org.openqa.selenium.NoSuchElementException: Cannot locate element with text: 2023
For documentation on this error, please visit: https://www.seleniumhq.org/exceptions/no_such_element.html
Build info: version: '3.141.59', revision: 'e82be7d358', time: '2018-11-14T08:25:53'
System info: host: 'DESKTOP-B2QI6NS', ip: '172.31.253.185', os.name: 'Windows 10', os.arch: 'amd64', os.version: '10.0', java.version: '1.8.0_181'
Driver info: driver.version: unknown
	at org.openqa.selenium.support.ui.Select.selectByVisibleText(Select.java:147)
	at com.kms.katalon.core.webui.common.WebUiCommonHelper.selectOrDeselectOptionsByLabel(WebUiCommonHelper.java:310)
	at com.kms.katalon.core.webui.keyword.builtin.SelectOptionByLabelKeyword$_selectOptionByLabel_closure1.doCall(SelectOptionByLabelKeyword.groovy:87)
	at com.kms.katalon.core.webui.keyword.builtin.SelectOptionByLabelKeyword$_selectOptionByLabel_closure1.call(SelectOptionByLabelKeyword.groovy)
	at com.kms.katalon.core.webui.keyword.internal.WebUIKeywordMain.runKeyword(WebUIKeywordMain.groovy:20)
	at com.kms.katalon.core.webui.keyword.builtin.SelectOptionByLabelKeyword.selectOptionByLabel(SelectOptionByLabelKeyword.groovy:98)
	at com.kms.katalon.core.webui.keyword.builtin.SelectOptionByLabelKeyword.execute(SelectOptionByLabelKeyword.groovy:71)
	at com.kms.katalon.core.keyword.internal.KeywordExecutor.executeKeywordForPlatform(KeywordExecutor.groovy:74)
	at com.kms.katalon.core.webui.keyword.WebUiBuiltInKeywords.selectOptionByLabel(WebUiBuiltInKeywords.groovy:1230)
	at com.kms.katalon.core.webui.keyword.WebUiBuiltInKeywords$selectOptionByLabel$7.call(Unknown Source)
	at iwpPages.ccPaymentEntryPage.setDataCCPM(ccPaymentEntryPage.groovy:252)
	at iwpPages.ccPaymentEntryPage.invokeMethod(ccPaymentEntryPage.groovy)
	at com.kms.katalon.core.main.CustomKeywordDelegatingMetaClass.invokeStaticMethod(CustomKeywordDelegatingMetaClass.java:55)
	at Script1593488051730.run(Script1593488051730.groovy:85)
	... 13 more
)
[[ATTACHMENT|E:\\Cloned-Project-Katalon\\VPS-Katalon\\Reports\\20240515_151019\\QA\\IWP3.0\\IWP30 Smoke TestSuite\\20240515_151019\\1715803157330.png]]

2024-05-15 15:59:18 - [MESSAGE][PASSED] - Object 'Object Repository/IWP30/Page_CCPaymentEntry/ProcessDate' is present

2024-05-15 15:59:18 - [MESSAGE][PASSED] - Object 'Object Repository/IWP30/Page_CCPaymentEntry/AL1' is present

2024-05-15 15:59:19 - [MESSAGE][PASSED] - Text 'Mera AL1' is set on object 'Object Repository/IWP30/Page_CCPaymentEntry/AL1'

2024-05-15 15:59:19 - [MESSAGE][PASSED] - Object 'Object Repository/IWP30/Page_CCPaymentEntry/AL2' is present

2024-05-15 15:59:20 - [MESSAGE][PASSED] - Text 'Mera AL2' is set on object 'Object Repository/IWP30/Page_CCPaymentEntry/AL2'

2024-05-15 15:59:20 - [MESSAGE][PASSED] - Object 'Object Repository/IWP30/Page_CCPaymentEntry/ZIP' is present

2024-05-15 15:59:21 - [MESSAGE][PASSED] - Text '21054' is set on object 'Object Repository/IWP30/Page_CCPaymentEntry/ZIP'

2024-05-15 15:59:21 - [MESSAGE][PASSED] - Object 'Object Repository/IWP30/Page_CCPaymentEntry/EmailAddress' is present

2024-05-15 15:59:22 - [MESSAGE][PASSED] - Text 'merae@gmail.com' is set on object 'Object Repository/IWP30/Page_CCPaymentEntry/EmailAddress'

2024-05-15 15:59:22 - [MESSAGE][PASSED] - Object 'Object Repository/IWP30/Page_CCPaymentEntry/TermCondCheckBox' is present

2024-05-15 15:59:23 - [MESSAGE][PASSED] - Object 'Object Repository/IWP30/Page_CCPaymentEntry/TermCondCheckBox' is checked

2024-05-15 15:59:23 - [MESSAGE][PASSED] - Object 'Object Repository/IWP30/Page_CCPaymentEntry/ContinueButton' is present

2024-05-15 15:59:24 - [MESSAGE][PASSED] - Object: 'Object Repository/IWP30/Page_CCPaymentEntry/ContinueButton' is clicked on

2024-05-15 15:59:24 - [MESSAGE][FAILED] - com.kms.katalon.core.exception.StepFailedException: Unable to select option by label '2023' of object 'Object Repository/IWP30/Page_CCPaymentEntry/Year'  (Root cause: com.kms.katalon.core.exception.StepFailedException: Unable to select option by label '2023' of object 'Object Repository/IWP30/Page_CCPaymentEntry/Year' 
	at com.kms.katalon.core.webui.keyword.internal.WebUIKeywordMain.stepFailed(WebUIKeywordMain.groovy:64)
	at com.kms.katalon.core.webui.keyword.internal.WebUIKeywordMain.runKeyword(WebUIKeywordMain.groovy:26)
	at com.kms.katalon.core.webui.keyword.builtin.SelectOptionByLabelKeyword.selectOptionByLabel(SelectOptionByLabelKeyword.groovy:98)
	at com.kms.katalon.core.webui.keyword.builtin.SelectOptionByLabelKeyword.execute(SelectOptionByLabelKeyword.groovy:71)
	at com.kms.katalon.core.keyword.internal.KeywordExecutor.executeKeywordForPlatform(KeywordExecutor.groovy:74)
	at com.kms.katalon.core.webui.keyword.WebUiBuiltInKeywords.selectOptionByLabel(WebUiBuiltInKeywords.groovy:1230)
	at com.kms.katalon.core.webui.keyword.WebUiBuiltInKeywords$selectOptionByLabel$7.call(Unknown Source)
	at iwpPages.ccPaymentEntryPage.setDataCCPM(ccPaymentEntryPage.groovy:252)
	at iwpPages.ccPaymentEntryPage.invokeMethod(ccPaymentEntryPage.groovy)
	at com.kms.katalon.core.main.CustomKeywordDelegatingMetaClass.invokeStaticMethod(CustomKeywordDelegatingMetaClass.java:55)
	at Misc.run(Misc:85)
	at com.kms.katalon.core.main.ScriptEngine.run(ScriptEngine.java:194)
	at com.kms.katalon.core.main.ScriptEngine.runScriptAsRawText(ScriptEngine.java:119)
	at com.kms.katalon.core.main.TestCaseExecutor.runScript(TestCaseExecutor.java:448)
	at com.kms.katalon.core.main.TestCaseExecutor.doExecute(TestCaseExecutor.java:439)
	at com.kms.katalon.core.main.TestCaseExecutor.processExecutionPhase(TestCaseExecutor.java:418)
	at com.kms.katalon.core.main.TestCaseExecutor.accessMainPhase(TestCaseExecutor.java:410)
	at com.kms.katalon.core.main.TestCaseExecutor.execute(TestCaseExecutor.java:285)
	at com.kms.katalon.core.common.CommonExecutor.accessTestCaseMainPhase(CommonExecutor.java:65)
	at com.kms.katalon.core.main.TestSuiteExecutor.accessTestSuiteMainPhase(TestSuiteExecutor.java:148)
	at com.kms.katalon.core.main.TestSuiteExecutor.execute(TestSuiteExecutor.java:106)
	at com.kms.katalon.core.main.TestCaseMain.startTestSuite(TestCaseMain.java:187)
	at com.kms.katalon.core.main.TestCaseMain$startTestSuite$0.call(Unknown Source)
	at TempTestSuite1715800219174.run(TempTestSuite1715800219174.groovy:35)
Caused by: org.openqa.selenium.NoSuchElementException: Cannot locate element with text: 2023
For documentation on this error, please visit: https://www.seleniumhq.org/exceptions/no_such_element.html
Build info: version: '3.141.59', revision: 'e82be7d358', time: '2018-11-14T08:25:53'
System info: host: 'DESKTOP-B2QI6NS', ip: '172.31.253.185', os.name: 'Windows 10', os.arch: 'amd64', os.version: '10.0', java.version: '1.8.0_181'
Driver info: driver.version: unknown
	at org.openqa.selenium.support.ui.Select.selectByVisibleText(Select.java:147)
	at com.kms.katalon.core.webui.common.WebUiCommonHelper.selectOrDeselectOptionsByLabel(WebUiCommonHelper.java:310)
	at com.kms.katalon.core.webui.keyword.builtin.SelectOptionByLabelKeyword$_selectOptionByLabel_closure1.doCall(SelectOptionByLabelKeyword.groovy:87)
	at com.kms.katalon.core.webui.keyword.builtin.SelectOptionByLabelKeyword$_selectOptionByLabel_closure1.call(SelectOptionByLabelKeyword.groovy)
	at com.kms.katalon.core.webui.keyword.internal.WebUIKeywordMain.runKeyword(WebUIKeywordMain.groovy:20)
	at com.kms.katalon.core.webui.keyword.builtin.SelectOptionByLabelKeyword.selectOptionByLabel(SelectOptionByLabelKeyword.groovy:98)
	at com.kms.katalon.core.webui.keyword.builtin.SelectOptionByLabelKeyword.execute(SelectOptionByLabelKeyword.groovy:71)
	at com.kms.katalon.core.keyword.internal.KeywordExecutor.executeKeywordForPlatform(KeywordExecutor.groovy:74)
	at com.kms.katalon.core.webui.keyword.WebUiBuiltInKeywords.selectOptionByLabel(WebUiBuiltInKeywords.groovy:1230)
	at com.kms.katalon.core.webui.keyword.WebUiBuiltInKeywords$selectOptionByLabel$7.call(Unknown Source)
	at iwpPages.ccPaymentEntryPage.setDataCCPM(ccPaymentEntryPage.groovy:252)
	at iwpPages.ccPaymentEntryPage.invokeMethod(ccPaymentEntryPage.groovy)
	at com.kms.katalon.core.main.CustomKeywordDelegatingMetaClass.invokeStaticMethod(CustomKeywordDelegatingMetaClass.java:55)
	at Script1593488051730.run(Script1593488051730.groovy:85)
	... 13 more
)

2024-05-15 15:59:24 - [TEST_STEP][FAILED] - if (verifyTextPresent("Please verify the following information", false)): Text 'Please verify the following information' is not present on page  (Root cause: com.kms.katalon.core.exception.StepFailedException: Text 'Please verify the following information' is not present on page 
	at com.kms.katalon.core.webui.keyword.internal.WebUIKeywordMain.stepFailed(WebUIKeywordMain.groovy:64)
	at com.kms.katalon.core.webui.keyword.builtin.VerifyTextPresentKeyword$_verifyTextPresent_closure1.doCall(VerifyTextPresentKeyword.groovy:79)
	at com.kms.katalon.core.webui.keyword.builtin.VerifyTextPresentKeyword$_verifyTextPresent_closure1.call(VerifyTextPresentKeyword.groovy)
	at com.kms.katalon.core.webui.keyword.internal.WebUIKeywordMain.runKeyword(WebUIKeywordMain.groovy:20)
	at com.kms.katalon.core.webui.keyword.builtin.VerifyTextPresentKeyword.verifyTextPresent(VerifyTextPresentKeyword.groovy:83)
	at com.kms.katalon.core.webui.keyword.builtin.VerifyTextPresentKeyword.execute(VerifyTextPresentKeyword.groovy:68)
	at com.kms.katalon.core.keyword.internal.KeywordExecutor.executeKeywordForPlatform(KeywordExecutor.groovy:74)
	at com.kms.katalon.core.webui.keyword.WebUiBuiltInKeywords.verifyTextPresent(WebUiBuiltInKeywords.groovy:1723)
	at com.kms.katalon.core.webui.keyword.WebUiBuiltInKeywords$verifyTextPresent$8.call(Unknown Source)
	at Misc.run(Misc:92)
	at com.kms.katalon.core.main.ScriptEngine.run(ScriptEngine.java:194)
	at com.kms.katalon.core.main.ScriptEngine.runScriptAsRawText(ScriptEngine.java:119)
	at com.kms.katalon.core.main.TestCaseExecutor.runScript(TestCaseExecutor.java:448)
	at com.kms.katalon.core.main.TestCaseExecutor.doExecute(TestCaseExecutor.java:439)
	at com.kms.katalon.core.main.TestCaseExecutor.processExecutionPhase(TestCaseExecutor.java:418)
	at com.kms.katalon.core.main.TestCaseExecutor.accessMainPhase(TestCaseExecutor.java:410)
	at com.kms.katalon.core.main.TestCaseExecutor.execute(TestCaseExecutor.java:285)
	at com.kms.katalon.core.common.CommonExecutor.accessTestCaseMainPhase(CommonExecutor.java:65)
	at com.kms.katalon.core.main.TestSuiteExecutor.accessTestSuiteMainPhase(TestSuiteExecutor.java:148)
	at com.kms.katalon.core.main.TestSuiteExecutor.execute(TestSuiteExecutor.java:106)
	at com.kms.katalon.core.main.TestCaseMain.startTestSuite(TestCaseMain.java:187)
	at com.kms.katalon.core.main.TestCaseMain$startTestSuite$0.call(Unknown Source)
	at TempTestSuite1715800219174.run(TempTestSuite1715800219174.groovy:35)
)

2024-05-15 15:59:25 - [MESSAGE][FAILED] - Text 'Please verify the following information' is not present on page  (Root cause: com.kms.katalon.core.exception.StepFailedException: Text 'Please verify the following information' is not present on page 
	at com.kms.katalon.core.webui.keyword.internal.WebUIKeywordMain.stepFailed(WebUIKeywordMain.groovy:64)
	at com.kms.katalon.core.webui.keyword.builtin.VerifyTextPresentKeyword$_verifyTextPresent_closure1.doCall(VerifyTextPresentKeyword.groovy:79)
	at com.kms.katalon.core.webui.keyword.builtin.VerifyTextPresentKeyword$_verifyTextPresent_closure1.call(VerifyTextPresentKeyword.groovy)
	at com.kms.katalon.core.webui.keyword.internal.WebUIKeywordMain.runKeyword(WebUIKeywordMain.groovy:20)
	at com.kms.katalon.core.webui.keyword.builtin.VerifyTextPresentKeyword.verifyTextPresent(VerifyTextPresentKeyword.groovy:83)
	at com.kms.katalon.core.webui.keyword.builtin.VerifyTextPresentKeyword.execute(VerifyTextPresentKeyword.groovy:68)
	at com.kms.katalon.core.keyword.internal.KeywordExecutor.executeKeywordForPlatform(KeywordExecutor.groovy:74)
	at com.kms.katalon.core.webui.keyword.WebUiBuiltInKeywords.verifyTextPresent(WebUiBuiltInKeywords.groovy:1723)
	at com.kms.katalon.core.webui.keyword.WebUiBuiltInKeywords$verifyTextPresent$8.call(Unknown Source)
	at Misc.run(Misc:92)
	at com.kms.katalon.core.main.ScriptEngine.run(ScriptEngine.java:194)
	at com.kms.katalon.core.main.ScriptEngine.runScriptAsRawText(ScriptEngine.java:119)
	at com.kms.katalon.core.main.TestCaseExecutor.runScript(TestCaseExecutor.java:448)
	at com.kms.katalon.core.main.TestCaseExecutor.doExecute(TestCaseExecutor.java:439)
	at com.kms.katalon.core.main.TestCaseExecutor.processExecutionPhase(TestCaseExecutor.java:418)
	at com.kms.katalon.core.main.TestCaseExecutor.accessMainPhase(TestCaseExecutor.java:410)
	at com.kms.katalon.core.main.TestCaseExecutor.execute(TestCaseExecutor.java:285)
	at com.kms.katalon.core.common.CommonExecutor.accessTestCaseMainPhase(CommonExecutor.java:65)
	at com.kms.katalon.core.main.TestSuiteExecutor.accessTestSuiteMainPhase(TestSuiteExecutor.java:148)
	at com.kms.katalon.core.main.TestSuiteExecutor.execute(TestSuiteExecutor.java:106)
	at com.kms.katalon.core.main.TestCaseMain.startTestSuite(TestCaseMain.java:187)
	at com.kms.katalon.core.main.TestCaseMain$startTestSuite$0.call(Unknown Source)
	at TempTestSuite1715800219174.run(TempTestSuite1715800219174.groovy:35)
)

2024-05-15 15:59:25 - [TEST_STEP][PASSED] - else: null

2024-05-15 15:59:25 - [TEST_STEP][FAILED] - if (verifyTextPresent("Is this information correct?", false)): Text 'Is this information correct?' is not present on page  (Root cause: com.kms.katalon.core.exception.StepFailedException: Text 'Is this information correct?' is not present on page 
	at com.kms.katalon.core.webui.keyword.internal.WebUIKeywordMain.stepFailed(WebUIKeywordMain.groovy:64)
	at com.kms.katalon.core.webui.keyword.builtin.VerifyTextPresentKeyword$_verifyTextPresent_closure1.doCall(VerifyTextPresentKeyword.groovy:79)
	at com.kms.katalon.core.webui.keyword.builtin.VerifyTextPresentKeyword$_verifyTextPresent_closure1.call(VerifyTextPresentKeyword.groovy)
	at com.kms.katalon.core.webui.keyword.internal.WebUIKeywordMain.runKeyword(WebUIKeywordMain.groovy:20)
	at com.kms.katalon.core.webui.keyword.builtin.VerifyTextPresentKeyword.verifyTextPresent(VerifyTextPresentKeyword.groovy:83)
	at com.kms.katalon.core.webui.keyword.builtin.VerifyTextPresentKeyword.execute(VerifyTextPresentKeyword.groovy:68)
	at com.kms.katalon.core.keyword.internal.KeywordExecutor.executeKeywordForPlatform(KeywordExecutor.groovy:74)
	at com.kms.katalon.core.webui.keyword.WebUiBuiltInKeywords.verifyTextPresent(WebUiBuiltInKeywords.groovy:1723)
	at com.kms.katalon.core.webui.keyword.WebUiBuiltInKeywords$verifyTextPresent$8.call(Unknown Source)
	at Misc.run(Misc:100)
	at com.kms.katalon.core.main.ScriptEngine.run(ScriptEngine.java:194)
	at com.kms.katalon.core.main.ScriptEngine.runScriptAsRawText(ScriptEngine.java:119)
	at com.kms.katalon.core.main.TestCaseExecutor.runScript(TestCaseExecutor.java:448)
	at com.kms.katalon.core.main.TestCaseExecutor.doExecute(TestCaseExecutor.java:439)
	at com.kms.katalon.core.main.TestCaseExecutor.processExecutionPhase(TestCaseExecutor.java:418)
	at com.kms.katalon.core.main.TestCaseExecutor.accessMainPhase(TestCaseExecutor.java:410)
	at com.kms.katalon.core.main.TestCaseExecutor.execute(TestCaseExecutor.java:285)
	at com.kms.katalon.core.common.CommonExecutor.accessTestCaseMainPhase(CommonExecutor.java:65)
	at com.kms.katalon.core.main.TestSuiteExecutor.accessTestSuiteMainPhase(TestSuiteExecutor.java:148)
	at com.kms.katalon.core.main.TestSuiteExecutor.execute(TestSuiteExecutor.java:106)
	at com.kms.katalon.core.main.TestCaseMain.startTestSuite(TestCaseMain.java:187)
	at com.kms.katalon.core.main.TestCaseMain$startTestSuite$0.call(Unknown Source)
	at TempTestSuite1715800219174.run(TempTestSuite1715800219174.groovy:35)
)

2024-05-15 15:59:25 - [MESSAGE][FAILED] - Text 'Is this information correct?' is not present on page  (Root cause: com.kms.katalon.core.exception.StepFailedException: Text 'Is this information correct?' is not present on page 
	at com.kms.katalon.core.webui.keyword.internal.WebUIKeywordMain.stepFailed(WebUIKeywordMain.groovy:64)
	at com.kms.katalon.core.webui.keyword.builtin.VerifyTextPresentKeyword$_verifyTextPresent_closure1.doCall(VerifyTextPresentKeyword.groovy:79)
	at com.kms.katalon.core.webui.keyword.builtin.VerifyTextPresentKeyword$_verifyTextPresent_closure1.call(VerifyTextPresentKeyword.groovy)
	at com.kms.katalon.core.webui.keyword.internal.WebUIKeywordMain.runKeyword(WebUIKeywordMain.groovy:20)
	at com.kms.katalon.core.webui.keyword.builtin.VerifyTextPresentKeyword.verifyTextPresent(VerifyTextPresentKeyword.groovy:83)
	at com.kms.katalon.core.webui.keyword.builtin.VerifyTextPresentKeyword.execute(VerifyTextPresentKeyword.groovy:68)
	at com.kms.katalon.core.keyword.internal.KeywordExecutor.executeKeywordForPlatform(KeywordExecutor.groovy:74)
	at com.kms.katalon.core.webui.keyword.WebUiBuiltInKeywords.verifyTextPresent(WebUiBuiltInKeywords.groovy:1723)
	at com.kms.katalon.core.webui.keyword.WebUiBuiltInKeywords$verifyTextPresent$8.call(Unknown Source)
	at Misc.run(Misc:100)
	at com.kms.katalon.core.main.ScriptEngine.run(ScriptEngine.java:194)
	at com.kms.katalon.core.main.ScriptEngine.runScriptAsRawText(ScriptEngine.java:119)
	at com.kms.katalon.core.main.TestCaseExecutor.runScript(TestCaseExecutor.java:448)
	at com.kms.katalon.core.main.TestCaseExecutor.doExecute(TestCaseExecutor.java:439)
	at com.kms.katalon.core.main.TestCaseExecutor.processExecutionPhase(TestCaseExecutor.java:418)
	at com.kms.katalon.core.main.TestCaseExecutor.accessMainPhase(TestCaseExecutor.java:410)
	at com.kms.katalon.core.main.TestCaseExecutor.execute(TestCaseExecutor.java:285)
	at com.kms.katalon.core.common.CommonExecutor.accessTestCaseMainPhase(CommonExecutor.java:65)
	at com.kms.katalon.core.main.TestSuiteExecutor.accessTestSuiteMainPhase(TestSuiteExecutor.java:148)
	at com.kms.katalon.core.main.TestSuiteExecutor.execute(TestSuiteExecutor.java:106)
	at com.kms.katalon.core.main.TestCaseMain.startTestSuite(TestCaseMain.java:187)
	at com.kms.katalon.core.main.TestCaseMain$startTestSuite$0.call(Unknown Source)
	at TempTestSuite1715800219174.run(TempTestSuite1715800219174.groovy:35)
)

2024-05-15 15:59:25 - [TEST_STEP][PASSED] - else: null

2024-05-15 15:59:25 - [TEST_STEP][PASSED] - println("Is this information correct text is not present on the Confirmation page"): null

2024-05-15 15:59:25 - [TEST_STEP][FAILED] - if (verifyElementPresent(findTestObject("Object Repository/IWP30/Page_Confirmation/ConfirmButton"), 30)): com.kms.katalon.core.webui.exception.WebElementNotFoundException: Web element with id: 'Object Repository/IWP30/Page_Confirmation/ConfirmButton' located by '//*[@type = 'submit' and @name = 'confirmNotifyAction' and @id = 'submitYes' and @value = 'Confirm']' not found (Root cause: com.kms.katalon.core.exception.StepFailedException: com.kms.katalon.core.webui.exception.WebElementNotFoundException: Web element with id: 'Object Repository/IWP30/Page_Confirmation/ConfirmButton' located by '//*[@type = 'submit' and @name = 'confirmNotifyAction' and @id = 'submitYes' and @value = 'Confirm']' not found
	at com.kms.katalon.core.webui.keyword.internal.WebUIKeywordMain.stepFailed(WebUIKeywordMain.groovy:64)
	at com.kms.katalon.core.webui.keyword.builtin.VerifyElementPresentKeyword$_verifyElementPresent_closure1.doCall(VerifyElementPresentKeyword.groovy:85)
	at com.kms.katalon.core.webui.keyword.builtin.VerifyElementPresentKeyword$_verifyElementPresent_closure1.call(VerifyElementPresentKeyword.groovy)
	at com.kms.katalon.core.webui.keyword.internal.WebUIKeywordMain.runKeyword(WebUIKeywordMain.groovy:20)
	at com.kms.katalon.core.webui.keyword.builtin.VerifyElementPresentKeyword.verifyElementPresent(VerifyElementPresentKeyword.groovy:92)
	at com.kms.katalon.core.webui.keyword.builtin.VerifyElementPresentKeyword.execute(VerifyElementPresentKeyword.groovy:68)
	at com.kms.katalon.core.keyword.internal.KeywordExecutor.executeKeywordForPlatform(KeywordExecutor.groovy:74)
	at com.kms.katalon.core.webui.keyword.WebUiBuiltInKeywords.verifyElementPresent(WebUiBuiltInKeywords.groovy:1464)
	at com.kms.katalon.core.webui.keyword.WebUiBuiltInKeywords$verifyElementPresent$5.call(Unknown Source)
	at Misc.run(Misc:108)
	at com.kms.katalon.core.main.ScriptEngine.run(ScriptEngine.java:194)
	at com.kms.katalon.core.main.ScriptEngine.runScriptAsRawText(ScriptEngine.java:119)
	at com.kms.katalon.core.main.TestCaseExecutor.runScript(TestCaseExecutor.java:448)
	at com.kms.katalon.core.main.TestCaseExecutor.doExecute(TestCaseExecutor.java:439)
	at com.kms.katalon.core.main.TestCaseExecutor.processExecutionPhase(TestCaseExecutor.java:418)
	at com.kms.katalon.core.main.TestCaseExecutor.accessMainPhase(TestCaseExecutor.java:410)
	at com.kms.katalon.core.main.TestCaseExecutor.execute(TestCaseExecutor.java:285)
	at com.kms.katalon.core.common.CommonExecutor.accessTestCaseMainPhase(CommonExecutor.java:65)
	at com.kms.katalon.core.main.TestSuiteExecutor.accessTestSuiteMainPhase(TestSuiteExecutor.java:148)
	at com.kms.katalon.core.main.TestSuiteExecutor.execute(TestSuiteExecutor.java:106)
	at com.kms.katalon.core.main.TestCaseMain.startTestSuite(TestCaseMain.java:187)
	at com.kms.katalon.core.main.TestCaseMain$startTestSuite$0.call(Unknown Source)
	at TempTestSuite1715800219174.run(TempTestSuite1715800219174.groovy:35)
)

2024-05-15 15:59:56 - [MESSAGE][INFO] - Unable to find the element located by 'By.xpath: //*[@type = 'submit' and @name = 'confirmNotifyAction' and @id = 'submitYes' and @value = 'Confirm']'. Please recheck the objects properties to make sure the desired element is located. 

2024-05-15 15:59:57 - [MESSAGE][FAILED] - com.kms.katalon.core.webui.exception.WebElementNotFoundException: Web element with id: 'Object Repository/IWP30/Page_Confirmation/ConfirmButton' located by '//*[@type = 'submit' and @name = 'confirmNotifyAction' and @id = 'submitYes' and @value = 'Confirm']' not found (Root cause: com.kms.katalon.core.exception.StepFailedException: com.kms.katalon.core.webui.exception.WebElementNotFoundException: Web element with id: 'Object Repository/IWP30/Page_Confirmation/ConfirmButton' located by '//*[@type = 'submit' and @name = 'confirmNotifyAction' and @id = 'submitYes' and @value = 'Confirm']' not found
	at com.kms.katalon.core.webui.keyword.internal.WebUIKeywordMain.stepFailed(WebUIKeywordMain.groovy:64)
	at com.kms.katalon.core.webui.keyword.builtin.VerifyElementPresentKeyword$_verifyElementPresent_closure1.doCall(VerifyElementPresentKeyword.groovy:85)
	at com.kms.katalon.core.webui.keyword.builtin.VerifyElementPresentKeyword$_verifyElementPresent_closure1.call(VerifyElementPresentKeyword.groovy)
	at com.kms.katalon.core.webui.keyword.internal.WebUIKeywordMain.runKeyword(WebUIKeywordMain.groovy:20)
	at com.kms.katalon.core.webui.keyword.builtin.VerifyElementPresentKeyword.verifyElementPresent(VerifyElementPresentKeyword.groovy:92)
	at com.kms.katalon.core.webui.keyword.builtin.VerifyElementPresentKeyword.execute(VerifyElementPresentKeyword.groovy:68)
	at com.kms.katalon.core.keyword.internal.KeywordExecutor.executeKeywordForPlatform(KeywordExecutor.groovy:74)
	at com.kms.katalon.core.webui.keyword.WebUiBuiltInKeywords.verifyElementPresent(WebUiBuiltInKeywords.groovy:1464)
	at com.kms.katalon.core.webui.keyword.WebUiBuiltInKeywords$verifyElementPresent$5.call(Unknown Source)
	at Misc.run(Misc:108)
	at com.kms.katalon.core.main.ScriptEngine.run(ScriptEngine.java:194)
	at com.kms.katalon.core.main.ScriptEngine.runScriptAsRawText(ScriptEngine.java:119)
	at com.kms.katalon.core.main.TestCaseExecutor.runScript(TestCaseExecutor.java:448)
	at com.kms.katalon.core.main.TestCaseExecutor.doExecute(TestCaseExecutor.java:439)
	at com.kms.katalon.core.main.TestCaseExecutor.processExecutionPhase(TestCaseExecutor.java:418)
	at com.kms.katalon.core.main.TestCaseExecutor.accessMainPhase(TestCaseExecutor.java:410)
	at com.kms.katalon.core.main.TestCaseExecutor.execute(TestCaseExecutor.java:285)
	at com.kms.katalon.core.common.CommonExecutor.accessTestCaseMainPhase(CommonExecutor.java:65)
	at com.kms.katalon.core.main.TestSuiteExecutor.accessTestSuiteMainPhase(TestSuiteExecutor.java:148)
	at com.kms.katalon.core.main.TestSuiteExecutor.execute(TestSuiteExecutor.java:106)
	at com.kms.katalon.core.main.TestCaseMain.startTestSuite(TestCaseMain.java:187)
	at com.kms.katalon.core.main.TestCaseMain$startTestSuite$0.call(Unknown Source)
	at TempTestSuite1715800219174.run(TempTestSuite1715800219174.groovy:35)
)
[[ATTACHMENT|E:\\Cloned-Project-Katalon\\VPS-Katalon\\Reports\\20240515_151019\\QA\\IWP3.0\\IWP30 Smoke TestSuite\\20240515_151019\\1715803196653.png]]

2024-05-15 15:59:57 - [TEST_STEP][PASSED] - else: null

2024-05-15 15:59:57 - [TEST_STEP][PASSED] - println("Confirm button is missing on the Confirmation page"): null

2024-05-15 15:59:57 - [TEST_STEP][PASSED] - Thread.sleep(10000): null

2024-05-15 16:00:07 - [TEST_STEP][FAILED] - if (verifyTextPresent("Successful Payment Receipt", false)): Text 'Successful Payment Receipt' is not present on page  (Root cause: com.kms.katalon.core.exception.StepFailedException: Text 'Successful Payment Receipt' is not present on page 
	at com.kms.katalon.core.webui.keyword.internal.WebUIKeywordMain.stepFailed(WebUIKeywordMain.groovy:64)
	at com.kms.katalon.core.webui.keyword.builtin.VerifyTextPresentKeyword$_verifyTextPresent_closure1.doCall(VerifyTextPresentKeyword.groovy:79)
	at com.kms.katalon.core.webui.keyword.builtin.VerifyTextPresentKeyword$_verifyTextPresent_closure1.call(VerifyTextPresentKeyword.groovy)
	at com.kms.katalon.core.webui.keyword.internal.WebUIKeywordMain.runKeyword(WebUIKeywordMain.groovy:20)
	at com.kms.katalon.core.webui.keyword.builtin.VerifyTextPresentKeyword.verifyTextPresent(VerifyTextPresentKeyword.groovy:83)
	at com.kms.katalon.core.webui.keyword.builtin.VerifyTextPresentKeyword.execute(VerifyTextPresentKeyword.groovy:68)
	at com.kms.katalon.core.keyword.internal.KeywordExecutor.executeKeywordForPlatform(KeywordExecutor.groovy:74)
	at com.kms.katalon.core.webui.keyword.WebUiBuiltInKeywords.verifyTextPresent(WebUiBuiltInKeywords.groovy:1723)
	at com.kms.katalon.core.webui.keyword.WebUiBuiltInKeywords$verifyTextPresent$8.call(Unknown Source)
	at Misc.run(Misc:123)
	at com.kms.katalon.core.main.ScriptEngine.run(ScriptEngine.java:194)
	at com.kms.katalon.core.main.ScriptEngine.runScriptAsRawText(ScriptEngine.java:119)
	at com.kms.katalon.core.main.TestCaseExecutor.runScript(TestCaseExecutor.java:448)
	at com.kms.katalon.core.main.TestCaseExecutor.doExecute(TestCaseExecutor.java:439)
	at com.kms.katalon.core.main.TestCaseExecutor.processExecutionPhase(TestCaseExecutor.java:418)
	at com.kms.katalon.core.main.TestCaseExecutor.accessMainPhase(TestCaseExecutor.java:410)
	at com.kms.katalon.core.main.TestCaseExecutor.execute(TestCaseExecutor.java:285)
	at com.kms.katalon.core.common.CommonExecutor.accessTestCaseMainPhase(CommonExecutor.java:65)
	at com.kms.katalon.core.main.TestSuiteExecutor.accessTestSuiteMainPhase(TestSuiteExecutor.java:148)
	at com.kms.katalon.core.main.TestSuiteExecutor.execute(TestSuiteExecutor.java:106)
	at com.kms.katalon.core.main.TestCaseMain.startTestSuite(TestCaseMain.java:187)
	at com.kms.katalon.core.main.TestCaseMain$startTestSuite$0.call(Unknown Source)
	at TempTestSuite1715800219174.run(TempTestSuite1715800219174.groovy:35)
)

2024-05-15 16:00:07 - [MESSAGE][FAILED] - Text 'Successful Payment Receipt' is not present on page  (Root cause: com.kms.katalon.core.exception.StepFailedException: Text 'Successful Payment Receipt' is not present on page 
	at com.kms.katalon.core.webui.keyword.internal.WebUIKeywordMain.stepFailed(WebUIKeywordMain.groovy:64)
	at com.kms.katalon.core.webui.keyword.builtin.VerifyTextPresentKeyword$_verifyTextPresent_closure1.doCall(VerifyTextPresentKeyword.groovy:79)
	at com.kms.katalon.core.webui.keyword.builtin.VerifyTextPresentKeyword$_verifyTextPresent_closure1.call(VerifyTextPresentKeyword.groovy)
	at com.kms.katalon.core.webui.keyword.internal.WebUIKeywordMain.runKeyword(WebUIKeywordMain.groovy:20)
	at com.kms.katalon.core.webui.keyword.builtin.VerifyTextPresentKeyword.verifyTextPresent(VerifyTextPresentKeyword.groovy:83)
	at com.kms.katalon.core.webui.keyword.builtin.VerifyTextPresentKeyword.execute(VerifyTextPresentKeyword.groovy:68)
	at com.kms.katalon.core.keyword.internal.KeywordExecutor.executeKeywordForPlatform(KeywordExecutor.groovy:74)
	at com.kms.katalon.core.webui.keyword.WebUiBuiltInKeywords.verifyTextPresent(WebUiBuiltInKeywords.groovy:1723)
	at com.kms.katalon.core.webui.keyword.WebUiBuiltInKeywords$verifyTextPresent$8.call(Unknown Source)
	at Misc.run(Misc:123)
	at com.kms.katalon.core.main.ScriptEngine.run(ScriptEngine.java:194)
	at com.kms.katalon.core.main.ScriptEngine.runScriptAsRawText(ScriptEngine.java:119)
	at com.kms.katalon.core.main.TestCaseExecutor.runScript(TestCaseExecutor.java:448)
	at com.kms.katalon.core.main.TestCaseExecutor.doExecute(TestCaseExecutor.java:439)
	at com.kms.katalon.core.main.TestCaseExecutor.processExecutionPhase(TestCaseExecutor.java:418)
	at com.kms.katalon.core.main.TestCaseExecutor.accessMainPhase(TestCaseExecutor.java:410)
	at com.kms.katalon.core.main.TestCaseExecutor.execute(TestCaseExecutor.java:285)
	at com.kms.katalon.core.common.CommonExecutor.accessTestCaseMainPhase(CommonExecutor.java:65)
	at com.kms.katalon.core.main.TestSuiteExecutor.accessTestSuiteMainPhase(TestSuiteExecutor.java:148)
	at com.kms.katalon.core.main.TestSuiteExecutor.execute(TestSuiteExecutor.java:106)
	at com.kms.katalon.core.main.TestCaseMain.startTestSuite(TestCaseMain.java:187)
	at com.kms.katalon.core.main.TestCaseMain$startTestSuite$0.call(Unknown Source)
	at TempTestSuite1715800219174.run(TempTestSuite1715800219174.groovy:35)
)

2024-05-15 16:00:07 - [TEST_STEP][PASSED] - else: null

2024-05-15 16:00:07 - [TEST_STEP][FAILED] - if (verifyTextPresent("Please print this receipt for your records", false)): Text 'Please print this receipt for your records' is not present on page  (Root cause: com.kms.katalon.core.exception.StepFailedException: Text 'Please print this receipt for your records' is not present on page 
	at com.kms.katalon.core.webui.keyword.internal.WebUIKeywordMain.stepFailed(WebUIKeywordMain.groovy:64)
	at com.kms.katalon.core.webui.keyword.builtin.VerifyTextPresentKeyword$_verifyTextPresent_closure1.doCall(VerifyTextPresentKeyword.groovy:79)
	at com.kms.katalon.core.webui.keyword.builtin.VerifyTextPresentKeyword$_verifyTextPresent_closure1.call(VerifyTextPresentKeyword.groovy)
	at com.kms.katalon.core.webui.keyword.internal.WebUIKeywordMain.runKeyword(WebUIKeywordMain.groovy:20)
	at com.kms.katalon.core.webui.keyword.builtin.VerifyTextPresentKeyword.verifyTextPresent(VerifyTextPresentKeyword.groovy:83)
	at com.kms.katalon.core.webui.keyword.builtin.VerifyTextPresentKeyword.execute(VerifyTextPresentKeyword.groovy:68)
	at com.kms.katalon.core.keyword.internal.KeywordExecutor.executeKeywordForPlatform(KeywordExecutor.groovy:74)
	at com.kms.katalon.core.webui.keyword.WebUiBuiltInKeywords.verifyTextPresent(WebUiBuiltInKeywords.groovy:1723)
	at com.kms.katalon.core.webui.keyword.WebUiBuiltInKeywords$verifyTextPresent$8.call(Unknown Source)
	at Misc.run(Misc:130)
	at com.kms.katalon.core.main.ScriptEngine.run(ScriptEngine.java:194)
	at com.kms.katalon.core.main.ScriptEngine.runScriptAsRawText(ScriptEngine.java:119)
	at com.kms.katalon.core.main.TestCaseExecutor.runScript(TestCaseExecutor.java:448)
	at com.kms.katalon.core.main.TestCaseExecutor.doExecute(TestCaseExecutor.java:439)
	at com.kms.katalon.core.main.TestCaseExecutor.processExecutionPhase(TestCaseExecutor.java:418)
	at com.kms.katalon.core.main.TestCaseExecutor.accessMainPhase(TestCaseExecutor.java:410)
	at com.kms.katalon.core.main.TestCaseExecutor.execute(TestCaseExecutor.java:285)
	at com.kms.katalon.core.common.CommonExecutor.accessTestCaseMainPhase(CommonExecutor.java:65)
	at com.kms.katalon.core.main.TestSuiteExecutor.accessTestSuiteMainPhase(TestSuiteExecutor.java:148)
	at com.kms.katalon.core.main.TestSuiteExecutor.execute(TestSuiteExecutor.java:106)
	at com.kms.katalon.core.main.TestCaseMain.startTestSuite(TestCaseMain.java:187)
	at com.kms.katalon.core.main.TestCaseMain$startTestSuite$0.call(Unknown Source)
	at TempTestSuite1715800219174.run(TempTestSuite1715800219174.groovy:35)
)

2024-05-15 16:00:08 - [MESSAGE][FAILED] - Text 'Please print this receipt for your records' is not present on page  (Root cause: com.kms.katalon.core.exception.StepFailedException: Text 'Please print this receipt for your records' is not present on page 
	at com.kms.katalon.core.webui.keyword.internal.WebUIKeywordMain.stepFailed(WebUIKeywordMain.groovy:64)
	at com.kms.katalon.core.webui.keyword.builtin.VerifyTextPresentKeyword$_verifyTextPresent_closure1.doCall(VerifyTextPresentKeyword.groovy:79)
	at com.kms.katalon.core.webui.keyword.builtin.VerifyTextPresentKeyword$_verifyTextPresent_closure1.call(VerifyTextPresentKeyword.groovy)
	at com.kms.katalon.core.webui.keyword.internal.WebUIKeywordMain.runKeyword(WebUIKeywordMain.groovy:20)
	at com.kms.katalon.core.webui.keyword.builtin.VerifyTextPresentKeyword.verifyTextPresent(VerifyTextPresentKeyword.groovy:83)
	at com.kms.katalon.core.webui.keyword.builtin.VerifyTextPresentKeyword.execute(VerifyTextPresentKeyword.groovy:68)
	at com.kms.katalon.core.keyword.internal.KeywordExecutor.executeKeywordForPlatform(KeywordExecutor.groovy:74)
	at com.kms.katalon.core.webui.keyword.WebUiBuiltInKeywords.verifyTextPresent(WebUiBuiltInKeywords.groovy:1723)
	at com.kms.katalon.core.webui.keyword.WebUiBuiltInKeywords$verifyTextPresent$8.call(Unknown Source)
	at Misc.run(Misc:130)
	at com.kms.katalon.core.main.ScriptEngine.run(ScriptEngine.java:194)
	at com.kms.katalon.core.main.ScriptEngine.runScriptAsRawText(ScriptEngine.java:119)
	at com.kms.katalon.core.main.TestCaseExecutor.runScript(TestCaseExecutor.java:448)
	at com.kms.katalon.core.main.TestCaseExecutor.doExecute(TestCaseExecutor.java:439)
	at com.kms.katalon.core.main.TestCaseExecutor.processExecutionPhase(TestCaseExecutor.java:418)
	at com.kms.katalon.core.main.TestCaseExecutor.accessMainPhase(TestCaseExecutor.java:410)
	at com.kms.katalon.core.main.TestCaseExecutor.execute(TestCaseExecutor.java:285)
	at com.kms.katalon.core.common.CommonExecutor.accessTestCaseMainPhase(CommonExecutor.java:65)
	at com.kms.katalon.core.main.TestSuiteExecutor.accessTestSuiteMainPhase(TestSuiteExecutor.java:148)
	at com.kms.katalon.core.main.TestSuiteExecutor.execute(TestSuiteExecutor.java:106)
	at com.kms.katalon.core.main.TestCaseMain.startTestSuite(TestCaseMain.java:187)
	at com.kms.katalon.core.main.TestCaseMain$startTestSuite$0.call(Unknown Source)
	at TempTestSuite1715800219174.run(TempTestSuite1715800219174.groovy:35)
)

2024-05-15 16:00:08 - [TEST_STEP][PASSED] - else: null

2024-05-15 16:00:08 - [TEST_STEP][PASSED] - if (verifyElementPresent(findTestObject("Object Repository/IWP30/Page_Receipt/ExitButton"), 30)): null

2024-05-15 16:00:08 - [MESSAGE][PASSED] - Object 'Object Repository/IWP30/Page_Receipt/ExitButton' is present

2024-05-15 16:00:08 - [TEST_STEP][PASSED] - println("Exit Button is present on the Receipt page"): null

2024-05-15 16:00:08 - [TEST_STEP][PASSED] - closeBrowser(): Browser is closed

2024-05-15 16:00:09 - [MESSAGE][PASSED] - Browser is closed

2024-05-15 16:00:09 - [TEST_STEP][PASSED] - openBrowser(urlEmulator): Browser is opened with url: 'https://qa2.velocitypayment.com/agency/config.do?action=editor'

2024-05-15 16:00:09 - [MESSAGE][INFO] - Starting 'Chrome' driver

2024-05-15 16:00:09 - [MESSAGE][INFO] - User set preference: ['acceptInsecureCerts', 'true']

2024-05-15 16:00:09 - [MESSAGE][INFO] - Action delay is set to 0 milliseconds

2024-05-15 16:00:11 - [MESSAGE][PASSED] - Browser is opened with url: 'https://qa2.velocitypayment.com/agency/config.do?action=editor'

2024-05-15 16:00:11 - [TEST_STEP][PASSED] - maximizeWindow(): Current window maximized

2024-05-15 16:00:11 - [MESSAGE][PASSED] - Current window maximized

2024-05-15 16:00:11 - [TEST_STEP][PASSED] - iwpPages.emulatorIWP30.getSetData(row, dataFile): iwpPages.emulatorIWP30.getSetData is PASSED

2024-05-15 16:00:14 - [MESSAGE][PASSED] - All options with value '3.0' are selected in object 'Object Repository/IWP30/Page_VRelay30Emulator/MV'  using regular expression

2024-05-15 16:00:15 - [MESSAGE][PASSED] - Text '10.50' is set on object 'Object Repository/IWP30/Page_VRelay30Emulator/Amount'

2024-05-15 16:00:15 - [MESSAGE][PASSED] - Text '26411005' is set on object 'Object Repository/IWP30/Page_VRelay30Emulator/CAN'

2024-05-15 16:00:16 - [MESSAGE][PASSED] - Text 'PayNow' is set on object 'Object Repository/IWP30/Page_VRelay30Emulator/Action'

2024-05-15 16:00:16 - [MESSAGE][PASSED] - Text 'en_US' is set on object 'Object Repository/IWP30/Page_VRelay30Emulator/Lang'

2024-05-15 16:00:17 - [MESSAGE][PASSED] - Text '' is set on object 'Object Repository/IWP30/Page_VRelay30Emulator/Fname'

2024-05-15 16:00:18 - [MESSAGE][PASSED] - Text '' is set on object 'Object Repository/IWP30/Page_VRelay30Emulator/Lname'

2024-05-15 16:00:18 - [MESSAGE][PASSED] - Text '' is set on object 'Object Repository/IWP30/Page_VRelay30Emulator/AL1'

2024-05-15 16:00:19 - [MESSAGE][PASSED] - Text '' is set on object 'Object Repository/IWP30/Page_VRelay30Emulator/AL2'

2024-05-15 16:00:20 - [MESSAGE][PASSED] - Text '840' is set on object 'Object Repository/IWP30/Page_VRelay30Emulator/Country'

2024-05-15 16:00:20 - [MESSAGE][PASSED] - Text '' is set on object 'Object Repository/IWP30/Page_VRelay30Emulator/City'

2024-05-15 16:00:21 - [MESSAGE][PASSED] - Text '' is set on object 'Object Repository/IWP30/Page_VRelay30Emulator/State'

2024-05-15 16:00:21 - [MESSAGE][PASSED] - Text '' is set on object 'Object Repository/IWP30/Page_VRelay30Emulator/ZIP'

2024-05-15 16:00:22 - [MESSAGE][PASSED] - Text '' is set on object 'Object Repository/IWP30/Page_VRelay30Emulator/Order'

2024-05-15 16:00:23 - [MESSAGE][PASSED] - Text '' is set on object 'Object Repository/IWP30/Page_VRelay30Emulator/Company'

2024-05-15 16:00:23 - [MESSAGE][PASSED] - Text '' is set on object 'Object Repository/IWP30/Page_VRelay30Emulator/Email'

2024-05-15 16:00:24 - [MESSAGE][PASSED] - Text '' is set on object 'Object Repository/IWP30/Page_VRelay30Emulator/UDF1'

2024-05-15 16:00:25 - [MESSAGE][PASSED] - Text '' is set on object 'Object Repository/IWP30/Page_VRelay30Emulator/UDF2'

2024-05-15 16:00:25 - [MESSAGE][PASSED] - Text '' is set on object 'Object Repository/IWP30/Page_VRelay30Emulator/UDF3'

2024-05-15 16:00:26 - [MESSAGE][PASSED] - Text 'udf data 4' is set on object 'Object Repository/IWP30/Page_VRelay30Emulator/UDF4'

2024-05-15 16:00:26 - [MESSAGE][PASSED] - Text 'udf data 5' is set on object 'Object Repository/IWP30/Page_VRelay30Emulator/UDF5'

2024-05-15 16:00:27 - [MESSAGE][PASSED] - Text '' is set on object 'Object Repository/IWP30/Page_VRelay30Emulator/UDF6'

2024-05-15 16:00:28 - [MESSAGE][PASSED] - Text '' is set on object 'Object Repository/IWP30/Page_VRelay30Emulator/UDF7'

2024-05-15 16:00:28 - [MESSAGE][PASSED] - Text '' is set on object 'Object Repository/IWP30/Page_VRelay30Emulator/UDF8'

2024-05-15 16:00:29 - [MESSAGE][PASSED] - Text 'udf data 9' is set on object 'Object Repository/IWP30/Page_VRelay30Emulator/UDF9'

2024-05-15 16:00:30 - [MESSAGE][PASSED] - Text 'udf data 10' is set on object 'Object Repository/IWP30/Page_VRelay30Emulator/UDF10'

2024-05-15 16:00:40 - [MESSAGE][PASSED] - Object: 'Object Repository/IWP30/Page_VRelay30Emulator/Submit' is clicked on

2024-05-15 16:00:40 - [MESSAGE][PASSED] - iwpPages.emulatorIWP30.getSetData is PASSED

2024-05-15 16:00:40 - [TEST_STEP][PASSED] - closeBrowser(): Browser is closed

2024-05-15 16:00:41 - [MESSAGE][PASSED] - Browser is closed

2024-05-15 16:00:41 - [TEST_STEP][PASSED] - openBrowser(urlTestHarness): Browser is opened with url: 'https://dev-algorithm.govolution.com/vrelaytest/QA2/version_2_2/vrelaytest.html'

2024-05-15 16:00:41 - [MESSAGE][INFO] - Starting 'Chrome' driver

2024-05-15 16:00:41 - [MESSAGE][INFO] - User set preference: ['acceptInsecureCerts', 'true']

2024-05-15 16:00:41 - [MESSAGE][INFO] - Action delay is set to 0 milliseconds

2024-05-15 16:00:43 - [MESSAGE][PASSED] - Browser is opened with url: 'https://dev-algorithm.govolution.com/vrelaytest/QA2/version_2_2/vrelaytest.html'

2024-05-15 16:00:43 - [TEST_STEP][PASSED] - maximizeWindow(): Current window maximized

2024-05-15 16:00:44 - [MESSAGE][PASSED] - Current window maximized

2024-05-15 16:00:44 - [TEST_STEP][PASSED] - iwpPages.TestHarnessPage.setDataMethod(row, dataFile): iwpPages.TestHarnessPage.setDataMethod is PASSED

2024-05-15 16:00:44 - [MESSAGE][PASSED] - Object 'Object Repository/IWP30/Page_QATestHarness/RemittanceID' is present

2024-05-15 16:00:45 - [MESSAGE][PASSED] - Text '649' is set on object 'Object Repository/IWP30/Page_QATestHarness/ApplicationID'

2024-05-15 16:00:46 - [MESSAGE][PASSED] - Text '3.0' is set on object 'Object Repository/IWP30/Page_QATestHarness/MessageVersion'

2024-05-15 16:00:46 - [MESSAGE][PASSED] - Text 'S4uuptAsTW4d' is set on object 'Object Repository/IWP30/Page_QATestHarness/RemittanceID'

2024-05-15 16:00:48 - [MESSAGE][PASSED] - Object: 'Object Repository/IWP30/Page_QATestHarness/SubmitButton' is clicked on

2024-05-15 16:00:48 - [MESSAGE][PASSED] - iwpPages.TestHarnessPage.setDataMethod is PASSED

2024-05-15 16:00:48 - [TEST_STEP][PASSED] - if (verifyElementPresent(findTestObject("Object Repository/IWP30/Page_SelectPaymentMethod/PayByCreditCard"), 30)): null

2024-05-15 16:00:48 - [MESSAGE][PASSED] - Object 'Object Repository/IWP30/Page_SelectPaymentMethod/PayByCreditCard' is present

2024-05-15 16:00:48 - [TEST_STEP][PASSED] - println("We are on Select Payment Method page, start populating"): null

2024-05-15 16:00:48 - [TEST_STEP][PASSED] - check(findTestObject("Object Repository/IWP30/Page_SelectPaymentMethod/PayByCreditCard")): Object 'Object Repository/IWP30/Page_SelectPaymentMethod/PayByCreditCard' is checked

2024-05-15 16:00:48 - [MESSAGE][PASSED] - Object 'Object Repository/IWP30/Page_SelectPaymentMethod/PayByCreditCard' is checked

2024-05-15 16:00:48 - [TEST_STEP][PASSED] - Thread.sleep(1000): null

2024-05-15 16:00:49 - [TEST_STEP][PASSED] - click(findTestObject("Object Repository/IWP30/Page_SelectPaymentMethod/MakePaymentButton")): Object: 'Object Repository/IWP30/Page_SelectPaymentMethod/MakePaymentButton' is clicked on

2024-05-15 16:00:50 - [MESSAGE][PASSED] - Object: 'Object Repository/IWP30/Page_SelectPaymentMethod/MakePaymentButton' is clicked on

2024-05-15 16:00:50 - [TEST_STEP][FAILED] - iwpPages.ccPaymentEntryPage.setDataCCPM(row, dataFile): com.kms.katalon.core.exception.StepFailedException: Unable to select option by label '2023' of object 'Object Repository/IWP30/Page_CCPaymentEntry/Year'  (Root cause: com.kms.katalon.core.exception.StepFailedException: Unable to select option by label '2023' of object 'Object Repository/IWP30/Page_CCPaymentEntry/Year' 
	at com.kms.katalon.core.webui.keyword.internal.WebUIKeywordMain.stepFailed(WebUIKeywordMain.groovy:64)
	at com.kms.katalon.core.webui.keyword.internal.WebUIKeywordMain.runKeyword(WebUIKeywordMain.groovy:26)
	at com.kms.katalon.core.webui.keyword.builtin.SelectOptionByLabelKeyword.selectOptionByLabel(SelectOptionByLabelKeyword.groovy:98)
	at com.kms.katalon.core.webui.keyword.builtin.SelectOptionByLabelKeyword.execute(SelectOptionByLabelKeyword.groovy:71)
	at com.kms.katalon.core.keyword.internal.KeywordExecutor.executeKeywordForPlatform(KeywordExecutor.groovy:74)
	at com.kms.katalon.core.webui.keyword.WebUiBuiltInKeywords.selectOptionByLabel(WebUiBuiltInKeywords.groovy:1230)
	at com.kms.katalon.core.webui.keyword.WebUiBuiltInKeywords$selectOptionByLabel$7.call(Unknown Source)
	at iwpPages.ccPaymentEntryPage.setDataCCPM(ccPaymentEntryPage.groovy:252)
	at iwpPages.ccPaymentEntryPage.invokeMethod(ccPaymentEntryPage.groovy)
	at com.kms.katalon.core.main.CustomKeywordDelegatingMetaClass.invokeStaticMethod(CustomKeywordDelegatingMetaClass.java:55)
	at Misc.run(Misc:85)
	at com.kms.katalon.core.main.ScriptEngine.run(ScriptEngine.java:194)
	at com.kms.katalon.core.main.ScriptEngine.runScriptAsRawText(ScriptEngine.java:119)
	at com.kms.katalon.core.main.TestCaseExecutor.runScript(TestCaseExecutor.java:448)
	at com.kms.katalon.core.main.TestCaseExecutor.doExecute(TestCaseExecutor.java:439)
	at com.kms.katalon.core.main.TestCaseExecutor.processExecutionPhase(TestCaseExecutor.java:418)
	at com.kms.katalon.core.main.TestCaseExecutor.accessMainPhase(TestCaseExecutor.java:410)
	at com.kms.katalon.core.main.TestCaseExecutor.execute(TestCaseExecutor.java:285)
	at com.kms.katalon.core.common.CommonExecutor.accessTestCaseMainPhase(CommonExecutor.java:65)
	at com.kms.katalon.core.main.TestSuiteExecutor.accessTestSuiteMainPhase(TestSuiteExecutor.java:148)
	at com.kms.katalon.core.main.TestSuiteExecutor.execute(TestSuiteExecutor.java:106)
	at com.kms.katalon.core.main.TestCaseMain.startTestSuite(TestCaseMain.java:187)
	at com.kms.katalon.core.main.TestCaseMain$startTestSuite$0.call(Unknown Source)
	at TempTestSuite1715800219174.run(TempTestSuite1715800219174.groovy:35)
Caused by: org.openqa.selenium.NoSuchElementException: Cannot locate element with text: 2023
For documentation on this error, please visit: https://www.seleniumhq.org/exceptions/no_such_element.html
Build info: version: '3.141.59', revision: 'e82be7d358', time: '2018-11-14T08:25:53'
System info: host: 'DESKTOP-B2QI6NS', ip: '172.31.253.185', os.name: 'Windows 10', os.arch: 'amd64', os.version: '10.0', java.version: '1.8.0_181'
Driver info: driver.version: unknown
	at org.openqa.selenium.support.ui.Select.selectByVisibleText(Select.java:147)
	at com.kms.katalon.core.webui.common.WebUiCommonHelper.selectOrDeselectOptionsByLabel(WebUiCommonHelper.java:310)
	at com.kms.katalon.core.webui.keyword.builtin.SelectOptionByLabelKeyword$_selectOptionByLabel_closure1.doCall(SelectOptionByLabelKeyword.groovy:87)
	at com.kms.katalon.core.webui.keyword.builtin.SelectOptionByLabelKeyword$_selectOptionByLabel_closure1.call(SelectOptionByLabelKeyword.groovy)
	at com.kms.katalon.core.webui.keyword.internal.WebUIKeywordMain.runKeyword(WebUIKeywordMain.groovy:20)
	at com.kms.katalon.core.webui.keyword.builtin.SelectOptionByLabelKeyword.selectOptionByLabel(SelectOptionByLabelKeyword.groovy:98)
	at com.kms.katalon.core.webui.keyword.builtin.SelectOptionByLabelKeyword.execute(SelectOptionByLabelKeyword.groovy:71)
	at com.kms.katalon.core.keyword.internal.KeywordExecutor.executeKeywordForPlatform(KeywordExecutor.groovy:74)
	at com.kms.katalon.core.webui.keyword.WebUiBuiltInKeywords.selectOptionByLabel(WebUiBuiltInKeywords.groovy:1230)
	at com.kms.katalon.core.webui.keyword.WebUiBuiltInKeywords$selectOptionByLabel$7.call(Unknown Source)
	at iwpPages.ccPaymentEntryPage.setDataCCPM(ccPaymentEntryPage.groovy:252)
	at iwpPages.ccPaymentEntryPage.invokeMethod(ccPaymentEntryPage.groovy)
	at com.kms.katalon.core.main.CustomKeywordDelegatingMetaClass.invokeStaticMethod(CustomKeywordDelegatingMetaClass.java:55)
	at Script1593488051730.run(Script1593488051730.groovy:85)
	... 13 more
)

2024-05-15 16:00:52 - [MESSAGE][PASSED] - Object 'Object Repository/IWP30/Page_CCPaymentEntry/Name' is present

2024-05-15 16:00:52 - [MESSAGE][PASSED] - Object 'Object Repository/IWP30/Page_CCPaymentEntry/Amount' is present

2024-05-15 16:00:53 - [MESSAGE][PASSED] - Text '20.50' is set on object 'Object Repository/IWP30/Page_CCPaymentEntry/Amount'

2024-05-15 16:00:53 - [MESSAGE][PASSED] - Object 'Object Repository/IWP30/Page_CCPaymentEntry/UserDefined2' is present

2024-05-15 16:00:54 - [MESSAGE][PASSED] - Text 'Number 2' is set on object 'Object Repository/IWP30/Page_CCPaymentEntry/UserDefined2'

2024-05-15 16:00:54 - [MESSAGE][PASSED] - Object 'Object Repository/IWP30/Page_CCPaymentEntry/UserDefined3' is present

2024-05-15 16:00:55 - [MESSAGE][PASSED] - Text 'Number 3' is set on object 'Object Repository/IWP30/Page_CCPaymentEntry/UserDefined3'

2024-05-15 16:00:55 - [MESSAGE][PASSED] - Object 'Object Repository/IWP30/Page_CCPaymentEntry/UserDefined7' is present

2024-05-15 16:00:56 - [MESSAGE][PASSED] - All options with label 'Orange' are selected in object 'Object Repository/IWP30/Page_CCPaymentEntry/UserDefined7' 

2024-05-15 16:00:56 - [MESSAGE][PASSED] - Object 'Object Repository/IWP30/Page_CCPaymentEntry/UserDefined8' is present

2024-05-15 16:00:56 - [MESSAGE][PASSED] - All options with label 'Tennis' are selected in object 'Object Repository/IWP30/Page_CCPaymentEntry/UserDefined8' 

2024-05-15 16:00:57 - [MESSAGE][PASSED] - Object 'Object Repository/IWP30/Page_CCPaymentEntry/Name' is present

2024-05-15 16:00:57 - [MESSAGE][PASSED] - Text 'Mera Naam' is set on object 'Object Repository/IWP30/Page_CCPaymentEntry/Name'

2024-05-15 16:00:58 - [MESSAGE][PASSED] - Object 'Object Repository/IWP30/Page_CCPaymentEntry/CardNumber' is present

2024-05-15 16:00:58 - [MESSAGE][PASSED] - Text '4922222222222223' is set on object 'Object Repository/IWP30/Page_CCPaymentEntry/CardNumber'

2024-05-15 16:00:59 - [MESSAGE][PASSED] - Object 'Object Repository/IWP30/Page_CCPaymentEntry/SPC' is present

2024-05-15 16:00:59 - [MESSAGE][PASSED] - Text '123' is set on object 'Object Repository/IWP30/Page_CCPaymentEntry/SPC'

2024-05-15 16:01:00 - [MESSAGE][PASSED] - Object 'Object Repository/IWP30/Page_CCPaymentEntry/Month' is present

2024-05-15 16:01:00 - [MESSAGE][PASSED] - All options with label '09' are selected in object 'Object Repository/IWP30/Page_CCPaymentEntry/Month' 

2024-05-15 16:01:00 - [MESSAGE][PASSED] - Object 'Object Repository/IWP30/Page_CCPaymentEntry/Year' is present

2024-05-15 16:01:02 - [MESSAGE][FAILED] - Unable to select option by label '2023' of object 'Object Repository/IWP30/Page_CCPaymentEntry/Year'  (Root cause: com.kms.katalon.core.exception.StepFailedException: Unable to select option by label '2023' of object 'Object Repository/IWP30/Page_CCPaymentEntry/Year' 
	at com.kms.katalon.core.webui.keyword.internal.WebUIKeywordMain.stepFailed(WebUIKeywordMain.groovy:64)
	at com.kms.katalon.core.webui.keyword.internal.WebUIKeywordMain.runKeyword(WebUIKeywordMain.groovy:26)
	at com.kms.katalon.core.webui.keyword.builtin.SelectOptionByLabelKeyword.selectOptionByLabel(SelectOptionByLabelKeyword.groovy:98)
	at com.kms.katalon.core.webui.keyword.builtin.SelectOptionByLabelKeyword.execute(SelectOptionByLabelKeyword.groovy:71)
	at com.kms.katalon.core.keyword.internal.KeywordExecutor.executeKeywordForPlatform(KeywordExecutor.groovy:74)
	at com.kms.katalon.core.webui.keyword.WebUiBuiltInKeywords.selectOptionByLabel(WebUiBuiltInKeywords.groovy:1230)
	at com.kms.katalon.core.webui.keyword.WebUiBuiltInKeywords$selectOptionByLabel$7.call(Unknown Source)
	at iwpPages.ccPaymentEntryPage.setDataCCPM(ccPaymentEntryPage.groovy:252)
	at iwpPages.ccPaymentEntryPage.invokeMethod(ccPaymentEntryPage.groovy)
	at com.kms.katalon.core.main.CustomKeywordDelegatingMetaClass.invokeStaticMethod(CustomKeywordDelegatingMetaClass.java:55)
	at Misc.run(Misc:85)
	at com.kms.katalon.core.main.ScriptEngine.run(ScriptEngine.java:194)
	at com.kms.katalon.core.main.ScriptEngine.runScriptAsRawText(ScriptEngine.java:119)
	at com.kms.katalon.core.main.TestCaseExecutor.runScript(TestCaseExecutor.java:448)
	at com.kms.katalon.core.main.TestCaseExecutor.doExecute(TestCaseExecutor.java:439)
	at com.kms.katalon.core.main.TestCaseExecutor.processExecutionPhase(TestCaseExecutor.java:418)
	at com.kms.katalon.core.main.TestCaseExecutor.accessMainPhase(TestCaseExecutor.java:410)
	at com.kms.katalon.core.main.TestCaseExecutor.execute(TestCaseExecutor.java:285)
	at com.kms.katalon.core.common.CommonExecutor.accessTestCaseMainPhase(CommonExecutor.java:65)
	at com.kms.katalon.core.main.TestSuiteExecutor.accessTestSuiteMainPhase(TestSuiteExecutor.java:148)
	at com.kms.katalon.core.main.TestSuiteExecutor.execute(TestSuiteExecutor.java:106)
	at com.kms.katalon.core.main.TestCaseMain.startTestSuite(TestCaseMain.java:187)
	at com.kms.katalon.core.main.TestCaseMain$startTestSuite$0.call(Unknown Source)
	at TempTestSuite1715800219174.run(TempTestSuite1715800219174.groovy:35)
Caused by: org.openqa.selenium.NoSuchElementException: Cannot locate element with text: 2023
For documentation on this error, please visit: https://www.seleniumhq.org/exceptions/no_such_element.html
Build info: version: '3.141.59', revision: 'e82be7d358', time: '2018-11-14T08:25:53'
System info: host: 'DESKTOP-B2QI6NS', ip: '172.31.253.185', os.name: 'Windows 10', os.arch: 'amd64', os.version: '10.0', java.version: '1.8.0_181'
Driver info: driver.version: unknown
	at org.openqa.selenium.support.ui.Select.selectByVisibleText(Select.java:147)
	at com.kms.katalon.core.webui.common.WebUiCommonHelper.selectOrDeselectOptionsByLabel(WebUiCommonHelper.java:310)
	at com.kms.katalon.core.webui.keyword.builtin.SelectOptionByLabelKeyword$_selectOptionByLabel_closure1.doCall(SelectOptionByLabelKeyword.groovy:87)
	at com.kms.katalon.core.webui.keyword.builtin.SelectOptionByLabelKeyword$_selectOptionByLabel_closure1.call(SelectOptionByLabelKeyword.groovy)
	at com.kms.katalon.core.webui.keyword.internal.WebUIKeywordMain.runKeyword(WebUIKeywordMain.groovy:20)
	at com.kms.katalon.core.webui.keyword.builtin.SelectOptionByLabelKeyword.selectOptionByLabel(SelectOptionByLabelKeyword.groovy:98)
	at com.kms.katalon.core.webui.keyword.builtin.SelectOptionByLabelKeyword.execute(SelectOptionByLabelKeyword.groovy:71)
	at com.kms.katalon.core.keyword.internal.KeywordExecutor.executeKeywordForPlatform(KeywordExecutor.groovy:74)
	at com.kms.katalon.core.webui.keyword.WebUiBuiltInKeywords.selectOptionByLabel(WebUiBuiltInKeywords.groovy:1230)
	at com.kms.katalon.core.webui.keyword.WebUiBuiltInKeywords$selectOptionByLabel$7.call(Unknown Source)
	at iwpPages.ccPaymentEntryPage.setDataCCPM(ccPaymentEntryPage.groovy:252)
	at iwpPages.ccPaymentEntryPage.invokeMethod(ccPaymentEntryPage.groovy)
	at com.kms.katalon.core.main.CustomKeywordDelegatingMetaClass.invokeStaticMethod(CustomKeywordDelegatingMetaClass.java:55)
	at Script1593488051730.run(Script1593488051730.groovy:85)
	... 13 more
)
[[ATTACHMENT|E:\\Cloned-Project-Katalon\\VPS-Katalon\\Reports\\20240515_151019\\QA\\IWP3.0\\IWP30 Smoke TestSuite\\20240515_151019\\1715803261533.png]]

2024-05-15 16:01:02 - [MESSAGE][PASSED] - Object 'Object Repository/IWP30/Page_CCPaymentEntry/ProcessDate' is present

2024-05-15 16:01:02 - [MESSAGE][PASSED] - Object 'Object Repository/IWP30/Page_CCPaymentEntry/AL1' is present

2024-05-15 16:01:03 - [MESSAGE][PASSED] - Text 'Mera AL1' is set on object 'Object Repository/IWP30/Page_CCPaymentEntry/AL1'

2024-05-15 16:01:03 - [MESSAGE][PASSED] - Object 'Object Repository/IWP30/Page_CCPaymentEntry/AL2' is present

2024-05-15 16:01:04 - [MESSAGE][PASSED] - Text 'Mera AL2' is set on object 'Object Repository/IWP30/Page_CCPaymentEntry/AL2'

2024-05-15 16:01:04 - [MESSAGE][PASSED] - Object 'Object Repository/IWP30/Page_CCPaymentEntry/ZIP' is present

2024-05-15 16:01:05 - [MESSAGE][PASSED] - Text '21054' is set on object 'Object Repository/IWP30/Page_CCPaymentEntry/ZIP'

2024-05-15 16:01:05 - [MESSAGE][PASSED] - Object 'Object Repository/IWP30/Page_CCPaymentEntry/EmailAddress' is present

2024-05-15 16:01:06 - [MESSAGE][PASSED] - Text 'merae@gmail.com' is set on object 'Object Repository/IWP30/Page_CCPaymentEntry/EmailAddress'

2024-05-15 16:01:06 - [MESSAGE][PASSED] - Object 'Object Repository/IWP30/Page_CCPaymentEntry/TermCondCheckBox' is present

2024-05-15 16:01:07 - [MESSAGE][PASSED] - Object 'Object Repository/IWP30/Page_CCPaymentEntry/TermCondCheckBox' is checked

2024-05-15 16:01:07 - [MESSAGE][PASSED] - Object 'Object Repository/IWP30/Page_CCPaymentEntry/ContinueButton' is present

2024-05-15 16:01:08 - [MESSAGE][PASSED] - Object: 'Object Repository/IWP30/Page_CCPaymentEntry/ContinueButton' is clicked on

2024-05-15 16:01:08 - [MESSAGE][FAILED] - com.kms.katalon.core.exception.StepFailedException: Unable to select option by label '2023' of object 'Object Repository/IWP30/Page_CCPaymentEntry/Year'  (Root cause: com.kms.katalon.core.exception.StepFailedException: Unable to select option by label '2023' of object 'Object Repository/IWP30/Page_CCPaymentEntry/Year' 
	at com.kms.katalon.core.webui.keyword.internal.WebUIKeywordMain.stepFailed(WebUIKeywordMain.groovy:64)
	at com.kms.katalon.core.webui.keyword.internal.WebUIKeywordMain.runKeyword(WebUIKeywordMain.groovy:26)
	at com.kms.katalon.core.webui.keyword.builtin.SelectOptionByLabelKeyword.selectOptionByLabel(SelectOptionByLabelKeyword.groovy:98)
	at com.kms.katalon.core.webui.keyword.builtin.SelectOptionByLabelKeyword.execute(SelectOptionByLabelKeyword.groovy:71)
	at com.kms.katalon.core.keyword.internal.KeywordExecutor.executeKeywordForPlatform(KeywordExecutor.groovy:74)
	at com.kms.katalon.core.webui.keyword.WebUiBuiltInKeywords.selectOptionByLabel(WebUiBuiltInKeywords.groovy:1230)
	at com.kms.katalon.core.webui.keyword.WebUiBuiltInKeywords$selectOptionByLabel$7.call(Unknown Source)
	at iwpPages.ccPaymentEntryPage.setDataCCPM(ccPaymentEntryPage.groovy:252)
	at iwpPages.ccPaymentEntryPage.invokeMethod(ccPaymentEntryPage.groovy)
	at com.kms.katalon.core.main.CustomKeywordDelegatingMetaClass.invokeStaticMethod(CustomKeywordDelegatingMetaClass.java:55)
	at Misc.run(Misc:85)
	at com.kms.katalon.core.main.ScriptEngine.run(ScriptEngine.java:194)
	at com.kms.katalon.core.main.ScriptEngine.runScriptAsRawText(ScriptEngine.java:119)
	at com.kms.katalon.core.main.TestCaseExecutor.runScript(TestCaseExecutor.java:448)
	at com.kms.katalon.core.main.TestCaseExecutor.doExecute(TestCaseExecutor.java:439)
	at com.kms.katalon.core.main.TestCaseExecutor.processExecutionPhase(TestCaseExecutor.java:418)
	at com.kms.katalon.core.main.TestCaseExecutor.accessMainPhase(TestCaseExecutor.java:410)
	at com.kms.katalon.core.main.TestCaseExecutor.execute(TestCaseExecutor.java:285)
	at com.kms.katalon.core.common.CommonExecutor.accessTestCaseMainPhase(CommonExecutor.java:65)
	at com.kms.katalon.core.main.TestSuiteExecutor.accessTestSuiteMainPhase(TestSuiteExecutor.java:148)
	at com.kms.katalon.core.main.TestSuiteExecutor.execute(TestSuiteExecutor.java:106)
	at com.kms.katalon.core.main.TestCaseMain.startTestSuite(TestCaseMain.java:187)
	at com.kms.katalon.core.main.TestCaseMain$startTestSuite$0.call(Unknown Source)
	at TempTestSuite1715800219174.run(TempTestSuite1715800219174.groovy:35)
Caused by: org.openqa.selenium.NoSuchElementException: Cannot locate element with text: 2023
For documentation on this error, please visit: https://www.seleniumhq.org/exceptions/no_such_element.html
Build info: version: '3.141.59', revision: 'e82be7d358', time: '2018-11-14T08:25:53'
System info: host: 'DESKTOP-B2QI6NS', ip: '172.31.253.185', os.name: 'Windows 10', os.arch: 'amd64', os.version: '10.0', java.version: '1.8.0_181'
Driver info: driver.version: unknown
	at org.openqa.selenium.support.ui.Select.selectByVisibleText(Select.java:147)
	at com.kms.katalon.core.webui.common.WebUiCommonHelper.selectOrDeselectOptionsByLabel(WebUiCommonHelper.java:310)
	at com.kms.katalon.core.webui.keyword.builtin.SelectOptionByLabelKeyword$_selectOptionByLabel_closure1.doCall(SelectOptionByLabelKeyword.groovy:87)
	at com.kms.katalon.core.webui.keyword.builtin.SelectOptionByLabelKeyword$_selectOptionByLabel_closure1.call(SelectOptionByLabelKeyword.groovy)
	at com.kms.katalon.core.webui.keyword.internal.WebUIKeywordMain.runKeyword(WebUIKeywordMain.groovy:20)
	at com.kms.katalon.core.webui.keyword.builtin.SelectOptionByLabelKeyword.selectOptionByLabel(SelectOptionByLabelKeyword.groovy:98)
	at com.kms.katalon.core.webui.keyword.builtin.SelectOptionByLabelKeyword.execute(SelectOptionByLabelKeyword.groovy:71)
	at com.kms.katalon.core.keyword.internal.KeywordExecutor.executeKeywordForPlatform(KeywordExecutor.groovy:74)
	at com.kms.katalon.core.webui.keyword.WebUiBuiltInKeywords.selectOptionByLabel(WebUiBuiltInKeywords.groovy:1230)
	at com.kms.katalon.core.webui.keyword.WebUiBuiltInKeywords$selectOptionByLabel$7.call(Unknown Source)
	at iwpPages.ccPaymentEntryPage.setDataCCPM(ccPaymentEntryPage.groovy:252)
	at iwpPages.ccPaymentEntryPage.invokeMethod(ccPaymentEntryPage.groovy)
	at com.kms.katalon.core.main.CustomKeywordDelegatingMetaClass.invokeStaticMethod(CustomKeywordDelegatingMetaClass.java:55)
	at Script1593488051730.run(Script1593488051730.groovy:85)
	... 13 more
)

2024-05-15 16:01:08 - [TEST_STEP][FAILED] - if (verifyTextPresent("Please verify the following information", false)): Text 'Please verify the following information' is not present on page  (Root cause: com.kms.katalon.core.exception.StepFailedException: Text 'Please verify the following information' is not present on page 
	at com.kms.katalon.core.webui.keyword.internal.WebUIKeywordMain.stepFailed(WebUIKeywordMain.groovy:64)
	at com.kms.katalon.core.webui.keyword.builtin.VerifyTextPresentKeyword$_verifyTextPresent_closure1.doCall(VerifyTextPresentKeyword.groovy:79)
	at com.kms.katalon.core.webui.keyword.builtin.VerifyTextPresentKeyword$_verifyTextPresent_closure1.call(VerifyTextPresentKeyword.groovy)
	at com.kms.katalon.core.webui.keyword.internal.WebUIKeywordMain.runKeyword(WebUIKeywordMain.groovy:20)
	at com.kms.katalon.core.webui.keyword.builtin.VerifyTextPresentKeyword.verifyTextPresent(VerifyTextPresentKeyword.groovy:83)
	at com.kms.katalon.core.webui.keyword.builtin.VerifyTextPresentKeyword.execute(VerifyTextPresentKeyword.groovy:68)
	at com.kms.katalon.core.keyword.internal.KeywordExecutor.executeKeywordForPlatform(KeywordExecutor.groovy:74)
	at com.kms.katalon.core.webui.keyword.WebUiBuiltInKeywords.verifyTextPresent(WebUiBuiltInKeywords.groovy:1723)
	at com.kms.katalon.core.webui.keyword.WebUiBuiltInKeywords$verifyTextPresent$8.call(Unknown Source)
	at Misc.run(Misc:92)
	at com.kms.katalon.core.main.ScriptEngine.run(ScriptEngine.java:194)
	at com.kms.katalon.core.main.ScriptEngine.runScriptAsRawText(ScriptEngine.java:119)
	at com.kms.katalon.core.main.TestCaseExecutor.runScript(TestCaseExecutor.java:448)
	at com.kms.katalon.core.main.TestCaseExecutor.doExecute(TestCaseExecutor.java:439)
	at com.kms.katalon.core.main.TestCaseExecutor.processExecutionPhase(TestCaseExecutor.java:418)
	at com.kms.katalon.core.main.TestCaseExecutor.accessMainPhase(TestCaseExecutor.java:410)
	at com.kms.katalon.core.main.TestCaseExecutor.execute(TestCaseExecutor.java:285)
	at com.kms.katalon.core.common.CommonExecutor.accessTestCaseMainPhase(CommonExecutor.java:65)
	at com.kms.katalon.core.main.TestSuiteExecutor.accessTestSuiteMainPhase(TestSuiteExecutor.java:148)
	at com.kms.katalon.core.main.TestSuiteExecutor.execute(TestSuiteExecutor.java:106)
	at com.kms.katalon.core.main.TestCaseMain.startTestSuite(TestCaseMain.java:187)
	at com.kms.katalon.core.main.TestCaseMain$startTestSuite$0.call(Unknown Source)
	at TempTestSuite1715800219174.run(TempTestSuite1715800219174.groovy:35)
)

2024-05-15 16:01:09 - [MESSAGE][FAILED] - Text 'Please verify the following information' is not present on page  (Root cause: com.kms.katalon.core.exception.StepFailedException: Text 'Please verify the following information' is not present on page 
	at com.kms.katalon.core.webui.keyword.internal.WebUIKeywordMain.stepFailed(WebUIKeywordMain.groovy:64)
	at com.kms.katalon.core.webui.keyword.builtin.VerifyTextPresentKeyword$_verifyTextPresent_closure1.doCall(VerifyTextPresentKeyword.groovy:79)
	at com.kms.katalon.core.webui.keyword.builtin.VerifyTextPresentKeyword$_verifyTextPresent_closure1.call(VerifyTextPresentKeyword.groovy)
	at com.kms.katalon.core.webui.keyword.internal.WebUIKeywordMain.runKeyword(WebUIKeywordMain.groovy:20)
	at com.kms.katalon.core.webui.keyword.builtin.VerifyTextPresentKeyword.verifyTextPresent(VerifyTextPresentKeyword.groovy:83)
	at com.kms.katalon.core.webui.keyword.builtin.VerifyTextPresentKeyword.execute(VerifyTextPresentKeyword.groovy:68)
	at com.kms.katalon.core.keyword.internal.KeywordExecutor.executeKeywordForPlatform(KeywordExecutor.groovy:74)
	at com.kms.katalon.core.webui.keyword.WebUiBuiltInKeywords.verifyTextPresent(WebUiBuiltInKeywords.groovy:1723)
	at com.kms.katalon.core.webui.keyword.WebUiBuiltInKeywords$verifyTextPresent$8.call(Unknown Source)
	at Misc.run(Misc:92)
	at com.kms.katalon.core.main.ScriptEngine.run(ScriptEngine.java:194)
	at com.kms.katalon.core.main.ScriptEngine.runScriptAsRawText(ScriptEngine.java:119)
	at com.kms.katalon.core.main.TestCaseExecutor.runScript(TestCaseExecutor.java:448)
	at com.kms.katalon.core.main.TestCaseExecutor.doExecute(TestCaseExecutor.java:439)
	at com.kms.katalon.core.main.TestCaseExecutor.processExecutionPhase(TestCaseExecutor.java:418)
	at com.kms.katalon.core.main.TestCaseExecutor.accessMainPhase(TestCaseExecutor.java:410)
	at com.kms.katalon.core.main.TestCaseExecutor.execute(TestCaseExecutor.java:285)
	at com.kms.katalon.core.common.CommonExecutor.accessTestCaseMainPhase(CommonExecutor.java:65)
	at com.kms.katalon.core.main.TestSuiteExecutor.accessTestSuiteMainPhase(TestSuiteExecutor.java:148)
	at com.kms.katalon.core.main.TestSuiteExecutor.execute(TestSuiteExecutor.java:106)
	at com.kms.katalon.core.main.TestCaseMain.startTestSuite(TestCaseMain.java:187)
	at com.kms.katalon.core.main.TestCaseMain$startTestSuite$0.call(Unknown Source)
	at TempTestSuite1715800219174.run(TempTestSuite1715800219174.groovy:35)
)

2024-05-15 16:01:09 - [TEST_STEP][PASSED] - else: null

2024-05-15 16:01:09 - [TEST_STEP][FAILED] - if (verifyTextPresent("Is this information correct?", false)): Text 'Is this information correct?' is not present on page  (Root cause: com.kms.katalon.core.exception.StepFailedException: Text 'Is this information correct?' is not present on page 
	at com.kms.katalon.core.webui.keyword.internal.WebUIKeywordMain.stepFailed(WebUIKeywordMain.groovy:64)
	at com.kms.katalon.core.webui.keyword.builtin.VerifyTextPresentKeyword$_verifyTextPresent_closure1.doCall(VerifyTextPresentKeyword.groovy:79)
	at com.kms.katalon.core.webui.keyword.builtin.VerifyTextPresentKeyword$_verifyTextPresent_closure1.call(VerifyTextPresentKeyword.groovy)
	at com.kms.katalon.core.webui.keyword.internal.WebUIKeywordMain.runKeyword(WebUIKeywordMain.groovy:20)
	at com.kms.katalon.core.webui.keyword.builtin.VerifyTextPresentKeyword.verifyTextPresent(VerifyTextPresentKeyword.groovy:83)
	at com.kms.katalon.core.webui.keyword.builtin.VerifyTextPresentKeyword.execute(VerifyTextPresentKeyword.groovy:68)
	at com.kms.katalon.core.keyword.internal.KeywordExecutor.executeKeywordForPlatform(KeywordExecutor.groovy:74)
	at com.kms.katalon.core.webui.keyword.WebUiBuiltInKeywords.verifyTextPresent(WebUiBuiltInKeywords.groovy:1723)
	at com.kms.katalon.core.webui.keyword.WebUiBuiltInKeywords$verifyTextPresent$8.call(Unknown Source)
	at Misc.run(Misc:100)
	at com.kms.katalon.core.main.ScriptEngine.run(ScriptEngine.java:194)
	at com.kms.katalon.core.main.ScriptEngine.runScriptAsRawText(ScriptEngine.java:119)
	at com.kms.katalon.core.main.TestCaseExecutor.runScript(TestCaseExecutor.java:448)
	at com.kms.katalon.core.main.TestCaseExecutor.doExecute(TestCaseExecutor.java:439)
	at com.kms.katalon.core.main.TestCaseExecutor.processExecutionPhase(TestCaseExecutor.java:418)
	at com.kms.katalon.core.main.TestCaseExecutor.accessMainPhase(TestCaseExecutor.java:410)
	at com.kms.katalon.core.main.TestCaseExecutor.execute(TestCaseExecutor.java:285)
	at com.kms.katalon.core.common.CommonExecutor.accessTestCaseMainPhase(CommonExecutor.java:65)
	at com.kms.katalon.core.main.TestSuiteExecutor.accessTestSuiteMainPhase(TestSuiteExecutor.java:148)
	at com.kms.katalon.core.main.TestSuiteExecutor.execute(TestSuiteExecutor.java:106)
	at com.kms.katalon.core.main.TestCaseMain.startTestSuite(TestCaseMain.java:187)
	at com.kms.katalon.core.main.TestCaseMain$startTestSuite$0.call(Unknown Source)
	at TempTestSuite1715800219174.run(TempTestSuite1715800219174.groovy:35)
)

2024-05-15 16:01:09 - [MESSAGE][FAILED] - Text 'Is this information correct?' is not present on page  (Root cause: com.kms.katalon.core.exception.StepFailedException: Text 'Is this information correct?' is not present on page 
	at com.kms.katalon.core.webui.keyword.internal.WebUIKeywordMain.stepFailed(WebUIKeywordMain.groovy:64)
	at com.kms.katalon.core.webui.keyword.builtin.VerifyTextPresentKeyword$_verifyTextPresent_closure1.doCall(VerifyTextPresentKeyword.groovy:79)
	at com.kms.katalon.core.webui.keyword.builtin.VerifyTextPresentKeyword$_verifyTextPresent_closure1.call(VerifyTextPresentKeyword.groovy)
	at com.kms.katalon.core.webui.keyword.internal.WebUIKeywordMain.runKeyword(WebUIKeywordMain.groovy:20)
	at com.kms.katalon.core.webui.keyword.builtin.VerifyTextPresentKeyword.verifyTextPresent(VerifyTextPresentKeyword.groovy:83)
	at com.kms.katalon.core.webui.keyword.builtin.VerifyTextPresentKeyword.execute(VerifyTextPresentKeyword.groovy:68)
	at com.kms.katalon.core.keyword.internal.KeywordExecutor.executeKeywordForPlatform(KeywordExecutor.groovy:74)
	at com.kms.katalon.core.webui.keyword.WebUiBuiltInKeywords.verifyTextPresent(WebUiBuiltInKeywords.groovy:1723)
	at com.kms.katalon.core.webui.keyword.WebUiBuiltInKeywords$verifyTextPresent$8.call(Unknown Source)
	at Misc.run(Misc:100)
	at com.kms.katalon.core.main.ScriptEngine.run(ScriptEngine.java:194)
	at com.kms.katalon.core.main.ScriptEngine.runScriptAsRawText(ScriptEngine.java:119)
	at com.kms.katalon.core.main.TestCaseExecutor.runScript(TestCaseExecutor.java:448)
	at com.kms.katalon.core.main.TestCaseExecutor.doExecute(TestCaseExecutor.java:439)
	at com.kms.katalon.core.main.TestCaseExecutor.processExecutionPhase(TestCaseExecutor.java:418)
	at com.kms.katalon.core.main.TestCaseExecutor.accessMainPhase(TestCaseExecutor.java:410)
	at com.kms.katalon.core.main.TestCaseExecutor.execute(TestCaseExecutor.java:285)
	at com.kms.katalon.core.common.CommonExecutor.accessTestCaseMainPhase(CommonExecutor.java:65)
	at com.kms.katalon.core.main.TestSuiteExecutor.accessTestSuiteMainPhase(TestSuiteExecutor.java:148)
	at com.kms.katalon.core.main.TestSuiteExecutor.execute(TestSuiteExecutor.java:106)
	at com.kms.katalon.core.main.TestCaseMain.startTestSuite(TestCaseMain.java:187)
	at com.kms.katalon.core.main.TestCaseMain$startTestSuite$0.call(Unknown Source)
	at TempTestSuite1715800219174.run(TempTestSuite1715800219174.groovy:35)
)

2024-05-15 16:01:09 - [TEST_STEP][PASSED] - else: null

2024-05-15 16:01:09 - [TEST_STEP][PASSED] - println("Is this information correct text is not present on the Confirmation page"): null

2024-05-15 16:01:09 - [TEST_STEP][FAILED] - if (verifyElementPresent(findTestObject("Object Repository/IWP30/Page_Confirmation/ConfirmButton"), 30)): com.kms.katalon.core.webui.exception.WebElementNotFoundException: Web element with id: 'Object Repository/IWP30/Page_Confirmation/ConfirmButton' located by '//*[@type = 'submit' and @name = 'confirmNotifyAction' and @id = 'submitYes' and @value = 'Confirm']' not found (Root cause: com.kms.katalon.core.exception.StepFailedException: com.kms.katalon.core.webui.exception.WebElementNotFoundException: Web element with id: 'Object Repository/IWP30/Page_Confirmation/ConfirmButton' located by '//*[@type = 'submit' and @name = 'confirmNotifyAction' and @id = 'submitYes' and @value = 'Confirm']' not found
	at com.kms.katalon.core.webui.keyword.internal.WebUIKeywordMain.stepFailed(WebUIKeywordMain.groovy:64)
	at com.kms.katalon.core.webui.keyword.builtin.VerifyElementPresentKeyword$_verifyElementPresent_closure1.doCall(VerifyElementPresentKeyword.groovy:85)
	at com.kms.katalon.core.webui.keyword.builtin.VerifyElementPresentKeyword$_verifyElementPresent_closure1.call(VerifyElementPresentKeyword.groovy)
	at com.kms.katalon.core.webui.keyword.internal.WebUIKeywordMain.runKeyword(WebUIKeywordMain.groovy:20)
	at com.kms.katalon.core.webui.keyword.builtin.VerifyElementPresentKeyword.verifyElementPresent(VerifyElementPresentKeyword.groovy:92)
	at com.kms.katalon.core.webui.keyword.builtin.VerifyElementPresentKeyword.execute(VerifyElementPresentKeyword.groovy:68)
	at com.kms.katalon.core.keyword.internal.KeywordExecutor.executeKeywordForPlatform(KeywordExecutor.groovy:74)
	at com.kms.katalon.core.webui.keyword.WebUiBuiltInKeywords.verifyElementPresent(WebUiBuiltInKeywords.groovy:1464)
	at com.kms.katalon.core.webui.keyword.WebUiBuiltInKeywords$verifyElementPresent$5.call(Unknown Source)
	at Misc.run(Misc:108)
	at com.kms.katalon.core.main.ScriptEngine.run(ScriptEngine.java:194)
	at com.kms.katalon.core.main.ScriptEngine.runScriptAsRawText(ScriptEngine.java:119)
	at com.kms.katalon.core.main.TestCaseExecutor.runScript(TestCaseExecutor.java:448)
	at com.kms.katalon.core.main.TestCaseExecutor.doExecute(TestCaseExecutor.java:439)
	at com.kms.katalon.core.main.TestCaseExecutor.processExecutionPhase(TestCaseExecutor.java:418)
	at com.kms.katalon.core.main.TestCaseExecutor.accessMainPhase(TestCaseExecutor.java:410)
	at com.kms.katalon.core.main.TestCaseExecutor.execute(TestCaseExecutor.java:285)
	at com.kms.katalon.core.common.CommonExecutor.accessTestCaseMainPhase(CommonExecutor.java:65)
	at com.kms.katalon.core.main.TestSuiteExecutor.accessTestSuiteMainPhase(TestSuiteExecutor.java:148)
	at com.kms.katalon.core.main.TestSuiteExecutor.execute(TestSuiteExecutor.java:106)
	at com.kms.katalon.core.main.TestCaseMain.startTestSuite(TestCaseMain.java:187)
	at com.kms.katalon.core.main.TestCaseMain$startTestSuite$0.call(Unknown Source)
	at TempTestSuite1715800219174.run(TempTestSuite1715800219174.groovy:35)
)

2024-05-15 16:01:40 - [MESSAGE][INFO] - Unable to find the element located by 'By.xpath: //*[@type = 'submit' and @name = 'confirmNotifyAction' and @id = 'submitYes' and @value = 'Confirm']'. Please recheck the objects properties to make sure the desired element is located. 

2024-05-15 16:01:41 - [MESSAGE][FAILED] - com.kms.katalon.core.webui.exception.WebElementNotFoundException: Web element with id: 'Object Repository/IWP30/Page_Confirmation/ConfirmButton' located by '//*[@type = 'submit' and @name = 'confirmNotifyAction' and @id = 'submitYes' and @value = 'Confirm']' not found (Root cause: com.kms.katalon.core.exception.StepFailedException: com.kms.katalon.core.webui.exception.WebElementNotFoundException: Web element with id: 'Object Repository/IWP30/Page_Confirmation/ConfirmButton' located by '//*[@type = 'submit' and @name = 'confirmNotifyAction' and @id = 'submitYes' and @value = 'Confirm']' not found
	at com.kms.katalon.core.webui.keyword.internal.WebUIKeywordMain.stepFailed(WebUIKeywordMain.groovy:64)
	at com.kms.katalon.core.webui.keyword.builtin.VerifyElementPresentKeyword$_verifyElementPresent_closure1.doCall(VerifyElementPresentKeyword.groovy:85)
	at com.kms.katalon.core.webui.keyword.builtin.VerifyElementPresentKeyword$_verifyElementPresent_closure1.call(VerifyElementPresentKeyword.groovy)
	at com.kms.katalon.core.webui.keyword.internal.WebUIKeywordMain.runKeyword(WebUIKeywordMain.groovy:20)
	at com.kms.katalon.core.webui.keyword.builtin.VerifyElementPresentKeyword.verifyElementPresent(VerifyElementPresentKeyword.groovy:92)
	at com.kms.katalon.core.webui.keyword.builtin.VerifyElementPresentKeyword.execute(VerifyElementPresentKeyword.groovy:68)
	at com.kms.katalon.core.keyword.internal.KeywordExecutor.executeKeywordForPlatform(KeywordExecutor.groovy:74)
	at com.kms.katalon.core.webui.keyword.WebUiBuiltInKeywords.verifyElementPresent(WebUiBuiltInKeywords.groovy:1464)
	at com.kms.katalon.core.webui.keyword.WebUiBuiltInKeywords$verifyElementPresent$5.call(Unknown Source)
	at Misc.run(Misc:108)
	at com.kms.katalon.core.main.ScriptEngine.run(ScriptEngine.java:194)
	at com.kms.katalon.core.main.ScriptEngine.runScriptAsRawText(ScriptEngine.java:119)
	at com.kms.katalon.core.main.TestCaseExecutor.runScript(TestCaseExecutor.java:448)
	at com.kms.katalon.core.main.TestCaseExecutor.doExecute(TestCaseExecutor.java:439)
	at com.kms.katalon.core.main.TestCaseExecutor.processExecutionPhase(TestCaseExecutor.java:418)
	at com.kms.katalon.core.main.TestCaseExecutor.accessMainPhase(TestCaseExecutor.java:410)
	at com.kms.katalon.core.main.TestCaseExecutor.execute(TestCaseExecutor.java:285)
	at com.kms.katalon.core.common.CommonExecutor.accessTestCaseMainPhase(CommonExecutor.java:65)
	at com.kms.katalon.core.main.TestSuiteExecutor.accessTestSuiteMainPhase(TestSuiteExecutor.java:148)
	at com.kms.katalon.core.main.TestSuiteExecutor.execute(TestSuiteExecutor.java:106)
	at com.kms.katalon.core.main.TestCaseMain.startTestSuite(TestCaseMain.java:187)
	at com.kms.katalon.core.main.TestCaseMain$startTestSuite$0.call(Unknown Source)
	at TempTestSuite1715800219174.run(TempTestSuite1715800219174.groovy:35)
)
[[ATTACHMENT|E:\\Cloned-Project-Katalon\\VPS-Katalon\\Reports\\20240515_151019\\QA\\IWP3.0\\IWP30 Smoke TestSuite\\20240515_151019\\1715803300699.png]]

2024-05-15 16:01:41 - [TEST_STEP][PASSED] - else: null

2024-05-15 16:01:41 - [TEST_STEP][PASSED] - println("Confirm button is missing on the Confirmation page"): null

2024-05-15 16:01:41 - [TEST_STEP][PASSED] - Thread.sleep(10000): null

2024-05-15 16:01:51 - [TEST_STEP][FAILED] - if (verifyTextPresent("Successful Payment Receipt", false)): Text 'Successful Payment Receipt' is not present on page  (Root cause: com.kms.katalon.core.exception.StepFailedException: Text 'Successful Payment Receipt' is not present on page 
	at com.kms.katalon.core.webui.keyword.internal.WebUIKeywordMain.stepFailed(WebUIKeywordMain.groovy:64)
	at com.kms.katalon.core.webui.keyword.builtin.VerifyTextPresentKeyword$_verifyTextPresent_closure1.doCall(VerifyTextPresentKeyword.groovy:79)
	at com.kms.katalon.core.webui.keyword.builtin.VerifyTextPresentKeyword$_verifyTextPresent_closure1.call(VerifyTextPresentKeyword.groovy)
	at com.kms.katalon.core.webui.keyword.internal.WebUIKeywordMain.runKeyword(WebUIKeywordMain.groovy:20)
	at com.kms.katalon.core.webui.keyword.builtin.VerifyTextPresentKeyword.verifyTextPresent(VerifyTextPresentKeyword.groovy:83)
	at com.kms.katalon.core.webui.keyword.builtin.VerifyTextPresentKeyword.execute(VerifyTextPresentKeyword.groovy:68)
	at com.kms.katalon.core.keyword.internal.KeywordExecutor.executeKeywordForPlatform(KeywordExecutor.groovy:74)
	at com.kms.katalon.core.webui.keyword.WebUiBuiltInKeywords.verifyTextPresent(WebUiBuiltInKeywords.groovy:1723)
	at com.kms.katalon.core.webui.keyword.WebUiBuiltInKeywords$verifyTextPresent$8.call(Unknown Source)
	at Misc.run(Misc:123)
	at com.kms.katalon.core.main.ScriptEngine.run(ScriptEngine.java:194)
	at com.kms.katalon.core.main.ScriptEngine.runScriptAsRawText(ScriptEngine.java:119)
	at com.kms.katalon.core.main.TestCaseExecutor.runScript(TestCaseExecutor.java:448)
	at com.kms.katalon.core.main.TestCaseExecutor.doExecute(TestCaseExecutor.java:439)
	at com.kms.katalon.core.main.TestCaseExecutor.processExecutionPhase(TestCaseExecutor.java:418)
	at com.kms.katalon.core.main.TestCaseExecutor.accessMainPhase(TestCaseExecutor.java:410)
	at com.kms.katalon.core.main.TestCaseExecutor.execute(TestCaseExecutor.java:285)
	at com.kms.katalon.core.common.CommonExecutor.accessTestCaseMainPhase(CommonExecutor.java:65)
	at com.kms.katalon.core.main.TestSuiteExecutor.accessTestSuiteMainPhase(TestSuiteExecutor.java:148)
	at com.kms.katalon.core.main.TestSuiteExecutor.execute(TestSuiteExecutor.java:106)
	at com.kms.katalon.core.main.TestCaseMain.startTestSuite(TestCaseMain.java:187)
	at com.kms.katalon.core.main.TestCaseMain$startTestSuite$0.call(Unknown Source)
	at TempTestSuite1715800219174.run(TempTestSuite1715800219174.groovy:35)
)

2024-05-15 16:01:51 - [MESSAGE][FAILED] - Text 'Successful Payment Receipt' is not present on page  (Root cause: com.kms.katalon.core.exception.StepFailedException: Text 'Successful Payment Receipt' is not present on page 
	at com.kms.katalon.core.webui.keyword.internal.WebUIKeywordMain.stepFailed(WebUIKeywordMain.groovy:64)
	at com.kms.katalon.core.webui.keyword.builtin.VerifyTextPresentKeyword$_verifyTextPresent_closure1.doCall(VerifyTextPresentKeyword.groovy:79)
	at com.kms.katalon.core.webui.keyword.builtin.VerifyTextPresentKeyword$_verifyTextPresent_closure1.call(VerifyTextPresentKeyword.groovy)
	at com.kms.katalon.core.webui.keyword.internal.WebUIKeywordMain.runKeyword(WebUIKeywordMain.groovy:20)
	at com.kms.katalon.core.webui.keyword.builtin.VerifyTextPresentKeyword.verifyTextPresent(VerifyTextPresentKeyword.groovy:83)
	at com.kms.katalon.core.webui.keyword.builtin.VerifyTextPresentKeyword.execute(VerifyTextPresentKeyword.groovy:68)
	at com.kms.katalon.core.keyword.internal.KeywordExecutor.executeKeywordForPlatform(KeywordExecutor.groovy:74)
	at com.kms.katalon.core.webui.keyword.WebUiBuiltInKeywords.verifyTextPresent(WebUiBuiltInKeywords.groovy:1723)
	at com.kms.katalon.core.webui.keyword.WebUiBuiltInKeywords$verifyTextPresent$8.call(Unknown Source)
	at Misc.run(Misc:123)
	at com.kms.katalon.core.main.ScriptEngine.run(ScriptEngine.java:194)
	at com.kms.katalon.core.main.ScriptEngine.runScriptAsRawText(ScriptEngine.java:119)
	at com.kms.katalon.core.main.TestCaseExecutor.runScript(TestCaseExecutor.java:448)
	at com.kms.katalon.core.main.TestCaseExecutor.doExecute(TestCaseExecutor.java:439)
	at com.kms.katalon.core.main.TestCaseExecutor.processExecutionPhase(TestCaseExecutor.java:418)
	at com.kms.katalon.core.main.TestCaseExecutor.accessMainPhase(TestCaseExecutor.java:410)
	at com.kms.katalon.core.main.TestCaseExecutor.execute(TestCaseExecutor.java:285)
	at com.kms.katalon.core.common.CommonExecutor.accessTestCaseMainPhase(CommonExecutor.java:65)
	at com.kms.katalon.core.main.TestSuiteExecutor.accessTestSuiteMainPhase(TestSuiteExecutor.java:148)
	at com.kms.katalon.core.main.TestSuiteExecutor.execute(TestSuiteExecutor.java:106)
	at com.kms.katalon.core.main.TestCaseMain.startTestSuite(TestCaseMain.java:187)
	at com.kms.katalon.core.main.TestCaseMain$startTestSuite$0.call(Unknown Source)
	at TempTestSuite1715800219174.run(TempTestSuite1715800219174.groovy:35)
)

2024-05-15 16:01:51 - [TEST_STEP][PASSED] - else: null

2024-05-15 16:01:51 - [TEST_STEP][FAILED] - if (verifyTextPresent("Please print this receipt for your records", false)): Text 'Please print this receipt for your records' is not present on page  (Root cause: com.kms.katalon.core.exception.StepFailedException: Text 'Please print this receipt for your records' is not present on page 
	at com.kms.katalon.core.webui.keyword.internal.WebUIKeywordMain.stepFailed(WebUIKeywordMain.groovy:64)
	at com.kms.katalon.core.webui.keyword.builtin.VerifyTextPresentKeyword$_verifyTextPresent_closure1.doCall(VerifyTextPresentKeyword.groovy:79)
	at com.kms.katalon.core.webui.keyword.builtin.VerifyTextPresentKeyword$_verifyTextPresent_closure1.call(VerifyTextPresentKeyword.groovy)
	at com.kms.katalon.core.webui.keyword.internal.WebUIKeywordMain.runKeyword(WebUIKeywordMain.groovy:20)
	at com.kms.katalon.core.webui.keyword.builtin.VerifyTextPresentKeyword.verifyTextPresent(VerifyTextPresentKeyword.groovy:83)
	at com.kms.katalon.core.webui.keyword.builtin.VerifyTextPresentKeyword.execute(VerifyTextPresentKeyword.groovy:68)
	at com.kms.katalon.core.keyword.internal.KeywordExecutor.executeKeywordForPlatform(KeywordExecutor.groovy:74)
	at com.kms.katalon.core.webui.keyword.WebUiBuiltInKeywords.verifyTextPresent(WebUiBuiltInKeywords.groovy:1723)
	at com.kms.katalon.core.webui.keyword.WebUiBuiltInKeywords$verifyTextPresent$8.call(Unknown Source)
	at Misc.run(Misc:130)
	at com.kms.katalon.core.main.ScriptEngine.run(ScriptEngine.java:194)
	at com.kms.katalon.core.main.ScriptEngine.runScriptAsRawText(ScriptEngine.java:119)
	at com.kms.katalon.core.main.TestCaseExecutor.runScript(TestCaseExecutor.java:448)
	at com.kms.katalon.core.main.TestCaseExecutor.doExecute(TestCaseExecutor.java:439)
	at com.kms.katalon.core.main.TestCaseExecutor.processExecutionPhase(TestCaseExecutor.java:418)
	at com.kms.katalon.core.main.TestCaseExecutor.accessMainPhase(TestCaseExecutor.java:410)
	at com.kms.katalon.core.main.TestCaseExecutor.execute(TestCaseExecutor.java:285)
	at com.kms.katalon.core.common.CommonExecutor.accessTestCaseMainPhase(CommonExecutor.java:65)
	at com.kms.katalon.core.main.TestSuiteExecutor.accessTestSuiteMainPhase(TestSuiteExecutor.java:148)
	at com.kms.katalon.core.main.TestSuiteExecutor.execute(TestSuiteExecutor.java:106)
	at com.kms.katalon.core.main.TestCaseMain.startTestSuite(TestCaseMain.java:187)
	at com.kms.katalon.core.main.TestCaseMain$startTestSuite$0.call(Unknown Source)
	at TempTestSuite1715800219174.run(TempTestSuite1715800219174.groovy:35)
)

2024-05-15 16:01:52 - [MESSAGE][FAILED] - Text 'Please print this receipt for your records' is not present on page  (Root cause: com.kms.katalon.core.exception.StepFailedException: Text 'Please print this receipt for your records' is not present on page 
	at com.kms.katalon.core.webui.keyword.internal.WebUIKeywordMain.stepFailed(WebUIKeywordMain.groovy:64)
	at com.kms.katalon.core.webui.keyword.builtin.VerifyTextPresentKeyword$_verifyTextPresent_closure1.doCall(VerifyTextPresentKeyword.groovy:79)
	at com.kms.katalon.core.webui.keyword.builtin.VerifyTextPresentKeyword$_verifyTextPresent_closure1.call(VerifyTextPresentKeyword.groovy)
	at com.kms.katalon.core.webui.keyword.internal.WebUIKeywordMain.runKeyword(WebUIKeywordMain.groovy:20)
	at com.kms.katalon.core.webui.keyword.builtin.VerifyTextPresentKeyword.verifyTextPresent(VerifyTextPresentKeyword.groovy:83)
	at com.kms.katalon.core.webui.keyword.builtin.VerifyTextPresentKeyword.execute(VerifyTextPresentKeyword.groovy:68)
	at com.kms.katalon.core.keyword.internal.KeywordExecutor.executeKeywordForPlatform(KeywordExecutor.groovy:74)
	at com.kms.katalon.core.webui.keyword.WebUiBuiltInKeywords.verifyTextPresent(WebUiBuiltInKeywords.groovy:1723)
	at com.kms.katalon.core.webui.keyword.WebUiBuiltInKeywords$verifyTextPresent$8.call(Unknown Source)
	at Misc.run(Misc:130)
	at com.kms.katalon.core.main.ScriptEngine.run(ScriptEngine.java:194)
	at com.kms.katalon.core.main.ScriptEngine.runScriptAsRawText(ScriptEngine.java:119)
	at com.kms.katalon.core.main.TestCaseExecutor.runScript(TestCaseExecutor.java:448)
	at com.kms.katalon.core.main.TestCaseExecutor.doExecute(TestCaseExecutor.java:439)
	at com.kms.katalon.core.main.TestCaseExecutor.processExecutionPhase(TestCaseExecutor.java:418)
	at com.kms.katalon.core.main.TestCaseExecutor.accessMainPhase(TestCaseExecutor.java:410)
	at com.kms.katalon.core.main.TestCaseExecutor.execute(TestCaseExecutor.java:285)
	at com.kms.katalon.core.common.CommonExecutor.accessTestCaseMainPhase(CommonExecutor.java:65)
	at com.kms.katalon.core.main.TestSuiteExecutor.accessTestSuiteMainPhase(TestSuiteExecutor.java:148)
	at com.kms.katalon.core.main.TestSuiteExecutor.execute(TestSuiteExecutor.java:106)
	at com.kms.katalon.core.main.TestCaseMain.startTestSuite(TestCaseMain.java:187)
	at com.kms.katalon.core.main.TestCaseMain$startTestSuite$0.call(Unknown Source)
	at TempTestSuite1715800219174.run(TempTestSuite1715800219174.groovy:35)
)

2024-05-15 16:01:52 - [TEST_STEP][PASSED] - else: null

2024-05-15 16:01:52 - [TEST_STEP][PASSED] - if (verifyElementPresent(findTestObject("Object Repository/IWP30/Page_Receipt/ExitButton"), 30)): null

2024-05-15 16:01:52 - [MESSAGE][PASSED] - Object 'Object Repository/IWP30/Page_Receipt/ExitButton' is present

2024-05-15 16:01:52 - [TEST_STEP][PASSED] - println("Exit Button is present on the Receipt page"): null

2024-05-15 16:01:52 - [TEST_STEP][PASSED] - closeBrowser(): Browser is closed

2024-05-15 16:01:53 - [MESSAGE][PASSED] - Browser is closed

2024-05-15 16:01:53 - [TEST_STEP][PASSED] - openBrowser(urlEmulator): Browser is opened with url: 'https://qa2.velocitypayment.com/agency/config.do?action=editor'

2024-05-15 16:01:53 - [MESSAGE][INFO] - Starting 'Chrome' driver

2024-05-15 16:01:53 - [MESSAGE][INFO] - User set preference: ['acceptInsecureCerts', 'true']

2024-05-15 16:01:53 - [MESSAGE][INFO] - Action delay is set to 0 milliseconds

2024-05-15 16:01:55 - [MESSAGE][PASSED] - Browser is opened with url: 'https://qa2.velocitypayment.com/agency/config.do?action=editor'

2024-05-15 16:01:55 - [TEST_STEP][PASSED] - maximizeWindow(): Current window maximized

2024-05-15 16:01:56 - [MESSAGE][PASSED] - Current window maximized

2024-05-15 16:01:56 - [TEST_STEP][PASSED] - iwpPages.emulatorIWP30.getSetData(row, dataFile): iwpPages.emulatorIWP30.getSetData is PASSED

2024-05-15 16:01:58 - [MESSAGE][PASSED] - All options with value '3.0' are selected in object 'Object Repository/IWP30/Page_VRelay30Emulator/MV'  using regular expression

2024-05-15 16:01:58 - [MESSAGE][PASSED] - Text '35.50' is set on object 'Object Repository/IWP30/Page_VRelay30Emulator/Amount'

2024-05-15 16:01:59 - [MESSAGE][PASSED] - Text '26412109' is set on object 'Object Repository/IWP30/Page_VRelay30Emulator/CAN'

2024-05-15 16:02:00 - [MESSAGE][PASSED] - Text 'PayNow' is set on object 'Object Repository/IWP30/Page_VRelay30Emulator/Action'

2024-05-15 16:02:00 - [MESSAGE][PASSED] - Text 'en_US' is set on object 'Object Repository/IWP30/Page_VRelay30Emulator/Lang'

2024-05-15 16:02:01 - [MESSAGE][PASSED] - Text 'Jonty' is set on object 'Object Repository/IWP30/Page_VRelay30Emulator/Fname'

2024-05-15 16:02:01 - [MESSAGE][PASSED] - Text 'Smith' is set on object 'Object Repository/IWP30/Page_VRelay30Emulator/Lname'

2024-05-15 16:02:02 - [MESSAGE][PASSED] - Text '15 Elm St' is set on object 'Object Repository/IWP30/Page_VRelay30Emulator/AL1'

2024-05-15 16:02:03 - [MESSAGE][PASSED] - Text 'Suite 600' is set on object 'Object Repository/IWP30/Page_VRelay30Emulator/AL2'

2024-05-15 16:02:03 - [MESSAGE][PASSED] - Text '840' is set on object 'Object Repository/IWP30/Page_VRelay30Emulator/Country'

2024-05-15 16:02:04 - [MESSAGE][PASSED] - Text 'Gambrills' is set on object 'Object Repository/IWP30/Page_VRelay30Emulator/City'

2024-05-15 16:02:05 - [MESSAGE][PASSED] - Text 'MD' is set on object 'Object Repository/IWP30/Page_VRelay30Emulator/State'

2024-05-15 16:02:05 - [MESSAGE][PASSED] - Text '21054' is set on object 'Object Repository/IWP30/Page_VRelay30Emulator/ZIP'

2024-05-15 16:02:06 - [MESSAGE][PASSED] - Text '' is set on object 'Object Repository/IWP30/Page_VRelay30Emulator/Order'

2024-05-15 16:02:07 - [MESSAGE][PASSED] - Text '' is set on object 'Object Repository/IWP30/Page_VRelay30Emulator/Company'

2024-05-15 16:02:07 - [MESSAGE][PASSED] - Text 'iahmed@govolution.com' is set on object 'Object Repository/IWP30/Page_VRelay30Emulator/Email'

2024-05-15 16:02:08 - [MESSAGE][PASSED] - Text 'udf data 1' is set on object 'Object Repository/IWP30/Page_VRelay30Emulator/UDF1'

2024-05-15 16:02:08 - [MESSAGE][PASSED] - Text 'udf data 2' is set on object 'Object Repository/IWP30/Page_VRelay30Emulator/UDF2'

2024-05-15 16:02:09 - [MESSAGE][PASSED] - Text 'udf data 3' is set on object 'Object Repository/IWP30/Page_VRelay30Emulator/UDF3'

2024-05-15 16:02:10 - [MESSAGE][PASSED] - Text 'udf data 4' is set on object 'Object Repository/IWP30/Page_VRelay30Emulator/UDF4'

2024-05-15 16:02:10 - [MESSAGE][PASSED] - Text 'udf data 5' is set on object 'Object Repository/IWP30/Page_VRelay30Emulator/UDF5'

2024-05-15 16:02:11 - [MESSAGE][PASSED] - Text 'udf data 6' is set on object 'Object Repository/IWP30/Page_VRelay30Emulator/UDF6'

2024-05-15 16:02:12 - [MESSAGE][PASSED] - Text 'Orange' is set on object 'Object Repository/IWP30/Page_VRelay30Emulator/UDF7'

2024-05-15 16:02:12 - [MESSAGE][PASSED] - Text 'Soccer' is set on object 'Object Repository/IWP30/Page_VRelay30Emulator/UDF8'

2024-05-15 16:02:13 - [MESSAGE][PASSED] - Text 'udf data 9' is set on object 'Object Repository/IWP30/Page_VRelay30Emulator/UDF9'

2024-05-15 16:02:13 - [MESSAGE][PASSED] - Text 'udf data 10' is set on object 'Object Repository/IWP30/Page_VRelay30Emulator/UDF10'

2024-05-15 16:02:24 - [MESSAGE][PASSED] - Object: 'Object Repository/IWP30/Page_VRelay30Emulator/Submit' is clicked on

2024-05-15 16:02:24 - [MESSAGE][PASSED] - iwpPages.emulatorIWP30.getSetData is PASSED

2024-05-15 16:02:24 - [TEST_STEP][PASSED] - closeBrowser(): Browser is closed

2024-05-15 16:02:25 - [MESSAGE][PASSED] - Browser is closed

2024-05-15 16:02:25 - [TEST_STEP][PASSED] - openBrowser(urlTestHarness): Browser is opened with url: 'https://dev-algorithm.govolution.com/vrelaytest/QA2/version_2_2/vrelaytest.html'

2024-05-15 16:02:25 - [MESSAGE][INFO] - Starting 'Chrome' driver

2024-05-15 16:02:25 - [MESSAGE][INFO] - User set preference: ['acceptInsecureCerts', 'true']

2024-05-15 16:02:25 - [MESSAGE][INFO] - Action delay is set to 0 milliseconds

2024-05-15 16:02:27 - [MESSAGE][PASSED] - Browser is opened with url: 'https://dev-algorithm.govolution.com/vrelaytest/QA2/version_2_2/vrelaytest.html'

2024-05-15 16:02:27 - [TEST_STEP][PASSED] - maximizeWindow(): Current window maximized

2024-05-15 16:02:28 - [MESSAGE][PASSED] - Current window maximized

2024-05-15 16:02:28 - [TEST_STEP][PASSED] - iwpPages.TestHarnessPage.setDataMethod(row, dataFile): iwpPages.TestHarnessPage.setDataMethod is PASSED

2024-05-15 16:02:28 - [MESSAGE][PASSED] - Object 'Object Repository/IWP30/Page_QATestHarness/RemittanceID' is present

2024-05-15 16:02:29 - [MESSAGE][PASSED] - Text '649' is set on object 'Object Repository/IWP30/Page_QATestHarness/ApplicationID'

2024-05-15 16:02:29 - [MESSAGE][PASSED] - Text '3.0' is set on object 'Object Repository/IWP30/Page_QATestHarness/MessageVersion'

2024-05-15 16:02:30 - [MESSAGE][PASSED] - Text 'tCMOV5IjMcqp' is set on object 'Object Repository/IWP30/Page_QATestHarness/RemittanceID'

2024-05-15 16:02:31 - [MESSAGE][PASSED] - Object: 'Object Repository/IWP30/Page_QATestHarness/SubmitButton' is clicked on

2024-05-15 16:02:31 - [MESSAGE][PASSED] - iwpPages.TestHarnessPage.setDataMethod is PASSED

2024-05-15 16:02:31 - [TEST_STEP][PASSED] - if (verifyElementPresent(findTestObject("Object Repository/IWP30/Page_SelectPaymentMethod/PayByCreditCard"), 30)): null

2024-05-15 16:02:32 - [MESSAGE][PASSED] - Object 'Object Repository/IWP30/Page_SelectPaymentMethod/PayByCreditCard' is present

2024-05-15 16:02:32 - [TEST_STEP][PASSED] - println("We are on Select Payment Method page, start populating"): null

2024-05-15 16:02:32 - [TEST_STEP][PASSED] - check(findTestObject("Object Repository/IWP30/Page_SelectPaymentMethod/PayByCreditCard")): Object 'Object Repository/IWP30/Page_SelectPaymentMethod/PayByCreditCard' is checked

2024-05-15 16:02:32 - [MESSAGE][PASSED] - Object 'Object Repository/IWP30/Page_SelectPaymentMethod/PayByCreditCard' is checked

2024-05-15 16:02:32 - [TEST_STEP][PASSED] - Thread.sleep(1000): null

2024-05-15 16:02:33 - [TEST_STEP][PASSED] - click(findTestObject("Object Repository/IWP30/Page_SelectPaymentMethod/MakePaymentButton")): Object: 'Object Repository/IWP30/Page_SelectPaymentMethod/MakePaymentButton' is clicked on

2024-05-15 16:02:34 - [MESSAGE][PASSED] - Object: 'Object Repository/IWP30/Page_SelectPaymentMethod/MakePaymentButton' is clicked on

2024-05-15 16:02:34 - [TEST_STEP][PASSED] - iwpPages.ccPaymentEntryPage.setDataCCPM(row, dataFile): iwpPages.ccPaymentEntryPage.setDataCCPM is PASSED

2024-05-15 16:02:36 - [MESSAGE][PASSED] - Object 'Object Repository/IWP30/Page_CCPaymentEntry/Name' is present

2024-05-15 16:02:36 - [MESSAGE][PASSED] - Object 'Object Repository/IWP30/Page_CCPaymentEntry/Amount' is present

2024-05-15 16:02:36 - [MESSAGE][PASSED] - Text '2001.50' is set on object 'Object Repository/IWP30/Page_CCPaymentEntry/Amount'

2024-05-15 16:02:37 - [MESSAGE][PASSED] - Object 'Object Repository/IWP30/Page_CCPaymentEntry/UserDefined2' is present

2024-05-15 16:02:37 - [MESSAGE][PASSED] - Text 'Circle' is set on object 'Object Repository/IWP30/Page_CCPaymentEntry/UserDefined2'

2024-05-15 16:02:38 - [MESSAGE][PASSED] - Object 'Object Repository/IWP30/Page_CCPaymentEntry/UserDefined3' is present

2024-05-15 16:02:39 - [MESSAGE][PASSED] - Text 'Triangle' is set on object 'Object Repository/IWP30/Page_CCPaymentEntry/UserDefined3'

2024-05-15 16:02:39 - [MESSAGE][PASSED] - Object 'Object Repository/IWP30/Page_CCPaymentEntry/UserDefined7' is present

2024-05-15 16:02:39 - [MESSAGE][PASSED] - All options with label 'Purple' are selected in object 'Object Repository/IWP30/Page_CCPaymentEntry/UserDefined7' 

2024-05-15 16:02:40 - [MESSAGE][PASSED] - Object 'Object Repository/IWP30/Page_CCPaymentEntry/UserDefined8' is present

2024-05-15 16:02:40 - [MESSAGE][PASSED] - All options with label 'Tennis' are selected in object 'Object Repository/IWP30/Page_CCPaymentEntry/UserDefined8' 

2024-05-15 16:02:41 - [MESSAGE][PASSED] - Object 'Object Repository/IWP30/Page_CCPaymentEntry/Name' is present

2024-05-15 16:02:41 - [MESSAGE][PASSED] - Text 'Alan Donald' is set on object 'Object Repository/IWP30/Page_CCPaymentEntry/Name'

2024-05-15 16:02:42 - [MESSAGE][PASSED] - Object 'Object Repository/IWP30/Page_CCPaymentEntry/CardNumber' is present

2024-05-15 16:02:42 - [MESSAGE][PASSED] - Text '4111111111111111' is set on object 'Object Repository/IWP30/Page_CCPaymentEntry/CardNumber'

2024-05-15 16:02:43 - [MESSAGE][PASSED] - Object 'Object Repository/IWP30/Page_CCPaymentEntry/SPC' is present

2024-05-15 16:02:43 - [MESSAGE][PASSED] - Text '258' is set on object 'Object Repository/IWP30/Page_CCPaymentEntry/SPC'

2024-05-15 16:02:44 - [MESSAGE][PASSED] - Object 'Object Repository/IWP30/Page_CCPaymentEntry/Month' is present

2024-05-15 16:02:44 - [MESSAGE][PASSED] - All options with label '10' are selected in object 'Object Repository/IWP30/Page_CCPaymentEntry/Month' 

2024-05-15 16:02:44 - [MESSAGE][PASSED] - Object 'Object Repository/IWP30/Page_CCPaymentEntry/Year' is present

2024-05-15 16:02:45 - [MESSAGE][PASSED] - All options with label '2025' are selected in object 'Object Repository/IWP30/Page_CCPaymentEntry/Year' 

2024-05-15 16:02:45 - [MESSAGE][PASSED] - Object 'Object Repository/IWP30/Page_CCPaymentEntry/ProcessDate' is present

2024-05-15 16:02:46 - [MESSAGE][PASSED] - Object 'Object Repository/IWP30/Page_CCPaymentEntry/AL1' is present

2024-05-15 16:02:46 - [MESSAGE][PASSED] - Text 'Mera AL1' is set on object 'Object Repository/IWP30/Page_CCPaymentEntry/AL1'

2024-05-15 16:02:47 - [MESSAGE][PASSED] - Object 'Object Repository/IWP30/Page_CCPaymentEntry/AL2' is present

2024-05-15 16:02:47 - [MESSAGE][PASSED] - Text 'Mera AL2' is set on object 'Object Repository/IWP30/Page_CCPaymentEntry/AL2'

2024-05-15 16:02:47 - [MESSAGE][PASSED] - Object 'Object Repository/IWP30/Page_CCPaymentEntry/ZIP' is present

2024-05-15 16:02:48 - [MESSAGE][PASSED] - Text '21054' is set on object 'Object Repository/IWP30/Page_CCPaymentEntry/ZIP'

2024-05-15 16:02:49 - [MESSAGE][PASSED] - Object 'Object Repository/IWP30/Page_CCPaymentEntry/EmailAddress' is present

2024-05-15 16:02:49 - [MESSAGE][PASSED] - Text 'merae@gmail.com' is set on object 'Object Repository/IWP30/Page_CCPaymentEntry/EmailAddress'

2024-05-15 16:02:50 - [MESSAGE][PASSED] - Object 'Object Repository/IWP30/Page_CCPaymentEntry/TermCondCheckBox' is present

2024-05-15 16:02:50 - [MESSAGE][PASSED] - Object 'Object Repository/IWP30/Page_CCPaymentEntry/TermCondCheckBox' is checked

2024-05-15 16:02:50 - [MESSAGE][PASSED] - Object 'Object Repository/IWP30/Page_CCPaymentEntry/ContinueButton' is present

2024-05-15 16:02:52 - [MESSAGE][PASSED] - Object: 'Object Repository/IWP30/Page_CCPaymentEntry/ContinueButton' is clicked on

2024-05-15 16:02:52 - [MESSAGE][PASSED] - iwpPages.ccPaymentEntryPage.setDataCCPM is PASSED

2024-05-15 16:02:52 - [TEST_STEP][FAILED] - if (verifyTextPresent("Please verify the following information", false)): Text 'Please verify the following information' is not present on page  (Root cause: com.kms.katalon.core.exception.StepFailedException: Text 'Please verify the following information' is not present on page 
	at com.kms.katalon.core.webui.keyword.internal.WebUIKeywordMain.stepFailed(WebUIKeywordMain.groovy:64)
	at com.kms.katalon.core.webui.keyword.builtin.VerifyTextPresentKeyword$_verifyTextPresent_closure1.doCall(VerifyTextPresentKeyword.groovy:79)
	at com.kms.katalon.core.webui.keyword.builtin.VerifyTextPresentKeyword$_verifyTextPresent_closure1.call(VerifyTextPresentKeyword.groovy)
	at com.kms.katalon.core.webui.keyword.internal.WebUIKeywordMain.runKeyword(WebUIKeywordMain.groovy:20)
	at com.kms.katalon.core.webui.keyword.builtin.VerifyTextPresentKeyword.verifyTextPresent(VerifyTextPresentKeyword.groovy:83)
	at com.kms.katalon.core.webui.keyword.builtin.VerifyTextPresentKeyword.execute(VerifyTextPresentKeyword.groovy:68)
	at com.kms.katalon.core.keyword.internal.KeywordExecutor.executeKeywordForPlatform(KeywordExecutor.groovy:74)
	at com.kms.katalon.core.webui.keyword.WebUiBuiltInKeywords.verifyTextPresent(WebUiBuiltInKeywords.groovy:1723)
	at com.kms.katalon.core.webui.keyword.WebUiBuiltInKeywords$verifyTextPresent$8.call(Unknown Source)
	at Misc.run(Misc:92)
	at com.kms.katalon.core.main.ScriptEngine.run(ScriptEngine.java:194)
	at com.kms.katalon.core.main.ScriptEngine.runScriptAsRawText(ScriptEngine.java:119)
	at com.kms.katalon.core.main.TestCaseExecutor.runScript(TestCaseExecutor.java:448)
	at com.kms.katalon.core.main.TestCaseExecutor.doExecute(TestCaseExecutor.java:439)
	at com.kms.katalon.core.main.TestCaseExecutor.processExecutionPhase(TestCaseExecutor.java:418)
	at com.kms.katalon.core.main.TestCaseExecutor.accessMainPhase(TestCaseExecutor.java:410)
	at com.kms.katalon.core.main.TestCaseExecutor.execute(TestCaseExecutor.java:285)
	at com.kms.katalon.core.common.CommonExecutor.accessTestCaseMainPhase(CommonExecutor.java:65)
	at com.kms.katalon.core.main.TestSuiteExecutor.accessTestSuiteMainPhase(TestSuiteExecutor.java:148)
	at com.kms.katalon.core.main.TestSuiteExecutor.execute(TestSuiteExecutor.java:106)
	at com.kms.katalon.core.main.TestCaseMain.startTestSuite(TestCaseMain.java:187)
	at com.kms.katalon.core.main.TestCaseMain$startTestSuite$0.call(Unknown Source)
	at TempTestSuite1715800219174.run(TempTestSuite1715800219174.groovy:35)
)

2024-05-15 16:02:52 - [MESSAGE][FAILED] - Text 'Please verify the following information' is not present on page  (Root cause: com.kms.katalon.core.exception.StepFailedException: Text 'Please verify the following information' is not present on page 
	at com.kms.katalon.core.webui.keyword.internal.WebUIKeywordMain.stepFailed(WebUIKeywordMain.groovy:64)
	at com.kms.katalon.core.webui.keyword.builtin.VerifyTextPresentKeyword$_verifyTextPresent_closure1.doCall(VerifyTextPresentKeyword.groovy:79)
	at com.kms.katalon.core.webui.keyword.builtin.VerifyTextPresentKeyword$_verifyTextPresent_closure1.call(VerifyTextPresentKeyword.groovy)
	at com.kms.katalon.core.webui.keyword.internal.WebUIKeywordMain.runKeyword(WebUIKeywordMain.groovy:20)
	at com.kms.katalon.core.webui.keyword.builtin.VerifyTextPresentKeyword.verifyTextPresent(VerifyTextPresentKeyword.groovy:83)
	at com.kms.katalon.core.webui.keyword.builtin.VerifyTextPresentKeyword.execute(VerifyTextPresentKeyword.groovy:68)
	at com.kms.katalon.core.keyword.internal.KeywordExecutor.executeKeywordForPlatform(KeywordExecutor.groovy:74)
	at com.kms.katalon.core.webui.keyword.WebUiBuiltInKeywords.verifyTextPresent(WebUiBuiltInKeywords.groovy:1723)
	at com.kms.katalon.core.webui.keyword.WebUiBuiltInKeywords$verifyTextPresent$8.call(Unknown Source)
	at Misc.run(Misc:92)
	at com.kms.katalon.core.main.ScriptEngine.run(ScriptEngine.java:194)
	at com.kms.katalon.core.main.ScriptEngine.runScriptAsRawText(ScriptEngine.java:119)
	at com.kms.katalon.core.main.TestCaseExecutor.runScript(TestCaseExecutor.java:448)
	at com.kms.katalon.core.main.TestCaseExecutor.doExecute(TestCaseExecutor.java:439)
	at com.kms.katalon.core.main.TestCaseExecutor.processExecutionPhase(TestCaseExecutor.java:418)
	at com.kms.katalon.core.main.TestCaseExecutor.accessMainPhase(TestCaseExecutor.java:410)
	at com.kms.katalon.core.main.TestCaseExecutor.execute(TestCaseExecutor.java:285)
	at com.kms.katalon.core.common.CommonExecutor.accessTestCaseMainPhase(CommonExecutor.java:65)
	at com.kms.katalon.core.main.TestSuiteExecutor.accessTestSuiteMainPhase(TestSuiteExecutor.java:148)
	at com.kms.katalon.core.main.TestSuiteExecutor.execute(TestSuiteExecutor.java:106)
	at com.kms.katalon.core.main.TestCaseMain.startTestSuite(TestCaseMain.java:187)
	at com.kms.katalon.core.main.TestCaseMain$startTestSuite$0.call(Unknown Source)
	at TempTestSuite1715800219174.run(TempTestSuite1715800219174.groovy:35)
)

2024-05-15 16:02:52 - [TEST_STEP][PASSED] - else: null

2024-05-15 16:02:52 - [TEST_STEP][FAILED] - if (verifyTextPresent("Is this information correct?", false)): Text 'Is this information correct?' is not present on page  (Root cause: com.kms.katalon.core.exception.StepFailedException: Text 'Is this information correct?' is not present on page 
	at com.kms.katalon.core.webui.keyword.internal.WebUIKeywordMain.stepFailed(WebUIKeywordMain.groovy:64)
	at com.kms.katalon.core.webui.keyword.builtin.VerifyTextPresentKeyword$_verifyTextPresent_closure1.doCall(VerifyTextPresentKeyword.groovy:79)
	at com.kms.katalon.core.webui.keyword.builtin.VerifyTextPresentKeyword$_verifyTextPresent_closure1.call(VerifyTextPresentKeyword.groovy)
	at com.kms.katalon.core.webui.keyword.internal.WebUIKeywordMain.runKeyword(WebUIKeywordMain.groovy:20)
	at com.kms.katalon.core.webui.keyword.builtin.VerifyTextPresentKeyword.verifyTextPresent(VerifyTextPresentKeyword.groovy:83)
	at com.kms.katalon.core.webui.keyword.builtin.VerifyTextPresentKeyword.execute(VerifyTextPresentKeyword.groovy:68)
	at com.kms.katalon.core.keyword.internal.KeywordExecutor.executeKeywordForPlatform(KeywordExecutor.groovy:74)
	at com.kms.katalon.core.webui.keyword.WebUiBuiltInKeywords.verifyTextPresent(WebUiBuiltInKeywords.groovy:1723)
	at com.kms.katalon.core.webui.keyword.WebUiBuiltInKeywords$verifyTextPresent$8.call(Unknown Source)
	at Misc.run(Misc:100)
	at com.kms.katalon.core.main.ScriptEngine.run(ScriptEngine.java:194)
	at com.kms.katalon.core.main.ScriptEngine.runScriptAsRawText(ScriptEngine.java:119)
	at com.kms.katalon.core.main.TestCaseExecutor.runScript(TestCaseExecutor.java:448)
	at com.kms.katalon.core.main.TestCaseExecutor.doExecute(TestCaseExecutor.java:439)
	at com.kms.katalon.core.main.TestCaseExecutor.processExecutionPhase(TestCaseExecutor.java:418)
	at com.kms.katalon.core.main.TestCaseExecutor.accessMainPhase(TestCaseExecutor.java:410)
	at com.kms.katalon.core.main.TestCaseExecutor.execute(TestCaseExecutor.java:285)
	at com.kms.katalon.core.common.CommonExecutor.accessTestCaseMainPhase(CommonExecutor.java:65)
	at com.kms.katalon.core.main.TestSuiteExecutor.accessTestSuiteMainPhase(TestSuiteExecutor.java:148)
	at com.kms.katalon.core.main.TestSuiteExecutor.execute(TestSuiteExecutor.java:106)
	at com.kms.katalon.core.main.TestCaseMain.startTestSuite(TestCaseMain.java:187)
	at com.kms.katalon.core.main.TestCaseMain$startTestSuite$0.call(Unknown Source)
	at TempTestSuite1715800219174.run(TempTestSuite1715800219174.groovy:35)
)

2024-05-15 16:02:53 - [MESSAGE][FAILED] - Text 'Is this information correct?' is not present on page  (Root cause: com.kms.katalon.core.exception.StepFailedException: Text 'Is this information correct?' is not present on page 
	at com.kms.katalon.core.webui.keyword.internal.WebUIKeywordMain.stepFailed(WebUIKeywordMain.groovy:64)
	at com.kms.katalon.core.webui.keyword.builtin.VerifyTextPresentKeyword$_verifyTextPresent_closure1.doCall(VerifyTextPresentKeyword.groovy:79)
	at com.kms.katalon.core.webui.keyword.builtin.VerifyTextPresentKeyword$_verifyTextPresent_closure1.call(VerifyTextPresentKeyword.groovy)
	at com.kms.katalon.core.webui.keyword.internal.WebUIKeywordMain.runKeyword(WebUIKeywordMain.groovy:20)
	at com.kms.katalon.core.webui.keyword.builtin.VerifyTextPresentKeyword.verifyTextPresent(VerifyTextPresentKeyword.groovy:83)
	at com.kms.katalon.core.webui.keyword.builtin.VerifyTextPresentKeyword.execute(VerifyTextPresentKeyword.groovy:68)
	at com.kms.katalon.core.keyword.internal.KeywordExecutor.executeKeywordForPlatform(KeywordExecutor.groovy:74)
	at com.kms.katalon.core.webui.keyword.WebUiBuiltInKeywords.verifyTextPresent(WebUiBuiltInKeywords.groovy:1723)
	at com.kms.katalon.core.webui.keyword.WebUiBuiltInKeywords$verifyTextPresent$8.call(Unknown Source)
	at Misc.run(Misc:100)
	at com.kms.katalon.core.main.ScriptEngine.run(ScriptEngine.java:194)
	at com.kms.katalon.core.main.ScriptEngine.runScriptAsRawText(ScriptEngine.java:119)
	at com.kms.katalon.core.main.TestCaseExecutor.runScript(TestCaseExecutor.java:448)
	at com.kms.katalon.core.main.TestCaseExecutor.doExecute(TestCaseExecutor.java:439)
	at com.kms.katalon.core.main.TestCaseExecutor.processExecutionPhase(TestCaseExecutor.java:418)
	at com.kms.katalon.core.main.TestCaseExecutor.accessMainPhase(TestCaseExecutor.java:410)
	at com.kms.katalon.core.main.TestCaseExecutor.execute(TestCaseExecutor.java:285)
	at com.kms.katalon.core.common.CommonExecutor.accessTestCaseMainPhase(CommonExecutor.java:65)
	at com.kms.katalon.core.main.TestSuiteExecutor.accessTestSuiteMainPhase(TestSuiteExecutor.java:148)
	at com.kms.katalon.core.main.TestSuiteExecutor.execute(TestSuiteExecutor.java:106)
	at com.kms.katalon.core.main.TestCaseMain.startTestSuite(TestCaseMain.java:187)
	at com.kms.katalon.core.main.TestCaseMain$startTestSuite$0.call(Unknown Source)
	at TempTestSuite1715800219174.run(TempTestSuite1715800219174.groovy:35)
)

2024-05-15 16:02:53 - [TEST_STEP][PASSED] - else: null

2024-05-15 16:02:53 - [TEST_STEP][PASSED] - println("Is this information correct text is not present on the Confirmation page"): null

2024-05-15 16:02:53 - [TEST_STEP][FAILED] - if (verifyElementPresent(findTestObject("Object Repository/IWP30/Page_Confirmation/ConfirmButton"), 30)): com.kms.katalon.core.webui.exception.WebElementNotFoundException: Web element with id: 'Object Repository/IWP30/Page_Confirmation/ConfirmButton' located by '//*[@type = 'submit' and @name = 'confirmNotifyAction' and @id = 'submitYes' and @value = 'Confirm']' not found (Root cause: com.kms.katalon.core.exception.StepFailedException: com.kms.katalon.core.webui.exception.WebElementNotFoundException: Web element with id: 'Object Repository/IWP30/Page_Confirmation/ConfirmButton' located by '//*[@type = 'submit' and @name = 'confirmNotifyAction' and @id = 'submitYes' and @value = 'Confirm']' not found
	at com.kms.katalon.core.webui.keyword.internal.WebUIKeywordMain.stepFailed(WebUIKeywordMain.groovy:64)
	at com.kms.katalon.core.webui.keyword.builtin.VerifyElementPresentKeyword$_verifyElementPresent_closure1.doCall(VerifyElementPresentKeyword.groovy:85)
	at com.kms.katalon.core.webui.keyword.builtin.VerifyElementPresentKeyword$_verifyElementPresent_closure1.call(VerifyElementPresentKeyword.groovy)
	at com.kms.katalon.core.webui.keyword.internal.WebUIKeywordMain.runKeyword(WebUIKeywordMain.groovy:20)
	at com.kms.katalon.core.webui.keyword.builtin.VerifyElementPresentKeyword.verifyElementPresent(VerifyElementPresentKeyword.groovy:92)
	at com.kms.katalon.core.webui.keyword.builtin.VerifyElementPresentKeyword.execute(VerifyElementPresentKeyword.groovy:68)
	at com.kms.katalon.core.keyword.internal.KeywordExecutor.executeKeywordForPlatform(KeywordExecutor.groovy:74)
	at com.kms.katalon.core.webui.keyword.WebUiBuiltInKeywords.verifyElementPresent(WebUiBuiltInKeywords.groovy:1464)
	at com.kms.katalon.core.webui.keyword.WebUiBuiltInKeywords$verifyElementPresent$5.call(Unknown Source)
	at Misc.run(Misc:108)
	at com.kms.katalon.core.main.ScriptEngine.run(ScriptEngine.java:194)
	at com.kms.katalon.core.main.ScriptEngine.runScriptAsRawText(ScriptEngine.java:119)
	at com.kms.katalon.core.main.TestCaseExecutor.runScript(TestCaseExecutor.java:448)
	at com.kms.katalon.core.main.TestCaseExecutor.doExecute(TestCaseExecutor.java:439)
	at com.kms.katalon.core.main.TestCaseExecutor.processExecutionPhase(TestCaseExecutor.java:418)
	at com.kms.katalon.core.main.TestCaseExecutor.accessMainPhase(TestCaseExecutor.java:410)
	at com.kms.katalon.core.main.TestCaseExecutor.execute(TestCaseExecutor.java:285)
	at com.kms.katalon.core.common.CommonExecutor.accessTestCaseMainPhase(CommonExecutor.java:65)
	at com.kms.katalon.core.main.TestSuiteExecutor.accessTestSuiteMainPhase(TestSuiteExecutor.java:148)
	at com.kms.katalon.core.main.TestSuiteExecutor.execute(TestSuiteExecutor.java:106)
	at com.kms.katalon.core.main.TestCaseMain.startTestSuite(TestCaseMain.java:187)
	at com.kms.katalon.core.main.TestCaseMain$startTestSuite$0.call(Unknown Source)
	at TempTestSuite1715800219174.run(TempTestSuite1715800219174.groovy:35)
)

2024-05-15 16:03:24 - [MESSAGE][INFO] - Unable to find the element located by 'By.xpath: //*[@type = 'submit' and @name = 'confirmNotifyAction' and @id = 'submitYes' and @value = 'Confirm']'. Please recheck the objects properties to make sure the desired element is located. 

2024-05-15 16:03:25 - [MESSAGE][FAILED] - com.kms.katalon.core.webui.exception.WebElementNotFoundException: Web element with id: 'Object Repository/IWP30/Page_Confirmation/ConfirmButton' located by '//*[@type = 'submit' and @name = 'confirmNotifyAction' and @id = 'submitYes' and @value = 'Confirm']' not found (Root cause: com.kms.katalon.core.exception.StepFailedException: com.kms.katalon.core.webui.exception.WebElementNotFoundException: Web element with id: 'Object Repository/IWP30/Page_Confirmation/ConfirmButton' located by '//*[@type = 'submit' and @name = 'confirmNotifyAction' and @id = 'submitYes' and @value = 'Confirm']' not found
	at com.kms.katalon.core.webui.keyword.internal.WebUIKeywordMain.stepFailed(WebUIKeywordMain.groovy:64)
	at com.kms.katalon.core.webui.keyword.builtin.VerifyElementPresentKeyword$_verifyElementPresent_closure1.doCall(VerifyElementPresentKeyword.groovy:85)
	at com.kms.katalon.core.webui.keyword.builtin.VerifyElementPresentKeyword$_verifyElementPresent_closure1.call(VerifyElementPresentKeyword.groovy)
	at com.kms.katalon.core.webui.keyword.internal.WebUIKeywordMain.runKeyword(WebUIKeywordMain.groovy:20)
	at com.kms.katalon.core.webui.keyword.builtin.VerifyElementPresentKeyword.verifyElementPresent(VerifyElementPresentKeyword.groovy:92)
	at com.kms.katalon.core.webui.keyword.builtin.VerifyElementPresentKeyword.execute(VerifyElementPresentKeyword.groovy:68)
	at com.kms.katalon.core.keyword.internal.KeywordExecutor.executeKeywordForPlatform(KeywordExecutor.groovy:74)
	at com.kms.katalon.core.webui.keyword.WebUiBuiltInKeywords.verifyElementPresent(WebUiBuiltInKeywords.groovy:1464)
	at com.kms.katalon.core.webui.keyword.WebUiBuiltInKeywords$verifyElementPresent$5.call(Unknown Source)
	at Misc.run(Misc:108)
	at com.kms.katalon.core.main.ScriptEngine.run(ScriptEngine.java:194)
	at com.kms.katalon.core.main.ScriptEngine.runScriptAsRawText(ScriptEngine.java:119)
	at com.kms.katalon.core.main.TestCaseExecutor.runScript(TestCaseExecutor.java:448)
	at com.kms.katalon.core.main.TestCaseExecutor.doExecute(TestCaseExecutor.java:439)
	at com.kms.katalon.core.main.TestCaseExecutor.processExecutionPhase(TestCaseExecutor.java:418)
	at com.kms.katalon.core.main.TestCaseExecutor.accessMainPhase(TestCaseExecutor.java:410)
	at com.kms.katalon.core.main.TestCaseExecutor.execute(TestCaseExecutor.java:285)
	at com.kms.katalon.core.common.CommonExecutor.accessTestCaseMainPhase(CommonExecutor.java:65)
	at com.kms.katalon.core.main.TestSuiteExecutor.accessTestSuiteMainPhase(TestSuiteExecutor.java:148)
	at com.kms.katalon.core.main.TestSuiteExecutor.execute(TestSuiteExecutor.java:106)
	at com.kms.katalon.core.main.TestCaseMain.startTestSuite(TestCaseMain.java:187)
	at com.kms.katalon.core.main.TestCaseMain$startTestSuite$0.call(Unknown Source)
	at TempTestSuite1715800219174.run(TempTestSuite1715800219174.groovy:35)
)
[[ATTACHMENT|E:\\Cloned-Project-Katalon\\VPS-Katalon\\Reports\\20240515_151019\\QA\\IWP3.0\\IWP30 Smoke TestSuite\\20240515_151019\\1715803404359.png]]

2024-05-15 16:03:25 - [TEST_STEP][PASSED] - else: null

2024-05-15 16:03:25 - [TEST_STEP][PASSED] - println("Confirm button is missing on the Confirmation page"): null

2024-05-15 16:03:25 - [TEST_STEP][PASSED] - Thread.sleep(10000): null

2024-05-15 16:03:35 - [TEST_STEP][FAILED] - if (verifyTextPresent("Successful Payment Receipt", false)): Text 'Successful Payment Receipt' is not present on page  (Root cause: com.kms.katalon.core.exception.StepFailedException: Text 'Successful Payment Receipt' is not present on page 
	at com.kms.katalon.core.webui.keyword.internal.WebUIKeywordMain.stepFailed(WebUIKeywordMain.groovy:64)
	at com.kms.katalon.core.webui.keyword.builtin.VerifyTextPresentKeyword$_verifyTextPresent_closure1.doCall(VerifyTextPresentKeyword.groovy:79)
	at com.kms.katalon.core.webui.keyword.builtin.VerifyTextPresentKeyword$_verifyTextPresent_closure1.call(VerifyTextPresentKeyword.groovy)
	at com.kms.katalon.core.webui.keyword.internal.WebUIKeywordMain.runKeyword(WebUIKeywordMain.groovy:20)
	at com.kms.katalon.core.webui.keyword.builtin.VerifyTextPresentKeyword.verifyTextPresent(VerifyTextPresentKeyword.groovy:83)
	at com.kms.katalon.core.webui.keyword.builtin.VerifyTextPresentKeyword.execute(VerifyTextPresentKeyword.groovy:68)
	at com.kms.katalon.core.keyword.internal.KeywordExecutor.executeKeywordForPlatform(KeywordExecutor.groovy:74)
	at com.kms.katalon.core.webui.keyword.WebUiBuiltInKeywords.verifyTextPresent(WebUiBuiltInKeywords.groovy:1723)
	at com.kms.katalon.core.webui.keyword.WebUiBuiltInKeywords$verifyTextPresent$8.call(Unknown Source)
	at Misc.run(Misc:123)
	at com.kms.katalon.core.main.ScriptEngine.run(ScriptEngine.java:194)
	at com.kms.katalon.core.main.ScriptEngine.runScriptAsRawText(ScriptEngine.java:119)
	at com.kms.katalon.core.main.TestCaseExecutor.runScript(TestCaseExecutor.java:448)
	at com.kms.katalon.core.main.TestCaseExecutor.doExecute(TestCaseExecutor.java:439)
	at com.kms.katalon.core.main.TestCaseExecutor.processExecutionPhase(TestCaseExecutor.java:418)
	at com.kms.katalon.core.main.TestCaseExecutor.accessMainPhase(TestCaseExecutor.java:410)
	at com.kms.katalon.core.main.TestCaseExecutor.execute(TestCaseExecutor.java:285)
	at com.kms.katalon.core.common.CommonExecutor.accessTestCaseMainPhase(CommonExecutor.java:65)
	at com.kms.katalon.core.main.TestSuiteExecutor.accessTestSuiteMainPhase(TestSuiteExecutor.java:148)
	at com.kms.katalon.core.main.TestSuiteExecutor.execute(TestSuiteExecutor.java:106)
	at com.kms.katalon.core.main.TestCaseMain.startTestSuite(TestCaseMain.java:187)
	at com.kms.katalon.core.main.TestCaseMain$startTestSuite$0.call(Unknown Source)
	at TempTestSuite1715800219174.run(TempTestSuite1715800219174.groovy:35)
)

2024-05-15 16:03:35 - [MESSAGE][FAILED] - Text 'Successful Payment Receipt' is not present on page  (Root cause: com.kms.katalon.core.exception.StepFailedException: Text 'Successful Payment Receipt' is not present on page 
	at com.kms.katalon.core.webui.keyword.internal.WebUIKeywordMain.stepFailed(WebUIKeywordMain.groovy:64)
	at com.kms.katalon.core.webui.keyword.builtin.VerifyTextPresentKeyword$_verifyTextPresent_closure1.doCall(VerifyTextPresentKeyword.groovy:79)
	at com.kms.katalon.core.webui.keyword.builtin.VerifyTextPresentKeyword$_verifyTextPresent_closure1.call(VerifyTextPresentKeyword.groovy)
	at com.kms.katalon.core.webui.keyword.internal.WebUIKeywordMain.runKeyword(WebUIKeywordMain.groovy:20)
	at com.kms.katalon.core.webui.keyword.builtin.VerifyTextPresentKeyword.verifyTextPresent(VerifyTextPresentKeyword.groovy:83)
	at com.kms.katalon.core.webui.keyword.builtin.VerifyTextPresentKeyword.execute(VerifyTextPresentKeyword.groovy:68)
	at com.kms.katalon.core.keyword.internal.KeywordExecutor.executeKeywordForPlatform(KeywordExecutor.groovy:74)
	at com.kms.katalon.core.webui.keyword.WebUiBuiltInKeywords.verifyTextPresent(WebUiBuiltInKeywords.groovy:1723)
	at com.kms.katalon.core.webui.keyword.WebUiBuiltInKeywords$verifyTextPresent$8.call(Unknown Source)
	at Misc.run(Misc:123)
	at com.kms.katalon.core.main.ScriptEngine.run(ScriptEngine.java:194)
	at com.kms.katalon.core.main.ScriptEngine.runScriptAsRawText(ScriptEngine.java:119)
	at com.kms.katalon.core.main.TestCaseExecutor.runScript(TestCaseExecutor.java:448)
	at com.kms.katalon.core.main.TestCaseExecutor.doExecute(TestCaseExecutor.java:439)
	at com.kms.katalon.core.main.TestCaseExecutor.processExecutionPhase(TestCaseExecutor.java:418)
	at com.kms.katalon.core.main.TestCaseExecutor.accessMainPhase(TestCaseExecutor.java:410)
	at com.kms.katalon.core.main.TestCaseExecutor.execute(TestCaseExecutor.java:285)
	at com.kms.katalon.core.common.CommonExecutor.accessTestCaseMainPhase(CommonExecutor.java:65)
	at com.kms.katalon.core.main.TestSuiteExecutor.accessTestSuiteMainPhase(TestSuiteExecutor.java:148)
	at com.kms.katalon.core.main.TestSuiteExecutor.execute(TestSuiteExecutor.java:106)
	at com.kms.katalon.core.main.TestCaseMain.startTestSuite(TestCaseMain.java:187)
	at com.kms.katalon.core.main.TestCaseMain$startTestSuite$0.call(Unknown Source)
	at TempTestSuite1715800219174.run(TempTestSuite1715800219174.groovy:35)
)

2024-05-15 16:03:35 - [TEST_STEP][PASSED] - else: null

2024-05-15 16:03:35 - [TEST_STEP][FAILED] - if (verifyTextPresent("Please print this receipt for your records", false)): Text 'Please print this receipt for your records' is not present on page  (Root cause: com.kms.katalon.core.exception.StepFailedException: Text 'Please print this receipt for your records' is not present on page 
	at com.kms.katalon.core.webui.keyword.internal.WebUIKeywordMain.stepFailed(WebUIKeywordMain.groovy:64)
	at com.kms.katalon.core.webui.keyword.builtin.VerifyTextPresentKeyword$_verifyTextPresent_closure1.doCall(VerifyTextPresentKeyword.groovy:79)
	at com.kms.katalon.core.webui.keyword.builtin.VerifyTextPresentKeyword$_verifyTextPresent_closure1.call(VerifyTextPresentKeyword.groovy)
	at com.kms.katalon.core.webui.keyword.internal.WebUIKeywordMain.runKeyword(WebUIKeywordMain.groovy:20)
	at com.kms.katalon.core.webui.keyword.builtin.VerifyTextPresentKeyword.verifyTextPresent(VerifyTextPresentKeyword.groovy:83)
	at com.kms.katalon.core.webui.keyword.builtin.VerifyTextPresentKeyword.execute(VerifyTextPresentKeyword.groovy:68)
	at com.kms.katalon.core.keyword.internal.KeywordExecutor.executeKeywordForPlatform(KeywordExecutor.groovy:74)
	at com.kms.katalon.core.webui.keyword.WebUiBuiltInKeywords.verifyTextPresent(WebUiBuiltInKeywords.groovy:1723)
	at com.kms.katalon.core.webui.keyword.WebUiBuiltInKeywords$verifyTextPresent$8.call(Unknown Source)
	at Misc.run(Misc:130)
	at com.kms.katalon.core.main.ScriptEngine.run(ScriptEngine.java:194)
	at com.kms.katalon.core.main.ScriptEngine.runScriptAsRawText(ScriptEngine.java:119)
	at com.kms.katalon.core.main.TestCaseExecutor.runScript(TestCaseExecutor.java:448)
	at com.kms.katalon.core.main.TestCaseExecutor.doExecute(TestCaseExecutor.java:439)
	at com.kms.katalon.core.main.TestCaseExecutor.processExecutionPhase(TestCaseExecutor.java:418)
	at com.kms.katalon.core.main.TestCaseExecutor.accessMainPhase(TestCaseExecutor.java:410)
	at com.kms.katalon.core.main.TestCaseExecutor.execute(TestCaseExecutor.java:285)
	at com.kms.katalon.core.common.CommonExecutor.accessTestCaseMainPhase(CommonExecutor.java:65)
	at com.kms.katalon.core.main.TestSuiteExecutor.accessTestSuiteMainPhase(TestSuiteExecutor.java:148)
	at com.kms.katalon.core.main.TestSuiteExecutor.execute(TestSuiteExecutor.java:106)
	at com.kms.katalon.core.main.TestCaseMain.startTestSuite(TestCaseMain.java:187)
	at com.kms.katalon.core.main.TestCaseMain$startTestSuite$0.call(Unknown Source)
	at TempTestSuite1715800219174.run(TempTestSuite1715800219174.groovy:35)
)

2024-05-15 16:03:35 - [MESSAGE][FAILED] - Text 'Please print this receipt for your records' is not present on page  (Root cause: com.kms.katalon.core.exception.StepFailedException: Text 'Please print this receipt for your records' is not present on page 
	at com.kms.katalon.core.webui.keyword.internal.WebUIKeywordMain.stepFailed(WebUIKeywordMain.groovy:64)
	at com.kms.katalon.core.webui.keyword.builtin.VerifyTextPresentKeyword$_verifyTextPresent_closure1.doCall(VerifyTextPresentKeyword.groovy:79)
	at com.kms.katalon.core.webui.keyword.builtin.VerifyTextPresentKeyword$_verifyTextPresent_closure1.call(VerifyTextPresentKeyword.groovy)
	at com.kms.katalon.core.webui.keyword.internal.WebUIKeywordMain.runKeyword(WebUIKeywordMain.groovy:20)
	at com.kms.katalon.core.webui.keyword.builtin.VerifyTextPresentKeyword.verifyTextPresent(VerifyTextPresentKeyword.groovy:83)
	at com.kms.katalon.core.webui.keyword.builtin.VerifyTextPresentKeyword.execute(VerifyTextPresentKeyword.groovy:68)
	at com.kms.katalon.core.keyword.internal.KeywordExecutor.executeKeywordForPlatform(KeywordExecutor.groovy:74)
	at com.kms.katalon.core.webui.keyword.WebUiBuiltInKeywords.verifyTextPresent(WebUiBuiltInKeywords.groovy:1723)
	at com.kms.katalon.core.webui.keyword.WebUiBuiltInKeywords$verifyTextPresent$8.call(Unknown Source)
	at Misc.run(Misc:130)
	at com.kms.katalon.core.main.ScriptEngine.run(ScriptEngine.java:194)
	at com.kms.katalon.core.main.ScriptEngine.runScriptAsRawText(ScriptEngine.java:119)
	at com.kms.katalon.core.main.TestCaseExecutor.runScript(TestCaseExecutor.java:448)
	at com.kms.katalon.core.main.TestCaseExecutor.doExecute(TestCaseExecutor.java:439)
	at com.kms.katalon.core.main.TestCaseExecutor.processExecutionPhase(TestCaseExecutor.java:418)
	at com.kms.katalon.core.main.TestCaseExecutor.accessMainPhase(TestCaseExecutor.java:410)
	at com.kms.katalon.core.main.TestCaseExecutor.execute(TestCaseExecutor.java:285)
	at com.kms.katalon.core.common.CommonExecutor.accessTestCaseMainPhase(CommonExecutor.java:65)
	at com.kms.katalon.core.main.TestSuiteExecutor.accessTestSuiteMainPhase(TestSuiteExecutor.java:148)
	at com.kms.katalon.core.main.TestSuiteExecutor.execute(TestSuiteExecutor.java:106)
	at com.kms.katalon.core.main.TestCaseMain.startTestSuite(TestCaseMain.java:187)
	at com.kms.katalon.core.main.TestCaseMain$startTestSuite$0.call(Unknown Source)
	at TempTestSuite1715800219174.run(TempTestSuite1715800219174.groovy:35)
)

2024-05-15 16:03:35 - [TEST_STEP][PASSED] - else: null

2024-05-15 16:03:35 - [TEST_STEP][PASSED] - if (verifyElementPresent(findTestObject("Object Repository/IWP30/Page_Receipt/ExitButton"), 30)): null

2024-05-15 16:03:36 - [MESSAGE][PASSED] - Object 'Object Repository/IWP30/Page_Receipt/ExitButton' is present

2024-05-15 16:03:36 - [TEST_STEP][PASSED] - println("Exit Button is present on the Receipt page"): null

2024-05-15 16:03:36 - [TEST_STEP][PASSED] - closeBrowser(): Browser is closed

2024-05-15 16:03:37 - [MESSAGE][PASSED] - Browser is closed

2024-05-15 16:03:37 - [TEST_STEP][PASSED] - openBrowser(urlEmulator): Browser is opened with url: 'https://qa2.velocitypayment.com/agency/config.do?action=editor'

2024-05-15 16:03:37 - [MESSAGE][INFO] - Starting 'Chrome' driver

2024-05-15 16:03:37 - [MESSAGE][INFO] - User set preference: ['acceptInsecureCerts', 'true']

2024-05-15 16:03:37 - [MESSAGE][INFO] - Action delay is set to 0 milliseconds

2024-05-15 16:03:39 - [MESSAGE][PASSED] - Browser is opened with url: 'https://qa2.velocitypayment.com/agency/config.do?action=editor'

2024-05-15 16:03:39 - [TEST_STEP][PASSED] - maximizeWindow(): Current window maximized

2024-05-15 16:03:40 - [MESSAGE][PASSED] - Current window maximized

2024-05-15 16:03:40 - [TEST_STEP][PASSED] - iwpPages.emulatorIWP30.getSetData(row, dataFile): iwpPages.emulatorIWP30.getSetData is PASSED

2024-05-15 16:03:42 - [MESSAGE][PASSED] - All options with value '3.0' are selected in object 'Object Repository/IWP30/Page_VRelay30Emulator/MV'  using regular expression

2024-05-15 16:03:43 - [MESSAGE][PASSED] - Text '41.50' is set on object 'Object Repository/IWP30/Page_VRelay30Emulator/Amount'

2024-05-15 16:03:43 - [MESSAGE][PASSED] - Text '26412109' is set on object 'Object Repository/IWP30/Page_VRelay30Emulator/CAN'

2024-05-15 16:03:44 - [MESSAGE][PASSED] - Text 'PayNow' is set on object 'Object Repository/IWP30/Page_VRelay30Emulator/Action'

2024-05-15 16:03:44 - [MESSAGE][PASSED] - Text 'en_US' is set on object 'Object Repository/IWP30/Page_VRelay30Emulator/Lang'

2024-05-15 16:03:45 - [MESSAGE][PASSED] - Text 'Jonty' is set on object 'Object Repository/IWP30/Page_VRelay30Emulator/Fname'

2024-05-15 16:03:46 - [MESSAGE][PASSED] - Text 'Smith' is set on object 'Object Repository/IWP30/Page_VRelay30Emulator/Lname'

2024-05-15 16:03:46 - [MESSAGE][PASSED] - Text '15 Elm St' is set on object 'Object Repository/IWP30/Page_VRelay30Emulator/AL1'

2024-05-15 16:03:47 - [MESSAGE][PASSED] - Text 'Suite 600' is set on object 'Object Repository/IWP30/Page_VRelay30Emulator/AL2'

2024-05-15 16:03:48 - [MESSAGE][PASSED] - Text '840' is set on object 'Object Repository/IWP30/Page_VRelay30Emulator/Country'

2024-05-15 16:03:48 - [MESSAGE][PASSED] - Text 'Gambrills' is set on object 'Object Repository/IWP30/Page_VRelay30Emulator/City'

2024-05-15 16:03:49 - [MESSAGE][PASSED] - Text 'MD' is set on object 'Object Repository/IWP30/Page_VRelay30Emulator/State'

2024-05-15 16:03:50 - [MESSAGE][PASSED] - Text '21054' is set on object 'Object Repository/IWP30/Page_VRelay30Emulator/ZIP'

2024-05-15 16:03:50 - [MESSAGE][PASSED] - Text '' is set on object 'Object Repository/IWP30/Page_VRelay30Emulator/Order'

2024-05-15 16:03:51 - [MESSAGE][PASSED] - Text '' is set on object 'Object Repository/IWP30/Page_VRelay30Emulator/Company'

2024-05-15 16:03:52 - [MESSAGE][PASSED] - Text 'iahmed@govolution.com' is set on object 'Object Repository/IWP30/Page_VRelay30Emulator/Email'

2024-05-15 16:03:52 - [MESSAGE][PASSED] - Text 'udf data 1' is set on object 'Object Repository/IWP30/Page_VRelay30Emulator/UDF1'

2024-05-15 16:03:53 - [MESSAGE][PASSED] - Text 'udf data 2' is set on object 'Object Repository/IWP30/Page_VRelay30Emulator/UDF2'

2024-05-15 16:03:53 - [MESSAGE][PASSED] - Text 'udf data 3' is set on object 'Object Repository/IWP30/Page_VRelay30Emulator/UDF3'

2024-05-15 16:03:54 - [MESSAGE][PASSED] - Text 'udf data 4' is set on object 'Object Repository/IWP30/Page_VRelay30Emulator/UDF4'

2024-05-15 16:03:55 - [MESSAGE][PASSED] - Text 'udf data 5' is set on object 'Object Repository/IWP30/Page_VRelay30Emulator/UDF5'

2024-05-15 16:03:55 - [MESSAGE][PASSED] - Text 'udf data 6' is set on object 'Object Repository/IWP30/Page_VRelay30Emulator/UDF6'

2024-05-15 16:03:56 - [MESSAGE][PASSED] - Text 'Orange' is set on object 'Object Repository/IWP30/Page_VRelay30Emulator/UDF7'

2024-05-15 16:03:57 - [MESSAGE][PASSED] - Text 'Soccer' is set on object 'Object Repository/IWP30/Page_VRelay30Emulator/UDF8'

2024-05-15 16:03:57 - [MESSAGE][PASSED] - Text 'udf data 9' is set on object 'Object Repository/IWP30/Page_VRelay30Emulator/UDF9'

2024-05-15 16:03:58 - [MESSAGE][PASSED] - Text 'udf data 10' is set on object 'Object Repository/IWP30/Page_VRelay30Emulator/UDF10'

2024-05-15 16:04:08 - [MESSAGE][PASSED] - Object: 'Object Repository/IWP30/Page_VRelay30Emulator/Submit' is clicked on

2024-05-15 16:04:08 - [MESSAGE][PASSED] - iwpPages.emulatorIWP30.getSetData is PASSED

2024-05-15 16:04:08 - [TEST_STEP][PASSED] - closeBrowser(): Browser is closed

2024-05-15 16:04:10 - [MESSAGE][PASSED] - Browser is closed

2024-05-15 16:04:10 - [TEST_STEP][PASSED] - openBrowser(urlTestHarness): Browser is opened with url: 'https://dev-algorithm.govolution.com/vrelaytest/QA2/version_2_2/vrelaytest.html'

2024-05-15 16:04:10 - [MESSAGE][INFO] - Starting 'Chrome' driver

2024-05-15 16:04:10 - [MESSAGE][INFO] - User set preference: ['acceptInsecureCerts', 'true']

2024-05-15 16:04:10 - [MESSAGE][INFO] - Action delay is set to 0 milliseconds

2024-05-15 16:04:12 - [MESSAGE][PASSED] - Browser is opened with url: 'https://dev-algorithm.govolution.com/vrelaytest/QA2/version_2_2/vrelaytest.html'

2024-05-15 16:04:12 - [TEST_STEP][PASSED] - maximizeWindow(): Current window maximized

2024-05-15 16:04:12 - [MESSAGE][PASSED] - Current window maximized

2024-05-15 16:04:12 - [TEST_STEP][PASSED] - iwpPages.TestHarnessPage.setDataMethod(row, dataFile): iwpPages.TestHarnessPage.setDataMethod is PASSED

2024-05-15 16:04:12 - [MESSAGE][PASSED] - Object 'Object Repository/IWP30/Page_QATestHarness/RemittanceID' is present

2024-05-15 16:04:13 - [MESSAGE][PASSED] - Text '649' is set on object 'Object Repository/IWP30/Page_QATestHarness/ApplicationID'

2024-05-15 16:04:14 - [MESSAGE][PASSED] - Text '3.0' is set on object 'Object Repository/IWP30/Page_QATestHarness/MessageVersion'

2024-05-15 16:04:15 - [MESSAGE][PASSED] - Text 'kofanc0I8Skp' is set on object 'Object Repository/IWP30/Page_QATestHarness/RemittanceID'

2024-05-15 16:04:16 - [MESSAGE][PASSED] - Object: 'Object Repository/IWP30/Page_QATestHarness/SubmitButton' is clicked on

2024-05-15 16:04:16 - [MESSAGE][PASSED] - iwpPages.TestHarnessPage.setDataMethod is PASSED

2024-05-15 16:04:16 - [TEST_STEP][PASSED] - if (verifyElementPresent(findTestObject("Object Repository/IWP30/Page_SelectPaymentMethod/PayByCreditCard"), 30)): null

2024-05-15 16:04:16 - [MESSAGE][PASSED] - Object 'Object Repository/IWP30/Page_SelectPaymentMethod/PayByCreditCard' is present

2024-05-15 16:04:16 - [TEST_STEP][PASSED] - println("We are on Select Payment Method page, start populating"): null

2024-05-15 16:04:16 - [TEST_STEP][PASSED] - check(findTestObject("Object Repository/IWP30/Page_SelectPaymentMethod/PayByCreditCard")): Object 'Object Repository/IWP30/Page_SelectPaymentMethod/PayByCreditCard' is checked

2024-05-15 16:04:17 - [MESSAGE][PASSED] - Object 'Object Repository/IWP30/Page_SelectPaymentMethod/PayByCreditCard' is checked

2024-05-15 16:04:17 - [TEST_STEP][PASSED] - Thread.sleep(1000): null

2024-05-15 16:04:18 - [TEST_STEP][PASSED] - click(findTestObject("Object Repository/IWP30/Page_SelectPaymentMethod/MakePaymentButton")): Object: 'Object Repository/IWP30/Page_SelectPaymentMethod/MakePaymentButton' is clicked on

2024-05-15 16:04:18 - [MESSAGE][PASSED] - Object: 'Object Repository/IWP30/Page_SelectPaymentMethod/MakePaymentButton' is clicked on

2024-05-15 16:04:18 - [TEST_STEP][PASSED] - iwpPages.ccPaymentEntryPage.setDataCCPM(row, dataFile): iwpPages.ccPaymentEntryPage.setDataCCPM is PASSED

2024-05-15 16:04:20 - [MESSAGE][PASSED] - Object 'Object Repository/IWP30/Page_CCPaymentEntry/Name' is present

2024-05-15 16:04:20 - [MESSAGE][PASSED] - Object 'Object Repository/IWP30/Page_CCPaymentEntry/Amount' is present

2024-05-15 16:04:21 - [MESSAGE][PASSED] - Text '1.50' is set on object 'Object Repository/IWP30/Page_CCPaymentEntry/Amount'

2024-05-15 16:04:21 - [MESSAGE][PASSED] - Object 'Object Repository/IWP30/Page_CCPaymentEntry/UserDefined2' is present

2024-05-15 16:04:22 - [MESSAGE][PASSED] - Text 'Circle' is set on object 'Object Repository/IWP30/Page_CCPaymentEntry/UserDefined2'

2024-05-15 16:04:22 - [MESSAGE][PASSED] - Object 'Object Repository/IWP30/Page_CCPaymentEntry/UserDefined3' is present

2024-05-15 16:04:23 - [MESSAGE][PASSED] - Text 'Triangle' is set on object 'Object Repository/IWP30/Page_CCPaymentEntry/UserDefined3'

2024-05-15 16:04:23 - [MESSAGE][PASSED] - Object 'Object Repository/IWP30/Page_CCPaymentEntry/UserDefined7' is present

2024-05-15 16:04:24 - [MESSAGE][PASSED] - All options with label 'Purple' are selected in object 'Object Repository/IWP30/Page_CCPaymentEntry/UserDefined7' 

2024-05-15 16:04:24 - [MESSAGE][PASSED] - Object 'Object Repository/IWP30/Page_CCPaymentEntry/UserDefined8' is present

2024-05-15 16:04:25 - [MESSAGE][PASSED] - All options with label 'Tennis' are selected in object 'Object Repository/IWP30/Page_CCPaymentEntry/UserDefined8' 

2024-05-15 16:04:25 - [MESSAGE][PASSED] - Object 'Object Repository/IWP30/Page_CCPaymentEntry/Name' is present

2024-05-15 16:04:26 - [MESSAGE][PASSED] - Text 'Alan Donald' is set on object 'Object Repository/IWP30/Page_CCPaymentEntry/Name'

2024-05-15 16:04:26 - [MESSAGE][PASSED] - Object 'Object Repository/IWP30/Page_CCPaymentEntry/CardNumber' is present

2024-05-15 16:04:27 - [MESSAGE][PASSED] - Text '4111111111111111' is set on object 'Object Repository/IWP30/Page_CCPaymentEntry/CardNumber'

2024-05-15 16:04:27 - [MESSAGE][PASSED] - Object 'Object Repository/IWP30/Page_CCPaymentEntry/SPC' is present

2024-05-15 16:04:28 - [MESSAGE][PASSED] - Text '258' is set on object 'Object Repository/IWP30/Page_CCPaymentEntry/SPC'

2024-05-15 16:04:28 - [MESSAGE][PASSED] - Object 'Object Repository/IWP30/Page_CCPaymentEntry/Month' is present

2024-05-15 16:04:29 - [MESSAGE][PASSED] - All options with label '10' are selected in object 'Object Repository/IWP30/Page_CCPaymentEntry/Month' 

2024-05-15 16:04:29 - [MESSAGE][PASSED] - Object 'Object Repository/IWP30/Page_CCPaymentEntry/Year' is present

2024-05-15 16:04:29 - [MESSAGE][PASSED] - All options with label '2025' are selected in object 'Object Repository/IWP30/Page_CCPaymentEntry/Year' 

2024-05-15 16:04:30 - [MESSAGE][PASSED] - Object 'Object Repository/IWP30/Page_CCPaymentEntry/ProcessDate' is present

2024-05-15 16:04:30 - [MESSAGE][PASSED] - Object 'Object Repository/IWP30/Page_CCPaymentEntry/AL1' is present

2024-05-15 16:04:31 - [MESSAGE][PASSED] - Text 'Mera AL1' is set on object 'Object Repository/IWP30/Page_CCPaymentEntry/AL1'

2024-05-15 16:04:31 - [MESSAGE][PASSED] - Object 'Object Repository/IWP30/Page_CCPaymentEntry/AL2' is present

2024-05-15 16:04:32 - [MESSAGE][PASSED] - Text 'Mera AL2' is set on object 'Object Repository/IWP30/Page_CCPaymentEntry/AL2'

2024-05-15 16:04:32 - [MESSAGE][PASSED] - Object 'Object Repository/IWP30/Page_CCPaymentEntry/ZIP' is present

2024-05-15 16:04:33 - [MESSAGE][PASSED] - Text '21054' is set on object 'Object Repository/IWP30/Page_CCPaymentEntry/ZIP'

2024-05-15 16:04:33 - [MESSAGE][PASSED] - Object 'Object Repository/IWP30/Page_CCPaymentEntry/EmailAddress' is present

2024-05-15 16:04:34 - [MESSAGE][PASSED] - Text 'merae@gmail.com' is set on object 'Object Repository/IWP30/Page_CCPaymentEntry/EmailAddress'

2024-05-15 16:04:34 - [MESSAGE][PASSED] - Object 'Object Repository/IWP30/Page_CCPaymentEntry/TermCondCheckBox' is present

2024-05-15 16:04:35 - [MESSAGE][PASSED] - Object 'Object Repository/IWP30/Page_CCPaymentEntry/TermCondCheckBox' is checked

2024-05-15 16:04:35 - [MESSAGE][PASSED] - Object 'Object Repository/IWP30/Page_CCPaymentEntry/ContinueButton' is present

2024-05-15 16:04:36 - [MESSAGE][PASSED] - Object: 'Object Repository/IWP30/Page_CCPaymentEntry/ContinueButton' is clicked on

2024-05-15 16:04:36 - [MESSAGE][PASSED] - iwpPages.ccPaymentEntryPage.setDataCCPM is PASSED

2024-05-15 16:04:36 - [TEST_STEP][FAILED] - if (verifyTextPresent("Please verify the following information", false)): Text 'Please verify the following information' is not present on page  (Root cause: com.kms.katalon.core.exception.StepFailedException: Text 'Please verify the following information' is not present on page 
	at com.kms.katalon.core.webui.keyword.internal.WebUIKeywordMain.stepFailed(WebUIKeywordMain.groovy:64)
	at com.kms.katalon.core.webui.keyword.builtin.VerifyTextPresentKeyword$_verifyTextPresent_closure1.doCall(VerifyTextPresentKeyword.groovy:79)
	at com.kms.katalon.core.webui.keyword.builtin.VerifyTextPresentKeyword$_verifyTextPresent_closure1.call(VerifyTextPresentKeyword.groovy)
	at com.kms.katalon.core.webui.keyword.internal.WebUIKeywordMain.runKeyword(WebUIKeywordMain.groovy:20)
	at com.kms.katalon.core.webui.keyword.builtin.VerifyTextPresentKeyword.verifyTextPresent(VerifyTextPresentKeyword.groovy:83)
	at com.kms.katalon.core.webui.keyword.builtin.VerifyTextPresentKeyword.execute(VerifyTextPresentKeyword.groovy:68)
	at com.kms.katalon.core.keyword.internal.KeywordExecutor.executeKeywordForPlatform(KeywordExecutor.groovy:74)
	at com.kms.katalon.core.webui.keyword.WebUiBuiltInKeywords.verifyTextPresent(WebUiBuiltInKeywords.groovy:1723)
	at com.kms.katalon.core.webui.keyword.WebUiBuiltInKeywords$verifyTextPresent$8.call(Unknown Source)
	at Misc.run(Misc:92)
	at com.kms.katalon.core.main.ScriptEngine.run(ScriptEngine.java:194)
	at com.kms.katalon.core.main.ScriptEngine.runScriptAsRawText(ScriptEngine.java:119)
	at com.kms.katalon.core.main.TestCaseExecutor.runScript(TestCaseExecutor.java:448)
	at com.kms.katalon.core.main.TestCaseExecutor.doExecute(TestCaseExecutor.java:439)
	at com.kms.katalon.core.main.TestCaseExecutor.processExecutionPhase(TestCaseExecutor.java:418)
	at com.kms.katalon.core.main.TestCaseExecutor.accessMainPhase(TestCaseExecutor.java:410)
	at com.kms.katalon.core.main.TestCaseExecutor.execute(TestCaseExecutor.java:285)
	at com.kms.katalon.core.common.CommonExecutor.accessTestCaseMainPhase(CommonExecutor.java:65)
	at com.kms.katalon.core.main.TestSuiteExecutor.accessTestSuiteMainPhase(TestSuiteExecutor.java:148)
	at com.kms.katalon.core.main.TestSuiteExecutor.execute(TestSuiteExecutor.java:106)
	at com.kms.katalon.core.main.TestCaseMain.startTestSuite(TestCaseMain.java:187)
	at com.kms.katalon.core.main.TestCaseMain$startTestSuite$0.call(Unknown Source)
	at TempTestSuite1715800219174.run(TempTestSuite1715800219174.groovy:35)
)

2024-05-15 16:04:36 - [MESSAGE][FAILED] - Text 'Please verify the following information' is not present on page  (Root cause: com.kms.katalon.core.exception.StepFailedException: Text 'Please verify the following information' is not present on page 
	at com.kms.katalon.core.webui.keyword.internal.WebUIKeywordMain.stepFailed(WebUIKeywordMain.groovy:64)
	at com.kms.katalon.core.webui.keyword.builtin.VerifyTextPresentKeyword$_verifyTextPresent_closure1.doCall(VerifyTextPresentKeyword.groovy:79)
	at com.kms.katalon.core.webui.keyword.builtin.VerifyTextPresentKeyword$_verifyTextPresent_closure1.call(VerifyTextPresentKeyword.groovy)
	at com.kms.katalon.core.webui.keyword.internal.WebUIKeywordMain.runKeyword(WebUIKeywordMain.groovy:20)
	at com.kms.katalon.core.webui.keyword.builtin.VerifyTextPresentKeyword.verifyTextPresent(VerifyTextPresentKeyword.groovy:83)
	at com.kms.katalon.core.webui.keyword.builtin.VerifyTextPresentKeyword.execute(VerifyTextPresentKeyword.groovy:68)
	at com.kms.katalon.core.keyword.internal.KeywordExecutor.executeKeywordForPlatform(KeywordExecutor.groovy:74)
	at com.kms.katalon.core.webui.keyword.WebUiBuiltInKeywords.verifyTextPresent(WebUiBuiltInKeywords.groovy:1723)
	at com.kms.katalon.core.webui.keyword.WebUiBuiltInKeywords$verifyTextPresent$8.call(Unknown Source)
	at Misc.run(Misc:92)
	at com.kms.katalon.core.main.ScriptEngine.run(ScriptEngine.java:194)
	at com.kms.katalon.core.main.ScriptEngine.runScriptAsRawText(ScriptEngine.java:119)
	at com.kms.katalon.core.main.TestCaseExecutor.runScript(TestCaseExecutor.java:448)
	at com.kms.katalon.core.main.TestCaseExecutor.doExecute(TestCaseExecutor.java:439)
	at com.kms.katalon.core.main.TestCaseExecutor.processExecutionPhase(TestCaseExecutor.java:418)
	at com.kms.katalon.core.main.TestCaseExecutor.accessMainPhase(TestCaseExecutor.java:410)
	at com.kms.katalon.core.main.TestCaseExecutor.execute(TestCaseExecutor.java:285)
	at com.kms.katalon.core.common.CommonExecutor.accessTestCaseMainPhase(CommonExecutor.java:65)
	at com.kms.katalon.core.main.TestSuiteExecutor.accessTestSuiteMainPhase(TestSuiteExecutor.java:148)
	at com.kms.katalon.core.main.TestSuiteExecutor.execute(TestSuiteExecutor.java:106)
	at com.kms.katalon.core.main.TestCaseMain.startTestSuite(TestCaseMain.java:187)
	at com.kms.katalon.core.main.TestCaseMain$startTestSuite$0.call(Unknown Source)
	at TempTestSuite1715800219174.run(TempTestSuite1715800219174.groovy:35)
)

2024-05-15 16:04:36 - [TEST_STEP][PASSED] - else: null

2024-05-15 16:04:36 - [TEST_STEP][FAILED] - if (verifyTextPresent("Is this information correct?", false)): Text 'Is this information correct?' is not present on page  (Root cause: com.kms.katalon.core.exception.StepFailedException: Text 'Is this information correct?' is not present on page 
	at com.kms.katalon.core.webui.keyword.internal.WebUIKeywordMain.stepFailed(WebUIKeywordMain.groovy:64)
	at com.kms.katalon.core.webui.keyword.builtin.VerifyTextPresentKeyword$_verifyTextPresent_closure1.doCall(VerifyTextPresentKeyword.groovy:79)
	at com.kms.katalon.core.webui.keyword.builtin.VerifyTextPresentKeyword$_verifyTextPresent_closure1.call(VerifyTextPresentKeyword.groovy)
	at com.kms.katalon.core.webui.keyword.internal.WebUIKeywordMain.runKeyword(WebUIKeywordMain.groovy:20)
	at com.kms.katalon.core.webui.keyword.builtin.VerifyTextPresentKeyword.verifyTextPresent(VerifyTextPresentKeyword.groovy:83)
	at com.kms.katalon.core.webui.keyword.builtin.VerifyTextPresentKeyword.execute(VerifyTextPresentKeyword.groovy:68)
	at com.kms.katalon.core.keyword.internal.KeywordExecutor.executeKeywordForPlatform(KeywordExecutor.groovy:74)
	at com.kms.katalon.core.webui.keyword.WebUiBuiltInKeywords.verifyTextPresent(WebUiBuiltInKeywords.groovy:1723)
	at com.kms.katalon.core.webui.keyword.WebUiBuiltInKeywords$verifyTextPresent$8.call(Unknown Source)
	at Misc.run(Misc:100)
	at com.kms.katalon.core.main.ScriptEngine.run(ScriptEngine.java:194)
	at com.kms.katalon.core.main.ScriptEngine.runScriptAsRawText(ScriptEngine.java:119)
	at com.kms.katalon.core.main.TestCaseExecutor.runScript(TestCaseExecutor.java:448)
	at com.kms.katalon.core.main.TestCaseExecutor.doExecute(TestCaseExecutor.java:439)
	at com.kms.katalon.core.main.TestCaseExecutor.processExecutionPhase(TestCaseExecutor.java:418)
	at com.kms.katalon.core.main.TestCaseExecutor.accessMainPhase(TestCaseExecutor.java:410)
	at com.kms.katalon.core.main.TestCaseExecutor.execute(TestCaseExecutor.java:285)
	at com.kms.katalon.core.common.CommonExecutor.accessTestCaseMainPhase(CommonExecutor.java:65)
	at com.kms.katalon.core.main.TestSuiteExecutor.accessTestSuiteMainPhase(TestSuiteExecutor.java:148)
	at com.kms.katalon.core.main.TestSuiteExecutor.execute(TestSuiteExecutor.java:106)
	at com.kms.katalon.core.main.TestCaseMain.startTestSuite(TestCaseMain.java:187)
	at com.kms.katalon.core.main.TestCaseMain$startTestSuite$0.call(Unknown Source)
	at TempTestSuite1715800219174.run(TempTestSuite1715800219174.groovy:35)
)

2024-05-15 16:04:37 - [MESSAGE][FAILED] - Text 'Is this information correct?' is not present on page  (Root cause: com.kms.katalon.core.exception.StepFailedException: Text 'Is this information correct?' is not present on page 
	at com.kms.katalon.core.webui.keyword.internal.WebUIKeywordMain.stepFailed(WebUIKeywordMain.groovy:64)
	at com.kms.katalon.core.webui.keyword.builtin.VerifyTextPresentKeyword$_verifyTextPresent_closure1.doCall(VerifyTextPresentKeyword.groovy:79)
	at com.kms.katalon.core.webui.keyword.builtin.VerifyTextPresentKeyword$_verifyTextPresent_closure1.call(VerifyTextPresentKeyword.groovy)
	at com.kms.katalon.core.webui.keyword.internal.WebUIKeywordMain.runKeyword(WebUIKeywordMain.groovy:20)
	at com.kms.katalon.core.webui.keyword.builtin.VerifyTextPresentKeyword.verifyTextPresent(VerifyTextPresentKeyword.groovy:83)
	at com.kms.katalon.core.webui.keyword.builtin.VerifyTextPresentKeyword.execute(VerifyTextPresentKeyword.groovy:68)
	at com.kms.katalon.core.keyword.internal.KeywordExecutor.executeKeywordForPlatform(KeywordExecutor.groovy:74)
	at com.kms.katalon.core.webui.keyword.WebUiBuiltInKeywords.verifyTextPresent(WebUiBuiltInKeywords.groovy:1723)
	at com.kms.katalon.core.webui.keyword.WebUiBuiltInKeywords$verifyTextPresent$8.call(Unknown Source)
	at Misc.run(Misc:100)
	at com.kms.katalon.core.main.ScriptEngine.run(ScriptEngine.java:194)
	at com.kms.katalon.core.main.ScriptEngine.runScriptAsRawText(ScriptEngine.java:119)
	at com.kms.katalon.core.main.TestCaseExecutor.runScript(TestCaseExecutor.java:448)
	at com.kms.katalon.core.main.TestCaseExecutor.doExecute(TestCaseExecutor.java:439)
	at com.kms.katalon.core.main.TestCaseExecutor.processExecutionPhase(TestCaseExecutor.java:418)
	at com.kms.katalon.core.main.TestCaseExecutor.accessMainPhase(TestCaseExecutor.java:410)
	at com.kms.katalon.core.main.TestCaseExecutor.execute(TestCaseExecutor.java:285)
	at com.kms.katalon.core.common.CommonExecutor.accessTestCaseMainPhase(CommonExecutor.java:65)
	at com.kms.katalon.core.main.TestSuiteExecutor.accessTestSuiteMainPhase(TestSuiteExecutor.java:148)
	at com.kms.katalon.core.main.TestSuiteExecutor.execute(TestSuiteExecutor.java:106)
	at com.kms.katalon.core.main.TestCaseMain.startTestSuite(TestCaseMain.java:187)
	at com.kms.katalon.core.main.TestCaseMain$startTestSuite$0.call(Unknown Source)
	at TempTestSuite1715800219174.run(TempTestSuite1715800219174.groovy:35)
)

2024-05-15 16:04:37 - [TEST_STEP][PASSED] - else: null

2024-05-15 16:04:37 - [TEST_STEP][PASSED] - println("Is this information correct text is not present on the Confirmation page"): null

2024-05-15 16:04:37 - [TEST_STEP][FAILED] - if (verifyElementPresent(findTestObject("Object Repository/IWP30/Page_Confirmation/ConfirmButton"), 30)): com.kms.katalon.core.webui.exception.WebElementNotFoundException: Web element with id: 'Object Repository/IWP30/Page_Confirmation/ConfirmButton' located by '//*[@type = 'submit' and @name = 'confirmNotifyAction' and @id = 'submitYes' and @value = 'Confirm']' not found (Root cause: com.kms.katalon.core.exception.StepFailedException: com.kms.katalon.core.webui.exception.WebElementNotFoundException: Web element with id: 'Object Repository/IWP30/Page_Confirmation/ConfirmButton' located by '//*[@type = 'submit' and @name = 'confirmNotifyAction' and @id = 'submitYes' and @value = 'Confirm']' not found
	at com.kms.katalon.core.webui.keyword.internal.WebUIKeywordMain.stepFailed(WebUIKeywordMain.groovy:64)
	at com.kms.katalon.core.webui.keyword.builtin.VerifyElementPresentKeyword$_verifyElementPresent_closure1.doCall(VerifyElementPresentKeyword.groovy:85)
	at com.kms.katalon.core.webui.keyword.builtin.VerifyElementPresentKeyword$_verifyElementPresent_closure1.call(VerifyElementPresentKeyword.groovy)
	at com.kms.katalon.core.webui.keyword.internal.WebUIKeywordMain.runKeyword(WebUIKeywordMain.groovy:20)
	at com.kms.katalon.core.webui.keyword.builtin.VerifyElementPresentKeyword.verifyElementPresent(VerifyElementPresentKeyword.groovy:92)
	at com.kms.katalon.core.webui.keyword.builtin.VerifyElementPresentKeyword.execute(VerifyElementPresentKeyword.groovy:68)
	at com.kms.katalon.core.keyword.internal.KeywordExecutor.executeKeywordForPlatform(KeywordExecutor.groovy:74)
	at com.kms.katalon.core.webui.keyword.WebUiBuiltInKeywords.verifyElementPresent(WebUiBuiltInKeywords.groovy:1464)
	at com.kms.katalon.core.webui.keyword.WebUiBuiltInKeywords$verifyElementPresent$5.call(Unknown Source)
	at Misc.run(Misc:108)
	at com.kms.katalon.core.main.ScriptEngine.run(ScriptEngine.java:194)
	at com.kms.katalon.core.main.ScriptEngine.runScriptAsRawText(ScriptEngine.java:119)
	at com.kms.katalon.core.main.TestCaseExecutor.runScript(TestCaseExecutor.java:448)
	at com.kms.katalon.core.main.TestCaseExecutor.doExecute(TestCaseExecutor.java:439)
	at com.kms.katalon.core.main.TestCaseExecutor.processExecutionPhase(TestCaseExecutor.java:418)
	at com.kms.katalon.core.main.TestCaseExecutor.accessMainPhase(TestCaseExecutor.java:410)
	at com.kms.katalon.core.main.TestCaseExecutor.execute(TestCaseExecutor.java:285)
	at com.kms.katalon.core.common.CommonExecutor.accessTestCaseMainPhase(CommonExecutor.java:65)
	at com.kms.katalon.core.main.TestSuiteExecutor.accessTestSuiteMainPhase(TestSuiteExecutor.java:148)
	at com.kms.katalon.core.main.TestSuiteExecutor.execute(TestSuiteExecutor.java:106)
	at com.kms.katalon.core.main.TestCaseMain.startTestSuite(TestCaseMain.java:187)
	at com.kms.katalon.core.main.TestCaseMain$startTestSuite$0.call(Unknown Source)
	at TempTestSuite1715800219174.run(TempTestSuite1715800219174.groovy:35)
)

2024-05-15 16:05:08 - [MESSAGE][INFO] - Unable to find the element located by 'By.xpath: //*[@type = 'submit' and @name = 'confirmNotifyAction' and @id = 'submitYes' and @value = 'Confirm']'. Please recheck the objects properties to make sure the desired element is located. 

2024-05-15 16:05:09 - [MESSAGE][FAILED] - com.kms.katalon.core.webui.exception.WebElementNotFoundException: Web element with id: 'Object Repository/IWP30/Page_Confirmation/ConfirmButton' located by '//*[@type = 'submit' and @name = 'confirmNotifyAction' and @id = 'submitYes' and @value = 'Confirm']' not found (Root cause: com.kms.katalon.core.exception.StepFailedException: com.kms.katalon.core.webui.exception.WebElementNotFoundException: Web element with id: 'Object Repository/IWP30/Page_Confirmation/ConfirmButton' located by '//*[@type = 'submit' and @name = 'confirmNotifyAction' and @id = 'submitYes' and @value = 'Confirm']' not found
	at com.kms.katalon.core.webui.keyword.internal.WebUIKeywordMain.stepFailed(WebUIKeywordMain.groovy:64)
	at com.kms.katalon.core.webui.keyword.builtin.VerifyElementPresentKeyword$_verifyElementPresent_closure1.doCall(VerifyElementPresentKeyword.groovy:85)
	at com.kms.katalon.core.webui.keyword.builtin.VerifyElementPresentKeyword$_verifyElementPresent_closure1.call(VerifyElementPresentKeyword.groovy)
	at com.kms.katalon.core.webui.keyword.internal.WebUIKeywordMain.runKeyword(WebUIKeywordMain.groovy:20)
	at com.kms.katalon.core.webui.keyword.builtin.VerifyElementPresentKeyword.verifyElementPresent(VerifyElementPresentKeyword.groovy:92)
	at com.kms.katalon.core.webui.keyword.builtin.VerifyElementPresentKeyword.execute(VerifyElementPresentKeyword.groovy:68)
	at com.kms.katalon.core.keyword.internal.KeywordExecutor.executeKeywordForPlatform(KeywordExecutor.groovy:74)
	at com.kms.katalon.core.webui.keyword.WebUiBuiltInKeywords.verifyElementPresent(WebUiBuiltInKeywords.groovy:1464)
	at com.kms.katalon.core.webui.keyword.WebUiBuiltInKeywords$verifyElementPresent$5.call(Unknown Source)
	at Misc.run(Misc:108)
	at com.kms.katalon.core.main.ScriptEngine.run(ScriptEngine.java:194)
	at com.kms.katalon.core.main.ScriptEngine.runScriptAsRawText(ScriptEngine.java:119)
	at com.kms.katalon.core.main.TestCaseExecutor.runScript(TestCaseExecutor.java:448)
	at com.kms.katalon.core.main.TestCaseExecutor.doExecute(TestCaseExecutor.java:439)
	at com.kms.katalon.core.main.TestCaseExecutor.processExecutionPhase(TestCaseExecutor.java:418)
	at com.kms.katalon.core.main.TestCaseExecutor.accessMainPhase(TestCaseExecutor.java:410)
	at com.kms.katalon.core.main.TestCaseExecutor.execute(TestCaseExecutor.java:285)
	at com.kms.katalon.core.common.CommonExecutor.accessTestCaseMainPhase(CommonExecutor.java:65)
	at com.kms.katalon.core.main.TestSuiteExecutor.accessTestSuiteMainPhase(TestSuiteExecutor.java:148)
	at com.kms.katalon.core.main.TestSuiteExecutor.execute(TestSuiteExecutor.java:106)
	at com.kms.katalon.core.main.TestCaseMain.startTestSuite(TestCaseMain.java:187)
	at com.kms.katalon.core.main.TestCaseMain$startTestSuite$0.call(Unknown Source)
	at TempTestSuite1715800219174.run(TempTestSuite1715800219174.groovy:35)
)
[[ATTACHMENT|E:\\Cloned-Project-Katalon\\VPS-Katalon\\Reports\\20240515_151019\\QA\\IWP3.0\\IWP30 Smoke TestSuite\\20240515_151019\\1715803508509.png]]

2024-05-15 16:05:09 - [TEST_STEP][PASSED] - else: null

2024-05-15 16:05:09 - [TEST_STEP][PASSED] - println("Confirm button is missing on the Confirmation page"): null

2024-05-15 16:05:09 - [TEST_STEP][PASSED] - Thread.sleep(10000): null

2024-05-15 16:05:19 - [TEST_STEP][FAILED] - if (verifyTextPresent("Successful Payment Receipt", false)): Text 'Successful Payment Receipt' is not present on page  (Root cause: com.kms.katalon.core.exception.StepFailedException: Text 'Successful Payment Receipt' is not present on page 
	at com.kms.katalon.core.webui.keyword.internal.WebUIKeywordMain.stepFailed(WebUIKeywordMain.groovy:64)
	at com.kms.katalon.core.webui.keyword.builtin.VerifyTextPresentKeyword$_verifyTextPresent_closure1.doCall(VerifyTextPresentKeyword.groovy:79)
	at com.kms.katalon.core.webui.keyword.builtin.VerifyTextPresentKeyword$_verifyTextPresent_closure1.call(VerifyTextPresentKeyword.groovy)
	at com.kms.katalon.core.webui.keyword.internal.WebUIKeywordMain.runKeyword(WebUIKeywordMain.groovy:20)
	at com.kms.katalon.core.webui.keyword.builtin.VerifyTextPresentKeyword.verifyTextPresent(VerifyTextPresentKeyword.groovy:83)
	at com.kms.katalon.core.webui.keyword.builtin.VerifyTextPresentKeyword.execute(VerifyTextPresentKeyword.groovy:68)
	at com.kms.katalon.core.keyword.internal.KeywordExecutor.executeKeywordForPlatform(KeywordExecutor.groovy:74)
	at com.kms.katalon.core.webui.keyword.WebUiBuiltInKeywords.verifyTextPresent(WebUiBuiltInKeywords.groovy:1723)
	at com.kms.katalon.core.webui.keyword.WebUiBuiltInKeywords$verifyTextPresent$8.call(Unknown Source)
	at Misc.run(Misc:123)
	at com.kms.katalon.core.main.ScriptEngine.run(ScriptEngine.java:194)
	at com.kms.katalon.core.main.ScriptEngine.runScriptAsRawText(ScriptEngine.java:119)
	at com.kms.katalon.core.main.TestCaseExecutor.runScript(TestCaseExecutor.java:448)
	at com.kms.katalon.core.main.TestCaseExecutor.doExecute(TestCaseExecutor.java:439)
	at com.kms.katalon.core.main.TestCaseExecutor.processExecutionPhase(TestCaseExecutor.java:418)
	at com.kms.katalon.core.main.TestCaseExecutor.accessMainPhase(TestCaseExecutor.java:410)
	at com.kms.katalon.core.main.TestCaseExecutor.execute(TestCaseExecutor.java:285)
	at com.kms.katalon.core.common.CommonExecutor.accessTestCaseMainPhase(CommonExecutor.java:65)
	at com.kms.katalon.core.main.TestSuiteExecutor.accessTestSuiteMainPhase(TestSuiteExecutor.java:148)
	at com.kms.katalon.core.main.TestSuiteExecutor.execute(TestSuiteExecutor.java:106)
	at com.kms.katalon.core.main.TestCaseMain.startTestSuite(TestCaseMain.java:187)
	at com.kms.katalon.core.main.TestCaseMain$startTestSuite$0.call(Unknown Source)
	at TempTestSuite1715800219174.run(TempTestSuite1715800219174.groovy:35)
)

2024-05-15 16:05:19 - [MESSAGE][FAILED] - Text 'Successful Payment Receipt' is not present on page  (Root cause: com.kms.katalon.core.exception.StepFailedException: Text 'Successful Payment Receipt' is not present on page 
	at com.kms.katalon.core.webui.keyword.internal.WebUIKeywordMain.stepFailed(WebUIKeywordMain.groovy:64)
	at com.kms.katalon.core.webui.keyword.builtin.VerifyTextPresentKeyword$_verifyTextPresent_closure1.doCall(VerifyTextPresentKeyword.groovy:79)
	at com.kms.katalon.core.webui.keyword.builtin.VerifyTextPresentKeyword$_verifyTextPresent_closure1.call(VerifyTextPresentKeyword.groovy)
	at com.kms.katalon.core.webui.keyword.internal.WebUIKeywordMain.runKeyword(WebUIKeywordMain.groovy:20)
	at com.kms.katalon.core.webui.keyword.builtin.VerifyTextPresentKeyword.verifyTextPresent(VerifyTextPresentKeyword.groovy:83)
	at com.kms.katalon.core.webui.keyword.builtin.VerifyTextPresentKeyword.execute(VerifyTextPresentKeyword.groovy:68)
	at com.kms.katalon.core.keyword.internal.KeywordExecutor.executeKeywordForPlatform(KeywordExecutor.groovy:74)
	at com.kms.katalon.core.webui.keyword.WebUiBuiltInKeywords.verifyTextPresent(WebUiBuiltInKeywords.groovy:1723)
	at com.kms.katalon.core.webui.keyword.WebUiBuiltInKeywords$verifyTextPresent$8.call(Unknown Source)
	at Misc.run(Misc:123)
	at com.kms.katalon.core.main.ScriptEngine.run(ScriptEngine.java:194)
	at com.kms.katalon.core.main.ScriptEngine.runScriptAsRawText(ScriptEngine.java:119)
	at com.kms.katalon.core.main.TestCaseExecutor.runScript(TestCaseExecutor.java:448)
	at com.kms.katalon.core.main.TestCaseExecutor.doExecute(TestCaseExecutor.java:439)
	at com.kms.katalon.core.main.TestCaseExecutor.processExecutionPhase(TestCaseExecutor.java:418)
	at com.kms.katalon.core.main.TestCaseExecutor.accessMainPhase(TestCaseExecutor.java:410)
	at com.kms.katalon.core.main.TestCaseExecutor.execute(TestCaseExecutor.java:285)
	at com.kms.katalon.core.common.CommonExecutor.accessTestCaseMainPhase(CommonExecutor.java:65)
	at com.kms.katalon.core.main.TestSuiteExecutor.accessTestSuiteMainPhase(TestSuiteExecutor.java:148)
	at com.kms.katalon.core.main.TestSuiteExecutor.execute(TestSuiteExecutor.java:106)
	at com.kms.katalon.core.main.TestCaseMain.startTestSuite(TestCaseMain.java:187)
	at com.kms.katalon.core.main.TestCaseMain$startTestSuite$0.call(Unknown Source)
	at TempTestSuite1715800219174.run(TempTestSuite1715800219174.groovy:35)
)

2024-05-15 16:05:19 - [TEST_STEP][PASSED] - else: null

2024-05-15 16:05:19 - [TEST_STEP][FAILED] - if (verifyTextPresent("Please print this receipt for your records", false)): Text 'Please print this receipt for your records' is not present on page  (Root cause: com.kms.katalon.core.exception.StepFailedException: Text 'Please print this receipt for your records' is not present on page 
	at com.kms.katalon.core.webui.keyword.internal.WebUIKeywordMain.stepFailed(WebUIKeywordMain.groovy:64)
	at com.kms.katalon.core.webui.keyword.builtin.VerifyTextPresentKeyword$_verifyTextPresent_closure1.doCall(VerifyTextPresentKeyword.groovy:79)
	at com.kms.katalon.core.webui.keyword.builtin.VerifyTextPresentKeyword$_verifyTextPresent_closure1.call(VerifyTextPresentKeyword.groovy)
	at com.kms.katalon.core.webui.keyword.internal.WebUIKeywordMain.runKeyword(WebUIKeywordMain.groovy:20)
	at com.kms.katalon.core.webui.keyword.builtin.VerifyTextPresentKeyword.verifyTextPresent(VerifyTextPresentKeyword.groovy:83)
	at com.kms.katalon.core.webui.keyword.builtin.VerifyTextPresentKeyword.execute(VerifyTextPresentKeyword.groovy:68)
	at com.kms.katalon.core.keyword.internal.KeywordExecutor.executeKeywordForPlatform(KeywordExecutor.groovy:74)
	at com.kms.katalon.core.webui.keyword.WebUiBuiltInKeywords.verifyTextPresent(WebUiBuiltInKeywords.groovy:1723)
	at com.kms.katalon.core.webui.keyword.WebUiBuiltInKeywords$verifyTextPresent$8.call(Unknown Source)
	at Misc.run(Misc:130)
	at com.kms.katalon.core.main.ScriptEngine.run(ScriptEngine.java:194)
	at com.kms.katalon.core.main.ScriptEngine.runScriptAsRawText(ScriptEngine.java:119)
	at com.kms.katalon.core.main.TestCaseExecutor.runScript(TestCaseExecutor.java:448)
	at com.kms.katalon.core.main.TestCaseExecutor.doExecute(TestCaseExecutor.java:439)
	at com.kms.katalon.core.main.TestCaseExecutor.processExecutionPhase(TestCaseExecutor.java:418)
	at com.kms.katalon.core.main.TestCaseExecutor.accessMainPhase(TestCaseExecutor.java:410)
	at com.kms.katalon.core.main.TestCaseExecutor.execute(TestCaseExecutor.java:285)
	at com.kms.katalon.core.common.CommonExecutor.accessTestCaseMainPhase(CommonExecutor.java:65)
	at com.kms.katalon.core.main.TestSuiteExecutor.accessTestSuiteMainPhase(TestSuiteExecutor.java:148)
	at com.kms.katalon.core.main.TestSuiteExecutor.execute(TestSuiteExecutor.java:106)
	at com.kms.katalon.core.main.TestCaseMain.startTestSuite(TestCaseMain.java:187)
	at com.kms.katalon.core.main.TestCaseMain$startTestSuite$0.call(Unknown Source)
	at TempTestSuite1715800219174.run(TempTestSuite1715800219174.groovy:35)
)

2024-05-15 16:05:19 - [MESSAGE][FAILED] - Text 'Please print this receipt for your records' is not present on page  (Root cause: com.kms.katalon.core.exception.StepFailedException: Text 'Please print this receipt for your records' is not present on page 
	at com.kms.katalon.core.webui.keyword.internal.WebUIKeywordMain.stepFailed(WebUIKeywordMain.groovy:64)
	at com.kms.katalon.core.webui.keyword.builtin.VerifyTextPresentKeyword$_verifyTextPresent_closure1.doCall(VerifyTextPresentKeyword.groovy:79)
	at com.kms.katalon.core.webui.keyword.builtin.VerifyTextPresentKeyword$_verifyTextPresent_closure1.call(VerifyTextPresentKeyword.groovy)
	at com.kms.katalon.core.webui.keyword.internal.WebUIKeywordMain.runKeyword(WebUIKeywordMain.groovy:20)
	at com.kms.katalon.core.webui.keyword.builtin.VerifyTextPresentKeyword.verifyTextPresent(VerifyTextPresentKeyword.groovy:83)
	at com.kms.katalon.core.webui.keyword.builtin.VerifyTextPresentKeyword.execute(VerifyTextPresentKeyword.groovy:68)
	at com.kms.katalon.core.keyword.internal.KeywordExecutor.executeKeywordForPlatform(KeywordExecutor.groovy:74)
	at com.kms.katalon.core.webui.keyword.WebUiBuiltInKeywords.verifyTextPresent(WebUiBuiltInKeywords.groovy:1723)
	at com.kms.katalon.core.webui.keyword.WebUiBuiltInKeywords$verifyTextPresent$8.call(Unknown Source)
	at Misc.run(Misc:130)
	at com.kms.katalon.core.main.ScriptEngine.run(ScriptEngine.java:194)
	at com.kms.katalon.core.main.ScriptEngine.runScriptAsRawText(ScriptEngine.java:119)
	at com.kms.katalon.core.main.TestCaseExecutor.runScript(TestCaseExecutor.java:448)
	at com.kms.katalon.core.main.TestCaseExecutor.doExecute(TestCaseExecutor.java:439)
	at com.kms.katalon.core.main.TestCaseExecutor.processExecutionPhase(TestCaseExecutor.java:418)
	at com.kms.katalon.core.main.TestCaseExecutor.accessMainPhase(TestCaseExecutor.java:410)
	at com.kms.katalon.core.main.TestCaseExecutor.execute(TestCaseExecutor.java:285)
	at com.kms.katalon.core.common.CommonExecutor.accessTestCaseMainPhase(CommonExecutor.java:65)
	at com.kms.katalon.core.main.TestSuiteExecutor.accessTestSuiteMainPhase(TestSuiteExecutor.java:148)
	at com.kms.katalon.core.main.TestSuiteExecutor.execute(TestSuiteExecutor.java:106)
	at com.kms.katalon.core.main.TestCaseMain.startTestSuite(TestCaseMain.java:187)
	at com.kms.katalon.core.main.TestCaseMain$startTestSuite$0.call(Unknown Source)
	at TempTestSuite1715800219174.run(TempTestSuite1715800219174.groovy:35)
)

2024-05-15 16:05:19 - [TEST_STEP][PASSED] - else: null

2024-05-15 16:05:19 - [TEST_STEP][PASSED] - if (verifyElementPresent(findTestObject("Object Repository/IWP30/Page_Receipt/ExitButton"), 30)): null

2024-05-15 16:05:20 - [MESSAGE][PASSED] - Object 'Object Repository/IWP30/Page_Receipt/ExitButton' is present

2024-05-15 16:05:20 - [TEST_STEP][PASSED] - println("Exit Button is present on the Receipt page"): null

2024-05-15 16:05:20 - [TEST_STEP][PASSED] - closeBrowser(): Browser is closed

2024-05-15 16:05:21 - [MESSAGE][PASSED] - Browser is closed]]></system-out>
         <system-err><![CDATA[2024-05-15 15:50:17 - [TEST_CASE][FAILED] - Test Cases/IntegratedWeb/IWP30/Misc: Test Cases/IntegratedWeb/IWP30/Misc FAILED.
Reason:
com.kms.katalon.core.exception.StepFailedException: Unable to select option by label '2023' of object 'Object Repository/IWP30/Page_CCPaymentEntry/Year'  (Root cause: com.kms.katalon.core.exception.StepFailedException: Unable to select option by label '2023' of object 'Object Repository/IWP30/Page_CCPaymentEntry/Year' 
	at com.kms.katalon.core.webui.keyword.internal.WebUIKeywordMain.stepFailed(WebUIKeywordMain.groovy:64)
	at com.kms.katalon.core.webui.keyword.internal.WebUIKeywordMain.runKeyword(WebUIKeywordMain.groovy:26)
	at com.kms.katalon.core.webui.keyword.builtin.SelectOptionByLabelKeyword.selectOptionByLabel(SelectOptionByLabelKeyword.groovy:98)
	at com.kms.katalon.core.webui.keyword.builtin.SelectOptionByLabelKeyword.execute(SelectOptionByLabelKeyword.groovy:71)
	at com.kms.katalon.core.keyword.internal.KeywordExecutor.executeKeywordForPlatform(KeywordExecutor.groovy:74)
	at com.kms.katalon.core.webui.keyword.WebUiBuiltInKeywords.selectOptionByLabel(WebUiBuiltInKeywords.groovy:1230)
	at com.kms.katalon.core.webui.keyword.WebUiBuiltInKeywords$selectOptionByLabel$7.call(Unknown Source)
	at iwpPages.ccPaymentEntryPage.setDataCCPM(ccPaymentEntryPage.groovy:252)
	at iwpPages.ccPaymentEntryPage.invokeMethod(ccPaymentEntryPage.groovy)
	at com.kms.katalon.core.main.CustomKeywordDelegatingMetaClass.invokeStaticMethod(CustomKeywordDelegatingMetaClass.java:55)
	at Misc.run(Misc:85)
	at com.kms.katalon.core.main.ScriptEngine.run(ScriptEngine.java:194)
	at com.kms.katalon.core.main.ScriptEngine.runScriptAsRawText(ScriptEngine.java:119)
	at com.kms.katalon.core.main.TestCaseExecutor.runScript(TestCaseExecutor.java:448)
	at com.kms.katalon.core.main.TestCaseExecutor.doExecute(TestCaseExecutor.java:439)
	at com.kms.katalon.core.main.TestCaseExecutor.processExecutionPhase(TestCaseExecutor.java:418)
	at com.kms.katalon.core.main.TestCaseExecutor.accessMainPhase(TestCaseExecutor.java:410)
	at com.kms.katalon.core.main.TestCaseExecutor.execute(TestCaseExecutor.java:285)
	at com.kms.katalon.core.common.CommonExecutor.accessTestCaseMainPhase(CommonExecutor.java:65)
	at com.kms.katalon.core.main.TestSuiteExecutor.accessTestSuiteMainPhase(TestSuiteExecutor.java:148)
	at com.kms.katalon.core.main.TestSuiteExecutor.execute(TestSuiteExecutor.java:106)
	at com.kms.katalon.core.main.TestCaseMain.startTestSuite(TestCaseMain.java:187)
	at com.kms.katalon.core.main.TestCaseMain$startTestSuite$0.call(Unknown Source)
	at TempTestSuite1715800219174.run(TempTestSuite1715800219174.groovy:35)
Caused by: org.openqa.selenium.NoSuchElementException: Cannot locate element with text: 2023
For documentation on this error, please visit: https://www.seleniumhq.org/exceptions/no_such_element.html
Build info: version: '3.141.59', revision: 'e82be7d358', time: '2018-11-14T08:25:53'
System info: host: 'DESKTOP-B2QI6NS', ip: '172.31.253.185', os.name: 'Windows 10', os.arch: 'amd64', os.version: '10.0', java.version: '1.8.0_181'
Driver info: driver.version: unknown
	at org.openqa.selenium.support.ui.Select.selectByVisibleText(Select.java:147)
	at com.kms.katalon.core.webui.common.WebUiCommonHelper.selectOrDeselectOptionsByLabel(WebUiCommonHelper.java:310)
	at com.kms.katalon.core.webui.keyword.builtin.SelectOptionByLabelKeyword$_selectOptionByLabel_closure1.doCall(SelectOptionByLabelKeyword.groovy:87)
	at com.kms.katalon.core.webui.keyword.builtin.SelectOptionByLabelKeyword$_selectOptionByLabel_closure1.call(SelectOptionByLabelKeyword.groovy)
	at com.kms.katalon.core.webui.keyword.internal.WebUIKeywordMain.runKeyword(WebUIKeywordMain.groovy:20)
	at com.kms.katalon.core.webui.keyword.builtin.SelectOptionByLabelKeyword.selectOptionByLabel(SelectOptionByLabelKeyword.groovy:98)
	at com.kms.katalon.core.webui.keyword.builtin.SelectOptionByLabelKeyword.execute(SelectOptionByLabelKeyword.groovy:71)
	at com.kms.katalon.core.keyword.internal.KeywordExecutor.executeKeywordForPlatform(KeywordExecutor.groovy:74)
	at com.kms.katalon.core.webui.keyword.WebUiBuiltInKeywords.selectOptionByLabel(WebUiBuiltInKeywords.groovy:1230)
	at com.kms.katalon.core.webui.keyword.WebUiBuiltInKeywords$selectOptionByLabel$7.call(Unknown Source)
	at iwpPages.ccPaymentEntryPage.setDataCCPM(ccPaymentEntryPage.groovy:252)
	at iwpPages.ccPaymentEntryPage.invokeMethod(ccPaymentEntryPage.groovy)
	at com.kms.katalon.core.main.CustomKeywordDelegatingMetaClass.invokeStaticMethod(CustomKeywordDelegatingMetaClass.java:55)
	at Script1593488051730.run(Script1593488051730.groovy:85)
	... 13 more
)
	at com.kms.katalon.core.keyword.internal.KeywordMain.stepFailed(KeywordMain.groovy:39)
	at com.kms.katalon.core.webui.keyword.internal.WebUIKeywordMain.stepFailed(WebUIKeywordMain.groovy:64)
	at com.kms.katalon.core.webui.keyword.internal.WebUIKeywordMain.runKeyword(WebUIKeywordMain.groovy:26)
	at com.kms.katalon.core.webui.keyword.builtin.SelectOptionByLabelKeyword.selectOptionByLabel(SelectOptionByLabelKeyword.groovy:98)
	at com.kms.katalon.core.webui.keyword.builtin.SelectOptionByLabelKeyword.execute(SelectOptionByLabelKeyword.groovy:71)
	at com.kms.katalon.core.keyword.internal.KeywordExecutor.executeKeywordForPlatform(KeywordExecutor.groovy:74)
	at com.kms.katalon.core.webui.keyword.WebUiBuiltInKeywords.selectOptionByLabel(WebUiBuiltInKeywords.groovy:1230)
	at com.kms.katalon.core.webui.keyword.WebUiBuiltInKeywords$selectOptionByLabel$7.call(Unknown Source)
	at iwpPages.ccPaymentEntryPage.setDataCCPM(ccPaymentEntryPage.groovy:252)
	at iwpPages.ccPaymentEntryPage.invokeMethod(ccPaymentEntryPage.groovy)
	at com.kms.katalon.core.main.CustomKeywordDelegatingMetaClass.invokeStaticMethod(CustomKeywordDelegatingMetaClass.java:55)
	at Misc.run(Misc:85)
	at com.kms.katalon.core.main.ScriptEngine.run(ScriptEngine.java:194)
	at com.kms.katalon.core.main.ScriptEngine.runScriptAsRawText(ScriptEngine.java:119)
	at com.kms.katalon.core.main.TestCaseExecutor.runScript(TestCaseExecutor.java:448)
	at com.kms.katalon.core.main.TestCaseExecutor.doExecute(TestCaseExecutor.java:439)
	at com.kms.katalon.core.main.TestCaseExecutor.processExecutionPhase(TestCaseExecutor.java:418)
	at com.kms.katalon.core.main.TestCaseExecutor.accessMainPhase(TestCaseExecutor.java:410)
	at com.kms.katalon.core.main.TestCaseExecutor.execute(TestCaseExecutor.java:285)
	at com.kms.katalon.core.common.CommonExecutor.accessTestCaseMainPhase(CommonExecutor.java:65)
	at com.kms.katalon.core.main.TestSuiteExecutor.accessTestSuiteMainPhase(TestSuiteExecutor.java:148)
	at com.kms.katalon.core.main.TestSuiteExecutor.execute(TestSuiteExecutor.java:106)
	at com.kms.katalon.core.main.TestCaseMain.startTestSuite(TestCaseMain.java:187)
	at com.kms.katalon.core.main.TestCaseMain$startTestSuite$0.call(Unknown Source)
	at TempTestSuite1715800219174.run(TempTestSuite1715800219174.groovy:35)
Caused by: com.kms.katalon.core.exception.StepFailedException: Unable to select option by label '2023' of object 'Object Repository/IWP30/Page_CCPaymentEntry/Year' 
	... 24 more
Caused by: org.openqa.selenium.NoSuchElementException: Cannot locate element with text: 2023
For documentation on this error, please visit: https://www.seleniumhq.org/exceptions/no_such_element.html
Build info: version: '3.141.59', revision: 'e82be7d358', time: '2018-11-14T08:25:53'
System info: host: 'DESKTOP-B2QI6NS', ip: '172.31.253.185', os.name: 'Windows 10', os.arch: 'amd64', os.version: '10.0', java.version: '1.8.0_181'
Driver info: driver.version: unknown
	at org.openqa.selenium.support.ui.Select.selectByVisibleText(Select.java:147)
	at com.kms.katalon.core.webui.common.WebUiCommonHelper.selectOrDeselectOptionsByLabel(WebUiCommonHelper.java:310)
	at com.kms.katalon.core.webui.keyword.builtin.SelectOptionByLabelKeyword$_selectOptionByLabel_closure1.doCall(SelectOptionByLabelKeyword.groovy:87)
	at com.kms.katalon.core.webui.keyword.builtin.SelectOptionByLabelKeyword$_selectOptionByLabel_closure1.call(SelectOptionByLabelKeyword.groovy)
	at com.kms.katalon.core.webui.keyword.internal.WebUIKeywordMain.runKeyword(WebUIKeywordMain.groovy:20)
	... 22 more]]></system-err>
      </testcase>
      <testcase name="Test Cases/IntegratedWeb/IWP30/Errors/AmountLessThanMinCC" time="57.4" classname="Test Cases/IntegratedWeb/IWP30/Errors/AmountLessThanMinCC" status="PASSED">
         <system-out><![CDATA[2024-05-15 16:05:21 - [TEST_CASE][PASSED] - Test Cases/IntegratedWeb/IWP30/Errors/AmountLessThanMinCC: Test Cases/IntegratedWeb/IWP30/Errors/AmountLessThanMinCC

2024-05-15 16:05:21 - [TEST_STEP][PASSED] - openBrowser(urlEmulator): Browser is opened with url: 'https://qa2.velocitypayment.com/agency/config.do?action=editor'

2024-05-15 16:05:21 - [MESSAGE][INFO] - Starting 'Chrome' driver

2024-05-15 16:05:21 - [MESSAGE][INFO] - User set preference: ['acceptInsecureCerts', 'true']

2024-05-15 16:05:21 - [MESSAGE][INFO] - Action delay is set to 0 milliseconds

2024-05-15 16:05:23 - [MESSAGE][PASSED] - Browser is opened with url: 'https://qa2.velocitypayment.com/agency/config.do?action=editor'

2024-05-15 16:05:23 - [TEST_STEP][PASSED] - maximizeWindow(): Current window maximized

2024-05-15 16:05:24 - [MESSAGE][PASSED] - Current window maximized

2024-05-15 16:05:24 - [TEST_STEP][PASSED] - iwpPages.emulatorIWP30.setDataEmulatorStandard(): iwpPages.emulatorIWP30.setDataEmulatorStandard is PASSED

2024-05-15 16:05:24 - [MESSAGE][PASSED] - Object 'Object Repository/IWP30/Page_VRelay30Emulator/Amount' is present

2024-05-15 16:05:25 - [MESSAGE][PASSED] - All options with value '3.0' are selected in object 'Object Repository/IWP30/Page_VRelay30Emulator/MV'  using regular expression

2024-05-15 16:05:26 - [MESSAGE][PASSED] - Text '10.50' is set on object 'Object Repository/IWP30/Page_VRelay30Emulator/Amount'

2024-05-15 16:05:27 - [MESSAGE][PASSED] - Text '54654701' is set on object 'Object Repository/IWP30/Page_VRelay30Emulator/CAN'

2024-05-15 16:05:27 - [MESSAGE][PASSED] - Text 'PayNow' is set on object 'Object Repository/IWP30/Page_VRelay30Emulator/Action'

2024-05-15 16:05:28 - [MESSAGE][PASSED] - Text 'en_US' is set on object 'Object Repository/IWP30/Page_VRelay30Emulator/Lang'

2024-05-15 16:05:29 - [MESSAGE][PASSED] - Text '' is set on object 'Object Repository/IWP30/Page_VRelay30Emulator/Fname'

2024-05-15 16:05:29 - [MESSAGE][PASSED] - Text '' is set on object 'Object Repository/IWP30/Page_VRelay30Emulator/Lname'

2024-05-15 16:05:30 - [MESSAGE][PASSED] - Text '' is set on object 'Object Repository/IWP30/Page_VRelay30Emulator/AL1'

2024-05-15 16:05:30 - [MESSAGE][PASSED] - Text '' is set on object 'Object Repository/IWP30/Page_VRelay30Emulator/AL2'

2024-05-15 16:05:31 - [MESSAGE][PASSED] - Text '' is set on object 'Object Repository/IWP30/Page_VRelay30Emulator/Country'

2024-05-15 16:05:32 - [MESSAGE][PASSED] - Text '' is set on object 'Object Repository/IWP30/Page_VRelay30Emulator/City'

2024-05-15 16:05:32 - [MESSAGE][PASSED] - Text '' is set on object 'Object Repository/IWP30/Page_VRelay30Emulator/State'

2024-05-15 16:05:33 - [MESSAGE][PASSED] - Text '' is set on object 'Object Repository/IWP30/Page_VRelay30Emulator/ZIP'

2024-05-15 16:05:33 - [MESSAGE][PASSED] - Text '' is set on object 'Object Repository/IWP30/Page_VRelay30Emulator/Order'

2024-05-15 16:05:34 - [MESSAGE][PASSED] - Text '' is set on object 'Object Repository/IWP30/Page_VRelay30Emulator/Company'

2024-05-15 16:05:35 - [MESSAGE][PASSED] - Text '' is set on object 'Object Repository/IWP30/Page_VRelay30Emulator/Email'

2024-05-15 16:05:35 - [MESSAGE][PASSED] - Text '' is set on object 'Object Repository/IWP30/Page_VRelay30Emulator/UDF1'

2024-05-15 16:05:36 - [MESSAGE][PASSED] - Text '' is set on object 'Object Repository/IWP30/Page_VRelay30Emulator/UDF2'

2024-05-15 16:05:37 - [MESSAGE][PASSED] - Text 'data 3' is set on object 'Object Repository/IWP30/Page_VRelay30Emulator/UDF3'

2024-05-15 16:05:37 - [MESSAGE][PASSED] - Text 'data 4' is set on object 'Object Repository/IWP30/Page_VRelay30Emulator/UDF4'

2024-05-15 16:05:38 - [MESSAGE][PASSED] - Text 'data 5' is set on object 'Object Repository/IWP30/Page_VRelay30Emulator/UDF5'

2024-05-15 16:05:38 - [MESSAGE][PASSED] - Text 'data 6' is set on object 'Object Repository/IWP30/Page_VRelay30Emulator/UDF6'

2024-05-15 16:05:39 - [MESSAGE][PASSED] - Text 'Orange' is set on object 'Object Repository/IWP30/Page_VRelay30Emulator/UDF7'

2024-05-15 16:05:40 - [MESSAGE][PASSED] - Text 'Soccer' is set on object 'Object Repository/IWP30/Page_VRelay30Emulator/UDF8'

2024-05-15 16:05:40 - [MESSAGE][PASSED] - Text 'data 9' is set on object 'Object Repository/IWP30/Page_VRelay30Emulator/UDF9'

2024-05-15 16:05:41 - [MESSAGE][PASSED] - Text 'data 10' is set on object 'Object Repository/IWP30/Page_VRelay30Emulator/UDF10'

2024-05-15 16:05:43 - [MESSAGE][PASSED] - Object: 'Object Repository/IWP30/Page_VRelay30Emulator/Submit' is clicked on

2024-05-15 16:05:50 - [MESSAGE][PASSED] - Browser is closed

2024-05-15 16:05:50 - [MESSAGE][PASSED] - iwpPages.emulatorIWP30.setDataEmulatorStandard is PASSED

2024-05-15 16:05:50 - [TEST_STEP][PASSED] - openBrowser(urlTestHarness): Browser is opened with url: 'https://dev-algorithm.govolution.com/vrelaytest/QA2/version_2_2/vrelaytest.html'

2024-05-15 16:05:50 - [MESSAGE][INFO] - Starting 'Chrome' driver

2024-05-15 16:05:50 - [MESSAGE][INFO] - User set preference: ['acceptInsecureCerts', 'true']

2024-05-15 16:05:50 - [MESSAGE][INFO] - Action delay is set to 0 milliseconds

2024-05-15 16:05:52 - [MESSAGE][PASSED] - Browser is opened with url: 'https://dev-algorithm.govolution.com/vrelaytest/QA2/version_2_2/vrelaytest.html'

2024-05-15 16:05:52 - [TEST_STEP][PASSED] - maximizeWindow(): Current window maximized

2024-05-15 16:05:52 - [MESSAGE][PASSED] - Current window maximized

2024-05-15 16:05:52 - [TEST_STEP][PASSED] - genRemIDVoid = RandomStringUtils.random(12, true, true): null

2024-05-15 16:05:52 - [TEST_STEP][PASSED] - if (verifyElementPresent(findTestObject("Object Repository/IWP30/Page_QATestHarness/RemittanceID"), 30)): null

2024-05-15 16:05:53 - [MESSAGE][PASSED] - Object 'Object Repository/IWP30/Page_QATestHarness/RemittanceID' is present

2024-05-15 16:05:53 - [TEST_STEP][PASSED] - println("We are on Test Harness page, start populating"): null

2024-05-15 16:05:53 - [TEST_STEP][PASSED] - setText(findTestObject("Object Repository/IWP30/Page_QATestHarness/ApplicationID"), "649"): Text '649' is set on object 'Object Repository/IWP30/Page_QATestHarness/ApplicationID'

2024-05-15 16:05:53 - [MESSAGE][PASSED] - Text '649' is set on object 'Object Repository/IWP30/Page_QATestHarness/ApplicationID'

2024-05-15 16:05:53 - [TEST_STEP][PASSED] - setText(findTestObject("Object Repository/IWP30/Page_QATestHarness/MessageVersion"), "3.0"): Text '3.0' is set on object 'Object Repository/IWP30/Page_QATestHarness/MessageVersion'

2024-05-15 16:05:54 - [MESSAGE][PASSED] - Text '3.0' is set on object 'Object Repository/IWP30/Page_QATestHarness/MessageVersion'

2024-05-15 16:05:54 - [TEST_STEP][PASSED] - setText(findTestObject("Object Repository/IWP30/Page_QATestHarness/RemittanceID"), genRemIDVoid): Text 'r6Yf3CE4KEw1' is set on object 'Object Repository/IWP30/Page_QATestHarness/RemittanceID'

2024-05-15 16:05:55 - [MESSAGE][PASSED] - Text 'r6Yf3CE4KEw1' is set on object 'Object Repository/IWP30/Page_QATestHarness/RemittanceID'

2024-05-15 16:05:55 - [TEST_STEP][PASSED] - click(findTestObject("Object Repository/IWP30/Page_QATestHarness/SubmitButton")): Object: 'Object Repository/IWP30/Page_QATestHarness/SubmitButton' is clicked on

2024-05-15 16:05:56 - [MESSAGE][PASSED] - Object: 'Object Repository/IWP30/Page_QATestHarness/SubmitButton' is clicked on

2024-05-15 16:05:56 - [TEST_STEP][PASSED] - if (verifyElementPresent(findTestObject("Object Repository/IWP30/Page_SelectPaymentMethod/PayByCreditCard"), 30)): null

2024-05-15 16:05:57 - [MESSAGE][PASSED] - Object 'Object Repository/IWP30/Page_SelectPaymentMethod/PayByCreditCard' is present

2024-05-15 16:05:57 - [TEST_STEP][PASSED] - println("We are on Select Payment Method page, start populating"): null

2024-05-15 16:05:57 - [TEST_STEP][PASSED] - check(findTestObject("Object Repository/IWP30/Page_SelectPaymentMethod/PayByCreditCard")): Object 'Object Repository/IWP30/Page_SelectPaymentMethod/PayByCreditCard' is checked

2024-05-15 16:05:57 - [MESSAGE][PASSED] - Object 'Object Repository/IWP30/Page_SelectPaymentMethod/PayByCreditCard' is checked

2024-05-15 16:05:57 - [TEST_STEP][PASSED] - Thread.sleep(1000): null

2024-05-15 16:05:58 - [TEST_STEP][PASSED] - click(findTestObject("Object Repository/IWP30/Page_SelectPaymentMethod/MakePaymentButton")): Object: 'Object Repository/IWP30/Page_SelectPaymentMethod/MakePaymentButton' is clicked on

2024-05-15 16:06:00 - [MESSAGE][PASSED] - Object: 'Object Repository/IWP30/Page_SelectPaymentMethod/MakePaymentButton' is clicked on

2024-05-15 16:06:00 - [TEST_STEP][PASSED] - if (verifyElementPresent(findTestObject("Object Repository/IWP30/Page_CCPaymentEntry/Name"), 30)): null

2024-05-15 16:06:00 - [MESSAGE][PASSED] - Object 'Object Repository/IWP30/Page_CCPaymentEntry/Name' is present

2024-05-15 16:06:00 - [TEST_STEP][PASSED] - println("We are on Credit Card Payment Entry page, start populating"): null

2024-05-15 16:06:00 - [TEST_STEP][PASSED] - if (verifyElementPresent(findTestObject("Object Repository/IWP30/Page_CCPaymentEntry/Amount"), 30)): null

2024-05-15 16:06:01 - [MESSAGE][PASSED] - Object 'Object Repository/IWP30/Page_CCPaymentEntry/Amount' is present

2024-05-15 16:06:01 - [TEST_STEP][PASSED] - setText(findTestObject("Object Repository/IWP30/Page_CCPaymentEntry/Amount"), "1.50"): Text '1.50' is set on object 'Object Repository/IWP30/Page_CCPaymentEntry/Amount'

2024-05-15 16:06:01 - [MESSAGE][PASSED] - Text '1.50' is set on object 'Object Repository/IWP30/Page_CCPaymentEntry/Amount'

2024-05-15 16:06:01 - [TEST_STEP][PASSED] - if (verifyElementPresent(findTestObject("Object Repository/IWP30/Page_CCPaymentEntry/UserDefined2"), 30)): null

2024-05-15 16:06:02 - [MESSAGE][PASSED] - Object 'Object Repository/IWP30/Page_CCPaymentEntry/UserDefined2' is present

2024-05-15 16:06:02 - [TEST_STEP][PASSED] - setText(findTestObject("Object Repository/IWP30/Page_CCPaymentEntry/UserDefined2"), ""): Text '' is set on object 'Object Repository/IWP30/Page_CCPaymentEntry/UserDefined2'

2024-05-15 16:06:02 - [MESSAGE][PASSED] - Text '' is set on object 'Object Repository/IWP30/Page_CCPaymentEntry/UserDefined2'

2024-05-15 16:06:02 - [TEST_STEP][PASSED] - if (verifyElementPresent(findTestObject("Object Repository/IWP30/Page_CCPaymentEntry/UserDefined3"), 30)): null

2024-05-15 16:06:03 - [MESSAGE][PASSED] - Object 'Object Repository/IWP30/Page_CCPaymentEntry/UserDefined3' is present

2024-05-15 16:06:03 - [TEST_STEP][PASSED] - setText(findTestObject("Object Repository/IWP30/Page_CCPaymentEntry/UserDefined3"), "data 3"): Text 'data 3' is set on object 'Object Repository/IWP30/Page_CCPaymentEntry/UserDefined3'

2024-05-15 16:06:03 - [MESSAGE][PASSED] - Text 'data 3' is set on object 'Object Repository/IWP30/Page_CCPaymentEntry/UserDefined3'

2024-05-15 16:06:03 - [TEST_STEP][PASSED] - if (verifyElementPresent(findTestObject("Object Repository/IWP30/Page_CCPaymentEntry/UserDefined7"), 30)): null

2024-05-15 16:06:04 - [MESSAGE][PASSED] - Object 'Object Repository/IWP30/Page_CCPaymentEntry/UserDefined7' is present

2024-05-15 16:06:04 - [TEST_STEP][PASSED] - selectOptionByLabel(findTestObject("Object Repository/IWP30/Page_CCPaymentEntry/UserDefined7"), "Orange", false): All options with label 'Orange' are selected in object 'Object Repository/IWP30/Page_CCPaymentEntry/UserDefined7' 

2024-05-15 16:06:04 - [MESSAGE][PASSED] - All options with label 'Orange' are selected in object 'Object Repository/IWP30/Page_CCPaymentEntry/UserDefined7' 

2024-05-15 16:06:04 - [TEST_STEP][PASSED] - if (verifyElementPresent(findTestObject("Object Repository/IWP30/Page_CCPaymentEntry/UserDefined8"), 30)): null

2024-05-15 16:06:05 - [MESSAGE][PASSED] - Object 'Object Repository/IWP30/Page_CCPaymentEntry/UserDefined8' is present

2024-05-15 16:06:05 - [TEST_STEP][PASSED] - selectOptionByLabel(findTestObject("Object Repository/IWP30/Page_CCPaymentEntry/UserDefined8"), "Tennis", false): All options with label 'Tennis' are selected in object 'Object Repository/IWP30/Page_CCPaymentEntry/UserDefined8' 

2024-05-15 16:06:05 - [MESSAGE][PASSED] - All options with label 'Tennis' are selected in object 'Object Repository/IWP30/Page_CCPaymentEntry/UserDefined8' 

2024-05-15 16:06:05 - [TEST_STEP][PASSED] - if (verifyElementPresent(findTestObject("Object Repository/IWP30/Page_CCPaymentEntry/Name"), 30)): null

2024-05-15 16:06:05 - [MESSAGE][PASSED] - Object 'Object Repository/IWP30/Page_CCPaymentEntry/Name' is present

2024-05-15 16:06:05 - [TEST_STEP][PASSED] - setText(findTestObject("Object Repository/IWP30/Page_CCPaymentEntry/Name"), "Jonathan Lewis"): Text 'Jonathan Lewis' is set on object 'Object Repository/IWP30/Page_CCPaymentEntry/Name'

2024-05-15 16:06:06 - [MESSAGE][PASSED] - Text 'Jonathan Lewis' is set on object 'Object Repository/IWP30/Page_CCPaymentEntry/Name'

2024-05-15 16:06:06 - [TEST_STEP][PASSED] - if (verifyElementPresent(findTestObject("Object Repository/IWP30/Page_CCPaymentEntry/CardNumber"), 30)): null

2024-05-15 16:06:06 - [MESSAGE][PASSED] - Object 'Object Repository/IWP30/Page_CCPaymentEntry/CardNumber' is present

2024-05-15 16:06:06 - [TEST_STEP][PASSED] - setText(findTestObject("Object Repository/IWP30/Page_CCPaymentEntry/CardNumber"), "4111111111111111"): Text '4111111111111111' is set on object 'Object Repository/IWP30/Page_CCPaymentEntry/CardNumber'

2024-05-15 16:06:07 - [MESSAGE][PASSED] - Text '4111111111111111' is set on object 'Object Repository/IWP30/Page_CCPaymentEntry/CardNumber'

2024-05-15 16:06:07 - [TEST_STEP][PASSED] - if (verifyElementPresent(findTestObject("Object Repository/IWP30/Page_CCPaymentEntry/SPC"), 30)): null

2024-05-15 16:06:07 - [MESSAGE][PASSED] - Object 'Object Repository/IWP30/Page_CCPaymentEntry/SPC' is present

2024-05-15 16:06:07 - [TEST_STEP][PASSED] - setText(findTestObject("Object Repository/IWP30/Page_CCPaymentEntry/SPC"), "147"): Text '147' is set on object 'Object Repository/IWP30/Page_CCPaymentEntry/SPC'

2024-05-15 16:06:08 - [MESSAGE][PASSED] - Text '147' is set on object 'Object Repository/IWP30/Page_CCPaymentEntry/SPC'

2024-05-15 16:06:08 - [TEST_STEP][PASSED] - if (verifyElementPresent(findTestObject("Object Repository/IWP30/Page_CCPaymentEntry/Month"), 30)): null

2024-05-15 16:06:08 - [MESSAGE][PASSED] - Object 'Object Repository/IWP30/Page_CCPaymentEntry/Month' is present

2024-05-15 16:06:08 - [TEST_STEP][PASSED] - selectOptionByLabel(findTestObject("Object Repository/IWP30/Page_CCPaymentEntry/Month"), "07", false): All options with label '07' are selected in object 'Object Repository/IWP30/Page_CCPaymentEntry/Month' 

2024-05-15 16:06:09 - [MESSAGE][PASSED] - All options with label '07' are selected in object 'Object Repository/IWP30/Page_CCPaymentEntry/Month' 

2024-05-15 16:06:09 - [TEST_STEP][PASSED] - if (verifyElementPresent(findTestObject("Object Repository/IWP30/Page_CCPaymentEntry/Year"), 30)): null

2024-05-15 16:06:09 - [MESSAGE][PASSED] - Object 'Object Repository/IWP30/Page_CCPaymentEntry/Year' is present

2024-05-15 16:06:09 - [TEST_STEP][PASSED] - selectOptionByLabel(findTestObject("Object Repository/IWP30/Page_CCPaymentEntry/Year"), "2025", false): All options with label '2025' are selected in object 'Object Repository/IWP30/Page_CCPaymentEntry/Year' 

2024-05-15 16:06:10 - [MESSAGE][PASSED] - All options with label '2025' are selected in object 'Object Repository/IWP30/Page_CCPaymentEntry/Year' 

2024-05-15 16:06:10 - [TEST_STEP][PASSED] - if (verifyElementPresent(findTestObject("Object Repository/IWP30/Page_CCPaymentEntry/AL1"), 30)): null

2024-05-15 16:06:10 - [MESSAGE][PASSED] - Object 'Object Repository/IWP30/Page_CCPaymentEntry/AL1' is present

2024-05-15 16:06:10 - [TEST_STEP][PASSED] - setText(findTestObject("Object Repository/IWP30/Page_CCPaymentEntry/AL1"), "18 Manhattan road"): Text '18 Manhattan road' is set on object 'Object Repository/IWP30/Page_CCPaymentEntry/AL1'

2024-05-15 16:06:11 - [MESSAGE][PASSED] - Text '18 Manhattan road' is set on object 'Object Repository/IWP30/Page_CCPaymentEntry/AL1'

2024-05-15 16:06:11 - [TEST_STEP][PASSED] - if (verifyElementPresent(findTestObject("Object Repository/IWP30/Page_CCPaymentEntry/AL2"), 30)): null

2024-05-15 16:06:11 - [MESSAGE][PASSED] - Object 'Object Repository/IWP30/Page_CCPaymentEntry/AL2' is present

2024-05-15 16:06:11 - [TEST_STEP][PASSED] - setText(findTestObject("Object Repository/IWP30/Page_CCPaymentEntry/AL2"), "Room 1"): Text 'Room 1' is set on object 'Object Repository/IWP30/Page_CCPaymentEntry/AL2'

2024-05-15 16:06:12 - [MESSAGE][PASSED] - Text 'Room 1' is set on object 'Object Repository/IWP30/Page_CCPaymentEntry/AL2'

2024-05-15 16:06:12 - [TEST_STEP][PASSED] - if (verifyElementPresent(findTestObject("Object Repository/IWP30/Page_CCPaymentEntry/ZIP"), 30)): null

2024-05-15 16:06:12 - [MESSAGE][PASSED] - Object 'Object Repository/IWP30/Page_CCPaymentEntry/ZIP' is present

2024-05-15 16:06:12 - [TEST_STEP][PASSED] - setText(findTestObject("Object Repository/IWP30/Page_CCPaymentEntry/ZIP"), "22201"): Text '22201' is set on object 'Object Repository/IWP30/Page_CCPaymentEntry/ZIP'

2024-05-15 16:06:13 - [MESSAGE][PASSED] - Text '22201' is set on object 'Object Repository/IWP30/Page_CCPaymentEntry/ZIP'

2024-05-15 16:06:13 - [TEST_STEP][PASSED] - if (verifyElementPresent(findTestObject("Object Repository/IWP30/Page_CCPaymentEntry/EmailAddress"), 30)): null

2024-05-15 16:06:13 - [MESSAGE][PASSED] - Object 'Object Repository/IWP30/Page_CCPaymentEntry/EmailAddress' is present

2024-05-15 16:06:13 - [TEST_STEP][PASSED] - setText(findTestObject("Object Repository/IWP30/Page_CCPaymentEntry/EmailAddress"), "Myemail@email.com"): Text 'Myemail@email.com' is set on object 'Object Repository/IWP30/Page_CCPaymentEntry/EmailAddress'

2024-05-15 16:06:14 - [MESSAGE][PASSED] - Text 'Myemail@email.com' is set on object 'Object Repository/IWP30/Page_CCPaymentEntry/EmailAddress'

2024-05-15 16:06:14 - [TEST_STEP][PASSED] - if (verifyElementPresent(findTestObject("Object Repository/IWP30/Page_CCPaymentEntry/TermCondCheckBox"), 30)): null

2024-05-15 16:06:14 - [MESSAGE][PASSED] - Object 'Object Repository/IWP30/Page_CCPaymentEntry/TermCondCheckBox' is present

2024-05-15 16:06:14 - [TEST_STEP][PASSED] - check(findTestObject("Object Repository/IWP30/Page_CCPaymentEntry/TermCondCheckBox")): Object 'Object Repository/IWP30/Page_CCPaymentEntry/TermCondCheckBox' is checked

2024-05-15 16:06:14 - [MESSAGE][PASSED] - Object 'Object Repository/IWP30/Page_CCPaymentEntry/TermCondCheckBox' is checked

2024-05-15 16:06:14 - [TEST_STEP][PASSED] - if (verifyElementPresent(findTestObject("Object Repository/IWP30/Page_CCPaymentEntry/ContinueButton"), 30)): null

2024-05-15 16:06:15 - [MESSAGE][PASSED] - Object 'Object Repository/IWP30/Page_CCPaymentEntry/ContinueButton' is present

2024-05-15 16:06:15 - [TEST_STEP][PASSED] - click(findTestObject("Object Repository/IWP30/Page_CCPaymentEntry/ContinueButton")): Object: 'Object Repository/IWP30/Page_CCPaymentEntry/ContinueButton' is clicked on

2024-05-15 16:06:17 - [MESSAGE][PASSED] - Object: 'Object Repository/IWP30/Page_CCPaymentEntry/ContinueButton' is clicked on

2024-05-15 16:06:17 - [TEST_STEP][PASSED] - verifyTextPresent("Amount is less than minimum", false): Text 'Amount is less than minimum' is present on page 

2024-05-15 16:06:17 - [MESSAGE][PASSED] - Text 'Amount is less than minimum' is present on page 

2024-05-15 16:06:17 - [TEST_STEP][PASSED] - closeBrowser(): Browser is closed

2024-05-15 16:06:18 - [MESSAGE][PASSED] - Browser is closed]]></system-out>
         <system-err><![CDATA[]]></system-err>
      </testcase>
      <testcase name="Test Cases/IntegratedWeb/IWP30/Errors/AmountMoreThanMaxCC" time="56.986" classname="Test Cases/IntegratedWeb/IWP30/Errors/AmountMoreThanMaxCC" status="PASSED">
         <system-out><![CDATA[2024-05-15 16:06:18 - [TEST_CASE][PASSED] - Test Cases/IntegratedWeb/IWP30/Errors/AmountMoreThanMaxCC: Test Cases/IntegratedWeb/IWP30/Errors/AmountMoreThanMaxCC

2024-05-15 16:06:19 - [TEST_STEP][PASSED] - openBrowser(urlEmulator): Browser is opened with url: 'https://qa2.velocitypayment.com/agency/config.do?action=editor'

2024-05-15 16:06:19 - [MESSAGE][INFO] - Starting 'Chrome' driver

2024-05-15 16:06:19 - [MESSAGE][INFO] - User set preference: ['acceptInsecureCerts', 'true']

2024-05-15 16:06:19 - [MESSAGE][INFO] - Action delay is set to 0 milliseconds

2024-05-15 16:06:21 - [MESSAGE][PASSED] - Browser is opened with url: 'https://qa2.velocitypayment.com/agency/config.do?action=editor'

2024-05-15 16:06:21 - [TEST_STEP][PASSED] - maximizeWindow(): Current window maximized

2024-05-15 16:06:21 - [MESSAGE][PASSED] - Current window maximized

2024-05-15 16:06:21 - [TEST_STEP][PASSED] - iwpPages.emulatorIWP30.setDataEmulatorStandard(): iwpPages.emulatorIWP30.setDataEmulatorStandard is PASSED

2024-05-15 16:06:22 - [MESSAGE][PASSED] - Object 'Object Repository/IWP30/Page_VRelay30Emulator/Amount' is present

2024-05-15 16:06:23 - [MESSAGE][PASSED] - All options with value '3.0' are selected in object 'Object Repository/IWP30/Page_VRelay30Emulator/MV'  using regular expression

2024-05-15 16:06:23 - [MESSAGE][PASSED] - Text '10.50' is set on object 'Object Repository/IWP30/Page_VRelay30Emulator/Amount'

2024-05-15 16:06:24 - [MESSAGE][PASSED] - Text '54654701' is set on object 'Object Repository/IWP30/Page_VRelay30Emulator/CAN'

2024-05-15 16:06:25 - [MESSAGE][PASSED] - Text 'PayNow' is set on object 'Object Repository/IWP30/Page_VRelay30Emulator/Action'

2024-05-15 16:06:25 - [MESSAGE][PASSED] - Text 'en_US' is set on object 'Object Repository/IWP30/Page_VRelay30Emulator/Lang'

2024-05-15 16:06:26 - [MESSAGE][PASSED] - Text '' is set on object 'Object Repository/IWP30/Page_VRelay30Emulator/Fname'

2024-05-15 16:06:27 - [MESSAGE][PASSED] - Text '' is set on object 'Object Repository/IWP30/Page_VRelay30Emulator/Lname'

2024-05-15 16:06:27 - [MESSAGE][PASSED] - Text '' is set on object 'Object Repository/IWP30/Page_VRelay30Emulator/AL1'

2024-05-15 16:06:28 - [MESSAGE][PASSED] - Text '' is set on object 'Object Repository/IWP30/Page_VRelay30Emulator/AL2'

2024-05-15 16:06:28 - [MESSAGE][PASSED] - Text '' is set on object 'Object Repository/IWP30/Page_VRelay30Emulator/Country'

2024-05-15 16:06:29 - [MESSAGE][PASSED] - Text '' is set on object 'Object Repository/IWP30/Page_VRelay30Emulator/City'

2024-05-15 16:06:30 - [MESSAGE][PASSED] - Text '' is set on object 'Object Repository/IWP30/Page_VRelay30Emulator/State'

2024-05-15 16:06:30 - [MESSAGE][PASSED] - Text '' is set on object 'Object Repository/IWP30/Page_VRelay30Emulator/ZIP'

2024-05-15 16:06:31 - [MESSAGE][PASSED] - Text '' is set on object 'Object Repository/IWP30/Page_VRelay30Emulator/Order'

2024-05-15 16:06:32 - [MESSAGE][PASSED] - Text '' is set on object 'Object Repository/IWP30/Page_VRelay30Emulator/Company'

2024-05-15 16:06:32 - [MESSAGE][PASSED] - Text '' is set on object 'Object Repository/IWP30/Page_VRelay30Emulator/Email'

2024-05-15 16:06:33 - [MESSAGE][PASSED] - Text '' is set on object 'Object Repository/IWP30/Page_VRelay30Emulator/UDF1'

2024-05-15 16:06:33 - [MESSAGE][PASSED] - Text '' is set on object 'Object Repository/IWP30/Page_VRelay30Emulator/UDF2'

2024-05-15 16:06:34 - [MESSAGE][PASSED] - Text 'data 3' is set on object 'Object Repository/IWP30/Page_VRelay30Emulator/UDF3'

2024-05-15 16:06:35 - [MESSAGE][PASSED] - Text 'data 4' is set on object 'Object Repository/IWP30/Page_VRelay30Emulator/UDF4'

2024-05-15 16:06:35 - [MESSAGE][PASSED] - Text 'data 5' is set on object 'Object Repository/IWP30/Page_VRelay30Emulator/UDF5'

2024-05-15 16:06:36 - [MESSAGE][PASSED] - Text 'data 6' is set on object 'Object Repository/IWP30/Page_VRelay30Emulator/UDF6'

2024-05-15 16:06:37 - [MESSAGE][PASSED] - Text 'Orange' is set on object 'Object Repository/IWP30/Page_VRelay30Emulator/UDF7'

2024-05-15 16:06:37 - [MESSAGE][PASSED] - Text 'Soccer' is set on object 'Object Repository/IWP30/Page_VRelay30Emulator/UDF8'

2024-05-15 16:06:38 - [MESSAGE][PASSED] - Text 'data 9' is set on object 'Object Repository/IWP30/Page_VRelay30Emulator/UDF9'

2024-05-15 16:06:38 - [MESSAGE][PASSED] - Text 'data 10' is set on object 'Object Repository/IWP30/Page_VRelay30Emulator/UDF10'

2024-05-15 16:06:41 - [MESSAGE][PASSED] - Object: 'Object Repository/IWP30/Page_VRelay30Emulator/Submit' is clicked on

2024-05-15 16:06:47 - [MESSAGE][PASSED] - Browser is closed

2024-05-15 16:06:47 - [MESSAGE][PASSED] - iwpPages.emulatorIWP30.setDataEmulatorStandard is PASSED

2024-05-15 16:06:47 - [TEST_STEP][PASSED] - openBrowser(urlTestHarness): Browser is opened with url: 'https://dev-algorithm.govolution.com/vrelaytest/QA2/version_2_2/vrelaytest.html'

2024-05-15 16:06:47 - [MESSAGE][INFO] - Starting 'Chrome' driver

2024-05-15 16:06:47 - [MESSAGE][INFO] - User set preference: ['acceptInsecureCerts', 'true']

2024-05-15 16:06:47 - [MESSAGE][INFO] - Action delay is set to 0 milliseconds

2024-05-15 16:06:50 - [MESSAGE][PASSED] - Browser is opened with url: 'https://dev-algorithm.govolution.com/vrelaytest/QA2/version_2_2/vrelaytest.html'

2024-05-15 16:06:50 - [TEST_STEP][PASSED] - maximizeWindow(): Current window maximized

2024-05-15 16:06:50 - [MESSAGE][PASSED] - Current window maximized

2024-05-15 16:06:50 - [TEST_STEP][PASSED] - genRemIDVoid = RandomStringUtils.random(12, true, true): null

2024-05-15 16:06:50 - [TEST_STEP][PASSED] - if (verifyElementPresent(findTestObject("Object Repository/IWP30/Page_QATestHarness/RemittanceID"), 30)): null

2024-05-15 16:06:51 - [MESSAGE][PASSED] - Object 'Object Repository/IWP30/Page_QATestHarness/RemittanceID' is present

2024-05-15 16:06:51 - [TEST_STEP][PASSED] - println("We are on Test Harness page, start populating"): null

2024-05-15 16:06:51 - [TEST_STEP][PASSED] - setText(findTestObject("Object Repository/IWP30/Page_QATestHarness/ApplicationID"), "649"): Text '649' is set on object 'Object Repository/IWP30/Page_QATestHarness/ApplicationID'

2024-05-15 16:06:51 - [MESSAGE][PASSED] - Text '649' is set on object 'Object Repository/IWP30/Page_QATestHarness/ApplicationID'

2024-05-15 16:06:51 - [TEST_STEP][PASSED] - setText(findTestObject("Object Repository/IWP30/Page_QATestHarness/MessageVersion"), "3.0"): Text '3.0' is set on object 'Object Repository/IWP30/Page_QATestHarness/MessageVersion'

2024-05-15 16:06:52 - [MESSAGE][PASSED] - Text '3.0' is set on object 'Object Repository/IWP30/Page_QATestHarness/MessageVersion'

2024-05-15 16:06:52 - [TEST_STEP][PASSED] - setText(findTestObject("Object Repository/IWP30/Page_QATestHarness/RemittanceID"), genRemIDVoid): Text '39HJnSqXv3e8' is set on object 'Object Repository/IWP30/Page_QATestHarness/RemittanceID'

2024-05-15 16:06:53 - [MESSAGE][PASSED] - Text '39HJnSqXv3e8' is set on object 'Object Repository/IWP30/Page_QATestHarness/RemittanceID'

2024-05-15 16:06:53 - [TEST_STEP][PASSED] - click(findTestObject("Object Repository/IWP30/Page_QATestHarness/SubmitButton")): Object: 'Object Repository/IWP30/Page_QATestHarness/SubmitButton' is clicked on

2024-05-15 16:06:54 - [MESSAGE][PASSED] - Object: 'Object Repository/IWP30/Page_QATestHarness/SubmitButton' is clicked on

2024-05-15 16:06:54 - [TEST_STEP][PASSED] - if (verifyElementPresent(findTestObject("Object Repository/IWP30/Page_SelectPaymentMethod/PayByCreditCard"), 30)): null

2024-05-15 16:06:54 - [MESSAGE][PASSED] - Object 'Object Repository/IWP30/Page_SelectPaymentMethod/PayByCreditCard' is present

2024-05-15 16:06:54 - [TEST_STEP][PASSED] - println("We are on Select Payment Method page, start populating"): null

2024-05-15 16:06:54 - [TEST_STEP][PASSED] - check(findTestObject("Object Repository/IWP30/Page_SelectPaymentMethod/PayByCreditCard")): Object 'Object Repository/IWP30/Page_SelectPaymentMethod/PayByCreditCard' is checked

2024-05-15 16:06:55 - [MESSAGE][PASSED] - Object 'Object Repository/IWP30/Page_SelectPaymentMethod/PayByCreditCard' is checked

2024-05-15 16:06:55 - [TEST_STEP][PASSED] - Thread.sleep(1000): null

2024-05-15 16:06:56 - [TEST_STEP][PASSED] - click(findTestObject("Object Repository/IWP30/Page_SelectPaymentMethod/MakePaymentButton")): Object: 'Object Repository/IWP30/Page_SelectPaymentMethod/MakePaymentButton' is clicked on

2024-05-15 16:06:57 - [MESSAGE][PASSED] - Object: 'Object Repository/IWP30/Page_SelectPaymentMethod/MakePaymentButton' is clicked on

2024-05-15 16:06:57 - [TEST_STEP][PASSED] - if (verifyElementPresent(findTestObject("Object Repository/IWP30/Page_CCPaymentEntry/Name"), 30)): null

2024-05-15 16:06:58 - [MESSAGE][PASSED] - Object 'Object Repository/IWP30/Page_CCPaymentEntry/Name' is present

2024-05-15 16:06:58 - [TEST_STEP][PASSED] - println("We are on Credit Card Payment Entry page, start populating"): null

2024-05-15 16:06:58 - [TEST_STEP][PASSED] - if (verifyElementPresent(findTestObject("Object Repository/IWP30/Page_CCPaymentEntry/Amount"), 30)): null

2024-05-15 16:06:58 - [MESSAGE][PASSED] - Object 'Object Repository/IWP30/Page_CCPaymentEntry/Amount' is present

2024-05-15 16:06:58 - [TEST_STEP][PASSED] - setText(findTestObject("Object Repository/IWP30/Page_CCPaymentEntry/Amount"), "2000.50"): Text '2000.50' is set on object 'Object Repository/IWP30/Page_CCPaymentEntry/Amount'

2024-05-15 16:06:59 - [MESSAGE][PASSED] - Text '2000.50' is set on object 'Object Repository/IWP30/Page_CCPaymentEntry/Amount'

2024-05-15 16:06:59 - [TEST_STEP][PASSED] - if (verifyElementPresent(findTestObject("Object Repository/IWP30/Page_CCPaymentEntry/UserDefined2"), 30)): null

2024-05-15 16:06:59 - [MESSAGE][PASSED] - Object 'Object Repository/IWP30/Page_CCPaymentEntry/UserDefined2' is present

2024-05-15 16:06:59 - [TEST_STEP][PASSED] - setText(findTestObject("Object Repository/IWP30/Page_CCPaymentEntry/UserDefined2"), ""): Text '' is set on object 'Object Repository/IWP30/Page_CCPaymentEntry/UserDefined2'

2024-05-15 16:06:59 - [MESSAGE][PASSED] - Text '' is set on object 'Object Repository/IWP30/Page_CCPaymentEntry/UserDefined2'

2024-05-15 16:06:59 - [TEST_STEP][PASSED] - if (verifyElementPresent(findTestObject("Object Repository/IWP30/Page_CCPaymentEntry/UserDefined3"), 30)): null

2024-05-15 16:07:00 - [MESSAGE][PASSED] - Object 'Object Repository/IWP30/Page_CCPaymentEntry/UserDefined3' is present

2024-05-15 16:07:00 - [TEST_STEP][PASSED] - setText(findTestObject("Object Repository/IWP30/Page_CCPaymentEntry/UserDefined3"), "data 3"): Text 'data 3' is set on object 'Object Repository/IWP30/Page_CCPaymentEntry/UserDefined3'

2024-05-15 16:07:01 - [MESSAGE][PASSED] - Text 'data 3' is set on object 'Object Repository/IWP30/Page_CCPaymentEntry/UserDefined3'

2024-05-15 16:07:01 - [TEST_STEP][PASSED] - if (verifyElementPresent(findTestObject("Object Repository/IWP30/Page_CCPaymentEntry/UserDefined7"), 30)): null

2024-05-15 16:07:01 - [MESSAGE][PASSED] - Object 'Object Repository/IWP30/Page_CCPaymentEntry/UserDefined7' is present

2024-05-15 16:07:01 - [TEST_STEP][PASSED] - selectOptionByLabel(findTestObject("Object Repository/IWP30/Page_CCPaymentEntry/UserDefined7"), "Orange", false): All options with label 'Orange' are selected in object 'Object Repository/IWP30/Page_CCPaymentEntry/UserDefined7' 

2024-05-15 16:07:01 - [MESSAGE][PASSED] - All options with label 'Orange' are selected in object 'Object Repository/IWP30/Page_CCPaymentEntry/UserDefined7' 

2024-05-15 16:07:01 - [TEST_STEP][PASSED] - if (verifyElementPresent(findTestObject("Object Repository/IWP30/Page_CCPaymentEntry/UserDefined8"), 30)): null

2024-05-15 16:07:02 - [MESSAGE][PASSED] - Object 'Object Repository/IWP30/Page_CCPaymentEntry/UserDefined8' is present

2024-05-15 16:07:02 - [TEST_STEP][PASSED] - selectOptionByLabel(findTestObject("Object Repository/IWP30/Page_CCPaymentEntry/UserDefined8"), "Tennis", false): All options with label 'Tennis' are selected in object 'Object Repository/IWP30/Page_CCPaymentEntry/UserDefined8' 

2024-05-15 16:07:02 - [MESSAGE][PASSED] - All options with label 'Tennis' are selected in object 'Object Repository/IWP30/Page_CCPaymentEntry/UserDefined8' 

2024-05-15 16:07:02 - [TEST_STEP][PASSED] - if (verifyElementPresent(findTestObject("Object Repository/IWP30/Page_CCPaymentEntry/Name"), 30)): null

2024-05-15 16:07:03 - [MESSAGE][PASSED] - Object 'Object Repository/IWP30/Page_CCPaymentEntry/Name' is present

2024-05-15 16:07:03 - [TEST_STEP][PASSED] - setText(findTestObject("Object Repository/IWP30/Page_CCPaymentEntry/Name"), "Jonathan Lewis"): Text 'Jonathan Lewis' is set on object 'Object Repository/IWP30/Page_CCPaymentEntry/Name'

2024-05-15 16:07:03 - [MESSAGE][PASSED] - Text 'Jonathan Lewis' is set on object 'Object Repository/IWP30/Page_CCPaymentEntry/Name'

2024-05-15 16:07:03 - [TEST_STEP][PASSED] - if (verifyElementPresent(findTestObject("Object Repository/IWP30/Page_CCPaymentEntry/CardNumber"), 30)): null

2024-05-15 16:07:04 - [MESSAGE][PASSED] - Object 'Object Repository/IWP30/Page_CCPaymentEntry/CardNumber' is present

2024-05-15 16:07:04 - [TEST_STEP][PASSED] - setText(findTestObject("Object Repository/IWP30/Page_CCPaymentEntry/CardNumber"), "4111111111111111"): Text '4111111111111111' is set on object 'Object Repository/IWP30/Page_CCPaymentEntry/CardNumber'

2024-05-15 16:07:04 - [MESSAGE][PASSED] - Text '4111111111111111' is set on object 'Object Repository/IWP30/Page_CCPaymentEntry/CardNumber'

2024-05-15 16:07:04 - [TEST_STEP][PASSED] - if (verifyElementPresent(findTestObject("Object Repository/IWP30/Page_CCPaymentEntry/SPC"), 30)): null

2024-05-15 16:07:05 - [MESSAGE][PASSED] - Object 'Object Repository/IWP30/Page_CCPaymentEntry/SPC' is present

2024-05-15 16:07:05 - [TEST_STEP][PASSED] - setText(findTestObject("Object Repository/IWP30/Page_CCPaymentEntry/SPC"), "147"): Text '147' is set on object 'Object Repository/IWP30/Page_CCPaymentEntry/SPC'

2024-05-15 16:07:05 - [MESSAGE][PASSED] - Text '147' is set on object 'Object Repository/IWP30/Page_CCPaymentEntry/SPC'

2024-05-15 16:07:05 - [TEST_STEP][PASSED] - if (verifyElementPresent(findTestObject("Object Repository/IWP30/Page_CCPaymentEntry/Month"), 30)): null

2024-05-15 16:07:06 - [MESSAGE][PASSED] - Object 'Object Repository/IWP30/Page_CCPaymentEntry/Month' is present

2024-05-15 16:07:06 - [TEST_STEP][PASSED] - selectOptionByLabel(findTestObject("Object Repository/IWP30/Page_CCPaymentEntry/Month"), "07", false): All options with label '07' are selected in object 'Object Repository/IWP30/Page_CCPaymentEntry/Month' 

2024-05-15 16:07:06 - [MESSAGE][PASSED] - All options with label '07' are selected in object 'Object Repository/IWP30/Page_CCPaymentEntry/Month' 

2024-05-15 16:07:06 - [TEST_STEP][PASSED] - if (verifyElementPresent(findTestObject("Object Repository/IWP30/Page_CCPaymentEntry/Year"), 30)): null

2024-05-15 16:07:07 - [MESSAGE][PASSED] - Object 'Object Repository/IWP30/Page_CCPaymentEntry/Year' is present

2024-05-15 16:07:07 - [TEST_STEP][PASSED] - selectOptionByLabel(findTestObject("Object Repository/IWP30/Page_CCPaymentEntry/Year"), "2025", false): All options with label '2025' are selected in object 'Object Repository/IWP30/Page_CCPaymentEntry/Year' 

2024-05-15 16:07:07 - [MESSAGE][PASSED] - All options with label '2025' are selected in object 'Object Repository/IWP30/Page_CCPaymentEntry/Year' 

2024-05-15 16:07:07 - [TEST_STEP][PASSED] - if (verifyElementPresent(findTestObject("Object Repository/IWP30/Page_CCPaymentEntry/AL1"), 30)): null

2024-05-15 16:07:07 - [MESSAGE][PASSED] - Object 'Object Repository/IWP30/Page_CCPaymentEntry/AL1' is present

2024-05-15 16:07:07 - [TEST_STEP][PASSED] - setText(findTestObject("Object Repository/IWP30/Page_CCPaymentEntry/AL1"), "18 Manhattan road"): Text '18 Manhattan road' is set on object 'Object Repository/IWP30/Page_CCPaymentEntry/AL1'

2024-05-15 16:07:08 - [MESSAGE][PASSED] - Text '18 Manhattan road' is set on object 'Object Repository/IWP30/Page_CCPaymentEntry/AL1'

2024-05-15 16:07:08 - [TEST_STEP][PASSED] - if (verifyElementPresent(findTestObject("Object Repository/IWP30/Page_CCPaymentEntry/AL2"), 30)): null

2024-05-15 16:07:08 - [MESSAGE][PASSED] - Object 'Object Repository/IWP30/Page_CCPaymentEntry/AL2' is present

2024-05-15 16:07:08 - [TEST_STEP][PASSED] - setText(findTestObject("Object Repository/IWP30/Page_CCPaymentEntry/AL2"), "Room 1"): Text 'Room 1' is set on object 'Object Repository/IWP30/Page_CCPaymentEntry/AL2'

2024-05-15 16:07:09 - [MESSAGE][PASSED] - Text 'Room 1' is set on object 'Object Repository/IWP30/Page_CCPaymentEntry/AL2'

2024-05-15 16:07:09 - [TEST_STEP][PASSED] - if (verifyElementPresent(findTestObject("Object Repository/IWP30/Page_CCPaymentEntry/ZIP"), 30)): null

2024-05-15 16:07:09 - [MESSAGE][PASSED] - Object 'Object Repository/IWP30/Page_CCPaymentEntry/ZIP' is present

2024-05-15 16:07:09 - [TEST_STEP][PASSED] - setText(findTestObject("Object Repository/IWP30/Page_CCPaymentEntry/ZIP"), "22201"): Text '22201' is set on object 'Object Repository/IWP30/Page_CCPaymentEntry/ZIP'

2024-05-15 16:07:10 - [MESSAGE][PASSED] - Text '22201' is set on object 'Object Repository/IWP30/Page_CCPaymentEntry/ZIP'

2024-05-15 16:07:10 - [TEST_STEP][PASSED] - if (verifyElementPresent(findTestObject("Object Repository/IWP30/Page_CCPaymentEntry/EmailAddress"), 30)): null

2024-05-15 16:07:10 - [MESSAGE][PASSED] - Object 'Object Repository/IWP30/Page_CCPaymentEntry/EmailAddress' is present

2024-05-15 16:07:10 - [TEST_STEP][PASSED] - setText(findTestObject("Object Repository/IWP30/Page_CCPaymentEntry/EmailAddress"), "Myemail@email.com"): Text 'Myemail@email.com' is set on object 'Object Repository/IWP30/Page_CCPaymentEntry/EmailAddress'

2024-05-15 16:07:11 - [MESSAGE][PASSED] - Text 'Myemail@email.com' is set on object 'Object Repository/IWP30/Page_CCPaymentEntry/EmailAddress'

2024-05-15 16:07:11 - [TEST_STEP][PASSED] - if (verifyElementPresent(findTestObject("Object Repository/IWP30/Page_CCPaymentEntry/TermCondCheckBox"), 30)): null

2024-05-15 16:07:11 - [MESSAGE][PASSED] - Object 'Object Repository/IWP30/Page_CCPaymentEntry/TermCondCheckBox' is present

2024-05-15 16:07:11 - [TEST_STEP][PASSED] - check(findTestObject("Object Repository/IWP30/Page_CCPaymentEntry/TermCondCheckBox")): Object 'Object Repository/IWP30/Page_CCPaymentEntry/TermCondCheckBox' is checked

2024-05-15 16:07:12 - [MESSAGE][PASSED] - Object 'Object Repository/IWP30/Page_CCPaymentEntry/TermCondCheckBox' is checked

2024-05-15 16:07:12 - [TEST_STEP][PASSED] - if (verifyElementPresent(findTestObject("Object Repository/IWP30/Page_CCPaymentEntry/ContinueButton"), 30)): null

2024-05-15 16:07:12 - [MESSAGE][PASSED] - Object 'Object Repository/IWP30/Page_CCPaymentEntry/ContinueButton' is present

2024-05-15 16:07:12 - [TEST_STEP][PASSED] - click(findTestObject("Object Repository/IWP30/Page_CCPaymentEntry/ContinueButton")): Object: 'Object Repository/IWP30/Page_CCPaymentEntry/ContinueButton' is clicked on

2024-05-15 16:07:13 - [MESSAGE][PASSED] - Object: 'Object Repository/IWP30/Page_CCPaymentEntry/ContinueButton' is clicked on

2024-05-15 16:07:13 - [TEST_STEP][PASSED] - verifyTextPresent("Amount is greater than maximum", false): Text 'Amount is greater than maximum' is present on page 

2024-05-15 16:07:14 - [MESSAGE][PASSED] - Text 'Amount is greater than maximum' is present on page 

2024-05-15 16:07:14 - [TEST_STEP][PASSED] - closeBrowser(): Browser is closed

2024-05-15 16:07:15 - [MESSAGE][PASSED] - Browser is closed]]></system-out>
         <system-err><![CDATA[]]></system-err>
      </testcase>
      <testcase name="Test Cases/IntegratedWeb/IWP30/Errors/MissingReqFieldsCC" time="48.313" classname="Test Cases/IntegratedWeb/IWP30/Errors/MissingReqFieldsCC" status="PASSED">
         <system-out><![CDATA[2024-05-15 16:07:15 - [TEST_CASE][PASSED] - Test Cases/IntegratedWeb/IWP30/Errors/MissingReqFieldsCC: Test Cases/IntegratedWeb/IWP30/Errors/MissingReqFieldsCC

2024-05-15 16:07:16 - [TEST_STEP][PASSED] - openBrowser(urlEmulator): Browser is opened with url: 'https://qa2.velocitypayment.com/agency/config.do?action=editor'

2024-05-15 16:07:16 - [MESSAGE][INFO] - Starting 'Chrome' driver

2024-05-15 16:07:16 - [MESSAGE][INFO] - User set preference: ['acceptInsecureCerts', 'true']

2024-05-15 16:07:16 - [MESSAGE][INFO] - Action delay is set to 0 milliseconds

2024-05-15 16:07:19 - [MESSAGE][PASSED] - Browser is opened with url: 'https://qa2.velocitypayment.com/agency/config.do?action=editor'

2024-05-15 16:07:19 - [TEST_STEP][PASSED] - maximizeWindow(): Current window maximized

2024-05-15 16:07:19 - [MESSAGE][PASSED] - Current window maximized

2024-05-15 16:07:19 - [TEST_STEP][PASSED] - selectOptionByValue(findTestObject("IWP30/Page_VRelay30Emulator/MV"), "3.0", true): All options with value '3.0' are selected in object 'Object Repository/IWP30/Page_VRelay30Emulator/MV'  using regular expression

2024-05-15 16:07:20 - [MESSAGE][PASSED] - All options with value '3.0' are selected in object 'Object Repository/IWP30/Page_VRelay30Emulator/MV'  using regular expression

2024-05-15 16:07:20 - [TEST_STEP][PASSED] - setText(findTestObject("IWP30/Page_VRelay30Emulator/Amount"), "10.50"): Text '10.50' is set on object 'Object Repository/IWP30/Page_VRelay30Emulator/Amount'

2024-05-15 16:07:21 - [MESSAGE][PASSED] - Text '10.50' is set on object 'Object Repository/IWP30/Page_VRelay30Emulator/Amount'

2024-05-15 16:07:21 - [TEST_STEP][PASSED] - setText(findTestObject("IWP30/Page_VRelay30Emulator/CAN"), "5465460"): Text '5465460' is set on object 'Object Repository/IWP30/Page_VRelay30Emulator/CAN'

2024-05-15 16:07:21 - [MESSAGE][PASSED] - Text '5465460' is set on object 'Object Repository/IWP30/Page_VRelay30Emulator/CAN'

2024-05-15 16:07:21 - [TEST_STEP][PASSED] - setText(findTestObject("IWP30/Page_VRelay30Emulator/Action"), "PayNow"): Text 'PayNow' is set on object 'Object Repository/IWP30/Page_VRelay30Emulator/Action'

2024-05-15 16:07:22 - [MESSAGE][PASSED] - Text 'PayNow' is set on object 'Object Repository/IWP30/Page_VRelay30Emulator/Action'

2024-05-15 16:07:22 - [TEST_STEP][PASSED] - setText(findTestObject("IWP30/Page_VRelay30Emulator/Lang"), ""): Text '' is set on object 'Object Repository/IWP30/Page_VRelay30Emulator/Lang'

2024-05-15 16:07:23 - [MESSAGE][PASSED] - Text '' is set on object 'Object Repository/IWP30/Page_VRelay30Emulator/Lang'

2024-05-15 16:07:23 - [TEST_STEP][PASSED] - setText(findTestObject("IWP30/Page_VRelay30Emulator/Fname"), ""): Text '' is set on object 'Object Repository/IWP30/Page_VRelay30Emulator/Fname'

2024-05-15 16:07:23 - [MESSAGE][PASSED] - Text '' is set on object 'Object Repository/IWP30/Page_VRelay30Emulator/Fname'

2024-05-15 16:07:23 - [TEST_STEP][PASSED] - setText(findTestObject("IWP30/Page_VRelay30Emulator/Lname"), ""): Text '' is set on object 'Object Repository/IWP30/Page_VRelay30Emulator/Lname'

2024-05-15 16:07:24 - [MESSAGE][PASSED] - Text '' is set on object 'Object Repository/IWP30/Page_VRelay30Emulator/Lname'

2024-05-15 16:07:24 - [TEST_STEP][PASSED] - setText(findTestObject("IWP30/Page_VRelay30Emulator/AL1"), ""): Text '' is set on object 'Object Repository/IWP30/Page_VRelay30Emulator/AL1'

2024-05-15 16:07:25 - [MESSAGE][PASSED] - Text '' is set on object 'Object Repository/IWP30/Page_VRelay30Emulator/AL1'

2024-05-15 16:07:25 - [TEST_STEP][PASSED] - setText(findTestObject("IWP30/Page_VRelay30Emulator/AL2"), ""): Text '' is set on object 'Object Repository/IWP30/Page_VRelay30Emulator/AL2'

2024-05-15 16:07:25 - [MESSAGE][PASSED] - Text '' is set on object 'Object Repository/IWP30/Page_VRelay30Emulator/AL2'

2024-05-15 16:07:25 - [TEST_STEP][PASSED] - setText(findTestObject("IWP30/Page_VRelay30Emulator/Country"), ""): Text '' is set on object 'Object Repository/IWP30/Page_VRelay30Emulator/Country'

2024-05-15 16:07:26 - [MESSAGE][PASSED] - Text '' is set on object 'Object Repository/IWP30/Page_VRelay30Emulator/Country'

2024-05-15 16:07:26 - [TEST_STEP][PASSED] - setText(findTestObject("IWP30/Page_VRelay30Emulator/City"), ""): Text '' is set on object 'Object Repository/IWP30/Page_VRelay30Emulator/City'

2024-05-15 16:07:26 - [MESSAGE][PASSED] - Text '' is set on object 'Object Repository/IWP30/Page_VRelay30Emulator/City'

2024-05-15 16:07:26 - [TEST_STEP][PASSED] - setText(findTestObject("IWP30/Page_VRelay30Emulator/State"), ""): Text '' is set on object 'Object Repository/IWP30/Page_VRelay30Emulator/State'

2024-05-15 16:07:27 - [MESSAGE][PASSED] - Text '' is set on object 'Object Repository/IWP30/Page_VRelay30Emulator/State'

2024-05-15 16:07:27 - [TEST_STEP][PASSED] - setText(findTestObject("IWP30/Page_VRelay30Emulator/ZIP"), ""): Text '' is set on object 'Object Repository/IWP30/Page_VRelay30Emulator/ZIP'

2024-05-15 16:07:28 - [MESSAGE][PASSED] - Text '' is set on object 'Object Repository/IWP30/Page_VRelay30Emulator/ZIP'

2024-05-15 16:07:28 - [TEST_STEP][PASSED] - setText(findTestObject("IWP30/Page_VRelay30Emulator/Order"), ""): Text '' is set on object 'Object Repository/IWP30/Page_VRelay30Emulator/Order'

2024-05-15 16:07:28 - [MESSAGE][PASSED] - Text '' is set on object 'Object Repository/IWP30/Page_VRelay30Emulator/Order'

2024-05-15 16:07:28 - [TEST_STEP][PASSED] - setText(findTestObject("IWP30/Page_VRelay30Emulator/Company"), ""): Text '' is set on object 'Object Repository/IWP30/Page_VRelay30Emulator/Company'

2024-05-15 16:07:29 - [MESSAGE][PASSED] - Text '' is set on object 'Object Repository/IWP30/Page_VRelay30Emulator/Company'

2024-05-15 16:07:29 - [TEST_STEP][PASSED] - setText(findTestObject("IWP30/Page_VRelay30Emulator/Email"), ""): Text '' is set on object 'Object Repository/IWP30/Page_VRelay30Emulator/Email'

2024-05-15 16:07:30 - [MESSAGE][PASSED] - Text '' is set on object 'Object Repository/IWP30/Page_VRelay30Emulator/Email'

2024-05-15 16:07:30 - [TEST_STEP][PASSED] - setText(findTestObject("IWP30/Page_VRelay30Emulator/UDF1"), ""): Text '' is set on object 'Object Repository/IWP30/Page_VRelay30Emulator/UDF1'

2024-05-15 16:07:30 - [MESSAGE][PASSED] - Text '' is set on object 'Object Repository/IWP30/Page_VRelay30Emulator/UDF1'

2024-05-15 16:07:30 - [TEST_STEP][PASSED] - setText(findTestObject("IWP30/Page_VRelay30Emulator/UDF2"), ""): Text '' is set on object 'Object Repository/IWP30/Page_VRelay30Emulator/UDF2'

2024-05-15 16:07:31 - [MESSAGE][PASSED] - Text '' is set on object 'Object Repository/IWP30/Page_VRelay30Emulator/UDF2'

2024-05-15 16:07:31 - [TEST_STEP][PASSED] - setText(findTestObject("IWP30/Page_VRelay30Emulator/UDF3"), ""): Text '' is set on object 'Object Repository/IWP30/Page_VRelay30Emulator/UDF3'

2024-05-15 16:07:32 - [MESSAGE][PASSED] - Text '' is set on object 'Object Repository/IWP30/Page_VRelay30Emulator/UDF3'

2024-05-15 16:07:32 - [TEST_STEP][PASSED] - setText(findTestObject("IWP30/Page_VRelay30Emulator/UDF4"), "data 4"): Text 'data 4' is set on object 'Object Repository/IWP30/Page_VRelay30Emulator/UDF4'

2024-05-15 16:07:32 - [MESSAGE][PASSED] - Text 'data 4' is set on object 'Object Repository/IWP30/Page_VRelay30Emulator/UDF4'

2024-05-15 16:07:32 - [TEST_STEP][PASSED] - setText(findTestObject("IWP30/Page_VRelay30Emulator/UDF5"), "data 5"): Text 'data 5' is set on object 'Object Repository/IWP30/Page_VRelay30Emulator/UDF5'

2024-05-15 16:07:33 - [MESSAGE][PASSED] - Text 'data 5' is set on object 'Object Repository/IWP30/Page_VRelay30Emulator/UDF5'

2024-05-15 16:07:33 - [TEST_STEP][PASSED] - setText(findTestObject("IWP30/Page_VRelay30Emulator/UDF6"), ""): Text '' is set on object 'Object Repository/IWP30/Page_VRelay30Emulator/UDF6'

2024-05-15 16:07:33 - [MESSAGE][PASSED] - Text '' is set on object 'Object Repository/IWP30/Page_VRelay30Emulator/UDF6'

2024-05-15 16:07:33 - [TEST_STEP][PASSED] - setText(findTestObject("IWP30/Page_VRelay30Emulator/UDF7"), ""): Text '' is set on object 'Object Repository/IWP30/Page_VRelay30Emulator/UDF7'

2024-05-15 16:07:34 - [MESSAGE][PASSED] - Text '' is set on object 'Object Repository/IWP30/Page_VRelay30Emulator/UDF7'

2024-05-15 16:07:34 - [TEST_STEP][PASSED] - setText(findTestObject("IWP30/Page_VRelay30Emulator/UDF8"), ""): Text '' is set on object 'Object Repository/IWP30/Page_VRelay30Emulator/UDF8'

2024-05-15 16:07:35 - [MESSAGE][PASSED] - Text '' is set on object 'Object Repository/IWP30/Page_VRelay30Emulator/UDF8'

2024-05-15 16:07:35 - [TEST_STEP][PASSED] - setText(findTestObject("IWP30/Page_VRelay30Emulator/UDF9"), "data 9"): Text 'data 9' is set on object 'Object Repository/IWP30/Page_VRelay30Emulator/UDF9'

2024-05-15 16:07:35 - [MESSAGE][PASSED] - Text 'data 9' is set on object 'Object Repository/IWP30/Page_VRelay30Emulator/UDF9'

2024-05-15 16:07:35 - [TEST_STEP][PASSED] - setText(findTestObject("IWP30/Page_VRelay30Emulator/UDF10"), "data 10"): Text 'data 10' is set on object 'Object Repository/IWP30/Page_VRelay30Emulator/UDF10'

2024-05-15 16:07:36 - [MESSAGE][PASSED] - Text 'data 10' is set on object 'Object Repository/IWP30/Page_VRelay30Emulator/UDF10'

2024-05-15 16:07:36 - [TEST_STEP][PASSED] - Thread.sleep(5000): null

2024-05-15 16:07:41 - [TEST_STEP][PASSED] - click(findTestObject("IWP30/Page_VRelay30Emulator/Submit")): Object: 'Object Repository/IWP30/Page_VRelay30Emulator/Submit' is clicked on

2024-05-15 16:07:41 - [MESSAGE][PASSED] - Object: 'Object Repository/IWP30/Page_VRelay30Emulator/Submit' is clicked on

2024-05-15 16:07:41 - [TEST_STEP][PASSED] - Thread.sleep(5000): null

2024-05-15 16:07:46 - [TEST_STEP][PASSED] - closeBrowser(): Browser is closed

2024-05-15 16:07:48 - [MESSAGE][PASSED] - Browser is closed

2024-05-15 16:07:48 - [TEST_STEP][PASSED] - openBrowser(urlTestHarness): Browser is opened with url: 'https://dev-algorithm.govolution.com/vrelaytest/QA2/version_2_2/vrelaytest.html'

2024-05-15 16:07:48 - [MESSAGE][INFO] - Starting 'Chrome' driver

2024-05-15 16:07:48 - [MESSAGE][INFO] - User set preference: ['acceptInsecureCerts', 'true']

2024-05-15 16:07:48 - [MESSAGE][INFO] - Action delay is set to 0 milliseconds

2024-05-15 16:07:50 - [MESSAGE][PASSED] - Browser is opened with url: 'https://dev-algorithm.govolution.com/vrelaytest/QA2/version_2_2/vrelaytest.html'

2024-05-15 16:07:50 - [TEST_STEP][PASSED] - maximizeWindow(): Current window maximized

2024-05-15 16:07:50 - [MESSAGE][PASSED] - Current window maximized

2024-05-15 16:07:50 - [TEST_STEP][PASSED] - genRemIDVoid = RandomStringUtils.random(12, true, true): null

2024-05-15 16:07:50 - [TEST_STEP][PASSED] - if (verifyElementPresent(findTestObject("Object Repository/IWP30/Page_QATestHarness/RemittanceID"), 30)): null

2024-05-15 16:07:50 - [MESSAGE][PASSED] - Object 'Object Repository/IWP30/Page_QATestHarness/RemittanceID' is present

2024-05-15 16:07:50 - [TEST_STEP][PASSED] - println("We are on Test Harness page, start populating"): null

2024-05-15 16:07:50 - [TEST_STEP][PASSED] - setText(findTestObject("Object Repository/IWP30/Page_QATestHarness/ApplicationID"), "649"): Text '649' is set on object 'Object Repository/IWP30/Page_QATestHarness/ApplicationID'

2024-05-15 16:07:51 - [MESSAGE][PASSED] - Text '649' is set on object 'Object Repository/IWP30/Page_QATestHarness/ApplicationID'

2024-05-15 16:07:51 - [TEST_STEP][PASSED] - setText(findTestObject("Object Repository/IWP30/Page_QATestHarness/MessageVersion"), "3.0"): Text '3.0' is set on object 'Object Repository/IWP30/Page_QATestHarness/MessageVersion'

2024-05-15 16:07:52 - [MESSAGE][PASSED] - Text '3.0' is set on object 'Object Repository/IWP30/Page_QATestHarness/MessageVersion'

2024-05-15 16:07:52 - [TEST_STEP][PASSED] - setText(findTestObject("Object Repository/IWP30/Page_QATestHarness/RemittanceID"), genRemIDVoid): Text 'SyAemSV6UkyP' is set on object 'Object Repository/IWP30/Page_QATestHarness/RemittanceID'

2024-05-15 16:07:52 - [MESSAGE][PASSED] - Text 'SyAemSV6UkyP' is set on object 'Object Repository/IWP30/Page_QATestHarness/RemittanceID'

2024-05-15 16:07:52 - [TEST_STEP][PASSED] - click(findTestObject("Object Repository/IWP30/Page_QATestHarness/SubmitButton")): Object: 'Object Repository/IWP30/Page_QATestHarness/SubmitButton' is clicked on

2024-05-15 16:07:54 - [MESSAGE][PASSED] - Object: 'Object Repository/IWP30/Page_QATestHarness/SubmitButton' is clicked on

2024-05-15 16:07:54 - [TEST_STEP][PASSED] - if (verifyElementPresent(findTestObject("Object Repository/IWP30/Page_SelectPaymentMethod/PayByCreditCard"), 30)): null

2024-05-15 16:07:54 - [MESSAGE][PASSED] - Object 'Object Repository/IWP30/Page_SelectPaymentMethod/PayByCreditCard' is present

2024-05-15 16:07:54 - [TEST_STEP][PASSED] - println("We are on Select Payment Method page, start populating"): null

2024-05-15 16:07:54 - [TEST_STEP][PASSED] - check(findTestObject("Object Repository/IWP30/Page_SelectPaymentMethod/PayByCreditCard")): Object 'Object Repository/IWP30/Page_SelectPaymentMethod/PayByCreditCard' is checked

2024-05-15 16:07:55 - [MESSAGE][PASSED] - Object 'Object Repository/IWP30/Page_SelectPaymentMethod/PayByCreditCard' is checked

2024-05-15 16:07:55 - [TEST_STEP][PASSED] - Thread.sleep(1000): null

2024-05-15 16:07:56 - [TEST_STEP][PASSED] - click(findTestObject("Object Repository/IWP30/Page_SelectPaymentMethod/MakePaymentButton")): Object: 'Object Repository/IWP30/Page_SelectPaymentMethod/MakePaymentButton' is clicked on

2024-05-15 16:07:56 - [MESSAGE][PASSED] - Object: 'Object Repository/IWP30/Page_SelectPaymentMethod/MakePaymentButton' is clicked on

2024-05-15 16:07:56 - [TEST_STEP][PASSED] - setText(findTestObject("Object Repository/IWP30/Page_CCPaymentEntry/Amount"), ""): Text '' is set on object 'Object Repository/IWP30/Page_CCPaymentEntry/Amount'

2024-05-15 16:07:58 - [MESSAGE][PASSED] - Text '' is set on object 'Object Repository/IWP30/Page_CCPaymentEntry/Amount'

2024-05-15 16:07:58 - [TEST_STEP][PASSED] - click(findTestObject("Object Repository/IWP30/Page_CCPaymentEntry/ContinueButton")): Object: 'Object Repository/IWP30/Page_CCPaymentEntry/ContinueButton' is clicked on

2024-05-15 16:07:58 - [MESSAGE][PASSED] - Object: 'Object Repository/IWP30/Page_CCPaymentEntry/ContinueButton' is clicked on

2024-05-15 16:07:58 - [TEST_STEP][PASSED] - try: Text 'You must review and accept the Credit Card terms and conditions in order to process a credit transaction' is present on page 

2024-05-15 16:07:58 - [TEST_STEP][PASSED] - verifyTextPresent("Amount is required", false): Text 'Amount is required' is present on page 

2024-05-15 16:07:59 - [MESSAGE][PASSED] - Text 'Amount is required' is present on page 

2024-05-15 16:07:59 - [TEST_STEP][PASSED] - verifyTextPresent("UDF3 Label is required", false): Text 'UDF3 Label is required' is present on page 

2024-05-15 16:07:59 - [MESSAGE][PASSED] - Text 'UDF3 Label is required' is present on page 

2024-05-15 16:07:59 - [TEST_STEP][PASSED] - verifyTextPresent("UDF8 Label is required", false): Text 'UDF8 Label is required' is present on page 

2024-05-15 16:08:00 - [MESSAGE][PASSED] - Text 'UDF8 Label is required' is present on page 

2024-05-15 16:08:00 - [TEST_STEP][PASSED] - verifyTextPresent("Card name is required", false): Text 'Card name is required' is present on page 

2024-05-15 16:08:00 - [MESSAGE][PASSED] - Text 'Card name is required' is present on page 

2024-05-15 16:08:00 - [TEST_STEP][PASSED] - verifyTextPresent("Card number is required", false): Text 'Card number is required' is present on page 

2024-05-15 16:08:00 - [MESSAGE][PASSED] - Text 'Card number is required' is present on page 

2024-05-15 16:08:00 - [TEST_STEP][PASSED] - verifyTextPresent("Card Security Code", false): Text 'Card Security Code' is present on page 

2024-05-15 16:08:01 - [MESSAGE][PASSED] - Text 'Card Security Code' is present on page 

2024-05-15 16:08:01 - [TEST_STEP][PASSED] - verifyTextPresent("Card expiration date is required", false): Text 'Card expiration date is required' is present on page 

2024-05-15 16:08:01 - [MESSAGE][PASSED] - Text 'Card expiration date is required' is present on page 

2024-05-15 16:08:01 - [TEST_STEP][PASSED] - verifyTextPresent("Card address Line 1 is required", false): Text 'Card address Line 1 is required' is present on page 

2024-05-15 16:08:01 - [MESSAGE][PASSED] - Text 'Card address Line 1 is required' is present on page 

2024-05-15 16:08:01 - [TEST_STEP][PASSED] - verifyTextPresent("Card ZIP Code is required", false): Text 'Card ZIP Code is required' is present on page 

2024-05-15 16:08:02 - [MESSAGE][PASSED] - Text 'Card ZIP Code is required' is present on page 

2024-05-15 16:08:02 - [TEST_STEP][PASSED] - verifyTextPresent("Email address is required", false): Text 'Email address is required' is present on page 

2024-05-15 16:08:02 - [MESSAGE][PASSED] - Text 'Email address is required' is present on page 

2024-05-15 16:08:02 - [TEST_STEP][PASSED] - verifyTextPresent("You must review and accept the Credit Card terms and conditions in order to process a credit transaction", false): Text 'You must review and accept the Credit Card terms and conditions in order to process a credit transaction' is present on page 

2024-05-15 16:08:02 - [MESSAGE][PASSED] - Text 'You must review and accept the Credit Card terms and conditions in order to process a credit transaction' is present on page 

2024-05-15 16:08:02 - [TEST_STEP][PASSED] - closeBrowser(): Browser is closed

2024-05-15 16:08:04 - [MESSAGE][PASSED] - Browser is closed]]></system-out>
         <system-err><![CDATA[]]></system-err>
      </testcase>
      <testcase name="Test Cases/IntegratedWeb/IWP30/Errors/CardExpiredErrorCC" time="57.12" classname="Test Cases/IntegratedWeb/IWP30/Errors/CardExpiredErrorCC" status="FAILED">
         <failure type="FAILED" message="Test Cases/IntegratedWeb/IWP30/Errors/CardExpiredErrorCC FAILED.
Reason:
com.kms.katalon.core.exception.StepFailedException: Unable to select option by label '2020' of object 'Object Repository/IWP30/Page_CCPaymentEntry/Year'  (Root cause: com.kms.katalon.core.exception.StepFailedException: Unable to select option by label '2020' of object 'Object Repository/IWP30/Page_CCPaymentEntry/Year' 
	at com.kms.katalon.core.webui.keyword.internal.WebUIKeywordMain.stepFailed(WebUIKeywordMain.groovy:64)
	at com.kms.katalon.core.webui.keyword.internal.WebUIKeywordMain.runKeyword(WebUIKeywordMain.groovy:26)
	at com.kms.katalon.core.webui.keyword.builtin.SelectOptionByLabelKeyword.selectOptionByLabel(SelectOptionByLabelKeyword.groovy:98)
	at com.kms.katalon.core.webui.keyword.builtin.SelectOptionByLabelKeyword.execute(SelectOptionByLabelKeyword.groovy:71)
	at com.kms.katalon.core.keyword.internal.KeywordExecutor.executeKeywordForPlatform(KeywordExecutor.groovy:74)
	at com.kms.katalon.core.webui.keyword.WebUiBuiltInKeywords.selectOptionByLabel(WebUiBuiltInKeywords.groovy:1230)
	at com.kms.katalon.core.webui.keyword.WebUiBuiltInKeywords$selectOptionByLabel$7.call(Unknown Source)
	at CardExpiredErrorCC.run(CardExpiredErrorCC:179)
	at com.kms.katalon.core.main.ScriptEngine.run(ScriptEngine.java:194)
	at com.kms.katalon.core.main.ScriptEngine.runScriptAsRawText(ScriptEngine.java:119)
	at com.kms.katalon.core.main.TestCaseExecutor.runScript(TestCaseExecutor.java:448)
	at com.kms.katalon.core.main.TestCaseExecutor.doExecute(TestCaseExecutor.java:439)
	at com.kms.katalon.core.main.TestCaseExecutor.processExecutionPhase(TestCaseExecutor.java:418)
	at com.kms.katalon.core.main.TestCaseExecutor.accessMainPhase(TestCaseExecutor.java:410)
	at com.kms.katalon.core.main.TestCaseExecutor.execute(TestCaseExecutor.java:285)
	at com.kms.katalon.core.common.CommonExecutor.accessTestCaseMainPhase(CommonExecutor.java:65)
	at com.kms.katalon.core.main.TestSuiteExecutor.accessTestSuiteMainPhase(TestSuiteExecutor.java:148)
	at com.kms.katalon.core.main.TestSuiteExecutor.execute(TestSuiteExecutor.java:106)
	at com.kms.katalon.core.main.TestCaseMain.startTestSuite(TestCaseMain.java:187)
	at com.kms.katalon.core.main.TestCaseMain$startTestSuite$0.call(Unknown Source)
	at TempTestSuite1715800219174.run(TempTestSuite1715800219174.groovy:35)
Caused by: org.openqa.selenium.NoSuchElementException: Cannot locate element with text: 2020
For documentation on this error, please visit: https://www.seleniumhq.org/exceptions/no_such_element.html
Build info: version: '3.141.59', revision: 'e82be7d358', time: '2018-11-14T08:25:53'
System info: host: 'DESKTOP-B2QI6NS', ip: '172.31.253.185', os.name: 'Windows 10', os.arch: 'amd64', os.version: '10.0', java.version: '1.8.0_181'
Driver info: driver.version: unknown
	at org.openqa.selenium.support.ui.Select.selectByVisibleText(Select.java:147)
	at com.kms.katalon.core.webui.common.WebUiCommonHelper.selectOrDeselectOptionsByLabel(WebUiCommonHelper.java:310)
	at com.kms.katalon.core.webui.keyword.builtin.SelectOptionByLabelKeyword$_selectOptionByLabel_closure1.doCall(SelectOptionByLabelKeyword.groovy:87)
	at com.kms.katalon.core.webui.keyword.builtin.SelectOptionByLabelKeyword$_selectOptionByLabel_closure1.call(SelectOptionByLabelKeyword.groovy)
	at com.kms.katalon.core.webui.keyword.internal.WebUIKeywordMain.runKeyword(WebUIKeywordMain.groovy:20)
	at com.kms.katalon.core.webui.keyword.builtin.SelectOptionByLabelKeyword.selectOptionByLabel(SelectOptionByLabelKeyword.groovy:98)
	at com.kms.katalon.core.webui.keyword.builtin.SelectOptionByLabelKeyword.execute(SelectOptionByLabelKeyword.groovy:71)
	at com.kms.katalon.core.keyword.internal.KeywordExecutor.executeKeywordForPlatform(KeywordExecutor.groovy:74)
	at com.kms.katalon.core.webui.keyword.WebUiBuiltInKeywords.selectOptionByLabel(WebUiBuiltInKeywords.groovy:1230)
	at com.kms.katalon.core.webui.keyword.WebUiBuiltInKeywords$selectOptionByLabel$7.call(Unknown Source)
	at Script1594763390433.run(Script1594763390433.groovy:179)
	... 13 more
)
	at com.kms.katalon.core.keyword.internal.KeywordMain.stepFailed(KeywordMain.groovy:39)
	at com.kms.katalon.core.webui.keyword.internal.WebUIKeywordMain.stepFailed(WebUIKeywordMain.groovy:64)
	at com.kms.katalon.core.webui.keyword.internal.WebUIKeywordMain.runKeyword(WebUIKeywordMain.groovy:26)
	at com.kms.katalon.core.webui.keyword.builtin.SelectOptionByLabelKeyword.selectOptionByLabel(SelectOptionByLabelKeyword.groovy:98)
	at com.kms.katalon.core.webui.keyword.builtin.SelectOptionByLabelKeyword.execute(SelectOptionByLabelKeyword.groovy:71)
	at com.kms.katalon.core.keyword.internal.KeywordExecutor.executeKeywordForPlatform(KeywordExecutor.groovy:74)
	at com.kms.katalon.core.webui.keyword.WebUiBuiltInKeywords.selectOptionByLabel(WebUiBuiltInKeywords.groovy:1230)
	at com.kms.katalon.core.webui.keyword.WebUiBuiltInKeywords$selectOptionByLabel$7.call(Unknown Source)
	at CardExpiredErrorCC.run(CardExpiredErrorCC:179)
	at com.kms.katalon.core.main.ScriptEngine.run(ScriptEngine.java:194)
	at com.kms.katalon.core.main.ScriptEngine.runScriptAsRawText(ScriptEngine.java:119)
	at com.kms.katalon.core.main.TestCaseExecutor.runScript(TestCaseExecutor.java:448)
	at com.kms.katalon.core.main.TestCaseExecutor.doExecute(TestCaseExecutor.java:439)
	at com.kms.katalon.core.main.TestCaseExecutor.processExecutionPhase(TestCaseExecutor.java:418)
	at com.kms.katalon.core.main.TestCaseExecutor.accessMainPhase(TestCaseExecutor.java:410)
	at com.kms.katalon.core.main.TestCaseExecutor.execute(TestCaseExecutor.java:285)
	at com.kms.katalon.core.common.CommonExecutor.accessTestCaseMainPhase(CommonExecutor.java:65)
	at com.kms.katalon.core.main.TestSuiteExecutor.accessTestSuiteMainPhase(TestSuiteExecutor.java:148)
	at com.kms.katalon.core.main.TestSuiteExecutor.execute(TestSuiteExecutor.java:106)
	at com.kms.katalon.core.main.TestCaseMain.startTestSuite(TestCaseMain.java:187)
	at com.kms.katalon.core.main.TestCaseMain$startTestSuite$0.call(Unknown Source)
	at TempTestSuite1715800219174.run(TempTestSuite1715800219174.groovy:35)
Caused by: com.kms.katalon.core.exception.StepFailedException: Unable to select option by label '2020' of object 'Object Repository/IWP30/Page_CCPaymentEntry/Year' 
	... 21 more
Caused by: org.openqa.selenium.NoSuchElementException: Cannot locate element with text: 2020
For documentation on this error, please visit: https://www.seleniumhq.org/exceptions/no_such_element.html
Build info: version: '3.141.59', revision: 'e82be7d358', time: '2018-11-14T08:25:53'
System info: host: 'DESKTOP-B2QI6NS', ip: '172.31.253.185', os.name: 'Windows 10', os.arch: 'amd64', os.version: '10.0', java.version: '1.8.0_181'
Driver info: driver.version: unknown
	at org.openqa.selenium.support.ui.Select.selectByVisibleText(Select.java:147)
	at com.kms.katalon.core.webui.common.WebUiCommonHelper.selectOrDeselectOptionsByLabel(WebUiCommonHelper.java:310)
	at com.kms.katalon.core.webui.keyword.builtin.SelectOptionByLabelKeyword$_selectOptionByLabel_closure1.doCall(SelectOptionByLabelKeyword.groovy:87)
	at com.kms.katalon.core.webui.keyword.builtin.SelectOptionByLabelKeyword$_selectOptionByLabel_closure1.call(SelectOptionByLabelKeyword.groovy)
	at com.kms.katalon.core.webui.keyword.internal.WebUIKeywordMain.runKeyword(WebUIKeywordMain.groovy:20)
	... 19 more
"/>
         <system-out><![CDATA[2024-05-15 16:08:04 - [TEST_CASE][FAILED] - Test Cases/IntegratedWeb/IWP30/Errors/CardExpiredErrorCC: Test Cases/IntegratedWeb/IWP30/Errors/CardExpiredErrorCC FAILED.
Reason:
com.kms.katalon.core.exception.StepFailedException: Unable to select option by label '2020' of object 'Object Repository/IWP30/Page_CCPaymentEntry/Year'  (Root cause: com.kms.katalon.core.exception.StepFailedException: Unable to select option by label '2020' of object 'Object Repository/IWP30/Page_CCPaymentEntry/Year' 
	at com.kms.katalon.core.webui.keyword.internal.WebUIKeywordMain.stepFailed(WebUIKeywordMain.groovy:64)
	at com.kms.katalon.core.webui.keyword.internal.WebUIKeywordMain.runKeyword(WebUIKeywordMain.groovy:26)
	at com.kms.katalon.core.webui.keyword.builtin.SelectOptionByLabelKeyword.selectOptionByLabel(SelectOptionByLabelKeyword.groovy:98)
	at com.kms.katalon.core.webui.keyword.builtin.SelectOptionByLabelKeyword.execute(SelectOptionByLabelKeyword.groovy:71)
	at com.kms.katalon.core.keyword.internal.KeywordExecutor.executeKeywordForPlatform(KeywordExecutor.groovy:74)
	at com.kms.katalon.core.webui.keyword.WebUiBuiltInKeywords.selectOptionByLabel(WebUiBuiltInKeywords.groovy:1230)
	at com.kms.katalon.core.webui.keyword.WebUiBuiltInKeywords$selectOptionByLabel$7.call(Unknown Source)
	at CardExpiredErrorCC.run(CardExpiredErrorCC:179)
	at com.kms.katalon.core.main.ScriptEngine.run(ScriptEngine.java:194)
	at com.kms.katalon.core.main.ScriptEngine.runScriptAsRawText(ScriptEngine.java:119)
	at com.kms.katalon.core.main.TestCaseExecutor.runScript(TestCaseExecutor.java:448)
	at com.kms.katalon.core.main.TestCaseExecutor.doExecute(TestCaseExecutor.java:439)
	at com.kms.katalon.core.main.TestCaseExecutor.processExecutionPhase(TestCaseExecutor.java:418)
	at com.kms.katalon.core.main.TestCaseExecutor.accessMainPhase(TestCaseExecutor.java:410)
	at com.kms.katalon.core.main.TestCaseExecutor.execute(TestCaseExecutor.java:285)
	at com.kms.katalon.core.common.CommonExecutor.accessTestCaseMainPhase(CommonExecutor.java:65)
	at com.kms.katalon.core.main.TestSuiteExecutor.accessTestSuiteMainPhase(TestSuiteExecutor.java:148)
	at com.kms.katalon.core.main.TestSuiteExecutor.execute(TestSuiteExecutor.java:106)
	at com.kms.katalon.core.main.TestCaseMain.startTestSuite(TestCaseMain.java:187)
	at com.kms.katalon.core.main.TestCaseMain$startTestSuite$0.call(Unknown Source)
	at TempTestSuite1715800219174.run(TempTestSuite1715800219174.groovy:35)
Caused by: org.openqa.selenium.NoSuchElementException: Cannot locate element with text: 2020
For documentation on this error, please visit: https://www.seleniumhq.org/exceptions/no_such_element.html
Build info: version: '3.141.59', revision: 'e82be7d358', time: '2018-11-14T08:25:53'
System info: host: 'DESKTOP-B2QI6NS', ip: '172.31.253.185', os.name: 'Windows 10', os.arch: 'amd64', os.version: '10.0', java.version: '1.8.0_181'
Driver info: driver.version: unknown
	at org.openqa.selenium.support.ui.Select.selectByVisibleText(Select.java:147)
	at com.kms.katalon.core.webui.common.WebUiCommonHelper.selectOrDeselectOptionsByLabel(WebUiCommonHelper.java:310)
	at com.kms.katalon.core.webui.keyword.builtin.SelectOptionByLabelKeyword$_selectOptionByLabel_closure1.doCall(SelectOptionByLabelKeyword.groovy:87)
	at com.kms.katalon.core.webui.keyword.builtin.SelectOptionByLabelKeyword$_selectOptionByLabel_closure1.call(SelectOptionByLabelKeyword.groovy)
	at com.kms.katalon.core.webui.keyword.internal.WebUIKeywordMain.runKeyword(WebUIKeywordMain.groovy:20)
	at com.kms.katalon.core.webui.keyword.builtin.SelectOptionByLabelKeyword.selectOptionByLabel(SelectOptionByLabelKeyword.groovy:98)
	at com.kms.katalon.core.webui.keyword.builtin.SelectOptionByLabelKeyword.execute(SelectOptionByLabelKeyword.groovy:71)
	at com.kms.katalon.core.keyword.internal.KeywordExecutor.executeKeywordForPlatform(KeywordExecutor.groovy:74)
	at com.kms.katalon.core.webui.keyword.WebUiBuiltInKeywords.selectOptionByLabel(WebUiBuiltInKeywords.groovy:1230)
	at com.kms.katalon.core.webui.keyword.WebUiBuiltInKeywords$selectOptionByLabel$7.call(Unknown Source)
	at Script1594763390433.run(Script1594763390433.groovy:179)
	... 13 more
)
	at com.kms.katalon.core.keyword.internal.KeywordMain.stepFailed(KeywordMain.groovy:39)
	at com.kms.katalon.core.webui.keyword.internal.WebUIKeywordMain.stepFailed(WebUIKeywordMain.groovy:64)
	at com.kms.katalon.core.webui.keyword.internal.WebUIKeywordMain.runKeyword(WebUIKeywordMain.groovy:26)
	at com.kms.katalon.core.webui.keyword.builtin.SelectOptionByLabelKeyword.selectOptionByLabel(SelectOptionByLabelKeyword.groovy:98)
	at com.kms.katalon.core.webui.keyword.builtin.SelectOptionByLabelKeyword.execute(SelectOptionByLabelKeyword.groovy:71)
	at com.kms.katalon.core.keyword.internal.KeywordExecutor.executeKeywordForPlatform(KeywordExecutor.groovy:74)
	at com.kms.katalon.core.webui.keyword.WebUiBuiltInKeywords.selectOptionByLabel(WebUiBuiltInKeywords.groovy:1230)
	at com.kms.katalon.core.webui.keyword.WebUiBuiltInKeywords$selectOptionByLabel$7.call(Unknown Source)
	at CardExpiredErrorCC.run(CardExpiredErrorCC:179)
	at com.kms.katalon.core.main.ScriptEngine.run(ScriptEngine.java:194)
	at com.kms.katalon.core.main.ScriptEngine.runScriptAsRawText(ScriptEngine.java:119)
	at com.kms.katalon.core.main.TestCaseExecutor.runScript(TestCaseExecutor.java:448)
	at com.kms.katalon.core.main.TestCaseExecutor.doExecute(TestCaseExecutor.java:439)
	at com.kms.katalon.core.main.TestCaseExecutor.processExecutionPhase(TestCaseExecutor.java:418)
	at com.kms.katalon.core.main.TestCaseExecutor.accessMainPhase(TestCaseExecutor.java:410)
	at com.kms.katalon.core.main.TestCaseExecutor.execute(TestCaseExecutor.java:285)
	at com.kms.katalon.core.common.CommonExecutor.accessTestCaseMainPhase(CommonExecutor.java:65)
	at com.kms.katalon.core.main.TestSuiteExecutor.accessTestSuiteMainPhase(TestSuiteExecutor.java:148)
	at com.kms.katalon.core.main.TestSuiteExecutor.execute(TestSuiteExecutor.java:106)
	at com.kms.katalon.core.main.TestCaseMain.startTestSuite(TestCaseMain.java:187)
	at com.kms.katalon.core.main.TestCaseMain$startTestSuite$0.call(Unknown Source)
	at TempTestSuite1715800219174.run(TempTestSuite1715800219174.groovy:35)
Caused by: com.kms.katalon.core.exception.StepFailedException: Unable to select option by label '2020' of object 'Object Repository/IWP30/Page_CCPaymentEntry/Year' 
	... 21 more
Caused by: org.openqa.selenium.NoSuchElementException: Cannot locate element with text: 2020
For documentation on this error, please visit: https://www.seleniumhq.org/exceptions/no_such_element.html
Build info: version: '3.141.59', revision: 'e82be7d358', time: '2018-11-14T08:25:53'
System info: host: 'DESKTOP-B2QI6NS', ip: '172.31.253.185', os.name: 'Windows 10', os.arch: 'amd64', os.version: '10.0', java.version: '1.8.0_181'
Driver info: driver.version: unknown
	at org.openqa.selenium.support.ui.Select.selectByVisibleText(Select.java:147)
	at com.kms.katalon.core.webui.common.WebUiCommonHelper.selectOrDeselectOptionsByLabel(WebUiCommonHelper.java:310)
	at com.kms.katalon.core.webui.keyword.builtin.SelectOptionByLabelKeyword$_selectOptionByLabel_closure1.doCall(SelectOptionByLabelKeyword.groovy:87)
	at com.kms.katalon.core.webui.keyword.builtin.SelectOptionByLabelKeyword$_selectOptionByLabel_closure1.call(SelectOptionByLabelKeyword.groovy)
	at com.kms.katalon.core.webui.keyword.internal.WebUIKeywordMain.runKeyword(WebUIKeywordMain.groovy:20)
	... 19 more


2024-05-15 16:08:04 - [TEST_STEP][PASSED] - openBrowser(urlEmulator): Browser is opened with url: 'https://qa2.velocitypayment.com/agency/config.do?action=editor'

2024-05-15 16:08:04 - [MESSAGE][INFO] - Starting 'Chrome' driver

2024-05-15 16:08:04 - [MESSAGE][INFO] - User set preference: ['acceptInsecureCerts', 'true']

2024-05-15 16:08:04 - [MESSAGE][INFO] - Action delay is set to 0 milliseconds

2024-05-15 16:08:06 - [MESSAGE][PASSED] - Browser is opened with url: 'https://qa2.velocitypayment.com/agency/config.do?action=editor'

2024-05-15 16:08:06 - [TEST_STEP][PASSED] - maximizeWindow(): Current window maximized

2024-05-15 16:08:07 - [MESSAGE][PASSED] - Current window maximized

2024-05-15 16:08:07 - [TEST_STEP][PASSED] - iwpPages.emulatorIWP30.setDataEmulatorStandard(): iwpPages.emulatorIWP30.setDataEmulatorStandard is PASSED

2024-05-15 16:08:07 - [MESSAGE][PASSED] - Object 'Object Repository/IWP30/Page_VRelay30Emulator/Amount' is present

2024-05-15 16:08:08 - [MESSAGE][PASSED] - All options with value '3.0' are selected in object 'Object Repository/IWP30/Page_VRelay30Emulator/MV'  using regular expression

2024-05-15 16:08:09 - [MESSAGE][PASSED] - Text '10.50' is set on object 'Object Repository/IWP30/Page_VRelay30Emulator/Amount'

2024-05-15 16:08:09 - [MESSAGE][PASSED] - Text '54654701' is set on object 'Object Repository/IWP30/Page_VRelay30Emulator/CAN'

2024-05-15 16:08:10 - [MESSAGE][PASSED] - Text 'PayNow' is set on object 'Object Repository/IWP30/Page_VRelay30Emulator/Action'

2024-05-15 16:08:11 - [MESSAGE][PASSED] - Text 'en_US' is set on object 'Object Repository/IWP30/Page_VRelay30Emulator/Lang'

2024-05-15 16:08:11 - [MESSAGE][PASSED] - Text '' is set on object 'Object Repository/IWP30/Page_VRelay30Emulator/Fname'

2024-05-15 16:08:12 - [MESSAGE][PASSED] - Text '' is set on object 'Object Repository/IWP30/Page_VRelay30Emulator/Lname'

2024-05-15 16:08:13 - [MESSAGE][PASSED] - Text '' is set on object 'Object Repository/IWP30/Page_VRelay30Emulator/AL1'

2024-05-15 16:08:13 - [MESSAGE][PASSED] - Text '' is set on object 'Object Repository/IWP30/Page_VRelay30Emulator/AL2'

2024-05-15 16:08:14 - [MESSAGE][PASSED] - Text '' is set on object 'Object Repository/IWP30/Page_VRelay30Emulator/Country'

2024-05-15 16:08:14 - [MESSAGE][PASSED] - Text '' is set on object 'Object Repository/IWP30/Page_VRelay30Emulator/City'

2024-05-15 16:08:15 - [MESSAGE][PASSED] - Text '' is set on object 'Object Repository/IWP30/Page_VRelay30Emulator/State'

2024-05-15 16:08:16 - [MESSAGE][PASSED] - Text '' is set on object 'Object Repository/IWP30/Page_VRelay30Emulator/ZIP'

2024-05-15 16:08:16 - [MESSAGE][PASSED] - Text '' is set on object 'Object Repository/IWP30/Page_VRelay30Emulator/Order'

2024-05-15 16:08:17 - [MESSAGE][PASSED] - Text '' is set on object 'Object Repository/IWP30/Page_VRelay30Emulator/Company'

2024-05-15 16:08:17 - [MESSAGE][PASSED] - Text '' is set on object 'Object Repository/IWP30/Page_VRelay30Emulator/Email'

2024-05-15 16:08:18 - [MESSAGE][PASSED] - Text '' is set on object 'Object Repository/IWP30/Page_VRelay30Emulator/UDF1'

2024-05-15 16:08:19 - [MESSAGE][PASSED] - Text '' is set on object 'Object Repository/IWP30/Page_VRelay30Emulator/UDF2'

2024-05-15 16:08:19 - [MESSAGE][PASSED] - Text 'data 3' is set on object 'Object Repository/IWP30/Page_VRelay30Emulator/UDF3'

2024-05-15 16:08:20 - [MESSAGE][PASSED] - Text 'data 4' is set on object 'Object Repository/IWP30/Page_VRelay30Emulator/UDF4'

2024-05-15 16:08:21 - [MESSAGE][PASSED] - Text 'data 5' is set on object 'Object Repository/IWP30/Page_VRelay30Emulator/UDF5'

2024-05-15 16:08:21 - [MESSAGE][PASSED] - Text 'data 6' is set on object 'Object Repository/IWP30/Page_VRelay30Emulator/UDF6'

2024-05-15 16:08:22 - [MESSAGE][PASSED] - Text 'Orange' is set on object 'Object Repository/IWP30/Page_VRelay30Emulator/UDF7'

2024-05-15 16:08:22 - [MESSAGE][PASSED] - Text 'Soccer' is set on object 'Object Repository/IWP30/Page_VRelay30Emulator/UDF8'

2024-05-15 16:08:23 - [MESSAGE][PASSED] - Text 'data 9' is set on object 'Object Repository/IWP30/Page_VRelay30Emulator/UDF9'

2024-05-15 16:08:24 - [MESSAGE][PASSED] - Text 'data 10' is set on object 'Object Repository/IWP30/Page_VRelay30Emulator/UDF10'

2024-05-15 16:08:26 - [MESSAGE][PASSED] - Object: 'Object Repository/IWP30/Page_VRelay30Emulator/Submit' is clicked on

2024-05-15 16:08:33 - [MESSAGE][PASSED] - Browser is closed

2024-05-15 16:08:33 - [MESSAGE][PASSED] - iwpPages.emulatorIWP30.setDataEmulatorStandard is PASSED

2024-05-15 16:08:33 - [TEST_STEP][PASSED] - openBrowser(urlTestHarness): Browser is opened with url: 'https://dev-algorithm.govolution.com/vrelaytest/QA2/version_2_2/vrelaytest.html'

2024-05-15 16:08:33 - [MESSAGE][INFO] - Starting 'Chrome' driver

2024-05-15 16:08:33 - [MESSAGE][INFO] - User set preference: ['acceptInsecureCerts', 'true']

2024-05-15 16:08:33 - [MESSAGE][INFO] - Action delay is set to 0 milliseconds

2024-05-15 16:08:35 - [MESSAGE][PASSED] - Browser is opened with url: 'https://dev-algorithm.govolution.com/vrelaytest/QA2/version_2_2/vrelaytest.html'

2024-05-15 16:08:35 - [TEST_STEP][PASSED] - maximizeWindow(): Current window maximized

2024-05-15 16:08:35 - [MESSAGE][PASSED] - Current window maximized

2024-05-15 16:08:35 - [TEST_STEP][PASSED] - genRemIDVoid = RandomStringUtils.random(12, true, true): null

2024-05-15 16:08:35 - [TEST_STEP][PASSED] - if (verifyElementPresent(findTestObject("Object Repository/IWP30/Page_QATestHarness/RemittanceID"), 30)): null

2024-05-15 16:08:35 - [MESSAGE][PASSED] - Object 'Object Repository/IWP30/Page_QATestHarness/RemittanceID' is present

2024-05-15 16:08:35 - [TEST_STEP][PASSED] - println("We are on Test Harness page, start populating"): null

2024-05-15 16:08:35 - [TEST_STEP][PASSED] - setText(findTestObject("Object Repository/IWP30/Page_QATestHarness/ApplicationID"), "649"): Text '649' is set on object 'Object Repository/IWP30/Page_QATestHarness/ApplicationID'

2024-05-15 16:08:36 - [MESSAGE][PASSED] - Text '649' is set on object 'Object Repository/IWP30/Page_QATestHarness/ApplicationID'

2024-05-15 16:08:36 - [TEST_STEP][PASSED] - setText(findTestObject("Object Repository/IWP30/Page_QATestHarness/MessageVersion"), "3.0"): Text '3.0' is set on object 'Object Repository/IWP30/Page_QATestHarness/MessageVersion'

2024-05-15 16:08:36 - [MESSAGE][PASSED] - Text '3.0' is set on object 'Object Repository/IWP30/Page_QATestHarness/MessageVersion'

2024-05-15 16:08:36 - [TEST_STEP][PASSED] - setText(findTestObject("Object Repository/IWP30/Page_QATestHarness/RemittanceID"), genRemIDVoid): Text 'SdXwlS4zG1xI' is set on object 'Object Repository/IWP30/Page_QATestHarness/RemittanceID'

2024-05-15 16:08:37 - [MESSAGE][PASSED] - Text 'SdXwlS4zG1xI' is set on object 'Object Repository/IWP30/Page_QATestHarness/RemittanceID'

2024-05-15 16:08:37 - [TEST_STEP][PASSED] - click(findTestObject("Object Repository/IWP30/Page_QATestHarness/SubmitButton")): Object: 'Object Repository/IWP30/Page_QATestHarness/SubmitButton' is clicked on

2024-05-15 16:08:38 - [MESSAGE][PASSED] - Object: 'Object Repository/IWP30/Page_QATestHarness/SubmitButton' is clicked on

2024-05-15 16:08:38 - [TEST_STEP][PASSED] - if (verifyElementPresent(findTestObject("Object Repository/IWP30/Page_SelectPaymentMethod/PayByCreditCard"), 30)): null

2024-05-15 16:08:39 - [MESSAGE][PASSED] - Object 'Object Repository/IWP30/Page_SelectPaymentMethod/PayByCreditCard' is present

2024-05-15 16:08:39 - [TEST_STEP][PASSED] - println("We are on Select Payment Method page, start populating"): null

2024-05-15 16:08:39 - [TEST_STEP][PASSED] - check(findTestObject("Object Repository/IWP30/Page_SelectPaymentMethod/PayByCreditCard")): Object 'Object Repository/IWP30/Page_SelectPaymentMethod/PayByCreditCard' is checked

2024-05-15 16:08:39 - [MESSAGE][PASSED] - Object 'Object Repository/IWP30/Page_SelectPaymentMethod/PayByCreditCard' is checked

2024-05-15 16:08:39 - [TEST_STEP][PASSED] - Thread.sleep(1000): null

2024-05-15 16:08:40 - [TEST_STEP][PASSED] - click(findTestObject("Object Repository/IWP30/Page_SelectPaymentMethod/MakePaymentButton")): Object: 'Object Repository/IWP30/Page_SelectPaymentMethod/MakePaymentButton' is clicked on

2024-05-15 16:08:42 - [MESSAGE][PASSED] - Object: 'Object Repository/IWP30/Page_SelectPaymentMethod/MakePaymentButton' is clicked on

2024-05-15 16:08:42 - [TEST_STEP][PASSED] - if (verifyElementPresent(findTestObject("Object Repository/IWP30/Page_CCPaymentEntry/Name"), 30)): null

2024-05-15 16:08:42 - [MESSAGE][PASSED] - Object 'Object Repository/IWP30/Page_CCPaymentEntry/Name' is present

2024-05-15 16:08:42 - [TEST_STEP][PASSED] - println("We are on Credit Card Payment Entry page, start populating"): null

2024-05-15 16:08:42 - [TEST_STEP][PASSED] - if (verifyElementPresent(findTestObject("Object Repository/IWP30/Page_CCPaymentEntry/Amount"), 30)): null

2024-05-15 16:08:43 - [MESSAGE][PASSED] - Object 'Object Repository/IWP30/Page_CCPaymentEntry/Amount' is present

2024-05-15 16:08:43 - [TEST_STEP][PASSED] - setText(findTestObject("Object Repository/IWP30/Page_CCPaymentEntry/Amount"), "10.50"): Text '10.50' is set on object 'Object Repository/IWP30/Page_CCPaymentEntry/Amount'

2024-05-15 16:08:43 - [MESSAGE][PASSED] - Text '10.50' is set on object 'Object Repository/IWP30/Page_CCPaymentEntry/Amount'

2024-05-15 16:08:43 - [TEST_STEP][PASSED] - if (verifyElementPresent(findTestObject("Object Repository/IWP30/Page_CCPaymentEntry/UserDefined2"), 30)): null

2024-05-15 16:08:44 - [MESSAGE][PASSED] - Object 'Object Repository/IWP30/Page_CCPaymentEntry/UserDefined2' is present

2024-05-15 16:08:44 - [TEST_STEP][PASSED] - setText(findTestObject("Object Repository/IWP30/Page_CCPaymentEntry/UserDefined2"), ""): Text '' is set on object 'Object Repository/IWP30/Page_CCPaymentEntry/UserDefined2'

2024-05-15 16:08:44 - [MESSAGE][PASSED] - Text '' is set on object 'Object Repository/IWP30/Page_CCPaymentEntry/UserDefined2'

2024-05-15 16:08:44 - [TEST_STEP][PASSED] - if (verifyElementPresent(findTestObject("Object Repository/IWP30/Page_CCPaymentEntry/UserDefined3"), 30)): null

2024-05-15 16:08:45 - [MESSAGE][PASSED] - Object 'Object Repository/IWP30/Page_CCPaymentEntry/UserDefined3' is present

2024-05-15 16:08:45 - [TEST_STEP][PASSED] - setText(findTestObject("Object Repository/IWP30/Page_CCPaymentEntry/UserDefined3"), "data 3"): Text 'data 3' is set on object 'Object Repository/IWP30/Page_CCPaymentEntry/UserDefined3'

2024-05-15 16:08:45 - [MESSAGE][PASSED] - Text 'data 3' is set on object 'Object Repository/IWP30/Page_CCPaymentEntry/UserDefined3'

2024-05-15 16:08:45 - [TEST_STEP][PASSED] - if (verifyElementPresent(findTestObject("Object Repository/IWP30/Page_CCPaymentEntry/UserDefined7"), 30)): null

2024-05-15 16:08:46 - [MESSAGE][PASSED] - Object 'Object Repository/IWP30/Page_CCPaymentEntry/UserDefined7' is present

2024-05-15 16:08:46 - [TEST_STEP][PASSED] - selectOptionByLabel(findTestObject("Object Repository/IWP30/Page_CCPaymentEntry/UserDefined7"), "Orange", false): All options with label 'Orange' are selected in object 'Object Repository/IWP30/Page_CCPaymentEntry/UserDefined7' 

2024-05-15 16:08:46 - [MESSAGE][PASSED] - All options with label 'Orange' are selected in object 'Object Repository/IWP30/Page_CCPaymentEntry/UserDefined7' 

2024-05-15 16:08:46 - [TEST_STEP][PASSED] - if (verifyElementPresent(findTestObject("Object Repository/IWP30/Page_CCPaymentEntry/UserDefined8"), 30)): null

2024-05-15 16:08:47 - [MESSAGE][PASSED] - Object 'Object Repository/IWP30/Page_CCPaymentEntry/UserDefined8' is present

2024-05-15 16:08:47 - [TEST_STEP][PASSED] - selectOptionByLabel(findTestObject("Object Repository/IWP30/Page_CCPaymentEntry/UserDefined8"), "Tennis", false): All options with label 'Tennis' are selected in object 'Object Repository/IWP30/Page_CCPaymentEntry/UserDefined8' 

2024-05-15 16:08:47 - [MESSAGE][PASSED] - All options with label 'Tennis' are selected in object 'Object Repository/IWP30/Page_CCPaymentEntry/UserDefined8' 

2024-05-15 16:08:47 - [TEST_STEP][PASSED] - if (verifyElementPresent(findTestObject("Object Repository/IWP30/Page_CCPaymentEntry/Name"), 30)): null

2024-05-15 16:08:48 - [MESSAGE][PASSED] - Object 'Object Repository/IWP30/Page_CCPaymentEntry/Name' is present

2024-05-15 16:08:48 - [TEST_STEP][PASSED] - setText(findTestObject("Object Repository/IWP30/Page_CCPaymentEntry/Name"), "Jonathan Lewis"): Text 'Jonathan Lewis' is set on object 'Object Repository/IWP30/Page_CCPaymentEntry/Name'

2024-05-15 16:08:48 - [MESSAGE][PASSED] - Text 'Jonathan Lewis' is set on object 'Object Repository/IWP30/Page_CCPaymentEntry/Name'

2024-05-15 16:08:48 - [TEST_STEP][PASSED] - if (verifyElementPresent(findTestObject("Object Repository/IWP30/Page_CCPaymentEntry/CardNumber"), 30)): null

2024-05-15 16:08:49 - [MESSAGE][PASSED] - Object 'Object Repository/IWP30/Page_CCPaymentEntry/CardNumber' is present

2024-05-15 16:08:49 - [TEST_STEP][PASSED] - setText(findTestObject("Object Repository/IWP30/Page_CCPaymentEntry/CardNumber"), "4111111111111111"): Text '4111111111111111' is set on object 'Object Repository/IWP30/Page_CCPaymentEntry/CardNumber'

2024-05-15 16:08:49 - [MESSAGE][PASSED] - Text '4111111111111111' is set on object 'Object Repository/IWP30/Page_CCPaymentEntry/CardNumber'

2024-05-15 16:08:49 - [TEST_STEP][PASSED] - if (verifyElementPresent(findTestObject("Object Repository/IWP30/Page_CCPaymentEntry/SPC"), 30)): null

2024-05-15 16:08:49 - [MESSAGE][PASSED] - Object 'Object Repository/IWP30/Page_CCPaymentEntry/SPC' is present

2024-05-15 16:08:49 - [TEST_STEP][PASSED] - setText(findTestObject("Object Repository/IWP30/Page_CCPaymentEntry/SPC"), "147"): Text '147' is set on object 'Object Repository/IWP30/Page_CCPaymentEntry/SPC'

2024-05-15 16:08:50 - [MESSAGE][PASSED] - Text '147' is set on object 'Object Repository/IWP30/Page_CCPaymentEntry/SPC'

2024-05-15 16:08:50 - [TEST_STEP][PASSED] - if (verifyElementPresent(findTestObject("Object Repository/IWP30/Page_CCPaymentEntry/Month"), 30)): null

2024-05-15 16:08:50 - [MESSAGE][PASSED] - Object 'Object Repository/IWP30/Page_CCPaymentEntry/Month' is present

2024-05-15 16:08:50 - [TEST_STEP][PASSED] - selectOptionByLabel(findTestObject("Object Repository/IWP30/Page_CCPaymentEntry/Month"), "01", false): All options with label '01' are selected in object 'Object Repository/IWP30/Page_CCPaymentEntry/Month' 

2024-05-15 16:08:51 - [MESSAGE][PASSED] - All options with label '01' are selected in object 'Object Repository/IWP30/Page_CCPaymentEntry/Month' 

2024-05-15 16:08:51 - [TEST_STEP][PASSED] - if (verifyElementPresent(findTestObject("Object Repository/IWP30/Page_CCPaymentEntry/Year"), 30)): null

2024-05-15 16:08:51 - [MESSAGE][PASSED] - Object 'Object Repository/IWP30/Page_CCPaymentEntry/Year' is present

2024-05-15 16:08:51 - [TEST_STEP][FAILED] - selectOptionByLabel(findTestObject("Object Repository/IWP30/Page_CCPaymentEntry/Year"), "2020", false): Unable to select option by label '2020' of object 'Object Repository/IWP30/Page_CCPaymentEntry/Year'  (Root cause: com.kms.katalon.core.exception.StepFailedException: Unable to select option by label '2020' of object 'Object Repository/IWP30/Page_CCPaymentEntry/Year' 
	at com.kms.katalon.core.webui.keyword.internal.WebUIKeywordMain.stepFailed(WebUIKeywordMain.groovy:64)
	at com.kms.katalon.core.webui.keyword.internal.WebUIKeywordMain.runKeyword(WebUIKeywordMain.groovy:26)
	at com.kms.katalon.core.webui.keyword.builtin.SelectOptionByLabelKeyword.selectOptionByLabel(SelectOptionByLabelKeyword.groovy:98)
	at com.kms.katalon.core.webui.keyword.builtin.SelectOptionByLabelKeyword.execute(SelectOptionByLabelKeyword.groovy:71)
	at com.kms.katalon.core.keyword.internal.KeywordExecutor.executeKeywordForPlatform(KeywordExecutor.groovy:74)
	at com.kms.katalon.core.webui.keyword.WebUiBuiltInKeywords.selectOptionByLabel(WebUiBuiltInKeywords.groovy:1230)
	at com.kms.katalon.core.webui.keyword.WebUiBuiltInKeywords$selectOptionByLabel$7.call(Unknown Source)
	at CardExpiredErrorCC.run(CardExpiredErrorCC:179)
	at com.kms.katalon.core.main.ScriptEngine.run(ScriptEngine.java:194)
	at com.kms.katalon.core.main.ScriptEngine.runScriptAsRawText(ScriptEngine.java:119)
	at com.kms.katalon.core.main.TestCaseExecutor.runScript(TestCaseExecutor.java:448)
	at com.kms.katalon.core.main.TestCaseExecutor.doExecute(TestCaseExecutor.java:439)
	at com.kms.katalon.core.main.TestCaseExecutor.processExecutionPhase(TestCaseExecutor.java:418)
	at com.kms.katalon.core.main.TestCaseExecutor.accessMainPhase(TestCaseExecutor.java:410)
	at com.kms.katalon.core.main.TestCaseExecutor.execute(TestCaseExecutor.java:285)
	at com.kms.katalon.core.common.CommonExecutor.accessTestCaseMainPhase(CommonExecutor.java:65)
	at com.kms.katalon.core.main.TestSuiteExecutor.accessTestSuiteMainPhase(TestSuiteExecutor.java:148)
	at com.kms.katalon.core.main.TestSuiteExecutor.execute(TestSuiteExecutor.java:106)
	at com.kms.katalon.core.main.TestCaseMain.startTestSuite(TestCaseMain.java:187)
	at com.kms.katalon.core.main.TestCaseMain$startTestSuite$0.call(Unknown Source)
	at TempTestSuite1715800219174.run(TempTestSuite1715800219174.groovy:35)
Caused by: org.openqa.selenium.NoSuchElementException: Cannot locate element with text: 2020
For documentation on this error, please visit: https://www.seleniumhq.org/exceptions/no_such_element.html
Build info: version: '3.141.59', revision: 'e82be7d358', time: '2018-11-14T08:25:53'
System info: host: 'DESKTOP-B2QI6NS', ip: '172.31.253.185', os.name: 'Windows 10', os.arch: 'amd64', os.version: '10.0', java.version: '1.8.0_181'
Driver info: driver.version: unknown
	at org.openqa.selenium.support.ui.Select.selectByVisibleText(Select.java:147)
	at com.kms.katalon.core.webui.common.WebUiCommonHelper.selectOrDeselectOptionsByLabel(WebUiCommonHelper.java:310)
	at com.kms.katalon.core.webui.keyword.builtin.SelectOptionByLabelKeyword$_selectOptionByLabel_closure1.doCall(SelectOptionByLabelKeyword.groovy:87)
	at com.kms.katalon.core.webui.keyword.builtin.SelectOptionByLabelKeyword$_selectOptionByLabel_closure1.call(SelectOptionByLabelKeyword.groovy)
	at com.kms.katalon.core.webui.keyword.internal.WebUIKeywordMain.runKeyword(WebUIKeywordMain.groovy:20)
	at com.kms.katalon.core.webui.keyword.builtin.SelectOptionByLabelKeyword.selectOptionByLabel(SelectOptionByLabelKeyword.groovy:98)
	at com.kms.katalon.core.webui.keyword.builtin.SelectOptionByLabelKeyword.execute(SelectOptionByLabelKeyword.groovy:71)
	at com.kms.katalon.core.keyword.internal.KeywordExecutor.executeKeywordForPlatform(KeywordExecutor.groovy:74)
	at com.kms.katalon.core.webui.keyword.WebUiBuiltInKeywords.selectOptionByLabel(WebUiBuiltInKeywords.groovy:1230)
	at com.kms.katalon.core.webui.keyword.WebUiBuiltInKeywords$selectOptionByLabel$7.call(Unknown Source)
	at Script1594763390433.run(Script1594763390433.groovy:179)
	... 13 more
)

2024-05-15 16:08:53 - [MESSAGE][FAILED] - Unable to select option by label '2020' of object 'Object Repository/IWP30/Page_CCPaymentEntry/Year'  (Root cause: com.kms.katalon.core.exception.StepFailedException: Unable to select option by label '2020' of object 'Object Repository/IWP30/Page_CCPaymentEntry/Year' 
	at com.kms.katalon.core.webui.keyword.internal.WebUIKeywordMain.stepFailed(WebUIKeywordMain.groovy:64)
	at com.kms.katalon.core.webui.keyword.internal.WebUIKeywordMain.runKeyword(WebUIKeywordMain.groovy:26)
	at com.kms.katalon.core.webui.keyword.builtin.SelectOptionByLabelKeyword.selectOptionByLabel(SelectOptionByLabelKeyword.groovy:98)
	at com.kms.katalon.core.webui.keyword.builtin.SelectOptionByLabelKeyword.execute(SelectOptionByLabelKeyword.groovy:71)
	at com.kms.katalon.core.keyword.internal.KeywordExecutor.executeKeywordForPlatform(KeywordExecutor.groovy:74)
	at com.kms.katalon.core.webui.keyword.WebUiBuiltInKeywords.selectOptionByLabel(WebUiBuiltInKeywords.groovy:1230)
	at com.kms.katalon.core.webui.keyword.WebUiBuiltInKeywords$selectOptionByLabel$7.call(Unknown Source)
	at CardExpiredErrorCC.run(CardExpiredErrorCC:179)
	at com.kms.katalon.core.main.ScriptEngine.run(ScriptEngine.java:194)
	at com.kms.katalon.core.main.ScriptEngine.runScriptAsRawText(ScriptEngine.java:119)
	at com.kms.katalon.core.main.TestCaseExecutor.runScript(TestCaseExecutor.java:448)
	at com.kms.katalon.core.main.TestCaseExecutor.doExecute(TestCaseExecutor.java:439)
	at com.kms.katalon.core.main.TestCaseExecutor.processExecutionPhase(TestCaseExecutor.java:418)
	at com.kms.katalon.core.main.TestCaseExecutor.accessMainPhase(TestCaseExecutor.java:410)
	at com.kms.katalon.core.main.TestCaseExecutor.execute(TestCaseExecutor.java:285)
	at com.kms.katalon.core.common.CommonExecutor.accessTestCaseMainPhase(CommonExecutor.java:65)
	at com.kms.katalon.core.main.TestSuiteExecutor.accessTestSuiteMainPhase(TestSuiteExecutor.java:148)
	at com.kms.katalon.core.main.TestSuiteExecutor.execute(TestSuiteExecutor.java:106)
	at com.kms.katalon.core.main.TestCaseMain.startTestSuite(TestCaseMain.java:187)
	at com.kms.katalon.core.main.TestCaseMain$startTestSuite$0.call(Unknown Source)
	at TempTestSuite1715800219174.run(TempTestSuite1715800219174.groovy:35)
Caused by: org.openqa.selenium.NoSuchElementException: Cannot locate element with text: 2020
For documentation on this error, please visit: https://www.seleniumhq.org/exceptions/no_such_element.html
Build info: version: '3.141.59', revision: 'e82be7d358', time: '2018-11-14T08:25:53'
System info: host: 'DESKTOP-B2QI6NS', ip: '172.31.253.185', os.name: 'Windows 10', os.arch: 'amd64', os.version: '10.0', java.version: '1.8.0_181'
Driver info: driver.version: unknown
	at org.openqa.selenium.support.ui.Select.selectByVisibleText(Select.java:147)
	at com.kms.katalon.core.webui.common.WebUiCommonHelper.selectOrDeselectOptionsByLabel(WebUiCommonHelper.java:310)
	at com.kms.katalon.core.webui.keyword.builtin.SelectOptionByLabelKeyword$_selectOptionByLabel_closure1.doCall(SelectOptionByLabelKeyword.groovy:87)
	at com.kms.katalon.core.webui.keyword.builtin.SelectOptionByLabelKeyword$_selectOptionByLabel_closure1.call(SelectOptionByLabelKeyword.groovy)
	at com.kms.katalon.core.webui.keyword.internal.WebUIKeywordMain.runKeyword(WebUIKeywordMain.groovy:20)
	at com.kms.katalon.core.webui.keyword.builtin.SelectOptionByLabelKeyword.selectOptionByLabel(SelectOptionByLabelKeyword.groovy:98)
	at com.kms.katalon.core.webui.keyword.builtin.SelectOptionByLabelKeyword.execute(SelectOptionByLabelKeyword.groovy:71)
	at com.kms.katalon.core.keyword.internal.KeywordExecutor.executeKeywordForPlatform(KeywordExecutor.groovy:74)
	at com.kms.katalon.core.webui.keyword.WebUiBuiltInKeywords.selectOptionByLabel(WebUiBuiltInKeywords.groovy:1230)
	at com.kms.katalon.core.webui.keyword.WebUiBuiltInKeywords$selectOptionByLabel$7.call(Unknown Source)
	at Script1594763390433.run(Script1594763390433.groovy:179)
	... 13 more
)
[[ATTACHMENT|E:\\Cloned-Project-Katalon\\VPS-Katalon\\Reports\\20240515_151019\\QA\\IWP3.0\\IWP30 Smoke TestSuite\\20240515_151019\\1715803732337.png]]

2024-05-15 16:08:53 - [TEST_STEP][PASSED] - if (verifyElementPresent(findTestObject("Object Repository/IWP30/Page_CCPaymentEntry/AL1"), 30)): null

2024-05-15 16:08:53 - [MESSAGE][PASSED] - Object 'Object Repository/IWP30/Page_CCPaymentEntry/AL1' is present

2024-05-15 16:08:53 - [TEST_STEP][PASSED] - setText(findTestObject("Object Repository/IWP30/Page_CCPaymentEntry/AL1"), "18 Manhattan road"): Text '18 Manhattan road' is set on object 'Object Repository/IWP30/Page_CCPaymentEntry/AL1'

2024-05-15 16:08:54 - [MESSAGE][PASSED] - Text '18 Manhattan road' is set on object 'Object Repository/IWP30/Page_CCPaymentEntry/AL1'

2024-05-15 16:08:54 - [TEST_STEP][PASSED] - if (verifyElementPresent(findTestObject("Object Repository/IWP30/Page_CCPaymentEntry/AL2"), 30)): null

2024-05-15 16:08:54 - [MESSAGE][PASSED] - Object 'Object Repository/IWP30/Page_CCPaymentEntry/AL2' is present

2024-05-15 16:08:54 - [TEST_STEP][PASSED] - setText(findTestObject("Object Repository/IWP30/Page_CCPaymentEntry/AL2"), "Room 1"): Text 'Room 1' is set on object 'Object Repository/IWP30/Page_CCPaymentEntry/AL2'

2024-05-15 16:08:55 - [MESSAGE][PASSED] - Text 'Room 1' is set on object 'Object Repository/IWP30/Page_CCPaymentEntry/AL2'

2024-05-15 16:08:55 - [TEST_STEP][PASSED] - if (verifyElementPresent(findTestObject("Object Repository/IWP30/Page_CCPaymentEntry/ZIP"), 30)): null

2024-05-15 16:08:55 - [MESSAGE][PASSED] - Object 'Object Repository/IWP30/Page_CCPaymentEntry/ZIP' is present

2024-05-15 16:08:55 - [TEST_STEP][PASSED] - setText(findTestObject("Object Repository/IWP30/Page_CCPaymentEntry/ZIP"), "22201"): Text '22201' is set on object 'Object Repository/IWP30/Page_CCPaymentEntry/ZIP'

2024-05-15 16:08:55 - [MESSAGE][PASSED] - Text '22201' is set on object 'Object Repository/IWP30/Page_CCPaymentEntry/ZIP'

2024-05-15 16:08:55 - [TEST_STEP][PASSED] - if (verifyElementPresent(findTestObject("Object Repository/IWP30/Page_CCPaymentEntry/EmailAddress"), 30)): null

2024-05-15 16:08:56 - [MESSAGE][PASSED] - Object 'Object Repository/IWP30/Page_CCPaymentEntry/EmailAddress' is present

2024-05-15 16:08:56 - [TEST_STEP][PASSED] - setText(findTestObject("Object Repository/IWP30/Page_CCPaymentEntry/EmailAddress"), "Myemail@email.com"): Text 'Myemail@email.com' is set on object 'Object Repository/IWP30/Page_CCPaymentEntry/EmailAddress'

2024-05-15 16:08:57 - [MESSAGE][PASSED] - Text 'Myemail@email.com' is set on object 'Object Repository/IWP30/Page_CCPaymentEntry/EmailAddress'

2024-05-15 16:08:57 - [TEST_STEP][PASSED] - if (verifyElementPresent(findTestObject("Object Repository/IWP30/Page_CCPaymentEntry/TermCondCheckBox"), 30)): null

2024-05-15 16:08:57 - [MESSAGE][PASSED] - Object 'Object Repository/IWP30/Page_CCPaymentEntry/TermCondCheckBox' is present

2024-05-15 16:08:57 - [TEST_STEP][PASSED] - check(findTestObject("Object Repository/IWP30/Page_CCPaymentEntry/TermCondCheckBox")): Object 'Object Repository/IWP30/Page_CCPaymentEntry/TermCondCheckBox' is checked

2024-05-15 16:08:57 - [MESSAGE][PASSED] - Object 'Object Repository/IWP30/Page_CCPaymentEntry/TermCondCheckBox' is checked

2024-05-15 16:08:57 - [TEST_STEP][PASSED] - if (verifyElementPresent(findTestObject("Object Repository/IWP30/Page_CCPaymentEntry/ContinueButton"), 30)): null

2024-05-15 16:08:58 - [MESSAGE][PASSED] - Object 'Object Repository/IWP30/Page_CCPaymentEntry/ContinueButton' is present

2024-05-15 16:08:58 - [TEST_STEP][PASSED] - click(findTestObject("Object Repository/IWP30/Page_CCPaymentEntry/ContinueButton")): Object: 'Object Repository/IWP30/Page_CCPaymentEntry/ContinueButton' is clicked on

2024-05-15 16:08:59 - [MESSAGE][PASSED] - Object: 'Object Repository/IWP30/Page_CCPaymentEntry/ContinueButton' is clicked on

2024-05-15 16:08:59 - [TEST_STEP][FAILED] - verifyTextPresent("Invalid card expiration date", false): Text 'Invalid card expiration date' is not present on page  (Root cause: com.kms.katalon.core.exception.StepFailedException: Text 'Invalid card expiration date' is not present on page 
	at com.kms.katalon.core.webui.keyword.internal.WebUIKeywordMain.stepFailed(WebUIKeywordMain.groovy:64)
	at com.kms.katalon.core.webui.keyword.builtin.VerifyTextPresentKeyword$_verifyTextPresent_closure1.doCall(VerifyTextPresentKeyword.groovy:79)
	at com.kms.katalon.core.webui.keyword.builtin.VerifyTextPresentKeyword$_verifyTextPresent_closure1.call(VerifyTextPresentKeyword.groovy)
	at com.kms.katalon.core.webui.keyword.internal.WebUIKeywordMain.runKeyword(WebUIKeywordMain.groovy:20)
	at com.kms.katalon.core.webui.keyword.builtin.VerifyTextPresentKeyword.verifyTextPresent(VerifyTextPresentKeyword.groovy:83)
	at com.kms.katalon.core.webui.keyword.builtin.VerifyTextPresentKeyword.execute(VerifyTextPresentKeyword.groovy:68)
	at com.kms.katalon.core.keyword.internal.KeywordExecutor.executeKeywordForPlatform(KeywordExecutor.groovy:74)
	at com.kms.katalon.core.webui.keyword.WebUiBuiltInKeywords.verifyTextPresent(WebUiBuiltInKeywords.groovy:1723)
	at com.kms.katalon.core.webui.keyword.WebUiBuiltInKeywords$verifyTextPresent$8.call(Unknown Source)
	at CardExpiredErrorCC.run(CardExpiredErrorCC:261)
	at com.kms.katalon.core.main.ScriptEngine.run(ScriptEngine.java:194)
	at com.kms.katalon.core.main.ScriptEngine.runScriptAsRawText(ScriptEngine.java:119)
	at com.kms.katalon.core.main.TestCaseExecutor.runScript(TestCaseExecutor.java:448)
	at com.kms.katalon.core.main.TestCaseExecutor.doExecute(TestCaseExecutor.java:439)
	at com.kms.katalon.core.main.TestCaseExecutor.processExecutionPhase(TestCaseExecutor.java:418)
	at com.kms.katalon.core.main.TestCaseExecutor.accessMainPhase(TestCaseExecutor.java:410)
	at com.kms.katalon.core.main.TestCaseExecutor.execute(TestCaseExecutor.java:285)
	at com.kms.katalon.core.common.CommonExecutor.accessTestCaseMainPhase(CommonExecutor.java:65)
	at com.kms.katalon.core.main.TestSuiteExecutor.accessTestSuiteMainPhase(TestSuiteExecutor.java:148)
	at com.kms.katalon.core.main.TestSuiteExecutor.execute(TestSuiteExecutor.java:106)
	at com.kms.katalon.core.main.TestCaseMain.startTestSuite(TestCaseMain.java:187)
	at com.kms.katalon.core.main.TestCaseMain$startTestSuite$0.call(Unknown Source)
	at TempTestSuite1715800219174.run(TempTestSuite1715800219174.groovy:35)
)

2024-05-15 16:09:00 - [MESSAGE][FAILED] - Text 'Invalid card expiration date' is not present on page  (Root cause: com.kms.katalon.core.exception.StepFailedException: Text 'Invalid card expiration date' is not present on page 
	at com.kms.katalon.core.webui.keyword.internal.WebUIKeywordMain.stepFailed(WebUIKeywordMain.groovy:64)
	at com.kms.katalon.core.webui.keyword.builtin.VerifyTextPresentKeyword$_verifyTextPresent_closure1.doCall(VerifyTextPresentKeyword.groovy:79)
	at com.kms.katalon.core.webui.keyword.builtin.VerifyTextPresentKeyword$_verifyTextPresent_closure1.call(VerifyTextPresentKeyword.groovy)
	at com.kms.katalon.core.webui.keyword.internal.WebUIKeywordMain.runKeyword(WebUIKeywordMain.groovy:20)
	at com.kms.katalon.core.webui.keyword.builtin.VerifyTextPresentKeyword.verifyTextPresent(VerifyTextPresentKeyword.groovy:83)
	at com.kms.katalon.core.webui.keyword.builtin.VerifyTextPresentKeyword.execute(VerifyTextPresentKeyword.groovy:68)
	at com.kms.katalon.core.keyword.internal.KeywordExecutor.executeKeywordForPlatform(KeywordExecutor.groovy:74)
	at com.kms.katalon.core.webui.keyword.WebUiBuiltInKeywords.verifyTextPresent(WebUiBuiltInKeywords.groovy:1723)
	at com.kms.katalon.core.webui.keyword.WebUiBuiltInKeywords$verifyTextPresent$8.call(Unknown Source)
	at CardExpiredErrorCC.run(CardExpiredErrorCC:261)
	at com.kms.katalon.core.main.ScriptEngine.run(ScriptEngine.java:194)
	at com.kms.katalon.core.main.ScriptEngine.runScriptAsRawText(ScriptEngine.java:119)
	at com.kms.katalon.core.main.TestCaseExecutor.runScript(TestCaseExecutor.java:448)
	at com.kms.katalon.core.main.TestCaseExecutor.doExecute(TestCaseExecutor.java:439)
	at com.kms.katalon.core.main.TestCaseExecutor.processExecutionPhase(TestCaseExecutor.java:418)
	at com.kms.katalon.core.main.TestCaseExecutor.accessMainPhase(TestCaseExecutor.java:410)
	at com.kms.katalon.core.main.TestCaseExecutor.execute(TestCaseExecutor.java:285)
	at com.kms.katalon.core.common.CommonExecutor.accessTestCaseMainPhase(CommonExecutor.java:65)
	at com.kms.katalon.core.main.TestSuiteExecutor.accessTestSuiteMainPhase(TestSuiteExecutor.java:148)
	at com.kms.katalon.core.main.TestSuiteExecutor.execute(TestSuiteExecutor.java:106)
	at com.kms.katalon.core.main.TestCaseMain.startTestSuite(TestCaseMain.java:187)
	at com.kms.katalon.core.main.TestCaseMain$startTestSuite$0.call(Unknown Source)
	at TempTestSuite1715800219174.run(TempTestSuite1715800219174.groovy:35)
)

2024-05-15 16:09:00 - [TEST_STEP][PASSED] - closeBrowser(): Browser is closed

2024-05-15 16:09:01 - [MESSAGE][PASSED] - Browser is closed]]></system-out>
         <system-err><![CDATA[2024-05-15 16:08:04 - [TEST_CASE][FAILED] - Test Cases/IntegratedWeb/IWP30/Errors/CardExpiredErrorCC: Test Cases/IntegratedWeb/IWP30/Errors/CardExpiredErrorCC FAILED.
Reason:
com.kms.katalon.core.exception.StepFailedException: Unable to select option by label '2020' of object 'Object Repository/IWP30/Page_CCPaymentEntry/Year'  (Root cause: com.kms.katalon.core.exception.StepFailedException: Unable to select option by label '2020' of object 'Object Repository/IWP30/Page_CCPaymentEntry/Year' 
	at com.kms.katalon.core.webui.keyword.internal.WebUIKeywordMain.stepFailed(WebUIKeywordMain.groovy:64)
	at com.kms.katalon.core.webui.keyword.internal.WebUIKeywordMain.runKeyword(WebUIKeywordMain.groovy:26)
	at com.kms.katalon.core.webui.keyword.builtin.SelectOptionByLabelKeyword.selectOptionByLabel(SelectOptionByLabelKeyword.groovy:98)
	at com.kms.katalon.core.webui.keyword.builtin.SelectOptionByLabelKeyword.execute(SelectOptionByLabelKeyword.groovy:71)
	at com.kms.katalon.core.keyword.internal.KeywordExecutor.executeKeywordForPlatform(KeywordExecutor.groovy:74)
	at com.kms.katalon.core.webui.keyword.WebUiBuiltInKeywords.selectOptionByLabel(WebUiBuiltInKeywords.groovy:1230)
	at com.kms.katalon.core.webui.keyword.WebUiBuiltInKeywords$selectOptionByLabel$7.call(Unknown Source)
	at CardExpiredErrorCC.run(CardExpiredErrorCC:179)
	at com.kms.katalon.core.main.ScriptEngine.run(ScriptEngine.java:194)
	at com.kms.katalon.core.main.ScriptEngine.runScriptAsRawText(ScriptEngine.java:119)
	at com.kms.katalon.core.main.TestCaseExecutor.runScript(TestCaseExecutor.java:448)
	at com.kms.katalon.core.main.TestCaseExecutor.doExecute(TestCaseExecutor.java:439)
	at com.kms.katalon.core.main.TestCaseExecutor.processExecutionPhase(TestCaseExecutor.java:418)
	at com.kms.katalon.core.main.TestCaseExecutor.accessMainPhase(TestCaseExecutor.java:410)
	at com.kms.katalon.core.main.TestCaseExecutor.execute(TestCaseExecutor.java:285)
	at com.kms.katalon.core.common.CommonExecutor.accessTestCaseMainPhase(CommonExecutor.java:65)
	at com.kms.katalon.core.main.TestSuiteExecutor.accessTestSuiteMainPhase(TestSuiteExecutor.java:148)
	at com.kms.katalon.core.main.TestSuiteExecutor.execute(TestSuiteExecutor.java:106)
	at com.kms.katalon.core.main.TestCaseMain.startTestSuite(TestCaseMain.java:187)
	at com.kms.katalon.core.main.TestCaseMain$startTestSuite$0.call(Unknown Source)
	at TempTestSuite1715800219174.run(TempTestSuite1715800219174.groovy:35)
Caused by: org.openqa.selenium.NoSuchElementException: Cannot locate element with text: 2020
For documentation on this error, please visit: https://www.seleniumhq.org/exceptions/no_such_element.html
Build info: version: '3.141.59', revision: 'e82be7d358', time: '2018-11-14T08:25:53'
System info: host: 'DESKTOP-B2QI6NS', ip: '172.31.253.185', os.name: 'Windows 10', os.arch: 'amd64', os.version: '10.0', java.version: '1.8.0_181'
Driver info: driver.version: unknown
	at org.openqa.selenium.support.ui.Select.selectByVisibleText(Select.java:147)
	at com.kms.katalon.core.webui.common.WebUiCommonHelper.selectOrDeselectOptionsByLabel(WebUiCommonHelper.java:310)
	at com.kms.katalon.core.webui.keyword.builtin.SelectOptionByLabelKeyword$_selectOptionByLabel_closure1.doCall(SelectOptionByLabelKeyword.groovy:87)
	at com.kms.katalon.core.webui.keyword.builtin.SelectOptionByLabelKeyword$_selectOptionByLabel_closure1.call(SelectOptionByLabelKeyword.groovy)
	at com.kms.katalon.core.webui.keyword.internal.WebUIKeywordMain.runKeyword(WebUIKeywordMain.groovy:20)
	at com.kms.katalon.core.webui.keyword.builtin.SelectOptionByLabelKeyword.selectOptionByLabel(SelectOptionByLabelKeyword.groovy:98)
	at com.kms.katalon.core.webui.keyword.builtin.SelectOptionByLabelKeyword.execute(SelectOptionByLabelKeyword.groovy:71)
	at com.kms.katalon.core.keyword.internal.KeywordExecutor.executeKeywordForPlatform(KeywordExecutor.groovy:74)
	at com.kms.katalon.core.webui.keyword.WebUiBuiltInKeywords.selectOptionByLabel(WebUiBuiltInKeywords.groovy:1230)
	at com.kms.katalon.core.webui.keyword.WebUiBuiltInKeywords$selectOptionByLabel$7.call(Unknown Source)
	at Script1594763390433.run(Script1594763390433.groovy:179)
	... 13 more
)
	at com.kms.katalon.core.keyword.internal.KeywordMain.stepFailed(KeywordMain.groovy:39)
	at com.kms.katalon.core.webui.keyword.internal.WebUIKeywordMain.stepFailed(WebUIKeywordMain.groovy:64)
	at com.kms.katalon.core.webui.keyword.internal.WebUIKeywordMain.runKeyword(WebUIKeywordMain.groovy:26)
	at com.kms.katalon.core.webui.keyword.builtin.SelectOptionByLabelKeyword.selectOptionByLabel(SelectOptionByLabelKeyword.groovy:98)
	at com.kms.katalon.core.webui.keyword.builtin.SelectOptionByLabelKeyword.execute(SelectOptionByLabelKeyword.groovy:71)
	at com.kms.katalon.core.keyword.internal.KeywordExecutor.executeKeywordForPlatform(KeywordExecutor.groovy:74)
	at com.kms.katalon.core.webui.keyword.WebUiBuiltInKeywords.selectOptionByLabel(WebUiBuiltInKeywords.groovy:1230)
	at com.kms.katalon.core.webui.keyword.WebUiBuiltInKeywords$selectOptionByLabel$7.call(Unknown Source)
	at CardExpiredErrorCC.run(CardExpiredErrorCC:179)
	at com.kms.katalon.core.main.ScriptEngine.run(ScriptEngine.java:194)
	at com.kms.katalon.core.main.ScriptEngine.runScriptAsRawText(ScriptEngine.java:119)
	at com.kms.katalon.core.main.TestCaseExecutor.runScript(TestCaseExecutor.java:448)
	at com.kms.katalon.core.main.TestCaseExecutor.doExecute(TestCaseExecutor.java:439)
	at com.kms.katalon.core.main.TestCaseExecutor.processExecutionPhase(TestCaseExecutor.java:418)
	at com.kms.katalon.core.main.TestCaseExecutor.accessMainPhase(TestCaseExecutor.java:410)
	at com.kms.katalon.core.main.TestCaseExecutor.execute(TestCaseExecutor.java:285)
	at com.kms.katalon.core.common.CommonExecutor.accessTestCaseMainPhase(CommonExecutor.java:65)
	at com.kms.katalon.core.main.TestSuiteExecutor.accessTestSuiteMainPhase(TestSuiteExecutor.java:148)
	at com.kms.katalon.core.main.TestSuiteExecutor.execute(TestSuiteExecutor.java:106)
	at com.kms.katalon.core.main.TestCaseMain.startTestSuite(TestCaseMain.java:187)
	at com.kms.katalon.core.main.TestCaseMain$startTestSuite$0.call(Unknown Source)
	at TempTestSuite1715800219174.run(TempTestSuite1715800219174.groovy:35)
Caused by: com.kms.katalon.core.exception.StepFailedException: Unable to select option by label '2020' of object 'Object Repository/IWP30/Page_CCPaymentEntry/Year' 
	... 21 more
Caused by: org.openqa.selenium.NoSuchElementException: Cannot locate element with text: 2020
For documentation on this error, please visit: https://www.seleniumhq.org/exceptions/no_such_element.html
Build info: version: '3.141.59', revision: 'e82be7d358', time: '2018-11-14T08:25:53'
System info: host: 'DESKTOP-B2QI6NS', ip: '172.31.253.185', os.name: 'Windows 10', os.arch: 'amd64', os.version: '10.0', java.version: '1.8.0_181'
Driver info: driver.version: unknown
	at org.openqa.selenium.support.ui.Select.selectByVisibleText(Select.java:147)
	at com.kms.katalon.core.webui.common.WebUiCommonHelper.selectOrDeselectOptionsByLabel(WebUiCommonHelper.java:310)
	at com.kms.katalon.core.webui.keyword.builtin.SelectOptionByLabelKeyword$_selectOptionByLabel_closure1.doCall(SelectOptionByLabelKeyword.groovy:87)
	at com.kms.katalon.core.webui.keyword.builtin.SelectOptionByLabelKeyword$_selectOptionByLabel_closure1.call(SelectOptionByLabelKeyword.groovy)
	at com.kms.katalon.core.webui.keyword.internal.WebUIKeywordMain.runKeyword(WebUIKeywordMain.groovy:20)
	... 19 more]]></system-err>
      </testcase>
      <testcase name="Test Cases/IntegratedWeb/IWP30/Errors/NoOverPayError" time="133.29" classname="Test Cases/IntegratedWeb/IWP30/Errors/NoOverPayError" status="FAILED">
         <failure type="FAILED" message="Test Cases/IntegratedWeb/IWP30/Errors/NoOverPayError FAILED.
Reason:
com.kms.katalon.core.exception.StepFailedException: Unable to check object 'Object Repository/IWP30/Page_SelectPaymentMethod/PayByCreditCard' (Root cause: com.kms.katalon.core.exception.StepFailedException: Unable to check object 'Object Repository/IWP30/Page_SelectPaymentMethod/PayByCreditCard'
	at com.kms.katalon.core.webui.keyword.internal.WebUIKeywordMain.stepFailed(WebUIKeywordMain.groovy:64)
	at com.kms.katalon.core.webui.keyword.internal.WebUIKeywordMain.runKeyword(WebUIKeywordMain.groovy:26)
	at com.kms.katalon.core.webui.keyword.builtin.CheckKeyword.check(CheckKeyword.groovy:88)
	at com.kms.katalon.core.webui.keyword.builtin.CheckKeyword.execute(CheckKeyword.groovy:67)
	at com.kms.katalon.core.keyword.internal.KeywordExecutor.executeKeywordForPlatform(KeywordExecutor.groovy:74)
	at com.kms.katalon.core.webui.keyword.WebUiBuiltInKeywords.check(WebUiBuiltInKeywords.groovy:1069)
	at com.kms.katalon.core.webui.keyword.WebUiBuiltInKeywords$check$6.call(Unknown Source)
	at NoOverPayError.run(NoOverPayError:75)
	at com.kms.katalon.core.main.ScriptEngine.run(ScriptEngine.java:194)
	at com.kms.katalon.core.main.ScriptEngine.runScriptAsRawText(ScriptEngine.java:119)
	at com.kms.katalon.core.main.TestCaseExecutor.runScript(TestCaseExecutor.java:448)
	at com.kms.katalon.core.main.TestCaseExecutor.doExecute(TestCaseExecutor.java:439)
	at com.kms.katalon.core.main.TestCaseExecutor.processExecutionPhase(TestCaseExecutor.java:418)
	at com.kms.katalon.core.main.TestCaseExecutor.accessMainPhase(TestCaseExecutor.java:410)
	at com.kms.katalon.core.main.TestCaseExecutor.execute(TestCaseExecutor.java:285)
	at com.kms.katalon.core.common.CommonExecutor.accessTestCaseMainPhase(CommonExecutor.java:65)
	at com.kms.katalon.core.main.TestSuiteExecutor.accessTestSuiteMainPhase(TestSuiteExecutor.java:148)
	at com.kms.katalon.core.main.TestSuiteExecutor.execute(TestSuiteExecutor.java:106)
	at com.kms.katalon.core.main.TestCaseMain.startTestSuite(TestCaseMain.java:187)
	at com.kms.katalon.core.main.TestCaseMain$startTestSuite$0.call(Unknown Source)
	at TempTestSuite1715800219174.run(TempTestSuite1715800219174.groovy:35)
Caused by: com.kms.katalon.core.webui.exception.WebElementNotFoundException: Web element with id: 'Object Repository/IWP30/Page_SelectPaymentMethod/PayByCreditCard' located by '//*[@type = 'radio' and @name = 'paymentMethod' and @alt = 'Pay by Credit or Debit Card']' not found
	at com.kms.katalon.core.webui.common.WebUiCommonHelper.findWebElement(WebUiCommonHelper.java:1381)
	at com.kms.katalon.core.webui.keyword.internal.WebUIAbstractKeyword.findWebElement(WebUIAbstractKeyword.groovy:27)
	at com.kms.katalon.core.webui.keyword.internal.WebUIAbstractKeyword.findWebElement(WebUIAbstractKeyword.groovy:26)
	at com.kms.katalon.core.webui.keyword.builtin.CheckKeyword$_check_closure1.doCall(CheckKeyword.groovy:77)
	at com.kms.katalon.core.webui.keyword.builtin.CheckKeyword$_check_closure1.call(CheckKeyword.groovy)
	at com.kms.katalon.core.webui.keyword.internal.WebUIKeywordMain.runKeyword(WebUIKeywordMain.groovy:20)
	at com.kms.katalon.core.webui.keyword.builtin.CheckKeyword.check(CheckKeyword.groovy:88)
	at com.kms.katalon.core.webui.keyword.builtin.CheckKeyword.execute(CheckKeyword.groovy:67)
	at com.kms.katalon.core.keyword.internal.KeywordExecutor.executeKeywordForPlatform(KeywordExecutor.groovy:74)
	at com.kms.katalon.core.webui.keyword.WebUiBuiltInKeywords.check(WebUiBuiltInKeywords.groovy:1069)
	at com.kms.katalon.core.webui.keyword.WebUiBuiltInKeywords$check$6.call(Unknown Source)
	at Script1688761977180.run(Script1688761977180.groovy:75)
	... 13 more
)
	at com.kms.katalon.core.keyword.internal.KeywordMain.stepFailed(KeywordMain.groovy:39)
	at com.kms.katalon.core.webui.keyword.internal.WebUIKeywordMain.stepFailed(WebUIKeywordMain.groovy:64)
	at com.kms.katalon.core.webui.keyword.internal.WebUIKeywordMain.runKeyword(WebUIKeywordMain.groovy:26)
	at com.kms.katalon.core.webui.keyword.builtin.CheckKeyword.check(CheckKeyword.groovy:88)
	at com.kms.katalon.core.webui.keyword.builtin.CheckKeyword.execute(CheckKeyword.groovy:67)
	at com.kms.katalon.core.keyword.internal.KeywordExecutor.executeKeywordForPlatform(KeywordExecutor.groovy:74)
	at com.kms.katalon.core.webui.keyword.WebUiBuiltInKeywords.check(WebUiBuiltInKeywords.groovy:1069)
	at com.kms.katalon.core.webui.keyword.WebUiBuiltInKeywords$check$6.call(Unknown Source)
	at NoOverPayError.run(NoOverPayError:75)
	at com.kms.katalon.core.main.ScriptEngine.run(ScriptEngine.java:194)
	at com.kms.katalon.core.main.ScriptEngine.runScriptAsRawText(ScriptEngine.java:119)
	at com.kms.katalon.core.main.TestCaseExecutor.runScript(TestCaseExecutor.java:448)
	at com.kms.katalon.core.main.TestCaseExecutor.doExecute(TestCaseExecutor.java:439)
	at com.kms.katalon.core.main.TestCaseExecutor.processExecutionPhase(TestCaseExecutor.java:418)
	at com.kms.katalon.core.main.TestCaseExecutor.accessMainPhase(TestCaseExecutor.java:410)
	at com.kms.katalon.core.main.TestCaseExecutor.execute(TestCaseExecutor.java:285)
	at com.kms.katalon.core.common.CommonExecutor.accessTestCaseMainPhase(CommonExecutor.java:65)
	at com.kms.katalon.core.main.TestSuiteExecutor.accessTestSuiteMainPhase(TestSuiteExecutor.java:148)
	at com.kms.katalon.core.main.TestSuiteExecutor.execute(TestSuiteExecutor.java:106)
	at com.kms.katalon.core.main.TestCaseMain.startTestSuite(TestCaseMain.java:187)
	at com.kms.katalon.core.main.TestCaseMain$startTestSuite$0.call(Unknown Source)
	at TempTestSuite1715800219174.run(TempTestSuite1715800219174.groovy:35)
Caused by: com.kms.katalon.core.exception.StepFailedException: Unable to check object 'Object Repository/IWP30/Page_SelectPaymentMethod/PayByCreditCard'
	... 21 more
Caused by: com.kms.katalon.core.webui.exception.WebElementNotFoundException: Web element with id: 'Object Repository/IWP30/Page_SelectPaymentMethod/PayByCreditCard' located by '//*[@type = 'radio' and @name = 'paymentMethod' and @alt = 'Pay by Credit or Debit Card']' not found
	at com.kms.katalon.core.webui.common.WebUiCommonHelper.findWebElement(WebUiCommonHelper.java:1381)
	at com.kms.katalon.core.webui.keyword.internal.WebUIAbstractKeyword.findWebElement(WebUIAbstractKeyword.groovy:27)
	at com.kms.katalon.core.webui.keyword.internal.WebUIAbstractKeyword.findWebElement(WebUIAbstractKeyword.groovy:26)
	at com.kms.katalon.core.webui.keyword.builtin.CheckKeyword$_check_closure1.doCall(CheckKeyword.groovy:77)
	at com.kms.katalon.core.webui.keyword.builtin.CheckKeyword$_check_closure1.call(CheckKeyword.groovy)
	at com.kms.katalon.core.webui.keyword.internal.WebUIKeywordMain.runKeyword(WebUIKeywordMain.groovy:20)
	... 19 more
"/>
         <system-out><![CDATA[2024-05-15 16:09:01 - [TEST_CASE][FAILED] - Test Cases/IntegratedWeb/IWP30/Errors/NoOverPayError: Test Cases/IntegratedWeb/IWP30/Errors/NoOverPayError FAILED.
Reason:
com.kms.katalon.core.exception.StepFailedException: Unable to check object 'Object Repository/IWP30/Page_SelectPaymentMethod/PayByCreditCard' (Root cause: com.kms.katalon.core.exception.StepFailedException: Unable to check object 'Object Repository/IWP30/Page_SelectPaymentMethod/PayByCreditCard'
	at com.kms.katalon.core.webui.keyword.internal.WebUIKeywordMain.stepFailed(WebUIKeywordMain.groovy:64)
	at com.kms.katalon.core.webui.keyword.internal.WebUIKeywordMain.runKeyword(WebUIKeywordMain.groovy:26)
	at com.kms.katalon.core.webui.keyword.builtin.CheckKeyword.check(CheckKeyword.groovy:88)
	at com.kms.katalon.core.webui.keyword.builtin.CheckKeyword.execute(CheckKeyword.groovy:67)
	at com.kms.katalon.core.keyword.internal.KeywordExecutor.executeKeywordForPlatform(KeywordExecutor.groovy:74)
	at com.kms.katalon.core.webui.keyword.WebUiBuiltInKeywords.check(WebUiBuiltInKeywords.groovy:1069)
	at com.kms.katalon.core.webui.keyword.WebUiBuiltInKeywords$check$6.call(Unknown Source)
	at NoOverPayError.run(NoOverPayError:75)
	at com.kms.katalon.core.main.ScriptEngine.run(ScriptEngine.java:194)
	at com.kms.katalon.core.main.ScriptEngine.runScriptAsRawText(ScriptEngine.java:119)
	at com.kms.katalon.core.main.TestCaseExecutor.runScript(TestCaseExecutor.java:448)
	at com.kms.katalon.core.main.TestCaseExecutor.doExecute(TestCaseExecutor.java:439)
	at com.kms.katalon.core.main.TestCaseExecutor.processExecutionPhase(TestCaseExecutor.java:418)
	at com.kms.katalon.core.main.TestCaseExecutor.accessMainPhase(TestCaseExecutor.java:410)
	at com.kms.katalon.core.main.TestCaseExecutor.execute(TestCaseExecutor.java:285)
	at com.kms.katalon.core.common.CommonExecutor.accessTestCaseMainPhase(CommonExecutor.java:65)
	at com.kms.katalon.core.main.TestSuiteExecutor.accessTestSuiteMainPhase(TestSuiteExecutor.java:148)
	at com.kms.katalon.core.main.TestSuiteExecutor.execute(TestSuiteExecutor.java:106)
	at com.kms.katalon.core.main.TestCaseMain.startTestSuite(TestCaseMain.java:187)
	at com.kms.katalon.core.main.TestCaseMain$startTestSuite$0.call(Unknown Source)
	at TempTestSuite1715800219174.run(TempTestSuite1715800219174.groovy:35)
Caused by: com.kms.katalon.core.webui.exception.WebElementNotFoundException: Web element with id: 'Object Repository/IWP30/Page_SelectPaymentMethod/PayByCreditCard' located by '//*[@type = 'radio' and @name = 'paymentMethod' and @alt = 'Pay by Credit or Debit Card']' not found
	at com.kms.katalon.core.webui.common.WebUiCommonHelper.findWebElement(WebUiCommonHelper.java:1381)
	at com.kms.katalon.core.webui.keyword.internal.WebUIAbstractKeyword.findWebElement(WebUIAbstractKeyword.groovy:27)
	at com.kms.katalon.core.webui.keyword.internal.WebUIAbstractKeyword.findWebElement(WebUIAbstractKeyword.groovy:26)
	at com.kms.katalon.core.webui.keyword.builtin.CheckKeyword$_check_closure1.doCall(CheckKeyword.groovy:77)
	at com.kms.katalon.core.webui.keyword.builtin.CheckKeyword$_check_closure1.call(CheckKeyword.groovy)
	at com.kms.katalon.core.webui.keyword.internal.WebUIKeywordMain.runKeyword(WebUIKeywordMain.groovy:20)
	at com.kms.katalon.core.webui.keyword.builtin.CheckKeyword.check(CheckKeyword.groovy:88)
	at com.kms.katalon.core.webui.keyword.builtin.CheckKeyword.execute(CheckKeyword.groovy:67)
	at com.kms.katalon.core.keyword.internal.KeywordExecutor.executeKeywordForPlatform(KeywordExecutor.groovy:74)
	at com.kms.katalon.core.webui.keyword.WebUiBuiltInKeywords.check(WebUiBuiltInKeywords.groovy:1069)
	at com.kms.katalon.core.webui.keyword.WebUiBuiltInKeywords$check$6.call(Unknown Source)
	at Script1688761977180.run(Script1688761977180.groovy:75)
	... 13 more
)
	at com.kms.katalon.core.keyword.internal.KeywordMain.stepFailed(KeywordMain.groovy:39)
	at com.kms.katalon.core.webui.keyword.internal.WebUIKeywordMain.stepFailed(WebUIKeywordMain.groovy:64)
	at com.kms.katalon.core.webui.keyword.internal.WebUIKeywordMain.runKeyword(WebUIKeywordMain.groovy:26)
	at com.kms.katalon.core.webui.keyword.builtin.CheckKeyword.check(CheckKeyword.groovy:88)
	at com.kms.katalon.core.webui.keyword.builtin.CheckKeyword.execute(CheckKeyword.groovy:67)
	at com.kms.katalon.core.keyword.internal.KeywordExecutor.executeKeywordForPlatform(KeywordExecutor.groovy:74)
	at com.kms.katalon.core.webui.keyword.WebUiBuiltInKeywords.check(WebUiBuiltInKeywords.groovy:1069)
	at com.kms.katalon.core.webui.keyword.WebUiBuiltInKeywords$check$6.call(Unknown Source)
	at NoOverPayError.run(NoOverPayError:75)
	at com.kms.katalon.core.main.ScriptEngine.run(ScriptEngine.java:194)
	at com.kms.katalon.core.main.ScriptEngine.runScriptAsRawText(ScriptEngine.java:119)
	at com.kms.katalon.core.main.TestCaseExecutor.runScript(TestCaseExecutor.java:448)
	at com.kms.katalon.core.main.TestCaseExecutor.doExecute(TestCaseExecutor.java:439)
	at com.kms.katalon.core.main.TestCaseExecutor.processExecutionPhase(TestCaseExecutor.java:418)
	at com.kms.katalon.core.main.TestCaseExecutor.accessMainPhase(TestCaseExecutor.java:410)
	at com.kms.katalon.core.main.TestCaseExecutor.execute(TestCaseExecutor.java:285)
	at com.kms.katalon.core.common.CommonExecutor.accessTestCaseMainPhase(CommonExecutor.java:65)
	at com.kms.katalon.core.main.TestSuiteExecutor.accessTestSuiteMainPhase(TestSuiteExecutor.java:148)
	at com.kms.katalon.core.main.TestSuiteExecutor.execute(TestSuiteExecutor.java:106)
	at com.kms.katalon.core.main.TestCaseMain.startTestSuite(TestCaseMain.java:187)
	at com.kms.katalon.core.main.TestCaseMain$startTestSuite$0.call(Unknown Source)
	at TempTestSuite1715800219174.run(TempTestSuite1715800219174.groovy:35)
Caused by: com.kms.katalon.core.exception.StepFailedException: Unable to check object 'Object Repository/IWP30/Page_SelectPaymentMethod/PayByCreditCard'
	... 21 more
Caused by: com.kms.katalon.core.webui.exception.WebElementNotFoundException: Web element with id: 'Object Repository/IWP30/Page_SelectPaymentMethod/PayByCreditCard' located by '//*[@type = 'radio' and @name = 'paymentMethod' and @alt = 'Pay by Credit or Debit Card']' not found
	at com.kms.katalon.core.webui.common.WebUiCommonHelper.findWebElement(WebUiCommonHelper.java:1381)
	at com.kms.katalon.core.webui.keyword.internal.WebUIAbstractKeyword.findWebElement(WebUIAbstractKeyword.groovy:27)
	at com.kms.katalon.core.webui.keyword.internal.WebUIAbstractKeyword.findWebElement(WebUIAbstractKeyword.groovy:26)
	at com.kms.katalon.core.webui.keyword.builtin.CheckKeyword$_check_closure1.doCall(CheckKeyword.groovy:77)
	at com.kms.katalon.core.webui.keyword.builtin.CheckKeyword$_check_closure1.call(CheckKeyword.groovy)
	at com.kms.katalon.core.webui.keyword.internal.WebUIKeywordMain.runKeyword(WebUIKeywordMain.groovy:20)
	... 19 more


2024-05-15 16:09:01 - [TEST_STEP][PASSED] - resText = "Fail": null

2024-05-15 16:09:01 - [TEST_STEP][PASSED] - resColumn = "Result": null

2024-05-15 16:09:01 - [TEST_STEP][PASSED] - datCloumn = "Date": null

2024-05-15 16:09:01 - [TEST_STEP][PASSED] - fileLoc = "KatalonData/IWPTestData/VRelay30PayNowCC.xlsx": null

2024-05-15 16:09:01 - [TEST_STEP][PASSED] - numOfRows = <not implemented yet for class: org.codehaus.groovy.ast.expr.EmptyExpression>: null

2024-05-15 16:09:01 - [TEST_STEP][PASSED] - dataFile = <not implemented yet for class: org.codehaus.groovy.ast.expr.EmptyExpression>: null

2024-05-15 16:09:01 - [TEST_STEP][PASSED] - nameSheet = <not implemented yet for class: org.codehaus.groovy.ast.expr.EmptyExpression>: null

2024-05-15 16:09:01 - [TEST_STEP][PASSED] - dataFileEmulator = <not implemented yet for class: org.codehaus.groovy.ast.expr.EmptyExpression>: null

2024-05-15 16:09:01 - [TEST_STEP][PASSED] - nameSheet = "NoOverPay": null

2024-05-15 16:09:01 - [TEST_STEP][PASSED] - dataFile = "IWPTestData/NoOverPay": null

2024-05-15 16:09:01 - [TEST_STEP][PASSED] - dataFileEmulator = "IWPTestData/EmulatorData": null

2024-05-15 16:09:01 - [TEST_STEP][PASSED] - numOfRows = findTestData(dataFile).getRowNumbers(): null

2024-05-15 16:09:01 - [TEST_STEP][PASSED] - println("Number of Records: " + numOfRows): null

2024-05-15 16:09:01 - [TEST_STEP][FAILED] - for ([row = 1, row <= numOfRows, (row++)]): null

2024-05-15 16:09:01 - [TEST_STEP][PASSED] - ExecuteTC = findTestData(dataFile).getValue("Execute", row): null

2024-05-15 16:09:01 - [TEST_STEP][PASSED] - out.println("Value of Execute is : " + ExecuteTC): null

2024-05-15 16:09:01 - [TEST_STEP][FAILED] - if (ExecuteTC.equalsIgnoreCase("Y")): null

2024-05-15 16:09:01 - [TEST_STEP][PASSED] - out.println("Begin Record Number: " + row): null

2024-05-15 16:09:01 - [TEST_STEP][PASSED] - today = new java.util.Date(): null

2024-05-15 16:09:01 - [TEST_STEP][PASSED] - println(today): null

2024-05-15 16:09:01 - [TEST_STEP][PASSED] - datText = today: null

2024-05-15 16:09:01 - [TEST_STEP][PASSED] - EmulatorDataKey = findTestData(dataFile).getValue("EmulatorData", row): null

2024-05-15 16:09:02 - [TEST_STEP][PASSED] - out.println("Value of Emulator Key is : " + EmulatorDataKey): null

2024-05-15 16:09:02 - [TEST_STEP][PASSED] - iwpPages.emulatorIWP30.setDataEmulator_DD(EmulatorDataKey): iwpPages.emulatorIWP30.setDataEmulator_DD is PASSED

2024-05-15 16:09:02 - [MESSAGE][INFO] - Starting 'Chrome' driver

2024-05-15 16:09:02 - [MESSAGE][INFO] - User set preference: ['acceptInsecureCerts', 'true']

2024-05-15 16:09:02 - [MESSAGE][INFO] - Action delay is set to 0 milliseconds

2024-05-15 16:09:04 - [MESSAGE][PASSED] - Browser is opened with url: 'https://qa2.velocitypayment.com/agency/config.do?action=editor&message_version=3_0'

2024-05-15 16:09:05 - [MESSAGE][PASSED] - Current window maximized

2024-05-15 16:09:06 - [MESSAGE][PASSED] - All options with value '3.0' are selected in object 'Object Repository/IWP30/Page_VRelay30Emulator/MV'  using regular expression

2024-05-15 16:09:06 - [MESSAGE][PASSED] - Text '10.50' is set on object 'Object Repository/IWP30/Page_VRelay30Emulator/Amount'

2024-05-15 16:09:07 - [MESSAGE][PASSED] - Text '26412167' is set on object 'Object Repository/IWP30/Page_VRelay30Emulator/CAN'

2024-05-15 16:09:08 - [MESSAGE][PASSED] - Text 'PayNow' is set on object 'Object Repository/IWP30/Page_VRelay30Emulator/Action'

2024-05-15 16:09:08 - [MESSAGE][PASSED] - Text 'en_US' is set on object 'Object Repository/IWP30/Page_VRelay30Emulator/Lang'

2024-05-15 16:09:09 - [MESSAGE][PASSED] - Text 'Elizath' is set on object 'Object Repository/IWP30/Page_VRelay30Emulator/Fname'

2024-05-15 16:09:09 - [MESSAGE][PASSED] - Text 'Christine' is set on object 'Object Repository/IWP30/Page_VRelay30Emulator/Lname'

2024-05-15 16:09:10 - [MESSAGE][PASSED] - Text '258 Underwood rd' is set on object 'Object Repository/IWP30/Page_VRelay30Emulator/AL1'

2024-05-15 16:09:11 - [MESSAGE][PASSED] - Text 'Suite 600' is set on object 'Object Repository/IWP30/Page_VRelay30Emulator/AL2'

2024-05-15 16:09:11 - [MESSAGE][PASSED] - Text '840' is set on object 'Object Repository/IWP30/Page_VRelay30Emulator/Country'

2024-05-15 16:09:12 - [MESSAGE][PASSED] - Text 'Arlington' is set on object 'Object Repository/IWP30/Page_VRelay30Emulator/City'

2024-05-15 16:09:13 - [MESSAGE][PASSED] - Text 'VA' is set on object 'Object Repository/IWP30/Page_VRelay30Emulator/State'

2024-05-15 16:09:13 - [MESSAGE][PASSED] - Text '22201' is set on object 'Object Repository/IWP30/Page_VRelay30Emulator/ZIP'

2024-05-15 16:09:14 - [MESSAGE][PASSED] - Text '' is set on object 'Object Repository/IWP30/Page_VRelay30Emulator/Order'

2024-05-15 16:09:14 - [MESSAGE][PASSED] - Text '' is set on object 'Object Repository/IWP30/Page_VRelay30Emulator/Company'

2024-05-15 16:09:15 - [MESSAGE][PASSED] - Text 'iahmed@govolution.com' is set on object 'Object Repository/IWP30/Page_VRelay30Emulator/Email'

2024-05-15 16:09:16 - [MESSAGE][PASSED] - Text 'udf data 1' is set on object 'Object Repository/IWP30/Page_VRelay30Emulator/UDF1'

2024-05-15 16:09:16 - [MESSAGE][PASSED] - Text 'udf data 2' is set on object 'Object Repository/IWP30/Page_VRelay30Emulator/UDF2'

2024-05-15 16:09:17 - [MESSAGE][PASSED] - Text 'udf data 3' is set on object 'Object Repository/IWP30/Page_VRelay30Emulator/UDF3'

2024-05-15 16:09:18 - [MESSAGE][PASSED] - Text 'udf data 4' is set on object 'Object Repository/IWP30/Page_VRelay30Emulator/UDF4'

2024-05-15 16:09:18 - [MESSAGE][PASSED] - Text 'udf data 5' is set on object 'Object Repository/IWP30/Page_VRelay30Emulator/UDF5'

2024-05-15 16:09:19 - [MESSAGE][PASSED] - Text 'udf data 6' is set on object 'Object Repository/IWP30/Page_VRelay30Emulator/UDF6'

2024-05-15 16:09:20 - [MESSAGE][PASSED] - Text 'Orange' is set on object 'Object Repository/IWP30/Page_VRelay30Emulator/UDF7'

2024-05-15 16:09:20 - [MESSAGE][PASSED] - Text 'Soccer' is set on object 'Object Repository/IWP30/Page_VRelay30Emulator/UDF8'

2024-05-15 16:09:21 - [MESSAGE][PASSED] - Text 'udf data 9' is set on object 'Object Repository/IWP30/Page_VRelay30Emulator/UDF9'

2024-05-15 16:09:21 - [MESSAGE][PASSED] - Text 'udf data 10' is set on object 'Object Repository/IWP30/Page_VRelay30Emulator/UDF10'

2024-05-15 16:09:22 - [MESSAGE][PASSED] - Object: 'Object Repository/IWP30/Page_VRelay30Emulator/Submit' is clicked on

2024-05-15 16:09:23 - [MESSAGE][PASSED] - Browser is closed

2024-05-15 16:09:24 - [MESSAGE][PASSED] - iwpPages.emulatorIWP30.setDataEmulator_DD is PASSED

2024-05-15 16:09:24 - [TEST_STEP][PASSED] - testHarnessURL = urlTestHarness: null

2024-05-15 16:09:24 - [TEST_STEP][PASSED] - openBrowser(testHarnessURL): Browser is opened with url: 'https://dev-algorithm.govolution.com/vrelaytest/QA2/version_2_2/vrelaytest.html'

2024-05-15 16:09:24 - [MESSAGE][INFO] - Starting 'Chrome' driver

2024-05-15 16:09:24 - [MESSAGE][INFO] - User set preference: ['acceptInsecureCerts', 'true']

2024-05-15 16:09:24 - [MESSAGE][INFO] - Action delay is set to 0 milliseconds

2024-05-15 16:09:26 - [MESSAGE][PASSED] - Browser is opened with url: 'https://dev-algorithm.govolution.com/vrelaytest/QA2/version_2_2/vrelaytest.html'

2024-05-15 16:09:26 - [TEST_STEP][PASSED] - maximizeWindow(): Current window maximized

2024-05-15 16:09:27 - [MESSAGE][PASSED] - Current window maximized

2024-05-15 16:09:27 - [TEST_STEP][PASSED] - iwpPages.TestHarnessPage.setDataMethod(row, dataFile): iwpPages.TestHarnessPage.setDataMethod is PASSED

2024-05-15 16:09:27 - [MESSAGE][PASSED] - Object 'Object Repository/IWP30/Page_QATestHarness/RemittanceID' is present

2024-05-15 16:09:28 - [MESSAGE][PASSED] - Text '652' is set on object 'Object Repository/IWP30/Page_QATestHarness/ApplicationID'

2024-05-15 16:09:28 - [MESSAGE][PASSED] - Text '3.0' is set on object 'Object Repository/IWP30/Page_QATestHarness/MessageVersion'

2024-05-15 16:09:29 - [MESSAGE][PASSED] - Text 'SRJGqyaoNtfN' is set on object 'Object Repository/IWP30/Page_QATestHarness/RemittanceID'

2024-05-15 16:09:30 - [MESSAGE][PASSED] - Object: 'Object Repository/IWP30/Page_QATestHarness/SubmitButton' is clicked on

2024-05-15 16:09:30 - [MESSAGE][PASSED] - iwpPages.TestHarnessPage.setDataMethod is PASSED

2024-05-15 16:09:30 - [TEST_STEP][FAILED] - check(findTestObject("Object Repository/IWP30/Page_SelectPaymentMethod/PayByCreditCard")): Unable to check object 'Object Repository/IWP30/Page_SelectPaymentMethod/PayByCreditCard' (Root cause: com.kms.katalon.core.exception.StepFailedException: Unable to check object 'Object Repository/IWP30/Page_SelectPaymentMethod/PayByCreditCard'
	at com.kms.katalon.core.webui.keyword.internal.WebUIKeywordMain.stepFailed(WebUIKeywordMain.groovy:64)
	at com.kms.katalon.core.webui.keyword.internal.WebUIKeywordMain.runKeyword(WebUIKeywordMain.groovy:26)
	at com.kms.katalon.core.webui.keyword.builtin.CheckKeyword.check(CheckKeyword.groovy:88)
	at com.kms.katalon.core.webui.keyword.builtin.CheckKeyword.execute(CheckKeyword.groovy:67)
	at com.kms.katalon.core.keyword.internal.KeywordExecutor.executeKeywordForPlatform(KeywordExecutor.groovy:74)
	at com.kms.katalon.core.webui.keyword.WebUiBuiltInKeywords.check(WebUiBuiltInKeywords.groovy:1069)
	at com.kms.katalon.core.webui.keyword.WebUiBuiltInKeywords$check$6.call(Unknown Source)
	at NoOverPayError.run(NoOverPayError:75)
	at com.kms.katalon.core.main.ScriptEngine.run(ScriptEngine.java:194)
	at com.kms.katalon.core.main.ScriptEngine.runScriptAsRawText(ScriptEngine.java:119)
	at com.kms.katalon.core.main.TestCaseExecutor.runScript(TestCaseExecutor.java:448)
	at com.kms.katalon.core.main.TestCaseExecutor.doExecute(TestCaseExecutor.java:439)
	at com.kms.katalon.core.main.TestCaseExecutor.processExecutionPhase(TestCaseExecutor.java:418)
	at com.kms.katalon.core.main.TestCaseExecutor.accessMainPhase(TestCaseExecutor.java:410)
	at com.kms.katalon.core.main.TestCaseExecutor.execute(TestCaseExecutor.java:285)
	at com.kms.katalon.core.common.CommonExecutor.accessTestCaseMainPhase(CommonExecutor.java:65)
	at com.kms.katalon.core.main.TestSuiteExecutor.accessTestSuiteMainPhase(TestSuiteExecutor.java:148)
	at com.kms.katalon.core.main.TestSuiteExecutor.execute(TestSuiteExecutor.java:106)
	at com.kms.katalon.core.main.TestCaseMain.startTestSuite(TestCaseMain.java:187)
	at com.kms.katalon.core.main.TestCaseMain$startTestSuite$0.call(Unknown Source)
	at TempTestSuite1715800219174.run(TempTestSuite1715800219174.groovy:35)
Caused by: com.kms.katalon.core.webui.exception.WebElementNotFoundException: Web element with id: 'Object Repository/IWP30/Page_SelectPaymentMethod/PayByCreditCard' located by '//*[@type = 'radio' and @name = 'paymentMethod' and @alt = 'Pay by Credit or Debit Card']' not found
	at com.kms.katalon.core.webui.common.WebUiCommonHelper.findWebElement(WebUiCommonHelper.java:1381)
	at com.kms.katalon.core.webui.keyword.internal.WebUIAbstractKeyword.findWebElement(WebUIAbstractKeyword.groovy:27)
	at com.kms.katalon.core.webui.keyword.internal.WebUIAbstractKeyword.findWebElement(WebUIAbstractKeyword.groovy:26)
	at com.kms.katalon.core.webui.keyword.builtin.CheckKeyword$_check_closure1.doCall(CheckKeyword.groovy:77)
	at com.kms.katalon.core.webui.keyword.builtin.CheckKeyword$_check_closure1.call(CheckKeyword.groovy)
	at com.kms.katalon.core.webui.keyword.internal.WebUIKeywordMain.runKeyword(WebUIKeywordMain.groovy:20)
	at com.kms.katalon.core.webui.keyword.builtin.CheckKeyword.check(CheckKeyword.groovy:88)
	at com.kms.katalon.core.webui.keyword.builtin.CheckKeyword.execute(CheckKeyword.groovy:67)
	at com.kms.katalon.core.keyword.internal.KeywordExecutor.executeKeywordForPlatform(KeywordExecutor.groovy:74)
	at com.kms.katalon.core.webui.keyword.WebUiBuiltInKeywords.check(WebUiBuiltInKeywords.groovy:1069)
	at com.kms.katalon.core.webui.keyword.WebUiBuiltInKeywords$check$6.call(Unknown Source)
	at Script1688761977180.run(Script1688761977180.groovy:75)
	... 13 more
)

2024-05-15 16:10:01 - [MESSAGE][INFO] - Unable to find the element located by 'By.xpath: //*[@type = 'radio' and @name = 'paymentMethod' and @alt = 'Pay by Credit or Debit Card']'. Please recheck the objects properties to make sure the desired element is located. 

2024-05-15 16:10:01 - [MESSAGE][WARNING] - [SELF-HEALING] Failed to find element with id 'Object Repository/IWP30/Page_SelectPaymentMethod/PayByCreditCard'. Try using Self-healing.

2024-05-15 16:10:03 - [MESSAGE][INFO] - Unable to find the element located by 'By.xpath: //input[@name='paymentMethod']'. Please recheck the objects properties to make sure the desired element is located. 

2024-05-15 16:10:03 - [MESSAGE][INFO] - [SELF-HEALING] Failed Locator: '//input[@name='paymentMethod']'.

2024-05-15 16:10:03 - [MESSAGE][INFO] - [SELF-HEALING] Failed Locator: '//form[@id='selectForm']/table/tbody/tr[2]/td[2]/input'.

2024-05-15 16:10:03 - [MESSAGE][INFO] - [SELF-HEALING] Failed Locator: '//td[2]/input'.

2024-05-15 16:10:03 - [MESSAGE][INFO] - [SELF-HEALING] Failed Locator: '//input[@name='paymentMethod']'.

2024-05-15 16:10:04 - [MESSAGE][INFO] - [SELF-HEALING] Failed Locator: '//form[@id='selectForm']/table/tbody/tr[2]/td[2]/input'.

2024-05-15 16:10:04 - [MESSAGE][INFO] - [SELF-HEALING] Failed Locator: '//td[2]/input'.

2024-05-15 16:10:04 - [MESSAGE][WARNING] - [SELF-HEALING] Cannot find elements when the selector is null

2024-05-15 16:10:05 - [MESSAGE][FAILED] - Unable to check object 'Object Repository/IWP30/Page_SelectPaymentMethod/PayByCreditCard' (Root cause: com.kms.katalon.core.exception.StepFailedException: Unable to check object 'Object Repository/IWP30/Page_SelectPaymentMethod/PayByCreditCard'
	at com.kms.katalon.core.webui.keyword.internal.WebUIKeywordMain.stepFailed(WebUIKeywordMain.groovy:64)
	at com.kms.katalon.core.webui.keyword.internal.WebUIKeywordMain.runKeyword(WebUIKeywordMain.groovy:26)
	at com.kms.katalon.core.webui.keyword.builtin.CheckKeyword.check(CheckKeyword.groovy:88)
	at com.kms.katalon.core.webui.keyword.builtin.CheckKeyword.execute(CheckKeyword.groovy:67)
	at com.kms.katalon.core.keyword.internal.KeywordExecutor.executeKeywordForPlatform(KeywordExecutor.groovy:74)
	at com.kms.katalon.core.webui.keyword.WebUiBuiltInKeywords.check(WebUiBuiltInKeywords.groovy:1069)
	at com.kms.katalon.core.webui.keyword.WebUiBuiltInKeywords$check$6.call(Unknown Source)
	at NoOverPayError.run(NoOverPayError:75)
	at com.kms.katalon.core.main.ScriptEngine.run(ScriptEngine.java:194)
	at com.kms.katalon.core.main.ScriptEngine.runScriptAsRawText(ScriptEngine.java:119)
	at com.kms.katalon.core.main.TestCaseExecutor.runScript(TestCaseExecutor.java:448)
	at com.kms.katalon.core.main.TestCaseExecutor.doExecute(TestCaseExecutor.java:439)
	at com.kms.katalon.core.main.TestCaseExecutor.processExecutionPhase(TestCaseExecutor.java:418)
	at com.kms.katalon.core.main.TestCaseExecutor.accessMainPhase(TestCaseExecutor.java:410)
	at com.kms.katalon.core.main.TestCaseExecutor.execute(TestCaseExecutor.java:285)
	at com.kms.katalon.core.common.CommonExecutor.accessTestCaseMainPhase(CommonExecutor.java:65)
	at com.kms.katalon.core.main.TestSuiteExecutor.accessTestSuiteMainPhase(TestSuiteExecutor.java:148)
	at com.kms.katalon.core.main.TestSuiteExecutor.execute(TestSuiteExecutor.java:106)
	at com.kms.katalon.core.main.TestCaseMain.startTestSuite(TestCaseMain.java:187)
	at com.kms.katalon.core.main.TestCaseMain$startTestSuite$0.call(Unknown Source)
	at TempTestSuite1715800219174.run(TempTestSuite1715800219174.groovy:35)
Caused by: com.kms.katalon.core.webui.exception.WebElementNotFoundException: Web element with id: 'Object Repository/IWP30/Page_SelectPaymentMethod/PayByCreditCard' located by '//*[@type = 'radio' and @name = 'paymentMethod' and @alt = 'Pay by Credit or Debit Card']' not found
	at com.kms.katalon.core.webui.common.WebUiCommonHelper.findWebElement(WebUiCommonHelper.java:1381)
	at com.kms.katalon.core.webui.keyword.internal.WebUIAbstractKeyword.findWebElement(WebUIAbstractKeyword.groovy:27)
	at com.kms.katalon.core.webui.keyword.internal.WebUIAbstractKeyword.findWebElement(WebUIAbstractKeyword.groovy:26)
	at com.kms.katalon.core.webui.keyword.builtin.CheckKeyword$_check_closure1.doCall(CheckKeyword.groovy:77)
	at com.kms.katalon.core.webui.keyword.builtin.CheckKeyword$_check_closure1.call(CheckKeyword.groovy)
	at com.kms.katalon.core.webui.keyword.internal.WebUIKeywordMain.runKeyword(WebUIKeywordMain.groovy:20)
	at com.kms.katalon.core.webui.keyword.builtin.CheckKeyword.check(CheckKeyword.groovy:88)
	at com.kms.katalon.core.webui.keyword.builtin.CheckKeyword.execute(CheckKeyword.groovy:67)
	at com.kms.katalon.core.keyword.internal.KeywordExecutor.executeKeywordForPlatform(KeywordExecutor.groovy:74)
	at com.kms.katalon.core.webui.keyword.WebUiBuiltInKeywords.check(WebUiBuiltInKeywords.groovy:1069)
	at com.kms.katalon.core.webui.keyword.WebUiBuiltInKeywords$check$6.call(Unknown Source)
	at Script1688761977180.run(Script1688761977180.groovy:75)
	... 13 more
)
[[ATTACHMENT|E:\\Cloned-Project-Katalon\\VPS-Katalon\\Reports\\20240515_151019\\QA\\IWP3.0\\IWP30 Smoke TestSuite\\20240515_151019\\1715803804452.png]]

2024-05-15 16:10:05 - [TEST_STEP][FAILED] - click(findTestObject("Object Repository/IWP30/Page_SelectPaymentMethod/MakePaymentButton")): Unable to click on object 'Object Repository/IWP30/Page_SelectPaymentMethod/MakePaymentButton' (Root cause: com.kms.katalon.core.exception.StepFailedException: Unable to click on object 'Object Repository/IWP30/Page_SelectPaymentMethod/MakePaymentButton'
	at com.kms.katalon.core.webui.keyword.internal.WebUIKeywordMain.stepFailed(WebUIKeywordMain.groovy:64)
	at com.kms.katalon.core.webui.keyword.internal.WebUIKeywordMain.runKeyword(WebUIKeywordMain.groovy:26)
	at com.kms.katalon.core.webui.keyword.builtin.ClickKeyword.click(ClickKeyword.groovy:74)
	at com.kms.katalon.core.webui.keyword.builtin.ClickKeyword.execute(ClickKeyword.groovy:40)
	at com.kms.katalon.core.keyword.internal.KeywordExecutor.executeKeywordForPlatform(KeywordExecutor.groovy:74)
	at com.kms.katalon.core.webui.keyword.WebUiBuiltInKeywords.click(WebUiBuiltInKeywords.groovy:620)
	at com.kms.katalon.core.webui.keyword.WebUiBuiltInKeywords$click$3.call(Unknown Source)
	at NoOverPayError.run(NoOverPayError:77)
	at com.kms.katalon.core.main.ScriptEngine.run(ScriptEngine.java:194)
	at com.kms.katalon.core.main.ScriptEngine.runScriptAsRawText(ScriptEngine.java:119)
	at com.kms.katalon.core.main.TestCaseExecutor.runScript(TestCaseExecutor.java:448)
	at com.kms.katalon.core.main.TestCaseExecutor.doExecute(TestCaseExecutor.java:439)
	at com.kms.katalon.core.main.TestCaseExecutor.processExecutionPhase(TestCaseExecutor.java:418)
	at com.kms.katalon.core.main.TestCaseExecutor.accessMainPhase(TestCaseExecutor.java:410)
	at com.kms.katalon.core.main.TestCaseExecutor.execute(TestCaseExecutor.java:285)
	at com.kms.katalon.core.common.CommonExecutor.accessTestCaseMainPhase(CommonExecutor.java:65)
	at com.kms.katalon.core.main.TestSuiteExecutor.accessTestSuiteMainPhase(TestSuiteExecutor.java:148)
	at com.kms.katalon.core.main.TestSuiteExecutor.execute(TestSuiteExecutor.java:106)
	at com.kms.katalon.core.main.TestCaseMain.startTestSuite(TestCaseMain.java:187)
	at com.kms.katalon.core.main.TestCaseMain$startTestSuite$0.call(Unknown Source)
	at TempTestSuite1715800219174.run(TempTestSuite1715800219174.groovy:35)
Caused by: com.kms.katalon.core.webui.exception.WebElementNotFoundException: Web element with id: 'Object Repository/IWP30/Page_SelectPaymentMethod/MakePaymentButton' located by '//*[@type = 'submit']' not found
	at com.kms.katalon.core.webui.common.WebUiCommonHelper.findWebElement(WebUiCommonHelper.java:1381)
	at com.kms.katalon.core.webui.keyword.internal.WebUIAbstractKeyword.findWebElement(WebUIAbstractKeyword.groovy:27)
	at com.kms.katalon.core.webui.keyword.builtin.ClickKeyword$_click_closure1.doCall(ClickKeyword.groovy:65)
	at com.kms.katalon.core.webui.keyword.builtin.ClickKeyword$_click_closure1.call(ClickKeyword.groovy)
	at com.kms.katalon.core.webui.keyword.internal.WebUIKeywordMain.runKeyword(WebUIKeywordMain.groovy:20)
	at com.kms.katalon.core.webui.keyword.builtin.ClickKeyword.click(ClickKeyword.groovy:74)
	at com.kms.katalon.core.webui.keyword.builtin.ClickKeyword.execute(ClickKeyword.groovy:40)
	at com.kms.katalon.core.keyword.internal.KeywordExecutor.executeKeywordForPlatform(KeywordExecutor.groovy:74)
	at com.kms.katalon.core.webui.keyword.WebUiBuiltInKeywords.click(WebUiBuiltInKeywords.groovy:620)
	at com.kms.katalon.core.webui.keyword.WebUiBuiltInKeywords$click$3.call(Unknown Source)
	at Script1688761977180.run(Script1688761977180.groovy:77)
	... 13 more
)

2024-05-15 16:10:36 - [MESSAGE][INFO] - Unable to find the element located by 'By.xpath: //*[@type = 'submit']'. Please recheck the objects properties to make sure the desired element is located. 

2024-05-15 16:10:36 - [MESSAGE][WARNING] - [SELF-HEALING] Failed to find element with id 'Object Repository/IWP30/Page_SelectPaymentMethod/MakePaymentButton'. Try using Self-healing.

2024-05-15 16:10:37 - [MESSAGE][INFO] - Unable to find the element located by 'By.xpath: //input[@value='Make a Payment']'. Please recheck the objects properties to make sure the desired element is located. 

2024-05-15 16:10:37 - [MESSAGE][INFO] - [SELF-HEALING] Failed Locator: '//input[@value='Make a Payment']'.

2024-05-15 16:10:38 - [MESSAGE][INFO] - [SELF-HEALING] Failed Locator: '//div[@id='pay']/input'.

2024-05-15 16:10:38 - [MESSAGE][INFO] - [SELF-HEALING] Failed Locator: '//div/input'.

2024-05-15 16:10:38 - [MESSAGE][INFO] - [SELF-HEALING] Failed Locator: '//input[@value='Make a Payment']'.

2024-05-15 16:10:38 - [MESSAGE][INFO] - [SELF-HEALING] Failed Locator: '//div[@id='pay']/input'.

2024-05-15 16:10:38 - [MESSAGE][INFO] - [SELF-HEALING] Failed Locator: '//div/input'.

2024-05-15 16:10:38 - [MESSAGE][WARNING] - [SELF-HEALING] Cannot find elements when the selector is null

2024-05-15 16:10:39 - [MESSAGE][FAILED] - Unable to click on object 'Object Repository/IWP30/Page_SelectPaymentMethod/MakePaymentButton' (Root cause: com.kms.katalon.core.exception.StepFailedException: Unable to click on object 'Object Repository/IWP30/Page_SelectPaymentMethod/MakePaymentButton'
	at com.kms.katalon.core.webui.keyword.internal.WebUIKeywordMain.stepFailed(WebUIKeywordMain.groovy:64)
	at com.kms.katalon.core.webui.keyword.internal.WebUIKeywordMain.runKeyword(WebUIKeywordMain.groovy:26)
	at com.kms.katalon.core.webui.keyword.builtin.ClickKeyword.click(ClickKeyword.groovy:74)
	at com.kms.katalon.core.webui.keyword.builtin.ClickKeyword.execute(ClickKeyword.groovy:40)
	at com.kms.katalon.core.keyword.internal.KeywordExecutor.executeKeywordForPlatform(KeywordExecutor.groovy:74)
	at com.kms.katalon.core.webui.keyword.WebUiBuiltInKeywords.click(WebUiBuiltInKeywords.groovy:620)
	at com.kms.katalon.core.webui.keyword.WebUiBuiltInKeywords$click$3.call(Unknown Source)
	at NoOverPayError.run(NoOverPayError:77)
	at com.kms.katalon.core.main.ScriptEngine.run(ScriptEngine.java:194)
	at com.kms.katalon.core.main.ScriptEngine.runScriptAsRawText(ScriptEngine.java:119)
	at com.kms.katalon.core.main.TestCaseExecutor.runScript(TestCaseExecutor.java:448)
	at com.kms.katalon.core.main.TestCaseExecutor.doExecute(TestCaseExecutor.java:439)
	at com.kms.katalon.core.main.TestCaseExecutor.processExecutionPhase(TestCaseExecutor.java:418)
	at com.kms.katalon.core.main.TestCaseExecutor.accessMainPhase(TestCaseExecutor.java:410)
	at com.kms.katalon.core.main.TestCaseExecutor.execute(TestCaseExecutor.java:285)
	at com.kms.katalon.core.common.CommonExecutor.accessTestCaseMainPhase(CommonExecutor.java:65)
	at com.kms.katalon.core.main.TestSuiteExecutor.accessTestSuiteMainPhase(TestSuiteExecutor.java:148)
	at com.kms.katalon.core.main.TestSuiteExecutor.execute(TestSuiteExecutor.java:106)
	at com.kms.katalon.core.main.TestCaseMain.startTestSuite(TestCaseMain.java:187)
	at com.kms.katalon.core.main.TestCaseMain$startTestSuite$0.call(Unknown Source)
	at TempTestSuite1715800219174.run(TempTestSuite1715800219174.groovy:35)
Caused by: com.kms.katalon.core.webui.exception.WebElementNotFoundException: Web element with id: 'Object Repository/IWP30/Page_SelectPaymentMethod/MakePaymentButton' located by '//*[@type = 'submit']' not found
	at com.kms.katalon.core.webui.common.WebUiCommonHelper.findWebElement(WebUiCommonHelper.java:1381)
	at com.kms.katalon.core.webui.keyword.internal.WebUIAbstractKeyword.findWebElement(WebUIAbstractKeyword.groovy:27)
	at com.kms.katalon.core.webui.keyword.builtin.ClickKeyword$_click_closure1.doCall(ClickKeyword.groovy:65)
	at com.kms.katalon.core.webui.keyword.builtin.ClickKeyword$_click_closure1.call(ClickKeyword.groovy)
	at com.kms.katalon.core.webui.keyword.internal.WebUIKeywordMain.runKeyword(WebUIKeywordMain.groovy:20)
	at com.kms.katalon.core.webui.keyword.builtin.ClickKeyword.click(ClickKeyword.groovy:74)
	at com.kms.katalon.core.webui.keyword.builtin.ClickKeyword.execute(ClickKeyword.groovy:40)
	at com.kms.katalon.core.keyword.internal.KeywordExecutor.executeKeywordForPlatform(KeywordExecutor.groovy:74)
	at com.kms.katalon.core.webui.keyword.WebUiBuiltInKeywords.click(WebUiBuiltInKeywords.groovy:620)
	at com.kms.katalon.core.webui.keyword.WebUiBuiltInKeywords$click$3.call(Unknown Source)
	at Script1688761977180.run(Script1688761977180.groovy:77)
	... 13 more
)
[[ATTACHMENT|E:\\Cloned-Project-Katalon\\VPS-Katalon\\Reports\\20240515_151019\\QA\\IWP3.0\\IWP30 Smoke TestSuite\\20240515_151019\\1715803838969.png]]

2024-05-15 16:10:39 - [TEST_STEP][FAILED] - iwpPages.ccPaymentEntryPage.setDataIWPCreditCard(row, dataFile): com.kms.katalon.core.exception.StepFailedException: com.kms.katalon.core.webui.exception.WebElementNotFoundException: Web element with id: 'Object Repository/IWP30/Page_CCPaymentEntry/Name' located by '//*[@type = 'text' and @name = 'billingName' and @alt = concat("Cardholder" , "'" , "s Name")]' not found (Root cause: com.kms.katalon.core.exception.StepFailedException: com.kms.katalon.core.webui.exception.WebElementNotFoundException: Web element with id: 'Object Repository/IWP30/Page_CCPaymentEntry/Name' located by '//*[@type = 'text' and @name = 'billingName' and @alt = concat("Cardholder" , "'" , "s Name")]' not found
	at com.kms.katalon.core.webui.keyword.internal.WebUIKeywordMain.stepFailed(WebUIKeywordMain.groovy:64)
	at com.kms.katalon.core.webui.keyword.builtin.VerifyElementPresentKeyword$_verifyElementPresent_closure1.doCall(VerifyElementPresentKeyword.groovy:85)
	at com.kms.katalon.core.webui.keyword.builtin.VerifyElementPresentKeyword$_verifyElementPresent_closure1.call(VerifyElementPresentKeyword.groovy)
	at com.kms.katalon.core.webui.keyword.internal.WebUIKeywordMain.runKeyword(WebUIKeywordMain.groovy:20)
	at com.kms.katalon.core.webui.keyword.builtin.VerifyElementPresentKeyword.verifyElementPresent(VerifyElementPresentKeyword.groovy:92)
	at com.kms.katalon.core.webui.keyword.builtin.VerifyElementPresentKeyword.execute(VerifyElementPresentKeyword.groovy:68)
	at com.kms.katalon.core.keyword.internal.KeywordExecutor.executeKeywordForPlatform(KeywordExecutor.groovy:74)
	at com.kms.katalon.core.webui.keyword.WebUiBuiltInKeywords.verifyElementPresent(WebUiBuiltInKeywords.groovy:1464)
	at com.kms.katalon.core.webui.keyword.WebUiBuiltInKeywords$verifyElementPresent$5.call(Unknown Source)
	at iwpPages.ccPaymentEntryPage.setDataIWPCreditCard(ccPaymentEntryPage.groovy:392)
	at iwpPages.ccPaymentEntryPage.invokeMethod(ccPaymentEntryPage.groovy)
	at com.kms.katalon.core.main.CustomKeywordDelegatingMetaClass.invokeStaticMethod(CustomKeywordDelegatingMetaClass.java:55)
	at NoOverPayError.run(NoOverPayError:81)
	at com.kms.katalon.core.main.ScriptEngine.run(ScriptEngine.java:194)
	at com.kms.katalon.core.main.ScriptEngine.runScriptAsRawText(ScriptEngine.java:119)
	at com.kms.katalon.core.main.TestCaseExecutor.runScript(TestCaseExecutor.java:448)
	at com.kms.katalon.core.main.TestCaseExecutor.doExecute(TestCaseExecutor.java:439)
	at com.kms.katalon.core.main.TestCaseExecutor.processExecutionPhase(TestCaseExecutor.java:418)
	at com.kms.katalon.core.main.TestCaseExecutor.accessMainPhase(TestCaseExecutor.java:410)
	at com.kms.katalon.core.main.TestCaseExecutor.execute(TestCaseExecutor.java:285)
	at com.kms.katalon.core.common.CommonExecutor.accessTestCaseMainPhase(CommonExecutor.java:65)
	at com.kms.katalon.core.main.TestSuiteExecutor.accessTestSuiteMainPhase(TestSuiteExecutor.java:148)
	at com.kms.katalon.core.main.TestSuiteExecutor.execute(TestSuiteExecutor.java:106)
	at com.kms.katalon.core.main.TestCaseMain.startTestSuite(TestCaseMain.java:187)
	at com.kms.katalon.core.main.TestCaseMain$startTestSuite$0.call(Unknown Source)
	at TempTestSuite1715800219174.run(TempTestSuite1715800219174.groovy:35)
)

2024-05-15 16:11:12 - [MESSAGE][INFO] - Unable to find the element located by 'By.xpath: //*[@type = 'text' and @name = 'billingName' and @alt = concat("Cardholder" , "'" , "s Name")]'. Please recheck the objects properties to make sure the desired element is located. 

2024-05-15 16:11:12 - [MESSAGE][FAILED] - com.kms.katalon.core.webui.exception.WebElementNotFoundException: Web element with id: 'Object Repository/IWP30/Page_CCPaymentEntry/Name' located by '//*[@type = 'text' and @name = 'billingName' and @alt = concat("Cardholder" , "'" , "s Name")]' not found (Root cause: com.kms.katalon.core.exception.StepFailedException: com.kms.katalon.core.webui.exception.WebElementNotFoundException: Web element with id: 'Object Repository/IWP30/Page_CCPaymentEntry/Name' located by '//*[@type = 'text' and @name = 'billingName' and @alt = concat("Cardholder" , "'" , "s Name")]' not found
	at com.kms.katalon.core.webui.keyword.internal.WebUIKeywordMain.stepFailed(WebUIKeywordMain.groovy:64)
	at com.kms.katalon.core.webui.keyword.builtin.VerifyElementPresentKeyword$_verifyElementPresent_closure1.doCall(VerifyElementPresentKeyword.groovy:85)
	at com.kms.katalon.core.webui.keyword.builtin.VerifyElementPresentKeyword$_verifyElementPresent_closure1.call(VerifyElementPresentKeyword.groovy)
	at com.kms.katalon.core.webui.keyword.internal.WebUIKeywordMain.runKeyword(WebUIKeywordMain.groovy:20)
	at com.kms.katalon.core.webui.keyword.builtin.VerifyElementPresentKeyword.verifyElementPresent(VerifyElementPresentKeyword.groovy:92)
	at com.kms.katalon.core.webui.keyword.builtin.VerifyElementPresentKeyword.execute(VerifyElementPresentKeyword.groovy:68)
	at com.kms.katalon.core.keyword.internal.KeywordExecutor.executeKeywordForPlatform(KeywordExecutor.groovy:74)
	at com.kms.katalon.core.webui.keyword.WebUiBuiltInKeywords.verifyElementPresent(WebUiBuiltInKeywords.groovy:1464)
	at com.kms.katalon.core.webui.keyword.WebUiBuiltInKeywords$verifyElementPresent$5.call(Unknown Source)
	at iwpPages.ccPaymentEntryPage.setDataIWPCreditCard(ccPaymentEntryPage.groovy:392)
	at iwpPages.ccPaymentEntryPage.invokeMethod(ccPaymentEntryPage.groovy)
	at com.kms.katalon.core.main.CustomKeywordDelegatingMetaClass.invokeStaticMethod(CustomKeywordDelegatingMetaClass.java:55)
	at NoOverPayError.run(NoOverPayError:81)
	at com.kms.katalon.core.main.ScriptEngine.run(ScriptEngine.java:194)
	at com.kms.katalon.core.main.ScriptEngine.runScriptAsRawText(ScriptEngine.java:119)
	at com.kms.katalon.core.main.TestCaseExecutor.runScript(TestCaseExecutor.java:448)
	at com.kms.katalon.core.main.TestCaseExecutor.doExecute(TestCaseExecutor.java:439)
	at com.kms.katalon.core.main.TestCaseExecutor.processExecutionPhase(TestCaseExecutor.java:418)
	at com.kms.katalon.core.main.TestCaseExecutor.accessMainPhase(TestCaseExecutor.java:410)
	at com.kms.katalon.core.main.TestCaseExecutor.execute(TestCaseExecutor.java:285)
	at com.kms.katalon.core.common.CommonExecutor.accessTestCaseMainPhase(CommonExecutor.java:65)
	at com.kms.katalon.core.main.TestSuiteExecutor.accessTestSuiteMainPhase(TestSuiteExecutor.java:148)
	at com.kms.katalon.core.main.TestSuiteExecutor.execute(TestSuiteExecutor.java:106)
	at com.kms.katalon.core.main.TestCaseMain.startTestSuite(TestCaseMain.java:187)
	at com.kms.katalon.core.main.TestCaseMain$startTestSuite$0.call(Unknown Source)
	at TempTestSuite1715800219174.run(TempTestSuite1715800219174.groovy:35)
)
[[ATTACHMENT|E:\\Cloned-Project-Katalon\\VPS-Katalon\\Reports\\20240515_151019\\QA\\IWP3.0\\IWP30 Smoke TestSuite\\20240515_151019\\1715803872087.png]]

2024-05-15 16:11:12 - [MESSAGE][FAILED] - com.kms.katalon.core.exception.StepFailedException: com.kms.katalon.core.webui.exception.WebElementNotFoundException: Web element with id: 'Object Repository/IWP30/Page_CCPaymentEntry/Name' located by '//*[@type = 'text' and @name = 'billingName' and @alt = concat("Cardholder" , "'" , "s Name")]' not found (Root cause: com.kms.katalon.core.exception.StepFailedException: com.kms.katalon.core.webui.exception.WebElementNotFoundException: Web element with id: 'Object Repository/IWP30/Page_CCPaymentEntry/Name' located by '//*[@type = 'text' and @name = 'billingName' and @alt = concat("Cardholder" , "'" , "s Name")]' not found
	at com.kms.katalon.core.webui.keyword.internal.WebUIKeywordMain.stepFailed(WebUIKeywordMain.groovy:64)
	at com.kms.katalon.core.webui.keyword.builtin.VerifyElementPresentKeyword$_verifyElementPresent_closure1.doCall(VerifyElementPresentKeyword.groovy:85)
	at com.kms.katalon.core.webui.keyword.builtin.VerifyElementPresentKeyword$_verifyElementPresent_closure1.call(VerifyElementPresentKeyword.groovy)
	at com.kms.katalon.core.webui.keyword.internal.WebUIKeywordMain.runKeyword(WebUIKeywordMain.groovy:20)
	at com.kms.katalon.core.webui.keyword.builtin.VerifyElementPresentKeyword.verifyElementPresent(VerifyElementPresentKeyword.groovy:92)
	at com.kms.katalon.core.webui.keyword.builtin.VerifyElementPresentKeyword.execute(VerifyElementPresentKeyword.groovy:68)
	at com.kms.katalon.core.keyword.internal.KeywordExecutor.executeKeywordForPlatform(KeywordExecutor.groovy:74)
	at com.kms.katalon.core.webui.keyword.WebUiBuiltInKeywords.verifyElementPresent(WebUiBuiltInKeywords.groovy:1464)
	at com.kms.katalon.core.webui.keyword.WebUiBuiltInKeywords$verifyElementPresent$5.call(Unknown Source)
	at iwpPages.ccPaymentEntryPage.setDataIWPCreditCard(ccPaymentEntryPage.groovy:392)
	at iwpPages.ccPaymentEntryPage.invokeMethod(ccPaymentEntryPage.groovy)
	at com.kms.katalon.core.main.CustomKeywordDelegatingMetaClass.invokeStaticMethod(CustomKeywordDelegatingMetaClass.java:55)
	at NoOverPayError.run(NoOverPayError:81)
	at com.kms.katalon.core.main.ScriptEngine.run(ScriptEngine.java:194)
	at com.kms.katalon.core.main.ScriptEngine.runScriptAsRawText(ScriptEngine.java:119)
	at com.kms.katalon.core.main.TestCaseExecutor.runScript(TestCaseExecutor.java:448)
	at com.kms.katalon.core.main.TestCaseExecutor.doExecute(TestCaseExecutor.java:439)
	at com.kms.katalon.core.main.TestCaseExecutor.processExecutionPhase(TestCaseExecutor.java:418)
	at com.kms.katalon.core.main.TestCaseExecutor.accessMainPhase(TestCaseExecutor.java:410)
	at com.kms.katalon.core.main.TestCaseExecutor.execute(TestCaseExecutor.java:285)
	at com.kms.katalon.core.common.CommonExecutor.accessTestCaseMainPhase(CommonExecutor.java:65)
	at com.kms.katalon.core.main.TestSuiteExecutor.accessTestSuiteMainPhase(TestSuiteExecutor.java:148)
	at com.kms.katalon.core.main.TestSuiteExecutor.execute(TestSuiteExecutor.java:106)
	at com.kms.katalon.core.main.TestCaseMain.startTestSuite(TestCaseMain.java:187)
	at com.kms.katalon.core.main.TestCaseMain$startTestSuite$0.call(Unknown Source)
	at TempTestSuite1715800219174.run(TempTestSuite1715800219174.groovy:35)
)

2024-05-15 16:11:12 - [TEST_STEP][FAILED] - if (verifyTextPresent("Payment amounts more than 10.50 are not accepted", false)): Text 'Payment amounts more than 10.50 are not accepted' is not present on page  (Root cause: com.kms.katalon.core.exception.StepFailedException: Text 'Payment amounts more than 10.50 are not accepted' is not present on page 
	at com.kms.katalon.core.webui.keyword.internal.WebUIKeywordMain.stepFailed(WebUIKeywordMain.groovy:64)
	at com.kms.katalon.core.webui.keyword.builtin.VerifyTextPresentKeyword$_verifyTextPresent_closure1.doCall(VerifyTextPresentKeyword.groovy:79)
	at com.kms.katalon.core.webui.keyword.builtin.VerifyTextPresentKeyword$_verifyTextPresent_closure1.call(VerifyTextPresentKeyword.groovy)
	at com.kms.katalon.core.webui.keyword.internal.WebUIKeywordMain.runKeyword(WebUIKeywordMain.groovy:20)
	at com.kms.katalon.core.webui.keyword.builtin.VerifyTextPresentKeyword.verifyTextPresent(VerifyTextPresentKeyword.groovy:83)
	at com.kms.katalon.core.webui.keyword.builtin.VerifyTextPresentKeyword.execute(VerifyTextPresentKeyword.groovy:68)
	at com.kms.katalon.core.keyword.internal.KeywordExecutor.executeKeywordForPlatform(KeywordExecutor.groovy:74)
	at com.kms.katalon.core.webui.keyword.WebUiBuiltInKeywords.verifyTextPresent(WebUiBuiltInKeywords.groovy:1723)
	at com.kms.katalon.core.webui.keyword.WebUiBuiltInKeywords$verifyTextPresent$8.call(Unknown Source)
	at NoOverPayError.run(NoOverPayError:84)
	at com.kms.katalon.core.main.ScriptEngine.run(ScriptEngine.java:194)
	at com.kms.katalon.core.main.ScriptEngine.runScriptAsRawText(ScriptEngine.java:119)
	at com.kms.katalon.core.main.TestCaseExecutor.runScript(TestCaseExecutor.java:448)
	at com.kms.katalon.core.main.TestCaseExecutor.doExecute(TestCaseExecutor.java:439)
	at com.kms.katalon.core.main.TestCaseExecutor.processExecutionPhase(TestCaseExecutor.java:418)
	at com.kms.katalon.core.main.TestCaseExecutor.accessMainPhase(TestCaseExecutor.java:410)
	at com.kms.katalon.core.main.TestCaseExecutor.execute(TestCaseExecutor.java:285)
	at com.kms.katalon.core.common.CommonExecutor.accessTestCaseMainPhase(CommonExecutor.java:65)
	at com.kms.katalon.core.main.TestSuiteExecutor.accessTestSuiteMainPhase(TestSuiteExecutor.java:148)
	at com.kms.katalon.core.main.TestSuiteExecutor.execute(TestSuiteExecutor.java:106)
	at com.kms.katalon.core.main.TestCaseMain.startTestSuite(TestCaseMain.java:187)
	at com.kms.katalon.core.main.TestCaseMain$startTestSuite$0.call(Unknown Source)
	at TempTestSuite1715800219174.run(TempTestSuite1715800219174.groovy:35)
)

2024-05-15 16:11:13 - [MESSAGE][FAILED] - Text 'Payment amounts more than 10.50 are not accepted' is not present on page  (Root cause: com.kms.katalon.core.exception.StepFailedException: Text 'Payment amounts more than 10.50 are not accepted' is not present on page 
	at com.kms.katalon.core.webui.keyword.internal.WebUIKeywordMain.stepFailed(WebUIKeywordMain.groovy:64)
	at com.kms.katalon.core.webui.keyword.builtin.VerifyTextPresentKeyword$_verifyTextPresent_closure1.doCall(VerifyTextPresentKeyword.groovy:79)
	at com.kms.katalon.core.webui.keyword.builtin.VerifyTextPresentKeyword$_verifyTextPresent_closure1.call(VerifyTextPresentKeyword.groovy)
	at com.kms.katalon.core.webui.keyword.internal.WebUIKeywordMain.runKeyword(WebUIKeywordMain.groovy:20)
	at com.kms.katalon.core.webui.keyword.builtin.VerifyTextPresentKeyword.verifyTextPresent(VerifyTextPresentKeyword.groovy:83)
	at com.kms.katalon.core.webui.keyword.builtin.VerifyTextPresentKeyword.execute(VerifyTextPresentKeyword.groovy:68)
	at com.kms.katalon.core.keyword.internal.KeywordExecutor.executeKeywordForPlatform(KeywordExecutor.groovy:74)
	at com.kms.katalon.core.webui.keyword.WebUiBuiltInKeywords.verifyTextPresent(WebUiBuiltInKeywords.groovy:1723)
	at com.kms.katalon.core.webui.keyword.WebUiBuiltInKeywords$verifyTextPresent$8.call(Unknown Source)
	at NoOverPayError.run(NoOverPayError:84)
	at com.kms.katalon.core.main.ScriptEngine.run(ScriptEngine.java:194)
	at com.kms.katalon.core.main.ScriptEngine.runScriptAsRawText(ScriptEngine.java:119)
	at com.kms.katalon.core.main.TestCaseExecutor.runScript(TestCaseExecutor.java:448)
	at com.kms.katalon.core.main.TestCaseExecutor.doExecute(TestCaseExecutor.java:439)
	at com.kms.katalon.core.main.TestCaseExecutor.processExecutionPhase(TestCaseExecutor.java:418)
	at com.kms.katalon.core.main.TestCaseExecutor.accessMainPhase(TestCaseExecutor.java:410)
	at com.kms.katalon.core.main.TestCaseExecutor.execute(TestCaseExecutor.java:285)
	at com.kms.katalon.core.common.CommonExecutor.accessTestCaseMainPhase(CommonExecutor.java:65)
	at com.kms.katalon.core.main.TestSuiteExecutor.accessTestSuiteMainPhase(TestSuiteExecutor.java:148)
	at com.kms.katalon.core.main.TestSuiteExecutor.execute(TestSuiteExecutor.java:106)
	at com.kms.katalon.core.main.TestCaseMain.startTestSuite(TestCaseMain.java:187)
	at com.kms.katalon.core.main.TestCaseMain$startTestSuite$0.call(Unknown Source)
	at TempTestSuite1715800219174.run(TempTestSuite1715800219174.groovy:35)
)

2024-05-15 16:11:13 - [TEST_STEP][FAILED] - else: null

2024-05-15 16:11:13 - [TEST_STEP][PASSED] - println("Payment amounts more than Error is NOT present on the Payment Entry page"): null

2024-05-15 16:11:13 - [TEST_STEP][FAILED] - markFailed("Payment amounts more than Error is NOT present on the Payment Entry page"): Payment amounts more than Error is NOT present on the Payment Entry page

2024-05-15 16:11:13 - [MESSAGE][FAILED] - Payment amounts more than Error is NOT present on the Payment Entry page

2024-05-15 16:11:13 - [TEST_STEP][PASSED] - resText = "Fail": null

2024-05-15 16:11:13 - [TEST_STEP][PASSED] - pages.WriteExcel.demoKey(resText, datText, resColumn, datCloumn, fileLoc, nameSheet, row): pages.WriteExcel.demoKey is PASSED

2024-05-15 16:11:13 - [MESSAGE][PASSED] - pages.WriteExcel.demoKey is PASSED

2024-05-15 16:11:13 - [TEST_STEP][PASSED] - closeBrowser(): Browser is closed

2024-05-15 16:11:14 - [MESSAGE][PASSED] - Browser is closed]]></system-out>
         <system-err><![CDATA[2024-05-15 16:09:01 - [TEST_CASE][FAILED] - Test Cases/IntegratedWeb/IWP30/Errors/NoOverPayError: Test Cases/IntegratedWeb/IWP30/Errors/NoOverPayError FAILED.
Reason:
com.kms.katalon.core.exception.StepFailedException: Unable to check object 'Object Repository/IWP30/Page_SelectPaymentMethod/PayByCreditCard' (Root cause: com.kms.katalon.core.exception.StepFailedException: Unable to check object 'Object Repository/IWP30/Page_SelectPaymentMethod/PayByCreditCard'
	at com.kms.katalon.core.webui.keyword.internal.WebUIKeywordMain.stepFailed(WebUIKeywordMain.groovy:64)
	at com.kms.katalon.core.webui.keyword.internal.WebUIKeywordMain.runKeyword(WebUIKeywordMain.groovy:26)
	at com.kms.katalon.core.webui.keyword.builtin.CheckKeyword.check(CheckKeyword.groovy:88)
	at com.kms.katalon.core.webui.keyword.builtin.CheckKeyword.execute(CheckKeyword.groovy:67)
	at com.kms.katalon.core.keyword.internal.KeywordExecutor.executeKeywordForPlatform(KeywordExecutor.groovy:74)
	at com.kms.katalon.core.webui.keyword.WebUiBuiltInKeywords.check(WebUiBuiltInKeywords.groovy:1069)
	at com.kms.katalon.core.webui.keyword.WebUiBuiltInKeywords$check$6.call(Unknown Source)
	at NoOverPayError.run(NoOverPayError:75)
	at com.kms.katalon.core.main.ScriptEngine.run(ScriptEngine.java:194)
	at com.kms.katalon.core.main.ScriptEngine.runScriptAsRawText(ScriptEngine.java:119)
	at com.kms.katalon.core.main.TestCaseExecutor.runScript(TestCaseExecutor.java:448)
	at com.kms.katalon.core.main.TestCaseExecutor.doExecute(TestCaseExecutor.java:439)
	at com.kms.katalon.core.main.TestCaseExecutor.processExecutionPhase(TestCaseExecutor.java:418)
	at com.kms.katalon.core.main.TestCaseExecutor.accessMainPhase(TestCaseExecutor.java:410)
	at com.kms.katalon.core.main.TestCaseExecutor.execute(TestCaseExecutor.java:285)
	at com.kms.katalon.core.common.CommonExecutor.accessTestCaseMainPhase(CommonExecutor.java:65)
	at com.kms.katalon.core.main.TestSuiteExecutor.accessTestSuiteMainPhase(TestSuiteExecutor.java:148)
	at com.kms.katalon.core.main.TestSuiteExecutor.execute(TestSuiteExecutor.java:106)
	at com.kms.katalon.core.main.TestCaseMain.startTestSuite(TestCaseMain.java:187)
	at com.kms.katalon.core.main.TestCaseMain$startTestSuite$0.call(Unknown Source)
	at TempTestSuite1715800219174.run(TempTestSuite1715800219174.groovy:35)
Caused by: com.kms.katalon.core.webui.exception.WebElementNotFoundException: Web element with id: 'Object Repository/IWP30/Page_SelectPaymentMethod/PayByCreditCard' located by '//*[@type = 'radio' and @name = 'paymentMethod' and @alt = 'Pay by Credit or Debit Card']' not found
	at com.kms.katalon.core.webui.common.WebUiCommonHelper.findWebElement(WebUiCommonHelper.java:1381)
	at com.kms.katalon.core.webui.keyword.internal.WebUIAbstractKeyword.findWebElement(WebUIAbstractKeyword.groovy:27)
	at com.kms.katalon.core.webui.keyword.internal.WebUIAbstractKeyword.findWebElement(WebUIAbstractKeyword.groovy:26)
	at com.kms.katalon.core.webui.keyword.builtin.CheckKeyword$_check_closure1.doCall(CheckKeyword.groovy:77)
	at com.kms.katalon.core.webui.keyword.builtin.CheckKeyword$_check_closure1.call(CheckKeyword.groovy)
	at com.kms.katalon.core.webui.keyword.internal.WebUIKeywordMain.runKeyword(WebUIKeywordMain.groovy:20)
	at com.kms.katalon.core.webui.keyword.builtin.CheckKeyword.check(CheckKeyword.groovy:88)
	at com.kms.katalon.core.webui.keyword.builtin.CheckKeyword.execute(CheckKeyword.groovy:67)
	at com.kms.katalon.core.keyword.internal.KeywordExecutor.executeKeywordForPlatform(KeywordExecutor.groovy:74)
	at com.kms.katalon.core.webui.keyword.WebUiBuiltInKeywords.check(WebUiBuiltInKeywords.groovy:1069)
	at com.kms.katalon.core.webui.keyword.WebUiBuiltInKeywords$check$6.call(Unknown Source)
	at Script1688761977180.run(Script1688761977180.groovy:75)
	... 13 more
)
	at com.kms.katalon.core.keyword.internal.KeywordMain.stepFailed(KeywordMain.groovy:39)
	at com.kms.katalon.core.webui.keyword.internal.WebUIKeywordMain.stepFailed(WebUIKeywordMain.groovy:64)
	at com.kms.katalon.core.webui.keyword.internal.WebUIKeywordMain.runKeyword(WebUIKeywordMain.groovy:26)
	at com.kms.katalon.core.webui.keyword.builtin.CheckKeyword.check(CheckKeyword.groovy:88)
	at com.kms.katalon.core.webui.keyword.builtin.CheckKeyword.execute(CheckKeyword.groovy:67)
	at com.kms.katalon.core.keyword.internal.KeywordExecutor.executeKeywordForPlatform(KeywordExecutor.groovy:74)
	at com.kms.katalon.core.webui.keyword.WebUiBuiltInKeywords.check(WebUiBuiltInKeywords.groovy:1069)
	at com.kms.katalon.core.webui.keyword.WebUiBuiltInKeywords$check$6.call(Unknown Source)
	at NoOverPayError.run(NoOverPayError:75)
	at com.kms.katalon.core.main.ScriptEngine.run(ScriptEngine.java:194)
	at com.kms.katalon.core.main.ScriptEngine.runScriptAsRawText(ScriptEngine.java:119)
	at com.kms.katalon.core.main.TestCaseExecutor.runScript(TestCaseExecutor.java:448)
	at com.kms.katalon.core.main.TestCaseExecutor.doExecute(TestCaseExecutor.java:439)
	at com.kms.katalon.core.main.TestCaseExecutor.processExecutionPhase(TestCaseExecutor.java:418)
	at com.kms.katalon.core.main.TestCaseExecutor.accessMainPhase(TestCaseExecutor.java:410)
	at com.kms.katalon.core.main.TestCaseExecutor.execute(TestCaseExecutor.java:285)
	at com.kms.katalon.core.common.CommonExecutor.accessTestCaseMainPhase(CommonExecutor.java:65)
	at com.kms.katalon.core.main.TestSuiteExecutor.accessTestSuiteMainPhase(TestSuiteExecutor.java:148)
	at com.kms.katalon.core.main.TestSuiteExecutor.execute(TestSuiteExecutor.java:106)
	at com.kms.katalon.core.main.TestCaseMain.startTestSuite(TestCaseMain.java:187)
	at com.kms.katalon.core.main.TestCaseMain$startTestSuite$0.call(Unknown Source)
	at TempTestSuite1715800219174.run(TempTestSuite1715800219174.groovy:35)
Caused by: com.kms.katalon.core.exception.StepFailedException: Unable to check object 'Object Repository/IWP30/Page_SelectPaymentMethod/PayByCreditCard'
	... 21 more
Caused by: com.kms.katalon.core.webui.exception.WebElementNotFoundException: Web element with id: 'Object Repository/IWP30/Page_SelectPaymentMethod/PayByCreditCard' located by '//*[@type = 'radio' and @name = 'paymentMethod' and @alt = 'Pay by Credit or Debit Card']' not found
	at com.kms.katalon.core.webui.common.WebUiCommonHelper.findWebElement(WebUiCommonHelper.java:1381)
	at com.kms.katalon.core.webui.keyword.internal.WebUIAbstractKeyword.findWebElement(WebUIAbstractKeyword.groovy:27)
	at com.kms.katalon.core.webui.keyword.internal.WebUIAbstractKeyword.findWebElement(WebUIAbstractKeyword.groovy:26)
	at com.kms.katalon.core.webui.keyword.builtin.CheckKeyword$_check_closure1.doCall(CheckKeyword.groovy:77)
	at com.kms.katalon.core.webui.keyword.builtin.CheckKeyword$_check_closure1.call(CheckKeyword.groovy)
	at com.kms.katalon.core.webui.keyword.internal.WebUIKeywordMain.runKeyword(WebUIKeywordMain.groovy:20)
	... 19 more]]></system-err>
      </testcase>
      <testcase name="Test Cases/IntegratedWeb/IWP30/Errors/CardNotAcceptedErrorCC" time="55.758" classname="Test Cases/IntegratedWeb/IWP30/Errors/CardNotAcceptedErrorCC" status="PASSED">
         <system-out><![CDATA[2024-05-15 16:11:14 - [TEST_CASE][PASSED] - Test Cases/IntegratedWeb/IWP30/Errors/CardNotAcceptedErrorCC: Test Cases/IntegratedWeb/IWP30/Errors/CardNotAcceptedErrorCC

2024-05-15 16:11:15 - [TEST_STEP][PASSED] - openBrowser(urlEmulator): Browser is opened with url: 'https://qa2.velocitypayment.com/agency/config.do?action=editor'

2024-05-15 16:11:15 - [MESSAGE][INFO] - Starting 'Chrome' driver

2024-05-15 16:11:15 - [MESSAGE][INFO] - User set preference: ['acceptInsecureCerts', 'true']

2024-05-15 16:11:15 - [MESSAGE][INFO] - Action delay is set to 0 milliseconds

2024-05-15 16:11:17 - [MESSAGE][PASSED] - Browser is opened with url: 'https://qa2.velocitypayment.com/agency/config.do?action=editor'

2024-05-15 16:11:17 - [TEST_STEP][PASSED] - maximizeWindow(): Current window maximized

2024-05-15 16:11:17 - [MESSAGE][PASSED] - Current window maximized

2024-05-15 16:11:17 - [TEST_STEP][PASSED] - iwpPages.emulatorIWP30.setDataEmulatorStandard(): iwpPages.emulatorIWP30.setDataEmulatorStandard is PASSED

2024-05-15 16:11:17 - [MESSAGE][PASSED] - Object 'Object Repository/IWP30/Page_VRelay30Emulator/Amount' is present

2024-05-15 16:11:18 - [MESSAGE][PASSED] - All options with value '3.0' are selected in object 'Object Repository/IWP30/Page_VRelay30Emulator/MV'  using regular expression

2024-05-15 16:11:19 - [MESSAGE][PASSED] - Text '10.50' is set on object 'Object Repository/IWP30/Page_VRelay30Emulator/Amount'

2024-05-15 16:11:20 - [MESSAGE][PASSED] - Text '54654701' is set on object 'Object Repository/IWP30/Page_VRelay30Emulator/CAN'

2024-05-15 16:11:20 - [MESSAGE][PASSED] - Text 'PayNow' is set on object 'Object Repository/IWP30/Page_VRelay30Emulator/Action'

2024-05-15 16:11:21 - [MESSAGE][PASSED] - Text 'en_US' is set on object 'Object Repository/IWP30/Page_VRelay30Emulator/Lang'

2024-05-15 16:11:22 - [MESSAGE][PASSED] - Text '' is set on object 'Object Repository/IWP30/Page_VRelay30Emulator/Fname'

2024-05-15 16:11:22 - [MESSAGE][PASSED] - Text '' is set on object 'Object Repository/IWP30/Page_VRelay30Emulator/Lname'

2024-05-15 16:11:23 - [MESSAGE][PASSED] - Text '' is set on object 'Object Repository/IWP30/Page_VRelay30Emulator/AL1'

2024-05-15 16:11:23 - [MESSAGE][PASSED] - Text '' is set on object 'Object Repository/IWP30/Page_VRelay30Emulator/AL2'

2024-05-15 16:11:24 - [MESSAGE][PASSED] - Text '' is set on object 'Object Repository/IWP30/Page_VRelay30Emulator/Country'

2024-05-15 16:11:25 - [MESSAGE][PASSED] - Text '' is set on object 'Object Repository/IWP30/Page_VRelay30Emulator/City'

2024-05-15 16:11:25 - [MESSAGE][PASSED] - Text '' is set on object 'Object Repository/IWP30/Page_VRelay30Emulator/State'

2024-05-15 16:11:26 - [MESSAGE][PASSED] - Text '' is set on object 'Object Repository/IWP30/Page_VRelay30Emulator/ZIP'

2024-05-15 16:11:26 - [MESSAGE][PASSED] - Text '' is set on object 'Object Repository/IWP30/Page_VRelay30Emulator/Order'

2024-05-15 16:11:27 - [MESSAGE][PASSED] - Text '' is set on object 'Object Repository/IWP30/Page_VRelay30Emulator/Company'

2024-05-15 16:11:28 - [MESSAGE][PASSED] - Text '' is set on object 'Object Repository/IWP30/Page_VRelay30Emulator/Email'

2024-05-15 16:11:28 - [MESSAGE][PASSED] - Text '' is set on object 'Object Repository/IWP30/Page_VRelay30Emulator/UDF1'

2024-05-15 16:11:29 - [MESSAGE][PASSED] - Text '' is set on object 'Object Repository/IWP30/Page_VRelay30Emulator/UDF2'

2024-05-15 16:11:30 - [MESSAGE][PASSED] - Text 'data 3' is set on object 'Object Repository/IWP30/Page_VRelay30Emulator/UDF3'

2024-05-15 16:11:30 - [MESSAGE][PASSED] - Text 'data 4' is set on object 'Object Repository/IWP30/Page_VRelay30Emulator/UDF4'

2024-05-15 16:11:31 - [MESSAGE][PASSED] - Text 'data 5' is set on object 'Object Repository/IWP30/Page_VRelay30Emulator/UDF5'

2024-05-15 16:11:32 - [MESSAGE][PASSED] - Text 'data 6' is set on object 'Object Repository/IWP30/Page_VRelay30Emulator/UDF6'

2024-05-15 16:11:32 - [MESSAGE][PASSED] - Text 'Orange' is set on object 'Object Repository/IWP30/Page_VRelay30Emulator/UDF7'

2024-05-15 16:11:33 - [MESSAGE][PASSED] - Text 'Soccer' is set on object 'Object Repository/IWP30/Page_VRelay30Emulator/UDF8'

2024-05-15 16:11:33 - [MESSAGE][PASSED] - Text 'data 9' is set on object 'Object Repository/IWP30/Page_VRelay30Emulator/UDF9'

2024-05-15 16:11:34 - [MESSAGE][PASSED] - Text 'data 10' is set on object 'Object Repository/IWP30/Page_VRelay30Emulator/UDF10'

2024-05-15 16:11:37 - [MESSAGE][PASSED] - Object: 'Object Repository/IWP30/Page_VRelay30Emulator/Submit' is clicked on

2024-05-15 16:11:43 - [MESSAGE][PASSED] - Browser is closed

2024-05-15 16:11:43 - [MESSAGE][PASSED] - iwpPages.emulatorIWP30.setDataEmulatorStandard is PASSED

2024-05-15 16:11:43 - [TEST_STEP][PASSED] - openBrowser(urlTestHarness): Browser is opened with url: 'https://dev-algorithm.govolution.com/vrelaytest/QA2/version_2_2/vrelaytest.html'

2024-05-15 16:11:43 - [MESSAGE][INFO] - Starting 'Chrome' driver

2024-05-15 16:11:43 - [MESSAGE][INFO] - User set preference: ['acceptInsecureCerts', 'true']

2024-05-15 16:11:43 - [MESSAGE][INFO] - Action delay is set to 0 milliseconds

2024-05-15 16:11:45 - [MESSAGE][PASSED] - Browser is opened with url: 'https://dev-algorithm.govolution.com/vrelaytest/QA2/version_2_2/vrelaytest.html'

2024-05-15 16:11:45 - [TEST_STEP][PASSED] - maximizeWindow(): Current window maximized

2024-05-15 16:11:45 - [MESSAGE][PASSED] - Current window maximized

2024-05-15 16:11:45 - [TEST_STEP][PASSED] - genRemIDVoid = RandomStringUtils.random(12, true, true): null

2024-05-15 16:11:45 - [TEST_STEP][PASSED] - if (verifyElementPresent(findTestObject("Object Repository/IWP30/Page_QATestHarness/RemittanceID"), 30)): null

2024-05-15 16:11:46 - [MESSAGE][PASSED] - Object 'Object Repository/IWP30/Page_QATestHarness/RemittanceID' is present

2024-05-15 16:11:46 - [TEST_STEP][PASSED] - println("We are on Test Harness page, start populating"): null

2024-05-15 16:11:46 - [TEST_STEP][PASSED] - setText(findTestObject("Object Repository/IWP30/Page_QATestHarness/ApplicationID"), "649"): Text '649' is set on object 'Object Repository/IWP30/Page_QATestHarness/ApplicationID'

2024-05-15 16:11:46 - [MESSAGE][PASSED] - Text '649' is set on object 'Object Repository/IWP30/Page_QATestHarness/ApplicationID'

2024-05-15 16:11:46 - [TEST_STEP][PASSED] - setText(findTestObject("Object Repository/IWP30/Page_QATestHarness/MessageVersion"), "3.0"): Text '3.0' is set on object 'Object Repository/IWP30/Page_QATestHarness/MessageVersion'

2024-05-15 16:11:47 - [MESSAGE][PASSED] - Text '3.0' is set on object 'Object Repository/IWP30/Page_QATestHarness/MessageVersion'

2024-05-15 16:11:47 - [TEST_STEP][PASSED] - setText(findTestObject("Object Repository/IWP30/Page_QATestHarness/RemittanceID"), genRemIDVoid): Text 'v2easPawGSvj' is set on object 'Object Repository/IWP30/Page_QATestHarness/RemittanceID'

2024-05-15 16:11:48 - [MESSAGE][PASSED] - Text 'v2easPawGSvj' is set on object 'Object Repository/IWP30/Page_QATestHarness/RemittanceID'

2024-05-15 16:11:48 - [TEST_STEP][PASSED] - click(findTestObject("Object Repository/IWP30/Page_QATestHarness/SubmitButton")): Object: 'Object Repository/IWP30/Page_QATestHarness/SubmitButton' is clicked on

2024-05-15 16:11:49 - [MESSAGE][PASSED] - Object: 'Object Repository/IWP30/Page_QATestHarness/SubmitButton' is clicked on

2024-05-15 16:11:49 - [TEST_STEP][PASSED] - if (verifyElementPresent(findTestObject("Object Repository/IWP30/Page_SelectPaymentMethod/PayByCreditCard"), 30)): null

2024-05-15 16:11:49 - [MESSAGE][PASSED] - Object 'Object Repository/IWP30/Page_SelectPaymentMethod/PayByCreditCard' is present

2024-05-15 16:11:49 - [TEST_STEP][PASSED] - println("We are on Select Payment Method page, start populating"): null

2024-05-15 16:11:49 - [TEST_STEP][PASSED] - check(findTestObject("Object Repository/IWP30/Page_SelectPaymentMethod/PayByCreditCard")): Object 'Object Repository/IWP30/Page_SelectPaymentMethod/PayByCreditCard' is checked

2024-05-15 16:11:50 - [MESSAGE][PASSED] - Object 'Object Repository/IWP30/Page_SelectPaymentMethod/PayByCreditCard' is checked

2024-05-15 16:11:50 - [TEST_STEP][PASSED] - Thread.sleep(1000): null

2024-05-15 16:11:51 - [TEST_STEP][PASSED] - click(findTestObject("Object Repository/IWP30/Page_SelectPaymentMethod/MakePaymentButton")): Object: 'Object Repository/IWP30/Page_SelectPaymentMethod/MakePaymentButton' is clicked on

2024-05-15 16:11:52 - [MESSAGE][PASSED] - Object: 'Object Repository/IWP30/Page_SelectPaymentMethod/MakePaymentButton' is clicked on

2024-05-15 16:11:52 - [TEST_STEP][PASSED] - if (verifyElementPresent(findTestObject("Object Repository/IWP30/Page_CCPaymentEntry/Name"), 30)): null

2024-05-15 16:11:52 - [MESSAGE][PASSED] - Object 'Object Repository/IWP30/Page_CCPaymentEntry/Name' is present

2024-05-15 16:11:52 - [TEST_STEP][PASSED] - println("We are on Credit Card Payment Entry page, start populating"): null

2024-05-15 16:11:52 - [TEST_STEP][PASSED] - if (verifyElementPresent(findTestObject("Object Repository/IWP30/Page_CCPaymentEntry/Amount"), 30)): null

2024-05-15 16:11:53 - [MESSAGE][PASSED] - Object 'Object Repository/IWP30/Page_CCPaymentEntry/Amount' is present

2024-05-15 16:11:53 - [TEST_STEP][PASSED] - setText(findTestObject("Object Repository/IWP30/Page_CCPaymentEntry/Amount"), "10.50"): Text '10.50' is set on object 'Object Repository/IWP30/Page_CCPaymentEntry/Amount'

2024-05-15 16:11:53 - [MESSAGE][PASSED] - Text '10.50' is set on object 'Object Repository/IWP30/Page_CCPaymentEntry/Amount'

2024-05-15 16:11:53 - [TEST_STEP][PASSED] - if (verifyElementPresent(findTestObject("Object Repository/IWP30/Page_CCPaymentEntry/UserDefined2"), 30)): null

2024-05-15 16:11:54 - [MESSAGE][PASSED] - Object 'Object Repository/IWP30/Page_CCPaymentEntry/UserDefined2' is present

2024-05-15 16:11:54 - [TEST_STEP][PASSED] - setText(findTestObject("Object Repository/IWP30/Page_CCPaymentEntry/UserDefined2"), ""): Text '' is set on object 'Object Repository/IWP30/Page_CCPaymentEntry/UserDefined2'

2024-05-15 16:11:54 - [MESSAGE][PASSED] - Text '' is set on object 'Object Repository/IWP30/Page_CCPaymentEntry/UserDefined2'

2024-05-15 16:11:54 - [TEST_STEP][PASSED] - if (verifyElementPresent(findTestObject("Object Repository/IWP30/Page_CCPaymentEntry/UserDefined3"), 30)): null

2024-05-15 16:11:55 - [MESSAGE][PASSED] - Object 'Object Repository/IWP30/Page_CCPaymentEntry/UserDefined3' is present

2024-05-15 16:11:55 - [TEST_STEP][PASSED] - setText(findTestObject("Object Repository/IWP30/Page_CCPaymentEntry/UserDefined3"), "data 3"): Text 'data 3' is set on object 'Object Repository/IWP30/Page_CCPaymentEntry/UserDefined3'

2024-05-15 16:11:55 - [MESSAGE][PASSED] - Text 'data 3' is set on object 'Object Repository/IWP30/Page_CCPaymentEntry/UserDefined3'

2024-05-15 16:11:55 - [TEST_STEP][PASSED] - if (verifyElementPresent(findTestObject("Object Repository/IWP30/Page_CCPaymentEntry/UserDefined7"), 30)): null

2024-05-15 16:11:56 - [MESSAGE][PASSED] - Object 'Object Repository/IWP30/Page_CCPaymentEntry/UserDefined7' is present

2024-05-15 16:11:56 - [TEST_STEP][PASSED] - selectOptionByLabel(findTestObject("Object Repository/IWP30/Page_CCPaymentEntry/UserDefined7"), "Orange", false): All options with label 'Orange' are selected in object 'Object Repository/IWP30/Page_CCPaymentEntry/UserDefined7' 

2024-05-15 16:11:56 - [MESSAGE][PASSED] - All options with label 'Orange' are selected in object 'Object Repository/IWP30/Page_CCPaymentEntry/UserDefined7' 

2024-05-15 16:11:56 - [TEST_STEP][PASSED] - if (verifyElementPresent(findTestObject("Object Repository/IWP30/Page_CCPaymentEntry/UserDefined8"), 30)): null

2024-05-15 16:11:57 - [MESSAGE][PASSED] - Object 'Object Repository/IWP30/Page_CCPaymentEntry/UserDefined8' is present

2024-05-15 16:11:57 - [TEST_STEP][PASSED] - selectOptionByLabel(findTestObject("Object Repository/IWP30/Page_CCPaymentEntry/UserDefined8"), "Tennis", false): All options with label 'Tennis' are selected in object 'Object Repository/IWP30/Page_CCPaymentEntry/UserDefined8' 

2024-05-15 16:11:57 - [MESSAGE][PASSED] - All options with label 'Tennis' are selected in object 'Object Repository/IWP30/Page_CCPaymentEntry/UserDefined8' 

2024-05-15 16:11:57 - [TEST_STEP][PASSED] - if (verifyElementPresent(findTestObject("Object Repository/IWP30/Page_CCPaymentEntry/Name"), 30)): null

2024-05-15 16:11:57 - [MESSAGE][PASSED] - Object 'Object Repository/IWP30/Page_CCPaymentEntry/Name' is present

2024-05-15 16:11:57 - [TEST_STEP][PASSED] - setText(findTestObject("Object Repository/IWP30/Page_CCPaymentEntry/Name"), "Jonathan Lewis"): Text 'Jonathan Lewis' is set on object 'Object Repository/IWP30/Page_CCPaymentEntry/Name'

2024-05-15 16:11:58 - [MESSAGE][PASSED] - Text 'Jonathan Lewis' is set on object 'Object Repository/IWP30/Page_CCPaymentEntry/Name'

2024-05-15 16:11:58 - [TEST_STEP][PASSED] - if (verifyElementPresent(findTestObject("Object Repository/IWP30/Page_CCPaymentEntry/CardNumber"), 30)): null

2024-05-15 16:11:58 - [MESSAGE][PASSED] - Object 'Object Repository/IWP30/Page_CCPaymentEntry/CardNumber' is present

2024-05-15 16:11:58 - [TEST_STEP][PASSED] - setText(findTestObject("Object Repository/IWP30/Page_CCPaymentEntry/CardNumber"), "5844444444444441"): Text '5844444444444441' is set on object 'Object Repository/IWP30/Page_CCPaymentEntry/CardNumber'

2024-05-15 16:11:59 - [MESSAGE][PASSED] - Text '5844444444444441' is set on object 'Object Repository/IWP30/Page_CCPaymentEntry/CardNumber'

2024-05-15 16:11:59 - [TEST_STEP][PASSED] - if (verifyElementPresent(findTestObject("Object Repository/IWP30/Page_CCPaymentEntry/SPC"), 30)): null

2024-05-15 16:11:59 - [MESSAGE][PASSED] - Object 'Object Repository/IWP30/Page_CCPaymentEntry/SPC' is present

2024-05-15 16:11:59 - [TEST_STEP][PASSED] - setText(findTestObject("Object Repository/IWP30/Page_CCPaymentEntry/SPC"), "147"): Text '147' is set on object 'Object Repository/IWP30/Page_CCPaymentEntry/SPC'

2024-05-15 16:12:00 - [MESSAGE][PASSED] - Text '147' is set on object 'Object Repository/IWP30/Page_CCPaymentEntry/SPC'

2024-05-15 16:12:00 - [TEST_STEP][PASSED] - if (verifyElementPresent(findTestObject("Object Repository/IWP30/Page_CCPaymentEntry/Month"), 30)): null

2024-05-15 16:12:00 - [MESSAGE][PASSED] - Object 'Object Repository/IWP30/Page_CCPaymentEntry/Month' is present

2024-05-15 16:12:00 - [TEST_STEP][PASSED] - selectOptionByLabel(findTestObject("Object Repository/IWP30/Page_CCPaymentEntry/Month"), "07", false): All options with label '07' are selected in object 'Object Repository/IWP30/Page_CCPaymentEntry/Month' 

2024-05-15 16:12:01 - [MESSAGE][PASSED] - All options with label '07' are selected in object 'Object Repository/IWP30/Page_CCPaymentEntry/Month' 

2024-05-15 16:12:01 - [TEST_STEP][PASSED] - if (verifyElementPresent(findTestObject("Object Repository/IWP30/Page_CCPaymentEntry/Year"), 30)): null

2024-05-15 16:12:01 - [MESSAGE][PASSED] - Object 'Object Repository/IWP30/Page_CCPaymentEntry/Year' is present

2024-05-15 16:12:01 - [TEST_STEP][PASSED] - selectOptionByLabel(findTestObject("Object Repository/IWP30/Page_CCPaymentEntry/Year"), "2025", false): All options with label '2025' are selected in object 'Object Repository/IWP30/Page_CCPaymentEntry/Year' 

2024-05-15 16:12:02 - [MESSAGE][PASSED] - All options with label '2025' are selected in object 'Object Repository/IWP30/Page_CCPaymentEntry/Year' 

2024-05-15 16:12:02 - [TEST_STEP][PASSED] - if (verifyElementPresent(findTestObject("Object Repository/IWP30/Page_CCPaymentEntry/AL1"), 30)): null

2024-05-15 16:12:02 - [MESSAGE][PASSED] - Object 'Object Repository/IWP30/Page_CCPaymentEntry/AL1' is present

2024-05-15 16:12:02 - [TEST_STEP][PASSED] - setText(findTestObject("Object Repository/IWP30/Page_CCPaymentEntry/AL1"), "18 Manhattan road"): Text '18 Manhattan road' is set on object 'Object Repository/IWP30/Page_CCPaymentEntry/AL1'

2024-05-15 16:12:03 - [MESSAGE][PASSED] - Text '18 Manhattan road' is set on object 'Object Repository/IWP30/Page_CCPaymentEntry/AL1'

2024-05-15 16:12:03 - [TEST_STEP][PASSED] - if (verifyElementPresent(findTestObject("Object Repository/IWP30/Page_CCPaymentEntry/AL2"), 30)): null

2024-05-15 16:12:03 - [MESSAGE][PASSED] - Object 'Object Repository/IWP30/Page_CCPaymentEntry/AL2' is present

2024-05-15 16:12:03 - [TEST_STEP][PASSED] - setText(findTestObject("Object Repository/IWP30/Page_CCPaymentEntry/AL2"), "Room 1"): Text 'Room 1' is set on object 'Object Repository/IWP30/Page_CCPaymentEntry/AL2'

2024-05-15 16:12:04 - [MESSAGE][PASSED] - Text 'Room 1' is set on object 'Object Repository/IWP30/Page_CCPaymentEntry/AL2'

2024-05-15 16:12:04 - [TEST_STEP][PASSED] - if (verifyElementPresent(findTestObject("Object Repository/IWP30/Page_CCPaymentEntry/ZIP"), 30)): null

2024-05-15 16:12:04 - [MESSAGE][PASSED] - Object 'Object Repository/IWP30/Page_CCPaymentEntry/ZIP' is present

2024-05-15 16:12:04 - [TEST_STEP][PASSED] - setText(findTestObject("Object Repository/IWP30/Page_CCPaymentEntry/ZIP"), "22201"): Text '22201' is set on object 'Object Repository/IWP30/Page_CCPaymentEntry/ZIP'

2024-05-15 16:12:05 - [MESSAGE][PASSED] - Text '22201' is set on object 'Object Repository/IWP30/Page_CCPaymentEntry/ZIP'

2024-05-15 16:12:05 - [TEST_STEP][PASSED] - if (verifyElementPresent(findTestObject("Object Repository/IWP30/Page_CCPaymentEntry/EmailAddress"), 30)): null

2024-05-15 16:12:05 - [MESSAGE][PASSED] - Object 'Object Repository/IWP30/Page_CCPaymentEntry/EmailAddress' is present

2024-05-15 16:12:05 - [TEST_STEP][PASSED] - setText(findTestObject("Object Repository/IWP30/Page_CCPaymentEntry/EmailAddress"), "Myemail@email.com"): Text 'Myemail@email.com' is set on object 'Object Repository/IWP30/Page_CCPaymentEntry/EmailAddress'

2024-05-15 16:12:06 - [MESSAGE][PASSED] - Text 'Myemail@email.com' is set on object 'Object Repository/IWP30/Page_CCPaymentEntry/EmailAddress'

2024-05-15 16:12:06 - [TEST_STEP][PASSED] - if (verifyElementPresent(findTestObject("Object Repository/IWP30/Page_CCPaymentEntry/TermCondCheckBox"), 30)): null

2024-05-15 16:12:06 - [MESSAGE][PASSED] - Object 'Object Repository/IWP30/Page_CCPaymentEntry/TermCondCheckBox' is present

2024-05-15 16:12:06 - [TEST_STEP][PASSED] - check(findTestObject("Object Repository/IWP30/Page_CCPaymentEntry/TermCondCheckBox")): Object 'Object Repository/IWP30/Page_CCPaymentEntry/TermCondCheckBox' is checked

2024-05-15 16:12:06 - [MESSAGE][PASSED] - Object 'Object Repository/IWP30/Page_CCPaymentEntry/TermCondCheckBox' is checked

2024-05-15 16:12:06 - [TEST_STEP][PASSED] - if (verifyElementPresent(findTestObject("Object Repository/IWP30/Page_CCPaymentEntry/ContinueButton"), 30)): null

2024-05-15 16:12:07 - [MESSAGE][PASSED] - Object 'Object Repository/IWP30/Page_CCPaymentEntry/ContinueButton' is present

2024-05-15 16:12:07 - [TEST_STEP][PASSED] - click(findTestObject("Object Repository/IWP30/Page_CCPaymentEntry/ContinueButton")): Object: 'Object Repository/IWP30/Page_CCPaymentEntry/ContinueButton' is clicked on

2024-05-15 16:12:08 - [MESSAGE][PASSED] - Object: 'Object Repository/IWP30/Page_CCPaymentEntry/ContinueButton' is clicked on

2024-05-15 16:12:08 - [TEST_STEP][PASSED] - verifyTextPresent("This card type is not accepted, please enter a different credit or debit card number. Only American Express , Discover , MasterCard , Visa Debit and Visa card(s) is(are) accepted", false): Text 'This card type is not accepted, please enter a different credit or debit card number. Only American Express , Discover , MasterCard , Visa Debit and Visa card(s) is(are) accepted' is present on page 

2024-05-15 16:12:09 - [MESSAGE][PASSED] - Text 'This card type is not accepted, please enter a different credit or debit card number. Only American Express , Discover , MasterCard , Visa Debit and Visa card(s) is(are) accepted' is present on page 

2024-05-15 16:12:09 - [TEST_STEP][PASSED] - closeBrowser(): Browser is closed

2024-05-15 16:12:10 - [MESSAGE][PASSED] - Browser is closed]]></system-out>
         <system-err><![CDATA[]]></system-err>
      </testcase>
      <testcase name="Test Cases/IntegratedWeb/IWP30/Errors/DuplicateTransactionCC" time="36.102" classname="Test Cases/IntegratedWeb/IWP30/Errors/DuplicateTransactionCC" status="FAILED">
         <failure type="FAILED" message="Test Cases/IntegratedWeb/IWP30/Errors/DuplicateTransactionCC FAILED.
Reason:
com.kms.katalon.core.exception.StepFailedException: Text 'ransaction cannot be processed [duplicate transaction]' is not present on page  (Root cause: com.kms.katalon.core.exception.StepFailedException: Text 'ransaction cannot be processed [duplicate transaction]' is not present on page 
	at com.kms.katalon.core.webui.keyword.internal.WebUIKeywordMain.stepFailed(WebUIKeywordMain.groovy:64)
	at com.kms.katalon.core.webui.keyword.builtin.VerifyTextPresentKeyword$_verifyTextPresent_closure1.doCall(VerifyTextPresentKeyword.groovy:79)
	at com.kms.katalon.core.webui.keyword.builtin.VerifyTextPresentKeyword$_verifyTextPresent_closure1.call(VerifyTextPresentKeyword.groovy)
	at com.kms.katalon.core.webui.keyword.internal.WebUIKeywordMain.runKeyword(WebUIKeywordMain.groovy:20)
	at com.kms.katalon.core.webui.keyword.builtin.VerifyTextPresentKeyword.verifyTextPresent(VerifyTextPresentKeyword.groovy:83)
	at com.kms.katalon.core.webui.keyword.builtin.VerifyTextPresentKeyword.execute(VerifyTextPresentKeyword.groovy:68)
	at com.kms.katalon.core.keyword.internal.KeywordExecutor.executeKeywordForPlatform(KeywordExecutor.groovy:74)
	at com.kms.katalon.core.webui.keyword.WebUiBuiltInKeywords.verifyTextPresent(WebUiBuiltInKeywords.groovy:1723)
	at com.kms.katalon.core.webui.keyword.WebUiBuiltInKeywords$verifyTextPresent$8.call(Unknown Source)
	at DuplicateTransactionCC.run(DuplicateTransactionCC:53)
	at com.kms.katalon.core.main.ScriptEngine.run(ScriptEngine.java:194)
	at com.kms.katalon.core.main.ScriptEngine.runScriptAsRawText(ScriptEngine.java:119)
	at com.kms.katalon.core.main.TestCaseExecutor.runScript(TestCaseExecutor.java:448)
	at com.kms.katalon.core.main.TestCaseExecutor.doExecute(TestCaseExecutor.java:439)
	at com.kms.katalon.core.main.TestCaseExecutor.processExecutionPhase(TestCaseExecutor.java:418)
	at com.kms.katalon.core.main.TestCaseExecutor.accessMainPhase(TestCaseExecutor.java:410)
	at com.kms.katalon.core.main.TestCaseExecutor.execute(TestCaseExecutor.java:285)
	at com.kms.katalon.core.common.CommonExecutor.accessTestCaseMainPhase(CommonExecutor.java:65)
	at com.kms.katalon.core.main.TestSuiteExecutor.accessTestSuiteMainPhase(TestSuiteExecutor.java:148)
	at com.kms.katalon.core.main.TestSuiteExecutor.execute(TestSuiteExecutor.java:106)
	at com.kms.katalon.core.main.TestCaseMain.startTestSuite(TestCaseMain.java:187)
	at com.kms.katalon.core.main.TestCaseMain$startTestSuite$0.call(Unknown Source)
	at TempTestSuite1715800219174.run(TempTestSuite1715800219174.groovy:35)
)
	at com.kms.katalon.core.keyword.internal.KeywordMain.stepFailed(KeywordMain.groovy:39)
	at com.kms.katalon.core.webui.keyword.internal.WebUIKeywordMain.stepFailed(WebUIKeywordMain.groovy:64)
	at com.kms.katalon.core.webui.keyword.builtin.VerifyTextPresentKeyword$_verifyTextPresent_closure1.doCall(VerifyTextPresentKeyword.groovy:79)
	at com.kms.katalon.core.webui.keyword.builtin.VerifyTextPresentKeyword$_verifyTextPresent_closure1.call(VerifyTextPresentKeyword.groovy)
	at com.kms.katalon.core.webui.keyword.internal.WebUIKeywordMain.runKeyword(WebUIKeywordMain.groovy:20)
	at com.kms.katalon.core.webui.keyword.builtin.VerifyTextPresentKeyword.verifyTextPresent(VerifyTextPresentKeyword.groovy:83)
	at com.kms.katalon.core.webui.keyword.builtin.VerifyTextPresentKeyword.execute(VerifyTextPresentKeyword.groovy:68)
	at com.kms.katalon.core.keyword.internal.KeywordExecutor.executeKeywordForPlatform(KeywordExecutor.groovy:74)
	at com.kms.katalon.core.webui.keyword.WebUiBuiltInKeywords.verifyTextPresent(WebUiBuiltInKeywords.groovy:1723)
	at com.kms.katalon.core.webui.keyword.WebUiBuiltInKeywords$verifyTextPresent$8.call(Unknown Source)
	at DuplicateTransactionCC.run(DuplicateTransactionCC:53)
	at com.kms.katalon.core.main.ScriptEngine.run(ScriptEngine.java:194)
	at com.kms.katalon.core.main.ScriptEngine.runScriptAsRawText(ScriptEngine.java:119)
	at com.kms.katalon.core.main.TestCaseExecutor.runScript(TestCaseExecutor.java:448)
	at com.kms.katalon.core.main.TestCaseExecutor.doExecute(TestCaseExecutor.java:439)
	at com.kms.katalon.core.main.TestCaseExecutor.processExecutionPhase(TestCaseExecutor.java:418)
	at com.kms.katalon.core.main.TestCaseExecutor.accessMainPhase(TestCaseExecutor.java:410)
	at com.kms.katalon.core.main.TestCaseExecutor.execute(TestCaseExecutor.java:285)
	at com.kms.katalon.core.common.CommonExecutor.accessTestCaseMainPhase(CommonExecutor.java:65)
	at com.kms.katalon.core.main.TestSuiteExecutor.accessTestSuiteMainPhase(TestSuiteExecutor.java:148)
	at com.kms.katalon.core.main.TestSuiteExecutor.execute(TestSuiteExecutor.java:106)
	at com.kms.katalon.core.main.TestCaseMain.startTestSuite(TestCaseMain.java:187)
	at com.kms.katalon.core.main.TestCaseMain$startTestSuite$0.call(Unknown Source)
	at TempTestSuite1715800219174.run(TempTestSuite1715800219174.groovy:35)
Caused by: com.kms.katalon.core.exception.StepFailedException: Text 'ransaction cannot be processed [duplicate transaction]' is not present on page 
	... 23 more
"/>
         <system-out><![CDATA[2024-05-15 16:12:10 - [TEST_CASE][FAILED] - Test Cases/IntegratedWeb/IWP30/Errors/DuplicateTransactionCC: Test Cases/IntegratedWeb/IWP30/Errors/DuplicateTransactionCC FAILED.
Reason:
com.kms.katalon.core.exception.StepFailedException: Text 'ransaction cannot be processed [duplicate transaction]' is not present on page  (Root cause: com.kms.katalon.core.exception.StepFailedException: Text 'ransaction cannot be processed [duplicate transaction]' is not present on page 
	at com.kms.katalon.core.webui.keyword.internal.WebUIKeywordMain.stepFailed(WebUIKeywordMain.groovy:64)
	at com.kms.katalon.core.webui.keyword.builtin.VerifyTextPresentKeyword$_verifyTextPresent_closure1.doCall(VerifyTextPresentKeyword.groovy:79)
	at com.kms.katalon.core.webui.keyword.builtin.VerifyTextPresentKeyword$_verifyTextPresent_closure1.call(VerifyTextPresentKeyword.groovy)
	at com.kms.katalon.core.webui.keyword.internal.WebUIKeywordMain.runKeyword(WebUIKeywordMain.groovy:20)
	at com.kms.katalon.core.webui.keyword.builtin.VerifyTextPresentKeyword.verifyTextPresent(VerifyTextPresentKeyword.groovy:83)
	at com.kms.katalon.core.webui.keyword.builtin.VerifyTextPresentKeyword.execute(VerifyTextPresentKeyword.groovy:68)
	at com.kms.katalon.core.keyword.internal.KeywordExecutor.executeKeywordForPlatform(KeywordExecutor.groovy:74)
	at com.kms.katalon.core.webui.keyword.WebUiBuiltInKeywords.verifyTextPresent(WebUiBuiltInKeywords.groovy:1723)
	at com.kms.katalon.core.webui.keyword.WebUiBuiltInKeywords$verifyTextPresent$8.call(Unknown Source)
	at DuplicateTransactionCC.run(DuplicateTransactionCC:53)
	at com.kms.katalon.core.main.ScriptEngine.run(ScriptEngine.java:194)
	at com.kms.katalon.core.main.ScriptEngine.runScriptAsRawText(ScriptEngine.java:119)
	at com.kms.katalon.core.main.TestCaseExecutor.runScript(TestCaseExecutor.java:448)
	at com.kms.katalon.core.main.TestCaseExecutor.doExecute(TestCaseExecutor.java:439)
	at com.kms.katalon.core.main.TestCaseExecutor.processExecutionPhase(TestCaseExecutor.java:418)
	at com.kms.katalon.core.main.TestCaseExecutor.accessMainPhase(TestCaseExecutor.java:410)
	at com.kms.katalon.core.main.TestCaseExecutor.execute(TestCaseExecutor.java:285)
	at com.kms.katalon.core.common.CommonExecutor.accessTestCaseMainPhase(CommonExecutor.java:65)
	at com.kms.katalon.core.main.TestSuiteExecutor.accessTestSuiteMainPhase(TestSuiteExecutor.java:148)
	at com.kms.katalon.core.main.TestSuiteExecutor.execute(TestSuiteExecutor.java:106)
	at com.kms.katalon.core.main.TestCaseMain.startTestSuite(TestCaseMain.java:187)
	at com.kms.katalon.core.main.TestCaseMain$startTestSuite$0.call(Unknown Source)
	at TempTestSuite1715800219174.run(TempTestSuite1715800219174.groovy:35)
)
	at com.kms.katalon.core.keyword.internal.KeywordMain.stepFailed(KeywordMain.groovy:39)
	at com.kms.katalon.core.webui.keyword.internal.WebUIKeywordMain.stepFailed(WebUIKeywordMain.groovy:64)
	at com.kms.katalon.core.webui.keyword.builtin.VerifyTextPresentKeyword$_verifyTextPresent_closure1.doCall(VerifyTextPresentKeyword.groovy:79)
	at com.kms.katalon.core.webui.keyword.builtin.VerifyTextPresentKeyword$_verifyTextPresent_closure1.call(VerifyTextPresentKeyword.groovy)
	at com.kms.katalon.core.webui.keyword.internal.WebUIKeywordMain.runKeyword(WebUIKeywordMain.groovy:20)
	at com.kms.katalon.core.webui.keyword.builtin.VerifyTextPresentKeyword.verifyTextPresent(VerifyTextPresentKeyword.groovy:83)
	at com.kms.katalon.core.webui.keyword.builtin.VerifyTextPresentKeyword.execute(VerifyTextPresentKeyword.groovy:68)
	at com.kms.katalon.core.keyword.internal.KeywordExecutor.executeKeywordForPlatform(KeywordExecutor.groovy:74)
	at com.kms.katalon.core.webui.keyword.WebUiBuiltInKeywords.verifyTextPresent(WebUiBuiltInKeywords.groovy:1723)
	at com.kms.katalon.core.webui.keyword.WebUiBuiltInKeywords$verifyTextPresent$8.call(Unknown Source)
	at DuplicateTransactionCC.run(DuplicateTransactionCC:53)
	at com.kms.katalon.core.main.ScriptEngine.run(ScriptEngine.java:194)
	at com.kms.katalon.core.main.ScriptEngine.runScriptAsRawText(ScriptEngine.java:119)
	at com.kms.katalon.core.main.TestCaseExecutor.runScript(TestCaseExecutor.java:448)
	at com.kms.katalon.core.main.TestCaseExecutor.doExecute(TestCaseExecutor.java:439)
	at com.kms.katalon.core.main.TestCaseExecutor.processExecutionPhase(TestCaseExecutor.java:418)
	at com.kms.katalon.core.main.TestCaseExecutor.accessMainPhase(TestCaseExecutor.java:410)
	at com.kms.katalon.core.main.TestCaseExecutor.execute(TestCaseExecutor.java:285)
	at com.kms.katalon.core.common.CommonExecutor.accessTestCaseMainPhase(CommonExecutor.java:65)
	at com.kms.katalon.core.main.TestSuiteExecutor.accessTestSuiteMainPhase(TestSuiteExecutor.java:148)
	at com.kms.katalon.core.main.TestSuiteExecutor.execute(TestSuiteExecutor.java:106)
	at com.kms.katalon.core.main.TestCaseMain.startTestSuite(TestCaseMain.java:187)
	at com.kms.katalon.core.main.TestCaseMain$startTestSuite$0.call(Unknown Source)
	at TempTestSuite1715800219174.run(TempTestSuite1715800219174.groovy:35)
Caused by: com.kms.katalon.core.exception.StepFailedException: Text 'ransaction cannot be processed [duplicate transaction]' is not present on page 
	... 23 more


2024-05-15 16:12:10 - [TEST_STEP][PASSED] - openBrowser(urlEmulator): Browser is opened with url: 'https://qa2.velocitypayment.com/agency/config.do?action=editor'

2024-05-15 16:12:10 - [MESSAGE][INFO] - Starting 'Chrome' driver

2024-05-15 16:12:10 - [MESSAGE][INFO] - User set preference: ['acceptInsecureCerts', 'true']

2024-05-15 16:12:10 - [MESSAGE][INFO] - Action delay is set to 0 milliseconds

2024-05-15 16:12:12 - [MESSAGE][PASSED] - Browser is opened with url: 'https://qa2.velocitypayment.com/agency/config.do?action=editor'

2024-05-15 16:12:12 - [TEST_STEP][PASSED] - maximizeWindow(): Current window maximized

2024-05-15 16:12:13 - [MESSAGE][PASSED] - Current window maximized

2024-05-15 16:12:13 - [TEST_STEP][PASSED] - iwpPages.emulatorIWP30.setDataEmulatorStandard(): iwpPages.emulatorIWP30.setDataEmulatorStandard is PASSED

2024-05-15 16:12:13 - [MESSAGE][PASSED] - Object 'Object Repository/IWP30/Page_VRelay30Emulator/Amount' is present

2024-05-15 16:12:14 - [MESSAGE][PASSED] - All options with value '3.0' are selected in object 'Object Repository/IWP30/Page_VRelay30Emulator/MV'  using regular expression

2024-05-15 16:12:15 - [MESSAGE][PASSED] - Text '10.50' is set on object 'Object Repository/IWP30/Page_VRelay30Emulator/Amount'

2024-05-15 16:12:15 - [MESSAGE][PASSED] - Text '54654701' is set on object 'Object Repository/IWP30/Page_VRelay30Emulator/CAN'

2024-05-15 16:12:16 - [MESSAGE][PASSED] - Text 'PayNow' is set on object 'Object Repository/IWP30/Page_VRelay30Emulator/Action'

2024-05-15 16:12:17 - [MESSAGE][PASSED] - Text 'en_US' is set on object 'Object Repository/IWP30/Page_VRelay30Emulator/Lang'

2024-05-15 16:12:17 - [MESSAGE][PASSED] - Text '' is set on object 'Object Repository/IWP30/Page_VRelay30Emulator/Fname'

2024-05-15 16:12:18 - [MESSAGE][PASSED] - Text '' is set on object 'Object Repository/IWP30/Page_VRelay30Emulator/Lname'

2024-05-15 16:12:18 - [MESSAGE][PASSED] - Text '' is set on object 'Object Repository/IWP30/Page_VRelay30Emulator/AL1'

2024-05-15 16:12:19 - [MESSAGE][PASSED] - Text '' is set on object 'Object Repository/IWP30/Page_VRelay30Emulator/AL2'

2024-05-15 16:12:20 - [MESSAGE][PASSED] - Text '' is set on object 'Object Repository/IWP30/Page_VRelay30Emulator/Country'

2024-05-15 16:12:20 - [MESSAGE][PASSED] - Text '' is set on object 'Object Repository/IWP30/Page_VRelay30Emulator/City'

2024-05-15 16:12:21 - [MESSAGE][PASSED] - Text '' is set on object 'Object Repository/IWP30/Page_VRelay30Emulator/State'

2024-05-15 16:12:22 - [MESSAGE][PASSED] - Text '' is set on object 'Object Repository/IWP30/Page_VRelay30Emulator/ZIP'

2024-05-15 16:12:22 - [MESSAGE][PASSED] - Text '' is set on object 'Object Repository/IWP30/Page_VRelay30Emulator/Order'

2024-05-15 16:12:23 - [MESSAGE][PASSED] - Text '' is set on object 'Object Repository/IWP30/Page_VRelay30Emulator/Company'

2024-05-15 16:12:24 - [MESSAGE][PASSED] - Text '' is set on object 'Object Repository/IWP30/Page_VRelay30Emulator/Email'

2024-05-15 16:12:24 - [MESSAGE][PASSED] - Text '' is set on object 'Object Repository/IWP30/Page_VRelay30Emulator/UDF1'

2024-05-15 16:12:25 - [MESSAGE][PASSED] - Text '' is set on object 'Object Repository/IWP30/Page_VRelay30Emulator/UDF2'

2024-05-15 16:12:25 - [MESSAGE][PASSED] - Text 'data 3' is set on object 'Object Repository/IWP30/Page_VRelay30Emulator/UDF3'

2024-05-15 16:12:26 - [MESSAGE][PASSED] - Text 'data 4' is set on object 'Object Repository/IWP30/Page_VRelay30Emulator/UDF4'

2024-05-15 16:12:27 - [MESSAGE][PASSED] - Text 'data 5' is set on object 'Object Repository/IWP30/Page_VRelay30Emulator/UDF5'

2024-05-15 16:12:27 - [MESSAGE][PASSED] - Text 'data 6' is set on object 'Object Repository/IWP30/Page_VRelay30Emulator/UDF6'

2024-05-15 16:12:28 - [MESSAGE][PASSED] - Text 'Orange' is set on object 'Object Repository/IWP30/Page_VRelay30Emulator/UDF7'

2024-05-15 16:12:29 - [MESSAGE][PASSED] - Text 'Soccer' is set on object 'Object Repository/IWP30/Page_VRelay30Emulator/UDF8'

2024-05-15 16:12:29 - [MESSAGE][PASSED] - Text 'data 9' is set on object 'Object Repository/IWP30/Page_VRelay30Emulator/UDF9'

2024-05-15 16:12:30 - [MESSAGE][PASSED] - Text 'data 10' is set on object 'Object Repository/IWP30/Page_VRelay30Emulator/UDF10'

2024-05-15 16:12:32 - [MESSAGE][PASSED] - Object: 'Object Repository/IWP30/Page_VRelay30Emulator/Submit' is clicked on

2024-05-15 16:12:39 - [MESSAGE][PASSED] - Browser is closed

2024-05-15 16:12:39 - [MESSAGE][PASSED] - iwpPages.emulatorIWP30.setDataEmulatorStandard is PASSED

2024-05-15 16:12:39 - [TEST_STEP][PASSED] - openBrowser(urlTestHarness): Browser is opened with url: 'https://dev-algorithm.govolution.com/vrelaytest/QA2/version_2_2/vrelaytest.html'

2024-05-15 16:12:39 - [MESSAGE][INFO] - Starting 'Chrome' driver

2024-05-15 16:12:39 - [MESSAGE][INFO] - User set preference: ['acceptInsecureCerts', 'true']

2024-05-15 16:12:39 - [MESSAGE][INFO] - Action delay is set to 0 milliseconds

2024-05-15 16:12:41 - [MESSAGE][PASSED] - Browser is opened with url: 'https://dev-algorithm.govolution.com/vrelaytest/QA2/version_2_2/vrelaytest.html'

2024-05-15 16:12:41 - [TEST_STEP][PASSED] - maximizeWindow(): Current window maximized

2024-05-15 16:12:41 - [MESSAGE][PASSED] - Current window maximized

2024-05-15 16:12:41 - [TEST_STEP][PASSED] - if (verifyElementPresent(findTestObject("Object Repository/IWP30/Page_QATestHarness/RemittanceID"), 30)): null

2024-05-15 16:12:41 - [MESSAGE][PASSED] - Object 'Object Repository/IWP30/Page_QATestHarness/RemittanceID' is present

2024-05-15 16:12:41 - [TEST_STEP][PASSED] - println("We are on Test Harness page, start populating"): null

2024-05-15 16:12:41 - [TEST_STEP][PASSED] - setText(findTestObject("Object Repository/IWP30/Page_QATestHarness/ApplicationID"), "649"): Text '649' is set on object 'Object Repository/IWP30/Page_QATestHarness/ApplicationID'

2024-05-15 16:12:42 - [MESSAGE][PASSED] - Text '649' is set on object 'Object Repository/IWP30/Page_QATestHarness/ApplicationID'

2024-05-15 16:12:42 - [TEST_STEP][PASSED] - setText(findTestObject("Object Repository/IWP30/Page_QATestHarness/MessageVersion"), "3.0"): Text '3.0' is set on object 'Object Repository/IWP30/Page_QATestHarness/MessageVersion'

2024-05-15 16:12:43 - [MESSAGE][PASSED] - Text '3.0' is set on object 'Object Repository/IWP30/Page_QATestHarness/MessageVersion'

2024-05-15 16:12:43 - [TEST_STEP][PASSED] - setText(findTestObject("Object Repository/IWP30/Page_QATestHarness/RemittanceID"), "test07142020105"): Text 'test07142020105' is set on object 'Object Repository/IWP30/Page_QATestHarness/RemittanceID'

2024-05-15 16:12:43 - [MESSAGE][PASSED] - Text 'test07142020105' is set on object 'Object Repository/IWP30/Page_QATestHarness/RemittanceID'

2024-05-15 16:12:43 - [TEST_STEP][PASSED] - click(findTestObject("Object Repository/IWP30/Page_QATestHarness/SubmitButton")): Object: 'Object Repository/IWP30/Page_QATestHarness/SubmitButton' is clicked on

2024-05-15 16:12:44 - [MESSAGE][PASSED] - Object: 'Object Repository/IWP30/Page_QATestHarness/SubmitButton' is clicked on

2024-05-15 16:12:44 - [TEST_STEP][PASSED] - verifyTextPresent("The following error occurred", false): Text 'The following error occurred' is present on page 

2024-05-15 16:12:44 - [MESSAGE][PASSED] - Text 'The following error occurred' is present on page 

2024-05-15 16:12:44 - [TEST_STEP][FAILED] - verifyTextPresent("ransaction cannot be processed [duplicate transaction]", false): Text 'ransaction cannot be processed [duplicate transaction]' is not present on page  (Root cause: com.kms.katalon.core.exception.StepFailedException: Text 'ransaction cannot be processed [duplicate transaction]' is not present on page 
	at com.kms.katalon.core.webui.keyword.internal.WebUIKeywordMain.stepFailed(WebUIKeywordMain.groovy:64)
	at com.kms.katalon.core.webui.keyword.builtin.VerifyTextPresentKeyword$_verifyTextPresent_closure1.doCall(VerifyTextPresentKeyword.groovy:79)
	at com.kms.katalon.core.webui.keyword.builtin.VerifyTextPresentKeyword$_verifyTextPresent_closure1.call(VerifyTextPresentKeyword.groovy)
	at com.kms.katalon.core.webui.keyword.internal.WebUIKeywordMain.runKeyword(WebUIKeywordMain.groovy:20)
	at com.kms.katalon.core.webui.keyword.builtin.VerifyTextPresentKeyword.verifyTextPresent(VerifyTextPresentKeyword.groovy:83)
	at com.kms.katalon.core.webui.keyword.builtin.VerifyTextPresentKeyword.execute(VerifyTextPresentKeyword.groovy:68)
	at com.kms.katalon.core.keyword.internal.KeywordExecutor.executeKeywordForPlatform(KeywordExecutor.groovy:74)
	at com.kms.katalon.core.webui.keyword.WebUiBuiltInKeywords.verifyTextPresent(WebUiBuiltInKeywords.groovy:1723)
	at com.kms.katalon.core.webui.keyword.WebUiBuiltInKeywords$verifyTextPresent$8.call(Unknown Source)
	at DuplicateTransactionCC.run(DuplicateTransactionCC:53)
	at com.kms.katalon.core.main.ScriptEngine.run(ScriptEngine.java:194)
	at com.kms.katalon.core.main.ScriptEngine.runScriptAsRawText(ScriptEngine.java:119)
	at com.kms.katalon.core.main.TestCaseExecutor.runScript(TestCaseExecutor.java:448)
	at com.kms.katalon.core.main.TestCaseExecutor.doExecute(TestCaseExecutor.java:439)
	at com.kms.katalon.core.main.TestCaseExecutor.processExecutionPhase(TestCaseExecutor.java:418)
	at com.kms.katalon.core.main.TestCaseExecutor.accessMainPhase(TestCaseExecutor.java:410)
	at com.kms.katalon.core.main.TestCaseExecutor.execute(TestCaseExecutor.java:285)
	at com.kms.katalon.core.common.CommonExecutor.accessTestCaseMainPhase(CommonExecutor.java:65)
	at com.kms.katalon.core.main.TestSuiteExecutor.accessTestSuiteMainPhase(TestSuiteExecutor.java:148)
	at com.kms.katalon.core.main.TestSuiteExecutor.execute(TestSuiteExecutor.java:106)
	at com.kms.katalon.core.main.TestCaseMain.startTestSuite(TestCaseMain.java:187)
	at com.kms.katalon.core.main.TestCaseMain$startTestSuite$0.call(Unknown Source)
	at TempTestSuite1715800219174.run(TempTestSuite1715800219174.groovy:35)
)

2024-05-15 16:12:45 - [MESSAGE][FAILED] - Text 'ransaction cannot be processed [duplicate transaction]' is not present on page  (Root cause: com.kms.katalon.core.exception.StepFailedException: Text 'ransaction cannot be processed [duplicate transaction]' is not present on page 
	at com.kms.katalon.core.webui.keyword.internal.WebUIKeywordMain.stepFailed(WebUIKeywordMain.groovy:64)
	at com.kms.katalon.core.webui.keyword.builtin.VerifyTextPresentKeyword$_verifyTextPresent_closure1.doCall(VerifyTextPresentKeyword.groovy:79)
	at com.kms.katalon.core.webui.keyword.builtin.VerifyTextPresentKeyword$_verifyTextPresent_closure1.call(VerifyTextPresentKeyword.groovy)
	at com.kms.katalon.core.webui.keyword.internal.WebUIKeywordMain.runKeyword(WebUIKeywordMain.groovy:20)
	at com.kms.katalon.core.webui.keyword.builtin.VerifyTextPresentKeyword.verifyTextPresent(VerifyTextPresentKeyword.groovy:83)
	at com.kms.katalon.core.webui.keyword.builtin.VerifyTextPresentKeyword.execute(VerifyTextPresentKeyword.groovy:68)
	at com.kms.katalon.core.keyword.internal.KeywordExecutor.executeKeywordForPlatform(KeywordExecutor.groovy:74)
	at com.kms.katalon.core.webui.keyword.WebUiBuiltInKeywords.verifyTextPresent(WebUiBuiltInKeywords.groovy:1723)
	at com.kms.katalon.core.webui.keyword.WebUiBuiltInKeywords$verifyTextPresent$8.call(Unknown Source)
	at DuplicateTransactionCC.run(DuplicateTransactionCC:53)
	at com.kms.katalon.core.main.ScriptEngine.run(ScriptEngine.java:194)
	at com.kms.katalon.core.main.ScriptEngine.runScriptAsRawText(ScriptEngine.java:119)
	at com.kms.katalon.core.main.TestCaseExecutor.runScript(TestCaseExecutor.java:448)
	at com.kms.katalon.core.main.TestCaseExecutor.doExecute(TestCaseExecutor.java:439)
	at com.kms.katalon.core.main.TestCaseExecutor.processExecutionPhase(TestCaseExecutor.java:418)
	at com.kms.katalon.core.main.TestCaseExecutor.accessMainPhase(TestCaseExecutor.java:410)
	at com.kms.katalon.core.main.TestCaseExecutor.execute(TestCaseExecutor.java:285)
	at com.kms.katalon.core.common.CommonExecutor.accessTestCaseMainPhase(CommonExecutor.java:65)
	at com.kms.katalon.core.main.TestSuiteExecutor.accessTestSuiteMainPhase(TestSuiteExecutor.java:148)
	at com.kms.katalon.core.main.TestSuiteExecutor.execute(TestSuiteExecutor.java:106)
	at com.kms.katalon.core.main.TestCaseMain.startTestSuite(TestCaseMain.java:187)
	at com.kms.katalon.core.main.TestCaseMain$startTestSuite$0.call(Unknown Source)
	at TempTestSuite1715800219174.run(TempTestSuite1715800219174.groovy:35)
)

2024-05-15 16:12:45 - [TEST_STEP][PASSED] - verifyTextPresent("Please  click here to continue", false): Text 'Please  click here to continue' is present on page 

2024-05-15 16:12:45 - [MESSAGE][PASSED] - Text 'Please  click here to continue' is present on page 

2024-05-15 16:12:45 - [TEST_STEP][PASSED] - closeBrowser(): Browser is closed

2024-05-15 16:12:46 - [MESSAGE][PASSED] - Browser is closed]]></system-out>
         <system-err><![CDATA[2024-05-15 16:12:10 - [TEST_CASE][FAILED] - Test Cases/IntegratedWeb/IWP30/Errors/DuplicateTransactionCC: Test Cases/IntegratedWeb/IWP30/Errors/DuplicateTransactionCC FAILED.
Reason:
com.kms.katalon.core.exception.StepFailedException: Text 'ransaction cannot be processed [duplicate transaction]' is not present on page  (Root cause: com.kms.katalon.core.exception.StepFailedException: Text 'ransaction cannot be processed [duplicate transaction]' is not present on page 
	at com.kms.katalon.core.webui.keyword.internal.WebUIKeywordMain.stepFailed(WebUIKeywordMain.groovy:64)
	at com.kms.katalon.core.webui.keyword.builtin.VerifyTextPresentKeyword$_verifyTextPresent_closure1.doCall(VerifyTextPresentKeyword.groovy:79)
	at com.kms.katalon.core.webui.keyword.builtin.VerifyTextPresentKeyword$_verifyTextPresent_closure1.call(VerifyTextPresentKeyword.groovy)
	at com.kms.katalon.core.webui.keyword.internal.WebUIKeywordMain.runKeyword(WebUIKeywordMain.groovy:20)
	at com.kms.katalon.core.webui.keyword.builtin.VerifyTextPresentKeyword.verifyTextPresent(VerifyTextPresentKeyword.groovy:83)
	at com.kms.katalon.core.webui.keyword.builtin.VerifyTextPresentKeyword.execute(VerifyTextPresentKeyword.groovy:68)
	at com.kms.katalon.core.keyword.internal.KeywordExecutor.executeKeywordForPlatform(KeywordExecutor.groovy:74)
	at com.kms.katalon.core.webui.keyword.WebUiBuiltInKeywords.verifyTextPresent(WebUiBuiltInKeywords.groovy:1723)
	at com.kms.katalon.core.webui.keyword.WebUiBuiltInKeywords$verifyTextPresent$8.call(Unknown Source)
	at DuplicateTransactionCC.run(DuplicateTransactionCC:53)
	at com.kms.katalon.core.main.ScriptEngine.run(ScriptEngine.java:194)
	at com.kms.katalon.core.main.ScriptEngine.runScriptAsRawText(ScriptEngine.java:119)
	at com.kms.katalon.core.main.TestCaseExecutor.runScript(TestCaseExecutor.java:448)
	at com.kms.katalon.core.main.TestCaseExecutor.doExecute(TestCaseExecutor.java:439)
	at com.kms.katalon.core.main.TestCaseExecutor.processExecutionPhase(TestCaseExecutor.java:418)
	at com.kms.katalon.core.main.TestCaseExecutor.accessMainPhase(TestCaseExecutor.java:410)
	at com.kms.katalon.core.main.TestCaseExecutor.execute(TestCaseExecutor.java:285)
	at com.kms.katalon.core.common.CommonExecutor.accessTestCaseMainPhase(CommonExecutor.java:65)
	at com.kms.katalon.core.main.TestSuiteExecutor.accessTestSuiteMainPhase(TestSuiteExecutor.java:148)
	at com.kms.katalon.core.main.TestSuiteExecutor.execute(TestSuiteExecutor.java:106)
	at com.kms.katalon.core.main.TestCaseMain.startTestSuite(TestCaseMain.java:187)
	at com.kms.katalon.core.main.TestCaseMain$startTestSuite$0.call(Unknown Source)
	at TempTestSuite1715800219174.run(TempTestSuite1715800219174.groovy:35)
)
	at com.kms.katalon.core.keyword.internal.KeywordMain.stepFailed(KeywordMain.groovy:39)
	at com.kms.katalon.core.webui.keyword.internal.WebUIKeywordMain.stepFailed(WebUIKeywordMain.groovy:64)
	at com.kms.katalon.core.webui.keyword.builtin.VerifyTextPresentKeyword$_verifyTextPresent_closure1.doCall(VerifyTextPresentKeyword.groovy:79)
	at com.kms.katalon.core.webui.keyword.builtin.VerifyTextPresentKeyword$_verifyTextPresent_closure1.call(VerifyTextPresentKeyword.groovy)
	at com.kms.katalon.core.webui.keyword.internal.WebUIKeywordMain.runKeyword(WebUIKeywordMain.groovy:20)
	at com.kms.katalon.core.webui.keyword.builtin.VerifyTextPresentKeyword.verifyTextPresent(VerifyTextPresentKeyword.groovy:83)
	at com.kms.katalon.core.webui.keyword.builtin.VerifyTextPresentKeyword.execute(VerifyTextPresentKeyword.groovy:68)
	at com.kms.katalon.core.keyword.internal.KeywordExecutor.executeKeywordForPlatform(KeywordExecutor.groovy:74)
	at com.kms.katalon.core.webui.keyword.WebUiBuiltInKeywords.verifyTextPresent(WebUiBuiltInKeywords.groovy:1723)
	at com.kms.katalon.core.webui.keyword.WebUiBuiltInKeywords$verifyTextPresent$8.call(Unknown Source)
	at DuplicateTransactionCC.run(DuplicateTransactionCC:53)
	at com.kms.katalon.core.main.ScriptEngine.run(ScriptEngine.java:194)
	at com.kms.katalon.core.main.ScriptEngine.runScriptAsRawText(ScriptEngine.java:119)
	at com.kms.katalon.core.main.TestCaseExecutor.runScript(TestCaseExecutor.java:448)
	at com.kms.katalon.core.main.TestCaseExecutor.doExecute(TestCaseExecutor.java:439)
	at com.kms.katalon.core.main.TestCaseExecutor.processExecutionPhase(TestCaseExecutor.java:418)
	at com.kms.katalon.core.main.TestCaseExecutor.accessMainPhase(TestCaseExecutor.java:410)
	at com.kms.katalon.core.main.TestCaseExecutor.execute(TestCaseExecutor.java:285)
	at com.kms.katalon.core.common.CommonExecutor.accessTestCaseMainPhase(CommonExecutor.java:65)
	at com.kms.katalon.core.main.TestSuiteExecutor.accessTestSuiteMainPhase(TestSuiteExecutor.java:148)
	at com.kms.katalon.core.main.TestSuiteExecutor.execute(TestSuiteExecutor.java:106)
	at com.kms.katalon.core.main.TestCaseMain.startTestSuite(TestCaseMain.java:187)
	at com.kms.katalon.core.main.TestCaseMain$startTestSuite$0.call(Unknown Source)
	at TempTestSuite1715800219174.run(TempTestSuite1715800219174.groovy:35)
Caused by: com.kms.katalon.core.exception.StepFailedException: Text 'ransaction cannot be processed [duplicate transaction]' is not present on page 
	... 23 more]]></system-err>
      </testcase>
      <system-out><![CDATA[2024-05-15 15:10:25 - [TEST_SUITE][FAILED] - IWP30 Smoke TestSuite: Test Cases/IntegratedWeb/IWP30/Payments/NoModifyAmountCC FAILED.
Reason:
com.kms.katalon.core.exception.StepFailedException: Unable to check object 'Object Repository/IWP30/Page_SelectPaymentMethod/PayByCreditCard' (Root cause: com.kms.katalon.core.exception.StepFailedException: Unable to check object 'Object Repository/IWP30/Page_SelectPaymentMethod/PayByCreditCard'
	at com.kms.katalon.core.webui.keyword.internal.WebUIKeywordMain.stepFailed(WebUIKeywordMain.groovy:64)
	at com.kms.katalon.core.webui.keyword.internal.WebUIKeywordMain.runKeyword(WebUIKeywordMain.groovy:26)
	at com.kms.katalon.core.webui.keyword.builtin.CheckKeyword.check(CheckKeyword.groovy:88)
	at com.kms.katalon.core.webui.keyword.builtin.CheckKeyword.execute(CheckKeyword.groovy:67)
	at com.kms.katalon.core.keyword.internal.KeywordExecutor.executeKeywordForPlatform(KeywordExecutor.groovy:74)
	at com.kms.katalon.core.webui.keyword.WebUiBuiltInKeywords.check(WebUiBuiltInKeywords.groovy:1069)
	at com.kms.katalon.core.webui.keyword.WebUiBuiltInKeywords$check$6.call(Unknown Source)
	at NoModifyAmountCC.run(NoModifyAmountCC:75)
	at com.kms.katalon.core.main.ScriptEngine.run(ScriptEngine.java:194)
	at com.kms.katalon.core.main.ScriptEngine.runScriptAsRawText(ScriptEngine.java:119)
	at com.kms.katalon.core.main.TestCaseExecutor.runScript(TestCaseExecutor.java:448)
	at com.kms.katalon.core.main.TestCaseExecutor.doExecute(TestCaseExecutor.java:439)
	at com.kms.katalon.core.main.TestCaseExecutor.processExecutionPhase(TestCaseExecutor.java:418)
	at com.kms.katalon.core.main.TestCaseExecutor.accessMainPhase(TestCaseExecutor.java:410)
	at com.kms.katalon.core.main.TestCaseExecutor.execute(TestCaseExecutor.java:285)
	at com.kms.katalon.core.common.CommonExecutor.accessTestCaseMainPhase(CommonExecutor.java:65)
	at com.kms.katalon.core.main.TestSuiteExecutor.accessTestSuiteMainPhase(TestSuiteExecutor.java:148)
	at com.kms.katalon.core.main.TestSuiteExecutor.execute(TestSuiteExecutor.java:106)
	at com.kms.katalon.core.main.TestCaseMain.startTestSuite(TestCaseMain.java:187)
	at com.kms.katalon.core.main.TestCaseMain$startTestSuite$0.call(Unknown Source)
	at TempTestSuite1715800219174.run(TempTestSuite1715800219174.groovy:35)
Caused by: com.kms.katalon.core.webui.exception.WebElementNotFoundException: Web element with id: 'Object Repository/IWP30/Page_SelectPaymentMethod/PayByCreditCard' located by '//*[@type = 'radio' and @name = 'paymentMethod' and @alt = 'Pay by Credit or Debit Card']' not found
	at com.kms.katalon.core.webui.common.WebUiCommonHelper.findWebElement(WebUiCommonHelper.java:1381)
	at com.kms.katalon.core.webui.keyword.internal.WebUIAbstractKeyword.findWebElement(WebUIAbstractKeyword.groovy:27)
	at com.kms.katalon.core.webui.keyword.internal.WebUIAbstractKeyword.findWebElement(WebUIAbstractKeyword.groovy:26)
	at com.kms.katalon.core.webui.keyword.builtin.CheckKeyword$_check_closure1.doCall(CheckKeyword.groovy:77)
	at com.kms.katalon.core.webui.keyword.builtin.CheckKeyword$_check_closure1.call(CheckKeyword.groovy)
	at com.kms.katalon.core.webui.keyword.internal.WebUIKeywordMain.runKeyword(WebUIKeywordMain.groovy:20)
	at com.kms.katalon.core.webui.keyword.builtin.CheckKeyword.check(CheckKeyword.groovy:88)
	at com.kms.katalon.core.webui.keyword.builtin.CheckKeyword.execute(CheckKeyword.groovy:67)
	at com.kms.katalon.core.keyword.internal.KeywordExecutor.executeKeywordForPlatform(KeywordExecutor.groovy:74)
	at com.kms.katalon.core.webui.keyword.WebUiBuiltInKeywords.check(WebUiBuiltInKeywords.groovy:1069)
	at com.kms.katalon.core.webui.keyword.WebUiBuiltInKeywords$check$6.call(Unknown Source)
	at Script1688676105506.run(Script1688676105506.groovy:75)
	... 13 more
)
	at com.kms.katalon.core.keyword.internal.KeywordMain.stepFailed(KeywordMain.groovy:39)
	at com.kms.katalon.core.webui.keyword.internal.WebUIKeywordMain.stepFailed(WebUIKeywordMain.groovy:64)
	at com.kms.katalon.core.webui.keyword.internal.WebUIKeywordMain.runKeyword(WebUIKeywordMain.groovy:26)
	at com.kms.katalon.core.webui.keyword.builtin.CheckKeyword.check(CheckKeyword.groovy:88)
	at com.kms.katalon.core.webui.keyword.builtin.CheckKeyword.execute(CheckKeyword.groovy:67)
	at com.kms.katalon.core.keyword.internal.KeywordExecutor.executeKeywordForPlatform(KeywordExecutor.groovy:74)
	at com.kms.katalon.core.webui.keyword.WebUiBuiltInKeywords.check(WebUiBuiltInKeywords.groovy:1069)
	at com.kms.katalon.core.webui.keyword.WebUiBuiltInKeywords$check$6.call(Unknown Source)
	at NoModifyAmountCC.run(NoModifyAmountCC:75)
	at com.kms.katalon.core.main.ScriptEngine.run(ScriptEngine.java:194)
	at com.kms.katalon.core.main.ScriptEngine.runScriptAsRawText(ScriptEngine.java:119)
	at com.kms.katalon.core.main.TestCaseExecutor.runScript(TestCaseExecutor.java:448)
	at com.kms.katalon.core.main.TestCaseExecutor.doExecute(TestCaseExecutor.java:439)
	at com.kms.katalon.core.main.TestCaseExecutor.processExecutionPhase(TestCaseExecutor.java:418)
	at com.kms.katalon.core.main.TestCaseExecutor.accessMainPhase(TestCaseExecutor.java:410)
	at com.kms.katalon.core.main.TestCaseExecutor.execute(TestCaseExecutor.java:285)
	at com.kms.katalon.core.common.CommonExecutor.accessTestCaseMainPhase(CommonExecutor.java:65)
	at com.kms.katalon.core.main.TestSuiteExecutor.accessTestSuiteMainPhase(TestSuiteExecutor.java:148)
	at com.kms.katalon.core.main.TestSuiteExecutor.execute(TestSuiteExecutor.java:106)
	at com.kms.katalon.core.main.TestCaseMain.startTestSuite(TestCaseMain.java:187)
	at com.kms.katalon.core.main.TestCaseMain$startTestSuite$0.call(Unknown Source)
	at TempTestSuite1715800219174.run(TempTestSuite1715800219174.groovy:35)
Caused by: com.kms.katalon.core.exception.StepFailedException: Unable to check object 'Object Repository/IWP30/Page_SelectPaymentMethod/PayByCreditCard'
	... 21 more
Caused by: com.kms.katalon.core.webui.exception.WebElementNotFoundException: Web element with id: 'Object Repository/IWP30/Page_SelectPaymentMethod/PayByCreditCard' located by '//*[@type = 'radio' and @name = 'paymentMethod' and @alt = 'Pay by Credit or Debit Card']' not found
	at com.kms.katalon.core.webui.common.WebUiCommonHelper.findWebElement(WebUiCommonHelper.java:1381)
	at com.kms.katalon.core.webui.keyword.internal.WebUIAbstractKeyword.findWebElement(WebUIAbstractKeyword.groovy:27)
	at com.kms.katalon.core.webui.keyword.internal.WebUIAbstractKeyword.findWebElement(WebUIAbstractKeyword.groovy:26)
	at com.kms.katalon.core.webui.keyword.builtin.CheckKeyword$_check_closure1.doCall(CheckKeyword.groovy:77)
	at com.kms.katalon.core.webui.keyword.builtin.CheckKeyword$_check_closure1.call(CheckKeyword.groovy)
	at com.kms.katalon.core.webui.keyword.internal.WebUIKeywordMain.runKeyword(WebUIKeywordMain.groovy:20)
	... 19 more]]></system-out>
      <system-err><![CDATA[2024-05-15 15:10:25 - [TEST_SUITE][FAILED] - IWP30 Smoke TestSuite: Test Cases/IntegratedWeb/IWP30/Payments/NoModifyAmountCC FAILED.
Reason:
com.kms.katalon.core.exception.StepFailedException: Unable to check object 'Object Repository/IWP30/Page_SelectPaymentMethod/PayByCreditCard' (Root cause: com.kms.katalon.core.exception.StepFailedException: Unable to check object 'Object Repository/IWP30/Page_SelectPaymentMethod/PayByCreditCard'
	at com.kms.katalon.core.webui.keyword.internal.WebUIKeywordMain.stepFailed(WebUIKeywordMain.groovy:64)
	at com.kms.katalon.core.webui.keyword.internal.WebUIKeywordMain.runKeyword(WebUIKeywordMain.groovy:26)
	at com.kms.katalon.core.webui.keyword.builtin.CheckKeyword.check(CheckKeyword.groovy:88)
	at com.kms.katalon.core.webui.keyword.builtin.CheckKeyword.execute(CheckKeyword.groovy:67)
	at com.kms.katalon.core.keyword.internal.KeywordExecutor.executeKeywordForPlatform(KeywordExecutor.groovy:74)
	at com.kms.katalon.core.webui.keyword.WebUiBuiltInKeywords.check(WebUiBuiltInKeywords.groovy:1069)
	at com.kms.katalon.core.webui.keyword.WebUiBuiltInKeywords$check$6.call(Unknown Source)
	at NoModifyAmountCC.run(NoModifyAmountCC:75)
	at com.kms.katalon.core.main.ScriptEngine.run(ScriptEngine.java:194)
	at com.kms.katalon.core.main.ScriptEngine.runScriptAsRawText(ScriptEngine.java:119)
	at com.kms.katalon.core.main.TestCaseExecutor.runScript(TestCaseExecutor.java:448)
	at com.kms.katalon.core.main.TestCaseExecutor.doExecute(TestCaseExecutor.java:439)
	at com.kms.katalon.core.main.TestCaseExecutor.processExecutionPhase(TestCaseExecutor.java:418)
	at com.kms.katalon.core.main.TestCaseExecutor.accessMainPhase(TestCaseExecutor.java:410)
	at com.kms.katalon.core.main.TestCaseExecutor.execute(TestCaseExecutor.java:285)
	at com.kms.katalon.core.common.CommonExecutor.accessTestCaseMainPhase(CommonExecutor.java:65)
	at com.kms.katalon.core.main.TestSuiteExecutor.accessTestSuiteMainPhase(TestSuiteExecutor.java:148)
	at com.kms.katalon.core.main.TestSuiteExecutor.execute(TestSuiteExecutor.java:106)
	at com.kms.katalon.core.main.TestCaseMain.startTestSuite(TestCaseMain.java:187)
	at com.kms.katalon.core.main.TestCaseMain$startTestSuite$0.call(Unknown Source)
	at TempTestSuite1715800219174.run(TempTestSuite1715800219174.groovy:35)
Caused by: com.kms.katalon.core.webui.exception.WebElementNotFoundException: Web element with id: 'Object Repository/IWP30/Page_SelectPaymentMethod/PayByCreditCard' located by '//*[@type = 'radio' and @name = 'paymentMethod' and @alt = 'Pay by Credit or Debit Card']' not found
	at com.kms.katalon.core.webui.common.WebUiCommonHelper.findWebElement(WebUiCommonHelper.java:1381)
	at com.kms.katalon.core.webui.keyword.internal.WebUIAbstractKeyword.findWebElement(WebUIAbstractKeyword.groovy:27)
	at com.kms.katalon.core.webui.keyword.internal.WebUIAbstractKeyword.findWebElement(WebUIAbstractKeyword.groovy:26)
	at com.kms.katalon.core.webui.keyword.builtin.CheckKeyword$_check_closure1.doCall(CheckKeyword.groovy:77)
	at com.kms.katalon.core.webui.keyword.builtin.CheckKeyword$_check_closure1.call(CheckKeyword.groovy)
	at com.kms.katalon.core.webui.keyword.internal.WebUIKeywordMain.runKeyword(WebUIKeywordMain.groovy:20)
	at com.kms.katalon.core.webui.keyword.builtin.CheckKeyword.check(CheckKeyword.groovy:88)
	at com.kms.katalon.core.webui.keyword.builtin.CheckKeyword.execute(CheckKeyword.groovy:67)
	at com.kms.katalon.core.keyword.internal.KeywordExecutor.executeKeywordForPlatform(KeywordExecutor.groovy:74)
	at com.kms.katalon.core.webui.keyword.WebUiBuiltInKeywords.check(WebUiBuiltInKeywords.groovy:1069)
	at com.kms.katalon.core.webui.keyword.WebUiBuiltInKeywords$check$6.call(Unknown Source)
	at Script1688676105506.run(Script1688676105506.groovy:75)
	... 13 more
)
	at com.kms.katalon.core.keyword.internal.KeywordMain.stepFailed(KeywordMain.groovy:39)
	at com.kms.katalon.core.webui.keyword.internal.WebUIKeywordMain.stepFailed(WebUIKeywordMain.groovy:64)
	at com.kms.katalon.core.webui.keyword.internal.WebUIKeywordMain.runKeyword(WebUIKeywordMain.groovy:26)
	at com.kms.katalon.core.webui.keyword.builtin.CheckKeyword.check(CheckKeyword.groovy:88)
	at com.kms.katalon.core.webui.keyword.builtin.CheckKeyword.execute(CheckKeyword.groovy:67)
	at com.kms.katalon.core.keyword.internal.KeywordExecutor.executeKeywordForPlatform(KeywordExecutor.groovy:74)
	at com.kms.katalon.core.webui.keyword.WebUiBuiltInKeywords.check(WebUiBuiltInKeywords.groovy:1069)
	at com.kms.katalon.core.webui.keyword.WebUiBuiltInKeywords$check$6.call(Unknown Source)
	at NoModifyAmountCC.run(NoModifyAmountCC:75)
	at com.kms.katalon.core.main.ScriptEngine.run(ScriptEngine.java:194)
	at com.kms.katalon.core.main.ScriptEngine.runScriptAsRawText(ScriptEngine.java:119)
	at com.kms.katalon.core.main.TestCaseExecutor.runScript(TestCaseExecutor.java:448)
	at com.kms.katalon.core.main.TestCaseExecutor.doExecute(TestCaseExecutor.java:439)
	at com.kms.katalon.core.main.TestCaseExecutor.processExecutionPhase(TestCaseExecutor.java:418)
	at com.kms.katalon.core.main.TestCaseExecutor.accessMainPhase(TestCaseExecutor.java:410)
	at com.kms.katalon.core.main.TestCaseExecutor.execute(TestCaseExecutor.java:285)
	at com.kms.katalon.core.common.CommonExecutor.accessTestCaseMainPhase(CommonExecutor.java:65)
	at com.kms.katalon.core.main.TestSuiteExecutor.accessTestSuiteMainPhase(TestSuiteExecutor.java:148)
	at com.kms.katalon.core.main.TestSuiteExecutor.execute(TestSuiteExecutor.java:106)
	at com.kms.katalon.core.main.TestCaseMain.startTestSuite(TestCaseMain.java:187)
	at com.kms.katalon.core.main.TestCaseMain$startTestSuite$0.call(Unknown Source)
	at TempTestSuite1715800219174.run(TempTestSuite1715800219174.groovy:35)
Caused by: com.kms.katalon.core.exception.StepFailedException: Unable to check object 'Object Repository/IWP30/Page_SelectPaymentMethod/PayByCreditCard'
	... 21 more
Caused by: com.kms.katalon.core.webui.exception.WebElementNotFoundException: Web element with id: 'Object Repository/IWP30/Page_SelectPaymentMethod/PayByCreditCard' located by '//*[@type = 'radio' and @name = 'paymentMethod' and @alt = 'Pay by Credit or Debit Card']' not found
	at com.kms.katalon.core.webui.common.WebUiCommonHelper.findWebElement(WebUiCommonHelper.java:1381)
	at com.kms.katalon.core.webui.keyword.internal.WebUIAbstractKeyword.findWebElement(WebUIAbstractKeyword.groovy:27)
	at com.kms.katalon.core.webui.keyword.internal.WebUIAbstractKeyword.findWebElement(WebUIAbstractKeyword.groovy:26)
	at com.kms.katalon.core.webui.keyword.builtin.CheckKeyword$_check_closure1.doCall(CheckKeyword.groovy:77)
	at com.kms.katalon.core.webui.keyword.builtin.CheckKeyword$_check_closure1.call(CheckKeyword.groovy)
	at com.kms.katalon.core.webui.keyword.internal.WebUIKeywordMain.runKeyword(WebUIKeywordMain.groovy:20)
	... 19 more]]></system-err>
   </testsuite>
</testsuites>
