<?xml version="1.0" encoding="UTF-8"?>
<testsuites name="RAD_UI_TestSuite" time="3913.61" tests="7" failures="2" errors="0">
   <testsuite name="RAD_UI_TestSuite" tests="7" failures="2" errors="0" time="3913.61" skipped="0" timestamp="2024-11-07 20:48:12" hostname="imtiaz - DESKTOP-B2QI6NS.govolution.com" id="Test Suites/RAD_TestSuite/RAD_UI_TestSuite">
      <properties>
         <property name="deviceName" value=""/>
         <property name="devicePlatform" value=""/>
         <property name="logFolder" value="E:\\Cloned-Project-Katalon\\VPS-Katalon\\Reports\\20241107_204804\\RAD_TestSuite\\RAD_UI_TestSuite\\20241107_204804"/>
         <property name="logFiles" value="E:\\Cloned-Project-Katalon\\VPS-Katalon\\Reports\\20241107_204804\\RAD_TestSuite\\RAD_UI_TestSuite\\20241107_204804\\execution0.log, E:\\Cloned-Project-Katalon\\VPS-Katalon\\Reports\\20241107_204804\\RAD_TestSuite\\RAD_UI_TestSuite\\20241107_204804\\execution1.log"/>
         <property name="attachments" value="E:\\Cloned-Project-Katalon\\VPS-Katalon\\Reports\\20241107_204804\\RAD_TestSuite\\RAD_UI_TestSuite\\20241107_204804\\1731033985579.png, E:\\Cloned-Project-Katalon\\VPS-Katalon\\Reports\\20241107_204804\\RAD_TestSuite\\RAD_UI_TestSuite\\20241107_204804\\1731034050314.png, E:\\Cloned-Project-Katalon\\VPS-Katalon\\Reports\\20241107_204804\\RAD_TestSuite\\RAD_UI_TestSuite\\20241107_204804\\1731034114549.png, E:\\Cloned-Project-Katalon\\VPS-Katalon\\Reports\\20241107_204804\\RAD_TestSuite\\RAD_UI_TestSuite\\20241107_204804\\1731034265503.png, E:\\Cloned-Project-Katalon\\VPS-Katalon\\Reports\\20241107_204804\\RAD_TestSuite\\RAD_UI_TestSuite\\20241107_204804\\1731034335161.png, E:\\Cloned-Project-Katalon\\VPS-Katalon\\Reports\\20241107_204804\\RAD_TestSuite\\RAD_UI_TestSuite\\20241107_204804\\1731034405454.png"/>
         <property name="hostName" value="imtiaz - DESKTOP-B2QI6NS.govolution.com"/>
         <property name="os" value="Windows 10 64bit"/>
         <property name="katalonVersion" value="8.6.9.208"/>
         <property name="browser" value="Chrome 130.0.0.0"/>
         <property name="hostAddress" value="172.31.253.185"/>
         <property name="sessionId" value="708b7abf0eca20f12bceac41c48ce34b"/>
         <property name="seleniumVersion" value="3.141.59"/>
         <property name="proxyInformation" value="ProxyInformation { proxyOption=NO_PROXY, proxyServerType=HTTP, username=, password=********, proxyServerAddress=, proxyServerPort=0, executionList=&quot;&quot;, isApplyToDesiredCapabilities=true }"/>
         <property name="platform" value="Windows 10"/>
      </properties>
      <testcase name="Test Cases/RAD_TestCases/Summary_TestCases/Estimated_Summary_TC" time="247.62" classname="Test Cases/RAD_TestCases/Summary_TestCases/Estimated_Summary_TC" status="PASSED">
         <system-out><![CDATA[2024-11-07 20:48:12 - [TEST_CASE][PASSED] - Test Cases/RAD_TestCases/Summary_TestCases/Estimated_Summary_TC: Test Cases/RAD_TestCases/Summary_TestCases/Estimated_Summary_TC

2024-11-07 20:48:13 - [TEST_STEP][PASSED] - resText = "Fail": null

2024-11-07 20:48:13 - [TEST_STEP][PASSED] - resColumn = "Result": null

2024-11-07 20:48:13 - [TEST_STEP][PASSED] - datCloumn = "Date": null

2024-11-07 20:48:13 - [TEST_STEP][PASSED] - fileLoc = "KatalonData/RADTestData/Summary.xlsx": null

2024-11-07 20:48:13 - [TEST_STEP][PASSED] - nameSheet = "Estimated": null

2024-11-07 20:48:13 - [TEST_STEP][PASSED] - dataFile = "RADTestData/Summary_Estimated": null

2024-11-07 20:48:13 - [TEST_STEP][PASSED] - orPath_Landing = "Object Repository/RAD_Pages/Landing_Page": null

2024-11-07 20:48:13 - [TEST_STEP][PASSED] - orPath_TaxTypeFilingYear = "Object Repository/RAD_Pages/TaxTypeFilingYear_Page": null

2024-11-07 20:48:13 - [TEST_STEP][PASSED] - orPath_Amount = "Object Repository/RAD_Pages/PaymentAmount_Page": null

2024-11-07 20:48:13 - [TEST_STEP][PASSED] - orPath_AddressContact = "Object Repository/RAD_Pages/AddressAndContactInfo_Page": null

2024-11-07 20:48:13 - [TEST_STEP][PASSED] - orPath_Summary = "Object Repository/RAD_Pages/Summary_Page": null

2024-11-07 20:48:13 - [TEST_STEP][PASSED] - orPath_PaymentConfirmation = "Object Repository/RAD_Pages/PaymentConfirmation_Page": null

2024-11-07 20:48:13 - [TEST_STEP][PASSED] - orPath_ServiceFeesAccept = "Object Repository/RAD_Pages/ServiceFeeAccept_Page": null

2024-11-07 20:48:13 - [TEST_STEP][PASSED] - orPath_PaymentEntry = "Object Repository/RAD_Pages/PaymentEntry_Page": null

2024-11-07 20:48:13 - [TEST_STEP][PASSED] - orPath_TaxInfo = "Object Repository/RAD_Pages/TaxInfo_Page": null

2024-11-07 20:48:13 - [TEST_STEP][PASSED] - ExecuteTC = <not implemented yet for class: org.codehaus.groovy.ast.expr.EmptyExpression>: null

2024-11-07 20:48:13 - [TEST_STEP][PASSED] - TaxType = <not implemented yet for class: org.codehaus.groovy.ast.expr.EmptyExpression>: null

2024-11-07 20:48:13 - [TEST_STEP][PASSED] - PaymentType = <not implemented yet for class: org.codehaus.groovy.ast.expr.EmptyExpression>: null

2024-11-07 20:48:13 - [TEST_STEP][PASSED] - FilingYear = <not implemented yet for class: org.codehaus.groovy.ast.expr.EmptyExpression>: null

2024-11-07 20:48:13 - [TEST_STEP][PASSED] - PeriodEndingMonth = <not implemented yet for class: org.codehaus.groovy.ast.expr.EmptyExpression>: null

2024-11-07 20:48:13 - [TEST_STEP][PASSED] - feinSSN = <not implemented yet for class: org.codehaus.groovy.ast.expr.EmptyExpression>: null

2024-11-07 20:48:13 - [TEST_STEP][PASSED] - numOfRows = findTestData(dataFile).getRowNumbers(): null

2024-11-07 20:48:14 - [TEST_STEP][PASSED] - println("Number of Records: " + numOfRows): null

2024-11-07 20:48:14 - [TEST_STEP][PASSED] - for ([row = 1, row <= numOfRows, (row++)]): Object 'Object Repository/RAD_Pages/PaymentEntry_Page/input__billingName' is present

2024-11-07 20:48:14 - [TEST_STEP][PASSED] - ExecuteTC = findTestData(dataFile).getValue("Execute", row): null

2024-11-07 20:48:14 - [TEST_STEP][PASSED] - TaxType = findTestData(dataFile).getValue("TaxType", row): null

2024-11-07 20:48:14 - [TEST_STEP][PASSED] - PaymentType = findTestData(dataFile).getValue("PaymentType", row): null

2024-11-07 20:48:15 - [TEST_STEP][PASSED] - FilingYear = findTestData(dataFile).getValue("Year", row): null

2024-11-07 20:48:15 - [TEST_STEP][PASSED] - PeriodEndingMonth = findTestData(dataFile).getValue("Month", row): null

2024-11-07 20:48:15 - [TEST_STEP][PASSED] - feinSSN = findTestData(dataFile).getValue("FeinSsn", row): null

2024-11-07 20:48:15 - [TEST_STEP][PASSED] - if (ExecuteTC.equalsIgnoreCase("Y")): Object 'Object Repository/RAD_Pages/PaymentEntry_Page/input__billingName' is present

2024-11-07 20:48:15 - [TEST_STEP][PASSED] - out.println("Begin Record Number: " + row): null

2024-11-07 20:48:15 - [TEST_STEP][PASSED] - today = new java.util.Date(): null

2024-11-07 20:48:15 - [TEST_STEP][PASSED] - println(today): null

2024-11-07 20:48:15 - [TEST_STEP][PASSED] - datText = today: null

2024-11-07 20:48:15 - [TEST_STEP][PASSED] - logInfo("Payment Type: Quarterly Estimated Tax"): Payment Type: Quarterly Estimated Tax

2024-11-07 20:48:15 - [MESSAGE][INFO] - Payment Type: Quarterly Estimated Tax

2024-11-07 20:48:15 - [TEST_STEP][PASSED] - logInfo("Tax Type: " + TaxType): Tax Type: Corporate Income Tax

2024-11-07 20:48:15 - [MESSAGE][INFO] - Tax Type: Corporate Income Tax

2024-11-07 20:48:15 - [TEST_STEP][PASSED] - openBrowser(""): Browser is opened with url: ''

2024-11-07 20:48:16 - [MESSAGE][INFO] - Starting 'Chrome' driver

2024-11-07 20:48:16 - [MESSAGE][INFO] - User set preference: ['acceptInsecureCerts', 'true']

2024-11-07 20:48:16 - [MESSAGE][INFO] - Action delay is set to 0 milliseconds

2024-11-07 20:48:21 - [MESSAGE][PASSED] - Browser is opened with url: ''

2024-11-07 20:48:21 - [TEST_STEP][PASSED] - maximizeWindow(): Current window maximized

2024-11-07 20:48:21 - [MESSAGE][PASSED] - Current window maximized

2024-11-07 20:48:21 - [TEST_STEP][PASSED] - navigateToUrl(RADurl): Navigate to 'https://www.velocitypayment.com/client/rad/index.html' successfully

2024-11-07 20:48:24 - [MESSAGE][PASSED] - Navigate to 'https://www.velocitypayment.com/client/rad/index.html' successfully

2024-11-07 20:48:24 - [TEST_STEP][PASSED] - selectOptionByLabel(findTestObject(orPath_Landing + "/dd_TaxType"), "Quarterly Estimated Tax", false): All options with label 'Quarterly Estimated Tax' are selected in object 'Object Repository/RAD_Pages/Landing_Page/dd_TaxType' 

2024-11-07 20:48:26 - [MESSAGE][PASSED] - All options with label 'Quarterly Estimated Tax' are selected in object 'Object Repository/RAD_Pages/Landing_Page/dd_TaxType' 

2024-11-07 20:48:26 - [TEST_STEP][PASSED] - selectOptionByLabel(findTestObject(orPath_TaxTypeFilingYear + "/select_PaymentType"), TaxType, false): All options with label 'Corporate Income Tax' are selected in object 'Object Repository/RAD_Pages/TaxTypeFilingYear_Page/select_PaymentType' 

2024-11-07 20:48:27 - [MESSAGE][PASSED] - All options with label 'Corporate Income Tax' are selected in object 'Object Repository/RAD_Pages/TaxTypeFilingYear_Page/select_PaymentType' 

2024-11-07 20:48:27 - [TEST_STEP][PASSED] - selectOptionByLabel(findTestObject(orPath_TaxTypeFilingYear + "/select_FilingYear"), FilingYear, false): All options with label '2024' are selected in object 'Object Repository/RAD_Pages/TaxTypeFilingYear_Page/select_FilingYear' 

2024-11-07 20:48:27 - [MESSAGE][PASSED] - All options with label '2024' are selected in object 'Object Repository/RAD_Pages/TaxTypeFilingYear_Page/select_FilingYear' 

2024-11-07 20:48:27 - [TEST_STEP][PASSED] - selectOptionByLabel(findTestObject(orPath_TaxTypeFilingYear + "/select_PeriodEnding"), PeriodEndingMonth, false): All options with label 'March' are selected in object 'Object Repository/RAD_Pages/TaxTypeFilingYear_Page/select_PeriodEnding' 

2024-11-07 20:48:28 - [MESSAGE][PASSED] - All options with label 'March' are selected in object 'Object Repository/RAD_Pages/TaxTypeFilingYear_Page/select_PeriodEnding' 

2024-11-07 20:48:28 - [TEST_STEP][PASSED] - rad.getSetDataRAD.setDataRADBusinessName(): rad.getSetDataRAD.setDataRADBusinessName is PASSED

2024-11-07 20:48:29 - [MESSAGE][PASSED] - Text 'My Company' is set on object 'Object Repository/RAD_Pages/Taxpayer_Page/input_businessName'

2024-11-07 20:48:29 - [MESSAGE][PASSED] - rad.getSetDataRAD.setDataRADBusinessName is PASSED

2024-11-07 20:48:29 - [TEST_STEP][PASSED] - rad.getSetDataRAD.setDataRADBusinessRep(): rad.getSetDataRAD.setDataRADBusinessRep is PASSED

2024-11-07 20:48:30 - [MESSAGE][PASSED] - Text 'BusRepFname' is set on object 'Object Repository/RAD_Pages/Taxpayer_Page/input_BusinessRepfirstName'

2024-11-07 20:48:31 - [MESSAGE][PASSED] - Text '' is set on object 'Object Repository/RAD_Pages/Taxpayer_Page/input_BusinessRepmiddleName'

2024-11-07 20:48:31 - [MESSAGE][PASSED] - Text 'BusRepLname' is set on object 'Object Repository/RAD_Pages/Taxpayer_Page/input_BusinessReplastName'

2024-11-07 20:48:32 - [MESSAGE][PASSED] - Text '' is set on object 'Object Repository/RAD_Pages/Taxpayer_Page/input_BusinessRepsuffix'

2024-11-07 20:48:32 - [MESSAGE][PASSED] - rad.getSetDataRAD.setDataRADBusinessRep is PASSED

2024-11-07 20:48:32 - [TEST_STEP][PASSED] - rad.getSetDataRAD.setDataRADAddress(): rad.getSetDataRAD.setDataRADAddress is PASSED

2024-11-07 20:48:33 - [MESSAGE][PASSED] - All options with label 'United States' are selected in object 'Object Repository/RAD_Pages/AddressAndContactInfo_Page/select_Country' 

2024-11-07 20:48:33 - [MESSAGE][PASSED] - Text '2508 Mandan Terrace' is set on object 'Object Repository/RAD_Pages/AddressAndContactInfo_Page/input_streetAddress1'

2024-11-07 20:48:34 - [MESSAGE][PASSED] - Text '' is set on object 'Object Repository/RAD_Pages/AddressAndContactInfo_Page/input_streetAddress2'

2024-11-07 20:48:35 - [MESSAGE][PASSED] - Text 'Gambrills' is set on object 'Object Repository/RAD_Pages/AddressAndContactInfo_Page/input_city'

2024-11-07 20:48:36 - [MESSAGE][PASSED] - All options with label 'Maryland' are selected in object 'Object Repository/RAD_Pages/AddressAndContactInfo_Page/select_State' 

2024-11-07 20:48:37 - [MESSAGE][PASSED] - Text '21054' is set on object 'Object Repository/RAD_Pages/AddressAndContactInfo_Page/input_zipCode'

2024-11-07 20:48:37 - [MESSAGE][PASSED] - Text '(703) 894-5000' is set on object 'Object Repository/RAD_Pages/AddressAndContactInfo_Page/input_phoneNumber'

2024-11-07 20:48:38 - [MESSAGE][PASSED] - Text 'iahmed@govolution.com' is set on object 'Object Repository/RAD_Pages/AddressAndContactInfo_Page/input_eMailAddress'

2024-11-07 20:48:39 - [MESSAGE][PASSED] - Text 'iahmed@govolution.com' is set on object 'Object Repository/RAD_Pages/AddressAndContactInfo_Page/input_reEnterEMailAddress'

2024-11-07 20:48:39 - [MESSAGE][PASSED] - rad.getSetDataRAD.setDataRADAddress is PASSED

2024-11-07 20:48:39 - [TEST_STEP][PASSED] - if (feinSSN.equalsIgnoreCase("Y")): null

2024-11-07 20:48:39 - [TEST_STEP][PASSED] - else: Text ****** has been set on object 'Object Repository/RAD_Pages/TaxInfo_Page/input_FederalEIN_ReEnter'

2024-11-07 20:48:39 - [TEST_STEP][PASSED] - setEncryptedText(findTestObject(orPath_TaxInfo + "/input_FederalEIN"), "z9YBWxGcVPxtlZ7P2Sn0PQ=="): Text ****** has been set on object 'Object Repository/RAD_Pages/TaxInfo_Page/input_FederalEIN'

2024-11-07 20:48:40 - [MESSAGE][PASSED] - Text ****** has been set on object 'Object Repository/RAD_Pages/TaxInfo_Page/input_FederalEIN'

2024-11-07 20:48:41 - [TEST_STEP][PASSED] - setEncryptedText(findTestObject(orPath_TaxInfo + "/input_FederalEIN_ReEnter"), "z9YBWxGcVPxtlZ7P2Sn0PQ=="): Text ****** has been set on object 'Object Repository/RAD_Pages/TaxInfo_Page/input_FederalEIN_ReEnter'

2024-11-07 20:48:41 - [MESSAGE][PASSED] - Text ****** has been set on object 'Object Repository/RAD_Pages/TaxInfo_Page/input_FederalEIN_ReEnter'

2024-11-07 20:48:41 - [TEST_STEP][PASSED] - setText(findTestObject(orPath_Amount + "/input__paymentAmount"), "100.00"): Text '100.00' is set on object 'Object Repository/RAD_Pages/PaymentAmount_Page/input__paymentAmount'

2024-11-07 20:48:42 - [MESSAGE][PASSED] - Text '100.00' is set on object 'Object Repository/RAD_Pages/PaymentAmount_Page/input__paymentAmount'

2024-11-07 20:48:42 - [TEST_STEP][PASSED] - setText(findTestObject(orPath_AddressContact + "/input_streetAddress2"), ""): Text '' is set on object 'Object Repository/RAD_Pages/AddressAndContactInfo_Page/input_streetAddress2'

2024-11-07 20:48:43 - [MESSAGE][PASSED] - Text '' is set on object 'Object Repository/RAD_Pages/AddressAndContactInfo_Page/input_streetAddress2'

2024-11-07 20:48:43 - [TEST_STEP][PASSED] - scrollToElement(findTestObject(orPath_Landing + "/button_Continue"), 3): Scroll to object 'Object Repository/RAD_Pages/Landing_Page/button_Continue' successfully

2024-11-07 20:48:43 - [MESSAGE][PASSED] - Scroll to object 'Object Repository/RAD_Pages/Landing_Page/button_Continue' successfully

2024-11-07 20:48:43 - [TEST_STEP][PASSED] - waitForElementClickable(findTestObject(orPath_Landing + "/button_Continue"), 5): Object 'Object Repository/RAD_Pages/Landing_Page/button_Continue' is clickable

2024-11-07 20:48:44 - [MESSAGE][PASSED] - Object 'Object Repository/RAD_Pages/Landing_Page/button_Continue' is clickable

2024-11-07 20:48:44 - [TEST_STEP][PASSED] - click(findTestObject(orPath_Landing + "/button_Continue")): Object: 'Object Repository/RAD_Pages/Landing_Page/button_Continue' is clicked on

2024-11-07 20:48:44 - [MESSAGE][PASSED] - Object: 'Object Repository/RAD_Pages/Landing_Page/button_Continue' is clicked on

2024-11-07 20:48:44 - [TEST_STEP][PASSED] - delay(2): Delayed 2 second(s)

2024-11-07 20:48:46 - [MESSAGE][PASSED] - Delayed 2 second(s)

2024-11-07 20:48:46 - [TEST_STEP][PASSED] - verifyTextPresent("Summary", true): Text 'Summary' is present on page  using regular expression

2024-11-07 20:48:47 - [MESSAGE][PASSED] - Text 'Summary' is present on page  using regular expression

2024-11-07 20:48:47 - [TEST_STEP][PASSED] - verifyTextPresent("Review the information below and make any necessary corrections by clicking the", true): Text 'Review the information below and make any necessary corrections by clicking the' is present on page  using regular expression

2024-11-07 20:48:47 - [MESSAGE][PASSED] - Text 'Review the information below and make any necessary corrections by clicking the' is present on page  using regular expression

2024-11-07 20:48:47 - [TEST_STEP][PASSED] - verifyTextPresent("When you are confident that all the information is correct, click the", true): Text 'When you are confident that all the information is correct, click the' is present on page  using regular expression

2024-11-07 20:48:47 - [MESSAGE][PASSED] - Text 'When you are confident that all the information is correct, click the' is present on page  using regular expression

2024-11-07 20:48:47 - [TEST_STEP][PASSED] - verifyTextPresent("Payment Type/Filing Year", true): Text 'Payment Type/Filing Year' is present on page  using regular expression

2024-11-07 20:48:48 - [MESSAGE][PASSED] - Text 'Payment Type/Filing Year' is present on page  using regular expression

2024-11-07 20:48:48 - [TEST_STEP][PASSED] - verifyTextPresent("Payment Type:", true): Text 'Payment Type:' is present on page  using regular expression

2024-11-07 20:48:48 - [MESSAGE][PASSED] - Text 'Payment Type:' is present on page  using regular expression

2024-11-07 20:48:48 - [TEST_STEP][PASSED] - verifyTextPresent("Quarterly Estimated Tax", true): Text 'Quarterly Estimated Tax' is present on page  using regular expression

2024-11-07 20:48:48 - [MESSAGE][PASSED] - Text 'Quarterly Estimated Tax' is present on page  using regular expression

2024-11-07 20:48:48 - [TEST_STEP][PASSED] - verifyTextPresent("Filing Year:", true): Text 'Filing Year:' is present on page  using regular expression

2024-11-07 20:48:49 - [MESSAGE][PASSED] - Text 'Filing Year:' is present on page  using regular expression

2024-11-07 20:48:49 - [TEST_STEP][PASSED] - verifyTextPresent(FilingYear, true): Text '2024' is present on page  using regular expression

2024-11-07 20:48:49 - [MESSAGE][PASSED] - Text '2024' is present on page  using regular expression

2024-11-07 20:48:49 - [TEST_STEP][PASSED] - verifyTextPresent("Period Ending:", true): Text 'Period Ending:' is present on page  using regular expression

2024-11-07 20:48:49 - [MESSAGE][PASSED] - Text 'Period Ending:' is present on page  using regular expression

2024-11-07 20:48:49 - [TEST_STEP][PASSED] - verifyTextPresent(PeriodEndingMonth, true): Text 'March' is present on page  using regular expression

2024-11-07 20:48:50 - [MESSAGE][PASSED] - Text 'March' is present on page  using regular expression

2024-11-07 20:48:50 - [TEST_STEP][PASSED] - verifyTextPresent("Payer Information", true): Text 'Payer Information' is present on page  using regular expression

2024-11-07 20:48:50 - [MESSAGE][PASSED] - Text 'Payer Information' is present on page  using regular expression

2024-11-07 20:48:50 - [TEST_STEP][PASSED] - verifyTextPresent("Taxpayer Name:", true): Text 'Taxpayer Name:' is present on page  using regular expression

2024-11-07 20:48:50 - [MESSAGE][PASSED] - Text 'Taxpayer Name:' is present on page  using regular expression

2024-11-07 20:48:50 - [TEST_STEP][PASSED] - verifyTextPresent("My Company", true): Text 'My Company' is present on page  using regular expression

2024-11-07 20:48:51 - [MESSAGE][PASSED] - Text 'My Company' is present on page  using regular expression

2024-11-07 20:48:51 - [TEST_STEP][PASSED] - verifyTextPresent("Business Rep Name:", true): Text 'Business Rep Name:' is present on page  using regular expression

2024-11-07 20:48:51 - [MESSAGE][PASSED] - Text 'Business Rep Name:' is present on page  using regular expression

2024-11-07 20:48:51 - [TEST_STEP][PASSED] - verifyTextPresent("BusRepFname BusRepLname", true): Text 'BusRepFname BusRepLname' is present on page  using regular expression

2024-11-07 20:48:51 - [MESSAGE][PASSED] - Text 'BusRepFname BusRepLname' is present on page  using regular expression

2024-11-07 20:48:51 - [TEST_STEP][PASSED] - verifyTextPresent("Taxpayer Address:", true): Text 'Taxpayer Address:' is present on page  using regular expression

2024-11-07 20:48:52 - [MESSAGE][PASSED] - Text 'Taxpayer Address:' is present on page  using regular expression

2024-11-07 20:48:52 - [TEST_STEP][PASSED] - verifyTextPresent("2508 Mandan Terrace Gambrills Maryland 21054", true): Text '2508 Mandan Terrace Gambrills Maryland 21054' is present on page  using regular expression

2024-11-07 20:48:52 - [MESSAGE][PASSED] - Text '2508 Mandan Terrace Gambrills Maryland 21054' is present on page  using regular expression

2024-11-07 20:48:52 - [TEST_STEP][PASSED] - verifyTextPresent("Email:", true): Text 'Email:' is present on page  using regular expression

2024-11-07 20:48:52 - [MESSAGE][PASSED] - Text 'Email:' is present on page  using regular expression

2024-11-07 20:48:52 - [TEST_STEP][PASSED] - verifyTextPresent("iahmed@govolution.com", true): Text 'iahmed@govolution.com' is present on page  using regular expression

2024-11-07 20:48:52 - [MESSAGE][PASSED] - Text 'iahmed@govolution.com' is present on page  using regular expression

2024-11-07 20:48:52 - [TEST_STEP][PASSED] - verifyTextPresent("Phone:", true): Text 'Phone:' is present on page  using regular expression

2024-11-07 20:48:53 - [MESSAGE][PASSED] - Text 'Phone:' is present on page  using regular expression

2024-11-07 20:48:53 - [TEST_STEP][PASSED] - verifyTextPresent("(703) 894-5000", false): Text '(703) 894-5000' is present on page 

2024-11-07 20:48:53 - [MESSAGE][PASSED] - Text '(703) 894-5000' is present on page 

2024-11-07 20:48:53 - [TEST_STEP][PASSED] - verifyTextPresent("Tax Information", true): Text 'Tax Information' is present on page  using regular expression

2024-11-07 20:48:53 - [MESSAGE][PASSED] - Text 'Tax Information' is present on page  using regular expression

2024-11-07 20:48:53 - [TEST_STEP][PASSED] - if (feinSSN.equalsIgnoreCase("Y")): null

2024-11-07 20:48:53 - [TEST_STEP][PASSED] - else: Text 'XXXXXXX90' is present on page  using regular expression

2024-11-07 20:48:53 - [TEST_STEP][PASSED] - verifyTextPresent("Federal EIN:", true): Text 'Federal EIN:' is present on page  using regular expression

2024-11-07 20:48:54 - [MESSAGE][PASSED] - Text 'Federal EIN:' is present on page  using regular expression

2024-11-07 20:48:54 - [TEST_STEP][PASSED] - verifyTextNotPresent("FEIN/SSN:", true): Text 'FEIN/SSN:' is not present on page using regular expression

2024-11-07 20:48:54 - [MESSAGE][PASSED] - Text 'FEIN/SSN:' is not present on page using regular expression

2024-11-07 20:48:54 - [TEST_STEP][PASSED] - verifyTextPresent("XXXXXXX90", true): Text 'XXXXXXX90' is present on page  using regular expression

2024-11-07 20:48:54 - [MESSAGE][PASSED] - Text 'XXXXXXX90' is present on page  using regular expression

2024-11-07 20:48:54 - [TEST_STEP][PASSED] - verifyTextPresent("Payment Amount:", true): Text 'Payment Amount:' is present on page  using regular expression

2024-11-07 20:48:55 - [MESSAGE][PASSED] - Text 'Payment Amount:' is present on page  using regular expression

2024-11-07 20:48:55 - [TEST_STEP][PASSED] - verifyTextPresent("100.00", true): Text '100.00' is present on page  using regular expression

2024-11-07 20:48:55 - [MESSAGE][PASSED] - Text '100.00' is present on page  using regular expression

2024-11-07 20:48:55 - [TEST_STEP][PASSED] - if (verifyElementVisible(findTestObject(orPath_Summary + "/button_Proceed to Payment"))): null

2024-11-07 20:48:55 - [MESSAGE][PASSED] - Object 'Object Repository/RAD_Pages/Summary_Page/button_Proceed to Payment' is visible

2024-11-07 20:48:55 - [TEST_STEP][PASSED] - resText = "Pass": null

2024-11-07 20:48:55 - [TEST_STEP][PASSED] - pages.WriteExcel.demoKey(resText, datText, resColumn, datCloumn, fileLoc, nameSheet, row): pages.WriteExcel.demoKey is PASSED

2024-11-07 20:48:56 - [MESSAGE][PASSED] - pages.WriteExcel.demoKey is PASSED

2024-11-07 20:48:56 - [TEST_STEP][PASSED] - click(findTestObject(orPath_Summary + "/button_Proceed to Payment")): Object: 'Object Repository/RAD_Pages/Summary_Page/button_Proceed to Payment' is clicked on

2024-11-07 20:48:58 - [MESSAGE][PASSED] - Object: 'Object Repository/RAD_Pages/Summary_Page/button_Proceed to Payment' is clicked on

2024-11-07 20:48:58 - [TEST_STEP][PASSED] - verifyElementPresent(findTestObject("Object Repository/RAD_Pages/PaymentEntry_Page/input__billingName"), 30): Object 'Object Repository/RAD_Pages/PaymentEntry_Page/input__billingName' is present

2024-11-07 20:48:59 - [MESSAGE][PASSED] - Object 'Object Repository/RAD_Pages/PaymentEntry_Page/input__billingName' is present

2024-11-07 20:48:59 - [TEST_STEP][PASSED] - ExecuteTC = findTestData(dataFile).getValue("Execute", row): null

2024-11-07 20:48:59 - [TEST_STEP][PASSED] - TaxType = findTestData(dataFile).getValue("TaxType", row): null

2024-11-07 20:48:59 - [TEST_STEP][PASSED] - PaymentType = findTestData(dataFile).getValue("PaymentType", row): null

2024-11-07 20:48:59 - [TEST_STEP][PASSED] - FilingYear = findTestData(dataFile).getValue("Year", row): null

2024-11-07 20:49:00 - [TEST_STEP][PASSED] - PeriodEndingMonth = findTestData(dataFile).getValue("Month", row): null

2024-11-07 20:49:00 - [TEST_STEP][PASSED] - feinSSN = findTestData(dataFile).getValue("FeinSsn", row): null

2024-11-07 20:49:00 - [TEST_STEP][PASSED] - if (ExecuteTC.equalsIgnoreCase("Y")): Object 'Object Repository/RAD_Pages/PaymentEntry_Page/input__billingName' is present

2024-11-07 20:49:00 - [TEST_STEP][PASSED] - out.println("Begin Record Number: " + row): null

2024-11-07 20:49:00 - [TEST_STEP][PASSED] - today = new java.util.Date(): null

2024-11-07 20:49:00 - [TEST_STEP][PASSED] - println(today): null

2024-11-07 20:49:00 - [TEST_STEP][PASSED] - datText = today: null

2024-11-07 20:49:00 - [TEST_STEP][PASSED] - logInfo("Payment Type: Quarterly Estimated Tax"): Payment Type: Quarterly Estimated Tax

2024-11-07 20:49:00 - [MESSAGE][INFO] - Payment Type: Quarterly Estimated Tax

2024-11-07 20:49:00 - [TEST_STEP][PASSED] - logInfo("Tax Type: " + TaxType): Tax Type: Fiduciary Tax

2024-11-07 20:49:00 - [MESSAGE][INFO] - Tax Type: Fiduciary Tax

2024-11-07 20:49:00 - [TEST_STEP][PASSED] - openBrowser(""): Browser is opened with url: ''

2024-11-07 20:49:00 - [MESSAGE][WARNING] - A browser is already opened. Closing browser and opening a new one

2024-11-07 20:49:03 - [MESSAGE][INFO] - Starting 'Chrome' driver

2024-11-07 20:49:03 - [MESSAGE][INFO] - User set preference: ['acceptInsecureCerts', 'true']

2024-11-07 20:49:03 - [MESSAGE][INFO] - Action delay is set to 0 milliseconds

2024-11-07 20:49:05 - [MESSAGE][PASSED] - Browser is opened with url: ''

2024-11-07 20:49:05 - [TEST_STEP][PASSED] - maximizeWindow(): Current window maximized

2024-11-07 20:49:05 - [MESSAGE][PASSED] - Current window maximized

2024-11-07 20:49:05 - [TEST_STEP][PASSED] - navigateToUrl(RADurl): Navigate to 'https://www.velocitypayment.com/client/rad/index.html' successfully

2024-11-07 20:49:07 - [MESSAGE][PASSED] - Navigate to 'https://www.velocitypayment.com/client/rad/index.html' successfully

2024-11-07 20:49:07 - [TEST_STEP][PASSED] - selectOptionByLabel(findTestObject(orPath_Landing + "/dd_TaxType"), "Quarterly Estimated Tax", false): All options with label 'Quarterly Estimated Tax' are selected in object 'Object Repository/RAD_Pages/Landing_Page/dd_TaxType' 

2024-11-07 20:49:08 - [MESSAGE][PASSED] - All options with label 'Quarterly Estimated Tax' are selected in object 'Object Repository/RAD_Pages/Landing_Page/dd_TaxType' 

2024-11-07 20:49:08 - [TEST_STEP][PASSED] - selectOptionByLabel(findTestObject(orPath_TaxTypeFilingYear + "/select_PaymentType"), TaxType, false): All options with label 'Fiduciary Tax' are selected in object 'Object Repository/RAD_Pages/TaxTypeFilingYear_Page/select_PaymentType' 

2024-11-07 20:49:09 - [MESSAGE][PASSED] - All options with label 'Fiduciary Tax' are selected in object 'Object Repository/RAD_Pages/TaxTypeFilingYear_Page/select_PaymentType' 

2024-11-07 20:49:09 - [TEST_STEP][PASSED] - selectOptionByLabel(findTestObject(orPath_TaxTypeFilingYear + "/select_FilingYear"), FilingYear, false): All options with label '2024' are selected in object 'Object Repository/RAD_Pages/TaxTypeFilingYear_Page/select_FilingYear' 

2024-11-07 20:49:10 - [MESSAGE][PASSED] - All options with label '2024' are selected in object 'Object Repository/RAD_Pages/TaxTypeFilingYear_Page/select_FilingYear' 

2024-11-07 20:49:10 - [TEST_STEP][PASSED] - selectOptionByLabel(findTestObject(orPath_TaxTypeFilingYear + "/select_PeriodEnding"), PeriodEndingMonth, false): All options with label 'May' are selected in object 'Object Repository/RAD_Pages/TaxTypeFilingYear_Page/select_PeriodEnding' 

2024-11-07 20:49:10 - [MESSAGE][PASSED] - All options with label 'May' are selected in object 'Object Repository/RAD_Pages/TaxTypeFilingYear_Page/select_PeriodEnding' 

2024-11-07 20:49:10 - [TEST_STEP][PASSED] - rad.getSetDataRAD.setDataRADBusinessName(): rad.getSetDataRAD.setDataRADBusinessName is PASSED

2024-11-07 20:49:11 - [MESSAGE][PASSED] - Text 'My Company' is set on object 'Object Repository/RAD_Pages/Taxpayer_Page/input_businessName'

2024-11-07 20:49:11 - [MESSAGE][PASSED] - rad.getSetDataRAD.setDataRADBusinessName is PASSED

2024-11-07 20:49:11 - [TEST_STEP][PASSED] - rad.getSetDataRAD.setDataRADBusinessRep(): rad.getSetDataRAD.setDataRADBusinessRep is PASSED

2024-11-07 20:49:12 - [MESSAGE][PASSED] - Text 'BusRepFname' is set on object 'Object Repository/RAD_Pages/Taxpayer_Page/input_BusinessRepfirstName'

2024-11-07 20:49:13 - [MESSAGE][PASSED] - Text '' is set on object 'Object Repository/RAD_Pages/Taxpayer_Page/input_BusinessRepmiddleName'

2024-11-07 20:49:13 - [MESSAGE][PASSED] - Text 'BusRepLname' is set on object 'Object Repository/RAD_Pages/Taxpayer_Page/input_BusinessReplastName'

2024-11-07 20:49:14 - [MESSAGE][PASSED] - Text '' is set on object 'Object Repository/RAD_Pages/Taxpayer_Page/input_BusinessRepsuffix'

2024-11-07 20:49:14 - [MESSAGE][PASSED] - rad.getSetDataRAD.setDataRADBusinessRep is PASSED

2024-11-07 20:49:14 - [TEST_STEP][PASSED] - rad.getSetDataRAD.setDataRADAddress(): rad.getSetDataRAD.setDataRADAddress is PASSED

2024-11-07 20:49:15 - [MESSAGE][PASSED] - All options with label 'United States' are selected in object 'Object Repository/RAD_Pages/AddressAndContactInfo_Page/select_Country' 

2024-11-07 20:49:16 - [MESSAGE][PASSED] - Text '2508 Mandan Terrace' is set on object 'Object Repository/RAD_Pages/AddressAndContactInfo_Page/input_streetAddress1'

2024-11-07 20:49:16 - [MESSAGE][PASSED] - Text '' is set on object 'Object Repository/RAD_Pages/AddressAndContactInfo_Page/input_streetAddress2'

2024-11-07 20:49:17 - [MESSAGE][PASSED] - Text 'Gambrills' is set on object 'Object Repository/RAD_Pages/AddressAndContactInfo_Page/input_city'

2024-11-07 20:49:18 - [MESSAGE][PASSED] - All options with label 'Maryland' are selected in object 'Object Repository/RAD_Pages/AddressAndContactInfo_Page/select_State' 

2024-11-07 20:49:19 - [MESSAGE][PASSED] - Text '21054' is set on object 'Object Repository/RAD_Pages/AddressAndContactInfo_Page/input_zipCode'

2024-11-07 20:49:20 - [MESSAGE][PASSED] - Text '(703) 894-5000' is set on object 'Object Repository/RAD_Pages/AddressAndContactInfo_Page/input_phoneNumber'

2024-11-07 20:49:20 - [MESSAGE][PASSED] - Text 'iahmed@govolution.com' is set on object 'Object Repository/RAD_Pages/AddressAndContactInfo_Page/input_eMailAddress'

2024-11-07 20:49:21 - [MESSAGE][PASSED] - Text 'iahmed@govolution.com' is set on object 'Object Repository/RAD_Pages/AddressAndContactInfo_Page/input_reEnterEMailAddress'

2024-11-07 20:49:21 - [MESSAGE][PASSED] - rad.getSetDataRAD.setDataRADAddress is PASSED

2024-11-07 20:49:21 - [TEST_STEP][PASSED] - if (feinSSN.equalsIgnoreCase("Y")): null

2024-11-07 20:49:21 - [TEST_STEP][PASSED] - else: Text ****** has been set on object 'Object Repository/RAD_Pages/TaxInfo_Page/input_FederalEIN_ReEnter'

2024-11-07 20:49:21 - [TEST_STEP][PASSED] - setEncryptedText(findTestObject(orPath_TaxInfo + "/input_FederalEIN"), "z9YBWxGcVPxtlZ7P2Sn0PQ=="): Text ****** has been set on object 'Object Repository/RAD_Pages/TaxInfo_Page/input_FederalEIN'

2024-11-07 20:49:22 - [MESSAGE][PASSED] - Text ****** has been set on object 'Object Repository/RAD_Pages/TaxInfo_Page/input_FederalEIN'

2024-11-07 20:49:22 - [TEST_STEP][PASSED] - setEncryptedText(findTestObject(orPath_TaxInfo + "/input_FederalEIN_ReEnter"), "z9YBWxGcVPxtlZ7P2Sn0PQ=="): Text ****** has been set on object 'Object Repository/RAD_Pages/TaxInfo_Page/input_FederalEIN_ReEnter'

2024-11-07 20:49:22 - [MESSAGE][PASSED] - Text ****** has been set on object 'Object Repository/RAD_Pages/TaxInfo_Page/input_FederalEIN_ReEnter'

2024-11-07 20:49:22 - [TEST_STEP][PASSED] - setText(findTestObject(orPath_Amount + "/input__paymentAmount"), "100.00"): Text '100.00' is set on object 'Object Repository/RAD_Pages/PaymentAmount_Page/input__paymentAmount'

2024-11-07 20:49:23 - [MESSAGE][PASSED] - Text '100.00' is set on object 'Object Repository/RAD_Pages/PaymentAmount_Page/input__paymentAmount'

2024-11-07 20:49:23 - [TEST_STEP][PASSED] - setText(findTestObject(orPath_AddressContact + "/input_streetAddress2"), ""): Text '' is set on object 'Object Repository/RAD_Pages/AddressAndContactInfo_Page/input_streetAddress2'

2024-11-07 20:49:24 - [MESSAGE][PASSED] - Text '' is set on object 'Object Repository/RAD_Pages/AddressAndContactInfo_Page/input_streetAddress2'

2024-11-07 20:49:24 - [TEST_STEP][PASSED] - scrollToElement(findTestObject(orPath_Landing + "/button_Continue"), 3): Scroll to object 'Object Repository/RAD_Pages/Landing_Page/button_Continue' successfully

2024-11-07 20:49:24 - [MESSAGE][PASSED] - Scroll to object 'Object Repository/RAD_Pages/Landing_Page/button_Continue' successfully

2024-11-07 20:49:24 - [TEST_STEP][PASSED] - waitForElementClickable(findTestObject(orPath_Landing + "/button_Continue"), 5): Object 'Object Repository/RAD_Pages/Landing_Page/button_Continue' is clickable

2024-11-07 20:49:25 - [MESSAGE][PASSED] - Object 'Object Repository/RAD_Pages/Landing_Page/button_Continue' is clickable

2024-11-07 20:49:25 - [TEST_STEP][PASSED] - click(findTestObject(orPath_Landing + "/button_Continue")): Object: 'Object Repository/RAD_Pages/Landing_Page/button_Continue' is clicked on

2024-11-07 20:49:25 - [MESSAGE][PASSED] - Object: 'Object Repository/RAD_Pages/Landing_Page/button_Continue' is clicked on

2024-11-07 20:49:25 - [TEST_STEP][PASSED] - delay(2): Delayed 2 second(s)

2024-11-07 20:49:27 - [MESSAGE][PASSED] - Delayed 2 second(s)

2024-11-07 20:49:27 - [TEST_STEP][PASSED] - verifyTextPresent("Summary", true): Text 'Summary' is present on page  using regular expression

2024-11-07 20:49:28 - [MESSAGE][PASSED] - Text 'Summary' is present on page  using regular expression

2024-11-07 20:49:28 - [TEST_STEP][PASSED] - verifyTextPresent("Review the information below and make any necessary corrections by clicking the", true): Text 'Review the information below and make any necessary corrections by clicking the' is present on page  using regular expression

2024-11-07 20:49:28 - [MESSAGE][PASSED] - Text 'Review the information below and make any necessary corrections by clicking the' is present on page  using regular expression

2024-11-07 20:49:28 - [TEST_STEP][PASSED] - verifyTextPresent("When you are confident that all the information is correct, click the", true): Text 'When you are confident that all the information is correct, click the' is present on page  using regular expression

2024-11-07 20:49:28 - [MESSAGE][PASSED] - Text 'When you are confident that all the information is correct, click the' is present on page  using regular expression

2024-11-07 20:49:28 - [TEST_STEP][PASSED] - verifyTextPresent("Payment Type/Filing Year", true): Text 'Payment Type/Filing Year' is present on page  using regular expression

2024-11-07 20:49:29 - [MESSAGE][PASSED] - Text 'Payment Type/Filing Year' is present on page  using regular expression

2024-11-07 20:49:29 - [TEST_STEP][PASSED] - verifyTextPresent("Payment Type:", true): Text 'Payment Type:' is present on page  using regular expression

2024-11-07 20:49:29 - [MESSAGE][PASSED] - Text 'Payment Type:' is present on page  using regular expression

2024-11-07 20:49:29 - [TEST_STEP][PASSED] - verifyTextPresent("Quarterly Estimated Tax", true): Text 'Quarterly Estimated Tax' is present on page  using regular expression

2024-11-07 20:49:29 - [MESSAGE][PASSED] - Text 'Quarterly Estimated Tax' is present on page  using regular expression

2024-11-07 20:49:29 - [TEST_STEP][PASSED] - verifyTextPresent("Filing Year:", true): Text 'Filing Year:' is present on page  using regular expression

2024-11-07 20:49:30 - [MESSAGE][PASSED] - Text 'Filing Year:' is present on page  using regular expression

2024-11-07 20:49:30 - [TEST_STEP][PASSED] - verifyTextPresent(FilingYear, true): Text '2024' is present on page  using regular expression

2024-11-07 20:49:30 - [MESSAGE][PASSED] - Text '2024' is present on page  using regular expression

2024-11-07 20:49:30 - [TEST_STEP][PASSED] - verifyTextPresent("Period Ending:", true): Text 'Period Ending:' is present on page  using regular expression

2024-11-07 20:49:30 - [MESSAGE][PASSED] - Text 'Period Ending:' is present on page  using regular expression

2024-11-07 20:49:30 - [TEST_STEP][PASSED] - verifyTextPresent(PeriodEndingMonth, true): Text 'May' is present on page  using regular expression

2024-11-07 20:49:31 - [MESSAGE][PASSED] - Text 'May' is present on page  using regular expression

2024-11-07 20:49:31 - [TEST_STEP][PASSED] - verifyTextPresent("Payer Information", true): Text 'Payer Information' is present on page  using regular expression

2024-11-07 20:49:31 - [MESSAGE][PASSED] - Text 'Payer Information' is present on page  using regular expression

2024-11-07 20:49:31 - [TEST_STEP][PASSED] - verifyTextPresent("Taxpayer Name:", true): Text 'Taxpayer Name:' is present on page  using regular expression

2024-11-07 20:49:31 - [MESSAGE][PASSED] - Text 'Taxpayer Name:' is present on page  using regular expression

2024-11-07 20:49:31 - [TEST_STEP][PASSED] - verifyTextPresent("My Company", true): Text 'My Company' is present on page  using regular expression

2024-11-07 20:49:31 - [MESSAGE][PASSED] - Text 'My Company' is present on page  using regular expression

2024-11-07 20:49:31 - [TEST_STEP][PASSED] - verifyTextPresent("Business Rep Name:", true): Text 'Business Rep Name:' is present on page  using regular expression

2024-11-07 20:49:32 - [MESSAGE][PASSED] - Text 'Business Rep Name:' is present on page  using regular expression

2024-11-07 20:49:32 - [TEST_STEP][PASSED] - verifyTextPresent("BusRepFname BusRepLname", true): Text 'BusRepFname BusRepLname' is present on page  using regular expression

2024-11-07 20:49:32 - [MESSAGE][PASSED] - Text 'BusRepFname BusRepLname' is present on page  using regular expression

2024-11-07 20:49:32 - [TEST_STEP][PASSED] - verifyTextPresent("Taxpayer Address:", true): Text 'Taxpayer Address:' is present on page  using regular expression

2024-11-07 20:49:32 - [MESSAGE][PASSED] - Text 'Taxpayer Address:' is present on page  using regular expression

2024-11-07 20:49:32 - [TEST_STEP][PASSED] - verifyTextPresent("2508 Mandan Terrace Gambrills Maryland 21054", true): Text '2508 Mandan Terrace Gambrills Maryland 21054' is present on page  using regular expression

2024-11-07 20:49:33 - [MESSAGE][PASSED] - Text '2508 Mandan Terrace Gambrills Maryland 21054' is present on page  using regular expression

2024-11-07 20:49:33 - [TEST_STEP][PASSED] - verifyTextPresent("Email:", true): Text 'Email:' is present on page  using regular expression

2024-11-07 20:49:33 - [MESSAGE][PASSED] - Text 'Email:' is present on page  using regular expression

2024-11-07 20:49:33 - [TEST_STEP][PASSED] - verifyTextPresent("iahmed@govolution.com", true): Text 'iahmed@govolution.com' is present on page  using regular expression

2024-11-07 20:49:33 - [MESSAGE][PASSED] - Text 'iahmed@govolution.com' is present on page  using regular expression

2024-11-07 20:49:33 - [TEST_STEP][PASSED] - verifyTextPresent("Phone:", true): Text 'Phone:' is present on page  using regular expression

2024-11-07 20:49:34 - [MESSAGE][PASSED] - Text 'Phone:' is present on page  using regular expression

2024-11-07 20:49:34 - [TEST_STEP][PASSED] - verifyTextPresent("(703) 894-5000", false): Text '(703) 894-5000' is present on page 

2024-11-07 20:49:34 - [MESSAGE][PASSED] - Text '(703) 894-5000' is present on page 

2024-11-07 20:49:34 - [TEST_STEP][PASSED] - verifyTextPresent("Tax Information", true): Text 'Tax Information' is present on page  using regular expression

2024-11-07 20:49:34 - [MESSAGE][PASSED] - Text 'Tax Information' is present on page  using regular expression

2024-11-07 20:49:34 - [TEST_STEP][PASSED] - if (feinSSN.equalsIgnoreCase("Y")): null

2024-11-07 20:49:34 - [TEST_STEP][PASSED] - else: Text 'XXXXXXX90' is present on page  using regular expression

2024-11-07 20:49:34 - [TEST_STEP][PASSED] - verifyTextPresent("Federal EIN:", true): Text 'Federal EIN:' is present on page  using regular expression

2024-11-07 20:49:35 - [MESSAGE][PASSED] - Text 'Federal EIN:' is present on page  using regular expression

2024-11-07 20:49:35 - [TEST_STEP][PASSED] - verifyTextNotPresent("FEIN/SSN:", true): Text 'FEIN/SSN:' is not present on page using regular expression

2024-11-07 20:49:35 - [MESSAGE][PASSED] - Text 'FEIN/SSN:' is not present on page using regular expression

2024-11-07 20:49:35 - [TEST_STEP][PASSED] - verifyTextPresent("XXXXXXX90", true): Text 'XXXXXXX90' is present on page  using regular expression

2024-11-07 20:49:35 - [MESSAGE][PASSED] - Text 'XXXXXXX90' is present on page  using regular expression

2024-11-07 20:49:35 - [TEST_STEP][PASSED] - verifyTextPresent("Payment Amount:", true): Text 'Payment Amount:' is present on page  using regular expression

2024-11-07 20:49:36 - [MESSAGE][PASSED] - Text 'Payment Amount:' is present on page  using regular expression

2024-11-07 20:49:36 - [TEST_STEP][PASSED] - verifyTextPresent("100.00", true): Text '100.00' is present on page  using regular expression

2024-11-07 20:49:36 - [MESSAGE][PASSED] - Text '100.00' is present on page  using regular expression

2024-11-07 20:49:36 - [TEST_STEP][PASSED] - if (verifyElementVisible(findTestObject(orPath_Summary + "/button_Proceed to Payment"))): null

2024-11-07 20:49:36 - [MESSAGE][PASSED] - Object 'Object Repository/RAD_Pages/Summary_Page/button_Proceed to Payment' is visible

2024-11-07 20:49:36 - [TEST_STEP][PASSED] - resText = "Pass": null

2024-11-07 20:49:36 - [TEST_STEP][PASSED] - pages.WriteExcel.demoKey(resText, datText, resColumn, datCloumn, fileLoc, nameSheet, row): pages.WriteExcel.demoKey is PASSED

2024-11-07 20:49:37 - [MESSAGE][PASSED] - pages.WriteExcel.demoKey is PASSED

2024-11-07 20:49:37 - [TEST_STEP][PASSED] - click(findTestObject(orPath_Summary + "/button_Proceed to Payment")): Object: 'Object Repository/RAD_Pages/Summary_Page/button_Proceed to Payment' is clicked on

2024-11-07 20:49:40 - [MESSAGE][PASSED] - Object: 'Object Repository/RAD_Pages/Summary_Page/button_Proceed to Payment' is clicked on

2024-11-07 20:49:40 - [TEST_STEP][PASSED] - verifyElementPresent(findTestObject("Object Repository/RAD_Pages/PaymentEntry_Page/input__billingName"), 30): Object 'Object Repository/RAD_Pages/PaymentEntry_Page/input__billingName' is present

2024-11-07 20:49:40 - [MESSAGE][PASSED] - Object 'Object Repository/RAD_Pages/PaymentEntry_Page/input__billingName' is present

2024-11-07 20:49:40 - [TEST_STEP][PASSED] - ExecuteTC = findTestData(dataFile).getValue("Execute", row): null

2024-11-07 20:49:40 - [TEST_STEP][PASSED] - TaxType = findTestData(dataFile).getValue("TaxType", row): null

2024-11-07 20:49:41 - [TEST_STEP][PASSED] - PaymentType = findTestData(dataFile).getValue("PaymentType", row): null

2024-11-07 20:49:41 - [TEST_STEP][PASSED] - FilingYear = findTestData(dataFile).getValue("Year", row): null

2024-11-07 20:49:41 - [TEST_STEP][PASSED] - PeriodEndingMonth = findTestData(dataFile).getValue("Month", row): null

2024-11-07 20:49:41 - [TEST_STEP][PASSED] - feinSSN = findTestData(dataFile).getValue("FeinSsn", row): null

2024-11-07 20:49:41 - [TEST_STEP][PASSED] - if (ExecuteTC.equalsIgnoreCase("Y")): Object 'Object Repository/RAD_Pages/PaymentEntry_Page/input__billingName' is present

2024-11-07 20:49:41 - [TEST_STEP][PASSED] - out.println("Begin Record Number: " + row): null

2024-11-07 20:49:41 - [TEST_STEP][PASSED] - today = new java.util.Date(): null

2024-11-07 20:49:41 - [TEST_STEP][PASSED] - println(today): null

2024-11-07 20:49:41 - [TEST_STEP][PASSED] - datText = today: null

2024-11-07 20:49:41 - [TEST_STEP][PASSED] - logInfo("Payment Type: Quarterly Estimated Tax"): Payment Type: Quarterly Estimated Tax

2024-11-07 20:49:41 - [MESSAGE][INFO] - Payment Type: Quarterly Estimated Tax

2024-11-07 20:49:41 - [TEST_STEP][PASSED] - logInfo("Tax Type: " + TaxType): Tax Type: PTE Non-Electing Non-S Corp

2024-11-07 20:49:41 - [MESSAGE][INFO] - Tax Type: PTE Non-Electing Non-S Corp

2024-11-07 20:49:41 - [TEST_STEP][PASSED] - openBrowser(""): Browser is opened with url: ''

2024-11-07 20:49:41 - [MESSAGE][WARNING] - A browser is already opened. Closing browser and opening a new one

2024-11-07 20:49:43 - [MESSAGE][INFO] - Starting 'Chrome' driver

2024-11-07 20:49:43 - [MESSAGE][INFO] - User set preference: ['acceptInsecureCerts', 'true']

2024-11-07 20:49:43 - [MESSAGE][INFO] - Action delay is set to 0 milliseconds

2024-11-07 20:49:45 - [MESSAGE][PASSED] - Browser is opened with url: ''

2024-11-07 20:49:45 - [TEST_STEP][PASSED] - maximizeWindow(): Current window maximized

2024-11-07 20:49:45 - [MESSAGE][PASSED] - Current window maximized

2024-11-07 20:49:45 - [TEST_STEP][PASSED] - navigateToUrl(RADurl): Navigate to 'https://www.velocitypayment.com/client/rad/index.html' successfully

2024-11-07 20:49:47 - [MESSAGE][PASSED] - Navigate to 'https://www.velocitypayment.com/client/rad/index.html' successfully

2024-11-07 20:49:47 - [TEST_STEP][PASSED] - selectOptionByLabel(findTestObject(orPath_Landing + "/dd_TaxType"), "Quarterly Estimated Tax", false): All options with label 'Quarterly Estimated Tax' are selected in object 'Object Repository/RAD_Pages/Landing_Page/dd_TaxType' 

2024-11-07 20:49:48 - [MESSAGE][PASSED] - All options with label 'Quarterly Estimated Tax' are selected in object 'Object Repository/RAD_Pages/Landing_Page/dd_TaxType' 

2024-11-07 20:49:48 - [TEST_STEP][PASSED] - selectOptionByLabel(findTestObject(orPath_TaxTypeFilingYear + "/select_PaymentType"), TaxType, false): All options with label 'PTE Non-Electing Non-S Corp' are selected in object 'Object Repository/RAD_Pages/TaxTypeFilingYear_Page/select_PaymentType' 

2024-11-07 20:49:49 - [MESSAGE][PASSED] - All options with label 'PTE Non-Electing Non-S Corp' are selected in object 'Object Repository/RAD_Pages/TaxTypeFilingYear_Page/select_PaymentType' 

2024-11-07 20:49:49 - [TEST_STEP][PASSED] - selectOptionByLabel(findTestObject(orPath_TaxTypeFilingYear + "/select_FilingYear"), FilingYear, false): All options with label '2024' are selected in object 'Object Repository/RAD_Pages/TaxTypeFilingYear_Page/select_FilingYear' 

2024-11-07 20:49:49 - [MESSAGE][PASSED] - All options with label '2024' are selected in object 'Object Repository/RAD_Pages/TaxTypeFilingYear_Page/select_FilingYear' 

2024-11-07 20:49:49 - [TEST_STEP][PASSED] - selectOptionByLabel(findTestObject(orPath_TaxTypeFilingYear + "/select_PeriodEnding"), PeriodEndingMonth, false): All options with label 'August' are selected in object 'Object Repository/RAD_Pages/TaxTypeFilingYear_Page/select_PeriodEnding' 

2024-11-07 20:49:50 - [MESSAGE][PASSED] - All options with label 'August' are selected in object 'Object Repository/RAD_Pages/TaxTypeFilingYear_Page/select_PeriodEnding' 

2024-11-07 20:49:50 - [TEST_STEP][PASSED] - rad.getSetDataRAD.setDataRADBusinessName(): rad.getSetDataRAD.setDataRADBusinessName is PASSED

2024-11-07 20:49:51 - [MESSAGE][PASSED] - Text 'My Company' is set on object 'Object Repository/RAD_Pages/Taxpayer_Page/input_businessName'

2024-11-07 20:49:51 - [MESSAGE][PASSED] - rad.getSetDataRAD.setDataRADBusinessName is PASSED

2024-11-07 20:49:51 - [TEST_STEP][PASSED] - rad.getSetDataRAD.setDataRADBusinessRep(): rad.getSetDataRAD.setDataRADBusinessRep is PASSED

2024-11-07 20:49:52 - [MESSAGE][PASSED] - Text 'BusRepFname' is set on object 'Object Repository/RAD_Pages/Taxpayer_Page/input_BusinessRepfirstName'

2024-11-07 20:49:52 - [MESSAGE][PASSED] - Text '' is set on object 'Object Repository/RAD_Pages/Taxpayer_Page/input_BusinessRepmiddleName'

2024-11-07 20:49:53 - [MESSAGE][PASSED] - Text 'BusRepLname' is set on object 'Object Repository/RAD_Pages/Taxpayer_Page/input_BusinessReplastName'

2024-11-07 20:49:54 - [MESSAGE][PASSED] - Text '' is set on object 'Object Repository/RAD_Pages/Taxpayer_Page/input_BusinessRepsuffix'

2024-11-07 20:49:54 - [MESSAGE][PASSED] - rad.getSetDataRAD.setDataRADBusinessRep is PASSED

2024-11-07 20:49:54 - [TEST_STEP][PASSED] - rad.getSetDataRAD.setDataRADAddress(): rad.getSetDataRAD.setDataRADAddress is PASSED

2024-11-07 20:49:54 - [MESSAGE][PASSED] - All options with label 'United States' are selected in object 'Object Repository/RAD_Pages/AddressAndContactInfo_Page/select_Country' 

2024-11-07 20:49:56 - [MESSAGE][PASSED] - Text '2508 Mandan Terrace' is set on object 'Object Repository/RAD_Pages/AddressAndContactInfo_Page/input_streetAddress1'

2024-11-07 20:49:56 - [MESSAGE][PASSED] - Text '' is set on object 'Object Repository/RAD_Pages/AddressAndContactInfo_Page/input_streetAddress2'

2024-11-07 20:49:57 - [MESSAGE][PASSED] - Text 'Gambrills' is set on object 'Object Repository/RAD_Pages/AddressAndContactInfo_Page/input_city'

2024-11-07 20:49:58 - [MESSAGE][PASSED] - All options with label 'Maryland' are selected in object 'Object Repository/RAD_Pages/AddressAndContactInfo_Page/select_State' 

2024-11-07 20:49:59 - [MESSAGE][PASSED] - Text '21054' is set on object 'Object Repository/RAD_Pages/AddressAndContactInfo_Page/input_zipCode'

2024-11-07 20:49:59 - [MESSAGE][PASSED] - Text '(703) 894-5000' is set on object 'Object Repository/RAD_Pages/AddressAndContactInfo_Page/input_phoneNumber'

2024-11-07 20:50:00 - [MESSAGE][PASSED] - Text 'iahmed@govolution.com' is set on object 'Object Repository/RAD_Pages/AddressAndContactInfo_Page/input_eMailAddress'

2024-11-07 20:50:01 - [MESSAGE][PASSED] - Text 'iahmed@govolution.com' is set on object 'Object Repository/RAD_Pages/AddressAndContactInfo_Page/input_reEnterEMailAddress'

2024-11-07 20:50:01 - [MESSAGE][PASSED] - rad.getSetDataRAD.setDataRADAddress is PASSED

2024-11-07 20:50:01 - [TEST_STEP][PASSED] - if (feinSSN.equalsIgnoreCase("Y")): Text ****** has been set on object 'Object Repository/RAD_Pages/TaxInfo_Page/input_TaxInfo_RetypeFeinSsn_New_2'

2024-11-07 20:50:01 - [TEST_STEP][PASSED] - setEncryptedText(findTestObject(orPath_TaxInfo + "/input_TaxInfo_FeinSsn_New_2"), "z9YBWxGcVPxtlZ7P2Sn0PQ=="): Text ****** has been set on object 'Object Repository/RAD_Pages/TaxInfo_Page/input_TaxInfo_FeinSsn_New_2'

2024-11-07 20:50:02 - [MESSAGE][PASSED] - Text ****** has been set on object 'Object Repository/RAD_Pages/TaxInfo_Page/input_TaxInfo_FeinSsn_New_2'

2024-11-07 20:50:02 - [TEST_STEP][PASSED] - setEncryptedText(findTestObject(orPath_TaxInfo + "/input_TaxInfo_RetypeFeinSsn_New_2"), "z9YBWxGcVPxtlZ7P2Sn0PQ=="): Text ****** has been set on object 'Object Repository/RAD_Pages/TaxInfo_Page/input_TaxInfo_RetypeFeinSsn_New_2'

2024-11-07 20:50:02 - [MESSAGE][PASSED] - Text ****** has been set on object 'Object Repository/RAD_Pages/TaxInfo_Page/input_TaxInfo_RetypeFeinSsn_New_2'

2024-11-07 20:50:02 - [TEST_STEP][PASSED] - setText(findTestObject(orPath_Amount + "/input__paymentAmount"), "100.00"): Text '100.00' is set on object 'Object Repository/RAD_Pages/PaymentAmount_Page/input__paymentAmount'

2024-11-07 20:50:03 - [MESSAGE][PASSED] - Text '100.00' is set on object 'Object Repository/RAD_Pages/PaymentAmount_Page/input__paymentAmount'

2024-11-07 20:50:03 - [TEST_STEP][PASSED] - setText(findTestObject(orPath_AddressContact + "/input_streetAddress2"), ""): Text '' is set on object 'Object Repository/RAD_Pages/AddressAndContactInfo_Page/input_streetAddress2'

2024-11-07 20:50:04 - [MESSAGE][PASSED] - Text '' is set on object 'Object Repository/RAD_Pages/AddressAndContactInfo_Page/input_streetAddress2'

2024-11-07 20:50:04 - [TEST_STEP][PASSED] - scrollToElement(findTestObject(orPath_Landing + "/button_Continue"), 3): Scroll to object 'Object Repository/RAD_Pages/Landing_Page/button_Continue' successfully

2024-11-07 20:50:04 - [MESSAGE][PASSED] - Scroll to object 'Object Repository/RAD_Pages/Landing_Page/button_Continue' successfully

2024-11-07 20:50:04 - [TEST_STEP][PASSED] - waitForElementClickable(findTestObject(orPath_Landing + "/button_Continue"), 5): Object 'Object Repository/RAD_Pages/Landing_Page/button_Continue' is clickable

2024-11-07 20:50:05 - [MESSAGE][PASSED] - Object 'Object Repository/RAD_Pages/Landing_Page/button_Continue' is clickable

2024-11-07 20:50:05 - [TEST_STEP][PASSED] - click(findTestObject(orPath_Landing + "/button_Continue")): Object: 'Object Repository/RAD_Pages/Landing_Page/button_Continue' is clicked on

2024-11-07 20:50:05 - [MESSAGE][PASSED] - Object: 'Object Repository/RAD_Pages/Landing_Page/button_Continue' is clicked on

2024-11-07 20:50:05 - [TEST_STEP][PASSED] - delay(2): Delayed 2 second(s)

2024-11-07 20:50:07 - [MESSAGE][PASSED] - Delayed 2 second(s)

2024-11-07 20:50:07 - [TEST_STEP][PASSED] - verifyTextPresent("Summary", true): Text 'Summary' is present on page  using regular expression

2024-11-07 20:50:07 - [MESSAGE][PASSED] - Text 'Summary' is present on page  using regular expression

2024-11-07 20:50:07 - [TEST_STEP][PASSED] - verifyTextPresent("Review the information below and make any necessary corrections by clicking the", true): Text 'Review the information below and make any necessary corrections by clicking the' is present on page  using regular expression

2024-11-07 20:50:08 - [MESSAGE][PASSED] - Text 'Review the information below and make any necessary corrections by clicking the' is present on page  using regular expression

2024-11-07 20:50:08 - [TEST_STEP][PASSED] - verifyTextPresent("When you are confident that all the information is correct, click the", true): Text 'When you are confident that all the information is correct, click the' is present on page  using regular expression

2024-11-07 20:50:08 - [MESSAGE][PASSED] - Text 'When you are confident that all the information is correct, click the' is present on page  using regular expression

2024-11-07 20:50:08 - [TEST_STEP][PASSED] - verifyTextPresent("Payment Type/Filing Year", true): Text 'Payment Type/Filing Year' is present on page  using regular expression

2024-11-07 20:50:08 - [MESSAGE][PASSED] - Text 'Payment Type/Filing Year' is present on page  using regular expression

2024-11-07 20:50:08 - [TEST_STEP][PASSED] - verifyTextPresent("Payment Type:", true): Text 'Payment Type:' is present on page  using regular expression

2024-11-07 20:50:09 - [MESSAGE][PASSED] - Text 'Payment Type:' is present on page  using regular expression

2024-11-07 20:50:09 - [TEST_STEP][PASSED] - verifyTextPresent("Quarterly Estimated Tax", true): Text 'Quarterly Estimated Tax' is present on page  using regular expression

2024-11-07 20:50:09 - [MESSAGE][PASSED] - Text 'Quarterly Estimated Tax' is present on page  using regular expression

2024-11-07 20:50:09 - [TEST_STEP][PASSED] - verifyTextPresent("Filing Year:", true): Text 'Filing Year:' is present on page  using regular expression

2024-11-07 20:50:09 - [MESSAGE][PASSED] - Text 'Filing Year:' is present on page  using regular expression

2024-11-07 20:50:09 - [TEST_STEP][PASSED] - verifyTextPresent(FilingYear, true): Text '2024' is present on page  using regular expression

2024-11-07 20:50:10 - [MESSAGE][PASSED] - Text '2024' is present on page  using regular expression

2024-11-07 20:50:10 - [TEST_STEP][PASSED] - verifyTextPresent("Period Ending:", true): Text 'Period Ending:' is present on page  using regular expression

2024-11-07 20:50:10 - [MESSAGE][PASSED] - Text 'Period Ending:' is present on page  using regular expression

2024-11-07 20:50:10 - [TEST_STEP][PASSED] - verifyTextPresent(PeriodEndingMonth, true): Text 'August' is present on page  using regular expression

2024-11-07 20:50:10 - [MESSAGE][PASSED] - Text 'August' is present on page  using regular expression

2024-11-07 20:50:10 - [TEST_STEP][PASSED] - verifyTextPresent("Payer Information", true): Text 'Payer Information' is present on page  using regular expression

2024-11-07 20:50:11 - [MESSAGE][PASSED] - Text 'Payer Information' is present on page  using regular expression

2024-11-07 20:50:11 - [TEST_STEP][PASSED] - verifyTextPresent("Taxpayer Name:", true): Text 'Taxpayer Name:' is present on page  using regular expression

2024-11-07 20:50:11 - [MESSAGE][PASSED] - Text 'Taxpayer Name:' is present on page  using regular expression

2024-11-07 20:50:11 - [TEST_STEP][PASSED] - verifyTextPresent("My Company", true): Text 'My Company' is present on page  using regular expression

2024-11-07 20:50:11 - [MESSAGE][PASSED] - Text 'My Company' is present on page  using regular expression

2024-11-07 20:50:11 - [TEST_STEP][PASSED] - verifyTextPresent("Business Rep Name:", true): Text 'Business Rep Name:' is present on page  using regular expression

2024-11-07 20:50:12 - [MESSAGE][PASSED] - Text 'Business Rep Name:' is present on page  using regular expression

2024-11-07 20:50:12 - [TEST_STEP][PASSED] - verifyTextPresent("BusRepFname BusRepLname", true): Text 'BusRepFname BusRepLname' is present on page  using regular expression

2024-11-07 20:50:12 - [MESSAGE][PASSED] - Text 'BusRepFname BusRepLname' is present on page  using regular expression

2024-11-07 20:50:12 - [TEST_STEP][PASSED] - verifyTextPresent("Taxpayer Address:", true): Text 'Taxpayer Address:' is present on page  using regular expression

2024-11-07 20:50:12 - [MESSAGE][PASSED] - Text 'Taxpayer Address:' is present on page  using regular expression

2024-11-07 20:50:12 - [TEST_STEP][PASSED] - verifyTextPresent("2508 Mandan Terrace Gambrills Maryland 21054", true): Text '2508 Mandan Terrace Gambrills Maryland 21054' is present on page  using regular expression

2024-11-07 20:50:13 - [MESSAGE][PASSED] - Text '2508 Mandan Terrace Gambrills Maryland 21054' is present on page  using regular expression

2024-11-07 20:50:13 - [TEST_STEP][PASSED] - verifyTextPresent("Email:", true): Text 'Email:' is present on page  using regular expression

2024-11-07 20:50:13 - [MESSAGE][PASSED] - Text 'Email:' is present on page  using regular expression

2024-11-07 20:50:13 - [TEST_STEP][PASSED] - verifyTextPresent("iahmed@govolution.com", true): Text 'iahmed@govolution.com' is present on page  using regular expression

2024-11-07 20:50:13 - [MESSAGE][PASSED] - Text 'iahmed@govolution.com' is present on page  using regular expression

2024-11-07 20:50:13 - [TEST_STEP][PASSED] - verifyTextPresent("Phone:", true): Text 'Phone:' is present on page  using regular expression

2024-11-07 20:50:14 - [MESSAGE][PASSED] - Text 'Phone:' is present on page  using regular expression

2024-11-07 20:50:14 - [TEST_STEP][PASSED] - verifyTextPresent("(703) 894-5000", false): Text '(703) 894-5000' is present on page 

2024-11-07 20:50:14 - [MESSAGE][PASSED] - Text '(703) 894-5000' is present on page 

2024-11-07 20:50:14 - [TEST_STEP][PASSED] - verifyTextPresent("Tax Information", true): Text 'Tax Information' is present on page  using regular expression

2024-11-07 20:50:14 - [MESSAGE][PASSED] - Text 'Tax Information' is present on page  using regular expression

2024-11-07 20:50:14 - [TEST_STEP][PASSED] - if (feinSSN.equalsIgnoreCase("Y")): Text 'XXXXX2690' is present on page  using regular expression

2024-11-07 20:50:14 - [TEST_STEP][PASSED] - verifyTextPresent("FEIN/SSN:", true): Text 'FEIN/SSN:' is present on page  using regular expression

2024-11-07 20:50:15 - [MESSAGE][PASSED] - Text 'FEIN/SSN:' is present on page  using regular expression

2024-11-07 20:50:15 - [TEST_STEP][PASSED] - verifyTextNotPresent("Federal EIN:", true): Text 'Federal EIN:' is not present on page using regular expression

2024-11-07 20:50:15 - [MESSAGE][PASSED] - Text 'Federal EIN:' is not present on page using regular expression

2024-11-07 20:50:15 - [TEST_STEP][PASSED] - verifyTextPresent("XXXXX2690", true): Text 'XXXXX2690' is present on page  using regular expression

2024-11-07 20:50:15 - [MESSAGE][PASSED] - Text 'XXXXX2690' is present on page  using regular expression

2024-11-07 20:50:15 - [TEST_STEP][PASSED] - verifyTextPresent("Payment Amount:", true): Text 'Payment Amount:' is present on page  using regular expression

2024-11-07 20:50:16 - [MESSAGE][PASSED] - Text 'Payment Amount:' is present on page  using regular expression

2024-11-07 20:50:16 - [TEST_STEP][PASSED] - verifyTextPresent("100.00", true): Text '100.00' is present on page  using regular expression

2024-11-07 20:50:16 - [MESSAGE][PASSED] - Text '100.00' is present on page  using regular expression

2024-11-07 20:50:16 - [TEST_STEP][PASSED] - if (verifyElementVisible(findTestObject(orPath_Summary + "/button_Proceed to Payment"))): null

2024-11-07 20:50:16 - [MESSAGE][PASSED] - Object 'Object Repository/RAD_Pages/Summary_Page/button_Proceed to Payment' is visible

2024-11-07 20:50:16 - [TEST_STEP][PASSED] - resText = "Pass": null

2024-11-07 20:50:16 - [TEST_STEP][PASSED] - pages.WriteExcel.demoKey(resText, datText, resColumn, datCloumn, fileLoc, nameSheet, row): pages.WriteExcel.demoKey is PASSED

2024-11-07 20:50:16 - [MESSAGE][PASSED] - pages.WriteExcel.demoKey is PASSED

2024-11-07 20:50:16 - [TEST_STEP][PASSED] - click(findTestObject(orPath_Summary + "/button_Proceed to Payment")): Object: 'Object Repository/RAD_Pages/Summary_Page/button_Proceed to Payment' is clicked on

2024-11-07 20:50:19 - [MESSAGE][PASSED] - Object: 'Object Repository/RAD_Pages/Summary_Page/button_Proceed to Payment' is clicked on

2024-11-07 20:50:19 - [TEST_STEP][PASSED] - verifyElementPresent(findTestObject("Object Repository/RAD_Pages/PaymentEntry_Page/input__billingName"), 30): Object 'Object Repository/RAD_Pages/PaymentEntry_Page/input__billingName' is present

2024-11-07 20:50:19 - [MESSAGE][PASSED] - Object 'Object Repository/RAD_Pages/PaymentEntry_Page/input__billingName' is present

2024-11-07 20:50:19 - [TEST_STEP][PASSED] - ExecuteTC = findTestData(dataFile).getValue("Execute", row): null

2024-11-07 20:50:19 - [TEST_STEP][PASSED] - TaxType = findTestData(dataFile).getValue("TaxType", row): null

2024-11-07 20:50:19 - [TEST_STEP][PASSED] - PaymentType = findTestData(dataFile).getValue("PaymentType", row): null

2024-11-07 20:50:19 - [TEST_STEP][PASSED] - FilingYear = findTestData(dataFile).getValue("Year", row): null

2024-11-07 20:50:20 - [TEST_STEP][PASSED] - PeriodEndingMonth = findTestData(dataFile).getValue("Month", row): null

2024-11-07 20:50:20 - [TEST_STEP][PASSED] - feinSSN = findTestData(dataFile).getValue("FeinSsn", row): null

2024-11-07 20:50:20 - [TEST_STEP][PASSED] - if (ExecuteTC.equalsIgnoreCase("Y")): Object 'Object Repository/RAD_Pages/PaymentEntry_Page/input__billingName' is present

2024-11-07 20:50:20 - [TEST_STEP][PASSED] - out.println("Begin Record Number: " + row): null

2024-11-07 20:50:20 - [TEST_STEP][PASSED] - today = new java.util.Date(): null

2024-11-07 20:50:20 - [TEST_STEP][PASSED] - println(today): null

2024-11-07 20:50:20 - [TEST_STEP][PASSED] - datText = today: null

2024-11-07 20:50:20 - [TEST_STEP][PASSED] - logInfo("Payment Type: Quarterly Estimated Tax"): Payment Type: Quarterly Estimated Tax

2024-11-07 20:50:20 - [MESSAGE][INFO] - Payment Type: Quarterly Estimated Tax

2024-11-07 20:50:20 - [TEST_STEP][PASSED] - logInfo("Tax Type: " + TaxType): Tax Type: PTE Non-Electing S Corp

2024-11-07 20:50:20 - [MESSAGE][INFO] - Tax Type: PTE Non-Electing S Corp

2024-11-07 20:50:20 - [TEST_STEP][PASSED] - openBrowser(""): Browser is opened with url: ''

2024-11-07 20:50:20 - [MESSAGE][WARNING] - A browser is already opened. Closing browser and opening a new one

2024-11-07 20:50:22 - [MESSAGE][INFO] - Starting 'Chrome' driver

2024-11-07 20:50:22 - [MESSAGE][INFO] - User set preference: ['acceptInsecureCerts', 'true']

2024-11-07 20:50:22 - [MESSAGE][INFO] - Action delay is set to 0 milliseconds

2024-11-07 20:50:24 - [MESSAGE][PASSED] - Browser is opened with url: ''

2024-11-07 20:50:24 - [TEST_STEP][PASSED] - maximizeWindow(): Current window maximized

2024-11-07 20:50:24 - [MESSAGE][PASSED] - Current window maximized

2024-11-07 20:50:24 - [TEST_STEP][PASSED] - navigateToUrl(RADurl): Navigate to 'https://www.velocitypayment.com/client/rad/index.html' successfully

2024-11-07 20:50:27 - [MESSAGE][PASSED] - Navigate to 'https://www.velocitypayment.com/client/rad/index.html' successfully

2024-11-07 20:50:27 - [TEST_STEP][PASSED] - selectOptionByLabel(findTestObject(orPath_Landing + "/dd_TaxType"), "Quarterly Estimated Tax", false): All options with label 'Quarterly Estimated Tax' are selected in object 'Object Repository/RAD_Pages/Landing_Page/dd_TaxType' 

2024-11-07 20:50:27 - [MESSAGE][PASSED] - All options with label 'Quarterly Estimated Tax' are selected in object 'Object Repository/RAD_Pages/Landing_Page/dd_TaxType' 

2024-11-07 20:50:27 - [TEST_STEP][PASSED] - selectOptionByLabel(findTestObject(orPath_TaxTypeFilingYear + "/select_PaymentType"), TaxType, false): All options with label 'PTE Non-Electing S Corp' are selected in object 'Object Repository/RAD_Pages/TaxTypeFilingYear_Page/select_PaymentType' 

2024-11-07 20:50:28 - [MESSAGE][PASSED] - All options with label 'PTE Non-Electing S Corp' are selected in object 'Object Repository/RAD_Pages/TaxTypeFilingYear_Page/select_PaymentType' 

2024-11-07 20:50:28 - [TEST_STEP][PASSED] - selectOptionByLabel(findTestObject(orPath_TaxTypeFilingYear + "/select_FilingYear"), FilingYear, false): All options with label '2024' are selected in object 'Object Repository/RAD_Pages/TaxTypeFilingYear_Page/select_FilingYear' 

2024-11-07 20:50:29 - [MESSAGE][PASSED] - All options with label '2024' are selected in object 'Object Repository/RAD_Pages/TaxTypeFilingYear_Page/select_FilingYear' 

2024-11-07 20:50:29 - [TEST_STEP][PASSED] - selectOptionByLabel(findTestObject(orPath_TaxTypeFilingYear + "/select_PeriodEnding"), PeriodEndingMonth, false): All options with label 'September' are selected in object 'Object Repository/RAD_Pages/TaxTypeFilingYear_Page/select_PeriodEnding' 

2024-11-07 20:50:30 - [MESSAGE][PASSED] - All options with label 'September' are selected in object 'Object Repository/RAD_Pages/TaxTypeFilingYear_Page/select_PeriodEnding' 

2024-11-07 20:50:30 - [TEST_STEP][PASSED] - rad.getSetDataRAD.setDataRADBusinessName(): rad.getSetDataRAD.setDataRADBusinessName is PASSED

2024-11-07 20:50:30 - [MESSAGE][PASSED] - Text 'My Company' is set on object 'Object Repository/RAD_Pages/Taxpayer_Page/input_businessName'

2024-11-07 20:50:30 - [MESSAGE][PASSED] - rad.getSetDataRAD.setDataRADBusinessName is PASSED

2024-11-07 20:50:30 - [TEST_STEP][PASSED] - rad.getSetDataRAD.setDataRADBusinessRep(): rad.getSetDataRAD.setDataRADBusinessRep is PASSED

2024-11-07 20:50:31 - [MESSAGE][PASSED] - Text 'BusRepFname' is set on object 'Object Repository/RAD_Pages/Taxpayer_Page/input_BusinessRepfirstName'

2024-11-07 20:50:32 - [MESSAGE][PASSED] - Text '' is set on object 'Object Repository/RAD_Pages/Taxpayer_Page/input_BusinessRepmiddleName'

2024-11-07 20:50:33 - [MESSAGE][PASSED] - Text 'BusRepLname' is set on object 'Object Repository/RAD_Pages/Taxpayer_Page/input_BusinessReplastName'

2024-11-07 20:50:33 - [MESSAGE][PASSED] - Text '' is set on object 'Object Repository/RAD_Pages/Taxpayer_Page/input_BusinessRepsuffix'

2024-11-07 20:50:33 - [MESSAGE][PASSED] - rad.getSetDataRAD.setDataRADBusinessRep is PASSED

2024-11-07 20:50:33 - [TEST_STEP][PASSED] - rad.getSetDataRAD.setDataRADAddress(): rad.getSetDataRAD.setDataRADAddress is PASSED

2024-11-07 20:50:34 - [MESSAGE][PASSED] - All options with label 'United States' are selected in object 'Object Repository/RAD_Pages/AddressAndContactInfo_Page/select_Country' 

2024-11-07 20:50:35 - [MESSAGE][PASSED] - Text '2508 Mandan Terrace' is set on object 'Object Repository/RAD_Pages/AddressAndContactInfo_Page/input_streetAddress1'

2024-11-07 20:50:35 - [MESSAGE][PASSED] - Text '' is set on object 'Object Repository/RAD_Pages/AddressAndContactInfo_Page/input_streetAddress2'

2024-11-07 20:50:36 - [MESSAGE][PASSED] - Text 'Gambrills' is set on object 'Object Repository/RAD_Pages/AddressAndContactInfo_Page/input_city'

2024-11-07 20:50:37 - [MESSAGE][PASSED] - All options with label 'Maryland' are selected in object 'Object Repository/RAD_Pages/AddressAndContactInfo_Page/select_State' 

2024-11-07 20:50:38 - [MESSAGE][PASSED] - Text '21054' is set on object 'Object Repository/RAD_Pages/AddressAndContactInfo_Page/input_zipCode'

2024-11-07 20:50:38 - [MESSAGE][PASSED] - Text '(703) 894-5000' is set on object 'Object Repository/RAD_Pages/AddressAndContactInfo_Page/input_phoneNumber'

2024-11-07 20:50:39 - [MESSAGE][PASSED] - Text 'iahmed@govolution.com' is set on object 'Object Repository/RAD_Pages/AddressAndContactInfo_Page/input_eMailAddress'

2024-11-07 20:50:40 - [MESSAGE][PASSED] - Text 'iahmed@govolution.com' is set on object 'Object Repository/RAD_Pages/AddressAndContactInfo_Page/input_reEnterEMailAddress'

2024-11-07 20:50:40 - [MESSAGE][PASSED] - rad.getSetDataRAD.setDataRADAddress is PASSED

2024-11-07 20:50:40 - [TEST_STEP][PASSED] - if (feinSSN.equalsIgnoreCase("Y")): Text ****** has been set on object 'Object Repository/RAD_Pages/TaxInfo_Page/input_TaxInfo_RetypeFeinSsn_New_2'

2024-11-07 20:50:40 - [TEST_STEP][PASSED] - setEncryptedText(findTestObject(orPath_TaxInfo + "/input_TaxInfo_FeinSsn_New_2"), "z9YBWxGcVPxtlZ7P2Sn0PQ=="): Text ****** has been set on object 'Object Repository/RAD_Pages/TaxInfo_Page/input_TaxInfo_FeinSsn_New_2'

2024-11-07 20:50:41 - [MESSAGE][PASSED] - Text ****** has been set on object 'Object Repository/RAD_Pages/TaxInfo_Page/input_TaxInfo_FeinSsn_New_2'

2024-11-07 20:50:41 - [TEST_STEP][PASSED] - setEncryptedText(findTestObject(orPath_TaxInfo + "/input_TaxInfo_RetypeFeinSsn_New_2"), "z9YBWxGcVPxtlZ7P2Sn0PQ=="): Text ****** has been set on object 'Object Repository/RAD_Pages/TaxInfo_Page/input_TaxInfo_RetypeFeinSsn_New_2'

2024-11-07 20:50:42 - [MESSAGE][PASSED] - Text ****** has been set on object 'Object Repository/RAD_Pages/TaxInfo_Page/input_TaxInfo_RetypeFeinSsn_New_2'

2024-11-07 20:50:42 - [TEST_STEP][PASSED] - setText(findTestObject(orPath_Amount + "/input__paymentAmount"), "100.00"): Text '100.00' is set on object 'Object Repository/RAD_Pages/PaymentAmount_Page/input__paymentAmount'

2024-11-07 20:50:43 - [MESSAGE][PASSED] - Text '100.00' is set on object 'Object Repository/RAD_Pages/PaymentAmount_Page/input__paymentAmount'

2024-11-07 20:50:43 - [TEST_STEP][PASSED] - setText(findTestObject(orPath_AddressContact + "/input_streetAddress2"), ""): Text '' is set on object 'Object Repository/RAD_Pages/AddressAndContactInfo_Page/input_streetAddress2'

2024-11-07 20:50:44 - [MESSAGE][PASSED] - Text '' is set on object 'Object Repository/RAD_Pages/AddressAndContactInfo_Page/input_streetAddress2'

2024-11-07 20:50:44 - [TEST_STEP][PASSED] - scrollToElement(findTestObject(orPath_Landing + "/button_Continue"), 3): Scroll to object 'Object Repository/RAD_Pages/Landing_Page/button_Continue' successfully

2024-11-07 20:50:44 - [MESSAGE][PASSED] - Scroll to object 'Object Repository/RAD_Pages/Landing_Page/button_Continue' successfully

2024-11-07 20:50:44 - [TEST_STEP][PASSED] - waitForElementClickable(findTestObject(orPath_Landing + "/button_Continue"), 5): Object 'Object Repository/RAD_Pages/Landing_Page/button_Continue' is clickable

2024-11-07 20:50:44 - [MESSAGE][PASSED] - Object 'Object Repository/RAD_Pages/Landing_Page/button_Continue' is clickable

2024-11-07 20:50:44 - [TEST_STEP][PASSED] - click(findTestObject(orPath_Landing + "/button_Continue")): Object: 'Object Repository/RAD_Pages/Landing_Page/button_Continue' is clicked on

2024-11-07 20:50:45 - [MESSAGE][PASSED] - Object: 'Object Repository/RAD_Pages/Landing_Page/button_Continue' is clicked on

2024-11-07 20:50:45 - [TEST_STEP][PASSED] - delay(2): Delayed 2 second(s)

2024-11-07 20:50:47 - [MESSAGE][PASSED] - Delayed 2 second(s)

2024-11-07 20:50:47 - [TEST_STEP][PASSED] - verifyTextPresent("Summary", true): Text 'Summary' is present on page  using regular expression

2024-11-07 20:50:47 - [MESSAGE][PASSED] - Text 'Summary' is present on page  using regular expression

2024-11-07 20:50:47 - [TEST_STEP][PASSED] - verifyTextPresent("Review the information below and make any necessary corrections by clicking the", true): Text 'Review the information below and make any necessary corrections by clicking the' is present on page  using regular expression

2024-11-07 20:50:48 - [MESSAGE][PASSED] - Text 'Review the information below and make any necessary corrections by clicking the' is present on page  using regular expression

2024-11-07 20:50:48 - [TEST_STEP][PASSED] - verifyTextPresent("When you are confident that all the information is correct, click the", true): Text 'When you are confident that all the information is correct, click the' is present on page  using regular expression

2024-11-07 20:50:48 - [MESSAGE][PASSED] - Text 'When you are confident that all the information is correct, click the' is present on page  using regular expression

2024-11-07 20:50:48 - [TEST_STEP][PASSED] - verifyTextPresent("Payment Type/Filing Year", true): Text 'Payment Type/Filing Year' is present on page  using regular expression

2024-11-07 20:50:48 - [MESSAGE][PASSED] - Text 'Payment Type/Filing Year' is present on page  using regular expression

2024-11-07 20:50:48 - [TEST_STEP][PASSED] - verifyTextPresent("Payment Type:", true): Text 'Payment Type:' is present on page  using regular expression

2024-11-07 20:50:49 - [MESSAGE][PASSED] - Text 'Payment Type:' is present on page  using regular expression

2024-11-07 20:50:49 - [TEST_STEP][PASSED] - verifyTextPresent("Quarterly Estimated Tax", true): Text 'Quarterly Estimated Tax' is present on page  using regular expression

2024-11-07 20:50:49 - [MESSAGE][PASSED] - Text 'Quarterly Estimated Tax' is present on page  using regular expression

2024-11-07 20:50:49 - [TEST_STEP][PASSED] - verifyTextPresent("Filing Year:", true): Text 'Filing Year:' is present on page  using regular expression

2024-11-07 20:50:49 - [MESSAGE][PASSED] - Text 'Filing Year:' is present on page  using regular expression

2024-11-07 20:50:49 - [TEST_STEP][PASSED] - verifyTextPresent(FilingYear, true): Text '2024' is present on page  using regular expression

2024-11-07 20:50:49 - [MESSAGE][PASSED] - Text '2024' is present on page  using regular expression

2024-11-07 20:50:49 - [TEST_STEP][PASSED] - verifyTextPresent("Period Ending:", true): Text 'Period Ending:' is present on page  using regular expression

2024-11-07 20:50:50 - [MESSAGE][PASSED] - Text 'Period Ending:' is present on page  using regular expression

2024-11-07 20:50:50 - [TEST_STEP][PASSED] - verifyTextPresent(PeriodEndingMonth, true): Text 'September' is present on page  using regular expression

2024-11-07 20:50:50 - [MESSAGE][PASSED] - Text 'September' is present on page  using regular expression

2024-11-07 20:50:50 - [TEST_STEP][PASSED] - verifyTextPresent("Payer Information", true): Text 'Payer Information' is present on page  using regular expression

2024-11-07 20:50:50 - [MESSAGE][PASSED] - Text 'Payer Information' is present on page  using regular expression

2024-11-07 20:50:50 - [TEST_STEP][PASSED] - verifyTextPresent("Taxpayer Name:", true): Text 'Taxpayer Name:' is present on page  using regular expression

2024-11-07 20:50:51 - [MESSAGE][PASSED] - Text 'Taxpayer Name:' is present on page  using regular expression

2024-11-07 20:50:51 - [TEST_STEP][PASSED] - verifyTextPresent("My Company", true): Text 'My Company' is present on page  using regular expression

2024-11-07 20:50:51 - [MESSAGE][PASSED] - Text 'My Company' is present on page  using regular expression

2024-11-07 20:50:51 - [TEST_STEP][PASSED] - verifyTextPresent("Business Rep Name:", true): Text 'Business Rep Name:' is present on page  using regular expression

2024-11-07 20:50:51 - [MESSAGE][PASSED] - Text 'Business Rep Name:' is present on page  using regular expression

2024-11-07 20:50:51 - [TEST_STEP][PASSED] - verifyTextPresent("BusRepFname BusRepLname", true): Text 'BusRepFname BusRepLname' is present on page  using regular expression

2024-11-07 20:50:52 - [MESSAGE][PASSED] - Text 'BusRepFname BusRepLname' is present on page  using regular expression

2024-11-07 20:50:52 - [TEST_STEP][PASSED] - verifyTextPresent("Taxpayer Address:", true): Text 'Taxpayer Address:' is present on page  using regular expression

2024-11-07 20:50:52 - [MESSAGE][PASSED] - Text 'Taxpayer Address:' is present on page  using regular expression

2024-11-07 20:50:52 - [TEST_STEP][PASSED] - verifyTextPresent("2508 Mandan Terrace Gambrills Maryland 21054", true): Text '2508 Mandan Terrace Gambrills Maryland 21054' is present on page  using regular expression

2024-11-07 20:50:52 - [MESSAGE][PASSED] - Text '2508 Mandan Terrace Gambrills Maryland 21054' is present on page  using regular expression

2024-11-07 20:50:52 - [TEST_STEP][PASSED] - verifyTextPresent("Email:", true): Text 'Email:' is present on page  using regular expression

2024-11-07 20:50:53 - [MESSAGE][PASSED] - Text 'Email:' is present on page  using regular expression

2024-11-07 20:50:53 - [TEST_STEP][PASSED] - verifyTextPresent("iahmed@govolution.com", true): Text 'iahmed@govolution.com' is present on page  using regular expression

2024-11-07 20:50:53 - [MESSAGE][PASSED] - Text 'iahmed@govolution.com' is present on page  using regular expression

2024-11-07 20:50:53 - [TEST_STEP][PASSED] - verifyTextPresent("Phone:", true): Text 'Phone:' is present on page  using regular expression

2024-11-07 20:50:53 - [MESSAGE][PASSED] - Text 'Phone:' is present on page  using regular expression

2024-11-07 20:50:53 - [TEST_STEP][PASSED] - verifyTextPresent("(703) 894-5000", false): Text '(703) 894-5000' is present on page 

2024-11-07 20:50:54 - [MESSAGE][PASSED] - Text '(703) 894-5000' is present on page 

2024-11-07 20:50:54 - [TEST_STEP][PASSED] - verifyTextPresent("Tax Information", true): Text 'Tax Information' is present on page  using regular expression

2024-11-07 20:50:54 - [MESSAGE][PASSED] - Text 'Tax Information' is present on page  using regular expression

2024-11-07 20:50:54 - [TEST_STEP][PASSED] - if (feinSSN.equalsIgnoreCase("Y")): Text 'XXXXX2690' is present on page  using regular expression

2024-11-07 20:50:54 - [TEST_STEP][PASSED] - verifyTextPresent("FEIN/SSN:", true): Text 'FEIN/SSN:' is present on page  using regular expression

2024-11-07 20:50:54 - [MESSAGE][PASSED] - Text 'FEIN/SSN:' is present on page  using regular expression

2024-11-07 20:50:54 - [TEST_STEP][PASSED] - verifyTextNotPresent("Federal EIN:", true): Text 'Federal EIN:' is not present on page using regular expression

2024-11-07 20:50:55 - [MESSAGE][PASSED] - Text 'Federal EIN:' is not present on page using regular expression

2024-11-07 20:50:55 - [TEST_STEP][PASSED] - verifyTextPresent("XXXXX2690", true): Text 'XXXXX2690' is present on page  using regular expression

2024-11-07 20:50:55 - [MESSAGE][PASSED] - Text 'XXXXX2690' is present on page  using regular expression

2024-11-07 20:50:55 - [TEST_STEP][PASSED] - verifyTextPresent("Payment Amount:", true): Text 'Payment Amount:' is present on page  using regular expression

2024-11-07 20:50:55 - [MESSAGE][PASSED] - Text 'Payment Amount:' is present on page  using regular expression

2024-11-07 20:50:55 - [TEST_STEP][PASSED] - verifyTextPresent("100.00", true): Text '100.00' is present on page  using regular expression

2024-11-07 20:50:56 - [MESSAGE][PASSED] - Text '100.00' is present on page  using regular expression

2024-11-07 20:50:56 - [TEST_STEP][PASSED] - if (verifyElementVisible(findTestObject(orPath_Summary + "/button_Proceed to Payment"))): null

2024-11-07 20:50:56 - [MESSAGE][PASSED] - Object 'Object Repository/RAD_Pages/Summary_Page/button_Proceed to Payment' is visible

2024-11-07 20:50:56 - [TEST_STEP][PASSED] - resText = "Pass": null

2024-11-07 20:50:56 - [TEST_STEP][PASSED] - pages.WriteExcel.demoKey(resText, datText, resColumn, datCloumn, fileLoc, nameSheet, row): pages.WriteExcel.demoKey is PASSED

2024-11-07 20:50:56 - [MESSAGE][PASSED] - pages.WriteExcel.demoKey is PASSED

2024-11-07 20:50:56 - [TEST_STEP][PASSED] - click(findTestObject(orPath_Summary + "/button_Proceed to Payment")): Object: 'Object Repository/RAD_Pages/Summary_Page/button_Proceed to Payment' is clicked on

2024-11-07 20:50:59 - [MESSAGE][PASSED] - Object: 'Object Repository/RAD_Pages/Summary_Page/button_Proceed to Payment' is clicked on

2024-11-07 20:50:59 - [TEST_STEP][PASSED] - verifyElementPresent(findTestObject("Object Repository/RAD_Pages/PaymentEntry_Page/input__billingName"), 30): Object 'Object Repository/RAD_Pages/PaymentEntry_Page/input__billingName' is present

2024-11-07 20:50:59 - [MESSAGE][PASSED] - Object 'Object Repository/RAD_Pages/PaymentEntry_Page/input__billingName' is present

2024-11-07 20:50:59 - [TEST_STEP][PASSED] - ExecuteTC = findTestData(dataFile).getValue("Execute", row): null

2024-11-07 20:50:59 - [TEST_STEP][PASSED] - TaxType = findTestData(dataFile).getValue("TaxType", row): null

2024-11-07 20:50:59 - [TEST_STEP][PASSED] - PaymentType = findTestData(dataFile).getValue("PaymentType", row): null

2024-11-07 20:50:59 - [TEST_STEP][PASSED] - FilingYear = findTestData(dataFile).getValue("Year", row): null

2024-11-07 20:50:59 - [TEST_STEP][PASSED] - PeriodEndingMonth = findTestData(dataFile).getValue("Month", row): null

2024-11-07 20:50:59 - [TEST_STEP][PASSED] - feinSSN = findTestData(dataFile).getValue("FeinSsn", row): null

2024-11-07 20:51:00 - [TEST_STEP][PASSED] - if (ExecuteTC.equalsIgnoreCase("Y")): Object 'Object Repository/RAD_Pages/PaymentEntry_Page/input__billingName' is present

2024-11-07 20:51:00 - [TEST_STEP][PASSED] - out.println("Begin Record Number: " + row): null

2024-11-07 20:51:00 - [TEST_STEP][PASSED] - today = new java.util.Date(): null

2024-11-07 20:51:00 - [TEST_STEP][PASSED] - println(today): null

2024-11-07 20:51:00 - [TEST_STEP][PASSED] - datText = today: null

2024-11-07 20:51:00 - [TEST_STEP][PASSED] - logInfo("Payment Type: Quarterly Estimated Tax"): Payment Type: Quarterly Estimated Tax

2024-11-07 20:51:00 - [MESSAGE][INFO] - Payment Type: Quarterly Estimated Tax

2024-11-07 20:51:00 - [TEST_STEP][PASSED] - logInfo("Tax Type: " + TaxType): Tax Type: PTE Tax Electing Non-S Corp

2024-11-07 20:51:00 - [MESSAGE][INFO] - Tax Type: PTE Tax Electing Non-S Corp

2024-11-07 20:51:00 - [TEST_STEP][PASSED] - openBrowser(""): Browser is opened with url: ''

2024-11-07 20:51:00 - [MESSAGE][WARNING] - A browser is already opened. Closing browser and opening a new one

2024-11-07 20:51:03 - [MESSAGE][INFO] - Starting 'Chrome' driver

2024-11-07 20:51:03 - [MESSAGE][INFO] - User set preference: ['acceptInsecureCerts', 'true']

2024-11-07 20:51:03 - [MESSAGE][INFO] - Action delay is set to 0 milliseconds

2024-11-07 20:51:05 - [MESSAGE][PASSED] - Browser is opened with url: ''

2024-11-07 20:51:05 - [TEST_STEP][PASSED] - maximizeWindow(): Current window maximized

2024-11-07 20:51:05 - [MESSAGE][PASSED] - Current window maximized

2024-11-07 20:51:05 - [TEST_STEP][PASSED] - navigateToUrl(RADurl): Navigate to 'https://www.velocitypayment.com/client/rad/index.html' successfully

2024-11-07 20:51:08 - [MESSAGE][PASSED] - Navigate to 'https://www.velocitypayment.com/client/rad/index.html' successfully

2024-11-07 20:51:08 - [TEST_STEP][PASSED] - selectOptionByLabel(findTestObject(orPath_Landing + "/dd_TaxType"), "Quarterly Estimated Tax", false): All options with label 'Quarterly Estimated Tax' are selected in object 'Object Repository/RAD_Pages/Landing_Page/dd_TaxType' 

2024-11-07 20:51:09 - [MESSAGE][PASSED] - All options with label 'Quarterly Estimated Tax' are selected in object 'Object Repository/RAD_Pages/Landing_Page/dd_TaxType' 

2024-11-07 20:51:09 - [TEST_STEP][PASSED] - selectOptionByLabel(findTestObject(orPath_TaxTypeFilingYear + "/select_PaymentType"), TaxType, false): All options with label 'PTE Tax Electing Non-S Corp' are selected in object 'Object Repository/RAD_Pages/TaxTypeFilingYear_Page/select_PaymentType' 

2024-11-07 20:51:10 - [MESSAGE][PASSED] - All options with label 'PTE Tax Electing Non-S Corp' are selected in object 'Object Repository/RAD_Pages/TaxTypeFilingYear_Page/select_PaymentType' 

2024-11-07 20:51:10 - [TEST_STEP][PASSED] - selectOptionByLabel(findTestObject(orPath_TaxTypeFilingYear + "/select_FilingYear"), FilingYear, false): All options with label '2024' are selected in object 'Object Repository/RAD_Pages/TaxTypeFilingYear_Page/select_FilingYear' 

2024-11-07 20:51:11 - [MESSAGE][PASSED] - All options with label '2024' are selected in object 'Object Repository/RAD_Pages/TaxTypeFilingYear_Page/select_FilingYear' 

2024-11-07 20:51:11 - [TEST_STEP][PASSED] - selectOptionByLabel(findTestObject(orPath_TaxTypeFilingYear + "/select_PeriodEnding"), PeriodEndingMonth, false): All options with label 'January' are selected in object 'Object Repository/RAD_Pages/TaxTypeFilingYear_Page/select_PeriodEnding' 

2024-11-07 20:51:11 - [MESSAGE][PASSED] - All options with label 'January' are selected in object 'Object Repository/RAD_Pages/TaxTypeFilingYear_Page/select_PeriodEnding' 

2024-11-07 20:51:11 - [TEST_STEP][PASSED] - rad.getSetDataRAD.setDataRADBusinessName(): rad.getSetDataRAD.setDataRADBusinessName is PASSED

2024-11-07 20:51:12 - [MESSAGE][PASSED] - Text 'My Company' is set on object 'Object Repository/RAD_Pages/Taxpayer_Page/input_businessName'

2024-11-07 20:51:12 - [MESSAGE][PASSED] - rad.getSetDataRAD.setDataRADBusinessName is PASSED

2024-11-07 20:51:12 - [TEST_STEP][PASSED] - rad.getSetDataRAD.setDataRADBusinessRep(): rad.getSetDataRAD.setDataRADBusinessRep is PASSED

2024-11-07 20:51:13 - [MESSAGE][PASSED] - Text 'BusRepFname' is set on object 'Object Repository/RAD_Pages/Taxpayer_Page/input_BusinessRepfirstName'

2024-11-07 20:51:13 - [MESSAGE][PASSED] - Text '' is set on object 'Object Repository/RAD_Pages/Taxpayer_Page/input_BusinessRepmiddleName'

2024-11-07 20:51:14 - [MESSAGE][PASSED] - Text 'BusRepLname' is set on object 'Object Repository/RAD_Pages/Taxpayer_Page/input_BusinessReplastName'

2024-11-07 20:51:15 - [MESSAGE][PASSED] - Text '' is set on object 'Object Repository/RAD_Pages/Taxpayer_Page/input_BusinessRepsuffix'

2024-11-07 20:51:15 - [MESSAGE][PASSED] - rad.getSetDataRAD.setDataRADBusinessRep is PASSED

2024-11-07 20:51:15 - [TEST_STEP][PASSED] - rad.getSetDataRAD.setDataRADAddress(): rad.getSetDataRAD.setDataRADAddress is PASSED

2024-11-07 20:51:15 - [MESSAGE][PASSED] - All options with label 'United States' are selected in object 'Object Repository/RAD_Pages/AddressAndContactInfo_Page/select_Country' 

2024-11-07 20:51:16 - [MESSAGE][PASSED] - Text '2508 Mandan Terrace' is set on object 'Object Repository/RAD_Pages/AddressAndContactInfo_Page/input_streetAddress1'

2024-11-07 20:51:17 - [MESSAGE][PASSED] - Text '' is set on object 'Object Repository/RAD_Pages/AddressAndContactInfo_Page/input_streetAddress2'

2024-11-07 20:51:18 - [MESSAGE][PASSED] - Text 'Gambrills' is set on object 'Object Repository/RAD_Pages/AddressAndContactInfo_Page/input_city'

2024-11-07 20:51:18 - [MESSAGE][PASSED] - All options with label 'Maryland' are selected in object 'Object Repository/RAD_Pages/AddressAndContactInfo_Page/select_State' 

2024-11-07 20:51:19 - [MESSAGE][PASSED] - Text '21054' is set on object 'Object Repository/RAD_Pages/AddressAndContactInfo_Page/input_zipCode'

2024-11-07 20:51:20 - [MESSAGE][PASSED] - Text '(703) 894-5000' is set on object 'Object Repository/RAD_Pages/AddressAndContactInfo_Page/input_phoneNumber'

2024-11-07 20:51:21 - [MESSAGE][PASSED] - Text 'iahmed@govolution.com' is set on object 'Object Repository/RAD_Pages/AddressAndContactInfo_Page/input_eMailAddress'

2024-11-07 20:51:22 - [MESSAGE][PASSED] - Text 'iahmed@govolution.com' is set on object 'Object Repository/RAD_Pages/AddressAndContactInfo_Page/input_reEnterEMailAddress'

2024-11-07 20:51:22 - [MESSAGE][PASSED] - rad.getSetDataRAD.setDataRADAddress is PASSED

2024-11-07 20:51:22 - [TEST_STEP][PASSED] - if (feinSSN.equalsIgnoreCase("Y")): Text ****** has been set on object 'Object Repository/RAD_Pages/TaxInfo_Page/input_TaxInfo_RetypeFeinSsn_New_2'

2024-11-07 20:51:22 - [TEST_STEP][PASSED] - setEncryptedText(findTestObject(orPath_TaxInfo + "/input_TaxInfo_FeinSsn_New_2"), "z9YBWxGcVPxtlZ7P2Sn0PQ=="): Text ****** has been set on object 'Object Repository/RAD_Pages/TaxInfo_Page/input_TaxInfo_FeinSsn_New_2'

2024-11-07 20:51:22 - [MESSAGE][PASSED] - Text ****** has been set on object 'Object Repository/RAD_Pages/TaxInfo_Page/input_TaxInfo_FeinSsn_New_2'

2024-11-07 20:51:22 - [TEST_STEP][PASSED] - setEncryptedText(findTestObject(orPath_TaxInfo + "/input_TaxInfo_RetypeFeinSsn_New_2"), "z9YBWxGcVPxtlZ7P2Sn0PQ=="): Text ****** has been set on object 'Object Repository/RAD_Pages/TaxInfo_Page/input_TaxInfo_RetypeFeinSsn_New_2'

2024-11-07 20:51:23 - [MESSAGE][PASSED] - Text ****** has been set on object 'Object Repository/RAD_Pages/TaxInfo_Page/input_TaxInfo_RetypeFeinSsn_New_2'

2024-11-07 20:51:23 - [TEST_STEP][PASSED] - setText(findTestObject(orPath_Amount + "/input__paymentAmount"), "100.00"): Text '100.00' is set on object 'Object Repository/RAD_Pages/PaymentAmount_Page/input__paymentAmount'

2024-11-07 20:51:24 - [MESSAGE][PASSED] - Text '100.00' is set on object 'Object Repository/RAD_Pages/PaymentAmount_Page/input__paymentAmount'

2024-11-07 20:51:24 - [TEST_STEP][PASSED] - setText(findTestObject(orPath_AddressContact + "/input_streetAddress2"), ""): Text '' is set on object 'Object Repository/RAD_Pages/AddressAndContactInfo_Page/input_streetAddress2'

2024-11-07 20:51:24 - [MESSAGE][PASSED] - Text '' is set on object 'Object Repository/RAD_Pages/AddressAndContactInfo_Page/input_streetAddress2'

2024-11-07 20:51:24 - [TEST_STEP][PASSED] - scrollToElement(findTestObject(orPath_Landing + "/button_Continue"), 3): Scroll to object 'Object Repository/RAD_Pages/Landing_Page/button_Continue' successfully

2024-11-07 20:51:25 - [MESSAGE][PASSED] - Scroll to object 'Object Repository/RAD_Pages/Landing_Page/button_Continue' successfully

2024-11-07 20:51:25 - [TEST_STEP][PASSED] - waitForElementClickable(findTestObject(orPath_Landing + "/button_Continue"), 5): Object 'Object Repository/RAD_Pages/Landing_Page/button_Continue' is clickable

2024-11-07 20:51:25 - [MESSAGE][PASSED] - Object 'Object Repository/RAD_Pages/Landing_Page/button_Continue' is clickable

2024-11-07 20:51:25 - [TEST_STEP][PASSED] - click(findTestObject(orPath_Landing + "/button_Continue")): Object: 'Object Repository/RAD_Pages/Landing_Page/button_Continue' is clicked on

2024-11-07 20:51:25 - [MESSAGE][PASSED] - Object: 'Object Repository/RAD_Pages/Landing_Page/button_Continue' is clicked on

2024-11-07 20:51:25 - [TEST_STEP][PASSED] - delay(2): Delayed 2 second(s)

2024-11-07 20:51:28 - [MESSAGE][PASSED] - Delayed 2 second(s)

2024-11-07 20:51:28 - [TEST_STEP][PASSED] - verifyTextPresent("Summary", true): Text 'Summary' is present on page  using regular expression

2024-11-07 20:51:28 - [MESSAGE][PASSED] - Text 'Summary' is present on page  using regular expression

2024-11-07 20:51:28 - [TEST_STEP][PASSED] - verifyTextPresent("Review the information below and make any necessary corrections by clicking the", true): Text 'Review the information below and make any necessary corrections by clicking the' is present on page  using regular expression

2024-11-07 20:51:28 - [MESSAGE][PASSED] - Text 'Review the information below and make any necessary corrections by clicking the' is present on page  using regular expression

2024-11-07 20:51:28 - [TEST_STEP][PASSED] - verifyTextPresent("When you are confident that all the information is correct, click the", true): Text 'When you are confident that all the information is correct, click the' is present on page  using regular expression

2024-11-07 20:51:28 - [MESSAGE][PASSED] - Text 'When you are confident that all the information is correct, click the' is present on page  using regular expression

2024-11-07 20:51:28 - [TEST_STEP][PASSED] - verifyTextPresent("Payment Type/Filing Year", true): Text 'Payment Type/Filing Year' is present on page  using regular expression

2024-11-07 20:51:29 - [MESSAGE][PASSED] - Text 'Payment Type/Filing Year' is present on page  using regular expression

2024-11-07 20:51:29 - [TEST_STEP][PASSED] - verifyTextPresent("Payment Type:", true): Text 'Payment Type:' is present on page  using regular expression

2024-11-07 20:51:29 - [MESSAGE][PASSED] - Text 'Payment Type:' is present on page  using regular expression

2024-11-07 20:51:29 - [TEST_STEP][PASSED] - verifyTextPresent("Quarterly Estimated Tax", true): Text 'Quarterly Estimated Tax' is present on page  using regular expression

2024-11-07 20:51:29 - [MESSAGE][PASSED] - Text 'Quarterly Estimated Tax' is present on page  using regular expression

2024-11-07 20:51:29 - [TEST_STEP][PASSED] - verifyTextPresent("Filing Year:", true): Text 'Filing Year:' is present on page  using regular expression

2024-11-07 20:51:30 - [MESSAGE][PASSED] - Text 'Filing Year:' is present on page  using regular expression

2024-11-07 20:51:30 - [TEST_STEP][PASSED] - verifyTextPresent(FilingYear, true): Text '2024' is present on page  using regular expression

2024-11-07 20:51:30 - [MESSAGE][PASSED] - Text '2024' is present on page  using regular expression

2024-11-07 20:51:30 - [TEST_STEP][PASSED] - verifyTextPresent("Period Ending:", true): Text 'Period Ending:' is present on page  using regular expression

2024-11-07 20:51:30 - [MESSAGE][PASSED] - Text 'Period Ending:' is present on page  using regular expression

2024-11-07 20:51:30 - [TEST_STEP][PASSED] - verifyTextPresent(PeriodEndingMonth, true): Text 'January' is present on page  using regular expression

2024-11-07 20:51:31 - [MESSAGE][PASSED] - Text 'January' is present on page  using regular expression

2024-11-07 20:51:31 - [TEST_STEP][PASSED] - verifyTextPresent("Payer Information", true): Text 'Payer Information' is present on page  using regular expression

2024-11-07 20:51:31 - [MESSAGE][PASSED] - Text 'Payer Information' is present on page  using regular expression

2024-11-07 20:51:31 - [TEST_STEP][PASSED] - verifyTextPresent("Taxpayer Name:", true): Text 'Taxpayer Name:' is present on page  using regular expression

2024-11-07 20:51:31 - [MESSAGE][PASSED] - Text 'Taxpayer Name:' is present on page  using regular expression

2024-11-07 20:51:31 - [TEST_STEP][PASSED] - verifyTextPresent("My Company", true): Text 'My Company' is present on page  using regular expression

2024-11-07 20:51:32 - [MESSAGE][PASSED] - Text 'My Company' is present on page  using regular expression

2024-11-07 20:51:32 - [TEST_STEP][PASSED] - verifyTextPresent("Business Rep Name:", true): Text 'Business Rep Name:' is present on page  using regular expression

2024-11-07 20:51:32 - [MESSAGE][PASSED] - Text 'Business Rep Name:' is present on page  using regular expression

2024-11-07 20:51:32 - [TEST_STEP][PASSED] - verifyTextPresent("BusRepFname BusRepLname", true): Text 'BusRepFname BusRepLname' is present on page  using regular expression

2024-11-07 20:51:32 - [MESSAGE][PASSED] - Text 'BusRepFname BusRepLname' is present on page  using regular expression

2024-11-07 20:51:32 - [TEST_STEP][PASSED] - verifyTextPresent("Taxpayer Address:", true): Text 'Taxpayer Address:' is present on page  using regular expression

2024-11-07 20:51:33 - [MESSAGE][PASSED] - Text 'Taxpayer Address:' is present on page  using regular expression

2024-11-07 20:51:33 - [TEST_STEP][PASSED] - verifyTextPresent("2508 Mandan Terrace Gambrills Maryland 21054", true): Text '2508 Mandan Terrace Gambrills Maryland 21054' is present on page  using regular expression

2024-11-07 20:51:33 - [MESSAGE][PASSED] - Text '2508 Mandan Terrace Gambrills Maryland 21054' is present on page  using regular expression

2024-11-07 20:51:33 - [TEST_STEP][PASSED] - verifyTextPresent("Email:", true): Text 'Email:' is present on page  using regular expression

2024-11-07 20:51:33 - [MESSAGE][PASSED] - Text 'Email:' is present on page  using regular expression

2024-11-07 20:51:33 - [TEST_STEP][PASSED] - verifyTextPresent("iahmed@govolution.com", true): Text 'iahmed@govolution.com' is present on page  using regular expression

2024-11-07 20:51:34 - [MESSAGE][PASSED] - Text 'iahmed@govolution.com' is present on page  using regular expression

2024-11-07 20:51:34 - [TEST_STEP][PASSED] - verifyTextPresent("Phone:", true): Text 'Phone:' is present on page  using regular expression

2024-11-07 20:51:34 - [MESSAGE][PASSED] - Text 'Phone:' is present on page  using regular expression

2024-11-07 20:51:34 - [TEST_STEP][PASSED] - verifyTextPresent("(703) 894-5000", false): Text '(703) 894-5000' is present on page 

2024-11-07 20:51:34 - [MESSAGE][PASSED] - Text '(703) 894-5000' is present on page 

2024-11-07 20:51:34 - [TEST_STEP][PASSED] - verifyTextPresent("Tax Information", true): Text 'Tax Information' is present on page  using regular expression

2024-11-07 20:51:35 - [MESSAGE][PASSED] - Text 'Tax Information' is present on page  using regular expression

2024-11-07 20:51:35 - [TEST_STEP][PASSED] - if (feinSSN.equalsIgnoreCase("Y")): Text 'XXXXX2690' is present on page  using regular expression

2024-11-07 20:51:35 - [TEST_STEP][PASSED] - verifyTextPresent("FEIN/SSN:", true): Text 'FEIN/SSN:' is present on page  using regular expression

2024-11-07 20:51:35 - [MESSAGE][PASSED] - Text 'FEIN/SSN:' is present on page  using regular expression

2024-11-07 20:51:35 - [TEST_STEP][PASSED] - verifyTextNotPresent("Federal EIN:", true): Text 'Federal EIN:' is not present on page using regular expression

2024-11-07 20:51:35 - [MESSAGE][PASSED] - Text 'Federal EIN:' is not present on page using regular expression

2024-11-07 20:51:35 - [TEST_STEP][PASSED] - verifyTextPresent("XXXXX2690", true): Text 'XXXXX2690' is present on page  using regular expression

2024-11-07 20:51:36 - [MESSAGE][PASSED] - Text 'XXXXX2690' is present on page  using regular expression

2024-11-07 20:51:36 - [TEST_STEP][PASSED] - verifyTextPresent("Payment Amount:", true): Text 'Payment Amount:' is present on page  using regular expression

2024-11-07 20:51:36 - [MESSAGE][PASSED] - Text 'Payment Amount:' is present on page  using regular expression

2024-11-07 20:51:36 - [TEST_STEP][PASSED] - verifyTextPresent("100.00", true): Text '100.00' is present on page  using regular expression

2024-11-07 20:51:36 - [MESSAGE][PASSED] - Text '100.00' is present on page  using regular expression

2024-11-07 20:51:36 - [TEST_STEP][PASSED] - if (verifyElementVisible(findTestObject(orPath_Summary + "/button_Proceed to Payment"))): null

2024-11-07 20:51:37 - [MESSAGE][PASSED] - Object 'Object Repository/RAD_Pages/Summary_Page/button_Proceed to Payment' is visible

2024-11-07 20:51:37 - [TEST_STEP][PASSED] - resText = "Pass": null

2024-11-07 20:51:37 - [TEST_STEP][PASSED] - pages.WriteExcel.demoKey(resText, datText, resColumn, datCloumn, fileLoc, nameSheet, row): pages.WriteExcel.demoKey is PASSED

2024-11-07 20:51:37 - [MESSAGE][PASSED] - pages.WriteExcel.demoKey is PASSED

2024-11-07 20:51:37 - [TEST_STEP][PASSED] - click(findTestObject(orPath_Summary + "/button_Proceed to Payment")): Object: 'Object Repository/RAD_Pages/Summary_Page/button_Proceed to Payment' is clicked on

2024-11-07 20:51:39 - [MESSAGE][PASSED] - Object: 'Object Repository/RAD_Pages/Summary_Page/button_Proceed to Payment' is clicked on

2024-11-07 20:51:39 - [TEST_STEP][PASSED] - verifyElementPresent(findTestObject("Object Repository/RAD_Pages/PaymentEntry_Page/input__billingName"), 30): Object 'Object Repository/RAD_Pages/PaymentEntry_Page/input__billingName' is present

2024-11-07 20:51:40 - [MESSAGE][PASSED] - Object 'Object Repository/RAD_Pages/PaymentEntry_Page/input__billingName' is present

2024-11-07 20:51:40 - [TEST_STEP][PASSED] - ExecuteTC = findTestData(dataFile).getValue("Execute", row): null

2024-11-07 20:51:40 - [TEST_STEP][PASSED] - TaxType = findTestData(dataFile).getValue("TaxType", row): null

2024-11-07 20:51:40 - [TEST_STEP][PASSED] - PaymentType = findTestData(dataFile).getValue("PaymentType", row): null

2024-11-07 20:51:40 - [TEST_STEP][PASSED] - FilingYear = findTestData(dataFile).getValue("Year", row): null

2024-11-07 20:51:40 - [TEST_STEP][PASSED] - PeriodEndingMonth = findTestData(dataFile).getValue("Month", row): null

2024-11-07 20:51:40 - [TEST_STEP][PASSED] - feinSSN = findTestData(dataFile).getValue("FeinSsn", row): null

2024-11-07 20:51:40 - [TEST_STEP][PASSED] - if (ExecuteTC.equalsIgnoreCase("Y")): Object 'Object Repository/RAD_Pages/PaymentEntry_Page/input__billingName' is present

2024-11-07 20:51:40 - [TEST_STEP][PASSED] - out.println("Begin Record Number: " + row): null

2024-11-07 20:51:40 - [TEST_STEP][PASSED] - today = new java.util.Date(): null

2024-11-07 20:51:40 - [TEST_STEP][PASSED] - println(today): null

2024-11-07 20:51:40 - [TEST_STEP][PASSED] - datText = today: null

2024-11-07 20:51:40 - [TEST_STEP][PASSED] - logInfo("Payment Type: Quarterly Estimated Tax"): Payment Type: Quarterly Estimated Tax

2024-11-07 20:51:40 - [MESSAGE][INFO] - Payment Type: Quarterly Estimated Tax

2024-11-07 20:51:40 - [TEST_STEP][PASSED] - logInfo("Tax Type: " + TaxType): Tax Type: PTE Tax Electing S Corp

2024-11-07 20:51:40 - [MESSAGE][INFO] - Tax Type: PTE Tax Electing S Corp

2024-11-07 20:51:40 - [TEST_STEP][PASSED] - openBrowser(""): Browser is opened with url: ''

2024-11-07 20:51:40 - [MESSAGE][WARNING] - A browser is already opened. Closing browser and opening a new one

2024-11-07 20:51:42 - [MESSAGE][INFO] - Starting 'Chrome' driver

2024-11-07 20:51:42 - [MESSAGE][INFO] - User set preference: ['acceptInsecureCerts', 'true']

2024-11-07 20:51:42 - [MESSAGE][INFO] - Action delay is set to 0 milliseconds

2024-11-07 20:51:44 - [MESSAGE][PASSED] - Browser is opened with url: ''

2024-11-07 20:51:44 - [TEST_STEP][PASSED] - maximizeWindow(): Current window maximized

2024-11-07 20:51:44 - [MESSAGE][PASSED] - Current window maximized

2024-11-07 20:51:44 - [TEST_STEP][PASSED] - navigateToUrl(RADurl): Navigate to 'https://www.velocitypayment.com/client/rad/index.html' successfully

2024-11-07 20:51:44 - [MESSAGE][PASSED] - Navigate to 'https://www.velocitypayment.com/client/rad/index.html' successfully

2024-11-07 20:51:44 - [TEST_STEP][PASSED] - selectOptionByLabel(findTestObject(orPath_Landing + "/dd_TaxType"), "Quarterly Estimated Tax", false): All options with label 'Quarterly Estimated Tax' are selected in object 'Object Repository/RAD_Pages/Landing_Page/dd_TaxType' 

2024-11-07 20:51:46 - [MESSAGE][PASSED] - All options with label 'Quarterly Estimated Tax' are selected in object 'Object Repository/RAD_Pages/Landing_Page/dd_TaxType' 

2024-11-07 20:51:46 - [TEST_STEP][PASSED] - selectOptionByLabel(findTestObject(orPath_TaxTypeFilingYear + "/select_PaymentType"), TaxType, false): All options with label 'PTE Tax Electing S Corp' are selected in object 'Object Repository/RAD_Pages/TaxTypeFilingYear_Page/select_PaymentType' 

2024-11-07 20:51:47 - [MESSAGE][PASSED] - All options with label 'PTE Tax Electing S Corp' are selected in object 'Object Repository/RAD_Pages/TaxTypeFilingYear_Page/select_PaymentType' 

2024-11-07 20:51:47 - [TEST_STEP][PASSED] - selectOptionByLabel(findTestObject(orPath_TaxTypeFilingYear + "/select_FilingYear"), FilingYear, false): All options with label '2024' are selected in object 'Object Repository/RAD_Pages/TaxTypeFilingYear_Page/select_FilingYear' 

2024-11-07 20:51:48 - [MESSAGE][PASSED] - All options with label '2024' are selected in object 'Object Repository/RAD_Pages/TaxTypeFilingYear_Page/select_FilingYear' 

2024-11-07 20:51:48 - [TEST_STEP][PASSED] - selectOptionByLabel(findTestObject(orPath_TaxTypeFilingYear + "/select_PeriodEnding"), PeriodEndingMonth, false): All options with label 'December' are selected in object 'Object Repository/RAD_Pages/TaxTypeFilingYear_Page/select_PeriodEnding' 

2024-11-07 20:51:48 - [MESSAGE][PASSED] - All options with label 'December' are selected in object 'Object Repository/RAD_Pages/TaxTypeFilingYear_Page/select_PeriodEnding' 

2024-11-07 20:51:48 - [TEST_STEP][PASSED] - rad.getSetDataRAD.setDataRADBusinessName(): rad.getSetDataRAD.setDataRADBusinessName is PASSED

2024-11-07 20:51:49 - [MESSAGE][PASSED] - Text 'My Company' is set on object 'Object Repository/RAD_Pages/Taxpayer_Page/input_businessName'

2024-11-07 20:51:49 - [MESSAGE][PASSED] - rad.getSetDataRAD.setDataRADBusinessName is PASSED

2024-11-07 20:51:49 - [TEST_STEP][PASSED] - rad.getSetDataRAD.setDataRADBusinessRep(): rad.getSetDataRAD.setDataRADBusinessRep is PASSED

2024-11-07 20:51:50 - [MESSAGE][PASSED] - Text 'BusRepFname' is set on object 'Object Repository/RAD_Pages/Taxpayer_Page/input_BusinessRepfirstName'

2024-11-07 20:51:51 - [MESSAGE][PASSED] - Text '' is set on object 'Object Repository/RAD_Pages/Taxpayer_Page/input_BusinessRepmiddleName'

2024-11-07 20:51:52 - [MESSAGE][PASSED] - Text 'BusRepLname' is set on object 'Object Repository/RAD_Pages/Taxpayer_Page/input_BusinessReplastName'

2024-11-07 20:51:52 - [MESSAGE][PASSED] - Text '' is set on object 'Object Repository/RAD_Pages/Taxpayer_Page/input_BusinessRepsuffix'

2024-11-07 20:51:52 - [MESSAGE][PASSED] - rad.getSetDataRAD.setDataRADBusinessRep is PASSED

2024-11-07 20:51:52 - [TEST_STEP][PASSED] - rad.getSetDataRAD.setDataRADAddress(): rad.getSetDataRAD.setDataRADAddress is PASSED

2024-11-07 20:51:53 - [MESSAGE][PASSED] - All options with label 'United States' are selected in object 'Object Repository/RAD_Pages/AddressAndContactInfo_Page/select_Country' 

2024-11-07 20:51:54 - [MESSAGE][PASSED] - Text '2508 Mandan Terrace' is set on object 'Object Repository/RAD_Pages/AddressAndContactInfo_Page/input_streetAddress1'

2024-11-07 20:51:55 - [MESSAGE][PASSED] - Text '' is set on object 'Object Repository/RAD_Pages/AddressAndContactInfo_Page/input_streetAddress2'

2024-11-07 20:51:55 - [MESSAGE][PASSED] - Text 'Gambrills' is set on object 'Object Repository/RAD_Pages/AddressAndContactInfo_Page/input_city'

2024-11-07 20:51:56 - [MESSAGE][PASSED] - All options with label 'Maryland' are selected in object 'Object Repository/RAD_Pages/AddressAndContactInfo_Page/select_State' 

2024-11-07 20:51:57 - [MESSAGE][PASSED] - Text '21054' is set on object 'Object Repository/RAD_Pages/AddressAndContactInfo_Page/input_zipCode'

2024-11-07 20:51:58 - [MESSAGE][PASSED] - Text '(703) 894-5000' is set on object 'Object Repository/RAD_Pages/AddressAndContactInfo_Page/input_phoneNumber'

2024-11-07 20:51:59 - [MESSAGE][PASSED] - Text 'iahmed@govolution.com' is set on object 'Object Repository/RAD_Pages/AddressAndContactInfo_Page/input_eMailAddress'

2024-11-07 20:52:00 - [MESSAGE][PASSED] - Text 'iahmed@govolution.com' is set on object 'Object Repository/RAD_Pages/AddressAndContactInfo_Page/input_reEnterEMailAddress'

2024-11-07 20:52:00 - [MESSAGE][PASSED] - rad.getSetDataRAD.setDataRADAddress is PASSED

2024-11-07 20:52:00 - [TEST_STEP][PASSED] - if (feinSSN.equalsIgnoreCase("Y")): Text ****** has been set on object 'Object Repository/RAD_Pages/TaxInfo_Page/input_TaxInfo_RetypeFeinSsn_New_2'

2024-11-07 20:52:00 - [TEST_STEP][PASSED] - setEncryptedText(findTestObject(orPath_TaxInfo + "/input_TaxInfo_FeinSsn_New_2"), "z9YBWxGcVPxtlZ7P2Sn0PQ=="): Text ****** has been set on object 'Object Repository/RAD_Pages/TaxInfo_Page/input_TaxInfo_FeinSsn_New_2'

2024-11-07 20:52:00 - [MESSAGE][PASSED] - Text ****** has been set on object 'Object Repository/RAD_Pages/TaxInfo_Page/input_TaxInfo_FeinSsn_New_2'

2024-11-07 20:52:00 - [TEST_STEP][PASSED] - setEncryptedText(findTestObject(orPath_TaxInfo + "/input_TaxInfo_RetypeFeinSsn_New_2"), "z9YBWxGcVPxtlZ7P2Sn0PQ=="): Text ****** has been set on object 'Object Repository/RAD_Pages/TaxInfo_Page/input_TaxInfo_RetypeFeinSsn_New_2'

2024-11-07 20:52:01 - [MESSAGE][PASSED] - Text ****** has been set on object 'Object Repository/RAD_Pages/TaxInfo_Page/input_TaxInfo_RetypeFeinSsn_New_2'

2024-11-07 20:52:01 - [TEST_STEP][PASSED] - setText(findTestObject(orPath_Amount + "/input__paymentAmount"), "100.00"): Text '100.00' is set on object 'Object Repository/RAD_Pages/PaymentAmount_Page/input__paymentAmount'

2024-11-07 20:52:01 - [MESSAGE][PASSED] - Text '100.00' is set on object 'Object Repository/RAD_Pages/PaymentAmount_Page/input__paymentAmount'

2024-11-07 20:52:01 - [TEST_STEP][PASSED] - setText(findTestObject(orPath_AddressContact + "/input_streetAddress2"), ""): Text '' is set on object 'Object Repository/RAD_Pages/AddressAndContactInfo_Page/input_streetAddress2'

2024-11-07 20:52:02 - [MESSAGE][PASSED] - Text '' is set on object 'Object Repository/RAD_Pages/AddressAndContactInfo_Page/input_streetAddress2'

2024-11-07 20:52:02 - [TEST_STEP][PASSED] - scrollToElement(findTestObject(orPath_Landing + "/button_Continue"), 3): Scroll to object 'Object Repository/RAD_Pages/Landing_Page/button_Continue' successfully

2024-11-07 20:52:03 - [MESSAGE][PASSED] - Scroll to object 'Object Repository/RAD_Pages/Landing_Page/button_Continue' successfully

2024-11-07 20:52:03 - [TEST_STEP][PASSED] - waitForElementClickable(findTestObject(orPath_Landing + "/button_Continue"), 5): Object 'Object Repository/RAD_Pages/Landing_Page/button_Continue' is clickable

2024-11-07 20:52:03 - [MESSAGE][PASSED] - Object 'Object Repository/RAD_Pages/Landing_Page/button_Continue' is clickable

2024-11-07 20:52:03 - [TEST_STEP][PASSED] - click(findTestObject(orPath_Landing + "/button_Continue")): Object: 'Object Repository/RAD_Pages/Landing_Page/button_Continue' is clicked on

2024-11-07 20:52:03 - [MESSAGE][PASSED] - Object: 'Object Repository/RAD_Pages/Landing_Page/button_Continue' is clicked on

2024-11-07 20:52:03 - [TEST_STEP][PASSED] - delay(2): Delayed 2 second(s)

2024-11-07 20:52:05 - [MESSAGE][PASSED] - Delayed 2 second(s)

2024-11-07 20:52:05 - [TEST_STEP][PASSED] - verifyTextPresent("Summary", true): Text 'Summary' is present on page  using regular expression

2024-11-07 20:52:06 - [MESSAGE][PASSED] - Text 'Summary' is present on page  using regular expression

2024-11-07 20:52:06 - [TEST_STEP][PASSED] - verifyTextPresent("Review the information below and make any necessary corrections by clicking the", true): Text 'Review the information below and make any necessary corrections by clicking the' is present on page  using regular expression

2024-11-07 20:52:06 - [MESSAGE][PASSED] - Text 'Review the information below and make any necessary corrections by clicking the' is present on page  using regular expression

2024-11-07 20:52:06 - [TEST_STEP][PASSED] - verifyTextPresent("When you are confident that all the information is correct, click the", true): Text 'When you are confident that all the information is correct, click the' is present on page  using regular expression

2024-11-07 20:52:06 - [MESSAGE][PASSED] - Text 'When you are confident that all the information is correct, click the' is present on page  using regular expression

2024-11-07 20:52:06 - [TEST_STEP][PASSED] - verifyTextPresent("Payment Type/Filing Year", true): Text 'Payment Type/Filing Year' is present on page  using regular expression

2024-11-07 20:52:07 - [MESSAGE][PASSED] - Text 'Payment Type/Filing Year' is present on page  using regular expression

2024-11-07 20:52:07 - [TEST_STEP][PASSED] - verifyTextPresent("Payment Type:", true): Text 'Payment Type:' is present on page  using regular expression

2024-11-07 20:52:07 - [MESSAGE][PASSED] - Text 'Payment Type:' is present on page  using regular expression

2024-11-07 20:52:07 - [TEST_STEP][PASSED] - verifyTextPresent("Quarterly Estimated Tax", true): Text 'Quarterly Estimated Tax' is present on page  using regular expression

2024-11-07 20:52:07 - [MESSAGE][PASSED] - Text 'Quarterly Estimated Tax' is present on page  using regular expression

2024-11-07 20:52:07 - [TEST_STEP][PASSED] - verifyTextPresent("Filing Year:", true): Text 'Filing Year:' is present on page  using regular expression

2024-11-07 20:52:08 - [MESSAGE][PASSED] - Text 'Filing Year:' is present on page  using regular expression

2024-11-07 20:52:08 - [TEST_STEP][PASSED] - verifyTextPresent(FilingYear, true): Text '2024' is present on page  using regular expression

2024-11-07 20:52:08 - [MESSAGE][PASSED] - Text '2024' is present on page  using regular expression

2024-11-07 20:52:08 - [TEST_STEP][PASSED] - verifyTextPresent("Period Ending:", true): Text 'Period Ending:' is present on page  using regular expression

2024-11-07 20:52:08 - [MESSAGE][PASSED] - Text 'Period Ending:' is present on page  using regular expression

2024-11-07 20:52:08 - [TEST_STEP][PASSED] - verifyTextPresent(PeriodEndingMonth, true): Text 'December' is present on page  using regular expression

2024-11-07 20:52:09 - [MESSAGE][PASSED] - Text 'December' is present on page  using regular expression

2024-11-07 20:52:09 - [TEST_STEP][PASSED] - verifyTextPresent("Payer Information", true): Text 'Payer Information' is present on page  using regular expression

2024-11-07 20:52:09 - [MESSAGE][PASSED] - Text 'Payer Information' is present on page  using regular expression

2024-11-07 20:52:09 - [TEST_STEP][PASSED] - verifyTextPresent("Taxpayer Name:", true): Text 'Taxpayer Name:' is present on page  using regular expression

2024-11-07 20:52:09 - [MESSAGE][PASSED] - Text 'Taxpayer Name:' is present on page  using regular expression

2024-11-07 20:52:09 - [TEST_STEP][PASSED] - verifyTextPresent("My Company", true): Text 'My Company' is present on page  using regular expression

2024-11-07 20:52:10 - [MESSAGE][PASSED] - Text 'My Company' is present on page  using regular expression

2024-11-07 20:52:10 - [TEST_STEP][PASSED] - verifyTextPresent("Business Rep Name:", true): Text 'Business Rep Name:' is present on page  using regular expression

2024-11-07 20:52:10 - [MESSAGE][PASSED] - Text 'Business Rep Name:' is present on page  using regular expression

2024-11-07 20:52:10 - [TEST_STEP][PASSED] - verifyTextPresent("BusRepFname BusRepLname", true): Text 'BusRepFname BusRepLname' is present on page  using regular expression

2024-11-07 20:52:10 - [MESSAGE][PASSED] - Text 'BusRepFname BusRepLname' is present on page  using regular expression

2024-11-07 20:52:10 - [TEST_STEP][PASSED] - verifyTextPresent("Taxpayer Address:", true): Text 'Taxpayer Address:' is present on page  using regular expression

2024-11-07 20:52:11 - [MESSAGE][PASSED] - Text 'Taxpayer Address:' is present on page  using regular expression

2024-11-07 20:52:11 - [TEST_STEP][PASSED] - verifyTextPresent("2508 Mandan Terrace Gambrills Maryland 21054", true): Text '2508 Mandan Terrace Gambrills Maryland 21054' is present on page  using regular expression

2024-11-07 20:52:11 - [MESSAGE][PASSED] - Text '2508 Mandan Terrace Gambrills Maryland 21054' is present on page  using regular expression

2024-11-07 20:52:11 - [TEST_STEP][PASSED] - verifyTextPresent("Email:", true): Text 'Email:' is present on page  using regular expression

2024-11-07 20:52:11 - [MESSAGE][PASSED] - Text 'Email:' is present on page  using regular expression

2024-11-07 20:52:11 - [TEST_STEP][PASSED] - verifyTextPresent("iahmed@govolution.com", true): Text 'iahmed@govolution.com' is present on page  using regular expression

2024-11-07 20:52:12 - [MESSAGE][PASSED] - Text 'iahmed@govolution.com' is present on page  using regular expression

2024-11-07 20:52:12 - [TEST_STEP][PASSED] - verifyTextPresent("Phone:", true): Text 'Phone:' is present on page  using regular expression

2024-11-07 20:52:12 - [MESSAGE][PASSED] - Text 'Phone:' is present on page  using regular expression

2024-11-07 20:52:12 - [TEST_STEP][PASSED] - verifyTextPresent("(703) 894-5000", false): Text '(703) 894-5000' is present on page 

2024-11-07 20:52:12 - [MESSAGE][PASSED] - Text '(703) 894-5000' is present on page 

2024-11-07 20:52:12 - [TEST_STEP][PASSED] - verifyTextPresent("Tax Information", true): Text 'Tax Information' is present on page  using regular expression

2024-11-07 20:52:12 - [MESSAGE][PASSED] - Text 'Tax Information' is present on page  using regular expression

2024-11-07 20:52:12 - [TEST_STEP][PASSED] - if (feinSSN.equalsIgnoreCase("Y")): Text 'XXXXX2690' is present on page  using regular expression

2024-11-07 20:52:12 - [TEST_STEP][PASSED] - verifyTextPresent("FEIN/SSN:", true): Text 'FEIN/SSN:' is present on page  using regular expression

2024-11-07 20:52:13 - [MESSAGE][PASSED] - Text 'FEIN/SSN:' is present on page  using regular expression

2024-11-07 20:52:13 - [TEST_STEP][PASSED] - verifyTextNotPresent("Federal EIN:", true): Text 'Federal EIN:' is not present on page using regular expression

2024-11-07 20:52:13 - [MESSAGE][PASSED] - Text 'Federal EIN:' is not present on page using regular expression

2024-11-07 20:52:13 - [TEST_STEP][PASSED] - verifyTextPresent("XXXXX2690", true): Text 'XXXXX2690' is present on page  using regular expression

2024-11-07 20:52:13 - [MESSAGE][PASSED] - Text 'XXXXX2690' is present on page  using regular expression

2024-11-07 20:52:13 - [TEST_STEP][PASSED] - verifyTextPresent("Payment Amount:", true): Text 'Payment Amount:' is present on page  using regular expression

2024-11-07 20:52:14 - [MESSAGE][PASSED] - Text 'Payment Amount:' is present on page  using regular expression

2024-11-07 20:52:14 - [TEST_STEP][PASSED] - verifyTextPresent("100.00", true): Text '100.00' is present on page  using regular expression

2024-11-07 20:52:14 - [MESSAGE][PASSED] - Text '100.00' is present on page  using regular expression

2024-11-07 20:52:14 - [TEST_STEP][PASSED] - if (verifyElementVisible(findTestObject(orPath_Summary + "/button_Proceed to Payment"))): null

2024-11-07 20:52:14 - [MESSAGE][PASSED] - Object 'Object Repository/RAD_Pages/Summary_Page/button_Proceed to Payment' is visible

2024-11-07 20:52:14 - [TEST_STEP][PASSED] - resText = "Pass": null

2024-11-07 20:52:14 - [TEST_STEP][PASSED] - pages.WriteExcel.demoKey(resText, datText, resColumn, datCloumn, fileLoc, nameSheet, row): pages.WriteExcel.demoKey is PASSED

2024-11-07 20:52:15 - [MESSAGE][PASSED] - pages.WriteExcel.demoKey is PASSED

2024-11-07 20:52:15 - [TEST_STEP][PASSED] - click(findTestObject(orPath_Summary + "/button_Proceed to Payment")): Object: 'Object Repository/RAD_Pages/Summary_Page/button_Proceed to Payment' is clicked on

2024-11-07 20:52:19 - [MESSAGE][PASSED] - Object: 'Object Repository/RAD_Pages/Summary_Page/button_Proceed to Payment' is clicked on

2024-11-07 20:52:19 - [TEST_STEP][PASSED] - verifyElementPresent(findTestObject("Object Repository/RAD_Pages/PaymentEntry_Page/input__billingName"), 30): Object 'Object Repository/RAD_Pages/PaymentEntry_Page/input__billingName' is present

2024-11-07 20:52:20 - [MESSAGE][PASSED] - Object 'Object Repository/RAD_Pages/PaymentEntry_Page/input__billingName' is present]]></system-out>
         <system-err><![CDATA[]]></system-err>
      </testcase>
      <testcase name="Test Cases/RAD_TestCases/Summary_TestCases/Existing_Summary_TC" time="763.357" classname="Test Cases/RAD_TestCases/Summary_TestCases/Existing_Summary_TC" status="PASSED">
         <system-out><![CDATA[2024-11-07 20:52:20 - [TEST_CASE][PASSED] - Test Cases/RAD_TestCases/Summary_TestCases/Existing_Summary_TC: Test Cases/RAD_TestCases/Summary_TestCases/Existing_Summary_TC

2024-11-07 20:52:21 - [TEST_STEP][PASSED] - resText = "Fail": null

2024-11-07 20:52:21 - [TEST_STEP][PASSED] - resColumn = "Result": null

2024-11-07 20:52:21 - [TEST_STEP][PASSED] - datCloumn = "Date": null

2024-11-07 20:52:21 - [TEST_STEP][PASSED] - fileLoc = "KatalonData/RADTestData/Summary.xlsx": null

2024-11-07 20:52:21 - [TEST_STEP][PASSED] - nameSheet = "Existing": null

2024-11-07 20:52:21 - [TEST_STEP][PASSED] - dataFile = "RADTestData/Summary_Existing": null

2024-11-07 20:52:21 - [TEST_STEP][PASSED] - orPath_Landing = "Object Repository/RAD_Pages/Landing_Page": null

2024-11-07 20:52:21 - [TEST_STEP][PASSED] - orPath_TaxTypeFilingYear = "Object Repository/RAD_Pages/TaxTypeFilingYear_Page": null

2024-11-07 20:52:21 - [TEST_STEP][PASSED] - orPath_Amount = "Object Repository/RAD_Pages/PaymentAmount_Page": null

2024-11-07 20:52:21 - [TEST_STEP][PASSED] - orPath_AddressContact = "Object Repository/RAD_Pages/AddressAndContactInfo_Page": null

2024-11-07 20:52:21 - [TEST_STEP][PASSED] - orPath_Summary = "Object Repository/RAD_Pages/Summary_Page": null

2024-11-07 20:52:21 - [TEST_STEP][PASSED] - orPath_PaymentConfirmation = "Object Repository/RAD_Pages/PaymentConfirmation_Page": null

2024-11-07 20:52:21 - [TEST_STEP][PASSED] - orPath_ServiceFeesAccept = "Object Repository/RAD_Pages/ServiceFeeAccept_Page": null

2024-11-07 20:52:21 - [TEST_STEP][PASSED] - orPath_PaymentEntry = "Object Repository/RAD_Pages/PaymentEntry_Page": null

2024-11-07 20:52:21 - [TEST_STEP][PASSED] - orPath_TaxInfo = "Object Repository/RAD_Pages/TaxInfo_Page": null

2024-11-07 20:52:21 - [TEST_STEP][PASSED] - ExecuteTC = <not implemented yet for class: org.codehaus.groovy.ast.expr.EmptyExpression>: null

2024-11-07 20:52:21 - [TEST_STEP][PASSED] - TaxType = <not implemented yet for class: org.codehaus.groovy.ast.expr.EmptyExpression>: null

2024-11-07 20:52:21 - [TEST_STEP][PASSED] - PaymentType = <not implemented yet for class: org.codehaus.groovy.ast.expr.EmptyExpression>: null

2024-11-07 20:52:21 - [TEST_STEP][PASSED] - FilingYear = <not implemented yet for class: org.codehaus.groovy.ast.expr.EmptyExpression>: null

2024-11-07 20:52:21 - [TEST_STEP][PASSED] - PeriodEndingMonth = <not implemented yet for class: org.codehaus.groovy.ast.expr.EmptyExpression>: null

2024-11-07 20:52:21 - [TEST_STEP][PASSED] - feinSsn = <not implemented yet for class: org.codehaus.groovy.ast.expr.EmptyExpression>: null

2024-11-07 20:52:21 - [TEST_STEP][PASSED] - CRN = <not implemented yet for class: org.codehaus.groovy.ast.expr.EmptyExpression>: null

2024-11-07 20:52:21 - [TEST_STEP][PASSED] - MFLicNum = <not implemented yet for class: org.codehaus.groovy.ast.expr.EmptyExpression>: null

2024-11-07 20:52:21 - [TEST_STEP][PASSED] - numOfRows = findTestData(dataFile).getRowNumbers(): null

2024-11-07 20:52:21 - [TEST_STEP][PASSED] - println("Number of Records: " + numOfRows): null

2024-11-07 20:52:21 - [TEST_STEP][PASSED] - for ([row = 1, row <= numOfRows, (row++)]): Object 'Object Repository/RAD_Pages/PaymentEntry_Page/input__billingName' is present

2024-11-07 20:52:21 - [TEST_STEP][PASSED] - ExecuteTC = findTestData(dataFile).getValue("Execute", row): null

2024-11-07 20:52:21 - [TEST_STEP][PASSED] - TaxType = findTestData(dataFile).getValue("TaxType", row): null

2024-11-07 20:52:21 - [TEST_STEP][PASSED] - PaymentType = findTestData(dataFile).getValue("PaymentType", row): null

2024-11-07 20:52:21 - [TEST_STEP][PASSED] - feinSsn = findTestData(dataFile).getValue("FEINSSN", row): null

2024-11-07 20:52:21 - [TEST_STEP][PASSED] - CRN = findTestData(dataFile).getValue("CRN", row): null

2024-11-07 20:52:21 - [TEST_STEP][PASSED] - MFLicNum = findTestData(dataFile).getValue("MFLicNum", row): null

2024-11-07 20:52:21 - [TEST_STEP][PASSED] - if (ExecuteTC.equalsIgnoreCase("Y")): Object 'Object Repository/RAD_Pages/PaymentEntry_Page/input__billingName' is present

2024-11-07 20:52:21 - [TEST_STEP][PASSED] - out.println("Begin Record Number: " + row): null

2024-11-07 20:52:21 - [TEST_STEP][PASSED] - today = new java.util.Date(): null

2024-11-07 20:52:21 - [TEST_STEP][PASSED] - println(today): null

2024-11-07 20:52:21 - [TEST_STEP][PASSED] - datText = today: null

2024-11-07 20:52:21 - [TEST_STEP][PASSED] - logInfo("Payment Type: Existing Liability with Notice/Invoice Number"): Payment Type: Existing Liability with Notice/Invoice Number

2024-11-07 20:52:21 - [MESSAGE][INFO] - Payment Type: Existing Liability with Notice/Invoice Number

2024-11-07 20:52:21 - [TEST_STEP][PASSED] - logInfo("Tax Type: " + TaxType): Tax Type: Bay Restoration Fee

2024-11-07 20:52:21 - [MESSAGE][INFO] - Tax Type: Bay Restoration Fee

2024-11-07 20:52:21 - [TEST_STEP][PASSED] - openBrowser(""): Browser is opened with url: ''

2024-11-07 20:52:21 - [MESSAGE][WARNING] - A browser is already opened. Closing browser and opening a new one

2024-11-07 20:52:23 - [MESSAGE][INFO] - Starting 'Chrome' driver

2024-11-07 20:52:23 - [MESSAGE][INFO] - User set preference: ['acceptInsecureCerts', 'true']

2024-11-07 20:52:23 - [MESSAGE][INFO] - Action delay is set to 0 milliseconds

2024-11-07 20:52:25 - [MESSAGE][PASSED] - Browser is opened with url: ''

2024-11-07 20:52:25 - [TEST_STEP][PASSED] - maximizeWindow(): Current window maximized

2024-11-07 20:52:25 - [MESSAGE][PASSED] - Current window maximized

2024-11-07 20:52:25 - [TEST_STEP][PASSED] - navigateToUrl(RADurl): Navigate to 'https://www.velocitypayment.com/client/rad/index.html' successfully

2024-11-07 20:52:26 - [MESSAGE][PASSED] - Navigate to 'https://www.velocitypayment.com/client/rad/index.html' successfully

2024-11-07 20:52:26 - [TEST_STEP][PASSED] - selectOptionByLabel(findTestObject(orPath_Landing + "/dd_TaxType"), "Existing Liability with Notice/Invoice Number", false): All options with label 'Existing Liability with Notice/Invoice Number' are selected in object 'Object Repository/RAD_Pages/Landing_Page/dd_TaxType' 

2024-11-07 20:52:27 - [MESSAGE][PASSED] - All options with label 'Existing Liability with Notice/Invoice Number' are selected in object 'Object Repository/RAD_Pages/Landing_Page/dd_TaxType' 

2024-11-07 20:52:27 - [TEST_STEP][PASSED] - selectOptionByLabel(findTestObject(orPath_TaxTypeFilingYear + "/select_TaxType_ExistingLiability"), TaxType, false): All options with label 'Bay Restoration Fee' are selected in object 'Object Repository/RAD_Pages/TaxTypeFilingYear_Page/select_TaxType_ExistingLiability' 

2024-11-07 20:52:28 - [MESSAGE][PASSED] - All options with label 'Bay Restoration Fee' are selected in object 'Object Repository/RAD_Pages/TaxTypeFilingYear_Page/select_TaxType_ExistingLiability' 

2024-11-07 20:52:28 - [TEST_STEP][PASSED] - rad.getSetDataRAD.setDataRADBusinessName(): rad.getSetDataRAD.setDataRADBusinessName is PASSED

2024-11-07 20:52:29 - [MESSAGE][PASSED] - Text 'My Company' is set on object 'Object Repository/RAD_Pages/Taxpayer_Page/input_businessName'

2024-11-07 20:52:29 - [MESSAGE][PASSED] - rad.getSetDataRAD.setDataRADBusinessName is PASSED

2024-11-07 20:52:29 - [TEST_STEP][PASSED] - rad.getSetDataRAD.setDataRADBusinessRep(): rad.getSetDataRAD.setDataRADBusinessRep is PASSED

2024-11-07 20:52:30 - [MESSAGE][PASSED] - Text 'BusRepFname' is set on object 'Object Repository/RAD_Pages/Taxpayer_Page/input_BusinessRepfirstName'

2024-11-07 20:52:30 - [MESSAGE][PASSED] - Text '' is set on object 'Object Repository/RAD_Pages/Taxpayer_Page/input_BusinessRepmiddleName'

2024-11-07 20:52:31 - [MESSAGE][PASSED] - Text 'BusRepLname' is set on object 'Object Repository/RAD_Pages/Taxpayer_Page/input_BusinessReplastName'

2024-11-07 20:52:32 - [MESSAGE][PASSED] - Text '' is set on object 'Object Repository/RAD_Pages/Taxpayer_Page/input_BusinessRepsuffix'

2024-11-07 20:52:32 - [MESSAGE][PASSED] - rad.getSetDataRAD.setDataRADBusinessRep is PASSED

2024-11-07 20:52:32 - [TEST_STEP][PASSED] - rad.getSetDataRAD.setDataRADAddress(): rad.getSetDataRAD.setDataRADAddress is PASSED

2024-11-07 20:52:32 - [MESSAGE][PASSED] - All options with label 'United States' are selected in object 'Object Repository/RAD_Pages/AddressAndContactInfo_Page/select_Country' 

2024-11-07 20:52:33 - [MESSAGE][PASSED] - Text '2508 Mandan Terrace' is set on object 'Object Repository/RAD_Pages/AddressAndContactInfo_Page/input_streetAddress1'

2024-11-07 20:52:34 - [MESSAGE][PASSED] - Text '' is set on object 'Object Repository/RAD_Pages/AddressAndContactInfo_Page/input_streetAddress2'

2024-11-07 20:52:35 - [MESSAGE][PASSED] - Text 'Gambrills' is set on object 'Object Repository/RAD_Pages/AddressAndContactInfo_Page/input_city'

2024-11-07 20:52:35 - [MESSAGE][PASSED] - All options with label 'Maryland' are selected in object 'Object Repository/RAD_Pages/AddressAndContactInfo_Page/select_State' 

2024-11-07 20:52:36 - [MESSAGE][PASSED] - Text '21054' is set on object 'Object Repository/RAD_Pages/AddressAndContactInfo_Page/input_zipCode'

2024-11-07 20:52:37 - [MESSAGE][PASSED] - Text '(703) 894-5000' is set on object 'Object Repository/RAD_Pages/AddressAndContactInfo_Page/input_phoneNumber'

2024-11-07 20:52:38 - [MESSAGE][PASSED] - Text 'iahmed@govolution.com' is set on object 'Object Repository/RAD_Pages/AddressAndContactInfo_Page/input_eMailAddress'

2024-11-07 20:52:39 - [MESSAGE][PASSED] - Text 'iahmed@govolution.com' is set on object 'Object Repository/RAD_Pages/AddressAndContactInfo_Page/input_reEnterEMailAddress'

2024-11-07 20:52:39 - [MESSAGE][PASSED] - rad.getSetDataRAD.setDataRADAddress is PASSED

2024-11-07 20:52:39 - [TEST_STEP][PASSED] - if (feinSsn.equalsIgnoreCase("Y")): null

2024-11-07 20:52:39 - [TEST_STEP][PASSED] - else: Text ****** has been set on object 'Object Repository/RAD_Pages/TaxInfo_Page/input_concat(id(, , data, , ))_Data (1)'

2024-11-07 20:52:39 - [TEST_STEP][PASSED] - setEncryptedText(findTestObject("Object Repository/RAD_Pages/TaxInfo_Page/input_concat(id(, , data, , ))_Data"), "px0FNUagnh7G/CVR/QiY+A=="): Text ****** has been set on object 'Object Repository/RAD_Pages/TaxInfo_Page/input_concat(id(, , data, , ))_Data'

2024-11-07 20:52:40 - [MESSAGE][PASSED] - Text ****** has been set on object 'Object Repository/RAD_Pages/TaxInfo_Page/input_concat(id(, , data, , ))_Data'

2024-11-07 20:52:40 - [TEST_STEP][PASSED] - setEncryptedText(findTestObject("Object Repository/RAD_Pages/TaxInfo_Page/input_concat(id(, , data, , ))_Data (1)"), "px0FNUagnh7G/CVR/QiY+A=="): Text ****** has been set on object 'Object Repository/RAD_Pages/TaxInfo_Page/input_concat(id(, , data, , ))_Data (1)'

2024-11-07 20:52:40 - [MESSAGE][PASSED] - Text ****** has been set on object 'Object Repository/RAD_Pages/TaxInfo_Page/input_concat(id(, , data, , ))_Data (1)'

2024-11-07 20:52:40 - [TEST_STEP][PASSED] - rad.getSetDataRAD.setDataRADNoticeInvoiceThirteen(): rad.getSetDataRAD.setDataRADNoticeInvoiceThirteen is PASSED

2024-11-07 20:52:41 - [MESSAGE][PASSED] - Text '1234567890123' is set on object 'Object Repository/RAD_Pages/TaxInfo_Page/input_NoticeInvoiceNumber'

2024-11-07 20:52:42 - [MESSAGE][PASSED] - Text '1234567890123' is set on object 'Object Repository/RAD_Pages/TaxInfo_Page/input_reTypeNoticeInvoiceNumber'

2024-11-07 20:52:42 - [MESSAGE][PASSED] - rad.getSetDataRAD.setDataRADNoticeInvoiceThirteen is PASSED

2024-11-07 20:52:42 - [TEST_STEP][PASSED] - if (MFLicNum.equalsIgnoreCase("Y")): null

2024-11-07 20:52:42 - [TEST_STEP][PASSED] - if (CRN.equalsIgnoreCase("Y")): null

2024-11-07 20:52:42 - [TEST_STEP][PASSED] - setText(findTestObject(orPath_Amount + "/input__paymentAmount"), "100.00"): Text '100.00' is set on object 'Object Repository/RAD_Pages/PaymentAmount_Page/input__paymentAmount'

2024-11-07 20:52:43 - [MESSAGE][PASSED] - Text '100.00' is set on object 'Object Repository/RAD_Pages/PaymentAmount_Page/input__paymentAmount'

2024-11-07 20:52:43 - [TEST_STEP][PASSED] - setText(findTestObject(orPath_AddressContact + "/input_streetAddress2"), ""): Text '' is set on object 'Object Repository/RAD_Pages/AddressAndContactInfo_Page/input_streetAddress2'

2024-11-07 20:52:44 - [MESSAGE][PASSED] - Text '' is set on object 'Object Repository/RAD_Pages/AddressAndContactInfo_Page/input_streetAddress2'

2024-11-07 20:52:44 - [TEST_STEP][PASSED] - scrollToElement(findTestObject(orPath_Landing + "/button_Continue"), 3): Scroll to object 'Object Repository/RAD_Pages/Landing_Page/button_Continue' successfully

2024-11-07 20:52:44 - [MESSAGE][PASSED] - Scroll to object 'Object Repository/RAD_Pages/Landing_Page/button_Continue' successfully

2024-11-07 20:52:44 - [TEST_STEP][PASSED] - waitForElementClickable(findTestObject(orPath_Landing + "/button_Continue"), 5): Object 'Object Repository/RAD_Pages/Landing_Page/button_Continue' is clickable

2024-11-07 20:52:44 - [MESSAGE][PASSED] - Object 'Object Repository/RAD_Pages/Landing_Page/button_Continue' is clickable

2024-11-07 20:52:44 - [TEST_STEP][PASSED] - click(findTestObject(orPath_Landing + "/button_Continue")): Object: 'Object Repository/RAD_Pages/Landing_Page/button_Continue' is clicked on

2024-11-07 20:52:45 - [MESSAGE][PASSED] - Object: 'Object Repository/RAD_Pages/Landing_Page/button_Continue' is clicked on

2024-11-07 20:52:45 - [TEST_STEP][PASSED] - delay(2): Delayed 2 second(s)

2024-11-07 20:52:47 - [MESSAGE][PASSED] - Delayed 2 second(s)

2024-11-07 20:52:47 - [TEST_STEP][PASSED] - verifyTextPresent("Summary", true): Text 'Summary' is present on page  using regular expression

2024-11-07 20:52:47 - [MESSAGE][PASSED] - Text 'Summary' is present on page  using regular expression

2024-11-07 20:52:47 - [TEST_STEP][PASSED] - verifyTextPresent("Review the information below and make any necessary corrections by clicking the", true): Text 'Review the information below and make any necessary corrections by clicking the' is present on page  using regular expression

2024-11-07 20:52:47 - [MESSAGE][PASSED] - Text 'Review the information below and make any necessary corrections by clicking the' is present on page  using regular expression

2024-11-07 20:52:47 - [TEST_STEP][PASSED] - verifyTextPresent("When you are confident that all the information is correct, click the", true): Text 'When you are confident that all the information is correct, click the' is present on page  using regular expression

2024-11-07 20:52:48 - [MESSAGE][PASSED] - Text 'When you are confident that all the information is correct, click the' is present on page  using regular expression

2024-11-07 20:52:48 - [TEST_STEP][PASSED] - verifyTextPresent("Payment Type/Filing Year", true): Text 'Payment Type/Filing Year' is present on page  using regular expression

2024-11-07 20:52:48 - [MESSAGE][PASSED] - Text 'Payment Type/Filing Year' is present on page  using regular expression

2024-11-07 20:52:48 - [TEST_STEP][PASSED] - verifyTextPresent("Payment Type:", true): Text 'Payment Type:' is present on page  using regular expression

2024-11-07 20:52:48 - [MESSAGE][PASSED] - Text 'Payment Type:' is present on page  using regular expression

2024-11-07 20:52:48 - [TEST_STEP][PASSED] - verifyTextPresent("Existing Liability with Notice/Invoice Number", true): Text 'Existing Liability with Notice/Invoice Number' is present on page  using regular expression

2024-11-07 20:52:49 - [MESSAGE][PASSED] - Text 'Existing Liability with Notice/Invoice Number' is present on page  using regular expression

2024-11-07 20:52:49 - [TEST_STEP][PASSED] - verifyTextPresent("Payer Information", true): Text 'Payer Information' is present on page  using regular expression

2024-11-07 20:52:49 - [MESSAGE][PASSED] - Text 'Payer Information' is present on page  using regular expression

2024-11-07 20:52:49 - [TEST_STEP][PASSED] - verifyTextPresent("Taxpayer Name:", true): Text 'Taxpayer Name:' is present on page  using regular expression

2024-11-07 20:52:49 - [MESSAGE][PASSED] - Text 'Taxpayer Name:' is present on page  using regular expression

2024-11-07 20:52:49 - [TEST_STEP][PASSED] - if (!(TaxType.equalsIgnoreCase("Sales & Use Tax"))): Text 'My Company' is present on page  using regular expression

2024-11-07 20:52:49 - [TEST_STEP][PASSED] - verifyTextPresent("My Company", true): Text 'My Company' is present on page  using regular expression

2024-11-07 20:52:50 - [MESSAGE][PASSED] - Text 'My Company' is present on page  using regular expression

2024-11-07 20:52:50 - [TEST_STEP][PASSED] - verifyTextPresent("Business Rep Name:", true): Text 'Business Rep Name:' is present on page  using regular expression

2024-11-07 20:52:50 - [MESSAGE][PASSED] - Text 'Business Rep Name:' is present on page  using regular expression

2024-11-07 20:52:50 - [TEST_STEP][PASSED] - verifyTextPresent("BusRepFname BusRepLname", true): Text 'BusRepFname BusRepLname' is present on page  using regular expression

2024-11-07 20:52:50 - [MESSAGE][PASSED] - Text 'BusRepFname BusRepLname' is present on page  using regular expression

2024-11-07 20:52:50 - [TEST_STEP][PASSED] - verifyTextPresent("Taxpayer Address:", true): Text 'Taxpayer Address:' is present on page  using regular expression

2024-11-07 20:52:51 - [MESSAGE][PASSED] - Text 'Taxpayer Address:' is present on page  using regular expression

2024-11-07 20:52:51 - [TEST_STEP][PASSED] - verifyTextPresent("2508 Mandan Terrace Gambrills Maryland 21054", true): Text '2508 Mandan Terrace Gambrills Maryland 21054' is present on page  using regular expression

2024-11-07 20:52:51 - [MESSAGE][PASSED] - Text '2508 Mandan Terrace Gambrills Maryland 21054' is present on page  using regular expression

2024-11-07 20:52:51 - [TEST_STEP][PASSED] - verifyTextPresent("Email:", true): Text 'Email:' is present on page  using regular expression

2024-11-07 20:52:51 - [MESSAGE][PASSED] - Text 'Email:' is present on page  using regular expression

2024-11-07 20:52:51 - [TEST_STEP][PASSED] - verifyTextPresent("iahmed@govolution.com", true): Text 'iahmed@govolution.com' is present on page  using regular expression

2024-11-07 20:52:52 - [MESSAGE][PASSED] - Text 'iahmed@govolution.com' is present on page  using regular expression

2024-11-07 20:52:52 - [TEST_STEP][PASSED] - verifyTextPresent("Phone:", true): Text 'Phone:' is present on page  using regular expression

2024-11-07 20:52:52 - [MESSAGE][PASSED] - Text 'Phone:' is present on page  using regular expression

2024-11-07 20:52:52 - [TEST_STEP][PASSED] - verifyTextPresent("(703) 894-5000", false): Text '(703) 894-5000' is present on page 

2024-11-07 20:52:52 - [MESSAGE][PASSED] - Text '(703) 894-5000' is present on page 

2024-11-07 20:52:52 - [TEST_STEP][PASSED] - verifyTextPresent("Tax Information", true): Text 'Tax Information' is present on page  using regular expression

2024-11-07 20:52:53 - [MESSAGE][PASSED] - Text 'Tax Information' is present on page  using regular expression

2024-11-07 20:52:53 - [TEST_STEP][PASSED] - if (feinSsn.equalsIgnoreCase("Y")): null

2024-11-07 20:52:53 - [TEST_STEP][PASSED] - else: Text 'FEIN/SSN:' is not present on page using regular expression

2024-11-07 20:52:53 - [TEST_STEP][PASSED] - verifyTextPresent("Federal EIN:", true): Text 'Federal EIN:' is present on page  using regular expression

2024-11-07 20:52:53 - [MESSAGE][PASSED] - Text 'Federal EIN:' is present on page  using regular expression

2024-11-07 20:52:53 - [TEST_STEP][PASSED] - verifyTextNotPresent("FEIN/SSN:", true): Text 'FEIN/SSN:' is not present on page using regular expression

2024-11-07 20:52:53 - [MESSAGE][PASSED] - Text 'FEIN/SSN:' is not present on page using regular expression

2024-11-07 20:52:53 - [TEST_STEP][PASSED] - verifyTextPresent("XXXXX0532", true): Text 'XXXXX0532' is present on page  using regular expression

2024-11-07 20:52:54 - [MESSAGE][PASSED] - Text 'XXXXX0532' is present on page  using regular expression

2024-11-07 20:52:54 - [TEST_STEP][PASSED] - verifyTextPresent("Notice Or Invoice Number:", true): Text 'Notice Or Invoice Number:' is present on page  using regular expression

2024-11-07 20:52:54 - [MESSAGE][PASSED] - Text 'Notice Or Invoice Number:' is present on page  using regular expression

2024-11-07 20:52:54 - [TEST_STEP][PASSED] - verifyTextPresent("1234567890123", true): Text '1234567890123' is present on page  using regular expression

2024-11-07 20:52:54 - [MESSAGE][PASSED] - Text '1234567890123' is present on page  using regular expression

2024-11-07 20:52:54 - [TEST_STEP][PASSED] - verifyTextPresent("Tax Type:", true): Text 'Tax Type:' is present on page  using regular expression

2024-11-07 20:52:54 - [MESSAGE][PASSED] - Text 'Tax Type:' is present on page  using regular expression

2024-11-07 20:52:54 - [TEST_STEP][PASSED] - verifyTextPresent(TaxType, true): Text 'Bay Restoration Fee' is present on page  using regular expression

2024-11-07 20:52:55 - [MESSAGE][PASSED] - Text 'Bay Restoration Fee' is present on page  using regular expression

2024-11-07 20:52:55 - [TEST_STEP][PASSED] - if (CRN.equalsIgnoreCase("Y")): null

2024-11-07 20:52:55 - [TEST_STEP][PASSED] - if (MFLicNum.equalsIgnoreCase("Y")): null

2024-11-07 20:52:55 - [TEST_STEP][PASSED] - verifyTextPresent("Payment Amount:", true): Text 'Payment Amount:' is present on page  using regular expression

2024-11-07 20:52:55 - [MESSAGE][PASSED] - Text 'Payment Amount:' is present on page  using regular expression

2024-11-07 20:52:55 - [TEST_STEP][PASSED] - verifyTextPresent("100.00", true): Text '100.00' is present on page  using regular expression

2024-11-07 20:52:55 - [MESSAGE][PASSED] - Text '100.00' is present on page  using regular expression

2024-11-07 20:52:55 - [TEST_STEP][PASSED] - if (verifyElementVisible(findTestObject(orPath_Summary + "/button_Proceed to Payment"))): null

2024-11-07 20:52:56 - [MESSAGE][PASSED] - Object 'Object Repository/RAD_Pages/Summary_Page/button_Proceed to Payment' is visible

2024-11-07 20:52:56 - [TEST_STEP][PASSED] - resText = "Pass": null

2024-11-07 20:52:56 - [TEST_STEP][PASSED] - pages.WriteExcel.demoKey(resText, datText, resColumn, datCloumn, fileLoc, nameSheet, row): pages.WriteExcel.demoKey is PASSED

2024-11-07 20:52:56 - [MESSAGE][PASSED] - pages.WriteExcel.demoKey is PASSED

2024-11-07 20:52:56 - [TEST_STEP][PASSED] - click(findTestObject(orPath_Summary + "/button_Proceed to Payment")): Object: 'Object Repository/RAD_Pages/Summary_Page/button_Proceed to Payment' is clicked on

2024-11-07 20:52:59 - [MESSAGE][PASSED] - Object: 'Object Repository/RAD_Pages/Summary_Page/button_Proceed to Payment' is clicked on

2024-11-07 20:52:59 - [TEST_STEP][PASSED] - verifyElementPresent(findTestObject("Object Repository/RAD_Pages/PaymentEntry_Page/input__billingName"), 30): Object 'Object Repository/RAD_Pages/PaymentEntry_Page/input__billingName' is present

2024-11-07 20:52:59 - [MESSAGE][PASSED] - Object 'Object Repository/RAD_Pages/PaymentEntry_Page/input__billingName' is present

2024-11-07 20:52:59 - [TEST_STEP][PASSED] - ExecuteTC = findTestData(dataFile).getValue("Execute", row): null

2024-11-07 20:52:59 - [TEST_STEP][PASSED] - TaxType = findTestData(dataFile).getValue("TaxType", row): null

2024-11-07 20:52:59 - [TEST_STEP][PASSED] - PaymentType = findTestData(dataFile).getValue("PaymentType", row): null

2024-11-07 20:52:59 - [TEST_STEP][PASSED] - feinSsn = findTestData(dataFile).getValue("FEINSSN", row): null

2024-11-07 20:52:59 - [TEST_STEP][PASSED] - CRN = findTestData(dataFile).getValue("CRN", row): null

2024-11-07 20:52:59 - [TEST_STEP][PASSED] - MFLicNum = findTestData(dataFile).getValue("MFLicNum", row): null

2024-11-07 20:52:59 - [TEST_STEP][PASSED] - if (ExecuteTC.equalsIgnoreCase("Y")): Object 'Object Repository/RAD_Pages/PaymentEntry_Page/input__billingName' is present

2024-11-07 20:52:59 - [TEST_STEP][PASSED] - out.println("Begin Record Number: " + row): null

2024-11-07 20:52:59 - [TEST_STEP][PASSED] - today = new java.util.Date(): null

2024-11-07 20:52:59 - [TEST_STEP][PASSED] - println(today): null

2024-11-07 20:52:59 - [TEST_STEP][PASSED] - datText = today: null

2024-11-07 20:52:59 - [TEST_STEP][PASSED] - logInfo("Payment Type: Existing Liability with Notice/Invoice Number"): Payment Type: Existing Liability with Notice/Invoice Number

2024-11-07 20:52:59 - [MESSAGE][INFO] - Payment Type: Existing Liability with Notice/Invoice Number

2024-11-07 20:52:59 - [TEST_STEP][PASSED] - logInfo("Tax Type: " + TaxType): Tax Type: Corporate Income Tax

2024-11-07 20:52:59 - [MESSAGE][INFO] - Tax Type: Corporate Income Tax

2024-11-07 20:52:59 - [TEST_STEP][PASSED] - openBrowser(""): Browser is opened with url: ''

2024-11-07 20:52:59 - [MESSAGE][WARNING] - A browser is already opened. Closing browser and opening a new one

2024-11-07 20:53:01 - [MESSAGE][INFO] - Starting 'Chrome' driver

2024-11-07 20:53:01 - [MESSAGE][INFO] - User set preference: ['acceptInsecureCerts', 'true']

2024-11-07 20:53:01 - [MESSAGE][INFO] - Action delay is set to 0 milliseconds

2024-11-07 20:53:03 - [MESSAGE][PASSED] - Browser is opened with url: ''

2024-11-07 20:53:03 - [TEST_STEP][PASSED] - maximizeWindow(): Current window maximized

2024-11-07 20:53:03 - [MESSAGE][PASSED] - Current window maximized

2024-11-07 20:53:03 - [TEST_STEP][PASSED] - navigateToUrl(RADurl): Navigate to 'https://www.velocitypayment.com/client/rad/index.html' successfully

2024-11-07 20:53:05 - [MESSAGE][PASSED] - Navigate to 'https://www.velocitypayment.com/client/rad/index.html' successfully

2024-11-07 20:53:05 - [TEST_STEP][PASSED] - selectOptionByLabel(findTestObject(orPath_Landing + "/dd_TaxType"), "Existing Liability with Notice/Invoice Number", false): All options with label 'Existing Liability with Notice/Invoice Number' are selected in object 'Object Repository/RAD_Pages/Landing_Page/dd_TaxType' 

2024-11-07 20:53:06 - [MESSAGE][PASSED] - All options with label 'Existing Liability with Notice/Invoice Number' are selected in object 'Object Repository/RAD_Pages/Landing_Page/dd_TaxType' 

2024-11-07 20:53:06 - [TEST_STEP][PASSED] - selectOptionByLabel(findTestObject(orPath_TaxTypeFilingYear + "/select_TaxType_ExistingLiability"), TaxType, false): All options with label 'Corporate Income Tax' are selected in object 'Object Repository/RAD_Pages/TaxTypeFilingYear_Page/select_TaxType_ExistingLiability' 

2024-11-07 20:53:07 - [MESSAGE][PASSED] - All options with label 'Corporate Income Tax' are selected in object 'Object Repository/RAD_Pages/TaxTypeFilingYear_Page/select_TaxType_ExistingLiability' 

2024-11-07 20:53:07 - [TEST_STEP][PASSED] - rad.getSetDataRAD.setDataRADBusinessName(): rad.getSetDataRAD.setDataRADBusinessName is PASSED

2024-11-07 20:53:08 - [MESSAGE][PASSED] - Text 'My Company' is set on object 'Object Repository/RAD_Pages/Taxpayer_Page/input_businessName'

2024-11-07 20:53:08 - [MESSAGE][PASSED] - rad.getSetDataRAD.setDataRADBusinessName is PASSED

2024-11-07 20:53:08 - [TEST_STEP][PASSED] - rad.getSetDataRAD.setDataRADBusinessRep(): rad.getSetDataRAD.setDataRADBusinessRep is PASSED

2024-11-07 20:53:09 - [MESSAGE][PASSED] - Text 'BusRepFname' is set on object 'Object Repository/RAD_Pages/Taxpayer_Page/input_BusinessRepfirstName'

2024-11-07 20:53:09 - [MESSAGE][PASSED] - Text '' is set on object 'Object Repository/RAD_Pages/Taxpayer_Page/input_BusinessRepmiddleName'

2024-11-07 20:53:10 - [MESSAGE][PASSED] - Text 'BusRepLname' is set on object 'Object Repository/RAD_Pages/Taxpayer_Page/input_BusinessReplastName'

2024-11-07 20:53:11 - [MESSAGE][PASSED] - Text '' is set on object 'Object Repository/RAD_Pages/Taxpayer_Page/input_BusinessRepsuffix'

2024-11-07 20:53:11 - [MESSAGE][PASSED] - rad.getSetDataRAD.setDataRADBusinessRep is PASSED

2024-11-07 20:53:11 - [TEST_STEP][PASSED] - rad.getSetDataRAD.setDataRADAddress(): rad.getSetDataRAD.setDataRADAddress is PASSED

2024-11-07 20:53:11 - [MESSAGE][PASSED] - All options with label 'United States' are selected in object 'Object Repository/RAD_Pages/AddressAndContactInfo_Page/select_Country' 

2024-11-07 20:53:12 - [MESSAGE][PASSED] - Text '2508 Mandan Terrace' is set on object 'Object Repository/RAD_Pages/AddressAndContactInfo_Page/input_streetAddress1'

2024-11-07 20:53:13 - [MESSAGE][PASSED] - Text '' is set on object 'Object Repository/RAD_Pages/AddressAndContactInfo_Page/input_streetAddress2'

2024-11-07 20:53:14 - [MESSAGE][PASSED] - Text 'Gambrills' is set on object 'Object Repository/RAD_Pages/AddressAndContactInfo_Page/input_city'

2024-11-07 20:53:15 - [MESSAGE][PASSED] - All options with label 'Maryland' are selected in object 'Object Repository/RAD_Pages/AddressAndContactInfo_Page/select_State' 

2024-11-07 20:53:15 - [MESSAGE][PASSED] - Text '21054' is set on object 'Object Repository/RAD_Pages/AddressAndContactInfo_Page/input_zipCode'

2024-11-07 20:53:16 - [MESSAGE][PASSED] - Text '(703) 894-5000' is set on object 'Object Repository/RAD_Pages/AddressAndContactInfo_Page/input_phoneNumber'

2024-11-07 20:53:17 - [MESSAGE][PASSED] - Text 'iahmed@govolution.com' is set on object 'Object Repository/RAD_Pages/AddressAndContactInfo_Page/input_eMailAddress'

2024-11-07 20:53:18 - [MESSAGE][PASSED] - Text 'iahmed@govolution.com' is set on object 'Object Repository/RAD_Pages/AddressAndContactInfo_Page/input_reEnterEMailAddress'

2024-11-07 20:53:18 - [MESSAGE][PASSED] - rad.getSetDataRAD.setDataRADAddress is PASSED

2024-11-07 20:53:18 - [TEST_STEP][PASSED] - if (feinSsn.equalsIgnoreCase("Y")): null

2024-11-07 20:53:18 - [TEST_STEP][PASSED] - else: Text ****** has been set on object 'Object Repository/RAD_Pages/TaxInfo_Page/input_concat(id(, , data, , ))_Data (1)'

2024-11-07 20:53:18 - [TEST_STEP][PASSED] - setEncryptedText(findTestObject("Object Repository/RAD_Pages/TaxInfo_Page/input_concat(id(, , data, , ))_Data"), "px0FNUagnh7G/CVR/QiY+A=="): Text ****** has been set on object 'Object Repository/RAD_Pages/TaxInfo_Page/input_concat(id(, , data, , ))_Data'

2024-11-07 20:53:19 - [MESSAGE][PASSED] - Text ****** has been set on object 'Object Repository/RAD_Pages/TaxInfo_Page/input_concat(id(, , data, , ))_Data'

2024-11-07 20:53:19 - [TEST_STEP][PASSED] - setEncryptedText(findTestObject("Object Repository/RAD_Pages/TaxInfo_Page/input_concat(id(, , data, , ))_Data (1)"), "px0FNUagnh7G/CVR/QiY+A=="): Text ****** has been set on object 'Object Repository/RAD_Pages/TaxInfo_Page/input_concat(id(, , data, , ))_Data (1)'

2024-11-07 20:53:19 - [MESSAGE][PASSED] - Text ****** has been set on object 'Object Repository/RAD_Pages/TaxInfo_Page/input_concat(id(, , data, , ))_Data (1)'

2024-11-07 20:53:19 - [TEST_STEP][PASSED] - rad.getSetDataRAD.setDataRADNoticeInvoiceThirteen(): rad.getSetDataRAD.setDataRADNoticeInvoiceThirteen is PASSED

2024-11-07 20:53:20 - [MESSAGE][PASSED] - Text '1234567890123' is set on object 'Object Repository/RAD_Pages/TaxInfo_Page/input_NoticeInvoiceNumber'

2024-11-07 20:53:21 - [MESSAGE][PASSED] - Text '1234567890123' is set on object 'Object Repository/RAD_Pages/TaxInfo_Page/input_reTypeNoticeInvoiceNumber'

2024-11-07 20:53:21 - [MESSAGE][PASSED] - rad.getSetDataRAD.setDataRADNoticeInvoiceThirteen is PASSED

2024-11-07 20:53:21 - [TEST_STEP][PASSED] - if (MFLicNum.equalsIgnoreCase("Y")): null

2024-11-07 20:53:21 - [TEST_STEP][PASSED] - if (CRN.equalsIgnoreCase("Y")): null

2024-11-07 20:53:21 - [TEST_STEP][PASSED] - setText(findTestObject(orPath_Amount + "/input__paymentAmount"), "100.00"): Text '100.00' is set on object 'Object Repository/RAD_Pages/PaymentAmount_Page/input__paymentAmount'

2024-11-07 20:53:22 - [MESSAGE][PASSED] - Text '100.00' is set on object 'Object Repository/RAD_Pages/PaymentAmount_Page/input__paymentAmount'

2024-11-07 20:53:22 - [TEST_STEP][PASSED] - setText(findTestObject(orPath_AddressContact + "/input_streetAddress2"), ""): Text '' is set on object 'Object Repository/RAD_Pages/AddressAndContactInfo_Page/input_streetAddress2'

2024-11-07 20:53:22 - [MESSAGE][PASSED] - Text '' is set on object 'Object Repository/RAD_Pages/AddressAndContactInfo_Page/input_streetAddress2'

2024-11-07 20:53:22 - [TEST_STEP][PASSED] - scrollToElement(findTestObject(orPath_Landing + "/button_Continue"), 3): Scroll to object 'Object Repository/RAD_Pages/Landing_Page/button_Continue' successfully

2024-11-07 20:53:23 - [MESSAGE][PASSED] - Scroll to object 'Object Repository/RAD_Pages/Landing_Page/button_Continue' successfully

2024-11-07 20:53:23 - [TEST_STEP][PASSED] - waitForElementClickable(findTestObject(orPath_Landing + "/button_Continue"), 5): Object 'Object Repository/RAD_Pages/Landing_Page/button_Continue' is clickable

2024-11-07 20:53:23 - [MESSAGE][PASSED] - Object 'Object Repository/RAD_Pages/Landing_Page/button_Continue' is clickable

2024-11-07 20:53:23 - [TEST_STEP][PASSED] - click(findTestObject(orPath_Landing + "/button_Continue")): Object: 'Object Repository/RAD_Pages/Landing_Page/button_Continue' is clicked on

2024-11-07 20:53:24 - [MESSAGE][PASSED] - Object: 'Object Repository/RAD_Pages/Landing_Page/button_Continue' is clicked on

2024-11-07 20:53:24 - [TEST_STEP][PASSED] - delay(2): Delayed 2 second(s)

2024-11-07 20:53:26 - [MESSAGE][PASSED] - Delayed 2 second(s)

2024-11-07 20:53:26 - [TEST_STEP][PASSED] - verifyTextPresent("Summary", true): Text 'Summary' is present on page  using regular expression

2024-11-07 20:53:26 - [MESSAGE][PASSED] - Text 'Summary' is present on page  using regular expression

2024-11-07 20:53:26 - [TEST_STEP][PASSED] - verifyTextPresent("Review the information below and make any necessary corrections by clicking the", true): Text 'Review the information below and make any necessary corrections by clicking the' is present on page  using regular expression

2024-11-07 20:53:26 - [MESSAGE][PASSED] - Text 'Review the information below and make any necessary corrections by clicking the' is present on page  using regular expression

2024-11-07 20:53:26 - [TEST_STEP][PASSED] - verifyTextPresent("When you are confident that all the information is correct, click the", true): Text 'When you are confident that all the information is correct, click the' is present on page  using regular expression

2024-11-07 20:53:27 - [MESSAGE][PASSED] - Text 'When you are confident that all the information is correct, click the' is present on page  using regular expression

2024-11-07 20:53:27 - [TEST_STEP][PASSED] - verifyTextPresent("Payment Type/Filing Year", true): Text 'Payment Type/Filing Year' is present on page  using regular expression

2024-11-07 20:53:27 - [MESSAGE][PASSED] - Text 'Payment Type/Filing Year' is present on page  using regular expression

2024-11-07 20:53:27 - [TEST_STEP][PASSED] - verifyTextPresent("Payment Type:", true): Text 'Payment Type:' is present on page  using regular expression

2024-11-07 20:53:27 - [MESSAGE][PASSED] - Text 'Payment Type:' is present on page  using regular expression

2024-11-07 20:53:27 - [TEST_STEP][PASSED] - verifyTextPresent("Existing Liability with Notice/Invoice Number", true): Text 'Existing Liability with Notice/Invoice Number' is present on page  using regular expression

2024-11-07 20:53:28 - [MESSAGE][PASSED] - Text 'Existing Liability with Notice/Invoice Number' is present on page  using regular expression

2024-11-07 20:53:28 - [TEST_STEP][PASSED] - verifyTextPresent("Payer Information", true): Text 'Payer Information' is present on page  using regular expression

2024-11-07 20:53:28 - [MESSAGE][PASSED] - Text 'Payer Information' is present on page  using regular expression

2024-11-07 20:53:28 - [TEST_STEP][PASSED] - verifyTextPresent("Taxpayer Name:", true): Text 'Taxpayer Name:' is present on page  using regular expression

2024-11-07 20:53:28 - [MESSAGE][PASSED] - Text 'Taxpayer Name:' is present on page  using regular expression

2024-11-07 20:53:28 - [TEST_STEP][PASSED] - if (!(TaxType.equalsIgnoreCase("Sales & Use Tax"))): Text 'My Company' is present on page  using regular expression

2024-11-07 20:53:28 - [TEST_STEP][PASSED] - verifyTextPresent("My Company", true): Text 'My Company' is present on page  using regular expression

2024-11-07 20:53:29 - [MESSAGE][PASSED] - Text 'My Company' is present on page  using regular expression

2024-11-07 20:53:29 - [TEST_STEP][PASSED] - verifyTextPresent("Business Rep Name:", true): Text 'Business Rep Name:' is present on page  using regular expression

2024-11-07 20:53:29 - [MESSAGE][PASSED] - Text 'Business Rep Name:' is present on page  using regular expression

2024-11-07 20:53:29 - [TEST_STEP][PASSED] - verifyTextPresent("BusRepFname BusRepLname", true): Text 'BusRepFname BusRepLname' is present on page  using regular expression

2024-11-07 20:53:29 - [MESSAGE][PASSED] - Text 'BusRepFname BusRepLname' is present on page  using regular expression

2024-11-07 20:53:29 - [TEST_STEP][PASSED] - verifyTextPresent("Taxpayer Address:", true): Text 'Taxpayer Address:' is present on page  using regular expression

2024-11-07 20:53:30 - [MESSAGE][PASSED] - Text 'Taxpayer Address:' is present on page  using regular expression

2024-11-07 20:53:30 - [TEST_STEP][PASSED] - verifyTextPresent("2508 Mandan Terrace Gambrills Maryland 21054", true): Text '2508 Mandan Terrace Gambrills Maryland 21054' is present on page  using regular expression

2024-11-07 20:53:30 - [MESSAGE][PASSED] - Text '2508 Mandan Terrace Gambrills Maryland 21054' is present on page  using regular expression

2024-11-07 20:53:30 - [TEST_STEP][PASSED] - verifyTextPresent("Email:", true): Text 'Email:' is present on page  using regular expression

2024-11-07 20:53:30 - [MESSAGE][PASSED] - Text 'Email:' is present on page  using regular expression

2024-11-07 20:53:30 - [TEST_STEP][PASSED] - verifyTextPresent("iahmed@govolution.com", true): Text 'iahmed@govolution.com' is present on page  using regular expression

2024-11-07 20:53:30 - [MESSAGE][PASSED] - Text 'iahmed@govolution.com' is present on page  using regular expression

2024-11-07 20:53:30 - [TEST_STEP][PASSED] - verifyTextPresent("Phone:", true): Text 'Phone:' is present on page  using regular expression

2024-11-07 20:53:31 - [MESSAGE][PASSED] - Text 'Phone:' is present on page  using regular expression

2024-11-07 20:53:31 - [TEST_STEP][PASSED] - verifyTextPresent("(703) 894-5000", false): Text '(703) 894-5000' is present on page 

2024-11-07 20:53:31 - [MESSAGE][PASSED] - Text '(703) 894-5000' is present on page 

2024-11-07 20:53:31 - [TEST_STEP][PASSED] - verifyTextPresent("Tax Information", true): Text 'Tax Information' is present on page  using regular expression

2024-11-07 20:53:31 - [MESSAGE][PASSED] - Text 'Tax Information' is present on page  using regular expression

2024-11-07 20:53:31 - [TEST_STEP][PASSED] - if (feinSsn.equalsIgnoreCase("Y")): null

2024-11-07 20:53:31 - [TEST_STEP][PASSED] - else: Text 'FEIN/SSN:' is not present on page using regular expression

2024-11-07 20:53:31 - [TEST_STEP][PASSED] - verifyTextPresent("Federal EIN:", true): Text 'Federal EIN:' is present on page  using regular expression

2024-11-07 20:53:32 - [MESSAGE][PASSED] - Text 'Federal EIN:' is present on page  using regular expression

2024-11-07 20:53:32 - [TEST_STEP][PASSED] - verifyTextNotPresent("FEIN/SSN:", true): Text 'FEIN/SSN:' is not present on page using regular expression

2024-11-07 20:53:32 - [MESSAGE][PASSED] - Text 'FEIN/SSN:' is not present on page using regular expression

2024-11-07 20:53:32 - [TEST_STEP][PASSED] - verifyTextPresent("XXXXX0532", true): Text 'XXXXX0532' is present on page  using regular expression

2024-11-07 20:53:32 - [MESSAGE][PASSED] - Text 'XXXXX0532' is present on page  using regular expression

2024-11-07 20:53:32 - [TEST_STEP][PASSED] - verifyTextPresent("Notice Or Invoice Number:", true): Text 'Notice Or Invoice Number:' is present on page  using regular expression

2024-11-07 20:53:33 - [MESSAGE][PASSED] - Text 'Notice Or Invoice Number:' is present on page  using regular expression

2024-11-07 20:53:33 - [TEST_STEP][PASSED] - verifyTextPresent("1234567890123", true): Text '1234567890123' is present on page  using regular expression

2024-11-07 20:53:33 - [MESSAGE][PASSED] - Text '1234567890123' is present on page  using regular expression

2024-11-07 20:53:33 - [TEST_STEP][PASSED] - verifyTextPresent("Tax Type:", true): Text 'Tax Type:' is present on page  using regular expression

2024-11-07 20:53:33 - [MESSAGE][PASSED] - Text 'Tax Type:' is present on page  using regular expression

2024-11-07 20:53:33 - [TEST_STEP][PASSED] - verifyTextPresent(TaxType, true): Text 'Corporate Income Tax' is present on page  using regular expression

2024-11-07 20:53:34 - [MESSAGE][PASSED] - Text 'Corporate Income Tax' is present on page  using regular expression

2024-11-07 20:53:34 - [TEST_STEP][PASSED] - if (CRN.equalsIgnoreCase("Y")): null

2024-11-07 20:53:34 - [TEST_STEP][PASSED] - if (MFLicNum.equalsIgnoreCase("Y")): null

2024-11-07 20:53:34 - [TEST_STEP][PASSED] - verifyTextPresent("Payment Amount:", true): Text 'Payment Amount:' is present on page  using regular expression

2024-11-07 20:53:34 - [MESSAGE][PASSED] - Text 'Payment Amount:' is present on page  using regular expression

2024-11-07 20:53:34 - [TEST_STEP][PASSED] - verifyTextPresent("100.00", true): Text '100.00' is present on page  using regular expression

2024-11-07 20:53:34 - [MESSAGE][PASSED] - Text '100.00' is present on page  using regular expression

2024-11-07 20:53:34 - [TEST_STEP][PASSED] - if (verifyElementVisible(findTestObject(orPath_Summary + "/button_Proceed to Payment"))): null

2024-11-07 20:53:35 - [MESSAGE][PASSED] - Object 'Object Repository/RAD_Pages/Summary_Page/button_Proceed to Payment' is visible

2024-11-07 20:53:35 - [TEST_STEP][PASSED] - resText = "Pass": null

2024-11-07 20:53:35 - [TEST_STEP][PASSED] - pages.WriteExcel.demoKey(resText, datText, resColumn, datCloumn, fileLoc, nameSheet, row): pages.WriteExcel.demoKey is PASSED

2024-11-07 20:53:35 - [MESSAGE][PASSED] - pages.WriteExcel.demoKey is PASSED

2024-11-07 20:53:35 - [TEST_STEP][PASSED] - click(findTestObject(orPath_Summary + "/button_Proceed to Payment")): Object: 'Object Repository/RAD_Pages/Summary_Page/button_Proceed to Payment' is clicked on

2024-11-07 20:53:38 - [MESSAGE][PASSED] - Object: 'Object Repository/RAD_Pages/Summary_Page/button_Proceed to Payment' is clicked on

2024-11-07 20:53:38 - [TEST_STEP][PASSED] - verifyElementPresent(findTestObject("Object Repository/RAD_Pages/PaymentEntry_Page/input__billingName"), 30): Object 'Object Repository/RAD_Pages/PaymentEntry_Page/input__billingName' is present

2024-11-07 20:53:39 - [MESSAGE][PASSED] - Object 'Object Repository/RAD_Pages/PaymentEntry_Page/input__billingName' is present

2024-11-07 20:53:39 - [TEST_STEP][PASSED] - ExecuteTC = findTestData(dataFile).getValue("Execute", row): null

2024-11-07 20:53:39 - [TEST_STEP][PASSED] - TaxType = findTestData(dataFile).getValue("TaxType", row): null

2024-11-07 20:53:39 - [TEST_STEP][PASSED] - PaymentType = findTestData(dataFile).getValue("PaymentType", row): null

2024-11-07 20:53:39 - [TEST_STEP][PASSED] - feinSsn = findTestData(dataFile).getValue("FEINSSN", row): null

2024-11-07 20:53:39 - [TEST_STEP][PASSED] - CRN = findTestData(dataFile).getValue("CRN", row): null

2024-11-07 20:53:39 - [TEST_STEP][PASSED] - MFLicNum = findTestData(dataFile).getValue("MFLicNum", row): null

2024-11-07 20:53:39 - [TEST_STEP][PASSED] - if (ExecuteTC.equalsIgnoreCase("Y")): Object 'Object Repository/RAD_Pages/PaymentEntry_Page/input__billingName' is present

2024-11-07 20:53:39 - [TEST_STEP][PASSED] - out.println("Begin Record Number: " + row): null

2024-11-07 20:53:39 - [TEST_STEP][PASSED] - today = new java.util.Date(): null

2024-11-07 20:53:39 - [TEST_STEP][PASSED] - println(today): null

2024-11-07 20:53:39 - [TEST_STEP][PASSED] - datText = today: null

2024-11-07 20:53:39 - [TEST_STEP][PASSED] - logInfo("Payment Type: Existing Liability with Notice/Invoice Number"): Payment Type: Existing Liability with Notice/Invoice Number

2024-11-07 20:53:39 - [MESSAGE][INFO] - Payment Type: Existing Liability with Notice/Invoice Number

2024-11-07 20:53:39 - [TEST_STEP][PASSED] - logInfo("Tax Type: " + TaxType): Tax Type: Fiduciary Tax

2024-11-07 20:53:39 - [MESSAGE][INFO] - Tax Type: Fiduciary Tax

2024-11-07 20:53:39 - [TEST_STEP][PASSED] - openBrowser(""): Browser is opened with url: ''

2024-11-07 20:53:39 - [MESSAGE][WARNING] - A browser is already opened. Closing browser and opening a new one

2024-11-07 20:53:41 - [MESSAGE][INFO] - Starting 'Chrome' driver

2024-11-07 20:53:41 - [MESSAGE][INFO] - User set preference: ['acceptInsecureCerts', 'true']

2024-11-07 20:53:41 - [MESSAGE][INFO] - Action delay is set to 0 milliseconds

2024-11-07 20:53:42 - [MESSAGE][PASSED] - Browser is opened with url: ''

2024-11-07 20:53:42 - [TEST_STEP][PASSED] - maximizeWindow(): Current window maximized

2024-11-07 20:53:43 - [MESSAGE][PASSED] - Current window maximized

2024-11-07 20:53:43 - [TEST_STEP][PASSED] - navigateToUrl(RADurl): Navigate to 'https://www.velocitypayment.com/client/rad/index.html' successfully

2024-11-07 20:53:43 - [MESSAGE][PASSED] - Navigate to 'https://www.velocitypayment.com/client/rad/index.html' successfully

2024-11-07 20:53:43 - [TEST_STEP][PASSED] - selectOptionByLabel(findTestObject(orPath_Landing + "/dd_TaxType"), "Existing Liability with Notice/Invoice Number", false): All options with label 'Existing Liability with Notice/Invoice Number' are selected in object 'Object Repository/RAD_Pages/Landing_Page/dd_TaxType' 

2024-11-07 20:53:46 - [MESSAGE][PASSED] - All options with label 'Existing Liability with Notice/Invoice Number' are selected in object 'Object Repository/RAD_Pages/Landing_Page/dd_TaxType' 

2024-11-07 20:53:46 - [TEST_STEP][PASSED] - selectOptionByLabel(findTestObject(orPath_TaxTypeFilingYear + "/select_TaxType_ExistingLiability"), TaxType, false): All options with label 'Fiduciary Tax' are selected in object 'Object Repository/RAD_Pages/TaxTypeFilingYear_Page/select_TaxType_ExistingLiability' 

2024-11-07 20:53:46 - [MESSAGE][PASSED] - All options with label 'Fiduciary Tax' are selected in object 'Object Repository/RAD_Pages/TaxTypeFilingYear_Page/select_TaxType_ExistingLiability' 

2024-11-07 20:53:46 - [TEST_STEP][PASSED] - rad.getSetDataRAD.setDataRADBusinessName(): rad.getSetDataRAD.setDataRADBusinessName is PASSED

2024-11-07 20:53:47 - [MESSAGE][PASSED] - Text 'My Company' is set on object 'Object Repository/RAD_Pages/Taxpayer_Page/input_businessName'

2024-11-07 20:53:47 - [MESSAGE][PASSED] - rad.getSetDataRAD.setDataRADBusinessName is PASSED

2024-11-07 20:53:47 - [TEST_STEP][PASSED] - rad.getSetDataRAD.setDataRADBusinessRep(): rad.getSetDataRAD.setDataRADBusinessRep is PASSED

2024-11-07 20:53:48 - [MESSAGE][PASSED] - Text 'BusRepFname' is set on object 'Object Repository/RAD_Pages/Taxpayer_Page/input_BusinessRepfirstName'

2024-11-07 20:53:49 - [MESSAGE][PASSED] - Text '' is set on object 'Object Repository/RAD_Pages/Taxpayer_Page/input_BusinessRepmiddleName'

2024-11-07 20:53:49 - [MESSAGE][PASSED] - Text 'BusRepLname' is set on object 'Object Repository/RAD_Pages/Taxpayer_Page/input_BusinessReplastName'

2024-11-07 20:53:50 - [MESSAGE][PASSED] - Text '' is set on object 'Object Repository/RAD_Pages/Taxpayer_Page/input_BusinessRepsuffix'

2024-11-07 20:53:50 - [MESSAGE][PASSED] - rad.getSetDataRAD.setDataRADBusinessRep is PASSED

2024-11-07 20:53:50 - [TEST_STEP][PASSED] - rad.getSetDataRAD.setDataRADAddress(): rad.getSetDataRAD.setDataRADAddress is PASSED

2024-11-07 20:53:51 - [MESSAGE][PASSED] - All options with label 'United States' are selected in object 'Object Repository/RAD_Pages/AddressAndContactInfo_Page/select_Country' 

2024-11-07 20:53:51 - [MESSAGE][PASSED] - Text '2508 Mandan Terrace' is set on object 'Object Repository/RAD_Pages/AddressAndContactInfo_Page/input_streetAddress1'

2024-11-07 20:53:52 - [MESSAGE][PASSED] - Text '' is set on object 'Object Repository/RAD_Pages/AddressAndContactInfo_Page/input_streetAddress2'

2024-11-07 20:53:53 - [MESSAGE][PASSED] - Text 'Gambrills' is set on object 'Object Repository/RAD_Pages/AddressAndContactInfo_Page/input_city'

2024-11-07 20:53:54 - [MESSAGE][PASSED] - All options with label 'Maryland' are selected in object 'Object Repository/RAD_Pages/AddressAndContactInfo_Page/select_State' 

2024-11-07 20:53:55 - [MESSAGE][PASSED] - Text '21054' is set on object 'Object Repository/RAD_Pages/AddressAndContactInfo_Page/input_zipCode'

2024-11-07 20:53:56 - [MESSAGE][PASSED] - Text '(703) 894-5000' is set on object 'Object Repository/RAD_Pages/AddressAndContactInfo_Page/input_phoneNumber'

2024-11-07 20:53:57 - [MESSAGE][PASSED] - Text 'iahmed@govolution.com' is set on object 'Object Repository/RAD_Pages/AddressAndContactInfo_Page/input_eMailAddress'

2024-11-07 20:53:58 - [MESSAGE][PASSED] - Text 'iahmed@govolution.com' is set on object 'Object Repository/RAD_Pages/AddressAndContactInfo_Page/input_reEnterEMailAddress'

2024-11-07 20:53:58 - [MESSAGE][PASSED] - rad.getSetDataRAD.setDataRADAddress is PASSED

2024-11-07 20:53:58 - [TEST_STEP][PASSED] - if (feinSsn.equalsIgnoreCase("Y")): null

2024-11-07 20:53:58 - [TEST_STEP][PASSED] - else: Text ****** has been set on object 'Object Repository/RAD_Pages/TaxInfo_Page/input_concat(id(, , data, , ))_Data (1)'

2024-11-07 20:53:58 - [TEST_STEP][PASSED] - setEncryptedText(findTestObject("Object Repository/RAD_Pages/TaxInfo_Page/input_concat(id(, , data, , ))_Data"), "px0FNUagnh7G/CVR/QiY+A=="): Text ****** has been set on object 'Object Repository/RAD_Pages/TaxInfo_Page/input_concat(id(, , data, , ))_Data'

2024-11-07 20:53:58 - [MESSAGE][PASSED] - Text ****** has been set on object 'Object Repository/RAD_Pages/TaxInfo_Page/input_concat(id(, , data, , ))_Data'

2024-11-07 20:53:58 - [TEST_STEP][PASSED] - setEncryptedText(findTestObject("Object Repository/RAD_Pages/TaxInfo_Page/input_concat(id(, , data, , ))_Data (1)"), "px0FNUagnh7G/CVR/QiY+A=="): Text ****** has been set on object 'Object Repository/RAD_Pages/TaxInfo_Page/input_concat(id(, , data, , ))_Data (1)'

2024-11-07 20:53:59 - [MESSAGE][PASSED] - Text ****** has been set on object 'Object Repository/RAD_Pages/TaxInfo_Page/input_concat(id(, , data, , ))_Data (1)'

2024-11-07 20:53:59 - [TEST_STEP][PASSED] - rad.getSetDataRAD.setDataRADNoticeInvoiceThirteen(): rad.getSetDataRAD.setDataRADNoticeInvoiceThirteen is PASSED

2024-11-07 20:54:00 - [MESSAGE][PASSED] - Text '1234567890123' is set on object 'Object Repository/RAD_Pages/TaxInfo_Page/input_NoticeInvoiceNumber'

2024-11-07 20:54:00 - [MESSAGE][PASSED] - Text '1234567890123' is set on object 'Object Repository/RAD_Pages/TaxInfo_Page/input_reTypeNoticeInvoiceNumber'

2024-11-07 20:54:00 - [MESSAGE][PASSED] - rad.getSetDataRAD.setDataRADNoticeInvoiceThirteen is PASSED

2024-11-07 20:54:00 - [TEST_STEP][PASSED] - if (MFLicNum.equalsIgnoreCase("Y")): null

2024-11-07 20:54:00 - [TEST_STEP][PASSED] - if (CRN.equalsIgnoreCase("Y")): null

2024-11-07 20:54:00 - [TEST_STEP][PASSED] - setText(findTestObject(orPath_Amount + "/input__paymentAmount"), "100.00"): Text '100.00' is set on object 'Object Repository/RAD_Pages/PaymentAmount_Page/input__paymentAmount'

2024-11-07 20:54:01 - [MESSAGE][PASSED] - Text '100.00' is set on object 'Object Repository/RAD_Pages/PaymentAmount_Page/input__paymentAmount'

2024-11-07 20:54:01 - [TEST_STEP][PASSED] - setText(findTestObject(orPath_AddressContact + "/input_streetAddress2"), ""): Text '' is set on object 'Object Repository/RAD_Pages/AddressAndContactInfo_Page/input_streetAddress2'

2024-11-07 20:54:02 - [MESSAGE][PASSED] - Text '' is set on object 'Object Repository/RAD_Pages/AddressAndContactInfo_Page/input_streetAddress2'

2024-11-07 20:54:02 - [TEST_STEP][PASSED] - scrollToElement(findTestObject(orPath_Landing + "/button_Continue"), 3): Scroll to object 'Object Repository/RAD_Pages/Landing_Page/button_Continue' successfully

2024-11-07 20:54:02 - [MESSAGE][PASSED] - Scroll to object 'Object Repository/RAD_Pages/Landing_Page/button_Continue' successfully

2024-11-07 20:54:02 - [TEST_STEP][PASSED] - waitForElementClickable(findTestObject(orPath_Landing + "/button_Continue"), 5): Object 'Object Repository/RAD_Pages/Landing_Page/button_Continue' is clickable

2024-11-07 20:54:03 - [MESSAGE][PASSED] - Object 'Object Repository/RAD_Pages/Landing_Page/button_Continue' is clickable

2024-11-07 20:54:03 - [TEST_STEP][PASSED] - click(findTestObject(orPath_Landing + "/button_Continue")): Object: 'Object Repository/RAD_Pages/Landing_Page/button_Continue' is clicked on

2024-11-07 20:54:03 - [MESSAGE][PASSED] - Object: 'Object Repository/RAD_Pages/Landing_Page/button_Continue' is clicked on

2024-11-07 20:54:03 - [TEST_STEP][PASSED] - delay(2): Delayed 2 second(s)

2024-11-07 20:54:05 - [MESSAGE][PASSED] - Delayed 2 second(s)

2024-11-07 20:54:05 - [TEST_STEP][PASSED] - verifyTextPresent("Summary", true): Text 'Summary' is present on page  using regular expression

2024-11-07 20:54:05 - [MESSAGE][PASSED] - Text 'Summary' is present on page  using regular expression

2024-11-07 20:54:05 - [TEST_STEP][PASSED] - verifyTextPresent("Review the information below and make any necessary corrections by clicking the", true): Text 'Review the information below and make any necessary corrections by clicking the' is present on page  using regular expression

2024-11-07 20:54:06 - [MESSAGE][PASSED] - Text 'Review the information below and make any necessary corrections by clicking the' is present on page  using regular expression

2024-11-07 20:54:06 - [TEST_STEP][PASSED] - verifyTextPresent("When you are confident that all the information is correct, click the", true): Text 'When you are confident that all the information is correct, click the' is present on page  using regular expression

2024-11-07 20:54:06 - [MESSAGE][PASSED] - Text 'When you are confident that all the information is correct, click the' is present on page  using regular expression

2024-11-07 20:54:06 - [TEST_STEP][PASSED] - verifyTextPresent("Payment Type/Filing Year", true): Text 'Payment Type/Filing Year' is present on page  using regular expression

2024-11-07 20:54:06 - [MESSAGE][PASSED] - Text 'Payment Type/Filing Year' is present on page  using regular expression

2024-11-07 20:54:06 - [TEST_STEP][PASSED] - verifyTextPresent("Payment Type:", true): Text 'Payment Type:' is present on page  using regular expression

2024-11-07 20:54:07 - [MESSAGE][PASSED] - Text 'Payment Type:' is present on page  using regular expression

2024-11-07 20:54:07 - [TEST_STEP][PASSED] - verifyTextPresent("Existing Liability with Notice/Invoice Number", true): Text 'Existing Liability with Notice/Invoice Number' is present on page  using regular expression

2024-11-07 20:54:07 - [MESSAGE][PASSED] - Text 'Existing Liability with Notice/Invoice Number' is present on page  using regular expression

2024-11-07 20:54:07 - [TEST_STEP][PASSED] - verifyTextPresent("Payer Information", true): Text 'Payer Information' is present on page  using regular expression

2024-11-07 20:54:07 - [MESSAGE][PASSED] - Text 'Payer Information' is present on page  using regular expression

2024-11-07 20:54:07 - [TEST_STEP][PASSED] - verifyTextPresent("Taxpayer Name:", true): Text 'Taxpayer Name:' is present on page  using regular expression

2024-11-07 20:54:08 - [MESSAGE][PASSED] - Text 'Taxpayer Name:' is present on page  using regular expression

2024-11-07 20:54:08 - [TEST_STEP][PASSED] - if (!(TaxType.equalsIgnoreCase("Sales & Use Tax"))): Text 'My Company' is present on page  using regular expression

2024-11-07 20:54:08 - [TEST_STEP][PASSED] - verifyTextPresent("My Company", true): Text 'My Company' is present on page  using regular expression

2024-11-07 20:54:08 - [MESSAGE][PASSED] - Text 'My Company' is present on page  using regular expression

2024-11-07 20:54:08 - [TEST_STEP][PASSED] - verifyTextPresent("Business Rep Name:", true): Text 'Business Rep Name:' is present on page  using regular expression

2024-11-07 20:54:08 - [MESSAGE][PASSED] - Text 'Business Rep Name:' is present on page  using regular expression

2024-11-07 20:54:08 - [TEST_STEP][PASSED] - verifyTextPresent("BusRepFname BusRepLname", true): Text 'BusRepFname BusRepLname' is present on page  using regular expression

2024-11-07 20:54:09 - [MESSAGE][PASSED] - Text 'BusRepFname BusRepLname' is present on page  using regular expression

2024-11-07 20:54:09 - [TEST_STEP][PASSED] - verifyTextPresent("Taxpayer Address:", true): Text 'Taxpayer Address:' is present on page  using regular expression

2024-11-07 20:54:09 - [MESSAGE][PASSED] - Text 'Taxpayer Address:' is present on page  using regular expression

2024-11-07 20:54:09 - [TEST_STEP][PASSED] - verifyTextPresent("2508 Mandan Terrace Gambrills Maryland 21054", true): Text '2508 Mandan Terrace Gambrills Maryland 21054' is present on page  using regular expression

2024-11-07 20:54:09 - [MESSAGE][PASSED] - Text '2508 Mandan Terrace Gambrills Maryland 21054' is present on page  using regular expression

2024-11-07 20:54:09 - [TEST_STEP][PASSED] - verifyTextPresent("Email:", true): Text 'Email:' is present on page  using regular expression

2024-11-07 20:54:10 - [MESSAGE][PASSED] - Text 'Email:' is present on page  using regular expression

2024-11-07 20:54:10 - [TEST_STEP][PASSED] - verifyTextPresent("iahmed@govolution.com", true): Text 'iahmed@govolution.com' is present on page  using regular expression

2024-11-07 20:54:10 - [MESSAGE][PASSED] - Text 'iahmed@govolution.com' is present on page  using regular expression

2024-11-07 20:54:10 - [TEST_STEP][PASSED] - verifyTextPresent("Phone:", true): Text 'Phone:' is present on page  using regular expression

2024-11-07 20:54:10 - [MESSAGE][PASSED] - Text 'Phone:' is present on page  using regular expression

2024-11-07 20:54:10 - [TEST_STEP][PASSED] - verifyTextPresent("(703) 894-5000", false): Text '(703) 894-5000' is present on page 

2024-11-07 20:54:11 - [MESSAGE][PASSED] - Text '(703) 894-5000' is present on page 

2024-11-07 20:54:11 - [TEST_STEP][PASSED] - verifyTextPresent("Tax Information", true): Text 'Tax Information' is present on page  using regular expression

2024-11-07 20:54:11 - [MESSAGE][PASSED] - Text 'Tax Information' is present on page  using regular expression

2024-11-07 20:54:11 - [TEST_STEP][PASSED] - if (feinSsn.equalsIgnoreCase("Y")): null

2024-11-07 20:54:11 - [TEST_STEP][PASSED] - else: Text 'FEIN/SSN:' is not present on page using regular expression

2024-11-07 20:54:11 - [TEST_STEP][PASSED] - verifyTextPresent("Federal EIN:", true): Text 'Federal EIN:' is present on page  using regular expression

2024-11-07 20:54:11 - [MESSAGE][PASSED] - Text 'Federal EIN:' is present on page  using regular expression

2024-11-07 20:54:11 - [TEST_STEP][PASSED] - verifyTextNotPresent("FEIN/SSN:", true): Text 'FEIN/SSN:' is not present on page using regular expression

2024-11-07 20:54:11 - [MESSAGE][PASSED] - Text 'FEIN/SSN:' is not present on page using regular expression

2024-11-07 20:54:11 - [TEST_STEP][PASSED] - verifyTextPresent("XXXXX0532", true): Text 'XXXXX0532' is present on page  using regular expression

2024-11-07 20:54:12 - [MESSAGE][PASSED] - Text 'XXXXX0532' is present on page  using regular expression

2024-11-07 20:54:12 - [TEST_STEP][PASSED] - verifyTextPresent("Notice Or Invoice Number:", true): Text 'Notice Or Invoice Number:' is present on page  using regular expression

2024-11-07 20:54:12 - [MESSAGE][PASSED] - Text 'Notice Or Invoice Number:' is present on page  using regular expression

2024-11-07 20:54:12 - [TEST_STEP][PASSED] - verifyTextPresent("1234567890123", true): Text '1234567890123' is present on page  using regular expression

2024-11-07 20:54:12 - [MESSAGE][PASSED] - Text '1234567890123' is present on page  using regular expression

2024-11-07 20:54:12 - [TEST_STEP][PASSED] - verifyTextPresent("Tax Type:", true): Text 'Tax Type:' is present on page  using regular expression

2024-11-07 20:54:13 - [MESSAGE][PASSED] - Text 'Tax Type:' is present on page  using regular expression

2024-11-07 20:54:13 - [TEST_STEP][PASSED] - verifyTextPresent(TaxType, true): Text 'Fiduciary Tax' is present on page  using regular expression

2024-11-07 20:54:13 - [MESSAGE][PASSED] - Text 'Fiduciary Tax' is present on page  using regular expression

2024-11-07 20:54:13 - [TEST_STEP][PASSED] - if (CRN.equalsIgnoreCase("Y")): null

2024-11-07 20:54:13 - [TEST_STEP][PASSED] - if (MFLicNum.equalsIgnoreCase("Y")): null

2024-11-07 20:54:13 - [TEST_STEP][PASSED] - verifyTextPresent("Payment Amount:", true): Text 'Payment Amount:' is present on page  using regular expression

2024-11-07 20:54:13 - [MESSAGE][PASSED] - Text 'Payment Amount:' is present on page  using regular expression

2024-11-07 20:54:13 - [TEST_STEP][PASSED] - verifyTextPresent("100.00", true): Text '100.00' is present on page  using regular expression

2024-11-07 20:54:14 - [MESSAGE][PASSED] - Text '100.00' is present on page  using regular expression

2024-11-07 20:54:14 - [TEST_STEP][PASSED] - if (verifyElementVisible(findTestObject(orPath_Summary + "/button_Proceed to Payment"))): null

2024-11-07 20:54:14 - [MESSAGE][PASSED] - Object 'Object Repository/RAD_Pages/Summary_Page/button_Proceed to Payment' is visible

2024-11-07 20:54:14 - [TEST_STEP][PASSED] - resText = "Pass": null

2024-11-07 20:54:14 - [TEST_STEP][PASSED] - pages.WriteExcel.demoKey(resText, datText, resColumn, datCloumn, fileLoc, nameSheet, row): pages.WriteExcel.demoKey is PASSED

2024-11-07 20:54:14 - [MESSAGE][PASSED] - pages.WriteExcel.demoKey is PASSED

2024-11-07 20:54:14 - [TEST_STEP][PASSED] - click(findTestObject(orPath_Summary + "/button_Proceed to Payment")): Object: 'Object Repository/RAD_Pages/Summary_Page/button_Proceed to Payment' is clicked on

2024-11-07 20:54:17 - [MESSAGE][PASSED] - Object: 'Object Repository/RAD_Pages/Summary_Page/button_Proceed to Payment' is clicked on

2024-11-07 20:54:17 - [TEST_STEP][PASSED] - verifyElementPresent(findTestObject("Object Repository/RAD_Pages/PaymentEntry_Page/input__billingName"), 30): Object 'Object Repository/RAD_Pages/PaymentEntry_Page/input__billingName' is present

2024-11-07 20:54:18 - [MESSAGE][PASSED] - Object 'Object Repository/RAD_Pages/PaymentEntry_Page/input__billingName' is present

2024-11-07 20:54:18 - [TEST_STEP][PASSED] - ExecuteTC = findTestData(dataFile).getValue("Execute", row): null

2024-11-07 20:54:18 - [TEST_STEP][PASSED] - TaxType = findTestData(dataFile).getValue("TaxType", row): null

2024-11-07 20:54:18 - [TEST_STEP][PASSED] - PaymentType = findTestData(dataFile).getValue("PaymentType", row): null

2024-11-07 20:54:18 - [TEST_STEP][PASSED] - feinSsn = findTestData(dataFile).getValue("FEINSSN", row): null

2024-11-07 20:54:18 - [TEST_STEP][PASSED] - CRN = findTestData(dataFile).getValue("CRN", row): null

2024-11-07 20:54:18 - [TEST_STEP][PASSED] - MFLicNum = findTestData(dataFile).getValue("MFLicNum", row): null

2024-11-07 20:54:18 - [TEST_STEP][PASSED] - if (ExecuteTC.equalsIgnoreCase("Y")): Object 'Object Repository/RAD_Pages/PaymentEntry_Page/input__billingName' is present

2024-11-07 20:54:18 - [TEST_STEP][PASSED] - out.println("Begin Record Number: " + row): null

2024-11-07 20:54:18 - [TEST_STEP][PASSED] - today = new java.util.Date(): null

2024-11-07 20:54:18 - [TEST_STEP][PASSED] - println(today): null

2024-11-07 20:54:18 - [TEST_STEP][PASSED] - datText = today: null

2024-11-07 20:54:18 - [TEST_STEP][PASSED] - logInfo("Payment Type: Existing Liability with Notice/Invoice Number"): Payment Type: Existing Liability with Notice/Invoice Number

2024-11-07 20:54:18 - [MESSAGE][INFO] - Payment Type: Existing Liability with Notice/Invoice Number

2024-11-07 20:54:18 - [TEST_STEP][PASSED] - logInfo("Tax Type: " + TaxType): Tax Type: PTE Non-Electing Non-S Corp

2024-11-07 20:54:18 - [MESSAGE][INFO] - Tax Type: PTE Non-Electing Non-S Corp

2024-11-07 20:54:18 - [TEST_STEP][PASSED] - openBrowser(""): Browser is opened with url: ''

2024-11-07 20:54:18 - [MESSAGE][WARNING] - A browser is already opened. Closing browser and opening a new one

2024-11-07 20:54:20 - [MESSAGE][INFO] - Starting 'Chrome' driver

2024-11-07 20:54:20 - [MESSAGE][INFO] - User set preference: ['acceptInsecureCerts', 'true']

2024-11-07 20:54:20 - [MESSAGE][INFO] - Action delay is set to 0 milliseconds

2024-11-07 20:54:22 - [MESSAGE][PASSED] - Browser is opened with url: ''

2024-11-07 20:54:22 - [TEST_STEP][PASSED] - maximizeWindow(): Current window maximized

2024-11-07 20:54:22 - [MESSAGE][PASSED] - Current window maximized

2024-11-07 20:54:22 - [TEST_STEP][PASSED] - navigateToUrl(RADurl): Navigate to 'https://www.velocitypayment.com/client/rad/index.html' successfully

2024-11-07 20:54:24 - [MESSAGE][PASSED] - Navigate to 'https://www.velocitypayment.com/client/rad/index.html' successfully

2024-11-07 20:54:24 - [TEST_STEP][PASSED] - selectOptionByLabel(findTestObject(orPath_Landing + "/dd_TaxType"), "Existing Liability with Notice/Invoice Number", false): All options with label 'Existing Liability with Notice/Invoice Number' are selected in object 'Object Repository/RAD_Pages/Landing_Page/dd_TaxType' 

2024-11-07 20:54:25 - [MESSAGE][PASSED] - All options with label 'Existing Liability with Notice/Invoice Number' are selected in object 'Object Repository/RAD_Pages/Landing_Page/dd_TaxType' 

2024-11-07 20:54:25 - [TEST_STEP][PASSED] - selectOptionByLabel(findTestObject(orPath_TaxTypeFilingYear + "/select_TaxType_ExistingLiability"), TaxType, false): All options with label 'PTE Non-Electing Non-S Corp' are selected in object 'Object Repository/RAD_Pages/TaxTypeFilingYear_Page/select_TaxType_ExistingLiability' 

2024-11-07 20:54:25 - [MESSAGE][PASSED] - All options with label 'PTE Non-Electing Non-S Corp' are selected in object 'Object Repository/RAD_Pages/TaxTypeFilingYear_Page/select_TaxType_ExistingLiability' 

2024-11-07 20:54:25 - [TEST_STEP][PASSED] - rad.getSetDataRAD.setDataRADBusinessName(): rad.getSetDataRAD.setDataRADBusinessName is PASSED

2024-11-07 20:54:26 - [MESSAGE][PASSED] - Text 'My Company' is set on object 'Object Repository/RAD_Pages/Taxpayer_Page/input_businessName'

2024-11-07 20:54:26 - [MESSAGE][PASSED] - rad.getSetDataRAD.setDataRADBusinessName is PASSED

2024-11-07 20:54:26 - [TEST_STEP][PASSED] - rad.getSetDataRAD.setDataRADBusinessRep(): rad.getSetDataRAD.setDataRADBusinessRep is PASSED

2024-11-07 20:54:27 - [MESSAGE][PASSED] - Text 'BusRepFname' is set on object 'Object Repository/RAD_Pages/Taxpayer_Page/input_BusinessRepfirstName'

2024-11-07 20:54:28 - [MESSAGE][PASSED] - Text '' is set on object 'Object Repository/RAD_Pages/Taxpayer_Page/input_BusinessRepmiddleName'

2024-11-07 20:54:29 - [MESSAGE][PASSED] - Text 'BusRepLname' is set on object 'Object Repository/RAD_Pages/Taxpayer_Page/input_BusinessReplastName'

2024-11-07 20:54:29 - [MESSAGE][PASSED] - Text '' is set on object 'Object Repository/RAD_Pages/Taxpayer_Page/input_BusinessRepsuffix'

2024-11-07 20:54:29 - [MESSAGE][PASSED] - rad.getSetDataRAD.setDataRADBusinessRep is PASSED

2024-11-07 20:54:29 - [TEST_STEP][PASSED] - rad.getSetDataRAD.setDataRADAddress(): rad.getSetDataRAD.setDataRADAddress is PASSED

2024-11-07 20:54:30 - [MESSAGE][PASSED] - All options with label 'United States' are selected in object 'Object Repository/RAD_Pages/AddressAndContactInfo_Page/select_Country' 

2024-11-07 20:54:31 - [MESSAGE][PASSED] - Text '2508 Mandan Terrace' is set on object 'Object Repository/RAD_Pages/AddressAndContactInfo_Page/input_streetAddress1'

2024-11-07 20:54:31 - [MESSAGE][PASSED] - Text '' is set on object 'Object Repository/RAD_Pages/AddressAndContactInfo_Page/input_streetAddress2'

2024-11-07 20:54:32 - [MESSAGE][PASSED] - Text 'Gambrills' is set on object 'Object Repository/RAD_Pages/AddressAndContactInfo_Page/input_city'

2024-11-07 20:54:33 - [MESSAGE][PASSED] - All options with label 'Maryland' are selected in object 'Object Repository/RAD_Pages/AddressAndContactInfo_Page/select_State' 

2024-11-07 20:54:33 - [MESSAGE][PASSED] - Text '21054' is set on object 'Object Repository/RAD_Pages/AddressAndContactInfo_Page/input_zipCode'

2024-11-07 20:54:34 - [MESSAGE][PASSED] - Text '(703) 894-5000' is set on object 'Object Repository/RAD_Pages/AddressAndContactInfo_Page/input_phoneNumber'

2024-11-07 20:54:35 - [MESSAGE][PASSED] - Text 'iahmed@govolution.com' is set on object 'Object Repository/RAD_Pages/AddressAndContactInfo_Page/input_eMailAddress'

2024-11-07 20:54:36 - [MESSAGE][PASSED] - Text 'iahmed@govolution.com' is set on object 'Object Repository/RAD_Pages/AddressAndContactInfo_Page/input_reEnterEMailAddress'

2024-11-07 20:54:36 - [MESSAGE][PASSED] - rad.getSetDataRAD.setDataRADAddress is PASSED

2024-11-07 20:54:36 - [TEST_STEP][PASSED] - if (feinSsn.equalsIgnoreCase("Y")): Text ****** has been set on object 'Object Repository/RAD_Pages/TaxInfo_Page/input_TaxInfo_RetypefeinSsn_Existing_New'

2024-11-07 20:54:36 - [TEST_STEP][PASSED] - setEncryptedText(findTestObject(orPath_TaxInfo + "/input_TaxInfo_feinSsn_Existing_New"), "px0FNUagnh7G/CVR/QiY+A=="): Text ****** has been set on object 'Object Repository/RAD_Pages/TaxInfo_Page/input_TaxInfo_feinSsn_Existing_New'

2024-11-07 20:54:37 - [MESSAGE][PASSED] - Text ****** has been set on object 'Object Repository/RAD_Pages/TaxInfo_Page/input_TaxInfo_feinSsn_Existing_New'

2024-11-07 20:54:37 - [TEST_STEP][PASSED] - setEncryptedText(findTestObject(orPath_TaxInfo + "/input_TaxInfo_RetypefeinSsn_Existing_New"), "px0FNUagnh7G/CVR/QiY+A=="): Text ****** has been set on object 'Object Repository/RAD_Pages/TaxInfo_Page/input_TaxInfo_RetypefeinSsn_Existing_New'

2024-11-07 20:54:37 - [MESSAGE][PASSED] - Text ****** has been set on object 'Object Repository/RAD_Pages/TaxInfo_Page/input_TaxInfo_RetypefeinSsn_Existing_New'

2024-11-07 20:54:37 - [TEST_STEP][PASSED] - rad.getSetDataRAD.setDataRADNoticeInvoiceThirteen(): rad.getSetDataRAD.setDataRADNoticeInvoiceThirteen is PASSED

2024-11-07 20:54:38 - [MESSAGE][PASSED] - Text '1234567890123' is set on object 'Object Repository/RAD_Pages/TaxInfo_Page/input_NoticeInvoiceNumber'

2024-11-07 20:54:39 - [MESSAGE][PASSED] - Text '1234567890123' is set on object 'Object Repository/RAD_Pages/TaxInfo_Page/input_reTypeNoticeInvoiceNumber'

2024-11-07 20:54:39 - [MESSAGE][PASSED] - rad.getSetDataRAD.setDataRADNoticeInvoiceThirteen is PASSED

2024-11-07 20:54:39 - [TEST_STEP][PASSED] - if (MFLicNum.equalsIgnoreCase("Y")): null

2024-11-07 20:54:39 - [TEST_STEP][PASSED] - if (CRN.equalsIgnoreCase("Y")): null

2024-11-07 20:54:39 - [TEST_STEP][PASSED] - setText(findTestObject(orPath_Amount + "/input__paymentAmount"), "100.00"): Text '100.00' is set on object 'Object Repository/RAD_Pages/PaymentAmount_Page/input__paymentAmount'

2024-11-07 20:54:40 - [MESSAGE][PASSED] - Text '100.00' is set on object 'Object Repository/RAD_Pages/PaymentAmount_Page/input__paymentAmount'

2024-11-07 20:54:40 - [TEST_STEP][PASSED] - setText(findTestObject(orPath_AddressContact + "/input_streetAddress2"), ""): Text '' is set on object 'Object Repository/RAD_Pages/AddressAndContactInfo_Page/input_streetAddress2'

2024-11-07 20:54:41 - [MESSAGE][PASSED] - Text '' is set on object 'Object Repository/RAD_Pages/AddressAndContactInfo_Page/input_streetAddress2'

2024-11-07 20:54:41 - [TEST_STEP][PASSED] - scrollToElement(findTestObject(orPath_Landing + "/button_Continue"), 3): Scroll to object 'Object Repository/RAD_Pages/Landing_Page/button_Continue' successfully

2024-11-07 20:54:41 - [MESSAGE][PASSED] - Scroll to object 'Object Repository/RAD_Pages/Landing_Page/button_Continue' successfully

2024-11-07 20:54:41 - [TEST_STEP][PASSED] - waitForElementClickable(findTestObject(orPath_Landing + "/button_Continue"), 5): Object 'Object Repository/RAD_Pages/Landing_Page/button_Continue' is clickable

2024-11-07 20:54:42 - [MESSAGE][PASSED] - Object 'Object Repository/RAD_Pages/Landing_Page/button_Continue' is clickable

2024-11-07 20:54:42 - [TEST_STEP][PASSED] - click(findTestObject(orPath_Landing + "/button_Continue")): Object: 'Object Repository/RAD_Pages/Landing_Page/button_Continue' is clicked on

2024-11-07 20:54:42 - [MESSAGE][PASSED] - Object: 'Object Repository/RAD_Pages/Landing_Page/button_Continue' is clicked on

2024-11-07 20:54:42 - [TEST_STEP][PASSED] - delay(2): Delayed 2 second(s)

2024-11-07 20:54:44 - [MESSAGE][PASSED] - Delayed 2 second(s)

2024-11-07 20:54:44 - [TEST_STEP][PASSED] - verifyTextPresent("Summary", true): Text 'Summary' is present on page  using regular expression

2024-11-07 20:54:45 - [MESSAGE][PASSED] - Text 'Summary' is present on page  using regular expression

2024-11-07 20:54:45 - [TEST_STEP][PASSED] - verifyTextPresent("Review the information below and make any necessary corrections by clicking the", true): Text 'Review the information below and make any necessary corrections by clicking the' is present on page  using regular expression

2024-11-07 20:54:45 - [MESSAGE][PASSED] - Text 'Review the information below and make any necessary corrections by clicking the' is present on page  using regular expression

2024-11-07 20:54:45 - [TEST_STEP][PASSED] - verifyTextPresent("When you are confident that all the information is correct, click the", true): Text 'When you are confident that all the information is correct, click the' is present on page  using regular expression

2024-11-07 20:54:45 - [MESSAGE][PASSED] - Text 'When you are confident that all the information is correct, click the' is present on page  using regular expression

2024-11-07 20:54:45 - [TEST_STEP][PASSED] - verifyTextPresent("Payment Type/Filing Year", true): Text 'Payment Type/Filing Year' is present on page  using regular expression

2024-11-07 20:54:46 - [MESSAGE][PASSED] - Text 'Payment Type/Filing Year' is present on page  using regular expression

2024-11-07 20:54:46 - [TEST_STEP][PASSED] - verifyTextPresent("Payment Type:", true): Text 'Payment Type:' is present on page  using regular expression

2024-11-07 20:54:46 - [MESSAGE][PASSED] - Text 'Payment Type:' is present on page  using regular expression

2024-11-07 20:54:46 - [TEST_STEP][PASSED] - verifyTextPresent("Existing Liability with Notice/Invoice Number", true): Text 'Existing Liability with Notice/Invoice Number' is present on page  using regular expression

2024-11-07 20:54:46 - [MESSAGE][PASSED] - Text 'Existing Liability with Notice/Invoice Number' is present on page  using regular expression

2024-11-07 20:54:46 - [TEST_STEP][PASSED] - verifyTextPresent("Payer Information", true): Text 'Payer Information' is present on page  using regular expression

2024-11-07 20:54:47 - [MESSAGE][PASSED] - Text 'Payer Information' is present on page  using regular expression

2024-11-07 20:54:47 - [TEST_STEP][PASSED] - verifyTextPresent("Taxpayer Name:", true): Text 'Taxpayer Name:' is present on page  using regular expression

2024-11-07 20:54:47 - [MESSAGE][PASSED] - Text 'Taxpayer Name:' is present on page  using regular expression

2024-11-07 20:54:47 - [TEST_STEP][PASSED] - if (!(TaxType.equalsIgnoreCase("Sales & Use Tax"))): Text 'My Company' is present on page  using regular expression

2024-11-07 20:54:47 - [TEST_STEP][PASSED] - verifyTextPresent("My Company", true): Text 'My Company' is present on page  using regular expression

2024-11-07 20:54:47 - [MESSAGE][PASSED] - Text 'My Company' is present on page  using regular expression

2024-11-07 20:54:47 - [TEST_STEP][PASSED] - verifyTextPresent("Business Rep Name:", true): Text 'Business Rep Name:' is present on page  using regular expression

2024-11-07 20:54:47 - [MESSAGE][PASSED] - Text 'Business Rep Name:' is present on page  using regular expression

2024-11-07 20:54:47 - [TEST_STEP][PASSED] - verifyTextPresent("BusRepFname BusRepLname", true): Text 'BusRepFname BusRepLname' is present on page  using regular expression

2024-11-07 20:54:48 - [MESSAGE][PASSED] - Text 'BusRepFname BusRepLname' is present on page  using regular expression

2024-11-07 20:54:48 - [TEST_STEP][PASSED] - verifyTextPresent("Taxpayer Address:", true): Text 'Taxpayer Address:' is present on page  using regular expression

2024-11-07 20:54:48 - [MESSAGE][PASSED] - Text 'Taxpayer Address:' is present on page  using regular expression

2024-11-07 20:54:48 - [TEST_STEP][PASSED] - verifyTextPresent("2508 Mandan Terrace Gambrills Maryland 21054", true): Text '2508 Mandan Terrace Gambrills Maryland 21054' is present on page  using regular expression

2024-11-07 20:54:48 - [MESSAGE][PASSED] - Text '2508 Mandan Terrace Gambrills Maryland 21054' is present on page  using regular expression

2024-11-07 20:54:48 - [TEST_STEP][PASSED] - verifyTextPresent("Email:", true): Text 'Email:' is present on page  using regular expression

2024-11-07 20:54:49 - [MESSAGE][PASSED] - Text 'Email:' is present on page  using regular expression

2024-11-07 20:54:49 - [TEST_STEP][PASSED] - verifyTextPresent("iahmed@govolution.com", true): Text 'iahmed@govolution.com' is present on page  using regular expression

2024-11-07 20:54:49 - [MESSAGE][PASSED] - Text 'iahmed@govolution.com' is present on page  using regular expression

2024-11-07 20:54:49 - [TEST_STEP][PASSED] - verifyTextPresent("Phone:", true): Text 'Phone:' is present on page  using regular expression

2024-11-07 20:54:49 - [MESSAGE][PASSED] - Text 'Phone:' is present on page  using regular expression

2024-11-07 20:54:49 - [TEST_STEP][PASSED] - verifyTextPresent("(703) 894-5000", false): Text '(703) 894-5000' is present on page 

2024-11-07 20:54:50 - [MESSAGE][PASSED] - Text '(703) 894-5000' is present on page 

2024-11-07 20:54:50 - [TEST_STEP][PASSED] - verifyTextPresent("Tax Information", true): Text 'Tax Information' is present on page  using regular expression

2024-11-07 20:54:50 - [MESSAGE][PASSED] - Text 'Tax Information' is present on page  using regular expression

2024-11-07 20:54:50 - [TEST_STEP][PASSED] - if (feinSsn.equalsIgnoreCase("Y")): Text 'Federal EIN:' is not present on page using regular expression

2024-11-07 20:54:50 - [TEST_STEP][PASSED] - verifyTextPresent("FEIN/SSN:", true): Text 'FEIN/SSN:' is present on page  using regular expression

2024-11-07 20:54:50 - [MESSAGE][PASSED] - Text 'FEIN/SSN:' is present on page  using regular expression

2024-11-07 20:54:50 - [TEST_STEP][PASSED] - verifyTextNotPresent("Federal EIN:", true): Text 'Federal EIN:' is not present on page using regular expression

2024-11-07 20:54:51 - [MESSAGE][PASSED] - Text 'Federal EIN:' is not present on page using regular expression

2024-11-07 20:54:51 - [TEST_STEP][PASSED] - verifyTextPresent("XXXXX0532", true): Text 'XXXXX0532' is present on page  using regular expression

2024-11-07 20:54:51 - [MESSAGE][PASSED] - Text 'XXXXX0532' is present on page  using regular expression

2024-11-07 20:54:51 - [TEST_STEP][PASSED] - verifyTextPresent("Notice Or Invoice Number:", true): Text 'Notice Or Invoice Number:' is present on page  using regular expression

2024-11-07 20:54:51 - [MESSAGE][PASSED] - Text 'Notice Or Invoice Number:' is present on page  using regular expression

2024-11-07 20:54:51 - [TEST_STEP][PASSED] - verifyTextPresent("1234567890123", true): Text '1234567890123' is present on page  using regular expression

2024-11-07 20:54:52 - [MESSAGE][PASSED] - Text '1234567890123' is present on page  using regular expression

2024-11-07 20:54:52 - [TEST_STEP][PASSED] - verifyTextPresent("Tax Type:", true): Text 'Tax Type:' is present on page  using regular expression

2024-11-07 20:54:52 - [MESSAGE][PASSED] - Text 'Tax Type:' is present on page  using regular expression

2024-11-07 20:54:52 - [TEST_STEP][PASSED] - verifyTextPresent(TaxType, true): Text 'PTE Non-Electing Non-S Corp' is present on page  using regular expression

2024-11-07 20:54:52 - [MESSAGE][PASSED] - Text 'PTE Non-Electing Non-S Corp' is present on page  using regular expression

2024-11-07 20:54:52 - [TEST_STEP][PASSED] - if (CRN.equalsIgnoreCase("Y")): null

2024-11-07 20:54:52 - [TEST_STEP][PASSED] - if (MFLicNum.equalsIgnoreCase("Y")): null

2024-11-07 20:54:52 - [TEST_STEP][PASSED] - verifyTextPresent("Payment Amount:", true): Text 'Payment Amount:' is present on page  using regular expression

2024-11-07 20:54:53 - [MESSAGE][PASSED] - Text 'Payment Amount:' is present on page  using regular expression

2024-11-07 20:54:53 - [TEST_STEP][PASSED] - verifyTextPresent("100.00", true): Text '100.00' is present on page  using regular expression

2024-11-07 20:54:53 - [MESSAGE][PASSED] - Text '100.00' is present on page  using regular expression

2024-11-07 20:54:53 - [TEST_STEP][PASSED] - if (verifyElementVisible(findTestObject(orPath_Summary + "/button_Proceed to Payment"))): null

2024-11-07 20:54:53 - [MESSAGE][PASSED] - Object 'Object Repository/RAD_Pages/Summary_Page/button_Proceed to Payment' is visible

2024-11-07 20:54:53 - [TEST_STEP][PASSED] - resText = "Pass": null

2024-11-07 20:54:53 - [TEST_STEP][PASSED] - pages.WriteExcel.demoKey(resText, datText, resColumn, datCloumn, fileLoc, nameSheet, row): pages.WriteExcel.demoKey is PASSED

2024-11-07 20:54:53 - [MESSAGE][PASSED] - pages.WriteExcel.demoKey is PASSED

2024-11-07 20:54:53 - [TEST_STEP][PASSED] - click(findTestObject(orPath_Summary + "/button_Proceed to Payment")): Object: 'Object Repository/RAD_Pages/Summary_Page/button_Proceed to Payment' is clicked on

2024-11-07 20:54:58 - [MESSAGE][PASSED] - Object: 'Object Repository/RAD_Pages/Summary_Page/button_Proceed to Payment' is clicked on

2024-11-07 20:54:58 - [TEST_STEP][PASSED] - verifyElementPresent(findTestObject("Object Repository/RAD_Pages/PaymentEntry_Page/input__billingName"), 30): Object 'Object Repository/RAD_Pages/PaymentEntry_Page/input__billingName' is present

2024-11-07 20:54:58 - [MESSAGE][PASSED] - Object 'Object Repository/RAD_Pages/PaymentEntry_Page/input__billingName' is present

2024-11-07 20:54:58 - [TEST_STEP][PASSED] - ExecuteTC = findTestData(dataFile).getValue("Execute", row): null

2024-11-07 20:54:58 - [TEST_STEP][PASSED] - TaxType = findTestData(dataFile).getValue("TaxType", row): null

2024-11-07 20:54:58 - [TEST_STEP][PASSED] - PaymentType = findTestData(dataFile).getValue("PaymentType", row): null

2024-11-07 20:54:58 - [TEST_STEP][PASSED] - feinSsn = findTestData(dataFile).getValue("FEINSSN", row): null

2024-11-07 20:54:59 - [TEST_STEP][PASSED] - CRN = findTestData(dataFile).getValue("CRN", row): null

2024-11-07 20:54:59 - [TEST_STEP][PASSED] - MFLicNum = findTestData(dataFile).getValue("MFLicNum", row): null

2024-11-07 20:54:59 - [TEST_STEP][PASSED] - if (ExecuteTC.equalsIgnoreCase("Y")): Object 'Object Repository/RAD_Pages/PaymentEntry_Page/input__billingName' is present

2024-11-07 20:54:59 - [TEST_STEP][PASSED] - out.println("Begin Record Number: " + row): null

2024-11-07 20:54:59 - [TEST_STEP][PASSED] - today = new java.util.Date(): null

2024-11-07 20:54:59 - [TEST_STEP][PASSED] - println(today): null

2024-11-07 20:54:59 - [TEST_STEP][PASSED] - datText = today: null

2024-11-07 20:54:59 - [TEST_STEP][PASSED] - logInfo("Payment Type: Existing Liability with Notice/Invoice Number"): Payment Type: Existing Liability with Notice/Invoice Number

2024-11-07 20:54:59 - [MESSAGE][INFO] - Payment Type: Existing Liability with Notice/Invoice Number

2024-11-07 20:54:59 - [TEST_STEP][PASSED] - logInfo("Tax Type: " + TaxType): Tax Type: PTE Non-Electing S Corp

2024-11-07 20:54:59 - [MESSAGE][INFO] - Tax Type: PTE Non-Electing S Corp

2024-11-07 20:54:59 - [TEST_STEP][PASSED] - openBrowser(""): Browser is opened with url: ''

2024-11-07 20:54:59 - [MESSAGE][WARNING] - A browser is already opened. Closing browser and opening a new one

2024-11-07 20:55:00 - [MESSAGE][INFO] - Starting 'Chrome' driver

2024-11-07 20:55:00 - [MESSAGE][INFO] - User set preference: ['acceptInsecureCerts', 'true']

2024-11-07 20:55:00 - [MESSAGE][INFO] - Action delay is set to 0 milliseconds

2024-11-07 20:55:02 - [MESSAGE][PASSED] - Browser is opened with url: ''

2024-11-07 20:55:02 - [TEST_STEP][PASSED] - maximizeWindow(): Current window maximized

2024-11-07 20:55:02 - [MESSAGE][PASSED] - Current window maximized

2024-11-07 20:55:02 - [TEST_STEP][PASSED] - navigateToUrl(RADurl): Navigate to 'https://www.velocitypayment.com/client/rad/index.html' successfully

2024-11-07 20:55:02 - [MESSAGE][PASSED] - Navigate to 'https://www.velocitypayment.com/client/rad/index.html' successfully

2024-11-07 20:55:02 - [TEST_STEP][PASSED] - selectOptionByLabel(findTestObject(orPath_Landing + "/dd_TaxType"), "Existing Liability with Notice/Invoice Number", false): All options with label 'Existing Liability with Notice/Invoice Number' are selected in object 'Object Repository/RAD_Pages/Landing_Page/dd_TaxType' 

2024-11-07 20:55:05 - [MESSAGE][PASSED] - All options with label 'Existing Liability with Notice/Invoice Number' are selected in object 'Object Repository/RAD_Pages/Landing_Page/dd_TaxType' 

2024-11-07 20:55:05 - [TEST_STEP][PASSED] - selectOptionByLabel(findTestObject(orPath_TaxTypeFilingYear + "/select_TaxType_ExistingLiability"), TaxType, false): All options with label 'PTE Non-Electing S Corp' are selected in object 'Object Repository/RAD_Pages/TaxTypeFilingYear_Page/select_TaxType_ExistingLiability' 

2024-11-07 20:55:06 - [MESSAGE][PASSED] - All options with label 'PTE Non-Electing S Corp' are selected in object 'Object Repository/RAD_Pages/TaxTypeFilingYear_Page/select_TaxType_ExistingLiability' 

2024-11-07 20:55:06 - [TEST_STEP][PASSED] - rad.getSetDataRAD.setDataRADBusinessName(): rad.getSetDataRAD.setDataRADBusinessName is PASSED

2024-11-07 20:55:07 - [MESSAGE][PASSED] - Text 'My Company' is set on object 'Object Repository/RAD_Pages/Taxpayer_Page/input_businessName'

2024-11-07 20:55:07 - [MESSAGE][PASSED] - rad.getSetDataRAD.setDataRADBusinessName is PASSED

2024-11-07 20:55:07 - [TEST_STEP][PASSED] - rad.getSetDataRAD.setDataRADBusinessRep(): rad.getSetDataRAD.setDataRADBusinessRep is PASSED

2024-11-07 20:55:08 - [MESSAGE][PASSED] - Text 'BusRepFname' is set on object 'Object Repository/RAD_Pages/Taxpayer_Page/input_BusinessRepfirstName'

2024-11-07 20:55:09 - [MESSAGE][PASSED] - Text '' is set on object 'Object Repository/RAD_Pages/Taxpayer_Page/input_BusinessRepmiddleName'

2024-11-07 20:55:10 - [MESSAGE][PASSED] - Text 'BusRepLname' is set on object 'Object Repository/RAD_Pages/Taxpayer_Page/input_BusinessReplastName'

2024-11-07 20:55:11 - [MESSAGE][PASSED] - Text '' is set on object 'Object Repository/RAD_Pages/Taxpayer_Page/input_BusinessRepsuffix'

2024-11-07 20:55:11 - [MESSAGE][PASSED] - rad.getSetDataRAD.setDataRADBusinessRep is PASSED

2024-11-07 20:55:11 - [TEST_STEP][PASSED] - rad.getSetDataRAD.setDataRADAddress(): rad.getSetDataRAD.setDataRADAddress is PASSED

2024-11-07 20:55:11 - [MESSAGE][PASSED] - All options with label 'United States' are selected in object 'Object Repository/RAD_Pages/AddressAndContactInfo_Page/select_Country' 

2024-11-07 20:55:12 - [MESSAGE][PASSED] - Text '2508 Mandan Terrace' is set on object 'Object Repository/RAD_Pages/AddressAndContactInfo_Page/input_streetAddress1'

2024-11-07 20:55:13 - [MESSAGE][PASSED] - Text '' is set on object 'Object Repository/RAD_Pages/AddressAndContactInfo_Page/input_streetAddress2'

2024-11-07 20:55:14 - [MESSAGE][PASSED] - Text 'Gambrills' is set on object 'Object Repository/RAD_Pages/AddressAndContactInfo_Page/input_city'

2024-11-07 20:55:14 - [MESSAGE][PASSED] - All options with label 'Maryland' are selected in object 'Object Repository/RAD_Pages/AddressAndContactInfo_Page/select_State' 

2024-11-07 20:55:15 - [MESSAGE][PASSED] - Text '21054' is set on object 'Object Repository/RAD_Pages/AddressAndContactInfo_Page/input_zipCode'

2024-11-07 20:55:16 - [MESSAGE][PASSED] - Text '(703) 894-5000' is set on object 'Object Repository/RAD_Pages/AddressAndContactInfo_Page/input_phoneNumber'

2024-11-07 20:55:17 - [MESSAGE][PASSED] - Text 'iahmed@govolution.com' is set on object 'Object Repository/RAD_Pages/AddressAndContactInfo_Page/input_eMailAddress'

2024-11-07 20:55:18 - [MESSAGE][PASSED] - Text 'iahmed@govolution.com' is set on object 'Object Repository/RAD_Pages/AddressAndContactInfo_Page/input_reEnterEMailAddress'

2024-11-07 20:55:18 - [MESSAGE][PASSED] - rad.getSetDataRAD.setDataRADAddress is PASSED

2024-11-07 20:55:18 - [TEST_STEP][PASSED] - if (feinSsn.equalsIgnoreCase("Y")): Text ****** has been set on object 'Object Repository/RAD_Pages/TaxInfo_Page/input_TaxInfo_RetypefeinSsn_Existing_New'

2024-11-07 20:55:18 - [TEST_STEP][PASSED] - setEncryptedText(findTestObject(orPath_TaxInfo + "/input_TaxInfo_feinSsn_Existing_New"), "px0FNUagnh7G/CVR/QiY+A=="): Text ****** has been set on object 'Object Repository/RAD_Pages/TaxInfo_Page/input_TaxInfo_feinSsn_Existing_New'

2024-11-07 20:55:18 - [MESSAGE][PASSED] - Text ****** has been set on object 'Object Repository/RAD_Pages/TaxInfo_Page/input_TaxInfo_feinSsn_Existing_New'

2024-11-07 20:55:18 - [TEST_STEP][PASSED] - setEncryptedText(findTestObject(orPath_TaxInfo + "/input_TaxInfo_RetypefeinSsn_Existing_New"), "px0FNUagnh7G/CVR/QiY+A=="): Text ****** has been set on object 'Object Repository/RAD_Pages/TaxInfo_Page/input_TaxInfo_RetypefeinSsn_Existing_New'

2024-11-07 20:55:19 - [MESSAGE][PASSED] - Text ****** has been set on object 'Object Repository/RAD_Pages/TaxInfo_Page/input_TaxInfo_RetypefeinSsn_Existing_New'

2024-11-07 20:55:19 - [TEST_STEP][PASSED] - rad.getSetDataRAD.setDataRADNoticeInvoiceThirteen(): rad.getSetDataRAD.setDataRADNoticeInvoiceThirteen is PASSED

2024-11-07 20:55:20 - [MESSAGE][PASSED] - Text '1234567890123' is set on object 'Object Repository/RAD_Pages/TaxInfo_Page/input_NoticeInvoiceNumber'

2024-11-07 20:55:20 - [MESSAGE][PASSED] - Text '1234567890123' is set on object 'Object Repository/RAD_Pages/TaxInfo_Page/input_reTypeNoticeInvoiceNumber'

2024-11-07 20:55:20 - [MESSAGE][PASSED] - rad.getSetDataRAD.setDataRADNoticeInvoiceThirteen is PASSED

2024-11-07 20:55:20 - [TEST_STEP][PASSED] - if (MFLicNum.equalsIgnoreCase("Y")): null

2024-11-07 20:55:20 - [TEST_STEP][PASSED] - if (CRN.equalsIgnoreCase("Y")): null

2024-11-07 20:55:20 - [TEST_STEP][PASSED] - setText(findTestObject(orPath_Amount + "/input__paymentAmount"), "100.00"): Text '100.00' is set on object 'Object Repository/RAD_Pages/PaymentAmount_Page/input__paymentAmount'

2024-11-07 20:55:21 - [MESSAGE][PASSED] - Text '100.00' is set on object 'Object Repository/RAD_Pages/PaymentAmount_Page/input__paymentAmount'

2024-11-07 20:55:21 - [TEST_STEP][PASSED] - setText(findTestObject(orPath_AddressContact + "/input_streetAddress2"), ""): Text '' is set on object 'Object Repository/RAD_Pages/AddressAndContactInfo_Page/input_streetAddress2'

2024-11-07 20:55:22 - [MESSAGE][PASSED] - Text '' is set on object 'Object Repository/RAD_Pages/AddressAndContactInfo_Page/input_streetAddress2'

2024-11-07 20:55:22 - [TEST_STEP][PASSED] - scrollToElement(findTestObject(orPath_Landing + "/button_Continue"), 3): Scroll to object 'Object Repository/RAD_Pages/Landing_Page/button_Continue' successfully

2024-11-07 20:55:22 - [MESSAGE][PASSED] - Scroll to object 'Object Repository/RAD_Pages/Landing_Page/button_Continue' successfully

2024-11-07 20:55:22 - [TEST_STEP][PASSED] - waitForElementClickable(findTestObject(orPath_Landing + "/button_Continue"), 5): Object 'Object Repository/RAD_Pages/Landing_Page/button_Continue' is clickable

2024-11-07 20:55:23 - [MESSAGE][PASSED] - Object 'Object Repository/RAD_Pages/Landing_Page/button_Continue' is clickable

2024-11-07 20:55:23 - [TEST_STEP][PASSED] - click(findTestObject(orPath_Landing + "/button_Continue")): Object: 'Object Repository/RAD_Pages/Landing_Page/button_Continue' is clicked on

2024-11-07 20:55:23 - [MESSAGE][PASSED] - Object: 'Object Repository/RAD_Pages/Landing_Page/button_Continue' is clicked on

2024-11-07 20:55:23 - [TEST_STEP][PASSED] - delay(2): Delayed 2 second(s)

2024-11-07 20:55:25 - [MESSAGE][PASSED] - Delayed 2 second(s)

2024-11-07 20:55:25 - [TEST_STEP][PASSED] - verifyTextPresent("Summary", true): Text 'Summary' is present on page  using regular expression

2024-11-07 20:55:25 - [MESSAGE][PASSED] - Text 'Summary' is present on page  using regular expression

2024-11-07 20:55:25 - [TEST_STEP][PASSED] - verifyTextPresent("Review the information below and make any necessary corrections by clicking the", true): Text 'Review the information below and make any necessary corrections by clicking the' is present on page  using regular expression

2024-11-07 20:55:26 - [MESSAGE][PASSED] - Text 'Review the information below and make any necessary corrections by clicking the' is present on page  using regular expression

2024-11-07 20:55:26 - [TEST_STEP][PASSED] - verifyTextPresent("When you are confident that all the information is correct, click the", true): Text 'When you are confident that all the information is correct, click the' is present on page  using regular expression

2024-11-07 20:55:26 - [MESSAGE][PASSED] - Text 'When you are confident that all the information is correct, click the' is present on page  using regular expression

2024-11-07 20:55:26 - [TEST_STEP][PASSED] - verifyTextPresent("Payment Type/Filing Year", true): Text 'Payment Type/Filing Year' is present on page  using regular expression

2024-11-07 20:55:26 - [MESSAGE][PASSED] - Text 'Payment Type/Filing Year' is present on page  using regular expression

2024-11-07 20:55:26 - [TEST_STEP][PASSED] - verifyTextPresent("Payment Type:", true): Text 'Payment Type:' is present on page  using regular expression

2024-11-07 20:55:27 - [MESSAGE][PASSED] - Text 'Payment Type:' is present on page  using regular expression

2024-11-07 20:55:27 - [TEST_STEP][PASSED] - verifyTextPresent("Existing Liability with Notice/Invoice Number", true): Text 'Existing Liability with Notice/Invoice Number' is present on page  using regular expression

2024-11-07 20:55:27 - [MESSAGE][PASSED] - Text 'Existing Liability with Notice/Invoice Number' is present on page  using regular expression

2024-11-07 20:55:27 - [TEST_STEP][PASSED] - verifyTextPresent("Payer Information", true): Text 'Payer Information' is present on page  using regular expression

2024-11-07 20:55:27 - [MESSAGE][PASSED] - Text 'Payer Information' is present on page  using regular expression

2024-11-07 20:55:27 - [TEST_STEP][PASSED] - verifyTextPresent("Taxpayer Name:", true): Text 'Taxpayer Name:' is present on page  using regular expression

2024-11-07 20:55:28 - [MESSAGE][PASSED] - Text 'Taxpayer Name:' is present on page  using regular expression

2024-11-07 20:55:28 - [TEST_STEP][PASSED] - if (!(TaxType.equalsIgnoreCase("Sales & Use Tax"))): Text 'My Company' is present on page  using regular expression

2024-11-07 20:55:28 - [TEST_STEP][PASSED] - verifyTextPresent("My Company", true): Text 'My Company' is present on page  using regular expression

2024-11-07 20:55:28 - [MESSAGE][PASSED] - Text 'My Company' is present on page  using regular expression

2024-11-07 20:55:28 - [TEST_STEP][PASSED] - verifyTextPresent("Business Rep Name:", true): Text 'Business Rep Name:' is present on page  using regular expression

2024-11-07 20:55:28 - [MESSAGE][PASSED] - Text 'Business Rep Name:' is present on page  using regular expression

2024-11-07 20:55:28 - [TEST_STEP][PASSED] - verifyTextPresent("BusRepFname BusRepLname", true): Text 'BusRepFname BusRepLname' is present on page  using regular expression

2024-11-07 20:55:29 - [MESSAGE][PASSED] - Text 'BusRepFname BusRepLname' is present on page  using regular expression

2024-11-07 20:55:29 - [TEST_STEP][PASSED] - verifyTextPresent("Taxpayer Address:", true): Text 'Taxpayer Address:' is present on page  using regular expression

2024-11-07 20:55:30 - [MESSAGE][PASSED] - Text 'Taxpayer Address:' is present on page  using regular expression

2024-11-07 20:55:30 - [TEST_STEP][PASSED] - verifyTextPresent("2508 Mandan Terrace Gambrills Maryland 21054", true): Text '2508 Mandan Terrace Gambrills Maryland 21054' is present on page  using regular expression

2024-11-07 20:55:30 - [MESSAGE][PASSED] - Text '2508 Mandan Terrace Gambrills Maryland 21054' is present on page  using regular expression

2024-11-07 20:55:30 - [TEST_STEP][PASSED] - verifyTextPresent("Email:", true): Text 'Email:' is present on page  using regular expression

2024-11-07 20:55:31 - [MESSAGE][PASSED] - Text 'Email:' is present on page  using regular expression

2024-11-07 20:55:31 - [TEST_STEP][PASSED] - verifyTextPresent("iahmed@govolution.com", true): Text 'iahmed@govolution.com' is present on page  using regular expression

2024-11-07 20:55:31 - [MESSAGE][PASSED] - Text 'iahmed@govolution.com' is present on page  using regular expression

2024-11-07 20:55:31 - [TEST_STEP][PASSED] - verifyTextPresent("Phone:", true): Text 'Phone:' is present on page  using regular expression

2024-11-07 20:55:32 - [MESSAGE][PASSED] - Text 'Phone:' is present on page  using regular expression

2024-11-07 20:55:32 - [TEST_STEP][PASSED] - verifyTextPresent("(703) 894-5000", false): Text '(703) 894-5000' is present on page 

2024-11-07 20:55:33 - [MESSAGE][PASSED] - Text '(703) 894-5000' is present on page 

2024-11-07 20:55:33 - [TEST_STEP][PASSED] - verifyTextPresent("Tax Information", true): Text 'Tax Information' is present on page  using regular expression

2024-11-07 20:55:33 - [MESSAGE][PASSED] - Text 'Tax Information' is present on page  using regular expression

2024-11-07 20:55:33 - [TEST_STEP][PASSED] - if (feinSsn.equalsIgnoreCase("Y")): Text 'Federal EIN:' is not present on page using regular expression

2024-11-07 20:55:33 - [TEST_STEP][PASSED] - verifyTextPresent("FEIN/SSN:", true): Text 'FEIN/SSN:' is present on page  using regular expression

2024-11-07 20:55:34 - [MESSAGE][PASSED] - Text 'FEIN/SSN:' is present on page  using regular expression

2024-11-07 20:55:34 - [TEST_STEP][PASSED] - verifyTextNotPresent("Federal EIN:", true): Text 'Federal EIN:' is not present on page using regular expression

2024-11-07 20:55:34 - [MESSAGE][PASSED] - Text 'Federal EIN:' is not present on page using regular expression

2024-11-07 20:55:34 - [TEST_STEP][PASSED] - verifyTextPresent("XXXXX0532", true): Text 'XXXXX0532' is present on page  using regular expression

2024-11-07 20:55:35 - [MESSAGE][PASSED] - Text 'XXXXX0532' is present on page  using regular expression

2024-11-07 20:55:35 - [TEST_STEP][PASSED] - verifyTextPresent("Notice Or Invoice Number:", true): Text 'Notice Or Invoice Number:' is present on page  using regular expression

2024-11-07 20:55:35 - [MESSAGE][PASSED] - Text 'Notice Or Invoice Number:' is present on page  using regular expression

2024-11-07 20:55:35 - [TEST_STEP][PASSED] - verifyTextPresent("1234567890123", true): Text '1234567890123' is present on page  using regular expression

2024-11-07 20:55:35 - [MESSAGE][PASSED] - Text '1234567890123' is present on page  using regular expression

2024-11-07 20:55:35 - [TEST_STEP][PASSED] - verifyTextPresent("Tax Type:", true): Text 'Tax Type:' is present on page  using regular expression

2024-11-07 20:55:36 - [MESSAGE][PASSED] - Text 'Tax Type:' is present on page  using regular expression

2024-11-07 20:55:36 - [TEST_STEP][PASSED] - verifyTextPresent(TaxType, true): Text 'PTE Non-Electing S Corp' is present on page  using regular expression

2024-11-07 20:55:36 - [MESSAGE][PASSED] - Text 'PTE Non-Electing S Corp' is present on page  using regular expression

2024-11-07 20:55:36 - [TEST_STEP][PASSED] - if (CRN.equalsIgnoreCase("Y")): null

2024-11-07 20:55:36 - [TEST_STEP][PASSED] - if (MFLicNum.equalsIgnoreCase("Y")): null

2024-11-07 20:55:36 - [TEST_STEP][PASSED] - verifyTextPresent("Payment Amount:", true): Text 'Payment Amount:' is present on page  using regular expression

2024-11-07 20:55:36 - [MESSAGE][PASSED] - Text 'Payment Amount:' is present on page  using regular expression

2024-11-07 20:55:36 - [TEST_STEP][PASSED] - verifyTextPresent("100.00", true): Text '100.00' is present on page  using regular expression

2024-11-07 20:55:37 - [MESSAGE][PASSED] - Text '100.00' is present on page  using regular expression

2024-11-07 20:55:37 - [TEST_STEP][PASSED] - if (verifyElementVisible(findTestObject(orPath_Summary + "/button_Proceed to Payment"))): null

2024-11-07 20:55:37 - [MESSAGE][PASSED] - Object 'Object Repository/RAD_Pages/Summary_Page/button_Proceed to Payment' is visible

2024-11-07 20:55:37 - [TEST_STEP][PASSED] - resText = "Pass": null

2024-11-07 20:55:37 - [TEST_STEP][PASSED] - pages.WriteExcel.demoKey(resText, datText, resColumn, datCloumn, fileLoc, nameSheet, row): pages.WriteExcel.demoKey is PASSED

2024-11-07 20:55:37 - [MESSAGE][PASSED] - pages.WriteExcel.demoKey is PASSED

2024-11-07 20:55:37 - [TEST_STEP][PASSED] - click(findTestObject(orPath_Summary + "/button_Proceed to Payment")): Object: 'Object Repository/RAD_Pages/Summary_Page/button_Proceed to Payment' is clicked on

2024-11-07 20:55:40 - [MESSAGE][PASSED] - Object: 'Object Repository/RAD_Pages/Summary_Page/button_Proceed to Payment' is clicked on

2024-11-07 20:55:40 - [TEST_STEP][PASSED] - verifyElementPresent(findTestObject("Object Repository/RAD_Pages/PaymentEntry_Page/input__billingName"), 30): Object 'Object Repository/RAD_Pages/PaymentEntry_Page/input__billingName' is present

2024-11-07 20:55:41 - [MESSAGE][PASSED] - Object 'Object Repository/RAD_Pages/PaymentEntry_Page/input__billingName' is present

2024-11-07 20:55:41 - [TEST_STEP][PASSED] - ExecuteTC = findTestData(dataFile).getValue("Execute", row): null

2024-11-07 20:55:41 - [TEST_STEP][PASSED] - TaxType = findTestData(dataFile).getValue("TaxType", row): null

2024-11-07 20:55:41 - [TEST_STEP][PASSED] - PaymentType = findTestData(dataFile).getValue("PaymentType", row): null

2024-11-07 20:55:41 - [TEST_STEP][PASSED] - feinSsn = findTestData(dataFile).getValue("FEINSSN", row): null

2024-11-07 20:55:41 - [TEST_STEP][PASSED] - CRN = findTestData(dataFile).getValue("CRN", row): null

2024-11-07 20:55:41 - [TEST_STEP][PASSED] - MFLicNum = findTestData(dataFile).getValue("MFLicNum", row): null

2024-11-07 20:55:41 - [TEST_STEP][PASSED] - if (ExecuteTC.equalsIgnoreCase("Y")): Object 'Object Repository/RAD_Pages/PaymentEntry_Page/input__billingName' is present

2024-11-07 20:55:41 - [TEST_STEP][PASSED] - out.println("Begin Record Number: " + row): null

2024-11-07 20:55:41 - [TEST_STEP][PASSED] - today = new java.util.Date(): null

2024-11-07 20:55:41 - [TEST_STEP][PASSED] - println(today): null

2024-11-07 20:55:41 - [TEST_STEP][PASSED] - datText = today: null

2024-11-07 20:55:41 - [TEST_STEP][PASSED] - logInfo("Payment Type: Existing Liability with Notice/Invoice Number"): Payment Type: Existing Liability with Notice/Invoice Number

2024-11-07 20:55:41 - [MESSAGE][INFO] - Payment Type: Existing Liability with Notice/Invoice Number

2024-11-07 20:55:41 - [TEST_STEP][PASSED] - logInfo("Tax Type: " + TaxType): Tax Type: Sales & Use Tax

2024-11-07 20:55:41 - [MESSAGE][INFO] - Tax Type: Sales & Use Tax

2024-11-07 20:55:41 - [TEST_STEP][PASSED] - openBrowser(""): Browser is opened with url: ''

2024-11-07 20:55:41 - [MESSAGE][WARNING] - A browser is already opened. Closing browser and opening a new one

2024-11-07 20:55:43 - [MESSAGE][INFO] - Starting 'Chrome' driver

2024-11-07 20:55:43 - [MESSAGE][INFO] - User set preference: ['acceptInsecureCerts', 'true']

2024-11-07 20:55:43 - [MESSAGE][INFO] - Action delay is set to 0 milliseconds

2024-11-07 20:55:45 - [MESSAGE][PASSED] - Browser is opened with url: ''

2024-11-07 20:55:45 - [TEST_STEP][PASSED] - maximizeWindow(): Current window maximized

2024-11-07 20:55:46 - [MESSAGE][PASSED] - Current window maximized

2024-11-07 20:55:46 - [TEST_STEP][PASSED] - navigateToUrl(RADurl): Navigate to 'https://www.velocitypayment.com/client/rad/index.html' successfully

2024-11-07 20:55:54 - [MESSAGE][PASSED] - Navigate to 'https://www.velocitypayment.com/client/rad/index.html' successfully

2024-11-07 20:55:54 - [TEST_STEP][PASSED] - selectOptionByLabel(findTestObject(orPath_Landing + "/dd_TaxType"), "Existing Liability with Notice/Invoice Number", false): All options with label 'Existing Liability with Notice/Invoice Number' are selected in object 'Object Repository/RAD_Pages/Landing_Page/dd_TaxType' 

2024-11-07 20:55:56 - [MESSAGE][PASSED] - All options with label 'Existing Liability with Notice/Invoice Number' are selected in object 'Object Repository/RAD_Pages/Landing_Page/dd_TaxType' 

2024-11-07 20:55:56 - [TEST_STEP][PASSED] - selectOptionByLabel(findTestObject(orPath_TaxTypeFilingYear + "/select_TaxType_ExistingLiability"), TaxType, false): All options with label 'Sales & Use Tax' are selected in object 'Object Repository/RAD_Pages/TaxTypeFilingYear_Page/select_TaxType_ExistingLiability' 

2024-11-07 20:55:56 - [MESSAGE][PASSED] - All options with label 'Sales & Use Tax' are selected in object 'Object Repository/RAD_Pages/TaxTypeFilingYear_Page/select_TaxType_ExistingLiability' 

2024-11-07 20:55:56 - [TEST_STEP][PASSED] - rad.getSetDataRAD.setDataRADBusinessName(): rad.getSetDataRAD.setDataRADBusinessName is PASSED

2024-11-07 20:55:57 - [MESSAGE][PASSED] - Text 'My Company' is set on object 'Object Repository/RAD_Pages/Taxpayer_Page/input_businessName'

2024-11-07 20:55:57 - [MESSAGE][PASSED] - rad.getSetDataRAD.setDataRADBusinessName is PASSED

2024-11-07 20:55:57 - [TEST_STEP][PASSED] - rad.getSetDataRAD.setDataRADBusinessRep(): rad.getSetDataRAD.setDataRADBusinessRep is PASSED

2024-11-07 20:55:58 - [MESSAGE][PASSED] - Text 'BusRepFname' is set on object 'Object Repository/RAD_Pages/Taxpayer_Page/input_BusinessRepfirstName'

2024-11-07 20:55:59 - [MESSAGE][PASSED] - Text '' is set on object 'Object Repository/RAD_Pages/Taxpayer_Page/input_BusinessRepmiddleName'

2024-11-07 20:56:00 - [MESSAGE][PASSED] - Text 'BusRepLname' is set on object 'Object Repository/RAD_Pages/Taxpayer_Page/input_BusinessReplastName'

2024-11-07 20:56:01 - [MESSAGE][PASSED] - Text '' is set on object 'Object Repository/RAD_Pages/Taxpayer_Page/input_BusinessRepsuffix'

2024-11-07 20:56:01 - [MESSAGE][PASSED] - rad.getSetDataRAD.setDataRADBusinessRep is PASSED

2024-11-07 20:56:01 - [TEST_STEP][PASSED] - rad.getSetDataRAD.setDataRADAddress(): rad.getSetDataRAD.setDataRADAddress is PASSED

2024-11-07 20:56:01 - [MESSAGE][PASSED] - All options with label 'United States' are selected in object 'Object Repository/RAD_Pages/AddressAndContactInfo_Page/select_Country' 

2024-11-07 20:56:02 - [MESSAGE][PASSED] - Text '2508 Mandan Terrace' is set on object 'Object Repository/RAD_Pages/AddressAndContactInfo_Page/input_streetAddress1'

2024-11-07 20:56:03 - [MESSAGE][PASSED] - Text '' is set on object 'Object Repository/RAD_Pages/AddressAndContactInfo_Page/input_streetAddress2'

2024-11-07 20:56:04 - [MESSAGE][PASSED] - Text 'Gambrills' is set on object 'Object Repository/RAD_Pages/AddressAndContactInfo_Page/input_city'

2024-11-07 20:56:04 - [MESSAGE][PASSED] - All options with label 'Maryland' are selected in object 'Object Repository/RAD_Pages/AddressAndContactInfo_Page/select_State' 

2024-11-07 20:56:05 - [MESSAGE][PASSED] - Text '21054' is set on object 'Object Repository/RAD_Pages/AddressAndContactInfo_Page/input_zipCode'

2024-11-07 20:56:06 - [MESSAGE][PASSED] - Text '(703) 894-5000' is set on object 'Object Repository/RAD_Pages/AddressAndContactInfo_Page/input_phoneNumber'

2024-11-07 20:56:07 - [MESSAGE][PASSED] - Text 'iahmed@govolution.com' is set on object 'Object Repository/RAD_Pages/AddressAndContactInfo_Page/input_eMailAddress'

2024-11-07 20:56:07 - [MESSAGE][PASSED] - Text 'iahmed@govolution.com' is set on object 'Object Repository/RAD_Pages/AddressAndContactInfo_Page/input_reEnterEMailAddress'

2024-11-07 20:56:07 - [MESSAGE][PASSED] - rad.getSetDataRAD.setDataRADAddress is PASSED

2024-11-07 20:56:07 - [TEST_STEP][PASSED] - if (feinSsn.equalsIgnoreCase("Y")): null

2024-11-07 20:56:07 - [TEST_STEP][PASSED] - else: Text ****** has been set on object 'Object Repository/RAD_Pages/TaxInfo_Page/input_concat(id(, , data, , ))_Data (1)'

2024-11-07 20:56:07 - [TEST_STEP][PASSED] - setEncryptedText(findTestObject("Object Repository/RAD_Pages/TaxInfo_Page/input_concat(id(, , data, , ))_Data"), "px0FNUagnh7G/CVR/QiY+A=="): Text ****** has been set on object 'Object Repository/RAD_Pages/TaxInfo_Page/input_concat(id(, , data, , ))_Data'

2024-11-07 20:56:08 - [MESSAGE][PASSED] - Text ****** has been set on object 'Object Repository/RAD_Pages/TaxInfo_Page/input_concat(id(, , data, , ))_Data'

2024-11-07 20:56:08 - [TEST_STEP][PASSED] - setEncryptedText(findTestObject("Object Repository/RAD_Pages/TaxInfo_Page/input_concat(id(, , data, , ))_Data (1)"), "px0FNUagnh7G/CVR/QiY+A=="): Text ****** has been set on object 'Object Repository/RAD_Pages/TaxInfo_Page/input_concat(id(, , data, , ))_Data (1)'

2024-11-07 20:56:09 - [MESSAGE][PASSED] - Text ****** has been set on object 'Object Repository/RAD_Pages/TaxInfo_Page/input_concat(id(, , data, , ))_Data (1)'

2024-11-07 20:56:09 - [TEST_STEP][PASSED] - rad.getSetDataRAD.setDataRADNoticeInvoiceThirteen(): rad.getSetDataRAD.setDataRADNoticeInvoiceThirteen is PASSED

2024-11-07 20:56:09 - [MESSAGE][PASSED] - Text '1234567890123' is set on object 'Object Repository/RAD_Pages/TaxInfo_Page/input_NoticeInvoiceNumber'

2024-11-07 20:56:10 - [MESSAGE][PASSED] - Text '1234567890123' is set on object 'Object Repository/RAD_Pages/TaxInfo_Page/input_reTypeNoticeInvoiceNumber'

2024-11-07 20:56:10 - [MESSAGE][PASSED] - rad.getSetDataRAD.setDataRADNoticeInvoiceThirteen is PASSED

2024-11-07 20:56:10 - [TEST_STEP][PASSED] - if (MFLicNum.equalsIgnoreCase("Y")): null

2024-11-07 20:56:10 - [TEST_STEP][PASSED] - if (CRN.equalsIgnoreCase("Y")): rad.getSetDataRAD.setDataExistingRADMDCRN is PASSED

2024-11-07 20:56:10 - [TEST_STEP][PASSED] - rad.getSetDataRAD.setDataExistingRADMDCRN(): rad.getSetDataRAD.setDataExistingRADMDCRN is PASSED

2024-11-07 20:56:11 - [MESSAGE][PASSED] - Text '07640126' is set on object 'Object Repository/RAD_Pages/TaxInfo_Page/input_MDCRegistrationEL'

2024-11-07 20:56:11 - [MESSAGE][PASSED] - rad.getSetDataRAD.setDataExistingRADMDCRN is PASSED

2024-11-07 20:56:11 - [TEST_STEP][PASSED] - setText(findTestObject(orPath_Amount + "/input__paymentAmount"), "100.00"): Text '100.00' is set on object 'Object Repository/RAD_Pages/PaymentAmount_Page/input__paymentAmount'

2024-11-07 20:56:12 - [MESSAGE][PASSED] - Text '100.00' is set on object 'Object Repository/RAD_Pages/PaymentAmount_Page/input__paymentAmount'

2024-11-07 20:56:12 - [TEST_STEP][PASSED] - setText(findTestObject(orPath_AddressContact + "/input_streetAddress2"), ""): Text '' is set on object 'Object Repository/RAD_Pages/AddressAndContactInfo_Page/input_streetAddress2'

2024-11-07 20:56:12 - [MESSAGE][PASSED] - Text '' is set on object 'Object Repository/RAD_Pages/AddressAndContactInfo_Page/input_streetAddress2'

2024-11-07 20:56:12 - [TEST_STEP][PASSED] - scrollToElement(findTestObject(orPath_Landing + "/button_Continue"), 3): Scroll to object 'Object Repository/RAD_Pages/Landing_Page/button_Continue' successfully

2024-11-07 20:56:13 - [MESSAGE][PASSED] - Scroll to object 'Object Repository/RAD_Pages/Landing_Page/button_Continue' successfully

2024-11-07 20:56:13 - [TEST_STEP][PASSED] - waitForElementClickable(findTestObject(orPath_Landing + "/button_Continue"), 5): Object 'Object Repository/RAD_Pages/Landing_Page/button_Continue' is clickable

2024-11-07 20:56:13 - [MESSAGE][PASSED] - Object 'Object Repository/RAD_Pages/Landing_Page/button_Continue' is clickable

2024-11-07 20:56:13 - [TEST_STEP][PASSED] - click(findTestObject(orPath_Landing + "/button_Continue")): Object: 'Object Repository/RAD_Pages/Landing_Page/button_Continue' is clicked on

2024-11-07 20:56:14 - [MESSAGE][PASSED] - Object: 'Object Repository/RAD_Pages/Landing_Page/button_Continue' is clicked on

2024-11-07 20:56:14 - [TEST_STEP][PASSED] - delay(2): Delayed 2 second(s)

2024-11-07 20:56:16 - [MESSAGE][PASSED] - Delayed 2 second(s)

2024-11-07 20:56:16 - [TEST_STEP][PASSED] - verifyTextPresent("Summary", true): Text 'Summary' is present on page  using regular expression

2024-11-07 20:56:16 - [MESSAGE][PASSED] - Text 'Summary' is present on page  using regular expression

2024-11-07 20:56:16 - [TEST_STEP][PASSED] - verifyTextPresent("Review the information below and make any necessary corrections by clicking the", true): Text 'Review the information below and make any necessary corrections by clicking the' is present on page  using regular expression

2024-11-07 20:56:17 - [MESSAGE][PASSED] - Text 'Review the information below and make any necessary corrections by clicking the' is present on page  using regular expression

2024-11-07 20:56:17 - [TEST_STEP][PASSED] - verifyTextPresent("When you are confident that all the information is correct, click the", true): Text 'When you are confident that all the information is correct, click the' is present on page  using regular expression

2024-11-07 20:56:17 - [MESSAGE][PASSED] - Text 'When you are confident that all the information is correct, click the' is present on page  using regular expression

2024-11-07 20:56:17 - [TEST_STEP][PASSED] - verifyTextPresent("Payment Type/Filing Year", true): Text 'Payment Type/Filing Year' is present on page  using regular expression

2024-11-07 20:56:17 - [MESSAGE][PASSED] - Text 'Payment Type/Filing Year' is present on page  using regular expression

2024-11-07 20:56:17 - [TEST_STEP][PASSED] - verifyTextPresent("Payment Type:", true): Text 'Payment Type:' is present on page  using regular expression

2024-11-07 20:56:18 - [MESSAGE][PASSED] - Text 'Payment Type:' is present on page  using regular expression

2024-11-07 20:56:18 - [TEST_STEP][PASSED] - verifyTextPresent("Existing Liability with Notice/Invoice Number", true): Text 'Existing Liability with Notice/Invoice Number' is present on page  using regular expression

2024-11-07 20:56:18 - [MESSAGE][PASSED] - Text 'Existing Liability with Notice/Invoice Number' is present on page  using regular expression

2024-11-07 20:56:18 - [TEST_STEP][PASSED] - verifyTextPresent("Payer Information", true): Text 'Payer Information' is present on page  using regular expression

2024-11-07 20:56:18 - [MESSAGE][PASSED] - Text 'Payer Information' is present on page  using regular expression

2024-11-07 20:56:18 - [TEST_STEP][PASSED] - verifyTextPresent("Taxpayer Name:", true): Text 'Taxpayer Name:' is present on page  using regular expression

2024-11-07 20:56:19 - [MESSAGE][PASSED] - Text 'Taxpayer Name:' is present on page  using regular expression

2024-11-07 20:56:19 - [TEST_STEP][PASSED] - if (!(TaxType.equalsIgnoreCase("Sales & Use Tax"))): null

2024-11-07 20:56:19 - [TEST_STEP][PASSED] - verifyTextPresent("Business Rep Name:", true): Text 'Business Rep Name:' is present on page  using regular expression

2024-11-07 20:56:19 - [MESSAGE][PASSED] - Text 'Business Rep Name:' is present on page  using regular expression

2024-11-07 20:56:19 - [TEST_STEP][PASSED] - verifyTextPresent("BusRepFname BusRepLname", true): Text 'BusRepFname BusRepLname' is present on page  using regular expression

2024-11-07 20:56:19 - [MESSAGE][PASSED] - Text 'BusRepFname BusRepLname' is present on page  using regular expression

2024-11-07 20:56:19 - [TEST_STEP][PASSED] - verifyTextPresent("Taxpayer Address:", true): Text 'Taxpayer Address:' is present on page  using regular expression

2024-11-07 20:56:20 - [MESSAGE][PASSED] - Text 'Taxpayer Address:' is present on page  using regular expression

2024-11-07 20:56:20 - [TEST_STEP][PASSED] - verifyTextPresent("2508 Mandan Terrace Gambrills Maryland 21054", true): Text '2508 Mandan Terrace Gambrills Maryland 21054' is present on page  using regular expression

2024-11-07 20:56:20 - [MESSAGE][PASSED] - Text '2508 Mandan Terrace Gambrills Maryland 21054' is present on page  using regular expression

2024-11-07 20:56:20 - [TEST_STEP][PASSED] - verifyTextPresent("Email:", true): Text 'Email:' is present on page  using regular expression

2024-11-07 20:56:20 - [MESSAGE][PASSED] - Text 'Email:' is present on page  using regular expression

2024-11-07 20:56:20 - [TEST_STEP][PASSED] - verifyTextPresent("iahmed@govolution.com", true): Text 'iahmed@govolution.com' is present on page  using regular expression

2024-11-07 20:56:21 - [MESSAGE][PASSED] - Text 'iahmed@govolution.com' is present on page  using regular expression

2024-11-07 20:56:21 - [TEST_STEP][PASSED] - verifyTextPresent("Phone:", true): Text 'Phone:' is present on page  using regular expression

2024-11-07 20:56:21 - [MESSAGE][PASSED] - Text 'Phone:' is present on page  using regular expression

2024-11-07 20:56:21 - [TEST_STEP][PASSED] - verifyTextPresent("(703) 894-5000", false): Text '(703) 894-5000' is present on page 

2024-11-07 20:56:21 - [MESSAGE][PASSED] - Text '(703) 894-5000' is present on page 

2024-11-07 20:56:21 - [TEST_STEP][PASSED] - verifyTextPresent("Tax Information", true): Text 'Tax Information' is present on page  using regular expression

2024-11-07 20:56:21 - [MESSAGE][PASSED] - Text 'Tax Information' is present on page  using regular expression

2024-11-07 20:56:21 - [TEST_STEP][PASSED] - if (feinSsn.equalsIgnoreCase("Y")): null

2024-11-07 20:56:21 - [TEST_STEP][PASSED] - else: Text 'FEIN/SSN:' is not present on page using regular expression

2024-11-07 20:56:21 - [TEST_STEP][PASSED] - verifyTextPresent("Federal EIN:", true): Text 'Federal EIN:' is present on page  using regular expression

2024-11-07 20:56:22 - [MESSAGE][PASSED] - Text 'Federal EIN:' is present on page  using regular expression

2024-11-07 20:56:22 - [TEST_STEP][PASSED] - verifyTextNotPresent("FEIN/SSN:", true): Text 'FEIN/SSN:' is not present on page using regular expression

2024-11-07 20:56:22 - [MESSAGE][PASSED] - Text 'FEIN/SSN:' is not present on page using regular expression

2024-11-07 20:56:22 - [TEST_STEP][PASSED] - verifyTextPresent("XXXXX0532", true): Text 'XXXXX0532' is present on page  using regular expression

2024-11-07 20:56:22 - [MESSAGE][PASSED] - Text 'XXXXX0532' is present on page  using regular expression

2024-11-07 20:56:22 - [TEST_STEP][PASSED] - verifyTextPresent("Notice Or Invoice Number:", true): Text 'Notice Or Invoice Number:' is present on page  using regular expression

2024-11-07 20:56:23 - [MESSAGE][PASSED] - Text 'Notice Or Invoice Number:' is present on page  using regular expression

2024-11-07 20:56:23 - [TEST_STEP][PASSED] - verifyTextPresent("1234567890123", true): Text '1234567890123' is present on page  using regular expression

2024-11-07 20:56:23 - [MESSAGE][PASSED] - Text '1234567890123' is present on page  using regular expression

2024-11-07 20:56:23 - [TEST_STEP][PASSED] - verifyTextPresent("Tax Type:", true): Text 'Tax Type:' is present on page  using regular expression

2024-11-07 20:56:23 - [MESSAGE][PASSED] - Text 'Tax Type:' is present on page  using regular expression

2024-11-07 20:56:23 - [TEST_STEP][PASSED] - verifyTextPresent(TaxType, true): Text 'Sales & Use Tax' is present on page  using regular expression

2024-11-07 20:56:24 - [MESSAGE][PASSED] - Text 'Sales & Use Tax' is present on page  using regular expression

2024-11-07 20:56:24 - [TEST_STEP][PASSED] - if (CRN.equalsIgnoreCase("Y")): Text '07640126' is present on page  using regular expression

2024-11-07 20:56:24 - [TEST_STEP][PASSED] - verifyTextPresent("MD Central Registration Number#:", true): Text 'MD Central Registration Number#:' is present on page  using regular expression

2024-11-07 20:56:24 - [MESSAGE][PASSED] - Text 'MD Central Registration Number#:' is present on page  using regular expression

2024-11-07 20:56:24 - [TEST_STEP][PASSED] - verifyTextPresent("07640126", true): Text '07640126' is present on page  using regular expression

2024-11-07 20:56:24 - [MESSAGE][PASSED] - Text '07640126' is present on page  using regular expression

2024-11-07 20:56:24 - [TEST_STEP][PASSED] - if (MFLicNum.equalsIgnoreCase("Y")): null

2024-11-07 20:56:24 - [TEST_STEP][PASSED] - verifyTextPresent("Payment Amount:", true): Text 'Payment Amount:' is present on page  using regular expression

2024-11-07 20:56:25 - [MESSAGE][PASSED] - Text 'Payment Amount:' is present on page  using regular expression

2024-11-07 20:56:25 - [TEST_STEP][PASSED] - verifyTextPresent("100.00", true): Text '100.00' is present on page  using regular expression

2024-11-07 20:56:25 - [MESSAGE][PASSED] - Text '100.00' is present on page  using regular expression

2024-11-07 20:56:25 - [TEST_STEP][PASSED] - if (verifyElementVisible(findTestObject(orPath_Summary + "/button_Proceed to Payment"))): null

2024-11-07 20:56:25 - [MESSAGE][PASSED] - Object 'Object Repository/RAD_Pages/Summary_Page/button_Proceed to Payment' is visible

2024-11-07 20:56:25 - [TEST_STEP][PASSED] - resText = "Pass": null

2024-11-07 20:56:25 - [TEST_STEP][PASSED] - pages.WriteExcel.demoKey(resText, datText, resColumn, datCloumn, fileLoc, nameSheet, row): pages.WriteExcel.demoKey is PASSED

2024-11-07 20:56:25 - [MESSAGE][PASSED] - pages.WriteExcel.demoKey is PASSED

2024-11-07 20:56:25 - [TEST_STEP][PASSED] - click(findTestObject(orPath_Summary + "/button_Proceed to Payment")): Object: 'Object Repository/RAD_Pages/Summary_Page/button_Proceed to Payment' is clicked on

2024-11-07 20:56:28 - [MESSAGE][PASSED] - Object: 'Object Repository/RAD_Pages/Summary_Page/button_Proceed to Payment' is clicked on

2024-11-07 20:56:28 - [TEST_STEP][PASSED] - verifyElementPresent(findTestObject("Object Repository/RAD_Pages/PaymentEntry_Page/input__billingName"), 30): Object 'Object Repository/RAD_Pages/PaymentEntry_Page/input__billingName' is present

2024-11-07 20:56:28 - [MESSAGE][PASSED] - Object 'Object Repository/RAD_Pages/PaymentEntry_Page/input__billingName' is present

2024-11-07 20:56:28 - [TEST_STEP][PASSED] - ExecuteTC = findTestData(dataFile).getValue("Execute", row): null

2024-11-07 20:56:28 - [TEST_STEP][PASSED] - TaxType = findTestData(dataFile).getValue("TaxType", row): null

2024-11-07 20:56:28 - [TEST_STEP][PASSED] - PaymentType = findTestData(dataFile).getValue("PaymentType", row): null

2024-11-07 20:56:28 - [TEST_STEP][PASSED] - feinSsn = findTestData(dataFile).getValue("FEINSSN", row): null

2024-11-07 20:56:29 - [TEST_STEP][PASSED] - CRN = findTestData(dataFile).getValue("CRN", row): null

2024-11-07 20:56:29 - [TEST_STEP][PASSED] - MFLicNum = findTestData(dataFile).getValue("MFLicNum", row): null

2024-11-07 20:56:29 - [TEST_STEP][PASSED] - if (ExecuteTC.equalsIgnoreCase("Y")): Object 'Object Repository/RAD_Pages/PaymentEntry_Page/input__billingName' is present

2024-11-07 20:56:29 - [TEST_STEP][PASSED] - out.println("Begin Record Number: " + row): null

2024-11-07 20:56:29 - [TEST_STEP][PASSED] - today = new java.util.Date(): null

2024-11-07 20:56:29 - [TEST_STEP][PASSED] - println(today): null

2024-11-07 20:56:29 - [TEST_STEP][PASSED] - datText = today: null

2024-11-07 20:56:29 - [TEST_STEP][PASSED] - logInfo("Payment Type: Existing Liability with Notice/Invoice Number"): Payment Type: Existing Liability with Notice/Invoice Number

2024-11-07 20:56:29 - [MESSAGE][INFO] - Payment Type: Existing Liability with Notice/Invoice Number

2024-11-07 20:56:29 - [TEST_STEP][PASSED] - logInfo("Tax Type: " + TaxType): Tax Type: Tire Recycling Fee

2024-11-07 20:56:29 - [MESSAGE][INFO] - Tax Type: Tire Recycling Fee

2024-11-07 20:56:29 - [TEST_STEP][PASSED] - openBrowser(""): Browser is opened with url: ''

2024-11-07 20:56:29 - [MESSAGE][WARNING] - A browser is already opened. Closing browser and opening a new one

2024-11-07 20:56:30 - [MESSAGE][INFO] - Starting 'Chrome' driver

2024-11-07 20:56:30 - [MESSAGE][INFO] - User set preference: ['acceptInsecureCerts', 'true']

2024-11-07 20:56:30 - [MESSAGE][INFO] - Action delay is set to 0 milliseconds

2024-11-07 20:56:32 - [MESSAGE][PASSED] - Browser is opened with url: ''

2024-11-07 20:56:32 - [TEST_STEP][PASSED] - maximizeWindow(): Current window maximized

2024-11-07 20:56:32 - [MESSAGE][PASSED] - Current window maximized

2024-11-07 20:56:32 - [TEST_STEP][PASSED] - navigateToUrl(RADurl): Navigate to 'https://www.velocitypayment.com/client/rad/index.html' successfully

2024-11-07 20:56:35 - [MESSAGE][PASSED] - Navigate to 'https://www.velocitypayment.com/client/rad/index.html' successfully

2024-11-07 20:56:35 - [TEST_STEP][PASSED] - selectOptionByLabel(findTestObject(orPath_Landing + "/dd_TaxType"), "Existing Liability with Notice/Invoice Number", false): All options with label 'Existing Liability with Notice/Invoice Number' are selected in object 'Object Repository/RAD_Pages/Landing_Page/dd_TaxType' 

2024-11-07 20:56:37 - [MESSAGE][PASSED] - All options with label 'Existing Liability with Notice/Invoice Number' are selected in object 'Object Repository/RAD_Pages/Landing_Page/dd_TaxType' 

2024-11-07 20:56:37 - [TEST_STEP][PASSED] - selectOptionByLabel(findTestObject(orPath_TaxTypeFilingYear + "/select_TaxType_ExistingLiability"), TaxType, false): All options with label 'Tire Recycling Fee' are selected in object 'Object Repository/RAD_Pages/TaxTypeFilingYear_Page/select_TaxType_ExistingLiability' 

2024-11-07 20:56:38 - [MESSAGE][PASSED] - All options with label 'Tire Recycling Fee' are selected in object 'Object Repository/RAD_Pages/TaxTypeFilingYear_Page/select_TaxType_ExistingLiability' 

2024-11-07 20:56:38 - [TEST_STEP][PASSED] - rad.getSetDataRAD.setDataRADBusinessName(): rad.getSetDataRAD.setDataRADBusinessName is PASSED

2024-11-07 20:56:40 - [MESSAGE][PASSED] - Text 'My Company' is set on object 'Object Repository/RAD_Pages/Taxpayer_Page/input_businessName'

2024-11-07 20:56:40 - [MESSAGE][PASSED] - rad.getSetDataRAD.setDataRADBusinessName is PASSED

2024-11-07 20:56:40 - [TEST_STEP][PASSED] - rad.getSetDataRAD.setDataRADBusinessRep(): rad.getSetDataRAD.setDataRADBusinessRep is PASSED

2024-11-07 20:56:42 - [MESSAGE][PASSED] - Text 'BusRepFname' is set on object 'Object Repository/RAD_Pages/Taxpayer_Page/input_BusinessRepfirstName'

2024-11-07 20:56:43 - [MESSAGE][PASSED] - Text '' is set on object 'Object Repository/RAD_Pages/Taxpayer_Page/input_BusinessRepmiddleName'

2024-11-07 20:56:44 - [MESSAGE][PASSED] - Text 'BusRepLname' is set on object 'Object Repository/RAD_Pages/Taxpayer_Page/input_BusinessReplastName'

2024-11-07 20:56:45 - [MESSAGE][PASSED] - Text '' is set on object 'Object Repository/RAD_Pages/Taxpayer_Page/input_BusinessRepsuffix'

2024-11-07 20:56:45 - [MESSAGE][PASSED] - rad.getSetDataRAD.setDataRADBusinessRep is PASSED

2024-11-07 20:56:45 - [TEST_STEP][PASSED] - rad.getSetDataRAD.setDataRADAddress(): rad.getSetDataRAD.setDataRADAddress is PASSED

2024-11-07 20:56:45 - [MESSAGE][PASSED] - All options with label 'United States' are selected in object 'Object Repository/RAD_Pages/AddressAndContactInfo_Page/select_Country' 

2024-11-07 20:56:46 - [MESSAGE][PASSED] - Text '2508 Mandan Terrace' is set on object 'Object Repository/RAD_Pages/AddressAndContactInfo_Page/input_streetAddress1'

2024-11-07 20:56:47 - [MESSAGE][PASSED] - Text '' is set on object 'Object Repository/RAD_Pages/AddressAndContactInfo_Page/input_streetAddress2'

2024-11-07 20:56:48 - [MESSAGE][PASSED] - Text 'Gambrills' is set on object 'Object Repository/RAD_Pages/AddressAndContactInfo_Page/input_city'

2024-11-07 20:56:48 - [MESSAGE][PASSED] - All options with label 'Maryland' are selected in object 'Object Repository/RAD_Pages/AddressAndContactInfo_Page/select_State' 

2024-11-07 20:56:49 - [MESSAGE][PASSED] - Text '21054' is set on object 'Object Repository/RAD_Pages/AddressAndContactInfo_Page/input_zipCode'

2024-11-07 20:56:50 - [MESSAGE][PASSED] - Text '(703) 894-5000' is set on object 'Object Repository/RAD_Pages/AddressAndContactInfo_Page/input_phoneNumber'

2024-11-07 20:56:51 - [MESSAGE][PASSED] - Text 'iahmed@govolution.com' is set on object 'Object Repository/RAD_Pages/AddressAndContactInfo_Page/input_eMailAddress'

2024-11-07 20:56:52 - [MESSAGE][PASSED] - Text 'iahmed@govolution.com' is set on object 'Object Repository/RAD_Pages/AddressAndContactInfo_Page/input_reEnterEMailAddress'

2024-11-07 20:56:52 - [MESSAGE][PASSED] - rad.getSetDataRAD.setDataRADAddress is PASSED

2024-11-07 20:56:52 - [TEST_STEP][PASSED] - if (feinSsn.equalsIgnoreCase("Y")): null

2024-11-07 20:56:52 - [TEST_STEP][PASSED] - else: Text ****** has been set on object 'Object Repository/RAD_Pages/TaxInfo_Page/input_concat(id(, , data, , ))_Data (1)'

2024-11-07 20:56:52 - [TEST_STEP][PASSED] - setEncryptedText(findTestObject("Object Repository/RAD_Pages/TaxInfo_Page/input_concat(id(, , data, , ))_Data"), "px0FNUagnh7G/CVR/QiY+A=="): Text ****** has been set on object 'Object Repository/RAD_Pages/TaxInfo_Page/input_concat(id(, , data, , ))_Data'

2024-11-07 20:56:53 - [MESSAGE][PASSED] - Text ****** has been set on object 'Object Repository/RAD_Pages/TaxInfo_Page/input_concat(id(, , data, , ))_Data'

2024-11-07 20:56:53 - [TEST_STEP][PASSED] - setEncryptedText(findTestObject("Object Repository/RAD_Pages/TaxInfo_Page/input_concat(id(, , data, , ))_Data (1)"), "px0FNUagnh7G/CVR/QiY+A=="): Text ****** has been set on object 'Object Repository/RAD_Pages/TaxInfo_Page/input_concat(id(, , data, , ))_Data (1)'

2024-11-07 20:56:54 - [MESSAGE][PASSED] - Text ****** has been set on object 'Object Repository/RAD_Pages/TaxInfo_Page/input_concat(id(, , data, , ))_Data (1)'

2024-11-07 20:56:54 - [TEST_STEP][PASSED] - rad.getSetDataRAD.setDataRADNoticeInvoiceThirteen(): rad.getSetDataRAD.setDataRADNoticeInvoiceThirteen is PASSED

2024-11-07 20:56:55 - [MESSAGE][PASSED] - Text '1234567890123' is set on object 'Object Repository/RAD_Pages/TaxInfo_Page/input_NoticeInvoiceNumber'

2024-11-07 20:56:56 - [MESSAGE][PASSED] - Text '1234567890123' is set on object 'Object Repository/RAD_Pages/TaxInfo_Page/input_reTypeNoticeInvoiceNumber'

2024-11-07 20:56:56 - [MESSAGE][PASSED] - rad.getSetDataRAD.setDataRADNoticeInvoiceThirteen is PASSED

2024-11-07 20:56:56 - [TEST_STEP][PASSED] - if (MFLicNum.equalsIgnoreCase("Y")): null

2024-11-07 20:56:56 - [TEST_STEP][PASSED] - if (CRN.equalsIgnoreCase("Y")): rad.getSetDataRAD.setDataExistingRADMDCRN is PASSED

2024-11-07 20:56:56 - [TEST_STEP][PASSED] - rad.getSetDataRAD.setDataExistingRADMDCRN(): rad.getSetDataRAD.setDataExistingRADMDCRN is PASSED

2024-11-07 20:56:57 - [MESSAGE][PASSED] - Text '07640126' is set on object 'Object Repository/RAD_Pages/TaxInfo_Page/input_MDCRegistrationEL'

2024-11-07 20:56:57 - [MESSAGE][PASSED] - rad.getSetDataRAD.setDataExistingRADMDCRN is PASSED

2024-11-07 20:56:57 - [TEST_STEP][PASSED] - setText(findTestObject(orPath_Amount + "/input__paymentAmount"), "100.00"): Text '100.00' is set on object 'Object Repository/RAD_Pages/PaymentAmount_Page/input__paymentAmount'

2024-11-07 20:56:58 - [MESSAGE][PASSED] - Text '100.00' is set on object 'Object Repository/RAD_Pages/PaymentAmount_Page/input__paymentAmount'

2024-11-07 20:56:58 - [TEST_STEP][PASSED] - setText(findTestObject(orPath_AddressContact + "/input_streetAddress2"), ""): Text '' is set on object 'Object Repository/RAD_Pages/AddressAndContactInfo_Page/input_streetAddress2'

2024-11-07 20:56:59 - [MESSAGE][PASSED] - Text '' is set on object 'Object Repository/RAD_Pages/AddressAndContactInfo_Page/input_streetAddress2'

2024-11-07 20:56:59 - [TEST_STEP][PASSED] - scrollToElement(findTestObject(orPath_Landing + "/button_Continue"), 3): Scroll to object 'Object Repository/RAD_Pages/Landing_Page/button_Continue' successfully

2024-11-07 20:56:59 - [MESSAGE][PASSED] - Scroll to object 'Object Repository/RAD_Pages/Landing_Page/button_Continue' successfully

2024-11-07 20:56:59 - [TEST_STEP][PASSED] - waitForElementClickable(findTestObject(orPath_Landing + "/button_Continue"), 5): Object 'Object Repository/RAD_Pages/Landing_Page/button_Continue' is clickable

2024-11-07 20:56:59 - [MESSAGE][PASSED] - Object 'Object Repository/RAD_Pages/Landing_Page/button_Continue' is clickable

2024-11-07 20:56:59 - [TEST_STEP][PASSED] - click(findTestObject(orPath_Landing + "/button_Continue")): Object: 'Object Repository/RAD_Pages/Landing_Page/button_Continue' is clicked on

2024-11-07 20:57:00 - [MESSAGE][PASSED] - Object: 'Object Repository/RAD_Pages/Landing_Page/button_Continue' is clicked on

2024-11-07 20:57:00 - [TEST_STEP][PASSED] - delay(2): Delayed 2 second(s)

2024-11-07 20:57:02 - [MESSAGE][PASSED] - Delayed 2 second(s)

2024-11-07 20:57:02 - [TEST_STEP][PASSED] - verifyTextPresent("Summary", true): Text 'Summary' is present on page  using regular expression

2024-11-07 20:57:02 - [MESSAGE][PASSED] - Text 'Summary' is present on page  using regular expression

2024-11-07 20:57:02 - [TEST_STEP][PASSED] - verifyTextPresent("Review the information below and make any necessary corrections by clicking the", true): Text 'Review the information below and make any necessary corrections by clicking the' is present on page  using regular expression

2024-11-07 20:57:03 - [MESSAGE][PASSED] - Text 'Review the information below and make any necessary corrections by clicking the' is present on page  using regular expression

2024-11-07 20:57:03 - [TEST_STEP][PASSED] - verifyTextPresent("When you are confident that all the information is correct, click the", true): Text 'When you are confident that all the information is correct, click the' is present on page  using regular expression

2024-11-07 20:57:03 - [MESSAGE][PASSED] - Text 'When you are confident that all the information is correct, click the' is present on page  using regular expression

2024-11-07 20:57:03 - [TEST_STEP][PASSED] - verifyTextPresent("Payment Type/Filing Year", true): Text 'Payment Type/Filing Year' is present on page  using regular expression

2024-11-07 20:57:03 - [MESSAGE][PASSED] - Text 'Payment Type/Filing Year' is present on page  using regular expression

2024-11-07 20:57:03 - [TEST_STEP][PASSED] - verifyTextPresent("Payment Type:", true): Text 'Payment Type:' is present on page  using regular expression

2024-11-07 20:57:04 - [MESSAGE][PASSED] - Text 'Payment Type:' is present on page  using regular expression

2024-11-07 20:57:04 - [TEST_STEP][PASSED] - verifyTextPresent("Existing Liability with Notice/Invoice Number", true): Text 'Existing Liability with Notice/Invoice Number' is present on page  using regular expression

2024-11-07 20:57:04 - [MESSAGE][PASSED] - Text 'Existing Liability with Notice/Invoice Number' is present on page  using regular expression

2024-11-07 20:57:04 - [TEST_STEP][PASSED] - verifyTextPresent("Payer Information", true): Text 'Payer Information' is present on page  using regular expression

2024-11-07 20:57:04 - [MESSAGE][PASSED] - Text 'Payer Information' is present on page  using regular expression

2024-11-07 20:57:04 - [TEST_STEP][PASSED] - verifyTextPresent("Taxpayer Name:", true): Text 'Taxpayer Name:' is present on page  using regular expression

2024-11-07 20:57:05 - [MESSAGE][PASSED] - Text 'Taxpayer Name:' is present on page  using regular expression

2024-11-07 20:57:05 - [TEST_STEP][PASSED] - if (!(TaxType.equalsIgnoreCase("Sales & Use Tax"))): Text 'My Company' is present on page  using regular expression

2024-11-07 20:57:05 - [TEST_STEP][PASSED] - verifyTextPresent("My Company", true): Text 'My Company' is present on page  using regular expression

2024-11-07 20:57:05 - [MESSAGE][PASSED] - Text 'My Company' is present on page  using regular expression

2024-11-07 20:57:05 - [TEST_STEP][PASSED] - verifyTextPresent("Business Rep Name:", true): Text 'Business Rep Name:' is present on page  using regular expression

2024-11-07 20:57:05 - [MESSAGE][PASSED] - Text 'Business Rep Name:' is present on page  using regular expression

2024-11-07 20:57:05 - [TEST_STEP][PASSED] - verifyTextPresent("BusRepFname BusRepLname", true): Text 'BusRepFname BusRepLname' is present on page  using regular expression

2024-11-07 20:57:06 - [MESSAGE][PASSED] - Text 'BusRepFname BusRepLname' is present on page  using regular expression

2024-11-07 20:57:06 - [TEST_STEP][PASSED] - verifyTextPresent("Taxpayer Address:", true): Text 'Taxpayer Address:' is present on page  using regular expression

2024-11-07 20:57:06 - [MESSAGE][PASSED] - Text 'Taxpayer Address:' is present on page  using regular expression

2024-11-07 20:57:06 - [TEST_STEP][PASSED] - verifyTextPresent("2508 Mandan Terrace Gambrills Maryland 21054", true): Text '2508 Mandan Terrace Gambrills Maryland 21054' is present on page  using regular expression

2024-11-07 20:57:07 - [MESSAGE][PASSED] - Text '2508 Mandan Terrace Gambrills Maryland 21054' is present on page  using regular expression

2024-11-07 20:57:07 - [TEST_STEP][PASSED] - verifyTextPresent("Email:", true): Text 'Email:' is present on page  using regular expression

2024-11-07 20:57:07 - [MESSAGE][PASSED] - Text 'Email:' is present on page  using regular expression

2024-11-07 20:57:07 - [TEST_STEP][PASSED] - verifyTextPresent("iahmed@govolution.com", true): Text 'iahmed@govolution.com' is present on page  using regular expression

2024-11-07 20:57:07 - [MESSAGE][PASSED] - Text 'iahmed@govolution.com' is present on page  using regular expression

2024-11-07 20:57:07 - [TEST_STEP][PASSED] - verifyTextPresent("Phone:", true): Text 'Phone:' is present on page  using regular expression

2024-11-07 20:57:08 - [MESSAGE][PASSED] - Text 'Phone:' is present on page  using regular expression

2024-11-07 20:57:08 - [TEST_STEP][PASSED] - verifyTextPresent("(703) 894-5000", false): Text '(703) 894-5000' is present on page 

2024-11-07 20:57:08 - [MESSAGE][PASSED] - Text '(703) 894-5000' is present on page 

2024-11-07 20:57:08 - [TEST_STEP][PASSED] - verifyTextPresent("Tax Information", true): Text 'Tax Information' is present on page  using regular expression

2024-11-07 20:57:08 - [MESSAGE][PASSED] - Text 'Tax Information' is present on page  using regular expression

2024-11-07 20:57:08 - [TEST_STEP][PASSED] - if (feinSsn.equalsIgnoreCase("Y")): null

2024-11-07 20:57:08 - [TEST_STEP][PASSED] - else: Text 'FEIN/SSN:' is not present on page using regular expression

2024-11-07 20:57:08 - [TEST_STEP][PASSED] - verifyTextPresent("Federal EIN:", true): Text 'Federal EIN:' is present on page  using regular expression

2024-11-07 20:57:09 - [MESSAGE][PASSED] - Text 'Federal EIN:' is present on page  using regular expression

2024-11-07 20:57:09 - [TEST_STEP][PASSED] - verifyTextNotPresent("FEIN/SSN:", true): Text 'FEIN/SSN:' is not present on page using regular expression

2024-11-07 20:57:09 - [MESSAGE][PASSED] - Text 'FEIN/SSN:' is not present on page using regular expression

2024-11-07 20:57:09 - [TEST_STEP][PASSED] - verifyTextPresent("XXXXX0532", true): Text 'XXXXX0532' is present on page  using regular expression

2024-11-07 20:57:09 - [MESSAGE][PASSED] - Text 'XXXXX0532' is present on page  using regular expression

2024-11-07 20:57:09 - [TEST_STEP][PASSED] - verifyTextPresent("Notice Or Invoice Number:", true): Text 'Notice Or Invoice Number:' is present on page  using regular expression

2024-11-07 20:57:10 - [MESSAGE][PASSED] - Text 'Notice Or Invoice Number:' is present on page  using regular expression

2024-11-07 20:57:10 - [TEST_STEP][PASSED] - verifyTextPresent("1234567890123", true): Text '1234567890123' is present on page  using regular expression

2024-11-07 20:57:10 - [MESSAGE][PASSED] - Text '1234567890123' is present on page  using regular expression

2024-11-07 20:57:10 - [TEST_STEP][PASSED] - verifyTextPresent("Tax Type:", true): Text 'Tax Type:' is present on page  using regular expression

2024-11-07 20:57:10 - [MESSAGE][PASSED] - Text 'Tax Type:' is present on page  using regular expression

2024-11-07 20:57:10 - [TEST_STEP][PASSED] - verifyTextPresent(TaxType, true): Text 'Tire Recycling Fee' is present on page  using regular expression

2024-11-07 20:57:10 - [MESSAGE][PASSED] - Text 'Tire Recycling Fee' is present on page  using regular expression

2024-11-07 20:57:10 - [TEST_STEP][PASSED] - if (CRN.equalsIgnoreCase("Y")): Text '07640126' is present on page  using regular expression

2024-11-07 20:57:10 - [TEST_STEP][PASSED] - verifyTextPresent("MD Central Registration Number#:", true): Text 'MD Central Registration Number#:' is present on page  using regular expression

2024-11-07 20:57:11 - [MESSAGE][PASSED] - Text 'MD Central Registration Number#:' is present on page  using regular expression

2024-11-07 20:57:11 - [TEST_STEP][PASSED] - verifyTextPresent("07640126", true): Text '07640126' is present on page  using regular expression

2024-11-07 20:57:11 - [MESSAGE][PASSED] - Text '07640126' is present on page  using regular expression

2024-11-07 20:57:11 - [TEST_STEP][PASSED] - if (MFLicNum.equalsIgnoreCase("Y")): null

2024-11-07 20:57:11 - [TEST_STEP][PASSED] - verifyTextPresent("Payment Amount:", true): Text 'Payment Amount:' is present on page  using regular expression

2024-11-07 20:57:11 - [MESSAGE][PASSED] - Text 'Payment Amount:' is present on page  using regular expression

2024-11-07 20:57:11 - [TEST_STEP][PASSED] - verifyTextPresent("100.00", true): Text '100.00' is present on page  using regular expression

2024-11-07 20:57:12 - [MESSAGE][PASSED] - Text '100.00' is present on page  using regular expression

2024-11-07 20:57:12 - [TEST_STEP][PASSED] - if (verifyElementVisible(findTestObject(orPath_Summary + "/button_Proceed to Payment"))): null

2024-11-07 20:57:12 - [MESSAGE][PASSED] - Object 'Object Repository/RAD_Pages/Summary_Page/button_Proceed to Payment' is visible

2024-11-07 20:57:12 - [TEST_STEP][PASSED] - resText = "Pass": null

2024-11-07 20:57:12 - [TEST_STEP][PASSED] - pages.WriteExcel.demoKey(resText, datText, resColumn, datCloumn, fileLoc, nameSheet, row): pages.WriteExcel.demoKey is PASSED

2024-11-07 20:57:12 - [MESSAGE][PASSED] - pages.WriteExcel.demoKey is PASSED

2024-11-07 20:57:12 - [TEST_STEP][PASSED] - click(findTestObject(orPath_Summary + "/button_Proceed to Payment")): Object: 'Object Repository/RAD_Pages/Summary_Page/button_Proceed to Payment' is clicked on

2024-11-07 20:57:15 - [MESSAGE][PASSED] - Object: 'Object Repository/RAD_Pages/Summary_Page/button_Proceed to Payment' is clicked on

2024-11-07 20:57:15 - [TEST_STEP][PASSED] - verifyElementPresent(findTestObject("Object Repository/RAD_Pages/PaymentEntry_Page/input__billingName"), 30): Object 'Object Repository/RAD_Pages/PaymentEntry_Page/input__billingName' is present

2024-11-07 20:57:15 - [MESSAGE][PASSED] - Object 'Object Repository/RAD_Pages/PaymentEntry_Page/input__billingName' is present

2024-11-07 20:57:15 - [TEST_STEP][PASSED] - ExecuteTC = findTestData(dataFile).getValue("Execute", row): null

2024-11-07 20:57:15 - [TEST_STEP][PASSED] - TaxType = findTestData(dataFile).getValue("TaxType", row): null

2024-11-07 20:57:15 - [TEST_STEP][PASSED] - PaymentType = findTestData(dataFile).getValue("PaymentType", row): null

2024-11-07 20:57:15 - [TEST_STEP][PASSED] - feinSsn = findTestData(dataFile).getValue("FEINSSN", row): null

2024-11-07 20:57:15 - [TEST_STEP][PASSED] - CRN = findTestData(dataFile).getValue("CRN", row): null

2024-11-07 20:57:15 - [TEST_STEP][PASSED] - MFLicNum = findTestData(dataFile).getValue("MFLicNum", row): null

2024-11-07 20:57:15 - [TEST_STEP][PASSED] - if (ExecuteTC.equalsIgnoreCase("Y")): Object 'Object Repository/RAD_Pages/PaymentEntry_Page/input__billingName' is present

2024-11-07 20:57:15 - [TEST_STEP][PASSED] - out.println("Begin Record Number: " + row): null

2024-11-07 20:57:15 - [TEST_STEP][PASSED] - today = new java.util.Date(): null

2024-11-07 20:57:15 - [TEST_STEP][PASSED] - println(today): null

2024-11-07 20:57:15 - [TEST_STEP][PASSED] - datText = today: null

2024-11-07 20:57:15 - [TEST_STEP][PASSED] - logInfo("Payment Type: Existing Liability with Notice/Invoice Number"): Payment Type: Existing Liability with Notice/Invoice Number

2024-11-07 20:57:15 - [MESSAGE][INFO] - Payment Type: Existing Liability with Notice/Invoice Number

2024-11-07 20:57:15 - [TEST_STEP][PASSED] - logInfo("Tax Type: " + TaxType): Tax Type: Withholding Tax

2024-11-07 20:57:15 - [MESSAGE][INFO] - Tax Type: Withholding Tax

2024-11-07 20:57:15 - [TEST_STEP][PASSED] - openBrowser(""): Browser is opened with url: ''

2024-11-07 20:57:15 - [MESSAGE][WARNING] - A browser is already opened. Closing browser and opening a new one

2024-11-07 20:57:17 - [MESSAGE][INFO] - Starting 'Chrome' driver

2024-11-07 20:57:17 - [MESSAGE][INFO] - User set preference: ['acceptInsecureCerts', 'true']

2024-11-07 20:57:17 - [MESSAGE][INFO] - Action delay is set to 0 milliseconds

2024-11-07 20:57:19 - [MESSAGE][PASSED] - Browser is opened with url: ''

2024-11-07 20:57:19 - [TEST_STEP][PASSED] - maximizeWindow(): Current window maximized

2024-11-07 20:57:19 - [MESSAGE][PASSED] - Current window maximized

2024-11-07 20:57:19 - [TEST_STEP][PASSED] - navigateToUrl(RADurl): Navigate to 'https://www.velocitypayment.com/client/rad/index.html' successfully

2024-11-07 20:57:19 - [MESSAGE][PASSED] - Navigate to 'https://www.velocitypayment.com/client/rad/index.html' successfully

2024-11-07 20:57:19 - [TEST_STEP][PASSED] - selectOptionByLabel(findTestObject(orPath_Landing + "/dd_TaxType"), "Existing Liability with Notice/Invoice Number", false): All options with label 'Existing Liability with Notice/Invoice Number' are selected in object 'Object Repository/RAD_Pages/Landing_Page/dd_TaxType' 

2024-11-07 20:57:22 - [MESSAGE][PASSED] - All options with label 'Existing Liability with Notice/Invoice Number' are selected in object 'Object Repository/RAD_Pages/Landing_Page/dd_TaxType' 

2024-11-07 20:57:22 - [TEST_STEP][PASSED] - selectOptionByLabel(findTestObject(orPath_TaxTypeFilingYear + "/select_TaxType_ExistingLiability"), TaxType, false): All options with label 'Withholding Tax' are selected in object 'Object Repository/RAD_Pages/TaxTypeFilingYear_Page/select_TaxType_ExistingLiability' 

2024-11-07 20:57:22 - [MESSAGE][PASSED] - All options with label 'Withholding Tax' are selected in object 'Object Repository/RAD_Pages/TaxTypeFilingYear_Page/select_TaxType_ExistingLiability' 

2024-11-07 20:57:22 - [TEST_STEP][PASSED] - rad.getSetDataRAD.setDataRADBusinessName(): rad.getSetDataRAD.setDataRADBusinessName is PASSED

2024-11-07 20:57:23 - [MESSAGE][PASSED] - Text 'My Company' is set on object 'Object Repository/RAD_Pages/Taxpayer_Page/input_businessName'

2024-11-07 20:57:23 - [MESSAGE][PASSED] - rad.getSetDataRAD.setDataRADBusinessName is PASSED

2024-11-07 20:57:23 - [TEST_STEP][PASSED] - rad.getSetDataRAD.setDataRADBusinessRep(): rad.getSetDataRAD.setDataRADBusinessRep is PASSED

2024-11-07 20:57:24 - [MESSAGE][PASSED] - Text 'BusRepFname' is set on object 'Object Repository/RAD_Pages/Taxpayer_Page/input_BusinessRepfirstName'

2024-11-07 20:57:25 - [MESSAGE][PASSED] - Text '' is set on object 'Object Repository/RAD_Pages/Taxpayer_Page/input_BusinessRepmiddleName'

2024-11-07 20:57:26 - [MESSAGE][PASSED] - Text 'BusRepLname' is set on object 'Object Repository/RAD_Pages/Taxpayer_Page/input_BusinessReplastName'

2024-11-07 20:57:26 - [MESSAGE][PASSED] - Text '' is set on object 'Object Repository/RAD_Pages/Taxpayer_Page/input_BusinessRepsuffix'

2024-11-07 20:57:26 - [MESSAGE][PASSED] - rad.getSetDataRAD.setDataRADBusinessRep is PASSED

2024-11-07 20:57:26 - [TEST_STEP][PASSED] - rad.getSetDataRAD.setDataRADAddress(): rad.getSetDataRAD.setDataRADAddress is PASSED

2024-11-07 20:57:27 - [MESSAGE][PASSED] - All options with label 'United States' are selected in object 'Object Repository/RAD_Pages/AddressAndContactInfo_Page/select_Country' 

2024-11-07 20:57:28 - [MESSAGE][PASSED] - Text '2508 Mandan Terrace' is set on object 'Object Repository/RAD_Pages/AddressAndContactInfo_Page/input_streetAddress1'

2024-11-07 20:57:28 - [MESSAGE][PASSED] - Text '' is set on object 'Object Repository/RAD_Pages/AddressAndContactInfo_Page/input_streetAddress2'

2024-11-07 20:57:29 - [MESSAGE][PASSED] - Text 'Gambrills' is set on object 'Object Repository/RAD_Pages/AddressAndContactInfo_Page/input_city'

2024-11-07 20:57:30 - [MESSAGE][PASSED] - All options with label 'Maryland' are selected in object 'Object Repository/RAD_Pages/AddressAndContactInfo_Page/select_State' 

2024-11-07 20:57:31 - [MESSAGE][PASSED] - Text '21054' is set on object 'Object Repository/RAD_Pages/AddressAndContactInfo_Page/input_zipCode'

2024-11-07 20:57:32 - [MESSAGE][PASSED] - Text '(703) 894-5000' is set on object 'Object Repository/RAD_Pages/AddressAndContactInfo_Page/input_phoneNumber'

2024-11-07 20:57:33 - [MESSAGE][PASSED] - Text 'iahmed@govolution.com' is set on object 'Object Repository/RAD_Pages/AddressAndContactInfo_Page/input_eMailAddress'

2024-11-07 20:57:34 - [MESSAGE][PASSED] - Text 'iahmed@govolution.com' is set on object 'Object Repository/RAD_Pages/AddressAndContactInfo_Page/input_reEnterEMailAddress'

2024-11-07 20:57:34 - [MESSAGE][PASSED] - rad.getSetDataRAD.setDataRADAddress is PASSED

2024-11-07 20:57:34 - [TEST_STEP][PASSED] - if (feinSsn.equalsIgnoreCase("Y")): null

2024-11-07 20:57:34 - [TEST_STEP][PASSED] - else: Text ****** has been set on object 'Object Repository/RAD_Pages/TaxInfo_Page/input_concat(id(, , data, , ))_Data (1)'

2024-11-07 20:57:34 - [TEST_STEP][PASSED] - setEncryptedText(findTestObject("Object Repository/RAD_Pages/TaxInfo_Page/input_concat(id(, , data, , ))_Data"), "px0FNUagnh7G/CVR/QiY+A=="): Text ****** has been set on object 'Object Repository/RAD_Pages/TaxInfo_Page/input_concat(id(, , data, , ))_Data'

2024-11-07 20:57:34 - [MESSAGE][PASSED] - Text ****** has been set on object 'Object Repository/RAD_Pages/TaxInfo_Page/input_concat(id(, , data, , ))_Data'

2024-11-07 20:57:34 - [TEST_STEP][PASSED] - setEncryptedText(findTestObject("Object Repository/RAD_Pages/TaxInfo_Page/input_concat(id(, , data, , ))_Data (1)"), "px0FNUagnh7G/CVR/QiY+A=="): Text ****** has been set on object 'Object Repository/RAD_Pages/TaxInfo_Page/input_concat(id(, , data, , ))_Data (1)'

2024-11-07 20:57:35 - [MESSAGE][PASSED] - Text ****** has been set on object 'Object Repository/RAD_Pages/TaxInfo_Page/input_concat(id(, , data, , ))_Data (1)'

2024-11-07 20:57:35 - [TEST_STEP][PASSED] - rad.getSetDataRAD.setDataRADNoticeInvoiceThirteen(): rad.getSetDataRAD.setDataRADNoticeInvoiceThirteen is PASSED

2024-11-07 20:57:35 - [MESSAGE][PASSED] - Text '1234567890123' is set on object 'Object Repository/RAD_Pages/TaxInfo_Page/input_NoticeInvoiceNumber'

2024-11-07 20:57:36 - [MESSAGE][PASSED] - Text '1234567890123' is set on object 'Object Repository/RAD_Pages/TaxInfo_Page/input_reTypeNoticeInvoiceNumber'

2024-11-07 20:57:36 - [MESSAGE][PASSED] - rad.getSetDataRAD.setDataRADNoticeInvoiceThirteen is PASSED

2024-11-07 20:57:36 - [TEST_STEP][PASSED] - if (MFLicNum.equalsIgnoreCase("Y")): null

2024-11-07 20:57:36 - [TEST_STEP][PASSED] - if (CRN.equalsIgnoreCase("Y")): rad.getSetDataRAD.setDataExistingRADMDCRN is PASSED

2024-11-07 20:57:36 - [TEST_STEP][PASSED] - rad.getSetDataRAD.setDataExistingRADMDCRN(): rad.getSetDataRAD.setDataExistingRADMDCRN is PASSED

2024-11-07 20:57:37 - [MESSAGE][PASSED] - Text '07640126' is set on object 'Object Repository/RAD_Pages/TaxInfo_Page/input_MDCRegistrationEL'

2024-11-07 20:57:37 - [MESSAGE][PASSED] - rad.getSetDataRAD.setDataExistingRADMDCRN is PASSED

2024-11-07 20:57:37 - [TEST_STEP][PASSED] - setText(findTestObject(orPath_Amount + "/input__paymentAmount"), "100.00"): Text '100.00' is set on object 'Object Repository/RAD_Pages/PaymentAmount_Page/input__paymentAmount'

2024-11-07 20:57:38 - [MESSAGE][PASSED] - Text '100.00' is set on object 'Object Repository/RAD_Pages/PaymentAmount_Page/input__paymentAmount'

2024-11-07 20:57:38 - [TEST_STEP][PASSED] - setText(findTestObject(orPath_AddressContact + "/input_streetAddress2"), ""): Text '' is set on object 'Object Repository/RAD_Pages/AddressAndContactInfo_Page/input_streetAddress2'

2024-11-07 20:57:38 - [MESSAGE][PASSED] - Text '' is set on object 'Object Repository/RAD_Pages/AddressAndContactInfo_Page/input_streetAddress2'

2024-11-07 20:57:38 - [TEST_STEP][PASSED] - scrollToElement(findTestObject(orPath_Landing + "/button_Continue"), 3): Scroll to object 'Object Repository/RAD_Pages/Landing_Page/button_Continue' successfully

2024-11-07 20:57:39 - [MESSAGE][PASSED] - Scroll to object 'Object Repository/RAD_Pages/Landing_Page/button_Continue' successfully

2024-11-07 20:57:39 - [TEST_STEP][PASSED] - waitForElementClickable(findTestObject(orPath_Landing + "/button_Continue"), 5): Object 'Object Repository/RAD_Pages/Landing_Page/button_Continue' is clickable

2024-11-07 20:57:39 - [MESSAGE][PASSED] - Object 'Object Repository/RAD_Pages/Landing_Page/button_Continue' is clickable

2024-11-07 20:57:39 - [TEST_STEP][PASSED] - click(findTestObject(orPath_Landing + "/button_Continue")): Object: 'Object Repository/RAD_Pages/Landing_Page/button_Continue' is clicked on

2024-11-07 20:57:40 - [MESSAGE][PASSED] - Object: 'Object Repository/RAD_Pages/Landing_Page/button_Continue' is clicked on

2024-11-07 20:57:40 - [TEST_STEP][PASSED] - delay(2): Delayed 2 second(s)

2024-11-07 20:57:42 - [MESSAGE][PASSED] - Delayed 2 second(s)

2024-11-07 20:57:42 - [TEST_STEP][PASSED] - verifyTextPresent("Summary", true): Text 'Summary' is present on page  using regular expression

2024-11-07 20:57:42 - [MESSAGE][PASSED] - Text 'Summary' is present on page  using regular expression

2024-11-07 20:57:42 - [TEST_STEP][PASSED] - verifyTextPresent("Review the information below and make any necessary corrections by clicking the", true): Text 'Review the information below and make any necessary corrections by clicking the' is present on page  using regular expression

2024-11-07 20:57:42 - [MESSAGE][PASSED] - Text 'Review the information below and make any necessary corrections by clicking the' is present on page  using regular expression

2024-11-07 20:57:42 - [TEST_STEP][PASSED] - verifyTextPresent("When you are confident that all the information is correct, click the", true): Text 'When you are confident that all the information is correct, click the' is present on page  using regular expression

2024-11-07 20:57:43 - [MESSAGE][PASSED] - Text 'When you are confident that all the information is correct, click the' is present on page  using regular expression

2024-11-07 20:57:43 - [TEST_STEP][PASSED] - verifyTextPresent("Payment Type/Filing Year", true): Text 'Payment Type/Filing Year' is present on page  using regular expression

2024-11-07 20:57:43 - [MESSAGE][PASSED] - Text 'Payment Type/Filing Year' is present on page  using regular expression

2024-11-07 20:57:43 - [TEST_STEP][PASSED] - verifyTextPresent("Payment Type:", true): Text 'Payment Type:' is present on page  using regular expression

2024-11-07 20:57:43 - [MESSAGE][PASSED] - Text 'Payment Type:' is present on page  using regular expression

2024-11-07 20:57:43 - [TEST_STEP][PASSED] - verifyTextPresent("Existing Liability with Notice/Invoice Number", true): Text 'Existing Liability with Notice/Invoice Number' is present on page  using regular expression

2024-11-07 20:57:44 - [MESSAGE][PASSED] - Text 'Existing Liability with Notice/Invoice Number' is present on page  using regular expression

2024-11-07 20:57:44 - [TEST_STEP][PASSED] - verifyTextPresent("Payer Information", true): Text 'Payer Information' is present on page  using regular expression

2024-11-07 20:57:44 - [MESSAGE][PASSED] - Text 'Payer Information' is present on page  using regular expression

2024-11-07 20:57:44 - [TEST_STEP][PASSED] - verifyTextPresent("Taxpayer Name:", true): Text 'Taxpayer Name:' is present on page  using regular expression

2024-11-07 20:57:44 - [MESSAGE][PASSED] - Text 'Taxpayer Name:' is present on page  using regular expression

2024-11-07 20:57:44 - [TEST_STEP][PASSED] - if (!(TaxType.equalsIgnoreCase("Sales & Use Tax"))): Text 'My Company' is present on page  using regular expression

2024-11-07 20:57:44 - [TEST_STEP][PASSED] - verifyTextPresent("My Company", true): Text 'My Company' is present on page  using regular expression

2024-11-07 20:57:45 - [MESSAGE][PASSED] - Text 'My Company' is present on page  using regular expression

2024-11-07 20:57:45 - [TEST_STEP][PASSED] - verifyTextPresent("Business Rep Name:", true): Text 'Business Rep Name:' is present on page  using regular expression

2024-11-07 20:57:45 - [MESSAGE][PASSED] - Text 'Business Rep Name:' is present on page  using regular expression

2024-11-07 20:57:45 - [TEST_STEP][PASSED] - verifyTextPresent("BusRepFname BusRepLname", true): Text 'BusRepFname BusRepLname' is present on page  using regular expression

2024-11-07 20:57:46 - [MESSAGE][PASSED] - Text 'BusRepFname BusRepLname' is present on page  using regular expression

2024-11-07 20:57:46 - [TEST_STEP][PASSED] - verifyTextPresent("Taxpayer Address:", true): Text 'Taxpayer Address:' is present on page  using regular expression

2024-11-07 20:57:46 - [MESSAGE][PASSED] - Text 'Taxpayer Address:' is present on page  using regular expression

2024-11-07 20:57:46 - [TEST_STEP][PASSED] - verifyTextPresent("2508 Mandan Terrace Gambrills Maryland 21054", true): Text '2508 Mandan Terrace Gambrills Maryland 21054' is present on page  using regular expression

2024-11-07 20:57:46 - [MESSAGE][PASSED] - Text '2508 Mandan Terrace Gambrills Maryland 21054' is present on page  using regular expression

2024-11-07 20:57:46 - [TEST_STEP][PASSED] - verifyTextPresent("Email:", true): Text 'Email:' is present on page  using regular expression

2024-11-07 20:57:47 - [MESSAGE][PASSED] - Text 'Email:' is present on page  using regular expression

2024-11-07 20:57:47 - [TEST_STEP][PASSED] - verifyTextPresent("iahmed@govolution.com", true): Text 'iahmed@govolution.com' is present on page  using regular expression

2024-11-07 20:57:47 - [MESSAGE][PASSED] - Text 'iahmed@govolution.com' is present on page  using regular expression

2024-11-07 20:57:47 - [TEST_STEP][PASSED] - verifyTextPresent("Phone:", true): Text 'Phone:' is present on page  using regular expression

2024-11-07 20:57:47 - [MESSAGE][PASSED] - Text 'Phone:' is present on page  using regular expression

2024-11-07 20:57:47 - [TEST_STEP][PASSED] - verifyTextPresent("(703) 894-5000", false): Text '(703) 894-5000' is present on page 

2024-11-07 20:57:48 - [MESSAGE][PASSED] - Text '(703) 894-5000' is present on page 

2024-11-07 20:57:48 - [TEST_STEP][PASSED] - verifyTextPresent("Tax Information", true): Text 'Tax Information' is present on page  using regular expression

2024-11-07 20:57:48 - [MESSAGE][PASSED] - Text 'Tax Information' is present on page  using regular expression

2024-11-07 20:57:48 - [TEST_STEP][PASSED] - if (feinSsn.equalsIgnoreCase("Y")): null

2024-11-07 20:57:48 - [TEST_STEP][PASSED] - else: Text 'FEIN/SSN:' is not present on page using regular expression

2024-11-07 20:57:48 - [TEST_STEP][PASSED] - verifyTextPresent("Federal EIN:", true): Text 'Federal EIN:' is present on page  using regular expression

2024-11-07 20:57:49 - [MESSAGE][PASSED] - Text 'Federal EIN:' is present on page  using regular expression

2024-11-07 20:57:49 - [TEST_STEP][PASSED] - verifyTextNotPresent("FEIN/SSN:", true): Text 'FEIN/SSN:' is not present on page using regular expression

2024-11-07 20:57:49 - [MESSAGE][PASSED] - Text 'FEIN/SSN:' is not present on page using regular expression

2024-11-07 20:57:49 - [TEST_STEP][PASSED] - verifyTextPresent("XXXXX0532", true): Text 'XXXXX0532' is present on page  using regular expression

2024-11-07 20:57:49 - [MESSAGE][PASSED] - Text 'XXXXX0532' is present on page  using regular expression

2024-11-07 20:57:49 - [TEST_STEP][PASSED] - verifyTextPresent("Notice Or Invoice Number:", true): Text 'Notice Or Invoice Number:' is present on page  using regular expression

2024-11-07 20:57:50 - [MESSAGE][PASSED] - Text 'Notice Or Invoice Number:' is present on page  using regular expression

2024-11-07 20:57:50 - [TEST_STEP][PASSED] - verifyTextPresent("1234567890123", true): Text '1234567890123' is present on page  using regular expression

2024-11-07 20:57:50 - [MESSAGE][PASSED] - Text '1234567890123' is present on page  using regular expression

2024-11-07 20:57:50 - [TEST_STEP][PASSED] - verifyTextPresent("Tax Type:", true): Text 'Tax Type:' is present on page  using regular expression

2024-11-07 20:57:50 - [MESSAGE][PASSED] - Text 'Tax Type:' is present on page  using regular expression

2024-11-07 20:57:50 - [TEST_STEP][PASSED] - verifyTextPresent(TaxType, true): Text 'Withholding Tax' is present on page  using regular expression

2024-11-07 20:57:51 - [MESSAGE][PASSED] - Text 'Withholding Tax' is present on page  using regular expression

2024-11-07 20:57:51 - [TEST_STEP][PASSED] - if (CRN.equalsIgnoreCase("Y")): Text '07640126' is present on page  using regular expression

2024-11-07 20:57:51 - [TEST_STEP][PASSED] - verifyTextPresent("MD Central Registration Number#:", true): Text 'MD Central Registration Number#:' is present on page  using regular expression

2024-11-07 20:57:51 - [MESSAGE][PASSED] - Text 'MD Central Registration Number#:' is present on page  using regular expression

2024-11-07 20:57:51 - [TEST_STEP][PASSED] - verifyTextPresent("07640126", true): Text '07640126' is present on page  using regular expression

2024-11-07 20:57:52 - [MESSAGE][PASSED] - Text '07640126' is present on page  using regular expression

2024-11-07 20:57:52 - [TEST_STEP][PASSED] - if (MFLicNum.equalsIgnoreCase("Y")): null

2024-11-07 20:57:52 - [TEST_STEP][PASSED] - verifyTextPresent("Payment Amount:", true): Text 'Payment Amount:' is present on page  using regular expression

2024-11-07 20:57:52 - [MESSAGE][PASSED] - Text 'Payment Amount:' is present on page  using regular expression

2024-11-07 20:57:52 - [TEST_STEP][PASSED] - verifyTextPresent("100.00", true): Text '100.00' is present on page  using regular expression

2024-11-07 20:57:53 - [MESSAGE][PASSED] - Text '100.00' is present on page  using regular expression

2024-11-07 20:57:53 - [TEST_STEP][PASSED] - if (verifyElementVisible(findTestObject(orPath_Summary + "/button_Proceed to Payment"))): null

2024-11-07 20:57:54 - [MESSAGE][PASSED] - Object 'Object Repository/RAD_Pages/Summary_Page/button_Proceed to Payment' is visible

2024-11-07 20:57:54 - [TEST_STEP][PASSED] - resText = "Pass": null

2024-11-07 20:57:54 - [TEST_STEP][PASSED] - pages.WriteExcel.demoKey(resText, datText, resColumn, datCloumn, fileLoc, nameSheet, row): pages.WriteExcel.demoKey is PASSED

2024-11-07 20:57:55 - [MESSAGE][PASSED] - pages.WriteExcel.demoKey is PASSED

2024-11-07 20:57:55 - [TEST_STEP][PASSED] - click(findTestObject(orPath_Summary + "/button_Proceed to Payment")): Object: 'Object Repository/RAD_Pages/Summary_Page/button_Proceed to Payment' is clicked on

2024-11-07 20:57:59 - [MESSAGE][PASSED] - Object: 'Object Repository/RAD_Pages/Summary_Page/button_Proceed to Payment' is clicked on

2024-11-07 20:57:59 - [TEST_STEP][PASSED] - verifyElementPresent(findTestObject("Object Repository/RAD_Pages/PaymentEntry_Page/input__billingName"), 30): Object 'Object Repository/RAD_Pages/PaymentEntry_Page/input__billingName' is present

2024-11-07 20:57:59 - [MESSAGE][PASSED] - Object 'Object Repository/RAD_Pages/PaymentEntry_Page/input__billingName' is present

2024-11-07 20:57:59 - [TEST_STEP][PASSED] - ExecuteTC = findTestData(dataFile).getValue("Execute", row): null

2024-11-07 20:57:59 - [TEST_STEP][PASSED] - TaxType = findTestData(dataFile).getValue("TaxType", row): null

2024-11-07 20:57:59 - [TEST_STEP][PASSED] - PaymentType = findTestData(dataFile).getValue("PaymentType", row): null

2024-11-07 20:57:59 - [TEST_STEP][PASSED] - feinSsn = findTestData(dataFile).getValue("FEINSSN", row): null

2024-11-07 20:57:59 - [TEST_STEP][PASSED] - CRN = findTestData(dataFile).getValue("CRN", row): null

2024-11-07 20:57:59 - [TEST_STEP][PASSED] - MFLicNum = findTestData(dataFile).getValue("MFLicNum", row): null

2024-11-07 20:57:59 - [TEST_STEP][PASSED] - if (ExecuteTC.equalsIgnoreCase("Y")): Object 'Object Repository/RAD_Pages/PaymentEntry_Page/input__billingName' is present

2024-11-07 20:57:59 - [TEST_STEP][PASSED] - out.println("Begin Record Number: " + row): null

2024-11-07 20:57:59 - [TEST_STEP][PASSED] - today = new java.util.Date(): null

2024-11-07 20:57:59 - [TEST_STEP][PASSED] - println(today): null

2024-11-07 20:57:59 - [TEST_STEP][PASSED] - datText = today: null

2024-11-07 20:57:59 - [TEST_STEP][PASSED] - logInfo("Payment Type: Existing Liability with Notice/Invoice Number"): Payment Type: Existing Liability with Notice/Invoice Number

2024-11-07 20:57:59 - [MESSAGE][INFO] - Payment Type: Existing Liability with Notice/Invoice Number

2024-11-07 20:57:59 - [TEST_STEP][PASSED] - logInfo("Tax Type: " + TaxType): Tax Type: Alcohol Tax

2024-11-07 20:57:59 - [MESSAGE][INFO] - Tax Type: Alcohol Tax

2024-11-07 20:57:59 - [TEST_STEP][PASSED] - openBrowser(""): Browser is opened with url: ''

2024-11-07 20:57:59 - [MESSAGE][WARNING] - A browser is already opened. Closing browser and opening a new one

2024-11-07 20:58:02 - [MESSAGE][INFO] - Starting 'Chrome' driver

2024-11-07 20:58:02 - [MESSAGE][INFO] - User set preference: ['acceptInsecureCerts', 'true']

2024-11-07 20:58:02 - [MESSAGE][INFO] - Action delay is set to 0 milliseconds

2024-11-07 20:58:04 - [MESSAGE][PASSED] - Browser is opened with url: ''

2024-11-07 20:58:04 - [TEST_STEP][PASSED] - maximizeWindow(): Current window maximized

2024-11-07 20:58:04 - [MESSAGE][PASSED] - Current window maximized

2024-11-07 20:58:04 - [TEST_STEP][PASSED] - navigateToUrl(RADurl): Navigate to 'https://www.velocitypayment.com/client/rad/index.html' successfully

2024-11-07 20:58:04 - [MESSAGE][PASSED] - Navigate to 'https://www.velocitypayment.com/client/rad/index.html' successfully

2024-11-07 20:58:04 - [TEST_STEP][PASSED] - selectOptionByLabel(findTestObject(orPath_Landing + "/dd_TaxType"), "Existing Liability with Notice/Invoice Number", false): All options with label 'Existing Liability with Notice/Invoice Number' are selected in object 'Object Repository/RAD_Pages/Landing_Page/dd_TaxType' 

2024-11-07 20:58:07 - [MESSAGE][PASSED] - All options with label 'Existing Liability with Notice/Invoice Number' are selected in object 'Object Repository/RAD_Pages/Landing_Page/dd_TaxType' 

2024-11-07 20:58:07 - [TEST_STEP][PASSED] - selectOptionByLabel(findTestObject(orPath_TaxTypeFilingYear + "/select_TaxType_ExistingLiability"), TaxType, false): All options with label 'Alcohol Tax' are selected in object 'Object Repository/RAD_Pages/TaxTypeFilingYear_Page/select_TaxType_ExistingLiability' 

2024-11-07 20:58:07 - [MESSAGE][PASSED] - All options with label 'Alcohol Tax' are selected in object 'Object Repository/RAD_Pages/TaxTypeFilingYear_Page/select_TaxType_ExistingLiability' 

2024-11-07 20:58:07 - [TEST_STEP][PASSED] - rad.getSetDataRAD.setDataRADBusinessName(): rad.getSetDataRAD.setDataRADBusinessName is PASSED

2024-11-07 20:58:08 - [MESSAGE][PASSED] - Text 'My Company' is set on object 'Object Repository/RAD_Pages/Taxpayer_Page/input_businessName'

2024-11-07 20:58:08 - [MESSAGE][PASSED] - rad.getSetDataRAD.setDataRADBusinessName is PASSED

2024-11-07 20:58:08 - [TEST_STEP][PASSED] - rad.getSetDataRAD.setDataRADBusinessRep(): rad.getSetDataRAD.setDataRADBusinessRep is PASSED

2024-11-07 20:58:09 - [MESSAGE][PASSED] - Text 'BusRepFname' is set on object 'Object Repository/RAD_Pages/Taxpayer_Page/input_BusinessRepfirstName'

2024-11-07 20:58:10 - [MESSAGE][PASSED] - Text '' is set on object 'Object Repository/RAD_Pages/Taxpayer_Page/input_BusinessRepmiddleName'

2024-11-07 20:58:11 - [MESSAGE][PASSED] - Text 'BusRepLname' is set on object 'Object Repository/RAD_Pages/Taxpayer_Page/input_BusinessReplastName'

2024-11-07 20:58:12 - [MESSAGE][PASSED] - Text '' is set on object 'Object Repository/RAD_Pages/Taxpayer_Page/input_BusinessRepsuffix'

2024-11-07 20:58:12 - [MESSAGE][PASSED] - rad.getSetDataRAD.setDataRADBusinessRep is PASSED

2024-11-07 20:58:12 - [TEST_STEP][PASSED] - rad.getSetDataRAD.setDataRADAddress(): rad.getSetDataRAD.setDataRADAddress is PASSED

2024-11-07 20:58:12 - [MESSAGE][PASSED] - All options with label 'United States' are selected in object 'Object Repository/RAD_Pages/AddressAndContactInfo_Page/select_Country' 

2024-11-07 20:58:13 - [MESSAGE][PASSED] - Text '2508 Mandan Terrace' is set on object 'Object Repository/RAD_Pages/AddressAndContactInfo_Page/input_streetAddress1'

2024-11-07 20:58:14 - [MESSAGE][PASSED] - Text '' is set on object 'Object Repository/RAD_Pages/AddressAndContactInfo_Page/input_streetAddress2'

2024-11-07 20:58:14 - [MESSAGE][PASSED] - Text 'Gambrills' is set on object 'Object Repository/RAD_Pages/AddressAndContactInfo_Page/input_city'

2024-11-07 20:58:15 - [MESSAGE][PASSED] - All options with label 'Maryland' are selected in object 'Object Repository/RAD_Pages/AddressAndContactInfo_Page/select_State' 

2024-11-07 20:58:16 - [MESSAGE][PASSED] - Text '21054' is set on object 'Object Repository/RAD_Pages/AddressAndContactInfo_Page/input_zipCode'

2024-11-07 20:58:16 - [MESSAGE][PASSED] - Text '(703) 894-5000' is set on object 'Object Repository/RAD_Pages/AddressAndContactInfo_Page/input_phoneNumber'

2024-11-07 20:58:17 - [MESSAGE][PASSED] - Text 'iahmed@govolution.com' is set on object 'Object Repository/RAD_Pages/AddressAndContactInfo_Page/input_eMailAddress'

2024-11-07 20:58:18 - [MESSAGE][PASSED] - Text 'iahmed@govolution.com' is set on object 'Object Repository/RAD_Pages/AddressAndContactInfo_Page/input_reEnterEMailAddress'

2024-11-07 20:58:18 - [MESSAGE][PASSED] - rad.getSetDataRAD.setDataRADAddress is PASSED

2024-11-07 20:58:18 - [TEST_STEP][PASSED] - if (feinSsn.equalsIgnoreCase("Y")): null

2024-11-07 20:58:18 - [TEST_STEP][PASSED] - else: Text ****** has been set on object 'Object Repository/RAD_Pages/TaxInfo_Page/input_concat(id(, , data, , ))_Data (1)'

2024-11-07 20:58:18 - [TEST_STEP][PASSED] - setEncryptedText(findTestObject("Object Repository/RAD_Pages/TaxInfo_Page/input_concat(id(, , data, , ))_Data"), "px0FNUagnh7G/CVR/QiY+A=="): Text ****** has been set on object 'Object Repository/RAD_Pages/TaxInfo_Page/input_concat(id(, , data, , ))_Data'

2024-11-07 20:58:19 - [MESSAGE][PASSED] - Text ****** has been set on object 'Object Repository/RAD_Pages/TaxInfo_Page/input_concat(id(, , data, , ))_Data'

2024-11-07 20:58:19 - [TEST_STEP][PASSED] - setEncryptedText(findTestObject("Object Repository/RAD_Pages/TaxInfo_Page/input_concat(id(, , data, , ))_Data (1)"), "px0FNUagnh7G/CVR/QiY+A=="): Text ****** has been set on object 'Object Repository/RAD_Pages/TaxInfo_Page/input_concat(id(, , data, , ))_Data (1)'

2024-11-07 20:58:19 - [MESSAGE][PASSED] - Text ****** has been set on object 'Object Repository/RAD_Pages/TaxInfo_Page/input_concat(id(, , data, , ))_Data (1)'

2024-11-07 20:58:19 - [TEST_STEP][PASSED] - rad.getSetDataRAD.setDataRADNoticeInvoiceThirteen(): rad.getSetDataRAD.setDataRADNoticeInvoiceThirteen is PASSED

2024-11-07 20:58:20 - [MESSAGE][PASSED] - Text '1234567890123' is set on object 'Object Repository/RAD_Pages/TaxInfo_Page/input_NoticeInvoiceNumber'

2024-11-07 20:58:21 - [MESSAGE][PASSED] - Text '1234567890123' is set on object 'Object Repository/RAD_Pages/TaxInfo_Page/input_reTypeNoticeInvoiceNumber'

2024-11-07 20:58:21 - [MESSAGE][PASSED] - rad.getSetDataRAD.setDataRADNoticeInvoiceThirteen is PASSED

2024-11-07 20:58:21 - [TEST_STEP][PASSED] - if (MFLicNum.equalsIgnoreCase("Y")): null

2024-11-07 20:58:21 - [TEST_STEP][PASSED] - if (CRN.equalsIgnoreCase("Y")): rad.getSetDataRAD.setDataExistingRADMDCRN is PASSED

2024-11-07 20:58:21 - [TEST_STEP][PASSED] - rad.getSetDataRAD.setDataExistingRADMDCRN(): rad.getSetDataRAD.setDataExistingRADMDCRN is PASSED

2024-11-07 20:58:22 - [MESSAGE][PASSED] - Text '07640126' is set on object 'Object Repository/RAD_Pages/TaxInfo_Page/input_MDCRegistrationEL'

2024-11-07 20:58:22 - [MESSAGE][PASSED] - rad.getSetDataRAD.setDataExistingRADMDCRN is PASSED

2024-11-07 20:58:22 - [TEST_STEP][PASSED] - setText(findTestObject(orPath_Amount + "/input__paymentAmount"), "100.00"): Text '100.00' is set on object 'Object Repository/RAD_Pages/PaymentAmount_Page/input__paymentAmount'

2024-11-07 20:58:22 - [MESSAGE][PASSED] - Text '100.00' is set on object 'Object Repository/RAD_Pages/PaymentAmount_Page/input__paymentAmount'

2024-11-07 20:58:22 - [TEST_STEP][PASSED] - setText(findTestObject(orPath_AddressContact + "/input_streetAddress2"), ""): Text '' is set on object 'Object Repository/RAD_Pages/AddressAndContactInfo_Page/input_streetAddress2'

2024-11-07 20:58:23 - [MESSAGE][PASSED] - Text '' is set on object 'Object Repository/RAD_Pages/AddressAndContactInfo_Page/input_streetAddress2'

2024-11-07 20:58:23 - [TEST_STEP][PASSED] - scrollToElement(findTestObject(orPath_Landing + "/button_Continue"), 3): Scroll to object 'Object Repository/RAD_Pages/Landing_Page/button_Continue' successfully

2024-11-07 20:58:23 - [MESSAGE][PASSED] - Scroll to object 'Object Repository/RAD_Pages/Landing_Page/button_Continue' successfully

2024-11-07 20:58:23 - [TEST_STEP][PASSED] - waitForElementClickable(findTestObject(orPath_Landing + "/button_Continue"), 5): Object 'Object Repository/RAD_Pages/Landing_Page/button_Continue' is clickable

2024-11-07 20:58:24 - [MESSAGE][PASSED] - Object 'Object Repository/RAD_Pages/Landing_Page/button_Continue' is clickable

2024-11-07 20:58:24 - [TEST_STEP][PASSED] - click(findTestObject(orPath_Landing + "/button_Continue")): Object: 'Object Repository/RAD_Pages/Landing_Page/button_Continue' is clicked on

2024-11-07 20:58:25 - [MESSAGE][PASSED] - Object: 'Object Repository/RAD_Pages/Landing_Page/button_Continue' is clicked on

2024-11-07 20:58:25 - [TEST_STEP][PASSED] - delay(2): Delayed 2 second(s)

2024-11-07 20:58:27 - [MESSAGE][PASSED] - Delayed 2 second(s)

2024-11-07 20:58:27 - [TEST_STEP][PASSED] - verifyTextPresent("Summary", true): Text 'Summary' is present on page  using regular expression

2024-11-07 20:58:27 - [MESSAGE][PASSED] - Text 'Summary' is present on page  using regular expression

2024-11-07 20:58:27 - [TEST_STEP][PASSED] - verifyTextPresent("Review the information below and make any necessary corrections by clicking the", true): Text 'Review the information below and make any necessary corrections by clicking the' is present on page  using regular expression

2024-11-07 20:58:27 - [MESSAGE][PASSED] - Text 'Review the information below and make any necessary corrections by clicking the' is present on page  using regular expression

2024-11-07 20:58:27 - [TEST_STEP][PASSED] - verifyTextPresent("When you are confident that all the information is correct, click the", true): Text 'When you are confident that all the information is correct, click the' is present on page  using regular expression

2024-11-07 20:58:28 - [MESSAGE][PASSED] - Text 'When you are confident that all the information is correct, click the' is present on page  using regular expression

2024-11-07 20:58:28 - [TEST_STEP][PASSED] - verifyTextPresent("Payment Type/Filing Year", true): Text 'Payment Type/Filing Year' is present on page  using regular expression

2024-11-07 20:58:28 - [MESSAGE][PASSED] - Text 'Payment Type/Filing Year' is present on page  using regular expression

2024-11-07 20:58:28 - [TEST_STEP][PASSED] - verifyTextPresent("Payment Type:", true): Text 'Payment Type:' is present on page  using regular expression

2024-11-07 20:58:28 - [MESSAGE][PASSED] - Text 'Payment Type:' is present on page  using regular expression

2024-11-07 20:58:28 - [TEST_STEP][PASSED] - verifyTextPresent("Existing Liability with Notice/Invoice Number", true): Text 'Existing Liability with Notice/Invoice Number' is present on page  using regular expression

2024-11-07 20:58:29 - [MESSAGE][PASSED] - Text 'Existing Liability with Notice/Invoice Number' is present on page  using regular expression

2024-11-07 20:58:29 - [TEST_STEP][PASSED] - verifyTextPresent("Payer Information", true): Text 'Payer Information' is present on page  using regular expression

2024-11-07 20:58:29 - [MESSAGE][PASSED] - Text 'Payer Information' is present on page  using regular expression

2024-11-07 20:58:29 - [TEST_STEP][PASSED] - verifyTextPresent("Taxpayer Name:", true): Text 'Taxpayer Name:' is present on page  using regular expression

2024-11-07 20:58:29 - [MESSAGE][PASSED] - Text 'Taxpayer Name:' is present on page  using regular expression

2024-11-07 20:58:29 - [TEST_STEP][PASSED] - if (!(TaxType.equalsIgnoreCase("Sales & Use Tax"))): Text 'My Company' is present on page  using regular expression

2024-11-07 20:58:29 - [TEST_STEP][PASSED] - verifyTextPresent("My Company", true): Text 'My Company' is present on page  using regular expression

2024-11-07 20:58:30 - [MESSAGE][PASSED] - Text 'My Company' is present on page  using regular expression

2024-11-07 20:58:30 - [TEST_STEP][PASSED] - verifyTextPresent("Business Rep Name:", true): Text 'Business Rep Name:' is present on page  using regular expression

2024-11-07 20:58:30 - [MESSAGE][PASSED] - Text 'Business Rep Name:' is present on page  using regular expression

2024-11-07 20:58:30 - [TEST_STEP][PASSED] - verifyTextPresent("BusRepFname BusRepLname", true): Text 'BusRepFname BusRepLname' is present on page  using regular expression

2024-11-07 20:58:30 - [MESSAGE][PASSED] - Text 'BusRepFname BusRepLname' is present on page  using regular expression

2024-11-07 20:58:30 - [TEST_STEP][PASSED] - verifyTextPresent("Taxpayer Address:", true): Text 'Taxpayer Address:' is present on page  using regular expression

2024-11-07 20:58:31 - [MESSAGE][PASSED] - Text 'Taxpayer Address:' is present on page  using regular expression

2024-11-07 20:58:31 - [TEST_STEP][PASSED] - verifyTextPresent("2508 Mandan Terrace Gambrills Maryland 21054", true): Text '2508 Mandan Terrace Gambrills Maryland 21054' is present on page  using regular expression

2024-11-07 20:58:31 - [MESSAGE][PASSED] - Text '2508 Mandan Terrace Gambrills Maryland 21054' is present on page  using regular expression

2024-11-07 20:58:31 - [TEST_STEP][PASSED] - verifyTextPresent("Email:", true): Text 'Email:' is present on page  using regular expression

2024-11-07 20:58:31 - [MESSAGE][PASSED] - Text 'Email:' is present on page  using regular expression

2024-11-07 20:58:31 - [TEST_STEP][PASSED] - verifyTextPresent("iahmed@govolution.com", true): Text 'iahmed@govolution.com' is present on page  using regular expression

2024-11-07 20:58:32 - [MESSAGE][PASSED] - Text 'iahmed@govolution.com' is present on page  using regular expression

2024-11-07 20:58:32 - [TEST_STEP][PASSED] - verifyTextPresent("Phone:", true): Text 'Phone:' is present on page  using regular expression

2024-11-07 20:58:32 - [MESSAGE][PASSED] - Text 'Phone:' is present on page  using regular expression

2024-11-07 20:58:32 - [TEST_STEP][PASSED] - verifyTextPresent("(703) 894-5000", false): Text '(703) 894-5000' is present on page 

2024-11-07 20:58:32 - [MESSAGE][PASSED] - Text '(703) 894-5000' is present on page 

2024-11-07 20:58:32 - [TEST_STEP][PASSED] - verifyTextPresent("Tax Information", true): Text 'Tax Information' is present on page  using regular expression

2024-11-07 20:58:33 - [MESSAGE][PASSED] - Text 'Tax Information' is present on page  using regular expression

2024-11-07 20:58:33 - [TEST_STEP][PASSED] - if (feinSsn.equalsIgnoreCase("Y")): null

2024-11-07 20:58:33 - [TEST_STEP][PASSED] - else: Text 'FEIN/SSN:' is not present on page using regular expression

2024-11-07 20:58:33 - [TEST_STEP][PASSED] - verifyTextPresent("Federal EIN:", true): Text 'Federal EIN:' is present on page  using regular expression

2024-11-07 20:58:33 - [MESSAGE][PASSED] - Text 'Federal EIN:' is present on page  using regular expression

2024-11-07 20:58:33 - [TEST_STEP][PASSED] - verifyTextNotPresent("FEIN/SSN:", true): Text 'FEIN/SSN:' is not present on page using regular expression

2024-11-07 20:58:33 - [MESSAGE][PASSED] - Text 'FEIN/SSN:' is not present on page using regular expression

2024-11-07 20:58:33 - [TEST_STEP][PASSED] - verifyTextPresent("XXXXX0532", true): Text 'XXXXX0532' is present on page  using regular expression

2024-11-07 20:58:35 - [MESSAGE][PASSED] - Text 'XXXXX0532' is present on page  using regular expression

2024-11-07 20:58:35 - [TEST_STEP][PASSED] - verifyTextPresent("Notice Or Invoice Number:", true): Text 'Notice Or Invoice Number:' is present on page  using regular expression

2024-11-07 20:58:36 - [MESSAGE][PASSED] - Text 'Notice Or Invoice Number:' is present on page  using regular expression

2024-11-07 20:58:36 - [TEST_STEP][PASSED] - verifyTextPresent("1234567890123", true): Text '1234567890123' is present on page  using regular expression

2024-11-07 20:58:36 - [MESSAGE][PASSED] - Text '1234567890123' is present on page  using regular expression

2024-11-07 20:58:36 - [TEST_STEP][PASSED] - verifyTextPresent("Tax Type:", true): Text 'Tax Type:' is present on page  using regular expression

2024-11-07 20:58:36 - [MESSAGE][PASSED] - Text 'Tax Type:' is present on page  using regular expression

2024-11-07 20:58:36 - [TEST_STEP][PASSED] - verifyTextPresent(TaxType, true): Text 'Alcohol Tax' is present on page  using regular expression

2024-11-07 20:58:37 - [MESSAGE][PASSED] - Text 'Alcohol Tax' is present on page  using regular expression

2024-11-07 20:58:37 - [TEST_STEP][PASSED] - if (CRN.equalsIgnoreCase("Y")): Text '07640126' is present on page  using regular expression

2024-11-07 20:58:37 - [TEST_STEP][PASSED] - verifyTextPresent("MD Central Registration Number#:", true): Text 'MD Central Registration Number#:' is present on page  using regular expression

2024-11-07 20:58:37 - [MESSAGE][PASSED] - Text 'MD Central Registration Number#:' is present on page  using regular expression

2024-11-07 20:58:37 - [TEST_STEP][PASSED] - verifyTextPresent("07640126", true): Text '07640126' is present on page  using regular expression

2024-11-07 20:58:37 - [MESSAGE][PASSED] - Text '07640126' is present on page  using regular expression

2024-11-07 20:58:37 - [TEST_STEP][PASSED] - if (MFLicNum.equalsIgnoreCase("Y")): null

2024-11-07 20:58:37 - [TEST_STEP][PASSED] - verifyTextPresent("Payment Amount:", true): Text 'Payment Amount:' is present on page  using regular expression

2024-11-07 20:58:38 - [MESSAGE][PASSED] - Text 'Payment Amount:' is present on page  using regular expression

2024-11-07 20:58:38 - [TEST_STEP][PASSED] - verifyTextPresent("100.00", true): Text '100.00' is present on page  using regular expression

2024-11-07 20:58:38 - [MESSAGE][PASSED] - Text '100.00' is present on page  using regular expression

2024-11-07 20:58:38 - [TEST_STEP][PASSED] - if (verifyElementVisible(findTestObject(orPath_Summary + "/button_Proceed to Payment"))): null

2024-11-07 20:58:39 - [MESSAGE][PASSED] - Object 'Object Repository/RAD_Pages/Summary_Page/button_Proceed to Payment' is visible

2024-11-07 20:58:39 - [TEST_STEP][PASSED] - resText = "Pass": null

2024-11-07 20:58:39 - [TEST_STEP][PASSED] - pages.WriteExcel.demoKey(resText, datText, resColumn, datCloumn, fileLoc, nameSheet, row): pages.WriteExcel.demoKey is PASSED

2024-11-07 20:58:39 - [MESSAGE][PASSED] - pages.WriteExcel.demoKey is PASSED

2024-11-07 20:58:39 - [TEST_STEP][PASSED] - click(findTestObject(orPath_Summary + "/button_Proceed to Payment")): Object: 'Object Repository/RAD_Pages/Summary_Page/button_Proceed to Payment' is clicked on

2024-11-07 20:58:46 - [MESSAGE][PASSED] - Object: 'Object Repository/RAD_Pages/Summary_Page/button_Proceed to Payment' is clicked on

2024-11-07 20:58:46 - [TEST_STEP][PASSED] - verifyElementPresent(findTestObject("Object Repository/RAD_Pages/PaymentEntry_Page/input__billingName"), 30): Object 'Object Repository/RAD_Pages/PaymentEntry_Page/input__billingName' is present

2024-11-07 20:58:47 - [MESSAGE][PASSED] - Object 'Object Repository/RAD_Pages/PaymentEntry_Page/input__billingName' is present

2024-11-07 20:58:47 - [TEST_STEP][PASSED] - ExecuteTC = findTestData(dataFile).getValue("Execute", row): null

2024-11-07 20:58:47 - [TEST_STEP][PASSED] - TaxType = findTestData(dataFile).getValue("TaxType", row): null

2024-11-07 20:58:48 - [TEST_STEP][PASSED] - PaymentType = findTestData(dataFile).getValue("PaymentType", row): null

2024-11-07 20:58:48 - [TEST_STEP][PASSED] - feinSsn = findTestData(dataFile).getValue("FEINSSN", row): null

2024-11-07 20:58:48 - [TEST_STEP][PASSED] - CRN = findTestData(dataFile).getValue("CRN", row): null

2024-11-07 20:58:48 - [TEST_STEP][PASSED] - MFLicNum = findTestData(dataFile).getValue("MFLicNum", row): null

2024-11-07 20:58:49 - [TEST_STEP][PASSED] - if (ExecuteTC.equalsIgnoreCase("Y")): Object 'Object Repository/RAD_Pages/PaymentEntry_Page/input__billingName' is present

2024-11-07 20:58:49 - [TEST_STEP][PASSED] - out.println("Begin Record Number: " + row): null

2024-11-07 20:58:49 - [TEST_STEP][PASSED] - today = new java.util.Date(): null

2024-11-07 20:58:49 - [TEST_STEP][PASSED] - println(today): null

2024-11-07 20:58:49 - [TEST_STEP][PASSED] - datText = today: null

2024-11-07 20:58:49 - [TEST_STEP][PASSED] - logInfo("Payment Type: Existing Liability with Notice/Invoice Number"): Payment Type: Existing Liability with Notice/Invoice Number

2024-11-07 20:58:49 - [MESSAGE][INFO] - Payment Type: Existing Liability with Notice/Invoice Number

2024-11-07 20:58:49 - [TEST_STEP][PASSED] - logInfo("Tax Type: " + TaxType): Tax Type: PTE Tax Electing Non-S Corp

2024-11-07 20:58:49 - [MESSAGE][INFO] - Tax Type: PTE Tax Electing Non-S Corp

2024-11-07 20:58:49 - [TEST_STEP][PASSED] - openBrowser(""): Browser is opened with url: ''

2024-11-07 20:58:49 - [MESSAGE][WARNING] - A browser is already opened. Closing browser and opening a new one

2024-11-07 20:58:53 - [MESSAGE][INFO] - Starting 'Chrome' driver

2024-11-07 20:58:53 - [MESSAGE][INFO] - User set preference: ['acceptInsecureCerts', 'true']

2024-11-07 20:58:53 - [MESSAGE][INFO] - Action delay is set to 0 milliseconds

2024-11-07 20:58:56 - [MESSAGE][PASSED] - Browser is opened with url: ''

2024-11-07 20:58:56 - [TEST_STEP][PASSED] - maximizeWindow(): Current window maximized

2024-11-07 20:58:56 - [MESSAGE][PASSED] - Current window maximized

2024-11-07 20:58:56 - [TEST_STEP][PASSED] - navigateToUrl(RADurl): Navigate to 'https://www.velocitypayment.com/client/rad/index.html' successfully

2024-11-07 20:58:58 - [MESSAGE][PASSED] - Navigate to 'https://www.velocitypayment.com/client/rad/index.html' successfully

2024-11-07 20:58:58 - [TEST_STEP][PASSED] - selectOptionByLabel(findTestObject(orPath_Landing + "/dd_TaxType"), "Existing Liability with Notice/Invoice Number", false): All options with label 'Existing Liability with Notice/Invoice Number' are selected in object 'Object Repository/RAD_Pages/Landing_Page/dd_TaxType' 

2024-11-07 20:58:59 - [MESSAGE][PASSED] - All options with label 'Existing Liability with Notice/Invoice Number' are selected in object 'Object Repository/RAD_Pages/Landing_Page/dd_TaxType' 

2024-11-07 20:58:59 - [TEST_STEP][PASSED] - selectOptionByLabel(findTestObject(orPath_TaxTypeFilingYear + "/select_TaxType_ExistingLiability"), TaxType, false): All options with label 'PTE Tax Electing Non-S Corp' are selected in object 'Object Repository/RAD_Pages/TaxTypeFilingYear_Page/select_TaxType_ExistingLiability' 

2024-11-07 20:58:59 - [MESSAGE][PASSED] - All options with label 'PTE Tax Electing Non-S Corp' are selected in object 'Object Repository/RAD_Pages/TaxTypeFilingYear_Page/select_TaxType_ExistingLiability' 

2024-11-07 20:58:59 - [TEST_STEP][PASSED] - rad.getSetDataRAD.setDataRADBusinessName(): rad.getSetDataRAD.setDataRADBusinessName is PASSED

2024-11-07 20:59:00 - [MESSAGE][PASSED] - Text 'My Company' is set on object 'Object Repository/RAD_Pages/Taxpayer_Page/input_businessName'

2024-11-07 20:59:00 - [MESSAGE][PASSED] - rad.getSetDataRAD.setDataRADBusinessName is PASSED

2024-11-07 20:59:00 - [TEST_STEP][PASSED] - rad.getSetDataRAD.setDataRADBusinessRep(): rad.getSetDataRAD.setDataRADBusinessRep is PASSED

2024-11-07 20:59:01 - [MESSAGE][PASSED] - Text 'BusRepFname' is set on object 'Object Repository/RAD_Pages/Taxpayer_Page/input_BusinessRepfirstName'

2024-11-07 20:59:02 - [MESSAGE][PASSED] - Text '' is set on object 'Object Repository/RAD_Pages/Taxpayer_Page/input_BusinessRepmiddleName'

2024-11-07 20:59:02 - [MESSAGE][PASSED] - Text 'BusRepLname' is set on object 'Object Repository/RAD_Pages/Taxpayer_Page/input_BusinessReplastName'

2024-11-07 20:59:03 - [MESSAGE][PASSED] - Text '' is set on object 'Object Repository/RAD_Pages/Taxpayer_Page/input_BusinessRepsuffix'

2024-11-07 20:59:03 - [MESSAGE][PASSED] - rad.getSetDataRAD.setDataRADBusinessRep is PASSED

2024-11-07 20:59:03 - [TEST_STEP][PASSED] - rad.getSetDataRAD.setDataRADAddress(): rad.getSetDataRAD.setDataRADAddress is PASSED

2024-11-07 20:59:04 - [MESSAGE][PASSED] - All options with label 'United States' are selected in object 'Object Repository/RAD_Pages/AddressAndContactInfo_Page/select_Country' 

2024-11-07 20:59:05 - [MESSAGE][PASSED] - Text '2508 Mandan Terrace' is set on object 'Object Repository/RAD_Pages/AddressAndContactInfo_Page/input_streetAddress1'

2024-11-07 20:59:05 - [MESSAGE][PASSED] - Text '' is set on object 'Object Repository/RAD_Pages/AddressAndContactInfo_Page/input_streetAddress2'

2024-11-07 20:59:06 - [MESSAGE][PASSED] - Text 'Gambrills' is set on object 'Object Repository/RAD_Pages/AddressAndContactInfo_Page/input_city'

2024-11-07 20:59:07 - [MESSAGE][PASSED] - All options with label 'Maryland' are selected in object 'Object Repository/RAD_Pages/AddressAndContactInfo_Page/select_State' 

2024-11-07 20:59:07 - [MESSAGE][PASSED] - Text '21054' is set on object 'Object Repository/RAD_Pages/AddressAndContactInfo_Page/input_zipCode'

2024-11-07 20:59:08 - [MESSAGE][PASSED] - Text '(703) 894-5000' is set on object 'Object Repository/RAD_Pages/AddressAndContactInfo_Page/input_phoneNumber'

2024-11-07 20:59:09 - [MESSAGE][PASSED] - Text 'iahmed@govolution.com' is set on object 'Object Repository/RAD_Pages/AddressAndContactInfo_Page/input_eMailAddress'

2024-11-07 20:59:10 - [MESSAGE][PASSED] - Text 'iahmed@govolution.com' is set on object 'Object Repository/RAD_Pages/AddressAndContactInfo_Page/input_reEnterEMailAddress'

2024-11-07 20:59:10 - [MESSAGE][PASSED] - rad.getSetDataRAD.setDataRADAddress is PASSED

2024-11-07 20:59:10 - [TEST_STEP][PASSED] - if (feinSsn.equalsIgnoreCase("Y")): Text ****** has been set on object 'Object Repository/RAD_Pages/TaxInfo_Page/input_TaxInfo_RetypefeinSsn_Existing_New'

2024-11-07 20:59:10 - [TEST_STEP][PASSED] - setEncryptedText(findTestObject(orPath_TaxInfo + "/input_TaxInfo_feinSsn_Existing_New"), "px0FNUagnh7G/CVR/QiY+A=="): Text ****** has been set on object 'Object Repository/RAD_Pages/TaxInfo_Page/input_TaxInfo_feinSsn_Existing_New'

2024-11-07 20:59:10 - [MESSAGE][PASSED] - Text ****** has been set on object 'Object Repository/RAD_Pages/TaxInfo_Page/input_TaxInfo_feinSsn_Existing_New'

2024-11-07 20:59:10 - [TEST_STEP][PASSED] - setEncryptedText(findTestObject(orPath_TaxInfo + "/input_TaxInfo_RetypefeinSsn_Existing_New"), "px0FNUagnh7G/CVR/QiY+A=="): Text ****** has been set on object 'Object Repository/RAD_Pages/TaxInfo_Page/input_TaxInfo_RetypefeinSsn_Existing_New'

2024-11-07 20:59:11 - [MESSAGE][PASSED] - Text ****** has been set on object 'Object Repository/RAD_Pages/TaxInfo_Page/input_TaxInfo_RetypefeinSsn_Existing_New'

2024-11-07 20:59:11 - [TEST_STEP][PASSED] - rad.getSetDataRAD.setDataRADNoticeInvoiceThirteen(): rad.getSetDataRAD.setDataRADNoticeInvoiceThirteen is PASSED

2024-11-07 20:59:12 - [MESSAGE][PASSED] - Text '1234567890123' is set on object 'Object Repository/RAD_Pages/TaxInfo_Page/input_NoticeInvoiceNumber'

2024-11-07 20:59:12 - [MESSAGE][PASSED] - Text '1234567890123' is set on object 'Object Repository/RAD_Pages/TaxInfo_Page/input_reTypeNoticeInvoiceNumber'

2024-11-07 20:59:12 - [MESSAGE][PASSED] - rad.getSetDataRAD.setDataRADNoticeInvoiceThirteen is PASSED

2024-11-07 20:59:12 - [TEST_STEP][PASSED] - if (MFLicNum.equalsIgnoreCase("Y")): null

2024-11-07 20:59:12 - [TEST_STEP][PASSED] - if (CRN.equalsIgnoreCase("Y")): null

2024-11-07 20:59:12 - [TEST_STEP][PASSED] - setText(findTestObject(orPath_Amount + "/input__paymentAmount"), "100.00"): Text '100.00' is set on object 'Object Repository/RAD_Pages/PaymentAmount_Page/input__paymentAmount'

2024-11-07 20:59:13 - [MESSAGE][PASSED] - Text '100.00' is set on object 'Object Repository/RAD_Pages/PaymentAmount_Page/input__paymentAmount'

2024-11-07 20:59:13 - [TEST_STEP][PASSED] - setText(findTestObject(orPath_AddressContact + "/input_streetAddress2"), ""): Text '' is set on object 'Object Repository/RAD_Pages/AddressAndContactInfo_Page/input_streetAddress2'

2024-11-07 20:59:14 - [MESSAGE][PASSED] - Text '' is set on object 'Object Repository/RAD_Pages/AddressAndContactInfo_Page/input_streetAddress2'

2024-11-07 20:59:14 - [TEST_STEP][PASSED] - scrollToElement(findTestObject(orPath_Landing + "/button_Continue"), 3): Scroll to object 'Object Repository/RAD_Pages/Landing_Page/button_Continue' successfully

2024-11-07 20:59:14 - [MESSAGE][PASSED] - Scroll to object 'Object Repository/RAD_Pages/Landing_Page/button_Continue' successfully

2024-11-07 20:59:14 - [TEST_STEP][PASSED] - waitForElementClickable(findTestObject(orPath_Landing + "/button_Continue"), 5): Object 'Object Repository/RAD_Pages/Landing_Page/button_Continue' is clickable

2024-11-07 20:59:15 - [MESSAGE][PASSED] - Object 'Object Repository/RAD_Pages/Landing_Page/button_Continue' is clickable

2024-11-07 20:59:15 - [TEST_STEP][PASSED] - click(findTestObject(orPath_Landing + "/button_Continue")): Object: 'Object Repository/RAD_Pages/Landing_Page/button_Continue' is clicked on

2024-11-07 20:59:15 - [MESSAGE][PASSED] - Object: 'Object Repository/RAD_Pages/Landing_Page/button_Continue' is clicked on

2024-11-07 20:59:15 - [TEST_STEP][PASSED] - delay(2): Delayed 2 second(s)

2024-11-07 20:59:17 - [MESSAGE][PASSED] - Delayed 2 second(s)

2024-11-07 20:59:17 - [TEST_STEP][PASSED] - verifyTextPresent("Summary", true): Text 'Summary' is present on page  using regular expression

2024-11-07 20:59:17 - [MESSAGE][PASSED] - Text 'Summary' is present on page  using regular expression

2024-11-07 20:59:17 - [TEST_STEP][PASSED] - verifyTextPresent("Review the information below and make any necessary corrections by clicking the", true): Text 'Review the information below and make any necessary corrections by clicking the' is present on page  using regular expression

2024-11-07 20:59:18 - [MESSAGE][PASSED] - Text 'Review the information below and make any necessary corrections by clicking the' is present on page  using regular expression

2024-11-07 20:59:18 - [TEST_STEP][PASSED] - verifyTextPresent("When you are confident that all the information is correct, click the", true): Text 'When you are confident that all the information is correct, click the' is present on page  using regular expression

2024-11-07 20:59:18 - [MESSAGE][PASSED] - Text 'When you are confident that all the information is correct, click the' is present on page  using regular expression

2024-11-07 20:59:18 - [TEST_STEP][PASSED] - verifyTextPresent("Payment Type/Filing Year", true): Text 'Payment Type/Filing Year' is present on page  using regular expression

2024-11-07 20:59:18 - [MESSAGE][PASSED] - Text 'Payment Type/Filing Year' is present on page  using regular expression

2024-11-07 20:59:18 - [TEST_STEP][PASSED] - verifyTextPresent("Payment Type:", true): Text 'Payment Type:' is present on page  using regular expression

2024-11-07 20:59:19 - [MESSAGE][PASSED] - Text 'Payment Type:' is present on page  using regular expression

2024-11-07 20:59:19 - [TEST_STEP][PASSED] - verifyTextPresent("Existing Liability with Notice/Invoice Number", true): Text 'Existing Liability with Notice/Invoice Number' is present on page  using regular expression

2024-11-07 20:59:19 - [MESSAGE][PASSED] - Text 'Existing Liability with Notice/Invoice Number' is present on page  using regular expression

2024-11-07 20:59:19 - [TEST_STEP][PASSED] - verifyTextPresent("Payer Information", true): Text 'Payer Information' is present on page  using regular expression

2024-11-07 20:59:19 - [MESSAGE][PASSED] - Text 'Payer Information' is present on page  using regular expression

2024-11-07 20:59:19 - [TEST_STEP][PASSED] - verifyTextPresent("Taxpayer Name:", true): Text 'Taxpayer Name:' is present on page  using regular expression

2024-11-07 20:59:20 - [MESSAGE][PASSED] - Text 'Taxpayer Name:' is present on page  using regular expression

2024-11-07 20:59:20 - [TEST_STEP][PASSED] - if (!(TaxType.equalsIgnoreCase("Sales & Use Tax"))): Text 'My Company' is present on page  using regular expression

2024-11-07 20:59:20 - [TEST_STEP][PASSED] - verifyTextPresent("My Company", true): Text 'My Company' is present on page  using regular expression

2024-11-07 20:59:20 - [MESSAGE][PASSED] - Text 'My Company' is present on page  using regular expression

2024-11-07 20:59:20 - [TEST_STEP][PASSED] - verifyTextPresent("Business Rep Name:", true): Text 'Business Rep Name:' is present on page  using regular expression

2024-11-07 20:59:20 - [MESSAGE][PASSED] - Text 'Business Rep Name:' is present on page  using regular expression

2024-11-07 20:59:20 - [TEST_STEP][PASSED] - verifyTextPresent("BusRepFname BusRepLname", true): Text 'BusRepFname BusRepLname' is present on page  using regular expression

2024-11-07 20:59:21 - [MESSAGE][PASSED] - Text 'BusRepFname BusRepLname' is present on page  using regular expression

2024-11-07 20:59:21 - [TEST_STEP][PASSED] - verifyTextPresent("Taxpayer Address:", true): Text 'Taxpayer Address:' is present on page  using regular expression

2024-11-07 20:59:21 - [MESSAGE][PASSED] - Text 'Taxpayer Address:' is present on page  using regular expression

2024-11-07 20:59:21 - [TEST_STEP][PASSED] - verifyTextPresent("2508 Mandan Terrace Gambrills Maryland 21054", true): Text '2508 Mandan Terrace Gambrills Maryland 21054' is present on page  using regular expression

2024-11-07 20:59:22 - [MESSAGE][PASSED] - Text '2508 Mandan Terrace Gambrills Maryland 21054' is present on page  using regular expression

2024-11-07 20:59:22 - [TEST_STEP][PASSED] - verifyTextPresent("Email:", true): Text 'Email:' is present on page  using regular expression

2024-11-07 20:59:22 - [MESSAGE][PASSED] - Text 'Email:' is present on page  using regular expression

2024-11-07 20:59:22 - [TEST_STEP][PASSED] - verifyTextPresent("iahmed@govolution.com", true): Text 'iahmed@govolution.com' is present on page  using regular expression

2024-11-07 20:59:22 - [MESSAGE][PASSED] - Text 'iahmed@govolution.com' is present on page  using regular expression

2024-11-07 20:59:22 - [TEST_STEP][PASSED] - verifyTextPresent("Phone:", true): Text 'Phone:' is present on page  using regular expression

2024-11-07 20:59:23 - [MESSAGE][PASSED] - Text 'Phone:' is present on page  using regular expression

2024-11-07 20:59:23 - [TEST_STEP][PASSED] - verifyTextPresent("(703) 894-5000", false): Text '(703) 894-5000' is present on page 

2024-11-07 20:59:23 - [MESSAGE][PASSED] - Text '(703) 894-5000' is present on page 

2024-11-07 20:59:23 - [TEST_STEP][PASSED] - verifyTextPresent("Tax Information", true): Text 'Tax Information' is present on page  using regular expression

2024-11-07 20:59:23 - [MESSAGE][PASSED] - Text 'Tax Information' is present on page  using regular expression

2024-11-07 20:59:23 - [TEST_STEP][PASSED] - if (feinSsn.equalsIgnoreCase("Y")): Text 'Federal EIN:' is not present on page using regular expression

2024-11-07 20:59:23 - [TEST_STEP][PASSED] - verifyTextPresent("FEIN/SSN:", true): Text 'FEIN/SSN:' is present on page  using regular expression

2024-11-07 20:59:24 - [MESSAGE][PASSED] - Text 'FEIN/SSN:' is present on page  using regular expression

2024-11-07 20:59:24 - [TEST_STEP][PASSED] - verifyTextNotPresent("Federal EIN:", true): Text 'Federal EIN:' is not present on page using regular expression

2024-11-07 20:59:24 - [MESSAGE][PASSED] - Text 'Federal EIN:' is not present on page using regular expression

2024-11-07 20:59:24 - [TEST_STEP][PASSED] - verifyTextPresent("XXXXX0532", true): Text 'XXXXX0532' is present on page  using regular expression

2024-11-07 20:59:24 - [MESSAGE][PASSED] - Text 'XXXXX0532' is present on page  using regular expression

2024-11-07 20:59:24 - [TEST_STEP][PASSED] - verifyTextPresent("Notice Or Invoice Number:", true): Text 'Notice Or Invoice Number:' is present on page  using regular expression

2024-11-07 20:59:25 - [MESSAGE][PASSED] - Text 'Notice Or Invoice Number:' is present on page  using regular expression

2024-11-07 20:59:25 - [TEST_STEP][PASSED] - verifyTextPresent("1234567890123", true): Text '1234567890123' is present on page  using regular expression

2024-11-07 20:59:25 - [MESSAGE][PASSED] - Text '1234567890123' is present on page  using regular expression

2024-11-07 20:59:25 - [TEST_STEP][PASSED] - verifyTextPresent("Tax Type:", true): Text 'Tax Type:' is present on page  using regular expression

2024-11-07 20:59:25 - [MESSAGE][PASSED] - Text 'Tax Type:' is present on page  using regular expression

2024-11-07 20:59:25 - [TEST_STEP][PASSED] - verifyTextPresent(TaxType, true): Text 'PTE Tax Electing Non-S Corp' is present on page  using regular expression

2024-11-07 20:59:26 - [MESSAGE][PASSED] - Text 'PTE Tax Electing Non-S Corp' is present on page  using regular expression

2024-11-07 20:59:26 - [TEST_STEP][PASSED] - if (CRN.equalsIgnoreCase("Y")): null

2024-11-07 20:59:26 - [TEST_STEP][PASSED] - if (MFLicNum.equalsIgnoreCase("Y")): null

2024-11-07 20:59:26 - [TEST_STEP][PASSED] - verifyTextPresent("Payment Amount:", true): Text 'Payment Amount:' is present on page  using regular expression

2024-11-07 20:59:26 - [MESSAGE][PASSED] - Text 'Payment Amount:' is present on page  using regular expression

2024-11-07 20:59:26 - [TEST_STEP][PASSED] - verifyTextPresent("100.00", true): Text '100.00' is present on page  using regular expression

2024-11-07 20:59:26 - [MESSAGE][PASSED] - Text '100.00' is present on page  using regular expression

2024-11-07 20:59:26 - [TEST_STEP][PASSED] - if (verifyElementVisible(findTestObject(orPath_Summary + "/button_Proceed to Payment"))): null

2024-11-07 20:59:27 - [MESSAGE][PASSED] - Object 'Object Repository/RAD_Pages/Summary_Page/button_Proceed to Payment' is visible

2024-11-07 20:59:27 - [TEST_STEP][PASSED] - resText = "Pass": null

2024-11-07 20:59:27 - [TEST_STEP][PASSED] - pages.WriteExcel.demoKey(resText, datText, resColumn, datCloumn, fileLoc, nameSheet, row): pages.WriteExcel.demoKey is PASSED

2024-11-07 20:59:27 - [MESSAGE][PASSED] - pages.WriteExcel.demoKey is PASSED

2024-11-07 20:59:27 - [TEST_STEP][PASSED] - click(findTestObject(orPath_Summary + "/button_Proceed to Payment")): Object: 'Object Repository/RAD_Pages/Summary_Page/button_Proceed to Payment' is clicked on

2024-11-07 20:59:34 - [MESSAGE][PASSED] - Object: 'Object Repository/RAD_Pages/Summary_Page/button_Proceed to Payment' is clicked on

2024-11-07 20:59:34 - [TEST_STEP][PASSED] - verifyElementPresent(findTestObject("Object Repository/RAD_Pages/PaymentEntry_Page/input__billingName"), 30): Object 'Object Repository/RAD_Pages/PaymentEntry_Page/input__billingName' is present

2024-11-07 20:59:35 - [MESSAGE][PASSED] - Object 'Object Repository/RAD_Pages/PaymentEntry_Page/input__billingName' is present

2024-11-07 20:59:35 - [TEST_STEP][PASSED] - ExecuteTC = findTestData(dataFile).getValue("Execute", row): null

2024-11-07 20:59:35 - [TEST_STEP][PASSED] - TaxType = findTestData(dataFile).getValue("TaxType", row): null

2024-11-07 20:59:35 - [TEST_STEP][PASSED] - PaymentType = findTestData(dataFile).getValue("PaymentType", row): null

2024-11-07 20:59:35 - [TEST_STEP][PASSED] - feinSsn = findTestData(dataFile).getValue("FEINSSN", row): null

2024-11-07 20:59:35 - [TEST_STEP][PASSED] - CRN = findTestData(dataFile).getValue("CRN", row): null

2024-11-07 20:59:35 - [TEST_STEP][PASSED] - MFLicNum = findTestData(dataFile).getValue("MFLicNum", row): null

2024-11-07 20:59:35 - [TEST_STEP][PASSED] - if (ExecuteTC.equalsIgnoreCase("Y")): Object 'Object Repository/RAD_Pages/PaymentEntry_Page/input__billingName' is present

2024-11-07 20:59:35 - [TEST_STEP][PASSED] - out.println("Begin Record Number: " + row): null

2024-11-07 20:59:35 - [TEST_STEP][PASSED] - today = new java.util.Date(): null

2024-11-07 20:59:35 - [TEST_STEP][PASSED] - println(today): null

2024-11-07 20:59:35 - [TEST_STEP][PASSED] - datText = today: null

2024-11-07 20:59:35 - [TEST_STEP][PASSED] - logInfo("Payment Type: Existing Liability with Notice/Invoice Number"): Payment Type: Existing Liability with Notice/Invoice Number

2024-11-07 20:59:35 - [MESSAGE][INFO] - Payment Type: Existing Liability with Notice/Invoice Number

2024-11-07 20:59:35 - [TEST_STEP][PASSED] - logInfo("Tax Type: " + TaxType): Tax Type: PTE Tax Electing S Corp

2024-11-07 20:59:35 - [MESSAGE][INFO] - Tax Type: PTE Tax Electing S Corp

2024-11-07 20:59:35 - [TEST_STEP][PASSED] - openBrowser(""): Browser is opened with url: ''

2024-11-07 20:59:35 - [MESSAGE][WARNING] - A browser is already opened. Closing browser and opening a new one

2024-11-07 20:59:39 - [MESSAGE][INFO] - Starting 'Chrome' driver

2024-11-07 20:59:39 - [MESSAGE][INFO] - User set preference: ['acceptInsecureCerts', 'true']

2024-11-07 20:59:39 - [MESSAGE][INFO] - Action delay is set to 0 milliseconds

2024-11-07 20:59:41 - [MESSAGE][PASSED] - Browser is opened with url: ''

2024-11-07 20:59:41 - [TEST_STEP][PASSED] - maximizeWindow(): Current window maximized

2024-11-07 20:59:42 - [MESSAGE][PASSED] - Current window maximized

2024-11-07 20:59:42 - [TEST_STEP][PASSED] - navigateToUrl(RADurl): Navigate to 'https://www.velocitypayment.com/client/rad/index.html' successfully

2024-11-07 20:59:45 - [MESSAGE][PASSED] - Navigate to 'https://www.velocitypayment.com/client/rad/index.html' successfully

2024-11-07 20:59:45 - [TEST_STEP][PASSED] - selectOptionByLabel(findTestObject(orPath_Landing + "/dd_TaxType"), "Existing Liability with Notice/Invoice Number", false): All options with label 'Existing Liability with Notice/Invoice Number' are selected in object 'Object Repository/RAD_Pages/Landing_Page/dd_TaxType' 

2024-11-07 20:59:45 - [MESSAGE][PASSED] - All options with label 'Existing Liability with Notice/Invoice Number' are selected in object 'Object Repository/RAD_Pages/Landing_Page/dd_TaxType' 

2024-11-07 20:59:45 - [TEST_STEP][PASSED] - selectOptionByLabel(findTestObject(orPath_TaxTypeFilingYear + "/select_TaxType_ExistingLiability"), TaxType, false): All options with label 'PTE Tax Electing S Corp' are selected in object 'Object Repository/RAD_Pages/TaxTypeFilingYear_Page/select_TaxType_ExistingLiability' 

2024-11-07 20:59:46 - [MESSAGE][PASSED] - All options with label 'PTE Tax Electing S Corp' are selected in object 'Object Repository/RAD_Pages/TaxTypeFilingYear_Page/select_TaxType_ExistingLiability' 

2024-11-07 20:59:46 - [TEST_STEP][PASSED] - rad.getSetDataRAD.setDataRADBusinessName(): rad.getSetDataRAD.setDataRADBusinessName is PASSED

2024-11-07 20:59:47 - [MESSAGE][PASSED] - Text 'My Company' is set on object 'Object Repository/RAD_Pages/Taxpayer_Page/input_businessName'

2024-11-07 20:59:47 - [MESSAGE][PASSED] - rad.getSetDataRAD.setDataRADBusinessName is PASSED

2024-11-07 20:59:47 - [TEST_STEP][PASSED] - rad.getSetDataRAD.setDataRADBusinessRep(): rad.getSetDataRAD.setDataRADBusinessRep is PASSED

2024-11-07 20:59:48 - [MESSAGE][PASSED] - Text 'BusRepFname' is set on object 'Object Repository/RAD_Pages/Taxpayer_Page/input_BusinessRepfirstName'

2024-11-07 20:59:49 - [MESSAGE][PASSED] - Text '' is set on object 'Object Repository/RAD_Pages/Taxpayer_Page/input_BusinessRepmiddleName'

2024-11-07 20:59:49 - [MESSAGE][PASSED] - Text 'BusRepLname' is set on object 'Object Repository/RAD_Pages/Taxpayer_Page/input_BusinessReplastName'

2024-11-07 20:59:50 - [MESSAGE][PASSED] - Text '' is set on object 'Object Repository/RAD_Pages/Taxpayer_Page/input_BusinessRepsuffix'

2024-11-07 20:59:50 - [MESSAGE][PASSED] - rad.getSetDataRAD.setDataRADBusinessRep is PASSED

2024-11-07 20:59:50 - [TEST_STEP][PASSED] - rad.getSetDataRAD.setDataRADAddress(): rad.getSetDataRAD.setDataRADAddress is PASSED

2024-11-07 20:59:51 - [MESSAGE][PASSED] - All options with label 'United States' are selected in object 'Object Repository/RAD_Pages/AddressAndContactInfo_Page/select_Country' 

2024-11-07 20:59:52 - [MESSAGE][PASSED] - Text '2508 Mandan Terrace' is set on object 'Object Repository/RAD_Pages/AddressAndContactInfo_Page/input_streetAddress1'

2024-11-07 20:59:52 - [MESSAGE][PASSED] - Text '' is set on object 'Object Repository/RAD_Pages/AddressAndContactInfo_Page/input_streetAddress2'

2024-11-07 20:59:53 - [MESSAGE][PASSED] - Text 'Gambrills' is set on object 'Object Repository/RAD_Pages/AddressAndContactInfo_Page/input_city'

2024-11-07 20:59:54 - [MESSAGE][PASSED] - All options with label 'Maryland' are selected in object 'Object Repository/RAD_Pages/AddressAndContactInfo_Page/select_State' 

2024-11-07 20:59:55 - [MESSAGE][PASSED] - Text '21054' is set on object 'Object Repository/RAD_Pages/AddressAndContactInfo_Page/input_zipCode'

2024-11-07 20:59:55 - [MESSAGE][PASSED] - Text '(703) 894-5000' is set on object 'Object Repository/RAD_Pages/AddressAndContactInfo_Page/input_phoneNumber'

2024-11-07 20:59:56 - [MESSAGE][PASSED] - Text 'iahmed@govolution.com' is set on object 'Object Repository/RAD_Pages/AddressAndContactInfo_Page/input_eMailAddress'

2024-11-07 20:59:57 - [MESSAGE][PASSED] - Text 'iahmed@govolution.com' is set on object 'Object Repository/RAD_Pages/AddressAndContactInfo_Page/input_reEnterEMailAddress'

2024-11-07 20:59:57 - [MESSAGE][PASSED] - rad.getSetDataRAD.setDataRADAddress is PASSED

2024-11-07 20:59:57 - [TEST_STEP][PASSED] - if (feinSsn.equalsIgnoreCase("Y")): Text ****** has been set on object 'Object Repository/RAD_Pages/TaxInfo_Page/input_TaxInfo_RetypefeinSsn_Existing_New'

2024-11-07 20:59:57 - [TEST_STEP][PASSED] - setEncryptedText(findTestObject(orPath_TaxInfo + "/input_TaxInfo_feinSsn_Existing_New"), "px0FNUagnh7G/CVR/QiY+A=="): Text ****** has been set on object 'Object Repository/RAD_Pages/TaxInfo_Page/input_TaxInfo_feinSsn_Existing_New'

2024-11-07 20:59:58 - [MESSAGE][PASSED] - Text ****** has been set on object 'Object Repository/RAD_Pages/TaxInfo_Page/input_TaxInfo_feinSsn_Existing_New'

2024-11-07 20:59:58 - [TEST_STEP][PASSED] - setEncryptedText(findTestObject(orPath_TaxInfo + "/input_TaxInfo_RetypefeinSsn_Existing_New"), "px0FNUagnh7G/CVR/QiY+A=="): Text ****** has been set on object 'Object Repository/RAD_Pages/TaxInfo_Page/input_TaxInfo_RetypefeinSsn_Existing_New'

2024-11-07 20:59:58 - [MESSAGE][PASSED] - Text ****** has been set on object 'Object Repository/RAD_Pages/TaxInfo_Page/input_TaxInfo_RetypefeinSsn_Existing_New'

2024-11-07 20:59:58 - [TEST_STEP][PASSED] - rad.getSetDataRAD.setDataRADNoticeInvoiceThirteen(): rad.getSetDataRAD.setDataRADNoticeInvoiceThirteen is PASSED

2024-11-07 20:59:59 - [MESSAGE][PASSED] - Text '1234567890123' is set on object 'Object Repository/RAD_Pages/TaxInfo_Page/input_NoticeInvoiceNumber'

2024-11-07 21:00:00 - [MESSAGE][PASSED] - Text '1234567890123' is set on object 'Object Repository/RAD_Pages/TaxInfo_Page/input_reTypeNoticeInvoiceNumber'

2024-11-07 21:00:00 - [MESSAGE][PASSED] - rad.getSetDataRAD.setDataRADNoticeInvoiceThirteen is PASSED

2024-11-07 21:00:00 - [TEST_STEP][PASSED] - if (MFLicNum.equalsIgnoreCase("Y")): null

2024-11-07 21:00:00 - [TEST_STEP][PASSED] - if (CRN.equalsIgnoreCase("Y")): null

2024-11-07 21:00:00 - [TEST_STEP][PASSED] - setText(findTestObject(orPath_Amount + "/input__paymentAmount"), "100.00"): Text '100.00' is set on object 'Object Repository/RAD_Pages/PaymentAmount_Page/input__paymentAmount'

2024-11-07 21:00:01 - [MESSAGE][PASSED] - Text '100.00' is set on object 'Object Repository/RAD_Pages/PaymentAmount_Page/input__paymentAmount'

2024-11-07 21:00:01 - [TEST_STEP][PASSED] - setText(findTestObject(orPath_AddressContact + "/input_streetAddress2"), ""): Text '' is set on object 'Object Repository/RAD_Pages/AddressAndContactInfo_Page/input_streetAddress2'

2024-11-07 21:00:02 - [MESSAGE][PASSED] - Text '' is set on object 'Object Repository/RAD_Pages/AddressAndContactInfo_Page/input_streetAddress2'

2024-11-07 21:00:02 - [TEST_STEP][PASSED] - scrollToElement(findTestObject(orPath_Landing + "/button_Continue"), 3): Scroll to object 'Object Repository/RAD_Pages/Landing_Page/button_Continue' successfully

2024-11-07 21:00:02 - [MESSAGE][PASSED] - Scroll to object 'Object Repository/RAD_Pages/Landing_Page/button_Continue' successfully

2024-11-07 21:00:02 - [TEST_STEP][PASSED] - waitForElementClickable(findTestObject(orPath_Landing + "/button_Continue"), 5): Object 'Object Repository/RAD_Pages/Landing_Page/button_Continue' is clickable

2024-11-07 21:00:03 - [MESSAGE][PASSED] - Object 'Object Repository/RAD_Pages/Landing_Page/button_Continue' is clickable

2024-11-07 21:00:03 - [TEST_STEP][PASSED] - click(findTestObject(orPath_Landing + "/button_Continue")): Object: 'Object Repository/RAD_Pages/Landing_Page/button_Continue' is clicked on

2024-11-07 21:00:03 - [MESSAGE][PASSED] - Object: 'Object Repository/RAD_Pages/Landing_Page/button_Continue' is clicked on

2024-11-07 21:00:03 - [TEST_STEP][PASSED] - delay(2): Delayed 2 second(s)

2024-11-07 21:00:05 - [MESSAGE][PASSED] - Delayed 2 second(s)

2024-11-07 21:00:05 - [TEST_STEP][PASSED] - verifyTextPresent("Summary", true): Text 'Summary' is present on page  using regular expression

2024-11-07 21:00:05 - [MESSAGE][PASSED] - Text 'Summary' is present on page  using regular expression

2024-11-07 21:00:05 - [TEST_STEP][PASSED] - verifyTextPresent("Review the information below and make any necessary corrections by clicking the", true): Text 'Review the information below and make any necessary corrections by clicking the' is present on page  using regular expression

2024-11-07 21:00:06 - [MESSAGE][PASSED] - Text 'Review the information below and make any necessary corrections by clicking the' is present on page  using regular expression

2024-11-07 21:00:06 - [TEST_STEP][PASSED] - verifyTextPresent("When you are confident that all the information is correct, click the", true): Text 'When you are confident that all the information is correct, click the' is present on page  using regular expression

2024-11-07 21:00:06 - [MESSAGE][PASSED] - Text 'When you are confident that all the information is correct, click the' is present on page  using regular expression

2024-11-07 21:00:06 - [TEST_STEP][PASSED] - verifyTextPresent("Payment Type/Filing Year", true): Text 'Payment Type/Filing Year' is present on page  using regular expression

2024-11-07 21:00:06 - [MESSAGE][PASSED] - Text 'Payment Type/Filing Year' is present on page  using regular expression

2024-11-07 21:00:06 - [TEST_STEP][PASSED] - verifyTextPresent("Payment Type:", true): Text 'Payment Type:' is present on page  using regular expression

2024-11-07 21:00:07 - [MESSAGE][PASSED] - Text 'Payment Type:' is present on page  using regular expression

2024-11-07 21:00:07 - [TEST_STEP][PASSED] - verifyTextPresent("Existing Liability with Notice/Invoice Number", true): Text 'Existing Liability with Notice/Invoice Number' is present on page  using regular expression

2024-11-07 21:00:07 - [MESSAGE][PASSED] - Text 'Existing Liability with Notice/Invoice Number' is present on page  using regular expression

2024-11-07 21:00:07 - [TEST_STEP][PASSED] - verifyTextPresent("Payer Information", true): Text 'Payer Information' is present on page  using regular expression

2024-11-07 21:00:07 - [MESSAGE][PASSED] - Text 'Payer Information' is present on page  using regular expression

2024-11-07 21:00:07 - [TEST_STEP][PASSED] - verifyTextPresent("Taxpayer Name:", true): Text 'Taxpayer Name:' is present on page  using regular expression

2024-11-07 21:00:08 - [MESSAGE][PASSED] - Text 'Taxpayer Name:' is present on page  using regular expression

2024-11-07 21:00:08 - [TEST_STEP][PASSED] - if (!(TaxType.equalsIgnoreCase("Sales & Use Tax"))): Text 'My Company' is present on page  using regular expression

2024-11-07 21:00:08 - [TEST_STEP][PASSED] - verifyTextPresent("My Company", true): Text 'My Company' is present on page  using regular expression

2024-11-07 21:00:08 - [MESSAGE][PASSED] - Text 'My Company' is present on page  using regular expression

2024-11-07 21:00:08 - [TEST_STEP][PASSED] - verifyTextPresent("Business Rep Name:", true): Text 'Business Rep Name:' is present on page  using regular expression

2024-11-07 21:00:08 - [MESSAGE][PASSED] - Text 'Business Rep Name:' is present on page  using regular expression

2024-11-07 21:00:08 - [TEST_STEP][PASSED] - verifyTextPresent("BusRepFname BusRepLname", true): Text 'BusRepFname BusRepLname' is present on page  using regular expression

2024-11-07 21:00:09 - [MESSAGE][PASSED] - Text 'BusRepFname BusRepLname' is present on page  using regular expression

2024-11-07 21:00:09 - [TEST_STEP][PASSED] - verifyTextPresent("Taxpayer Address:", true): Text 'Taxpayer Address:' is present on page  using regular expression

2024-11-07 21:00:09 - [MESSAGE][PASSED] - Text 'Taxpayer Address:' is present on page  using regular expression

2024-11-07 21:00:09 - [TEST_STEP][PASSED] - verifyTextPresent("2508 Mandan Terrace Gambrills Maryland 21054", true): Text '2508 Mandan Terrace Gambrills Maryland 21054' is present on page  using regular expression

2024-11-07 21:00:09 - [MESSAGE][PASSED] - Text '2508 Mandan Terrace Gambrills Maryland 21054' is present on page  using regular expression

2024-11-07 21:00:09 - [TEST_STEP][PASSED] - verifyTextPresent("Email:", true): Text 'Email:' is present on page  using regular expression

2024-11-07 21:00:10 - [MESSAGE][PASSED] - Text 'Email:' is present on page  using regular expression

2024-11-07 21:00:10 - [TEST_STEP][PASSED] - verifyTextPresent("iahmed@govolution.com", true): Text 'iahmed@govolution.com' is present on page  using regular expression

2024-11-07 21:00:10 - [MESSAGE][PASSED] - Text 'iahmed@govolution.com' is present on page  using regular expression

2024-11-07 21:00:10 - [TEST_STEP][PASSED] - verifyTextPresent("Phone:", true): Text 'Phone:' is present on page  using regular expression

2024-11-07 21:00:10 - [MESSAGE][PASSED] - Text 'Phone:' is present on page  using regular expression

2024-11-07 21:00:10 - [TEST_STEP][PASSED] - verifyTextPresent("(703) 894-5000", false): Text '(703) 894-5000' is present on page 

2024-11-07 21:00:10 - [MESSAGE][PASSED] - Text '(703) 894-5000' is present on page 

2024-11-07 21:00:10 - [TEST_STEP][PASSED] - verifyTextPresent("Tax Information", true): Text 'Tax Information' is present on page  using regular expression

2024-11-07 21:00:11 - [MESSAGE][PASSED] - Text 'Tax Information' is present on page  using regular expression

2024-11-07 21:00:11 - [TEST_STEP][PASSED] - if (feinSsn.equalsIgnoreCase("Y")): Text 'Federal EIN:' is not present on page using regular expression

2024-11-07 21:00:11 - [TEST_STEP][PASSED] - verifyTextPresent("FEIN/SSN:", true): Text 'FEIN/SSN:' is present on page  using regular expression

2024-11-07 21:00:11 - [MESSAGE][PASSED] - Text 'FEIN/SSN:' is present on page  using regular expression

2024-11-07 21:00:11 - [TEST_STEP][PASSED] - verifyTextNotPresent("Federal EIN:", true): Text 'Federal EIN:' is not present on page using regular expression

2024-11-07 21:00:11 - [MESSAGE][PASSED] - Text 'Federal EIN:' is not present on page using regular expression

2024-11-07 21:00:11 - [TEST_STEP][PASSED] - verifyTextPresent("XXXXX0532", true): Text 'XXXXX0532' is present on page  using regular expression

2024-11-07 21:00:12 - [MESSAGE][PASSED] - Text 'XXXXX0532' is present on page  using regular expression

2024-11-07 21:00:12 - [TEST_STEP][PASSED] - verifyTextPresent("Notice Or Invoice Number:", true): Text 'Notice Or Invoice Number:' is present on page  using regular expression

2024-11-07 21:00:12 - [MESSAGE][PASSED] - Text 'Notice Or Invoice Number:' is present on page  using regular expression

2024-11-07 21:00:12 - [TEST_STEP][PASSED] - verifyTextPresent("1234567890123", true): Text '1234567890123' is present on page  using regular expression

2024-11-07 21:00:12 - [MESSAGE][PASSED] - Text '1234567890123' is present on page  using regular expression

2024-11-07 21:00:12 - [TEST_STEP][PASSED] - verifyTextPresent("Tax Type:", true): Text 'Tax Type:' is present on page  using regular expression

2024-11-07 21:00:13 - [MESSAGE][PASSED] - Text 'Tax Type:' is present on page  using regular expression

2024-11-07 21:00:13 - [TEST_STEP][PASSED] - verifyTextPresent(TaxType, true): Text 'PTE Tax Electing S Corp' is present on page  using regular expression

2024-11-07 21:00:13 - [MESSAGE][PASSED] - Text 'PTE Tax Electing S Corp' is present on page  using regular expression

2024-11-07 21:00:13 - [TEST_STEP][PASSED] - if (CRN.equalsIgnoreCase("Y")): null

2024-11-07 21:00:13 - [TEST_STEP][PASSED] - if (MFLicNum.equalsIgnoreCase("Y")): null

2024-11-07 21:00:13 - [TEST_STEP][PASSED] - verifyTextPresent("Payment Amount:", true): Text 'Payment Amount:' is present on page  using regular expression

2024-11-07 21:00:13 - [MESSAGE][PASSED] - Text 'Payment Amount:' is present on page  using regular expression

2024-11-07 21:00:13 - [TEST_STEP][PASSED] - verifyTextPresent("100.00", true): Text '100.00' is present on page  using regular expression

2024-11-07 21:00:14 - [MESSAGE][PASSED] - Text '100.00' is present on page  using regular expression

2024-11-07 21:00:14 - [TEST_STEP][PASSED] - if (verifyElementVisible(findTestObject(orPath_Summary + "/button_Proceed to Payment"))): null

2024-11-07 21:00:14 - [MESSAGE][PASSED] - Object 'Object Repository/RAD_Pages/Summary_Page/button_Proceed to Payment' is visible

2024-11-07 21:00:14 - [TEST_STEP][PASSED] - resText = "Pass": null

2024-11-07 21:00:14 - [TEST_STEP][PASSED] - pages.WriteExcel.demoKey(resText, datText, resColumn, datCloumn, fileLoc, nameSheet, row): pages.WriteExcel.demoKey is PASSED

2024-11-07 21:00:14 - [MESSAGE][PASSED] - pages.WriteExcel.demoKey is PASSED

2024-11-07 21:00:14 - [TEST_STEP][PASSED] - click(findTestObject(orPath_Summary + "/button_Proceed to Payment")): Object: 'Object Repository/RAD_Pages/Summary_Page/button_Proceed to Payment' is clicked on

2024-11-07 21:00:18 - [MESSAGE][PASSED] - Object: 'Object Repository/RAD_Pages/Summary_Page/button_Proceed to Payment' is clicked on

2024-11-07 21:00:18 - [TEST_STEP][PASSED] - verifyElementPresent(findTestObject("Object Repository/RAD_Pages/PaymentEntry_Page/input__billingName"), 30): Object 'Object Repository/RAD_Pages/PaymentEntry_Page/input__billingName' is present

2024-11-07 21:00:18 - [MESSAGE][PASSED] - Object 'Object Repository/RAD_Pages/PaymentEntry_Page/input__billingName' is present

2024-11-07 21:00:18 - [TEST_STEP][PASSED] - ExecuteTC = findTestData(dataFile).getValue("Execute", row): null

2024-11-07 21:00:18 - [TEST_STEP][PASSED] - TaxType = findTestData(dataFile).getValue("TaxType", row): null

2024-11-07 21:00:18 - [TEST_STEP][PASSED] - PaymentType = findTestData(dataFile).getValue("PaymentType", row): null

2024-11-07 21:00:18 - [TEST_STEP][PASSED] - feinSsn = findTestData(dataFile).getValue("FEINSSN", row): null

2024-11-07 21:00:18 - [TEST_STEP][PASSED] - CRN = findTestData(dataFile).getValue("CRN", row): null

2024-11-07 21:00:18 - [TEST_STEP][PASSED] - MFLicNum = findTestData(dataFile).getValue("MFLicNum", row): null

2024-11-07 21:00:18 - [TEST_STEP][PASSED] - if (ExecuteTC.equalsIgnoreCase("Y")): Object 'Object Repository/RAD_Pages/PaymentEntry_Page/input__billingName' is present

2024-11-07 21:00:18 - [TEST_STEP][PASSED] - out.println("Begin Record Number: " + row): null

2024-11-07 21:00:18 - [TEST_STEP][PASSED] - today = new java.util.Date(): null

2024-11-07 21:00:18 - [TEST_STEP][PASSED] - println(today): null

2024-11-07 21:00:18 - [TEST_STEP][PASSED] - datText = today: null

2024-11-07 21:00:18 - [TEST_STEP][PASSED] - logInfo("Payment Type: Existing Liability with Notice/Invoice Number"): Payment Type: Existing Liability with Notice/Invoice Number

2024-11-07 21:00:18 - [MESSAGE][INFO] - Payment Type: Existing Liability with Notice/Invoice Number

2024-11-07 21:00:18 - [TEST_STEP][PASSED] - logInfo("Tax Type: " + TaxType): Tax Type: Admissions and Amusement Tax

2024-11-07 21:00:18 - [MESSAGE][INFO] - Tax Type: Admissions and Amusement Tax

2024-11-07 21:00:18 - [TEST_STEP][PASSED] - openBrowser(""): Browser is opened with url: ''

2024-11-07 21:00:18 - [MESSAGE][WARNING] - A browser is already opened. Closing browser and opening a new one

2024-11-07 21:00:20 - [MESSAGE][INFO] - Starting 'Chrome' driver

2024-11-07 21:00:20 - [MESSAGE][INFO] - User set preference: ['acceptInsecureCerts', 'true']

2024-11-07 21:00:20 - [MESSAGE][INFO] - Action delay is set to 0 milliseconds

2024-11-07 21:00:22 - [MESSAGE][PASSED] - Browser is opened with url: ''

2024-11-07 21:00:22 - [TEST_STEP][PASSED] - maximizeWindow(): Current window maximized

2024-11-07 21:00:22 - [MESSAGE][PASSED] - Current window maximized

2024-11-07 21:00:22 - [TEST_STEP][PASSED] - navigateToUrl(RADurl): Navigate to 'https://www.velocitypayment.com/client/rad/index.html' successfully

2024-11-07 21:00:24 - [MESSAGE][PASSED] - Navigate to 'https://www.velocitypayment.com/client/rad/index.html' successfully

2024-11-07 21:00:24 - [TEST_STEP][PASSED] - selectOptionByLabel(findTestObject(orPath_Landing + "/dd_TaxType"), "Existing Liability with Notice/Invoice Number", false): All options with label 'Existing Liability with Notice/Invoice Number' are selected in object 'Object Repository/RAD_Pages/Landing_Page/dd_TaxType' 

2024-11-07 21:00:25 - [MESSAGE][PASSED] - All options with label 'Existing Liability with Notice/Invoice Number' are selected in object 'Object Repository/RAD_Pages/Landing_Page/dd_TaxType' 

2024-11-07 21:00:25 - [TEST_STEP][PASSED] - selectOptionByLabel(findTestObject(orPath_TaxTypeFilingYear + "/select_TaxType_ExistingLiability"), TaxType, false): All options with label 'Admissions and Amusement Tax' are selected in object 'Object Repository/RAD_Pages/TaxTypeFilingYear_Page/select_TaxType_ExistingLiability' 

2024-11-07 21:00:26 - [MESSAGE][PASSED] - All options with label 'Admissions and Amusement Tax' are selected in object 'Object Repository/RAD_Pages/TaxTypeFilingYear_Page/select_TaxType_ExistingLiability' 

2024-11-07 21:00:26 - [TEST_STEP][PASSED] - rad.getSetDataRAD.setDataRADBusinessName(): rad.getSetDataRAD.setDataRADBusinessName is PASSED

2024-11-07 21:00:26 - [MESSAGE][PASSED] - Text 'My Company' is set on object 'Object Repository/RAD_Pages/Taxpayer_Page/input_businessName'

2024-11-07 21:00:26 - [MESSAGE][PASSED] - rad.getSetDataRAD.setDataRADBusinessName is PASSED

2024-11-07 21:00:26 - [TEST_STEP][PASSED] - rad.getSetDataRAD.setDataRADBusinessRep(): rad.getSetDataRAD.setDataRADBusinessRep is PASSED

2024-11-07 21:00:27 - [MESSAGE][PASSED] - Text 'BusRepFname' is set on object 'Object Repository/RAD_Pages/Taxpayer_Page/input_BusinessRepfirstName'

2024-11-07 21:00:28 - [MESSAGE][PASSED] - Text '' is set on object 'Object Repository/RAD_Pages/Taxpayer_Page/input_BusinessRepmiddleName'

2024-11-07 21:00:29 - [MESSAGE][PASSED] - Text 'BusRepLname' is set on object 'Object Repository/RAD_Pages/Taxpayer_Page/input_BusinessReplastName'

2024-11-07 21:00:30 - [MESSAGE][PASSED] - Text '' is set on object 'Object Repository/RAD_Pages/Taxpayer_Page/input_BusinessRepsuffix'

2024-11-07 21:00:30 - [MESSAGE][PASSED] - rad.getSetDataRAD.setDataRADBusinessRep is PASSED

2024-11-07 21:00:30 - [TEST_STEP][PASSED] - rad.getSetDataRAD.setDataRADAddress(): rad.getSetDataRAD.setDataRADAddress is PASSED

2024-11-07 21:00:31 - [MESSAGE][PASSED] - All options with label 'United States' are selected in object 'Object Repository/RAD_Pages/AddressAndContactInfo_Page/select_Country' 

2024-11-07 21:00:32 - [MESSAGE][PASSED] - Text '2508 Mandan Terrace' is set on object 'Object Repository/RAD_Pages/AddressAndContactInfo_Page/input_streetAddress1'

2024-11-07 21:00:33 - [MESSAGE][PASSED] - Text '' is set on object 'Object Repository/RAD_Pages/AddressAndContactInfo_Page/input_streetAddress2'

2024-11-07 21:00:34 - [MESSAGE][PASSED] - Text 'Gambrills' is set on object 'Object Repository/RAD_Pages/AddressAndContactInfo_Page/input_city'

2024-11-07 21:00:35 - [MESSAGE][PASSED] - All options with label 'Maryland' are selected in object 'Object Repository/RAD_Pages/AddressAndContactInfo_Page/select_State' 

2024-11-07 21:00:36 - [MESSAGE][PASSED] - Text '21054' is set on object 'Object Repository/RAD_Pages/AddressAndContactInfo_Page/input_zipCode'

2024-11-07 21:00:37 - [MESSAGE][PASSED] - Text '(703) 894-5000' is set on object 'Object Repository/RAD_Pages/AddressAndContactInfo_Page/input_phoneNumber'

2024-11-07 21:00:38 - [MESSAGE][PASSED] - Text 'iahmed@govolution.com' is set on object 'Object Repository/RAD_Pages/AddressAndContactInfo_Page/input_eMailAddress'

2024-11-07 21:00:40 - [MESSAGE][PASSED] - Text 'iahmed@govolution.com' is set on object 'Object Repository/RAD_Pages/AddressAndContactInfo_Page/input_reEnterEMailAddress'

2024-11-07 21:00:40 - [MESSAGE][PASSED] - rad.getSetDataRAD.setDataRADAddress is PASSED

2024-11-07 21:00:40 - [TEST_STEP][PASSED] - if (feinSsn.equalsIgnoreCase("Y")): null

2024-11-07 21:00:40 - [TEST_STEP][PASSED] - else: Text ****** has been set on object 'Object Repository/RAD_Pages/TaxInfo_Page/input_concat(id(, , data, , ))_Data (1)'

2024-11-07 21:00:40 - [TEST_STEP][PASSED] - setEncryptedText(findTestObject("Object Repository/RAD_Pages/TaxInfo_Page/input_concat(id(, , data, , ))_Data"), "px0FNUagnh7G/CVR/QiY+A=="): Text ****** has been set on object 'Object Repository/RAD_Pages/TaxInfo_Page/input_concat(id(, , data, , ))_Data'

2024-11-07 21:00:41 - [MESSAGE][PASSED] - Text ****** has been set on object 'Object Repository/RAD_Pages/TaxInfo_Page/input_concat(id(, , data, , ))_Data'

2024-11-07 21:00:41 - [TEST_STEP][PASSED] - setEncryptedText(findTestObject("Object Repository/RAD_Pages/TaxInfo_Page/input_concat(id(, , data, , ))_Data (1)"), "px0FNUagnh7G/CVR/QiY+A=="): Text ****** has been set on object 'Object Repository/RAD_Pages/TaxInfo_Page/input_concat(id(, , data, , ))_Data (1)'

2024-11-07 21:00:42 - [MESSAGE][PASSED] - Text ****** has been set on object 'Object Repository/RAD_Pages/TaxInfo_Page/input_concat(id(, , data, , ))_Data (1)'

2024-11-07 21:00:42 - [TEST_STEP][PASSED] - rad.getSetDataRAD.setDataRADNoticeInvoiceThirteen(): rad.getSetDataRAD.setDataRADNoticeInvoiceThirteen is PASSED

2024-11-07 21:00:43 - [MESSAGE][PASSED] - Text '1234567890123' is set on object 'Object Repository/RAD_Pages/TaxInfo_Page/input_NoticeInvoiceNumber'

2024-11-07 21:00:43 - [MESSAGE][PASSED] - Text '1234567890123' is set on object 'Object Repository/RAD_Pages/TaxInfo_Page/input_reTypeNoticeInvoiceNumber'

2024-11-07 21:00:43 - [MESSAGE][PASSED] - rad.getSetDataRAD.setDataRADNoticeInvoiceThirteen is PASSED

2024-11-07 21:00:43 - [TEST_STEP][PASSED] - if (MFLicNum.equalsIgnoreCase("Y")): null

2024-11-07 21:00:43 - [TEST_STEP][PASSED] - if (CRN.equalsIgnoreCase("Y")): rad.getSetDataRAD.setDataExistingRADMDCRN is PASSED

2024-11-07 21:00:43 - [TEST_STEP][PASSED] - rad.getSetDataRAD.setDataExistingRADMDCRN(): rad.getSetDataRAD.setDataExistingRADMDCRN is PASSED

2024-11-07 21:00:44 - [MESSAGE][PASSED] - Text '07640126' is set on object 'Object Repository/RAD_Pages/TaxInfo_Page/input_MDCRegistrationEL'

2024-11-07 21:00:44 - [MESSAGE][PASSED] - rad.getSetDataRAD.setDataExistingRADMDCRN is PASSED

2024-11-07 21:00:44 - [TEST_STEP][PASSED] - setText(findTestObject(orPath_Amount + "/input__paymentAmount"), "100.00"): Text '100.00' is set on object 'Object Repository/RAD_Pages/PaymentAmount_Page/input__paymentAmount'

2024-11-07 21:00:45 - [MESSAGE][PASSED] - Text '100.00' is set on object 'Object Repository/RAD_Pages/PaymentAmount_Page/input__paymentAmount'

2024-11-07 21:00:45 - [TEST_STEP][PASSED] - setText(findTestObject(orPath_AddressContact + "/input_streetAddress2"), ""): Text '' is set on object 'Object Repository/RAD_Pages/AddressAndContactInfo_Page/input_streetAddress2'

2024-11-07 21:00:46 - [MESSAGE][PASSED] - Text '' is set on object 'Object Repository/RAD_Pages/AddressAndContactInfo_Page/input_streetAddress2'

2024-11-07 21:00:46 - [TEST_STEP][PASSED] - scrollToElement(findTestObject(orPath_Landing + "/button_Continue"), 3): Scroll to object 'Object Repository/RAD_Pages/Landing_Page/button_Continue' successfully

2024-11-07 21:00:46 - [MESSAGE][PASSED] - Scroll to object 'Object Repository/RAD_Pages/Landing_Page/button_Continue' successfully

2024-11-07 21:00:46 - [TEST_STEP][PASSED] - waitForElementClickable(findTestObject(orPath_Landing + "/button_Continue"), 5): Object 'Object Repository/RAD_Pages/Landing_Page/button_Continue' is clickable

2024-11-07 21:00:46 - [MESSAGE][PASSED] - Object 'Object Repository/RAD_Pages/Landing_Page/button_Continue' is clickable

2024-11-07 21:00:46 - [TEST_STEP][PASSED] - click(findTestObject(orPath_Landing + "/button_Continue")): Object: 'Object Repository/RAD_Pages/Landing_Page/button_Continue' is clicked on

2024-11-07 21:00:47 - [MESSAGE][PASSED] - Object: 'Object Repository/RAD_Pages/Landing_Page/button_Continue' is clicked on

2024-11-07 21:00:47 - [TEST_STEP][PASSED] - delay(2): Delayed 2 second(s)

2024-11-07 21:00:49 - [MESSAGE][PASSED] - Delayed 2 second(s)

2024-11-07 21:00:49 - [TEST_STEP][PASSED] - verifyTextPresent("Summary", true): Text 'Summary' is present on page  using regular expression

2024-11-07 21:00:49 - [MESSAGE][PASSED] - Text 'Summary' is present on page  using regular expression

2024-11-07 21:00:49 - [TEST_STEP][PASSED] - verifyTextPresent("Review the information below and make any necessary corrections by clicking the", true): Text 'Review the information below and make any necessary corrections by clicking the' is present on page  using regular expression

2024-11-07 21:00:50 - [MESSAGE][PASSED] - Text 'Review the information below and make any necessary corrections by clicking the' is present on page  using regular expression

2024-11-07 21:00:50 - [TEST_STEP][PASSED] - verifyTextPresent("When you are confident that all the information is correct, click the", true): Text 'When you are confident that all the information is correct, click the' is present on page  using regular expression

2024-11-07 21:00:50 - [MESSAGE][PASSED] - Text 'When you are confident that all the information is correct, click the' is present on page  using regular expression

2024-11-07 21:00:50 - [TEST_STEP][PASSED] - verifyTextPresent("Payment Type/Filing Year", true): Text 'Payment Type/Filing Year' is present on page  using regular expression

2024-11-07 21:00:50 - [MESSAGE][PASSED] - Text 'Payment Type/Filing Year' is present on page  using regular expression

2024-11-07 21:00:50 - [TEST_STEP][PASSED] - verifyTextPresent("Payment Type:", true): Text 'Payment Type:' is present on page  using regular expression

2024-11-07 21:00:51 - [MESSAGE][PASSED] - Text 'Payment Type:' is present on page  using regular expression

2024-11-07 21:00:51 - [TEST_STEP][PASSED] - verifyTextPresent("Existing Liability with Notice/Invoice Number", true): Text 'Existing Liability with Notice/Invoice Number' is present on page  using regular expression

2024-11-07 21:00:51 - [MESSAGE][PASSED] - Text 'Existing Liability with Notice/Invoice Number' is present on page  using regular expression

2024-11-07 21:00:51 - [TEST_STEP][PASSED] - verifyTextPresent("Payer Information", true): Text 'Payer Information' is present on page  using regular expression

2024-11-07 21:00:51 - [MESSAGE][PASSED] - Text 'Payer Information' is present on page  using regular expression

2024-11-07 21:00:51 - [TEST_STEP][PASSED] - verifyTextPresent("Taxpayer Name:", true): Text 'Taxpayer Name:' is present on page  using regular expression

2024-11-07 21:00:52 - [MESSAGE][PASSED] - Text 'Taxpayer Name:' is present on page  using regular expression

2024-11-07 21:00:52 - [TEST_STEP][PASSED] - if (!(TaxType.equalsIgnoreCase("Sales & Use Tax"))): Text 'My Company' is present on page  using regular expression

2024-11-07 21:00:52 - [TEST_STEP][PASSED] - verifyTextPresent("My Company", true): Text 'My Company' is present on page  using regular expression

2024-11-07 21:00:52 - [MESSAGE][PASSED] - Text 'My Company' is present on page  using regular expression

2024-11-07 21:00:52 - [TEST_STEP][PASSED] - verifyTextPresent("Business Rep Name:", true): Text 'Business Rep Name:' is present on page  using regular expression

2024-11-07 21:00:52 - [MESSAGE][PASSED] - Text 'Business Rep Name:' is present on page  using regular expression

2024-11-07 21:00:52 - [TEST_STEP][PASSED] - verifyTextPresent("BusRepFname BusRepLname", true): Text 'BusRepFname BusRepLname' is present on page  using regular expression

2024-11-07 21:00:52 - [MESSAGE][PASSED] - Text 'BusRepFname BusRepLname' is present on page  using regular expression

2024-11-07 21:00:52 - [TEST_STEP][PASSED] - verifyTextPresent("Taxpayer Address:", true): Text 'Taxpayer Address:' is present on page  using regular expression

2024-11-07 21:00:53 - [MESSAGE][PASSED] - Text 'Taxpayer Address:' is present on page  using regular expression

2024-11-07 21:00:53 - [TEST_STEP][PASSED] - verifyTextPresent("2508 Mandan Terrace Gambrills Maryland 21054", true): Text '2508 Mandan Terrace Gambrills Maryland 21054' is present on page  using regular expression

2024-11-07 21:00:53 - [MESSAGE][PASSED] - Text '2508 Mandan Terrace Gambrills Maryland 21054' is present on page  using regular expression

2024-11-07 21:00:53 - [TEST_STEP][PASSED] - verifyTextPresent("Email:", true): Text 'Email:' is present on page  using regular expression

2024-11-07 21:00:53 - [MESSAGE][PASSED] - Text 'Email:' is present on page  using regular expression

2024-11-07 21:00:53 - [TEST_STEP][PASSED] - verifyTextPresent("iahmed@govolution.com", true): Text 'iahmed@govolution.com' is present on page  using regular expression

2024-11-07 21:00:54 - [MESSAGE][PASSED] - Text 'iahmed@govolution.com' is present on page  using regular expression

2024-11-07 21:00:54 - [TEST_STEP][PASSED] - verifyTextPresent("Phone:", true): Text 'Phone:' is present on page  using regular expression

2024-11-07 21:00:54 - [MESSAGE][PASSED] - Text 'Phone:' is present on page  using regular expression

2024-11-07 21:00:54 - [TEST_STEP][PASSED] - verifyTextPresent("(703) 894-5000", false): Text '(703) 894-5000' is present on page 

2024-11-07 21:00:54 - [MESSAGE][PASSED] - Text '(703) 894-5000' is present on page 

2024-11-07 21:00:54 - [TEST_STEP][PASSED] - verifyTextPresent("Tax Information", true): Text 'Tax Information' is present on page  using regular expression

2024-11-07 21:00:55 - [MESSAGE][PASSED] - Text 'Tax Information' is present on page  using regular expression

2024-11-07 21:00:55 - [TEST_STEP][PASSED] - if (feinSsn.equalsIgnoreCase("Y")): null

2024-11-07 21:00:55 - [TEST_STEP][PASSED] - else: Text 'FEIN/SSN:' is not present on page using regular expression

2024-11-07 21:00:55 - [TEST_STEP][PASSED] - verifyTextPresent("Federal EIN:", true): Text 'Federal EIN:' is present on page  using regular expression

2024-11-07 21:00:55 - [MESSAGE][PASSED] - Text 'Federal EIN:' is present on page  using regular expression

2024-11-07 21:00:55 - [TEST_STEP][PASSED] - verifyTextNotPresent("FEIN/SSN:", true): Text 'FEIN/SSN:' is not present on page using regular expression

2024-11-07 21:00:55 - [MESSAGE][PASSED] - Text 'FEIN/SSN:' is not present on page using regular expression

2024-11-07 21:00:55 - [TEST_STEP][PASSED] - verifyTextPresent("XXXXX0532", true): Text 'XXXXX0532' is present on page  using regular expression

2024-11-07 21:00:56 - [MESSAGE][PASSED] - Text 'XXXXX0532' is present on page  using regular expression

2024-11-07 21:00:56 - [TEST_STEP][PASSED] - verifyTextPresent("Notice Or Invoice Number:", true): Text 'Notice Or Invoice Number:' is present on page  using regular expression

2024-11-07 21:00:56 - [MESSAGE][PASSED] - Text 'Notice Or Invoice Number:' is present on page  using regular expression

2024-11-07 21:00:56 - [TEST_STEP][PASSED] - verifyTextPresent("1234567890123", true): Text '1234567890123' is present on page  using regular expression

2024-11-07 21:00:56 - [MESSAGE][PASSED] - Text '1234567890123' is present on page  using regular expression

2024-11-07 21:00:56 - [TEST_STEP][PASSED] - verifyTextPresent("Tax Type:", true): Text 'Tax Type:' is present on page  using regular expression

2024-11-07 21:00:57 - [MESSAGE][PASSED] - Text 'Tax Type:' is present on page  using regular expression

2024-11-07 21:00:57 - [TEST_STEP][PASSED] - verifyTextPresent(TaxType, true): Text 'Admissions and Amusement Tax' is present on page  using regular expression

2024-11-07 21:00:57 - [MESSAGE][PASSED] - Text 'Admissions and Amusement Tax' is present on page  using regular expression

2024-11-07 21:00:57 - [TEST_STEP][PASSED] - if (CRN.equalsIgnoreCase("Y")): Text '07640126' is present on page  using regular expression

2024-11-07 21:00:57 - [TEST_STEP][PASSED] - verifyTextPresent("MD Central Registration Number#:", true): Text 'MD Central Registration Number#:' is present on page  using regular expression

2024-11-07 21:00:57 - [MESSAGE][PASSED] - Text 'MD Central Registration Number#:' is present on page  using regular expression

2024-11-07 21:00:57 - [TEST_STEP][PASSED] - verifyTextPresent("07640126", true): Text '07640126' is present on page  using regular expression

2024-11-07 21:00:58 - [MESSAGE][PASSED] - Text '07640126' is present on page  using regular expression

2024-11-07 21:00:58 - [TEST_STEP][PASSED] - if (MFLicNum.equalsIgnoreCase("Y")): null

2024-11-07 21:00:58 - [TEST_STEP][PASSED] - verifyTextPresent("Payment Amount:", true): Text 'Payment Amount:' is present on page  using regular expression

2024-11-07 21:00:58 - [MESSAGE][PASSED] - Text 'Payment Amount:' is present on page  using regular expression

2024-11-07 21:00:58 - [TEST_STEP][PASSED] - verifyTextPresent("100.00", true): Text '100.00' is present on page  using regular expression

2024-11-07 21:00:58 - [MESSAGE][PASSED] - Text '100.00' is present on page  using regular expression

2024-11-07 21:00:58 - [TEST_STEP][PASSED] - if (verifyElementVisible(findTestObject(orPath_Summary + "/button_Proceed to Payment"))): null

2024-11-07 21:00:59 - [MESSAGE][PASSED] - Object 'Object Repository/RAD_Pages/Summary_Page/button_Proceed to Payment' is visible

2024-11-07 21:00:59 - [TEST_STEP][PASSED] - resText = "Pass": null

2024-11-07 21:00:59 - [TEST_STEP][PASSED] - pages.WriteExcel.demoKey(resText, datText, resColumn, datCloumn, fileLoc, nameSheet, row): pages.WriteExcel.demoKey is PASSED

2024-11-07 21:00:59 - [MESSAGE][PASSED] - pages.WriteExcel.demoKey is PASSED

2024-11-07 21:00:59 - [TEST_STEP][PASSED] - click(findTestObject(orPath_Summary + "/button_Proceed to Payment")): Object: 'Object Repository/RAD_Pages/Summary_Page/button_Proceed to Payment' is clicked on

2024-11-07 21:01:02 - [MESSAGE][PASSED] - Object: 'Object Repository/RAD_Pages/Summary_Page/button_Proceed to Payment' is clicked on

2024-11-07 21:01:02 - [TEST_STEP][PASSED] - verifyElementPresent(findTestObject("Object Repository/RAD_Pages/PaymentEntry_Page/input__billingName"), 30): Object 'Object Repository/RAD_Pages/PaymentEntry_Page/input__billingName' is present

2024-11-07 21:01:02 - [MESSAGE][PASSED] - Object 'Object Repository/RAD_Pages/PaymentEntry_Page/input__billingName' is present

2024-11-07 21:01:02 - [TEST_STEP][PASSED] - ExecuteTC = findTestData(dataFile).getValue("Execute", row): null

2024-11-07 21:01:02 - [TEST_STEP][PASSED] - TaxType = findTestData(dataFile).getValue("TaxType", row): null

2024-11-07 21:01:02 - [TEST_STEP][PASSED] - PaymentType = findTestData(dataFile).getValue("PaymentType", row): null

2024-11-07 21:01:02 - [TEST_STEP][PASSED] - feinSsn = findTestData(dataFile).getValue("FEINSSN", row): null

2024-11-07 21:01:02 - [TEST_STEP][PASSED] - CRN = findTestData(dataFile).getValue("CRN", row): null

2024-11-07 21:01:03 - [TEST_STEP][PASSED] - MFLicNum = findTestData(dataFile).getValue("MFLicNum", row): null

2024-11-07 21:01:03 - [TEST_STEP][PASSED] - if (ExecuteTC.equalsIgnoreCase("Y")): Object 'Object Repository/RAD_Pages/PaymentEntry_Page/input__billingName' is present

2024-11-07 21:01:03 - [TEST_STEP][PASSED] - out.println("Begin Record Number: " + row): null

2024-11-07 21:01:03 - [TEST_STEP][PASSED] - today = new java.util.Date(): null

2024-11-07 21:01:03 - [TEST_STEP][PASSED] - println(today): null

2024-11-07 21:01:03 - [TEST_STEP][PASSED] - datText = today: null

2024-11-07 21:01:03 - [TEST_STEP][PASSED] - logInfo("Payment Type: Existing Liability with Notice/Invoice Number"): Payment Type: Existing Liability with Notice/Invoice Number

2024-11-07 21:01:03 - [MESSAGE][INFO] - Payment Type: Existing Liability with Notice/Invoice Number

2024-11-07 21:01:03 - [TEST_STEP][PASSED] - logInfo("Tax Type: " + TaxType): Tax Type: Motor Fuel Tax

2024-11-07 21:01:03 - [MESSAGE][INFO] - Tax Type: Motor Fuel Tax

2024-11-07 21:01:03 - [TEST_STEP][PASSED] - openBrowser(""): Browser is opened with url: ''

2024-11-07 21:01:03 - [MESSAGE][WARNING] - A browser is already opened. Closing browser and opening a new one

2024-11-07 21:01:05 - [MESSAGE][INFO] - Starting 'Chrome' driver

2024-11-07 21:01:05 - [MESSAGE][INFO] - User set preference: ['acceptInsecureCerts', 'true']

2024-11-07 21:01:05 - [MESSAGE][INFO] - Action delay is set to 0 milliseconds

2024-11-07 21:01:07 - [MESSAGE][PASSED] - Browser is opened with url: ''

2024-11-07 21:01:07 - [TEST_STEP][PASSED] - maximizeWindow(): Current window maximized

2024-11-07 21:01:07 - [MESSAGE][PASSED] - Current window maximized

2024-11-07 21:01:07 - [TEST_STEP][PASSED] - navigateToUrl(RADurl): Navigate to 'https://www.velocitypayment.com/client/rad/index.html' successfully

2024-11-07 21:01:09 - [MESSAGE][PASSED] - Navigate to 'https://www.velocitypayment.com/client/rad/index.html' successfully

2024-11-07 21:01:09 - [TEST_STEP][PASSED] - selectOptionByLabel(findTestObject(orPath_Landing + "/dd_TaxType"), "Existing Liability with Notice/Invoice Number", false): All options with label 'Existing Liability with Notice/Invoice Number' are selected in object 'Object Repository/RAD_Pages/Landing_Page/dd_TaxType' 

2024-11-07 21:01:10 - [MESSAGE][PASSED] - All options with label 'Existing Liability with Notice/Invoice Number' are selected in object 'Object Repository/RAD_Pages/Landing_Page/dd_TaxType' 

2024-11-07 21:01:10 - [TEST_STEP][PASSED] - selectOptionByLabel(findTestObject(orPath_TaxTypeFilingYear + "/select_TaxType_ExistingLiability"), TaxType, false): All options with label 'Motor Fuel Tax' are selected in object 'Object Repository/RAD_Pages/TaxTypeFilingYear_Page/select_TaxType_ExistingLiability' 

2024-11-07 21:01:10 - [MESSAGE][PASSED] - All options with label 'Motor Fuel Tax' are selected in object 'Object Repository/RAD_Pages/TaxTypeFilingYear_Page/select_TaxType_ExistingLiability' 

2024-11-07 21:01:10 - [TEST_STEP][PASSED] - rad.getSetDataRAD.setDataRADBusinessName(): rad.getSetDataRAD.setDataRADBusinessName is PASSED

2024-11-07 21:01:11 - [MESSAGE][PASSED] - Text 'My Company' is set on object 'Object Repository/RAD_Pages/Taxpayer_Page/input_businessName'

2024-11-07 21:01:11 - [MESSAGE][PASSED] - rad.getSetDataRAD.setDataRADBusinessName is PASSED

2024-11-07 21:01:11 - [TEST_STEP][PASSED] - rad.getSetDataRAD.setDataRADBusinessRep(): rad.getSetDataRAD.setDataRADBusinessRep is PASSED

2024-11-07 21:01:12 - [MESSAGE][PASSED] - Text 'BusRepFname' is set on object 'Object Repository/RAD_Pages/Taxpayer_Page/input_BusinessRepfirstName'

2024-11-07 21:01:13 - [MESSAGE][PASSED] - Text '' is set on object 'Object Repository/RAD_Pages/Taxpayer_Page/input_BusinessRepmiddleName'

2024-11-07 21:01:14 - [MESSAGE][PASSED] - Text 'BusRepLname' is set on object 'Object Repository/RAD_Pages/Taxpayer_Page/input_BusinessReplastName'

2024-11-07 21:01:14 - [MESSAGE][PASSED] - Text '' is set on object 'Object Repository/RAD_Pages/Taxpayer_Page/input_BusinessRepsuffix'

2024-11-07 21:01:14 - [MESSAGE][PASSED] - rad.getSetDataRAD.setDataRADBusinessRep is PASSED

2024-11-07 21:01:14 - [TEST_STEP][PASSED] - rad.getSetDataRAD.setDataRADAddress(): rad.getSetDataRAD.setDataRADAddress is PASSED

2024-11-07 21:01:15 - [MESSAGE][PASSED] - All options with label 'United States' are selected in object 'Object Repository/RAD_Pages/AddressAndContactInfo_Page/select_Country' 

2024-11-07 21:01:16 - [MESSAGE][PASSED] - Text '2508 Mandan Terrace' is set on object 'Object Repository/RAD_Pages/AddressAndContactInfo_Page/input_streetAddress1'

2024-11-07 21:01:16 - [MESSAGE][PASSED] - Text '' is set on object 'Object Repository/RAD_Pages/AddressAndContactInfo_Page/input_streetAddress2'

2024-11-07 21:01:17 - [MESSAGE][PASSED] - Text 'Gambrills' is set on object 'Object Repository/RAD_Pages/AddressAndContactInfo_Page/input_city'

2024-11-07 21:01:18 - [MESSAGE][PASSED] - All options with label 'Maryland' are selected in object 'Object Repository/RAD_Pages/AddressAndContactInfo_Page/select_State' 

2024-11-07 21:01:19 - [MESSAGE][PASSED] - Text '21054' is set on object 'Object Repository/RAD_Pages/AddressAndContactInfo_Page/input_zipCode'

2024-11-07 21:01:20 - [MESSAGE][PASSED] - Text '(703) 894-5000' is set on object 'Object Repository/RAD_Pages/AddressAndContactInfo_Page/input_phoneNumber'

2024-11-07 21:01:21 - [MESSAGE][PASSED] - Text 'iahmed@govolution.com' is set on object 'Object Repository/RAD_Pages/AddressAndContactInfo_Page/input_eMailAddress'

2024-11-07 21:01:22 - [MESSAGE][PASSED] - Text 'iahmed@govolution.com' is set on object 'Object Repository/RAD_Pages/AddressAndContactInfo_Page/input_reEnterEMailAddress'

2024-11-07 21:01:22 - [MESSAGE][PASSED] - rad.getSetDataRAD.setDataRADAddress is PASSED

2024-11-07 21:01:22 - [TEST_STEP][PASSED] - if (feinSsn.equalsIgnoreCase("Y")): null

2024-11-07 21:01:22 - [TEST_STEP][PASSED] - else: Text ****** has been set on object 'Object Repository/RAD_Pages/TaxInfo_Page/input_concat(id(, , data, , ))_Data (1)'

2024-11-07 21:01:22 - [TEST_STEP][PASSED] - setEncryptedText(findTestObject("Object Repository/RAD_Pages/TaxInfo_Page/input_concat(id(, , data, , ))_Data"), "px0FNUagnh7G/CVR/QiY+A=="): Text ****** has been set on object 'Object Repository/RAD_Pages/TaxInfo_Page/input_concat(id(, , data, , ))_Data'

2024-11-07 21:01:23 - [MESSAGE][PASSED] - Text ****** has been set on object 'Object Repository/RAD_Pages/TaxInfo_Page/input_concat(id(, , data, , ))_Data'

2024-11-07 21:01:23 - [TEST_STEP][PASSED] - setEncryptedText(findTestObject("Object Repository/RAD_Pages/TaxInfo_Page/input_concat(id(, , data, , ))_Data (1)"), "px0FNUagnh7G/CVR/QiY+A=="): Text ****** has been set on object 'Object Repository/RAD_Pages/TaxInfo_Page/input_concat(id(, , data, , ))_Data (1)'

2024-11-07 21:01:24 - [MESSAGE][PASSED] - Text ****** has been set on object 'Object Repository/RAD_Pages/TaxInfo_Page/input_concat(id(, , data, , ))_Data (1)'

2024-11-07 21:01:24 - [TEST_STEP][PASSED] - rad.getSetDataRAD.setDataRADNoticeInvoiceThirteen(): rad.getSetDataRAD.setDataRADNoticeInvoiceThirteen is PASSED

2024-11-07 21:01:24 - [MESSAGE][PASSED] - Text '1234567890123' is set on object 'Object Repository/RAD_Pages/TaxInfo_Page/input_NoticeInvoiceNumber'

2024-11-07 21:01:25 - [MESSAGE][PASSED] - Text '1234567890123' is set on object 'Object Repository/RAD_Pages/TaxInfo_Page/input_reTypeNoticeInvoiceNumber'

2024-11-07 21:01:25 - [MESSAGE][PASSED] - rad.getSetDataRAD.setDataRADNoticeInvoiceThirteen is PASSED

2024-11-07 21:01:25 - [TEST_STEP][PASSED] - if (MFLicNum.equalsIgnoreCase("Y")): rad.getSetDataRAD.setDataRADMFLicNumSixExisting is PASSED

2024-11-07 21:01:25 - [TEST_STEP][PASSED] - rad.getSetDataRAD.setDataRADMFLicNumSixExisting(): rad.getSetDataRAD.setDataRADMFLicNumSixExisting is PASSED

2024-11-07 21:01:26 - [MESSAGE][PASSED] - Text '700142' is set on object 'Object Repository/RAD_Pages/TaxInfo_Page/input_MFLicenseExtLi'

2024-11-07 21:01:26 - [MESSAGE][PASSED] - rad.getSetDataRAD.setDataRADMFLicNumSixExisting is PASSED

2024-11-07 21:01:26 - [TEST_STEP][PASSED] - if (CRN.equalsIgnoreCase("Y")): null

2024-11-07 21:01:26 - [TEST_STEP][PASSED] - setText(findTestObject(orPath_Amount + "/input__paymentAmount"), "100.00"): Text '100.00' is set on object 'Object Repository/RAD_Pages/PaymentAmount_Page/input__paymentAmount'

2024-11-07 21:01:27 - [MESSAGE][PASSED] - Text '100.00' is set on object 'Object Repository/RAD_Pages/PaymentAmount_Page/input__paymentAmount'

2024-11-07 21:01:27 - [TEST_STEP][PASSED] - setText(findTestObject(orPath_AddressContact + "/input_streetAddress2"), ""): Text '' is set on object 'Object Repository/RAD_Pages/AddressAndContactInfo_Page/input_streetAddress2'

2024-11-07 21:01:28 - [MESSAGE][PASSED] - Text '' is set on object 'Object Repository/RAD_Pages/AddressAndContactInfo_Page/input_streetAddress2'

2024-11-07 21:01:28 - [TEST_STEP][PASSED] - scrollToElement(findTestObject(orPath_Landing + "/button_Continue"), 3): Scroll to object 'Object Repository/RAD_Pages/Landing_Page/button_Continue' successfully

2024-11-07 21:01:28 - [MESSAGE][PASSED] - Scroll to object 'Object Repository/RAD_Pages/Landing_Page/button_Continue' successfully

2024-11-07 21:01:28 - [TEST_STEP][PASSED] - waitForElementClickable(findTestObject(orPath_Landing + "/button_Continue"), 5): Object 'Object Repository/RAD_Pages/Landing_Page/button_Continue' is clickable

2024-11-07 21:01:28 - [MESSAGE][PASSED] - Object 'Object Repository/RAD_Pages/Landing_Page/button_Continue' is clickable

2024-11-07 21:01:28 - [TEST_STEP][PASSED] - click(findTestObject(orPath_Landing + "/button_Continue")): Object: 'Object Repository/RAD_Pages/Landing_Page/button_Continue' is clicked on

2024-11-07 21:01:29 - [MESSAGE][PASSED] - Object: 'Object Repository/RAD_Pages/Landing_Page/button_Continue' is clicked on

2024-11-07 21:01:29 - [TEST_STEP][PASSED] - delay(2): Delayed 2 second(s)

2024-11-07 21:01:31 - [MESSAGE][PASSED] - Delayed 2 second(s)

2024-11-07 21:01:31 - [TEST_STEP][PASSED] - verifyTextPresent("Summary", true): Text 'Summary' is present on page  using regular expression

2024-11-07 21:01:31 - [MESSAGE][PASSED] - Text 'Summary' is present on page  using regular expression

2024-11-07 21:01:31 - [TEST_STEP][PASSED] - verifyTextPresent("Review the information below and make any necessary corrections by clicking the", true): Text 'Review the information below and make any necessary corrections by clicking the' is present on page  using regular expression

2024-11-07 21:01:32 - [MESSAGE][PASSED] - Text 'Review the information below and make any necessary corrections by clicking the' is present on page  using regular expression

2024-11-07 21:01:32 - [TEST_STEP][PASSED] - verifyTextPresent("When you are confident that all the information is correct, click the", true): Text 'When you are confident that all the information is correct, click the' is present on page  using regular expression

2024-11-07 21:01:32 - [MESSAGE][PASSED] - Text 'When you are confident that all the information is correct, click the' is present on page  using regular expression

2024-11-07 21:01:32 - [TEST_STEP][PASSED] - verifyTextPresent("Payment Type/Filing Year", true): Text 'Payment Type/Filing Year' is present on page  using regular expression

2024-11-07 21:01:32 - [MESSAGE][PASSED] - Text 'Payment Type/Filing Year' is present on page  using regular expression

2024-11-07 21:01:32 - [TEST_STEP][PASSED] - verifyTextPresent("Payment Type:", true): Text 'Payment Type:' is present on page  using regular expression

2024-11-07 21:01:33 - [MESSAGE][PASSED] - Text 'Payment Type:' is present on page  using regular expression

2024-11-07 21:01:33 - [TEST_STEP][PASSED] - verifyTextPresent("Existing Liability with Notice/Invoice Number", true): Text 'Existing Liability with Notice/Invoice Number' is present on page  using regular expression

2024-11-07 21:01:33 - [MESSAGE][PASSED] - Text 'Existing Liability with Notice/Invoice Number' is present on page  using regular expression

2024-11-07 21:01:33 - [TEST_STEP][PASSED] - verifyTextPresent("Payer Information", true): Text 'Payer Information' is present on page  using regular expression

2024-11-07 21:01:33 - [MESSAGE][PASSED] - Text 'Payer Information' is present on page  using regular expression

2024-11-07 21:01:33 - [TEST_STEP][PASSED] - verifyTextPresent("Taxpayer Name:", true): Text 'Taxpayer Name:' is present on page  using regular expression

2024-11-07 21:01:34 - [MESSAGE][PASSED] - Text 'Taxpayer Name:' is present on page  using regular expression

2024-11-07 21:01:34 - [TEST_STEP][PASSED] - if (!(TaxType.equalsIgnoreCase("Sales & Use Tax"))): Text 'My Company' is present on page  using regular expression

2024-11-07 21:01:34 - [TEST_STEP][PASSED] - verifyTextPresent("My Company", true): Text 'My Company' is present on page  using regular expression

2024-11-07 21:01:34 - [MESSAGE][PASSED] - Text 'My Company' is present on page  using regular expression

2024-11-07 21:01:34 - [TEST_STEP][PASSED] - verifyTextPresent("Business Rep Name:", true): Text 'Business Rep Name:' is present on page  using regular expression

2024-11-07 21:01:34 - [MESSAGE][PASSED] - Text 'Business Rep Name:' is present on page  using regular expression

2024-11-07 21:01:34 - [TEST_STEP][PASSED] - verifyTextPresent("BusRepFname BusRepLname", true): Text 'BusRepFname BusRepLname' is present on page  using regular expression

2024-11-07 21:01:34 - [MESSAGE][PASSED] - Text 'BusRepFname BusRepLname' is present on page  using regular expression

2024-11-07 21:01:34 - [TEST_STEP][PASSED] - verifyTextPresent("Taxpayer Address:", true): Text 'Taxpayer Address:' is present on page  using regular expression

2024-11-07 21:01:35 - [MESSAGE][PASSED] - Text 'Taxpayer Address:' is present on page  using regular expression

2024-11-07 21:01:35 - [TEST_STEP][PASSED] - verifyTextPresent("2508 Mandan Terrace Gambrills Maryland 21054", true): Text '2508 Mandan Terrace Gambrills Maryland 21054' is present on page  using regular expression

2024-11-07 21:01:35 - [MESSAGE][PASSED] - Text '2508 Mandan Terrace Gambrills Maryland 21054' is present on page  using regular expression

2024-11-07 21:01:35 - [TEST_STEP][PASSED] - verifyTextPresent("Email:", true): Text 'Email:' is present on page  using regular expression

2024-11-07 21:01:35 - [MESSAGE][PASSED] - Text 'Email:' is present on page  using regular expression

2024-11-07 21:01:35 - [TEST_STEP][PASSED] - verifyTextPresent("iahmed@govolution.com", true): Text 'iahmed@govolution.com' is present on page  using regular expression

2024-11-07 21:01:36 - [MESSAGE][PASSED] - Text 'iahmed@govolution.com' is present on page  using regular expression

2024-11-07 21:01:36 - [TEST_STEP][PASSED] - verifyTextPresent("Phone:", true): Text 'Phone:' is present on page  using regular expression

2024-11-07 21:01:36 - [MESSAGE][PASSED] - Text 'Phone:' is present on page  using regular expression

2024-11-07 21:01:36 - [TEST_STEP][PASSED] - verifyTextPresent("(703) 894-5000", false): Text '(703) 894-5000' is present on page 

2024-11-07 21:01:36 - [MESSAGE][PASSED] - Text '(703) 894-5000' is present on page 

2024-11-07 21:01:36 - [TEST_STEP][PASSED] - verifyTextPresent("Tax Information", true): Text 'Tax Information' is present on page  using regular expression

2024-11-07 21:01:37 - [MESSAGE][PASSED] - Text 'Tax Information' is present on page  using regular expression

2024-11-07 21:01:37 - [TEST_STEP][PASSED] - if (feinSsn.equalsIgnoreCase("Y")): null

2024-11-07 21:01:37 - [TEST_STEP][PASSED] - else: Text 'FEIN/SSN:' is not present on page using regular expression

2024-11-07 21:01:37 - [TEST_STEP][PASSED] - verifyTextPresent("Federal EIN:", true): Text 'Federal EIN:' is present on page  using regular expression

2024-11-07 21:01:37 - [MESSAGE][PASSED] - Text 'Federal EIN:' is present on page  using regular expression

2024-11-07 21:01:37 - [TEST_STEP][PASSED] - verifyTextNotPresent("FEIN/SSN:", true): Text 'FEIN/SSN:' is not present on page using regular expression

2024-11-07 21:01:37 - [MESSAGE][PASSED] - Text 'FEIN/SSN:' is not present on page using regular expression

2024-11-07 21:01:37 - [TEST_STEP][PASSED] - verifyTextPresent("XXXXX0532", true): Text 'XXXXX0532' is present on page  using regular expression

2024-11-07 21:01:38 - [MESSAGE][PASSED] - Text 'XXXXX0532' is present on page  using regular expression

2024-11-07 21:01:38 - [TEST_STEP][PASSED] - verifyTextPresent("Notice Or Invoice Number:", true): Text 'Notice Or Invoice Number:' is present on page  using regular expression

2024-11-07 21:01:38 - [MESSAGE][PASSED] - Text 'Notice Or Invoice Number:' is present on page  using regular expression

2024-11-07 21:01:38 - [TEST_STEP][PASSED] - verifyTextPresent("1234567890123", true): Text '1234567890123' is present on page  using regular expression

2024-11-07 21:01:38 - [MESSAGE][PASSED] - Text '1234567890123' is present on page  using regular expression

2024-11-07 21:01:38 - [TEST_STEP][PASSED] - verifyTextPresent("Tax Type:", true): Text 'Tax Type:' is present on page  using regular expression

2024-11-07 21:01:39 - [MESSAGE][PASSED] - Text 'Tax Type:' is present on page  using regular expression

2024-11-07 21:01:39 - [TEST_STEP][PASSED] - verifyTextPresent(TaxType, true): Text 'Motor Fuel Tax' is present on page  using regular expression

2024-11-07 21:01:39 - [MESSAGE][PASSED] - Text 'Motor Fuel Tax' is present on page  using regular expression

2024-11-07 21:01:39 - [TEST_STEP][PASSED] - if (CRN.equalsIgnoreCase("Y")): null

2024-11-07 21:01:39 - [TEST_STEP][PASSED] - if (MFLicNum.equalsIgnoreCase("Y")): Text '700142' is present on page  using regular expression

2024-11-07 21:01:39 - [TEST_STEP][PASSED] - verifyTextPresent("Motor Fuel License Number#:", true): Text 'Motor Fuel License Number#:' is present on page  using regular expression

2024-11-07 21:01:39 - [MESSAGE][PASSED] - Text 'Motor Fuel License Number#:' is present on page  using regular expression

2024-11-07 21:01:39 - [TEST_STEP][PASSED] - verifyTextPresent("700142", true): Text '700142' is present on page  using regular expression

2024-11-07 21:01:40 - [MESSAGE][PASSED] - Text '700142' is present on page  using regular expression

2024-11-07 21:01:40 - [TEST_STEP][PASSED] - verifyTextPresent("Payment Amount:", true): Text 'Payment Amount:' is present on page  using regular expression

2024-11-07 21:01:40 - [MESSAGE][PASSED] - Text 'Payment Amount:' is present on page  using regular expression

2024-11-07 21:01:40 - [TEST_STEP][PASSED] - verifyTextPresent("100.00", true): Text '100.00' is present on page  using regular expression

2024-11-07 21:01:40 - [MESSAGE][PASSED] - Text '100.00' is present on page  using regular expression

2024-11-07 21:01:40 - [TEST_STEP][PASSED] - if (verifyElementVisible(findTestObject(orPath_Summary + "/button_Proceed to Payment"))): null

2024-11-07 21:01:41 - [MESSAGE][PASSED] - Object 'Object Repository/RAD_Pages/Summary_Page/button_Proceed to Payment' is visible

2024-11-07 21:01:41 - [TEST_STEP][PASSED] - resText = "Pass": null

2024-11-07 21:01:41 - [TEST_STEP][PASSED] - pages.WriteExcel.demoKey(resText, datText, resColumn, datCloumn, fileLoc, nameSheet, row): pages.WriteExcel.demoKey is PASSED

2024-11-07 21:01:41 - [MESSAGE][PASSED] - pages.WriteExcel.demoKey is PASSED

2024-11-07 21:01:41 - [TEST_STEP][PASSED] - click(findTestObject(orPath_Summary + "/button_Proceed to Payment")): Object: 'Object Repository/RAD_Pages/Summary_Page/button_Proceed to Payment' is clicked on

2024-11-07 21:01:44 - [MESSAGE][PASSED] - Object: 'Object Repository/RAD_Pages/Summary_Page/button_Proceed to Payment' is clicked on

2024-11-07 21:01:44 - [TEST_STEP][PASSED] - verifyElementPresent(findTestObject("Object Repository/RAD_Pages/PaymentEntry_Page/input__billingName"), 30): Object 'Object Repository/RAD_Pages/PaymentEntry_Page/input__billingName' is present

2024-11-07 21:01:44 - [MESSAGE][PASSED] - Object 'Object Repository/RAD_Pages/PaymentEntry_Page/input__billingName' is present

2024-11-07 21:01:44 - [TEST_STEP][PASSED] - ExecuteTC = findTestData(dataFile).getValue("Execute", row): null

2024-11-07 21:01:44 - [TEST_STEP][PASSED] - TaxType = findTestData(dataFile).getValue("TaxType", row): null

2024-11-07 21:01:44 - [TEST_STEP][PASSED] - PaymentType = findTestData(dataFile).getValue("PaymentType", row): null

2024-11-07 21:01:44 - [TEST_STEP][PASSED] - feinSsn = findTestData(dataFile).getValue("FEINSSN", row): null

2024-11-07 21:01:44 - [TEST_STEP][PASSED] - CRN = findTestData(dataFile).getValue("CRN", row): null

2024-11-07 21:01:44 - [TEST_STEP][PASSED] - MFLicNum = findTestData(dataFile).getValue("MFLicNum", row): null

2024-11-07 21:01:45 - [TEST_STEP][PASSED] - if (ExecuteTC.equalsIgnoreCase("Y")): Object 'Object Repository/RAD_Pages/PaymentEntry_Page/input__billingName' is present

2024-11-07 21:01:45 - [TEST_STEP][PASSED] - out.println("Begin Record Number: " + row): null

2024-11-07 21:01:45 - [TEST_STEP][PASSED] - today = new java.util.Date(): null

2024-11-07 21:01:45 - [TEST_STEP][PASSED] - println(today): null

2024-11-07 21:01:45 - [TEST_STEP][PASSED] - datText = today: null

2024-11-07 21:01:45 - [TEST_STEP][PASSED] - logInfo("Payment Type: Existing Liability with Notice/Invoice Number"): Payment Type: Existing Liability with Notice/Invoice Number

2024-11-07 21:01:45 - [MESSAGE][INFO] - Payment Type: Existing Liability with Notice/Invoice Number

2024-11-07 21:01:45 - [TEST_STEP][PASSED] - logInfo("Tax Type: " + TaxType): Tax Type: Slots License Fee

2024-11-07 21:01:45 - [MESSAGE][INFO] - Tax Type: Slots License Fee

2024-11-07 21:01:45 - [TEST_STEP][PASSED] - openBrowser(""): Browser is opened with url: ''

2024-11-07 21:01:45 - [MESSAGE][WARNING] - A browser is already opened. Closing browser and opening a new one

2024-11-07 21:01:46 - [MESSAGE][INFO] - Starting 'Chrome' driver

2024-11-07 21:01:46 - [MESSAGE][INFO] - User set preference: ['acceptInsecureCerts', 'true']

2024-11-07 21:01:46 - [MESSAGE][INFO] - Action delay is set to 0 milliseconds

2024-11-07 21:01:48 - [MESSAGE][PASSED] - Browser is opened with url: ''

2024-11-07 21:01:48 - [TEST_STEP][PASSED] - maximizeWindow(): Current window maximized

2024-11-07 21:01:48 - [MESSAGE][PASSED] - Current window maximized

2024-11-07 21:01:48 - [TEST_STEP][PASSED] - navigateToUrl(RADurl): Navigate to 'https://www.velocitypayment.com/client/rad/index.html' successfully

2024-11-07 21:01:48 - [MESSAGE][PASSED] - Navigate to 'https://www.velocitypayment.com/client/rad/index.html' successfully

2024-11-07 21:01:48 - [TEST_STEP][PASSED] - selectOptionByLabel(findTestObject(orPath_Landing + "/dd_TaxType"), "Existing Liability with Notice/Invoice Number", false): All options with label 'Existing Liability with Notice/Invoice Number' are selected in object 'Object Repository/RAD_Pages/Landing_Page/dd_TaxType' 

2024-11-07 21:01:51 - [MESSAGE][PASSED] - All options with label 'Existing Liability with Notice/Invoice Number' are selected in object 'Object Repository/RAD_Pages/Landing_Page/dd_TaxType' 

2024-11-07 21:01:51 - [TEST_STEP][PASSED] - selectOptionByLabel(findTestObject(orPath_TaxTypeFilingYear + "/select_TaxType_ExistingLiability"), TaxType, false): All options with label 'Slots License Fee' are selected in object 'Object Repository/RAD_Pages/TaxTypeFilingYear_Page/select_TaxType_ExistingLiability' 

2024-11-07 21:01:51 - [MESSAGE][PASSED] - All options with label 'Slots License Fee' are selected in object 'Object Repository/RAD_Pages/TaxTypeFilingYear_Page/select_TaxType_ExistingLiability' 

2024-11-07 21:01:51 - [TEST_STEP][PASSED] - rad.getSetDataRAD.setDataRADBusinessName(): rad.getSetDataRAD.setDataRADBusinessName is PASSED

2024-11-07 21:01:52 - [MESSAGE][PASSED] - Text 'My Company' is set on object 'Object Repository/RAD_Pages/Taxpayer_Page/input_businessName'

2024-11-07 21:01:52 - [MESSAGE][PASSED] - rad.getSetDataRAD.setDataRADBusinessName is PASSED

2024-11-07 21:01:52 - [TEST_STEP][PASSED] - rad.getSetDataRAD.setDataRADBusinessRep(): rad.getSetDataRAD.setDataRADBusinessRep is PASSED

2024-11-07 21:01:53 - [MESSAGE][PASSED] - Text 'BusRepFname' is set on object 'Object Repository/RAD_Pages/Taxpayer_Page/input_BusinessRepfirstName'

2024-11-07 21:01:54 - [MESSAGE][PASSED] - Text '' is set on object 'Object Repository/RAD_Pages/Taxpayer_Page/input_BusinessRepmiddleName'

2024-11-07 21:01:55 - [MESSAGE][PASSED] - Text 'BusRepLname' is set on object 'Object Repository/RAD_Pages/Taxpayer_Page/input_BusinessReplastName'

2024-11-07 21:01:55 - [MESSAGE][PASSED] - Text '' is set on object 'Object Repository/RAD_Pages/Taxpayer_Page/input_BusinessRepsuffix'

2024-11-07 21:01:55 - [MESSAGE][PASSED] - rad.getSetDataRAD.setDataRADBusinessRep is PASSED

2024-11-07 21:01:55 - [TEST_STEP][PASSED] - rad.getSetDataRAD.setDataRADAddress(): rad.getSetDataRAD.setDataRADAddress is PASSED

2024-11-07 21:01:56 - [MESSAGE][PASSED] - All options with label 'United States' are selected in object 'Object Repository/RAD_Pages/AddressAndContactInfo_Page/select_Country' 

2024-11-07 21:01:57 - [MESSAGE][PASSED] - Text '2508 Mandan Terrace' is set on object 'Object Repository/RAD_Pages/AddressAndContactInfo_Page/input_streetAddress1'

2024-11-07 21:01:57 - [MESSAGE][PASSED] - Text '' is set on object 'Object Repository/RAD_Pages/AddressAndContactInfo_Page/input_streetAddress2'

2024-11-07 21:01:58 - [MESSAGE][PASSED] - Text 'Gambrills' is set on object 'Object Repository/RAD_Pages/AddressAndContactInfo_Page/input_city'

2024-11-07 21:01:59 - [MESSAGE][PASSED] - All options with label 'Maryland' are selected in object 'Object Repository/RAD_Pages/AddressAndContactInfo_Page/select_State' 

2024-11-07 21:02:00 - [MESSAGE][PASSED] - Text '21054' is set on object 'Object Repository/RAD_Pages/AddressAndContactInfo_Page/input_zipCode'

2024-11-07 21:02:01 - [MESSAGE][PASSED] - Text '(703) 894-5000' is set on object 'Object Repository/RAD_Pages/AddressAndContactInfo_Page/input_phoneNumber'

2024-11-07 21:02:02 - [MESSAGE][PASSED] - Text 'iahmed@govolution.com' is set on object 'Object Repository/RAD_Pages/AddressAndContactInfo_Page/input_eMailAddress'

2024-11-07 21:02:03 - [MESSAGE][PASSED] - Text 'iahmed@govolution.com' is set on object 'Object Repository/RAD_Pages/AddressAndContactInfo_Page/input_reEnterEMailAddress'

2024-11-07 21:02:03 - [MESSAGE][PASSED] - rad.getSetDataRAD.setDataRADAddress is PASSED

2024-11-07 21:02:03 - [TEST_STEP][PASSED] - if (feinSsn.equalsIgnoreCase("Y")): null

2024-11-07 21:02:03 - [TEST_STEP][PASSED] - else: Text ****** has been set on object 'Object Repository/RAD_Pages/TaxInfo_Page/input_concat(id(, , data, , ))_Data (1)'

2024-11-07 21:02:03 - [TEST_STEP][PASSED] - setEncryptedText(findTestObject("Object Repository/RAD_Pages/TaxInfo_Page/input_concat(id(, , data, , ))_Data"), "px0FNUagnh7G/CVR/QiY+A=="): Text ****** has been set on object 'Object Repository/RAD_Pages/TaxInfo_Page/input_concat(id(, , data, , ))_Data'

2024-11-07 21:02:04 - [MESSAGE][PASSED] - Text ****** has been set on object 'Object Repository/RAD_Pages/TaxInfo_Page/input_concat(id(, , data, , ))_Data'

2024-11-07 21:02:04 - [TEST_STEP][PASSED] - setEncryptedText(findTestObject("Object Repository/RAD_Pages/TaxInfo_Page/input_concat(id(, , data, , ))_Data (1)"), "px0FNUagnh7G/CVR/QiY+A=="): Text ****** has been set on object 'Object Repository/RAD_Pages/TaxInfo_Page/input_concat(id(, , data, , ))_Data (1)'

2024-11-07 21:02:04 - [MESSAGE][PASSED] - Text ****** has been set on object 'Object Repository/RAD_Pages/TaxInfo_Page/input_concat(id(, , data, , ))_Data (1)'

2024-11-07 21:02:04 - [TEST_STEP][PASSED] - rad.getSetDataRAD.setDataRADNoticeInvoiceThirteen(): rad.getSetDataRAD.setDataRADNoticeInvoiceThirteen is PASSED

2024-11-07 21:02:05 - [MESSAGE][PASSED] - Text '1234567890123' is set on object 'Object Repository/RAD_Pages/TaxInfo_Page/input_NoticeInvoiceNumber'

2024-11-07 21:02:06 - [MESSAGE][PASSED] - Text '1234567890123' is set on object 'Object Repository/RAD_Pages/TaxInfo_Page/input_reTypeNoticeInvoiceNumber'

2024-11-07 21:02:06 - [MESSAGE][PASSED] - rad.getSetDataRAD.setDataRADNoticeInvoiceThirteen is PASSED

2024-11-07 21:02:06 - [TEST_STEP][PASSED] - if (MFLicNum.equalsIgnoreCase("Y")): null

2024-11-07 21:02:06 - [TEST_STEP][PASSED] - if (CRN.equalsIgnoreCase("Y")): null

2024-11-07 21:02:06 - [TEST_STEP][PASSED] - setText(findTestObject(orPath_Amount + "/input__paymentAmount"), "100.00"): Text '100.00' is set on object 'Object Repository/RAD_Pages/PaymentAmount_Page/input__paymentAmount'

2024-11-07 21:02:06 - [MESSAGE][PASSED] - Text '100.00' is set on object 'Object Repository/RAD_Pages/PaymentAmount_Page/input__paymentAmount'

2024-11-07 21:02:06 - [TEST_STEP][PASSED] - setText(findTestObject(orPath_AddressContact + "/input_streetAddress2"), ""): Text '' is set on object 'Object Repository/RAD_Pages/AddressAndContactInfo_Page/input_streetAddress2'

2024-11-07 21:02:07 - [MESSAGE][PASSED] - Text '' is set on object 'Object Repository/RAD_Pages/AddressAndContactInfo_Page/input_streetAddress2'

2024-11-07 21:02:07 - [TEST_STEP][PASSED] - scrollToElement(findTestObject(orPath_Landing + "/button_Continue"), 3): Scroll to object 'Object Repository/RAD_Pages/Landing_Page/button_Continue' successfully

2024-11-07 21:02:08 - [MESSAGE][PASSED] - Scroll to object 'Object Repository/RAD_Pages/Landing_Page/button_Continue' successfully

2024-11-07 21:02:08 - [TEST_STEP][PASSED] - waitForElementClickable(findTestObject(orPath_Landing + "/button_Continue"), 5): Object 'Object Repository/RAD_Pages/Landing_Page/button_Continue' is clickable

2024-11-07 21:02:08 - [MESSAGE][PASSED] - Object 'Object Repository/RAD_Pages/Landing_Page/button_Continue' is clickable

2024-11-07 21:02:08 - [TEST_STEP][PASSED] - click(findTestObject(orPath_Landing + "/button_Continue")): Object: 'Object Repository/RAD_Pages/Landing_Page/button_Continue' is clicked on

2024-11-07 21:02:08 - [MESSAGE][PASSED] - Object: 'Object Repository/RAD_Pages/Landing_Page/button_Continue' is clicked on

2024-11-07 21:02:08 - [TEST_STEP][PASSED] - delay(2): Delayed 2 second(s)

2024-11-07 21:02:10 - [MESSAGE][PASSED] - Delayed 2 second(s)

2024-11-07 21:02:10 - [TEST_STEP][PASSED] - verifyTextPresent("Summary", true): Text 'Summary' is present on page  using regular expression

2024-11-07 21:02:11 - [MESSAGE][PASSED] - Text 'Summary' is present on page  using regular expression

2024-11-07 21:02:11 - [TEST_STEP][PASSED] - verifyTextPresent("Review the information below and make any necessary corrections by clicking the", true): Text 'Review the information below and make any necessary corrections by clicking the' is present on page  using regular expression

2024-11-07 21:02:11 - [MESSAGE][PASSED] - Text 'Review the information below and make any necessary corrections by clicking the' is present on page  using regular expression

2024-11-07 21:02:11 - [TEST_STEP][PASSED] - verifyTextPresent("When you are confident that all the information is correct, click the", true): Text 'When you are confident that all the information is correct, click the' is present on page  using regular expression

2024-11-07 21:02:11 - [MESSAGE][PASSED] - Text 'When you are confident that all the information is correct, click the' is present on page  using regular expression

2024-11-07 21:02:11 - [TEST_STEP][PASSED] - verifyTextPresent("Payment Type/Filing Year", true): Text 'Payment Type/Filing Year' is present on page  using regular expression

2024-11-07 21:02:12 - [MESSAGE][PASSED] - Text 'Payment Type/Filing Year' is present on page  using regular expression

2024-11-07 21:02:12 - [TEST_STEP][PASSED] - verifyTextPresent("Payment Type:", true): Text 'Payment Type:' is present on page  using regular expression

2024-11-07 21:02:12 - [MESSAGE][PASSED] - Text 'Payment Type:' is present on page  using regular expression

2024-11-07 21:02:12 - [TEST_STEP][PASSED] - verifyTextPresent("Existing Liability with Notice/Invoice Number", true): Text 'Existing Liability with Notice/Invoice Number' is present on page  using regular expression

2024-11-07 21:02:12 - [MESSAGE][PASSED] - Text 'Existing Liability with Notice/Invoice Number' is present on page  using regular expression

2024-11-07 21:02:12 - [TEST_STEP][PASSED] - verifyTextPresent("Payer Information", true): Text 'Payer Information' is present on page  using regular expression

2024-11-07 21:02:13 - [MESSAGE][PASSED] - Text 'Payer Information' is present on page  using regular expression

2024-11-07 21:02:13 - [TEST_STEP][PASSED] - verifyTextPresent("Taxpayer Name:", true): Text 'Taxpayer Name:' is present on page  using regular expression

2024-11-07 21:02:13 - [MESSAGE][PASSED] - Text 'Taxpayer Name:' is present on page  using regular expression

2024-11-07 21:02:13 - [TEST_STEP][PASSED] - if (!(TaxType.equalsIgnoreCase("Sales & Use Tax"))): Text 'My Company' is present on page  using regular expression

2024-11-07 21:02:13 - [TEST_STEP][PASSED] - verifyTextPresent("My Company", true): Text 'My Company' is present on page  using regular expression

2024-11-07 21:02:13 - [MESSAGE][PASSED] - Text 'My Company' is present on page  using regular expression

2024-11-07 21:02:13 - [TEST_STEP][PASSED] - verifyTextPresent("Business Rep Name:", true): Text 'Business Rep Name:' is present on page  using regular expression

2024-11-07 21:02:14 - [MESSAGE][PASSED] - Text 'Business Rep Name:' is present on page  using regular expression

2024-11-07 21:02:14 - [TEST_STEP][PASSED] - verifyTextPresent("BusRepFname BusRepLname", true): Text 'BusRepFname BusRepLname' is present on page  using regular expression

2024-11-07 21:02:14 - [MESSAGE][PASSED] - Text 'BusRepFname BusRepLname' is present on page  using regular expression

2024-11-07 21:02:14 - [TEST_STEP][PASSED] - verifyTextPresent("Taxpayer Address:", true): Text 'Taxpayer Address:' is present on page  using regular expression

2024-11-07 21:02:14 - [MESSAGE][PASSED] - Text 'Taxpayer Address:' is present on page  using regular expression

2024-11-07 21:02:14 - [TEST_STEP][PASSED] - verifyTextPresent("2508 Mandan Terrace Gambrills Maryland 21054", true): Text '2508 Mandan Terrace Gambrills Maryland 21054' is present on page  using regular expression

2024-11-07 21:02:15 - [MESSAGE][PASSED] - Text '2508 Mandan Terrace Gambrills Maryland 21054' is present on page  using regular expression

2024-11-07 21:02:15 - [TEST_STEP][PASSED] - verifyTextPresent("Email:", true): Text 'Email:' is present on page  using regular expression

2024-11-07 21:02:15 - [MESSAGE][PASSED] - Text 'Email:' is present on page  using regular expression

2024-11-07 21:02:15 - [TEST_STEP][PASSED] - verifyTextPresent("iahmed@govolution.com", true): Text 'iahmed@govolution.com' is present on page  using regular expression

2024-11-07 21:02:15 - [MESSAGE][PASSED] - Text 'iahmed@govolution.com' is present on page  using regular expression

2024-11-07 21:02:15 - [TEST_STEP][PASSED] - verifyTextPresent("Phone:", true): Text 'Phone:' is present on page  using regular expression

2024-11-07 21:02:16 - [MESSAGE][PASSED] - Text 'Phone:' is present on page  using regular expression

2024-11-07 21:02:16 - [TEST_STEP][PASSED] - verifyTextPresent("(703) 894-5000", false): Text '(703) 894-5000' is present on page 

2024-11-07 21:02:16 - [MESSAGE][PASSED] - Text '(703) 894-5000' is present on page 

2024-11-07 21:02:16 - [TEST_STEP][PASSED] - verifyTextPresent("Tax Information", true): Text 'Tax Information' is present on page  using regular expression

2024-11-07 21:02:16 - [MESSAGE][PASSED] - Text 'Tax Information' is present on page  using regular expression

2024-11-07 21:02:16 - [TEST_STEP][PASSED] - if (feinSsn.equalsIgnoreCase("Y")): null

2024-11-07 21:02:16 - [TEST_STEP][PASSED] - else: Text 'FEIN/SSN:' is not present on page using regular expression

2024-11-07 21:02:16 - [TEST_STEP][PASSED] - verifyTextPresent("Federal EIN:", true): Text 'Federal EIN:' is present on page  using regular expression

2024-11-07 21:02:16 - [MESSAGE][PASSED] - Text 'Federal EIN:' is present on page  using regular expression

2024-11-07 21:02:16 - [TEST_STEP][PASSED] - verifyTextNotPresent("FEIN/SSN:", true): Text 'FEIN/SSN:' is not present on page using regular expression

2024-11-07 21:02:17 - [MESSAGE][PASSED] - Text 'FEIN/SSN:' is not present on page using regular expression

2024-11-07 21:02:17 - [TEST_STEP][PASSED] - verifyTextPresent("XXXXX0532", true): Text 'XXXXX0532' is present on page  using regular expression

2024-11-07 21:02:17 - [MESSAGE][PASSED] - Text 'XXXXX0532' is present on page  using regular expression

2024-11-07 21:02:17 - [TEST_STEP][PASSED] - verifyTextPresent("Notice Or Invoice Number:", true): Text 'Notice Or Invoice Number:' is present on page  using regular expression

2024-11-07 21:02:17 - [MESSAGE][PASSED] - Text 'Notice Or Invoice Number:' is present on page  using regular expression

2024-11-07 21:02:17 - [TEST_STEP][PASSED] - verifyTextPresent("1234567890123", true): Text '1234567890123' is present on page  using regular expression

2024-11-07 21:02:18 - [MESSAGE][PASSED] - Text '1234567890123' is present on page  using regular expression

2024-11-07 21:02:18 - [TEST_STEP][PASSED] - verifyTextPresent("Tax Type:", true): Text 'Tax Type:' is present on page  using regular expression

2024-11-07 21:02:18 - [MESSAGE][PASSED] - Text 'Tax Type:' is present on page  using regular expression

2024-11-07 21:02:18 - [TEST_STEP][PASSED] - verifyTextPresent(TaxType, true): Text 'Slots License Fee' is present on page  using regular expression

2024-11-07 21:02:18 - [MESSAGE][PASSED] - Text 'Slots License Fee' is present on page  using regular expression

2024-11-07 21:02:18 - [TEST_STEP][PASSED] - if (CRN.equalsIgnoreCase("Y")): null

2024-11-07 21:02:18 - [TEST_STEP][PASSED] - if (MFLicNum.equalsIgnoreCase("Y")): null

2024-11-07 21:02:18 - [TEST_STEP][PASSED] - verifyTextPresent("Payment Amount:", true): Text 'Payment Amount:' is present on page  using regular expression

2024-11-07 21:02:19 - [MESSAGE][PASSED] - Text 'Payment Amount:' is present on page  using regular expression

2024-11-07 21:02:19 - [TEST_STEP][PASSED] - verifyTextPresent("100.00", true): Text '100.00' is present on page  using regular expression

2024-11-07 21:02:19 - [MESSAGE][PASSED] - Text '100.00' is present on page  using regular expression

2024-11-07 21:02:19 - [TEST_STEP][PASSED] - if (verifyElementVisible(findTestObject(orPath_Summary + "/button_Proceed to Payment"))): null

2024-11-07 21:02:19 - [MESSAGE][PASSED] - Object 'Object Repository/RAD_Pages/Summary_Page/button_Proceed to Payment' is visible

2024-11-07 21:02:19 - [TEST_STEP][PASSED] - resText = "Pass": null

2024-11-07 21:02:19 - [TEST_STEP][PASSED] - pages.WriteExcel.demoKey(resText, datText, resColumn, datCloumn, fileLoc, nameSheet, row): pages.WriteExcel.demoKey is PASSED

2024-11-07 21:02:20 - [MESSAGE][PASSED] - pages.WriteExcel.demoKey is PASSED

2024-11-07 21:02:20 - [TEST_STEP][PASSED] - click(findTestObject(orPath_Summary + "/button_Proceed to Payment")): Object: 'Object Repository/RAD_Pages/Summary_Page/button_Proceed to Payment' is clicked on

2024-11-07 21:02:22 - [MESSAGE][PASSED] - Object: 'Object Repository/RAD_Pages/Summary_Page/button_Proceed to Payment' is clicked on

2024-11-07 21:02:22 - [TEST_STEP][PASSED] - verifyElementPresent(findTestObject("Object Repository/RAD_Pages/PaymentEntry_Page/input__billingName"), 30): Object 'Object Repository/RAD_Pages/PaymentEntry_Page/input__billingName' is present

2024-11-07 21:02:23 - [MESSAGE][PASSED] - Object 'Object Repository/RAD_Pages/PaymentEntry_Page/input__billingName' is present

2024-11-07 21:02:23 - [TEST_STEP][PASSED] - ExecuteTC = findTestData(dataFile).getValue("Execute", row): null

2024-11-07 21:02:23 - [TEST_STEP][PASSED] - TaxType = findTestData(dataFile).getValue("TaxType", row): null

2024-11-07 21:02:23 - [TEST_STEP][PASSED] - PaymentType = findTestData(dataFile).getValue("PaymentType", row): null

2024-11-07 21:02:23 - [TEST_STEP][PASSED] - feinSsn = findTestData(dataFile).getValue("FEINSSN", row): null

2024-11-07 21:02:23 - [TEST_STEP][PASSED] - CRN = findTestData(dataFile).getValue("CRN", row): null

2024-11-07 21:02:23 - [TEST_STEP][PASSED] - MFLicNum = findTestData(dataFile).getValue("MFLicNum", row): null

2024-11-07 21:02:23 - [TEST_STEP][PASSED] - if (ExecuteTC.equalsIgnoreCase("Y")): Object 'Object Repository/RAD_Pages/PaymentEntry_Page/input__billingName' is present

2024-11-07 21:02:23 - [TEST_STEP][PASSED] - out.println("Begin Record Number: " + row): null

2024-11-07 21:02:23 - [TEST_STEP][PASSED] - today = new java.util.Date(): null

2024-11-07 21:02:23 - [TEST_STEP][PASSED] - println(today): null

2024-11-07 21:02:23 - [TEST_STEP][PASSED] - datText = today: null

2024-11-07 21:02:23 - [TEST_STEP][PASSED] - logInfo("Payment Type: Existing Liability with Notice/Invoice Number"): Payment Type: Existing Liability with Notice/Invoice Number

2024-11-07 21:02:23 - [MESSAGE][INFO] - Payment Type: Existing Liability with Notice/Invoice Number

2024-11-07 21:02:23 - [TEST_STEP][PASSED] - logInfo("Tax Type: " + TaxType): Tax Type: Tobacco Tax

2024-11-07 21:02:23 - [MESSAGE][INFO] - Tax Type: Tobacco Tax

2024-11-07 21:02:23 - [TEST_STEP][PASSED] - openBrowser(""): Browser is opened with url: ''

2024-11-07 21:02:23 - [MESSAGE][WARNING] - A browser is already opened. Closing browser and opening a new one

2024-11-07 21:02:25 - [MESSAGE][INFO] - Starting 'Chrome' driver

2024-11-07 21:02:25 - [MESSAGE][INFO] - User set preference: ['acceptInsecureCerts', 'true']

2024-11-07 21:02:25 - [MESSAGE][INFO] - Action delay is set to 0 milliseconds

2024-11-07 21:02:27 - [MESSAGE][PASSED] - Browser is opened with url: ''

2024-11-07 21:02:27 - [TEST_STEP][PASSED] - maximizeWindow(): Current window maximized

2024-11-07 21:02:27 - [MESSAGE][PASSED] - Current window maximized

2024-11-07 21:02:27 - [TEST_STEP][PASSED] - navigateToUrl(RADurl): Navigate to 'https://www.velocitypayment.com/client/rad/index.html' successfully

2024-11-07 21:02:27 - [MESSAGE][PASSED] - Navigate to 'https://www.velocitypayment.com/client/rad/index.html' successfully

2024-11-07 21:02:27 - [TEST_STEP][PASSED] - selectOptionByLabel(findTestObject(orPath_Landing + "/dd_TaxType"), "Existing Liability with Notice/Invoice Number", false): All options with label 'Existing Liability with Notice/Invoice Number' are selected in object 'Object Repository/RAD_Pages/Landing_Page/dd_TaxType' 

2024-11-07 21:02:30 - [MESSAGE][PASSED] - All options with label 'Existing Liability with Notice/Invoice Number' are selected in object 'Object Repository/RAD_Pages/Landing_Page/dd_TaxType' 

2024-11-07 21:02:30 - [TEST_STEP][PASSED] - selectOptionByLabel(findTestObject(orPath_TaxTypeFilingYear + "/select_TaxType_ExistingLiability"), TaxType, false): All options with label 'Tobacco Tax' are selected in object 'Object Repository/RAD_Pages/TaxTypeFilingYear_Page/select_TaxType_ExistingLiability' 

2024-11-07 21:02:30 - [MESSAGE][PASSED] - All options with label 'Tobacco Tax' are selected in object 'Object Repository/RAD_Pages/TaxTypeFilingYear_Page/select_TaxType_ExistingLiability' 

2024-11-07 21:02:30 - [TEST_STEP][PASSED] - rad.getSetDataRAD.setDataRADBusinessName(): rad.getSetDataRAD.setDataRADBusinessName is PASSED

2024-11-07 21:02:31 - [MESSAGE][PASSED] - Text 'My Company' is set on object 'Object Repository/RAD_Pages/Taxpayer_Page/input_businessName'

2024-11-07 21:02:31 - [MESSAGE][PASSED] - rad.getSetDataRAD.setDataRADBusinessName is PASSED

2024-11-07 21:02:31 - [TEST_STEP][PASSED] - rad.getSetDataRAD.setDataRADBusinessRep(): rad.getSetDataRAD.setDataRADBusinessRep is PASSED

2024-11-07 21:02:32 - [MESSAGE][PASSED] - Text 'BusRepFname' is set on object 'Object Repository/RAD_Pages/Taxpayer_Page/input_BusinessRepfirstName'

2024-11-07 21:02:33 - [MESSAGE][PASSED] - Text '' is set on object 'Object Repository/RAD_Pages/Taxpayer_Page/input_BusinessRepmiddleName'

2024-11-07 21:02:34 - [MESSAGE][PASSED] - Text 'BusRepLname' is set on object 'Object Repository/RAD_Pages/Taxpayer_Page/input_BusinessReplastName'

2024-11-07 21:02:34 - [MESSAGE][PASSED] - Text '' is set on object 'Object Repository/RAD_Pages/Taxpayer_Page/input_BusinessRepsuffix'

2024-11-07 21:02:34 - [MESSAGE][PASSED] - rad.getSetDataRAD.setDataRADBusinessRep is PASSED

2024-11-07 21:02:34 - [TEST_STEP][PASSED] - rad.getSetDataRAD.setDataRADAddress(): rad.getSetDataRAD.setDataRADAddress is PASSED

2024-11-07 21:02:35 - [MESSAGE][PASSED] - All options with label 'United States' are selected in object 'Object Repository/RAD_Pages/AddressAndContactInfo_Page/select_Country' 

2024-11-07 21:02:36 - [MESSAGE][PASSED] - Text '2508 Mandan Terrace' is set on object 'Object Repository/RAD_Pages/AddressAndContactInfo_Page/input_streetAddress1'

2024-11-07 21:02:36 - [MESSAGE][PASSED] - Text '' is set on object 'Object Repository/RAD_Pages/AddressAndContactInfo_Page/input_streetAddress2'

2024-11-07 21:02:37 - [MESSAGE][PASSED] - Text 'Gambrills' is set on object 'Object Repository/RAD_Pages/AddressAndContactInfo_Page/input_city'

2024-11-07 21:02:38 - [MESSAGE][PASSED] - All options with label 'Maryland' are selected in object 'Object Repository/RAD_Pages/AddressAndContactInfo_Page/select_State' 

2024-11-07 21:02:39 - [MESSAGE][PASSED] - Text '21054' is set on object 'Object Repository/RAD_Pages/AddressAndContactInfo_Page/input_zipCode'

2024-11-07 21:02:40 - [MESSAGE][PASSED] - Text '(703) 894-5000' is set on object 'Object Repository/RAD_Pages/AddressAndContactInfo_Page/input_phoneNumber'

2024-11-07 21:02:41 - [MESSAGE][PASSED] - Text 'iahmed@govolution.com' is set on object 'Object Repository/RAD_Pages/AddressAndContactInfo_Page/input_eMailAddress'

2024-11-07 21:02:42 - [MESSAGE][PASSED] - Text 'iahmed@govolution.com' is set on object 'Object Repository/RAD_Pages/AddressAndContactInfo_Page/input_reEnterEMailAddress'

2024-11-07 21:02:42 - [MESSAGE][PASSED] - rad.getSetDataRAD.setDataRADAddress is PASSED

2024-11-07 21:02:42 - [TEST_STEP][PASSED] - if (feinSsn.equalsIgnoreCase("Y")): Text ****** has been set on object 'Object Repository/RAD_Pages/TaxInfo_Page/input_TaxInfo_RetypefeinSsn_Existing_New'

2024-11-07 21:02:42 - [TEST_STEP][PASSED] - setEncryptedText(findTestObject(orPath_TaxInfo + "/input_TaxInfo_feinSsn_Existing_New"), "px0FNUagnh7G/CVR/QiY+A=="): Text ****** has been set on object 'Object Repository/RAD_Pages/TaxInfo_Page/input_TaxInfo_feinSsn_Existing_New'

2024-11-07 21:02:43 - [MESSAGE][PASSED] - Text ****** has been set on object 'Object Repository/RAD_Pages/TaxInfo_Page/input_TaxInfo_feinSsn_Existing_New'

2024-11-07 21:02:43 - [TEST_STEP][PASSED] - setEncryptedText(findTestObject(orPath_TaxInfo + "/input_TaxInfo_RetypefeinSsn_Existing_New"), "px0FNUagnh7G/CVR/QiY+A=="): Text ****** has been set on object 'Object Repository/RAD_Pages/TaxInfo_Page/input_TaxInfo_RetypefeinSsn_Existing_New'

2024-11-07 21:02:43 - [MESSAGE][PASSED] - Text ****** has been set on object 'Object Repository/RAD_Pages/TaxInfo_Page/input_TaxInfo_RetypefeinSsn_Existing_New'

2024-11-07 21:02:43 - [TEST_STEP][PASSED] - rad.getSetDataRAD.setDataRADNoticeInvoiceThirteen(): rad.getSetDataRAD.setDataRADNoticeInvoiceThirteen is PASSED

2024-11-07 21:02:44 - [MESSAGE][PASSED] - Text '1234567890123' is set on object 'Object Repository/RAD_Pages/TaxInfo_Page/input_NoticeInvoiceNumber'

2024-11-07 21:02:45 - [MESSAGE][PASSED] - Text '1234567890123' is set on object 'Object Repository/RAD_Pages/TaxInfo_Page/input_reTypeNoticeInvoiceNumber'

2024-11-07 21:02:45 - [MESSAGE][PASSED] - rad.getSetDataRAD.setDataRADNoticeInvoiceThirteen is PASSED

2024-11-07 21:02:45 - [TEST_STEP][PASSED] - if (MFLicNum.equalsIgnoreCase("Y")): null

2024-11-07 21:02:45 - [TEST_STEP][PASSED] - if (CRN.equalsIgnoreCase("Y")): rad.getSetDataRAD.setDataExistingRADMDCRN is PASSED

2024-11-07 21:02:45 - [TEST_STEP][PASSED] - rad.getSetDataRAD.setDataExistingRADMDCRN(): rad.getSetDataRAD.setDataExistingRADMDCRN is PASSED

2024-11-07 21:02:46 - [MESSAGE][PASSED] - Text '07640126' is set on object 'Object Repository/RAD_Pages/TaxInfo_Page/input_MDCRegistrationEL'

2024-11-07 21:02:46 - [MESSAGE][PASSED] - rad.getSetDataRAD.setDataExistingRADMDCRN is PASSED

2024-11-07 21:02:46 - [TEST_STEP][PASSED] - setText(findTestObject(orPath_Amount + "/input__paymentAmount"), "100.00"): Text '100.00' is set on object 'Object Repository/RAD_Pages/PaymentAmount_Page/input__paymentAmount'

2024-11-07 21:02:46 - [MESSAGE][PASSED] - Text '100.00' is set on object 'Object Repository/RAD_Pages/PaymentAmount_Page/input__paymentAmount'

2024-11-07 21:02:46 - [TEST_STEP][PASSED] - setText(findTestObject(orPath_AddressContact + "/input_streetAddress2"), ""): Text '' is set on object 'Object Repository/RAD_Pages/AddressAndContactInfo_Page/input_streetAddress2'

2024-11-07 21:02:47 - [MESSAGE][PASSED] - Text '' is set on object 'Object Repository/RAD_Pages/AddressAndContactInfo_Page/input_streetAddress2'

2024-11-07 21:02:47 - [TEST_STEP][PASSED] - scrollToElement(findTestObject(orPath_Landing + "/button_Continue"), 3): Scroll to object 'Object Repository/RAD_Pages/Landing_Page/button_Continue' successfully

2024-11-07 21:02:47 - [MESSAGE][PASSED] - Scroll to object 'Object Repository/RAD_Pages/Landing_Page/button_Continue' successfully

2024-11-07 21:02:47 - [TEST_STEP][PASSED] - waitForElementClickable(findTestObject(orPath_Landing + "/button_Continue"), 5): Object 'Object Repository/RAD_Pages/Landing_Page/button_Continue' is clickable

2024-11-07 21:02:48 - [MESSAGE][PASSED] - Object 'Object Repository/RAD_Pages/Landing_Page/button_Continue' is clickable

2024-11-07 21:02:48 - [TEST_STEP][PASSED] - click(findTestObject(orPath_Landing + "/button_Continue")): Object: 'Object Repository/RAD_Pages/Landing_Page/button_Continue' is clicked on

2024-11-07 21:02:48 - [MESSAGE][PASSED] - Object: 'Object Repository/RAD_Pages/Landing_Page/button_Continue' is clicked on

2024-11-07 21:02:48 - [TEST_STEP][PASSED] - delay(2): Delayed 2 second(s)

2024-11-07 21:02:50 - [MESSAGE][PASSED] - Delayed 2 second(s)

2024-11-07 21:02:50 - [TEST_STEP][PASSED] - verifyTextPresent("Summary", true): Text 'Summary' is present on page  using regular expression

2024-11-07 21:02:51 - [MESSAGE][PASSED] - Text 'Summary' is present on page  using regular expression

2024-11-07 21:02:51 - [TEST_STEP][PASSED] - verifyTextPresent("Review the information below and make any necessary corrections by clicking the", true): Text 'Review the information below and make any necessary corrections by clicking the' is present on page  using regular expression

2024-11-07 21:02:51 - [MESSAGE][PASSED] - Text 'Review the information below and make any necessary corrections by clicking the' is present on page  using regular expression

2024-11-07 21:02:51 - [TEST_STEP][PASSED] - verifyTextPresent("When you are confident that all the information is correct, click the", true): Text 'When you are confident that all the information is correct, click the' is present on page  using regular expression

2024-11-07 21:02:51 - [MESSAGE][PASSED] - Text 'When you are confident that all the information is correct, click the' is present on page  using regular expression

2024-11-07 21:02:51 - [TEST_STEP][PASSED] - verifyTextPresent("Payment Type/Filing Year", true): Text 'Payment Type/Filing Year' is present on page  using regular expression

2024-11-07 21:02:52 - [MESSAGE][PASSED] - Text 'Payment Type/Filing Year' is present on page  using regular expression

2024-11-07 21:02:52 - [TEST_STEP][PASSED] - verifyTextPresent("Payment Type:", true): Text 'Payment Type:' is present on page  using regular expression

2024-11-07 21:02:52 - [MESSAGE][PASSED] - Text 'Payment Type:' is present on page  using regular expression

2024-11-07 21:02:52 - [TEST_STEP][PASSED] - verifyTextPresent("Existing Liability with Notice/Invoice Number", true): Text 'Existing Liability with Notice/Invoice Number' is present on page  using regular expression

2024-11-07 21:02:52 - [MESSAGE][PASSED] - Text 'Existing Liability with Notice/Invoice Number' is present on page  using regular expression

2024-11-07 21:02:52 - [TEST_STEP][PASSED] - verifyTextPresent("Payer Information", true): Text 'Payer Information' is present on page  using regular expression

2024-11-07 21:02:53 - [MESSAGE][PASSED] - Text 'Payer Information' is present on page  using regular expression

2024-11-07 21:02:53 - [TEST_STEP][PASSED] - verifyTextPresent("Taxpayer Name:", true): Text 'Taxpayer Name:' is present on page  using regular expression

2024-11-07 21:02:53 - [MESSAGE][PASSED] - Text 'Taxpayer Name:' is present on page  using regular expression

2024-11-07 21:02:53 - [TEST_STEP][PASSED] - if (!(TaxType.equalsIgnoreCase("Sales & Use Tax"))): Text 'My Company' is present on page  using regular expression

2024-11-07 21:02:53 - [TEST_STEP][PASSED] - verifyTextPresent("My Company", true): Text 'My Company' is present on page  using regular expression

2024-11-07 21:02:53 - [MESSAGE][PASSED] - Text 'My Company' is present on page  using regular expression

2024-11-07 21:02:53 - [TEST_STEP][PASSED] - verifyTextPresent("Business Rep Name:", true): Text 'Business Rep Name:' is present on page  using regular expression

2024-11-07 21:02:53 - [MESSAGE][PASSED] - Text 'Business Rep Name:' is present on page  using regular expression

2024-11-07 21:02:53 - [TEST_STEP][PASSED] - verifyTextPresent("BusRepFname BusRepLname", true): Text 'BusRepFname BusRepLname' is present on page  using regular expression

2024-11-07 21:02:54 - [MESSAGE][PASSED] - Text 'BusRepFname BusRepLname' is present on page  using regular expression

2024-11-07 21:02:54 - [TEST_STEP][PASSED] - verifyTextPresent("Taxpayer Address:", true): Text 'Taxpayer Address:' is present on page  using regular expression

2024-11-07 21:02:54 - [MESSAGE][PASSED] - Text 'Taxpayer Address:' is present on page  using regular expression

2024-11-07 21:02:54 - [TEST_STEP][PASSED] - verifyTextPresent("2508 Mandan Terrace Gambrills Maryland 21054", true): Text '2508 Mandan Terrace Gambrills Maryland 21054' is present on page  using regular expression

2024-11-07 21:02:54 - [MESSAGE][PASSED] - Text '2508 Mandan Terrace Gambrills Maryland 21054' is present on page  using regular expression

2024-11-07 21:02:54 - [TEST_STEP][PASSED] - verifyTextPresent("Email:", true): Text 'Email:' is present on page  using regular expression

2024-11-07 21:02:55 - [MESSAGE][PASSED] - Text 'Email:' is present on page  using regular expression

2024-11-07 21:02:55 - [TEST_STEP][PASSED] - verifyTextPresent("iahmed@govolution.com", true): Text 'iahmed@govolution.com' is present on page  using regular expression

2024-11-07 21:02:55 - [MESSAGE][PASSED] - Text 'iahmed@govolution.com' is present on page  using regular expression

2024-11-07 21:02:55 - [TEST_STEP][PASSED] - verifyTextPresent("Phone:", true): Text 'Phone:' is present on page  using regular expression

2024-11-07 21:02:55 - [MESSAGE][PASSED] - Text 'Phone:' is present on page  using regular expression

2024-11-07 21:02:55 - [TEST_STEP][PASSED] - verifyTextPresent("(703) 894-5000", false): Text '(703) 894-5000' is present on page 

2024-11-07 21:02:56 - [MESSAGE][PASSED] - Text '(703) 894-5000' is present on page 

2024-11-07 21:02:56 - [TEST_STEP][PASSED] - verifyTextPresent("Tax Information", true): Text 'Tax Information' is present on page  using regular expression

2024-11-07 21:02:56 - [MESSAGE][PASSED] - Text 'Tax Information' is present on page  using regular expression

2024-11-07 21:02:56 - [TEST_STEP][PASSED] - if (feinSsn.equalsIgnoreCase("Y")): Text 'Federal EIN:' is not present on page using regular expression

2024-11-07 21:02:56 - [TEST_STEP][PASSED] - verifyTextPresent("FEIN/SSN:", true): Text 'FEIN/SSN:' is present on page  using regular expression

2024-11-07 21:02:56 - [MESSAGE][PASSED] - Text 'FEIN/SSN:' is present on page  using regular expression

2024-11-07 21:02:56 - [TEST_STEP][PASSED] - verifyTextNotPresent("Federal EIN:", true): Text 'Federal EIN:' is not present on page using regular expression

2024-11-07 21:02:57 - [MESSAGE][PASSED] - Text 'Federal EIN:' is not present on page using regular expression

2024-11-07 21:02:57 - [TEST_STEP][PASSED] - verifyTextPresent("XXXXX0532", true): Text 'XXXXX0532' is present on page  using regular expression

2024-11-07 21:02:57 - [MESSAGE][PASSED] - Text 'XXXXX0532' is present on page  using regular expression

2024-11-07 21:02:57 - [TEST_STEP][PASSED] - verifyTextPresent("Notice Or Invoice Number:", true): Text 'Notice Or Invoice Number:' is present on page  using regular expression

2024-11-07 21:02:57 - [MESSAGE][PASSED] - Text 'Notice Or Invoice Number:' is present on page  using regular expression

2024-11-07 21:02:57 - [TEST_STEP][PASSED] - verifyTextPresent("1234567890123", true): Text '1234567890123' is present on page  using regular expression

2024-11-07 21:02:58 - [MESSAGE][PASSED] - Text '1234567890123' is present on page  using regular expression

2024-11-07 21:02:58 - [TEST_STEP][PASSED] - verifyTextPresent("Tax Type:", true): Text 'Tax Type:' is present on page  using regular expression

2024-11-07 21:02:58 - [MESSAGE][PASSED] - Text 'Tax Type:' is present on page  using regular expression

2024-11-07 21:02:58 - [TEST_STEP][PASSED] - verifyTextPresent(TaxType, true): Text 'Tobacco Tax' is present on page  using regular expression

2024-11-07 21:02:58 - [MESSAGE][PASSED] - Text 'Tobacco Tax' is present on page  using regular expression

2024-11-07 21:02:58 - [TEST_STEP][PASSED] - if (CRN.equalsIgnoreCase("Y")): Text '07640126' is present on page  using regular expression

2024-11-07 21:02:58 - [TEST_STEP][PASSED] - verifyTextPresent("MD Central Registration Number#:", true): Text 'MD Central Registration Number#:' is present on page  using regular expression

2024-11-07 21:02:59 - [MESSAGE][PASSED] - Text 'MD Central Registration Number#:' is present on page  using regular expression

2024-11-07 21:02:59 - [TEST_STEP][PASSED] - verifyTextPresent("07640126", true): Text '07640126' is present on page  using regular expression

2024-11-07 21:02:59 - [MESSAGE][PASSED] - Text '07640126' is present on page  using regular expression

2024-11-07 21:02:59 - [TEST_STEP][PASSED] - if (MFLicNum.equalsIgnoreCase("Y")): null

2024-11-07 21:02:59 - [TEST_STEP][PASSED] - verifyTextPresent("Payment Amount:", true): Text 'Payment Amount:' is present on page  using regular expression

2024-11-07 21:02:59 - [MESSAGE][PASSED] - Text 'Payment Amount:' is present on page  using regular expression

2024-11-07 21:02:59 - [TEST_STEP][PASSED] - verifyTextPresent("100.00", true): Text '100.00' is present on page  using regular expression

2024-11-07 21:03:00 - [MESSAGE][PASSED] - Text '100.00' is present on page  using regular expression

2024-11-07 21:03:00 - [TEST_STEP][PASSED] - if (verifyElementVisible(findTestObject(orPath_Summary + "/button_Proceed to Payment"))): null

2024-11-07 21:03:00 - [MESSAGE][PASSED] - Object 'Object Repository/RAD_Pages/Summary_Page/button_Proceed to Payment' is visible

2024-11-07 21:03:00 - [TEST_STEP][PASSED] - resText = "Pass": null

2024-11-07 21:03:00 - [TEST_STEP][PASSED] - pages.WriteExcel.demoKey(resText, datText, resColumn, datCloumn, fileLoc, nameSheet, row): pages.WriteExcel.demoKey is PASSED

2024-11-07 21:03:00 - [MESSAGE][PASSED] - pages.WriteExcel.demoKey is PASSED

2024-11-07 21:03:00 - [TEST_STEP][PASSED] - click(findTestObject(orPath_Summary + "/button_Proceed to Payment")): Object: 'Object Repository/RAD_Pages/Summary_Page/button_Proceed to Payment' is clicked on

2024-11-07 21:03:03 - [MESSAGE][PASSED] - Object: 'Object Repository/RAD_Pages/Summary_Page/button_Proceed to Payment' is clicked on

2024-11-07 21:03:03 - [TEST_STEP][PASSED] - verifyElementPresent(findTestObject("Object Repository/RAD_Pages/PaymentEntry_Page/input__billingName"), 30): Object 'Object Repository/RAD_Pages/PaymentEntry_Page/input__billingName' is present

2024-11-07 21:03:04 - [MESSAGE][PASSED] - Object 'Object Repository/RAD_Pages/PaymentEntry_Page/input__billingName' is present

2024-11-07 21:03:04 - [TEST_STEP][PASSED] - ExecuteTC = findTestData(dataFile).getValue("Execute", row): null

2024-11-07 21:03:04 - [TEST_STEP][PASSED] - TaxType = findTestData(dataFile).getValue("TaxType", row): null

2024-11-07 21:03:04 - [TEST_STEP][PASSED] - PaymentType = findTestData(dataFile).getValue("PaymentType", row): null

2024-11-07 21:03:04 - [TEST_STEP][PASSED] - feinSsn = findTestData(dataFile).getValue("FEINSSN", row): null

2024-11-07 21:03:04 - [TEST_STEP][PASSED] - CRN = findTestData(dataFile).getValue("CRN", row): null

2024-11-07 21:03:04 - [TEST_STEP][PASSED] - MFLicNum = findTestData(dataFile).getValue("MFLicNum", row): null

2024-11-07 21:03:04 - [TEST_STEP][PASSED] - if (ExecuteTC.equalsIgnoreCase("Y")): Object 'Object Repository/RAD_Pages/PaymentEntry_Page/input__billingName' is present

2024-11-07 21:03:04 - [TEST_STEP][PASSED] - out.println("Begin Record Number: " + row): null

2024-11-07 21:03:04 - [TEST_STEP][PASSED] - today = new java.util.Date(): null

2024-11-07 21:03:04 - [TEST_STEP][PASSED] - println(today): null

2024-11-07 21:03:04 - [TEST_STEP][PASSED] - datText = today: null

2024-11-07 21:03:04 - [TEST_STEP][PASSED] - logInfo("Payment Type: Existing Liability with Notice/Invoice Number"): Payment Type: Existing Liability with Notice/Invoice Number

2024-11-07 21:03:04 - [MESSAGE][INFO] - Payment Type: Existing Liability with Notice/Invoice Number

2024-11-07 21:03:04 - [TEST_STEP][PASSED] - logInfo("Tax Type: " + TaxType): Tax Type: Transportation Network Services

2024-11-07 21:03:04 - [MESSAGE][INFO] - Tax Type: Transportation Network Services

2024-11-07 21:03:04 - [TEST_STEP][PASSED] - openBrowser(""): Browser is opened with url: ''

2024-11-07 21:03:04 - [MESSAGE][WARNING] - A browser is already opened. Closing browser and opening a new one

2024-11-07 21:03:06 - [MESSAGE][INFO] - Starting 'Chrome' driver

2024-11-07 21:03:06 - [MESSAGE][INFO] - User set preference: ['acceptInsecureCerts', 'true']

2024-11-07 21:03:06 - [MESSAGE][INFO] - Action delay is set to 0 milliseconds

2024-11-07 21:03:08 - [MESSAGE][PASSED] - Browser is opened with url: ''

2024-11-07 21:03:08 - [TEST_STEP][PASSED] - maximizeWindow(): Current window maximized

2024-11-07 21:03:08 - [MESSAGE][PASSED] - Current window maximized

2024-11-07 21:03:08 - [TEST_STEP][PASSED] - navigateToUrl(RADurl): Navigate to 'https://www.velocitypayment.com/client/rad/index.html' successfully

2024-11-07 21:03:10 - [MESSAGE][PASSED] - Navigate to 'https://www.velocitypayment.com/client/rad/index.html' successfully

2024-11-07 21:03:10 - [TEST_STEP][PASSED] - selectOptionByLabel(findTestObject(orPath_Landing + "/dd_TaxType"), "Existing Liability with Notice/Invoice Number", false): All options with label 'Existing Liability with Notice/Invoice Number' are selected in object 'Object Repository/RAD_Pages/Landing_Page/dd_TaxType' 

2024-11-07 21:03:10 - [MESSAGE][PASSED] - All options with label 'Existing Liability with Notice/Invoice Number' are selected in object 'Object Repository/RAD_Pages/Landing_Page/dd_TaxType' 

2024-11-07 21:03:10 - [TEST_STEP][PASSED] - selectOptionByLabel(findTestObject(orPath_TaxTypeFilingYear + "/select_TaxType_ExistingLiability"), TaxType, false): All options with label 'Transportation Network Services' are selected in object 'Object Repository/RAD_Pages/TaxTypeFilingYear_Page/select_TaxType_ExistingLiability' 

2024-11-07 21:03:11 - [MESSAGE][PASSED] - All options with label 'Transportation Network Services' are selected in object 'Object Repository/RAD_Pages/TaxTypeFilingYear_Page/select_TaxType_ExistingLiability' 

2024-11-07 21:03:11 - [TEST_STEP][PASSED] - rad.getSetDataRAD.setDataRADBusinessName(): rad.getSetDataRAD.setDataRADBusinessName is PASSED

2024-11-07 21:03:12 - [MESSAGE][PASSED] - Text 'My Company' is set on object 'Object Repository/RAD_Pages/Taxpayer_Page/input_businessName'

2024-11-07 21:03:12 - [MESSAGE][PASSED] - rad.getSetDataRAD.setDataRADBusinessName is PASSED

2024-11-07 21:03:12 - [TEST_STEP][PASSED] - rad.getSetDataRAD.setDataRADBusinessRep(): rad.getSetDataRAD.setDataRADBusinessRep is PASSED

2024-11-07 21:03:13 - [MESSAGE][PASSED] - Text 'BusRepFname' is set on object 'Object Repository/RAD_Pages/Taxpayer_Page/input_BusinessRepfirstName'

2024-11-07 21:03:13 - [MESSAGE][PASSED] - Text '' is set on object 'Object Repository/RAD_Pages/Taxpayer_Page/input_BusinessRepmiddleName'

2024-11-07 21:03:14 - [MESSAGE][PASSED] - Text 'BusRepLname' is set on object 'Object Repository/RAD_Pages/Taxpayer_Page/input_BusinessReplastName'

2024-11-07 21:03:15 - [MESSAGE][PASSED] - Text '' is set on object 'Object Repository/RAD_Pages/Taxpayer_Page/input_BusinessRepsuffix'

2024-11-07 21:03:15 - [MESSAGE][PASSED] - rad.getSetDataRAD.setDataRADBusinessRep is PASSED

2024-11-07 21:03:15 - [TEST_STEP][PASSED] - rad.getSetDataRAD.setDataRADAddress(): rad.getSetDataRAD.setDataRADAddress is PASSED

2024-11-07 21:03:15 - [MESSAGE][PASSED] - All options with label 'United States' are selected in object 'Object Repository/RAD_Pages/AddressAndContactInfo_Page/select_Country' 

2024-11-07 21:03:16 - [MESSAGE][PASSED] - Text '2508 Mandan Terrace' is set on object 'Object Repository/RAD_Pages/AddressAndContactInfo_Page/input_streetAddress1'

2024-11-07 21:03:17 - [MESSAGE][PASSED] - Text '' is set on object 'Object Repository/RAD_Pages/AddressAndContactInfo_Page/input_streetAddress2'

2024-11-07 21:03:18 - [MESSAGE][PASSED] - Text 'Gambrills' is set on object 'Object Repository/RAD_Pages/AddressAndContactInfo_Page/input_city'

2024-11-07 21:03:18 - [MESSAGE][PASSED] - All options with label 'Maryland' are selected in object 'Object Repository/RAD_Pages/AddressAndContactInfo_Page/select_State' 

2024-11-07 21:03:20 - [MESSAGE][PASSED] - Text '21054' is set on object 'Object Repository/RAD_Pages/AddressAndContactInfo_Page/input_zipCode'

2024-11-07 21:03:21 - [MESSAGE][PASSED] - Text '(703) 894-5000' is set on object 'Object Repository/RAD_Pages/AddressAndContactInfo_Page/input_phoneNumber'

2024-11-07 21:03:22 - [MESSAGE][PASSED] - Text 'iahmed@govolution.com' is set on object 'Object Repository/RAD_Pages/AddressAndContactInfo_Page/input_eMailAddress'

2024-11-07 21:03:22 - [MESSAGE][PASSED] - Text 'iahmed@govolution.com' is set on object 'Object Repository/RAD_Pages/AddressAndContactInfo_Page/input_reEnterEMailAddress'

2024-11-07 21:03:22 - [MESSAGE][PASSED] - rad.getSetDataRAD.setDataRADAddress is PASSED

2024-11-07 21:03:22 - [TEST_STEP][PASSED] - if (feinSsn.equalsIgnoreCase("Y")): null

2024-11-07 21:03:22 - [TEST_STEP][PASSED] - else: Text ****** has been set on object 'Object Repository/RAD_Pages/TaxInfo_Page/input_concat(id(, , data, , ))_Data (1)'

2024-11-07 21:03:22 - [TEST_STEP][PASSED] - setEncryptedText(findTestObject("Object Repository/RAD_Pages/TaxInfo_Page/input_concat(id(, , data, , ))_Data"), "px0FNUagnh7G/CVR/QiY+A=="): Text ****** has been set on object 'Object Repository/RAD_Pages/TaxInfo_Page/input_concat(id(, , data, , ))_Data'

2024-11-07 21:03:23 - [MESSAGE][PASSED] - Text ****** has been set on object 'Object Repository/RAD_Pages/TaxInfo_Page/input_concat(id(, , data, , ))_Data'

2024-11-07 21:03:23 - [TEST_STEP][PASSED] - setEncryptedText(findTestObject("Object Repository/RAD_Pages/TaxInfo_Page/input_concat(id(, , data, , ))_Data (1)"), "px0FNUagnh7G/CVR/QiY+A=="): Text ****** has been set on object 'Object Repository/RAD_Pages/TaxInfo_Page/input_concat(id(, , data, , ))_Data (1)'

2024-11-07 21:03:24 - [MESSAGE][PASSED] - Text ****** has been set on object 'Object Repository/RAD_Pages/TaxInfo_Page/input_concat(id(, , data, , ))_Data (1)'

2024-11-07 21:03:24 - [TEST_STEP][PASSED] - rad.getSetDataRAD.setDataRADNoticeInvoiceThirteen(): rad.getSetDataRAD.setDataRADNoticeInvoiceThirteen is PASSED

2024-11-07 21:03:25 - [MESSAGE][PASSED] - Text '1234567890123' is set on object 'Object Repository/RAD_Pages/TaxInfo_Page/input_NoticeInvoiceNumber'

2024-11-07 21:03:26 - [MESSAGE][PASSED] - Text '1234567890123' is set on object 'Object Repository/RAD_Pages/TaxInfo_Page/input_reTypeNoticeInvoiceNumber'

2024-11-07 21:03:26 - [MESSAGE][PASSED] - rad.getSetDataRAD.setDataRADNoticeInvoiceThirteen is PASSED

2024-11-07 21:03:26 - [TEST_STEP][PASSED] - if (MFLicNum.equalsIgnoreCase("Y")): null

2024-11-07 21:03:26 - [TEST_STEP][PASSED] - if (CRN.equalsIgnoreCase("Y")): rad.getSetDataRAD.setDataExistingRADMDCRN is PASSED

2024-11-07 21:03:26 - [TEST_STEP][PASSED] - rad.getSetDataRAD.setDataExistingRADMDCRN(): rad.getSetDataRAD.setDataExistingRADMDCRN is PASSED

2024-11-07 21:03:27 - [MESSAGE][PASSED] - Text '07640126' is set on object 'Object Repository/RAD_Pages/TaxInfo_Page/input_MDCRegistrationEL'

2024-11-07 21:03:27 - [MESSAGE][PASSED] - rad.getSetDataRAD.setDataExistingRADMDCRN is PASSED

2024-11-07 21:03:27 - [TEST_STEP][PASSED] - setText(findTestObject(orPath_Amount + "/input__paymentAmount"), "100.00"): Text '100.00' is set on object 'Object Repository/RAD_Pages/PaymentAmount_Page/input__paymentAmount'

2024-11-07 21:03:27 - [MESSAGE][PASSED] - Text '100.00' is set on object 'Object Repository/RAD_Pages/PaymentAmount_Page/input__paymentAmount'

2024-11-07 21:03:27 - [TEST_STEP][PASSED] - setText(findTestObject(orPath_AddressContact + "/input_streetAddress2"), ""): Text '' is set on object 'Object Repository/RAD_Pages/AddressAndContactInfo_Page/input_streetAddress2'

2024-11-07 21:03:28 - [MESSAGE][PASSED] - Text '' is set on object 'Object Repository/RAD_Pages/AddressAndContactInfo_Page/input_streetAddress2'

2024-11-07 21:03:28 - [TEST_STEP][PASSED] - scrollToElement(findTestObject(orPath_Landing + "/button_Continue"), 3): Scroll to object 'Object Repository/RAD_Pages/Landing_Page/button_Continue' successfully

2024-11-07 21:03:28 - [MESSAGE][PASSED] - Scroll to object 'Object Repository/RAD_Pages/Landing_Page/button_Continue' successfully

2024-11-07 21:03:28 - [TEST_STEP][PASSED] - waitForElementClickable(findTestObject(orPath_Landing + "/button_Continue"), 5): Object 'Object Repository/RAD_Pages/Landing_Page/button_Continue' is clickable

2024-11-07 21:03:29 - [MESSAGE][PASSED] - Object 'Object Repository/RAD_Pages/Landing_Page/button_Continue' is clickable

2024-11-07 21:03:29 - [TEST_STEP][PASSED] - click(findTestObject(orPath_Landing + "/button_Continue")): Object: 'Object Repository/RAD_Pages/Landing_Page/button_Continue' is clicked on

2024-11-07 21:03:29 - [MESSAGE][PASSED] - Object: 'Object Repository/RAD_Pages/Landing_Page/button_Continue' is clicked on

2024-11-07 21:03:29 - [TEST_STEP][PASSED] - delay(2): Delayed 2 second(s)

2024-11-07 21:03:31 - [MESSAGE][PASSED] - Delayed 2 second(s)

2024-11-07 21:03:31 - [TEST_STEP][PASSED] - verifyTextPresent("Summary", true): Text 'Summary' is present on page  using regular expression

2024-11-07 21:03:32 - [MESSAGE][PASSED] - Text 'Summary' is present on page  using regular expression

2024-11-07 21:03:32 - [TEST_STEP][PASSED] - verifyTextPresent("Review the information below and make any necessary corrections by clicking the", true): Text 'Review the information below and make any necessary corrections by clicking the' is present on page  using regular expression

2024-11-07 21:03:32 - [MESSAGE][PASSED] - Text 'Review the information below and make any necessary corrections by clicking the' is present on page  using regular expression

2024-11-07 21:03:32 - [TEST_STEP][PASSED] - verifyTextPresent("When you are confident that all the information is correct, click the", true): Text 'When you are confident that all the information is correct, click the' is present on page  using regular expression

2024-11-07 21:03:32 - [MESSAGE][PASSED] - Text 'When you are confident that all the information is correct, click the' is present on page  using regular expression

2024-11-07 21:03:32 - [TEST_STEP][PASSED] - verifyTextPresent("Payment Type/Filing Year", true): Text 'Payment Type/Filing Year' is present on page  using regular expression

2024-11-07 21:03:33 - [MESSAGE][PASSED] - Text 'Payment Type/Filing Year' is present on page  using regular expression

2024-11-07 21:03:33 - [TEST_STEP][PASSED] - verifyTextPresent("Payment Type:", true): Text 'Payment Type:' is present on page  using regular expression

2024-11-07 21:03:33 - [MESSAGE][PASSED] - Text 'Payment Type:' is present on page  using regular expression

2024-11-07 21:03:33 - [TEST_STEP][PASSED] - verifyTextPresent("Existing Liability with Notice/Invoice Number", true): Text 'Existing Liability with Notice/Invoice Number' is present on page  using regular expression

2024-11-07 21:03:33 - [MESSAGE][PASSED] - Text 'Existing Liability with Notice/Invoice Number' is present on page  using regular expression

2024-11-07 21:03:33 - [TEST_STEP][PASSED] - verifyTextPresent("Payer Information", true): Text 'Payer Information' is present on page  using regular expression

2024-11-07 21:03:34 - [MESSAGE][PASSED] - Text 'Payer Information' is present on page  using regular expression

2024-11-07 21:03:34 - [TEST_STEP][PASSED] - verifyTextPresent("Taxpayer Name:", true): Text 'Taxpayer Name:' is present on page  using regular expression

2024-11-07 21:03:34 - [MESSAGE][PASSED] - Text 'Taxpayer Name:' is present on page  using regular expression

2024-11-07 21:03:34 - [TEST_STEP][PASSED] - if (!(TaxType.equalsIgnoreCase("Sales & Use Tax"))): Text 'My Company' is present on page  using regular expression

2024-11-07 21:03:34 - [TEST_STEP][PASSED] - verifyTextPresent("My Company", true): Text 'My Company' is present on page  using regular expression

2024-11-07 21:03:34 - [MESSAGE][PASSED] - Text 'My Company' is present on page  using regular expression

2024-11-07 21:03:34 - [TEST_STEP][PASSED] - verifyTextPresent("Business Rep Name:", true): Text 'Business Rep Name:' is present on page  using regular expression

2024-11-07 21:03:35 - [MESSAGE][PASSED] - Text 'Business Rep Name:' is present on page  using regular expression

2024-11-07 21:03:35 - [TEST_STEP][PASSED] - verifyTextPresent("BusRepFname BusRepLname", true): Text 'BusRepFname BusRepLname' is present on page  using regular expression

2024-11-07 21:03:35 - [MESSAGE][PASSED] - Text 'BusRepFname BusRepLname' is present on page  using regular expression

2024-11-07 21:03:35 - [TEST_STEP][PASSED] - verifyTextPresent("Taxpayer Address:", true): Text 'Taxpayer Address:' is present on page  using regular expression

2024-11-07 21:03:35 - [MESSAGE][PASSED] - Text 'Taxpayer Address:' is present on page  using regular expression

2024-11-07 21:03:35 - [TEST_STEP][PASSED] - verifyTextPresent("2508 Mandan Terrace Gambrills Maryland 21054", true): Text '2508 Mandan Terrace Gambrills Maryland 21054' is present on page  using regular expression

2024-11-07 21:03:36 - [MESSAGE][PASSED] - Text '2508 Mandan Terrace Gambrills Maryland 21054' is present on page  using regular expression

2024-11-07 21:03:36 - [TEST_STEP][PASSED] - verifyTextPresent("Email:", true): Text 'Email:' is present on page  using regular expression

2024-11-07 21:03:36 - [MESSAGE][PASSED] - Text 'Email:' is present on page  using regular expression

2024-11-07 21:03:36 - [TEST_STEP][PASSED] - verifyTextPresent("iahmed@govolution.com", true): Text 'iahmed@govolution.com' is present on page  using regular expression

2024-11-07 21:03:36 - [MESSAGE][PASSED] - Text 'iahmed@govolution.com' is present on page  using regular expression

2024-11-07 21:03:36 - [TEST_STEP][PASSED] - verifyTextPresent("Phone:", true): Text 'Phone:' is present on page  using regular expression

2024-11-07 21:03:37 - [MESSAGE][PASSED] - Text 'Phone:' is present on page  using regular expression

2024-11-07 21:03:37 - [TEST_STEP][PASSED] - verifyTextPresent("(703) 894-5000", false): Text '(703) 894-5000' is present on page 

2024-11-07 21:03:37 - [MESSAGE][PASSED] - Text '(703) 894-5000' is present on page 

2024-11-07 21:03:37 - [TEST_STEP][PASSED] - verifyTextPresent("Tax Information", true): Text 'Tax Information' is present on page  using regular expression

2024-11-07 21:03:37 - [MESSAGE][PASSED] - Text 'Tax Information' is present on page  using regular expression

2024-11-07 21:03:37 - [TEST_STEP][PASSED] - if (feinSsn.equalsIgnoreCase("Y")): null

2024-11-07 21:03:37 - [TEST_STEP][PASSED] - else: Text 'FEIN/SSN:' is not present on page using regular expression

2024-11-07 21:03:37 - [TEST_STEP][PASSED] - verifyTextPresent("Federal EIN:", true): Text 'Federal EIN:' is present on page  using regular expression

2024-11-07 21:03:38 - [MESSAGE][PASSED] - Text 'Federal EIN:' is present on page  using regular expression

2024-11-07 21:03:38 - [TEST_STEP][PASSED] - verifyTextNotPresent("FEIN/SSN:", true): Text 'FEIN/SSN:' is not present on page using regular expression

2024-11-07 21:03:38 - [MESSAGE][PASSED] - Text 'FEIN/SSN:' is not present on page using regular expression

2024-11-07 21:03:38 - [TEST_STEP][PASSED] - verifyTextPresent("XXXXX0532", true): Text 'XXXXX0532' is present on page  using regular expression

2024-11-07 21:03:38 - [MESSAGE][PASSED] - Text 'XXXXX0532' is present on page  using regular expression

2024-11-07 21:03:38 - [TEST_STEP][PASSED] - verifyTextPresent("Notice Or Invoice Number:", true): Text 'Notice Or Invoice Number:' is present on page  using regular expression

2024-11-07 21:03:39 - [MESSAGE][PASSED] - Text 'Notice Or Invoice Number:' is present on page  using regular expression

2024-11-07 21:03:39 - [TEST_STEP][PASSED] - verifyTextPresent("1234567890123", true): Text '1234567890123' is present on page  using regular expression

2024-11-07 21:03:39 - [MESSAGE][PASSED] - Text '1234567890123' is present on page  using regular expression

2024-11-07 21:03:39 - [TEST_STEP][PASSED] - verifyTextPresent("Tax Type:", true): Text 'Tax Type:' is present on page  using regular expression

2024-11-07 21:03:39 - [MESSAGE][PASSED] - Text 'Tax Type:' is present on page  using regular expression

2024-11-07 21:03:39 - [TEST_STEP][PASSED] - verifyTextPresent(TaxType, true): Text 'Transportation Network Services' is present on page  using regular expression

2024-11-07 21:03:39 - [MESSAGE][PASSED] - Text 'Transportation Network Services' is present on page  using regular expression

2024-11-07 21:03:39 - [TEST_STEP][PASSED] - if (CRN.equalsIgnoreCase("Y")): Text '07640126' is present on page  using regular expression

2024-11-07 21:03:39 - [TEST_STEP][PASSED] - verifyTextPresent("MD Central Registration Number#:", true): Text 'MD Central Registration Number#:' is present on page  using regular expression

2024-11-07 21:03:40 - [MESSAGE][PASSED] - Text 'MD Central Registration Number#:' is present on page  using regular expression

2024-11-07 21:03:40 - [TEST_STEP][PASSED] - verifyTextPresent("07640126", true): Text '07640126' is present on page  using regular expression

2024-11-07 21:03:40 - [MESSAGE][PASSED] - Text '07640126' is present on page  using regular expression

2024-11-07 21:03:40 - [TEST_STEP][PASSED] - if (MFLicNum.equalsIgnoreCase("Y")): null

2024-11-07 21:03:40 - [TEST_STEP][PASSED] - verifyTextPresent("Payment Amount:", true): Text 'Payment Amount:' is present on page  using regular expression

2024-11-07 21:03:40 - [MESSAGE][PASSED] - Text 'Payment Amount:' is present on page  using regular expression

2024-11-07 21:03:40 - [TEST_STEP][PASSED] - verifyTextPresent("100.00", true): Text '100.00' is present on page  using regular expression

2024-11-07 21:03:41 - [MESSAGE][PASSED] - Text '100.00' is present on page  using regular expression

2024-11-07 21:03:41 - [TEST_STEP][PASSED] - if (verifyElementVisible(findTestObject(orPath_Summary + "/button_Proceed to Payment"))): null

2024-11-07 21:03:41 - [MESSAGE][PASSED] - Object 'Object Repository/RAD_Pages/Summary_Page/button_Proceed to Payment' is visible

2024-11-07 21:03:41 - [TEST_STEP][PASSED] - resText = "Pass": null

2024-11-07 21:03:41 - [TEST_STEP][PASSED] - pages.WriteExcel.demoKey(resText, datText, resColumn, datCloumn, fileLoc, nameSheet, row): pages.WriteExcel.demoKey is PASSED

2024-11-07 21:03:41 - [MESSAGE][PASSED] - pages.WriteExcel.demoKey is PASSED

2024-11-07 21:03:41 - [TEST_STEP][PASSED] - click(findTestObject(orPath_Summary + "/button_Proceed to Payment")): Object: 'Object Repository/RAD_Pages/Summary_Page/button_Proceed to Payment' is clicked on

2024-11-07 21:03:45 - [MESSAGE][PASSED] - Object: 'Object Repository/RAD_Pages/Summary_Page/button_Proceed to Payment' is clicked on

2024-11-07 21:03:45 - [TEST_STEP][PASSED] - verifyElementPresent(findTestObject("Object Repository/RAD_Pages/PaymentEntry_Page/input__billingName"), 30): Object 'Object Repository/RAD_Pages/PaymentEntry_Page/input__billingName' is present

2024-11-07 21:03:45 - [MESSAGE][PASSED] - Object 'Object Repository/RAD_Pages/PaymentEntry_Page/input__billingName' is present

2024-11-07 21:03:45 - [TEST_STEP][PASSED] - ExecuteTC = findTestData(dataFile).getValue("Execute", row): null

2024-11-07 21:03:45 - [TEST_STEP][PASSED] - TaxType = findTestData(dataFile).getValue("TaxType", row): null

2024-11-07 21:03:45 - [TEST_STEP][PASSED] - PaymentType = findTestData(dataFile).getValue("PaymentType", row): null

2024-11-07 21:03:45 - [TEST_STEP][PASSED] - feinSsn = findTestData(dataFile).getValue("FEINSSN", row): null

2024-11-07 21:03:45 - [TEST_STEP][PASSED] - CRN = findTestData(dataFile).getValue("CRN", row): null

2024-11-07 21:03:45 - [TEST_STEP][PASSED] - MFLicNum = findTestData(dataFile).getValue("MFLicNum", row): null

2024-11-07 21:03:46 - [TEST_STEP][PASSED] - if (ExecuteTC.equalsIgnoreCase("Y")): Object 'Object Repository/RAD_Pages/PaymentEntry_Page/input__billingName' is present

2024-11-07 21:03:46 - [TEST_STEP][PASSED] - out.println("Begin Record Number: " + row): null

2024-11-07 21:03:46 - [TEST_STEP][PASSED] - today = new java.util.Date(): null

2024-11-07 21:03:46 - [TEST_STEP][PASSED] - println(today): null

2024-11-07 21:03:46 - [TEST_STEP][PASSED] - datText = today: null

2024-11-07 21:03:46 - [TEST_STEP][PASSED] - logInfo("Payment Type: Existing Liability with Notice/Invoice Number"): Payment Type: Existing Liability with Notice/Invoice Number

2024-11-07 21:03:46 - [MESSAGE][INFO] - Payment Type: Existing Liability with Notice/Invoice Number

2024-11-07 21:03:46 - [TEST_STEP][PASSED] - logInfo("Tax Type: " + TaxType): Tax Type: Unclaimed Property

2024-11-07 21:03:46 - [MESSAGE][INFO] - Tax Type: Unclaimed Property

2024-11-07 21:03:46 - [TEST_STEP][PASSED] - openBrowser(""): Browser is opened with url: ''

2024-11-07 21:03:46 - [MESSAGE][WARNING] - A browser is already opened. Closing browser and opening a new one

2024-11-07 21:03:48 - [MESSAGE][INFO] - Starting 'Chrome' driver

2024-11-07 21:03:48 - [MESSAGE][INFO] - User set preference: ['acceptInsecureCerts', 'true']

2024-11-07 21:03:48 - [MESSAGE][INFO] - Action delay is set to 0 milliseconds

2024-11-07 21:03:50 - [MESSAGE][PASSED] - Browser is opened with url: ''

2024-11-07 21:03:50 - [TEST_STEP][PASSED] - maximizeWindow(): Current window maximized

2024-11-07 21:03:50 - [MESSAGE][PASSED] - Current window maximized

2024-11-07 21:03:50 - [TEST_STEP][PASSED] - navigateToUrl(RADurl): Navigate to 'https://www.velocitypayment.com/client/rad/index.html' successfully

2024-11-07 21:03:52 - [MESSAGE][PASSED] - Navigate to 'https://www.velocitypayment.com/client/rad/index.html' successfully

2024-11-07 21:03:52 - [TEST_STEP][PASSED] - selectOptionByLabel(findTestObject(orPath_Landing + "/dd_TaxType"), "Existing Liability with Notice/Invoice Number", false): All options with label 'Existing Liability with Notice/Invoice Number' are selected in object 'Object Repository/RAD_Pages/Landing_Page/dd_TaxType' 

2024-11-07 21:03:53 - [MESSAGE][PASSED] - All options with label 'Existing Liability with Notice/Invoice Number' are selected in object 'Object Repository/RAD_Pages/Landing_Page/dd_TaxType' 

2024-11-07 21:03:53 - [TEST_STEP][PASSED] - selectOptionByLabel(findTestObject(orPath_TaxTypeFilingYear + "/select_TaxType_ExistingLiability"), TaxType, false): All options with label 'Unclaimed Property' are selected in object 'Object Repository/RAD_Pages/TaxTypeFilingYear_Page/select_TaxType_ExistingLiability' 

2024-11-07 21:03:53 - [MESSAGE][PASSED] - All options with label 'Unclaimed Property' are selected in object 'Object Repository/RAD_Pages/TaxTypeFilingYear_Page/select_TaxType_ExistingLiability' 

2024-11-07 21:03:53 - [TEST_STEP][PASSED] - rad.getSetDataRAD.setDataRADBusinessName(): rad.getSetDataRAD.setDataRADBusinessName is PASSED

2024-11-07 21:03:54 - [MESSAGE][PASSED] - Text 'My Company' is set on object 'Object Repository/RAD_Pages/Taxpayer_Page/input_businessName'

2024-11-07 21:03:54 - [MESSAGE][PASSED] - rad.getSetDataRAD.setDataRADBusinessName is PASSED

2024-11-07 21:03:54 - [TEST_STEP][PASSED] - rad.getSetDataRAD.setDataRADBusinessRep(): rad.getSetDataRAD.setDataRADBusinessRep is PASSED

2024-11-07 21:03:55 - [MESSAGE][PASSED] - Text 'BusRepFname' is set on object 'Object Repository/RAD_Pages/Taxpayer_Page/input_BusinessRepfirstName'

2024-11-07 21:03:56 - [MESSAGE][PASSED] - Text '' is set on object 'Object Repository/RAD_Pages/Taxpayer_Page/input_BusinessRepmiddleName'

2024-11-07 21:03:57 - [MESSAGE][PASSED] - Text 'BusRepLname' is set on object 'Object Repository/RAD_Pages/Taxpayer_Page/input_BusinessReplastName'

2024-11-07 21:03:57 - [MESSAGE][PASSED] - Text '' is set on object 'Object Repository/RAD_Pages/Taxpayer_Page/input_BusinessRepsuffix'

2024-11-07 21:03:57 - [MESSAGE][PASSED] - rad.getSetDataRAD.setDataRADBusinessRep is PASSED

2024-11-07 21:03:57 - [TEST_STEP][PASSED] - rad.getSetDataRAD.setDataRADAddress(): rad.getSetDataRAD.setDataRADAddress is PASSED

2024-11-07 21:03:58 - [MESSAGE][PASSED] - All options with label 'United States' are selected in object 'Object Repository/RAD_Pages/AddressAndContactInfo_Page/select_Country' 

2024-11-07 21:03:59 - [MESSAGE][PASSED] - Text '2508 Mandan Terrace' is set on object 'Object Repository/RAD_Pages/AddressAndContactInfo_Page/input_streetAddress1'

2024-11-07 21:04:00 - [MESSAGE][PASSED] - Text '' is set on object 'Object Repository/RAD_Pages/AddressAndContactInfo_Page/input_streetAddress2'

2024-11-07 21:04:00 - [MESSAGE][PASSED] - Text 'Gambrills' is set on object 'Object Repository/RAD_Pages/AddressAndContactInfo_Page/input_city'

2024-11-07 21:04:01 - [MESSAGE][PASSED] - All options with label 'Maryland' are selected in object 'Object Repository/RAD_Pages/AddressAndContactInfo_Page/select_State' 

2024-11-07 21:04:02 - [MESSAGE][PASSED] - Text '21054' is set on object 'Object Repository/RAD_Pages/AddressAndContactInfo_Page/input_zipCode'

2024-11-07 21:04:03 - [MESSAGE][PASSED] - Text '(703) 894-5000' is set on object 'Object Repository/RAD_Pages/AddressAndContactInfo_Page/input_phoneNumber'

2024-11-07 21:04:04 - [MESSAGE][PASSED] - Text 'iahmed@govolution.com' is set on object 'Object Repository/RAD_Pages/AddressAndContactInfo_Page/input_eMailAddress'

2024-11-07 21:04:05 - [MESSAGE][PASSED] - Text 'iahmed@govolution.com' is set on object 'Object Repository/RAD_Pages/AddressAndContactInfo_Page/input_reEnterEMailAddress'

2024-11-07 21:04:05 - [MESSAGE][PASSED] - rad.getSetDataRAD.setDataRADAddress is PASSED

2024-11-07 21:04:05 - [TEST_STEP][PASSED] - if (feinSsn.equalsIgnoreCase("Y")): null

2024-11-07 21:04:05 - [TEST_STEP][PASSED] - else: Text ****** has been set on object 'Object Repository/RAD_Pages/TaxInfo_Page/input_concat(id(, , data, , ))_Data (1)'

2024-11-07 21:04:05 - [TEST_STEP][PASSED] - setEncryptedText(findTestObject("Object Repository/RAD_Pages/TaxInfo_Page/input_concat(id(, , data, , ))_Data"), "px0FNUagnh7G/CVR/QiY+A=="): Text ****** has been set on object 'Object Repository/RAD_Pages/TaxInfo_Page/input_concat(id(, , data, , ))_Data'

2024-11-07 21:04:06 - [MESSAGE][PASSED] - Text ****** has been set on object 'Object Repository/RAD_Pages/TaxInfo_Page/input_concat(id(, , data, , ))_Data'

2024-11-07 21:04:06 - [TEST_STEP][PASSED] - setEncryptedText(findTestObject("Object Repository/RAD_Pages/TaxInfo_Page/input_concat(id(, , data, , ))_Data (1)"), "px0FNUagnh7G/CVR/QiY+A=="): Text ****** has been set on object 'Object Repository/RAD_Pages/TaxInfo_Page/input_concat(id(, , data, , ))_Data (1)'

2024-11-07 21:04:07 - [MESSAGE][PASSED] - Text ****** has been set on object 'Object Repository/RAD_Pages/TaxInfo_Page/input_concat(id(, , data, , ))_Data (1)'

2024-11-07 21:04:07 - [TEST_STEP][PASSED] - rad.getSetDataRAD.setDataRADNoticeInvoiceThirteen(): rad.getSetDataRAD.setDataRADNoticeInvoiceThirteen is PASSED

2024-11-07 21:04:08 - [MESSAGE][PASSED] - Text '1234567890123' is set on object 'Object Repository/RAD_Pages/TaxInfo_Page/input_NoticeInvoiceNumber'

2024-11-07 21:04:09 - [MESSAGE][PASSED] - Text '1234567890123' is set on object 'Object Repository/RAD_Pages/TaxInfo_Page/input_reTypeNoticeInvoiceNumber'

2024-11-07 21:04:09 - [MESSAGE][PASSED] - rad.getSetDataRAD.setDataRADNoticeInvoiceThirteen is PASSED

2024-11-07 21:04:09 - [TEST_STEP][PASSED] - if (MFLicNum.equalsIgnoreCase("Y")): null

2024-11-07 21:04:09 - [TEST_STEP][PASSED] - if (CRN.equalsIgnoreCase("Y")): null

2024-11-07 21:04:09 - [TEST_STEP][PASSED] - setText(findTestObject(orPath_Amount + "/input__paymentAmount"), "100.00"): Text '100.00' is set on object 'Object Repository/RAD_Pages/PaymentAmount_Page/input__paymentAmount'

2024-11-07 21:04:10 - [MESSAGE][PASSED] - Text '100.00' is set on object 'Object Repository/RAD_Pages/PaymentAmount_Page/input__paymentAmount'

2024-11-07 21:04:10 - [TEST_STEP][PASSED] - setText(findTestObject(orPath_AddressContact + "/input_streetAddress2"), ""): Text '' is set on object 'Object Repository/RAD_Pages/AddressAndContactInfo_Page/input_streetAddress2'

2024-11-07 21:04:10 - [MESSAGE][PASSED] - Text '' is set on object 'Object Repository/RAD_Pages/AddressAndContactInfo_Page/input_streetAddress2'

2024-11-07 21:04:10 - [TEST_STEP][PASSED] - scrollToElement(findTestObject(orPath_Landing + "/button_Continue"), 3): Scroll to object 'Object Repository/RAD_Pages/Landing_Page/button_Continue' successfully

2024-11-07 21:04:11 - [MESSAGE][PASSED] - Scroll to object 'Object Repository/RAD_Pages/Landing_Page/button_Continue' successfully

2024-11-07 21:04:11 - [TEST_STEP][PASSED] - waitForElementClickable(findTestObject(orPath_Landing + "/button_Continue"), 5): Object 'Object Repository/RAD_Pages/Landing_Page/button_Continue' is clickable

2024-11-07 21:04:11 - [MESSAGE][PASSED] - Object 'Object Repository/RAD_Pages/Landing_Page/button_Continue' is clickable

2024-11-07 21:04:11 - [TEST_STEP][PASSED] - click(findTestObject(orPath_Landing + "/button_Continue")): Object: 'Object Repository/RAD_Pages/Landing_Page/button_Continue' is clicked on

2024-11-07 21:04:12 - [MESSAGE][PASSED] - Object: 'Object Repository/RAD_Pages/Landing_Page/button_Continue' is clicked on

2024-11-07 21:04:12 - [TEST_STEP][PASSED] - delay(2): Delayed 2 second(s)

2024-11-07 21:04:14 - [MESSAGE][PASSED] - Delayed 2 second(s)

2024-11-07 21:04:14 - [TEST_STEP][PASSED] - verifyTextPresent("Summary", true): Text 'Summary' is present on page  using regular expression

2024-11-07 21:04:14 - [MESSAGE][PASSED] - Text 'Summary' is present on page  using regular expression

2024-11-07 21:04:14 - [TEST_STEP][PASSED] - verifyTextPresent("Review the information below and make any necessary corrections by clicking the", true): Text 'Review the information below and make any necessary corrections by clicking the' is present on page  using regular expression

2024-11-07 21:04:14 - [MESSAGE][PASSED] - Text 'Review the information below and make any necessary corrections by clicking the' is present on page  using regular expression

2024-11-07 21:04:14 - [TEST_STEP][PASSED] - verifyTextPresent("When you are confident that all the information is correct, click the", true): Text 'When you are confident that all the information is correct, click the' is present on page  using regular expression

2024-11-07 21:04:15 - [MESSAGE][PASSED] - Text 'When you are confident that all the information is correct, click the' is present on page  using regular expression

2024-11-07 21:04:15 - [TEST_STEP][PASSED] - verifyTextPresent("Payment Type/Filing Year", true): Text 'Payment Type/Filing Year' is present on page  using regular expression

2024-11-07 21:04:15 - [MESSAGE][PASSED] - Text 'Payment Type/Filing Year' is present on page  using regular expression

2024-11-07 21:04:15 - [TEST_STEP][PASSED] - verifyTextPresent("Payment Type:", true): Text 'Payment Type:' is present on page  using regular expression

2024-11-07 21:04:15 - [MESSAGE][PASSED] - Text 'Payment Type:' is present on page  using regular expression

2024-11-07 21:04:15 - [TEST_STEP][PASSED] - verifyTextPresent("Existing Liability with Notice/Invoice Number", true): Text 'Existing Liability with Notice/Invoice Number' is present on page  using regular expression

2024-11-07 21:04:15 - [MESSAGE][PASSED] - Text 'Existing Liability with Notice/Invoice Number' is present on page  using regular expression

2024-11-07 21:04:15 - [TEST_STEP][PASSED] - verifyTextPresent("Payer Information", true): Text 'Payer Information' is present on page  using regular expression

2024-11-07 21:04:16 - [MESSAGE][PASSED] - Text 'Payer Information' is present on page  using regular expression

2024-11-07 21:04:16 - [TEST_STEP][PASSED] - verifyTextPresent("Taxpayer Name:", true): Text 'Taxpayer Name:' is present on page  using regular expression

2024-11-07 21:04:16 - [MESSAGE][PASSED] - Text 'Taxpayer Name:' is present on page  using regular expression

2024-11-07 21:04:16 - [TEST_STEP][PASSED] - if (!(TaxType.equalsIgnoreCase("Sales & Use Tax"))): Text 'My Company' is present on page  using regular expression

2024-11-07 21:04:16 - [TEST_STEP][PASSED] - verifyTextPresent("My Company", true): Text 'My Company' is present on page  using regular expression

2024-11-07 21:04:16 - [MESSAGE][PASSED] - Text 'My Company' is present on page  using regular expression

2024-11-07 21:04:16 - [TEST_STEP][PASSED] - verifyTextPresent("Business Rep Name:", true): Text 'Business Rep Name:' is present on page  using regular expression

2024-11-07 21:04:17 - [MESSAGE][PASSED] - Text 'Business Rep Name:' is present on page  using regular expression

2024-11-07 21:04:17 - [TEST_STEP][PASSED] - verifyTextPresent("BusRepFname BusRepLname", true): Text 'BusRepFname BusRepLname' is present on page  using regular expression

2024-11-07 21:04:17 - [MESSAGE][PASSED] - Text 'BusRepFname BusRepLname' is present on page  using regular expression

2024-11-07 21:04:17 - [TEST_STEP][PASSED] - verifyTextPresent("Taxpayer Address:", true): Text 'Taxpayer Address:' is present on page  using regular expression

2024-11-07 21:04:17 - [MESSAGE][PASSED] - Text 'Taxpayer Address:' is present on page  using regular expression

2024-11-07 21:04:17 - [TEST_STEP][PASSED] - verifyTextPresent("2508 Mandan Terrace Gambrills Maryland 21054", true): Text '2508 Mandan Terrace Gambrills Maryland 21054' is present on page  using regular expression

2024-11-07 21:04:18 - [MESSAGE][PASSED] - Text '2508 Mandan Terrace Gambrills Maryland 21054' is present on page  using regular expression

2024-11-07 21:04:18 - [TEST_STEP][PASSED] - verifyTextPresent("Email:", true): Text 'Email:' is present on page  using regular expression

2024-11-07 21:04:18 - [MESSAGE][PASSED] - Text 'Email:' is present on page  using regular expression

2024-11-07 21:04:18 - [TEST_STEP][PASSED] - verifyTextPresent("iahmed@govolution.com", true): Text 'iahmed@govolution.com' is present on page  using regular expression

2024-11-07 21:04:18 - [MESSAGE][PASSED] - Text 'iahmed@govolution.com' is present on page  using regular expression

2024-11-07 21:04:18 - [TEST_STEP][PASSED] - verifyTextPresent("Phone:", true): Text 'Phone:' is present on page  using regular expression

2024-11-07 21:04:19 - [MESSAGE][PASSED] - Text 'Phone:' is present on page  using regular expression

2024-11-07 21:04:19 - [TEST_STEP][PASSED] - verifyTextPresent("(703) 894-5000", false): Text '(703) 894-5000' is present on page 

2024-11-07 21:04:19 - [MESSAGE][PASSED] - Text '(703) 894-5000' is present on page 

2024-11-07 21:04:19 - [TEST_STEP][PASSED] - verifyTextPresent("Tax Information", true): Text 'Tax Information' is present on page  using regular expression

2024-11-07 21:04:19 - [MESSAGE][PASSED] - Text 'Tax Information' is present on page  using regular expression

2024-11-07 21:04:19 - [TEST_STEP][PASSED] - if (feinSsn.equalsIgnoreCase("Y")): null

2024-11-07 21:04:19 - [TEST_STEP][PASSED] - else: Text 'FEIN/SSN:' is not present on page using regular expression

2024-11-07 21:04:19 - [TEST_STEP][PASSED] - verifyTextPresent("Federal EIN:", true): Text 'Federal EIN:' is present on page  using regular expression

2024-11-07 21:04:20 - [MESSAGE][PASSED] - Text 'Federal EIN:' is present on page  using regular expression

2024-11-07 21:04:20 - [TEST_STEP][PASSED] - verifyTextNotPresent("FEIN/SSN:", true): Text 'FEIN/SSN:' is not present on page using regular expression

2024-11-07 21:04:20 - [MESSAGE][PASSED] - Text 'FEIN/SSN:' is not present on page using regular expression

2024-11-07 21:04:20 - [TEST_STEP][PASSED] - verifyTextPresent("XXXXX0532", true): Text 'XXXXX0532' is present on page  using regular expression

2024-11-07 21:04:20 - [MESSAGE][PASSED] - Text 'XXXXX0532' is present on page  using regular expression

2024-11-07 21:04:20 - [TEST_STEP][PASSED] - verifyTextPresent("Notice Or Invoice Number:", true): Text 'Notice Or Invoice Number:' is present on page  using regular expression

2024-11-07 21:04:21 - [MESSAGE][PASSED] - Text 'Notice Or Invoice Number:' is present on page  using regular expression

2024-11-07 21:04:21 - [TEST_STEP][PASSED] - verifyTextPresent("1234567890123", true): Text '1234567890123' is present on page  using regular expression

2024-11-07 21:04:21 - [MESSAGE][PASSED] - Text '1234567890123' is present on page  using regular expression

2024-11-07 21:04:21 - [TEST_STEP][PASSED] - verifyTextPresent("Tax Type:", true): Text 'Tax Type:' is present on page  using regular expression

2024-11-07 21:04:21 - [MESSAGE][PASSED] - Text 'Tax Type:' is present on page  using regular expression

2024-11-07 21:04:21 - [TEST_STEP][PASSED] - verifyTextPresent(TaxType, true): Text 'Unclaimed Property' is present on page  using regular expression

2024-11-07 21:04:22 - [MESSAGE][PASSED] - Text 'Unclaimed Property' is present on page  using regular expression

2024-11-07 21:04:22 - [TEST_STEP][PASSED] - if (CRN.equalsIgnoreCase("Y")): null

2024-11-07 21:04:22 - [TEST_STEP][PASSED] - if (MFLicNum.equalsIgnoreCase("Y")): null

2024-11-07 21:04:22 - [TEST_STEP][PASSED] - verifyTextPresent("Payment Amount:", true): Text 'Payment Amount:' is present on page  using regular expression

2024-11-07 21:04:22 - [MESSAGE][PASSED] - Text 'Payment Amount:' is present on page  using regular expression

2024-11-07 21:04:22 - [TEST_STEP][PASSED] - verifyTextPresent("100.00", true): Text '100.00' is present on page  using regular expression

2024-11-07 21:04:22 - [MESSAGE][PASSED] - Text '100.00' is present on page  using regular expression

2024-11-07 21:04:22 - [TEST_STEP][PASSED] - if (verifyElementVisible(findTestObject(orPath_Summary + "/button_Proceed to Payment"))): null

2024-11-07 21:04:23 - [MESSAGE][PASSED] - Object 'Object Repository/RAD_Pages/Summary_Page/button_Proceed to Payment' is visible

2024-11-07 21:04:23 - [TEST_STEP][PASSED] - resText = "Pass": null

2024-11-07 21:04:23 - [TEST_STEP][PASSED] - pages.WriteExcel.demoKey(resText, datText, resColumn, datCloumn, fileLoc, nameSheet, row): pages.WriteExcel.demoKey is PASSED

2024-11-07 21:04:23 - [MESSAGE][PASSED] - pages.WriteExcel.demoKey is PASSED

2024-11-07 21:04:23 - [TEST_STEP][PASSED] - click(findTestObject(orPath_Summary + "/button_Proceed to Payment")): Object: 'Object Repository/RAD_Pages/Summary_Page/button_Proceed to Payment' is clicked on

2024-11-07 21:04:25 - [MESSAGE][PASSED] - Object: 'Object Repository/RAD_Pages/Summary_Page/button_Proceed to Payment' is clicked on

2024-11-07 21:04:25 - [TEST_STEP][PASSED] - verifyElementPresent(findTestObject("Object Repository/RAD_Pages/PaymentEntry_Page/input__billingName"), 30): Object 'Object Repository/RAD_Pages/PaymentEntry_Page/input__billingName' is present

2024-11-07 21:04:26 - [MESSAGE][PASSED] - Object 'Object Repository/RAD_Pages/PaymentEntry_Page/input__billingName' is present

2024-11-07 21:04:26 - [TEST_STEP][PASSED] - ExecuteTC = findTestData(dataFile).getValue("Execute", row): null

2024-11-07 21:04:26 - [TEST_STEP][PASSED] - TaxType = findTestData(dataFile).getValue("TaxType", row): null

2024-11-07 21:04:26 - [TEST_STEP][PASSED] - PaymentType = findTestData(dataFile).getValue("PaymentType", row): null

2024-11-07 21:04:26 - [TEST_STEP][PASSED] - feinSsn = findTestData(dataFile).getValue("FEINSSN", row): null

2024-11-07 21:04:26 - [TEST_STEP][PASSED] - CRN = findTestData(dataFile).getValue("CRN", row): null

2024-11-07 21:04:26 - [TEST_STEP][PASSED] - MFLicNum = findTestData(dataFile).getValue("MFLicNum", row): null

2024-11-07 21:04:26 - [TEST_STEP][PASSED] - if (ExecuteTC.equalsIgnoreCase("Y")): Object 'Object Repository/RAD_Pages/PaymentEntry_Page/input__billingName' is present

2024-11-07 21:04:26 - [TEST_STEP][PASSED] - out.println("Begin Record Number: " + row): null

2024-11-07 21:04:26 - [TEST_STEP][PASSED] - today = new java.util.Date(): null

2024-11-07 21:04:26 - [TEST_STEP][PASSED] - println(today): null

2024-11-07 21:04:26 - [TEST_STEP][PASSED] - datText = today: null

2024-11-07 21:04:26 - [TEST_STEP][PASSED] - logInfo("Payment Type: Existing Liability with Notice/Invoice Number"): Payment Type: Existing Liability with Notice/Invoice Number

2024-11-07 21:04:26 - [MESSAGE][INFO] - Payment Type: Existing Liability with Notice/Invoice Number

2024-11-07 21:04:26 - [TEST_STEP][PASSED] - logInfo("Tax Type: " + TaxType): Tax Type: IFTA Tax

2024-11-07 21:04:26 - [MESSAGE][INFO] - Tax Type: IFTA Tax

2024-11-07 21:04:26 - [TEST_STEP][PASSED] - openBrowser(""): Browser is opened with url: ''

2024-11-07 21:04:26 - [MESSAGE][WARNING] - A browser is already opened. Closing browser and opening a new one

2024-11-07 21:04:28 - [MESSAGE][INFO] - Starting 'Chrome' driver

2024-11-07 21:04:28 - [MESSAGE][INFO] - User set preference: ['acceptInsecureCerts', 'true']

2024-11-07 21:04:28 - [MESSAGE][INFO] - Action delay is set to 0 milliseconds

2024-11-07 21:04:29 - [MESSAGE][PASSED] - Browser is opened with url: ''

2024-11-07 21:04:29 - [TEST_STEP][PASSED] - maximizeWindow(): Current window maximized

2024-11-07 21:04:29 - [MESSAGE][PASSED] - Current window maximized

2024-11-07 21:04:29 - [TEST_STEP][PASSED] - navigateToUrl(RADurl): Navigate to 'https://www.velocitypayment.com/client/rad/index.html' successfully

2024-11-07 21:04:31 - [MESSAGE][PASSED] - Navigate to 'https://www.velocitypayment.com/client/rad/index.html' successfully

2024-11-07 21:04:31 - [TEST_STEP][PASSED] - selectOptionByLabel(findTestObject(orPath_Landing + "/dd_TaxType"), "Existing Liability with Notice/Invoice Number", false): All options with label 'Existing Liability with Notice/Invoice Number' are selected in object 'Object Repository/RAD_Pages/Landing_Page/dd_TaxType' 

2024-11-07 21:04:32 - [MESSAGE][PASSED] - All options with label 'Existing Liability with Notice/Invoice Number' are selected in object 'Object Repository/RAD_Pages/Landing_Page/dd_TaxType' 

2024-11-07 21:04:32 - [TEST_STEP][PASSED] - selectOptionByLabel(findTestObject(orPath_TaxTypeFilingYear + "/select_TaxType_ExistingLiability"), TaxType, false): All options with label 'IFTA Tax' are selected in object 'Object Repository/RAD_Pages/TaxTypeFilingYear_Page/select_TaxType_ExistingLiability' 

2024-11-07 21:04:33 - [MESSAGE][PASSED] - All options with label 'IFTA Tax' are selected in object 'Object Repository/RAD_Pages/TaxTypeFilingYear_Page/select_TaxType_ExistingLiability' 

2024-11-07 21:04:33 - [TEST_STEP][PASSED] - rad.getSetDataRAD.setDataRADBusinessName(): rad.getSetDataRAD.setDataRADBusinessName is PASSED

2024-11-07 21:04:34 - [MESSAGE][PASSED] - Text 'My Company' is set on object 'Object Repository/RAD_Pages/Taxpayer_Page/input_businessName'

2024-11-07 21:04:34 - [MESSAGE][PASSED] - rad.getSetDataRAD.setDataRADBusinessName is PASSED

2024-11-07 21:04:34 - [TEST_STEP][PASSED] - rad.getSetDataRAD.setDataRADBusinessRep(): rad.getSetDataRAD.setDataRADBusinessRep is PASSED

2024-11-07 21:04:34 - [MESSAGE][PASSED] - Text 'BusRepFname' is set on object 'Object Repository/RAD_Pages/Taxpayer_Page/input_BusinessRepfirstName'

2024-11-07 21:04:35 - [MESSAGE][PASSED] - Text '' is set on object 'Object Repository/RAD_Pages/Taxpayer_Page/input_BusinessRepmiddleName'

2024-11-07 21:04:36 - [MESSAGE][PASSED] - Text 'BusRepLname' is set on object 'Object Repository/RAD_Pages/Taxpayer_Page/input_BusinessReplastName'

2024-11-07 21:04:37 - [MESSAGE][PASSED] - Text '' is set on object 'Object Repository/RAD_Pages/Taxpayer_Page/input_BusinessRepsuffix'

2024-11-07 21:04:37 - [MESSAGE][PASSED] - rad.getSetDataRAD.setDataRADBusinessRep is PASSED

2024-11-07 21:04:37 - [TEST_STEP][PASSED] - rad.getSetDataRAD.setDataRADAddress(): rad.getSetDataRAD.setDataRADAddress is PASSED

2024-11-07 21:04:37 - [MESSAGE][PASSED] - All options with label 'United States' are selected in object 'Object Repository/RAD_Pages/AddressAndContactInfo_Page/select_Country' 

2024-11-07 21:04:38 - [MESSAGE][PASSED] - Text '2508 Mandan Terrace' is set on object 'Object Repository/RAD_Pages/AddressAndContactInfo_Page/input_streetAddress1'

2024-11-07 21:04:39 - [MESSAGE][PASSED] - Text '' is set on object 'Object Repository/RAD_Pages/AddressAndContactInfo_Page/input_streetAddress2'

2024-11-07 21:04:39 - [MESSAGE][PASSED] - Text 'Gambrills' is set on object 'Object Repository/RAD_Pages/AddressAndContactInfo_Page/input_city'

2024-11-07 21:04:40 - [MESSAGE][PASSED] - All options with label 'Maryland' are selected in object 'Object Repository/RAD_Pages/AddressAndContactInfo_Page/select_State' 

2024-11-07 21:04:41 - [MESSAGE][PASSED] - Text '21054' is set on object 'Object Repository/RAD_Pages/AddressAndContactInfo_Page/input_zipCode'

2024-11-07 21:04:42 - [MESSAGE][PASSED] - Text '(703) 894-5000' is set on object 'Object Repository/RAD_Pages/AddressAndContactInfo_Page/input_phoneNumber'

2024-11-07 21:04:42 - [MESSAGE][PASSED] - Text 'iahmed@govolution.com' is set on object 'Object Repository/RAD_Pages/AddressAndContactInfo_Page/input_eMailAddress'

2024-11-07 21:04:43 - [MESSAGE][PASSED] - Text 'iahmed@govolution.com' is set on object 'Object Repository/RAD_Pages/AddressAndContactInfo_Page/input_reEnterEMailAddress'

2024-11-07 21:04:43 - [MESSAGE][PASSED] - rad.getSetDataRAD.setDataRADAddress is PASSED

2024-11-07 21:04:43 - [TEST_STEP][PASSED] - if (feinSsn.equalsIgnoreCase("Y")): null

2024-11-07 21:04:43 - [TEST_STEP][PASSED] - else: Text ****** has been set on object 'Object Repository/RAD_Pages/TaxInfo_Page/input_concat(id(, , data, , ))_Data (1)'

2024-11-07 21:04:43 - [TEST_STEP][PASSED] - setEncryptedText(findTestObject("Object Repository/RAD_Pages/TaxInfo_Page/input_concat(id(, , data, , ))_Data"), "px0FNUagnh7G/CVR/QiY+A=="): Text ****** has been set on object 'Object Repository/RAD_Pages/TaxInfo_Page/input_concat(id(, , data, , ))_Data'

2024-11-07 21:04:44 - [MESSAGE][PASSED] - Text ****** has been set on object 'Object Repository/RAD_Pages/TaxInfo_Page/input_concat(id(, , data, , ))_Data'

2024-11-07 21:04:44 - [TEST_STEP][PASSED] - setEncryptedText(findTestObject("Object Repository/RAD_Pages/TaxInfo_Page/input_concat(id(, , data, , ))_Data (1)"), "px0FNUagnh7G/CVR/QiY+A=="): Text ****** has been set on object 'Object Repository/RAD_Pages/TaxInfo_Page/input_concat(id(, , data, , ))_Data (1)'

2024-11-07 21:04:44 - [MESSAGE][PASSED] - Text ****** has been set on object 'Object Repository/RAD_Pages/TaxInfo_Page/input_concat(id(, , data, , ))_Data (1)'

2024-11-07 21:04:44 - [TEST_STEP][PASSED] - rad.getSetDataRAD.setDataRADNoticeInvoiceThirteen(): rad.getSetDataRAD.setDataRADNoticeInvoiceThirteen is PASSED

2024-11-07 21:04:45 - [MESSAGE][PASSED] - Text '1234567890123' is set on object 'Object Repository/RAD_Pages/TaxInfo_Page/input_NoticeInvoiceNumber'

2024-11-07 21:04:46 - [MESSAGE][PASSED] - Text '1234567890123' is set on object 'Object Repository/RAD_Pages/TaxInfo_Page/input_reTypeNoticeInvoiceNumber'

2024-11-07 21:04:46 - [MESSAGE][PASSED] - rad.getSetDataRAD.setDataRADNoticeInvoiceThirteen is PASSED

2024-11-07 21:04:46 - [TEST_STEP][PASSED] - if (MFLicNum.equalsIgnoreCase("Y")): null

2024-11-07 21:04:46 - [TEST_STEP][PASSED] - if (CRN.equalsIgnoreCase("Y")): null

2024-11-07 21:04:46 - [TEST_STEP][PASSED] - setText(findTestObject(orPath_Amount + "/input__paymentAmount"), "100.00"): Text '100.00' is set on object 'Object Repository/RAD_Pages/PaymentAmount_Page/input__paymentAmount'

2024-11-07 21:04:47 - [MESSAGE][PASSED] - Text '100.00' is set on object 'Object Repository/RAD_Pages/PaymentAmount_Page/input__paymentAmount'

2024-11-07 21:04:47 - [TEST_STEP][PASSED] - setText(findTestObject(orPath_AddressContact + "/input_streetAddress2"), ""): Text '' is set on object 'Object Repository/RAD_Pages/AddressAndContactInfo_Page/input_streetAddress2'

2024-11-07 21:04:48 - [MESSAGE][PASSED] - Text '' is set on object 'Object Repository/RAD_Pages/AddressAndContactInfo_Page/input_streetAddress2'

2024-11-07 21:04:48 - [TEST_STEP][PASSED] - scrollToElement(findTestObject(orPath_Landing + "/button_Continue"), 3): Scroll to object 'Object Repository/RAD_Pages/Landing_Page/button_Continue' successfully

2024-11-07 21:04:48 - [MESSAGE][PASSED] - Scroll to object 'Object Repository/RAD_Pages/Landing_Page/button_Continue' successfully

2024-11-07 21:04:48 - [TEST_STEP][PASSED] - waitForElementClickable(findTestObject(orPath_Landing + "/button_Continue"), 5): Object 'Object Repository/RAD_Pages/Landing_Page/button_Continue' is clickable

2024-11-07 21:04:49 - [MESSAGE][PASSED] - Object 'Object Repository/RAD_Pages/Landing_Page/button_Continue' is clickable

2024-11-07 21:04:49 - [TEST_STEP][PASSED] - click(findTestObject(orPath_Landing + "/button_Continue")): Object: 'Object Repository/RAD_Pages/Landing_Page/button_Continue' is clicked on

2024-11-07 21:04:49 - [MESSAGE][PASSED] - Object: 'Object Repository/RAD_Pages/Landing_Page/button_Continue' is clicked on

2024-11-07 21:04:49 - [TEST_STEP][PASSED] - delay(2): Delayed 2 second(s)

2024-11-07 21:04:51 - [MESSAGE][PASSED] - Delayed 2 second(s)

2024-11-07 21:04:51 - [TEST_STEP][PASSED] - verifyTextPresent("Summary", true): Text 'Summary' is present on page  using regular expression

2024-11-07 21:04:51 - [MESSAGE][PASSED] - Text 'Summary' is present on page  using regular expression

2024-11-07 21:04:51 - [TEST_STEP][PASSED] - verifyTextPresent("Review the information below and make any necessary corrections by clicking the", true): Text 'Review the information below and make any necessary corrections by clicking the' is present on page  using regular expression

2024-11-07 21:04:52 - [MESSAGE][PASSED] - Text 'Review the information below and make any necessary corrections by clicking the' is present on page  using regular expression

2024-11-07 21:04:52 - [TEST_STEP][PASSED] - verifyTextPresent("When you are confident that all the information is correct, click the", true): Text 'When you are confident that all the information is correct, click the' is present on page  using regular expression

2024-11-07 21:04:52 - [MESSAGE][PASSED] - Text 'When you are confident that all the information is correct, click the' is present on page  using regular expression

2024-11-07 21:04:52 - [TEST_STEP][PASSED] - verifyTextPresent("Payment Type/Filing Year", true): Text 'Payment Type/Filing Year' is present on page  using regular expression

2024-11-07 21:04:52 - [MESSAGE][PASSED] - Text 'Payment Type/Filing Year' is present on page  using regular expression

2024-11-07 21:04:52 - [TEST_STEP][PASSED] - verifyTextPresent("Payment Type:", true): Text 'Payment Type:' is present on page  using regular expression

2024-11-07 21:04:53 - [MESSAGE][PASSED] - Text 'Payment Type:' is present on page  using regular expression

2024-11-07 21:04:53 - [TEST_STEP][PASSED] - verifyTextPresent("Existing Liability with Notice/Invoice Number", true): Text 'Existing Liability with Notice/Invoice Number' is present on page  using regular expression

2024-11-07 21:04:53 - [MESSAGE][PASSED] - Text 'Existing Liability with Notice/Invoice Number' is present on page  using regular expression

2024-11-07 21:04:53 - [TEST_STEP][PASSED] - verifyTextPresent("Payer Information", true): Text 'Payer Information' is present on page  using regular expression

2024-11-07 21:04:53 - [MESSAGE][PASSED] - Text 'Payer Information' is present on page  using regular expression

2024-11-07 21:04:53 - [TEST_STEP][PASSED] - verifyTextPresent("Taxpayer Name:", true): Text 'Taxpayer Name:' is present on page  using regular expression

2024-11-07 21:04:54 - [MESSAGE][PASSED] - Text 'Taxpayer Name:' is present on page  using regular expression

2024-11-07 21:04:54 - [TEST_STEP][PASSED] - if (!(TaxType.equalsIgnoreCase("Sales & Use Tax"))): Text 'My Company' is present on page  using regular expression

2024-11-07 21:04:54 - [TEST_STEP][PASSED] - verifyTextPresent("My Company", true): Text 'My Company' is present on page  using regular expression

2024-11-07 21:04:54 - [MESSAGE][PASSED] - Text 'My Company' is present on page  using regular expression

2024-11-07 21:04:54 - [TEST_STEP][PASSED] - verifyTextPresent("Business Rep Name:", true): Text 'Business Rep Name:' is present on page  using regular expression

2024-11-07 21:04:54 - [MESSAGE][PASSED] - Text 'Business Rep Name:' is present on page  using regular expression

2024-11-07 21:04:54 - [TEST_STEP][PASSED] - verifyTextPresent("BusRepFname BusRepLname", true): Text 'BusRepFname BusRepLname' is present on page  using regular expression

2024-11-07 21:04:55 - [MESSAGE][PASSED] - Text 'BusRepFname BusRepLname' is present on page  using regular expression

2024-11-07 21:04:55 - [TEST_STEP][PASSED] - verifyTextPresent("Taxpayer Address:", true): Text 'Taxpayer Address:' is present on page  using regular expression

2024-11-07 21:04:55 - [MESSAGE][PASSED] - Text 'Taxpayer Address:' is present on page  using regular expression

2024-11-07 21:04:55 - [TEST_STEP][PASSED] - verifyTextPresent("2508 Mandan Terrace Gambrills Maryland 21054", true): Text '2508 Mandan Terrace Gambrills Maryland 21054' is present on page  using regular expression

2024-11-07 21:04:55 - [MESSAGE][PASSED] - Text '2508 Mandan Terrace Gambrills Maryland 21054' is present on page  using regular expression

2024-11-07 21:04:55 - [TEST_STEP][PASSED] - verifyTextPresent("Email:", true): Text 'Email:' is present on page  using regular expression

2024-11-07 21:04:56 - [MESSAGE][PASSED] - Text 'Email:' is present on page  using regular expression

2024-11-07 21:04:56 - [TEST_STEP][PASSED] - verifyTextPresent("iahmed@govolution.com", true): Text 'iahmed@govolution.com' is present on page  using regular expression

2024-11-07 21:04:56 - [MESSAGE][PASSED] - Text 'iahmed@govolution.com' is present on page  using regular expression

2024-11-07 21:04:56 - [TEST_STEP][PASSED] - verifyTextPresent("Phone:", true): Text 'Phone:' is present on page  using regular expression

2024-11-07 21:04:56 - [MESSAGE][PASSED] - Text 'Phone:' is present on page  using regular expression

2024-11-07 21:04:56 - [TEST_STEP][PASSED] - verifyTextPresent("(703) 894-5000", false): Text '(703) 894-5000' is present on page 

2024-11-07 21:04:57 - [MESSAGE][PASSED] - Text '(703) 894-5000' is present on page 

2024-11-07 21:04:57 - [TEST_STEP][PASSED] - verifyTextPresent("Tax Information", true): Text 'Tax Information' is present on page  using regular expression

2024-11-07 21:04:57 - [MESSAGE][PASSED] - Text 'Tax Information' is present on page  using regular expression

2024-11-07 21:04:57 - [TEST_STEP][PASSED] - if (feinSsn.equalsIgnoreCase("Y")): null

2024-11-07 21:04:57 - [TEST_STEP][PASSED] - else: Text 'FEIN/SSN:' is not present on page using regular expression

2024-11-07 21:04:57 - [TEST_STEP][PASSED] - verifyTextPresent("Federal EIN:", true): Text 'Federal EIN:' is present on page  using regular expression

2024-11-07 21:04:57 - [MESSAGE][PASSED] - Text 'Federal EIN:' is present on page  using regular expression

2024-11-07 21:04:57 - [TEST_STEP][PASSED] - verifyTextNotPresent("FEIN/SSN:", true): Text 'FEIN/SSN:' is not present on page using regular expression

2024-11-07 21:04:58 - [MESSAGE][PASSED] - Text 'FEIN/SSN:' is not present on page using regular expression

2024-11-07 21:04:58 - [TEST_STEP][PASSED] - verifyTextPresent("XXXXX0532", true): Text 'XXXXX0532' is present on page  using regular expression

2024-11-07 21:04:58 - [MESSAGE][PASSED] - Text 'XXXXX0532' is present on page  using regular expression

2024-11-07 21:04:58 - [TEST_STEP][PASSED] - verifyTextPresent("Notice Or Invoice Number:", true): Text 'Notice Or Invoice Number:' is present on page  using regular expression

2024-11-07 21:04:58 - [MESSAGE][PASSED] - Text 'Notice Or Invoice Number:' is present on page  using regular expression

2024-11-07 21:04:58 - [TEST_STEP][PASSED] - verifyTextPresent("1234567890123", true): Text '1234567890123' is present on page  using regular expression

2024-11-07 21:04:59 - [MESSAGE][PASSED] - Text '1234567890123' is present on page  using regular expression

2024-11-07 21:04:59 - [TEST_STEP][PASSED] - verifyTextPresent("Tax Type:", true): Text 'Tax Type:' is present on page  using regular expression

2024-11-07 21:04:59 - [MESSAGE][PASSED] - Text 'Tax Type:' is present on page  using regular expression

2024-11-07 21:04:59 - [TEST_STEP][PASSED] - verifyTextPresent(TaxType, true): Text 'IFTA Tax' is present on page  using regular expression

2024-11-07 21:04:59 - [MESSAGE][PASSED] - Text 'IFTA Tax' is present on page  using regular expression

2024-11-07 21:04:59 - [TEST_STEP][PASSED] - if (CRN.equalsIgnoreCase("Y")): null

2024-11-07 21:04:59 - [TEST_STEP][PASSED] - if (MFLicNum.equalsIgnoreCase("Y")): null

2024-11-07 21:04:59 - [TEST_STEP][PASSED] - verifyTextPresent("Payment Amount:", true): Text 'Payment Amount:' is present on page  using regular expression

2024-11-07 21:05:00 - [MESSAGE][PASSED] - Text 'Payment Amount:' is present on page  using regular expression

2024-11-07 21:05:00 - [TEST_STEP][PASSED] - verifyTextPresent("100.00", true): Text '100.00' is present on page  using regular expression

2024-11-07 21:05:00 - [MESSAGE][PASSED] - Text '100.00' is present on page  using regular expression

2024-11-07 21:05:00 - [TEST_STEP][PASSED] - if (verifyElementVisible(findTestObject(orPath_Summary + "/button_Proceed to Payment"))): null

2024-11-07 21:05:00 - [MESSAGE][PASSED] - Object 'Object Repository/RAD_Pages/Summary_Page/button_Proceed to Payment' is visible

2024-11-07 21:05:00 - [TEST_STEP][PASSED] - resText = "Pass": null

2024-11-07 21:05:00 - [TEST_STEP][PASSED] - pages.WriteExcel.demoKey(resText, datText, resColumn, datCloumn, fileLoc, nameSheet, row): pages.WriteExcel.demoKey is PASSED

2024-11-07 21:05:00 - [MESSAGE][PASSED] - pages.WriteExcel.demoKey is PASSED

2024-11-07 21:05:00 - [TEST_STEP][PASSED] - click(findTestObject(orPath_Summary + "/button_Proceed to Payment")): Object: 'Object Repository/RAD_Pages/Summary_Page/button_Proceed to Payment' is clicked on

2024-11-07 21:05:03 - [MESSAGE][PASSED] - Object: 'Object Repository/RAD_Pages/Summary_Page/button_Proceed to Payment' is clicked on

2024-11-07 21:05:03 - [TEST_STEP][PASSED] - verifyElementPresent(findTestObject("Object Repository/RAD_Pages/PaymentEntry_Page/input__billingName"), 30): Object 'Object Repository/RAD_Pages/PaymentEntry_Page/input__billingName' is present

2024-11-07 21:05:03 - [MESSAGE][PASSED] - Object 'Object Repository/RAD_Pages/PaymentEntry_Page/input__billingName' is present]]></system-out>
         <system-err><![CDATA[]]></system-err>
      </testcase>
      <testcase name="Test Cases/RAD_TestCases/Summary_TestCases/Extension_Summary_TC" time="219.516" classname="Test Cases/RAD_TestCases/Summary_TestCases/Extension_Summary_TC" status="PASSED">
         <system-out><![CDATA[2024-11-07 21:05:03 - [TEST_CASE][PASSED] - Test Cases/RAD_TestCases/Summary_TestCases/Extension_Summary_TC: Test Cases/RAD_TestCases/Summary_TestCases/Extension_Summary_TC

2024-11-07 21:05:04 - [TEST_STEP][PASSED] - resText = "Fail": null

2024-11-07 21:05:04 - [TEST_STEP][PASSED] - resColumn = "Result": null

2024-11-07 21:05:04 - [TEST_STEP][PASSED] - datCloumn = "Date": null

2024-11-07 21:05:04 - [TEST_STEP][PASSED] - fileLoc = "KatalonData/RADTestData/Summary.xlsx": null

2024-11-07 21:05:04 - [TEST_STEP][PASSED] - nameSheet = "Extension": null

2024-11-07 21:05:04 - [TEST_STEP][PASSED] - dataFile = "RADTestData/Summary_Extension": null

2024-11-07 21:05:04 - [TEST_STEP][PASSED] - orPath_Landing = "Object Repository/RAD_Pages/Landing_Page": null

2024-11-07 21:05:04 - [TEST_STEP][PASSED] - orPath_TaxTypeFilingYear = "Object Repository/RAD_Pages/TaxTypeFilingYear_Page": null

2024-11-07 21:05:04 - [TEST_STEP][PASSED] - orPath_Amount = "Object Repository/RAD_Pages/PaymentAmount_Page": null

2024-11-07 21:05:04 - [TEST_STEP][PASSED] - orPath_AddressContact = "Object Repository/RAD_Pages/AddressAndContactInfo_Page": null

2024-11-07 21:05:04 - [TEST_STEP][PASSED] - orPath_Summary = "Object Repository/RAD_Pages/Summary_Page": null

2024-11-07 21:05:04 - [TEST_STEP][PASSED] - orPath_PaymentConfirmation = "Object Repository/RAD_Pages/PaymentConfirmation_Page": null

2024-11-07 21:05:04 - [TEST_STEP][PASSED] - orPath_ServiceFeesAccept = "Object Repository/RAD_Pages/ServiceFeeAccept_Page": null

2024-11-07 21:05:04 - [TEST_STEP][PASSED] - orPath_PaymentEntry = "Object Repository/RAD_Pages/PaymentEntry_Page": null

2024-11-07 21:05:04 - [TEST_STEP][PASSED] - orPath_TaxInfo = "Object Repository/RAD_Pages/TaxInfo_Page": null

2024-11-07 21:05:04 - [TEST_STEP][PASSED] - ExecuteTC = <not implemented yet for class: org.codehaus.groovy.ast.expr.EmptyExpression>: null

2024-11-07 21:05:04 - [TEST_STEP][PASSED] - TaxType = <not implemented yet for class: org.codehaus.groovy.ast.expr.EmptyExpression>: null

2024-11-07 21:05:04 - [TEST_STEP][PASSED] - PaymentType = <not implemented yet for class: org.codehaus.groovy.ast.expr.EmptyExpression>: null

2024-11-07 21:05:04 - [TEST_STEP][PASSED] - FilingYear = <not implemented yet for class: org.codehaus.groovy.ast.expr.EmptyExpression>: null

2024-11-07 21:05:04 - [TEST_STEP][PASSED] - PeriodEndingMonth = <not implemented yet for class: org.codehaus.groovy.ast.expr.EmptyExpression>: null

2024-11-07 21:05:04 - [TEST_STEP][PASSED] - feinSSN = <not implemented yet for class: org.codehaus.groovy.ast.expr.EmptyExpression>: null

2024-11-07 21:05:04 - [TEST_STEP][PASSED] - numOfRows = findTestData(dataFile).getRowNumbers(): null

2024-11-07 21:05:04 - [TEST_STEP][PASSED] - println("Number of Records: " + numOfRows): null

2024-11-07 21:05:04 - [TEST_STEP][PASSED] - for ([row = 1, row <= numOfRows, (row++)]): Object 'Object Repository/RAD_Pages/PaymentEntry_Page/input__billingName' is present

2024-11-07 21:05:04 - [TEST_STEP][PASSED] - ExecuteTC = findTestData(dataFile).getValue("Execute", row): null

2024-11-07 21:05:04 - [TEST_STEP][PASSED] - TaxType = findTestData(dataFile).getValue("TaxType", row): null

2024-11-07 21:05:04 - [TEST_STEP][PASSED] - PaymentType = findTestData(dataFile).getValue("PaymentType", row): null

2024-11-07 21:05:04 - [TEST_STEP][PASSED] - FilingYear = findTestData(dataFile).getValue("Year", row): null

2024-11-07 21:05:04 - [TEST_STEP][PASSED] - PeriodEndingMonth = findTestData(dataFile).getValue("Month", row): null

2024-11-07 21:05:04 - [TEST_STEP][PASSED] - feinSSN = findTestData(dataFile).getValue("FeinSsn", row): null

2024-11-07 21:05:04 - [TEST_STEP][PASSED] - if (ExecuteTC.equalsIgnoreCase("Y")): Object 'Object Repository/RAD_Pages/PaymentEntry_Page/input__billingName' is present

2024-11-07 21:05:04 - [TEST_STEP][PASSED] - out.println("Begin Record Number: " + row): null

2024-11-07 21:05:04 - [TEST_STEP][PASSED] - today = new java.util.Date(): null

2024-11-07 21:05:04 - [TEST_STEP][PASSED] - println(today): null

2024-11-07 21:05:04 - [TEST_STEP][PASSED] - datText = today: null

2024-11-07 21:05:04 - [TEST_STEP][PASSED] - logInfo("Payment Type: Extension Payments"): Payment Type: Extension Payments

2024-11-07 21:05:04 - [MESSAGE][INFO] - Payment Type: Extension Payments

2024-11-07 21:05:04 - [TEST_STEP][PASSED] - logInfo("Tax Type: " + TaxType): Tax Type: Corporate Income Tax

2024-11-07 21:05:04 - [MESSAGE][INFO] - Tax Type: Corporate Income Tax

2024-11-07 21:05:04 - [TEST_STEP][PASSED] - openBrowser(""): Browser is opened with url: ''

2024-11-07 21:05:04 - [MESSAGE][WARNING] - A browser is already opened. Closing browser and opening a new one

2024-11-07 21:05:06 - [MESSAGE][INFO] - Starting 'Chrome' driver

2024-11-07 21:05:06 - [MESSAGE][INFO] - User set preference: ['acceptInsecureCerts', 'true']

2024-11-07 21:05:06 - [MESSAGE][INFO] - Action delay is set to 0 milliseconds

2024-11-07 21:05:08 - [MESSAGE][PASSED] - Browser is opened with url: ''

2024-11-07 21:05:08 - [TEST_STEP][PASSED] - maximizeWindow(): Current window maximized

2024-11-07 21:05:08 - [MESSAGE][PASSED] - Current window maximized

2024-11-07 21:05:08 - [TEST_STEP][PASSED] - navigateToUrl(RADurl): Navigate to 'https://www.velocitypayment.com/client/rad/index.html' successfully

2024-11-07 21:05:08 - [MESSAGE][PASSED] - Navigate to 'https://www.velocitypayment.com/client/rad/index.html' successfully

2024-11-07 21:05:08 - [TEST_STEP][PASSED] - selectOptionByLabel(findTestObject(orPath_Landing + "/dd_TaxType"), "Extension Payments", false): All options with label 'Extension Payments' are selected in object 'Object Repository/RAD_Pages/Landing_Page/dd_TaxType' 

2024-11-07 21:05:11 - [MESSAGE][PASSED] - All options with label 'Extension Payments' are selected in object 'Object Repository/RAD_Pages/Landing_Page/dd_TaxType' 

2024-11-07 21:05:11 - [TEST_STEP][PASSED] - selectOptionByLabel(findTestObject(orPath_TaxTypeFilingYear + "/select_PaymentType"), TaxType, false): All options with label 'Corporate Income Tax' are selected in object 'Object Repository/RAD_Pages/TaxTypeFilingYear_Page/select_PaymentType' 

2024-11-07 21:05:11 - [MESSAGE][PASSED] - All options with label 'Corporate Income Tax' are selected in object 'Object Repository/RAD_Pages/TaxTypeFilingYear_Page/select_PaymentType' 

2024-11-07 21:05:11 - [TEST_STEP][PASSED] - selectOptionByLabel(findTestObject(orPath_TaxTypeFilingYear + "/select_FilingYear"), FilingYear, false): All options with label '2023' are selected in object 'Object Repository/RAD_Pages/TaxTypeFilingYear_Page/select_FilingYear' 

2024-11-07 21:05:12 - [MESSAGE][PASSED] - All options with label '2023' are selected in object 'Object Repository/RAD_Pages/TaxTypeFilingYear_Page/select_FilingYear' 

2024-11-07 21:05:12 - [TEST_STEP][PASSED] - switch (TaxType): null

2024-11-07 21:05:12 - [TEST_STEP][PASSED] - case "Corporate Income Tax":: null

2024-11-07 21:05:12 - [TEST_STEP][PASSED] - selectOptionByLabel(findTestObject(orPath_TaxTypeFilingYear + "/select_PeriodEnding"), PeriodEndingMonth, false): All options with label 'September' are selected in object 'Object Repository/RAD_Pages/TaxTypeFilingYear_Page/select_PeriodEnding' 

2024-11-07 21:05:13 - [MESSAGE][PASSED] - All options with label 'September' are selected in object 'Object Repository/RAD_Pages/TaxTypeFilingYear_Page/select_PeriodEnding' 

2024-11-07 21:05:13 - [TEST_STEP][PASSED] - break: null

2024-11-07 21:05:13 - [TEST_STEP][PASSED] - rad.getSetDataRAD.setDataRADBusinessName(): rad.getSetDataRAD.setDataRADBusinessName is PASSED

2024-11-07 21:05:13 - [MESSAGE][PASSED] - Text 'My Company' is set on object 'Object Repository/RAD_Pages/Taxpayer_Page/input_businessName'

2024-11-07 21:05:13 - [MESSAGE][PASSED] - rad.getSetDataRAD.setDataRADBusinessName is PASSED

2024-11-07 21:05:13 - [TEST_STEP][PASSED] - rad.getSetDataRAD.setDataRADBusinessRep(): rad.getSetDataRAD.setDataRADBusinessRep is PASSED

2024-11-07 21:05:14 - [MESSAGE][PASSED] - Text 'BusRepFname' is set on object 'Object Repository/RAD_Pages/Taxpayer_Page/input_BusinessRepfirstName'

2024-11-07 21:05:15 - [MESSAGE][PASSED] - Text '' is set on object 'Object Repository/RAD_Pages/Taxpayer_Page/input_BusinessRepmiddleName'

2024-11-07 21:05:16 - [MESSAGE][PASSED] - Text 'BusRepLname' is set on object 'Object Repository/RAD_Pages/Taxpayer_Page/input_BusinessReplastName'

2024-11-07 21:05:16 - [MESSAGE][PASSED] - Text '' is set on object 'Object Repository/RAD_Pages/Taxpayer_Page/input_BusinessRepsuffix'

2024-11-07 21:05:16 - [MESSAGE][PASSED] - rad.getSetDataRAD.setDataRADBusinessRep is PASSED

2024-11-07 21:05:16 - [TEST_STEP][PASSED] - rad.getSetDataRAD.setDataRADAddress(): rad.getSetDataRAD.setDataRADAddress is PASSED

2024-11-07 21:05:17 - [MESSAGE][PASSED] - All options with label 'United States' are selected in object 'Object Repository/RAD_Pages/AddressAndContactInfo_Page/select_Country' 

2024-11-07 21:05:18 - [MESSAGE][PASSED] - Text '2508 Mandan Terrace' is set on object 'Object Repository/RAD_Pages/AddressAndContactInfo_Page/input_streetAddress1'

2024-11-07 21:05:18 - [MESSAGE][PASSED] - Text '' is set on object 'Object Repository/RAD_Pages/AddressAndContactInfo_Page/input_streetAddress2'

2024-11-07 21:05:19 - [MESSAGE][PASSED] - Text 'Gambrills' is set on object 'Object Repository/RAD_Pages/AddressAndContactInfo_Page/input_city'

2024-11-07 21:05:20 - [MESSAGE][PASSED] - All options with label 'Maryland' are selected in object 'Object Repository/RAD_Pages/AddressAndContactInfo_Page/select_State' 

2024-11-07 21:05:21 - [MESSAGE][PASSED] - Text '21054' is set on object 'Object Repository/RAD_Pages/AddressAndContactInfo_Page/input_zipCode'

2024-11-07 21:05:22 - [MESSAGE][PASSED] - Text '(703) 894-5000' is set on object 'Object Repository/RAD_Pages/AddressAndContactInfo_Page/input_phoneNumber'

2024-11-07 21:05:23 - [MESSAGE][PASSED] - Text 'iahmed@govolution.com' is set on object 'Object Repository/RAD_Pages/AddressAndContactInfo_Page/input_eMailAddress'

2024-11-07 21:05:24 - [MESSAGE][PASSED] - Text 'iahmed@govolution.com' is set on object 'Object Repository/RAD_Pages/AddressAndContactInfo_Page/input_reEnterEMailAddress'

2024-11-07 21:05:24 - [MESSAGE][PASSED] - rad.getSetDataRAD.setDataRADAddress is PASSED

2024-11-07 21:05:24 - [TEST_STEP][PASSED] - if (feinSSN.equalsIgnoreCase("Y")): null

2024-11-07 21:05:24 - [TEST_STEP][PASSED] - else: Text ****** has been set on object 'Object Repository/RAD_Pages/TaxInfo_Page/input_FederalEIN_ReEnter'

2024-11-07 21:05:24 - [TEST_STEP][PASSED] - setEncryptedText(findTestObject(orPath_TaxInfo + "/input_FederalEIN"), "1UdOed23yJD0bM3UEjTHrQ=="): Text ****** has been set on object 'Object Repository/RAD_Pages/TaxInfo_Page/input_FederalEIN'

2024-11-07 21:05:24 - [MESSAGE][PASSED] - Text ****** has been set on object 'Object Repository/RAD_Pages/TaxInfo_Page/input_FederalEIN'

2024-11-07 21:05:24 - [TEST_STEP][PASSED] - setEncryptedText(findTestObject(orPath_TaxInfo + "/input_FederalEIN_ReEnter"), "1UdOed23yJD0bM3UEjTHrQ=="): Text ****** has been set on object 'Object Repository/RAD_Pages/TaxInfo_Page/input_FederalEIN_ReEnter'

2024-11-07 21:05:25 - [MESSAGE][PASSED] - Text ****** has been set on object 'Object Repository/RAD_Pages/TaxInfo_Page/input_FederalEIN_ReEnter'

2024-11-07 21:05:25 - [TEST_STEP][PASSED] - setText(findTestObject(orPath_Amount + "/input__paymentAmount"), "100.00"): Text '100.00' is set on object 'Object Repository/RAD_Pages/PaymentAmount_Page/input__paymentAmount'

2024-11-07 21:05:26 - [MESSAGE][PASSED] - Text '100.00' is set on object 'Object Repository/RAD_Pages/PaymentAmount_Page/input__paymentAmount'

2024-11-07 21:05:26 - [TEST_STEP][PASSED] - setText(findTestObject(orPath_AddressContact + "/input_streetAddress2"), ""): Text '' is set on object 'Object Repository/RAD_Pages/AddressAndContactInfo_Page/input_streetAddress2'

2024-11-07 21:05:26 - [MESSAGE][PASSED] - Text '' is set on object 'Object Repository/RAD_Pages/AddressAndContactInfo_Page/input_streetAddress2'

2024-11-07 21:05:26 - [TEST_STEP][PASSED] - scrollToElement(findTestObject(orPath_Landing + "/button_Continue"), 3): Scroll to object 'Object Repository/RAD_Pages/Landing_Page/button_Continue' successfully

2024-11-07 21:05:27 - [MESSAGE][PASSED] - Scroll to object 'Object Repository/RAD_Pages/Landing_Page/button_Continue' successfully

2024-11-07 21:05:27 - [TEST_STEP][PASSED] - waitForElementClickable(findTestObject(orPath_Landing + "/button_Continue"), 5): Object 'Object Repository/RAD_Pages/Landing_Page/button_Continue' is clickable

2024-11-07 21:05:27 - [MESSAGE][PASSED] - Object 'Object Repository/RAD_Pages/Landing_Page/button_Continue' is clickable

2024-11-07 21:05:27 - [TEST_STEP][PASSED] - click(findTestObject(orPath_Landing + "/button_Continue")): Object: 'Object Repository/RAD_Pages/Landing_Page/button_Continue' is clicked on

2024-11-07 21:05:27 - [MESSAGE][PASSED] - Object: 'Object Repository/RAD_Pages/Landing_Page/button_Continue' is clicked on

2024-11-07 21:05:27 - [TEST_STEP][PASSED] - delay(2): Delayed 2 second(s)

2024-11-07 21:05:29 - [MESSAGE][PASSED] - Delayed 2 second(s)

2024-11-07 21:05:29 - [TEST_STEP][PASSED] - verifyTextPresent("Summary", true): Text 'Summary' is present on page  using regular expression

2024-11-07 21:05:30 - [MESSAGE][PASSED] - Text 'Summary' is present on page  using regular expression

2024-11-07 21:05:30 - [TEST_STEP][PASSED] - verifyTextPresent("Review the information below and make any necessary corrections by clicking the", true): Text 'Review the information below and make any necessary corrections by clicking the' is present on page  using regular expression

2024-11-07 21:05:30 - [MESSAGE][PASSED] - Text 'Review the information below and make any necessary corrections by clicking the' is present on page  using regular expression

2024-11-07 21:05:30 - [TEST_STEP][PASSED] - verifyTextPresent("When you are confident that all the information is correct, click the", true): Text 'When you are confident that all the information is correct, click the' is present on page  using regular expression

2024-11-07 21:05:30 - [MESSAGE][PASSED] - Text 'When you are confident that all the information is correct, click the' is present on page  using regular expression

2024-11-07 21:05:30 - [TEST_STEP][PASSED] - verifyTextPresent("Payment Type/Filing Year", true): Text 'Payment Type/Filing Year' is present on page  using regular expression

2024-11-07 21:05:31 - [MESSAGE][PASSED] - Text 'Payment Type/Filing Year' is present on page  using regular expression

2024-11-07 21:05:31 - [TEST_STEP][PASSED] - verifyTextPresent("Payment Type:", true): Text 'Payment Type:' is present on page  using regular expression

2024-11-07 21:05:31 - [MESSAGE][PASSED] - Text 'Payment Type:' is present on page  using regular expression

2024-11-07 21:05:31 - [TEST_STEP][PASSED] - verifyTextPresent("Extension Payments", true): Text 'Extension Payments' is present on page  using regular expression

2024-11-07 21:05:31 - [MESSAGE][PASSED] - Text 'Extension Payments' is present on page  using regular expression

2024-11-07 21:05:31 - [TEST_STEP][PASSED] - verifyTextPresent("Filing Year:", true): Text 'Filing Year:' is present on page  using regular expression

2024-11-07 21:05:32 - [MESSAGE][PASSED] - Text 'Filing Year:' is present on page  using regular expression

2024-11-07 21:05:32 - [TEST_STEP][PASSED] - verifyTextPresent(FilingYear, true): Text '2023' is present on page  using regular expression

2024-11-07 21:05:32 - [MESSAGE][PASSED] - Text '2023' is present on page  using regular expression

2024-11-07 21:05:32 - [TEST_STEP][PASSED] - switch (TaxType): null

2024-11-07 21:05:32 - [TEST_STEP][PASSED] - case "Corporate Income Tax":: null

2024-11-07 21:05:32 - [TEST_STEP][PASSED] - verifyTextPresent("Period Ending:", true): Text 'Period Ending:' is present on page  using regular expression

2024-11-07 21:05:32 - [MESSAGE][PASSED] - Text 'Period Ending:' is present on page  using regular expression

2024-11-07 21:05:32 - [TEST_STEP][PASSED] - verifyTextPresent(PeriodEndingMonth, true): Text 'September' is present on page  using regular expression

2024-11-07 21:05:33 - [MESSAGE][PASSED] - Text 'September' is present on page  using regular expression

2024-11-07 21:05:33 - [TEST_STEP][PASSED] - break: null

2024-11-07 21:05:33 - [TEST_STEP][PASSED] - verifyTextPresent("Payer Information", true): Text 'Payer Information' is present on page  using regular expression

2024-11-07 21:05:33 - [MESSAGE][PASSED] - Text 'Payer Information' is present on page  using regular expression

2024-11-07 21:05:33 - [TEST_STEP][PASSED] - verifyTextPresent("Taxpayer Name:", true): Text 'Taxpayer Name:' is present on page  using regular expression

2024-11-07 21:05:33 - [MESSAGE][PASSED] - Text 'Taxpayer Name:' is present on page  using regular expression

2024-11-07 21:05:33 - [TEST_STEP][PASSED] - verifyTextPresent("My Company", true): Text 'My Company' is present on page  using regular expression

2024-11-07 21:05:34 - [MESSAGE][PASSED] - Text 'My Company' is present on page  using regular expression

2024-11-07 21:05:34 - [TEST_STEP][PASSED] - verifyTextPresent("Business Rep Name:", true): Text 'Business Rep Name:' is present on page  using regular expression

2024-11-07 21:05:34 - [MESSAGE][PASSED] - Text 'Business Rep Name:' is present on page  using regular expression

2024-11-07 21:05:34 - [TEST_STEP][PASSED] - verifyTextPresent("BusRepFname BusRepLname", true): Text 'BusRepFname BusRepLname' is present on page  using regular expression

2024-11-07 21:05:34 - [MESSAGE][PASSED] - Text 'BusRepFname BusRepLname' is present on page  using regular expression

2024-11-07 21:05:34 - [TEST_STEP][PASSED] - verifyTextPresent("Taxpayer Address:", true): Text 'Taxpayer Address:' is present on page  using regular expression

2024-11-07 21:05:35 - [MESSAGE][PASSED] - Text 'Taxpayer Address:' is present on page  using regular expression

2024-11-07 21:05:35 - [TEST_STEP][PASSED] - verifyTextPresent("2508 Mandan Terrace Gambrills Maryland 21054", true): Text '2508 Mandan Terrace Gambrills Maryland 21054' is present on page  using regular expression

2024-11-07 21:05:35 - [MESSAGE][PASSED] - Text '2508 Mandan Terrace Gambrills Maryland 21054' is present on page  using regular expression

2024-11-07 21:05:35 - [TEST_STEP][PASSED] - verifyTextPresent("Email:", true): Text 'Email:' is present on page  using regular expression

2024-11-07 21:05:35 - [MESSAGE][PASSED] - Text 'Email:' is present on page  using regular expression

2024-11-07 21:05:35 - [TEST_STEP][PASSED] - verifyTextPresent("iahmed@govolution.com", true): Text 'iahmed@govolution.com' is present on page  using regular expression

2024-11-07 21:05:36 - [MESSAGE][PASSED] - Text 'iahmed@govolution.com' is present on page  using regular expression

2024-11-07 21:05:36 - [TEST_STEP][PASSED] - verifyTextPresent("Phone:", true): Text 'Phone:' is present on page  using regular expression

2024-11-07 21:05:36 - [MESSAGE][PASSED] - Text 'Phone:' is present on page  using regular expression

2024-11-07 21:05:36 - [TEST_STEP][PASSED] - verifyTextPresent("(703) 894-5000", false): Text '(703) 894-5000' is present on page 

2024-11-07 21:05:36 - [MESSAGE][PASSED] - Text '(703) 894-5000' is present on page 

2024-11-07 21:05:36 - [TEST_STEP][PASSED] - verifyTextPresent("Tax Information", true): Text 'Tax Information' is present on page  using regular expression

2024-11-07 21:05:37 - [MESSAGE][PASSED] - Text 'Tax Information' is present on page  using regular expression

2024-11-07 21:05:37 - [TEST_STEP][PASSED] - if (feinSSN.equalsIgnoreCase("Y")): null

2024-11-07 21:05:37 - [TEST_STEP][PASSED] - else: Text 'XXXXXXX93' is present on page  using regular expression

2024-11-07 21:05:37 - [TEST_STEP][PASSED] - verifyTextPresent("Federal EIN:", true): Text 'Federal EIN:' is present on page  using regular expression

2024-11-07 21:05:37 - [MESSAGE][PASSED] - Text 'Federal EIN:' is present on page  using regular expression

2024-11-07 21:05:37 - [TEST_STEP][PASSED] - verifyTextNotPresent("FEIN/SSN:", true): Text 'FEIN/SSN:' is not present on page using regular expression

2024-11-07 21:05:37 - [MESSAGE][PASSED] - Text 'FEIN/SSN:' is not present on page using regular expression

2024-11-07 21:05:37 - [TEST_STEP][PASSED] - verifyTextPresent("XXXXXXX93", true): Text 'XXXXXXX93' is present on page  using regular expression

2024-11-07 21:05:38 - [MESSAGE][PASSED] - Text 'XXXXXXX93' is present on page  using regular expression

2024-11-07 21:05:38 - [TEST_STEP][PASSED] - verifyTextPresent("Payment Amount:", true): Text 'Payment Amount:' is present on page  using regular expression

2024-11-07 21:05:38 - [MESSAGE][PASSED] - Text 'Payment Amount:' is present on page  using regular expression

2024-11-07 21:05:38 - [TEST_STEP][PASSED] - verifyTextPresent("100.00", true): Text '100.00' is present on page  using regular expression

2024-11-07 21:05:38 - [MESSAGE][PASSED] - Text '100.00' is present on page  using regular expression

2024-11-07 21:05:38 - [TEST_STEP][PASSED] - if (verifyElementVisible(findTestObject(orPath_Summary + "/button_Proceed to Payment"))): null

2024-11-07 21:05:39 - [MESSAGE][PASSED] - Object 'Object Repository/RAD_Pages/Summary_Page/button_Proceed to Payment' is visible

2024-11-07 21:05:39 - [TEST_STEP][PASSED] - resText = "Pass": null

2024-11-07 21:05:39 - [TEST_STEP][PASSED] - pages.WriteExcel.demoKey(resText, datText, resColumn, datCloumn, fileLoc, nameSheet, row): pages.WriteExcel.demoKey is PASSED

2024-11-07 21:05:39 - [MESSAGE][PASSED] - pages.WriteExcel.demoKey is PASSED

2024-11-07 21:05:39 - [TEST_STEP][PASSED] - click(findTestObject(orPath_Summary + "/button_Proceed to Payment")): Object: 'Object Repository/RAD_Pages/Summary_Page/button_Proceed to Payment' is clicked on

2024-11-07 21:05:41 - [MESSAGE][PASSED] - Object: 'Object Repository/RAD_Pages/Summary_Page/button_Proceed to Payment' is clicked on

2024-11-07 21:05:41 - [TEST_STEP][PASSED] - verifyElementPresent(findTestObject("Object Repository/RAD_Pages/PaymentEntry_Page/input__billingName"), 30): Object 'Object Repository/RAD_Pages/PaymentEntry_Page/input__billingName' is present

2024-11-07 21:05:41 - [MESSAGE][PASSED] - Object 'Object Repository/RAD_Pages/PaymentEntry_Page/input__billingName' is present

2024-11-07 21:05:41 - [TEST_STEP][PASSED] - ExecuteTC = findTestData(dataFile).getValue("Execute", row): null

2024-11-07 21:05:41 - [TEST_STEP][PASSED] - TaxType = findTestData(dataFile).getValue("TaxType", row): null

2024-11-07 21:05:41 - [TEST_STEP][PASSED] - PaymentType = findTestData(dataFile).getValue("PaymentType", row): null

2024-11-07 21:05:41 - [TEST_STEP][PASSED] - FilingYear = findTestData(dataFile).getValue("Year", row): null

2024-11-07 21:05:42 - [TEST_STEP][PASSED] - PeriodEndingMonth = findTestData(dataFile).getValue("Month", row): null

2024-11-07 21:05:42 - [TEST_STEP][PASSED] - feinSSN = findTestData(dataFile).getValue("FeinSsn", row): null

2024-11-07 21:05:42 - [TEST_STEP][PASSED] - if (ExecuteTC.equalsIgnoreCase("Y")): Object 'Object Repository/RAD_Pages/PaymentEntry_Page/input__billingName' is present

2024-11-07 21:05:42 - [TEST_STEP][PASSED] - out.println("Begin Record Number: " + row): null

2024-11-07 21:05:42 - [TEST_STEP][PASSED] - today = new java.util.Date(): null

2024-11-07 21:05:42 - [TEST_STEP][PASSED] - println(today): null

2024-11-07 21:05:42 - [TEST_STEP][PASSED] - datText = today: null

2024-11-07 21:05:42 - [TEST_STEP][PASSED] - logInfo("Payment Type: Extension Payments"): Payment Type: Extension Payments

2024-11-07 21:05:42 - [MESSAGE][INFO] - Payment Type: Extension Payments

2024-11-07 21:05:42 - [TEST_STEP][PASSED] - logInfo("Tax Type: " + TaxType): Tax Type: Fiduciary Tax

2024-11-07 21:05:42 - [MESSAGE][INFO] - Tax Type: Fiduciary Tax

2024-11-07 21:05:42 - [TEST_STEP][PASSED] - openBrowser(""): Browser is opened with url: ''

2024-11-07 21:05:42 - [MESSAGE][WARNING] - A browser is already opened. Closing browser and opening a new one

2024-11-07 21:05:43 - [MESSAGE][INFO] - Starting 'Chrome' driver

2024-11-07 21:05:43 - [MESSAGE][INFO] - User set preference: ['acceptInsecureCerts', 'true']

2024-11-07 21:05:43 - [MESSAGE][INFO] - Action delay is set to 0 milliseconds

2024-11-07 21:05:45 - [MESSAGE][PASSED] - Browser is opened with url: ''

2024-11-07 21:05:45 - [TEST_STEP][PASSED] - maximizeWindow(): Current window maximized

2024-11-07 21:05:45 - [MESSAGE][PASSED] - Current window maximized

2024-11-07 21:05:45 - [TEST_STEP][PASSED] - navigateToUrl(RADurl): Navigate to 'https://www.velocitypayment.com/client/rad/index.html' successfully

2024-11-07 21:05:45 - [MESSAGE][PASSED] - Navigate to 'https://www.velocitypayment.com/client/rad/index.html' successfully

2024-11-07 21:05:45 - [TEST_STEP][PASSED] - selectOptionByLabel(findTestObject(orPath_Landing + "/dd_TaxType"), "Extension Payments", false): All options with label 'Extension Payments' are selected in object 'Object Repository/RAD_Pages/Landing_Page/dd_TaxType' 

2024-11-07 21:05:48 - [MESSAGE][PASSED] - All options with label 'Extension Payments' are selected in object 'Object Repository/RAD_Pages/Landing_Page/dd_TaxType' 

2024-11-07 21:05:48 - [TEST_STEP][PASSED] - selectOptionByLabel(findTestObject(orPath_TaxTypeFilingYear + "/select_PaymentType"), TaxType, false): All options with label 'Fiduciary Tax' are selected in object 'Object Repository/RAD_Pages/TaxTypeFilingYear_Page/select_PaymentType' 

2024-11-07 21:05:48 - [MESSAGE][PASSED] - All options with label 'Fiduciary Tax' are selected in object 'Object Repository/RAD_Pages/TaxTypeFilingYear_Page/select_PaymentType' 

2024-11-07 21:05:48 - [TEST_STEP][PASSED] - selectOptionByLabel(findTestObject(orPath_TaxTypeFilingYear + "/select_FilingYear"), FilingYear, false): All options with label '2023' are selected in object 'Object Repository/RAD_Pages/TaxTypeFilingYear_Page/select_FilingYear' 

2024-11-07 21:05:49 - [MESSAGE][PASSED] - All options with label '2023' are selected in object 'Object Repository/RAD_Pages/TaxTypeFilingYear_Page/select_FilingYear' 

2024-11-07 21:05:49 - [TEST_STEP][PASSED] - switch (TaxType): null

2024-11-07 21:05:49 - [TEST_STEP][PASSED] - rad.getSetDataRAD.setDataRADBusinessName(): rad.getSetDataRAD.setDataRADBusinessName is PASSED

2024-11-07 21:05:50 - [MESSAGE][PASSED] - Text 'My Company' is set on object 'Object Repository/RAD_Pages/Taxpayer_Page/input_businessName'

2024-11-07 21:05:50 - [MESSAGE][PASSED] - rad.getSetDataRAD.setDataRADBusinessName is PASSED

2024-11-07 21:05:50 - [TEST_STEP][PASSED] - rad.getSetDataRAD.setDataRADBusinessRep(): rad.getSetDataRAD.setDataRADBusinessRep is PASSED

2024-11-07 21:05:51 - [MESSAGE][PASSED] - Text 'BusRepFname' is set on object 'Object Repository/RAD_Pages/Taxpayer_Page/input_BusinessRepfirstName'

2024-11-07 21:05:51 - [MESSAGE][PASSED] - Text '' is set on object 'Object Repository/RAD_Pages/Taxpayer_Page/input_BusinessRepmiddleName'

2024-11-07 21:05:52 - [MESSAGE][PASSED] - Text 'BusRepLname' is set on object 'Object Repository/RAD_Pages/Taxpayer_Page/input_BusinessReplastName'

2024-11-07 21:05:53 - [MESSAGE][PASSED] - Text '' is set on object 'Object Repository/RAD_Pages/Taxpayer_Page/input_BusinessRepsuffix'

2024-11-07 21:05:53 - [MESSAGE][PASSED] - rad.getSetDataRAD.setDataRADBusinessRep is PASSED

2024-11-07 21:05:53 - [TEST_STEP][PASSED] - rad.getSetDataRAD.setDataRADAddress(): rad.getSetDataRAD.setDataRADAddress is PASSED

2024-11-07 21:05:53 - [MESSAGE][PASSED] - All options with label 'United States' are selected in object 'Object Repository/RAD_Pages/AddressAndContactInfo_Page/select_Country' 

2024-11-07 21:05:54 - [MESSAGE][PASSED] - Text '2508 Mandan Terrace' is set on object 'Object Repository/RAD_Pages/AddressAndContactInfo_Page/input_streetAddress1'

2024-11-07 21:05:55 - [MESSAGE][PASSED] - Text '' is set on object 'Object Repository/RAD_Pages/AddressAndContactInfo_Page/input_streetAddress2'

2024-11-07 21:05:56 - [MESSAGE][PASSED] - Text 'Gambrills' is set on object 'Object Repository/RAD_Pages/AddressAndContactInfo_Page/input_city'

2024-11-07 21:05:57 - [MESSAGE][PASSED] - All options with label 'Maryland' are selected in object 'Object Repository/RAD_Pages/AddressAndContactInfo_Page/select_State' 

2024-11-07 21:05:58 - [MESSAGE][PASSED] - Text '21054' is set on object 'Object Repository/RAD_Pages/AddressAndContactInfo_Page/input_zipCode'

2024-11-07 21:05:59 - [MESSAGE][PASSED] - Text '(703) 894-5000' is set on object 'Object Repository/RAD_Pages/AddressAndContactInfo_Page/input_phoneNumber'

2024-11-07 21:05:59 - [MESSAGE][PASSED] - Text 'iahmed@govolution.com' is set on object 'Object Repository/RAD_Pages/AddressAndContactInfo_Page/input_eMailAddress'

2024-11-07 21:06:00 - [MESSAGE][PASSED] - Text 'iahmed@govolution.com' is set on object 'Object Repository/RAD_Pages/AddressAndContactInfo_Page/input_reEnterEMailAddress'

2024-11-07 21:06:00 - [MESSAGE][PASSED] - rad.getSetDataRAD.setDataRADAddress is PASSED

2024-11-07 21:06:00 - [TEST_STEP][PASSED] - if (feinSSN.equalsIgnoreCase("Y")): null

2024-11-07 21:06:00 - [TEST_STEP][PASSED] - else: Text ****** has been set on object 'Object Repository/RAD_Pages/TaxInfo_Page/input_FederalEIN_ReEnter'

2024-11-07 21:06:00 - [TEST_STEP][PASSED] - setEncryptedText(findTestObject(orPath_TaxInfo + "/input_FederalEIN"), "1UdOed23yJD0bM3UEjTHrQ=="): Text ****** has been set on object 'Object Repository/RAD_Pages/TaxInfo_Page/input_FederalEIN'

2024-11-07 21:06:01 - [MESSAGE][PASSED] - Text ****** has been set on object 'Object Repository/RAD_Pages/TaxInfo_Page/input_FederalEIN'

2024-11-07 21:06:01 - [TEST_STEP][PASSED] - setEncryptedText(findTestObject(orPath_TaxInfo + "/input_FederalEIN_ReEnter"), "1UdOed23yJD0bM3UEjTHrQ=="): Text ****** has been set on object 'Object Repository/RAD_Pages/TaxInfo_Page/input_FederalEIN_ReEnter'

2024-11-07 21:06:02 - [MESSAGE][PASSED] - Text ****** has been set on object 'Object Repository/RAD_Pages/TaxInfo_Page/input_FederalEIN_ReEnter'

2024-11-07 21:06:02 - [TEST_STEP][PASSED] - setText(findTestObject(orPath_Amount + "/input__paymentAmount"), "100.00"): Text '100.00' is set on object 'Object Repository/RAD_Pages/PaymentAmount_Page/input__paymentAmount'

2024-11-07 21:06:02 - [MESSAGE][PASSED] - Text '100.00' is set on object 'Object Repository/RAD_Pages/PaymentAmount_Page/input__paymentAmount'

2024-11-07 21:06:02 - [TEST_STEP][PASSED] - setText(findTestObject(orPath_AddressContact + "/input_streetAddress2"), ""): Text '' is set on object 'Object Repository/RAD_Pages/AddressAndContactInfo_Page/input_streetAddress2'

2024-11-07 21:06:03 - [MESSAGE][PASSED] - Text '' is set on object 'Object Repository/RAD_Pages/AddressAndContactInfo_Page/input_streetAddress2'

2024-11-07 21:06:03 - [TEST_STEP][PASSED] - scrollToElement(findTestObject(orPath_Landing + "/button_Continue"), 3): Scroll to object 'Object Repository/RAD_Pages/Landing_Page/button_Continue' successfully

2024-11-07 21:06:03 - [MESSAGE][PASSED] - Scroll to object 'Object Repository/RAD_Pages/Landing_Page/button_Continue' successfully

2024-11-07 21:06:03 - [TEST_STEP][PASSED] - waitForElementClickable(findTestObject(orPath_Landing + "/button_Continue"), 5): Object 'Object Repository/RAD_Pages/Landing_Page/button_Continue' is clickable

2024-11-07 21:06:04 - [MESSAGE][PASSED] - Object 'Object Repository/RAD_Pages/Landing_Page/button_Continue' is clickable

2024-11-07 21:06:04 - [TEST_STEP][PASSED] - click(findTestObject(orPath_Landing + "/button_Continue")): Object: 'Object Repository/RAD_Pages/Landing_Page/button_Continue' is clicked on

2024-11-07 21:06:04 - [MESSAGE][PASSED] - Object: 'Object Repository/RAD_Pages/Landing_Page/button_Continue' is clicked on

2024-11-07 21:06:04 - [TEST_STEP][PASSED] - delay(2): Delayed 2 second(s)

2024-11-07 21:06:06 - [MESSAGE][PASSED] - Delayed 2 second(s)

2024-11-07 21:06:06 - [TEST_STEP][PASSED] - verifyTextPresent("Summary", true): Text 'Summary' is present on page  using regular expression

2024-11-07 21:06:07 - [MESSAGE][PASSED] - Text 'Summary' is present on page  using regular expression

2024-11-07 21:06:07 - [TEST_STEP][PASSED] - verifyTextPresent("Review the information below and make any necessary corrections by clicking the", true): Text 'Review the information below and make any necessary corrections by clicking the' is present on page  using regular expression

2024-11-07 21:06:07 - [MESSAGE][PASSED] - Text 'Review the information below and make any necessary corrections by clicking the' is present on page  using regular expression

2024-11-07 21:06:07 - [TEST_STEP][PASSED] - verifyTextPresent("When you are confident that all the information is correct, click the", true): Text 'When you are confident that all the information is correct, click the' is present on page  using regular expression

2024-11-07 21:06:07 - [MESSAGE][PASSED] - Text 'When you are confident that all the information is correct, click the' is present on page  using regular expression

2024-11-07 21:06:07 - [TEST_STEP][PASSED] - verifyTextPresent("Payment Type/Filing Year", true): Text 'Payment Type/Filing Year' is present on page  using regular expression

2024-11-07 21:06:08 - [MESSAGE][PASSED] - Text 'Payment Type/Filing Year' is present on page  using regular expression

2024-11-07 21:06:08 - [TEST_STEP][PASSED] - verifyTextPresent("Payment Type:", true): Text 'Payment Type:' is present on page  using regular expression

2024-11-07 21:06:08 - [MESSAGE][PASSED] - Text 'Payment Type:' is present on page  using regular expression

2024-11-07 21:06:08 - [TEST_STEP][PASSED] - verifyTextPresent("Extension Payments", true): Text 'Extension Payments' is present on page  using regular expression

2024-11-07 21:06:08 - [MESSAGE][PASSED] - Text 'Extension Payments' is present on page  using regular expression

2024-11-07 21:06:08 - [TEST_STEP][PASSED] - verifyTextPresent("Filing Year:", true): Text 'Filing Year:' is present on page  using regular expression

2024-11-07 21:06:09 - [MESSAGE][PASSED] - Text 'Filing Year:' is present on page  using regular expression

2024-11-07 21:06:09 - [TEST_STEP][PASSED] - verifyTextPresent(FilingYear, true): Text '2023' is present on page  using regular expression

2024-11-07 21:06:09 - [MESSAGE][PASSED] - Text '2023' is present on page  using regular expression

2024-11-07 21:06:09 - [TEST_STEP][PASSED] - switch (TaxType): null

2024-11-07 21:06:09 - [TEST_STEP][PASSED] - verifyTextPresent("Payer Information", true): Text 'Payer Information' is present on page  using regular expression

2024-11-07 21:06:09 - [MESSAGE][PASSED] - Text 'Payer Information' is present on page  using regular expression

2024-11-07 21:06:09 - [TEST_STEP][PASSED] - verifyTextPresent("Taxpayer Name:", true): Text 'Taxpayer Name:' is present on page  using regular expression

2024-11-07 21:06:10 - [MESSAGE][PASSED] - Text 'Taxpayer Name:' is present on page  using regular expression

2024-11-07 21:06:10 - [TEST_STEP][PASSED] - verifyTextPresent("My Company", true): Text 'My Company' is present on page  using regular expression

2024-11-07 21:06:10 - [MESSAGE][PASSED] - Text 'My Company' is present on page  using regular expression

2024-11-07 21:06:10 - [TEST_STEP][PASSED] - verifyTextPresent("Business Rep Name:", true): Text 'Business Rep Name:' is present on page  using regular expression

2024-11-07 21:06:10 - [MESSAGE][PASSED] - Text 'Business Rep Name:' is present on page  using regular expression

2024-11-07 21:06:10 - [TEST_STEP][PASSED] - verifyTextPresent("BusRepFname BusRepLname", true): Text 'BusRepFname BusRepLname' is present on page  using regular expression

2024-11-07 21:06:11 - [MESSAGE][PASSED] - Text 'BusRepFname BusRepLname' is present on page  using regular expression

2024-11-07 21:06:11 - [TEST_STEP][PASSED] - verifyTextPresent("Taxpayer Address:", true): Text 'Taxpayer Address:' is present on page  using regular expression

2024-11-07 21:06:11 - [MESSAGE][PASSED] - Text 'Taxpayer Address:' is present on page  using regular expression

2024-11-07 21:06:11 - [TEST_STEP][PASSED] - verifyTextPresent("2508 Mandan Terrace Gambrills Maryland 21054", true): Text '2508 Mandan Terrace Gambrills Maryland 21054' is present on page  using regular expression

2024-11-07 21:06:11 - [MESSAGE][PASSED] - Text '2508 Mandan Terrace Gambrills Maryland 21054' is present on page  using regular expression

2024-11-07 21:06:11 - [TEST_STEP][PASSED] - verifyTextPresent("Email:", true): Text 'Email:' is present on page  using regular expression

2024-11-07 21:06:11 - [MESSAGE][PASSED] - Text 'Email:' is present on page  using regular expression

2024-11-07 21:06:11 - [TEST_STEP][PASSED] - verifyTextPresent("iahmed@govolution.com", true): Text 'iahmed@govolution.com' is present on page  using regular expression

2024-11-07 21:06:12 - [MESSAGE][PASSED] - Text 'iahmed@govolution.com' is present on page  using regular expression

2024-11-07 21:06:12 - [TEST_STEP][PASSED] - verifyTextPresent("Phone:", true): Text 'Phone:' is present on page  using regular expression

2024-11-07 21:06:12 - [MESSAGE][PASSED] - Text 'Phone:' is present on page  using regular expression

2024-11-07 21:06:12 - [TEST_STEP][PASSED] - verifyTextPresent("(703) 894-5000", false): Text '(703) 894-5000' is present on page 

2024-11-07 21:06:12 - [MESSAGE][PASSED] - Text '(703) 894-5000' is present on page 

2024-11-07 21:06:12 - [TEST_STEP][PASSED] - verifyTextPresent("Tax Information", true): Text 'Tax Information' is present on page  using regular expression

2024-11-07 21:06:13 - [MESSAGE][PASSED] - Text 'Tax Information' is present on page  using regular expression

2024-11-07 21:06:13 - [TEST_STEP][PASSED] - if (feinSSN.equalsIgnoreCase("Y")): null

2024-11-07 21:06:13 - [TEST_STEP][PASSED] - else: Text 'XXXXXXX93' is present on page  using regular expression

2024-11-07 21:06:13 - [TEST_STEP][PASSED] - verifyTextPresent("Federal EIN:", true): Text 'Federal EIN:' is present on page  using regular expression

2024-11-07 21:06:13 - [MESSAGE][PASSED] - Text 'Federal EIN:' is present on page  using regular expression

2024-11-07 21:06:13 - [TEST_STEP][PASSED] - verifyTextNotPresent("FEIN/SSN:", true): Text 'FEIN/SSN:' is not present on page using regular expression

2024-11-07 21:06:13 - [MESSAGE][PASSED] - Text 'FEIN/SSN:' is not present on page using regular expression

2024-11-07 21:06:13 - [TEST_STEP][PASSED] - verifyTextPresent("XXXXXXX93", true): Text 'XXXXXXX93' is present on page  using regular expression

2024-11-07 21:06:14 - [MESSAGE][PASSED] - Text 'XXXXXXX93' is present on page  using regular expression

2024-11-07 21:06:14 - [TEST_STEP][PASSED] - verifyTextPresent("Payment Amount:", true): Text 'Payment Amount:' is present on page  using regular expression

2024-11-07 21:06:14 - [MESSAGE][PASSED] - Text 'Payment Amount:' is present on page  using regular expression

2024-11-07 21:06:14 - [TEST_STEP][PASSED] - verifyTextPresent("100.00", true): Text '100.00' is present on page  using regular expression

2024-11-07 21:06:14 - [MESSAGE][PASSED] - Text '100.00' is present on page  using regular expression

2024-11-07 21:06:14 - [TEST_STEP][PASSED] - if (verifyElementVisible(findTestObject(orPath_Summary + "/button_Proceed to Payment"))): null

2024-11-07 21:06:15 - [MESSAGE][PASSED] - Object 'Object Repository/RAD_Pages/Summary_Page/button_Proceed to Payment' is visible

2024-11-07 21:06:15 - [TEST_STEP][PASSED] - resText = "Pass": null

2024-11-07 21:06:15 - [TEST_STEP][PASSED] - pages.WriteExcel.demoKey(resText, datText, resColumn, datCloumn, fileLoc, nameSheet, row): pages.WriteExcel.demoKey is PASSED

2024-11-07 21:06:15 - [MESSAGE][PASSED] - pages.WriteExcel.demoKey is PASSED

2024-11-07 21:06:15 - [TEST_STEP][PASSED] - click(findTestObject(orPath_Summary + "/button_Proceed to Payment")): Object: 'Object Repository/RAD_Pages/Summary_Page/button_Proceed to Payment' is clicked on

2024-11-07 21:06:17 - [MESSAGE][PASSED] - Object: 'Object Repository/RAD_Pages/Summary_Page/button_Proceed to Payment' is clicked on

2024-11-07 21:06:17 - [TEST_STEP][PASSED] - verifyElementPresent(findTestObject("Object Repository/RAD_Pages/PaymentEntry_Page/input__billingName"), 30): Object 'Object Repository/RAD_Pages/PaymentEntry_Page/input__billingName' is present

2024-11-07 21:06:18 - [MESSAGE][PASSED] - Object 'Object Repository/RAD_Pages/PaymentEntry_Page/input__billingName' is present

2024-11-07 21:06:18 - [TEST_STEP][PASSED] - ExecuteTC = findTestData(dataFile).getValue("Execute", row): null

2024-11-07 21:06:18 - [TEST_STEP][PASSED] - TaxType = findTestData(dataFile).getValue("TaxType", row): null

2024-11-07 21:06:18 - [TEST_STEP][PASSED] - PaymentType = findTestData(dataFile).getValue("PaymentType", row): null

2024-11-07 21:06:18 - [TEST_STEP][PASSED] - FilingYear = findTestData(dataFile).getValue("Year", row): null

2024-11-07 21:06:18 - [TEST_STEP][PASSED] - PeriodEndingMonth = findTestData(dataFile).getValue("Month", row): null

2024-11-07 21:06:18 - [TEST_STEP][PASSED] - feinSSN = findTestData(dataFile).getValue("FeinSsn", row): null

2024-11-07 21:06:18 - [TEST_STEP][PASSED] - if (ExecuteTC.equalsIgnoreCase("Y")): Object 'Object Repository/RAD_Pages/PaymentEntry_Page/input__billingName' is present

2024-11-07 21:06:18 - [TEST_STEP][PASSED] - out.println("Begin Record Number: " + row): null

2024-11-07 21:06:18 - [TEST_STEP][PASSED] - today = new java.util.Date(): null

2024-11-07 21:06:18 - [TEST_STEP][PASSED] - println(today): null

2024-11-07 21:06:18 - [TEST_STEP][PASSED] - datText = today: null

2024-11-07 21:06:18 - [TEST_STEP][PASSED] - logInfo("Payment Type: Extension Payments"): Payment Type: Extension Payments

2024-11-07 21:06:18 - [MESSAGE][INFO] - Payment Type: Extension Payments

2024-11-07 21:06:18 - [TEST_STEP][PASSED] - logInfo("Tax Type: " + TaxType): Tax Type: PTE Non-Electing Non-S Corp

2024-11-07 21:06:18 - [MESSAGE][INFO] - Tax Type: PTE Non-Electing Non-S Corp

2024-11-07 21:06:18 - [TEST_STEP][PASSED] - openBrowser(""): Browser is opened with url: ''

2024-11-07 21:06:18 - [MESSAGE][WARNING] - A browser is already opened. Closing browser and opening a new one

2024-11-07 21:06:20 - [MESSAGE][INFO] - Starting 'Chrome' driver

2024-11-07 21:06:20 - [MESSAGE][INFO] - User set preference: ['acceptInsecureCerts', 'true']

2024-11-07 21:06:20 - [MESSAGE][INFO] - Action delay is set to 0 milliseconds

2024-11-07 21:06:21 - [MESSAGE][PASSED] - Browser is opened with url: ''

2024-11-07 21:06:21 - [TEST_STEP][PASSED] - maximizeWindow(): Current window maximized

2024-11-07 21:06:22 - [MESSAGE][PASSED] - Current window maximized

2024-11-07 21:06:22 - [TEST_STEP][PASSED] - navigateToUrl(RADurl): Navigate to 'https://www.velocitypayment.com/client/rad/index.html' successfully

2024-11-07 21:06:22 - [MESSAGE][PASSED] - Navigate to 'https://www.velocitypayment.com/client/rad/index.html' successfully

2024-11-07 21:06:22 - [TEST_STEP][PASSED] - selectOptionByLabel(findTestObject(orPath_Landing + "/dd_TaxType"), "Extension Payments", false): All options with label 'Extension Payments' are selected in object 'Object Repository/RAD_Pages/Landing_Page/dd_TaxType' 

2024-11-07 21:06:24 - [MESSAGE][PASSED] - All options with label 'Extension Payments' are selected in object 'Object Repository/RAD_Pages/Landing_Page/dd_TaxType' 

2024-11-07 21:06:24 - [TEST_STEP][PASSED] - selectOptionByLabel(findTestObject(orPath_TaxTypeFilingYear + "/select_PaymentType"), TaxType, false): All options with label 'PTE Non-Electing Non-S Corp' are selected in object 'Object Repository/RAD_Pages/TaxTypeFilingYear_Page/select_PaymentType' 

2024-11-07 21:06:25 - [MESSAGE][PASSED] - All options with label 'PTE Non-Electing Non-S Corp' are selected in object 'Object Repository/RAD_Pages/TaxTypeFilingYear_Page/select_PaymentType' 

2024-11-07 21:06:25 - [TEST_STEP][PASSED] - selectOptionByLabel(findTestObject(orPath_TaxTypeFilingYear + "/select_FilingYear"), FilingYear, false): All options with label '2023' are selected in object 'Object Repository/RAD_Pages/TaxTypeFilingYear_Page/select_FilingYear' 

2024-11-07 21:06:26 - [MESSAGE][PASSED] - All options with label '2023' are selected in object 'Object Repository/RAD_Pages/TaxTypeFilingYear_Page/select_FilingYear' 

2024-11-07 21:06:26 - [TEST_STEP][PASSED] - switch (TaxType): null

2024-11-07 21:06:26 - [TEST_STEP][PASSED] - rad.getSetDataRAD.setDataRADBusinessName(): rad.getSetDataRAD.setDataRADBusinessName is PASSED

2024-11-07 21:06:26 - [MESSAGE][PASSED] - Text 'My Company' is set on object 'Object Repository/RAD_Pages/Taxpayer_Page/input_businessName'

2024-11-07 21:06:26 - [MESSAGE][PASSED] - rad.getSetDataRAD.setDataRADBusinessName is PASSED

2024-11-07 21:06:26 - [TEST_STEP][PASSED] - rad.getSetDataRAD.setDataRADBusinessRep(): rad.getSetDataRAD.setDataRADBusinessRep is PASSED

2024-11-07 21:06:27 - [MESSAGE][PASSED] - Text 'BusRepFname' is set on object 'Object Repository/RAD_Pages/Taxpayer_Page/input_BusinessRepfirstName'

2024-11-07 21:06:28 - [MESSAGE][PASSED] - Text '' is set on object 'Object Repository/RAD_Pages/Taxpayer_Page/input_BusinessRepmiddleName'

2024-11-07 21:06:29 - [MESSAGE][PASSED] - Text 'BusRepLname' is set on object 'Object Repository/RAD_Pages/Taxpayer_Page/input_BusinessReplastName'

2024-11-07 21:06:29 - [MESSAGE][PASSED] - Text '' is set on object 'Object Repository/RAD_Pages/Taxpayer_Page/input_BusinessRepsuffix'

2024-11-07 21:06:29 - [MESSAGE][PASSED] - rad.getSetDataRAD.setDataRADBusinessRep is PASSED

2024-11-07 21:06:29 - [TEST_STEP][PASSED] - rad.getSetDataRAD.setDataRADAddress(): rad.getSetDataRAD.setDataRADAddress is PASSED

2024-11-07 21:06:30 - [MESSAGE][PASSED] - All options with label 'United States' are selected in object 'Object Repository/RAD_Pages/AddressAndContactInfo_Page/select_Country' 

2024-11-07 21:06:31 - [MESSAGE][PASSED] - Text '2508 Mandan Terrace' is set on object 'Object Repository/RAD_Pages/AddressAndContactInfo_Page/input_streetAddress1'

2024-11-07 21:06:31 - [MESSAGE][PASSED] - Text '' is set on object 'Object Repository/RAD_Pages/AddressAndContactInfo_Page/input_streetAddress2'

2024-11-07 21:06:32 - [MESSAGE][PASSED] - Text 'Gambrills' is set on object 'Object Repository/RAD_Pages/AddressAndContactInfo_Page/input_city'

2024-11-07 21:06:33 - [MESSAGE][PASSED] - All options with label 'Maryland' are selected in object 'Object Repository/RAD_Pages/AddressAndContactInfo_Page/select_State' 

2024-11-07 21:06:34 - [MESSAGE][PASSED] - Text '21054' is set on object 'Object Repository/RAD_Pages/AddressAndContactInfo_Page/input_zipCode'

2024-11-07 21:06:35 - [MESSAGE][PASSED] - Text '(703) 894-5000' is set on object 'Object Repository/RAD_Pages/AddressAndContactInfo_Page/input_phoneNumber'

2024-11-07 21:06:36 - [MESSAGE][PASSED] - Text 'iahmed@govolution.com' is set on object 'Object Repository/RAD_Pages/AddressAndContactInfo_Page/input_eMailAddress'

2024-11-07 21:06:37 - [MESSAGE][PASSED] - Text 'iahmed@govolution.com' is set on object 'Object Repository/RAD_Pages/AddressAndContactInfo_Page/input_reEnterEMailAddress'

2024-11-07 21:06:37 - [MESSAGE][PASSED] - rad.getSetDataRAD.setDataRADAddress is PASSED

2024-11-07 21:06:37 - [TEST_STEP][PASSED] - if (feinSSN.equalsIgnoreCase("Y")): Text ****** has been set on object 'Object Repository/RAD_Pages/TaxInfo_Page/input_TaxInfo_RetypeFeinSsn_New_2'

2024-11-07 21:06:37 - [TEST_STEP][PASSED] - setEncryptedText(findTestObject(orPath_TaxInfo + "/input_TaxInfo_FeinSsn_New_2"), "1UdOed23yJD0bM3UEjTHrQ=="): Text ****** has been set on object 'Object Repository/RAD_Pages/TaxInfo_Page/input_TaxInfo_FeinSsn_New_2'

2024-11-07 21:06:37 - [MESSAGE][PASSED] - Text ****** has been set on object 'Object Repository/RAD_Pages/TaxInfo_Page/input_TaxInfo_FeinSsn_New_2'

2024-11-07 21:06:37 - [TEST_STEP][PASSED] - setEncryptedText(findTestObject(orPath_TaxInfo + "/input_TaxInfo_RetypeFeinSsn_New_2"), "1UdOed23yJD0bM3UEjTHrQ=="): Text ****** has been set on object 'Object Repository/RAD_Pages/TaxInfo_Page/input_TaxInfo_RetypeFeinSsn_New_2'

2024-11-07 21:06:38 - [MESSAGE][PASSED] - Text ****** has been set on object 'Object Repository/RAD_Pages/TaxInfo_Page/input_TaxInfo_RetypeFeinSsn_New_2'

2024-11-07 21:06:38 - [TEST_STEP][PASSED] - setText(findTestObject(orPath_Amount + "/input__paymentAmount"), "100.00"): Text '100.00' is set on object 'Object Repository/RAD_Pages/PaymentAmount_Page/input__paymentAmount'

2024-11-07 21:06:39 - [MESSAGE][PASSED] - Text '100.00' is set on object 'Object Repository/RAD_Pages/PaymentAmount_Page/input__paymentAmount'

2024-11-07 21:06:39 - [TEST_STEP][PASSED] - setText(findTestObject(orPath_AddressContact + "/input_streetAddress2"), ""): Text '' is set on object 'Object Repository/RAD_Pages/AddressAndContactInfo_Page/input_streetAddress2'

2024-11-07 21:06:39 - [MESSAGE][PASSED] - Text '' is set on object 'Object Repository/RAD_Pages/AddressAndContactInfo_Page/input_streetAddress2'

2024-11-07 21:06:39 - [TEST_STEP][PASSED] - scrollToElement(findTestObject(orPath_Landing + "/button_Continue"), 3): Scroll to object 'Object Repository/RAD_Pages/Landing_Page/button_Continue' successfully

2024-11-07 21:06:40 - [MESSAGE][PASSED] - Scroll to object 'Object Repository/RAD_Pages/Landing_Page/button_Continue' successfully

2024-11-07 21:06:40 - [TEST_STEP][PASSED] - waitForElementClickable(findTestObject(orPath_Landing + "/button_Continue"), 5): Object 'Object Repository/RAD_Pages/Landing_Page/button_Continue' is clickable

2024-11-07 21:06:40 - [MESSAGE][PASSED] - Object 'Object Repository/RAD_Pages/Landing_Page/button_Continue' is clickable

2024-11-07 21:06:40 - [TEST_STEP][PASSED] - click(findTestObject(orPath_Landing + "/button_Continue")): Object: 'Object Repository/RAD_Pages/Landing_Page/button_Continue' is clicked on

2024-11-07 21:06:40 - [MESSAGE][PASSED] - Object: 'Object Repository/RAD_Pages/Landing_Page/button_Continue' is clicked on

2024-11-07 21:06:40 - [TEST_STEP][PASSED] - delay(2): Delayed 2 second(s)

2024-11-07 21:06:42 - [MESSAGE][PASSED] - Delayed 2 second(s)

2024-11-07 21:06:42 - [TEST_STEP][PASSED] - verifyTextPresent("Summary", true): Text 'Summary' is present on page  using regular expression

2024-11-07 21:06:43 - [MESSAGE][PASSED] - Text 'Summary' is present on page  using regular expression

2024-11-07 21:06:43 - [TEST_STEP][PASSED] - verifyTextPresent("Review the information below and make any necessary corrections by clicking the", true): Text 'Review the information below and make any necessary corrections by clicking the' is present on page  using regular expression

2024-11-07 21:06:43 - [MESSAGE][PASSED] - Text 'Review the information below and make any necessary corrections by clicking the' is present on page  using regular expression

2024-11-07 21:06:43 - [TEST_STEP][PASSED] - verifyTextPresent("When you are confident that all the information is correct, click the", true): Text 'When you are confident that all the information is correct, click the' is present on page  using regular expression

2024-11-07 21:06:43 - [MESSAGE][PASSED] - Text 'When you are confident that all the information is correct, click the' is present on page  using regular expression

2024-11-07 21:06:43 - [TEST_STEP][PASSED] - verifyTextPresent("Payment Type/Filing Year", true): Text 'Payment Type/Filing Year' is present on page  using regular expression

2024-11-07 21:06:44 - [MESSAGE][PASSED] - Text 'Payment Type/Filing Year' is present on page  using regular expression

2024-11-07 21:06:44 - [TEST_STEP][PASSED] - verifyTextPresent("Payment Type:", true): Text 'Payment Type:' is present on page  using regular expression

2024-11-07 21:06:44 - [MESSAGE][PASSED] - Text 'Payment Type:' is present on page  using regular expression

2024-11-07 21:06:44 - [TEST_STEP][PASSED] - verifyTextPresent("Extension Payments", true): Text 'Extension Payments' is present on page  using regular expression

2024-11-07 21:06:44 - [MESSAGE][PASSED] - Text 'Extension Payments' is present on page  using regular expression

2024-11-07 21:06:44 - [TEST_STEP][PASSED] - verifyTextPresent("Filing Year:", true): Text 'Filing Year:' is present on page  using regular expression

2024-11-07 21:06:45 - [MESSAGE][PASSED] - Text 'Filing Year:' is present on page  using regular expression

2024-11-07 21:06:45 - [TEST_STEP][PASSED] - verifyTextPresent(FilingYear, true): Text '2023' is present on page  using regular expression

2024-11-07 21:06:45 - [MESSAGE][PASSED] - Text '2023' is present on page  using regular expression

2024-11-07 21:06:45 - [TEST_STEP][PASSED] - switch (TaxType): null

2024-11-07 21:06:45 - [TEST_STEP][PASSED] - verifyTextPresent("Payer Information", true): Text 'Payer Information' is present on page  using regular expression

2024-11-07 21:06:45 - [MESSAGE][PASSED] - Text 'Payer Information' is present on page  using regular expression

2024-11-07 21:06:45 - [TEST_STEP][PASSED] - verifyTextPresent("Taxpayer Name:", true): Text 'Taxpayer Name:' is present on page  using regular expression

2024-11-07 21:06:46 - [MESSAGE][PASSED] - Text 'Taxpayer Name:' is present on page  using regular expression

2024-11-07 21:06:46 - [TEST_STEP][PASSED] - verifyTextPresent("My Company", true): Text 'My Company' is present on page  using regular expression

2024-11-07 21:06:46 - [MESSAGE][PASSED] - Text 'My Company' is present on page  using regular expression

2024-11-07 21:06:46 - [TEST_STEP][PASSED] - verifyTextPresent("Business Rep Name:", true): Text 'Business Rep Name:' is present on page  using regular expression

2024-11-07 21:06:46 - [MESSAGE][PASSED] - Text 'Business Rep Name:' is present on page  using regular expression

2024-11-07 21:06:46 - [TEST_STEP][PASSED] - verifyTextPresent("BusRepFname BusRepLname", true): Text 'BusRepFname BusRepLname' is present on page  using regular expression

2024-11-07 21:06:47 - [MESSAGE][PASSED] - Text 'BusRepFname BusRepLname' is present on page  using regular expression

2024-11-07 21:06:47 - [TEST_STEP][PASSED] - verifyTextPresent("Taxpayer Address:", true): Text 'Taxpayer Address:' is present on page  using regular expression

2024-11-07 21:06:47 - [MESSAGE][PASSED] - Text 'Taxpayer Address:' is present on page  using regular expression

2024-11-07 21:06:47 - [TEST_STEP][PASSED] - verifyTextPresent("2508 Mandan Terrace Gambrills Maryland 21054", true): Text '2508 Mandan Terrace Gambrills Maryland 21054' is present on page  using regular expression

2024-11-07 21:06:47 - [MESSAGE][PASSED] - Text '2508 Mandan Terrace Gambrills Maryland 21054' is present on page  using regular expression

2024-11-07 21:06:47 - [TEST_STEP][PASSED] - verifyTextPresent("Email:", true): Text 'Email:' is present on page  using regular expression

2024-11-07 21:06:48 - [MESSAGE][PASSED] - Text 'Email:' is present on page  using regular expression

2024-11-07 21:06:48 - [TEST_STEP][PASSED] - verifyTextPresent("iahmed@govolution.com", true): Text 'iahmed@govolution.com' is present on page  using regular expression

2024-11-07 21:06:48 - [MESSAGE][PASSED] - Text 'iahmed@govolution.com' is present on page  using regular expression

2024-11-07 21:06:48 - [TEST_STEP][PASSED] - verifyTextPresent("Phone:", true): Text 'Phone:' is present on page  using regular expression

2024-11-07 21:06:48 - [MESSAGE][PASSED] - Text 'Phone:' is present on page  using regular expression

2024-11-07 21:06:48 - [TEST_STEP][PASSED] - verifyTextPresent("(703) 894-5000", false): Text '(703) 894-5000' is present on page 

2024-11-07 21:06:49 - [MESSAGE][PASSED] - Text '(703) 894-5000' is present on page 

2024-11-07 21:06:49 - [TEST_STEP][PASSED] - verifyTextPresent("Tax Information", true): Text 'Tax Information' is present on page  using regular expression

2024-11-07 21:06:49 - [MESSAGE][PASSED] - Text 'Tax Information' is present on page  using regular expression

2024-11-07 21:06:49 - [TEST_STEP][PASSED] - if (feinSSN.equalsIgnoreCase("Y")): Text 'XXXXX5293' is present on page  using regular expression

2024-11-07 21:06:49 - [TEST_STEP][PASSED] - verifyTextPresent("FEIN/SSN:", true): Text 'FEIN/SSN:' is present on page  using regular expression

2024-11-07 21:06:49 - [MESSAGE][PASSED] - Text 'FEIN/SSN:' is present on page  using regular expression

2024-11-07 21:06:49 - [TEST_STEP][PASSED] - verifyTextNotPresent("Federal EIN:", true): Text 'Federal EIN:' is not present on page using regular expression

2024-11-07 21:06:50 - [MESSAGE][PASSED] - Text 'Federal EIN:' is not present on page using regular expression

2024-11-07 21:06:50 - [TEST_STEP][PASSED] - verifyTextPresent("XXXXX5293", true): Text 'XXXXX5293' is present on page  using regular expression

2024-11-07 21:06:50 - [MESSAGE][PASSED] - Text 'XXXXX5293' is present on page  using regular expression

2024-11-07 21:06:50 - [TEST_STEP][PASSED] - verifyTextPresent("Payment Amount:", true): Text 'Payment Amount:' is present on page  using regular expression

2024-11-07 21:06:50 - [MESSAGE][PASSED] - Text 'Payment Amount:' is present on page  using regular expression

2024-11-07 21:06:50 - [TEST_STEP][PASSED] - verifyTextPresent("100.00", true): Text '100.00' is present on page  using regular expression

2024-11-07 21:06:50 - [MESSAGE][PASSED] - Text '100.00' is present on page  using regular expression

2024-11-07 21:06:50 - [TEST_STEP][PASSED] - if (verifyElementVisible(findTestObject(orPath_Summary + "/button_Proceed to Payment"))): null

2024-11-07 21:06:51 - [MESSAGE][PASSED] - Object 'Object Repository/RAD_Pages/Summary_Page/button_Proceed to Payment' is visible

2024-11-07 21:06:51 - [TEST_STEP][PASSED] - resText = "Pass": null

2024-11-07 21:06:51 - [TEST_STEP][PASSED] - pages.WriteExcel.demoKey(resText, datText, resColumn, datCloumn, fileLoc, nameSheet, row): pages.WriteExcel.demoKey is PASSED

2024-11-07 21:06:51 - [MESSAGE][PASSED] - pages.WriteExcel.demoKey is PASSED

2024-11-07 21:06:51 - [TEST_STEP][PASSED] - click(findTestObject(orPath_Summary + "/button_Proceed to Payment")): Object: 'Object Repository/RAD_Pages/Summary_Page/button_Proceed to Payment' is clicked on

2024-11-07 21:06:53 - [MESSAGE][PASSED] - Object: 'Object Repository/RAD_Pages/Summary_Page/button_Proceed to Payment' is clicked on

2024-11-07 21:06:53 - [TEST_STEP][PASSED] - verifyElementPresent(findTestObject("Object Repository/RAD_Pages/PaymentEntry_Page/input__billingName"), 30): Object 'Object Repository/RAD_Pages/PaymentEntry_Page/input__billingName' is present

2024-11-07 21:06:54 - [MESSAGE][PASSED] - Object 'Object Repository/RAD_Pages/PaymentEntry_Page/input__billingName' is present

2024-11-07 21:06:54 - [TEST_STEP][PASSED] - ExecuteTC = findTestData(dataFile).getValue("Execute", row): null

2024-11-07 21:06:54 - [TEST_STEP][PASSED] - TaxType = findTestData(dataFile).getValue("TaxType", row): null

2024-11-07 21:06:54 - [TEST_STEP][PASSED] - PaymentType = findTestData(dataFile).getValue("PaymentType", row): null

2024-11-07 21:06:54 - [TEST_STEP][PASSED] - FilingYear = findTestData(dataFile).getValue("Year", row): null

2024-11-07 21:06:54 - [TEST_STEP][PASSED] - PeriodEndingMonth = findTestData(dataFile).getValue("Month", row): null

2024-11-07 21:06:54 - [TEST_STEP][PASSED] - feinSSN = findTestData(dataFile).getValue("FeinSsn", row): null

2024-11-07 21:06:54 - [TEST_STEP][PASSED] - if (ExecuteTC.equalsIgnoreCase("Y")): Object 'Object Repository/RAD_Pages/PaymentEntry_Page/input__billingName' is present

2024-11-07 21:06:54 - [TEST_STEP][PASSED] - out.println("Begin Record Number: " + row): null

2024-11-07 21:06:54 - [TEST_STEP][PASSED] - today = new java.util.Date(): null

2024-11-07 21:06:54 - [TEST_STEP][PASSED] - println(today): null

2024-11-07 21:06:54 - [TEST_STEP][PASSED] - datText = today: null

2024-11-07 21:06:54 - [TEST_STEP][PASSED] - logInfo("Payment Type: Extension Payments"): Payment Type: Extension Payments

2024-11-07 21:06:54 - [MESSAGE][INFO] - Payment Type: Extension Payments

2024-11-07 21:06:54 - [TEST_STEP][PASSED] - logInfo("Tax Type: " + TaxType): Tax Type: PTE Non-Electing S Corp

2024-11-07 21:06:54 - [MESSAGE][INFO] - Tax Type: PTE Non-Electing S Corp

2024-11-07 21:06:54 - [TEST_STEP][PASSED] - openBrowser(""): Browser is opened with url: ''

2024-11-07 21:06:54 - [MESSAGE][WARNING] - A browser is already opened. Closing browser and opening a new one

2024-11-07 21:06:56 - [MESSAGE][INFO] - Starting 'Chrome' driver

2024-11-07 21:06:56 - [MESSAGE][INFO] - User set preference: ['acceptInsecureCerts', 'true']

2024-11-07 21:06:56 - [MESSAGE][INFO] - Action delay is set to 0 milliseconds

2024-11-07 21:06:58 - [MESSAGE][PASSED] - Browser is opened with url: ''

2024-11-07 21:06:58 - [TEST_STEP][PASSED] - maximizeWindow(): Current window maximized

2024-11-07 21:06:58 - [MESSAGE][PASSED] - Current window maximized

2024-11-07 21:06:58 - [TEST_STEP][PASSED] - navigateToUrl(RADurl): Navigate to 'https://www.velocitypayment.com/client/rad/index.html' successfully

2024-11-07 21:07:00 - [MESSAGE][PASSED] - Navigate to 'https://www.velocitypayment.com/client/rad/index.html' successfully

2024-11-07 21:07:00 - [TEST_STEP][PASSED] - selectOptionByLabel(findTestObject(orPath_Landing + "/dd_TaxType"), "Extension Payments", false): All options with label 'Extension Payments' are selected in object 'Object Repository/RAD_Pages/Landing_Page/dd_TaxType' 

2024-11-07 21:07:01 - [MESSAGE][PASSED] - All options with label 'Extension Payments' are selected in object 'Object Repository/RAD_Pages/Landing_Page/dd_TaxType' 

2024-11-07 21:07:01 - [TEST_STEP][PASSED] - selectOptionByLabel(findTestObject(orPath_TaxTypeFilingYear + "/select_PaymentType"), TaxType, false): All options with label 'PTE Non-Electing S Corp' are selected in object 'Object Repository/RAD_Pages/TaxTypeFilingYear_Page/select_PaymentType' 

2024-11-07 21:07:02 - [MESSAGE][PASSED] - All options with label 'PTE Non-Electing S Corp' are selected in object 'Object Repository/RAD_Pages/TaxTypeFilingYear_Page/select_PaymentType' 

2024-11-07 21:07:02 - [TEST_STEP][PASSED] - selectOptionByLabel(findTestObject(orPath_TaxTypeFilingYear + "/select_FilingYear"), FilingYear, false): All options with label '2023' are selected in object 'Object Repository/RAD_Pages/TaxTypeFilingYear_Page/select_FilingYear' 

2024-11-07 21:07:03 - [MESSAGE][PASSED] - All options with label '2023' are selected in object 'Object Repository/RAD_Pages/TaxTypeFilingYear_Page/select_FilingYear' 

2024-11-07 21:07:03 - [TEST_STEP][PASSED] - switch (TaxType): null

2024-11-07 21:07:03 - [TEST_STEP][PASSED] - rad.getSetDataRAD.setDataRADBusinessName(): rad.getSetDataRAD.setDataRADBusinessName is PASSED

2024-11-07 21:07:03 - [MESSAGE][PASSED] - Text 'My Company' is set on object 'Object Repository/RAD_Pages/Taxpayer_Page/input_businessName'

2024-11-07 21:07:03 - [MESSAGE][PASSED] - rad.getSetDataRAD.setDataRADBusinessName is PASSED

2024-11-07 21:07:03 - [TEST_STEP][PASSED] - rad.getSetDataRAD.setDataRADBusinessRep(): rad.getSetDataRAD.setDataRADBusinessRep is PASSED

2024-11-07 21:07:04 - [MESSAGE][PASSED] - Text 'BusRepFname' is set on object 'Object Repository/RAD_Pages/Taxpayer_Page/input_BusinessRepfirstName'

2024-11-07 21:07:05 - [MESSAGE][PASSED] - Text '' is set on object 'Object Repository/RAD_Pages/Taxpayer_Page/input_BusinessRepmiddleName'

2024-11-07 21:07:06 - [MESSAGE][PASSED] - Text 'BusRepLname' is set on object 'Object Repository/RAD_Pages/Taxpayer_Page/input_BusinessReplastName'

2024-11-07 21:07:06 - [MESSAGE][PASSED] - Text '' is set on object 'Object Repository/RAD_Pages/Taxpayer_Page/input_BusinessRepsuffix'

2024-11-07 21:07:06 - [MESSAGE][PASSED] - rad.getSetDataRAD.setDataRADBusinessRep is PASSED

2024-11-07 21:07:06 - [TEST_STEP][PASSED] - rad.getSetDataRAD.setDataRADAddress(): rad.getSetDataRAD.setDataRADAddress is PASSED

2024-11-07 21:07:07 - [MESSAGE][PASSED] - All options with label 'United States' are selected in object 'Object Repository/RAD_Pages/AddressAndContactInfo_Page/select_Country' 

2024-11-07 21:07:08 - [MESSAGE][PASSED] - Text '2508 Mandan Terrace' is set on object 'Object Repository/RAD_Pages/AddressAndContactInfo_Page/input_streetAddress1'

2024-11-07 21:07:08 - [MESSAGE][PASSED] - Text '' is set on object 'Object Repository/RAD_Pages/AddressAndContactInfo_Page/input_streetAddress2'

2024-11-07 21:07:09 - [MESSAGE][PASSED] - Text 'Gambrills' is set on object 'Object Repository/RAD_Pages/AddressAndContactInfo_Page/input_city'

2024-11-07 21:07:10 - [MESSAGE][PASSED] - All options with label 'Maryland' are selected in object 'Object Repository/RAD_Pages/AddressAndContactInfo_Page/select_State' 

2024-11-07 21:07:11 - [MESSAGE][PASSED] - Text '21054' is set on object 'Object Repository/RAD_Pages/AddressAndContactInfo_Page/input_zipCode'

2024-11-07 21:07:12 - [MESSAGE][PASSED] - Text '(703) 894-5000' is set on object 'Object Repository/RAD_Pages/AddressAndContactInfo_Page/input_phoneNumber'

2024-11-07 21:07:13 - [MESSAGE][PASSED] - Text 'iahmed@govolution.com' is set on object 'Object Repository/RAD_Pages/AddressAndContactInfo_Page/input_eMailAddress'

2024-11-07 21:07:13 - [MESSAGE][PASSED] - Text 'iahmed@govolution.com' is set on object 'Object Repository/RAD_Pages/AddressAndContactInfo_Page/input_reEnterEMailAddress'

2024-11-07 21:07:13 - [MESSAGE][PASSED] - rad.getSetDataRAD.setDataRADAddress is PASSED

2024-11-07 21:07:13 - [TEST_STEP][PASSED] - if (feinSSN.equalsIgnoreCase("Y")): Text ****** has been set on object 'Object Repository/RAD_Pages/TaxInfo_Page/input_TaxInfo_RetypeFeinSsn_New_2'

2024-11-07 21:07:13 - [TEST_STEP][PASSED] - setEncryptedText(findTestObject(orPath_TaxInfo + "/input_TaxInfo_FeinSsn_New_2"), "1UdOed23yJD0bM3UEjTHrQ=="): Text ****** has been set on object 'Object Repository/RAD_Pages/TaxInfo_Page/input_TaxInfo_FeinSsn_New_2'

2024-11-07 21:07:14 - [MESSAGE][PASSED] - Text ****** has been set on object 'Object Repository/RAD_Pages/TaxInfo_Page/input_TaxInfo_FeinSsn_New_2'

2024-11-07 21:07:14 - [TEST_STEP][PASSED] - setEncryptedText(findTestObject(orPath_TaxInfo + "/input_TaxInfo_RetypeFeinSsn_New_2"), "1UdOed23yJD0bM3UEjTHrQ=="): Text ****** has been set on object 'Object Repository/RAD_Pages/TaxInfo_Page/input_TaxInfo_RetypeFeinSsn_New_2'

2024-11-07 21:07:15 - [MESSAGE][PASSED] - Text ****** has been set on object 'Object Repository/RAD_Pages/TaxInfo_Page/input_TaxInfo_RetypeFeinSsn_New_2'

2024-11-07 21:07:15 - [TEST_STEP][PASSED] - setText(findTestObject(orPath_Amount + "/input__paymentAmount"), "100.00"): Text '100.00' is set on object 'Object Repository/RAD_Pages/PaymentAmount_Page/input__paymentAmount'

2024-11-07 21:07:15 - [MESSAGE][PASSED] - Text '100.00' is set on object 'Object Repository/RAD_Pages/PaymentAmount_Page/input__paymentAmount'

2024-11-07 21:07:15 - [TEST_STEP][PASSED] - setText(findTestObject(orPath_AddressContact + "/input_streetAddress2"), ""): Text '' is set on object 'Object Repository/RAD_Pages/AddressAndContactInfo_Page/input_streetAddress2'

2024-11-07 21:07:16 - [MESSAGE][PASSED] - Text '' is set on object 'Object Repository/RAD_Pages/AddressAndContactInfo_Page/input_streetAddress2'

2024-11-07 21:07:16 - [TEST_STEP][PASSED] - scrollToElement(findTestObject(orPath_Landing + "/button_Continue"), 3): Scroll to object 'Object Repository/RAD_Pages/Landing_Page/button_Continue' successfully

2024-11-07 21:07:16 - [MESSAGE][PASSED] - Scroll to object 'Object Repository/RAD_Pages/Landing_Page/button_Continue' successfully

2024-11-07 21:07:16 - [TEST_STEP][PASSED] - waitForElementClickable(findTestObject(orPath_Landing + "/button_Continue"), 5): Object 'Object Repository/RAD_Pages/Landing_Page/button_Continue' is clickable

2024-11-07 21:07:17 - [MESSAGE][PASSED] - Object 'Object Repository/RAD_Pages/Landing_Page/button_Continue' is clickable

2024-11-07 21:07:17 - [TEST_STEP][PASSED] - click(findTestObject(orPath_Landing + "/button_Continue")): Object: 'Object Repository/RAD_Pages/Landing_Page/button_Continue' is clicked on

2024-11-07 21:07:17 - [MESSAGE][PASSED] - Object: 'Object Repository/RAD_Pages/Landing_Page/button_Continue' is clicked on

2024-11-07 21:07:17 - [TEST_STEP][PASSED] - delay(2): Delayed 2 second(s)

2024-11-07 21:07:19 - [MESSAGE][PASSED] - Delayed 2 second(s)

2024-11-07 21:07:19 - [TEST_STEP][PASSED] - verifyTextPresent("Summary", true): Text 'Summary' is present on page  using regular expression

2024-11-07 21:07:20 - [MESSAGE][PASSED] - Text 'Summary' is present on page  using regular expression

2024-11-07 21:07:20 - [TEST_STEP][PASSED] - verifyTextPresent("Review the information below and make any necessary corrections by clicking the", true): Text 'Review the information below and make any necessary corrections by clicking the' is present on page  using regular expression

2024-11-07 21:07:20 - [MESSAGE][PASSED] - Text 'Review the information below and make any necessary corrections by clicking the' is present on page  using regular expression

2024-11-07 21:07:20 - [TEST_STEP][PASSED] - verifyTextPresent("When you are confident that all the information is correct, click the", true): Text 'When you are confident that all the information is correct, click the' is present on page  using regular expression

2024-11-07 21:07:20 - [MESSAGE][PASSED] - Text 'When you are confident that all the information is correct, click the' is present on page  using regular expression

2024-11-07 21:07:20 - [TEST_STEP][PASSED] - verifyTextPresent("Payment Type/Filing Year", true): Text 'Payment Type/Filing Year' is present on page  using regular expression

2024-11-07 21:07:20 - [MESSAGE][PASSED] - Text 'Payment Type/Filing Year' is present on page  using regular expression

2024-11-07 21:07:20 - [TEST_STEP][PASSED] - verifyTextPresent("Payment Type:", true): Text 'Payment Type:' is present on page  using regular expression

2024-11-07 21:07:21 - [MESSAGE][PASSED] - Text 'Payment Type:' is present on page  using regular expression

2024-11-07 21:07:21 - [TEST_STEP][PASSED] - verifyTextPresent("Extension Payments", true): Text 'Extension Payments' is present on page  using regular expression

2024-11-07 21:07:21 - [MESSAGE][PASSED] - Text 'Extension Payments' is present on page  using regular expression

2024-11-07 21:07:21 - [TEST_STEP][PASSED] - verifyTextPresent("Filing Year:", true): Text 'Filing Year:' is present on page  using regular expression

2024-11-07 21:07:21 - [MESSAGE][PASSED] - Text 'Filing Year:' is present on page  using regular expression

2024-11-07 21:07:21 - [TEST_STEP][PASSED] - verifyTextPresent(FilingYear, true): Text '2023' is present on page  using regular expression

2024-11-07 21:07:22 - [MESSAGE][PASSED] - Text '2023' is present on page  using regular expression

2024-11-07 21:07:22 - [TEST_STEP][PASSED] - switch (TaxType): null

2024-11-07 21:07:22 - [TEST_STEP][PASSED] - verifyTextPresent("Payer Information", true): Text 'Payer Information' is present on page  using regular expression

2024-11-07 21:07:22 - [MESSAGE][PASSED] - Text 'Payer Information' is present on page  using regular expression

2024-11-07 21:07:22 - [TEST_STEP][PASSED] - verifyTextPresent("Taxpayer Name:", true): Text 'Taxpayer Name:' is present on page  using regular expression

2024-11-07 21:07:22 - [MESSAGE][PASSED] - Text 'Taxpayer Name:' is present on page  using regular expression

2024-11-07 21:07:22 - [TEST_STEP][PASSED] - verifyTextPresent("My Company", true): Text 'My Company' is present on page  using regular expression

2024-11-07 21:07:23 - [MESSAGE][PASSED] - Text 'My Company' is present on page  using regular expression

2024-11-07 21:07:23 - [TEST_STEP][PASSED] - verifyTextPresent("Business Rep Name:", true): Text 'Business Rep Name:' is present on page  using regular expression

2024-11-07 21:07:23 - [MESSAGE][PASSED] - Text 'Business Rep Name:' is present on page  using regular expression

2024-11-07 21:07:23 - [TEST_STEP][PASSED] - verifyTextPresent("BusRepFname BusRepLname", true): Text 'BusRepFname BusRepLname' is present on page  using regular expression

2024-11-07 21:07:23 - [MESSAGE][PASSED] - Text 'BusRepFname BusRepLname' is present on page  using regular expression

2024-11-07 21:07:23 - [TEST_STEP][PASSED] - verifyTextPresent("Taxpayer Address:", true): Text 'Taxpayer Address:' is present on page  using regular expression

2024-11-07 21:07:24 - [MESSAGE][PASSED] - Text 'Taxpayer Address:' is present on page  using regular expression

2024-11-07 21:07:24 - [TEST_STEP][PASSED] - verifyTextPresent("2508 Mandan Terrace Gambrills Maryland 21054", true): Text '2508 Mandan Terrace Gambrills Maryland 21054' is present on page  using regular expression

2024-11-07 21:07:24 - [MESSAGE][PASSED] - Text '2508 Mandan Terrace Gambrills Maryland 21054' is present on page  using regular expression

2024-11-07 21:07:24 - [TEST_STEP][PASSED] - verifyTextPresent("Email:", true): Text 'Email:' is present on page  using regular expression

2024-11-07 21:07:24 - [MESSAGE][PASSED] - Text 'Email:' is present on page  using regular expression

2024-11-07 21:07:24 - [TEST_STEP][PASSED] - verifyTextPresent("iahmed@govolution.com", true): Text 'iahmed@govolution.com' is present on page  using regular expression

2024-11-07 21:07:25 - [MESSAGE][PASSED] - Text 'iahmed@govolution.com' is present on page  using regular expression

2024-11-07 21:07:25 - [TEST_STEP][PASSED] - verifyTextPresent("Phone:", true): Text 'Phone:' is present on page  using regular expression

2024-11-07 21:07:25 - [MESSAGE][PASSED] - Text 'Phone:' is present on page  using regular expression

2024-11-07 21:07:25 - [TEST_STEP][PASSED] - verifyTextPresent("(703) 894-5000", false): Text '(703) 894-5000' is present on page 

2024-11-07 21:07:25 - [MESSAGE][PASSED] - Text '(703) 894-5000' is present on page 

2024-11-07 21:07:25 - [TEST_STEP][PASSED] - verifyTextPresent("Tax Information", true): Text 'Tax Information' is present on page  using regular expression

2024-11-07 21:07:26 - [MESSAGE][PASSED] - Text 'Tax Information' is present on page  using regular expression

2024-11-07 21:07:26 - [TEST_STEP][PASSED] - if (feinSSN.equalsIgnoreCase("Y")): Text 'XXXXX5293' is present on page  using regular expression

2024-11-07 21:07:26 - [TEST_STEP][PASSED] - verifyTextPresent("FEIN/SSN:", true): Text 'FEIN/SSN:' is present on page  using regular expression

2024-11-07 21:07:26 - [MESSAGE][PASSED] - Text 'FEIN/SSN:' is present on page  using regular expression

2024-11-07 21:07:26 - [TEST_STEP][PASSED] - verifyTextNotPresent("Federal EIN:", true): Text 'Federal EIN:' is not present on page using regular expression

2024-11-07 21:07:26 - [MESSAGE][PASSED] - Text 'Federal EIN:' is not present on page using regular expression

2024-11-07 21:07:26 - [TEST_STEP][PASSED] - verifyTextPresent("XXXXX5293", true): Text 'XXXXX5293' is present on page  using regular expression

2024-11-07 21:07:27 - [MESSAGE][PASSED] - Text 'XXXXX5293' is present on page  using regular expression

2024-11-07 21:07:27 - [TEST_STEP][PASSED] - verifyTextPresent("Payment Amount:", true): Text 'Payment Amount:' is present on page  using regular expression

2024-11-07 21:07:27 - [MESSAGE][PASSED] - Text 'Payment Amount:' is present on page  using regular expression

2024-11-07 21:07:27 - [TEST_STEP][PASSED] - verifyTextPresent("100.00", true): Text '100.00' is present on page  using regular expression

2024-11-07 21:07:27 - [MESSAGE][PASSED] - Text '100.00' is present on page  using regular expression

2024-11-07 21:07:27 - [TEST_STEP][PASSED] - if (verifyElementVisible(findTestObject(orPath_Summary + "/button_Proceed to Payment"))): null

2024-11-07 21:07:28 - [MESSAGE][PASSED] - Object 'Object Repository/RAD_Pages/Summary_Page/button_Proceed to Payment' is visible

2024-11-07 21:07:28 - [TEST_STEP][PASSED] - resText = "Pass": null

2024-11-07 21:07:28 - [TEST_STEP][PASSED] - pages.WriteExcel.demoKey(resText, datText, resColumn, datCloumn, fileLoc, nameSheet, row): pages.WriteExcel.demoKey is PASSED

2024-11-07 21:07:28 - [MESSAGE][PASSED] - pages.WriteExcel.demoKey is PASSED

2024-11-07 21:07:28 - [TEST_STEP][PASSED] - click(findTestObject(orPath_Summary + "/button_Proceed to Payment")): Object: 'Object Repository/RAD_Pages/Summary_Page/button_Proceed to Payment' is clicked on

2024-11-07 21:07:30 - [MESSAGE][PASSED] - Object: 'Object Repository/RAD_Pages/Summary_Page/button_Proceed to Payment' is clicked on

2024-11-07 21:07:30 - [TEST_STEP][PASSED] - verifyElementPresent(findTestObject("Object Repository/RAD_Pages/PaymentEntry_Page/input__billingName"), 30): Object 'Object Repository/RAD_Pages/PaymentEntry_Page/input__billingName' is present

2024-11-07 21:07:30 - [MESSAGE][PASSED] - Object 'Object Repository/RAD_Pages/PaymentEntry_Page/input__billingName' is present

2024-11-07 21:07:30 - [TEST_STEP][PASSED] - ExecuteTC = findTestData(dataFile).getValue("Execute", row): null

2024-11-07 21:07:30 - [TEST_STEP][PASSED] - TaxType = findTestData(dataFile).getValue("TaxType", row): null

2024-11-07 21:07:31 - [TEST_STEP][PASSED] - PaymentType = findTestData(dataFile).getValue("PaymentType", row): null

2024-11-07 21:07:31 - [TEST_STEP][PASSED] - FilingYear = findTestData(dataFile).getValue("Year", row): null

2024-11-07 21:07:31 - [TEST_STEP][PASSED] - PeriodEndingMonth = findTestData(dataFile).getValue("Month", row): null

2024-11-07 21:07:31 - [TEST_STEP][PASSED] - feinSSN = findTestData(dataFile).getValue("FeinSsn", row): null

2024-11-07 21:07:31 - [TEST_STEP][PASSED] - if (ExecuteTC.equalsIgnoreCase("Y")): Object 'Object Repository/RAD_Pages/PaymentEntry_Page/input__billingName' is present

2024-11-07 21:07:31 - [TEST_STEP][PASSED] - out.println("Begin Record Number: " + row): null

2024-11-07 21:07:31 - [TEST_STEP][PASSED] - today = new java.util.Date(): null

2024-11-07 21:07:31 - [TEST_STEP][PASSED] - println(today): null

2024-11-07 21:07:31 - [TEST_STEP][PASSED] - datText = today: null

2024-11-07 21:07:31 - [TEST_STEP][PASSED] - logInfo("Payment Type: Extension Payments"): Payment Type: Extension Payments

2024-11-07 21:07:31 - [MESSAGE][INFO] - Payment Type: Extension Payments

2024-11-07 21:07:31 - [TEST_STEP][PASSED] - logInfo("Tax Type: " + TaxType): Tax Type: PTE Tax Electing Non-S Corp

2024-11-07 21:07:31 - [MESSAGE][INFO] - Tax Type: PTE Tax Electing Non-S Corp

2024-11-07 21:07:31 - [TEST_STEP][PASSED] - openBrowser(""): Browser is opened with url: ''

2024-11-07 21:07:31 - [MESSAGE][WARNING] - A browser is already opened. Closing browser and opening a new one

2024-11-07 21:07:32 - [MESSAGE][INFO] - Starting 'Chrome' driver

2024-11-07 21:07:32 - [MESSAGE][INFO] - User set preference: ['acceptInsecureCerts', 'true']

2024-11-07 21:07:32 - [MESSAGE][INFO] - Action delay is set to 0 milliseconds

2024-11-07 21:07:34 - [MESSAGE][PASSED] - Browser is opened with url: ''

2024-11-07 21:07:34 - [TEST_STEP][PASSED] - maximizeWindow(): Current window maximized

2024-11-07 21:07:34 - [MESSAGE][PASSED] - Current window maximized

2024-11-07 21:07:34 - [TEST_STEP][PASSED] - navigateToUrl(RADurl): Navigate to 'https://www.velocitypayment.com/client/rad/index.html' successfully

2024-11-07 21:07:36 - [MESSAGE][PASSED] - Navigate to 'https://www.velocitypayment.com/client/rad/index.html' successfully

2024-11-07 21:07:36 - [TEST_STEP][PASSED] - selectOptionByLabel(findTestObject(orPath_Landing + "/dd_TaxType"), "Extension Payments", false): All options with label 'Extension Payments' are selected in object 'Object Repository/RAD_Pages/Landing_Page/dd_TaxType' 

2024-11-07 21:07:37 - [MESSAGE][PASSED] - All options with label 'Extension Payments' are selected in object 'Object Repository/RAD_Pages/Landing_Page/dd_TaxType' 

2024-11-07 21:07:37 - [TEST_STEP][PASSED] - selectOptionByLabel(findTestObject(orPath_TaxTypeFilingYear + "/select_PaymentType"), TaxType, false): All options with label 'PTE Tax Electing Non-S Corp' are selected in object 'Object Repository/RAD_Pages/TaxTypeFilingYear_Page/select_PaymentType' 

2024-11-07 21:07:38 - [MESSAGE][PASSED] - All options with label 'PTE Tax Electing Non-S Corp' are selected in object 'Object Repository/RAD_Pages/TaxTypeFilingYear_Page/select_PaymentType' 

2024-11-07 21:07:38 - [TEST_STEP][PASSED] - selectOptionByLabel(findTestObject(orPath_TaxTypeFilingYear + "/select_FilingYear"), FilingYear, false): All options with label '2023' are selected in object 'Object Repository/RAD_Pages/TaxTypeFilingYear_Page/select_FilingYear' 

2024-11-07 21:07:38 - [MESSAGE][PASSED] - All options with label '2023' are selected in object 'Object Repository/RAD_Pages/TaxTypeFilingYear_Page/select_FilingYear' 

2024-11-07 21:07:38 - [TEST_STEP][PASSED] - switch (TaxType): null

2024-11-07 21:07:38 - [TEST_STEP][PASSED] - rad.getSetDataRAD.setDataRADBusinessName(): rad.getSetDataRAD.setDataRADBusinessName is PASSED

2024-11-07 21:07:39 - [MESSAGE][PASSED] - Text 'My Company' is set on object 'Object Repository/RAD_Pages/Taxpayer_Page/input_businessName'

2024-11-07 21:07:39 - [MESSAGE][PASSED] - rad.getSetDataRAD.setDataRADBusinessName is PASSED

2024-11-07 21:07:39 - [TEST_STEP][PASSED] - rad.getSetDataRAD.setDataRADBusinessRep(): rad.getSetDataRAD.setDataRADBusinessRep is PASSED

2024-11-07 21:07:40 - [MESSAGE][PASSED] - Text 'BusRepFname' is set on object 'Object Repository/RAD_Pages/Taxpayer_Page/input_BusinessRepfirstName'

2024-11-07 21:07:41 - [MESSAGE][PASSED] - Text '' is set on object 'Object Repository/RAD_Pages/Taxpayer_Page/input_BusinessRepmiddleName'

2024-11-07 21:07:41 - [MESSAGE][PASSED] - Text 'BusRepLname' is set on object 'Object Repository/RAD_Pages/Taxpayer_Page/input_BusinessReplastName'

2024-11-07 21:07:42 - [MESSAGE][PASSED] - Text '' is set on object 'Object Repository/RAD_Pages/Taxpayer_Page/input_BusinessRepsuffix'

2024-11-07 21:07:42 - [MESSAGE][PASSED] - rad.getSetDataRAD.setDataRADBusinessRep is PASSED

2024-11-07 21:07:42 - [TEST_STEP][PASSED] - rad.getSetDataRAD.setDataRADAddress(): rad.getSetDataRAD.setDataRADAddress is PASSED

2024-11-07 21:07:43 - [MESSAGE][PASSED] - All options with label 'United States' are selected in object 'Object Repository/RAD_Pages/AddressAndContactInfo_Page/select_Country' 

2024-11-07 21:07:43 - [MESSAGE][PASSED] - Text '2508 Mandan Terrace' is set on object 'Object Repository/RAD_Pages/AddressAndContactInfo_Page/input_streetAddress1'

2024-11-07 21:07:44 - [MESSAGE][PASSED] - Text '' is set on object 'Object Repository/RAD_Pages/AddressAndContactInfo_Page/input_streetAddress2'

2024-11-07 21:07:45 - [MESSAGE][PASSED] - Text 'Gambrills' is set on object 'Object Repository/RAD_Pages/AddressAndContactInfo_Page/input_city'

2024-11-07 21:07:46 - [MESSAGE][PASSED] - All options with label 'Maryland' are selected in object 'Object Repository/RAD_Pages/AddressAndContactInfo_Page/select_State' 

2024-11-07 21:07:46 - [MESSAGE][PASSED] - Text '21054' is set on object 'Object Repository/RAD_Pages/AddressAndContactInfo_Page/input_zipCode'

2024-11-07 21:07:47 - [MESSAGE][PASSED] - Text '(703) 894-5000' is set on object 'Object Repository/RAD_Pages/AddressAndContactInfo_Page/input_phoneNumber'

2024-11-07 21:07:48 - [MESSAGE][PASSED] - Text 'iahmed@govolution.com' is set on object 'Object Repository/RAD_Pages/AddressAndContactInfo_Page/input_eMailAddress'

2024-11-07 21:07:49 - [MESSAGE][PASSED] - Text 'iahmed@govolution.com' is set on object 'Object Repository/RAD_Pages/AddressAndContactInfo_Page/input_reEnterEMailAddress'

2024-11-07 21:07:49 - [MESSAGE][PASSED] - rad.getSetDataRAD.setDataRADAddress is PASSED

2024-11-07 21:07:49 - [TEST_STEP][PASSED] - if (feinSSN.equalsIgnoreCase("Y")): Text ****** has been set on object 'Object Repository/RAD_Pages/TaxInfo_Page/input_TaxInfo_RetypeFeinSsn_New_2'

2024-11-07 21:07:49 - [TEST_STEP][PASSED] - setEncryptedText(findTestObject(orPath_TaxInfo + "/input_TaxInfo_FeinSsn_New_2"), "1UdOed23yJD0bM3UEjTHrQ=="): Text ****** has been set on object 'Object Repository/RAD_Pages/TaxInfo_Page/input_TaxInfo_FeinSsn_New_2'

2024-11-07 21:07:50 - [MESSAGE][PASSED] - Text ****** has been set on object 'Object Repository/RAD_Pages/TaxInfo_Page/input_TaxInfo_FeinSsn_New_2'

2024-11-07 21:07:50 - [TEST_STEP][PASSED] - setEncryptedText(findTestObject(orPath_TaxInfo + "/input_TaxInfo_RetypeFeinSsn_New_2"), "1UdOed23yJD0bM3UEjTHrQ=="): Text ****** has been set on object 'Object Repository/RAD_Pages/TaxInfo_Page/input_TaxInfo_RetypeFeinSsn_New_2'

2024-11-07 21:07:50 - [MESSAGE][PASSED] - Text ****** has been set on object 'Object Repository/RAD_Pages/TaxInfo_Page/input_TaxInfo_RetypeFeinSsn_New_2'

2024-11-07 21:07:50 - [TEST_STEP][PASSED] - setText(findTestObject(orPath_Amount + "/input__paymentAmount"), "100.00"): Text '100.00' is set on object 'Object Repository/RAD_Pages/PaymentAmount_Page/input__paymentAmount'

2024-11-07 21:07:51 - [MESSAGE][PASSED] - Text '100.00' is set on object 'Object Repository/RAD_Pages/PaymentAmount_Page/input__paymentAmount'

2024-11-07 21:07:51 - [TEST_STEP][PASSED] - setText(findTestObject(orPath_AddressContact + "/input_streetAddress2"), ""): Text '' is set on object 'Object Repository/RAD_Pages/AddressAndContactInfo_Page/input_streetAddress2'

2024-11-07 21:07:51 - [MESSAGE][PASSED] - Text '' is set on object 'Object Repository/RAD_Pages/AddressAndContactInfo_Page/input_streetAddress2'

2024-11-07 21:07:51 - [TEST_STEP][PASSED] - scrollToElement(findTestObject(orPath_Landing + "/button_Continue"), 3): Scroll to object 'Object Repository/RAD_Pages/Landing_Page/button_Continue' successfully

2024-11-07 21:07:52 - [MESSAGE][PASSED] - Scroll to object 'Object Repository/RAD_Pages/Landing_Page/button_Continue' successfully

2024-11-07 21:07:52 - [TEST_STEP][PASSED] - waitForElementClickable(findTestObject(orPath_Landing + "/button_Continue"), 5): Object 'Object Repository/RAD_Pages/Landing_Page/button_Continue' is clickable

2024-11-07 21:07:52 - [MESSAGE][PASSED] - Object 'Object Repository/RAD_Pages/Landing_Page/button_Continue' is clickable

2024-11-07 21:07:52 - [TEST_STEP][PASSED] - click(findTestObject(orPath_Landing + "/button_Continue")): Object: 'Object Repository/RAD_Pages/Landing_Page/button_Continue' is clicked on

2024-11-07 21:07:53 - [MESSAGE][PASSED] - Object: 'Object Repository/RAD_Pages/Landing_Page/button_Continue' is clicked on

2024-11-07 21:07:53 - [TEST_STEP][PASSED] - delay(2): Delayed 2 second(s)

2024-11-07 21:07:55 - [MESSAGE][PASSED] - Delayed 2 second(s)

2024-11-07 21:07:55 - [TEST_STEP][PASSED] - verifyTextPresent("Summary", true): Text 'Summary' is present on page  using regular expression

2024-11-07 21:07:55 - [MESSAGE][PASSED] - Text 'Summary' is present on page  using regular expression

2024-11-07 21:07:55 - [TEST_STEP][PASSED] - verifyTextPresent("Review the information below and make any necessary corrections by clicking the", true): Text 'Review the information below and make any necessary corrections by clicking the' is present on page  using regular expression

2024-11-07 21:07:55 - [MESSAGE][PASSED] - Text 'Review the information below and make any necessary corrections by clicking the' is present on page  using regular expression

2024-11-07 21:07:55 - [TEST_STEP][PASSED] - verifyTextPresent("When you are confident that all the information is correct, click the", true): Text 'When you are confident that all the information is correct, click the' is present on page  using regular expression

2024-11-07 21:07:56 - [MESSAGE][PASSED] - Text 'When you are confident that all the information is correct, click the' is present on page  using regular expression

2024-11-07 21:07:56 - [TEST_STEP][PASSED] - verifyTextPresent("Payment Type/Filing Year", true): Text 'Payment Type/Filing Year' is present on page  using regular expression

2024-11-07 21:07:56 - [MESSAGE][PASSED] - Text 'Payment Type/Filing Year' is present on page  using regular expression

2024-11-07 21:07:56 - [TEST_STEP][PASSED] - verifyTextPresent("Payment Type:", true): Text 'Payment Type:' is present on page  using regular expression

2024-11-07 21:07:56 - [MESSAGE][PASSED] - Text 'Payment Type:' is present on page  using regular expression

2024-11-07 21:07:56 - [TEST_STEP][PASSED] - verifyTextPresent("Extension Payments", true): Text 'Extension Payments' is present on page  using regular expression

2024-11-07 21:07:57 - [MESSAGE][PASSED] - Text 'Extension Payments' is present on page  using regular expression

2024-11-07 21:07:57 - [TEST_STEP][PASSED] - verifyTextPresent("Filing Year:", true): Text 'Filing Year:' is present on page  using regular expression

2024-11-07 21:07:57 - [MESSAGE][PASSED] - Text 'Filing Year:' is present on page  using regular expression

2024-11-07 21:07:57 - [TEST_STEP][PASSED] - verifyTextPresent(FilingYear, true): Text '2023' is present on page  using regular expression

2024-11-07 21:07:57 - [MESSAGE][PASSED] - Text '2023' is present on page  using regular expression

2024-11-07 21:07:57 - [TEST_STEP][PASSED] - switch (TaxType): null

2024-11-07 21:07:57 - [TEST_STEP][PASSED] - verifyTextPresent("Payer Information", true): Text 'Payer Information' is present on page  using regular expression

2024-11-07 21:07:58 - [MESSAGE][PASSED] - Text 'Payer Information' is present on page  using regular expression

2024-11-07 21:07:58 - [TEST_STEP][PASSED] - verifyTextPresent("Taxpayer Name:", true): Text 'Taxpayer Name:' is present on page  using regular expression

2024-11-07 21:07:58 - [MESSAGE][PASSED] - Text 'Taxpayer Name:' is present on page  using regular expression

2024-11-07 21:07:58 - [TEST_STEP][PASSED] - verifyTextPresent("My Company", true): Text 'My Company' is present on page  using regular expression

2024-11-07 21:07:58 - [MESSAGE][PASSED] - Text 'My Company' is present on page  using regular expression

2024-11-07 21:07:58 - [TEST_STEP][PASSED] - verifyTextPresent("Business Rep Name:", true): Text 'Business Rep Name:' is present on page  using regular expression

2024-11-07 21:07:59 - [MESSAGE][PASSED] - Text 'Business Rep Name:' is present on page  using regular expression

2024-11-07 21:07:59 - [TEST_STEP][PASSED] - verifyTextPresent("BusRepFname BusRepLname", true): Text 'BusRepFname BusRepLname' is present on page  using regular expression

2024-11-07 21:07:59 - [MESSAGE][PASSED] - Text 'BusRepFname BusRepLname' is present on page  using regular expression

2024-11-07 21:07:59 - [TEST_STEP][PASSED] - verifyTextPresent("Taxpayer Address:", true): Text 'Taxpayer Address:' is present on page  using regular expression

2024-11-07 21:07:59 - [MESSAGE][PASSED] - Text 'Taxpayer Address:' is present on page  using regular expression

2024-11-07 21:07:59 - [TEST_STEP][PASSED] - verifyTextPresent("2508 Mandan Terrace Gambrills Maryland 21054", true): Text '2508 Mandan Terrace Gambrills Maryland 21054' is present on page  using regular expression

2024-11-07 21:08:00 - [MESSAGE][PASSED] - Text '2508 Mandan Terrace Gambrills Maryland 21054' is present on page  using regular expression

2024-11-07 21:08:00 - [TEST_STEP][PASSED] - verifyTextPresent("Email:", true): Text 'Email:' is present on page  using regular expression

2024-11-07 21:08:00 - [MESSAGE][PASSED] - Text 'Email:' is present on page  using regular expression

2024-11-07 21:08:00 - [TEST_STEP][PASSED] - verifyTextPresent("iahmed@govolution.com", true): Text 'iahmed@govolution.com' is present on page  using regular expression

2024-11-07 21:08:00 - [MESSAGE][PASSED] - Text 'iahmed@govolution.com' is present on page  using regular expression

2024-11-07 21:08:00 - [TEST_STEP][PASSED] - verifyTextPresent("Phone:", true): Text 'Phone:' is present on page  using regular expression

2024-11-07 21:08:01 - [MESSAGE][PASSED] - Text 'Phone:' is present on page  using regular expression

2024-11-07 21:08:01 - [TEST_STEP][PASSED] - verifyTextPresent("(703) 894-5000", false): Text '(703) 894-5000' is present on page 

2024-11-07 21:08:01 - [MESSAGE][PASSED] - Text '(703) 894-5000' is present on page 

2024-11-07 21:08:01 - [TEST_STEP][PASSED] - verifyTextPresent("Tax Information", true): Text 'Tax Information' is present on page  using regular expression

2024-11-07 21:08:01 - [MESSAGE][PASSED] - Text 'Tax Information' is present on page  using regular expression

2024-11-07 21:08:01 - [TEST_STEP][PASSED] - if (feinSSN.equalsIgnoreCase("Y")): Text 'XXXXX5293' is present on page  using regular expression

2024-11-07 21:08:01 - [TEST_STEP][PASSED] - verifyTextPresent("FEIN/SSN:", true): Text 'FEIN/SSN:' is present on page  using regular expression

2024-11-07 21:08:01 - [MESSAGE][PASSED] - Text 'FEIN/SSN:' is present on page  using regular expression

2024-11-07 21:08:01 - [TEST_STEP][PASSED] - verifyTextNotPresent("Federal EIN:", true): Text 'Federal EIN:' is not present on page using regular expression

2024-11-07 21:08:02 - [MESSAGE][PASSED] - Text 'Federal EIN:' is not present on page using regular expression

2024-11-07 21:08:02 - [TEST_STEP][PASSED] - verifyTextPresent("XXXXX5293", true): Text 'XXXXX5293' is present on page  using regular expression

2024-11-07 21:08:02 - [MESSAGE][PASSED] - Text 'XXXXX5293' is present on page  using regular expression

2024-11-07 21:08:02 - [TEST_STEP][PASSED] - verifyTextPresent("Payment Amount:", true): Text 'Payment Amount:' is present on page  using regular expression

2024-11-07 21:08:02 - [MESSAGE][PASSED] - Text 'Payment Amount:' is present on page  using regular expression

2024-11-07 21:08:02 - [TEST_STEP][PASSED] - verifyTextPresent("100.00", true): Text '100.00' is present on page  using regular expression

2024-11-07 21:08:03 - [MESSAGE][PASSED] - Text '100.00' is present on page  using regular expression

2024-11-07 21:08:03 - [TEST_STEP][PASSED] - if (verifyElementVisible(findTestObject(orPath_Summary + "/button_Proceed to Payment"))): null

2024-11-07 21:08:03 - [MESSAGE][PASSED] - Object 'Object Repository/RAD_Pages/Summary_Page/button_Proceed to Payment' is visible

2024-11-07 21:08:03 - [TEST_STEP][PASSED] - resText = "Pass": null

2024-11-07 21:08:03 - [TEST_STEP][PASSED] - pages.WriteExcel.demoKey(resText, datText, resColumn, datCloumn, fileLoc, nameSheet, row): pages.WriteExcel.demoKey is PASSED

2024-11-07 21:08:03 - [MESSAGE][PASSED] - pages.WriteExcel.demoKey is PASSED

2024-11-07 21:08:03 - [TEST_STEP][PASSED] - click(findTestObject(orPath_Summary + "/button_Proceed to Payment")): Object: 'Object Repository/RAD_Pages/Summary_Page/button_Proceed to Payment' is clicked on

2024-11-07 21:08:06 - [MESSAGE][PASSED] - Object: 'Object Repository/RAD_Pages/Summary_Page/button_Proceed to Payment' is clicked on

2024-11-07 21:08:06 - [TEST_STEP][PASSED] - verifyElementPresent(findTestObject("Object Repository/RAD_Pages/PaymentEntry_Page/input__billingName"), 30): Object 'Object Repository/RAD_Pages/PaymentEntry_Page/input__billingName' is present

2024-11-07 21:08:06 - [MESSAGE][PASSED] - Object 'Object Repository/RAD_Pages/PaymentEntry_Page/input__billingName' is present

2024-11-07 21:08:06 - [TEST_STEP][PASSED] - ExecuteTC = findTestData(dataFile).getValue("Execute", row): null

2024-11-07 21:08:06 - [TEST_STEP][PASSED] - TaxType = findTestData(dataFile).getValue("TaxType", row): null

2024-11-07 21:08:06 - [TEST_STEP][PASSED] - PaymentType = findTestData(dataFile).getValue("PaymentType", row): null

2024-11-07 21:08:06 - [TEST_STEP][PASSED] - FilingYear = findTestData(dataFile).getValue("Year", row): null

2024-11-07 21:08:06 - [TEST_STEP][PASSED] - PeriodEndingMonth = findTestData(dataFile).getValue("Month", row): null

2024-11-07 21:08:06 - [TEST_STEP][PASSED] - feinSSN = findTestData(dataFile).getValue("FeinSsn", row): null

2024-11-07 21:08:07 - [TEST_STEP][PASSED] - if (ExecuteTC.equalsIgnoreCase("Y")): Object 'Object Repository/RAD_Pages/PaymentEntry_Page/input__billingName' is present

2024-11-07 21:08:07 - [TEST_STEP][PASSED] - out.println("Begin Record Number: " + row): null

2024-11-07 21:08:07 - [TEST_STEP][PASSED] - today = new java.util.Date(): null

2024-11-07 21:08:07 - [TEST_STEP][PASSED] - println(today): null

2024-11-07 21:08:07 - [TEST_STEP][PASSED] - datText = today: null

2024-11-07 21:08:07 - [TEST_STEP][PASSED] - logInfo("Payment Type: Extension Payments"): Payment Type: Extension Payments

2024-11-07 21:08:07 - [MESSAGE][INFO] - Payment Type: Extension Payments

2024-11-07 21:08:07 - [TEST_STEP][PASSED] - logInfo("Tax Type: " + TaxType): Tax Type: PTE Tax Electing S Corp

2024-11-07 21:08:07 - [MESSAGE][INFO] - Tax Type: PTE Tax Electing S Corp

2024-11-07 21:08:07 - [TEST_STEP][PASSED] - openBrowser(""): Browser is opened with url: ''

2024-11-07 21:08:07 - [MESSAGE][WARNING] - A browser is already opened. Closing browser and opening a new one

2024-11-07 21:08:08 - [MESSAGE][INFO] - Starting 'Chrome' driver

2024-11-07 21:08:08 - [MESSAGE][INFO] - User set preference: ['acceptInsecureCerts', 'true']

2024-11-07 21:08:08 - [MESSAGE][INFO] - Action delay is set to 0 milliseconds

2024-11-07 21:08:10 - [MESSAGE][PASSED] - Browser is opened with url: ''

2024-11-07 21:08:10 - [TEST_STEP][PASSED] - maximizeWindow(): Current window maximized

2024-11-07 21:08:10 - [MESSAGE][PASSED] - Current window maximized

2024-11-07 21:08:10 - [TEST_STEP][PASSED] - navigateToUrl(RADurl): Navigate to 'https://www.velocitypayment.com/client/rad/index.html' successfully

2024-11-07 21:08:12 - [MESSAGE][PASSED] - Navigate to 'https://www.velocitypayment.com/client/rad/index.html' successfully

2024-11-07 21:08:12 - [TEST_STEP][PASSED] - selectOptionByLabel(findTestObject(orPath_Landing + "/dd_TaxType"), "Extension Payments", false): All options with label 'Extension Payments' are selected in object 'Object Repository/RAD_Pages/Landing_Page/dd_TaxType' 

2024-11-07 21:08:12 - [MESSAGE][PASSED] - All options with label 'Extension Payments' are selected in object 'Object Repository/RAD_Pages/Landing_Page/dd_TaxType' 

2024-11-07 21:08:12 - [TEST_STEP][PASSED] - selectOptionByLabel(findTestObject(orPath_TaxTypeFilingYear + "/select_PaymentType"), TaxType, false): All options with label 'PTE Tax Electing S Corp' are selected in object 'Object Repository/RAD_Pages/TaxTypeFilingYear_Page/select_PaymentType' 

2024-11-07 21:08:13 - [MESSAGE][PASSED] - All options with label 'PTE Tax Electing S Corp' are selected in object 'Object Repository/RAD_Pages/TaxTypeFilingYear_Page/select_PaymentType' 

2024-11-07 21:08:13 - [TEST_STEP][PASSED] - selectOptionByLabel(findTestObject(orPath_TaxTypeFilingYear + "/select_FilingYear"), FilingYear, false): All options with label '2023' are selected in object 'Object Repository/RAD_Pages/TaxTypeFilingYear_Page/select_FilingYear' 

2024-11-07 21:08:14 - [MESSAGE][PASSED] - All options with label '2023' are selected in object 'Object Repository/RAD_Pages/TaxTypeFilingYear_Page/select_FilingYear' 

2024-11-07 21:08:14 - [TEST_STEP][PASSED] - switch (TaxType): null

2024-11-07 21:08:14 - [TEST_STEP][PASSED] - rad.getSetDataRAD.setDataRADBusinessName(): rad.getSetDataRAD.setDataRADBusinessName is PASSED

2024-11-07 21:08:15 - [MESSAGE][PASSED] - Text 'My Company' is set on object 'Object Repository/RAD_Pages/Taxpayer_Page/input_businessName'

2024-11-07 21:08:15 - [MESSAGE][PASSED] - rad.getSetDataRAD.setDataRADBusinessName is PASSED

2024-11-07 21:08:15 - [TEST_STEP][PASSED] - rad.getSetDataRAD.setDataRADBusinessRep(): rad.getSetDataRAD.setDataRADBusinessRep is PASSED

2024-11-07 21:08:15 - [MESSAGE][PASSED] - Text 'BusRepFname' is set on object 'Object Repository/RAD_Pages/Taxpayer_Page/input_BusinessRepfirstName'

2024-11-07 21:08:16 - [MESSAGE][PASSED] - Text '' is set on object 'Object Repository/RAD_Pages/Taxpayer_Page/input_BusinessRepmiddleName'

2024-11-07 21:08:17 - [MESSAGE][PASSED] - Text 'BusRepLname' is set on object 'Object Repository/RAD_Pages/Taxpayer_Page/input_BusinessReplastName'

2024-11-07 21:08:18 - [MESSAGE][PASSED] - Text '' is set on object 'Object Repository/RAD_Pages/Taxpayer_Page/input_BusinessRepsuffix'

2024-11-07 21:08:18 - [MESSAGE][PASSED] - rad.getSetDataRAD.setDataRADBusinessRep is PASSED

2024-11-07 21:08:18 - [TEST_STEP][PASSED] - rad.getSetDataRAD.setDataRADAddress(): rad.getSetDataRAD.setDataRADAddress is PASSED

2024-11-07 21:08:18 - [MESSAGE][PASSED] - All options with label 'United States' are selected in object 'Object Repository/RAD_Pages/AddressAndContactInfo_Page/select_Country' 

2024-11-07 21:08:19 - [MESSAGE][PASSED] - Text '2508 Mandan Terrace' is set on object 'Object Repository/RAD_Pages/AddressAndContactInfo_Page/input_streetAddress1'

2024-11-07 21:08:20 - [MESSAGE][PASSED] - Text '' is set on object 'Object Repository/RAD_Pages/AddressAndContactInfo_Page/input_streetAddress2'

2024-11-07 21:08:21 - [MESSAGE][PASSED] - Text 'Gambrills' is set on object 'Object Repository/RAD_Pages/AddressAndContactInfo_Page/input_city'

2024-11-07 21:08:21 - [MESSAGE][PASSED] - All options with label 'Maryland' are selected in object 'Object Repository/RAD_Pages/AddressAndContactInfo_Page/select_State' 

2024-11-07 21:08:22 - [MESSAGE][PASSED] - Text '21054' is set on object 'Object Repository/RAD_Pages/AddressAndContactInfo_Page/input_zipCode'

2024-11-07 21:08:23 - [MESSAGE][PASSED] - Text '(703) 894-5000' is set on object 'Object Repository/RAD_Pages/AddressAndContactInfo_Page/input_phoneNumber'

2024-11-07 21:08:24 - [MESSAGE][PASSED] - Text 'iahmed@govolution.com' is set on object 'Object Repository/RAD_Pages/AddressAndContactInfo_Page/input_eMailAddress'

2024-11-07 21:08:25 - [MESSAGE][PASSED] - Text 'iahmed@govolution.com' is set on object 'Object Repository/RAD_Pages/AddressAndContactInfo_Page/input_reEnterEMailAddress'

2024-11-07 21:08:25 - [MESSAGE][PASSED] - rad.getSetDataRAD.setDataRADAddress is PASSED

2024-11-07 21:08:25 - [TEST_STEP][PASSED] - if (feinSSN.equalsIgnoreCase("Y")): Text ****** has been set on object 'Object Repository/RAD_Pages/TaxInfo_Page/input_TaxInfo_RetypeFeinSsn_New_2'

2024-11-07 21:08:25 - [TEST_STEP][PASSED] - setEncryptedText(findTestObject(orPath_TaxInfo + "/input_TaxInfo_FeinSsn_New_2"), "1UdOed23yJD0bM3UEjTHrQ=="): Text ****** has been set on object 'Object Repository/RAD_Pages/TaxInfo_Page/input_TaxInfo_FeinSsn_New_2'

2024-11-07 21:08:26 - [MESSAGE][PASSED] - Text ****** has been set on object 'Object Repository/RAD_Pages/TaxInfo_Page/input_TaxInfo_FeinSsn_New_2'

2024-11-07 21:08:26 - [TEST_STEP][PASSED] - setEncryptedText(findTestObject(orPath_TaxInfo + "/input_TaxInfo_RetypeFeinSsn_New_2"), "1UdOed23yJD0bM3UEjTHrQ=="): Text ****** has been set on object 'Object Repository/RAD_Pages/TaxInfo_Page/input_TaxInfo_RetypeFeinSsn_New_2'

2024-11-07 21:08:26 - [MESSAGE][PASSED] - Text ****** has been set on object 'Object Repository/RAD_Pages/TaxInfo_Page/input_TaxInfo_RetypeFeinSsn_New_2'

2024-11-07 21:08:26 - [TEST_STEP][PASSED] - setText(findTestObject(orPath_Amount + "/input__paymentAmount"), "100.00"): Text '100.00' is set on object 'Object Repository/RAD_Pages/PaymentAmount_Page/input__paymentAmount'

2024-11-07 21:08:27 - [MESSAGE][PASSED] - Text '100.00' is set on object 'Object Repository/RAD_Pages/PaymentAmount_Page/input__paymentAmount'

2024-11-07 21:08:27 - [TEST_STEP][PASSED] - setText(findTestObject(orPath_AddressContact + "/input_streetAddress2"), ""): Text '' is set on object 'Object Repository/RAD_Pages/AddressAndContactInfo_Page/input_streetAddress2'

2024-11-07 21:08:28 - [MESSAGE][PASSED] - Text '' is set on object 'Object Repository/RAD_Pages/AddressAndContactInfo_Page/input_streetAddress2'

2024-11-07 21:08:28 - [TEST_STEP][PASSED] - scrollToElement(findTestObject(orPath_Landing + "/button_Continue"), 3): Scroll to object 'Object Repository/RAD_Pages/Landing_Page/button_Continue' successfully

2024-11-07 21:08:28 - [MESSAGE][PASSED] - Scroll to object 'Object Repository/RAD_Pages/Landing_Page/button_Continue' successfully

2024-11-07 21:08:28 - [TEST_STEP][PASSED] - waitForElementClickable(findTestObject(orPath_Landing + "/button_Continue"), 5): Object 'Object Repository/RAD_Pages/Landing_Page/button_Continue' is clickable

2024-11-07 21:08:28 - [MESSAGE][PASSED] - Object 'Object Repository/RAD_Pages/Landing_Page/button_Continue' is clickable

2024-11-07 21:08:28 - [TEST_STEP][PASSED] - click(findTestObject(orPath_Landing + "/button_Continue")): Object: 'Object Repository/RAD_Pages/Landing_Page/button_Continue' is clicked on

2024-11-07 21:08:29 - [MESSAGE][PASSED] - Object: 'Object Repository/RAD_Pages/Landing_Page/button_Continue' is clicked on

2024-11-07 21:08:29 - [TEST_STEP][PASSED] - delay(2): Delayed 2 second(s)

2024-11-07 21:08:31 - [MESSAGE][PASSED] - Delayed 2 second(s)

2024-11-07 21:08:31 - [TEST_STEP][PASSED] - verifyTextPresent("Summary", true): Text 'Summary' is present on page  using regular expression

2024-11-07 21:08:31 - [MESSAGE][PASSED] - Text 'Summary' is present on page  using regular expression

2024-11-07 21:08:31 - [TEST_STEP][PASSED] - verifyTextPresent("Review the information below and make any necessary corrections by clicking the", true): Text 'Review the information below and make any necessary corrections by clicking the' is present on page  using regular expression

2024-11-07 21:08:31 - [MESSAGE][PASSED] - Text 'Review the information below and make any necessary corrections by clicking the' is present on page  using regular expression

2024-11-07 21:08:31 - [TEST_STEP][PASSED] - verifyTextPresent("When you are confident that all the information is correct, click the", true): Text 'When you are confident that all the information is correct, click the' is present on page  using regular expression

2024-11-07 21:08:32 - [MESSAGE][PASSED] - Text 'When you are confident that all the information is correct, click the' is present on page  using regular expression

2024-11-07 21:08:32 - [TEST_STEP][PASSED] - verifyTextPresent("Payment Type/Filing Year", true): Text 'Payment Type/Filing Year' is present on page  using regular expression

2024-11-07 21:08:32 - [MESSAGE][PASSED] - Text 'Payment Type/Filing Year' is present on page  using regular expression

2024-11-07 21:08:32 - [TEST_STEP][PASSED] - verifyTextPresent("Payment Type:", true): Text 'Payment Type:' is present on page  using regular expression

2024-11-07 21:08:32 - [MESSAGE][PASSED] - Text 'Payment Type:' is present on page  using regular expression

2024-11-07 21:08:32 - [TEST_STEP][PASSED] - verifyTextPresent("Extension Payments", true): Text 'Extension Payments' is present on page  using regular expression

2024-11-07 21:08:33 - [MESSAGE][PASSED] - Text 'Extension Payments' is present on page  using regular expression

2024-11-07 21:08:33 - [TEST_STEP][PASSED] - verifyTextPresent("Filing Year:", true): Text 'Filing Year:' is present on page  using regular expression

2024-11-07 21:08:33 - [MESSAGE][PASSED] - Text 'Filing Year:' is present on page  using regular expression

2024-11-07 21:08:33 - [TEST_STEP][PASSED] - verifyTextPresent(FilingYear, true): Text '2023' is present on page  using regular expression

2024-11-07 21:08:33 - [MESSAGE][PASSED] - Text '2023' is present on page  using regular expression

2024-11-07 21:08:33 - [TEST_STEP][PASSED] - switch (TaxType): null

2024-11-07 21:08:33 - [TEST_STEP][PASSED] - verifyTextPresent("Payer Information", true): Text 'Payer Information' is present on page  using regular expression

2024-11-07 21:08:34 - [MESSAGE][PASSED] - Text 'Payer Information' is present on page  using regular expression

2024-11-07 21:08:34 - [TEST_STEP][PASSED] - verifyTextPresent("Taxpayer Name:", true): Text 'Taxpayer Name:' is present on page  using regular expression

2024-11-07 21:08:34 - [MESSAGE][PASSED] - Text 'Taxpayer Name:' is present on page  using regular expression

2024-11-07 21:08:34 - [TEST_STEP][PASSED] - verifyTextPresent("My Company", true): Text 'My Company' is present on page  using regular expression

2024-11-07 21:08:34 - [MESSAGE][PASSED] - Text 'My Company' is present on page  using regular expression

2024-11-07 21:08:34 - [TEST_STEP][PASSED] - verifyTextPresent("Business Rep Name:", true): Text 'Business Rep Name:' is present on page  using regular expression

2024-11-07 21:08:35 - [MESSAGE][PASSED] - Text 'Business Rep Name:' is present on page  using regular expression

2024-11-07 21:08:35 - [TEST_STEP][PASSED] - verifyTextPresent("BusRepFname BusRepLname", true): Text 'BusRepFname BusRepLname' is present on page  using regular expression

2024-11-07 21:08:35 - [MESSAGE][PASSED] - Text 'BusRepFname BusRepLname' is present on page  using regular expression

2024-11-07 21:08:35 - [TEST_STEP][PASSED] - verifyTextPresent("Taxpayer Address:", true): Text 'Taxpayer Address:' is present on page  using regular expression

2024-11-07 21:08:35 - [MESSAGE][PASSED] - Text 'Taxpayer Address:' is present on page  using regular expression

2024-11-07 21:08:35 - [TEST_STEP][PASSED] - verifyTextPresent("2508 Mandan Terrace Gambrills Maryland 21054", true): Text '2508 Mandan Terrace Gambrills Maryland 21054' is present on page  using regular expression

2024-11-07 21:08:36 - [MESSAGE][PASSED] - Text '2508 Mandan Terrace Gambrills Maryland 21054' is present on page  using regular expression

2024-11-07 21:08:36 - [TEST_STEP][PASSED] - verifyTextPresent("Email:", true): Text 'Email:' is present on page  using regular expression

2024-11-07 21:08:36 - [MESSAGE][PASSED] - Text 'Email:' is present on page  using regular expression

2024-11-07 21:08:36 - [TEST_STEP][PASSED] - verifyTextPresent("iahmed@govolution.com", true): Text 'iahmed@govolution.com' is present on page  using regular expression

2024-11-07 21:08:36 - [MESSAGE][PASSED] - Text 'iahmed@govolution.com' is present on page  using regular expression

2024-11-07 21:08:36 - [TEST_STEP][PASSED] - verifyTextPresent("Phone:", true): Text 'Phone:' is present on page  using regular expression

2024-11-07 21:08:37 - [MESSAGE][PASSED] - Text 'Phone:' is present on page  using regular expression

2024-11-07 21:08:37 - [TEST_STEP][PASSED] - verifyTextPresent("(703) 894-5000", false): Text '(703) 894-5000' is present on page 

2024-11-07 21:08:37 - [MESSAGE][PASSED] - Text '(703) 894-5000' is present on page 

2024-11-07 21:08:37 - [TEST_STEP][PASSED] - verifyTextPresent("Tax Information", true): Text 'Tax Information' is present on page  using regular expression

2024-11-07 21:08:37 - [MESSAGE][PASSED] - Text 'Tax Information' is present on page  using regular expression

2024-11-07 21:08:37 - [TEST_STEP][PASSED] - if (feinSSN.equalsIgnoreCase("Y")): Text 'XXXXX5293' is present on page  using regular expression

2024-11-07 21:08:37 - [TEST_STEP][PASSED] - verifyTextPresent("FEIN/SSN:", true): Text 'FEIN/SSN:' is present on page  using regular expression

2024-11-07 21:08:37 - [MESSAGE][PASSED] - Text 'FEIN/SSN:' is present on page  using regular expression

2024-11-07 21:08:37 - [TEST_STEP][PASSED] - verifyTextNotPresent("Federal EIN:", true): Text 'Federal EIN:' is not present on page using regular expression

2024-11-07 21:08:38 - [MESSAGE][PASSED] - Text 'Federal EIN:' is not present on page using regular expression

2024-11-07 21:08:38 - [TEST_STEP][PASSED] - verifyTextPresent("XXXXX5293", true): Text 'XXXXX5293' is present on page  using regular expression

2024-11-07 21:08:38 - [MESSAGE][PASSED] - Text 'XXXXX5293' is present on page  using regular expression

2024-11-07 21:08:38 - [TEST_STEP][PASSED] - verifyTextPresent("Payment Amount:", true): Text 'Payment Amount:' is present on page  using regular expression

2024-11-07 21:08:38 - [MESSAGE][PASSED] - Text 'Payment Amount:' is present on page  using regular expression

2024-11-07 21:08:38 - [TEST_STEP][PASSED] - verifyTextPresent("100.00", true): Text '100.00' is present on page  using regular expression

2024-11-07 21:08:39 - [MESSAGE][PASSED] - Text '100.00' is present on page  using regular expression

2024-11-07 21:08:39 - [TEST_STEP][PASSED] - if (verifyElementVisible(findTestObject(orPath_Summary + "/button_Proceed to Payment"))): null

2024-11-07 21:08:39 - [MESSAGE][PASSED] - Object 'Object Repository/RAD_Pages/Summary_Page/button_Proceed to Payment' is visible

2024-11-07 21:08:39 - [TEST_STEP][PASSED] - resText = "Pass": null

2024-11-07 21:08:39 - [TEST_STEP][PASSED] - pages.WriteExcel.demoKey(resText, datText, resColumn, datCloumn, fileLoc, nameSheet, row): pages.WriteExcel.demoKey is PASSED

2024-11-07 21:08:39 - [MESSAGE][PASSED] - pages.WriteExcel.demoKey is PASSED

2024-11-07 21:08:39 - [TEST_STEP][PASSED] - click(findTestObject(orPath_Summary + "/button_Proceed to Payment")): Object: 'Object Repository/RAD_Pages/Summary_Page/button_Proceed to Payment' is clicked on

2024-11-07 21:08:42 - [MESSAGE][PASSED] - Object: 'Object Repository/RAD_Pages/Summary_Page/button_Proceed to Payment' is clicked on

2024-11-07 21:08:42 - [TEST_STEP][PASSED] - verifyElementPresent(findTestObject("Object Repository/RAD_Pages/PaymentEntry_Page/input__billingName"), 30): Object 'Object Repository/RAD_Pages/PaymentEntry_Page/input__billingName' is present

2024-11-07 21:08:43 - [MESSAGE][PASSED] - Object 'Object Repository/RAD_Pages/PaymentEntry_Page/input__billingName' is present]]></system-out>
         <system-err><![CDATA[]]></system-err>
      </testcase>
      <testcase name="Test Cases/RAD_TestCases/Summary_TestCases/NewTaxReturn_Summary_TC" time="2089.633" classname="Test Cases/RAD_TestCases/Summary_TestCases/NewTaxReturn_Summary_TC" status="PASSED">
         <system-out><![CDATA[2024-11-07 21:08:43 - [TEST_CASE][PASSED] - Test Cases/RAD_TestCases/Summary_TestCases/NewTaxReturn_Summary_TC: Test Cases/RAD_TestCases/Summary_TestCases/NewTaxReturn_Summary_TC

2024-11-07 21:08:43 - [TEST_STEP][PASSED] - resText = "Fail": null

2024-11-07 21:08:43 - [TEST_STEP][PASSED] - resColumn = "Result": null

2024-11-07 21:08:43 - [TEST_STEP][PASSED] - datCloumn = "Date": null

2024-11-07 21:08:43 - [TEST_STEP][PASSED] - fileLoc = "KatalonData/RADTestData/Summary.xlsx": null

2024-11-07 21:08:43 - [TEST_STEP][PASSED] - nameSheet = "NewTaxReturn": null

2024-11-07 21:08:43 - [TEST_STEP][PASSED] - dataFile = "RADTestData/Summary_NewTaxReturn": null

2024-11-07 21:08:43 - [TEST_STEP][PASSED] - orPath_Landing = "Object Repository/RAD_Pages/Landing_Page": null

2024-11-07 21:08:43 - [TEST_STEP][PASSED] - orPath_TaxTypeFilingYear = "Object Repository/RAD_Pages/TaxTypeFilingYear_Page": null

2024-11-07 21:08:43 - [TEST_STEP][PASSED] - orPath_Amount = "Object Repository/RAD_Pages/PaymentAmount_Page": null

2024-11-07 21:08:43 - [TEST_STEP][PASSED] - orPath_AddressContact = "Object Repository/RAD_Pages/AddressAndContactInfo_Page": null

2024-11-07 21:08:43 - [TEST_STEP][PASSED] - orPath_Summary = "Object Repository/RAD_Pages/Summary_Page": null

2024-11-07 21:08:43 - [TEST_STEP][PASSED] - orPath_PaymentConfirmation = "Object Repository/RAD_Pages/PaymentConfirmation_Page": null

2024-11-07 21:08:43 - [TEST_STEP][PASSED] - orPath_ServiceFeesAccept = "Object Repository/RAD_Pages/ServiceFeeAccept_Page": null

2024-11-07 21:08:43 - [TEST_STEP][PASSED] - orPath_PaymentEntry = "Object Repository/RAD_Pages/PaymentEntry_Page": null

2024-11-07 21:08:43 - [TEST_STEP][PASSED] - orPath_TaxInfo = "Object Repository/RAD_Pages/TaxInfo_Page": null

2024-11-07 21:08:43 - [TEST_STEP][PASSED] - ExecuteTC = <not implemented yet for class: org.codehaus.groovy.ast.expr.EmptyExpression>: null

2024-11-07 21:08:43 - [TEST_STEP][PASSED] - TaxType = <not implemented yet for class: org.codehaus.groovy.ast.expr.EmptyExpression>: null

2024-11-07 21:08:43 - [TEST_STEP][PASSED] - PaymentType = <not implemented yet for class: org.codehaus.groovy.ast.expr.EmptyExpression>: null

2024-11-07 21:08:43 - [TEST_STEP][PASSED] - FilingYear = <not implemented yet for class: org.codehaus.groovy.ast.expr.EmptyExpression>: null

2024-11-07 21:08:43 - [TEST_STEP][PASSED] - PeriodEndingMonth = <not implemented yet for class: org.codehaus.groovy.ast.expr.EmptyExpression>: null

2024-11-07 21:08:43 - [TEST_STEP][PASSED] - feinSSN = <not implemented yet for class: org.codehaus.groovy.ast.expr.EmptyExpression>: null

2024-11-07 21:08:43 - [TEST_STEP][PASSED] - CRN = <not implemented yet for class: org.codehaus.groovy.ast.expr.EmptyExpression>: null

2024-11-07 21:08:43 - [TEST_STEP][PASSED] - month = <not implemented yet for class: org.codehaus.groovy.ast.expr.EmptyExpression>: null

2024-11-07 21:08:43 - [TEST_STEP][PASSED] - numOfRows = findTestData(dataFile).getRowNumbers(): null

2024-11-07 21:08:43 - [TEST_STEP][PASSED] - println("Number of Records: " + numOfRows): null

2024-11-07 21:08:43 - [TEST_STEP][PASSED] - for ([row = 1, row <= numOfRows, (row++)]): Object 'Object Repository/RAD_Pages/PaymentEntry_Page/input__billingName' is present

2024-11-07 21:08:43 - [TEST_STEP][PASSED] - ExecuteTC = findTestData(dataFile).getValue("Execute", row): null

2024-11-07 21:08:44 - [TEST_STEP][PASSED] - TaxType = findTestData(dataFile).getValue("TaxType", row): null

2024-11-07 21:08:44 - [TEST_STEP][PASSED] - PaymentType = findTestData(dataFile).getValue("PaymentType", row): null

2024-11-07 21:08:44 - [TEST_STEP][PASSED] - FilingYear = findTestData(dataFile).getValue("Year", row): null

2024-11-07 21:08:44 - [TEST_STEP][PASSED] - feinSSN = findTestData(dataFile).getValue("FeinSsn", row): null

2024-11-07 21:08:44 - [TEST_STEP][PASSED] - CRN = findTestData(dataFile).getValue("CRN", row): null

2024-11-07 21:08:44 - [TEST_STEP][PASSED] - month = findTestData(dataFile).getValue("Month", row): null

2024-11-07 21:08:44 - [TEST_STEP][PASSED] - MFLicNum = findTestData(dataFile).getValue("MFLicNum", row): null

2024-11-07 21:08:44 - [TEST_STEP][PASSED] - if (ExecuteTC.equalsIgnoreCase("Y")): Object 'Object Repository/RAD_Pages/PaymentEntry_Page/input__billingName' is present

2024-11-07 21:08:44 - [TEST_STEP][PASSED] - out.println("Begin Record Number: " + row): null

2024-11-07 21:08:44 - [TEST_STEP][PASSED] - today = new java.util.Date(): null

2024-11-07 21:08:44 - [TEST_STEP][PASSED] - println(today): null

2024-11-07 21:08:44 - [TEST_STEP][PASSED] - datText = today: null

2024-11-07 21:08:44 - [TEST_STEP][PASSED] - logInfo("Payment Type: New Tax Return Amount Due"): Payment Type: New Tax Return Amount Due

2024-11-07 21:08:44 - [MESSAGE][INFO] - Payment Type: New Tax Return Amount Due

2024-11-07 21:08:44 - [TEST_STEP][PASSED] - logInfo("Tax Type: " + TaxType): Tax Type: Fiduciary Tax

2024-11-07 21:08:44 - [MESSAGE][INFO] - Tax Type: Fiduciary Tax

2024-11-07 21:08:44 - [TEST_STEP][PASSED] - openBrowser(""): Browser is opened with url: ''

2024-11-07 21:08:44 - [MESSAGE][WARNING] - A browser is already opened. Closing browser and opening a new one

2024-11-07 21:08:46 - [MESSAGE][INFO] - Starting 'Chrome' driver

2024-11-07 21:08:46 - [MESSAGE][INFO] - User set preference: ['acceptInsecureCerts', 'true']

2024-11-07 21:08:46 - [MESSAGE][INFO] - Action delay is set to 0 milliseconds

2024-11-07 21:08:47 - [MESSAGE][PASSED] - Browser is opened with url: ''

2024-11-07 21:08:47 - [TEST_STEP][PASSED] - maximizeWindow(): Current window maximized

2024-11-07 21:08:47 - [MESSAGE][PASSED] - Current window maximized

2024-11-07 21:08:47 - [TEST_STEP][PASSED] - navigateToUrl(RADurl): Navigate to 'https://www.velocitypayment.com/client/rad/index.html' successfully

2024-11-07 21:08:48 - [MESSAGE][PASSED] - Navigate to 'https://www.velocitypayment.com/client/rad/index.html' successfully

2024-11-07 21:08:48 - [TEST_STEP][PASSED] - selectOptionByLabel(findTestObject(orPath_Landing + "/dd_TaxType"), "New Tax Return Amount Due", false): All options with label 'New Tax Return Amount Due' are selected in object 'Object Repository/RAD_Pages/Landing_Page/dd_TaxType' 

2024-11-07 21:08:50 - [MESSAGE][PASSED] - All options with label 'New Tax Return Amount Due' are selected in object 'Object Repository/RAD_Pages/Landing_Page/dd_TaxType' 

2024-11-07 21:08:50 - [TEST_STEP][PASSED] - selectOptionByLabel(findTestObject("Object Repository/RAD_Pages/Landing_Page/select_NewTaxReturnAmountDue_TaxType"), TaxType, false): All options with label 'Fiduciary Tax' are selected in object 'Object Repository/RAD_Pages/Landing_Page/select_NewTaxReturnAmountDue_TaxType' 

2024-11-07 21:08:51 - [MESSAGE][PASSED] - All options with label 'Fiduciary Tax' are selected in object 'Object Repository/RAD_Pages/Landing_Page/select_NewTaxReturnAmountDue_TaxType' 

2024-11-07 21:08:51 - [TEST_STEP][PASSED] - selectOptionByLabel(findTestObject(orPath_TaxTypeFilingYear + "/select_FilingYear"), FilingYear, false): All options with label '2023' are selected in object 'Object Repository/RAD_Pages/TaxTypeFilingYear_Page/select_FilingYear' 

2024-11-07 21:08:51 - [MESSAGE][PASSED] - All options with label '2023' are selected in object 'Object Repository/RAD_Pages/TaxTypeFilingYear_Page/select_FilingYear' 

2024-11-07 21:08:51 - [TEST_STEP][PASSED] - if (month.trim()): null

2024-11-07 21:08:51 - [TEST_STEP][PASSED] - rad.getSetDataRAD.setDataRADBusinessName(): rad.getSetDataRAD.setDataRADBusinessName is PASSED

2024-11-07 21:08:52 - [MESSAGE][PASSED] - Text 'My Company' is set on object 'Object Repository/RAD_Pages/Taxpayer_Page/input_businessName'

2024-11-07 21:08:52 - [MESSAGE][PASSED] - rad.getSetDataRAD.setDataRADBusinessName is PASSED

2024-11-07 21:08:52 - [TEST_STEP][PASSED] - rad.getSetDataRAD.setDataRADBusinessRep(): rad.getSetDataRAD.setDataRADBusinessRep is PASSED

2024-11-07 21:08:53 - [MESSAGE][PASSED] - Text 'BusRepFname' is set on object 'Object Repository/RAD_Pages/Taxpayer_Page/input_BusinessRepfirstName'

2024-11-07 21:08:54 - [MESSAGE][PASSED] - Text '' is set on object 'Object Repository/RAD_Pages/Taxpayer_Page/input_BusinessRepmiddleName'

2024-11-07 21:08:55 - [MESSAGE][PASSED] - Text 'BusRepLname' is set on object 'Object Repository/RAD_Pages/Taxpayer_Page/input_BusinessReplastName'

2024-11-07 21:08:55 - [MESSAGE][PASSED] - Text '' is set on object 'Object Repository/RAD_Pages/Taxpayer_Page/input_BusinessRepsuffix'

2024-11-07 21:08:55 - [MESSAGE][PASSED] - rad.getSetDataRAD.setDataRADBusinessRep is PASSED

2024-11-07 21:08:55 - [TEST_STEP][PASSED] - rad.getSetDataRAD.setDataRADAddress(): rad.getSetDataRAD.setDataRADAddress is PASSED

2024-11-07 21:08:56 - [MESSAGE][PASSED] - All options with label 'United States' are selected in object 'Object Repository/RAD_Pages/AddressAndContactInfo_Page/select_Country' 

2024-11-07 21:08:57 - [MESSAGE][PASSED] - Text '2508 Mandan Terrace' is set on object 'Object Repository/RAD_Pages/AddressAndContactInfo_Page/input_streetAddress1'

2024-11-07 21:08:57 - [MESSAGE][PASSED] - Text '' is set on object 'Object Repository/RAD_Pages/AddressAndContactInfo_Page/input_streetAddress2'

2024-11-07 21:08:58 - [MESSAGE][PASSED] - Text 'Gambrills' is set on object 'Object Repository/RAD_Pages/AddressAndContactInfo_Page/input_city'

2024-11-07 21:08:59 - [MESSAGE][PASSED] - All options with label 'Maryland' are selected in object 'Object Repository/RAD_Pages/AddressAndContactInfo_Page/select_State' 

2024-11-07 21:09:00 - [MESSAGE][PASSED] - Text '21054' is set on object 'Object Repository/RAD_Pages/AddressAndContactInfo_Page/input_zipCode'

2024-11-07 21:09:01 - [MESSAGE][PASSED] - Text '(703) 894-5000' is set on object 'Object Repository/RAD_Pages/AddressAndContactInfo_Page/input_phoneNumber'

2024-11-07 21:09:02 - [MESSAGE][PASSED] - Text 'iahmed@govolution.com' is set on object 'Object Repository/RAD_Pages/AddressAndContactInfo_Page/input_eMailAddress'

2024-11-07 21:09:02 - [MESSAGE][PASSED] - Text 'iahmed@govolution.com' is set on object 'Object Repository/RAD_Pages/AddressAndContactInfo_Page/input_reEnterEMailAddress'

2024-11-07 21:09:02 - [MESSAGE][PASSED] - rad.getSetDataRAD.setDataRADAddress is PASSED

2024-11-07 21:09:02 - [TEST_STEP][PASSED] - if (feinSSN.equalsIgnoreCase("Y")): null

2024-11-07 21:09:02 - [TEST_STEP][PASSED] - else: Text ****** has been set on object 'Object Repository/RAD_Pages/TaxInfo_Page/input_FederalEIN_ReEnter'

2024-11-07 21:09:02 - [TEST_STEP][PASSED] - if (!(TaxType.equalsIgnoreCase("Estate Tax"))): Text ****** has been set on object 'Object Repository/RAD_Pages/TaxInfo_Page/input_FederalEIN_ReEnter'

2024-11-07 21:09:02 - [TEST_STEP][PASSED] - setEncryptedText(findTestObject(orPath_TaxInfo + "/input_FederalEIN"), "yXB7JMCbD3QoFF75EQd3iw=="): Text ****** has been set on object 'Object Repository/RAD_Pages/TaxInfo_Page/input_FederalEIN'

2024-11-07 21:09:03 - [MESSAGE][PASSED] - Text ****** has been set on object 'Object Repository/RAD_Pages/TaxInfo_Page/input_FederalEIN'

2024-11-07 21:09:03 - [TEST_STEP][PASSED] - setEncryptedText(findTestObject(orPath_TaxInfo + "/input_FederalEIN_ReEnter"), "yXB7JMCbD3QoFF75EQd3iw=="): Text ****** has been set on object 'Object Repository/RAD_Pages/TaxInfo_Page/input_FederalEIN_ReEnter'

2024-11-07 21:09:04 - [MESSAGE][PASSED] - Text ****** has been set on object 'Object Repository/RAD_Pages/TaxInfo_Page/input_FederalEIN_ReEnter'

2024-11-07 21:09:04 - [TEST_STEP][PASSED] - if (CRN.equalsIgnoreCase("Y")): null

2024-11-07 21:09:04 - [TEST_STEP][PASSED] - if (MFLicNum.equalsIgnoreCase("Y")): null

2024-11-07 21:09:04 - [TEST_STEP][PASSED] - if (TaxType.equalsIgnoreCase("Estate Tax")): null

2024-11-07 21:09:04 - [TEST_STEP][PASSED] - setText(findTestObject(orPath_Amount + "/input__paymentAmount"), "100.00"): Text '100.00' is set on object 'Object Repository/RAD_Pages/PaymentAmount_Page/input__paymentAmount'

2024-11-07 21:09:04 - [MESSAGE][PASSED] - Text '100.00' is set on object 'Object Repository/RAD_Pages/PaymentAmount_Page/input__paymentAmount'

2024-11-07 21:09:04 - [TEST_STEP][PASSED] - setText(findTestObject(orPath_AddressContact + "/input_streetAddress2"), ""): Text '' is set on object 'Object Repository/RAD_Pages/AddressAndContactInfo_Page/input_streetAddress2'

2024-11-07 21:09:05 - [MESSAGE][PASSED] - Text '' is set on object 'Object Repository/RAD_Pages/AddressAndContactInfo_Page/input_streetAddress2'

2024-11-07 21:09:05 - [TEST_STEP][PASSED] - scrollToElement(findTestObject(orPath_Landing + "/button_Continue"), 3): Scroll to object 'Object Repository/RAD_Pages/Landing_Page/button_Continue' successfully

2024-11-07 21:09:05 - [MESSAGE][PASSED] - Scroll to object 'Object Repository/RAD_Pages/Landing_Page/button_Continue' successfully

2024-11-07 21:09:05 - [TEST_STEP][PASSED] - waitForElementClickable(findTestObject(orPath_Landing + "/button_Continue"), 5): Object 'Object Repository/RAD_Pages/Landing_Page/button_Continue' is clickable

2024-11-07 21:09:06 - [MESSAGE][PASSED] - Object 'Object Repository/RAD_Pages/Landing_Page/button_Continue' is clickable

2024-11-07 21:09:06 - [TEST_STEP][PASSED] - click(findTestObject(orPath_Landing + "/button_Continue")): Object: 'Object Repository/RAD_Pages/Landing_Page/button_Continue' is clicked on

2024-11-07 21:09:06 - [MESSAGE][PASSED] - Object: 'Object Repository/RAD_Pages/Landing_Page/button_Continue' is clicked on

2024-11-07 21:09:06 - [TEST_STEP][PASSED] - delay(2): Delayed 2 second(s)

2024-11-07 21:09:08 - [MESSAGE][PASSED] - Delayed 2 second(s)

2024-11-07 21:09:08 - [TEST_STEP][PASSED] - verifyTextPresent("Summary", true): Text 'Summary' is present on page  using regular expression

2024-11-07 21:09:09 - [MESSAGE][PASSED] - Text 'Summary' is present on page  using regular expression

2024-11-07 21:09:09 - [TEST_STEP][PASSED] - verifyTextPresent("Review the information below and make any necessary corrections by clicking the", true): Text 'Review the information below and make any necessary corrections by clicking the' is present on page  using regular expression

2024-11-07 21:09:09 - [MESSAGE][PASSED] - Text 'Review the information below and make any necessary corrections by clicking the' is present on page  using regular expression

2024-11-07 21:09:09 - [TEST_STEP][PASSED] - verifyTextPresent("When you are confident that all the information is correct, click the", true): Text 'When you are confident that all the information is correct, click the' is present on page  using regular expression

2024-11-07 21:09:09 - [MESSAGE][PASSED] - Text 'When you are confident that all the information is correct, click the' is present on page  using regular expression

2024-11-07 21:09:09 - [TEST_STEP][PASSED] - verifyTextPresent("Payment Type/Filing Year", true): Text 'Payment Type/Filing Year' is present on page  using regular expression

2024-11-07 21:09:10 - [MESSAGE][PASSED] - Text 'Payment Type/Filing Year' is present on page  using regular expression

2024-11-07 21:09:10 - [TEST_STEP][PASSED] - verifyTextPresent("Payment Type:", true): Text 'Payment Type:' is present on page  using regular expression

2024-11-07 21:09:10 - [MESSAGE][PASSED] - Text 'Payment Type:' is present on page  using regular expression

2024-11-07 21:09:10 - [TEST_STEP][PASSED] - verifyTextPresent("New Tax Return Amount Due", true): Text 'New Tax Return Amount Due' is present on page  using regular expression

2024-11-07 21:09:10 - [MESSAGE][PASSED] - Text 'New Tax Return Amount Due' is present on page  using regular expression

2024-11-07 21:09:10 - [TEST_STEP][PASSED] - verifyTextPresent("Filing Year:", true): Text 'Filing Year:' is present on page  using regular expression

2024-11-07 21:09:11 - [MESSAGE][PASSED] - Text 'Filing Year:' is present on page  using regular expression

2024-11-07 21:09:11 - [TEST_STEP][PASSED] - verifyTextPresent(FilingYear, true): Text '2023' is present on page  using regular expression

2024-11-07 21:09:11 - [MESSAGE][PASSED] - Text '2023' is present on page  using regular expression

2024-11-07 21:09:11 - [TEST_STEP][PASSED] - verifyTextPresent("Payer Information", true): Text 'Payer Information' is present on page  using regular expression

2024-11-07 21:09:11 - [MESSAGE][PASSED] - Text 'Payer Information' is present on page  using regular expression

2024-11-07 21:09:11 - [TEST_STEP][PASSED] - verifyTextPresent("Taxpayer Name:", true): Text 'Taxpayer Name:' is present on page  using regular expression

2024-11-07 21:09:12 - [MESSAGE][PASSED] - Text 'Taxpayer Name:' is present on page  using regular expression

2024-11-07 21:09:12 - [TEST_STEP][PASSED] - verifyTextPresent("My Company", true): Text 'My Company' is present on page  using regular expression

2024-11-07 21:09:12 - [MESSAGE][PASSED] - Text 'My Company' is present on page  using regular expression

2024-11-07 21:09:12 - [TEST_STEP][PASSED] - verifyTextPresent("Business Rep Name:", true): Text 'Business Rep Name:' is present on page  using regular expression

2024-11-07 21:09:12 - [MESSAGE][PASSED] - Text 'Business Rep Name:' is present on page  using regular expression

2024-11-07 21:09:12 - [TEST_STEP][PASSED] - verifyTextPresent("BusRepFname BusRepLname", true): Text 'BusRepFname BusRepLname' is present on page  using regular expression

2024-11-07 21:09:13 - [MESSAGE][PASSED] - Text 'BusRepFname BusRepLname' is present on page  using regular expression

2024-11-07 21:09:13 - [TEST_STEP][PASSED] - verifyTextPresent("Taxpayer Address:", true): Text 'Taxpayer Address:' is present on page  using regular expression

2024-11-07 21:09:13 - [MESSAGE][PASSED] - Text 'Taxpayer Address:' is present on page  using regular expression

2024-11-07 21:09:13 - [TEST_STEP][PASSED] - verifyTextPresent("2508 Mandan Terrace Gambrills Maryland 21054", true): Text '2508 Mandan Terrace Gambrills Maryland 21054' is present on page  using regular expression

2024-11-07 21:09:13 - [MESSAGE][PASSED] - Text '2508 Mandan Terrace Gambrills Maryland 21054' is present on page  using regular expression

2024-11-07 21:09:13 - [TEST_STEP][PASSED] - verifyTextPresent("Email:", true): Text 'Email:' is present on page  using regular expression

2024-11-07 21:09:14 - [MESSAGE][PASSED] - Text 'Email:' is present on page  using regular expression

2024-11-07 21:09:14 - [TEST_STEP][PASSED] - verifyTextPresent("iahmed@govolution.com", true): Text 'iahmed@govolution.com' is present on page  using regular expression

2024-11-07 21:09:14 - [MESSAGE][PASSED] - Text 'iahmed@govolution.com' is present on page  using regular expression

2024-11-07 21:09:14 - [TEST_STEP][PASSED] - verifyTextPresent("Phone:", true): Text 'Phone:' is present on page  using regular expression

2024-11-07 21:09:14 - [MESSAGE][PASSED] - Text 'Phone:' is present on page  using regular expression

2024-11-07 21:09:14 - [TEST_STEP][PASSED] - verifyTextPresent("(703) 894-5000", false): Text '(703) 894-5000' is present on page 

2024-11-07 21:09:14 - [MESSAGE][PASSED] - Text '(703) 894-5000' is present on page 

2024-11-07 21:09:14 - [TEST_STEP][PASSED] - verifyTextPresent("Tax Information", true): Text 'Tax Information' is present on page  using regular expression

2024-11-07 21:09:15 - [MESSAGE][PASSED] - Text 'Tax Information' is present on page  using regular expression

2024-11-07 21:09:15 - [TEST_STEP][PASSED] - verifyTextNotPresent("Notice Number", true): Text 'Notice Number' is not present on page using regular expression

2024-11-07 21:09:15 - [MESSAGE][PASSED] - Text 'Notice Number' is not present on page using regular expression

2024-11-07 21:09:15 - [TEST_STEP][PASSED] - if (month.trim()): null

2024-11-07 21:09:15 - [TEST_STEP][PASSED] - else: Text 'Period Ending' is not present on page using regular expression

2024-11-07 21:09:15 - [TEST_STEP][PASSED] - verifyTextNotPresent("Period Ending", true): Text 'Period Ending' is not present on page using regular expression

2024-11-07 21:09:15 - [MESSAGE][PASSED] - Text 'Period Ending' is not present on page using regular expression

2024-11-07 21:09:15 - [TEST_STEP][PASSED] - if (feinSSN.equalsIgnoreCase("Y")): null

2024-11-07 21:09:15 - [TEST_STEP][PASSED] - else: Text 'XXXXXXX87' is present on page  using regular expression

2024-11-07 21:09:15 - [TEST_STEP][PASSED] - if (!(TaxType.equalsIgnoreCase("Estate Tax"))): Text 'XXXXXXX87' is present on page  using regular expression

2024-11-07 21:09:15 - [TEST_STEP][PASSED] - verifyTextPresent("Federal EIN:", true): Text 'Federal EIN:' is present on page  using regular expression

2024-11-07 21:09:16 - [MESSAGE][PASSED] - Text 'Federal EIN:' is present on page  using regular expression

2024-11-07 21:09:16 - [TEST_STEP][PASSED] - verifyTextNotPresent("FEIN/SSN:", true): Text 'FEIN/SSN:' is not present on page using regular expression

2024-11-07 21:09:16 - [MESSAGE][PASSED] - Text 'FEIN/SSN:' is not present on page using regular expression

2024-11-07 21:09:16 - [TEST_STEP][PASSED] - verifyTextPresent("XXXXXXX87", true): Text 'XXXXXXX87' is present on page  using regular expression

2024-11-07 21:09:16 - [MESSAGE][PASSED] - Text 'XXXXXXX87' is present on page  using regular expression

2024-11-07 21:09:16 - [TEST_STEP][PASSED] - if (TaxType.equalsIgnoreCase("Estate Tax")): null

2024-11-07 21:09:16 - [TEST_STEP][PASSED] - if (CRN.equalsIgnoreCase("Y")): null

2024-11-07 21:09:16 - [TEST_STEP][PASSED] - else: Text 'MD Central Registration Number' is not present on page using regular expression

2024-11-07 21:09:16 - [TEST_STEP][PASSED] - verifyTextNotPresent("MD Central Registration Number", true): Text 'MD Central Registration Number' is not present on page using regular expression

2024-11-07 21:09:17 - [MESSAGE][PASSED] - Text 'MD Central Registration Number' is not present on page using regular expression

2024-11-07 21:09:17 - [TEST_STEP][PASSED] - if (MFLicNum.equalsIgnoreCase("Y")): null

2024-11-07 21:09:17 - [TEST_STEP][PASSED] - else: Text 'Motor Fuel License Number#:' is not present on page using regular expression

2024-11-07 21:09:17 - [TEST_STEP][PASSED] - verifyTextNotPresent("Motor Fuel License Number#:", true): Text 'Motor Fuel License Number#:' is not present on page using regular expression

2024-11-07 21:09:17 - [MESSAGE][PASSED] - Text 'Motor Fuel License Number#:' is not present on page using regular expression

2024-11-07 21:09:17 - [TEST_STEP][PASSED] - verifyTextPresent("Payment Amount:", true): Text 'Payment Amount:' is present on page  using regular expression

2024-11-07 21:09:17 - [MESSAGE][PASSED] - Text 'Payment Amount:' is present on page  using regular expression

2024-11-07 21:09:17 - [TEST_STEP][PASSED] - verifyTextPresent("100.00", true): Text '100.00' is present on page  using regular expression

2024-11-07 21:09:18 - [MESSAGE][PASSED] - Text '100.00' is present on page  using regular expression

2024-11-07 21:09:18 - [TEST_STEP][PASSED] - if (verifyElementVisible(findTestObject(orPath_Summary + "/button_Proceed to Payment"))): null

2024-11-07 21:09:18 - [MESSAGE][PASSED] - Object 'Object Repository/RAD_Pages/Summary_Page/button_Proceed to Payment' is visible

2024-11-07 21:09:18 - [TEST_STEP][PASSED] - resText = "Pass": null

2024-11-07 21:09:18 - [TEST_STEP][PASSED] - pages.WriteExcel.demoKey(resText, datText, resColumn, datCloumn, fileLoc, nameSheet, row): pages.WriteExcel.demoKey is PASSED

2024-11-07 21:09:18 - [MESSAGE][PASSED] - pages.WriteExcel.demoKey is PASSED

2024-11-07 21:09:18 - [TEST_STEP][PASSED] - click(findTestObject(orPath_Summary + "/button_Proceed to Payment")): Object: 'Object Repository/RAD_Pages/Summary_Page/button_Proceed to Payment' is clicked on

2024-11-07 21:09:23 - [MESSAGE][PASSED] - Object: 'Object Repository/RAD_Pages/Summary_Page/button_Proceed to Payment' is clicked on

2024-11-07 21:09:23 - [TEST_STEP][PASSED] - verifyElementPresent(findTestObject("Object Repository/RAD_Pages/PaymentEntry_Page/input__billingName"), 30): Object 'Object Repository/RAD_Pages/PaymentEntry_Page/input__billingName' is present

2024-11-07 21:09:23 - [MESSAGE][PASSED] - Object 'Object Repository/RAD_Pages/PaymentEntry_Page/input__billingName' is present

2024-11-07 21:09:23 - [TEST_STEP][PASSED] - ExecuteTC = findTestData(dataFile).getValue("Execute", row): null

2024-11-07 21:09:23 - [TEST_STEP][PASSED] - TaxType = findTestData(dataFile).getValue("TaxType", row): null

2024-11-07 21:09:24 - [TEST_STEP][PASSED] - PaymentType = findTestData(dataFile).getValue("PaymentType", row): null

2024-11-07 21:09:24 - [TEST_STEP][PASSED] - FilingYear = findTestData(dataFile).getValue("Year", row): null

2024-11-07 21:09:24 - [TEST_STEP][PASSED] - feinSSN = findTestData(dataFile).getValue("FeinSsn", row): null

2024-11-07 21:09:24 - [TEST_STEP][PASSED] - CRN = findTestData(dataFile).getValue("CRN", row): null

2024-11-07 21:09:24 - [TEST_STEP][PASSED] - month = findTestData(dataFile).getValue("Month", row): null

2024-11-07 21:09:24 - [TEST_STEP][PASSED] - MFLicNum = findTestData(dataFile).getValue("MFLicNum", row): null

2024-11-07 21:09:24 - [TEST_STEP][PASSED] - if (ExecuteTC.equalsIgnoreCase("Y")): Object 'Object Repository/RAD_Pages/PaymentEntry_Page/input__billingName' is present

2024-11-07 21:09:24 - [TEST_STEP][PASSED] - out.println("Begin Record Number: " + row): null

2024-11-07 21:09:24 - [TEST_STEP][PASSED] - today = new java.util.Date(): null

2024-11-07 21:09:24 - [TEST_STEP][PASSED] - println(today): null

2024-11-07 21:09:24 - [TEST_STEP][PASSED] - datText = today: null

2024-11-07 21:09:24 - [TEST_STEP][PASSED] - logInfo("Payment Type: New Tax Return Amount Due"): Payment Type: New Tax Return Amount Due

2024-11-07 21:09:24 - [MESSAGE][INFO] - Payment Type: New Tax Return Amount Due

2024-11-07 21:09:24 - [TEST_STEP][PASSED] - logInfo("Tax Type: " + TaxType): Tax Type: PTE Non-Electing Non-S Corp

2024-11-07 21:09:24 - [MESSAGE][INFO] - Tax Type: PTE Non-Electing Non-S Corp

2024-11-07 21:09:24 - [TEST_STEP][PASSED] - openBrowser(""): Browser is opened with url: ''

2024-11-07 21:09:24 - [MESSAGE][WARNING] - A browser is already opened. Closing browser and opening a new one

2024-11-07 21:09:26 - [MESSAGE][INFO] - Starting 'Chrome' driver

2024-11-07 21:09:26 - [MESSAGE][INFO] - User set preference: ['acceptInsecureCerts', 'true']

2024-11-07 21:09:26 - [MESSAGE][INFO] - Action delay is set to 0 milliseconds

2024-11-07 21:09:28 - [MESSAGE][PASSED] - Browser is opened with url: ''

2024-11-07 21:09:28 - [TEST_STEP][PASSED] - maximizeWindow(): Current window maximized

2024-11-07 21:09:28 - [MESSAGE][PASSED] - Current window maximized

2024-11-07 21:09:28 - [TEST_STEP][PASSED] - navigateToUrl(RADurl): Navigate to 'https://www.velocitypayment.com/client/rad/index.html' successfully

2024-11-07 21:09:30 - [MESSAGE][PASSED] - Navigate to 'https://www.velocitypayment.com/client/rad/index.html' successfully

2024-11-07 21:09:30 - [TEST_STEP][PASSED] - selectOptionByLabel(findTestObject(orPath_Landing + "/dd_TaxType"), "New Tax Return Amount Due", false): All options with label 'New Tax Return Amount Due' are selected in object 'Object Repository/RAD_Pages/Landing_Page/dd_TaxType' 

2024-11-07 21:09:30 - [MESSAGE][PASSED] - All options with label 'New Tax Return Amount Due' are selected in object 'Object Repository/RAD_Pages/Landing_Page/dd_TaxType' 

2024-11-07 21:09:30 - [TEST_STEP][PASSED] - selectOptionByLabel(findTestObject("Object Repository/RAD_Pages/Landing_Page/select_NewTaxReturnAmountDue_TaxType"), TaxType, false): All options with label 'PTE Non-Electing Non-S Corp' are selected in object 'Object Repository/RAD_Pages/Landing_Page/select_NewTaxReturnAmountDue_TaxType' 

2024-11-07 21:09:31 - [MESSAGE][PASSED] - All options with label 'PTE Non-Electing Non-S Corp' are selected in object 'Object Repository/RAD_Pages/Landing_Page/select_NewTaxReturnAmountDue_TaxType' 

2024-11-07 21:09:31 - [TEST_STEP][PASSED] - selectOptionByLabel(findTestObject(orPath_TaxTypeFilingYear + "/select_FilingYear"), FilingYear, false): All options with label '2023' are selected in object 'Object Repository/RAD_Pages/TaxTypeFilingYear_Page/select_FilingYear' 

2024-11-07 21:09:32 - [MESSAGE][PASSED] - All options with label '2023' are selected in object 'Object Repository/RAD_Pages/TaxTypeFilingYear_Page/select_FilingYear' 

2024-11-07 21:09:32 - [TEST_STEP][PASSED] - if (month.trim()): null

2024-11-07 21:09:32 - [TEST_STEP][PASSED] - rad.getSetDataRAD.setDataRADBusinessName(): rad.getSetDataRAD.setDataRADBusinessName is PASSED

2024-11-07 21:09:33 - [MESSAGE][PASSED] - Text 'My Company' is set on object 'Object Repository/RAD_Pages/Taxpayer_Page/input_businessName'

2024-11-07 21:09:33 - [MESSAGE][PASSED] - rad.getSetDataRAD.setDataRADBusinessName is PASSED

2024-11-07 21:09:33 - [TEST_STEP][PASSED] - rad.getSetDataRAD.setDataRADBusinessRep(): rad.getSetDataRAD.setDataRADBusinessRep is PASSED

2024-11-07 21:09:33 - [MESSAGE][PASSED] - Text 'BusRepFname' is set on object 'Object Repository/RAD_Pages/Taxpayer_Page/input_BusinessRepfirstName'

2024-11-07 21:09:34 - [MESSAGE][PASSED] - Text '' is set on object 'Object Repository/RAD_Pages/Taxpayer_Page/input_BusinessRepmiddleName'

2024-11-07 21:09:35 - [MESSAGE][PASSED] - Text 'BusRepLname' is set on object 'Object Repository/RAD_Pages/Taxpayer_Page/input_BusinessReplastName'

2024-11-07 21:09:36 - [MESSAGE][PASSED] - Text '' is set on object 'Object Repository/RAD_Pages/Taxpayer_Page/input_BusinessRepsuffix'

2024-11-07 21:09:36 - [MESSAGE][PASSED] - rad.getSetDataRAD.setDataRADBusinessRep is PASSED

2024-11-07 21:09:36 - [TEST_STEP][PASSED] - rad.getSetDataRAD.setDataRADAddress(): rad.getSetDataRAD.setDataRADAddress is PASSED

2024-11-07 21:09:36 - [MESSAGE][PASSED] - All options with label 'United States' are selected in object 'Object Repository/RAD_Pages/AddressAndContactInfo_Page/select_Country' 

2024-11-07 21:09:37 - [MESSAGE][PASSED] - Text '2508 Mandan Terrace' is set on object 'Object Repository/RAD_Pages/AddressAndContactInfo_Page/input_streetAddress1'

2024-11-07 21:09:38 - [MESSAGE][PASSED] - Text '' is set on object 'Object Repository/RAD_Pages/AddressAndContactInfo_Page/input_streetAddress2'

2024-11-07 21:09:39 - [MESSAGE][PASSED] - Text 'Gambrills' is set on object 'Object Repository/RAD_Pages/AddressAndContactInfo_Page/input_city'

2024-11-07 21:09:39 - [MESSAGE][PASSED] - All options with label 'Maryland' are selected in object 'Object Repository/RAD_Pages/AddressAndContactInfo_Page/select_State' 

2024-11-07 21:09:40 - [MESSAGE][PASSED] - Text '21054' is set on object 'Object Repository/RAD_Pages/AddressAndContactInfo_Page/input_zipCode'

2024-11-07 21:09:41 - [MESSAGE][PASSED] - Text '(703) 894-5000' is set on object 'Object Repository/RAD_Pages/AddressAndContactInfo_Page/input_phoneNumber'

2024-11-07 21:09:42 - [MESSAGE][PASSED] - Text 'iahmed@govolution.com' is set on object 'Object Repository/RAD_Pages/AddressAndContactInfo_Page/input_eMailAddress'

2024-11-07 21:09:43 - [MESSAGE][PASSED] - Text 'iahmed@govolution.com' is set on object 'Object Repository/RAD_Pages/AddressAndContactInfo_Page/input_reEnterEMailAddress'

2024-11-07 21:09:43 - [MESSAGE][PASSED] - rad.getSetDataRAD.setDataRADAddress is PASSED

2024-11-07 21:09:43 - [TEST_STEP][PASSED] - if (feinSSN.equalsIgnoreCase("Y")): Text ****** has been set on object 'Object Repository/RAD_Pages/TaxInfo_Page/input_TaxInfo_RetypeFeinSsn_New_2'

2024-11-07 21:09:43 - [TEST_STEP][PASSED] - setEncryptedText(findTestObject(orPath_TaxInfo + "/input_TaxInfo_FeinSsn_New_2"), "yXB7JMCbD3QoFF75EQd3iw=="): Text ****** has been set on object 'Object Repository/RAD_Pages/TaxInfo_Page/input_TaxInfo_FeinSsn_New_2'

2024-11-07 21:09:44 - [MESSAGE][PASSED] - Text ****** has been set on object 'Object Repository/RAD_Pages/TaxInfo_Page/input_TaxInfo_FeinSsn_New_2'

2024-11-07 21:09:44 - [TEST_STEP][PASSED] - setEncryptedText(findTestObject(orPath_TaxInfo + "/input_TaxInfo_RetypeFeinSsn_New_2"), "yXB7JMCbD3QoFF75EQd3iw=="): Text ****** has been set on object 'Object Repository/RAD_Pages/TaxInfo_Page/input_TaxInfo_RetypeFeinSsn_New_2'

2024-11-07 21:09:44 - [MESSAGE][PASSED] - Text ****** has been set on object 'Object Repository/RAD_Pages/TaxInfo_Page/input_TaxInfo_RetypeFeinSsn_New_2'

2024-11-07 21:09:44 - [TEST_STEP][PASSED] - if (CRN.equalsIgnoreCase("Y")): null

2024-11-07 21:09:44 - [TEST_STEP][PASSED] - if (MFLicNum.equalsIgnoreCase("Y")): null

2024-11-07 21:09:44 - [TEST_STEP][PASSED] - if (TaxType.equalsIgnoreCase("Estate Tax")): null

2024-11-07 21:09:44 - [TEST_STEP][PASSED] - setText(findTestObject(orPath_Amount + "/input__paymentAmount"), "100.00"): Text '100.00' is set on object 'Object Repository/RAD_Pages/PaymentAmount_Page/input__paymentAmount'

2024-11-07 21:09:45 - [MESSAGE][PASSED] - Text '100.00' is set on object 'Object Repository/RAD_Pages/PaymentAmount_Page/input__paymentAmount'

2024-11-07 21:09:45 - [TEST_STEP][PASSED] - setText(findTestObject(orPath_AddressContact + "/input_streetAddress2"), ""): Text '' is set on object 'Object Repository/RAD_Pages/AddressAndContactInfo_Page/input_streetAddress2'

2024-11-07 21:09:46 - [MESSAGE][PASSED] - Text '' is set on object 'Object Repository/RAD_Pages/AddressAndContactInfo_Page/input_streetAddress2'

2024-11-07 21:09:46 - [TEST_STEP][PASSED] - scrollToElement(findTestObject(orPath_Landing + "/button_Continue"), 3): Scroll to object 'Object Repository/RAD_Pages/Landing_Page/button_Continue' successfully

2024-11-07 21:09:46 - [MESSAGE][PASSED] - Scroll to object 'Object Repository/RAD_Pages/Landing_Page/button_Continue' successfully

2024-11-07 21:09:46 - [TEST_STEP][PASSED] - waitForElementClickable(findTestObject(orPath_Landing + "/button_Continue"), 5): Object 'Object Repository/RAD_Pages/Landing_Page/button_Continue' is clickable

2024-11-07 21:09:46 - [MESSAGE][PASSED] - Object 'Object Repository/RAD_Pages/Landing_Page/button_Continue' is clickable

2024-11-07 21:09:46 - [TEST_STEP][PASSED] - click(findTestObject(orPath_Landing + "/button_Continue")): Object: 'Object Repository/RAD_Pages/Landing_Page/button_Continue' is clicked on

2024-11-07 21:09:47 - [MESSAGE][PASSED] - Object: 'Object Repository/RAD_Pages/Landing_Page/button_Continue' is clicked on

2024-11-07 21:09:47 - [TEST_STEP][PASSED] - delay(2): Delayed 2 second(s)

2024-11-07 21:09:49 - [MESSAGE][PASSED] - Delayed 2 second(s)

2024-11-07 21:09:49 - [TEST_STEP][PASSED] - verifyTextPresent("Summary", true): Text 'Summary' is present on page  using regular expression

2024-11-07 21:09:49 - [MESSAGE][PASSED] - Text 'Summary' is present on page  using regular expression

2024-11-07 21:09:49 - [TEST_STEP][PASSED] - verifyTextPresent("Review the information below and make any necessary corrections by clicking the", true): Text 'Review the information below and make any necessary corrections by clicking the' is present on page  using regular expression

2024-11-07 21:09:49 - [MESSAGE][PASSED] - Text 'Review the information below and make any necessary corrections by clicking the' is present on page  using regular expression

2024-11-07 21:09:49 - [TEST_STEP][PASSED] - verifyTextPresent("When you are confident that all the information is correct, click the", true): Text 'When you are confident that all the information is correct, click the' is present on page  using regular expression

2024-11-07 21:09:50 - [MESSAGE][PASSED] - Text 'When you are confident that all the information is correct, click the' is present on page  using regular expression

2024-11-07 21:09:50 - [TEST_STEP][PASSED] - verifyTextPresent("Payment Type/Filing Year", true): Text 'Payment Type/Filing Year' is present on page  using regular expression

2024-11-07 21:09:50 - [MESSAGE][PASSED] - Text 'Payment Type/Filing Year' is present on page  using regular expression

2024-11-07 21:09:50 - [TEST_STEP][PASSED] - verifyTextPresent("Payment Type:", true): Text 'Payment Type:' is present on page  using regular expression

2024-11-07 21:09:50 - [MESSAGE][PASSED] - Text 'Payment Type:' is present on page  using regular expression

2024-11-07 21:09:50 - [TEST_STEP][PASSED] - verifyTextPresent("New Tax Return Amount Due", true): Text 'New Tax Return Amount Due' is present on page  using regular expression

2024-11-07 21:09:51 - [MESSAGE][PASSED] - Text 'New Tax Return Amount Due' is present on page  using regular expression

2024-11-07 21:09:51 - [TEST_STEP][PASSED] - verifyTextPresent("Filing Year:", true): Text 'Filing Year:' is present on page  using regular expression

2024-11-07 21:09:51 - [MESSAGE][PASSED] - Text 'Filing Year:' is present on page  using regular expression

2024-11-07 21:09:51 - [TEST_STEP][PASSED] - verifyTextPresent(FilingYear, true): Text '2023' is present on page  using regular expression

2024-11-07 21:09:51 - [MESSAGE][PASSED] - Text '2023' is present on page  using regular expression

2024-11-07 21:09:51 - [TEST_STEP][PASSED] - verifyTextPresent("Payer Information", true): Text 'Payer Information' is present on page  using regular expression

2024-11-07 21:09:52 - [MESSAGE][PASSED] - Text 'Payer Information' is present on page  using regular expression

2024-11-07 21:09:52 - [TEST_STEP][PASSED] - verifyTextPresent("Taxpayer Name:", true): Text 'Taxpayer Name:' is present on page  using regular expression

2024-11-07 21:09:52 - [MESSAGE][PASSED] - Text 'Taxpayer Name:' is present on page  using regular expression

2024-11-07 21:09:52 - [TEST_STEP][PASSED] - verifyTextPresent("My Company", true): Text 'My Company' is present on page  using regular expression

2024-11-07 21:09:52 - [MESSAGE][PASSED] - Text 'My Company' is present on page  using regular expression

2024-11-07 21:09:52 - [TEST_STEP][PASSED] - verifyTextPresent("Business Rep Name:", true): Text 'Business Rep Name:' is present on page  using regular expression

2024-11-07 21:09:53 - [MESSAGE][PASSED] - Text 'Business Rep Name:' is present on page  using regular expression

2024-11-07 21:09:53 - [TEST_STEP][PASSED] - verifyTextPresent("BusRepFname BusRepLname", true): Text 'BusRepFname BusRepLname' is present on page  using regular expression

2024-11-07 21:09:53 - [MESSAGE][PASSED] - Text 'BusRepFname BusRepLname' is present on page  using regular expression

2024-11-07 21:09:53 - [TEST_STEP][PASSED] - verifyTextPresent("Taxpayer Address:", true): Text 'Taxpayer Address:' is present on page  using regular expression

2024-11-07 21:09:53 - [MESSAGE][PASSED] - Text 'Taxpayer Address:' is present on page  using regular expression

2024-11-07 21:09:53 - [TEST_STEP][PASSED] - verifyTextPresent("2508 Mandan Terrace Gambrills Maryland 21054", true): Text '2508 Mandan Terrace Gambrills Maryland 21054' is present on page  using regular expression

2024-11-07 21:09:54 - [MESSAGE][PASSED] - Text '2508 Mandan Terrace Gambrills Maryland 21054' is present on page  using regular expression

2024-11-07 21:09:54 - [TEST_STEP][PASSED] - verifyTextPresent("Email:", true): Text 'Email:' is present on page  using regular expression

2024-11-07 21:09:54 - [MESSAGE][PASSED] - Text 'Email:' is present on page  using regular expression

2024-11-07 21:09:54 - [TEST_STEP][PASSED] - verifyTextPresent("iahmed@govolution.com", true): Text 'iahmed@govolution.com' is present on page  using regular expression

2024-11-07 21:09:54 - [MESSAGE][PASSED] - Text 'iahmed@govolution.com' is present on page  using regular expression

2024-11-07 21:09:54 - [TEST_STEP][PASSED] - verifyTextPresent("Phone:", true): Text 'Phone:' is present on page  using regular expression

2024-11-07 21:09:55 - [MESSAGE][PASSED] - Text 'Phone:' is present on page  using regular expression

2024-11-07 21:09:55 - [TEST_STEP][PASSED] - verifyTextPresent("(703) 894-5000", false): Text '(703) 894-5000' is present on page 

2024-11-07 21:09:55 - [MESSAGE][PASSED] - Text '(703) 894-5000' is present on page 

2024-11-07 21:09:55 - [TEST_STEP][PASSED] - verifyTextPresent("Tax Information", true): Text 'Tax Information' is present on page  using regular expression

2024-11-07 21:09:55 - [MESSAGE][PASSED] - Text 'Tax Information' is present on page  using regular expression

2024-11-07 21:09:55 - [TEST_STEP][PASSED] - verifyTextNotPresent("Notice Number", true): Text 'Notice Number' is not present on page using regular expression

2024-11-07 21:09:56 - [MESSAGE][PASSED] - Text 'Notice Number' is not present on page using regular expression

2024-11-07 21:09:56 - [TEST_STEP][PASSED] - if (month.trim()): null

2024-11-07 21:09:56 - [TEST_STEP][PASSED] - else: Text 'Period Ending' is not present on page using regular expression

2024-11-07 21:09:56 - [TEST_STEP][PASSED] - verifyTextNotPresent("Period Ending", true): Text 'Period Ending' is not present on page using regular expression

2024-11-07 21:09:56 - [MESSAGE][PASSED] - Text 'Period Ending' is not present on page using regular expression

2024-11-07 21:09:56 - [TEST_STEP][PASSED] - if (feinSSN.equalsIgnoreCase("Y")): Text 'XXXXX6187' is present on page  using regular expression

2024-11-07 21:09:56 - [TEST_STEP][PASSED] - verifyTextPresent("FEIN/SSN:", true): Text 'FEIN/SSN:' is present on page  using regular expression

2024-11-07 21:09:56 - [MESSAGE][PASSED] - Text 'FEIN/SSN:' is present on page  using regular expression

2024-11-07 21:09:56 - [TEST_STEP][PASSED] - verifyTextNotPresent("Federal EIN:", true): Text 'Federal EIN:' is not present on page using regular expression

2024-11-07 21:09:57 - [MESSAGE][PASSED] - Text 'Federal EIN:' is not present on page using regular expression

2024-11-07 21:09:57 - [TEST_STEP][PASSED] - verifyTextPresent("XXXXX6187", true): Text 'XXXXX6187' is present on page  using regular expression

2024-11-07 21:09:57 - [MESSAGE][PASSED] - Text 'XXXXX6187' is present on page  using regular expression

2024-11-07 21:09:57 - [TEST_STEP][PASSED] - if (TaxType.equalsIgnoreCase("Estate Tax")): null

2024-11-07 21:09:57 - [TEST_STEP][PASSED] - if (CRN.equalsIgnoreCase("Y")): null

2024-11-07 21:09:57 - [TEST_STEP][PASSED] - else: Text 'MD Central Registration Number' is not present on page using regular expression

2024-11-07 21:09:57 - [TEST_STEP][PASSED] - verifyTextNotPresent("MD Central Registration Number", true): Text 'MD Central Registration Number' is not present on page using regular expression

2024-11-07 21:09:57 - [MESSAGE][PASSED] - Text 'MD Central Registration Number' is not present on page using regular expression

2024-11-07 21:09:57 - [TEST_STEP][PASSED] - if (MFLicNum.equalsIgnoreCase("Y")): null

2024-11-07 21:09:57 - [TEST_STEP][PASSED] - else: Text 'Motor Fuel License Number#:' is not present on page using regular expression

2024-11-07 21:09:57 - [TEST_STEP][PASSED] - verifyTextNotPresent("Motor Fuel License Number#:", true): Text 'Motor Fuel License Number#:' is not present on page using regular expression

2024-11-07 21:09:58 - [MESSAGE][PASSED] - Text 'Motor Fuel License Number#:' is not present on page using regular expression

2024-11-07 21:09:58 - [TEST_STEP][PASSED] - verifyTextPresent("Payment Amount:", true): Text 'Payment Amount:' is present on page  using regular expression

2024-11-07 21:09:58 - [MESSAGE][PASSED] - Text 'Payment Amount:' is present on page  using regular expression

2024-11-07 21:09:58 - [TEST_STEP][PASSED] - verifyTextPresent("100.00", true): Text '100.00' is present on page  using regular expression

2024-11-07 21:09:58 - [MESSAGE][PASSED] - Text '100.00' is present on page  using regular expression

2024-11-07 21:09:58 - [TEST_STEP][PASSED] - if (verifyElementVisible(findTestObject(orPath_Summary + "/button_Proceed to Payment"))): null

2024-11-07 21:09:59 - [MESSAGE][PASSED] - Object 'Object Repository/RAD_Pages/Summary_Page/button_Proceed to Payment' is visible

2024-11-07 21:09:59 - [TEST_STEP][PASSED] - resText = "Pass": null

2024-11-07 21:09:59 - [TEST_STEP][PASSED] - pages.WriteExcel.demoKey(resText, datText, resColumn, datCloumn, fileLoc, nameSheet, row): pages.WriteExcel.demoKey is PASSED

2024-11-07 21:09:59 - [MESSAGE][PASSED] - pages.WriteExcel.demoKey is PASSED

2024-11-07 21:09:59 - [TEST_STEP][PASSED] - click(findTestObject(orPath_Summary + "/button_Proceed to Payment")): Object: 'Object Repository/RAD_Pages/Summary_Page/button_Proceed to Payment' is clicked on

2024-11-07 21:10:03 - [MESSAGE][PASSED] - Object: 'Object Repository/RAD_Pages/Summary_Page/button_Proceed to Payment' is clicked on

2024-11-07 21:10:03 - [TEST_STEP][PASSED] - verifyElementPresent(findTestObject("Object Repository/RAD_Pages/PaymentEntry_Page/input__billingName"), 30): Object 'Object Repository/RAD_Pages/PaymentEntry_Page/input__billingName' is present

2024-11-07 21:10:04 - [MESSAGE][PASSED] - Object 'Object Repository/RAD_Pages/PaymentEntry_Page/input__billingName' is present

2024-11-07 21:10:04 - [TEST_STEP][PASSED] - ExecuteTC = findTestData(dataFile).getValue("Execute", row): null

2024-11-07 21:10:04 - [TEST_STEP][PASSED] - TaxType = findTestData(dataFile).getValue("TaxType", row): null

2024-11-07 21:10:04 - [TEST_STEP][PASSED] - PaymentType = findTestData(dataFile).getValue("PaymentType", row): null

2024-11-07 21:10:04 - [TEST_STEP][PASSED] - FilingYear = findTestData(dataFile).getValue("Year", row): null

2024-11-07 21:10:04 - [TEST_STEP][PASSED] - feinSSN = findTestData(dataFile).getValue("FeinSsn", row): null

2024-11-07 21:10:04 - [TEST_STEP][PASSED] - CRN = findTestData(dataFile).getValue("CRN", row): null

2024-11-07 21:10:04 - [TEST_STEP][PASSED] - month = findTestData(dataFile).getValue("Month", row): null

2024-11-07 21:10:04 - [TEST_STEP][PASSED] - MFLicNum = findTestData(dataFile).getValue("MFLicNum", row): null

2024-11-07 21:10:04 - [TEST_STEP][PASSED] - if (ExecuteTC.equalsIgnoreCase("Y")): Object 'Object Repository/RAD_Pages/PaymentEntry_Page/input__billingName' is present

2024-11-07 21:10:04 - [TEST_STEP][PASSED] - out.println("Begin Record Number: " + row): null

2024-11-07 21:10:04 - [TEST_STEP][PASSED] - today = new java.util.Date(): null

2024-11-07 21:10:04 - [TEST_STEP][PASSED] - println(today): null

2024-11-07 21:10:04 - [TEST_STEP][PASSED] - datText = today: null

2024-11-07 21:10:04 - [TEST_STEP][PASSED] - logInfo("Payment Type: New Tax Return Amount Due"): Payment Type: New Tax Return Amount Due

2024-11-07 21:10:04 - [MESSAGE][INFO] - Payment Type: New Tax Return Amount Due

2024-11-07 21:10:04 - [TEST_STEP][PASSED] - logInfo("Tax Type: " + TaxType): Tax Type: PTE Non-Electing S Corp

2024-11-07 21:10:04 - [MESSAGE][INFO] - Tax Type: PTE Non-Electing S Corp

2024-11-07 21:10:04 - [TEST_STEP][PASSED] - openBrowser(""): Browser is opened with url: ''

2024-11-07 21:10:04 - [MESSAGE][WARNING] - A browser is already opened. Closing browser and opening a new one

2024-11-07 21:10:06 - [MESSAGE][INFO] - Starting 'Chrome' driver

2024-11-07 21:10:06 - [MESSAGE][INFO] - User set preference: ['acceptInsecureCerts', 'true']

2024-11-07 21:10:06 - [MESSAGE][INFO] - Action delay is set to 0 milliseconds

2024-11-07 21:10:08 - [MESSAGE][PASSED] - Browser is opened with url: ''

2024-11-07 21:10:08 - [TEST_STEP][PASSED] - maximizeWindow(): Current window maximized

2024-11-07 21:10:08 - [MESSAGE][PASSED] - Current window maximized

2024-11-07 21:10:08 - [TEST_STEP][PASSED] - navigateToUrl(RADurl): Navigate to 'https://www.velocitypayment.com/client/rad/index.html' successfully

2024-11-07 21:10:10 - [MESSAGE][PASSED] - Navigate to 'https://www.velocitypayment.com/client/rad/index.html' successfully

2024-11-07 21:10:10 - [TEST_STEP][PASSED] - selectOptionByLabel(findTestObject(orPath_Landing + "/dd_TaxType"), "New Tax Return Amount Due", false): All options with label 'New Tax Return Amount Due' are selected in object 'Object Repository/RAD_Pages/Landing_Page/dd_TaxType' 

2024-11-07 21:10:11 - [MESSAGE][PASSED] - All options with label 'New Tax Return Amount Due' are selected in object 'Object Repository/RAD_Pages/Landing_Page/dd_TaxType' 

2024-11-07 21:10:11 - [TEST_STEP][PASSED] - selectOptionByLabel(findTestObject("Object Repository/RAD_Pages/Landing_Page/select_NewTaxReturnAmountDue_TaxType"), TaxType, false): All options with label 'PTE Non-Electing S Corp' are selected in object 'Object Repository/RAD_Pages/Landing_Page/select_NewTaxReturnAmountDue_TaxType' 

2024-11-07 21:10:11 - [MESSAGE][PASSED] - All options with label 'PTE Non-Electing S Corp' are selected in object 'Object Repository/RAD_Pages/Landing_Page/select_NewTaxReturnAmountDue_TaxType' 

2024-11-07 21:10:11 - [TEST_STEP][PASSED] - selectOptionByLabel(findTestObject(orPath_TaxTypeFilingYear + "/select_FilingYear"), FilingYear, false): All options with label '2023' are selected in object 'Object Repository/RAD_Pages/TaxTypeFilingYear_Page/select_FilingYear' 

2024-11-07 21:10:12 - [MESSAGE][PASSED] - All options with label '2023' are selected in object 'Object Repository/RAD_Pages/TaxTypeFilingYear_Page/select_FilingYear' 

2024-11-07 21:10:12 - [TEST_STEP][PASSED] - if (month.trim()): null

2024-11-07 21:10:12 - [TEST_STEP][PASSED] - rad.getSetDataRAD.setDataRADBusinessName(): rad.getSetDataRAD.setDataRADBusinessName is PASSED

2024-11-07 21:10:13 - [MESSAGE][PASSED] - Text 'My Company' is set on object 'Object Repository/RAD_Pages/Taxpayer_Page/input_businessName'

2024-11-07 21:10:13 - [MESSAGE][PASSED] - rad.getSetDataRAD.setDataRADBusinessName is PASSED

2024-11-07 21:10:13 - [TEST_STEP][PASSED] - rad.getSetDataRAD.setDataRADBusinessRep(): rad.getSetDataRAD.setDataRADBusinessRep is PASSED

2024-11-07 21:10:14 - [MESSAGE][PASSED] - Text 'BusRepFname' is set on object 'Object Repository/RAD_Pages/Taxpayer_Page/input_BusinessRepfirstName'

2024-11-07 21:10:14 - [MESSAGE][PASSED] - Text '' is set on object 'Object Repository/RAD_Pages/Taxpayer_Page/input_BusinessRepmiddleName'

2024-11-07 21:10:15 - [MESSAGE][PASSED] - Text 'BusRepLname' is set on object 'Object Repository/RAD_Pages/Taxpayer_Page/input_BusinessReplastName'

2024-11-07 21:10:16 - [MESSAGE][PASSED] - Text '' is set on object 'Object Repository/RAD_Pages/Taxpayer_Page/input_BusinessRepsuffix'

2024-11-07 21:10:16 - [MESSAGE][PASSED] - rad.getSetDataRAD.setDataRADBusinessRep is PASSED

2024-11-07 21:10:16 - [TEST_STEP][PASSED] - rad.getSetDataRAD.setDataRADAddress(): rad.getSetDataRAD.setDataRADAddress is PASSED

2024-11-07 21:10:17 - [MESSAGE][PASSED] - All options with label 'United States' are selected in object 'Object Repository/RAD_Pages/AddressAndContactInfo_Page/select_Country' 

2024-11-07 21:10:17 - [MESSAGE][PASSED] - Text '2508 Mandan Terrace' is set on object 'Object Repository/RAD_Pages/AddressAndContactInfo_Page/input_streetAddress1'

2024-11-07 21:10:18 - [MESSAGE][PASSED] - Text '' is set on object 'Object Repository/RAD_Pages/AddressAndContactInfo_Page/input_streetAddress2'

2024-11-07 21:10:19 - [MESSAGE][PASSED] - Text 'Gambrills' is set on object 'Object Repository/RAD_Pages/AddressAndContactInfo_Page/input_city'

2024-11-07 21:10:20 - [MESSAGE][PASSED] - All options with label 'Maryland' are selected in object 'Object Repository/RAD_Pages/AddressAndContactInfo_Page/select_State' 

2024-11-07 21:10:21 - [MESSAGE][PASSED] - Text '21054' is set on object 'Object Repository/RAD_Pages/AddressAndContactInfo_Page/input_zipCode'

2024-11-07 21:10:22 - [MESSAGE][PASSED] - Text '(703) 894-5000' is set on object 'Object Repository/RAD_Pages/AddressAndContactInfo_Page/input_phoneNumber'

2024-11-07 21:10:23 - [MESSAGE][PASSED] - Text 'iahmed@govolution.com' is set on object 'Object Repository/RAD_Pages/AddressAndContactInfo_Page/input_eMailAddress'

2024-11-07 21:10:24 - [MESSAGE][PASSED] - Text 'iahmed@govolution.com' is set on object 'Object Repository/RAD_Pages/AddressAndContactInfo_Page/input_reEnterEMailAddress'

2024-11-07 21:10:24 - [MESSAGE][PASSED] - rad.getSetDataRAD.setDataRADAddress is PASSED

2024-11-07 21:10:24 - [TEST_STEP][PASSED] - if (feinSSN.equalsIgnoreCase("Y")): Text ****** has been set on object 'Object Repository/RAD_Pages/TaxInfo_Page/input_TaxInfo_RetypeFeinSsn_New_2'

2024-11-07 21:10:24 - [TEST_STEP][PASSED] - setEncryptedText(findTestObject(orPath_TaxInfo + "/input_TaxInfo_FeinSsn_New_2"), "yXB7JMCbD3QoFF75EQd3iw=="): Text ****** has been set on object 'Object Repository/RAD_Pages/TaxInfo_Page/input_TaxInfo_FeinSsn_New_2'

2024-11-07 21:10:24 - [MESSAGE][PASSED] - Text ****** has been set on object 'Object Repository/RAD_Pages/TaxInfo_Page/input_TaxInfo_FeinSsn_New_2'

2024-11-07 21:10:24 - [TEST_STEP][PASSED] - setEncryptedText(findTestObject(orPath_TaxInfo + "/input_TaxInfo_RetypeFeinSsn_New_2"), "yXB7JMCbD3QoFF75EQd3iw=="): Text ****** has been set on object 'Object Repository/RAD_Pages/TaxInfo_Page/input_TaxInfo_RetypeFeinSsn_New_2'

2024-11-07 21:10:25 - [MESSAGE][PASSED] - Text ****** has been set on object 'Object Repository/RAD_Pages/TaxInfo_Page/input_TaxInfo_RetypeFeinSsn_New_2'

2024-11-07 21:10:25 - [TEST_STEP][PASSED] - if (CRN.equalsIgnoreCase("Y")): null

2024-11-07 21:10:25 - [TEST_STEP][PASSED] - if (MFLicNum.equalsIgnoreCase("Y")): null

2024-11-07 21:10:25 - [TEST_STEP][PASSED] - if (TaxType.equalsIgnoreCase("Estate Tax")): null

2024-11-07 21:10:25 - [TEST_STEP][PASSED] - setText(findTestObject(orPath_Amount + "/input__paymentAmount"), "100.00"): Text '100.00' is set on object 'Object Repository/RAD_Pages/PaymentAmount_Page/input__paymentAmount'

2024-11-07 21:10:26 - [MESSAGE][PASSED] - Text '100.00' is set on object 'Object Repository/RAD_Pages/PaymentAmount_Page/input__paymentAmount'

2024-11-07 21:10:26 - [TEST_STEP][PASSED] - setText(findTestObject(orPath_AddressContact + "/input_streetAddress2"), ""): Text '' is set on object 'Object Repository/RAD_Pages/AddressAndContactInfo_Page/input_streetAddress2'

2024-11-07 21:10:26 - [MESSAGE][PASSED] - Text '' is set on object 'Object Repository/RAD_Pages/AddressAndContactInfo_Page/input_streetAddress2'

2024-11-07 21:10:26 - [TEST_STEP][PASSED] - scrollToElement(findTestObject(orPath_Landing + "/button_Continue"), 3): Scroll to object 'Object Repository/RAD_Pages/Landing_Page/button_Continue' successfully

2024-11-07 21:10:27 - [MESSAGE][PASSED] - Scroll to object 'Object Repository/RAD_Pages/Landing_Page/button_Continue' successfully

2024-11-07 21:10:27 - [TEST_STEP][PASSED] - waitForElementClickable(findTestObject(orPath_Landing + "/button_Continue"), 5): Object 'Object Repository/RAD_Pages/Landing_Page/button_Continue' is clickable

2024-11-07 21:10:27 - [MESSAGE][PASSED] - Object 'Object Repository/RAD_Pages/Landing_Page/button_Continue' is clickable

2024-11-07 21:10:27 - [TEST_STEP][PASSED] - click(findTestObject(orPath_Landing + "/button_Continue")): Object: 'Object Repository/RAD_Pages/Landing_Page/button_Continue' is clicked on

2024-11-07 21:10:28 - [MESSAGE][PASSED] - Object: 'Object Repository/RAD_Pages/Landing_Page/button_Continue' is clicked on

2024-11-07 21:10:28 - [TEST_STEP][PASSED] - delay(2): Delayed 2 second(s)

2024-11-07 21:10:30 - [MESSAGE][PASSED] - Delayed 2 second(s)

2024-11-07 21:10:30 - [TEST_STEP][PASSED] - verifyTextPresent("Summary", true): Text 'Summary' is present on page  using regular expression

2024-11-07 21:10:30 - [MESSAGE][PASSED] - Text 'Summary' is present on page  using regular expression

2024-11-07 21:10:30 - [TEST_STEP][PASSED] - verifyTextPresent("Review the information below and make any necessary corrections by clicking the", true): Text 'Review the information below and make any necessary corrections by clicking the' is present on page  using regular expression

2024-11-07 21:10:30 - [MESSAGE][PASSED] - Text 'Review the information below and make any necessary corrections by clicking the' is present on page  using regular expression

2024-11-07 21:10:30 - [TEST_STEP][PASSED] - verifyTextPresent("When you are confident that all the information is correct, click the", true): Text 'When you are confident that all the information is correct, click the' is present on page  using regular expression

2024-11-07 21:10:31 - [MESSAGE][PASSED] - Text 'When you are confident that all the information is correct, click the' is present on page  using regular expression

2024-11-07 21:10:31 - [TEST_STEP][PASSED] - verifyTextPresent("Payment Type/Filing Year", true): Text 'Payment Type/Filing Year' is present on page  using regular expression

2024-11-07 21:10:31 - [MESSAGE][PASSED] - Text 'Payment Type/Filing Year' is present on page  using regular expression

2024-11-07 21:10:31 - [TEST_STEP][PASSED] - verifyTextPresent("Payment Type:", true): Text 'Payment Type:' is present on page  using regular expression

2024-11-07 21:10:31 - [MESSAGE][PASSED] - Text 'Payment Type:' is present on page  using regular expression

2024-11-07 21:10:31 - [TEST_STEP][PASSED] - verifyTextPresent("New Tax Return Amount Due", true): Text 'New Tax Return Amount Due' is present on page  using regular expression

2024-11-07 21:10:32 - [MESSAGE][PASSED] - Text 'New Tax Return Amount Due' is present on page  using regular expression

2024-11-07 21:10:32 - [TEST_STEP][PASSED] - verifyTextPresent("Filing Year:", true): Text 'Filing Year:' is present on page  using regular expression

2024-11-07 21:10:32 - [MESSAGE][PASSED] - Text 'Filing Year:' is present on page  using regular expression

2024-11-07 21:10:32 - [TEST_STEP][PASSED] - verifyTextPresent(FilingYear, true): Text '2023' is present on page  using regular expression

2024-11-07 21:10:32 - [MESSAGE][PASSED] - Text '2023' is present on page  using regular expression

2024-11-07 21:10:32 - [TEST_STEP][PASSED] - verifyTextPresent("Payer Information", true): Text 'Payer Information' is present on page  using regular expression

2024-11-07 21:10:33 - [MESSAGE][PASSED] - Text 'Payer Information' is present on page  using regular expression

2024-11-07 21:10:33 - [TEST_STEP][PASSED] - verifyTextPresent("Taxpayer Name:", true): Text 'Taxpayer Name:' is present on page  using regular expression

2024-11-07 21:10:33 - [MESSAGE][PASSED] - Text 'Taxpayer Name:' is present on page  using regular expression

2024-11-07 21:10:33 - [TEST_STEP][PASSED] - verifyTextPresent("My Company", true): Text 'My Company' is present on page  using regular expression

2024-11-07 21:10:33 - [MESSAGE][PASSED] - Text 'My Company' is present on page  using regular expression

2024-11-07 21:10:33 - [TEST_STEP][PASSED] - verifyTextPresent("Business Rep Name:", true): Text 'Business Rep Name:' is present on page  using regular expression

2024-11-07 21:10:34 - [MESSAGE][PASSED] - Text 'Business Rep Name:' is present on page  using regular expression

2024-11-07 21:10:34 - [TEST_STEP][PASSED] - verifyTextPresent("BusRepFname BusRepLname", true): Text 'BusRepFname BusRepLname' is present on page  using regular expression

2024-11-07 21:10:34 - [MESSAGE][PASSED] - Text 'BusRepFname BusRepLname' is present on page  using regular expression

2024-11-07 21:10:34 - [TEST_STEP][PASSED] - verifyTextPresent("Taxpayer Address:", true): Text 'Taxpayer Address:' is present on page  using regular expression

2024-11-07 21:10:34 - [MESSAGE][PASSED] - Text 'Taxpayer Address:' is present on page  using regular expression

2024-11-07 21:10:34 - [TEST_STEP][PASSED] - verifyTextPresent("2508 Mandan Terrace Gambrills Maryland 21054", true): Text '2508 Mandan Terrace Gambrills Maryland 21054' is present on page  using regular expression

2024-11-07 21:10:35 - [MESSAGE][PASSED] - Text '2508 Mandan Terrace Gambrills Maryland 21054' is present on page  using regular expression

2024-11-07 21:10:35 - [TEST_STEP][PASSED] - verifyTextPresent("Email:", true): Text 'Email:' is present on page  using regular expression

2024-11-07 21:10:35 - [MESSAGE][PASSED] - Text 'Email:' is present on page  using regular expression

2024-11-07 21:10:35 - [TEST_STEP][PASSED] - verifyTextPresent("iahmed@govolution.com", true): Text 'iahmed@govolution.com' is present on page  using regular expression

2024-11-07 21:10:35 - [MESSAGE][PASSED] - Text 'iahmed@govolution.com' is present on page  using regular expression

2024-11-07 21:10:35 - [TEST_STEP][PASSED] - verifyTextPresent("Phone:", true): Text 'Phone:' is present on page  using regular expression

2024-11-07 21:10:36 - [MESSAGE][PASSED] - Text 'Phone:' is present on page  using regular expression

2024-11-07 21:10:36 - [TEST_STEP][PASSED] - verifyTextPresent("(703) 894-5000", false): Text '(703) 894-5000' is present on page 

2024-11-07 21:10:36 - [MESSAGE][PASSED] - Text '(703) 894-5000' is present on page 

2024-11-07 21:10:36 - [TEST_STEP][PASSED] - verifyTextPresent("Tax Information", true): Text 'Tax Information' is present on page  using regular expression

2024-11-07 21:10:36 - [MESSAGE][PASSED] - Text 'Tax Information' is present on page  using regular expression

2024-11-07 21:10:36 - [TEST_STEP][PASSED] - verifyTextNotPresent("Notice Number", true): Text 'Notice Number' is not present on page using regular expression

2024-11-07 21:10:36 - [MESSAGE][PASSED] - Text 'Notice Number' is not present on page using regular expression

2024-11-07 21:10:36 - [TEST_STEP][PASSED] - if (month.trim()): null

2024-11-07 21:10:36 - [TEST_STEP][PASSED] - else: Text 'Period Ending' is not present on page using regular expression

2024-11-07 21:10:36 - [TEST_STEP][PASSED] - verifyTextNotPresent("Period Ending", true): Text 'Period Ending' is not present on page using regular expression

2024-11-07 21:10:37 - [MESSAGE][PASSED] - Text 'Period Ending' is not present on page using regular expression

2024-11-07 21:10:37 - [TEST_STEP][PASSED] - if (feinSSN.equalsIgnoreCase("Y")): Text 'XXXXX6187' is present on page  using regular expression

2024-11-07 21:10:37 - [TEST_STEP][PASSED] - verifyTextPresent("FEIN/SSN:", true): Text 'FEIN/SSN:' is present on page  using regular expression

2024-11-07 21:10:37 - [MESSAGE][PASSED] - Text 'FEIN/SSN:' is present on page  using regular expression

2024-11-07 21:10:37 - [TEST_STEP][PASSED] - verifyTextNotPresent("Federal EIN:", true): Text 'Federal EIN:' is not present on page using regular expression

2024-11-07 21:10:37 - [MESSAGE][PASSED] - Text 'Federal EIN:' is not present on page using regular expression

2024-11-07 21:10:37 - [TEST_STEP][PASSED] - verifyTextPresent("XXXXX6187", true): Text 'XXXXX6187' is present on page  using regular expression

2024-11-07 21:10:38 - [MESSAGE][PASSED] - Text 'XXXXX6187' is present on page  using regular expression

2024-11-07 21:10:38 - [TEST_STEP][PASSED] - if (TaxType.equalsIgnoreCase("Estate Tax")): null

2024-11-07 21:10:38 - [TEST_STEP][PASSED] - if (CRN.equalsIgnoreCase("Y")): null

2024-11-07 21:10:38 - [TEST_STEP][PASSED] - else: Text 'MD Central Registration Number' is not present on page using regular expression

2024-11-07 21:10:38 - [TEST_STEP][PASSED] - verifyTextNotPresent("MD Central Registration Number", true): Text 'MD Central Registration Number' is not present on page using regular expression

2024-11-07 21:10:38 - [MESSAGE][PASSED] - Text 'MD Central Registration Number' is not present on page using regular expression

2024-11-07 21:10:38 - [TEST_STEP][PASSED] - if (MFLicNum.equalsIgnoreCase("Y")): null

2024-11-07 21:10:38 - [TEST_STEP][PASSED] - else: Text 'Motor Fuel License Number#:' is not present on page using regular expression

2024-11-07 21:10:38 - [TEST_STEP][PASSED] - verifyTextNotPresent("Motor Fuel License Number#:", true): Text 'Motor Fuel License Number#:' is not present on page using regular expression

2024-11-07 21:10:38 - [MESSAGE][PASSED] - Text 'Motor Fuel License Number#:' is not present on page using regular expression

2024-11-07 21:10:38 - [TEST_STEP][PASSED] - verifyTextPresent("Payment Amount:", true): Text 'Payment Amount:' is present on page  using regular expression

2024-11-07 21:10:39 - [MESSAGE][PASSED] - Text 'Payment Amount:' is present on page  using regular expression

2024-11-07 21:10:39 - [TEST_STEP][PASSED] - verifyTextPresent("100.00", true): Text '100.00' is present on page  using regular expression

2024-11-07 21:10:39 - [MESSAGE][PASSED] - Text '100.00' is present on page  using regular expression

2024-11-07 21:10:39 - [TEST_STEP][PASSED] - if (verifyElementVisible(findTestObject(orPath_Summary + "/button_Proceed to Payment"))): null

2024-11-07 21:10:39 - [MESSAGE][PASSED] - Object 'Object Repository/RAD_Pages/Summary_Page/button_Proceed to Payment' is visible

2024-11-07 21:10:39 - [TEST_STEP][PASSED] - resText = "Pass": null

2024-11-07 21:10:39 - [TEST_STEP][PASSED] - pages.WriteExcel.demoKey(resText, datText, resColumn, datCloumn, fileLoc, nameSheet, row): pages.WriteExcel.demoKey is PASSED

2024-11-07 21:10:40 - [MESSAGE][PASSED] - pages.WriteExcel.demoKey is PASSED

2024-11-07 21:10:40 - [TEST_STEP][PASSED] - click(findTestObject(orPath_Summary + "/button_Proceed to Payment")): Object: 'Object Repository/RAD_Pages/Summary_Page/button_Proceed to Payment' is clicked on

2024-11-07 21:10:43 - [MESSAGE][PASSED] - Object: 'Object Repository/RAD_Pages/Summary_Page/button_Proceed to Payment' is clicked on

2024-11-07 21:10:43 - [TEST_STEP][PASSED] - verifyElementPresent(findTestObject("Object Repository/RAD_Pages/PaymentEntry_Page/input__billingName"), 30): Object 'Object Repository/RAD_Pages/PaymentEntry_Page/input__billingName' is present

2024-11-07 21:10:43 - [MESSAGE][PASSED] - Object 'Object Repository/RAD_Pages/PaymentEntry_Page/input__billingName' is present

2024-11-07 21:10:43 - [TEST_STEP][PASSED] - ExecuteTC = findTestData(dataFile).getValue("Execute", row): null

2024-11-07 21:10:43 - [TEST_STEP][PASSED] - TaxType = findTestData(dataFile).getValue("TaxType", row): null

2024-11-07 21:10:43 - [TEST_STEP][PASSED] - PaymentType = findTestData(dataFile).getValue("PaymentType", row): null

2024-11-07 21:10:44 - [TEST_STEP][PASSED] - FilingYear = findTestData(dataFile).getValue("Year", row): null

2024-11-07 21:10:44 - [TEST_STEP][PASSED] - feinSSN = findTestData(dataFile).getValue("FeinSsn", row): null

2024-11-07 21:10:44 - [TEST_STEP][PASSED] - CRN = findTestData(dataFile).getValue("CRN", row): null

2024-11-07 21:10:44 - [TEST_STEP][PASSED] - month = findTestData(dataFile).getValue("Month", row): null

2024-11-07 21:10:44 - [TEST_STEP][PASSED] - MFLicNum = findTestData(dataFile).getValue("MFLicNum", row): null

2024-11-07 21:10:44 - [TEST_STEP][PASSED] - if (ExecuteTC.equalsIgnoreCase("Y")): Object 'Object Repository/RAD_Pages/PaymentEntry_Page/input__billingName' is present

2024-11-07 21:10:44 - [TEST_STEP][PASSED] - out.println("Begin Record Number: " + row): null

2024-11-07 21:10:44 - [TEST_STEP][PASSED] - today = new java.util.Date(): null

2024-11-07 21:10:44 - [TEST_STEP][PASSED] - println(today): null

2024-11-07 21:10:44 - [TEST_STEP][PASSED] - datText = today: null

2024-11-07 21:10:44 - [TEST_STEP][PASSED] - logInfo("Payment Type: New Tax Return Amount Due"): Payment Type: New Tax Return Amount Due

2024-11-07 21:10:44 - [MESSAGE][INFO] - Payment Type: New Tax Return Amount Due

2024-11-07 21:10:44 - [TEST_STEP][PASSED] - logInfo("Tax Type: " + TaxType): Tax Type: PTE Tax Electing Non-S Corp

2024-11-07 21:10:44 - [MESSAGE][INFO] - Tax Type: PTE Tax Electing Non-S Corp

2024-11-07 21:10:44 - [TEST_STEP][PASSED] - openBrowser(""): Browser is opened with url: ''

2024-11-07 21:10:44 - [MESSAGE][WARNING] - A browser is already opened. Closing browser and opening a new one

2024-11-07 21:10:45 - [MESSAGE][INFO] - Starting 'Chrome' driver

2024-11-07 21:10:45 - [MESSAGE][INFO] - User set preference: ['acceptInsecureCerts', 'true']

2024-11-07 21:10:45 - [MESSAGE][INFO] - Action delay is set to 0 milliseconds

2024-11-07 21:10:47 - [MESSAGE][PASSED] - Browser is opened with url: ''

2024-11-07 21:10:47 - [TEST_STEP][PASSED] - maximizeWindow(): Current window maximized

2024-11-07 21:10:47 - [MESSAGE][PASSED] - Current window maximized

2024-11-07 21:10:47 - [TEST_STEP][PASSED] - navigateToUrl(RADurl): Navigate to 'https://www.velocitypayment.com/client/rad/index.html' successfully

2024-11-07 21:10:49 - [MESSAGE][PASSED] - Navigate to 'https://www.velocitypayment.com/client/rad/index.html' successfully

2024-11-07 21:10:49 - [TEST_STEP][PASSED] - selectOptionByLabel(findTestObject(orPath_Landing + "/dd_TaxType"), "New Tax Return Amount Due", false): All options with label 'New Tax Return Amount Due' are selected in object 'Object Repository/RAD_Pages/Landing_Page/dd_TaxType' 

2024-11-07 21:10:50 - [MESSAGE][PASSED] - All options with label 'New Tax Return Amount Due' are selected in object 'Object Repository/RAD_Pages/Landing_Page/dd_TaxType' 

2024-11-07 21:10:50 - [TEST_STEP][PASSED] - selectOptionByLabel(findTestObject("Object Repository/RAD_Pages/Landing_Page/select_NewTaxReturnAmountDue_TaxType"), TaxType, false): All options with label 'PTE Tax Electing Non-S Corp' are selected in object 'Object Repository/RAD_Pages/Landing_Page/select_NewTaxReturnAmountDue_TaxType' 

2024-11-07 21:10:51 - [MESSAGE][PASSED] - All options with label 'PTE Tax Electing Non-S Corp' are selected in object 'Object Repository/RAD_Pages/Landing_Page/select_NewTaxReturnAmountDue_TaxType' 

2024-11-07 21:10:51 - [TEST_STEP][PASSED] - selectOptionByLabel(findTestObject(orPath_TaxTypeFilingYear + "/select_FilingYear"), FilingYear, false): All options with label '2023' are selected in object 'Object Repository/RAD_Pages/TaxTypeFilingYear_Page/select_FilingYear' 

2024-11-07 21:10:51 - [MESSAGE][PASSED] - All options with label '2023' are selected in object 'Object Repository/RAD_Pages/TaxTypeFilingYear_Page/select_FilingYear' 

2024-11-07 21:10:51 - [TEST_STEP][PASSED] - if (month.trim()): null

2024-11-07 21:10:51 - [TEST_STEP][PASSED] - rad.getSetDataRAD.setDataRADBusinessName(): rad.getSetDataRAD.setDataRADBusinessName is PASSED

2024-11-07 21:10:52 - [MESSAGE][PASSED] - Text 'My Company' is set on object 'Object Repository/RAD_Pages/Taxpayer_Page/input_businessName'

2024-11-07 21:10:52 - [MESSAGE][PASSED] - rad.getSetDataRAD.setDataRADBusinessName is PASSED

2024-11-07 21:10:52 - [TEST_STEP][PASSED] - rad.getSetDataRAD.setDataRADBusinessRep(): rad.getSetDataRAD.setDataRADBusinessRep is PASSED

2024-11-07 21:10:53 - [MESSAGE][PASSED] - Text 'BusRepFname' is set on object 'Object Repository/RAD_Pages/Taxpayer_Page/input_BusinessRepfirstName'

2024-11-07 21:10:54 - [MESSAGE][PASSED] - Text '' is set on object 'Object Repository/RAD_Pages/Taxpayer_Page/input_BusinessRepmiddleName'

2024-11-07 21:10:54 - [MESSAGE][PASSED] - Text 'BusRepLname' is set on object 'Object Repository/RAD_Pages/Taxpayer_Page/input_BusinessReplastName'

2024-11-07 21:10:55 - [MESSAGE][PASSED] - Text '' is set on object 'Object Repository/RAD_Pages/Taxpayer_Page/input_BusinessRepsuffix'

2024-11-07 21:10:55 - [MESSAGE][PASSED] - rad.getSetDataRAD.setDataRADBusinessRep is PASSED

2024-11-07 21:10:55 - [TEST_STEP][PASSED] - rad.getSetDataRAD.setDataRADAddress(): rad.getSetDataRAD.setDataRADAddress is PASSED

2024-11-07 21:10:56 - [MESSAGE][PASSED] - All options with label 'United States' are selected in object 'Object Repository/RAD_Pages/AddressAndContactInfo_Page/select_Country' 

2024-11-07 21:10:56 - [MESSAGE][PASSED] - Text '2508 Mandan Terrace' is set on object 'Object Repository/RAD_Pages/AddressAndContactInfo_Page/input_streetAddress1'

2024-11-07 21:10:57 - [MESSAGE][PASSED] - Text '' is set on object 'Object Repository/RAD_Pages/AddressAndContactInfo_Page/input_streetAddress2'

2024-11-07 21:10:58 - [MESSAGE][PASSED] - Text 'Gambrills' is set on object 'Object Repository/RAD_Pages/AddressAndContactInfo_Page/input_city'

2024-11-07 21:10:59 - [MESSAGE][PASSED] - All options with label 'Maryland' are selected in object 'Object Repository/RAD_Pages/AddressAndContactInfo_Page/select_State' 

2024-11-07 21:11:00 - [MESSAGE][PASSED] - Text '21054' is set on object 'Object Repository/RAD_Pages/AddressAndContactInfo_Page/input_zipCode'

2024-11-07 21:11:01 - [MESSAGE][PASSED] - Text '(703) 894-5000' is set on object 'Object Repository/RAD_Pages/AddressAndContactInfo_Page/input_phoneNumber'

2024-11-07 21:11:02 - [MESSAGE][PASSED] - Text 'iahmed@govolution.com' is set on object 'Object Repository/RAD_Pages/AddressAndContactInfo_Page/input_eMailAddress'

2024-11-07 21:11:02 - [MESSAGE][PASSED] - Text 'iahmed@govolution.com' is set on object 'Object Repository/RAD_Pages/AddressAndContactInfo_Page/input_reEnterEMailAddress'

2024-11-07 21:11:02 - [MESSAGE][PASSED] - rad.getSetDataRAD.setDataRADAddress is PASSED

2024-11-07 21:11:02 - [TEST_STEP][PASSED] - if (feinSSN.equalsIgnoreCase("Y")): Text ****** has been set on object 'Object Repository/RAD_Pages/TaxInfo_Page/input_TaxInfo_RetypeFeinSsn_New_2'

2024-11-07 21:11:02 - [TEST_STEP][PASSED] - setEncryptedText(findTestObject(orPath_TaxInfo + "/input_TaxInfo_FeinSsn_New_2"), "yXB7JMCbD3QoFF75EQd3iw=="): Text ****** has been set on object 'Object Repository/RAD_Pages/TaxInfo_Page/input_TaxInfo_FeinSsn_New_2'

2024-11-07 21:11:03 - [MESSAGE][PASSED] - Text ****** has been set on object 'Object Repository/RAD_Pages/TaxInfo_Page/input_TaxInfo_FeinSsn_New_2'

2024-11-07 21:11:03 - [TEST_STEP][PASSED] - setEncryptedText(findTestObject(orPath_TaxInfo + "/input_TaxInfo_RetypeFeinSsn_New_2"), "yXB7JMCbD3QoFF75EQd3iw=="): Text ****** has been set on object 'Object Repository/RAD_Pages/TaxInfo_Page/input_TaxInfo_RetypeFeinSsn_New_2'

2024-11-07 21:11:04 - [MESSAGE][PASSED] - Text ****** has been set on object 'Object Repository/RAD_Pages/TaxInfo_Page/input_TaxInfo_RetypeFeinSsn_New_2'

2024-11-07 21:11:04 - [TEST_STEP][PASSED] - if (CRN.equalsIgnoreCase("Y")): null

2024-11-07 21:11:04 - [TEST_STEP][PASSED] - if (MFLicNum.equalsIgnoreCase("Y")): null

2024-11-07 21:11:04 - [TEST_STEP][PASSED] - if (TaxType.equalsIgnoreCase("Estate Tax")): null

2024-11-07 21:11:04 - [TEST_STEP][PASSED] - setText(findTestObject(orPath_Amount + "/input__paymentAmount"), "100.00"): Text '100.00' is set on object 'Object Repository/RAD_Pages/PaymentAmount_Page/input__paymentAmount'

2024-11-07 21:11:04 - [MESSAGE][PASSED] - Text '100.00' is set on object 'Object Repository/RAD_Pages/PaymentAmount_Page/input__paymentAmount'

2024-11-07 21:11:04 - [TEST_STEP][PASSED] - setText(findTestObject(orPath_AddressContact + "/input_streetAddress2"), ""): Text '' is set on object 'Object Repository/RAD_Pages/AddressAndContactInfo_Page/input_streetAddress2'

2024-11-07 21:11:05 - [MESSAGE][PASSED] - Text '' is set on object 'Object Repository/RAD_Pages/AddressAndContactInfo_Page/input_streetAddress2'

2024-11-07 21:11:05 - [TEST_STEP][PASSED] - scrollToElement(findTestObject(orPath_Landing + "/button_Continue"), 3): Scroll to object 'Object Repository/RAD_Pages/Landing_Page/button_Continue' successfully

2024-11-07 21:11:05 - [MESSAGE][PASSED] - Scroll to object 'Object Repository/RAD_Pages/Landing_Page/button_Continue' successfully

2024-11-07 21:11:05 - [TEST_STEP][PASSED] - waitForElementClickable(findTestObject(orPath_Landing + "/button_Continue"), 5): Object 'Object Repository/RAD_Pages/Landing_Page/button_Continue' is clickable

2024-11-07 21:11:06 - [MESSAGE][PASSED] - Object 'Object Repository/RAD_Pages/Landing_Page/button_Continue' is clickable

2024-11-07 21:11:06 - [TEST_STEP][PASSED] - click(findTestObject(orPath_Landing + "/button_Continue")): Object: 'Object Repository/RAD_Pages/Landing_Page/button_Continue' is clicked on

2024-11-07 21:11:06 - [MESSAGE][PASSED] - Object: 'Object Repository/RAD_Pages/Landing_Page/button_Continue' is clicked on

2024-11-07 21:11:06 - [TEST_STEP][PASSED] - delay(2): Delayed 2 second(s)

2024-11-07 21:11:08 - [MESSAGE][PASSED] - Delayed 2 second(s)

2024-11-07 21:11:08 - [TEST_STEP][PASSED] - verifyTextPresent("Summary", true): Text 'Summary' is present on page  using regular expression

2024-11-07 21:11:09 - [MESSAGE][PASSED] - Text 'Summary' is present on page  using regular expression

2024-11-07 21:11:09 - [TEST_STEP][PASSED] - verifyTextPresent("Review the information below and make any necessary corrections by clicking the", true): Text 'Review the information below and make any necessary corrections by clicking the' is present on page  using regular expression

2024-11-07 21:11:09 - [MESSAGE][PASSED] - Text 'Review the information below and make any necessary corrections by clicking the' is present on page  using regular expression

2024-11-07 21:11:09 - [TEST_STEP][PASSED] - verifyTextPresent("When you are confident that all the information is correct, click the", true): Text 'When you are confident that all the information is correct, click the' is present on page  using regular expression

2024-11-07 21:11:09 - [MESSAGE][PASSED] - Text 'When you are confident that all the information is correct, click the' is present on page  using regular expression

2024-11-07 21:11:09 - [TEST_STEP][PASSED] - verifyTextPresent("Payment Type/Filing Year", true): Text 'Payment Type/Filing Year' is present on page  using regular expression

2024-11-07 21:11:09 - [MESSAGE][PASSED] - Text 'Payment Type/Filing Year' is present on page  using regular expression

2024-11-07 21:11:09 - [TEST_STEP][PASSED] - verifyTextPresent("Payment Type:", true): Text 'Payment Type:' is present on page  using regular expression

2024-11-07 21:11:10 - [MESSAGE][PASSED] - Text 'Payment Type:' is present on page  using regular expression

2024-11-07 21:11:10 - [TEST_STEP][PASSED] - verifyTextPresent("New Tax Return Amount Due", true): Text 'New Tax Return Amount Due' is present on page  using regular expression

2024-11-07 21:11:10 - [MESSAGE][PASSED] - Text 'New Tax Return Amount Due' is present on page  using regular expression

2024-11-07 21:11:10 - [TEST_STEP][PASSED] - verifyTextPresent("Filing Year:", true): Text 'Filing Year:' is present on page  using regular expression

2024-11-07 21:11:10 - [MESSAGE][PASSED] - Text 'Filing Year:' is present on page  using regular expression

2024-11-07 21:11:10 - [TEST_STEP][PASSED] - verifyTextPresent(FilingYear, true): Text '2023' is present on page  using regular expression

2024-11-07 21:11:11 - [MESSAGE][PASSED] - Text '2023' is present on page  using regular expression

2024-11-07 21:11:11 - [TEST_STEP][PASSED] - verifyTextPresent("Payer Information", true): Text 'Payer Information' is present on page  using regular expression

2024-11-07 21:11:11 - [MESSAGE][PASSED] - Text 'Payer Information' is present on page  using regular expression

2024-11-07 21:11:11 - [TEST_STEP][PASSED] - verifyTextPresent("Taxpayer Name:", true): Text 'Taxpayer Name:' is present on page  using regular expression

2024-11-07 21:11:11 - [MESSAGE][PASSED] - Text 'Taxpayer Name:' is present on page  using regular expression

2024-11-07 21:11:11 - [TEST_STEP][PASSED] - verifyTextPresent("My Company", true): Text 'My Company' is present on page  using regular expression

2024-11-07 21:11:12 - [MESSAGE][PASSED] - Text 'My Company' is present on page  using regular expression

2024-11-07 21:11:12 - [TEST_STEP][PASSED] - verifyTextPresent("Business Rep Name:", true): Text 'Business Rep Name:' is present on page  using regular expression

2024-11-07 21:11:12 - [MESSAGE][PASSED] - Text 'Business Rep Name:' is present on page  using regular expression

2024-11-07 21:11:12 - [TEST_STEP][PASSED] - verifyTextPresent("BusRepFname BusRepLname", true): Text 'BusRepFname BusRepLname' is present on page  using regular expression

2024-11-07 21:11:12 - [MESSAGE][PASSED] - Text 'BusRepFname BusRepLname' is present on page  using regular expression

2024-11-07 21:11:12 - [TEST_STEP][PASSED] - verifyTextPresent("Taxpayer Address:", true): Text 'Taxpayer Address:' is present on page  using regular expression

2024-11-07 21:11:13 - [MESSAGE][PASSED] - Text 'Taxpayer Address:' is present on page  using regular expression

2024-11-07 21:11:13 - [TEST_STEP][PASSED] - verifyTextPresent("2508 Mandan Terrace Gambrills Maryland 21054", true): Text '2508 Mandan Terrace Gambrills Maryland 21054' is present on page  using regular expression

2024-11-07 21:11:13 - [MESSAGE][PASSED] - Text '2508 Mandan Terrace Gambrills Maryland 21054' is present on page  using regular expression

2024-11-07 21:11:13 - [TEST_STEP][PASSED] - verifyTextPresent("Email:", true): Text 'Email:' is present on page  using regular expression

2024-11-07 21:11:13 - [MESSAGE][PASSED] - Text 'Email:' is present on page  using regular expression

2024-11-07 21:11:13 - [TEST_STEP][PASSED] - verifyTextPresent("iahmed@govolution.com", true): Text 'iahmed@govolution.com' is present on page  using regular expression

2024-11-07 21:11:14 - [MESSAGE][PASSED] - Text 'iahmed@govolution.com' is present on page  using regular expression

2024-11-07 21:11:14 - [TEST_STEP][PASSED] - verifyTextPresent("Phone:", true): Text 'Phone:' is present on page  using regular expression

2024-11-07 21:11:14 - [MESSAGE][PASSED] - Text 'Phone:' is present on page  using regular expression

2024-11-07 21:11:14 - [TEST_STEP][PASSED] - verifyTextPresent("(703) 894-5000", false): Text '(703) 894-5000' is present on page 

2024-11-07 21:11:14 - [MESSAGE][PASSED] - Text '(703) 894-5000' is present on page 

2024-11-07 21:11:14 - [TEST_STEP][PASSED] - verifyTextPresent("Tax Information", true): Text 'Tax Information' is present on page  using regular expression

2024-11-07 21:11:15 - [MESSAGE][PASSED] - Text 'Tax Information' is present on page  using regular expression

2024-11-07 21:11:15 - [TEST_STEP][PASSED] - verifyTextNotPresent("Notice Number", true): Text 'Notice Number' is not present on page using regular expression

2024-11-07 21:11:15 - [MESSAGE][PASSED] - Text 'Notice Number' is not present on page using regular expression

2024-11-07 21:11:15 - [TEST_STEP][PASSED] - if (month.trim()): null

2024-11-07 21:11:15 - [TEST_STEP][PASSED] - else: Text 'Period Ending' is not present on page using regular expression

2024-11-07 21:11:15 - [TEST_STEP][PASSED] - verifyTextNotPresent("Period Ending", true): Text 'Period Ending' is not present on page using regular expression

2024-11-07 21:11:15 - [MESSAGE][PASSED] - Text 'Period Ending' is not present on page using regular expression

2024-11-07 21:11:15 - [TEST_STEP][PASSED] - if (feinSSN.equalsIgnoreCase("Y")): Text 'XXXXX6187' is present on page  using regular expression

2024-11-07 21:11:15 - [TEST_STEP][PASSED] - verifyTextPresent("FEIN/SSN:", true): Text 'FEIN/SSN:' is present on page  using regular expression

2024-11-07 21:11:16 - [MESSAGE][PASSED] - Text 'FEIN/SSN:' is present on page  using regular expression

2024-11-07 21:11:16 - [TEST_STEP][PASSED] - verifyTextNotPresent("Federal EIN:", true): Text 'Federal EIN:' is not present on page using regular expression

2024-11-07 21:11:16 - [MESSAGE][PASSED] - Text 'Federal EIN:' is not present on page using regular expression

2024-11-07 21:11:16 - [TEST_STEP][PASSED] - verifyTextPresent("XXXXX6187", true): Text 'XXXXX6187' is present on page  using regular expression

2024-11-07 21:11:16 - [MESSAGE][PASSED] - Text 'XXXXX6187' is present on page  using regular expression

2024-11-07 21:11:16 - [TEST_STEP][PASSED] - if (TaxType.equalsIgnoreCase("Estate Tax")): null

2024-11-07 21:11:16 - [TEST_STEP][PASSED] - if (CRN.equalsIgnoreCase("Y")): null

2024-11-07 21:11:16 - [TEST_STEP][PASSED] - else: Text 'MD Central Registration Number' is not present on page using regular expression

2024-11-07 21:11:16 - [TEST_STEP][PASSED] - verifyTextNotPresent("MD Central Registration Number", true): Text 'MD Central Registration Number' is not present on page using regular expression

2024-11-07 21:11:17 - [MESSAGE][PASSED] - Text 'MD Central Registration Number' is not present on page using regular expression

2024-11-07 21:11:17 - [TEST_STEP][PASSED] - if (MFLicNum.equalsIgnoreCase("Y")): null

2024-11-07 21:11:17 - [TEST_STEP][PASSED] - else: Text 'Motor Fuel License Number#:' is not present on page using regular expression

2024-11-07 21:11:17 - [TEST_STEP][PASSED] - verifyTextNotPresent("Motor Fuel License Number#:", true): Text 'Motor Fuel License Number#:' is not present on page using regular expression

2024-11-07 21:11:17 - [MESSAGE][PASSED] - Text 'Motor Fuel License Number#:' is not present on page using regular expression

2024-11-07 21:11:17 - [TEST_STEP][PASSED] - verifyTextPresent("Payment Amount:", true): Text 'Payment Amount:' is present on page  using regular expression

2024-11-07 21:11:17 - [MESSAGE][PASSED] - Text 'Payment Amount:' is present on page  using regular expression

2024-11-07 21:11:17 - [TEST_STEP][PASSED] - verifyTextPresent("100.00", true): Text '100.00' is present on page  using regular expression

2024-11-07 21:11:18 - [MESSAGE][PASSED] - Text '100.00' is present on page  using regular expression

2024-11-07 21:11:18 - [TEST_STEP][PASSED] - if (verifyElementVisible(findTestObject(orPath_Summary + "/button_Proceed to Payment"))): null

2024-11-07 21:11:18 - [MESSAGE][PASSED] - Object 'Object Repository/RAD_Pages/Summary_Page/button_Proceed to Payment' is visible

2024-11-07 21:11:18 - [TEST_STEP][PASSED] - resText = "Pass": null

2024-11-07 21:11:18 - [TEST_STEP][PASSED] - pages.WriteExcel.demoKey(resText, datText, resColumn, datCloumn, fileLoc, nameSheet, row): pages.WriteExcel.demoKey is PASSED

2024-11-07 21:11:18 - [MESSAGE][PASSED] - pages.WriteExcel.demoKey is PASSED

2024-11-07 21:11:18 - [TEST_STEP][PASSED] - click(findTestObject(orPath_Summary + "/button_Proceed to Payment")): Object: 'Object Repository/RAD_Pages/Summary_Page/button_Proceed to Payment' is clicked on

2024-11-07 21:11:21 - [MESSAGE][PASSED] - Object: 'Object Repository/RAD_Pages/Summary_Page/button_Proceed to Payment' is clicked on

2024-11-07 21:11:21 - [TEST_STEP][PASSED] - verifyElementPresent(findTestObject("Object Repository/RAD_Pages/PaymentEntry_Page/input__billingName"), 30): Object 'Object Repository/RAD_Pages/PaymentEntry_Page/input__billingName' is present

2024-11-07 21:11:22 - [MESSAGE][PASSED] - Object 'Object Repository/RAD_Pages/PaymentEntry_Page/input__billingName' is present

2024-11-07 21:11:22 - [TEST_STEP][PASSED] - ExecuteTC = findTestData(dataFile).getValue("Execute", row): null

2024-11-07 21:11:22 - [TEST_STEP][PASSED] - TaxType = findTestData(dataFile).getValue("TaxType", row): null

2024-11-07 21:11:22 - [TEST_STEP][PASSED] - PaymentType = findTestData(dataFile).getValue("PaymentType", row): null

2024-11-07 21:11:22 - [TEST_STEP][PASSED] - FilingYear = findTestData(dataFile).getValue("Year", row): null

2024-11-07 21:11:22 - [TEST_STEP][PASSED] - feinSSN = findTestData(dataFile).getValue("FeinSsn", row): null

2024-11-07 21:11:22 - [TEST_STEP][PASSED] - CRN = findTestData(dataFile).getValue("CRN", row): null

2024-11-07 21:11:22 - [TEST_STEP][PASSED] - month = findTestData(dataFile).getValue("Month", row): null

2024-11-07 21:11:22 - [TEST_STEP][PASSED] - MFLicNum = findTestData(dataFile).getValue("MFLicNum", row): null

2024-11-07 21:11:23 - [TEST_STEP][PASSED] - if (ExecuteTC.equalsIgnoreCase("Y")): Object 'Object Repository/RAD_Pages/PaymentEntry_Page/input__billingName' is present

2024-11-07 21:11:23 - [TEST_STEP][PASSED] - out.println("Begin Record Number: " + row): null

2024-11-07 21:11:23 - [TEST_STEP][PASSED] - today = new java.util.Date(): null

2024-11-07 21:11:23 - [TEST_STEP][PASSED] - println(today): null

2024-11-07 21:11:23 - [TEST_STEP][PASSED] - datText = today: null

2024-11-07 21:11:23 - [TEST_STEP][PASSED] - logInfo("Payment Type: New Tax Return Amount Due"): Payment Type: New Tax Return Amount Due

2024-11-07 21:11:23 - [MESSAGE][INFO] - Payment Type: New Tax Return Amount Due

2024-11-07 21:11:23 - [TEST_STEP][PASSED] - logInfo("Tax Type: " + TaxType): Tax Type: PTE Tax Electing S Corp

2024-11-07 21:11:23 - [MESSAGE][INFO] - Tax Type: PTE Tax Electing S Corp

2024-11-07 21:11:23 - [TEST_STEP][PASSED] - openBrowser(""): Browser is opened with url: ''

2024-11-07 21:11:23 - [MESSAGE][WARNING] - A browser is already opened. Closing browser and opening a new one

2024-11-07 21:11:24 - [MESSAGE][INFO] - Starting 'Chrome' driver

2024-11-07 21:11:24 - [MESSAGE][INFO] - User set preference: ['acceptInsecureCerts', 'true']

2024-11-07 21:11:24 - [MESSAGE][INFO] - Action delay is set to 0 milliseconds

2024-11-07 21:11:26 - [MESSAGE][PASSED] - Browser is opened with url: ''

2024-11-07 21:11:26 - [TEST_STEP][PASSED] - maximizeWindow(): Current window maximized

2024-11-07 21:11:26 - [MESSAGE][PASSED] - Current window maximized

2024-11-07 21:11:26 - [TEST_STEP][PASSED] - navigateToUrl(RADurl): Navigate to 'https://www.velocitypayment.com/client/rad/index.html' successfully

2024-11-07 21:11:26 - [MESSAGE][PASSED] - Navigate to 'https://www.velocitypayment.com/client/rad/index.html' successfully

2024-11-07 21:11:26 - [TEST_STEP][PASSED] - selectOptionByLabel(findTestObject(orPath_Landing + "/dd_TaxType"), "New Tax Return Amount Due", false): All options with label 'New Tax Return Amount Due' are selected in object 'Object Repository/RAD_Pages/Landing_Page/dd_TaxType' 

2024-11-07 21:11:29 - [MESSAGE][PASSED] - All options with label 'New Tax Return Amount Due' are selected in object 'Object Repository/RAD_Pages/Landing_Page/dd_TaxType' 

2024-11-07 21:11:29 - [TEST_STEP][PASSED] - selectOptionByLabel(findTestObject("Object Repository/RAD_Pages/Landing_Page/select_NewTaxReturnAmountDue_TaxType"), TaxType, false): All options with label 'PTE Tax Electing S Corp' are selected in object 'Object Repository/RAD_Pages/Landing_Page/select_NewTaxReturnAmountDue_TaxType' 

2024-11-07 21:11:29 - [MESSAGE][PASSED] - All options with label 'PTE Tax Electing S Corp' are selected in object 'Object Repository/RAD_Pages/Landing_Page/select_NewTaxReturnAmountDue_TaxType' 

2024-11-07 21:11:29 - [TEST_STEP][PASSED] - selectOptionByLabel(findTestObject(orPath_TaxTypeFilingYear + "/select_FilingYear"), FilingYear, false): All options with label '2023' are selected in object 'Object Repository/RAD_Pages/TaxTypeFilingYear_Page/select_FilingYear' 

2024-11-07 21:11:30 - [MESSAGE][PASSED] - All options with label '2023' are selected in object 'Object Repository/RAD_Pages/TaxTypeFilingYear_Page/select_FilingYear' 

2024-11-07 21:11:30 - [TEST_STEP][PASSED] - if (month.trim()): null

2024-11-07 21:11:30 - [TEST_STEP][PASSED] - rad.getSetDataRAD.setDataRADBusinessName(): rad.getSetDataRAD.setDataRADBusinessName is PASSED

2024-11-07 21:11:31 - [MESSAGE][PASSED] - Text 'My Company' is set on object 'Object Repository/RAD_Pages/Taxpayer_Page/input_businessName'

2024-11-07 21:11:31 - [MESSAGE][PASSED] - rad.getSetDataRAD.setDataRADBusinessName is PASSED

2024-11-07 21:11:31 - [TEST_STEP][PASSED] - rad.getSetDataRAD.setDataRADBusinessRep(): rad.getSetDataRAD.setDataRADBusinessRep is PASSED

2024-11-07 21:11:32 - [MESSAGE][PASSED] - Text 'BusRepFname' is set on object 'Object Repository/RAD_Pages/Taxpayer_Page/input_BusinessRepfirstName'

2024-11-07 21:11:32 - [MESSAGE][PASSED] - Text '' is set on object 'Object Repository/RAD_Pages/Taxpayer_Page/input_BusinessRepmiddleName'

2024-11-07 21:11:33 - [MESSAGE][PASSED] - Text 'BusRepLname' is set on object 'Object Repository/RAD_Pages/Taxpayer_Page/input_BusinessReplastName'

2024-11-07 21:11:34 - [MESSAGE][PASSED] - Text '' is set on object 'Object Repository/RAD_Pages/Taxpayer_Page/input_BusinessRepsuffix'

2024-11-07 21:11:34 - [MESSAGE][PASSED] - rad.getSetDataRAD.setDataRADBusinessRep is PASSED

2024-11-07 21:11:34 - [TEST_STEP][PASSED] - rad.getSetDataRAD.setDataRADAddress(): rad.getSetDataRAD.setDataRADAddress is PASSED

2024-11-07 21:11:35 - [MESSAGE][PASSED] - All options with label 'United States' are selected in object 'Object Repository/RAD_Pages/AddressAndContactInfo_Page/select_Country' 

2024-11-07 21:11:35 - [MESSAGE][PASSED] - Text '2508 Mandan Terrace' is set on object 'Object Repository/RAD_Pages/AddressAndContactInfo_Page/input_streetAddress1'

2024-11-07 21:11:36 - [MESSAGE][PASSED] - Text '' is set on object 'Object Repository/RAD_Pages/AddressAndContactInfo_Page/input_streetAddress2'

2024-11-07 21:11:37 - [MESSAGE][PASSED] - Text 'Gambrills' is set on object 'Object Repository/RAD_Pages/AddressAndContactInfo_Page/input_city'

2024-11-07 21:11:38 - [MESSAGE][PASSED] - All options with label 'Maryland' are selected in object 'Object Repository/RAD_Pages/AddressAndContactInfo_Page/select_State' 

2024-11-07 21:11:39 - [MESSAGE][PASSED] - Text '21054' is set on object 'Object Repository/RAD_Pages/AddressAndContactInfo_Page/input_zipCode'

2024-11-07 21:11:40 - [MESSAGE][PASSED] - Text '(703) 894-5000' is set on object 'Object Repository/RAD_Pages/AddressAndContactInfo_Page/input_phoneNumber'

2024-11-07 21:11:40 - [MESSAGE][PASSED] - Text 'iahmed@govolution.com' is set on object 'Object Repository/RAD_Pages/AddressAndContactInfo_Page/input_eMailAddress'

2024-11-07 21:11:41 - [MESSAGE][PASSED] - Text 'iahmed@govolution.com' is set on object 'Object Repository/RAD_Pages/AddressAndContactInfo_Page/input_reEnterEMailAddress'

2024-11-07 21:11:41 - [MESSAGE][PASSED] - rad.getSetDataRAD.setDataRADAddress is PASSED

2024-11-07 21:11:41 - [TEST_STEP][PASSED] - if (feinSSN.equalsIgnoreCase("Y")): Text ****** has been set on object 'Object Repository/RAD_Pages/TaxInfo_Page/input_TaxInfo_RetypeFeinSsn_New_2'

2024-11-07 21:11:41 - [TEST_STEP][PASSED] - setEncryptedText(findTestObject(orPath_TaxInfo + "/input_TaxInfo_FeinSsn_New_2"), "yXB7JMCbD3QoFF75EQd3iw=="): Text ****** has been set on object 'Object Repository/RAD_Pages/TaxInfo_Page/input_TaxInfo_FeinSsn_New_2'

2024-11-07 21:11:42 - [MESSAGE][PASSED] - Text ****** has been set on object 'Object Repository/RAD_Pages/TaxInfo_Page/input_TaxInfo_FeinSsn_New_2'

2024-11-07 21:11:42 - [TEST_STEP][PASSED] - setEncryptedText(findTestObject(orPath_TaxInfo + "/input_TaxInfo_RetypeFeinSsn_New_2"), "yXB7JMCbD3QoFF75EQd3iw=="): Text ****** has been set on object 'Object Repository/RAD_Pages/TaxInfo_Page/input_TaxInfo_RetypeFeinSsn_New_2'

2024-11-07 21:11:42 - [MESSAGE][PASSED] - Text ****** has been set on object 'Object Repository/RAD_Pages/TaxInfo_Page/input_TaxInfo_RetypeFeinSsn_New_2'

2024-11-07 21:11:42 - [TEST_STEP][PASSED] - if (CRN.equalsIgnoreCase("Y")): null

2024-11-07 21:11:42 - [TEST_STEP][PASSED] - if (MFLicNum.equalsIgnoreCase("Y")): null

2024-11-07 21:11:42 - [TEST_STEP][PASSED] - if (TaxType.equalsIgnoreCase("Estate Tax")): null

2024-11-07 21:11:42 - [TEST_STEP][PASSED] - setText(findTestObject(orPath_Amount + "/input__paymentAmount"), "100.00"): Text '100.00' is set on object 'Object Repository/RAD_Pages/PaymentAmount_Page/input__paymentAmount'

2024-11-07 21:11:43 - [MESSAGE][PASSED] - Text '100.00' is set on object 'Object Repository/RAD_Pages/PaymentAmount_Page/input__paymentAmount'

2024-11-07 21:11:43 - [TEST_STEP][PASSED] - setText(findTestObject(orPath_AddressContact + "/input_streetAddress2"), ""): Text '' is set on object 'Object Repository/RAD_Pages/AddressAndContactInfo_Page/input_streetAddress2'

2024-11-07 21:11:44 - [MESSAGE][PASSED] - Text '' is set on object 'Object Repository/RAD_Pages/AddressAndContactInfo_Page/input_streetAddress2'

2024-11-07 21:11:44 - [TEST_STEP][PASSED] - scrollToElement(findTestObject(orPath_Landing + "/button_Continue"), 3): Scroll to object 'Object Repository/RAD_Pages/Landing_Page/button_Continue' successfully

2024-11-07 21:11:44 - [MESSAGE][PASSED] - Scroll to object 'Object Repository/RAD_Pages/Landing_Page/button_Continue' successfully

2024-11-07 21:11:44 - [TEST_STEP][PASSED] - waitForElementClickable(findTestObject(orPath_Landing + "/button_Continue"), 5): Object 'Object Repository/RAD_Pages/Landing_Page/button_Continue' is clickable

2024-11-07 21:11:44 - [MESSAGE][PASSED] - Object 'Object Repository/RAD_Pages/Landing_Page/button_Continue' is clickable

2024-11-07 21:11:44 - [TEST_STEP][PASSED] - click(findTestObject(orPath_Landing + "/button_Continue")): Object: 'Object Repository/RAD_Pages/Landing_Page/button_Continue' is clicked on

2024-11-07 21:11:45 - [MESSAGE][PASSED] - Object: 'Object Repository/RAD_Pages/Landing_Page/button_Continue' is clicked on

2024-11-07 21:11:45 - [TEST_STEP][PASSED] - delay(2): Delayed 2 second(s)

2024-11-07 21:11:47 - [MESSAGE][PASSED] - Delayed 2 second(s)

2024-11-07 21:11:47 - [TEST_STEP][PASSED] - verifyTextPresent("Summary", true): Text 'Summary' is present on page  using regular expression

2024-11-07 21:11:47 - [MESSAGE][PASSED] - Text 'Summary' is present on page  using regular expression

2024-11-07 21:11:47 - [TEST_STEP][PASSED] - verifyTextPresent("Review the information below and make any necessary corrections by clicking the", true): Text 'Review the information below and make any necessary corrections by clicking the' is present on page  using regular expression

2024-11-07 21:11:48 - [MESSAGE][PASSED] - Text 'Review the information below and make any necessary corrections by clicking the' is present on page  using regular expression

2024-11-07 21:11:48 - [TEST_STEP][PASSED] - verifyTextPresent("When you are confident that all the information is correct, click the", true): Text 'When you are confident that all the information is correct, click the' is present on page  using regular expression

2024-11-07 21:11:48 - [MESSAGE][PASSED] - Text 'When you are confident that all the information is correct, click the' is present on page  using regular expression

2024-11-07 21:11:48 - [TEST_STEP][PASSED] - verifyTextPresent("Payment Type/Filing Year", true): Text 'Payment Type/Filing Year' is present on page  using regular expression

2024-11-07 21:11:48 - [MESSAGE][PASSED] - Text 'Payment Type/Filing Year' is present on page  using regular expression

2024-11-07 21:11:48 - [TEST_STEP][PASSED] - verifyTextPresent("Payment Type:", true): Text 'Payment Type:' is present on page  using regular expression

2024-11-07 21:11:49 - [MESSAGE][PASSED] - Text 'Payment Type:' is present on page  using regular expression

2024-11-07 21:11:49 - [TEST_STEP][PASSED] - verifyTextPresent("New Tax Return Amount Due", true): Text 'New Tax Return Amount Due' is present on page  using regular expression

2024-11-07 21:11:49 - [MESSAGE][PASSED] - Text 'New Tax Return Amount Due' is present on page  using regular expression

2024-11-07 21:11:49 - [TEST_STEP][PASSED] - verifyTextPresent("Filing Year:", true): Text 'Filing Year:' is present on page  using regular expression

2024-11-07 21:11:49 - [MESSAGE][PASSED] - Text 'Filing Year:' is present on page  using regular expression

2024-11-07 21:11:49 - [TEST_STEP][PASSED] - verifyTextPresent(FilingYear, true): Text '2023' is present on page  using regular expression

2024-11-07 21:11:50 - [MESSAGE][PASSED] - Text '2023' is present on page  using regular expression

2024-11-07 21:11:50 - [TEST_STEP][PASSED] - verifyTextPresent("Payer Information", true): Text 'Payer Information' is present on page  using regular expression

2024-11-07 21:11:50 - [MESSAGE][PASSED] - Text 'Payer Information' is present on page  using regular expression

2024-11-07 21:11:50 - [TEST_STEP][PASSED] - verifyTextPresent("Taxpayer Name:", true): Text 'Taxpayer Name:' is present on page  using regular expression

2024-11-07 21:11:50 - [MESSAGE][PASSED] - Text 'Taxpayer Name:' is present on page  using regular expression

2024-11-07 21:11:50 - [TEST_STEP][PASSED] - verifyTextPresent("My Company", true): Text 'My Company' is present on page  using regular expression

2024-11-07 21:11:50 - [MESSAGE][PASSED] - Text 'My Company' is present on page  using regular expression

2024-11-07 21:11:50 - [TEST_STEP][PASSED] - verifyTextPresent("Business Rep Name:", true): Text 'Business Rep Name:' is present on page  using regular expression

2024-11-07 21:11:51 - [MESSAGE][PASSED] - Text 'Business Rep Name:' is present on page  using regular expression

2024-11-07 21:11:51 - [TEST_STEP][PASSED] - verifyTextPresent("BusRepFname BusRepLname", true): Text 'BusRepFname BusRepLname' is present on page  using regular expression

2024-11-07 21:11:51 - [MESSAGE][PASSED] - Text 'BusRepFname BusRepLname' is present on page  using regular expression

2024-11-07 21:11:51 - [TEST_STEP][PASSED] - verifyTextPresent("Taxpayer Address:", true): Text 'Taxpayer Address:' is present on page  using regular expression

2024-11-07 21:11:51 - [MESSAGE][PASSED] - Text 'Taxpayer Address:' is present on page  using regular expression

2024-11-07 21:11:51 - [TEST_STEP][PASSED] - verifyTextPresent("2508 Mandan Terrace Gambrills Maryland 21054", true): Text '2508 Mandan Terrace Gambrills Maryland 21054' is present on page  using regular expression

2024-11-07 21:11:52 - [MESSAGE][PASSED] - Text '2508 Mandan Terrace Gambrills Maryland 21054' is present on page  using regular expression

2024-11-07 21:11:52 - [TEST_STEP][PASSED] - verifyTextPresent("Email:", true): Text 'Email:' is present on page  using regular expression

2024-11-07 21:11:52 - [MESSAGE][PASSED] - Text 'Email:' is present on page  using regular expression

2024-11-07 21:11:52 - [TEST_STEP][PASSED] - verifyTextPresent("iahmed@govolution.com", true): Text 'iahmed@govolution.com' is present on page  using regular expression

2024-11-07 21:11:52 - [MESSAGE][PASSED] - Text 'iahmed@govolution.com' is present on page  using regular expression

2024-11-07 21:11:52 - [TEST_STEP][PASSED] - verifyTextPresent("Phone:", true): Text 'Phone:' is present on page  using regular expression

2024-11-07 21:11:53 - [MESSAGE][PASSED] - Text 'Phone:' is present on page  using regular expression

2024-11-07 21:11:53 - [TEST_STEP][PASSED] - verifyTextPresent("(703) 894-5000", false): Text '(703) 894-5000' is present on page 

2024-11-07 21:11:53 - [MESSAGE][PASSED] - Text '(703) 894-5000' is present on page 

2024-11-07 21:11:53 - [TEST_STEP][PASSED] - verifyTextPresent("Tax Information", true): Text 'Tax Information' is present on page  using regular expression

2024-11-07 21:11:53 - [MESSAGE][PASSED] - Text 'Tax Information' is present on page  using regular expression

2024-11-07 21:11:53 - [TEST_STEP][PASSED] - verifyTextNotPresent("Notice Number", true): Text 'Notice Number' is not present on page using regular expression

2024-11-07 21:11:54 - [MESSAGE][PASSED] - Text 'Notice Number' is not present on page using regular expression

2024-11-07 21:11:54 - [TEST_STEP][PASSED] - if (month.trim()): null

2024-11-07 21:11:54 - [TEST_STEP][PASSED] - else: Text 'Period Ending' is not present on page using regular expression

2024-11-07 21:11:54 - [TEST_STEP][PASSED] - verifyTextNotPresent("Period Ending", true): Text 'Period Ending' is not present on page using regular expression

2024-11-07 21:11:54 - [MESSAGE][PASSED] - Text 'Period Ending' is not present on page using regular expression

2024-11-07 21:11:54 - [TEST_STEP][PASSED] - if (feinSSN.equalsIgnoreCase("Y")): Text 'XXXXX6187' is present on page  using regular expression

2024-11-07 21:11:54 - [TEST_STEP][PASSED] - verifyTextPresent("FEIN/SSN:", true): Text 'FEIN/SSN:' is present on page  using regular expression

2024-11-07 21:11:54 - [MESSAGE][PASSED] - Text 'FEIN/SSN:' is present on page  using regular expression

2024-11-07 21:11:54 - [TEST_STEP][PASSED] - verifyTextNotPresent("Federal EIN:", true): Text 'Federal EIN:' is not present on page using regular expression

2024-11-07 21:11:55 - [MESSAGE][PASSED] - Text 'Federal EIN:' is not present on page using regular expression

2024-11-07 21:11:55 - [TEST_STEP][PASSED] - verifyTextPresent("XXXXX6187", true): Text 'XXXXX6187' is present on page  using regular expression

2024-11-07 21:11:55 - [MESSAGE][PASSED] - Text 'XXXXX6187' is present on page  using regular expression

2024-11-07 21:11:55 - [TEST_STEP][PASSED] - if (TaxType.equalsIgnoreCase("Estate Tax")): null

2024-11-07 21:11:55 - [TEST_STEP][PASSED] - if (CRN.equalsIgnoreCase("Y")): null

2024-11-07 21:11:55 - [TEST_STEP][PASSED] - else: Text 'MD Central Registration Number' is not present on page using regular expression

2024-11-07 21:11:55 - [TEST_STEP][PASSED] - verifyTextNotPresent("MD Central Registration Number", true): Text 'MD Central Registration Number' is not present on page using regular expression

2024-11-07 21:11:55 - [MESSAGE][PASSED] - Text 'MD Central Registration Number' is not present on page using regular expression

2024-11-07 21:11:55 - [TEST_STEP][PASSED] - if (MFLicNum.equalsIgnoreCase("Y")): null

2024-11-07 21:11:55 - [TEST_STEP][PASSED] - else: Text 'Motor Fuel License Number#:' is not present on page using regular expression

2024-11-07 21:11:55 - [TEST_STEP][PASSED] - verifyTextNotPresent("Motor Fuel License Number#:", true): Text 'Motor Fuel License Number#:' is not present on page using regular expression

2024-11-07 21:11:56 - [MESSAGE][PASSED] - Text 'Motor Fuel License Number#:' is not present on page using regular expression

2024-11-07 21:11:56 - [TEST_STEP][PASSED] - verifyTextPresent("Payment Amount:", true): Text 'Payment Amount:' is present on page  using regular expression

2024-11-07 21:11:56 - [MESSAGE][PASSED] - Text 'Payment Amount:' is present on page  using regular expression

2024-11-07 21:11:56 - [TEST_STEP][PASSED] - verifyTextPresent("100.00", true): Text '100.00' is present on page  using regular expression

2024-11-07 21:11:56 - [MESSAGE][PASSED] - Text '100.00' is present on page  using regular expression

2024-11-07 21:11:56 - [TEST_STEP][PASSED] - if (verifyElementVisible(findTestObject(orPath_Summary + "/button_Proceed to Payment"))): null

2024-11-07 21:11:57 - [MESSAGE][PASSED] - Object 'Object Repository/RAD_Pages/Summary_Page/button_Proceed to Payment' is visible

2024-11-07 21:11:57 - [TEST_STEP][PASSED] - resText = "Pass": null

2024-11-07 21:11:57 - [TEST_STEP][PASSED] - pages.WriteExcel.demoKey(resText, datText, resColumn, datCloumn, fileLoc, nameSheet, row): pages.WriteExcel.demoKey is PASSED

2024-11-07 21:11:57 - [MESSAGE][PASSED] - pages.WriteExcel.demoKey is PASSED

2024-11-07 21:11:57 - [TEST_STEP][PASSED] - click(findTestObject(orPath_Summary + "/button_Proceed to Payment")): Object: 'Object Repository/RAD_Pages/Summary_Page/button_Proceed to Payment' is clicked on

2024-11-07 21:11:59 - [MESSAGE][PASSED] - Object: 'Object Repository/RAD_Pages/Summary_Page/button_Proceed to Payment' is clicked on

2024-11-07 21:11:59 - [TEST_STEP][PASSED] - verifyElementPresent(findTestObject("Object Repository/RAD_Pages/PaymentEntry_Page/input__billingName"), 30): Object 'Object Repository/RAD_Pages/PaymentEntry_Page/input__billingName' is present

2024-11-07 21:11:59 - [MESSAGE][PASSED] - Object 'Object Repository/RAD_Pages/PaymentEntry_Page/input__billingName' is present

2024-11-07 21:11:59 - [TEST_STEP][PASSED] - ExecuteTC = findTestData(dataFile).getValue("Execute", row): null

2024-11-07 21:12:00 - [TEST_STEP][PASSED] - TaxType = findTestData(dataFile).getValue("TaxType", row): null

2024-11-07 21:12:00 - [TEST_STEP][PASSED] - PaymentType = findTestData(dataFile).getValue("PaymentType", row): null

2024-11-07 21:12:00 - [TEST_STEP][PASSED] - FilingYear = findTestData(dataFile).getValue("Year", row): null

2024-11-07 21:12:00 - [TEST_STEP][PASSED] - feinSSN = findTestData(dataFile).getValue("FeinSsn", row): null

2024-11-07 21:12:00 - [TEST_STEP][PASSED] - CRN = findTestData(dataFile).getValue("CRN", row): null

2024-11-07 21:12:00 - [TEST_STEP][PASSED] - month = findTestData(dataFile).getValue("Month", row): null

2024-11-07 21:12:00 - [TEST_STEP][PASSED] - MFLicNum = findTestData(dataFile).getValue("MFLicNum", row): null

2024-11-07 21:12:00 - [TEST_STEP][PASSED] - if (ExecuteTC.equalsIgnoreCase("Y")): Object 'Object Repository/RAD_Pages/PaymentEntry_Page/input__billingName' is present

2024-11-07 21:12:00 - [TEST_STEP][PASSED] - out.println("Begin Record Number: " + row): null

2024-11-07 21:12:00 - [TEST_STEP][PASSED] - today = new java.util.Date(): null

2024-11-07 21:12:00 - [TEST_STEP][PASSED] - println(today): null

2024-11-07 21:12:00 - [TEST_STEP][PASSED] - datText = today: null

2024-11-07 21:12:00 - [TEST_STEP][PASSED] - logInfo("Payment Type: New Tax Return Amount Due"): Payment Type: New Tax Return Amount Due

2024-11-07 21:12:00 - [MESSAGE][INFO] - Payment Type: New Tax Return Amount Due

2024-11-07 21:12:00 - [TEST_STEP][PASSED] - logInfo("Tax Type: " + TaxType): Tax Type: Fiduciary Tax

2024-11-07 21:12:00 - [MESSAGE][INFO] - Tax Type: Fiduciary Tax

2024-11-07 21:12:00 - [TEST_STEP][PASSED] - openBrowser(""): Browser is opened with url: ''

2024-11-07 21:12:00 - [MESSAGE][WARNING] - A browser is already opened. Closing browser and opening a new one

2024-11-07 21:12:02 - [MESSAGE][INFO] - Starting 'Chrome' driver

2024-11-07 21:12:02 - [MESSAGE][INFO] - User set preference: ['acceptInsecureCerts', 'true']

2024-11-07 21:12:02 - [MESSAGE][INFO] - Action delay is set to 0 milliseconds

2024-11-07 21:12:03 - [MESSAGE][PASSED] - Browser is opened with url: ''

2024-11-07 21:12:03 - [TEST_STEP][PASSED] - maximizeWindow(): Current window maximized

2024-11-07 21:12:04 - [MESSAGE][PASSED] - Current window maximized

2024-11-07 21:12:04 - [TEST_STEP][PASSED] - navigateToUrl(RADurl): Navigate to 'https://www.velocitypayment.com/client/rad/index.html' successfully

2024-11-07 21:12:04 - [MESSAGE][PASSED] - Navigate to 'https://www.velocitypayment.com/client/rad/index.html' successfully

2024-11-07 21:12:04 - [TEST_STEP][PASSED] - selectOptionByLabel(findTestObject(orPath_Landing + "/dd_TaxType"), "New Tax Return Amount Due", false): All options with label 'New Tax Return Amount Due' are selected in object 'Object Repository/RAD_Pages/Landing_Page/dd_TaxType' 

2024-11-07 21:12:06 - [MESSAGE][PASSED] - All options with label 'New Tax Return Amount Due' are selected in object 'Object Repository/RAD_Pages/Landing_Page/dd_TaxType' 

2024-11-07 21:12:06 - [TEST_STEP][PASSED] - selectOptionByLabel(findTestObject("Object Repository/RAD_Pages/Landing_Page/select_NewTaxReturnAmountDue_TaxType"), TaxType, false): All options with label 'Fiduciary Tax' are selected in object 'Object Repository/RAD_Pages/Landing_Page/select_NewTaxReturnAmountDue_TaxType' 

2024-11-07 21:12:07 - [MESSAGE][PASSED] - All options with label 'Fiduciary Tax' are selected in object 'Object Repository/RAD_Pages/Landing_Page/select_NewTaxReturnAmountDue_TaxType' 

2024-11-07 21:12:07 - [TEST_STEP][PASSED] - selectOptionByLabel(findTestObject(orPath_TaxTypeFilingYear + "/select_FilingYear"), FilingYear, false): All options with label '2022' are selected in object 'Object Repository/RAD_Pages/TaxTypeFilingYear_Page/select_FilingYear' 

2024-11-07 21:12:08 - [MESSAGE][PASSED] - All options with label '2022' are selected in object 'Object Repository/RAD_Pages/TaxTypeFilingYear_Page/select_FilingYear' 

2024-11-07 21:12:08 - [TEST_STEP][PASSED] - if (month.trim()): null

2024-11-07 21:12:08 - [TEST_STEP][PASSED] - rad.getSetDataRAD.setDataRADBusinessName(): rad.getSetDataRAD.setDataRADBusinessName is PASSED

2024-11-07 21:12:09 - [MESSAGE][PASSED] - Text 'My Company' is set on object 'Object Repository/RAD_Pages/Taxpayer_Page/input_businessName'

2024-11-07 21:12:09 - [MESSAGE][PASSED] - rad.getSetDataRAD.setDataRADBusinessName is PASSED

2024-11-07 21:12:09 - [TEST_STEP][PASSED] - rad.getSetDataRAD.setDataRADBusinessRep(): rad.getSetDataRAD.setDataRADBusinessRep is PASSED

2024-11-07 21:12:09 - [MESSAGE][PASSED] - Text 'BusRepFname' is set on object 'Object Repository/RAD_Pages/Taxpayer_Page/input_BusinessRepfirstName'

2024-11-07 21:12:10 - [MESSAGE][PASSED] - Text '' is set on object 'Object Repository/RAD_Pages/Taxpayer_Page/input_BusinessRepmiddleName'

2024-11-07 21:12:11 - [MESSAGE][PASSED] - Text 'BusRepLname' is set on object 'Object Repository/RAD_Pages/Taxpayer_Page/input_BusinessReplastName'

2024-11-07 21:12:11 - [MESSAGE][PASSED] - Text '' is set on object 'Object Repository/RAD_Pages/Taxpayer_Page/input_BusinessRepsuffix'

2024-11-07 21:12:11 - [MESSAGE][PASSED] - rad.getSetDataRAD.setDataRADBusinessRep is PASSED

2024-11-07 21:12:11 - [TEST_STEP][PASSED] - rad.getSetDataRAD.setDataRADAddress(): rad.getSetDataRAD.setDataRADAddress is PASSED

2024-11-07 21:12:12 - [MESSAGE][PASSED] - All options with label 'United States' are selected in object 'Object Repository/RAD_Pages/AddressAndContactInfo_Page/select_Country' 

2024-11-07 21:12:13 - [MESSAGE][PASSED] - Text '2508 Mandan Terrace' is set on object 'Object Repository/RAD_Pages/AddressAndContactInfo_Page/input_streetAddress1'

2024-11-07 21:12:14 - [MESSAGE][PASSED] - Text '' is set on object 'Object Repository/RAD_Pages/AddressAndContactInfo_Page/input_streetAddress2'

2024-11-07 21:12:14 - [MESSAGE][PASSED] - Text 'Gambrills' is set on object 'Object Repository/RAD_Pages/AddressAndContactInfo_Page/input_city'

2024-11-07 21:12:15 - [MESSAGE][PASSED] - All options with label 'Maryland' are selected in object 'Object Repository/RAD_Pages/AddressAndContactInfo_Page/select_State' 

2024-11-07 21:12:16 - [MESSAGE][PASSED] - Text '21054' is set on object 'Object Repository/RAD_Pages/AddressAndContactInfo_Page/input_zipCode'

2024-11-07 21:12:17 - [MESSAGE][PASSED] - Text '(703) 894-5000' is set on object 'Object Repository/RAD_Pages/AddressAndContactInfo_Page/input_phoneNumber'

2024-11-07 21:12:18 - [MESSAGE][PASSED] - Text 'iahmed@govolution.com' is set on object 'Object Repository/RAD_Pages/AddressAndContactInfo_Page/input_eMailAddress'

2024-11-07 21:12:19 - [MESSAGE][PASSED] - Text 'iahmed@govolution.com' is set on object 'Object Repository/RAD_Pages/AddressAndContactInfo_Page/input_reEnterEMailAddress'

2024-11-07 21:12:19 - [MESSAGE][PASSED] - rad.getSetDataRAD.setDataRADAddress is PASSED

2024-11-07 21:12:19 - [TEST_STEP][PASSED] - if (feinSSN.equalsIgnoreCase("Y")): null

2024-11-07 21:12:19 - [TEST_STEP][PASSED] - else: Text ****** has been set on object 'Object Repository/RAD_Pages/TaxInfo_Page/input_FederalEIN_ReEnter'

2024-11-07 21:12:19 - [TEST_STEP][PASSED] - if (!(TaxType.equalsIgnoreCase("Estate Tax"))): Text ****** has been set on object 'Object Repository/RAD_Pages/TaxInfo_Page/input_FederalEIN_ReEnter'

2024-11-07 21:12:19 - [TEST_STEP][PASSED] - setEncryptedText(findTestObject(orPath_TaxInfo + "/input_FederalEIN"), "yXB7JMCbD3QoFF75EQd3iw=="): Text ****** has been set on object 'Object Repository/RAD_Pages/TaxInfo_Page/input_FederalEIN'

2024-11-07 21:12:19 - [MESSAGE][PASSED] - Text ****** has been set on object 'Object Repository/RAD_Pages/TaxInfo_Page/input_FederalEIN'

2024-11-07 21:12:19 - [TEST_STEP][PASSED] - setEncryptedText(findTestObject(orPath_TaxInfo + "/input_FederalEIN_ReEnter"), "yXB7JMCbD3QoFF75EQd3iw=="): Text ****** has been set on object 'Object Repository/RAD_Pages/TaxInfo_Page/input_FederalEIN_ReEnter'

2024-11-07 21:12:20 - [MESSAGE][PASSED] - Text ****** has been set on object 'Object Repository/RAD_Pages/TaxInfo_Page/input_FederalEIN_ReEnter'

2024-11-07 21:12:20 - [TEST_STEP][PASSED] - if (CRN.equalsIgnoreCase("Y")): null

2024-11-07 21:12:20 - [TEST_STEP][PASSED] - if (MFLicNum.equalsIgnoreCase("Y")): null

2024-11-07 21:12:20 - [TEST_STEP][PASSED] - if (TaxType.equalsIgnoreCase("Estate Tax")): null

2024-11-07 21:12:20 - [TEST_STEP][PASSED] - setText(findTestObject(orPath_Amount + "/input__paymentAmount"), "100.00"): Text '100.00' is set on object 'Object Repository/RAD_Pages/PaymentAmount_Page/input__paymentAmount'

2024-11-07 21:12:21 - [MESSAGE][PASSED] - Text '100.00' is set on object 'Object Repository/RAD_Pages/PaymentAmount_Page/input__paymentAmount'

2024-11-07 21:12:21 - [TEST_STEP][PASSED] - setText(findTestObject(orPath_AddressContact + "/input_streetAddress2"), ""): Text '' is set on object 'Object Repository/RAD_Pages/AddressAndContactInfo_Page/input_streetAddress2'

2024-11-07 21:12:21 - [MESSAGE][PASSED] - Text '' is set on object 'Object Repository/RAD_Pages/AddressAndContactInfo_Page/input_streetAddress2'

2024-11-07 21:12:21 - [TEST_STEP][PASSED] - scrollToElement(findTestObject(orPath_Landing + "/button_Continue"), 3): Scroll to object 'Object Repository/RAD_Pages/Landing_Page/button_Continue' successfully

2024-11-07 21:12:22 - [MESSAGE][PASSED] - Scroll to object 'Object Repository/RAD_Pages/Landing_Page/button_Continue' successfully

2024-11-07 21:12:22 - [TEST_STEP][PASSED] - waitForElementClickable(findTestObject(orPath_Landing + "/button_Continue"), 5): Object 'Object Repository/RAD_Pages/Landing_Page/button_Continue' is clickable

2024-11-07 21:12:22 - [MESSAGE][PASSED] - Object 'Object Repository/RAD_Pages/Landing_Page/button_Continue' is clickable

2024-11-07 21:12:22 - [TEST_STEP][PASSED] - click(findTestObject(orPath_Landing + "/button_Continue")): Object: 'Object Repository/RAD_Pages/Landing_Page/button_Continue' is clicked on

2024-11-07 21:12:22 - [MESSAGE][PASSED] - Object: 'Object Repository/RAD_Pages/Landing_Page/button_Continue' is clicked on

2024-11-07 21:12:22 - [TEST_STEP][PASSED] - delay(2): Delayed 2 second(s)

2024-11-07 21:12:24 - [MESSAGE][PASSED] - Delayed 2 second(s)

2024-11-07 21:12:24 - [TEST_STEP][PASSED] - verifyTextPresent("Summary", true): Text 'Summary' is present on page  using regular expression

2024-11-07 21:12:25 - [MESSAGE][PASSED] - Text 'Summary' is present on page  using regular expression

2024-11-07 21:12:25 - [TEST_STEP][PASSED] - verifyTextPresent("Review the information below and make any necessary corrections by clicking the", true): Text 'Review the information below and make any necessary corrections by clicking the' is present on page  using regular expression

2024-11-07 21:12:25 - [MESSAGE][PASSED] - Text 'Review the information below and make any necessary corrections by clicking the' is present on page  using regular expression

2024-11-07 21:12:25 - [TEST_STEP][PASSED] - verifyTextPresent("When you are confident that all the information is correct, click the", true): Text 'When you are confident that all the information is correct, click the' is present on page  using regular expression

2024-11-07 21:12:25 - [MESSAGE][PASSED] - Text 'When you are confident that all the information is correct, click the' is present on page  using regular expression

2024-11-07 21:12:25 - [TEST_STEP][PASSED] - verifyTextPresent("Payment Type/Filing Year", true): Text 'Payment Type/Filing Year' is present on page  using regular expression

2024-11-07 21:12:26 - [MESSAGE][PASSED] - Text 'Payment Type/Filing Year' is present on page  using regular expression

2024-11-07 21:12:26 - [TEST_STEP][PASSED] - verifyTextPresent("Payment Type:", true): Text 'Payment Type:' is present on page  using regular expression

2024-11-07 21:12:26 - [MESSAGE][PASSED] - Text 'Payment Type:' is present on page  using regular expression

2024-11-07 21:12:26 - [TEST_STEP][PASSED] - verifyTextPresent("New Tax Return Amount Due", true): Text 'New Tax Return Amount Due' is present on page  using regular expression

2024-11-07 21:12:26 - [MESSAGE][PASSED] - Text 'New Tax Return Amount Due' is present on page  using regular expression

2024-11-07 21:12:26 - [TEST_STEP][PASSED] - verifyTextPresent("Filing Year:", true): Text 'Filing Year:' is present on page  using regular expression

2024-11-07 21:12:27 - [MESSAGE][PASSED] - Text 'Filing Year:' is present on page  using regular expression

2024-11-07 21:12:27 - [TEST_STEP][PASSED] - verifyTextPresent(FilingYear, true): Text '2022' is present on page  using regular expression

2024-11-07 21:12:27 - [MESSAGE][PASSED] - Text '2022' is present on page  using regular expression

2024-11-07 21:12:27 - [TEST_STEP][PASSED] - verifyTextPresent("Payer Information", true): Text 'Payer Information' is present on page  using regular expression

2024-11-07 21:12:27 - [MESSAGE][PASSED] - Text 'Payer Information' is present on page  using regular expression

2024-11-07 21:12:27 - [TEST_STEP][PASSED] - verifyTextPresent("Taxpayer Name:", true): Text 'Taxpayer Name:' is present on page  using regular expression

2024-11-07 21:12:28 - [MESSAGE][PASSED] - Text 'Taxpayer Name:' is present on page  using regular expression

2024-11-07 21:12:28 - [TEST_STEP][PASSED] - verifyTextPresent("My Company", true): Text 'My Company' is present on page  using regular expression

2024-11-07 21:12:28 - [MESSAGE][PASSED] - Text 'My Company' is present on page  using regular expression

2024-11-07 21:12:28 - [TEST_STEP][PASSED] - verifyTextPresent("Business Rep Name:", true): Text 'Business Rep Name:' is present on page  using regular expression

2024-11-07 21:12:28 - [MESSAGE][PASSED] - Text 'Business Rep Name:' is present on page  using regular expression

2024-11-07 21:12:28 - [TEST_STEP][PASSED] - verifyTextPresent("BusRepFname BusRepLname", true): Text 'BusRepFname BusRepLname' is present on page  using regular expression

2024-11-07 21:12:29 - [MESSAGE][PASSED] - Text 'BusRepFname BusRepLname' is present on page  using regular expression

2024-11-07 21:12:29 - [TEST_STEP][PASSED] - verifyTextPresent("Taxpayer Address:", true): Text 'Taxpayer Address:' is present on page  using regular expression

2024-11-07 21:12:29 - [MESSAGE][PASSED] - Text 'Taxpayer Address:' is present on page  using regular expression

2024-11-07 21:12:29 - [TEST_STEP][PASSED] - verifyTextPresent("2508 Mandan Terrace Gambrills Maryland 21054", true): Text '2508 Mandan Terrace Gambrills Maryland 21054' is present on page  using regular expression

2024-11-07 21:12:29 - [MESSAGE][PASSED] - Text '2508 Mandan Terrace Gambrills Maryland 21054' is present on page  using regular expression

2024-11-07 21:12:29 - [TEST_STEP][PASSED] - verifyTextPresent("Email:", true): Text 'Email:' is present on page  using regular expression

2024-11-07 21:12:30 - [MESSAGE][PASSED] - Text 'Email:' is present on page  using regular expression

2024-11-07 21:12:30 - [TEST_STEP][PASSED] - verifyTextPresent("iahmed@govolution.com", true): Text 'iahmed@govolution.com' is present on page  using regular expression

2024-11-07 21:12:30 - [MESSAGE][PASSED] - Text 'iahmed@govolution.com' is present on page  using regular expression

2024-11-07 21:12:30 - [TEST_STEP][PASSED] - verifyTextPresent("Phone:", true): Text 'Phone:' is present on page  using regular expression

2024-11-07 21:12:30 - [MESSAGE][PASSED] - Text 'Phone:' is present on page  using regular expression

2024-11-07 21:12:30 - [TEST_STEP][PASSED] - verifyTextPresent("(703) 894-5000", false): Text '(703) 894-5000' is present on page 

2024-11-07 21:12:31 - [MESSAGE][PASSED] - Text '(703) 894-5000' is present on page 

2024-11-07 21:12:31 - [TEST_STEP][PASSED] - verifyTextPresent("Tax Information", true): Text 'Tax Information' is present on page  using regular expression

2024-11-07 21:12:31 - [MESSAGE][PASSED] - Text 'Tax Information' is present on page  using regular expression

2024-11-07 21:12:31 - [TEST_STEP][PASSED] - verifyTextNotPresent("Notice Number", true): Text 'Notice Number' is not present on page using regular expression

2024-11-07 21:12:31 - [MESSAGE][PASSED] - Text 'Notice Number' is not present on page using regular expression

2024-11-07 21:12:31 - [TEST_STEP][PASSED] - if (month.trim()): null

2024-11-07 21:12:31 - [TEST_STEP][PASSED] - else: Text 'Period Ending' is not present on page using regular expression

2024-11-07 21:12:31 - [TEST_STEP][PASSED] - verifyTextNotPresent("Period Ending", true): Text 'Period Ending' is not present on page using regular expression

2024-11-07 21:12:31 - [MESSAGE][PASSED] - Text 'Period Ending' is not present on page using regular expression

2024-11-07 21:12:31 - [TEST_STEP][PASSED] - if (feinSSN.equalsIgnoreCase("Y")): null

2024-11-07 21:12:31 - [TEST_STEP][PASSED] - else: Text 'XXXXXXX87' is present on page  using regular expression

2024-11-07 21:12:31 - [TEST_STEP][PASSED] - if (!(TaxType.equalsIgnoreCase("Estate Tax"))): Text 'XXXXXXX87' is present on page  using regular expression

2024-11-07 21:12:31 - [TEST_STEP][PASSED] - verifyTextPresent("Federal EIN:", true): Text 'Federal EIN:' is present on page  using regular expression

2024-11-07 21:12:32 - [MESSAGE][PASSED] - Text 'Federal EIN:' is present on page  using regular expression

2024-11-07 21:12:32 - [TEST_STEP][PASSED] - verifyTextNotPresent("FEIN/SSN:", true): Text 'FEIN/SSN:' is not present on page using regular expression

2024-11-07 21:12:32 - [MESSAGE][PASSED] - Text 'FEIN/SSN:' is not present on page using regular expression

2024-11-07 21:12:32 - [TEST_STEP][PASSED] - verifyTextPresent("XXXXXXX87", true): Text 'XXXXXXX87' is present on page  using regular expression

2024-11-07 21:12:32 - [MESSAGE][PASSED] - Text 'XXXXXXX87' is present on page  using regular expression

2024-11-07 21:12:32 - [TEST_STEP][PASSED] - if (TaxType.equalsIgnoreCase("Estate Tax")): null

2024-11-07 21:12:32 - [TEST_STEP][PASSED] - if (CRN.equalsIgnoreCase("Y")): null

2024-11-07 21:12:32 - [TEST_STEP][PASSED] - else: Text 'MD Central Registration Number' is not present on page using regular expression

2024-11-07 21:12:32 - [TEST_STEP][PASSED] - verifyTextNotPresent("MD Central Registration Number", true): Text 'MD Central Registration Number' is not present on page using regular expression

2024-11-07 21:12:33 - [MESSAGE][PASSED] - Text 'MD Central Registration Number' is not present on page using regular expression

2024-11-07 21:12:33 - [TEST_STEP][PASSED] - if (MFLicNum.equalsIgnoreCase("Y")): null

2024-11-07 21:12:33 - [TEST_STEP][PASSED] - else: Text 'Motor Fuel License Number#:' is not present on page using regular expression

2024-11-07 21:12:33 - [TEST_STEP][PASSED] - verifyTextNotPresent("Motor Fuel License Number#:", true): Text 'Motor Fuel License Number#:' is not present on page using regular expression

2024-11-07 21:12:33 - [MESSAGE][PASSED] - Text 'Motor Fuel License Number#:' is not present on page using regular expression

2024-11-07 21:12:33 - [TEST_STEP][PASSED] - verifyTextPresent("Payment Amount:", true): Text 'Payment Amount:' is present on page  using regular expression

2024-11-07 21:12:33 - [MESSAGE][PASSED] - Text 'Payment Amount:' is present on page  using regular expression

2024-11-07 21:12:33 - [TEST_STEP][PASSED] - verifyTextPresent("100.00", true): Text '100.00' is present on page  using regular expression

2024-11-07 21:12:34 - [MESSAGE][PASSED] - Text '100.00' is present on page  using regular expression

2024-11-07 21:12:34 - [TEST_STEP][PASSED] - if (verifyElementVisible(findTestObject(orPath_Summary + "/button_Proceed to Payment"))): null

2024-11-07 21:12:34 - [MESSAGE][PASSED] - Object 'Object Repository/RAD_Pages/Summary_Page/button_Proceed to Payment' is visible

2024-11-07 21:12:34 - [TEST_STEP][PASSED] - resText = "Pass": null

2024-11-07 21:12:34 - [TEST_STEP][PASSED] - pages.WriteExcel.demoKey(resText, datText, resColumn, datCloumn, fileLoc, nameSheet, row): pages.WriteExcel.demoKey is PASSED

2024-11-07 21:12:34 - [MESSAGE][PASSED] - pages.WriteExcel.demoKey is PASSED

2024-11-07 21:12:34 - [TEST_STEP][PASSED] - click(findTestObject(orPath_Summary + "/button_Proceed to Payment")): Object: 'Object Repository/RAD_Pages/Summary_Page/button_Proceed to Payment' is clicked on

2024-11-07 21:12:37 - [MESSAGE][PASSED] - Object: 'Object Repository/RAD_Pages/Summary_Page/button_Proceed to Payment' is clicked on

2024-11-07 21:12:37 - [TEST_STEP][PASSED] - verifyElementPresent(findTestObject("Object Repository/RAD_Pages/PaymentEntry_Page/input__billingName"), 30): Object 'Object Repository/RAD_Pages/PaymentEntry_Page/input__billingName' is present

2024-11-07 21:12:37 - [MESSAGE][PASSED] - Object 'Object Repository/RAD_Pages/PaymentEntry_Page/input__billingName' is present

2024-11-07 21:12:37 - [TEST_STEP][PASSED] - ExecuteTC = findTestData(dataFile).getValue("Execute", row): null

2024-11-07 21:12:37 - [TEST_STEP][PASSED] - TaxType = findTestData(dataFile).getValue("TaxType", row): null

2024-11-07 21:12:37 - [TEST_STEP][PASSED] - PaymentType = findTestData(dataFile).getValue("PaymentType", row): null

2024-11-07 21:12:37 - [TEST_STEP][PASSED] - FilingYear = findTestData(dataFile).getValue("Year", row): null

2024-11-07 21:12:38 - [TEST_STEP][PASSED] - feinSSN = findTestData(dataFile).getValue("FeinSsn", row): null

2024-11-07 21:12:38 - [TEST_STEP][PASSED] - CRN = findTestData(dataFile).getValue("CRN", row): null

2024-11-07 21:12:38 - [TEST_STEP][PASSED] - month = findTestData(dataFile).getValue("Month", row): null

2024-11-07 21:12:38 - [TEST_STEP][PASSED] - MFLicNum = findTestData(dataFile).getValue("MFLicNum", row): null

2024-11-07 21:12:38 - [TEST_STEP][PASSED] - if (ExecuteTC.equalsIgnoreCase("Y")): Object 'Object Repository/RAD_Pages/PaymentEntry_Page/input__billingName' is present

2024-11-07 21:12:38 - [TEST_STEP][PASSED] - out.println("Begin Record Number: " + row): null

2024-11-07 21:12:38 - [TEST_STEP][PASSED] - today = new java.util.Date(): null

2024-11-07 21:12:38 - [TEST_STEP][PASSED] - println(today): null

2024-11-07 21:12:38 - [TEST_STEP][PASSED] - datText = today: null

2024-11-07 21:12:38 - [TEST_STEP][PASSED] - logInfo("Payment Type: New Tax Return Amount Due"): Payment Type: New Tax Return Amount Due

2024-11-07 21:12:38 - [MESSAGE][INFO] - Payment Type: New Tax Return Amount Due

2024-11-07 21:12:38 - [TEST_STEP][PASSED] - logInfo("Tax Type: " + TaxType): Tax Type: PTE Non-Electing Non-S Corp

2024-11-07 21:12:38 - [MESSAGE][INFO] - Tax Type: PTE Non-Electing Non-S Corp

2024-11-07 21:12:38 - [TEST_STEP][PASSED] - openBrowser(""): Browser is opened with url: ''

2024-11-07 21:12:38 - [MESSAGE][WARNING] - A browser is already opened. Closing browser and opening a new one

2024-11-07 21:12:39 - [MESSAGE][INFO] - Starting 'Chrome' driver

2024-11-07 21:12:39 - [MESSAGE][INFO] - User set preference: ['acceptInsecureCerts', 'true']

2024-11-07 21:12:39 - [MESSAGE][INFO] - Action delay is set to 0 milliseconds

2024-11-07 21:12:41 - [MESSAGE][PASSED] - Browser is opened with url: ''

2024-11-07 21:12:41 - [TEST_STEP][PASSED] - maximizeWindow(): Current window maximized

2024-11-07 21:12:41 - [MESSAGE][PASSED] - Current window maximized

2024-11-07 21:12:41 - [TEST_STEP][PASSED] - navigateToUrl(RADurl): Navigate to 'https://www.velocitypayment.com/client/rad/index.html' successfully

2024-11-07 21:12:43 - [MESSAGE][PASSED] - Navigate to 'https://www.velocitypayment.com/client/rad/index.html' successfully

2024-11-07 21:12:43 - [TEST_STEP][PASSED] - selectOptionByLabel(findTestObject(orPath_Landing + "/dd_TaxType"), "New Tax Return Amount Due", false): All options with label 'New Tax Return Amount Due' are selected in object 'Object Repository/RAD_Pages/Landing_Page/dd_TaxType' 

2024-11-07 21:12:44 - [MESSAGE][PASSED] - All options with label 'New Tax Return Amount Due' are selected in object 'Object Repository/RAD_Pages/Landing_Page/dd_TaxType' 

2024-11-07 21:12:44 - [TEST_STEP][PASSED] - selectOptionByLabel(findTestObject("Object Repository/RAD_Pages/Landing_Page/select_NewTaxReturnAmountDue_TaxType"), TaxType, false): All options with label 'PTE Non-Electing Non-S Corp' are selected in object 'Object Repository/RAD_Pages/Landing_Page/select_NewTaxReturnAmountDue_TaxType' 

2024-11-07 21:12:45 - [MESSAGE][PASSED] - All options with label 'PTE Non-Electing Non-S Corp' are selected in object 'Object Repository/RAD_Pages/Landing_Page/select_NewTaxReturnAmountDue_TaxType' 

2024-11-07 21:12:45 - [TEST_STEP][PASSED] - selectOptionByLabel(findTestObject(orPath_TaxTypeFilingYear + "/select_FilingYear"), FilingYear, false): All options with label '2022' are selected in object 'Object Repository/RAD_Pages/TaxTypeFilingYear_Page/select_FilingYear' 

2024-11-07 21:12:45 - [MESSAGE][PASSED] - All options with label '2022' are selected in object 'Object Repository/RAD_Pages/TaxTypeFilingYear_Page/select_FilingYear' 

2024-11-07 21:12:45 - [TEST_STEP][PASSED] - if (month.trim()): null

2024-11-07 21:12:45 - [TEST_STEP][PASSED] - rad.getSetDataRAD.setDataRADBusinessName(): rad.getSetDataRAD.setDataRADBusinessName is PASSED

2024-11-07 21:12:46 - [MESSAGE][PASSED] - Text 'My Company' is set on object 'Object Repository/RAD_Pages/Taxpayer_Page/input_businessName'

2024-11-07 21:12:46 - [MESSAGE][PASSED] - rad.getSetDataRAD.setDataRADBusinessName is PASSED

2024-11-07 21:12:46 - [TEST_STEP][PASSED] - rad.getSetDataRAD.setDataRADBusinessRep(): rad.getSetDataRAD.setDataRADBusinessRep is PASSED

2024-11-07 21:12:47 - [MESSAGE][PASSED] - Text 'BusRepFname' is set on object 'Object Repository/RAD_Pages/Taxpayer_Page/input_BusinessRepfirstName'

2024-11-07 21:12:48 - [MESSAGE][PASSED] - Text '' is set on object 'Object Repository/RAD_Pages/Taxpayer_Page/input_BusinessRepmiddleName'

2024-11-07 21:12:48 - [MESSAGE][PASSED] - Text 'BusRepLname' is set on object 'Object Repository/RAD_Pages/Taxpayer_Page/input_BusinessReplastName'

2024-11-07 21:12:49 - [MESSAGE][PASSED] - Text '' is set on object 'Object Repository/RAD_Pages/Taxpayer_Page/input_BusinessRepsuffix'

2024-11-07 21:12:49 - [MESSAGE][PASSED] - rad.getSetDataRAD.setDataRADBusinessRep is PASSED

2024-11-07 21:12:49 - [TEST_STEP][PASSED] - rad.getSetDataRAD.setDataRADAddress(): rad.getSetDataRAD.setDataRADAddress is PASSED

2024-11-07 21:12:50 - [MESSAGE][PASSED] - All options with label 'United States' are selected in object 'Object Repository/RAD_Pages/AddressAndContactInfo_Page/select_Country' 

2024-11-07 21:12:50 - [MESSAGE][PASSED] - Text '2508 Mandan Terrace' is set on object 'Object Repository/RAD_Pages/AddressAndContactInfo_Page/input_streetAddress1'

2024-11-07 21:12:51 - [MESSAGE][PASSED] - Text '' is set on object 'Object Repository/RAD_Pages/AddressAndContactInfo_Page/input_streetAddress2'

2024-11-07 21:12:52 - [MESSAGE][PASSED] - Text 'Gambrills' is set on object 'Object Repository/RAD_Pages/AddressAndContactInfo_Page/input_city'

2024-11-07 21:12:53 - [MESSAGE][PASSED] - All options with label 'Maryland' are selected in object 'Object Repository/RAD_Pages/AddressAndContactInfo_Page/select_State' 

2024-11-07 21:12:54 - [MESSAGE][PASSED] - Text '21054' is set on object 'Object Repository/RAD_Pages/AddressAndContactInfo_Page/input_zipCode'

2024-11-07 21:12:55 - [MESSAGE][PASSED] - Text '(703) 894-5000' is set on object 'Object Repository/RAD_Pages/AddressAndContactInfo_Page/input_phoneNumber'

2024-11-07 21:12:55 - [MESSAGE][PASSED] - Text 'iahmed@govolution.com' is set on object 'Object Repository/RAD_Pages/AddressAndContactInfo_Page/input_eMailAddress'

2024-11-07 21:12:56 - [MESSAGE][PASSED] - Text 'iahmed@govolution.com' is set on object 'Object Repository/RAD_Pages/AddressAndContactInfo_Page/input_reEnterEMailAddress'

2024-11-07 21:12:56 - [MESSAGE][PASSED] - rad.getSetDataRAD.setDataRADAddress is PASSED

2024-11-07 21:12:56 - [TEST_STEP][PASSED] - if (feinSSN.equalsIgnoreCase("Y")): Text ****** has been set on object 'Object Repository/RAD_Pages/TaxInfo_Page/input_TaxInfo_RetypeFeinSsn_New_2'

2024-11-07 21:12:56 - [TEST_STEP][PASSED] - setEncryptedText(findTestObject(orPath_TaxInfo + "/input_TaxInfo_FeinSsn_New_2"), "yXB7JMCbD3QoFF75EQd3iw=="): Text ****** has been set on object 'Object Repository/RAD_Pages/TaxInfo_Page/input_TaxInfo_FeinSsn_New_2'

2024-11-07 21:12:57 - [MESSAGE][PASSED] - Text ****** has been set on object 'Object Repository/RAD_Pages/TaxInfo_Page/input_TaxInfo_FeinSsn_New_2'

2024-11-07 21:12:57 - [TEST_STEP][PASSED] - setEncryptedText(findTestObject(orPath_TaxInfo + "/input_TaxInfo_RetypeFeinSsn_New_2"), "yXB7JMCbD3QoFF75EQd3iw=="): Text ****** has been set on object 'Object Repository/RAD_Pages/TaxInfo_Page/input_TaxInfo_RetypeFeinSsn_New_2'

2024-11-07 21:12:58 - [MESSAGE][PASSED] - Text ****** has been set on object 'Object Repository/RAD_Pages/TaxInfo_Page/input_TaxInfo_RetypeFeinSsn_New_2'

2024-11-07 21:12:58 - [TEST_STEP][PASSED] - if (CRN.equalsIgnoreCase("Y")): null

2024-11-07 21:12:58 - [TEST_STEP][PASSED] - if (MFLicNum.equalsIgnoreCase("Y")): null

2024-11-07 21:12:58 - [TEST_STEP][PASSED] - if (TaxType.equalsIgnoreCase("Estate Tax")): null

2024-11-07 21:12:58 - [TEST_STEP][PASSED] - setText(findTestObject(orPath_Amount + "/input__paymentAmount"), "100.00"): Text '100.00' is set on object 'Object Repository/RAD_Pages/PaymentAmount_Page/input__paymentAmount'

2024-11-07 21:12:58 - [MESSAGE][PASSED] - Text '100.00' is set on object 'Object Repository/RAD_Pages/PaymentAmount_Page/input__paymentAmount'

2024-11-07 21:12:58 - [TEST_STEP][PASSED] - setText(findTestObject(orPath_AddressContact + "/input_streetAddress2"), ""): Text '' is set on object 'Object Repository/RAD_Pages/AddressAndContactInfo_Page/input_streetAddress2'

2024-11-07 21:12:59 - [MESSAGE][PASSED] - Text '' is set on object 'Object Repository/RAD_Pages/AddressAndContactInfo_Page/input_streetAddress2'

2024-11-07 21:12:59 - [TEST_STEP][PASSED] - scrollToElement(findTestObject(orPath_Landing + "/button_Continue"), 3): Scroll to object 'Object Repository/RAD_Pages/Landing_Page/button_Continue' successfully

2024-11-07 21:12:59 - [MESSAGE][PASSED] - Scroll to object 'Object Repository/RAD_Pages/Landing_Page/button_Continue' successfully

2024-11-07 21:12:59 - [TEST_STEP][PASSED] - waitForElementClickable(findTestObject(orPath_Landing + "/button_Continue"), 5): Object 'Object Repository/RAD_Pages/Landing_Page/button_Continue' is clickable

2024-11-07 21:13:00 - [MESSAGE][PASSED] - Object 'Object Repository/RAD_Pages/Landing_Page/button_Continue' is clickable

2024-11-07 21:13:00 - [TEST_STEP][PASSED] - click(findTestObject(orPath_Landing + "/button_Continue")): Object: 'Object Repository/RAD_Pages/Landing_Page/button_Continue' is clicked on

2024-11-07 21:13:00 - [MESSAGE][PASSED] - Object: 'Object Repository/RAD_Pages/Landing_Page/button_Continue' is clicked on

2024-11-07 21:13:00 - [TEST_STEP][PASSED] - delay(2): Delayed 2 second(s)

2024-11-07 21:13:02 - [MESSAGE][PASSED] - Delayed 2 second(s)

2024-11-07 21:13:02 - [TEST_STEP][PASSED] - verifyTextPresent("Summary", true): Text 'Summary' is present on page  using regular expression

2024-11-07 21:13:03 - [MESSAGE][PASSED] - Text 'Summary' is present on page  using regular expression

2024-11-07 21:13:03 - [TEST_STEP][PASSED] - verifyTextPresent("Review the information below and make any necessary corrections by clicking the", true): Text 'Review the information below and make any necessary corrections by clicking the' is present on page  using regular expression

2024-11-07 21:13:03 - [MESSAGE][PASSED] - Text 'Review the information below and make any necessary corrections by clicking the' is present on page  using regular expression

2024-11-07 21:13:03 - [TEST_STEP][PASSED] - verifyTextPresent("When you are confident that all the information is correct, click the", true): Text 'When you are confident that all the information is correct, click the' is present on page  using regular expression

2024-11-07 21:13:03 - [MESSAGE][PASSED] - Text 'When you are confident that all the information is correct, click the' is present on page  using regular expression

2024-11-07 21:13:03 - [TEST_STEP][PASSED] - verifyTextPresent("Payment Type/Filing Year", true): Text 'Payment Type/Filing Year' is present on page  using regular expression

2024-11-07 21:13:04 - [MESSAGE][PASSED] - Text 'Payment Type/Filing Year' is present on page  using regular expression

2024-11-07 21:13:04 - [TEST_STEP][PASSED] - verifyTextPresent("Payment Type:", true): Text 'Payment Type:' is present on page  using regular expression

2024-11-07 21:13:04 - [MESSAGE][PASSED] - Text 'Payment Type:' is present on page  using regular expression

2024-11-07 21:13:04 - [TEST_STEP][PASSED] - verifyTextPresent("New Tax Return Amount Due", true): Text 'New Tax Return Amount Due' is present on page  using regular expression

2024-11-07 21:13:04 - [MESSAGE][PASSED] - Text 'New Tax Return Amount Due' is present on page  using regular expression

2024-11-07 21:13:04 - [TEST_STEP][PASSED] - verifyTextPresent("Filing Year:", true): Text 'Filing Year:' is present on page  using regular expression

2024-11-07 21:13:04 - [MESSAGE][PASSED] - Text 'Filing Year:' is present on page  using regular expression

2024-11-07 21:13:04 - [TEST_STEP][PASSED] - verifyTextPresent(FilingYear, true): Text '2022' is present on page  using regular expression

2024-11-07 21:13:05 - [MESSAGE][PASSED] - Text '2022' is present on page  using regular expression

2024-11-07 21:13:05 - [TEST_STEP][PASSED] - verifyTextPresent("Payer Information", true): Text 'Payer Information' is present on page  using regular expression

2024-11-07 21:13:05 - [MESSAGE][PASSED] - Text 'Payer Information' is present on page  using regular expression

2024-11-07 21:13:05 - [TEST_STEP][PASSED] - verifyTextPresent("Taxpayer Name:", true): Text 'Taxpayer Name:' is present on page  using regular expression

2024-11-07 21:13:05 - [MESSAGE][PASSED] - Text 'Taxpayer Name:' is present on page  using regular expression

2024-11-07 21:13:05 - [TEST_STEP][PASSED] - verifyTextPresent("My Company", true): Text 'My Company' is present on page  using regular expression

2024-11-07 21:13:06 - [MESSAGE][PASSED] - Text 'My Company' is present on page  using regular expression

2024-11-07 21:13:06 - [TEST_STEP][PASSED] - verifyTextPresent("Business Rep Name:", true): Text 'Business Rep Name:' is present on page  using regular expression

2024-11-07 21:13:06 - [MESSAGE][PASSED] - Text 'Business Rep Name:' is present on page  using regular expression

2024-11-07 21:13:06 - [TEST_STEP][PASSED] - verifyTextPresent("BusRepFname BusRepLname", true): Text 'BusRepFname BusRepLname' is present on page  using regular expression

2024-11-07 21:13:06 - [MESSAGE][PASSED] - Text 'BusRepFname BusRepLname' is present on page  using regular expression

2024-11-07 21:13:06 - [TEST_STEP][PASSED] - verifyTextPresent("Taxpayer Address:", true): Text 'Taxpayer Address:' is present on page  using regular expression

2024-11-07 21:13:07 - [MESSAGE][PASSED] - Text 'Taxpayer Address:' is present on page  using regular expression

2024-11-07 21:13:07 - [TEST_STEP][PASSED] - verifyTextPresent("2508 Mandan Terrace Gambrills Maryland 21054", true): Text '2508 Mandan Terrace Gambrills Maryland 21054' is present on page  using regular expression

2024-11-07 21:13:07 - [MESSAGE][PASSED] - Text '2508 Mandan Terrace Gambrills Maryland 21054' is present on page  using regular expression

2024-11-07 21:13:07 - [TEST_STEP][PASSED] - verifyTextPresent("Email:", true): Text 'Email:' is present on page  using regular expression

2024-11-07 21:13:07 - [MESSAGE][PASSED] - Text 'Email:' is present on page  using regular expression

2024-11-07 21:13:07 - [TEST_STEP][PASSED] - verifyTextPresent("iahmed@govolution.com", true): Text 'iahmed@govolution.com' is present on page  using regular expression

2024-11-07 21:13:08 - [MESSAGE][PASSED] - Text 'iahmed@govolution.com' is present on page  using regular expression

2024-11-07 21:13:08 - [TEST_STEP][PASSED] - verifyTextPresent("Phone:", true): Text 'Phone:' is present on page  using regular expression

2024-11-07 21:13:08 - [MESSAGE][PASSED] - Text 'Phone:' is present on page  using regular expression

2024-11-07 21:13:08 - [TEST_STEP][PASSED] - verifyTextPresent("(703) 894-5000", false): Text '(703) 894-5000' is present on page 

2024-11-07 21:13:08 - [MESSAGE][PASSED] - Text '(703) 894-5000' is present on page 

2024-11-07 21:13:08 - [TEST_STEP][PASSED] - verifyTextPresent("Tax Information", true): Text 'Tax Information' is present on page  using regular expression

2024-11-07 21:13:09 - [MESSAGE][PASSED] - Text 'Tax Information' is present on page  using regular expression

2024-11-07 21:13:09 - [TEST_STEP][PASSED] - verifyTextNotPresent("Notice Number", true): Text 'Notice Number' is not present on page using regular expression

2024-11-07 21:13:09 - [MESSAGE][PASSED] - Text 'Notice Number' is not present on page using regular expression

2024-11-07 21:13:09 - [TEST_STEP][PASSED] - if (month.trim()): null

2024-11-07 21:13:09 - [TEST_STEP][PASSED] - else: Text 'Period Ending' is not present on page using regular expression

2024-11-07 21:13:09 - [TEST_STEP][PASSED] - verifyTextNotPresent("Period Ending", true): Text 'Period Ending' is not present on page using regular expression

2024-11-07 21:13:09 - [MESSAGE][PASSED] - Text 'Period Ending' is not present on page using regular expression

2024-11-07 21:13:09 - [TEST_STEP][PASSED] - if (feinSSN.equalsIgnoreCase("Y")): Text 'XXXXX6187' is present on page  using regular expression

2024-11-07 21:13:09 - [TEST_STEP][PASSED] - verifyTextPresent("FEIN/SSN:", true): Text 'FEIN/SSN:' is present on page  using regular expression

2024-11-07 21:13:10 - [MESSAGE][PASSED] - Text 'FEIN/SSN:' is present on page  using regular expression

2024-11-07 21:13:10 - [TEST_STEP][PASSED] - verifyTextNotPresent("Federal EIN:", true): Text 'Federal EIN:' is not present on page using regular expression

2024-11-07 21:13:10 - [MESSAGE][PASSED] - Text 'Federal EIN:' is not present on page using regular expression

2024-11-07 21:13:10 - [TEST_STEP][PASSED] - verifyTextPresent("XXXXX6187", true): Text 'XXXXX6187' is present on page  using regular expression

2024-11-07 21:13:10 - [MESSAGE][PASSED] - Text 'XXXXX6187' is present on page  using regular expression

2024-11-07 21:13:10 - [TEST_STEP][PASSED] - if (TaxType.equalsIgnoreCase("Estate Tax")): null

2024-11-07 21:13:10 - [TEST_STEP][PASSED] - if (CRN.equalsIgnoreCase("Y")): null

2024-11-07 21:13:10 - [TEST_STEP][PASSED] - else: Text 'MD Central Registration Number' is not present on page using regular expression

2024-11-07 21:13:10 - [TEST_STEP][PASSED] - verifyTextNotPresent("MD Central Registration Number", true): Text 'MD Central Registration Number' is not present on page using regular expression

2024-11-07 21:13:11 - [MESSAGE][PASSED] - Text 'MD Central Registration Number' is not present on page using regular expression

2024-11-07 21:13:11 - [TEST_STEP][PASSED] - if (MFLicNum.equalsIgnoreCase("Y")): null

2024-11-07 21:13:11 - [TEST_STEP][PASSED] - else: Text 'Motor Fuel License Number#:' is not present on page using regular expression

2024-11-07 21:13:11 - [TEST_STEP][PASSED] - verifyTextNotPresent("Motor Fuel License Number#:", true): Text 'Motor Fuel License Number#:' is not present on page using regular expression

2024-11-07 21:13:11 - [MESSAGE][PASSED] - Text 'Motor Fuel License Number#:' is not present on page using regular expression

2024-11-07 21:13:11 - [TEST_STEP][PASSED] - verifyTextPresent("Payment Amount:", true): Text 'Payment Amount:' is present on page  using regular expression

2024-11-07 21:13:11 - [MESSAGE][PASSED] - Text 'Payment Amount:' is present on page  using regular expression

2024-11-07 21:13:11 - [TEST_STEP][PASSED] - verifyTextPresent("100.00", true): Text '100.00' is present on page  using regular expression

2024-11-07 21:13:12 - [MESSAGE][PASSED] - Text '100.00' is present on page  using regular expression

2024-11-07 21:13:12 - [TEST_STEP][PASSED] - if (verifyElementVisible(findTestObject(orPath_Summary + "/button_Proceed to Payment"))): null

2024-11-07 21:13:12 - [MESSAGE][PASSED] - Object 'Object Repository/RAD_Pages/Summary_Page/button_Proceed to Payment' is visible

2024-11-07 21:13:12 - [TEST_STEP][PASSED] - resText = "Pass": null

2024-11-07 21:13:12 - [TEST_STEP][PASSED] - pages.WriteExcel.demoKey(resText, datText, resColumn, datCloumn, fileLoc, nameSheet, row): pages.WriteExcel.demoKey is PASSED

2024-11-07 21:13:12 - [MESSAGE][PASSED] - pages.WriteExcel.demoKey is PASSED

2024-11-07 21:13:12 - [TEST_STEP][PASSED] - click(findTestObject(orPath_Summary + "/button_Proceed to Payment")): Object: 'Object Repository/RAD_Pages/Summary_Page/button_Proceed to Payment' is clicked on

2024-11-07 21:13:13 - [MESSAGE][PASSED] - Object: 'Object Repository/RAD_Pages/Summary_Page/button_Proceed to Payment' is clicked on

2024-11-07 21:13:13 - [TEST_STEP][PASSED] - verifyElementPresent(findTestObject("Object Repository/RAD_Pages/PaymentEntry_Page/input__billingName"), 30): Object 'Object Repository/RAD_Pages/PaymentEntry_Page/input__billingName' is present

2024-11-07 21:13:15 - [MESSAGE][PASSED] - Object 'Object Repository/RAD_Pages/PaymentEntry_Page/input__billingName' is present

2024-11-07 21:13:15 - [TEST_STEP][PASSED] - ExecuteTC = findTestData(dataFile).getValue("Execute", row): null

2024-11-07 21:13:15 - [TEST_STEP][PASSED] - TaxType = findTestData(dataFile).getValue("TaxType", row): null

2024-11-07 21:13:15 - [TEST_STEP][PASSED] - PaymentType = findTestData(dataFile).getValue("PaymentType", row): null

2024-11-07 21:13:15 - [TEST_STEP][PASSED] - FilingYear = findTestData(dataFile).getValue("Year", row): null

2024-11-07 21:13:15 - [TEST_STEP][PASSED] - feinSSN = findTestData(dataFile).getValue("FeinSsn", row): null

2024-11-07 21:13:15 - [TEST_STEP][PASSED] - CRN = findTestData(dataFile).getValue("CRN", row): null

2024-11-07 21:13:15 - [TEST_STEP][PASSED] - month = findTestData(dataFile).getValue("Month", row): null

2024-11-07 21:13:15 - [TEST_STEP][PASSED] - MFLicNum = findTestData(dataFile).getValue("MFLicNum", row): null

2024-11-07 21:13:15 - [TEST_STEP][PASSED] - if (ExecuteTC.equalsIgnoreCase("Y")): Object 'Object Repository/RAD_Pages/PaymentEntry_Page/input__billingName' is present

2024-11-07 21:13:15 - [TEST_STEP][PASSED] - out.println("Begin Record Number: " + row): null

2024-11-07 21:13:15 - [TEST_STEP][PASSED] - today = new java.util.Date(): null

2024-11-07 21:13:15 - [TEST_STEP][PASSED] - println(today): null

2024-11-07 21:13:15 - [TEST_STEP][PASSED] - datText = today: null

2024-11-07 21:13:15 - [TEST_STEP][PASSED] - logInfo("Payment Type: New Tax Return Amount Due"): Payment Type: New Tax Return Amount Due

2024-11-07 21:13:15 - [MESSAGE][INFO] - Payment Type: New Tax Return Amount Due

2024-11-07 21:13:15 - [TEST_STEP][PASSED] - logInfo("Tax Type: " + TaxType): Tax Type: PTE Non-Electing S Corp

2024-11-07 21:13:15 - [MESSAGE][INFO] - Tax Type: PTE Non-Electing S Corp

2024-11-07 21:13:15 - [TEST_STEP][PASSED] - openBrowser(""): Browser is opened with url: ''

2024-11-07 21:13:15 - [MESSAGE][WARNING] - A browser is already opened. Closing browser and opening a new one

2024-11-07 21:13:17 - [MESSAGE][INFO] - Starting 'Chrome' driver

2024-11-07 21:13:17 - [MESSAGE][INFO] - User set preference: ['acceptInsecureCerts', 'true']

2024-11-07 21:13:17 - [MESSAGE][INFO] - Action delay is set to 0 milliseconds

2024-11-07 21:13:19 - [MESSAGE][PASSED] - Browser is opened with url: ''

2024-11-07 21:13:19 - [TEST_STEP][PASSED] - maximizeWindow(): Current window maximized

2024-11-07 21:13:19 - [MESSAGE][PASSED] - Current window maximized

2024-11-07 21:13:19 - [TEST_STEP][PASSED] - navigateToUrl(RADurl): Navigate to 'https://www.velocitypayment.com/client/rad/index.html' successfully

2024-11-07 21:13:21 - [MESSAGE][PASSED] - Navigate to 'https://www.velocitypayment.com/client/rad/index.html' successfully

2024-11-07 21:13:21 - [TEST_STEP][PASSED] - selectOptionByLabel(findTestObject(orPath_Landing + "/dd_TaxType"), "New Tax Return Amount Due", false): All options with label 'New Tax Return Amount Due' are selected in object 'Object Repository/RAD_Pages/Landing_Page/dd_TaxType' 

2024-11-07 21:13:22 - [MESSAGE][PASSED] - All options with label 'New Tax Return Amount Due' are selected in object 'Object Repository/RAD_Pages/Landing_Page/dd_TaxType' 

2024-11-07 21:13:22 - [TEST_STEP][PASSED] - selectOptionByLabel(findTestObject("Object Repository/RAD_Pages/Landing_Page/select_NewTaxReturnAmountDue_TaxType"), TaxType, false): All options with label 'PTE Non-Electing S Corp' are selected in object 'Object Repository/RAD_Pages/Landing_Page/select_NewTaxReturnAmountDue_TaxType' 

2024-11-07 21:13:22 - [MESSAGE][PASSED] - All options with label 'PTE Non-Electing S Corp' are selected in object 'Object Repository/RAD_Pages/Landing_Page/select_NewTaxReturnAmountDue_TaxType' 

2024-11-07 21:13:22 - [TEST_STEP][PASSED] - selectOptionByLabel(findTestObject(orPath_TaxTypeFilingYear + "/select_FilingYear"), FilingYear, false): All options with label '2022' are selected in object 'Object Repository/RAD_Pages/TaxTypeFilingYear_Page/select_FilingYear' 

2024-11-07 21:13:23 - [MESSAGE][PASSED] - All options with label '2022' are selected in object 'Object Repository/RAD_Pages/TaxTypeFilingYear_Page/select_FilingYear' 

2024-11-07 21:13:23 - [TEST_STEP][PASSED] - if (month.trim()): null

2024-11-07 21:13:23 - [TEST_STEP][PASSED] - rad.getSetDataRAD.setDataRADBusinessName(): rad.getSetDataRAD.setDataRADBusinessName is PASSED

2024-11-07 21:13:24 - [MESSAGE][PASSED] - Text 'My Company' is set on object 'Object Repository/RAD_Pages/Taxpayer_Page/input_businessName'

2024-11-07 21:13:24 - [MESSAGE][PASSED] - rad.getSetDataRAD.setDataRADBusinessName is PASSED

2024-11-07 21:13:24 - [TEST_STEP][PASSED] - rad.getSetDataRAD.setDataRADBusinessRep(): rad.getSetDataRAD.setDataRADBusinessRep is PASSED

2024-11-07 21:13:25 - [MESSAGE][PASSED] - Text 'BusRepFname' is set on object 'Object Repository/RAD_Pages/Taxpayer_Page/input_BusinessRepfirstName'

2024-11-07 21:13:25 - [MESSAGE][PASSED] - Text '' is set on object 'Object Repository/RAD_Pages/Taxpayer_Page/input_BusinessRepmiddleName'

2024-11-07 21:13:26 - [MESSAGE][PASSED] - Text 'BusRepLname' is set on object 'Object Repository/RAD_Pages/Taxpayer_Page/input_BusinessReplastName'

2024-11-07 21:13:27 - [MESSAGE][PASSED] - Text '' is set on object 'Object Repository/RAD_Pages/Taxpayer_Page/input_BusinessRepsuffix'

2024-11-07 21:13:27 - [MESSAGE][PASSED] - rad.getSetDataRAD.setDataRADBusinessRep is PASSED

2024-11-07 21:13:27 - [TEST_STEP][PASSED] - rad.getSetDataRAD.setDataRADAddress(): rad.getSetDataRAD.setDataRADAddress is PASSED

2024-11-07 21:13:27 - [MESSAGE][PASSED] - All options with label 'United States' are selected in object 'Object Repository/RAD_Pages/AddressAndContactInfo_Page/select_Country' 

2024-11-07 21:13:28 - [MESSAGE][PASSED] - Text '2508 Mandan Terrace' is set on object 'Object Repository/RAD_Pages/AddressAndContactInfo_Page/input_streetAddress1'

2024-11-07 21:13:29 - [MESSAGE][PASSED] - Text '' is set on object 'Object Repository/RAD_Pages/AddressAndContactInfo_Page/input_streetAddress2'

2024-11-07 21:13:30 - [MESSAGE][PASSED] - Text 'Gambrills' is set on object 'Object Repository/RAD_Pages/AddressAndContactInfo_Page/input_city'

2024-11-07 21:13:31 - [MESSAGE][PASSED] - All options with label 'Maryland' are selected in object 'Object Repository/RAD_Pages/AddressAndContactInfo_Page/select_State' 

2024-11-07 21:13:31 - [MESSAGE][PASSED] - Text '21054' is set on object 'Object Repository/RAD_Pages/AddressAndContactInfo_Page/input_zipCode'

2024-11-07 21:13:32 - [MESSAGE][PASSED] - Text '(703) 894-5000' is set on object 'Object Repository/RAD_Pages/AddressAndContactInfo_Page/input_phoneNumber'

2024-11-07 21:13:33 - [MESSAGE][PASSED] - Text 'iahmed@govolution.com' is set on object 'Object Repository/RAD_Pages/AddressAndContactInfo_Page/input_eMailAddress'

2024-11-07 21:13:34 - [MESSAGE][PASSED] - Text 'iahmed@govolution.com' is set on object 'Object Repository/RAD_Pages/AddressAndContactInfo_Page/input_reEnterEMailAddress'

2024-11-07 21:13:34 - [MESSAGE][PASSED] - rad.getSetDataRAD.setDataRADAddress is PASSED

2024-11-07 21:13:34 - [TEST_STEP][PASSED] - if (feinSSN.equalsIgnoreCase("Y")): Text ****** has been set on object 'Object Repository/RAD_Pages/TaxInfo_Page/input_TaxInfo_RetypeFeinSsn_New_2'

2024-11-07 21:13:34 - [TEST_STEP][PASSED] - setEncryptedText(findTestObject(orPath_TaxInfo + "/input_TaxInfo_FeinSsn_New_2"), "yXB7JMCbD3QoFF75EQd3iw=="): Text ****** has been set on object 'Object Repository/RAD_Pages/TaxInfo_Page/input_TaxInfo_FeinSsn_New_2'

2024-11-07 21:13:34 - [MESSAGE][PASSED] - Text ****** has been set on object 'Object Repository/RAD_Pages/TaxInfo_Page/input_TaxInfo_FeinSsn_New_2'

2024-11-07 21:13:34 - [TEST_STEP][PASSED] - setEncryptedText(findTestObject(orPath_TaxInfo + "/input_TaxInfo_RetypeFeinSsn_New_2"), "yXB7JMCbD3QoFF75EQd3iw=="): Text ****** has been set on object 'Object Repository/RAD_Pages/TaxInfo_Page/input_TaxInfo_RetypeFeinSsn_New_2'

2024-11-07 21:13:35 - [MESSAGE][PASSED] - Text ****** has been set on object 'Object Repository/RAD_Pages/TaxInfo_Page/input_TaxInfo_RetypeFeinSsn_New_2'

2024-11-07 21:13:35 - [TEST_STEP][PASSED] - if (CRN.equalsIgnoreCase("Y")): null

2024-11-07 21:13:35 - [TEST_STEP][PASSED] - if (MFLicNum.equalsIgnoreCase("Y")): null

2024-11-07 21:13:35 - [TEST_STEP][PASSED] - if (TaxType.equalsIgnoreCase("Estate Tax")): null

2024-11-07 21:13:35 - [TEST_STEP][PASSED] - setText(findTestObject(orPath_Amount + "/input__paymentAmount"), "100.00"): Text '100.00' is set on object 'Object Repository/RAD_Pages/PaymentAmount_Page/input__paymentAmount'

2024-11-07 21:13:36 - [MESSAGE][PASSED] - Text '100.00' is set on object 'Object Repository/RAD_Pages/PaymentAmount_Page/input__paymentAmount'

2024-11-07 21:13:36 - [TEST_STEP][PASSED] - setText(findTestObject(orPath_AddressContact + "/input_streetAddress2"), ""): Text '' is set on object 'Object Repository/RAD_Pages/AddressAndContactInfo_Page/input_streetAddress2'

2024-11-07 21:13:36 - [MESSAGE][PASSED] - Text '' is set on object 'Object Repository/RAD_Pages/AddressAndContactInfo_Page/input_streetAddress2'

2024-11-07 21:13:36 - [TEST_STEP][PASSED] - scrollToElement(findTestObject(orPath_Landing + "/button_Continue"), 3): Scroll to object 'Object Repository/RAD_Pages/Landing_Page/button_Continue' successfully

2024-11-07 21:13:37 - [MESSAGE][PASSED] - Scroll to object 'Object Repository/RAD_Pages/Landing_Page/button_Continue' successfully

2024-11-07 21:13:37 - [TEST_STEP][PASSED] - waitForElementClickable(findTestObject(orPath_Landing + "/button_Continue"), 5): Object 'Object Repository/RAD_Pages/Landing_Page/button_Continue' is clickable

2024-11-07 21:13:37 - [MESSAGE][PASSED] - Object 'Object Repository/RAD_Pages/Landing_Page/button_Continue' is clickable

2024-11-07 21:13:37 - [TEST_STEP][PASSED] - click(findTestObject(orPath_Landing + "/button_Continue")): Object: 'Object Repository/RAD_Pages/Landing_Page/button_Continue' is clicked on

2024-11-07 21:13:38 - [MESSAGE][PASSED] - Object: 'Object Repository/RAD_Pages/Landing_Page/button_Continue' is clicked on

2024-11-07 21:13:38 - [TEST_STEP][PASSED] - delay(2): Delayed 2 second(s)

2024-11-07 21:13:40 - [MESSAGE][PASSED] - Delayed 2 second(s)

2024-11-07 21:13:40 - [TEST_STEP][PASSED] - verifyTextPresent("Summary", true): Text 'Summary' is present on page  using regular expression

2024-11-07 21:13:40 - [MESSAGE][PASSED] - Text 'Summary' is present on page  using regular expression

2024-11-07 21:13:40 - [TEST_STEP][PASSED] - verifyTextPresent("Review the information below and make any necessary corrections by clicking the", true): Text 'Review the information below and make any necessary corrections by clicking the' is present on page  using regular expression

2024-11-07 21:13:40 - [MESSAGE][PASSED] - Text 'Review the information below and make any necessary corrections by clicking the' is present on page  using regular expression

2024-11-07 21:13:40 - [TEST_STEP][PASSED] - verifyTextPresent("When you are confident that all the information is correct, click the", true): Text 'When you are confident that all the information is correct, click the' is present on page  using regular expression

2024-11-07 21:13:41 - [MESSAGE][PASSED] - Text 'When you are confident that all the information is correct, click the' is present on page  using regular expression

2024-11-07 21:13:41 - [TEST_STEP][PASSED] - verifyTextPresent("Payment Type/Filing Year", true): Text 'Payment Type/Filing Year' is present on page  using regular expression

2024-11-07 21:13:41 - [MESSAGE][PASSED] - Text 'Payment Type/Filing Year' is present on page  using regular expression

2024-11-07 21:13:41 - [TEST_STEP][PASSED] - verifyTextPresent("Payment Type:", true): Text 'Payment Type:' is present on page  using regular expression

2024-11-07 21:13:41 - [MESSAGE][PASSED] - Text 'Payment Type:' is present on page  using regular expression

2024-11-07 21:13:41 - [TEST_STEP][PASSED] - verifyTextPresent("New Tax Return Amount Due", true): Text 'New Tax Return Amount Due' is present on page  using regular expression

2024-11-07 21:13:42 - [MESSAGE][PASSED] - Text 'New Tax Return Amount Due' is present on page  using regular expression

2024-11-07 21:13:42 - [TEST_STEP][PASSED] - verifyTextPresent("Filing Year:", true): Text 'Filing Year:' is present on page  using regular expression

2024-11-07 21:13:42 - [MESSAGE][PASSED] - Text 'Filing Year:' is present on page  using regular expression

2024-11-07 21:13:42 - [TEST_STEP][PASSED] - verifyTextPresent(FilingYear, true): Text '2022' is present on page  using regular expression

2024-11-07 21:13:42 - [MESSAGE][PASSED] - Text '2022' is present on page  using regular expression

2024-11-07 21:13:42 - [TEST_STEP][PASSED] - verifyTextPresent("Payer Information", true): Text 'Payer Information' is present on page  using regular expression

2024-11-07 21:13:42 - [MESSAGE][PASSED] - Text 'Payer Information' is present on page  using regular expression

2024-11-07 21:13:42 - [TEST_STEP][PASSED] - verifyTextPresent("Taxpayer Name:", true): Text 'Taxpayer Name:' is present on page  using regular expression

2024-11-07 21:13:43 - [MESSAGE][PASSED] - Text 'Taxpayer Name:' is present on page  using regular expression

2024-11-07 21:13:43 - [TEST_STEP][PASSED] - verifyTextPresent("My Company", true): Text 'My Company' is present on page  using regular expression

2024-11-07 21:13:43 - [MESSAGE][PASSED] - Text 'My Company' is present on page  using regular expression

2024-11-07 21:13:43 - [TEST_STEP][PASSED] - verifyTextPresent("Business Rep Name:", true): Text 'Business Rep Name:' is present on page  using regular expression

2024-11-07 21:13:43 - [MESSAGE][PASSED] - Text 'Business Rep Name:' is present on page  using regular expression

2024-11-07 21:13:43 - [TEST_STEP][PASSED] - verifyTextPresent("BusRepFname BusRepLname", true): Text 'BusRepFname BusRepLname' is present on page  using regular expression

2024-11-07 21:13:44 - [MESSAGE][PASSED] - Text 'BusRepFname BusRepLname' is present on page  using regular expression

2024-11-07 21:13:44 - [TEST_STEP][PASSED] - verifyTextPresent("Taxpayer Address:", true): Text 'Taxpayer Address:' is present on page  using regular expression

2024-11-07 21:13:44 - [MESSAGE][PASSED] - Text 'Taxpayer Address:' is present on page  using regular expression

2024-11-07 21:13:44 - [TEST_STEP][PASSED] - verifyTextPresent("2508 Mandan Terrace Gambrills Maryland 21054", true): Text '2508 Mandan Terrace Gambrills Maryland 21054' is present on page  using regular expression

2024-11-07 21:13:44 - [MESSAGE][PASSED] - Text '2508 Mandan Terrace Gambrills Maryland 21054' is present on page  using regular expression

2024-11-07 21:13:44 - [TEST_STEP][PASSED] - verifyTextPresent("Email:", true): Text 'Email:' is present on page  using regular expression

2024-11-07 21:13:45 - [MESSAGE][PASSED] - Text 'Email:' is present on page  using regular expression

2024-11-07 21:13:45 - [TEST_STEP][PASSED] - verifyTextPresent("iahmed@govolution.com", true): Text 'iahmed@govolution.com' is present on page  using regular expression

2024-11-07 21:13:45 - [MESSAGE][PASSED] - Text 'iahmed@govolution.com' is present on page  using regular expression

2024-11-07 21:13:45 - [TEST_STEP][PASSED] - verifyTextPresent("Phone:", true): Text 'Phone:' is present on page  using regular expression

2024-11-07 21:13:45 - [MESSAGE][PASSED] - Text 'Phone:' is present on page  using regular expression

2024-11-07 21:13:45 - [TEST_STEP][PASSED] - verifyTextPresent("(703) 894-5000", false): Text '(703) 894-5000' is present on page 

2024-11-07 21:13:46 - [MESSAGE][PASSED] - Text '(703) 894-5000' is present on page 

2024-11-07 21:13:46 - [TEST_STEP][PASSED] - verifyTextPresent("Tax Information", true): Text 'Tax Information' is present on page  using regular expression

2024-11-07 21:13:46 - [MESSAGE][PASSED] - Text 'Tax Information' is present on page  using regular expression

2024-11-07 21:13:46 - [TEST_STEP][PASSED] - verifyTextNotPresent("Notice Number", true): Text 'Notice Number' is not present on page using regular expression

2024-11-07 21:13:46 - [MESSAGE][PASSED] - Text 'Notice Number' is not present on page using regular expression

2024-11-07 21:13:46 - [TEST_STEP][PASSED] - if (month.trim()): null

2024-11-07 21:13:46 - [TEST_STEP][PASSED] - else: Text 'Period Ending' is not present on page using regular expression

2024-11-07 21:13:46 - [TEST_STEP][PASSED] - verifyTextNotPresent("Period Ending", true): Text 'Period Ending' is not present on page using regular expression

2024-11-07 21:13:47 - [MESSAGE][PASSED] - Text 'Period Ending' is not present on page using regular expression

2024-11-07 21:13:47 - [TEST_STEP][PASSED] - if (feinSSN.equalsIgnoreCase("Y")): Text 'XXXXX6187' is present on page  using regular expression

2024-11-07 21:13:47 - [TEST_STEP][PASSED] - verifyTextPresent("FEIN/SSN:", true): Text 'FEIN/SSN:' is present on page  using regular expression

2024-11-07 21:13:47 - [MESSAGE][PASSED] - Text 'FEIN/SSN:' is present on page  using regular expression

2024-11-07 21:13:47 - [TEST_STEP][PASSED] - verifyTextNotPresent("Federal EIN:", true): Text 'Federal EIN:' is not present on page using regular expression

2024-11-07 21:13:47 - [MESSAGE][PASSED] - Text 'Federal EIN:' is not present on page using regular expression

2024-11-07 21:13:47 - [TEST_STEP][PASSED] - verifyTextPresent("XXXXX6187", true): Text 'XXXXX6187' is present on page  using regular expression

2024-11-07 21:13:48 - [MESSAGE][PASSED] - Text 'XXXXX6187' is present on page  using regular expression

2024-11-07 21:13:48 - [TEST_STEP][PASSED] - if (TaxType.equalsIgnoreCase("Estate Tax")): null

2024-11-07 21:13:48 - [TEST_STEP][PASSED] - if (CRN.equalsIgnoreCase("Y")): null

2024-11-07 21:13:48 - [TEST_STEP][PASSED] - else: Text 'MD Central Registration Number' is not present on page using regular expression

2024-11-07 21:13:48 - [TEST_STEP][PASSED] - verifyTextNotPresent("MD Central Registration Number", true): Text 'MD Central Registration Number' is not present on page using regular expression

2024-11-07 21:13:48 - [MESSAGE][PASSED] - Text 'MD Central Registration Number' is not present on page using regular expression

2024-11-07 21:13:48 - [TEST_STEP][PASSED] - if (MFLicNum.equalsIgnoreCase("Y")): null

2024-11-07 21:13:48 - [TEST_STEP][PASSED] - else: Text 'Motor Fuel License Number#:' is not present on page using regular expression

2024-11-07 21:13:48 - [TEST_STEP][PASSED] - verifyTextNotPresent("Motor Fuel License Number#:", true): Text 'Motor Fuel License Number#:' is not present on page using regular expression

2024-11-07 21:13:48 - [MESSAGE][PASSED] - Text 'Motor Fuel License Number#:' is not present on page using regular expression

2024-11-07 21:13:48 - [TEST_STEP][PASSED] - verifyTextPresent("Payment Amount:", true): Text 'Payment Amount:' is present on page  using regular expression

2024-11-07 21:13:49 - [MESSAGE][PASSED] - Text 'Payment Amount:' is present on page  using regular expression

2024-11-07 21:13:49 - [TEST_STEP][PASSED] - verifyTextPresent("100.00", true): Text '100.00' is present on page  using regular expression

2024-11-07 21:13:49 - [MESSAGE][PASSED] - Text '100.00' is present on page  using regular expression

2024-11-07 21:13:49 - [TEST_STEP][PASSED] - if (verifyElementVisible(findTestObject(orPath_Summary + "/button_Proceed to Payment"))): null

2024-11-07 21:13:49 - [MESSAGE][PASSED] - Object 'Object Repository/RAD_Pages/Summary_Page/button_Proceed to Payment' is visible

2024-11-07 21:13:49 - [TEST_STEP][PASSED] - resText = "Pass": null

2024-11-07 21:13:49 - [TEST_STEP][PASSED] - pages.WriteExcel.demoKey(resText, datText, resColumn, datCloumn, fileLoc, nameSheet, row): pages.WriteExcel.demoKey is PASSED

2024-11-07 21:13:49 - [MESSAGE][PASSED] - pages.WriteExcel.demoKey is PASSED

2024-11-07 21:13:49 - [TEST_STEP][PASSED] - click(findTestObject(orPath_Summary + "/button_Proceed to Payment")): Object: 'Object Repository/RAD_Pages/Summary_Page/button_Proceed to Payment' is clicked on

2024-11-07 21:13:52 - [MESSAGE][PASSED] - Object: 'Object Repository/RAD_Pages/Summary_Page/button_Proceed to Payment' is clicked on

2024-11-07 21:13:52 - [TEST_STEP][PASSED] - verifyElementPresent(findTestObject("Object Repository/RAD_Pages/PaymentEntry_Page/input__billingName"), 30): Object 'Object Repository/RAD_Pages/PaymentEntry_Page/input__billingName' is present

2024-11-07 21:13:52 - [MESSAGE][PASSED] - Object 'Object Repository/RAD_Pages/PaymentEntry_Page/input__billingName' is present

2024-11-07 21:13:52 - [TEST_STEP][PASSED] - ExecuteTC = findTestData(dataFile).getValue("Execute", row): null

2024-11-07 21:13:52 - [TEST_STEP][PASSED] - TaxType = findTestData(dataFile).getValue("TaxType", row): null

2024-11-07 21:13:52 - [TEST_STEP][PASSED] - PaymentType = findTestData(dataFile).getValue("PaymentType", row): null

2024-11-07 21:13:52 - [TEST_STEP][PASSED] - FilingYear = findTestData(dataFile).getValue("Year", row): null

2024-11-07 21:13:52 - [TEST_STEP][PASSED] - feinSSN = findTestData(dataFile).getValue("FeinSsn", row): null

2024-11-07 21:13:53 - [TEST_STEP][PASSED] - CRN = findTestData(dataFile).getValue("CRN", row): null

2024-11-07 21:13:53 - [TEST_STEP][PASSED] - month = findTestData(dataFile).getValue("Month", row): null

2024-11-07 21:13:53 - [TEST_STEP][PASSED] - MFLicNum = findTestData(dataFile).getValue("MFLicNum", row): null

2024-11-07 21:13:53 - [TEST_STEP][PASSED] - if (ExecuteTC.equalsIgnoreCase("Y")): Object 'Object Repository/RAD_Pages/PaymentEntry_Page/input__billingName' is present

2024-11-07 21:13:53 - [TEST_STEP][PASSED] - out.println("Begin Record Number: " + row): null

2024-11-07 21:13:53 - [TEST_STEP][PASSED] - today = new java.util.Date(): null

2024-11-07 21:13:53 - [TEST_STEP][PASSED] - println(today): null

2024-11-07 21:13:53 - [TEST_STEP][PASSED] - datText = today: null

2024-11-07 21:13:53 - [TEST_STEP][PASSED] - logInfo("Payment Type: New Tax Return Amount Due"): Payment Type: New Tax Return Amount Due

2024-11-07 21:13:53 - [MESSAGE][INFO] - Payment Type: New Tax Return Amount Due

2024-11-07 21:13:53 - [TEST_STEP][PASSED] - logInfo("Tax Type: " + TaxType): Tax Type: PTE Tax Electing Non-S Corp

2024-11-07 21:13:53 - [MESSAGE][INFO] - Tax Type: PTE Tax Electing Non-S Corp

2024-11-07 21:13:53 - [TEST_STEP][PASSED] - openBrowser(""): Browser is opened with url: ''

2024-11-07 21:13:53 - [MESSAGE][WARNING] - A browser is already opened. Closing browser and opening a new one

2024-11-07 21:13:55 - [MESSAGE][INFO] - Starting 'Chrome' driver

2024-11-07 21:13:55 - [MESSAGE][INFO] - User set preference: ['acceptInsecureCerts', 'true']

2024-11-07 21:13:55 - [MESSAGE][INFO] - Action delay is set to 0 milliseconds

2024-11-07 21:13:56 - [MESSAGE][PASSED] - Browser is opened with url: ''

2024-11-07 21:13:56 - [TEST_STEP][PASSED] - maximizeWindow(): Current window maximized

2024-11-07 21:13:56 - [MESSAGE][PASSED] - Current window maximized

2024-11-07 21:13:56 - [TEST_STEP][PASSED] - navigateToUrl(RADurl): Navigate to 'https://www.velocitypayment.com/client/rad/index.html' successfully

2024-11-07 21:13:58 - [MESSAGE][PASSED] - Navigate to 'https://www.velocitypayment.com/client/rad/index.html' successfully

2024-11-07 21:13:58 - [TEST_STEP][PASSED] - selectOptionByLabel(findTestObject(orPath_Landing + "/dd_TaxType"), "New Tax Return Amount Due", false): All options with label 'New Tax Return Amount Due' are selected in object 'Object Repository/RAD_Pages/Landing_Page/dd_TaxType' 

2024-11-07 21:13:59 - [MESSAGE][PASSED] - All options with label 'New Tax Return Amount Due' are selected in object 'Object Repository/RAD_Pages/Landing_Page/dd_TaxType' 

2024-11-07 21:13:59 - [TEST_STEP][PASSED] - selectOptionByLabel(findTestObject("Object Repository/RAD_Pages/Landing_Page/select_NewTaxReturnAmountDue_TaxType"), TaxType, false): All options with label 'PTE Tax Electing Non-S Corp' are selected in object 'Object Repository/RAD_Pages/Landing_Page/select_NewTaxReturnAmountDue_TaxType' 

2024-11-07 21:14:00 - [MESSAGE][PASSED] - All options with label 'PTE Tax Electing Non-S Corp' are selected in object 'Object Repository/RAD_Pages/Landing_Page/select_NewTaxReturnAmountDue_TaxType' 

2024-11-07 21:14:00 - [TEST_STEP][PASSED] - selectOptionByLabel(findTestObject(orPath_TaxTypeFilingYear + "/select_FilingYear"), FilingYear, false): All options with label '2022' are selected in object 'Object Repository/RAD_Pages/TaxTypeFilingYear_Page/select_FilingYear' 

2024-11-07 21:14:00 - [MESSAGE][PASSED] - All options with label '2022' are selected in object 'Object Repository/RAD_Pages/TaxTypeFilingYear_Page/select_FilingYear' 

2024-11-07 21:14:00 - [TEST_STEP][PASSED] - if (month.trim()): null

2024-11-07 21:14:00 - [TEST_STEP][PASSED] - rad.getSetDataRAD.setDataRADBusinessName(): rad.getSetDataRAD.setDataRADBusinessName is PASSED

2024-11-07 21:14:01 - [MESSAGE][PASSED] - Text 'My Company' is set on object 'Object Repository/RAD_Pages/Taxpayer_Page/input_businessName'

2024-11-07 21:14:01 - [MESSAGE][PASSED] - rad.getSetDataRAD.setDataRADBusinessName is PASSED

2024-11-07 21:14:01 - [TEST_STEP][PASSED] - rad.getSetDataRAD.setDataRADBusinessRep(): rad.getSetDataRAD.setDataRADBusinessRep is PASSED

2024-11-07 21:14:02 - [MESSAGE][PASSED] - Text 'BusRepFname' is set on object 'Object Repository/RAD_Pages/Taxpayer_Page/input_BusinessRepfirstName'

2024-11-07 21:14:03 - [MESSAGE][PASSED] - Text '' is set on object 'Object Repository/RAD_Pages/Taxpayer_Page/input_BusinessRepmiddleName'

2024-11-07 21:14:04 - [MESSAGE][PASSED] - Text 'BusRepLname' is set on object 'Object Repository/RAD_Pages/Taxpayer_Page/input_BusinessReplastName'

2024-11-07 21:14:04 - [MESSAGE][PASSED] - Text '' is set on object 'Object Repository/RAD_Pages/Taxpayer_Page/input_BusinessRepsuffix'

2024-11-07 21:14:04 - [MESSAGE][PASSED] - rad.getSetDataRAD.setDataRADBusinessRep is PASSED

2024-11-07 21:14:04 - [TEST_STEP][PASSED] - rad.getSetDataRAD.setDataRADAddress(): rad.getSetDataRAD.setDataRADAddress is PASSED

2024-11-07 21:14:05 - [MESSAGE][PASSED] - All options with label 'United States' are selected in object 'Object Repository/RAD_Pages/AddressAndContactInfo_Page/select_Country' 

2024-11-07 21:14:06 - [MESSAGE][PASSED] - Text '2508 Mandan Terrace' is set on object 'Object Repository/RAD_Pages/AddressAndContactInfo_Page/input_streetAddress1'

2024-11-07 21:14:06 - [MESSAGE][PASSED] - Text '' is set on object 'Object Repository/RAD_Pages/AddressAndContactInfo_Page/input_streetAddress2'

2024-11-07 21:14:07 - [MESSAGE][PASSED] - Text 'Gambrills' is set on object 'Object Repository/RAD_Pages/AddressAndContactInfo_Page/input_city'

2024-11-07 21:14:08 - [MESSAGE][PASSED] - All options with label 'Maryland' are selected in object 'Object Repository/RAD_Pages/AddressAndContactInfo_Page/select_State' 

2024-11-07 21:14:09 - [MESSAGE][PASSED] - Text '21054' is set on object 'Object Repository/RAD_Pages/AddressAndContactInfo_Page/input_zipCode'

2024-11-07 21:14:10 - [MESSAGE][PASSED] - Text '(703) 894-5000' is set on object 'Object Repository/RAD_Pages/AddressAndContactInfo_Page/input_phoneNumber'

2024-11-07 21:14:11 - [MESSAGE][PASSED] - Text 'iahmed@govolution.com' is set on object 'Object Repository/RAD_Pages/AddressAndContactInfo_Page/input_eMailAddress'

2024-11-07 21:14:11 - [MESSAGE][PASSED] - Text 'iahmed@govolution.com' is set on object 'Object Repository/RAD_Pages/AddressAndContactInfo_Page/input_reEnterEMailAddress'

2024-11-07 21:14:11 - [MESSAGE][PASSED] - rad.getSetDataRAD.setDataRADAddress is PASSED

2024-11-07 21:14:11 - [TEST_STEP][PASSED] - if (feinSSN.equalsIgnoreCase("Y")): Text ****** has been set on object 'Object Repository/RAD_Pages/TaxInfo_Page/input_TaxInfo_RetypeFeinSsn_New_2'

2024-11-07 21:14:11 - [TEST_STEP][PASSED] - setEncryptedText(findTestObject(orPath_TaxInfo + "/input_TaxInfo_FeinSsn_New_2"), "yXB7JMCbD3QoFF75EQd3iw=="): Text ****** has been set on object 'Object Repository/RAD_Pages/TaxInfo_Page/input_TaxInfo_FeinSsn_New_2'

2024-11-07 21:14:12 - [MESSAGE][PASSED] - Text ****** has been set on object 'Object Repository/RAD_Pages/TaxInfo_Page/input_TaxInfo_FeinSsn_New_2'

2024-11-07 21:14:12 - [TEST_STEP][PASSED] - setEncryptedText(findTestObject(orPath_TaxInfo + "/input_TaxInfo_RetypeFeinSsn_New_2"), "yXB7JMCbD3QoFF75EQd3iw=="): Text ****** has been set on object 'Object Repository/RAD_Pages/TaxInfo_Page/input_TaxInfo_RetypeFeinSsn_New_2'

2024-11-07 21:14:13 - [MESSAGE][PASSED] - Text ****** has been set on object 'Object Repository/RAD_Pages/TaxInfo_Page/input_TaxInfo_RetypeFeinSsn_New_2'

2024-11-07 21:14:13 - [TEST_STEP][PASSED] - if (CRN.equalsIgnoreCase("Y")): null

2024-11-07 21:14:13 - [TEST_STEP][PASSED] - if (MFLicNum.equalsIgnoreCase("Y")): null

2024-11-07 21:14:13 - [TEST_STEP][PASSED] - if (TaxType.equalsIgnoreCase("Estate Tax")): null

2024-11-07 21:14:13 - [TEST_STEP][PASSED] - setText(findTestObject(orPath_Amount + "/input__paymentAmount"), "100.00"): Text '100.00' is set on object 'Object Repository/RAD_Pages/PaymentAmount_Page/input__paymentAmount'

2024-11-07 21:14:13 - [MESSAGE][PASSED] - Text '100.00' is set on object 'Object Repository/RAD_Pages/PaymentAmount_Page/input__paymentAmount'

2024-11-07 21:14:13 - [TEST_STEP][PASSED] - setText(findTestObject(orPath_AddressContact + "/input_streetAddress2"), ""): Text '' is set on object 'Object Repository/RAD_Pages/AddressAndContactInfo_Page/input_streetAddress2'

2024-11-07 21:14:14 - [MESSAGE][PASSED] - Text '' is set on object 'Object Repository/RAD_Pages/AddressAndContactInfo_Page/input_streetAddress2'

2024-11-07 21:14:14 - [TEST_STEP][PASSED] - scrollToElement(findTestObject(orPath_Landing + "/button_Continue"), 3): Scroll to object 'Object Repository/RAD_Pages/Landing_Page/button_Continue' successfully

2024-11-07 21:14:14 - [MESSAGE][PASSED] - Scroll to object 'Object Repository/RAD_Pages/Landing_Page/button_Continue' successfully

2024-11-07 21:14:14 - [TEST_STEP][PASSED] - waitForElementClickable(findTestObject(orPath_Landing + "/button_Continue"), 5): Object 'Object Repository/RAD_Pages/Landing_Page/button_Continue' is clickable

2024-11-07 21:14:15 - [MESSAGE][PASSED] - Object 'Object Repository/RAD_Pages/Landing_Page/button_Continue' is clickable

2024-11-07 21:14:15 - [TEST_STEP][PASSED] - click(findTestObject(orPath_Landing + "/button_Continue")): Object: 'Object Repository/RAD_Pages/Landing_Page/button_Continue' is clicked on

2024-11-07 21:14:15 - [MESSAGE][PASSED] - Object: 'Object Repository/RAD_Pages/Landing_Page/button_Continue' is clicked on

2024-11-07 21:14:15 - [TEST_STEP][PASSED] - delay(2): Delayed 2 second(s)

2024-11-07 21:14:17 - [MESSAGE][PASSED] - Delayed 2 second(s)

2024-11-07 21:14:17 - [TEST_STEP][PASSED] - verifyTextPresent("Summary", true): Text 'Summary' is present on page  using regular expression

2024-11-07 21:14:18 - [MESSAGE][PASSED] - Text 'Summary' is present on page  using regular expression

2024-11-07 21:14:18 - [TEST_STEP][PASSED] - verifyTextPresent("Review the information below and make any necessary corrections by clicking the", true): Text 'Review the information below and make any necessary corrections by clicking the' is present on page  using regular expression

2024-11-07 21:14:18 - [MESSAGE][PASSED] - Text 'Review the information below and make any necessary corrections by clicking the' is present on page  using regular expression

2024-11-07 21:14:18 - [TEST_STEP][PASSED] - verifyTextPresent("When you are confident that all the information is correct, click the", true): Text 'When you are confident that all the information is correct, click the' is present on page  using regular expression

2024-11-07 21:14:18 - [MESSAGE][PASSED] - Text 'When you are confident that all the information is correct, click the' is present on page  using regular expression

2024-11-07 21:14:18 - [TEST_STEP][PASSED] - verifyTextPresent("Payment Type/Filing Year", true): Text 'Payment Type/Filing Year' is present on page  using regular expression

2024-11-07 21:14:18 - [MESSAGE][PASSED] - Text 'Payment Type/Filing Year' is present on page  using regular expression

2024-11-07 21:14:18 - [TEST_STEP][PASSED] - verifyTextPresent("Payment Type:", true): Text 'Payment Type:' is present on page  using regular expression

2024-11-07 21:14:19 - [MESSAGE][PASSED] - Text 'Payment Type:' is present on page  using regular expression

2024-11-07 21:14:19 - [TEST_STEP][PASSED] - verifyTextPresent("New Tax Return Amount Due", true): Text 'New Tax Return Amount Due' is present on page  using regular expression

2024-11-07 21:14:19 - [MESSAGE][PASSED] - Text 'New Tax Return Amount Due' is present on page  using regular expression

2024-11-07 21:14:19 - [TEST_STEP][PASSED] - verifyTextPresent("Filing Year:", true): Text 'Filing Year:' is present on page  using regular expression

2024-11-07 21:14:19 - [MESSAGE][PASSED] - Text 'Filing Year:' is present on page  using regular expression

2024-11-07 21:14:19 - [TEST_STEP][PASSED] - verifyTextPresent(FilingYear, true): Text '2022' is present on page  using regular expression

2024-11-07 21:14:20 - [MESSAGE][PASSED] - Text '2022' is present on page  using regular expression

2024-11-07 21:14:20 - [TEST_STEP][PASSED] - verifyTextPresent("Payer Information", true): Text 'Payer Information' is present on page  using regular expression

2024-11-07 21:14:20 - [MESSAGE][PASSED] - Text 'Payer Information' is present on page  using regular expression

2024-11-07 21:14:20 - [TEST_STEP][PASSED] - verifyTextPresent("Taxpayer Name:", true): Text 'Taxpayer Name:' is present on page  using regular expression

2024-11-07 21:14:20 - [MESSAGE][PASSED] - Text 'Taxpayer Name:' is present on page  using regular expression

2024-11-07 21:14:20 - [TEST_STEP][PASSED] - verifyTextPresent("My Company", true): Text 'My Company' is present on page  using regular expression

2024-11-07 21:14:21 - [MESSAGE][PASSED] - Text 'My Company' is present on page  using regular expression

2024-11-07 21:14:21 - [TEST_STEP][PASSED] - verifyTextPresent("Business Rep Name:", true): Text 'Business Rep Name:' is present on page  using regular expression

2024-11-07 21:14:21 - [MESSAGE][PASSED] - Text 'Business Rep Name:' is present on page  using regular expression

2024-11-07 21:14:21 - [TEST_STEP][PASSED] - verifyTextPresent("BusRepFname BusRepLname", true): Text 'BusRepFname BusRepLname' is present on page  using regular expression

2024-11-07 21:14:21 - [MESSAGE][PASSED] - Text 'BusRepFname BusRepLname' is present on page  using regular expression

2024-11-07 21:14:21 - [TEST_STEP][PASSED] - verifyTextPresent("Taxpayer Address:", true): Text 'Taxpayer Address:' is present on page  using regular expression

2024-11-07 21:14:22 - [MESSAGE][PASSED] - Text 'Taxpayer Address:' is present on page  using regular expression

2024-11-07 21:14:22 - [TEST_STEP][PASSED] - verifyTextPresent("2508 Mandan Terrace Gambrills Maryland 21054", true): Text '2508 Mandan Terrace Gambrills Maryland 21054' is present on page  using regular expression

2024-11-07 21:14:22 - [MESSAGE][PASSED] - Text '2508 Mandan Terrace Gambrills Maryland 21054' is present on page  using regular expression

2024-11-07 21:14:22 - [TEST_STEP][PASSED] - verifyTextPresent("Email:", true): Text 'Email:' is present on page  using regular expression

2024-11-07 21:14:22 - [MESSAGE][PASSED] - Text 'Email:' is present on page  using regular expression

2024-11-07 21:14:22 - [TEST_STEP][PASSED] - verifyTextPresent("iahmed@govolution.com", true): Text 'iahmed@govolution.com' is present on page  using regular expression

2024-11-07 21:14:23 - [MESSAGE][PASSED] - Text 'iahmed@govolution.com' is present on page  using regular expression

2024-11-07 21:14:23 - [TEST_STEP][PASSED] - verifyTextPresent("Phone:", true): Text 'Phone:' is present on page  using regular expression

2024-11-07 21:14:23 - [MESSAGE][PASSED] - Text 'Phone:' is present on page  using regular expression

2024-11-07 21:14:23 - [TEST_STEP][PASSED] - verifyTextPresent("(703) 894-5000", false): Text '(703) 894-5000' is present on page 

2024-11-07 21:14:23 - [MESSAGE][PASSED] - Text '(703) 894-5000' is present on page 

2024-11-07 21:14:23 - [TEST_STEP][PASSED] - verifyTextPresent("Tax Information", true): Text 'Tax Information' is present on page  using regular expression

2024-11-07 21:14:24 - [MESSAGE][PASSED] - Text 'Tax Information' is present on page  using regular expression

2024-11-07 21:14:24 - [TEST_STEP][PASSED] - verifyTextNotPresent("Notice Number", true): Text 'Notice Number' is not present on page using regular expression

2024-11-07 21:14:24 - [MESSAGE][PASSED] - Text 'Notice Number' is not present on page using regular expression

2024-11-07 21:14:24 - [TEST_STEP][PASSED] - if (month.trim()): null

2024-11-07 21:14:24 - [TEST_STEP][PASSED] - else: Text 'Period Ending' is not present on page using regular expression

2024-11-07 21:14:24 - [TEST_STEP][PASSED] - verifyTextNotPresent("Period Ending", true): Text 'Period Ending' is not present on page using regular expression

2024-11-07 21:14:24 - [MESSAGE][PASSED] - Text 'Period Ending' is not present on page using regular expression

2024-11-07 21:14:24 - [TEST_STEP][PASSED] - if (feinSSN.equalsIgnoreCase("Y")): Text 'XXXXX6187' is present on page  using regular expression

2024-11-07 21:14:24 - [TEST_STEP][PASSED] - verifyTextPresent("FEIN/SSN:", true): Text 'FEIN/SSN:' is present on page  using regular expression

2024-11-07 21:14:25 - [MESSAGE][PASSED] - Text 'FEIN/SSN:' is present on page  using regular expression

2024-11-07 21:14:25 - [TEST_STEP][PASSED] - verifyTextNotPresent("Federal EIN:", true): Text 'Federal EIN:' is not present on page using regular expression

2024-11-07 21:14:25 - [MESSAGE][PASSED] - Text 'Federal EIN:' is not present on page using regular expression

2024-11-07 21:14:25 - [TEST_STEP][PASSED] - verifyTextPresent("XXXXX6187", true): Text 'XXXXX6187' is present on page  using regular expression

2024-11-07 21:14:25 - [MESSAGE][PASSED] - Text 'XXXXX6187' is present on page  using regular expression

2024-11-07 21:14:25 - [TEST_STEP][PASSED] - if (TaxType.equalsIgnoreCase("Estate Tax")): null

2024-11-07 21:14:25 - [TEST_STEP][PASSED] - if (CRN.equalsIgnoreCase("Y")): null

2024-11-07 21:14:25 - [TEST_STEP][PASSED] - else: Text 'MD Central Registration Number' is not present on page using regular expression

2024-11-07 21:14:25 - [TEST_STEP][PASSED] - verifyTextNotPresent("MD Central Registration Number", true): Text 'MD Central Registration Number' is not present on page using regular expression

2024-11-07 21:14:26 - [MESSAGE][PASSED] - Text 'MD Central Registration Number' is not present on page using regular expression

2024-11-07 21:14:26 - [TEST_STEP][PASSED] - if (MFLicNum.equalsIgnoreCase("Y")): null

2024-11-07 21:14:26 - [TEST_STEP][PASSED] - else: Text 'Motor Fuel License Number#:' is not present on page using regular expression

2024-11-07 21:14:26 - [TEST_STEP][PASSED] - verifyTextNotPresent("Motor Fuel License Number#:", true): Text 'Motor Fuel License Number#:' is not present on page using regular expression

2024-11-07 21:14:26 - [MESSAGE][PASSED] - Text 'Motor Fuel License Number#:' is not present on page using regular expression

2024-11-07 21:14:26 - [TEST_STEP][PASSED] - verifyTextPresent("Payment Amount:", true): Text 'Payment Amount:' is present on page  using regular expression

2024-11-07 21:14:26 - [MESSAGE][PASSED] - Text 'Payment Amount:' is present on page  using regular expression

2024-11-07 21:14:26 - [TEST_STEP][PASSED] - verifyTextPresent("100.00", true): Text '100.00' is present on page  using regular expression

2024-11-07 21:14:27 - [MESSAGE][PASSED] - Text '100.00' is present on page  using regular expression

2024-11-07 21:14:27 - [TEST_STEP][PASSED] - if (verifyElementVisible(findTestObject(orPath_Summary + "/button_Proceed to Payment"))): null

2024-11-07 21:14:27 - [MESSAGE][PASSED] - Object 'Object Repository/RAD_Pages/Summary_Page/button_Proceed to Payment' is visible

2024-11-07 21:14:27 - [TEST_STEP][PASSED] - resText = "Pass": null

2024-11-07 21:14:27 - [TEST_STEP][PASSED] - pages.WriteExcel.demoKey(resText, datText, resColumn, datCloumn, fileLoc, nameSheet, row): pages.WriteExcel.demoKey is PASSED

2024-11-07 21:14:27 - [MESSAGE][PASSED] - pages.WriteExcel.demoKey is PASSED

2024-11-07 21:14:27 - [TEST_STEP][PASSED] - click(findTestObject(orPath_Summary + "/button_Proceed to Payment")): Object: 'Object Repository/RAD_Pages/Summary_Page/button_Proceed to Payment' is clicked on

2024-11-07 21:14:30 - [MESSAGE][PASSED] - Object: 'Object Repository/RAD_Pages/Summary_Page/button_Proceed to Payment' is clicked on

2024-11-07 21:14:30 - [TEST_STEP][PASSED] - verifyElementPresent(findTestObject("Object Repository/RAD_Pages/PaymentEntry_Page/input__billingName"), 30): Object 'Object Repository/RAD_Pages/PaymentEntry_Page/input__billingName' is present

2024-11-07 21:14:30 - [MESSAGE][PASSED] - Object 'Object Repository/RAD_Pages/PaymentEntry_Page/input__billingName' is present

2024-11-07 21:14:30 - [TEST_STEP][PASSED] - ExecuteTC = findTestData(dataFile).getValue("Execute", row): null

2024-11-07 21:14:30 - [TEST_STEP][PASSED] - TaxType = findTestData(dataFile).getValue("TaxType", row): null

2024-11-07 21:14:30 - [TEST_STEP][PASSED] - PaymentType = findTestData(dataFile).getValue("PaymentType", row): null

2024-11-07 21:14:30 - [TEST_STEP][PASSED] - FilingYear = findTestData(dataFile).getValue("Year", row): null

2024-11-07 21:14:31 - [TEST_STEP][PASSED] - feinSSN = findTestData(dataFile).getValue("FeinSsn", row): null

2024-11-07 21:14:31 - [TEST_STEP][PASSED] - CRN = findTestData(dataFile).getValue("CRN", row): null

2024-11-07 21:14:31 - [TEST_STEP][PASSED] - month = findTestData(dataFile).getValue("Month", row): null

2024-11-07 21:14:31 - [TEST_STEP][PASSED] - MFLicNum = findTestData(dataFile).getValue("MFLicNum", row): null

2024-11-07 21:14:31 - [TEST_STEP][PASSED] - if (ExecuteTC.equalsIgnoreCase("Y")): Object 'Object Repository/RAD_Pages/PaymentEntry_Page/input__billingName' is present

2024-11-07 21:14:31 - [TEST_STEP][PASSED] - out.println("Begin Record Number: " + row): null

2024-11-07 21:14:31 - [TEST_STEP][PASSED] - today = new java.util.Date(): null

2024-11-07 21:14:31 - [TEST_STEP][PASSED] - println(today): null

2024-11-07 21:14:31 - [TEST_STEP][PASSED] - datText = today: null

2024-11-07 21:14:31 - [TEST_STEP][PASSED] - logInfo("Payment Type: New Tax Return Amount Due"): Payment Type: New Tax Return Amount Due

2024-11-07 21:14:31 - [MESSAGE][INFO] - Payment Type: New Tax Return Amount Due

2024-11-07 21:14:31 - [TEST_STEP][PASSED] - logInfo("Tax Type: " + TaxType): Tax Type: PTE Tax Electing S Corp

2024-11-07 21:14:31 - [MESSAGE][INFO] - Tax Type: PTE Tax Electing S Corp

2024-11-07 21:14:31 - [TEST_STEP][PASSED] - openBrowser(""): Browser is opened with url: ''

2024-11-07 21:14:31 - [MESSAGE][WARNING] - A browser is already opened. Closing browser and opening a new one

2024-11-07 21:14:33 - [MESSAGE][INFO] - Starting 'Chrome' driver

2024-11-07 21:14:33 - [MESSAGE][INFO] - User set preference: ['acceptInsecureCerts', 'true']

2024-11-07 21:14:33 - [MESSAGE][INFO] - Action delay is set to 0 milliseconds

2024-11-07 21:14:35 - [MESSAGE][PASSED] - Browser is opened with url: ''

2024-11-07 21:14:35 - [TEST_STEP][PASSED] - maximizeWindow(): Current window maximized

2024-11-07 21:14:35 - [MESSAGE][PASSED] - Current window maximized

2024-11-07 21:14:35 - [TEST_STEP][PASSED] - navigateToUrl(RADurl): Navigate to 'https://www.velocitypayment.com/client/rad/index.html' successfully

2024-11-07 21:14:37 - [MESSAGE][PASSED] - Navigate to 'https://www.velocitypayment.com/client/rad/index.html' successfully

2024-11-07 21:14:37 - [TEST_STEP][PASSED] - selectOptionByLabel(findTestObject(orPath_Landing + "/dd_TaxType"), "New Tax Return Amount Due", false): All options with label 'New Tax Return Amount Due' are selected in object 'Object Repository/RAD_Pages/Landing_Page/dd_TaxType' 

2024-11-07 21:14:37 - [MESSAGE][PASSED] - All options with label 'New Tax Return Amount Due' are selected in object 'Object Repository/RAD_Pages/Landing_Page/dd_TaxType' 

2024-11-07 21:14:37 - [TEST_STEP][PASSED] - selectOptionByLabel(findTestObject("Object Repository/RAD_Pages/Landing_Page/select_NewTaxReturnAmountDue_TaxType"), TaxType, false): All options with label 'PTE Tax Electing S Corp' are selected in object 'Object Repository/RAD_Pages/Landing_Page/select_NewTaxReturnAmountDue_TaxType' 

2024-11-07 21:14:38 - [MESSAGE][PASSED] - All options with label 'PTE Tax Electing S Corp' are selected in object 'Object Repository/RAD_Pages/Landing_Page/select_NewTaxReturnAmountDue_TaxType' 

2024-11-07 21:14:38 - [TEST_STEP][PASSED] - selectOptionByLabel(findTestObject(orPath_TaxTypeFilingYear + "/select_FilingYear"), FilingYear, false): All options with label '2022' are selected in object 'Object Repository/RAD_Pages/TaxTypeFilingYear_Page/select_FilingYear' 

2024-11-07 21:14:39 - [MESSAGE][PASSED] - All options with label '2022' are selected in object 'Object Repository/RAD_Pages/TaxTypeFilingYear_Page/select_FilingYear' 

2024-11-07 21:14:39 - [TEST_STEP][PASSED] - if (month.trim()): null

2024-11-07 21:14:39 - [TEST_STEP][PASSED] - rad.getSetDataRAD.setDataRADBusinessName(): rad.getSetDataRAD.setDataRADBusinessName is PASSED

2024-11-07 21:14:40 - [MESSAGE][PASSED] - Text 'My Company' is set on object 'Object Repository/RAD_Pages/Taxpayer_Page/input_businessName'

2024-11-07 21:14:40 - [MESSAGE][PASSED] - rad.getSetDataRAD.setDataRADBusinessName is PASSED

2024-11-07 21:14:40 - [TEST_STEP][PASSED] - rad.getSetDataRAD.setDataRADBusinessRep(): rad.getSetDataRAD.setDataRADBusinessRep is PASSED

2024-11-07 21:14:41 - [MESSAGE][PASSED] - Text 'BusRepFname' is set on object 'Object Repository/RAD_Pages/Taxpayer_Page/input_BusinessRepfirstName'

2024-11-07 21:14:42 - [MESSAGE][PASSED] - Text '' is set on object 'Object Repository/RAD_Pages/Taxpayer_Page/input_BusinessRepmiddleName'

2024-11-07 21:14:42 - [MESSAGE][PASSED] - Text 'BusRepLname' is set on object 'Object Repository/RAD_Pages/Taxpayer_Page/input_BusinessReplastName'

2024-11-07 21:14:43 - [MESSAGE][PASSED] - Text '' is set on object 'Object Repository/RAD_Pages/Taxpayer_Page/input_BusinessRepsuffix'

2024-11-07 21:14:43 - [MESSAGE][PASSED] - rad.getSetDataRAD.setDataRADBusinessRep is PASSED

2024-11-07 21:14:43 - [TEST_STEP][PASSED] - rad.getSetDataRAD.setDataRADAddress(): rad.getSetDataRAD.setDataRADAddress is PASSED

2024-11-07 21:14:44 - [MESSAGE][PASSED] - All options with label 'United States' are selected in object 'Object Repository/RAD_Pages/AddressAndContactInfo_Page/select_Country' 

2024-11-07 21:14:45 - [MESSAGE][PASSED] - Text '2508 Mandan Terrace' is set on object 'Object Repository/RAD_Pages/AddressAndContactInfo_Page/input_streetAddress1'

2024-11-07 21:14:46 - [MESSAGE][PASSED] - Text '' is set on object 'Object Repository/RAD_Pages/AddressAndContactInfo_Page/input_streetAddress2'

2024-11-07 21:14:47 - [MESSAGE][PASSED] - Text 'Gambrills' is set on object 'Object Repository/RAD_Pages/AddressAndContactInfo_Page/input_city'

2024-11-07 21:14:47 - [MESSAGE][PASSED] - All options with label 'Maryland' are selected in object 'Object Repository/RAD_Pages/AddressAndContactInfo_Page/select_State' 

2024-11-07 21:14:48 - [MESSAGE][PASSED] - Text '21054' is set on object 'Object Repository/RAD_Pages/AddressAndContactInfo_Page/input_zipCode'

2024-11-07 21:14:49 - [MESSAGE][PASSED] - Text '(703) 894-5000' is set on object 'Object Repository/RAD_Pages/AddressAndContactInfo_Page/input_phoneNumber'

2024-11-07 21:14:51 - [MESSAGE][PASSED] - Text 'iahmed@govolution.com' is set on object 'Object Repository/RAD_Pages/AddressAndContactInfo_Page/input_eMailAddress'

2024-11-07 21:14:52 - [MESSAGE][PASSED] - Text 'iahmed@govolution.com' is set on object 'Object Repository/RAD_Pages/AddressAndContactInfo_Page/input_reEnterEMailAddress'

2024-11-07 21:14:52 - [MESSAGE][PASSED] - rad.getSetDataRAD.setDataRADAddress is PASSED

2024-11-07 21:14:52 - [TEST_STEP][PASSED] - if (feinSSN.equalsIgnoreCase("Y")): Text ****** has been set on object 'Object Repository/RAD_Pages/TaxInfo_Page/input_TaxInfo_RetypeFeinSsn_New_2'

2024-11-07 21:14:52 - [TEST_STEP][PASSED] - setEncryptedText(findTestObject(orPath_TaxInfo + "/input_TaxInfo_FeinSsn_New_2"), "yXB7JMCbD3QoFF75EQd3iw=="): Text ****** has been set on object 'Object Repository/RAD_Pages/TaxInfo_Page/input_TaxInfo_FeinSsn_New_2'

2024-11-07 21:14:54 - [MESSAGE][PASSED] - Text ****** has been set on object 'Object Repository/RAD_Pages/TaxInfo_Page/input_TaxInfo_FeinSsn_New_2'

2024-11-07 21:14:54 - [TEST_STEP][PASSED] - setEncryptedText(findTestObject(orPath_TaxInfo + "/input_TaxInfo_RetypeFeinSsn_New_2"), "yXB7JMCbD3QoFF75EQd3iw=="): Text ****** has been set on object 'Object Repository/RAD_Pages/TaxInfo_Page/input_TaxInfo_RetypeFeinSsn_New_2'

2024-11-07 21:14:55 - [MESSAGE][PASSED] - Text ****** has been set on object 'Object Repository/RAD_Pages/TaxInfo_Page/input_TaxInfo_RetypeFeinSsn_New_2'

2024-11-07 21:14:55 - [TEST_STEP][PASSED] - if (CRN.equalsIgnoreCase("Y")): null

2024-11-07 21:14:55 - [TEST_STEP][PASSED] - if (MFLicNum.equalsIgnoreCase("Y")): null

2024-11-07 21:14:55 - [TEST_STEP][PASSED] - if (TaxType.equalsIgnoreCase("Estate Tax")): null

2024-11-07 21:14:55 - [TEST_STEP][PASSED] - setText(findTestObject(orPath_Amount + "/input__paymentAmount"), "100.00"): Text '100.00' is set on object 'Object Repository/RAD_Pages/PaymentAmount_Page/input__paymentAmount'

2024-11-07 21:14:56 - [MESSAGE][PASSED] - Text '100.00' is set on object 'Object Repository/RAD_Pages/PaymentAmount_Page/input__paymentAmount'

2024-11-07 21:14:56 - [TEST_STEP][PASSED] - setText(findTestObject(orPath_AddressContact + "/input_streetAddress2"), ""): Text '' is set on object 'Object Repository/RAD_Pages/AddressAndContactInfo_Page/input_streetAddress2'

2024-11-07 21:14:57 - [MESSAGE][PASSED] - Text '' is set on object 'Object Repository/RAD_Pages/AddressAndContactInfo_Page/input_streetAddress2'

2024-11-07 21:14:57 - [TEST_STEP][PASSED] - scrollToElement(findTestObject(orPath_Landing + "/button_Continue"), 3): Scroll to object 'Object Repository/RAD_Pages/Landing_Page/button_Continue' successfully

2024-11-07 21:14:57 - [MESSAGE][PASSED] - Scroll to object 'Object Repository/RAD_Pages/Landing_Page/button_Continue' successfully

2024-11-07 21:14:57 - [TEST_STEP][PASSED] - waitForElementClickable(findTestObject(orPath_Landing + "/button_Continue"), 5): Object 'Object Repository/RAD_Pages/Landing_Page/button_Continue' is clickable

2024-11-07 21:14:58 - [MESSAGE][PASSED] - Object 'Object Repository/RAD_Pages/Landing_Page/button_Continue' is clickable

2024-11-07 21:14:58 - [TEST_STEP][PASSED] - click(findTestObject(orPath_Landing + "/button_Continue")): Object: 'Object Repository/RAD_Pages/Landing_Page/button_Continue' is clicked on

2024-11-07 21:14:59 - [MESSAGE][PASSED] - Object: 'Object Repository/RAD_Pages/Landing_Page/button_Continue' is clicked on

2024-11-07 21:14:59 - [TEST_STEP][PASSED] - delay(2): Delayed 2 second(s)

2024-11-07 21:15:01 - [MESSAGE][PASSED] - Delayed 2 second(s)

2024-11-07 21:15:01 - [TEST_STEP][PASSED] - verifyTextPresent("Summary", true): Text 'Summary' is present on page  using regular expression

2024-11-07 21:15:01 - [MESSAGE][PASSED] - Text 'Summary' is present on page  using regular expression

2024-11-07 21:15:01 - [TEST_STEP][PASSED] - verifyTextPresent("Review the information below and make any necessary corrections by clicking the", true): Text 'Review the information below and make any necessary corrections by clicking the' is present on page  using regular expression

2024-11-07 21:15:01 - [MESSAGE][PASSED] - Text 'Review the information below and make any necessary corrections by clicking the' is present on page  using regular expression

2024-11-07 21:15:01 - [TEST_STEP][PASSED] - verifyTextPresent("When you are confident that all the information is correct, click the", true): Text 'When you are confident that all the information is correct, click the' is present on page  using regular expression

2024-11-07 21:15:02 - [MESSAGE][PASSED] - Text 'When you are confident that all the information is correct, click the' is present on page  using regular expression

2024-11-07 21:15:02 - [TEST_STEP][PASSED] - verifyTextPresent("Payment Type/Filing Year", true): Text 'Payment Type/Filing Year' is present on page  using regular expression

2024-11-07 21:15:02 - [MESSAGE][PASSED] - Text 'Payment Type/Filing Year' is present on page  using regular expression

2024-11-07 21:15:02 - [TEST_STEP][PASSED] - verifyTextPresent("Payment Type:", true): Text 'Payment Type:' is present on page  using regular expression

2024-11-07 21:15:02 - [MESSAGE][PASSED] - Text 'Payment Type:' is present on page  using regular expression

2024-11-07 21:15:02 - [TEST_STEP][PASSED] - verifyTextPresent("New Tax Return Amount Due", true): Text 'New Tax Return Amount Due' is present on page  using regular expression

2024-11-07 21:15:03 - [MESSAGE][PASSED] - Text 'New Tax Return Amount Due' is present on page  using regular expression

2024-11-07 21:15:03 - [TEST_STEP][PASSED] - verifyTextPresent("Filing Year:", true): Text 'Filing Year:' is present on page  using regular expression

2024-11-07 21:15:03 - [MESSAGE][PASSED] - Text 'Filing Year:' is present on page  using regular expression

2024-11-07 21:15:03 - [TEST_STEP][PASSED] - verifyTextPresent(FilingYear, true): Text '2022' is present on page  using regular expression

2024-11-07 21:15:03 - [MESSAGE][PASSED] - Text '2022' is present on page  using regular expression

2024-11-07 21:15:03 - [TEST_STEP][PASSED] - verifyTextPresent("Payer Information", true): Text 'Payer Information' is present on page  using regular expression

2024-11-07 21:15:04 - [MESSAGE][PASSED] - Text 'Payer Information' is present on page  using regular expression

2024-11-07 21:15:04 - [TEST_STEP][PASSED] - verifyTextPresent("Taxpayer Name:", true): Text 'Taxpayer Name:' is present on page  using regular expression

2024-11-07 21:15:04 - [MESSAGE][PASSED] - Text 'Taxpayer Name:' is present on page  using regular expression

2024-11-07 21:15:04 - [TEST_STEP][PASSED] - verifyTextPresent("My Company", true): Text 'My Company' is present on page  using regular expression

2024-11-07 21:15:05 - [MESSAGE][PASSED] - Text 'My Company' is present on page  using regular expression

2024-11-07 21:15:05 - [TEST_STEP][PASSED] - verifyTextPresent("Business Rep Name:", true): Text 'Business Rep Name:' is present on page  using regular expression

2024-11-07 21:15:05 - [MESSAGE][PASSED] - Text 'Business Rep Name:' is present on page  using regular expression

2024-11-07 21:15:05 - [TEST_STEP][PASSED] - verifyTextPresent("BusRepFname BusRepLname", true): Text 'BusRepFname BusRepLname' is present on page  using regular expression

2024-11-07 21:15:05 - [MESSAGE][PASSED] - Text 'BusRepFname BusRepLname' is present on page  using regular expression

2024-11-07 21:15:05 - [TEST_STEP][PASSED] - verifyTextPresent("Taxpayer Address:", true): Text 'Taxpayer Address:' is present on page  using regular expression

2024-11-07 21:15:06 - [MESSAGE][PASSED] - Text 'Taxpayer Address:' is present on page  using regular expression

2024-11-07 21:15:06 - [TEST_STEP][PASSED] - verifyTextPresent("2508 Mandan Terrace Gambrills Maryland 21054", true): Text '2508 Mandan Terrace Gambrills Maryland 21054' is present on page  using regular expression

2024-11-07 21:15:06 - [MESSAGE][PASSED] - Text '2508 Mandan Terrace Gambrills Maryland 21054' is present on page  using regular expression

2024-11-07 21:15:06 - [TEST_STEP][PASSED] - verifyTextPresent("Email:", true): Text 'Email:' is present on page  using regular expression

2024-11-07 21:15:06 - [MESSAGE][PASSED] - Text 'Email:' is present on page  using regular expression

2024-11-07 21:15:06 - [TEST_STEP][PASSED] - verifyTextPresent("iahmed@govolution.com", true): Text 'iahmed@govolution.com' is present on page  using regular expression

2024-11-07 21:15:07 - [MESSAGE][PASSED] - Text 'iahmed@govolution.com' is present on page  using regular expression

2024-11-07 21:15:07 - [TEST_STEP][PASSED] - verifyTextPresent("Phone:", true): Text 'Phone:' is present on page  using regular expression

2024-11-07 21:15:07 - [MESSAGE][PASSED] - Text 'Phone:' is present on page  using regular expression

2024-11-07 21:15:07 - [TEST_STEP][PASSED] - verifyTextPresent("(703) 894-5000", false): Text '(703) 894-5000' is present on page 

2024-11-07 21:15:07 - [MESSAGE][PASSED] - Text '(703) 894-5000' is present on page 

2024-11-07 21:15:07 - [TEST_STEP][PASSED] - verifyTextPresent("Tax Information", true): Text 'Tax Information' is present on page  using regular expression

2024-11-07 21:15:08 - [MESSAGE][PASSED] - Text 'Tax Information' is present on page  using regular expression

2024-11-07 21:15:08 - [TEST_STEP][PASSED] - verifyTextNotPresent("Notice Number", true): Text 'Notice Number' is not present on page using regular expression

2024-11-07 21:15:08 - [MESSAGE][PASSED] - Text 'Notice Number' is not present on page using regular expression

2024-11-07 21:15:08 - [TEST_STEP][PASSED] - if (month.trim()): null

2024-11-07 21:15:08 - [TEST_STEP][PASSED] - else: Text 'Period Ending' is not present on page using regular expression

2024-11-07 21:15:08 - [TEST_STEP][PASSED] - verifyTextNotPresent("Period Ending", true): Text 'Period Ending' is not present on page using regular expression

2024-11-07 21:15:08 - [MESSAGE][PASSED] - Text 'Period Ending' is not present on page using regular expression

2024-11-07 21:15:08 - [TEST_STEP][PASSED] - if (feinSSN.equalsIgnoreCase("Y")): Text 'XXXXX6187' is present on page  using regular expression

2024-11-07 21:15:08 - [TEST_STEP][PASSED] - verifyTextPresent("FEIN/SSN:", true): Text 'FEIN/SSN:' is present on page  using regular expression

2024-11-07 21:15:09 - [MESSAGE][PASSED] - Text 'FEIN/SSN:' is present on page  using regular expression

2024-11-07 21:15:09 - [TEST_STEP][PASSED] - verifyTextNotPresent("Federal EIN:", true): Text 'Federal EIN:' is not present on page using regular expression

2024-11-07 21:15:09 - [MESSAGE][PASSED] - Text 'Federal EIN:' is not present on page using regular expression

2024-11-07 21:15:09 - [TEST_STEP][PASSED] - verifyTextPresent("XXXXX6187", true): Text 'XXXXX6187' is present on page  using regular expression

2024-11-07 21:15:09 - [MESSAGE][PASSED] - Text 'XXXXX6187' is present on page  using regular expression

2024-11-07 21:15:09 - [TEST_STEP][PASSED] - if (TaxType.equalsIgnoreCase("Estate Tax")): null

2024-11-07 21:15:09 - [TEST_STEP][PASSED] - if (CRN.equalsIgnoreCase("Y")): null

2024-11-07 21:15:09 - [TEST_STEP][PASSED] - else: Text 'MD Central Registration Number' is not present on page using regular expression

2024-11-07 21:15:09 - [TEST_STEP][PASSED] - verifyTextNotPresent("MD Central Registration Number", true): Text 'MD Central Registration Number' is not present on page using regular expression

2024-11-07 21:15:10 - [MESSAGE][PASSED] - Text 'MD Central Registration Number' is not present on page using regular expression

2024-11-07 21:15:10 - [TEST_STEP][PASSED] - if (MFLicNum.equalsIgnoreCase("Y")): null

2024-11-07 21:15:10 - [TEST_STEP][PASSED] - else: Text 'Motor Fuel License Number#:' is not present on page using regular expression

2024-11-07 21:15:10 - [TEST_STEP][PASSED] - verifyTextNotPresent("Motor Fuel License Number#:", true): Text 'Motor Fuel License Number#:' is not present on page using regular expression

2024-11-07 21:15:10 - [MESSAGE][PASSED] - Text 'Motor Fuel License Number#:' is not present on page using regular expression

2024-11-07 21:15:10 - [TEST_STEP][PASSED] - verifyTextPresent("Payment Amount:", true): Text 'Payment Amount:' is present on page  using regular expression

2024-11-07 21:15:11 - [MESSAGE][PASSED] - Text 'Payment Amount:' is present on page  using regular expression

2024-11-07 21:15:11 - [TEST_STEP][PASSED] - verifyTextPresent("100.00", true): Text '100.00' is present on page  using regular expression

2024-11-07 21:15:11 - [MESSAGE][PASSED] - Text '100.00' is present on page  using regular expression

2024-11-07 21:15:11 - [TEST_STEP][PASSED] - if (verifyElementVisible(findTestObject(orPath_Summary + "/button_Proceed to Payment"))): null

2024-11-07 21:15:11 - [MESSAGE][PASSED] - Object 'Object Repository/RAD_Pages/Summary_Page/button_Proceed to Payment' is visible

2024-11-07 21:15:11 - [TEST_STEP][PASSED] - resText = "Pass": null

2024-11-07 21:15:11 - [TEST_STEP][PASSED] - pages.WriteExcel.demoKey(resText, datText, resColumn, datCloumn, fileLoc, nameSheet, row): pages.WriteExcel.demoKey is PASSED

2024-11-07 21:15:12 - [MESSAGE][PASSED] - pages.WriteExcel.demoKey is PASSED

2024-11-07 21:15:12 - [TEST_STEP][PASSED] - click(findTestObject(orPath_Summary + "/button_Proceed to Payment")): Object: 'Object Repository/RAD_Pages/Summary_Page/button_Proceed to Payment' is clicked on

2024-11-07 21:15:16 - [MESSAGE][PASSED] - Object: 'Object Repository/RAD_Pages/Summary_Page/button_Proceed to Payment' is clicked on

2024-11-07 21:15:16 - [TEST_STEP][PASSED] - verifyElementPresent(findTestObject("Object Repository/RAD_Pages/PaymentEntry_Page/input__billingName"), 30): Object 'Object Repository/RAD_Pages/PaymentEntry_Page/input__billingName' is present

2024-11-07 21:15:16 - [MESSAGE][PASSED] - Object 'Object Repository/RAD_Pages/PaymentEntry_Page/input__billingName' is present

2024-11-07 21:15:16 - [TEST_STEP][PASSED] - ExecuteTC = findTestData(dataFile).getValue("Execute", row): null

2024-11-07 21:15:16 - [TEST_STEP][PASSED] - TaxType = findTestData(dataFile).getValue("TaxType", row): null

2024-11-07 21:15:16 - [TEST_STEP][PASSED] - PaymentType = findTestData(dataFile).getValue("PaymentType", row): null

2024-11-07 21:15:16 - [TEST_STEP][PASSED] - FilingYear = findTestData(dataFile).getValue("Year", row): null

2024-11-07 21:15:17 - [TEST_STEP][PASSED] - feinSSN = findTestData(dataFile).getValue("FeinSsn", row): null

2024-11-07 21:15:17 - [TEST_STEP][PASSED] - CRN = findTestData(dataFile).getValue("CRN", row): null

2024-11-07 21:15:17 - [TEST_STEP][PASSED] - month = findTestData(dataFile).getValue("Month", row): null

2024-11-07 21:15:17 - [TEST_STEP][PASSED] - MFLicNum = findTestData(dataFile).getValue("MFLicNum", row): null

2024-11-07 21:15:17 - [TEST_STEP][PASSED] - if (ExecuteTC.equalsIgnoreCase("Y")): Object 'Object Repository/RAD_Pages/PaymentEntry_Page/input__billingName' is present

2024-11-07 21:15:17 - [TEST_STEP][PASSED] - out.println("Begin Record Number: " + row): null

2024-11-07 21:15:17 - [TEST_STEP][PASSED] - today = new java.util.Date(): null

2024-11-07 21:15:17 - [TEST_STEP][PASSED] - println(today): null

2024-11-07 21:15:17 - [TEST_STEP][PASSED] - datText = today: null

2024-11-07 21:15:17 - [TEST_STEP][PASSED] - logInfo("Payment Type: New Tax Return Amount Due"): Payment Type: New Tax Return Amount Due

2024-11-07 21:15:17 - [MESSAGE][INFO] - Payment Type: New Tax Return Amount Due

2024-11-07 21:15:17 - [TEST_STEP][PASSED] - logInfo("Tax Type: " + TaxType): Tax Type: Fiduciary Tax

2024-11-07 21:15:17 - [MESSAGE][INFO] - Tax Type: Fiduciary Tax

2024-11-07 21:15:17 - [TEST_STEP][PASSED] - openBrowser(""): Browser is opened with url: ''

2024-11-07 21:15:17 - [MESSAGE][WARNING] - A browser is already opened. Closing browser and opening a new one

2024-11-07 21:15:21 - [MESSAGE][INFO] - Starting 'Chrome' driver

2024-11-07 21:15:21 - [MESSAGE][INFO] - User set preference: ['acceptInsecureCerts', 'true']

2024-11-07 21:15:21 - [MESSAGE][INFO] - Action delay is set to 0 milliseconds

2024-11-07 21:15:24 - [MESSAGE][PASSED] - Browser is opened with url: ''

2024-11-07 21:15:24 - [TEST_STEP][PASSED] - maximizeWindow(): Current window maximized

2024-11-07 21:15:24 - [MESSAGE][PASSED] - Current window maximized

2024-11-07 21:15:24 - [TEST_STEP][PASSED] - navigateToUrl(RADurl): Navigate to 'https://www.velocitypayment.com/client/rad/index.html' successfully

2024-11-07 21:15:26 - [MESSAGE][PASSED] - Navigate to 'https://www.velocitypayment.com/client/rad/index.html' successfully

2024-11-07 21:15:26 - [TEST_STEP][PASSED] - selectOptionByLabel(findTestObject(orPath_Landing + "/dd_TaxType"), "New Tax Return Amount Due", false): All options with label 'New Tax Return Amount Due' are selected in object 'Object Repository/RAD_Pages/Landing_Page/dd_TaxType' 

2024-11-07 21:15:27 - [MESSAGE][PASSED] - All options with label 'New Tax Return Amount Due' are selected in object 'Object Repository/RAD_Pages/Landing_Page/dd_TaxType' 

2024-11-07 21:15:27 - [TEST_STEP][PASSED] - selectOptionByLabel(findTestObject("Object Repository/RAD_Pages/Landing_Page/select_NewTaxReturnAmountDue_TaxType"), TaxType, false): All options with label 'Fiduciary Tax' are selected in object 'Object Repository/RAD_Pages/Landing_Page/select_NewTaxReturnAmountDue_TaxType' 

2024-11-07 21:15:28 - [MESSAGE][PASSED] - All options with label 'Fiduciary Tax' are selected in object 'Object Repository/RAD_Pages/Landing_Page/select_NewTaxReturnAmountDue_TaxType' 

2024-11-07 21:15:28 - [TEST_STEP][PASSED] - selectOptionByLabel(findTestObject(orPath_TaxTypeFilingYear + "/select_FilingYear"), FilingYear, false): All options with label '2021' are selected in object 'Object Repository/RAD_Pages/TaxTypeFilingYear_Page/select_FilingYear' 

2024-11-07 21:15:29 - [MESSAGE][PASSED] - All options with label '2021' are selected in object 'Object Repository/RAD_Pages/TaxTypeFilingYear_Page/select_FilingYear' 

2024-11-07 21:15:29 - [TEST_STEP][PASSED] - if (month.trim()): null

2024-11-07 21:15:29 - [TEST_STEP][PASSED] - rad.getSetDataRAD.setDataRADBusinessName(): rad.getSetDataRAD.setDataRADBusinessName is PASSED

2024-11-07 21:15:30 - [MESSAGE][PASSED] - Text 'My Company' is set on object 'Object Repository/RAD_Pages/Taxpayer_Page/input_businessName'

2024-11-07 21:15:30 - [MESSAGE][PASSED] - rad.getSetDataRAD.setDataRADBusinessName is PASSED

2024-11-07 21:15:30 - [TEST_STEP][PASSED] - rad.getSetDataRAD.setDataRADBusinessRep(): rad.getSetDataRAD.setDataRADBusinessRep is PASSED

2024-11-07 21:15:30 - [MESSAGE][PASSED] - Text 'BusRepFname' is set on object 'Object Repository/RAD_Pages/Taxpayer_Page/input_BusinessRepfirstName'

2024-11-07 21:15:31 - [MESSAGE][PASSED] - Text '' is set on object 'Object Repository/RAD_Pages/Taxpayer_Page/input_BusinessRepmiddleName'

2024-11-07 21:15:32 - [MESSAGE][PASSED] - Text 'BusRepLname' is set on object 'Object Repository/RAD_Pages/Taxpayer_Page/input_BusinessReplastName'

2024-11-07 21:15:32 - [MESSAGE][PASSED] - Text '' is set on object 'Object Repository/RAD_Pages/Taxpayer_Page/input_BusinessRepsuffix'

2024-11-07 21:15:32 - [MESSAGE][PASSED] - rad.getSetDataRAD.setDataRADBusinessRep is PASSED

2024-11-07 21:15:32 - [TEST_STEP][PASSED] - rad.getSetDataRAD.setDataRADAddress(): rad.getSetDataRAD.setDataRADAddress is PASSED

2024-11-07 21:15:33 - [MESSAGE][PASSED] - All options with label 'United States' are selected in object 'Object Repository/RAD_Pages/AddressAndContactInfo_Page/select_Country' 

2024-11-07 21:15:34 - [MESSAGE][PASSED] - Text '2508 Mandan Terrace' is set on object 'Object Repository/RAD_Pages/AddressAndContactInfo_Page/input_streetAddress1'

2024-11-07 21:15:34 - [MESSAGE][PASSED] - Text '' is set on object 'Object Repository/RAD_Pages/AddressAndContactInfo_Page/input_streetAddress2'

2024-11-07 21:15:35 - [MESSAGE][PASSED] - Text 'Gambrills' is set on object 'Object Repository/RAD_Pages/AddressAndContactInfo_Page/input_city'

2024-11-07 21:15:36 - [MESSAGE][PASSED] - All options with label 'Maryland' are selected in object 'Object Repository/RAD_Pages/AddressAndContactInfo_Page/select_State' 

2024-11-07 21:15:37 - [MESSAGE][PASSED] - Text '21054' is set on object 'Object Repository/RAD_Pages/AddressAndContactInfo_Page/input_zipCode'

2024-11-07 21:15:37 - [MESSAGE][PASSED] - Text '(703) 894-5000' is set on object 'Object Repository/RAD_Pages/AddressAndContactInfo_Page/input_phoneNumber'

2024-11-07 21:15:38 - [MESSAGE][PASSED] - Text 'iahmed@govolution.com' is set on object 'Object Repository/RAD_Pages/AddressAndContactInfo_Page/input_eMailAddress'

2024-11-07 21:15:39 - [MESSAGE][PASSED] - Text 'iahmed@govolution.com' is set on object 'Object Repository/RAD_Pages/AddressAndContactInfo_Page/input_reEnterEMailAddress'

2024-11-07 21:15:39 - [MESSAGE][PASSED] - rad.getSetDataRAD.setDataRADAddress is PASSED

2024-11-07 21:15:39 - [TEST_STEP][PASSED] - if (feinSSN.equalsIgnoreCase("Y")): null

2024-11-07 21:15:39 - [TEST_STEP][PASSED] - else: Text ****** has been set on object 'Object Repository/RAD_Pages/TaxInfo_Page/input_FederalEIN_ReEnter'

2024-11-07 21:15:39 - [TEST_STEP][PASSED] - if (!(TaxType.equalsIgnoreCase("Estate Tax"))): Text ****** has been set on object 'Object Repository/RAD_Pages/TaxInfo_Page/input_FederalEIN_ReEnter'

2024-11-07 21:15:39 - [TEST_STEP][PASSED] - setEncryptedText(findTestObject(orPath_TaxInfo + "/input_FederalEIN"), "yXB7JMCbD3QoFF75EQd3iw=="): Text ****** has been set on object 'Object Repository/RAD_Pages/TaxInfo_Page/input_FederalEIN'

2024-11-07 21:15:40 - [MESSAGE][PASSED] - Text ****** has been set on object 'Object Repository/RAD_Pages/TaxInfo_Page/input_FederalEIN'

2024-11-07 21:15:40 - [TEST_STEP][PASSED] - setEncryptedText(findTestObject(orPath_TaxInfo + "/input_FederalEIN_ReEnter"), "yXB7JMCbD3QoFF75EQd3iw=="): Text ****** has been set on object 'Object Repository/RAD_Pages/TaxInfo_Page/input_FederalEIN_ReEnter'

2024-11-07 21:15:40 - [MESSAGE][PASSED] - Text ****** has been set on object 'Object Repository/RAD_Pages/TaxInfo_Page/input_FederalEIN_ReEnter'

2024-11-07 21:15:40 - [TEST_STEP][PASSED] - if (CRN.equalsIgnoreCase("Y")): null

2024-11-07 21:15:40 - [TEST_STEP][PASSED] - if (MFLicNum.equalsIgnoreCase("Y")): null

2024-11-07 21:15:40 - [TEST_STEP][PASSED] - if (TaxType.equalsIgnoreCase("Estate Tax")): null

2024-11-07 21:15:40 - [TEST_STEP][PASSED] - setText(findTestObject(orPath_Amount + "/input__paymentAmount"), "100.00"): Text '100.00' is set on object 'Object Repository/RAD_Pages/PaymentAmount_Page/input__paymentAmount'

2024-11-07 21:15:41 - [MESSAGE][PASSED] - Text '100.00' is set on object 'Object Repository/RAD_Pages/PaymentAmount_Page/input__paymentAmount'

2024-11-07 21:15:41 - [TEST_STEP][PASSED] - setText(findTestObject(orPath_AddressContact + "/input_streetAddress2"), ""): Text '' is set on object 'Object Repository/RAD_Pages/AddressAndContactInfo_Page/input_streetAddress2'

2024-11-07 21:15:42 - [MESSAGE][PASSED] - Text '' is set on object 'Object Repository/RAD_Pages/AddressAndContactInfo_Page/input_streetAddress2'

2024-11-07 21:15:42 - [TEST_STEP][PASSED] - scrollToElement(findTestObject(orPath_Landing + "/button_Continue"), 3): Scroll to object 'Object Repository/RAD_Pages/Landing_Page/button_Continue' successfully

2024-11-07 21:15:42 - [MESSAGE][PASSED] - Scroll to object 'Object Repository/RAD_Pages/Landing_Page/button_Continue' successfully

2024-11-07 21:15:42 - [TEST_STEP][PASSED] - waitForElementClickable(findTestObject(orPath_Landing + "/button_Continue"), 5): Object 'Object Repository/RAD_Pages/Landing_Page/button_Continue' is clickable

2024-11-07 21:15:42 - [MESSAGE][PASSED] - Object 'Object Repository/RAD_Pages/Landing_Page/button_Continue' is clickable

2024-11-07 21:15:42 - [TEST_STEP][PASSED] - click(findTestObject(orPath_Landing + "/button_Continue")): Object: 'Object Repository/RAD_Pages/Landing_Page/button_Continue' is clicked on

2024-11-07 21:15:43 - [MESSAGE][PASSED] - Object: 'Object Repository/RAD_Pages/Landing_Page/button_Continue' is clicked on

2024-11-07 21:15:43 - [TEST_STEP][PASSED] - delay(2): Delayed 2 second(s)

2024-11-07 21:15:45 - [MESSAGE][PASSED] - Delayed 2 second(s)

2024-11-07 21:15:45 - [TEST_STEP][PASSED] - verifyTextPresent("Summary", true): Text 'Summary' is present on page  using regular expression

2024-11-07 21:15:45 - [MESSAGE][PASSED] - Text 'Summary' is present on page  using regular expression

2024-11-07 21:15:45 - [TEST_STEP][PASSED] - verifyTextPresent("Review the information below and make any necessary corrections by clicking the", true): Text 'Review the information below and make any necessary corrections by clicking the' is present on page  using regular expression

2024-11-07 21:15:45 - [MESSAGE][PASSED] - Text 'Review the information below and make any necessary corrections by clicking the' is present on page  using regular expression

2024-11-07 21:15:45 - [TEST_STEP][PASSED] - verifyTextPresent("When you are confident that all the information is correct, click the", true): Text 'When you are confident that all the information is correct, click the' is present on page  using regular expression

2024-11-07 21:15:46 - [MESSAGE][PASSED] - Text 'When you are confident that all the information is correct, click the' is present on page  using regular expression

2024-11-07 21:15:46 - [TEST_STEP][PASSED] - verifyTextPresent("Payment Type/Filing Year", true): Text 'Payment Type/Filing Year' is present on page  using regular expression

2024-11-07 21:15:46 - [MESSAGE][PASSED] - Text 'Payment Type/Filing Year' is present on page  using regular expression

2024-11-07 21:15:46 - [TEST_STEP][PASSED] - verifyTextPresent("Payment Type:", true): Text 'Payment Type:' is present on page  using regular expression

2024-11-07 21:15:46 - [MESSAGE][PASSED] - Text 'Payment Type:' is present on page  using regular expression

2024-11-07 21:15:46 - [TEST_STEP][PASSED] - verifyTextPresent("New Tax Return Amount Due", true): Text 'New Tax Return Amount Due' is present on page  using regular expression

2024-11-07 21:15:47 - [MESSAGE][PASSED] - Text 'New Tax Return Amount Due' is present on page  using regular expression

2024-11-07 21:15:47 - [TEST_STEP][PASSED] - verifyTextPresent("Filing Year:", true): Text 'Filing Year:' is present on page  using regular expression

2024-11-07 21:15:47 - [MESSAGE][PASSED] - Text 'Filing Year:' is present on page  using regular expression

2024-11-07 21:15:47 - [TEST_STEP][PASSED] - verifyTextPresent(FilingYear, true): Text '2021' is present on page  using regular expression

2024-11-07 21:15:47 - [MESSAGE][PASSED] - Text '2021' is present on page  using regular expression

2024-11-07 21:15:47 - [TEST_STEP][PASSED] - verifyTextPresent("Payer Information", true): Text 'Payer Information' is present on page  using regular expression

2024-11-07 21:15:48 - [MESSAGE][PASSED] - Text 'Payer Information' is present on page  using regular expression

2024-11-07 21:15:48 - [TEST_STEP][PASSED] - verifyTextPresent("Taxpayer Name:", true): Text 'Taxpayer Name:' is present on page  using regular expression

2024-11-07 21:15:48 - [MESSAGE][PASSED] - Text 'Taxpayer Name:' is present on page  using regular expression

2024-11-07 21:15:48 - [TEST_STEP][PASSED] - verifyTextPresent("My Company", true): Text 'My Company' is present on page  using regular expression

2024-11-07 21:15:48 - [MESSAGE][PASSED] - Text 'My Company' is present on page  using regular expression

2024-11-07 21:15:48 - [TEST_STEP][PASSED] - verifyTextPresent("Business Rep Name:", true): Text 'Business Rep Name:' is present on page  using regular expression

2024-11-07 21:15:49 - [MESSAGE][PASSED] - Text 'Business Rep Name:' is present on page  using regular expression

2024-11-07 21:15:49 - [TEST_STEP][PASSED] - verifyTextPresent("BusRepFname BusRepLname", true): Text 'BusRepFname BusRepLname' is present on page  using regular expression

2024-11-07 21:15:49 - [MESSAGE][PASSED] - Text 'BusRepFname BusRepLname' is present on page  using regular expression

2024-11-07 21:15:49 - [TEST_STEP][PASSED] - verifyTextPresent("Taxpayer Address:", true): Text 'Taxpayer Address:' is present on page  using regular expression

2024-11-07 21:15:49 - [MESSAGE][PASSED] - Text 'Taxpayer Address:' is present on page  using regular expression

2024-11-07 21:15:49 - [TEST_STEP][PASSED] - verifyTextPresent("2508 Mandan Terrace Gambrills Maryland 21054", true): Text '2508 Mandan Terrace Gambrills Maryland 21054' is present on page  using regular expression

2024-11-07 21:15:49 - [MESSAGE][PASSED] - Text '2508 Mandan Terrace Gambrills Maryland 21054' is present on page  using regular expression

2024-11-07 21:15:50 - [TEST_STEP][PASSED] - verifyTextPresent("Email:", true): Text 'Email:' is present on page  using regular expression

2024-11-07 21:15:50 - [MESSAGE][PASSED] - Text 'Email:' is present on page  using regular expression

2024-11-07 21:15:50 - [TEST_STEP][PASSED] - verifyTextPresent("iahmed@govolution.com", true): Text 'iahmed@govolution.com' is present on page  using regular expression

2024-11-07 21:15:50 - [MESSAGE][PASSED] - Text 'iahmed@govolution.com' is present on page  using regular expression

2024-11-07 21:15:50 - [TEST_STEP][PASSED] - verifyTextPresent("Phone:", true): Text 'Phone:' is present on page  using regular expression

2024-11-07 21:15:50 - [MESSAGE][PASSED] - Text 'Phone:' is present on page  using regular expression

2024-11-07 21:15:50 - [TEST_STEP][PASSED] - verifyTextPresent("(703) 894-5000", false): Text '(703) 894-5000' is present on page 

2024-11-07 21:15:51 - [MESSAGE][PASSED] - Text '(703) 894-5000' is present on page 

2024-11-07 21:15:51 - [TEST_STEP][PASSED] - verifyTextPresent("Tax Information", true): Text 'Tax Information' is present on page  using regular expression

2024-11-07 21:15:51 - [MESSAGE][PASSED] - Text 'Tax Information' is present on page  using regular expression

2024-11-07 21:15:51 - [TEST_STEP][PASSED] - verifyTextNotPresent("Notice Number", true): Text 'Notice Number' is not present on page using regular expression

2024-11-07 21:15:51 - [MESSAGE][PASSED] - Text 'Notice Number' is not present on page using regular expression

2024-11-07 21:15:51 - [TEST_STEP][PASSED] - if (month.trim()): null

2024-11-07 21:15:51 - [TEST_STEP][PASSED] - else: Text 'Period Ending' is not present on page using regular expression

2024-11-07 21:15:51 - [TEST_STEP][PASSED] - verifyTextNotPresent("Period Ending", true): Text 'Period Ending' is not present on page using regular expression

2024-11-07 21:15:52 - [MESSAGE][PASSED] - Text 'Period Ending' is not present on page using regular expression

2024-11-07 21:15:52 - [TEST_STEP][PASSED] - if (feinSSN.equalsIgnoreCase("Y")): null

2024-11-07 21:15:52 - [TEST_STEP][PASSED] - else: Text 'XXXXXXX87' is present on page  using regular expression

2024-11-07 21:15:52 - [TEST_STEP][PASSED] - if (!(TaxType.equalsIgnoreCase("Estate Tax"))): Text 'XXXXXXX87' is present on page  using regular expression

2024-11-07 21:15:52 - [TEST_STEP][PASSED] - verifyTextPresent("Federal EIN:", true): Text 'Federal EIN:' is present on page  using regular expression

2024-11-07 21:15:52 - [MESSAGE][PASSED] - Text 'Federal EIN:' is present on page  using regular expression

2024-11-07 21:15:52 - [TEST_STEP][PASSED] - verifyTextNotPresent("FEIN/SSN:", true): Text 'FEIN/SSN:' is not present on page using regular expression

2024-11-07 21:15:52 - [MESSAGE][PASSED] - Text 'FEIN/SSN:' is not present on page using regular expression

2024-11-07 21:15:52 - [TEST_STEP][PASSED] - verifyTextPresent("XXXXXXX87", true): Text 'XXXXXXX87' is present on page  using regular expression

2024-11-07 21:15:53 - [MESSAGE][PASSED] - Text 'XXXXXXX87' is present on page  using regular expression

2024-11-07 21:15:53 - [TEST_STEP][PASSED] - if (TaxType.equalsIgnoreCase("Estate Tax")): null

2024-11-07 21:15:53 - [TEST_STEP][PASSED] - if (CRN.equalsIgnoreCase("Y")): null

2024-11-07 21:15:53 - [TEST_STEP][PASSED] - else: Text 'MD Central Registration Number' is not present on page using regular expression

2024-11-07 21:15:53 - [TEST_STEP][PASSED] - verifyTextNotPresent("MD Central Registration Number", true): Text 'MD Central Registration Number' is not present on page using regular expression

2024-11-07 21:15:53 - [MESSAGE][PASSED] - Text 'MD Central Registration Number' is not present on page using regular expression

2024-11-07 21:15:53 - [TEST_STEP][PASSED] - if (MFLicNum.equalsIgnoreCase("Y")): null

2024-11-07 21:15:53 - [TEST_STEP][PASSED] - else: Text 'Motor Fuel License Number#:' is not present on page using regular expression

2024-11-07 21:15:53 - [TEST_STEP][PASSED] - verifyTextNotPresent("Motor Fuel License Number#:", true): Text 'Motor Fuel License Number#:' is not present on page using regular expression

2024-11-07 21:15:53 - [MESSAGE][PASSED] - Text 'Motor Fuel License Number#:' is not present on page using regular expression

2024-11-07 21:15:53 - [TEST_STEP][PASSED] - verifyTextPresent("Payment Amount:", true): Text 'Payment Amount:' is present on page  using regular expression

2024-11-07 21:15:54 - [MESSAGE][PASSED] - Text 'Payment Amount:' is present on page  using regular expression

2024-11-07 21:15:54 - [TEST_STEP][PASSED] - verifyTextPresent("100.00", true): Text '100.00' is present on page  using regular expression

2024-11-07 21:15:54 - [MESSAGE][PASSED] - Text '100.00' is present on page  using regular expression

2024-11-07 21:15:54 - [TEST_STEP][PASSED] - if (verifyElementVisible(findTestObject(orPath_Summary + "/button_Proceed to Payment"))): null

2024-11-07 21:15:54 - [MESSAGE][PASSED] - Object 'Object Repository/RAD_Pages/Summary_Page/button_Proceed to Payment' is visible

2024-11-07 21:15:54 - [TEST_STEP][PASSED] - resText = "Pass": null

2024-11-07 21:15:54 - [TEST_STEP][PASSED] - pages.WriteExcel.demoKey(resText, datText, resColumn, datCloumn, fileLoc, nameSheet, row): pages.WriteExcel.demoKey is PASSED

2024-11-07 21:15:54 - [MESSAGE][PASSED] - pages.WriteExcel.demoKey is PASSED

2024-11-07 21:15:54 - [TEST_STEP][PASSED] - click(findTestObject(orPath_Summary + "/button_Proceed to Payment")): Object: 'Object Repository/RAD_Pages/Summary_Page/button_Proceed to Payment' is clicked on

2024-11-07 21:15:57 - [MESSAGE][PASSED] - Object: 'Object Repository/RAD_Pages/Summary_Page/button_Proceed to Payment' is clicked on

2024-11-07 21:15:57 - [TEST_STEP][PASSED] - verifyElementPresent(findTestObject("Object Repository/RAD_Pages/PaymentEntry_Page/input__billingName"), 30): Object 'Object Repository/RAD_Pages/PaymentEntry_Page/input__billingName' is present

2024-11-07 21:15:58 - [MESSAGE][PASSED] - Object 'Object Repository/RAD_Pages/PaymentEntry_Page/input__billingName' is present

2024-11-07 21:15:58 - [TEST_STEP][PASSED] - ExecuteTC = findTestData(dataFile).getValue("Execute", row): null

2024-11-07 21:15:58 - [TEST_STEP][PASSED] - TaxType = findTestData(dataFile).getValue("TaxType", row): null

2024-11-07 21:15:58 - [TEST_STEP][PASSED] - PaymentType = findTestData(dataFile).getValue("PaymentType", row): null

2024-11-07 21:15:58 - [TEST_STEP][PASSED] - FilingYear = findTestData(dataFile).getValue("Year", row): null

2024-11-07 21:15:58 - [TEST_STEP][PASSED] - feinSSN = findTestData(dataFile).getValue("FeinSsn", row): null

2024-11-07 21:15:58 - [TEST_STEP][PASSED] - CRN = findTestData(dataFile).getValue("CRN", row): null

2024-11-07 21:15:59 - [TEST_STEP][PASSED] - month = findTestData(dataFile).getValue("Month", row): null

2024-11-07 21:15:59 - [TEST_STEP][PASSED] - MFLicNum = findTestData(dataFile).getValue("MFLicNum", row): null

2024-11-07 21:15:59 - [TEST_STEP][PASSED] - if (ExecuteTC.equalsIgnoreCase("Y")): Object 'Object Repository/RAD_Pages/PaymentEntry_Page/input__billingName' is present

2024-11-07 21:15:59 - [TEST_STEP][PASSED] - out.println("Begin Record Number: " + row): null

2024-11-07 21:15:59 - [TEST_STEP][PASSED] - today = new java.util.Date(): null

2024-11-07 21:15:59 - [TEST_STEP][PASSED] - println(today): null

2024-11-07 21:15:59 - [TEST_STEP][PASSED] - datText = today: null

2024-11-07 21:15:59 - [TEST_STEP][PASSED] - logInfo("Payment Type: New Tax Return Amount Due"): Payment Type: New Tax Return Amount Due

2024-11-07 21:15:59 - [MESSAGE][INFO] - Payment Type: New Tax Return Amount Due

2024-11-07 21:15:59 - [TEST_STEP][PASSED] - logInfo("Tax Type: " + TaxType): Tax Type: PTE Non-Electing Non-S Corp

2024-11-07 21:15:59 - [MESSAGE][INFO] - Tax Type: PTE Non-Electing Non-S Corp

2024-11-07 21:15:59 - [TEST_STEP][PASSED] - openBrowser(""): Browser is opened with url: ''

2024-11-07 21:15:59 - [MESSAGE][WARNING] - A browser is already opened. Closing browser and opening a new one

2024-11-07 21:16:04 - [MESSAGE][INFO] - Starting 'Chrome' driver

2024-11-07 21:16:04 - [MESSAGE][INFO] - User set preference: ['acceptInsecureCerts', 'true']

2024-11-07 21:16:04 - [MESSAGE][INFO] - Action delay is set to 0 milliseconds

2024-11-07 21:16:11 - [MESSAGE][PASSED] - Browser is opened with url: ''

2024-11-07 21:16:11 - [TEST_STEP][PASSED] - maximizeWindow(): Current window maximized

2024-11-07 21:16:11 - [MESSAGE][PASSED] - Current window maximized

2024-11-07 21:16:11 - [TEST_STEP][PASSED] - navigateToUrl(RADurl): Navigate to 'https://www.velocitypayment.com/client/rad/index.html' successfully

2024-11-07 21:16:11 - [MESSAGE][PASSED] - Navigate to 'https://www.velocitypayment.com/client/rad/index.html' successfully

2024-11-07 21:16:11 - [TEST_STEP][PASSED] - selectOptionByLabel(findTestObject(orPath_Landing + "/dd_TaxType"), "New Tax Return Amount Due", false): All options with label 'New Tax Return Amount Due' are selected in object 'Object Repository/RAD_Pages/Landing_Page/dd_TaxType' 

2024-11-07 21:16:17 - [MESSAGE][PASSED] - All options with label 'New Tax Return Amount Due' are selected in object 'Object Repository/RAD_Pages/Landing_Page/dd_TaxType' 

2024-11-07 21:16:17 - [TEST_STEP][PASSED] - selectOptionByLabel(findTestObject("Object Repository/RAD_Pages/Landing_Page/select_NewTaxReturnAmountDue_TaxType"), TaxType, false): All options with label 'PTE Non-Electing Non-S Corp' are selected in object 'Object Repository/RAD_Pages/Landing_Page/select_NewTaxReturnAmountDue_TaxType' 

2024-11-07 21:16:17 - [MESSAGE][PASSED] - All options with label 'PTE Non-Electing Non-S Corp' are selected in object 'Object Repository/RAD_Pages/Landing_Page/select_NewTaxReturnAmountDue_TaxType' 

2024-11-07 21:16:17 - [TEST_STEP][PASSED] - selectOptionByLabel(findTestObject(orPath_TaxTypeFilingYear + "/select_FilingYear"), FilingYear, false): All options with label '2021' are selected in object 'Object Repository/RAD_Pages/TaxTypeFilingYear_Page/select_FilingYear' 

2024-11-07 21:16:18 - [MESSAGE][PASSED] - All options with label '2021' are selected in object 'Object Repository/RAD_Pages/TaxTypeFilingYear_Page/select_FilingYear' 

2024-11-07 21:16:18 - [TEST_STEP][PASSED] - if (month.trim()): null

2024-11-07 21:16:18 - [TEST_STEP][PASSED] - rad.getSetDataRAD.setDataRADBusinessName(): rad.getSetDataRAD.setDataRADBusinessName is PASSED

2024-11-07 21:16:19 - [MESSAGE][PASSED] - Text 'My Company' is set on object 'Object Repository/RAD_Pages/Taxpayer_Page/input_businessName'

2024-11-07 21:16:19 - [MESSAGE][PASSED] - rad.getSetDataRAD.setDataRADBusinessName is PASSED

2024-11-07 21:16:19 - [TEST_STEP][PASSED] - rad.getSetDataRAD.setDataRADBusinessRep(): rad.getSetDataRAD.setDataRADBusinessRep is PASSED

2024-11-07 21:16:20 - [MESSAGE][PASSED] - Text 'BusRepFname' is set on object 'Object Repository/RAD_Pages/Taxpayer_Page/input_BusinessRepfirstName'

2024-11-07 21:16:21 - [MESSAGE][PASSED] - Text '' is set on object 'Object Repository/RAD_Pages/Taxpayer_Page/input_BusinessRepmiddleName'

2024-11-07 21:16:22 - [MESSAGE][PASSED] - Text 'BusRepLname' is set on object 'Object Repository/RAD_Pages/Taxpayer_Page/input_BusinessReplastName'

2024-11-07 21:16:23 - [MESSAGE][PASSED] - Text '' is set on object 'Object Repository/RAD_Pages/Taxpayer_Page/input_BusinessRepsuffix'

2024-11-07 21:16:23 - [MESSAGE][PASSED] - rad.getSetDataRAD.setDataRADBusinessRep is PASSED

2024-11-07 21:16:23 - [TEST_STEP][PASSED] - rad.getSetDataRAD.setDataRADAddress(): rad.getSetDataRAD.setDataRADAddress is PASSED

2024-11-07 21:16:23 - [MESSAGE][PASSED] - All options with label 'United States' are selected in object 'Object Repository/RAD_Pages/AddressAndContactInfo_Page/select_Country' 

2024-11-07 21:16:24 - [MESSAGE][PASSED] - Text '2508 Mandan Terrace' is set on object 'Object Repository/RAD_Pages/AddressAndContactInfo_Page/input_streetAddress1'

2024-11-07 21:16:25 - [MESSAGE][PASSED] - Text '' is set on object 'Object Repository/RAD_Pages/AddressAndContactInfo_Page/input_streetAddress2'

2024-11-07 21:16:25 - [MESSAGE][PASSED] - Text 'Gambrills' is set on object 'Object Repository/RAD_Pages/AddressAndContactInfo_Page/input_city'

2024-11-07 21:16:26 - [MESSAGE][PASSED] - All options with label 'Maryland' are selected in object 'Object Repository/RAD_Pages/AddressAndContactInfo_Page/select_State' 

2024-11-07 21:16:27 - [MESSAGE][PASSED] - Text '21054' is set on object 'Object Repository/RAD_Pages/AddressAndContactInfo_Page/input_zipCode'

2024-11-07 21:16:28 - [MESSAGE][PASSED] - Text '(703) 894-5000' is set on object 'Object Repository/RAD_Pages/AddressAndContactInfo_Page/input_phoneNumber'

2024-11-07 21:16:29 - [MESSAGE][PASSED] - Text 'iahmed@govolution.com' is set on object 'Object Repository/RAD_Pages/AddressAndContactInfo_Page/input_eMailAddress'

2024-11-07 21:16:29 - [MESSAGE][PASSED] - Text 'iahmed@govolution.com' is set on object 'Object Repository/RAD_Pages/AddressAndContactInfo_Page/input_reEnterEMailAddress'

2024-11-07 21:16:29 - [MESSAGE][PASSED] - rad.getSetDataRAD.setDataRADAddress is PASSED

2024-11-07 21:16:29 - [TEST_STEP][PASSED] - if (feinSSN.equalsIgnoreCase("Y")): Text ****** has been set on object 'Object Repository/RAD_Pages/TaxInfo_Page/input_TaxInfo_RetypeFeinSsn_New_2'

2024-11-07 21:16:29 - [TEST_STEP][PASSED] - setEncryptedText(findTestObject(orPath_TaxInfo + "/input_TaxInfo_FeinSsn_New_2"), "yXB7JMCbD3QoFF75EQd3iw=="): Text ****** has been set on object 'Object Repository/RAD_Pages/TaxInfo_Page/input_TaxInfo_FeinSsn_New_2'

2024-11-07 21:16:30 - [MESSAGE][PASSED] - Text ****** has been set on object 'Object Repository/RAD_Pages/TaxInfo_Page/input_TaxInfo_FeinSsn_New_2'

2024-11-07 21:16:30 - [TEST_STEP][PASSED] - setEncryptedText(findTestObject(orPath_TaxInfo + "/input_TaxInfo_RetypeFeinSsn_New_2"), "yXB7JMCbD3QoFF75EQd3iw=="): Text ****** has been set on object 'Object Repository/RAD_Pages/TaxInfo_Page/input_TaxInfo_RetypeFeinSsn_New_2'

2024-11-07 21:16:30 - [MESSAGE][PASSED] - Text ****** has been set on object 'Object Repository/RAD_Pages/TaxInfo_Page/input_TaxInfo_RetypeFeinSsn_New_2'

2024-11-07 21:16:31 - [TEST_STEP][PASSED] - if (CRN.equalsIgnoreCase("Y")): null

2024-11-07 21:16:31 - [TEST_STEP][PASSED] - if (MFLicNum.equalsIgnoreCase("Y")): null

2024-11-07 21:16:31 - [TEST_STEP][PASSED] - if (TaxType.equalsIgnoreCase("Estate Tax")): null

2024-11-07 21:16:31 - [TEST_STEP][PASSED] - setText(findTestObject(orPath_Amount + "/input__paymentAmount"), "100.00"): Text '100.00' is set on object 'Object Repository/RAD_Pages/PaymentAmount_Page/input__paymentAmount'

2024-11-07 21:16:31 - [MESSAGE][PASSED] - Text '100.00' is set on object 'Object Repository/RAD_Pages/PaymentAmount_Page/input__paymentAmount'

2024-11-07 21:16:31 - [TEST_STEP][PASSED] - setText(findTestObject(orPath_AddressContact + "/input_streetAddress2"), ""): Text '' is set on object 'Object Repository/RAD_Pages/AddressAndContactInfo_Page/input_streetAddress2'

2024-11-07 21:16:32 - [MESSAGE][PASSED] - Text '' is set on object 'Object Repository/RAD_Pages/AddressAndContactInfo_Page/input_streetAddress2'

2024-11-07 21:16:32 - [TEST_STEP][PASSED] - scrollToElement(findTestObject(orPath_Landing + "/button_Continue"), 3): Scroll to object 'Object Repository/RAD_Pages/Landing_Page/button_Continue' successfully

2024-11-07 21:16:32 - [MESSAGE][PASSED] - Scroll to object 'Object Repository/RAD_Pages/Landing_Page/button_Continue' successfully

2024-11-07 21:16:32 - [TEST_STEP][PASSED] - waitForElementClickable(findTestObject(orPath_Landing + "/button_Continue"), 5): Object 'Object Repository/RAD_Pages/Landing_Page/button_Continue' is clickable

2024-11-07 21:16:33 - [MESSAGE][PASSED] - Object 'Object Repository/RAD_Pages/Landing_Page/button_Continue' is clickable

2024-11-07 21:16:33 - [TEST_STEP][PASSED] - click(findTestObject(orPath_Landing + "/button_Continue")): Object: 'Object Repository/RAD_Pages/Landing_Page/button_Continue' is clicked on

2024-11-07 21:16:33 - [MESSAGE][PASSED] - Object: 'Object Repository/RAD_Pages/Landing_Page/button_Continue' is clicked on

2024-11-07 21:16:33 - [TEST_STEP][PASSED] - delay(2): Delayed 2 second(s)

2024-11-07 21:16:35 - [MESSAGE][PASSED] - Delayed 2 second(s)

2024-11-07 21:16:35 - [TEST_STEP][PASSED] - verifyTextPresent("Summary", true): Text 'Summary' is present on page  using regular expression

2024-11-07 21:16:35 - [MESSAGE][PASSED] - Text 'Summary' is present on page  using regular expression

2024-11-07 21:16:35 - [TEST_STEP][PASSED] - verifyTextPresent("Review the information below and make any necessary corrections by clicking the", true): Text 'Review the information below and make any necessary corrections by clicking the' is present on page  using regular expression

2024-11-07 21:16:36 - [MESSAGE][PASSED] - Text 'Review the information below and make any necessary corrections by clicking the' is present on page  using regular expression

2024-11-07 21:16:36 - [TEST_STEP][PASSED] - verifyTextPresent("When you are confident that all the information is correct, click the", true): Text 'When you are confident that all the information is correct, click the' is present on page  using regular expression

2024-11-07 21:16:36 - [MESSAGE][PASSED] - Text 'When you are confident that all the information is correct, click the' is present on page  using regular expression

2024-11-07 21:16:36 - [TEST_STEP][PASSED] - verifyTextPresent("Payment Type/Filing Year", true): Text 'Payment Type/Filing Year' is present on page  using regular expression

2024-11-07 21:16:36 - [MESSAGE][PASSED] - Text 'Payment Type/Filing Year' is present on page  using regular expression

2024-11-07 21:16:36 - [TEST_STEP][PASSED] - verifyTextPresent("Payment Type:", true): Text 'Payment Type:' is present on page  using regular expression

2024-11-07 21:16:37 - [MESSAGE][PASSED] - Text 'Payment Type:' is present on page  using regular expression

2024-11-07 21:16:37 - [TEST_STEP][PASSED] - verifyTextPresent("New Tax Return Amount Due", true): Text 'New Tax Return Amount Due' is present on page  using regular expression

2024-11-07 21:16:37 - [MESSAGE][PASSED] - Text 'New Tax Return Amount Due' is present on page  using regular expression

2024-11-07 21:16:37 - [TEST_STEP][PASSED] - verifyTextPresent("Filing Year:", true): Text 'Filing Year:' is present on page  using regular expression

2024-11-07 21:16:38 - [MESSAGE][PASSED] - Text 'Filing Year:' is present on page  using regular expression

2024-11-07 21:16:38 - [TEST_STEP][PASSED] - verifyTextPresent(FilingYear, true): Text '2021' is present on page  using regular expression

2024-11-07 21:16:38 - [MESSAGE][PASSED] - Text '2021' is present on page  using regular expression

2024-11-07 21:16:38 - [TEST_STEP][PASSED] - verifyTextPresent("Payer Information", true): Text 'Payer Information' is present on page  using regular expression

2024-11-07 21:16:38 - [MESSAGE][PASSED] - Text 'Payer Information' is present on page  using regular expression

2024-11-07 21:16:38 - [TEST_STEP][PASSED] - verifyTextPresent("Taxpayer Name:", true): Text 'Taxpayer Name:' is present on page  using regular expression

2024-11-07 21:16:39 - [MESSAGE][PASSED] - Text 'Taxpayer Name:' is present on page  using regular expression

2024-11-07 21:16:39 - [TEST_STEP][PASSED] - verifyTextPresent("My Company", true): Text 'My Company' is present on page  using regular expression

2024-11-07 21:16:39 - [MESSAGE][PASSED] - Text 'My Company' is present on page  using regular expression

2024-11-07 21:16:39 - [TEST_STEP][PASSED] - verifyTextPresent("Business Rep Name:", true): Text 'Business Rep Name:' is present on page  using regular expression

2024-11-07 21:16:39 - [MESSAGE][PASSED] - Text 'Business Rep Name:' is present on page  using regular expression

2024-11-07 21:16:39 - [TEST_STEP][PASSED] - verifyTextPresent("BusRepFname BusRepLname", true): Text 'BusRepFname BusRepLname' is present on page  using regular expression

2024-11-07 21:16:40 - [MESSAGE][PASSED] - Text 'BusRepFname BusRepLname' is present on page  using regular expression

2024-11-07 21:16:40 - [TEST_STEP][PASSED] - verifyTextPresent("Taxpayer Address:", true): Text 'Taxpayer Address:' is present on page  using regular expression

2024-11-07 21:16:40 - [MESSAGE][PASSED] - Text 'Taxpayer Address:' is present on page  using regular expression

2024-11-07 21:16:40 - [TEST_STEP][PASSED] - verifyTextPresent("2508 Mandan Terrace Gambrills Maryland 21054", true): Text '2508 Mandan Terrace Gambrills Maryland 21054' is present on page  using regular expression

2024-11-07 21:16:40 - [MESSAGE][PASSED] - Text '2508 Mandan Terrace Gambrills Maryland 21054' is present on page  using regular expression

2024-11-07 21:16:40 - [TEST_STEP][PASSED] - verifyTextPresent("Email:", true): Text 'Email:' is present on page  using regular expression

2024-11-07 21:16:40 - [MESSAGE][PASSED] - Text 'Email:' is present on page  using regular expression

2024-11-07 21:16:40 - [TEST_STEP][PASSED] - verifyTextPresent("iahmed@govolution.com", true): Text 'iahmed@govolution.com' is present on page  using regular expression

2024-11-07 21:16:41 - [MESSAGE][PASSED] - Text 'iahmed@govolution.com' is present on page  using regular expression

2024-11-07 21:16:41 - [TEST_STEP][PASSED] - verifyTextPresent("Phone:", true): Text 'Phone:' is present on page  using regular expression

2024-11-07 21:16:41 - [MESSAGE][PASSED] - Text 'Phone:' is present on page  using regular expression

2024-11-07 21:16:41 - [TEST_STEP][PASSED] - verifyTextPresent("(703) 894-5000", false): Text '(703) 894-5000' is present on page 

2024-11-07 21:16:41 - [MESSAGE][PASSED] - Text '(703) 894-5000' is present on page 

2024-11-07 21:16:41 - [TEST_STEP][PASSED] - verifyTextPresent("Tax Information", true): Text 'Tax Information' is present on page  using regular expression

2024-11-07 21:16:42 - [MESSAGE][PASSED] - Text 'Tax Information' is present on page  using regular expression

2024-11-07 21:16:42 - [TEST_STEP][PASSED] - verifyTextNotPresent("Notice Number", true): Text 'Notice Number' is not present on page using regular expression

2024-11-07 21:16:42 - [MESSAGE][PASSED] - Text 'Notice Number' is not present on page using regular expression

2024-11-07 21:16:42 - [TEST_STEP][PASSED] - if (month.trim()): null

2024-11-07 21:16:42 - [TEST_STEP][PASSED] - else: Text 'Period Ending' is not present on page using regular expression

2024-11-07 21:16:42 - [TEST_STEP][PASSED] - verifyTextNotPresent("Period Ending", true): Text 'Period Ending' is not present on page using regular expression

2024-11-07 21:16:42 - [MESSAGE][PASSED] - Text 'Period Ending' is not present on page using regular expression

2024-11-07 21:16:42 - [TEST_STEP][PASSED] - if (feinSSN.equalsIgnoreCase("Y")): Text 'XXXXX6187' is present on page  using regular expression

2024-11-07 21:16:42 - [TEST_STEP][PASSED] - verifyTextPresent("FEIN/SSN:", true): Text 'FEIN/SSN:' is present on page  using regular expression

2024-11-07 21:16:43 - [MESSAGE][PASSED] - Text 'FEIN/SSN:' is present on page  using regular expression

2024-11-07 21:16:43 - [TEST_STEP][PASSED] - verifyTextNotPresent("Federal EIN:", true): Text 'Federal EIN:' is not present on page using regular expression

2024-11-07 21:16:43 - [MESSAGE][PASSED] - Text 'Federal EIN:' is not present on page using regular expression

2024-11-07 21:16:43 - [TEST_STEP][PASSED] - verifyTextPresent("XXXXX6187", true): Text 'XXXXX6187' is present on page  using regular expression

2024-11-07 21:16:43 - [MESSAGE][PASSED] - Text 'XXXXX6187' is present on page  using regular expression

2024-11-07 21:16:43 - [TEST_STEP][PASSED] - if (TaxType.equalsIgnoreCase("Estate Tax")): null

2024-11-07 21:16:43 - [TEST_STEP][PASSED] - if (CRN.equalsIgnoreCase("Y")): null

2024-11-07 21:16:43 - [TEST_STEP][PASSED] - else: Text 'MD Central Registration Number' is not present on page using regular expression

2024-11-07 21:16:43 - [TEST_STEP][PASSED] - verifyTextNotPresent("MD Central Registration Number", true): Text 'MD Central Registration Number' is not present on page using regular expression

2024-11-07 21:16:44 - [MESSAGE][PASSED] - Text 'MD Central Registration Number' is not present on page using regular expression

2024-11-07 21:16:44 - [TEST_STEP][PASSED] - if (MFLicNum.equalsIgnoreCase("Y")): null

2024-11-07 21:16:44 - [TEST_STEP][PASSED] - else: Text 'Motor Fuel License Number#:' is not present on page using regular expression

2024-11-07 21:16:44 - [TEST_STEP][PASSED] - verifyTextNotPresent("Motor Fuel License Number#:", true): Text 'Motor Fuel License Number#:' is not present on page using regular expression

2024-11-07 21:16:44 - [MESSAGE][PASSED] - Text 'Motor Fuel License Number#:' is not present on page using regular expression

2024-11-07 21:16:44 - [TEST_STEP][PASSED] - verifyTextPresent("Payment Amount:", true): Text 'Payment Amount:' is present on page  using regular expression

2024-11-07 21:16:44 - [MESSAGE][PASSED] - Text 'Payment Amount:' is present on page  using regular expression

2024-11-07 21:16:44 - [TEST_STEP][PASSED] - verifyTextPresent("100.00", true): Text '100.00' is present on page  using regular expression

2024-11-07 21:16:45 - [MESSAGE][PASSED] - Text '100.00' is present on page  using regular expression

2024-11-07 21:16:45 - [TEST_STEP][PASSED] - if (verifyElementVisible(findTestObject(orPath_Summary + "/button_Proceed to Payment"))): null

2024-11-07 21:16:45 - [MESSAGE][PASSED] - Object 'Object Repository/RAD_Pages/Summary_Page/button_Proceed to Payment' is visible

2024-11-07 21:16:45 - [TEST_STEP][PASSED] - resText = "Pass": null

2024-11-07 21:16:45 - [TEST_STEP][PASSED] - pages.WriteExcel.demoKey(resText, datText, resColumn, datCloumn, fileLoc, nameSheet, row): pages.WriteExcel.demoKey is PASSED

2024-11-07 21:16:45 - [MESSAGE][PASSED] - pages.WriteExcel.demoKey is PASSED

2024-11-07 21:16:45 - [TEST_STEP][PASSED] - click(findTestObject(orPath_Summary + "/button_Proceed to Payment")): Object: 'Object Repository/RAD_Pages/Summary_Page/button_Proceed to Payment' is clicked on

2024-11-07 21:16:48 - [MESSAGE][PASSED] - Object: 'Object Repository/RAD_Pages/Summary_Page/button_Proceed to Payment' is clicked on

2024-11-07 21:16:48 - [TEST_STEP][PASSED] - verifyElementPresent(findTestObject("Object Repository/RAD_Pages/PaymentEntry_Page/input__billingName"), 30): Object 'Object Repository/RAD_Pages/PaymentEntry_Page/input__billingName' is present

2024-11-07 21:16:48 - [MESSAGE][PASSED] - Object 'Object Repository/RAD_Pages/PaymentEntry_Page/input__billingName' is present

2024-11-07 21:16:48 - [TEST_STEP][PASSED] - ExecuteTC = findTestData(dataFile).getValue("Execute", row): null

2024-11-07 21:16:48 - [TEST_STEP][PASSED] - TaxType = findTestData(dataFile).getValue("TaxType", row): null

2024-11-07 21:16:48 - [TEST_STEP][PASSED] - PaymentType = findTestData(dataFile).getValue("PaymentType", row): null

2024-11-07 21:16:48 - [TEST_STEP][PASSED] - FilingYear = findTestData(dataFile).getValue("Year", row): null

2024-11-07 21:16:48 - [TEST_STEP][PASSED] - feinSSN = findTestData(dataFile).getValue("FeinSsn", row): null

2024-11-07 21:16:48 - [TEST_STEP][PASSED] - CRN = findTestData(dataFile).getValue("CRN", row): null

2024-11-07 21:16:48 - [TEST_STEP][PASSED] - month = findTestData(dataFile).getValue("Month", row): null

2024-11-07 21:16:48 - [TEST_STEP][PASSED] - MFLicNum = findTestData(dataFile).getValue("MFLicNum", row): null

2024-11-07 21:16:49 - [TEST_STEP][PASSED] - if (ExecuteTC.equalsIgnoreCase("Y")): Object 'Object Repository/RAD_Pages/PaymentEntry_Page/input__billingName' is present

2024-11-07 21:16:49 - [TEST_STEP][PASSED] - out.println("Begin Record Number: " + row): null

2024-11-07 21:16:49 - [TEST_STEP][PASSED] - today = new java.util.Date(): null

2024-11-07 21:16:49 - [TEST_STEP][PASSED] - println(today): null

2024-11-07 21:16:49 - [TEST_STEP][PASSED] - datText = today: null

2024-11-07 21:16:49 - [TEST_STEP][PASSED] - logInfo("Payment Type: New Tax Return Amount Due"): Payment Type: New Tax Return Amount Due

2024-11-07 21:16:49 - [MESSAGE][INFO] - Payment Type: New Tax Return Amount Due

2024-11-07 21:16:49 - [TEST_STEP][PASSED] - logInfo("Tax Type: " + TaxType): Tax Type: PTE Non-Electing S Corp

2024-11-07 21:16:49 - [MESSAGE][INFO] - Tax Type: PTE Non-Electing S Corp

2024-11-07 21:16:49 - [TEST_STEP][PASSED] - openBrowser(""): Browser is opened with url: ''

2024-11-07 21:16:49 - [MESSAGE][WARNING] - A browser is already opened. Closing browser and opening a new one

2024-11-07 21:16:50 - [MESSAGE][INFO] - Starting 'Chrome' driver

2024-11-07 21:16:50 - [MESSAGE][INFO] - User set preference: ['acceptInsecureCerts', 'true']

2024-11-07 21:16:50 - [MESSAGE][INFO] - Action delay is set to 0 milliseconds

2024-11-07 21:16:52 - [MESSAGE][PASSED] - Browser is opened with url: ''

2024-11-07 21:16:52 - [TEST_STEP][PASSED] - maximizeWindow(): Current window maximized

2024-11-07 21:16:52 - [MESSAGE][PASSED] - Current window maximized

2024-11-07 21:16:52 - [TEST_STEP][PASSED] - navigateToUrl(RADurl): Navigate to 'https://www.velocitypayment.com/client/rad/index.html' successfully

2024-11-07 21:16:54 - [MESSAGE][PASSED] - Navigate to 'https://www.velocitypayment.com/client/rad/index.html' successfully

2024-11-07 21:16:54 - [TEST_STEP][PASSED] - selectOptionByLabel(findTestObject(orPath_Landing + "/dd_TaxType"), "New Tax Return Amount Due", false): All options with label 'New Tax Return Amount Due' are selected in object 'Object Repository/RAD_Pages/Landing_Page/dd_TaxType' 

2024-11-07 21:16:55 - [MESSAGE][PASSED] - All options with label 'New Tax Return Amount Due' are selected in object 'Object Repository/RAD_Pages/Landing_Page/dd_TaxType' 

2024-11-07 21:16:55 - [TEST_STEP][PASSED] - selectOptionByLabel(findTestObject("Object Repository/RAD_Pages/Landing_Page/select_NewTaxReturnAmountDue_TaxType"), TaxType, false): All options with label 'PTE Non-Electing S Corp' are selected in object 'Object Repository/RAD_Pages/Landing_Page/select_NewTaxReturnAmountDue_TaxType' 

2024-11-07 21:16:55 - [MESSAGE][PASSED] - All options with label 'PTE Non-Electing S Corp' are selected in object 'Object Repository/RAD_Pages/Landing_Page/select_NewTaxReturnAmountDue_TaxType' 

2024-11-07 21:16:55 - [TEST_STEP][PASSED] - selectOptionByLabel(findTestObject(orPath_TaxTypeFilingYear + "/select_FilingYear"), FilingYear, false): All options with label '2021' are selected in object 'Object Repository/RAD_Pages/TaxTypeFilingYear_Page/select_FilingYear' 

2024-11-07 21:16:56 - [MESSAGE][PASSED] - All options with label '2021' are selected in object 'Object Repository/RAD_Pages/TaxTypeFilingYear_Page/select_FilingYear' 

2024-11-07 21:16:56 - [TEST_STEP][PASSED] - if (month.trim()): null

2024-11-07 21:16:56 - [TEST_STEP][PASSED] - rad.getSetDataRAD.setDataRADBusinessName(): rad.getSetDataRAD.setDataRADBusinessName is PASSED

2024-11-07 21:16:57 - [MESSAGE][PASSED] - Text 'My Company' is set on object 'Object Repository/RAD_Pages/Taxpayer_Page/input_businessName'

2024-11-07 21:16:57 - [MESSAGE][PASSED] - rad.getSetDataRAD.setDataRADBusinessName is PASSED

2024-11-07 21:16:57 - [TEST_STEP][PASSED] - rad.getSetDataRAD.setDataRADBusinessRep(): rad.getSetDataRAD.setDataRADBusinessRep is PASSED

2024-11-07 21:16:58 - [MESSAGE][PASSED] - Text 'BusRepFname' is set on object 'Object Repository/RAD_Pages/Taxpayer_Page/input_BusinessRepfirstName'

2024-11-07 21:16:59 - [MESSAGE][PASSED] - Text '' is set on object 'Object Repository/RAD_Pages/Taxpayer_Page/input_BusinessRepmiddleName'

2024-11-07 21:16:59 - [MESSAGE][PASSED] - Text 'BusRepLname' is set on object 'Object Repository/RAD_Pages/Taxpayer_Page/input_BusinessReplastName'

2024-11-07 21:17:01 - [MESSAGE][PASSED] - Text '' is set on object 'Object Repository/RAD_Pages/Taxpayer_Page/input_BusinessRepsuffix'

2024-11-07 21:17:01 - [MESSAGE][PASSED] - rad.getSetDataRAD.setDataRADBusinessRep is PASSED

2024-11-07 21:17:01 - [TEST_STEP][PASSED] - rad.getSetDataRAD.setDataRADAddress(): rad.getSetDataRAD.setDataRADAddress is PASSED

2024-11-07 21:17:02 - [MESSAGE][PASSED] - All options with label 'United States' are selected in object 'Object Repository/RAD_Pages/AddressAndContactInfo_Page/select_Country' 

2024-11-07 21:17:04 - [MESSAGE][PASSED] - Text '2508 Mandan Terrace' is set on object 'Object Repository/RAD_Pages/AddressAndContactInfo_Page/input_streetAddress1'

2024-11-07 21:17:06 - [MESSAGE][PASSED] - Text '' is set on object 'Object Repository/RAD_Pages/AddressAndContactInfo_Page/input_streetAddress2'

2024-11-07 21:17:07 - [MESSAGE][PASSED] - Text 'Gambrills' is set on object 'Object Repository/RAD_Pages/AddressAndContactInfo_Page/input_city'

2024-11-07 21:17:09 - [MESSAGE][PASSED] - All options with label 'Maryland' are selected in object 'Object Repository/RAD_Pages/AddressAndContactInfo_Page/select_State' 

2024-11-07 21:17:10 - [MESSAGE][PASSED] - Text '21054' is set on object 'Object Repository/RAD_Pages/AddressAndContactInfo_Page/input_zipCode'

2024-11-07 21:17:11 - [MESSAGE][PASSED] - Text '(703) 894-5000' is set on object 'Object Repository/RAD_Pages/AddressAndContactInfo_Page/input_phoneNumber'

2024-11-07 21:17:11 - [MESSAGE][PASSED] - Text 'iahmed@govolution.com' is set on object 'Object Repository/RAD_Pages/AddressAndContactInfo_Page/input_eMailAddress'

2024-11-07 21:17:12 - [MESSAGE][PASSED] - Text 'iahmed@govolution.com' is set on object 'Object Repository/RAD_Pages/AddressAndContactInfo_Page/input_reEnterEMailAddress'

2024-11-07 21:17:12 - [MESSAGE][PASSED] - rad.getSetDataRAD.setDataRADAddress is PASSED

2024-11-07 21:17:12 - [TEST_STEP][PASSED] - if (feinSSN.equalsIgnoreCase("Y")): Text ****** has been set on object 'Object Repository/RAD_Pages/TaxInfo_Page/input_TaxInfo_RetypeFeinSsn_New_2'

2024-11-07 21:17:12 - [TEST_STEP][PASSED] - setEncryptedText(findTestObject(orPath_TaxInfo + "/input_TaxInfo_FeinSsn_New_2"), "yXB7JMCbD3QoFF75EQd3iw=="): Text ****** has been set on object 'Object Repository/RAD_Pages/TaxInfo_Page/input_TaxInfo_FeinSsn_New_2'

2024-11-07 21:17:13 - [MESSAGE][PASSED] - Text ****** has been set on object 'Object Repository/RAD_Pages/TaxInfo_Page/input_TaxInfo_FeinSsn_New_2'

2024-11-07 21:17:13 - [TEST_STEP][PASSED] - setEncryptedText(findTestObject(orPath_TaxInfo + "/input_TaxInfo_RetypeFeinSsn_New_2"), "yXB7JMCbD3QoFF75EQd3iw=="): Text ****** has been set on object 'Object Repository/RAD_Pages/TaxInfo_Page/input_TaxInfo_RetypeFeinSsn_New_2'

2024-11-07 21:17:14 - [MESSAGE][PASSED] - Text ****** has been set on object 'Object Repository/RAD_Pages/TaxInfo_Page/input_TaxInfo_RetypeFeinSsn_New_2'

2024-11-07 21:17:14 - [TEST_STEP][PASSED] - if (CRN.equalsIgnoreCase("Y")): null

2024-11-07 21:17:14 - [TEST_STEP][PASSED] - if (MFLicNum.equalsIgnoreCase("Y")): null

2024-11-07 21:17:14 - [TEST_STEP][PASSED] - if (TaxType.equalsIgnoreCase("Estate Tax")): null

2024-11-07 21:17:14 - [TEST_STEP][PASSED] - setText(findTestObject(orPath_Amount + "/input__paymentAmount"), "100.00"): Text '100.00' is set on object 'Object Repository/RAD_Pages/PaymentAmount_Page/input__paymentAmount'

2024-11-07 21:17:15 - [MESSAGE][PASSED] - Text '100.00' is set on object 'Object Repository/RAD_Pages/PaymentAmount_Page/input__paymentAmount'

2024-11-07 21:17:15 - [TEST_STEP][PASSED] - setText(findTestObject(orPath_AddressContact + "/input_streetAddress2"), ""): Text '' is set on object 'Object Repository/RAD_Pages/AddressAndContactInfo_Page/input_streetAddress2'

2024-11-07 21:17:16 - [MESSAGE][PASSED] - Text '' is set on object 'Object Repository/RAD_Pages/AddressAndContactInfo_Page/input_streetAddress2'

2024-11-07 21:17:16 - [TEST_STEP][PASSED] - scrollToElement(findTestObject(orPath_Landing + "/button_Continue"), 3): Scroll to object 'Object Repository/RAD_Pages/Landing_Page/button_Continue' successfully

2024-11-07 21:17:16 - [MESSAGE][PASSED] - Scroll to object 'Object Repository/RAD_Pages/Landing_Page/button_Continue' successfully

2024-11-07 21:17:16 - [TEST_STEP][PASSED] - waitForElementClickable(findTestObject(orPath_Landing + "/button_Continue"), 5): Object 'Object Repository/RAD_Pages/Landing_Page/button_Continue' is clickable

2024-11-07 21:17:17 - [MESSAGE][PASSED] - Object 'Object Repository/RAD_Pages/Landing_Page/button_Continue' is clickable

2024-11-07 21:17:17 - [TEST_STEP][PASSED] - click(findTestObject(orPath_Landing + "/button_Continue")): Object: 'Object Repository/RAD_Pages/Landing_Page/button_Continue' is clicked on

2024-11-07 21:17:17 - [MESSAGE][PASSED] - Object: 'Object Repository/RAD_Pages/Landing_Page/button_Continue' is clicked on

2024-11-07 21:17:17 - [TEST_STEP][PASSED] - delay(2): Delayed 2 second(s)

2024-11-07 21:17:19 - [MESSAGE][PASSED] - Delayed 2 second(s)

2024-11-07 21:17:19 - [TEST_STEP][PASSED] - verifyTextPresent("Summary", true): Text 'Summary' is present on page  using regular expression

2024-11-07 21:17:19 - [MESSAGE][PASSED] - Text 'Summary' is present on page  using regular expression

2024-11-07 21:17:19 - [TEST_STEP][PASSED] - verifyTextPresent("Review the information below and make any necessary corrections by clicking the", true): Text 'Review the information below and make any necessary corrections by clicking the' is present on page  using regular expression

2024-11-07 21:17:20 - [MESSAGE][PASSED] - Text 'Review the information below and make any necessary corrections by clicking the' is present on page  using regular expression

2024-11-07 21:17:20 - [TEST_STEP][PASSED] - verifyTextPresent("When you are confident that all the information is correct, click the", true): Text 'When you are confident that all the information is correct, click the' is present on page  using regular expression

2024-11-07 21:17:20 - [MESSAGE][PASSED] - Text 'When you are confident that all the information is correct, click the' is present on page  using regular expression

2024-11-07 21:17:20 - [TEST_STEP][PASSED] - verifyTextPresent("Payment Type/Filing Year", true): Text 'Payment Type/Filing Year' is present on page  using regular expression

2024-11-07 21:17:20 - [MESSAGE][PASSED] - Text 'Payment Type/Filing Year' is present on page  using regular expression

2024-11-07 21:17:20 - [TEST_STEP][PASSED] - verifyTextPresent("Payment Type:", true): Text 'Payment Type:' is present on page  using regular expression

2024-11-07 21:17:21 - [MESSAGE][PASSED] - Text 'Payment Type:' is present on page  using regular expression

2024-11-07 21:17:21 - [TEST_STEP][PASSED] - verifyTextPresent("New Tax Return Amount Due", true): Text 'New Tax Return Amount Due' is present on page  using regular expression

2024-11-07 21:17:21 - [MESSAGE][PASSED] - Text 'New Tax Return Amount Due' is present on page  using regular expression

2024-11-07 21:17:21 - [TEST_STEP][PASSED] - verifyTextPresent("Filing Year:", true): Text 'Filing Year:' is present on page  using regular expression

2024-11-07 21:17:21 - [MESSAGE][PASSED] - Text 'Filing Year:' is present on page  using regular expression

2024-11-07 21:17:21 - [TEST_STEP][PASSED] - verifyTextPresent(FilingYear, true): Text '2021' is present on page  using regular expression

2024-11-07 21:17:22 - [MESSAGE][PASSED] - Text '2021' is present on page  using regular expression

2024-11-07 21:17:22 - [TEST_STEP][PASSED] - verifyTextPresent("Payer Information", true): Text 'Payer Information' is present on page  using regular expression

2024-11-07 21:17:22 - [MESSAGE][PASSED] - Text 'Payer Information' is present on page  using regular expression

2024-11-07 21:17:22 - [TEST_STEP][PASSED] - verifyTextPresent("Taxpayer Name:", true): Text 'Taxpayer Name:' is present on page  using regular expression

2024-11-07 21:17:22 - [MESSAGE][PASSED] - Text 'Taxpayer Name:' is present on page  using regular expression

2024-11-07 21:17:22 - [TEST_STEP][PASSED] - verifyTextPresent("My Company", true): Text 'My Company' is present on page  using regular expression

2024-11-07 21:17:23 - [MESSAGE][PASSED] - Text 'My Company' is present on page  using regular expression

2024-11-07 21:17:23 - [TEST_STEP][PASSED] - verifyTextPresent("Business Rep Name:", true): Text 'Business Rep Name:' is present on page  using regular expression

2024-11-07 21:17:23 - [MESSAGE][PASSED] - Text 'Business Rep Name:' is present on page  using regular expression

2024-11-07 21:17:23 - [TEST_STEP][PASSED] - verifyTextPresent("BusRepFname BusRepLname", true): Text 'BusRepFname BusRepLname' is present on page  using regular expression

2024-11-07 21:17:23 - [MESSAGE][PASSED] - Text 'BusRepFname BusRepLname' is present on page  using regular expression

2024-11-07 21:17:23 - [TEST_STEP][PASSED] - verifyTextPresent("Taxpayer Address:", true): Text 'Taxpayer Address:' is present on page  using regular expression

2024-11-07 21:17:24 - [MESSAGE][PASSED] - Text 'Taxpayer Address:' is present on page  using regular expression

2024-11-07 21:17:24 - [TEST_STEP][PASSED] - verifyTextPresent("2508 Mandan Terrace Gambrills Maryland 21054", true): Text '2508 Mandan Terrace Gambrills Maryland 21054' is present on page  using regular expression

2024-11-07 21:17:24 - [MESSAGE][PASSED] - Text '2508 Mandan Terrace Gambrills Maryland 21054' is present on page  using regular expression

2024-11-07 21:17:24 - [TEST_STEP][PASSED] - verifyTextPresent("Email:", true): Text 'Email:' is present on page  using regular expression

2024-11-07 21:17:24 - [MESSAGE][PASSED] - Text 'Email:' is present on page  using regular expression

2024-11-07 21:17:24 - [TEST_STEP][PASSED] - verifyTextPresent("iahmed@govolution.com", true): Text 'iahmed@govolution.com' is present on page  using regular expression

2024-11-07 21:17:25 - [MESSAGE][PASSED] - Text 'iahmed@govolution.com' is present on page  using regular expression

2024-11-07 21:17:25 - [TEST_STEP][PASSED] - verifyTextPresent("Phone:", true): Text 'Phone:' is present on page  using regular expression

2024-11-07 21:17:25 - [MESSAGE][PASSED] - Text 'Phone:' is present on page  using regular expression

2024-11-07 21:17:25 - [TEST_STEP][PASSED] - verifyTextPresent("(703) 894-5000", false): Text '(703) 894-5000' is present on page 

2024-11-07 21:17:25 - [MESSAGE][PASSED] - Text '(703) 894-5000' is present on page 

2024-11-07 21:17:25 - [TEST_STEP][PASSED] - verifyTextPresent("Tax Information", true): Text 'Tax Information' is present on page  using regular expression

2024-11-07 21:17:25 - [MESSAGE][PASSED] - Text 'Tax Information' is present on page  using regular expression

2024-11-07 21:17:25 - [TEST_STEP][PASSED] - verifyTextNotPresent("Notice Number", true): Text 'Notice Number' is not present on page using regular expression

2024-11-07 21:17:26 - [MESSAGE][PASSED] - Text 'Notice Number' is not present on page using regular expression

2024-11-07 21:17:26 - [TEST_STEP][PASSED] - if (month.trim()): null

2024-11-07 21:17:26 - [TEST_STEP][PASSED] - else: Text 'Period Ending' is not present on page using regular expression

2024-11-07 21:17:26 - [TEST_STEP][PASSED] - verifyTextNotPresent("Period Ending", true): Text 'Period Ending' is not present on page using regular expression

2024-11-07 21:17:26 - [MESSAGE][PASSED] - Text 'Period Ending' is not present on page using regular expression

2024-11-07 21:17:26 - [TEST_STEP][PASSED] - if (feinSSN.equalsIgnoreCase("Y")): Text 'XXXXX6187' is present on page  using regular expression

2024-11-07 21:17:26 - [TEST_STEP][PASSED] - verifyTextPresent("FEIN/SSN:", true): Text 'FEIN/SSN:' is present on page  using regular expression

2024-11-07 21:17:26 - [MESSAGE][PASSED] - Text 'FEIN/SSN:' is present on page  using regular expression

2024-11-07 21:17:26 - [TEST_STEP][PASSED] - verifyTextNotPresent("Federal EIN:", true): Text 'Federal EIN:' is not present on page using regular expression

2024-11-07 21:17:27 - [MESSAGE][PASSED] - Text 'Federal EIN:' is not present on page using regular expression

2024-11-07 21:17:27 - [TEST_STEP][PASSED] - verifyTextPresent("XXXXX6187", true): Text 'XXXXX6187' is present on page  using regular expression

2024-11-07 21:17:27 - [MESSAGE][PASSED] - Text 'XXXXX6187' is present on page  using regular expression

2024-11-07 21:17:27 - [TEST_STEP][PASSED] - if (TaxType.equalsIgnoreCase("Estate Tax")): null

2024-11-07 21:17:27 - [TEST_STEP][PASSED] - if (CRN.equalsIgnoreCase("Y")): null

2024-11-07 21:17:27 - [TEST_STEP][PASSED] - else: Text 'MD Central Registration Number' is not present on page using regular expression

2024-11-07 21:17:27 - [TEST_STEP][PASSED] - verifyTextNotPresent("MD Central Registration Number", true): Text 'MD Central Registration Number' is not present on page using regular expression

2024-11-07 21:17:27 - [MESSAGE][PASSED] - Text 'MD Central Registration Number' is not present on page using regular expression

2024-11-07 21:17:27 - [TEST_STEP][PASSED] - if (MFLicNum.equalsIgnoreCase("Y")): null

2024-11-07 21:17:27 - [TEST_STEP][PASSED] - else: Text 'Motor Fuel License Number#:' is not present on page using regular expression

2024-11-07 21:17:27 - [TEST_STEP][PASSED] - verifyTextNotPresent("Motor Fuel License Number#:", true): Text 'Motor Fuel License Number#:' is not present on page using regular expression

2024-11-07 21:17:28 - [MESSAGE][PASSED] - Text 'Motor Fuel License Number#:' is not present on page using regular expression

2024-11-07 21:17:28 - [TEST_STEP][PASSED] - verifyTextPresent("Payment Amount:", true): Text 'Payment Amount:' is present on page  using regular expression

2024-11-07 21:17:28 - [MESSAGE][PASSED] - Text 'Payment Amount:' is present on page  using regular expression

2024-11-07 21:17:28 - [TEST_STEP][PASSED] - verifyTextPresent("100.00", true): Text '100.00' is present on page  using regular expression

2024-11-07 21:17:28 - [MESSAGE][PASSED] - Text '100.00' is present on page  using regular expression

2024-11-07 21:17:28 - [TEST_STEP][PASSED] - if (verifyElementVisible(findTestObject(orPath_Summary + "/button_Proceed to Payment"))): null

2024-11-07 21:17:29 - [MESSAGE][PASSED] - Object 'Object Repository/RAD_Pages/Summary_Page/button_Proceed to Payment' is visible

2024-11-07 21:17:29 - [TEST_STEP][PASSED] - resText = "Pass": null

2024-11-07 21:17:29 - [TEST_STEP][PASSED] - pages.WriteExcel.demoKey(resText, datText, resColumn, datCloumn, fileLoc, nameSheet, row): pages.WriteExcel.demoKey is PASSED

2024-11-07 21:17:29 - [MESSAGE][PASSED] - pages.WriteExcel.demoKey is PASSED

2024-11-07 21:17:29 - [TEST_STEP][PASSED] - click(findTestObject(orPath_Summary + "/button_Proceed to Payment")): Object: 'Object Repository/RAD_Pages/Summary_Page/button_Proceed to Payment' is clicked on

2024-11-07 21:17:32 - [MESSAGE][PASSED] - Object: 'Object Repository/RAD_Pages/Summary_Page/button_Proceed to Payment' is clicked on

2024-11-07 21:17:32 - [TEST_STEP][PASSED] - verifyElementPresent(findTestObject("Object Repository/RAD_Pages/PaymentEntry_Page/input__billingName"), 30): Object 'Object Repository/RAD_Pages/PaymentEntry_Page/input__billingName' is present

2024-11-07 21:17:33 - [MESSAGE][PASSED] - Object 'Object Repository/RAD_Pages/PaymentEntry_Page/input__billingName' is present

2024-11-07 21:17:33 - [TEST_STEP][PASSED] - ExecuteTC = findTestData(dataFile).getValue("Execute", row): null

2024-11-07 21:17:33 - [TEST_STEP][PASSED] - TaxType = findTestData(dataFile).getValue("TaxType", row): null

2024-11-07 21:17:33 - [TEST_STEP][PASSED] - PaymentType = findTestData(dataFile).getValue("PaymentType", row): null

2024-11-07 21:17:33 - [TEST_STEP][PASSED] - FilingYear = findTestData(dataFile).getValue("Year", row): null

2024-11-07 21:17:33 - [TEST_STEP][PASSED] - feinSSN = findTestData(dataFile).getValue("FeinSsn", row): null

2024-11-07 21:17:33 - [TEST_STEP][PASSED] - CRN = findTestData(dataFile).getValue("CRN", row): null

2024-11-07 21:17:33 - [TEST_STEP][PASSED] - month = findTestData(dataFile).getValue("Month", row): null

2024-11-07 21:17:33 - [TEST_STEP][PASSED] - MFLicNum = findTestData(dataFile).getValue("MFLicNum", row): null

2024-11-07 21:17:33 - [TEST_STEP][PASSED] - if (ExecuteTC.equalsIgnoreCase("Y")): Object 'Object Repository/RAD_Pages/PaymentEntry_Page/input__billingName' is present

2024-11-07 21:17:33 - [TEST_STEP][PASSED] - out.println("Begin Record Number: " + row): null

2024-11-07 21:17:33 - [TEST_STEP][PASSED] - today = new java.util.Date(): null

2024-11-07 21:17:33 - [TEST_STEP][PASSED] - println(today): null

2024-11-07 21:17:33 - [TEST_STEP][PASSED] - datText = today: null

2024-11-07 21:17:33 - [TEST_STEP][PASSED] - logInfo("Payment Type: New Tax Return Amount Due"): Payment Type: New Tax Return Amount Due

2024-11-07 21:17:33 - [MESSAGE][INFO] - Payment Type: New Tax Return Amount Due

2024-11-07 21:17:33 - [TEST_STEP][PASSED] - logInfo("Tax Type: " + TaxType): Tax Type: PTE Tax Electing Non-S Corp

2024-11-07 21:17:33 - [MESSAGE][INFO] - Tax Type: PTE Tax Electing Non-S Corp

2024-11-07 21:17:33 - [TEST_STEP][PASSED] - openBrowser(""): Browser is opened with url: ''

2024-11-07 21:17:33 - [MESSAGE][WARNING] - A browser is already opened. Closing browser and opening a new one

2024-11-07 21:17:35 - [MESSAGE][INFO] - Starting 'Chrome' driver

2024-11-07 21:17:35 - [MESSAGE][INFO] - User set preference: ['acceptInsecureCerts', 'true']

2024-11-07 21:17:35 - [MESSAGE][INFO] - Action delay is set to 0 milliseconds

2024-11-07 21:17:36 - [MESSAGE][PASSED] - Browser is opened with url: ''

2024-11-07 21:17:36 - [TEST_STEP][PASSED] - maximizeWindow(): Current window maximized

2024-11-07 21:17:37 - [MESSAGE][PASSED] - Current window maximized

2024-11-07 21:17:37 - [TEST_STEP][PASSED] - navigateToUrl(RADurl): Navigate to 'https://www.velocitypayment.com/client/rad/index.html' successfully

2024-11-07 21:17:39 - [MESSAGE][PASSED] - Navigate to 'https://www.velocitypayment.com/client/rad/index.html' successfully

2024-11-07 21:17:39 - [TEST_STEP][PASSED] - selectOptionByLabel(findTestObject(orPath_Landing + "/dd_TaxType"), "New Tax Return Amount Due", false): All options with label 'New Tax Return Amount Due' are selected in object 'Object Repository/RAD_Pages/Landing_Page/dd_TaxType' 

2024-11-07 21:17:39 - [MESSAGE][PASSED] - All options with label 'New Tax Return Amount Due' are selected in object 'Object Repository/RAD_Pages/Landing_Page/dd_TaxType' 

2024-11-07 21:17:39 - [TEST_STEP][PASSED] - selectOptionByLabel(findTestObject("Object Repository/RAD_Pages/Landing_Page/select_NewTaxReturnAmountDue_TaxType"), TaxType, false): All options with label 'PTE Tax Electing Non-S Corp' are selected in object 'Object Repository/RAD_Pages/Landing_Page/select_NewTaxReturnAmountDue_TaxType' 

2024-11-07 21:17:40 - [MESSAGE][PASSED] - All options with label 'PTE Tax Electing Non-S Corp' are selected in object 'Object Repository/RAD_Pages/Landing_Page/select_NewTaxReturnAmountDue_TaxType' 

2024-11-07 21:17:40 - [TEST_STEP][PASSED] - selectOptionByLabel(findTestObject(orPath_TaxTypeFilingYear + "/select_FilingYear"), FilingYear, false): All options with label '2021' are selected in object 'Object Repository/RAD_Pages/TaxTypeFilingYear_Page/select_FilingYear' 

2024-11-07 21:17:41 - [MESSAGE][PASSED] - All options with label '2021' are selected in object 'Object Repository/RAD_Pages/TaxTypeFilingYear_Page/select_FilingYear' 

2024-11-07 21:17:41 - [TEST_STEP][PASSED] - if (month.trim()): null

2024-11-07 21:17:41 - [TEST_STEP][PASSED] - rad.getSetDataRAD.setDataRADBusinessName(): rad.getSetDataRAD.setDataRADBusinessName is PASSED

2024-11-07 21:17:42 - [MESSAGE][PASSED] - Text 'My Company' is set on object 'Object Repository/RAD_Pages/Taxpayer_Page/input_businessName'

2024-11-07 21:17:42 - [MESSAGE][PASSED] - rad.getSetDataRAD.setDataRADBusinessName is PASSED

2024-11-07 21:17:42 - [TEST_STEP][PASSED] - rad.getSetDataRAD.setDataRADBusinessRep(): rad.getSetDataRAD.setDataRADBusinessRep is PASSED

2024-11-07 21:17:43 - [MESSAGE][PASSED] - Text 'BusRepFname' is set on object 'Object Repository/RAD_Pages/Taxpayer_Page/input_BusinessRepfirstName'

2024-11-07 21:17:43 - [MESSAGE][PASSED] - Text '' is set on object 'Object Repository/RAD_Pages/Taxpayer_Page/input_BusinessRepmiddleName'

2024-11-07 21:17:44 - [MESSAGE][PASSED] - Text 'BusRepLname' is set on object 'Object Repository/RAD_Pages/Taxpayer_Page/input_BusinessReplastName'

2024-11-07 21:17:45 - [MESSAGE][PASSED] - Text '' is set on object 'Object Repository/RAD_Pages/Taxpayer_Page/input_BusinessRepsuffix'

2024-11-07 21:17:45 - [MESSAGE][PASSED] - rad.getSetDataRAD.setDataRADBusinessRep is PASSED

2024-11-07 21:17:45 - [TEST_STEP][PASSED] - rad.getSetDataRAD.setDataRADAddress(): rad.getSetDataRAD.setDataRADAddress is PASSED

2024-11-07 21:17:45 - [MESSAGE][PASSED] - All options with label 'United States' are selected in object 'Object Repository/RAD_Pages/AddressAndContactInfo_Page/select_Country' 

2024-11-07 21:17:46 - [MESSAGE][PASSED] - Text '2508 Mandan Terrace' is set on object 'Object Repository/RAD_Pages/AddressAndContactInfo_Page/input_streetAddress1'

2024-11-07 21:17:47 - [MESSAGE][PASSED] - Text '' is set on object 'Object Repository/RAD_Pages/AddressAndContactInfo_Page/input_streetAddress2'

2024-11-07 21:17:47 - [MESSAGE][PASSED] - Text 'Gambrills' is set on object 'Object Repository/RAD_Pages/AddressAndContactInfo_Page/input_city'

2024-11-07 21:17:48 - [MESSAGE][PASSED] - All options with label 'Maryland' are selected in object 'Object Repository/RAD_Pages/AddressAndContactInfo_Page/select_State' 

2024-11-07 21:17:49 - [MESSAGE][PASSED] - Text '21054' is set on object 'Object Repository/RAD_Pages/AddressAndContactInfo_Page/input_zipCode'

2024-11-07 21:17:50 - [MESSAGE][PASSED] - Text '(703) 894-5000' is set on object 'Object Repository/RAD_Pages/AddressAndContactInfo_Page/input_phoneNumber'

2024-11-07 21:17:51 - [MESSAGE][PASSED] - Text 'iahmed@govolution.com' is set on object 'Object Repository/RAD_Pages/AddressAndContactInfo_Page/input_eMailAddress'

2024-11-07 21:17:53 - [MESSAGE][PASSED] - Text 'iahmed@govolution.com' is set on object 'Object Repository/RAD_Pages/AddressAndContactInfo_Page/input_reEnterEMailAddress'

2024-11-07 21:17:53 - [MESSAGE][PASSED] - rad.getSetDataRAD.setDataRADAddress is PASSED

2024-11-07 21:17:53 - [TEST_STEP][PASSED] - if (feinSSN.equalsIgnoreCase("Y")): Text ****** has been set on object 'Object Repository/RAD_Pages/TaxInfo_Page/input_TaxInfo_RetypeFeinSsn_New_2'

2024-11-07 21:17:53 - [TEST_STEP][PASSED] - setEncryptedText(findTestObject(orPath_TaxInfo + "/input_TaxInfo_FeinSsn_New_2"), "yXB7JMCbD3QoFF75EQd3iw=="): Text ****** has been set on object 'Object Repository/RAD_Pages/TaxInfo_Page/input_TaxInfo_FeinSsn_New_2'

2024-11-07 21:17:54 - [MESSAGE][PASSED] - Text ****** has been set on object 'Object Repository/RAD_Pages/TaxInfo_Page/input_TaxInfo_FeinSsn_New_2'

2024-11-07 21:17:54 - [TEST_STEP][PASSED] - setEncryptedText(findTestObject(orPath_TaxInfo + "/input_TaxInfo_RetypeFeinSsn_New_2"), "yXB7JMCbD3QoFF75EQd3iw=="): Text ****** has been set on object 'Object Repository/RAD_Pages/TaxInfo_Page/input_TaxInfo_RetypeFeinSsn_New_2'

2024-11-07 21:17:58 - [MESSAGE][PASSED] - Text ****** has been set on object 'Object Repository/RAD_Pages/TaxInfo_Page/input_TaxInfo_RetypeFeinSsn_New_2'

2024-11-07 21:17:58 - [TEST_STEP][PASSED] - if (CRN.equalsIgnoreCase("Y")): null

2024-11-07 21:17:58 - [TEST_STEP][PASSED] - if (MFLicNum.equalsIgnoreCase("Y")): null

2024-11-07 21:17:58 - [TEST_STEP][PASSED] - if (TaxType.equalsIgnoreCase("Estate Tax")): null

2024-11-07 21:17:58 - [TEST_STEP][PASSED] - setText(findTestObject(orPath_Amount + "/input__paymentAmount"), "100.00"): Text '100.00' is set on object 'Object Repository/RAD_Pages/PaymentAmount_Page/input__paymentAmount'

2024-11-07 21:17:59 - [MESSAGE][PASSED] - Text '100.00' is set on object 'Object Repository/RAD_Pages/PaymentAmount_Page/input__paymentAmount'

2024-11-07 21:17:59 - [TEST_STEP][PASSED] - setText(findTestObject(orPath_AddressContact + "/input_streetAddress2"), ""): Text '' is set on object 'Object Repository/RAD_Pages/AddressAndContactInfo_Page/input_streetAddress2'

2024-11-07 21:18:00 - [MESSAGE][PASSED] - Text '' is set on object 'Object Repository/RAD_Pages/AddressAndContactInfo_Page/input_streetAddress2'

2024-11-07 21:18:00 - [TEST_STEP][PASSED] - scrollToElement(findTestObject(orPath_Landing + "/button_Continue"), 3): Scroll to object 'Object Repository/RAD_Pages/Landing_Page/button_Continue' successfully

2024-11-07 21:18:01 - [MESSAGE][PASSED] - Scroll to object 'Object Repository/RAD_Pages/Landing_Page/button_Continue' successfully

2024-11-07 21:18:01 - [TEST_STEP][PASSED] - waitForElementClickable(findTestObject(orPath_Landing + "/button_Continue"), 5): Object 'Object Repository/RAD_Pages/Landing_Page/button_Continue' is clickable

2024-11-07 21:18:01 - [MESSAGE][PASSED] - Object 'Object Repository/RAD_Pages/Landing_Page/button_Continue' is clickable

2024-11-07 21:18:01 - [TEST_STEP][PASSED] - click(findTestObject(orPath_Landing + "/button_Continue")): Object: 'Object Repository/RAD_Pages/Landing_Page/button_Continue' is clicked on

2024-11-07 21:18:02 - [MESSAGE][PASSED] - Object: 'Object Repository/RAD_Pages/Landing_Page/button_Continue' is clicked on

2024-11-07 21:18:02 - [TEST_STEP][PASSED] - delay(2): Delayed 2 second(s)

2024-11-07 21:18:04 - [MESSAGE][PASSED] - Delayed 2 second(s)

2024-11-07 21:18:04 - [TEST_STEP][PASSED] - verifyTextPresent("Summary", true): Text 'Summary' is present on page  using regular expression

2024-11-07 21:18:05 - [MESSAGE][PASSED] - Text 'Summary' is present on page  using regular expression

2024-11-07 21:18:05 - [TEST_STEP][PASSED] - verifyTextPresent("Review the information below and make any necessary corrections by clicking the", true): Text 'Review the information below and make any necessary corrections by clicking the' is present on page  using regular expression

2024-11-07 21:18:05 - [MESSAGE][PASSED] - Text 'Review the information below and make any necessary corrections by clicking the' is present on page  using regular expression

2024-11-07 21:18:05 - [TEST_STEP][PASSED] - verifyTextPresent("When you are confident that all the information is correct, click the", true): Text 'When you are confident that all the information is correct, click the' is present on page  using regular expression

2024-11-07 21:18:05 - [MESSAGE][PASSED] - Text 'When you are confident that all the information is correct, click the' is present on page  using regular expression

2024-11-07 21:18:05 - [TEST_STEP][PASSED] - verifyTextPresent("Payment Type/Filing Year", true): Text 'Payment Type/Filing Year' is present on page  using regular expression

2024-11-07 21:18:06 - [MESSAGE][PASSED] - Text 'Payment Type/Filing Year' is present on page  using regular expression

2024-11-07 21:18:06 - [TEST_STEP][PASSED] - verifyTextPresent("Payment Type:", true): Text 'Payment Type:' is present on page  using regular expression

2024-11-07 21:18:06 - [MESSAGE][PASSED] - Text 'Payment Type:' is present on page  using regular expression

2024-11-07 21:18:06 - [TEST_STEP][PASSED] - verifyTextPresent("New Tax Return Amount Due", true): Text 'New Tax Return Amount Due' is present on page  using regular expression

2024-11-07 21:18:06 - [MESSAGE][PASSED] - Text 'New Tax Return Amount Due' is present on page  using regular expression

2024-11-07 21:18:06 - [TEST_STEP][PASSED] - verifyTextPresent("Filing Year:", true): Text 'Filing Year:' is present on page  using regular expression

2024-11-07 21:18:07 - [MESSAGE][PASSED] - Text 'Filing Year:' is present on page  using regular expression

2024-11-07 21:18:07 - [TEST_STEP][PASSED] - verifyTextPresent(FilingYear, true): Text '2021' is present on page  using regular expression

2024-11-07 21:18:07 - [MESSAGE][PASSED] - Text '2021' is present on page  using regular expression

2024-11-07 21:18:07 - [TEST_STEP][PASSED] - verifyTextPresent("Payer Information", true): Text 'Payer Information' is present on page  using regular expression

2024-11-07 21:18:07 - [MESSAGE][PASSED] - Text 'Payer Information' is present on page  using regular expression

2024-11-07 21:18:07 - [TEST_STEP][PASSED] - verifyTextPresent("Taxpayer Name:", true): Text 'Taxpayer Name:' is present on page  using regular expression

2024-11-07 21:18:08 - [MESSAGE][PASSED] - Text 'Taxpayer Name:' is present on page  using regular expression

2024-11-07 21:18:08 - [TEST_STEP][PASSED] - verifyTextPresent("My Company", true): Text 'My Company' is present on page  using regular expression

2024-11-07 21:18:08 - [MESSAGE][PASSED] - Text 'My Company' is present on page  using regular expression

2024-11-07 21:18:08 - [TEST_STEP][PASSED] - verifyTextPresent("Business Rep Name:", true): Text 'Business Rep Name:' is present on page  using regular expression

2024-11-07 21:18:08 - [MESSAGE][PASSED] - Text 'Business Rep Name:' is present on page  using regular expression

2024-11-07 21:18:08 - [TEST_STEP][PASSED] - verifyTextPresent("BusRepFname BusRepLname", true): Text 'BusRepFname BusRepLname' is present on page  using regular expression

2024-11-07 21:18:09 - [MESSAGE][PASSED] - Text 'BusRepFname BusRepLname' is present on page  using regular expression

2024-11-07 21:18:09 - [TEST_STEP][PASSED] - verifyTextPresent("Taxpayer Address:", true): Text 'Taxpayer Address:' is present on page  using regular expression

2024-11-07 21:18:09 - [MESSAGE][PASSED] - Text 'Taxpayer Address:' is present on page  using regular expression

2024-11-07 21:18:09 - [TEST_STEP][PASSED] - verifyTextPresent("2508 Mandan Terrace Gambrills Maryland 21054", true): Text '2508 Mandan Terrace Gambrills Maryland 21054' is present on page  using regular expression

2024-11-07 21:18:09 - [MESSAGE][PASSED] - Text '2508 Mandan Terrace Gambrills Maryland 21054' is present on page  using regular expression

2024-11-07 21:18:09 - [TEST_STEP][PASSED] - verifyTextPresent("Email:", true): Text 'Email:' is present on page  using regular expression

2024-11-07 21:18:10 - [MESSAGE][PASSED] - Text 'Email:' is present on page  using regular expression

2024-11-07 21:18:10 - [TEST_STEP][PASSED] - verifyTextPresent("iahmed@govolution.com", true): Text 'iahmed@govolution.com' is present on page  using regular expression

2024-11-07 21:18:10 - [MESSAGE][PASSED] - Text 'iahmed@govolution.com' is present on page  using regular expression

2024-11-07 21:18:10 - [TEST_STEP][PASSED] - verifyTextPresent("Phone:", true): Text 'Phone:' is present on page  using regular expression

2024-11-07 21:18:10 - [MESSAGE][PASSED] - Text 'Phone:' is present on page  using regular expression

2024-11-07 21:18:10 - [TEST_STEP][PASSED] - verifyTextPresent("(703) 894-5000", false): Text '(703) 894-5000' is present on page 

2024-11-07 21:18:11 - [MESSAGE][PASSED] - Text '(703) 894-5000' is present on page 

2024-11-07 21:18:11 - [TEST_STEP][PASSED] - verifyTextPresent("Tax Information", true): Text 'Tax Information' is present on page  using regular expression

2024-11-07 21:18:11 - [MESSAGE][PASSED] - Text 'Tax Information' is present on page  using regular expression

2024-11-07 21:18:11 - [TEST_STEP][PASSED] - verifyTextNotPresent("Notice Number", true): Text 'Notice Number' is not present on page using regular expression

2024-11-07 21:18:11 - [MESSAGE][PASSED] - Text 'Notice Number' is not present on page using regular expression

2024-11-07 21:18:11 - [TEST_STEP][PASSED] - if (month.trim()): null

2024-11-07 21:18:11 - [TEST_STEP][PASSED] - else: Text 'Period Ending' is not present on page using regular expression

2024-11-07 21:18:11 - [TEST_STEP][PASSED] - verifyTextNotPresent("Period Ending", true): Text 'Period Ending' is not present on page using regular expression

2024-11-07 21:18:12 - [MESSAGE][PASSED] - Text 'Period Ending' is not present on page using regular expression

2024-11-07 21:18:12 - [TEST_STEP][PASSED] - if (feinSSN.equalsIgnoreCase("Y")): Text 'XXXXX6187' is present on page  using regular expression

2024-11-07 21:18:12 - [TEST_STEP][PASSED] - verifyTextPresent("FEIN/SSN:", true): Text 'FEIN/SSN:' is present on page  using regular expression

2024-11-07 21:18:12 - [MESSAGE][PASSED] - Text 'FEIN/SSN:' is present on page  using regular expression

2024-11-07 21:18:12 - [TEST_STEP][PASSED] - verifyTextNotPresent("Federal EIN:", true): Text 'Federal EIN:' is not present on page using regular expression

2024-11-07 21:18:12 - [MESSAGE][PASSED] - Text 'Federal EIN:' is not present on page using regular expression

2024-11-07 21:18:12 - [TEST_STEP][PASSED] - verifyTextPresent("XXXXX6187", true): Text 'XXXXX6187' is present on page  using regular expression

2024-11-07 21:18:13 - [MESSAGE][PASSED] - Text 'XXXXX6187' is present on page  using regular expression

2024-11-07 21:18:13 - [TEST_STEP][PASSED] - if (TaxType.equalsIgnoreCase("Estate Tax")): null

2024-11-07 21:18:13 - [TEST_STEP][PASSED] - if (CRN.equalsIgnoreCase("Y")): null

2024-11-07 21:18:13 - [TEST_STEP][PASSED] - else: Text 'MD Central Registration Number' is not present on page using regular expression

2024-11-07 21:18:13 - [TEST_STEP][PASSED] - verifyTextNotPresent("MD Central Registration Number", true): Text 'MD Central Registration Number' is not present on page using regular expression

2024-11-07 21:18:13 - [MESSAGE][PASSED] - Text 'MD Central Registration Number' is not present on page using regular expression

2024-11-07 21:18:13 - [TEST_STEP][PASSED] - if (MFLicNum.equalsIgnoreCase("Y")): null

2024-11-07 21:18:13 - [TEST_STEP][PASSED] - else: Text 'Motor Fuel License Number#:' is not present on page using regular expression

2024-11-07 21:18:13 - [TEST_STEP][PASSED] - verifyTextNotPresent("Motor Fuel License Number#:", true): Text 'Motor Fuel License Number#:' is not present on page using regular expression

2024-11-07 21:18:13 - [MESSAGE][PASSED] - Text 'Motor Fuel License Number#:' is not present on page using regular expression

2024-11-07 21:18:13 - [TEST_STEP][PASSED] - verifyTextPresent("Payment Amount:", true): Text 'Payment Amount:' is present on page  using regular expression

2024-11-07 21:18:13 - [MESSAGE][PASSED] - Text 'Payment Amount:' is present on page  using regular expression

2024-11-07 21:18:13 - [TEST_STEP][PASSED] - verifyTextPresent("100.00", true): Text '100.00' is present on page  using regular expression

2024-11-07 21:18:14 - [MESSAGE][PASSED] - Text '100.00' is present on page  using regular expression

2024-11-07 21:18:14 - [TEST_STEP][PASSED] - if (verifyElementVisible(findTestObject(orPath_Summary + "/button_Proceed to Payment"))): null

2024-11-07 21:18:14 - [MESSAGE][PASSED] - Object 'Object Repository/RAD_Pages/Summary_Page/button_Proceed to Payment' is visible

2024-11-07 21:18:14 - [TEST_STEP][PASSED] - resText = "Pass": null

2024-11-07 21:18:14 - [TEST_STEP][PASSED] - pages.WriteExcel.demoKey(resText, datText, resColumn, datCloumn, fileLoc, nameSheet, row): pages.WriteExcel.demoKey is PASSED

2024-11-07 21:18:14 - [MESSAGE][PASSED] - pages.WriteExcel.demoKey is PASSED

2024-11-07 21:18:14 - [TEST_STEP][PASSED] - click(findTestObject(orPath_Summary + "/button_Proceed to Payment")): Object: 'Object Repository/RAD_Pages/Summary_Page/button_Proceed to Payment' is clicked on

2024-11-07 21:18:17 - [MESSAGE][PASSED] - Object: 'Object Repository/RAD_Pages/Summary_Page/button_Proceed to Payment' is clicked on

2024-11-07 21:18:17 - [TEST_STEP][PASSED] - verifyElementPresent(findTestObject("Object Repository/RAD_Pages/PaymentEntry_Page/input__billingName"), 30): Object 'Object Repository/RAD_Pages/PaymentEntry_Page/input__billingName' is present

2024-11-07 21:18:18 - [MESSAGE][PASSED] - Object 'Object Repository/RAD_Pages/PaymentEntry_Page/input__billingName' is present

2024-11-07 21:18:18 - [TEST_STEP][PASSED] - ExecuteTC = findTestData(dataFile).getValue("Execute", row): null

2024-11-07 21:18:18 - [TEST_STEP][PASSED] - TaxType = findTestData(dataFile).getValue("TaxType", row): null

2024-11-07 21:18:18 - [TEST_STEP][PASSED] - PaymentType = findTestData(dataFile).getValue("PaymentType", row): null

2024-11-07 21:18:18 - [TEST_STEP][PASSED] - FilingYear = findTestData(dataFile).getValue("Year", row): null

2024-11-07 21:18:18 - [TEST_STEP][PASSED] - feinSSN = findTestData(dataFile).getValue("FeinSsn", row): null

2024-11-07 21:18:18 - [TEST_STEP][PASSED] - CRN = findTestData(dataFile).getValue("CRN", row): null

2024-11-07 21:18:18 - [TEST_STEP][PASSED] - month = findTestData(dataFile).getValue("Month", row): null

2024-11-07 21:18:18 - [TEST_STEP][PASSED] - MFLicNum = findTestData(dataFile).getValue("MFLicNum", row): null

2024-11-07 21:18:18 - [TEST_STEP][PASSED] - if (ExecuteTC.equalsIgnoreCase("Y")): Object 'Object Repository/RAD_Pages/PaymentEntry_Page/input__billingName' is present

2024-11-07 21:18:18 - [TEST_STEP][PASSED] - out.println("Begin Record Number: " + row): null

2024-11-07 21:18:18 - [TEST_STEP][PASSED] - today = new java.util.Date(): null

2024-11-07 21:18:18 - [TEST_STEP][PASSED] - println(today): null

2024-11-07 21:18:18 - [TEST_STEP][PASSED] - datText = today: null

2024-11-07 21:18:18 - [TEST_STEP][PASSED] - logInfo("Payment Type: New Tax Return Amount Due"): Payment Type: New Tax Return Amount Due

2024-11-07 21:18:18 - [MESSAGE][INFO] - Payment Type: New Tax Return Amount Due

2024-11-07 21:18:18 - [TEST_STEP][PASSED] - logInfo("Tax Type: " + TaxType): Tax Type: PTE Tax Electing S Corp

2024-11-07 21:18:18 - [MESSAGE][INFO] - Tax Type: PTE Tax Electing S Corp

2024-11-07 21:18:18 - [TEST_STEP][PASSED] - openBrowser(""): Browser is opened with url: ''

2024-11-07 21:18:18 - [MESSAGE][WARNING] - A browser is already opened. Closing browser and opening a new one

2024-11-07 21:18:20 - [MESSAGE][INFO] - Starting 'Chrome' driver

2024-11-07 21:18:20 - [MESSAGE][INFO] - User set preference: ['acceptInsecureCerts', 'true']

2024-11-07 21:18:20 - [MESSAGE][INFO] - Action delay is set to 0 milliseconds

2024-11-07 21:18:22 - [MESSAGE][PASSED] - Browser is opened with url: ''

2024-11-07 21:18:22 - [TEST_STEP][PASSED] - maximizeWindow(): Current window maximized

2024-11-07 21:18:22 - [MESSAGE][PASSED] - Current window maximized

2024-11-07 21:18:22 - [TEST_STEP][PASSED] - navigateToUrl(RADurl): Navigate to 'https://www.velocitypayment.com/client/rad/index.html' successfully

2024-11-07 21:18:24 - [MESSAGE][PASSED] - Navigate to 'https://www.velocitypayment.com/client/rad/index.html' successfully

2024-11-07 21:18:24 - [TEST_STEP][PASSED] - selectOptionByLabel(findTestObject(orPath_Landing + "/dd_TaxType"), "New Tax Return Amount Due", false): All options with label 'New Tax Return Amount Due' are selected in object 'Object Repository/RAD_Pages/Landing_Page/dd_TaxType' 

2024-11-07 21:18:25 - [MESSAGE][PASSED] - All options with label 'New Tax Return Amount Due' are selected in object 'Object Repository/RAD_Pages/Landing_Page/dd_TaxType' 

2024-11-07 21:18:25 - [TEST_STEP][PASSED] - selectOptionByLabel(findTestObject("Object Repository/RAD_Pages/Landing_Page/select_NewTaxReturnAmountDue_TaxType"), TaxType, false): All options with label 'PTE Tax Electing S Corp' are selected in object 'Object Repository/RAD_Pages/Landing_Page/select_NewTaxReturnAmountDue_TaxType' 

2024-11-07 21:18:26 - [MESSAGE][PASSED] - All options with label 'PTE Tax Electing S Corp' are selected in object 'Object Repository/RAD_Pages/Landing_Page/select_NewTaxReturnAmountDue_TaxType' 

2024-11-07 21:18:26 - [TEST_STEP][PASSED] - selectOptionByLabel(findTestObject(orPath_TaxTypeFilingYear + "/select_FilingYear"), FilingYear, false): All options with label '2021' are selected in object 'Object Repository/RAD_Pages/TaxTypeFilingYear_Page/select_FilingYear' 

2024-11-07 21:18:26 - [MESSAGE][PASSED] - All options with label '2021' are selected in object 'Object Repository/RAD_Pages/TaxTypeFilingYear_Page/select_FilingYear' 

2024-11-07 21:18:26 - [TEST_STEP][PASSED] - if (month.trim()): null

2024-11-07 21:18:26 - [TEST_STEP][PASSED] - rad.getSetDataRAD.setDataRADBusinessName(): rad.getSetDataRAD.setDataRADBusinessName is PASSED

2024-11-07 21:18:28 - [MESSAGE][PASSED] - Text 'My Company' is set on object 'Object Repository/RAD_Pages/Taxpayer_Page/input_businessName'

2024-11-07 21:18:28 - [MESSAGE][PASSED] - rad.getSetDataRAD.setDataRADBusinessName is PASSED

2024-11-07 21:18:28 - [TEST_STEP][PASSED] - rad.getSetDataRAD.setDataRADBusinessRep(): rad.getSetDataRAD.setDataRADBusinessRep is PASSED

2024-11-07 21:18:28 - [MESSAGE][PASSED] - Text 'BusRepFname' is set on object 'Object Repository/RAD_Pages/Taxpayer_Page/input_BusinessRepfirstName'

2024-11-07 21:18:29 - [MESSAGE][PASSED] - Text '' is set on object 'Object Repository/RAD_Pages/Taxpayer_Page/input_BusinessRepmiddleName'

2024-11-07 21:18:30 - [MESSAGE][PASSED] - Text 'BusRepLname' is set on object 'Object Repository/RAD_Pages/Taxpayer_Page/input_BusinessReplastName'

2024-11-07 21:18:30 - [MESSAGE][PASSED] - Text '' is set on object 'Object Repository/RAD_Pages/Taxpayer_Page/input_BusinessRepsuffix'

2024-11-07 21:18:30 - [MESSAGE][PASSED] - rad.getSetDataRAD.setDataRADBusinessRep is PASSED

2024-11-07 21:18:30 - [TEST_STEP][PASSED] - rad.getSetDataRAD.setDataRADAddress(): rad.getSetDataRAD.setDataRADAddress is PASSED

2024-11-07 21:18:31 - [MESSAGE][PASSED] - All options with label 'United States' are selected in object 'Object Repository/RAD_Pages/AddressAndContactInfo_Page/select_Country' 

2024-11-07 21:18:32 - [MESSAGE][PASSED] - Text '2508 Mandan Terrace' is set on object 'Object Repository/RAD_Pages/AddressAndContactInfo_Page/input_streetAddress1'

2024-11-07 21:18:32 - [MESSAGE][PASSED] - Text '' is set on object 'Object Repository/RAD_Pages/AddressAndContactInfo_Page/input_streetAddress2'

2024-11-07 21:18:33 - [MESSAGE][PASSED] - Text 'Gambrills' is set on object 'Object Repository/RAD_Pages/AddressAndContactInfo_Page/input_city'

2024-11-07 21:18:34 - [MESSAGE][PASSED] - All options with label 'Maryland' are selected in object 'Object Repository/RAD_Pages/AddressAndContactInfo_Page/select_State' 

2024-11-07 21:18:35 - [MESSAGE][PASSED] - Text '21054' is set on object 'Object Repository/RAD_Pages/AddressAndContactInfo_Page/input_zipCode'

2024-11-07 21:18:35 - [MESSAGE][PASSED] - Text '(703) 894-5000' is set on object 'Object Repository/RAD_Pages/AddressAndContactInfo_Page/input_phoneNumber'

2024-11-07 21:18:36 - [MESSAGE][PASSED] - Text 'iahmed@govolution.com' is set on object 'Object Repository/RAD_Pages/AddressAndContactInfo_Page/input_eMailAddress'

2024-11-07 21:18:37 - [MESSAGE][PASSED] - Text 'iahmed@govolution.com' is set on object 'Object Repository/RAD_Pages/AddressAndContactInfo_Page/input_reEnterEMailAddress'

2024-11-07 21:18:37 - [MESSAGE][PASSED] - rad.getSetDataRAD.setDataRADAddress is PASSED

2024-11-07 21:18:37 - [TEST_STEP][PASSED] - if (feinSSN.equalsIgnoreCase("Y")): Text ****** has been set on object 'Object Repository/RAD_Pages/TaxInfo_Page/input_TaxInfo_RetypeFeinSsn_New_2'

2024-11-07 21:18:37 - [TEST_STEP][PASSED] - setEncryptedText(findTestObject(orPath_TaxInfo + "/input_TaxInfo_FeinSsn_New_2"), "yXB7JMCbD3QoFF75EQd3iw=="): Text ****** has been set on object 'Object Repository/RAD_Pages/TaxInfo_Page/input_TaxInfo_FeinSsn_New_2'

2024-11-07 21:18:38 - [MESSAGE][PASSED] - Text ****** has been set on object 'Object Repository/RAD_Pages/TaxInfo_Page/input_TaxInfo_FeinSsn_New_2'

2024-11-07 21:18:38 - [TEST_STEP][PASSED] - setEncryptedText(findTestObject(orPath_TaxInfo + "/input_TaxInfo_RetypeFeinSsn_New_2"), "yXB7JMCbD3QoFF75EQd3iw=="): Text ****** has been set on object 'Object Repository/RAD_Pages/TaxInfo_Page/input_TaxInfo_RetypeFeinSsn_New_2'

2024-11-07 21:18:39 - [MESSAGE][PASSED] - Text ****** has been set on object 'Object Repository/RAD_Pages/TaxInfo_Page/input_TaxInfo_RetypeFeinSsn_New_2'

2024-11-07 21:18:39 - [TEST_STEP][PASSED] - if (CRN.equalsIgnoreCase("Y")): null

2024-11-07 21:18:39 - [TEST_STEP][PASSED] - if (MFLicNum.equalsIgnoreCase("Y")): null

2024-11-07 21:18:39 - [TEST_STEP][PASSED] - if (TaxType.equalsIgnoreCase("Estate Tax")): null

2024-11-07 21:18:39 - [TEST_STEP][PASSED] - setText(findTestObject(orPath_Amount + "/input__paymentAmount"), "100.00"): Text '100.00' is set on object 'Object Repository/RAD_Pages/PaymentAmount_Page/input__paymentAmount'

2024-11-07 21:18:40 - [MESSAGE][PASSED] - Text '100.00' is set on object 'Object Repository/RAD_Pages/PaymentAmount_Page/input__paymentAmount'

2024-11-07 21:18:40 - [TEST_STEP][PASSED] - setText(findTestObject(orPath_AddressContact + "/input_streetAddress2"), ""): Text '' is set on object 'Object Repository/RAD_Pages/AddressAndContactInfo_Page/input_streetAddress2'

2024-11-07 21:18:41 - [MESSAGE][PASSED] - Text '' is set on object 'Object Repository/RAD_Pages/AddressAndContactInfo_Page/input_streetAddress2'

2024-11-07 21:18:41 - [TEST_STEP][PASSED] - scrollToElement(findTestObject(orPath_Landing + "/button_Continue"), 3): Scroll to object 'Object Repository/RAD_Pages/Landing_Page/button_Continue' successfully

2024-11-07 21:18:41 - [MESSAGE][PASSED] - Scroll to object 'Object Repository/RAD_Pages/Landing_Page/button_Continue' successfully

2024-11-07 21:18:41 - [TEST_STEP][PASSED] - waitForElementClickable(findTestObject(orPath_Landing + "/button_Continue"), 5): Object 'Object Repository/RAD_Pages/Landing_Page/button_Continue' is clickable

2024-11-07 21:18:42 - [MESSAGE][PASSED] - Object 'Object Repository/RAD_Pages/Landing_Page/button_Continue' is clickable

2024-11-07 21:18:42 - [TEST_STEP][PASSED] - click(findTestObject(orPath_Landing + "/button_Continue")): Object: 'Object Repository/RAD_Pages/Landing_Page/button_Continue' is clicked on

2024-11-07 21:18:43 - [MESSAGE][PASSED] - Object: 'Object Repository/RAD_Pages/Landing_Page/button_Continue' is clicked on

2024-11-07 21:18:43 - [TEST_STEP][PASSED] - delay(2): Delayed 2 second(s)

2024-11-07 21:18:45 - [MESSAGE][PASSED] - Delayed 2 second(s)

2024-11-07 21:18:45 - [TEST_STEP][PASSED] - verifyTextPresent("Summary", true): Text 'Summary' is present on page  using regular expression

2024-11-07 21:18:45 - [MESSAGE][PASSED] - Text 'Summary' is present on page  using regular expression

2024-11-07 21:18:45 - [TEST_STEP][PASSED] - verifyTextPresent("Review the information below and make any necessary corrections by clicking the", true): Text 'Review the information below and make any necessary corrections by clicking the' is present on page  using regular expression

2024-11-07 21:18:46 - [MESSAGE][PASSED] - Text 'Review the information below and make any necessary corrections by clicking the' is present on page  using regular expression

2024-11-07 21:18:46 - [TEST_STEP][PASSED] - verifyTextPresent("When you are confident that all the information is correct, click the", true): Text 'When you are confident that all the information is correct, click the' is present on page  using regular expression

2024-11-07 21:18:46 - [MESSAGE][PASSED] - Text 'When you are confident that all the information is correct, click the' is present on page  using regular expression

2024-11-07 21:18:46 - [TEST_STEP][PASSED] - verifyTextPresent("Payment Type/Filing Year", true): Text 'Payment Type/Filing Year' is present on page  using regular expression

2024-11-07 21:18:46 - [MESSAGE][PASSED] - Text 'Payment Type/Filing Year' is present on page  using regular expression

2024-11-07 21:18:46 - [TEST_STEP][PASSED] - verifyTextPresent("Payment Type:", true): Text 'Payment Type:' is present on page  using regular expression

2024-11-07 21:18:47 - [MESSAGE][PASSED] - Text 'Payment Type:' is present on page  using regular expression

2024-11-07 21:18:47 - [TEST_STEP][PASSED] - verifyTextPresent("New Tax Return Amount Due", true): Text 'New Tax Return Amount Due' is present on page  using regular expression

2024-11-07 21:18:47 - [MESSAGE][PASSED] - Text 'New Tax Return Amount Due' is present on page  using regular expression

2024-11-07 21:18:47 - [TEST_STEP][PASSED] - verifyTextPresent("Filing Year:", true): Text 'Filing Year:' is present on page  using regular expression

2024-11-07 21:18:48 - [MESSAGE][PASSED] - Text 'Filing Year:' is present on page  using regular expression

2024-11-07 21:18:48 - [TEST_STEP][PASSED] - verifyTextPresent(FilingYear, true): Text '2021' is present on page  using regular expression

2024-11-07 21:18:49 - [MESSAGE][PASSED] - Text '2021' is present on page  using regular expression

2024-11-07 21:18:49 - [TEST_STEP][PASSED] - verifyTextPresent("Payer Information", true): Text 'Payer Information' is present on page  using regular expression

2024-11-07 21:18:49 - [MESSAGE][PASSED] - Text 'Payer Information' is present on page  using regular expression

2024-11-07 21:18:49 - [TEST_STEP][PASSED] - verifyTextPresent("Taxpayer Name:", true): Text 'Taxpayer Name:' is present on page  using regular expression

2024-11-07 21:18:49 - [MESSAGE][PASSED] - Text 'Taxpayer Name:' is present on page  using regular expression

2024-11-07 21:18:49 - [TEST_STEP][PASSED] - verifyTextPresent("My Company", true): Text 'My Company' is present on page  using regular expression

2024-11-07 21:18:50 - [MESSAGE][PASSED] - Text 'My Company' is present on page  using regular expression

2024-11-07 21:18:50 - [TEST_STEP][PASSED] - verifyTextPresent("Business Rep Name:", true): Text 'Business Rep Name:' is present on page  using regular expression

2024-11-07 21:18:50 - [MESSAGE][PASSED] - Text 'Business Rep Name:' is present on page  using regular expression

2024-11-07 21:18:50 - [TEST_STEP][PASSED] - verifyTextPresent("BusRepFname BusRepLname", true): Text 'BusRepFname BusRepLname' is present on page  using regular expression

2024-11-07 21:18:50 - [MESSAGE][PASSED] - Text 'BusRepFname BusRepLname' is present on page  using regular expression

2024-11-07 21:18:50 - [TEST_STEP][PASSED] - verifyTextPresent("Taxpayer Address:", true): Text 'Taxpayer Address:' is present on page  using regular expression

2024-11-07 21:18:51 - [MESSAGE][PASSED] - Text 'Taxpayer Address:' is present on page  using regular expression

2024-11-07 21:18:51 - [TEST_STEP][PASSED] - verifyTextPresent("2508 Mandan Terrace Gambrills Maryland 21054", true): Text '2508 Mandan Terrace Gambrills Maryland 21054' is present on page  using regular expression

2024-11-07 21:18:51 - [MESSAGE][PASSED] - Text '2508 Mandan Terrace Gambrills Maryland 21054' is present on page  using regular expression

2024-11-07 21:18:51 - [TEST_STEP][PASSED] - verifyTextPresent("Email:", true): Text 'Email:' is present on page  using regular expression

2024-11-07 21:18:51 - [MESSAGE][PASSED] - Text 'Email:' is present on page  using regular expression

2024-11-07 21:18:51 - [TEST_STEP][PASSED] - verifyTextPresent("iahmed@govolution.com", true): Text 'iahmed@govolution.com' is present on page  using regular expression

2024-11-07 21:18:52 - [MESSAGE][PASSED] - Text 'iahmed@govolution.com' is present on page  using regular expression

2024-11-07 21:18:52 - [TEST_STEP][PASSED] - verifyTextPresent("Phone:", true): Text 'Phone:' is present on page  using regular expression

2024-11-07 21:18:52 - [MESSAGE][PASSED] - Text 'Phone:' is present on page  using regular expression

2024-11-07 21:18:52 - [TEST_STEP][PASSED] - verifyTextPresent("(703) 894-5000", false): Text '(703) 894-5000' is present on page 

2024-11-07 21:18:52 - [MESSAGE][PASSED] - Text '(703) 894-5000' is present on page 

2024-11-07 21:18:52 - [TEST_STEP][PASSED] - verifyTextPresent("Tax Information", true): Text 'Tax Information' is present on page  using regular expression

2024-11-07 21:18:53 - [MESSAGE][PASSED] - Text 'Tax Information' is present on page  using regular expression

2024-11-07 21:18:53 - [TEST_STEP][PASSED] - verifyTextNotPresent("Notice Number", true): Text 'Notice Number' is not present on page using regular expression

2024-11-07 21:18:53 - [MESSAGE][PASSED] - Text 'Notice Number' is not present on page using regular expression

2024-11-07 21:18:53 - [TEST_STEP][PASSED] - if (month.trim()): null

2024-11-07 21:18:53 - [TEST_STEP][PASSED] - else: Text 'Period Ending' is not present on page using regular expression

2024-11-07 21:18:53 - [TEST_STEP][PASSED] - verifyTextNotPresent("Period Ending", true): Text 'Period Ending' is not present on page using regular expression

2024-11-07 21:18:53 - [MESSAGE][PASSED] - Text 'Period Ending' is not present on page using regular expression

2024-11-07 21:18:53 - [TEST_STEP][PASSED] - if (feinSSN.equalsIgnoreCase("Y")): Text 'XXXXX6187' is present on page  using regular expression

2024-11-07 21:18:53 - [TEST_STEP][PASSED] - verifyTextPresent("FEIN/SSN:", true): Text 'FEIN/SSN:' is present on page  using regular expression

2024-11-07 21:18:54 - [MESSAGE][PASSED] - Text 'FEIN/SSN:' is present on page  using regular expression

2024-11-07 21:18:54 - [TEST_STEP][PASSED] - verifyTextNotPresent("Federal EIN:", true): Text 'Federal EIN:' is not present on page using regular expression

2024-11-07 21:18:54 - [MESSAGE][PASSED] - Text 'Federal EIN:' is not present on page using regular expression

2024-11-07 21:18:54 - [TEST_STEP][PASSED] - verifyTextPresent("XXXXX6187", true): Text 'XXXXX6187' is present on page  using regular expression

2024-11-07 21:18:54 - [MESSAGE][PASSED] - Text 'XXXXX6187' is present on page  using regular expression

2024-11-07 21:18:54 - [TEST_STEP][PASSED] - if (TaxType.equalsIgnoreCase("Estate Tax")): null

2024-11-07 21:18:54 - [TEST_STEP][PASSED] - if (CRN.equalsIgnoreCase("Y")): null

2024-11-07 21:18:54 - [TEST_STEP][PASSED] - else: Text 'MD Central Registration Number' is not present on page using regular expression

2024-11-07 21:18:54 - [TEST_STEP][PASSED] - verifyTextNotPresent("MD Central Registration Number", true): Text 'MD Central Registration Number' is not present on page using regular expression

2024-11-07 21:18:55 - [MESSAGE][PASSED] - Text 'MD Central Registration Number' is not present on page using regular expression

2024-11-07 21:18:55 - [TEST_STEP][PASSED] - if (MFLicNum.equalsIgnoreCase("Y")): null

2024-11-07 21:18:55 - [TEST_STEP][PASSED] - else: Text 'Motor Fuel License Number#:' is not present on page using regular expression

2024-11-07 21:18:55 - [TEST_STEP][PASSED] - verifyTextNotPresent("Motor Fuel License Number#:", true): Text 'Motor Fuel License Number#:' is not present on page using regular expression

2024-11-07 21:18:55 - [MESSAGE][PASSED] - Text 'Motor Fuel License Number#:' is not present on page using regular expression

2024-11-07 21:18:55 - [TEST_STEP][PASSED] - verifyTextPresent("Payment Amount:", true): Text 'Payment Amount:' is present on page  using regular expression

2024-11-07 21:18:55 - [MESSAGE][PASSED] - Text 'Payment Amount:' is present on page  using regular expression

2024-11-07 21:18:55 - [TEST_STEP][PASSED] - verifyTextPresent("100.00", true): Text '100.00' is present on page  using regular expression

2024-11-07 21:18:56 - [MESSAGE][PASSED] - Text '100.00' is present on page  using regular expression

2024-11-07 21:18:56 - [TEST_STEP][PASSED] - if (verifyElementVisible(findTestObject(orPath_Summary + "/button_Proceed to Payment"))): null

2024-11-07 21:18:56 - [MESSAGE][PASSED] - Object 'Object Repository/RAD_Pages/Summary_Page/button_Proceed to Payment' is visible

2024-11-07 21:18:56 - [TEST_STEP][PASSED] - resText = "Pass": null

2024-11-07 21:18:56 - [TEST_STEP][PASSED] - pages.WriteExcel.demoKey(resText, datText, resColumn, datCloumn, fileLoc, nameSheet, row): pages.WriteExcel.demoKey is PASSED

2024-11-07 21:18:56 - [MESSAGE][PASSED] - pages.WriteExcel.demoKey is PASSED

2024-11-07 21:18:56 - [TEST_STEP][PASSED] - click(findTestObject(orPath_Summary + "/button_Proceed to Payment")): Object: 'Object Repository/RAD_Pages/Summary_Page/button_Proceed to Payment' is clicked on

2024-11-07 21:18:59 - [MESSAGE][PASSED] - Object: 'Object Repository/RAD_Pages/Summary_Page/button_Proceed to Payment' is clicked on

2024-11-07 21:18:59 - [TEST_STEP][PASSED] - verifyElementPresent(findTestObject("Object Repository/RAD_Pages/PaymentEntry_Page/input__billingName"), 30): Object 'Object Repository/RAD_Pages/PaymentEntry_Page/input__billingName' is present

2024-11-07 21:18:59 - [MESSAGE][PASSED] - Object 'Object Repository/RAD_Pages/PaymentEntry_Page/input__billingName' is present

2024-11-07 21:18:59 - [TEST_STEP][PASSED] - ExecuteTC = findTestData(dataFile).getValue("Execute", row): null

2024-11-07 21:18:59 - [TEST_STEP][PASSED] - TaxType = findTestData(dataFile).getValue("TaxType", row): null

2024-11-07 21:18:59 - [TEST_STEP][PASSED] - PaymentType = findTestData(dataFile).getValue("PaymentType", row): null

2024-11-07 21:18:59 - [TEST_STEP][PASSED] - FilingYear = findTestData(dataFile).getValue("Year", row): null

2024-11-07 21:18:59 - [TEST_STEP][PASSED] - feinSSN = findTestData(dataFile).getValue("FeinSsn", row): null

2024-11-07 21:19:00 - [TEST_STEP][PASSED] - CRN = findTestData(dataFile).getValue("CRN", row): null

2024-11-07 21:19:00 - [TEST_STEP][PASSED] - month = findTestData(dataFile).getValue("Month", row): null

2024-11-07 21:19:00 - [TEST_STEP][PASSED] - MFLicNum = findTestData(dataFile).getValue("MFLicNum", row): null

2024-11-07 21:19:00 - [TEST_STEP][PASSED] - if (ExecuteTC.equalsIgnoreCase("Y")): Object 'Object Repository/RAD_Pages/PaymentEntry_Page/input__billingName' is present

2024-11-07 21:19:00 - [TEST_STEP][PASSED] - out.println("Begin Record Number: " + row): null

2024-11-07 21:19:00 - [TEST_STEP][PASSED] - today = new java.util.Date(): null

2024-11-07 21:19:00 - [TEST_STEP][PASSED] - println(today): null

2024-11-07 21:19:00 - [TEST_STEP][PASSED] - datText = today: null

2024-11-07 21:19:00 - [TEST_STEP][PASSED] - logInfo("Payment Type: New Tax Return Amount Due"): Payment Type: New Tax Return Amount Due

2024-11-07 21:19:00 - [MESSAGE][INFO] - Payment Type: New Tax Return Amount Due

2024-11-07 21:19:00 - [TEST_STEP][PASSED] - logInfo("Tax Type: " + TaxType): Tax Type: Admissions and Amusement Tax

2024-11-07 21:19:00 - [MESSAGE][INFO] - Tax Type: Admissions and Amusement Tax

2024-11-07 21:19:00 - [TEST_STEP][PASSED] - openBrowser(""): Browser is opened with url: ''

2024-11-07 21:19:00 - [MESSAGE][WARNING] - A browser is already opened. Closing browser and opening a new one

2024-11-07 21:19:01 - [MESSAGE][INFO] - Starting 'Chrome' driver

2024-11-07 21:19:01 - [MESSAGE][INFO] - User set preference: ['acceptInsecureCerts', 'true']

2024-11-07 21:19:01 - [MESSAGE][INFO] - Action delay is set to 0 milliseconds

2024-11-07 21:19:04 - [MESSAGE][PASSED] - Browser is opened with url: ''

2024-11-07 21:19:04 - [TEST_STEP][PASSED] - maximizeWindow(): Current window maximized

2024-11-07 21:19:04 - [MESSAGE][PASSED] - Current window maximized

2024-11-07 21:19:04 - [TEST_STEP][PASSED] - navigateToUrl(RADurl): Navigate to 'https://www.velocitypayment.com/client/rad/index.html' successfully

2024-11-07 21:19:06 - [MESSAGE][PASSED] - Navigate to 'https://www.velocitypayment.com/client/rad/index.html' successfully

2024-11-07 21:19:06 - [TEST_STEP][PASSED] - selectOptionByLabel(findTestObject(orPath_Landing + "/dd_TaxType"), "New Tax Return Amount Due", false): All options with label 'New Tax Return Amount Due' are selected in object 'Object Repository/RAD_Pages/Landing_Page/dd_TaxType' 

2024-11-07 21:19:06 - [MESSAGE][PASSED] - All options with label 'New Tax Return Amount Due' are selected in object 'Object Repository/RAD_Pages/Landing_Page/dd_TaxType' 

2024-11-07 21:19:06 - [TEST_STEP][PASSED] - selectOptionByLabel(findTestObject("Object Repository/RAD_Pages/Landing_Page/select_NewTaxReturnAmountDue_TaxType"), TaxType, false): All options with label 'Admissions and Amusement Tax' are selected in object 'Object Repository/RAD_Pages/Landing_Page/select_NewTaxReturnAmountDue_TaxType' 

2024-11-07 21:19:07 - [MESSAGE][PASSED] - All options with label 'Admissions and Amusement Tax' are selected in object 'Object Repository/RAD_Pages/Landing_Page/select_NewTaxReturnAmountDue_TaxType' 

2024-11-07 21:19:07 - [TEST_STEP][PASSED] - selectOptionByLabel(findTestObject(orPath_TaxTypeFilingYear + "/select_FilingYear"), FilingYear, false): All options with label '2024' are selected in object 'Object Repository/RAD_Pages/TaxTypeFilingYear_Page/select_FilingYear' 

2024-11-07 21:19:08 - [MESSAGE][PASSED] - All options with label '2024' are selected in object 'Object Repository/RAD_Pages/TaxTypeFilingYear_Page/select_FilingYear' 

2024-11-07 21:19:08 - [TEST_STEP][PASSED] - if (month.trim()): All options with label 'February' are selected in object 'Object Repository/RAD_Pages/TaxTypeFilingYear_Page/select_PeriodEnding' 

2024-11-07 21:19:08 - [TEST_STEP][PASSED] - selectOptionByLabel(findTestObject(orPath_TaxTypeFilingYear + "/select_PeriodEnding"), month, false): All options with label 'February' are selected in object 'Object Repository/RAD_Pages/TaxTypeFilingYear_Page/select_PeriodEnding' 

2024-11-07 21:19:09 - [MESSAGE][PASSED] - All options with label 'February' are selected in object 'Object Repository/RAD_Pages/TaxTypeFilingYear_Page/select_PeriodEnding' 

2024-11-07 21:19:09 - [TEST_STEP][PASSED] - rad.getSetDataRAD.setDataRADBusinessName(): rad.getSetDataRAD.setDataRADBusinessName is PASSED

2024-11-07 21:19:09 - [MESSAGE][PASSED] - Text 'My Company' is set on object 'Object Repository/RAD_Pages/Taxpayer_Page/input_businessName'

2024-11-07 21:19:09 - [MESSAGE][PASSED] - rad.getSetDataRAD.setDataRADBusinessName is PASSED

2024-11-07 21:19:09 - [TEST_STEP][PASSED] - rad.getSetDataRAD.setDataRADBusinessRep(): rad.getSetDataRAD.setDataRADBusinessRep is PASSED

2024-11-07 21:19:10 - [MESSAGE][PASSED] - Text 'BusRepFname' is set on object 'Object Repository/RAD_Pages/Taxpayer_Page/input_BusinessRepfirstName'

2024-11-07 21:19:11 - [MESSAGE][PASSED] - Text '' is set on object 'Object Repository/RAD_Pages/Taxpayer_Page/input_BusinessRepmiddleName'

2024-11-07 21:19:12 - [MESSAGE][PASSED] - Text 'BusRepLname' is set on object 'Object Repository/RAD_Pages/Taxpayer_Page/input_BusinessReplastName'

2024-11-07 21:19:13 - [MESSAGE][PASSED] - Text '' is set on object 'Object Repository/RAD_Pages/Taxpayer_Page/input_BusinessRepsuffix'

2024-11-07 21:19:13 - [MESSAGE][PASSED] - rad.getSetDataRAD.setDataRADBusinessRep is PASSED

2024-11-07 21:19:13 - [TEST_STEP][PASSED] - rad.getSetDataRAD.setDataRADAddress(): rad.getSetDataRAD.setDataRADAddress is PASSED

2024-11-07 21:19:13 - [MESSAGE][PASSED] - All options with label 'United States' are selected in object 'Object Repository/RAD_Pages/AddressAndContactInfo_Page/select_Country' 

2024-11-07 21:19:14 - [MESSAGE][PASSED] - Text '2508 Mandan Terrace' is set on object 'Object Repository/RAD_Pages/AddressAndContactInfo_Page/input_streetAddress1'

2024-11-07 21:19:15 - [MESSAGE][PASSED] - Text '' is set on object 'Object Repository/RAD_Pages/AddressAndContactInfo_Page/input_streetAddress2'

2024-11-07 21:19:15 - [MESSAGE][PASSED] - Text 'Gambrills' is set on object 'Object Repository/RAD_Pages/AddressAndContactInfo_Page/input_city'

2024-11-07 21:19:16 - [MESSAGE][PASSED] - All options with label 'Maryland' are selected in object 'Object Repository/RAD_Pages/AddressAndContactInfo_Page/select_State' 

2024-11-07 21:19:17 - [MESSAGE][PASSED] - Text '21054' is set on object 'Object Repository/RAD_Pages/AddressAndContactInfo_Page/input_zipCode'

2024-11-07 21:19:18 - [MESSAGE][PASSED] - Text '(703) 894-5000' is set on object 'Object Repository/RAD_Pages/AddressAndContactInfo_Page/input_phoneNumber'

2024-11-07 21:19:18 - [MESSAGE][PASSED] - Text 'iahmed@govolution.com' is set on object 'Object Repository/RAD_Pages/AddressAndContactInfo_Page/input_eMailAddress'

2024-11-07 21:19:19 - [MESSAGE][PASSED] - Text 'iahmed@govolution.com' is set on object 'Object Repository/RAD_Pages/AddressAndContactInfo_Page/input_reEnterEMailAddress'

2024-11-07 21:19:19 - [MESSAGE][PASSED] - rad.getSetDataRAD.setDataRADAddress is PASSED

2024-11-07 21:19:19 - [TEST_STEP][PASSED] - if (feinSSN.equalsIgnoreCase("Y")): null

2024-11-07 21:19:19 - [TEST_STEP][PASSED] - else: Text ****** has been set on object 'Object Repository/RAD_Pages/TaxInfo_Page/input_FederalEIN_ReEnter'

2024-11-07 21:19:19 - [TEST_STEP][PASSED] - if (!(TaxType.equalsIgnoreCase("Estate Tax"))): Text ****** has been set on object 'Object Repository/RAD_Pages/TaxInfo_Page/input_FederalEIN_ReEnter'

2024-11-07 21:19:19 - [TEST_STEP][PASSED] - setEncryptedText(findTestObject(orPath_TaxInfo + "/input_FederalEIN"), "yXB7JMCbD3QoFF75EQd3iw=="): Text ****** has been set on object 'Object Repository/RAD_Pages/TaxInfo_Page/input_FederalEIN'

2024-11-07 21:19:20 - [MESSAGE][PASSED] - Text ****** has been set on object 'Object Repository/RAD_Pages/TaxInfo_Page/input_FederalEIN'

2024-11-07 21:19:20 - [TEST_STEP][PASSED] - setEncryptedText(findTestObject(orPath_TaxInfo + "/input_FederalEIN_ReEnter"), "yXB7JMCbD3QoFF75EQd3iw=="): Text ****** has been set on object 'Object Repository/RAD_Pages/TaxInfo_Page/input_FederalEIN_ReEnter'

2024-11-07 21:19:20 - [MESSAGE][PASSED] - Text ****** has been set on object 'Object Repository/RAD_Pages/TaxInfo_Page/input_FederalEIN_ReEnter'

2024-11-07 21:19:20 - [TEST_STEP][PASSED] - if (CRN.equalsIgnoreCase("Y")): rad.getSetDataRAD.setDataRADMDCRN is PASSED

2024-11-07 21:19:20 - [TEST_STEP][PASSED] - rad.getSetDataRAD.setDataRADMDCRN(): rad.getSetDataRAD.setDataRADMDCRN is PASSED

2024-11-07 21:19:21 - [MESSAGE][PASSED] - Text '07640126' is set on object 'Object Repository/RAD_Pages/TaxInfo_Page/input_MDCRegistration'

2024-11-07 21:19:21 - [MESSAGE][PASSED] - rad.getSetDataRAD.setDataRADMDCRN is PASSED

2024-11-07 21:19:21 - [TEST_STEP][PASSED] - if (MFLicNum.equalsIgnoreCase("Y")): null

2024-11-07 21:19:21 - [TEST_STEP][PASSED] - if (TaxType.equalsIgnoreCase("Estate Tax")): null

2024-11-07 21:19:21 - [TEST_STEP][PASSED] - setText(findTestObject(orPath_Amount + "/input__paymentAmount"), "100.00"): Text '100.00' is set on object 'Object Repository/RAD_Pages/PaymentAmount_Page/input__paymentAmount'

2024-11-07 21:19:22 - [MESSAGE][PASSED] - Text '100.00' is set on object 'Object Repository/RAD_Pages/PaymentAmount_Page/input__paymentAmount'

2024-11-07 21:19:22 - [TEST_STEP][PASSED] - setText(findTestObject(orPath_AddressContact + "/input_streetAddress2"), ""): Text '' is set on object 'Object Repository/RAD_Pages/AddressAndContactInfo_Page/input_streetAddress2'

2024-11-07 21:19:22 - [MESSAGE][PASSED] - Text '' is set on object 'Object Repository/RAD_Pages/AddressAndContactInfo_Page/input_streetAddress2'

2024-11-07 21:19:22 - [TEST_STEP][PASSED] - scrollToElement(findTestObject(orPath_Landing + "/button_Continue"), 3): Scroll to object 'Object Repository/RAD_Pages/Landing_Page/button_Continue' successfully

2024-11-07 21:19:23 - [MESSAGE][PASSED] - Scroll to object 'Object Repository/RAD_Pages/Landing_Page/button_Continue' successfully

2024-11-07 21:19:23 - [TEST_STEP][PASSED] - waitForElementClickable(findTestObject(orPath_Landing + "/button_Continue"), 5): Object 'Object Repository/RAD_Pages/Landing_Page/button_Continue' is clickable

2024-11-07 21:19:23 - [MESSAGE][PASSED] - Object 'Object Repository/RAD_Pages/Landing_Page/button_Continue' is clickable

2024-11-07 21:19:23 - [TEST_STEP][PASSED] - click(findTestObject(orPath_Landing + "/button_Continue")): Object: 'Object Repository/RAD_Pages/Landing_Page/button_Continue' is clicked on

2024-11-07 21:19:24 - [MESSAGE][PASSED] - Object: 'Object Repository/RAD_Pages/Landing_Page/button_Continue' is clicked on

2024-11-07 21:19:24 - [TEST_STEP][PASSED] - delay(2): Delayed 2 second(s)

2024-11-07 21:19:26 - [MESSAGE][PASSED] - Delayed 2 second(s)

2024-11-07 21:19:26 - [TEST_STEP][PASSED] - verifyTextPresent("Summary", true): Text 'Summary' is present on page  using regular expression

2024-11-07 21:19:26 - [MESSAGE][PASSED] - Text 'Summary' is present on page  using regular expression

2024-11-07 21:19:26 - [TEST_STEP][PASSED] - verifyTextPresent("Review the information below and make any necessary corrections by clicking the", true): Text 'Review the information below and make any necessary corrections by clicking the' is present on page  using regular expression

2024-11-07 21:19:27 - [MESSAGE][PASSED] - Text 'Review the information below and make any necessary corrections by clicking the' is present on page  using regular expression

2024-11-07 21:19:27 - [TEST_STEP][PASSED] - verifyTextPresent("When you are confident that all the information is correct, click the", true): Text 'When you are confident that all the information is correct, click the' is present on page  using regular expression

2024-11-07 21:19:27 - [MESSAGE][PASSED] - Text 'When you are confident that all the information is correct, click the' is present on page  using regular expression

2024-11-07 21:19:27 - [TEST_STEP][PASSED] - verifyTextPresent("Payment Type/Filing Year", true): Text 'Payment Type/Filing Year' is present on page  using regular expression

2024-11-07 21:19:27 - [MESSAGE][PASSED] - Text 'Payment Type/Filing Year' is present on page  using regular expression

2024-11-07 21:19:27 - [TEST_STEP][PASSED] - verifyTextPresent("Payment Type:", true): Text 'Payment Type:' is present on page  using regular expression

2024-11-07 21:19:28 - [MESSAGE][PASSED] - Text 'Payment Type:' is present on page  using regular expression

2024-11-07 21:19:28 - [TEST_STEP][PASSED] - verifyTextPresent("New Tax Return Amount Due", true): Text 'New Tax Return Amount Due' is present on page  using regular expression

2024-11-07 21:19:28 - [MESSAGE][PASSED] - Text 'New Tax Return Amount Due' is present on page  using regular expression

2024-11-07 21:19:28 - [TEST_STEP][PASSED] - verifyTextPresent("Filing Year:", true): Text 'Filing Year:' is present on page  using regular expression

2024-11-07 21:19:28 - [MESSAGE][PASSED] - Text 'Filing Year:' is present on page  using regular expression

2024-11-07 21:19:28 - [TEST_STEP][PASSED] - verifyTextPresent(FilingYear, true): Text '2024' is present on page  using regular expression

2024-11-07 21:19:28 - [MESSAGE][PASSED] - Text '2024' is present on page  using regular expression

2024-11-07 21:19:28 - [TEST_STEP][PASSED] - verifyTextPresent("Payer Information", true): Text 'Payer Information' is present on page  using regular expression

2024-11-07 21:19:29 - [MESSAGE][PASSED] - Text 'Payer Information' is present on page  using regular expression

2024-11-07 21:19:29 - [TEST_STEP][PASSED] - verifyTextPresent("Taxpayer Name:", true): Text 'Taxpayer Name:' is present on page  using regular expression

2024-11-07 21:19:29 - [MESSAGE][PASSED] - Text 'Taxpayer Name:' is present on page  using regular expression

2024-11-07 21:19:29 - [TEST_STEP][PASSED] - verifyTextPresent("My Company", true): Text 'My Company' is present on page  using regular expression

2024-11-07 21:19:29 - [MESSAGE][PASSED] - Text 'My Company' is present on page  using regular expression

2024-11-07 21:19:29 - [TEST_STEP][PASSED] - verifyTextPresent("Business Rep Name:", true): Text 'Business Rep Name:' is present on page  using regular expression

2024-11-07 21:19:30 - [MESSAGE][PASSED] - Text 'Business Rep Name:' is present on page  using regular expression

2024-11-07 21:19:30 - [TEST_STEP][PASSED] - verifyTextPresent("BusRepFname BusRepLname", true): Text 'BusRepFname BusRepLname' is present on page  using regular expression

2024-11-07 21:19:30 - [MESSAGE][PASSED] - Text 'BusRepFname BusRepLname' is present on page  using regular expression

2024-11-07 21:19:30 - [TEST_STEP][PASSED] - verifyTextPresent("Taxpayer Address:", true): Text 'Taxpayer Address:' is present on page  using regular expression

2024-11-07 21:19:30 - [MESSAGE][PASSED] - Text 'Taxpayer Address:' is present on page  using regular expression

2024-11-07 21:19:30 - [TEST_STEP][PASSED] - verifyTextPresent("2508 Mandan Terrace Gambrills Maryland 21054", true): Text '2508 Mandan Terrace Gambrills Maryland 21054' is present on page  using regular expression

2024-11-07 21:19:31 - [MESSAGE][PASSED] - Text '2508 Mandan Terrace Gambrills Maryland 21054' is present on page  using regular expression

2024-11-07 21:19:31 - [TEST_STEP][PASSED] - verifyTextPresent("Email:", true): Text 'Email:' is present on page  using regular expression

2024-11-07 21:19:31 - [MESSAGE][PASSED] - Text 'Email:' is present on page  using regular expression

2024-11-07 21:19:31 - [TEST_STEP][PASSED] - verifyTextPresent("iahmed@govolution.com", true): Text 'iahmed@govolution.com' is present on page  using regular expression

2024-11-07 21:19:31 - [MESSAGE][PASSED] - Text 'iahmed@govolution.com' is present on page  using regular expression

2024-11-07 21:19:31 - [TEST_STEP][PASSED] - verifyTextPresent("Phone:", true): Text 'Phone:' is present on page  using regular expression

2024-11-07 21:19:32 - [MESSAGE][PASSED] - Text 'Phone:' is present on page  using regular expression

2024-11-07 21:19:32 - [TEST_STEP][PASSED] - verifyTextPresent("(703) 894-5000", false): Text '(703) 894-5000' is present on page 

2024-11-07 21:19:32 - [MESSAGE][PASSED] - Text '(703) 894-5000' is present on page 

2024-11-07 21:19:32 - [TEST_STEP][PASSED] - verifyTextPresent("Tax Information", true): Text 'Tax Information' is present on page  using regular expression

2024-11-07 21:19:32 - [MESSAGE][PASSED] - Text 'Tax Information' is present on page  using regular expression

2024-11-07 21:19:32 - [TEST_STEP][PASSED] - verifyTextNotPresent("Notice Number", true): Text 'Notice Number' is not present on page using regular expression

2024-11-07 21:19:33 - [MESSAGE][PASSED] - Text 'Notice Number' is not present on page using regular expression

2024-11-07 21:19:33 - [TEST_STEP][PASSED] - if (month.trim()): Text 'February' is present on page  using regular expression

2024-11-07 21:19:33 - [TEST_STEP][PASSED] - verifyTextPresent("Period Ending", true): Text 'Period Ending' is present on page  using regular expression

2024-11-07 21:19:33 - [MESSAGE][PASSED] - Text 'Period Ending' is present on page  using regular expression

2024-11-07 21:19:33 - [TEST_STEP][PASSED] - verifyTextPresent(month, true): Text 'February' is present on page  using regular expression

2024-11-07 21:19:33 - [MESSAGE][PASSED] - Text 'February' is present on page  using regular expression

2024-11-07 21:19:33 - [TEST_STEP][PASSED] - if (feinSSN.equalsIgnoreCase("Y")): null

2024-11-07 21:19:33 - [TEST_STEP][PASSED] - else: Text 'XXXXXXX87' is present on page  using regular expression

2024-11-07 21:19:33 - [TEST_STEP][PASSED] - if (!(TaxType.equalsIgnoreCase("Estate Tax"))): Text 'XXXXXXX87' is present on page  using regular expression

2024-11-07 21:19:33 - [TEST_STEP][PASSED] - verifyTextPresent("Federal EIN:", true): Text 'Federal EIN:' is present on page  using regular expression

2024-11-07 21:19:34 - [MESSAGE][PASSED] - Text 'Federal EIN:' is present on page  using regular expression

2024-11-07 21:19:34 - [TEST_STEP][PASSED] - verifyTextNotPresent("FEIN/SSN:", true): Text 'FEIN/SSN:' is not present on page using regular expression

2024-11-07 21:19:34 - [MESSAGE][PASSED] - Text 'FEIN/SSN:' is not present on page using regular expression

2024-11-07 21:19:34 - [TEST_STEP][PASSED] - verifyTextPresent("XXXXXXX87", true): Text 'XXXXXXX87' is present on page  using regular expression

2024-11-07 21:19:34 - [MESSAGE][PASSED] - Text 'XXXXXXX87' is present on page  using regular expression

2024-11-07 21:19:34 - [TEST_STEP][PASSED] - if (TaxType.equalsIgnoreCase("Estate Tax")): null

2024-11-07 21:19:34 - [TEST_STEP][PASSED] - if (CRN.equalsIgnoreCase("Y")): Text '07640126' is present on page  using regular expression

2024-11-07 21:19:34 - [TEST_STEP][PASSED] - verifyTextPresent("MD Central Registration Number#:", true): Text 'MD Central Registration Number#:' is present on page  using regular expression

2024-11-07 21:19:35 - [MESSAGE][PASSED] - Text 'MD Central Registration Number#:' is present on page  using regular expression

2024-11-07 21:19:35 - [TEST_STEP][PASSED] - verifyTextPresent("07640126", true): Text '07640126' is present on page  using regular expression

2024-11-07 21:19:35 - [MESSAGE][PASSED] - Text '07640126' is present on page  using regular expression

2024-11-07 21:19:35 - [TEST_STEP][PASSED] - if (MFLicNum.equalsIgnoreCase("Y")): null

2024-11-07 21:19:35 - [TEST_STEP][PASSED] - else: Text 'Motor Fuel License Number#:' is not present on page using regular expression

2024-11-07 21:19:35 - [TEST_STEP][PASSED] - verifyTextNotPresent("Motor Fuel License Number#:", true): Text 'Motor Fuel License Number#:' is not present on page using regular expression

2024-11-07 21:19:35 - [MESSAGE][PASSED] - Text 'Motor Fuel License Number#:' is not present on page using regular expression

2024-11-07 21:19:35 - [TEST_STEP][PASSED] - verifyTextPresent("Payment Amount:", true): Text 'Payment Amount:' is present on page  using regular expression

2024-11-07 21:19:35 - [MESSAGE][PASSED] - Text 'Payment Amount:' is present on page  using regular expression

2024-11-07 21:19:35 - [TEST_STEP][PASSED] - verifyTextPresent("100.00", true): Text '100.00' is present on page  using regular expression

2024-11-07 21:19:36 - [MESSAGE][PASSED] - Text '100.00' is present on page  using regular expression

2024-11-07 21:19:36 - [TEST_STEP][PASSED] - if (verifyElementVisible(findTestObject(orPath_Summary + "/button_Proceed to Payment"))): null

2024-11-07 21:19:36 - [MESSAGE][PASSED] - Object 'Object Repository/RAD_Pages/Summary_Page/button_Proceed to Payment' is visible

2024-11-07 21:19:36 - [TEST_STEP][PASSED] - resText = "Pass": null

2024-11-07 21:19:36 - [TEST_STEP][PASSED] - pages.WriteExcel.demoKey(resText, datText, resColumn, datCloumn, fileLoc, nameSheet, row): pages.WriteExcel.demoKey is PASSED

2024-11-07 21:19:36 - [MESSAGE][PASSED] - pages.WriteExcel.demoKey is PASSED

2024-11-07 21:19:36 - [TEST_STEP][PASSED] - click(findTestObject(orPath_Summary + "/button_Proceed to Payment")): Object: 'Object Repository/RAD_Pages/Summary_Page/button_Proceed to Payment' is clicked on

2024-11-07 21:19:42 - [MESSAGE][PASSED] - Object: 'Object Repository/RAD_Pages/Summary_Page/button_Proceed to Payment' is clicked on

2024-11-07 21:19:42 - [TEST_STEP][PASSED] - verifyElementPresent(findTestObject("Object Repository/RAD_Pages/PaymentEntry_Page/input__billingName"), 30): Object 'Object Repository/RAD_Pages/PaymentEntry_Page/input__billingName' is present

2024-11-07 21:19:44 - [MESSAGE][PASSED] - Object 'Object Repository/RAD_Pages/PaymentEntry_Page/input__billingName' is present

2024-11-07 21:19:44 - [TEST_STEP][PASSED] - ExecuteTC = findTestData(dataFile).getValue("Execute", row): null

2024-11-07 21:19:44 - [TEST_STEP][PASSED] - TaxType = findTestData(dataFile).getValue("TaxType", row): null

2024-11-07 21:19:44 - [TEST_STEP][PASSED] - PaymentType = findTestData(dataFile).getValue("PaymentType", row): null

2024-11-07 21:19:44 - [TEST_STEP][PASSED] - FilingYear = findTestData(dataFile).getValue("Year", row): null

2024-11-07 21:19:44 - [TEST_STEP][PASSED] - feinSSN = findTestData(dataFile).getValue("FeinSsn", row): null

2024-11-07 21:19:44 - [TEST_STEP][PASSED] - CRN = findTestData(dataFile).getValue("CRN", row): null

2024-11-07 21:19:44 - [TEST_STEP][PASSED] - month = findTestData(dataFile).getValue("Month", row): null

2024-11-07 21:19:45 - [TEST_STEP][PASSED] - MFLicNum = findTestData(dataFile).getValue("MFLicNum", row): null

2024-11-07 21:19:45 - [TEST_STEP][PASSED] - if (ExecuteTC.equalsIgnoreCase("Y")): Object 'Object Repository/RAD_Pages/PaymentEntry_Page/input__billingName' is present

2024-11-07 21:19:45 - [TEST_STEP][PASSED] - out.println("Begin Record Number: " + row): null

2024-11-07 21:19:45 - [TEST_STEP][PASSED] - today = new java.util.Date(): null

2024-11-07 21:19:45 - [TEST_STEP][PASSED] - println(today): null

2024-11-07 21:19:45 - [TEST_STEP][PASSED] - datText = today: null

2024-11-07 21:19:45 - [TEST_STEP][PASSED] - logInfo("Payment Type: New Tax Return Amount Due"): Payment Type: New Tax Return Amount Due

2024-11-07 21:19:45 - [MESSAGE][INFO] - Payment Type: New Tax Return Amount Due

2024-11-07 21:19:45 - [TEST_STEP][PASSED] - logInfo("Tax Type: " + TaxType): Tax Type: Alcohol Tax

2024-11-07 21:19:45 - [MESSAGE][INFO] - Tax Type: Alcohol Tax

2024-11-07 21:19:45 - [TEST_STEP][PASSED] - openBrowser(""): Browser is opened with url: ''

2024-11-07 21:19:45 - [MESSAGE][WARNING] - A browser is already opened. Closing browser and opening a new one

2024-11-07 21:19:50 - [MESSAGE][INFO] - Starting 'Chrome' driver

2024-11-07 21:19:50 - [MESSAGE][INFO] - User set preference: ['acceptInsecureCerts', 'true']

2024-11-07 21:19:50 - [MESSAGE][INFO] - Action delay is set to 0 milliseconds

2024-11-07 21:19:53 - [MESSAGE][PASSED] - Browser is opened with url: ''

2024-11-07 21:19:53 - [TEST_STEP][PASSED] - maximizeWindow(): Current window maximized

2024-11-07 21:19:53 - [MESSAGE][PASSED] - Current window maximized

2024-11-07 21:19:53 - [TEST_STEP][PASSED] - navigateToUrl(RADurl): Navigate to 'https://www.velocitypayment.com/client/rad/index.html' successfully

2024-11-07 21:19:55 - [MESSAGE][PASSED] - Navigate to 'https://www.velocitypayment.com/client/rad/index.html' successfully

2024-11-07 21:19:55 - [TEST_STEP][PASSED] - selectOptionByLabel(findTestObject(orPath_Landing + "/dd_TaxType"), "New Tax Return Amount Due", false): All options with label 'New Tax Return Amount Due' are selected in object 'Object Repository/RAD_Pages/Landing_Page/dd_TaxType' 

2024-11-07 21:19:56 - [MESSAGE][PASSED] - All options with label 'New Tax Return Amount Due' are selected in object 'Object Repository/RAD_Pages/Landing_Page/dd_TaxType' 

2024-11-07 21:19:56 - [TEST_STEP][PASSED] - selectOptionByLabel(findTestObject("Object Repository/RAD_Pages/Landing_Page/select_NewTaxReturnAmountDue_TaxType"), TaxType, false): All options with label 'Alcohol Tax' are selected in object 'Object Repository/RAD_Pages/Landing_Page/select_NewTaxReturnAmountDue_TaxType' 

2024-11-07 21:19:56 - [MESSAGE][PASSED] - All options with label 'Alcohol Tax' are selected in object 'Object Repository/RAD_Pages/Landing_Page/select_NewTaxReturnAmountDue_TaxType' 

2024-11-07 21:19:56 - [TEST_STEP][PASSED] - selectOptionByLabel(findTestObject(orPath_TaxTypeFilingYear + "/select_FilingYear"), FilingYear, false): All options with label '2024' are selected in object 'Object Repository/RAD_Pages/TaxTypeFilingYear_Page/select_FilingYear' 

2024-11-07 21:19:57 - [MESSAGE][PASSED] - All options with label '2024' are selected in object 'Object Repository/RAD_Pages/TaxTypeFilingYear_Page/select_FilingYear' 

2024-11-07 21:19:57 - [TEST_STEP][PASSED] - if (month.trim()): All options with label 'January' are selected in object 'Object Repository/RAD_Pages/TaxTypeFilingYear_Page/select_PeriodEnding' 

2024-11-07 21:19:57 - [TEST_STEP][PASSED] - selectOptionByLabel(findTestObject(orPath_TaxTypeFilingYear + "/select_PeriodEnding"), month, false): All options with label 'January' are selected in object 'Object Repository/RAD_Pages/TaxTypeFilingYear_Page/select_PeriodEnding' 

2024-11-07 21:19:58 - [MESSAGE][PASSED] - All options with label 'January' are selected in object 'Object Repository/RAD_Pages/TaxTypeFilingYear_Page/select_PeriodEnding' 

2024-11-07 21:19:58 - [TEST_STEP][PASSED] - rad.getSetDataRAD.setDataRADBusinessName(): rad.getSetDataRAD.setDataRADBusinessName is PASSED

2024-11-07 21:19:59 - [MESSAGE][PASSED] - Text 'My Company' is set on object 'Object Repository/RAD_Pages/Taxpayer_Page/input_businessName'

2024-11-07 21:19:59 - [MESSAGE][PASSED] - rad.getSetDataRAD.setDataRADBusinessName is PASSED

2024-11-07 21:19:59 - [TEST_STEP][PASSED] - rad.getSetDataRAD.setDataRADBusinessRep(): rad.getSetDataRAD.setDataRADBusinessRep is PASSED

2024-11-07 21:20:00 - [MESSAGE][PASSED] - Text 'BusRepFname' is set on object 'Object Repository/RAD_Pages/Taxpayer_Page/input_BusinessRepfirstName'

2024-11-07 21:20:01 - [MESSAGE][PASSED] - Text '' is set on object 'Object Repository/RAD_Pages/Taxpayer_Page/input_BusinessRepmiddleName'

2024-11-07 21:20:01 - [MESSAGE][PASSED] - Text 'BusRepLname' is set on object 'Object Repository/RAD_Pages/Taxpayer_Page/input_BusinessReplastName'

2024-11-07 21:20:02 - [MESSAGE][PASSED] - Text '' is set on object 'Object Repository/RAD_Pages/Taxpayer_Page/input_BusinessRepsuffix'

2024-11-07 21:20:02 - [MESSAGE][PASSED] - rad.getSetDataRAD.setDataRADBusinessRep is PASSED

2024-11-07 21:20:02 - [TEST_STEP][PASSED] - rad.getSetDataRAD.setDataRADAddress(): rad.getSetDataRAD.setDataRADAddress is PASSED

2024-11-07 21:20:03 - [MESSAGE][PASSED] - All options with label 'United States' are selected in object 'Object Repository/RAD_Pages/AddressAndContactInfo_Page/select_Country' 

2024-11-07 21:20:03 - [MESSAGE][PASSED] - Text '2508 Mandan Terrace' is set on object 'Object Repository/RAD_Pages/AddressAndContactInfo_Page/input_streetAddress1'

2024-11-07 21:20:04 - [MESSAGE][PASSED] - Text '' is set on object 'Object Repository/RAD_Pages/AddressAndContactInfo_Page/input_streetAddress2'

2024-11-07 21:20:05 - [MESSAGE][PASSED] - Text 'Gambrills' is set on object 'Object Repository/RAD_Pages/AddressAndContactInfo_Page/input_city'

2024-11-07 21:20:06 - [MESSAGE][PASSED] - All options with label 'Maryland' are selected in object 'Object Repository/RAD_Pages/AddressAndContactInfo_Page/select_State' 

2024-11-07 21:20:07 - [MESSAGE][PASSED] - Text '21054' is set on object 'Object Repository/RAD_Pages/AddressAndContactInfo_Page/input_zipCode'

2024-11-07 21:20:09 - [MESSAGE][PASSED] - Text '(703) 894-5000' is set on object 'Object Repository/RAD_Pages/AddressAndContactInfo_Page/input_phoneNumber'

2024-11-07 21:20:10 - [MESSAGE][PASSED] - Text 'iahmed@govolution.com' is set on object 'Object Repository/RAD_Pages/AddressAndContactInfo_Page/input_eMailAddress'

2024-11-07 21:20:10 - [MESSAGE][PASSED] - Text 'iahmed@govolution.com' is set on object 'Object Repository/RAD_Pages/AddressAndContactInfo_Page/input_reEnterEMailAddress'

2024-11-07 21:20:10 - [MESSAGE][PASSED] - rad.getSetDataRAD.setDataRADAddress is PASSED

2024-11-07 21:20:10 - [TEST_STEP][PASSED] - if (feinSSN.equalsIgnoreCase("Y")): null

2024-11-07 21:20:10 - [TEST_STEP][PASSED] - else: Text ****** has been set on object 'Object Repository/RAD_Pages/TaxInfo_Page/input_FederalEIN_ReEnter'

2024-11-07 21:20:10 - [TEST_STEP][PASSED] - if (!(TaxType.equalsIgnoreCase("Estate Tax"))): Text ****** has been set on object 'Object Repository/RAD_Pages/TaxInfo_Page/input_FederalEIN_ReEnter'

2024-11-07 21:20:10 - [TEST_STEP][PASSED] - setEncryptedText(findTestObject(orPath_TaxInfo + "/input_FederalEIN"), "yXB7JMCbD3QoFF75EQd3iw=="): Text ****** has been set on object 'Object Repository/RAD_Pages/TaxInfo_Page/input_FederalEIN'

2024-11-07 21:20:11 - [MESSAGE][PASSED] - Text ****** has been set on object 'Object Repository/RAD_Pages/TaxInfo_Page/input_FederalEIN'

2024-11-07 21:20:11 - [TEST_STEP][PASSED] - setEncryptedText(findTestObject(orPath_TaxInfo + "/input_FederalEIN_ReEnter"), "yXB7JMCbD3QoFF75EQd3iw=="): Text ****** has been set on object 'Object Repository/RAD_Pages/TaxInfo_Page/input_FederalEIN_ReEnter'

2024-11-07 21:20:12 - [MESSAGE][PASSED] - Text ****** has been set on object 'Object Repository/RAD_Pages/TaxInfo_Page/input_FederalEIN_ReEnter'

2024-11-07 21:20:12 - [TEST_STEP][PASSED] - if (CRN.equalsIgnoreCase("Y")): rad.getSetDataRAD.setDataRADMDCRN is PASSED

2024-11-07 21:20:12 - [TEST_STEP][PASSED] - rad.getSetDataRAD.setDataRADMDCRN(): rad.getSetDataRAD.setDataRADMDCRN is PASSED

2024-11-07 21:20:13 - [MESSAGE][PASSED] - Text '07640126' is set on object 'Object Repository/RAD_Pages/TaxInfo_Page/input_MDCRegistration'

2024-11-07 21:20:13 - [MESSAGE][PASSED] - rad.getSetDataRAD.setDataRADMDCRN is PASSED

2024-11-07 21:20:13 - [TEST_STEP][PASSED] - if (MFLicNum.equalsIgnoreCase("Y")): null

2024-11-07 21:20:13 - [TEST_STEP][PASSED] - if (TaxType.equalsIgnoreCase("Estate Tax")): null

2024-11-07 21:20:13 - [TEST_STEP][PASSED] - setText(findTestObject(orPath_Amount + "/input__paymentAmount"), "100.00"): Text '100.00' is set on object 'Object Repository/RAD_Pages/PaymentAmount_Page/input__paymentAmount'

2024-11-07 21:20:13 - [MESSAGE][PASSED] - Text '100.00' is set on object 'Object Repository/RAD_Pages/PaymentAmount_Page/input__paymentAmount'

2024-11-07 21:20:13 - [TEST_STEP][PASSED] - setText(findTestObject(orPath_AddressContact + "/input_streetAddress2"), ""): Text '' is set on object 'Object Repository/RAD_Pages/AddressAndContactInfo_Page/input_streetAddress2'

2024-11-07 21:20:14 - [MESSAGE][PASSED] - Text '' is set on object 'Object Repository/RAD_Pages/AddressAndContactInfo_Page/input_streetAddress2'

2024-11-07 21:20:14 - [TEST_STEP][PASSED] - scrollToElement(findTestObject(orPath_Landing + "/button_Continue"), 3): Scroll to object 'Object Repository/RAD_Pages/Landing_Page/button_Continue' successfully

2024-11-07 21:20:14 - [MESSAGE][PASSED] - Scroll to object 'Object Repository/RAD_Pages/Landing_Page/button_Continue' successfully

2024-11-07 21:20:14 - [TEST_STEP][PASSED] - waitForElementClickable(findTestObject(orPath_Landing + "/button_Continue"), 5): Object 'Object Repository/RAD_Pages/Landing_Page/button_Continue' is clickable

2024-11-07 21:20:15 - [MESSAGE][PASSED] - Object 'Object Repository/RAD_Pages/Landing_Page/button_Continue' is clickable

2024-11-07 21:20:15 - [TEST_STEP][PASSED] - click(findTestObject(orPath_Landing + "/button_Continue")): Object: 'Object Repository/RAD_Pages/Landing_Page/button_Continue' is clicked on

2024-11-07 21:20:15 - [MESSAGE][PASSED] - Object: 'Object Repository/RAD_Pages/Landing_Page/button_Continue' is clicked on

2024-11-07 21:20:15 - [TEST_STEP][PASSED] - delay(2): Delayed 2 second(s)

2024-11-07 21:20:17 - [MESSAGE][PASSED] - Delayed 2 second(s)

2024-11-07 21:20:17 - [TEST_STEP][PASSED] - verifyTextPresent("Summary", true): Text 'Summary' is present on page  using regular expression

2024-11-07 21:20:18 - [MESSAGE][PASSED] - Text 'Summary' is present on page  using regular expression

2024-11-07 21:20:18 - [TEST_STEP][PASSED] - verifyTextPresent("Review the information below and make any necessary corrections by clicking the", true): Text 'Review the information below and make any necessary corrections by clicking the' is present on page  using regular expression

2024-11-07 21:20:18 - [MESSAGE][PASSED] - Text 'Review the information below and make any necessary corrections by clicking the' is present on page  using regular expression

2024-11-07 21:20:18 - [TEST_STEP][PASSED] - verifyTextPresent("When you are confident that all the information is correct, click the", true): Text 'When you are confident that all the information is correct, click the' is present on page  using regular expression

2024-11-07 21:20:18 - [MESSAGE][PASSED] - Text 'When you are confident that all the information is correct, click the' is present on page  using regular expression

2024-11-07 21:20:18 - [TEST_STEP][PASSED] - verifyTextPresent("Payment Type/Filing Year", true): Text 'Payment Type/Filing Year' is present on page  using regular expression

2024-11-07 21:20:19 - [MESSAGE][PASSED] - Text 'Payment Type/Filing Year' is present on page  using regular expression

2024-11-07 21:20:19 - [TEST_STEP][PASSED] - verifyTextPresent("Payment Type:", true): Text 'Payment Type:' is present on page  using regular expression

2024-11-07 21:20:19 - [MESSAGE][PASSED] - Text 'Payment Type:' is present on page  using regular expression

2024-11-07 21:20:19 - [TEST_STEP][PASSED] - verifyTextPresent("New Tax Return Amount Due", true): Text 'New Tax Return Amount Due' is present on page  using regular expression

2024-11-07 21:20:19 - [MESSAGE][PASSED] - Text 'New Tax Return Amount Due' is present on page  using regular expression

2024-11-07 21:20:19 - [TEST_STEP][PASSED] - verifyTextPresent("Filing Year:", true): Text 'Filing Year:' is present on page  using regular expression

2024-11-07 21:20:20 - [MESSAGE][PASSED] - Text 'Filing Year:' is present on page  using regular expression

2024-11-07 21:20:20 - [TEST_STEP][PASSED] - verifyTextPresent(FilingYear, true): Text '2024' is present on page  using regular expression

2024-11-07 21:20:20 - [MESSAGE][PASSED] - Text '2024' is present on page  using regular expression

2024-11-07 21:20:20 - [TEST_STEP][PASSED] - verifyTextPresent("Payer Information", true): Text 'Payer Information' is present on page  using regular expression

2024-11-07 21:20:20 - [MESSAGE][PASSED] - Text 'Payer Information' is present on page  using regular expression

2024-11-07 21:20:20 - [TEST_STEP][PASSED] - verifyTextPresent("Taxpayer Name:", true): Text 'Taxpayer Name:' is present on page  using regular expression

2024-11-07 21:20:21 - [MESSAGE][PASSED] - Text 'Taxpayer Name:' is present on page  using regular expression

2024-11-07 21:20:21 - [TEST_STEP][PASSED] - verifyTextPresent("My Company", true): Text 'My Company' is present on page  using regular expression

2024-11-07 21:20:21 - [MESSAGE][PASSED] - Text 'My Company' is present on page  using regular expression

2024-11-07 21:20:21 - [TEST_STEP][PASSED] - verifyTextPresent("Business Rep Name:", true): Text 'Business Rep Name:' is present on page  using regular expression

2024-11-07 21:20:21 - [MESSAGE][PASSED] - Text 'Business Rep Name:' is present on page  using regular expression

2024-11-07 21:20:21 - [TEST_STEP][PASSED] - verifyTextPresent("BusRepFname BusRepLname", true): Text 'BusRepFname BusRepLname' is present on page  using regular expression

2024-11-07 21:20:21 - [MESSAGE][PASSED] - Text 'BusRepFname BusRepLname' is present on page  using regular expression

2024-11-07 21:20:21 - [TEST_STEP][PASSED] - verifyTextPresent("Taxpayer Address:", true): Text 'Taxpayer Address:' is present on page  using regular expression

2024-11-07 21:20:22 - [MESSAGE][PASSED] - Text 'Taxpayer Address:' is present on page  using regular expression

2024-11-07 21:20:22 - [TEST_STEP][PASSED] - verifyTextPresent("2508 Mandan Terrace Gambrills Maryland 21054", true): Text '2508 Mandan Terrace Gambrills Maryland 21054' is present on page  using regular expression

2024-11-07 21:20:22 - [MESSAGE][PASSED] - Text '2508 Mandan Terrace Gambrills Maryland 21054' is present on page  using regular expression

2024-11-07 21:20:22 - [TEST_STEP][PASSED] - verifyTextPresent("Email:", true): Text 'Email:' is present on page  using regular expression

2024-11-07 21:20:22 - [MESSAGE][PASSED] - Text 'Email:' is present on page  using regular expression

2024-11-07 21:20:22 - [TEST_STEP][PASSED] - verifyTextPresent("iahmed@govolution.com", true): Text 'iahmed@govolution.com' is present on page  using regular expression

2024-11-07 21:20:23 - [MESSAGE][PASSED] - Text 'iahmed@govolution.com' is present on page  using regular expression

2024-11-07 21:20:23 - [TEST_STEP][PASSED] - verifyTextPresent("Phone:", true): Text 'Phone:' is present on page  using regular expression

2024-11-07 21:20:23 - [MESSAGE][PASSED] - Text 'Phone:' is present on page  using regular expression

2024-11-07 21:20:23 - [TEST_STEP][PASSED] - verifyTextPresent("(703) 894-5000", false): Text '(703) 894-5000' is present on page 

2024-11-07 21:20:23 - [MESSAGE][PASSED] - Text '(703) 894-5000' is present on page 

2024-11-07 21:20:23 - [TEST_STEP][PASSED] - verifyTextPresent("Tax Information", true): Text 'Tax Information' is present on page  using regular expression

2024-11-07 21:20:24 - [MESSAGE][PASSED] - Text 'Tax Information' is present on page  using regular expression

2024-11-07 21:20:24 - [TEST_STEP][PASSED] - verifyTextNotPresent("Notice Number", true): Text 'Notice Number' is not present on page using regular expression

2024-11-07 21:20:24 - [MESSAGE][PASSED] - Text 'Notice Number' is not present on page using regular expression

2024-11-07 21:20:24 - [TEST_STEP][PASSED] - if (month.trim()): Text 'January' is present on page  using regular expression

2024-11-07 21:20:24 - [TEST_STEP][PASSED] - verifyTextPresent("Period Ending", true): Text 'Period Ending' is present on page  using regular expression

2024-11-07 21:20:24 - [MESSAGE][PASSED] - Text 'Period Ending' is present on page  using regular expression

2024-11-07 21:20:24 - [TEST_STEP][PASSED] - verifyTextPresent(month, true): Text 'January' is present on page  using regular expression

2024-11-07 21:20:25 - [MESSAGE][PASSED] - Text 'January' is present on page  using regular expression

2024-11-07 21:20:25 - [TEST_STEP][PASSED] - if (feinSSN.equalsIgnoreCase("Y")): null

2024-11-07 21:20:25 - [TEST_STEP][PASSED] - else: Text 'XXXXXXX87' is present on page  using regular expression

2024-11-07 21:20:25 - [TEST_STEP][PASSED] - if (!(TaxType.equalsIgnoreCase("Estate Tax"))): Text 'XXXXXXX87' is present on page  using regular expression

2024-11-07 21:20:25 - [TEST_STEP][PASSED] - verifyTextPresent("Federal EIN:", true): Text 'Federal EIN:' is present on page  using regular expression

2024-11-07 21:20:25 - [MESSAGE][PASSED] - Text 'Federal EIN:' is present on page  using regular expression

2024-11-07 21:20:25 - [TEST_STEP][PASSED] - verifyTextNotPresent("FEIN/SSN:", true): Text 'FEIN/SSN:' is not present on page using regular expression

2024-11-07 21:20:25 - [MESSAGE][PASSED] - Text 'FEIN/SSN:' is not present on page using regular expression

2024-11-07 21:20:25 - [TEST_STEP][PASSED] - verifyTextPresent("XXXXXXX87", true): Text 'XXXXXXX87' is present on page  using regular expression

2024-11-07 21:20:26 - [MESSAGE][PASSED] - Text 'XXXXXXX87' is present on page  using regular expression

2024-11-07 21:20:26 - [TEST_STEP][PASSED] - if (TaxType.equalsIgnoreCase("Estate Tax")): null

2024-11-07 21:20:26 - [TEST_STEP][PASSED] - if (CRN.equalsIgnoreCase("Y")): Text '07640126' is present on page  using regular expression

2024-11-07 21:20:26 - [TEST_STEP][PASSED] - verifyTextPresent("MD Central Registration Number#:", true): Text 'MD Central Registration Number#:' is present on page  using regular expression

2024-11-07 21:20:26 - [MESSAGE][PASSED] - Text 'MD Central Registration Number#:' is present on page  using regular expression

2024-11-07 21:20:26 - [TEST_STEP][PASSED] - verifyTextPresent("07640126", true): Text '07640126' is present on page  using regular expression

2024-11-07 21:20:26 - [MESSAGE][PASSED] - Text '07640126' is present on page  using regular expression

2024-11-07 21:20:26 - [TEST_STEP][PASSED] - if (MFLicNum.equalsIgnoreCase("Y")): null

2024-11-07 21:20:26 - [TEST_STEP][PASSED] - else: Text 'Motor Fuel License Number#:' is not present on page using regular expression

2024-11-07 21:20:26 - [TEST_STEP][PASSED] - verifyTextNotPresent("Motor Fuel License Number#:", true): Text 'Motor Fuel License Number#:' is not present on page using regular expression

2024-11-07 21:20:27 - [MESSAGE][PASSED] - Text 'Motor Fuel License Number#:' is not present on page using regular expression

2024-11-07 21:20:27 - [TEST_STEP][PASSED] - verifyTextPresent("Payment Amount:", true): Text 'Payment Amount:' is present on page  using regular expression

2024-11-07 21:20:27 - [MESSAGE][PASSED] - Text 'Payment Amount:' is present on page  using regular expression

2024-11-07 21:20:27 - [TEST_STEP][PASSED] - verifyTextPresent("100.00", true): Text '100.00' is present on page  using regular expression

2024-11-07 21:20:27 - [MESSAGE][PASSED] - Text '100.00' is present on page  using regular expression

2024-11-07 21:20:27 - [TEST_STEP][PASSED] - if (verifyElementVisible(findTestObject(orPath_Summary + "/button_Proceed to Payment"))): null

2024-11-07 21:20:28 - [MESSAGE][PASSED] - Object 'Object Repository/RAD_Pages/Summary_Page/button_Proceed to Payment' is visible

2024-11-07 21:20:28 - [TEST_STEP][PASSED] - resText = "Pass": null

2024-11-07 21:20:28 - [TEST_STEP][PASSED] - pages.WriteExcel.demoKey(resText, datText, resColumn, datCloumn, fileLoc, nameSheet, row): pages.WriteExcel.demoKey is PASSED

2024-11-07 21:20:28 - [MESSAGE][PASSED] - pages.WriteExcel.demoKey is PASSED

2024-11-07 21:20:28 - [TEST_STEP][PASSED] - click(findTestObject(orPath_Summary + "/button_Proceed to Payment")): Object: 'Object Repository/RAD_Pages/Summary_Page/button_Proceed to Payment' is clicked on

2024-11-07 21:20:30 - [MESSAGE][PASSED] - Object: 'Object Repository/RAD_Pages/Summary_Page/button_Proceed to Payment' is clicked on

2024-11-07 21:20:30 - [TEST_STEP][PASSED] - verifyElementPresent(findTestObject("Object Repository/RAD_Pages/PaymentEntry_Page/input__billingName"), 30): Object 'Object Repository/RAD_Pages/PaymentEntry_Page/input__billingName' is present

2024-11-07 21:20:31 - [MESSAGE][PASSED] - Object 'Object Repository/RAD_Pages/PaymentEntry_Page/input__billingName' is present

2024-11-07 21:20:31 - [TEST_STEP][PASSED] - ExecuteTC = findTestData(dataFile).getValue("Execute", row): null

2024-11-07 21:20:31 - [TEST_STEP][PASSED] - TaxType = findTestData(dataFile).getValue("TaxType", row): null

2024-11-07 21:20:31 - [TEST_STEP][PASSED] - PaymentType = findTestData(dataFile).getValue("PaymentType", row): null

2024-11-07 21:20:31 - [TEST_STEP][PASSED] - FilingYear = findTestData(dataFile).getValue("Year", row): null

2024-11-07 21:20:31 - [TEST_STEP][PASSED] - feinSSN = findTestData(dataFile).getValue("FeinSsn", row): null

2024-11-07 21:20:31 - [TEST_STEP][PASSED] - CRN = findTestData(dataFile).getValue("CRN", row): null

2024-11-07 21:20:31 - [TEST_STEP][PASSED] - month = findTestData(dataFile).getValue("Month", row): null

2024-11-07 21:20:31 - [TEST_STEP][PASSED] - MFLicNum = findTestData(dataFile).getValue("MFLicNum", row): null

2024-11-07 21:20:31 - [TEST_STEP][PASSED] - if (ExecuteTC.equalsIgnoreCase("Y")): Object 'Object Repository/RAD_Pages/PaymentEntry_Page/input__billingName' is present

2024-11-07 21:20:31 - [TEST_STEP][PASSED] - out.println("Begin Record Number: " + row): null

2024-11-07 21:20:31 - [TEST_STEP][PASSED] - today = new java.util.Date(): null

2024-11-07 21:20:31 - [TEST_STEP][PASSED] - println(today): null

2024-11-07 21:20:31 - [TEST_STEP][PASSED] - datText = today: null

2024-11-07 21:20:31 - [TEST_STEP][PASSED] - logInfo("Payment Type: New Tax Return Amount Due"): Payment Type: New Tax Return Amount Due

2024-11-07 21:20:31 - [MESSAGE][INFO] - Payment Type: New Tax Return Amount Due

2024-11-07 21:20:31 - [TEST_STEP][PASSED] - logInfo("Tax Type: " + TaxType): Tax Type: Bay Restoration Fee

2024-11-07 21:20:31 - [MESSAGE][INFO] - Tax Type: Bay Restoration Fee

2024-11-07 21:20:31 - [TEST_STEP][PASSED] - openBrowser(""): Browser is opened with url: ''

2024-11-07 21:20:31 - [MESSAGE][WARNING] - A browser is already opened. Closing browser and opening a new one

2024-11-07 21:20:33 - [MESSAGE][INFO] - Starting 'Chrome' driver

2024-11-07 21:20:33 - [MESSAGE][INFO] - User set preference: ['acceptInsecureCerts', 'true']

2024-11-07 21:20:33 - [MESSAGE][INFO] - Action delay is set to 0 milliseconds

2024-11-07 21:20:35 - [MESSAGE][PASSED] - Browser is opened with url: ''

2024-11-07 21:20:35 - [TEST_STEP][PASSED] - maximizeWindow(): Current window maximized

2024-11-07 21:20:35 - [MESSAGE][PASSED] - Current window maximized

2024-11-07 21:20:35 - [TEST_STEP][PASSED] - navigateToUrl(RADurl): Navigate to 'https://www.velocitypayment.com/client/rad/index.html' successfully

2024-11-07 21:20:35 - [MESSAGE][PASSED] - Navigate to 'https://www.velocitypayment.com/client/rad/index.html' successfully

2024-11-07 21:20:35 - [TEST_STEP][PASSED] - selectOptionByLabel(findTestObject(orPath_Landing + "/dd_TaxType"), "New Tax Return Amount Due", false): All options with label 'New Tax Return Amount Due' are selected in object 'Object Repository/RAD_Pages/Landing_Page/dd_TaxType' 

2024-11-07 21:20:38 - [MESSAGE][PASSED] - All options with label 'New Tax Return Amount Due' are selected in object 'Object Repository/RAD_Pages/Landing_Page/dd_TaxType' 

2024-11-07 21:20:38 - [TEST_STEP][PASSED] - selectOptionByLabel(findTestObject("Object Repository/RAD_Pages/Landing_Page/select_NewTaxReturnAmountDue_TaxType"), TaxType, false): All options with label 'Bay Restoration Fee' are selected in object 'Object Repository/RAD_Pages/Landing_Page/select_NewTaxReturnAmountDue_TaxType' 

2024-11-07 21:20:38 - [MESSAGE][PASSED] - All options with label 'Bay Restoration Fee' are selected in object 'Object Repository/RAD_Pages/Landing_Page/select_NewTaxReturnAmountDue_TaxType' 

2024-11-07 21:20:38 - [TEST_STEP][PASSED] - selectOptionByLabel(findTestObject(orPath_TaxTypeFilingYear + "/select_FilingYear"), FilingYear, false): All options with label '2024' are selected in object 'Object Repository/RAD_Pages/TaxTypeFilingYear_Page/select_FilingYear' 

2024-11-07 21:20:39 - [MESSAGE][PASSED] - All options with label '2024' are selected in object 'Object Repository/RAD_Pages/TaxTypeFilingYear_Page/select_FilingYear' 

2024-11-07 21:20:39 - [TEST_STEP][PASSED] - if (month.trim()): All options with label 'March' are selected in object 'Object Repository/RAD_Pages/TaxTypeFilingYear_Page/select_PeriodEnding' 

2024-11-07 21:20:39 - [TEST_STEP][PASSED] - selectOptionByLabel(findTestObject(orPath_TaxTypeFilingYear + "/select_PeriodEnding"), month, false): All options with label 'March' are selected in object 'Object Repository/RAD_Pages/TaxTypeFilingYear_Page/select_PeriodEnding' 

2024-11-07 21:20:40 - [MESSAGE][PASSED] - All options with label 'March' are selected in object 'Object Repository/RAD_Pages/TaxTypeFilingYear_Page/select_PeriodEnding' 

2024-11-07 21:20:40 - [TEST_STEP][PASSED] - rad.getSetDataRAD.setDataRADBusinessName(): rad.getSetDataRAD.setDataRADBusinessName is PASSED

2024-11-07 21:20:41 - [MESSAGE][PASSED] - Text 'My Company' is set on object 'Object Repository/RAD_Pages/Taxpayer_Page/input_businessName'

2024-11-07 21:20:41 - [MESSAGE][PASSED] - rad.getSetDataRAD.setDataRADBusinessName is PASSED

2024-11-07 21:20:41 - [TEST_STEP][PASSED] - rad.getSetDataRAD.setDataRADBusinessRep(): rad.getSetDataRAD.setDataRADBusinessRep is PASSED

2024-11-07 21:20:41 - [MESSAGE][PASSED] - Text 'BusRepFname' is set on object 'Object Repository/RAD_Pages/Taxpayer_Page/input_BusinessRepfirstName'

2024-11-07 21:20:42 - [MESSAGE][PASSED] - Text '' is set on object 'Object Repository/RAD_Pages/Taxpayer_Page/input_BusinessRepmiddleName'

2024-11-07 21:20:43 - [MESSAGE][PASSED] - Text 'BusRepLname' is set on object 'Object Repository/RAD_Pages/Taxpayer_Page/input_BusinessReplastName'

2024-11-07 21:20:44 - [MESSAGE][PASSED] - Text '' is set on object 'Object Repository/RAD_Pages/Taxpayer_Page/input_BusinessRepsuffix'

2024-11-07 21:20:44 - [MESSAGE][PASSED] - rad.getSetDataRAD.setDataRADBusinessRep is PASSED

2024-11-07 21:20:44 - [TEST_STEP][PASSED] - rad.getSetDataRAD.setDataRADAddress(): rad.getSetDataRAD.setDataRADAddress is PASSED

2024-11-07 21:20:44 - [MESSAGE][PASSED] - All options with label 'United States' are selected in object 'Object Repository/RAD_Pages/AddressAndContactInfo_Page/select_Country' 

2024-11-07 21:20:45 - [MESSAGE][PASSED] - Text '2508 Mandan Terrace' is set on object 'Object Repository/RAD_Pages/AddressAndContactInfo_Page/input_streetAddress1'

2024-11-07 21:20:46 - [MESSAGE][PASSED] - Text '' is set on object 'Object Repository/RAD_Pages/AddressAndContactInfo_Page/input_streetAddress2'

2024-11-07 21:20:46 - [MESSAGE][PASSED] - Text 'Gambrills' is set on object 'Object Repository/RAD_Pages/AddressAndContactInfo_Page/input_city'

2024-11-07 21:20:47 - [MESSAGE][PASSED] - All options with label 'Maryland' are selected in object 'Object Repository/RAD_Pages/AddressAndContactInfo_Page/select_State' 

2024-11-07 21:20:48 - [MESSAGE][PASSED] - Text '21054' is set on object 'Object Repository/RAD_Pages/AddressAndContactInfo_Page/input_zipCode'

2024-11-07 21:20:49 - [MESSAGE][PASSED] - Text '(703) 894-5000' is set on object 'Object Repository/RAD_Pages/AddressAndContactInfo_Page/input_phoneNumber'

2024-11-07 21:20:50 - [MESSAGE][PASSED] - Text 'iahmed@govolution.com' is set on object 'Object Repository/RAD_Pages/AddressAndContactInfo_Page/input_eMailAddress'

2024-11-07 21:20:51 - [MESSAGE][PASSED] - Text 'iahmed@govolution.com' is set on object 'Object Repository/RAD_Pages/AddressAndContactInfo_Page/input_reEnterEMailAddress'

2024-11-07 21:20:51 - [MESSAGE][PASSED] - rad.getSetDataRAD.setDataRADAddress is PASSED

2024-11-07 21:20:51 - [TEST_STEP][PASSED] - if (feinSSN.equalsIgnoreCase("Y")): null

2024-11-07 21:20:51 - [TEST_STEP][PASSED] - else: Text ****** has been set on object 'Object Repository/RAD_Pages/TaxInfo_Page/input_FederalEIN_ReEnter'

2024-11-07 21:20:51 - [TEST_STEP][PASSED] - if (!(TaxType.equalsIgnoreCase("Estate Tax"))): Text ****** has been set on object 'Object Repository/RAD_Pages/TaxInfo_Page/input_FederalEIN_ReEnter'

2024-11-07 21:20:51 - [TEST_STEP][PASSED] - setEncryptedText(findTestObject(orPath_TaxInfo + "/input_FederalEIN"), "yXB7JMCbD3QoFF75EQd3iw=="): Text ****** has been set on object 'Object Repository/RAD_Pages/TaxInfo_Page/input_FederalEIN'

2024-11-07 21:20:51 - [MESSAGE][PASSED] - Text ****** has been set on object 'Object Repository/RAD_Pages/TaxInfo_Page/input_FederalEIN'

2024-11-07 21:20:51 - [TEST_STEP][PASSED] - setEncryptedText(findTestObject(orPath_TaxInfo + "/input_FederalEIN_ReEnter"), "yXB7JMCbD3QoFF75EQd3iw=="): Text ****** has been set on object 'Object Repository/RAD_Pages/TaxInfo_Page/input_FederalEIN_ReEnter'

2024-11-07 21:20:52 - [MESSAGE][PASSED] - Text ****** has been set on object 'Object Repository/RAD_Pages/TaxInfo_Page/input_FederalEIN_ReEnter'

2024-11-07 21:20:52 - [TEST_STEP][PASSED] - if (CRN.equalsIgnoreCase("Y")): rad.getSetDataRAD.setDataRADMDCRN is PASSED

2024-11-07 21:20:52 - [TEST_STEP][PASSED] - rad.getSetDataRAD.setDataRADMDCRN(): rad.getSetDataRAD.setDataRADMDCRN is PASSED

2024-11-07 21:20:52 - [MESSAGE][PASSED] - Text '07640126' is set on object 'Object Repository/RAD_Pages/TaxInfo_Page/input_MDCRegistration'

2024-11-07 21:20:52 - [MESSAGE][PASSED] - rad.getSetDataRAD.setDataRADMDCRN is PASSED

2024-11-07 21:20:52 - [TEST_STEP][PASSED] - if (MFLicNum.equalsIgnoreCase("Y")): null

2024-11-07 21:20:52 - [TEST_STEP][PASSED] - if (TaxType.equalsIgnoreCase("Estate Tax")): null

2024-11-07 21:20:52 - [TEST_STEP][PASSED] - setText(findTestObject(orPath_Amount + "/input__paymentAmount"), "100.00"): Text '100.00' is set on object 'Object Repository/RAD_Pages/PaymentAmount_Page/input__paymentAmount'

2024-11-07 21:20:53 - [MESSAGE][PASSED] - Text '100.00' is set on object 'Object Repository/RAD_Pages/PaymentAmount_Page/input__paymentAmount'

2024-11-07 21:20:53 - [TEST_STEP][PASSED] - setText(findTestObject(orPath_AddressContact + "/input_streetAddress2"), ""): Text '' is set on object 'Object Repository/RAD_Pages/AddressAndContactInfo_Page/input_streetAddress2'

2024-11-07 21:20:54 - [MESSAGE][PASSED] - Text '' is set on object 'Object Repository/RAD_Pages/AddressAndContactInfo_Page/input_streetAddress2'

2024-11-07 21:20:54 - [TEST_STEP][PASSED] - scrollToElement(findTestObject(orPath_Landing + "/button_Continue"), 3): Scroll to object 'Object Repository/RAD_Pages/Landing_Page/button_Continue' successfully

2024-11-07 21:20:54 - [MESSAGE][PASSED] - Scroll to object 'Object Repository/RAD_Pages/Landing_Page/button_Continue' successfully

2024-11-07 21:20:54 - [TEST_STEP][PASSED] - waitForElementClickable(findTestObject(orPath_Landing + "/button_Continue"), 5): Object 'Object Repository/RAD_Pages/Landing_Page/button_Continue' is clickable

2024-11-07 21:20:55 - [MESSAGE][PASSED] - Object 'Object Repository/RAD_Pages/Landing_Page/button_Continue' is clickable

2024-11-07 21:20:55 - [TEST_STEP][PASSED] - click(findTestObject(orPath_Landing + "/button_Continue")): Object: 'Object Repository/RAD_Pages/Landing_Page/button_Continue' is clicked on

2024-11-07 21:20:55 - [MESSAGE][PASSED] - Object: 'Object Repository/RAD_Pages/Landing_Page/button_Continue' is clicked on

2024-11-07 21:20:55 - [TEST_STEP][PASSED] - delay(2): Delayed 2 second(s)

2024-11-07 21:20:57 - [MESSAGE][PASSED] - Delayed 2 second(s)

2024-11-07 21:20:57 - [TEST_STEP][PASSED] - verifyTextPresent("Summary", true): Text 'Summary' is present on page  using regular expression

2024-11-07 21:20:57 - [MESSAGE][PASSED] - Text 'Summary' is present on page  using regular expression

2024-11-07 21:20:57 - [TEST_STEP][PASSED] - verifyTextPresent("Review the information below and make any necessary corrections by clicking the", true): Text 'Review the information below and make any necessary corrections by clicking the' is present on page  using regular expression

2024-11-07 21:20:58 - [MESSAGE][PASSED] - Text 'Review the information below and make any necessary corrections by clicking the' is present on page  using regular expression

2024-11-07 21:20:58 - [TEST_STEP][PASSED] - verifyTextPresent("When you are confident that all the information is correct, click the", true): Text 'When you are confident that all the information is correct, click the' is present on page  using regular expression

2024-11-07 21:20:58 - [MESSAGE][PASSED] - Text 'When you are confident that all the information is correct, click the' is present on page  using regular expression

2024-11-07 21:20:58 - [TEST_STEP][PASSED] - verifyTextPresent("Payment Type/Filing Year", true): Text 'Payment Type/Filing Year' is present on page  using regular expression

2024-11-07 21:20:58 - [MESSAGE][PASSED] - Text 'Payment Type/Filing Year' is present on page  using regular expression

2024-11-07 21:20:58 - [TEST_STEP][PASSED] - verifyTextPresent("Payment Type:", true): Text 'Payment Type:' is present on page  using regular expression

2024-11-07 21:20:59 - [MESSAGE][PASSED] - Text 'Payment Type:' is present on page  using regular expression

2024-11-07 21:20:59 - [TEST_STEP][PASSED] - verifyTextPresent("New Tax Return Amount Due", true): Text 'New Tax Return Amount Due' is present on page  using regular expression

2024-11-07 21:20:59 - [MESSAGE][PASSED] - Text 'New Tax Return Amount Due' is present on page  using regular expression

2024-11-07 21:20:59 - [TEST_STEP][PASSED] - verifyTextPresent("Filing Year:", true): Text 'Filing Year:' is present on page  using regular expression

2024-11-07 21:20:59 - [MESSAGE][PASSED] - Text 'Filing Year:' is present on page  using regular expression

2024-11-07 21:20:59 - [TEST_STEP][PASSED] - verifyTextPresent(FilingYear, true): Text '2024' is present on page  using regular expression

2024-11-07 21:21:00 - [MESSAGE][PASSED] - Text '2024' is present on page  using regular expression

2024-11-07 21:21:00 - [TEST_STEP][PASSED] - verifyTextPresent("Payer Information", true): Text 'Payer Information' is present on page  using regular expression

2024-11-07 21:21:00 - [MESSAGE][PASSED] - Text 'Payer Information' is present on page  using regular expression

2024-11-07 21:21:00 - [TEST_STEP][PASSED] - verifyTextPresent("Taxpayer Name:", true): Text 'Taxpayer Name:' is present on page  using regular expression

2024-11-07 21:21:00 - [MESSAGE][PASSED] - Text 'Taxpayer Name:' is present on page  using regular expression

2024-11-07 21:21:00 - [TEST_STEP][PASSED] - verifyTextPresent("My Company", true): Text 'My Company' is present on page  using regular expression

2024-11-07 21:21:01 - [MESSAGE][PASSED] - Text 'My Company' is present on page  using regular expression

2024-11-07 21:21:01 - [TEST_STEP][PASSED] - verifyTextPresent("Business Rep Name:", true): Text 'Business Rep Name:' is present on page  using regular expression

2024-11-07 21:21:01 - [MESSAGE][PASSED] - Text 'Business Rep Name:' is present on page  using regular expression

2024-11-07 21:21:01 - [TEST_STEP][PASSED] - verifyTextPresent("BusRepFname BusRepLname", true): Text 'BusRepFname BusRepLname' is present on page  using regular expression

2024-11-07 21:21:01 - [MESSAGE][PASSED] - Text 'BusRepFname BusRepLname' is present on page  using regular expression

2024-11-07 21:21:01 - [TEST_STEP][PASSED] - verifyTextPresent("Taxpayer Address:", true): Text 'Taxpayer Address:' is present on page  using regular expression

2024-11-07 21:21:02 - [MESSAGE][PASSED] - Text 'Taxpayer Address:' is present on page  using regular expression

2024-11-07 21:21:02 - [TEST_STEP][PASSED] - verifyTextPresent("2508 Mandan Terrace Gambrills Maryland 21054", true): Text '2508 Mandan Terrace Gambrills Maryland 21054' is present on page  using regular expression

2024-11-07 21:21:02 - [MESSAGE][PASSED] - Text '2508 Mandan Terrace Gambrills Maryland 21054' is present on page  using regular expression

2024-11-07 21:21:02 - [TEST_STEP][PASSED] - verifyTextPresent("Email:", true): Text 'Email:' is present on page  using regular expression

2024-11-07 21:21:02 - [MESSAGE][PASSED] - Text 'Email:' is present on page  using regular expression

2024-11-07 21:21:02 - [TEST_STEP][PASSED] - verifyTextPresent("iahmed@govolution.com", true): Text 'iahmed@govolution.com' is present on page  using regular expression

2024-11-07 21:21:03 - [MESSAGE][PASSED] - Text 'iahmed@govolution.com' is present on page  using regular expression

2024-11-07 21:21:03 - [TEST_STEP][PASSED] - verifyTextPresent("Phone:", true): Text 'Phone:' is present on page  using regular expression

2024-11-07 21:21:03 - [MESSAGE][PASSED] - Text 'Phone:' is present on page  using regular expression

2024-11-07 21:21:03 - [TEST_STEP][PASSED] - verifyTextPresent("(703) 894-5000", false): Text '(703) 894-5000' is present on page 

2024-11-07 21:21:03 - [MESSAGE][PASSED] - Text '(703) 894-5000' is present on page 

2024-11-07 21:21:03 - [TEST_STEP][PASSED] - verifyTextPresent("Tax Information", true): Text 'Tax Information' is present on page  using regular expression

2024-11-07 21:21:03 - [MESSAGE][PASSED] - Text 'Tax Information' is present on page  using regular expression

2024-11-07 21:21:03 - [TEST_STEP][PASSED] - verifyTextNotPresent("Notice Number", true): Text 'Notice Number' is not present on page using regular expression

2024-11-07 21:21:04 - [MESSAGE][PASSED] - Text 'Notice Number' is not present on page using regular expression

2024-11-07 21:21:04 - [TEST_STEP][PASSED] - if (month.trim()): Text 'March' is present on page  using regular expression

2024-11-07 21:21:04 - [TEST_STEP][PASSED] - verifyTextPresent("Period Ending", true): Text 'Period Ending' is present on page  using regular expression

2024-11-07 21:21:04 - [MESSAGE][PASSED] - Text 'Period Ending' is present on page  using regular expression

2024-11-07 21:21:04 - [TEST_STEP][PASSED] - verifyTextPresent(month, true): Text 'March' is present on page  using regular expression

2024-11-07 21:21:04 - [MESSAGE][PASSED] - Text 'March' is present on page  using regular expression

2024-11-07 21:21:04 - [TEST_STEP][PASSED] - if (feinSSN.equalsIgnoreCase("Y")): null

2024-11-07 21:21:04 - [TEST_STEP][PASSED] - else: Text 'XXXXXXX87' is present on page  using regular expression

2024-11-07 21:21:04 - [TEST_STEP][PASSED] - if (!(TaxType.equalsIgnoreCase("Estate Tax"))): Text 'XXXXXXX87' is present on page  using regular expression

2024-11-07 21:21:04 - [TEST_STEP][PASSED] - verifyTextPresent("Federal EIN:", true): Text 'Federal EIN:' is present on page  using regular expression

2024-11-07 21:21:05 - [MESSAGE][PASSED] - Text 'Federal EIN:' is present on page  using regular expression

2024-11-07 21:21:05 - [TEST_STEP][PASSED] - verifyTextNotPresent("FEIN/SSN:", true): Text 'FEIN/SSN:' is not present on page using regular expression

2024-11-07 21:21:05 - [MESSAGE][PASSED] - Text 'FEIN/SSN:' is not present on page using regular expression

2024-11-07 21:21:05 - [TEST_STEP][PASSED] - verifyTextPresent("XXXXXXX87", true): Text 'XXXXXXX87' is present on page  using regular expression

2024-11-07 21:21:05 - [MESSAGE][PASSED] - Text 'XXXXXXX87' is present on page  using regular expression

2024-11-07 21:21:05 - [TEST_STEP][PASSED] - if (TaxType.equalsIgnoreCase("Estate Tax")): null

2024-11-07 21:21:05 - [TEST_STEP][PASSED] - if (CRN.equalsIgnoreCase("Y")): Text '07640126' is present on page  using regular expression

2024-11-07 21:21:05 - [TEST_STEP][PASSED] - verifyTextPresent("MD Central Registration Number#:", true): Text 'MD Central Registration Number#:' is present on page  using regular expression

2024-11-07 21:21:06 - [MESSAGE][PASSED] - Text 'MD Central Registration Number#:' is present on page  using regular expression

2024-11-07 21:21:06 - [TEST_STEP][PASSED] - verifyTextPresent("07640126", true): Text '07640126' is present on page  using regular expression

2024-11-07 21:21:06 - [MESSAGE][PASSED] - Text '07640126' is present on page  using regular expression

2024-11-07 21:21:06 - [TEST_STEP][PASSED] - if (MFLicNum.equalsIgnoreCase("Y")): null

2024-11-07 21:21:06 - [TEST_STEP][PASSED] - else: Text 'Motor Fuel License Number#:' is not present on page using regular expression

2024-11-07 21:21:06 - [TEST_STEP][PASSED] - verifyTextNotPresent("Motor Fuel License Number#:", true): Text 'Motor Fuel License Number#:' is not present on page using regular expression

2024-11-07 21:21:06 - [MESSAGE][PASSED] - Text 'Motor Fuel License Number#:' is not present on page using regular expression

2024-11-07 21:21:06 - [TEST_STEP][PASSED] - verifyTextPresent("Payment Amount:", true): Text 'Payment Amount:' is present on page  using regular expression

2024-11-07 21:21:07 - [MESSAGE][PASSED] - Text 'Payment Amount:' is present on page  using regular expression

2024-11-07 21:21:07 - [TEST_STEP][PASSED] - verifyTextPresent("100.00", true): Text '100.00' is present on page  using regular expression

2024-11-07 21:21:07 - [MESSAGE][PASSED] - Text '100.00' is present on page  using regular expression

2024-11-07 21:21:07 - [TEST_STEP][PASSED] - if (verifyElementVisible(findTestObject(orPath_Summary + "/button_Proceed to Payment"))): null

2024-11-07 21:21:07 - [MESSAGE][PASSED] - Object 'Object Repository/RAD_Pages/Summary_Page/button_Proceed to Payment' is visible

2024-11-07 21:21:07 - [TEST_STEP][PASSED] - resText = "Pass": null

2024-11-07 21:21:07 - [TEST_STEP][PASSED] - pages.WriteExcel.demoKey(resText, datText, resColumn, datCloumn, fileLoc, nameSheet, row): pages.WriteExcel.demoKey is PASSED

2024-11-07 21:21:08 - [MESSAGE][PASSED] - pages.WriteExcel.demoKey is PASSED

2024-11-07 21:21:08 - [TEST_STEP][PASSED] - click(findTestObject(orPath_Summary + "/button_Proceed to Payment")): Object: 'Object Repository/RAD_Pages/Summary_Page/button_Proceed to Payment' is clicked on

2024-11-07 21:21:10 - [MESSAGE][PASSED] - Object: 'Object Repository/RAD_Pages/Summary_Page/button_Proceed to Payment' is clicked on

2024-11-07 21:21:10 - [TEST_STEP][PASSED] - verifyElementPresent(findTestObject("Object Repository/RAD_Pages/PaymentEntry_Page/input__billingName"), 30): Object 'Object Repository/RAD_Pages/PaymentEntry_Page/input__billingName' is present

2024-11-07 21:21:10 - [MESSAGE][PASSED] - Object 'Object Repository/RAD_Pages/PaymentEntry_Page/input__billingName' is present

2024-11-07 21:21:10 - [TEST_STEP][PASSED] - ExecuteTC = findTestData(dataFile).getValue("Execute", row): null

2024-11-07 21:21:10 - [TEST_STEP][PASSED] - TaxType = findTestData(dataFile).getValue("TaxType", row): null

2024-11-07 21:21:11 - [TEST_STEP][PASSED] - PaymentType = findTestData(dataFile).getValue("PaymentType", row): null

2024-11-07 21:21:11 - [TEST_STEP][PASSED] - FilingYear = findTestData(dataFile).getValue("Year", row): null

2024-11-07 21:21:11 - [TEST_STEP][PASSED] - feinSSN = findTestData(dataFile).getValue("FeinSsn", row): null

2024-11-07 21:21:11 - [TEST_STEP][PASSED] - CRN = findTestData(dataFile).getValue("CRN", row): null

2024-11-07 21:21:11 - [TEST_STEP][PASSED] - month = findTestData(dataFile).getValue("Month", row): null

2024-11-07 21:21:11 - [TEST_STEP][PASSED] - MFLicNum = findTestData(dataFile).getValue("MFLicNum", row): null

2024-11-07 21:21:11 - [TEST_STEP][PASSED] - if (ExecuteTC.equalsIgnoreCase("Y")): Object 'Object Repository/RAD_Pages/PaymentEntry_Page/input__billingName' is present

2024-11-07 21:21:11 - [TEST_STEP][PASSED] - out.println("Begin Record Number: " + row): null

2024-11-07 21:21:11 - [TEST_STEP][PASSED] - today = new java.util.Date(): null

2024-11-07 21:21:11 - [TEST_STEP][PASSED] - println(today): null

2024-11-07 21:21:11 - [TEST_STEP][PASSED] - datText = today: null

2024-11-07 21:21:11 - [TEST_STEP][PASSED] - logInfo("Payment Type: New Tax Return Amount Due"): Payment Type: New Tax Return Amount Due

2024-11-07 21:21:11 - [MESSAGE][INFO] - Payment Type: New Tax Return Amount Due

2024-11-07 21:21:11 - [TEST_STEP][PASSED] - logInfo("Tax Type: " + TaxType): Tax Type: Corporate Income Tax

2024-11-07 21:21:11 - [MESSAGE][INFO] - Tax Type: Corporate Income Tax

2024-11-07 21:21:11 - [TEST_STEP][PASSED] - openBrowser(""): Browser is opened with url: ''

2024-11-07 21:21:11 - [MESSAGE][WARNING] - A browser is already opened. Closing browser and opening a new one

2024-11-07 21:21:13 - [MESSAGE][INFO] - Starting 'Chrome' driver

2024-11-07 21:21:13 - [MESSAGE][INFO] - User set preference: ['acceptInsecureCerts', 'true']

2024-11-07 21:21:13 - [MESSAGE][INFO] - Action delay is set to 0 milliseconds

2024-11-07 21:21:15 - [MESSAGE][PASSED] - Browser is opened with url: ''

2024-11-07 21:21:15 - [TEST_STEP][PASSED] - maximizeWindow(): Current window maximized

2024-11-07 21:21:15 - [MESSAGE][PASSED] - Current window maximized

2024-11-07 21:21:15 - [TEST_STEP][PASSED] - navigateToUrl(RADurl): Navigate to 'https://www.velocitypayment.com/client/rad/index.html' successfully

2024-11-07 21:21:17 - [MESSAGE][PASSED] - Navigate to 'https://www.velocitypayment.com/client/rad/index.html' successfully

2024-11-07 21:21:17 - [TEST_STEP][PASSED] - selectOptionByLabel(findTestObject(orPath_Landing + "/dd_TaxType"), "New Tax Return Amount Due", false): All options with label 'New Tax Return Amount Due' are selected in object 'Object Repository/RAD_Pages/Landing_Page/dd_TaxType' 

2024-11-07 21:21:18 - [MESSAGE][PASSED] - All options with label 'New Tax Return Amount Due' are selected in object 'Object Repository/RAD_Pages/Landing_Page/dd_TaxType' 

2024-11-07 21:21:18 - [TEST_STEP][PASSED] - selectOptionByLabel(findTestObject("Object Repository/RAD_Pages/Landing_Page/select_NewTaxReturnAmountDue_TaxType"), TaxType, false): All options with label 'Corporate Income Tax' are selected in object 'Object Repository/RAD_Pages/Landing_Page/select_NewTaxReturnAmountDue_TaxType' 

2024-11-07 21:21:19 - [MESSAGE][PASSED] - All options with label 'Corporate Income Tax' are selected in object 'Object Repository/RAD_Pages/Landing_Page/select_NewTaxReturnAmountDue_TaxType' 

2024-11-07 21:21:19 - [TEST_STEP][PASSED] - selectOptionByLabel(findTestObject(orPath_TaxTypeFilingYear + "/select_FilingYear"), FilingYear, false): All options with label '2023' are selected in object 'Object Repository/RAD_Pages/TaxTypeFilingYear_Page/select_FilingYear' 

2024-11-07 21:21:19 - [MESSAGE][PASSED] - All options with label '2023' are selected in object 'Object Repository/RAD_Pages/TaxTypeFilingYear_Page/select_FilingYear' 

2024-11-07 21:21:19 - [TEST_STEP][PASSED] - if (month.trim()): null

2024-11-07 21:21:19 - [TEST_STEP][PASSED] - rad.getSetDataRAD.setDataRADBusinessName(): rad.getSetDataRAD.setDataRADBusinessName is PASSED

2024-11-07 21:21:21 - [MESSAGE][PASSED] - Text 'My Company' is set on object 'Object Repository/RAD_Pages/Taxpayer_Page/input_businessName'

2024-11-07 21:21:21 - [MESSAGE][PASSED] - rad.getSetDataRAD.setDataRADBusinessName is PASSED

2024-11-07 21:21:21 - [TEST_STEP][PASSED] - rad.getSetDataRAD.setDataRADBusinessRep(): rad.getSetDataRAD.setDataRADBusinessRep is PASSED

2024-11-07 21:21:21 - [MESSAGE][PASSED] - Text 'BusRepFname' is set on object 'Object Repository/RAD_Pages/Taxpayer_Page/input_BusinessRepfirstName'

2024-11-07 21:21:22 - [MESSAGE][PASSED] - Text '' is set on object 'Object Repository/RAD_Pages/Taxpayer_Page/input_BusinessRepmiddleName'

2024-11-07 21:21:23 - [MESSAGE][PASSED] - Text 'BusRepLname' is set on object 'Object Repository/RAD_Pages/Taxpayer_Page/input_BusinessReplastName'

2024-11-07 21:21:24 - [MESSAGE][PASSED] - Text '' is set on object 'Object Repository/RAD_Pages/Taxpayer_Page/input_BusinessRepsuffix'

2024-11-07 21:21:24 - [MESSAGE][PASSED] - rad.getSetDataRAD.setDataRADBusinessRep is PASSED

2024-11-07 21:21:24 - [TEST_STEP][PASSED] - rad.getSetDataRAD.setDataRADAddress(): rad.getSetDataRAD.setDataRADAddress is PASSED

2024-11-07 21:21:24 - [MESSAGE][PASSED] - All options with label 'United States' are selected in object 'Object Repository/RAD_Pages/AddressAndContactInfo_Page/select_Country' 

2024-11-07 21:21:25 - [MESSAGE][PASSED] - Text '2508 Mandan Terrace' is set on object 'Object Repository/RAD_Pages/AddressAndContactInfo_Page/input_streetAddress1'

2024-11-07 21:21:26 - [MESSAGE][PASSED] - Text '' is set on object 'Object Repository/RAD_Pages/AddressAndContactInfo_Page/input_streetAddress2'

2024-11-07 21:21:27 - [MESSAGE][PASSED] - Text 'Gambrills' is set on object 'Object Repository/RAD_Pages/AddressAndContactInfo_Page/input_city'

2024-11-07 21:21:28 - [MESSAGE][PASSED] - All options with label 'Maryland' are selected in object 'Object Repository/RAD_Pages/AddressAndContactInfo_Page/select_State' 

2024-11-07 21:21:29 - [MESSAGE][PASSED] - Text '21054' is set on object 'Object Repository/RAD_Pages/AddressAndContactInfo_Page/input_zipCode'

2024-11-07 21:21:30 - [MESSAGE][PASSED] - Text '(703) 894-5000' is set on object 'Object Repository/RAD_Pages/AddressAndContactInfo_Page/input_phoneNumber'

2024-11-07 21:21:31 - [MESSAGE][PASSED] - Text 'iahmed@govolution.com' is set on object 'Object Repository/RAD_Pages/AddressAndContactInfo_Page/input_eMailAddress'

2024-11-07 21:21:31 - [MESSAGE][PASSED] - Text 'iahmed@govolution.com' is set on object 'Object Repository/RAD_Pages/AddressAndContactInfo_Page/input_reEnterEMailAddress'

2024-11-07 21:21:31 - [MESSAGE][PASSED] - rad.getSetDataRAD.setDataRADAddress is PASSED

2024-11-07 21:21:31 - [TEST_STEP][PASSED] - if (feinSSN.equalsIgnoreCase("Y")): null

2024-11-07 21:21:31 - [TEST_STEP][PASSED] - else: Text ****** has been set on object 'Object Repository/RAD_Pages/TaxInfo_Page/input_FederalEIN_ReEnter'

2024-11-07 21:21:31 - [TEST_STEP][PASSED] - if (!(TaxType.equalsIgnoreCase("Estate Tax"))): Text ****** has been set on object 'Object Repository/RAD_Pages/TaxInfo_Page/input_FederalEIN_ReEnter'

2024-11-07 21:21:31 - [TEST_STEP][PASSED] - setEncryptedText(findTestObject(orPath_TaxInfo + "/input_FederalEIN"), "yXB7JMCbD3QoFF75EQd3iw=="): Text ****** has been set on object 'Object Repository/RAD_Pages/TaxInfo_Page/input_FederalEIN'

2024-11-07 21:21:32 - [MESSAGE][PASSED] - Text ****** has been set on object 'Object Repository/RAD_Pages/TaxInfo_Page/input_FederalEIN'

2024-11-07 21:21:32 - [TEST_STEP][PASSED] - setEncryptedText(findTestObject(orPath_TaxInfo + "/input_FederalEIN_ReEnter"), "yXB7JMCbD3QoFF75EQd3iw=="): Text ****** has been set on object 'Object Repository/RAD_Pages/TaxInfo_Page/input_FederalEIN_ReEnter'

2024-11-07 21:21:33 - [MESSAGE][PASSED] - Text ****** has been set on object 'Object Repository/RAD_Pages/TaxInfo_Page/input_FederalEIN_ReEnter'

2024-11-07 21:21:33 - [TEST_STEP][PASSED] - if (CRN.equalsIgnoreCase("Y")): null

2024-11-07 21:21:33 - [TEST_STEP][PASSED] - if (MFLicNum.equalsIgnoreCase("Y")): null

2024-11-07 21:21:33 - [TEST_STEP][PASSED] - if (TaxType.equalsIgnoreCase("Estate Tax")): null

2024-11-07 21:21:33 - [TEST_STEP][PASSED] - setText(findTestObject(orPath_Amount + "/input__paymentAmount"), "100.00"): Text '100.00' is set on object 'Object Repository/RAD_Pages/PaymentAmount_Page/input__paymentAmount'

2024-11-07 21:21:33 - [MESSAGE][PASSED] - Text '100.00' is set on object 'Object Repository/RAD_Pages/PaymentAmount_Page/input__paymentAmount'

2024-11-07 21:21:33 - [TEST_STEP][PASSED] - setText(findTestObject(orPath_AddressContact + "/input_streetAddress2"), ""): Text '' is set on object 'Object Repository/RAD_Pages/AddressAndContactInfo_Page/input_streetAddress2'

2024-11-07 21:21:34 - [MESSAGE][PASSED] - Text '' is set on object 'Object Repository/RAD_Pages/AddressAndContactInfo_Page/input_streetAddress2'

2024-11-07 21:21:34 - [TEST_STEP][PASSED] - scrollToElement(findTestObject(orPath_Landing + "/button_Continue"), 3): Scroll to object 'Object Repository/RAD_Pages/Landing_Page/button_Continue' successfully

2024-11-07 21:21:34 - [MESSAGE][PASSED] - Scroll to object 'Object Repository/RAD_Pages/Landing_Page/button_Continue' successfully

2024-11-07 21:21:34 - [TEST_STEP][PASSED] - waitForElementClickable(findTestObject(orPath_Landing + "/button_Continue"), 5): Object 'Object Repository/RAD_Pages/Landing_Page/button_Continue' is clickable

2024-11-07 21:21:35 - [MESSAGE][PASSED] - Object 'Object Repository/RAD_Pages/Landing_Page/button_Continue' is clickable

2024-11-07 21:21:35 - [TEST_STEP][PASSED] - click(findTestObject(orPath_Landing + "/button_Continue")): Object: 'Object Repository/RAD_Pages/Landing_Page/button_Continue' is clicked on

2024-11-07 21:21:35 - [MESSAGE][PASSED] - Object: 'Object Repository/RAD_Pages/Landing_Page/button_Continue' is clicked on

2024-11-07 21:21:35 - [TEST_STEP][PASSED] - delay(2): Delayed 2 second(s)

2024-11-07 21:21:37 - [MESSAGE][PASSED] - Delayed 2 second(s)

2024-11-07 21:21:37 - [TEST_STEP][PASSED] - verifyTextPresent("Summary", true): Text 'Summary' is present on page  using regular expression

2024-11-07 21:21:38 - [MESSAGE][PASSED] - Text 'Summary' is present on page  using regular expression

2024-11-07 21:21:38 - [TEST_STEP][PASSED] - verifyTextPresent("Review the information below and make any necessary corrections by clicking the", true): Text 'Review the information below and make any necessary corrections by clicking the' is present on page  using regular expression

2024-11-07 21:21:38 - [MESSAGE][PASSED] - Text 'Review the information below and make any necessary corrections by clicking the' is present on page  using regular expression

2024-11-07 21:21:38 - [TEST_STEP][PASSED] - verifyTextPresent("When you are confident that all the information is correct, click the", true): Text 'When you are confident that all the information is correct, click the' is present on page  using regular expression

2024-11-07 21:21:38 - [MESSAGE][PASSED] - Text 'When you are confident that all the information is correct, click the' is present on page  using regular expression

2024-11-07 21:21:38 - [TEST_STEP][PASSED] - verifyTextPresent("Payment Type/Filing Year", true): Text 'Payment Type/Filing Year' is present on page  using regular expression

2024-11-07 21:21:39 - [MESSAGE][PASSED] - Text 'Payment Type/Filing Year' is present on page  using regular expression

2024-11-07 21:21:39 - [TEST_STEP][PASSED] - verifyTextPresent("Payment Type:", true): Text 'Payment Type:' is present on page  using regular expression

2024-11-07 21:21:39 - [MESSAGE][PASSED] - Text 'Payment Type:' is present on page  using regular expression

2024-11-07 21:21:39 - [TEST_STEP][PASSED] - verifyTextPresent("New Tax Return Amount Due", true): Text 'New Tax Return Amount Due' is present on page  using regular expression

2024-11-07 21:21:39 - [MESSAGE][PASSED] - Text 'New Tax Return Amount Due' is present on page  using regular expression

2024-11-07 21:21:39 - [TEST_STEP][PASSED] - verifyTextPresent("Filing Year:", true): Text 'Filing Year:' is present on page  using regular expression

2024-11-07 21:21:40 - [MESSAGE][PASSED] - Text 'Filing Year:' is present on page  using regular expression

2024-11-07 21:21:40 - [TEST_STEP][PASSED] - verifyTextPresent(FilingYear, true): Text '2023' is present on page  using regular expression

2024-11-07 21:21:40 - [MESSAGE][PASSED] - Text '2023' is present on page  using regular expression

2024-11-07 21:21:40 - [TEST_STEP][PASSED] - verifyTextPresent("Payer Information", true): Text 'Payer Information' is present on page  using regular expression

2024-11-07 21:21:40 - [MESSAGE][PASSED] - Text 'Payer Information' is present on page  using regular expression

2024-11-07 21:21:40 - [TEST_STEP][PASSED] - verifyTextPresent("Taxpayer Name:", true): Text 'Taxpayer Name:' is present on page  using regular expression

2024-11-07 21:21:41 - [MESSAGE][PASSED] - Text 'Taxpayer Name:' is present on page  using regular expression

2024-11-07 21:21:41 - [TEST_STEP][PASSED] - verifyTextPresent("My Company", true): Text 'My Company' is present on page  using regular expression

2024-11-07 21:21:41 - [MESSAGE][PASSED] - Text 'My Company' is present on page  using regular expression

2024-11-07 21:21:41 - [TEST_STEP][PASSED] - verifyTextPresent("Business Rep Name:", true): Text 'Business Rep Name:' is present on page  using regular expression

2024-11-07 21:21:41 - [MESSAGE][PASSED] - Text 'Business Rep Name:' is present on page  using regular expression

2024-11-07 21:21:41 - [TEST_STEP][PASSED] - verifyTextPresent("BusRepFname BusRepLname", true): Text 'BusRepFname BusRepLname' is present on page  using regular expression

2024-11-07 21:21:41 - [MESSAGE][PASSED] - Text 'BusRepFname BusRepLname' is present on page  using regular expression

2024-11-07 21:21:41 - [TEST_STEP][PASSED] - verifyTextPresent("Taxpayer Address:", true): Text 'Taxpayer Address:' is present on page  using regular expression

2024-11-07 21:21:42 - [MESSAGE][PASSED] - Text 'Taxpayer Address:' is present on page  using regular expression

2024-11-07 21:21:42 - [TEST_STEP][PASSED] - verifyTextPresent("2508 Mandan Terrace Gambrills Maryland 21054", true): Text '2508 Mandan Terrace Gambrills Maryland 21054' is present on page  using regular expression

2024-11-07 21:21:42 - [MESSAGE][PASSED] - Text '2508 Mandan Terrace Gambrills Maryland 21054' is present on page  using regular expression

2024-11-07 21:21:42 - [TEST_STEP][PASSED] - verifyTextPresent("Email:", true): Text 'Email:' is present on page  using regular expression

2024-11-07 21:21:42 - [MESSAGE][PASSED] - Text 'Email:' is present on page  using regular expression

2024-11-07 21:21:42 - [TEST_STEP][PASSED] - verifyTextPresent("iahmed@govolution.com", true): Text 'iahmed@govolution.com' is present on page  using regular expression

2024-11-07 21:21:43 - [MESSAGE][PASSED] - Text 'iahmed@govolution.com' is present on page  using regular expression

2024-11-07 21:21:43 - [TEST_STEP][PASSED] - verifyTextPresent("Phone:", true): Text 'Phone:' is present on page  using regular expression

2024-11-07 21:21:43 - [MESSAGE][PASSED] - Text 'Phone:' is present on page  using regular expression

2024-11-07 21:21:43 - [TEST_STEP][PASSED] - verifyTextPresent("(703) 894-5000", false): Text '(703) 894-5000' is present on page 

2024-11-07 21:21:43 - [MESSAGE][PASSED] - Text '(703) 894-5000' is present on page 

2024-11-07 21:21:43 - [TEST_STEP][PASSED] - verifyTextPresent("Tax Information", true): Text 'Tax Information' is present on page  using regular expression

2024-11-07 21:21:44 - [MESSAGE][PASSED] - Text 'Tax Information' is present on page  using regular expression

2024-11-07 21:21:44 - [TEST_STEP][PASSED] - verifyTextNotPresent("Notice Number", true): Text 'Notice Number' is not present on page using regular expression

2024-11-07 21:21:44 - [MESSAGE][PASSED] - Text 'Notice Number' is not present on page using regular expression

2024-11-07 21:21:44 - [TEST_STEP][PASSED] - if (month.trim()): null

2024-11-07 21:21:44 - [TEST_STEP][PASSED] - else: Text 'Period Ending' is not present on page using regular expression

2024-11-07 21:21:44 - [TEST_STEP][PASSED] - verifyTextNotPresent("Period Ending", true): Text 'Period Ending' is not present on page using regular expression

2024-11-07 21:21:44 - [MESSAGE][PASSED] - Text 'Period Ending' is not present on page using regular expression

2024-11-07 21:21:44 - [TEST_STEP][PASSED] - if (feinSSN.equalsIgnoreCase("Y")): null

2024-11-07 21:21:44 - [TEST_STEP][PASSED] - else: Text 'XXXXXXX87' is present on page  using regular expression

2024-11-07 21:21:44 - [TEST_STEP][PASSED] - if (!(TaxType.equalsIgnoreCase("Estate Tax"))): Text 'XXXXXXX87' is present on page  using regular expression

2024-11-07 21:21:44 - [TEST_STEP][PASSED] - verifyTextPresent("Federal EIN:", true): Text 'Federal EIN:' is present on page  using regular expression

2024-11-07 21:21:45 - [MESSAGE][PASSED] - Text 'Federal EIN:' is present on page  using regular expression

2024-11-07 21:21:45 - [TEST_STEP][PASSED] - verifyTextNotPresent("FEIN/SSN:", true): Text 'FEIN/SSN:' is not present on page using regular expression

2024-11-07 21:21:45 - [MESSAGE][PASSED] - Text 'FEIN/SSN:' is not present on page using regular expression

2024-11-07 21:21:45 - [TEST_STEP][PASSED] - verifyTextPresent("XXXXXXX87", true): Text 'XXXXXXX87' is present on page  using regular expression

2024-11-07 21:21:45 - [MESSAGE][PASSED] - Text 'XXXXXXX87' is present on page  using regular expression

2024-11-07 21:21:45 - [TEST_STEP][PASSED] - if (TaxType.equalsIgnoreCase("Estate Tax")): null

2024-11-07 21:21:45 - [TEST_STEP][PASSED] - if (CRN.equalsIgnoreCase("Y")): null

2024-11-07 21:21:45 - [TEST_STEP][PASSED] - else: Text 'MD Central Registration Number' is not present on page using regular expression

2024-11-07 21:21:45 - [TEST_STEP][PASSED] - verifyTextNotPresent("MD Central Registration Number", true): Text 'MD Central Registration Number' is not present on page using regular expression

2024-11-07 21:21:46 - [MESSAGE][PASSED] - Text 'MD Central Registration Number' is not present on page using regular expression

2024-11-07 21:21:46 - [TEST_STEP][PASSED] - if (MFLicNum.equalsIgnoreCase("Y")): null

2024-11-07 21:21:46 - [TEST_STEP][PASSED] - else: Text 'Motor Fuel License Number#:' is not present on page using regular expression

2024-11-07 21:21:46 - [TEST_STEP][PASSED] - verifyTextNotPresent("Motor Fuel License Number#:", true): Text 'Motor Fuel License Number#:' is not present on page using regular expression

2024-11-07 21:21:46 - [MESSAGE][PASSED] - Text 'Motor Fuel License Number#:' is not present on page using regular expression

2024-11-07 21:21:46 - [TEST_STEP][PASSED] - verifyTextPresent("Payment Amount:", true): Text 'Payment Amount:' is present on page  using regular expression

2024-11-07 21:21:46 - [MESSAGE][PASSED] - Text 'Payment Amount:' is present on page  using regular expression

2024-11-07 21:21:46 - [TEST_STEP][PASSED] - verifyTextPresent("100.00", true): Text '100.00' is present on page  using regular expression

2024-11-07 21:21:47 - [MESSAGE][PASSED] - Text '100.00' is present on page  using regular expression

2024-11-07 21:21:47 - [TEST_STEP][PASSED] - if (verifyElementVisible(findTestObject(orPath_Summary + "/button_Proceed to Payment"))): null

2024-11-07 21:21:47 - [MESSAGE][PASSED] - Object 'Object Repository/RAD_Pages/Summary_Page/button_Proceed to Payment' is visible

2024-11-07 21:21:47 - [TEST_STEP][PASSED] - resText = "Pass": null

2024-11-07 21:21:47 - [TEST_STEP][PASSED] - pages.WriteExcel.demoKey(resText, datText, resColumn, datCloumn, fileLoc, nameSheet, row): pages.WriteExcel.demoKey is PASSED

2024-11-07 21:21:47 - [MESSAGE][PASSED] - pages.WriteExcel.demoKey is PASSED

2024-11-07 21:21:47 - [TEST_STEP][PASSED] - click(findTestObject(orPath_Summary + "/button_Proceed to Payment")): Object: 'Object Repository/RAD_Pages/Summary_Page/button_Proceed to Payment' is clicked on

2024-11-07 21:21:50 - [MESSAGE][PASSED] - Object: 'Object Repository/RAD_Pages/Summary_Page/button_Proceed to Payment' is clicked on

2024-11-07 21:21:50 - [TEST_STEP][PASSED] - verifyElementPresent(findTestObject("Object Repository/RAD_Pages/PaymentEntry_Page/input__billingName"), 30): Object 'Object Repository/RAD_Pages/PaymentEntry_Page/input__billingName' is present

2024-11-07 21:21:50 - [MESSAGE][PASSED] - Object 'Object Repository/RAD_Pages/PaymentEntry_Page/input__billingName' is present

2024-11-07 21:21:50 - [TEST_STEP][PASSED] - ExecuteTC = findTestData(dataFile).getValue("Execute", row): null

2024-11-07 21:21:50 - [TEST_STEP][PASSED] - TaxType = findTestData(dataFile).getValue("TaxType", row): null

2024-11-07 21:21:50 - [TEST_STEP][PASSED] - PaymentType = findTestData(dataFile).getValue("PaymentType", row): null

2024-11-07 21:21:50 - [TEST_STEP][PASSED] - FilingYear = findTestData(dataFile).getValue("Year", row): null

2024-11-07 21:21:50 - [TEST_STEP][PASSED] - feinSSN = findTestData(dataFile).getValue("FeinSsn", row): null

2024-11-07 21:21:50 - [TEST_STEP][PASSED] - CRN = findTestData(dataFile).getValue("CRN", row): null

2024-11-07 21:21:50 - [TEST_STEP][PASSED] - month = findTestData(dataFile).getValue("Month", row): null

2024-11-07 21:21:51 - [TEST_STEP][PASSED] - MFLicNum = findTestData(dataFile).getValue("MFLicNum", row): null

2024-11-07 21:21:51 - [TEST_STEP][PASSED] - if (ExecuteTC.equalsIgnoreCase("Y")): Object 'Object Repository/RAD_Pages/PaymentEntry_Page/input__billingName' is present

2024-11-07 21:21:51 - [TEST_STEP][PASSED] - out.println("Begin Record Number: " + row): null

2024-11-07 21:21:51 - [TEST_STEP][PASSED] - today = new java.util.Date(): null

2024-11-07 21:21:51 - [TEST_STEP][PASSED] - println(today): null

2024-11-07 21:21:51 - [TEST_STEP][PASSED] - datText = today: null

2024-11-07 21:21:51 - [TEST_STEP][PASSED] - logInfo("Payment Type: New Tax Return Amount Due"): Payment Type: New Tax Return Amount Due

2024-11-07 21:21:51 - [MESSAGE][INFO] - Payment Type: New Tax Return Amount Due

2024-11-07 21:21:51 - [TEST_STEP][PASSED] - logInfo("Tax Type: " + TaxType): Tax Type: Motor Fuel Tax

2024-11-07 21:21:51 - [MESSAGE][INFO] - Tax Type: Motor Fuel Tax

2024-11-07 21:21:51 - [TEST_STEP][PASSED] - openBrowser(""): Browser is opened with url: ''

2024-11-07 21:21:51 - [MESSAGE][WARNING] - A browser is already opened. Closing browser and opening a new one

2024-11-07 21:21:52 - [MESSAGE][INFO] - Starting 'Chrome' driver

2024-11-07 21:21:52 - [MESSAGE][INFO] - User set preference: ['acceptInsecureCerts', 'true']

2024-11-07 21:21:52 - [MESSAGE][INFO] - Action delay is set to 0 milliseconds

2024-11-07 21:21:54 - [MESSAGE][PASSED] - Browser is opened with url: ''

2024-11-07 21:21:54 - [TEST_STEP][PASSED] - maximizeWindow(): Current window maximized

2024-11-07 21:21:54 - [MESSAGE][PASSED] - Current window maximized

2024-11-07 21:21:54 - [TEST_STEP][PASSED] - navigateToUrl(RADurl): Navigate to 'https://www.velocitypayment.com/client/rad/index.html' successfully

2024-11-07 21:21:56 - [MESSAGE][PASSED] - Navigate to 'https://www.velocitypayment.com/client/rad/index.html' successfully

2024-11-07 21:21:56 - [TEST_STEP][PASSED] - selectOptionByLabel(findTestObject(orPath_Landing + "/dd_TaxType"), "New Tax Return Amount Due", false): All options with label 'New Tax Return Amount Due' are selected in object 'Object Repository/RAD_Pages/Landing_Page/dd_TaxType' 

2024-11-07 21:21:57 - [MESSAGE][PASSED] - All options with label 'New Tax Return Amount Due' are selected in object 'Object Repository/RAD_Pages/Landing_Page/dd_TaxType' 

2024-11-07 21:21:57 - [TEST_STEP][PASSED] - selectOptionByLabel(findTestObject("Object Repository/RAD_Pages/Landing_Page/select_NewTaxReturnAmountDue_TaxType"), TaxType, false): All options with label 'Motor Fuel Tax' are selected in object 'Object Repository/RAD_Pages/Landing_Page/select_NewTaxReturnAmountDue_TaxType' 

2024-11-07 21:21:57 - [MESSAGE][PASSED] - All options with label 'Motor Fuel Tax' are selected in object 'Object Repository/RAD_Pages/Landing_Page/select_NewTaxReturnAmountDue_TaxType' 

2024-11-07 21:21:57 - [TEST_STEP][PASSED] - selectOptionByLabel(findTestObject(orPath_TaxTypeFilingYear + "/select_FilingYear"), FilingYear, false): All options with label '2024' are selected in object 'Object Repository/RAD_Pages/TaxTypeFilingYear_Page/select_FilingYear' 

2024-11-07 21:21:58 - [MESSAGE][PASSED] - All options with label '2024' are selected in object 'Object Repository/RAD_Pages/TaxTypeFilingYear_Page/select_FilingYear' 

2024-11-07 21:21:58 - [TEST_STEP][PASSED] - if (month.trim()): All options with label 'April' are selected in object 'Object Repository/RAD_Pages/TaxTypeFilingYear_Page/select_PeriodEnding' 

2024-11-07 21:21:58 - [TEST_STEP][PASSED] - selectOptionByLabel(findTestObject(orPath_TaxTypeFilingYear + "/select_PeriodEnding"), month, false): All options with label 'April' are selected in object 'Object Repository/RAD_Pages/TaxTypeFilingYear_Page/select_PeriodEnding' 

2024-11-07 21:21:59 - [MESSAGE][PASSED] - All options with label 'April' are selected in object 'Object Repository/RAD_Pages/TaxTypeFilingYear_Page/select_PeriodEnding' 

2024-11-07 21:21:59 - [TEST_STEP][PASSED] - rad.getSetDataRAD.setDataRADBusinessName(): rad.getSetDataRAD.setDataRADBusinessName is PASSED

2024-11-07 21:22:00 - [MESSAGE][PASSED] - Text 'My Company' is set on object 'Object Repository/RAD_Pages/Taxpayer_Page/input_businessName'

2024-11-07 21:22:00 - [MESSAGE][PASSED] - rad.getSetDataRAD.setDataRADBusinessName is PASSED

2024-11-07 21:22:00 - [TEST_STEP][PASSED] - rad.getSetDataRAD.setDataRADBusinessRep(): rad.getSetDataRAD.setDataRADBusinessRep is PASSED

2024-11-07 21:22:01 - [MESSAGE][PASSED] - Text 'BusRepFname' is set on object 'Object Repository/RAD_Pages/Taxpayer_Page/input_BusinessRepfirstName'

2024-11-07 21:22:01 - [MESSAGE][PASSED] - Text '' is set on object 'Object Repository/RAD_Pages/Taxpayer_Page/input_BusinessRepmiddleName'

2024-11-07 21:22:02 - [MESSAGE][PASSED] - Text 'BusRepLname' is set on object 'Object Repository/RAD_Pages/Taxpayer_Page/input_BusinessReplastName'

2024-11-07 21:22:03 - [MESSAGE][PASSED] - Text '' is set on object 'Object Repository/RAD_Pages/Taxpayer_Page/input_BusinessRepsuffix'

2024-11-07 21:22:03 - [MESSAGE][PASSED] - rad.getSetDataRAD.setDataRADBusinessRep is PASSED

2024-11-07 21:22:03 - [TEST_STEP][PASSED] - rad.getSetDataRAD.setDataRADAddress(): rad.getSetDataRAD.setDataRADAddress is PASSED

2024-11-07 21:22:03 - [MESSAGE][PASSED] - All options with label 'United States' are selected in object 'Object Repository/RAD_Pages/AddressAndContactInfo_Page/select_Country' 

2024-11-07 21:22:04 - [MESSAGE][PASSED] - Text '2508 Mandan Terrace' is set on object 'Object Repository/RAD_Pages/AddressAndContactInfo_Page/input_streetAddress1'

2024-11-07 21:22:05 - [MESSAGE][PASSED] - Text '' is set on object 'Object Repository/RAD_Pages/AddressAndContactInfo_Page/input_streetAddress2'

2024-11-07 21:22:06 - [MESSAGE][PASSED] - Text 'Gambrills' is set on object 'Object Repository/RAD_Pages/AddressAndContactInfo_Page/input_city'

2024-11-07 21:22:07 - [MESSAGE][PASSED] - All options with label 'Maryland' are selected in object 'Object Repository/RAD_Pages/AddressAndContactInfo_Page/select_State' 

2024-11-07 21:22:07 - [MESSAGE][PASSED] - Text '21054' is set on object 'Object Repository/RAD_Pages/AddressAndContactInfo_Page/input_zipCode'

2024-11-07 21:22:08 - [MESSAGE][PASSED] - Text '(703) 894-5000' is set on object 'Object Repository/RAD_Pages/AddressAndContactInfo_Page/input_phoneNumber'

2024-11-07 21:22:09 - [MESSAGE][PASSED] - Text 'iahmed@govolution.com' is set on object 'Object Repository/RAD_Pages/AddressAndContactInfo_Page/input_eMailAddress'

2024-11-07 21:22:10 - [MESSAGE][PASSED] - Text 'iahmed@govolution.com' is set on object 'Object Repository/RAD_Pages/AddressAndContactInfo_Page/input_reEnterEMailAddress'

2024-11-07 21:22:10 - [MESSAGE][PASSED] - rad.getSetDataRAD.setDataRADAddress is PASSED

2024-11-07 21:22:10 - [TEST_STEP][PASSED] - if (feinSSN.equalsIgnoreCase("Y")): null

2024-11-07 21:22:10 - [TEST_STEP][PASSED] - else: Text ****** has been set on object 'Object Repository/RAD_Pages/TaxInfo_Page/input_FederalEIN_ReEnter'

2024-11-07 21:22:10 - [TEST_STEP][PASSED] - if (!(TaxType.equalsIgnoreCase("Estate Tax"))): Text ****** has been set on object 'Object Repository/RAD_Pages/TaxInfo_Page/input_FederalEIN_ReEnter'

2024-11-07 21:22:10 - [TEST_STEP][PASSED] - setEncryptedText(findTestObject(orPath_TaxInfo + "/input_FederalEIN"), "yXB7JMCbD3QoFF75EQd3iw=="): Text ****** has been set on object 'Object Repository/RAD_Pages/TaxInfo_Page/input_FederalEIN'

2024-11-07 21:22:11 - [MESSAGE][PASSED] - Text ****** has been set on object 'Object Repository/RAD_Pages/TaxInfo_Page/input_FederalEIN'

2024-11-07 21:22:11 - [TEST_STEP][PASSED] - setEncryptedText(findTestObject(orPath_TaxInfo + "/input_FederalEIN_ReEnter"), "yXB7JMCbD3QoFF75EQd3iw=="): Text ****** has been set on object 'Object Repository/RAD_Pages/TaxInfo_Page/input_FederalEIN_ReEnter'

2024-11-07 21:22:11 - [MESSAGE][PASSED] - Text ****** has been set on object 'Object Repository/RAD_Pages/TaxInfo_Page/input_FederalEIN_ReEnter'

2024-11-07 21:22:11 - [TEST_STEP][PASSED] - if (CRN.equalsIgnoreCase("Y")): null

2024-11-07 21:22:11 - [TEST_STEP][PASSED] - if (MFLicNum.equalsIgnoreCase("Y")): rad.getSetDataRAD.setDataRADMFLicNumSix is PASSED

2024-11-07 21:22:11 - [TEST_STEP][PASSED] - rad.getSetDataRAD.setDataRADMFLicNumSix(): rad.getSetDataRAD.setDataRADMFLicNumSix is PASSED

2024-11-07 21:22:12 - [MESSAGE][PASSED] - Text '758142' is set on object 'Object Repository/RAD_Pages/TaxInfo_Page/input_MotorFuelLicNum'

2024-11-07 21:22:12 - [MESSAGE][PASSED] - rad.getSetDataRAD.setDataRADMFLicNumSix is PASSED

2024-11-07 21:22:12 - [TEST_STEP][PASSED] - if (TaxType.equalsIgnoreCase("Estate Tax")): null

2024-11-07 21:22:12 - [TEST_STEP][PASSED] - setText(findTestObject(orPath_Amount + "/input__paymentAmount"), "100.00"): Text '100.00' is set on object 'Object Repository/RAD_Pages/PaymentAmount_Page/input__paymentAmount'

2024-11-07 21:22:13 - [MESSAGE][PASSED] - Text '100.00' is set on object 'Object Repository/RAD_Pages/PaymentAmount_Page/input__paymentAmount'

2024-11-07 21:22:13 - [TEST_STEP][PASSED] - setText(findTestObject(orPath_AddressContact + "/input_streetAddress2"), ""): Text '' is set on object 'Object Repository/RAD_Pages/AddressAndContactInfo_Page/input_streetAddress2'

2024-11-07 21:22:14 - [MESSAGE][PASSED] - Text '' is set on object 'Object Repository/RAD_Pages/AddressAndContactInfo_Page/input_streetAddress2'

2024-11-07 21:22:14 - [TEST_STEP][PASSED] - scrollToElement(findTestObject(orPath_Landing + "/button_Continue"), 3): Scroll to object 'Object Repository/RAD_Pages/Landing_Page/button_Continue' successfully

2024-11-07 21:22:15 - [MESSAGE][PASSED] - Scroll to object 'Object Repository/RAD_Pages/Landing_Page/button_Continue' successfully

2024-11-07 21:22:15 - [TEST_STEP][PASSED] - waitForElementClickable(findTestObject(orPath_Landing + "/button_Continue"), 5): Object 'Object Repository/RAD_Pages/Landing_Page/button_Continue' is clickable

2024-11-07 21:22:15 - [MESSAGE][PASSED] - Object 'Object Repository/RAD_Pages/Landing_Page/button_Continue' is clickable

2024-11-07 21:22:15 - [TEST_STEP][PASSED] - click(findTestObject(orPath_Landing + "/button_Continue")): Object: 'Object Repository/RAD_Pages/Landing_Page/button_Continue' is clicked on

2024-11-07 21:22:16 - [MESSAGE][PASSED] - Object: 'Object Repository/RAD_Pages/Landing_Page/button_Continue' is clicked on

2024-11-07 21:22:16 - [TEST_STEP][PASSED] - delay(2): Delayed 2 second(s)

2024-11-07 21:22:18 - [MESSAGE][PASSED] - Delayed 2 second(s)

2024-11-07 21:22:18 - [TEST_STEP][PASSED] - verifyTextPresent("Summary", true): Text 'Summary' is present on page  using regular expression

2024-11-07 21:22:18 - [MESSAGE][PASSED] - Text 'Summary' is present on page  using regular expression

2024-11-07 21:22:18 - [TEST_STEP][PASSED] - verifyTextPresent("Review the information below and make any necessary corrections by clicking the", true): Text 'Review the information below and make any necessary corrections by clicking the' is present on page  using regular expression

2024-11-07 21:22:18 - [MESSAGE][PASSED] - Text 'Review the information below and make any necessary corrections by clicking the' is present on page  using regular expression

2024-11-07 21:22:18 - [TEST_STEP][PASSED] - verifyTextPresent("When you are confident that all the information is correct, click the", true): Text 'When you are confident that all the information is correct, click the' is present on page  using regular expression

2024-11-07 21:22:19 - [MESSAGE][PASSED] - Text 'When you are confident that all the information is correct, click the' is present on page  using regular expression

2024-11-07 21:22:19 - [TEST_STEP][PASSED] - verifyTextPresent("Payment Type/Filing Year", true): Text 'Payment Type/Filing Year' is present on page  using regular expression

2024-11-07 21:22:19 - [MESSAGE][PASSED] - Text 'Payment Type/Filing Year' is present on page  using regular expression

2024-11-07 21:22:19 - [TEST_STEP][PASSED] - verifyTextPresent("Payment Type:", true): Text 'Payment Type:' is present on page  using regular expression

2024-11-07 21:22:19 - [MESSAGE][PASSED] - Text 'Payment Type:' is present on page  using regular expression

2024-11-07 21:22:19 - [TEST_STEP][PASSED] - verifyTextPresent("New Tax Return Amount Due", true): Text 'New Tax Return Amount Due' is present on page  using regular expression

2024-11-07 21:22:20 - [MESSAGE][PASSED] - Text 'New Tax Return Amount Due' is present on page  using regular expression

2024-11-07 21:22:20 - [TEST_STEP][PASSED] - verifyTextPresent("Filing Year:", true): Text 'Filing Year:' is present on page  using regular expression

2024-11-07 21:22:20 - [MESSAGE][PASSED] - Text 'Filing Year:' is present on page  using regular expression

2024-11-07 21:22:20 - [TEST_STEP][PASSED] - verifyTextPresent(FilingYear, true): Text '2024' is present on page  using regular expression

2024-11-07 21:22:20 - [MESSAGE][PASSED] - Text '2024' is present on page  using regular expression

2024-11-07 21:22:20 - [TEST_STEP][PASSED] - verifyTextPresent("Payer Information", true): Text 'Payer Information' is present on page  using regular expression

2024-11-07 21:22:21 - [MESSAGE][PASSED] - Text 'Payer Information' is present on page  using regular expression

2024-11-07 21:22:21 - [TEST_STEP][PASSED] - verifyTextPresent("Taxpayer Name:", true): Text 'Taxpayer Name:' is present on page  using regular expression

2024-11-07 21:22:21 - [MESSAGE][PASSED] - Text 'Taxpayer Name:' is present on page  using regular expression

2024-11-07 21:22:21 - [TEST_STEP][PASSED] - verifyTextPresent("My Company", true): Text 'My Company' is present on page  using regular expression

2024-11-07 21:22:21 - [MESSAGE][PASSED] - Text 'My Company' is present on page  using regular expression

2024-11-07 21:22:21 - [TEST_STEP][PASSED] - verifyTextPresent("Business Rep Name:", true): Text 'Business Rep Name:' is present on page  using regular expression

2024-11-07 21:22:22 - [MESSAGE][PASSED] - Text 'Business Rep Name:' is present on page  using regular expression

2024-11-07 21:22:22 - [TEST_STEP][PASSED] - verifyTextPresent("BusRepFname BusRepLname", true): Text 'BusRepFname BusRepLname' is present on page  using regular expression

2024-11-07 21:22:22 - [MESSAGE][PASSED] - Text 'BusRepFname BusRepLname' is present on page  using regular expression

2024-11-07 21:22:22 - [TEST_STEP][PASSED] - verifyTextPresent("Taxpayer Address:", true): Text 'Taxpayer Address:' is present on page  using regular expression

2024-11-07 21:22:22 - [MESSAGE][PASSED] - Text 'Taxpayer Address:' is present on page  using regular expression

2024-11-07 21:22:22 - [TEST_STEP][PASSED] - verifyTextPresent("2508 Mandan Terrace Gambrills Maryland 21054", true): Text '2508 Mandan Terrace Gambrills Maryland 21054' is present on page  using regular expression

2024-11-07 21:22:23 - [MESSAGE][PASSED] - Text '2508 Mandan Terrace Gambrills Maryland 21054' is present on page  using regular expression

2024-11-07 21:22:23 - [TEST_STEP][PASSED] - verifyTextPresent("Email:", true): Text 'Email:' is present on page  using regular expression

2024-11-07 21:22:23 - [MESSAGE][PASSED] - Text 'Email:' is present on page  using regular expression

2024-11-07 21:22:23 - [TEST_STEP][PASSED] - verifyTextPresent("iahmed@govolution.com", true): Text 'iahmed@govolution.com' is present on page  using regular expression

2024-11-07 21:22:23 - [MESSAGE][PASSED] - Text 'iahmed@govolution.com' is present on page  using regular expression

2024-11-07 21:22:23 - [TEST_STEP][PASSED] - verifyTextPresent("Phone:", true): Text 'Phone:' is present on page  using regular expression

2024-11-07 21:22:24 - [MESSAGE][PASSED] - Text 'Phone:' is present on page  using regular expression

2024-11-07 21:22:24 - [TEST_STEP][PASSED] - verifyTextPresent("(703) 894-5000", false): Text '(703) 894-5000' is present on page 

2024-11-07 21:22:24 - [MESSAGE][PASSED] - Text '(703) 894-5000' is present on page 

2024-11-07 21:22:24 - [TEST_STEP][PASSED] - verifyTextPresent("Tax Information", true): Text 'Tax Information' is present on page  using regular expression

2024-11-07 21:22:24 - [MESSAGE][PASSED] - Text 'Tax Information' is present on page  using regular expression

2024-11-07 21:22:24 - [TEST_STEP][PASSED] - verifyTextNotPresent("Notice Number", true): Text 'Notice Number' is not present on page using regular expression

2024-11-07 21:22:25 - [MESSAGE][PASSED] - Text 'Notice Number' is not present on page using regular expression

2024-11-07 21:22:25 - [TEST_STEP][PASSED] - if (month.trim()): Text 'April' is present on page  using regular expression

2024-11-07 21:22:25 - [TEST_STEP][PASSED] - verifyTextPresent("Period Ending", true): Text 'Period Ending' is present on page  using regular expression

2024-11-07 21:22:25 - [MESSAGE][PASSED] - Text 'Period Ending' is present on page  using regular expression

2024-11-07 21:22:25 - [TEST_STEP][PASSED] - verifyTextPresent(month, true): Text 'April' is present on page  using regular expression

2024-11-07 21:22:25 - [MESSAGE][PASSED] - Text 'April' is present on page  using regular expression

2024-11-07 21:22:25 - [TEST_STEP][PASSED] - if (feinSSN.equalsIgnoreCase("Y")): null

2024-11-07 21:22:25 - [TEST_STEP][PASSED] - else: Text 'XXXXXXX87' is present on page  using regular expression

2024-11-07 21:22:25 - [TEST_STEP][PASSED] - if (!(TaxType.equalsIgnoreCase("Estate Tax"))): Text 'XXXXXXX87' is present on page  using regular expression

2024-11-07 21:22:25 - [TEST_STEP][PASSED] - verifyTextPresent("Federal EIN:", true): Text 'Federal EIN:' is present on page  using regular expression

2024-11-07 21:22:26 - [MESSAGE][PASSED] - Text 'Federal EIN:' is present on page  using regular expression

2024-11-07 21:22:26 - [TEST_STEP][PASSED] - verifyTextNotPresent("FEIN/SSN:", true): Text 'FEIN/SSN:' is not present on page using regular expression

2024-11-07 21:22:26 - [MESSAGE][PASSED] - Text 'FEIN/SSN:' is not present on page using regular expression

2024-11-07 21:22:26 - [TEST_STEP][PASSED] - verifyTextPresent("XXXXXXX87", true): Text 'XXXXXXX87' is present on page  using regular expression

2024-11-07 21:22:26 - [MESSAGE][PASSED] - Text 'XXXXXXX87' is present on page  using regular expression

2024-11-07 21:22:26 - [TEST_STEP][PASSED] - if (TaxType.equalsIgnoreCase("Estate Tax")): null

2024-11-07 21:22:26 - [TEST_STEP][PASSED] - if (CRN.equalsIgnoreCase("Y")): null

2024-11-07 21:22:26 - [TEST_STEP][PASSED] - else: Text 'MD Central Registration Number' is not present on page using regular expression

2024-11-07 21:22:26 - [TEST_STEP][PASSED] - verifyTextNotPresent("MD Central Registration Number", true): Text 'MD Central Registration Number' is not present on page using regular expression

2024-11-07 21:22:27 - [MESSAGE][PASSED] - Text 'MD Central Registration Number' is not present on page using regular expression

2024-11-07 21:22:27 - [TEST_STEP][PASSED] - if (MFLicNum.equalsIgnoreCase("Y")): Text '758142' is present on page  using regular expression

2024-11-07 21:22:27 - [TEST_STEP][PASSED] - verifyTextPresent("Motor Fuel License Number#:", true): Text 'Motor Fuel License Number#:' is present on page  using regular expression

2024-11-07 21:22:27 - [MESSAGE][PASSED] - Text 'Motor Fuel License Number#:' is present on page  using regular expression

2024-11-07 21:22:27 - [TEST_STEP][PASSED] - verifyTextPresent("758142", true): Text '758142' is present on page  using regular expression

2024-11-07 21:22:27 - [MESSAGE][PASSED] - Text '758142' is present on page  using regular expression

2024-11-07 21:22:27 - [TEST_STEP][PASSED] - verifyTextPresent("Payment Amount:", true): Text 'Payment Amount:' is present on page  using regular expression

2024-11-07 21:22:28 - [MESSAGE][PASSED] - Text 'Payment Amount:' is present on page  using regular expression

2024-11-07 21:22:28 - [TEST_STEP][PASSED] - verifyTextPresent("100.00", true): Text '100.00' is present on page  using regular expression

2024-11-07 21:22:28 - [MESSAGE][PASSED] - Text '100.00' is present on page  using regular expression

2024-11-07 21:22:28 - [TEST_STEP][PASSED] - if (verifyElementVisible(findTestObject(orPath_Summary + "/button_Proceed to Payment"))): null

2024-11-07 21:22:28 - [MESSAGE][PASSED] - Object 'Object Repository/RAD_Pages/Summary_Page/button_Proceed to Payment' is visible

2024-11-07 21:22:28 - [TEST_STEP][PASSED] - resText = "Pass": null

2024-11-07 21:22:28 - [TEST_STEP][PASSED] - pages.WriteExcel.demoKey(resText, datText, resColumn, datCloumn, fileLoc, nameSheet, row): pages.WriteExcel.demoKey is PASSED

2024-11-07 21:22:28 - [MESSAGE][PASSED] - pages.WriteExcel.demoKey is PASSED

2024-11-07 21:22:28 - [TEST_STEP][PASSED] - click(findTestObject(orPath_Summary + "/button_Proceed to Payment")): Object: 'Object Repository/RAD_Pages/Summary_Page/button_Proceed to Payment' is clicked on

2024-11-07 21:22:31 - [MESSAGE][PASSED] - Object: 'Object Repository/RAD_Pages/Summary_Page/button_Proceed to Payment' is clicked on

2024-11-07 21:22:31 - [TEST_STEP][PASSED] - verifyElementPresent(findTestObject("Object Repository/RAD_Pages/PaymentEntry_Page/input__billingName"), 30): Object 'Object Repository/RAD_Pages/PaymentEntry_Page/input__billingName' is present

2024-11-07 21:22:31 - [MESSAGE][PASSED] - Object 'Object Repository/RAD_Pages/PaymentEntry_Page/input__billingName' is present

2024-11-07 21:22:31 - [TEST_STEP][PASSED] - ExecuteTC = findTestData(dataFile).getValue("Execute", row): null

2024-11-07 21:22:32 - [TEST_STEP][PASSED] - TaxType = findTestData(dataFile).getValue("TaxType", row): null

2024-11-07 21:22:32 - [TEST_STEP][PASSED] - PaymentType = findTestData(dataFile).getValue("PaymentType", row): null

2024-11-07 21:22:32 - [TEST_STEP][PASSED] - FilingYear = findTestData(dataFile).getValue("Year", row): null

2024-11-07 21:22:32 - [TEST_STEP][PASSED] - feinSSN = findTestData(dataFile).getValue("FeinSsn", row): null

2024-11-07 21:22:32 - [TEST_STEP][PASSED] - CRN = findTestData(dataFile).getValue("CRN", row): null

2024-11-07 21:22:32 - [TEST_STEP][PASSED] - month = findTestData(dataFile).getValue("Month", row): null

2024-11-07 21:22:32 - [TEST_STEP][PASSED] - MFLicNum = findTestData(dataFile).getValue("MFLicNum", row): null

2024-11-07 21:22:32 - [TEST_STEP][PASSED] - if (ExecuteTC.equalsIgnoreCase("Y")): Object 'Object Repository/RAD_Pages/PaymentEntry_Page/input__billingName' is present

2024-11-07 21:22:32 - [TEST_STEP][PASSED] - out.println("Begin Record Number: " + row): null

2024-11-07 21:22:32 - [TEST_STEP][PASSED] - today = new java.util.Date(): null

2024-11-07 21:22:32 - [TEST_STEP][PASSED] - println(today): null

2024-11-07 21:22:32 - [TEST_STEP][PASSED] - datText = today: null

2024-11-07 21:22:32 - [TEST_STEP][PASSED] - logInfo("Payment Type: New Tax Return Amount Due"): Payment Type: New Tax Return Amount Due

2024-11-07 21:22:32 - [MESSAGE][INFO] - Payment Type: New Tax Return Amount Due

2024-11-07 21:22:32 - [TEST_STEP][PASSED] - logInfo("Tax Type: " + TaxType): Tax Type: Sales and Use Tax

2024-11-07 21:22:32 - [MESSAGE][INFO] - Tax Type: Sales and Use Tax

2024-11-07 21:22:32 - [TEST_STEP][PASSED] - openBrowser(""): Browser is opened with url: ''

2024-11-07 21:22:32 - [MESSAGE][WARNING] - A browser is already opened. Closing browser and opening a new one

2024-11-07 21:22:34 - [MESSAGE][INFO] - Starting 'Chrome' driver

2024-11-07 21:22:34 - [MESSAGE][INFO] - User set preference: ['acceptInsecureCerts', 'true']

2024-11-07 21:22:34 - [MESSAGE][INFO] - Action delay is set to 0 milliseconds

2024-11-07 21:22:36 - [MESSAGE][PASSED] - Browser is opened with url: ''

2024-11-07 21:22:36 - [TEST_STEP][PASSED] - maximizeWindow(): Current window maximized

2024-11-07 21:22:36 - [MESSAGE][PASSED] - Current window maximized

2024-11-07 21:22:36 - [TEST_STEP][PASSED] - navigateToUrl(RADurl): Navigate to 'https://www.velocitypayment.com/client/rad/index.html' successfully

2024-11-07 21:22:37 - [MESSAGE][PASSED] - Navigate to 'https://www.velocitypayment.com/client/rad/index.html' successfully

2024-11-07 21:22:37 - [TEST_STEP][PASSED] - selectOptionByLabel(findTestObject(orPath_Landing + "/dd_TaxType"), "New Tax Return Amount Due", false): All options with label 'New Tax Return Amount Due' are selected in object 'Object Repository/RAD_Pages/Landing_Page/dd_TaxType' 

2024-11-07 21:22:39 - [MESSAGE][PASSED] - All options with label 'New Tax Return Amount Due' are selected in object 'Object Repository/RAD_Pages/Landing_Page/dd_TaxType' 

2024-11-07 21:22:39 - [TEST_STEP][PASSED] - selectOptionByLabel(findTestObject("Object Repository/RAD_Pages/Landing_Page/select_NewTaxReturnAmountDue_TaxType"), TaxType, false): All options with label 'Sales and Use Tax' are selected in object 'Object Repository/RAD_Pages/Landing_Page/select_NewTaxReturnAmountDue_TaxType' 

2024-11-07 21:22:40 - [MESSAGE][PASSED] - All options with label 'Sales and Use Tax' are selected in object 'Object Repository/RAD_Pages/Landing_Page/select_NewTaxReturnAmountDue_TaxType' 

2024-11-07 21:22:40 - [TEST_STEP][PASSED] - selectOptionByLabel(findTestObject(orPath_TaxTypeFilingYear + "/select_FilingYear"), FilingYear, false): All options with label '2024' are selected in object 'Object Repository/RAD_Pages/TaxTypeFilingYear_Page/select_FilingYear' 

2024-11-07 21:22:41 - [MESSAGE][PASSED] - All options with label '2024' are selected in object 'Object Repository/RAD_Pages/TaxTypeFilingYear_Page/select_FilingYear' 

2024-11-07 21:22:41 - [TEST_STEP][PASSED] - if (month.trim()): All options with label 'October' are selected in object 'Object Repository/RAD_Pages/TaxTypeFilingYear_Page/select_PeriodEnding' 

2024-11-07 21:22:41 - [TEST_STEP][PASSED] - selectOptionByLabel(findTestObject(orPath_TaxTypeFilingYear + "/select_PeriodEnding"), month, false): All options with label 'October' are selected in object 'Object Repository/RAD_Pages/TaxTypeFilingYear_Page/select_PeriodEnding' 

2024-11-07 21:22:41 - [MESSAGE][PASSED] - All options with label 'October' are selected in object 'Object Repository/RAD_Pages/TaxTypeFilingYear_Page/select_PeriodEnding' 

2024-11-07 21:22:41 - [TEST_STEP][PASSED] - rad.getSetDataRAD.setDataRADBusinessName(): rad.getSetDataRAD.setDataRADBusinessName is PASSED

2024-11-07 21:22:42 - [MESSAGE][PASSED] - Text 'My Company' is set on object 'Object Repository/RAD_Pages/Taxpayer_Page/input_businessName'

2024-11-07 21:22:42 - [MESSAGE][PASSED] - rad.getSetDataRAD.setDataRADBusinessName is PASSED

2024-11-07 21:22:42 - [TEST_STEP][PASSED] - rad.getSetDataRAD.setDataRADBusinessRep(): rad.getSetDataRAD.setDataRADBusinessRep is PASSED

2024-11-07 21:22:43 - [MESSAGE][PASSED] - Text 'BusRepFname' is set on object 'Object Repository/RAD_Pages/Taxpayer_Page/input_BusinessRepfirstName'

2024-11-07 21:22:44 - [MESSAGE][PASSED] - Text '' is set on object 'Object Repository/RAD_Pages/Taxpayer_Page/input_BusinessRepmiddleName'

2024-11-07 21:22:44 - [MESSAGE][PASSED] - Text 'BusRepLname' is set on object 'Object Repository/RAD_Pages/Taxpayer_Page/input_BusinessReplastName'

2024-11-07 21:22:45 - [MESSAGE][PASSED] - Text '' is set on object 'Object Repository/RAD_Pages/Taxpayer_Page/input_BusinessRepsuffix'

2024-11-07 21:22:45 - [MESSAGE][PASSED] - rad.getSetDataRAD.setDataRADBusinessRep is PASSED

2024-11-07 21:22:45 - [TEST_STEP][PASSED] - rad.getSetDataRAD.setDataRADAddress(): rad.getSetDataRAD.setDataRADAddress is PASSED

2024-11-07 21:22:46 - [MESSAGE][PASSED] - All options with label 'United States' are selected in object 'Object Repository/RAD_Pages/AddressAndContactInfo_Page/select_Country' 

2024-11-07 21:22:46 - [MESSAGE][PASSED] - Text '2508 Mandan Terrace' is set on object 'Object Repository/RAD_Pages/AddressAndContactInfo_Page/input_streetAddress1'

2024-11-07 21:22:47 - [MESSAGE][PASSED] - Text '' is set on object 'Object Repository/RAD_Pages/AddressAndContactInfo_Page/input_streetAddress2'

2024-11-07 21:22:48 - [MESSAGE][PASSED] - Text 'Gambrills' is set on object 'Object Repository/RAD_Pages/AddressAndContactInfo_Page/input_city'

2024-11-07 21:22:49 - [MESSAGE][PASSED] - All options with label 'Maryland' are selected in object 'Object Repository/RAD_Pages/AddressAndContactInfo_Page/select_State' 

2024-11-07 21:22:50 - [MESSAGE][PASSED] - Text '21054' is set on object 'Object Repository/RAD_Pages/AddressAndContactInfo_Page/input_zipCode'

2024-11-07 21:22:51 - [MESSAGE][PASSED] - Text '(703) 894-5000' is set on object 'Object Repository/RAD_Pages/AddressAndContactInfo_Page/input_phoneNumber'

2024-11-07 21:22:52 - [MESSAGE][PASSED] - Text 'iahmed@govolution.com' is set on object 'Object Repository/RAD_Pages/AddressAndContactInfo_Page/input_eMailAddress'

2024-11-07 21:22:52 - [MESSAGE][PASSED] - Text 'iahmed@govolution.com' is set on object 'Object Repository/RAD_Pages/AddressAndContactInfo_Page/input_reEnterEMailAddress'

2024-11-07 21:22:52 - [MESSAGE][PASSED] - rad.getSetDataRAD.setDataRADAddress is PASSED

2024-11-07 21:22:52 - [TEST_STEP][PASSED] - if (feinSSN.equalsIgnoreCase("Y")): null

2024-11-07 21:22:52 - [TEST_STEP][PASSED] - else: Text ****** has been set on object 'Object Repository/RAD_Pages/TaxInfo_Page/input_FederalEIN_ReEnter'

2024-11-07 21:22:52 - [TEST_STEP][PASSED] - if (!(TaxType.equalsIgnoreCase("Estate Tax"))): Text ****** has been set on object 'Object Repository/RAD_Pages/TaxInfo_Page/input_FederalEIN_ReEnter'

2024-11-07 21:22:52 - [TEST_STEP][PASSED] - setEncryptedText(findTestObject(orPath_TaxInfo + "/input_FederalEIN"), "yXB7JMCbD3QoFF75EQd3iw=="): Text ****** has been set on object 'Object Repository/RAD_Pages/TaxInfo_Page/input_FederalEIN'

2024-11-07 21:22:53 - [MESSAGE][PASSED] - Text ****** has been set on object 'Object Repository/RAD_Pages/TaxInfo_Page/input_FederalEIN'

2024-11-07 21:22:53 - [TEST_STEP][PASSED] - setEncryptedText(findTestObject(orPath_TaxInfo + "/input_FederalEIN_ReEnter"), "yXB7JMCbD3QoFF75EQd3iw=="): Text ****** has been set on object 'Object Repository/RAD_Pages/TaxInfo_Page/input_FederalEIN_ReEnter'

2024-11-07 21:22:54 - [MESSAGE][PASSED] - Text ****** has been set on object 'Object Repository/RAD_Pages/TaxInfo_Page/input_FederalEIN_ReEnter'

2024-11-07 21:22:54 - [TEST_STEP][PASSED] - if (CRN.equalsIgnoreCase("Y")): rad.getSetDataRAD.setDataRADMDCRN is PASSED

2024-11-07 21:22:54 - [TEST_STEP][PASSED] - rad.getSetDataRAD.setDataRADMDCRN(): rad.getSetDataRAD.setDataRADMDCRN is PASSED

2024-11-07 21:22:54 - [MESSAGE][PASSED] - Text '07640126' is set on object 'Object Repository/RAD_Pages/TaxInfo_Page/input_MDCRegistration'

2024-11-07 21:22:54 - [MESSAGE][PASSED] - rad.getSetDataRAD.setDataRADMDCRN is PASSED

2024-11-07 21:22:54 - [TEST_STEP][PASSED] - if (MFLicNum.equalsIgnoreCase("Y")): null

2024-11-07 21:22:54 - [TEST_STEP][PASSED] - if (TaxType.equalsIgnoreCase("Estate Tax")): null

2024-11-07 21:22:54 - [TEST_STEP][PASSED] - setText(findTestObject(orPath_Amount + "/input__paymentAmount"), "100.00"): Text '100.00' is set on object 'Object Repository/RAD_Pages/PaymentAmount_Page/input__paymentAmount'

2024-11-07 21:22:55 - [MESSAGE][PASSED] - Text '100.00' is set on object 'Object Repository/RAD_Pages/PaymentAmount_Page/input__paymentAmount'

2024-11-07 21:22:55 - [TEST_STEP][PASSED] - setText(findTestObject(orPath_AddressContact + "/input_streetAddress2"), ""): Text '' is set on object 'Object Repository/RAD_Pages/AddressAndContactInfo_Page/input_streetAddress2'

2024-11-07 21:22:56 - [MESSAGE][PASSED] - Text '' is set on object 'Object Repository/RAD_Pages/AddressAndContactInfo_Page/input_streetAddress2'

2024-11-07 21:22:56 - [TEST_STEP][PASSED] - scrollToElement(findTestObject(orPath_Landing + "/button_Continue"), 3): Scroll to object 'Object Repository/RAD_Pages/Landing_Page/button_Continue' successfully

2024-11-07 21:22:56 - [MESSAGE][PASSED] - Scroll to object 'Object Repository/RAD_Pages/Landing_Page/button_Continue' successfully

2024-11-07 21:22:56 - [TEST_STEP][PASSED] - waitForElementClickable(findTestObject(orPath_Landing + "/button_Continue"), 5): Object 'Object Repository/RAD_Pages/Landing_Page/button_Continue' is clickable

2024-11-07 21:22:56 - [MESSAGE][PASSED] - Object 'Object Repository/RAD_Pages/Landing_Page/button_Continue' is clickable

2024-11-07 21:22:56 - [TEST_STEP][PASSED] - click(findTestObject(orPath_Landing + "/button_Continue")): Object: 'Object Repository/RAD_Pages/Landing_Page/button_Continue' is clicked on

2024-11-07 21:22:57 - [MESSAGE][PASSED] - Object: 'Object Repository/RAD_Pages/Landing_Page/button_Continue' is clicked on

2024-11-07 21:22:57 - [TEST_STEP][PASSED] - delay(2): Delayed 2 second(s)

2024-11-07 21:22:59 - [MESSAGE][PASSED] - Delayed 2 second(s)

2024-11-07 21:22:59 - [TEST_STEP][PASSED] - verifyTextPresent("Summary", true): Text 'Summary' is present on page  using regular expression

2024-11-07 21:22:59 - [MESSAGE][PASSED] - Text 'Summary' is present on page  using regular expression

2024-11-07 21:22:59 - [TEST_STEP][PASSED] - verifyTextPresent("Review the information below and make any necessary corrections by clicking the", true): Text 'Review the information below and make any necessary corrections by clicking the' is present on page  using regular expression

2024-11-07 21:23:00 - [MESSAGE][PASSED] - Text 'Review the information below and make any necessary corrections by clicking the' is present on page  using regular expression

2024-11-07 21:23:00 - [TEST_STEP][PASSED] - verifyTextPresent("When you are confident that all the information is correct, click the", true): Text 'When you are confident that all the information is correct, click the' is present on page  using regular expression

2024-11-07 21:23:00 - [MESSAGE][PASSED] - Text 'When you are confident that all the information is correct, click the' is present on page  using regular expression

2024-11-07 21:23:00 - [TEST_STEP][PASSED] - verifyTextPresent("Payment Type/Filing Year", true): Text 'Payment Type/Filing Year' is present on page  using regular expression

2024-11-07 21:23:00 - [MESSAGE][PASSED] - Text 'Payment Type/Filing Year' is present on page  using regular expression

2024-11-07 21:23:00 - [TEST_STEP][PASSED] - verifyTextPresent("Payment Type:", true): Text 'Payment Type:' is present on page  using regular expression

2024-11-07 21:23:01 - [MESSAGE][PASSED] - Text 'Payment Type:' is present on page  using regular expression

2024-11-07 21:23:01 - [TEST_STEP][PASSED] - verifyTextPresent("New Tax Return Amount Due", true): Text 'New Tax Return Amount Due' is present on page  using regular expression

2024-11-07 21:23:01 - [MESSAGE][PASSED] - Text 'New Tax Return Amount Due' is present on page  using regular expression

2024-11-07 21:23:01 - [TEST_STEP][PASSED] - verifyTextPresent("Filing Year:", true): Text 'Filing Year:' is present on page  using regular expression

2024-11-07 21:23:01 - [MESSAGE][PASSED] - Text 'Filing Year:' is present on page  using regular expression

2024-11-07 21:23:01 - [TEST_STEP][PASSED] - verifyTextPresent(FilingYear, true): Text '2024' is present on page  using regular expression

2024-11-07 21:23:01 - [MESSAGE][PASSED] - Text '2024' is present on page  using regular expression

2024-11-07 21:23:01 - [TEST_STEP][PASSED] - verifyTextPresent("Payer Information", true): Text 'Payer Information' is present on page  using regular expression

2024-11-07 21:23:02 - [MESSAGE][PASSED] - Text 'Payer Information' is present on page  using regular expression

2024-11-07 21:23:02 - [TEST_STEP][PASSED] - verifyTextPresent("Taxpayer Name:", true): Text 'Taxpayer Name:' is present on page  using regular expression

2024-11-07 21:23:02 - [MESSAGE][PASSED] - Text 'Taxpayer Name:' is present on page  using regular expression

2024-11-07 21:23:02 - [TEST_STEP][PASSED] - verifyTextPresent("My Company", true): Text 'My Company' is present on page  using regular expression

2024-11-07 21:23:02 - [MESSAGE][PASSED] - Text 'My Company' is present on page  using regular expression

2024-11-07 21:23:02 - [TEST_STEP][PASSED] - verifyTextPresent("Business Rep Name:", true): Text 'Business Rep Name:' is present on page  using regular expression

2024-11-07 21:23:03 - [MESSAGE][PASSED] - Text 'Business Rep Name:' is present on page  using regular expression

2024-11-07 21:23:03 - [TEST_STEP][PASSED] - verifyTextPresent("BusRepFname BusRepLname", true): Text 'BusRepFname BusRepLname' is present on page  using regular expression

2024-11-07 21:23:03 - [MESSAGE][PASSED] - Text 'BusRepFname BusRepLname' is present on page  using regular expression

2024-11-07 21:23:03 - [TEST_STEP][PASSED] - verifyTextPresent("Taxpayer Address:", true): Text 'Taxpayer Address:' is present on page  using regular expression

2024-11-07 21:23:03 - [MESSAGE][PASSED] - Text 'Taxpayer Address:' is present on page  using regular expression

2024-11-07 21:23:03 - [TEST_STEP][PASSED] - verifyTextPresent("2508 Mandan Terrace Gambrills Maryland 21054", true): Text '2508 Mandan Terrace Gambrills Maryland 21054' is present on page  using regular expression

2024-11-07 21:23:04 - [MESSAGE][PASSED] - Text '2508 Mandan Terrace Gambrills Maryland 21054' is present on page  using regular expression

2024-11-07 21:23:04 - [TEST_STEP][PASSED] - verifyTextPresent("Email:", true): Text 'Email:' is present on page  using regular expression

2024-11-07 21:23:04 - [MESSAGE][PASSED] - Text 'Email:' is present on page  using regular expression

2024-11-07 21:23:04 - [TEST_STEP][PASSED] - verifyTextPresent("iahmed@govolution.com", true): Text 'iahmed@govolution.com' is present on page  using regular expression

2024-11-07 21:23:04 - [MESSAGE][PASSED] - Text 'iahmed@govolution.com' is present on page  using regular expression

2024-11-07 21:23:04 - [TEST_STEP][PASSED] - verifyTextPresent("Phone:", true): Text 'Phone:' is present on page  using regular expression

2024-11-07 21:23:05 - [MESSAGE][PASSED] - Text 'Phone:' is present on page  using regular expression

2024-11-07 21:23:05 - [TEST_STEP][PASSED] - verifyTextPresent("(703) 894-5000", false): Text '(703) 894-5000' is present on page 

2024-11-07 21:23:05 - [MESSAGE][PASSED] - Text '(703) 894-5000' is present on page 

2024-11-07 21:23:05 - [TEST_STEP][PASSED] - verifyTextPresent("Tax Information", true): Text 'Tax Information' is present on page  using regular expression

2024-11-07 21:23:05 - [MESSAGE][PASSED] - Text 'Tax Information' is present on page  using regular expression

2024-11-07 21:23:05 - [TEST_STEP][PASSED] - verifyTextNotPresent("Notice Number", true): Text 'Notice Number' is not present on page using regular expression

2024-11-07 21:23:06 - [MESSAGE][PASSED] - Text 'Notice Number' is not present on page using regular expression

2024-11-07 21:23:06 - [TEST_STEP][PASSED] - if (month.trim()): Text 'October' is present on page  using regular expression

2024-11-07 21:23:06 - [TEST_STEP][PASSED] - verifyTextPresent("Period Ending", true): Text 'Period Ending' is present on page  using regular expression

2024-11-07 21:23:06 - [MESSAGE][PASSED] - Text 'Period Ending' is present on page  using regular expression

2024-11-07 21:23:06 - [TEST_STEP][PASSED] - verifyTextPresent(month, true): Text 'October' is present on page  using regular expression

2024-11-07 21:23:06 - [MESSAGE][PASSED] - Text 'October' is present on page  using regular expression

2024-11-07 21:23:06 - [TEST_STEP][PASSED] - if (feinSSN.equalsIgnoreCase("Y")): null

2024-11-07 21:23:06 - [TEST_STEP][PASSED] - else: Text 'XXXXXXX87' is present on page  using regular expression

2024-11-07 21:23:06 - [TEST_STEP][PASSED] - if (!(TaxType.equalsIgnoreCase("Estate Tax"))): Text 'XXXXXXX87' is present on page  using regular expression

2024-11-07 21:23:06 - [TEST_STEP][PASSED] - verifyTextPresent("Federal EIN:", true): Text 'Federal EIN:' is present on page  using regular expression

2024-11-07 21:23:07 - [MESSAGE][PASSED] - Text 'Federal EIN:' is present on page  using regular expression

2024-11-07 21:23:07 - [TEST_STEP][PASSED] - verifyTextNotPresent("FEIN/SSN:", true): Text 'FEIN/SSN:' is not present on page using regular expression

2024-11-07 21:23:07 - [MESSAGE][PASSED] - Text 'FEIN/SSN:' is not present on page using regular expression

2024-11-07 21:23:07 - [TEST_STEP][PASSED] - verifyTextPresent("XXXXXXX87", true): Text 'XXXXXXX87' is present on page  using regular expression

2024-11-07 21:23:07 - [MESSAGE][PASSED] - Text 'XXXXXXX87' is present on page  using regular expression

2024-11-07 21:23:07 - [TEST_STEP][PASSED] - if (TaxType.equalsIgnoreCase("Estate Tax")): null

2024-11-07 21:23:07 - [TEST_STEP][PASSED] - if (CRN.equalsIgnoreCase("Y")): Text '07640126' is present on page  using regular expression

2024-11-07 21:23:07 - [TEST_STEP][PASSED] - verifyTextPresent("MD Central Registration Number#:", true): Text 'MD Central Registration Number#:' is present on page  using regular expression

2024-11-07 21:23:08 - [MESSAGE][PASSED] - Text 'MD Central Registration Number#:' is present on page  using regular expression

2024-11-07 21:23:08 - [TEST_STEP][PASSED] - verifyTextPresent("07640126", true): Text '07640126' is present on page  using regular expression

2024-11-07 21:23:08 - [MESSAGE][PASSED] - Text '07640126' is present on page  using regular expression

2024-11-07 21:23:08 - [TEST_STEP][PASSED] - if (MFLicNum.equalsIgnoreCase("Y")): null

2024-11-07 21:23:08 - [TEST_STEP][PASSED] - else: Text 'Motor Fuel License Number#:' is not present on page using regular expression

2024-11-07 21:23:08 - [TEST_STEP][PASSED] - verifyTextNotPresent("Motor Fuel License Number#:", true): Text 'Motor Fuel License Number#:' is not present on page using regular expression

2024-11-07 21:23:08 - [MESSAGE][PASSED] - Text 'Motor Fuel License Number#:' is not present on page using regular expression

2024-11-07 21:23:08 - [TEST_STEP][PASSED] - verifyTextPresent("Payment Amount:", true): Text 'Payment Amount:' is present on page  using regular expression

2024-11-07 21:23:09 - [MESSAGE][PASSED] - Text 'Payment Amount:' is present on page  using regular expression

2024-11-07 21:23:09 - [TEST_STEP][PASSED] - verifyTextPresent("100.00", true): Text '100.00' is present on page  using regular expression

2024-11-07 21:23:09 - [MESSAGE][PASSED] - Text '100.00' is present on page  using regular expression

2024-11-07 21:23:09 - [TEST_STEP][PASSED] - if (verifyElementVisible(findTestObject(orPath_Summary + "/button_Proceed to Payment"))): null

2024-11-07 21:23:09 - [MESSAGE][PASSED] - Object 'Object Repository/RAD_Pages/Summary_Page/button_Proceed to Payment' is visible

2024-11-07 21:23:09 - [TEST_STEP][PASSED] - resText = "Pass": null

2024-11-07 21:23:09 - [TEST_STEP][PASSED] - pages.WriteExcel.demoKey(resText, datText, resColumn, datCloumn, fileLoc, nameSheet, row): pages.WriteExcel.demoKey is PASSED

2024-11-07 21:23:09 - [MESSAGE][PASSED] - pages.WriteExcel.demoKey is PASSED

2024-11-07 21:23:09 - [TEST_STEP][PASSED] - click(findTestObject(orPath_Summary + "/button_Proceed to Payment")): Object: 'Object Repository/RAD_Pages/Summary_Page/button_Proceed to Payment' is clicked on

2024-11-07 21:23:12 - [MESSAGE][PASSED] - Object: 'Object Repository/RAD_Pages/Summary_Page/button_Proceed to Payment' is clicked on

2024-11-07 21:23:12 - [TEST_STEP][PASSED] - verifyElementPresent(findTestObject("Object Repository/RAD_Pages/PaymentEntry_Page/input__billingName"), 30): Object 'Object Repository/RAD_Pages/PaymentEntry_Page/input__billingName' is present

2024-11-07 21:23:13 - [MESSAGE][PASSED] - Object 'Object Repository/RAD_Pages/PaymentEntry_Page/input__billingName' is present

2024-11-07 21:23:13 - [TEST_STEP][PASSED] - ExecuteTC = findTestData(dataFile).getValue("Execute", row): null

2024-11-07 21:23:13 - [TEST_STEP][PASSED] - TaxType = findTestData(dataFile).getValue("TaxType", row): null

2024-11-07 21:23:13 - [TEST_STEP][PASSED] - PaymentType = findTestData(dataFile).getValue("PaymentType", row): null

2024-11-07 21:23:13 - [TEST_STEP][PASSED] - FilingYear = findTestData(dataFile).getValue("Year", row): null

2024-11-07 21:23:13 - [TEST_STEP][PASSED] - feinSSN = findTestData(dataFile).getValue("FeinSsn", row): null

2024-11-07 21:23:13 - [TEST_STEP][PASSED] - CRN = findTestData(dataFile).getValue("CRN", row): null

2024-11-07 21:23:14 - [TEST_STEP][PASSED] - month = findTestData(dataFile).getValue("Month", row): null

2024-11-07 21:23:14 - [TEST_STEP][PASSED] - MFLicNum = findTestData(dataFile).getValue("MFLicNum", row): null

2024-11-07 21:23:14 - [TEST_STEP][PASSED] - if (ExecuteTC.equalsIgnoreCase("Y")): Object 'Object Repository/RAD_Pages/PaymentEntry_Page/input__billingName' is present

2024-11-07 21:23:14 - [TEST_STEP][PASSED] - out.println("Begin Record Number: " + row): null

2024-11-07 21:23:14 - [TEST_STEP][PASSED] - today = new java.util.Date(): null

2024-11-07 21:23:14 - [TEST_STEP][PASSED] - println(today): null

2024-11-07 21:23:14 - [TEST_STEP][PASSED] - datText = today: null

2024-11-07 21:23:14 - [TEST_STEP][PASSED] - logInfo("Payment Type: New Tax Return Amount Due"): Payment Type: New Tax Return Amount Due

2024-11-07 21:23:14 - [MESSAGE][INFO] - Payment Type: New Tax Return Amount Due

2024-11-07 21:23:14 - [TEST_STEP][PASSED] - logInfo("Tax Type: " + TaxType): Tax Type: Slots License Fee

2024-11-07 21:23:14 - [MESSAGE][INFO] - Tax Type: Slots License Fee

2024-11-07 21:23:14 - [TEST_STEP][PASSED] - openBrowser(""): Browser is opened with url: ''

2024-11-07 21:23:14 - [MESSAGE][WARNING] - A browser is already opened. Closing browser and opening a new one

2024-11-07 21:23:16 - [MESSAGE][INFO] - Starting 'Chrome' driver

2024-11-07 21:23:16 - [MESSAGE][INFO] - User set preference: ['acceptInsecureCerts', 'true']

2024-11-07 21:23:16 - [MESSAGE][INFO] - Action delay is set to 0 milliseconds

2024-11-07 21:23:18 - [MESSAGE][PASSED] - Browser is opened with url: ''

2024-11-07 21:23:18 - [TEST_STEP][PASSED] - maximizeWindow(): Current window maximized

2024-11-07 21:23:18 - [MESSAGE][PASSED] - Current window maximized

2024-11-07 21:23:18 - [TEST_STEP][PASSED] - navigateToUrl(RADurl): Navigate to 'https://www.velocitypayment.com/client/rad/index.html' successfully

2024-11-07 21:23:26 - [MESSAGE][PASSED] - Navigate to 'https://www.velocitypayment.com/client/rad/index.html' successfully

2024-11-07 21:23:26 - [TEST_STEP][PASSED] - selectOptionByLabel(findTestObject(orPath_Landing + "/dd_TaxType"), "New Tax Return Amount Due", false): All options with label 'New Tax Return Amount Due' are selected in object 'Object Repository/RAD_Pages/Landing_Page/dd_TaxType' 

2024-11-07 21:23:27 - [MESSAGE][PASSED] - All options with label 'New Tax Return Amount Due' are selected in object 'Object Repository/RAD_Pages/Landing_Page/dd_TaxType' 

2024-11-07 21:23:27 - [TEST_STEP][PASSED] - selectOptionByLabel(findTestObject("Object Repository/RAD_Pages/Landing_Page/select_NewTaxReturnAmountDue_TaxType"), TaxType, false): All options with label 'Slots License Fee' are selected in object 'Object Repository/RAD_Pages/Landing_Page/select_NewTaxReturnAmountDue_TaxType' 

2024-11-07 21:23:28 - [MESSAGE][PASSED] - All options with label 'Slots License Fee' are selected in object 'Object Repository/RAD_Pages/Landing_Page/select_NewTaxReturnAmountDue_TaxType' 

2024-11-07 21:23:28 - [TEST_STEP][PASSED] - selectOptionByLabel(findTestObject(orPath_TaxTypeFilingYear + "/select_FilingYear"), FilingYear, false): All options with label '2024' are selected in object 'Object Repository/RAD_Pages/TaxTypeFilingYear_Page/select_FilingYear' 

2024-11-07 21:23:29 - [MESSAGE][PASSED] - All options with label '2024' are selected in object 'Object Repository/RAD_Pages/TaxTypeFilingYear_Page/select_FilingYear' 

2024-11-07 21:23:29 - [TEST_STEP][PASSED] - if (month.trim()): null

2024-11-07 21:23:29 - [TEST_STEP][PASSED] - rad.getSetDataRAD.setDataRADBusinessName(): rad.getSetDataRAD.setDataRADBusinessName is PASSED

2024-11-07 21:23:30 - [MESSAGE][PASSED] - Text 'My Company' is set on object 'Object Repository/RAD_Pages/Taxpayer_Page/input_businessName'

2024-11-07 21:23:30 - [MESSAGE][PASSED] - rad.getSetDataRAD.setDataRADBusinessName is PASSED

2024-11-07 21:23:30 - [TEST_STEP][PASSED] - rad.getSetDataRAD.setDataRADBusinessRep(): rad.getSetDataRAD.setDataRADBusinessRep is PASSED

2024-11-07 21:23:30 - [MESSAGE][PASSED] - Text 'BusRepFname' is set on object 'Object Repository/RAD_Pages/Taxpayer_Page/input_BusinessRepfirstName'

2024-11-07 21:23:31 - [MESSAGE][PASSED] - Text '' is set on object 'Object Repository/RAD_Pages/Taxpayer_Page/input_BusinessRepmiddleName'

2024-11-07 21:23:32 - [MESSAGE][PASSED] - Text 'BusRepLname' is set on object 'Object Repository/RAD_Pages/Taxpayer_Page/input_BusinessReplastName'

2024-11-07 21:23:32 - [MESSAGE][PASSED] - Text '' is set on object 'Object Repository/RAD_Pages/Taxpayer_Page/input_BusinessRepsuffix'

2024-11-07 21:23:32 - [MESSAGE][PASSED] - rad.getSetDataRAD.setDataRADBusinessRep is PASSED

2024-11-07 21:23:32 - [TEST_STEP][PASSED] - rad.getSetDataRAD.setDataRADAddress(): rad.getSetDataRAD.setDataRADAddress is PASSED

2024-11-07 21:23:33 - [MESSAGE][PASSED] - All options with label 'United States' are selected in object 'Object Repository/RAD_Pages/AddressAndContactInfo_Page/select_Country' 

2024-11-07 21:23:34 - [MESSAGE][PASSED] - Text '2508 Mandan Terrace' is set on object 'Object Repository/RAD_Pages/AddressAndContactInfo_Page/input_streetAddress1'

2024-11-07 21:23:34 - [MESSAGE][PASSED] - Text '' is set on object 'Object Repository/RAD_Pages/AddressAndContactInfo_Page/input_streetAddress2'

2024-11-07 21:23:35 - [MESSAGE][PASSED] - Text 'Gambrills' is set on object 'Object Repository/RAD_Pages/AddressAndContactInfo_Page/input_city'

2024-11-07 21:23:36 - [MESSAGE][PASSED] - All options with label 'Maryland' are selected in object 'Object Repository/RAD_Pages/AddressAndContactInfo_Page/select_State' 

2024-11-07 21:23:37 - [MESSAGE][PASSED] - Text '21054' is set on object 'Object Repository/RAD_Pages/AddressAndContactInfo_Page/input_zipCode'

2024-11-07 21:23:38 - [MESSAGE][PASSED] - Text '(703) 894-5000' is set on object 'Object Repository/RAD_Pages/AddressAndContactInfo_Page/input_phoneNumber'

2024-11-07 21:23:38 - [MESSAGE][PASSED] - Text 'iahmed@govolution.com' is set on object 'Object Repository/RAD_Pages/AddressAndContactInfo_Page/input_eMailAddress'

2024-11-07 21:23:39 - [MESSAGE][PASSED] - Text 'iahmed@govolution.com' is set on object 'Object Repository/RAD_Pages/AddressAndContactInfo_Page/input_reEnterEMailAddress'

2024-11-07 21:23:39 - [MESSAGE][PASSED] - rad.getSetDataRAD.setDataRADAddress is PASSED

2024-11-07 21:23:39 - [TEST_STEP][PASSED] - if (feinSSN.equalsIgnoreCase("Y")): null

2024-11-07 21:23:39 - [TEST_STEP][PASSED] - else: Text ****** has been set on object 'Object Repository/RAD_Pages/TaxInfo_Page/input_FederalEIN_ReEnter'

2024-11-07 21:23:39 - [TEST_STEP][PASSED] - if (!(TaxType.equalsIgnoreCase("Estate Tax"))): Text ****** has been set on object 'Object Repository/RAD_Pages/TaxInfo_Page/input_FederalEIN_ReEnter'

2024-11-07 21:23:39 - [TEST_STEP][PASSED] - setEncryptedText(findTestObject(orPath_TaxInfo + "/input_FederalEIN"), "yXB7JMCbD3QoFF75EQd3iw=="): Text ****** has been set on object 'Object Repository/RAD_Pages/TaxInfo_Page/input_FederalEIN'

2024-11-07 21:23:40 - [MESSAGE][PASSED] - Text ****** has been set on object 'Object Repository/RAD_Pages/TaxInfo_Page/input_FederalEIN'

2024-11-07 21:23:40 - [TEST_STEP][PASSED] - setEncryptedText(findTestObject(orPath_TaxInfo + "/input_FederalEIN_ReEnter"), "yXB7JMCbD3QoFF75EQd3iw=="): Text ****** has been set on object 'Object Repository/RAD_Pages/TaxInfo_Page/input_FederalEIN_ReEnter'

2024-11-07 21:23:41 - [MESSAGE][PASSED] - Text ****** has been set on object 'Object Repository/RAD_Pages/TaxInfo_Page/input_FederalEIN_ReEnter'

2024-11-07 21:23:41 - [TEST_STEP][PASSED] - if (CRN.equalsIgnoreCase("Y")): rad.getSetDataRAD.setDataRADMDCRN is PASSED

2024-11-07 21:23:41 - [TEST_STEP][PASSED] - rad.getSetDataRAD.setDataRADMDCRN(): rad.getSetDataRAD.setDataRADMDCRN is PASSED

2024-11-07 21:23:41 - [MESSAGE][PASSED] - Text '07640126' is set on object 'Object Repository/RAD_Pages/TaxInfo_Page/input_MDCRegistration'

2024-11-07 21:23:41 - [MESSAGE][PASSED] - rad.getSetDataRAD.setDataRADMDCRN is PASSED

2024-11-07 21:23:41 - [TEST_STEP][PASSED] - if (MFLicNum.equalsIgnoreCase("Y")): null

2024-11-07 21:23:41 - [TEST_STEP][PASSED] - if (TaxType.equalsIgnoreCase("Estate Tax")): null

2024-11-07 21:23:41 - [TEST_STEP][PASSED] - setText(findTestObject(orPath_Amount + "/input__paymentAmount"), "100.00"): Text '100.00' is set on object 'Object Repository/RAD_Pages/PaymentAmount_Page/input__paymentAmount'

2024-11-07 21:23:42 - [MESSAGE][PASSED] - Text '100.00' is set on object 'Object Repository/RAD_Pages/PaymentAmount_Page/input__paymentAmount'

2024-11-07 21:23:42 - [TEST_STEP][PASSED] - setText(findTestObject(orPath_AddressContact + "/input_streetAddress2"), ""): Text '' is set on object 'Object Repository/RAD_Pages/AddressAndContactInfo_Page/input_streetAddress2'

2024-11-07 21:23:43 - [MESSAGE][PASSED] - Text '' is set on object 'Object Repository/RAD_Pages/AddressAndContactInfo_Page/input_streetAddress2'

2024-11-07 21:23:43 - [TEST_STEP][PASSED] - scrollToElement(findTestObject(orPath_Landing + "/button_Continue"), 3): Scroll to object 'Object Repository/RAD_Pages/Landing_Page/button_Continue' successfully

2024-11-07 21:23:44 - [MESSAGE][PASSED] - Scroll to object 'Object Repository/RAD_Pages/Landing_Page/button_Continue' successfully

2024-11-07 21:23:44 - [TEST_STEP][PASSED] - waitForElementClickable(findTestObject(orPath_Landing + "/button_Continue"), 5): Object 'Object Repository/RAD_Pages/Landing_Page/button_Continue' is clickable

2024-11-07 21:23:44 - [MESSAGE][PASSED] - Object 'Object Repository/RAD_Pages/Landing_Page/button_Continue' is clickable

2024-11-07 21:23:44 - [TEST_STEP][PASSED] - click(findTestObject(orPath_Landing + "/button_Continue")): Object: 'Object Repository/RAD_Pages/Landing_Page/button_Continue' is clicked on

2024-11-07 21:23:44 - [MESSAGE][PASSED] - Object: 'Object Repository/RAD_Pages/Landing_Page/button_Continue' is clicked on

2024-11-07 21:23:44 - [TEST_STEP][PASSED] - delay(2): Delayed 2 second(s)

2024-11-07 21:23:46 - [MESSAGE][PASSED] - Delayed 2 second(s)

2024-11-07 21:23:46 - [TEST_STEP][PASSED] - verifyTextPresent("Summary", true): Text 'Summary' is present on page  using regular expression

2024-11-07 21:23:47 - [MESSAGE][PASSED] - Text 'Summary' is present on page  using regular expression

2024-11-07 21:23:47 - [TEST_STEP][PASSED] - verifyTextPresent("Review the information below and make any necessary corrections by clicking the", true): Text 'Review the information below and make any necessary corrections by clicking the' is present on page  using regular expression

2024-11-07 21:23:47 - [MESSAGE][PASSED] - Text 'Review the information below and make any necessary corrections by clicking the' is present on page  using regular expression

2024-11-07 21:23:47 - [TEST_STEP][PASSED] - verifyTextPresent("When you are confident that all the information is correct, click the", true): Text 'When you are confident that all the information is correct, click the' is present on page  using regular expression

2024-11-07 21:23:47 - [MESSAGE][PASSED] - Text 'When you are confident that all the information is correct, click the' is present on page  using regular expression

2024-11-07 21:23:47 - [TEST_STEP][PASSED] - verifyTextPresent("Payment Type/Filing Year", true): Text 'Payment Type/Filing Year' is present on page  using regular expression

2024-11-07 21:23:48 - [MESSAGE][PASSED] - Text 'Payment Type/Filing Year' is present on page  using regular expression

2024-11-07 21:23:48 - [TEST_STEP][PASSED] - verifyTextPresent("Payment Type:", true): Text 'Payment Type:' is present on page  using regular expression

2024-11-07 21:23:48 - [MESSAGE][PASSED] - Text 'Payment Type:' is present on page  using regular expression

2024-11-07 21:23:48 - [TEST_STEP][PASSED] - verifyTextPresent("New Tax Return Amount Due", true): Text 'New Tax Return Amount Due' is present on page  using regular expression

2024-11-07 21:23:48 - [MESSAGE][PASSED] - Text 'New Tax Return Amount Due' is present on page  using regular expression

2024-11-07 21:23:48 - [TEST_STEP][PASSED] - verifyTextPresent("Filing Year:", true): Text 'Filing Year:' is present on page  using regular expression

2024-11-07 21:23:49 - [MESSAGE][PASSED] - Text 'Filing Year:' is present on page  using regular expression

2024-11-07 21:23:49 - [TEST_STEP][PASSED] - verifyTextPresent(FilingYear, true): Text '2024' is present on page  using regular expression

2024-11-07 21:23:49 - [MESSAGE][PASSED] - Text '2024' is present on page  using regular expression

2024-11-07 21:23:49 - [TEST_STEP][PASSED] - verifyTextPresent("Payer Information", true): Text 'Payer Information' is present on page  using regular expression

2024-11-07 21:23:49 - [MESSAGE][PASSED] - Text 'Payer Information' is present on page  using regular expression

2024-11-07 21:23:49 - [TEST_STEP][PASSED] - verifyTextPresent("Taxpayer Name:", true): Text 'Taxpayer Name:' is present on page  using regular expression

2024-11-07 21:23:50 - [MESSAGE][PASSED] - Text 'Taxpayer Name:' is present on page  using regular expression

2024-11-07 21:23:50 - [TEST_STEP][PASSED] - verifyTextPresent("My Company", true): Text 'My Company' is present on page  using regular expression

2024-11-07 21:23:50 - [MESSAGE][PASSED] - Text 'My Company' is present on page  using regular expression

2024-11-07 21:23:50 - [TEST_STEP][PASSED] - verifyTextPresent("Business Rep Name:", true): Text 'Business Rep Name:' is present on page  using regular expression

2024-11-07 21:23:50 - [MESSAGE][PASSED] - Text 'Business Rep Name:' is present on page  using regular expression

2024-11-07 21:23:50 - [TEST_STEP][PASSED] - verifyTextPresent("BusRepFname BusRepLname", true): Text 'BusRepFname BusRepLname' is present on page  using regular expression

2024-11-07 21:23:51 - [MESSAGE][PASSED] - Text 'BusRepFname BusRepLname' is present on page  using regular expression

2024-11-07 21:23:51 - [TEST_STEP][PASSED] - verifyTextPresent("Taxpayer Address:", true): Text 'Taxpayer Address:' is present on page  using regular expression

2024-11-07 21:23:51 - [MESSAGE][PASSED] - Text 'Taxpayer Address:' is present on page  using regular expression

2024-11-07 21:23:51 - [TEST_STEP][PASSED] - verifyTextPresent("2508 Mandan Terrace Gambrills Maryland 21054", true): Text '2508 Mandan Terrace Gambrills Maryland 21054' is present on page  using regular expression

2024-11-07 21:23:51 - [MESSAGE][PASSED] - Text '2508 Mandan Terrace Gambrills Maryland 21054' is present on page  using regular expression

2024-11-07 21:23:51 - [TEST_STEP][PASSED] - verifyTextPresent("Email:", true): Text 'Email:' is present on page  using regular expression

2024-11-07 21:23:52 - [MESSAGE][PASSED] - Text 'Email:' is present on page  using regular expression

2024-11-07 21:23:52 - [TEST_STEP][PASSED] - verifyTextPresent("iahmed@govolution.com", true): Text 'iahmed@govolution.com' is present on page  using regular expression

2024-11-07 21:23:52 - [MESSAGE][PASSED] - Text 'iahmed@govolution.com' is present on page  using regular expression

2024-11-07 21:23:52 - [TEST_STEP][PASSED] - verifyTextPresent("Phone:", true): Text 'Phone:' is present on page  using regular expression

2024-11-07 21:23:52 - [MESSAGE][PASSED] - Text 'Phone:' is present on page  using regular expression

2024-11-07 21:23:52 - [TEST_STEP][PASSED] - verifyTextPresent("(703) 894-5000", false): Text '(703) 894-5000' is present on page 

2024-11-07 21:23:53 - [MESSAGE][PASSED] - Text '(703) 894-5000' is present on page 

2024-11-07 21:23:53 - [TEST_STEP][PASSED] - verifyTextPresent("Tax Information", true): Text 'Tax Information' is present on page  using regular expression

2024-11-07 21:23:53 - [MESSAGE][PASSED] - Text 'Tax Information' is present on page  using regular expression

2024-11-07 21:23:53 - [TEST_STEP][PASSED] - verifyTextNotPresent("Notice Number", true): Text 'Notice Number' is not present on page using regular expression

2024-11-07 21:23:53 - [MESSAGE][PASSED] - Text 'Notice Number' is not present on page using regular expression

2024-11-07 21:23:53 - [TEST_STEP][PASSED] - if (month.trim()): null

2024-11-07 21:23:53 - [TEST_STEP][PASSED] - else: Text 'Period Ending' is not present on page using regular expression

2024-11-07 21:23:53 - [TEST_STEP][PASSED] - verifyTextNotPresent("Period Ending", true): Text 'Period Ending' is not present on page using regular expression

2024-11-07 21:23:54 - [MESSAGE][PASSED] - Text 'Period Ending' is not present on page using regular expression

2024-11-07 21:23:54 - [TEST_STEP][PASSED] - if (feinSSN.equalsIgnoreCase("Y")): null

2024-11-07 21:23:54 - [TEST_STEP][PASSED] - else: Text 'XXXXXXX87' is present on page  using regular expression

2024-11-07 21:23:54 - [TEST_STEP][PASSED] - if (!(TaxType.equalsIgnoreCase("Estate Tax"))): Text 'XXXXXXX87' is present on page  using regular expression

2024-11-07 21:23:54 - [TEST_STEP][PASSED] - verifyTextPresent("Federal EIN:", true): Text 'Federal EIN:' is present on page  using regular expression

2024-11-07 21:23:54 - [MESSAGE][PASSED] - Text 'Federal EIN:' is present on page  using regular expression

2024-11-07 21:23:54 - [TEST_STEP][PASSED] - verifyTextNotPresent("FEIN/SSN:", true): Text 'FEIN/SSN:' is not present on page using regular expression

2024-11-07 21:23:54 - [MESSAGE][PASSED] - Text 'FEIN/SSN:' is not present on page using regular expression

2024-11-07 21:23:54 - [TEST_STEP][PASSED] - verifyTextPresent("XXXXXXX87", true): Text 'XXXXXXX87' is present on page  using regular expression

2024-11-07 21:23:54 - [MESSAGE][PASSED] - Text 'XXXXXXX87' is present on page  using regular expression

2024-11-07 21:23:54 - [TEST_STEP][PASSED] - if (TaxType.equalsIgnoreCase("Estate Tax")): null

2024-11-07 21:23:54 - [TEST_STEP][PASSED] - if (CRN.equalsIgnoreCase("Y")): Text '07640126' is present on page  using regular expression

2024-11-07 21:23:54 - [TEST_STEP][PASSED] - verifyTextPresent("MD Central Registration Number#:", true): Text 'MD Central Registration Number#:' is present on page  using regular expression

2024-11-07 21:23:55 - [MESSAGE][PASSED] - Text 'MD Central Registration Number#:' is present on page  using regular expression

2024-11-07 21:23:55 - [TEST_STEP][PASSED] - verifyTextPresent("07640126", true): Text '07640126' is present on page  using regular expression

2024-11-07 21:23:55 - [MESSAGE][PASSED] - Text '07640126' is present on page  using regular expression

2024-11-07 21:23:55 - [TEST_STEP][PASSED] - if (MFLicNum.equalsIgnoreCase("Y")): null

2024-11-07 21:23:55 - [TEST_STEP][PASSED] - else: Text 'Motor Fuel License Number#:' is not present on page using regular expression

2024-11-07 21:23:55 - [TEST_STEP][PASSED] - verifyTextNotPresent("Motor Fuel License Number#:", true): Text 'Motor Fuel License Number#:' is not present on page using regular expression

2024-11-07 21:23:55 - [MESSAGE][PASSED] - Text 'Motor Fuel License Number#:' is not present on page using regular expression

2024-11-07 21:23:55 - [TEST_STEP][PASSED] - verifyTextPresent("Payment Amount:", true): Text 'Payment Amount:' is present on page  using regular expression

2024-11-07 21:23:56 - [MESSAGE][PASSED] - Text 'Payment Amount:' is present on page  using regular expression

2024-11-07 21:23:56 - [TEST_STEP][PASSED] - verifyTextPresent("100.00", true): Text '100.00' is present on page  using regular expression

2024-11-07 21:23:56 - [MESSAGE][PASSED] - Text '100.00' is present on page  using regular expression

2024-11-07 21:23:56 - [TEST_STEP][PASSED] - if (verifyElementVisible(findTestObject(orPath_Summary + "/button_Proceed to Payment"))): null

2024-11-07 21:23:56 - [MESSAGE][PASSED] - Object 'Object Repository/RAD_Pages/Summary_Page/button_Proceed to Payment' is visible

2024-11-07 21:23:56 - [TEST_STEP][PASSED] - resText = "Pass": null

2024-11-07 21:23:56 - [TEST_STEP][PASSED] - pages.WriteExcel.demoKey(resText, datText, resColumn, datCloumn, fileLoc, nameSheet, row): pages.WriteExcel.demoKey is PASSED

2024-11-07 21:23:57 - [MESSAGE][PASSED] - pages.WriteExcel.demoKey is PASSED

2024-11-07 21:23:57 - [TEST_STEP][PASSED] - click(findTestObject(orPath_Summary + "/button_Proceed to Payment")): Object: 'Object Repository/RAD_Pages/Summary_Page/button_Proceed to Payment' is clicked on

2024-11-07 21:23:59 - [MESSAGE][PASSED] - Object: 'Object Repository/RAD_Pages/Summary_Page/button_Proceed to Payment' is clicked on

2024-11-07 21:23:59 - [TEST_STEP][PASSED] - verifyElementPresent(findTestObject("Object Repository/RAD_Pages/PaymentEntry_Page/input__billingName"), 30): Object 'Object Repository/RAD_Pages/PaymentEntry_Page/input__billingName' is present

2024-11-07 21:23:59 - [MESSAGE][PASSED] - Object 'Object Repository/RAD_Pages/PaymentEntry_Page/input__billingName' is present

2024-11-07 21:23:59 - [TEST_STEP][PASSED] - ExecuteTC = findTestData(dataFile).getValue("Execute", row): null

2024-11-07 21:23:59 - [TEST_STEP][PASSED] - TaxType = findTestData(dataFile).getValue("TaxType", row): null

2024-11-07 21:23:59 - [TEST_STEP][PASSED] - PaymentType = findTestData(dataFile).getValue("PaymentType", row): null

2024-11-07 21:23:59 - [TEST_STEP][PASSED] - FilingYear = findTestData(dataFile).getValue("Year", row): null

2024-11-07 21:24:00 - [TEST_STEP][PASSED] - feinSSN = findTestData(dataFile).getValue("FeinSsn", row): null

2024-11-07 21:24:00 - [TEST_STEP][PASSED] - CRN = findTestData(dataFile).getValue("CRN", row): null

2024-11-07 21:24:00 - [TEST_STEP][PASSED] - month = findTestData(dataFile).getValue("Month", row): null

2024-11-07 21:24:00 - [TEST_STEP][PASSED] - MFLicNum = findTestData(dataFile).getValue("MFLicNum", row): null

2024-11-07 21:24:00 - [TEST_STEP][PASSED] - if (ExecuteTC.equalsIgnoreCase("Y")): Object 'Object Repository/RAD_Pages/PaymentEntry_Page/input__billingName' is present

2024-11-07 21:24:00 - [TEST_STEP][PASSED] - out.println("Begin Record Number: " + row): null

2024-11-07 21:24:00 - [TEST_STEP][PASSED] - today = new java.util.Date(): null

2024-11-07 21:24:00 - [TEST_STEP][PASSED] - println(today): null

2024-11-07 21:24:00 - [TEST_STEP][PASSED] - datText = today: null

2024-11-07 21:24:00 - [TEST_STEP][PASSED] - logInfo("Payment Type: New Tax Return Amount Due"): Payment Type: New Tax Return Amount Due

2024-11-07 21:24:00 - [MESSAGE][INFO] - Payment Type: New Tax Return Amount Due

2024-11-07 21:24:00 - [TEST_STEP][PASSED] - logInfo("Tax Type: " + TaxType): Tax Type: Tire Recycling Fee

2024-11-07 21:24:00 - [MESSAGE][INFO] - Tax Type: Tire Recycling Fee

2024-11-07 21:24:00 - [TEST_STEP][PASSED] - openBrowser(""): Browser is opened with url: ''

2024-11-07 21:24:00 - [MESSAGE][WARNING] - A browser is already opened. Closing browser and opening a new one

2024-11-07 21:24:01 - [MESSAGE][INFO] - Starting 'Chrome' driver

2024-11-07 21:24:01 - [MESSAGE][INFO] - User set preference: ['acceptInsecureCerts', 'true']

2024-11-07 21:24:01 - [MESSAGE][INFO] - Action delay is set to 0 milliseconds

2024-11-07 21:24:03 - [MESSAGE][PASSED] - Browser is opened with url: ''

2024-11-07 21:24:03 - [TEST_STEP][PASSED] - maximizeWindow(): Current window maximized

2024-11-07 21:24:03 - [MESSAGE][PASSED] - Current window maximized

2024-11-07 21:24:03 - [TEST_STEP][PASSED] - navigateToUrl(RADurl): Navigate to 'https://www.velocitypayment.com/client/rad/index.html' successfully

2024-11-07 21:24:06 - [MESSAGE][PASSED] - Navigate to 'https://www.velocitypayment.com/client/rad/index.html' successfully

2024-11-07 21:24:06 - [TEST_STEP][PASSED] - selectOptionByLabel(findTestObject(orPath_Landing + "/dd_TaxType"), "New Tax Return Amount Due", false): All options with label 'New Tax Return Amount Due' are selected in object 'Object Repository/RAD_Pages/Landing_Page/dd_TaxType' 

2024-11-07 21:24:06 - [MESSAGE][PASSED] - All options with label 'New Tax Return Amount Due' are selected in object 'Object Repository/RAD_Pages/Landing_Page/dd_TaxType' 

2024-11-07 21:24:06 - [TEST_STEP][PASSED] - selectOptionByLabel(findTestObject("Object Repository/RAD_Pages/Landing_Page/select_NewTaxReturnAmountDue_TaxType"), TaxType, false): All options with label 'Tire Recycling Fee' are selected in object 'Object Repository/RAD_Pages/Landing_Page/select_NewTaxReturnAmountDue_TaxType' 

2024-11-07 21:24:07 - [MESSAGE][PASSED] - All options with label 'Tire Recycling Fee' are selected in object 'Object Repository/RAD_Pages/Landing_Page/select_NewTaxReturnAmountDue_TaxType' 

2024-11-07 21:24:07 - [TEST_STEP][PASSED] - selectOptionByLabel(findTestObject(orPath_TaxTypeFilingYear + "/select_FilingYear"), FilingYear, false): All options with label '2024' are selected in object 'Object Repository/RAD_Pages/TaxTypeFilingYear_Page/select_FilingYear' 

2024-11-07 21:24:08 - [MESSAGE][PASSED] - All options with label '2024' are selected in object 'Object Repository/RAD_Pages/TaxTypeFilingYear_Page/select_FilingYear' 

2024-11-07 21:24:08 - [TEST_STEP][PASSED] - if (month.trim()): All options with label 'November' are selected in object 'Object Repository/RAD_Pages/TaxTypeFilingYear_Page/select_PeriodEnding' 

2024-11-07 21:24:08 - [TEST_STEP][PASSED] - selectOptionByLabel(findTestObject(orPath_TaxTypeFilingYear + "/select_PeriodEnding"), month, false): All options with label 'November' are selected in object 'Object Repository/RAD_Pages/TaxTypeFilingYear_Page/select_PeriodEnding' 

2024-11-07 21:24:08 - [MESSAGE][PASSED] - All options with label 'November' are selected in object 'Object Repository/RAD_Pages/TaxTypeFilingYear_Page/select_PeriodEnding' 

2024-11-07 21:24:08 - [TEST_STEP][PASSED] - rad.getSetDataRAD.setDataRADBusinessName(): rad.getSetDataRAD.setDataRADBusinessName is PASSED

2024-11-07 21:24:09 - [MESSAGE][PASSED] - Text 'My Company' is set on object 'Object Repository/RAD_Pages/Taxpayer_Page/input_businessName'

2024-11-07 21:24:09 - [MESSAGE][PASSED] - rad.getSetDataRAD.setDataRADBusinessName is PASSED

2024-11-07 21:24:09 - [TEST_STEP][PASSED] - rad.getSetDataRAD.setDataRADBusinessRep(): rad.getSetDataRAD.setDataRADBusinessRep is PASSED

2024-11-07 21:24:10 - [MESSAGE][PASSED] - Text 'BusRepFname' is set on object 'Object Repository/RAD_Pages/Taxpayer_Page/input_BusinessRepfirstName'

2024-11-07 21:24:11 - [MESSAGE][PASSED] - Text '' is set on object 'Object Repository/RAD_Pages/Taxpayer_Page/input_BusinessRepmiddleName'

2024-11-07 21:24:11 - [MESSAGE][PASSED] - Text 'BusRepLname' is set on object 'Object Repository/RAD_Pages/Taxpayer_Page/input_BusinessReplastName'

2024-11-07 21:24:12 - [MESSAGE][PASSED] - Text '' is set on object 'Object Repository/RAD_Pages/Taxpayer_Page/input_BusinessRepsuffix'

2024-11-07 21:24:12 - [MESSAGE][PASSED] - rad.getSetDataRAD.setDataRADBusinessRep is PASSED

2024-11-07 21:24:12 - [TEST_STEP][PASSED] - rad.getSetDataRAD.setDataRADAddress(): rad.getSetDataRAD.setDataRADAddress is PASSED

2024-11-07 21:24:13 - [MESSAGE][PASSED] - All options with label 'United States' are selected in object 'Object Repository/RAD_Pages/AddressAndContactInfo_Page/select_Country' 

2024-11-07 21:24:14 - [MESSAGE][PASSED] - Text '2508 Mandan Terrace' is set on object 'Object Repository/RAD_Pages/AddressAndContactInfo_Page/input_streetAddress1'

2024-11-07 21:24:14 - [MESSAGE][PASSED] - Text '' is set on object 'Object Repository/RAD_Pages/AddressAndContactInfo_Page/input_streetAddress2'

2024-11-07 21:24:15 - [MESSAGE][PASSED] - Text 'Gambrills' is set on object 'Object Repository/RAD_Pages/AddressAndContactInfo_Page/input_city'

2024-11-07 21:24:16 - [MESSAGE][PASSED] - All options with label 'Maryland' are selected in object 'Object Repository/RAD_Pages/AddressAndContactInfo_Page/select_State' 

2024-11-07 21:24:17 - [MESSAGE][PASSED] - Text '21054' is set on object 'Object Repository/RAD_Pages/AddressAndContactInfo_Page/input_zipCode'

2024-11-07 21:24:18 - [MESSAGE][PASSED] - Text '(703) 894-5000' is set on object 'Object Repository/RAD_Pages/AddressAndContactInfo_Page/input_phoneNumber'

2024-11-07 21:24:19 - [MESSAGE][PASSED] - Text 'iahmed@govolution.com' is set on object 'Object Repository/RAD_Pages/AddressAndContactInfo_Page/input_eMailAddress'

2024-11-07 21:24:20 - [MESSAGE][PASSED] - Text 'iahmed@govolution.com' is set on object 'Object Repository/RAD_Pages/AddressAndContactInfo_Page/input_reEnterEMailAddress'

2024-11-07 21:24:20 - [MESSAGE][PASSED] - rad.getSetDataRAD.setDataRADAddress is PASSED

2024-11-07 21:24:20 - [TEST_STEP][PASSED] - if (feinSSN.equalsIgnoreCase("Y")): null

2024-11-07 21:24:20 - [TEST_STEP][PASSED] - else: Text ****** has been set on object 'Object Repository/RAD_Pages/TaxInfo_Page/input_FederalEIN_ReEnter'

2024-11-07 21:24:20 - [TEST_STEP][PASSED] - if (!(TaxType.equalsIgnoreCase("Estate Tax"))): Text ****** has been set on object 'Object Repository/RAD_Pages/TaxInfo_Page/input_FederalEIN_ReEnter'

2024-11-07 21:24:20 - [TEST_STEP][PASSED] - setEncryptedText(findTestObject(orPath_TaxInfo + "/input_FederalEIN"), "yXB7JMCbD3QoFF75EQd3iw=="): Text ****** has been set on object 'Object Repository/RAD_Pages/TaxInfo_Page/input_FederalEIN'

2024-11-07 21:24:20 - [MESSAGE][PASSED] - Text ****** has been set on object 'Object Repository/RAD_Pages/TaxInfo_Page/input_FederalEIN'

2024-11-07 21:24:20 - [TEST_STEP][PASSED] - setEncryptedText(findTestObject(orPath_TaxInfo + "/input_FederalEIN_ReEnter"), "yXB7JMCbD3QoFF75EQd3iw=="): Text ****** has been set on object 'Object Repository/RAD_Pages/TaxInfo_Page/input_FederalEIN_ReEnter'

2024-11-07 21:24:21 - [MESSAGE][PASSED] - Text ****** has been set on object 'Object Repository/RAD_Pages/TaxInfo_Page/input_FederalEIN_ReEnter'

2024-11-07 21:24:21 - [TEST_STEP][PASSED] - if (CRN.equalsIgnoreCase("Y")): rad.getSetDataRAD.setDataRADMDCRN is PASSED

2024-11-07 21:24:21 - [TEST_STEP][PASSED] - rad.getSetDataRAD.setDataRADMDCRN(): rad.getSetDataRAD.setDataRADMDCRN is PASSED

2024-11-07 21:24:22 - [MESSAGE][PASSED] - Text '07640126' is set on object 'Object Repository/RAD_Pages/TaxInfo_Page/input_MDCRegistration'

2024-11-07 21:24:22 - [MESSAGE][PASSED] - rad.getSetDataRAD.setDataRADMDCRN is PASSED

2024-11-07 21:24:22 - [TEST_STEP][PASSED] - if (MFLicNum.equalsIgnoreCase("Y")): null

2024-11-07 21:24:22 - [TEST_STEP][PASSED] - if (TaxType.equalsIgnoreCase("Estate Tax")): null

2024-11-07 21:24:22 - [TEST_STEP][PASSED] - setText(findTestObject(orPath_Amount + "/input__paymentAmount"), "100.00"): Text '100.00' is set on object 'Object Repository/RAD_Pages/PaymentAmount_Page/input__paymentAmount'

2024-11-07 21:24:22 - [MESSAGE][PASSED] - Text '100.00' is set on object 'Object Repository/RAD_Pages/PaymentAmount_Page/input__paymentAmount'

2024-11-07 21:24:22 - [TEST_STEP][PASSED] - setText(findTestObject(orPath_AddressContact + "/input_streetAddress2"), ""): Text '' is set on object 'Object Repository/RAD_Pages/AddressAndContactInfo_Page/input_streetAddress2'

2024-11-07 21:24:23 - [MESSAGE][PASSED] - Text '' is set on object 'Object Repository/RAD_Pages/AddressAndContactInfo_Page/input_streetAddress2'

2024-11-07 21:24:23 - [TEST_STEP][PASSED] - scrollToElement(findTestObject(orPath_Landing + "/button_Continue"), 3): Scroll to object 'Object Repository/RAD_Pages/Landing_Page/button_Continue' successfully

2024-11-07 21:24:23 - [MESSAGE][PASSED] - Scroll to object 'Object Repository/RAD_Pages/Landing_Page/button_Continue' successfully

2024-11-07 21:24:23 - [TEST_STEP][PASSED] - waitForElementClickable(findTestObject(orPath_Landing + "/button_Continue"), 5): Object 'Object Repository/RAD_Pages/Landing_Page/button_Continue' is clickable

2024-11-07 21:24:24 - [MESSAGE][PASSED] - Object 'Object Repository/RAD_Pages/Landing_Page/button_Continue' is clickable

2024-11-07 21:24:24 - [TEST_STEP][PASSED] - click(findTestObject(orPath_Landing + "/button_Continue")): Object: 'Object Repository/RAD_Pages/Landing_Page/button_Continue' is clicked on

2024-11-07 21:24:24 - [MESSAGE][PASSED] - Object: 'Object Repository/RAD_Pages/Landing_Page/button_Continue' is clicked on

2024-11-07 21:24:24 - [TEST_STEP][PASSED] - delay(2): Delayed 2 second(s)

2024-11-07 21:24:26 - [MESSAGE][PASSED] - Delayed 2 second(s)

2024-11-07 21:24:26 - [TEST_STEP][PASSED] - verifyTextPresent("Summary", true): Text 'Summary' is present on page  using regular expression

2024-11-07 21:24:27 - [MESSAGE][PASSED] - Text 'Summary' is present on page  using regular expression

2024-11-07 21:24:27 - [TEST_STEP][PASSED] - verifyTextPresent("Review the information below and make any necessary corrections by clicking the", true): Text 'Review the information below and make any necessary corrections by clicking the' is present on page  using regular expression

2024-11-07 21:24:27 - [MESSAGE][PASSED] - Text 'Review the information below and make any necessary corrections by clicking the' is present on page  using regular expression

2024-11-07 21:24:27 - [TEST_STEP][PASSED] - verifyTextPresent("When you are confident that all the information is correct, click the", true): Text 'When you are confident that all the information is correct, click the' is present on page  using regular expression

2024-11-07 21:24:27 - [MESSAGE][PASSED] - Text 'When you are confident that all the information is correct, click the' is present on page  using regular expression

2024-11-07 21:24:27 - [TEST_STEP][PASSED] - verifyTextPresent("Payment Type/Filing Year", true): Text 'Payment Type/Filing Year' is present on page  using regular expression

2024-11-07 21:24:28 - [MESSAGE][PASSED] - Text 'Payment Type/Filing Year' is present on page  using regular expression

2024-11-07 21:24:28 - [TEST_STEP][PASSED] - verifyTextPresent("Payment Type:", true): Text 'Payment Type:' is present on page  using regular expression

2024-11-07 21:24:28 - [MESSAGE][PASSED] - Text 'Payment Type:' is present on page  using regular expression

2024-11-07 21:24:28 - [TEST_STEP][PASSED] - verifyTextPresent("New Tax Return Amount Due", true): Text 'New Tax Return Amount Due' is present on page  using regular expression

2024-11-07 21:24:28 - [MESSAGE][PASSED] - Text 'New Tax Return Amount Due' is present on page  using regular expression

2024-11-07 21:24:28 - [TEST_STEP][PASSED] - verifyTextPresent("Filing Year:", true): Text 'Filing Year:' is present on page  using regular expression

2024-11-07 21:24:28 - [MESSAGE][PASSED] - Text 'Filing Year:' is present on page  using regular expression

2024-11-07 21:24:28 - [TEST_STEP][PASSED] - verifyTextPresent(FilingYear, true): Text '2024' is present on page  using regular expression

2024-11-07 21:24:29 - [MESSAGE][PASSED] - Text '2024' is present on page  using regular expression

2024-11-07 21:24:29 - [TEST_STEP][PASSED] - verifyTextPresent("Payer Information", true): Text 'Payer Information' is present on page  using regular expression

2024-11-07 21:24:29 - [MESSAGE][PASSED] - Text 'Payer Information' is present on page  using regular expression

2024-11-07 21:24:29 - [TEST_STEP][PASSED] - verifyTextPresent("Taxpayer Name:", true): Text 'Taxpayer Name:' is present on page  using regular expression

2024-11-07 21:24:29 - [MESSAGE][PASSED] - Text 'Taxpayer Name:' is present on page  using regular expression

2024-11-07 21:24:29 - [TEST_STEP][PASSED] - verifyTextPresent("My Company", true): Text 'My Company' is present on page  using regular expression

2024-11-07 21:24:30 - [MESSAGE][PASSED] - Text 'My Company' is present on page  using regular expression

2024-11-07 21:24:30 - [TEST_STEP][PASSED] - verifyTextPresent("Business Rep Name:", true): Text 'Business Rep Name:' is present on page  using regular expression

2024-11-07 21:24:30 - [MESSAGE][PASSED] - Text 'Business Rep Name:' is present on page  using regular expression

2024-11-07 21:24:30 - [TEST_STEP][PASSED] - verifyTextPresent("BusRepFname BusRepLname", true): Text 'BusRepFname BusRepLname' is present on page  using regular expression

2024-11-07 21:24:30 - [MESSAGE][PASSED] - Text 'BusRepFname BusRepLname' is present on page  using regular expression

2024-11-07 21:24:30 - [TEST_STEP][PASSED] - verifyTextPresent("Taxpayer Address:", true): Text 'Taxpayer Address:' is present on page  using regular expression

2024-11-07 21:24:31 - [MESSAGE][PASSED] - Text 'Taxpayer Address:' is present on page  using regular expression

2024-11-07 21:24:31 - [TEST_STEP][PASSED] - verifyTextPresent("2508 Mandan Terrace Gambrills Maryland 21054", true): Text '2508 Mandan Terrace Gambrills Maryland 21054' is present on page  using regular expression

2024-11-07 21:24:31 - [MESSAGE][PASSED] - Text '2508 Mandan Terrace Gambrills Maryland 21054' is present on page  using regular expression

2024-11-07 21:24:31 - [TEST_STEP][PASSED] - verifyTextPresent("Email:", true): Text 'Email:' is present on page  using regular expression

2024-11-07 21:24:31 - [MESSAGE][PASSED] - Text 'Email:' is present on page  using regular expression

2024-11-07 21:24:31 - [TEST_STEP][PASSED] - verifyTextPresent("iahmed@govolution.com", true): Text 'iahmed@govolution.com' is present on page  using regular expression

2024-11-07 21:24:32 - [MESSAGE][PASSED] - Text 'iahmed@govolution.com' is present on page  using regular expression

2024-11-07 21:24:32 - [TEST_STEP][PASSED] - verifyTextPresent("Phone:", true): Text 'Phone:' is present on page  using regular expression

2024-11-07 21:24:32 - [MESSAGE][PASSED] - Text 'Phone:' is present on page  using regular expression

2024-11-07 21:24:32 - [TEST_STEP][PASSED] - verifyTextPresent("(703) 894-5000", false): Text '(703) 894-5000' is present on page 

2024-11-07 21:24:32 - [MESSAGE][PASSED] - Text '(703) 894-5000' is present on page 

2024-11-07 21:24:32 - [TEST_STEP][PASSED] - verifyTextPresent("Tax Information", true): Text 'Tax Information' is present on page  using regular expression

2024-11-07 21:24:33 - [MESSAGE][PASSED] - Text 'Tax Information' is present on page  using regular expression

2024-11-07 21:24:33 - [TEST_STEP][PASSED] - verifyTextNotPresent("Notice Number", true): Text 'Notice Number' is not present on page using regular expression

2024-11-07 21:24:33 - [MESSAGE][PASSED] - Text 'Notice Number' is not present on page using regular expression

2024-11-07 21:24:33 - [TEST_STEP][PASSED] - if (month.trim()): Text 'November' is present on page  using regular expression

2024-11-07 21:24:33 - [TEST_STEP][PASSED] - verifyTextPresent("Period Ending", true): Text 'Period Ending' is present on page  using regular expression

2024-11-07 21:24:33 - [MESSAGE][PASSED] - Text 'Period Ending' is present on page  using regular expression

2024-11-07 21:24:33 - [TEST_STEP][PASSED] - verifyTextPresent(month, true): Text 'November' is present on page  using regular expression

2024-11-07 21:24:34 - [MESSAGE][PASSED] - Text 'November' is present on page  using regular expression

2024-11-07 21:24:34 - [TEST_STEP][PASSED] - if (feinSSN.equalsIgnoreCase("Y")): null

2024-11-07 21:24:34 - [TEST_STEP][PASSED] - else: Text 'XXXXXXX87' is present on page  using regular expression

2024-11-07 21:24:34 - [TEST_STEP][PASSED] - if (!(TaxType.equalsIgnoreCase("Estate Tax"))): Text 'XXXXXXX87' is present on page  using regular expression

2024-11-07 21:24:34 - [TEST_STEP][PASSED] - verifyTextPresent("Federal EIN:", true): Text 'Federal EIN:' is present on page  using regular expression

2024-11-07 21:24:34 - [MESSAGE][PASSED] - Text 'Federal EIN:' is present on page  using regular expression

2024-11-07 21:24:34 - [TEST_STEP][PASSED] - verifyTextNotPresent("FEIN/SSN:", true): Text 'FEIN/SSN:' is not present on page using regular expression

2024-11-07 21:24:34 - [MESSAGE][PASSED] - Text 'FEIN/SSN:' is not present on page using regular expression

2024-11-07 21:24:34 - [TEST_STEP][PASSED] - verifyTextPresent("XXXXXXX87", true): Text 'XXXXXXX87' is present on page  using regular expression

2024-11-07 21:24:35 - [MESSAGE][PASSED] - Text 'XXXXXXX87' is present on page  using regular expression

2024-11-07 21:24:35 - [TEST_STEP][PASSED] - if (TaxType.equalsIgnoreCase("Estate Tax")): null

2024-11-07 21:24:35 - [TEST_STEP][PASSED] - if (CRN.equalsIgnoreCase("Y")): Text '07640126' is present on page  using regular expression

2024-11-07 21:24:35 - [TEST_STEP][PASSED] - verifyTextPresent("MD Central Registration Number#:", true): Text 'MD Central Registration Number#:' is present on page  using regular expression

2024-11-07 21:24:35 - [MESSAGE][PASSED] - Text 'MD Central Registration Number#:' is present on page  using regular expression

2024-11-07 21:24:35 - [TEST_STEP][PASSED] - verifyTextPresent("07640126", true): Text '07640126' is present on page  using regular expression

2024-11-07 21:24:35 - [MESSAGE][PASSED] - Text '07640126' is present on page  using regular expression

2024-11-07 21:24:35 - [TEST_STEP][PASSED] - if (MFLicNum.equalsIgnoreCase("Y")): null

2024-11-07 21:24:35 - [TEST_STEP][PASSED] - else: Text 'Motor Fuel License Number#:' is not present on page using regular expression

2024-11-07 21:24:35 - [TEST_STEP][PASSED] - verifyTextNotPresent("Motor Fuel License Number#:", true): Text 'Motor Fuel License Number#:' is not present on page using regular expression

2024-11-07 21:24:36 - [MESSAGE][PASSED] - Text 'Motor Fuel License Number#:' is not present on page using regular expression

2024-11-07 21:24:36 - [TEST_STEP][PASSED] - verifyTextPresent("Payment Amount:", true): Text 'Payment Amount:' is present on page  using regular expression

2024-11-07 21:24:36 - [MESSAGE][PASSED] - Text 'Payment Amount:' is present on page  using regular expression

2024-11-07 21:24:36 - [TEST_STEP][PASSED] - verifyTextPresent("100.00", true): Text '100.00' is present on page  using regular expression

2024-11-07 21:24:36 - [MESSAGE][PASSED] - Text '100.00' is present on page  using regular expression

2024-11-07 21:24:36 - [TEST_STEP][PASSED] - if (verifyElementVisible(findTestObject(orPath_Summary + "/button_Proceed to Payment"))): null

2024-11-07 21:24:37 - [MESSAGE][PASSED] - Object 'Object Repository/RAD_Pages/Summary_Page/button_Proceed to Payment' is visible

2024-11-07 21:24:37 - [TEST_STEP][PASSED] - resText = "Pass": null

2024-11-07 21:24:37 - [TEST_STEP][PASSED] - pages.WriteExcel.demoKey(resText, datText, resColumn, datCloumn, fileLoc, nameSheet, row): pages.WriteExcel.demoKey is PASSED

2024-11-07 21:24:37 - [MESSAGE][PASSED] - pages.WriteExcel.demoKey is PASSED

2024-11-07 21:24:37 - [TEST_STEP][PASSED] - click(findTestObject(orPath_Summary + "/button_Proceed to Payment")): Object: 'Object Repository/RAD_Pages/Summary_Page/button_Proceed to Payment' is clicked on

2024-11-07 21:24:39 - [MESSAGE][PASSED] - Object: 'Object Repository/RAD_Pages/Summary_Page/button_Proceed to Payment' is clicked on

2024-11-07 21:24:39 - [TEST_STEP][PASSED] - verifyElementPresent(findTestObject("Object Repository/RAD_Pages/PaymentEntry_Page/input__billingName"), 30): Object 'Object Repository/RAD_Pages/PaymentEntry_Page/input__billingName' is present

2024-11-07 21:24:40 - [MESSAGE][PASSED] - Object 'Object Repository/RAD_Pages/PaymentEntry_Page/input__billingName' is present

2024-11-07 21:24:40 - [TEST_STEP][PASSED] - ExecuteTC = findTestData(dataFile).getValue("Execute", row): null

2024-11-07 21:24:40 - [TEST_STEP][PASSED] - TaxType = findTestData(dataFile).getValue("TaxType", row): null

2024-11-07 21:24:40 - [TEST_STEP][PASSED] - PaymentType = findTestData(dataFile).getValue("PaymentType", row): null

2024-11-07 21:24:40 - [TEST_STEP][PASSED] - FilingYear = findTestData(dataFile).getValue("Year", row): null

2024-11-07 21:24:40 - [TEST_STEP][PASSED] - feinSSN = findTestData(dataFile).getValue("FeinSsn", row): null

2024-11-07 21:24:40 - [TEST_STEP][PASSED] - CRN = findTestData(dataFile).getValue("CRN", row): null

2024-11-07 21:24:40 - [TEST_STEP][PASSED] - month = findTestData(dataFile).getValue("Month", row): null

2024-11-07 21:24:40 - [TEST_STEP][PASSED] - MFLicNum = findTestData(dataFile).getValue("MFLicNum", row): null

2024-11-07 21:24:40 - [TEST_STEP][PASSED] - if (ExecuteTC.equalsIgnoreCase("Y")): Object 'Object Repository/RAD_Pages/PaymentEntry_Page/input__billingName' is present

2024-11-07 21:24:40 - [TEST_STEP][PASSED] - out.println("Begin Record Number: " + row): null

2024-11-07 21:24:40 - [TEST_STEP][PASSED] - today = new java.util.Date(): null

2024-11-07 21:24:40 - [TEST_STEP][PASSED] - println(today): null

2024-11-07 21:24:40 - [TEST_STEP][PASSED] - datText = today: null

2024-11-07 21:24:40 - [TEST_STEP][PASSED] - logInfo("Payment Type: New Tax Return Amount Due"): Payment Type: New Tax Return Amount Due

2024-11-07 21:24:40 - [MESSAGE][INFO] - Payment Type: New Tax Return Amount Due

2024-11-07 21:24:40 - [TEST_STEP][PASSED] - logInfo("Tax Type: " + TaxType): Tax Type: Tobacco Tax

2024-11-07 21:24:40 - [MESSAGE][INFO] - Tax Type: Tobacco Tax

2024-11-07 21:24:40 - [TEST_STEP][PASSED] - openBrowser(""): Browser is opened with url: ''

2024-11-07 21:24:40 - [MESSAGE][WARNING] - A browser is already opened. Closing browser and opening a new one

2024-11-07 21:24:42 - [MESSAGE][INFO] - Starting 'Chrome' driver

2024-11-07 21:24:42 - [MESSAGE][INFO] - User set preference: ['acceptInsecureCerts', 'true']

2024-11-07 21:24:42 - [MESSAGE][INFO] - Action delay is set to 0 milliseconds

2024-11-07 21:24:44 - [MESSAGE][PASSED] - Browser is opened with url: ''

2024-11-07 21:24:44 - [TEST_STEP][PASSED] - maximizeWindow(): Current window maximized

2024-11-07 21:24:44 - [MESSAGE][PASSED] - Current window maximized

2024-11-07 21:24:44 - [TEST_STEP][PASSED] - navigateToUrl(RADurl): Navigate to 'https://www.velocitypayment.com/client/rad/index.html' successfully

2024-11-07 21:24:46 - [MESSAGE][PASSED] - Navigate to 'https://www.velocitypayment.com/client/rad/index.html' successfully

2024-11-07 21:24:46 - [TEST_STEP][PASSED] - selectOptionByLabel(findTestObject(orPath_Landing + "/dd_TaxType"), "New Tax Return Amount Due", false): All options with label 'New Tax Return Amount Due' are selected in object 'Object Repository/RAD_Pages/Landing_Page/dd_TaxType' 

2024-11-07 21:24:46 - [MESSAGE][PASSED] - All options with label 'New Tax Return Amount Due' are selected in object 'Object Repository/RAD_Pages/Landing_Page/dd_TaxType' 

2024-11-07 21:24:46 - [TEST_STEP][PASSED] - selectOptionByLabel(findTestObject("Object Repository/RAD_Pages/Landing_Page/select_NewTaxReturnAmountDue_TaxType"), TaxType, false): All options with label 'Tobacco Tax' are selected in object 'Object Repository/RAD_Pages/Landing_Page/select_NewTaxReturnAmountDue_TaxType' 

2024-11-07 21:24:47 - [MESSAGE][PASSED] - All options with label 'Tobacco Tax' are selected in object 'Object Repository/RAD_Pages/Landing_Page/select_NewTaxReturnAmountDue_TaxType' 

2024-11-07 21:24:47 - [TEST_STEP][PASSED] - selectOptionByLabel(findTestObject(orPath_TaxTypeFilingYear + "/select_FilingYear"), FilingYear, false): All options with label '2024' are selected in object 'Object Repository/RAD_Pages/TaxTypeFilingYear_Page/select_FilingYear' 

2024-11-07 21:24:48 - [MESSAGE][PASSED] - All options with label '2024' are selected in object 'Object Repository/RAD_Pages/TaxTypeFilingYear_Page/select_FilingYear' 

2024-11-07 21:24:48 - [TEST_STEP][PASSED] - if (month.trim()): All options with label 'July' are selected in object 'Object Repository/RAD_Pages/TaxTypeFilingYear_Page/select_PeriodEnding' 

2024-11-07 21:24:48 - [TEST_STEP][PASSED] - selectOptionByLabel(findTestObject(orPath_TaxTypeFilingYear + "/select_PeriodEnding"), month, false): All options with label 'July' are selected in object 'Object Repository/RAD_Pages/TaxTypeFilingYear_Page/select_PeriodEnding' 

2024-11-07 21:24:49 - [MESSAGE][PASSED] - All options with label 'July' are selected in object 'Object Repository/RAD_Pages/TaxTypeFilingYear_Page/select_PeriodEnding' 

2024-11-07 21:24:49 - [TEST_STEP][PASSED] - rad.getSetDataRAD.setDataRADBusinessName(): rad.getSetDataRAD.setDataRADBusinessName is PASSED

2024-11-07 21:24:49 - [MESSAGE][PASSED] - Text 'My Company' is set on object 'Object Repository/RAD_Pages/Taxpayer_Page/input_businessName'

2024-11-07 21:24:49 - [MESSAGE][PASSED] - rad.getSetDataRAD.setDataRADBusinessName is PASSED

2024-11-07 21:24:49 - [TEST_STEP][PASSED] - rad.getSetDataRAD.setDataRADBusinessRep(): rad.getSetDataRAD.setDataRADBusinessRep is PASSED

2024-11-07 21:24:50 - [MESSAGE][PASSED] - Text 'BusRepFname' is set on object 'Object Repository/RAD_Pages/Taxpayer_Page/input_BusinessRepfirstName'

2024-11-07 21:24:51 - [MESSAGE][PASSED] - Text '' is set on object 'Object Repository/RAD_Pages/Taxpayer_Page/input_BusinessRepmiddleName'

2024-11-07 21:24:51 - [MESSAGE][PASSED] - Text 'BusRepLname' is set on object 'Object Repository/RAD_Pages/Taxpayer_Page/input_BusinessReplastName'

2024-11-07 21:24:52 - [MESSAGE][PASSED] - Text '' is set on object 'Object Repository/RAD_Pages/Taxpayer_Page/input_BusinessRepsuffix'

2024-11-07 21:24:52 - [MESSAGE][PASSED] - rad.getSetDataRAD.setDataRADBusinessRep is PASSED

2024-11-07 21:24:52 - [TEST_STEP][PASSED] - rad.getSetDataRAD.setDataRADAddress(): rad.getSetDataRAD.setDataRADAddress is PASSED

2024-11-07 21:24:53 - [MESSAGE][PASSED] - All options with label 'United States' are selected in object 'Object Repository/RAD_Pages/AddressAndContactInfo_Page/select_Country' 

2024-11-07 21:24:54 - [MESSAGE][PASSED] - Text '2508 Mandan Terrace' is set on object 'Object Repository/RAD_Pages/AddressAndContactInfo_Page/input_streetAddress1'

2024-11-07 21:24:54 - [MESSAGE][PASSED] - Text '' is set on object 'Object Repository/RAD_Pages/AddressAndContactInfo_Page/input_streetAddress2'

2024-11-07 21:24:56 - [MESSAGE][PASSED] - Text 'Gambrills' is set on object 'Object Repository/RAD_Pages/AddressAndContactInfo_Page/input_city'

2024-11-07 21:24:56 - [MESSAGE][PASSED] - All options with label 'Maryland' are selected in object 'Object Repository/RAD_Pages/AddressAndContactInfo_Page/select_State' 

2024-11-07 21:24:57 - [MESSAGE][PASSED] - Text '21054' is set on object 'Object Repository/RAD_Pages/AddressAndContactInfo_Page/input_zipCode'

2024-11-07 21:24:58 - [MESSAGE][PASSED] - Text '(703) 894-5000' is set on object 'Object Repository/RAD_Pages/AddressAndContactInfo_Page/input_phoneNumber'

2024-11-07 21:24:59 - [MESSAGE][PASSED] - Text 'iahmed@govolution.com' is set on object 'Object Repository/RAD_Pages/AddressAndContactInfo_Page/input_eMailAddress'

2024-11-07 21:24:59 - [MESSAGE][PASSED] - Text 'iahmed@govolution.com' is set on object 'Object Repository/RAD_Pages/AddressAndContactInfo_Page/input_reEnterEMailAddress'

2024-11-07 21:24:59 - [MESSAGE][PASSED] - rad.getSetDataRAD.setDataRADAddress is PASSED

2024-11-07 21:24:59 - [TEST_STEP][PASSED] - if (feinSSN.equalsIgnoreCase("Y")): Text ****** has been set on object 'Object Repository/RAD_Pages/TaxInfo_Page/input_TaxInfo_RetypeFeinSsn_New_2'

2024-11-07 21:24:59 - [TEST_STEP][PASSED] - setEncryptedText(findTestObject(orPath_TaxInfo + "/input_TaxInfo_FeinSsn_New_2"), "yXB7JMCbD3QoFF75EQd3iw=="): Text ****** has been set on object 'Object Repository/RAD_Pages/TaxInfo_Page/input_TaxInfo_FeinSsn_New_2'

2024-11-07 21:25:00 - [MESSAGE][PASSED] - Text ****** has been set on object 'Object Repository/RAD_Pages/TaxInfo_Page/input_TaxInfo_FeinSsn_New_2'

2024-11-07 21:25:00 - [TEST_STEP][PASSED] - setEncryptedText(findTestObject(orPath_TaxInfo + "/input_TaxInfo_RetypeFeinSsn_New_2"), "yXB7JMCbD3QoFF75EQd3iw=="): Text ****** has been set on object 'Object Repository/RAD_Pages/TaxInfo_Page/input_TaxInfo_RetypeFeinSsn_New_2'

2024-11-07 21:25:01 - [MESSAGE][PASSED] - Text ****** has been set on object 'Object Repository/RAD_Pages/TaxInfo_Page/input_TaxInfo_RetypeFeinSsn_New_2'

2024-11-07 21:25:01 - [TEST_STEP][PASSED] - if (CRN.equalsIgnoreCase("Y")): rad.getSetDataRAD.setDataRADMDCRN is PASSED

2024-11-07 21:25:01 - [TEST_STEP][PASSED] - rad.getSetDataRAD.setDataRADMDCRN(): rad.getSetDataRAD.setDataRADMDCRN is PASSED

2024-11-07 21:25:01 - [MESSAGE][PASSED] - Text '07640126' is set on object 'Object Repository/RAD_Pages/TaxInfo_Page/input_MDCRegistration'

2024-11-07 21:25:01 - [MESSAGE][PASSED] - rad.getSetDataRAD.setDataRADMDCRN is PASSED

2024-11-07 21:25:01 - [TEST_STEP][PASSED] - if (MFLicNum.equalsIgnoreCase("Y")): null

2024-11-07 21:25:01 - [TEST_STEP][PASSED] - if (TaxType.equalsIgnoreCase("Estate Tax")): null

2024-11-07 21:25:01 - [TEST_STEP][PASSED] - setText(findTestObject(orPath_Amount + "/input__paymentAmount"), "100.00"): Text '100.00' is set on object 'Object Repository/RAD_Pages/PaymentAmount_Page/input__paymentAmount'

2024-11-07 21:25:02 - [MESSAGE][PASSED] - Text '100.00' is set on object 'Object Repository/RAD_Pages/PaymentAmount_Page/input__paymentAmount'

2024-11-07 21:25:02 - [TEST_STEP][PASSED] - setText(findTestObject(orPath_AddressContact + "/input_streetAddress2"), ""): Text '' is set on object 'Object Repository/RAD_Pages/AddressAndContactInfo_Page/input_streetAddress2'

2024-11-07 21:25:03 - [MESSAGE][PASSED] - Text '' is set on object 'Object Repository/RAD_Pages/AddressAndContactInfo_Page/input_streetAddress2'

2024-11-07 21:25:03 - [TEST_STEP][PASSED] - scrollToElement(findTestObject(orPath_Landing + "/button_Continue"), 3): Scroll to object 'Object Repository/RAD_Pages/Landing_Page/button_Continue' successfully

2024-11-07 21:25:03 - [MESSAGE][PASSED] - Scroll to object 'Object Repository/RAD_Pages/Landing_Page/button_Continue' successfully

2024-11-07 21:25:03 - [TEST_STEP][PASSED] - waitForElementClickable(findTestObject(orPath_Landing + "/button_Continue"), 5): Object 'Object Repository/RAD_Pages/Landing_Page/button_Continue' is clickable

2024-11-07 21:25:03 - [MESSAGE][PASSED] - Object 'Object Repository/RAD_Pages/Landing_Page/button_Continue' is clickable

2024-11-07 21:25:03 - [TEST_STEP][PASSED] - click(findTestObject(orPath_Landing + "/button_Continue")): Object: 'Object Repository/RAD_Pages/Landing_Page/button_Continue' is clicked on

2024-11-07 21:25:04 - [MESSAGE][PASSED] - Object: 'Object Repository/RAD_Pages/Landing_Page/button_Continue' is clicked on

2024-11-07 21:25:04 - [TEST_STEP][PASSED] - delay(2): Delayed 2 second(s)

2024-11-07 21:25:06 - [MESSAGE][PASSED] - Delayed 2 second(s)

2024-11-07 21:25:06 - [TEST_STEP][PASSED] - verifyTextPresent("Summary", true): Text 'Summary' is present on page  using regular expression

2024-11-07 21:25:06 - [MESSAGE][PASSED] - Text 'Summary' is present on page  using regular expression

2024-11-07 21:25:06 - [TEST_STEP][PASSED] - verifyTextPresent("Review the information below and make any necessary corrections by clicking the", true): Text 'Review the information below and make any necessary corrections by clicking the' is present on page  using regular expression

2024-11-07 21:25:07 - [MESSAGE][PASSED] - Text 'Review the information below and make any necessary corrections by clicking the' is present on page  using regular expression

2024-11-07 21:25:07 - [TEST_STEP][PASSED] - verifyTextPresent("When you are confident that all the information is correct, click the", true): Text 'When you are confident that all the information is correct, click the' is present on page  using regular expression

2024-11-07 21:25:07 - [MESSAGE][PASSED] - Text 'When you are confident that all the information is correct, click the' is present on page  using regular expression

2024-11-07 21:25:07 - [TEST_STEP][PASSED] - verifyTextPresent("Payment Type/Filing Year", true): Text 'Payment Type/Filing Year' is present on page  using regular expression

2024-11-07 21:25:07 - [MESSAGE][PASSED] - Text 'Payment Type/Filing Year' is present on page  using regular expression

2024-11-07 21:25:07 - [TEST_STEP][PASSED] - verifyTextPresent("Payment Type:", true): Text 'Payment Type:' is present on page  using regular expression

2024-11-07 21:25:08 - [MESSAGE][PASSED] - Text 'Payment Type:' is present on page  using regular expression

2024-11-07 21:25:08 - [TEST_STEP][PASSED] - verifyTextPresent("New Tax Return Amount Due", true): Text 'New Tax Return Amount Due' is present on page  using regular expression

2024-11-07 21:25:08 - [MESSAGE][PASSED] - Text 'New Tax Return Amount Due' is present on page  using regular expression

2024-11-07 21:25:08 - [TEST_STEP][PASSED] - verifyTextPresent("Filing Year:", true): Text 'Filing Year:' is present on page  using regular expression

2024-11-07 21:25:08 - [MESSAGE][PASSED] - Text 'Filing Year:' is present on page  using regular expression

2024-11-07 21:25:08 - [TEST_STEP][PASSED] - verifyTextPresent(FilingYear, true): Text '2024' is present on page  using regular expression

2024-11-07 21:25:09 - [MESSAGE][PASSED] - Text '2024' is present on page  using regular expression

2024-11-07 21:25:09 - [TEST_STEP][PASSED] - verifyTextPresent("Payer Information", true): Text 'Payer Information' is present on page  using regular expression

2024-11-07 21:25:09 - [MESSAGE][PASSED] - Text 'Payer Information' is present on page  using regular expression

2024-11-07 21:25:09 - [TEST_STEP][PASSED] - verifyTextPresent("Taxpayer Name:", true): Text 'Taxpayer Name:' is present on page  using regular expression

2024-11-07 21:25:09 - [MESSAGE][PASSED] - Text 'Taxpayer Name:' is present on page  using regular expression

2024-11-07 21:25:09 - [TEST_STEP][PASSED] - verifyTextPresent("My Company", true): Text 'My Company' is present on page  using regular expression

2024-11-07 21:25:10 - [MESSAGE][PASSED] - Text 'My Company' is present on page  using regular expression

2024-11-07 21:25:10 - [TEST_STEP][PASSED] - verifyTextPresent("Business Rep Name:", true): Text 'Business Rep Name:' is present on page  using regular expression

2024-11-07 21:25:10 - [MESSAGE][PASSED] - Text 'Business Rep Name:' is present on page  using regular expression

2024-11-07 21:25:10 - [TEST_STEP][PASSED] - verifyTextPresent("BusRepFname BusRepLname", true): Text 'BusRepFname BusRepLname' is present on page  using regular expression

2024-11-07 21:25:10 - [MESSAGE][PASSED] - Text 'BusRepFname BusRepLname' is present on page  using regular expression

2024-11-07 21:25:10 - [TEST_STEP][PASSED] - verifyTextPresent("Taxpayer Address:", true): Text 'Taxpayer Address:' is present on page  using regular expression

2024-11-07 21:25:11 - [MESSAGE][PASSED] - Text 'Taxpayer Address:' is present on page  using regular expression

2024-11-07 21:25:11 - [TEST_STEP][PASSED] - verifyTextPresent("2508 Mandan Terrace Gambrills Maryland 21054", true): Text '2508 Mandan Terrace Gambrills Maryland 21054' is present on page  using regular expression

2024-11-07 21:25:11 - [MESSAGE][PASSED] - Text '2508 Mandan Terrace Gambrills Maryland 21054' is present on page  using regular expression

2024-11-07 21:25:11 - [TEST_STEP][PASSED] - verifyTextPresent("Email:", true): Text 'Email:' is present on page  using regular expression

2024-11-07 21:25:11 - [MESSAGE][PASSED] - Text 'Email:' is present on page  using regular expression

2024-11-07 21:25:11 - [TEST_STEP][PASSED] - verifyTextPresent("iahmed@govolution.com", true): Text 'iahmed@govolution.com' is present on page  using regular expression

2024-11-07 21:25:11 - [MESSAGE][PASSED] - Text 'iahmed@govolution.com' is present on page  using regular expression

2024-11-07 21:25:11 - [TEST_STEP][PASSED] - verifyTextPresent("Phone:", true): Text 'Phone:' is present on page  using regular expression

2024-11-07 21:25:12 - [MESSAGE][PASSED] - Text 'Phone:' is present on page  using regular expression

2024-11-07 21:25:12 - [TEST_STEP][PASSED] - verifyTextPresent("(703) 894-5000", false): Text '(703) 894-5000' is present on page 

2024-11-07 21:25:12 - [MESSAGE][PASSED] - Text '(703) 894-5000' is present on page 

2024-11-07 21:25:12 - [TEST_STEP][PASSED] - verifyTextPresent("Tax Information", true): Text 'Tax Information' is present on page  using regular expression

2024-11-07 21:25:12 - [MESSAGE][PASSED] - Text 'Tax Information' is present on page  using regular expression

2024-11-07 21:25:12 - [TEST_STEP][PASSED] - verifyTextNotPresent("Notice Number", true): Text 'Notice Number' is not present on page using regular expression

2024-11-07 21:25:13 - [MESSAGE][PASSED] - Text 'Notice Number' is not present on page using regular expression

2024-11-07 21:25:13 - [TEST_STEP][PASSED] - if (month.trim()): Text 'July' is present on page  using regular expression

2024-11-07 21:25:13 - [TEST_STEP][PASSED] - verifyTextPresent("Period Ending", true): Text 'Period Ending' is present on page  using regular expression

2024-11-07 21:25:13 - [MESSAGE][PASSED] - Text 'Period Ending' is present on page  using regular expression

2024-11-07 21:25:13 - [TEST_STEP][PASSED] - verifyTextPresent(month, true): Text 'July' is present on page  using regular expression

2024-11-07 21:25:13 - [MESSAGE][PASSED] - Text 'July' is present on page  using regular expression

2024-11-07 21:25:13 - [TEST_STEP][PASSED] - if (feinSSN.equalsIgnoreCase("Y")): Text 'XXXXX6187' is present on page  using regular expression

2024-11-07 21:25:13 - [TEST_STEP][PASSED] - verifyTextPresent("FEIN/SSN:", true): Text 'FEIN/SSN:' is present on page  using regular expression

2024-11-07 21:25:14 - [MESSAGE][PASSED] - Text 'FEIN/SSN:' is present on page  using regular expression

2024-11-07 21:25:14 - [TEST_STEP][PASSED] - verifyTextNotPresent("Federal EIN:", true): Text 'Federal EIN:' is not present on page using regular expression

2024-11-07 21:25:14 - [MESSAGE][PASSED] - Text 'Federal EIN:' is not present on page using regular expression

2024-11-07 21:25:14 - [TEST_STEP][PASSED] - verifyTextPresent("XXXXX6187", true): Text 'XXXXX6187' is present on page  using regular expression

2024-11-07 21:25:14 - [MESSAGE][PASSED] - Text 'XXXXX6187' is present on page  using regular expression

2024-11-07 21:25:14 - [TEST_STEP][PASSED] - if (TaxType.equalsIgnoreCase("Estate Tax")): null

2024-11-07 21:25:14 - [TEST_STEP][PASSED] - if (CRN.equalsIgnoreCase("Y")): Text '07640126' is present on page  using regular expression

2024-11-07 21:25:14 - [TEST_STEP][PASSED] - verifyTextPresent("MD Central Registration Number#:", true): Text 'MD Central Registration Number#:' is present on page  using regular expression

2024-11-07 21:25:15 - [MESSAGE][PASSED] - Text 'MD Central Registration Number#:' is present on page  using regular expression

2024-11-07 21:25:15 - [TEST_STEP][PASSED] - verifyTextPresent("07640126", true): Text '07640126' is present on page  using regular expression

2024-11-07 21:25:15 - [MESSAGE][PASSED] - Text '07640126' is present on page  using regular expression

2024-11-07 21:25:15 - [TEST_STEP][PASSED] - if (MFLicNum.equalsIgnoreCase("Y")): null

2024-11-07 21:25:15 - [TEST_STEP][PASSED] - else: Text 'Motor Fuel License Number#:' is not present on page using regular expression

2024-11-07 21:25:15 - [TEST_STEP][PASSED] - verifyTextNotPresent("Motor Fuel License Number#:", true): Text 'Motor Fuel License Number#:' is not present on page using regular expression

2024-11-07 21:25:15 - [MESSAGE][PASSED] - Text 'Motor Fuel License Number#:' is not present on page using regular expression

2024-11-07 21:25:15 - [TEST_STEP][PASSED] - verifyTextPresent("Payment Amount:", true): Text 'Payment Amount:' is present on page  using regular expression

2024-11-07 21:25:16 - [MESSAGE][PASSED] - Text 'Payment Amount:' is present on page  using regular expression

2024-11-07 21:25:16 - [TEST_STEP][PASSED] - verifyTextPresent("100.00", true): Text '100.00' is present on page  using regular expression

2024-11-07 21:25:16 - [MESSAGE][PASSED] - Text '100.00' is present on page  using regular expression

2024-11-07 21:25:16 - [TEST_STEP][PASSED] - if (verifyElementVisible(findTestObject(orPath_Summary + "/button_Proceed to Payment"))): null

2024-11-07 21:25:16 - [MESSAGE][PASSED] - Object 'Object Repository/RAD_Pages/Summary_Page/button_Proceed to Payment' is visible

2024-11-07 21:25:16 - [TEST_STEP][PASSED] - resText = "Pass": null

2024-11-07 21:25:16 - [TEST_STEP][PASSED] - pages.WriteExcel.demoKey(resText, datText, resColumn, datCloumn, fileLoc, nameSheet, row): pages.WriteExcel.demoKey is PASSED

2024-11-07 21:25:16 - [MESSAGE][PASSED] - pages.WriteExcel.demoKey is PASSED

2024-11-07 21:25:16 - [TEST_STEP][PASSED] - click(findTestObject(orPath_Summary + "/button_Proceed to Payment")): Object: 'Object Repository/RAD_Pages/Summary_Page/button_Proceed to Payment' is clicked on

2024-11-07 21:25:20 - [MESSAGE][PASSED] - Object: 'Object Repository/RAD_Pages/Summary_Page/button_Proceed to Payment' is clicked on

2024-11-07 21:25:20 - [TEST_STEP][PASSED] - verifyElementPresent(findTestObject("Object Repository/RAD_Pages/PaymentEntry_Page/input__billingName"), 30): Object 'Object Repository/RAD_Pages/PaymentEntry_Page/input__billingName' is present

2024-11-07 21:25:20 - [MESSAGE][PASSED] - Object 'Object Repository/RAD_Pages/PaymentEntry_Page/input__billingName' is present

2024-11-07 21:25:20 - [TEST_STEP][PASSED] - ExecuteTC = findTestData(dataFile).getValue("Execute", row): null

2024-11-07 21:25:20 - [TEST_STEP][PASSED] - TaxType = findTestData(dataFile).getValue("TaxType", row): null

2024-11-07 21:25:20 - [TEST_STEP][PASSED] - PaymentType = findTestData(dataFile).getValue("PaymentType", row): null

2024-11-07 21:25:21 - [TEST_STEP][PASSED] - FilingYear = findTestData(dataFile).getValue("Year", row): null

2024-11-07 21:25:21 - [TEST_STEP][PASSED] - feinSSN = findTestData(dataFile).getValue("FeinSsn", row): null

2024-11-07 21:25:21 - [TEST_STEP][PASSED] - CRN = findTestData(dataFile).getValue("CRN", row): null

2024-11-07 21:25:21 - [TEST_STEP][PASSED] - month = findTestData(dataFile).getValue("Month", row): null

2024-11-07 21:25:21 - [TEST_STEP][PASSED] - MFLicNum = findTestData(dataFile).getValue("MFLicNum", row): null

2024-11-07 21:25:21 - [TEST_STEP][PASSED] - if (ExecuteTC.equalsIgnoreCase("Y")): Object 'Object Repository/RAD_Pages/PaymentEntry_Page/input__billingName' is present

2024-11-07 21:25:21 - [TEST_STEP][PASSED] - out.println("Begin Record Number: " + row): null

2024-11-07 21:25:21 - [TEST_STEP][PASSED] - today = new java.util.Date(): null

2024-11-07 21:25:21 - [TEST_STEP][PASSED] - println(today): null

2024-11-07 21:25:21 - [TEST_STEP][PASSED] - datText = today: null

2024-11-07 21:25:21 - [TEST_STEP][PASSED] - logInfo("Payment Type: New Tax Return Amount Due"): Payment Type: New Tax Return Amount Due

2024-11-07 21:25:21 - [MESSAGE][INFO] - Payment Type: New Tax Return Amount Due

2024-11-07 21:25:21 - [TEST_STEP][PASSED] - logInfo("Tax Type: " + TaxType): Tax Type: Transportation Network Services

2024-11-07 21:25:21 - [MESSAGE][INFO] - Tax Type: Transportation Network Services

2024-11-07 21:25:21 - [TEST_STEP][PASSED] - openBrowser(""): Browser is opened with url: ''

2024-11-07 21:25:21 - [MESSAGE][WARNING] - A browser is already opened. Closing browser and opening a new one

2024-11-07 21:25:22 - [MESSAGE][INFO] - Starting 'Chrome' driver

2024-11-07 21:25:22 - [MESSAGE][INFO] - User set preference: ['acceptInsecureCerts', 'true']

2024-11-07 21:25:22 - [MESSAGE][INFO] - Action delay is set to 0 milliseconds

2024-11-07 21:25:24 - [MESSAGE][PASSED] - Browser is opened with url: ''

2024-11-07 21:25:24 - [TEST_STEP][PASSED] - maximizeWindow(): Current window maximized

2024-11-07 21:25:24 - [MESSAGE][PASSED] - Current window maximized

2024-11-07 21:25:24 - [TEST_STEP][PASSED] - navigateToUrl(RADurl): Navigate to 'https://www.velocitypayment.com/client/rad/index.html' successfully

2024-11-07 21:25:27 - [MESSAGE][PASSED] - Navigate to 'https://www.velocitypayment.com/client/rad/index.html' successfully

2024-11-07 21:25:27 - [TEST_STEP][PASSED] - selectOptionByLabel(findTestObject(orPath_Landing + "/dd_TaxType"), "New Tax Return Amount Due", false): All options with label 'New Tax Return Amount Due' are selected in object 'Object Repository/RAD_Pages/Landing_Page/dd_TaxType' 

2024-11-07 21:25:27 - [MESSAGE][PASSED] - All options with label 'New Tax Return Amount Due' are selected in object 'Object Repository/RAD_Pages/Landing_Page/dd_TaxType' 

2024-11-07 21:25:27 - [TEST_STEP][PASSED] - selectOptionByLabel(findTestObject("Object Repository/RAD_Pages/Landing_Page/select_NewTaxReturnAmountDue_TaxType"), TaxType, false): All options with label 'Transportation Network Services' are selected in object 'Object Repository/RAD_Pages/Landing_Page/select_NewTaxReturnAmountDue_TaxType' 

2024-11-07 21:25:28 - [MESSAGE][PASSED] - All options with label 'Transportation Network Services' are selected in object 'Object Repository/RAD_Pages/Landing_Page/select_NewTaxReturnAmountDue_TaxType' 

2024-11-07 21:25:28 - [TEST_STEP][PASSED] - selectOptionByLabel(findTestObject(orPath_TaxTypeFilingYear + "/select_FilingYear"), FilingYear, false): All options with label '2024' are selected in object 'Object Repository/RAD_Pages/TaxTypeFilingYear_Page/select_FilingYear' 

2024-11-07 21:25:29 - [MESSAGE][PASSED] - All options with label '2024' are selected in object 'Object Repository/RAD_Pages/TaxTypeFilingYear_Page/select_FilingYear' 

2024-11-07 21:25:29 - [TEST_STEP][PASSED] - if (month.trim()): All options with label 'June' are selected in object 'Object Repository/RAD_Pages/TaxTypeFilingYear_Page/select_PeriodEnding' 

2024-11-07 21:25:29 - [TEST_STEP][PASSED] - selectOptionByLabel(findTestObject(orPath_TaxTypeFilingYear + "/select_PeriodEnding"), month, false): All options with label 'June' are selected in object 'Object Repository/RAD_Pages/TaxTypeFilingYear_Page/select_PeriodEnding' 

2024-11-07 21:25:29 - [MESSAGE][PASSED] - All options with label 'June' are selected in object 'Object Repository/RAD_Pages/TaxTypeFilingYear_Page/select_PeriodEnding' 

2024-11-07 21:25:29 - [TEST_STEP][PASSED] - rad.getSetDataRAD.setDataRADBusinessName(): rad.getSetDataRAD.setDataRADBusinessName is PASSED

2024-11-07 21:25:30 - [MESSAGE][PASSED] - Text 'My Company' is set on object 'Object Repository/RAD_Pages/Taxpayer_Page/input_businessName'

2024-11-07 21:25:30 - [MESSAGE][PASSED] - rad.getSetDataRAD.setDataRADBusinessName is PASSED

2024-11-07 21:25:30 - [TEST_STEP][PASSED] - rad.getSetDataRAD.setDataRADBusinessRep(): rad.getSetDataRAD.setDataRADBusinessRep is PASSED

2024-11-07 21:25:31 - [MESSAGE][PASSED] - Text 'BusRepFname' is set on object 'Object Repository/RAD_Pages/Taxpayer_Page/input_BusinessRepfirstName'

2024-11-07 21:25:32 - [MESSAGE][PASSED] - Text '' is set on object 'Object Repository/RAD_Pages/Taxpayer_Page/input_BusinessRepmiddleName'

2024-11-07 21:25:33 - [MESSAGE][PASSED] - Text 'BusRepLname' is set on object 'Object Repository/RAD_Pages/Taxpayer_Page/input_BusinessReplastName'

2024-11-07 21:25:33 - [MESSAGE][PASSED] - Text '' is set on object 'Object Repository/RAD_Pages/Taxpayer_Page/input_BusinessRepsuffix'

2024-11-07 21:25:33 - [MESSAGE][PASSED] - rad.getSetDataRAD.setDataRADBusinessRep is PASSED

2024-11-07 21:25:33 - [TEST_STEP][PASSED] - rad.getSetDataRAD.setDataRADAddress(): rad.getSetDataRAD.setDataRADAddress is PASSED

2024-11-07 21:25:34 - [MESSAGE][PASSED] - All options with label 'United States' are selected in object 'Object Repository/RAD_Pages/AddressAndContactInfo_Page/select_Country' 

2024-11-07 21:25:35 - [MESSAGE][PASSED] - Text '2508 Mandan Terrace' is set on object 'Object Repository/RAD_Pages/AddressAndContactInfo_Page/input_streetAddress1'

2024-11-07 21:25:36 - [MESSAGE][PASSED] - Text '' is set on object 'Object Repository/RAD_Pages/AddressAndContactInfo_Page/input_streetAddress2'

2024-11-07 21:25:37 - [MESSAGE][PASSED] - Text 'Gambrills' is set on object 'Object Repository/RAD_Pages/AddressAndContactInfo_Page/input_city'

2024-11-07 21:25:37 - [MESSAGE][PASSED] - All options with label 'Maryland' are selected in object 'Object Repository/RAD_Pages/AddressAndContactInfo_Page/select_State' 

2024-11-07 21:25:38 - [MESSAGE][PASSED] - Text '21054' is set on object 'Object Repository/RAD_Pages/AddressAndContactInfo_Page/input_zipCode'

2024-11-07 21:25:39 - [MESSAGE][PASSED] - Text '(703) 894-5000' is set on object 'Object Repository/RAD_Pages/AddressAndContactInfo_Page/input_phoneNumber'

2024-11-07 21:25:40 - [MESSAGE][PASSED] - Text 'iahmed@govolution.com' is set on object 'Object Repository/RAD_Pages/AddressAndContactInfo_Page/input_eMailAddress'

2024-11-07 21:25:40 - [MESSAGE][PASSED] - Text 'iahmed@govolution.com' is set on object 'Object Repository/RAD_Pages/AddressAndContactInfo_Page/input_reEnterEMailAddress'

2024-11-07 21:25:40 - [MESSAGE][PASSED] - rad.getSetDataRAD.setDataRADAddress is PASSED

2024-11-07 21:25:40 - [TEST_STEP][PASSED] - if (feinSSN.equalsIgnoreCase("Y")): null

2024-11-07 21:25:40 - [TEST_STEP][PASSED] - else: Text ****** has been set on object 'Object Repository/RAD_Pages/TaxInfo_Page/input_FederalEIN_ReEnter'

2024-11-07 21:25:40 - [TEST_STEP][PASSED] - if (!(TaxType.equalsIgnoreCase("Estate Tax"))): Text ****** has been set on object 'Object Repository/RAD_Pages/TaxInfo_Page/input_FederalEIN_ReEnter'

2024-11-07 21:25:40 - [TEST_STEP][PASSED] - setEncryptedText(findTestObject(orPath_TaxInfo + "/input_FederalEIN"), "yXB7JMCbD3QoFF75EQd3iw=="): Text ****** has been set on object 'Object Repository/RAD_Pages/TaxInfo_Page/input_FederalEIN'

2024-11-07 21:25:41 - [MESSAGE][PASSED] - Text ****** has been set on object 'Object Repository/RAD_Pages/TaxInfo_Page/input_FederalEIN'

2024-11-07 21:25:41 - [TEST_STEP][PASSED] - setEncryptedText(findTestObject(orPath_TaxInfo + "/input_FederalEIN_ReEnter"), "yXB7JMCbD3QoFF75EQd3iw=="): Text ****** has been set on object 'Object Repository/RAD_Pages/TaxInfo_Page/input_FederalEIN_ReEnter'

2024-11-07 21:25:42 - [MESSAGE][PASSED] - Text ****** has been set on object 'Object Repository/RAD_Pages/TaxInfo_Page/input_FederalEIN_ReEnter'

2024-11-07 21:25:42 - [TEST_STEP][PASSED] - if (CRN.equalsIgnoreCase("Y")): rad.getSetDataRAD.setDataRADMDCRN is PASSED

2024-11-07 21:25:42 - [TEST_STEP][PASSED] - rad.getSetDataRAD.setDataRADMDCRN(): rad.getSetDataRAD.setDataRADMDCRN is PASSED

2024-11-07 21:25:42 - [MESSAGE][PASSED] - Text '07640126' is set on object 'Object Repository/RAD_Pages/TaxInfo_Page/input_MDCRegistration'

2024-11-07 21:25:42 - [MESSAGE][PASSED] - rad.getSetDataRAD.setDataRADMDCRN is PASSED

2024-11-07 21:25:42 - [TEST_STEP][PASSED] - if (MFLicNum.equalsIgnoreCase("Y")): null

2024-11-07 21:25:42 - [TEST_STEP][PASSED] - if (TaxType.equalsIgnoreCase("Estate Tax")): null

2024-11-07 21:25:42 - [TEST_STEP][PASSED] - setText(findTestObject(orPath_Amount + "/input__paymentAmount"), "100.00"): Text '100.00' is set on object 'Object Repository/RAD_Pages/PaymentAmount_Page/input__paymentAmount'

2024-11-07 21:25:43 - [MESSAGE][PASSED] - Text '100.00' is set on object 'Object Repository/RAD_Pages/PaymentAmount_Page/input__paymentAmount'

2024-11-07 21:25:43 - [TEST_STEP][PASSED] - setText(findTestObject(orPath_AddressContact + "/input_streetAddress2"), ""): Text '' is set on object 'Object Repository/RAD_Pages/AddressAndContactInfo_Page/input_streetAddress2'

2024-11-07 21:25:44 - [MESSAGE][PASSED] - Text '' is set on object 'Object Repository/RAD_Pages/AddressAndContactInfo_Page/input_streetAddress2'

2024-11-07 21:25:44 - [TEST_STEP][PASSED] - scrollToElement(findTestObject(orPath_Landing + "/button_Continue"), 3): Scroll to object 'Object Repository/RAD_Pages/Landing_Page/button_Continue' successfully

2024-11-07 21:25:44 - [MESSAGE][PASSED] - Scroll to object 'Object Repository/RAD_Pages/Landing_Page/button_Continue' successfully

2024-11-07 21:25:44 - [TEST_STEP][PASSED] - waitForElementClickable(findTestObject(orPath_Landing + "/button_Continue"), 5): Object 'Object Repository/RAD_Pages/Landing_Page/button_Continue' is clickable

2024-11-07 21:25:45 - [MESSAGE][PASSED] - Object 'Object Repository/RAD_Pages/Landing_Page/button_Continue' is clickable

2024-11-07 21:25:45 - [TEST_STEP][PASSED] - click(findTestObject(orPath_Landing + "/button_Continue")): Object: 'Object Repository/RAD_Pages/Landing_Page/button_Continue' is clicked on

2024-11-07 21:25:45 - [MESSAGE][PASSED] - Object: 'Object Repository/RAD_Pages/Landing_Page/button_Continue' is clicked on

2024-11-07 21:25:45 - [TEST_STEP][PASSED] - delay(2): Delayed 2 second(s)

2024-11-07 21:25:47 - [MESSAGE][PASSED] - Delayed 2 second(s)

2024-11-07 21:25:47 - [TEST_STEP][PASSED] - verifyTextPresent("Summary", true): Text 'Summary' is present on page  using regular expression

2024-11-07 21:25:47 - [MESSAGE][PASSED] - Text 'Summary' is present on page  using regular expression

2024-11-07 21:25:47 - [TEST_STEP][PASSED] - verifyTextPresent("Review the information below and make any necessary corrections by clicking the", true): Text 'Review the information below and make any necessary corrections by clicking the' is present on page  using regular expression

2024-11-07 21:25:48 - [MESSAGE][PASSED] - Text 'Review the information below and make any necessary corrections by clicking the' is present on page  using regular expression

2024-11-07 21:25:48 - [TEST_STEP][PASSED] - verifyTextPresent("When you are confident that all the information is correct, click the", true): Text 'When you are confident that all the information is correct, click the' is present on page  using regular expression

2024-11-07 21:25:48 - [MESSAGE][PASSED] - Text 'When you are confident that all the information is correct, click the' is present on page  using regular expression

2024-11-07 21:25:48 - [TEST_STEP][PASSED] - verifyTextPresent("Payment Type/Filing Year", true): Text 'Payment Type/Filing Year' is present on page  using regular expression

2024-11-07 21:25:48 - [MESSAGE][PASSED] - Text 'Payment Type/Filing Year' is present on page  using regular expression

2024-11-07 21:25:48 - [TEST_STEP][PASSED] - verifyTextPresent("Payment Type:", true): Text 'Payment Type:' is present on page  using regular expression

2024-11-07 21:25:49 - [MESSAGE][PASSED] - Text 'Payment Type:' is present on page  using regular expression

2024-11-07 21:25:49 - [TEST_STEP][PASSED] - verifyTextPresent("New Tax Return Amount Due", true): Text 'New Tax Return Amount Due' is present on page  using regular expression

2024-11-07 21:25:49 - [MESSAGE][PASSED] - Text 'New Tax Return Amount Due' is present on page  using regular expression

2024-11-07 21:25:49 - [TEST_STEP][PASSED] - verifyTextPresent("Filing Year:", true): Text 'Filing Year:' is present on page  using regular expression

2024-11-07 21:25:49 - [MESSAGE][PASSED] - Text 'Filing Year:' is present on page  using regular expression

2024-11-07 21:25:49 - [TEST_STEP][PASSED] - verifyTextPresent(FilingYear, true): Text '2024' is present on page  using regular expression

2024-11-07 21:25:50 - [MESSAGE][PASSED] - Text '2024' is present on page  using regular expression

2024-11-07 21:25:50 - [TEST_STEP][PASSED] - verifyTextPresent("Payer Information", true): Text 'Payer Information' is present on page  using regular expression

2024-11-07 21:25:50 - [MESSAGE][PASSED] - Text 'Payer Information' is present on page  using regular expression

2024-11-07 21:25:50 - [TEST_STEP][PASSED] - verifyTextPresent("Taxpayer Name:", true): Text 'Taxpayer Name:' is present on page  using regular expression

2024-11-07 21:25:50 - [MESSAGE][PASSED] - Text 'Taxpayer Name:' is present on page  using regular expression

2024-11-07 21:25:50 - [TEST_STEP][PASSED] - verifyTextPresent("My Company", true): Text 'My Company' is present on page  using regular expression

2024-11-07 21:25:51 - [MESSAGE][PASSED] - Text 'My Company' is present on page  using regular expression

2024-11-07 21:25:51 - [TEST_STEP][PASSED] - verifyTextPresent("Business Rep Name:", true): Text 'Business Rep Name:' is present on page  using regular expression

2024-11-07 21:25:51 - [MESSAGE][PASSED] - Text 'Business Rep Name:' is present on page  using regular expression

2024-11-07 21:25:51 - [TEST_STEP][PASSED] - verifyTextPresent("BusRepFname BusRepLname", true): Text 'BusRepFname BusRepLname' is present on page  using regular expression

2024-11-07 21:25:51 - [MESSAGE][PASSED] - Text 'BusRepFname BusRepLname' is present on page  using regular expression

2024-11-07 21:25:51 - [TEST_STEP][PASSED] - verifyTextPresent("Taxpayer Address:", true): Text 'Taxpayer Address:' is present on page  using regular expression

2024-11-07 21:25:52 - [MESSAGE][PASSED] - Text 'Taxpayer Address:' is present on page  using regular expression

2024-11-07 21:25:52 - [TEST_STEP][PASSED] - verifyTextPresent("2508 Mandan Terrace Gambrills Maryland 21054", true): Text '2508 Mandan Terrace Gambrills Maryland 21054' is present on page  using regular expression

2024-11-07 21:25:52 - [MESSAGE][PASSED] - Text '2508 Mandan Terrace Gambrills Maryland 21054' is present on page  using regular expression

2024-11-07 21:25:52 - [TEST_STEP][PASSED] - verifyTextPresent("Email:", true): Text 'Email:' is present on page  using regular expression

2024-11-07 21:25:52 - [MESSAGE][PASSED] - Text 'Email:' is present on page  using regular expression

2024-11-07 21:25:52 - [TEST_STEP][PASSED] - verifyTextPresent("iahmed@govolution.com", true): Text 'iahmed@govolution.com' is present on page  using regular expression

2024-11-07 21:25:53 - [MESSAGE][PASSED] - Text 'iahmed@govolution.com' is present on page  using regular expression

2024-11-07 21:25:53 - [TEST_STEP][PASSED] - verifyTextPresent("Phone:", true): Text 'Phone:' is present on page  using regular expression

2024-11-07 21:25:53 - [MESSAGE][PASSED] - Text 'Phone:' is present on page  using regular expression

2024-11-07 21:25:53 - [TEST_STEP][PASSED] - verifyTextPresent("(703) 894-5000", false): Text '(703) 894-5000' is present on page 

2024-11-07 21:25:53 - [MESSAGE][PASSED] - Text '(703) 894-5000' is present on page 

2024-11-07 21:25:53 - [TEST_STEP][PASSED] - verifyTextPresent("Tax Information", true): Text 'Tax Information' is present on page  using regular expression

2024-11-07 21:25:54 - [MESSAGE][PASSED] - Text 'Tax Information' is present on page  using regular expression

2024-11-07 21:25:54 - [TEST_STEP][PASSED] - verifyTextNotPresent("Notice Number", true): Text 'Notice Number' is not present on page using regular expression

2024-11-07 21:25:54 - [MESSAGE][PASSED] - Text 'Notice Number' is not present on page using regular expression

2024-11-07 21:25:54 - [TEST_STEP][PASSED] - if (month.trim()): Text 'June' is present on page  using regular expression

2024-11-07 21:25:54 - [TEST_STEP][PASSED] - verifyTextPresent("Period Ending", true): Text 'Period Ending' is present on page  using regular expression

2024-11-07 21:25:54 - [MESSAGE][PASSED] - Text 'Period Ending' is present on page  using regular expression

2024-11-07 21:25:54 - [TEST_STEP][PASSED] - verifyTextPresent(month, true): Text 'June' is present on page  using regular expression

2024-11-07 21:25:55 - [MESSAGE][PASSED] - Text 'June' is present on page  using regular expression

2024-11-07 21:25:55 - [TEST_STEP][PASSED] - if (feinSSN.equalsIgnoreCase("Y")): null

2024-11-07 21:25:55 - [TEST_STEP][PASSED] - else: Text 'XXXXXXX87' is present on page  using regular expression

2024-11-07 21:25:55 - [TEST_STEP][PASSED] - if (!(TaxType.equalsIgnoreCase("Estate Tax"))): Text 'XXXXXXX87' is present on page  using regular expression

2024-11-07 21:25:55 - [TEST_STEP][PASSED] - verifyTextPresent("Federal EIN:", true): Text 'Federal EIN:' is present on page  using regular expression

2024-11-07 21:25:55 - [MESSAGE][PASSED] - Text 'Federal EIN:' is present on page  using regular expression

2024-11-07 21:25:55 - [TEST_STEP][PASSED] - verifyTextNotPresent("FEIN/SSN:", true): Text 'FEIN/SSN:' is not present on page using regular expression

2024-11-07 21:25:55 - [MESSAGE][PASSED] - Text 'FEIN/SSN:' is not present on page using regular expression

2024-11-07 21:25:55 - [TEST_STEP][PASSED] - verifyTextPresent("XXXXXXX87", true): Text 'XXXXXXX87' is present on page  using regular expression

2024-11-07 21:25:56 - [MESSAGE][PASSED] - Text 'XXXXXXX87' is present on page  using regular expression

2024-11-07 21:25:56 - [TEST_STEP][PASSED] - if (TaxType.equalsIgnoreCase("Estate Tax")): null

2024-11-07 21:25:56 - [TEST_STEP][PASSED] - if (CRN.equalsIgnoreCase("Y")): Text '07640126' is present on page  using regular expression

2024-11-07 21:25:56 - [TEST_STEP][PASSED] - verifyTextPresent("MD Central Registration Number#:", true): Text 'MD Central Registration Number#:' is present on page  using regular expression

2024-11-07 21:25:56 - [MESSAGE][PASSED] - Text 'MD Central Registration Number#:' is present on page  using regular expression

2024-11-07 21:25:56 - [TEST_STEP][PASSED] - verifyTextPresent("07640126", true): Text '07640126' is present on page  using regular expression

2024-11-07 21:25:56 - [MESSAGE][PASSED] - Text '07640126' is present on page  using regular expression

2024-11-07 21:25:56 - [TEST_STEP][PASSED] - if (MFLicNum.equalsIgnoreCase("Y")): null

2024-11-07 21:25:56 - [TEST_STEP][PASSED] - else: Text 'Motor Fuel License Number#:' is not present on page using regular expression

2024-11-07 21:25:56 - [TEST_STEP][PASSED] - verifyTextNotPresent("Motor Fuel License Number#:", true): Text 'Motor Fuel License Number#:' is not present on page using regular expression

2024-11-07 21:25:57 - [MESSAGE][PASSED] - Text 'Motor Fuel License Number#:' is not present on page using regular expression

2024-11-07 21:25:57 - [TEST_STEP][PASSED] - verifyTextPresent("Payment Amount:", true): Text 'Payment Amount:' is present on page  using regular expression

2024-11-07 21:25:57 - [MESSAGE][PASSED] - Text 'Payment Amount:' is present on page  using regular expression

2024-11-07 21:25:57 - [TEST_STEP][PASSED] - verifyTextPresent("100.00", true): Text '100.00' is present on page  using regular expression

2024-11-07 21:25:57 - [MESSAGE][PASSED] - Text '100.00' is present on page  using regular expression

2024-11-07 21:25:57 - [TEST_STEP][PASSED] - if (verifyElementVisible(findTestObject(orPath_Summary + "/button_Proceed to Payment"))): null

2024-11-07 21:25:58 - [MESSAGE][PASSED] - Object 'Object Repository/RAD_Pages/Summary_Page/button_Proceed to Payment' is visible

2024-11-07 21:25:58 - [TEST_STEP][PASSED] - resText = "Pass": null

2024-11-07 21:25:58 - [TEST_STEP][PASSED] - pages.WriteExcel.demoKey(resText, datText, resColumn, datCloumn, fileLoc, nameSheet, row): pages.WriteExcel.demoKey is PASSED

2024-11-07 21:25:58 - [MESSAGE][PASSED] - pages.WriteExcel.demoKey is PASSED

2024-11-07 21:25:58 - [TEST_STEP][PASSED] - click(findTestObject(orPath_Summary + "/button_Proceed to Payment")): Object: 'Object Repository/RAD_Pages/Summary_Page/button_Proceed to Payment' is clicked on

2024-11-07 21:26:01 - [MESSAGE][PASSED] - Object: 'Object Repository/RAD_Pages/Summary_Page/button_Proceed to Payment' is clicked on

2024-11-07 21:26:01 - [TEST_STEP][PASSED] - verifyElementPresent(findTestObject("Object Repository/RAD_Pages/PaymentEntry_Page/input__billingName"), 30): Object 'Object Repository/RAD_Pages/PaymentEntry_Page/input__billingName' is present

2024-11-07 21:26:01 - [MESSAGE][PASSED] - Object 'Object Repository/RAD_Pages/PaymentEntry_Page/input__billingName' is present

2024-11-07 21:26:01 - [TEST_STEP][PASSED] - ExecuteTC = findTestData(dataFile).getValue("Execute", row): null

2024-11-07 21:26:02 - [TEST_STEP][PASSED] - TaxType = findTestData(dataFile).getValue("TaxType", row): null

2024-11-07 21:26:02 - [TEST_STEP][PASSED] - PaymentType = findTestData(dataFile).getValue("PaymentType", row): null

2024-11-07 21:26:02 - [TEST_STEP][PASSED] - FilingYear = findTestData(dataFile).getValue("Year", row): null

2024-11-07 21:26:02 - [TEST_STEP][PASSED] - feinSSN = findTestData(dataFile).getValue("FeinSsn", row): null

2024-11-07 21:26:02 - [TEST_STEP][PASSED] - CRN = findTestData(dataFile).getValue("CRN", row): null

2024-11-07 21:26:02 - [TEST_STEP][PASSED] - month = findTestData(dataFile).getValue("Month", row): null

2024-11-07 21:26:02 - [TEST_STEP][PASSED] - MFLicNum = findTestData(dataFile).getValue("MFLicNum", row): null

2024-11-07 21:26:02 - [TEST_STEP][PASSED] - if (ExecuteTC.equalsIgnoreCase("Y")): Object 'Object Repository/RAD_Pages/PaymentEntry_Page/input__billingName' is present

2024-11-07 21:26:02 - [TEST_STEP][PASSED] - out.println("Begin Record Number: " + row): null

2024-11-07 21:26:02 - [TEST_STEP][PASSED] - today = new java.util.Date(): null

2024-11-07 21:26:02 - [TEST_STEP][PASSED] - println(today): null

2024-11-07 21:26:02 - [TEST_STEP][PASSED] - datText = today: null

2024-11-07 21:26:02 - [TEST_STEP][PASSED] - logInfo("Payment Type: New Tax Return Amount Due"): Payment Type: New Tax Return Amount Due

2024-11-07 21:26:02 - [MESSAGE][INFO] - Payment Type: New Tax Return Amount Due

2024-11-07 21:26:02 - [TEST_STEP][PASSED] - logInfo("Tax Type: " + TaxType): Tax Type: Unclaimed Property

2024-11-07 21:26:02 - [MESSAGE][INFO] - Tax Type: Unclaimed Property

2024-11-07 21:26:02 - [TEST_STEP][PASSED] - openBrowser(""): Browser is opened with url: ''

2024-11-07 21:26:02 - [MESSAGE][WARNING] - A browser is already opened. Closing browser and opening a new one

2024-11-07 21:26:04 - [MESSAGE][INFO] - Starting 'Chrome' driver

2024-11-07 21:26:04 - [MESSAGE][INFO] - User set preference: ['acceptInsecureCerts', 'true']

2024-11-07 21:26:04 - [MESSAGE][INFO] - Action delay is set to 0 milliseconds

2024-11-07 21:26:05 - [MESSAGE][PASSED] - Browser is opened with url: ''

2024-11-07 21:26:05 - [TEST_STEP][PASSED] - maximizeWindow(): Current window maximized

2024-11-07 21:26:06 - [MESSAGE][PASSED] - Current window maximized

2024-11-07 21:26:06 - [TEST_STEP][PASSED] - navigateToUrl(RADurl): Navigate to 'https://www.velocitypayment.com/client/rad/index.html' successfully

2024-11-07 21:26:07 - [MESSAGE][PASSED] - Navigate to 'https://www.velocitypayment.com/client/rad/index.html' successfully

2024-11-07 21:26:07 - [TEST_STEP][PASSED] - selectOptionByLabel(findTestObject(orPath_Landing + "/dd_TaxType"), "New Tax Return Amount Due", false): All options with label 'New Tax Return Amount Due' are selected in object 'Object Repository/RAD_Pages/Landing_Page/dd_TaxType' 

2024-11-07 21:26:08 - [MESSAGE][PASSED] - All options with label 'New Tax Return Amount Due' are selected in object 'Object Repository/RAD_Pages/Landing_Page/dd_TaxType' 

2024-11-07 21:26:08 - [TEST_STEP][PASSED] - selectOptionByLabel(findTestObject("Object Repository/RAD_Pages/Landing_Page/select_NewTaxReturnAmountDue_TaxType"), TaxType, false): All options with label 'Unclaimed Property' are selected in object 'Object Repository/RAD_Pages/Landing_Page/select_NewTaxReturnAmountDue_TaxType' 

2024-11-07 21:26:09 - [MESSAGE][PASSED] - All options with label 'Unclaimed Property' are selected in object 'Object Repository/RAD_Pages/Landing_Page/select_NewTaxReturnAmountDue_TaxType' 

2024-11-07 21:26:09 - [TEST_STEP][PASSED] - selectOptionByLabel(findTestObject(orPath_TaxTypeFilingYear + "/select_FilingYear"), FilingYear, false): All options with label '2024' are selected in object 'Object Repository/RAD_Pages/TaxTypeFilingYear_Page/select_FilingYear' 

2024-11-07 21:26:10 - [MESSAGE][PASSED] - All options with label '2024' are selected in object 'Object Repository/RAD_Pages/TaxTypeFilingYear_Page/select_FilingYear' 

2024-11-07 21:26:10 - [TEST_STEP][PASSED] - if (month.trim()): All options with label 'August' are selected in object 'Object Repository/RAD_Pages/TaxTypeFilingYear_Page/select_PeriodEnding' 

2024-11-07 21:26:10 - [TEST_STEP][PASSED] - selectOptionByLabel(findTestObject(orPath_TaxTypeFilingYear + "/select_PeriodEnding"), month, false): All options with label 'August' are selected in object 'Object Repository/RAD_Pages/TaxTypeFilingYear_Page/select_PeriodEnding' 

2024-11-07 21:26:10 - [MESSAGE][PASSED] - All options with label 'August' are selected in object 'Object Repository/RAD_Pages/TaxTypeFilingYear_Page/select_PeriodEnding' 

2024-11-07 21:26:10 - [TEST_STEP][PASSED] - rad.getSetDataRAD.setDataRADBusinessName(): rad.getSetDataRAD.setDataRADBusinessName is PASSED

2024-11-07 21:26:11 - [MESSAGE][PASSED] - Text 'My Company' is set on object 'Object Repository/RAD_Pages/Taxpayer_Page/input_businessName'

2024-11-07 21:26:11 - [MESSAGE][PASSED] - rad.getSetDataRAD.setDataRADBusinessName is PASSED

2024-11-07 21:26:11 - [TEST_STEP][PASSED] - rad.getSetDataRAD.setDataRADBusinessRep(): rad.getSetDataRAD.setDataRADBusinessRep is PASSED

2024-11-07 21:26:12 - [MESSAGE][PASSED] - Text 'BusRepFname' is set on object 'Object Repository/RAD_Pages/Taxpayer_Page/input_BusinessRepfirstName'

2024-11-07 21:26:13 - [MESSAGE][PASSED] - Text '' is set on object 'Object Repository/RAD_Pages/Taxpayer_Page/input_BusinessRepmiddleName'

2024-11-07 21:26:14 - [MESSAGE][PASSED] - Text 'BusRepLname' is set on object 'Object Repository/RAD_Pages/Taxpayer_Page/input_BusinessReplastName'

2024-11-07 21:26:14 - [MESSAGE][PASSED] - Text '' is set on object 'Object Repository/RAD_Pages/Taxpayer_Page/input_BusinessRepsuffix'

2024-11-07 21:26:14 - [MESSAGE][PASSED] - rad.getSetDataRAD.setDataRADBusinessRep is PASSED

2024-11-07 21:26:14 - [TEST_STEP][PASSED] - rad.getSetDataRAD.setDataRADAddress(): rad.getSetDataRAD.setDataRADAddress is PASSED

2024-11-07 21:26:15 - [MESSAGE][PASSED] - All options with label 'United States' are selected in object 'Object Repository/RAD_Pages/AddressAndContactInfo_Page/select_Country' 

2024-11-07 21:26:16 - [MESSAGE][PASSED] - Text '2508 Mandan Terrace' is set on object 'Object Repository/RAD_Pages/AddressAndContactInfo_Page/input_streetAddress1'

2024-11-07 21:26:16 - [MESSAGE][PASSED] - Text '' is set on object 'Object Repository/RAD_Pages/AddressAndContactInfo_Page/input_streetAddress2'

2024-11-07 21:26:17 - [MESSAGE][PASSED] - Text 'Gambrills' is set on object 'Object Repository/RAD_Pages/AddressAndContactInfo_Page/input_city'

2024-11-07 21:26:18 - [MESSAGE][PASSED] - All options with label 'Maryland' are selected in object 'Object Repository/RAD_Pages/AddressAndContactInfo_Page/select_State' 

2024-11-07 21:26:19 - [MESSAGE][PASSED] - Text '21054' is set on object 'Object Repository/RAD_Pages/AddressAndContactInfo_Page/input_zipCode'

2024-11-07 21:26:20 - [MESSAGE][PASSED] - Text '(703) 894-5000' is set on object 'Object Repository/RAD_Pages/AddressAndContactInfo_Page/input_phoneNumber'

2024-11-07 21:26:21 - [MESSAGE][PASSED] - Text 'iahmed@govolution.com' is set on object 'Object Repository/RAD_Pages/AddressAndContactInfo_Page/input_eMailAddress'

2024-11-07 21:26:21 - [MESSAGE][PASSED] - Text 'iahmed@govolution.com' is set on object 'Object Repository/RAD_Pages/AddressAndContactInfo_Page/input_reEnterEMailAddress'

2024-11-07 21:26:21 - [MESSAGE][PASSED] - rad.getSetDataRAD.setDataRADAddress is PASSED

2024-11-07 21:26:21 - [TEST_STEP][PASSED] - if (feinSSN.equalsIgnoreCase("Y")): null

2024-11-07 21:26:21 - [TEST_STEP][PASSED] - else: Text ****** has been set on object 'Object Repository/RAD_Pages/TaxInfo_Page/input_FederalEIN_ReEnter'

2024-11-07 21:26:21 - [TEST_STEP][PASSED] - if (!(TaxType.equalsIgnoreCase("Estate Tax"))): Text ****** has been set on object 'Object Repository/RAD_Pages/TaxInfo_Page/input_FederalEIN_ReEnter'

2024-11-07 21:26:21 - [TEST_STEP][PASSED] - setEncryptedText(findTestObject(orPath_TaxInfo + "/input_FederalEIN"), "yXB7JMCbD3QoFF75EQd3iw=="): Text ****** has been set on object 'Object Repository/RAD_Pages/TaxInfo_Page/input_FederalEIN'

2024-11-07 21:26:22 - [MESSAGE][PASSED] - Text ****** has been set on object 'Object Repository/RAD_Pages/TaxInfo_Page/input_FederalEIN'

2024-11-07 21:26:22 - [TEST_STEP][PASSED] - setEncryptedText(findTestObject(orPath_TaxInfo + "/input_FederalEIN_ReEnter"), "yXB7JMCbD3QoFF75EQd3iw=="): Text ****** has been set on object 'Object Repository/RAD_Pages/TaxInfo_Page/input_FederalEIN_ReEnter'

2024-11-07 21:26:23 - [MESSAGE][PASSED] - Text ****** has been set on object 'Object Repository/RAD_Pages/TaxInfo_Page/input_FederalEIN_ReEnter'

2024-11-07 21:26:23 - [TEST_STEP][PASSED] - if (CRN.equalsIgnoreCase("Y")): rad.getSetDataRAD.setDataRADMDCRN is PASSED

2024-11-07 21:26:23 - [TEST_STEP][PASSED] - rad.getSetDataRAD.setDataRADMDCRN(): rad.getSetDataRAD.setDataRADMDCRN is PASSED

2024-11-07 21:26:23 - [MESSAGE][PASSED] - Text '07640126' is set on object 'Object Repository/RAD_Pages/TaxInfo_Page/input_MDCRegistration'

2024-11-07 21:26:23 - [MESSAGE][PASSED] - rad.getSetDataRAD.setDataRADMDCRN is PASSED

2024-11-07 21:26:23 - [TEST_STEP][PASSED] - if (MFLicNum.equalsIgnoreCase("Y")): null

2024-11-07 21:26:23 - [TEST_STEP][PASSED] - if (TaxType.equalsIgnoreCase("Estate Tax")): null

2024-11-07 21:26:23 - [TEST_STEP][PASSED] - setText(findTestObject(orPath_Amount + "/input__paymentAmount"), "100.00"): Text '100.00' is set on object 'Object Repository/RAD_Pages/PaymentAmount_Page/input__paymentAmount'

2024-11-07 21:26:24 - [MESSAGE][PASSED] - Text '100.00' is set on object 'Object Repository/RAD_Pages/PaymentAmount_Page/input__paymentAmount'

2024-11-07 21:26:24 - [TEST_STEP][PASSED] - setText(findTestObject(orPath_AddressContact + "/input_streetAddress2"), ""): Text '' is set on object 'Object Repository/RAD_Pages/AddressAndContactInfo_Page/input_streetAddress2'

2024-11-07 21:26:25 - [MESSAGE][PASSED] - Text '' is set on object 'Object Repository/RAD_Pages/AddressAndContactInfo_Page/input_streetAddress2'

2024-11-07 21:26:25 - [TEST_STEP][PASSED] - scrollToElement(findTestObject(orPath_Landing + "/button_Continue"), 3): Scroll to object 'Object Repository/RAD_Pages/Landing_Page/button_Continue' successfully

2024-11-07 21:26:25 - [MESSAGE][PASSED] - Scroll to object 'Object Repository/RAD_Pages/Landing_Page/button_Continue' successfully

2024-11-07 21:26:25 - [TEST_STEP][PASSED] - waitForElementClickable(findTestObject(orPath_Landing + "/button_Continue"), 5): Object 'Object Repository/RAD_Pages/Landing_Page/button_Continue' is clickable

2024-11-07 21:26:25 - [MESSAGE][PASSED] - Object 'Object Repository/RAD_Pages/Landing_Page/button_Continue' is clickable

2024-11-07 21:26:25 - [TEST_STEP][PASSED] - click(findTestObject(orPath_Landing + "/button_Continue")): Object: 'Object Repository/RAD_Pages/Landing_Page/button_Continue' is clicked on

2024-11-07 21:26:26 - [MESSAGE][PASSED] - Object: 'Object Repository/RAD_Pages/Landing_Page/button_Continue' is clicked on

2024-11-07 21:26:26 - [TEST_STEP][PASSED] - delay(2): Delayed 2 second(s)

2024-11-07 21:26:28 - [MESSAGE][PASSED] - Delayed 2 second(s)

2024-11-07 21:26:28 - [TEST_STEP][PASSED] - verifyTextPresent("Summary", true): Text 'Summary' is present on page  using regular expression

2024-11-07 21:26:28 - [MESSAGE][PASSED] - Text 'Summary' is present on page  using regular expression

2024-11-07 21:26:28 - [TEST_STEP][PASSED] - verifyTextPresent("Review the information below and make any necessary corrections by clicking the", true): Text 'Review the information below and make any necessary corrections by clicking the' is present on page  using regular expression

2024-11-07 21:26:29 - [MESSAGE][PASSED] - Text 'Review the information below and make any necessary corrections by clicking the' is present on page  using regular expression

2024-11-07 21:26:29 - [TEST_STEP][PASSED] - verifyTextPresent("When you are confident that all the information is correct, click the", true): Text 'When you are confident that all the information is correct, click the' is present on page  using regular expression

2024-11-07 21:26:29 - [MESSAGE][PASSED] - Text 'When you are confident that all the information is correct, click the' is present on page  using regular expression

2024-11-07 21:26:29 - [TEST_STEP][PASSED] - verifyTextPresent("Payment Type/Filing Year", true): Text 'Payment Type/Filing Year' is present on page  using regular expression

2024-11-07 21:26:29 - [MESSAGE][PASSED] - Text 'Payment Type/Filing Year' is present on page  using regular expression

2024-11-07 21:26:29 - [TEST_STEP][PASSED] - verifyTextPresent("Payment Type:", true): Text 'Payment Type:' is present on page  using regular expression

2024-11-07 21:26:29 - [MESSAGE][PASSED] - Text 'Payment Type:' is present on page  using regular expression

2024-11-07 21:26:29 - [TEST_STEP][PASSED] - verifyTextPresent("New Tax Return Amount Due", true): Text 'New Tax Return Amount Due' is present on page  using regular expression

2024-11-07 21:26:30 - [MESSAGE][PASSED] - Text 'New Tax Return Amount Due' is present on page  using regular expression

2024-11-07 21:26:30 - [TEST_STEP][PASSED] - verifyTextPresent("Filing Year:", true): Text 'Filing Year:' is present on page  using regular expression

2024-11-07 21:26:30 - [MESSAGE][PASSED] - Text 'Filing Year:' is present on page  using regular expression

2024-11-07 21:26:30 - [TEST_STEP][PASSED] - verifyTextPresent(FilingYear, true): Text '2024' is present on page  using regular expression

2024-11-07 21:26:30 - [MESSAGE][PASSED] - Text '2024' is present on page  using regular expression

2024-11-07 21:26:30 - [TEST_STEP][PASSED] - verifyTextPresent("Payer Information", true): Text 'Payer Information' is present on page  using regular expression

2024-11-07 21:26:31 - [MESSAGE][PASSED] - Text 'Payer Information' is present on page  using regular expression

2024-11-07 21:26:31 - [TEST_STEP][PASSED] - verifyTextPresent("Taxpayer Name:", true): Text 'Taxpayer Name:' is present on page  using regular expression

2024-11-07 21:26:31 - [MESSAGE][PASSED] - Text 'Taxpayer Name:' is present on page  using regular expression

2024-11-07 21:26:31 - [TEST_STEP][PASSED] - verifyTextPresent("My Company", true): Text 'My Company' is present on page  using regular expression

2024-11-07 21:26:31 - [MESSAGE][PASSED] - Text 'My Company' is present on page  using regular expression

2024-11-07 21:26:31 - [TEST_STEP][PASSED] - verifyTextPresent("Business Rep Name:", true): Text 'Business Rep Name:' is present on page  using regular expression

2024-11-07 21:26:32 - [MESSAGE][PASSED] - Text 'Business Rep Name:' is present on page  using regular expression

2024-11-07 21:26:32 - [TEST_STEP][PASSED] - verifyTextPresent("BusRepFname BusRepLname", true): Text 'BusRepFname BusRepLname' is present on page  using regular expression

2024-11-07 21:26:32 - [MESSAGE][PASSED] - Text 'BusRepFname BusRepLname' is present on page  using regular expression

2024-11-07 21:26:32 - [TEST_STEP][PASSED] - verifyTextPresent("Taxpayer Address:", true): Text 'Taxpayer Address:' is present on page  using regular expression

2024-11-07 21:26:32 - [MESSAGE][PASSED] - Text 'Taxpayer Address:' is present on page  using regular expression

2024-11-07 21:26:32 - [TEST_STEP][PASSED] - verifyTextPresent("2508 Mandan Terrace Gambrills Maryland 21054", true): Text '2508 Mandan Terrace Gambrills Maryland 21054' is present on page  using regular expression

2024-11-07 21:26:33 - [MESSAGE][PASSED] - Text '2508 Mandan Terrace Gambrills Maryland 21054' is present on page  using regular expression

2024-11-07 21:26:33 - [TEST_STEP][PASSED] - verifyTextPresent("Email:", true): Text 'Email:' is present on page  using regular expression

2024-11-07 21:26:33 - [MESSAGE][PASSED] - Text 'Email:' is present on page  using regular expression

2024-11-07 21:26:33 - [TEST_STEP][PASSED] - verifyTextPresent("iahmed@govolution.com", true): Text 'iahmed@govolution.com' is present on page  using regular expression

2024-11-07 21:26:33 - [MESSAGE][PASSED] - Text 'iahmed@govolution.com' is present on page  using regular expression

2024-11-07 21:26:33 - [TEST_STEP][PASSED] - verifyTextPresent("Phone:", true): Text 'Phone:' is present on page  using regular expression

2024-11-07 21:26:34 - [MESSAGE][PASSED] - Text 'Phone:' is present on page  using regular expression

2024-11-07 21:26:34 - [TEST_STEP][PASSED] - verifyTextPresent("(703) 894-5000", false): Text '(703) 894-5000' is present on page 

2024-11-07 21:26:34 - [MESSAGE][PASSED] - Text '(703) 894-5000' is present on page 

2024-11-07 21:26:34 - [TEST_STEP][PASSED] - verifyTextPresent("Tax Information", true): Text 'Tax Information' is present on page  using regular expression

2024-11-07 21:26:34 - [MESSAGE][PASSED] - Text 'Tax Information' is present on page  using regular expression

2024-11-07 21:26:34 - [TEST_STEP][PASSED] - verifyTextNotPresent("Notice Number", true): Text 'Notice Number' is not present on page using regular expression

2024-11-07 21:26:35 - [MESSAGE][PASSED] - Text 'Notice Number' is not present on page using regular expression

2024-11-07 21:26:35 - [TEST_STEP][PASSED] - if (month.trim()): Text 'August' is present on page  using regular expression

2024-11-07 21:26:35 - [TEST_STEP][PASSED] - verifyTextPresent("Period Ending", true): Text 'Period Ending' is present on page  using regular expression

2024-11-07 21:26:35 - [MESSAGE][PASSED] - Text 'Period Ending' is present on page  using regular expression

2024-11-07 21:26:35 - [TEST_STEP][PASSED] - verifyTextPresent(month, true): Text 'August' is present on page  using regular expression

2024-11-07 21:26:35 - [MESSAGE][PASSED] - Text 'August' is present on page  using regular expression

2024-11-07 21:26:35 - [TEST_STEP][PASSED] - if (feinSSN.equalsIgnoreCase("Y")): null

2024-11-07 21:26:35 - [TEST_STEP][PASSED] - else: Text 'XXXXXXX87' is present on page  using regular expression

2024-11-07 21:26:35 - [TEST_STEP][PASSED] - if (!(TaxType.equalsIgnoreCase("Estate Tax"))): Text 'XXXXXXX87' is present on page  using regular expression

2024-11-07 21:26:35 - [TEST_STEP][PASSED] - verifyTextPresent("Federal EIN:", true): Text 'Federal EIN:' is present on page  using regular expression

2024-11-07 21:26:36 - [MESSAGE][PASSED] - Text 'Federal EIN:' is present on page  using regular expression

2024-11-07 21:26:36 - [TEST_STEP][PASSED] - verifyTextNotPresent("FEIN/SSN:", true): Text 'FEIN/SSN:' is not present on page using regular expression

2024-11-07 21:26:36 - [MESSAGE][PASSED] - Text 'FEIN/SSN:' is not present on page using regular expression

2024-11-07 21:26:36 - [TEST_STEP][PASSED] - verifyTextPresent("XXXXXXX87", true): Text 'XXXXXXX87' is present on page  using regular expression

2024-11-07 21:26:36 - [MESSAGE][PASSED] - Text 'XXXXXXX87' is present on page  using regular expression

2024-11-07 21:26:36 - [TEST_STEP][PASSED] - if (TaxType.equalsIgnoreCase("Estate Tax")): null

2024-11-07 21:26:36 - [TEST_STEP][PASSED] - if (CRN.equalsIgnoreCase("Y")): Text '07640126' is present on page  using regular expression

2024-11-07 21:26:36 - [TEST_STEP][PASSED] - verifyTextPresent("MD Central Registration Number#:", true): Text 'MD Central Registration Number#:' is present on page  using regular expression

2024-11-07 21:26:37 - [MESSAGE][PASSED] - Text 'MD Central Registration Number#:' is present on page  using regular expression

2024-11-07 21:26:37 - [TEST_STEP][PASSED] - verifyTextPresent("07640126", true): Text '07640126' is present on page  using regular expression

2024-11-07 21:26:37 - [MESSAGE][PASSED] - Text '07640126' is present on page  using regular expression

2024-11-07 21:26:37 - [TEST_STEP][PASSED] - if (MFLicNum.equalsIgnoreCase("Y")): null

2024-11-07 21:26:37 - [TEST_STEP][PASSED] - else: Text 'Motor Fuel License Number#:' is not present on page using regular expression

2024-11-07 21:26:37 - [TEST_STEP][PASSED] - verifyTextNotPresent("Motor Fuel License Number#:", true): Text 'Motor Fuel License Number#:' is not present on page using regular expression

2024-11-07 21:26:37 - [MESSAGE][PASSED] - Text 'Motor Fuel License Number#:' is not present on page using regular expression

2024-11-07 21:26:37 - [TEST_STEP][PASSED] - verifyTextPresent("Payment Amount:", true): Text 'Payment Amount:' is present on page  using regular expression

2024-11-07 21:26:38 - [MESSAGE][PASSED] - Text 'Payment Amount:' is present on page  using regular expression

2024-11-07 21:26:38 - [TEST_STEP][PASSED] - verifyTextPresent("100.00", true): Text '100.00' is present on page  using regular expression

2024-11-07 21:26:38 - [MESSAGE][PASSED] - Text '100.00' is present on page  using regular expression

2024-11-07 21:26:38 - [TEST_STEP][PASSED] - if (verifyElementVisible(findTestObject(orPath_Summary + "/button_Proceed to Payment"))): null

2024-11-07 21:26:38 - [MESSAGE][PASSED] - Object 'Object Repository/RAD_Pages/Summary_Page/button_Proceed to Payment' is visible

2024-11-07 21:26:38 - [TEST_STEP][PASSED] - resText = "Pass": null

2024-11-07 21:26:38 - [TEST_STEP][PASSED] - pages.WriteExcel.demoKey(resText, datText, resColumn, datCloumn, fileLoc, nameSheet, row): pages.WriteExcel.demoKey is PASSED

2024-11-07 21:26:38 - [MESSAGE][PASSED] - pages.WriteExcel.demoKey is PASSED

2024-11-07 21:26:38 - [TEST_STEP][PASSED] - click(findTestObject(orPath_Summary + "/button_Proceed to Payment")): Object: 'Object Repository/RAD_Pages/Summary_Page/button_Proceed to Payment' is clicked on

2024-11-07 21:26:42 - [MESSAGE][PASSED] - Object: 'Object Repository/RAD_Pages/Summary_Page/button_Proceed to Payment' is clicked on

2024-11-07 21:26:42 - [TEST_STEP][PASSED] - verifyElementPresent(findTestObject("Object Repository/RAD_Pages/PaymentEntry_Page/input__billingName"), 30): Object 'Object Repository/RAD_Pages/PaymentEntry_Page/input__billingName' is present

2024-11-07 21:26:42 - [MESSAGE][PASSED] - Object 'Object Repository/RAD_Pages/PaymentEntry_Page/input__billingName' is present

2024-11-07 21:26:42 - [TEST_STEP][PASSED] - ExecuteTC = findTestData(dataFile).getValue("Execute", row): null

2024-11-07 21:26:42 - [TEST_STEP][PASSED] - TaxType = findTestData(dataFile).getValue("TaxType", row): null

2024-11-07 21:26:42 - [TEST_STEP][PASSED] - PaymentType = findTestData(dataFile).getValue("PaymentType", row): null

2024-11-07 21:26:42 - [TEST_STEP][PASSED] - FilingYear = findTestData(dataFile).getValue("Year", row): null

2024-11-07 21:26:43 - [TEST_STEP][PASSED] - feinSSN = findTestData(dataFile).getValue("FeinSsn", row): null

2024-11-07 21:26:43 - [TEST_STEP][PASSED] - CRN = findTestData(dataFile).getValue("CRN", row): null

2024-11-07 21:26:43 - [TEST_STEP][PASSED] - month = findTestData(dataFile).getValue("Month", row): null

2024-11-07 21:26:43 - [TEST_STEP][PASSED] - MFLicNum = findTestData(dataFile).getValue("MFLicNum", row): null

2024-11-07 21:26:43 - [TEST_STEP][PASSED] - if (ExecuteTC.equalsIgnoreCase("Y")): Object 'Object Repository/RAD_Pages/PaymentEntry_Page/input__billingName' is present

2024-11-07 21:26:43 - [TEST_STEP][PASSED] - out.println("Begin Record Number: " + row): null

2024-11-07 21:26:43 - [TEST_STEP][PASSED] - today = new java.util.Date(): null

2024-11-07 21:26:43 - [TEST_STEP][PASSED] - println(today): null

2024-11-07 21:26:43 - [TEST_STEP][PASSED] - datText = today: null

2024-11-07 21:26:43 - [TEST_STEP][PASSED] - logInfo("Payment Type: New Tax Return Amount Due"): Payment Type: New Tax Return Amount Due

2024-11-07 21:26:43 - [MESSAGE][INFO] - Payment Type: New Tax Return Amount Due

2024-11-07 21:26:43 - [TEST_STEP][PASSED] - logInfo("Tax Type: " + TaxType): Tax Type: Withholding Tax

2024-11-07 21:26:43 - [MESSAGE][INFO] - Tax Type: Withholding Tax

2024-11-07 21:26:43 - [TEST_STEP][PASSED] - openBrowser(""): Browser is opened with url: ''

2024-11-07 21:26:43 - [MESSAGE][WARNING] - A browser is already opened. Closing browser and opening a new one

2024-11-07 21:26:44 - [MESSAGE][INFO] - Starting 'Chrome' driver

2024-11-07 21:26:44 - [MESSAGE][INFO] - User set preference: ['acceptInsecureCerts', 'true']

2024-11-07 21:26:44 - [MESSAGE][INFO] - Action delay is set to 0 milliseconds

2024-11-07 21:26:46 - [MESSAGE][PASSED] - Browser is opened with url: ''

2024-11-07 21:26:46 - [TEST_STEP][PASSED] - maximizeWindow(): Current window maximized

2024-11-07 21:26:46 - [MESSAGE][PASSED] - Current window maximized

2024-11-07 21:26:46 - [TEST_STEP][PASSED] - navigateToUrl(RADurl): Navigate to 'https://www.velocitypayment.com/client/rad/index.html' successfully

2024-11-07 21:26:48 - [MESSAGE][PASSED] - Navigate to 'https://www.velocitypayment.com/client/rad/index.html' successfully

2024-11-07 21:26:48 - [TEST_STEP][PASSED] - selectOptionByLabel(findTestObject(orPath_Landing + "/dd_TaxType"), "New Tax Return Amount Due", false): All options with label 'New Tax Return Amount Due' are selected in object 'Object Repository/RAD_Pages/Landing_Page/dd_TaxType' 

2024-11-07 21:26:49 - [MESSAGE][PASSED] - All options with label 'New Tax Return Amount Due' are selected in object 'Object Repository/RAD_Pages/Landing_Page/dd_TaxType' 

2024-11-07 21:26:49 - [TEST_STEP][PASSED] - selectOptionByLabel(findTestObject("Object Repository/RAD_Pages/Landing_Page/select_NewTaxReturnAmountDue_TaxType"), TaxType, false): All options with label 'Withholding Tax' are selected in object 'Object Repository/RAD_Pages/Landing_Page/select_NewTaxReturnAmountDue_TaxType' 

2024-11-07 21:26:50 - [MESSAGE][PASSED] - All options with label 'Withholding Tax' are selected in object 'Object Repository/RAD_Pages/Landing_Page/select_NewTaxReturnAmountDue_TaxType' 

2024-11-07 21:26:50 - [TEST_STEP][PASSED] - selectOptionByLabel(findTestObject(orPath_TaxTypeFilingYear + "/select_FilingYear"), FilingYear, false): All options with label '2024' are selected in object 'Object Repository/RAD_Pages/TaxTypeFilingYear_Page/select_FilingYear' 

2024-11-07 21:26:50 - [MESSAGE][PASSED] - All options with label '2024' are selected in object 'Object Repository/RAD_Pages/TaxTypeFilingYear_Page/select_FilingYear' 

2024-11-07 21:26:50 - [TEST_STEP][PASSED] - if (month.trim()): All options with label 'May' are selected in object 'Object Repository/RAD_Pages/TaxTypeFilingYear_Page/select_PeriodEnding' 

2024-11-07 21:26:50 - [TEST_STEP][PASSED] - selectOptionByLabel(findTestObject(orPath_TaxTypeFilingYear + "/select_PeriodEnding"), month, false): All options with label 'May' are selected in object 'Object Repository/RAD_Pages/TaxTypeFilingYear_Page/select_PeriodEnding' 

2024-11-07 21:26:51 - [MESSAGE][PASSED] - All options with label 'May' are selected in object 'Object Repository/RAD_Pages/TaxTypeFilingYear_Page/select_PeriodEnding' 

2024-11-07 21:26:51 - [TEST_STEP][PASSED] - rad.getSetDataRAD.setDataRADBusinessName(): rad.getSetDataRAD.setDataRADBusinessName is PASSED

2024-11-07 21:26:52 - [MESSAGE][PASSED] - Text 'My Company' is set on object 'Object Repository/RAD_Pages/Taxpayer_Page/input_businessName'

2024-11-07 21:26:52 - [MESSAGE][PASSED] - rad.getSetDataRAD.setDataRADBusinessName is PASSED

2024-11-07 21:26:52 - [TEST_STEP][PASSED] - rad.getSetDataRAD.setDataRADBusinessRep(): rad.getSetDataRAD.setDataRADBusinessRep is PASSED

2024-11-07 21:26:53 - [MESSAGE][PASSED] - Text 'BusRepFname' is set on object 'Object Repository/RAD_Pages/Taxpayer_Page/input_BusinessRepfirstName'

2024-11-07 21:26:53 - [MESSAGE][PASSED] - Text '' is set on object 'Object Repository/RAD_Pages/Taxpayer_Page/input_BusinessRepmiddleName'

2024-11-07 21:26:54 - [MESSAGE][PASSED] - Text 'BusRepLname' is set on object 'Object Repository/RAD_Pages/Taxpayer_Page/input_BusinessReplastName'

2024-11-07 21:26:55 - [MESSAGE][PASSED] - Text '' is set on object 'Object Repository/RAD_Pages/Taxpayer_Page/input_BusinessRepsuffix'

2024-11-07 21:26:55 - [MESSAGE][PASSED] - rad.getSetDataRAD.setDataRADBusinessRep is PASSED

2024-11-07 21:26:55 - [TEST_STEP][PASSED] - rad.getSetDataRAD.setDataRADAddress(): rad.getSetDataRAD.setDataRADAddress is PASSED

2024-11-07 21:26:55 - [MESSAGE][PASSED] - All options with label 'United States' are selected in object 'Object Repository/RAD_Pages/AddressAndContactInfo_Page/select_Country' 

2024-11-07 21:26:56 - [MESSAGE][PASSED] - Text '2508 Mandan Terrace' is set on object 'Object Repository/RAD_Pages/AddressAndContactInfo_Page/input_streetAddress1'

2024-11-07 21:26:57 - [MESSAGE][PASSED] - Text '' is set on object 'Object Repository/RAD_Pages/AddressAndContactInfo_Page/input_streetAddress2'

2024-11-07 21:26:58 - [MESSAGE][PASSED] - Text 'Gambrills' is set on object 'Object Repository/RAD_Pages/AddressAndContactInfo_Page/input_city'

2024-11-07 21:26:58 - [MESSAGE][PASSED] - All options with label 'Maryland' are selected in object 'Object Repository/RAD_Pages/AddressAndContactInfo_Page/select_State' 

2024-11-07 21:26:59 - [MESSAGE][PASSED] - Text '21054' is set on object 'Object Repository/RAD_Pages/AddressAndContactInfo_Page/input_zipCode'

2024-11-07 21:27:00 - [MESSAGE][PASSED] - Text '(703) 894-5000' is set on object 'Object Repository/RAD_Pages/AddressAndContactInfo_Page/input_phoneNumber'

2024-11-07 21:27:01 - [MESSAGE][PASSED] - Text 'iahmed@govolution.com' is set on object 'Object Repository/RAD_Pages/AddressAndContactInfo_Page/input_eMailAddress'

2024-11-07 21:27:02 - [MESSAGE][PASSED] - Text 'iahmed@govolution.com' is set on object 'Object Repository/RAD_Pages/AddressAndContactInfo_Page/input_reEnterEMailAddress'

2024-11-07 21:27:02 - [MESSAGE][PASSED] - rad.getSetDataRAD.setDataRADAddress is PASSED

2024-11-07 21:27:02 - [TEST_STEP][PASSED] - if (feinSSN.equalsIgnoreCase("Y")): null

2024-11-07 21:27:02 - [TEST_STEP][PASSED] - else: Text ****** has been set on object 'Object Repository/RAD_Pages/TaxInfo_Page/input_FederalEIN_ReEnter'

2024-11-07 21:27:02 - [TEST_STEP][PASSED] - if (!(TaxType.equalsIgnoreCase("Estate Tax"))): Text ****** has been set on object 'Object Repository/RAD_Pages/TaxInfo_Page/input_FederalEIN_ReEnter'

2024-11-07 21:27:02 - [TEST_STEP][PASSED] - setEncryptedText(findTestObject(orPath_TaxInfo + "/input_FederalEIN"), "yXB7JMCbD3QoFF75EQd3iw=="): Text ****** has been set on object 'Object Repository/RAD_Pages/TaxInfo_Page/input_FederalEIN'

2024-11-07 21:27:03 - [MESSAGE][PASSED] - Text ****** has been set on object 'Object Repository/RAD_Pages/TaxInfo_Page/input_FederalEIN'

2024-11-07 21:27:03 - [TEST_STEP][PASSED] - setEncryptedText(findTestObject(orPath_TaxInfo + "/input_FederalEIN_ReEnter"), "yXB7JMCbD3QoFF75EQd3iw=="): Text ****** has been set on object 'Object Repository/RAD_Pages/TaxInfo_Page/input_FederalEIN_ReEnter'

2024-11-07 21:27:03 - [MESSAGE][PASSED] - Text ****** has been set on object 'Object Repository/RAD_Pages/TaxInfo_Page/input_FederalEIN_ReEnter'

2024-11-07 21:27:03 - [TEST_STEP][PASSED] - if (CRN.equalsIgnoreCase("Y")): rad.getSetDataRAD.setDataRADMDCRN is PASSED

2024-11-07 21:27:03 - [TEST_STEP][PASSED] - rad.getSetDataRAD.setDataRADMDCRN(): rad.getSetDataRAD.setDataRADMDCRN is PASSED

2024-11-07 21:27:04 - [MESSAGE][PASSED] - Text '07640126' is set on object 'Object Repository/RAD_Pages/TaxInfo_Page/input_MDCRegistration'

2024-11-07 21:27:04 - [MESSAGE][PASSED] - rad.getSetDataRAD.setDataRADMDCRN is PASSED

2024-11-07 21:27:04 - [TEST_STEP][PASSED] - if (MFLicNum.equalsIgnoreCase("Y")): null

2024-11-07 21:27:04 - [TEST_STEP][PASSED] - if (TaxType.equalsIgnoreCase("Estate Tax")): null

2024-11-07 21:27:04 - [TEST_STEP][PASSED] - setText(findTestObject(orPath_Amount + "/input__paymentAmount"), "100.00"): Text '100.00' is set on object 'Object Repository/RAD_Pages/PaymentAmount_Page/input__paymentAmount'

2024-11-07 21:27:05 - [MESSAGE][PASSED] - Text '100.00' is set on object 'Object Repository/RAD_Pages/PaymentAmount_Page/input__paymentAmount'

2024-11-07 21:27:05 - [TEST_STEP][PASSED] - setText(findTestObject(orPath_AddressContact + "/input_streetAddress2"), ""): Text '' is set on object 'Object Repository/RAD_Pages/AddressAndContactInfo_Page/input_streetAddress2'

2024-11-07 21:27:05 - [MESSAGE][PASSED] - Text '' is set on object 'Object Repository/RAD_Pages/AddressAndContactInfo_Page/input_streetAddress2'

2024-11-07 21:27:05 - [TEST_STEP][PASSED] - scrollToElement(findTestObject(orPath_Landing + "/button_Continue"), 3): Scroll to object 'Object Repository/RAD_Pages/Landing_Page/button_Continue' successfully

2024-11-07 21:27:06 - [MESSAGE][PASSED] - Scroll to object 'Object Repository/RAD_Pages/Landing_Page/button_Continue' successfully

2024-11-07 21:27:06 - [TEST_STEP][PASSED] - waitForElementClickable(findTestObject(orPath_Landing + "/button_Continue"), 5): Object 'Object Repository/RAD_Pages/Landing_Page/button_Continue' is clickable

2024-11-07 21:27:06 - [MESSAGE][PASSED] - Object 'Object Repository/RAD_Pages/Landing_Page/button_Continue' is clickable

2024-11-07 21:27:06 - [TEST_STEP][PASSED] - click(findTestObject(orPath_Landing + "/button_Continue")): Object: 'Object Repository/RAD_Pages/Landing_Page/button_Continue' is clicked on

2024-11-07 21:27:07 - [MESSAGE][PASSED] - Object: 'Object Repository/RAD_Pages/Landing_Page/button_Continue' is clicked on

2024-11-07 21:27:07 - [TEST_STEP][PASSED] - delay(2): Delayed 2 second(s)

2024-11-07 21:27:09 - [MESSAGE][PASSED] - Delayed 2 second(s)

2024-11-07 21:27:09 - [TEST_STEP][PASSED] - verifyTextPresent("Summary", true): Text 'Summary' is present on page  using regular expression

2024-11-07 21:27:09 - [MESSAGE][PASSED] - Text 'Summary' is present on page  using regular expression

2024-11-07 21:27:09 - [TEST_STEP][PASSED] - verifyTextPresent("Review the information below and make any necessary corrections by clicking the", true): Text 'Review the information below and make any necessary corrections by clicking the' is present on page  using regular expression

2024-11-07 21:27:09 - [MESSAGE][PASSED] - Text 'Review the information below and make any necessary corrections by clicking the' is present on page  using regular expression

2024-11-07 21:27:09 - [TEST_STEP][PASSED] - verifyTextPresent("When you are confident that all the information is correct, click the", true): Text 'When you are confident that all the information is correct, click the' is present on page  using regular expression

2024-11-07 21:27:10 - [MESSAGE][PASSED] - Text 'When you are confident that all the information is correct, click the' is present on page  using regular expression

2024-11-07 21:27:10 - [TEST_STEP][PASSED] - verifyTextPresent("Payment Type/Filing Year", true): Text 'Payment Type/Filing Year' is present on page  using regular expression

2024-11-07 21:27:10 - [MESSAGE][PASSED] - Text 'Payment Type/Filing Year' is present on page  using regular expression

2024-11-07 21:27:10 - [TEST_STEP][PASSED] - verifyTextPresent("Payment Type:", true): Text 'Payment Type:' is present on page  using regular expression

2024-11-07 21:27:10 - [MESSAGE][PASSED] - Text 'Payment Type:' is present on page  using regular expression

2024-11-07 21:27:10 - [TEST_STEP][PASSED] - verifyTextPresent("New Tax Return Amount Due", true): Text 'New Tax Return Amount Due' is present on page  using regular expression

2024-11-07 21:27:11 - [MESSAGE][PASSED] - Text 'New Tax Return Amount Due' is present on page  using regular expression

2024-11-07 21:27:11 - [TEST_STEP][PASSED] - verifyTextPresent("Filing Year:", true): Text 'Filing Year:' is present on page  using regular expression

2024-11-07 21:27:11 - [MESSAGE][PASSED] - Text 'Filing Year:' is present on page  using regular expression

2024-11-07 21:27:11 - [TEST_STEP][PASSED] - verifyTextPresent(FilingYear, true): Text '2024' is present on page  using regular expression

2024-11-07 21:27:11 - [MESSAGE][PASSED] - Text '2024' is present on page  using regular expression

2024-11-07 21:27:11 - [TEST_STEP][PASSED] - verifyTextPresent("Payer Information", true): Text 'Payer Information' is present on page  using regular expression

2024-11-07 21:27:12 - [MESSAGE][PASSED] - Text 'Payer Information' is present on page  using regular expression

2024-11-07 21:27:12 - [TEST_STEP][PASSED] - verifyTextPresent("Taxpayer Name:", true): Text 'Taxpayer Name:' is present on page  using regular expression

2024-11-07 21:27:12 - [MESSAGE][PASSED] - Text 'Taxpayer Name:' is present on page  using regular expression

2024-11-07 21:27:12 - [TEST_STEP][PASSED] - verifyTextPresent("My Company", true): Text 'My Company' is present on page  using regular expression

2024-11-07 21:27:12 - [MESSAGE][PASSED] - Text 'My Company' is present on page  using regular expression

2024-11-07 21:27:12 - [TEST_STEP][PASSED] - verifyTextPresent("Business Rep Name:", true): Text 'Business Rep Name:' is present on page  using regular expression

2024-11-07 21:27:12 - [MESSAGE][PASSED] - Text 'Business Rep Name:' is present on page  using regular expression

2024-11-07 21:27:12 - [TEST_STEP][PASSED] - verifyTextPresent("BusRepFname BusRepLname", true): Text 'BusRepFname BusRepLname' is present on page  using regular expression

2024-11-07 21:27:13 - [MESSAGE][PASSED] - Text 'BusRepFname BusRepLname' is present on page  using regular expression

2024-11-07 21:27:13 - [TEST_STEP][PASSED] - verifyTextPresent("Taxpayer Address:", true): Text 'Taxpayer Address:' is present on page  using regular expression

2024-11-07 21:27:13 - [MESSAGE][PASSED] - Text 'Taxpayer Address:' is present on page  using regular expression

2024-11-07 21:27:13 - [TEST_STEP][PASSED] - verifyTextPresent("2508 Mandan Terrace Gambrills Maryland 21054", true): Text '2508 Mandan Terrace Gambrills Maryland 21054' is present on page  using regular expression

2024-11-07 21:27:13 - [MESSAGE][PASSED] - Text '2508 Mandan Terrace Gambrills Maryland 21054' is present on page  using regular expression

2024-11-07 21:27:13 - [TEST_STEP][PASSED] - verifyTextPresent("Email:", true): Text 'Email:' is present on page  using regular expression

2024-11-07 21:27:14 - [MESSAGE][PASSED] - Text 'Email:' is present on page  using regular expression

2024-11-07 21:27:14 - [TEST_STEP][PASSED] - verifyTextPresent("iahmed@govolution.com", true): Text 'iahmed@govolution.com' is present on page  using regular expression

2024-11-07 21:27:14 - [MESSAGE][PASSED] - Text 'iahmed@govolution.com' is present on page  using regular expression

2024-11-07 21:27:14 - [TEST_STEP][PASSED] - verifyTextPresent("Phone:", true): Text 'Phone:' is present on page  using regular expression

2024-11-07 21:27:14 - [MESSAGE][PASSED] - Text 'Phone:' is present on page  using regular expression

2024-11-07 21:27:14 - [TEST_STEP][PASSED] - verifyTextPresent("(703) 894-5000", false): Text '(703) 894-5000' is present on page 

2024-11-07 21:27:15 - [MESSAGE][PASSED] - Text '(703) 894-5000' is present on page 

2024-11-07 21:27:15 - [TEST_STEP][PASSED] - verifyTextPresent("Tax Information", true): Text 'Tax Information' is present on page  using regular expression

2024-11-07 21:27:15 - [MESSAGE][PASSED] - Text 'Tax Information' is present on page  using regular expression

2024-11-07 21:27:15 - [TEST_STEP][PASSED] - verifyTextNotPresent("Notice Number", true): Text 'Notice Number' is not present on page using regular expression

2024-11-07 21:27:15 - [MESSAGE][PASSED] - Text 'Notice Number' is not present on page using regular expression

2024-11-07 21:27:15 - [TEST_STEP][PASSED] - if (month.trim()): Text 'May' is present on page  using regular expression

2024-11-07 21:27:15 - [TEST_STEP][PASSED] - verifyTextPresent("Period Ending", true): Text 'Period Ending' is present on page  using regular expression

2024-11-07 21:27:16 - [MESSAGE][PASSED] - Text 'Period Ending' is present on page  using regular expression

2024-11-07 21:27:16 - [TEST_STEP][PASSED] - verifyTextPresent(month, true): Text 'May' is present on page  using regular expression

2024-11-07 21:27:16 - [MESSAGE][PASSED] - Text 'May' is present on page  using regular expression

2024-11-07 21:27:16 - [TEST_STEP][PASSED] - if (feinSSN.equalsIgnoreCase("Y")): null

2024-11-07 21:27:16 - [TEST_STEP][PASSED] - else: Text 'XXXXXXX87' is present on page  using regular expression

2024-11-07 21:27:16 - [TEST_STEP][PASSED] - if (!(TaxType.equalsIgnoreCase("Estate Tax"))): Text 'XXXXXXX87' is present on page  using regular expression

2024-11-07 21:27:16 - [TEST_STEP][PASSED] - verifyTextPresent("Federal EIN:", true): Text 'Federal EIN:' is present on page  using regular expression

2024-11-07 21:27:16 - [MESSAGE][PASSED] - Text 'Federal EIN:' is present on page  using regular expression

2024-11-07 21:27:16 - [TEST_STEP][PASSED] - verifyTextNotPresent("FEIN/SSN:", true): Text 'FEIN/SSN:' is not present on page using regular expression

2024-11-07 21:27:17 - [MESSAGE][PASSED] - Text 'FEIN/SSN:' is not present on page using regular expression

2024-11-07 21:27:17 - [TEST_STEP][PASSED] - verifyTextPresent("XXXXXXX87", true): Text 'XXXXXXX87' is present on page  using regular expression

2024-11-07 21:27:17 - [MESSAGE][PASSED] - Text 'XXXXXXX87' is present on page  using regular expression

2024-11-07 21:27:17 - [TEST_STEP][PASSED] - if (TaxType.equalsIgnoreCase("Estate Tax")): null

2024-11-07 21:27:17 - [TEST_STEP][PASSED] - if (CRN.equalsIgnoreCase("Y")): Text '07640126' is present on page  using regular expression

2024-11-07 21:27:17 - [TEST_STEP][PASSED] - verifyTextPresent("MD Central Registration Number#:", true): Text 'MD Central Registration Number#:' is present on page  using regular expression

2024-11-07 21:27:17 - [MESSAGE][PASSED] - Text 'MD Central Registration Number#:' is present on page  using regular expression

2024-11-07 21:27:17 - [TEST_STEP][PASSED] - verifyTextPresent("07640126", true): Text '07640126' is present on page  using regular expression

2024-11-07 21:27:18 - [MESSAGE][PASSED] - Text '07640126' is present on page  using regular expression

2024-11-07 21:27:18 - [TEST_STEP][PASSED] - if (MFLicNum.equalsIgnoreCase("Y")): null

2024-11-07 21:27:18 - [TEST_STEP][PASSED] - else: Text 'Motor Fuel License Number#:' is not present on page using regular expression

2024-11-07 21:27:18 - [TEST_STEP][PASSED] - verifyTextNotPresent("Motor Fuel License Number#:", true): Text 'Motor Fuel License Number#:' is not present on page using regular expression

2024-11-07 21:27:18 - [MESSAGE][PASSED] - Text 'Motor Fuel License Number#:' is not present on page using regular expression

2024-11-07 21:27:18 - [TEST_STEP][PASSED] - verifyTextPresent("Payment Amount:", true): Text 'Payment Amount:' is present on page  using regular expression

2024-11-07 21:27:18 - [MESSAGE][PASSED] - Text 'Payment Amount:' is present on page  using regular expression

2024-11-07 21:27:18 - [TEST_STEP][PASSED] - verifyTextPresent("100.00", true): Text '100.00' is present on page  using regular expression

2024-11-07 21:27:19 - [MESSAGE][PASSED] - Text '100.00' is present on page  using regular expression

2024-11-07 21:27:19 - [TEST_STEP][PASSED] - if (verifyElementVisible(findTestObject(orPath_Summary + "/button_Proceed to Payment"))): null

2024-11-07 21:27:19 - [MESSAGE][PASSED] - Object 'Object Repository/RAD_Pages/Summary_Page/button_Proceed to Payment' is visible

2024-11-07 21:27:19 - [TEST_STEP][PASSED] - resText = "Pass": null

2024-11-07 21:27:19 - [TEST_STEP][PASSED] - pages.WriteExcel.demoKey(resText, datText, resColumn, datCloumn, fileLoc, nameSheet, row): pages.WriteExcel.demoKey is PASSED

2024-11-07 21:27:19 - [MESSAGE][PASSED] - pages.WriteExcel.demoKey is PASSED

2024-11-07 21:27:19 - [TEST_STEP][PASSED] - click(findTestObject(orPath_Summary + "/button_Proceed to Payment")): Object: 'Object Repository/RAD_Pages/Summary_Page/button_Proceed to Payment' is clicked on

2024-11-07 21:27:23 - [MESSAGE][PASSED] - Object: 'Object Repository/RAD_Pages/Summary_Page/button_Proceed to Payment' is clicked on

2024-11-07 21:27:23 - [TEST_STEP][PASSED] - verifyElementPresent(findTestObject("Object Repository/RAD_Pages/PaymentEntry_Page/input__billingName"), 30): Object 'Object Repository/RAD_Pages/PaymentEntry_Page/input__billingName' is present

2024-11-07 21:27:24 - [MESSAGE][PASSED] - Object 'Object Repository/RAD_Pages/PaymentEntry_Page/input__billingName' is present

2024-11-07 21:27:24 - [TEST_STEP][PASSED] - ExecuteTC = findTestData(dataFile).getValue("Execute", row): null

2024-11-07 21:27:24 - [TEST_STEP][PASSED] - TaxType = findTestData(dataFile).getValue("TaxType", row): null

2024-11-07 21:27:24 - [TEST_STEP][PASSED] - PaymentType = findTestData(dataFile).getValue("PaymentType", row): null

2024-11-07 21:27:24 - [TEST_STEP][PASSED] - FilingYear = findTestData(dataFile).getValue("Year", row): null

2024-11-07 21:27:24 - [TEST_STEP][PASSED] - feinSSN = findTestData(dataFile).getValue("FeinSsn", row): null

2024-11-07 21:27:24 - [TEST_STEP][PASSED] - CRN = findTestData(dataFile).getValue("CRN", row): null

2024-11-07 21:27:24 - [TEST_STEP][PASSED] - month = findTestData(dataFile).getValue("Month", row): null

2024-11-07 21:27:24 - [TEST_STEP][PASSED] - MFLicNum = findTestData(dataFile).getValue("MFLicNum", row): null

2024-11-07 21:27:24 - [TEST_STEP][PASSED] - if (ExecuteTC.equalsIgnoreCase("Y")): Object 'Object Repository/RAD_Pages/PaymentEntry_Page/input__billingName' is present

2024-11-07 21:27:24 - [TEST_STEP][PASSED] - out.println("Begin Record Number: " + row): null

2024-11-07 21:27:24 - [TEST_STEP][PASSED] - today = new java.util.Date(): null

2024-11-07 21:27:24 - [TEST_STEP][PASSED] - println(today): null

2024-11-07 21:27:24 - [TEST_STEP][PASSED] - datText = today: null

2024-11-07 21:27:24 - [TEST_STEP][PASSED] - logInfo("Payment Type: New Tax Return Amount Due"): Payment Type: New Tax Return Amount Due

2024-11-07 21:27:24 - [MESSAGE][INFO] - Payment Type: New Tax Return Amount Due

2024-11-07 21:27:24 - [TEST_STEP][PASSED] - logInfo("Tax Type: " + TaxType): Tax Type: Admissions and Amusement Tax

2024-11-07 21:27:24 - [MESSAGE][INFO] - Tax Type: Admissions and Amusement Tax

2024-11-07 21:27:24 - [TEST_STEP][PASSED] - openBrowser(""): Browser is opened with url: ''

2024-11-07 21:27:24 - [MESSAGE][WARNING] - A browser is already opened. Closing browser and opening a new one

2024-11-07 21:27:26 - [MESSAGE][INFO] - Starting 'Chrome' driver

2024-11-07 21:27:26 - [MESSAGE][INFO] - User set preference: ['acceptInsecureCerts', 'true']

2024-11-07 21:27:26 - [MESSAGE][INFO] - Action delay is set to 0 milliseconds

2024-11-07 21:27:28 - [MESSAGE][PASSED] - Browser is opened with url: ''

2024-11-07 21:27:28 - [TEST_STEP][PASSED] - maximizeWindow(): Current window maximized

2024-11-07 21:27:28 - [MESSAGE][PASSED] - Current window maximized

2024-11-07 21:27:28 - [TEST_STEP][PASSED] - navigateToUrl(RADurl): Navigate to 'https://www.velocitypayment.com/client/rad/index.html' successfully

2024-11-07 21:27:28 - [MESSAGE][PASSED] - Navigate to 'https://www.velocitypayment.com/client/rad/index.html' successfully

2024-11-07 21:27:28 - [TEST_STEP][PASSED] - selectOptionByLabel(findTestObject(orPath_Landing + "/dd_TaxType"), "New Tax Return Amount Due", false): All options with label 'New Tax Return Amount Due' are selected in object 'Object Repository/RAD_Pages/Landing_Page/dd_TaxType' 

2024-11-07 21:27:31 - [MESSAGE][PASSED] - All options with label 'New Tax Return Amount Due' are selected in object 'Object Repository/RAD_Pages/Landing_Page/dd_TaxType' 

2024-11-07 21:27:31 - [TEST_STEP][PASSED] - selectOptionByLabel(findTestObject("Object Repository/RAD_Pages/Landing_Page/select_NewTaxReturnAmountDue_TaxType"), TaxType, false): All options with label 'Admissions and Amusement Tax' are selected in object 'Object Repository/RAD_Pages/Landing_Page/select_NewTaxReturnAmountDue_TaxType' 

2024-11-07 21:27:31 - [MESSAGE][PASSED] - All options with label 'Admissions and Amusement Tax' are selected in object 'Object Repository/RAD_Pages/Landing_Page/select_NewTaxReturnAmountDue_TaxType' 

2024-11-07 21:27:31 - [TEST_STEP][PASSED] - selectOptionByLabel(findTestObject(orPath_TaxTypeFilingYear + "/select_FilingYear"), FilingYear, false): All options with label '2023' are selected in object 'Object Repository/RAD_Pages/TaxTypeFilingYear_Page/select_FilingYear' 

2024-11-07 21:27:32 - [MESSAGE][PASSED] - All options with label '2023' are selected in object 'Object Repository/RAD_Pages/TaxTypeFilingYear_Page/select_FilingYear' 

2024-11-07 21:27:32 - [TEST_STEP][PASSED] - if (month.trim()): All options with label 'February' are selected in object 'Object Repository/RAD_Pages/TaxTypeFilingYear_Page/select_PeriodEnding' 

2024-11-07 21:27:32 - [TEST_STEP][PASSED] - selectOptionByLabel(findTestObject(orPath_TaxTypeFilingYear + "/select_PeriodEnding"), month, false): All options with label 'February' are selected in object 'Object Repository/RAD_Pages/TaxTypeFilingYear_Page/select_PeriodEnding' 

2024-11-07 21:27:33 - [MESSAGE][PASSED] - All options with label 'February' are selected in object 'Object Repository/RAD_Pages/TaxTypeFilingYear_Page/select_PeriodEnding' 

2024-11-07 21:27:33 - [TEST_STEP][PASSED] - rad.getSetDataRAD.setDataRADBusinessName(): rad.getSetDataRAD.setDataRADBusinessName is PASSED

2024-11-07 21:27:34 - [MESSAGE][PASSED] - Text 'My Company' is set on object 'Object Repository/RAD_Pages/Taxpayer_Page/input_businessName'

2024-11-07 21:27:34 - [MESSAGE][PASSED] - rad.getSetDataRAD.setDataRADBusinessName is PASSED

2024-11-07 21:27:34 - [TEST_STEP][PASSED] - rad.getSetDataRAD.setDataRADBusinessRep(): rad.getSetDataRAD.setDataRADBusinessRep is PASSED

2024-11-07 21:27:34 - [MESSAGE][PASSED] - Text 'BusRepFname' is set on object 'Object Repository/RAD_Pages/Taxpayer_Page/input_BusinessRepfirstName'

2024-11-07 21:27:35 - [MESSAGE][PASSED] - Text '' is set on object 'Object Repository/RAD_Pages/Taxpayer_Page/input_BusinessRepmiddleName'

2024-11-07 21:27:36 - [MESSAGE][PASSED] - Text 'BusRepLname' is set on object 'Object Repository/RAD_Pages/Taxpayer_Page/input_BusinessReplastName'

2024-11-07 21:27:37 - [MESSAGE][PASSED] - Text '' is set on object 'Object Repository/RAD_Pages/Taxpayer_Page/input_BusinessRepsuffix'

2024-11-07 21:27:37 - [MESSAGE][PASSED] - rad.getSetDataRAD.setDataRADBusinessRep is PASSED

2024-11-07 21:27:37 - [TEST_STEP][PASSED] - rad.getSetDataRAD.setDataRADAddress(): rad.getSetDataRAD.setDataRADAddress is PASSED

2024-11-07 21:27:37 - [MESSAGE][PASSED] - All options with label 'United States' are selected in object 'Object Repository/RAD_Pages/AddressAndContactInfo_Page/select_Country' 

2024-11-07 21:27:38 - [MESSAGE][PASSED] - Text '2508 Mandan Terrace' is set on object 'Object Repository/RAD_Pages/AddressAndContactInfo_Page/input_streetAddress1'

2024-11-07 21:27:39 - [MESSAGE][PASSED] - Text '' is set on object 'Object Repository/RAD_Pages/AddressAndContactInfo_Page/input_streetAddress2'

2024-11-07 21:27:40 - [MESSAGE][PASSED] - Text 'Gambrills' is set on object 'Object Repository/RAD_Pages/AddressAndContactInfo_Page/input_city'

2024-11-07 21:27:41 - [MESSAGE][PASSED] - All options with label 'Maryland' are selected in object 'Object Repository/RAD_Pages/AddressAndContactInfo_Page/select_State' 

2024-11-07 21:27:41 - [MESSAGE][PASSED] - Text '21054' is set on object 'Object Repository/RAD_Pages/AddressAndContactInfo_Page/input_zipCode'

2024-11-07 21:27:42 - [MESSAGE][PASSED] - Text '(703) 894-5000' is set on object 'Object Repository/RAD_Pages/AddressAndContactInfo_Page/input_phoneNumber'

2024-11-07 21:27:43 - [MESSAGE][PASSED] - Text 'iahmed@govolution.com' is set on object 'Object Repository/RAD_Pages/AddressAndContactInfo_Page/input_eMailAddress'

2024-11-07 21:27:44 - [MESSAGE][PASSED] - Text 'iahmed@govolution.com' is set on object 'Object Repository/RAD_Pages/AddressAndContactInfo_Page/input_reEnterEMailAddress'

2024-11-07 21:27:44 - [MESSAGE][PASSED] - rad.getSetDataRAD.setDataRADAddress is PASSED

2024-11-07 21:27:44 - [TEST_STEP][PASSED] - if (feinSSN.equalsIgnoreCase("Y")): null

2024-11-07 21:27:44 - [TEST_STEP][PASSED] - else: Text ****** has been set on object 'Object Repository/RAD_Pages/TaxInfo_Page/input_FederalEIN_ReEnter'

2024-11-07 21:27:44 - [TEST_STEP][PASSED] - if (!(TaxType.equalsIgnoreCase("Estate Tax"))): Text ****** has been set on object 'Object Repository/RAD_Pages/TaxInfo_Page/input_FederalEIN_ReEnter'

2024-11-07 21:27:44 - [TEST_STEP][PASSED] - setEncryptedText(findTestObject(orPath_TaxInfo + "/input_FederalEIN"), "yXB7JMCbD3QoFF75EQd3iw=="): Text ****** has been set on object 'Object Repository/RAD_Pages/TaxInfo_Page/input_FederalEIN'

2024-11-07 21:27:44 - [MESSAGE][PASSED] - Text ****** has been set on object 'Object Repository/RAD_Pages/TaxInfo_Page/input_FederalEIN'

2024-11-07 21:27:44 - [TEST_STEP][PASSED] - setEncryptedText(findTestObject(orPath_TaxInfo + "/input_FederalEIN_ReEnter"), "yXB7JMCbD3QoFF75EQd3iw=="): Text ****** has been set on object 'Object Repository/RAD_Pages/TaxInfo_Page/input_FederalEIN_ReEnter'

2024-11-07 21:27:45 - [MESSAGE][PASSED] - Text ****** has been set on object 'Object Repository/RAD_Pages/TaxInfo_Page/input_FederalEIN_ReEnter'

2024-11-07 21:27:45 - [TEST_STEP][PASSED] - if (CRN.equalsIgnoreCase("Y")): rad.getSetDataRAD.setDataRADMDCRN is PASSED

2024-11-07 21:27:45 - [TEST_STEP][PASSED] - rad.getSetDataRAD.setDataRADMDCRN(): rad.getSetDataRAD.setDataRADMDCRN is PASSED

2024-11-07 21:27:46 - [MESSAGE][PASSED] - Text '07640126' is set on object 'Object Repository/RAD_Pages/TaxInfo_Page/input_MDCRegistration'

2024-11-07 21:27:46 - [MESSAGE][PASSED] - rad.getSetDataRAD.setDataRADMDCRN is PASSED

2024-11-07 21:27:46 - [TEST_STEP][PASSED] - if (MFLicNum.equalsIgnoreCase("Y")): null

2024-11-07 21:27:46 - [TEST_STEP][PASSED] - if (TaxType.equalsIgnoreCase("Estate Tax")): null

2024-11-07 21:27:46 - [TEST_STEP][PASSED] - setText(findTestObject(orPath_Amount + "/input__paymentAmount"), "100.00"): Text '100.00' is set on object 'Object Repository/RAD_Pages/PaymentAmount_Page/input__paymentAmount'

2024-11-07 21:27:46 - [MESSAGE][PASSED] - Text '100.00' is set on object 'Object Repository/RAD_Pages/PaymentAmount_Page/input__paymentAmount'

2024-11-07 21:27:46 - [TEST_STEP][PASSED] - setText(findTestObject(orPath_AddressContact + "/input_streetAddress2"), ""): Text '' is set on object 'Object Repository/RAD_Pages/AddressAndContactInfo_Page/input_streetAddress2'

2024-11-07 21:27:47 - [MESSAGE][PASSED] - Text '' is set on object 'Object Repository/RAD_Pages/AddressAndContactInfo_Page/input_streetAddress2'

2024-11-07 21:27:47 - [TEST_STEP][PASSED] - scrollToElement(findTestObject(orPath_Landing + "/button_Continue"), 3): Scroll to object 'Object Repository/RAD_Pages/Landing_Page/button_Continue' successfully

2024-11-07 21:27:47 - [MESSAGE][PASSED] - Scroll to object 'Object Repository/RAD_Pages/Landing_Page/button_Continue' successfully

2024-11-07 21:27:47 - [TEST_STEP][PASSED] - waitForElementClickable(findTestObject(orPath_Landing + "/button_Continue"), 5): Object 'Object Repository/RAD_Pages/Landing_Page/button_Continue' is clickable

2024-11-07 21:27:48 - [MESSAGE][PASSED] - Object 'Object Repository/RAD_Pages/Landing_Page/button_Continue' is clickable

2024-11-07 21:27:48 - [TEST_STEP][PASSED] - click(findTestObject(orPath_Landing + "/button_Continue")): Object: 'Object Repository/RAD_Pages/Landing_Page/button_Continue' is clicked on

2024-11-07 21:27:48 - [MESSAGE][PASSED] - Object: 'Object Repository/RAD_Pages/Landing_Page/button_Continue' is clicked on

2024-11-07 21:27:48 - [TEST_STEP][PASSED] - delay(2): Delayed 2 second(s)

2024-11-07 21:27:50 - [MESSAGE][PASSED] - Delayed 2 second(s)

2024-11-07 21:27:50 - [TEST_STEP][PASSED] - verifyTextPresent("Summary", true): Text 'Summary' is present on page  using regular expression

2024-11-07 21:27:51 - [MESSAGE][PASSED] - Text 'Summary' is present on page  using regular expression

2024-11-07 21:27:51 - [TEST_STEP][PASSED] - verifyTextPresent("Review the information below and make any necessary corrections by clicking the", true): Text 'Review the information below and make any necessary corrections by clicking the' is present on page  using regular expression

2024-11-07 21:27:51 - [MESSAGE][PASSED] - Text 'Review the information below and make any necessary corrections by clicking the' is present on page  using regular expression

2024-11-07 21:27:51 - [TEST_STEP][PASSED] - verifyTextPresent("When you are confident that all the information is correct, click the", true): Text 'When you are confident that all the information is correct, click the' is present on page  using regular expression

2024-11-07 21:27:51 - [MESSAGE][PASSED] - Text 'When you are confident that all the information is correct, click the' is present on page  using regular expression

2024-11-07 21:27:51 - [TEST_STEP][PASSED] - verifyTextPresent("Payment Type/Filing Year", true): Text 'Payment Type/Filing Year' is present on page  using regular expression

2024-11-07 21:27:51 - [MESSAGE][PASSED] - Text 'Payment Type/Filing Year' is present on page  using regular expression

2024-11-07 21:27:51 - [TEST_STEP][PASSED] - verifyTextPresent("Payment Type:", true): Text 'Payment Type:' is present on page  using regular expression

2024-11-07 21:27:52 - [MESSAGE][PASSED] - Text 'Payment Type:' is present on page  using regular expression

2024-11-07 21:27:52 - [TEST_STEP][PASSED] - verifyTextPresent("New Tax Return Amount Due", true): Text 'New Tax Return Amount Due' is present on page  using regular expression

2024-11-07 21:27:52 - [MESSAGE][PASSED] - Text 'New Tax Return Amount Due' is present on page  using regular expression

2024-11-07 21:27:52 - [TEST_STEP][PASSED] - verifyTextPresent("Filing Year:", true): Text 'Filing Year:' is present on page  using regular expression

2024-11-07 21:27:52 - [MESSAGE][PASSED] - Text 'Filing Year:' is present on page  using regular expression

2024-11-07 21:27:52 - [TEST_STEP][PASSED] - verifyTextPresent(FilingYear, true): Text '2023' is present on page  using regular expression

2024-11-07 21:27:53 - [MESSAGE][PASSED] - Text '2023' is present on page  using regular expression

2024-11-07 21:27:53 - [TEST_STEP][PASSED] - verifyTextPresent("Payer Information", true): Text 'Payer Information' is present on page  using regular expression

2024-11-07 21:27:53 - [MESSAGE][PASSED] - Text 'Payer Information' is present on page  using regular expression

2024-11-07 21:27:53 - [TEST_STEP][PASSED] - verifyTextPresent("Taxpayer Name:", true): Text 'Taxpayer Name:' is present on page  using regular expression

2024-11-07 21:27:53 - [MESSAGE][PASSED] - Text 'Taxpayer Name:' is present on page  using regular expression

2024-11-07 21:27:53 - [TEST_STEP][PASSED] - verifyTextPresent("My Company", true): Text 'My Company' is present on page  using regular expression

2024-11-07 21:27:54 - [MESSAGE][PASSED] - Text 'My Company' is present on page  using regular expression

2024-11-07 21:27:54 - [TEST_STEP][PASSED] - verifyTextPresent("Business Rep Name:", true): Text 'Business Rep Name:' is present on page  using regular expression

2024-11-07 21:27:54 - [MESSAGE][PASSED] - Text 'Business Rep Name:' is present on page  using regular expression

2024-11-07 21:27:54 - [TEST_STEP][PASSED] - verifyTextPresent("BusRepFname BusRepLname", true): Text 'BusRepFname BusRepLname' is present on page  using regular expression

2024-11-07 21:27:54 - [MESSAGE][PASSED] - Text 'BusRepFname BusRepLname' is present on page  using regular expression

2024-11-07 21:27:54 - [TEST_STEP][PASSED] - verifyTextPresent("Taxpayer Address:", true): Text 'Taxpayer Address:' is present on page  using regular expression

2024-11-07 21:27:55 - [MESSAGE][PASSED] - Text 'Taxpayer Address:' is present on page  using regular expression

2024-11-07 21:27:55 - [TEST_STEP][PASSED] - verifyTextPresent("2508 Mandan Terrace Gambrills Maryland 21054", true): Text '2508 Mandan Terrace Gambrills Maryland 21054' is present on page  using regular expression

2024-11-07 21:27:55 - [MESSAGE][PASSED] - Text '2508 Mandan Terrace Gambrills Maryland 21054' is present on page  using regular expression

2024-11-07 21:27:55 - [TEST_STEP][PASSED] - verifyTextPresent("Email:", true): Text 'Email:' is present on page  using regular expression

2024-11-07 21:27:55 - [MESSAGE][PASSED] - Text 'Email:' is present on page  using regular expression

2024-11-07 21:27:55 - [TEST_STEP][PASSED] - verifyTextPresent("iahmed@govolution.com", true): Text 'iahmed@govolution.com' is present on page  using regular expression

2024-11-07 21:27:56 - [MESSAGE][PASSED] - Text 'iahmed@govolution.com' is present on page  using regular expression

2024-11-07 21:27:56 - [TEST_STEP][PASSED] - verifyTextPresent("Phone:", true): Text 'Phone:' is present on page  using regular expression

2024-11-07 21:27:56 - [MESSAGE][PASSED] - Text 'Phone:' is present on page  using regular expression

2024-11-07 21:27:56 - [TEST_STEP][PASSED] - verifyTextPresent("(703) 894-5000", false): Text '(703) 894-5000' is present on page 

2024-11-07 21:27:56 - [MESSAGE][PASSED] - Text '(703) 894-5000' is present on page 

2024-11-07 21:27:56 - [TEST_STEP][PASSED] - verifyTextPresent("Tax Information", true): Text 'Tax Information' is present on page  using regular expression

2024-11-07 21:27:57 - [MESSAGE][PASSED] - Text 'Tax Information' is present on page  using regular expression

2024-11-07 21:27:57 - [TEST_STEP][PASSED] - verifyTextNotPresent("Notice Number", true): Text 'Notice Number' is not present on page using regular expression

2024-11-07 21:27:57 - [MESSAGE][PASSED] - Text 'Notice Number' is not present on page using regular expression

2024-11-07 21:27:57 - [TEST_STEP][PASSED] - if (month.trim()): Text 'February' is present on page  using regular expression

2024-11-07 21:27:57 - [TEST_STEP][PASSED] - verifyTextPresent("Period Ending", true): Text 'Period Ending' is present on page  using regular expression

2024-11-07 21:27:57 - [MESSAGE][PASSED] - Text 'Period Ending' is present on page  using regular expression

2024-11-07 21:27:57 - [TEST_STEP][PASSED] - verifyTextPresent(month, true): Text 'February' is present on page  using regular expression

2024-11-07 21:27:58 - [MESSAGE][PASSED] - Text 'February' is present on page  using regular expression

2024-11-07 21:27:58 - [TEST_STEP][PASSED] - if (feinSSN.equalsIgnoreCase("Y")): null

2024-11-07 21:27:58 - [TEST_STEP][PASSED] - else: Text 'XXXXXXX87' is present on page  using regular expression

2024-11-07 21:27:58 - [TEST_STEP][PASSED] - if (!(TaxType.equalsIgnoreCase("Estate Tax"))): Text 'XXXXXXX87' is present on page  using regular expression

2024-11-07 21:27:58 - [TEST_STEP][PASSED] - verifyTextPresent("Federal EIN:", true): Text 'Federal EIN:' is present on page  using regular expression

2024-11-07 21:27:58 - [MESSAGE][PASSED] - Text 'Federal EIN:' is present on page  using regular expression

2024-11-07 21:27:58 - [TEST_STEP][PASSED] - verifyTextNotPresent("FEIN/SSN:", true): Text 'FEIN/SSN:' is not present on page using regular expression

2024-11-07 21:27:58 - [MESSAGE][PASSED] - Text 'FEIN/SSN:' is not present on page using regular expression

2024-11-07 21:27:58 - [TEST_STEP][PASSED] - verifyTextPresent("XXXXXXX87", true): Text 'XXXXXXX87' is present on page  using regular expression

2024-11-07 21:27:59 - [MESSAGE][PASSED] - Text 'XXXXXXX87' is present on page  using regular expression

2024-11-07 21:27:59 - [TEST_STEP][PASSED] - if (TaxType.equalsIgnoreCase("Estate Tax")): null

2024-11-07 21:27:59 - [TEST_STEP][PASSED] - if (CRN.equalsIgnoreCase("Y")): Text '07640126' is present on page  using regular expression

2024-11-07 21:27:59 - [TEST_STEP][PASSED] - verifyTextPresent("MD Central Registration Number#:", true): Text 'MD Central Registration Number#:' is present on page  using regular expression

2024-11-07 21:27:59 - [MESSAGE][PASSED] - Text 'MD Central Registration Number#:' is present on page  using regular expression

2024-11-07 21:27:59 - [TEST_STEP][PASSED] - verifyTextPresent("07640126", true): Text '07640126' is present on page  using regular expression

2024-11-07 21:27:59 - [MESSAGE][PASSED] - Text '07640126' is present on page  using regular expression

2024-11-07 21:27:59 - [TEST_STEP][PASSED] - if (MFLicNum.equalsIgnoreCase("Y")): null

2024-11-07 21:27:59 - [TEST_STEP][PASSED] - else: Text 'Motor Fuel License Number#:' is not present on page using regular expression

2024-11-07 21:27:59 - [TEST_STEP][PASSED] - verifyTextNotPresent("Motor Fuel License Number#:", true): Text 'Motor Fuel License Number#:' is not present on page using regular expression

2024-11-07 21:28:00 - [MESSAGE][PASSED] - Text 'Motor Fuel License Number#:' is not present on page using regular expression

2024-11-07 21:28:00 - [TEST_STEP][PASSED] - verifyTextPresent("Payment Amount:", true): Text 'Payment Amount:' is present on page  using regular expression

2024-11-07 21:28:00 - [MESSAGE][PASSED] - Text 'Payment Amount:' is present on page  using regular expression

2024-11-07 21:28:00 - [TEST_STEP][PASSED] - verifyTextPresent("100.00", true): Text '100.00' is present on page  using regular expression

2024-11-07 21:28:00 - [MESSAGE][PASSED] - Text '100.00' is present on page  using regular expression

2024-11-07 21:28:00 - [TEST_STEP][PASSED] - if (verifyElementVisible(findTestObject(orPath_Summary + "/button_Proceed to Payment"))): null

2024-11-07 21:28:01 - [MESSAGE][PASSED] - Object 'Object Repository/RAD_Pages/Summary_Page/button_Proceed to Payment' is visible

2024-11-07 21:28:01 - [TEST_STEP][PASSED] - resText = "Pass": null

2024-11-07 21:28:01 - [TEST_STEP][PASSED] - pages.WriteExcel.demoKey(resText, datText, resColumn, datCloumn, fileLoc, nameSheet, row): pages.WriteExcel.demoKey is PASSED

2024-11-07 21:28:01 - [MESSAGE][PASSED] - pages.WriteExcel.demoKey is PASSED

2024-11-07 21:28:01 - [TEST_STEP][PASSED] - click(findTestObject(orPath_Summary + "/button_Proceed to Payment")): Object: 'Object Repository/RAD_Pages/Summary_Page/button_Proceed to Payment' is clicked on

2024-11-07 21:28:04 - [MESSAGE][PASSED] - Object: 'Object Repository/RAD_Pages/Summary_Page/button_Proceed to Payment' is clicked on

2024-11-07 21:28:04 - [TEST_STEP][PASSED] - verifyElementPresent(findTestObject("Object Repository/RAD_Pages/PaymentEntry_Page/input__billingName"), 30): Object 'Object Repository/RAD_Pages/PaymentEntry_Page/input__billingName' is present

2024-11-07 21:28:05 - [MESSAGE][PASSED] - Object 'Object Repository/RAD_Pages/PaymentEntry_Page/input__billingName' is present

2024-11-07 21:28:05 - [TEST_STEP][PASSED] - ExecuteTC = findTestData(dataFile).getValue("Execute", row): null

2024-11-07 21:28:05 - [TEST_STEP][PASSED] - TaxType = findTestData(dataFile).getValue("TaxType", row): null

2024-11-07 21:28:05 - [TEST_STEP][PASSED] - PaymentType = findTestData(dataFile).getValue("PaymentType", row): null

2024-11-07 21:28:05 - [TEST_STEP][PASSED] - FilingYear = findTestData(dataFile).getValue("Year", row): null

2024-11-07 21:28:05 - [TEST_STEP][PASSED] - feinSSN = findTestData(dataFile).getValue("FeinSsn", row): null

2024-11-07 21:28:05 - [TEST_STEP][PASSED] - CRN = findTestData(dataFile).getValue("CRN", row): null

2024-11-07 21:28:05 - [TEST_STEP][PASSED] - month = findTestData(dataFile).getValue("Month", row): null

2024-11-07 21:28:05 - [TEST_STEP][PASSED] - MFLicNum = findTestData(dataFile).getValue("MFLicNum", row): null

2024-11-07 21:28:05 - [TEST_STEP][PASSED] - if (ExecuteTC.equalsIgnoreCase("Y")): Object 'Object Repository/RAD_Pages/PaymentEntry_Page/input__billingName' is present

2024-11-07 21:28:05 - [TEST_STEP][PASSED] - out.println("Begin Record Number: " + row): null

2024-11-07 21:28:05 - [TEST_STEP][PASSED] - today = new java.util.Date(): null

2024-11-07 21:28:05 - [TEST_STEP][PASSED] - println(today): null

2024-11-07 21:28:05 - [TEST_STEP][PASSED] - datText = today: null

2024-11-07 21:28:05 - [TEST_STEP][PASSED] - logInfo("Payment Type: New Tax Return Amount Due"): Payment Type: New Tax Return Amount Due

2024-11-07 21:28:05 - [MESSAGE][INFO] - Payment Type: New Tax Return Amount Due

2024-11-07 21:28:05 - [TEST_STEP][PASSED] - logInfo("Tax Type: " + TaxType): Tax Type: Alcohol Tax

2024-11-07 21:28:05 - [MESSAGE][INFO] - Tax Type: Alcohol Tax

2024-11-07 21:28:05 - [TEST_STEP][PASSED] - openBrowser(""): Browser is opened with url: ''

2024-11-07 21:28:05 - [MESSAGE][WARNING] - A browser is already opened. Closing browser and opening a new one

2024-11-07 21:28:07 - [MESSAGE][INFO] - Starting 'Chrome' driver

2024-11-07 21:28:07 - [MESSAGE][INFO] - User set preference: ['acceptInsecureCerts', 'true']

2024-11-07 21:28:07 - [MESSAGE][INFO] - Action delay is set to 0 milliseconds

2024-11-07 21:28:09 - [MESSAGE][PASSED] - Browser is opened with url: ''

2024-11-07 21:28:09 - [TEST_STEP][PASSED] - maximizeWindow(): Current window maximized

2024-11-07 21:28:09 - [MESSAGE][PASSED] - Current window maximized

2024-11-07 21:28:09 - [TEST_STEP][PASSED] - navigateToUrl(RADurl): Navigate to 'https://www.velocitypayment.com/client/rad/index.html' successfully

2024-11-07 21:28:11 - [MESSAGE][PASSED] - Navigate to 'https://www.velocitypayment.com/client/rad/index.html' successfully

2024-11-07 21:28:11 - [TEST_STEP][PASSED] - selectOptionByLabel(findTestObject(orPath_Landing + "/dd_TaxType"), "New Tax Return Amount Due", false): All options with label 'New Tax Return Amount Due' are selected in object 'Object Repository/RAD_Pages/Landing_Page/dd_TaxType' 

2024-11-07 21:28:12 - [MESSAGE][PASSED] - All options with label 'New Tax Return Amount Due' are selected in object 'Object Repository/RAD_Pages/Landing_Page/dd_TaxType' 

2024-11-07 21:28:12 - [TEST_STEP][PASSED] - selectOptionByLabel(findTestObject("Object Repository/RAD_Pages/Landing_Page/select_NewTaxReturnAmountDue_TaxType"), TaxType, false): All options with label 'Alcohol Tax' are selected in object 'Object Repository/RAD_Pages/Landing_Page/select_NewTaxReturnAmountDue_TaxType' 

2024-11-07 21:28:12 - [MESSAGE][PASSED] - All options with label 'Alcohol Tax' are selected in object 'Object Repository/RAD_Pages/Landing_Page/select_NewTaxReturnAmountDue_TaxType' 

2024-11-07 21:28:12 - [TEST_STEP][PASSED] - selectOptionByLabel(findTestObject(orPath_TaxTypeFilingYear + "/select_FilingYear"), FilingYear, false): All options with label '2023' are selected in object 'Object Repository/RAD_Pages/TaxTypeFilingYear_Page/select_FilingYear' 

2024-11-07 21:28:13 - [MESSAGE][PASSED] - All options with label '2023' are selected in object 'Object Repository/RAD_Pages/TaxTypeFilingYear_Page/select_FilingYear' 

2024-11-07 21:28:13 - [TEST_STEP][PASSED] - if (month.trim()): All options with label 'January' are selected in object 'Object Repository/RAD_Pages/TaxTypeFilingYear_Page/select_PeriodEnding' 

2024-11-07 21:28:13 - [TEST_STEP][PASSED] - selectOptionByLabel(findTestObject(orPath_TaxTypeFilingYear + "/select_PeriodEnding"), month, false): All options with label 'January' are selected in object 'Object Repository/RAD_Pages/TaxTypeFilingYear_Page/select_PeriodEnding' 

2024-11-07 21:28:14 - [MESSAGE][PASSED] - All options with label 'January' are selected in object 'Object Repository/RAD_Pages/TaxTypeFilingYear_Page/select_PeriodEnding' 

2024-11-07 21:28:14 - [TEST_STEP][PASSED] - rad.getSetDataRAD.setDataRADBusinessName(): rad.getSetDataRAD.setDataRADBusinessName is PASSED

2024-11-07 21:28:15 - [MESSAGE][PASSED] - Text 'My Company' is set on object 'Object Repository/RAD_Pages/Taxpayer_Page/input_businessName'

2024-11-07 21:28:15 - [MESSAGE][PASSED] - rad.getSetDataRAD.setDataRADBusinessName is PASSED

2024-11-07 21:28:15 - [TEST_STEP][PASSED] - rad.getSetDataRAD.setDataRADBusinessRep(): rad.getSetDataRAD.setDataRADBusinessRep is PASSED

2024-11-07 21:28:16 - [MESSAGE][PASSED] - Text 'BusRepFname' is set on object 'Object Repository/RAD_Pages/Taxpayer_Page/input_BusinessRepfirstName'

2024-11-07 21:28:16 - [MESSAGE][PASSED] - Text '' is set on object 'Object Repository/RAD_Pages/Taxpayer_Page/input_BusinessRepmiddleName'

2024-11-07 21:28:17 - [MESSAGE][PASSED] - Text 'BusRepLname' is set on object 'Object Repository/RAD_Pages/Taxpayer_Page/input_BusinessReplastName'

2024-11-07 21:28:18 - [MESSAGE][PASSED] - Text '' is set on object 'Object Repository/RAD_Pages/Taxpayer_Page/input_BusinessRepsuffix'

2024-11-07 21:28:18 - [MESSAGE][PASSED] - rad.getSetDataRAD.setDataRADBusinessRep is PASSED

2024-11-07 21:28:18 - [TEST_STEP][PASSED] - rad.getSetDataRAD.setDataRADAddress(): rad.getSetDataRAD.setDataRADAddress is PASSED

2024-11-07 21:28:18 - [MESSAGE][PASSED] - All options with label 'United States' are selected in object 'Object Repository/RAD_Pages/AddressAndContactInfo_Page/select_Country' 

2024-11-07 21:28:19 - [MESSAGE][PASSED] - Text '2508 Mandan Terrace' is set on object 'Object Repository/RAD_Pages/AddressAndContactInfo_Page/input_streetAddress1'

2024-11-07 21:28:20 - [MESSAGE][PASSED] - Text '' is set on object 'Object Repository/RAD_Pages/AddressAndContactInfo_Page/input_streetAddress2'

2024-11-07 21:28:21 - [MESSAGE][PASSED] - Text 'Gambrills' is set on object 'Object Repository/RAD_Pages/AddressAndContactInfo_Page/input_city'

2024-11-07 21:28:22 - [MESSAGE][PASSED] - All options with label 'Maryland' are selected in object 'Object Repository/RAD_Pages/AddressAndContactInfo_Page/select_State' 

2024-11-07 21:28:23 - [MESSAGE][PASSED] - Text '21054' is set on object 'Object Repository/RAD_Pages/AddressAndContactInfo_Page/input_zipCode'

2024-11-07 21:28:23 - [MESSAGE][PASSED] - Text '(703) 894-5000' is set on object 'Object Repository/RAD_Pages/AddressAndContactInfo_Page/input_phoneNumber'

2024-11-07 21:28:24 - [MESSAGE][PASSED] - Text 'iahmed@govolution.com' is set on object 'Object Repository/RAD_Pages/AddressAndContactInfo_Page/input_eMailAddress'

2024-11-07 21:28:25 - [MESSAGE][PASSED] - Text 'iahmed@govolution.com' is set on object 'Object Repository/RAD_Pages/AddressAndContactInfo_Page/input_reEnterEMailAddress'

2024-11-07 21:28:25 - [MESSAGE][PASSED] - rad.getSetDataRAD.setDataRADAddress is PASSED

2024-11-07 21:28:25 - [TEST_STEP][PASSED] - if (feinSSN.equalsIgnoreCase("Y")): null

2024-11-07 21:28:25 - [TEST_STEP][PASSED] - else: Text ****** has been set on object 'Object Repository/RAD_Pages/TaxInfo_Page/input_FederalEIN_ReEnter'

2024-11-07 21:28:25 - [TEST_STEP][PASSED] - if (!(TaxType.equalsIgnoreCase("Estate Tax"))): Text ****** has been set on object 'Object Repository/RAD_Pages/TaxInfo_Page/input_FederalEIN_ReEnter'

2024-11-07 21:28:25 - [TEST_STEP][PASSED] - setEncryptedText(findTestObject(orPath_TaxInfo + "/input_FederalEIN"), "yXB7JMCbD3QoFF75EQd3iw=="): Text ****** has been set on object 'Object Repository/RAD_Pages/TaxInfo_Page/input_FederalEIN'

2024-11-07 21:28:26 - [MESSAGE][PASSED] - Text ****** has been set on object 'Object Repository/RAD_Pages/TaxInfo_Page/input_FederalEIN'

2024-11-07 21:28:26 - [TEST_STEP][PASSED] - setEncryptedText(findTestObject(orPath_TaxInfo + "/input_FederalEIN_ReEnter"), "yXB7JMCbD3QoFF75EQd3iw=="): Text ****** has been set on object 'Object Repository/RAD_Pages/TaxInfo_Page/input_FederalEIN_ReEnter'

2024-11-07 21:28:26 - [MESSAGE][PASSED] - Text ****** has been set on object 'Object Repository/RAD_Pages/TaxInfo_Page/input_FederalEIN_ReEnter'

2024-11-07 21:28:26 - [TEST_STEP][PASSED] - if (CRN.equalsIgnoreCase("Y")): rad.getSetDataRAD.setDataRADMDCRN is PASSED

2024-11-07 21:28:26 - [TEST_STEP][PASSED] - rad.getSetDataRAD.setDataRADMDCRN(): rad.getSetDataRAD.setDataRADMDCRN is PASSED

2024-11-07 21:28:27 - [MESSAGE][PASSED] - Text '07640126' is set on object 'Object Repository/RAD_Pages/TaxInfo_Page/input_MDCRegistration'

2024-11-07 21:28:27 - [MESSAGE][PASSED] - rad.getSetDataRAD.setDataRADMDCRN is PASSED

2024-11-07 21:28:27 - [TEST_STEP][PASSED] - if (MFLicNum.equalsIgnoreCase("Y")): null

2024-11-07 21:28:27 - [TEST_STEP][PASSED] - if (TaxType.equalsIgnoreCase("Estate Tax")): null

2024-11-07 21:28:27 - [TEST_STEP][PASSED] - setText(findTestObject(orPath_Amount + "/input__paymentAmount"), "100.00"): Text '100.00' is set on object 'Object Repository/RAD_Pages/PaymentAmount_Page/input__paymentAmount'

2024-11-07 21:28:28 - [MESSAGE][PASSED] - Text '100.00' is set on object 'Object Repository/RAD_Pages/PaymentAmount_Page/input__paymentAmount'

2024-11-07 21:28:28 - [TEST_STEP][PASSED] - setText(findTestObject(orPath_AddressContact + "/input_streetAddress2"), ""): Text '' is set on object 'Object Repository/RAD_Pages/AddressAndContactInfo_Page/input_streetAddress2'

2024-11-07 21:28:28 - [MESSAGE][PASSED] - Text '' is set on object 'Object Repository/RAD_Pages/AddressAndContactInfo_Page/input_streetAddress2'

2024-11-07 21:28:28 - [TEST_STEP][PASSED] - scrollToElement(findTestObject(orPath_Landing + "/button_Continue"), 3): Scroll to object 'Object Repository/RAD_Pages/Landing_Page/button_Continue' successfully

2024-11-07 21:28:29 - [MESSAGE][PASSED] - Scroll to object 'Object Repository/RAD_Pages/Landing_Page/button_Continue' successfully

2024-11-07 21:28:29 - [TEST_STEP][PASSED] - waitForElementClickable(findTestObject(orPath_Landing + "/button_Continue"), 5): Object 'Object Repository/RAD_Pages/Landing_Page/button_Continue' is clickable

2024-11-07 21:28:29 - [MESSAGE][PASSED] - Object 'Object Repository/RAD_Pages/Landing_Page/button_Continue' is clickable

2024-11-07 21:28:29 - [TEST_STEP][PASSED] - click(findTestObject(orPath_Landing + "/button_Continue")): Object: 'Object Repository/RAD_Pages/Landing_Page/button_Continue' is clicked on

2024-11-07 21:28:29 - [MESSAGE][PASSED] - Object: 'Object Repository/RAD_Pages/Landing_Page/button_Continue' is clicked on

2024-11-07 21:28:29 - [TEST_STEP][PASSED] - delay(2): Delayed 2 second(s)

2024-11-07 21:28:31 - [MESSAGE][PASSED] - Delayed 2 second(s)

2024-11-07 21:28:31 - [TEST_STEP][PASSED] - verifyTextPresent("Summary", true): Text 'Summary' is present on page  using regular expression

2024-11-07 21:28:32 - [MESSAGE][PASSED] - Text 'Summary' is present on page  using regular expression

2024-11-07 21:28:32 - [TEST_STEP][PASSED] - verifyTextPresent("Review the information below and make any necessary corrections by clicking the", true): Text 'Review the information below and make any necessary corrections by clicking the' is present on page  using regular expression

2024-11-07 21:28:32 - [MESSAGE][PASSED] - Text 'Review the information below and make any necessary corrections by clicking the' is present on page  using regular expression

2024-11-07 21:28:32 - [TEST_STEP][PASSED] - verifyTextPresent("When you are confident that all the information is correct, click the", true): Text 'When you are confident that all the information is correct, click the' is present on page  using regular expression

2024-11-07 21:28:32 - [MESSAGE][PASSED] - Text 'When you are confident that all the information is correct, click the' is present on page  using regular expression

2024-11-07 21:28:32 - [TEST_STEP][PASSED] - verifyTextPresent("Payment Type/Filing Year", true): Text 'Payment Type/Filing Year' is present on page  using regular expression

2024-11-07 21:28:33 - [MESSAGE][PASSED] - Text 'Payment Type/Filing Year' is present on page  using regular expression

2024-11-07 21:28:33 - [TEST_STEP][PASSED] - verifyTextPresent("Payment Type:", true): Text 'Payment Type:' is present on page  using regular expression

2024-11-07 21:28:33 - [MESSAGE][PASSED] - Text 'Payment Type:' is present on page  using regular expression

2024-11-07 21:28:33 - [TEST_STEP][PASSED] - verifyTextPresent("New Tax Return Amount Due", true): Text 'New Tax Return Amount Due' is present on page  using regular expression

2024-11-07 21:28:33 - [MESSAGE][PASSED] - Text 'New Tax Return Amount Due' is present on page  using regular expression

2024-11-07 21:28:33 - [TEST_STEP][PASSED] - verifyTextPresent("Filing Year:", true): Text 'Filing Year:' is present on page  using regular expression

2024-11-07 21:28:34 - [MESSAGE][PASSED] - Text 'Filing Year:' is present on page  using regular expression

2024-11-07 21:28:34 - [TEST_STEP][PASSED] - verifyTextPresent(FilingYear, true): Text '2023' is present on page  using regular expression

2024-11-07 21:28:34 - [MESSAGE][PASSED] - Text '2023' is present on page  using regular expression

2024-11-07 21:28:34 - [TEST_STEP][PASSED] - verifyTextPresent("Payer Information", true): Text 'Payer Information' is present on page  using regular expression

2024-11-07 21:28:34 - [MESSAGE][PASSED] - Text 'Payer Information' is present on page  using regular expression

2024-11-07 21:28:34 - [TEST_STEP][PASSED] - verifyTextPresent("Taxpayer Name:", true): Text 'Taxpayer Name:' is present on page  using regular expression

2024-11-07 21:28:35 - [MESSAGE][PASSED] - Text 'Taxpayer Name:' is present on page  using regular expression

2024-11-07 21:28:35 - [TEST_STEP][PASSED] - verifyTextPresent("My Company", true): Text 'My Company' is present on page  using regular expression

2024-11-07 21:28:35 - [MESSAGE][PASSED] - Text 'My Company' is present on page  using regular expression

2024-11-07 21:28:35 - [TEST_STEP][PASSED] - verifyTextPresent("Business Rep Name:", true): Text 'Business Rep Name:' is present on page  using regular expression

2024-11-07 21:28:35 - [MESSAGE][PASSED] - Text 'Business Rep Name:' is present on page  using regular expression

2024-11-07 21:28:35 - [TEST_STEP][PASSED] - verifyTextPresent("BusRepFname BusRepLname", true): Text 'BusRepFname BusRepLname' is present on page  using regular expression

2024-11-07 21:28:36 - [MESSAGE][PASSED] - Text 'BusRepFname BusRepLname' is present on page  using regular expression

2024-11-07 21:28:36 - [TEST_STEP][PASSED] - verifyTextPresent("Taxpayer Address:", true): Text 'Taxpayer Address:' is present on page  using regular expression

2024-11-07 21:28:36 - [MESSAGE][PASSED] - Text 'Taxpayer Address:' is present on page  using regular expression

2024-11-07 21:28:36 - [TEST_STEP][PASSED] - verifyTextPresent("2508 Mandan Terrace Gambrills Maryland 21054", true): Text '2508 Mandan Terrace Gambrills Maryland 21054' is present on page  using regular expression

2024-11-07 21:28:36 - [MESSAGE][PASSED] - Text '2508 Mandan Terrace Gambrills Maryland 21054' is present on page  using regular expression

2024-11-07 21:28:36 - [TEST_STEP][PASSED] - verifyTextPresent("Email:", true): Text 'Email:' is present on page  using regular expression

2024-11-07 21:28:37 - [MESSAGE][PASSED] - Text 'Email:' is present on page  using regular expression

2024-11-07 21:28:37 - [TEST_STEP][PASSED] - verifyTextPresent("iahmed@govolution.com", true): Text 'iahmed@govolution.com' is present on page  using regular expression

2024-11-07 21:28:37 - [MESSAGE][PASSED] - Text 'iahmed@govolution.com' is present on page  using regular expression

2024-11-07 21:28:37 - [TEST_STEP][PASSED] - verifyTextPresent("Phone:", true): Text 'Phone:' is present on page  using regular expression

2024-11-07 21:28:37 - [MESSAGE][PASSED] - Text 'Phone:' is present on page  using regular expression

2024-11-07 21:28:37 - [TEST_STEP][PASSED] - verifyTextPresent("(703) 894-5000", false): Text '(703) 894-5000' is present on page 

2024-11-07 21:28:38 - [MESSAGE][PASSED] - Text '(703) 894-5000' is present on page 

2024-11-07 21:28:38 - [TEST_STEP][PASSED] - verifyTextPresent("Tax Information", true): Text 'Tax Information' is present on page  using regular expression

2024-11-07 21:28:38 - [MESSAGE][PASSED] - Text 'Tax Information' is present on page  using regular expression

2024-11-07 21:28:38 - [TEST_STEP][PASSED] - verifyTextNotPresent("Notice Number", true): Text 'Notice Number' is not present on page using regular expression

2024-11-07 21:28:38 - [MESSAGE][PASSED] - Text 'Notice Number' is not present on page using regular expression

2024-11-07 21:28:38 - [TEST_STEP][PASSED] - if (month.trim()): Text 'January' is present on page  using regular expression

2024-11-07 21:28:38 - [TEST_STEP][PASSED] - verifyTextPresent("Period Ending", true): Text 'Period Ending' is present on page  using regular expression

2024-11-07 21:28:39 - [MESSAGE][PASSED] - Text 'Period Ending' is present on page  using regular expression

2024-11-07 21:28:39 - [TEST_STEP][PASSED] - verifyTextPresent(month, true): Text 'January' is present on page  using regular expression

2024-11-07 21:28:39 - [MESSAGE][PASSED] - Text 'January' is present on page  using regular expression

2024-11-07 21:28:39 - [TEST_STEP][PASSED] - if (feinSSN.equalsIgnoreCase("Y")): null

2024-11-07 21:28:39 - [TEST_STEP][PASSED] - else: Text 'XXXXXXX87' is present on page  using regular expression

2024-11-07 21:28:39 - [TEST_STEP][PASSED] - if (!(TaxType.equalsIgnoreCase("Estate Tax"))): Text 'XXXXXXX87' is present on page  using regular expression

2024-11-07 21:28:39 - [TEST_STEP][PASSED] - verifyTextPresent("Federal EIN:", true): Text 'Federal EIN:' is present on page  using regular expression

2024-11-07 21:28:39 - [MESSAGE][PASSED] - Text 'Federal EIN:' is present on page  using regular expression

2024-11-07 21:28:39 - [TEST_STEP][PASSED] - verifyTextNotPresent("FEIN/SSN:", true): Text 'FEIN/SSN:' is not present on page using regular expression

2024-11-07 21:28:40 - [MESSAGE][PASSED] - Text 'FEIN/SSN:' is not present on page using regular expression

2024-11-07 21:28:40 - [TEST_STEP][PASSED] - verifyTextPresent("XXXXXXX87", true): Text 'XXXXXXX87' is present on page  using regular expression

2024-11-07 21:28:40 - [MESSAGE][PASSED] - Text 'XXXXXXX87' is present on page  using regular expression

2024-11-07 21:28:40 - [TEST_STEP][PASSED] - if (TaxType.equalsIgnoreCase("Estate Tax")): null

2024-11-07 21:28:40 - [TEST_STEP][PASSED] - if (CRN.equalsIgnoreCase("Y")): Text '07640126' is present on page  using regular expression

2024-11-07 21:28:40 - [TEST_STEP][PASSED] - verifyTextPresent("MD Central Registration Number#:", true): Text 'MD Central Registration Number#:' is present on page  using regular expression

2024-11-07 21:28:40 - [MESSAGE][PASSED] - Text 'MD Central Registration Number#:' is present on page  using regular expression

2024-11-07 21:28:40 - [TEST_STEP][PASSED] - verifyTextPresent("07640126", true): Text '07640126' is present on page  using regular expression

2024-11-07 21:28:41 - [MESSAGE][PASSED] - Text '07640126' is present on page  using regular expression

2024-11-07 21:28:41 - [TEST_STEP][PASSED] - if (MFLicNum.equalsIgnoreCase("Y")): null

2024-11-07 21:28:41 - [TEST_STEP][PASSED] - else: Text 'Motor Fuel License Number#:' is not present on page using regular expression

2024-11-07 21:28:41 - [TEST_STEP][PASSED] - verifyTextNotPresent("Motor Fuel License Number#:", true): Text 'Motor Fuel License Number#:' is not present on page using regular expression

2024-11-07 21:28:41 - [MESSAGE][PASSED] - Text 'Motor Fuel License Number#:' is not present on page using regular expression

2024-11-07 21:28:41 - [TEST_STEP][PASSED] - verifyTextPresent("Payment Amount:", true): Text 'Payment Amount:' is present on page  using regular expression

2024-11-07 21:28:41 - [MESSAGE][PASSED] - Text 'Payment Amount:' is present on page  using regular expression

2024-11-07 21:28:41 - [TEST_STEP][PASSED] - verifyTextPresent("100.00", true): Text '100.00' is present on page  using regular expression

2024-11-07 21:28:41 - [MESSAGE][PASSED] - Text '100.00' is present on page  using regular expression

2024-11-07 21:28:41 - [TEST_STEP][PASSED] - if (verifyElementVisible(findTestObject(orPath_Summary + "/button_Proceed to Payment"))): null

2024-11-07 21:28:42 - [MESSAGE][PASSED] - Object 'Object Repository/RAD_Pages/Summary_Page/button_Proceed to Payment' is visible

2024-11-07 21:28:42 - [TEST_STEP][PASSED] - resText = "Pass": null

2024-11-07 21:28:42 - [TEST_STEP][PASSED] - pages.WriteExcel.demoKey(resText, datText, resColumn, datCloumn, fileLoc, nameSheet, row): pages.WriteExcel.demoKey is PASSED

2024-11-07 21:28:42 - [MESSAGE][PASSED] - pages.WriteExcel.demoKey is PASSED

2024-11-07 21:28:42 - [TEST_STEP][PASSED] - click(findTestObject(orPath_Summary + "/button_Proceed to Payment")): Object: 'Object Repository/RAD_Pages/Summary_Page/button_Proceed to Payment' is clicked on

2024-11-07 21:28:44 - [MESSAGE][PASSED] - Object: 'Object Repository/RAD_Pages/Summary_Page/button_Proceed to Payment' is clicked on

2024-11-07 21:28:44 - [TEST_STEP][PASSED] - verifyElementPresent(findTestObject("Object Repository/RAD_Pages/PaymentEntry_Page/input__billingName"), 30): Object 'Object Repository/RAD_Pages/PaymentEntry_Page/input__billingName' is present

2024-11-07 21:28:45 - [MESSAGE][PASSED] - Object 'Object Repository/RAD_Pages/PaymentEntry_Page/input__billingName' is present

2024-11-07 21:28:45 - [TEST_STEP][PASSED] - ExecuteTC = findTestData(dataFile).getValue("Execute", row): null

2024-11-07 21:28:45 - [TEST_STEP][PASSED] - TaxType = findTestData(dataFile).getValue("TaxType", row): null

2024-11-07 21:28:45 - [TEST_STEP][PASSED] - PaymentType = findTestData(dataFile).getValue("PaymentType", row): null

2024-11-07 21:28:45 - [TEST_STEP][PASSED] - FilingYear = findTestData(dataFile).getValue("Year", row): null

2024-11-07 21:28:45 - [TEST_STEP][PASSED] - feinSSN = findTestData(dataFile).getValue("FeinSsn", row): null

2024-11-07 21:28:47 - [TEST_STEP][PASSED] - CRN = findTestData(dataFile).getValue("CRN", row): null

2024-11-07 21:28:47 - [TEST_STEP][PASSED] - month = findTestData(dataFile).getValue("Month", row): null

2024-11-07 21:28:47 - [TEST_STEP][PASSED] - MFLicNum = findTestData(dataFile).getValue("MFLicNum", row): null

2024-11-07 21:28:47 - [TEST_STEP][PASSED] - if (ExecuteTC.equalsIgnoreCase("Y")): Object 'Object Repository/RAD_Pages/PaymentEntry_Page/input__billingName' is present

2024-11-07 21:28:47 - [TEST_STEP][PASSED] - out.println("Begin Record Number: " + row): null

2024-11-07 21:28:47 - [TEST_STEP][PASSED] - today = new java.util.Date(): null

2024-11-07 21:28:47 - [TEST_STEP][PASSED] - println(today): null

2024-11-07 21:28:47 - [TEST_STEP][PASSED] - datText = today: null

2024-11-07 21:28:47 - [TEST_STEP][PASSED] - logInfo("Payment Type: New Tax Return Amount Due"): Payment Type: New Tax Return Amount Due

2024-11-07 21:28:47 - [MESSAGE][INFO] - Payment Type: New Tax Return Amount Due

2024-11-07 21:28:47 - [TEST_STEP][PASSED] - logInfo("Tax Type: " + TaxType): Tax Type: Bay Restoration Fee

2024-11-07 21:28:47 - [MESSAGE][INFO] - Tax Type: Bay Restoration Fee

2024-11-07 21:28:47 - [TEST_STEP][PASSED] - openBrowser(""): Browser is opened with url: ''

2024-11-07 21:28:47 - [MESSAGE][WARNING] - A browser is already opened. Closing browser and opening a new one

2024-11-07 21:28:49 - [MESSAGE][INFO] - Starting 'Chrome' driver

2024-11-07 21:28:49 - [MESSAGE][INFO] - User set preference: ['acceptInsecureCerts', 'true']

2024-11-07 21:28:49 - [MESSAGE][INFO] - Action delay is set to 0 milliseconds

2024-11-07 21:28:51 - [MESSAGE][PASSED] - Browser is opened with url: ''

2024-11-07 21:28:51 - [TEST_STEP][PASSED] - maximizeWindow(): Current window maximized

2024-11-07 21:28:51 - [MESSAGE][PASSED] - Current window maximized

2024-11-07 21:28:51 - [TEST_STEP][PASSED] - navigateToUrl(RADurl): Navigate to 'https://www.velocitypayment.com/client/rad/index.html' successfully

2024-11-07 21:28:51 - [MESSAGE][PASSED] - Navigate to 'https://www.velocitypayment.com/client/rad/index.html' successfully

2024-11-07 21:28:51 - [TEST_STEP][PASSED] - selectOptionByLabel(findTestObject(orPath_Landing + "/dd_TaxType"), "New Tax Return Amount Due", false): All options with label 'New Tax Return Amount Due' are selected in object 'Object Repository/RAD_Pages/Landing_Page/dd_TaxType' 

2024-11-07 21:28:54 - [MESSAGE][PASSED] - All options with label 'New Tax Return Amount Due' are selected in object 'Object Repository/RAD_Pages/Landing_Page/dd_TaxType' 

2024-11-07 21:28:54 - [TEST_STEP][PASSED] - selectOptionByLabel(findTestObject("Object Repository/RAD_Pages/Landing_Page/select_NewTaxReturnAmountDue_TaxType"), TaxType, false): All options with label 'Bay Restoration Fee' are selected in object 'Object Repository/RAD_Pages/Landing_Page/select_NewTaxReturnAmountDue_TaxType' 

2024-11-07 21:28:55 - [MESSAGE][PASSED] - All options with label 'Bay Restoration Fee' are selected in object 'Object Repository/RAD_Pages/Landing_Page/select_NewTaxReturnAmountDue_TaxType' 

2024-11-07 21:28:55 - [TEST_STEP][PASSED] - selectOptionByLabel(findTestObject(orPath_TaxTypeFilingYear + "/select_FilingYear"), FilingYear, false): All options with label '2023' are selected in object 'Object Repository/RAD_Pages/TaxTypeFilingYear_Page/select_FilingYear' 

2024-11-07 21:28:56 - [MESSAGE][PASSED] - All options with label '2023' are selected in object 'Object Repository/RAD_Pages/TaxTypeFilingYear_Page/select_FilingYear' 

2024-11-07 21:28:56 - [TEST_STEP][PASSED] - if (month.trim()): All options with label 'March' are selected in object 'Object Repository/RAD_Pages/TaxTypeFilingYear_Page/select_PeriodEnding' 

2024-11-07 21:28:56 - [TEST_STEP][PASSED] - selectOptionByLabel(findTestObject(orPath_TaxTypeFilingYear + "/select_PeriodEnding"), month, false): All options with label 'March' are selected in object 'Object Repository/RAD_Pages/TaxTypeFilingYear_Page/select_PeriodEnding' 

2024-11-07 21:28:57 - [MESSAGE][PASSED] - All options with label 'March' are selected in object 'Object Repository/RAD_Pages/TaxTypeFilingYear_Page/select_PeriodEnding' 

2024-11-07 21:28:57 - [TEST_STEP][PASSED] - rad.getSetDataRAD.setDataRADBusinessName(): rad.getSetDataRAD.setDataRADBusinessName is PASSED

2024-11-07 21:28:58 - [MESSAGE][PASSED] - Text 'My Company' is set on object 'Object Repository/RAD_Pages/Taxpayer_Page/input_businessName'

2024-11-07 21:28:58 - [MESSAGE][PASSED] - rad.getSetDataRAD.setDataRADBusinessName is PASSED

2024-11-07 21:28:58 - [TEST_STEP][PASSED] - rad.getSetDataRAD.setDataRADBusinessRep(): rad.getSetDataRAD.setDataRADBusinessRep is PASSED

2024-11-07 21:28:59 - [MESSAGE][PASSED] - Text 'BusRepFname' is set on object 'Object Repository/RAD_Pages/Taxpayer_Page/input_BusinessRepfirstName'

2024-11-07 21:29:00 - [MESSAGE][PASSED] - Text '' is set on object 'Object Repository/RAD_Pages/Taxpayer_Page/input_BusinessRepmiddleName'

2024-11-07 21:29:00 - [MESSAGE][PASSED] - Text 'BusRepLname' is set on object 'Object Repository/RAD_Pages/Taxpayer_Page/input_BusinessReplastName'

2024-11-07 21:29:01 - [MESSAGE][PASSED] - Text '' is set on object 'Object Repository/RAD_Pages/Taxpayer_Page/input_BusinessRepsuffix'

2024-11-07 21:29:01 - [MESSAGE][PASSED] - rad.getSetDataRAD.setDataRADBusinessRep is PASSED

2024-11-07 21:29:01 - [TEST_STEP][PASSED] - rad.getSetDataRAD.setDataRADAddress(): rad.getSetDataRAD.setDataRADAddress is PASSED

2024-11-07 21:29:02 - [MESSAGE][PASSED] - All options with label 'United States' are selected in object 'Object Repository/RAD_Pages/AddressAndContactInfo_Page/select_Country' 

2024-11-07 21:29:03 - [MESSAGE][PASSED] - Text '2508 Mandan Terrace' is set on object 'Object Repository/RAD_Pages/AddressAndContactInfo_Page/input_streetAddress1'

2024-11-07 21:29:03 - [MESSAGE][PASSED] - Text '' is set on object 'Object Repository/RAD_Pages/AddressAndContactInfo_Page/input_streetAddress2'

2024-11-07 21:29:04 - [MESSAGE][PASSED] - Text 'Gambrills' is set on object 'Object Repository/RAD_Pages/AddressAndContactInfo_Page/input_city'

2024-11-07 21:29:05 - [MESSAGE][PASSED] - All options with label 'Maryland' are selected in object 'Object Repository/RAD_Pages/AddressAndContactInfo_Page/select_State' 

2024-11-07 21:29:05 - [MESSAGE][PASSED] - Text '21054' is set on object 'Object Repository/RAD_Pages/AddressAndContactInfo_Page/input_zipCode'

2024-11-07 21:29:06 - [MESSAGE][PASSED] - Text '(703) 894-5000' is set on object 'Object Repository/RAD_Pages/AddressAndContactInfo_Page/input_phoneNumber'

2024-11-07 21:29:08 - [MESSAGE][PASSED] - Text 'iahmed@govolution.com' is set on object 'Object Repository/RAD_Pages/AddressAndContactInfo_Page/input_eMailAddress'

2024-11-07 21:29:09 - [MESSAGE][PASSED] - Text 'iahmed@govolution.com' is set on object 'Object Repository/RAD_Pages/AddressAndContactInfo_Page/input_reEnterEMailAddress'

2024-11-07 21:29:09 - [MESSAGE][PASSED] - rad.getSetDataRAD.setDataRADAddress is PASSED

2024-11-07 21:29:09 - [TEST_STEP][PASSED] - if (feinSSN.equalsIgnoreCase("Y")): null

2024-11-07 21:29:09 - [TEST_STEP][PASSED] - else: Text ****** has been set on object 'Object Repository/RAD_Pages/TaxInfo_Page/input_FederalEIN_ReEnter'

2024-11-07 21:29:09 - [TEST_STEP][PASSED] - if (!(TaxType.equalsIgnoreCase("Estate Tax"))): Text ****** has been set on object 'Object Repository/RAD_Pages/TaxInfo_Page/input_FederalEIN_ReEnter'

2024-11-07 21:29:09 - [TEST_STEP][PASSED] - setEncryptedText(findTestObject(orPath_TaxInfo + "/input_FederalEIN"), "yXB7JMCbD3QoFF75EQd3iw=="): Text ****** has been set on object 'Object Repository/RAD_Pages/TaxInfo_Page/input_FederalEIN'

2024-11-07 21:29:10 - [MESSAGE][PASSED] - Text ****** has been set on object 'Object Repository/RAD_Pages/TaxInfo_Page/input_FederalEIN'

2024-11-07 21:29:10 - [TEST_STEP][PASSED] - setEncryptedText(findTestObject(orPath_TaxInfo + "/input_FederalEIN_ReEnter"), "yXB7JMCbD3QoFF75EQd3iw=="): Text ****** has been set on object 'Object Repository/RAD_Pages/TaxInfo_Page/input_FederalEIN_ReEnter'

2024-11-07 21:29:11 - [MESSAGE][PASSED] - Text ****** has been set on object 'Object Repository/RAD_Pages/TaxInfo_Page/input_FederalEIN_ReEnter'

2024-11-07 21:29:11 - [TEST_STEP][PASSED] - if (CRN.equalsIgnoreCase("Y")): rad.getSetDataRAD.setDataRADMDCRN is PASSED

2024-11-07 21:29:11 - [TEST_STEP][PASSED] - rad.getSetDataRAD.setDataRADMDCRN(): rad.getSetDataRAD.setDataRADMDCRN is PASSED

2024-11-07 21:29:11 - [MESSAGE][PASSED] - Text '07640126' is set on object 'Object Repository/RAD_Pages/TaxInfo_Page/input_MDCRegistration'

2024-11-07 21:29:11 - [MESSAGE][PASSED] - rad.getSetDataRAD.setDataRADMDCRN is PASSED

2024-11-07 21:29:11 - [TEST_STEP][PASSED] - if (MFLicNum.equalsIgnoreCase("Y")): null

2024-11-07 21:29:11 - [TEST_STEP][PASSED] - if (TaxType.equalsIgnoreCase("Estate Tax")): null

2024-11-07 21:29:11 - [TEST_STEP][PASSED] - setText(findTestObject(orPath_Amount + "/input__paymentAmount"), "100.00"): Text '100.00' is set on object 'Object Repository/RAD_Pages/PaymentAmount_Page/input__paymentAmount'

2024-11-07 21:29:12 - [MESSAGE][PASSED] - Text '100.00' is set on object 'Object Repository/RAD_Pages/PaymentAmount_Page/input__paymentAmount'

2024-11-07 21:29:12 - [TEST_STEP][PASSED] - setText(findTestObject(orPath_AddressContact + "/input_streetAddress2"), ""): Text '' is set on object 'Object Repository/RAD_Pages/AddressAndContactInfo_Page/input_streetAddress2'

2024-11-07 21:29:13 - [MESSAGE][PASSED] - Text '' is set on object 'Object Repository/RAD_Pages/AddressAndContactInfo_Page/input_streetAddress2'

2024-11-07 21:29:13 - [TEST_STEP][PASSED] - scrollToElement(findTestObject(orPath_Landing + "/button_Continue"), 3): Scroll to object 'Object Repository/RAD_Pages/Landing_Page/button_Continue' successfully

2024-11-07 21:29:14 - [MESSAGE][PASSED] - Scroll to object 'Object Repository/RAD_Pages/Landing_Page/button_Continue' successfully

2024-11-07 21:29:14 - [TEST_STEP][PASSED] - waitForElementClickable(findTestObject(orPath_Landing + "/button_Continue"), 5): Object 'Object Repository/RAD_Pages/Landing_Page/button_Continue' is clickable

2024-11-07 21:29:14 - [MESSAGE][PASSED] - Object 'Object Repository/RAD_Pages/Landing_Page/button_Continue' is clickable

2024-11-07 21:29:14 - [TEST_STEP][PASSED] - click(findTestObject(orPath_Landing + "/button_Continue")): Object: 'Object Repository/RAD_Pages/Landing_Page/button_Continue' is clicked on

2024-11-07 21:29:15 - [MESSAGE][PASSED] - Object: 'Object Repository/RAD_Pages/Landing_Page/button_Continue' is clicked on

2024-11-07 21:29:15 - [TEST_STEP][PASSED] - delay(2): Delayed 2 second(s)

2024-11-07 21:29:17 - [MESSAGE][PASSED] - Delayed 2 second(s)

2024-11-07 21:29:17 - [TEST_STEP][PASSED] - verifyTextPresent("Summary", true): Text 'Summary' is present on page  using regular expression

2024-11-07 21:29:17 - [MESSAGE][PASSED] - Text 'Summary' is present on page  using regular expression

2024-11-07 21:29:17 - [TEST_STEP][PASSED] - verifyTextPresent("Review the information below and make any necessary corrections by clicking the", true): Text 'Review the information below and make any necessary corrections by clicking the' is present on page  using regular expression

2024-11-07 21:29:17 - [MESSAGE][PASSED] - Text 'Review the information below and make any necessary corrections by clicking the' is present on page  using regular expression

2024-11-07 21:29:17 - [TEST_STEP][PASSED] - verifyTextPresent("When you are confident that all the information is correct, click the", true): Text 'When you are confident that all the information is correct, click the' is present on page  using regular expression

2024-11-07 21:29:18 - [MESSAGE][PASSED] - Text 'When you are confident that all the information is correct, click the' is present on page  using regular expression

2024-11-07 21:29:18 - [TEST_STEP][PASSED] - verifyTextPresent("Payment Type/Filing Year", true): Text 'Payment Type/Filing Year' is present on page  using regular expression

2024-11-07 21:29:18 - [MESSAGE][PASSED] - Text 'Payment Type/Filing Year' is present on page  using regular expression

2024-11-07 21:29:18 - [TEST_STEP][PASSED] - verifyTextPresent("Payment Type:", true): Text 'Payment Type:' is present on page  using regular expression

2024-11-07 21:29:18 - [MESSAGE][PASSED] - Text 'Payment Type:' is present on page  using regular expression

2024-11-07 21:29:18 - [TEST_STEP][PASSED] - verifyTextPresent("New Tax Return Amount Due", true): Text 'New Tax Return Amount Due' is present on page  using regular expression

2024-11-07 21:29:19 - [MESSAGE][PASSED] - Text 'New Tax Return Amount Due' is present on page  using regular expression

2024-11-07 21:29:19 - [TEST_STEP][PASSED] - verifyTextPresent("Filing Year:", true): Text 'Filing Year:' is present on page  using regular expression

2024-11-07 21:29:19 - [MESSAGE][PASSED] - Text 'Filing Year:' is present on page  using regular expression

2024-11-07 21:29:19 - [TEST_STEP][PASSED] - verifyTextPresent(FilingYear, true): Text '2023' is present on page  using regular expression

2024-11-07 21:29:19 - [MESSAGE][PASSED] - Text '2023' is present on page  using regular expression

2024-11-07 21:29:19 - [TEST_STEP][PASSED] - verifyTextPresent("Payer Information", true): Text 'Payer Information' is present on page  using regular expression

2024-11-07 21:29:20 - [MESSAGE][PASSED] - Text 'Payer Information' is present on page  using regular expression

2024-11-07 21:29:20 - [TEST_STEP][PASSED] - verifyTextPresent("Taxpayer Name:", true): Text 'Taxpayer Name:' is present on page  using regular expression

2024-11-07 21:29:20 - [MESSAGE][PASSED] - Text 'Taxpayer Name:' is present on page  using regular expression

2024-11-07 21:29:20 - [TEST_STEP][PASSED] - verifyTextPresent("My Company", true): Text 'My Company' is present on page  using regular expression

2024-11-07 21:29:20 - [MESSAGE][PASSED] - Text 'My Company' is present on page  using regular expression

2024-11-07 21:29:20 - [TEST_STEP][PASSED] - verifyTextPresent("Business Rep Name:", true): Text 'Business Rep Name:' is present on page  using regular expression

2024-11-07 21:29:20 - [MESSAGE][PASSED] - Text 'Business Rep Name:' is present on page  using regular expression

2024-11-07 21:29:20 - [TEST_STEP][PASSED] - verifyTextPresent("BusRepFname BusRepLname", true): Text 'BusRepFname BusRepLname' is present on page  using regular expression

2024-11-07 21:29:21 - [MESSAGE][PASSED] - Text 'BusRepFname BusRepLname' is present on page  using regular expression

2024-11-07 21:29:21 - [TEST_STEP][PASSED] - verifyTextPresent("Taxpayer Address:", true): Text 'Taxpayer Address:' is present on page  using regular expression

2024-11-07 21:29:21 - [MESSAGE][PASSED] - Text 'Taxpayer Address:' is present on page  using regular expression

2024-11-07 21:29:21 - [TEST_STEP][PASSED] - verifyTextPresent("2508 Mandan Terrace Gambrills Maryland 21054", true): Text '2508 Mandan Terrace Gambrills Maryland 21054' is present on page  using regular expression

2024-11-07 21:29:21 - [MESSAGE][PASSED] - Text '2508 Mandan Terrace Gambrills Maryland 21054' is present on page  using regular expression

2024-11-07 21:29:21 - [TEST_STEP][PASSED] - verifyTextPresent("Email:", true): Text 'Email:' is present on page  using regular expression

2024-11-07 21:29:22 - [MESSAGE][PASSED] - Text 'Email:' is present on page  using regular expression

2024-11-07 21:29:22 - [TEST_STEP][PASSED] - verifyTextPresent("iahmed@govolution.com", true): Text 'iahmed@govolution.com' is present on page  using regular expression

2024-11-07 21:29:22 - [MESSAGE][PASSED] - Text 'iahmed@govolution.com' is present on page  using regular expression

2024-11-07 21:29:22 - [TEST_STEP][PASSED] - verifyTextPresent("Phone:", true): Text 'Phone:' is present on page  using regular expression

2024-11-07 21:29:22 - [MESSAGE][PASSED] - Text 'Phone:' is present on page  using regular expression

2024-11-07 21:29:22 - [TEST_STEP][PASSED] - verifyTextPresent("(703) 894-5000", false): Text '(703) 894-5000' is present on page 

2024-11-07 21:29:23 - [MESSAGE][PASSED] - Text '(703) 894-5000' is present on page 

2024-11-07 21:29:23 - [TEST_STEP][PASSED] - verifyTextPresent("Tax Information", true): Text 'Tax Information' is present on page  using regular expression

2024-11-07 21:29:23 - [MESSAGE][PASSED] - Text 'Tax Information' is present on page  using regular expression

2024-11-07 21:29:23 - [TEST_STEP][PASSED] - verifyTextNotPresent("Notice Number", true): Text 'Notice Number' is not present on page using regular expression

2024-11-07 21:29:23 - [MESSAGE][PASSED] - Text 'Notice Number' is not present on page using regular expression

2024-11-07 21:29:23 - [TEST_STEP][PASSED] - if (month.trim()): Text 'March' is present on page  using regular expression

2024-11-07 21:29:23 - [TEST_STEP][PASSED] - verifyTextPresent("Period Ending", true): Text 'Period Ending' is present on page  using regular expression

2024-11-07 21:29:24 - [MESSAGE][PASSED] - Text 'Period Ending' is present on page  using regular expression

2024-11-07 21:29:24 - [TEST_STEP][PASSED] - verifyTextPresent(month, true): Text 'March' is present on page  using regular expression

2024-11-07 21:29:24 - [MESSAGE][PASSED] - Text 'March' is present on page  using regular expression

2024-11-07 21:29:24 - [TEST_STEP][PASSED] - if (feinSSN.equalsIgnoreCase("Y")): null

2024-11-07 21:29:24 - [TEST_STEP][PASSED] - else: Text 'XXXXXXX87' is present on page  using regular expression

2024-11-07 21:29:24 - [TEST_STEP][PASSED] - if (!(TaxType.equalsIgnoreCase("Estate Tax"))): Text 'XXXXXXX87' is present on page  using regular expression

2024-11-07 21:29:24 - [TEST_STEP][PASSED] - verifyTextPresent("Federal EIN:", true): Text 'Federal EIN:' is present on page  using regular expression

2024-11-07 21:29:24 - [MESSAGE][PASSED] - Text 'Federal EIN:' is present on page  using regular expression

2024-11-07 21:29:24 - [TEST_STEP][PASSED] - verifyTextNotPresent("FEIN/SSN:", true): Text 'FEIN/SSN:' is not present on page using regular expression

2024-11-07 21:29:25 - [MESSAGE][PASSED] - Text 'FEIN/SSN:' is not present on page using regular expression

2024-11-07 21:29:25 - [TEST_STEP][PASSED] - verifyTextPresent("XXXXXXX87", true): Text 'XXXXXXX87' is present on page  using regular expression

2024-11-07 21:29:25 - [MESSAGE][PASSED] - Text 'XXXXXXX87' is present on page  using regular expression

2024-11-07 21:29:25 - [TEST_STEP][PASSED] - if (TaxType.equalsIgnoreCase("Estate Tax")): null

2024-11-07 21:29:25 - [TEST_STEP][PASSED] - if (CRN.equalsIgnoreCase("Y")): Text '07640126' is present on page  using regular expression

2024-11-07 21:29:25 - [TEST_STEP][PASSED] - verifyTextPresent("MD Central Registration Number#:", true): Text 'MD Central Registration Number#:' is present on page  using regular expression

2024-11-07 21:29:25 - [MESSAGE][PASSED] - Text 'MD Central Registration Number#:' is present on page  using regular expression

2024-11-07 21:29:25 - [TEST_STEP][PASSED] - verifyTextPresent("07640126", true): Text '07640126' is present on page  using regular expression

2024-11-07 21:29:26 - [MESSAGE][PASSED] - Text '07640126' is present on page  using regular expression

2024-11-07 21:29:26 - [TEST_STEP][PASSED] - if (MFLicNum.equalsIgnoreCase("Y")): null

2024-11-07 21:29:26 - [TEST_STEP][PASSED] - else: Text 'Motor Fuel License Number#:' is not present on page using regular expression

2024-11-07 21:29:26 - [TEST_STEP][PASSED] - verifyTextNotPresent("Motor Fuel License Number#:", true): Text 'Motor Fuel License Number#:' is not present on page using regular expression

2024-11-07 21:29:26 - [MESSAGE][PASSED] - Text 'Motor Fuel License Number#:' is not present on page using regular expression

2024-11-07 21:29:26 - [TEST_STEP][PASSED] - verifyTextPresent("Payment Amount:", true): Text 'Payment Amount:' is present on page  using regular expression

2024-11-07 21:29:26 - [MESSAGE][PASSED] - Text 'Payment Amount:' is present on page  using regular expression

2024-11-07 21:29:26 - [TEST_STEP][PASSED] - verifyTextPresent("100.00", true): Text '100.00' is present on page  using regular expression

2024-11-07 21:29:27 - [MESSAGE][PASSED] - Text '100.00' is present on page  using regular expression

2024-11-07 21:29:27 - [TEST_STEP][PASSED] - if (verifyElementVisible(findTestObject(orPath_Summary + "/button_Proceed to Payment"))): null

2024-11-07 21:29:27 - [MESSAGE][PASSED] - Object 'Object Repository/RAD_Pages/Summary_Page/button_Proceed to Payment' is visible

2024-11-07 21:29:27 - [TEST_STEP][PASSED] - resText = "Pass": null

2024-11-07 21:29:27 - [TEST_STEP][PASSED] - pages.WriteExcel.demoKey(resText, datText, resColumn, datCloumn, fileLoc, nameSheet, row): pages.WriteExcel.demoKey is PASSED

2024-11-07 21:29:27 - [MESSAGE][PASSED] - pages.WriteExcel.demoKey is PASSED

2024-11-07 21:29:27 - [TEST_STEP][PASSED] - click(findTestObject(orPath_Summary + "/button_Proceed to Payment")): Object: 'Object Repository/RAD_Pages/Summary_Page/button_Proceed to Payment' is clicked on

2024-11-07 21:29:30 - [MESSAGE][PASSED] - Object: 'Object Repository/RAD_Pages/Summary_Page/button_Proceed to Payment' is clicked on

2024-11-07 21:29:30 - [TEST_STEP][PASSED] - verifyElementPresent(findTestObject("Object Repository/RAD_Pages/PaymentEntry_Page/input__billingName"), 30): Object 'Object Repository/RAD_Pages/PaymentEntry_Page/input__billingName' is present

2024-11-07 21:29:30 - [MESSAGE][PASSED] - Object 'Object Repository/RAD_Pages/PaymentEntry_Page/input__billingName' is present

2024-11-07 21:29:30 - [TEST_STEP][PASSED] - ExecuteTC = findTestData(dataFile).getValue("Execute", row): null

2024-11-07 21:29:30 - [TEST_STEP][PASSED] - TaxType = findTestData(dataFile).getValue("TaxType", row): null

2024-11-07 21:29:30 - [TEST_STEP][PASSED] - PaymentType = findTestData(dataFile).getValue("PaymentType", row): null

2024-11-07 21:29:30 - [TEST_STEP][PASSED] - FilingYear = findTestData(dataFile).getValue("Year", row): null

2024-11-07 21:29:30 - [TEST_STEP][PASSED] - feinSSN = findTestData(dataFile).getValue("FeinSsn", row): null

2024-11-07 21:29:30 - [TEST_STEP][PASSED] - CRN = findTestData(dataFile).getValue("CRN", row): null

2024-11-07 21:29:30 - [TEST_STEP][PASSED] - month = findTestData(dataFile).getValue("Month", row): null

2024-11-07 21:29:31 - [TEST_STEP][PASSED] - MFLicNum = findTestData(dataFile).getValue("MFLicNum", row): null

2024-11-07 21:29:31 - [TEST_STEP][PASSED] - if (ExecuteTC.equalsIgnoreCase("Y")): Object 'Object Repository/RAD_Pages/PaymentEntry_Page/input__billingName' is present

2024-11-07 21:29:31 - [TEST_STEP][PASSED] - out.println("Begin Record Number: " + row): null

2024-11-07 21:29:31 - [TEST_STEP][PASSED] - today = new java.util.Date(): null

2024-11-07 21:29:31 - [TEST_STEP][PASSED] - println(today): null

2024-11-07 21:29:31 - [TEST_STEP][PASSED] - datText = today: null

2024-11-07 21:29:31 - [TEST_STEP][PASSED] - logInfo("Payment Type: New Tax Return Amount Due"): Payment Type: New Tax Return Amount Due

2024-11-07 21:29:31 - [MESSAGE][INFO] - Payment Type: New Tax Return Amount Due

2024-11-07 21:29:31 - [TEST_STEP][PASSED] - logInfo("Tax Type: " + TaxType): Tax Type: Corporate Income Tax

2024-11-07 21:29:31 - [MESSAGE][INFO] - Tax Type: Corporate Income Tax

2024-11-07 21:29:31 - [TEST_STEP][PASSED] - openBrowser(""): Browser is opened with url: ''

2024-11-07 21:29:31 - [MESSAGE][WARNING] - A browser is already opened. Closing browser and opening a new one

2024-11-07 21:29:33 - [MESSAGE][INFO] - Starting 'Chrome' driver

2024-11-07 21:29:33 - [MESSAGE][INFO] - User set preference: ['acceptInsecureCerts', 'true']

2024-11-07 21:29:33 - [MESSAGE][INFO] - Action delay is set to 0 milliseconds

2024-11-07 21:29:35 - [MESSAGE][PASSED] - Browser is opened with url: ''

2024-11-07 21:29:35 - [TEST_STEP][PASSED] - maximizeWindow(): Current window maximized

2024-11-07 21:29:35 - [MESSAGE][PASSED] - Current window maximized

2024-11-07 21:29:35 - [TEST_STEP][PASSED] - navigateToUrl(RADurl): Navigate to 'https://www.velocitypayment.com/client/rad/index.html' successfully

2024-11-07 21:29:37 - [MESSAGE][PASSED] - Navigate to 'https://www.velocitypayment.com/client/rad/index.html' successfully

2024-11-07 21:29:37 - [TEST_STEP][PASSED] - selectOptionByLabel(findTestObject(orPath_Landing + "/dd_TaxType"), "New Tax Return Amount Due", false): All options with label 'New Tax Return Amount Due' are selected in object 'Object Repository/RAD_Pages/Landing_Page/dd_TaxType' 

2024-11-07 21:29:38 - [MESSAGE][PASSED] - All options with label 'New Tax Return Amount Due' are selected in object 'Object Repository/RAD_Pages/Landing_Page/dd_TaxType' 

2024-11-07 21:29:38 - [TEST_STEP][PASSED] - selectOptionByLabel(findTestObject("Object Repository/RAD_Pages/Landing_Page/select_NewTaxReturnAmountDue_TaxType"), TaxType, false): All options with label 'Corporate Income Tax' are selected in object 'Object Repository/RAD_Pages/Landing_Page/select_NewTaxReturnAmountDue_TaxType' 

2024-11-07 21:29:38 - [MESSAGE][PASSED] - All options with label 'Corporate Income Tax' are selected in object 'Object Repository/RAD_Pages/Landing_Page/select_NewTaxReturnAmountDue_TaxType' 

2024-11-07 21:29:38 - [TEST_STEP][PASSED] - selectOptionByLabel(findTestObject(orPath_TaxTypeFilingYear + "/select_FilingYear"), FilingYear, false): All options with label '2022' are selected in object 'Object Repository/RAD_Pages/TaxTypeFilingYear_Page/select_FilingYear' 

2024-11-07 21:29:39 - [MESSAGE][PASSED] - All options with label '2022' are selected in object 'Object Repository/RAD_Pages/TaxTypeFilingYear_Page/select_FilingYear' 

2024-11-07 21:29:39 - [TEST_STEP][PASSED] - if (month.trim()): null

2024-11-07 21:29:39 - [TEST_STEP][PASSED] - rad.getSetDataRAD.setDataRADBusinessName(): rad.getSetDataRAD.setDataRADBusinessName is PASSED

2024-11-07 21:29:40 - [MESSAGE][PASSED] - Text 'My Company' is set on object 'Object Repository/RAD_Pages/Taxpayer_Page/input_businessName'

2024-11-07 21:29:40 - [MESSAGE][PASSED] - rad.getSetDataRAD.setDataRADBusinessName is PASSED

2024-11-07 21:29:40 - [TEST_STEP][PASSED] - rad.getSetDataRAD.setDataRADBusinessRep(): rad.getSetDataRAD.setDataRADBusinessRep is PASSED

2024-11-07 21:29:41 - [MESSAGE][PASSED] - Text 'BusRepFname' is set on object 'Object Repository/RAD_Pages/Taxpayer_Page/input_BusinessRepfirstName'

2024-11-07 21:29:41 - [MESSAGE][PASSED] - Text '' is set on object 'Object Repository/RAD_Pages/Taxpayer_Page/input_BusinessRepmiddleName'

2024-11-07 21:29:42 - [MESSAGE][PASSED] - Text 'BusRepLname' is set on object 'Object Repository/RAD_Pages/Taxpayer_Page/input_BusinessReplastName'

2024-11-07 21:29:43 - [MESSAGE][PASSED] - Text '' is set on object 'Object Repository/RAD_Pages/Taxpayer_Page/input_BusinessRepsuffix'

2024-11-07 21:29:43 - [MESSAGE][PASSED] - rad.getSetDataRAD.setDataRADBusinessRep is PASSED

2024-11-07 21:29:43 - [TEST_STEP][PASSED] - rad.getSetDataRAD.setDataRADAddress(): rad.getSetDataRAD.setDataRADAddress is PASSED

2024-11-07 21:29:43 - [MESSAGE][PASSED] - All options with label 'United States' are selected in object 'Object Repository/RAD_Pages/AddressAndContactInfo_Page/select_Country' 

2024-11-07 21:29:44 - [MESSAGE][PASSED] - Text '2508 Mandan Terrace' is set on object 'Object Repository/RAD_Pages/AddressAndContactInfo_Page/input_streetAddress1'

2024-11-07 21:29:45 - [MESSAGE][PASSED] - Text '' is set on object 'Object Repository/RAD_Pages/AddressAndContactInfo_Page/input_streetAddress2'

2024-11-07 21:29:46 - [MESSAGE][PASSED] - Text 'Gambrills' is set on object 'Object Repository/RAD_Pages/AddressAndContactInfo_Page/input_city'

2024-11-07 21:29:46 - [MESSAGE][PASSED] - All options with label 'Maryland' are selected in object 'Object Repository/RAD_Pages/AddressAndContactInfo_Page/select_State' 

2024-11-07 21:29:48 - [MESSAGE][PASSED] - Text '21054' is set on object 'Object Repository/RAD_Pages/AddressAndContactInfo_Page/input_zipCode'

2024-11-07 21:29:49 - [MESSAGE][PASSED] - Text '(703) 894-5000' is set on object 'Object Repository/RAD_Pages/AddressAndContactInfo_Page/input_phoneNumber'

2024-11-07 21:29:50 - [MESSAGE][PASSED] - Text 'iahmed@govolution.com' is set on object 'Object Repository/RAD_Pages/AddressAndContactInfo_Page/input_eMailAddress'

2024-11-07 21:29:50 - [MESSAGE][PASSED] - Text 'iahmed@govolution.com' is set on object 'Object Repository/RAD_Pages/AddressAndContactInfo_Page/input_reEnterEMailAddress'

2024-11-07 21:29:50 - [MESSAGE][PASSED] - rad.getSetDataRAD.setDataRADAddress is PASSED

2024-11-07 21:29:50 - [TEST_STEP][PASSED] - if (feinSSN.equalsIgnoreCase("Y")): null

2024-11-07 21:29:50 - [TEST_STEP][PASSED] - else: Text ****** has been set on object 'Object Repository/RAD_Pages/TaxInfo_Page/input_FederalEIN_ReEnter'

2024-11-07 21:29:50 - [TEST_STEP][PASSED] - if (!(TaxType.equalsIgnoreCase("Estate Tax"))): Text ****** has been set on object 'Object Repository/RAD_Pages/TaxInfo_Page/input_FederalEIN_ReEnter'

2024-11-07 21:29:50 - [TEST_STEP][PASSED] - setEncryptedText(findTestObject(orPath_TaxInfo + "/input_FederalEIN"), "yXB7JMCbD3QoFF75EQd3iw=="): Text ****** has been set on object 'Object Repository/RAD_Pages/TaxInfo_Page/input_FederalEIN'

2024-11-07 21:29:51 - [MESSAGE][PASSED] - Text ****** has been set on object 'Object Repository/RAD_Pages/TaxInfo_Page/input_FederalEIN'

2024-11-07 21:29:51 - [TEST_STEP][PASSED] - setEncryptedText(findTestObject(orPath_TaxInfo + "/input_FederalEIN_ReEnter"), "yXB7JMCbD3QoFF75EQd3iw=="): Text ****** has been set on object 'Object Repository/RAD_Pages/TaxInfo_Page/input_FederalEIN_ReEnter'

2024-11-07 21:29:52 - [MESSAGE][PASSED] - Text ****** has been set on object 'Object Repository/RAD_Pages/TaxInfo_Page/input_FederalEIN_ReEnter'

2024-11-07 21:29:52 - [TEST_STEP][PASSED] - if (CRN.equalsIgnoreCase("Y")): null

2024-11-07 21:29:52 - [TEST_STEP][PASSED] - if (MFLicNum.equalsIgnoreCase("Y")): null

2024-11-07 21:29:52 - [TEST_STEP][PASSED] - if (TaxType.equalsIgnoreCase("Estate Tax")): null

2024-11-07 21:29:52 - [TEST_STEP][PASSED] - setText(findTestObject(orPath_Amount + "/input__paymentAmount"), "100.00"): Text '100.00' is set on object 'Object Repository/RAD_Pages/PaymentAmount_Page/input__paymentAmount'

2024-11-07 21:29:52 - [MESSAGE][PASSED] - Text '100.00' is set on object 'Object Repository/RAD_Pages/PaymentAmount_Page/input__paymentAmount'

2024-11-07 21:29:52 - [TEST_STEP][PASSED] - setText(findTestObject(orPath_AddressContact + "/input_streetAddress2"), ""): Text '' is set on object 'Object Repository/RAD_Pages/AddressAndContactInfo_Page/input_streetAddress2'

2024-11-07 21:29:53 - [MESSAGE][PASSED] - Text '' is set on object 'Object Repository/RAD_Pages/AddressAndContactInfo_Page/input_streetAddress2'

2024-11-07 21:29:53 - [TEST_STEP][PASSED] - scrollToElement(findTestObject(orPath_Landing + "/button_Continue"), 3): Scroll to object 'Object Repository/RAD_Pages/Landing_Page/button_Continue' successfully

2024-11-07 21:29:53 - [MESSAGE][PASSED] - Scroll to object 'Object Repository/RAD_Pages/Landing_Page/button_Continue' successfully

2024-11-07 21:29:53 - [TEST_STEP][PASSED] - waitForElementClickable(findTestObject(orPath_Landing + "/button_Continue"), 5): Object 'Object Repository/RAD_Pages/Landing_Page/button_Continue' is clickable

2024-11-07 21:29:54 - [MESSAGE][PASSED] - Object 'Object Repository/RAD_Pages/Landing_Page/button_Continue' is clickable

2024-11-07 21:29:54 - [TEST_STEP][PASSED] - click(findTestObject(orPath_Landing + "/button_Continue")): Object: 'Object Repository/RAD_Pages/Landing_Page/button_Continue' is clicked on

2024-11-07 21:29:54 - [MESSAGE][PASSED] - Object: 'Object Repository/RAD_Pages/Landing_Page/button_Continue' is clicked on

2024-11-07 21:29:54 - [TEST_STEP][PASSED] - delay(2): Delayed 2 second(s)

2024-11-07 21:29:56 - [MESSAGE][PASSED] - Delayed 2 second(s)

2024-11-07 21:29:56 - [TEST_STEP][PASSED] - verifyTextPresent("Summary", true): Text 'Summary' is present on page  using regular expression

2024-11-07 21:29:56 - [MESSAGE][PASSED] - Text 'Summary' is present on page  using regular expression

2024-11-07 21:29:56 - [TEST_STEP][PASSED] - verifyTextPresent("Review the information below and make any necessary corrections by clicking the", true): Text 'Review the information below and make any necessary corrections by clicking the' is present on page  using regular expression

2024-11-07 21:29:57 - [MESSAGE][PASSED] - Text 'Review the information below and make any necessary corrections by clicking the' is present on page  using regular expression

2024-11-07 21:29:57 - [TEST_STEP][PASSED] - verifyTextPresent("When you are confident that all the information is correct, click the", true): Text 'When you are confident that all the information is correct, click the' is present on page  using regular expression

2024-11-07 21:29:57 - [MESSAGE][PASSED] - Text 'When you are confident that all the information is correct, click the' is present on page  using regular expression

2024-11-07 21:29:57 - [TEST_STEP][PASSED] - verifyTextPresent("Payment Type/Filing Year", true): Text 'Payment Type/Filing Year' is present on page  using regular expression

2024-11-07 21:29:57 - [MESSAGE][PASSED] - Text 'Payment Type/Filing Year' is present on page  using regular expression

2024-11-07 21:29:57 - [TEST_STEP][PASSED] - verifyTextPresent("Payment Type:", true): Text 'Payment Type:' is present on page  using regular expression

2024-11-07 21:29:58 - [MESSAGE][PASSED] - Text 'Payment Type:' is present on page  using regular expression

2024-11-07 21:29:58 - [TEST_STEP][PASSED] - verifyTextPresent("New Tax Return Amount Due", true): Text 'New Tax Return Amount Due' is present on page  using regular expression

2024-11-07 21:29:58 - [MESSAGE][PASSED] - Text 'New Tax Return Amount Due' is present on page  using regular expression

2024-11-07 21:29:58 - [TEST_STEP][PASSED] - verifyTextPresent("Filing Year:", true): Text 'Filing Year:' is present on page  using regular expression

2024-11-07 21:29:58 - [MESSAGE][PASSED] - Text 'Filing Year:' is present on page  using regular expression

2024-11-07 21:29:58 - [TEST_STEP][PASSED] - verifyTextPresent(FilingYear, true): Text '2022' is present on page  using regular expression

2024-11-07 21:29:59 - [MESSAGE][PASSED] - Text '2022' is present on page  using regular expression

2024-11-07 21:29:59 - [TEST_STEP][PASSED] - verifyTextPresent("Payer Information", true): Text 'Payer Information' is present on page  using regular expression

2024-11-07 21:29:59 - [MESSAGE][PASSED] - Text 'Payer Information' is present on page  using regular expression

2024-11-07 21:29:59 - [TEST_STEP][PASSED] - verifyTextPresent("Taxpayer Name:", true): Text 'Taxpayer Name:' is present on page  using regular expression

2024-11-07 21:29:59 - [MESSAGE][PASSED] - Text 'Taxpayer Name:' is present on page  using regular expression

2024-11-07 21:29:59 - [TEST_STEP][PASSED] - verifyTextPresent("My Company", true): Text 'My Company' is present on page  using regular expression

2024-11-07 21:30:00 - [MESSAGE][PASSED] - Text 'My Company' is present on page  using regular expression

2024-11-07 21:30:00 - [TEST_STEP][PASSED] - verifyTextPresent("Business Rep Name:", true): Text 'Business Rep Name:' is present on page  using regular expression

2024-11-07 21:30:00 - [MESSAGE][PASSED] - Text 'Business Rep Name:' is present on page  using regular expression

2024-11-07 21:30:00 - [TEST_STEP][PASSED] - verifyTextPresent("BusRepFname BusRepLname", true): Text 'BusRepFname BusRepLname' is present on page  using regular expression

2024-11-07 21:30:00 - [MESSAGE][PASSED] - Text 'BusRepFname BusRepLname' is present on page  using regular expression

2024-11-07 21:30:00 - [TEST_STEP][PASSED] - verifyTextPresent("Taxpayer Address:", true): Text 'Taxpayer Address:' is present on page  using regular expression

2024-11-07 21:30:01 - [MESSAGE][PASSED] - Text 'Taxpayer Address:' is present on page  using regular expression

2024-11-07 21:30:01 - [TEST_STEP][PASSED] - verifyTextPresent("2508 Mandan Terrace Gambrills Maryland 21054", true): Text '2508 Mandan Terrace Gambrills Maryland 21054' is present on page  using regular expression

2024-11-07 21:30:01 - [MESSAGE][PASSED] - Text '2508 Mandan Terrace Gambrills Maryland 21054' is present on page  using regular expression

2024-11-07 21:30:01 - [TEST_STEP][PASSED] - verifyTextPresent("Email:", true): Text 'Email:' is present on page  using regular expression

2024-11-07 21:30:01 - [MESSAGE][PASSED] - Text 'Email:' is present on page  using regular expression

2024-11-07 21:30:01 - [TEST_STEP][PASSED] - verifyTextPresent("iahmed@govolution.com", true): Text 'iahmed@govolution.com' is present on page  using regular expression

2024-11-07 21:30:02 - [MESSAGE][PASSED] - Text 'iahmed@govolution.com' is present on page  using regular expression

2024-11-07 21:30:02 - [TEST_STEP][PASSED] - verifyTextPresent("Phone:", true): Text 'Phone:' is present on page  using regular expression

2024-11-07 21:30:02 - [MESSAGE][PASSED] - Text 'Phone:' is present on page  using regular expression

2024-11-07 21:30:02 - [TEST_STEP][PASSED] - verifyTextPresent("(703) 894-5000", false): Text '(703) 894-5000' is present on page 

2024-11-07 21:30:02 - [MESSAGE][PASSED] - Text '(703) 894-5000' is present on page 

2024-11-07 21:30:02 - [TEST_STEP][PASSED] - verifyTextPresent("Tax Information", true): Text 'Tax Information' is present on page  using regular expression

2024-11-07 21:30:03 - [MESSAGE][PASSED] - Text 'Tax Information' is present on page  using regular expression

2024-11-07 21:30:03 - [TEST_STEP][PASSED] - verifyTextNotPresent("Notice Number", true): Text 'Notice Number' is not present on page using regular expression

2024-11-07 21:30:03 - [MESSAGE][PASSED] - Text 'Notice Number' is not present on page using regular expression

2024-11-07 21:30:03 - [TEST_STEP][PASSED] - if (month.trim()): null

2024-11-07 21:30:03 - [TEST_STEP][PASSED] - else: Text 'Period Ending' is not present on page using regular expression

2024-11-07 21:30:03 - [TEST_STEP][PASSED] - verifyTextNotPresent("Period Ending", true): Text 'Period Ending' is not present on page using regular expression

2024-11-07 21:30:03 - [MESSAGE][PASSED] - Text 'Period Ending' is not present on page using regular expression

2024-11-07 21:30:03 - [TEST_STEP][PASSED] - if (feinSSN.equalsIgnoreCase("Y")): null

2024-11-07 21:30:03 - [TEST_STEP][PASSED] - else: Text 'XXXXXXX87' is present on page  using regular expression

2024-11-07 21:30:03 - [TEST_STEP][PASSED] - if (!(TaxType.equalsIgnoreCase("Estate Tax"))): Text 'XXXXXXX87' is present on page  using regular expression

2024-11-07 21:30:03 - [TEST_STEP][PASSED] - verifyTextPresent("Federal EIN:", true): Text 'Federal EIN:' is present on page  using regular expression

2024-11-07 21:30:04 - [MESSAGE][PASSED] - Text 'Federal EIN:' is present on page  using regular expression

2024-11-07 21:30:04 - [TEST_STEP][PASSED] - verifyTextNotPresent("FEIN/SSN:", true): Text 'FEIN/SSN:' is not present on page using regular expression

2024-11-07 21:30:04 - [MESSAGE][PASSED] - Text 'FEIN/SSN:' is not present on page using regular expression

2024-11-07 21:30:04 - [TEST_STEP][PASSED] - verifyTextPresent("XXXXXXX87", true): Text 'XXXXXXX87' is present on page  using regular expression

2024-11-07 21:30:04 - [MESSAGE][PASSED] - Text 'XXXXXXX87' is present on page  using regular expression

2024-11-07 21:30:04 - [TEST_STEP][PASSED] - if (TaxType.equalsIgnoreCase("Estate Tax")): null

2024-11-07 21:30:04 - [TEST_STEP][PASSED] - if (CRN.equalsIgnoreCase("Y")): null

2024-11-07 21:30:04 - [TEST_STEP][PASSED] - else: Text 'MD Central Registration Number' is not present on page using regular expression

2024-11-07 21:30:04 - [TEST_STEP][PASSED] - verifyTextNotPresent("MD Central Registration Number", true): Text 'MD Central Registration Number' is not present on page using regular expression

2024-11-07 21:30:05 - [MESSAGE][PASSED] - Text 'MD Central Registration Number' is not present on page using regular expression

2024-11-07 21:30:05 - [TEST_STEP][PASSED] - if (MFLicNum.equalsIgnoreCase("Y")): null

2024-11-07 21:30:05 - [TEST_STEP][PASSED] - else: Text 'Motor Fuel License Number#:' is not present on page using regular expression

2024-11-07 21:30:05 - [TEST_STEP][PASSED] - verifyTextNotPresent("Motor Fuel License Number#:", true): Text 'Motor Fuel License Number#:' is not present on page using regular expression

2024-11-07 21:30:05 - [MESSAGE][PASSED] - Text 'Motor Fuel License Number#:' is not present on page using regular expression

2024-11-07 21:30:05 - [TEST_STEP][PASSED] - verifyTextPresent("Payment Amount:", true): Text 'Payment Amount:' is present on page  using regular expression

2024-11-07 21:30:05 - [MESSAGE][PASSED] - Text 'Payment Amount:' is present on page  using regular expression

2024-11-07 21:30:05 - [TEST_STEP][PASSED] - verifyTextPresent("100.00", true): Text '100.00' is present on page  using regular expression

2024-11-07 21:30:06 - [MESSAGE][PASSED] - Text '100.00' is present on page  using regular expression

2024-11-07 21:30:06 - [TEST_STEP][PASSED] - if (verifyElementVisible(findTestObject(orPath_Summary + "/button_Proceed to Payment"))): null

2024-11-07 21:30:06 - [MESSAGE][PASSED] - Object 'Object Repository/RAD_Pages/Summary_Page/button_Proceed to Payment' is visible

2024-11-07 21:30:06 - [TEST_STEP][PASSED] - resText = "Pass": null

2024-11-07 21:30:06 - [TEST_STEP][PASSED] - pages.WriteExcel.demoKey(resText, datText, resColumn, datCloumn, fileLoc, nameSheet, row): pages.WriteExcel.demoKey is PASSED

2024-11-07 21:30:06 - [MESSAGE][PASSED] - pages.WriteExcel.demoKey is PASSED

2024-11-07 21:30:06 - [TEST_STEP][PASSED] - click(findTestObject(orPath_Summary + "/button_Proceed to Payment")): Object: 'Object Repository/RAD_Pages/Summary_Page/button_Proceed to Payment' is clicked on

2024-11-07 21:30:09 - [MESSAGE][PASSED] - Object: 'Object Repository/RAD_Pages/Summary_Page/button_Proceed to Payment' is clicked on

2024-11-07 21:30:09 - [TEST_STEP][PASSED] - verifyElementPresent(findTestObject("Object Repository/RAD_Pages/PaymentEntry_Page/input__billingName"), 30): Object 'Object Repository/RAD_Pages/PaymentEntry_Page/input__billingName' is present

2024-11-07 21:30:09 - [MESSAGE][PASSED] - Object 'Object Repository/RAD_Pages/PaymentEntry_Page/input__billingName' is present

2024-11-07 21:30:09 - [TEST_STEP][PASSED] - ExecuteTC = findTestData(dataFile).getValue("Execute", row): null

2024-11-07 21:30:09 - [TEST_STEP][PASSED] - TaxType = findTestData(dataFile).getValue("TaxType", row): null

2024-11-07 21:30:09 - [TEST_STEP][PASSED] - PaymentType = findTestData(dataFile).getValue("PaymentType", row): null

2024-11-07 21:30:09 - [TEST_STEP][PASSED] - FilingYear = findTestData(dataFile).getValue("Year", row): null

2024-11-07 21:30:09 - [TEST_STEP][PASSED] - feinSSN = findTestData(dataFile).getValue("FeinSsn", row): null

2024-11-07 21:30:09 - [TEST_STEP][PASSED] - CRN = findTestData(dataFile).getValue("CRN", row): null

2024-11-07 21:30:09 - [TEST_STEP][PASSED] - month = findTestData(dataFile).getValue("Month", row): null

2024-11-07 21:30:09 - [TEST_STEP][PASSED] - MFLicNum = findTestData(dataFile).getValue("MFLicNum", row): null

2024-11-07 21:30:09 - [TEST_STEP][PASSED] - if (ExecuteTC.equalsIgnoreCase("Y")): Object 'Object Repository/RAD_Pages/PaymentEntry_Page/input__billingName' is present

2024-11-07 21:30:09 - [TEST_STEP][PASSED] - out.println("Begin Record Number: " + row): null

2024-11-07 21:30:09 - [TEST_STEP][PASSED] - today = new java.util.Date(): null

2024-11-07 21:30:09 - [TEST_STEP][PASSED] - println(today): null

2024-11-07 21:30:09 - [TEST_STEP][PASSED] - datText = today: null

2024-11-07 21:30:09 - [TEST_STEP][PASSED] - logInfo("Payment Type: New Tax Return Amount Due"): Payment Type: New Tax Return Amount Due

2024-11-07 21:30:09 - [MESSAGE][INFO] - Payment Type: New Tax Return Amount Due

2024-11-07 21:30:09 - [TEST_STEP][PASSED] - logInfo("Tax Type: " + TaxType): Tax Type: Motor Fuel Tax

2024-11-07 21:30:09 - [MESSAGE][INFO] - Tax Type: Motor Fuel Tax

2024-11-07 21:30:09 - [TEST_STEP][PASSED] - openBrowser(""): Browser is opened with url: ''

2024-11-07 21:30:09 - [MESSAGE][WARNING] - A browser is already opened. Closing browser and opening a new one

2024-11-07 21:30:11 - [MESSAGE][INFO] - Starting 'Chrome' driver

2024-11-07 21:30:11 - [MESSAGE][INFO] - User set preference: ['acceptInsecureCerts', 'true']

2024-11-07 21:30:11 - [MESSAGE][INFO] - Action delay is set to 0 milliseconds

2024-11-07 21:30:13 - [MESSAGE][PASSED] - Browser is opened with url: ''

2024-11-07 21:30:13 - [TEST_STEP][PASSED] - maximizeWindow(): Current window maximized

2024-11-07 21:30:13 - [MESSAGE][PASSED] - Current window maximized

2024-11-07 21:30:13 - [TEST_STEP][PASSED] - navigateToUrl(RADurl): Navigate to 'https://www.velocitypayment.com/client/rad/index.html' successfully

2024-11-07 21:30:15 - [MESSAGE][PASSED] - Navigate to 'https://www.velocitypayment.com/client/rad/index.html' successfully

2024-11-07 21:30:15 - [TEST_STEP][PASSED] - selectOptionByLabel(findTestObject(orPath_Landing + "/dd_TaxType"), "New Tax Return Amount Due", false): All options with label 'New Tax Return Amount Due' are selected in object 'Object Repository/RAD_Pages/Landing_Page/dd_TaxType' 

2024-11-07 21:30:16 - [MESSAGE][PASSED] - All options with label 'New Tax Return Amount Due' are selected in object 'Object Repository/RAD_Pages/Landing_Page/dd_TaxType' 

2024-11-07 21:30:16 - [TEST_STEP][PASSED] - selectOptionByLabel(findTestObject("Object Repository/RAD_Pages/Landing_Page/select_NewTaxReturnAmountDue_TaxType"), TaxType, false): All options with label 'Motor Fuel Tax' are selected in object 'Object Repository/RAD_Pages/Landing_Page/select_NewTaxReturnAmountDue_TaxType' 

2024-11-07 21:30:17 - [MESSAGE][PASSED] - All options with label 'Motor Fuel Tax' are selected in object 'Object Repository/RAD_Pages/Landing_Page/select_NewTaxReturnAmountDue_TaxType' 

2024-11-07 21:30:17 - [TEST_STEP][PASSED] - selectOptionByLabel(findTestObject(orPath_TaxTypeFilingYear + "/select_FilingYear"), FilingYear, false): All options with label '2023' are selected in object 'Object Repository/RAD_Pages/TaxTypeFilingYear_Page/select_FilingYear' 

2024-11-07 21:30:17 - [MESSAGE][PASSED] - All options with label '2023' are selected in object 'Object Repository/RAD_Pages/TaxTypeFilingYear_Page/select_FilingYear' 

2024-11-07 21:30:17 - [TEST_STEP][PASSED] - if (month.trim()): All options with label 'April' are selected in object 'Object Repository/RAD_Pages/TaxTypeFilingYear_Page/select_PeriodEnding' 

2024-11-07 21:30:17 - [TEST_STEP][PASSED] - selectOptionByLabel(findTestObject(orPath_TaxTypeFilingYear + "/select_PeriodEnding"), month, false): All options with label 'April' are selected in object 'Object Repository/RAD_Pages/TaxTypeFilingYear_Page/select_PeriodEnding' 

2024-11-07 21:30:18 - [MESSAGE][PASSED] - All options with label 'April' are selected in object 'Object Repository/RAD_Pages/TaxTypeFilingYear_Page/select_PeriodEnding' 

2024-11-07 21:30:18 - [TEST_STEP][PASSED] - rad.getSetDataRAD.setDataRADBusinessName(): rad.getSetDataRAD.setDataRADBusinessName is PASSED

2024-11-07 21:30:19 - [MESSAGE][PASSED] - Text 'My Company' is set on object 'Object Repository/RAD_Pages/Taxpayer_Page/input_businessName'

2024-11-07 21:30:19 - [MESSAGE][PASSED] - rad.getSetDataRAD.setDataRADBusinessName is PASSED

2024-11-07 21:30:19 - [TEST_STEP][PASSED] - rad.getSetDataRAD.setDataRADBusinessRep(): rad.getSetDataRAD.setDataRADBusinessRep is PASSED

2024-11-07 21:30:20 - [MESSAGE][PASSED] - Text 'BusRepFname' is set on object 'Object Repository/RAD_Pages/Taxpayer_Page/input_BusinessRepfirstName'

2024-11-07 21:30:21 - [MESSAGE][PASSED] - Text '' is set on object 'Object Repository/RAD_Pages/Taxpayer_Page/input_BusinessRepmiddleName'

2024-11-07 21:30:21 - [MESSAGE][PASSED] - Text 'BusRepLname' is set on object 'Object Repository/RAD_Pages/Taxpayer_Page/input_BusinessReplastName'

2024-11-07 21:30:22 - [MESSAGE][PASSED] - Text '' is set on object 'Object Repository/RAD_Pages/Taxpayer_Page/input_BusinessRepsuffix'

2024-11-07 21:30:22 - [MESSAGE][PASSED] - rad.getSetDataRAD.setDataRADBusinessRep is PASSED

2024-11-07 21:30:22 - [TEST_STEP][PASSED] - rad.getSetDataRAD.setDataRADAddress(): rad.getSetDataRAD.setDataRADAddress is PASSED

2024-11-07 21:30:23 - [MESSAGE][PASSED] - All options with label 'United States' are selected in object 'Object Repository/RAD_Pages/AddressAndContactInfo_Page/select_Country' 

2024-11-07 21:30:24 - [MESSAGE][PASSED] - Text '2508 Mandan Terrace' is set on object 'Object Repository/RAD_Pages/AddressAndContactInfo_Page/input_streetAddress1'

2024-11-07 21:30:25 - [MESSAGE][PASSED] - Text '' is set on object 'Object Repository/RAD_Pages/AddressAndContactInfo_Page/input_streetAddress2'

2024-11-07 21:30:26 - [MESSAGE][PASSED] - Text 'Gambrills' is set on object 'Object Repository/RAD_Pages/AddressAndContactInfo_Page/input_city'

2024-11-07 21:30:26 - [MESSAGE][PASSED] - All options with label 'Maryland' are selected in object 'Object Repository/RAD_Pages/AddressAndContactInfo_Page/select_State' 

2024-11-07 21:30:27 - [MESSAGE][PASSED] - Text '21054' is set on object 'Object Repository/RAD_Pages/AddressAndContactInfo_Page/input_zipCode'

2024-11-07 21:30:28 - [MESSAGE][PASSED] - Text '(703) 894-5000' is set on object 'Object Repository/RAD_Pages/AddressAndContactInfo_Page/input_phoneNumber'

2024-11-07 21:30:29 - [MESSAGE][PASSED] - Text 'iahmed@govolution.com' is set on object 'Object Repository/RAD_Pages/AddressAndContactInfo_Page/input_eMailAddress'

2024-11-07 21:30:30 - [MESSAGE][PASSED] - Text 'iahmed@govolution.com' is set on object 'Object Repository/RAD_Pages/AddressAndContactInfo_Page/input_reEnterEMailAddress'

2024-11-07 21:30:30 - [MESSAGE][PASSED] - rad.getSetDataRAD.setDataRADAddress is PASSED

2024-11-07 21:30:30 - [TEST_STEP][PASSED] - if (feinSSN.equalsIgnoreCase("Y")): null

2024-11-07 21:30:30 - [TEST_STEP][PASSED] - else: Text ****** has been set on object 'Object Repository/RAD_Pages/TaxInfo_Page/input_FederalEIN_ReEnter'

2024-11-07 21:30:30 - [TEST_STEP][PASSED] - if (!(TaxType.equalsIgnoreCase("Estate Tax"))): Text ****** has been set on object 'Object Repository/RAD_Pages/TaxInfo_Page/input_FederalEIN_ReEnter'

2024-11-07 21:30:30 - [TEST_STEP][PASSED] - setEncryptedText(findTestObject(orPath_TaxInfo + "/input_FederalEIN"), "yXB7JMCbD3QoFF75EQd3iw=="): Text ****** has been set on object 'Object Repository/RAD_Pages/TaxInfo_Page/input_FederalEIN'

2024-11-07 21:30:30 - [MESSAGE][PASSED] - Text ****** has been set on object 'Object Repository/RAD_Pages/TaxInfo_Page/input_FederalEIN'

2024-11-07 21:30:30 - [TEST_STEP][PASSED] - setEncryptedText(findTestObject(orPath_TaxInfo + "/input_FederalEIN_ReEnter"), "yXB7JMCbD3QoFF75EQd3iw=="): Text ****** has been set on object 'Object Repository/RAD_Pages/TaxInfo_Page/input_FederalEIN_ReEnter'

2024-11-07 21:30:31 - [MESSAGE][PASSED] - Text ****** has been set on object 'Object Repository/RAD_Pages/TaxInfo_Page/input_FederalEIN_ReEnter'

2024-11-07 21:30:31 - [TEST_STEP][PASSED] - if (CRN.equalsIgnoreCase("Y")): null

2024-11-07 21:30:31 - [TEST_STEP][PASSED] - if (MFLicNum.equalsIgnoreCase("Y")): rad.getSetDataRAD.setDataRADMFLicNumSix is PASSED

2024-11-07 21:30:31 - [TEST_STEP][PASSED] - rad.getSetDataRAD.setDataRADMFLicNumSix(): rad.getSetDataRAD.setDataRADMFLicNumSix is PASSED

2024-11-07 21:30:32 - [MESSAGE][PASSED] - Text '758142' is set on object 'Object Repository/RAD_Pages/TaxInfo_Page/input_MotorFuelLicNum'

2024-11-07 21:30:32 - [MESSAGE][PASSED] - rad.getSetDataRAD.setDataRADMFLicNumSix is PASSED

2024-11-07 21:30:32 - [TEST_STEP][PASSED] - if (TaxType.equalsIgnoreCase("Estate Tax")): null

2024-11-07 21:30:32 - [TEST_STEP][PASSED] - setText(findTestObject(orPath_Amount + "/input__paymentAmount"), "100.00"): Text '100.00' is set on object 'Object Repository/RAD_Pages/PaymentAmount_Page/input__paymentAmount'

2024-11-07 21:30:32 - [MESSAGE][PASSED] - Text '100.00' is set on object 'Object Repository/RAD_Pages/PaymentAmount_Page/input__paymentAmount'

2024-11-07 21:30:32 - [TEST_STEP][PASSED] - setText(findTestObject(orPath_AddressContact + "/input_streetAddress2"), ""): Text '' is set on object 'Object Repository/RAD_Pages/AddressAndContactInfo_Page/input_streetAddress2'

2024-11-07 21:30:33 - [MESSAGE][PASSED] - Text '' is set on object 'Object Repository/RAD_Pages/AddressAndContactInfo_Page/input_streetAddress2'

2024-11-07 21:30:33 - [TEST_STEP][PASSED] - scrollToElement(findTestObject(orPath_Landing + "/button_Continue"), 3): Scroll to object 'Object Repository/RAD_Pages/Landing_Page/button_Continue' successfully

2024-11-07 21:30:33 - [MESSAGE][PASSED] - Scroll to object 'Object Repository/RAD_Pages/Landing_Page/button_Continue' successfully

2024-11-07 21:30:33 - [TEST_STEP][PASSED] - waitForElementClickable(findTestObject(orPath_Landing + "/button_Continue"), 5): Object 'Object Repository/RAD_Pages/Landing_Page/button_Continue' is clickable

2024-11-07 21:30:34 - [MESSAGE][PASSED] - Object 'Object Repository/RAD_Pages/Landing_Page/button_Continue' is clickable

2024-11-07 21:30:34 - [TEST_STEP][PASSED] - click(findTestObject(orPath_Landing + "/button_Continue")): Object: 'Object Repository/RAD_Pages/Landing_Page/button_Continue' is clicked on

2024-11-07 21:30:34 - [MESSAGE][PASSED] - Object: 'Object Repository/RAD_Pages/Landing_Page/button_Continue' is clicked on

2024-11-07 21:30:34 - [TEST_STEP][PASSED] - delay(2): Delayed 2 second(s)

2024-11-07 21:30:36 - [MESSAGE][PASSED] - Delayed 2 second(s)

2024-11-07 21:30:36 - [TEST_STEP][PASSED] - verifyTextPresent("Summary", true): Text 'Summary' is present on page  using regular expression

2024-11-07 21:30:36 - [MESSAGE][PASSED] - Text 'Summary' is present on page  using regular expression

2024-11-07 21:30:36 - [TEST_STEP][PASSED] - verifyTextPresent("Review the information below and make any necessary corrections by clicking the", true): Text 'Review the information below and make any necessary corrections by clicking the' is present on page  using regular expression

2024-11-07 21:30:37 - [MESSAGE][PASSED] - Text 'Review the information below and make any necessary corrections by clicking the' is present on page  using regular expression

2024-11-07 21:30:37 - [TEST_STEP][PASSED] - verifyTextPresent("When you are confident that all the information is correct, click the", true): Text 'When you are confident that all the information is correct, click the' is present on page  using regular expression

2024-11-07 21:30:37 - [MESSAGE][PASSED] - Text 'When you are confident that all the information is correct, click the' is present on page  using regular expression

2024-11-07 21:30:37 - [TEST_STEP][PASSED] - verifyTextPresent("Payment Type/Filing Year", true): Text 'Payment Type/Filing Year' is present on page  using regular expression

2024-11-07 21:30:37 - [MESSAGE][PASSED] - Text 'Payment Type/Filing Year' is present on page  using regular expression

2024-11-07 21:30:37 - [TEST_STEP][PASSED] - verifyTextPresent("Payment Type:", true): Text 'Payment Type:' is present on page  using regular expression

2024-11-07 21:30:38 - [MESSAGE][PASSED] - Text 'Payment Type:' is present on page  using regular expression

2024-11-07 21:30:38 - [TEST_STEP][PASSED] - verifyTextPresent("New Tax Return Amount Due", true): Text 'New Tax Return Amount Due' is present on page  using regular expression

2024-11-07 21:30:38 - [MESSAGE][PASSED] - Text 'New Tax Return Amount Due' is present on page  using regular expression

2024-11-07 21:30:38 - [TEST_STEP][PASSED] - verifyTextPresent("Filing Year:", true): Text 'Filing Year:' is present on page  using regular expression

2024-11-07 21:30:38 - [MESSAGE][PASSED] - Text 'Filing Year:' is present on page  using regular expression

2024-11-07 21:30:38 - [TEST_STEP][PASSED] - verifyTextPresent(FilingYear, true): Text '2023' is present on page  using regular expression

2024-11-07 21:30:39 - [MESSAGE][PASSED] - Text '2023' is present on page  using regular expression

2024-11-07 21:30:39 - [TEST_STEP][PASSED] - verifyTextPresent("Payer Information", true): Text 'Payer Information' is present on page  using regular expression

2024-11-07 21:30:39 - [MESSAGE][PASSED] - Text 'Payer Information' is present on page  using regular expression

2024-11-07 21:30:39 - [TEST_STEP][PASSED] - verifyTextPresent("Taxpayer Name:", true): Text 'Taxpayer Name:' is present on page  using regular expression

2024-11-07 21:30:39 - [MESSAGE][PASSED] - Text 'Taxpayer Name:' is present on page  using regular expression

2024-11-07 21:30:39 - [TEST_STEP][PASSED] - verifyTextPresent("My Company", true): Text 'My Company' is present on page  using regular expression

2024-11-07 21:30:40 - [MESSAGE][PASSED] - Text 'My Company' is present on page  using regular expression

2024-11-07 21:30:40 - [TEST_STEP][PASSED] - verifyTextPresent("Business Rep Name:", true): Text 'Business Rep Name:' is present on page  using regular expression

2024-11-07 21:30:40 - [MESSAGE][PASSED] - Text 'Business Rep Name:' is present on page  using regular expression

2024-11-07 21:30:40 - [TEST_STEP][PASSED] - verifyTextPresent("BusRepFname BusRepLname", true): Text 'BusRepFname BusRepLname' is present on page  using regular expression

2024-11-07 21:30:40 - [MESSAGE][PASSED] - Text 'BusRepFname BusRepLname' is present on page  using regular expression

2024-11-07 21:30:40 - [TEST_STEP][PASSED] - verifyTextPresent("Taxpayer Address:", true): Text 'Taxpayer Address:' is present on page  using regular expression

2024-11-07 21:30:41 - [MESSAGE][PASSED] - Text 'Taxpayer Address:' is present on page  using regular expression

2024-11-07 21:30:41 - [TEST_STEP][PASSED] - verifyTextPresent("2508 Mandan Terrace Gambrills Maryland 21054", true): Text '2508 Mandan Terrace Gambrills Maryland 21054' is present on page  using regular expression

2024-11-07 21:30:41 - [MESSAGE][PASSED] - Text '2508 Mandan Terrace Gambrills Maryland 21054' is present on page  using regular expression

2024-11-07 21:30:41 - [TEST_STEP][PASSED] - verifyTextPresent("Email:", true): Text 'Email:' is present on page  using regular expression

2024-11-07 21:30:41 - [MESSAGE][PASSED] - Text 'Email:' is present on page  using regular expression

2024-11-07 21:30:41 - [TEST_STEP][PASSED] - verifyTextPresent("iahmed@govolution.com", true): Text 'iahmed@govolution.com' is present on page  using regular expression

2024-11-07 21:30:42 - [MESSAGE][PASSED] - Text 'iahmed@govolution.com' is present on page  using regular expression

2024-11-07 21:30:42 - [TEST_STEP][PASSED] - verifyTextPresent("Phone:", true): Text 'Phone:' is present on page  using regular expression

2024-11-07 21:30:42 - [MESSAGE][PASSED] - Text 'Phone:' is present on page  using regular expression

2024-11-07 21:30:42 - [TEST_STEP][PASSED] - verifyTextPresent("(703) 894-5000", false): Text '(703) 894-5000' is present on page 

2024-11-07 21:30:42 - [MESSAGE][PASSED] - Text '(703) 894-5000' is present on page 

2024-11-07 21:30:42 - [TEST_STEP][PASSED] - verifyTextPresent("Tax Information", true): Text 'Tax Information' is present on page  using regular expression

2024-11-07 21:30:43 - [MESSAGE][PASSED] - Text 'Tax Information' is present on page  using regular expression

2024-11-07 21:30:43 - [TEST_STEP][PASSED] - verifyTextNotPresent("Notice Number", true): Text 'Notice Number' is not present on page using regular expression

2024-11-07 21:30:43 - [MESSAGE][PASSED] - Text 'Notice Number' is not present on page using regular expression

2024-11-07 21:30:43 - [TEST_STEP][PASSED] - if (month.trim()): Text 'April' is present on page  using regular expression

2024-11-07 21:30:43 - [TEST_STEP][PASSED] - verifyTextPresent("Period Ending", true): Text 'Period Ending' is present on page  using regular expression

2024-11-07 21:30:43 - [MESSAGE][PASSED] - Text 'Period Ending' is present on page  using regular expression

2024-11-07 21:30:43 - [TEST_STEP][PASSED] - verifyTextPresent(month, true): Text 'April' is present on page  using regular expression

2024-11-07 21:30:44 - [MESSAGE][PASSED] - Text 'April' is present on page  using regular expression

2024-11-07 21:30:44 - [TEST_STEP][PASSED] - if (feinSSN.equalsIgnoreCase("Y")): null

2024-11-07 21:30:44 - [TEST_STEP][PASSED] - else: Text 'XXXXXXX87' is present on page  using regular expression

2024-11-07 21:30:44 - [TEST_STEP][PASSED] - if (!(TaxType.equalsIgnoreCase("Estate Tax"))): Text 'XXXXXXX87' is present on page  using regular expression

2024-11-07 21:30:44 - [TEST_STEP][PASSED] - verifyTextPresent("Federal EIN:", true): Text 'Federal EIN:' is present on page  using regular expression

2024-11-07 21:30:44 - [MESSAGE][PASSED] - Text 'Federal EIN:' is present on page  using regular expression

2024-11-07 21:30:44 - [TEST_STEP][PASSED] - verifyTextNotPresent("FEIN/SSN:", true): Text 'FEIN/SSN:' is not present on page using regular expression

2024-11-07 21:30:44 - [MESSAGE][PASSED] - Text 'FEIN/SSN:' is not present on page using regular expression

2024-11-07 21:30:44 - [TEST_STEP][PASSED] - verifyTextPresent("XXXXXXX87", true): Text 'XXXXXXX87' is present on page  using regular expression

2024-11-07 21:30:45 - [MESSAGE][PASSED] - Text 'XXXXXXX87' is present on page  using regular expression

2024-11-07 21:30:45 - [TEST_STEP][PASSED] - if (TaxType.equalsIgnoreCase("Estate Tax")): null

2024-11-07 21:30:45 - [TEST_STEP][PASSED] - if (CRN.equalsIgnoreCase("Y")): null

2024-11-07 21:30:45 - [TEST_STEP][PASSED] - else: Text 'MD Central Registration Number' is not present on page using regular expression

2024-11-07 21:30:45 - [TEST_STEP][PASSED] - verifyTextNotPresent("MD Central Registration Number", true): Text 'MD Central Registration Number' is not present on page using regular expression

2024-11-07 21:30:45 - [MESSAGE][PASSED] - Text 'MD Central Registration Number' is not present on page using regular expression

2024-11-07 21:30:45 - [TEST_STEP][PASSED] - if (MFLicNum.equalsIgnoreCase("Y")): Text '758142' is present on page  using regular expression

2024-11-07 21:30:45 - [TEST_STEP][PASSED] - verifyTextPresent("Motor Fuel License Number#:", true): Text 'Motor Fuel License Number#:' is present on page  using regular expression

2024-11-07 21:30:45 - [MESSAGE][PASSED] - Text 'Motor Fuel License Number#:' is present on page  using regular expression

2024-11-07 21:30:45 - [TEST_STEP][PASSED] - verifyTextPresent("758142", true): Text '758142' is present on page  using regular expression

2024-11-07 21:30:46 - [MESSAGE][PASSED] - Text '758142' is present on page  using regular expression

2024-11-07 21:30:46 - [TEST_STEP][PASSED] - verifyTextPresent("Payment Amount:", true): Text 'Payment Amount:' is present on page  using regular expression

2024-11-07 21:30:46 - [MESSAGE][PASSED] - Text 'Payment Amount:' is present on page  using regular expression

2024-11-07 21:30:46 - [TEST_STEP][PASSED] - verifyTextPresent("100.00", true): Text '100.00' is present on page  using regular expression

2024-11-07 21:30:46 - [MESSAGE][PASSED] - Text '100.00' is present on page  using regular expression

2024-11-07 21:30:46 - [TEST_STEP][PASSED] - if (verifyElementVisible(findTestObject(orPath_Summary + "/button_Proceed to Payment"))): null

2024-11-07 21:30:47 - [MESSAGE][PASSED] - Object 'Object Repository/RAD_Pages/Summary_Page/button_Proceed to Payment' is visible

2024-11-07 21:30:47 - [TEST_STEP][PASSED] - resText = "Pass": null

2024-11-07 21:30:47 - [TEST_STEP][PASSED] - pages.WriteExcel.demoKey(resText, datText, resColumn, datCloumn, fileLoc, nameSheet, row): pages.WriteExcel.demoKey is PASSED

2024-11-07 21:30:47 - [MESSAGE][PASSED] - pages.WriteExcel.demoKey is PASSED

2024-11-07 21:30:47 - [TEST_STEP][PASSED] - click(findTestObject(orPath_Summary + "/button_Proceed to Payment")): Object: 'Object Repository/RAD_Pages/Summary_Page/button_Proceed to Payment' is clicked on

2024-11-07 21:30:49 - [MESSAGE][PASSED] - Object: 'Object Repository/RAD_Pages/Summary_Page/button_Proceed to Payment' is clicked on

2024-11-07 21:30:49 - [TEST_STEP][PASSED] - verifyElementPresent(findTestObject("Object Repository/RAD_Pages/PaymentEntry_Page/input__billingName"), 30): Object 'Object Repository/RAD_Pages/PaymentEntry_Page/input__billingName' is present

2024-11-07 21:30:50 - [MESSAGE][PASSED] - Object 'Object Repository/RAD_Pages/PaymentEntry_Page/input__billingName' is present

2024-11-07 21:30:50 - [TEST_STEP][PASSED] - ExecuteTC = findTestData(dataFile).getValue("Execute", row): null

2024-11-07 21:30:50 - [TEST_STEP][PASSED] - TaxType = findTestData(dataFile).getValue("TaxType", row): null

2024-11-07 21:30:50 - [TEST_STEP][PASSED] - PaymentType = findTestData(dataFile).getValue("PaymentType", row): null

2024-11-07 21:30:50 - [TEST_STEP][PASSED] - FilingYear = findTestData(dataFile).getValue("Year", row): null

2024-11-07 21:30:50 - [TEST_STEP][PASSED] - feinSSN = findTestData(dataFile).getValue("FeinSsn", row): null

2024-11-07 21:30:50 - [TEST_STEP][PASSED] - CRN = findTestData(dataFile).getValue("CRN", row): null

2024-11-07 21:30:50 - [TEST_STEP][PASSED] - month = findTestData(dataFile).getValue("Month", row): null

2024-11-07 21:30:50 - [TEST_STEP][PASSED] - MFLicNum = findTestData(dataFile).getValue("MFLicNum", row): null

2024-11-07 21:30:50 - [TEST_STEP][PASSED] - if (ExecuteTC.equalsIgnoreCase("Y")): Object 'Object Repository/RAD_Pages/PaymentEntry_Page/input__billingName' is present

2024-11-07 21:30:50 - [TEST_STEP][PASSED] - out.println("Begin Record Number: " + row): null

2024-11-07 21:30:50 - [TEST_STEP][PASSED] - today = new java.util.Date(): null

2024-11-07 21:30:50 - [TEST_STEP][PASSED] - println(today): null

2024-11-07 21:30:50 - [TEST_STEP][PASSED] - datText = today: null

2024-11-07 21:30:50 - [TEST_STEP][PASSED] - logInfo("Payment Type: New Tax Return Amount Due"): Payment Type: New Tax Return Amount Due

2024-11-07 21:30:50 - [MESSAGE][INFO] - Payment Type: New Tax Return Amount Due

2024-11-07 21:30:50 - [TEST_STEP][PASSED] - logInfo("Tax Type: " + TaxType): Tax Type: Sales and Use Tax

2024-11-07 21:30:50 - [MESSAGE][INFO] - Tax Type: Sales and Use Tax

2024-11-07 21:30:50 - [TEST_STEP][PASSED] - openBrowser(""): Browser is opened with url: ''

2024-11-07 21:30:50 - [MESSAGE][WARNING] - A browser is already opened. Closing browser and opening a new one

2024-11-07 21:30:52 - [MESSAGE][INFO] - Starting 'Chrome' driver

2024-11-07 21:30:52 - [MESSAGE][INFO] - User set preference: ['acceptInsecureCerts', 'true']

2024-11-07 21:30:52 - [MESSAGE][INFO] - Action delay is set to 0 milliseconds

2024-11-07 21:30:54 - [MESSAGE][PASSED] - Browser is opened with url: ''

2024-11-07 21:30:54 - [TEST_STEP][PASSED] - maximizeWindow(): Current window maximized

2024-11-07 21:30:54 - [MESSAGE][PASSED] - Current window maximized

2024-11-07 21:30:54 - [TEST_STEP][PASSED] - navigateToUrl(RADurl): Navigate to 'https://www.velocitypayment.com/client/rad/index.html' successfully

2024-11-07 21:30:57 - [MESSAGE][PASSED] - Navigate to 'https://www.velocitypayment.com/client/rad/index.html' successfully

2024-11-07 21:30:57 - [TEST_STEP][PASSED] - selectOptionByLabel(findTestObject(orPath_Landing + "/dd_TaxType"), "New Tax Return Amount Due", false): All options with label 'New Tax Return Amount Due' are selected in object 'Object Repository/RAD_Pages/Landing_Page/dd_TaxType' 

2024-11-07 21:30:57 - [MESSAGE][PASSED] - All options with label 'New Tax Return Amount Due' are selected in object 'Object Repository/RAD_Pages/Landing_Page/dd_TaxType' 

2024-11-07 21:30:57 - [TEST_STEP][PASSED] - selectOptionByLabel(findTestObject("Object Repository/RAD_Pages/Landing_Page/select_NewTaxReturnAmountDue_TaxType"), TaxType, false): All options with label 'Sales and Use Tax' are selected in object 'Object Repository/RAD_Pages/Landing_Page/select_NewTaxReturnAmountDue_TaxType' 

2024-11-07 21:30:58 - [MESSAGE][PASSED] - All options with label 'Sales and Use Tax' are selected in object 'Object Repository/RAD_Pages/Landing_Page/select_NewTaxReturnAmountDue_TaxType' 

2024-11-07 21:30:58 - [TEST_STEP][PASSED] - selectOptionByLabel(findTestObject(orPath_TaxTypeFilingYear + "/select_FilingYear"), FilingYear, false): All options with label '2023' are selected in object 'Object Repository/RAD_Pages/TaxTypeFilingYear_Page/select_FilingYear' 

2024-11-07 21:30:59 - [MESSAGE][PASSED] - All options with label '2023' are selected in object 'Object Repository/RAD_Pages/TaxTypeFilingYear_Page/select_FilingYear' 

2024-11-07 21:30:59 - [TEST_STEP][PASSED] - if (month.trim()): All options with label 'October' are selected in object 'Object Repository/RAD_Pages/TaxTypeFilingYear_Page/select_PeriodEnding' 

2024-11-07 21:30:59 - [TEST_STEP][PASSED] - selectOptionByLabel(findTestObject(orPath_TaxTypeFilingYear + "/select_PeriodEnding"), month, false): All options with label 'October' are selected in object 'Object Repository/RAD_Pages/TaxTypeFilingYear_Page/select_PeriodEnding' 

2024-11-07 21:31:00 - [MESSAGE][PASSED] - All options with label 'October' are selected in object 'Object Repository/RAD_Pages/TaxTypeFilingYear_Page/select_PeriodEnding' 

2024-11-07 21:31:00 - [TEST_STEP][PASSED] - rad.getSetDataRAD.setDataRADBusinessName(): rad.getSetDataRAD.setDataRADBusinessName is PASSED

2024-11-07 21:31:00 - [MESSAGE][PASSED] - Text 'My Company' is set on object 'Object Repository/RAD_Pages/Taxpayer_Page/input_businessName'

2024-11-07 21:31:00 - [MESSAGE][PASSED] - rad.getSetDataRAD.setDataRADBusinessName is PASSED

2024-11-07 21:31:00 - [TEST_STEP][PASSED] - rad.getSetDataRAD.setDataRADBusinessRep(): rad.getSetDataRAD.setDataRADBusinessRep is PASSED

2024-11-07 21:31:01 - [MESSAGE][PASSED] - Text 'BusRepFname' is set on object 'Object Repository/RAD_Pages/Taxpayer_Page/input_BusinessRepfirstName'

2024-11-07 21:31:02 - [MESSAGE][PASSED] - Text '' is set on object 'Object Repository/RAD_Pages/Taxpayer_Page/input_BusinessRepmiddleName'

2024-11-07 21:31:03 - [MESSAGE][PASSED] - Text 'BusRepLname' is set on object 'Object Repository/RAD_Pages/Taxpayer_Page/input_BusinessReplastName'

2024-11-07 21:31:04 - [MESSAGE][PASSED] - Text '' is set on object 'Object Repository/RAD_Pages/Taxpayer_Page/input_BusinessRepsuffix'

2024-11-07 21:31:04 - [MESSAGE][PASSED] - rad.getSetDataRAD.setDataRADBusinessRep is PASSED

2024-11-07 21:31:04 - [TEST_STEP][PASSED] - rad.getSetDataRAD.setDataRADAddress(): rad.getSetDataRAD.setDataRADAddress is PASSED

2024-11-07 21:31:04 - [MESSAGE][PASSED] - All options with label 'United States' are selected in object 'Object Repository/RAD_Pages/AddressAndContactInfo_Page/select_Country' 

2024-11-07 21:31:05 - [MESSAGE][PASSED] - Text '2508 Mandan Terrace' is set on object 'Object Repository/RAD_Pages/AddressAndContactInfo_Page/input_streetAddress1'

2024-11-07 21:31:06 - [MESSAGE][PASSED] - Text '' is set on object 'Object Repository/RAD_Pages/AddressAndContactInfo_Page/input_streetAddress2'

2024-11-07 21:31:06 - [MESSAGE][PASSED] - Text 'Gambrills' is set on object 'Object Repository/RAD_Pages/AddressAndContactInfo_Page/input_city'

2024-11-07 21:31:07 - [MESSAGE][PASSED] - All options with label 'Maryland' are selected in object 'Object Repository/RAD_Pages/AddressAndContactInfo_Page/select_State' 

2024-11-07 21:31:08 - [MESSAGE][PASSED] - Text '21054' is set on object 'Object Repository/RAD_Pages/AddressAndContactInfo_Page/input_zipCode'

2024-11-07 21:31:09 - [MESSAGE][PASSED] - Text '(703) 894-5000' is set on object 'Object Repository/RAD_Pages/AddressAndContactInfo_Page/input_phoneNumber'

2024-11-07 21:31:10 - [MESSAGE][PASSED] - Text 'iahmed@govolution.com' is set on object 'Object Repository/RAD_Pages/AddressAndContactInfo_Page/input_eMailAddress'

2024-11-07 21:31:11 - [MESSAGE][PASSED] - Text 'iahmed@govolution.com' is set on object 'Object Repository/RAD_Pages/AddressAndContactInfo_Page/input_reEnterEMailAddress'

2024-11-07 21:31:11 - [MESSAGE][PASSED] - rad.getSetDataRAD.setDataRADAddress is PASSED

2024-11-07 21:31:11 - [TEST_STEP][PASSED] - if (feinSSN.equalsIgnoreCase("Y")): null

2024-11-07 21:31:11 - [TEST_STEP][PASSED] - else: Text ****** has been set on object 'Object Repository/RAD_Pages/TaxInfo_Page/input_FederalEIN_ReEnter'

2024-11-07 21:31:11 - [TEST_STEP][PASSED] - if (!(TaxType.equalsIgnoreCase("Estate Tax"))): Text ****** has been set on object 'Object Repository/RAD_Pages/TaxInfo_Page/input_FederalEIN_ReEnter'

2024-11-07 21:31:11 - [TEST_STEP][PASSED] - setEncryptedText(findTestObject(orPath_TaxInfo + "/input_FederalEIN"), "yXB7JMCbD3QoFF75EQd3iw=="): Text ****** has been set on object 'Object Repository/RAD_Pages/TaxInfo_Page/input_FederalEIN'

2024-11-07 21:31:11 - [MESSAGE][PASSED] - Text ****** has been set on object 'Object Repository/RAD_Pages/TaxInfo_Page/input_FederalEIN'

2024-11-07 21:31:11 - [TEST_STEP][PASSED] - setEncryptedText(findTestObject(orPath_TaxInfo + "/input_FederalEIN_ReEnter"), "yXB7JMCbD3QoFF75EQd3iw=="): Text ****** has been set on object 'Object Repository/RAD_Pages/TaxInfo_Page/input_FederalEIN_ReEnter'

2024-11-07 21:31:12 - [MESSAGE][PASSED] - Text ****** has been set on object 'Object Repository/RAD_Pages/TaxInfo_Page/input_FederalEIN_ReEnter'

2024-11-07 21:31:12 - [TEST_STEP][PASSED] - if (CRN.equalsIgnoreCase("Y")): rad.getSetDataRAD.setDataRADMDCRN is PASSED

2024-11-07 21:31:12 - [TEST_STEP][PASSED] - rad.getSetDataRAD.setDataRADMDCRN(): rad.getSetDataRAD.setDataRADMDCRN is PASSED

2024-11-07 21:31:13 - [MESSAGE][PASSED] - Text '07640126' is set on object 'Object Repository/RAD_Pages/TaxInfo_Page/input_MDCRegistration'

2024-11-07 21:31:13 - [MESSAGE][PASSED] - rad.getSetDataRAD.setDataRADMDCRN is PASSED

2024-11-07 21:31:13 - [TEST_STEP][PASSED] - if (MFLicNum.equalsIgnoreCase("Y")): null

2024-11-07 21:31:13 - [TEST_STEP][PASSED] - if (TaxType.equalsIgnoreCase("Estate Tax")): null

2024-11-07 21:31:13 - [TEST_STEP][PASSED] - setText(findTestObject(orPath_Amount + "/input__paymentAmount"), "100.00"): Text '100.00' is set on object 'Object Repository/RAD_Pages/PaymentAmount_Page/input__paymentAmount'

2024-11-07 21:31:13 - [MESSAGE][PASSED] - Text '100.00' is set on object 'Object Repository/RAD_Pages/PaymentAmount_Page/input__paymentAmount'

2024-11-07 21:31:13 - [TEST_STEP][PASSED] - setText(findTestObject(orPath_AddressContact + "/input_streetAddress2"), ""): Text '' is set on object 'Object Repository/RAD_Pages/AddressAndContactInfo_Page/input_streetAddress2'

2024-11-07 21:31:14 - [MESSAGE][PASSED] - Text '' is set on object 'Object Repository/RAD_Pages/AddressAndContactInfo_Page/input_streetAddress2'

2024-11-07 21:31:14 - [TEST_STEP][PASSED] - scrollToElement(findTestObject(orPath_Landing + "/button_Continue"), 3): Scroll to object 'Object Repository/RAD_Pages/Landing_Page/button_Continue' successfully

2024-11-07 21:31:14 - [MESSAGE][PASSED] - Scroll to object 'Object Repository/RAD_Pages/Landing_Page/button_Continue' successfully

2024-11-07 21:31:14 - [TEST_STEP][PASSED] - waitForElementClickable(findTestObject(orPath_Landing + "/button_Continue"), 5): Object 'Object Repository/RAD_Pages/Landing_Page/button_Continue' is clickable

2024-11-07 21:31:15 - [MESSAGE][PASSED] - Object 'Object Repository/RAD_Pages/Landing_Page/button_Continue' is clickable

2024-11-07 21:31:15 - [TEST_STEP][PASSED] - click(findTestObject(orPath_Landing + "/button_Continue")): Object: 'Object Repository/RAD_Pages/Landing_Page/button_Continue' is clicked on

2024-11-07 21:31:15 - [MESSAGE][PASSED] - Object: 'Object Repository/RAD_Pages/Landing_Page/button_Continue' is clicked on

2024-11-07 21:31:15 - [TEST_STEP][PASSED] - delay(2): Delayed 2 second(s)

2024-11-07 21:31:17 - [MESSAGE][PASSED] - Delayed 2 second(s)

2024-11-07 21:31:17 - [TEST_STEP][PASSED] - verifyTextPresent("Summary", true): Text 'Summary' is present on page  using regular expression

2024-11-07 21:31:17 - [MESSAGE][PASSED] - Text 'Summary' is present on page  using regular expression

2024-11-07 21:31:17 - [TEST_STEP][PASSED] - verifyTextPresent("Review the information below and make any necessary corrections by clicking the", true): Text 'Review the information below and make any necessary corrections by clicking the' is present on page  using regular expression

2024-11-07 21:31:18 - [MESSAGE][PASSED] - Text 'Review the information below and make any necessary corrections by clicking the' is present on page  using regular expression

2024-11-07 21:31:18 - [TEST_STEP][PASSED] - verifyTextPresent("When you are confident that all the information is correct, click the", true): Text 'When you are confident that all the information is correct, click the' is present on page  using regular expression

2024-11-07 21:31:18 - [MESSAGE][PASSED] - Text 'When you are confident that all the information is correct, click the' is present on page  using regular expression

2024-11-07 21:31:18 - [TEST_STEP][PASSED] - verifyTextPresent("Payment Type/Filing Year", true): Text 'Payment Type/Filing Year' is present on page  using regular expression

2024-11-07 21:31:18 - [MESSAGE][PASSED] - Text 'Payment Type/Filing Year' is present on page  using regular expression

2024-11-07 21:31:18 - [TEST_STEP][PASSED] - verifyTextPresent("Payment Type:", true): Text 'Payment Type:' is present on page  using regular expression

2024-11-07 21:31:19 - [MESSAGE][PASSED] - Text 'Payment Type:' is present on page  using regular expression

2024-11-07 21:31:19 - [TEST_STEP][PASSED] - verifyTextPresent("New Tax Return Amount Due", true): Text 'New Tax Return Amount Due' is present on page  using regular expression

2024-11-07 21:31:19 - [MESSAGE][PASSED] - Text 'New Tax Return Amount Due' is present on page  using regular expression

2024-11-07 21:31:19 - [TEST_STEP][PASSED] - verifyTextPresent("Filing Year:", true): Text 'Filing Year:' is present on page  using regular expression

2024-11-07 21:31:19 - [MESSAGE][PASSED] - Text 'Filing Year:' is present on page  using regular expression

2024-11-07 21:31:19 - [TEST_STEP][PASSED] - verifyTextPresent(FilingYear, true): Text '2023' is present on page  using regular expression

2024-11-07 21:31:20 - [MESSAGE][PASSED] - Text '2023' is present on page  using regular expression

2024-11-07 21:31:20 - [TEST_STEP][PASSED] - verifyTextPresent("Payer Information", true): Text 'Payer Information' is present on page  using regular expression

2024-11-07 21:31:20 - [MESSAGE][PASSED] - Text 'Payer Information' is present on page  using regular expression

2024-11-07 21:31:20 - [TEST_STEP][PASSED] - verifyTextPresent("Taxpayer Name:", true): Text 'Taxpayer Name:' is present on page  using regular expression

2024-11-07 21:31:20 - [MESSAGE][PASSED] - Text 'Taxpayer Name:' is present on page  using regular expression

2024-11-07 21:31:20 - [TEST_STEP][PASSED] - verifyTextPresent("My Company", true): Text 'My Company' is present on page  using regular expression

2024-11-07 21:31:21 - [MESSAGE][PASSED] - Text 'My Company' is present on page  using regular expression

2024-11-07 21:31:21 - [TEST_STEP][PASSED] - verifyTextPresent("Business Rep Name:", true): Text 'Business Rep Name:' is present on page  using regular expression

2024-11-07 21:31:21 - [MESSAGE][PASSED] - Text 'Business Rep Name:' is present on page  using regular expression

2024-11-07 21:31:21 - [TEST_STEP][PASSED] - verifyTextPresent("BusRepFname BusRepLname", true): Text 'BusRepFname BusRepLname' is present on page  using regular expression

2024-11-07 21:31:21 - [MESSAGE][PASSED] - Text 'BusRepFname BusRepLname' is present on page  using regular expression

2024-11-07 21:31:21 - [TEST_STEP][PASSED] - verifyTextPresent("Taxpayer Address:", true): Text 'Taxpayer Address:' is present on page  using regular expression

2024-11-07 21:31:22 - [MESSAGE][PASSED] - Text 'Taxpayer Address:' is present on page  using regular expression

2024-11-07 21:31:22 - [TEST_STEP][PASSED] - verifyTextPresent("2508 Mandan Terrace Gambrills Maryland 21054", true): Text '2508 Mandan Terrace Gambrills Maryland 21054' is present on page  using regular expression

2024-11-07 21:31:22 - [MESSAGE][PASSED] - Text '2508 Mandan Terrace Gambrills Maryland 21054' is present on page  using regular expression

2024-11-07 21:31:22 - [TEST_STEP][PASSED] - verifyTextPresent("Email:", true): Text 'Email:' is present on page  using regular expression

2024-11-07 21:31:22 - [MESSAGE][PASSED] - Text 'Email:' is present on page  using regular expression

2024-11-07 21:31:22 - [TEST_STEP][PASSED] - verifyTextPresent("iahmed@govolution.com", true): Text 'iahmed@govolution.com' is present on page  using regular expression

2024-11-07 21:31:23 - [MESSAGE][PASSED] - Text 'iahmed@govolution.com' is present on page  using regular expression

2024-11-07 21:31:23 - [TEST_STEP][PASSED] - verifyTextPresent("Phone:", true): Text 'Phone:' is present on page  using regular expression

2024-11-07 21:31:23 - [MESSAGE][PASSED] - Text 'Phone:' is present on page  using regular expression

2024-11-07 21:31:23 - [TEST_STEP][PASSED] - verifyTextPresent("(703) 894-5000", false): Text '(703) 894-5000' is present on page 

2024-11-07 21:31:23 - [MESSAGE][PASSED] - Text '(703) 894-5000' is present on page 

2024-11-07 21:31:23 - [TEST_STEP][PASSED] - verifyTextPresent("Tax Information", true): Text 'Tax Information' is present on page  using regular expression

2024-11-07 21:31:24 - [MESSAGE][PASSED] - Text 'Tax Information' is present on page  using regular expression

2024-11-07 21:31:24 - [TEST_STEP][PASSED] - verifyTextNotPresent("Notice Number", true): Text 'Notice Number' is not present on page using regular expression

2024-11-07 21:31:24 - [MESSAGE][PASSED] - Text 'Notice Number' is not present on page using regular expression

2024-11-07 21:31:24 - [TEST_STEP][PASSED] - if (month.trim()): Text 'October' is present on page  using regular expression

2024-11-07 21:31:24 - [TEST_STEP][PASSED] - verifyTextPresent("Period Ending", true): Text 'Period Ending' is present on page  using regular expression

2024-11-07 21:31:24 - [MESSAGE][PASSED] - Text 'Period Ending' is present on page  using regular expression

2024-11-07 21:31:24 - [TEST_STEP][PASSED] - verifyTextPresent(month, true): Text 'October' is present on page  using regular expression

2024-11-07 21:31:25 - [MESSAGE][PASSED] - Text 'October' is present on page  using regular expression

2024-11-07 21:31:25 - [TEST_STEP][PASSED] - if (feinSSN.equalsIgnoreCase("Y")): null

2024-11-07 21:31:25 - [TEST_STEP][PASSED] - else: Text 'XXXXXXX87' is present on page  using regular expression

2024-11-07 21:31:25 - [TEST_STEP][PASSED] - if (!(TaxType.equalsIgnoreCase("Estate Tax"))): Text 'XXXXXXX87' is present on page  using regular expression

2024-11-07 21:31:25 - [TEST_STEP][PASSED] - verifyTextPresent("Federal EIN:", true): Text 'Federal EIN:' is present on page  using regular expression

2024-11-07 21:31:25 - [MESSAGE][PASSED] - Text 'Federal EIN:' is present on page  using regular expression

2024-11-07 21:31:25 - [TEST_STEP][PASSED] - verifyTextNotPresent("FEIN/SSN:", true): Text 'FEIN/SSN:' is not present on page using regular expression

2024-11-07 21:31:25 - [MESSAGE][PASSED] - Text 'FEIN/SSN:' is not present on page using regular expression

2024-11-07 21:31:25 - [TEST_STEP][PASSED] - verifyTextPresent("XXXXXXX87", true): Text 'XXXXXXX87' is present on page  using regular expression

2024-11-07 21:31:26 - [MESSAGE][PASSED] - Text 'XXXXXXX87' is present on page  using regular expression

2024-11-07 21:31:26 - [TEST_STEP][PASSED] - if (TaxType.equalsIgnoreCase("Estate Tax")): null

2024-11-07 21:31:26 - [TEST_STEP][PASSED] - if (CRN.equalsIgnoreCase("Y")): Text '07640126' is present on page  using regular expression

2024-11-07 21:31:26 - [TEST_STEP][PASSED] - verifyTextPresent("MD Central Registration Number#:", true): Text 'MD Central Registration Number#:' is present on page  using regular expression

2024-11-07 21:31:26 - [MESSAGE][PASSED] - Text 'MD Central Registration Number#:' is present on page  using regular expression

2024-11-07 21:31:26 - [TEST_STEP][PASSED] - verifyTextPresent("07640126", true): Text '07640126' is present on page  using regular expression

2024-11-07 21:31:26 - [MESSAGE][PASSED] - Text '07640126' is present on page  using regular expression

2024-11-07 21:31:26 - [TEST_STEP][PASSED] - if (MFLicNum.equalsIgnoreCase("Y")): null

2024-11-07 21:31:26 - [TEST_STEP][PASSED] - else: Text 'Motor Fuel License Number#:' is not present on page using regular expression

2024-11-07 21:31:26 - [TEST_STEP][PASSED] - verifyTextNotPresent("Motor Fuel License Number#:", true): Text 'Motor Fuel License Number#:' is not present on page using regular expression

2024-11-07 21:31:27 - [MESSAGE][PASSED] - Text 'Motor Fuel License Number#:' is not present on page using regular expression

2024-11-07 21:31:27 - [TEST_STEP][PASSED] - verifyTextPresent("Payment Amount:", true): Text 'Payment Amount:' is present on page  using regular expression

2024-11-07 21:31:27 - [MESSAGE][PASSED] - Text 'Payment Amount:' is present on page  using regular expression

2024-11-07 21:31:27 - [TEST_STEP][PASSED] - verifyTextPresent("100.00", true): Text '100.00' is present on page  using regular expression

2024-11-07 21:31:27 - [MESSAGE][PASSED] - Text '100.00' is present on page  using regular expression

2024-11-07 21:31:27 - [TEST_STEP][PASSED] - if (verifyElementVisible(findTestObject(orPath_Summary + "/button_Proceed to Payment"))): null

2024-11-07 21:31:28 - [MESSAGE][PASSED] - Object 'Object Repository/RAD_Pages/Summary_Page/button_Proceed to Payment' is visible

2024-11-07 21:31:28 - [TEST_STEP][PASSED] - resText = "Pass": null

2024-11-07 21:31:28 - [TEST_STEP][PASSED] - pages.WriteExcel.demoKey(resText, datText, resColumn, datCloumn, fileLoc, nameSheet, row): pages.WriteExcel.demoKey is PASSED

2024-11-07 21:31:28 - [MESSAGE][PASSED] - pages.WriteExcel.demoKey is PASSED

2024-11-07 21:31:28 - [TEST_STEP][PASSED] - click(findTestObject(orPath_Summary + "/button_Proceed to Payment")): Object: 'Object Repository/RAD_Pages/Summary_Page/button_Proceed to Payment' is clicked on

2024-11-07 21:31:30 - [MESSAGE][PASSED] - Object: 'Object Repository/RAD_Pages/Summary_Page/button_Proceed to Payment' is clicked on

2024-11-07 21:31:30 - [TEST_STEP][PASSED] - verifyElementPresent(findTestObject("Object Repository/RAD_Pages/PaymentEntry_Page/input__billingName"), 30): Object 'Object Repository/RAD_Pages/PaymentEntry_Page/input__billingName' is present

2024-11-07 21:31:31 - [MESSAGE][PASSED] - Object 'Object Repository/RAD_Pages/PaymentEntry_Page/input__billingName' is present

2024-11-07 21:31:31 - [TEST_STEP][PASSED] - ExecuteTC = findTestData(dataFile).getValue("Execute", row): null

2024-11-07 21:31:31 - [TEST_STEP][PASSED] - TaxType = findTestData(dataFile).getValue("TaxType", row): null

2024-11-07 21:31:31 - [TEST_STEP][PASSED] - PaymentType = findTestData(dataFile).getValue("PaymentType", row): null

2024-11-07 21:31:31 - [TEST_STEP][PASSED] - FilingYear = findTestData(dataFile).getValue("Year", row): null

2024-11-07 21:31:31 - [TEST_STEP][PASSED] - feinSSN = findTestData(dataFile).getValue("FeinSsn", row): null

2024-11-07 21:31:31 - [TEST_STEP][PASSED] - CRN = findTestData(dataFile).getValue("CRN", row): null

2024-11-07 21:31:31 - [TEST_STEP][PASSED] - month = findTestData(dataFile).getValue("Month", row): null

2024-11-07 21:31:31 - [TEST_STEP][PASSED] - MFLicNum = findTestData(dataFile).getValue("MFLicNum", row): null

2024-11-07 21:31:31 - [TEST_STEP][PASSED] - if (ExecuteTC.equalsIgnoreCase("Y")): Object 'Object Repository/RAD_Pages/PaymentEntry_Page/input__billingName' is present

2024-11-07 21:31:31 - [TEST_STEP][PASSED] - out.println("Begin Record Number: " + row): null

2024-11-07 21:31:31 - [TEST_STEP][PASSED] - today = new java.util.Date(): null

2024-11-07 21:31:31 - [TEST_STEP][PASSED] - println(today): null

2024-11-07 21:31:31 - [TEST_STEP][PASSED] - datText = today: null

2024-11-07 21:31:31 - [TEST_STEP][PASSED] - logInfo("Payment Type: New Tax Return Amount Due"): Payment Type: New Tax Return Amount Due

2024-11-07 21:31:31 - [MESSAGE][INFO] - Payment Type: New Tax Return Amount Due

2024-11-07 21:31:31 - [TEST_STEP][PASSED] - logInfo("Tax Type: " + TaxType): Tax Type: Slots License Fee

2024-11-07 21:31:31 - [MESSAGE][INFO] - Tax Type: Slots License Fee

2024-11-07 21:31:31 - [TEST_STEP][PASSED] - openBrowser(""): Browser is opened with url: ''

2024-11-07 21:31:31 - [MESSAGE][WARNING] - A browser is already opened. Closing browser and opening a new one

2024-11-07 21:31:33 - [MESSAGE][INFO] - Starting 'Chrome' driver

2024-11-07 21:31:33 - [MESSAGE][INFO] - User set preference: ['acceptInsecureCerts', 'true']

2024-11-07 21:31:33 - [MESSAGE][INFO] - Action delay is set to 0 milliseconds

2024-11-07 21:31:35 - [MESSAGE][PASSED] - Browser is opened with url: ''

2024-11-07 21:31:35 - [TEST_STEP][PASSED] - maximizeWindow(): Current window maximized

2024-11-07 21:31:35 - [MESSAGE][PASSED] - Current window maximized

2024-11-07 21:31:35 - [TEST_STEP][PASSED] - navigateToUrl(RADurl): Navigate to 'https://www.velocitypayment.com/client/rad/index.html' successfully

2024-11-07 21:31:37 - [MESSAGE][PASSED] - Navigate to 'https://www.velocitypayment.com/client/rad/index.html' successfully

2024-11-07 21:31:37 - [TEST_STEP][PASSED] - selectOptionByLabel(findTestObject(orPath_Landing + "/dd_TaxType"), "New Tax Return Amount Due", false): All options with label 'New Tax Return Amount Due' are selected in object 'Object Repository/RAD_Pages/Landing_Page/dd_TaxType' 

2024-11-07 21:31:38 - [MESSAGE][PASSED] - All options with label 'New Tax Return Amount Due' are selected in object 'Object Repository/RAD_Pages/Landing_Page/dd_TaxType' 

2024-11-07 21:31:38 - [TEST_STEP][PASSED] - selectOptionByLabel(findTestObject("Object Repository/RAD_Pages/Landing_Page/select_NewTaxReturnAmountDue_TaxType"), TaxType, false): All options with label 'Slots License Fee' are selected in object 'Object Repository/RAD_Pages/Landing_Page/select_NewTaxReturnAmountDue_TaxType' 

2024-11-07 21:31:38 - [MESSAGE][PASSED] - All options with label 'Slots License Fee' are selected in object 'Object Repository/RAD_Pages/Landing_Page/select_NewTaxReturnAmountDue_TaxType' 

2024-11-07 21:31:38 - [TEST_STEP][PASSED] - selectOptionByLabel(findTestObject(orPath_TaxTypeFilingYear + "/select_FilingYear"), FilingYear, false): All options with label '2023' are selected in object 'Object Repository/RAD_Pages/TaxTypeFilingYear_Page/select_FilingYear' 

2024-11-07 21:31:39 - [MESSAGE][PASSED] - All options with label '2023' are selected in object 'Object Repository/RAD_Pages/TaxTypeFilingYear_Page/select_FilingYear' 

2024-11-07 21:31:39 - [TEST_STEP][PASSED] - if (month.trim()): null

2024-11-07 21:31:39 - [TEST_STEP][PASSED] - rad.getSetDataRAD.setDataRADBusinessName(): rad.getSetDataRAD.setDataRADBusinessName is PASSED

2024-11-07 21:31:40 - [MESSAGE][PASSED] - Text 'My Company' is set on object 'Object Repository/RAD_Pages/Taxpayer_Page/input_businessName'

2024-11-07 21:31:40 - [MESSAGE][PASSED] - rad.getSetDataRAD.setDataRADBusinessName is PASSED

2024-11-07 21:31:40 - [TEST_STEP][PASSED] - rad.getSetDataRAD.setDataRADBusinessRep(): rad.getSetDataRAD.setDataRADBusinessRep is PASSED

2024-11-07 21:31:41 - [MESSAGE][PASSED] - Text 'BusRepFname' is set on object 'Object Repository/RAD_Pages/Taxpayer_Page/input_BusinessRepfirstName'

2024-11-07 21:31:41 - [MESSAGE][PASSED] - Text '' is set on object 'Object Repository/RAD_Pages/Taxpayer_Page/input_BusinessRepmiddleName'

2024-11-07 21:31:42 - [MESSAGE][PASSED] - Text 'BusRepLname' is set on object 'Object Repository/RAD_Pages/Taxpayer_Page/input_BusinessReplastName'

2024-11-07 21:31:43 - [MESSAGE][PASSED] - Text '' is set on object 'Object Repository/RAD_Pages/Taxpayer_Page/input_BusinessRepsuffix'

2024-11-07 21:31:43 - [MESSAGE][PASSED] - rad.getSetDataRAD.setDataRADBusinessRep is PASSED

2024-11-07 21:31:43 - [TEST_STEP][PASSED] - rad.getSetDataRAD.setDataRADAddress(): rad.getSetDataRAD.setDataRADAddress is PASSED

2024-11-07 21:31:43 - [MESSAGE][PASSED] - All options with label 'United States' are selected in object 'Object Repository/RAD_Pages/AddressAndContactInfo_Page/select_Country' 

2024-11-07 21:31:44 - [MESSAGE][PASSED] - Text '2508 Mandan Terrace' is set on object 'Object Repository/RAD_Pages/AddressAndContactInfo_Page/input_streetAddress1'

2024-11-07 21:31:45 - [MESSAGE][PASSED] - Text '' is set on object 'Object Repository/RAD_Pages/AddressAndContactInfo_Page/input_streetAddress2'

2024-11-07 21:31:46 - [MESSAGE][PASSED] - Text 'Gambrills' is set on object 'Object Repository/RAD_Pages/AddressAndContactInfo_Page/input_city'

2024-11-07 21:31:46 - [MESSAGE][PASSED] - All options with label 'Maryland' are selected in object 'Object Repository/RAD_Pages/AddressAndContactInfo_Page/select_State' 

2024-11-07 21:31:47 - [MESSAGE][PASSED] - Text '21054' is set on object 'Object Repository/RAD_Pages/AddressAndContactInfo_Page/input_zipCode'

2024-11-07 21:31:48 - [MESSAGE][PASSED] - Text '(703) 894-5000' is set on object 'Object Repository/RAD_Pages/AddressAndContactInfo_Page/input_phoneNumber'

2024-11-07 21:31:49 - [MESSAGE][PASSED] - Text 'iahmed@govolution.com' is set on object 'Object Repository/RAD_Pages/AddressAndContactInfo_Page/input_eMailAddress'

2024-11-07 21:31:50 - [MESSAGE][PASSED] - Text 'iahmed@govolution.com' is set on object 'Object Repository/RAD_Pages/AddressAndContactInfo_Page/input_reEnterEMailAddress'

2024-11-07 21:31:50 - [MESSAGE][PASSED] - rad.getSetDataRAD.setDataRADAddress is PASSED

2024-11-07 21:31:50 - [TEST_STEP][PASSED] - if (feinSSN.equalsIgnoreCase("Y")): null

2024-11-07 21:31:50 - [TEST_STEP][PASSED] - else: Text ****** has been set on object 'Object Repository/RAD_Pages/TaxInfo_Page/input_FederalEIN_ReEnter'

2024-11-07 21:31:50 - [TEST_STEP][PASSED] - if (!(TaxType.equalsIgnoreCase("Estate Tax"))): Text ****** has been set on object 'Object Repository/RAD_Pages/TaxInfo_Page/input_FederalEIN_ReEnter'

2024-11-07 21:31:50 - [TEST_STEP][PASSED] - setEncryptedText(findTestObject(orPath_TaxInfo + "/input_FederalEIN"), "yXB7JMCbD3QoFF75EQd3iw=="): Text ****** has been set on object 'Object Repository/RAD_Pages/TaxInfo_Page/input_FederalEIN'

2024-11-07 21:31:51 - [MESSAGE][PASSED] - Text ****** has been set on object 'Object Repository/RAD_Pages/TaxInfo_Page/input_FederalEIN'

2024-11-07 21:31:51 - [TEST_STEP][PASSED] - setEncryptedText(findTestObject(orPath_TaxInfo + "/input_FederalEIN_ReEnter"), "yXB7JMCbD3QoFF75EQd3iw=="): Text ****** has been set on object 'Object Repository/RAD_Pages/TaxInfo_Page/input_FederalEIN_ReEnter'

2024-11-07 21:31:51 - [MESSAGE][PASSED] - Text ****** has been set on object 'Object Repository/RAD_Pages/TaxInfo_Page/input_FederalEIN_ReEnter'

2024-11-07 21:31:51 - [TEST_STEP][PASSED] - if (CRN.equalsIgnoreCase("Y")): rad.getSetDataRAD.setDataRADMDCRN is PASSED

2024-11-07 21:31:51 - [TEST_STEP][PASSED] - rad.getSetDataRAD.setDataRADMDCRN(): rad.getSetDataRAD.setDataRADMDCRN is PASSED

2024-11-07 21:31:52 - [MESSAGE][PASSED] - Text '07640126' is set on object 'Object Repository/RAD_Pages/TaxInfo_Page/input_MDCRegistration'

2024-11-07 21:31:52 - [MESSAGE][PASSED] - rad.getSetDataRAD.setDataRADMDCRN is PASSED

2024-11-07 21:31:52 - [TEST_STEP][PASSED] - if (MFLicNum.equalsIgnoreCase("Y")): null

2024-11-07 21:31:52 - [TEST_STEP][PASSED] - if (TaxType.equalsIgnoreCase("Estate Tax")): null

2024-11-07 21:31:52 - [TEST_STEP][PASSED] - setText(findTestObject(orPath_Amount + "/input__paymentAmount"), "100.00"): Text '100.00' is set on object 'Object Repository/RAD_Pages/PaymentAmount_Page/input__paymentAmount'

2024-11-07 21:31:53 - [MESSAGE][PASSED] - Text '100.00' is set on object 'Object Repository/RAD_Pages/PaymentAmount_Page/input__paymentAmount'

2024-11-07 21:31:53 - [TEST_STEP][PASSED] - setText(findTestObject(orPath_AddressContact + "/input_streetAddress2"), ""): Text '' is set on object 'Object Repository/RAD_Pages/AddressAndContactInfo_Page/input_streetAddress2'

2024-11-07 21:31:54 - [MESSAGE][PASSED] - Text '' is set on object 'Object Repository/RAD_Pages/AddressAndContactInfo_Page/input_streetAddress2'

2024-11-07 21:31:54 - [TEST_STEP][PASSED] - scrollToElement(findTestObject(orPath_Landing + "/button_Continue"), 3): Scroll to object 'Object Repository/RAD_Pages/Landing_Page/button_Continue' successfully

2024-11-07 21:31:54 - [MESSAGE][PASSED] - Scroll to object 'Object Repository/RAD_Pages/Landing_Page/button_Continue' successfully

2024-11-07 21:31:54 - [TEST_STEP][PASSED] - waitForElementClickable(findTestObject(orPath_Landing + "/button_Continue"), 5): Object 'Object Repository/RAD_Pages/Landing_Page/button_Continue' is clickable

2024-11-07 21:31:54 - [MESSAGE][PASSED] - Object 'Object Repository/RAD_Pages/Landing_Page/button_Continue' is clickable

2024-11-07 21:31:54 - [TEST_STEP][PASSED] - click(findTestObject(orPath_Landing + "/button_Continue")): Object: 'Object Repository/RAD_Pages/Landing_Page/button_Continue' is clicked on

2024-11-07 21:31:55 - [MESSAGE][PASSED] - Object: 'Object Repository/RAD_Pages/Landing_Page/button_Continue' is clicked on

2024-11-07 21:31:55 - [TEST_STEP][PASSED] - delay(2): Delayed 2 second(s)

2024-11-07 21:31:57 - [MESSAGE][PASSED] - Delayed 2 second(s)

2024-11-07 21:31:57 - [TEST_STEP][PASSED] - verifyTextPresent("Summary", true): Text 'Summary' is present on page  using regular expression

2024-11-07 21:31:57 - [MESSAGE][PASSED] - Text 'Summary' is present on page  using regular expression

2024-11-07 21:31:57 - [TEST_STEP][PASSED] - verifyTextPresent("Review the information below and make any necessary corrections by clicking the", true): Text 'Review the information below and make any necessary corrections by clicking the' is present on page  using regular expression

2024-11-07 21:31:58 - [MESSAGE][PASSED] - Text 'Review the information below and make any necessary corrections by clicking the' is present on page  using regular expression

2024-11-07 21:31:58 - [TEST_STEP][PASSED] - verifyTextPresent("When you are confident that all the information is correct, click the", true): Text 'When you are confident that all the information is correct, click the' is present on page  using regular expression

2024-11-07 21:31:58 - [MESSAGE][PASSED] - Text 'When you are confident that all the information is correct, click the' is present on page  using regular expression

2024-11-07 21:31:58 - [TEST_STEP][PASSED] - verifyTextPresent("Payment Type/Filing Year", true): Text 'Payment Type/Filing Year' is present on page  using regular expression

2024-11-07 21:31:58 - [MESSAGE][PASSED] - Text 'Payment Type/Filing Year' is present on page  using regular expression

2024-11-07 21:31:58 - [TEST_STEP][PASSED] - verifyTextPresent("Payment Type:", true): Text 'Payment Type:' is present on page  using regular expression

2024-11-07 21:31:59 - [MESSAGE][PASSED] - Text 'Payment Type:' is present on page  using regular expression

2024-11-07 21:31:59 - [TEST_STEP][PASSED] - verifyTextPresent("New Tax Return Amount Due", true): Text 'New Tax Return Amount Due' is present on page  using regular expression

2024-11-07 21:31:59 - [MESSAGE][PASSED] - Text 'New Tax Return Amount Due' is present on page  using regular expression

2024-11-07 21:31:59 - [TEST_STEP][PASSED] - verifyTextPresent("Filing Year:", true): Text 'Filing Year:' is present on page  using regular expression

2024-11-07 21:31:59 - [MESSAGE][PASSED] - Text 'Filing Year:' is present on page  using regular expression

2024-11-07 21:31:59 - [TEST_STEP][PASSED] - verifyTextPresent(FilingYear, true): Text '2023' is present on page  using regular expression

2024-11-07 21:32:00 - [MESSAGE][PASSED] - Text '2023' is present on page  using regular expression

2024-11-07 21:32:00 - [TEST_STEP][PASSED] - verifyTextPresent("Payer Information", true): Text 'Payer Information' is present on page  using regular expression

2024-11-07 21:32:00 - [MESSAGE][PASSED] - Text 'Payer Information' is present on page  using regular expression

2024-11-07 21:32:00 - [TEST_STEP][PASSED] - verifyTextPresent("Taxpayer Name:", true): Text 'Taxpayer Name:' is present on page  using regular expression

2024-11-07 21:32:00 - [MESSAGE][PASSED] - Text 'Taxpayer Name:' is present on page  using regular expression

2024-11-07 21:32:00 - [TEST_STEP][PASSED] - verifyTextPresent("My Company", true): Text 'My Company' is present on page  using regular expression

2024-11-07 21:32:01 - [MESSAGE][PASSED] - Text 'My Company' is present on page  using regular expression

2024-11-07 21:32:01 - [TEST_STEP][PASSED] - verifyTextPresent("Business Rep Name:", true): Text 'Business Rep Name:' is present on page  using regular expression

2024-11-07 21:32:01 - [MESSAGE][PASSED] - Text 'Business Rep Name:' is present on page  using regular expression

2024-11-07 21:32:01 - [TEST_STEP][PASSED] - verifyTextPresent("BusRepFname BusRepLname", true): Text 'BusRepFname BusRepLname' is present on page  using regular expression

2024-11-07 21:32:01 - [MESSAGE][PASSED] - Text 'BusRepFname BusRepLname' is present on page  using regular expression

2024-11-07 21:32:01 - [TEST_STEP][PASSED] - verifyTextPresent("Taxpayer Address:", true): Text 'Taxpayer Address:' is present on page  using regular expression

2024-11-07 21:32:02 - [MESSAGE][PASSED] - Text 'Taxpayer Address:' is present on page  using regular expression

2024-11-07 21:32:02 - [TEST_STEP][PASSED] - verifyTextPresent("2508 Mandan Terrace Gambrills Maryland 21054", true): Text '2508 Mandan Terrace Gambrills Maryland 21054' is present on page  using regular expression

2024-11-07 21:32:02 - [MESSAGE][PASSED] - Text '2508 Mandan Terrace Gambrills Maryland 21054' is present on page  using regular expression

2024-11-07 21:32:02 - [TEST_STEP][PASSED] - verifyTextPresent("Email:", true): Text 'Email:' is present on page  using regular expression

2024-11-07 21:32:02 - [MESSAGE][PASSED] - Text 'Email:' is present on page  using regular expression

2024-11-07 21:32:02 - [TEST_STEP][PASSED] - verifyTextPresent("iahmed@govolution.com", true): Text 'iahmed@govolution.com' is present on page  using regular expression

2024-11-07 21:32:02 - [MESSAGE][PASSED] - Text 'iahmed@govolution.com' is present on page  using regular expression

2024-11-07 21:32:02 - [TEST_STEP][PASSED] - verifyTextPresent("Phone:", true): Text 'Phone:' is present on page  using regular expression

2024-11-07 21:32:03 - [MESSAGE][PASSED] - Text 'Phone:' is present on page  using regular expression

2024-11-07 21:32:03 - [TEST_STEP][PASSED] - verifyTextPresent("(703) 894-5000", false): Text '(703) 894-5000' is present on page 

2024-11-07 21:32:03 - [MESSAGE][PASSED] - Text '(703) 894-5000' is present on page 

2024-11-07 21:32:03 - [TEST_STEP][PASSED] - verifyTextPresent("Tax Information", true): Text 'Tax Information' is present on page  using regular expression

2024-11-07 21:32:03 - [MESSAGE][PASSED] - Text 'Tax Information' is present on page  using regular expression

2024-11-07 21:32:03 - [TEST_STEP][PASSED] - verifyTextNotPresent("Notice Number", true): Text 'Notice Number' is not present on page using regular expression

2024-11-07 21:32:04 - [MESSAGE][PASSED] - Text 'Notice Number' is not present on page using regular expression

2024-11-07 21:32:04 - [TEST_STEP][PASSED] - if (month.trim()): null

2024-11-07 21:32:04 - [TEST_STEP][PASSED] - else: Text 'Period Ending' is not present on page using regular expression

2024-11-07 21:32:04 - [TEST_STEP][PASSED] - verifyTextNotPresent("Period Ending", true): Text 'Period Ending' is not present on page using regular expression

2024-11-07 21:32:04 - [MESSAGE][PASSED] - Text 'Period Ending' is not present on page using regular expression

2024-11-07 21:32:04 - [TEST_STEP][PASSED] - if (feinSSN.equalsIgnoreCase("Y")): null

2024-11-07 21:32:04 - [TEST_STEP][PASSED] - else: Text 'XXXXXXX87' is present on page  using regular expression

2024-11-07 21:32:04 - [TEST_STEP][PASSED] - if (!(TaxType.equalsIgnoreCase("Estate Tax"))): Text 'XXXXXXX87' is present on page  using regular expression

2024-11-07 21:32:04 - [TEST_STEP][PASSED] - verifyTextPresent("Federal EIN:", true): Text 'Federal EIN:' is present on page  using regular expression

2024-11-07 21:32:04 - [MESSAGE][PASSED] - Text 'Federal EIN:' is present on page  using regular expression

2024-11-07 21:32:04 - [TEST_STEP][PASSED] - verifyTextNotPresent("FEIN/SSN:", true): Text 'FEIN/SSN:' is not present on page using regular expression

2024-11-07 21:32:05 - [MESSAGE][PASSED] - Text 'FEIN/SSN:' is not present on page using regular expression

2024-11-07 21:32:05 - [TEST_STEP][PASSED] - verifyTextPresent("XXXXXXX87", true): Text 'XXXXXXX87' is present on page  using regular expression

2024-11-07 21:32:05 - [MESSAGE][PASSED] - Text 'XXXXXXX87' is present on page  using regular expression

2024-11-07 21:32:05 - [TEST_STEP][PASSED] - if (TaxType.equalsIgnoreCase("Estate Tax")): null

2024-11-07 21:32:05 - [TEST_STEP][PASSED] - if (CRN.equalsIgnoreCase("Y")): Text '07640126' is present on page  using regular expression

2024-11-07 21:32:05 - [TEST_STEP][PASSED] - verifyTextPresent("MD Central Registration Number#:", true): Text 'MD Central Registration Number#:' is present on page  using regular expression

2024-11-07 21:32:05 - [MESSAGE][PASSED] - Text 'MD Central Registration Number#:' is present on page  using regular expression

2024-11-07 21:32:05 - [TEST_STEP][PASSED] - verifyTextPresent("07640126", true): Text '07640126' is present on page  using regular expression

2024-11-07 21:32:06 - [MESSAGE][PASSED] - Text '07640126' is present on page  using regular expression

2024-11-07 21:32:06 - [TEST_STEP][PASSED] - if (MFLicNum.equalsIgnoreCase("Y")): null

2024-11-07 21:32:06 - [TEST_STEP][PASSED] - else: Text 'Motor Fuel License Number#:' is not present on page using regular expression

2024-11-07 21:32:06 - [TEST_STEP][PASSED] - verifyTextNotPresent("Motor Fuel License Number#:", true): Text 'Motor Fuel License Number#:' is not present on page using regular expression

2024-11-07 21:32:06 - [MESSAGE][PASSED] - Text 'Motor Fuel License Number#:' is not present on page using regular expression

2024-11-07 21:32:06 - [TEST_STEP][PASSED] - verifyTextPresent("Payment Amount:", true): Text 'Payment Amount:' is present on page  using regular expression

2024-11-07 21:32:06 - [MESSAGE][PASSED] - Text 'Payment Amount:' is present on page  using regular expression

2024-11-07 21:32:06 - [TEST_STEP][PASSED] - verifyTextPresent("100.00", true): Text '100.00' is present on page  using regular expression

2024-11-07 21:32:07 - [MESSAGE][PASSED] - Text '100.00' is present on page  using regular expression

2024-11-07 21:32:07 - [TEST_STEP][PASSED] - if (verifyElementVisible(findTestObject(orPath_Summary + "/button_Proceed to Payment"))): null

2024-11-07 21:32:07 - [MESSAGE][PASSED] - Object 'Object Repository/RAD_Pages/Summary_Page/button_Proceed to Payment' is visible

2024-11-07 21:32:07 - [TEST_STEP][PASSED] - resText = "Pass": null

2024-11-07 21:32:07 - [TEST_STEP][PASSED] - pages.WriteExcel.demoKey(resText, datText, resColumn, datCloumn, fileLoc, nameSheet, row): pages.WriteExcel.demoKey is PASSED

2024-11-07 21:32:07 - [MESSAGE][PASSED] - pages.WriteExcel.demoKey is PASSED

2024-11-07 21:32:07 - [TEST_STEP][PASSED] - click(findTestObject(orPath_Summary + "/button_Proceed to Payment")): Object: 'Object Repository/RAD_Pages/Summary_Page/button_Proceed to Payment' is clicked on

2024-11-07 21:32:10 - [MESSAGE][PASSED] - Object: 'Object Repository/RAD_Pages/Summary_Page/button_Proceed to Payment' is clicked on

2024-11-07 21:32:10 - [TEST_STEP][PASSED] - verifyElementPresent(findTestObject("Object Repository/RAD_Pages/PaymentEntry_Page/input__billingName"), 30): Object 'Object Repository/RAD_Pages/PaymentEntry_Page/input__billingName' is present

2024-11-07 21:32:10 - [MESSAGE][PASSED] - Object 'Object Repository/RAD_Pages/PaymentEntry_Page/input__billingName' is present

2024-11-07 21:32:10 - [TEST_STEP][PASSED] - ExecuteTC = findTestData(dataFile).getValue("Execute", row): null

2024-11-07 21:32:10 - [TEST_STEP][PASSED] - TaxType = findTestData(dataFile).getValue("TaxType", row): null

2024-11-07 21:32:10 - [TEST_STEP][PASSED] - PaymentType = findTestData(dataFile).getValue("PaymentType", row): null

2024-11-07 21:32:10 - [TEST_STEP][PASSED] - FilingYear = findTestData(dataFile).getValue("Year", row): null

2024-11-07 21:32:10 - [TEST_STEP][PASSED] - feinSSN = findTestData(dataFile).getValue("FeinSsn", row): null

2024-11-07 21:32:11 - [TEST_STEP][PASSED] - CRN = findTestData(dataFile).getValue("CRN", row): null

2024-11-07 21:32:11 - [TEST_STEP][PASSED] - month = findTestData(dataFile).getValue("Month", row): null

2024-11-07 21:32:11 - [TEST_STEP][PASSED] - MFLicNum = findTestData(dataFile).getValue("MFLicNum", row): null

2024-11-07 21:32:11 - [TEST_STEP][PASSED] - if (ExecuteTC.equalsIgnoreCase("Y")): Object 'Object Repository/RAD_Pages/PaymentEntry_Page/input__billingName' is present

2024-11-07 21:32:11 - [TEST_STEP][PASSED] - out.println("Begin Record Number: " + row): null

2024-11-07 21:32:11 - [TEST_STEP][PASSED] - today = new java.util.Date(): null

2024-11-07 21:32:11 - [TEST_STEP][PASSED] - println(today): null

2024-11-07 21:32:11 - [TEST_STEP][PASSED] - datText = today: null

2024-11-07 21:32:11 - [TEST_STEP][PASSED] - logInfo("Payment Type: New Tax Return Amount Due"): Payment Type: New Tax Return Amount Due

2024-11-07 21:32:11 - [MESSAGE][INFO] - Payment Type: New Tax Return Amount Due

2024-11-07 21:32:11 - [TEST_STEP][PASSED] - logInfo("Tax Type: " + TaxType): Tax Type: Tire Recycling Fee

2024-11-07 21:32:11 - [MESSAGE][INFO] - Tax Type: Tire Recycling Fee

2024-11-07 21:32:11 - [TEST_STEP][PASSED] - openBrowser(""): Browser is opened with url: ''

2024-11-07 21:32:11 - [MESSAGE][WARNING] - A browser is already opened. Closing browser and opening a new one

2024-11-07 21:32:12 - [MESSAGE][INFO] - Starting 'Chrome' driver

2024-11-07 21:32:12 - [MESSAGE][INFO] - User set preference: ['acceptInsecureCerts', 'true']

2024-11-07 21:32:12 - [MESSAGE][INFO] - Action delay is set to 0 milliseconds

2024-11-07 21:32:14 - [MESSAGE][PASSED] - Browser is opened with url: ''

2024-11-07 21:32:14 - [TEST_STEP][PASSED] - maximizeWindow(): Current window maximized

2024-11-07 21:32:14 - [MESSAGE][PASSED] - Current window maximized

2024-11-07 21:32:14 - [TEST_STEP][PASSED] - navigateToUrl(RADurl): Navigate to 'https://www.velocitypayment.com/client/rad/index.html' successfully

2024-11-07 21:32:16 - [MESSAGE][PASSED] - Navigate to 'https://www.velocitypayment.com/client/rad/index.html' successfully

2024-11-07 21:32:16 - [TEST_STEP][PASSED] - selectOptionByLabel(findTestObject(orPath_Landing + "/dd_TaxType"), "New Tax Return Amount Due", false): All options with label 'New Tax Return Amount Due' are selected in object 'Object Repository/RAD_Pages/Landing_Page/dd_TaxType' 

2024-11-07 21:32:17 - [MESSAGE][PASSED] - All options with label 'New Tax Return Amount Due' are selected in object 'Object Repository/RAD_Pages/Landing_Page/dd_TaxType' 

2024-11-07 21:32:17 - [TEST_STEP][PASSED] - selectOptionByLabel(findTestObject("Object Repository/RAD_Pages/Landing_Page/select_NewTaxReturnAmountDue_TaxType"), TaxType, false): All options with label 'Tire Recycling Fee' are selected in object 'Object Repository/RAD_Pages/Landing_Page/select_NewTaxReturnAmountDue_TaxType' 

2024-11-07 21:32:18 - [MESSAGE][PASSED] - All options with label 'Tire Recycling Fee' are selected in object 'Object Repository/RAD_Pages/Landing_Page/select_NewTaxReturnAmountDue_TaxType' 

2024-11-07 21:32:18 - [TEST_STEP][PASSED] - selectOptionByLabel(findTestObject(orPath_TaxTypeFilingYear + "/select_FilingYear"), FilingYear, false): All options with label '2023' are selected in object 'Object Repository/RAD_Pages/TaxTypeFilingYear_Page/select_FilingYear' 

2024-11-07 21:32:18 - [MESSAGE][PASSED] - All options with label '2023' are selected in object 'Object Repository/RAD_Pages/TaxTypeFilingYear_Page/select_FilingYear' 

2024-11-07 21:32:18 - [TEST_STEP][PASSED] - if (month.trim()): All options with label 'November' are selected in object 'Object Repository/RAD_Pages/TaxTypeFilingYear_Page/select_PeriodEnding' 

2024-11-07 21:32:18 - [TEST_STEP][PASSED] - selectOptionByLabel(findTestObject(orPath_TaxTypeFilingYear + "/select_PeriodEnding"), month, false): All options with label 'November' are selected in object 'Object Repository/RAD_Pages/TaxTypeFilingYear_Page/select_PeriodEnding' 

2024-11-07 21:32:19 - [MESSAGE][PASSED] - All options with label 'November' are selected in object 'Object Repository/RAD_Pages/TaxTypeFilingYear_Page/select_PeriodEnding' 

2024-11-07 21:32:19 - [TEST_STEP][PASSED] - rad.getSetDataRAD.setDataRADBusinessName(): rad.getSetDataRAD.setDataRADBusinessName is PASSED

2024-11-07 21:32:20 - [MESSAGE][PASSED] - Text 'My Company' is set on object 'Object Repository/RAD_Pages/Taxpayer_Page/input_businessName'

2024-11-07 21:32:20 - [MESSAGE][PASSED] - rad.getSetDataRAD.setDataRADBusinessName is PASSED

2024-11-07 21:32:20 - [TEST_STEP][PASSED] - rad.getSetDataRAD.setDataRADBusinessRep(): rad.getSetDataRAD.setDataRADBusinessRep is PASSED

2024-11-07 21:32:21 - [MESSAGE][PASSED] - Text 'BusRepFname' is set on object 'Object Repository/RAD_Pages/Taxpayer_Page/input_BusinessRepfirstName'

2024-11-07 21:32:21 - [MESSAGE][PASSED] - Text '' is set on object 'Object Repository/RAD_Pages/Taxpayer_Page/input_BusinessRepmiddleName'

2024-11-07 21:32:22 - [MESSAGE][PASSED] - Text 'BusRepLname' is set on object 'Object Repository/RAD_Pages/Taxpayer_Page/input_BusinessReplastName'

2024-11-07 21:32:23 - [MESSAGE][PASSED] - Text '' is set on object 'Object Repository/RAD_Pages/Taxpayer_Page/input_BusinessRepsuffix'

2024-11-07 21:32:23 - [MESSAGE][PASSED] - rad.getSetDataRAD.setDataRADBusinessRep is PASSED

2024-11-07 21:32:23 - [TEST_STEP][PASSED] - rad.getSetDataRAD.setDataRADAddress(): rad.getSetDataRAD.setDataRADAddress is PASSED

2024-11-07 21:32:23 - [MESSAGE][PASSED] - All options with label 'United States' are selected in object 'Object Repository/RAD_Pages/AddressAndContactInfo_Page/select_Country' 

2024-11-07 21:32:24 - [MESSAGE][PASSED] - Text '2508 Mandan Terrace' is set on object 'Object Repository/RAD_Pages/AddressAndContactInfo_Page/input_streetAddress1'

2024-11-07 21:32:25 - [MESSAGE][PASSED] - Text '' is set on object 'Object Repository/RAD_Pages/AddressAndContactInfo_Page/input_streetAddress2'

2024-11-07 21:32:26 - [MESSAGE][PASSED] - Text 'Gambrills' is set on object 'Object Repository/RAD_Pages/AddressAndContactInfo_Page/input_city'

2024-11-07 21:32:26 - [MESSAGE][PASSED] - All options with label 'Maryland' are selected in object 'Object Repository/RAD_Pages/AddressAndContactInfo_Page/select_State' 

2024-11-07 21:32:27 - [MESSAGE][PASSED] - Text '21054' is set on object 'Object Repository/RAD_Pages/AddressAndContactInfo_Page/input_zipCode'

2024-11-07 21:32:28 - [MESSAGE][PASSED] - Text '(703) 894-5000' is set on object 'Object Repository/RAD_Pages/AddressAndContactInfo_Page/input_phoneNumber'

2024-11-07 21:32:29 - [MESSAGE][PASSED] - Text 'iahmed@govolution.com' is set on object 'Object Repository/RAD_Pages/AddressAndContactInfo_Page/input_eMailAddress'

2024-11-07 21:32:30 - [MESSAGE][PASSED] - Text 'iahmed@govolution.com' is set on object 'Object Repository/RAD_Pages/AddressAndContactInfo_Page/input_reEnterEMailAddress'

2024-11-07 21:32:30 - [MESSAGE][PASSED] - rad.getSetDataRAD.setDataRADAddress is PASSED

2024-11-07 21:32:30 - [TEST_STEP][PASSED] - if (feinSSN.equalsIgnoreCase("Y")): null

2024-11-07 21:32:30 - [TEST_STEP][PASSED] - else: Text ****** has been set on object 'Object Repository/RAD_Pages/TaxInfo_Page/input_FederalEIN_ReEnter'

2024-11-07 21:32:30 - [TEST_STEP][PASSED] - if (!(TaxType.equalsIgnoreCase("Estate Tax"))): Text ****** has been set on object 'Object Repository/RAD_Pages/TaxInfo_Page/input_FederalEIN_ReEnter'

2024-11-07 21:32:30 - [TEST_STEP][PASSED] - setEncryptedText(findTestObject(orPath_TaxInfo + "/input_FederalEIN"), "yXB7JMCbD3QoFF75EQd3iw=="): Text ****** has been set on object 'Object Repository/RAD_Pages/TaxInfo_Page/input_FederalEIN'

2024-11-07 21:32:30 - [MESSAGE][PASSED] - Text ****** has been set on object 'Object Repository/RAD_Pages/TaxInfo_Page/input_FederalEIN'

2024-11-07 21:32:30 - [TEST_STEP][PASSED] - setEncryptedText(findTestObject(orPath_TaxInfo + "/input_FederalEIN_ReEnter"), "yXB7JMCbD3QoFF75EQd3iw=="): Text ****** has been set on object 'Object Repository/RAD_Pages/TaxInfo_Page/input_FederalEIN_ReEnter'

2024-11-07 21:32:31 - [MESSAGE][PASSED] - Text ****** has been set on object 'Object Repository/RAD_Pages/TaxInfo_Page/input_FederalEIN_ReEnter'

2024-11-07 21:32:31 - [TEST_STEP][PASSED] - if (CRN.equalsIgnoreCase("Y")): rad.getSetDataRAD.setDataRADMDCRN is PASSED

2024-11-07 21:32:31 - [TEST_STEP][PASSED] - rad.getSetDataRAD.setDataRADMDCRN(): rad.getSetDataRAD.setDataRADMDCRN is PASSED

2024-11-07 21:32:32 - [MESSAGE][PASSED] - Text '07640126' is set on object 'Object Repository/RAD_Pages/TaxInfo_Page/input_MDCRegistration'

2024-11-07 21:32:32 - [MESSAGE][PASSED] - rad.getSetDataRAD.setDataRADMDCRN is PASSED

2024-11-07 21:32:32 - [TEST_STEP][PASSED] - if (MFLicNum.equalsIgnoreCase("Y")): null

2024-11-07 21:32:32 - [TEST_STEP][PASSED] - if (TaxType.equalsIgnoreCase("Estate Tax")): null

2024-11-07 21:32:32 - [TEST_STEP][PASSED] - setText(findTestObject(orPath_Amount + "/input__paymentAmount"), "100.00"): Text '100.00' is set on object 'Object Repository/RAD_Pages/PaymentAmount_Page/input__paymentAmount'

2024-11-07 21:32:33 - [MESSAGE][PASSED] - Text '100.00' is set on object 'Object Repository/RAD_Pages/PaymentAmount_Page/input__paymentAmount'

2024-11-07 21:32:33 - [TEST_STEP][PASSED] - setText(findTestObject(orPath_AddressContact + "/input_streetAddress2"), ""): Text '' is set on object 'Object Repository/RAD_Pages/AddressAndContactInfo_Page/input_streetAddress2'

2024-11-07 21:32:33 - [MESSAGE][PASSED] - Text '' is set on object 'Object Repository/RAD_Pages/AddressAndContactInfo_Page/input_streetAddress2'

2024-11-07 21:32:33 - [TEST_STEP][PASSED] - scrollToElement(findTestObject(orPath_Landing + "/button_Continue"), 3): Scroll to object 'Object Repository/RAD_Pages/Landing_Page/button_Continue' successfully

2024-11-07 21:32:34 - [MESSAGE][PASSED] - Scroll to object 'Object Repository/RAD_Pages/Landing_Page/button_Continue' successfully

2024-11-07 21:32:34 - [TEST_STEP][PASSED] - waitForElementClickable(findTestObject(orPath_Landing + "/button_Continue"), 5): Object 'Object Repository/RAD_Pages/Landing_Page/button_Continue' is clickable

2024-11-07 21:32:34 - [MESSAGE][PASSED] - Object 'Object Repository/RAD_Pages/Landing_Page/button_Continue' is clickable

2024-11-07 21:32:34 - [TEST_STEP][PASSED] - click(findTestObject(orPath_Landing + "/button_Continue")): Object: 'Object Repository/RAD_Pages/Landing_Page/button_Continue' is clicked on

2024-11-07 21:32:34 - [MESSAGE][PASSED] - Object: 'Object Repository/RAD_Pages/Landing_Page/button_Continue' is clicked on

2024-11-07 21:32:34 - [TEST_STEP][PASSED] - delay(2): Delayed 2 second(s)

2024-11-07 21:32:36 - [MESSAGE][PASSED] - Delayed 2 second(s)

2024-11-07 21:32:36 - [TEST_STEP][PASSED] - verifyTextPresent("Summary", true): Text 'Summary' is present on page  using regular expression

2024-11-07 21:32:37 - [MESSAGE][PASSED] - Text 'Summary' is present on page  using regular expression

2024-11-07 21:32:37 - [TEST_STEP][PASSED] - verifyTextPresent("Review the information below and make any necessary corrections by clicking the", true): Text 'Review the information below and make any necessary corrections by clicking the' is present on page  using regular expression

2024-11-07 21:32:37 - [MESSAGE][PASSED] - Text 'Review the information below and make any necessary corrections by clicking the' is present on page  using regular expression

2024-11-07 21:32:37 - [TEST_STEP][PASSED] - verifyTextPresent("When you are confident that all the information is correct, click the", true): Text 'When you are confident that all the information is correct, click the' is present on page  using regular expression

2024-11-07 21:32:37 - [MESSAGE][PASSED] - Text 'When you are confident that all the information is correct, click the' is present on page  using regular expression

2024-11-07 21:32:37 - [TEST_STEP][PASSED] - verifyTextPresent("Payment Type/Filing Year", true): Text 'Payment Type/Filing Year' is present on page  using regular expression

2024-11-07 21:32:38 - [MESSAGE][PASSED] - Text 'Payment Type/Filing Year' is present on page  using regular expression

2024-11-07 21:32:38 - [TEST_STEP][PASSED] - verifyTextPresent("Payment Type:", true): Text 'Payment Type:' is present on page  using regular expression

2024-11-07 21:32:38 - [MESSAGE][PASSED] - Text 'Payment Type:' is present on page  using regular expression

2024-11-07 21:32:38 - [TEST_STEP][PASSED] - verifyTextPresent("New Tax Return Amount Due", true): Text 'New Tax Return Amount Due' is present on page  using regular expression

2024-11-07 21:32:38 - [MESSAGE][PASSED] - Text 'New Tax Return Amount Due' is present on page  using regular expression

2024-11-07 21:32:38 - [TEST_STEP][PASSED] - verifyTextPresent("Filing Year:", true): Text 'Filing Year:' is present on page  using regular expression

2024-11-07 21:32:39 - [MESSAGE][PASSED] - Text 'Filing Year:' is present on page  using regular expression

2024-11-07 21:32:39 - [TEST_STEP][PASSED] - verifyTextPresent(FilingYear, true): Text '2023' is present on page  using regular expression

2024-11-07 21:32:39 - [MESSAGE][PASSED] - Text '2023' is present on page  using regular expression

2024-11-07 21:32:39 - [TEST_STEP][PASSED] - verifyTextPresent("Payer Information", true): Text 'Payer Information' is present on page  using regular expression

2024-11-07 21:32:39 - [MESSAGE][PASSED] - Text 'Payer Information' is present on page  using regular expression

2024-11-07 21:32:39 - [TEST_STEP][PASSED] - verifyTextPresent("Taxpayer Name:", true): Text 'Taxpayer Name:' is present on page  using regular expression

2024-11-07 21:32:40 - [MESSAGE][PASSED] - Text 'Taxpayer Name:' is present on page  using regular expression

2024-11-07 21:32:40 - [TEST_STEP][PASSED] - verifyTextPresent("My Company", true): Text 'My Company' is present on page  using regular expression

2024-11-07 21:32:40 - [MESSAGE][PASSED] - Text 'My Company' is present on page  using regular expression

2024-11-07 21:32:40 - [TEST_STEP][PASSED] - verifyTextPresent("Business Rep Name:", true): Text 'Business Rep Name:' is present on page  using regular expression

2024-11-07 21:32:40 - [MESSAGE][PASSED] - Text 'Business Rep Name:' is present on page  using regular expression

2024-11-07 21:32:40 - [TEST_STEP][PASSED] - verifyTextPresent("BusRepFname BusRepLname", true): Text 'BusRepFname BusRepLname' is present on page  using regular expression

2024-11-07 21:32:41 - [MESSAGE][PASSED] - Text 'BusRepFname BusRepLname' is present on page  using regular expression

2024-11-07 21:32:41 - [TEST_STEP][PASSED] - verifyTextPresent("Taxpayer Address:", true): Text 'Taxpayer Address:' is present on page  using regular expression

2024-11-07 21:32:41 - [MESSAGE][PASSED] - Text 'Taxpayer Address:' is present on page  using regular expression

2024-11-07 21:32:41 - [TEST_STEP][PASSED] - verifyTextPresent("2508 Mandan Terrace Gambrills Maryland 21054", true): Text '2508 Mandan Terrace Gambrills Maryland 21054' is present on page  using regular expression

2024-11-07 21:32:41 - [MESSAGE][PASSED] - Text '2508 Mandan Terrace Gambrills Maryland 21054' is present on page  using regular expression

2024-11-07 21:32:41 - [TEST_STEP][PASSED] - verifyTextPresent("Email:", true): Text 'Email:' is present on page  using regular expression

2024-11-07 21:32:42 - [MESSAGE][PASSED] - Text 'Email:' is present on page  using regular expression

2024-11-07 21:32:42 - [TEST_STEP][PASSED] - verifyTextPresent("iahmed@govolution.com", true): Text 'iahmed@govolution.com' is present on page  using regular expression

2024-11-07 21:32:42 - [MESSAGE][PASSED] - Text 'iahmed@govolution.com' is present on page  using regular expression

2024-11-07 21:32:42 - [TEST_STEP][PASSED] - verifyTextPresent("Phone:", true): Text 'Phone:' is present on page  using regular expression

2024-11-07 21:32:42 - [MESSAGE][PASSED] - Text 'Phone:' is present on page  using regular expression

2024-11-07 21:32:42 - [TEST_STEP][PASSED] - verifyTextPresent("(703) 894-5000", false): Text '(703) 894-5000' is present on page 

2024-11-07 21:32:43 - [MESSAGE][PASSED] - Text '(703) 894-5000' is present on page 

2024-11-07 21:32:43 - [TEST_STEP][PASSED] - verifyTextPresent("Tax Information", true): Text 'Tax Information' is present on page  using regular expression

2024-11-07 21:32:43 - [MESSAGE][PASSED] - Text 'Tax Information' is present on page  using regular expression

2024-11-07 21:32:43 - [TEST_STEP][PASSED] - verifyTextNotPresent("Notice Number", true): Text 'Notice Number' is not present on page using regular expression

2024-11-07 21:32:43 - [MESSAGE][PASSED] - Text 'Notice Number' is not present on page using regular expression

2024-11-07 21:32:43 - [TEST_STEP][PASSED] - if (month.trim()): Text 'November' is present on page  using regular expression

2024-11-07 21:32:43 - [TEST_STEP][PASSED] - verifyTextPresent("Period Ending", true): Text 'Period Ending' is present on page  using regular expression

2024-11-07 21:32:43 - [MESSAGE][PASSED] - Text 'Period Ending' is present on page  using regular expression

2024-11-07 21:32:43 - [TEST_STEP][PASSED] - verifyTextPresent(month, true): Text 'November' is present on page  using regular expression

2024-11-07 21:32:44 - [MESSAGE][PASSED] - Text 'November' is present on page  using regular expression

2024-11-07 21:32:44 - [TEST_STEP][PASSED] - if (feinSSN.equalsIgnoreCase("Y")): null

2024-11-07 21:32:44 - [TEST_STEP][PASSED] - else: Text 'XXXXXXX87' is present on page  using regular expression

2024-11-07 21:32:44 - [TEST_STEP][PASSED] - if (!(TaxType.equalsIgnoreCase("Estate Tax"))): Text 'XXXXXXX87' is present on page  using regular expression

2024-11-07 21:32:44 - [TEST_STEP][PASSED] - verifyTextPresent("Federal EIN:", true): Text 'Federal EIN:' is present on page  using regular expression

2024-11-07 21:32:44 - [MESSAGE][PASSED] - Text 'Federal EIN:' is present on page  using regular expression

2024-11-07 21:32:44 - [TEST_STEP][PASSED] - verifyTextNotPresent("FEIN/SSN:", true): Text 'FEIN/SSN:' is not present on page using regular expression

2024-11-07 21:32:44 - [MESSAGE][PASSED] - Text 'FEIN/SSN:' is not present on page using regular expression

2024-11-07 21:32:44 - [TEST_STEP][PASSED] - verifyTextPresent("XXXXXXX87", true): Text 'XXXXXXX87' is present on page  using regular expression

2024-11-07 21:32:45 - [MESSAGE][PASSED] - Text 'XXXXXXX87' is present on page  using regular expression

2024-11-07 21:32:45 - [TEST_STEP][PASSED] - if (TaxType.equalsIgnoreCase("Estate Tax")): null

2024-11-07 21:32:45 - [TEST_STEP][PASSED] - if (CRN.equalsIgnoreCase("Y")): Text '07640126' is present on page  using regular expression

2024-11-07 21:32:45 - [TEST_STEP][PASSED] - verifyTextPresent("MD Central Registration Number#:", true): Text 'MD Central Registration Number#:' is present on page  using regular expression

2024-11-07 21:32:45 - [MESSAGE][PASSED] - Text 'MD Central Registration Number#:' is present on page  using regular expression

2024-11-07 21:32:45 - [TEST_STEP][PASSED] - verifyTextPresent("07640126", true): Text '07640126' is present on page  using regular expression

2024-11-07 21:32:45 - [MESSAGE][PASSED] - Text '07640126' is present on page  using regular expression

2024-11-07 21:32:45 - [TEST_STEP][PASSED] - if (MFLicNum.equalsIgnoreCase("Y")): null

2024-11-07 21:32:45 - [TEST_STEP][PASSED] - else: Text 'Motor Fuel License Number#:' is not present on page using regular expression

2024-11-07 21:32:45 - [TEST_STEP][PASSED] - verifyTextNotPresent("Motor Fuel License Number#:", true): Text 'Motor Fuel License Number#:' is not present on page using regular expression

2024-11-07 21:32:46 - [MESSAGE][PASSED] - Text 'Motor Fuel License Number#:' is not present on page using regular expression

2024-11-07 21:32:46 - [TEST_STEP][PASSED] - verifyTextPresent("Payment Amount:", true): Text 'Payment Amount:' is present on page  using regular expression

2024-11-07 21:32:46 - [MESSAGE][PASSED] - Text 'Payment Amount:' is present on page  using regular expression

2024-11-07 21:32:46 - [TEST_STEP][PASSED] - verifyTextPresent("100.00", true): Text '100.00' is present on page  using regular expression

2024-11-07 21:32:46 - [MESSAGE][PASSED] - Text '100.00' is present on page  using regular expression

2024-11-07 21:32:46 - [TEST_STEP][PASSED] - if (verifyElementVisible(findTestObject(orPath_Summary + "/button_Proceed to Payment"))): null

2024-11-07 21:32:47 - [MESSAGE][PASSED] - Object 'Object Repository/RAD_Pages/Summary_Page/button_Proceed to Payment' is visible

2024-11-07 21:32:47 - [TEST_STEP][PASSED] - resText = "Pass": null

2024-11-07 21:32:47 - [TEST_STEP][PASSED] - pages.WriteExcel.demoKey(resText, datText, resColumn, datCloumn, fileLoc, nameSheet, row): pages.WriteExcel.demoKey is PASSED

2024-11-07 21:32:47 - [MESSAGE][PASSED] - pages.WriteExcel.demoKey is PASSED

2024-11-07 21:32:47 - [TEST_STEP][PASSED] - click(findTestObject(orPath_Summary + "/button_Proceed to Payment")): Object: 'Object Repository/RAD_Pages/Summary_Page/button_Proceed to Payment' is clicked on

2024-11-07 21:32:49 - [MESSAGE][PASSED] - Object: 'Object Repository/RAD_Pages/Summary_Page/button_Proceed to Payment' is clicked on

2024-11-07 21:32:49 - [TEST_STEP][PASSED] - verifyElementPresent(findTestObject("Object Repository/RAD_Pages/PaymentEntry_Page/input__billingName"), 30): Object 'Object Repository/RAD_Pages/PaymentEntry_Page/input__billingName' is present

2024-11-07 21:32:50 - [MESSAGE][PASSED] - Object 'Object Repository/RAD_Pages/PaymentEntry_Page/input__billingName' is present

2024-11-07 21:32:50 - [TEST_STEP][PASSED] - ExecuteTC = findTestData(dataFile).getValue("Execute", row): null

2024-11-07 21:32:50 - [TEST_STEP][PASSED] - TaxType = findTestData(dataFile).getValue("TaxType", row): null

2024-11-07 21:32:50 - [TEST_STEP][PASSED] - PaymentType = findTestData(dataFile).getValue("PaymentType", row): null

2024-11-07 21:32:50 - [TEST_STEP][PASSED] - FilingYear = findTestData(dataFile).getValue("Year", row): null

2024-11-07 21:32:50 - [TEST_STEP][PASSED] - feinSSN = findTestData(dataFile).getValue("FeinSsn", row): null

2024-11-07 21:32:50 - [TEST_STEP][PASSED] - CRN = findTestData(dataFile).getValue("CRN", row): null

2024-11-07 21:32:50 - [TEST_STEP][PASSED] - month = findTestData(dataFile).getValue("Month", row): null

2024-11-07 21:32:50 - [TEST_STEP][PASSED] - MFLicNum = findTestData(dataFile).getValue("MFLicNum", row): null

2024-11-07 21:32:50 - [TEST_STEP][PASSED] - if (ExecuteTC.equalsIgnoreCase("Y")): Object 'Object Repository/RAD_Pages/PaymentEntry_Page/input__billingName' is present

2024-11-07 21:32:50 - [TEST_STEP][PASSED] - out.println("Begin Record Number: " + row): null

2024-11-07 21:32:50 - [TEST_STEP][PASSED] - today = new java.util.Date(): null

2024-11-07 21:32:50 - [TEST_STEP][PASSED] - println(today): null

2024-11-07 21:32:50 - [TEST_STEP][PASSED] - datText = today: null

2024-11-07 21:32:50 - [TEST_STEP][PASSED] - logInfo("Payment Type: New Tax Return Amount Due"): Payment Type: New Tax Return Amount Due

2024-11-07 21:32:50 - [MESSAGE][INFO] - Payment Type: New Tax Return Amount Due

2024-11-07 21:32:50 - [TEST_STEP][PASSED] - logInfo("Tax Type: " + TaxType): Tax Type: Tobacco Tax

2024-11-07 21:32:50 - [MESSAGE][INFO] - Tax Type: Tobacco Tax

2024-11-07 21:32:50 - [TEST_STEP][PASSED] - openBrowser(""): Browser is opened with url: ''

2024-11-07 21:32:50 - [MESSAGE][WARNING] - A browser is already opened. Closing browser and opening a new one

2024-11-07 21:32:52 - [MESSAGE][INFO] - Starting 'Chrome' driver

2024-11-07 21:32:52 - [MESSAGE][INFO] - User set preference: ['acceptInsecureCerts', 'true']

2024-11-07 21:32:52 - [MESSAGE][INFO] - Action delay is set to 0 milliseconds

2024-11-07 21:32:54 - [MESSAGE][PASSED] - Browser is opened with url: ''

2024-11-07 21:32:54 - [TEST_STEP][PASSED] - maximizeWindow(): Current window maximized

2024-11-07 21:32:54 - [MESSAGE][PASSED] - Current window maximized

2024-11-07 21:32:54 - [TEST_STEP][PASSED] - navigateToUrl(RADurl): Navigate to 'https://www.velocitypayment.com/client/rad/index.html' successfully

2024-11-07 21:32:56 - [MESSAGE][PASSED] - Navigate to 'https://www.velocitypayment.com/client/rad/index.html' successfully

2024-11-07 21:32:56 - [TEST_STEP][PASSED] - selectOptionByLabel(findTestObject(orPath_Landing + "/dd_TaxType"), "New Tax Return Amount Due", false): All options with label 'New Tax Return Amount Due' are selected in object 'Object Repository/RAD_Pages/Landing_Page/dd_TaxType' 

2024-11-07 21:32:56 - [MESSAGE][PASSED] - All options with label 'New Tax Return Amount Due' are selected in object 'Object Repository/RAD_Pages/Landing_Page/dd_TaxType' 

2024-11-07 21:32:56 - [TEST_STEP][PASSED] - selectOptionByLabel(findTestObject("Object Repository/RAD_Pages/Landing_Page/select_NewTaxReturnAmountDue_TaxType"), TaxType, false): All options with label 'Tobacco Tax' are selected in object 'Object Repository/RAD_Pages/Landing_Page/select_NewTaxReturnAmountDue_TaxType' 

2024-11-07 21:32:57 - [MESSAGE][PASSED] - All options with label 'Tobacco Tax' are selected in object 'Object Repository/RAD_Pages/Landing_Page/select_NewTaxReturnAmountDue_TaxType' 

2024-11-07 21:32:57 - [TEST_STEP][PASSED] - selectOptionByLabel(findTestObject(orPath_TaxTypeFilingYear + "/select_FilingYear"), FilingYear, false): All options with label '2023' are selected in object 'Object Repository/RAD_Pages/TaxTypeFilingYear_Page/select_FilingYear' 

2024-11-07 21:32:58 - [MESSAGE][PASSED] - All options with label '2023' are selected in object 'Object Repository/RAD_Pages/TaxTypeFilingYear_Page/select_FilingYear' 

2024-11-07 21:32:58 - [TEST_STEP][PASSED] - if (month.trim()): All options with label 'July' are selected in object 'Object Repository/RAD_Pages/TaxTypeFilingYear_Page/select_PeriodEnding' 

2024-11-07 21:32:58 - [TEST_STEP][PASSED] - selectOptionByLabel(findTestObject(orPath_TaxTypeFilingYear + "/select_PeriodEnding"), month, false): All options with label 'July' are selected in object 'Object Repository/RAD_Pages/TaxTypeFilingYear_Page/select_PeriodEnding' 

2024-11-07 21:32:59 - [MESSAGE][PASSED] - All options with label 'July' are selected in object 'Object Repository/RAD_Pages/TaxTypeFilingYear_Page/select_PeriodEnding' 

2024-11-07 21:32:59 - [TEST_STEP][PASSED] - rad.getSetDataRAD.setDataRADBusinessName(): rad.getSetDataRAD.setDataRADBusinessName is PASSED

2024-11-07 21:32:59 - [MESSAGE][PASSED] - Text 'My Company' is set on object 'Object Repository/RAD_Pages/Taxpayer_Page/input_businessName'

2024-11-07 21:32:59 - [MESSAGE][PASSED] - rad.getSetDataRAD.setDataRADBusinessName is PASSED

2024-11-07 21:32:59 - [TEST_STEP][PASSED] - rad.getSetDataRAD.setDataRADBusinessRep(): rad.getSetDataRAD.setDataRADBusinessRep is PASSED

2024-11-07 21:33:00 - [MESSAGE][PASSED] - Text 'BusRepFname' is set on object 'Object Repository/RAD_Pages/Taxpayer_Page/input_BusinessRepfirstName'

2024-11-07 21:33:01 - [MESSAGE][PASSED] - Text '' is set on object 'Object Repository/RAD_Pages/Taxpayer_Page/input_BusinessRepmiddleName'

2024-11-07 21:33:02 - [MESSAGE][PASSED] - Text 'BusRepLname' is set on object 'Object Repository/RAD_Pages/Taxpayer_Page/input_BusinessReplastName'

2024-11-07 21:33:02 - [MESSAGE][PASSED] - Text '' is set on object 'Object Repository/RAD_Pages/Taxpayer_Page/input_BusinessRepsuffix'

2024-11-07 21:33:02 - [MESSAGE][PASSED] - rad.getSetDataRAD.setDataRADBusinessRep is PASSED

2024-11-07 21:33:02 - [TEST_STEP][PASSED] - rad.getSetDataRAD.setDataRADAddress(): rad.getSetDataRAD.setDataRADAddress is PASSED

2024-11-07 21:33:03 - [MESSAGE][PASSED] - All options with label 'United States' are selected in object 'Object Repository/RAD_Pages/AddressAndContactInfo_Page/select_Country' 

2024-11-07 21:33:04 - [MESSAGE][PASSED] - Text '2508 Mandan Terrace' is set on object 'Object Repository/RAD_Pages/AddressAndContactInfo_Page/input_streetAddress1'

2024-11-07 21:33:04 - [MESSAGE][PASSED] - Text '' is set on object 'Object Repository/RAD_Pages/AddressAndContactInfo_Page/input_streetAddress2'

2024-11-07 21:33:05 - [MESSAGE][PASSED] - Text 'Gambrills' is set on object 'Object Repository/RAD_Pages/AddressAndContactInfo_Page/input_city'

2024-11-07 21:33:06 - [MESSAGE][PASSED] - All options with label 'Maryland' are selected in object 'Object Repository/RAD_Pages/AddressAndContactInfo_Page/select_State' 

2024-11-07 21:33:07 - [MESSAGE][PASSED] - Text '21054' is set on object 'Object Repository/RAD_Pages/AddressAndContactInfo_Page/input_zipCode'

2024-11-07 21:33:08 - [MESSAGE][PASSED] - Text '(703) 894-5000' is set on object 'Object Repository/RAD_Pages/AddressAndContactInfo_Page/input_phoneNumber'

2024-11-07 21:33:09 - [MESSAGE][PASSED] - Text 'iahmed@govolution.com' is set on object 'Object Repository/RAD_Pages/AddressAndContactInfo_Page/input_eMailAddress'

2024-11-07 21:33:10 - [MESSAGE][PASSED] - Text 'iahmed@govolution.com' is set on object 'Object Repository/RAD_Pages/AddressAndContactInfo_Page/input_reEnterEMailAddress'

2024-11-07 21:33:10 - [MESSAGE][PASSED] - rad.getSetDataRAD.setDataRADAddress is PASSED

2024-11-07 21:33:10 - [TEST_STEP][PASSED] - if (feinSSN.equalsIgnoreCase("Y")): Text ****** has been set on object 'Object Repository/RAD_Pages/TaxInfo_Page/input_TaxInfo_RetypeFeinSsn_New_2'

2024-11-07 21:33:10 - [TEST_STEP][PASSED] - setEncryptedText(findTestObject(orPath_TaxInfo + "/input_TaxInfo_FeinSsn_New_2"), "yXB7JMCbD3QoFF75EQd3iw=="): Text ****** has been set on object 'Object Repository/RAD_Pages/TaxInfo_Page/input_TaxInfo_FeinSsn_New_2'

2024-11-07 21:33:10 - [MESSAGE][PASSED] - Text ****** has been set on object 'Object Repository/RAD_Pages/TaxInfo_Page/input_TaxInfo_FeinSsn_New_2'

2024-11-07 21:33:10 - [TEST_STEP][PASSED] - setEncryptedText(findTestObject(orPath_TaxInfo + "/input_TaxInfo_RetypeFeinSsn_New_2"), "yXB7JMCbD3QoFF75EQd3iw=="): Text ****** has been set on object 'Object Repository/RAD_Pages/TaxInfo_Page/input_TaxInfo_RetypeFeinSsn_New_2'

2024-11-07 21:33:11 - [MESSAGE][PASSED] - Text ****** has been set on object 'Object Repository/RAD_Pages/TaxInfo_Page/input_TaxInfo_RetypeFeinSsn_New_2'

2024-11-07 21:33:11 - [TEST_STEP][PASSED] - if (CRN.equalsIgnoreCase("Y")): rad.getSetDataRAD.setDataRADMDCRN is PASSED

2024-11-07 21:33:11 - [TEST_STEP][PASSED] - rad.getSetDataRAD.setDataRADMDCRN(): rad.getSetDataRAD.setDataRADMDCRN is PASSED

2024-11-07 21:33:11 - [MESSAGE][PASSED] - Text '07640126' is set on object 'Object Repository/RAD_Pages/TaxInfo_Page/input_MDCRegistration'

2024-11-07 21:33:11 - [MESSAGE][PASSED] - rad.getSetDataRAD.setDataRADMDCRN is PASSED

2024-11-07 21:33:11 - [TEST_STEP][PASSED] - if (MFLicNum.equalsIgnoreCase("Y")): null

2024-11-07 21:33:11 - [TEST_STEP][PASSED] - if (TaxType.equalsIgnoreCase("Estate Tax")): null

2024-11-07 21:33:11 - [TEST_STEP][PASSED] - setText(findTestObject(orPath_Amount + "/input__paymentAmount"), "100.00"): Text '100.00' is set on object 'Object Repository/RAD_Pages/PaymentAmount_Page/input__paymentAmount'

2024-11-07 21:33:12 - [MESSAGE][PASSED] - Text '100.00' is set on object 'Object Repository/RAD_Pages/PaymentAmount_Page/input__paymentAmount'

2024-11-07 21:33:12 - [TEST_STEP][PASSED] - setText(findTestObject(orPath_AddressContact + "/input_streetAddress2"), ""): Text '' is set on object 'Object Repository/RAD_Pages/AddressAndContactInfo_Page/input_streetAddress2'

2024-11-07 21:33:13 - [MESSAGE][PASSED] - Text '' is set on object 'Object Repository/RAD_Pages/AddressAndContactInfo_Page/input_streetAddress2'

2024-11-07 21:33:13 - [TEST_STEP][PASSED] - scrollToElement(findTestObject(orPath_Landing + "/button_Continue"), 3): Scroll to object 'Object Repository/RAD_Pages/Landing_Page/button_Continue' successfully

2024-11-07 21:33:13 - [MESSAGE][PASSED] - Scroll to object 'Object Repository/RAD_Pages/Landing_Page/button_Continue' successfully

2024-11-07 21:33:13 - [TEST_STEP][PASSED] - waitForElementClickable(findTestObject(orPath_Landing + "/button_Continue"), 5): Object 'Object Repository/RAD_Pages/Landing_Page/button_Continue' is clickable

2024-11-07 21:33:14 - [MESSAGE][PASSED] - Object 'Object Repository/RAD_Pages/Landing_Page/button_Continue' is clickable

2024-11-07 21:33:14 - [TEST_STEP][PASSED] - click(findTestObject(orPath_Landing + "/button_Continue")): Object: 'Object Repository/RAD_Pages/Landing_Page/button_Continue' is clicked on

2024-11-07 21:33:14 - [MESSAGE][PASSED] - Object: 'Object Repository/RAD_Pages/Landing_Page/button_Continue' is clicked on

2024-11-07 21:33:14 - [TEST_STEP][PASSED] - delay(2): Delayed 2 second(s)

2024-11-07 21:33:16 - [MESSAGE][PASSED] - Delayed 2 second(s)

2024-11-07 21:33:16 - [TEST_STEP][PASSED] - verifyTextPresent("Summary", true): Text 'Summary' is present on page  using regular expression

2024-11-07 21:33:16 - [MESSAGE][PASSED] - Text 'Summary' is present on page  using regular expression

2024-11-07 21:33:16 - [TEST_STEP][PASSED] - verifyTextPresent("Review the information below and make any necessary corrections by clicking the", true): Text 'Review the information below and make any necessary corrections by clicking the' is present on page  using regular expression

2024-11-07 21:33:17 - [MESSAGE][PASSED] - Text 'Review the information below and make any necessary corrections by clicking the' is present on page  using regular expression

2024-11-07 21:33:17 - [TEST_STEP][PASSED] - verifyTextPresent("When you are confident that all the information is correct, click the", true): Text 'When you are confident that all the information is correct, click the' is present on page  using regular expression

2024-11-07 21:33:17 - [MESSAGE][PASSED] - Text 'When you are confident that all the information is correct, click the' is present on page  using regular expression

2024-11-07 21:33:17 - [TEST_STEP][PASSED] - verifyTextPresent("Payment Type/Filing Year", true): Text 'Payment Type/Filing Year' is present on page  using regular expression

2024-11-07 21:33:17 - [MESSAGE][PASSED] - Text 'Payment Type/Filing Year' is present on page  using regular expression

2024-11-07 21:33:17 - [TEST_STEP][PASSED] - verifyTextPresent("Payment Type:", true): Text 'Payment Type:' is present on page  using regular expression

2024-11-07 21:33:18 - [MESSAGE][PASSED] - Text 'Payment Type:' is present on page  using regular expression

2024-11-07 21:33:18 - [TEST_STEP][PASSED] - verifyTextPresent("New Tax Return Amount Due", true): Text 'New Tax Return Amount Due' is present on page  using regular expression

2024-11-07 21:33:18 - [MESSAGE][PASSED] - Text 'New Tax Return Amount Due' is present on page  using regular expression

2024-11-07 21:33:18 - [TEST_STEP][PASSED] - verifyTextPresent("Filing Year:", true): Text 'Filing Year:' is present on page  using regular expression

2024-11-07 21:33:18 - [MESSAGE][PASSED] - Text 'Filing Year:' is present on page  using regular expression

2024-11-07 21:33:18 - [TEST_STEP][PASSED] - verifyTextPresent(FilingYear, true): Text '2023' is present on page  using regular expression

2024-11-07 21:33:19 - [MESSAGE][PASSED] - Text '2023' is present on page  using regular expression

2024-11-07 21:33:19 - [TEST_STEP][PASSED] - verifyTextPresent("Payer Information", true): Text 'Payer Information' is present on page  using regular expression

2024-11-07 21:33:19 - [MESSAGE][PASSED] - Text 'Payer Information' is present on page  using regular expression

2024-11-07 21:33:19 - [TEST_STEP][PASSED] - verifyTextPresent("Taxpayer Name:", true): Text 'Taxpayer Name:' is present on page  using regular expression

2024-11-07 21:33:19 - [MESSAGE][PASSED] - Text 'Taxpayer Name:' is present on page  using regular expression

2024-11-07 21:33:19 - [TEST_STEP][PASSED] - verifyTextPresent("My Company", true): Text 'My Company' is present on page  using regular expression

2024-11-07 21:33:20 - [MESSAGE][PASSED] - Text 'My Company' is present on page  using regular expression

2024-11-07 21:33:20 - [TEST_STEP][PASSED] - verifyTextPresent("Business Rep Name:", true): Text 'Business Rep Name:' is present on page  using regular expression

2024-11-07 21:33:20 - [MESSAGE][PASSED] - Text 'Business Rep Name:' is present on page  using regular expression

2024-11-07 21:33:20 - [TEST_STEP][PASSED] - verifyTextPresent("BusRepFname BusRepLname", true): Text 'BusRepFname BusRepLname' is present on page  using regular expression

2024-11-07 21:33:20 - [MESSAGE][PASSED] - Text 'BusRepFname BusRepLname' is present on page  using regular expression

2024-11-07 21:33:20 - [TEST_STEP][PASSED] - verifyTextPresent("Taxpayer Address:", true): Text 'Taxpayer Address:' is present on page  using regular expression

2024-11-07 21:33:21 - [MESSAGE][PASSED] - Text 'Taxpayer Address:' is present on page  using regular expression

2024-11-07 21:33:21 - [TEST_STEP][PASSED] - verifyTextPresent("2508 Mandan Terrace Gambrills Maryland 21054", true): Text '2508 Mandan Terrace Gambrills Maryland 21054' is present on page  using regular expression

2024-11-07 21:33:21 - [MESSAGE][PASSED] - Text '2508 Mandan Terrace Gambrills Maryland 21054' is present on page  using regular expression

2024-11-07 21:33:21 - [TEST_STEP][PASSED] - verifyTextPresent("Email:", true): Text 'Email:' is present on page  using regular expression

2024-11-07 21:33:21 - [MESSAGE][PASSED] - Text 'Email:' is present on page  using regular expression

2024-11-07 21:33:21 - [TEST_STEP][PASSED] - verifyTextPresent("iahmed@govolution.com", true): Text 'iahmed@govolution.com' is present on page  using regular expression

2024-11-07 21:33:22 - [MESSAGE][PASSED] - Text 'iahmed@govolution.com' is present on page  using regular expression

2024-11-07 21:33:22 - [TEST_STEP][PASSED] - verifyTextPresent("Phone:", true): Text 'Phone:' is present on page  using regular expression

2024-11-07 21:33:22 - [MESSAGE][PASSED] - Text 'Phone:' is present on page  using regular expression

2024-11-07 21:33:22 - [TEST_STEP][PASSED] - verifyTextPresent("(703) 894-5000", false): Text '(703) 894-5000' is present on page 

2024-11-07 21:33:22 - [MESSAGE][PASSED] - Text '(703) 894-5000' is present on page 

2024-11-07 21:33:22 - [TEST_STEP][PASSED] - verifyTextPresent("Tax Information", true): Text 'Tax Information' is present on page  using regular expression

2024-11-07 21:33:22 - [MESSAGE][PASSED] - Text 'Tax Information' is present on page  using regular expression

2024-11-07 21:33:22 - [TEST_STEP][PASSED] - verifyTextNotPresent("Notice Number", true): Text 'Notice Number' is not present on page using regular expression

2024-11-07 21:33:23 - [MESSAGE][PASSED] - Text 'Notice Number' is not present on page using regular expression

2024-11-07 21:33:23 - [TEST_STEP][PASSED] - if (month.trim()): Text 'July' is present on page  using regular expression

2024-11-07 21:33:23 - [TEST_STEP][PASSED] - verifyTextPresent("Period Ending", true): Text 'Period Ending' is present on page  using regular expression

2024-11-07 21:33:23 - [MESSAGE][PASSED] - Text 'Period Ending' is present on page  using regular expression

2024-11-07 21:33:23 - [TEST_STEP][PASSED] - verifyTextPresent(month, true): Text 'July' is present on page  using regular expression

2024-11-07 21:33:23 - [MESSAGE][PASSED] - Text 'July' is present on page  using regular expression

2024-11-07 21:33:23 - [TEST_STEP][PASSED] - if (feinSSN.equalsIgnoreCase("Y")): Text 'XXXXX6187' is present on page  using regular expression

2024-11-07 21:33:23 - [TEST_STEP][PASSED] - verifyTextPresent("FEIN/SSN:", true): Text 'FEIN/SSN:' is present on page  using regular expression

2024-11-07 21:33:24 - [MESSAGE][PASSED] - Text 'FEIN/SSN:' is present on page  using regular expression

2024-11-07 21:33:24 - [TEST_STEP][PASSED] - verifyTextNotPresent("Federal EIN:", true): Text 'Federal EIN:' is not present on page using regular expression

2024-11-07 21:33:24 - [MESSAGE][PASSED] - Text 'Federal EIN:' is not present on page using regular expression

2024-11-07 21:33:24 - [TEST_STEP][PASSED] - verifyTextPresent("XXXXX6187", true): Text 'XXXXX6187' is present on page  using regular expression

2024-11-07 21:33:24 - [MESSAGE][PASSED] - Text 'XXXXX6187' is present on page  using regular expression

2024-11-07 21:33:24 - [TEST_STEP][PASSED] - if (TaxType.equalsIgnoreCase("Estate Tax")): null

2024-11-07 21:33:24 - [TEST_STEP][PASSED] - if (CRN.equalsIgnoreCase("Y")): Text '07640126' is present on page  using regular expression

2024-11-07 21:33:24 - [TEST_STEP][PASSED] - verifyTextPresent("MD Central Registration Number#:", true): Text 'MD Central Registration Number#:' is present on page  using regular expression

2024-11-07 21:33:25 - [MESSAGE][PASSED] - Text 'MD Central Registration Number#:' is present on page  using regular expression

2024-11-07 21:33:25 - [TEST_STEP][PASSED] - verifyTextPresent("07640126", true): Text '07640126' is present on page  using regular expression

2024-11-07 21:33:25 - [MESSAGE][PASSED] - Text '07640126' is present on page  using regular expression

2024-11-07 21:33:25 - [TEST_STEP][PASSED] - if (MFLicNum.equalsIgnoreCase("Y")): null

2024-11-07 21:33:25 - [TEST_STEP][PASSED] - else: Text 'Motor Fuel License Number#:' is not present on page using regular expression

2024-11-07 21:33:25 - [TEST_STEP][PASSED] - verifyTextNotPresent("Motor Fuel License Number#:", true): Text 'Motor Fuel License Number#:' is not present on page using regular expression

2024-11-07 21:33:25 - [MESSAGE][PASSED] - Text 'Motor Fuel License Number#:' is not present on page using regular expression

2024-11-07 21:33:25 - [TEST_STEP][PASSED] - verifyTextPresent("Payment Amount:", true): Text 'Payment Amount:' is present on page  using regular expression

2024-11-07 21:33:26 - [MESSAGE][PASSED] - Text 'Payment Amount:' is present on page  using regular expression

2024-11-07 21:33:26 - [TEST_STEP][PASSED] - verifyTextPresent("100.00", true): Text '100.00' is present on page  using regular expression

2024-11-07 21:33:26 - [MESSAGE][PASSED] - Text '100.00' is present on page  using regular expression

2024-11-07 21:33:26 - [TEST_STEP][PASSED] - if (verifyElementVisible(findTestObject(orPath_Summary + "/button_Proceed to Payment"))): null

2024-11-07 21:33:26 - [MESSAGE][PASSED] - Object 'Object Repository/RAD_Pages/Summary_Page/button_Proceed to Payment' is visible

2024-11-07 21:33:26 - [TEST_STEP][PASSED] - resText = "Pass": null

2024-11-07 21:33:26 - [TEST_STEP][PASSED] - pages.WriteExcel.demoKey(resText, datText, resColumn, datCloumn, fileLoc, nameSheet, row): pages.WriteExcel.demoKey is PASSED

2024-11-07 21:33:27 - [MESSAGE][PASSED] - pages.WriteExcel.demoKey is PASSED

2024-11-07 21:33:27 - [TEST_STEP][PASSED] - click(findTestObject(orPath_Summary + "/button_Proceed to Payment")): Object: 'Object Repository/RAD_Pages/Summary_Page/button_Proceed to Payment' is clicked on

2024-11-07 21:33:29 - [MESSAGE][PASSED] - Object: 'Object Repository/RAD_Pages/Summary_Page/button_Proceed to Payment' is clicked on

2024-11-07 21:33:29 - [TEST_STEP][PASSED] - verifyElementPresent(findTestObject("Object Repository/RAD_Pages/PaymentEntry_Page/input__billingName"), 30): Object 'Object Repository/RAD_Pages/PaymentEntry_Page/input__billingName' is present

2024-11-07 21:33:29 - [MESSAGE][PASSED] - Object 'Object Repository/RAD_Pages/PaymentEntry_Page/input__billingName' is present

2024-11-07 21:33:29 - [TEST_STEP][PASSED] - ExecuteTC = findTestData(dataFile).getValue("Execute", row): null

2024-11-07 21:33:29 - [TEST_STEP][PASSED] - TaxType = findTestData(dataFile).getValue("TaxType", row): null

2024-11-07 21:33:29 - [TEST_STEP][PASSED] - PaymentType = findTestData(dataFile).getValue("PaymentType", row): null

2024-11-07 21:33:29 - [TEST_STEP][PASSED] - FilingYear = findTestData(dataFile).getValue("Year", row): null

2024-11-07 21:33:30 - [TEST_STEP][PASSED] - feinSSN = findTestData(dataFile).getValue("FeinSsn", row): null

2024-11-07 21:33:30 - [TEST_STEP][PASSED] - CRN = findTestData(dataFile).getValue("CRN", row): null

2024-11-07 21:33:30 - [TEST_STEP][PASSED] - month = findTestData(dataFile).getValue("Month", row): null

2024-11-07 21:33:30 - [TEST_STEP][PASSED] - MFLicNum = findTestData(dataFile).getValue("MFLicNum", row): null

2024-11-07 21:33:30 - [TEST_STEP][PASSED] - if (ExecuteTC.equalsIgnoreCase("Y")): Object 'Object Repository/RAD_Pages/PaymentEntry_Page/input__billingName' is present

2024-11-07 21:33:30 - [TEST_STEP][PASSED] - out.println("Begin Record Number: " + row): null

2024-11-07 21:33:30 - [TEST_STEP][PASSED] - today = new java.util.Date(): null

2024-11-07 21:33:30 - [TEST_STEP][PASSED] - println(today): null

2024-11-07 21:33:30 - [TEST_STEP][PASSED] - datText = today: null

2024-11-07 21:33:30 - [TEST_STEP][PASSED] - logInfo("Payment Type: New Tax Return Amount Due"): Payment Type: New Tax Return Amount Due

2024-11-07 21:33:30 - [MESSAGE][INFO] - Payment Type: New Tax Return Amount Due

2024-11-07 21:33:30 - [TEST_STEP][PASSED] - logInfo("Tax Type: " + TaxType): Tax Type: Transportation Network Services

2024-11-07 21:33:30 - [MESSAGE][INFO] - Tax Type: Transportation Network Services

2024-11-07 21:33:30 - [TEST_STEP][PASSED] - openBrowser(""): Browser is opened with url: ''

2024-11-07 21:33:30 - [MESSAGE][WARNING] - A browser is already opened. Closing browser and opening a new one

2024-11-07 21:33:31 - [MESSAGE][INFO] - Starting 'Chrome' driver

2024-11-07 21:33:31 - [MESSAGE][INFO] - User set preference: ['acceptInsecureCerts', 'true']

2024-11-07 21:33:31 - [MESSAGE][INFO] - Action delay is set to 0 milliseconds

2024-11-07 21:33:33 - [MESSAGE][PASSED] - Browser is opened with url: ''

2024-11-07 21:33:33 - [TEST_STEP][PASSED] - maximizeWindow(): Current window maximized

2024-11-07 21:33:33 - [MESSAGE][PASSED] - Current window maximized

2024-11-07 21:33:33 - [TEST_STEP][PASSED] - navigateToUrl(RADurl): Navigate to 'https://www.velocitypayment.com/client/rad/index.html' successfully

2024-11-07 21:33:34 - [MESSAGE][PASSED] - Navigate to 'https://www.velocitypayment.com/client/rad/index.html' successfully

2024-11-07 21:33:34 - [TEST_STEP][PASSED] - selectOptionByLabel(findTestObject(orPath_Landing + "/dd_TaxType"), "New Tax Return Amount Due", false): All options with label 'New Tax Return Amount Due' are selected in object 'Object Repository/RAD_Pages/Landing_Page/dd_TaxType' 

2024-11-07 21:33:36 - [MESSAGE][PASSED] - All options with label 'New Tax Return Amount Due' are selected in object 'Object Repository/RAD_Pages/Landing_Page/dd_TaxType' 

2024-11-07 21:33:36 - [TEST_STEP][PASSED] - selectOptionByLabel(findTestObject("Object Repository/RAD_Pages/Landing_Page/select_NewTaxReturnAmountDue_TaxType"), TaxType, false): All options with label 'Transportation Network Services' are selected in object 'Object Repository/RAD_Pages/Landing_Page/select_NewTaxReturnAmountDue_TaxType' 

2024-11-07 21:33:37 - [MESSAGE][PASSED] - All options with label 'Transportation Network Services' are selected in object 'Object Repository/RAD_Pages/Landing_Page/select_NewTaxReturnAmountDue_TaxType' 

2024-11-07 21:33:37 - [TEST_STEP][PASSED] - selectOptionByLabel(findTestObject(orPath_TaxTypeFilingYear + "/select_FilingYear"), FilingYear, false): All options with label '2023' are selected in object 'Object Repository/RAD_Pages/TaxTypeFilingYear_Page/select_FilingYear' 

2024-11-07 21:33:37 - [MESSAGE][PASSED] - All options with label '2023' are selected in object 'Object Repository/RAD_Pages/TaxTypeFilingYear_Page/select_FilingYear' 

2024-11-07 21:33:37 - [TEST_STEP][PASSED] - if (month.trim()): All options with label 'June' are selected in object 'Object Repository/RAD_Pages/TaxTypeFilingYear_Page/select_PeriodEnding' 

2024-11-07 21:33:37 - [TEST_STEP][PASSED] - selectOptionByLabel(findTestObject(orPath_TaxTypeFilingYear + "/select_PeriodEnding"), month, false): All options with label 'June' are selected in object 'Object Repository/RAD_Pages/TaxTypeFilingYear_Page/select_PeriodEnding' 

2024-11-07 21:33:38 - [MESSAGE][PASSED] - All options with label 'June' are selected in object 'Object Repository/RAD_Pages/TaxTypeFilingYear_Page/select_PeriodEnding' 

2024-11-07 21:33:38 - [TEST_STEP][PASSED] - rad.getSetDataRAD.setDataRADBusinessName(): rad.getSetDataRAD.setDataRADBusinessName is PASSED

2024-11-07 21:33:39 - [MESSAGE][PASSED] - Text 'My Company' is set on object 'Object Repository/RAD_Pages/Taxpayer_Page/input_businessName'

2024-11-07 21:33:39 - [MESSAGE][PASSED] - rad.getSetDataRAD.setDataRADBusinessName is PASSED

2024-11-07 21:33:39 - [TEST_STEP][PASSED] - rad.getSetDataRAD.setDataRADBusinessRep(): rad.getSetDataRAD.setDataRADBusinessRep is PASSED

2024-11-07 21:33:40 - [MESSAGE][PASSED] - Text 'BusRepFname' is set on object 'Object Repository/RAD_Pages/Taxpayer_Page/input_BusinessRepfirstName'

2024-11-07 21:33:41 - [MESSAGE][PASSED] - Text '' is set on object 'Object Repository/RAD_Pages/Taxpayer_Page/input_BusinessRepmiddleName'

2024-11-07 21:33:42 - [MESSAGE][PASSED] - Text 'BusRepLname' is set on object 'Object Repository/RAD_Pages/Taxpayer_Page/input_BusinessReplastName'

2024-11-07 21:33:42 - [MESSAGE][PASSED] - Text '' is set on object 'Object Repository/RAD_Pages/Taxpayer_Page/input_BusinessRepsuffix'

2024-11-07 21:33:42 - [MESSAGE][PASSED] - rad.getSetDataRAD.setDataRADBusinessRep is PASSED

2024-11-07 21:33:42 - [TEST_STEP][PASSED] - rad.getSetDataRAD.setDataRADAddress(): rad.getSetDataRAD.setDataRADAddress is PASSED

2024-11-07 21:33:43 - [MESSAGE][PASSED] - All options with label 'United States' are selected in object 'Object Repository/RAD_Pages/AddressAndContactInfo_Page/select_Country' 

2024-11-07 21:33:44 - [MESSAGE][PASSED] - Text '2508 Mandan Terrace' is set on object 'Object Repository/RAD_Pages/AddressAndContactInfo_Page/input_streetAddress1'

2024-11-07 21:33:44 - [MESSAGE][PASSED] - Text '' is set on object 'Object Repository/RAD_Pages/AddressAndContactInfo_Page/input_streetAddress2'

2024-11-07 21:33:45 - [MESSAGE][PASSED] - Text 'Gambrills' is set on object 'Object Repository/RAD_Pages/AddressAndContactInfo_Page/input_city'

2024-11-07 21:33:46 - [MESSAGE][PASSED] - All options with label 'Maryland' are selected in object 'Object Repository/RAD_Pages/AddressAndContactInfo_Page/select_State' 

2024-11-07 21:33:47 - [MESSAGE][PASSED] - Text '21054' is set on object 'Object Repository/RAD_Pages/AddressAndContactInfo_Page/input_zipCode'

2024-11-07 21:33:47 - [MESSAGE][PASSED] - Text '(703) 894-5000' is set on object 'Object Repository/RAD_Pages/AddressAndContactInfo_Page/input_phoneNumber'

2024-11-07 21:33:48 - [MESSAGE][PASSED] - Text 'iahmed@govolution.com' is set on object 'Object Repository/RAD_Pages/AddressAndContactInfo_Page/input_eMailAddress'

2024-11-07 21:33:49 - [MESSAGE][PASSED] - Text 'iahmed@govolution.com' is set on object 'Object Repository/RAD_Pages/AddressAndContactInfo_Page/input_reEnterEMailAddress'

2024-11-07 21:33:49 - [MESSAGE][PASSED] - rad.getSetDataRAD.setDataRADAddress is PASSED

2024-11-07 21:33:49 - [TEST_STEP][PASSED] - if (feinSSN.equalsIgnoreCase("Y")): null

2024-11-07 21:33:49 - [TEST_STEP][PASSED] - else: Text ****** has been set on object 'Object Repository/RAD_Pages/TaxInfo_Page/input_FederalEIN_ReEnter'

2024-11-07 21:33:49 - [TEST_STEP][PASSED] - if (!(TaxType.equalsIgnoreCase("Estate Tax"))): Text ****** has been set on object 'Object Repository/RAD_Pages/TaxInfo_Page/input_FederalEIN_ReEnter'

2024-11-07 21:33:49 - [TEST_STEP][PASSED] - setEncryptedText(findTestObject(orPath_TaxInfo + "/input_FederalEIN"), "yXB7JMCbD3QoFF75EQd3iw=="): Text ****** has been set on object 'Object Repository/RAD_Pages/TaxInfo_Page/input_FederalEIN'

2024-11-07 21:33:49 - [MESSAGE][PASSED] - Text ****** has been set on object 'Object Repository/RAD_Pages/TaxInfo_Page/input_FederalEIN'

2024-11-07 21:33:49 - [TEST_STEP][PASSED] - setEncryptedText(findTestObject(orPath_TaxInfo + "/input_FederalEIN_ReEnter"), "yXB7JMCbD3QoFF75EQd3iw=="): Text ****** has been set on object 'Object Repository/RAD_Pages/TaxInfo_Page/input_FederalEIN_ReEnter'

2024-11-07 21:33:50 - [MESSAGE][PASSED] - Text ****** has been set on object 'Object Repository/RAD_Pages/TaxInfo_Page/input_FederalEIN_ReEnter'

2024-11-07 21:33:50 - [TEST_STEP][PASSED] - if (CRN.equalsIgnoreCase("Y")): rad.getSetDataRAD.setDataRADMDCRN is PASSED

2024-11-07 21:33:50 - [TEST_STEP][PASSED] - rad.getSetDataRAD.setDataRADMDCRN(): rad.getSetDataRAD.setDataRADMDCRN is PASSED

2024-11-07 21:33:51 - [MESSAGE][PASSED] - Text '07640126' is set on object 'Object Repository/RAD_Pages/TaxInfo_Page/input_MDCRegistration'

2024-11-07 21:33:51 - [MESSAGE][PASSED] - rad.getSetDataRAD.setDataRADMDCRN is PASSED

2024-11-07 21:33:51 - [TEST_STEP][PASSED] - if (MFLicNum.equalsIgnoreCase("Y")): null

2024-11-07 21:33:51 - [TEST_STEP][PASSED] - if (TaxType.equalsIgnoreCase("Estate Tax")): null

2024-11-07 21:33:51 - [TEST_STEP][PASSED] - setText(findTestObject(orPath_Amount + "/input__paymentAmount"), "100.00"): Text '100.00' is set on object 'Object Repository/RAD_Pages/PaymentAmount_Page/input__paymentAmount'

2024-11-07 21:33:52 - [MESSAGE][PASSED] - Text '100.00' is set on object 'Object Repository/RAD_Pages/PaymentAmount_Page/input__paymentAmount'

2024-11-07 21:33:52 - [TEST_STEP][PASSED] - setText(findTestObject(orPath_AddressContact + "/input_streetAddress2"), ""): Text '' is set on object 'Object Repository/RAD_Pages/AddressAndContactInfo_Page/input_streetAddress2'

2024-11-07 21:33:53 - [MESSAGE][PASSED] - Text '' is set on object 'Object Repository/RAD_Pages/AddressAndContactInfo_Page/input_streetAddress2'

2024-11-07 21:33:53 - [TEST_STEP][PASSED] - scrollToElement(findTestObject(orPath_Landing + "/button_Continue"), 3): Scroll to object 'Object Repository/RAD_Pages/Landing_Page/button_Continue' successfully

2024-11-07 21:33:53 - [MESSAGE][PASSED] - Scroll to object 'Object Repository/RAD_Pages/Landing_Page/button_Continue' successfully

2024-11-07 21:33:53 - [TEST_STEP][PASSED] - waitForElementClickable(findTestObject(orPath_Landing + "/button_Continue"), 5): Object 'Object Repository/RAD_Pages/Landing_Page/button_Continue' is clickable

2024-11-07 21:33:54 - [MESSAGE][PASSED] - Object 'Object Repository/RAD_Pages/Landing_Page/button_Continue' is clickable

2024-11-07 21:33:54 - [TEST_STEP][PASSED] - click(findTestObject(orPath_Landing + "/button_Continue")): Object: 'Object Repository/RAD_Pages/Landing_Page/button_Continue' is clicked on

2024-11-07 21:33:54 - [MESSAGE][PASSED] - Object: 'Object Repository/RAD_Pages/Landing_Page/button_Continue' is clicked on

2024-11-07 21:33:54 - [TEST_STEP][PASSED] - delay(2): Delayed 2 second(s)

2024-11-07 21:33:56 - [MESSAGE][PASSED] - Delayed 2 second(s)

2024-11-07 21:33:56 - [TEST_STEP][PASSED] - verifyTextPresent("Summary", true): Text 'Summary' is present on page  using regular expression

2024-11-07 21:33:56 - [MESSAGE][PASSED] - Text 'Summary' is present on page  using regular expression

2024-11-07 21:33:56 - [TEST_STEP][PASSED] - verifyTextPresent("Review the information below and make any necessary corrections by clicking the", true): Text 'Review the information below and make any necessary corrections by clicking the' is present on page  using regular expression

2024-11-07 21:33:57 - [MESSAGE][PASSED] - Text 'Review the information below and make any necessary corrections by clicking the' is present on page  using regular expression

2024-11-07 21:33:57 - [TEST_STEP][PASSED] - verifyTextPresent("When you are confident that all the information is correct, click the", true): Text 'When you are confident that all the information is correct, click the' is present on page  using regular expression

2024-11-07 21:33:57 - [MESSAGE][PASSED] - Text 'When you are confident that all the information is correct, click the' is present on page  using regular expression

2024-11-07 21:33:57 - [TEST_STEP][PASSED] - verifyTextPresent("Payment Type/Filing Year", true): Text 'Payment Type/Filing Year' is present on page  using regular expression

2024-11-07 21:33:57 - [MESSAGE][PASSED] - Text 'Payment Type/Filing Year' is present on page  using regular expression

2024-11-07 21:33:57 - [TEST_STEP][PASSED] - verifyTextPresent("Payment Type:", true): Text 'Payment Type:' is present on page  using regular expression

2024-11-07 21:33:58 - [MESSAGE][PASSED] - Text 'Payment Type:' is present on page  using regular expression

2024-11-07 21:33:58 - [TEST_STEP][PASSED] - verifyTextPresent("New Tax Return Amount Due", true): Text 'New Tax Return Amount Due' is present on page  using regular expression

2024-11-07 21:33:58 - [MESSAGE][PASSED] - Text 'New Tax Return Amount Due' is present on page  using regular expression

2024-11-07 21:33:58 - [TEST_STEP][PASSED] - verifyTextPresent("Filing Year:", true): Text 'Filing Year:' is present on page  using regular expression

2024-11-07 21:33:58 - [MESSAGE][PASSED] - Text 'Filing Year:' is present on page  using regular expression

2024-11-07 21:33:58 - [TEST_STEP][PASSED] - verifyTextPresent(FilingYear, true): Text '2023' is present on page  using regular expression

2024-11-07 21:33:59 - [MESSAGE][PASSED] - Text '2023' is present on page  using regular expression

2024-11-07 21:33:59 - [TEST_STEP][PASSED] - verifyTextPresent("Payer Information", true): Text 'Payer Information' is present on page  using regular expression

2024-11-07 21:33:59 - [MESSAGE][PASSED] - Text 'Payer Information' is present on page  using regular expression

2024-11-07 21:33:59 - [TEST_STEP][PASSED] - verifyTextPresent("Taxpayer Name:", true): Text 'Taxpayer Name:' is present on page  using regular expression

2024-11-07 21:33:59 - [MESSAGE][PASSED] - Text 'Taxpayer Name:' is present on page  using regular expression

2024-11-07 21:33:59 - [TEST_STEP][PASSED] - verifyTextPresent("My Company", true): Text 'My Company' is present on page  using regular expression

2024-11-07 21:34:00 - [MESSAGE][PASSED] - Text 'My Company' is present on page  using regular expression

2024-11-07 21:34:00 - [TEST_STEP][PASSED] - verifyTextPresent("Business Rep Name:", true): Text 'Business Rep Name:' is present on page  using regular expression

2024-11-07 21:34:00 - [MESSAGE][PASSED] - Text 'Business Rep Name:' is present on page  using regular expression

2024-11-07 21:34:00 - [TEST_STEP][PASSED] - verifyTextPresent("BusRepFname BusRepLname", true): Text 'BusRepFname BusRepLname' is present on page  using regular expression

2024-11-07 21:34:00 - [MESSAGE][PASSED] - Text 'BusRepFname BusRepLname' is present on page  using regular expression

2024-11-07 21:34:00 - [TEST_STEP][PASSED] - verifyTextPresent("Taxpayer Address:", true): Text 'Taxpayer Address:' is present on page  using regular expression

2024-11-07 21:34:01 - [MESSAGE][PASSED] - Text 'Taxpayer Address:' is present on page  using regular expression

2024-11-07 21:34:01 - [TEST_STEP][PASSED] - verifyTextPresent("2508 Mandan Terrace Gambrills Maryland 21054", true): Text '2508 Mandan Terrace Gambrills Maryland 21054' is present on page  using regular expression

2024-11-07 21:34:01 - [MESSAGE][PASSED] - Text '2508 Mandan Terrace Gambrills Maryland 21054' is present on page  using regular expression

2024-11-07 21:34:01 - [TEST_STEP][PASSED] - verifyTextPresent("Email:", true): Text 'Email:' is present on page  using regular expression

2024-11-07 21:34:01 - [MESSAGE][PASSED] - Text 'Email:' is present on page  using regular expression

2024-11-07 21:34:01 - [TEST_STEP][PASSED] - verifyTextPresent("iahmed@govolution.com", true): Text 'iahmed@govolution.com' is present on page  using regular expression

2024-11-07 21:34:02 - [MESSAGE][PASSED] - Text 'iahmed@govolution.com' is present on page  using regular expression

2024-11-07 21:34:02 - [TEST_STEP][PASSED] - verifyTextPresent("Phone:", true): Text 'Phone:' is present on page  using regular expression

2024-11-07 21:34:02 - [MESSAGE][PASSED] - Text 'Phone:' is present on page  using regular expression

2024-11-07 21:34:02 - [TEST_STEP][PASSED] - verifyTextPresent("(703) 894-5000", false): Text '(703) 894-5000' is present on page 

2024-11-07 21:34:02 - [MESSAGE][PASSED] - Text '(703) 894-5000' is present on page 

2024-11-07 21:34:02 - [TEST_STEP][PASSED] - verifyTextPresent("Tax Information", true): Text 'Tax Information' is present on page  using regular expression

2024-11-07 21:34:03 - [MESSAGE][PASSED] - Text 'Tax Information' is present on page  using regular expression

2024-11-07 21:34:03 - [TEST_STEP][PASSED] - verifyTextNotPresent("Notice Number", true): Text 'Notice Number' is not present on page using regular expression

2024-11-07 21:34:03 - [MESSAGE][PASSED] - Text 'Notice Number' is not present on page using regular expression

2024-11-07 21:34:03 - [TEST_STEP][PASSED] - if (month.trim()): Text 'June' is present on page  using regular expression

2024-11-07 21:34:03 - [TEST_STEP][PASSED] - verifyTextPresent("Period Ending", true): Text 'Period Ending' is present on page  using regular expression

2024-11-07 21:34:03 - [MESSAGE][PASSED] - Text 'Period Ending' is present on page  using regular expression

2024-11-07 21:34:03 - [TEST_STEP][PASSED] - verifyTextPresent(month, true): Text 'June' is present on page  using regular expression

2024-11-07 21:34:03 - [MESSAGE][PASSED] - Text 'June' is present on page  using regular expression

2024-11-07 21:34:03 - [TEST_STEP][PASSED] - if (feinSSN.equalsIgnoreCase("Y")): null

2024-11-07 21:34:03 - [TEST_STEP][PASSED] - else: Text 'XXXXXXX87' is present on page  using regular expression

2024-11-07 21:34:03 - [TEST_STEP][PASSED] - if (!(TaxType.equalsIgnoreCase("Estate Tax"))): Text 'XXXXXXX87' is present on page  using regular expression

2024-11-07 21:34:03 - [TEST_STEP][PASSED] - verifyTextPresent("Federal EIN:", true): Text 'Federal EIN:' is present on page  using regular expression

2024-11-07 21:34:04 - [MESSAGE][PASSED] - Text 'Federal EIN:' is present on page  using regular expression

2024-11-07 21:34:04 - [TEST_STEP][PASSED] - verifyTextNotPresent("FEIN/SSN:", true): Text 'FEIN/SSN:' is not present on page using regular expression

2024-11-07 21:34:04 - [MESSAGE][PASSED] - Text 'FEIN/SSN:' is not present on page using regular expression

2024-11-07 21:34:04 - [TEST_STEP][PASSED] - verifyTextPresent("XXXXXXX87", true): Text 'XXXXXXX87' is present on page  using regular expression

2024-11-07 21:34:04 - [MESSAGE][PASSED] - Text 'XXXXXXX87' is present on page  using regular expression

2024-11-07 21:34:04 - [TEST_STEP][PASSED] - if (TaxType.equalsIgnoreCase("Estate Tax")): null

2024-11-07 21:34:04 - [TEST_STEP][PASSED] - if (CRN.equalsIgnoreCase("Y")): Text '07640126' is present on page  using regular expression

2024-11-07 21:34:04 - [TEST_STEP][PASSED] - verifyTextPresent("MD Central Registration Number#:", true): Text 'MD Central Registration Number#:' is present on page  using regular expression

2024-11-07 21:34:05 - [MESSAGE][PASSED] - Text 'MD Central Registration Number#:' is present on page  using regular expression

2024-11-07 21:34:05 - [TEST_STEP][PASSED] - verifyTextPresent("07640126", true): Text '07640126' is present on page  using regular expression

2024-11-07 21:34:05 - [MESSAGE][PASSED] - Text '07640126' is present on page  using regular expression

2024-11-07 21:34:05 - [TEST_STEP][PASSED] - if (MFLicNum.equalsIgnoreCase("Y")): null

2024-11-07 21:34:05 - [TEST_STEP][PASSED] - else: Text 'Motor Fuel License Number#:' is not present on page using regular expression

2024-11-07 21:34:05 - [TEST_STEP][PASSED] - verifyTextNotPresent("Motor Fuel License Number#:", true): Text 'Motor Fuel License Number#:' is not present on page using regular expression

2024-11-07 21:34:05 - [MESSAGE][PASSED] - Text 'Motor Fuel License Number#:' is not present on page using regular expression

2024-11-07 21:34:05 - [TEST_STEP][PASSED] - verifyTextPresent("Payment Amount:", true): Text 'Payment Amount:' is present on page  using regular expression

2024-11-07 21:34:06 - [MESSAGE][PASSED] - Text 'Payment Amount:' is present on page  using regular expression

2024-11-07 21:34:06 - [TEST_STEP][PASSED] - verifyTextPresent("100.00", true): Text '100.00' is present on page  using regular expression

2024-11-07 21:34:06 - [MESSAGE][PASSED] - Text '100.00' is present on page  using regular expression

2024-11-07 21:34:06 - [TEST_STEP][PASSED] - if (verifyElementVisible(findTestObject(orPath_Summary + "/button_Proceed to Payment"))): null

2024-11-07 21:34:06 - [MESSAGE][PASSED] - Object 'Object Repository/RAD_Pages/Summary_Page/button_Proceed to Payment' is visible

2024-11-07 21:34:06 - [TEST_STEP][PASSED] - resText = "Pass": null

2024-11-07 21:34:06 - [TEST_STEP][PASSED] - pages.WriteExcel.demoKey(resText, datText, resColumn, datCloumn, fileLoc, nameSheet, row): pages.WriteExcel.demoKey is PASSED

2024-11-07 21:34:07 - [MESSAGE][PASSED] - pages.WriteExcel.demoKey is PASSED

2024-11-07 21:34:07 - [TEST_STEP][PASSED] - click(findTestObject(orPath_Summary + "/button_Proceed to Payment")): Object: 'Object Repository/RAD_Pages/Summary_Page/button_Proceed to Payment' is clicked on

2024-11-07 21:34:10 - [MESSAGE][PASSED] - Object: 'Object Repository/RAD_Pages/Summary_Page/button_Proceed to Payment' is clicked on

2024-11-07 21:34:10 - [TEST_STEP][PASSED] - verifyElementPresent(findTestObject("Object Repository/RAD_Pages/PaymentEntry_Page/input__billingName"), 30): Object 'Object Repository/RAD_Pages/PaymentEntry_Page/input__billingName' is present

2024-11-07 21:34:10 - [MESSAGE][PASSED] - Object 'Object Repository/RAD_Pages/PaymentEntry_Page/input__billingName' is present

2024-11-07 21:34:10 - [TEST_STEP][PASSED] - ExecuteTC = findTestData(dataFile).getValue("Execute", row): null

2024-11-07 21:34:10 - [TEST_STEP][PASSED] - TaxType = findTestData(dataFile).getValue("TaxType", row): null

2024-11-07 21:34:10 - [TEST_STEP][PASSED] - PaymentType = findTestData(dataFile).getValue("PaymentType", row): null

2024-11-07 21:34:10 - [TEST_STEP][PASSED] - FilingYear = findTestData(dataFile).getValue("Year", row): null

2024-11-07 21:34:10 - [TEST_STEP][PASSED] - feinSSN = findTestData(dataFile).getValue("FeinSsn", row): null

2024-11-07 21:34:10 - [TEST_STEP][PASSED] - CRN = findTestData(dataFile).getValue("CRN", row): null

2024-11-07 21:34:10 - [TEST_STEP][PASSED] - month = findTestData(dataFile).getValue("Month", row): null

2024-11-07 21:34:10 - [TEST_STEP][PASSED] - MFLicNum = findTestData(dataFile).getValue("MFLicNum", row): null

2024-11-07 21:34:10 - [TEST_STEP][PASSED] - if (ExecuteTC.equalsIgnoreCase("Y")): Object 'Object Repository/RAD_Pages/PaymentEntry_Page/input__billingName' is present

2024-11-07 21:34:10 - [TEST_STEP][PASSED] - out.println("Begin Record Number: " + row): null

2024-11-07 21:34:10 - [TEST_STEP][PASSED] - today = new java.util.Date(): null

2024-11-07 21:34:10 - [TEST_STEP][PASSED] - println(today): null

2024-11-07 21:34:10 - [TEST_STEP][PASSED] - datText = today: null

2024-11-07 21:34:10 - [TEST_STEP][PASSED] - logInfo("Payment Type: New Tax Return Amount Due"): Payment Type: New Tax Return Amount Due

2024-11-07 21:34:10 - [MESSAGE][INFO] - Payment Type: New Tax Return Amount Due

2024-11-07 21:34:10 - [TEST_STEP][PASSED] - logInfo("Tax Type: " + TaxType): Tax Type: Unclaimed Property

2024-11-07 21:34:10 - [MESSAGE][INFO] - Tax Type: Unclaimed Property

2024-11-07 21:34:10 - [TEST_STEP][PASSED] - openBrowser(""): Browser is opened with url: ''

2024-11-07 21:34:10 - [MESSAGE][WARNING] - A browser is already opened. Closing browser and opening a new one

2024-11-07 21:34:12 - [MESSAGE][INFO] - Starting 'Chrome' driver

2024-11-07 21:34:12 - [MESSAGE][INFO] - User set preference: ['acceptInsecureCerts', 'true']

2024-11-07 21:34:12 - [MESSAGE][INFO] - Action delay is set to 0 milliseconds

2024-11-07 21:34:14 - [MESSAGE][PASSED] - Browser is opened with url: ''

2024-11-07 21:34:14 - [TEST_STEP][PASSED] - maximizeWindow(): Current window maximized

2024-11-07 21:34:14 - [MESSAGE][PASSED] - Current window maximized

2024-11-07 21:34:14 - [TEST_STEP][PASSED] - navigateToUrl(RADurl): Navigate to 'https://www.velocitypayment.com/client/rad/index.html' successfully

2024-11-07 21:34:14 - [MESSAGE][PASSED] - Navigate to 'https://www.velocitypayment.com/client/rad/index.html' successfully

2024-11-07 21:34:14 - [TEST_STEP][PASSED] - selectOptionByLabel(findTestObject(orPath_Landing + "/dd_TaxType"), "New Tax Return Amount Due", false): All options with label 'New Tax Return Amount Due' are selected in object 'Object Repository/RAD_Pages/Landing_Page/dd_TaxType' 

2024-11-07 21:34:17 - [MESSAGE][PASSED] - All options with label 'New Tax Return Amount Due' are selected in object 'Object Repository/RAD_Pages/Landing_Page/dd_TaxType' 

2024-11-07 21:34:17 - [TEST_STEP][PASSED] - selectOptionByLabel(findTestObject("Object Repository/RAD_Pages/Landing_Page/select_NewTaxReturnAmountDue_TaxType"), TaxType, false): All options with label 'Unclaimed Property' are selected in object 'Object Repository/RAD_Pages/Landing_Page/select_NewTaxReturnAmountDue_TaxType' 

2024-11-07 21:34:17 - [MESSAGE][PASSED] - All options with label 'Unclaimed Property' are selected in object 'Object Repository/RAD_Pages/Landing_Page/select_NewTaxReturnAmountDue_TaxType' 

2024-11-07 21:34:17 - [TEST_STEP][PASSED] - selectOptionByLabel(findTestObject(orPath_TaxTypeFilingYear + "/select_FilingYear"), FilingYear, false): All options with label '2023' are selected in object 'Object Repository/RAD_Pages/TaxTypeFilingYear_Page/select_FilingYear' 

2024-11-07 21:34:18 - [MESSAGE][PASSED] - All options with label '2023' are selected in object 'Object Repository/RAD_Pages/TaxTypeFilingYear_Page/select_FilingYear' 

2024-11-07 21:34:18 - [TEST_STEP][PASSED] - if (month.trim()): All options with label 'August' are selected in object 'Object Repository/RAD_Pages/TaxTypeFilingYear_Page/select_PeriodEnding' 

2024-11-07 21:34:18 - [TEST_STEP][PASSED] - selectOptionByLabel(findTestObject(orPath_TaxTypeFilingYear + "/select_PeriodEnding"), month, false): All options with label 'August' are selected in object 'Object Repository/RAD_Pages/TaxTypeFilingYear_Page/select_PeriodEnding' 

2024-11-07 21:34:19 - [MESSAGE][PASSED] - All options with label 'August' are selected in object 'Object Repository/RAD_Pages/TaxTypeFilingYear_Page/select_PeriodEnding' 

2024-11-07 21:34:19 - [TEST_STEP][PASSED] - rad.getSetDataRAD.setDataRADBusinessName(): rad.getSetDataRAD.setDataRADBusinessName is PASSED

2024-11-07 21:34:20 - [MESSAGE][PASSED] - Text 'My Company' is set on object 'Object Repository/RAD_Pages/Taxpayer_Page/input_businessName'

2024-11-07 21:34:20 - [MESSAGE][PASSED] - rad.getSetDataRAD.setDataRADBusinessName is PASSED

2024-11-07 21:34:20 - [TEST_STEP][PASSED] - rad.getSetDataRAD.setDataRADBusinessRep(): rad.getSetDataRAD.setDataRADBusinessRep is PASSED

2024-11-07 21:34:20 - [MESSAGE][PASSED] - Text 'BusRepFname' is set on object 'Object Repository/RAD_Pages/Taxpayer_Page/input_BusinessRepfirstName'

2024-11-07 21:34:21 - [MESSAGE][PASSED] - Text '' is set on object 'Object Repository/RAD_Pages/Taxpayer_Page/input_BusinessRepmiddleName'

2024-11-07 21:34:22 - [MESSAGE][PASSED] - Text 'BusRepLname' is set on object 'Object Repository/RAD_Pages/Taxpayer_Page/input_BusinessReplastName'

2024-11-07 21:34:23 - [MESSAGE][PASSED] - Text '' is set on object 'Object Repository/RAD_Pages/Taxpayer_Page/input_BusinessRepsuffix'

2024-11-07 21:34:23 - [MESSAGE][PASSED] - rad.getSetDataRAD.setDataRADBusinessRep is PASSED

2024-11-07 21:34:23 - [TEST_STEP][PASSED] - rad.getSetDataRAD.setDataRADAddress(): rad.getSetDataRAD.setDataRADAddress is PASSED

2024-11-07 21:34:23 - [MESSAGE][PASSED] - All options with label 'United States' are selected in object 'Object Repository/RAD_Pages/AddressAndContactInfo_Page/select_Country' 

2024-11-07 21:34:24 - [MESSAGE][PASSED] - Text '2508 Mandan Terrace' is set on object 'Object Repository/RAD_Pages/AddressAndContactInfo_Page/input_streetAddress1'

2024-11-07 21:34:25 - [MESSAGE][PASSED] - Text '' is set on object 'Object Repository/RAD_Pages/AddressAndContactInfo_Page/input_streetAddress2'

2024-11-07 21:34:26 - [MESSAGE][PASSED] - Text 'Gambrills' is set on object 'Object Repository/RAD_Pages/AddressAndContactInfo_Page/input_city'

2024-11-07 21:34:26 - [MESSAGE][PASSED] - All options with label 'Maryland' are selected in object 'Object Repository/RAD_Pages/AddressAndContactInfo_Page/select_State' 

2024-11-07 21:34:27 - [MESSAGE][PASSED] - Text '21054' is set on object 'Object Repository/RAD_Pages/AddressAndContactInfo_Page/input_zipCode'

2024-11-07 21:34:28 - [MESSAGE][PASSED] - Text '(703) 894-5000' is set on object 'Object Repository/RAD_Pages/AddressAndContactInfo_Page/input_phoneNumber'

2024-11-07 21:34:29 - [MESSAGE][PASSED] - Text 'iahmed@govolution.com' is set on object 'Object Repository/RAD_Pages/AddressAndContactInfo_Page/input_eMailAddress'

2024-11-07 21:34:30 - [MESSAGE][PASSED] - Text 'iahmed@govolution.com' is set on object 'Object Repository/RAD_Pages/AddressAndContactInfo_Page/input_reEnterEMailAddress'

2024-11-07 21:34:30 - [MESSAGE][PASSED] - rad.getSetDataRAD.setDataRADAddress is PASSED

2024-11-07 21:34:30 - [TEST_STEP][PASSED] - if (feinSSN.equalsIgnoreCase("Y")): null

2024-11-07 21:34:30 - [TEST_STEP][PASSED] - else: Text ****** has been set on object 'Object Repository/RAD_Pages/TaxInfo_Page/input_FederalEIN_ReEnter'

2024-11-07 21:34:30 - [TEST_STEP][PASSED] - if (!(TaxType.equalsIgnoreCase("Estate Tax"))): Text ****** has been set on object 'Object Repository/RAD_Pages/TaxInfo_Page/input_FederalEIN_ReEnter'

2024-11-07 21:34:30 - [TEST_STEP][PASSED] - setEncryptedText(findTestObject(orPath_TaxInfo + "/input_FederalEIN"), "yXB7JMCbD3QoFF75EQd3iw=="): Text ****** has been set on object 'Object Repository/RAD_Pages/TaxInfo_Page/input_FederalEIN'

2024-11-07 21:34:30 - [MESSAGE][PASSED] - Text ****** has been set on object 'Object Repository/RAD_Pages/TaxInfo_Page/input_FederalEIN'

2024-11-07 21:34:30 - [TEST_STEP][PASSED] - setEncryptedText(findTestObject(orPath_TaxInfo + "/input_FederalEIN_ReEnter"), "yXB7JMCbD3QoFF75EQd3iw=="): Text ****** has been set on object 'Object Repository/RAD_Pages/TaxInfo_Page/input_FederalEIN_ReEnter'

2024-11-07 21:34:31 - [MESSAGE][PASSED] - Text ****** has been set on object 'Object Repository/RAD_Pages/TaxInfo_Page/input_FederalEIN_ReEnter'

2024-11-07 21:34:31 - [TEST_STEP][PASSED] - if (CRN.equalsIgnoreCase("Y")): rad.getSetDataRAD.setDataRADMDCRN is PASSED

2024-11-07 21:34:31 - [TEST_STEP][PASSED] - rad.getSetDataRAD.setDataRADMDCRN(): rad.getSetDataRAD.setDataRADMDCRN is PASSED

2024-11-07 21:34:31 - [MESSAGE][PASSED] - Text '07640126' is set on object 'Object Repository/RAD_Pages/TaxInfo_Page/input_MDCRegistration'

2024-11-07 21:34:31 - [MESSAGE][PASSED] - rad.getSetDataRAD.setDataRADMDCRN is PASSED

2024-11-07 21:34:31 - [TEST_STEP][PASSED] - if (MFLicNum.equalsIgnoreCase("Y")): null

2024-11-07 21:34:31 - [TEST_STEP][PASSED] - if (TaxType.equalsIgnoreCase("Estate Tax")): null

2024-11-07 21:34:31 - [TEST_STEP][PASSED] - setText(findTestObject(orPath_Amount + "/input__paymentAmount"), "100.00"): Text '100.00' is set on object 'Object Repository/RAD_Pages/PaymentAmount_Page/input__paymentAmount'

2024-11-07 21:34:32 - [MESSAGE][PASSED] - Text '100.00' is set on object 'Object Repository/RAD_Pages/PaymentAmount_Page/input__paymentAmount'

2024-11-07 21:34:32 - [TEST_STEP][PASSED] - setText(findTestObject(orPath_AddressContact + "/input_streetAddress2"), ""): Text '' is set on object 'Object Repository/RAD_Pages/AddressAndContactInfo_Page/input_streetAddress2'

2024-11-07 21:34:33 - [MESSAGE][PASSED] - Text '' is set on object 'Object Repository/RAD_Pages/AddressAndContactInfo_Page/input_streetAddress2'

2024-11-07 21:34:33 - [TEST_STEP][PASSED] - scrollToElement(findTestObject(orPath_Landing + "/button_Continue"), 3): Scroll to object 'Object Repository/RAD_Pages/Landing_Page/button_Continue' successfully

2024-11-07 21:34:33 - [MESSAGE][PASSED] - Scroll to object 'Object Repository/RAD_Pages/Landing_Page/button_Continue' successfully

2024-11-07 21:34:33 - [TEST_STEP][PASSED] - waitForElementClickable(findTestObject(orPath_Landing + "/button_Continue"), 5): Object 'Object Repository/RAD_Pages/Landing_Page/button_Continue' is clickable

2024-11-07 21:34:33 - [MESSAGE][PASSED] - Object 'Object Repository/RAD_Pages/Landing_Page/button_Continue' is clickable

2024-11-07 21:34:34 - [TEST_STEP][PASSED] - click(findTestObject(orPath_Landing + "/button_Continue")): Object: 'Object Repository/RAD_Pages/Landing_Page/button_Continue' is clicked on

2024-11-07 21:34:34 - [MESSAGE][PASSED] - Object: 'Object Repository/RAD_Pages/Landing_Page/button_Continue' is clicked on

2024-11-07 21:34:34 - [TEST_STEP][PASSED] - delay(2): Delayed 2 second(s)

2024-11-07 21:34:36 - [MESSAGE][PASSED] - Delayed 2 second(s)

2024-11-07 21:34:36 - [TEST_STEP][PASSED] - verifyTextPresent("Summary", true): Text 'Summary' is present on page  using regular expression

2024-11-07 21:34:36 - [MESSAGE][PASSED] - Text 'Summary' is present on page  using regular expression

2024-11-07 21:34:36 - [TEST_STEP][PASSED] - verifyTextPresent("Review the information below and make any necessary corrections by clicking the", true): Text 'Review the information below and make any necessary corrections by clicking the' is present on page  using regular expression

2024-11-07 21:34:37 - [MESSAGE][PASSED] - Text 'Review the information below and make any necessary corrections by clicking the' is present on page  using regular expression

2024-11-07 21:34:37 - [TEST_STEP][PASSED] - verifyTextPresent("When you are confident that all the information is correct, click the", true): Text 'When you are confident that all the information is correct, click the' is present on page  using regular expression

2024-11-07 21:34:37 - [MESSAGE][PASSED] - Text 'When you are confident that all the information is correct, click the' is present on page  using regular expression

2024-11-07 21:34:37 - [TEST_STEP][PASSED] - verifyTextPresent("Payment Type/Filing Year", true): Text 'Payment Type/Filing Year' is present on page  using regular expression

2024-11-07 21:34:37 - [MESSAGE][PASSED] - Text 'Payment Type/Filing Year' is present on page  using regular expression

2024-11-07 21:34:37 - [TEST_STEP][PASSED] - verifyTextPresent("Payment Type:", true): Text 'Payment Type:' is present on page  using regular expression

2024-11-07 21:34:38 - [MESSAGE][PASSED] - Text 'Payment Type:' is present on page  using regular expression

2024-11-07 21:34:38 - [TEST_STEP][PASSED] - verifyTextPresent("New Tax Return Amount Due", true): Text 'New Tax Return Amount Due' is present on page  using regular expression

2024-11-07 21:34:38 - [MESSAGE][PASSED] - Text 'New Tax Return Amount Due' is present on page  using regular expression

2024-11-07 21:34:38 - [TEST_STEP][PASSED] - verifyTextPresent("Filing Year:", true): Text 'Filing Year:' is present on page  using regular expression

2024-11-07 21:34:38 - [MESSAGE][PASSED] - Text 'Filing Year:' is present on page  using regular expression

2024-11-07 21:34:38 - [TEST_STEP][PASSED] - verifyTextPresent(FilingYear, true): Text '2023' is present on page  using regular expression

2024-11-07 21:34:39 - [MESSAGE][PASSED] - Text '2023' is present on page  using regular expression

2024-11-07 21:34:39 - [TEST_STEP][PASSED] - verifyTextPresent("Payer Information", true): Text 'Payer Information' is present on page  using regular expression

2024-11-07 21:34:39 - [MESSAGE][PASSED] - Text 'Payer Information' is present on page  using regular expression

2024-11-07 21:34:39 - [TEST_STEP][PASSED] - verifyTextPresent("Taxpayer Name:", true): Text 'Taxpayer Name:' is present on page  using regular expression

2024-11-07 21:34:39 - [MESSAGE][PASSED] - Text 'Taxpayer Name:' is present on page  using regular expression

2024-11-07 21:34:39 - [TEST_STEP][PASSED] - verifyTextPresent("My Company", true): Text 'My Company' is present on page  using regular expression

2024-11-07 21:34:40 - [MESSAGE][PASSED] - Text 'My Company' is present on page  using regular expression

2024-11-07 21:34:40 - [TEST_STEP][PASSED] - verifyTextPresent("Business Rep Name:", true): Text 'Business Rep Name:' is present on page  using regular expression

2024-11-07 21:34:40 - [MESSAGE][PASSED] - Text 'Business Rep Name:' is present on page  using regular expression

2024-11-07 21:34:40 - [TEST_STEP][PASSED] - verifyTextPresent("BusRepFname BusRepLname", true): Text 'BusRepFname BusRepLname' is present on page  using regular expression

2024-11-07 21:34:40 - [MESSAGE][PASSED] - Text 'BusRepFname BusRepLname' is present on page  using regular expression

2024-11-07 21:34:40 - [TEST_STEP][PASSED] - verifyTextPresent("Taxpayer Address:", true): Text 'Taxpayer Address:' is present on page  using regular expression

2024-11-07 21:34:41 - [MESSAGE][PASSED] - Text 'Taxpayer Address:' is present on page  using regular expression

2024-11-07 21:34:41 - [TEST_STEP][PASSED] - verifyTextPresent("2508 Mandan Terrace Gambrills Maryland 21054", true): Text '2508 Mandan Terrace Gambrills Maryland 21054' is present on page  using regular expression

2024-11-07 21:34:41 - [MESSAGE][PASSED] - Text '2508 Mandan Terrace Gambrills Maryland 21054' is present on page  using regular expression

2024-11-07 21:34:41 - [TEST_STEP][PASSED] - verifyTextPresent("Email:", true): Text 'Email:' is present on page  using regular expression

2024-11-07 21:34:41 - [MESSAGE][PASSED] - Text 'Email:' is present on page  using regular expression

2024-11-07 21:34:41 - [TEST_STEP][PASSED] - verifyTextPresent("iahmed@govolution.com", true): Text 'iahmed@govolution.com' is present on page  using regular expression

2024-11-07 21:34:41 - [MESSAGE][PASSED] - Text 'iahmed@govolution.com' is present on page  using regular expression

2024-11-07 21:34:41 - [TEST_STEP][PASSED] - verifyTextPresent("Phone:", true): Text 'Phone:' is present on page  using regular expression

2024-11-07 21:34:42 - [MESSAGE][PASSED] - Text 'Phone:' is present on page  using regular expression

2024-11-07 21:34:42 - [TEST_STEP][PASSED] - verifyTextPresent("(703) 894-5000", false): Text '(703) 894-5000' is present on page 

2024-11-07 21:34:42 - [MESSAGE][PASSED] - Text '(703) 894-5000' is present on page 

2024-11-07 21:34:42 - [TEST_STEP][PASSED] - verifyTextPresent("Tax Information", true): Text 'Tax Information' is present on page  using regular expression

2024-11-07 21:34:42 - [MESSAGE][PASSED] - Text 'Tax Information' is present on page  using regular expression

2024-11-07 21:34:42 - [TEST_STEP][PASSED] - verifyTextNotPresent("Notice Number", true): Text 'Notice Number' is not present on page using regular expression

2024-11-07 21:34:43 - [MESSAGE][PASSED] - Text 'Notice Number' is not present on page using regular expression

2024-11-07 21:34:43 - [TEST_STEP][PASSED] - if (month.trim()): Text 'August' is present on page  using regular expression

2024-11-07 21:34:43 - [TEST_STEP][PASSED] - verifyTextPresent("Period Ending", true): Text 'Period Ending' is present on page  using regular expression

2024-11-07 21:34:43 - [MESSAGE][PASSED] - Text 'Period Ending' is present on page  using regular expression

2024-11-07 21:34:43 - [TEST_STEP][PASSED] - verifyTextPresent(month, true): Text 'August' is present on page  using regular expression

2024-11-07 21:34:43 - [MESSAGE][PASSED] - Text 'August' is present on page  using regular expression

2024-11-07 21:34:43 - [TEST_STEP][PASSED] - if (feinSSN.equalsIgnoreCase("Y")): null

2024-11-07 21:34:43 - [TEST_STEP][PASSED] - else: Text 'XXXXXXX87' is present on page  using regular expression

2024-11-07 21:34:43 - [TEST_STEP][PASSED] - if (!(TaxType.equalsIgnoreCase("Estate Tax"))): Text 'XXXXXXX87' is present on page  using regular expression

2024-11-07 21:34:43 - [TEST_STEP][PASSED] - verifyTextPresent("Federal EIN:", true): Text 'Federal EIN:' is present on page  using regular expression

2024-11-07 21:34:44 - [MESSAGE][PASSED] - Text 'Federal EIN:' is present on page  using regular expression

2024-11-07 21:34:44 - [TEST_STEP][PASSED] - verifyTextNotPresent("FEIN/SSN:", true): Text 'FEIN/SSN:' is not present on page using regular expression

2024-11-07 21:34:44 - [MESSAGE][PASSED] - Text 'FEIN/SSN:' is not present on page using regular expression

2024-11-07 21:34:44 - [TEST_STEP][PASSED] - verifyTextPresent("XXXXXXX87", true): Text 'XXXXXXX87' is present on page  using regular expression

2024-11-07 21:34:44 - [MESSAGE][PASSED] - Text 'XXXXXXX87' is present on page  using regular expression

2024-11-07 21:34:44 - [TEST_STEP][PASSED] - if (TaxType.equalsIgnoreCase("Estate Tax")): null

2024-11-07 21:34:44 - [TEST_STEP][PASSED] - if (CRN.equalsIgnoreCase("Y")): Text '07640126' is present on page  using regular expression

2024-11-07 21:34:44 - [TEST_STEP][PASSED] - verifyTextPresent("MD Central Registration Number#:", true): Text 'MD Central Registration Number#:' is present on page  using regular expression

2024-11-07 21:34:45 - [MESSAGE][PASSED] - Text 'MD Central Registration Number#:' is present on page  using regular expression

2024-11-07 21:34:45 - [TEST_STEP][PASSED] - verifyTextPresent("07640126", true): Text '07640126' is present on page  using regular expression

2024-11-07 21:34:45 - [MESSAGE][PASSED] - Text '07640126' is present on page  using regular expression

2024-11-07 21:34:45 - [TEST_STEP][PASSED] - if (MFLicNum.equalsIgnoreCase("Y")): null

2024-11-07 21:34:45 - [TEST_STEP][PASSED] - else: Text 'Motor Fuel License Number#:' is not present on page using regular expression

2024-11-07 21:34:45 - [TEST_STEP][PASSED] - verifyTextNotPresent("Motor Fuel License Number#:", true): Text 'Motor Fuel License Number#:' is not present on page using regular expression

2024-11-07 21:34:45 - [MESSAGE][PASSED] - Text 'Motor Fuel License Number#:' is not present on page using regular expression

2024-11-07 21:34:45 - [TEST_STEP][PASSED] - verifyTextPresent("Payment Amount:", true): Text 'Payment Amount:' is present on page  using regular expression

2024-11-07 21:34:46 - [MESSAGE][PASSED] - Text 'Payment Amount:' is present on page  using regular expression

2024-11-07 21:34:46 - [TEST_STEP][PASSED] - verifyTextPresent("100.00", true): Text '100.00' is present on page  using regular expression

2024-11-07 21:34:46 - [MESSAGE][PASSED] - Text '100.00' is present on page  using regular expression

2024-11-07 21:34:46 - [TEST_STEP][PASSED] - if (verifyElementVisible(findTestObject(orPath_Summary + "/button_Proceed to Payment"))): null

2024-11-07 21:34:46 - [MESSAGE][PASSED] - Object 'Object Repository/RAD_Pages/Summary_Page/button_Proceed to Payment' is visible

2024-11-07 21:34:46 - [TEST_STEP][PASSED] - resText = "Pass": null

2024-11-07 21:34:46 - [TEST_STEP][PASSED] - pages.WriteExcel.demoKey(resText, datText, resColumn, datCloumn, fileLoc, nameSheet, row): pages.WriteExcel.demoKey is PASSED

2024-11-07 21:34:46 - [MESSAGE][PASSED] - pages.WriteExcel.demoKey is PASSED

2024-11-07 21:34:46 - [TEST_STEP][PASSED] - click(findTestObject(orPath_Summary + "/button_Proceed to Payment")): Object: 'Object Repository/RAD_Pages/Summary_Page/button_Proceed to Payment' is clicked on

2024-11-07 21:34:49 - [MESSAGE][PASSED] - Object: 'Object Repository/RAD_Pages/Summary_Page/button_Proceed to Payment' is clicked on

2024-11-07 21:34:49 - [TEST_STEP][PASSED] - verifyElementPresent(findTestObject("Object Repository/RAD_Pages/PaymentEntry_Page/input__billingName"), 30): Object 'Object Repository/RAD_Pages/PaymentEntry_Page/input__billingName' is present

2024-11-07 21:34:49 - [MESSAGE][PASSED] - Object 'Object Repository/RAD_Pages/PaymentEntry_Page/input__billingName' is present

2024-11-07 21:34:49 - [TEST_STEP][PASSED] - ExecuteTC = findTestData(dataFile).getValue("Execute", row): null

2024-11-07 21:34:49 - [TEST_STEP][PASSED] - TaxType = findTestData(dataFile).getValue("TaxType", row): null

2024-11-07 21:34:50 - [TEST_STEP][PASSED] - PaymentType = findTestData(dataFile).getValue("PaymentType", row): null

2024-11-07 21:34:50 - [TEST_STEP][PASSED] - FilingYear = findTestData(dataFile).getValue("Year", row): null

2024-11-07 21:34:50 - [TEST_STEP][PASSED] - feinSSN = findTestData(dataFile).getValue("FeinSsn", row): null

2024-11-07 21:34:50 - [TEST_STEP][PASSED] - CRN = findTestData(dataFile).getValue("CRN", row): null

2024-11-07 21:34:50 - [TEST_STEP][PASSED] - month = findTestData(dataFile).getValue("Month", row): null

2024-11-07 21:34:50 - [TEST_STEP][PASSED] - MFLicNum = findTestData(dataFile).getValue("MFLicNum", row): null

2024-11-07 21:34:50 - [TEST_STEP][PASSED] - if (ExecuteTC.equalsIgnoreCase("Y")): Object 'Object Repository/RAD_Pages/PaymentEntry_Page/input__billingName' is present

2024-11-07 21:34:50 - [TEST_STEP][PASSED] - out.println("Begin Record Number: " + row): null

2024-11-07 21:34:50 - [TEST_STEP][PASSED] - today = new java.util.Date(): null

2024-11-07 21:34:50 - [TEST_STEP][PASSED] - println(today): null

2024-11-07 21:34:50 - [TEST_STEP][PASSED] - datText = today: null

2024-11-07 21:34:50 - [TEST_STEP][PASSED] - logInfo("Payment Type: New Tax Return Amount Due"): Payment Type: New Tax Return Amount Due

2024-11-07 21:34:50 - [MESSAGE][INFO] - Payment Type: New Tax Return Amount Due

2024-11-07 21:34:50 - [TEST_STEP][PASSED] - logInfo("Tax Type: " + TaxType): Tax Type: Withholding Tax

2024-11-07 21:34:50 - [MESSAGE][INFO] - Tax Type: Withholding Tax

2024-11-07 21:34:50 - [TEST_STEP][PASSED] - openBrowser(""): Browser is opened with url: ''

2024-11-07 21:34:50 - [MESSAGE][WARNING] - A browser is already opened. Closing browser and opening a new one

2024-11-07 21:34:52 - [MESSAGE][INFO] - Starting 'Chrome' driver

2024-11-07 21:34:52 - [MESSAGE][INFO] - User set preference: ['acceptInsecureCerts', 'true']

2024-11-07 21:34:52 - [MESSAGE][INFO] - Action delay is set to 0 milliseconds

2024-11-07 21:34:54 - [MESSAGE][PASSED] - Browser is opened with url: ''

2024-11-07 21:34:54 - [TEST_STEP][PASSED] - maximizeWindow(): Current window maximized

2024-11-07 21:34:54 - [MESSAGE][PASSED] - Current window maximized

2024-11-07 21:34:54 - [TEST_STEP][PASSED] - navigateToUrl(RADurl): Navigate to 'https://www.velocitypayment.com/client/rad/index.html' successfully

2024-11-07 21:34:55 - [MESSAGE][PASSED] - Navigate to 'https://www.velocitypayment.com/client/rad/index.html' successfully

2024-11-07 21:34:55 - [TEST_STEP][PASSED] - selectOptionByLabel(findTestObject(orPath_Landing + "/dd_TaxType"), "New Tax Return Amount Due", false): All options with label 'New Tax Return Amount Due' are selected in object 'Object Repository/RAD_Pages/Landing_Page/dd_TaxType' 

2024-11-07 21:34:57 - [MESSAGE][PASSED] - All options with label 'New Tax Return Amount Due' are selected in object 'Object Repository/RAD_Pages/Landing_Page/dd_TaxType' 

2024-11-07 21:34:57 - [TEST_STEP][PASSED] - selectOptionByLabel(findTestObject("Object Repository/RAD_Pages/Landing_Page/select_NewTaxReturnAmountDue_TaxType"), TaxType, false): All options with label 'Withholding Tax' are selected in object 'Object Repository/RAD_Pages/Landing_Page/select_NewTaxReturnAmountDue_TaxType' 

2024-11-07 21:34:58 - [MESSAGE][PASSED] - All options with label 'Withholding Tax' are selected in object 'Object Repository/RAD_Pages/Landing_Page/select_NewTaxReturnAmountDue_TaxType' 

2024-11-07 21:34:58 - [TEST_STEP][PASSED] - selectOptionByLabel(findTestObject(orPath_TaxTypeFilingYear + "/select_FilingYear"), FilingYear, false): All options with label '2023' are selected in object 'Object Repository/RAD_Pages/TaxTypeFilingYear_Page/select_FilingYear' 

2024-11-07 21:34:59 - [MESSAGE][PASSED] - All options with label '2023' are selected in object 'Object Repository/RAD_Pages/TaxTypeFilingYear_Page/select_FilingYear' 

2024-11-07 21:34:59 - [TEST_STEP][PASSED] - if (month.trim()): All options with label 'May' are selected in object 'Object Repository/RAD_Pages/TaxTypeFilingYear_Page/select_PeriodEnding' 

2024-11-07 21:34:59 - [TEST_STEP][PASSED] - selectOptionByLabel(findTestObject(orPath_TaxTypeFilingYear + "/select_PeriodEnding"), month, false): All options with label 'May' are selected in object 'Object Repository/RAD_Pages/TaxTypeFilingYear_Page/select_PeriodEnding' 

2024-11-07 21:35:00 - [MESSAGE][PASSED] - All options with label 'May' are selected in object 'Object Repository/RAD_Pages/TaxTypeFilingYear_Page/select_PeriodEnding' 

2024-11-07 21:35:00 - [TEST_STEP][PASSED] - rad.getSetDataRAD.setDataRADBusinessName(): rad.getSetDataRAD.setDataRADBusinessName is PASSED

2024-11-07 21:35:01 - [MESSAGE][PASSED] - Text 'My Company' is set on object 'Object Repository/RAD_Pages/Taxpayer_Page/input_businessName'

2024-11-07 21:35:01 - [MESSAGE][PASSED] - rad.getSetDataRAD.setDataRADBusinessName is PASSED

2024-11-07 21:35:01 - [TEST_STEP][PASSED] - rad.getSetDataRAD.setDataRADBusinessRep(): rad.getSetDataRAD.setDataRADBusinessRep is PASSED

2024-11-07 21:35:01 - [MESSAGE][PASSED] - Text 'BusRepFname' is set on object 'Object Repository/RAD_Pages/Taxpayer_Page/input_BusinessRepfirstName'

2024-11-07 21:35:02 - [MESSAGE][PASSED] - Text '' is set on object 'Object Repository/RAD_Pages/Taxpayer_Page/input_BusinessRepmiddleName'

2024-11-07 21:35:03 - [MESSAGE][PASSED] - Text 'BusRepLname' is set on object 'Object Repository/RAD_Pages/Taxpayer_Page/input_BusinessReplastName'

2024-11-07 21:35:03 - [MESSAGE][PASSED] - Text '' is set on object 'Object Repository/RAD_Pages/Taxpayer_Page/input_BusinessRepsuffix'

2024-11-07 21:35:03 - [MESSAGE][PASSED] - rad.getSetDataRAD.setDataRADBusinessRep is PASSED

2024-11-07 21:35:03 - [TEST_STEP][PASSED] - rad.getSetDataRAD.setDataRADAddress(): rad.getSetDataRAD.setDataRADAddress is PASSED

2024-11-07 21:35:04 - [MESSAGE][PASSED] - All options with label 'United States' are selected in object 'Object Repository/RAD_Pages/AddressAndContactInfo_Page/select_Country' 

2024-11-07 21:35:05 - [MESSAGE][PASSED] - Text '2508 Mandan Terrace' is set on object 'Object Repository/RAD_Pages/AddressAndContactInfo_Page/input_streetAddress1'

2024-11-07 21:35:05 - [MESSAGE][PASSED] - Text '' is set on object 'Object Repository/RAD_Pages/AddressAndContactInfo_Page/input_streetAddress2'

2024-11-07 21:35:06 - [MESSAGE][PASSED] - Text 'Gambrills' is set on object 'Object Repository/RAD_Pages/AddressAndContactInfo_Page/input_city'

2024-11-07 21:35:07 - [MESSAGE][PASSED] - All options with label 'Maryland' are selected in object 'Object Repository/RAD_Pages/AddressAndContactInfo_Page/select_State' 

2024-11-07 21:35:07 - [MESSAGE][PASSED] - Text '21054' is set on object 'Object Repository/RAD_Pages/AddressAndContactInfo_Page/input_zipCode'

2024-11-07 21:35:08 - [MESSAGE][PASSED] - Text '(703) 894-5000' is set on object 'Object Repository/RAD_Pages/AddressAndContactInfo_Page/input_phoneNumber'

2024-11-07 21:35:09 - [MESSAGE][PASSED] - Text 'iahmed@govolution.com' is set on object 'Object Repository/RAD_Pages/AddressAndContactInfo_Page/input_eMailAddress'

2024-11-07 21:35:10 - [MESSAGE][PASSED] - Text 'iahmed@govolution.com' is set on object 'Object Repository/RAD_Pages/AddressAndContactInfo_Page/input_reEnterEMailAddress'

2024-11-07 21:35:10 - [MESSAGE][PASSED] - rad.getSetDataRAD.setDataRADAddress is PASSED

2024-11-07 21:35:10 - [TEST_STEP][PASSED] - if (feinSSN.equalsIgnoreCase("Y")): null

2024-11-07 21:35:10 - [TEST_STEP][PASSED] - else: Text ****** has been set on object 'Object Repository/RAD_Pages/TaxInfo_Page/input_FederalEIN_ReEnter'

2024-11-07 21:35:10 - [TEST_STEP][PASSED] - if (!(TaxType.equalsIgnoreCase("Estate Tax"))): Text ****** has been set on object 'Object Repository/RAD_Pages/TaxInfo_Page/input_FederalEIN_ReEnter'

2024-11-07 21:35:10 - [TEST_STEP][PASSED] - setEncryptedText(findTestObject(orPath_TaxInfo + "/input_FederalEIN"), "yXB7JMCbD3QoFF75EQd3iw=="): Text ****** has been set on object 'Object Repository/RAD_Pages/TaxInfo_Page/input_FederalEIN'

2024-11-07 21:35:10 - [MESSAGE][PASSED] - Text ****** has been set on object 'Object Repository/RAD_Pages/TaxInfo_Page/input_FederalEIN'

2024-11-07 21:35:10 - [TEST_STEP][PASSED] - setEncryptedText(findTestObject(orPath_TaxInfo + "/input_FederalEIN_ReEnter"), "yXB7JMCbD3QoFF75EQd3iw=="): Text ****** has been set on object 'Object Repository/RAD_Pages/TaxInfo_Page/input_FederalEIN_ReEnter'

2024-11-07 21:35:11 - [MESSAGE][PASSED] - Text ****** has been set on object 'Object Repository/RAD_Pages/TaxInfo_Page/input_FederalEIN_ReEnter'

2024-11-07 21:35:11 - [TEST_STEP][PASSED] - if (CRN.equalsIgnoreCase("Y")): rad.getSetDataRAD.setDataRADMDCRN is PASSED

2024-11-07 21:35:11 - [TEST_STEP][PASSED] - rad.getSetDataRAD.setDataRADMDCRN(): rad.getSetDataRAD.setDataRADMDCRN is PASSED

2024-11-07 21:35:12 - [MESSAGE][PASSED] - Text '07640126' is set on object 'Object Repository/RAD_Pages/TaxInfo_Page/input_MDCRegistration'

2024-11-07 21:35:12 - [MESSAGE][PASSED] - rad.getSetDataRAD.setDataRADMDCRN is PASSED

2024-11-07 21:35:12 - [TEST_STEP][PASSED] - if (MFLicNum.equalsIgnoreCase("Y")): null

2024-11-07 21:35:12 - [TEST_STEP][PASSED] - if (TaxType.equalsIgnoreCase("Estate Tax")): null

2024-11-07 21:35:12 - [TEST_STEP][PASSED] - setText(findTestObject(orPath_Amount + "/input__paymentAmount"), "100.00"): Text '100.00' is set on object 'Object Repository/RAD_Pages/PaymentAmount_Page/input__paymentAmount'

2024-11-07 21:35:13 - [MESSAGE][PASSED] - Text '100.00' is set on object 'Object Repository/RAD_Pages/PaymentAmount_Page/input__paymentAmount'

2024-11-07 21:35:13 - [TEST_STEP][PASSED] - setText(findTestObject(orPath_AddressContact + "/input_streetAddress2"), ""): Text '' is set on object 'Object Repository/RAD_Pages/AddressAndContactInfo_Page/input_streetAddress2'

2024-11-07 21:35:13 - [MESSAGE][PASSED] - Text '' is set on object 'Object Repository/RAD_Pages/AddressAndContactInfo_Page/input_streetAddress2'

2024-11-07 21:35:13 - [TEST_STEP][PASSED] - scrollToElement(findTestObject(orPath_Landing + "/button_Continue"), 3): Scroll to object 'Object Repository/RAD_Pages/Landing_Page/button_Continue' successfully

2024-11-07 21:35:14 - [MESSAGE][PASSED] - Scroll to object 'Object Repository/RAD_Pages/Landing_Page/button_Continue' successfully

2024-11-07 21:35:14 - [TEST_STEP][PASSED] - waitForElementClickable(findTestObject(orPath_Landing + "/button_Continue"), 5): Object 'Object Repository/RAD_Pages/Landing_Page/button_Continue' is clickable

2024-11-07 21:35:14 - [MESSAGE][PASSED] - Object 'Object Repository/RAD_Pages/Landing_Page/button_Continue' is clickable

2024-11-07 21:35:14 - [TEST_STEP][PASSED] - click(findTestObject(orPath_Landing + "/button_Continue")): Object: 'Object Repository/RAD_Pages/Landing_Page/button_Continue' is clicked on

2024-11-07 21:35:15 - [MESSAGE][PASSED] - Object: 'Object Repository/RAD_Pages/Landing_Page/button_Continue' is clicked on

2024-11-07 21:35:15 - [TEST_STEP][PASSED] - delay(2): Delayed 2 second(s)

2024-11-07 21:35:17 - [MESSAGE][PASSED] - Delayed 2 second(s)

2024-11-07 21:35:17 - [TEST_STEP][PASSED] - verifyTextPresent("Summary", true): Text 'Summary' is present on page  using regular expression

2024-11-07 21:35:17 - [MESSAGE][PASSED] - Text 'Summary' is present on page  using regular expression

2024-11-07 21:35:17 - [TEST_STEP][PASSED] - verifyTextPresent("Review the information below and make any necessary corrections by clicking the", true): Text 'Review the information below and make any necessary corrections by clicking the' is present on page  using regular expression

2024-11-07 21:35:17 - [MESSAGE][PASSED] - Text 'Review the information below and make any necessary corrections by clicking the' is present on page  using regular expression

2024-11-07 21:35:17 - [TEST_STEP][PASSED] - verifyTextPresent("When you are confident that all the information is correct, click the", true): Text 'When you are confident that all the information is correct, click the' is present on page  using regular expression

2024-11-07 21:35:18 - [MESSAGE][PASSED] - Text 'When you are confident that all the information is correct, click the' is present on page  using regular expression

2024-11-07 21:35:18 - [TEST_STEP][PASSED] - verifyTextPresent("Payment Type/Filing Year", true): Text 'Payment Type/Filing Year' is present on page  using regular expression

2024-11-07 21:35:18 - [MESSAGE][PASSED] - Text 'Payment Type/Filing Year' is present on page  using regular expression

2024-11-07 21:35:18 - [TEST_STEP][PASSED] - verifyTextPresent("Payment Type:", true): Text 'Payment Type:' is present on page  using regular expression

2024-11-07 21:35:18 - [MESSAGE][PASSED] - Text 'Payment Type:' is present on page  using regular expression

2024-11-07 21:35:18 - [TEST_STEP][PASSED] - verifyTextPresent("New Tax Return Amount Due", true): Text 'New Tax Return Amount Due' is present on page  using regular expression

2024-11-07 21:35:18 - [MESSAGE][PASSED] - Text 'New Tax Return Amount Due' is present on page  using regular expression

2024-11-07 21:35:18 - [TEST_STEP][PASSED] - verifyTextPresent("Filing Year:", true): Text 'Filing Year:' is present on page  using regular expression

2024-11-07 21:35:19 - [MESSAGE][PASSED] - Text 'Filing Year:' is present on page  using regular expression

2024-11-07 21:35:19 - [TEST_STEP][PASSED] - verifyTextPresent(FilingYear, true): Text '2023' is present on page  using regular expression

2024-11-07 21:35:19 - [MESSAGE][PASSED] - Text '2023' is present on page  using regular expression

2024-11-07 21:35:19 - [TEST_STEP][PASSED] - verifyTextPresent("Payer Information", true): Text 'Payer Information' is present on page  using regular expression

2024-11-07 21:35:19 - [MESSAGE][PASSED] - Text 'Payer Information' is present on page  using regular expression

2024-11-07 21:35:19 - [TEST_STEP][PASSED] - verifyTextPresent("Taxpayer Name:", true): Text 'Taxpayer Name:' is present on page  using regular expression

2024-11-07 21:35:20 - [MESSAGE][PASSED] - Text 'Taxpayer Name:' is present on page  using regular expression

2024-11-07 21:35:20 - [TEST_STEP][PASSED] - verifyTextPresent("My Company", true): Text 'My Company' is present on page  using regular expression

2024-11-07 21:35:20 - [MESSAGE][PASSED] - Text 'My Company' is present on page  using regular expression

2024-11-07 21:35:20 - [TEST_STEP][PASSED] - verifyTextPresent("Business Rep Name:", true): Text 'Business Rep Name:' is present on page  using regular expression

2024-11-07 21:35:20 - [MESSAGE][PASSED] - Text 'Business Rep Name:' is present on page  using regular expression

2024-11-07 21:35:20 - [TEST_STEP][PASSED] - verifyTextPresent("BusRepFname BusRepLname", true): Text 'BusRepFname BusRepLname' is present on page  using regular expression

2024-11-07 21:35:21 - [MESSAGE][PASSED] - Text 'BusRepFname BusRepLname' is present on page  using regular expression

2024-11-07 21:35:21 - [TEST_STEP][PASSED] - verifyTextPresent("Taxpayer Address:", true): Text 'Taxpayer Address:' is present on page  using regular expression

2024-11-07 21:35:21 - [MESSAGE][PASSED] - Text 'Taxpayer Address:' is present on page  using regular expression

2024-11-07 21:35:21 - [TEST_STEP][PASSED] - verifyTextPresent("2508 Mandan Terrace Gambrills Maryland 21054", true): Text '2508 Mandan Terrace Gambrills Maryland 21054' is present on page  using regular expression

2024-11-07 21:35:21 - [MESSAGE][PASSED] - Text '2508 Mandan Terrace Gambrills Maryland 21054' is present on page  using regular expression

2024-11-07 21:35:21 - [TEST_STEP][PASSED] - verifyTextPresent("Email:", true): Text 'Email:' is present on page  using regular expression

2024-11-07 21:35:22 - [MESSAGE][PASSED] - Text 'Email:' is present on page  using regular expression

2024-11-07 21:35:22 - [TEST_STEP][PASSED] - verifyTextPresent("iahmed@govolution.com", true): Text 'iahmed@govolution.com' is present on page  using regular expression

2024-11-07 21:35:22 - [MESSAGE][PASSED] - Text 'iahmed@govolution.com' is present on page  using regular expression

2024-11-07 21:35:22 - [TEST_STEP][PASSED] - verifyTextPresent("Phone:", true): Text 'Phone:' is present on page  using regular expression

2024-11-07 21:35:22 - [MESSAGE][PASSED] - Text 'Phone:' is present on page  using regular expression

2024-11-07 21:35:22 - [TEST_STEP][PASSED] - verifyTextPresent("(703) 894-5000", false): Text '(703) 894-5000' is present on page 

2024-11-07 21:35:23 - [MESSAGE][PASSED] - Text '(703) 894-5000' is present on page 

2024-11-07 21:35:23 - [TEST_STEP][PASSED] - verifyTextPresent("Tax Information", true): Text 'Tax Information' is present on page  using regular expression

2024-11-07 21:35:23 - [MESSAGE][PASSED] - Text 'Tax Information' is present on page  using regular expression

2024-11-07 21:35:23 - [TEST_STEP][PASSED] - verifyTextNotPresent("Notice Number", true): Text 'Notice Number' is not present on page using regular expression

2024-11-07 21:35:23 - [MESSAGE][PASSED] - Text 'Notice Number' is not present on page using regular expression

2024-11-07 21:35:23 - [TEST_STEP][PASSED] - if (month.trim()): Text 'May' is present on page  using regular expression

2024-11-07 21:35:23 - [TEST_STEP][PASSED] - verifyTextPresent("Period Ending", true): Text 'Period Ending' is present on page  using regular expression

2024-11-07 21:35:24 - [MESSAGE][PASSED] - Text 'Period Ending' is present on page  using regular expression

2024-11-07 21:35:24 - [TEST_STEP][PASSED] - verifyTextPresent(month, true): Text 'May' is present on page  using regular expression

2024-11-07 21:35:24 - [MESSAGE][PASSED] - Text 'May' is present on page  using regular expression

2024-11-07 21:35:24 - [TEST_STEP][PASSED] - if (feinSSN.equalsIgnoreCase("Y")): null

2024-11-07 21:35:24 - [TEST_STEP][PASSED] - else: Text 'XXXXXXX87' is present on page  using regular expression

2024-11-07 21:35:24 - [TEST_STEP][PASSED] - if (!(TaxType.equalsIgnoreCase("Estate Tax"))): Text 'XXXXXXX87' is present on page  using regular expression

2024-11-07 21:35:24 - [TEST_STEP][PASSED] - verifyTextPresent("Federal EIN:", true): Text 'Federal EIN:' is present on page  using regular expression

2024-11-07 21:35:24 - [MESSAGE][PASSED] - Text 'Federal EIN:' is present on page  using regular expression

2024-11-07 21:35:24 - [TEST_STEP][PASSED] - verifyTextNotPresent("FEIN/SSN:", true): Text 'FEIN/SSN:' is not present on page using regular expression

2024-11-07 21:35:25 - [MESSAGE][PASSED] - Text 'FEIN/SSN:' is not present on page using regular expression

2024-11-07 21:35:25 - [TEST_STEP][PASSED] - verifyTextPresent("XXXXXXX87", true): Text 'XXXXXXX87' is present on page  using regular expression

2024-11-07 21:35:25 - [MESSAGE][PASSED] - Text 'XXXXXXX87' is present on page  using regular expression

2024-11-07 21:35:25 - [TEST_STEP][PASSED] - if (TaxType.equalsIgnoreCase("Estate Tax")): null

2024-11-07 21:35:25 - [TEST_STEP][PASSED] - if (CRN.equalsIgnoreCase("Y")): Text '07640126' is present on page  using regular expression

2024-11-07 21:35:25 - [TEST_STEP][PASSED] - verifyTextPresent("MD Central Registration Number#:", true): Text 'MD Central Registration Number#:' is present on page  using regular expression

2024-11-07 21:35:25 - [MESSAGE][PASSED] - Text 'MD Central Registration Number#:' is present on page  using regular expression

2024-11-07 21:35:25 - [TEST_STEP][PASSED] - verifyTextPresent("07640126", true): Text '07640126' is present on page  using regular expression

2024-11-07 21:35:26 - [MESSAGE][PASSED] - Text '07640126' is present on page  using regular expression

2024-11-07 21:35:26 - [TEST_STEP][PASSED] - if (MFLicNum.equalsIgnoreCase("Y")): null

2024-11-07 21:35:26 - [TEST_STEP][PASSED] - else: Text 'Motor Fuel License Number#:' is not present on page using regular expression

2024-11-07 21:35:26 - [TEST_STEP][PASSED] - verifyTextNotPresent("Motor Fuel License Number#:", true): Text 'Motor Fuel License Number#:' is not present on page using regular expression

2024-11-07 21:35:26 - [MESSAGE][PASSED] - Text 'Motor Fuel License Number#:' is not present on page using regular expression

2024-11-07 21:35:26 - [TEST_STEP][PASSED] - verifyTextPresent("Payment Amount:", true): Text 'Payment Amount:' is present on page  using regular expression

2024-11-07 21:35:26 - [MESSAGE][PASSED] - Text 'Payment Amount:' is present on page  using regular expression

2024-11-07 21:35:26 - [TEST_STEP][PASSED] - verifyTextPresent("100.00", true): Text '100.00' is present on page  using regular expression

2024-11-07 21:35:27 - [MESSAGE][PASSED] - Text '100.00' is present on page  using regular expression

2024-11-07 21:35:27 - [TEST_STEP][PASSED] - if (verifyElementVisible(findTestObject(orPath_Summary + "/button_Proceed to Payment"))): null

2024-11-07 21:35:27 - [MESSAGE][PASSED] - Object 'Object Repository/RAD_Pages/Summary_Page/button_Proceed to Payment' is visible

2024-11-07 21:35:27 - [TEST_STEP][PASSED] - resText = "Pass": null

2024-11-07 21:35:27 - [TEST_STEP][PASSED] - pages.WriteExcel.demoKey(resText, datText, resColumn, datCloumn, fileLoc, nameSheet, row): pages.WriteExcel.demoKey is PASSED

2024-11-07 21:35:27 - [MESSAGE][PASSED] - pages.WriteExcel.demoKey is PASSED

2024-11-07 21:35:27 - [TEST_STEP][PASSED] - click(findTestObject(orPath_Summary + "/button_Proceed to Payment")): Object: 'Object Repository/RAD_Pages/Summary_Page/button_Proceed to Payment' is clicked on

2024-11-07 21:35:30 - [MESSAGE][PASSED] - Object: 'Object Repository/RAD_Pages/Summary_Page/button_Proceed to Payment' is clicked on

2024-11-07 21:35:30 - [TEST_STEP][PASSED] - verifyElementPresent(findTestObject("Object Repository/RAD_Pages/PaymentEntry_Page/input__billingName"), 30): Object 'Object Repository/RAD_Pages/PaymentEntry_Page/input__billingName' is present

2024-11-07 21:35:30 - [MESSAGE][PASSED] - Object 'Object Repository/RAD_Pages/PaymentEntry_Page/input__billingName' is present

2024-11-07 21:35:30 - [TEST_STEP][PASSED] - ExecuteTC = findTestData(dataFile).getValue("Execute", row): null

2024-11-07 21:35:30 - [TEST_STEP][PASSED] - TaxType = findTestData(dataFile).getValue("TaxType", row): null

2024-11-07 21:35:30 - [TEST_STEP][PASSED] - PaymentType = findTestData(dataFile).getValue("PaymentType", row): null

2024-11-07 21:35:30 - [TEST_STEP][PASSED] - FilingYear = findTestData(dataFile).getValue("Year", row): null

2024-11-07 21:35:30 - [TEST_STEP][PASSED] - feinSSN = findTestData(dataFile).getValue("FeinSsn", row): null

2024-11-07 21:35:30 - [TEST_STEP][PASSED] - CRN = findTestData(dataFile).getValue("CRN", row): null

2024-11-07 21:35:30 - [TEST_STEP][PASSED] - month = findTestData(dataFile).getValue("Month", row): null

2024-11-07 21:35:31 - [TEST_STEP][PASSED] - MFLicNum = findTestData(dataFile).getValue("MFLicNum", row): null

2024-11-07 21:35:31 - [TEST_STEP][PASSED] - if (ExecuteTC.equalsIgnoreCase("Y")): Object 'Object Repository/RAD_Pages/PaymentEntry_Page/input__billingName' is present

2024-11-07 21:35:31 - [TEST_STEP][PASSED] - out.println("Begin Record Number: " + row): null

2024-11-07 21:35:31 - [TEST_STEP][PASSED] - today = new java.util.Date(): null

2024-11-07 21:35:31 - [TEST_STEP][PASSED] - println(today): null

2024-11-07 21:35:31 - [TEST_STEP][PASSED] - datText = today: null

2024-11-07 21:35:31 - [TEST_STEP][PASSED] - logInfo("Payment Type: New Tax Return Amount Due"): Payment Type: New Tax Return Amount Due

2024-11-07 21:35:31 - [MESSAGE][INFO] - Payment Type: New Tax Return Amount Due

2024-11-07 21:35:31 - [TEST_STEP][PASSED] - logInfo("Tax Type: " + TaxType): Tax Type: Admissions and Amusement Tax

2024-11-07 21:35:31 - [MESSAGE][INFO] - Tax Type: Admissions and Amusement Tax

2024-11-07 21:35:31 - [TEST_STEP][PASSED] - openBrowser(""): Browser is opened with url: ''

2024-11-07 21:35:31 - [MESSAGE][WARNING] - A browser is already opened. Closing browser and opening a new one

2024-11-07 21:35:32 - [MESSAGE][INFO] - Starting 'Chrome' driver

2024-11-07 21:35:32 - [MESSAGE][INFO] - User set preference: ['acceptInsecureCerts', 'true']

2024-11-07 21:35:32 - [MESSAGE][INFO] - Action delay is set to 0 milliseconds

2024-11-07 21:35:34 - [MESSAGE][PASSED] - Browser is opened with url: ''

2024-11-07 21:35:34 - [TEST_STEP][PASSED] - maximizeWindow(): Current window maximized

2024-11-07 21:35:34 - [MESSAGE][PASSED] - Current window maximized

2024-11-07 21:35:34 - [TEST_STEP][PASSED] - navigateToUrl(RADurl): Navigate to 'https://www.velocitypayment.com/client/rad/index.html' successfully

2024-11-07 21:35:36 - [MESSAGE][PASSED] - Navigate to 'https://www.velocitypayment.com/client/rad/index.html' successfully

2024-11-07 21:35:36 - [TEST_STEP][PASSED] - selectOptionByLabel(findTestObject(orPath_Landing + "/dd_TaxType"), "New Tax Return Amount Due", false): All options with label 'New Tax Return Amount Due' are selected in object 'Object Repository/RAD_Pages/Landing_Page/dd_TaxType' 

2024-11-07 21:35:37 - [MESSAGE][PASSED] - All options with label 'New Tax Return Amount Due' are selected in object 'Object Repository/RAD_Pages/Landing_Page/dd_TaxType' 

2024-11-07 21:35:37 - [TEST_STEP][PASSED] - selectOptionByLabel(findTestObject("Object Repository/RAD_Pages/Landing_Page/select_NewTaxReturnAmountDue_TaxType"), TaxType, false): All options with label 'Admissions and Amusement Tax' are selected in object 'Object Repository/RAD_Pages/Landing_Page/select_NewTaxReturnAmountDue_TaxType' 

2024-11-07 21:35:38 - [MESSAGE][PASSED] - All options with label 'Admissions and Amusement Tax' are selected in object 'Object Repository/RAD_Pages/Landing_Page/select_NewTaxReturnAmountDue_TaxType' 

2024-11-07 21:35:38 - [TEST_STEP][PASSED] - selectOptionByLabel(findTestObject(orPath_TaxTypeFilingYear + "/select_FilingYear"), FilingYear, false): All options with label '2022' are selected in object 'Object Repository/RAD_Pages/TaxTypeFilingYear_Page/select_FilingYear' 

2024-11-07 21:35:38 - [MESSAGE][PASSED] - All options with label '2022' are selected in object 'Object Repository/RAD_Pages/TaxTypeFilingYear_Page/select_FilingYear' 

2024-11-07 21:35:38 - [TEST_STEP][PASSED] - if (month.trim()): All options with label 'February' are selected in object 'Object Repository/RAD_Pages/TaxTypeFilingYear_Page/select_PeriodEnding' 

2024-11-07 21:35:38 - [TEST_STEP][PASSED] - selectOptionByLabel(findTestObject(orPath_TaxTypeFilingYear + "/select_PeriodEnding"), month, false): All options with label 'February' are selected in object 'Object Repository/RAD_Pages/TaxTypeFilingYear_Page/select_PeriodEnding' 

2024-11-07 21:35:39 - [MESSAGE][PASSED] - All options with label 'February' are selected in object 'Object Repository/RAD_Pages/TaxTypeFilingYear_Page/select_PeriodEnding' 

2024-11-07 21:35:39 - [TEST_STEP][PASSED] - rad.getSetDataRAD.setDataRADBusinessName(): rad.getSetDataRAD.setDataRADBusinessName is PASSED

2024-11-07 21:35:40 - [MESSAGE][PASSED] - Text 'My Company' is set on object 'Object Repository/RAD_Pages/Taxpayer_Page/input_businessName'

2024-11-07 21:35:40 - [MESSAGE][PASSED] - rad.getSetDataRAD.setDataRADBusinessName is PASSED

2024-11-07 21:35:40 - [TEST_STEP][PASSED] - rad.getSetDataRAD.setDataRADBusinessRep(): rad.getSetDataRAD.setDataRADBusinessRep is PASSED

2024-11-07 21:35:40 - [MESSAGE][PASSED] - Text 'BusRepFname' is set on object 'Object Repository/RAD_Pages/Taxpayer_Page/input_BusinessRepfirstName'

2024-11-07 21:35:41 - [MESSAGE][PASSED] - Text '' is set on object 'Object Repository/RAD_Pages/Taxpayer_Page/input_BusinessRepmiddleName'

2024-11-07 21:35:42 - [MESSAGE][PASSED] - Text 'BusRepLname' is set on object 'Object Repository/RAD_Pages/Taxpayer_Page/input_BusinessReplastName'

2024-11-07 21:35:43 - [MESSAGE][PASSED] - Text '' is set on object 'Object Repository/RAD_Pages/Taxpayer_Page/input_BusinessRepsuffix'

2024-11-07 21:35:43 - [MESSAGE][PASSED] - rad.getSetDataRAD.setDataRADBusinessRep is PASSED

2024-11-07 21:35:43 - [TEST_STEP][PASSED] - rad.getSetDataRAD.setDataRADAddress(): rad.getSetDataRAD.setDataRADAddress is PASSED

2024-11-07 21:35:43 - [MESSAGE][PASSED] - All options with label 'United States' are selected in object 'Object Repository/RAD_Pages/AddressAndContactInfo_Page/select_Country' 

2024-11-07 21:35:44 - [MESSAGE][PASSED] - Text '2508 Mandan Terrace' is set on object 'Object Repository/RAD_Pages/AddressAndContactInfo_Page/input_streetAddress1'

2024-11-07 21:35:45 - [MESSAGE][PASSED] - Text '' is set on object 'Object Repository/RAD_Pages/AddressAndContactInfo_Page/input_streetAddress2'

2024-11-07 21:35:45 - [MESSAGE][PASSED] - Text 'Gambrills' is set on object 'Object Repository/RAD_Pages/AddressAndContactInfo_Page/input_city'

2024-11-07 21:35:46 - [MESSAGE][PASSED] - All options with label 'Maryland' are selected in object 'Object Repository/RAD_Pages/AddressAndContactInfo_Page/select_State' 

2024-11-07 21:35:47 - [MESSAGE][PASSED] - Text '21054' is set on object 'Object Repository/RAD_Pages/AddressAndContactInfo_Page/input_zipCode'

2024-11-07 21:35:47 - [MESSAGE][PASSED] - Text '(703) 894-5000' is set on object 'Object Repository/RAD_Pages/AddressAndContactInfo_Page/input_phoneNumber'

2024-11-07 21:35:48 - [MESSAGE][PASSED] - Text 'iahmed@govolution.com' is set on object 'Object Repository/RAD_Pages/AddressAndContactInfo_Page/input_eMailAddress'

2024-11-07 21:35:49 - [MESSAGE][PASSED] - Text 'iahmed@govolution.com' is set on object 'Object Repository/RAD_Pages/AddressAndContactInfo_Page/input_reEnterEMailAddress'

2024-11-07 21:35:49 - [MESSAGE][PASSED] - rad.getSetDataRAD.setDataRADAddress is PASSED

2024-11-07 21:35:49 - [TEST_STEP][PASSED] - if (feinSSN.equalsIgnoreCase("Y")): null

2024-11-07 21:35:49 - [TEST_STEP][PASSED] - else: Text ****** has been set on object 'Object Repository/RAD_Pages/TaxInfo_Page/input_FederalEIN_ReEnter'

2024-11-07 21:35:49 - [TEST_STEP][PASSED] - if (!(TaxType.equalsIgnoreCase("Estate Tax"))): Text ****** has been set on object 'Object Repository/RAD_Pages/TaxInfo_Page/input_FederalEIN_ReEnter'

2024-11-07 21:35:49 - [TEST_STEP][PASSED] - setEncryptedText(findTestObject(orPath_TaxInfo + "/input_FederalEIN"), "yXB7JMCbD3QoFF75EQd3iw=="): Text ****** has been set on object 'Object Repository/RAD_Pages/TaxInfo_Page/input_FederalEIN'

2024-11-07 21:35:50 - [MESSAGE][PASSED] - Text ****** has been set on object 'Object Repository/RAD_Pages/TaxInfo_Page/input_FederalEIN'

2024-11-07 21:35:50 - [TEST_STEP][PASSED] - setEncryptedText(findTestObject(orPath_TaxInfo + "/input_FederalEIN_ReEnter"), "yXB7JMCbD3QoFF75EQd3iw=="): Text ****** has been set on object 'Object Repository/RAD_Pages/TaxInfo_Page/input_FederalEIN_ReEnter'

2024-11-07 21:35:50 - [MESSAGE][PASSED] - Text ****** has been set on object 'Object Repository/RAD_Pages/TaxInfo_Page/input_FederalEIN_ReEnter'

2024-11-07 21:35:50 - [TEST_STEP][PASSED] - if (CRN.equalsIgnoreCase("Y")): rad.getSetDataRAD.setDataRADMDCRN is PASSED

2024-11-07 21:35:50 - [TEST_STEP][PASSED] - rad.getSetDataRAD.setDataRADMDCRN(): rad.getSetDataRAD.setDataRADMDCRN is PASSED

2024-11-07 21:35:51 - [MESSAGE][PASSED] - Text '07640126' is set on object 'Object Repository/RAD_Pages/TaxInfo_Page/input_MDCRegistration'

2024-11-07 21:35:51 - [MESSAGE][PASSED] - rad.getSetDataRAD.setDataRADMDCRN is PASSED

2024-11-07 21:35:51 - [TEST_STEP][PASSED] - if (MFLicNum.equalsIgnoreCase("Y")): null

2024-11-07 21:35:51 - [TEST_STEP][PASSED] - if (TaxType.equalsIgnoreCase("Estate Tax")): null

2024-11-07 21:35:51 - [TEST_STEP][PASSED] - setText(findTestObject(orPath_Amount + "/input__paymentAmount"), "100.00"): Text '100.00' is set on object 'Object Repository/RAD_Pages/PaymentAmount_Page/input__paymentAmount'

2024-11-07 21:35:51 - [MESSAGE][PASSED] - Text '100.00' is set on object 'Object Repository/RAD_Pages/PaymentAmount_Page/input__paymentAmount'

2024-11-07 21:35:51 - [TEST_STEP][PASSED] - setText(findTestObject(orPath_AddressContact + "/input_streetAddress2"), ""): Text '' is set on object 'Object Repository/RAD_Pages/AddressAndContactInfo_Page/input_streetAddress2'

2024-11-07 21:35:52 - [MESSAGE][PASSED] - Text '' is set on object 'Object Repository/RAD_Pages/AddressAndContactInfo_Page/input_streetAddress2'

2024-11-07 21:35:52 - [TEST_STEP][PASSED] - scrollToElement(findTestObject(orPath_Landing + "/button_Continue"), 3): Scroll to object 'Object Repository/RAD_Pages/Landing_Page/button_Continue' successfully

2024-11-07 21:35:52 - [MESSAGE][PASSED] - Scroll to object 'Object Repository/RAD_Pages/Landing_Page/button_Continue' successfully

2024-11-07 21:35:52 - [TEST_STEP][PASSED] - waitForElementClickable(findTestObject(orPath_Landing + "/button_Continue"), 5): Object 'Object Repository/RAD_Pages/Landing_Page/button_Continue' is clickable

2024-11-07 21:35:53 - [MESSAGE][PASSED] - Object 'Object Repository/RAD_Pages/Landing_Page/button_Continue' is clickable

2024-11-07 21:35:53 - [TEST_STEP][PASSED] - click(findTestObject(orPath_Landing + "/button_Continue")): Object: 'Object Repository/RAD_Pages/Landing_Page/button_Continue' is clicked on

2024-11-07 21:35:53 - [MESSAGE][PASSED] - Object: 'Object Repository/RAD_Pages/Landing_Page/button_Continue' is clicked on

2024-11-07 21:35:53 - [TEST_STEP][PASSED] - delay(2): Delayed 2 second(s)

2024-11-07 21:35:55 - [MESSAGE][PASSED] - Delayed 2 second(s)

2024-11-07 21:35:55 - [TEST_STEP][PASSED] - verifyTextPresent("Summary", true): Text 'Summary' is present on page  using regular expression

2024-11-07 21:35:56 - [MESSAGE][PASSED] - Text 'Summary' is present on page  using regular expression

2024-11-07 21:35:56 - [TEST_STEP][PASSED] - verifyTextPresent("Review the information below and make any necessary corrections by clicking the", true): Text 'Review the information below and make any necessary corrections by clicking the' is present on page  using regular expression

2024-11-07 21:35:56 - [MESSAGE][PASSED] - Text 'Review the information below and make any necessary corrections by clicking the' is present on page  using regular expression

2024-11-07 21:35:56 - [TEST_STEP][PASSED] - verifyTextPresent("When you are confident that all the information is correct, click the", true): Text 'When you are confident that all the information is correct, click the' is present on page  using regular expression

2024-11-07 21:35:56 - [MESSAGE][PASSED] - Text 'When you are confident that all the information is correct, click the' is present on page  using regular expression

2024-11-07 21:35:56 - [TEST_STEP][PASSED] - verifyTextPresent("Payment Type/Filing Year", true): Text 'Payment Type/Filing Year' is present on page  using regular expression

2024-11-07 21:35:57 - [MESSAGE][PASSED] - Text 'Payment Type/Filing Year' is present on page  using regular expression

2024-11-07 21:35:57 - [TEST_STEP][PASSED] - verifyTextPresent("Payment Type:", true): Text 'Payment Type:' is present on page  using regular expression

2024-11-07 21:35:57 - [MESSAGE][PASSED] - Text 'Payment Type:' is present on page  using regular expression

2024-11-07 21:35:57 - [TEST_STEP][PASSED] - verifyTextPresent("New Tax Return Amount Due", true): Text 'New Tax Return Amount Due' is present on page  using regular expression

2024-11-07 21:35:57 - [MESSAGE][PASSED] - Text 'New Tax Return Amount Due' is present on page  using regular expression

2024-11-07 21:35:57 - [TEST_STEP][PASSED] - verifyTextPresent("Filing Year:", true): Text 'Filing Year:' is present on page  using regular expression

2024-11-07 21:35:57 - [MESSAGE][PASSED] - Text 'Filing Year:' is present on page  using regular expression

2024-11-07 21:35:57 - [TEST_STEP][PASSED] - verifyTextPresent(FilingYear, true): Text '2022' is present on page  using regular expression

2024-11-07 21:35:58 - [MESSAGE][PASSED] - Text '2022' is present on page  using regular expression

2024-11-07 21:35:58 - [TEST_STEP][PASSED] - verifyTextPresent("Payer Information", true): Text 'Payer Information' is present on page  using regular expression

2024-11-07 21:35:58 - [MESSAGE][PASSED] - Text 'Payer Information' is present on page  using regular expression

2024-11-07 21:35:58 - [TEST_STEP][PASSED] - verifyTextPresent("Taxpayer Name:", true): Text 'Taxpayer Name:' is present on page  using regular expression

2024-11-07 21:35:59 - [MESSAGE][PASSED] - Text 'Taxpayer Name:' is present on page  using regular expression

2024-11-07 21:35:59 - [TEST_STEP][PASSED] - verifyTextPresent("My Company", true): Text 'My Company' is present on page  using regular expression

2024-11-07 21:35:59 - [MESSAGE][PASSED] - Text 'My Company' is present on page  using regular expression

2024-11-07 21:35:59 - [TEST_STEP][PASSED] - verifyTextPresent("Business Rep Name:", true): Text 'Business Rep Name:' is present on page  using regular expression

2024-11-07 21:35:59 - [MESSAGE][PASSED] - Text 'Business Rep Name:' is present on page  using regular expression

2024-11-07 21:35:59 - [TEST_STEP][PASSED] - verifyTextPresent("BusRepFname BusRepLname", true): Text 'BusRepFname BusRepLname' is present on page  using regular expression

2024-11-07 21:36:00 - [MESSAGE][PASSED] - Text 'BusRepFname BusRepLname' is present on page  using regular expression

2024-11-07 21:36:00 - [TEST_STEP][PASSED] - verifyTextPresent("Taxpayer Address:", true): Text 'Taxpayer Address:' is present on page  using regular expression

2024-11-07 21:36:00 - [MESSAGE][PASSED] - Text 'Taxpayer Address:' is present on page  using regular expression

2024-11-07 21:36:00 - [TEST_STEP][PASSED] - verifyTextPresent("2508 Mandan Terrace Gambrills Maryland 21054", true): Text '2508 Mandan Terrace Gambrills Maryland 21054' is present on page  using regular expression

2024-11-07 21:36:00 - [MESSAGE][PASSED] - Text '2508 Mandan Terrace Gambrills Maryland 21054' is present on page  using regular expression

2024-11-07 21:36:00 - [TEST_STEP][PASSED] - verifyTextPresent("Email:", true): Text 'Email:' is present on page  using regular expression

2024-11-07 21:36:01 - [MESSAGE][PASSED] - Text 'Email:' is present on page  using regular expression

2024-11-07 21:36:01 - [TEST_STEP][PASSED] - verifyTextPresent("iahmed@govolution.com", true): Text 'iahmed@govolution.com' is present on page  using regular expression

2024-11-07 21:36:01 - [MESSAGE][PASSED] - Text 'iahmed@govolution.com' is present on page  using regular expression

2024-11-07 21:36:01 - [TEST_STEP][PASSED] - verifyTextPresent("Phone:", true): Text 'Phone:' is present on page  using regular expression

2024-11-07 21:36:01 - [MESSAGE][PASSED] - Text 'Phone:' is present on page  using regular expression

2024-11-07 21:36:01 - [TEST_STEP][PASSED] - verifyTextPresent("(703) 894-5000", false): Text '(703) 894-5000' is present on page 

2024-11-07 21:36:02 - [MESSAGE][PASSED] - Text '(703) 894-5000' is present on page 

2024-11-07 21:36:02 - [TEST_STEP][PASSED] - verifyTextPresent("Tax Information", true): Text 'Tax Information' is present on page  using regular expression

2024-11-07 21:36:02 - [MESSAGE][PASSED] - Text 'Tax Information' is present on page  using regular expression

2024-11-07 21:36:02 - [TEST_STEP][PASSED] - verifyTextNotPresent("Notice Number", true): Text 'Notice Number' is not present on page using regular expression

2024-11-07 21:36:02 - [MESSAGE][PASSED] - Text 'Notice Number' is not present on page using regular expression

2024-11-07 21:36:02 - [TEST_STEP][PASSED] - if (month.trim()): Text 'February' is present on page  using regular expression

2024-11-07 21:36:02 - [TEST_STEP][PASSED] - verifyTextPresent("Period Ending", true): Text 'Period Ending' is present on page  using regular expression

2024-11-07 21:36:02 - [MESSAGE][PASSED] - Text 'Period Ending' is present on page  using regular expression

2024-11-07 21:36:02 - [TEST_STEP][PASSED] - verifyTextPresent(month, true): Text 'February' is present on page  using regular expression

2024-11-07 21:36:03 - [MESSAGE][PASSED] - Text 'February' is present on page  using regular expression

2024-11-07 21:36:03 - [TEST_STEP][PASSED] - if (feinSSN.equalsIgnoreCase("Y")): null

2024-11-07 21:36:03 - [TEST_STEP][PASSED] - else: Text 'XXXXXXX87' is present on page  using regular expression

2024-11-07 21:36:03 - [TEST_STEP][PASSED] - if (!(TaxType.equalsIgnoreCase("Estate Tax"))): Text 'XXXXXXX87' is present on page  using regular expression

2024-11-07 21:36:03 - [TEST_STEP][PASSED] - verifyTextPresent("Federal EIN:", true): Text 'Federal EIN:' is present on page  using regular expression

2024-11-07 21:36:03 - [MESSAGE][PASSED] - Text 'Federal EIN:' is present on page  using regular expression

2024-11-07 21:36:03 - [TEST_STEP][PASSED] - verifyTextNotPresent("FEIN/SSN:", true): Text 'FEIN/SSN:' is not present on page using regular expression

2024-11-07 21:36:03 - [MESSAGE][PASSED] - Text 'FEIN/SSN:' is not present on page using regular expression

2024-11-07 21:36:03 - [TEST_STEP][PASSED] - verifyTextPresent("XXXXXXX87", true): Text 'XXXXXXX87' is present on page  using regular expression

2024-11-07 21:36:04 - [MESSAGE][PASSED] - Text 'XXXXXXX87' is present on page  using regular expression

2024-11-07 21:36:04 - [TEST_STEP][PASSED] - if (TaxType.equalsIgnoreCase("Estate Tax")): null

2024-11-07 21:36:04 - [TEST_STEP][PASSED] - if (CRN.equalsIgnoreCase("Y")): Text '07640126' is present on page  using regular expression

2024-11-07 21:36:04 - [TEST_STEP][PASSED] - verifyTextPresent("MD Central Registration Number#:", true): Text 'MD Central Registration Number#:' is present on page  using regular expression

2024-11-07 21:36:04 - [MESSAGE][PASSED] - Text 'MD Central Registration Number#:' is present on page  using regular expression

2024-11-07 21:36:04 - [TEST_STEP][PASSED] - verifyTextPresent("07640126", true): Text '07640126' is present on page  using regular expression

2024-11-07 21:36:04 - [MESSAGE][PASSED] - Text '07640126' is present on page  using regular expression

2024-11-07 21:36:04 - [TEST_STEP][PASSED] - if (MFLicNum.equalsIgnoreCase("Y")): null

2024-11-07 21:36:04 - [TEST_STEP][PASSED] - else: Text 'Motor Fuel License Number#:' is not present on page using regular expression

2024-11-07 21:36:04 - [TEST_STEP][PASSED] - verifyTextNotPresent("Motor Fuel License Number#:", true): Text 'Motor Fuel License Number#:' is not present on page using regular expression

2024-11-07 21:36:05 - [MESSAGE][PASSED] - Text 'Motor Fuel License Number#:' is not present on page using regular expression

2024-11-07 21:36:05 - [TEST_STEP][PASSED] - verifyTextPresent("Payment Amount:", true): Text 'Payment Amount:' is present on page  using regular expression

2024-11-07 21:36:05 - [MESSAGE][PASSED] - Text 'Payment Amount:' is present on page  using regular expression

2024-11-07 21:36:05 - [TEST_STEP][PASSED] - verifyTextPresent("100.00", true): Text '100.00' is present on page  using regular expression

2024-11-07 21:36:05 - [MESSAGE][PASSED] - Text '100.00' is present on page  using regular expression

2024-11-07 21:36:05 - [TEST_STEP][PASSED] - if (verifyElementVisible(findTestObject(orPath_Summary + "/button_Proceed to Payment"))): null

2024-11-07 21:36:06 - [MESSAGE][PASSED] - Object 'Object Repository/RAD_Pages/Summary_Page/button_Proceed to Payment' is visible

2024-11-07 21:36:06 - [TEST_STEP][PASSED] - resText = "Pass": null

2024-11-07 21:36:06 - [TEST_STEP][PASSED] - pages.WriteExcel.demoKey(resText, datText, resColumn, datCloumn, fileLoc, nameSheet, row): pages.WriteExcel.demoKey is PASSED

2024-11-07 21:36:06 - [MESSAGE][PASSED] - pages.WriteExcel.demoKey is PASSED

2024-11-07 21:36:06 - [TEST_STEP][PASSED] - click(findTestObject(orPath_Summary + "/button_Proceed to Payment")): Object: 'Object Repository/RAD_Pages/Summary_Page/button_Proceed to Payment' is clicked on

2024-11-07 21:36:08 - [MESSAGE][PASSED] - Object: 'Object Repository/RAD_Pages/Summary_Page/button_Proceed to Payment' is clicked on

2024-11-07 21:36:08 - [TEST_STEP][PASSED] - verifyElementPresent(findTestObject("Object Repository/RAD_Pages/PaymentEntry_Page/input__billingName"), 30): Object 'Object Repository/RAD_Pages/PaymentEntry_Page/input__billingName' is present

2024-11-07 21:36:09 - [MESSAGE][PASSED] - Object 'Object Repository/RAD_Pages/PaymentEntry_Page/input__billingName' is present

2024-11-07 21:36:09 - [TEST_STEP][PASSED] - ExecuteTC = findTestData(dataFile).getValue("Execute", row): null

2024-11-07 21:36:09 - [TEST_STEP][PASSED] - TaxType = findTestData(dataFile).getValue("TaxType", row): null

2024-11-07 21:36:09 - [TEST_STEP][PASSED] - PaymentType = findTestData(dataFile).getValue("PaymentType", row): null

2024-11-07 21:36:09 - [TEST_STEP][PASSED] - FilingYear = findTestData(dataFile).getValue("Year", row): null

2024-11-07 21:36:09 - [TEST_STEP][PASSED] - feinSSN = findTestData(dataFile).getValue("FeinSsn", row): null

2024-11-07 21:36:09 - [TEST_STEP][PASSED] - CRN = findTestData(dataFile).getValue("CRN", row): null

2024-11-07 21:36:09 - [TEST_STEP][PASSED] - month = findTestData(dataFile).getValue("Month", row): null

2024-11-07 21:36:09 - [TEST_STEP][PASSED] - MFLicNum = findTestData(dataFile).getValue("MFLicNum", row): null

2024-11-07 21:36:09 - [TEST_STEP][PASSED] - if (ExecuteTC.equalsIgnoreCase("Y")): Object 'Object Repository/RAD_Pages/PaymentEntry_Page/input__billingName' is present

2024-11-07 21:36:09 - [TEST_STEP][PASSED] - out.println("Begin Record Number: " + row): null

2024-11-07 21:36:09 - [TEST_STEP][PASSED] - today = new java.util.Date(): null

2024-11-07 21:36:09 - [TEST_STEP][PASSED] - println(today): null

2024-11-07 21:36:09 - [TEST_STEP][PASSED] - datText = today: null

2024-11-07 21:36:09 - [TEST_STEP][PASSED] - logInfo("Payment Type: New Tax Return Amount Due"): Payment Type: New Tax Return Amount Due

2024-11-07 21:36:09 - [MESSAGE][INFO] - Payment Type: New Tax Return Amount Due

2024-11-07 21:36:09 - [TEST_STEP][PASSED] - logInfo("Tax Type: " + TaxType): Tax Type: Alcohol Tax

2024-11-07 21:36:09 - [MESSAGE][INFO] - Tax Type: Alcohol Tax

2024-11-07 21:36:09 - [TEST_STEP][PASSED] - openBrowser(""): Browser is opened with url: ''

2024-11-07 21:36:09 - [MESSAGE][WARNING] - A browser is already opened. Closing browser and opening a new one

2024-11-07 21:36:13 - [MESSAGE][INFO] - Starting 'Chrome' driver

2024-11-07 21:36:13 - [MESSAGE][INFO] - User set preference: ['acceptInsecureCerts', 'true']

2024-11-07 21:36:13 - [MESSAGE][INFO] - Action delay is set to 0 milliseconds

2024-11-07 21:36:15 - [MESSAGE][PASSED] - Browser is opened with url: ''

2024-11-07 21:36:15 - [TEST_STEP][PASSED] - maximizeWindow(): Current window maximized

2024-11-07 21:36:15 - [MESSAGE][PASSED] - Current window maximized

2024-11-07 21:36:15 - [TEST_STEP][PASSED] - navigateToUrl(RADurl): Navigate to 'https://www.velocitypayment.com/client/rad/index.html' successfully

2024-11-07 21:36:17 - [MESSAGE][PASSED] - Navigate to 'https://www.velocitypayment.com/client/rad/index.html' successfully

2024-11-07 21:36:17 - [TEST_STEP][PASSED] - selectOptionByLabel(findTestObject(orPath_Landing + "/dd_TaxType"), "New Tax Return Amount Due", false): All options with label 'New Tax Return Amount Due' are selected in object 'Object Repository/RAD_Pages/Landing_Page/dd_TaxType' 

2024-11-07 21:36:18 - [MESSAGE][PASSED] - All options with label 'New Tax Return Amount Due' are selected in object 'Object Repository/RAD_Pages/Landing_Page/dd_TaxType' 

2024-11-07 21:36:18 - [TEST_STEP][PASSED] - selectOptionByLabel(findTestObject("Object Repository/RAD_Pages/Landing_Page/select_NewTaxReturnAmountDue_TaxType"), TaxType, false): All options with label 'Alcohol Tax' are selected in object 'Object Repository/RAD_Pages/Landing_Page/select_NewTaxReturnAmountDue_TaxType' 

2024-11-07 21:36:19 - [MESSAGE][PASSED] - All options with label 'Alcohol Tax' are selected in object 'Object Repository/RAD_Pages/Landing_Page/select_NewTaxReturnAmountDue_TaxType' 

2024-11-07 21:36:19 - [TEST_STEP][PASSED] - selectOptionByLabel(findTestObject(orPath_TaxTypeFilingYear + "/select_FilingYear"), FilingYear, false): All options with label '2022' are selected in object 'Object Repository/RAD_Pages/TaxTypeFilingYear_Page/select_FilingYear' 

2024-11-07 21:36:19 - [MESSAGE][PASSED] - All options with label '2022' are selected in object 'Object Repository/RAD_Pages/TaxTypeFilingYear_Page/select_FilingYear' 

2024-11-07 21:36:19 - [TEST_STEP][PASSED] - if (month.trim()): All options with label 'January' are selected in object 'Object Repository/RAD_Pages/TaxTypeFilingYear_Page/select_PeriodEnding' 

2024-11-07 21:36:19 - [TEST_STEP][PASSED] - selectOptionByLabel(findTestObject(orPath_TaxTypeFilingYear + "/select_PeriodEnding"), month, false): All options with label 'January' are selected in object 'Object Repository/RAD_Pages/TaxTypeFilingYear_Page/select_PeriodEnding' 

2024-11-07 21:36:20 - [MESSAGE][PASSED] - All options with label 'January' are selected in object 'Object Repository/RAD_Pages/TaxTypeFilingYear_Page/select_PeriodEnding' 

2024-11-07 21:36:20 - [TEST_STEP][PASSED] - rad.getSetDataRAD.setDataRADBusinessName(): rad.getSetDataRAD.setDataRADBusinessName is PASSED

2024-11-07 21:36:21 - [MESSAGE][PASSED] - Text 'My Company' is set on object 'Object Repository/RAD_Pages/Taxpayer_Page/input_businessName'

2024-11-07 21:36:21 - [MESSAGE][PASSED] - rad.getSetDataRAD.setDataRADBusinessName is PASSED

2024-11-07 21:36:21 - [TEST_STEP][PASSED] - rad.getSetDataRAD.setDataRADBusinessRep(): rad.getSetDataRAD.setDataRADBusinessRep is PASSED

2024-11-07 21:36:22 - [MESSAGE][PASSED] - Text 'BusRepFname' is set on object 'Object Repository/RAD_Pages/Taxpayer_Page/input_BusinessRepfirstName'

2024-11-07 21:36:22 - [MESSAGE][PASSED] - Text '' is set on object 'Object Repository/RAD_Pages/Taxpayer_Page/input_BusinessRepmiddleName'

2024-11-07 21:36:23 - [MESSAGE][PASSED] - Text 'BusRepLname' is set on object 'Object Repository/RAD_Pages/Taxpayer_Page/input_BusinessReplastName'

2024-11-07 21:36:24 - [MESSAGE][PASSED] - Text '' is set on object 'Object Repository/RAD_Pages/Taxpayer_Page/input_BusinessRepsuffix'

2024-11-07 21:36:24 - [MESSAGE][PASSED] - rad.getSetDataRAD.setDataRADBusinessRep is PASSED

2024-11-07 21:36:24 - [TEST_STEP][PASSED] - rad.getSetDataRAD.setDataRADAddress(): rad.getSetDataRAD.setDataRADAddress is PASSED

2024-11-07 21:36:24 - [MESSAGE][PASSED] - All options with label 'United States' are selected in object 'Object Repository/RAD_Pages/AddressAndContactInfo_Page/select_Country' 

2024-11-07 21:36:25 - [MESSAGE][PASSED] - Text '2508 Mandan Terrace' is set on object 'Object Repository/RAD_Pages/AddressAndContactInfo_Page/input_streetAddress1'

2024-11-07 21:36:26 - [MESSAGE][PASSED] - Text '' is set on object 'Object Repository/RAD_Pages/AddressAndContactInfo_Page/input_streetAddress2'

2024-11-07 21:36:26 - [MESSAGE][PASSED] - Text 'Gambrills' is set on object 'Object Repository/RAD_Pages/AddressAndContactInfo_Page/input_city'

2024-11-07 21:36:27 - [MESSAGE][PASSED] - All options with label 'Maryland' are selected in object 'Object Repository/RAD_Pages/AddressAndContactInfo_Page/select_State' 

2024-11-07 21:36:28 - [MESSAGE][PASSED] - Text '21054' is set on object 'Object Repository/RAD_Pages/AddressAndContactInfo_Page/input_zipCode'

2024-11-07 21:36:29 - [MESSAGE][PASSED] - Text '(703) 894-5000' is set on object 'Object Repository/RAD_Pages/AddressAndContactInfo_Page/input_phoneNumber'

2024-11-07 21:36:29 - [MESSAGE][PASSED] - Text 'iahmed@govolution.com' is set on object 'Object Repository/RAD_Pages/AddressAndContactInfo_Page/input_eMailAddress'

2024-11-07 21:36:30 - [MESSAGE][PASSED] - Text 'iahmed@govolution.com' is set on object 'Object Repository/RAD_Pages/AddressAndContactInfo_Page/input_reEnterEMailAddress'

2024-11-07 21:36:30 - [MESSAGE][PASSED] - rad.getSetDataRAD.setDataRADAddress is PASSED

2024-11-07 21:36:30 - [TEST_STEP][PASSED] - if (feinSSN.equalsIgnoreCase("Y")): null

2024-11-07 21:36:30 - [TEST_STEP][PASSED] - else: Text ****** has been set on object 'Object Repository/RAD_Pages/TaxInfo_Page/input_FederalEIN_ReEnter'

2024-11-07 21:36:30 - [TEST_STEP][PASSED] - if (!(TaxType.equalsIgnoreCase("Estate Tax"))): Text ****** has been set on object 'Object Repository/RAD_Pages/TaxInfo_Page/input_FederalEIN_ReEnter'

2024-11-07 21:36:30 - [TEST_STEP][PASSED] - setEncryptedText(findTestObject(orPath_TaxInfo + "/input_FederalEIN"), "yXB7JMCbD3QoFF75EQd3iw=="): Text ****** has been set on object 'Object Repository/RAD_Pages/TaxInfo_Page/input_FederalEIN'

2024-11-07 21:36:31 - [MESSAGE][PASSED] - Text ****** has been set on object 'Object Repository/RAD_Pages/TaxInfo_Page/input_FederalEIN'

2024-11-07 21:36:31 - [TEST_STEP][PASSED] - setEncryptedText(findTestObject(orPath_TaxInfo + "/input_FederalEIN_ReEnter"), "yXB7JMCbD3QoFF75EQd3iw=="): Text ****** has been set on object 'Object Repository/RAD_Pages/TaxInfo_Page/input_FederalEIN_ReEnter'

2024-11-07 21:36:32 - [MESSAGE][PASSED] - Text ****** has been set on object 'Object Repository/RAD_Pages/TaxInfo_Page/input_FederalEIN_ReEnter'

2024-11-07 21:36:32 - [TEST_STEP][PASSED] - if (CRN.equalsIgnoreCase("Y")): rad.getSetDataRAD.setDataRADMDCRN is PASSED

2024-11-07 21:36:32 - [TEST_STEP][PASSED] - rad.getSetDataRAD.setDataRADMDCRN(): rad.getSetDataRAD.setDataRADMDCRN is PASSED

2024-11-07 21:36:32 - [MESSAGE][PASSED] - Text '07640126' is set on object 'Object Repository/RAD_Pages/TaxInfo_Page/input_MDCRegistration'

2024-11-07 21:36:32 - [MESSAGE][PASSED] - rad.getSetDataRAD.setDataRADMDCRN is PASSED

2024-11-07 21:36:32 - [TEST_STEP][PASSED] - if (MFLicNum.equalsIgnoreCase("Y")): null

2024-11-07 21:36:32 - [TEST_STEP][PASSED] - if (TaxType.equalsIgnoreCase("Estate Tax")): null

2024-11-07 21:36:32 - [TEST_STEP][PASSED] - setText(findTestObject(orPath_Amount + "/input__paymentAmount"), "100.00"): Text '100.00' is set on object 'Object Repository/RAD_Pages/PaymentAmount_Page/input__paymentAmount'

2024-11-07 21:36:33 - [MESSAGE][PASSED] - Text '100.00' is set on object 'Object Repository/RAD_Pages/PaymentAmount_Page/input__paymentAmount'

2024-11-07 21:36:33 - [TEST_STEP][PASSED] - setText(findTestObject(orPath_AddressContact + "/input_streetAddress2"), ""): Text '' is set on object 'Object Repository/RAD_Pages/AddressAndContactInfo_Page/input_streetAddress2'

2024-11-07 21:36:34 - [MESSAGE][PASSED] - Text '' is set on object 'Object Repository/RAD_Pages/AddressAndContactInfo_Page/input_streetAddress2'

2024-11-07 21:36:34 - [TEST_STEP][PASSED] - scrollToElement(findTestObject(orPath_Landing + "/button_Continue"), 3): Scroll to object 'Object Repository/RAD_Pages/Landing_Page/button_Continue' successfully

2024-11-07 21:36:34 - [MESSAGE][PASSED] - Scroll to object 'Object Repository/RAD_Pages/Landing_Page/button_Continue' successfully

2024-11-07 21:36:34 - [TEST_STEP][PASSED] - waitForElementClickable(findTestObject(orPath_Landing + "/button_Continue"), 5): Object 'Object Repository/RAD_Pages/Landing_Page/button_Continue' is clickable

2024-11-07 21:36:35 - [MESSAGE][PASSED] - Object 'Object Repository/RAD_Pages/Landing_Page/button_Continue' is clickable

2024-11-07 21:36:35 - [TEST_STEP][PASSED] - click(findTestObject(orPath_Landing + "/button_Continue")): Object: 'Object Repository/RAD_Pages/Landing_Page/button_Continue' is clicked on

2024-11-07 21:36:35 - [MESSAGE][PASSED] - Object: 'Object Repository/RAD_Pages/Landing_Page/button_Continue' is clicked on

2024-11-07 21:36:35 - [TEST_STEP][PASSED] - delay(2): Delayed 2 second(s)

2024-11-07 21:36:37 - [MESSAGE][PASSED] - Delayed 2 second(s)

2024-11-07 21:36:37 - [TEST_STEP][PASSED] - verifyTextPresent("Summary", true): Text 'Summary' is present on page  using regular expression

2024-11-07 21:36:37 - [MESSAGE][PASSED] - Text 'Summary' is present on page  using regular expression

2024-11-07 21:36:37 - [TEST_STEP][PASSED] - verifyTextPresent("Review the information below and make any necessary corrections by clicking the", true): Text 'Review the information below and make any necessary corrections by clicking the' is present on page  using regular expression

2024-11-07 21:36:38 - [MESSAGE][PASSED] - Text 'Review the information below and make any necessary corrections by clicking the' is present on page  using regular expression

2024-11-07 21:36:38 - [TEST_STEP][PASSED] - verifyTextPresent("When you are confident that all the information is correct, click the", true): Text 'When you are confident that all the information is correct, click the' is present on page  using regular expression

2024-11-07 21:36:38 - [MESSAGE][PASSED] - Text 'When you are confident that all the information is correct, click the' is present on page  using regular expression

2024-11-07 21:36:38 - [TEST_STEP][PASSED] - verifyTextPresent("Payment Type/Filing Year", true): Text 'Payment Type/Filing Year' is present on page  using regular expression

2024-11-07 21:36:38 - [MESSAGE][PASSED] - Text 'Payment Type/Filing Year' is present on page  using regular expression

2024-11-07 21:36:38 - [TEST_STEP][PASSED] - verifyTextPresent("Payment Type:", true): Text 'Payment Type:' is present on page  using regular expression

2024-11-07 21:36:39 - [MESSAGE][PASSED] - Text 'Payment Type:' is present on page  using regular expression

2024-11-07 21:36:39 - [TEST_STEP][PASSED] - verifyTextPresent("New Tax Return Amount Due", true): Text 'New Tax Return Amount Due' is present on page  using regular expression

2024-11-07 21:36:39 - [MESSAGE][PASSED] - Text 'New Tax Return Amount Due' is present on page  using regular expression

2024-11-07 21:36:39 - [TEST_STEP][PASSED] - verifyTextPresent("Filing Year:", true): Text 'Filing Year:' is present on page  using regular expression

2024-11-07 21:36:39 - [MESSAGE][PASSED] - Text 'Filing Year:' is present on page  using regular expression

2024-11-07 21:36:39 - [TEST_STEP][PASSED] - verifyTextPresent(FilingYear, true): Text '2022' is present on page  using regular expression

2024-11-07 21:36:40 - [MESSAGE][PASSED] - Text '2022' is present on page  using regular expression

2024-11-07 21:36:40 - [TEST_STEP][PASSED] - verifyTextPresent("Payer Information", true): Text 'Payer Information' is present on page  using regular expression

2024-11-07 21:36:40 - [MESSAGE][PASSED] - Text 'Payer Information' is present on page  using regular expression

2024-11-07 21:36:40 - [TEST_STEP][PASSED] - verifyTextPresent("Taxpayer Name:", true): Text 'Taxpayer Name:' is present on page  using regular expression

2024-11-07 21:36:40 - [MESSAGE][PASSED] - Text 'Taxpayer Name:' is present on page  using regular expression

2024-11-07 21:36:40 - [TEST_STEP][PASSED] - verifyTextPresent("My Company", true): Text 'My Company' is present on page  using regular expression

2024-11-07 21:36:41 - [MESSAGE][PASSED] - Text 'My Company' is present on page  using regular expression

2024-11-07 21:36:41 - [TEST_STEP][PASSED] - verifyTextPresent("Business Rep Name:", true): Text 'Business Rep Name:' is present on page  using regular expression

2024-11-07 21:36:41 - [MESSAGE][PASSED] - Text 'Business Rep Name:' is present on page  using regular expression

2024-11-07 21:36:41 - [TEST_STEP][PASSED] - verifyTextPresent("BusRepFname BusRepLname", true): Text 'BusRepFname BusRepLname' is present on page  using regular expression

2024-11-07 21:36:41 - [MESSAGE][PASSED] - Text 'BusRepFname BusRepLname' is present on page  using regular expression

2024-11-07 21:36:41 - [TEST_STEP][PASSED] - verifyTextPresent("Taxpayer Address:", true): Text 'Taxpayer Address:' is present on page  using regular expression

2024-11-07 21:36:42 - [MESSAGE][PASSED] - Text 'Taxpayer Address:' is present on page  using regular expression

2024-11-07 21:36:42 - [TEST_STEP][PASSED] - verifyTextPresent("2508 Mandan Terrace Gambrills Maryland 21054", true): Text '2508 Mandan Terrace Gambrills Maryland 21054' is present on page  using regular expression

2024-11-07 21:36:42 - [MESSAGE][PASSED] - Text '2508 Mandan Terrace Gambrills Maryland 21054' is present on page  using regular expression

2024-11-07 21:36:42 - [TEST_STEP][PASSED] - verifyTextPresent("Email:", true): Text 'Email:' is present on page  using regular expression

2024-11-07 21:36:42 - [MESSAGE][PASSED] - Text 'Email:' is present on page  using regular expression

2024-11-07 21:36:42 - [TEST_STEP][PASSED] - verifyTextPresent("iahmed@govolution.com", true): Text 'iahmed@govolution.com' is present on page  using regular expression

2024-11-07 21:36:42 - [MESSAGE][PASSED] - Text 'iahmed@govolution.com' is present on page  using regular expression

2024-11-07 21:36:42 - [TEST_STEP][PASSED] - verifyTextPresent("Phone:", true): Text 'Phone:' is present on page  using regular expression

2024-11-07 21:36:43 - [MESSAGE][PASSED] - Text 'Phone:' is present on page  using regular expression

2024-11-07 21:36:43 - [TEST_STEP][PASSED] - verifyTextPresent("(703) 894-5000", false): Text '(703) 894-5000' is present on page 

2024-11-07 21:36:43 - [MESSAGE][PASSED] - Text '(703) 894-5000' is present on page 

2024-11-07 21:36:43 - [TEST_STEP][PASSED] - verifyTextPresent("Tax Information", true): Text 'Tax Information' is present on page  using regular expression

2024-11-07 21:36:44 - [MESSAGE][PASSED] - Text 'Tax Information' is present on page  using regular expression

2024-11-07 21:36:44 - [TEST_STEP][PASSED] - verifyTextNotPresent("Notice Number", true): Text 'Notice Number' is not present on page using regular expression

2024-11-07 21:36:44 - [MESSAGE][PASSED] - Text 'Notice Number' is not present on page using regular expression

2024-11-07 21:36:44 - [TEST_STEP][PASSED] - if (month.trim()): Text 'January' is present on page  using regular expression

2024-11-07 21:36:44 - [TEST_STEP][PASSED] - verifyTextPresent("Period Ending", true): Text 'Period Ending' is present on page  using regular expression

2024-11-07 21:36:45 - [MESSAGE][PASSED] - Text 'Period Ending' is present on page  using regular expression

2024-11-07 21:36:45 - [TEST_STEP][PASSED] - verifyTextPresent(month, true): Text 'January' is present on page  using regular expression

2024-11-07 21:36:45 - [MESSAGE][PASSED] - Text 'January' is present on page  using regular expression

2024-11-07 21:36:45 - [TEST_STEP][PASSED] - if (feinSSN.equalsIgnoreCase("Y")): null

2024-11-07 21:36:45 - [TEST_STEP][PASSED] - else: Text 'XXXXXXX87' is present on page  using regular expression

2024-11-07 21:36:45 - [TEST_STEP][PASSED] - if (!(TaxType.equalsIgnoreCase("Estate Tax"))): Text 'XXXXXXX87' is present on page  using regular expression

2024-11-07 21:36:45 - [TEST_STEP][PASSED] - verifyTextPresent("Federal EIN:", true): Text 'Federal EIN:' is present on page  using regular expression

2024-11-07 21:36:45 - [MESSAGE][PASSED] - Text 'Federal EIN:' is present on page  using regular expression

2024-11-07 21:36:45 - [TEST_STEP][PASSED] - verifyTextNotPresent("FEIN/SSN:", true): Text 'FEIN/SSN:' is not present on page using regular expression

2024-11-07 21:36:45 - [MESSAGE][PASSED] - Text 'FEIN/SSN:' is not present on page using regular expression

2024-11-07 21:36:45 - [TEST_STEP][PASSED] - verifyTextPresent("XXXXXXX87", true): Text 'XXXXXXX87' is present on page  using regular expression

2024-11-07 21:36:46 - [MESSAGE][PASSED] - Text 'XXXXXXX87' is present on page  using regular expression

2024-11-07 21:36:46 - [TEST_STEP][PASSED] - if (TaxType.equalsIgnoreCase("Estate Tax")): null

2024-11-07 21:36:46 - [TEST_STEP][PASSED] - if (CRN.equalsIgnoreCase("Y")): Text '07640126' is present on page  using regular expression

2024-11-07 21:36:46 - [TEST_STEP][PASSED] - verifyTextPresent("MD Central Registration Number#:", true): Text 'MD Central Registration Number#:' is present on page  using regular expression

2024-11-07 21:36:46 - [MESSAGE][PASSED] - Text 'MD Central Registration Number#:' is present on page  using regular expression

2024-11-07 21:36:46 - [TEST_STEP][PASSED] - verifyTextPresent("07640126", true): Text '07640126' is present on page  using regular expression

2024-11-07 21:36:46 - [MESSAGE][PASSED] - Text '07640126' is present on page  using regular expression

2024-11-07 21:36:46 - [TEST_STEP][PASSED] - if (MFLicNum.equalsIgnoreCase("Y")): null

2024-11-07 21:36:46 - [TEST_STEP][PASSED] - else: Text 'Motor Fuel License Number#:' is not present on page using regular expression

2024-11-07 21:36:46 - [TEST_STEP][PASSED] - verifyTextNotPresent("Motor Fuel License Number#:", true): Text 'Motor Fuel License Number#:' is not present on page using regular expression

2024-11-07 21:36:47 - [MESSAGE][PASSED] - Text 'Motor Fuel License Number#:' is not present on page using regular expression

2024-11-07 21:36:47 - [TEST_STEP][PASSED] - verifyTextPresent("Payment Amount:", true): Text 'Payment Amount:' is present on page  using regular expression

2024-11-07 21:36:47 - [MESSAGE][PASSED] - Text 'Payment Amount:' is present on page  using regular expression

2024-11-07 21:36:47 - [TEST_STEP][PASSED] - verifyTextPresent("100.00", true): Text '100.00' is present on page  using regular expression

2024-11-07 21:36:47 - [MESSAGE][PASSED] - Text '100.00' is present on page  using regular expression

2024-11-07 21:36:47 - [TEST_STEP][PASSED] - if (verifyElementVisible(findTestObject(orPath_Summary + "/button_Proceed to Payment"))): null

2024-11-07 21:36:48 - [MESSAGE][PASSED] - Object 'Object Repository/RAD_Pages/Summary_Page/button_Proceed to Payment' is visible

2024-11-07 21:36:48 - [TEST_STEP][PASSED] - resText = "Pass": null

2024-11-07 21:36:48 - [TEST_STEP][PASSED] - pages.WriteExcel.demoKey(resText, datText, resColumn, datCloumn, fileLoc, nameSheet, row): pages.WriteExcel.demoKey is PASSED

2024-11-07 21:36:48 - [MESSAGE][PASSED] - pages.WriteExcel.demoKey is PASSED

2024-11-07 21:36:48 - [TEST_STEP][PASSED] - click(findTestObject(orPath_Summary + "/button_Proceed to Payment")): Object: 'Object Repository/RAD_Pages/Summary_Page/button_Proceed to Payment' is clicked on

2024-11-07 21:36:50 - [MESSAGE][PASSED] - Object: 'Object Repository/RAD_Pages/Summary_Page/button_Proceed to Payment' is clicked on

2024-11-07 21:36:50 - [TEST_STEP][PASSED] - verifyElementPresent(findTestObject("Object Repository/RAD_Pages/PaymentEntry_Page/input__billingName"), 30): Object 'Object Repository/RAD_Pages/PaymentEntry_Page/input__billingName' is present

2024-11-07 21:36:51 - [MESSAGE][PASSED] - Object 'Object Repository/RAD_Pages/PaymentEntry_Page/input__billingName' is present

2024-11-07 21:36:51 - [TEST_STEP][PASSED] - ExecuteTC = findTestData(dataFile).getValue("Execute", row): null

2024-11-07 21:36:51 - [TEST_STEP][PASSED] - TaxType = findTestData(dataFile).getValue("TaxType", row): null

2024-11-07 21:36:51 - [TEST_STEP][PASSED] - PaymentType = findTestData(dataFile).getValue("PaymentType", row): null

2024-11-07 21:36:51 - [TEST_STEP][PASSED] - FilingYear = findTestData(dataFile).getValue("Year", row): null

2024-11-07 21:36:51 - [TEST_STEP][PASSED] - feinSSN = findTestData(dataFile).getValue("FeinSsn", row): null

2024-11-07 21:36:51 - [TEST_STEP][PASSED] - CRN = findTestData(dataFile).getValue("CRN", row): null

2024-11-07 21:36:51 - [TEST_STEP][PASSED] - month = findTestData(dataFile).getValue("Month", row): null

2024-11-07 21:36:51 - [TEST_STEP][PASSED] - MFLicNum = findTestData(dataFile).getValue("MFLicNum", row): null

2024-11-07 21:36:51 - [TEST_STEP][PASSED] - if (ExecuteTC.equalsIgnoreCase("Y")): Object 'Object Repository/RAD_Pages/PaymentEntry_Page/input__billingName' is present

2024-11-07 21:36:51 - [TEST_STEP][PASSED] - out.println("Begin Record Number: " + row): null

2024-11-07 21:36:51 - [TEST_STEP][PASSED] - today = new java.util.Date(): null

2024-11-07 21:36:51 - [TEST_STEP][PASSED] - println(today): null

2024-11-07 21:36:51 - [TEST_STEP][PASSED] - datText = today: null

2024-11-07 21:36:51 - [TEST_STEP][PASSED] - logInfo("Payment Type: New Tax Return Amount Due"): Payment Type: New Tax Return Amount Due

2024-11-07 21:36:51 - [MESSAGE][INFO] - Payment Type: New Tax Return Amount Due

2024-11-07 21:36:51 - [TEST_STEP][PASSED] - logInfo("Tax Type: " + TaxType): Tax Type: Bay Restoration Fee

2024-11-07 21:36:51 - [MESSAGE][INFO] - Tax Type: Bay Restoration Fee

2024-11-07 21:36:51 - [TEST_STEP][PASSED] - openBrowser(""): Browser is opened with url: ''

2024-11-07 21:36:51 - [MESSAGE][WARNING] - A browser is already opened. Closing browser and opening a new one

2024-11-07 21:36:53 - [MESSAGE][INFO] - Starting 'Chrome' driver

2024-11-07 21:36:53 - [MESSAGE][INFO] - User set preference: ['acceptInsecureCerts', 'true']

2024-11-07 21:36:53 - [MESSAGE][INFO] - Action delay is set to 0 milliseconds

2024-11-07 21:36:55 - [MESSAGE][PASSED] - Browser is opened with url: ''

2024-11-07 21:36:55 - [TEST_STEP][PASSED] - maximizeWindow(): Current window maximized

2024-11-07 21:36:55 - [MESSAGE][PASSED] - Current window maximized

2024-11-07 21:36:55 - [TEST_STEP][PASSED] - navigateToUrl(RADurl): Navigate to 'https://www.velocitypayment.com/client/rad/index.html' successfully

2024-11-07 21:36:58 - [MESSAGE][PASSED] - Navigate to 'https://www.velocitypayment.com/client/rad/index.html' successfully

2024-11-07 21:36:58 - [TEST_STEP][PASSED] - selectOptionByLabel(findTestObject(orPath_Landing + "/dd_TaxType"), "New Tax Return Amount Due", false): All options with label 'New Tax Return Amount Due' are selected in object 'Object Repository/RAD_Pages/Landing_Page/dd_TaxType' 

2024-11-07 21:36:58 - [MESSAGE][PASSED] - All options with label 'New Tax Return Amount Due' are selected in object 'Object Repository/RAD_Pages/Landing_Page/dd_TaxType' 

2024-11-07 21:36:58 - [TEST_STEP][PASSED] - selectOptionByLabel(findTestObject("Object Repository/RAD_Pages/Landing_Page/select_NewTaxReturnAmountDue_TaxType"), TaxType, false): All options with label 'Bay Restoration Fee' are selected in object 'Object Repository/RAD_Pages/Landing_Page/select_NewTaxReturnAmountDue_TaxType' 

2024-11-07 21:36:59 - [MESSAGE][PASSED] - All options with label 'Bay Restoration Fee' are selected in object 'Object Repository/RAD_Pages/Landing_Page/select_NewTaxReturnAmountDue_TaxType' 

2024-11-07 21:36:59 - [TEST_STEP][PASSED] - selectOptionByLabel(findTestObject(orPath_TaxTypeFilingYear + "/select_FilingYear"), FilingYear, false): All options with label '2022' are selected in object 'Object Repository/RAD_Pages/TaxTypeFilingYear_Page/select_FilingYear' 

2024-11-07 21:37:00 - [MESSAGE][PASSED] - All options with label '2022' are selected in object 'Object Repository/RAD_Pages/TaxTypeFilingYear_Page/select_FilingYear' 

2024-11-07 21:37:00 - [TEST_STEP][PASSED] - if (month.trim()): All options with label 'March' are selected in object 'Object Repository/RAD_Pages/TaxTypeFilingYear_Page/select_PeriodEnding' 

2024-11-07 21:37:00 - [TEST_STEP][PASSED] - selectOptionByLabel(findTestObject(orPath_TaxTypeFilingYear + "/select_PeriodEnding"), month, false): All options with label 'March' are selected in object 'Object Repository/RAD_Pages/TaxTypeFilingYear_Page/select_PeriodEnding' 

2024-11-07 21:37:00 - [MESSAGE][PASSED] - All options with label 'March' are selected in object 'Object Repository/RAD_Pages/TaxTypeFilingYear_Page/select_PeriodEnding' 

2024-11-07 21:37:00 - [TEST_STEP][PASSED] - rad.getSetDataRAD.setDataRADBusinessName(): rad.getSetDataRAD.setDataRADBusinessName is PASSED

2024-11-07 21:37:01 - [MESSAGE][PASSED] - Text 'My Company' is set on object 'Object Repository/RAD_Pages/Taxpayer_Page/input_businessName'

2024-11-07 21:37:01 - [MESSAGE][PASSED] - rad.getSetDataRAD.setDataRADBusinessName is PASSED

2024-11-07 21:37:01 - [TEST_STEP][PASSED] - rad.getSetDataRAD.setDataRADBusinessRep(): rad.getSetDataRAD.setDataRADBusinessRep is PASSED

2024-11-07 21:37:02 - [MESSAGE][PASSED] - Text 'BusRepFname' is set on object 'Object Repository/RAD_Pages/Taxpayer_Page/input_BusinessRepfirstName'

2024-11-07 21:37:03 - [MESSAGE][PASSED] - Text '' is set on object 'Object Repository/RAD_Pages/Taxpayer_Page/input_BusinessRepmiddleName'

2024-11-07 21:37:03 - [MESSAGE][PASSED] - Text 'BusRepLname' is set on object 'Object Repository/RAD_Pages/Taxpayer_Page/input_BusinessReplastName'

2024-11-07 21:37:04 - [MESSAGE][PASSED] - Text '' is set on object 'Object Repository/RAD_Pages/Taxpayer_Page/input_BusinessRepsuffix'

2024-11-07 21:37:04 - [MESSAGE][PASSED] - rad.getSetDataRAD.setDataRADBusinessRep is PASSED

2024-11-07 21:37:04 - [TEST_STEP][PASSED] - rad.getSetDataRAD.setDataRADAddress(): rad.getSetDataRAD.setDataRADAddress is PASSED

2024-11-07 21:37:05 - [MESSAGE][PASSED] - All options with label 'United States' are selected in object 'Object Repository/RAD_Pages/AddressAndContactInfo_Page/select_Country' 

2024-11-07 21:37:05 - [MESSAGE][PASSED] - Text '2508 Mandan Terrace' is set on object 'Object Repository/RAD_Pages/AddressAndContactInfo_Page/input_streetAddress1'

2024-11-07 21:37:06 - [MESSAGE][PASSED] - Text '' is set on object 'Object Repository/RAD_Pages/AddressAndContactInfo_Page/input_streetAddress2'

2024-11-07 21:37:07 - [MESSAGE][PASSED] - Text 'Gambrills' is set on object 'Object Repository/RAD_Pages/AddressAndContactInfo_Page/input_city'

2024-11-07 21:37:08 - [MESSAGE][PASSED] - All options with label 'Maryland' are selected in object 'Object Repository/RAD_Pages/AddressAndContactInfo_Page/select_State' 

2024-11-07 21:37:09 - [MESSAGE][PASSED] - Text '21054' is set on object 'Object Repository/RAD_Pages/AddressAndContactInfo_Page/input_zipCode'

2024-11-07 21:37:09 - [MESSAGE][PASSED] - Text '(703) 894-5000' is set on object 'Object Repository/RAD_Pages/AddressAndContactInfo_Page/input_phoneNumber'

2024-11-07 21:37:10 - [MESSAGE][PASSED] - Text 'iahmed@govolution.com' is set on object 'Object Repository/RAD_Pages/AddressAndContactInfo_Page/input_eMailAddress'

2024-11-07 21:37:11 - [MESSAGE][PASSED] - Text 'iahmed@govolution.com' is set on object 'Object Repository/RAD_Pages/AddressAndContactInfo_Page/input_reEnterEMailAddress'

2024-11-07 21:37:11 - [MESSAGE][PASSED] - rad.getSetDataRAD.setDataRADAddress is PASSED

2024-11-07 21:37:11 - [TEST_STEP][PASSED] - if (feinSSN.equalsIgnoreCase("Y")): null

2024-11-07 21:37:11 - [TEST_STEP][PASSED] - else: Text ****** has been set on object 'Object Repository/RAD_Pages/TaxInfo_Page/input_FederalEIN_ReEnter'

2024-11-07 21:37:11 - [TEST_STEP][PASSED] - if (!(TaxType.equalsIgnoreCase("Estate Tax"))): Text ****** has been set on object 'Object Repository/RAD_Pages/TaxInfo_Page/input_FederalEIN_ReEnter'

2024-11-07 21:37:11 - [TEST_STEP][PASSED] - setEncryptedText(findTestObject(orPath_TaxInfo + "/input_FederalEIN"), "yXB7JMCbD3QoFF75EQd3iw=="): Text ****** has been set on object 'Object Repository/RAD_Pages/TaxInfo_Page/input_FederalEIN'

2024-11-07 21:37:12 - [MESSAGE][PASSED] - Text ****** has been set on object 'Object Repository/RAD_Pages/TaxInfo_Page/input_FederalEIN'

2024-11-07 21:37:12 - [TEST_STEP][PASSED] - setEncryptedText(findTestObject(orPath_TaxInfo + "/input_FederalEIN_ReEnter"), "yXB7JMCbD3QoFF75EQd3iw=="): Text ****** has been set on object 'Object Repository/RAD_Pages/TaxInfo_Page/input_FederalEIN_ReEnter'

2024-11-07 21:37:13 - [MESSAGE][PASSED] - Text ****** has been set on object 'Object Repository/RAD_Pages/TaxInfo_Page/input_FederalEIN_ReEnter'

2024-11-07 21:37:13 - [TEST_STEP][PASSED] - if (CRN.equalsIgnoreCase("Y")): rad.getSetDataRAD.setDataRADMDCRN is PASSED

2024-11-07 21:37:13 - [TEST_STEP][PASSED] - rad.getSetDataRAD.setDataRADMDCRN(): rad.getSetDataRAD.setDataRADMDCRN is PASSED

2024-11-07 21:37:13 - [MESSAGE][PASSED] - Text '07640126' is set on object 'Object Repository/RAD_Pages/TaxInfo_Page/input_MDCRegistration'

2024-11-07 21:37:13 - [MESSAGE][PASSED] - rad.getSetDataRAD.setDataRADMDCRN is PASSED

2024-11-07 21:37:13 - [TEST_STEP][PASSED] - if (MFLicNum.equalsIgnoreCase("Y")): null

2024-11-07 21:37:13 - [TEST_STEP][PASSED] - if (TaxType.equalsIgnoreCase("Estate Tax")): null

2024-11-07 21:37:13 - [TEST_STEP][PASSED] - setText(findTestObject(orPath_Amount + "/input__paymentAmount"), "100.00"): Text '100.00' is set on object 'Object Repository/RAD_Pages/PaymentAmount_Page/input__paymentAmount'

2024-11-07 21:37:14 - [MESSAGE][PASSED] - Text '100.00' is set on object 'Object Repository/RAD_Pages/PaymentAmount_Page/input__paymentAmount'

2024-11-07 21:37:14 - [TEST_STEP][PASSED] - setText(findTestObject(orPath_AddressContact + "/input_streetAddress2"), ""): Text '' is set on object 'Object Repository/RAD_Pages/AddressAndContactInfo_Page/input_streetAddress2'

2024-11-07 21:37:15 - [MESSAGE][PASSED] - Text '' is set on object 'Object Repository/RAD_Pages/AddressAndContactInfo_Page/input_streetAddress2'

2024-11-07 21:37:15 - [TEST_STEP][PASSED] - scrollToElement(findTestObject(orPath_Landing + "/button_Continue"), 3): Scroll to object 'Object Repository/RAD_Pages/Landing_Page/button_Continue' successfully

2024-11-07 21:37:15 - [MESSAGE][PASSED] - Scroll to object 'Object Repository/RAD_Pages/Landing_Page/button_Continue' successfully

2024-11-07 21:37:15 - [TEST_STEP][PASSED] - waitForElementClickable(findTestObject(orPath_Landing + "/button_Continue"), 5): Object 'Object Repository/RAD_Pages/Landing_Page/button_Continue' is clickable

2024-11-07 21:37:16 - [MESSAGE][PASSED] - Object 'Object Repository/RAD_Pages/Landing_Page/button_Continue' is clickable

2024-11-07 21:37:16 - [TEST_STEP][PASSED] - click(findTestObject(orPath_Landing + "/button_Continue")): Object: 'Object Repository/RAD_Pages/Landing_Page/button_Continue' is clicked on

2024-11-07 21:37:16 - [MESSAGE][PASSED] - Object: 'Object Repository/RAD_Pages/Landing_Page/button_Continue' is clicked on

2024-11-07 21:37:16 - [TEST_STEP][PASSED] - delay(2): Delayed 2 second(s)

2024-11-07 21:37:18 - [MESSAGE][PASSED] - Delayed 2 second(s)

2024-11-07 21:37:18 - [TEST_STEP][PASSED] - verifyTextPresent("Summary", true): Text 'Summary' is present on page  using regular expression

2024-11-07 21:37:18 - [MESSAGE][PASSED] - Text 'Summary' is present on page  using regular expression

2024-11-07 21:37:18 - [TEST_STEP][PASSED] - verifyTextPresent("Review the information below and make any necessary corrections by clicking the", true): Text 'Review the information below and make any necessary corrections by clicking the' is present on page  using regular expression

2024-11-07 21:37:19 - [MESSAGE][PASSED] - Text 'Review the information below and make any necessary corrections by clicking the' is present on page  using regular expression

2024-11-07 21:37:19 - [TEST_STEP][PASSED] - verifyTextPresent("When you are confident that all the information is correct, click the", true): Text 'When you are confident that all the information is correct, click the' is present on page  using regular expression

2024-11-07 21:37:19 - [MESSAGE][PASSED] - Text 'When you are confident that all the information is correct, click the' is present on page  using regular expression

2024-11-07 21:37:19 - [TEST_STEP][PASSED] - verifyTextPresent("Payment Type/Filing Year", true): Text 'Payment Type/Filing Year' is present on page  using regular expression

2024-11-07 21:37:19 - [MESSAGE][PASSED] - Text 'Payment Type/Filing Year' is present on page  using regular expression

2024-11-07 21:37:19 - [TEST_STEP][PASSED] - verifyTextPresent("Payment Type:", true): Text 'Payment Type:' is present on page  using regular expression

2024-11-07 21:37:20 - [MESSAGE][PASSED] - Text 'Payment Type:' is present on page  using regular expression

2024-11-07 21:37:20 - [TEST_STEP][PASSED] - verifyTextPresent("New Tax Return Amount Due", true): Text 'New Tax Return Amount Due' is present on page  using regular expression

2024-11-07 21:37:20 - [MESSAGE][PASSED] - Text 'New Tax Return Amount Due' is present on page  using regular expression

2024-11-07 21:37:20 - [TEST_STEP][PASSED] - verifyTextPresent("Filing Year:", true): Text 'Filing Year:' is present on page  using regular expression

2024-11-07 21:37:20 - [MESSAGE][PASSED] - Text 'Filing Year:' is present on page  using regular expression

2024-11-07 21:37:20 - [TEST_STEP][PASSED] - verifyTextPresent(FilingYear, true): Text '2022' is present on page  using regular expression

2024-11-07 21:37:21 - [MESSAGE][PASSED] - Text '2022' is present on page  using regular expression

2024-11-07 21:37:21 - [TEST_STEP][PASSED] - verifyTextPresent("Payer Information", true): Text 'Payer Information' is present on page  using regular expression

2024-11-07 21:37:21 - [MESSAGE][PASSED] - Text 'Payer Information' is present on page  using regular expression

2024-11-07 21:37:21 - [TEST_STEP][PASSED] - verifyTextPresent("Taxpayer Name:", true): Text 'Taxpayer Name:' is present on page  using regular expression

2024-11-07 21:37:21 - [MESSAGE][PASSED] - Text 'Taxpayer Name:' is present on page  using regular expression

2024-11-07 21:37:21 - [TEST_STEP][PASSED] - verifyTextPresent("My Company", true): Text 'My Company' is present on page  using regular expression

2024-11-07 21:37:22 - [MESSAGE][PASSED] - Text 'My Company' is present on page  using regular expression

2024-11-07 21:37:22 - [TEST_STEP][PASSED] - verifyTextPresent("Business Rep Name:", true): Text 'Business Rep Name:' is present on page  using regular expression

2024-11-07 21:37:22 - [MESSAGE][PASSED] - Text 'Business Rep Name:' is present on page  using regular expression

2024-11-07 21:37:22 - [TEST_STEP][PASSED] - verifyTextPresent("BusRepFname BusRepLname", true): Text 'BusRepFname BusRepLname' is present on page  using regular expression

2024-11-07 21:37:22 - [MESSAGE][PASSED] - Text 'BusRepFname BusRepLname' is present on page  using regular expression

2024-11-07 21:37:22 - [TEST_STEP][PASSED] - verifyTextPresent("Taxpayer Address:", true): Text 'Taxpayer Address:' is present on page  using regular expression

2024-11-07 21:37:23 - [MESSAGE][PASSED] - Text 'Taxpayer Address:' is present on page  using regular expression

2024-11-07 21:37:23 - [TEST_STEP][PASSED] - verifyTextPresent("2508 Mandan Terrace Gambrills Maryland 21054", true): Text '2508 Mandan Terrace Gambrills Maryland 21054' is present on page  using regular expression

2024-11-07 21:37:23 - [MESSAGE][PASSED] - Text '2508 Mandan Terrace Gambrills Maryland 21054' is present on page  using regular expression

2024-11-07 21:37:23 - [TEST_STEP][PASSED] - verifyTextPresent("Email:", true): Text 'Email:' is present on page  using regular expression

2024-11-07 21:37:23 - [MESSAGE][PASSED] - Text 'Email:' is present on page  using regular expression

2024-11-07 21:37:23 - [TEST_STEP][PASSED] - verifyTextPresent("iahmed@govolution.com", true): Text 'iahmed@govolution.com' is present on page  using regular expression

2024-11-07 21:37:24 - [MESSAGE][PASSED] - Text 'iahmed@govolution.com' is present on page  using regular expression

2024-11-07 21:37:24 - [TEST_STEP][PASSED] - verifyTextPresent("Phone:", true): Text 'Phone:' is present on page  using regular expression

2024-11-07 21:37:24 - [MESSAGE][PASSED] - Text 'Phone:' is present on page  using regular expression

2024-11-07 21:37:24 - [TEST_STEP][PASSED] - verifyTextPresent("(703) 894-5000", false): Text '(703) 894-5000' is present on page 

2024-11-07 21:37:24 - [MESSAGE][PASSED] - Text '(703) 894-5000' is present on page 

2024-11-07 21:37:24 - [TEST_STEP][PASSED] - verifyTextPresent("Tax Information", true): Text 'Tax Information' is present on page  using regular expression

2024-11-07 21:37:25 - [MESSAGE][PASSED] - Text 'Tax Information' is present on page  using regular expression

2024-11-07 21:37:25 - [TEST_STEP][PASSED] - verifyTextNotPresent("Notice Number", true): Text 'Notice Number' is not present on page using regular expression

2024-11-07 21:37:25 - [MESSAGE][PASSED] - Text 'Notice Number' is not present on page using regular expression

2024-11-07 21:37:25 - [TEST_STEP][PASSED] - if (month.trim()): Text 'March' is present on page  using regular expression

2024-11-07 21:37:25 - [TEST_STEP][PASSED] - verifyTextPresent("Period Ending", true): Text 'Period Ending' is present on page  using regular expression

2024-11-07 21:37:25 - [MESSAGE][PASSED] - Text 'Period Ending' is present on page  using regular expression

2024-11-07 21:37:25 - [TEST_STEP][PASSED] - verifyTextPresent(month, true): Text 'March' is present on page  using regular expression

2024-11-07 21:37:26 - [MESSAGE][PASSED] - Text 'March' is present on page  using regular expression

2024-11-07 21:37:26 - [TEST_STEP][PASSED] - if (feinSSN.equalsIgnoreCase("Y")): null

2024-11-07 21:37:26 - [TEST_STEP][PASSED] - else: Text 'XXXXXXX87' is present on page  using regular expression

2024-11-07 21:37:26 - [TEST_STEP][PASSED] - if (!(TaxType.equalsIgnoreCase("Estate Tax"))): Text 'XXXXXXX87' is present on page  using regular expression

2024-11-07 21:37:26 - [TEST_STEP][PASSED] - verifyTextPresent("Federal EIN:", true): Text 'Federal EIN:' is present on page  using regular expression

2024-11-07 21:37:26 - [MESSAGE][PASSED] - Text 'Federal EIN:' is present on page  using regular expression

2024-11-07 21:37:26 - [TEST_STEP][PASSED] - verifyTextNotPresent("FEIN/SSN:", true): Text 'FEIN/SSN:' is not present on page using regular expression

2024-11-07 21:37:26 - [MESSAGE][PASSED] - Text 'FEIN/SSN:' is not present on page using regular expression

2024-11-07 21:37:26 - [TEST_STEP][PASSED] - verifyTextPresent("XXXXXXX87", true): Text 'XXXXXXX87' is present on page  using regular expression

2024-11-07 21:37:26 - [MESSAGE][PASSED] - Text 'XXXXXXX87' is present on page  using regular expression

2024-11-07 21:37:26 - [TEST_STEP][PASSED] - if (TaxType.equalsIgnoreCase("Estate Tax")): null

2024-11-07 21:37:26 - [TEST_STEP][PASSED] - if (CRN.equalsIgnoreCase("Y")): Text '07640126' is present on page  using regular expression

2024-11-07 21:37:26 - [TEST_STEP][PASSED] - verifyTextPresent("MD Central Registration Number#:", true): Text 'MD Central Registration Number#:' is present on page  using regular expression

2024-11-07 21:37:27 - [MESSAGE][PASSED] - Text 'MD Central Registration Number#:' is present on page  using regular expression

2024-11-07 21:37:27 - [TEST_STEP][PASSED] - verifyTextPresent("07640126", true): Text '07640126' is present on page  using regular expression

2024-11-07 21:37:27 - [MESSAGE][PASSED] - Text '07640126' is present on page  using regular expression

2024-11-07 21:37:27 - [TEST_STEP][PASSED] - if (MFLicNum.equalsIgnoreCase("Y")): null

2024-11-07 21:37:27 - [TEST_STEP][PASSED] - else: Text 'Motor Fuel License Number#:' is not present on page using regular expression

2024-11-07 21:37:27 - [TEST_STEP][PASSED] - verifyTextNotPresent("Motor Fuel License Number#:", true): Text 'Motor Fuel License Number#:' is not present on page using regular expression

2024-11-07 21:37:27 - [MESSAGE][PASSED] - Text 'Motor Fuel License Number#:' is not present on page using regular expression

2024-11-07 21:37:27 - [TEST_STEP][PASSED] - verifyTextPresent("Payment Amount:", true): Text 'Payment Amount:' is present on page  using regular expression

2024-11-07 21:37:28 - [MESSAGE][PASSED] - Text 'Payment Amount:' is present on page  using regular expression

2024-11-07 21:37:28 - [TEST_STEP][PASSED] - verifyTextPresent("100.00", true): Text '100.00' is present on page  using regular expression

2024-11-07 21:37:28 - [MESSAGE][PASSED] - Text '100.00' is present on page  using regular expression

2024-11-07 21:37:28 - [TEST_STEP][PASSED] - if (verifyElementVisible(findTestObject(orPath_Summary + "/button_Proceed to Payment"))): null

2024-11-07 21:37:28 - [MESSAGE][PASSED] - Object 'Object Repository/RAD_Pages/Summary_Page/button_Proceed to Payment' is visible

2024-11-07 21:37:28 - [TEST_STEP][PASSED] - resText = "Pass": null

2024-11-07 21:37:28 - [TEST_STEP][PASSED] - pages.WriteExcel.demoKey(resText, datText, resColumn, datCloumn, fileLoc, nameSheet, row): pages.WriteExcel.demoKey is PASSED

2024-11-07 21:37:29 - [MESSAGE][PASSED] - pages.WriteExcel.demoKey is PASSED

2024-11-07 21:37:29 - [TEST_STEP][PASSED] - click(findTestObject(orPath_Summary + "/button_Proceed to Payment")): Object: 'Object Repository/RAD_Pages/Summary_Page/button_Proceed to Payment' is clicked on

2024-11-07 21:37:31 - [MESSAGE][PASSED] - Object: 'Object Repository/RAD_Pages/Summary_Page/button_Proceed to Payment' is clicked on

2024-11-07 21:37:31 - [TEST_STEP][PASSED] - verifyElementPresent(findTestObject("Object Repository/RAD_Pages/PaymentEntry_Page/input__billingName"), 30): Object 'Object Repository/RAD_Pages/PaymentEntry_Page/input__billingName' is present

2024-11-07 21:37:31 - [MESSAGE][PASSED] - Object 'Object Repository/RAD_Pages/PaymentEntry_Page/input__billingName' is present

2024-11-07 21:37:31 - [TEST_STEP][PASSED] - ExecuteTC = findTestData(dataFile).getValue("Execute", row): null

2024-11-07 21:37:31 - [TEST_STEP][PASSED] - TaxType = findTestData(dataFile).getValue("TaxType", row): null

2024-11-07 21:37:32 - [TEST_STEP][PASSED] - PaymentType = findTestData(dataFile).getValue("PaymentType", row): null

2024-11-07 21:37:32 - [TEST_STEP][PASSED] - FilingYear = findTestData(dataFile).getValue("Year", row): null

2024-11-07 21:37:32 - [TEST_STEP][PASSED] - feinSSN = findTestData(dataFile).getValue("FeinSsn", row): null

2024-11-07 21:37:32 - [TEST_STEP][PASSED] - CRN = findTestData(dataFile).getValue("CRN", row): null

2024-11-07 21:37:32 - [TEST_STEP][PASSED] - month = findTestData(dataFile).getValue("Month", row): null

2024-11-07 21:37:32 - [TEST_STEP][PASSED] - MFLicNum = findTestData(dataFile).getValue("MFLicNum", row): null

2024-11-07 21:37:32 - [TEST_STEP][PASSED] - if (ExecuteTC.equalsIgnoreCase("Y")): Object 'Object Repository/RAD_Pages/PaymentEntry_Page/input__billingName' is present

2024-11-07 21:37:32 - [TEST_STEP][PASSED] - out.println("Begin Record Number: " + row): null

2024-11-07 21:37:32 - [TEST_STEP][PASSED] - today = new java.util.Date(): null

2024-11-07 21:37:32 - [TEST_STEP][PASSED] - println(today): null

2024-11-07 21:37:32 - [TEST_STEP][PASSED] - datText = today: null

2024-11-07 21:37:32 - [TEST_STEP][PASSED] - logInfo("Payment Type: New Tax Return Amount Due"): Payment Type: New Tax Return Amount Due

2024-11-07 21:37:32 - [MESSAGE][INFO] - Payment Type: New Tax Return Amount Due

2024-11-07 21:37:32 - [TEST_STEP][PASSED] - logInfo("Tax Type: " + TaxType): Tax Type: Corporate Income Tax

2024-11-07 21:37:32 - [MESSAGE][INFO] - Tax Type: Corporate Income Tax

2024-11-07 21:37:32 - [TEST_STEP][PASSED] - openBrowser(""): Browser is opened with url: ''

2024-11-07 21:37:32 - [MESSAGE][WARNING] - A browser is already opened. Closing browser and opening a new one

2024-11-07 21:37:33 - [MESSAGE][INFO] - Starting 'Chrome' driver

2024-11-07 21:37:33 - [MESSAGE][INFO] - User set preference: ['acceptInsecureCerts', 'true']

2024-11-07 21:37:33 - [MESSAGE][INFO] - Action delay is set to 0 milliseconds

2024-11-07 21:37:36 - [MESSAGE][PASSED] - Browser is opened with url: ''

2024-11-07 21:37:36 - [TEST_STEP][PASSED] - maximizeWindow(): Current window maximized

2024-11-07 21:37:36 - [MESSAGE][PASSED] - Current window maximized

2024-11-07 21:37:36 - [TEST_STEP][PASSED] - navigateToUrl(RADurl): Navigate to 'https://www.velocitypayment.com/client/rad/index.html' successfully

2024-11-07 21:37:38 - [MESSAGE][PASSED] - Navigate to 'https://www.velocitypayment.com/client/rad/index.html' successfully

2024-11-07 21:37:38 - [TEST_STEP][PASSED] - selectOptionByLabel(findTestObject(orPath_Landing + "/dd_TaxType"), "New Tax Return Amount Due", false): All options with label 'New Tax Return Amount Due' are selected in object 'Object Repository/RAD_Pages/Landing_Page/dd_TaxType' 

2024-11-07 21:37:39 - [MESSAGE][PASSED] - All options with label 'New Tax Return Amount Due' are selected in object 'Object Repository/RAD_Pages/Landing_Page/dd_TaxType' 

2024-11-07 21:37:39 - [TEST_STEP][PASSED] - selectOptionByLabel(findTestObject("Object Repository/RAD_Pages/Landing_Page/select_NewTaxReturnAmountDue_TaxType"), TaxType, false): All options with label 'Corporate Income Tax' are selected in object 'Object Repository/RAD_Pages/Landing_Page/select_NewTaxReturnAmountDue_TaxType' 

2024-11-07 21:37:39 - [MESSAGE][PASSED] - All options with label 'Corporate Income Tax' are selected in object 'Object Repository/RAD_Pages/Landing_Page/select_NewTaxReturnAmountDue_TaxType' 

2024-11-07 21:37:39 - [TEST_STEP][PASSED] - selectOptionByLabel(findTestObject(orPath_TaxTypeFilingYear + "/select_FilingYear"), FilingYear, false): All options with label '2021' are selected in object 'Object Repository/RAD_Pages/TaxTypeFilingYear_Page/select_FilingYear' 

2024-11-07 21:37:40 - [MESSAGE][PASSED] - All options with label '2021' are selected in object 'Object Repository/RAD_Pages/TaxTypeFilingYear_Page/select_FilingYear' 

2024-11-07 21:37:40 - [TEST_STEP][PASSED] - if (month.trim()): null

2024-11-07 21:37:40 - [TEST_STEP][PASSED] - rad.getSetDataRAD.setDataRADBusinessName(): rad.getSetDataRAD.setDataRADBusinessName is PASSED

2024-11-07 21:37:41 - [MESSAGE][PASSED] - Text 'My Company' is set on object 'Object Repository/RAD_Pages/Taxpayer_Page/input_businessName'

2024-11-07 21:37:41 - [MESSAGE][PASSED] - rad.getSetDataRAD.setDataRADBusinessName is PASSED

2024-11-07 21:37:41 - [TEST_STEP][PASSED] - rad.getSetDataRAD.setDataRADBusinessRep(): rad.getSetDataRAD.setDataRADBusinessRep is PASSED

2024-11-07 21:37:42 - [MESSAGE][PASSED] - Text 'BusRepFname' is set on object 'Object Repository/RAD_Pages/Taxpayer_Page/input_BusinessRepfirstName'

2024-11-07 21:37:42 - [MESSAGE][PASSED] - Text '' is set on object 'Object Repository/RAD_Pages/Taxpayer_Page/input_BusinessRepmiddleName'

2024-11-07 21:37:43 - [MESSAGE][PASSED] - Text 'BusRepLname' is set on object 'Object Repository/RAD_Pages/Taxpayer_Page/input_BusinessReplastName'

2024-11-07 21:37:44 - [MESSAGE][PASSED] - Text '' is set on object 'Object Repository/RAD_Pages/Taxpayer_Page/input_BusinessRepsuffix'

2024-11-07 21:37:44 - [MESSAGE][PASSED] - rad.getSetDataRAD.setDataRADBusinessRep is PASSED

2024-11-07 21:37:44 - [TEST_STEP][PASSED] - rad.getSetDataRAD.setDataRADAddress(): rad.getSetDataRAD.setDataRADAddress is PASSED

2024-11-07 21:37:44 - [MESSAGE][PASSED] - All options with label 'United States' are selected in object 'Object Repository/RAD_Pages/AddressAndContactInfo_Page/select_Country' 

2024-11-07 21:37:45 - [MESSAGE][PASSED] - Text '2508 Mandan Terrace' is set on object 'Object Repository/RAD_Pages/AddressAndContactInfo_Page/input_streetAddress1'

2024-11-07 21:37:46 - [MESSAGE][PASSED] - Text '' is set on object 'Object Repository/RAD_Pages/AddressAndContactInfo_Page/input_streetAddress2'

2024-11-07 21:37:46 - [MESSAGE][PASSED] - Text 'Gambrills' is set on object 'Object Repository/RAD_Pages/AddressAndContactInfo_Page/input_city'

2024-11-07 21:37:47 - [MESSAGE][PASSED] - All options with label 'Maryland' are selected in object 'Object Repository/RAD_Pages/AddressAndContactInfo_Page/select_State' 

2024-11-07 21:37:48 - [MESSAGE][PASSED] - Text '21054' is set on object 'Object Repository/RAD_Pages/AddressAndContactInfo_Page/input_zipCode'

2024-11-07 21:37:49 - [MESSAGE][PASSED] - Text '(703) 894-5000' is set on object 'Object Repository/RAD_Pages/AddressAndContactInfo_Page/input_phoneNumber'

2024-11-07 21:37:49 - [MESSAGE][PASSED] - Text 'iahmed@govolution.com' is set on object 'Object Repository/RAD_Pages/AddressAndContactInfo_Page/input_eMailAddress'

2024-11-07 21:37:50 - [MESSAGE][PASSED] - Text 'iahmed@govolution.com' is set on object 'Object Repository/RAD_Pages/AddressAndContactInfo_Page/input_reEnterEMailAddress'

2024-11-07 21:37:50 - [MESSAGE][PASSED] - rad.getSetDataRAD.setDataRADAddress is PASSED

2024-11-07 21:37:50 - [TEST_STEP][PASSED] - if (feinSSN.equalsIgnoreCase("Y")): null

2024-11-07 21:37:50 - [TEST_STEP][PASSED] - else: Text ****** has been set on object 'Object Repository/RAD_Pages/TaxInfo_Page/input_FederalEIN_ReEnter'

2024-11-07 21:37:50 - [TEST_STEP][PASSED] - if (!(TaxType.equalsIgnoreCase("Estate Tax"))): Text ****** has been set on object 'Object Repository/RAD_Pages/TaxInfo_Page/input_FederalEIN_ReEnter'

2024-11-07 21:37:50 - [TEST_STEP][PASSED] - setEncryptedText(findTestObject(orPath_TaxInfo + "/input_FederalEIN"), "yXB7JMCbD3QoFF75EQd3iw=="): Text ****** has been set on object 'Object Repository/RAD_Pages/TaxInfo_Page/input_FederalEIN'

2024-11-07 21:37:51 - [MESSAGE][PASSED] - Text ****** has been set on object 'Object Repository/RAD_Pages/TaxInfo_Page/input_FederalEIN'

2024-11-07 21:37:51 - [TEST_STEP][PASSED] - setEncryptedText(findTestObject(orPath_TaxInfo + "/input_FederalEIN_ReEnter"), "yXB7JMCbD3QoFF75EQd3iw=="): Text ****** has been set on object 'Object Repository/RAD_Pages/TaxInfo_Page/input_FederalEIN_ReEnter'

2024-11-07 21:37:51 - [MESSAGE][PASSED] - Text ****** has been set on object 'Object Repository/RAD_Pages/TaxInfo_Page/input_FederalEIN_ReEnter'

2024-11-07 21:37:51 - [TEST_STEP][PASSED] - if (CRN.equalsIgnoreCase("Y")): null

2024-11-07 21:37:51 - [TEST_STEP][PASSED] - if (MFLicNum.equalsIgnoreCase("Y")): null

2024-11-07 21:37:51 - [TEST_STEP][PASSED] - if (TaxType.equalsIgnoreCase("Estate Tax")): null

2024-11-07 21:37:51 - [TEST_STEP][PASSED] - setText(findTestObject(orPath_Amount + "/input__paymentAmount"), "100.00"): Text '100.00' is set on object 'Object Repository/RAD_Pages/PaymentAmount_Page/input__paymentAmount'

2024-11-07 21:37:52 - [MESSAGE][PASSED] - Text '100.00' is set on object 'Object Repository/RAD_Pages/PaymentAmount_Page/input__paymentAmount'

2024-11-07 21:37:52 - [TEST_STEP][PASSED] - setText(findTestObject(orPath_AddressContact + "/input_streetAddress2"), ""): Text '' is set on object 'Object Repository/RAD_Pages/AddressAndContactInfo_Page/input_streetAddress2'

2024-11-07 21:37:53 - [MESSAGE][PASSED] - Text '' is set on object 'Object Repository/RAD_Pages/AddressAndContactInfo_Page/input_streetAddress2'

2024-11-07 21:37:53 - [TEST_STEP][PASSED] - scrollToElement(findTestObject(orPath_Landing + "/button_Continue"), 3): Scroll to object 'Object Repository/RAD_Pages/Landing_Page/button_Continue' successfully

2024-11-07 21:37:53 - [MESSAGE][PASSED] - Scroll to object 'Object Repository/RAD_Pages/Landing_Page/button_Continue' successfully

2024-11-07 21:37:53 - [TEST_STEP][PASSED] - waitForElementClickable(findTestObject(orPath_Landing + "/button_Continue"), 5): Object 'Object Repository/RAD_Pages/Landing_Page/button_Continue' is clickable

2024-11-07 21:37:53 - [MESSAGE][PASSED] - Object 'Object Repository/RAD_Pages/Landing_Page/button_Continue' is clickable

2024-11-07 21:37:53 - [TEST_STEP][PASSED] - click(findTestObject(orPath_Landing + "/button_Continue")): Object: 'Object Repository/RAD_Pages/Landing_Page/button_Continue' is clicked on

2024-11-07 21:37:54 - [MESSAGE][PASSED] - Object: 'Object Repository/RAD_Pages/Landing_Page/button_Continue' is clicked on

2024-11-07 21:37:54 - [TEST_STEP][PASSED] - delay(2): Delayed 2 second(s)

2024-11-07 21:37:56 - [MESSAGE][PASSED] - Delayed 2 second(s)

2024-11-07 21:37:56 - [TEST_STEP][PASSED] - verifyTextPresent("Summary", true): Text 'Summary' is present on page  using regular expression

2024-11-07 21:37:56 - [MESSAGE][PASSED] - Text 'Summary' is present on page  using regular expression

2024-11-07 21:37:56 - [TEST_STEP][PASSED] - verifyTextPresent("Review the information below and make any necessary corrections by clicking the", true): Text 'Review the information below and make any necessary corrections by clicking the' is present on page  using regular expression

2024-11-07 21:37:56 - [MESSAGE][PASSED] - Text 'Review the information below and make any necessary corrections by clicking the' is present on page  using regular expression

2024-11-07 21:37:56 - [TEST_STEP][PASSED] - verifyTextPresent("When you are confident that all the information is correct, click the", true): Text 'When you are confident that all the information is correct, click the' is present on page  using regular expression

2024-11-07 21:37:57 - [MESSAGE][PASSED] - Text 'When you are confident that all the information is correct, click the' is present on page  using regular expression

2024-11-07 21:37:57 - [TEST_STEP][PASSED] - verifyTextPresent("Payment Type/Filing Year", true): Text 'Payment Type/Filing Year' is present on page  using regular expression

2024-11-07 21:37:57 - [MESSAGE][PASSED] - Text 'Payment Type/Filing Year' is present on page  using regular expression

2024-11-07 21:37:57 - [TEST_STEP][PASSED] - verifyTextPresent("Payment Type:", true): Text 'Payment Type:' is present on page  using regular expression

2024-11-07 21:37:57 - [MESSAGE][PASSED] - Text 'Payment Type:' is present on page  using regular expression

2024-11-07 21:37:57 - [TEST_STEP][PASSED] - verifyTextPresent("New Tax Return Amount Due", true): Text 'New Tax Return Amount Due' is present on page  using regular expression

2024-11-07 21:37:58 - [MESSAGE][PASSED] - Text 'New Tax Return Amount Due' is present on page  using regular expression

2024-11-07 21:37:58 - [TEST_STEP][PASSED] - verifyTextPresent("Filing Year:", true): Text 'Filing Year:' is present on page  using regular expression

2024-11-07 21:37:58 - [MESSAGE][PASSED] - Text 'Filing Year:' is present on page  using regular expression

2024-11-07 21:37:58 - [TEST_STEP][PASSED] - verifyTextPresent(FilingYear, true): Text '2021' is present on page  using regular expression

2024-11-07 21:37:58 - [MESSAGE][PASSED] - Text '2021' is present on page  using regular expression

2024-11-07 21:37:58 - [TEST_STEP][PASSED] - verifyTextPresent("Payer Information", true): Text 'Payer Information' is present on page  using regular expression

2024-11-07 21:37:59 - [MESSAGE][PASSED] - Text 'Payer Information' is present on page  using regular expression

2024-11-07 21:37:59 - [TEST_STEP][PASSED] - verifyTextPresent("Taxpayer Name:", true): Text 'Taxpayer Name:' is present on page  using regular expression

2024-11-07 21:37:59 - [MESSAGE][PASSED] - Text 'Taxpayer Name:' is present on page  using regular expression

2024-11-07 21:37:59 - [TEST_STEP][PASSED] - verifyTextPresent("My Company", true): Text 'My Company' is present on page  using regular expression

2024-11-07 21:37:59 - [MESSAGE][PASSED] - Text 'My Company' is present on page  using regular expression

2024-11-07 21:37:59 - [TEST_STEP][PASSED] - verifyTextPresent("Business Rep Name:", true): Text 'Business Rep Name:' is present on page  using regular expression

2024-11-07 21:38:00 - [MESSAGE][PASSED] - Text 'Business Rep Name:' is present on page  using regular expression

2024-11-07 21:38:00 - [TEST_STEP][PASSED] - verifyTextPresent("BusRepFname BusRepLname", true): Text 'BusRepFname BusRepLname' is present on page  using regular expression

2024-11-07 21:38:00 - [MESSAGE][PASSED] - Text 'BusRepFname BusRepLname' is present on page  using regular expression

2024-11-07 21:38:00 - [TEST_STEP][PASSED] - verifyTextPresent("Taxpayer Address:", true): Text 'Taxpayer Address:' is present on page  using regular expression

2024-11-07 21:38:00 - [MESSAGE][PASSED] - Text 'Taxpayer Address:' is present on page  using regular expression

2024-11-07 21:38:00 - [TEST_STEP][PASSED] - verifyTextPresent("2508 Mandan Terrace Gambrills Maryland 21054", true): Text '2508 Mandan Terrace Gambrills Maryland 21054' is present on page  using regular expression

2024-11-07 21:38:01 - [MESSAGE][PASSED] - Text '2508 Mandan Terrace Gambrills Maryland 21054' is present on page  using regular expression

2024-11-07 21:38:01 - [TEST_STEP][PASSED] - verifyTextPresent("Email:", true): Text 'Email:' is present on page  using regular expression

2024-11-07 21:38:01 - [MESSAGE][PASSED] - Text 'Email:' is present on page  using regular expression

2024-11-07 21:38:01 - [TEST_STEP][PASSED] - verifyTextPresent("iahmed@govolution.com", true): Text 'iahmed@govolution.com' is present on page  using regular expression

2024-11-07 21:38:01 - [MESSAGE][PASSED] - Text 'iahmed@govolution.com' is present on page  using regular expression

2024-11-07 21:38:01 - [TEST_STEP][PASSED] - verifyTextPresent("Phone:", true): Text 'Phone:' is present on page  using regular expression

2024-11-07 21:38:02 - [MESSAGE][PASSED] - Text 'Phone:' is present on page  using regular expression

2024-11-07 21:38:02 - [TEST_STEP][PASSED] - verifyTextPresent("(703) 894-5000", false): Text '(703) 894-5000' is present on page 

2024-11-07 21:38:02 - [MESSAGE][PASSED] - Text '(703) 894-5000' is present on page 

2024-11-07 21:38:02 - [TEST_STEP][PASSED] - verifyTextPresent("Tax Information", true): Text 'Tax Information' is present on page  using regular expression

2024-11-07 21:38:02 - [MESSAGE][PASSED] - Text 'Tax Information' is present on page  using regular expression

2024-11-07 21:38:02 - [TEST_STEP][PASSED] - verifyTextNotPresent("Notice Number", true): Text 'Notice Number' is not present on page using regular expression

2024-11-07 21:38:03 - [MESSAGE][PASSED] - Text 'Notice Number' is not present on page using regular expression

2024-11-07 21:38:03 - [TEST_STEP][PASSED] - if (month.trim()): null

2024-11-07 21:38:03 - [TEST_STEP][PASSED] - else: Text 'Period Ending' is not present on page using regular expression

2024-11-07 21:38:03 - [TEST_STEP][PASSED] - verifyTextNotPresent("Period Ending", true): Text 'Period Ending' is not present on page using regular expression

2024-11-07 21:38:03 - [MESSAGE][PASSED] - Text 'Period Ending' is not present on page using regular expression

2024-11-07 21:38:03 - [TEST_STEP][PASSED] - if (feinSSN.equalsIgnoreCase("Y")): null

2024-11-07 21:38:03 - [TEST_STEP][PASSED] - else: Text 'XXXXXXX87' is present on page  using regular expression

2024-11-07 21:38:03 - [TEST_STEP][PASSED] - if (!(TaxType.equalsIgnoreCase("Estate Tax"))): Text 'XXXXXXX87' is present on page  using regular expression

2024-11-07 21:38:03 - [TEST_STEP][PASSED] - verifyTextPresent("Federal EIN:", true): Text 'Federal EIN:' is present on page  using regular expression

2024-11-07 21:38:03 - [MESSAGE][PASSED] - Text 'Federal EIN:' is present on page  using regular expression

2024-11-07 21:38:03 - [TEST_STEP][PASSED] - verifyTextNotPresent("FEIN/SSN:", true): Text 'FEIN/SSN:' is not present on page using regular expression

2024-11-07 21:38:04 - [MESSAGE][PASSED] - Text 'FEIN/SSN:' is not present on page using regular expression

2024-11-07 21:38:04 - [TEST_STEP][PASSED] - verifyTextPresent("XXXXXXX87", true): Text 'XXXXXXX87' is present on page  using regular expression

2024-11-07 21:38:04 - [MESSAGE][PASSED] - Text 'XXXXXXX87' is present on page  using regular expression

2024-11-07 21:38:04 - [TEST_STEP][PASSED] - if (TaxType.equalsIgnoreCase("Estate Tax")): null

2024-11-07 21:38:04 - [TEST_STEP][PASSED] - if (CRN.equalsIgnoreCase("Y")): null

2024-11-07 21:38:04 - [TEST_STEP][PASSED] - else: Text 'MD Central Registration Number' is not present on page using regular expression

2024-11-07 21:38:04 - [TEST_STEP][PASSED] - verifyTextNotPresent("MD Central Registration Number", true): Text 'MD Central Registration Number' is not present on page using regular expression

2024-11-07 21:38:04 - [MESSAGE][PASSED] - Text 'MD Central Registration Number' is not present on page using regular expression

2024-11-07 21:38:04 - [TEST_STEP][PASSED] - if (MFLicNum.equalsIgnoreCase("Y")): null

2024-11-07 21:38:04 - [TEST_STEP][PASSED] - else: Text 'Motor Fuel License Number#:' is not present on page using regular expression

2024-11-07 21:38:04 - [TEST_STEP][PASSED] - verifyTextNotPresent("Motor Fuel License Number#:", true): Text 'Motor Fuel License Number#:' is not present on page using regular expression

2024-11-07 21:38:05 - [MESSAGE][PASSED] - Text 'Motor Fuel License Number#:' is not present on page using regular expression

2024-11-07 21:38:05 - [TEST_STEP][PASSED] - verifyTextPresent("Payment Amount:", true): Text 'Payment Amount:' is present on page  using regular expression

2024-11-07 21:38:05 - [MESSAGE][PASSED] - Text 'Payment Amount:' is present on page  using regular expression

2024-11-07 21:38:05 - [TEST_STEP][PASSED] - verifyTextPresent("100.00", true): Text '100.00' is present on page  using regular expression

2024-11-07 21:38:05 - [MESSAGE][PASSED] - Text '100.00' is present on page  using regular expression

2024-11-07 21:38:05 - [TEST_STEP][PASSED] - if (verifyElementVisible(findTestObject(orPath_Summary + "/button_Proceed to Payment"))): null

2024-11-07 21:38:05 - [MESSAGE][PASSED] - Object 'Object Repository/RAD_Pages/Summary_Page/button_Proceed to Payment' is visible

2024-11-07 21:38:05 - [TEST_STEP][PASSED] - resText = "Pass": null

2024-11-07 21:38:05 - [TEST_STEP][PASSED] - pages.WriteExcel.demoKey(resText, datText, resColumn, datCloumn, fileLoc, nameSheet, row): pages.WriteExcel.demoKey is PASSED

2024-11-07 21:38:06 - [MESSAGE][PASSED] - pages.WriteExcel.demoKey is PASSED

2024-11-07 21:38:06 - [TEST_STEP][PASSED] - click(findTestObject(orPath_Summary + "/button_Proceed to Payment")): Object: 'Object Repository/RAD_Pages/Summary_Page/button_Proceed to Payment' is clicked on

2024-11-07 21:38:08 - [MESSAGE][PASSED] - Object: 'Object Repository/RAD_Pages/Summary_Page/button_Proceed to Payment' is clicked on

2024-11-07 21:38:08 - [TEST_STEP][PASSED] - verifyElementPresent(findTestObject("Object Repository/RAD_Pages/PaymentEntry_Page/input__billingName"), 30): Object 'Object Repository/RAD_Pages/PaymentEntry_Page/input__billingName' is present

2024-11-07 21:38:08 - [MESSAGE][PASSED] - Object 'Object Repository/RAD_Pages/PaymentEntry_Page/input__billingName' is present

2024-11-07 21:38:08 - [TEST_STEP][PASSED] - ExecuteTC = findTestData(dataFile).getValue("Execute", row): null

2024-11-07 21:38:08 - [TEST_STEP][PASSED] - TaxType = findTestData(dataFile).getValue("TaxType", row): null

2024-11-07 21:38:08 - [TEST_STEP][PASSED] - PaymentType = findTestData(dataFile).getValue("PaymentType", row): null

2024-11-07 21:38:08 - [TEST_STEP][PASSED] - FilingYear = findTestData(dataFile).getValue("Year", row): null

2024-11-07 21:38:08 - [TEST_STEP][PASSED] - feinSSN = findTestData(dataFile).getValue("FeinSsn", row): null

2024-11-07 21:38:09 - [TEST_STEP][PASSED] - CRN = findTestData(dataFile).getValue("CRN", row): null

2024-11-07 21:38:09 - [TEST_STEP][PASSED] - month = findTestData(dataFile).getValue("Month", row): null

2024-11-07 21:38:09 - [TEST_STEP][PASSED] - MFLicNum = findTestData(dataFile).getValue("MFLicNum", row): null

2024-11-07 21:38:09 - [TEST_STEP][PASSED] - if (ExecuteTC.equalsIgnoreCase("Y")): Object 'Object Repository/RAD_Pages/PaymentEntry_Page/input__billingName' is present

2024-11-07 21:38:09 - [TEST_STEP][PASSED] - out.println("Begin Record Number: " + row): null

2024-11-07 21:38:09 - [TEST_STEP][PASSED] - today = new java.util.Date(): null

2024-11-07 21:38:09 - [TEST_STEP][PASSED] - println(today): null

2024-11-07 21:38:09 - [TEST_STEP][PASSED] - datText = today: null

2024-11-07 21:38:09 - [TEST_STEP][PASSED] - logInfo("Payment Type: New Tax Return Amount Due"): Payment Type: New Tax Return Amount Due

2024-11-07 21:38:09 - [MESSAGE][INFO] - Payment Type: New Tax Return Amount Due

2024-11-07 21:38:09 - [TEST_STEP][PASSED] - logInfo("Tax Type: " + TaxType): Tax Type: Motor Fuel Tax

2024-11-07 21:38:09 - [MESSAGE][INFO] - Tax Type: Motor Fuel Tax

2024-11-07 21:38:09 - [TEST_STEP][PASSED] - openBrowser(""): Browser is opened with url: ''

2024-11-07 21:38:09 - [MESSAGE][WARNING] - A browser is already opened. Closing browser and opening a new one

2024-11-07 21:38:10 - [MESSAGE][INFO] - Starting 'Chrome' driver

2024-11-07 21:38:10 - [MESSAGE][INFO] - User set preference: ['acceptInsecureCerts', 'true']

2024-11-07 21:38:10 - [MESSAGE][INFO] - Action delay is set to 0 milliseconds

2024-11-07 21:38:12 - [MESSAGE][PASSED] - Browser is opened with url: ''

2024-11-07 21:38:12 - [TEST_STEP][PASSED] - maximizeWindow(): Current window maximized

2024-11-07 21:38:13 - [MESSAGE][PASSED] - Current window maximized

2024-11-07 21:38:13 - [TEST_STEP][PASSED] - navigateToUrl(RADurl): Navigate to 'https://www.velocitypayment.com/client/rad/index.html' successfully

2024-11-07 21:38:15 - [MESSAGE][PASSED] - Navigate to 'https://www.velocitypayment.com/client/rad/index.html' successfully

2024-11-07 21:38:15 - [TEST_STEP][PASSED] - selectOptionByLabel(findTestObject(orPath_Landing + "/dd_TaxType"), "New Tax Return Amount Due", false): All options with label 'New Tax Return Amount Due' are selected in object 'Object Repository/RAD_Pages/Landing_Page/dd_TaxType' 

2024-11-07 21:38:15 - [MESSAGE][PASSED] - All options with label 'New Tax Return Amount Due' are selected in object 'Object Repository/RAD_Pages/Landing_Page/dd_TaxType' 

2024-11-07 21:38:15 - [TEST_STEP][PASSED] - selectOptionByLabel(findTestObject("Object Repository/RAD_Pages/Landing_Page/select_NewTaxReturnAmountDue_TaxType"), TaxType, false): All options with label 'Motor Fuel Tax' are selected in object 'Object Repository/RAD_Pages/Landing_Page/select_NewTaxReturnAmountDue_TaxType' 

2024-11-07 21:38:16 - [MESSAGE][PASSED] - All options with label 'Motor Fuel Tax' are selected in object 'Object Repository/RAD_Pages/Landing_Page/select_NewTaxReturnAmountDue_TaxType' 

2024-11-07 21:38:16 - [TEST_STEP][PASSED] - selectOptionByLabel(findTestObject(orPath_TaxTypeFilingYear + "/select_FilingYear"), FilingYear, false): All options with label '2022' are selected in object 'Object Repository/RAD_Pages/TaxTypeFilingYear_Page/select_FilingYear' 

2024-11-07 21:38:17 - [MESSAGE][PASSED] - All options with label '2022' are selected in object 'Object Repository/RAD_Pages/TaxTypeFilingYear_Page/select_FilingYear' 

2024-11-07 21:38:17 - [TEST_STEP][PASSED] - if (month.trim()): All options with label 'April' are selected in object 'Object Repository/RAD_Pages/TaxTypeFilingYear_Page/select_PeriodEnding' 

2024-11-07 21:38:17 - [TEST_STEP][PASSED] - selectOptionByLabel(findTestObject(orPath_TaxTypeFilingYear + "/select_PeriodEnding"), month, false): All options with label 'April' are selected in object 'Object Repository/RAD_Pages/TaxTypeFilingYear_Page/select_PeriodEnding' 

2024-11-07 21:38:18 - [MESSAGE][PASSED] - All options with label 'April' are selected in object 'Object Repository/RAD_Pages/TaxTypeFilingYear_Page/select_PeriodEnding' 

2024-11-07 21:38:18 - [TEST_STEP][PASSED] - rad.getSetDataRAD.setDataRADBusinessName(): rad.getSetDataRAD.setDataRADBusinessName is PASSED

2024-11-07 21:38:18 - [MESSAGE][PASSED] - Text 'My Company' is set on object 'Object Repository/RAD_Pages/Taxpayer_Page/input_businessName'

2024-11-07 21:38:18 - [MESSAGE][PASSED] - rad.getSetDataRAD.setDataRADBusinessName is PASSED

2024-11-07 21:38:18 - [TEST_STEP][PASSED] - rad.getSetDataRAD.setDataRADBusinessRep(): rad.getSetDataRAD.setDataRADBusinessRep is PASSED

2024-11-07 21:38:19 - [MESSAGE][PASSED] - Text 'BusRepFname' is set on object 'Object Repository/RAD_Pages/Taxpayer_Page/input_BusinessRepfirstName'

2024-11-07 21:38:20 - [MESSAGE][PASSED] - Text '' is set on object 'Object Repository/RAD_Pages/Taxpayer_Page/input_BusinessRepmiddleName'

2024-11-07 21:38:21 - [MESSAGE][PASSED] - Text 'BusRepLname' is set on object 'Object Repository/RAD_Pages/Taxpayer_Page/input_BusinessReplastName'

2024-11-07 21:38:21 - [MESSAGE][PASSED] - Text '' is set on object 'Object Repository/RAD_Pages/Taxpayer_Page/input_BusinessRepsuffix'

2024-11-07 21:38:21 - [MESSAGE][PASSED] - rad.getSetDataRAD.setDataRADBusinessRep is PASSED

2024-11-07 21:38:21 - [TEST_STEP][PASSED] - rad.getSetDataRAD.setDataRADAddress(): rad.getSetDataRAD.setDataRADAddress is PASSED

2024-11-07 21:38:22 - [MESSAGE][PASSED] - All options with label 'United States' are selected in object 'Object Repository/RAD_Pages/AddressAndContactInfo_Page/select_Country' 

2024-11-07 21:38:23 - [MESSAGE][PASSED] - Text '2508 Mandan Terrace' is set on object 'Object Repository/RAD_Pages/AddressAndContactInfo_Page/input_streetAddress1'

2024-11-07 21:38:23 - [MESSAGE][PASSED] - Text '' is set on object 'Object Repository/RAD_Pages/AddressAndContactInfo_Page/input_streetAddress2'

2024-11-07 21:38:24 - [MESSAGE][PASSED] - Text 'Gambrills' is set on object 'Object Repository/RAD_Pages/AddressAndContactInfo_Page/input_city'

2024-11-07 21:38:25 - [MESSAGE][PASSED] - All options with label 'Maryland' are selected in object 'Object Repository/RAD_Pages/AddressAndContactInfo_Page/select_State' 

2024-11-07 21:38:25 - [MESSAGE][PASSED] - Text '21054' is set on object 'Object Repository/RAD_Pages/AddressAndContactInfo_Page/input_zipCode'

2024-11-07 21:38:26 - [MESSAGE][PASSED] - Text '(703) 894-5000' is set on object 'Object Repository/RAD_Pages/AddressAndContactInfo_Page/input_phoneNumber'

2024-11-07 21:38:27 - [MESSAGE][PASSED] - Text 'iahmed@govolution.com' is set on object 'Object Repository/RAD_Pages/AddressAndContactInfo_Page/input_eMailAddress'

2024-11-07 21:38:28 - [MESSAGE][PASSED] - Text 'iahmed@govolution.com' is set on object 'Object Repository/RAD_Pages/AddressAndContactInfo_Page/input_reEnterEMailAddress'

2024-11-07 21:38:28 - [MESSAGE][PASSED] - rad.getSetDataRAD.setDataRADAddress is PASSED

2024-11-07 21:38:28 - [TEST_STEP][PASSED] - if (feinSSN.equalsIgnoreCase("Y")): null

2024-11-07 21:38:28 - [TEST_STEP][PASSED] - else: Text ****** has been set on object 'Object Repository/RAD_Pages/TaxInfo_Page/input_FederalEIN_ReEnter'

2024-11-07 21:38:28 - [TEST_STEP][PASSED] - if (!(TaxType.equalsIgnoreCase("Estate Tax"))): Text ****** has been set on object 'Object Repository/RAD_Pages/TaxInfo_Page/input_FederalEIN_ReEnter'

2024-11-07 21:38:28 - [TEST_STEP][PASSED] - setEncryptedText(findTestObject(orPath_TaxInfo + "/input_FederalEIN"), "yXB7JMCbD3QoFF75EQd3iw=="): Text ****** has been set on object 'Object Repository/RAD_Pages/TaxInfo_Page/input_FederalEIN'

2024-11-07 21:38:29 - [MESSAGE][PASSED] - Text ****** has been set on object 'Object Repository/RAD_Pages/TaxInfo_Page/input_FederalEIN'

2024-11-07 21:38:29 - [TEST_STEP][PASSED] - setEncryptedText(findTestObject(orPath_TaxInfo + "/input_FederalEIN_ReEnter"), "yXB7JMCbD3QoFF75EQd3iw=="): Text ****** has been set on object 'Object Repository/RAD_Pages/TaxInfo_Page/input_FederalEIN_ReEnter'

2024-11-07 21:38:29 - [MESSAGE][PASSED] - Text ****** has been set on object 'Object Repository/RAD_Pages/TaxInfo_Page/input_FederalEIN_ReEnter'

2024-11-07 21:38:29 - [TEST_STEP][PASSED] - if (CRN.equalsIgnoreCase("Y")): null

2024-11-07 21:38:29 - [TEST_STEP][PASSED] - if (MFLicNum.equalsIgnoreCase("Y")): rad.getSetDataRAD.setDataRADMFLicNumSix is PASSED

2024-11-07 21:38:29 - [TEST_STEP][PASSED] - rad.getSetDataRAD.setDataRADMFLicNumSix(): rad.getSetDataRAD.setDataRADMFLicNumSix is PASSED

2024-11-07 21:38:30 - [MESSAGE][PASSED] - Text '758142' is set on object 'Object Repository/RAD_Pages/TaxInfo_Page/input_MotorFuelLicNum'

2024-11-07 21:38:30 - [MESSAGE][PASSED] - rad.getSetDataRAD.setDataRADMFLicNumSix is PASSED

2024-11-07 21:38:30 - [TEST_STEP][PASSED] - if (TaxType.equalsIgnoreCase("Estate Tax")): null

2024-11-07 21:38:30 - [TEST_STEP][PASSED] - setText(findTestObject(orPath_Amount + "/input__paymentAmount"), "100.00"): Text '100.00' is set on object 'Object Repository/RAD_Pages/PaymentAmount_Page/input__paymentAmount'

2024-11-07 21:38:31 - [MESSAGE][PASSED] - Text '100.00' is set on object 'Object Repository/RAD_Pages/PaymentAmount_Page/input__paymentAmount'

2024-11-07 21:38:31 - [TEST_STEP][PASSED] - setText(findTestObject(orPath_AddressContact + "/input_streetAddress2"), ""): Text '' is set on object 'Object Repository/RAD_Pages/AddressAndContactInfo_Page/input_streetAddress2'

2024-11-07 21:38:32 - [MESSAGE][PASSED] - Text '' is set on object 'Object Repository/RAD_Pages/AddressAndContactInfo_Page/input_streetAddress2'

2024-11-07 21:38:32 - [TEST_STEP][PASSED] - scrollToElement(findTestObject(orPath_Landing + "/button_Continue"), 3): Scroll to object 'Object Repository/RAD_Pages/Landing_Page/button_Continue' successfully

2024-11-07 21:38:32 - [MESSAGE][PASSED] - Scroll to object 'Object Repository/RAD_Pages/Landing_Page/button_Continue' successfully

2024-11-07 21:38:32 - [TEST_STEP][PASSED] - waitForElementClickable(findTestObject(orPath_Landing + "/button_Continue"), 5): Object 'Object Repository/RAD_Pages/Landing_Page/button_Continue' is clickable

2024-11-07 21:38:32 - [MESSAGE][PASSED] - Object 'Object Repository/RAD_Pages/Landing_Page/button_Continue' is clickable

2024-11-07 21:38:32 - [TEST_STEP][PASSED] - click(findTestObject(orPath_Landing + "/button_Continue")): Object: 'Object Repository/RAD_Pages/Landing_Page/button_Continue' is clicked on

2024-11-07 21:38:33 - [MESSAGE][PASSED] - Object: 'Object Repository/RAD_Pages/Landing_Page/button_Continue' is clicked on

2024-11-07 21:38:33 - [TEST_STEP][PASSED] - delay(2): Delayed 2 second(s)

2024-11-07 21:38:35 - [MESSAGE][PASSED] - Delayed 2 second(s)

2024-11-07 21:38:35 - [TEST_STEP][PASSED] - verifyTextPresent("Summary", true): Text 'Summary' is present on page  using regular expression

2024-11-07 21:38:35 - [MESSAGE][PASSED] - Text 'Summary' is present on page  using regular expression

2024-11-07 21:38:35 - [TEST_STEP][PASSED] - verifyTextPresent("Review the information below and make any necessary corrections by clicking the", true): Text 'Review the information below and make any necessary corrections by clicking the' is present on page  using regular expression

2024-11-07 21:38:35 - [MESSAGE][PASSED] - Text 'Review the information below and make any necessary corrections by clicking the' is present on page  using regular expression

2024-11-07 21:38:35 - [TEST_STEP][PASSED] - verifyTextPresent("When you are confident that all the information is correct, click the", true): Text 'When you are confident that all the information is correct, click the' is present on page  using regular expression

2024-11-07 21:38:36 - [MESSAGE][PASSED] - Text 'When you are confident that all the information is correct, click the' is present on page  using regular expression

2024-11-07 21:38:36 - [TEST_STEP][PASSED] - verifyTextPresent("Payment Type/Filing Year", true): Text 'Payment Type/Filing Year' is present on page  using regular expression

2024-11-07 21:38:36 - [MESSAGE][PASSED] - Text 'Payment Type/Filing Year' is present on page  using regular expression

2024-11-07 21:38:36 - [TEST_STEP][PASSED] - verifyTextPresent("Payment Type:", true): Text 'Payment Type:' is present on page  using regular expression

2024-11-07 21:38:36 - [MESSAGE][PASSED] - Text 'Payment Type:' is present on page  using regular expression

2024-11-07 21:38:36 - [TEST_STEP][PASSED] - verifyTextPresent("New Tax Return Amount Due", true): Text 'New Tax Return Amount Due' is present on page  using regular expression

2024-11-07 21:38:37 - [MESSAGE][PASSED] - Text 'New Tax Return Amount Due' is present on page  using regular expression

2024-11-07 21:38:37 - [TEST_STEP][PASSED] - verifyTextPresent("Filing Year:", true): Text 'Filing Year:' is present on page  using regular expression

2024-11-07 21:38:37 - [MESSAGE][PASSED] - Text 'Filing Year:' is present on page  using regular expression

2024-11-07 21:38:37 - [TEST_STEP][PASSED] - verifyTextPresent(FilingYear, true): Text '2022' is present on page  using regular expression

2024-11-07 21:38:37 - [MESSAGE][PASSED] - Text '2022' is present on page  using regular expression

2024-11-07 21:38:37 - [TEST_STEP][PASSED] - verifyTextPresent("Payer Information", true): Text 'Payer Information' is present on page  using regular expression

2024-11-07 21:38:38 - [MESSAGE][PASSED] - Text 'Payer Information' is present on page  using regular expression

2024-11-07 21:38:38 - [TEST_STEP][PASSED] - verifyTextPresent("Taxpayer Name:", true): Text 'Taxpayer Name:' is present on page  using regular expression

2024-11-07 21:38:38 - [MESSAGE][PASSED] - Text 'Taxpayer Name:' is present on page  using regular expression

2024-11-07 21:38:38 - [TEST_STEP][PASSED] - verifyTextPresent("My Company", true): Text 'My Company' is present on page  using regular expression

2024-11-07 21:38:38 - [MESSAGE][PASSED] - Text 'My Company' is present on page  using regular expression

2024-11-07 21:38:38 - [TEST_STEP][PASSED] - verifyTextPresent("Business Rep Name:", true): Text 'Business Rep Name:' is present on page  using regular expression

2024-11-07 21:38:39 - [MESSAGE][PASSED] - Text 'Business Rep Name:' is present on page  using regular expression

2024-11-07 21:38:39 - [TEST_STEP][PASSED] - verifyTextPresent("BusRepFname BusRepLname", true): Text 'BusRepFname BusRepLname' is present on page  using regular expression

2024-11-07 21:38:39 - [MESSAGE][PASSED] - Text 'BusRepFname BusRepLname' is present on page  using regular expression

2024-11-07 21:38:39 - [TEST_STEP][PASSED] - verifyTextPresent("Taxpayer Address:", true): Text 'Taxpayer Address:' is present on page  using regular expression

2024-11-07 21:38:39 - [MESSAGE][PASSED] - Text 'Taxpayer Address:' is present on page  using regular expression

2024-11-07 21:38:39 - [TEST_STEP][PASSED] - verifyTextPresent("2508 Mandan Terrace Gambrills Maryland 21054", true): Text '2508 Mandan Terrace Gambrills Maryland 21054' is present on page  using regular expression

2024-11-07 21:38:39 - [MESSAGE][PASSED] - Text '2508 Mandan Terrace Gambrills Maryland 21054' is present on page  using regular expression

2024-11-07 21:38:39 - [TEST_STEP][PASSED] - verifyTextPresent("Email:", true): Text 'Email:' is present on page  using regular expression

2024-11-07 21:38:40 - [MESSAGE][PASSED] - Text 'Email:' is present on page  using regular expression

2024-11-07 21:38:40 - [TEST_STEP][PASSED] - verifyTextPresent("iahmed@govolution.com", true): Text 'iahmed@govolution.com' is present on page  using regular expression

2024-11-07 21:38:40 - [MESSAGE][PASSED] - Text 'iahmed@govolution.com' is present on page  using regular expression

2024-11-07 21:38:40 - [TEST_STEP][PASSED] - verifyTextPresent("Phone:", true): Text 'Phone:' is present on page  using regular expression

2024-11-07 21:38:40 - [MESSAGE][PASSED] - Text 'Phone:' is present on page  using regular expression

2024-11-07 21:38:40 - [TEST_STEP][PASSED] - verifyTextPresent("(703) 894-5000", false): Text '(703) 894-5000' is present on page 

2024-11-07 21:38:41 - [MESSAGE][PASSED] - Text '(703) 894-5000' is present on page 

2024-11-07 21:38:41 - [TEST_STEP][PASSED] - verifyTextPresent("Tax Information", true): Text 'Tax Information' is present on page  using regular expression

2024-11-07 21:38:41 - [MESSAGE][PASSED] - Text 'Tax Information' is present on page  using regular expression

2024-11-07 21:38:41 - [TEST_STEP][PASSED] - verifyTextNotPresent("Notice Number", true): Text 'Notice Number' is not present on page using regular expression

2024-11-07 21:38:41 - [MESSAGE][PASSED] - Text 'Notice Number' is not present on page using regular expression

2024-11-07 21:38:41 - [TEST_STEP][PASSED] - if (month.trim()): Text 'April' is present on page  using regular expression

2024-11-07 21:38:41 - [TEST_STEP][PASSED] - verifyTextPresent("Period Ending", true): Text 'Period Ending' is present on page  using regular expression

2024-11-07 21:38:42 - [MESSAGE][PASSED] - Text 'Period Ending' is present on page  using regular expression

2024-11-07 21:38:42 - [TEST_STEP][PASSED] - verifyTextPresent(month, true): Text 'April' is present on page  using regular expression

2024-11-07 21:38:42 - [MESSAGE][PASSED] - Text 'April' is present on page  using regular expression

2024-11-07 21:38:42 - [TEST_STEP][PASSED] - if (feinSSN.equalsIgnoreCase("Y")): null

2024-11-07 21:38:42 - [TEST_STEP][PASSED] - else: Text 'XXXXXXX87' is present on page  using regular expression

2024-11-07 21:38:42 - [TEST_STEP][PASSED] - if (!(TaxType.equalsIgnoreCase("Estate Tax"))): Text 'XXXXXXX87' is present on page  using regular expression

2024-11-07 21:38:42 - [TEST_STEP][PASSED] - verifyTextPresent("Federal EIN:", true): Text 'Federal EIN:' is present on page  using regular expression

2024-11-07 21:38:42 - [MESSAGE][PASSED] - Text 'Federal EIN:' is present on page  using regular expression

2024-11-07 21:38:42 - [TEST_STEP][PASSED] - verifyTextNotPresent("FEIN/SSN:", true): Text 'FEIN/SSN:' is not present on page using regular expression

2024-11-07 21:38:43 - [MESSAGE][PASSED] - Text 'FEIN/SSN:' is not present on page using regular expression

2024-11-07 21:38:43 - [TEST_STEP][PASSED] - verifyTextPresent("XXXXXXX87", true): Text 'XXXXXXX87' is present on page  using regular expression

2024-11-07 21:38:43 - [MESSAGE][PASSED] - Text 'XXXXXXX87' is present on page  using regular expression

2024-11-07 21:38:43 - [TEST_STEP][PASSED] - if (TaxType.equalsIgnoreCase("Estate Tax")): null

2024-11-07 21:38:43 - [TEST_STEP][PASSED] - if (CRN.equalsIgnoreCase("Y")): null

2024-11-07 21:38:43 - [TEST_STEP][PASSED] - else: Text 'MD Central Registration Number' is not present on page using regular expression

2024-11-07 21:38:43 - [TEST_STEP][PASSED] - verifyTextNotPresent("MD Central Registration Number", true): Text 'MD Central Registration Number' is not present on page using regular expression

2024-11-07 21:38:43 - [MESSAGE][PASSED] - Text 'MD Central Registration Number' is not present on page using regular expression

2024-11-07 21:38:43 - [TEST_STEP][PASSED] - if (MFLicNum.equalsIgnoreCase("Y")): Text '758142' is present on page  using regular expression

2024-11-07 21:38:43 - [TEST_STEP][PASSED] - verifyTextPresent("Motor Fuel License Number#:", true): Text 'Motor Fuel License Number#:' is present on page  using regular expression

2024-11-07 21:38:44 - [MESSAGE][PASSED] - Text 'Motor Fuel License Number#:' is present on page  using regular expression

2024-11-07 21:38:44 - [TEST_STEP][PASSED] - verifyTextPresent("758142", true): Text '758142' is present on page  using regular expression

2024-11-07 21:38:44 - [MESSAGE][PASSED] - Text '758142' is present on page  using regular expression

2024-11-07 21:38:44 - [TEST_STEP][PASSED] - verifyTextPresent("Payment Amount:", true): Text 'Payment Amount:' is present on page  using regular expression

2024-11-07 21:38:44 - [MESSAGE][PASSED] - Text 'Payment Amount:' is present on page  using regular expression

2024-11-07 21:38:44 - [TEST_STEP][PASSED] - verifyTextPresent("100.00", true): Text '100.00' is present on page  using regular expression

2024-11-07 21:38:45 - [MESSAGE][PASSED] - Text '100.00' is present on page  using regular expression

2024-11-07 21:38:45 - [TEST_STEP][PASSED] - if (verifyElementVisible(findTestObject(orPath_Summary + "/button_Proceed to Payment"))): null

2024-11-07 21:38:45 - [MESSAGE][PASSED] - Object 'Object Repository/RAD_Pages/Summary_Page/button_Proceed to Payment' is visible

2024-11-07 21:38:45 - [TEST_STEP][PASSED] - resText = "Pass": null

2024-11-07 21:38:45 - [TEST_STEP][PASSED] - pages.WriteExcel.demoKey(resText, datText, resColumn, datCloumn, fileLoc, nameSheet, row): pages.WriteExcel.demoKey is PASSED

2024-11-07 21:38:45 - [MESSAGE][PASSED] - pages.WriteExcel.demoKey is PASSED

2024-11-07 21:38:45 - [TEST_STEP][PASSED] - click(findTestObject(orPath_Summary + "/button_Proceed to Payment")): Object: 'Object Repository/RAD_Pages/Summary_Page/button_Proceed to Payment' is clicked on

2024-11-07 21:38:48 - [MESSAGE][PASSED] - Object: 'Object Repository/RAD_Pages/Summary_Page/button_Proceed to Payment' is clicked on

2024-11-07 21:38:48 - [TEST_STEP][PASSED] - verifyElementPresent(findTestObject("Object Repository/RAD_Pages/PaymentEntry_Page/input__billingName"), 30): Object 'Object Repository/RAD_Pages/PaymentEntry_Page/input__billingName' is present

2024-11-07 21:38:48 - [MESSAGE][PASSED] - Object 'Object Repository/RAD_Pages/PaymentEntry_Page/input__billingName' is present

2024-11-07 21:38:48 - [TEST_STEP][PASSED] - ExecuteTC = findTestData(dataFile).getValue("Execute", row): null

2024-11-07 21:38:48 - [TEST_STEP][PASSED] - TaxType = findTestData(dataFile).getValue("TaxType", row): null

2024-11-07 21:38:48 - [TEST_STEP][PASSED] - PaymentType = findTestData(dataFile).getValue("PaymentType", row): null

2024-11-07 21:38:48 - [TEST_STEP][PASSED] - FilingYear = findTestData(dataFile).getValue("Year", row): null

2024-11-07 21:38:48 - [TEST_STEP][PASSED] - feinSSN = findTestData(dataFile).getValue("FeinSsn", row): null

2024-11-07 21:38:48 - [TEST_STEP][PASSED] - CRN = findTestData(dataFile).getValue("CRN", row): null

2024-11-07 21:38:49 - [TEST_STEP][PASSED] - month = findTestData(dataFile).getValue("Month", row): null

2024-11-07 21:38:49 - [TEST_STEP][PASSED] - MFLicNum = findTestData(dataFile).getValue("MFLicNum", row): null

2024-11-07 21:38:49 - [TEST_STEP][PASSED] - if (ExecuteTC.equalsIgnoreCase("Y")): Object 'Object Repository/RAD_Pages/PaymentEntry_Page/input__billingName' is present

2024-11-07 21:38:49 - [TEST_STEP][PASSED] - out.println("Begin Record Number: " + row): null

2024-11-07 21:38:49 - [TEST_STEP][PASSED] - today = new java.util.Date(): null

2024-11-07 21:38:49 - [TEST_STEP][PASSED] - println(today): null

2024-11-07 21:38:49 - [TEST_STEP][PASSED] - datText = today: null

2024-11-07 21:38:49 - [TEST_STEP][PASSED] - logInfo("Payment Type: New Tax Return Amount Due"): Payment Type: New Tax Return Amount Due

2024-11-07 21:38:49 - [MESSAGE][INFO] - Payment Type: New Tax Return Amount Due

2024-11-07 21:38:49 - [TEST_STEP][PASSED] - logInfo("Tax Type: " + TaxType): Tax Type: Sales and Use Tax

2024-11-07 21:38:49 - [MESSAGE][INFO] - Tax Type: Sales and Use Tax

2024-11-07 21:38:49 - [TEST_STEP][PASSED] - openBrowser(""): Browser is opened with url: ''

2024-11-07 21:38:49 - [MESSAGE][WARNING] - A browser is already opened. Closing browser and opening a new one

2024-11-07 21:38:50 - [MESSAGE][INFO] - Starting 'Chrome' driver

2024-11-07 21:38:50 - [MESSAGE][INFO] - User set preference: ['acceptInsecureCerts', 'true']

2024-11-07 21:38:50 - [MESSAGE][INFO] - Action delay is set to 0 milliseconds

2024-11-07 21:38:52 - [MESSAGE][PASSED] - Browser is opened with url: ''

2024-11-07 21:38:52 - [TEST_STEP][PASSED] - maximizeWindow(): Current window maximized

2024-11-07 21:38:52 - [MESSAGE][PASSED] - Current window maximized

2024-11-07 21:38:52 - [TEST_STEP][PASSED] - navigateToUrl(RADurl): Navigate to 'https://www.velocitypayment.com/client/rad/index.html' successfully

2024-11-07 21:38:54 - [MESSAGE][PASSED] - Navigate to 'https://www.velocitypayment.com/client/rad/index.html' successfully

2024-11-07 21:38:54 - [TEST_STEP][PASSED] - selectOptionByLabel(findTestObject(orPath_Landing + "/dd_TaxType"), "New Tax Return Amount Due", false): All options with label 'New Tax Return Amount Due' are selected in object 'Object Repository/RAD_Pages/Landing_Page/dd_TaxType' 

2024-11-07 21:38:55 - [MESSAGE][PASSED] - All options with label 'New Tax Return Amount Due' are selected in object 'Object Repository/RAD_Pages/Landing_Page/dd_TaxType' 

2024-11-07 21:38:55 - [TEST_STEP][PASSED] - selectOptionByLabel(findTestObject("Object Repository/RAD_Pages/Landing_Page/select_NewTaxReturnAmountDue_TaxType"), TaxType, false): All options with label 'Sales and Use Tax' are selected in object 'Object Repository/RAD_Pages/Landing_Page/select_NewTaxReturnAmountDue_TaxType' 

2024-11-07 21:38:56 - [MESSAGE][PASSED] - All options with label 'Sales and Use Tax' are selected in object 'Object Repository/RAD_Pages/Landing_Page/select_NewTaxReturnAmountDue_TaxType' 

2024-11-07 21:38:56 - [TEST_STEP][PASSED] - selectOptionByLabel(findTestObject(orPath_TaxTypeFilingYear + "/select_FilingYear"), FilingYear, false): All options with label '2022' are selected in object 'Object Repository/RAD_Pages/TaxTypeFilingYear_Page/select_FilingYear' 

2024-11-07 21:38:56 - [MESSAGE][PASSED] - All options with label '2022' are selected in object 'Object Repository/RAD_Pages/TaxTypeFilingYear_Page/select_FilingYear' 

2024-11-07 21:38:56 - [TEST_STEP][PASSED] - if (month.trim()): All options with label 'October' are selected in object 'Object Repository/RAD_Pages/TaxTypeFilingYear_Page/select_PeriodEnding' 

2024-11-07 21:38:56 - [TEST_STEP][PASSED] - selectOptionByLabel(findTestObject(orPath_TaxTypeFilingYear + "/select_PeriodEnding"), month, false): All options with label 'October' are selected in object 'Object Repository/RAD_Pages/TaxTypeFilingYear_Page/select_PeriodEnding' 

2024-11-07 21:38:57 - [MESSAGE][PASSED] - All options with label 'October' are selected in object 'Object Repository/RAD_Pages/TaxTypeFilingYear_Page/select_PeriodEnding' 

2024-11-07 21:38:57 - [TEST_STEP][PASSED] - rad.getSetDataRAD.setDataRADBusinessName(): rad.getSetDataRAD.setDataRADBusinessName is PASSED

2024-11-07 21:38:58 - [MESSAGE][PASSED] - Text 'My Company' is set on object 'Object Repository/RAD_Pages/Taxpayer_Page/input_businessName'

2024-11-07 21:38:58 - [MESSAGE][PASSED] - rad.getSetDataRAD.setDataRADBusinessName is PASSED

2024-11-07 21:38:58 - [TEST_STEP][PASSED] - rad.getSetDataRAD.setDataRADBusinessRep(): rad.getSetDataRAD.setDataRADBusinessRep is PASSED

2024-11-07 21:38:59 - [MESSAGE][PASSED] - Text 'BusRepFname' is set on object 'Object Repository/RAD_Pages/Taxpayer_Page/input_BusinessRepfirstName'

2024-11-07 21:38:59 - [MESSAGE][PASSED] - Text '' is set on object 'Object Repository/RAD_Pages/Taxpayer_Page/input_BusinessRepmiddleName'

2024-11-07 21:39:00 - [MESSAGE][PASSED] - Text 'BusRepLname' is set on object 'Object Repository/RAD_Pages/Taxpayer_Page/input_BusinessReplastName'

2024-11-07 21:39:01 - [MESSAGE][PASSED] - Text '' is set on object 'Object Repository/RAD_Pages/Taxpayer_Page/input_BusinessRepsuffix'

2024-11-07 21:39:01 - [MESSAGE][PASSED] - rad.getSetDataRAD.setDataRADBusinessRep is PASSED

2024-11-07 21:39:01 - [TEST_STEP][PASSED] - rad.getSetDataRAD.setDataRADAddress(): rad.getSetDataRAD.setDataRADAddress is PASSED

2024-11-07 21:39:02 - [MESSAGE][PASSED] - All options with label 'United States' are selected in object 'Object Repository/RAD_Pages/AddressAndContactInfo_Page/select_Country' 

2024-11-07 21:39:02 - [MESSAGE][PASSED] - Text '2508 Mandan Terrace' is set on object 'Object Repository/RAD_Pages/AddressAndContactInfo_Page/input_streetAddress1'

2024-11-07 21:39:03 - [MESSAGE][PASSED] - Text '' is set on object 'Object Repository/RAD_Pages/AddressAndContactInfo_Page/input_streetAddress2'

2024-11-07 21:39:05 - [MESSAGE][PASSED] - Text 'Gambrills' is set on object 'Object Repository/RAD_Pages/AddressAndContactInfo_Page/input_city'

2024-11-07 21:39:05 - [MESSAGE][PASSED] - All options with label 'Maryland' are selected in object 'Object Repository/RAD_Pages/AddressAndContactInfo_Page/select_State' 

2024-11-07 21:39:06 - [MESSAGE][PASSED] - Text '21054' is set on object 'Object Repository/RAD_Pages/AddressAndContactInfo_Page/input_zipCode'

2024-11-07 21:39:07 - [MESSAGE][PASSED] - Text '(703) 894-5000' is set on object 'Object Repository/RAD_Pages/AddressAndContactInfo_Page/input_phoneNumber'

2024-11-07 21:39:08 - [MESSAGE][PASSED] - Text 'iahmed@govolution.com' is set on object 'Object Repository/RAD_Pages/AddressAndContactInfo_Page/input_eMailAddress'

2024-11-07 21:39:08 - [MESSAGE][PASSED] - Text 'iahmed@govolution.com' is set on object 'Object Repository/RAD_Pages/AddressAndContactInfo_Page/input_reEnterEMailAddress'

2024-11-07 21:39:08 - [MESSAGE][PASSED] - rad.getSetDataRAD.setDataRADAddress is PASSED

2024-11-07 21:39:08 - [TEST_STEP][PASSED] - if (feinSSN.equalsIgnoreCase("Y")): null

2024-11-07 21:39:08 - [TEST_STEP][PASSED] - else: Text ****** has been set on object 'Object Repository/RAD_Pages/TaxInfo_Page/input_FederalEIN_ReEnter'

2024-11-07 21:39:08 - [TEST_STEP][PASSED] - if (!(TaxType.equalsIgnoreCase("Estate Tax"))): Text ****** has been set on object 'Object Repository/RAD_Pages/TaxInfo_Page/input_FederalEIN_ReEnter'

2024-11-07 21:39:08 - [TEST_STEP][PASSED] - setEncryptedText(findTestObject(orPath_TaxInfo + "/input_FederalEIN"), "yXB7JMCbD3QoFF75EQd3iw=="): Text ****** has been set on object 'Object Repository/RAD_Pages/TaxInfo_Page/input_FederalEIN'

2024-11-07 21:39:09 - [MESSAGE][PASSED] - Text ****** has been set on object 'Object Repository/RAD_Pages/TaxInfo_Page/input_FederalEIN'

2024-11-07 21:39:09 - [TEST_STEP][PASSED] - setEncryptedText(findTestObject(orPath_TaxInfo + "/input_FederalEIN_ReEnter"), "yXB7JMCbD3QoFF75EQd3iw=="): Text ****** has been set on object 'Object Repository/RAD_Pages/TaxInfo_Page/input_FederalEIN_ReEnter'

2024-11-07 21:39:10 - [MESSAGE][PASSED] - Text ****** has been set on object 'Object Repository/RAD_Pages/TaxInfo_Page/input_FederalEIN_ReEnter'

2024-11-07 21:39:10 - [TEST_STEP][PASSED] - if (CRN.equalsIgnoreCase("Y")): rad.getSetDataRAD.setDataRADMDCRN is PASSED

2024-11-07 21:39:10 - [TEST_STEP][PASSED] - rad.getSetDataRAD.setDataRADMDCRN(): rad.getSetDataRAD.setDataRADMDCRN is PASSED

2024-11-07 21:39:10 - [MESSAGE][PASSED] - Text '07640126' is set on object 'Object Repository/RAD_Pages/TaxInfo_Page/input_MDCRegistration'

2024-11-07 21:39:10 - [MESSAGE][PASSED] - rad.getSetDataRAD.setDataRADMDCRN is PASSED

2024-11-07 21:39:10 - [TEST_STEP][PASSED] - if (MFLicNum.equalsIgnoreCase("Y")): null

2024-11-07 21:39:10 - [TEST_STEP][PASSED] - if (TaxType.equalsIgnoreCase("Estate Tax")): null

2024-11-07 21:39:10 - [TEST_STEP][PASSED] - setText(findTestObject(orPath_Amount + "/input__paymentAmount"), "100.00"): Text '100.00' is set on object 'Object Repository/RAD_Pages/PaymentAmount_Page/input__paymentAmount'

2024-11-07 21:39:11 - [MESSAGE][PASSED] - Text '100.00' is set on object 'Object Repository/RAD_Pages/PaymentAmount_Page/input__paymentAmount'

2024-11-07 21:39:11 - [TEST_STEP][PASSED] - setText(findTestObject(orPath_AddressContact + "/input_streetAddress2"), ""): Text '' is set on object 'Object Repository/RAD_Pages/AddressAndContactInfo_Page/input_streetAddress2'

2024-11-07 21:39:12 - [MESSAGE][PASSED] - Text '' is set on object 'Object Repository/RAD_Pages/AddressAndContactInfo_Page/input_streetAddress2'

2024-11-07 21:39:12 - [TEST_STEP][PASSED] - scrollToElement(findTestObject(orPath_Landing + "/button_Continue"), 3): Scroll to object 'Object Repository/RAD_Pages/Landing_Page/button_Continue' successfully

2024-11-07 21:39:12 - [MESSAGE][PASSED] - Scroll to object 'Object Repository/RAD_Pages/Landing_Page/button_Continue' successfully

2024-11-07 21:39:12 - [TEST_STEP][PASSED] - waitForElementClickable(findTestObject(orPath_Landing + "/button_Continue"), 5): Object 'Object Repository/RAD_Pages/Landing_Page/button_Continue' is clickable

2024-11-07 21:39:12 - [MESSAGE][PASSED] - Object 'Object Repository/RAD_Pages/Landing_Page/button_Continue' is clickable

2024-11-07 21:39:12 - [TEST_STEP][PASSED] - click(findTestObject(orPath_Landing + "/button_Continue")): Object: 'Object Repository/RAD_Pages/Landing_Page/button_Continue' is clicked on

2024-11-07 21:39:13 - [MESSAGE][PASSED] - Object: 'Object Repository/RAD_Pages/Landing_Page/button_Continue' is clicked on

2024-11-07 21:39:13 - [TEST_STEP][PASSED] - delay(2): Delayed 2 second(s)

2024-11-07 21:39:15 - [MESSAGE][PASSED] - Delayed 2 second(s)

2024-11-07 21:39:15 - [TEST_STEP][PASSED] - verifyTextPresent("Summary", true): Text 'Summary' is present on page  using regular expression

2024-11-07 21:39:15 - [MESSAGE][PASSED] - Text 'Summary' is present on page  using regular expression

2024-11-07 21:39:15 - [TEST_STEP][PASSED] - verifyTextPresent("Review the information below and make any necessary corrections by clicking the", true): Text 'Review the information below and make any necessary corrections by clicking the' is present on page  using regular expression

2024-11-07 21:39:16 - [MESSAGE][PASSED] - Text 'Review the information below and make any necessary corrections by clicking the' is present on page  using regular expression

2024-11-07 21:39:16 - [TEST_STEP][PASSED] - verifyTextPresent("When you are confident that all the information is correct, click the", true): Text 'When you are confident that all the information is correct, click the' is present on page  using regular expression

2024-11-07 21:39:16 - [MESSAGE][PASSED] - Text 'When you are confident that all the information is correct, click the' is present on page  using regular expression

2024-11-07 21:39:16 - [TEST_STEP][PASSED] - verifyTextPresent("Payment Type/Filing Year", true): Text 'Payment Type/Filing Year' is present on page  using regular expression

2024-11-07 21:39:16 - [MESSAGE][PASSED] - Text 'Payment Type/Filing Year' is present on page  using regular expression

2024-11-07 21:39:16 - [TEST_STEP][PASSED] - verifyTextPresent("Payment Type:", true): Text 'Payment Type:' is present on page  using regular expression

2024-11-07 21:39:17 - [MESSAGE][PASSED] - Text 'Payment Type:' is present on page  using regular expression

2024-11-07 21:39:17 - [TEST_STEP][PASSED] - verifyTextPresent("New Tax Return Amount Due", true): Text 'New Tax Return Amount Due' is present on page  using regular expression

2024-11-07 21:39:17 - [MESSAGE][PASSED] - Text 'New Tax Return Amount Due' is present on page  using regular expression

2024-11-07 21:39:17 - [TEST_STEP][PASSED] - verifyTextPresent("Filing Year:", true): Text 'Filing Year:' is present on page  using regular expression

2024-11-07 21:39:17 - [MESSAGE][PASSED] - Text 'Filing Year:' is present on page  using regular expression

2024-11-07 21:39:17 - [TEST_STEP][PASSED] - verifyTextPresent(FilingYear, true): Text '2022' is present on page  using regular expression

2024-11-07 21:39:17 - [MESSAGE][PASSED] - Text '2022' is present on page  using regular expression

2024-11-07 21:39:17 - [TEST_STEP][PASSED] - verifyTextPresent("Payer Information", true): Text 'Payer Information' is present on page  using regular expression

2024-11-07 21:39:18 - [MESSAGE][PASSED] - Text 'Payer Information' is present on page  using regular expression

2024-11-07 21:39:18 - [TEST_STEP][PASSED] - verifyTextPresent("Taxpayer Name:", true): Text 'Taxpayer Name:' is present on page  using regular expression

2024-11-07 21:39:18 - [MESSAGE][PASSED] - Text 'Taxpayer Name:' is present on page  using regular expression

2024-11-07 21:39:18 - [TEST_STEP][PASSED] - verifyTextPresent("My Company", true): Text 'My Company' is present on page  using regular expression

2024-11-07 21:39:18 - [MESSAGE][PASSED] - Text 'My Company' is present on page  using regular expression

2024-11-07 21:39:18 - [TEST_STEP][PASSED] - verifyTextPresent("Business Rep Name:", true): Text 'Business Rep Name:' is present on page  using regular expression

2024-11-07 21:39:19 - [MESSAGE][PASSED] - Text 'Business Rep Name:' is present on page  using regular expression

2024-11-07 21:39:19 - [TEST_STEP][PASSED] - verifyTextPresent("BusRepFname BusRepLname", true): Text 'BusRepFname BusRepLname' is present on page  using regular expression

2024-11-07 21:39:19 - [MESSAGE][PASSED] - Text 'BusRepFname BusRepLname' is present on page  using regular expression

2024-11-07 21:39:19 - [TEST_STEP][PASSED] - verifyTextPresent("Taxpayer Address:", true): Text 'Taxpayer Address:' is present on page  using regular expression

2024-11-07 21:39:19 - [MESSAGE][PASSED] - Text 'Taxpayer Address:' is present on page  using regular expression

2024-11-07 21:39:19 - [TEST_STEP][PASSED] - verifyTextPresent("2508 Mandan Terrace Gambrills Maryland 21054", true): Text '2508 Mandan Terrace Gambrills Maryland 21054' is present on page  using regular expression

2024-11-07 21:39:20 - [MESSAGE][PASSED] - Text '2508 Mandan Terrace Gambrills Maryland 21054' is present on page  using regular expression

2024-11-07 21:39:20 - [TEST_STEP][PASSED] - verifyTextPresent("Email:", true): Text 'Email:' is present on page  using regular expression

2024-11-07 21:39:20 - [MESSAGE][PASSED] - Text 'Email:' is present on page  using regular expression

2024-11-07 21:39:20 - [TEST_STEP][PASSED] - verifyTextPresent("iahmed@govolution.com", true): Text 'iahmed@govolution.com' is present on page  using regular expression

2024-11-07 21:39:20 - [MESSAGE][PASSED] - Text 'iahmed@govolution.com' is present on page  using regular expression

2024-11-07 21:39:20 - [TEST_STEP][PASSED] - verifyTextPresent("Phone:", true): Text 'Phone:' is present on page  using regular expression

2024-11-07 21:39:21 - [MESSAGE][PASSED] - Text 'Phone:' is present on page  using regular expression

2024-11-07 21:39:21 - [TEST_STEP][PASSED] - verifyTextPresent("(703) 894-5000", false): Text '(703) 894-5000' is present on page 

2024-11-07 21:39:21 - [MESSAGE][PASSED] - Text '(703) 894-5000' is present on page 

2024-11-07 21:39:21 - [TEST_STEP][PASSED] - verifyTextPresent("Tax Information", true): Text 'Tax Information' is present on page  using regular expression

2024-11-07 21:39:21 - [MESSAGE][PASSED] - Text 'Tax Information' is present on page  using regular expression

2024-11-07 21:39:21 - [TEST_STEP][PASSED] - verifyTextNotPresent("Notice Number", true): Text 'Notice Number' is not present on page using regular expression

2024-11-07 21:39:22 - [MESSAGE][PASSED] - Text 'Notice Number' is not present on page using regular expression

2024-11-07 21:39:22 - [TEST_STEP][PASSED] - if (month.trim()): Text 'October' is present on page  using regular expression

2024-11-07 21:39:22 - [TEST_STEP][PASSED] - verifyTextPresent("Period Ending", true): Text 'Period Ending' is present on page  using regular expression

2024-11-07 21:39:22 - [MESSAGE][PASSED] - Text 'Period Ending' is present on page  using regular expression

2024-11-07 21:39:22 - [TEST_STEP][PASSED] - verifyTextPresent(month, true): Text 'October' is present on page  using regular expression

2024-11-07 21:39:22 - [MESSAGE][PASSED] - Text 'October' is present on page  using regular expression

2024-11-07 21:39:22 - [TEST_STEP][PASSED] - if (feinSSN.equalsIgnoreCase("Y")): null

2024-11-07 21:39:22 - [TEST_STEP][PASSED] - else: Text 'XXXXXXX87' is present on page  using regular expression

2024-11-07 21:39:22 - [TEST_STEP][PASSED] - if (!(TaxType.equalsIgnoreCase("Estate Tax"))): Text 'XXXXXXX87' is present on page  using regular expression

2024-11-07 21:39:22 - [TEST_STEP][PASSED] - verifyTextPresent("Federal EIN:", true): Text 'Federal EIN:' is present on page  using regular expression

2024-11-07 21:39:23 - [MESSAGE][PASSED] - Text 'Federal EIN:' is present on page  using regular expression

2024-11-07 21:39:23 - [TEST_STEP][PASSED] - verifyTextNotPresent("FEIN/SSN:", true): Text 'FEIN/SSN:' is not present on page using regular expression

2024-11-07 21:39:23 - [MESSAGE][PASSED] - Text 'FEIN/SSN:' is not present on page using regular expression

2024-11-07 21:39:23 - [TEST_STEP][PASSED] - verifyTextPresent("XXXXXXX87", true): Text 'XXXXXXX87' is present on page  using regular expression

2024-11-07 21:39:23 - [MESSAGE][PASSED] - Text 'XXXXXXX87' is present on page  using regular expression

2024-11-07 21:39:23 - [TEST_STEP][PASSED] - if (TaxType.equalsIgnoreCase("Estate Tax")): null

2024-11-07 21:39:23 - [TEST_STEP][PASSED] - if (CRN.equalsIgnoreCase("Y")): Text '07640126' is present on page  using regular expression

2024-11-07 21:39:23 - [TEST_STEP][PASSED] - verifyTextPresent("MD Central Registration Number#:", true): Text 'MD Central Registration Number#:' is present on page  using regular expression

2024-11-07 21:39:24 - [MESSAGE][PASSED] - Text 'MD Central Registration Number#:' is present on page  using regular expression

2024-11-07 21:39:24 - [TEST_STEP][PASSED] - verifyTextPresent("07640126", true): Text '07640126' is present on page  using regular expression

2024-11-07 21:39:24 - [MESSAGE][PASSED] - Text '07640126' is present on page  using regular expression

2024-11-07 21:39:24 - [TEST_STEP][PASSED] - if (MFLicNum.equalsIgnoreCase("Y")): null

2024-11-07 21:39:24 - [TEST_STEP][PASSED] - else: Text 'Motor Fuel License Number#:' is not present on page using regular expression

2024-11-07 21:39:24 - [TEST_STEP][PASSED] - verifyTextNotPresent("Motor Fuel License Number#:", true): Text 'Motor Fuel License Number#:' is not present on page using regular expression

2024-11-07 21:39:24 - [MESSAGE][PASSED] - Text 'Motor Fuel License Number#:' is not present on page using regular expression

2024-11-07 21:39:24 - [TEST_STEP][PASSED] - verifyTextPresent("Payment Amount:", true): Text 'Payment Amount:' is present on page  using regular expression

2024-11-07 21:39:25 - [MESSAGE][PASSED] - Text 'Payment Amount:' is present on page  using regular expression

2024-11-07 21:39:25 - [TEST_STEP][PASSED] - verifyTextPresent("100.00", true): Text '100.00' is present on page  using regular expression

2024-11-07 21:39:25 - [MESSAGE][PASSED] - Text '100.00' is present on page  using regular expression

2024-11-07 21:39:25 - [TEST_STEP][PASSED] - if (verifyElementVisible(findTestObject(orPath_Summary + "/button_Proceed to Payment"))): null

2024-11-07 21:39:25 - [MESSAGE][PASSED] - Object 'Object Repository/RAD_Pages/Summary_Page/button_Proceed to Payment' is visible

2024-11-07 21:39:25 - [TEST_STEP][PASSED] - resText = "Pass": null

2024-11-07 21:39:25 - [TEST_STEP][PASSED] - pages.WriteExcel.demoKey(resText, datText, resColumn, datCloumn, fileLoc, nameSheet, row): pages.WriteExcel.demoKey is PASSED

2024-11-07 21:39:25 - [MESSAGE][PASSED] - pages.WriteExcel.demoKey is PASSED

2024-11-07 21:39:25 - [TEST_STEP][PASSED] - click(findTestObject(orPath_Summary + "/button_Proceed to Payment")): Object: 'Object Repository/RAD_Pages/Summary_Page/button_Proceed to Payment' is clicked on

2024-11-07 21:39:28 - [MESSAGE][PASSED] - Object: 'Object Repository/RAD_Pages/Summary_Page/button_Proceed to Payment' is clicked on

2024-11-07 21:39:28 - [TEST_STEP][PASSED] - verifyElementPresent(findTestObject("Object Repository/RAD_Pages/PaymentEntry_Page/input__billingName"), 30): Object 'Object Repository/RAD_Pages/PaymentEntry_Page/input__billingName' is present

2024-11-07 21:39:28 - [MESSAGE][PASSED] - Object 'Object Repository/RAD_Pages/PaymentEntry_Page/input__billingName' is present

2024-11-07 21:39:28 - [TEST_STEP][PASSED] - ExecuteTC = findTestData(dataFile).getValue("Execute", row): null

2024-11-07 21:39:29 - [TEST_STEP][PASSED] - TaxType = findTestData(dataFile).getValue("TaxType", row): null

2024-11-07 21:39:29 - [TEST_STEP][PASSED] - PaymentType = findTestData(dataFile).getValue("PaymentType", row): null

2024-11-07 21:39:29 - [TEST_STEP][PASSED] - FilingYear = findTestData(dataFile).getValue("Year", row): null

2024-11-07 21:39:29 - [TEST_STEP][PASSED] - feinSSN = findTestData(dataFile).getValue("FeinSsn", row): null

2024-11-07 21:39:29 - [TEST_STEP][PASSED] - CRN = findTestData(dataFile).getValue("CRN", row): null

2024-11-07 21:39:29 - [TEST_STEP][PASSED] - month = findTestData(dataFile).getValue("Month", row): null

2024-11-07 21:39:29 - [TEST_STEP][PASSED] - MFLicNum = findTestData(dataFile).getValue("MFLicNum", row): null

2024-11-07 21:39:29 - [TEST_STEP][PASSED] - if (ExecuteTC.equalsIgnoreCase("Y")): Object 'Object Repository/RAD_Pages/PaymentEntry_Page/input__billingName' is present

2024-11-07 21:39:29 - [TEST_STEP][PASSED] - out.println("Begin Record Number: " + row): null

2024-11-07 21:39:29 - [TEST_STEP][PASSED] - today = new java.util.Date(): null

2024-11-07 21:39:29 - [TEST_STEP][PASSED] - println(today): null

2024-11-07 21:39:29 - [TEST_STEP][PASSED] - datText = today: null

2024-11-07 21:39:29 - [TEST_STEP][PASSED] - logInfo("Payment Type: New Tax Return Amount Due"): Payment Type: New Tax Return Amount Due

2024-11-07 21:39:29 - [MESSAGE][INFO] - Payment Type: New Tax Return Amount Due

2024-11-07 21:39:29 - [TEST_STEP][PASSED] - logInfo("Tax Type: " + TaxType): Tax Type: Slots License Fee

2024-11-07 21:39:29 - [MESSAGE][INFO] - Tax Type: Slots License Fee

2024-11-07 21:39:29 - [TEST_STEP][PASSED] - openBrowser(""): Browser is opened with url: ''

2024-11-07 21:39:29 - [MESSAGE][WARNING] - A browser is already opened. Closing browser and opening a new one

2024-11-07 21:39:31 - [MESSAGE][INFO] - Starting 'Chrome' driver

2024-11-07 21:39:31 - [MESSAGE][INFO] - User set preference: ['acceptInsecureCerts', 'true']

2024-11-07 21:39:31 - [MESSAGE][INFO] - Action delay is set to 0 milliseconds

2024-11-07 21:39:33 - [MESSAGE][PASSED] - Browser is opened with url: ''

2024-11-07 21:39:33 - [TEST_STEP][PASSED] - maximizeWindow(): Current window maximized

2024-11-07 21:39:33 - [MESSAGE][PASSED] - Current window maximized

2024-11-07 21:39:33 - [TEST_STEP][PASSED] - navigateToUrl(RADurl): Navigate to 'https://www.velocitypayment.com/client/rad/index.html' successfully

2024-11-07 21:39:35 - [MESSAGE][PASSED] - Navigate to 'https://www.velocitypayment.com/client/rad/index.html' successfully

2024-11-07 21:39:35 - [TEST_STEP][PASSED] - selectOptionByLabel(findTestObject(orPath_Landing + "/dd_TaxType"), "New Tax Return Amount Due", false): All options with label 'New Tax Return Amount Due' are selected in object 'Object Repository/RAD_Pages/Landing_Page/dd_TaxType' 

2024-11-07 21:39:35 - [MESSAGE][PASSED] - All options with label 'New Tax Return Amount Due' are selected in object 'Object Repository/RAD_Pages/Landing_Page/dd_TaxType' 

2024-11-07 21:39:35 - [TEST_STEP][PASSED] - selectOptionByLabel(findTestObject("Object Repository/RAD_Pages/Landing_Page/select_NewTaxReturnAmountDue_TaxType"), TaxType, false): All options with label 'Slots License Fee' are selected in object 'Object Repository/RAD_Pages/Landing_Page/select_NewTaxReturnAmountDue_TaxType' 

2024-11-07 21:39:36 - [MESSAGE][PASSED] - All options with label 'Slots License Fee' are selected in object 'Object Repository/RAD_Pages/Landing_Page/select_NewTaxReturnAmountDue_TaxType' 

2024-11-07 21:39:36 - [TEST_STEP][PASSED] - selectOptionByLabel(findTestObject(orPath_TaxTypeFilingYear + "/select_FilingYear"), FilingYear, false): All options with label '2022' are selected in object 'Object Repository/RAD_Pages/TaxTypeFilingYear_Page/select_FilingYear' 

2024-11-07 21:39:37 - [MESSAGE][PASSED] - All options with label '2022' are selected in object 'Object Repository/RAD_Pages/TaxTypeFilingYear_Page/select_FilingYear' 

2024-11-07 21:39:37 - [TEST_STEP][PASSED] - if (month.trim()): null

2024-11-07 21:39:37 - [TEST_STEP][PASSED] - rad.getSetDataRAD.setDataRADBusinessName(): rad.getSetDataRAD.setDataRADBusinessName is PASSED

2024-11-07 21:39:38 - [MESSAGE][PASSED] - Text 'My Company' is set on object 'Object Repository/RAD_Pages/Taxpayer_Page/input_businessName'

2024-11-07 21:39:38 - [MESSAGE][PASSED] - rad.getSetDataRAD.setDataRADBusinessName is PASSED

2024-11-07 21:39:38 - [TEST_STEP][PASSED] - rad.getSetDataRAD.setDataRADBusinessRep(): rad.getSetDataRAD.setDataRADBusinessRep is PASSED

2024-11-07 21:39:39 - [MESSAGE][PASSED] - Text 'BusRepFname' is set on object 'Object Repository/RAD_Pages/Taxpayer_Page/input_BusinessRepfirstName'

2024-11-07 21:39:39 - [MESSAGE][PASSED] - Text '' is set on object 'Object Repository/RAD_Pages/Taxpayer_Page/input_BusinessRepmiddleName'

2024-11-07 21:39:40 - [MESSAGE][PASSED] - Text 'BusRepLname' is set on object 'Object Repository/RAD_Pages/Taxpayer_Page/input_BusinessReplastName'

2024-11-07 21:39:41 - [MESSAGE][PASSED] - Text '' is set on object 'Object Repository/RAD_Pages/Taxpayer_Page/input_BusinessRepsuffix'

2024-11-07 21:39:41 - [MESSAGE][PASSED] - rad.getSetDataRAD.setDataRADBusinessRep is PASSED

2024-11-07 21:39:41 - [TEST_STEP][PASSED] - rad.getSetDataRAD.setDataRADAddress(): rad.getSetDataRAD.setDataRADAddress is PASSED

2024-11-07 21:39:41 - [MESSAGE][PASSED] - All options with label 'United States' are selected in object 'Object Repository/RAD_Pages/AddressAndContactInfo_Page/select_Country' 

2024-11-07 21:39:42 - [MESSAGE][PASSED] - Text '2508 Mandan Terrace' is set on object 'Object Repository/RAD_Pages/AddressAndContactInfo_Page/input_streetAddress1'

2024-11-07 21:39:43 - [MESSAGE][PASSED] - Text '' is set on object 'Object Repository/RAD_Pages/AddressAndContactInfo_Page/input_streetAddress2'

2024-11-07 21:39:44 - [MESSAGE][PASSED] - Text 'Gambrills' is set on object 'Object Repository/RAD_Pages/AddressAndContactInfo_Page/input_city'

2024-11-07 21:39:44 - [MESSAGE][PASSED] - All options with label 'Maryland' are selected in object 'Object Repository/RAD_Pages/AddressAndContactInfo_Page/select_State' 

2024-11-07 21:39:45 - [MESSAGE][PASSED] - Text '21054' is set on object 'Object Repository/RAD_Pages/AddressAndContactInfo_Page/input_zipCode'

2024-11-07 21:39:46 - [MESSAGE][PASSED] - Text '(703) 894-5000' is set on object 'Object Repository/RAD_Pages/AddressAndContactInfo_Page/input_phoneNumber'

2024-11-07 21:39:46 - [MESSAGE][PASSED] - Text 'iahmed@govolution.com' is set on object 'Object Repository/RAD_Pages/AddressAndContactInfo_Page/input_eMailAddress'

2024-11-07 21:39:47 - [MESSAGE][PASSED] - Text 'iahmed@govolution.com' is set on object 'Object Repository/RAD_Pages/AddressAndContactInfo_Page/input_reEnterEMailAddress'

2024-11-07 21:39:47 - [MESSAGE][PASSED] - rad.getSetDataRAD.setDataRADAddress is PASSED

2024-11-07 21:39:47 - [TEST_STEP][PASSED] - if (feinSSN.equalsIgnoreCase("Y")): null

2024-11-07 21:39:47 - [TEST_STEP][PASSED] - else: Text ****** has been set on object 'Object Repository/RAD_Pages/TaxInfo_Page/input_FederalEIN_ReEnter'

2024-11-07 21:39:47 - [TEST_STEP][PASSED] - if (!(TaxType.equalsIgnoreCase("Estate Tax"))): Text ****** has been set on object 'Object Repository/RAD_Pages/TaxInfo_Page/input_FederalEIN_ReEnter'

2024-11-07 21:39:47 - [TEST_STEP][PASSED] - setEncryptedText(findTestObject(orPath_TaxInfo + "/input_FederalEIN"), "yXB7JMCbD3QoFF75EQd3iw=="): Text ****** has been set on object 'Object Repository/RAD_Pages/TaxInfo_Page/input_FederalEIN'

2024-11-07 21:39:48 - [MESSAGE][PASSED] - Text ****** has been set on object 'Object Repository/RAD_Pages/TaxInfo_Page/input_FederalEIN'

2024-11-07 21:39:48 - [TEST_STEP][PASSED] - setEncryptedText(findTestObject(orPath_TaxInfo + "/input_FederalEIN_ReEnter"), "yXB7JMCbD3QoFF75EQd3iw=="): Text ****** has been set on object 'Object Repository/RAD_Pages/TaxInfo_Page/input_FederalEIN_ReEnter'

2024-11-07 21:39:48 - [MESSAGE][PASSED] - Text ****** has been set on object 'Object Repository/RAD_Pages/TaxInfo_Page/input_FederalEIN_ReEnter'

2024-11-07 21:39:48 - [TEST_STEP][PASSED] - if (CRN.equalsIgnoreCase("Y")): rad.getSetDataRAD.setDataRADMDCRN is PASSED

2024-11-07 21:39:48 - [TEST_STEP][PASSED] - rad.getSetDataRAD.setDataRADMDCRN(): rad.getSetDataRAD.setDataRADMDCRN is PASSED

2024-11-07 21:39:49 - [MESSAGE][PASSED] - Text '07640126' is set on object 'Object Repository/RAD_Pages/TaxInfo_Page/input_MDCRegistration'

2024-11-07 21:39:49 - [MESSAGE][PASSED] - rad.getSetDataRAD.setDataRADMDCRN is PASSED

2024-11-07 21:39:49 - [TEST_STEP][PASSED] - if (MFLicNum.equalsIgnoreCase("Y")): null

2024-11-07 21:39:49 - [TEST_STEP][PASSED] - if (TaxType.equalsIgnoreCase("Estate Tax")): null

2024-11-07 21:39:49 - [TEST_STEP][PASSED] - setText(findTestObject(orPath_Amount + "/input__paymentAmount"), "100.00"): Text '100.00' is set on object 'Object Repository/RAD_Pages/PaymentAmount_Page/input__paymentAmount'

2024-11-07 21:39:50 - [MESSAGE][PASSED] - Text '100.00' is set on object 'Object Repository/RAD_Pages/PaymentAmount_Page/input__paymentAmount'

2024-11-07 21:39:50 - [TEST_STEP][PASSED] - setText(findTestObject(orPath_AddressContact + "/input_streetAddress2"), ""): Text '' is set on object 'Object Repository/RAD_Pages/AddressAndContactInfo_Page/input_streetAddress2'

2024-11-07 21:39:50 - [MESSAGE][PASSED] - Text '' is set on object 'Object Repository/RAD_Pages/AddressAndContactInfo_Page/input_streetAddress2'

2024-11-07 21:39:50 - [TEST_STEP][PASSED] - scrollToElement(findTestObject(orPath_Landing + "/button_Continue"), 3): Scroll to object 'Object Repository/RAD_Pages/Landing_Page/button_Continue' successfully

2024-11-07 21:39:51 - [MESSAGE][PASSED] - Scroll to object 'Object Repository/RAD_Pages/Landing_Page/button_Continue' successfully

2024-11-07 21:39:51 - [TEST_STEP][PASSED] - waitForElementClickable(findTestObject(orPath_Landing + "/button_Continue"), 5): Object 'Object Repository/RAD_Pages/Landing_Page/button_Continue' is clickable

2024-11-07 21:39:51 - [MESSAGE][PASSED] - Object 'Object Repository/RAD_Pages/Landing_Page/button_Continue' is clickable

2024-11-07 21:39:51 - [TEST_STEP][PASSED] - click(findTestObject(orPath_Landing + "/button_Continue")): Object: 'Object Repository/RAD_Pages/Landing_Page/button_Continue' is clicked on

2024-11-07 21:39:52 - [MESSAGE][PASSED] - Object: 'Object Repository/RAD_Pages/Landing_Page/button_Continue' is clicked on

2024-11-07 21:39:52 - [TEST_STEP][PASSED] - delay(2): Delayed 2 second(s)

2024-11-07 21:39:54 - [MESSAGE][PASSED] - Delayed 2 second(s)

2024-11-07 21:39:54 - [TEST_STEP][PASSED] - verifyTextPresent("Summary", true): Text 'Summary' is present on page  using regular expression

2024-11-07 21:39:54 - [MESSAGE][PASSED] - Text 'Summary' is present on page  using regular expression

2024-11-07 21:39:54 - [TEST_STEP][PASSED] - verifyTextPresent("Review the information below and make any necessary corrections by clicking the", true): Text 'Review the information below and make any necessary corrections by clicking the' is present on page  using regular expression

2024-11-07 21:39:54 - [MESSAGE][PASSED] - Text 'Review the information below and make any necessary corrections by clicking the' is present on page  using regular expression

2024-11-07 21:39:54 - [TEST_STEP][PASSED] - verifyTextPresent("When you are confident that all the information is correct, click the", true): Text 'When you are confident that all the information is correct, click the' is present on page  using regular expression

2024-11-07 21:39:55 - [MESSAGE][PASSED] - Text 'When you are confident that all the information is correct, click the' is present on page  using regular expression

2024-11-07 21:39:55 - [TEST_STEP][PASSED] - verifyTextPresent("Payment Type/Filing Year", true): Text 'Payment Type/Filing Year' is present on page  using regular expression

2024-11-07 21:39:55 - [MESSAGE][PASSED] - Text 'Payment Type/Filing Year' is present on page  using regular expression

2024-11-07 21:39:55 - [TEST_STEP][PASSED] - verifyTextPresent("Payment Type:", true): Text 'Payment Type:' is present on page  using regular expression

2024-11-07 21:39:55 - [MESSAGE][PASSED] - Text 'Payment Type:' is present on page  using regular expression

2024-11-07 21:39:55 - [TEST_STEP][PASSED] - verifyTextPresent("New Tax Return Amount Due", true): Text 'New Tax Return Amount Due' is present on page  using regular expression

2024-11-07 21:39:56 - [MESSAGE][PASSED] - Text 'New Tax Return Amount Due' is present on page  using regular expression

2024-11-07 21:39:56 - [TEST_STEP][PASSED] - verifyTextPresent("Filing Year:", true): Text 'Filing Year:' is present on page  using regular expression

2024-11-07 21:39:56 - [MESSAGE][PASSED] - Text 'Filing Year:' is present on page  using regular expression

2024-11-07 21:39:56 - [TEST_STEP][PASSED] - verifyTextPresent(FilingYear, true): Text '2022' is present on page  using regular expression

2024-11-07 21:39:56 - [MESSAGE][PASSED] - Text '2022' is present on page  using regular expression

2024-11-07 21:39:56 - [TEST_STEP][PASSED] - verifyTextPresent("Payer Information", true): Text 'Payer Information' is present on page  using regular expression

2024-11-07 21:39:57 - [MESSAGE][PASSED] - Text 'Payer Information' is present on page  using regular expression

2024-11-07 21:39:57 - [TEST_STEP][PASSED] - verifyTextPresent("Taxpayer Name:", true): Text 'Taxpayer Name:' is present on page  using regular expression

2024-11-07 21:39:57 - [MESSAGE][PASSED] - Text 'Taxpayer Name:' is present on page  using regular expression

2024-11-07 21:39:57 - [TEST_STEP][PASSED] - verifyTextPresent("My Company", true): Text 'My Company' is present on page  using regular expression

2024-11-07 21:39:57 - [MESSAGE][PASSED] - Text 'My Company' is present on page  using regular expression

2024-11-07 21:39:57 - [TEST_STEP][PASSED] - verifyTextPresent("Business Rep Name:", true): Text 'Business Rep Name:' is present on page  using regular expression

2024-11-07 21:39:58 - [MESSAGE][PASSED] - Text 'Business Rep Name:' is present on page  using regular expression

2024-11-07 21:39:58 - [TEST_STEP][PASSED] - verifyTextPresent("BusRepFname BusRepLname", true): Text 'BusRepFname BusRepLname' is present on page  using regular expression

2024-11-07 21:39:58 - [MESSAGE][PASSED] - Text 'BusRepFname BusRepLname' is present on page  using regular expression

2024-11-07 21:39:58 - [TEST_STEP][PASSED] - verifyTextPresent("Taxpayer Address:", true): Text 'Taxpayer Address:' is present on page  using regular expression

2024-11-07 21:39:58 - [MESSAGE][PASSED] - Text 'Taxpayer Address:' is present on page  using regular expression

2024-11-07 21:39:58 - [TEST_STEP][PASSED] - verifyTextPresent("2508 Mandan Terrace Gambrills Maryland 21054", true): Text '2508 Mandan Terrace Gambrills Maryland 21054' is present on page  using regular expression

2024-11-07 21:39:59 - [MESSAGE][PASSED] - Text '2508 Mandan Terrace Gambrills Maryland 21054' is present on page  using regular expression

2024-11-07 21:39:59 - [TEST_STEP][PASSED] - verifyTextPresent("Email:", true): Text 'Email:' is present on page  using regular expression

2024-11-07 21:39:59 - [MESSAGE][PASSED] - Text 'Email:' is present on page  using regular expression

2024-11-07 21:39:59 - [TEST_STEP][PASSED] - verifyTextPresent("iahmed@govolution.com", true): Text 'iahmed@govolution.com' is present on page  using regular expression

2024-11-07 21:39:59 - [MESSAGE][PASSED] - Text 'iahmed@govolution.com' is present on page  using regular expression

2024-11-07 21:39:59 - [TEST_STEP][PASSED] - verifyTextPresent("Phone:", true): Text 'Phone:' is present on page  using regular expression

2024-11-07 21:40:00 - [MESSAGE][PASSED] - Text 'Phone:' is present on page  using regular expression

2024-11-07 21:40:00 - [TEST_STEP][PASSED] - verifyTextPresent("(703) 894-5000", false): Text '(703) 894-5000' is present on page 

2024-11-07 21:40:00 - [MESSAGE][PASSED] - Text '(703) 894-5000' is present on page 

2024-11-07 21:40:00 - [TEST_STEP][PASSED] - verifyTextPresent("Tax Information", true): Text 'Tax Information' is present on page  using regular expression

2024-11-07 21:40:00 - [MESSAGE][PASSED] - Text 'Tax Information' is present on page  using regular expression

2024-11-07 21:40:00 - [TEST_STEP][PASSED] - verifyTextNotPresent("Notice Number", true): Text 'Notice Number' is not present on page using regular expression

2024-11-07 21:40:01 - [MESSAGE][PASSED] - Text 'Notice Number' is not present on page using regular expression

2024-11-07 21:40:01 - [TEST_STEP][PASSED] - if (month.trim()): null

2024-11-07 21:40:01 - [TEST_STEP][PASSED] - else: Text 'Period Ending' is not present on page using regular expression

2024-11-07 21:40:01 - [TEST_STEP][PASSED] - verifyTextNotPresent("Period Ending", true): Text 'Period Ending' is not present on page using regular expression

2024-11-07 21:40:01 - [MESSAGE][PASSED] - Text 'Period Ending' is not present on page using regular expression

2024-11-07 21:40:01 - [TEST_STEP][PASSED] - if (feinSSN.equalsIgnoreCase("Y")): null

2024-11-07 21:40:01 - [TEST_STEP][PASSED] - else: Text 'XXXXXXX87' is present on page  using regular expression

2024-11-07 21:40:01 - [TEST_STEP][PASSED] - if (!(TaxType.equalsIgnoreCase("Estate Tax"))): Text 'XXXXXXX87' is present on page  using regular expression

2024-11-07 21:40:01 - [TEST_STEP][PASSED] - verifyTextPresent("Federal EIN:", true): Text 'Federal EIN:' is present on page  using regular expression

2024-11-07 21:40:01 - [MESSAGE][PASSED] - Text 'Federal EIN:' is present on page  using regular expression

2024-11-07 21:40:01 - [TEST_STEP][PASSED] - verifyTextNotPresent("FEIN/SSN:", true): Text 'FEIN/SSN:' is not present on page using regular expression

2024-11-07 21:40:02 - [MESSAGE][PASSED] - Text 'FEIN/SSN:' is not present on page using regular expression

2024-11-07 21:40:02 - [TEST_STEP][PASSED] - verifyTextPresent("XXXXXXX87", true): Text 'XXXXXXX87' is present on page  using regular expression

2024-11-07 21:40:02 - [MESSAGE][PASSED] - Text 'XXXXXXX87' is present on page  using regular expression

2024-11-07 21:40:02 - [TEST_STEP][PASSED] - if (TaxType.equalsIgnoreCase("Estate Tax")): null

2024-11-07 21:40:02 - [TEST_STEP][PASSED] - if (CRN.equalsIgnoreCase("Y")): Text '07640126' is present on page  using regular expression

2024-11-07 21:40:02 - [TEST_STEP][PASSED] - verifyTextPresent("MD Central Registration Number#:", true): Text 'MD Central Registration Number#:' is present on page  using regular expression

2024-11-07 21:40:02 - [MESSAGE][PASSED] - Text 'MD Central Registration Number#:' is present on page  using regular expression

2024-11-07 21:40:02 - [TEST_STEP][PASSED] - verifyTextPresent("07640126", true): Text '07640126' is present on page  using regular expression

2024-11-07 21:40:02 - [MESSAGE][PASSED] - Text '07640126' is present on page  using regular expression

2024-11-07 21:40:02 - [TEST_STEP][PASSED] - if (MFLicNum.equalsIgnoreCase("Y")): null

2024-11-07 21:40:02 - [TEST_STEP][PASSED] - else: Text 'Motor Fuel License Number#:' is not present on page using regular expression

2024-11-07 21:40:02 - [TEST_STEP][PASSED] - verifyTextNotPresent("Motor Fuel License Number#:", true): Text 'Motor Fuel License Number#:' is not present on page using regular expression

2024-11-07 21:40:03 - [MESSAGE][PASSED] - Text 'Motor Fuel License Number#:' is not present on page using regular expression

2024-11-07 21:40:03 - [TEST_STEP][PASSED] - verifyTextPresent("Payment Amount:", true): Text 'Payment Amount:' is present on page  using regular expression

2024-11-07 21:40:03 - [MESSAGE][PASSED] - Text 'Payment Amount:' is present on page  using regular expression

2024-11-07 21:40:03 - [TEST_STEP][PASSED] - verifyTextPresent("100.00", true): Text '100.00' is present on page  using regular expression

2024-11-07 21:40:03 - [MESSAGE][PASSED] - Text '100.00' is present on page  using regular expression

2024-11-07 21:40:03 - [TEST_STEP][PASSED] - if (verifyElementVisible(findTestObject(orPath_Summary + "/button_Proceed to Payment"))): null

2024-11-07 21:40:04 - [MESSAGE][PASSED] - Object 'Object Repository/RAD_Pages/Summary_Page/button_Proceed to Payment' is visible

2024-11-07 21:40:04 - [TEST_STEP][PASSED] - resText = "Pass": null

2024-11-07 21:40:04 - [TEST_STEP][PASSED] - pages.WriteExcel.demoKey(resText, datText, resColumn, datCloumn, fileLoc, nameSheet, row): pages.WriteExcel.demoKey is PASSED

2024-11-07 21:40:04 - [MESSAGE][PASSED] - pages.WriteExcel.demoKey is PASSED

2024-11-07 21:40:04 - [TEST_STEP][PASSED] - click(findTestObject(orPath_Summary + "/button_Proceed to Payment")): Object: 'Object Repository/RAD_Pages/Summary_Page/button_Proceed to Payment' is clicked on

2024-11-07 21:40:06 - [MESSAGE][PASSED] - Object: 'Object Repository/RAD_Pages/Summary_Page/button_Proceed to Payment' is clicked on

2024-11-07 21:40:06 - [TEST_STEP][PASSED] - verifyElementPresent(findTestObject("Object Repository/RAD_Pages/PaymentEntry_Page/input__billingName"), 30): Object 'Object Repository/RAD_Pages/PaymentEntry_Page/input__billingName' is present

2024-11-07 21:40:07 - [MESSAGE][PASSED] - Object 'Object Repository/RAD_Pages/PaymentEntry_Page/input__billingName' is present

2024-11-07 21:40:07 - [TEST_STEP][PASSED] - ExecuteTC = findTestData(dataFile).getValue("Execute", row): null

2024-11-07 21:40:07 - [TEST_STEP][PASSED] - TaxType = findTestData(dataFile).getValue("TaxType", row): null

2024-11-07 21:40:07 - [TEST_STEP][PASSED] - PaymentType = findTestData(dataFile).getValue("PaymentType", row): null

2024-11-07 21:40:07 - [TEST_STEP][PASSED] - FilingYear = findTestData(dataFile).getValue("Year", row): null

2024-11-07 21:40:07 - [TEST_STEP][PASSED] - feinSSN = findTestData(dataFile).getValue("FeinSsn", row): null

2024-11-07 21:40:07 - [TEST_STEP][PASSED] - CRN = findTestData(dataFile).getValue("CRN", row): null

2024-11-07 21:40:07 - [TEST_STEP][PASSED] - month = findTestData(dataFile).getValue("Month", row): null

2024-11-07 21:40:07 - [TEST_STEP][PASSED] - MFLicNum = findTestData(dataFile).getValue("MFLicNum", row): null

2024-11-07 21:40:07 - [TEST_STEP][PASSED] - if (ExecuteTC.equalsIgnoreCase("Y")): Object 'Object Repository/RAD_Pages/PaymentEntry_Page/input__billingName' is present

2024-11-07 21:40:07 - [TEST_STEP][PASSED] - out.println("Begin Record Number: " + row): null

2024-11-07 21:40:07 - [TEST_STEP][PASSED] - today = new java.util.Date(): null

2024-11-07 21:40:07 - [TEST_STEP][PASSED] - println(today): null

2024-11-07 21:40:07 - [TEST_STEP][PASSED] - datText = today: null

2024-11-07 21:40:07 - [TEST_STEP][PASSED] - logInfo("Payment Type: New Tax Return Amount Due"): Payment Type: New Tax Return Amount Due

2024-11-07 21:40:07 - [MESSAGE][INFO] - Payment Type: New Tax Return Amount Due

2024-11-07 21:40:07 - [TEST_STEP][PASSED] - logInfo("Tax Type: " + TaxType): Tax Type: Tire Recycling Fee

2024-11-07 21:40:07 - [MESSAGE][INFO] - Tax Type: Tire Recycling Fee

2024-11-07 21:40:07 - [TEST_STEP][PASSED] - openBrowser(""): Browser is opened with url: ''

2024-11-07 21:40:07 - [MESSAGE][WARNING] - A browser is already opened. Closing browser and opening a new one

2024-11-07 21:40:09 - [MESSAGE][INFO] - Starting 'Chrome' driver

2024-11-07 21:40:09 - [MESSAGE][INFO] - User set preference: ['acceptInsecureCerts', 'true']

2024-11-07 21:40:09 - [MESSAGE][INFO] - Action delay is set to 0 milliseconds

2024-11-07 21:40:11 - [MESSAGE][PASSED] - Browser is opened with url: ''

2024-11-07 21:40:11 - [TEST_STEP][PASSED] - maximizeWindow(): Current window maximized

2024-11-07 21:40:11 - [MESSAGE][PASSED] - Current window maximized

2024-11-07 21:40:11 - [TEST_STEP][PASSED] - navigateToUrl(RADurl): Navigate to 'https://www.velocitypayment.com/client/rad/index.html' successfully

2024-11-07 21:40:13 - [MESSAGE][PASSED] - Navigate to 'https://www.velocitypayment.com/client/rad/index.html' successfully

2024-11-07 21:40:13 - [TEST_STEP][PASSED] - selectOptionByLabel(findTestObject(orPath_Landing + "/dd_TaxType"), "New Tax Return Amount Due", false): All options with label 'New Tax Return Amount Due' are selected in object 'Object Repository/RAD_Pages/Landing_Page/dd_TaxType' 

2024-11-07 21:40:14 - [MESSAGE][PASSED] - All options with label 'New Tax Return Amount Due' are selected in object 'Object Repository/RAD_Pages/Landing_Page/dd_TaxType' 

2024-11-07 21:40:14 - [TEST_STEP][PASSED] - selectOptionByLabel(findTestObject("Object Repository/RAD_Pages/Landing_Page/select_NewTaxReturnAmountDue_TaxType"), TaxType, false): All options with label 'Tire Recycling Fee' are selected in object 'Object Repository/RAD_Pages/Landing_Page/select_NewTaxReturnAmountDue_TaxType' 

2024-11-07 21:40:15 - [MESSAGE][PASSED] - All options with label 'Tire Recycling Fee' are selected in object 'Object Repository/RAD_Pages/Landing_Page/select_NewTaxReturnAmountDue_TaxType' 

2024-11-07 21:40:15 - [TEST_STEP][PASSED] - selectOptionByLabel(findTestObject(orPath_TaxTypeFilingYear + "/select_FilingYear"), FilingYear, false): All options with label '2022' are selected in object 'Object Repository/RAD_Pages/TaxTypeFilingYear_Page/select_FilingYear' 

2024-11-07 21:40:15 - [MESSAGE][PASSED] - All options with label '2022' are selected in object 'Object Repository/RAD_Pages/TaxTypeFilingYear_Page/select_FilingYear' 

2024-11-07 21:40:15 - [TEST_STEP][PASSED] - if (month.trim()): All options with label 'November' are selected in object 'Object Repository/RAD_Pages/TaxTypeFilingYear_Page/select_PeriodEnding' 

2024-11-07 21:40:15 - [TEST_STEP][PASSED] - selectOptionByLabel(findTestObject(orPath_TaxTypeFilingYear + "/select_PeriodEnding"), month, false): All options with label 'November' are selected in object 'Object Repository/RAD_Pages/TaxTypeFilingYear_Page/select_PeriodEnding' 

2024-11-07 21:40:16 - [MESSAGE][PASSED] - All options with label 'November' are selected in object 'Object Repository/RAD_Pages/TaxTypeFilingYear_Page/select_PeriodEnding' 

2024-11-07 21:40:16 - [TEST_STEP][PASSED] - rad.getSetDataRAD.setDataRADBusinessName(): rad.getSetDataRAD.setDataRADBusinessName is PASSED

2024-11-07 21:40:17 - [MESSAGE][PASSED] - Text 'My Company' is set on object 'Object Repository/RAD_Pages/Taxpayer_Page/input_businessName'

2024-11-07 21:40:17 - [MESSAGE][PASSED] - rad.getSetDataRAD.setDataRADBusinessName is PASSED

2024-11-07 21:40:17 - [TEST_STEP][PASSED] - rad.getSetDataRAD.setDataRADBusinessRep(): rad.getSetDataRAD.setDataRADBusinessRep is PASSED

2024-11-07 21:40:18 - [MESSAGE][PASSED] - Text 'BusRepFname' is set on object 'Object Repository/RAD_Pages/Taxpayer_Page/input_BusinessRepfirstName'

2024-11-07 21:40:19 - [MESSAGE][PASSED] - Text '' is set on object 'Object Repository/RAD_Pages/Taxpayer_Page/input_BusinessRepmiddleName'

2024-11-07 21:40:19 - [MESSAGE][PASSED] - Text 'BusRepLname' is set on object 'Object Repository/RAD_Pages/Taxpayer_Page/input_BusinessReplastName'

2024-11-07 21:40:20 - [MESSAGE][PASSED] - Text '' is set on object 'Object Repository/RAD_Pages/Taxpayer_Page/input_BusinessRepsuffix'

2024-11-07 21:40:20 - [MESSAGE][PASSED] - rad.getSetDataRAD.setDataRADBusinessRep is PASSED

2024-11-07 21:40:20 - [TEST_STEP][PASSED] - rad.getSetDataRAD.setDataRADAddress(): rad.getSetDataRAD.setDataRADAddress is PASSED

2024-11-07 21:40:21 - [MESSAGE][PASSED] - All options with label 'United States' are selected in object 'Object Repository/RAD_Pages/AddressAndContactInfo_Page/select_Country' 

2024-11-07 21:40:22 - [MESSAGE][PASSED] - Text '2508 Mandan Terrace' is set on object 'Object Repository/RAD_Pages/AddressAndContactInfo_Page/input_streetAddress1'

2024-11-07 21:40:23 - [MESSAGE][PASSED] - Text '' is set on object 'Object Repository/RAD_Pages/AddressAndContactInfo_Page/input_streetAddress2'

2024-11-07 21:40:24 - [MESSAGE][PASSED] - Text 'Gambrills' is set on object 'Object Repository/RAD_Pages/AddressAndContactInfo_Page/input_city'

2024-11-07 21:40:24 - [MESSAGE][PASSED] - All options with label 'Maryland' are selected in object 'Object Repository/RAD_Pages/AddressAndContactInfo_Page/select_State' 

2024-11-07 21:40:25 - [MESSAGE][PASSED] - Text '21054' is set on object 'Object Repository/RAD_Pages/AddressAndContactInfo_Page/input_zipCode'

2024-11-07 21:40:26 - [MESSAGE][PASSED] - Text '(703) 894-5000' is set on object 'Object Repository/RAD_Pages/AddressAndContactInfo_Page/input_phoneNumber'

2024-11-07 21:40:27 - [MESSAGE][PASSED] - Text 'iahmed@govolution.com' is set on object 'Object Repository/RAD_Pages/AddressAndContactInfo_Page/input_eMailAddress'

2024-11-07 21:40:28 - [MESSAGE][PASSED] - Text 'iahmed@govolution.com' is set on object 'Object Repository/RAD_Pages/AddressAndContactInfo_Page/input_reEnterEMailAddress'

2024-11-07 21:40:28 - [MESSAGE][PASSED] - rad.getSetDataRAD.setDataRADAddress is PASSED

2024-11-07 21:40:28 - [TEST_STEP][PASSED] - if (feinSSN.equalsIgnoreCase("Y")): null

2024-11-07 21:40:28 - [TEST_STEP][PASSED] - else: Text ****** has been set on object 'Object Repository/RAD_Pages/TaxInfo_Page/input_FederalEIN_ReEnter'

2024-11-07 21:40:28 - [TEST_STEP][PASSED] - if (!(TaxType.equalsIgnoreCase("Estate Tax"))): Text ****** has been set on object 'Object Repository/RAD_Pages/TaxInfo_Page/input_FederalEIN_ReEnter'

2024-11-07 21:40:28 - [TEST_STEP][PASSED] - setEncryptedText(findTestObject(orPath_TaxInfo + "/input_FederalEIN"), "yXB7JMCbD3QoFF75EQd3iw=="): Text ****** has been set on object 'Object Repository/RAD_Pages/TaxInfo_Page/input_FederalEIN'

2024-11-07 21:40:28 - [MESSAGE][PASSED] - Text ****** has been set on object 'Object Repository/RAD_Pages/TaxInfo_Page/input_FederalEIN'

2024-11-07 21:40:28 - [TEST_STEP][PASSED] - setEncryptedText(findTestObject(orPath_TaxInfo + "/input_FederalEIN_ReEnter"), "yXB7JMCbD3QoFF75EQd3iw=="): Text ****** has been set on object 'Object Repository/RAD_Pages/TaxInfo_Page/input_FederalEIN_ReEnter'

2024-11-07 21:40:29 - [MESSAGE][PASSED] - Text ****** has been set on object 'Object Repository/RAD_Pages/TaxInfo_Page/input_FederalEIN_ReEnter'

2024-11-07 21:40:29 - [TEST_STEP][PASSED] - if (CRN.equalsIgnoreCase("Y")): rad.getSetDataRAD.setDataRADMDCRN is PASSED

2024-11-07 21:40:29 - [TEST_STEP][PASSED] - rad.getSetDataRAD.setDataRADMDCRN(): rad.getSetDataRAD.setDataRADMDCRN is PASSED

2024-11-07 21:40:30 - [MESSAGE][PASSED] - Text '07640126' is set on object 'Object Repository/RAD_Pages/TaxInfo_Page/input_MDCRegistration'

2024-11-07 21:40:30 - [MESSAGE][PASSED] - rad.getSetDataRAD.setDataRADMDCRN is PASSED

2024-11-07 21:40:30 - [TEST_STEP][PASSED] - if (MFLicNum.equalsIgnoreCase("Y")): null

2024-11-07 21:40:30 - [TEST_STEP][PASSED] - if (TaxType.equalsIgnoreCase("Estate Tax")): null

2024-11-07 21:40:30 - [TEST_STEP][PASSED] - setText(findTestObject(orPath_Amount + "/input__paymentAmount"), "100.00"): Text '100.00' is set on object 'Object Repository/RAD_Pages/PaymentAmount_Page/input__paymentAmount'

2024-11-07 21:40:30 - [MESSAGE][PASSED] - Text '100.00' is set on object 'Object Repository/RAD_Pages/PaymentAmount_Page/input__paymentAmount'

2024-11-07 21:40:30 - [TEST_STEP][PASSED] - setText(findTestObject(orPath_AddressContact + "/input_streetAddress2"), ""): Text '' is set on object 'Object Repository/RAD_Pages/AddressAndContactInfo_Page/input_streetAddress2'

2024-11-07 21:40:31 - [MESSAGE][PASSED] - Text '' is set on object 'Object Repository/RAD_Pages/AddressAndContactInfo_Page/input_streetAddress2'

2024-11-07 21:40:31 - [TEST_STEP][PASSED] - scrollToElement(findTestObject(orPath_Landing + "/button_Continue"), 3): Scroll to object 'Object Repository/RAD_Pages/Landing_Page/button_Continue' successfully

2024-11-07 21:40:31 - [MESSAGE][PASSED] - Scroll to object 'Object Repository/RAD_Pages/Landing_Page/button_Continue' successfully

2024-11-07 21:40:31 - [TEST_STEP][PASSED] - waitForElementClickable(findTestObject(orPath_Landing + "/button_Continue"), 5): Object 'Object Repository/RAD_Pages/Landing_Page/button_Continue' is clickable

2024-11-07 21:40:32 - [MESSAGE][PASSED] - Object 'Object Repository/RAD_Pages/Landing_Page/button_Continue' is clickable

2024-11-07 21:40:32 - [TEST_STEP][PASSED] - click(findTestObject(orPath_Landing + "/button_Continue")): Object: 'Object Repository/RAD_Pages/Landing_Page/button_Continue' is clicked on

2024-11-07 21:40:32 - [MESSAGE][PASSED] - Object: 'Object Repository/RAD_Pages/Landing_Page/button_Continue' is clicked on

2024-11-07 21:40:32 - [TEST_STEP][PASSED] - delay(2): Delayed 2 second(s)

2024-11-07 21:40:34 - [MESSAGE][PASSED] - Delayed 2 second(s)

2024-11-07 21:40:34 - [TEST_STEP][PASSED] - verifyTextPresent("Summary", true): Text 'Summary' is present on page  using regular expression

2024-11-07 21:40:35 - [MESSAGE][PASSED] - Text 'Summary' is present on page  using regular expression

2024-11-07 21:40:35 - [TEST_STEP][PASSED] - verifyTextPresent("Review the information below and make any necessary corrections by clicking the", true): Text 'Review the information below and make any necessary corrections by clicking the' is present on page  using regular expression

2024-11-07 21:40:35 - [MESSAGE][PASSED] - Text 'Review the information below and make any necessary corrections by clicking the' is present on page  using regular expression

2024-11-07 21:40:35 - [TEST_STEP][PASSED] - verifyTextPresent("When you are confident that all the information is correct, click the", true): Text 'When you are confident that all the information is correct, click the' is present on page  using regular expression

2024-11-07 21:40:35 - [MESSAGE][PASSED] - Text 'When you are confident that all the information is correct, click the' is present on page  using regular expression

2024-11-07 21:40:35 - [TEST_STEP][PASSED] - verifyTextPresent("Payment Type/Filing Year", true): Text 'Payment Type/Filing Year' is present on page  using regular expression

2024-11-07 21:40:36 - [MESSAGE][PASSED] - Text 'Payment Type/Filing Year' is present on page  using regular expression

2024-11-07 21:40:36 - [TEST_STEP][PASSED] - verifyTextPresent("Payment Type:", true): Text 'Payment Type:' is present on page  using regular expression

2024-11-07 21:40:36 - [MESSAGE][PASSED] - Text 'Payment Type:' is present on page  using regular expression

2024-11-07 21:40:36 - [TEST_STEP][PASSED] - verifyTextPresent("New Tax Return Amount Due", true): Text 'New Tax Return Amount Due' is present on page  using regular expression

2024-11-07 21:40:36 - [MESSAGE][PASSED] - Text 'New Tax Return Amount Due' is present on page  using regular expression

2024-11-07 21:40:36 - [TEST_STEP][PASSED] - verifyTextPresent("Filing Year:", true): Text 'Filing Year:' is present on page  using regular expression

2024-11-07 21:40:37 - [MESSAGE][PASSED] - Text 'Filing Year:' is present on page  using regular expression

2024-11-07 21:40:37 - [TEST_STEP][PASSED] - verifyTextPresent(FilingYear, true): Text '2022' is present on page  using regular expression

2024-11-07 21:40:37 - [MESSAGE][PASSED] - Text '2022' is present on page  using regular expression

2024-11-07 21:40:37 - [TEST_STEP][PASSED] - verifyTextPresent("Payer Information", true): Text 'Payer Information' is present on page  using regular expression

2024-11-07 21:40:37 - [MESSAGE][PASSED] - Text 'Payer Information' is present on page  using regular expression

2024-11-07 21:40:37 - [TEST_STEP][PASSED] - verifyTextPresent("Taxpayer Name:", true): Text 'Taxpayer Name:' is present on page  using regular expression

2024-11-07 21:40:37 - [MESSAGE][PASSED] - Text 'Taxpayer Name:' is present on page  using regular expression

2024-11-07 21:40:37 - [TEST_STEP][PASSED] - verifyTextPresent("My Company", true): Text 'My Company' is present on page  using regular expression

2024-11-07 21:40:38 - [MESSAGE][PASSED] - Text 'My Company' is present on page  using regular expression

2024-11-07 21:40:38 - [TEST_STEP][PASSED] - verifyTextPresent("Business Rep Name:", true): Text 'Business Rep Name:' is present on page  using regular expression

2024-11-07 21:40:38 - [MESSAGE][PASSED] - Text 'Business Rep Name:' is present on page  using regular expression

2024-11-07 21:40:38 - [TEST_STEP][PASSED] - verifyTextPresent("BusRepFname BusRepLname", true): Text 'BusRepFname BusRepLname' is present on page  using regular expression

2024-11-07 21:40:38 - [MESSAGE][PASSED] - Text 'BusRepFname BusRepLname' is present on page  using regular expression

2024-11-07 21:40:38 - [TEST_STEP][PASSED] - verifyTextPresent("Taxpayer Address:", true): Text 'Taxpayer Address:' is present on page  using regular expression

2024-11-07 21:40:39 - [MESSAGE][PASSED] - Text 'Taxpayer Address:' is present on page  using regular expression

2024-11-07 21:40:39 - [TEST_STEP][PASSED] - verifyTextPresent("2508 Mandan Terrace Gambrills Maryland 21054", true): Text '2508 Mandan Terrace Gambrills Maryland 21054' is present on page  using regular expression

2024-11-07 21:40:39 - [MESSAGE][PASSED] - Text '2508 Mandan Terrace Gambrills Maryland 21054' is present on page  using regular expression

2024-11-07 21:40:39 - [TEST_STEP][PASSED] - verifyTextPresent("Email:", true): Text 'Email:' is present on page  using regular expression

2024-11-07 21:40:39 - [MESSAGE][PASSED] - Text 'Email:' is present on page  using regular expression

2024-11-07 21:40:39 - [TEST_STEP][PASSED] - verifyTextPresent("iahmed@govolution.com", true): Text 'iahmed@govolution.com' is present on page  using regular expression

2024-11-07 21:40:40 - [MESSAGE][PASSED] - Text 'iahmed@govolution.com' is present on page  using regular expression

2024-11-07 21:40:40 - [TEST_STEP][PASSED] - verifyTextPresent("Phone:", true): Text 'Phone:' is present on page  using regular expression

2024-11-07 21:40:40 - [MESSAGE][PASSED] - Text 'Phone:' is present on page  using regular expression

2024-11-07 21:40:40 - [TEST_STEP][PASSED] - verifyTextPresent("(703) 894-5000", false): Text '(703) 894-5000' is present on page 

2024-11-07 21:40:40 - [MESSAGE][PASSED] - Text '(703) 894-5000' is present on page 

2024-11-07 21:40:40 - [TEST_STEP][PASSED] - verifyTextPresent("Tax Information", true): Text 'Tax Information' is present on page  using regular expression

2024-11-07 21:40:41 - [MESSAGE][PASSED] - Text 'Tax Information' is present on page  using regular expression

2024-11-07 21:40:41 - [TEST_STEP][PASSED] - verifyTextNotPresent("Notice Number", true): Text 'Notice Number' is not present on page using regular expression

2024-11-07 21:40:41 - [MESSAGE][PASSED] - Text 'Notice Number' is not present on page using regular expression

2024-11-07 21:40:41 - [TEST_STEP][PASSED] - if (month.trim()): Text 'November' is present on page  using regular expression

2024-11-07 21:40:41 - [TEST_STEP][PASSED] - verifyTextPresent("Period Ending", true): Text 'Period Ending' is present on page  using regular expression

2024-11-07 21:40:41 - [MESSAGE][PASSED] - Text 'Period Ending' is present on page  using regular expression

2024-11-07 21:40:41 - [TEST_STEP][PASSED] - verifyTextPresent(month, true): Text 'November' is present on page  using regular expression

2024-11-07 21:40:42 - [MESSAGE][PASSED] - Text 'November' is present on page  using regular expression

2024-11-07 21:40:42 - [TEST_STEP][PASSED] - if (feinSSN.equalsIgnoreCase("Y")): null

2024-11-07 21:40:42 - [TEST_STEP][PASSED] - else: Text 'XXXXXXX87' is present on page  using regular expression

2024-11-07 21:40:42 - [TEST_STEP][PASSED] - if (!(TaxType.equalsIgnoreCase("Estate Tax"))): Text 'XXXXXXX87' is present on page  using regular expression

2024-11-07 21:40:42 - [TEST_STEP][PASSED] - verifyTextPresent("Federal EIN:", true): Text 'Federal EIN:' is present on page  using regular expression

2024-11-07 21:40:42 - [MESSAGE][PASSED] - Text 'Federal EIN:' is present on page  using regular expression

2024-11-07 21:40:42 - [TEST_STEP][PASSED] - verifyTextNotPresent("FEIN/SSN:", true): Text 'FEIN/SSN:' is not present on page using regular expression

2024-11-07 21:40:42 - [MESSAGE][PASSED] - Text 'FEIN/SSN:' is not present on page using regular expression

2024-11-07 21:40:42 - [TEST_STEP][PASSED] - verifyTextPresent("XXXXXXX87", true): Text 'XXXXXXX87' is present on page  using regular expression

2024-11-07 21:40:43 - [MESSAGE][PASSED] - Text 'XXXXXXX87' is present on page  using regular expression

2024-11-07 21:40:43 - [TEST_STEP][PASSED] - if (TaxType.equalsIgnoreCase("Estate Tax")): null

2024-11-07 21:40:43 - [TEST_STEP][PASSED] - if (CRN.equalsIgnoreCase("Y")): Text '07640126' is present on page  using regular expression

2024-11-07 21:40:43 - [TEST_STEP][PASSED] - verifyTextPresent("MD Central Registration Number#:", true): Text 'MD Central Registration Number#:' is present on page  using regular expression

2024-11-07 21:40:43 - [MESSAGE][PASSED] - Text 'MD Central Registration Number#:' is present on page  using regular expression

2024-11-07 21:40:43 - [TEST_STEP][PASSED] - verifyTextPresent("07640126", true): Text '07640126' is present on page  using regular expression

2024-11-07 21:40:43 - [MESSAGE][PASSED] - Text '07640126' is present on page  using regular expression

2024-11-07 21:40:43 - [TEST_STEP][PASSED] - if (MFLicNum.equalsIgnoreCase("Y")): null

2024-11-07 21:40:43 - [TEST_STEP][PASSED] - else: Text 'Motor Fuel License Number#:' is not present on page using regular expression

2024-11-07 21:40:43 - [TEST_STEP][PASSED] - verifyTextNotPresent("Motor Fuel License Number#:", true): Text 'Motor Fuel License Number#:' is not present on page using regular expression

2024-11-07 21:40:44 - [MESSAGE][PASSED] - Text 'Motor Fuel License Number#:' is not present on page using regular expression

2024-11-07 21:40:44 - [TEST_STEP][PASSED] - verifyTextPresent("Payment Amount:", true): Text 'Payment Amount:' is present on page  using regular expression

2024-11-07 21:40:44 - [MESSAGE][PASSED] - Text 'Payment Amount:' is present on page  using regular expression

2024-11-07 21:40:44 - [TEST_STEP][PASSED] - verifyTextPresent("100.00", true): Text '100.00' is present on page  using regular expression

2024-11-07 21:40:44 - [MESSAGE][PASSED] - Text '100.00' is present on page  using regular expression

2024-11-07 21:40:44 - [TEST_STEP][PASSED] - if (verifyElementVisible(findTestObject(orPath_Summary + "/button_Proceed to Payment"))): null

2024-11-07 21:40:45 - [MESSAGE][PASSED] - Object 'Object Repository/RAD_Pages/Summary_Page/button_Proceed to Payment' is visible

2024-11-07 21:40:45 - [TEST_STEP][PASSED] - resText = "Pass": null

2024-11-07 21:40:45 - [TEST_STEP][PASSED] - pages.WriteExcel.demoKey(resText, datText, resColumn, datCloumn, fileLoc, nameSheet, row): pages.WriteExcel.demoKey is PASSED

2024-11-07 21:40:45 - [MESSAGE][PASSED] - pages.WriteExcel.demoKey is PASSED

2024-11-07 21:40:45 - [TEST_STEP][PASSED] - click(findTestObject(orPath_Summary + "/button_Proceed to Payment")): Object: 'Object Repository/RAD_Pages/Summary_Page/button_Proceed to Payment' is clicked on

2024-11-07 21:40:48 - [MESSAGE][PASSED] - Object: 'Object Repository/RAD_Pages/Summary_Page/button_Proceed to Payment' is clicked on

2024-11-07 21:40:48 - [TEST_STEP][PASSED] - verifyElementPresent(findTestObject("Object Repository/RAD_Pages/PaymentEntry_Page/input__billingName"), 30): Object 'Object Repository/RAD_Pages/PaymentEntry_Page/input__billingName' is present

2024-11-07 21:40:49 - [MESSAGE][PASSED] - Object 'Object Repository/RAD_Pages/PaymentEntry_Page/input__billingName' is present

2024-11-07 21:40:49 - [TEST_STEP][PASSED] - ExecuteTC = findTestData(dataFile).getValue("Execute", row): null

2024-11-07 21:40:49 - [TEST_STEP][PASSED] - TaxType = findTestData(dataFile).getValue("TaxType", row): null

2024-11-07 21:40:49 - [TEST_STEP][PASSED] - PaymentType = findTestData(dataFile).getValue("PaymentType", row): null

2024-11-07 21:40:49 - [TEST_STEP][PASSED] - FilingYear = findTestData(dataFile).getValue("Year", row): null

2024-11-07 21:40:49 - [TEST_STEP][PASSED] - feinSSN = findTestData(dataFile).getValue("FeinSsn", row): null

2024-11-07 21:40:50 - [TEST_STEP][PASSED] - CRN = findTestData(dataFile).getValue("CRN", row): null

2024-11-07 21:40:50 - [TEST_STEP][PASSED] - month = findTestData(dataFile).getValue("Month", row): null

2024-11-07 21:40:50 - [TEST_STEP][PASSED] - MFLicNum = findTestData(dataFile).getValue("MFLicNum", row): null

2024-11-07 21:40:50 - [TEST_STEP][PASSED] - if (ExecuteTC.equalsIgnoreCase("Y")): Object 'Object Repository/RAD_Pages/PaymentEntry_Page/input__billingName' is present

2024-11-07 21:40:50 - [TEST_STEP][PASSED] - out.println("Begin Record Number: " + row): null

2024-11-07 21:40:50 - [TEST_STEP][PASSED] - today = new java.util.Date(): null

2024-11-07 21:40:50 - [TEST_STEP][PASSED] - println(today): null

2024-11-07 21:40:50 - [TEST_STEP][PASSED] - datText = today: null

2024-11-07 21:40:50 - [TEST_STEP][PASSED] - logInfo("Payment Type: New Tax Return Amount Due"): Payment Type: New Tax Return Amount Due

2024-11-07 21:40:50 - [MESSAGE][INFO] - Payment Type: New Tax Return Amount Due

2024-11-07 21:40:50 - [TEST_STEP][PASSED] - logInfo("Tax Type: " + TaxType): Tax Type: Tobacco Tax

2024-11-07 21:40:50 - [MESSAGE][INFO] - Tax Type: Tobacco Tax

2024-11-07 21:40:50 - [TEST_STEP][PASSED] - openBrowser(""): Browser is opened with url: ''

2024-11-07 21:40:50 - [MESSAGE][WARNING] - A browser is already opened. Closing browser and opening a new one

2024-11-07 21:40:51 - [MESSAGE][INFO] - Starting 'Chrome' driver

2024-11-07 21:40:51 - [MESSAGE][INFO] - User set preference: ['acceptInsecureCerts', 'true']

2024-11-07 21:40:51 - [MESSAGE][INFO] - Action delay is set to 0 milliseconds

2024-11-07 21:40:53 - [MESSAGE][PASSED] - Browser is opened with url: ''

2024-11-07 21:40:53 - [TEST_STEP][PASSED] - maximizeWindow(): Current window maximized

2024-11-07 21:40:53 - [MESSAGE][PASSED] - Current window maximized

2024-11-07 21:40:53 - [TEST_STEP][PASSED] - navigateToUrl(RADurl): Navigate to 'https://www.velocitypayment.com/client/rad/index.html' successfully

2024-11-07 21:40:55 - [MESSAGE][PASSED] - Navigate to 'https://www.velocitypayment.com/client/rad/index.html' successfully

2024-11-07 21:40:55 - [TEST_STEP][PASSED] - selectOptionByLabel(findTestObject(orPath_Landing + "/dd_TaxType"), "New Tax Return Amount Due", false): All options with label 'New Tax Return Amount Due' are selected in object 'Object Repository/RAD_Pages/Landing_Page/dd_TaxType' 

2024-11-07 21:40:56 - [MESSAGE][PASSED] - All options with label 'New Tax Return Amount Due' are selected in object 'Object Repository/RAD_Pages/Landing_Page/dd_TaxType' 

2024-11-07 21:40:56 - [TEST_STEP][PASSED] - selectOptionByLabel(findTestObject("Object Repository/RAD_Pages/Landing_Page/select_NewTaxReturnAmountDue_TaxType"), TaxType, false): All options with label 'Tobacco Tax' are selected in object 'Object Repository/RAD_Pages/Landing_Page/select_NewTaxReturnAmountDue_TaxType' 

2024-11-07 21:40:57 - [MESSAGE][PASSED] - All options with label 'Tobacco Tax' are selected in object 'Object Repository/RAD_Pages/Landing_Page/select_NewTaxReturnAmountDue_TaxType' 

2024-11-07 21:40:57 - [TEST_STEP][PASSED] - selectOptionByLabel(findTestObject(orPath_TaxTypeFilingYear + "/select_FilingYear"), FilingYear, false): All options with label '2022' are selected in object 'Object Repository/RAD_Pages/TaxTypeFilingYear_Page/select_FilingYear' 

2024-11-07 21:40:57 - [MESSAGE][PASSED] - All options with label '2022' are selected in object 'Object Repository/RAD_Pages/TaxTypeFilingYear_Page/select_FilingYear' 

2024-11-07 21:40:57 - [TEST_STEP][PASSED] - if (month.trim()): All options with label 'July' are selected in object 'Object Repository/RAD_Pages/TaxTypeFilingYear_Page/select_PeriodEnding' 

2024-11-07 21:40:57 - [TEST_STEP][PASSED] - selectOptionByLabel(findTestObject(orPath_TaxTypeFilingYear + "/select_PeriodEnding"), month, false): All options with label 'July' are selected in object 'Object Repository/RAD_Pages/TaxTypeFilingYear_Page/select_PeriodEnding' 

2024-11-07 21:40:58 - [MESSAGE][PASSED] - All options with label 'July' are selected in object 'Object Repository/RAD_Pages/TaxTypeFilingYear_Page/select_PeriodEnding' 

2024-11-07 21:40:58 - [TEST_STEP][PASSED] - rad.getSetDataRAD.setDataRADBusinessName(): rad.getSetDataRAD.setDataRADBusinessName is PASSED

2024-11-07 21:40:59 - [MESSAGE][PASSED] - Text 'My Company' is set on object 'Object Repository/RAD_Pages/Taxpayer_Page/input_businessName'

2024-11-07 21:40:59 - [MESSAGE][PASSED] - rad.getSetDataRAD.setDataRADBusinessName is PASSED

2024-11-07 21:40:59 - [TEST_STEP][PASSED] - rad.getSetDataRAD.setDataRADBusinessRep(): rad.getSetDataRAD.setDataRADBusinessRep is PASSED

2024-11-07 21:41:00 - [MESSAGE][PASSED] - Text 'BusRepFname' is set on object 'Object Repository/RAD_Pages/Taxpayer_Page/input_BusinessRepfirstName'

2024-11-07 21:41:01 - [MESSAGE][PASSED] - Text '' is set on object 'Object Repository/RAD_Pages/Taxpayer_Page/input_BusinessRepmiddleName'

2024-11-07 21:41:02 - [MESSAGE][PASSED] - Text 'BusRepLname' is set on object 'Object Repository/RAD_Pages/Taxpayer_Page/input_BusinessReplastName'

2024-11-07 21:41:02 - [MESSAGE][PASSED] - Text '' is set on object 'Object Repository/RAD_Pages/Taxpayer_Page/input_BusinessRepsuffix'

2024-11-07 21:41:02 - [MESSAGE][PASSED] - rad.getSetDataRAD.setDataRADBusinessRep is PASSED

2024-11-07 21:41:02 - [TEST_STEP][PASSED] - rad.getSetDataRAD.setDataRADAddress(): rad.getSetDataRAD.setDataRADAddress is PASSED

2024-11-07 21:41:03 - [MESSAGE][PASSED] - All options with label 'United States' are selected in object 'Object Repository/RAD_Pages/AddressAndContactInfo_Page/select_Country' 

2024-11-07 21:41:04 - [MESSAGE][PASSED] - Text '2508 Mandan Terrace' is set on object 'Object Repository/RAD_Pages/AddressAndContactInfo_Page/input_streetAddress1'

2024-11-07 21:41:04 - [MESSAGE][PASSED] - Text '' is set on object 'Object Repository/RAD_Pages/AddressAndContactInfo_Page/input_streetAddress2'

2024-11-07 21:41:05 - [MESSAGE][PASSED] - Text 'Gambrills' is set on object 'Object Repository/RAD_Pages/AddressAndContactInfo_Page/input_city'

2024-11-07 21:41:06 - [MESSAGE][PASSED] - All options with label 'Maryland' are selected in object 'Object Repository/RAD_Pages/AddressAndContactInfo_Page/select_State' 

2024-11-07 21:41:07 - [MESSAGE][PASSED] - Text '21054' is set on object 'Object Repository/RAD_Pages/AddressAndContactInfo_Page/input_zipCode'

2024-11-07 21:41:07 - [MESSAGE][PASSED] - Text '(703) 894-5000' is set on object 'Object Repository/RAD_Pages/AddressAndContactInfo_Page/input_phoneNumber'

2024-11-07 21:41:09 - [MESSAGE][PASSED] - Text 'iahmed@govolution.com' is set on object 'Object Repository/RAD_Pages/AddressAndContactInfo_Page/input_eMailAddress'

2024-11-07 21:41:10 - [MESSAGE][PASSED] - Text 'iahmed@govolution.com' is set on object 'Object Repository/RAD_Pages/AddressAndContactInfo_Page/input_reEnterEMailAddress'

2024-11-07 21:41:10 - [MESSAGE][PASSED] - rad.getSetDataRAD.setDataRADAddress is PASSED

2024-11-07 21:41:10 - [TEST_STEP][PASSED] - if (feinSSN.equalsIgnoreCase("Y")): Text ****** has been set on object 'Object Repository/RAD_Pages/TaxInfo_Page/input_TaxInfo_RetypeFeinSsn_New_2'

2024-11-07 21:41:10 - [TEST_STEP][PASSED] - setEncryptedText(findTestObject(orPath_TaxInfo + "/input_TaxInfo_FeinSsn_New_2"), "yXB7JMCbD3QoFF75EQd3iw=="): Text ****** has been set on object 'Object Repository/RAD_Pages/TaxInfo_Page/input_TaxInfo_FeinSsn_New_2'

2024-11-07 21:41:10 - [MESSAGE][PASSED] - Text ****** has been set on object 'Object Repository/RAD_Pages/TaxInfo_Page/input_TaxInfo_FeinSsn_New_2'

2024-11-07 21:41:10 - [TEST_STEP][PASSED] - setEncryptedText(findTestObject(orPath_TaxInfo + "/input_TaxInfo_RetypeFeinSsn_New_2"), "yXB7JMCbD3QoFF75EQd3iw=="): Text ****** has been set on object 'Object Repository/RAD_Pages/TaxInfo_Page/input_TaxInfo_RetypeFeinSsn_New_2'

2024-11-07 21:41:11 - [MESSAGE][PASSED] - Text ****** has been set on object 'Object Repository/RAD_Pages/TaxInfo_Page/input_TaxInfo_RetypeFeinSsn_New_2'

2024-11-07 21:41:11 - [TEST_STEP][PASSED] - if (CRN.equalsIgnoreCase("Y")): rad.getSetDataRAD.setDataRADMDCRN is PASSED

2024-11-07 21:41:11 - [TEST_STEP][PASSED] - rad.getSetDataRAD.setDataRADMDCRN(): rad.getSetDataRAD.setDataRADMDCRN is PASSED

2024-11-07 21:41:12 - [MESSAGE][PASSED] - Text '07640126' is set on object 'Object Repository/RAD_Pages/TaxInfo_Page/input_MDCRegistration'

2024-11-07 21:41:12 - [MESSAGE][PASSED] - rad.getSetDataRAD.setDataRADMDCRN is PASSED

2024-11-07 21:41:12 - [TEST_STEP][PASSED] - if (MFLicNum.equalsIgnoreCase("Y")): null

2024-11-07 21:41:12 - [TEST_STEP][PASSED] - if (TaxType.equalsIgnoreCase("Estate Tax")): null

2024-11-07 21:41:12 - [TEST_STEP][PASSED] - setText(findTestObject(orPath_Amount + "/input__paymentAmount"), "100.00"): Text '100.00' is set on object 'Object Repository/RAD_Pages/PaymentAmount_Page/input__paymentAmount'

2024-11-07 21:41:12 - [MESSAGE][PASSED] - Text '100.00' is set on object 'Object Repository/RAD_Pages/PaymentAmount_Page/input__paymentAmount'

2024-11-07 21:41:12 - [TEST_STEP][PASSED] - setText(findTestObject(orPath_AddressContact + "/input_streetAddress2"), ""): Text '' is set on object 'Object Repository/RAD_Pages/AddressAndContactInfo_Page/input_streetAddress2'

2024-11-07 21:41:13 - [MESSAGE][PASSED] - Text '' is set on object 'Object Repository/RAD_Pages/AddressAndContactInfo_Page/input_streetAddress2'

2024-11-07 21:41:13 - [TEST_STEP][PASSED] - scrollToElement(findTestObject(orPath_Landing + "/button_Continue"), 3): Scroll to object 'Object Repository/RAD_Pages/Landing_Page/button_Continue' successfully

2024-11-07 21:41:13 - [MESSAGE][PASSED] - Scroll to object 'Object Repository/RAD_Pages/Landing_Page/button_Continue' successfully

2024-11-07 21:41:13 - [TEST_STEP][PASSED] - waitForElementClickable(findTestObject(orPath_Landing + "/button_Continue"), 5): Object 'Object Repository/RAD_Pages/Landing_Page/button_Continue' is clickable

2024-11-07 21:41:14 - [MESSAGE][PASSED] - Object 'Object Repository/RAD_Pages/Landing_Page/button_Continue' is clickable

2024-11-07 21:41:14 - [TEST_STEP][PASSED] - click(findTestObject(orPath_Landing + "/button_Continue")): Object: 'Object Repository/RAD_Pages/Landing_Page/button_Continue' is clicked on

2024-11-07 21:41:14 - [MESSAGE][PASSED] - Object: 'Object Repository/RAD_Pages/Landing_Page/button_Continue' is clicked on

2024-11-07 21:41:14 - [TEST_STEP][PASSED] - delay(2): Delayed 2 second(s)

2024-11-07 21:41:16 - [MESSAGE][PASSED] - Delayed 2 second(s)

2024-11-07 21:41:16 - [TEST_STEP][PASSED] - verifyTextPresent("Summary", true): Text 'Summary' is present on page  using regular expression

2024-11-07 21:41:17 - [MESSAGE][PASSED] - Text 'Summary' is present on page  using regular expression

2024-11-07 21:41:17 - [TEST_STEP][PASSED] - verifyTextPresent("Review the information below and make any necessary corrections by clicking the", true): Text 'Review the information below and make any necessary corrections by clicking the' is present on page  using regular expression

2024-11-07 21:41:17 - [MESSAGE][PASSED] - Text 'Review the information below and make any necessary corrections by clicking the' is present on page  using regular expression

2024-11-07 21:41:17 - [TEST_STEP][PASSED] - verifyTextPresent("When you are confident that all the information is correct, click the", true): Text 'When you are confident that all the information is correct, click the' is present on page  using regular expression

2024-11-07 21:41:17 - [MESSAGE][PASSED] - Text 'When you are confident that all the information is correct, click the' is present on page  using regular expression

2024-11-07 21:41:17 - [TEST_STEP][PASSED] - verifyTextPresent("Payment Type/Filing Year", true): Text 'Payment Type/Filing Year' is present on page  using regular expression

2024-11-07 21:41:18 - [MESSAGE][PASSED] - Text 'Payment Type/Filing Year' is present on page  using regular expression

2024-11-07 21:41:18 - [TEST_STEP][PASSED] - verifyTextPresent("Payment Type:", true): Text 'Payment Type:' is present on page  using regular expression

2024-11-07 21:41:18 - [MESSAGE][PASSED] - Text 'Payment Type:' is present on page  using regular expression

2024-11-07 21:41:18 - [TEST_STEP][PASSED] - verifyTextPresent("New Tax Return Amount Due", true): Text 'New Tax Return Amount Due' is present on page  using regular expression

2024-11-07 21:41:18 - [MESSAGE][PASSED] - Text 'New Tax Return Amount Due' is present on page  using regular expression

2024-11-07 21:41:18 - [TEST_STEP][PASSED] - verifyTextPresent("Filing Year:", true): Text 'Filing Year:' is present on page  using regular expression

2024-11-07 21:41:19 - [MESSAGE][PASSED] - Text 'Filing Year:' is present on page  using regular expression

2024-11-07 21:41:19 - [TEST_STEP][PASSED] - verifyTextPresent(FilingYear, true): Text '2022' is present on page  using regular expression

2024-11-07 21:41:19 - [MESSAGE][PASSED] - Text '2022' is present on page  using regular expression

2024-11-07 21:41:19 - [TEST_STEP][PASSED] - verifyTextPresent("Payer Information", true): Text 'Payer Information' is present on page  using regular expression

2024-11-07 21:41:19 - [MESSAGE][PASSED] - Text 'Payer Information' is present on page  using regular expression

2024-11-07 21:41:19 - [TEST_STEP][PASSED] - verifyTextPresent("Taxpayer Name:", true): Text 'Taxpayer Name:' is present on page  using regular expression

2024-11-07 21:41:20 - [MESSAGE][PASSED] - Text 'Taxpayer Name:' is present on page  using regular expression

2024-11-07 21:41:20 - [TEST_STEP][PASSED] - verifyTextPresent("My Company", true): Text 'My Company' is present on page  using regular expression

2024-11-07 21:41:20 - [MESSAGE][PASSED] - Text 'My Company' is present on page  using regular expression

2024-11-07 21:41:20 - [TEST_STEP][PASSED] - verifyTextPresent("Business Rep Name:", true): Text 'Business Rep Name:' is present on page  using regular expression

2024-11-07 21:41:20 - [MESSAGE][PASSED] - Text 'Business Rep Name:' is present on page  using regular expression

2024-11-07 21:41:20 - [TEST_STEP][PASSED] - verifyTextPresent("BusRepFname BusRepLname", true): Text 'BusRepFname BusRepLname' is present on page  using regular expression

2024-11-07 21:41:21 - [MESSAGE][PASSED] - Text 'BusRepFname BusRepLname' is present on page  using regular expression

2024-11-07 21:41:21 - [TEST_STEP][PASSED] - verifyTextPresent("Taxpayer Address:", true): Text 'Taxpayer Address:' is present on page  using regular expression

2024-11-07 21:41:21 - [MESSAGE][PASSED] - Text 'Taxpayer Address:' is present on page  using regular expression

2024-11-07 21:41:21 - [TEST_STEP][PASSED] - verifyTextPresent("2508 Mandan Terrace Gambrills Maryland 21054", true): Text '2508 Mandan Terrace Gambrills Maryland 21054' is present on page  using regular expression

2024-11-07 21:41:21 - [MESSAGE][PASSED] - Text '2508 Mandan Terrace Gambrills Maryland 21054' is present on page  using regular expression

2024-11-07 21:41:21 - [TEST_STEP][PASSED] - verifyTextPresent("Email:", true): Text 'Email:' is present on page  using regular expression

2024-11-07 21:41:22 - [MESSAGE][PASSED] - Text 'Email:' is present on page  using regular expression

2024-11-07 21:41:22 - [TEST_STEP][PASSED] - verifyTextPresent("iahmed@govolution.com", true): Text 'iahmed@govolution.com' is present on page  using regular expression

2024-11-07 21:41:22 - [MESSAGE][PASSED] - Text 'iahmed@govolution.com' is present on page  using regular expression

2024-11-07 21:41:22 - [TEST_STEP][PASSED] - verifyTextPresent("Phone:", true): Text 'Phone:' is present on page  using regular expression

2024-11-07 21:41:22 - [MESSAGE][PASSED] - Text 'Phone:' is present on page  using regular expression

2024-11-07 21:41:22 - [TEST_STEP][PASSED] - verifyTextPresent("(703) 894-5000", false): Text '(703) 894-5000' is present on page 

2024-11-07 21:41:22 - [MESSAGE][PASSED] - Text '(703) 894-5000' is present on page 

2024-11-07 21:41:22 - [TEST_STEP][PASSED] - verifyTextPresent("Tax Information", true): Text 'Tax Information' is present on page  using regular expression

2024-11-07 21:41:23 - [MESSAGE][PASSED] - Text 'Tax Information' is present on page  using regular expression

2024-11-07 21:41:23 - [TEST_STEP][PASSED] - verifyTextNotPresent("Notice Number", true): Text 'Notice Number' is not present on page using regular expression

2024-11-07 21:41:23 - [MESSAGE][PASSED] - Text 'Notice Number' is not present on page using regular expression

2024-11-07 21:41:23 - [TEST_STEP][PASSED] - if (month.trim()): Text 'July' is present on page  using regular expression

2024-11-07 21:41:23 - [TEST_STEP][PASSED] - verifyTextPresent("Period Ending", true): Text 'Period Ending' is present on page  using regular expression

2024-11-07 21:41:23 - [MESSAGE][PASSED] - Text 'Period Ending' is present on page  using regular expression

2024-11-07 21:41:23 - [TEST_STEP][PASSED] - verifyTextPresent(month, true): Text 'July' is present on page  using regular expression

2024-11-07 21:41:24 - [MESSAGE][PASSED] - Text 'July' is present on page  using regular expression

2024-11-07 21:41:24 - [TEST_STEP][PASSED] - if (feinSSN.equalsIgnoreCase("Y")): Text 'XXXXX6187' is present on page  using regular expression

2024-11-07 21:41:24 - [TEST_STEP][PASSED] - verifyTextPresent("FEIN/SSN:", true): Text 'FEIN/SSN:' is present on page  using regular expression

2024-11-07 21:41:24 - [MESSAGE][PASSED] - Text 'FEIN/SSN:' is present on page  using regular expression

2024-11-07 21:41:24 - [TEST_STEP][PASSED] - verifyTextNotPresent("Federal EIN:", true): Text 'Federal EIN:' is not present on page using regular expression

2024-11-07 21:41:24 - [MESSAGE][PASSED] - Text 'Federal EIN:' is not present on page using regular expression

2024-11-07 21:41:24 - [TEST_STEP][PASSED] - verifyTextPresent("XXXXX6187", true): Text 'XXXXX6187' is present on page  using regular expression

2024-11-07 21:41:25 - [MESSAGE][PASSED] - Text 'XXXXX6187' is present on page  using regular expression

2024-11-07 21:41:25 - [TEST_STEP][PASSED] - if (TaxType.equalsIgnoreCase("Estate Tax")): null

2024-11-07 21:41:25 - [TEST_STEP][PASSED] - if (CRN.equalsIgnoreCase("Y")): Text '07640126' is present on page  using regular expression

2024-11-07 21:41:25 - [TEST_STEP][PASSED] - verifyTextPresent("MD Central Registration Number#:", true): Text 'MD Central Registration Number#:' is present on page  using regular expression

2024-11-07 21:41:25 - [MESSAGE][PASSED] - Text 'MD Central Registration Number#:' is present on page  using regular expression

2024-11-07 21:41:25 - [TEST_STEP][PASSED] - verifyTextPresent("07640126", true): Text '07640126' is present on page  using regular expression

2024-11-07 21:41:25 - [MESSAGE][PASSED] - Text '07640126' is present on page  using regular expression

2024-11-07 21:41:25 - [TEST_STEP][PASSED] - if (MFLicNum.equalsIgnoreCase("Y")): null

2024-11-07 21:41:25 - [TEST_STEP][PASSED] - else: Text 'Motor Fuel License Number#:' is not present on page using regular expression

2024-11-07 21:41:25 - [TEST_STEP][PASSED] - verifyTextNotPresent("Motor Fuel License Number#:", true): Text 'Motor Fuel License Number#:' is not present on page using regular expression

2024-11-07 21:41:26 - [MESSAGE][PASSED] - Text 'Motor Fuel License Number#:' is not present on page using regular expression

2024-11-07 21:41:26 - [TEST_STEP][PASSED] - verifyTextPresent("Payment Amount:", true): Text 'Payment Amount:' is present on page  using regular expression

2024-11-07 21:41:26 - [MESSAGE][PASSED] - Text 'Payment Amount:' is present on page  using regular expression

2024-11-07 21:41:26 - [TEST_STEP][PASSED] - verifyTextPresent("100.00", true): Text '100.00' is present on page  using regular expression

2024-11-07 21:41:26 - [MESSAGE][PASSED] - Text '100.00' is present on page  using regular expression

2024-11-07 21:41:26 - [TEST_STEP][PASSED] - if (verifyElementVisible(findTestObject(orPath_Summary + "/button_Proceed to Payment"))): null

2024-11-07 21:41:27 - [MESSAGE][PASSED] - Object 'Object Repository/RAD_Pages/Summary_Page/button_Proceed to Payment' is visible

2024-11-07 21:41:27 - [TEST_STEP][PASSED] - resText = "Pass": null

2024-11-07 21:41:27 - [TEST_STEP][PASSED] - pages.WriteExcel.demoKey(resText, datText, resColumn, datCloumn, fileLoc, nameSheet, row): pages.WriteExcel.demoKey is PASSED

2024-11-07 21:41:27 - [MESSAGE][PASSED] - pages.WriteExcel.demoKey is PASSED

2024-11-07 21:41:27 - [TEST_STEP][PASSED] - click(findTestObject(orPath_Summary + "/button_Proceed to Payment")): Object: 'Object Repository/RAD_Pages/Summary_Page/button_Proceed to Payment' is clicked on

2024-11-07 21:41:29 - [MESSAGE][PASSED] - Object: 'Object Repository/RAD_Pages/Summary_Page/button_Proceed to Payment' is clicked on

2024-11-07 21:41:29 - [TEST_STEP][PASSED] - verifyElementPresent(findTestObject("Object Repository/RAD_Pages/PaymentEntry_Page/input__billingName"), 30): Object 'Object Repository/RAD_Pages/PaymentEntry_Page/input__billingName' is present

2024-11-07 21:41:29 - [MESSAGE][PASSED] - Object 'Object Repository/RAD_Pages/PaymentEntry_Page/input__billingName' is present

2024-11-07 21:41:29 - [TEST_STEP][PASSED] - ExecuteTC = findTestData(dataFile).getValue("Execute", row): null

2024-11-07 21:41:29 - [TEST_STEP][PASSED] - TaxType = findTestData(dataFile).getValue("TaxType", row): null

2024-11-07 21:41:30 - [TEST_STEP][PASSED] - PaymentType = findTestData(dataFile).getValue("PaymentType", row): null

2024-11-07 21:41:30 - [TEST_STEP][PASSED] - FilingYear = findTestData(dataFile).getValue("Year", row): null

2024-11-07 21:41:30 - [TEST_STEP][PASSED] - feinSSN = findTestData(dataFile).getValue("FeinSsn", row): null

2024-11-07 21:41:30 - [TEST_STEP][PASSED] - CRN = findTestData(dataFile).getValue("CRN", row): null

2024-11-07 21:41:30 - [TEST_STEP][PASSED] - month = findTestData(dataFile).getValue("Month", row): null

2024-11-07 21:41:30 - [TEST_STEP][PASSED] - MFLicNum = findTestData(dataFile).getValue("MFLicNum", row): null

2024-11-07 21:41:30 - [TEST_STEP][PASSED] - if (ExecuteTC.equalsIgnoreCase("Y")): Object 'Object Repository/RAD_Pages/PaymentEntry_Page/input__billingName' is present

2024-11-07 21:41:30 - [TEST_STEP][PASSED] - out.println("Begin Record Number: " + row): null

2024-11-07 21:41:30 - [TEST_STEP][PASSED] - today = new java.util.Date(): null

2024-11-07 21:41:30 - [TEST_STEP][PASSED] - println(today): null

2024-11-07 21:41:30 - [TEST_STEP][PASSED] - datText = today: null

2024-11-07 21:41:30 - [TEST_STEP][PASSED] - logInfo("Payment Type: New Tax Return Amount Due"): Payment Type: New Tax Return Amount Due

2024-11-07 21:41:30 - [MESSAGE][INFO] - Payment Type: New Tax Return Amount Due

2024-11-07 21:41:30 - [TEST_STEP][PASSED] - logInfo("Tax Type: " + TaxType): Tax Type: Transportation Network Services

2024-11-07 21:41:30 - [MESSAGE][INFO] - Tax Type: Transportation Network Services

2024-11-07 21:41:30 - [TEST_STEP][PASSED] - openBrowser(""): Browser is opened with url: ''

2024-11-07 21:41:30 - [MESSAGE][WARNING] - A browser is already opened. Closing browser and opening a new one

2024-11-07 21:41:31 - [MESSAGE][INFO] - Starting 'Chrome' driver

2024-11-07 21:41:31 - [MESSAGE][INFO] - User set preference: ['acceptInsecureCerts', 'true']

2024-11-07 21:41:31 - [MESSAGE][INFO] - Action delay is set to 0 milliseconds

2024-11-07 21:41:33 - [MESSAGE][PASSED] - Browser is opened with url: ''

2024-11-07 21:41:33 - [TEST_STEP][PASSED] - maximizeWindow(): Current window maximized

2024-11-07 21:41:33 - [MESSAGE][PASSED] - Current window maximized

2024-11-07 21:41:33 - [TEST_STEP][PASSED] - navigateToUrl(RADurl): Navigate to 'https://www.velocitypayment.com/client/rad/index.html' successfully

2024-11-07 21:41:34 - [MESSAGE][PASSED] - Navigate to 'https://www.velocitypayment.com/client/rad/index.html' successfully

2024-11-07 21:41:34 - [TEST_STEP][PASSED] - selectOptionByLabel(findTestObject(orPath_Landing + "/dd_TaxType"), "New Tax Return Amount Due", false): All options with label 'New Tax Return Amount Due' are selected in object 'Object Repository/RAD_Pages/Landing_Page/dd_TaxType' 

2024-11-07 21:41:36 - [MESSAGE][PASSED] - All options with label 'New Tax Return Amount Due' are selected in object 'Object Repository/RAD_Pages/Landing_Page/dd_TaxType' 

2024-11-07 21:41:36 - [TEST_STEP][PASSED] - selectOptionByLabel(findTestObject("Object Repository/RAD_Pages/Landing_Page/select_NewTaxReturnAmountDue_TaxType"), TaxType, false): All options with label 'Transportation Network Services' are selected in object 'Object Repository/RAD_Pages/Landing_Page/select_NewTaxReturnAmountDue_TaxType' 

2024-11-07 21:41:37 - [MESSAGE][PASSED] - All options with label 'Transportation Network Services' are selected in object 'Object Repository/RAD_Pages/Landing_Page/select_NewTaxReturnAmountDue_TaxType' 

2024-11-07 21:41:37 - [TEST_STEP][PASSED] - selectOptionByLabel(findTestObject(orPath_TaxTypeFilingYear + "/select_FilingYear"), FilingYear, false): All options with label '2022' are selected in object 'Object Repository/RAD_Pages/TaxTypeFilingYear_Page/select_FilingYear' 

2024-11-07 21:41:38 - [MESSAGE][PASSED] - All options with label '2022' are selected in object 'Object Repository/RAD_Pages/TaxTypeFilingYear_Page/select_FilingYear' 

2024-11-07 21:41:38 - [TEST_STEP][PASSED] - if (month.trim()): All options with label 'June' are selected in object 'Object Repository/RAD_Pages/TaxTypeFilingYear_Page/select_PeriodEnding' 

2024-11-07 21:41:38 - [TEST_STEP][PASSED] - selectOptionByLabel(findTestObject(orPath_TaxTypeFilingYear + "/select_PeriodEnding"), month, false): All options with label 'June' are selected in object 'Object Repository/RAD_Pages/TaxTypeFilingYear_Page/select_PeriodEnding' 

2024-11-07 21:41:38 - [MESSAGE][PASSED] - All options with label 'June' are selected in object 'Object Repository/RAD_Pages/TaxTypeFilingYear_Page/select_PeriodEnding' 

2024-11-07 21:41:38 - [TEST_STEP][PASSED] - rad.getSetDataRAD.setDataRADBusinessName(): rad.getSetDataRAD.setDataRADBusinessName is PASSED

2024-11-07 21:41:39 - [MESSAGE][PASSED] - Text 'My Company' is set on object 'Object Repository/RAD_Pages/Taxpayer_Page/input_businessName'

2024-11-07 21:41:39 - [MESSAGE][PASSED] - rad.getSetDataRAD.setDataRADBusinessName is PASSED

2024-11-07 21:41:39 - [TEST_STEP][PASSED] - rad.getSetDataRAD.setDataRADBusinessRep(): rad.getSetDataRAD.setDataRADBusinessRep is PASSED

2024-11-07 21:41:40 - [MESSAGE][PASSED] - Text 'BusRepFname' is set on object 'Object Repository/RAD_Pages/Taxpayer_Page/input_BusinessRepfirstName'

2024-11-07 21:41:41 - [MESSAGE][PASSED] - Text '' is set on object 'Object Repository/RAD_Pages/Taxpayer_Page/input_BusinessRepmiddleName'

2024-11-07 21:41:42 - [MESSAGE][PASSED] - Text 'BusRepLname' is set on object 'Object Repository/RAD_Pages/Taxpayer_Page/input_BusinessReplastName'

2024-11-07 21:41:42 - [MESSAGE][PASSED] - Text '' is set on object 'Object Repository/RAD_Pages/Taxpayer_Page/input_BusinessRepsuffix'

2024-11-07 21:41:42 - [MESSAGE][PASSED] - rad.getSetDataRAD.setDataRADBusinessRep is PASSED

2024-11-07 21:41:42 - [TEST_STEP][PASSED] - rad.getSetDataRAD.setDataRADAddress(): rad.getSetDataRAD.setDataRADAddress is PASSED

2024-11-07 21:41:43 - [MESSAGE][PASSED] - All options with label 'United States' are selected in object 'Object Repository/RAD_Pages/AddressAndContactInfo_Page/select_Country' 

2024-11-07 21:41:44 - [MESSAGE][PASSED] - Text '2508 Mandan Terrace' is set on object 'Object Repository/RAD_Pages/AddressAndContactInfo_Page/input_streetAddress1'

2024-11-07 21:41:45 - [MESSAGE][PASSED] - Text '' is set on object 'Object Repository/RAD_Pages/AddressAndContactInfo_Page/input_streetAddress2'

2024-11-07 21:41:46 - [MESSAGE][PASSED] - Text 'Gambrills' is set on object 'Object Repository/RAD_Pages/AddressAndContactInfo_Page/input_city'

2024-11-07 21:41:46 - [MESSAGE][PASSED] - All options with label 'Maryland' are selected in object 'Object Repository/RAD_Pages/AddressAndContactInfo_Page/select_State' 

2024-11-07 21:41:47 - [MESSAGE][PASSED] - Text '21054' is set on object 'Object Repository/RAD_Pages/AddressAndContactInfo_Page/input_zipCode'

2024-11-07 21:41:48 - [MESSAGE][PASSED] - Text '(703) 894-5000' is set on object 'Object Repository/RAD_Pages/AddressAndContactInfo_Page/input_phoneNumber'

2024-11-07 21:41:49 - [MESSAGE][PASSED] - Text 'iahmed@govolution.com' is set on object 'Object Repository/RAD_Pages/AddressAndContactInfo_Page/input_eMailAddress'

2024-11-07 21:41:49 - [MESSAGE][PASSED] - Text 'iahmed@govolution.com' is set on object 'Object Repository/RAD_Pages/AddressAndContactInfo_Page/input_reEnterEMailAddress'

2024-11-07 21:41:49 - [MESSAGE][PASSED] - rad.getSetDataRAD.setDataRADAddress is PASSED

2024-11-07 21:41:49 - [TEST_STEP][PASSED] - if (feinSSN.equalsIgnoreCase("Y")): null

2024-11-07 21:41:49 - [TEST_STEP][PASSED] - else: Text ****** has been set on object 'Object Repository/RAD_Pages/TaxInfo_Page/input_FederalEIN_ReEnter'

2024-11-07 21:41:49 - [TEST_STEP][PASSED] - if (!(TaxType.equalsIgnoreCase("Estate Tax"))): Text ****** has been set on object 'Object Repository/RAD_Pages/TaxInfo_Page/input_FederalEIN_ReEnter'

2024-11-07 21:41:49 - [TEST_STEP][PASSED] - setEncryptedText(findTestObject(orPath_TaxInfo + "/input_FederalEIN"), "yXB7JMCbD3QoFF75EQd3iw=="): Text ****** has been set on object 'Object Repository/RAD_Pages/TaxInfo_Page/input_FederalEIN'

2024-11-07 21:41:50 - [MESSAGE][PASSED] - Text ****** has been set on object 'Object Repository/RAD_Pages/TaxInfo_Page/input_FederalEIN'

2024-11-07 21:41:50 - [TEST_STEP][PASSED] - setEncryptedText(findTestObject(orPath_TaxInfo + "/input_FederalEIN_ReEnter"), "yXB7JMCbD3QoFF75EQd3iw=="): Text ****** has been set on object 'Object Repository/RAD_Pages/TaxInfo_Page/input_FederalEIN_ReEnter'

2024-11-07 21:41:51 - [MESSAGE][PASSED] - Text ****** has been set on object 'Object Repository/RAD_Pages/TaxInfo_Page/input_FederalEIN_ReEnter'

2024-11-07 21:41:51 - [TEST_STEP][PASSED] - if (CRN.equalsIgnoreCase("Y")): rad.getSetDataRAD.setDataRADMDCRN is PASSED

2024-11-07 21:41:51 - [TEST_STEP][PASSED] - rad.getSetDataRAD.setDataRADMDCRN(): rad.getSetDataRAD.setDataRADMDCRN is PASSED

2024-11-07 21:41:51 - [MESSAGE][PASSED] - Text '07640126' is set on object 'Object Repository/RAD_Pages/TaxInfo_Page/input_MDCRegistration'

2024-11-07 21:41:51 - [MESSAGE][PASSED] - rad.getSetDataRAD.setDataRADMDCRN is PASSED

2024-11-07 21:41:51 - [TEST_STEP][PASSED] - if (MFLicNum.equalsIgnoreCase("Y")): null

2024-11-07 21:41:51 - [TEST_STEP][PASSED] - if (TaxType.equalsIgnoreCase("Estate Tax")): null

2024-11-07 21:41:51 - [TEST_STEP][PASSED] - setText(findTestObject(orPath_Amount + "/input__paymentAmount"), "100.00"): Text '100.00' is set on object 'Object Repository/RAD_Pages/PaymentAmount_Page/input__paymentAmount'

2024-11-07 21:41:52 - [MESSAGE][PASSED] - Text '100.00' is set on object 'Object Repository/RAD_Pages/PaymentAmount_Page/input__paymentAmount'

2024-11-07 21:41:52 - [TEST_STEP][PASSED] - setText(findTestObject(orPath_AddressContact + "/input_streetAddress2"), ""): Text '' is set on object 'Object Repository/RAD_Pages/AddressAndContactInfo_Page/input_streetAddress2'

2024-11-07 21:41:53 - [MESSAGE][PASSED] - Text '' is set on object 'Object Repository/RAD_Pages/AddressAndContactInfo_Page/input_streetAddress2'

2024-11-07 21:41:53 - [TEST_STEP][PASSED] - scrollToElement(findTestObject(orPath_Landing + "/button_Continue"), 3): Scroll to object 'Object Repository/RAD_Pages/Landing_Page/button_Continue' successfully

2024-11-07 21:41:53 - [MESSAGE][PASSED] - Scroll to object 'Object Repository/RAD_Pages/Landing_Page/button_Continue' successfully

2024-11-07 21:41:53 - [TEST_STEP][PASSED] - waitForElementClickable(findTestObject(orPath_Landing + "/button_Continue"), 5): Object 'Object Repository/RAD_Pages/Landing_Page/button_Continue' is clickable

2024-11-07 21:41:53 - [MESSAGE][PASSED] - Object 'Object Repository/RAD_Pages/Landing_Page/button_Continue' is clickable

2024-11-07 21:41:53 - [TEST_STEP][PASSED] - click(findTestObject(orPath_Landing + "/button_Continue")): Object: 'Object Repository/RAD_Pages/Landing_Page/button_Continue' is clicked on

2024-11-07 21:41:54 - [MESSAGE][PASSED] - Object: 'Object Repository/RAD_Pages/Landing_Page/button_Continue' is clicked on

2024-11-07 21:41:54 - [TEST_STEP][PASSED] - delay(2): Delayed 2 second(s)

2024-11-07 21:41:56 - [MESSAGE][PASSED] - Delayed 2 second(s)

2024-11-07 21:41:56 - [TEST_STEP][PASSED] - verifyTextPresent("Summary", true): Text 'Summary' is present on page  using regular expression

2024-11-07 21:41:56 - [MESSAGE][PASSED] - Text 'Summary' is present on page  using regular expression

2024-11-07 21:41:56 - [TEST_STEP][PASSED] - verifyTextPresent("Review the information below and make any necessary corrections by clicking the", true): Text 'Review the information below and make any necessary corrections by clicking the' is present on page  using regular expression

2024-11-07 21:41:57 - [MESSAGE][PASSED] - Text 'Review the information below and make any necessary corrections by clicking the' is present on page  using regular expression

2024-11-07 21:41:57 - [TEST_STEP][PASSED] - verifyTextPresent("When you are confident that all the information is correct, click the", true): Text 'When you are confident that all the information is correct, click the' is present on page  using regular expression

2024-11-07 21:41:57 - [MESSAGE][PASSED] - Text 'When you are confident that all the information is correct, click the' is present on page  using regular expression

2024-11-07 21:41:57 - [TEST_STEP][PASSED] - verifyTextPresent("Payment Type/Filing Year", true): Text 'Payment Type/Filing Year' is present on page  using regular expression

2024-11-07 21:41:57 - [MESSAGE][PASSED] - Text 'Payment Type/Filing Year' is present on page  using regular expression

2024-11-07 21:41:57 - [TEST_STEP][PASSED] - verifyTextPresent("Payment Type:", true): Text 'Payment Type:' is present on page  using regular expression

2024-11-07 21:41:58 - [MESSAGE][PASSED] - Text 'Payment Type:' is present on page  using regular expression

2024-11-07 21:41:58 - [TEST_STEP][PASSED] - verifyTextPresent("New Tax Return Amount Due", true): Text 'New Tax Return Amount Due' is present on page  using regular expression

2024-11-07 21:41:58 - [MESSAGE][PASSED] - Text 'New Tax Return Amount Due' is present on page  using regular expression

2024-11-07 21:41:58 - [TEST_STEP][PASSED] - verifyTextPresent("Filing Year:", true): Text 'Filing Year:' is present on page  using regular expression

2024-11-07 21:41:58 - [MESSAGE][PASSED] - Text 'Filing Year:' is present on page  using regular expression

2024-11-07 21:41:58 - [TEST_STEP][PASSED] - verifyTextPresent(FilingYear, true): Text '2022' is present on page  using regular expression

2024-11-07 21:41:59 - [MESSAGE][PASSED] - Text '2022' is present on page  using regular expression

2024-11-07 21:41:59 - [TEST_STEP][PASSED] - verifyTextPresent("Payer Information", true): Text 'Payer Information' is present on page  using regular expression

2024-11-07 21:41:59 - [MESSAGE][PASSED] - Text 'Payer Information' is present on page  using regular expression

2024-11-07 21:41:59 - [TEST_STEP][PASSED] - verifyTextPresent("Taxpayer Name:", true): Text 'Taxpayer Name:' is present on page  using regular expression

2024-11-07 21:41:59 - [MESSAGE][PASSED] - Text 'Taxpayer Name:' is present on page  using regular expression

2024-11-07 21:41:59 - [TEST_STEP][PASSED] - verifyTextPresent("My Company", true): Text 'My Company' is present on page  using regular expression

2024-11-07 21:41:59 - [MESSAGE][PASSED] - Text 'My Company' is present on page  using regular expression

2024-11-07 21:41:59 - [TEST_STEP][PASSED] - verifyTextPresent("Business Rep Name:", true): Text 'Business Rep Name:' is present on page  using regular expression

2024-11-07 21:42:00 - [MESSAGE][PASSED] - Text 'Business Rep Name:' is present on page  using regular expression

2024-11-07 21:42:00 - [TEST_STEP][PASSED] - verifyTextPresent("BusRepFname BusRepLname", true): Text 'BusRepFname BusRepLname' is present on page  using regular expression

2024-11-07 21:42:00 - [MESSAGE][PASSED] - Text 'BusRepFname BusRepLname' is present on page  using regular expression

2024-11-07 21:42:00 - [TEST_STEP][PASSED] - verifyTextPresent("Taxpayer Address:", true): Text 'Taxpayer Address:' is present on page  using regular expression

2024-11-07 21:42:00 - [MESSAGE][PASSED] - Text 'Taxpayer Address:' is present on page  using regular expression

2024-11-07 21:42:00 - [TEST_STEP][PASSED] - verifyTextPresent("2508 Mandan Terrace Gambrills Maryland 21054", true): Text '2508 Mandan Terrace Gambrills Maryland 21054' is present on page  using regular expression

2024-11-07 21:42:01 - [MESSAGE][PASSED] - Text '2508 Mandan Terrace Gambrills Maryland 21054' is present on page  using regular expression

2024-11-07 21:42:01 - [TEST_STEP][PASSED] - verifyTextPresent("Email:", true): Text 'Email:' is present on page  using regular expression

2024-11-07 21:42:01 - [MESSAGE][PASSED] - Text 'Email:' is present on page  using regular expression

2024-11-07 21:42:01 - [TEST_STEP][PASSED] - verifyTextPresent("iahmed@govolution.com", true): Text 'iahmed@govolution.com' is present on page  using regular expression

2024-11-07 21:42:01 - [MESSAGE][PASSED] - Text 'iahmed@govolution.com' is present on page  using regular expression

2024-11-07 21:42:01 - [TEST_STEP][PASSED] - verifyTextPresent("Phone:", true): Text 'Phone:' is present on page  using regular expression

2024-11-07 21:42:02 - [MESSAGE][PASSED] - Text 'Phone:' is present on page  using regular expression

2024-11-07 21:42:02 - [TEST_STEP][PASSED] - verifyTextPresent("(703) 894-5000", false): Text '(703) 894-5000' is present on page 

2024-11-07 21:42:02 - [MESSAGE][PASSED] - Text '(703) 894-5000' is present on page 

2024-11-07 21:42:02 - [TEST_STEP][PASSED] - verifyTextPresent("Tax Information", true): Text 'Tax Information' is present on page  using regular expression

2024-11-07 21:42:03 - [MESSAGE][PASSED] - Text 'Tax Information' is present on page  using regular expression

2024-11-07 21:42:03 - [TEST_STEP][PASSED] - verifyTextNotPresent("Notice Number", true): Text 'Notice Number' is not present on page using regular expression

2024-11-07 21:42:03 - [MESSAGE][PASSED] - Text 'Notice Number' is not present on page using regular expression

2024-11-07 21:42:03 - [TEST_STEP][PASSED] - if (month.trim()): Text 'June' is present on page  using regular expression

2024-11-07 21:42:03 - [TEST_STEP][PASSED] - verifyTextPresent("Period Ending", true): Text 'Period Ending' is present on page  using regular expression

2024-11-07 21:42:03 - [MESSAGE][PASSED] - Text 'Period Ending' is present on page  using regular expression

2024-11-07 21:42:03 - [TEST_STEP][PASSED] - verifyTextPresent(month, true): Text 'June' is present on page  using regular expression

2024-11-07 21:42:04 - [MESSAGE][PASSED] - Text 'June' is present on page  using regular expression

2024-11-07 21:42:04 - [TEST_STEP][PASSED] - if (feinSSN.equalsIgnoreCase("Y")): null

2024-11-07 21:42:04 - [TEST_STEP][PASSED] - else: Text 'XXXXXXX87' is present on page  using regular expression

2024-11-07 21:42:04 - [TEST_STEP][PASSED] - if (!(TaxType.equalsIgnoreCase("Estate Tax"))): Text 'XXXXXXX87' is present on page  using regular expression

2024-11-07 21:42:04 - [TEST_STEP][PASSED] - verifyTextPresent("Federal EIN:", true): Text 'Federal EIN:' is present on page  using regular expression

2024-11-07 21:42:04 - [MESSAGE][PASSED] - Text 'Federal EIN:' is present on page  using regular expression

2024-11-07 21:42:04 - [TEST_STEP][PASSED] - verifyTextNotPresent("FEIN/SSN:", true): Text 'FEIN/SSN:' is not present on page using regular expression

2024-11-07 21:42:05 - [MESSAGE][PASSED] - Text 'FEIN/SSN:' is not present on page using regular expression

2024-11-07 21:42:05 - [TEST_STEP][PASSED] - verifyTextPresent("XXXXXXX87", true): Text 'XXXXXXX87' is present on page  using regular expression

2024-11-07 21:42:05 - [MESSAGE][PASSED] - Text 'XXXXXXX87' is present on page  using regular expression

2024-11-07 21:42:05 - [TEST_STEP][PASSED] - if (TaxType.equalsIgnoreCase("Estate Tax")): null

2024-11-07 21:42:05 - [TEST_STEP][PASSED] - if (CRN.equalsIgnoreCase("Y")): Text '07640126' is present on page  using regular expression

2024-11-07 21:42:05 - [TEST_STEP][PASSED] - verifyTextPresent("MD Central Registration Number#:", true): Text 'MD Central Registration Number#:' is present on page  using regular expression

2024-11-07 21:42:05 - [MESSAGE][PASSED] - Text 'MD Central Registration Number#:' is present on page  using regular expression

2024-11-07 21:42:05 - [TEST_STEP][PASSED] - verifyTextPresent("07640126", true): Text '07640126' is present on page  using regular expression

2024-11-07 21:42:06 - [MESSAGE][PASSED] - Text '07640126' is present on page  using regular expression

2024-11-07 21:42:06 - [TEST_STEP][PASSED] - if (MFLicNum.equalsIgnoreCase("Y")): null

2024-11-07 21:42:06 - [TEST_STEP][PASSED] - else: Text 'Motor Fuel License Number#:' is not present on page using regular expression

2024-11-07 21:42:06 - [TEST_STEP][PASSED] - verifyTextNotPresent("Motor Fuel License Number#:", true): Text 'Motor Fuel License Number#:' is not present on page using regular expression

2024-11-07 21:42:06 - [MESSAGE][PASSED] - Text 'Motor Fuel License Number#:' is not present on page using regular expression

2024-11-07 21:42:06 - [TEST_STEP][PASSED] - verifyTextPresent("Payment Amount:", true): Text 'Payment Amount:' is present on page  using regular expression

2024-11-07 21:42:07 - [MESSAGE][PASSED] - Text 'Payment Amount:' is present on page  using regular expression

2024-11-07 21:42:07 - [TEST_STEP][PASSED] - verifyTextPresent("100.00", true): Text '100.00' is present on page  using regular expression

2024-11-07 21:42:07 - [MESSAGE][PASSED] - Text '100.00' is present on page  using regular expression

2024-11-07 21:42:07 - [TEST_STEP][PASSED] - if (verifyElementVisible(findTestObject(orPath_Summary + "/button_Proceed to Payment"))): null

2024-11-07 21:42:07 - [MESSAGE][PASSED] - Object 'Object Repository/RAD_Pages/Summary_Page/button_Proceed to Payment' is visible

2024-11-07 21:42:07 - [TEST_STEP][PASSED] - resText = "Pass": null

2024-11-07 21:42:07 - [TEST_STEP][PASSED] - pages.WriteExcel.demoKey(resText, datText, resColumn, datCloumn, fileLoc, nameSheet, row): pages.WriteExcel.demoKey is PASSED

2024-11-07 21:42:08 - [MESSAGE][PASSED] - pages.WriteExcel.demoKey is PASSED

2024-11-07 21:42:08 - [TEST_STEP][PASSED] - click(findTestObject(orPath_Summary + "/button_Proceed to Payment")): Object: 'Object Repository/RAD_Pages/Summary_Page/button_Proceed to Payment' is clicked on

2024-11-07 21:42:10 - [MESSAGE][PASSED] - Object: 'Object Repository/RAD_Pages/Summary_Page/button_Proceed to Payment' is clicked on

2024-11-07 21:42:10 - [TEST_STEP][PASSED] - verifyElementPresent(findTestObject("Object Repository/RAD_Pages/PaymentEntry_Page/input__billingName"), 30): Object 'Object Repository/RAD_Pages/PaymentEntry_Page/input__billingName' is present

2024-11-07 21:42:11 - [MESSAGE][PASSED] - Object 'Object Repository/RAD_Pages/PaymentEntry_Page/input__billingName' is present

2024-11-07 21:42:11 - [TEST_STEP][PASSED] - ExecuteTC = findTestData(dataFile).getValue("Execute", row): null

2024-11-07 21:42:11 - [TEST_STEP][PASSED] - TaxType = findTestData(dataFile).getValue("TaxType", row): null

2024-11-07 21:42:11 - [TEST_STEP][PASSED] - PaymentType = findTestData(dataFile).getValue("PaymentType", row): null

2024-11-07 21:42:11 - [TEST_STEP][PASSED] - FilingYear = findTestData(dataFile).getValue("Year", row): null

2024-11-07 21:42:11 - [TEST_STEP][PASSED] - feinSSN = findTestData(dataFile).getValue("FeinSsn", row): null

2024-11-07 21:42:11 - [TEST_STEP][PASSED] - CRN = findTestData(dataFile).getValue("CRN", row): null

2024-11-07 21:42:11 - [TEST_STEP][PASSED] - month = findTestData(dataFile).getValue("Month", row): null

2024-11-07 21:42:11 - [TEST_STEP][PASSED] - MFLicNum = findTestData(dataFile).getValue("MFLicNum", row): null

2024-11-07 21:42:11 - [TEST_STEP][PASSED] - if (ExecuteTC.equalsIgnoreCase("Y")): Object 'Object Repository/RAD_Pages/PaymentEntry_Page/input__billingName' is present

2024-11-07 21:42:11 - [TEST_STEP][PASSED] - out.println("Begin Record Number: " + row): null

2024-11-07 21:42:11 - [TEST_STEP][PASSED] - today = new java.util.Date(): null

2024-11-07 21:42:11 - [TEST_STEP][PASSED] - println(today): null

2024-11-07 21:42:11 - [TEST_STEP][PASSED] - datText = today: null

2024-11-07 21:42:11 - [TEST_STEP][PASSED] - logInfo("Payment Type: New Tax Return Amount Due"): Payment Type: New Tax Return Amount Due

2024-11-07 21:42:11 - [MESSAGE][INFO] - Payment Type: New Tax Return Amount Due

2024-11-07 21:42:11 - [TEST_STEP][PASSED] - logInfo("Tax Type: " + TaxType): Tax Type: Unclaimed Property

2024-11-07 21:42:11 - [MESSAGE][INFO] - Tax Type: Unclaimed Property

2024-11-07 21:42:11 - [TEST_STEP][PASSED] - openBrowser(""): Browser is opened with url: ''

2024-11-07 21:42:11 - [MESSAGE][WARNING] - A browser is already opened. Closing browser and opening a new one

2024-11-07 21:42:13 - [MESSAGE][INFO] - Starting 'Chrome' driver

2024-11-07 21:42:13 - [MESSAGE][INFO] - User set preference: ['acceptInsecureCerts', 'true']

2024-11-07 21:42:13 - [MESSAGE][INFO] - Action delay is set to 0 milliseconds

2024-11-07 21:42:15 - [MESSAGE][PASSED] - Browser is opened with url: ''

2024-11-07 21:42:15 - [TEST_STEP][PASSED] - maximizeWindow(): Current window maximized

2024-11-07 21:42:15 - [MESSAGE][PASSED] - Current window maximized

2024-11-07 21:42:15 - [TEST_STEP][PASSED] - navigateToUrl(RADurl): Navigate to 'https://www.velocitypayment.com/client/rad/index.html' successfully

2024-11-07 21:42:17 - [MESSAGE][PASSED] - Navigate to 'https://www.velocitypayment.com/client/rad/index.html' successfully

2024-11-07 21:42:17 - [TEST_STEP][PASSED] - selectOptionByLabel(findTestObject(orPath_Landing + "/dd_TaxType"), "New Tax Return Amount Due", false): All options with label 'New Tax Return Amount Due' are selected in object 'Object Repository/RAD_Pages/Landing_Page/dd_TaxType' 

2024-11-07 21:42:18 - [MESSAGE][PASSED] - All options with label 'New Tax Return Amount Due' are selected in object 'Object Repository/RAD_Pages/Landing_Page/dd_TaxType' 

2024-11-07 21:42:18 - [TEST_STEP][PASSED] - selectOptionByLabel(findTestObject("Object Repository/RAD_Pages/Landing_Page/select_NewTaxReturnAmountDue_TaxType"), TaxType, false): All options with label 'Unclaimed Property' are selected in object 'Object Repository/RAD_Pages/Landing_Page/select_NewTaxReturnAmountDue_TaxType' 

2024-11-07 21:42:18 - [MESSAGE][PASSED] - All options with label 'Unclaimed Property' are selected in object 'Object Repository/RAD_Pages/Landing_Page/select_NewTaxReturnAmountDue_TaxType' 

2024-11-07 21:42:18 - [TEST_STEP][PASSED] - selectOptionByLabel(findTestObject(orPath_TaxTypeFilingYear + "/select_FilingYear"), FilingYear, false): All options with label '2022' are selected in object 'Object Repository/RAD_Pages/TaxTypeFilingYear_Page/select_FilingYear' 

2024-11-07 21:42:19 - [MESSAGE][PASSED] - All options with label '2022' are selected in object 'Object Repository/RAD_Pages/TaxTypeFilingYear_Page/select_FilingYear' 

2024-11-07 21:42:19 - [TEST_STEP][PASSED] - if (month.trim()): All options with label 'August' are selected in object 'Object Repository/RAD_Pages/TaxTypeFilingYear_Page/select_PeriodEnding' 

2024-11-07 21:42:19 - [TEST_STEP][PASSED] - selectOptionByLabel(findTestObject(orPath_TaxTypeFilingYear + "/select_PeriodEnding"), month, false): All options with label 'August' are selected in object 'Object Repository/RAD_Pages/TaxTypeFilingYear_Page/select_PeriodEnding' 

2024-11-07 21:42:20 - [MESSAGE][PASSED] - All options with label 'August' are selected in object 'Object Repository/RAD_Pages/TaxTypeFilingYear_Page/select_PeriodEnding' 

2024-11-07 21:42:20 - [TEST_STEP][PASSED] - rad.getSetDataRAD.setDataRADBusinessName(): rad.getSetDataRAD.setDataRADBusinessName is PASSED

2024-11-07 21:42:21 - [MESSAGE][PASSED] - Text 'My Company' is set on object 'Object Repository/RAD_Pages/Taxpayer_Page/input_businessName'

2024-11-07 21:42:21 - [MESSAGE][PASSED] - rad.getSetDataRAD.setDataRADBusinessName is PASSED

2024-11-07 21:42:21 - [TEST_STEP][PASSED] - rad.getSetDataRAD.setDataRADBusinessRep(): rad.getSetDataRAD.setDataRADBusinessRep is PASSED

2024-11-07 21:42:21 - [MESSAGE][PASSED] - Text 'BusRepFname' is set on object 'Object Repository/RAD_Pages/Taxpayer_Page/input_BusinessRepfirstName'

2024-11-07 21:42:22 - [MESSAGE][PASSED] - Text '' is set on object 'Object Repository/RAD_Pages/Taxpayer_Page/input_BusinessRepmiddleName'

2024-11-07 21:42:23 - [MESSAGE][PASSED] - Text 'BusRepLname' is set on object 'Object Repository/RAD_Pages/Taxpayer_Page/input_BusinessReplastName'

2024-11-07 21:42:24 - [MESSAGE][PASSED] - Text '' is set on object 'Object Repository/RAD_Pages/Taxpayer_Page/input_BusinessRepsuffix'

2024-11-07 21:42:24 - [MESSAGE][PASSED] - rad.getSetDataRAD.setDataRADBusinessRep is PASSED

2024-11-07 21:42:24 - [TEST_STEP][PASSED] - rad.getSetDataRAD.setDataRADAddress(): rad.getSetDataRAD.setDataRADAddress is PASSED

2024-11-07 21:42:24 - [MESSAGE][PASSED] - All options with label 'United States' are selected in object 'Object Repository/RAD_Pages/AddressAndContactInfo_Page/select_Country' 

2024-11-07 21:42:25 - [MESSAGE][PASSED] - Text '2508 Mandan Terrace' is set on object 'Object Repository/RAD_Pages/AddressAndContactInfo_Page/input_streetAddress1'

2024-11-07 21:42:26 - [MESSAGE][PASSED] - Text '' is set on object 'Object Repository/RAD_Pages/AddressAndContactInfo_Page/input_streetAddress2'

2024-11-07 21:42:26 - [MESSAGE][PASSED] - Text 'Gambrills' is set on object 'Object Repository/RAD_Pages/AddressAndContactInfo_Page/input_city'

2024-11-07 21:42:27 - [MESSAGE][PASSED] - All options with label 'Maryland' are selected in object 'Object Repository/RAD_Pages/AddressAndContactInfo_Page/select_State' 

2024-11-07 21:42:28 - [MESSAGE][PASSED] - Text '21054' is set on object 'Object Repository/RAD_Pages/AddressAndContactInfo_Page/input_zipCode'

2024-11-07 21:42:29 - [MESSAGE][PASSED] - Text '(703) 894-5000' is set on object 'Object Repository/RAD_Pages/AddressAndContactInfo_Page/input_phoneNumber'

2024-11-07 21:42:30 - [MESSAGE][PASSED] - Text 'iahmed@govolution.com' is set on object 'Object Repository/RAD_Pages/AddressAndContactInfo_Page/input_eMailAddress'

2024-11-07 21:42:31 - [MESSAGE][PASSED] - Text 'iahmed@govolution.com' is set on object 'Object Repository/RAD_Pages/AddressAndContactInfo_Page/input_reEnterEMailAddress'

2024-11-07 21:42:31 - [MESSAGE][PASSED] - rad.getSetDataRAD.setDataRADAddress is PASSED

2024-11-07 21:42:31 - [TEST_STEP][PASSED] - if (feinSSN.equalsIgnoreCase("Y")): null

2024-11-07 21:42:31 - [TEST_STEP][PASSED] - else: Text ****** has been set on object 'Object Repository/RAD_Pages/TaxInfo_Page/input_FederalEIN_ReEnter'

2024-11-07 21:42:31 - [TEST_STEP][PASSED] - if (!(TaxType.equalsIgnoreCase("Estate Tax"))): Text ****** has been set on object 'Object Repository/RAD_Pages/TaxInfo_Page/input_FederalEIN_ReEnter'

2024-11-07 21:42:31 - [TEST_STEP][PASSED] - setEncryptedText(findTestObject(orPath_TaxInfo + "/input_FederalEIN"), "yXB7JMCbD3QoFF75EQd3iw=="): Text ****** has been set on object 'Object Repository/RAD_Pages/TaxInfo_Page/input_FederalEIN'

2024-11-07 21:42:31 - [MESSAGE][PASSED] - Text ****** has been set on object 'Object Repository/RAD_Pages/TaxInfo_Page/input_FederalEIN'

2024-11-07 21:42:31 - [TEST_STEP][PASSED] - setEncryptedText(findTestObject(orPath_TaxInfo + "/input_FederalEIN_ReEnter"), "yXB7JMCbD3QoFF75EQd3iw=="): Text ****** has been set on object 'Object Repository/RAD_Pages/TaxInfo_Page/input_FederalEIN_ReEnter'

2024-11-07 21:42:32 - [MESSAGE][PASSED] - Text ****** has been set on object 'Object Repository/RAD_Pages/TaxInfo_Page/input_FederalEIN_ReEnter'

2024-11-07 21:42:32 - [TEST_STEP][PASSED] - if (CRN.equalsIgnoreCase("Y")): rad.getSetDataRAD.setDataRADMDCRN is PASSED

2024-11-07 21:42:32 - [TEST_STEP][PASSED] - rad.getSetDataRAD.setDataRADMDCRN(): rad.getSetDataRAD.setDataRADMDCRN is PASSED

2024-11-07 21:42:33 - [MESSAGE][PASSED] - Text '07640126' is set on object 'Object Repository/RAD_Pages/TaxInfo_Page/input_MDCRegistration'

2024-11-07 21:42:33 - [MESSAGE][PASSED] - rad.getSetDataRAD.setDataRADMDCRN is PASSED

2024-11-07 21:42:33 - [TEST_STEP][PASSED] - if (MFLicNum.equalsIgnoreCase("Y")): null

2024-11-07 21:42:33 - [TEST_STEP][PASSED] - if (TaxType.equalsIgnoreCase("Estate Tax")): null

2024-11-07 21:42:33 - [TEST_STEP][PASSED] - setText(findTestObject(orPath_Amount + "/input__paymentAmount"), "100.00"): Text '100.00' is set on object 'Object Repository/RAD_Pages/PaymentAmount_Page/input__paymentAmount'

2024-11-07 21:42:33 - [MESSAGE][PASSED] - Text '100.00' is set on object 'Object Repository/RAD_Pages/PaymentAmount_Page/input__paymentAmount'

2024-11-07 21:42:33 - [TEST_STEP][PASSED] - setText(findTestObject(orPath_AddressContact + "/input_streetAddress2"), ""): Text '' is set on object 'Object Repository/RAD_Pages/AddressAndContactInfo_Page/input_streetAddress2'

2024-11-07 21:42:34 - [MESSAGE][PASSED] - Text '' is set on object 'Object Repository/RAD_Pages/AddressAndContactInfo_Page/input_streetAddress2'

2024-11-07 21:42:34 - [TEST_STEP][PASSED] - scrollToElement(findTestObject(orPath_Landing + "/button_Continue"), 3): Scroll to object 'Object Repository/RAD_Pages/Landing_Page/button_Continue' successfully

2024-11-07 21:42:34 - [MESSAGE][PASSED] - Scroll to object 'Object Repository/RAD_Pages/Landing_Page/button_Continue' successfully

2024-11-07 21:42:34 - [TEST_STEP][PASSED] - waitForElementClickable(findTestObject(orPath_Landing + "/button_Continue"), 5): Object 'Object Repository/RAD_Pages/Landing_Page/button_Continue' is clickable

2024-11-07 21:42:35 - [MESSAGE][PASSED] - Object 'Object Repository/RAD_Pages/Landing_Page/button_Continue' is clickable

2024-11-07 21:42:35 - [TEST_STEP][PASSED] - click(findTestObject(orPath_Landing + "/button_Continue")): Object: 'Object Repository/RAD_Pages/Landing_Page/button_Continue' is clicked on

2024-11-07 21:42:35 - [MESSAGE][PASSED] - Object: 'Object Repository/RAD_Pages/Landing_Page/button_Continue' is clicked on

2024-11-07 21:42:35 - [TEST_STEP][PASSED] - delay(2): Delayed 2 second(s)

2024-11-07 21:42:37 - [MESSAGE][PASSED] - Delayed 2 second(s)

2024-11-07 21:42:37 - [TEST_STEP][PASSED] - verifyTextPresent("Summary", true): Text 'Summary' is present on page  using regular expression

2024-11-07 21:42:37 - [MESSAGE][PASSED] - Text 'Summary' is present on page  using regular expression

2024-11-07 21:42:37 - [TEST_STEP][PASSED] - verifyTextPresent("Review the information below and make any necessary corrections by clicking the", true): Text 'Review the information below and make any necessary corrections by clicking the' is present on page  using regular expression

2024-11-07 21:42:38 - [MESSAGE][PASSED] - Text 'Review the information below and make any necessary corrections by clicking the' is present on page  using regular expression

2024-11-07 21:42:38 - [TEST_STEP][PASSED] - verifyTextPresent("When you are confident that all the information is correct, click the", true): Text 'When you are confident that all the information is correct, click the' is present on page  using regular expression

2024-11-07 21:42:38 - [MESSAGE][PASSED] - Text 'When you are confident that all the information is correct, click the' is present on page  using regular expression

2024-11-07 21:42:38 - [TEST_STEP][PASSED] - verifyTextPresent("Payment Type/Filing Year", true): Text 'Payment Type/Filing Year' is present on page  using regular expression

2024-11-07 21:42:38 - [MESSAGE][PASSED] - Text 'Payment Type/Filing Year' is present on page  using regular expression

2024-11-07 21:42:38 - [TEST_STEP][PASSED] - verifyTextPresent("Payment Type:", true): Text 'Payment Type:' is present on page  using regular expression

2024-11-07 21:42:39 - [MESSAGE][PASSED] - Text 'Payment Type:' is present on page  using regular expression

2024-11-07 21:42:39 - [TEST_STEP][PASSED] - verifyTextPresent("New Tax Return Amount Due", true): Text 'New Tax Return Amount Due' is present on page  using regular expression

2024-11-07 21:42:39 - [MESSAGE][PASSED] - Text 'New Tax Return Amount Due' is present on page  using regular expression

2024-11-07 21:42:39 - [TEST_STEP][PASSED] - verifyTextPresent("Filing Year:", true): Text 'Filing Year:' is present on page  using regular expression

2024-11-07 21:42:39 - [MESSAGE][PASSED] - Text 'Filing Year:' is present on page  using regular expression

2024-11-07 21:42:39 - [TEST_STEP][PASSED] - verifyTextPresent(FilingYear, true): Text '2022' is present on page  using regular expression

2024-11-07 21:42:40 - [MESSAGE][PASSED] - Text '2022' is present on page  using regular expression

2024-11-07 21:42:40 - [TEST_STEP][PASSED] - verifyTextPresent("Payer Information", true): Text 'Payer Information' is present on page  using regular expression

2024-11-07 21:42:40 - [MESSAGE][PASSED] - Text 'Payer Information' is present on page  using regular expression

2024-11-07 21:42:40 - [TEST_STEP][PASSED] - verifyTextPresent("Taxpayer Name:", true): Text 'Taxpayer Name:' is present on page  using regular expression

2024-11-07 21:42:40 - [MESSAGE][PASSED] - Text 'Taxpayer Name:' is present on page  using regular expression

2024-11-07 21:42:40 - [TEST_STEP][PASSED] - verifyTextPresent("My Company", true): Text 'My Company' is present on page  using regular expression

2024-11-07 21:42:41 - [MESSAGE][PASSED] - Text 'My Company' is present on page  using regular expression

2024-11-07 21:42:41 - [TEST_STEP][PASSED] - verifyTextPresent("Business Rep Name:", true): Text 'Business Rep Name:' is present on page  using regular expression

2024-11-07 21:42:41 - [MESSAGE][PASSED] - Text 'Business Rep Name:' is present on page  using regular expression

2024-11-07 21:42:41 - [TEST_STEP][PASSED] - verifyTextPresent("BusRepFname BusRepLname", true): Text 'BusRepFname BusRepLname' is present on page  using regular expression

2024-11-07 21:42:41 - [MESSAGE][PASSED] - Text 'BusRepFname BusRepLname' is present on page  using regular expression

2024-11-07 21:42:41 - [TEST_STEP][PASSED] - verifyTextPresent("Taxpayer Address:", true): Text 'Taxpayer Address:' is present on page  using regular expression

2024-11-07 21:42:42 - [MESSAGE][PASSED] - Text 'Taxpayer Address:' is present on page  using regular expression

2024-11-07 21:42:42 - [TEST_STEP][PASSED] - verifyTextPresent("2508 Mandan Terrace Gambrills Maryland 21054", true): Text '2508 Mandan Terrace Gambrills Maryland 21054' is present on page  using regular expression

2024-11-07 21:42:42 - [MESSAGE][PASSED] - Text '2508 Mandan Terrace Gambrills Maryland 21054' is present on page  using regular expression

2024-11-07 21:42:42 - [TEST_STEP][PASSED] - verifyTextPresent("Email:", true): Text 'Email:' is present on page  using regular expression

2024-11-07 21:42:42 - [MESSAGE][PASSED] - Text 'Email:' is present on page  using regular expression

2024-11-07 21:42:42 - [TEST_STEP][PASSED] - verifyTextPresent("iahmed@govolution.com", true): Text 'iahmed@govolution.com' is present on page  using regular expression

2024-11-07 21:42:43 - [MESSAGE][PASSED] - Text 'iahmed@govolution.com' is present on page  using regular expression

2024-11-07 21:42:43 - [TEST_STEP][PASSED] - verifyTextPresent("Phone:", true): Text 'Phone:' is present on page  using regular expression

2024-11-07 21:42:43 - [MESSAGE][PASSED] - Text 'Phone:' is present on page  using regular expression

2024-11-07 21:42:43 - [TEST_STEP][PASSED] - verifyTextPresent("(703) 894-5000", false): Text '(703) 894-5000' is present on page 

2024-11-07 21:42:43 - [MESSAGE][PASSED] - Text '(703) 894-5000' is present on page 

2024-11-07 21:42:43 - [TEST_STEP][PASSED] - verifyTextPresent("Tax Information", true): Text 'Tax Information' is present on page  using regular expression

2024-11-07 21:42:44 - [MESSAGE][PASSED] - Text 'Tax Information' is present on page  using regular expression

2024-11-07 21:42:44 - [TEST_STEP][PASSED] - verifyTextNotPresent("Notice Number", true): Text 'Notice Number' is not present on page using regular expression

2024-11-07 21:42:44 - [MESSAGE][PASSED] - Text 'Notice Number' is not present on page using regular expression

2024-11-07 21:42:44 - [TEST_STEP][PASSED] - if (month.trim()): Text 'August' is present on page  using regular expression

2024-11-07 21:42:44 - [TEST_STEP][PASSED] - verifyTextPresent("Period Ending", true): Text 'Period Ending' is present on page  using regular expression

2024-11-07 21:42:44 - [MESSAGE][PASSED] - Text 'Period Ending' is present on page  using regular expression

2024-11-07 21:42:44 - [TEST_STEP][PASSED] - verifyTextPresent(month, true): Text 'August' is present on page  using regular expression

2024-11-07 21:42:45 - [MESSAGE][PASSED] - Text 'August' is present on page  using regular expression

2024-11-07 21:42:45 - [TEST_STEP][PASSED] - if (feinSSN.equalsIgnoreCase("Y")): null

2024-11-07 21:42:45 - [TEST_STEP][PASSED] - else: Text 'XXXXXXX87' is present on page  using regular expression

2024-11-07 21:42:45 - [TEST_STEP][PASSED] - if (!(TaxType.equalsIgnoreCase("Estate Tax"))): Text 'XXXXXXX87' is present on page  using regular expression

2024-11-07 21:42:45 - [TEST_STEP][PASSED] - verifyTextPresent("Federal EIN:", true): Text 'Federal EIN:' is present on page  using regular expression

2024-11-07 21:42:45 - [MESSAGE][PASSED] - Text 'Federal EIN:' is present on page  using regular expression

2024-11-07 21:42:45 - [TEST_STEP][PASSED] - verifyTextNotPresent("FEIN/SSN:", true): Text 'FEIN/SSN:' is not present on page using regular expression

2024-11-07 21:42:45 - [MESSAGE][PASSED] - Text 'FEIN/SSN:' is not present on page using regular expression

2024-11-07 21:42:45 - [TEST_STEP][PASSED] - verifyTextPresent("XXXXXXX87", true): Text 'XXXXXXX87' is present on page  using regular expression

2024-11-07 21:42:46 - [MESSAGE][PASSED] - Text 'XXXXXXX87' is present on page  using regular expression

2024-11-07 21:42:46 - [TEST_STEP][PASSED] - if (TaxType.equalsIgnoreCase("Estate Tax")): null

2024-11-07 21:42:46 - [TEST_STEP][PASSED] - if (CRN.equalsIgnoreCase("Y")): Text '07640126' is present on page  using regular expression

2024-11-07 21:42:46 - [TEST_STEP][PASSED] - verifyTextPresent("MD Central Registration Number#:", true): Text 'MD Central Registration Number#:' is present on page  using regular expression

2024-11-07 21:42:46 - [MESSAGE][PASSED] - Text 'MD Central Registration Number#:' is present on page  using regular expression

2024-11-07 21:42:46 - [TEST_STEP][PASSED] - verifyTextPresent("07640126", true): Text '07640126' is present on page  using regular expression

2024-11-07 21:42:46 - [MESSAGE][PASSED] - Text '07640126' is present on page  using regular expression

2024-11-07 21:42:46 - [TEST_STEP][PASSED] - if (MFLicNum.equalsIgnoreCase("Y")): null

2024-11-07 21:42:46 - [TEST_STEP][PASSED] - else: Text 'Motor Fuel License Number#:' is not present on page using regular expression

2024-11-07 21:42:46 - [TEST_STEP][PASSED] - verifyTextNotPresent("Motor Fuel License Number#:", true): Text 'Motor Fuel License Number#:' is not present on page using regular expression

2024-11-07 21:42:47 - [MESSAGE][PASSED] - Text 'Motor Fuel License Number#:' is not present on page using regular expression

2024-11-07 21:42:47 - [TEST_STEP][PASSED] - verifyTextPresent("Payment Amount:", true): Text 'Payment Amount:' is present on page  using regular expression

2024-11-07 21:42:47 - [MESSAGE][PASSED] - Text 'Payment Amount:' is present on page  using regular expression

2024-11-07 21:42:47 - [TEST_STEP][PASSED] - verifyTextPresent("100.00", true): Text '100.00' is present on page  using regular expression

2024-11-07 21:42:47 - [MESSAGE][PASSED] - Text '100.00' is present on page  using regular expression

2024-11-07 21:42:47 - [TEST_STEP][PASSED] - if (verifyElementVisible(findTestObject(orPath_Summary + "/button_Proceed to Payment"))): null

2024-11-07 21:42:48 - [MESSAGE][PASSED] - Object 'Object Repository/RAD_Pages/Summary_Page/button_Proceed to Payment' is visible

2024-11-07 21:42:48 - [TEST_STEP][PASSED] - resText = "Pass": null

2024-11-07 21:42:48 - [TEST_STEP][PASSED] - pages.WriteExcel.demoKey(resText, datText, resColumn, datCloumn, fileLoc, nameSheet, row): pages.WriteExcel.demoKey is PASSED

2024-11-07 21:42:48 - [MESSAGE][PASSED] - pages.WriteExcel.demoKey is PASSED

2024-11-07 21:42:48 - [TEST_STEP][PASSED] - click(findTestObject(orPath_Summary + "/button_Proceed to Payment")): Object: 'Object Repository/RAD_Pages/Summary_Page/button_Proceed to Payment' is clicked on

2024-11-07 21:42:51 - [MESSAGE][PASSED] - Object: 'Object Repository/RAD_Pages/Summary_Page/button_Proceed to Payment' is clicked on

2024-11-07 21:42:51 - [TEST_STEP][PASSED] - verifyElementPresent(findTestObject("Object Repository/RAD_Pages/PaymentEntry_Page/input__billingName"), 30): Object 'Object Repository/RAD_Pages/PaymentEntry_Page/input__billingName' is present

2024-11-07 21:42:52 - [MESSAGE][PASSED] - Object 'Object Repository/RAD_Pages/PaymentEntry_Page/input__billingName' is present

2024-11-07 21:42:52 - [TEST_STEP][PASSED] - ExecuteTC = findTestData(dataFile).getValue("Execute", row): null

2024-11-07 21:42:52 - [TEST_STEP][PASSED] - TaxType = findTestData(dataFile).getValue("TaxType", row): null

2024-11-07 21:42:52 - [TEST_STEP][PASSED] - PaymentType = findTestData(dataFile).getValue("PaymentType", row): null

2024-11-07 21:42:52 - [TEST_STEP][PASSED] - FilingYear = findTestData(dataFile).getValue("Year", row): null

2024-11-07 21:42:52 - [TEST_STEP][PASSED] - feinSSN = findTestData(dataFile).getValue("FeinSsn", row): null

2024-11-07 21:42:52 - [TEST_STEP][PASSED] - CRN = findTestData(dataFile).getValue("CRN", row): null

2024-11-07 21:42:52 - [TEST_STEP][PASSED] - month = findTestData(dataFile).getValue("Month", row): null

2024-11-07 21:42:52 - [TEST_STEP][PASSED] - MFLicNum = findTestData(dataFile).getValue("MFLicNum", row): null

2024-11-07 21:42:52 - [TEST_STEP][PASSED] - if (ExecuteTC.equalsIgnoreCase("Y")): Object 'Object Repository/RAD_Pages/PaymentEntry_Page/input__billingName' is present

2024-11-07 21:42:52 - [TEST_STEP][PASSED] - out.println("Begin Record Number: " + row): null

2024-11-07 21:42:52 - [TEST_STEP][PASSED] - today = new java.util.Date(): null

2024-11-07 21:42:52 - [TEST_STEP][PASSED] - println(today): null

2024-11-07 21:42:52 - [TEST_STEP][PASSED] - datText = today: null

2024-11-07 21:42:52 - [TEST_STEP][PASSED] - logInfo("Payment Type: New Tax Return Amount Due"): Payment Type: New Tax Return Amount Due

2024-11-07 21:42:52 - [MESSAGE][INFO] - Payment Type: New Tax Return Amount Due

2024-11-07 21:42:52 - [TEST_STEP][PASSED] - logInfo("Tax Type: " + TaxType): Tax Type: Withholding Tax

2024-11-07 21:42:52 - [MESSAGE][INFO] - Tax Type: Withholding Tax

2024-11-07 21:42:52 - [TEST_STEP][PASSED] - openBrowser(""): Browser is opened with url: ''

2024-11-07 21:42:52 - [MESSAGE][WARNING] - A browser is already opened. Closing browser and opening a new one

2024-11-07 21:42:54 - [MESSAGE][INFO] - Starting 'Chrome' driver

2024-11-07 21:42:54 - [MESSAGE][INFO] - User set preference: ['acceptInsecureCerts', 'true']

2024-11-07 21:42:54 - [MESSAGE][INFO] - Action delay is set to 0 milliseconds

2024-11-07 21:42:56 - [MESSAGE][PASSED] - Browser is opened with url: ''

2024-11-07 21:42:56 - [TEST_STEP][PASSED] - maximizeWindow(): Current window maximized

2024-11-07 21:42:56 - [MESSAGE][PASSED] - Current window maximized

2024-11-07 21:42:56 - [TEST_STEP][PASSED] - navigateToUrl(RADurl): Navigate to 'https://www.velocitypayment.com/client/rad/index.html' successfully

2024-11-07 21:42:58 - [MESSAGE][PASSED] - Navigate to 'https://www.velocitypayment.com/client/rad/index.html' successfully

2024-11-07 21:42:58 - [TEST_STEP][PASSED] - selectOptionByLabel(findTestObject(orPath_Landing + "/dd_TaxType"), "New Tax Return Amount Due", false): All options with label 'New Tax Return Amount Due' are selected in object 'Object Repository/RAD_Pages/Landing_Page/dd_TaxType' 

2024-11-07 21:42:59 - [MESSAGE][PASSED] - All options with label 'New Tax Return Amount Due' are selected in object 'Object Repository/RAD_Pages/Landing_Page/dd_TaxType' 

2024-11-07 21:42:59 - [TEST_STEP][PASSED] - selectOptionByLabel(findTestObject("Object Repository/RAD_Pages/Landing_Page/select_NewTaxReturnAmountDue_TaxType"), TaxType, false): All options with label 'Withholding Tax' are selected in object 'Object Repository/RAD_Pages/Landing_Page/select_NewTaxReturnAmountDue_TaxType' 

2024-11-07 21:42:59 - [MESSAGE][PASSED] - All options with label 'Withholding Tax' are selected in object 'Object Repository/RAD_Pages/Landing_Page/select_NewTaxReturnAmountDue_TaxType' 

2024-11-07 21:42:59 - [TEST_STEP][PASSED] - selectOptionByLabel(findTestObject(orPath_TaxTypeFilingYear + "/select_FilingYear"), FilingYear, false): All options with label '2022' are selected in object 'Object Repository/RAD_Pages/TaxTypeFilingYear_Page/select_FilingYear' 

2024-11-07 21:43:00 - [MESSAGE][PASSED] - All options with label '2022' are selected in object 'Object Repository/RAD_Pages/TaxTypeFilingYear_Page/select_FilingYear' 

2024-11-07 21:43:00 - [TEST_STEP][PASSED] - if (month.trim()): All options with label 'May' are selected in object 'Object Repository/RAD_Pages/TaxTypeFilingYear_Page/select_PeriodEnding' 

2024-11-07 21:43:00 - [TEST_STEP][PASSED] - selectOptionByLabel(findTestObject(orPath_TaxTypeFilingYear + "/select_PeriodEnding"), month, false): All options with label 'May' are selected in object 'Object Repository/RAD_Pages/TaxTypeFilingYear_Page/select_PeriodEnding' 

2024-11-07 21:43:01 - [MESSAGE][PASSED] - All options with label 'May' are selected in object 'Object Repository/RAD_Pages/TaxTypeFilingYear_Page/select_PeriodEnding' 

2024-11-07 21:43:01 - [TEST_STEP][PASSED] - rad.getSetDataRAD.setDataRADBusinessName(): rad.getSetDataRAD.setDataRADBusinessName is PASSED

2024-11-07 21:43:02 - [MESSAGE][PASSED] - Text 'My Company' is set on object 'Object Repository/RAD_Pages/Taxpayer_Page/input_businessName'

2024-11-07 21:43:02 - [MESSAGE][PASSED] - rad.getSetDataRAD.setDataRADBusinessName is PASSED

2024-11-07 21:43:02 - [TEST_STEP][PASSED] - rad.getSetDataRAD.setDataRADBusinessRep(): rad.getSetDataRAD.setDataRADBusinessRep is PASSED

2024-11-07 21:43:02 - [MESSAGE][PASSED] - Text 'BusRepFname' is set on object 'Object Repository/RAD_Pages/Taxpayer_Page/input_BusinessRepfirstName'

2024-11-07 21:43:03 - [MESSAGE][PASSED] - Text '' is set on object 'Object Repository/RAD_Pages/Taxpayer_Page/input_BusinessRepmiddleName'

2024-11-07 21:43:04 - [MESSAGE][PASSED] - Text 'BusRepLname' is set on object 'Object Repository/RAD_Pages/Taxpayer_Page/input_BusinessReplastName'

2024-11-07 21:43:05 - [MESSAGE][PASSED] - Text '' is set on object 'Object Repository/RAD_Pages/Taxpayer_Page/input_BusinessRepsuffix'

2024-11-07 21:43:05 - [MESSAGE][PASSED] - rad.getSetDataRAD.setDataRADBusinessRep is PASSED

2024-11-07 21:43:05 - [TEST_STEP][PASSED] - rad.getSetDataRAD.setDataRADAddress(): rad.getSetDataRAD.setDataRADAddress is PASSED

2024-11-07 21:43:05 - [MESSAGE][PASSED] - All options with label 'United States' are selected in object 'Object Repository/RAD_Pages/AddressAndContactInfo_Page/select_Country' 

2024-11-07 21:43:06 - [MESSAGE][PASSED] - Text '2508 Mandan Terrace' is set on object 'Object Repository/RAD_Pages/AddressAndContactInfo_Page/input_streetAddress1'

2024-11-07 21:43:07 - [MESSAGE][PASSED] - Text '' is set on object 'Object Repository/RAD_Pages/AddressAndContactInfo_Page/input_streetAddress2'

2024-11-07 21:43:08 - [MESSAGE][PASSED] - Text 'Gambrills' is set on object 'Object Repository/RAD_Pages/AddressAndContactInfo_Page/input_city'

2024-11-07 21:43:08 - [MESSAGE][PASSED] - All options with label 'Maryland' are selected in object 'Object Repository/RAD_Pages/AddressAndContactInfo_Page/select_State' 

2024-11-07 21:43:09 - [MESSAGE][PASSED] - Text '21054' is set on object 'Object Repository/RAD_Pages/AddressAndContactInfo_Page/input_zipCode'

2024-11-07 21:43:10 - [MESSAGE][PASSED] - Text '(703) 894-5000' is set on object 'Object Repository/RAD_Pages/AddressAndContactInfo_Page/input_phoneNumber'

2024-11-07 21:43:11 - [MESSAGE][PASSED] - Text 'iahmed@govolution.com' is set on object 'Object Repository/RAD_Pages/AddressAndContactInfo_Page/input_eMailAddress'

2024-11-07 21:43:12 - [MESSAGE][PASSED] - Text 'iahmed@govolution.com' is set on object 'Object Repository/RAD_Pages/AddressAndContactInfo_Page/input_reEnterEMailAddress'

2024-11-07 21:43:12 - [MESSAGE][PASSED] - rad.getSetDataRAD.setDataRADAddress is PASSED

2024-11-07 21:43:12 - [TEST_STEP][PASSED] - if (feinSSN.equalsIgnoreCase("Y")): null

2024-11-07 21:43:12 - [TEST_STEP][PASSED] - else: Text ****** has been set on object 'Object Repository/RAD_Pages/TaxInfo_Page/input_FederalEIN_ReEnter'

2024-11-07 21:43:12 - [TEST_STEP][PASSED] - if (!(TaxType.equalsIgnoreCase("Estate Tax"))): Text ****** has been set on object 'Object Repository/RAD_Pages/TaxInfo_Page/input_FederalEIN_ReEnter'

2024-11-07 21:43:12 - [TEST_STEP][PASSED] - setEncryptedText(findTestObject(orPath_TaxInfo + "/input_FederalEIN"), "yXB7JMCbD3QoFF75EQd3iw=="): Text ****** has been set on object 'Object Repository/RAD_Pages/TaxInfo_Page/input_FederalEIN'

2024-11-07 21:43:12 - [MESSAGE][PASSED] - Text ****** has been set on object 'Object Repository/RAD_Pages/TaxInfo_Page/input_FederalEIN'

2024-11-07 21:43:12 - [TEST_STEP][PASSED] - setEncryptedText(findTestObject(orPath_TaxInfo + "/input_FederalEIN_ReEnter"), "yXB7JMCbD3QoFF75EQd3iw=="): Text ****** has been set on object 'Object Repository/RAD_Pages/TaxInfo_Page/input_FederalEIN_ReEnter'

2024-11-07 21:43:13 - [MESSAGE][PASSED] - Text ****** has been set on object 'Object Repository/RAD_Pages/TaxInfo_Page/input_FederalEIN_ReEnter'

2024-11-07 21:43:13 - [TEST_STEP][PASSED] - if (CRN.equalsIgnoreCase("Y")): rad.getSetDataRAD.setDataRADMDCRN is PASSED

2024-11-07 21:43:13 - [TEST_STEP][PASSED] - rad.getSetDataRAD.setDataRADMDCRN(): rad.getSetDataRAD.setDataRADMDCRN is PASSED

2024-11-07 21:43:14 - [MESSAGE][PASSED] - Text '07640126' is set on object 'Object Repository/RAD_Pages/TaxInfo_Page/input_MDCRegistration'

2024-11-07 21:43:14 - [MESSAGE][PASSED] - rad.getSetDataRAD.setDataRADMDCRN is PASSED

2024-11-07 21:43:14 - [TEST_STEP][PASSED] - if (MFLicNum.equalsIgnoreCase("Y")): null

2024-11-07 21:43:14 - [TEST_STEP][PASSED] - if (TaxType.equalsIgnoreCase("Estate Tax")): null

2024-11-07 21:43:14 - [TEST_STEP][PASSED] - setText(findTestObject(orPath_Amount + "/input__paymentAmount"), "100.00"): Text '100.00' is set on object 'Object Repository/RAD_Pages/PaymentAmount_Page/input__paymentAmount'

2024-11-07 21:43:14 - [MESSAGE][PASSED] - Text '100.00' is set on object 'Object Repository/RAD_Pages/PaymentAmount_Page/input__paymentAmount'

2024-11-07 21:43:14 - [TEST_STEP][PASSED] - setText(findTestObject(orPath_AddressContact + "/input_streetAddress2"), ""): Text '' is set on object 'Object Repository/RAD_Pages/AddressAndContactInfo_Page/input_streetAddress2'

2024-11-07 21:43:15 - [MESSAGE][PASSED] - Text '' is set on object 'Object Repository/RAD_Pages/AddressAndContactInfo_Page/input_streetAddress2'

2024-11-07 21:43:15 - [TEST_STEP][PASSED] - scrollToElement(findTestObject(orPath_Landing + "/button_Continue"), 3): Scroll to object 'Object Repository/RAD_Pages/Landing_Page/button_Continue' successfully

2024-11-07 21:43:15 - [MESSAGE][PASSED] - Scroll to object 'Object Repository/RAD_Pages/Landing_Page/button_Continue' successfully

2024-11-07 21:43:15 - [TEST_STEP][PASSED] - waitForElementClickable(findTestObject(orPath_Landing + "/button_Continue"), 5): Object 'Object Repository/RAD_Pages/Landing_Page/button_Continue' is clickable

2024-11-07 21:43:16 - [MESSAGE][PASSED] - Object 'Object Repository/RAD_Pages/Landing_Page/button_Continue' is clickable

2024-11-07 21:43:16 - [TEST_STEP][PASSED] - click(findTestObject(orPath_Landing + "/button_Continue")): Object: 'Object Repository/RAD_Pages/Landing_Page/button_Continue' is clicked on

2024-11-07 21:43:16 - [MESSAGE][PASSED] - Object: 'Object Repository/RAD_Pages/Landing_Page/button_Continue' is clicked on

2024-11-07 21:43:16 - [TEST_STEP][PASSED] - delay(2): Delayed 2 second(s)

2024-11-07 21:43:18 - [MESSAGE][PASSED] - Delayed 2 second(s)

2024-11-07 21:43:18 - [TEST_STEP][PASSED] - verifyTextPresent("Summary", true): Text 'Summary' is present on page  using regular expression

2024-11-07 21:43:19 - [MESSAGE][PASSED] - Text 'Summary' is present on page  using regular expression

2024-11-07 21:43:19 - [TEST_STEP][PASSED] - verifyTextPresent("Review the information below and make any necessary corrections by clicking the", true): Text 'Review the information below and make any necessary corrections by clicking the' is present on page  using regular expression

2024-11-07 21:43:19 - [MESSAGE][PASSED] - Text 'Review the information below and make any necessary corrections by clicking the' is present on page  using regular expression

2024-11-07 21:43:19 - [TEST_STEP][PASSED] - verifyTextPresent("When you are confident that all the information is correct, click the", true): Text 'When you are confident that all the information is correct, click the' is present on page  using regular expression

2024-11-07 21:43:19 - [MESSAGE][PASSED] - Text 'When you are confident that all the information is correct, click the' is present on page  using regular expression

2024-11-07 21:43:19 - [TEST_STEP][PASSED] - verifyTextPresent("Payment Type/Filing Year", true): Text 'Payment Type/Filing Year' is present on page  using regular expression

2024-11-07 21:43:20 - [MESSAGE][PASSED] - Text 'Payment Type/Filing Year' is present on page  using regular expression

2024-11-07 21:43:20 - [TEST_STEP][PASSED] - verifyTextPresent("Payment Type:", true): Text 'Payment Type:' is present on page  using regular expression

2024-11-07 21:43:20 - [MESSAGE][PASSED] - Text 'Payment Type:' is present on page  using regular expression

2024-11-07 21:43:20 - [TEST_STEP][PASSED] - verifyTextPresent("New Tax Return Amount Due", true): Text 'New Tax Return Amount Due' is present on page  using regular expression

2024-11-07 21:43:20 - [MESSAGE][PASSED] - Text 'New Tax Return Amount Due' is present on page  using regular expression

2024-11-07 21:43:20 - [TEST_STEP][PASSED] - verifyTextPresent("Filing Year:", true): Text 'Filing Year:' is present on page  using regular expression

2024-11-07 21:43:21 - [MESSAGE][PASSED] - Text 'Filing Year:' is present on page  using regular expression

2024-11-07 21:43:21 - [TEST_STEP][PASSED] - verifyTextPresent(FilingYear, true): Text '2022' is present on page  using regular expression

2024-11-07 21:43:21 - [MESSAGE][PASSED] - Text '2022' is present on page  using regular expression

2024-11-07 21:43:21 - [TEST_STEP][PASSED] - verifyTextPresent("Payer Information", true): Text 'Payer Information' is present on page  using regular expression

2024-11-07 21:43:21 - [MESSAGE][PASSED] - Text 'Payer Information' is present on page  using regular expression

2024-11-07 21:43:21 - [TEST_STEP][PASSED] - verifyTextPresent("Taxpayer Name:", true): Text 'Taxpayer Name:' is present on page  using regular expression

2024-11-07 21:43:22 - [MESSAGE][PASSED] - Text 'Taxpayer Name:' is present on page  using regular expression

2024-11-07 21:43:22 - [TEST_STEP][PASSED] - verifyTextPresent("My Company", true): Text 'My Company' is present on page  using regular expression

2024-11-07 21:43:22 - [MESSAGE][PASSED] - Text 'My Company' is present on page  using regular expression

2024-11-07 21:43:22 - [TEST_STEP][PASSED] - verifyTextPresent("Business Rep Name:", true): Text 'Business Rep Name:' is present on page  using regular expression

2024-11-07 21:43:22 - [MESSAGE][PASSED] - Text 'Business Rep Name:' is present on page  using regular expression

2024-11-07 21:43:22 - [TEST_STEP][PASSED] - verifyTextPresent("BusRepFname BusRepLname", true): Text 'BusRepFname BusRepLname' is present on page  using regular expression

2024-11-07 21:43:23 - [MESSAGE][PASSED] - Text 'BusRepFname BusRepLname' is present on page  using regular expression

2024-11-07 21:43:23 - [TEST_STEP][PASSED] - verifyTextPresent("Taxpayer Address:", true): Text 'Taxpayer Address:' is present on page  using regular expression

2024-11-07 21:43:23 - [MESSAGE][PASSED] - Text 'Taxpayer Address:' is present on page  using regular expression

2024-11-07 21:43:23 - [TEST_STEP][PASSED] - verifyTextPresent("2508 Mandan Terrace Gambrills Maryland 21054", true): Text '2508 Mandan Terrace Gambrills Maryland 21054' is present on page  using regular expression

2024-11-07 21:43:23 - [MESSAGE][PASSED] - Text '2508 Mandan Terrace Gambrills Maryland 21054' is present on page  using regular expression

2024-11-07 21:43:23 - [TEST_STEP][PASSED] - verifyTextPresent("Email:", true): Text 'Email:' is present on page  using regular expression

2024-11-07 21:43:23 - [MESSAGE][PASSED] - Text 'Email:' is present on page  using regular expression

2024-11-07 21:43:23 - [TEST_STEP][PASSED] - verifyTextPresent("iahmed@govolution.com", true): Text 'iahmed@govolution.com' is present on page  using regular expression

2024-11-07 21:43:24 - [MESSAGE][PASSED] - Text 'iahmed@govolution.com' is present on page  using regular expression

2024-11-07 21:43:24 - [TEST_STEP][PASSED] - verifyTextPresent("Phone:", true): Text 'Phone:' is present on page  using regular expression

2024-11-07 21:43:24 - [MESSAGE][PASSED] - Text 'Phone:' is present on page  using regular expression

2024-11-07 21:43:24 - [TEST_STEP][PASSED] - verifyTextPresent("(703) 894-5000", false): Text '(703) 894-5000' is present on page 

2024-11-07 21:43:24 - [MESSAGE][PASSED] - Text '(703) 894-5000' is present on page 

2024-11-07 21:43:24 - [TEST_STEP][PASSED] - verifyTextPresent("Tax Information", true): Text 'Tax Information' is present on page  using regular expression

2024-11-07 21:43:25 - [MESSAGE][PASSED] - Text 'Tax Information' is present on page  using regular expression

2024-11-07 21:43:25 - [TEST_STEP][PASSED] - verifyTextNotPresent("Notice Number", true): Text 'Notice Number' is not present on page using regular expression

2024-11-07 21:43:25 - [MESSAGE][PASSED] - Text 'Notice Number' is not present on page using regular expression

2024-11-07 21:43:25 - [TEST_STEP][PASSED] - if (month.trim()): Text 'May' is present on page  using regular expression

2024-11-07 21:43:25 - [TEST_STEP][PASSED] - verifyTextPresent("Period Ending", true): Text 'Period Ending' is present on page  using regular expression

2024-11-07 21:43:25 - [MESSAGE][PASSED] - Text 'Period Ending' is present on page  using regular expression

2024-11-07 21:43:25 - [TEST_STEP][PASSED] - verifyTextPresent(month, true): Text 'May' is present on page  using regular expression

2024-11-07 21:43:26 - [MESSAGE][PASSED] - Text 'May' is present on page  using regular expression

2024-11-07 21:43:26 - [TEST_STEP][PASSED] - if (feinSSN.equalsIgnoreCase("Y")): null

2024-11-07 21:43:26 - [TEST_STEP][PASSED] - else: Text 'XXXXXXX87' is present on page  using regular expression

2024-11-07 21:43:26 - [TEST_STEP][PASSED] - if (!(TaxType.equalsIgnoreCase("Estate Tax"))): Text 'XXXXXXX87' is present on page  using regular expression

2024-11-07 21:43:26 - [TEST_STEP][PASSED] - verifyTextPresent("Federal EIN:", true): Text 'Federal EIN:' is present on page  using regular expression

2024-11-07 21:43:26 - [MESSAGE][PASSED] - Text 'Federal EIN:' is present on page  using regular expression

2024-11-07 21:43:26 - [TEST_STEP][PASSED] - verifyTextNotPresent("FEIN/SSN:", true): Text 'FEIN/SSN:' is not present on page using regular expression

2024-11-07 21:43:26 - [MESSAGE][PASSED] - Text 'FEIN/SSN:' is not present on page using regular expression

2024-11-07 21:43:26 - [TEST_STEP][PASSED] - verifyTextPresent("XXXXXXX87", true): Text 'XXXXXXX87' is present on page  using regular expression

2024-11-07 21:43:27 - [MESSAGE][PASSED] - Text 'XXXXXXX87' is present on page  using regular expression

2024-11-07 21:43:27 - [TEST_STEP][PASSED] - if (TaxType.equalsIgnoreCase("Estate Tax")): null

2024-11-07 21:43:27 - [TEST_STEP][PASSED] - if (CRN.equalsIgnoreCase("Y")): Text '07640126' is present on page  using regular expression

2024-11-07 21:43:27 - [TEST_STEP][PASSED] - verifyTextPresent("MD Central Registration Number#:", true): Text 'MD Central Registration Number#:' is present on page  using regular expression

2024-11-07 21:43:27 - [MESSAGE][PASSED] - Text 'MD Central Registration Number#:' is present on page  using regular expression

2024-11-07 21:43:27 - [TEST_STEP][PASSED] - verifyTextPresent("07640126", true): Text '07640126' is present on page  using regular expression

2024-11-07 21:43:27 - [MESSAGE][PASSED] - Text '07640126' is present on page  using regular expression

2024-11-07 21:43:27 - [TEST_STEP][PASSED] - if (MFLicNum.equalsIgnoreCase("Y")): null

2024-11-07 21:43:27 - [TEST_STEP][PASSED] - else: Text 'Motor Fuel License Number#:' is not present on page using regular expression

2024-11-07 21:43:27 - [TEST_STEP][PASSED] - verifyTextNotPresent("Motor Fuel License Number#:", true): Text 'Motor Fuel License Number#:' is not present on page using regular expression

2024-11-07 21:43:28 - [MESSAGE][PASSED] - Text 'Motor Fuel License Number#:' is not present on page using regular expression

2024-11-07 21:43:28 - [TEST_STEP][PASSED] - verifyTextPresent("Payment Amount:", true): Text 'Payment Amount:' is present on page  using regular expression

2024-11-07 21:43:28 - [MESSAGE][PASSED] - Text 'Payment Amount:' is present on page  using regular expression

2024-11-07 21:43:28 - [TEST_STEP][PASSED] - verifyTextPresent("100.00", true): Text '100.00' is present on page  using regular expression

2024-11-07 21:43:28 - [MESSAGE][PASSED] - Text '100.00' is present on page  using regular expression

2024-11-07 21:43:28 - [TEST_STEP][PASSED] - if (verifyElementVisible(findTestObject(orPath_Summary + "/button_Proceed to Payment"))): null

2024-11-07 21:43:29 - [MESSAGE][PASSED] - Object 'Object Repository/RAD_Pages/Summary_Page/button_Proceed to Payment' is visible

2024-11-07 21:43:29 - [TEST_STEP][PASSED] - resText = "Pass": null

2024-11-07 21:43:29 - [TEST_STEP][PASSED] - pages.WriteExcel.demoKey(resText, datText, resColumn, datCloumn, fileLoc, nameSheet, row): pages.WriteExcel.demoKey is PASSED

2024-11-07 21:43:29 - [MESSAGE][PASSED] - pages.WriteExcel.demoKey is PASSED

2024-11-07 21:43:29 - [TEST_STEP][PASSED] - click(findTestObject(orPath_Summary + "/button_Proceed to Payment")): Object: 'Object Repository/RAD_Pages/Summary_Page/button_Proceed to Payment' is clicked on

2024-11-07 21:43:32 - [MESSAGE][PASSED] - Object: 'Object Repository/RAD_Pages/Summary_Page/button_Proceed to Payment' is clicked on

2024-11-07 21:43:32 - [TEST_STEP][PASSED] - verifyElementPresent(findTestObject("Object Repository/RAD_Pages/PaymentEntry_Page/input__billingName"), 30): Object 'Object Repository/RAD_Pages/PaymentEntry_Page/input__billingName' is present

2024-11-07 21:43:32 - [MESSAGE][PASSED] - Object 'Object Repository/RAD_Pages/PaymentEntry_Page/input__billingName' is present]]></system-out>
         <system-err><![CDATA[]]></system-err>
      </testcase>
      <testcase name="Test Cases/RAD_TestCases/Summary_TestCases/Personal_EL_Summary_TC" time="38.006" classname="Test Cases/RAD_TestCases/Summary_TestCases/Personal_EL_Summary_TC" status="PASSED">
         <system-out><![CDATA[2024-11-07 21:43:32 - [TEST_CASE][PASSED] - Test Cases/RAD_TestCases/Summary_TestCases/Personal_EL_Summary_TC: Test Cases/RAD_TestCases/Summary_TestCases/Personal_EL_Summary_TC

2024-11-07 21:43:33 - [TEST_STEP][PASSED] - resText = "Fail": null

2024-11-07 21:43:33 - [TEST_STEP][PASSED] - resColumn = "Result": null

2024-11-07 21:43:33 - [TEST_STEP][PASSED] - datCloumn = "Date": null

2024-11-07 21:43:33 - [TEST_STEP][PASSED] - fileLoc = "KatalonData/RADTestData/Summary.xlsx": null

2024-11-07 21:43:33 - [TEST_STEP][PASSED] - nameSheet = "Personal_EL": null

2024-11-07 21:43:33 - [TEST_STEP][PASSED] - dataFile = "RADTestData/Summary_Personal_EL": null

2024-11-07 21:43:33 - [TEST_STEP][PASSED] - orPath_Landing = "Object Repository/RAD_Pages/Landing_Page": null

2024-11-07 21:43:33 - [TEST_STEP][PASSED] - orPath_TaxTypeFilingYear = "Object Repository/RAD_Pages/TaxTypeFilingYear_Page": null

2024-11-07 21:43:33 - [TEST_STEP][PASSED] - orPath_Amount = "Object Repository/RAD_Pages/PaymentAmount_Page": null

2024-11-07 21:43:33 - [TEST_STEP][PASSED] - orPath_AddressContact = "Object Repository/RAD_Pages/AddressAndContactInfo_Page": null

2024-11-07 21:43:33 - [TEST_STEP][PASSED] - orPath_Summary = "Object Repository/RAD_Pages/Summary_Page": null

2024-11-07 21:43:33 - [TEST_STEP][PASSED] - orPath_PaymentConfirmation = "Object Repository/RAD_Pages/PaymentConfirmation_Page": null

2024-11-07 21:43:33 - [TEST_STEP][PASSED] - orPath_ServiceFeesAccept = "Object Repository/RAD_Pages/ServiceFeeAccept_Page": null

2024-11-07 21:43:33 - [TEST_STEP][PASSED] - orPath_PaymentEntry = "Object Repository/RAD_Pages/PaymentEntry_Page": null

2024-11-07 21:43:33 - [TEST_STEP][PASSED] - ExecuteTC = <not implemented yet for class: org.codehaus.groovy.ast.expr.EmptyExpression>: null

2024-11-07 21:43:33 - [TEST_STEP][PASSED] - TaxType = <not implemented yet for class: org.codehaus.groovy.ast.expr.EmptyExpression>: null

2024-11-07 21:43:33 - [TEST_STEP][PASSED] - PaymentType = <not implemented yet for class: org.codehaus.groovy.ast.expr.EmptyExpression>: null

2024-11-07 21:43:33 - [TEST_STEP][PASSED] - FilingYear = <not implemented yet for class: org.codehaus.groovy.ast.expr.EmptyExpression>: null

2024-11-07 21:43:33 - [TEST_STEP][PASSED] - PeriodEndingMonth = <not implemented yet for class: org.codehaus.groovy.ast.expr.EmptyExpression>: null

2024-11-07 21:43:33 - [TEST_STEP][PASSED] - executionProfile = getExecutionProfile(): null

2024-11-07 21:43:33 - [TEST_STEP][PASSED] - numOfRows = findTestData(dataFile).getRowNumbers(): null

2024-11-07 21:43:33 - [TEST_STEP][PASSED] - println("Number of Records: " + numOfRows): null

2024-11-07 21:43:33 - [TEST_STEP][PASSED] - for ([row = 1, row <= numOfRows, (row++)]): null

2024-11-07 21:43:33 - [TEST_STEP][PASSED] - ExecuteTC = findTestData(dataFile).getValue("Execute", row): null

2024-11-07 21:43:34 - [TEST_STEP][PASSED] - TaxType = findTestData(dataFile).getValue("TaxType", row): null

2024-11-07 21:43:34 - [TEST_STEP][PASSED] - PaymentType = findTestData(dataFile).getValue("PaymentType", row): null

2024-11-07 21:43:34 - [TEST_STEP][PASSED] - if (ExecuteTC.equalsIgnoreCase("Y")): Object 'Object Repository/RAD_Pages/PaymentEntry_Page/input__billingName' is present

2024-11-07 21:43:34 - [TEST_STEP][PASSED] - out.println("Begin Record Number: " + row): null

2024-11-07 21:43:34 - [TEST_STEP][PASSED] - today = new java.util.Date(): null

2024-11-07 21:43:34 - [TEST_STEP][PASSED] - println(today): null

2024-11-07 21:43:34 - [TEST_STEP][PASSED] - datText = today: null

2024-11-07 21:43:34 - [TEST_STEP][PASSED] - logInfo("Payment Type: " + PaymentType): Payment Type: Existing Liability with Notice/Invoice Number

2024-11-07 21:43:34 - [MESSAGE][INFO] - Payment Type: Existing Liability with Notice/Invoice Number

2024-11-07 21:43:34 - [TEST_STEP][PASSED] - logInfo("Tax Type: " + TaxType): Tax Type: Personal Income Tax

2024-11-07 21:43:34 - [MESSAGE][INFO] - Tax Type: Personal Income Tax

2024-11-07 21:43:34 - [TEST_STEP][PASSED] - openBrowser(""): Browser is opened with url: ''

2024-11-07 21:43:34 - [MESSAGE][WARNING] - A browser is already opened. Closing browser and opening a new one

2024-11-07 21:43:35 - [MESSAGE][INFO] - Starting 'Chrome' driver

2024-11-07 21:43:35 - [MESSAGE][INFO] - User set preference: ['acceptInsecureCerts', 'true']

2024-11-07 21:43:35 - [MESSAGE][INFO] - Action delay is set to 0 milliseconds

2024-11-07 21:43:37 - [MESSAGE][PASSED] - Browser is opened with url: ''

2024-11-07 21:43:37 - [TEST_STEP][PASSED] - maximizeWindow(): Current window maximized

2024-11-07 21:43:37 - [MESSAGE][PASSED] - Current window maximized

2024-11-07 21:43:37 - [TEST_STEP][PASSED] - navigateToUrl(RADurl): Navigate to 'https://www.velocitypayment.com/client/rad/index.html' successfully

2024-11-07 21:43:38 - [MESSAGE][PASSED] - Navigate to 'https://www.velocitypayment.com/client/rad/index.html' successfully

2024-11-07 21:43:38 - [TEST_STEP][PASSED] - selectOptionByLabel(findTestObject(orPath_Landing + "/dd_TaxType"), PaymentType, false): All options with label 'Existing Liability with Notice/Invoice Number' are selected in object 'Object Repository/RAD_Pages/Landing_Page/dd_TaxType' 

2024-11-07 21:43:40 - [MESSAGE][PASSED] - All options with label 'Existing Liability with Notice/Invoice Number' are selected in object 'Object Repository/RAD_Pages/Landing_Page/dd_TaxType' 

2024-11-07 21:43:40 - [TEST_STEP][PASSED] - selectOptionByLabel(findTestObject(orPath_TaxTypeFilingYear + "/select_TaxType_ExistingLiability"), TaxType, false): All options with label 'Personal Income Tax' are selected in object 'Object Repository/RAD_Pages/TaxTypeFilingYear_Page/select_TaxType_ExistingLiability' 

2024-11-07 21:43:41 - [MESSAGE][PASSED] - All options with label 'Personal Income Tax' are selected in object 'Object Repository/RAD_Pages/TaxTypeFilingYear_Page/select_TaxType_ExistingLiability' 

2024-11-07 21:43:41 - [TEST_STEP][PASSED] - rad.getSetDataRAD.setDataRADNameOnly(): rad.getSetDataRAD.setDataRADNameOnly is PASSED

2024-11-07 21:43:42 - [MESSAGE][PASSED] - Text 'Jimmy' is set on object 'Object Repository/RAD_Pages/Taxpayer_Page/input_firstName'

2024-11-07 21:43:43 - [MESSAGE][PASSED] - Text 'Davi' is set on object 'Object Repository/RAD_Pages/Taxpayer_Page/input_lastName'

2024-11-07 21:43:43 - [MESSAGE][PASSED] - rad.getSetDataRAD.setDataRADNameOnly is PASSED

2024-11-07 21:43:43 - [TEST_STEP][PASSED] - rad.getSetDataRAD.setDataRADAddress(): rad.getSetDataRAD.setDataRADAddress is PASSED

2024-11-07 21:43:43 - [MESSAGE][PASSED] - All options with label 'United States' are selected in object 'Object Repository/RAD_Pages/AddressAndContactInfo_Page/select_Country' 

2024-11-07 21:43:44 - [MESSAGE][PASSED] - Text '2508 Mandan Terrace' is set on object 'Object Repository/RAD_Pages/AddressAndContactInfo_Page/input_streetAddress1'

2024-11-07 21:43:45 - [MESSAGE][PASSED] - Text '' is set on object 'Object Repository/RAD_Pages/AddressAndContactInfo_Page/input_streetAddress2'

2024-11-07 21:43:46 - [MESSAGE][PASSED] - Text 'Gambrills' is set on object 'Object Repository/RAD_Pages/AddressAndContactInfo_Page/input_city'

2024-11-07 21:43:46 - [MESSAGE][PASSED] - All options with label 'Maryland' are selected in object 'Object Repository/RAD_Pages/AddressAndContactInfo_Page/select_State' 

2024-11-07 21:43:47 - [MESSAGE][PASSED] - Text '21054' is set on object 'Object Repository/RAD_Pages/AddressAndContactInfo_Page/input_zipCode'

2024-11-07 21:43:48 - [MESSAGE][PASSED] - Text '(703) 894-5000' is set on object 'Object Repository/RAD_Pages/AddressAndContactInfo_Page/input_phoneNumber'

2024-11-07 21:43:49 - [MESSAGE][PASSED] - Text 'iahmed@govolution.com' is set on object 'Object Repository/RAD_Pages/AddressAndContactInfo_Page/input_eMailAddress'

2024-11-07 21:43:50 - [MESSAGE][PASSED] - Text 'iahmed@govolution.com' is set on object 'Object Repository/RAD_Pages/AddressAndContactInfo_Page/input_reEnterEMailAddress'

2024-11-07 21:43:50 - [MESSAGE][PASSED] - rad.getSetDataRAD.setDataRADAddress is PASSED

2024-11-07 21:43:50 - [TEST_STEP][PASSED] - if (TaxType.equalsIgnoreCase("Estate Tax")): null

2024-11-07 21:43:50 - [TEST_STEP][PASSED] - else: rad.getSetDataRAD.setDataRADELSSN is PASSED

2024-11-07 21:43:50 - [TEST_STEP][PASSED] - rad.getSetDataRAD.setDataRADELSSN(): rad.getSetDataRAD.setDataRADELSSN is PASSED

2024-11-07 21:43:51 - [MESSAGE][PASSED] - Text '123450001' is set on object 'Object Repository/RAD_Pages/TaxInfo_Page/input_TaxInfo_ExisitingSSN'

2024-11-07 21:43:51 - [MESSAGE][PASSED] - Text '123450001' is set on object 'Object Repository/RAD_Pages/TaxInfo_Page/input_TaxInfo_reTaxTypeExisitingSSN'

2024-11-07 21:43:51 - [MESSAGE][PASSED] - rad.getSetDataRAD.setDataRADELSSN is PASSED

2024-11-07 21:43:51 - [TEST_STEP][PASSED] - rad.getSetDataRAD.setDataRADNoticeInvoiceThirteen(): rad.getSetDataRAD.setDataRADNoticeInvoiceThirteen is PASSED

2024-11-07 21:43:52 - [MESSAGE][PASSED] - Text '1234567890123' is set on object 'Object Repository/RAD_Pages/TaxInfo_Page/input_NoticeInvoiceNumber'

2024-11-07 21:43:54 - [MESSAGE][PASSED] - Text '1234567890123' is set on object 'Object Repository/RAD_Pages/TaxInfo_Page/input_reTypeNoticeInvoiceNumber'

2024-11-07 21:43:54 - [MESSAGE][PASSED] - rad.getSetDataRAD.setDataRADNoticeInvoiceThirteen is PASSED

2024-11-07 21:43:54 - [TEST_STEP][PASSED] - setText(findTestObject(orPath_Amount + "/input__paymentAmount"), "100.00"): Text '100.00' is set on object 'Object Repository/RAD_Pages/PaymentAmount_Page/input__paymentAmount'

2024-11-07 21:43:54 - [MESSAGE][PASSED] - Text '100.00' is set on object 'Object Repository/RAD_Pages/PaymentAmount_Page/input__paymentAmount'

2024-11-07 21:43:54 - [TEST_STEP][PASSED] - setText(findTestObject(orPath_AddressContact + "/input_streetAddress2"), ""): Text '' is set on object 'Object Repository/RAD_Pages/AddressAndContactInfo_Page/input_streetAddress2'

2024-11-07 21:43:55 - [MESSAGE][PASSED] - Text '' is set on object 'Object Repository/RAD_Pages/AddressAndContactInfo_Page/input_streetAddress2'

2024-11-07 21:43:55 - [TEST_STEP][PASSED] - scrollToElement(findTestObject(orPath_Landing + "/button_Continue"), 3): Scroll to object 'Object Repository/RAD_Pages/Landing_Page/button_Continue' successfully

2024-11-07 21:43:56 - [MESSAGE][PASSED] - Scroll to object 'Object Repository/RAD_Pages/Landing_Page/button_Continue' successfully

2024-11-07 21:43:56 - [TEST_STEP][PASSED] - waitForElementClickable(findTestObject(orPath_Landing + "/button_Continue"), 5): Object 'Object Repository/RAD_Pages/Landing_Page/button_Continue' is clickable

2024-11-07 21:43:56 - [MESSAGE][PASSED] - Object 'Object Repository/RAD_Pages/Landing_Page/button_Continue' is clickable

2024-11-07 21:43:56 - [TEST_STEP][PASSED] - click(findTestObject(orPath_Landing + "/button_Continue")): Object: 'Object Repository/RAD_Pages/Landing_Page/button_Continue' is clicked on

2024-11-07 21:43:57 - [MESSAGE][PASSED] - Object: 'Object Repository/RAD_Pages/Landing_Page/button_Continue' is clicked on

2024-11-07 21:43:57 - [TEST_STEP][PASSED] - delay(2): Delayed 2 second(s)

2024-11-07 21:43:59 - [MESSAGE][PASSED] - Delayed 2 second(s)

2024-11-07 21:43:59 - [TEST_STEP][PASSED] - verifyTextPresent("Summary", true): Text 'Summary' is present on page  using regular expression

2024-11-07 21:43:59 - [MESSAGE][PASSED] - Text 'Summary' is present on page  using regular expression

2024-11-07 21:43:59 - [TEST_STEP][PASSED] - verifyTextPresent("Review the information below and make any necessary corrections by clicking the", true): Text 'Review the information below and make any necessary corrections by clicking the' is present on page  using regular expression

2024-11-07 21:43:59 - [MESSAGE][PASSED] - Text 'Review the information below and make any necessary corrections by clicking the' is present on page  using regular expression

2024-11-07 21:43:59 - [TEST_STEP][PASSED] - verifyTextPresent("When you are confident that all the information is correct, click the", true): Text 'When you are confident that all the information is correct, click the' is present on page  using regular expression

2024-11-07 21:44:00 - [MESSAGE][PASSED] - Text 'When you are confident that all the information is correct, click the' is present on page  using regular expression

2024-11-07 21:44:00 - [TEST_STEP][PASSED] - verifyTextPresent("Payment Type/Filing Year", true): Text 'Payment Type/Filing Year' is present on page  using regular expression

2024-11-07 21:44:00 - [MESSAGE][PASSED] - Text 'Payment Type/Filing Year' is present on page  using regular expression

2024-11-07 21:44:00 - [TEST_STEP][PASSED] - verifyTextPresent("Payment Type:", true): Text 'Payment Type:' is present on page  using regular expression

2024-11-07 21:44:00 - [MESSAGE][PASSED] - Text 'Payment Type:' is present on page  using regular expression

2024-11-07 21:44:00 - [TEST_STEP][PASSED] - verifyTextPresent(PaymentType, true): Text 'Existing Liability with Notice/Invoice Number' is present on page  using regular expression

2024-11-07 21:44:01 - [MESSAGE][PASSED] - Text 'Existing Liability with Notice/Invoice Number' is present on page  using regular expression

2024-11-07 21:44:01 - [TEST_STEP][PASSED] - verifyTextPresent("Payer Information", true): Text 'Payer Information' is present on page  using regular expression

2024-11-07 21:44:01 - [MESSAGE][PASSED] - Text 'Payer Information' is present on page  using regular expression

2024-11-07 21:44:01 - [TEST_STEP][PASSED] - verifyTextPresent("Taxpayer Name:", true): Text 'Taxpayer Name:' is present on page  using regular expression

2024-11-07 21:44:01 - [MESSAGE][PASSED] - Text 'Taxpayer Name:' is present on page  using regular expression

2024-11-07 21:44:01 - [TEST_STEP][PASSED] - switch (executionProfile): null

2024-11-07 21:44:01 - [TEST_STEP][PASSED] - verifyTextPresent("Taxpayer Address:", true): Text 'Taxpayer Address:' is present on page  using regular expression

2024-11-07 21:44:01 - [MESSAGE][PASSED] - Text 'Taxpayer Address:' is present on page  using regular expression

2024-11-07 21:44:01 - [TEST_STEP][PASSED] - verifyTextPresent("2508 Mandan Terrace Gambrills Maryland 21054", true): Text '2508 Mandan Terrace Gambrills Maryland 21054' is present on page  using regular expression

2024-11-07 21:44:02 - [MESSAGE][PASSED] - Text '2508 Mandan Terrace Gambrills Maryland 21054' is present on page  using regular expression

2024-11-07 21:44:02 - [TEST_STEP][PASSED] - verifyTextPresent("Email:", true): Text 'Email:' is present on page  using regular expression

2024-11-07 21:44:02 - [MESSAGE][PASSED] - Text 'Email:' is present on page  using regular expression

2024-11-07 21:44:02 - [TEST_STEP][PASSED] - verifyTextPresent("iahmed@govolution.com", true): Text 'iahmed@govolution.com' is present on page  using regular expression

2024-11-07 21:44:02 - [MESSAGE][PASSED] - Text 'iahmed@govolution.com' is present on page  using regular expression

2024-11-07 21:44:02 - [TEST_STEP][PASSED] - verifyTextPresent("Phone:", true): Text 'Phone:' is present on page  using regular expression

2024-11-07 21:44:03 - [MESSAGE][PASSED] - Text 'Phone:' is present on page  using regular expression

2024-11-07 21:44:03 - [TEST_STEP][PASSED] - verifyTextPresent("(703) 894-5000", false): Text '(703) 894-5000' is present on page 

2024-11-07 21:44:03 - [MESSAGE][PASSED] - Text '(703) 894-5000' is present on page 

2024-11-07 21:44:03 - [TEST_STEP][PASSED] - verifyTextPresent("Tax Information", true): Text 'Tax Information' is present on page  using regular expression

2024-11-07 21:44:03 - [MESSAGE][PASSED] - Text 'Tax Information' is present on page  using regular expression

2024-11-07 21:44:03 - [TEST_STEP][PASSED] - verifyTextPresent("Notice Or Invoice Number:", true): Text 'Notice Or Invoice Number:' is present on page  using regular expression

2024-11-07 21:44:04 - [MESSAGE][PASSED] - Text 'Notice Or Invoice Number:' is present on page  using regular expression

2024-11-07 21:44:04 - [TEST_STEP][PASSED] - verifyTextPresent("1234567890123", true): Text '1234567890123' is present on page  using regular expression

2024-11-07 21:44:04 - [MESSAGE][PASSED] - Text '1234567890123' is present on page  using regular expression

2024-11-07 21:44:04 - [TEST_STEP][PASSED] - verifyTextPresent("Tax Type:", true): Text 'Tax Type:' is present on page  using regular expression

2024-11-07 21:44:04 - [MESSAGE][PASSED] - Text 'Tax Type:' is present on page  using regular expression

2024-11-07 21:44:04 - [TEST_STEP][PASSED] - verifyTextPresent("Payment Amount:", true): Text 'Payment Amount:' is present on page  using regular expression

2024-11-07 21:44:05 - [MESSAGE][PASSED] - Text 'Payment Amount:' is present on page  using regular expression

2024-11-07 21:44:05 - [TEST_STEP][PASSED] - verifyTextPresent("100.00", true): Text '100.00' is present on page  using regular expression

2024-11-07 21:44:05 - [MESSAGE][PASSED] - Text '100.00' is present on page  using regular expression

2024-11-07 21:44:05 - [TEST_STEP][PASSED] - verifyTextNotPresent("Federal EIN:", true): Text 'Federal EIN:' is not present on page using regular expression

2024-11-07 21:44:05 - [MESSAGE][PASSED] - Text 'Federal EIN:' is not present on page using regular expression

2024-11-07 21:44:05 - [TEST_STEP][PASSED] - verifyTextNotPresent("FEIN/SSN:", true): Text 'FEIN/SSN:' is not present on page using regular expression

2024-11-07 21:44:06 - [MESSAGE][PASSED] - Text 'FEIN/SSN:' is not present on page using regular expression

2024-11-07 21:44:06 - [TEST_STEP][PASSED] - if (TaxType.equalsIgnoreCase("Estate Tax")): null

2024-11-07 21:44:06 - [TEST_STEP][PASSED] - else: Text 'Personal Income Tax' is present on page  using regular expression

2024-11-07 21:44:06 - [TEST_STEP][PASSED] - verifyTextPresent("Social Security Number:", true): Text 'Social Security Number:' is present on page  using regular expression

2024-11-07 21:44:06 - [MESSAGE][PASSED] - Text 'Social Security Number:' is present on page  using regular expression

2024-11-07 21:44:06 - [TEST_STEP][PASSED] - verifyTextPresent("Personal Income Tax", true): Text 'Personal Income Tax' is present on page  using regular expression

2024-11-07 21:44:06 - [MESSAGE][PASSED] - Text 'Personal Income Tax' is present on page  using regular expression

2024-11-07 21:44:06 - [TEST_STEP][PASSED] - if (verifyElementVisible(findTestObject(orPath_Summary + "/button_Proceed to Payment"))): null

2024-11-07 21:44:07 - [MESSAGE][PASSED] - Object 'Object Repository/RAD_Pages/Summary_Page/button_Proceed to Payment' is visible

2024-11-07 21:44:07 - [TEST_STEP][PASSED] - resText = "Pass": null

2024-11-07 21:44:07 - [TEST_STEP][PASSED] - pages.WriteExcel.demoKey(resText, datText, resColumn, datCloumn, fileLoc, nameSheet, row): pages.WriteExcel.demoKey is PASSED

2024-11-07 21:44:07 - [MESSAGE][PASSED] - pages.WriteExcel.demoKey is PASSED

2024-11-07 21:44:07 - [TEST_STEP][PASSED] - click(findTestObject(orPath_Summary + "/button_Proceed to Payment")): Object: 'Object Repository/RAD_Pages/Summary_Page/button_Proceed to Payment' is clicked on

2024-11-07 21:44:10 - [MESSAGE][PASSED] - Object: 'Object Repository/RAD_Pages/Summary_Page/button_Proceed to Payment' is clicked on

2024-11-07 21:44:10 - [TEST_STEP][PASSED] - verifyElementPresent(findTestObject("Object Repository/RAD_Pages/PaymentEntry_Page/input__billingName"), 30): Object 'Object Repository/RAD_Pages/PaymentEntry_Page/input__billingName' is present

2024-11-07 21:44:10 - [MESSAGE][PASSED] - Object 'Object Repository/RAD_Pages/PaymentEntry_Page/input__billingName' is present

2024-11-07 21:44:10 - [TEST_STEP][PASSED] - ExecuteTC = findTestData(dataFile).getValue("Execute", row): null

2024-11-07 21:44:10 - [TEST_STEP][PASSED] - TaxType = findTestData(dataFile).getValue("TaxType", row): null

2024-11-07 21:44:10 - [TEST_STEP][PASSED] - PaymentType = findTestData(dataFile).getValue("PaymentType", row): null

2024-11-07 21:44:10 - [TEST_STEP][PASSED] - if (ExecuteTC.equalsIgnoreCase("Y")): null]]></system-out>
         <system-err><![CDATA[]]></system-err>
      </testcase>
      <testcase name="Test Cases/RAD_TestCases/Summary_TestCases/Personal_Individual_Summary_TC" time="264.697" classname="Test Cases/RAD_TestCases/Summary_TestCases/Personal_Individual_Summary_TC" status="FAILED">
         <failure type="FAILED" message="Test Cases/RAD_TestCases/Summary_TestCases/Personal_Individual_Summary_TC FAILED.
Reason:
com.kms.katalon.core.exception.StepFailedException: com.kms.katalon.core.webui.exception.WebElementNotFoundException: Web element with id: 'Object Repository/RAD_Pages/PaymentEntry_Page/input__billingName' located by '//*[@type = 'text' and @name = 'billingName' and @id = 'billingName']' not found (Root cause: com.kms.katalon.core.exception.StepFailedException: com.kms.katalon.core.webui.exception.WebElementNotFoundException: Web element with id: 'Object Repository/RAD_Pages/PaymentEntry_Page/input__billingName' located by '//*[@type = 'text' and @name = 'billingName' and @id = 'billingName']' not found
	at com.kms.katalon.core.webui.keyword.internal.WebUIKeywordMain.stepFailed(WebUIKeywordMain.groovy:64)
	at com.kms.katalon.core.webui.keyword.builtin.VerifyElementPresentKeyword$_verifyElementPresent_closure1.doCall(VerifyElementPresentKeyword.groovy:85)
	at com.kms.katalon.core.webui.keyword.builtin.VerifyElementPresentKeyword$_verifyElementPresent_closure1.call(VerifyElementPresentKeyword.groovy)
	at com.kms.katalon.core.webui.keyword.internal.WebUIKeywordMain.runKeyword(WebUIKeywordMain.groovy:20)
	at com.kms.katalon.core.webui.keyword.builtin.VerifyElementPresentKeyword.verifyElementPresent(VerifyElementPresentKeyword.groovy:92)
	at com.kms.katalon.core.webui.keyword.builtin.VerifyElementPresentKeyword.execute(VerifyElementPresentKeyword.groovy:68)
	at com.kms.katalon.core.keyword.internal.KeywordExecutor.executeKeywordForPlatform(KeywordExecutor.groovy:74)
	at com.kms.katalon.core.webui.keyword.WebUiBuiltInKeywords.verifyElementPresent(WebUiBuiltInKeywords.groovy:1464)
	at com.kms.katalon.core.webui.keyword.WebUiBuiltInKeywords$verifyElementPresent$11.call(Unknown Source)
	at Personal_Individual_Summary_TC.run(Personal_Individual_Summary_TC:242)
	at com.kms.katalon.core.main.ScriptEngine.run(ScriptEngine.java:194)
	at com.kms.katalon.core.main.ScriptEngine.runScriptAsRawText(ScriptEngine.java:119)
	at com.kms.katalon.core.main.TestCaseExecutor.runScript(TestCaseExecutor.java:448)
	at com.kms.katalon.core.main.TestCaseExecutor.doExecute(TestCaseExecutor.java:439)
	at com.kms.katalon.core.main.TestCaseExecutor.processExecutionPhase(TestCaseExecutor.java:418)
	at com.kms.katalon.core.main.TestCaseExecutor.accessMainPhase(TestCaseExecutor.java:410)
	at com.kms.katalon.core.main.TestCaseExecutor.execute(TestCaseExecutor.java:285)
	at com.kms.katalon.core.common.CommonExecutor.accessTestCaseMainPhase(CommonExecutor.java:65)
	at com.kms.katalon.core.main.TestSuiteExecutor.accessTestSuiteMainPhase(TestSuiteExecutor.java:148)
	at com.kms.katalon.core.main.TestSuiteExecutor.execute(TestSuiteExecutor.java:106)
	at com.kms.katalon.core.main.TestCaseMain.startTestSuite(TestCaseMain.java:187)
	at com.kms.katalon.core.main.TestCaseMain$startTestSuite$0.call(Unknown Source)
	at TempTestSuite1731030484036.run(TempTestSuite1731030484036.groovy:35)
)
	at com.kms.katalon.core.keyword.internal.KeywordMain.stepFailed(KeywordMain.groovy:39)
	at com.kms.katalon.core.webui.keyword.internal.WebUIKeywordMain.stepFailed(WebUIKeywordMain.groovy:64)
	at com.kms.katalon.core.webui.keyword.builtin.VerifyElementPresentKeyword$_verifyElementPresent_closure1.doCall(VerifyElementPresentKeyword.groovy:85)
	at com.kms.katalon.core.webui.keyword.builtin.VerifyElementPresentKeyword$_verifyElementPresent_closure1.call(VerifyElementPresentKeyword.groovy)
	at com.kms.katalon.core.webui.keyword.internal.WebUIKeywordMain.runKeyword(WebUIKeywordMain.groovy:20)
	at com.kms.katalon.core.webui.keyword.builtin.VerifyElementPresentKeyword.verifyElementPresent(VerifyElementPresentKeyword.groovy:92)
	at com.kms.katalon.core.webui.keyword.builtin.VerifyElementPresentKeyword.execute(VerifyElementPresentKeyword.groovy:68)
	at com.kms.katalon.core.keyword.internal.KeywordExecutor.executeKeywordForPlatform(KeywordExecutor.groovy:74)
	at com.kms.katalon.core.webui.keyword.WebUiBuiltInKeywords.verifyElementPresent(WebUiBuiltInKeywords.groovy:1464)
	at com.kms.katalon.core.webui.keyword.WebUiBuiltInKeywords$verifyElementPresent$11.call(Unknown Source)
	at Personal_Individual_Summary_TC.run(Personal_Individual_Summary_TC:242)
	at com.kms.katalon.core.main.ScriptEngine.run(ScriptEngine.java:194)
	at com.kms.katalon.core.main.ScriptEngine.runScriptAsRawText(ScriptEngine.java:119)
	at com.kms.katalon.core.main.TestCaseExecutor.runScript(TestCaseExecutor.java:448)
	at com.kms.katalon.core.main.TestCaseExecutor.doExecute(TestCaseExecutor.java:439)
	at com.kms.katalon.core.main.TestCaseExecutor.processExecutionPhase(TestCaseExecutor.java:418)
	at com.kms.katalon.core.main.TestCaseExecutor.accessMainPhase(TestCaseExecutor.java:410)
	at com.kms.katalon.core.main.TestCaseExecutor.execute(TestCaseExecutor.java:285)
	at com.kms.katalon.core.common.CommonExecutor.accessTestCaseMainPhase(CommonExecutor.java:65)
	at com.kms.katalon.core.main.TestSuiteExecutor.accessTestSuiteMainPhase(TestSuiteExecutor.java:148)
	at com.kms.katalon.core.main.TestSuiteExecutor.execute(TestSuiteExecutor.java:106)
	at com.kms.katalon.core.main.TestCaseMain.startTestSuite(TestCaseMain.java:187)
	at com.kms.katalon.core.main.TestCaseMain$startTestSuite$0.call(Unknown Source)
	at TempTestSuite1731030484036.run(TempTestSuite1731030484036.groovy:35)
Caused by: com.kms.katalon.core.exception.StepFailedException: com.kms.katalon.core.webui.exception.WebElementNotFoundException: Web element with id: 'Object Repository/RAD_Pages/PaymentEntry_Page/input__billingName' located by '//*[@type = 'text' and @name = 'billingName' and @id = 'billingName']' not found
	... 23 more
"/>
         <system-out><![CDATA[2024-11-07 21:44:10 - [TEST_CASE][FAILED] - Test Cases/RAD_TestCases/Summary_TestCases/Personal_Individual_Summary_TC: Test Cases/RAD_TestCases/Summary_TestCases/Personal_Individual_Summary_TC FAILED.
Reason:
com.kms.katalon.core.exception.StepFailedException: com.kms.katalon.core.webui.exception.WebElementNotFoundException: Web element with id: 'Object Repository/RAD_Pages/PaymentEntry_Page/input__billingName' located by '//*[@type = 'text' and @name = 'billingName' and @id = 'billingName']' not found (Root cause: com.kms.katalon.core.exception.StepFailedException: com.kms.katalon.core.webui.exception.WebElementNotFoundException: Web element with id: 'Object Repository/RAD_Pages/PaymentEntry_Page/input__billingName' located by '//*[@type = 'text' and @name = 'billingName' and @id = 'billingName']' not found
	at com.kms.katalon.core.webui.keyword.internal.WebUIKeywordMain.stepFailed(WebUIKeywordMain.groovy:64)
	at com.kms.katalon.core.webui.keyword.builtin.VerifyElementPresentKeyword$_verifyElementPresent_closure1.doCall(VerifyElementPresentKeyword.groovy:85)
	at com.kms.katalon.core.webui.keyword.builtin.VerifyElementPresentKeyword$_verifyElementPresent_closure1.call(VerifyElementPresentKeyword.groovy)
	at com.kms.katalon.core.webui.keyword.internal.WebUIKeywordMain.runKeyword(WebUIKeywordMain.groovy:20)
	at com.kms.katalon.core.webui.keyword.builtin.VerifyElementPresentKeyword.verifyElementPresent(VerifyElementPresentKeyword.groovy:92)
	at com.kms.katalon.core.webui.keyword.builtin.VerifyElementPresentKeyword.execute(VerifyElementPresentKeyword.groovy:68)
	at com.kms.katalon.core.keyword.internal.KeywordExecutor.executeKeywordForPlatform(KeywordExecutor.groovy:74)
	at com.kms.katalon.core.webui.keyword.WebUiBuiltInKeywords.verifyElementPresent(WebUiBuiltInKeywords.groovy:1464)
	at com.kms.katalon.core.webui.keyword.WebUiBuiltInKeywords$verifyElementPresent$11.call(Unknown Source)
	at Personal_Individual_Summary_TC.run(Personal_Individual_Summary_TC:242)
	at com.kms.katalon.core.main.ScriptEngine.run(ScriptEngine.java:194)
	at com.kms.katalon.core.main.ScriptEngine.runScriptAsRawText(ScriptEngine.java:119)
	at com.kms.katalon.core.main.TestCaseExecutor.runScript(TestCaseExecutor.java:448)
	at com.kms.katalon.core.main.TestCaseExecutor.doExecute(TestCaseExecutor.java:439)
	at com.kms.katalon.core.main.TestCaseExecutor.processExecutionPhase(TestCaseExecutor.java:418)
	at com.kms.katalon.core.main.TestCaseExecutor.accessMainPhase(TestCaseExecutor.java:410)
	at com.kms.katalon.core.main.TestCaseExecutor.execute(TestCaseExecutor.java:285)
	at com.kms.katalon.core.common.CommonExecutor.accessTestCaseMainPhase(CommonExecutor.java:65)
	at com.kms.katalon.core.main.TestSuiteExecutor.accessTestSuiteMainPhase(TestSuiteExecutor.java:148)
	at com.kms.katalon.core.main.TestSuiteExecutor.execute(TestSuiteExecutor.java:106)
	at com.kms.katalon.core.main.TestCaseMain.startTestSuite(TestCaseMain.java:187)
	at com.kms.katalon.core.main.TestCaseMain$startTestSuite$0.call(Unknown Source)
	at TempTestSuite1731030484036.run(TempTestSuite1731030484036.groovy:35)
)
	at com.kms.katalon.core.keyword.internal.KeywordMain.stepFailed(KeywordMain.groovy:39)
	at com.kms.katalon.core.webui.keyword.internal.WebUIKeywordMain.stepFailed(WebUIKeywordMain.groovy:64)
	at com.kms.katalon.core.webui.keyword.builtin.VerifyElementPresentKeyword$_verifyElementPresent_closure1.doCall(VerifyElementPresentKeyword.groovy:85)
	at com.kms.katalon.core.webui.keyword.builtin.VerifyElementPresentKeyword$_verifyElementPresent_closure1.call(VerifyElementPresentKeyword.groovy)
	at com.kms.katalon.core.webui.keyword.internal.WebUIKeywordMain.runKeyword(WebUIKeywordMain.groovy:20)
	at com.kms.katalon.core.webui.keyword.builtin.VerifyElementPresentKeyword.verifyElementPresent(VerifyElementPresentKeyword.groovy:92)
	at com.kms.katalon.core.webui.keyword.builtin.VerifyElementPresentKeyword.execute(VerifyElementPresentKeyword.groovy:68)
	at com.kms.katalon.core.keyword.internal.KeywordExecutor.executeKeywordForPlatform(KeywordExecutor.groovy:74)
	at com.kms.katalon.core.webui.keyword.WebUiBuiltInKeywords.verifyElementPresent(WebUiBuiltInKeywords.groovy:1464)
	at com.kms.katalon.core.webui.keyword.WebUiBuiltInKeywords$verifyElementPresent$11.call(Unknown Source)
	at Personal_Individual_Summary_TC.run(Personal_Individual_Summary_TC:242)
	at com.kms.katalon.core.main.ScriptEngine.run(ScriptEngine.java:194)
	at com.kms.katalon.core.main.ScriptEngine.runScriptAsRawText(ScriptEngine.java:119)
	at com.kms.katalon.core.main.TestCaseExecutor.runScript(TestCaseExecutor.java:448)
	at com.kms.katalon.core.main.TestCaseExecutor.doExecute(TestCaseExecutor.java:439)
	at com.kms.katalon.core.main.TestCaseExecutor.processExecutionPhase(TestCaseExecutor.java:418)
	at com.kms.katalon.core.main.TestCaseExecutor.accessMainPhase(TestCaseExecutor.java:410)
	at com.kms.katalon.core.main.TestCaseExecutor.execute(TestCaseExecutor.java:285)
	at com.kms.katalon.core.common.CommonExecutor.accessTestCaseMainPhase(CommonExecutor.java:65)
	at com.kms.katalon.core.main.TestSuiteExecutor.accessTestSuiteMainPhase(TestSuiteExecutor.java:148)
	at com.kms.katalon.core.main.TestSuiteExecutor.execute(TestSuiteExecutor.java:106)
	at com.kms.katalon.core.main.TestCaseMain.startTestSuite(TestCaseMain.java:187)
	at com.kms.katalon.core.main.TestCaseMain$startTestSuite$0.call(Unknown Source)
	at TempTestSuite1731030484036.run(TempTestSuite1731030484036.groovy:35)
Caused by: com.kms.katalon.core.exception.StepFailedException: com.kms.katalon.core.webui.exception.WebElementNotFoundException: Web element with id: 'Object Repository/RAD_Pages/PaymentEntry_Page/input__billingName' located by '//*[@type = 'text' and @name = 'billingName' and @id = 'billingName']' not found
	... 23 more


2024-11-07 21:44:11 - [TEST_STEP][PASSED] - resText = "Fail": null

2024-11-07 21:44:11 - [TEST_STEP][PASSED] - resColumn = "Result": null

2024-11-07 21:44:11 - [TEST_STEP][PASSED] - datCloumn = "Date": null

2024-11-07 21:44:11 - [TEST_STEP][PASSED] - fileLoc = "KatalonData/RADTestData/Summary.xlsx": null

2024-11-07 21:44:11 - [TEST_STEP][PASSED] - nameSheet = "Personal_IND": null

2024-11-07 21:44:11 - [TEST_STEP][PASSED] - dataFile = "RADTestData/Summary_Personal_IND": null

2024-11-07 21:44:11 - [TEST_STEP][PASSED] - orPath_Landing = "Object Repository/RAD_Pages/Landing_Page": null

2024-11-07 21:44:11 - [TEST_STEP][PASSED] - orPath_TaxTypeFilingYear = "Object Repository/RAD_Pages/TaxTypeFilingYear_Page": null

2024-11-07 21:44:11 - [TEST_STEP][PASSED] - orPath_Amount = "Object Repository/RAD_Pages/PaymentAmount_Page": null

2024-11-07 21:44:11 - [TEST_STEP][PASSED] - orPath_AddressContact = "Object Repository/RAD_Pages/AddressAndContactInfo_Page": null

2024-11-07 21:44:11 - [TEST_STEP][PASSED] - orPath_Summary = "Object Repository/RAD_Pages/Summary_Page": null

2024-11-07 21:44:11 - [TEST_STEP][PASSED] - orPath_PaymentConfirmation = "Object Repository/RAD_Pages/PaymentConfirmation_Page": null

2024-11-07 21:44:11 - [TEST_STEP][PASSED] - orPath_ServiceFeesAccept = "Object Repository/RAD_Pages/ServiceFeeAccept_Page": null

2024-11-07 21:44:11 - [TEST_STEP][PASSED] - orPath_PaymentEntry = "Object Repository/RAD_Pages/PaymentEntry_Page": null

2024-11-07 21:44:11 - [TEST_STEP][PASSED] - ExecuteTC = <not implemented yet for class: org.codehaus.groovy.ast.expr.EmptyExpression>: null

2024-11-07 21:44:11 - [TEST_STEP][PASSED] - TaxType = <not implemented yet for class: org.codehaus.groovy.ast.expr.EmptyExpression>: null

2024-11-07 21:44:11 - [TEST_STEP][PASSED] - PaymentType = <not implemented yet for class: org.codehaus.groovy.ast.expr.EmptyExpression>: null

2024-11-07 21:44:11 - [TEST_STEP][PASSED] - FilingYear = <not implemented yet for class: org.codehaus.groovy.ast.expr.EmptyExpression>: null

2024-11-07 21:44:11 - [TEST_STEP][PASSED] - PeriodEndingMonth = <not implemented yet for class: org.codehaus.groovy.ast.expr.EmptyExpression>: null

2024-11-07 21:44:11 - [TEST_STEP][PASSED] - executionProfile = getExecutionProfile(): null

2024-11-07 21:44:11 - [TEST_STEP][PASSED] - numOfRows = findTestData(dataFile).getRowNumbers(): null

2024-11-07 21:44:11 - [TEST_STEP][PASSED] - println("Number of Records: " + numOfRows): null

2024-11-07 21:44:11 - [TEST_STEP][FAILED] - for ([row = 1, row <= numOfRows, (row++)]): null

2024-11-07 21:44:11 - [TEST_STEP][PASSED] - ExecuteTC = findTestData(dataFile).getValue("Execute", row): null

2024-11-07 21:44:11 - [TEST_STEP][PASSED] - TaxType = findTestData(dataFile).getValue("TaxType", row): null

2024-11-07 21:44:12 - [TEST_STEP][PASSED] - PaymentType = findTestData(dataFile).getValue("PaymentType", row): null

2024-11-07 21:44:12 - [TEST_STEP][PASSED] - FilingYear = findTestData(dataFile).getValue("Year", row): null

2024-11-07 21:44:12 - [TEST_STEP][PASSED] - if (ExecuteTC.equalsIgnoreCase("Y")): Object 'Object Repository/RAD_Pages/PaymentEntry_Page/input__billingName' is present

2024-11-07 21:44:12 - [TEST_STEP][PASSED] - out.println("Begin Record Number: " + row): null

2024-11-07 21:44:12 - [TEST_STEP][PASSED] - today = new java.util.Date(): null

2024-11-07 21:44:12 - [TEST_STEP][PASSED] - println(today): null

2024-11-07 21:44:12 - [TEST_STEP][PASSED] - datText = today: null

2024-11-07 21:44:12 - [TEST_STEP][PASSED] - logInfo("Payment Type: " + PaymentType): Payment Type: Quarterly Estimated Tax

2024-11-07 21:44:12 - [MESSAGE][INFO] - Payment Type: Quarterly Estimated Tax

2024-11-07 21:44:12 - [TEST_STEP][PASSED] - logInfo("Tax Type: " + TaxType): Tax Type: Personal Income Tax

2024-11-07 21:44:12 - [MESSAGE][INFO] - Tax Type: Personal Income Tax

2024-11-07 21:44:12 - [TEST_STEP][PASSED] - openBrowser(""): Browser is opened with url: ''

2024-11-07 21:44:12 - [MESSAGE][WARNING] - A browser is already opened. Closing browser and opening a new one

2024-11-07 21:44:13 - [MESSAGE][INFO] - Starting 'Chrome' driver

2024-11-07 21:44:13 - [MESSAGE][INFO] - User set preference: ['acceptInsecureCerts', 'true']

2024-11-07 21:44:13 - [MESSAGE][INFO] - Action delay is set to 0 milliseconds

2024-11-07 21:44:15 - [MESSAGE][PASSED] - Browser is opened with url: ''

2024-11-07 21:44:15 - [TEST_STEP][PASSED] - maximizeWindow(): Current window maximized

2024-11-07 21:44:15 - [MESSAGE][PASSED] - Current window maximized

2024-11-07 21:44:15 - [TEST_STEP][PASSED] - navigateToUrl(RADurl): Navigate to 'https://www.velocitypayment.com/client/rad/index.html' successfully

2024-11-07 21:44:17 - [MESSAGE][PASSED] - Navigate to 'https://www.velocitypayment.com/client/rad/index.html' successfully

2024-11-07 21:44:17 - [TEST_STEP][PASSED] - selectOptionByLabel(findTestObject(orPath_Landing + "/dd_TaxType"), PaymentType, false): All options with label 'Quarterly Estimated Tax' are selected in object 'Object Repository/RAD_Pages/Landing_Page/dd_TaxType' 

2024-11-07 21:44:18 - [MESSAGE][PASSED] - All options with label 'Quarterly Estimated Tax' are selected in object 'Object Repository/RAD_Pages/Landing_Page/dd_TaxType' 

2024-11-07 21:44:18 - [TEST_STEP][PASSED] - switch (PaymentType): null

2024-11-07 21:44:18 - [TEST_STEP][PASSED] - case "Quarterly Estimated Tax":: null

2024-11-07 21:44:18 - [TEST_STEP][PASSED] - selectOptionByLabel(findTestObject(orPath_TaxTypeFilingYear + "/select_PaymentType"), TaxType, false): All options with label 'Personal Income Tax' are selected in object 'Object Repository/RAD_Pages/TaxTypeFilingYear_Page/select_PaymentType' 

2024-11-07 21:44:19 - [MESSAGE][PASSED] - All options with label 'Personal Income Tax' are selected in object 'Object Repository/RAD_Pages/TaxTypeFilingYear_Page/select_PaymentType' 

2024-11-07 21:44:19 - [TEST_STEP][PASSED] - break: null

2024-11-07 21:44:19 - [TEST_STEP][PASSED] - if (!(FilingYear.isEmpty())): All options with label '2024' are selected in object 'Object Repository/RAD_Pages/TaxTypeFilingYear_Page/select_FilingYear' 

2024-11-07 21:44:19 - [TEST_STEP][PASSED] - selectOptionByLabel(findTestObject(orPath_TaxTypeFilingYear + "/select_FilingYear"), FilingYear, false): All options with label '2024' are selected in object 'Object Repository/RAD_Pages/TaxTypeFilingYear_Page/select_FilingYear' 

2024-11-07 21:44:20 - [MESSAGE][PASSED] - All options with label '2024' are selected in object 'Object Repository/RAD_Pages/TaxTypeFilingYear_Page/select_FilingYear' 

2024-11-07 21:44:20 - [TEST_STEP][PASSED] - if (TaxType.equalsIgnoreCase("Estate Tax")): null

2024-11-07 21:44:20 - [TEST_STEP][PASSED] - else: rad.getSetDataRAD.setDataRADssnAndName is PASSED

2024-11-07 21:44:20 - [TEST_STEP][PASSED] - rad.getSetDataRAD.setDataRADssnAndName(): rad.getSetDataRAD.setDataRADssnAndName is PASSED

2024-11-07 21:44:20 - [MESSAGE][PASSED] - Text 'Jimmy' is set on object 'Object Repository/RAD_Pages/Taxpayer_Page/input_firstName'

2024-11-07 21:44:21 - [MESSAGE][PASSED] - Text 'Davi' is set on object 'Object Repository/RAD_Pages/Taxpayer_Page/input_lastName'

2024-11-07 21:44:22 - [MESSAGE][PASSED] - Text '123450001' is set on object 'Object Repository/RAD_RecordAndPlay/input_concatSSN'

2024-11-07 21:44:22 - [MESSAGE][PASSED] - Text '123450001' is set on object 'Object Repository/RAD_RecordAndPlay/input_concatReSSN'

2024-11-07 21:44:22 - [MESSAGE][PASSED] - rad.getSetDataRAD.setDataRADssnAndName is PASSED

2024-11-07 21:44:22 - [TEST_STEP][PASSED] - rad.getSetDataRAD.setDataRADAddress(): rad.getSetDataRAD.setDataRADAddress is PASSED

2024-11-07 21:44:23 - [MESSAGE][PASSED] - All options with label 'United States' are selected in object 'Object Repository/RAD_Pages/AddressAndContactInfo_Page/select_Country' 

2024-11-07 21:44:24 - [MESSAGE][PASSED] - Text '2508 Mandan Terrace' is set on object 'Object Repository/RAD_Pages/AddressAndContactInfo_Page/input_streetAddress1'

2024-11-07 21:44:25 - [MESSAGE][PASSED] - Text '' is set on object 'Object Repository/RAD_Pages/AddressAndContactInfo_Page/input_streetAddress2'

2024-11-07 21:44:26 - [MESSAGE][PASSED] - Text 'Gambrills' is set on object 'Object Repository/RAD_Pages/AddressAndContactInfo_Page/input_city'

2024-11-07 21:44:26 - [MESSAGE][PASSED] - All options with label 'Maryland' are selected in object 'Object Repository/RAD_Pages/AddressAndContactInfo_Page/select_State' 

2024-11-07 21:44:27 - [MESSAGE][PASSED] - Text '21054' is set on object 'Object Repository/RAD_Pages/AddressAndContactInfo_Page/input_zipCode'

2024-11-07 21:44:28 - [MESSAGE][PASSED] - Text '(703) 894-5000' is set on object 'Object Repository/RAD_Pages/AddressAndContactInfo_Page/input_phoneNumber'

2024-11-07 21:44:29 - [MESSAGE][PASSED] - Text 'iahmed@govolution.com' is set on object 'Object Repository/RAD_Pages/AddressAndContactInfo_Page/input_eMailAddress'

2024-11-07 21:44:30 - [MESSAGE][PASSED] - Text 'iahmed@govolution.com' is set on object 'Object Repository/RAD_Pages/AddressAndContactInfo_Page/input_reEnterEMailAddress'

2024-11-07 21:44:30 - [MESSAGE][PASSED] - rad.getSetDataRAD.setDataRADAddress is PASSED

2024-11-07 21:44:30 - [TEST_STEP][PASSED] - setText(findTestObject(orPath_Amount + "/input__paymentAmount"), "100.00"): Text '100.00' is set on object 'Object Repository/RAD_Pages/PaymentAmount_Page/input__paymentAmount'

2024-11-07 21:44:31 - [MESSAGE][PASSED] - Text '100.00' is set on object 'Object Repository/RAD_Pages/PaymentAmount_Page/input__paymentAmount'

2024-11-07 21:44:31 - [TEST_STEP][PASSED] - setText(findTestObject(orPath_AddressContact + "/input_streetAddress2"), ""): Text '' is set on object 'Object Repository/RAD_Pages/AddressAndContactInfo_Page/input_streetAddress2'

2024-11-07 21:44:31 - [MESSAGE][PASSED] - Text '' is set on object 'Object Repository/RAD_Pages/AddressAndContactInfo_Page/input_streetAddress2'

2024-11-07 21:44:31 - [TEST_STEP][PASSED] - scrollToElement(findTestObject(orPath_Landing + "/button_Continue"), 3): Scroll to object 'Object Repository/RAD_Pages/Landing_Page/button_Continue' successfully

2024-11-07 21:44:32 - [MESSAGE][PASSED] - Scroll to object 'Object Repository/RAD_Pages/Landing_Page/button_Continue' successfully

2024-11-07 21:44:32 - [TEST_STEP][PASSED] - waitForElementClickable(findTestObject(orPath_Landing + "/button_Continue"), 5): Object 'Object Repository/RAD_Pages/Landing_Page/button_Continue' is clickable

2024-11-07 21:44:32 - [MESSAGE][PASSED] - Object 'Object Repository/RAD_Pages/Landing_Page/button_Continue' is clickable

2024-11-07 21:44:32 - [TEST_STEP][PASSED] - click(findTestObject(orPath_Landing + "/button_Continue")): Object: 'Object Repository/RAD_Pages/Landing_Page/button_Continue' is clicked on

2024-11-07 21:44:33 - [MESSAGE][PASSED] - Object: 'Object Repository/RAD_Pages/Landing_Page/button_Continue' is clicked on

2024-11-07 21:44:33 - [TEST_STEP][PASSED] - delay(2): Delayed 2 second(s)

2024-11-07 21:44:35 - [MESSAGE][PASSED] - Delayed 2 second(s)

2024-11-07 21:44:35 - [TEST_STEP][PASSED] - verifyTextPresent("Summary", true): Text 'Summary' is present on page  using regular expression

2024-11-07 21:44:35 - [MESSAGE][PASSED] - Text 'Summary' is present on page  using regular expression

2024-11-07 21:44:35 - [TEST_STEP][PASSED] - verifyTextPresent("Review the information below and make any necessary corrections by clicking the", true): Text 'Review the information below and make any necessary corrections by clicking the' is present on page  using regular expression

2024-11-07 21:44:35 - [MESSAGE][PASSED] - Text 'Review the information below and make any necessary corrections by clicking the' is present on page  using regular expression

2024-11-07 21:44:35 - [TEST_STEP][PASSED] - verifyTextPresent("When you are confident that all the information is correct, click the", true): Text 'When you are confident that all the information is correct, click the' is present on page  using regular expression

2024-11-07 21:44:36 - [MESSAGE][PASSED] - Text 'When you are confident that all the information is correct, click the' is present on page  using regular expression

2024-11-07 21:44:36 - [TEST_STEP][PASSED] - verifyTextPresent("Payment Type/Filing Year", true): Text 'Payment Type/Filing Year' is present on page  using regular expression

2024-11-07 21:44:36 - [MESSAGE][PASSED] - Text 'Payment Type/Filing Year' is present on page  using regular expression

2024-11-07 21:44:36 - [TEST_STEP][PASSED] - verifyTextPresent("Payment Type:", true): Text 'Payment Type:' is present on page  using regular expression

2024-11-07 21:44:36 - [MESSAGE][PASSED] - Text 'Payment Type:' is present on page  using regular expression

2024-11-07 21:44:36 - [TEST_STEP][PASSED] - verifyTextPresent(PaymentType, true): Text 'Quarterly Estimated Tax' is present on page  using regular expression

2024-11-07 21:44:37 - [MESSAGE][PASSED] - Text 'Quarterly Estimated Tax' is present on page  using regular expression

2024-11-07 21:44:37 - [TEST_STEP][PASSED] - verifyTextPresent("Filing Year:", true): Text 'Filing Year:' is present on page  using regular expression

2024-11-07 21:44:37 - [MESSAGE][PASSED] - Text 'Filing Year:' is present on page  using regular expression

2024-11-07 21:44:37 - [TEST_STEP][PASSED] - verifyTextPresent(FilingYear, true): Text '2024' is present on page  using regular expression

2024-11-07 21:44:37 - [MESSAGE][PASSED] - Text '2024' is present on page  using regular expression

2024-11-07 21:44:37 - [TEST_STEP][PASSED] - verifyTextPresent("Payer Information", true): Text 'Payer Information' is present on page  using regular expression

2024-11-07 21:44:37 - [MESSAGE][PASSED] - Text 'Payer Information' is present on page  using regular expression

2024-11-07 21:44:37 - [TEST_STEP][PASSED] - verifyTextPresent("Taxpayer Name:", true): Text 'Taxpayer Name:' is present on page  using regular expression

2024-11-07 21:44:38 - [MESSAGE][PASSED] - Text 'Taxpayer Name:' is present on page  using regular expression

2024-11-07 21:44:38 - [TEST_STEP][PASSED] - switch (executionProfile): null

2024-11-07 21:44:38 - [TEST_STEP][PASSED] - verifyTextPresent("Taxpayer Address:", true): Text 'Taxpayer Address:' is present on page  using regular expression

2024-11-07 21:44:38 - [MESSAGE][PASSED] - Text 'Taxpayer Address:' is present on page  using regular expression

2024-11-07 21:44:38 - [TEST_STEP][PASSED] - verifyTextPresent("2508 Mandan Terrace Gambrills Maryland 21054", true): Text '2508 Mandan Terrace Gambrills Maryland 21054' is present on page  using regular expression

2024-11-07 21:44:38 - [MESSAGE][PASSED] - Text '2508 Mandan Terrace Gambrills Maryland 21054' is present on page  using regular expression

2024-11-07 21:44:38 - [TEST_STEP][PASSED] - verifyTextPresent("Email:", true): Text 'Email:' is present on page  using regular expression

2024-11-07 21:44:39 - [MESSAGE][PASSED] - Text 'Email:' is present on page  using regular expression

2024-11-07 21:44:39 - [TEST_STEP][PASSED] - verifyTextPresent("iahmed@govolution.com", true): Text 'iahmed@govolution.com' is present on page  using regular expression

2024-11-07 21:44:39 - [MESSAGE][PASSED] - Text 'iahmed@govolution.com' is present on page  using regular expression

2024-11-07 21:44:39 - [TEST_STEP][PASSED] - verifyTextPresent("Phone:", true): Text 'Phone:' is present on page  using regular expression

2024-11-07 21:44:39 - [MESSAGE][PASSED] - Text 'Phone:' is present on page  using regular expression

2024-11-07 21:44:39 - [TEST_STEP][PASSED] - verifyTextPresent("(703) 894-5000", false): Text '(703) 894-5000' is present on page 

2024-11-07 21:44:40 - [MESSAGE][PASSED] - Text '(703) 894-5000' is present on page 

2024-11-07 21:44:40 - [TEST_STEP][PASSED] - verifyTextPresent("Tax Information", true): Text 'Tax Information' is present on page  using regular expression

2024-11-07 21:44:40 - [MESSAGE][PASSED] - Text 'Tax Information' is present on page  using regular expression

2024-11-07 21:44:40 - [TEST_STEP][PASSED] - verifyTextPresent("Payment Amount:", true): Text 'Payment Amount:' is present on page  using regular expression

2024-11-07 21:44:40 - [MESSAGE][PASSED] - Text 'Payment Amount:' is present on page  using regular expression

2024-11-07 21:44:40 - [TEST_STEP][PASSED] - verifyTextPresent("100.00", true): Text '100.00' is present on page  using regular expression

2024-11-07 21:44:41 - [MESSAGE][PASSED] - Text '100.00' is present on page  using regular expression

2024-11-07 21:44:41 - [TEST_STEP][PASSED] - verifyTextNotPresent("Federal EIN:", true): Text 'Federal EIN:' is not present on page using regular expression

2024-11-07 21:44:41 - [MESSAGE][PASSED] - Text 'Federal EIN:' is not present on page using regular expression

2024-11-07 21:44:41 - [TEST_STEP][PASSED] - verifyTextNotPresent("FEIN/SSN:", true): Text 'FEIN/SSN:' is not present on page using regular expression

2024-11-07 21:44:41 - [MESSAGE][PASSED] - Text 'FEIN/SSN:' is not present on page using regular expression

2024-11-07 21:44:41 - [TEST_STEP][PASSED] - if (TaxType.equalsIgnoreCase("Estate Tax")): null

2024-11-07 21:44:41 - [TEST_STEP][PASSED] - else: Text 'Taxpayer SSN:' is present on page  using regular expression

2024-11-07 21:44:41 - [TEST_STEP][PASSED] - verifyTextPresent("Taxpayer SSN:", true): Text 'Taxpayer SSN:' is present on page  using regular expression

2024-11-07 21:44:42 - [MESSAGE][PASSED] - Text 'Taxpayer SSN:' is present on page  using regular expression

2024-11-07 21:44:42 - [TEST_STEP][PASSED] - if (verifyElementVisible(findTestObject(orPath_Summary + "/button_Proceed to Payment"))): null

2024-11-07 21:44:42 - [MESSAGE][PASSED] - Object 'Object Repository/RAD_Pages/Summary_Page/button_Proceed to Payment' is visible

2024-11-07 21:44:42 - [TEST_STEP][PASSED] - resText = "Pass": null

2024-11-07 21:44:42 - [TEST_STEP][PASSED] - pages.WriteExcel.demoKey(resText, datText, resColumn, datCloumn, fileLoc, nameSheet, row): pages.WriteExcel.demoKey is PASSED

2024-11-07 21:44:42 - [MESSAGE][PASSED] - pages.WriteExcel.demoKey is PASSED

2024-11-07 21:44:42 - [TEST_STEP][PASSED] - click(findTestObject(orPath_Summary + "/button_Proceed to Payment")): Object: 'Object Repository/RAD_Pages/Summary_Page/button_Proceed to Payment' is clicked on

2024-11-07 21:44:46 - [MESSAGE][PASSED] - Object: 'Object Repository/RAD_Pages/Summary_Page/button_Proceed to Payment' is clicked on

2024-11-07 21:44:46 - [TEST_STEP][PASSED] - verifyElementPresent(findTestObject("Object Repository/RAD_Pages/PaymentEntry_Page/input__billingName"), 30): Object 'Object Repository/RAD_Pages/PaymentEntry_Page/input__billingName' is present

2024-11-07 21:44:46 - [MESSAGE][PASSED] - Object 'Object Repository/RAD_Pages/PaymentEntry_Page/input__billingName' is present

2024-11-07 21:44:46 - [TEST_STEP][PASSED] - ExecuteTC = findTestData(dataFile).getValue("Execute", row): null

2024-11-07 21:44:46 - [TEST_STEP][PASSED] - TaxType = findTestData(dataFile).getValue("TaxType", row): null

2024-11-07 21:44:46 - [TEST_STEP][PASSED] - PaymentType = findTestData(dataFile).getValue("PaymentType", row): null

2024-11-07 21:44:46 - [TEST_STEP][PASSED] - FilingYear = findTestData(dataFile).getValue("Year", row): null

2024-11-07 21:44:46 - [TEST_STEP][PASSED] - if (ExecuteTC.equalsIgnoreCase("Y")): Object 'Object Repository/RAD_Pages/PaymentEntry_Page/input__billingName' is present

2024-11-07 21:44:46 - [TEST_STEP][PASSED] - out.println("Begin Record Number: " + row): null

2024-11-07 21:44:46 - [TEST_STEP][PASSED] - today = new java.util.Date(): null

2024-11-07 21:44:46 - [TEST_STEP][PASSED] - println(today): null

2024-11-07 21:44:46 - [TEST_STEP][PASSED] - datText = today: null

2024-11-07 21:44:46 - [TEST_STEP][PASSED] - logInfo("Payment Type: " + PaymentType): Payment Type: Extension Payments

2024-11-07 21:44:46 - [MESSAGE][INFO] - Payment Type: Extension Payments

2024-11-07 21:44:46 - [TEST_STEP][PASSED] - logInfo("Tax Type: " + TaxType): Tax Type: Personal Income Tax

2024-11-07 21:44:46 - [MESSAGE][INFO] - Tax Type: Personal Income Tax

2024-11-07 21:44:46 - [TEST_STEP][PASSED] - openBrowser(""): Browser is opened with url: ''

2024-11-07 21:44:46 - [MESSAGE][WARNING] - A browser is already opened. Closing browser and opening a new one

2024-11-07 21:44:49 - [MESSAGE][INFO] - Starting 'Chrome' driver

2024-11-07 21:44:49 - [MESSAGE][INFO] - User set preference: ['acceptInsecureCerts', 'true']

2024-11-07 21:44:49 - [MESSAGE][INFO] - Action delay is set to 0 milliseconds

2024-11-07 21:44:51 - [MESSAGE][PASSED] - Browser is opened with url: ''

2024-11-07 21:44:51 - [TEST_STEP][PASSED] - maximizeWindow(): Current window maximized

2024-11-07 21:44:51 - [MESSAGE][PASSED] - Current window maximized

2024-11-07 21:44:51 - [TEST_STEP][PASSED] - navigateToUrl(RADurl): Navigate to 'https://www.velocitypayment.com/client/rad/index.html' successfully

2024-11-07 21:44:53 - [MESSAGE][PASSED] - Navigate to 'https://www.velocitypayment.com/client/rad/index.html' successfully

2024-11-07 21:44:53 - [TEST_STEP][PASSED] - selectOptionByLabel(findTestObject(orPath_Landing + "/dd_TaxType"), PaymentType, false): All options with label 'Extension Payments' are selected in object 'Object Repository/RAD_Pages/Landing_Page/dd_TaxType' 

2024-11-07 21:44:54 - [MESSAGE][PASSED] - All options with label 'Extension Payments' are selected in object 'Object Repository/RAD_Pages/Landing_Page/dd_TaxType' 

2024-11-07 21:44:54 - [TEST_STEP][PASSED] - switch (PaymentType): null

2024-11-07 21:44:54 - [TEST_STEP][PASSED] - case "Extension Payments":: null

2024-11-07 21:44:54 - [TEST_STEP][PASSED] - selectOptionByLabel(findTestObject(orPath_TaxTypeFilingYear + "/select_PaymentType"), TaxType, false): All options with label 'Personal Income Tax' are selected in object 'Object Repository/RAD_Pages/TaxTypeFilingYear_Page/select_PaymentType' 

2024-11-07 21:44:55 - [MESSAGE][PASSED] - All options with label 'Personal Income Tax' are selected in object 'Object Repository/RAD_Pages/TaxTypeFilingYear_Page/select_PaymentType' 

2024-11-07 21:44:55 - [TEST_STEP][PASSED] - break: null

2024-11-07 21:44:55 - [TEST_STEP][PASSED] - if (!(FilingYear.isEmpty())): All options with label '2023' are selected in object 'Object Repository/RAD_Pages/TaxTypeFilingYear_Page/select_FilingYear' 

2024-11-07 21:44:55 - [TEST_STEP][PASSED] - selectOptionByLabel(findTestObject(orPath_TaxTypeFilingYear + "/select_FilingYear"), FilingYear, false): All options with label '2023' are selected in object 'Object Repository/RAD_Pages/TaxTypeFilingYear_Page/select_FilingYear' 

2024-11-07 21:44:55 - [MESSAGE][PASSED] - All options with label '2023' are selected in object 'Object Repository/RAD_Pages/TaxTypeFilingYear_Page/select_FilingYear' 

2024-11-07 21:44:55 - [TEST_STEP][PASSED] - if (TaxType.equalsIgnoreCase("Estate Tax")): null

2024-11-07 21:44:55 - [TEST_STEP][PASSED] - else: rad.getSetDataRAD.setDataRADssnAndName is PASSED

2024-11-07 21:44:55 - [TEST_STEP][PASSED] - rad.getSetDataRAD.setDataRADssnAndName(): rad.getSetDataRAD.setDataRADssnAndName is PASSED

2024-11-07 21:44:56 - [MESSAGE][PASSED] - Text 'Jimmy' is set on object 'Object Repository/RAD_Pages/Taxpayer_Page/input_firstName'

2024-11-07 21:44:57 - [MESSAGE][PASSED] - Text 'Davi' is set on object 'Object Repository/RAD_Pages/Taxpayer_Page/input_lastName'

2024-11-07 21:44:58 - [MESSAGE][PASSED] - Text '123450001' is set on object 'Object Repository/RAD_RecordAndPlay/input_concatSSN'

2024-11-07 21:44:58 - [MESSAGE][PASSED] - Text '123450001' is set on object 'Object Repository/RAD_RecordAndPlay/input_concatReSSN'

2024-11-07 21:44:58 - [MESSAGE][PASSED] - rad.getSetDataRAD.setDataRADssnAndName is PASSED

2024-11-07 21:44:58 - [TEST_STEP][PASSED] - rad.getSetDataRAD.setDataRADAddress(): rad.getSetDataRAD.setDataRADAddress is PASSED

2024-11-07 21:44:59 - [MESSAGE][PASSED] - All options with label 'United States' are selected in object 'Object Repository/RAD_Pages/AddressAndContactInfo_Page/select_Country' 

2024-11-07 21:45:00 - [MESSAGE][PASSED] - Text '2508 Mandan Terrace' is set on object 'Object Repository/RAD_Pages/AddressAndContactInfo_Page/input_streetAddress1'

2024-11-07 21:45:01 - [MESSAGE][PASSED] - Text '' is set on object 'Object Repository/RAD_Pages/AddressAndContactInfo_Page/input_streetAddress2'

2024-11-07 21:45:02 - [MESSAGE][PASSED] - Text 'Gambrills' is set on object 'Object Repository/RAD_Pages/AddressAndContactInfo_Page/input_city'

2024-11-07 21:45:03 - [MESSAGE][PASSED] - All options with label 'Maryland' are selected in object 'Object Repository/RAD_Pages/AddressAndContactInfo_Page/select_State' 

2024-11-07 21:45:04 - [MESSAGE][PASSED] - Text '21054' is set on object 'Object Repository/RAD_Pages/AddressAndContactInfo_Page/input_zipCode'

2024-11-07 21:45:05 - [MESSAGE][PASSED] - Text '(703) 894-5000' is set on object 'Object Repository/RAD_Pages/AddressAndContactInfo_Page/input_phoneNumber'

2024-11-07 21:45:06 - [MESSAGE][PASSED] - Text 'iahmed@govolution.com' is set on object 'Object Repository/RAD_Pages/AddressAndContactInfo_Page/input_eMailAddress'

2024-11-07 21:45:06 - [MESSAGE][PASSED] - Text 'iahmed@govolution.com' is set on object 'Object Repository/RAD_Pages/AddressAndContactInfo_Page/input_reEnterEMailAddress'

2024-11-07 21:45:06 - [MESSAGE][PASSED] - rad.getSetDataRAD.setDataRADAddress is PASSED

2024-11-07 21:45:06 - [TEST_STEP][PASSED] - setText(findTestObject(orPath_Amount + "/input__paymentAmount"), "100.00"): Text '100.00' is set on object 'Object Repository/RAD_Pages/PaymentAmount_Page/input__paymentAmount'

2024-11-07 21:45:07 - [MESSAGE][PASSED] - Text '100.00' is set on object 'Object Repository/RAD_Pages/PaymentAmount_Page/input__paymentAmount'

2024-11-07 21:45:07 - [TEST_STEP][PASSED] - setText(findTestObject(orPath_AddressContact + "/input_streetAddress2"), ""): Text '' is set on object 'Object Repository/RAD_Pages/AddressAndContactInfo_Page/input_streetAddress2'

2024-11-07 21:45:08 - [MESSAGE][PASSED] - Text '' is set on object 'Object Repository/RAD_Pages/AddressAndContactInfo_Page/input_streetAddress2'

2024-11-07 21:45:08 - [TEST_STEP][PASSED] - scrollToElement(findTestObject(orPath_Landing + "/button_Continue"), 3): Scroll to object 'Object Repository/RAD_Pages/Landing_Page/button_Continue' successfully

2024-11-07 21:45:08 - [MESSAGE][PASSED] - Scroll to object 'Object Repository/RAD_Pages/Landing_Page/button_Continue' successfully

2024-11-07 21:45:08 - [TEST_STEP][PASSED] - waitForElementClickable(findTestObject(orPath_Landing + "/button_Continue"), 5): Object 'Object Repository/RAD_Pages/Landing_Page/button_Continue' is clickable

2024-11-07 21:45:08 - [MESSAGE][PASSED] - Object 'Object Repository/RAD_Pages/Landing_Page/button_Continue' is clickable

2024-11-07 21:45:08 - [TEST_STEP][PASSED] - click(findTestObject(orPath_Landing + "/button_Continue")): Object: 'Object Repository/RAD_Pages/Landing_Page/button_Continue' is clicked on

2024-11-07 21:45:09 - [MESSAGE][PASSED] - Object: 'Object Repository/RAD_Pages/Landing_Page/button_Continue' is clicked on

2024-11-07 21:45:09 - [TEST_STEP][PASSED] - delay(2): Delayed 2 second(s)

2024-11-07 21:45:11 - [MESSAGE][PASSED] - Delayed 2 second(s)

2024-11-07 21:45:11 - [TEST_STEP][PASSED] - verifyTextPresent("Summary", true): Text 'Summary' is present on page  using regular expression

2024-11-07 21:45:11 - [MESSAGE][PASSED] - Text 'Summary' is present on page  using regular expression

2024-11-07 21:45:11 - [TEST_STEP][PASSED] - verifyTextPresent("Review the information below and make any necessary corrections by clicking the", true): Text 'Review the information below and make any necessary corrections by clicking the' is present on page  using regular expression

2024-11-07 21:45:12 - [MESSAGE][PASSED] - Text 'Review the information below and make any necessary corrections by clicking the' is present on page  using regular expression

2024-11-07 21:45:12 - [TEST_STEP][PASSED] - verifyTextPresent("When you are confident that all the information is correct, click the", true): Text 'When you are confident that all the information is correct, click the' is present on page  using regular expression

2024-11-07 21:45:12 - [MESSAGE][PASSED] - Text 'When you are confident that all the information is correct, click the' is present on page  using regular expression

2024-11-07 21:45:12 - [TEST_STEP][PASSED] - verifyTextPresent("Payment Type/Filing Year", true): Text 'Payment Type/Filing Year' is present on page  using regular expression

2024-11-07 21:45:12 - [MESSAGE][PASSED] - Text 'Payment Type/Filing Year' is present on page  using regular expression

2024-11-07 21:45:12 - [TEST_STEP][PASSED] - verifyTextPresent("Payment Type:", true): Text 'Payment Type:' is present on page  using regular expression

2024-11-07 21:45:13 - [MESSAGE][PASSED] - Text 'Payment Type:' is present on page  using regular expression

2024-11-07 21:45:13 - [TEST_STEP][PASSED] - verifyTextPresent(PaymentType, true): Text 'Extension Payments' is present on page  using regular expression

2024-11-07 21:45:13 - [MESSAGE][PASSED] - Text 'Extension Payments' is present on page  using regular expression

2024-11-07 21:45:13 - [TEST_STEP][PASSED] - verifyTextPresent("Filing Year:", true): Text 'Filing Year:' is present on page  using regular expression

2024-11-07 21:45:13 - [MESSAGE][PASSED] - Text 'Filing Year:' is present on page  using regular expression

2024-11-07 21:45:13 - [TEST_STEP][PASSED] - verifyTextPresent(FilingYear, true): Text '2023' is present on page  using regular expression

2024-11-07 21:45:14 - [MESSAGE][PASSED] - Text '2023' is present on page  using regular expression

2024-11-07 21:45:14 - [TEST_STEP][PASSED] - verifyTextPresent("Payer Information", true): Text 'Payer Information' is present on page  using regular expression

2024-11-07 21:45:14 - [MESSAGE][PASSED] - Text 'Payer Information' is present on page  using regular expression

2024-11-07 21:45:14 - [TEST_STEP][PASSED] - verifyTextPresent("Taxpayer Name:", true): Text 'Taxpayer Name:' is present on page  using regular expression

2024-11-07 21:45:14 - [MESSAGE][PASSED] - Text 'Taxpayer Name:' is present on page  using regular expression

2024-11-07 21:45:14 - [TEST_STEP][PASSED] - switch (executionProfile): null

2024-11-07 21:45:14 - [TEST_STEP][PASSED] - verifyTextPresent("Taxpayer Address:", true): Text 'Taxpayer Address:' is present on page  using regular expression

2024-11-07 21:45:15 - [MESSAGE][PASSED] - Text 'Taxpayer Address:' is present on page  using regular expression

2024-11-07 21:45:15 - [TEST_STEP][PASSED] - verifyTextPresent("2508 Mandan Terrace Gambrills Maryland 21054", true): Text '2508 Mandan Terrace Gambrills Maryland 21054' is present on page  using regular expression

2024-11-07 21:45:15 - [MESSAGE][PASSED] - Text '2508 Mandan Terrace Gambrills Maryland 21054' is present on page  using regular expression

2024-11-07 21:45:15 - [TEST_STEP][PASSED] - verifyTextPresent("Email:", true): Text 'Email:' is present on page  using regular expression

2024-11-07 21:45:15 - [MESSAGE][PASSED] - Text 'Email:' is present on page  using regular expression

2024-11-07 21:45:15 - [TEST_STEP][PASSED] - verifyTextPresent("iahmed@govolution.com", true): Text 'iahmed@govolution.com' is present on page  using regular expression

2024-11-07 21:45:16 - [MESSAGE][PASSED] - Text 'iahmed@govolution.com' is present on page  using regular expression

2024-11-07 21:45:16 - [TEST_STEP][PASSED] - verifyTextPresent("Phone:", true): Text 'Phone:' is present on page  using regular expression

2024-11-07 21:45:16 - [MESSAGE][PASSED] - Text 'Phone:' is present on page  using regular expression

2024-11-07 21:45:16 - [TEST_STEP][PASSED] - verifyTextPresent("(703) 894-5000", false): Text '(703) 894-5000' is present on page 

2024-11-07 21:45:16 - [MESSAGE][PASSED] - Text '(703) 894-5000' is present on page 

2024-11-07 21:45:16 - [TEST_STEP][PASSED] - verifyTextPresent("Tax Information", true): Text 'Tax Information' is present on page  using regular expression

2024-11-07 21:45:16 - [MESSAGE][PASSED] - Text 'Tax Information' is present on page  using regular expression

2024-11-07 21:45:16 - [TEST_STEP][PASSED] - verifyTextPresent("Payment Amount:", true): Text 'Payment Amount:' is present on page  using regular expression

2024-11-07 21:45:17 - [MESSAGE][PASSED] - Text 'Payment Amount:' is present on page  using regular expression

2024-11-07 21:45:17 - [TEST_STEP][PASSED] - verifyTextPresent("100.00", true): Text '100.00' is present on page  using regular expression

2024-11-07 21:45:17 - [MESSAGE][PASSED] - Text '100.00' is present on page  using regular expression

2024-11-07 21:45:17 - [TEST_STEP][PASSED] - verifyTextNotPresent("Federal EIN:", true): Text 'Federal EIN:' is not present on page using regular expression

2024-11-07 21:45:17 - [MESSAGE][PASSED] - Text 'Federal EIN:' is not present on page using regular expression

2024-11-07 21:45:17 - [TEST_STEP][PASSED] - verifyTextNotPresent("FEIN/SSN:", true): Text 'FEIN/SSN:' is not present on page using regular expression

2024-11-07 21:45:18 - [MESSAGE][PASSED] - Text 'FEIN/SSN:' is not present on page using regular expression

2024-11-07 21:45:18 - [TEST_STEP][PASSED] - if (TaxType.equalsIgnoreCase("Estate Tax")): null

2024-11-07 21:45:18 - [TEST_STEP][PASSED] - else: Text 'Taxpayer SSN:' is present on page  using regular expression

2024-11-07 21:45:18 - [TEST_STEP][PASSED] - verifyTextPresent("Taxpayer SSN:", true): Text 'Taxpayer SSN:' is present on page  using regular expression

2024-11-07 21:45:18 - [MESSAGE][PASSED] - Text 'Taxpayer SSN:' is present on page  using regular expression

2024-11-07 21:45:18 - [TEST_STEP][PASSED] - if (verifyElementVisible(findTestObject(orPath_Summary + "/button_Proceed to Payment"))): null

2024-11-07 21:45:18 - [MESSAGE][PASSED] - Object 'Object Repository/RAD_Pages/Summary_Page/button_Proceed to Payment' is visible

2024-11-07 21:45:18 - [TEST_STEP][PASSED] - resText = "Pass": null

2024-11-07 21:45:18 - [TEST_STEP][PASSED] - pages.WriteExcel.demoKey(resText, datText, resColumn, datCloumn, fileLoc, nameSheet, row): pages.WriteExcel.demoKey is PASSED

2024-11-07 21:45:19 - [MESSAGE][PASSED] - pages.WriteExcel.demoKey is PASSED

2024-11-07 21:45:19 - [TEST_STEP][PASSED] - click(findTestObject(orPath_Summary + "/button_Proceed to Payment")): Object: 'Object Repository/RAD_Pages/Summary_Page/button_Proceed to Payment' is clicked on

2024-11-07 21:45:21 - [MESSAGE][PASSED] - Object: 'Object Repository/RAD_Pages/Summary_Page/button_Proceed to Payment' is clicked on

2024-11-07 21:45:21 - [TEST_STEP][PASSED] - verifyElementPresent(findTestObject("Object Repository/RAD_Pages/PaymentEntry_Page/input__billingName"), 30): Object 'Object Repository/RAD_Pages/PaymentEntry_Page/input__billingName' is present

2024-11-07 21:45:22 - [MESSAGE][PASSED] - Object 'Object Repository/RAD_Pages/PaymentEntry_Page/input__billingName' is present

2024-11-07 21:45:22 - [TEST_STEP][PASSED] - ExecuteTC = findTestData(dataFile).getValue("Execute", row): null

2024-11-07 21:45:22 - [TEST_STEP][PASSED] - TaxType = findTestData(dataFile).getValue("TaxType", row): null

2024-11-07 21:45:22 - [TEST_STEP][PASSED] - PaymentType = findTestData(dataFile).getValue("PaymentType", row): null

2024-11-07 21:45:22 - [TEST_STEP][PASSED] - FilingYear = findTestData(dataFile).getValue("Year", row): null

2024-11-07 21:45:22 - [TEST_STEP][FAILED] - if (ExecuteTC.equalsIgnoreCase("Y")): com.kms.katalon.core.webui.exception.WebElementNotFoundException: Web element with id: 'Object Repository/RAD_Pages/PaymentEntry_Page/input__billingName' located by '//*[@type = 'text' and @name = 'billingName' and @id = 'billingName']' not found (Root cause: com.kms.katalon.core.exception.StepFailedException: com.kms.katalon.core.webui.exception.WebElementNotFoundException: Web element with id: 'Object Repository/RAD_Pages/PaymentEntry_Page/input__billingName' located by '//*[@type = 'text' and @name = 'billingName' and @id = 'billingName']' not found
	at com.kms.katalon.core.webui.keyword.internal.WebUIKeywordMain.stepFailed(WebUIKeywordMain.groovy:64)
	at com.kms.katalon.core.webui.keyword.builtin.VerifyElementPresentKeyword$_verifyElementPresent_closure1.doCall(VerifyElementPresentKeyword.groovy:85)
	at com.kms.katalon.core.webui.keyword.builtin.VerifyElementPresentKeyword$_verifyElementPresent_closure1.call(VerifyElementPresentKeyword.groovy)
	at com.kms.katalon.core.webui.keyword.internal.WebUIKeywordMain.runKeyword(WebUIKeywordMain.groovy:20)
	at com.kms.katalon.core.webui.keyword.builtin.VerifyElementPresentKeyword.verifyElementPresent(VerifyElementPresentKeyword.groovy:92)
	at com.kms.katalon.core.webui.keyword.builtin.VerifyElementPresentKeyword.execute(VerifyElementPresentKeyword.groovy:68)
	at com.kms.katalon.core.keyword.internal.KeywordExecutor.executeKeywordForPlatform(KeywordExecutor.groovy:74)
	at com.kms.katalon.core.webui.keyword.WebUiBuiltInKeywords.verifyElementPresent(WebUiBuiltInKeywords.groovy:1464)
	at com.kms.katalon.core.webui.keyword.WebUiBuiltInKeywords$verifyElementPresent$11.call(Unknown Source)
	at Personal_Individual_Summary_TC.run(Personal_Individual_Summary_TC:242)
	at com.kms.katalon.core.main.ScriptEngine.run(ScriptEngine.java:194)
	at com.kms.katalon.core.main.ScriptEngine.runScriptAsRawText(ScriptEngine.java:119)
	at com.kms.katalon.core.main.TestCaseExecutor.runScript(TestCaseExecutor.java:448)
	at com.kms.katalon.core.main.TestCaseExecutor.doExecute(TestCaseExecutor.java:439)
	at com.kms.katalon.core.main.TestCaseExecutor.processExecutionPhase(TestCaseExecutor.java:418)
	at com.kms.katalon.core.main.TestCaseExecutor.accessMainPhase(TestCaseExecutor.java:410)
	at com.kms.katalon.core.main.TestCaseExecutor.execute(TestCaseExecutor.java:285)
	at com.kms.katalon.core.common.CommonExecutor.accessTestCaseMainPhase(CommonExecutor.java:65)
	at com.kms.katalon.core.main.TestSuiteExecutor.accessTestSuiteMainPhase(TestSuiteExecutor.java:148)
	at com.kms.katalon.core.main.TestSuiteExecutor.execute(TestSuiteExecutor.java:106)
	at com.kms.katalon.core.main.TestCaseMain.startTestSuite(TestCaseMain.java:187)
	at com.kms.katalon.core.main.TestCaseMain$startTestSuite$0.call(Unknown Source)
	at TempTestSuite1731030484036.run(TempTestSuite1731030484036.groovy:35)
)

2024-11-07 21:45:22 - [TEST_STEP][PASSED] - out.println("Begin Record Number: " + row): null

2024-11-07 21:45:22 - [TEST_STEP][PASSED] - today = new java.util.Date(): null

2024-11-07 21:45:22 - [TEST_STEP][PASSED] - println(today): null

2024-11-07 21:45:22 - [TEST_STEP][PASSED] - datText = today: null

2024-11-07 21:45:22 - [TEST_STEP][PASSED] - logInfo("Payment Type: " + PaymentType): Payment Type: New Tax Return Amount Due

2024-11-07 21:45:22 - [MESSAGE][INFO] - Payment Type: New Tax Return Amount Due

2024-11-07 21:45:22 - [TEST_STEP][PASSED] - logInfo("Tax Type: " + TaxType): Tax Type: Personal Income Tax

2024-11-07 21:45:22 - [MESSAGE][INFO] - Tax Type: Personal Income Tax

2024-11-07 21:45:22 - [TEST_STEP][PASSED] - openBrowser(""): Browser is opened with url: ''

2024-11-07 21:45:22 - [MESSAGE][WARNING] - A browser is already opened. Closing browser and opening a new one

2024-11-07 21:45:23 - [MESSAGE][INFO] - Starting 'Chrome' driver

2024-11-07 21:45:23 - [MESSAGE][INFO] - User set preference: ['acceptInsecureCerts', 'true']

2024-11-07 21:45:23 - [MESSAGE][INFO] - Action delay is set to 0 milliseconds

2024-11-07 21:45:25 - [MESSAGE][PASSED] - Browser is opened with url: ''

2024-11-07 21:45:25 - [TEST_STEP][PASSED] - maximizeWindow(): Current window maximized

2024-11-07 21:45:25 - [MESSAGE][PASSED] - Current window maximized

2024-11-07 21:45:25 - [TEST_STEP][PASSED] - navigateToUrl(RADurl): Navigate to 'https://www.velocitypayment.com/client/rad/index.html' successfully

2024-11-07 21:45:28 - [MESSAGE][PASSED] - Navigate to 'https://www.velocitypayment.com/client/rad/index.html' successfully

2024-11-07 21:45:28 - [TEST_STEP][PASSED] - selectOptionByLabel(findTestObject(orPath_Landing + "/dd_TaxType"), PaymentType, false): All options with label 'New Tax Return Amount Due' are selected in object 'Object Repository/RAD_Pages/Landing_Page/dd_TaxType' 

2024-11-07 21:45:29 - [MESSAGE][PASSED] - All options with label 'New Tax Return Amount Due' are selected in object 'Object Repository/RAD_Pages/Landing_Page/dd_TaxType' 

2024-11-07 21:45:29 - [TEST_STEP][PASSED] - switch (PaymentType): null

2024-11-07 21:45:29 - [TEST_STEP][PASSED] - case "New Tax Return Amount Due":: null

2024-11-07 21:45:29 - [TEST_STEP][PASSED] - selectOptionByLabel(findTestObject("Object Repository/RAD_Pages/Landing_Page/select_NewTaxReturnAmountDue_TaxType"), TaxType, false): All options with label 'Personal Income Tax' are selected in object 'Object Repository/RAD_Pages/Landing_Page/select_NewTaxReturnAmountDue_TaxType' 

2024-11-07 21:45:29 - [MESSAGE][PASSED] - All options with label 'Personal Income Tax' are selected in object 'Object Repository/RAD_Pages/Landing_Page/select_NewTaxReturnAmountDue_TaxType' 

2024-11-07 21:45:29 - [TEST_STEP][PASSED] - break: null

2024-11-07 21:45:29 - [TEST_STEP][PASSED] - if (!(FilingYear.isEmpty())): All options with label '2023' are selected in object 'Object Repository/RAD_Pages/TaxTypeFilingYear_Page/select_FilingYear' 

2024-11-07 21:45:29 - [TEST_STEP][PASSED] - selectOptionByLabel(findTestObject(orPath_TaxTypeFilingYear + "/select_FilingYear"), FilingYear, false): All options with label '2023' are selected in object 'Object Repository/RAD_Pages/TaxTypeFilingYear_Page/select_FilingYear' 

2024-11-07 21:45:30 - [MESSAGE][PASSED] - All options with label '2023' are selected in object 'Object Repository/RAD_Pages/TaxTypeFilingYear_Page/select_FilingYear' 

2024-11-07 21:45:30 - [TEST_STEP][PASSED] - if (TaxType.equalsIgnoreCase("Estate Tax")): null

2024-11-07 21:45:30 - [TEST_STEP][PASSED] - else: rad.getSetDataRAD.setDataRADssnAndName is PASSED

2024-11-07 21:45:30 - [TEST_STEP][PASSED] - rad.getSetDataRAD.setDataRADssnAndName(): rad.getSetDataRAD.setDataRADssnAndName is PASSED

2024-11-07 21:45:31 - [MESSAGE][PASSED] - Text 'Jimmy' is set on object 'Object Repository/RAD_Pages/Taxpayer_Page/input_firstName'

2024-11-07 21:45:32 - [MESSAGE][PASSED] - Text 'Davi' is set on object 'Object Repository/RAD_Pages/Taxpayer_Page/input_lastName'

2024-11-07 21:45:32 - [MESSAGE][PASSED] - Text '123450001' is set on object 'Object Repository/RAD_RecordAndPlay/input_concatSSN'

2024-11-07 21:45:33 - [MESSAGE][PASSED] - Text '123450001' is set on object 'Object Repository/RAD_RecordAndPlay/input_concatReSSN'

2024-11-07 21:45:33 - [MESSAGE][PASSED] - rad.getSetDataRAD.setDataRADssnAndName is PASSED

2024-11-07 21:45:33 - [TEST_STEP][PASSED] - rad.getSetDataRAD.setDataRADAddress(): rad.getSetDataRAD.setDataRADAddress is PASSED

2024-11-07 21:45:34 - [MESSAGE][PASSED] - All options with label 'United States' are selected in object 'Object Repository/RAD_Pages/AddressAndContactInfo_Page/select_Country' 

2024-11-07 21:45:35 - [MESSAGE][PASSED] - Text '2508 Mandan Terrace' is set on object 'Object Repository/RAD_Pages/AddressAndContactInfo_Page/input_streetAddress1'

2024-11-07 21:45:36 - [MESSAGE][PASSED] - Text '' is set on object 'Object Repository/RAD_Pages/AddressAndContactInfo_Page/input_streetAddress2'

2024-11-07 21:45:37 - [MESSAGE][PASSED] - Text 'Gambrills' is set on object 'Object Repository/RAD_Pages/AddressAndContactInfo_Page/input_city'

2024-11-07 21:45:37 - [MESSAGE][PASSED] - All options with label 'Maryland' are selected in object 'Object Repository/RAD_Pages/AddressAndContactInfo_Page/select_State' 

2024-11-07 21:45:38 - [MESSAGE][PASSED] - Text '21054' is set on object 'Object Repository/RAD_Pages/AddressAndContactInfo_Page/input_zipCode'

2024-11-07 21:45:39 - [MESSAGE][PASSED] - Text '(703) 894-5000' is set on object 'Object Repository/RAD_Pages/AddressAndContactInfo_Page/input_phoneNumber'

2024-11-07 21:45:40 - [MESSAGE][PASSED] - Text 'iahmed@govolution.com' is set on object 'Object Repository/RAD_Pages/AddressAndContactInfo_Page/input_eMailAddress'

2024-11-07 21:45:41 - [MESSAGE][PASSED] - Text 'iahmed@govolution.com' is set on object 'Object Repository/RAD_Pages/AddressAndContactInfo_Page/input_reEnterEMailAddress'

2024-11-07 21:45:41 - [MESSAGE][PASSED] - rad.getSetDataRAD.setDataRADAddress is PASSED

2024-11-07 21:45:41 - [TEST_STEP][PASSED] - setText(findTestObject(orPath_Amount + "/input__paymentAmount"), "100.00"): Text '100.00' is set on object 'Object Repository/RAD_Pages/PaymentAmount_Page/input__paymentAmount'

2024-11-07 21:45:41 - [MESSAGE][PASSED] - Text '100.00' is set on object 'Object Repository/RAD_Pages/PaymentAmount_Page/input__paymentAmount'

2024-11-07 21:45:41 - [TEST_STEP][PASSED] - setText(findTestObject(orPath_AddressContact + "/input_streetAddress2"), ""): Text '' is set on object 'Object Repository/RAD_Pages/AddressAndContactInfo_Page/input_streetAddress2'

2024-11-07 21:45:42 - [MESSAGE][PASSED] - Text '' is set on object 'Object Repository/RAD_Pages/AddressAndContactInfo_Page/input_streetAddress2'

2024-11-07 21:45:42 - [TEST_STEP][PASSED] - scrollToElement(findTestObject(orPath_Landing + "/button_Continue"), 3): Scroll to object 'Object Repository/RAD_Pages/Landing_Page/button_Continue' successfully

2024-11-07 21:45:42 - [MESSAGE][PASSED] - Scroll to object 'Object Repository/RAD_Pages/Landing_Page/button_Continue' successfully

2024-11-07 21:45:42 - [TEST_STEP][PASSED] - waitForElementClickable(findTestObject(orPath_Landing + "/button_Continue"), 5): Object 'Object Repository/RAD_Pages/Landing_Page/button_Continue' is clickable

2024-11-07 21:45:43 - [MESSAGE][PASSED] - Object 'Object Repository/RAD_Pages/Landing_Page/button_Continue' is clickable

2024-11-07 21:45:43 - [TEST_STEP][PASSED] - click(findTestObject(orPath_Landing + "/button_Continue")): Object: 'Object Repository/RAD_Pages/Landing_Page/button_Continue' is clicked on

2024-11-07 21:45:43 - [MESSAGE][PASSED] - Object: 'Object Repository/RAD_Pages/Landing_Page/button_Continue' is clicked on

2024-11-07 21:45:43 - [TEST_STEP][PASSED] - delay(2): Delayed 2 second(s)

2024-11-07 21:45:45 - [MESSAGE][PASSED] - Delayed 2 second(s)

2024-11-07 21:45:45 - [TEST_STEP][PASSED] - verifyTextPresent("Summary", true): Text 'Summary' is present on page  using regular expression

2024-11-07 21:45:46 - [MESSAGE][PASSED] - Text 'Summary' is present on page  using regular expression

2024-11-07 21:45:46 - [TEST_STEP][PASSED] - verifyTextPresent("Review the information below and make any necessary corrections by clicking the", true): Text 'Review the information below and make any necessary corrections by clicking the' is present on page  using regular expression

2024-11-07 21:45:46 - [MESSAGE][PASSED] - Text 'Review the information below and make any necessary corrections by clicking the' is present on page  using regular expression

2024-11-07 21:45:46 - [TEST_STEP][PASSED] - verifyTextPresent("When you are confident that all the information is correct, click the", true): Text 'When you are confident that all the information is correct, click the' is present on page  using regular expression

2024-11-07 21:45:46 - [MESSAGE][PASSED] - Text 'When you are confident that all the information is correct, click the' is present on page  using regular expression

2024-11-07 21:45:46 - [TEST_STEP][PASSED] - verifyTextPresent("Payment Type/Filing Year", true): Text 'Payment Type/Filing Year' is present on page  using regular expression

2024-11-07 21:45:47 - [MESSAGE][PASSED] - Text 'Payment Type/Filing Year' is present on page  using regular expression

2024-11-07 21:45:47 - [TEST_STEP][PASSED] - verifyTextPresent("Payment Type:", true): Text 'Payment Type:' is present on page  using regular expression

2024-11-07 21:45:47 - [MESSAGE][PASSED] - Text 'Payment Type:' is present on page  using regular expression

2024-11-07 21:45:47 - [TEST_STEP][PASSED] - verifyTextPresent(PaymentType, true): Text 'New Tax Return Amount Due' is present on page  using regular expression

2024-11-07 21:45:47 - [MESSAGE][PASSED] - Text 'New Tax Return Amount Due' is present on page  using regular expression

2024-11-07 21:45:47 - [TEST_STEP][PASSED] - verifyTextPresent("Filing Year:", true): Text 'Filing Year:' is present on page  using regular expression

2024-11-07 21:45:48 - [MESSAGE][PASSED] - Text 'Filing Year:' is present on page  using regular expression

2024-11-07 21:45:48 - [TEST_STEP][PASSED] - verifyTextPresent(FilingYear, true): Text '2023' is present on page  using regular expression

2024-11-07 21:45:48 - [MESSAGE][PASSED] - Text '2023' is present on page  using regular expression

2024-11-07 21:45:48 - [TEST_STEP][PASSED] - verifyTextPresent("Payer Information", true): Text 'Payer Information' is present on page  using regular expression

2024-11-07 21:45:48 - [MESSAGE][PASSED] - Text 'Payer Information' is present on page  using regular expression

2024-11-07 21:45:48 - [TEST_STEP][PASSED] - verifyTextPresent("Taxpayer Name:", true): Text 'Taxpayer Name:' is present on page  using regular expression

2024-11-07 21:45:49 - [MESSAGE][PASSED] - Text 'Taxpayer Name:' is present on page  using regular expression

2024-11-07 21:45:49 - [TEST_STEP][PASSED] - switch (executionProfile): null

2024-11-07 21:45:49 - [TEST_STEP][PASSED] - verifyTextPresent("Taxpayer Address:", true): Text 'Taxpayer Address:' is present on page  using regular expression

2024-11-07 21:45:49 - [MESSAGE][PASSED] - Text 'Taxpayer Address:' is present on page  using regular expression

2024-11-07 21:45:49 - [TEST_STEP][PASSED] - verifyTextPresent("2508 Mandan Terrace Gambrills Maryland 21054", true): Text '2508 Mandan Terrace Gambrills Maryland 21054' is present on page  using regular expression

2024-11-07 21:45:49 - [MESSAGE][PASSED] - Text '2508 Mandan Terrace Gambrills Maryland 21054' is present on page  using regular expression

2024-11-07 21:45:49 - [TEST_STEP][PASSED] - verifyTextPresent("Email:", true): Text 'Email:' is present on page  using regular expression

2024-11-07 21:45:49 - [MESSAGE][PASSED] - Text 'Email:' is present on page  using regular expression

2024-11-07 21:45:49 - [TEST_STEP][PASSED] - verifyTextPresent("iahmed@govolution.com", true): Text 'iahmed@govolution.com' is present on page  using regular expression

2024-11-07 21:45:50 - [MESSAGE][PASSED] - Text 'iahmed@govolution.com' is present on page  using regular expression

2024-11-07 21:45:50 - [TEST_STEP][PASSED] - verifyTextPresent("Phone:", true): Text 'Phone:' is present on page  using regular expression

2024-11-07 21:45:50 - [MESSAGE][PASSED] - Text 'Phone:' is present on page  using regular expression

2024-11-07 21:45:50 - [TEST_STEP][PASSED] - verifyTextPresent("(703) 894-5000", false): Text '(703) 894-5000' is present on page 

2024-11-07 21:45:50 - [MESSAGE][PASSED] - Text '(703) 894-5000' is present on page 

2024-11-07 21:45:50 - [TEST_STEP][PASSED] - verifyTextPresent("Tax Information", true): Text 'Tax Information' is present on page  using regular expression

2024-11-07 21:45:51 - [MESSAGE][PASSED] - Text 'Tax Information' is present on page  using regular expression

2024-11-07 21:45:51 - [TEST_STEP][PASSED] - verifyTextPresent("Payment Amount:", true): Text 'Payment Amount:' is present on page  using regular expression

2024-11-07 21:45:51 - [MESSAGE][PASSED] - Text 'Payment Amount:' is present on page  using regular expression

2024-11-07 21:45:51 - [TEST_STEP][PASSED] - verifyTextPresent("100.00", true): Text '100.00' is present on page  using regular expression

2024-11-07 21:45:51 - [MESSAGE][PASSED] - Text '100.00' is present on page  using regular expression

2024-11-07 21:45:51 - [TEST_STEP][PASSED] - verifyTextNotPresent("Federal EIN:", true): Text 'Federal EIN:' is not present on page using regular expression

2024-11-07 21:45:52 - [MESSAGE][PASSED] - Text 'Federal EIN:' is not present on page using regular expression

2024-11-07 21:45:52 - [TEST_STEP][PASSED] - verifyTextNotPresent("FEIN/SSN:", true): Text 'FEIN/SSN:' is not present on page using regular expression

2024-11-07 21:45:52 - [MESSAGE][PASSED] - Text 'FEIN/SSN:' is not present on page using regular expression

2024-11-07 21:45:52 - [TEST_STEP][PASSED] - if (TaxType.equalsIgnoreCase("Estate Tax")): null

2024-11-07 21:45:52 - [TEST_STEP][PASSED] - else: Text 'Taxpayer SSN:' is present on page  using regular expression

2024-11-07 21:45:52 - [TEST_STEP][PASSED] - verifyTextPresent("Taxpayer SSN:", true): Text 'Taxpayer SSN:' is present on page  using regular expression

2024-11-07 21:45:52 - [MESSAGE][PASSED] - Text 'Taxpayer SSN:' is present on page  using regular expression

2024-11-07 21:45:52 - [TEST_STEP][PASSED] - if (verifyElementVisible(findTestObject(orPath_Summary + "/button_Proceed to Payment"))): null

2024-11-07 21:45:53 - [MESSAGE][PASSED] - Object 'Object Repository/RAD_Pages/Summary_Page/button_Proceed to Payment' is visible

2024-11-07 21:45:53 - [TEST_STEP][PASSED] - resText = "Pass": null

2024-11-07 21:45:53 - [TEST_STEP][PASSED] - pages.WriteExcel.demoKey(resText, datText, resColumn, datCloumn, fileLoc, nameSheet, row): pages.WriteExcel.demoKey is PASSED

2024-11-07 21:45:53 - [MESSAGE][PASSED] - pages.WriteExcel.demoKey is PASSED

2024-11-07 21:45:53 - [TEST_STEP][PASSED] - click(findTestObject(orPath_Summary + "/button_Proceed to Payment")): Object: 'Object Repository/RAD_Pages/Summary_Page/button_Proceed to Payment' is clicked on

2024-11-07 21:45:54 - [MESSAGE][PASSED] - Object: 'Object Repository/RAD_Pages/Summary_Page/button_Proceed to Payment' is clicked on

2024-11-07 21:45:54 - [TEST_STEP][FAILED] - verifyElementPresent(findTestObject("Object Repository/RAD_Pages/PaymentEntry_Page/input__billingName"), 30): com.kms.katalon.core.webui.exception.WebElementNotFoundException: Web element with id: 'Object Repository/RAD_Pages/PaymentEntry_Page/input__billingName' located by '//*[@type = 'text' and @name = 'billingName' and @id = 'billingName']' not found (Root cause: com.kms.katalon.core.exception.StepFailedException: com.kms.katalon.core.webui.exception.WebElementNotFoundException: Web element with id: 'Object Repository/RAD_Pages/PaymentEntry_Page/input__billingName' located by '//*[@type = 'text' and @name = 'billingName' and @id = 'billingName']' not found
	at com.kms.katalon.core.webui.keyword.internal.WebUIKeywordMain.stepFailed(WebUIKeywordMain.groovy:64)
	at com.kms.katalon.core.webui.keyword.builtin.VerifyElementPresentKeyword$_verifyElementPresent_closure1.doCall(VerifyElementPresentKeyword.groovy:85)
	at com.kms.katalon.core.webui.keyword.builtin.VerifyElementPresentKeyword$_verifyElementPresent_closure1.call(VerifyElementPresentKeyword.groovy)
	at com.kms.katalon.core.webui.keyword.internal.WebUIKeywordMain.runKeyword(WebUIKeywordMain.groovy:20)
	at com.kms.katalon.core.webui.keyword.builtin.VerifyElementPresentKeyword.verifyElementPresent(VerifyElementPresentKeyword.groovy:92)
	at com.kms.katalon.core.webui.keyword.builtin.VerifyElementPresentKeyword.execute(VerifyElementPresentKeyword.groovy:68)
	at com.kms.katalon.core.keyword.internal.KeywordExecutor.executeKeywordForPlatform(KeywordExecutor.groovy:74)
	at com.kms.katalon.core.webui.keyword.WebUiBuiltInKeywords.verifyElementPresent(WebUiBuiltInKeywords.groovy:1464)
	at com.kms.katalon.core.webui.keyword.WebUiBuiltInKeywords$verifyElementPresent$11.call(Unknown Source)
	at Personal_Individual_Summary_TC.run(Personal_Individual_Summary_TC:242)
	at com.kms.katalon.core.main.ScriptEngine.run(ScriptEngine.java:194)
	at com.kms.katalon.core.main.ScriptEngine.runScriptAsRawText(ScriptEngine.java:119)
	at com.kms.katalon.core.main.TestCaseExecutor.runScript(TestCaseExecutor.java:448)
	at com.kms.katalon.core.main.TestCaseExecutor.doExecute(TestCaseExecutor.java:439)
	at com.kms.katalon.core.main.TestCaseExecutor.processExecutionPhase(TestCaseExecutor.java:418)
	at com.kms.katalon.core.main.TestCaseExecutor.accessMainPhase(TestCaseExecutor.java:410)
	at com.kms.katalon.core.main.TestCaseExecutor.execute(TestCaseExecutor.java:285)
	at com.kms.katalon.core.common.CommonExecutor.accessTestCaseMainPhase(CommonExecutor.java:65)
	at com.kms.katalon.core.main.TestSuiteExecutor.accessTestSuiteMainPhase(TestSuiteExecutor.java:148)
	at com.kms.katalon.core.main.TestSuiteExecutor.execute(TestSuiteExecutor.java:106)
	at com.kms.katalon.core.main.TestCaseMain.startTestSuite(TestCaseMain.java:187)
	at com.kms.katalon.core.main.TestCaseMain$startTestSuite$0.call(Unknown Source)
	at TempTestSuite1731030484036.run(TempTestSuite1731030484036.groovy:35)
)

2024-11-07 21:46:25 - [MESSAGE][INFO] - Unable to find the element located by 'By.xpath: //*[@type = 'text' and @name = 'billingName' and @id = 'billingName']'. Please recheck the objects properties to make sure the desired element is located. 

2024-11-07 21:46:25 - [MESSAGE][FAILED] - com.kms.katalon.core.webui.exception.WebElementNotFoundException: Web element with id: 'Object Repository/RAD_Pages/PaymentEntry_Page/input__billingName' located by '//*[@type = 'text' and @name = 'billingName' and @id = 'billingName']' not found (Root cause: com.kms.katalon.core.exception.StepFailedException: com.kms.katalon.core.webui.exception.WebElementNotFoundException: Web element with id: 'Object Repository/RAD_Pages/PaymentEntry_Page/input__billingName' located by '//*[@type = 'text' and @name = 'billingName' and @id = 'billingName']' not found
	at com.kms.katalon.core.webui.keyword.internal.WebUIKeywordMain.stepFailed(WebUIKeywordMain.groovy:64)
	at com.kms.katalon.core.webui.keyword.builtin.VerifyElementPresentKeyword$_verifyElementPresent_closure1.doCall(VerifyElementPresentKeyword.groovy:85)
	at com.kms.katalon.core.webui.keyword.builtin.VerifyElementPresentKeyword$_verifyElementPresent_closure1.call(VerifyElementPresentKeyword.groovy)
	at com.kms.katalon.core.webui.keyword.internal.WebUIKeywordMain.runKeyword(WebUIKeywordMain.groovy:20)
	at com.kms.katalon.core.webui.keyword.builtin.VerifyElementPresentKeyword.verifyElementPresent(VerifyElementPresentKeyword.groovy:92)
	at com.kms.katalon.core.webui.keyword.builtin.VerifyElementPresentKeyword.execute(VerifyElementPresentKeyword.groovy:68)
	at com.kms.katalon.core.keyword.internal.KeywordExecutor.executeKeywordForPlatform(KeywordExecutor.groovy:74)
	at com.kms.katalon.core.webui.keyword.WebUiBuiltInKeywords.verifyElementPresent(WebUiBuiltInKeywords.groovy:1464)
	at com.kms.katalon.core.webui.keyword.WebUiBuiltInKeywords$verifyElementPresent$11.call(Unknown Source)
	at Personal_Individual_Summary_TC.run(Personal_Individual_Summary_TC:242)
	at com.kms.katalon.core.main.ScriptEngine.run(ScriptEngine.java:194)
	at com.kms.katalon.core.main.ScriptEngine.runScriptAsRawText(ScriptEngine.java:119)
	at com.kms.katalon.core.main.TestCaseExecutor.runScript(TestCaseExecutor.java:448)
	at com.kms.katalon.core.main.TestCaseExecutor.doExecute(TestCaseExecutor.java:439)
	at com.kms.katalon.core.main.TestCaseExecutor.processExecutionPhase(TestCaseExecutor.java:418)
	at com.kms.katalon.core.main.TestCaseExecutor.accessMainPhase(TestCaseExecutor.java:410)
	at com.kms.katalon.core.main.TestCaseExecutor.execute(TestCaseExecutor.java:285)
	at com.kms.katalon.core.common.CommonExecutor.accessTestCaseMainPhase(CommonExecutor.java:65)
	at com.kms.katalon.core.main.TestSuiteExecutor.accessTestSuiteMainPhase(TestSuiteExecutor.java:148)
	at com.kms.katalon.core.main.TestSuiteExecutor.execute(TestSuiteExecutor.java:106)
	at com.kms.katalon.core.main.TestCaseMain.startTestSuite(TestCaseMain.java:187)
	at com.kms.katalon.core.main.TestCaseMain$startTestSuite$0.call(Unknown Source)
	at TempTestSuite1731030484036.run(TempTestSuite1731030484036.groovy:35)
)
[[ATTACHMENT|E:\\Cloned-Project-Katalon\\VPS-Katalon\\Reports\\20241107_204804\\RAD_TestSuite\\RAD_UI_TestSuite\\20241107_204804\\1731033985579.png]]

2024-11-07 21:46:25 - [TEST_STEP][PASSED] - ExecuteTC = findTestData(dataFile).getValue("Execute", row): null

2024-11-07 21:46:25 - [TEST_STEP][PASSED] - TaxType = findTestData(dataFile).getValue("TaxType", row): null

2024-11-07 21:46:26 - [TEST_STEP][PASSED] - PaymentType = findTestData(dataFile).getValue("PaymentType", row): null

2024-11-07 21:46:26 - [TEST_STEP][PASSED] - FilingYear = findTestData(dataFile).getValue("Year", row): null

2024-11-07 21:46:26 - [TEST_STEP][FAILED] - if (ExecuteTC.equalsIgnoreCase("Y")): com.kms.katalon.core.webui.exception.WebElementNotFoundException: Web element with id: 'Object Repository/RAD_Pages/PaymentEntry_Page/input__billingName' located by '//*[@type = 'text' and @name = 'billingName' and @id = 'billingName']' not found (Root cause: com.kms.katalon.core.exception.StepFailedException: com.kms.katalon.core.webui.exception.WebElementNotFoundException: Web element with id: 'Object Repository/RAD_Pages/PaymentEntry_Page/input__billingName' located by '//*[@type = 'text' and @name = 'billingName' and @id = 'billingName']' not found
	at com.kms.katalon.core.webui.keyword.internal.WebUIKeywordMain.stepFailed(WebUIKeywordMain.groovy:64)
	at com.kms.katalon.core.webui.keyword.builtin.VerifyElementPresentKeyword$_verifyElementPresent_closure1.doCall(VerifyElementPresentKeyword.groovy:85)
	at com.kms.katalon.core.webui.keyword.builtin.VerifyElementPresentKeyword$_verifyElementPresent_closure1.call(VerifyElementPresentKeyword.groovy)
	at com.kms.katalon.core.webui.keyword.internal.WebUIKeywordMain.runKeyword(WebUIKeywordMain.groovy:20)
	at com.kms.katalon.core.webui.keyword.builtin.VerifyElementPresentKeyword.verifyElementPresent(VerifyElementPresentKeyword.groovy:92)
	at com.kms.katalon.core.webui.keyword.builtin.VerifyElementPresentKeyword.execute(VerifyElementPresentKeyword.groovy:68)
	at com.kms.katalon.core.keyword.internal.KeywordExecutor.executeKeywordForPlatform(KeywordExecutor.groovy:74)
	at com.kms.katalon.core.webui.keyword.WebUiBuiltInKeywords.verifyElementPresent(WebUiBuiltInKeywords.groovy:1464)
	at com.kms.katalon.core.webui.keyword.WebUiBuiltInKeywords$verifyElementPresent$11.call(Unknown Source)
	at Personal_Individual_Summary_TC.run(Personal_Individual_Summary_TC:242)
	at com.kms.katalon.core.main.ScriptEngine.run(ScriptEngine.java:194)
	at com.kms.katalon.core.main.ScriptEngine.runScriptAsRawText(ScriptEngine.java:119)
	at com.kms.katalon.core.main.TestCaseExecutor.runScript(TestCaseExecutor.java:448)
	at com.kms.katalon.core.main.TestCaseExecutor.doExecute(TestCaseExecutor.java:439)
	at com.kms.katalon.core.main.TestCaseExecutor.processExecutionPhase(TestCaseExecutor.java:418)
	at com.kms.katalon.core.main.TestCaseExecutor.accessMainPhase(TestCaseExecutor.java:410)
	at com.kms.katalon.core.main.TestCaseExecutor.execute(TestCaseExecutor.java:285)
	at com.kms.katalon.core.common.CommonExecutor.accessTestCaseMainPhase(CommonExecutor.java:65)
	at com.kms.katalon.core.main.TestSuiteExecutor.accessTestSuiteMainPhase(TestSuiteExecutor.java:148)
	at com.kms.katalon.core.main.TestSuiteExecutor.execute(TestSuiteExecutor.java:106)
	at com.kms.katalon.core.main.TestCaseMain.startTestSuite(TestCaseMain.java:187)
	at com.kms.katalon.core.main.TestCaseMain$startTestSuite$0.call(Unknown Source)
	at TempTestSuite1731030484036.run(TempTestSuite1731030484036.groovy:35)
)

2024-11-07 21:46:26 - [TEST_STEP][PASSED] - out.println("Begin Record Number: " + row): null

2024-11-07 21:46:26 - [TEST_STEP][PASSED] - today = new java.util.Date(): null

2024-11-07 21:46:26 - [TEST_STEP][PASSED] - println(today): null

2024-11-07 21:46:26 - [TEST_STEP][PASSED] - datText = today: null

2024-11-07 21:46:26 - [TEST_STEP][PASSED] - logInfo("Payment Type: " + PaymentType): Payment Type: New Tax Return Amount Due

2024-11-07 21:46:26 - [MESSAGE][INFO] - Payment Type: New Tax Return Amount Due

2024-11-07 21:46:26 - [TEST_STEP][PASSED] - logInfo("Tax Type: " + TaxType): Tax Type: Personal Income Tax

2024-11-07 21:46:26 - [MESSAGE][INFO] - Tax Type: Personal Income Tax

2024-11-07 21:46:26 - [TEST_STEP][PASSED] - openBrowser(""): Browser is opened with url: ''

2024-11-07 21:46:26 - [MESSAGE][WARNING] - A browser is already opened. Closing browser and opening a new one

2024-11-07 21:46:27 - [MESSAGE][INFO] - Starting 'Chrome' driver

2024-11-07 21:46:27 - [MESSAGE][INFO] - User set preference: ['acceptInsecureCerts', 'true']

2024-11-07 21:46:27 - [MESSAGE][INFO] - Action delay is set to 0 milliseconds

2024-11-07 21:46:30 - [MESSAGE][PASSED] - Browser is opened with url: ''

2024-11-07 21:46:30 - [TEST_STEP][PASSED] - maximizeWindow(): Current window maximized

2024-11-07 21:46:30 - [MESSAGE][PASSED] - Current window maximized

2024-11-07 21:46:30 - [TEST_STEP][PASSED] - navigateToUrl(RADurl): Navigate to 'https://www.velocitypayment.com/client/rad/index.html' successfully

2024-11-07 21:46:32 - [MESSAGE][PASSED] - Navigate to 'https://www.velocitypayment.com/client/rad/index.html' successfully

2024-11-07 21:46:32 - [TEST_STEP][PASSED] - selectOptionByLabel(findTestObject(orPath_Landing + "/dd_TaxType"), PaymentType, false): All options with label 'New Tax Return Amount Due' are selected in object 'Object Repository/RAD_Pages/Landing_Page/dd_TaxType' 

2024-11-07 21:46:33 - [MESSAGE][PASSED] - All options with label 'New Tax Return Amount Due' are selected in object 'Object Repository/RAD_Pages/Landing_Page/dd_TaxType' 

2024-11-07 21:46:33 - [TEST_STEP][PASSED] - switch (PaymentType): null

2024-11-07 21:46:33 - [TEST_STEP][PASSED] - case "New Tax Return Amount Due":: null

2024-11-07 21:46:33 - [TEST_STEP][PASSED] - selectOptionByLabel(findTestObject("Object Repository/RAD_Pages/Landing_Page/select_NewTaxReturnAmountDue_TaxType"), TaxType, false): All options with label 'Personal Income Tax' are selected in object 'Object Repository/RAD_Pages/Landing_Page/select_NewTaxReturnAmountDue_TaxType' 

2024-11-07 21:46:33 - [MESSAGE][PASSED] - All options with label 'Personal Income Tax' are selected in object 'Object Repository/RAD_Pages/Landing_Page/select_NewTaxReturnAmountDue_TaxType' 

2024-11-07 21:46:33 - [TEST_STEP][PASSED] - break: null

2024-11-07 21:46:33 - [TEST_STEP][PASSED] - if (!(FilingYear.isEmpty())): All options with label '2022' are selected in object 'Object Repository/RAD_Pages/TaxTypeFilingYear_Page/select_FilingYear' 

2024-11-07 21:46:33 - [TEST_STEP][PASSED] - selectOptionByLabel(findTestObject(orPath_TaxTypeFilingYear + "/select_FilingYear"), FilingYear, false): All options with label '2022' are selected in object 'Object Repository/RAD_Pages/TaxTypeFilingYear_Page/select_FilingYear' 

2024-11-07 21:46:34 - [MESSAGE][PASSED] - All options with label '2022' are selected in object 'Object Repository/RAD_Pages/TaxTypeFilingYear_Page/select_FilingYear' 

2024-11-07 21:46:34 - [TEST_STEP][PASSED] - if (TaxType.equalsIgnoreCase("Estate Tax")): null

2024-11-07 21:46:34 - [TEST_STEP][PASSED] - else: rad.getSetDataRAD.setDataRADssnAndName is PASSED

2024-11-07 21:46:34 - [TEST_STEP][PASSED] - rad.getSetDataRAD.setDataRADssnAndName(): rad.getSetDataRAD.setDataRADssnAndName is PASSED

2024-11-07 21:46:35 - [MESSAGE][PASSED] - Text 'Jimmy' is set on object 'Object Repository/RAD_Pages/Taxpayer_Page/input_firstName'

2024-11-07 21:46:36 - [MESSAGE][PASSED] - Text 'Davi' is set on object 'Object Repository/RAD_Pages/Taxpayer_Page/input_lastName'

2024-11-07 21:46:36 - [MESSAGE][PASSED] - Text '123450001' is set on object 'Object Repository/RAD_RecordAndPlay/input_concatSSN'

2024-11-07 21:46:37 - [MESSAGE][PASSED] - Text '123450001' is set on object 'Object Repository/RAD_RecordAndPlay/input_concatReSSN'

2024-11-07 21:46:37 - [MESSAGE][PASSED] - rad.getSetDataRAD.setDataRADssnAndName is PASSED

2024-11-07 21:46:37 - [TEST_STEP][PASSED] - rad.getSetDataRAD.setDataRADAddress(): rad.getSetDataRAD.setDataRADAddress is PASSED

2024-11-07 21:46:39 - [MESSAGE][PASSED] - All options with label 'United States' are selected in object 'Object Repository/RAD_Pages/AddressAndContactInfo_Page/select_Country' 

2024-11-07 21:46:39 - [MESSAGE][PASSED] - Text '2508 Mandan Terrace' is set on object 'Object Repository/RAD_Pages/AddressAndContactInfo_Page/input_streetAddress1'

2024-11-07 21:46:40 - [MESSAGE][PASSED] - Text '' is set on object 'Object Repository/RAD_Pages/AddressAndContactInfo_Page/input_streetAddress2'

2024-11-07 21:46:41 - [MESSAGE][PASSED] - Text 'Gambrills' is set on object 'Object Repository/RAD_Pages/AddressAndContactInfo_Page/input_city'

2024-11-07 21:46:42 - [MESSAGE][PASSED] - All options with label 'Maryland' are selected in object 'Object Repository/RAD_Pages/AddressAndContactInfo_Page/select_State' 

2024-11-07 21:46:42 - [MESSAGE][PASSED] - Text '21054' is set on object 'Object Repository/RAD_Pages/AddressAndContactInfo_Page/input_zipCode'

2024-11-07 21:46:43 - [MESSAGE][PASSED] - Text '(703) 894-5000' is set on object 'Object Repository/RAD_Pages/AddressAndContactInfo_Page/input_phoneNumber'

2024-11-07 21:46:44 - [MESSAGE][PASSED] - Text 'iahmed@govolution.com' is set on object 'Object Repository/RAD_Pages/AddressAndContactInfo_Page/input_eMailAddress'

2024-11-07 21:46:45 - [MESSAGE][PASSED] - Text 'iahmed@govolution.com' is set on object 'Object Repository/RAD_Pages/AddressAndContactInfo_Page/input_reEnterEMailAddress'

2024-11-07 21:46:45 - [MESSAGE][PASSED] - rad.getSetDataRAD.setDataRADAddress is PASSED

2024-11-07 21:46:45 - [TEST_STEP][PASSED] - setText(findTestObject(orPath_Amount + "/input__paymentAmount"), "100.00"): Text '100.00' is set on object 'Object Repository/RAD_Pages/PaymentAmount_Page/input__paymentAmount'

2024-11-07 21:46:46 - [MESSAGE][PASSED] - Text '100.00' is set on object 'Object Repository/RAD_Pages/PaymentAmount_Page/input__paymentAmount'

2024-11-07 21:46:46 - [TEST_STEP][PASSED] - setText(findTestObject(orPath_AddressContact + "/input_streetAddress2"), ""): Text '' is set on object 'Object Repository/RAD_Pages/AddressAndContactInfo_Page/input_streetAddress2'

2024-11-07 21:46:47 - [MESSAGE][PASSED] - Text '' is set on object 'Object Repository/RAD_Pages/AddressAndContactInfo_Page/input_streetAddress2'

2024-11-07 21:46:47 - [TEST_STEP][PASSED] - scrollToElement(findTestObject(orPath_Landing + "/button_Continue"), 3): Scroll to object 'Object Repository/RAD_Pages/Landing_Page/button_Continue' successfully

2024-11-07 21:46:47 - [MESSAGE][PASSED] - Scroll to object 'Object Repository/RAD_Pages/Landing_Page/button_Continue' successfully

2024-11-07 21:46:47 - [TEST_STEP][PASSED] - waitForElementClickable(findTestObject(orPath_Landing + "/button_Continue"), 5): Object 'Object Repository/RAD_Pages/Landing_Page/button_Continue' is clickable

2024-11-07 21:46:48 - [MESSAGE][PASSED] - Object 'Object Repository/RAD_Pages/Landing_Page/button_Continue' is clickable

2024-11-07 21:46:48 - [TEST_STEP][PASSED] - click(findTestObject(orPath_Landing + "/button_Continue")): Object: 'Object Repository/RAD_Pages/Landing_Page/button_Continue' is clicked on

2024-11-07 21:46:48 - [MESSAGE][PASSED] - Object: 'Object Repository/RAD_Pages/Landing_Page/button_Continue' is clicked on

2024-11-07 21:46:48 - [TEST_STEP][PASSED] - delay(2): Delayed 2 second(s)

2024-11-07 21:46:50 - [MESSAGE][PASSED] - Delayed 2 second(s)

2024-11-07 21:46:50 - [TEST_STEP][PASSED] - verifyTextPresent("Summary", true): Text 'Summary' is present on page  using regular expression

2024-11-07 21:46:50 - [MESSAGE][PASSED] - Text 'Summary' is present on page  using regular expression

2024-11-07 21:46:50 - [TEST_STEP][PASSED] - verifyTextPresent("Review the information below and make any necessary corrections by clicking the", true): Text 'Review the information below and make any necessary corrections by clicking the' is present on page  using regular expression

2024-11-07 21:46:51 - [MESSAGE][PASSED] - Text 'Review the information below and make any necessary corrections by clicking the' is present on page  using regular expression

2024-11-07 21:46:51 - [TEST_STEP][PASSED] - verifyTextPresent("When you are confident that all the information is correct, click the", true): Text 'When you are confident that all the information is correct, click the' is present on page  using regular expression

2024-11-07 21:46:51 - [MESSAGE][PASSED] - Text 'When you are confident that all the information is correct, click the' is present on page  using regular expression

2024-11-07 21:46:51 - [TEST_STEP][PASSED] - verifyTextPresent("Payment Type/Filing Year", true): Text 'Payment Type/Filing Year' is present on page  using regular expression

2024-11-07 21:46:51 - [MESSAGE][PASSED] - Text 'Payment Type/Filing Year' is present on page  using regular expression

2024-11-07 21:46:51 - [TEST_STEP][PASSED] - verifyTextPresent("Payment Type:", true): Text 'Payment Type:' is present on page  using regular expression

2024-11-07 21:46:52 - [MESSAGE][PASSED] - Text 'Payment Type:' is present on page  using regular expression

2024-11-07 21:46:52 - [TEST_STEP][PASSED] - verifyTextPresent(PaymentType, true): Text 'New Tax Return Amount Due' is present on page  using regular expression

2024-11-07 21:46:52 - [MESSAGE][PASSED] - Text 'New Tax Return Amount Due' is present on page  using regular expression

2024-11-07 21:46:52 - [TEST_STEP][PASSED] - verifyTextPresent("Filing Year:", true): Text 'Filing Year:' is present on page  using regular expression

2024-11-07 21:46:52 - [MESSAGE][PASSED] - Text 'Filing Year:' is present on page  using regular expression

2024-11-07 21:46:52 - [TEST_STEP][PASSED] - verifyTextPresent(FilingYear, true): Text '2022' is present on page  using regular expression

2024-11-07 21:46:53 - [MESSAGE][PASSED] - Text '2022' is present on page  using regular expression

2024-11-07 21:46:53 - [TEST_STEP][PASSED] - verifyTextPresent("Payer Information", true): Text 'Payer Information' is present on page  using regular expression

2024-11-07 21:46:53 - [MESSAGE][PASSED] - Text 'Payer Information' is present on page  using regular expression

2024-11-07 21:46:53 - [TEST_STEP][PASSED] - verifyTextPresent("Taxpayer Name:", true): Text 'Taxpayer Name:' is present on page  using regular expression

2024-11-07 21:46:53 - [MESSAGE][PASSED] - Text 'Taxpayer Name:' is present on page  using regular expression

2024-11-07 21:46:53 - [TEST_STEP][PASSED] - switch (executionProfile): null

2024-11-07 21:46:53 - [TEST_STEP][PASSED] - verifyTextPresent("Taxpayer Address:", true): Text 'Taxpayer Address:' is present on page  using regular expression

2024-11-07 21:46:54 - [MESSAGE][PASSED] - Text 'Taxpayer Address:' is present on page  using regular expression

2024-11-07 21:46:54 - [TEST_STEP][PASSED] - verifyTextPresent("2508 Mandan Terrace Gambrills Maryland 21054", true): Text '2508 Mandan Terrace Gambrills Maryland 21054' is present on page  using regular expression

2024-11-07 21:46:54 - [MESSAGE][PASSED] - Text '2508 Mandan Terrace Gambrills Maryland 21054' is present on page  using regular expression

2024-11-07 21:46:54 - [TEST_STEP][PASSED] - verifyTextPresent("Email:", true): Text 'Email:' is present on page  using regular expression

2024-11-07 21:46:54 - [MESSAGE][PASSED] - Text 'Email:' is present on page  using regular expression

2024-11-07 21:46:54 - [TEST_STEP][PASSED] - verifyTextPresent("iahmed@govolution.com", true): Text 'iahmed@govolution.com' is present on page  using regular expression

2024-11-07 21:46:55 - [MESSAGE][PASSED] - Text 'iahmed@govolution.com' is present on page  using regular expression

2024-11-07 21:46:55 - [TEST_STEP][PASSED] - verifyTextPresent("Phone:", true): Text 'Phone:' is present on page  using regular expression

2024-11-07 21:46:55 - [MESSAGE][PASSED] - Text 'Phone:' is present on page  using regular expression

2024-11-07 21:46:55 - [TEST_STEP][PASSED] - verifyTextPresent("(703) 894-5000", false): Text '(703) 894-5000' is present on page 

2024-11-07 21:46:55 - [MESSAGE][PASSED] - Text '(703) 894-5000' is present on page 

2024-11-07 21:46:55 - [TEST_STEP][PASSED] - verifyTextPresent("Tax Information", true): Text 'Tax Information' is present on page  using regular expression

2024-11-07 21:46:56 - [MESSAGE][PASSED] - Text 'Tax Information' is present on page  using regular expression

2024-11-07 21:46:56 - [TEST_STEP][PASSED] - verifyTextPresent("Payment Amount:", true): Text 'Payment Amount:' is present on page  using regular expression

2024-11-07 21:46:56 - [MESSAGE][PASSED] - Text 'Payment Amount:' is present on page  using regular expression

2024-11-07 21:46:56 - [TEST_STEP][PASSED] - verifyTextPresent("100.00", true): Text '100.00' is present on page  using regular expression

2024-11-07 21:46:56 - [MESSAGE][PASSED] - Text '100.00' is present on page  using regular expression

2024-11-07 21:46:56 - [TEST_STEP][PASSED] - verifyTextNotPresent("Federal EIN:", true): Text 'Federal EIN:' is not present on page using regular expression

2024-11-07 21:46:57 - [MESSAGE][PASSED] - Text 'Federal EIN:' is not present on page using regular expression

2024-11-07 21:46:57 - [TEST_STEP][PASSED] - verifyTextNotPresent("FEIN/SSN:", true): Text 'FEIN/SSN:' is not present on page using regular expression

2024-11-07 21:46:57 - [MESSAGE][PASSED] - Text 'FEIN/SSN:' is not present on page using regular expression

2024-11-07 21:46:57 - [TEST_STEP][PASSED] - if (TaxType.equalsIgnoreCase("Estate Tax")): null

2024-11-07 21:46:57 - [TEST_STEP][PASSED] - else: Text 'Taxpayer SSN:' is present on page  using regular expression

2024-11-07 21:46:57 - [TEST_STEP][PASSED] - verifyTextPresent("Taxpayer SSN:", true): Text 'Taxpayer SSN:' is present on page  using regular expression

2024-11-07 21:46:57 - [MESSAGE][PASSED] - Text 'Taxpayer SSN:' is present on page  using regular expression

2024-11-07 21:46:57 - [TEST_STEP][PASSED] - if (verifyElementVisible(findTestObject(orPath_Summary + "/button_Proceed to Payment"))): null

2024-11-07 21:46:58 - [MESSAGE][PASSED] - Object 'Object Repository/RAD_Pages/Summary_Page/button_Proceed to Payment' is visible

2024-11-07 21:46:58 - [TEST_STEP][PASSED] - resText = "Pass": null

2024-11-07 21:46:58 - [TEST_STEP][PASSED] - pages.WriteExcel.demoKey(resText, datText, resColumn, datCloumn, fileLoc, nameSheet, row): pages.WriteExcel.demoKey is PASSED

2024-11-07 21:46:58 - [MESSAGE][PASSED] - pages.WriteExcel.demoKey is PASSED

2024-11-07 21:46:58 - [TEST_STEP][PASSED] - click(findTestObject(orPath_Summary + "/button_Proceed to Payment")): Object: 'Object Repository/RAD_Pages/Summary_Page/button_Proceed to Payment' is clicked on

2024-11-07 21:46:59 - [MESSAGE][PASSED] - Object: 'Object Repository/RAD_Pages/Summary_Page/button_Proceed to Payment' is clicked on

2024-11-07 21:46:59 - [TEST_STEP][FAILED] - verifyElementPresent(findTestObject("Object Repository/RAD_Pages/PaymentEntry_Page/input__billingName"), 30): com.kms.katalon.core.webui.exception.WebElementNotFoundException: Web element with id: 'Object Repository/RAD_Pages/PaymentEntry_Page/input__billingName' located by '//*[@type = 'text' and @name = 'billingName' and @id = 'billingName']' not found (Root cause: com.kms.katalon.core.exception.StepFailedException: com.kms.katalon.core.webui.exception.WebElementNotFoundException: Web element with id: 'Object Repository/RAD_Pages/PaymentEntry_Page/input__billingName' located by '//*[@type = 'text' and @name = 'billingName' and @id = 'billingName']' not found
	at com.kms.katalon.core.webui.keyword.internal.WebUIKeywordMain.stepFailed(WebUIKeywordMain.groovy:64)
	at com.kms.katalon.core.webui.keyword.builtin.VerifyElementPresentKeyword$_verifyElementPresent_closure1.doCall(VerifyElementPresentKeyword.groovy:85)
	at com.kms.katalon.core.webui.keyword.builtin.VerifyElementPresentKeyword$_verifyElementPresent_closure1.call(VerifyElementPresentKeyword.groovy)
	at com.kms.katalon.core.webui.keyword.internal.WebUIKeywordMain.runKeyword(WebUIKeywordMain.groovy:20)
	at com.kms.katalon.core.webui.keyword.builtin.VerifyElementPresentKeyword.verifyElementPresent(VerifyElementPresentKeyword.groovy:92)
	at com.kms.katalon.core.webui.keyword.builtin.VerifyElementPresentKeyword.execute(VerifyElementPresentKeyword.groovy:68)
	at com.kms.katalon.core.keyword.internal.KeywordExecutor.executeKeywordForPlatform(KeywordExecutor.groovy:74)
	at com.kms.katalon.core.webui.keyword.WebUiBuiltInKeywords.verifyElementPresent(WebUiBuiltInKeywords.groovy:1464)
	at com.kms.katalon.core.webui.keyword.WebUiBuiltInKeywords$verifyElementPresent$11.call(Unknown Source)
	at Personal_Individual_Summary_TC.run(Personal_Individual_Summary_TC:242)
	at com.kms.katalon.core.main.ScriptEngine.run(ScriptEngine.java:194)
	at com.kms.katalon.core.main.ScriptEngine.runScriptAsRawText(ScriptEngine.java:119)
	at com.kms.katalon.core.main.TestCaseExecutor.runScript(TestCaseExecutor.java:448)
	at com.kms.katalon.core.main.TestCaseExecutor.doExecute(TestCaseExecutor.java:439)
	at com.kms.katalon.core.main.TestCaseExecutor.processExecutionPhase(TestCaseExecutor.java:418)
	at com.kms.katalon.core.main.TestCaseExecutor.accessMainPhase(TestCaseExecutor.java:410)
	at com.kms.katalon.core.main.TestCaseExecutor.execute(TestCaseExecutor.java:285)
	at com.kms.katalon.core.common.CommonExecutor.accessTestCaseMainPhase(CommonExecutor.java:65)
	at com.kms.katalon.core.main.TestSuiteExecutor.accessTestSuiteMainPhase(TestSuiteExecutor.java:148)
	at com.kms.katalon.core.main.TestSuiteExecutor.execute(TestSuiteExecutor.java:106)
	at com.kms.katalon.core.main.TestCaseMain.startTestSuite(TestCaseMain.java:187)
	at com.kms.katalon.core.main.TestCaseMain$startTestSuite$0.call(Unknown Source)
	at TempTestSuite1731030484036.run(TempTestSuite1731030484036.groovy:35)
)

2024-11-07 21:47:30 - [MESSAGE][INFO] - Unable to find the element located by 'By.xpath: //*[@type = 'text' and @name = 'billingName' and @id = 'billingName']'. Please recheck the objects properties to make sure the desired element is located. 

2024-11-07 21:47:30 - [MESSAGE][FAILED] - com.kms.katalon.core.webui.exception.WebElementNotFoundException: Web element with id: 'Object Repository/RAD_Pages/PaymentEntry_Page/input__billingName' located by '//*[@type = 'text' and @name = 'billingName' and @id = 'billingName']' not found (Root cause: com.kms.katalon.core.exception.StepFailedException: com.kms.katalon.core.webui.exception.WebElementNotFoundException: Web element with id: 'Object Repository/RAD_Pages/PaymentEntry_Page/input__billingName' located by '//*[@type = 'text' and @name = 'billingName' and @id = 'billingName']' not found
	at com.kms.katalon.core.webui.keyword.internal.WebUIKeywordMain.stepFailed(WebUIKeywordMain.groovy:64)
	at com.kms.katalon.core.webui.keyword.builtin.VerifyElementPresentKeyword$_verifyElementPresent_closure1.doCall(VerifyElementPresentKeyword.groovy:85)
	at com.kms.katalon.core.webui.keyword.builtin.VerifyElementPresentKeyword$_verifyElementPresent_closure1.call(VerifyElementPresentKeyword.groovy)
	at com.kms.katalon.core.webui.keyword.internal.WebUIKeywordMain.runKeyword(WebUIKeywordMain.groovy:20)
	at com.kms.katalon.core.webui.keyword.builtin.VerifyElementPresentKeyword.verifyElementPresent(VerifyElementPresentKeyword.groovy:92)
	at com.kms.katalon.core.webui.keyword.builtin.VerifyElementPresentKeyword.execute(VerifyElementPresentKeyword.groovy:68)
	at com.kms.katalon.core.keyword.internal.KeywordExecutor.executeKeywordForPlatform(KeywordExecutor.groovy:74)
	at com.kms.katalon.core.webui.keyword.WebUiBuiltInKeywords.verifyElementPresent(WebUiBuiltInKeywords.groovy:1464)
	at com.kms.katalon.core.webui.keyword.WebUiBuiltInKeywords$verifyElementPresent$11.call(Unknown Source)
	at Personal_Individual_Summary_TC.run(Personal_Individual_Summary_TC:242)
	at com.kms.katalon.core.main.ScriptEngine.run(ScriptEngine.java:194)
	at com.kms.katalon.core.main.ScriptEngine.runScriptAsRawText(ScriptEngine.java:119)
	at com.kms.katalon.core.main.TestCaseExecutor.runScript(TestCaseExecutor.java:448)
	at com.kms.katalon.core.main.TestCaseExecutor.doExecute(TestCaseExecutor.java:439)
	at com.kms.katalon.core.main.TestCaseExecutor.processExecutionPhase(TestCaseExecutor.java:418)
	at com.kms.katalon.core.main.TestCaseExecutor.accessMainPhase(TestCaseExecutor.java:410)
	at com.kms.katalon.core.main.TestCaseExecutor.execute(TestCaseExecutor.java:285)
	at com.kms.katalon.core.common.CommonExecutor.accessTestCaseMainPhase(CommonExecutor.java:65)
	at com.kms.katalon.core.main.TestSuiteExecutor.accessTestSuiteMainPhase(TestSuiteExecutor.java:148)
	at com.kms.katalon.core.main.TestSuiteExecutor.execute(TestSuiteExecutor.java:106)
	at com.kms.katalon.core.main.TestCaseMain.startTestSuite(TestCaseMain.java:187)
	at com.kms.katalon.core.main.TestCaseMain$startTestSuite$0.call(Unknown Source)
	at TempTestSuite1731030484036.run(TempTestSuite1731030484036.groovy:35)
)
[[ATTACHMENT|E:\\Cloned-Project-Katalon\\VPS-Katalon\\Reports\\20241107_204804\\RAD_TestSuite\\RAD_UI_TestSuite\\20241107_204804\\1731034050314.png]]

2024-11-07 21:47:30 - [TEST_STEP][PASSED] - ExecuteTC = findTestData(dataFile).getValue("Execute", row): null

2024-11-07 21:47:30 - [TEST_STEP][PASSED] - TaxType = findTestData(dataFile).getValue("TaxType", row): null

2024-11-07 21:47:30 - [TEST_STEP][PASSED] - PaymentType = findTestData(dataFile).getValue("PaymentType", row): null

2024-11-07 21:47:30 - [TEST_STEP][PASSED] - FilingYear = findTestData(dataFile).getValue("Year", row): null

2024-11-07 21:47:30 - [TEST_STEP][FAILED] - if (ExecuteTC.equalsIgnoreCase("Y")): com.kms.katalon.core.webui.exception.WebElementNotFoundException: Web element with id: 'Object Repository/RAD_Pages/PaymentEntry_Page/input__billingName' located by '//*[@type = 'text' and @name = 'billingName' and @id = 'billingName']' not found (Root cause: com.kms.katalon.core.exception.StepFailedException: com.kms.katalon.core.webui.exception.WebElementNotFoundException: Web element with id: 'Object Repository/RAD_Pages/PaymentEntry_Page/input__billingName' located by '//*[@type = 'text' and @name = 'billingName' and @id = 'billingName']' not found
	at com.kms.katalon.core.webui.keyword.internal.WebUIKeywordMain.stepFailed(WebUIKeywordMain.groovy:64)
	at com.kms.katalon.core.webui.keyword.builtin.VerifyElementPresentKeyword$_verifyElementPresent_closure1.doCall(VerifyElementPresentKeyword.groovy:85)
	at com.kms.katalon.core.webui.keyword.builtin.VerifyElementPresentKeyword$_verifyElementPresent_closure1.call(VerifyElementPresentKeyword.groovy)
	at com.kms.katalon.core.webui.keyword.internal.WebUIKeywordMain.runKeyword(WebUIKeywordMain.groovy:20)
	at com.kms.katalon.core.webui.keyword.builtin.VerifyElementPresentKeyword.verifyElementPresent(VerifyElementPresentKeyword.groovy:92)
	at com.kms.katalon.core.webui.keyword.builtin.VerifyElementPresentKeyword.execute(VerifyElementPresentKeyword.groovy:68)
	at com.kms.katalon.core.keyword.internal.KeywordExecutor.executeKeywordForPlatform(KeywordExecutor.groovy:74)
	at com.kms.katalon.core.webui.keyword.WebUiBuiltInKeywords.verifyElementPresent(WebUiBuiltInKeywords.groovy:1464)
	at com.kms.katalon.core.webui.keyword.WebUiBuiltInKeywords$verifyElementPresent$11.call(Unknown Source)
	at Personal_Individual_Summary_TC.run(Personal_Individual_Summary_TC:242)
	at com.kms.katalon.core.main.ScriptEngine.run(ScriptEngine.java:194)
	at com.kms.katalon.core.main.ScriptEngine.runScriptAsRawText(ScriptEngine.java:119)
	at com.kms.katalon.core.main.TestCaseExecutor.runScript(TestCaseExecutor.java:448)
	at com.kms.katalon.core.main.TestCaseExecutor.doExecute(TestCaseExecutor.java:439)
	at com.kms.katalon.core.main.TestCaseExecutor.processExecutionPhase(TestCaseExecutor.java:418)
	at com.kms.katalon.core.main.TestCaseExecutor.accessMainPhase(TestCaseExecutor.java:410)
	at com.kms.katalon.core.main.TestCaseExecutor.execute(TestCaseExecutor.java:285)
	at com.kms.katalon.core.common.CommonExecutor.accessTestCaseMainPhase(CommonExecutor.java:65)
	at com.kms.katalon.core.main.TestSuiteExecutor.accessTestSuiteMainPhase(TestSuiteExecutor.java:148)
	at com.kms.katalon.core.main.TestSuiteExecutor.execute(TestSuiteExecutor.java:106)
	at com.kms.katalon.core.main.TestCaseMain.startTestSuite(TestCaseMain.java:187)
	at com.kms.katalon.core.main.TestCaseMain$startTestSuite$0.call(Unknown Source)
	at TempTestSuite1731030484036.run(TempTestSuite1731030484036.groovy:35)
)

2024-11-07 21:47:30 - [TEST_STEP][PASSED] - out.println("Begin Record Number: " + row): null

2024-11-07 21:47:30 - [TEST_STEP][PASSED] - today = new java.util.Date(): null

2024-11-07 21:47:30 - [TEST_STEP][PASSED] - println(today): null

2024-11-07 21:47:30 - [TEST_STEP][PASSED] - datText = today: null

2024-11-07 21:47:30 - [TEST_STEP][PASSED] - logInfo("Payment Type: " + PaymentType): Payment Type: New Tax Return Amount Due

2024-11-07 21:47:30 - [MESSAGE][INFO] - Payment Type: New Tax Return Amount Due

2024-11-07 21:47:30 - [TEST_STEP][PASSED] - logInfo("Tax Type: " + TaxType): Tax Type: Personal Income Tax

2024-11-07 21:47:30 - [MESSAGE][INFO] - Tax Type: Personal Income Tax

2024-11-07 21:47:30 - [TEST_STEP][PASSED] - openBrowser(""): Browser is opened with url: ''

2024-11-07 21:47:31 - [MESSAGE][WARNING] - A browser is already opened. Closing browser and opening a new one

2024-11-07 21:47:32 - [MESSAGE][INFO] - Starting 'Chrome' driver

2024-11-07 21:47:32 - [MESSAGE][INFO] - User set preference: ['acceptInsecureCerts', 'true']

2024-11-07 21:47:32 - [MESSAGE][INFO] - Action delay is set to 0 milliseconds

2024-11-07 21:47:34 - [MESSAGE][PASSED] - Browser is opened with url: ''

2024-11-07 21:47:34 - [TEST_STEP][PASSED] - maximizeWindow(): Current window maximized

2024-11-07 21:47:34 - [MESSAGE][PASSED] - Current window maximized

2024-11-07 21:47:34 - [TEST_STEP][PASSED] - navigateToUrl(RADurl): Navigate to 'https://www.velocitypayment.com/client/rad/index.html' successfully

2024-11-07 21:47:36 - [MESSAGE][PASSED] - Navigate to 'https://www.velocitypayment.com/client/rad/index.html' successfully

2024-11-07 21:47:36 - [TEST_STEP][PASSED] - selectOptionByLabel(findTestObject(orPath_Landing + "/dd_TaxType"), PaymentType, false): All options with label 'New Tax Return Amount Due' are selected in object 'Object Repository/RAD_Pages/Landing_Page/dd_TaxType' 

2024-11-07 21:47:37 - [MESSAGE][PASSED] - All options with label 'New Tax Return Amount Due' are selected in object 'Object Repository/RAD_Pages/Landing_Page/dd_TaxType' 

2024-11-07 21:47:37 - [TEST_STEP][PASSED] - switch (PaymentType): null

2024-11-07 21:47:37 - [TEST_STEP][PASSED] - case "New Tax Return Amount Due":: null

2024-11-07 21:47:37 - [TEST_STEP][PASSED] - selectOptionByLabel(findTestObject("Object Repository/RAD_Pages/Landing_Page/select_NewTaxReturnAmountDue_TaxType"), TaxType, false): All options with label 'Personal Income Tax' are selected in object 'Object Repository/RAD_Pages/Landing_Page/select_NewTaxReturnAmountDue_TaxType' 

2024-11-07 21:47:37 - [MESSAGE][PASSED] - All options with label 'Personal Income Tax' are selected in object 'Object Repository/RAD_Pages/Landing_Page/select_NewTaxReturnAmountDue_TaxType' 

2024-11-07 21:47:37 - [TEST_STEP][PASSED] - break: null

2024-11-07 21:47:37 - [TEST_STEP][PASSED] - if (!(FilingYear.isEmpty())): All options with label '2021' are selected in object 'Object Repository/RAD_Pages/TaxTypeFilingYear_Page/select_FilingYear' 

2024-11-07 21:47:37 - [TEST_STEP][PASSED] - selectOptionByLabel(findTestObject(orPath_TaxTypeFilingYear + "/select_FilingYear"), FilingYear, false): All options with label '2021' are selected in object 'Object Repository/RAD_Pages/TaxTypeFilingYear_Page/select_FilingYear' 

2024-11-07 21:47:38 - [MESSAGE][PASSED] - All options with label '2021' are selected in object 'Object Repository/RAD_Pages/TaxTypeFilingYear_Page/select_FilingYear' 

2024-11-07 21:47:38 - [TEST_STEP][PASSED] - if (TaxType.equalsIgnoreCase("Estate Tax")): null

2024-11-07 21:47:38 - [TEST_STEP][PASSED] - else: rad.getSetDataRAD.setDataRADssnAndName is PASSED

2024-11-07 21:47:38 - [TEST_STEP][PASSED] - rad.getSetDataRAD.setDataRADssnAndName(): rad.getSetDataRAD.setDataRADssnAndName is PASSED

2024-11-07 21:47:39 - [MESSAGE][PASSED] - Text 'Jimmy' is set on object 'Object Repository/RAD_Pages/Taxpayer_Page/input_firstName'

2024-11-07 21:47:40 - [MESSAGE][PASSED] - Text 'Davi' is set on object 'Object Repository/RAD_Pages/Taxpayer_Page/input_lastName'

2024-11-07 21:47:40 - [MESSAGE][PASSED] - Text '123450001' is set on object 'Object Repository/RAD_RecordAndPlay/input_concatSSN'

2024-11-07 21:47:41 - [MESSAGE][PASSED] - Text '123450001' is set on object 'Object Repository/RAD_RecordAndPlay/input_concatReSSN'

2024-11-07 21:47:41 - [MESSAGE][PASSED] - rad.getSetDataRAD.setDataRADssnAndName is PASSED

2024-11-07 21:47:41 - [TEST_STEP][PASSED] - rad.getSetDataRAD.setDataRADAddress(): rad.getSetDataRAD.setDataRADAddress is PASSED

2024-11-07 21:47:42 - [MESSAGE][PASSED] - All options with label 'United States' are selected in object 'Object Repository/RAD_Pages/AddressAndContactInfo_Page/select_Country' 

2024-11-07 21:47:43 - [MESSAGE][PASSED] - Text '2508 Mandan Terrace' is set on object 'Object Repository/RAD_Pages/AddressAndContactInfo_Page/input_streetAddress1'

2024-11-07 21:47:43 - [MESSAGE][PASSED] - Text '' is set on object 'Object Repository/RAD_Pages/AddressAndContactInfo_Page/input_streetAddress2'

2024-11-07 21:47:45 - [MESSAGE][PASSED] - Text 'Gambrills' is set on object 'Object Repository/RAD_Pages/AddressAndContactInfo_Page/input_city'

2024-11-07 21:47:46 - [MESSAGE][PASSED] - All options with label 'Maryland' are selected in object 'Object Repository/RAD_Pages/AddressAndContactInfo_Page/select_State' 

2024-11-07 21:47:47 - [MESSAGE][PASSED] - Text '21054' is set on object 'Object Repository/RAD_Pages/AddressAndContactInfo_Page/input_zipCode'

2024-11-07 21:47:48 - [MESSAGE][PASSED] - Text '(703) 894-5000' is set on object 'Object Repository/RAD_Pages/AddressAndContactInfo_Page/input_phoneNumber'

2024-11-07 21:47:49 - [MESSAGE][PASSED] - Text 'iahmed@govolution.com' is set on object 'Object Repository/RAD_Pages/AddressAndContactInfo_Page/input_eMailAddress'

2024-11-07 21:47:50 - [MESSAGE][PASSED] - Text 'iahmed@govolution.com' is set on object 'Object Repository/RAD_Pages/AddressAndContactInfo_Page/input_reEnterEMailAddress'

2024-11-07 21:47:50 - [MESSAGE][PASSED] - rad.getSetDataRAD.setDataRADAddress is PASSED

2024-11-07 21:47:50 - [TEST_STEP][PASSED] - setText(findTestObject(orPath_Amount + "/input__paymentAmount"), "100.00"): Text '100.00' is set on object 'Object Repository/RAD_Pages/PaymentAmount_Page/input__paymentAmount'

2024-11-07 21:47:50 - [MESSAGE][PASSED] - Text '100.00' is set on object 'Object Repository/RAD_Pages/PaymentAmount_Page/input__paymentAmount'

2024-11-07 21:47:50 - [TEST_STEP][PASSED] - setText(findTestObject(orPath_AddressContact + "/input_streetAddress2"), ""): Text '' is set on object 'Object Repository/RAD_Pages/AddressAndContactInfo_Page/input_streetAddress2'

2024-11-07 21:47:51 - [MESSAGE][PASSED] - Text '' is set on object 'Object Repository/RAD_Pages/AddressAndContactInfo_Page/input_streetAddress2'

2024-11-07 21:47:51 - [TEST_STEP][PASSED] - scrollToElement(findTestObject(orPath_Landing + "/button_Continue"), 3): Scroll to object 'Object Repository/RAD_Pages/Landing_Page/button_Continue' successfully

2024-11-07 21:47:52 - [MESSAGE][PASSED] - Scroll to object 'Object Repository/RAD_Pages/Landing_Page/button_Continue' successfully

2024-11-07 21:47:52 - [TEST_STEP][PASSED] - waitForElementClickable(findTestObject(orPath_Landing + "/button_Continue"), 5): Object 'Object Repository/RAD_Pages/Landing_Page/button_Continue' is clickable

2024-11-07 21:47:52 - [MESSAGE][PASSED] - Object 'Object Repository/RAD_Pages/Landing_Page/button_Continue' is clickable

2024-11-07 21:47:52 - [TEST_STEP][PASSED] - click(findTestObject(orPath_Landing + "/button_Continue")): Object: 'Object Repository/RAD_Pages/Landing_Page/button_Continue' is clicked on

2024-11-07 21:47:52 - [MESSAGE][PASSED] - Object: 'Object Repository/RAD_Pages/Landing_Page/button_Continue' is clicked on

2024-11-07 21:47:52 - [TEST_STEP][PASSED] - delay(2): Delayed 2 second(s)

2024-11-07 21:47:54 - [MESSAGE][PASSED] - Delayed 2 second(s)

2024-11-07 21:47:54 - [TEST_STEP][PASSED] - verifyTextPresent("Summary", true): Text 'Summary' is present on page  using regular expression

2024-11-07 21:47:55 - [MESSAGE][PASSED] - Text 'Summary' is present on page  using regular expression

2024-11-07 21:47:55 - [TEST_STEP][PASSED] - verifyTextPresent("Review the information below and make any necessary corrections by clicking the", true): Text 'Review the information below and make any necessary corrections by clicking the' is present on page  using regular expression

2024-11-07 21:47:55 - [MESSAGE][PASSED] - Text 'Review the information below and make any necessary corrections by clicking the' is present on page  using regular expression

2024-11-07 21:47:55 - [TEST_STEP][PASSED] - verifyTextPresent("When you are confident that all the information is correct, click the", true): Text 'When you are confident that all the information is correct, click the' is present on page  using regular expression

2024-11-07 21:47:55 - [MESSAGE][PASSED] - Text 'When you are confident that all the information is correct, click the' is present on page  using regular expression

2024-11-07 21:47:55 - [TEST_STEP][PASSED] - verifyTextPresent("Payment Type/Filing Year", true): Text 'Payment Type/Filing Year' is present on page  using regular expression

2024-11-07 21:47:56 - [MESSAGE][PASSED] - Text 'Payment Type/Filing Year' is present on page  using regular expression

2024-11-07 21:47:56 - [TEST_STEP][PASSED] - verifyTextPresent("Payment Type:", true): Text 'Payment Type:' is present on page  using regular expression

2024-11-07 21:47:56 - [MESSAGE][PASSED] - Text 'Payment Type:' is present on page  using regular expression

2024-11-07 21:47:56 - [TEST_STEP][PASSED] - verifyTextPresent(PaymentType, true): Text 'New Tax Return Amount Due' is present on page  using regular expression

2024-11-07 21:47:56 - [MESSAGE][PASSED] - Text 'New Tax Return Amount Due' is present on page  using regular expression

2024-11-07 21:47:56 - [TEST_STEP][PASSED] - verifyTextPresent("Filing Year:", true): Text 'Filing Year:' is present on page  using regular expression

2024-11-07 21:47:57 - [MESSAGE][PASSED] - Text 'Filing Year:' is present on page  using regular expression

2024-11-07 21:47:57 - [TEST_STEP][PASSED] - verifyTextPresent(FilingYear, true): Text '2021' is present on page  using regular expression

2024-11-07 21:47:57 - [MESSAGE][PASSED] - Text '2021' is present on page  using regular expression

2024-11-07 21:47:57 - [TEST_STEP][PASSED] - verifyTextPresent("Payer Information", true): Text 'Payer Information' is present on page  using regular expression

2024-11-07 21:47:57 - [MESSAGE][PASSED] - Text 'Payer Information' is present on page  using regular expression

2024-11-07 21:47:57 - [TEST_STEP][PASSED] - verifyTextPresent("Taxpayer Name:", true): Text 'Taxpayer Name:' is present on page  using regular expression

2024-11-07 21:47:58 - [MESSAGE][PASSED] - Text 'Taxpayer Name:' is present on page  using regular expression

2024-11-07 21:47:58 - [TEST_STEP][PASSED] - switch (executionProfile): null

2024-11-07 21:47:58 - [TEST_STEP][PASSED] - verifyTextPresent("Taxpayer Address:", true): Text 'Taxpayer Address:' is present on page  using regular expression

2024-11-07 21:47:58 - [MESSAGE][PASSED] - Text 'Taxpayer Address:' is present on page  using regular expression

2024-11-07 21:47:58 - [TEST_STEP][PASSED] - verifyTextPresent("2508 Mandan Terrace Gambrills Maryland 21054", true): Text '2508 Mandan Terrace Gambrills Maryland 21054' is present on page  using regular expression

2024-11-07 21:47:58 - [MESSAGE][PASSED] - Text '2508 Mandan Terrace Gambrills Maryland 21054' is present on page  using regular expression

2024-11-07 21:47:58 - [TEST_STEP][PASSED] - verifyTextPresent("Email:", true): Text 'Email:' is present on page  using regular expression

2024-11-07 21:47:59 - [MESSAGE][PASSED] - Text 'Email:' is present on page  using regular expression

2024-11-07 21:47:59 - [TEST_STEP][PASSED] - verifyTextPresent("iahmed@govolution.com", true): Text 'iahmed@govolution.com' is present on page  using regular expression

2024-11-07 21:47:59 - [MESSAGE][PASSED] - Text 'iahmed@govolution.com' is present on page  using regular expression

2024-11-07 21:47:59 - [TEST_STEP][PASSED] - verifyTextPresent("Phone:", true): Text 'Phone:' is present on page  using regular expression

2024-11-07 21:47:59 - [MESSAGE][PASSED] - Text 'Phone:' is present on page  using regular expression

2024-11-07 21:47:59 - [TEST_STEP][PASSED] - verifyTextPresent("(703) 894-5000", false): Text '(703) 894-5000' is present on page 

2024-11-07 21:48:00 - [MESSAGE][PASSED] - Text '(703) 894-5000' is present on page 

2024-11-07 21:48:00 - [TEST_STEP][PASSED] - verifyTextPresent("Tax Information", true): Text 'Tax Information' is present on page  using regular expression

2024-11-07 21:48:00 - [MESSAGE][PASSED] - Text 'Tax Information' is present on page  using regular expression

2024-11-07 21:48:00 - [TEST_STEP][PASSED] - verifyTextPresent("Payment Amount:", true): Text 'Payment Amount:' is present on page  using regular expression

2024-11-07 21:48:00 - [MESSAGE][PASSED] - Text 'Payment Amount:' is present on page  using regular expression

2024-11-07 21:48:00 - [TEST_STEP][PASSED] - verifyTextPresent("100.00", true): Text '100.00' is present on page  using regular expression

2024-11-07 21:48:01 - [MESSAGE][PASSED] - Text '100.00' is present on page  using regular expression

2024-11-07 21:48:01 - [TEST_STEP][PASSED] - verifyTextNotPresent("Federal EIN:", true): Text 'Federal EIN:' is not present on page using regular expression

2024-11-07 21:48:01 - [MESSAGE][PASSED] - Text 'Federal EIN:' is not present on page using regular expression

2024-11-07 21:48:01 - [TEST_STEP][PASSED] - verifyTextNotPresent("FEIN/SSN:", true): Text 'FEIN/SSN:' is not present on page using regular expression

2024-11-07 21:48:01 - [MESSAGE][PASSED] - Text 'FEIN/SSN:' is not present on page using regular expression

2024-11-07 21:48:01 - [TEST_STEP][PASSED] - if (TaxType.equalsIgnoreCase("Estate Tax")): null

2024-11-07 21:48:01 - [TEST_STEP][PASSED] - else: Text 'Taxpayer SSN:' is present on page  using regular expression

2024-11-07 21:48:01 - [TEST_STEP][PASSED] - verifyTextPresent("Taxpayer SSN:", true): Text 'Taxpayer SSN:' is present on page  using regular expression

2024-11-07 21:48:02 - [MESSAGE][PASSED] - Text 'Taxpayer SSN:' is present on page  using regular expression

2024-11-07 21:48:02 - [TEST_STEP][PASSED] - if (verifyElementVisible(findTestObject(orPath_Summary + "/button_Proceed to Payment"))): null

2024-11-07 21:48:02 - [MESSAGE][PASSED] - Object 'Object Repository/RAD_Pages/Summary_Page/button_Proceed to Payment' is visible

2024-11-07 21:48:02 - [TEST_STEP][PASSED] - resText = "Pass": null

2024-11-07 21:48:02 - [TEST_STEP][PASSED] - pages.WriteExcel.demoKey(resText, datText, resColumn, datCloumn, fileLoc, nameSheet, row): pages.WriteExcel.demoKey is PASSED

2024-11-07 21:48:02 - [MESSAGE][PASSED] - pages.WriteExcel.demoKey is PASSED

2024-11-07 21:48:02 - [TEST_STEP][PASSED] - click(findTestObject(orPath_Summary + "/button_Proceed to Payment")): Object: 'Object Repository/RAD_Pages/Summary_Page/button_Proceed to Payment' is clicked on

2024-11-07 21:48:03 - [MESSAGE][PASSED] - Object: 'Object Repository/RAD_Pages/Summary_Page/button_Proceed to Payment' is clicked on

2024-11-07 21:48:03 - [TEST_STEP][FAILED] - verifyElementPresent(findTestObject("Object Repository/RAD_Pages/PaymentEntry_Page/input__billingName"), 30): com.kms.katalon.core.webui.exception.WebElementNotFoundException: Web element with id: 'Object Repository/RAD_Pages/PaymentEntry_Page/input__billingName' located by '//*[@type = 'text' and @name = 'billingName' and @id = 'billingName']' not found (Root cause: com.kms.katalon.core.exception.StepFailedException: com.kms.katalon.core.webui.exception.WebElementNotFoundException: Web element with id: 'Object Repository/RAD_Pages/PaymentEntry_Page/input__billingName' located by '//*[@type = 'text' and @name = 'billingName' and @id = 'billingName']' not found
	at com.kms.katalon.core.webui.keyword.internal.WebUIKeywordMain.stepFailed(WebUIKeywordMain.groovy:64)
	at com.kms.katalon.core.webui.keyword.builtin.VerifyElementPresentKeyword$_verifyElementPresent_closure1.doCall(VerifyElementPresentKeyword.groovy:85)
	at com.kms.katalon.core.webui.keyword.builtin.VerifyElementPresentKeyword$_verifyElementPresent_closure1.call(VerifyElementPresentKeyword.groovy)
	at com.kms.katalon.core.webui.keyword.internal.WebUIKeywordMain.runKeyword(WebUIKeywordMain.groovy:20)
	at com.kms.katalon.core.webui.keyword.builtin.VerifyElementPresentKeyword.verifyElementPresent(VerifyElementPresentKeyword.groovy:92)
	at com.kms.katalon.core.webui.keyword.builtin.VerifyElementPresentKeyword.execute(VerifyElementPresentKeyword.groovy:68)
	at com.kms.katalon.core.keyword.internal.KeywordExecutor.executeKeywordForPlatform(KeywordExecutor.groovy:74)
	at com.kms.katalon.core.webui.keyword.WebUiBuiltInKeywords.verifyElementPresent(WebUiBuiltInKeywords.groovy:1464)
	at com.kms.katalon.core.webui.keyword.WebUiBuiltInKeywords$verifyElementPresent$11.call(Unknown Source)
	at Personal_Individual_Summary_TC.run(Personal_Individual_Summary_TC:242)
	at com.kms.katalon.core.main.ScriptEngine.run(ScriptEngine.java:194)
	at com.kms.katalon.core.main.ScriptEngine.runScriptAsRawText(ScriptEngine.java:119)
	at com.kms.katalon.core.main.TestCaseExecutor.runScript(TestCaseExecutor.java:448)
	at com.kms.katalon.core.main.TestCaseExecutor.doExecute(TestCaseExecutor.java:439)
	at com.kms.katalon.core.main.TestCaseExecutor.processExecutionPhase(TestCaseExecutor.java:418)
	at com.kms.katalon.core.main.TestCaseExecutor.accessMainPhase(TestCaseExecutor.java:410)
	at com.kms.katalon.core.main.TestCaseExecutor.execute(TestCaseExecutor.java:285)
	at com.kms.katalon.core.common.CommonExecutor.accessTestCaseMainPhase(CommonExecutor.java:65)
	at com.kms.katalon.core.main.TestSuiteExecutor.accessTestSuiteMainPhase(TestSuiteExecutor.java:148)
	at com.kms.katalon.core.main.TestSuiteExecutor.execute(TestSuiteExecutor.java:106)
	at com.kms.katalon.core.main.TestCaseMain.startTestSuite(TestCaseMain.java:187)
	at com.kms.katalon.core.main.TestCaseMain$startTestSuite$0.call(Unknown Source)
	at TempTestSuite1731030484036.run(TempTestSuite1731030484036.groovy:35)
)

2024-11-07 21:48:34 - [MESSAGE][INFO] - Unable to find the element located by 'By.xpath: //*[@type = 'text' and @name = 'billingName' and @id = 'billingName']'. Please recheck the objects properties to make sure the desired element is located. 

2024-11-07 21:48:34 - [MESSAGE][FAILED] - com.kms.katalon.core.webui.exception.WebElementNotFoundException: Web element with id: 'Object Repository/RAD_Pages/PaymentEntry_Page/input__billingName' located by '//*[@type = 'text' and @name = 'billingName' and @id = 'billingName']' not found (Root cause: com.kms.katalon.core.exception.StepFailedException: com.kms.katalon.core.webui.exception.WebElementNotFoundException: Web element with id: 'Object Repository/RAD_Pages/PaymentEntry_Page/input__billingName' located by '//*[@type = 'text' and @name = 'billingName' and @id = 'billingName']' not found
	at com.kms.katalon.core.webui.keyword.internal.WebUIKeywordMain.stepFailed(WebUIKeywordMain.groovy:64)
	at com.kms.katalon.core.webui.keyword.builtin.VerifyElementPresentKeyword$_verifyElementPresent_closure1.doCall(VerifyElementPresentKeyword.groovy:85)
	at com.kms.katalon.core.webui.keyword.builtin.VerifyElementPresentKeyword$_verifyElementPresent_closure1.call(VerifyElementPresentKeyword.groovy)
	at com.kms.katalon.core.webui.keyword.internal.WebUIKeywordMain.runKeyword(WebUIKeywordMain.groovy:20)
	at com.kms.katalon.core.webui.keyword.builtin.VerifyElementPresentKeyword.verifyElementPresent(VerifyElementPresentKeyword.groovy:92)
	at com.kms.katalon.core.webui.keyword.builtin.VerifyElementPresentKeyword.execute(VerifyElementPresentKeyword.groovy:68)
	at com.kms.katalon.core.keyword.internal.KeywordExecutor.executeKeywordForPlatform(KeywordExecutor.groovy:74)
	at com.kms.katalon.core.webui.keyword.WebUiBuiltInKeywords.verifyElementPresent(WebUiBuiltInKeywords.groovy:1464)
	at com.kms.katalon.core.webui.keyword.WebUiBuiltInKeywords$verifyElementPresent$11.call(Unknown Source)
	at Personal_Individual_Summary_TC.run(Personal_Individual_Summary_TC:242)
	at com.kms.katalon.core.main.ScriptEngine.run(ScriptEngine.java:194)
	at com.kms.katalon.core.main.ScriptEngine.runScriptAsRawText(ScriptEngine.java:119)
	at com.kms.katalon.core.main.TestCaseExecutor.runScript(TestCaseExecutor.java:448)
	at com.kms.katalon.core.main.TestCaseExecutor.doExecute(TestCaseExecutor.java:439)
	at com.kms.katalon.core.main.TestCaseExecutor.processExecutionPhase(TestCaseExecutor.java:418)
	at com.kms.katalon.core.main.TestCaseExecutor.accessMainPhase(TestCaseExecutor.java:410)
	at com.kms.katalon.core.main.TestCaseExecutor.execute(TestCaseExecutor.java:285)
	at com.kms.katalon.core.common.CommonExecutor.accessTestCaseMainPhase(CommonExecutor.java:65)
	at com.kms.katalon.core.main.TestSuiteExecutor.accessTestSuiteMainPhase(TestSuiteExecutor.java:148)
	at com.kms.katalon.core.main.TestSuiteExecutor.execute(TestSuiteExecutor.java:106)
	at com.kms.katalon.core.main.TestCaseMain.startTestSuite(TestCaseMain.java:187)
	at com.kms.katalon.core.main.TestCaseMain$startTestSuite$0.call(Unknown Source)
	at TempTestSuite1731030484036.run(TempTestSuite1731030484036.groovy:35)
)
[[ATTACHMENT|E:\\Cloned-Project-Katalon\\VPS-Katalon\\Reports\\20241107_204804\\RAD_TestSuite\\RAD_UI_TestSuite\\20241107_204804\\1731034114549.png]]

2024-11-07 21:48:34 - [TEST_STEP][PASSED] - ExecuteTC = findTestData(dataFile).getValue("Execute", row): null

2024-11-07 21:48:34 - [TEST_STEP][PASSED] - TaxType = findTestData(dataFile).getValue("TaxType", row): null

2024-11-07 21:48:34 - [TEST_STEP][PASSED] - PaymentType = findTestData(dataFile).getValue("PaymentType", row): null

2024-11-07 21:48:34 - [TEST_STEP][PASSED] - FilingYear = findTestData(dataFile).getValue("Year", row): null

2024-11-07 21:48:35 - [TEST_STEP][PASSED] - if (ExecuteTC.equalsIgnoreCase("Y")): null

2024-11-07 21:48:35 - [TEST_STEP][PASSED] - ExecuteTC = findTestData(dataFile).getValue("Execute", row): null

2024-11-07 21:48:35 - [TEST_STEP][PASSED] - TaxType = findTestData(dataFile).getValue("TaxType", row): null

2024-11-07 21:48:35 - [TEST_STEP][PASSED] - PaymentType = findTestData(dataFile).getValue("PaymentType", row): null

2024-11-07 21:48:35 - [TEST_STEP][PASSED] - FilingYear = findTestData(dataFile).getValue("Year", row): null

2024-11-07 21:48:35 - [TEST_STEP][PASSED] - if (ExecuteTC.equalsIgnoreCase("Y")): null

2024-11-07 21:48:35 - [TEST_STEP][PASSED] - ExecuteTC = findTestData(dataFile).getValue("Execute", row): null

2024-11-07 21:48:35 - [TEST_STEP][PASSED] - TaxType = findTestData(dataFile).getValue("TaxType", row): null

2024-11-07 21:48:35 - [TEST_STEP][PASSED] - PaymentType = findTestData(dataFile).getValue("PaymentType", row): null

2024-11-07 21:48:35 - [TEST_STEP][PASSED] - FilingYear = findTestData(dataFile).getValue("Year", row): null

2024-11-07 21:48:35 - [TEST_STEP][PASSED] - if (ExecuteTC.equalsIgnoreCase("Y")): null]]></system-out>
         <system-err><![CDATA[2024-11-07 21:44:10 - [TEST_CASE][FAILED] - Test Cases/RAD_TestCases/Summary_TestCases/Personal_Individual_Summary_TC: Test Cases/RAD_TestCases/Summary_TestCases/Personal_Individual_Summary_TC FAILED.
Reason:
com.kms.katalon.core.exception.StepFailedException: com.kms.katalon.core.webui.exception.WebElementNotFoundException: Web element with id: 'Object Repository/RAD_Pages/PaymentEntry_Page/input__billingName' located by '//*[@type = 'text' and @name = 'billingName' and @id = 'billingName']' not found (Root cause: com.kms.katalon.core.exception.StepFailedException: com.kms.katalon.core.webui.exception.WebElementNotFoundException: Web element with id: 'Object Repository/RAD_Pages/PaymentEntry_Page/input__billingName' located by '//*[@type = 'text' and @name = 'billingName' and @id = 'billingName']' not found
	at com.kms.katalon.core.webui.keyword.internal.WebUIKeywordMain.stepFailed(WebUIKeywordMain.groovy:64)
	at com.kms.katalon.core.webui.keyword.builtin.VerifyElementPresentKeyword$_verifyElementPresent_closure1.doCall(VerifyElementPresentKeyword.groovy:85)
	at com.kms.katalon.core.webui.keyword.builtin.VerifyElementPresentKeyword$_verifyElementPresent_closure1.call(VerifyElementPresentKeyword.groovy)
	at com.kms.katalon.core.webui.keyword.internal.WebUIKeywordMain.runKeyword(WebUIKeywordMain.groovy:20)
	at com.kms.katalon.core.webui.keyword.builtin.VerifyElementPresentKeyword.verifyElementPresent(VerifyElementPresentKeyword.groovy:92)
	at com.kms.katalon.core.webui.keyword.builtin.VerifyElementPresentKeyword.execute(VerifyElementPresentKeyword.groovy:68)
	at com.kms.katalon.core.keyword.internal.KeywordExecutor.executeKeywordForPlatform(KeywordExecutor.groovy:74)
	at com.kms.katalon.core.webui.keyword.WebUiBuiltInKeywords.verifyElementPresent(WebUiBuiltInKeywords.groovy:1464)
	at com.kms.katalon.core.webui.keyword.WebUiBuiltInKeywords$verifyElementPresent$11.call(Unknown Source)
	at Personal_Individual_Summary_TC.run(Personal_Individual_Summary_TC:242)
	at com.kms.katalon.core.main.ScriptEngine.run(ScriptEngine.java:194)
	at com.kms.katalon.core.main.ScriptEngine.runScriptAsRawText(ScriptEngine.java:119)
	at com.kms.katalon.core.main.TestCaseExecutor.runScript(TestCaseExecutor.java:448)
	at com.kms.katalon.core.main.TestCaseExecutor.doExecute(TestCaseExecutor.java:439)
	at com.kms.katalon.core.main.TestCaseExecutor.processExecutionPhase(TestCaseExecutor.java:418)
	at com.kms.katalon.core.main.TestCaseExecutor.accessMainPhase(TestCaseExecutor.java:410)
	at com.kms.katalon.core.main.TestCaseExecutor.execute(TestCaseExecutor.java:285)
	at com.kms.katalon.core.common.CommonExecutor.accessTestCaseMainPhase(CommonExecutor.java:65)
	at com.kms.katalon.core.main.TestSuiteExecutor.accessTestSuiteMainPhase(TestSuiteExecutor.java:148)
	at com.kms.katalon.core.main.TestSuiteExecutor.execute(TestSuiteExecutor.java:106)
	at com.kms.katalon.core.main.TestCaseMain.startTestSuite(TestCaseMain.java:187)
	at com.kms.katalon.core.main.TestCaseMain$startTestSuite$0.call(Unknown Source)
	at TempTestSuite1731030484036.run(TempTestSuite1731030484036.groovy:35)
)
	at com.kms.katalon.core.keyword.internal.KeywordMain.stepFailed(KeywordMain.groovy:39)
	at com.kms.katalon.core.webui.keyword.internal.WebUIKeywordMain.stepFailed(WebUIKeywordMain.groovy:64)
	at com.kms.katalon.core.webui.keyword.builtin.VerifyElementPresentKeyword$_verifyElementPresent_closure1.doCall(VerifyElementPresentKeyword.groovy:85)
	at com.kms.katalon.core.webui.keyword.builtin.VerifyElementPresentKeyword$_verifyElementPresent_closure1.call(VerifyElementPresentKeyword.groovy)
	at com.kms.katalon.core.webui.keyword.internal.WebUIKeywordMain.runKeyword(WebUIKeywordMain.groovy:20)
	at com.kms.katalon.core.webui.keyword.builtin.VerifyElementPresentKeyword.verifyElementPresent(VerifyElementPresentKeyword.groovy:92)
	at com.kms.katalon.core.webui.keyword.builtin.VerifyElementPresentKeyword.execute(VerifyElementPresentKeyword.groovy:68)
	at com.kms.katalon.core.keyword.internal.KeywordExecutor.executeKeywordForPlatform(KeywordExecutor.groovy:74)
	at com.kms.katalon.core.webui.keyword.WebUiBuiltInKeywords.verifyElementPresent(WebUiBuiltInKeywords.groovy:1464)
	at com.kms.katalon.core.webui.keyword.WebUiBuiltInKeywords$verifyElementPresent$11.call(Unknown Source)
	at Personal_Individual_Summary_TC.run(Personal_Individual_Summary_TC:242)
	at com.kms.katalon.core.main.ScriptEngine.run(ScriptEngine.java:194)
	at com.kms.katalon.core.main.ScriptEngine.runScriptAsRawText(ScriptEngine.java:119)
	at com.kms.katalon.core.main.TestCaseExecutor.runScript(TestCaseExecutor.java:448)
	at com.kms.katalon.core.main.TestCaseExecutor.doExecute(TestCaseExecutor.java:439)
	at com.kms.katalon.core.main.TestCaseExecutor.processExecutionPhase(TestCaseExecutor.java:418)
	at com.kms.katalon.core.main.TestCaseExecutor.accessMainPhase(TestCaseExecutor.java:410)
	at com.kms.katalon.core.main.TestCaseExecutor.execute(TestCaseExecutor.java:285)
	at com.kms.katalon.core.common.CommonExecutor.accessTestCaseMainPhase(CommonExecutor.java:65)
	at com.kms.katalon.core.main.TestSuiteExecutor.accessTestSuiteMainPhase(TestSuiteExecutor.java:148)
	at com.kms.katalon.core.main.TestSuiteExecutor.execute(TestSuiteExecutor.java:106)
	at com.kms.katalon.core.main.TestCaseMain.startTestSuite(TestCaseMain.java:187)
	at com.kms.katalon.core.main.TestCaseMain$startTestSuite$0.call(Unknown Source)
	at TempTestSuite1731030484036.run(TempTestSuite1731030484036.groovy:35)
Caused by: com.kms.katalon.core.exception.StepFailedException: com.kms.katalon.core.webui.exception.WebElementNotFoundException: Web element with id: 'Object Repository/RAD_Pages/PaymentEntry_Page/input__billingName' located by '//*[@type = 'text' and @name = 'billingName' and @id = 'billingName']' not found
	... 23 more]]></system-err>
      </testcase>
      <testcase name="Test Cases/RAD_TestCases/Summary_TestCases/Personal_Joint_Summary_TC" time="290.11" classname="Test Cases/RAD_TestCases/Summary_TestCases/Personal_Joint_Summary_TC" status="FAILED">
         <failure type="FAILED" message="Test Cases/RAD_TestCases/Summary_TestCases/Personal_Joint_Summary_TC FAILED.
Reason:
com.kms.katalon.core.exception.StepFailedException: com.kms.katalon.core.webui.exception.WebElementNotFoundException: Web element with id: 'Object Repository/RAD_Pages/PaymentEntry_Page/input__billingName' located by '//*[@type = 'text' and @name = 'billingName' and @id = 'billingName']' not found (Root cause: com.kms.katalon.core.exception.StepFailedException: com.kms.katalon.core.webui.exception.WebElementNotFoundException: Web element with id: 'Object Repository/RAD_Pages/PaymentEntry_Page/input__billingName' located by '//*[@type = 'text' and @name = 'billingName' and @id = 'billingName']' not found
	at com.kms.katalon.core.webui.keyword.internal.WebUIKeywordMain.stepFailed(WebUIKeywordMain.groovy:64)
	at com.kms.katalon.core.webui.keyword.builtin.VerifyElementPresentKeyword$_verifyElementPresent_closure1.doCall(VerifyElementPresentKeyword.groovy:85)
	at com.kms.katalon.core.webui.keyword.builtin.VerifyElementPresentKeyword$_verifyElementPresent_closure1.call(VerifyElementPresentKeyword.groovy)
	at com.kms.katalon.core.webui.keyword.internal.WebUIKeywordMain.runKeyword(WebUIKeywordMain.groovy:20)
	at com.kms.katalon.core.webui.keyword.builtin.VerifyElementPresentKeyword.verifyElementPresent(VerifyElementPresentKeyword.groovy:92)
	at com.kms.katalon.core.webui.keyword.builtin.VerifyElementPresentKeyword.execute(VerifyElementPresentKeyword.groovy:68)
	at com.kms.katalon.core.keyword.internal.KeywordExecutor.executeKeywordForPlatform(KeywordExecutor.groovy:74)
	at com.kms.katalon.core.webui.keyword.WebUiBuiltInKeywords.verifyElementPresent(WebUiBuiltInKeywords.groovy:1464)
	at com.kms.katalon.core.webui.keyword.WebUiBuiltInKeywords$verifyElementPresent$11.call(Unknown Source)
	at Personal_Joint_Summary_TC.run(Personal_Joint_Summary_TC:237)
	at com.kms.katalon.core.main.ScriptEngine.run(ScriptEngine.java:194)
	at com.kms.katalon.core.main.ScriptEngine.runScriptAsRawText(ScriptEngine.java:119)
	at com.kms.katalon.core.main.TestCaseExecutor.runScript(TestCaseExecutor.java:448)
	at com.kms.katalon.core.main.TestCaseExecutor.doExecute(TestCaseExecutor.java:439)
	at com.kms.katalon.core.main.TestCaseExecutor.processExecutionPhase(TestCaseExecutor.java:418)
	at com.kms.katalon.core.main.TestCaseExecutor.accessMainPhase(TestCaseExecutor.java:410)
	at com.kms.katalon.core.main.TestCaseExecutor.execute(TestCaseExecutor.java:285)
	at com.kms.katalon.core.common.CommonExecutor.accessTestCaseMainPhase(CommonExecutor.java:65)
	at com.kms.katalon.core.main.TestSuiteExecutor.accessTestSuiteMainPhase(TestSuiteExecutor.java:148)
	at com.kms.katalon.core.main.TestSuiteExecutor.execute(TestSuiteExecutor.java:106)
	at com.kms.katalon.core.main.TestCaseMain.startTestSuite(TestCaseMain.java:187)
	at com.kms.katalon.core.main.TestCaseMain$startTestSuite$0.call(Unknown Source)
	at TempTestSuite1731030484036.run(TempTestSuite1731030484036.groovy:35)
)
	at com.kms.katalon.core.keyword.internal.KeywordMain.stepFailed(KeywordMain.groovy:39)
	at com.kms.katalon.core.webui.keyword.internal.WebUIKeywordMain.stepFailed(WebUIKeywordMain.groovy:64)
	at com.kms.katalon.core.webui.keyword.builtin.VerifyElementPresentKeyword$_verifyElementPresent_closure1.doCall(VerifyElementPresentKeyword.groovy:85)
	at com.kms.katalon.core.webui.keyword.builtin.VerifyElementPresentKeyword$_verifyElementPresent_closure1.call(VerifyElementPresentKeyword.groovy)
	at com.kms.katalon.core.webui.keyword.internal.WebUIKeywordMain.runKeyword(WebUIKeywordMain.groovy:20)
	at com.kms.katalon.core.webui.keyword.builtin.VerifyElementPresentKeyword.verifyElementPresent(VerifyElementPresentKeyword.groovy:92)
	at com.kms.katalon.core.webui.keyword.builtin.VerifyElementPresentKeyword.execute(VerifyElementPresentKeyword.groovy:68)
	at com.kms.katalon.core.keyword.internal.KeywordExecutor.executeKeywordForPlatform(KeywordExecutor.groovy:74)
	at com.kms.katalon.core.webui.keyword.WebUiBuiltInKeywords.verifyElementPresent(WebUiBuiltInKeywords.groovy:1464)
	at com.kms.katalon.core.webui.keyword.WebUiBuiltInKeywords$verifyElementPresent$11.call(Unknown Source)
	at Personal_Joint_Summary_TC.run(Personal_Joint_Summary_TC:237)
	at com.kms.katalon.core.main.ScriptEngine.run(ScriptEngine.java:194)
	at com.kms.katalon.core.main.ScriptEngine.runScriptAsRawText(ScriptEngine.java:119)
	at com.kms.katalon.core.main.TestCaseExecutor.runScript(TestCaseExecutor.java:448)
	at com.kms.katalon.core.main.TestCaseExecutor.doExecute(TestCaseExecutor.java:439)
	at com.kms.katalon.core.main.TestCaseExecutor.processExecutionPhase(TestCaseExecutor.java:418)
	at com.kms.katalon.core.main.TestCaseExecutor.accessMainPhase(TestCaseExecutor.java:410)
	at com.kms.katalon.core.main.TestCaseExecutor.execute(TestCaseExecutor.java:285)
	at com.kms.katalon.core.common.CommonExecutor.accessTestCaseMainPhase(CommonExecutor.java:65)
	at com.kms.katalon.core.main.TestSuiteExecutor.accessTestSuiteMainPhase(TestSuiteExecutor.java:148)
	at com.kms.katalon.core.main.TestSuiteExecutor.execute(TestSuiteExecutor.java:106)
	at com.kms.katalon.core.main.TestCaseMain.startTestSuite(TestCaseMain.java:187)
	at com.kms.katalon.core.main.TestCaseMain$startTestSuite$0.call(Unknown Source)
	at TempTestSuite1731030484036.run(TempTestSuite1731030484036.groovy:35)
Caused by: com.kms.katalon.core.exception.StepFailedException: com.kms.katalon.core.webui.exception.WebElementNotFoundException: Web element with id: 'Object Repository/RAD_Pages/PaymentEntry_Page/input__billingName' located by '//*[@type = 'text' and @name = 'billingName' and @id = 'billingName']' not found
	... 23 more
"/>
         <system-out><![CDATA[2024-11-07 21:48:35 - [TEST_CASE][FAILED] - Test Cases/RAD_TestCases/Summary_TestCases/Personal_Joint_Summary_TC: Test Cases/RAD_TestCases/Summary_TestCases/Personal_Joint_Summary_TC FAILED.
Reason:
com.kms.katalon.core.exception.StepFailedException: com.kms.katalon.core.webui.exception.WebElementNotFoundException: Web element with id: 'Object Repository/RAD_Pages/PaymentEntry_Page/input__billingName' located by '//*[@type = 'text' and @name = 'billingName' and @id = 'billingName']' not found (Root cause: com.kms.katalon.core.exception.StepFailedException: com.kms.katalon.core.webui.exception.WebElementNotFoundException: Web element with id: 'Object Repository/RAD_Pages/PaymentEntry_Page/input__billingName' located by '//*[@type = 'text' and @name = 'billingName' and @id = 'billingName']' not found
	at com.kms.katalon.core.webui.keyword.internal.WebUIKeywordMain.stepFailed(WebUIKeywordMain.groovy:64)
	at com.kms.katalon.core.webui.keyword.builtin.VerifyElementPresentKeyword$_verifyElementPresent_closure1.doCall(VerifyElementPresentKeyword.groovy:85)
	at com.kms.katalon.core.webui.keyword.builtin.VerifyElementPresentKeyword$_verifyElementPresent_closure1.call(VerifyElementPresentKeyword.groovy)
	at com.kms.katalon.core.webui.keyword.internal.WebUIKeywordMain.runKeyword(WebUIKeywordMain.groovy:20)
	at com.kms.katalon.core.webui.keyword.builtin.VerifyElementPresentKeyword.verifyElementPresent(VerifyElementPresentKeyword.groovy:92)
	at com.kms.katalon.core.webui.keyword.builtin.VerifyElementPresentKeyword.execute(VerifyElementPresentKeyword.groovy:68)
	at com.kms.katalon.core.keyword.internal.KeywordExecutor.executeKeywordForPlatform(KeywordExecutor.groovy:74)
	at com.kms.katalon.core.webui.keyword.WebUiBuiltInKeywords.verifyElementPresent(WebUiBuiltInKeywords.groovy:1464)
	at com.kms.katalon.core.webui.keyword.WebUiBuiltInKeywords$verifyElementPresent$11.call(Unknown Source)
	at Personal_Joint_Summary_TC.run(Personal_Joint_Summary_TC:237)
	at com.kms.katalon.core.main.ScriptEngine.run(ScriptEngine.java:194)
	at com.kms.katalon.core.main.ScriptEngine.runScriptAsRawText(ScriptEngine.java:119)
	at com.kms.katalon.core.main.TestCaseExecutor.runScript(TestCaseExecutor.java:448)
	at com.kms.katalon.core.main.TestCaseExecutor.doExecute(TestCaseExecutor.java:439)
	at com.kms.katalon.core.main.TestCaseExecutor.processExecutionPhase(TestCaseExecutor.java:418)
	at com.kms.katalon.core.main.TestCaseExecutor.accessMainPhase(TestCaseExecutor.java:410)
	at com.kms.katalon.core.main.TestCaseExecutor.execute(TestCaseExecutor.java:285)
	at com.kms.katalon.core.common.CommonExecutor.accessTestCaseMainPhase(CommonExecutor.java:65)
	at com.kms.katalon.core.main.TestSuiteExecutor.accessTestSuiteMainPhase(TestSuiteExecutor.java:148)
	at com.kms.katalon.core.main.TestSuiteExecutor.execute(TestSuiteExecutor.java:106)
	at com.kms.katalon.core.main.TestCaseMain.startTestSuite(TestCaseMain.java:187)
	at com.kms.katalon.core.main.TestCaseMain$startTestSuite$0.call(Unknown Source)
	at TempTestSuite1731030484036.run(TempTestSuite1731030484036.groovy:35)
)
	at com.kms.katalon.core.keyword.internal.KeywordMain.stepFailed(KeywordMain.groovy:39)
	at com.kms.katalon.core.webui.keyword.internal.WebUIKeywordMain.stepFailed(WebUIKeywordMain.groovy:64)
	at com.kms.katalon.core.webui.keyword.builtin.VerifyElementPresentKeyword$_verifyElementPresent_closure1.doCall(VerifyElementPresentKeyword.groovy:85)
	at com.kms.katalon.core.webui.keyword.builtin.VerifyElementPresentKeyword$_verifyElementPresent_closure1.call(VerifyElementPresentKeyword.groovy)
	at com.kms.katalon.core.webui.keyword.internal.WebUIKeywordMain.runKeyword(WebUIKeywordMain.groovy:20)
	at com.kms.katalon.core.webui.keyword.builtin.VerifyElementPresentKeyword.verifyElementPresent(VerifyElementPresentKeyword.groovy:92)
	at com.kms.katalon.core.webui.keyword.builtin.VerifyElementPresentKeyword.execute(VerifyElementPresentKeyword.groovy:68)
	at com.kms.katalon.core.keyword.internal.KeywordExecutor.executeKeywordForPlatform(KeywordExecutor.groovy:74)
	at com.kms.katalon.core.webui.keyword.WebUiBuiltInKeywords.verifyElementPresent(WebUiBuiltInKeywords.groovy:1464)
	at com.kms.katalon.core.webui.keyword.WebUiBuiltInKeywords$verifyElementPresent$11.call(Unknown Source)
	at Personal_Joint_Summary_TC.run(Personal_Joint_Summary_TC:237)
	at com.kms.katalon.core.main.ScriptEngine.run(ScriptEngine.java:194)
	at com.kms.katalon.core.main.ScriptEngine.runScriptAsRawText(ScriptEngine.java:119)
	at com.kms.katalon.core.main.TestCaseExecutor.runScript(TestCaseExecutor.java:448)
	at com.kms.katalon.core.main.TestCaseExecutor.doExecute(TestCaseExecutor.java:439)
	at com.kms.katalon.core.main.TestCaseExecutor.processExecutionPhase(TestCaseExecutor.java:418)
	at com.kms.katalon.core.main.TestCaseExecutor.accessMainPhase(TestCaseExecutor.java:410)
	at com.kms.katalon.core.main.TestCaseExecutor.execute(TestCaseExecutor.java:285)
	at com.kms.katalon.core.common.CommonExecutor.accessTestCaseMainPhase(CommonExecutor.java:65)
	at com.kms.katalon.core.main.TestSuiteExecutor.accessTestSuiteMainPhase(TestSuiteExecutor.java:148)
	at com.kms.katalon.core.main.TestSuiteExecutor.execute(TestSuiteExecutor.java:106)
	at com.kms.katalon.core.main.TestCaseMain.startTestSuite(TestCaseMain.java:187)
	at com.kms.katalon.core.main.TestCaseMain$startTestSuite$0.call(Unknown Source)
	at TempTestSuite1731030484036.run(TempTestSuite1731030484036.groovy:35)
Caused by: com.kms.katalon.core.exception.StepFailedException: com.kms.katalon.core.webui.exception.WebElementNotFoundException: Web element with id: 'Object Repository/RAD_Pages/PaymentEntry_Page/input__billingName' located by '//*[@type = 'text' and @name = 'billingName' and @id = 'billingName']' not found
	... 23 more


2024-11-07 21:48:36 - [TEST_STEP][PASSED] - resText = "Fail": null

2024-11-07 21:48:36 - [TEST_STEP][PASSED] - resColumn = "Result": null

2024-11-07 21:48:36 - [TEST_STEP][PASSED] - datCloumn = "Date": null

2024-11-07 21:48:36 - [TEST_STEP][PASSED] - fileLoc = "KatalonData/RADTestData/Summary.xlsx": null

2024-11-07 21:48:36 - [TEST_STEP][PASSED] - nameSheet = "Personal_JNT": null

2024-11-07 21:48:36 - [TEST_STEP][PASSED] - dataFile = "RADTestData/Summary_Personal_JNT": null

2024-11-07 21:48:36 - [TEST_STEP][PASSED] - orPath_Landing = "Object Repository/RAD_Pages/Landing_Page": null

2024-11-07 21:48:36 - [TEST_STEP][PASSED] - orPath_TaxTypeFilingYear = "Object Repository/RAD_Pages/TaxTypeFilingYear_Page": null

2024-11-07 21:48:36 - [TEST_STEP][PASSED] - orPath_Amount = "Object Repository/RAD_Pages/PaymentAmount_Page": null

2024-11-07 21:48:36 - [TEST_STEP][PASSED] - orPath_AddressContact = "Object Repository/RAD_Pages/AddressAndContactInfo_Page": null

2024-11-07 21:48:36 - [TEST_STEP][PASSED] - orPath_Summary = "Object Repository/RAD_Pages/Summary_Page": null

2024-11-07 21:48:36 - [TEST_STEP][PASSED] - orPath_PaymentConfirmation = "Object Repository/RAD_Pages/PaymentConfirmation_Page": null

2024-11-07 21:48:36 - [TEST_STEP][PASSED] - orPath_ServiceFeesAccept = "Object Repository/RAD_Pages/ServiceFeeAccept_Page": null

2024-11-07 21:48:36 - [TEST_STEP][PASSED] - orPath_PaymentEntry = "Object Repository/RAD_Pages/PaymentEntry_Page": null

2024-11-07 21:48:36 - [TEST_STEP][PASSED] - orPath_FilingStatus = "Object Repository/RAD_Pages/FilingStatus_Page": null

2024-11-07 21:48:36 - [TEST_STEP][PASSED] - ExecuteTC = <not implemented yet for class: org.codehaus.groovy.ast.expr.EmptyExpression>: null

2024-11-07 21:48:36 - [TEST_STEP][PASSED] - TaxType = <not implemented yet for class: org.codehaus.groovy.ast.expr.EmptyExpression>: null

2024-11-07 21:48:36 - [TEST_STEP][PASSED] - PaymentType = <not implemented yet for class: org.codehaus.groovy.ast.expr.EmptyExpression>: null

2024-11-07 21:48:36 - [TEST_STEP][PASSED] - FilingYear = <not implemented yet for class: org.codehaus.groovy.ast.expr.EmptyExpression>: null

2024-11-07 21:48:36 - [TEST_STEP][PASSED] - PeriodEndingMonth = <not implemented yet for class: org.codehaus.groovy.ast.expr.EmptyExpression>: null

2024-11-07 21:48:36 - [TEST_STEP][PASSED] - executionProfile = getExecutionProfile(): null

2024-11-07 21:48:36 - [TEST_STEP][PASSED] - numOfRows = findTestData(dataFile).getRowNumbers(): null

2024-11-07 21:48:36 - [TEST_STEP][PASSED] - println("Number of Records: " + numOfRows): null

2024-11-07 21:48:36 - [TEST_STEP][FAILED] - for ([row = 1, row <= numOfRows, (row++)]): null

2024-11-07 21:48:36 - [TEST_STEP][PASSED] - ExecuteTC = findTestData(dataFile).getValue("Execute", row): null

2024-11-07 21:48:36 - [TEST_STEP][PASSED] - TaxType = findTestData(dataFile).getValue("TaxType", row): null

2024-11-07 21:48:36 - [TEST_STEP][PASSED] - PaymentType = findTestData(dataFile).getValue("PaymentType", row): null

2024-11-07 21:48:36 - [TEST_STEP][PASSED] - FilingYear = findTestData(dataFile).getValue("Year", row): null

2024-11-07 21:48:36 - [TEST_STEP][PASSED] - if (ExecuteTC.equalsIgnoreCase("Y")): Object 'Object Repository/RAD_Pages/PaymentEntry_Page/input__billingName' is present

2024-11-07 21:48:36 - [TEST_STEP][PASSED] - out.println("Begin Record Number: " + row): null

2024-11-07 21:48:36 - [TEST_STEP][PASSED] - today = new java.util.Date(): null

2024-11-07 21:48:36 - [TEST_STEP][PASSED] - println(today): null

2024-11-07 21:48:36 - [TEST_STEP][PASSED] - datText = today: null

2024-11-07 21:48:36 - [TEST_STEP][PASSED] - logInfo("Payment Type: " + PaymentType): Payment Type: Quarterly Estimated Tax

2024-11-07 21:48:36 - [MESSAGE][INFO] - Payment Type: Quarterly Estimated Tax

2024-11-07 21:48:36 - [TEST_STEP][PASSED] - logInfo("Tax Type: " + TaxType): Tax Type: Personal Income Tax

2024-11-07 21:48:36 - [MESSAGE][INFO] - Tax Type: Personal Income Tax

2024-11-07 21:48:36 - [TEST_STEP][PASSED] - openBrowser(""): Browser is opened with url: ''

2024-11-07 21:48:36 - [MESSAGE][WARNING] - A browser is already opened. Closing browser and opening a new one

2024-11-07 21:48:38 - [MESSAGE][INFO] - Starting 'Chrome' driver

2024-11-07 21:48:38 - [MESSAGE][INFO] - User set preference: ['acceptInsecureCerts', 'true']

2024-11-07 21:48:38 - [MESSAGE][INFO] - Action delay is set to 0 milliseconds

2024-11-07 21:48:40 - [MESSAGE][PASSED] - Browser is opened with url: ''

2024-11-07 21:48:40 - [TEST_STEP][PASSED] - maximizeWindow(): Current window maximized

2024-11-07 21:48:40 - [MESSAGE][PASSED] - Current window maximized

2024-11-07 21:48:40 - [TEST_STEP][PASSED] - navigateToUrl(RADurl): Navigate to 'https://www.velocitypayment.com/client/rad/index.html' successfully

2024-11-07 21:48:42 - [MESSAGE][PASSED] - Navigate to 'https://www.velocitypayment.com/client/rad/index.html' successfully

2024-11-07 21:48:42 - [TEST_STEP][PASSED] - selectOptionByLabel(findTestObject(orPath_Landing + "/dd_TaxType"), PaymentType, false): All options with label 'Quarterly Estimated Tax' are selected in object 'Object Repository/RAD_Pages/Landing_Page/dd_TaxType' 

2024-11-07 21:48:42 - [MESSAGE][PASSED] - All options with label 'Quarterly Estimated Tax' are selected in object 'Object Repository/RAD_Pages/Landing_Page/dd_TaxType' 

2024-11-07 21:48:42 - [TEST_STEP][PASSED] - switch (PaymentType): null

2024-11-07 21:48:42 - [TEST_STEP][PASSED] - case "Quarterly Estimated Tax":: null

2024-11-07 21:48:42 - [TEST_STEP][PASSED] - selectOptionByLabel(findTestObject(orPath_TaxTypeFilingYear + "/select_PaymentType"), TaxType, false): All options with label 'Personal Income Tax' are selected in object 'Object Repository/RAD_Pages/TaxTypeFilingYear_Page/select_PaymentType' 

2024-11-07 21:48:43 - [MESSAGE][PASSED] - All options with label 'Personal Income Tax' are selected in object 'Object Repository/RAD_Pages/TaxTypeFilingYear_Page/select_PaymentType' 

2024-11-07 21:48:43 - [TEST_STEP][PASSED] - break: null

2024-11-07 21:48:43 - [TEST_STEP][PASSED] - if (!(FilingYear.isEmpty())): All options with label '2024' are selected in object 'Object Repository/RAD_Pages/TaxTypeFilingYear_Page/select_FilingYear' 

2024-11-07 21:48:43 - [TEST_STEP][PASSED] - selectOptionByLabel(findTestObject(orPath_TaxTypeFilingYear + "/select_FilingYear"), FilingYear, false): All options with label '2024' are selected in object 'Object Repository/RAD_Pages/TaxTypeFilingYear_Page/select_FilingYear' 

2024-11-07 21:48:44 - [MESSAGE][PASSED] - All options with label '2024' are selected in object 'Object Repository/RAD_Pages/TaxTypeFilingYear_Page/select_FilingYear' 

2024-11-07 21:48:44 - [TEST_STEP][PASSED] - if (TaxType.equalsIgnoreCase("Estate Tax")): null

2024-11-07 21:48:44 - [TEST_STEP][PASSED] - else: rad.getSetDataRAD.setDataRADssnAndName is PASSED

2024-11-07 21:48:44 - [TEST_STEP][PASSED] - rad.getSetDataRAD.setDataRADssnAndName(): rad.getSetDataRAD.setDataRADssnAndName is PASSED

2024-11-07 21:48:44 - [MESSAGE][PASSED] - Text 'Jimmy' is set on object 'Object Repository/RAD_Pages/Taxpayer_Page/input_firstName'

2024-11-07 21:48:45 - [MESSAGE][PASSED] - Text 'Davi' is set on object 'Object Repository/RAD_Pages/Taxpayer_Page/input_lastName'

2024-11-07 21:48:46 - [MESSAGE][PASSED] - Text '123450001' is set on object 'Object Repository/RAD_RecordAndPlay/input_concatSSN'

2024-11-07 21:48:46 - [MESSAGE][PASSED] - Text '123450001' is set on object 'Object Repository/RAD_RecordAndPlay/input_concatReSSN'

2024-11-07 21:48:46 - [MESSAGE][PASSED] - rad.getSetDataRAD.setDataRADssnAndName is PASSED

2024-11-07 21:48:46 - [TEST_STEP][PASSED] - rad.getSetDataRAD.setDataRADAddress(): rad.getSetDataRAD.setDataRADAddress is PASSED

2024-11-07 21:48:47 - [MESSAGE][PASSED] - All options with label 'United States' are selected in object 'Object Repository/RAD_Pages/AddressAndContactInfo_Page/select_Country' 

2024-11-07 21:48:48 - [MESSAGE][PASSED] - Text '2508 Mandan Terrace' is set on object 'Object Repository/RAD_Pages/AddressAndContactInfo_Page/input_streetAddress1'

2024-11-07 21:48:49 - [MESSAGE][PASSED] - Text '' is set on object 'Object Repository/RAD_Pages/AddressAndContactInfo_Page/input_streetAddress2'

2024-11-07 21:48:49 - [MESSAGE][PASSED] - Text 'Gambrills' is set on object 'Object Repository/RAD_Pages/AddressAndContactInfo_Page/input_city'

2024-11-07 21:48:50 - [MESSAGE][PASSED] - All options with label 'Maryland' are selected in object 'Object Repository/RAD_Pages/AddressAndContactInfo_Page/select_State' 

2024-11-07 21:48:51 - [MESSAGE][PASSED] - Text '21054' is set on object 'Object Repository/RAD_Pages/AddressAndContactInfo_Page/input_zipCode'

2024-11-07 21:48:52 - [MESSAGE][PASSED] - Text '(703) 894-5000' is set on object 'Object Repository/RAD_Pages/AddressAndContactInfo_Page/input_phoneNumber'

2024-11-07 21:48:53 - [MESSAGE][PASSED] - Text 'iahmed@govolution.com' is set on object 'Object Repository/RAD_Pages/AddressAndContactInfo_Page/input_eMailAddress'

2024-11-07 21:48:54 - [MESSAGE][PASSED] - Text 'iahmed@govolution.com' is set on object 'Object Repository/RAD_Pages/AddressAndContactInfo_Page/input_reEnterEMailAddress'

2024-11-07 21:48:54 - [MESSAGE][PASSED] - rad.getSetDataRAD.setDataRADAddress is PASSED

2024-11-07 21:48:54 - [TEST_STEP][PASSED] - scrollToElement(findTestObject(orPath_Landing + "/button_Continue"), 3): Scroll to object 'Object Repository/RAD_Pages/Landing_Page/button_Continue' successfully

2024-11-07 21:48:54 - [MESSAGE][PASSED] - Scroll to object 'Object Repository/RAD_Pages/Landing_Page/button_Continue' successfully

2024-11-07 21:48:54 - [TEST_STEP][PASSED] - waitForElementClickable(findTestObject(orPath_FilingStatus + "/input_JointFiling_userType_New"), 5): Object 'Object Repository/RAD_Pages/FilingStatus_Page/input_JointFiling_userType_New' is clickable

2024-11-07 21:48:55 - [MESSAGE][PASSED] - Object 'Object Repository/RAD_Pages/FilingStatus_Page/input_JointFiling_userType_New' is clickable

2024-11-07 21:48:55 - [TEST_STEP][PASSED] - check(findTestObject(orPath_FilingStatus + "/input_JointFiling_userType_New")): Object 'Object Repository/RAD_Pages/FilingStatus_Page/input_JointFiling_userType_New' is checked

2024-11-07 21:48:55 - [MESSAGE][PASSED] - Object 'Object Repository/RAD_Pages/FilingStatus_Page/input_JointFiling_userType_New' is checked

2024-11-07 21:48:55 - [TEST_STEP][PASSED] - delay(2): Delayed 2 second(s)

2024-11-07 21:48:57 - [MESSAGE][PASSED] - Delayed 2 second(s)

2024-11-07 21:48:57 - [TEST_STEP][PASSED] - rad.getSetDataRAD.setDataRADssnAndNameJointFiler(): rad.getSetDataRAD.setDataRADssnAndNameJointFiler is PASSED

2024-11-07 21:48:58 - [MESSAGE][PASSED] - Text 'Larsons' is set on object 'Object Repository/RAD_Pages/FilingStatus_Page/input_jointFirstName'

2024-11-07 21:48:58 - [MESSAGE][PASSED] - Text 'Daug' is set on object 'Object Repository/RAD_Pages/FilingStatus_Page/input_jointLastName'

2024-11-07 21:48:59 - [MESSAGE][PASSED] - Text '123450001' is set on object 'Object Repository/RAD_RecordAndPlay/input_JointFilerSSN'

2024-11-07 21:49:00 - [MESSAGE][PASSED] - Text '123450001' is set on object 'Object Repository/RAD_RecordAndPlay/input_reTypeJointFilerSSN'

2024-11-07 21:49:00 - [MESSAGE][PASSED] - rad.getSetDataRAD.setDataRADssnAndNameJointFiler is PASSED

2024-11-07 21:49:00 - [TEST_STEP][PASSED] - setText(findTestObject(orPath_Amount + "/input__paymentAmount"), "100.00"): Text '100.00' is set on object 'Object Repository/RAD_Pages/PaymentAmount_Page/input__paymentAmount'

2024-11-07 21:49:01 - [MESSAGE][PASSED] - Text '100.00' is set on object 'Object Repository/RAD_Pages/PaymentAmount_Page/input__paymentAmount'

2024-11-07 21:49:01 - [TEST_STEP][PASSED] - setText(findTestObject(orPath_AddressContact + "/input_streetAddress2"), ""): Text '' is set on object 'Object Repository/RAD_Pages/AddressAndContactInfo_Page/input_streetAddress2'

2024-11-07 21:49:01 - [MESSAGE][PASSED] - Text '' is set on object 'Object Repository/RAD_Pages/AddressAndContactInfo_Page/input_streetAddress2'

2024-11-07 21:49:01 - [TEST_STEP][PASSED] - scrollToElement(findTestObject(orPath_Landing + "/button_Continue"), 3): Scroll to object 'Object Repository/RAD_Pages/Landing_Page/button_Continue' successfully

2024-11-07 21:49:02 - [MESSAGE][PASSED] - Scroll to object 'Object Repository/RAD_Pages/Landing_Page/button_Continue' successfully

2024-11-07 21:49:02 - [TEST_STEP][PASSED] - waitForElementClickable(findTestObject(orPath_Landing + "/button_Continue"), 5): Object 'Object Repository/RAD_Pages/Landing_Page/button_Continue' is clickable

2024-11-07 21:49:02 - [MESSAGE][PASSED] - Object 'Object Repository/RAD_Pages/Landing_Page/button_Continue' is clickable

2024-11-07 21:49:02 - [TEST_STEP][PASSED] - click(findTestObject(orPath_Landing + "/button_Continue")): Object: 'Object Repository/RAD_Pages/Landing_Page/button_Continue' is clicked on

2024-11-07 21:49:02 - [MESSAGE][PASSED] - Object: 'Object Repository/RAD_Pages/Landing_Page/button_Continue' is clicked on

2024-11-07 21:49:02 - [TEST_STEP][PASSED] - delay(2): Delayed 2 second(s)

2024-11-07 21:49:04 - [MESSAGE][PASSED] - Delayed 2 second(s)

2024-11-07 21:49:04 - [TEST_STEP][PASSED] - verifyTextPresent("Summary", true): Text 'Summary' is present on page  using regular expression

2024-11-07 21:49:05 - [MESSAGE][PASSED] - Text 'Summary' is present on page  using regular expression

2024-11-07 21:49:05 - [TEST_STEP][PASSED] - verifyTextPresent("Review the information below and make any necessary corrections by clicking the", true): Text 'Review the information below and make any necessary corrections by clicking the' is present on page  using regular expression

2024-11-07 21:49:05 - [MESSAGE][PASSED] - Text 'Review the information below and make any necessary corrections by clicking the' is present on page  using regular expression

2024-11-07 21:49:05 - [TEST_STEP][PASSED] - verifyTextPresent("When you are confident that all the information is correct, click the", true): Text 'When you are confident that all the information is correct, click the' is present on page  using regular expression

2024-11-07 21:49:05 - [MESSAGE][PASSED] - Text 'When you are confident that all the information is correct, click the' is present on page  using regular expression

2024-11-07 21:49:05 - [TEST_STEP][PASSED] - verifyTextPresent("Payment Type/Filing Year", true): Text 'Payment Type/Filing Year' is present on page  using regular expression

2024-11-07 21:49:06 - [MESSAGE][PASSED] - Text 'Payment Type/Filing Year' is present on page  using regular expression

2024-11-07 21:49:06 - [TEST_STEP][PASSED] - verifyTextPresent("Payment Type:", true): Text 'Payment Type:' is present on page  using regular expression

2024-11-07 21:49:06 - [MESSAGE][PASSED] - Text 'Payment Type:' is present on page  using regular expression

2024-11-07 21:49:06 - [TEST_STEP][PASSED] - verifyTextPresent(PaymentType, true): Text 'Quarterly Estimated Tax' is present on page  using regular expression

2024-11-07 21:49:06 - [MESSAGE][PASSED] - Text 'Quarterly Estimated Tax' is present on page  using regular expression

2024-11-07 21:49:06 - [TEST_STEP][PASSED] - verifyTextPresent("Filing Year:", true): Text 'Filing Year:' is present on page  using regular expression

2024-11-07 21:49:07 - [MESSAGE][PASSED] - Text 'Filing Year:' is present on page  using regular expression

2024-11-07 21:49:07 - [TEST_STEP][PASSED] - verifyTextPresent(FilingYear, true): Text '2024' is present on page  using regular expression

2024-11-07 21:49:07 - [MESSAGE][PASSED] - Text '2024' is present on page  using regular expression

2024-11-07 21:49:07 - [TEST_STEP][PASSED] - verifyTextPresent("Payer Information", true): Text 'Payer Information' is present on page  using regular expression

2024-11-07 21:49:07 - [MESSAGE][PASSED] - Text 'Payer Information' is present on page  using regular expression

2024-11-07 21:49:07 - [TEST_STEP][PASSED] - verifyTextPresent("Taxpayer Name:", true): Text 'Taxpayer Name:' is present on page  using regular expression

2024-11-07 21:49:08 - [MESSAGE][PASSED] - Text 'Taxpayer Name:' is present on page  using regular expression

2024-11-07 21:49:08 - [TEST_STEP][PASSED] - switch (executionProfile): null

2024-11-07 21:49:08 - [TEST_STEP][PASSED] - verifyTextPresent("Taxpayer SSN:", true): Text 'Taxpayer SSN:' is present on page  using regular expression

2024-11-07 21:49:08 - [MESSAGE][PASSED] - Text 'Taxpayer SSN:' is present on page  using regular expression

2024-11-07 21:49:08 - [TEST_STEP][PASSED] - verifyTextPresent("Taxpayer Address:", true): Text 'Taxpayer Address:' is present on page  using regular expression

2024-11-07 21:49:08 - [MESSAGE][PASSED] - Text 'Taxpayer Address:' is present on page  using regular expression

2024-11-07 21:49:08 - [TEST_STEP][PASSED] - verifyTextPresent("2508 Mandan Terrace Gambrills Maryland 21054", true): Text '2508 Mandan Terrace Gambrills Maryland 21054' is present on page  using regular expression

2024-11-07 21:49:09 - [MESSAGE][PASSED] - Text '2508 Mandan Terrace Gambrills Maryland 21054' is present on page  using regular expression

2024-11-07 21:49:09 - [TEST_STEP][PASSED] - verifyTextPresent("Email:", true): Text 'Email:' is present on page  using regular expression

2024-11-07 21:49:09 - [MESSAGE][PASSED] - Text 'Email:' is present on page  using regular expression

2024-11-07 21:49:09 - [TEST_STEP][PASSED] - verifyTextPresent("iahmed@govolution.com", true): Text 'iahmed@govolution.com' is present on page  using regular expression

2024-11-07 21:49:09 - [MESSAGE][PASSED] - Text 'iahmed@govolution.com' is present on page  using regular expression

2024-11-07 21:49:09 - [TEST_STEP][PASSED] - verifyTextPresent("Phone:", true): Text 'Phone:' is present on page  using regular expression

2024-11-07 21:49:10 - [MESSAGE][PASSED] - Text 'Phone:' is present on page  using regular expression

2024-11-07 21:49:10 - [TEST_STEP][PASSED] - verifyTextPresent("(703) 894-5000", false): Text '(703) 894-5000' is present on page 

2024-11-07 21:49:10 - [MESSAGE][PASSED] - Text '(703) 894-5000' is present on page 

2024-11-07 21:49:10 - [TEST_STEP][PASSED] - verifyTextPresent("Joint Filer Name:", true): Text 'Joint Filer Name:' is present on page  using regular expression

2024-11-07 21:49:10 - [MESSAGE][PASSED] - Text 'Joint Filer Name:' is present on page  using regular expression

2024-11-07 21:49:10 - [TEST_STEP][PASSED] - verifyTextPresent("Joint Filer SSN", true): Text 'Joint Filer SSN' is present on page  using regular expression

2024-11-07 21:49:11 - [MESSAGE][PASSED] - Text 'Joint Filer SSN' is present on page  using regular expression

2024-11-07 21:49:11 - [TEST_STEP][PASSED] - verifyTextPresent("Tax Information", true): Text 'Tax Information' is present on page  using regular expression

2024-11-07 21:49:11 - [MESSAGE][PASSED] - Text 'Tax Information' is present on page  using regular expression

2024-11-07 21:49:11 - [TEST_STEP][PASSED] - verifyTextPresent("Payment Amount:", true): Text 'Payment Amount:' is present on page  using regular expression

2024-11-07 21:49:11 - [MESSAGE][PASSED] - Text 'Payment Amount:' is present on page  using regular expression

2024-11-07 21:49:11 - [TEST_STEP][PASSED] - verifyTextPresent("100.00", true): Text '100.00' is present on page  using regular expression

2024-11-07 21:49:12 - [MESSAGE][PASSED] - Text '100.00' is present on page  using regular expression

2024-11-07 21:49:12 - [TEST_STEP][PASSED] - verifyTextNotPresent("Federal EIN:", true): Text 'Federal EIN:' is not present on page using regular expression

2024-11-07 21:49:12 - [MESSAGE][PASSED] - Text 'Federal EIN:' is not present on page using regular expression

2024-11-07 21:49:12 - [TEST_STEP][PASSED] - verifyTextNotPresent("FEIN/SSN:", true): Text 'FEIN/SSN:' is not present on page using regular expression

2024-11-07 21:49:12 - [MESSAGE][PASSED] - Text 'FEIN/SSN:' is not present on page using regular expression

2024-11-07 21:49:12 - [TEST_STEP][PASSED] - if (verifyElementVisible(findTestObject(orPath_Summary + "/button_Proceed to Payment"))): null

2024-11-07 21:49:13 - [MESSAGE][PASSED] - Object 'Object Repository/RAD_Pages/Summary_Page/button_Proceed to Payment' is visible

2024-11-07 21:49:13 - [TEST_STEP][PASSED] - resText = "Pass": null

2024-11-07 21:49:13 - [TEST_STEP][PASSED] - pages.WriteExcel.demoKey(resText, datText, resColumn, datCloumn, fileLoc, nameSheet, row): pages.WriteExcel.demoKey is PASSED

2024-11-07 21:49:13 - [MESSAGE][PASSED] - pages.WriteExcel.demoKey is PASSED

2024-11-07 21:49:13 - [TEST_STEP][PASSED] - click(findTestObject(orPath_Summary + "/button_Proceed to Payment")): Object: 'Object Repository/RAD_Pages/Summary_Page/button_Proceed to Payment' is clicked on

2024-11-07 21:49:15 - [MESSAGE][PASSED] - Object: 'Object Repository/RAD_Pages/Summary_Page/button_Proceed to Payment' is clicked on

2024-11-07 21:49:15 - [TEST_STEP][PASSED] - verifyElementPresent(findTestObject("Object Repository/RAD_Pages/PaymentEntry_Page/input__billingName"), 30): Object 'Object Repository/RAD_Pages/PaymentEntry_Page/input__billingName' is present

2024-11-07 21:49:16 - [MESSAGE][PASSED] - Object 'Object Repository/RAD_Pages/PaymentEntry_Page/input__billingName' is present

2024-11-07 21:49:16 - [TEST_STEP][PASSED] - ExecuteTC = findTestData(dataFile).getValue("Execute", row): null

2024-11-07 21:49:16 - [TEST_STEP][PASSED] - TaxType = findTestData(dataFile).getValue("TaxType", row): null

2024-11-07 21:49:16 - [TEST_STEP][PASSED] - PaymentType = findTestData(dataFile).getValue("PaymentType", row): null

2024-11-07 21:49:16 - [TEST_STEP][PASSED] - FilingYear = findTestData(dataFile).getValue("Year", row): null

2024-11-07 21:49:16 - [TEST_STEP][PASSED] - if (ExecuteTC.equalsIgnoreCase("Y")): Object 'Object Repository/RAD_Pages/PaymentEntry_Page/input__billingName' is present

2024-11-07 21:49:16 - [TEST_STEP][PASSED] - out.println("Begin Record Number: " + row): null

2024-11-07 21:49:16 - [TEST_STEP][PASSED] - today = new java.util.Date(): null

2024-11-07 21:49:16 - [TEST_STEP][PASSED] - println(today): null

2024-11-07 21:49:16 - [TEST_STEP][PASSED] - datText = today: null

2024-11-07 21:49:16 - [TEST_STEP][PASSED] - logInfo("Payment Type: " + PaymentType): Payment Type: Extension Payments

2024-11-07 21:49:16 - [MESSAGE][INFO] - Payment Type: Extension Payments

2024-11-07 21:49:16 - [TEST_STEP][PASSED] - logInfo("Tax Type: " + TaxType): Tax Type: Personal Income Tax

2024-11-07 21:49:16 - [MESSAGE][INFO] - Tax Type: Personal Income Tax

2024-11-07 21:49:16 - [TEST_STEP][PASSED] - openBrowser(""): Browser is opened with url: ''

2024-11-07 21:49:16 - [MESSAGE][WARNING] - A browser is already opened. Closing browser and opening a new one

2024-11-07 21:49:17 - [MESSAGE][INFO] - Starting 'Chrome' driver

2024-11-07 21:49:17 - [MESSAGE][INFO] - User set preference: ['acceptInsecureCerts', 'true']

2024-11-07 21:49:17 - [MESSAGE][INFO] - Action delay is set to 0 milliseconds

2024-11-07 21:49:19 - [MESSAGE][PASSED] - Browser is opened with url: ''

2024-11-07 21:49:19 - [TEST_STEP][PASSED] - maximizeWindow(): Current window maximized

2024-11-07 21:49:20 - [MESSAGE][PASSED] - Current window maximized

2024-11-07 21:49:20 - [TEST_STEP][PASSED] - navigateToUrl(RADurl): Navigate to 'https://www.velocitypayment.com/client/rad/index.html' successfully

2024-11-07 21:49:20 - [MESSAGE][PASSED] - Navigate to 'https://www.velocitypayment.com/client/rad/index.html' successfully

2024-11-07 21:49:20 - [TEST_STEP][PASSED] - selectOptionByLabel(findTestObject(orPath_Landing + "/dd_TaxType"), PaymentType, false): All options with label 'Extension Payments' are selected in object 'Object Repository/RAD_Pages/Landing_Page/dd_TaxType' 

2024-11-07 21:49:22 - [MESSAGE][PASSED] - All options with label 'Extension Payments' are selected in object 'Object Repository/RAD_Pages/Landing_Page/dd_TaxType' 

2024-11-07 21:49:22 - [TEST_STEP][PASSED] - switch (PaymentType): null

2024-11-07 21:49:22 - [TEST_STEP][PASSED] - case "Extension Payments":: null

2024-11-07 21:49:22 - [TEST_STEP][PASSED] - selectOptionByLabel(findTestObject(orPath_TaxTypeFilingYear + "/select_PaymentType"), TaxType, false): All options with label 'Personal Income Tax' are selected in object 'Object Repository/RAD_Pages/TaxTypeFilingYear_Page/select_PaymentType' 

2024-11-07 21:49:23 - [MESSAGE][PASSED] - All options with label 'Personal Income Tax' are selected in object 'Object Repository/RAD_Pages/TaxTypeFilingYear_Page/select_PaymentType' 

2024-11-07 21:49:23 - [TEST_STEP][PASSED] - break: null

2024-11-07 21:49:23 - [TEST_STEP][PASSED] - if (!(FilingYear.isEmpty())): All options with label '2023' are selected in object 'Object Repository/RAD_Pages/TaxTypeFilingYear_Page/select_FilingYear' 

2024-11-07 21:49:23 - [TEST_STEP][PASSED] - selectOptionByLabel(findTestObject(orPath_TaxTypeFilingYear + "/select_FilingYear"), FilingYear, false): All options with label '2023' are selected in object 'Object Repository/RAD_Pages/TaxTypeFilingYear_Page/select_FilingYear' 

2024-11-07 21:49:24 - [MESSAGE][PASSED] - All options with label '2023' are selected in object 'Object Repository/RAD_Pages/TaxTypeFilingYear_Page/select_FilingYear' 

2024-11-07 21:49:24 - [TEST_STEP][PASSED] - if (TaxType.equalsIgnoreCase("Estate Tax")): null

2024-11-07 21:49:24 - [TEST_STEP][PASSED] - else: rad.getSetDataRAD.setDataRADssnAndName is PASSED

2024-11-07 21:49:24 - [TEST_STEP][PASSED] - rad.getSetDataRAD.setDataRADssnAndName(): rad.getSetDataRAD.setDataRADssnAndName is PASSED

2024-11-07 21:49:24 - [MESSAGE][PASSED] - Text 'Jimmy' is set on object 'Object Repository/RAD_Pages/Taxpayer_Page/input_firstName'

2024-11-07 21:49:25 - [MESSAGE][PASSED] - Text 'Davi' is set on object 'Object Repository/RAD_Pages/Taxpayer_Page/input_lastName'

2024-11-07 21:49:26 - [MESSAGE][PASSED] - Text '123450001' is set on object 'Object Repository/RAD_RecordAndPlay/input_concatSSN'

2024-11-07 21:49:26 - [MESSAGE][PASSED] - Text '123450001' is set on object 'Object Repository/RAD_RecordAndPlay/input_concatReSSN'

2024-11-07 21:49:27 - [MESSAGE][PASSED] - rad.getSetDataRAD.setDataRADssnAndName is PASSED

2024-11-07 21:49:27 - [TEST_STEP][PASSED] - rad.getSetDataRAD.setDataRADAddress(): rad.getSetDataRAD.setDataRADAddress is PASSED

2024-11-07 21:49:27 - [MESSAGE][PASSED] - All options with label 'United States' are selected in object 'Object Repository/RAD_Pages/AddressAndContactInfo_Page/select_Country' 

2024-11-07 21:49:28 - [MESSAGE][PASSED] - Text '2508 Mandan Terrace' is set on object 'Object Repository/RAD_Pages/AddressAndContactInfo_Page/input_streetAddress1'

2024-11-07 21:49:29 - [MESSAGE][PASSED] - Text '' is set on object 'Object Repository/RAD_Pages/AddressAndContactInfo_Page/input_streetAddress2'

2024-11-07 21:49:30 - [MESSAGE][PASSED] - Text 'Gambrills' is set on object 'Object Repository/RAD_Pages/AddressAndContactInfo_Page/input_city'

2024-11-07 21:49:30 - [MESSAGE][PASSED] - All options with label 'Maryland' are selected in object 'Object Repository/RAD_Pages/AddressAndContactInfo_Page/select_State' 

2024-11-07 21:49:31 - [MESSAGE][PASSED] - Text '21054' is set on object 'Object Repository/RAD_Pages/AddressAndContactInfo_Page/input_zipCode'

2024-11-07 21:49:32 - [MESSAGE][PASSED] - Text '(703) 894-5000' is set on object 'Object Repository/RAD_Pages/AddressAndContactInfo_Page/input_phoneNumber'

2024-11-07 21:49:33 - [MESSAGE][PASSED] - Text 'iahmed@govolution.com' is set on object 'Object Repository/RAD_Pages/AddressAndContactInfo_Page/input_eMailAddress'

2024-11-07 21:49:34 - [MESSAGE][PASSED] - Text 'iahmed@govolution.com' is set on object 'Object Repository/RAD_Pages/AddressAndContactInfo_Page/input_reEnterEMailAddress'

2024-11-07 21:49:34 - [MESSAGE][PASSED] - rad.getSetDataRAD.setDataRADAddress is PASSED

2024-11-07 21:49:34 - [TEST_STEP][PASSED] - scrollToElement(findTestObject(orPath_Landing + "/button_Continue"), 3): Scroll to object 'Object Repository/RAD_Pages/Landing_Page/button_Continue' successfully

2024-11-07 21:49:34 - [MESSAGE][PASSED] - Scroll to object 'Object Repository/RAD_Pages/Landing_Page/button_Continue' successfully

2024-11-07 21:49:34 - [TEST_STEP][PASSED] - waitForElementClickable(findTestObject(orPath_FilingStatus + "/input_JointFiling_userType_New"), 5): Object 'Object Repository/RAD_Pages/FilingStatus_Page/input_JointFiling_userType_New' is clickable

2024-11-07 21:49:35 - [MESSAGE][PASSED] - Object 'Object Repository/RAD_Pages/FilingStatus_Page/input_JointFiling_userType_New' is clickable

2024-11-07 21:49:35 - [TEST_STEP][PASSED] - check(findTestObject(orPath_FilingStatus + "/input_JointFiling_userType_New")): Object 'Object Repository/RAD_Pages/FilingStatus_Page/input_JointFiling_userType_New' is checked

2024-11-07 21:49:35 - [MESSAGE][PASSED] - Object 'Object Repository/RAD_Pages/FilingStatus_Page/input_JointFiling_userType_New' is checked

2024-11-07 21:49:35 - [TEST_STEP][PASSED] - delay(2): Delayed 2 second(s)

2024-11-07 21:49:37 - [MESSAGE][PASSED] - Delayed 2 second(s)

2024-11-07 21:49:37 - [TEST_STEP][PASSED] - rad.getSetDataRAD.setDataRADssnAndNameJointFiler(): rad.getSetDataRAD.setDataRADssnAndNameJointFiler is PASSED

2024-11-07 21:49:38 - [MESSAGE][PASSED] - Text 'Larsons' is set on object 'Object Repository/RAD_Pages/FilingStatus_Page/input_jointFirstName'

2024-11-07 21:49:39 - [MESSAGE][PASSED] - Text 'Daug' is set on object 'Object Repository/RAD_Pages/FilingStatus_Page/input_jointLastName'

2024-11-07 21:49:39 - [MESSAGE][PASSED] - Text '123450001' is set on object 'Object Repository/RAD_RecordAndPlay/input_JointFilerSSN'

2024-11-07 21:49:40 - [MESSAGE][PASSED] - Text '123450001' is set on object 'Object Repository/RAD_RecordAndPlay/input_reTypeJointFilerSSN'

2024-11-07 21:49:40 - [MESSAGE][PASSED] - rad.getSetDataRAD.setDataRADssnAndNameJointFiler is PASSED

2024-11-07 21:49:40 - [TEST_STEP][PASSED] - setText(findTestObject(orPath_Amount + "/input__paymentAmount"), "100.00"): Text '100.00' is set on object 'Object Repository/RAD_Pages/PaymentAmount_Page/input__paymentAmount'

2024-11-07 21:49:40 - [MESSAGE][PASSED] - Text '100.00' is set on object 'Object Repository/RAD_Pages/PaymentAmount_Page/input__paymentAmount'

2024-11-07 21:49:40 - [TEST_STEP][PASSED] - setText(findTestObject(orPath_AddressContact + "/input_streetAddress2"), ""): Text '' is set on object 'Object Repository/RAD_Pages/AddressAndContactInfo_Page/input_streetAddress2'

2024-11-07 21:49:41 - [MESSAGE][PASSED] - Text '' is set on object 'Object Repository/RAD_Pages/AddressAndContactInfo_Page/input_streetAddress2'

2024-11-07 21:49:41 - [TEST_STEP][PASSED] - scrollToElement(findTestObject(orPath_Landing + "/button_Continue"), 3): Scroll to object 'Object Repository/RAD_Pages/Landing_Page/button_Continue' successfully

2024-11-07 21:49:41 - [MESSAGE][PASSED] - Scroll to object 'Object Repository/RAD_Pages/Landing_Page/button_Continue' successfully

2024-11-07 21:49:41 - [TEST_STEP][PASSED] - waitForElementClickable(findTestObject(orPath_Landing + "/button_Continue"), 5): Object 'Object Repository/RAD_Pages/Landing_Page/button_Continue' is clickable

2024-11-07 21:49:42 - [MESSAGE][PASSED] - Object 'Object Repository/RAD_Pages/Landing_Page/button_Continue' is clickable

2024-11-07 21:49:42 - [TEST_STEP][PASSED] - click(findTestObject(orPath_Landing + "/button_Continue")): Object: 'Object Repository/RAD_Pages/Landing_Page/button_Continue' is clicked on

2024-11-07 21:49:42 - [MESSAGE][PASSED] - Object: 'Object Repository/RAD_Pages/Landing_Page/button_Continue' is clicked on

2024-11-07 21:49:42 - [TEST_STEP][PASSED] - delay(2): Delayed 2 second(s)

2024-11-07 21:49:44 - [MESSAGE][PASSED] - Delayed 2 second(s)

2024-11-07 21:49:44 - [TEST_STEP][PASSED] - verifyTextPresent("Summary", true): Text 'Summary' is present on page  using regular expression

2024-11-07 21:49:44 - [MESSAGE][PASSED] - Text 'Summary' is present on page  using regular expression

2024-11-07 21:49:44 - [TEST_STEP][PASSED] - verifyTextPresent("Review the information below and make any necessary corrections by clicking the", true): Text 'Review the information below and make any necessary corrections by clicking the' is present on page  using regular expression

2024-11-07 21:49:45 - [MESSAGE][PASSED] - Text 'Review the information below and make any necessary corrections by clicking the' is present on page  using regular expression

2024-11-07 21:49:45 - [TEST_STEP][PASSED] - verifyTextPresent("When you are confident that all the information is correct, click the", true): Text 'When you are confident that all the information is correct, click the' is present on page  using regular expression

2024-11-07 21:49:45 - [MESSAGE][PASSED] - Text 'When you are confident that all the information is correct, click the' is present on page  using regular expression

2024-11-07 21:49:45 - [TEST_STEP][PASSED] - verifyTextPresent("Payment Type/Filing Year", true): Text 'Payment Type/Filing Year' is present on page  using regular expression

2024-11-07 21:49:45 - [MESSAGE][PASSED] - Text 'Payment Type/Filing Year' is present on page  using regular expression

2024-11-07 21:49:45 - [TEST_STEP][PASSED] - verifyTextPresent("Payment Type:", true): Text 'Payment Type:' is present on page  using regular expression

2024-11-07 21:49:46 - [MESSAGE][PASSED] - Text 'Payment Type:' is present on page  using regular expression

2024-11-07 21:49:46 - [TEST_STEP][PASSED] - verifyTextPresent(PaymentType, true): Text 'Extension Payments' is present on page  using regular expression

2024-11-07 21:49:46 - [MESSAGE][PASSED] - Text 'Extension Payments' is present on page  using regular expression

2024-11-07 21:49:46 - [TEST_STEP][PASSED] - verifyTextPresent("Filing Year:", true): Text 'Filing Year:' is present on page  using regular expression

2024-11-07 21:49:46 - [MESSAGE][PASSED] - Text 'Filing Year:' is present on page  using regular expression

2024-11-07 21:49:46 - [TEST_STEP][PASSED] - verifyTextPresent(FilingYear, true): Text '2023' is present on page  using regular expression

2024-11-07 21:49:47 - [MESSAGE][PASSED] - Text '2023' is present on page  using regular expression

2024-11-07 21:49:47 - [TEST_STEP][PASSED] - verifyTextPresent("Payer Information", true): Text 'Payer Information' is present on page  using regular expression

2024-11-07 21:49:47 - [MESSAGE][PASSED] - Text 'Payer Information' is present on page  using regular expression

2024-11-07 21:49:47 - [TEST_STEP][PASSED] - verifyTextPresent("Taxpayer Name:", true): Text 'Taxpayer Name:' is present on page  using regular expression

2024-11-07 21:49:47 - [MESSAGE][PASSED] - Text 'Taxpayer Name:' is present on page  using regular expression

2024-11-07 21:49:47 - [TEST_STEP][PASSED] - switch (executionProfile): null

2024-11-07 21:49:47 - [TEST_STEP][PASSED] - verifyTextPresent("Taxpayer SSN:", true): Text 'Taxpayer SSN:' is present on page  using regular expression

2024-11-07 21:49:48 - [MESSAGE][PASSED] - Text 'Taxpayer SSN:' is present on page  using regular expression

2024-11-07 21:49:48 - [TEST_STEP][PASSED] - verifyTextPresent("Taxpayer Address:", true): Text 'Taxpayer Address:' is present on page  using regular expression

2024-11-07 21:49:48 - [MESSAGE][PASSED] - Text 'Taxpayer Address:' is present on page  using regular expression

2024-11-07 21:49:48 - [TEST_STEP][PASSED] - verifyTextPresent("2508 Mandan Terrace Gambrills Maryland 21054", true): Text '2508 Mandan Terrace Gambrills Maryland 21054' is present on page  using regular expression

2024-11-07 21:49:48 - [MESSAGE][PASSED] - Text '2508 Mandan Terrace Gambrills Maryland 21054' is present on page  using regular expression

2024-11-07 21:49:48 - [TEST_STEP][PASSED] - verifyTextPresent("Email:", true): Text 'Email:' is present on page  using regular expression

2024-11-07 21:49:49 - [MESSAGE][PASSED] - Text 'Email:' is present on page  using regular expression

2024-11-07 21:49:49 - [TEST_STEP][PASSED] - verifyTextPresent("iahmed@govolution.com", true): Text 'iahmed@govolution.com' is present on page  using regular expression

2024-11-07 21:49:49 - [MESSAGE][PASSED] - Text 'iahmed@govolution.com' is present on page  using regular expression

2024-11-07 21:49:49 - [TEST_STEP][PASSED] - verifyTextPresent("Phone:", true): Text 'Phone:' is present on page  using regular expression

2024-11-07 21:49:49 - [MESSAGE][PASSED] - Text 'Phone:' is present on page  using regular expression

2024-11-07 21:49:49 - [TEST_STEP][PASSED] - verifyTextPresent("(703) 894-5000", false): Text '(703) 894-5000' is present on page 

2024-11-07 21:49:50 - [MESSAGE][PASSED] - Text '(703) 894-5000' is present on page 

2024-11-07 21:49:50 - [TEST_STEP][PASSED] - verifyTextPresent("Joint Filer Name:", true): Text 'Joint Filer Name:' is present on page  using regular expression

2024-11-07 21:49:50 - [MESSAGE][PASSED] - Text 'Joint Filer Name:' is present on page  using regular expression

2024-11-07 21:49:50 - [TEST_STEP][PASSED] - verifyTextPresent("Joint Filer SSN", true): Text 'Joint Filer SSN' is present on page  using regular expression

2024-11-07 21:49:50 - [MESSAGE][PASSED] - Text 'Joint Filer SSN' is present on page  using regular expression

2024-11-07 21:49:50 - [TEST_STEP][PASSED] - verifyTextPresent("Tax Information", true): Text 'Tax Information' is present on page  using regular expression

2024-11-07 21:49:51 - [MESSAGE][PASSED] - Text 'Tax Information' is present on page  using regular expression

2024-11-07 21:49:51 - [TEST_STEP][PASSED] - verifyTextPresent("Payment Amount:", true): Text 'Payment Amount:' is present on page  using regular expression

2024-11-07 21:49:51 - [MESSAGE][PASSED] - Text 'Payment Amount:' is present on page  using regular expression

2024-11-07 21:49:51 - [TEST_STEP][PASSED] - verifyTextPresent("100.00", true): Text '100.00' is present on page  using regular expression

2024-11-07 21:49:51 - [MESSAGE][PASSED] - Text '100.00' is present on page  using regular expression

2024-11-07 21:49:51 - [TEST_STEP][PASSED] - verifyTextNotPresent("Federal EIN:", true): Text 'Federal EIN:' is not present on page using regular expression

2024-11-07 21:49:52 - [MESSAGE][PASSED] - Text 'Federal EIN:' is not present on page using regular expression

2024-11-07 21:49:52 - [TEST_STEP][PASSED] - verifyTextNotPresent("FEIN/SSN:", true): Text 'FEIN/SSN:' is not present on page using regular expression

2024-11-07 21:49:52 - [MESSAGE][PASSED] - Text 'FEIN/SSN:' is not present on page using regular expression

2024-11-07 21:49:52 - [TEST_STEP][PASSED] - if (verifyElementVisible(findTestObject(orPath_Summary + "/button_Proceed to Payment"))): null

2024-11-07 21:49:52 - [MESSAGE][PASSED] - Object 'Object Repository/RAD_Pages/Summary_Page/button_Proceed to Payment' is visible

2024-11-07 21:49:52 - [TEST_STEP][PASSED] - resText = "Pass": null

2024-11-07 21:49:52 - [TEST_STEP][PASSED] - pages.WriteExcel.demoKey(resText, datText, resColumn, datCloumn, fileLoc, nameSheet, row): pages.WriteExcel.demoKey is PASSED

2024-11-07 21:49:52 - [MESSAGE][PASSED] - pages.WriteExcel.demoKey is PASSED

2024-11-07 21:49:52 - [TEST_STEP][PASSED] - click(findTestObject(orPath_Summary + "/button_Proceed to Payment")): Object: 'Object Repository/RAD_Pages/Summary_Page/button_Proceed to Payment' is clicked on

2024-11-07 21:49:55 - [MESSAGE][PASSED] - Object: 'Object Repository/RAD_Pages/Summary_Page/button_Proceed to Payment' is clicked on

2024-11-07 21:49:55 - [TEST_STEP][PASSED] - verifyElementPresent(findTestObject("Object Repository/RAD_Pages/PaymentEntry_Page/input__billingName"), 30): Object 'Object Repository/RAD_Pages/PaymentEntry_Page/input__billingName' is present

2024-11-07 21:49:55 - [MESSAGE][PASSED] - Object 'Object Repository/RAD_Pages/PaymentEntry_Page/input__billingName' is present

2024-11-07 21:49:55 - [TEST_STEP][PASSED] - ExecuteTC = findTestData(dataFile).getValue("Execute", row): null

2024-11-07 21:49:55 - [TEST_STEP][PASSED] - TaxType = findTestData(dataFile).getValue("TaxType", row): null

2024-11-07 21:49:55 - [TEST_STEP][PASSED] - PaymentType = findTestData(dataFile).getValue("PaymentType", row): null

2024-11-07 21:49:55 - [TEST_STEP][PASSED] - FilingYear = findTestData(dataFile).getValue("Year", row): null

2024-11-07 21:49:55 - [TEST_STEP][FAILED] - if (ExecuteTC.equalsIgnoreCase("Y")): com.kms.katalon.core.webui.exception.WebElementNotFoundException: Web element with id: 'Object Repository/RAD_Pages/PaymentEntry_Page/input__billingName' located by '//*[@type = 'text' and @name = 'billingName' and @id = 'billingName']' not found (Root cause: com.kms.katalon.core.exception.StepFailedException: com.kms.katalon.core.webui.exception.WebElementNotFoundException: Web element with id: 'Object Repository/RAD_Pages/PaymentEntry_Page/input__billingName' located by '//*[@type = 'text' and @name = 'billingName' and @id = 'billingName']' not found
	at com.kms.katalon.core.webui.keyword.internal.WebUIKeywordMain.stepFailed(WebUIKeywordMain.groovy:64)
	at com.kms.katalon.core.webui.keyword.builtin.VerifyElementPresentKeyword$_verifyElementPresent_closure1.doCall(VerifyElementPresentKeyword.groovy:85)
	at com.kms.katalon.core.webui.keyword.builtin.VerifyElementPresentKeyword$_verifyElementPresent_closure1.call(VerifyElementPresentKeyword.groovy)
	at com.kms.katalon.core.webui.keyword.internal.WebUIKeywordMain.runKeyword(WebUIKeywordMain.groovy:20)
	at com.kms.katalon.core.webui.keyword.builtin.VerifyElementPresentKeyword.verifyElementPresent(VerifyElementPresentKeyword.groovy:92)
	at com.kms.katalon.core.webui.keyword.builtin.VerifyElementPresentKeyword.execute(VerifyElementPresentKeyword.groovy:68)
	at com.kms.katalon.core.keyword.internal.KeywordExecutor.executeKeywordForPlatform(KeywordExecutor.groovy:74)
	at com.kms.katalon.core.webui.keyword.WebUiBuiltInKeywords.verifyElementPresent(WebUiBuiltInKeywords.groovy:1464)
	at com.kms.katalon.core.webui.keyword.WebUiBuiltInKeywords$verifyElementPresent$11.call(Unknown Source)
	at Personal_Joint_Summary_TC.run(Personal_Joint_Summary_TC:237)
	at com.kms.katalon.core.main.ScriptEngine.run(ScriptEngine.java:194)
	at com.kms.katalon.core.main.ScriptEngine.runScriptAsRawText(ScriptEngine.java:119)
	at com.kms.katalon.core.main.TestCaseExecutor.runScript(TestCaseExecutor.java:448)
	at com.kms.katalon.core.main.TestCaseExecutor.doExecute(TestCaseExecutor.java:439)
	at com.kms.katalon.core.main.TestCaseExecutor.processExecutionPhase(TestCaseExecutor.java:418)
	at com.kms.katalon.core.main.TestCaseExecutor.accessMainPhase(TestCaseExecutor.java:410)
	at com.kms.katalon.core.main.TestCaseExecutor.execute(TestCaseExecutor.java:285)
	at com.kms.katalon.core.common.CommonExecutor.accessTestCaseMainPhase(CommonExecutor.java:65)
	at com.kms.katalon.core.main.TestSuiteExecutor.accessTestSuiteMainPhase(TestSuiteExecutor.java:148)
	at com.kms.katalon.core.main.TestSuiteExecutor.execute(TestSuiteExecutor.java:106)
	at com.kms.katalon.core.main.TestCaseMain.startTestSuite(TestCaseMain.java:187)
	at com.kms.katalon.core.main.TestCaseMain$startTestSuite$0.call(Unknown Source)
	at TempTestSuite1731030484036.run(TempTestSuite1731030484036.groovy:35)
)

2024-11-07 21:49:55 - [TEST_STEP][PASSED] - out.println("Begin Record Number: " + row): null

2024-11-07 21:49:55 - [TEST_STEP][PASSED] - today = new java.util.Date(): null

2024-11-07 21:49:55 - [TEST_STEP][PASSED] - println(today): null

2024-11-07 21:49:55 - [TEST_STEP][PASSED] - datText = today: null

2024-11-07 21:49:55 - [TEST_STEP][PASSED] - logInfo("Payment Type: " + PaymentType): Payment Type: New Tax Return Amount Due

2024-11-07 21:49:55 - [MESSAGE][INFO] - Payment Type: New Tax Return Amount Due

2024-11-07 21:49:55 - [TEST_STEP][PASSED] - logInfo("Tax Type: " + TaxType): Tax Type: Personal Income Tax

2024-11-07 21:49:55 - [MESSAGE][INFO] - Tax Type: Personal Income Tax

2024-11-07 21:49:55 - [TEST_STEP][PASSED] - openBrowser(""): Browser is opened with url: ''

2024-11-07 21:49:55 - [MESSAGE][WARNING] - A browser is already opened. Closing browser and opening a new one

2024-11-07 21:49:57 - [MESSAGE][INFO] - Starting 'Chrome' driver

2024-11-07 21:49:57 - [MESSAGE][INFO] - User set preference: ['acceptInsecureCerts', 'true']

2024-11-07 21:49:57 - [MESSAGE][INFO] - Action delay is set to 0 milliseconds

2024-11-07 21:49:59 - [MESSAGE][PASSED] - Browser is opened with url: ''

2024-11-07 21:49:59 - [TEST_STEP][PASSED] - maximizeWindow(): Current window maximized

2024-11-07 21:49:59 - [MESSAGE][PASSED] - Current window maximized

2024-11-07 21:49:59 - [TEST_STEP][PASSED] - navigateToUrl(RADurl): Navigate to 'https://www.velocitypayment.com/client/rad/index.html' successfully

2024-11-07 21:49:59 - [MESSAGE][PASSED] - Navigate to 'https://www.velocitypayment.com/client/rad/index.html' successfully

2024-11-07 21:49:59 - [TEST_STEP][PASSED] - selectOptionByLabel(findTestObject(orPath_Landing + "/dd_TaxType"), PaymentType, false): All options with label 'New Tax Return Amount Due' are selected in object 'Object Repository/RAD_Pages/Landing_Page/dd_TaxType' 

2024-11-07 21:50:02 - [MESSAGE][PASSED] - All options with label 'New Tax Return Amount Due' are selected in object 'Object Repository/RAD_Pages/Landing_Page/dd_TaxType' 

2024-11-07 21:50:02 - [TEST_STEP][PASSED] - switch (PaymentType): null

2024-11-07 21:50:02 - [TEST_STEP][PASSED] - case "New Tax Return Amount Due":: null

2024-11-07 21:50:02 - [TEST_STEP][PASSED] - selectOptionByLabel(findTestObject("Object Repository/RAD_Pages/Landing_Page/select_NewTaxReturnAmountDue_TaxType"), TaxType, false): All options with label 'Personal Income Tax' are selected in object 'Object Repository/RAD_Pages/Landing_Page/select_NewTaxReturnAmountDue_TaxType' 

2024-11-07 21:50:02 - [MESSAGE][PASSED] - All options with label 'Personal Income Tax' are selected in object 'Object Repository/RAD_Pages/Landing_Page/select_NewTaxReturnAmountDue_TaxType' 

2024-11-07 21:50:02 - [TEST_STEP][PASSED] - break: null

2024-11-07 21:50:02 - [TEST_STEP][PASSED] - if (!(FilingYear.isEmpty())): All options with label '2023' are selected in object 'Object Repository/RAD_Pages/TaxTypeFilingYear_Page/select_FilingYear' 

2024-11-07 21:50:02 - [TEST_STEP][PASSED] - selectOptionByLabel(findTestObject(orPath_TaxTypeFilingYear + "/select_FilingYear"), FilingYear, false): All options with label '2023' are selected in object 'Object Repository/RAD_Pages/TaxTypeFilingYear_Page/select_FilingYear' 

2024-11-07 21:50:03 - [MESSAGE][PASSED] - All options with label '2023' are selected in object 'Object Repository/RAD_Pages/TaxTypeFilingYear_Page/select_FilingYear' 

2024-11-07 21:50:03 - [TEST_STEP][PASSED] - if (TaxType.equalsIgnoreCase("Estate Tax")): null

2024-11-07 21:50:03 - [TEST_STEP][PASSED] - else: rad.getSetDataRAD.setDataRADssnAndName is PASSED

2024-11-07 21:50:03 - [TEST_STEP][PASSED] - rad.getSetDataRAD.setDataRADssnAndName(): rad.getSetDataRAD.setDataRADssnAndName is PASSED

2024-11-07 21:50:04 - [MESSAGE][PASSED] - Text 'Jimmy' is set on object 'Object Repository/RAD_Pages/Taxpayer_Page/input_firstName'

2024-11-07 21:50:05 - [MESSAGE][PASSED] - Text 'Davi' is set on object 'Object Repository/RAD_Pages/Taxpayer_Page/input_lastName'

2024-11-07 21:50:05 - [MESSAGE][PASSED] - Text '123450001' is set on object 'Object Repository/RAD_RecordAndPlay/input_concatSSN'

2024-11-07 21:50:06 - [MESSAGE][PASSED] - Text '123450001' is set on object 'Object Repository/RAD_RecordAndPlay/input_concatReSSN'

2024-11-07 21:50:06 - [MESSAGE][PASSED] - rad.getSetDataRAD.setDataRADssnAndName is PASSED

2024-11-07 21:50:06 - [TEST_STEP][PASSED] - rad.getSetDataRAD.setDataRADAddress(): rad.getSetDataRAD.setDataRADAddress is PASSED

2024-11-07 21:50:07 - [MESSAGE][PASSED] - All options with label 'United States' are selected in object 'Object Repository/RAD_Pages/AddressAndContactInfo_Page/select_Country' 

2024-11-07 21:50:08 - [MESSAGE][PASSED] - Text '2508 Mandan Terrace' is set on object 'Object Repository/RAD_Pages/AddressAndContactInfo_Page/input_streetAddress1'

2024-11-07 21:50:08 - [MESSAGE][PASSED] - Text '' is set on object 'Object Repository/RAD_Pages/AddressAndContactInfo_Page/input_streetAddress2'

2024-11-07 21:50:09 - [MESSAGE][PASSED] - Text 'Gambrills' is set on object 'Object Repository/RAD_Pages/AddressAndContactInfo_Page/input_city'

2024-11-07 21:50:10 - [MESSAGE][PASSED] - All options with label 'Maryland' are selected in object 'Object Repository/RAD_Pages/AddressAndContactInfo_Page/select_State' 

2024-11-07 21:50:11 - [MESSAGE][PASSED] - Text '21054' is set on object 'Object Repository/RAD_Pages/AddressAndContactInfo_Page/input_zipCode'

2024-11-07 21:50:12 - [MESSAGE][PASSED] - Text '(703) 894-5000' is set on object 'Object Repository/RAD_Pages/AddressAndContactInfo_Page/input_phoneNumber'

2024-11-07 21:50:13 - [MESSAGE][PASSED] - Text 'iahmed@govolution.com' is set on object 'Object Repository/RAD_Pages/AddressAndContactInfo_Page/input_eMailAddress'

2024-11-07 21:50:14 - [MESSAGE][PASSED] - Text 'iahmed@govolution.com' is set on object 'Object Repository/RAD_Pages/AddressAndContactInfo_Page/input_reEnterEMailAddress'

2024-11-07 21:50:14 - [MESSAGE][PASSED] - rad.getSetDataRAD.setDataRADAddress is PASSED

2024-11-07 21:50:14 - [TEST_STEP][PASSED] - scrollToElement(findTestObject(orPath_Landing + "/button_Continue"), 3): Scroll to object 'Object Repository/RAD_Pages/Landing_Page/button_Continue' successfully

2024-11-07 21:50:14 - [MESSAGE][PASSED] - Scroll to object 'Object Repository/RAD_Pages/Landing_Page/button_Continue' successfully

2024-11-07 21:50:14 - [TEST_STEP][PASSED] - waitForElementClickable(findTestObject(orPath_FilingStatus + "/input_JointFiling_userType_New"), 5): Object 'Object Repository/RAD_Pages/FilingStatus_Page/input_JointFiling_userType_New' is clickable

2024-11-07 21:50:14 - [MESSAGE][PASSED] - Object 'Object Repository/RAD_Pages/FilingStatus_Page/input_JointFiling_userType_New' is clickable

2024-11-07 21:50:14 - [TEST_STEP][PASSED] - check(findTestObject(orPath_FilingStatus + "/input_JointFiling_userType_New")): Object 'Object Repository/RAD_Pages/FilingStatus_Page/input_JointFiling_userType_New' is checked

2024-11-07 21:50:15 - [MESSAGE][PASSED] - Object 'Object Repository/RAD_Pages/FilingStatus_Page/input_JointFiling_userType_New' is checked

2024-11-07 21:50:15 - [TEST_STEP][PASSED] - delay(2): Delayed 2 second(s)

2024-11-07 21:50:17 - [MESSAGE][PASSED] - Delayed 2 second(s)

2024-11-07 21:50:17 - [TEST_STEP][PASSED] - rad.getSetDataRAD.setDataRADssnAndNameJointFiler(): rad.getSetDataRAD.setDataRADssnAndNameJointFiler is PASSED

2024-11-07 21:50:18 - [MESSAGE][PASSED] - Text 'Larsons' is set on object 'Object Repository/RAD_Pages/FilingStatus_Page/input_jointFirstName'

2024-11-07 21:50:18 - [MESSAGE][PASSED] - Text 'Daug' is set on object 'Object Repository/RAD_Pages/FilingStatus_Page/input_jointLastName'

2024-11-07 21:50:19 - [MESSAGE][PASSED] - Text '123450001' is set on object 'Object Repository/RAD_RecordAndPlay/input_JointFilerSSN'

2024-11-07 21:50:19 - [MESSAGE][PASSED] - Text '123450001' is set on object 'Object Repository/RAD_RecordAndPlay/input_reTypeJointFilerSSN'

2024-11-07 21:50:19 - [MESSAGE][PASSED] - rad.getSetDataRAD.setDataRADssnAndNameJointFiler is PASSED

2024-11-07 21:50:19 - [TEST_STEP][PASSED] - setText(findTestObject(orPath_Amount + "/input__paymentAmount"), "100.00"): Text '100.00' is set on object 'Object Repository/RAD_Pages/PaymentAmount_Page/input__paymentAmount'

2024-11-07 21:50:21 - [MESSAGE][PASSED] - Text '100.00' is set on object 'Object Repository/RAD_Pages/PaymentAmount_Page/input__paymentAmount'

2024-11-07 21:50:21 - [TEST_STEP][PASSED] - setText(findTestObject(orPath_AddressContact + "/input_streetAddress2"), ""): Text '' is set on object 'Object Repository/RAD_Pages/AddressAndContactInfo_Page/input_streetAddress2'

2024-11-07 21:50:21 - [MESSAGE][PASSED] - Text '' is set on object 'Object Repository/RAD_Pages/AddressAndContactInfo_Page/input_streetAddress2'

2024-11-07 21:50:21 - [TEST_STEP][PASSED] - scrollToElement(findTestObject(orPath_Landing + "/button_Continue"), 3): Scroll to object 'Object Repository/RAD_Pages/Landing_Page/button_Continue' successfully

2024-11-07 21:50:22 - [MESSAGE][PASSED] - Scroll to object 'Object Repository/RAD_Pages/Landing_Page/button_Continue' successfully

2024-11-07 21:50:22 - [TEST_STEP][PASSED] - waitForElementClickable(findTestObject(orPath_Landing + "/button_Continue"), 5): Object 'Object Repository/RAD_Pages/Landing_Page/button_Continue' is clickable

2024-11-07 21:50:22 - [MESSAGE][PASSED] - Object 'Object Repository/RAD_Pages/Landing_Page/button_Continue' is clickable

2024-11-07 21:50:22 - [TEST_STEP][PASSED] - click(findTestObject(orPath_Landing + "/button_Continue")): Object: 'Object Repository/RAD_Pages/Landing_Page/button_Continue' is clicked on

2024-11-07 21:50:23 - [MESSAGE][PASSED] - Object: 'Object Repository/RAD_Pages/Landing_Page/button_Continue' is clicked on

2024-11-07 21:50:23 - [TEST_STEP][PASSED] - delay(2): Delayed 2 second(s)

2024-11-07 21:50:25 - [MESSAGE][PASSED] - Delayed 2 second(s)

2024-11-07 21:50:25 - [TEST_STEP][PASSED] - verifyTextPresent("Summary", true): Text 'Summary' is present on page  using regular expression

2024-11-07 21:50:25 - [MESSAGE][PASSED] - Text 'Summary' is present on page  using regular expression

2024-11-07 21:50:25 - [TEST_STEP][PASSED] - verifyTextPresent("Review the information below and make any necessary corrections by clicking the", true): Text 'Review the information below and make any necessary corrections by clicking the' is present on page  using regular expression

2024-11-07 21:50:25 - [MESSAGE][PASSED] - Text 'Review the information below and make any necessary corrections by clicking the' is present on page  using regular expression

2024-11-07 21:50:25 - [TEST_STEP][PASSED] - verifyTextPresent("When you are confident that all the information is correct, click the", true): Text 'When you are confident that all the information is correct, click the' is present on page  using regular expression

2024-11-07 21:50:26 - [MESSAGE][PASSED] - Text 'When you are confident that all the information is correct, click the' is present on page  using regular expression

2024-11-07 21:50:26 - [TEST_STEP][PASSED] - verifyTextPresent("Payment Type/Filing Year", true): Text 'Payment Type/Filing Year' is present on page  using regular expression

2024-11-07 21:50:26 - [MESSAGE][PASSED] - Text 'Payment Type/Filing Year' is present on page  using regular expression

2024-11-07 21:50:26 - [TEST_STEP][PASSED] - verifyTextPresent("Payment Type:", true): Text 'Payment Type:' is present on page  using regular expression

2024-11-07 21:50:26 - [MESSAGE][PASSED] - Text 'Payment Type:' is present on page  using regular expression

2024-11-07 21:50:26 - [TEST_STEP][PASSED] - verifyTextPresent(PaymentType, true): Text 'New Tax Return Amount Due' is present on page  using regular expression

2024-11-07 21:50:26 - [MESSAGE][PASSED] - Text 'New Tax Return Amount Due' is present on page  using regular expression

2024-11-07 21:50:26 - [TEST_STEP][PASSED] - verifyTextPresent("Filing Year:", true): Text 'Filing Year:' is present on page  using regular expression

2024-11-07 21:50:27 - [MESSAGE][PASSED] - Text 'Filing Year:' is present on page  using regular expression

2024-11-07 21:50:27 - [TEST_STEP][PASSED] - verifyTextPresent(FilingYear, true): Text '2023' is present on page  using regular expression

2024-11-07 21:50:27 - [MESSAGE][PASSED] - Text '2023' is present on page  using regular expression

2024-11-07 21:50:27 - [TEST_STEP][PASSED] - verifyTextPresent("Payer Information", true): Text 'Payer Information' is present on page  using regular expression

2024-11-07 21:50:27 - [MESSAGE][PASSED] - Text 'Payer Information' is present on page  using regular expression

2024-11-07 21:50:27 - [TEST_STEP][PASSED] - verifyTextPresent("Taxpayer Name:", true): Text 'Taxpayer Name:' is present on page  using regular expression

2024-11-07 21:50:28 - [MESSAGE][PASSED] - Text 'Taxpayer Name:' is present on page  using regular expression

2024-11-07 21:50:28 - [TEST_STEP][PASSED] - switch (executionProfile): null

2024-11-07 21:50:28 - [TEST_STEP][PASSED] - verifyTextPresent("Taxpayer SSN:", true): Text 'Taxpayer SSN:' is present on page  using regular expression

2024-11-07 21:50:28 - [MESSAGE][PASSED] - Text 'Taxpayer SSN:' is present on page  using regular expression

2024-11-07 21:50:28 - [TEST_STEP][PASSED] - verifyTextPresent("Taxpayer Address:", true): Text 'Taxpayer Address:' is present on page  using regular expression

2024-11-07 21:50:28 - [MESSAGE][PASSED] - Text 'Taxpayer Address:' is present on page  using regular expression

2024-11-07 21:50:28 - [TEST_STEP][PASSED] - verifyTextPresent("2508 Mandan Terrace Gambrills Maryland 21054", true): Text '2508 Mandan Terrace Gambrills Maryland 21054' is present on page  using regular expression

2024-11-07 21:50:29 - [MESSAGE][PASSED] - Text '2508 Mandan Terrace Gambrills Maryland 21054' is present on page  using regular expression

2024-11-07 21:50:29 - [TEST_STEP][PASSED] - verifyTextPresent("Email:", true): Text 'Email:' is present on page  using regular expression

2024-11-07 21:50:29 - [MESSAGE][PASSED] - Text 'Email:' is present on page  using regular expression

2024-11-07 21:50:29 - [TEST_STEP][PASSED] - verifyTextPresent("iahmed@govolution.com", true): Text 'iahmed@govolution.com' is present on page  using regular expression

2024-11-07 21:50:29 - [MESSAGE][PASSED] - Text 'iahmed@govolution.com' is present on page  using regular expression

2024-11-07 21:50:29 - [TEST_STEP][PASSED] - verifyTextPresent("Phone:", true): Text 'Phone:' is present on page  using regular expression

2024-11-07 21:50:30 - [MESSAGE][PASSED] - Text 'Phone:' is present on page  using regular expression

2024-11-07 21:50:30 - [TEST_STEP][PASSED] - verifyTextPresent("(703) 894-5000", false): Text '(703) 894-5000' is present on page 

2024-11-07 21:50:30 - [MESSAGE][PASSED] - Text '(703) 894-5000' is present on page 

2024-11-07 21:50:30 - [TEST_STEP][PASSED] - verifyTextPresent("Joint Filer Name:", true): Text 'Joint Filer Name:' is present on page  using regular expression

2024-11-07 21:50:30 - [MESSAGE][PASSED] - Text 'Joint Filer Name:' is present on page  using regular expression

2024-11-07 21:50:30 - [TEST_STEP][PASSED] - verifyTextPresent("Joint Filer SSN", true): Text 'Joint Filer SSN' is present on page  using regular expression

2024-11-07 21:50:31 - [MESSAGE][PASSED] - Text 'Joint Filer SSN' is present on page  using regular expression

2024-11-07 21:50:31 - [TEST_STEP][PASSED] - verifyTextPresent("Tax Information", true): Text 'Tax Information' is present on page  using regular expression

2024-11-07 21:50:31 - [MESSAGE][PASSED] - Text 'Tax Information' is present on page  using regular expression

2024-11-07 21:50:31 - [TEST_STEP][PASSED] - verifyTextPresent("Payment Amount:", true): Text 'Payment Amount:' is present on page  using regular expression

2024-11-07 21:50:31 - [MESSAGE][PASSED] - Text 'Payment Amount:' is present on page  using regular expression

2024-11-07 21:50:31 - [TEST_STEP][PASSED] - verifyTextPresent("100.00", true): Text '100.00' is present on page  using regular expression

2024-11-07 21:50:32 - [MESSAGE][PASSED] - Text '100.00' is present on page  using regular expression

2024-11-07 21:50:32 - [TEST_STEP][PASSED] - verifyTextNotPresent("Federal EIN:", true): Text 'Federal EIN:' is not present on page using regular expression

2024-11-07 21:50:32 - [MESSAGE][PASSED] - Text 'Federal EIN:' is not present on page using regular expression

2024-11-07 21:50:32 - [TEST_STEP][PASSED] - verifyTextNotPresent("FEIN/SSN:", true): Text 'FEIN/SSN:' is not present on page using regular expression

2024-11-07 21:50:32 - [MESSAGE][PASSED] - Text 'FEIN/SSN:' is not present on page using regular expression

2024-11-07 21:50:32 - [TEST_STEP][PASSED] - if (verifyElementVisible(findTestObject(orPath_Summary + "/button_Proceed to Payment"))): null

2024-11-07 21:50:33 - [MESSAGE][PASSED] - Object 'Object Repository/RAD_Pages/Summary_Page/button_Proceed to Payment' is visible

2024-11-07 21:50:33 - [TEST_STEP][PASSED] - resText = "Pass": null

2024-11-07 21:50:33 - [TEST_STEP][PASSED] - pages.WriteExcel.demoKey(resText, datText, resColumn, datCloumn, fileLoc, nameSheet, row): pages.WriteExcel.demoKey is PASSED

2024-11-07 21:50:33 - [MESSAGE][PASSED] - pages.WriteExcel.demoKey is PASSED

2024-11-07 21:50:33 - [TEST_STEP][PASSED] - click(findTestObject(orPath_Summary + "/button_Proceed to Payment")): Object: 'Object Repository/RAD_Pages/Summary_Page/button_Proceed to Payment' is clicked on

2024-11-07 21:50:34 - [MESSAGE][PASSED] - Object: 'Object Repository/RAD_Pages/Summary_Page/button_Proceed to Payment' is clicked on

2024-11-07 21:50:34 - [TEST_STEP][FAILED] - verifyElementPresent(findTestObject("Object Repository/RAD_Pages/PaymentEntry_Page/input__billingName"), 30): com.kms.katalon.core.webui.exception.WebElementNotFoundException: Web element with id: 'Object Repository/RAD_Pages/PaymentEntry_Page/input__billingName' located by '//*[@type = 'text' and @name = 'billingName' and @id = 'billingName']' not found (Root cause: com.kms.katalon.core.exception.StepFailedException: com.kms.katalon.core.webui.exception.WebElementNotFoundException: Web element with id: 'Object Repository/RAD_Pages/PaymentEntry_Page/input__billingName' located by '//*[@type = 'text' and @name = 'billingName' and @id = 'billingName']' not found
	at com.kms.katalon.core.webui.keyword.internal.WebUIKeywordMain.stepFailed(WebUIKeywordMain.groovy:64)
	at com.kms.katalon.core.webui.keyword.builtin.VerifyElementPresentKeyword$_verifyElementPresent_closure1.doCall(VerifyElementPresentKeyword.groovy:85)
	at com.kms.katalon.core.webui.keyword.builtin.VerifyElementPresentKeyword$_verifyElementPresent_closure1.call(VerifyElementPresentKeyword.groovy)
	at com.kms.katalon.core.webui.keyword.internal.WebUIKeywordMain.runKeyword(WebUIKeywordMain.groovy:20)
	at com.kms.katalon.core.webui.keyword.builtin.VerifyElementPresentKeyword.verifyElementPresent(VerifyElementPresentKeyword.groovy:92)
	at com.kms.katalon.core.webui.keyword.builtin.VerifyElementPresentKeyword.execute(VerifyElementPresentKeyword.groovy:68)
	at com.kms.katalon.core.keyword.internal.KeywordExecutor.executeKeywordForPlatform(KeywordExecutor.groovy:74)
	at com.kms.katalon.core.webui.keyword.WebUiBuiltInKeywords.verifyElementPresent(WebUiBuiltInKeywords.groovy:1464)
	at com.kms.katalon.core.webui.keyword.WebUiBuiltInKeywords$verifyElementPresent$11.call(Unknown Source)
	at Personal_Joint_Summary_TC.run(Personal_Joint_Summary_TC:237)
	at com.kms.katalon.core.main.ScriptEngine.run(ScriptEngine.java:194)
	at com.kms.katalon.core.main.ScriptEngine.runScriptAsRawText(ScriptEngine.java:119)
	at com.kms.katalon.core.main.TestCaseExecutor.runScript(TestCaseExecutor.java:448)
	at com.kms.katalon.core.main.TestCaseExecutor.doExecute(TestCaseExecutor.java:439)
	at com.kms.katalon.core.main.TestCaseExecutor.processExecutionPhase(TestCaseExecutor.java:418)
	at com.kms.katalon.core.main.TestCaseExecutor.accessMainPhase(TestCaseExecutor.java:410)
	at com.kms.katalon.core.main.TestCaseExecutor.execute(TestCaseExecutor.java:285)
	at com.kms.katalon.core.common.CommonExecutor.accessTestCaseMainPhase(CommonExecutor.java:65)
	at com.kms.katalon.core.main.TestSuiteExecutor.accessTestSuiteMainPhase(TestSuiteExecutor.java:148)
	at com.kms.katalon.core.main.TestSuiteExecutor.execute(TestSuiteExecutor.java:106)
	at com.kms.katalon.core.main.TestCaseMain.startTestSuite(TestCaseMain.java:187)
	at com.kms.katalon.core.main.TestCaseMain$startTestSuite$0.call(Unknown Source)
	at TempTestSuite1731030484036.run(TempTestSuite1731030484036.groovy:35)
)

2024-11-07 21:51:05 - [MESSAGE][INFO] - Unable to find the element located by 'By.xpath: //*[@type = 'text' and @name = 'billingName' and @id = 'billingName']'. Please recheck the objects properties to make sure the desired element is located. 

2024-11-07 21:51:05 - [MESSAGE][FAILED] - com.kms.katalon.core.webui.exception.WebElementNotFoundException: Web element with id: 'Object Repository/RAD_Pages/PaymentEntry_Page/input__billingName' located by '//*[@type = 'text' and @name = 'billingName' and @id = 'billingName']' not found (Root cause: com.kms.katalon.core.exception.StepFailedException: com.kms.katalon.core.webui.exception.WebElementNotFoundException: Web element with id: 'Object Repository/RAD_Pages/PaymentEntry_Page/input__billingName' located by '//*[@type = 'text' and @name = 'billingName' and @id = 'billingName']' not found
	at com.kms.katalon.core.webui.keyword.internal.WebUIKeywordMain.stepFailed(WebUIKeywordMain.groovy:64)
	at com.kms.katalon.core.webui.keyword.builtin.VerifyElementPresentKeyword$_verifyElementPresent_closure1.doCall(VerifyElementPresentKeyword.groovy:85)
	at com.kms.katalon.core.webui.keyword.builtin.VerifyElementPresentKeyword$_verifyElementPresent_closure1.call(VerifyElementPresentKeyword.groovy)
	at com.kms.katalon.core.webui.keyword.internal.WebUIKeywordMain.runKeyword(WebUIKeywordMain.groovy:20)
	at com.kms.katalon.core.webui.keyword.builtin.VerifyElementPresentKeyword.verifyElementPresent(VerifyElementPresentKeyword.groovy:92)
	at com.kms.katalon.core.webui.keyword.builtin.VerifyElementPresentKeyword.execute(VerifyElementPresentKeyword.groovy:68)
	at com.kms.katalon.core.keyword.internal.KeywordExecutor.executeKeywordForPlatform(KeywordExecutor.groovy:74)
	at com.kms.katalon.core.webui.keyword.WebUiBuiltInKeywords.verifyElementPresent(WebUiBuiltInKeywords.groovy:1464)
	at com.kms.katalon.core.webui.keyword.WebUiBuiltInKeywords$verifyElementPresent$11.call(Unknown Source)
	at Personal_Joint_Summary_TC.run(Personal_Joint_Summary_TC:237)
	at com.kms.katalon.core.main.ScriptEngine.run(ScriptEngine.java:194)
	at com.kms.katalon.core.main.ScriptEngine.runScriptAsRawText(ScriptEngine.java:119)
	at com.kms.katalon.core.main.TestCaseExecutor.runScript(TestCaseExecutor.java:448)
	at com.kms.katalon.core.main.TestCaseExecutor.doExecute(TestCaseExecutor.java:439)
	at com.kms.katalon.core.main.TestCaseExecutor.processExecutionPhase(TestCaseExecutor.java:418)
	at com.kms.katalon.core.main.TestCaseExecutor.accessMainPhase(TestCaseExecutor.java:410)
	at com.kms.katalon.core.main.TestCaseExecutor.execute(TestCaseExecutor.java:285)
	at com.kms.katalon.core.common.CommonExecutor.accessTestCaseMainPhase(CommonExecutor.java:65)
	at com.kms.katalon.core.main.TestSuiteExecutor.accessTestSuiteMainPhase(TestSuiteExecutor.java:148)
	at com.kms.katalon.core.main.TestSuiteExecutor.execute(TestSuiteExecutor.java:106)
	at com.kms.katalon.core.main.TestCaseMain.startTestSuite(TestCaseMain.java:187)
	at com.kms.katalon.core.main.TestCaseMain$startTestSuite$0.call(Unknown Source)
	at TempTestSuite1731030484036.run(TempTestSuite1731030484036.groovy:35)
)
[[ATTACHMENT|E:\\Cloned-Project-Katalon\\VPS-Katalon\\Reports\\20241107_204804\\RAD_TestSuite\\RAD_UI_TestSuite\\20241107_204804\\1731034265503.png]]

2024-11-07 21:51:05 - [TEST_STEP][PASSED] - ExecuteTC = findTestData(dataFile).getValue("Execute", row): null

2024-11-07 21:51:05 - [TEST_STEP][PASSED] - TaxType = findTestData(dataFile).getValue("TaxType", row): null

2024-11-07 21:51:05 - [TEST_STEP][PASSED] - PaymentType = findTestData(dataFile).getValue("PaymentType", row): null

2024-11-07 21:51:05 - [TEST_STEP][PASSED] - FilingYear = findTestData(dataFile).getValue("Year", row): null

2024-11-07 21:51:05 - [TEST_STEP][FAILED] - if (ExecuteTC.equalsIgnoreCase("Y")): com.kms.katalon.core.webui.exception.WebElementNotFoundException: Web element with id: 'Object Repository/RAD_Pages/PaymentEntry_Page/input__billingName' located by '//*[@type = 'text' and @name = 'billingName' and @id = 'billingName']' not found (Root cause: com.kms.katalon.core.exception.StepFailedException: com.kms.katalon.core.webui.exception.WebElementNotFoundException: Web element with id: 'Object Repository/RAD_Pages/PaymentEntry_Page/input__billingName' located by '//*[@type = 'text' and @name = 'billingName' and @id = 'billingName']' not found
	at com.kms.katalon.core.webui.keyword.internal.WebUIKeywordMain.stepFailed(WebUIKeywordMain.groovy:64)
	at com.kms.katalon.core.webui.keyword.builtin.VerifyElementPresentKeyword$_verifyElementPresent_closure1.doCall(VerifyElementPresentKeyword.groovy:85)
	at com.kms.katalon.core.webui.keyword.builtin.VerifyElementPresentKeyword$_verifyElementPresent_closure1.call(VerifyElementPresentKeyword.groovy)
	at com.kms.katalon.core.webui.keyword.internal.WebUIKeywordMain.runKeyword(WebUIKeywordMain.groovy:20)
	at com.kms.katalon.core.webui.keyword.builtin.VerifyElementPresentKeyword.verifyElementPresent(VerifyElementPresentKeyword.groovy:92)
	at com.kms.katalon.core.webui.keyword.builtin.VerifyElementPresentKeyword.execute(VerifyElementPresentKeyword.groovy:68)
	at com.kms.katalon.core.keyword.internal.KeywordExecutor.executeKeywordForPlatform(KeywordExecutor.groovy:74)
	at com.kms.katalon.core.webui.keyword.WebUiBuiltInKeywords.verifyElementPresent(WebUiBuiltInKeywords.groovy:1464)
	at com.kms.katalon.core.webui.keyword.WebUiBuiltInKeywords$verifyElementPresent$11.call(Unknown Source)
	at Personal_Joint_Summary_TC.run(Personal_Joint_Summary_TC:237)
	at com.kms.katalon.core.main.ScriptEngine.run(ScriptEngine.java:194)
	at com.kms.katalon.core.main.ScriptEngine.runScriptAsRawText(ScriptEngine.java:119)
	at com.kms.katalon.core.main.TestCaseExecutor.runScript(TestCaseExecutor.java:448)
	at com.kms.katalon.core.main.TestCaseExecutor.doExecute(TestCaseExecutor.java:439)
	at com.kms.katalon.core.main.TestCaseExecutor.processExecutionPhase(TestCaseExecutor.java:418)
	at com.kms.katalon.core.main.TestCaseExecutor.accessMainPhase(TestCaseExecutor.java:410)
	at com.kms.katalon.core.main.TestCaseExecutor.execute(TestCaseExecutor.java:285)
	at com.kms.katalon.core.common.CommonExecutor.accessTestCaseMainPhase(CommonExecutor.java:65)
	at com.kms.katalon.core.main.TestSuiteExecutor.accessTestSuiteMainPhase(TestSuiteExecutor.java:148)
	at com.kms.katalon.core.main.TestSuiteExecutor.execute(TestSuiteExecutor.java:106)
	at com.kms.katalon.core.main.TestCaseMain.startTestSuite(TestCaseMain.java:187)
	at com.kms.katalon.core.main.TestCaseMain$startTestSuite$0.call(Unknown Source)
	at TempTestSuite1731030484036.run(TempTestSuite1731030484036.groovy:35)
)

2024-11-07 21:51:05 - [TEST_STEP][PASSED] - out.println("Begin Record Number: " + row): null

2024-11-07 21:51:05 - [TEST_STEP][PASSED] - today = new java.util.Date(): null

2024-11-07 21:51:05 - [TEST_STEP][PASSED] - println(today): null

2024-11-07 21:51:05 - [TEST_STEP][PASSED] - datText = today: null

2024-11-07 21:51:05 - [TEST_STEP][PASSED] - logInfo("Payment Type: " + PaymentType): Payment Type: New Tax Return Amount Due

2024-11-07 21:51:05 - [MESSAGE][INFO] - Payment Type: New Tax Return Amount Due

2024-11-07 21:51:05 - [TEST_STEP][PASSED] - logInfo("Tax Type: " + TaxType): Tax Type: Personal Income Tax

2024-11-07 21:51:05 - [MESSAGE][INFO] - Tax Type: Personal Income Tax

2024-11-07 21:51:05 - [TEST_STEP][PASSED] - openBrowser(""): Browser is opened with url: ''

2024-11-07 21:51:05 - [MESSAGE][WARNING] - A browser is already opened. Closing browser and opening a new one

2024-11-07 21:51:07 - [MESSAGE][INFO] - Starting 'Chrome' driver

2024-11-07 21:51:07 - [MESSAGE][INFO] - User set preference: ['acceptInsecureCerts', 'true']

2024-11-07 21:51:07 - [MESSAGE][INFO] - Action delay is set to 0 milliseconds

2024-11-07 21:51:09 - [MESSAGE][PASSED] - Browser is opened with url: ''

2024-11-07 21:51:09 - [TEST_STEP][PASSED] - maximizeWindow(): Current window maximized

2024-11-07 21:51:09 - [MESSAGE][PASSED] - Current window maximized

2024-11-07 21:51:09 - [TEST_STEP][PASSED] - navigateToUrl(RADurl): Navigate to 'https://www.velocitypayment.com/client/rad/index.html' successfully

2024-11-07 21:51:11 - [MESSAGE][PASSED] - Navigate to 'https://www.velocitypayment.com/client/rad/index.html' successfully

2024-11-07 21:51:11 - [TEST_STEP][PASSED] - selectOptionByLabel(findTestObject(orPath_Landing + "/dd_TaxType"), PaymentType, false): All options with label 'New Tax Return Amount Due' are selected in object 'Object Repository/RAD_Pages/Landing_Page/dd_TaxType' 

2024-11-07 21:51:11 - [MESSAGE][PASSED] - All options with label 'New Tax Return Amount Due' are selected in object 'Object Repository/RAD_Pages/Landing_Page/dd_TaxType' 

2024-11-07 21:51:11 - [TEST_STEP][PASSED] - switch (PaymentType): null

2024-11-07 21:51:11 - [TEST_STEP][PASSED] - case "New Tax Return Amount Due":: null

2024-11-07 21:51:11 - [TEST_STEP][PASSED] - selectOptionByLabel(findTestObject("Object Repository/RAD_Pages/Landing_Page/select_NewTaxReturnAmountDue_TaxType"), TaxType, false): All options with label 'Personal Income Tax' are selected in object 'Object Repository/RAD_Pages/Landing_Page/select_NewTaxReturnAmountDue_TaxType' 

2024-11-07 21:51:12 - [MESSAGE][PASSED] - All options with label 'Personal Income Tax' are selected in object 'Object Repository/RAD_Pages/Landing_Page/select_NewTaxReturnAmountDue_TaxType' 

2024-11-07 21:51:12 - [TEST_STEP][PASSED] - break: null

2024-11-07 21:51:12 - [TEST_STEP][PASSED] - if (!(FilingYear.isEmpty())): All options with label '2022' are selected in object 'Object Repository/RAD_Pages/TaxTypeFilingYear_Page/select_FilingYear' 

2024-11-07 21:51:12 - [TEST_STEP][PASSED] - selectOptionByLabel(findTestObject(orPath_TaxTypeFilingYear + "/select_FilingYear"), FilingYear, false): All options with label '2022' are selected in object 'Object Repository/RAD_Pages/TaxTypeFilingYear_Page/select_FilingYear' 

2024-11-07 21:51:13 - [MESSAGE][PASSED] - All options with label '2022' are selected in object 'Object Repository/RAD_Pages/TaxTypeFilingYear_Page/select_FilingYear' 

2024-11-07 21:51:13 - [TEST_STEP][PASSED] - if (TaxType.equalsIgnoreCase("Estate Tax")): null

2024-11-07 21:51:13 - [TEST_STEP][PASSED] - else: rad.getSetDataRAD.setDataRADssnAndName is PASSED

2024-11-07 21:51:13 - [TEST_STEP][PASSED] - rad.getSetDataRAD.setDataRADssnAndName(): rad.getSetDataRAD.setDataRADssnAndName is PASSED

2024-11-07 21:51:14 - [MESSAGE][PASSED] - Text 'Jimmy' is set on object 'Object Repository/RAD_Pages/Taxpayer_Page/input_firstName'

2024-11-07 21:51:14 - [MESSAGE][PASSED] - Text 'Davi' is set on object 'Object Repository/RAD_Pages/Taxpayer_Page/input_lastName'

2024-11-07 21:51:15 - [MESSAGE][PASSED] - Text '123450001' is set on object 'Object Repository/RAD_RecordAndPlay/input_concatSSN'

2024-11-07 21:51:16 - [MESSAGE][PASSED] - Text '123450001' is set on object 'Object Repository/RAD_RecordAndPlay/input_concatReSSN'

2024-11-07 21:51:16 - [MESSAGE][PASSED] - rad.getSetDataRAD.setDataRADssnAndName is PASSED

2024-11-07 21:51:16 - [TEST_STEP][PASSED] - rad.getSetDataRAD.setDataRADAddress(): rad.getSetDataRAD.setDataRADAddress is PASSED

2024-11-07 21:51:17 - [MESSAGE][PASSED] - All options with label 'United States' are selected in object 'Object Repository/RAD_Pages/AddressAndContactInfo_Page/select_Country' 

2024-11-07 21:51:17 - [MESSAGE][PASSED] - Text '2508 Mandan Terrace' is set on object 'Object Repository/RAD_Pages/AddressAndContactInfo_Page/input_streetAddress1'

2024-11-07 21:51:18 - [MESSAGE][PASSED] - Text '' is set on object 'Object Repository/RAD_Pages/AddressAndContactInfo_Page/input_streetAddress2'

2024-11-07 21:51:19 - [MESSAGE][PASSED] - Text 'Gambrills' is set on object 'Object Repository/RAD_Pages/AddressAndContactInfo_Page/input_city'

2024-11-07 21:51:20 - [MESSAGE][PASSED] - All options with label 'Maryland' are selected in object 'Object Repository/RAD_Pages/AddressAndContactInfo_Page/select_State' 

2024-11-07 21:51:21 - [MESSAGE][PASSED] - Text '21054' is set on object 'Object Repository/RAD_Pages/AddressAndContactInfo_Page/input_zipCode'

2024-11-07 21:51:21 - [MESSAGE][PASSED] - Text '(703) 894-5000' is set on object 'Object Repository/RAD_Pages/AddressAndContactInfo_Page/input_phoneNumber'

2024-11-07 21:51:22 - [MESSAGE][PASSED] - Text 'iahmed@govolution.com' is set on object 'Object Repository/RAD_Pages/AddressAndContactInfo_Page/input_eMailAddress'

2024-11-07 21:51:23 - [MESSAGE][PASSED] - Text 'iahmed@govolution.com' is set on object 'Object Repository/RAD_Pages/AddressAndContactInfo_Page/input_reEnterEMailAddress'

2024-11-07 21:51:23 - [MESSAGE][PASSED] - rad.getSetDataRAD.setDataRADAddress is PASSED

2024-11-07 21:51:23 - [TEST_STEP][PASSED] - scrollToElement(findTestObject(orPath_Landing + "/button_Continue"), 3): Scroll to object 'Object Repository/RAD_Pages/Landing_Page/button_Continue' successfully

2024-11-07 21:51:24 - [MESSAGE][PASSED] - Scroll to object 'Object Repository/RAD_Pages/Landing_Page/button_Continue' successfully

2024-11-07 21:51:24 - [TEST_STEP][PASSED] - waitForElementClickable(findTestObject(orPath_FilingStatus + "/input_JointFiling_userType_New"), 5): Object 'Object Repository/RAD_Pages/FilingStatus_Page/input_JointFiling_userType_New' is clickable

2024-11-07 21:51:24 - [MESSAGE][PASSED] - Object 'Object Repository/RAD_Pages/FilingStatus_Page/input_JointFiling_userType_New' is clickable

2024-11-07 21:51:24 - [TEST_STEP][PASSED] - check(findTestObject(orPath_FilingStatus + "/input_JointFiling_userType_New")): Object 'Object Repository/RAD_Pages/FilingStatus_Page/input_JointFiling_userType_New' is checked

2024-11-07 21:51:24 - [MESSAGE][PASSED] - Object 'Object Repository/RAD_Pages/FilingStatus_Page/input_JointFiling_userType_New' is checked

2024-11-07 21:51:24 - [TEST_STEP][PASSED] - delay(2): Delayed 2 second(s)

2024-11-07 21:51:26 - [MESSAGE][PASSED] - Delayed 2 second(s)

2024-11-07 21:51:26 - [TEST_STEP][PASSED] - rad.getSetDataRAD.setDataRADssnAndNameJointFiler(): rad.getSetDataRAD.setDataRADssnAndNameJointFiler is PASSED

2024-11-07 21:51:27 - [MESSAGE][PASSED] - Text 'Larsons' is set on object 'Object Repository/RAD_Pages/FilingStatus_Page/input_jointFirstName'

2024-11-07 21:51:28 - [MESSAGE][PASSED] - Text 'Daug' is set on object 'Object Repository/RAD_Pages/FilingStatus_Page/input_jointLastName'

2024-11-07 21:51:28 - [MESSAGE][PASSED] - Text '123450001' is set on object 'Object Repository/RAD_RecordAndPlay/input_JointFilerSSN'

2024-11-07 21:51:29 - [MESSAGE][PASSED] - Text '123450001' is set on object 'Object Repository/RAD_RecordAndPlay/input_reTypeJointFilerSSN'

2024-11-07 21:51:29 - [MESSAGE][PASSED] - rad.getSetDataRAD.setDataRADssnAndNameJointFiler is PASSED

2024-11-07 21:51:29 - [TEST_STEP][PASSED] - setText(findTestObject(orPath_Amount + "/input__paymentAmount"), "100.00"): Text '100.00' is set on object 'Object Repository/RAD_Pages/PaymentAmount_Page/input__paymentAmount'

2024-11-07 21:51:30 - [MESSAGE][PASSED] - Text '100.00' is set on object 'Object Repository/RAD_Pages/PaymentAmount_Page/input__paymentAmount'

2024-11-07 21:51:30 - [TEST_STEP][PASSED] - setText(findTestObject(orPath_AddressContact + "/input_streetAddress2"), ""): Text '' is set on object 'Object Repository/RAD_Pages/AddressAndContactInfo_Page/input_streetAddress2'

2024-11-07 21:51:31 - [MESSAGE][PASSED] - Text '' is set on object 'Object Repository/RAD_Pages/AddressAndContactInfo_Page/input_streetAddress2'

2024-11-07 21:51:31 - [TEST_STEP][PASSED] - scrollToElement(findTestObject(orPath_Landing + "/button_Continue"), 3): Scroll to object 'Object Repository/RAD_Pages/Landing_Page/button_Continue' successfully

2024-11-07 21:51:31 - [MESSAGE][PASSED] - Scroll to object 'Object Repository/RAD_Pages/Landing_Page/button_Continue' successfully

2024-11-07 21:51:31 - [TEST_STEP][PASSED] - waitForElementClickable(findTestObject(orPath_Landing + "/button_Continue"), 5): Object 'Object Repository/RAD_Pages/Landing_Page/button_Continue' is clickable

2024-11-07 21:51:32 - [MESSAGE][PASSED] - Object 'Object Repository/RAD_Pages/Landing_Page/button_Continue' is clickable

2024-11-07 21:51:32 - [TEST_STEP][PASSED] - click(findTestObject(orPath_Landing + "/button_Continue")): Object: 'Object Repository/RAD_Pages/Landing_Page/button_Continue' is clicked on

2024-11-07 21:51:32 - [MESSAGE][PASSED] - Object: 'Object Repository/RAD_Pages/Landing_Page/button_Continue' is clicked on

2024-11-07 21:51:32 - [TEST_STEP][PASSED] - delay(2): Delayed 2 second(s)

2024-11-07 21:51:34 - [MESSAGE][PASSED] - Delayed 2 second(s)

2024-11-07 21:51:34 - [TEST_STEP][PASSED] - verifyTextPresent("Summary", true): Text 'Summary' is present on page  using regular expression

2024-11-07 21:51:34 - [MESSAGE][PASSED] - Text 'Summary' is present on page  using regular expression

2024-11-07 21:51:34 - [TEST_STEP][PASSED] - verifyTextPresent("Review the information below and make any necessary corrections by clicking the", true): Text 'Review the information below and make any necessary corrections by clicking the' is present on page  using regular expression

2024-11-07 21:51:35 - [MESSAGE][PASSED] - Text 'Review the information below and make any necessary corrections by clicking the' is present on page  using regular expression

2024-11-07 21:51:35 - [TEST_STEP][PASSED] - verifyTextPresent("When you are confident that all the information is correct, click the", true): Text 'When you are confident that all the information is correct, click the' is present on page  using regular expression

2024-11-07 21:51:35 - [MESSAGE][PASSED] - Text 'When you are confident that all the information is correct, click the' is present on page  using regular expression

2024-11-07 21:51:35 - [TEST_STEP][PASSED] - verifyTextPresent("Payment Type/Filing Year", true): Text 'Payment Type/Filing Year' is present on page  using regular expression

2024-11-07 21:51:35 - [MESSAGE][PASSED] - Text 'Payment Type/Filing Year' is present on page  using regular expression

2024-11-07 21:51:35 - [TEST_STEP][PASSED] - verifyTextPresent("Payment Type:", true): Text 'Payment Type:' is present on page  using regular expression

2024-11-07 21:51:36 - [MESSAGE][PASSED] - Text 'Payment Type:' is present on page  using regular expression

2024-11-07 21:51:36 - [TEST_STEP][PASSED] - verifyTextPresent(PaymentType, true): Text 'New Tax Return Amount Due' is present on page  using regular expression

2024-11-07 21:51:36 - [MESSAGE][PASSED] - Text 'New Tax Return Amount Due' is present on page  using regular expression

2024-11-07 21:51:36 - [TEST_STEP][PASSED] - verifyTextPresent("Filing Year:", true): Text 'Filing Year:' is present on page  using regular expression

2024-11-07 21:51:36 - [MESSAGE][PASSED] - Text 'Filing Year:' is present on page  using regular expression

2024-11-07 21:51:36 - [TEST_STEP][PASSED] - verifyTextPresent(FilingYear, true): Text '2022' is present on page  using regular expression

2024-11-07 21:51:37 - [MESSAGE][PASSED] - Text '2022' is present on page  using regular expression

2024-11-07 21:51:37 - [TEST_STEP][PASSED] - verifyTextPresent("Payer Information", true): Text 'Payer Information' is present on page  using regular expression

2024-11-07 21:51:37 - [MESSAGE][PASSED] - Text 'Payer Information' is present on page  using regular expression

2024-11-07 21:51:37 - [TEST_STEP][PASSED] - verifyTextPresent("Taxpayer Name:", true): Text 'Taxpayer Name:' is present on page  using regular expression

2024-11-07 21:51:37 - [MESSAGE][PASSED] - Text 'Taxpayer Name:' is present on page  using regular expression

2024-11-07 21:51:37 - [TEST_STEP][PASSED] - switch (executionProfile): null

2024-11-07 21:51:37 - [TEST_STEP][PASSED] - verifyTextPresent("Taxpayer SSN:", true): Text 'Taxpayer SSN:' is present on page  using regular expression

2024-11-07 21:51:38 - [MESSAGE][PASSED] - Text 'Taxpayer SSN:' is present on page  using regular expression

2024-11-07 21:51:38 - [TEST_STEP][PASSED] - verifyTextPresent("Taxpayer Address:", true): Text 'Taxpayer Address:' is present on page  using regular expression

2024-11-07 21:51:38 - [MESSAGE][PASSED] - Text 'Taxpayer Address:' is present on page  using regular expression

2024-11-07 21:51:38 - [TEST_STEP][PASSED] - verifyTextPresent("2508 Mandan Terrace Gambrills Maryland 21054", true): Text '2508 Mandan Terrace Gambrills Maryland 21054' is present on page  using regular expression

2024-11-07 21:51:38 - [MESSAGE][PASSED] - Text '2508 Mandan Terrace Gambrills Maryland 21054' is present on page  using regular expression

2024-11-07 21:51:38 - [TEST_STEP][PASSED] - verifyTextPresent("Email:", true): Text 'Email:' is present on page  using regular expression

2024-11-07 21:51:39 - [MESSAGE][PASSED] - Text 'Email:' is present on page  using regular expression

2024-11-07 21:51:39 - [TEST_STEP][PASSED] - verifyTextPresent("iahmed@govolution.com", true): Text 'iahmed@govolution.com' is present on page  using regular expression

2024-11-07 21:51:39 - [MESSAGE][PASSED] - Text 'iahmed@govolution.com' is present on page  using regular expression

2024-11-07 21:51:39 - [TEST_STEP][PASSED] - verifyTextPresent("Phone:", true): Text 'Phone:' is present on page  using regular expression

2024-11-07 21:51:39 - [MESSAGE][PASSED] - Text 'Phone:' is present on page  using regular expression

2024-11-07 21:51:39 - [TEST_STEP][PASSED] - verifyTextPresent("(703) 894-5000", false): Text '(703) 894-5000' is present on page 

2024-11-07 21:51:39 - [MESSAGE][PASSED] - Text '(703) 894-5000' is present on page 

2024-11-07 21:51:39 - [TEST_STEP][PASSED] - verifyTextPresent("Joint Filer Name:", true): Text 'Joint Filer Name:' is present on page  using regular expression

2024-11-07 21:51:40 - [MESSAGE][PASSED] - Text 'Joint Filer Name:' is present on page  using regular expression

2024-11-07 21:51:40 - [TEST_STEP][PASSED] - verifyTextPresent("Joint Filer SSN", true): Text 'Joint Filer SSN' is present on page  using regular expression

2024-11-07 21:51:40 - [MESSAGE][PASSED] - Text 'Joint Filer SSN' is present on page  using regular expression

2024-11-07 21:51:40 - [TEST_STEP][PASSED] - verifyTextPresent("Tax Information", true): Text 'Tax Information' is present on page  using regular expression

2024-11-07 21:51:40 - [MESSAGE][PASSED] - Text 'Tax Information' is present on page  using regular expression

2024-11-07 21:51:40 - [TEST_STEP][PASSED] - verifyTextPresent("Payment Amount:", true): Text 'Payment Amount:' is present on page  using regular expression

2024-11-07 21:51:41 - [MESSAGE][PASSED] - Text 'Payment Amount:' is present on page  using regular expression

2024-11-07 21:51:41 - [TEST_STEP][PASSED] - verifyTextPresent("100.00", true): Text '100.00' is present on page  using regular expression

2024-11-07 21:51:41 - [MESSAGE][PASSED] - Text '100.00' is present on page  using regular expression

2024-11-07 21:51:41 - [TEST_STEP][PASSED] - verifyTextNotPresent("Federal EIN:", true): Text 'Federal EIN:' is not present on page using regular expression

2024-11-07 21:51:41 - [MESSAGE][PASSED] - Text 'Federal EIN:' is not present on page using regular expression

2024-11-07 21:51:41 - [TEST_STEP][PASSED] - verifyTextNotPresent("FEIN/SSN:", true): Text 'FEIN/SSN:' is not present on page using regular expression

2024-11-07 21:51:42 - [MESSAGE][PASSED] - Text 'FEIN/SSN:' is not present on page using regular expression

2024-11-07 21:51:42 - [TEST_STEP][PASSED] - if (verifyElementVisible(findTestObject(orPath_Summary + "/button_Proceed to Payment"))): null

2024-11-07 21:51:42 - [MESSAGE][PASSED] - Object 'Object Repository/RAD_Pages/Summary_Page/button_Proceed to Payment' is visible

2024-11-07 21:51:42 - [TEST_STEP][PASSED] - resText = "Pass": null

2024-11-07 21:51:42 - [TEST_STEP][PASSED] - pages.WriteExcel.demoKey(resText, datText, resColumn, datCloumn, fileLoc, nameSheet, row): pages.WriteExcel.demoKey is PASSED

2024-11-07 21:51:42 - [MESSAGE][PASSED] - pages.WriteExcel.demoKey is PASSED

2024-11-07 21:51:42 - [TEST_STEP][PASSED] - click(findTestObject(orPath_Summary + "/button_Proceed to Payment")): Object: 'Object Repository/RAD_Pages/Summary_Page/button_Proceed to Payment' is clicked on

2024-11-07 21:51:43 - [MESSAGE][PASSED] - Object: 'Object Repository/RAD_Pages/Summary_Page/button_Proceed to Payment' is clicked on

2024-11-07 21:51:43 - [TEST_STEP][FAILED] - verifyElementPresent(findTestObject("Object Repository/RAD_Pages/PaymentEntry_Page/input__billingName"), 30): com.kms.katalon.core.webui.exception.WebElementNotFoundException: Web element with id: 'Object Repository/RAD_Pages/PaymentEntry_Page/input__billingName' located by '//*[@type = 'text' and @name = 'billingName' and @id = 'billingName']' not found (Root cause: com.kms.katalon.core.exception.StepFailedException: com.kms.katalon.core.webui.exception.WebElementNotFoundException: Web element with id: 'Object Repository/RAD_Pages/PaymentEntry_Page/input__billingName' located by '//*[@type = 'text' and @name = 'billingName' and @id = 'billingName']' not found
	at com.kms.katalon.core.webui.keyword.internal.WebUIKeywordMain.stepFailed(WebUIKeywordMain.groovy:64)
	at com.kms.katalon.core.webui.keyword.builtin.VerifyElementPresentKeyword$_verifyElementPresent_closure1.doCall(VerifyElementPresentKeyword.groovy:85)
	at com.kms.katalon.core.webui.keyword.builtin.VerifyElementPresentKeyword$_verifyElementPresent_closure1.call(VerifyElementPresentKeyword.groovy)
	at com.kms.katalon.core.webui.keyword.internal.WebUIKeywordMain.runKeyword(WebUIKeywordMain.groovy:20)
	at com.kms.katalon.core.webui.keyword.builtin.VerifyElementPresentKeyword.verifyElementPresent(VerifyElementPresentKeyword.groovy:92)
	at com.kms.katalon.core.webui.keyword.builtin.VerifyElementPresentKeyword.execute(VerifyElementPresentKeyword.groovy:68)
	at com.kms.katalon.core.keyword.internal.KeywordExecutor.executeKeywordForPlatform(KeywordExecutor.groovy:74)
	at com.kms.katalon.core.webui.keyword.WebUiBuiltInKeywords.verifyElementPresent(WebUiBuiltInKeywords.groovy:1464)
	at com.kms.katalon.core.webui.keyword.WebUiBuiltInKeywords$verifyElementPresent$11.call(Unknown Source)
	at Personal_Joint_Summary_TC.run(Personal_Joint_Summary_TC:237)
	at com.kms.katalon.core.main.ScriptEngine.run(ScriptEngine.java:194)
	at com.kms.katalon.core.main.ScriptEngine.runScriptAsRawText(ScriptEngine.java:119)
	at com.kms.katalon.core.main.TestCaseExecutor.runScript(TestCaseExecutor.java:448)
	at com.kms.katalon.core.main.TestCaseExecutor.doExecute(TestCaseExecutor.java:439)
	at com.kms.katalon.core.main.TestCaseExecutor.processExecutionPhase(TestCaseExecutor.java:418)
	at com.kms.katalon.core.main.TestCaseExecutor.accessMainPhase(TestCaseExecutor.java:410)
	at com.kms.katalon.core.main.TestCaseExecutor.execute(TestCaseExecutor.java:285)
	at com.kms.katalon.core.common.CommonExecutor.accessTestCaseMainPhase(CommonExecutor.java:65)
	at com.kms.katalon.core.main.TestSuiteExecutor.accessTestSuiteMainPhase(TestSuiteExecutor.java:148)
	at com.kms.katalon.core.main.TestSuiteExecutor.execute(TestSuiteExecutor.java:106)
	at com.kms.katalon.core.main.TestCaseMain.startTestSuite(TestCaseMain.java:187)
	at com.kms.katalon.core.main.TestCaseMain$startTestSuite$0.call(Unknown Source)
	at TempTestSuite1731030484036.run(TempTestSuite1731030484036.groovy:35)
)

2024-11-07 21:52:15 - [MESSAGE][INFO] - Unable to find the element located by 'By.xpath: //*[@type = 'text' and @name = 'billingName' and @id = 'billingName']'. Please recheck the objects properties to make sure the desired element is located. 

2024-11-07 21:52:15 - [MESSAGE][FAILED] - com.kms.katalon.core.webui.exception.WebElementNotFoundException: Web element with id: 'Object Repository/RAD_Pages/PaymentEntry_Page/input__billingName' located by '//*[@type = 'text' and @name = 'billingName' and @id = 'billingName']' not found (Root cause: com.kms.katalon.core.exception.StepFailedException: com.kms.katalon.core.webui.exception.WebElementNotFoundException: Web element with id: 'Object Repository/RAD_Pages/PaymentEntry_Page/input__billingName' located by '//*[@type = 'text' and @name = 'billingName' and @id = 'billingName']' not found
	at com.kms.katalon.core.webui.keyword.internal.WebUIKeywordMain.stepFailed(WebUIKeywordMain.groovy:64)
	at com.kms.katalon.core.webui.keyword.builtin.VerifyElementPresentKeyword$_verifyElementPresent_closure1.doCall(VerifyElementPresentKeyword.groovy:85)
	at com.kms.katalon.core.webui.keyword.builtin.VerifyElementPresentKeyword$_verifyElementPresent_closure1.call(VerifyElementPresentKeyword.groovy)
	at com.kms.katalon.core.webui.keyword.internal.WebUIKeywordMain.runKeyword(WebUIKeywordMain.groovy:20)
	at com.kms.katalon.core.webui.keyword.builtin.VerifyElementPresentKeyword.verifyElementPresent(VerifyElementPresentKeyword.groovy:92)
	at com.kms.katalon.core.webui.keyword.builtin.VerifyElementPresentKeyword.execute(VerifyElementPresentKeyword.groovy:68)
	at com.kms.katalon.core.keyword.internal.KeywordExecutor.executeKeywordForPlatform(KeywordExecutor.groovy:74)
	at com.kms.katalon.core.webui.keyword.WebUiBuiltInKeywords.verifyElementPresent(WebUiBuiltInKeywords.groovy:1464)
	at com.kms.katalon.core.webui.keyword.WebUiBuiltInKeywords$verifyElementPresent$11.call(Unknown Source)
	at Personal_Joint_Summary_TC.run(Personal_Joint_Summary_TC:237)
	at com.kms.katalon.core.main.ScriptEngine.run(ScriptEngine.java:194)
	at com.kms.katalon.core.main.ScriptEngine.runScriptAsRawText(ScriptEngine.java:119)
	at com.kms.katalon.core.main.TestCaseExecutor.runScript(TestCaseExecutor.java:448)
	at com.kms.katalon.core.main.TestCaseExecutor.doExecute(TestCaseExecutor.java:439)
	at com.kms.katalon.core.main.TestCaseExecutor.processExecutionPhase(TestCaseExecutor.java:418)
	at com.kms.katalon.core.main.TestCaseExecutor.accessMainPhase(TestCaseExecutor.java:410)
	at com.kms.katalon.core.main.TestCaseExecutor.execute(TestCaseExecutor.java:285)
	at com.kms.katalon.core.common.CommonExecutor.accessTestCaseMainPhase(CommonExecutor.java:65)
	at com.kms.katalon.core.main.TestSuiteExecutor.accessTestSuiteMainPhase(TestSuiteExecutor.java:148)
	at com.kms.katalon.core.main.TestSuiteExecutor.execute(TestSuiteExecutor.java:106)
	at com.kms.katalon.core.main.TestCaseMain.startTestSuite(TestCaseMain.java:187)
	at com.kms.katalon.core.main.TestCaseMain$startTestSuite$0.call(Unknown Source)
	at TempTestSuite1731030484036.run(TempTestSuite1731030484036.groovy:35)
)
[[ATTACHMENT|E:\\Cloned-Project-Katalon\\VPS-Katalon\\Reports\\20241107_204804\\RAD_TestSuite\\RAD_UI_TestSuite\\20241107_204804\\1731034335161.png]]

2024-11-07 21:52:15 - [TEST_STEP][PASSED] - ExecuteTC = findTestData(dataFile).getValue("Execute", row): null

2024-11-07 21:52:15 - [TEST_STEP][PASSED] - TaxType = findTestData(dataFile).getValue("TaxType", row): null

2024-11-07 21:52:15 - [TEST_STEP][PASSED] - PaymentType = findTestData(dataFile).getValue("PaymentType", row): null

2024-11-07 21:52:15 - [TEST_STEP][PASSED] - FilingYear = findTestData(dataFile).getValue("Year", row): null

2024-11-07 21:52:15 - [TEST_STEP][FAILED] - if (ExecuteTC.equalsIgnoreCase("Y")): com.kms.katalon.core.webui.exception.WebElementNotFoundException: Web element with id: 'Object Repository/RAD_Pages/PaymentEntry_Page/input__billingName' located by '//*[@type = 'text' and @name = 'billingName' and @id = 'billingName']' not found (Root cause: com.kms.katalon.core.exception.StepFailedException: com.kms.katalon.core.webui.exception.WebElementNotFoundException: Web element with id: 'Object Repository/RAD_Pages/PaymentEntry_Page/input__billingName' located by '//*[@type = 'text' and @name = 'billingName' and @id = 'billingName']' not found
	at com.kms.katalon.core.webui.keyword.internal.WebUIKeywordMain.stepFailed(WebUIKeywordMain.groovy:64)
	at com.kms.katalon.core.webui.keyword.builtin.VerifyElementPresentKeyword$_verifyElementPresent_closure1.doCall(VerifyElementPresentKeyword.groovy:85)
	at com.kms.katalon.core.webui.keyword.builtin.VerifyElementPresentKeyword$_verifyElementPresent_closure1.call(VerifyElementPresentKeyword.groovy)
	at com.kms.katalon.core.webui.keyword.internal.WebUIKeywordMain.runKeyword(WebUIKeywordMain.groovy:20)
	at com.kms.katalon.core.webui.keyword.builtin.VerifyElementPresentKeyword.verifyElementPresent(VerifyElementPresentKeyword.groovy:92)
	at com.kms.katalon.core.webui.keyword.builtin.VerifyElementPresentKeyword.execute(VerifyElementPresentKeyword.groovy:68)
	at com.kms.katalon.core.keyword.internal.KeywordExecutor.executeKeywordForPlatform(KeywordExecutor.groovy:74)
	at com.kms.katalon.core.webui.keyword.WebUiBuiltInKeywords.verifyElementPresent(WebUiBuiltInKeywords.groovy:1464)
	at com.kms.katalon.core.webui.keyword.WebUiBuiltInKeywords$verifyElementPresent$11.call(Unknown Source)
	at Personal_Joint_Summary_TC.run(Personal_Joint_Summary_TC:237)
	at com.kms.katalon.core.main.ScriptEngine.run(ScriptEngine.java:194)
	at com.kms.katalon.core.main.ScriptEngine.runScriptAsRawText(ScriptEngine.java:119)
	at com.kms.katalon.core.main.TestCaseExecutor.runScript(TestCaseExecutor.java:448)
	at com.kms.katalon.core.main.TestCaseExecutor.doExecute(TestCaseExecutor.java:439)
	at com.kms.katalon.core.main.TestCaseExecutor.processExecutionPhase(TestCaseExecutor.java:418)
	at com.kms.katalon.core.main.TestCaseExecutor.accessMainPhase(TestCaseExecutor.java:410)
	at com.kms.katalon.core.main.TestCaseExecutor.execute(TestCaseExecutor.java:285)
	at com.kms.katalon.core.common.CommonExecutor.accessTestCaseMainPhase(CommonExecutor.java:65)
	at com.kms.katalon.core.main.TestSuiteExecutor.accessTestSuiteMainPhase(TestSuiteExecutor.java:148)
	at com.kms.katalon.core.main.TestSuiteExecutor.execute(TestSuiteExecutor.java:106)
	at com.kms.katalon.core.main.TestCaseMain.startTestSuite(TestCaseMain.java:187)
	at com.kms.katalon.core.main.TestCaseMain$startTestSuite$0.call(Unknown Source)
	at TempTestSuite1731030484036.run(TempTestSuite1731030484036.groovy:35)
)

2024-11-07 21:52:15 - [TEST_STEP][PASSED] - out.println("Begin Record Number: " + row): null

2024-11-07 21:52:15 - [TEST_STEP][PASSED] - today = new java.util.Date(): null

2024-11-07 21:52:15 - [TEST_STEP][PASSED] - println(today): null

2024-11-07 21:52:15 - [TEST_STEP][PASSED] - datText = today: null

2024-11-07 21:52:15 - [TEST_STEP][PASSED] - logInfo("Payment Type: " + PaymentType): Payment Type: New Tax Return Amount Due

2024-11-07 21:52:15 - [MESSAGE][INFO] - Payment Type: New Tax Return Amount Due

2024-11-07 21:52:15 - [TEST_STEP][PASSED] - logInfo("Tax Type: " + TaxType): Tax Type: Personal Income Tax

2024-11-07 21:52:15 - [MESSAGE][INFO] - Tax Type: Personal Income Tax

2024-11-07 21:52:15 - [TEST_STEP][PASSED] - openBrowser(""): Browser is opened with url: ''

2024-11-07 21:52:15 - [MESSAGE][WARNING] - A browser is already opened. Closing browser and opening a new one

2024-11-07 21:52:17 - [MESSAGE][INFO] - Starting 'Chrome' driver

2024-11-07 21:52:17 - [MESSAGE][INFO] - User set preference: ['acceptInsecureCerts', 'true']

2024-11-07 21:52:17 - [MESSAGE][INFO] - Action delay is set to 0 milliseconds

2024-11-07 21:52:18 - [MESSAGE][PASSED] - Browser is opened with url: ''

2024-11-07 21:52:18 - [TEST_STEP][PASSED] - maximizeWindow(): Current window maximized

2024-11-07 21:52:19 - [MESSAGE][PASSED] - Current window maximized

2024-11-07 21:52:19 - [TEST_STEP][PASSED] - navigateToUrl(RADurl): Navigate to 'https://www.velocitypayment.com/client/rad/index.html' successfully

2024-11-07 21:52:19 - [MESSAGE][PASSED] - Navigate to 'https://www.velocitypayment.com/client/rad/index.html' successfully

2024-11-07 21:52:19 - [TEST_STEP][PASSED] - selectOptionByLabel(findTestObject(orPath_Landing + "/dd_TaxType"), PaymentType, false): All options with label 'New Tax Return Amount Due' are selected in object 'Object Repository/RAD_Pages/Landing_Page/dd_TaxType' 

2024-11-07 21:52:21 - [MESSAGE][PASSED] - All options with label 'New Tax Return Amount Due' are selected in object 'Object Repository/RAD_Pages/Landing_Page/dd_TaxType' 

2024-11-07 21:52:21 - [TEST_STEP][PASSED] - switch (PaymentType): null

2024-11-07 21:52:21 - [TEST_STEP][PASSED] - case "New Tax Return Amount Due":: null

2024-11-07 21:52:21 - [TEST_STEP][PASSED] - selectOptionByLabel(findTestObject("Object Repository/RAD_Pages/Landing_Page/select_NewTaxReturnAmountDue_TaxType"), TaxType, false): All options with label 'Personal Income Tax' are selected in object 'Object Repository/RAD_Pages/Landing_Page/select_NewTaxReturnAmountDue_TaxType' 

2024-11-07 21:52:22 - [MESSAGE][PASSED] - All options with label 'Personal Income Tax' are selected in object 'Object Repository/RAD_Pages/Landing_Page/select_NewTaxReturnAmountDue_TaxType' 

2024-11-07 21:52:22 - [TEST_STEP][PASSED] - break: null

2024-11-07 21:52:22 - [TEST_STEP][PASSED] - if (!(FilingYear.isEmpty())): All options with label '2021' are selected in object 'Object Repository/RAD_Pages/TaxTypeFilingYear_Page/select_FilingYear' 

2024-11-07 21:52:22 - [TEST_STEP][PASSED] - selectOptionByLabel(findTestObject(orPath_TaxTypeFilingYear + "/select_FilingYear"), FilingYear, false): All options with label '2021' are selected in object 'Object Repository/RAD_Pages/TaxTypeFilingYear_Page/select_FilingYear' 

2024-11-07 21:52:23 - [MESSAGE][PASSED] - All options with label '2021' are selected in object 'Object Repository/RAD_Pages/TaxTypeFilingYear_Page/select_FilingYear' 

2024-11-07 21:52:23 - [TEST_STEP][PASSED] - if (TaxType.equalsIgnoreCase("Estate Tax")): null

2024-11-07 21:52:23 - [TEST_STEP][PASSED] - else: rad.getSetDataRAD.setDataRADssnAndName is PASSED

2024-11-07 21:52:23 - [TEST_STEP][PASSED] - rad.getSetDataRAD.setDataRADssnAndName(): rad.getSetDataRAD.setDataRADssnAndName is PASSED

2024-11-07 21:52:24 - [MESSAGE][PASSED] - Text 'Jimmy' is set on object 'Object Repository/RAD_Pages/Taxpayer_Page/input_firstName'

2024-11-07 21:52:24 - [MESSAGE][PASSED] - Text 'Davi' is set on object 'Object Repository/RAD_Pages/Taxpayer_Page/input_lastName'

2024-11-07 21:52:25 - [MESSAGE][PASSED] - Text '123450001' is set on object 'Object Repository/RAD_RecordAndPlay/input_concatSSN'

2024-11-07 21:52:26 - [MESSAGE][PASSED] - Text '123450001' is set on object 'Object Repository/RAD_RecordAndPlay/input_concatReSSN'

2024-11-07 21:52:26 - [MESSAGE][PASSED] - rad.getSetDataRAD.setDataRADssnAndName is PASSED

2024-11-07 21:52:26 - [TEST_STEP][PASSED] - rad.getSetDataRAD.setDataRADAddress(): rad.getSetDataRAD.setDataRADAddress is PASSED

2024-11-07 21:52:27 - [MESSAGE][PASSED] - All options with label 'United States' are selected in object 'Object Repository/RAD_Pages/AddressAndContactInfo_Page/select_Country' 

2024-11-07 21:52:28 - [MESSAGE][PASSED] - Text '2508 Mandan Terrace' is set on object 'Object Repository/RAD_Pages/AddressAndContactInfo_Page/input_streetAddress1'

2024-11-07 21:52:28 - [MESSAGE][PASSED] - Text '' is set on object 'Object Repository/RAD_Pages/AddressAndContactInfo_Page/input_streetAddress2'

2024-11-07 21:52:29 - [MESSAGE][PASSED] - Text 'Gambrills' is set on object 'Object Repository/RAD_Pages/AddressAndContactInfo_Page/input_city'

2024-11-07 21:52:30 - [MESSAGE][PASSED] - All options with label 'Maryland' are selected in object 'Object Repository/RAD_Pages/AddressAndContactInfo_Page/select_State' 

2024-11-07 21:52:30 - [MESSAGE][PASSED] - Text '21054' is set on object 'Object Repository/RAD_Pages/AddressAndContactInfo_Page/input_zipCode'

2024-11-07 21:52:31 - [MESSAGE][PASSED] - Text '(703) 894-5000' is set on object 'Object Repository/RAD_Pages/AddressAndContactInfo_Page/input_phoneNumber'

2024-11-07 21:52:32 - [MESSAGE][PASSED] - Text 'iahmed@govolution.com' is set on object 'Object Repository/RAD_Pages/AddressAndContactInfo_Page/input_eMailAddress'

2024-11-07 21:52:33 - [MESSAGE][PASSED] - Text 'iahmed@govolution.com' is set on object 'Object Repository/RAD_Pages/AddressAndContactInfo_Page/input_reEnterEMailAddress'

2024-11-07 21:52:33 - [MESSAGE][PASSED] - rad.getSetDataRAD.setDataRADAddress is PASSED

2024-11-07 21:52:33 - [TEST_STEP][PASSED] - scrollToElement(findTestObject(orPath_Landing + "/button_Continue"), 3): Scroll to object 'Object Repository/RAD_Pages/Landing_Page/button_Continue' successfully

2024-11-07 21:52:33 - [MESSAGE][PASSED] - Scroll to object 'Object Repository/RAD_Pages/Landing_Page/button_Continue' successfully

2024-11-07 21:52:33 - [TEST_STEP][PASSED] - waitForElementClickable(findTestObject(orPath_FilingStatus + "/input_JointFiling_userType_New"), 5): Object 'Object Repository/RAD_Pages/FilingStatus_Page/input_JointFiling_userType_New' is clickable

2024-11-07 21:52:34 - [MESSAGE][PASSED] - Object 'Object Repository/RAD_Pages/FilingStatus_Page/input_JointFiling_userType_New' is clickable

2024-11-07 21:52:34 - [TEST_STEP][PASSED] - check(findTestObject(orPath_FilingStatus + "/input_JointFiling_userType_New")): Object 'Object Repository/RAD_Pages/FilingStatus_Page/input_JointFiling_userType_New' is checked

2024-11-07 21:52:34 - [MESSAGE][PASSED] - Object 'Object Repository/RAD_Pages/FilingStatus_Page/input_JointFiling_userType_New' is checked

2024-11-07 21:52:34 - [TEST_STEP][PASSED] - delay(2): Delayed 2 second(s)

2024-11-07 21:52:36 - [MESSAGE][PASSED] - Delayed 2 second(s)

2024-11-07 21:52:36 - [TEST_STEP][PASSED] - rad.getSetDataRAD.setDataRADssnAndNameJointFiler(): rad.getSetDataRAD.setDataRADssnAndNameJointFiler is PASSED

2024-11-07 21:52:37 - [MESSAGE][PASSED] - Text 'Larsons' is set on object 'Object Repository/RAD_Pages/FilingStatus_Page/input_jointFirstName'

2024-11-07 21:52:38 - [MESSAGE][PASSED] - Text 'Daug' is set on object 'Object Repository/RAD_Pages/FilingStatus_Page/input_jointLastName'

2024-11-07 21:52:38 - [MESSAGE][PASSED] - Text '123450001' is set on object 'Object Repository/RAD_RecordAndPlay/input_JointFilerSSN'

2024-11-07 21:52:39 - [MESSAGE][PASSED] - Text '123450001' is set on object 'Object Repository/RAD_RecordAndPlay/input_reTypeJointFilerSSN'

2024-11-07 21:52:39 - [MESSAGE][PASSED] - rad.getSetDataRAD.setDataRADssnAndNameJointFiler is PASSED

2024-11-07 21:52:39 - [TEST_STEP][PASSED] - setText(findTestObject(orPath_Amount + "/input__paymentAmount"), "100.00"): Text '100.00' is set on object 'Object Repository/RAD_Pages/PaymentAmount_Page/input__paymentAmount'

2024-11-07 21:52:41 - [MESSAGE][PASSED] - Text '100.00' is set on object 'Object Repository/RAD_Pages/PaymentAmount_Page/input__paymentAmount'

2024-11-07 21:52:41 - [TEST_STEP][PASSED] - setText(findTestObject(orPath_AddressContact + "/input_streetAddress2"), ""): Text '' is set on object 'Object Repository/RAD_Pages/AddressAndContactInfo_Page/input_streetAddress2'

2024-11-07 21:52:41 - [MESSAGE][PASSED] - Text '' is set on object 'Object Repository/RAD_Pages/AddressAndContactInfo_Page/input_streetAddress2'

2024-11-07 21:52:41 - [TEST_STEP][PASSED] - scrollToElement(findTestObject(orPath_Landing + "/button_Continue"), 3): Scroll to object 'Object Repository/RAD_Pages/Landing_Page/button_Continue' successfully

2024-11-07 21:52:42 - [MESSAGE][PASSED] - Scroll to object 'Object Repository/RAD_Pages/Landing_Page/button_Continue' successfully

2024-11-07 21:52:42 - [TEST_STEP][PASSED] - waitForElementClickable(findTestObject(orPath_Landing + "/button_Continue"), 5): Object 'Object Repository/RAD_Pages/Landing_Page/button_Continue' is clickable

2024-11-07 21:52:42 - [MESSAGE][PASSED] - Object 'Object Repository/RAD_Pages/Landing_Page/button_Continue' is clickable

2024-11-07 21:52:42 - [TEST_STEP][PASSED] - click(findTestObject(orPath_Landing + "/button_Continue")): Object: 'Object Repository/RAD_Pages/Landing_Page/button_Continue' is clicked on

2024-11-07 21:52:43 - [MESSAGE][PASSED] - Object: 'Object Repository/RAD_Pages/Landing_Page/button_Continue' is clicked on

2024-11-07 21:52:43 - [TEST_STEP][PASSED] - delay(2): Delayed 2 second(s)

2024-11-07 21:52:45 - [MESSAGE][PASSED] - Delayed 2 second(s)

2024-11-07 21:52:45 - [TEST_STEP][PASSED] - verifyTextPresent("Summary", true): Text 'Summary' is present on page  using regular expression

2024-11-07 21:52:45 - [MESSAGE][PASSED] - Text 'Summary' is present on page  using regular expression

2024-11-07 21:52:45 - [TEST_STEP][PASSED] - verifyTextPresent("Review the information below and make any necessary corrections by clicking the", true): Text 'Review the information below and make any necessary corrections by clicking the' is present on page  using regular expression

2024-11-07 21:52:45 - [MESSAGE][PASSED] - Text 'Review the information below and make any necessary corrections by clicking the' is present on page  using regular expression

2024-11-07 21:52:45 - [TEST_STEP][PASSED] - verifyTextPresent("When you are confident that all the information is correct, click the", true): Text 'When you are confident that all the information is correct, click the' is present on page  using regular expression

2024-11-07 21:52:46 - [MESSAGE][PASSED] - Text 'When you are confident that all the information is correct, click the' is present on page  using regular expression

2024-11-07 21:52:46 - [TEST_STEP][PASSED] - verifyTextPresent("Payment Type/Filing Year", true): Text 'Payment Type/Filing Year' is present on page  using regular expression

2024-11-07 21:52:46 - [MESSAGE][PASSED] - Text 'Payment Type/Filing Year' is present on page  using regular expression

2024-11-07 21:52:46 - [TEST_STEP][PASSED] - verifyTextPresent("Payment Type:", true): Text 'Payment Type:' is present on page  using regular expression

2024-11-07 21:52:46 - [MESSAGE][PASSED] - Text 'Payment Type:' is present on page  using regular expression

2024-11-07 21:52:46 - [TEST_STEP][PASSED] - verifyTextPresent(PaymentType, true): Text 'New Tax Return Amount Due' is present on page  using regular expression

2024-11-07 21:52:46 - [MESSAGE][PASSED] - Text 'New Tax Return Amount Due' is present on page  using regular expression

2024-11-07 21:52:46 - [TEST_STEP][PASSED] - verifyTextPresent("Filing Year:", true): Text 'Filing Year:' is present on page  using regular expression

2024-11-07 21:52:47 - [MESSAGE][PASSED] - Text 'Filing Year:' is present on page  using regular expression

2024-11-07 21:52:47 - [TEST_STEP][PASSED] - verifyTextPresent(FilingYear, true): Text '2021' is present on page  using regular expression

2024-11-07 21:52:47 - [MESSAGE][PASSED] - Text '2021' is present on page  using regular expression

2024-11-07 21:52:47 - [TEST_STEP][PASSED] - verifyTextPresent("Payer Information", true): Text 'Payer Information' is present on page  using regular expression

2024-11-07 21:52:47 - [MESSAGE][PASSED] - Text 'Payer Information' is present on page  using regular expression

2024-11-07 21:52:47 - [TEST_STEP][PASSED] - verifyTextPresent("Taxpayer Name:", true): Text 'Taxpayer Name:' is present on page  using regular expression

2024-11-07 21:52:48 - [MESSAGE][PASSED] - Text 'Taxpayer Name:' is present on page  using regular expression

2024-11-07 21:52:48 - [TEST_STEP][PASSED] - switch (executionProfile): null

2024-11-07 21:52:48 - [TEST_STEP][PASSED] - verifyTextPresent("Taxpayer SSN:", true): Text 'Taxpayer SSN:' is present on page  using regular expression

2024-11-07 21:52:48 - [MESSAGE][PASSED] - Text 'Taxpayer SSN:' is present on page  using regular expression

2024-11-07 21:52:48 - [TEST_STEP][PASSED] - verifyTextPresent("Taxpayer Address:", true): Text 'Taxpayer Address:' is present on page  using regular expression

2024-11-07 21:52:48 - [MESSAGE][PASSED] - Text 'Taxpayer Address:' is present on page  using regular expression

2024-11-07 21:52:48 - [TEST_STEP][PASSED] - verifyTextPresent("2508 Mandan Terrace Gambrills Maryland 21054", true): Text '2508 Mandan Terrace Gambrills Maryland 21054' is present on page  using regular expression

2024-11-07 21:52:49 - [MESSAGE][PASSED] - Text '2508 Mandan Terrace Gambrills Maryland 21054' is present on page  using regular expression

2024-11-07 21:52:49 - [TEST_STEP][PASSED] - verifyTextPresent("Email:", true): Text 'Email:' is present on page  using regular expression

2024-11-07 21:52:49 - [MESSAGE][PASSED] - Text 'Email:' is present on page  using regular expression

2024-11-07 21:52:49 - [TEST_STEP][PASSED] - verifyTextPresent("iahmed@govolution.com", true): Text 'iahmed@govolution.com' is present on page  using regular expression

2024-11-07 21:52:49 - [MESSAGE][PASSED] - Text 'iahmed@govolution.com' is present on page  using regular expression

2024-11-07 21:52:49 - [TEST_STEP][PASSED] - verifyTextPresent("Phone:", true): Text 'Phone:' is present on page  using regular expression

2024-11-07 21:52:50 - [MESSAGE][PASSED] - Text 'Phone:' is present on page  using regular expression

2024-11-07 21:52:50 - [TEST_STEP][PASSED] - verifyTextPresent("(703) 894-5000", false): Text '(703) 894-5000' is present on page 

2024-11-07 21:52:50 - [MESSAGE][PASSED] - Text '(703) 894-5000' is present on page 

2024-11-07 21:52:50 - [TEST_STEP][PASSED] - verifyTextPresent("Joint Filer Name:", true): Text 'Joint Filer Name:' is present on page  using regular expression

2024-11-07 21:52:50 - [MESSAGE][PASSED] - Text 'Joint Filer Name:' is present on page  using regular expression

2024-11-07 21:52:50 - [TEST_STEP][PASSED] - verifyTextPresent("Joint Filer SSN", true): Text 'Joint Filer SSN' is present on page  using regular expression

2024-11-07 21:52:51 - [MESSAGE][PASSED] - Text 'Joint Filer SSN' is present on page  using regular expression

2024-11-07 21:52:51 - [TEST_STEP][PASSED] - verifyTextPresent("Tax Information", true): Text 'Tax Information' is present on page  using regular expression

2024-11-07 21:52:51 - [MESSAGE][PASSED] - Text 'Tax Information' is present on page  using regular expression

2024-11-07 21:52:51 - [TEST_STEP][PASSED] - verifyTextPresent("Payment Amount:", true): Text 'Payment Amount:' is present on page  using regular expression

2024-11-07 21:52:51 - [MESSAGE][PASSED] - Text 'Payment Amount:' is present on page  using regular expression

2024-11-07 21:52:51 - [TEST_STEP][PASSED] - verifyTextPresent("100.00", true): Text '100.00' is present on page  using regular expression

2024-11-07 21:52:52 - [MESSAGE][PASSED] - Text '100.00' is present on page  using regular expression

2024-11-07 21:52:52 - [TEST_STEP][PASSED] - verifyTextNotPresent("Federal EIN:", true): Text 'Federal EIN:' is not present on page using regular expression

2024-11-07 21:52:52 - [MESSAGE][PASSED] - Text 'Federal EIN:' is not present on page using regular expression

2024-11-07 21:52:52 - [TEST_STEP][PASSED] - verifyTextNotPresent("FEIN/SSN:", true): Text 'FEIN/SSN:' is not present on page using regular expression

2024-11-07 21:52:52 - [MESSAGE][PASSED] - Text 'FEIN/SSN:' is not present on page using regular expression

2024-11-07 21:52:52 - [TEST_STEP][PASSED] - if (verifyElementVisible(findTestObject(orPath_Summary + "/button_Proceed to Payment"))): null

2024-11-07 21:52:53 - [MESSAGE][PASSED] - Object 'Object Repository/RAD_Pages/Summary_Page/button_Proceed to Payment' is visible

2024-11-07 21:52:53 - [TEST_STEP][PASSED] - resText = "Pass": null

2024-11-07 21:52:53 - [TEST_STEP][PASSED] - pages.WriteExcel.demoKey(resText, datText, resColumn, datCloumn, fileLoc, nameSheet, row): pages.WriteExcel.demoKey is PASSED

2024-11-07 21:52:53 - [MESSAGE][PASSED] - pages.WriteExcel.demoKey is PASSED

2024-11-07 21:52:53 - [TEST_STEP][PASSED] - click(findTestObject(orPath_Summary + "/button_Proceed to Payment")): Object: 'Object Repository/RAD_Pages/Summary_Page/button_Proceed to Payment' is clicked on

2024-11-07 21:52:54 - [MESSAGE][PASSED] - Object: 'Object Repository/RAD_Pages/Summary_Page/button_Proceed to Payment' is clicked on

2024-11-07 21:52:54 - [TEST_STEP][FAILED] - verifyElementPresent(findTestObject("Object Repository/RAD_Pages/PaymentEntry_Page/input__billingName"), 30): com.kms.katalon.core.webui.exception.WebElementNotFoundException: Web element with id: 'Object Repository/RAD_Pages/PaymentEntry_Page/input__billingName' located by '//*[@type = 'text' and @name = 'billingName' and @id = 'billingName']' not found (Root cause: com.kms.katalon.core.exception.StepFailedException: com.kms.katalon.core.webui.exception.WebElementNotFoundException: Web element with id: 'Object Repository/RAD_Pages/PaymentEntry_Page/input__billingName' located by '//*[@type = 'text' and @name = 'billingName' and @id = 'billingName']' not found
	at com.kms.katalon.core.webui.keyword.internal.WebUIKeywordMain.stepFailed(WebUIKeywordMain.groovy:64)
	at com.kms.katalon.core.webui.keyword.builtin.VerifyElementPresentKeyword$_verifyElementPresent_closure1.doCall(VerifyElementPresentKeyword.groovy:85)
	at com.kms.katalon.core.webui.keyword.builtin.VerifyElementPresentKeyword$_verifyElementPresent_closure1.call(VerifyElementPresentKeyword.groovy)
	at com.kms.katalon.core.webui.keyword.internal.WebUIKeywordMain.runKeyword(WebUIKeywordMain.groovy:20)
	at com.kms.katalon.core.webui.keyword.builtin.VerifyElementPresentKeyword.verifyElementPresent(VerifyElementPresentKeyword.groovy:92)
	at com.kms.katalon.core.webui.keyword.builtin.VerifyElementPresentKeyword.execute(VerifyElementPresentKeyword.groovy:68)
	at com.kms.katalon.core.keyword.internal.KeywordExecutor.executeKeywordForPlatform(KeywordExecutor.groovy:74)
	at com.kms.katalon.core.webui.keyword.WebUiBuiltInKeywords.verifyElementPresent(WebUiBuiltInKeywords.groovy:1464)
	at com.kms.katalon.core.webui.keyword.WebUiBuiltInKeywords$verifyElementPresent$11.call(Unknown Source)
	at Personal_Joint_Summary_TC.run(Personal_Joint_Summary_TC:237)
	at com.kms.katalon.core.main.ScriptEngine.run(ScriptEngine.java:194)
	at com.kms.katalon.core.main.ScriptEngine.runScriptAsRawText(ScriptEngine.java:119)
	at com.kms.katalon.core.main.TestCaseExecutor.runScript(TestCaseExecutor.java:448)
	at com.kms.katalon.core.main.TestCaseExecutor.doExecute(TestCaseExecutor.java:439)
	at com.kms.katalon.core.main.TestCaseExecutor.processExecutionPhase(TestCaseExecutor.java:418)
	at com.kms.katalon.core.main.TestCaseExecutor.accessMainPhase(TestCaseExecutor.java:410)
	at com.kms.katalon.core.main.TestCaseExecutor.execute(TestCaseExecutor.java:285)
	at com.kms.katalon.core.common.CommonExecutor.accessTestCaseMainPhase(CommonExecutor.java:65)
	at com.kms.katalon.core.main.TestSuiteExecutor.accessTestSuiteMainPhase(TestSuiteExecutor.java:148)
	at com.kms.katalon.core.main.TestSuiteExecutor.execute(TestSuiteExecutor.java:106)
	at com.kms.katalon.core.main.TestCaseMain.startTestSuite(TestCaseMain.java:187)
	at com.kms.katalon.core.main.TestCaseMain$startTestSuite$0.call(Unknown Source)
	at TempTestSuite1731030484036.run(TempTestSuite1731030484036.groovy:35)
)

2024-11-07 21:53:25 - [MESSAGE][INFO] - Unable to find the element located by 'By.xpath: //*[@type = 'text' and @name = 'billingName' and @id = 'billingName']'. Please recheck the objects properties to make sure the desired element is located. 

2024-11-07 21:53:25 - [MESSAGE][FAILED] - com.kms.katalon.core.webui.exception.WebElementNotFoundException: Web element with id: 'Object Repository/RAD_Pages/PaymentEntry_Page/input__billingName' located by '//*[@type = 'text' and @name = 'billingName' and @id = 'billingName']' not found (Root cause: com.kms.katalon.core.exception.StepFailedException: com.kms.katalon.core.webui.exception.WebElementNotFoundException: Web element with id: 'Object Repository/RAD_Pages/PaymentEntry_Page/input__billingName' located by '//*[@type = 'text' and @name = 'billingName' and @id = 'billingName']' not found
	at com.kms.katalon.core.webui.keyword.internal.WebUIKeywordMain.stepFailed(WebUIKeywordMain.groovy:64)
	at com.kms.katalon.core.webui.keyword.builtin.VerifyElementPresentKeyword$_verifyElementPresent_closure1.doCall(VerifyElementPresentKeyword.groovy:85)
	at com.kms.katalon.core.webui.keyword.builtin.VerifyElementPresentKeyword$_verifyElementPresent_closure1.call(VerifyElementPresentKeyword.groovy)
	at com.kms.katalon.core.webui.keyword.internal.WebUIKeywordMain.runKeyword(WebUIKeywordMain.groovy:20)
	at com.kms.katalon.core.webui.keyword.builtin.VerifyElementPresentKeyword.verifyElementPresent(VerifyElementPresentKeyword.groovy:92)
	at com.kms.katalon.core.webui.keyword.builtin.VerifyElementPresentKeyword.execute(VerifyElementPresentKeyword.groovy:68)
	at com.kms.katalon.core.keyword.internal.KeywordExecutor.executeKeywordForPlatform(KeywordExecutor.groovy:74)
	at com.kms.katalon.core.webui.keyword.WebUiBuiltInKeywords.verifyElementPresent(WebUiBuiltInKeywords.groovy:1464)
	at com.kms.katalon.core.webui.keyword.WebUiBuiltInKeywords$verifyElementPresent$11.call(Unknown Source)
	at Personal_Joint_Summary_TC.run(Personal_Joint_Summary_TC:237)
	at com.kms.katalon.core.main.ScriptEngine.run(ScriptEngine.java:194)
	at com.kms.katalon.core.main.ScriptEngine.runScriptAsRawText(ScriptEngine.java:119)
	at com.kms.katalon.core.main.TestCaseExecutor.runScript(TestCaseExecutor.java:448)
	at com.kms.katalon.core.main.TestCaseExecutor.doExecute(TestCaseExecutor.java:439)
	at com.kms.katalon.core.main.TestCaseExecutor.processExecutionPhase(TestCaseExecutor.java:418)
	at com.kms.katalon.core.main.TestCaseExecutor.accessMainPhase(TestCaseExecutor.java:410)
	at com.kms.katalon.core.main.TestCaseExecutor.execute(TestCaseExecutor.java:285)
	at com.kms.katalon.core.common.CommonExecutor.accessTestCaseMainPhase(CommonExecutor.java:65)
	at com.kms.katalon.core.main.TestSuiteExecutor.accessTestSuiteMainPhase(TestSuiteExecutor.java:148)
	at com.kms.katalon.core.main.TestSuiteExecutor.execute(TestSuiteExecutor.java:106)
	at com.kms.katalon.core.main.TestCaseMain.startTestSuite(TestCaseMain.java:187)
	at com.kms.katalon.core.main.TestCaseMain$startTestSuite$0.call(Unknown Source)
	at TempTestSuite1731030484036.run(TempTestSuite1731030484036.groovy:35)
)
[[ATTACHMENT|E:\\Cloned-Project-Katalon\\VPS-Katalon\\Reports\\20241107_204804\\RAD_TestSuite\\RAD_UI_TestSuite\\20241107_204804\\1731034405454.png]]]]></system-out>
         <system-err><![CDATA[2024-11-07 21:48:35 - [TEST_CASE][FAILED] - Test Cases/RAD_TestCases/Summary_TestCases/Personal_Joint_Summary_TC: Test Cases/RAD_TestCases/Summary_TestCases/Personal_Joint_Summary_TC FAILED.
Reason:
com.kms.katalon.core.exception.StepFailedException: com.kms.katalon.core.webui.exception.WebElementNotFoundException: Web element with id: 'Object Repository/RAD_Pages/PaymentEntry_Page/input__billingName' located by '//*[@type = 'text' and @name = 'billingName' and @id = 'billingName']' not found (Root cause: com.kms.katalon.core.exception.StepFailedException: com.kms.katalon.core.webui.exception.WebElementNotFoundException: Web element with id: 'Object Repository/RAD_Pages/PaymentEntry_Page/input__billingName' located by '//*[@type = 'text' and @name = 'billingName' and @id = 'billingName']' not found
	at com.kms.katalon.core.webui.keyword.internal.WebUIKeywordMain.stepFailed(WebUIKeywordMain.groovy:64)
	at com.kms.katalon.core.webui.keyword.builtin.VerifyElementPresentKeyword$_verifyElementPresent_closure1.doCall(VerifyElementPresentKeyword.groovy:85)
	at com.kms.katalon.core.webui.keyword.builtin.VerifyElementPresentKeyword$_verifyElementPresent_closure1.call(VerifyElementPresentKeyword.groovy)
	at com.kms.katalon.core.webui.keyword.internal.WebUIKeywordMain.runKeyword(WebUIKeywordMain.groovy:20)
	at com.kms.katalon.core.webui.keyword.builtin.VerifyElementPresentKeyword.verifyElementPresent(VerifyElementPresentKeyword.groovy:92)
	at com.kms.katalon.core.webui.keyword.builtin.VerifyElementPresentKeyword.execute(VerifyElementPresentKeyword.groovy:68)
	at com.kms.katalon.core.keyword.internal.KeywordExecutor.executeKeywordForPlatform(KeywordExecutor.groovy:74)
	at com.kms.katalon.core.webui.keyword.WebUiBuiltInKeywords.verifyElementPresent(WebUiBuiltInKeywords.groovy:1464)
	at com.kms.katalon.core.webui.keyword.WebUiBuiltInKeywords$verifyElementPresent$11.call(Unknown Source)
	at Personal_Joint_Summary_TC.run(Personal_Joint_Summary_TC:237)
	at com.kms.katalon.core.main.ScriptEngine.run(ScriptEngine.java:194)
	at com.kms.katalon.core.main.ScriptEngine.runScriptAsRawText(ScriptEngine.java:119)
	at com.kms.katalon.core.main.TestCaseExecutor.runScript(TestCaseExecutor.java:448)
	at com.kms.katalon.core.main.TestCaseExecutor.doExecute(TestCaseExecutor.java:439)
	at com.kms.katalon.core.main.TestCaseExecutor.processExecutionPhase(TestCaseExecutor.java:418)
	at com.kms.katalon.core.main.TestCaseExecutor.accessMainPhase(TestCaseExecutor.java:410)
	at com.kms.katalon.core.main.TestCaseExecutor.execute(TestCaseExecutor.java:285)
	at com.kms.katalon.core.common.CommonExecutor.accessTestCaseMainPhase(CommonExecutor.java:65)
	at com.kms.katalon.core.main.TestSuiteExecutor.accessTestSuiteMainPhase(TestSuiteExecutor.java:148)
	at com.kms.katalon.core.main.TestSuiteExecutor.execute(TestSuiteExecutor.java:106)
	at com.kms.katalon.core.main.TestCaseMain.startTestSuite(TestCaseMain.java:187)
	at com.kms.katalon.core.main.TestCaseMain$startTestSuite$0.call(Unknown Source)
	at TempTestSuite1731030484036.run(TempTestSuite1731030484036.groovy:35)
)
	at com.kms.katalon.core.keyword.internal.KeywordMain.stepFailed(KeywordMain.groovy:39)
	at com.kms.katalon.core.webui.keyword.internal.WebUIKeywordMain.stepFailed(WebUIKeywordMain.groovy:64)
	at com.kms.katalon.core.webui.keyword.builtin.VerifyElementPresentKeyword$_verifyElementPresent_closure1.doCall(VerifyElementPresentKeyword.groovy:85)
	at com.kms.katalon.core.webui.keyword.builtin.VerifyElementPresentKeyword$_verifyElementPresent_closure1.call(VerifyElementPresentKeyword.groovy)
	at com.kms.katalon.core.webui.keyword.internal.WebUIKeywordMain.runKeyword(WebUIKeywordMain.groovy:20)
	at com.kms.katalon.core.webui.keyword.builtin.VerifyElementPresentKeyword.verifyElementPresent(VerifyElementPresentKeyword.groovy:92)
	at com.kms.katalon.core.webui.keyword.builtin.VerifyElementPresentKeyword.execute(VerifyElementPresentKeyword.groovy:68)
	at com.kms.katalon.core.keyword.internal.KeywordExecutor.executeKeywordForPlatform(KeywordExecutor.groovy:74)
	at com.kms.katalon.core.webui.keyword.WebUiBuiltInKeywords.verifyElementPresent(WebUiBuiltInKeywords.groovy:1464)
	at com.kms.katalon.core.webui.keyword.WebUiBuiltInKeywords$verifyElementPresent$11.call(Unknown Source)
	at Personal_Joint_Summary_TC.run(Personal_Joint_Summary_TC:237)
	at com.kms.katalon.core.main.ScriptEngine.run(ScriptEngine.java:194)
	at com.kms.katalon.core.main.ScriptEngine.runScriptAsRawText(ScriptEngine.java:119)
	at com.kms.katalon.core.main.TestCaseExecutor.runScript(TestCaseExecutor.java:448)
	at com.kms.katalon.core.main.TestCaseExecutor.doExecute(TestCaseExecutor.java:439)
	at com.kms.katalon.core.main.TestCaseExecutor.processExecutionPhase(TestCaseExecutor.java:418)
	at com.kms.katalon.core.main.TestCaseExecutor.accessMainPhase(TestCaseExecutor.java:410)
	at com.kms.katalon.core.main.TestCaseExecutor.execute(TestCaseExecutor.java:285)
	at com.kms.katalon.core.common.CommonExecutor.accessTestCaseMainPhase(CommonExecutor.java:65)
	at com.kms.katalon.core.main.TestSuiteExecutor.accessTestSuiteMainPhase(TestSuiteExecutor.java:148)
	at com.kms.katalon.core.main.TestSuiteExecutor.execute(TestSuiteExecutor.java:106)
	at com.kms.katalon.core.main.TestCaseMain.startTestSuite(TestCaseMain.java:187)
	at com.kms.katalon.core.main.TestCaseMain$startTestSuite$0.call(Unknown Source)
	at TempTestSuite1731030484036.run(TempTestSuite1731030484036.groovy:35)
Caused by: com.kms.katalon.core.exception.StepFailedException: com.kms.katalon.core.webui.exception.WebElementNotFoundException: Web element with id: 'Object Repository/RAD_Pages/PaymentEntry_Page/input__billingName' located by '//*[@type = 'text' and @name = 'billingName' and @id = 'billingName']' not found
	... 23 more]]></system-err>
      </testcase>
      <system-out><![CDATA[2024-11-07 20:48:12 - [TEST_SUITE][FAILED] - RAD_UI_TestSuite: Test Cases/RAD_TestCases/Summary_TestCases/Personal_Individual_Summary_TC FAILED.
Reason:
com.kms.katalon.core.exception.StepFailedException: com.kms.katalon.core.webui.exception.WebElementNotFoundException: Web element with id: 'Object Repository/RAD_Pages/PaymentEntry_Page/input__billingName' located by '//*[@type = 'text' and @name = 'billingName' and @id = 'billingName']' not found (Root cause: com.kms.katalon.core.exception.StepFailedException: com.kms.katalon.core.webui.exception.WebElementNotFoundException: Web element with id: 'Object Repository/RAD_Pages/PaymentEntry_Page/input__billingName' located by '//*[@type = 'text' and @name = 'billingName' and @id = 'billingName']' not found
	at com.kms.katalon.core.webui.keyword.internal.WebUIKeywordMain.stepFailed(WebUIKeywordMain.groovy:64)
	at com.kms.katalon.core.webui.keyword.builtin.VerifyElementPresentKeyword$_verifyElementPresent_closure1.doCall(VerifyElementPresentKeyword.groovy:85)
	at com.kms.katalon.core.webui.keyword.builtin.VerifyElementPresentKeyword$_verifyElementPresent_closure1.call(VerifyElementPresentKeyword.groovy)
	at com.kms.katalon.core.webui.keyword.internal.WebUIKeywordMain.runKeyword(WebUIKeywordMain.groovy:20)
	at com.kms.katalon.core.webui.keyword.builtin.VerifyElementPresentKeyword.verifyElementPresent(VerifyElementPresentKeyword.groovy:92)
	at com.kms.katalon.core.webui.keyword.builtin.VerifyElementPresentKeyword.execute(VerifyElementPresentKeyword.groovy:68)
	at com.kms.katalon.core.keyword.internal.KeywordExecutor.executeKeywordForPlatform(KeywordExecutor.groovy:74)
	at com.kms.katalon.core.webui.keyword.WebUiBuiltInKeywords.verifyElementPresent(WebUiBuiltInKeywords.groovy:1464)
	at com.kms.katalon.core.webui.keyword.WebUiBuiltInKeywords$verifyElementPresent$11.call(Unknown Source)
	at Personal_Individual_Summary_TC.run(Personal_Individual_Summary_TC:242)
	at com.kms.katalon.core.main.ScriptEngine.run(ScriptEngine.java:194)
	at com.kms.katalon.core.main.ScriptEngine.runScriptAsRawText(ScriptEngine.java:119)
	at com.kms.katalon.core.main.TestCaseExecutor.runScript(TestCaseExecutor.java:448)
	at com.kms.katalon.core.main.TestCaseExecutor.doExecute(TestCaseExecutor.java:439)
	at com.kms.katalon.core.main.TestCaseExecutor.processExecutionPhase(TestCaseExecutor.java:418)
	at com.kms.katalon.core.main.TestCaseExecutor.accessMainPhase(TestCaseExecutor.java:410)
	at com.kms.katalon.core.main.TestCaseExecutor.execute(TestCaseExecutor.java:285)
	at com.kms.katalon.core.common.CommonExecutor.accessTestCaseMainPhase(CommonExecutor.java:65)
	at com.kms.katalon.core.main.TestSuiteExecutor.accessTestSuiteMainPhase(TestSuiteExecutor.java:148)
	at com.kms.katalon.core.main.TestSuiteExecutor.execute(TestSuiteExecutor.java:106)
	at com.kms.katalon.core.main.TestCaseMain.startTestSuite(TestCaseMain.java:187)
	at com.kms.katalon.core.main.TestCaseMain$startTestSuite$0.call(Unknown Source)
	at TempTestSuite1731030484036.run(TempTestSuite1731030484036.groovy:35)
)
	at com.kms.katalon.core.keyword.internal.KeywordMain.stepFailed(KeywordMain.groovy:39)
	at com.kms.katalon.core.webui.keyword.internal.WebUIKeywordMain.stepFailed(WebUIKeywordMain.groovy:64)
	at com.kms.katalon.core.webui.keyword.builtin.VerifyElementPresentKeyword$_verifyElementPresent_closure1.doCall(VerifyElementPresentKeyword.groovy:85)
	at com.kms.katalon.core.webui.keyword.builtin.VerifyElementPresentKeyword$_verifyElementPresent_closure1.call(VerifyElementPresentKeyword.groovy)
	at com.kms.katalon.core.webui.keyword.internal.WebUIKeywordMain.runKeyword(WebUIKeywordMain.groovy:20)
	at com.kms.katalon.core.webui.keyword.builtin.VerifyElementPresentKeyword.verifyElementPresent(VerifyElementPresentKeyword.groovy:92)
	at com.kms.katalon.core.webui.keyword.builtin.VerifyElementPresentKeyword.execute(VerifyElementPresentKeyword.groovy:68)
	at com.kms.katalon.core.keyword.internal.KeywordExecutor.executeKeywordForPlatform(KeywordExecutor.groovy:74)
	at com.kms.katalon.core.webui.keyword.WebUiBuiltInKeywords.verifyElementPresent(WebUiBuiltInKeywords.groovy:1464)
	at com.kms.katalon.core.webui.keyword.WebUiBuiltInKeywords$verifyElementPresent$11.call(Unknown Source)
	at Personal_Individual_Summary_TC.run(Personal_Individual_Summary_TC:242)
	at com.kms.katalon.core.main.ScriptEngine.run(ScriptEngine.java:194)
	at com.kms.katalon.core.main.ScriptEngine.runScriptAsRawText(ScriptEngine.java:119)
	at com.kms.katalon.core.main.TestCaseExecutor.runScript(TestCaseExecutor.java:448)
	at com.kms.katalon.core.main.TestCaseExecutor.doExecute(TestCaseExecutor.java:439)
	at com.kms.katalon.core.main.TestCaseExecutor.processExecutionPhase(TestCaseExecutor.java:418)
	at com.kms.katalon.core.main.TestCaseExecutor.accessMainPhase(TestCaseExecutor.java:410)
	at com.kms.katalon.core.main.TestCaseExecutor.execute(TestCaseExecutor.java:285)
	at com.kms.katalon.core.common.CommonExecutor.accessTestCaseMainPhase(CommonExecutor.java:65)
	at com.kms.katalon.core.main.TestSuiteExecutor.accessTestSuiteMainPhase(TestSuiteExecutor.java:148)
	at com.kms.katalon.core.main.TestSuiteExecutor.execute(TestSuiteExecutor.java:106)
	at com.kms.katalon.core.main.TestCaseMain.startTestSuite(TestCaseMain.java:187)
	at com.kms.katalon.core.main.TestCaseMain$startTestSuite$0.call(Unknown Source)
	at TempTestSuite1731030484036.run(TempTestSuite1731030484036.groovy:35)
Caused by: com.kms.katalon.core.exception.StepFailedException: com.kms.katalon.core.webui.exception.WebElementNotFoundException: Web element with id: 'Object Repository/RAD_Pages/PaymentEntry_Page/input__billingName' located by '//*[@type = 'text' and @name = 'billingName' and @id = 'billingName']' not found
	... 23 more]]></system-out>
      <system-err><![CDATA[2024-11-07 20:48:12 - [TEST_SUITE][FAILED] - RAD_UI_TestSuite: Test Cases/RAD_TestCases/Summary_TestCases/Personal_Individual_Summary_TC FAILED.
Reason:
com.kms.katalon.core.exception.StepFailedException: com.kms.katalon.core.webui.exception.WebElementNotFoundException: Web element with id: 'Object Repository/RAD_Pages/PaymentEntry_Page/input__billingName' located by '//*[@type = 'text' and @name = 'billingName' and @id = 'billingName']' not found (Root cause: com.kms.katalon.core.exception.StepFailedException: com.kms.katalon.core.webui.exception.WebElementNotFoundException: Web element with id: 'Object Repository/RAD_Pages/PaymentEntry_Page/input__billingName' located by '//*[@type = 'text' and @name = 'billingName' and @id = 'billingName']' not found
	at com.kms.katalon.core.webui.keyword.internal.WebUIKeywordMain.stepFailed(WebUIKeywordMain.groovy:64)
	at com.kms.katalon.core.webui.keyword.builtin.VerifyElementPresentKeyword$_verifyElementPresent_closure1.doCall(VerifyElementPresentKeyword.groovy:85)
	at com.kms.katalon.core.webui.keyword.builtin.VerifyElementPresentKeyword$_verifyElementPresent_closure1.call(VerifyElementPresentKeyword.groovy)
	at com.kms.katalon.core.webui.keyword.internal.WebUIKeywordMain.runKeyword(WebUIKeywordMain.groovy:20)
	at com.kms.katalon.core.webui.keyword.builtin.VerifyElementPresentKeyword.verifyElementPresent(VerifyElementPresentKeyword.groovy:92)
	at com.kms.katalon.core.webui.keyword.builtin.VerifyElementPresentKeyword.execute(VerifyElementPresentKeyword.groovy:68)
	at com.kms.katalon.core.keyword.internal.KeywordExecutor.executeKeywordForPlatform(KeywordExecutor.groovy:74)
	at com.kms.katalon.core.webui.keyword.WebUiBuiltInKeywords.verifyElementPresent(WebUiBuiltInKeywords.groovy:1464)
	at com.kms.katalon.core.webui.keyword.WebUiBuiltInKeywords$verifyElementPresent$11.call(Unknown Source)
	at Personal_Individual_Summary_TC.run(Personal_Individual_Summary_TC:242)
	at com.kms.katalon.core.main.ScriptEngine.run(ScriptEngine.java:194)
	at com.kms.katalon.core.main.ScriptEngine.runScriptAsRawText(ScriptEngine.java:119)
	at com.kms.katalon.core.main.TestCaseExecutor.runScript(TestCaseExecutor.java:448)
	at com.kms.katalon.core.main.TestCaseExecutor.doExecute(TestCaseExecutor.java:439)
	at com.kms.katalon.core.main.TestCaseExecutor.processExecutionPhase(TestCaseExecutor.java:418)
	at com.kms.katalon.core.main.TestCaseExecutor.accessMainPhase(TestCaseExecutor.java:410)
	at com.kms.katalon.core.main.TestCaseExecutor.execute(TestCaseExecutor.java:285)
	at com.kms.katalon.core.common.CommonExecutor.accessTestCaseMainPhase(CommonExecutor.java:65)
	at com.kms.katalon.core.main.TestSuiteExecutor.accessTestSuiteMainPhase(TestSuiteExecutor.java:148)
	at com.kms.katalon.core.main.TestSuiteExecutor.execute(TestSuiteExecutor.java:106)
	at com.kms.katalon.core.main.TestCaseMain.startTestSuite(TestCaseMain.java:187)
	at com.kms.katalon.core.main.TestCaseMain$startTestSuite$0.call(Unknown Source)
	at TempTestSuite1731030484036.run(TempTestSuite1731030484036.groovy:35)
)
	at com.kms.katalon.core.keyword.internal.KeywordMain.stepFailed(KeywordMain.groovy:39)
	at com.kms.katalon.core.webui.keyword.internal.WebUIKeywordMain.stepFailed(WebUIKeywordMain.groovy:64)
	at com.kms.katalon.core.webui.keyword.builtin.VerifyElementPresentKeyword$_verifyElementPresent_closure1.doCall(VerifyElementPresentKeyword.groovy:85)
	at com.kms.katalon.core.webui.keyword.builtin.VerifyElementPresentKeyword$_verifyElementPresent_closure1.call(VerifyElementPresentKeyword.groovy)
	at com.kms.katalon.core.webui.keyword.internal.WebUIKeywordMain.runKeyword(WebUIKeywordMain.groovy:20)
	at com.kms.katalon.core.webui.keyword.builtin.VerifyElementPresentKeyword.verifyElementPresent(VerifyElementPresentKeyword.groovy:92)
	at com.kms.katalon.core.webui.keyword.builtin.VerifyElementPresentKeyword.execute(VerifyElementPresentKeyword.groovy:68)
	at com.kms.katalon.core.keyword.internal.KeywordExecutor.executeKeywordForPlatform(KeywordExecutor.groovy:74)
	at com.kms.katalon.core.webui.keyword.WebUiBuiltInKeywords.verifyElementPresent(WebUiBuiltInKeywords.groovy:1464)
	at com.kms.katalon.core.webui.keyword.WebUiBuiltInKeywords$verifyElementPresent$11.call(Unknown Source)
	at Personal_Individual_Summary_TC.run(Personal_Individual_Summary_TC:242)
	at com.kms.katalon.core.main.ScriptEngine.run(ScriptEngine.java:194)
	at com.kms.katalon.core.main.ScriptEngine.runScriptAsRawText(ScriptEngine.java:119)
	at com.kms.katalon.core.main.TestCaseExecutor.runScript(TestCaseExecutor.java:448)
	at com.kms.katalon.core.main.TestCaseExecutor.doExecute(TestCaseExecutor.java:439)
	at com.kms.katalon.core.main.TestCaseExecutor.processExecutionPhase(TestCaseExecutor.java:418)
	at com.kms.katalon.core.main.TestCaseExecutor.accessMainPhase(TestCaseExecutor.java:410)
	at com.kms.katalon.core.main.TestCaseExecutor.execute(TestCaseExecutor.java:285)
	at com.kms.katalon.core.common.CommonExecutor.accessTestCaseMainPhase(CommonExecutor.java:65)
	at com.kms.katalon.core.main.TestSuiteExecutor.accessTestSuiteMainPhase(TestSuiteExecutor.java:148)
	at com.kms.katalon.core.main.TestSuiteExecutor.execute(TestSuiteExecutor.java:106)
	at com.kms.katalon.core.main.TestCaseMain.startTestSuite(TestCaseMain.java:187)
	at com.kms.katalon.core.main.TestCaseMain$startTestSuite$0.call(Unknown Source)
	at TempTestSuite1731030484036.run(TempTestSuite1731030484036.groovy:35)
Caused by: com.kms.katalon.core.exception.StepFailedException: com.kms.katalon.core.webui.exception.WebElementNotFoundException: Web element with id: 'Object Repository/RAD_Pages/PaymentEntry_Page/input__billingName' located by '//*[@type = 'text' and @name = 'billingName' and @id = 'billingName']' not found
	... 23 more]]></system-err>
   </testsuite>
</testsuites>
